TRXV5
3
4
4
9
string Extension=J
integer IsArchMeasurement=1
integer IsSpherical=1
string Generator=SPM
string GeneratorVersion=1.3.1 Dev
double ArchRadius=0.449999988079071
integer FrequencyAxisIndex=0
integer AzimuthAxisIndex=1
integer ElevationAxisIndex=2
Frequency
5 201 500000000 600000000 LIN
Azimuth
7 8 0 2.74889357189107 LIN
Elevation
7 15 -2.74889357189107 2.74889357189107 LIN
Polar H Real Part
13
Polar H Imaginary Part
14
Polar V Real Part
13
Polar V Imaginary Part
14
Polar H Magnitude (dB)
12 0xC0000002 0 1
Polar H Phase
7 0xC0000003 0 1
Polar V Magnitude (dB)
12 0xC0000002 2 3
Polar V Phase
7 0xC0000003 2 3
-0.0335216522216797 -0.0296077728271484 -0.033416748046875 0.164886474609375
-0.0733795166015625 0.0143966674804687 0.067108154296875 0.31097412109375
-0.0699234008789062 0.0601158142089844 -0.041229248046875 0.418365478515625
-0.0535545349121094 0.0514564514160156 -0.294036865234375 0.485015869140625
0.0182609558105469 -0.0154781341552734 -0.48309326171875 0.36376953125
0.116912841796875 -0.037445068359375 -0.541595458984375 0.22576904296875
0.166946411132813 0.0174407958984375 -0.33343505859375 0.1336669921875
0.189895629882812 0.0675811767578125 0.0996246337890625 0.172927856445312
0.156280517578125 0.0205535888671875 0.515350341796875 0.0250244140625
0.106185913085938 0.007781982421875 0.58770751953125 -0.24755859375
0.0690422058105469 0.00677108764648438 0.355926513671875 -0.519500732421875
0.0234508514404297 0.0164890289306641 0.054840087890625 -0.549774169921875
-0.02398681640625 0.00129127502441406 -0.10650634765625 -0.48583984375
-0.0208587646484375 -0.0147037506103516 -0.186325073242188 -0.261856079101563
0.00884437561035156 -0.0163259506225586 -0.0162868499755859 0.000755310058593748
-0.0230007171630859 -0.0193500518798828 -0.0333404541015625 0.14990234375
-0.0647010803222656 0.0183868408203125 0.079925537109375 0.29583740234375
-0.0717620849609375 0.06103515625 -0.0341796875 0.393646240234375
-0.0648727416992188 0.0526657104492188 -0.3021240234375 0.45867919921875
0.00487899780273437 -0.0140161514282227 -0.511077880859375 0.344085693359375
0.106475830078125 -0.0396652221679687 -0.57012939453125 0.22283935546875
0.158920288085938 0.0137176513671875 -0.3642578125 0.14019775390625
0.181594848632813 0.0627288818359375 0.06536865234375 0.183761596679688
0.148239135742188 0.0145263671875 0.489990234375 0.040863037109375
0.0980072021484375 -0.00150299072265625 0.57183837890625 -0.23681640625
0.0646743774414063 -0.003387451171875 0.348388671875 -0.520263671875
0.0287876129150391 0.0115032196044922 0.05340576171875 -0.56109619140625
-0.0135393142700195 0.00958251953125 -0.104949951171875 -0.5042724609375
-0.0129976272583008 -0.00136470794677734 -0.188858032226563 -0.280319213867188
0.0174407958984375 -0.00303745269775391 -0.0195960998535156 -0.0166797637939453
-0.0111122131347656 0.000244140625 -0.031036376953125 0.139335632324219
-0.0494728088378906 0.0296478271484375 0.097808837890625 0.28973388671875
-0.0652961730957031 0.0621376037597656 -0.015869140625 0.378021240234375
-0.0719070434570313 0.0489501953125 -0.29571533203125 0.44189453125
-0.0140419006347656 -0.0207672119140625 -0.5194091796875 0.33856201171875
0.084716796875 -0.0471572875976563 -0.59051513671875 0.2255859375
0.137763977050781 0.0073089599609375 -0.39202880859375 0.145538330078125
0.164031982421875 0.0579681396484375 0.03466796875 0.192459106445313
0.130569458007813 0.0114517211914063 0.46746826171875 0.060943603515625
0.0806198120117188 -0.0068817138671875 0.5673828125 -0.2166748046875
0.0506629943847656 -0.0124130249023438 0.349212646484375 -0.513275146484375
0.0261173248291016 0.00549507141113281 0.0592041015625 -0.57000732421875
-0.00296401977539062 0.0122852325439453 -0.10101318359375 -0.515106201171875
-0.00182819366455078 0.0112781524658203 -0.193115234375 -0.29412841796875
0.028472900390625 0.0178985595703125 -0.0226593017578125 -0.0264301300048828
0.00295257568359375 0.0273933410644531 -0.0250167846679687 0.137107849121094
-0.0288467407226563 0.0479621887207031 0.116180419921875 0.29144287109375
-0.0477485656738281 0.0635833740234375 0.00656127929687501 0.3717041015625
-0.070556640625 0.0401077270507812 -0.278533935546875 0.4345703125
-0.0339241027832031 -0.0338115692138672 -0.517242431640625 0.337493896484375
0.0546607971191406 -0.0601234436035156 -0.5989990234375 0.22998046875
0.107460021972656 -0.0027923583984375 -0.410308837890625 0.14862060546875
0.136917114257813 0.0530014038085938 0.0118865966796875 0.19818115234375
0.104209899902344 0.013427734375 0.452789306640625 0.082305908203125
0.0570030212402344 -0.00925827026367188 0.56689453125 -0.196533203125
0.0290946960449219 -0.0185947418212891 0.358673095703125 -0.501312255859375
0.0178260803222656 -0.00104522705078125 0.06927490234375 -0.57049560546875
0.00323772430419922 0.0112953186035156 -0.0920715332031249 -0.52081298828125
0.0122261047363281 0.0210952758789063 -0.192230224609375 -0.2987060546875
0.0426673889160156 0.0410232543945313 -0.0257072448730469 -0.0285053253173828
0.0163917541503906 0.0557136535644531 -0.0165863037109375 0.143890380859375
-0.00655364990234375 0.0680732727050781 0.128997802734375 0.296661376953125
-0.0248603820800781 0.0653762817382813 0.0235595703125 0.37457275390625
-0.0645103454589844 0.0291824340820312 -0.25994873046875 0.4403076171875
-0.0512161254882813 -0.048980712890625 -0.507293701171875 0.345794677734375
0.0226211547851563 -0.0738601684570313 -0.595703125 0.24114990234375
0.0709228515625 -0.0121307373046875 -0.415679931640625 0.151763916015625
0.104110717773438 0.0506362915039063 -0.000106811523437506 0.202865600585938
0.075836181640625 0.0172500610351562 0.446929931640625 0.09735107421875
0.0310230255126953 -0.00843620300292969 0.5787353515625 -0.17578125
0.00541877746582031 -0.0227622985839844 0.374481201171875 -0.49053955078125
0.00588417053222656 -0.00807046890258789 0.085693359375 -0.57305908203125
0.00660133361816406 0.00866603851318359 -0.08160400390625 -0.52490234375
0.0262184143066406 0.0294628143310547 -0.188629150390625 -0.29913330078125
0.0569648742675781 0.0649223327636719 -0.0257892608642578 -0.0227832794189453
0.028167724609375 0.0803070068359375 -0.00820922851562498 0.1553955078125
0.0129470825195312 0.0809478759765625 0.131927490234375 0.301544189453125
-0.00487899780273437 0.0629081726074219 0.03009033203125 0.382232666015625
-0.0581016540527344 0.0166664123535156 -0.242156982421875 0.45635986328125
-0.0658493041992187 -0.064727783203125 -0.489990234375 0.363189697265625
-0.007598876953125 -0.0837249755859375 -0.578125 0.2528076171875
0.0377540588378906 -0.0171318054199219 -0.408203125 0.1544189453125
0.0723876953125 0.0507125854492187 0.00125122070312502 0.202178955078125
0.0473976135253906 0.0225334167480469 0.451904296875 0.10662841796875
0.00554895401000977 -0.00743341445922852 0.5931396484375 -0.16217041015625
-0.0186290740966797 -0.0275840759277344 0.3909912109375 -0.481689453125
-0.00598049163818359 -0.0163125991821289 0.1015625 -0.569091796875
0.0107784271240234 0.00234031677246094 -0.06988525390625 -0.521270751953125
0.0396308898925781 0.0362701416015625 -0.181610107421875 -0.2919921875
0.0680389404296875 0.0876617431640625 -0.0239276885986328 -0.00961494445800781
0.0361099243164063 0.0956344604492188 0.000579833984374987 0.172256469726563
0.0252685546875 0.084320068359375 0.128814697265625 0.311126708984375
0.00587081909179688 0.0544967651367188 0.02960205078125 0.39959716796875
-0.0578346252441406 0.00498199462890625 -0.227783203125 0.479522705078125
-0.0810394287109375 -0.0748443603515625 -0.46917724609375 0.38140869140625
-0.0311965942382812 -0.0880050659179688 -0.554290771484375 0.265380859375
0.0113077163696289 -0.0163373947143555 -0.388092041015625 0.1549072265625
0.0466842651367187 0.0540580749511719 0.0153961181640625 0.199554443359375
0.021484375 0.0268344879150391 0.465850830078125 0.108489990234375
-0.0164680480957031 -0.00764942169189453 0.6123046875 -0.155029296875
-0.0368728637695312 -0.0348739624023438 0.410430908203125 -0.47515869140625
-0.0140171051025391 -0.0259914398193359 0.1163330078125 -0.5645751953125
0.016749382019043 -0.00452232360839844 -0.05938720703125 -0.51416015625
0.0518646240234375 0.0419998168945313 -0.172698974609375 -0.27960205078125
0.0728073120117188 0.106010437011719 -0.0207290649414062 0.00966453552246094
0.0408477783203125 0.100044250488281 0.00975036621093749 0.193756103515625
0.0287933349609375 0.077880859375 0.12384033203125 0.324737548828125
0.00487136840820313 0.043914794921875 0.0263671875 0.42193603515625
-0.0621299743652344 -0.00297164916992188 -0.2142333984375 0.50360107421875
-0.0905914306640625 -0.076812744140625 -0.44635009765625 0.398529052734375
-0.0443115234375 -0.0836410522460938 -0.524688720703125 0.27154541015625
-0.00285434722900391 -0.0103816986083984 -0.359954833984375 0.149627685546875
0.030181884765625 0.0591621398925781 0.0396575927734375 0.193801879882813
0.00382614135742187 0.0305805206298828 0.486602783203125 0.10345458984375
-0.0305824279785156 -0.0103912353515625 0.633544921875 -0.15362548828125
-0.0468673706054688 -0.0429725646972656 0.427825927734375 -0.47052001953125
-0.0164527893066406 -0.0355377197265625 0.129791259765625 -0.556793212890625
0.0244102478027344 -0.0106601715087891 -0.0518188476562501 -0.498870849609375
0.0614738464355469 0.0468025207519531 -0.164825439453125 -0.260696411132813
0.07049560546875 0.117462158203125 -0.0180339813232422 0.0308647155761719
-0.035797119140625 -0.02862548828125 -0.02862548828125 0.16656494140625
-0.0738372802734375 0.016448974609375 0.07635498046875 0.31201171875
-0.0680274963378906 0.0623512268066406 -0.028045654296875 0.423492431640625
-0.0516319274902344 0.0531501770019531 -0.281646728515625 0.500244140625
0.0182971954345703 -0.0161514282226563 -0.476898193359375 0.3824462890625
0.116867065429688 -0.04144287109375 -0.5401611328125 0.2437744140625
0.16864013671875 0.0121307373046875 -0.33233642578125 0.1456298828125
0.192901611328125 0.06134033203125 0.106521606445313 0.170639038085938
0.158599853515625 0.015716552734375 0.522064208984375 0.00823974609375
0.108413696289063 0.00543975830078125 0.58746337890625 -0.26776123046875
0.0692176818847656 0.0045928955078125 0.34393310546875 -0.536224365234375
0.0235576629638672 0.0159397125244141 0.0380859375 -0.5574951171875
-0.0246963500976562 0.00204086303710938 -0.12384033203125 -0.48846435546875
-0.0209407806396484 -0.0139484405517578 -0.19671630859375 -0.258193969726563
0.00780200958251953 -0.0171756744384766 -0.0171985626220703 0.00124454498291015
-0.0246944427490234 -0.0195045471191406 -0.028533935546875 0.151214599609375
-0.0648231506347656 0.0203590393066406 0.090850830078125 0.29608154296875
-0.0696182250976562 0.0629501342773438 -0.023040771484375 0.39892578125
-0.0638160705566406 0.0554771423339844 -0.290496826171875 0.475006103515625
0.00356292724609375 -0.0143594741821289 -0.50738525390625 0.3643798828125
0.106193542480469 -0.0427322387695313 -0.56884765625 0.24237060546875
0.160598754882813 0.0088653564453125 -0.36346435546875 0.15301513671875
0.185317993164063 0.0565948486328125 0.0726776123046875 0.182144165039063
0.149459838867187 0.008575439453125 0.49639892578125 0.02508544921875
0.0985870361328125 -0.00388336181640625 0.57257080078125 -0.25634765625
0.0645751953125 -0.00541305541992188 0.336334228515625 -0.535980224609375
0.0290184020996094 0.0113906860351563 0.035888671875 -0.56890869140625
-0.013575553894043 0.0100364685058594 -0.121856689453125 -0.50640869140625
-0.0135154724121094 -0.00179195404052734 -0.201202392578125 -0.277252197265625
0.0160751342773437 -0.00379753112792969 -0.0207118988037109 -0.01556396484375
-0.0115118026733398 5.72204589843756E-05 -0.0261383056640625 0.140419006347656
-0.0491294860839844 0.0317611694335938 0.1075439453125 0.28900146484375
-0.0632972717285156 0.06304931640625 -0.00411987304687501 0.382415771484375
-0.0707626342773437 0.0508193969726563 -0.284271240234375 0.457427978515625
-0.0157413482666016 -0.0199699401855469 -0.515625 0.358367919921875
0.0830154418945313 -0.0499343872070312 -0.58984375 0.24664306640625
0.139572143554688 0.0020599365234375 -0.39190673828125 0.1583251953125
0.167160034179688 0.0522308349609375 0.0413360595703125 0.1920166015625
0.131317138671875 0.007171630859375 0.47552490234375 0.045989990234375
0.0816574096679688 -0.0090789794921875 0.567626953125 -0.23675537109375
0.0503654479980469 -0.0140457153320312 0.337249755859375 -0.530853271484375
0.0272312164306641 0.00478744506835937 0.04071044921875 -0.57537841796875
-0.00413703918457031 0.0122098922729492 -0.118499755859375 -0.518310546875
-0.00145721435546875 0.0107431411743164 -0.205078125 -0.28924560546875
0.0296688079833984 0.0164337158203125 -0.0254268646240234 -0.0253505706787109
0.00249671936035156 0.0269737243652344 -0.0203781127929688 0.138572692871094
-0.0284919738769531 0.0485382080078125 0.126373291015625 0.289459228515625
-0.0452690124511719 0.0648765563964844 0.017913818359375 0.374542236328125
-0.0697708129882813 0.0423240661621094 -0.268035888671875 0.44940185546875
-0.0353012084960937 -0.0322685241699219 -0.511688232421875 0.358306884765625
0.0530052185058594 -0.0614891052246094 -0.59783935546875 0.251708984375
0.107757568359375 -0.006988525390625 -0.409942626953125 0.16180419921875
0.139518737792969 0.048553466796875 0.0192108154296875 0.1982421875
0.106338500976562 0.0105743408203125 0.461395263671875 0.0673828125
0.0575714111328125 -0.0107040405273438 0.56817626953125 -0.215087890625
0.0283260345458984 -0.0191211700439453 0.34625244140625 -0.517974853515625
0.0182056427001953 -0.00151824951171875 0.05279541015625 -0.57928466796875
0.00251293182373047 0.0120811462402344 -0.110931396484375 -0.5245361328125
0.0128917694091797 0.0209827423095703 -0.205352783203125 -0.295684814453125
0.04437255859375 0.0397605895996094 -0.0274143218994141 -0.0274276733398438
0.016571044921875 0.0559959411621094 -0.0126800537109375 0.1444091796875
-0.0047760009765625 0.0679855346679688 0.138580322265625 0.2952880859375
-0.0221023559570313 0.0661964416503906 0.035308837890625 0.3760986328125
-0.0634117126464844 0.03131103515625 -0.24884033203125 0.45526123046875
-0.0530586242675781 -0.0481643676757813 -0.503021240234375 0.365875244140625
0.0208053588867187 -0.0747604370117188 -0.5955810546875 0.26153564453125
0.071441650390625 -0.0139083862304687 -0.415740966796875 0.165863037109375
0.107887268066406 0.0466232299804687 0.008087158203125 0.202438354492188
0.077362060546875 0.01519775390625 0.4564208984375 0.083770751953125
0.0317115783691406 -0.00922203063964844 0.57989501953125 -0.196044921875
0.00478935241699219 -0.0232620239257813 0.36419677734375 -0.50689697265625
0.00544166564941406 -0.00763273239135742 0.0694580078124999 -0.5810546875
0.00655984878540039 0.00852870941162109 -0.09954833984375 -0.52691650390625
0.0267333984375 0.0294094085693359 -0.201629638671875 -0.29522705078125
0.0592613220214844 0.0638084411621094 -0.0284271240234375 -0.0213451385498047
0.0299911499023438 0.0800399780273437 -0.00296020507812499 0.156143188476562
0.0144729614257813 0.0815353393554688 0.142974853515625 0.30010986328125
-0.00261306762695312 0.0627708435058594 0.042724609375 0.38525390625
-0.0575752258300781 0.0190353393554688 -0.22979736328125 0.470367431640625
-0.0697174072265625 -0.063507080078125 -0.48382568359375 0.3834228515625
-0.0104598999023438 -0.08380126953125 -0.57562255859375 0.27398681640625
0.0371551513671875 -0.0185127258300781 -0.40728759765625 0.167449951171875
0.075042724609375 0.0481185913085938 0.00801086425781253 0.201263427734375
0.0487136840820313 0.0210304260253906 0.45947265625 0.092620849609375
0.00599813461303711 -0.00723123550415039 0.59527587890625 -0.1824951171875
-0.0193729400634766 -0.0271835327148438 0.381134033203125 -0.49920654296875
-0.00664234161376953 -0.0161972045898438 0.0852661132812501 -0.57977294921875
0.0109767913818359 0.00297069549560547 -0.08709716796875 -0.52447509765625
0.0408706665039062 0.0359268188476563 -0.193267822265625 -0.28814697265625
0.0711898803710938 0.085845947265625 -0.0252895355224609 -0.00868225097656249
0.0381011962890625 0.0951919555664063 0.00631713867187502 0.173309326171875
0.0277481079101563 0.0834197998046875 0.139617919921875 0.310638427734375
0.00844192504882812 0.0549659729003906 0.041290283203125 0.402435302734375
-0.0576858520507813 0.00697708129882813 -0.2149658203125 0.493011474609375
-0.0849838256835938 -0.0723190307617188 -0.46337890625 0.400726318359375
-0.0341033935546875 -0.0868759155273438 -0.5513916015625 0.283416748046875
0.0104217529296875 -0.0173053741455078 -0.38751220703125 0.166961669921875
0.0478515625 0.0522956848144531 0.0227508544921875 0.199630737304688
0.0224533081054687 0.0269260406494141 0.475189208984375 0.0936279296875
-0.0157079696655273 -0.00738048553466797 0.61505126953125 -0.17535400390625
-0.0381889343261719 -0.03424072265625 0.4002685546875 -0.49261474609375
-0.0150241851806641 -0.0254878997802734 0.1004638671875 -0.5743408203125
0.0161247253417969 -0.00409603118896484 -0.07647705078125 -0.5184326171875
0.0535812377929688 0.0410385131835938 -0.18572998046875 -0.27606201171875
0.0759506225585938 0.104286193847656 -0.0209770202636719 0.0106277465820313
0.0429229736328125 0.0995941162109375 0.0157318115234375 0.194488525390625
0.0310745239257813 0.0773239135742188 0.136077880859375 0.3236083984375
0.00689315795898437 0.0430984497070313 0.04052734375 0.423980712890625
-0.0623130798339844 -0.00103759765625001 -0.19903564453125 0.517730712890625
-0.0947799682617188 -0.0738754272460938 -0.440399169921875 0.418487548828125
-0.0475921630859375 -0.0826034545898438 -0.52166748046875 0.2906494140625
-0.00394821166992188 -0.0106468200683594 -0.360076904296875 0.162689208984375
0.0312385559082031 0.0570602416992187 0.0471343994140625 0.19293212890625
0.00466537475585938 0.0300216674804688 0.4959716796875 0.088134765625
-0.0305004119873047 -0.00803565979003906 0.63690185546875 -0.17523193359375
-0.0493431091308594 -0.0417137145996094 0.418975830078125 -0.489898681640625
-0.01708984375 -0.0355567932128906 0.11309814453125 -0.56707763671875
0.0240612030029297 -0.0104789733886719 -0.0689697265625 -0.50146484375
0.0632209777832031 0.0456504821777344 -0.176376342773438 -0.25775146484375
0.0749893188476563 0.116264343261719 -0.0183658599853516 0.0327701568603516
-0.0383071899414063 -0.0279731750488281 -0.0235748291015625 0.16876220703125
-0.0735092163085937 0.0195770263671875 0.08746337890625 0.312042236328125
-0.0653305053710937 0.0638351440429688 -0.014923095703125 0.4267578125
-0.050140380859375 0.0551490783691406 -0.267364501953125 0.5130615234375
0.0172138214111328 -0.0168161392211914 -0.470062255859375 0.399383544921875
0.116233825683594 -0.0443267822265625 -0.537200927734375 0.261871337890625
0.169631958007813 0.00750732421875 -0.32958984375 0.15521240234375
0.196273803710938 0.0545501708984375 0.113739013671875 0.16717529296875
0.159896850585938 0.010284423828125 0.52685546875 -0.0093994140625
0.109046936035156 0.00246429443359375 0.58453369140625 -0.287841796875
0.0698051452636719 0.00303268432617187 0.3299560546875 -0.552886962890625
0.023590087890625 0.0153713226318359 0.02117919921875 -0.56231689453125
-0.0255870819091797 0.00289344787597656 -0.14190673828125 -0.488372802734375
-0.0223560333251953 -0.0133171081542969 -0.207199096679687 -0.252639770507813
0.00685501098632813 -0.0179634094238281 -0.0183620452880859 0.00218963623046875
-0.0267448425292969 -0.0183124542236328 -0.02374267578125 0.152069091796875
-0.0643806457519531 0.0224609375 0.098663330078125 0.294677734375
-0.0681648254394531 0.063934326171875 -0.010345458984375 0.40179443359375
-0.0613517761230469 0.0574073791503906 -0.2777099609375 0.48779296875
0.00333309173583984 -0.0141401290893555 -0.50128173828125 0.3841552734375
0.105323791503906 -0.045135498046875 -0.56610107421875 0.26177978515625
0.161788940429688 0.00335693359375 -0.36029052734375 0.16455078125
0.188339233398438 0.050689697265625 0.0796661376953125 0.178878784179688
0.151351928710938 0.0042877197265625 0.502410888671875 0.008514404296875
0.100326538085938 -0.00724029541015625 0.57049560546875 -0.2745361328125
0.0648231506347656 -0.00731277465820313 0.322418212890625 -0.5513916015625
0.0292034149169922 0.0106639862060547 0.0187377929687501 -0.5751953125
-0.0134611129760742 0.00971508026123047 -0.139251708984375 -0.504638671875
-0.0138788223266602 -0.00043010711669922 -0.212646484375 -0.2705078125
0.016265869140625 -0.00434494018554688 -0.0222148895263672 -0.015045166015625
-0.013096809387207 0.00112056732177734 -0.02215576171875 0.141983032226563
-0.04876708984375 0.032562255859375 0.11669921875 0.288055419921875
-0.0606918334960937 0.0650596618652344 0.00756835937499998 0.384857177734375
-0.0687217712402344 0.0524063110351562 -0.272613525390625 0.472076416015625
-0.0162601470947266 -0.0201778411865234 -0.5086669921875 0.377593994140625
0.0823593139648438 -0.05218505859375 -0.5869140625 0.2666015625
0.140480041503906 -0.0028228759765625 -0.388946533203125 0.171875
0.170364379882813 0.04644775390625 0.0487823486328125 0.189453125
0.132514953613281 0.00290679931640625 0.480438232421875 0.030487060546875
0.0815887451171875 -0.0116119384765625 0.5665283203125 -0.25421142578125
0.0502853393554687 -0.0155754089355469 0.325103759765625 -0.543853759765625
0.0273075103759766 0.00464439392089844 0.02545166015625 -0.582275390625
-0.00402164459228516 0.0129270553588867 -0.135589599609375 -0.51751708984375
-0.00159835815429688 0.0117101669311523 -0.216156005859375 -0.2838134765625
0.0293025970458984 0.0153465270996094 -0.0268840789794922 -0.0247135162353516
0.00223159790039062 0.0272560119628906 -0.0161666870117188 0.139030456542969
-0.0277557373046875 0.049560546875 0.1363525390625 0.286590576171875
-0.0441055297851563 0.0662994384765625 0.02960205078125 0.376190185546875
-0.0680732727050781 0.0447578430175781 -0.256195068359375 0.46258544921875
-0.0370254516601562 -0.0313758850097656 -0.506134033203125 0.378143310546875
0.0508880615234375 -0.0631904602050781 -0.594482421875 0.27197265625
0.107383728027344 -0.00957489013671875 -0.4071044921875 0.176177978515625
0.14178466796875 0.04315185546875 0.0268096923828125 0.197738647460938
0.107032775878906 0.00662994384765625 0.467254638671875 0.051910400390625
0.0582427978515625 -0.0115203857421875 0.56817626953125 -0.2340087890625
0.0282402038574219 -0.0202884674072266 0.3345947265625 -0.53228759765625
0.0179080963134766 -0.002166748046875 0.0359497070312499 -0.58489990234375
0.00243473052978516 0.0115032196044922 -0.1275634765625 -0.52337646484375
0.0129756927490234 0.0209941864013672 -0.216766357421875 -0.289398193359375
0.0455513000488281 0.0381965637207031 -0.0292491912841797 -0.0265007019042969
0.017669677734375 0.0555038452148438 -0.00816345214843748 0.144515991210938
-0.00344085693359375 0.0688972473144531 0.14874267578125 0.2916259765625
-0.0209197998046875 0.0666732788085938 0.046905517578125 0.37750244140625
-0.0625495910644531 0.0332565307617187 -0.234832763671875 0.4674072265625
-0.0559120178222656 -0.0468063354492188 -0.494873046875 0.386962890625
0.0177001953125 -0.0756454467773438 -0.592041015625 0.281005859375
0.0713882446289062 -0.0165863037109375 -0.413177490234375 0.178680419921875
0.109161376953125 0.0431365966796875 0.0149688720703125 0.20098876953125
0.0778656005859375 0.0125656127929688 0.4622802734375 0.06829833984375
0.0319023132324219 -0.009735107421875 0.58184814453125 -0.21435546875
0.00383377075195313 -0.0237865447998047 0.35137939453125 -0.522369384765625
0.0054316520690918 -0.00785398483276367 0.04998779296875 -0.58819580078125
0.00644016265869141 0.0086369514465332 -0.11639404296875 -0.528045654296875
0.0277233123779297 0.0294380187988281 -0.2130126953125 -0.290283203125
0.061431884765625 0.0618667602539063 -0.0290298461914062 -0.0207386016845703
0.0305252075195312 0.0793304443359375 0.00172424316406252 0.156723022460938
0.016754150390625 0.0813446044921875 0.151397705078125 0.2978515625
-0.00084304809570312 0.0631866455078125 0.05511474609375 0.386444091796875
-0.0566825866699219 0.021331787109375 -0.217559814453125 0.4820556640625
-0.0717391967773438 -0.0604934692382812 -0.476776123046875 0.401123046875
-0.0129928588867188 -0.0836029052734375 -0.57354736328125 0.2926025390625
0.036224365234375 -0.0196952819824219 -0.404541015625 0.1806640625
0.0776138305664063 0.0453872680664063 0.0162200927734375 0.201370239257813
0.0485992431640625 0.0198326110839844 0.46636962890625 0.078460693359375
0.00639533996582031 -0.00714540481567383 0.59503173828125 -0.20220947265625
-0.020355224609375 -0.0265979766845703 0.370574951171875 -0.513427734375
-0.00683975219726563 -0.0154533386230469 0.06793212890625 -0.5849609375
0.0107059478759766 0.00309562683105469 -0.10406494140625 -0.525360107421875
0.0421905517578125 0.0347099304199219 -0.205169677734375 -0.282470703125
0.073272705078125 0.0844955444335938 -0.0261116027832031 -0.00723075866699218
0.040008544921875 0.0945205688476562 0.01190185546875 0.172576904296875
0.0291748046875 0.0841217041015625 0.149749755859375 0.307342529296875
0.00976181030273437 0.0535926818847656 0.055755615234375 0.40447998046875
-0.0569686889648438 0.00940704345703126 -0.199462890625 0.505126953125
-0.08734130859375 -0.0698318481445313 -0.454833984375 0.41949462890625
-0.0373382568359375 -0.0855560302734375 -0.54888916015625 0.303436279296875
0.00993156433105469 -0.0177211761474609 -0.384368896484375 0.178741455078125
0.0507087707519531 0.0494461059570313 0.02984619140625 0.197418212890625
0.0244636535644531 0.02520751953125 0.48095703125 0.077667236328125
-0.0154056549072266 -0.00671958923339843 0.61627197265625 -0.19464111328125
-0.0394363403320312 -0.0325202941894531 0.39056396484375 -0.50775146484375
-0.0158348083496094 -0.025054931640625 0.0844726562499999 -0.58282470703125
0.0151252746582031 -0.00353145599365234 -0.09417724609375 -0.518585205078125
0.0547065734863281 0.0412826538085937 -0.195892333984375 -0.271408081054687
0.0797348022460938 0.103302001953125 -0.0215988159179687 0.0112514495849609
0.0450668334960938 0.0995941162109375 0.021636962890625 0.194168090820313
0.0329132080078125 0.0770492553710938 0.146697998046875 0.321258544921875
0.00858306884765625 0.0425567626953125 0.053680419921875 0.426025390625
-0.0628166198730469 0.00112915039062501 -0.18353271484375 0.52850341796875
-0.09796142578125 -0.070831298828125 -0.430877685546875 0.435333251953125
-0.0509185791015625 -0.0814285278320313 -0.517822265625 0.308990478515625
-0.00408554077148438 -0.0112075805664062 -0.35699462890625 0.174224853515625
0.0335769653320313 0.0557861328125 0.0541839599609375 0.190582275390625
0.006439208984375 0.0296993255615234 0.501953125 0.07122802734375
-0.0299186706542969 -0.00728607177734376 0.63873291015625 -0.19537353515625
-0.0495758056640625 -0.0403366088867187 0.40704345703125 -0.506103515625
-0.0190849304199219 -0.0349922180175781 0.0966796875 -0.5738525390625
0.0234012603759766 -0.0112667083740234 -0.0865478515625 -0.503570556640625
0.0642623901367188 0.0446624755859375 -0.1871337890625 -0.253952026367188
0.0782089233398438 0.114952087402344 -0.0173168182373047 0.0340785980224609
-0.039520263671875 -0.0272865295410156 -0.0173187255859375 0.169723510742188
-0.0734329223632812 0.0219650268554687 0.0963134765625 0.311004638671875
-0.0635719299316406 0.0645637512207031 -0.00183105468749998 0.4285888671875
-0.0481834411621094 0.0561180114746094 -0.252777099609375 0.524658203125
0.0158548355102539 -0.0175237655639648 -0.46063232421875 0.415863037109375
0.114532470703125 -0.0483474731445313 -0.53082275390625 0.27911376953125
0.170303344726563 0.0025482177734375 -0.324798583984375 0.166015625
0.197647094726563 0.04827880859375 0.119552612304688 0.161697387695313
0.161178588867187 0.0050048828125 0.527374267578125 -0.025360107421875
0.110679626464844 -0.00034332275390625 0.57977294921875 -0.30474853515625
0.0695343017578125 0.000598907470703125 0.3155517578125 -0.56390380859375
0.0248565673828125 0.013885498046875 0.00347900390624997 -0.56524658203125
-0.0251007080078125 0.0037384033203125 -0.157470703125 -0.484466552734375
-0.0227317810058594 -0.0126533508300781 -0.21728515625 -0.2457275390625
0.00622177124023437 -0.0183620452880859 -0.0194816589355469 0.00282669067382812
-0.0283260345458984 -0.0179672241210938 -0.018463134765625 0.153045654296875
-0.0648422241210938 0.02398681640625 0.107421875 0.29364013671875
-0.066131591796875 0.0651741027832031 0.000701904296875021 0.40338134765625
-0.0593032836914063 0.0590934753417969 -0.263763427734375 0.500518798828125
0.00156211853027344 -0.0141611099243164 -0.490509033203125 0.400909423828125
0.103553771972656 -0.0489654541015625 -0.56011962890625 0.27960205078125
0.162353515625 -0.00115966796875 -0.35736083984375 0.174957275390625
0.190322875976563 0.044921875 0.0859527587890625 0.175857543945312
0.1514892578125 -0.000885009765625 0.503204345703125 -0.008514404296875
0.100502014160156 -0.0086669921875 0.56494140625 -0.2921142578125
0.06463623046875 -0.0101585388183594 0.3065185546875 -0.56365966796875
0.0290985107421875 0.00981330871582031 0.00103759765624999 -0.57818603515625
-0.0141267776489258 0.0105743408203125 -0.15570068359375 -0.5028076171875
-0.015324592590332 -0.000269889831542969 -0.222137451171875 -0.26416015625
0.0163640975952148 -0.00623798370361328 -0.0233917236328125 -0.0137901306152344
-0.0136184692382812 0.00191497802734375 -0.017791748046875 0.142471313476562
-0.0486717224121094 0.0340957641601563 0.126068115234375 0.28521728515625
-0.0591697692871094 0.0659103393554688 0.019287109375 0.385345458984375
-0.06658935546875 0.0555839538574219 -0.257659912109375 0.483123779296875
-0.0175857543945312 -0.0192241668701172 -0.499053955078125 0.395111083984375
0.0801544189453125 -0.0550918579101562 -0.5821533203125 0.28448486328125
0.1397705078125 -0.00634002685546875 -0.384246826171875 0.183319091796875
0.171234130859375 0.0403900146484375 0.0551910400390625 0.1868896484375
0.133209228515625 -0.00131988525390625 0.483489990234375 0.0150146484375
0.082275390625 -0.013427734375 0.5625 -0.27197265625
0.0495796203613281 -0.0170021057128906 0.309539794921875 -0.555816650390625
0.0264987945556641 0.00324058532714844 0.00665283203125005 -0.58489990234375
-0.00432586669921875 0.0134611129760742 -0.153228759765625 -0.5152587890625
-0.00183486938476563 0.0111837387084961 -0.226348876953125 -0.276443481445313
0.0292682647705078 0.0137901306152344 -0.0279197692871094 -0.02386474609375
0.00139808654785156 0.0275650024414062 -0.0117950439453125 0.139625549316406
-0.0259437561035156 0.0511054992675781 0.144500732421875 0.283416748046875
-0.0414848327636719 0.0661964416503906 0.0418701171875 0.37567138671875
-0.0667839050292969 0.0475044250488281 -0.24114990234375 0.472869873046875
-0.037994384765625 -0.0295333862304688 -0.496673583984375 0.39544677734375
0.049102783203125 -0.0640029907226563 -0.58807373046875 0.290283203125
0.107147216796875 -0.0128173828125 -0.402374267578125 0.187286376953125
0.143280029296875 0.0383758544921875 0.0331878662109375 0.194625854492188
0.107749938964844 0.0032806396484375 0.470306396484375 0.036376953125
0.0587043762207031 -0.0129280090332031 0.565673828125 -0.25201416015625
0.0275497436523438 -0.0206775665283203 0.319976806640625 -0.54437255859375
0.0177650451660156 -0.00246429443359375 0.0183105468749999 -0.5882568359375
0.0027170181274414 0.0126485824584961 -0.1456298828125 -0.520660400390625
0.0133724212646484 0.0209770202636719 -0.227294921875 -0.282379150390625
0.0463905334472656 0.03607177734375 -0.0310802459716797 -0.0254192352294922
0.0174369812011719 0.0555267333984375 -0.00343322753906249 0.144790649414063
-0.00228118896484375 0.0687942504882813 0.156158447265625 0.28729248046875
-0.0186309814453125 0.0664520263671875 0.058624267578125 0.3765869140625
-0.0609207153320313 0.0355606079101563 -0.2208251953125 0.478515625
-0.0579109191894531 -0.0450286865234375 -0.486175537109375 0.40240478515625
0.0158157348632813 -0.0755996704101563 -0.584228515625 0.2994384765625
0.07061767578125 -0.0192718505859375 -0.408477783203125 0.1915283203125
0.11065673828125 0.0389175415039062 0.022003173828125 0.199813842773438
0.0785598754882813 0.01007080078125 0.465850830078125 0.054229736328125
0.0326805114746094 -0.0102252960205078 0.57720947265625 -0.23236083984375
0.00296401977539062 -0.0233592987060547 0.33660888671875 -0.535888671875
0.00439643859863281 -0.00797414779663086 0.03338623046875 -0.59246826171875
0.00613784790039063 0.00879096984863281 -0.133453369140625 -0.524993896484375
0.0283679962158203 0.028564453125 -0.224212646484375 -0.283050537109375
0.0627784729003906 0.0601882934570313 -0.0302162170410156 -0.0188941955566406
0.0317840576171875 0.0794219970703125 0.00720214843750002 0.156509399414062
0.0183868408203125 0.0816879272460937 0.160491943359375 0.294281005859375
0.0019989013671875 0.06219482421875 0.066375732421875 0.385986328125
-0.0560379028320313 0.0231513977050781 -0.20123291015625 0.4920654296875
-0.074462890625 -0.0585174560546875 -0.46685791015625 0.417572021484375
-0.0158233642578125 -0.0829238891601562 -0.5673828125 0.31146240234375
0.0356826782226562 -0.0204429626464844 -0.40008544921875 0.191253662109375
0.0781097412109375 0.0416717529296875 0.0233306884765625 0.19940185546875
0.0501365661621094 0.0173988342285156 0.47137451171875 0.063140869140625
0.00670146942138672 -0.00681924819946289 0.593994140625 -0.2196044921875
-0.0208530426025391 -0.0258884429931641 0.356292724609375 -0.52703857421875
-0.00730323791503906 -0.0149621963500977 0.0502929687500001 -0.58984375
0.00974464416503906 0.00344657897949219 -0.12158203125 -0.5233154296875
0.0430412292480469 0.0333290100097656 -0.215896606445313 -0.276657104492187
0.0758590698242187 0.0821533203125 -0.0267219543457031 -0.00634574890136719
0.0415191650390625 0.0942153930664062 0.0173797607421875 0.172897338867188
0.0316390991210937 0.0838699340820313 0.161163330078125 0.303009033203125
0.0120506286621094 0.0539360046386719 0.067535400390625 0.40338134765625
-0.0562477111816406 0.0113906860351562 -0.182891845703125 0.513946533203125
-0.0901031494140625 -0.0663223266601563 -0.4432373046875 0.436798095703125
-0.0401153564453125 -0.0847091674804688 -0.540252685546875 0.32073974609375
0.00938606262207031 -0.0185909271240234 -0.380828857421875 0.1912841796875
0.0521965026855469 0.0475616455078125 0.0370330810546875 0.195953369140625
0.0241413116455078 0.0246829986572266 0.485626220703125 0.06329345703125
-0.0150089263916016 -0.00581264495849609 0.61492919921875 -0.2139892578125
-0.0404930114746094 -0.03143310546875 0.37701416015625 -0.5224609375
-0.0165176391601563 -0.0244083404541016 0.0662841796875 -0.58740234375
0.0158195495605469 -0.00331974029541016 -0.110626220703125 -0.51605224609375
0.0554084777832031 0.0395698547363281 -0.20574951171875 -0.265548706054687
0.08270263671875 0.100875854492188 -0.0217399597167969 0.012420654296875
0.0467300415039062 0.0981216430664063 0.0270233154296875 0.193618774414063
0.0344924926757813 0.0770492553710938 0.156646728515625 0.31744384765625
0.009857177734375 0.0424652099609375 0.066680908203125 0.424591064453125
-0.061309814453125 0.003814697265625 -0.1680908203125 0.53662109375
-0.0997238159179687 -0.0676345825195313 -0.419891357421875 0.451995849609375
-0.0530471801757812 -0.0790786743164063 -0.51031494140625 0.326507568359375
-0.00433921813964844 -0.0115957260131836 -0.352569580078125 0.18603515625
0.0347938537597656 0.0540771484375 0.0600433349609375 0.18780517578125
0.00740242004394531 0.0293483734130859 0.50653076171875 0.05706787109375
-0.0297183990478516 -0.00623703002929688 0.63763427734375 -0.21697998046875
-0.0517616271972656 -0.0386619567871094 0.394012451171875 -0.52099609375
-0.0192050933837891 -0.034515380859375 0.0793457031249999 -0.5791015625
0.0222969055175781 -0.0102577209472656 -0.102081298828125 -0.5018310546875
0.0650520324707031 0.0432929992675781 -0.196441650390625 -0.247177124023438
0.0812606811523437 0.112998962402344 -0.0173759460449219 0.035186767578125
-0.0403823852539062 -0.025238037109375 -0.01226806640625 0.169525146484375
-0.0724411010742188 0.0232009887695313 0.103851318359375 0.3084716796875
-0.0623970031738281 0.0667228698730469 0.010467529296875 0.42742919921875
-0.0460281372070313 0.0571250915527344 -0.236907958984375 0.5322265625
0.0158462524414063 -0.0177974700927734 -0.44830322265625 0.42889404296875
0.113937377929688 -0.0501937866210938 -0.524627685546875 0.294189453125
0.169403076171875 -0.003570556640625 -0.320343017578125 0.175933837890625
0.199295043945313 0.0405731201171875 0.124008178710938 0.156494140625
0.16058349609375 0.0008087158203125 0.52685546875 -0.041351318359375
0.110244750976563 -0.00396728515625 0.5718994140625 -0.3211669921875
0.0680389404296875 -0.00299072265625 0.29833984375 -0.57366943359375
0.0250034332275391 0.0146274566650391 -0.0125732421875 -0.56439208984375
-0.0255146026611328 0.00448226928710937 -0.171600341796875 -0.48004150390625
-0.0229129791259766 -0.0121841430664063 -0.225830078125 -0.2376708984375
0.00614166259765625 -0.0191555023193359 -0.0201416015625 0.003875732421875
-0.0293846130371094 -0.0175094604492187 -0.013519287109375 0.153823852539062
-0.0643768310546875 0.0265045166015625 0.11566162109375 0.289306640625
-0.0635795593261719 0.06719970703125 0.013336181640625 0.401702880859375
-0.0573959350585938 0.0607109069824219 -0.24884033203125 0.5086669921875
0.00182819366455078 -0.0135679244995117 -0.479888916015625 0.4144287109375
0.102249145507813 -0.0504379272460938 -0.5538330078125 0.2967529296875
0.162384033203125 -0.00506591796875 -0.350860595703125 0.1845703125
0.191390991210938 0.0375213623046875 0.09088134765625 0.171798706054688
0.151199340820313 -0.0061492919921875 0.50372314453125 -0.02423095703125
0.100242614746094 -0.0108795166015625 0.557708740234375 -0.30859375
0.0632781982421875 -0.0106239318847656 0.2918701171875 -0.57135009765625
0.0298957824707031 0.00926971435546875 -0.0152587890625 -0.57843017578125
-0.0140113830566406 0.0112056732177734 -0.170867919921875 -0.4989013671875
-0.0144386291503906 0.000442504882812497 -0.231338500976563 -0.255569458007812
0.0154409408569336 -0.00744819641113281 -0.0243740081787109 -0.0122184753417969
-0.0147466659545898 0.00146961212158203 -0.01312255859375 0.141098022460938
-0.0486488342285156 0.03509521484375 0.134109497070312 0.279617309570312
-0.056884765625 0.0659255981445313 0.02923583984375 0.384429931640625
-0.0645942687988281 0.056884765625 -0.2435302734375 0.49151611328125
-0.0186214447021484 -0.0188636779785156 -0.4873046875 0.409912109375
0.0783843994140625 -0.0574188232421875 -0.57293701171875 0.301025390625
0.139053344726563 -0.0109329223632813 -0.3798828125 0.193389892578125
0.172286987304687 0.0348968505859375 0.0619354248046875 0.183761596679688
0.133247375488281 -0.00460052490234375 0.485992431640625 0.000762939453125
0.0823135375976562 -0.0146255493164062 0.556365966796875 -0.287872314453125
0.0493545532226563 -0.0185737609863281 0.29412841796875 -0.5645751953125
0.0271186828613281 0.00275802612304687 -0.01031494140625 -0.58599853515625
-0.00467872619628906 0.0138616561889648 -0.16796875 -0.50885009765625
-0.0016326904296875 0.0114126205444336 -0.235031127929688 -0.268295288085938
0.0291156768798828 0.0133266448974609 -0.0303173065185547 -0.0228500366210938
0.000482559204101565 0.0281257629394531 -0.00673675537109375 0.139671325683594
-0.0265350341796875 0.0514450073242187 0.151260375976562 0.280303955078125
-0.0388298034667969 0.0659255981445312 0.051666259765625 0.374786376953125
-0.0636711120605469 0.0486564636230469 -0.22747802734375 0.481231689453125
-0.03936767578125 -0.0291213989257812 -0.485870361328125 0.41082763671875
0.0471458435058594 -0.0653114318847656 -0.58087158203125 0.306396484375
0.106849670410156 -0.0163497924804688 -0.396728515625 0.197998046875
0.143386840820313 0.034210205078125 0.0402069091796875 0.19171142578125
0.10687255859375 5.340576171875E-05 0.471527099609375 0.021514892578125
0.057830810546875 -0.0152740478515625 0.559356689453125 -0.266754150390625
0.0262889862060547 -0.0224418640136719 0.304412841796875 -0.554229736328125
0.0178356170654297 -0.00199699401855469 0.00195312500000006 -0.5889892578125
0.00129604339599609 0.0127477645874023 -0.15997314453125 -0.51654052734375
0.0129470825195313 0.0211009979248047 -0.23583984375 -0.275054931640625
0.0475502014160156 0.0347938537597656 -0.0317668914794922 -0.0241909027099609
0.0174751281738281 0.0556144714355469 0.00149536132812501 0.143951416015625
-0.00062179565429687 0.0687332153320312 0.165313720703125 0.283111572265625
-0.0164604187011719 0.0671501159667969 0.069488525390625 0.374542236328125
-0.058197021484375 0.0379142761230469 -0.2073974609375 0.486358642578125
-0.0583457946777344 -0.0421791076660156 -0.473663330078125 0.4169921875
0.0127792358398437 -0.0750732421875 -0.575927734375 0.31549072265625
0.0702171325683594 -0.0209770202636719 -0.4027099609375 0.201873779296875
0.111648559570312 0.0350265502929687 0.0281219482421875 0.19671630859375
0.0782852172851563 0.00720977783203125 0.469573974609375 0.039825439453125
0.0323829650878906 -0.0103607177734375 0.57244873046875 -0.25
0.00235748291015625 -0.0237712860107422 0.322418212890625 -0.54620361328125
0.00576496124267578 -0.00809812545776367 0.01605224609375 -0.59271240234375
0.00605678558349609 0.00913238525390625 -0.150299072265625 -0.520782470703125
0.0288467407226563 0.0274467468261719 -0.231979370117187 -0.274932861328125
0.0641975402832031 0.0575523376464844 -0.0305633544921875 -0.0171871185302734
0.0325851440429688 0.0794525146484375 0.0106048583984375 0.15576171875
0.019989013671875 0.0814895629882813 0.169769287109375 0.286590576171875
0.00301742553710937 0.0617294311523437 0.07708740234375 0.3834228515625
-0.0546722412109375 0.02569580078125 -0.1859130859375 0.4989013671875
-0.0773239135742188 -0.054229736328125 -0.4561767578125 0.43084716796875
-0.0187301635742187 -0.0820083618164062 -0.559051513671875 0.3277587890625
0.0357246398925781 -0.0222969055175781 -0.394622802734375 0.20379638671875
0.0788803100585938 0.0390853881835938 0.029754638671875 0.196441650390625
0.0495414733886719 0.0147819519042969 0.4725341796875 0.049530029296875
0.00684928894042969 -0.00806140899658203 0.58880615234375 -0.23779296875
-0.0219306945800781 -0.0245380401611328 0.341156005859375 -0.53692626953125
-0.00849437713623047 -0.0143985748291016 0.03253173828125 -0.59161376953125
0.0098419189453125 0.00407123565673828 -0.136810302734375 -0.517669677734375
0.0426788330078125 0.0342559814453125 -0.224456787109375 -0.269287109375
0.0777511596679688 0.0788116455078125 -0.0284805297851562 -0.00523757934570312
0.0420303344726563 0.0942306518554688 0.0222015380859375 0.1708984375
0.0332717895507812 0.0824966430664063 0.168670654296875 0.298858642578125
0.0149459838867187 0.0519485473632813 0.078369140625 0.399749755859375
-0.0549850463867188 0.0131111145019531 -0.169464111328125 0.52069091796875
-0.0929412841796875 -0.0634231567382813 -0.431976318359375 0.44854736328125
-0.0429534912109375 -0.08294677734375 -0.5338134765625 0.33697509765625
0.00894737243652343 -0.0186996459960937 -0.3746337890625 0.201416015625
0.0528678894042969 0.0439491271972656 0.0429840087890625 0.193695068359375
0.0259590148925781 0.0230140686035156 0.48736572265625 0.048309326171875
-0.0146570205688477 -0.00586891174316406 0.61114501953125 -0.23211669921875
-0.0411567687988281 -0.0307502746582031 0.361328125 -0.534271240234375
-0.0163650512695313 -0.0231838226318359 0.0502929687499999 -0.58837890625
0.0151662826538086 -0.00418186187744141 -0.12554931640625 -0.511993408203125
0.055633544921875 0.0377159118652344 -0.214691162109375 -0.25787353515625
0.084136962890625 0.0970611572265625 -0.0215339660644531 0.0129642486572266
0.049102783203125 0.0984878540039063 0.034912109375 0.192153930664063
0.0368804931640625 0.077178955078125 0.166015625 0.311798095703125
0.0115509033203125 0.0423812866210938 0.08001708984375 0.422454833984375
-0.0607414245605469 0.006256103515625 -0.150238037109375 0.544219970703125
-0.102218627929688 -0.0642166137695312 -0.407073974609375 0.46405029296875
-0.0557327270507813 -0.0776443481445313 -0.5018310546875 0.34088134765625
-0.00562763214111328 -0.0107669830322266 -0.347076416015625 0.19476318359375
0.0357894897460938 0.0524711608886719 0.06622314453125 0.185302734375
0.00725936889648438 0.02789306640625 0.5076904296875 0.04071044921875
-0.028961181640625 -0.00612640380859375 0.632080078125 -0.2337646484375
-0.0532112121582031 -0.03851318359375 0.379669189453125 -0.5313720703125
-0.0198154449462891 -0.0338172912597656 0.0646972656250001 -0.58172607421875
0.0221538543701172 -0.0106334686279297 -0.117279052734375 -0.49761962890625
0.06640625 0.0426406860351563 -0.203155517578125 -0.239425659179687
0.083953857421875 0.110298156738281 -0.0166492462158203 0.0350551605224609
-0.0422134399414063 -0.0241546630859375 -0.00685119628906249 0.169952392578125
-0.0718536376953125 0.0253982543945313 0.11285400390625 0.30389404296875
-0.0591773986816406 0.0657806396484375 0.021148681640625 0.42559814453125
-0.0441322326660156 0.0584526062011719 -0.22247314453125 0.53900146484375
0.0150413513183594 -0.0179424285888672 -0.436798095703125 0.43792724609375
0.109848022460938 -0.0523757934570313 -0.513916015625 0.306976318359375
0.168563842773438 -0.007659912109375 -0.31317138671875 0.182373046875
0.1983642578125 0.03570556640625 0.127731323242188 0.151168823242187
0.159835815429687 -0.00457763671875 0.524139404296875 -0.05712890625
0.109481811523438 -0.00690460205078125 0.5634765625 -0.33642578125
0.0682907104492188 -0.00380706787109375 0.2835693359375 -0.580810546875
0.0242786407470703 0.0125217437744141 -0.0274658203124999 -0.5635986328125
-0.0262279510498047 0.00439643859863281 -0.184326171875 -0.472564697265625
-0.0234737396240234 -0.0107803344726563 -0.231430053710938 -0.228607177734375
0.00396347045898438 -0.019287109375 -0.0203742980957031 0.0051727294921875
-0.0306301116943359 -0.0157108306884766 -0.00901794433593752 0.152542114257812
-0.0632057189941406 0.0273246765136719 0.122314453125 0.284271240234375
-0.0615272521972656 0.06707763671875 0.02227783203125 0.401123046875
-0.0549507141113281 0.0613327026367188 -0.23309326171875 0.5152587890625
0.00109481811523438 -0.0150785446166992 -0.46820068359375 0.4267578125
0.100288391113281 -0.0531692504882812 -0.543304443359375 0.309814453125
0.161148071289063 -0.010528564453125 -0.345428466796875 0.19293212890625
0.191635131835938 0.031890869140625 0.095703125 0.165863037109375
0.149688720703125 -0.0094757080078125 0.501129150390625 -0.038787841796875
0.100425720214844 -0.0145034790039063 0.550018310546875 -0.322662353515625
0.063323974609375 -0.0130081176757812 0.27557373046875 -0.57891845703125
0.0292739868164063 0.0082550048828125 -0.03045654296875 -0.57525634765625
-0.0138044357299805 0.0112342834472656 -0.184539794921875 -0.4912109375
-0.0144109725952148 0.000441551208496095 -0.237823486328125 -0.2469482421875
0.0153417587280273 -0.00701522827148438 -0.0258617401123047 -0.0115318298339844
-0.0158720016479492 0.00181007385253906 -0.00865173339843749 0.141708374023438
-0.0469398498535156 0.0366897583007813 0.14007568359375 0.275650024414063
-0.0539016723632813 0.066558837890625 0.039520263671875 0.38250732421875
-0.0624160766601563 0.0580291748046875 -0.228546142578125 0.4986572265625
-0.0191440582275391 -0.0180854797363281 -0.475616455078125 0.422760009765625
0.07684326171875 -0.057586669921875 -0.56304931640625 0.315185546875
0.138168334960937 -0.0144195556640625 -0.37237548828125 0.20159912109375
0.172149658203125 0.029388427734375 0.067291259765625 0.179443359375
0.132545471191406 -0.0091705322265625 0.48345947265625 -0.01446533203125
0.0813217163085938 -0.0165786743164063 0.5484619140625 -0.3023681640625
0.047393798828125 -0.0190048217773438 0.27850341796875 -0.572021484375
0.0261516571044922 0.00179481506347656 -0.0257568359375001 -0.58404541015625
-0.00415802001953125 0.0142412185668945 -0.181549072265625 -0.501953125
-0.00116443634033203 0.0119638442993164 -0.24249267578125 -0.259780883789063
0.0293388366699219 0.0115547180175781 -0.0304279327392578 -0.0209579467773437
0.000812530517578127 0.0282402038574219 -0.00326538085937501 0.138290405273437
-0.0238380432128906 0.0518951416015625 0.156936645507813 0.274490356445313
-0.0371360778808594 0.0669784545898438 0.0606689453125 0.372344970703125
-0.0624542236328125 0.0496635437011719 -0.2119140625 0.488433837890625
-0.0406112670898437 -0.0275917053222656 -0.47381591796875 0.424468994140625
0.0451278686523438 -0.0654144287109375 -0.57171630859375 0.3212890625
0.105499267578125 -0.0189056396484375 -0.39068603515625 0.20758056640625
0.144607543945313 0.0280609130859375 0.0445709228515625 0.188858032226563
0.106307983398438 -0.00397491455078125 0.4727783203125 0.0089111328125
0.058074951171875 -0.0156402587890625 0.55291748046875 -0.282073974609375
0.0264205932617188 -0.0219020843505859 0.289794921875 -0.5615234375
0.0178756713867188 -0.0027008056640625 -0.01422119140625 -0.58843994140625
0.00246620178222656 0.012547492980957 -0.175323486328125 -0.50946044921875
0.0142593383789062 0.0206165313720703 -0.243850708007812 -0.266067504882813
0.0472679138183594 0.0330543518066406 -0.032562255859375 -0.0226593017578125
0.0188980102539062 0.0558052062988281 0.0058135986328125 0.142593383789062
0.000312805175781255 0.0694389343261719 0.171875 0.277069091796875
-0.0149917602539062 0.0662918090820312 0.079681396484375 0.370574951171875
-0.0576972961425781 0.0388641357421875 -0.192138671875 0.492156982421875
-0.0603675842285156 -0.0404739379882813 -0.462249755859375 0.431396484375
0.0114517211914063 -0.074127197265625 -0.5662841796875 0.3319091796875
0.0698280334472656 -0.0234718322753906 -0.395965576171875 0.21185302734375
0.111587524414063 0.0308685302734375 0.0329132080078125 0.19403076171875
0.0788421630859375 0.0049896240234375 0.46917724609375 0.025299072265625
0.0324363708496094 -0.0120792388916016 0.56658935546875 -0.26312255859375
0.00121116638183594 -0.0229015350341797 0.308563232421875 -0.553619384765625
0.00550985336303711 -0.00756740570068359 0.00115966796874996 -0.5919189453125
0.00676345825195313 0.00937843322753906 -0.163818359375 -0.514007568359375
0.0287113189697266 0.0274105072021484 -0.239349365234375 -0.265960693359375
0.0647697448730469 0.0553016662597656 -0.0322341918945312 -0.0173397064208984
0.0327835083007813 0.0781936645507813 0.015960693359375 0.153900146484375
0.0215377807617187 0.0807952880859375 0.17620849609375 0.2828369140625
0.00561141967773438 0.0611457824707031 0.086669921875 0.379852294921875
-0.0537528991699219 0.0268898010253906 -0.171295166015625 0.504364013671875
-0.078857421875 -0.0519943237304687 -0.443939208984375 0.4451904296875
-0.0198211669921875 -0.0810394287109375 -0.548828125 0.34295654296875
0.0334358215332031 -0.0235862731933594 -0.387237548828125 0.21234130859375
0.079803466796875 0.035491943359375 0.03472900390625 0.19354248046875
0.0509567260742188 0.0136070251464844 0.473175048828125 0.034454345703125
0.00817489624023438 -0.00753068923950195 0.583251953125 -0.251953125
-0.0225181579589844 -0.0249996185302734 0.327850341796875 -0.544952392578125
-0.00795936584472656 -0.014430046081543 0.0169677734375 -0.59100341796875
0.00949859619140625 0.00368881225585938 -0.150299072265625 -0.513397216796875
0.0444793701171875 0.0324211120605469 -0.230331420898438 -0.26123046875
0.0784530639648438 0.0771942138671875 -0.0272331237792969 -0.00327491760253905
0.0443572998046875 0.093048095703125 0.0275421142578125 0.170547485351563
0.0347213745117188 0.0820083618164063 0.175048828125 0.292633056640625
0.0154571533203125 0.0520133972167969 0.0885009765625 0.396331787109375
-0.0539512634277344 0.0148200988769531 -0.15252685546875 0.52532958984375
-0.0942306518554687 -0.0596542358398438 -0.419189453125 0.462371826171875
-0.0442428588867188 -0.0805282592773438 -0.5223388671875 0.350433349609375
0.00744819641113282 -0.0190334320068359 -0.36956787109375 0.21087646484375
0.05352783203125 0.0433082580566406 0.04779052734375 0.189224243164063
0.0256900787353516 0.0219306945800781 0.487945556640625 0.034149169921875
-0.0143203735351562 -0.00471878051757813 0.60394287109375 -0.24755859375
-0.0411148071289063 -0.0290412902832031 0.34783935546875 -0.54241943359375
-0.0173282623291016 -0.0222587585449219 0.03448486328125 -0.58905029296875
0.0145702362060547 -0.00298881530761719 -0.13934326171875 -0.506805419921875
0.0576095581054688 0.0372772216796875 -0.221420288085937 -0.249649047851563
0.08697509765625 0.0948104858398438 -0.0215072631835937 0.0148696899414063
0.0490875244140625 0.0971755981445313 0.0384368896484375 0.190078735351562
0.0377349853515625 0.0756301879882813 0.173004150390625 0.306365966796875
0.0127906799316406 0.041351318359375 0.089630126953125 0.418060302734375
-0.0600128173828125 0.00671768188476564 -0.135101318359375 0.54595947265625
-0.103515625 -0.0607070922851563 -0.39361572265625 0.476348876953125
-0.0569992065429688 -0.0746841430664063 -0.4910888671875 0.354583740234375
-0.00572013854980468 -0.0121622085571289 -0.341552734375 0.202362060546875
0.0367774963378906 0.0495681762695312 0.0716400146484375 0.180252075195313
0.0084686279296875 0.0280113220214844 0.508148193359375 0.02777099609375
-0.0288772583007813 -0.00478172302246093 0.62567138671875 -0.25018310546875
-0.0532608032226563 -0.0362396240234375 0.365753173828125 -0.541656494140625
-0.0203475952148437 -0.0324592590332031 0.04876708984375 -0.58258056640625
0.0219631195068359 -0.0100212097167969 -0.130340576171875 -0.4932861328125
0.0667648315429688 0.0406761169433594 -0.210830688476563 -0.2322998046875
0.0857620239257813 0.107574462890625 -0.0153083801269531 0.0367546081542969
-0.0434761047363281 -0.0221443176269531 -0.00248718261718749 0.168838500976563
-0.0713882446289063 0.0272903442382812 0.11932373046875 0.30072021484375
-0.0570945739746094 0.0662307739257813 0.03143310546875 0.422760009765625
-0.0419654846191406 0.0589675903320313 -0.20574951171875 0.5416259765625
0.0139102935791016 -0.0174760818481445 -0.42352294921875 0.44927978515625
0.108856201171875 -0.0552520751953125 -0.504302978515625 0.318023681640625
0.167343139648438 -0.0117034912109375 -0.308441162109375 0.187774658203125
0.198135375976563 0.02947998046875 0.1312255859375 0.145462036132813
0.1585693359375 -0.0082244873046875 0.521148681640625 -0.070953369140625
0.109642028808594 -0.00859832763671875 0.553955078125 -0.3482666015625
0.0674018859863281 -0.00569534301757813 0.2686767578125 -0.5848388671875
0.0247268676757813 0.0123519897460938 -0.0405273437499999 -0.560394287109375
-0.0256938934326172 0.00580024719238282 -0.195892333984375 -0.46673583984375
-0.0236854553222656 -0.00992393493652344 -0.236984252929687 -0.220077514648438
0.00350379943847656 -0.0195560455322266 -0.0201644897460938 0.00628852844238281
-0.0317058563232422 -0.0145416259765625 -0.00479125976562499 0.15087890625
-0.0633125305175781 0.0284233093261719 0.127792358398438 0.2799072265625
-0.0588150024414062 0.0674591064453125 0.03125 0.398895263671875
-0.0526885986328125 0.0613861083984375 -0.220672607421875 0.519805908203125
-0.000144004821777345 -0.0140056610107422 -0.45587158203125 0.437255859375
0.097198486328125 -0.0549850463867188 -0.53350830078125 0.321441650390625
0.158767700195313 -0.0141754150390625 -0.33856201171875 0.198760986328125
0.190841674804688 0.0260162353515625 0.099822998046875 0.161239624023438
0.148818969726563 -0.0133819580078125 0.4986572265625 -0.0511474609375
0.099273681640625 -0.0161361694335938 0.542022705078125 -0.33251953125
0.0620574951171875 -0.0146560668945312 0.2608642578125 -0.58331298828125
0.0294513702392578 0.00824928283691406 -0.04364013671875 -0.57318115234375
-0.0136480331420898 0.0119466781616211 -0.195556640625 -0.485015869140625
-0.0144681930541992 0.00128936767578125 -0.243804931640625 -0.238113403320312
0.0134725570678711 -0.00758934020996094 -0.0261917114257812 -0.0114536285400391
-0.0166540145874023 0.00369453430175781 -0.0041656494140625 0.140625
-0.0453453063964844 0.03692626953125 0.145416259765625 0.271804809570313
-0.0520095825195312 0.0667610168457031 0.047882080078125 0.379241943359375
-0.0603256225585938 0.058929443359375 -0.214202880859375 0.5028076171875
-0.02020263671875 -0.0170574188232422 -0.46453857421875 0.433135986328125
0.0745620727539062 -0.0583572387695312 -0.554107666015625 0.327728271484375
0.137611389160156 -0.0172882080078125 -0.364898681640625 0.208038330078125
0.171157836914063 0.023773193359375 0.0709228515625 0.174484252929688
0.131179809570313 -0.0122756958007813 0.480926513671875 -0.025115966796875
0.0810546875 -0.0191650390625 0.54071044921875 -0.3134765625
0.0474128723144531 -0.0204544067382813 0.264892578125 -0.57598876953125
0.0262775421142578 0.00229263305664063 -0.03887939453125 -0.5802001953125
-0.00330638885498047 0.0141372680664063 -0.19287109375 -0.4954833984375
-0.000868797302246094 0.0116186141967773 -0.248138427734375 -0.250518798828125
0.0296783447265625 0.0102329254150391 -0.0304450988769531 -0.0200672149658203
0.000921249389648439 0.0281753540039062 0.000762939453125015 0.137557983398438
-0.0230445861816406 0.0528450012207031 0.162948608398438 0.26904296875
-0.0351371765136719 0.0671463012695313 0.069305419921875 0.369354248046875
-0.0610122680664062 0.0515213012695312 -0.19866943359375 0.492034912109375
-0.0413742065429688 -0.0255966186523438 -0.4622802734375 0.434417724609375
0.0435295104980469 -0.0655784606933594 -0.560546875 0.333709716796875
0.104331970214844 -0.022216796875 -0.3836669921875 0.21563720703125
0.143173217773438 0.023834228515625 0.049896240234375 0.185272216796875
0.106513977050781 -0.0066070556640625 0.470458984375 -0.00335693359375
0.0576248168945312 -0.0175895690917969 0.5447998046875 -0.293487548828125
0.0248146057128906 -0.0231037139892578 0.27655029296875 -0.5670166015625
0.0179862976074219 -0.0031280517578125 -0.0284423828125 -0.5853271484375
0.00302219390869141 0.0131855010986328 -0.185699462890625 -0.503082275390625
0.0141696929931641 0.0205783843994141 -0.249420166015625 -0.2564697265625
0.0475311279296875 0.0310935974121094 -0.0332870483398437 -0.0210418701171875
0.0182037353515625 0.0557022094726563 0.00964355468749999 0.141891479492187
0.001434326171875 0.0685195922851563 0.177154541015625 0.271743774414063
-0.0127449035644531 0.0659141540527344 0.086700439453125 0.36798095703125
-0.0561103820800781 0.040374755859375 -0.176544189453125 0.495849609375
-0.060028076171875 -0.037872314453125 -0.450958251953125 0.441925048828125
0.00949859619140625 -0.0732421875 -0.55767822265625 0.3447265625
0.0673370361328125 -0.0245742797851563 -0.38836669921875 0.219482421875
0.111122131347656 0.0272369384765625 0.0383148193359375 0.18963623046875
0.0788803100585938 0.0028533935546875 0.467681884765625 0.013519287109375
0.0327835083007813 -0.0119857788085937 0.559417724609375 -0.2760009765625
0.00073051452636719 -0.0232601165771484 0.29425048828125 -0.558197021484375
0.00487136840820312 -0.0080718994140625 -0.01373291015625 -0.5889892578125
0.00717735290527344 0.00962448120117188 -0.174346923828125 -0.508026123046875
0.0295791625976562 0.0269966125488281 -0.245025634765625 -0.257888793945313
0.0654220581054688 0.0537261962890625 -0.0324993133544922 -0.0161838531494141
0.0335464477539063 0.0784912109375 0.020263671875 0.152206420898438
0.0234146118164063 0.0799407958984375 0.181198120117188 0.277297973632813
0.00663375854492187 0.0604782104492188 0.095489501953125 0.37548828125
-0.0516128540039062 0.0276069641113281 -0.15618896484375 0.5076904296875
-0.0784759521484375 -0.04937744140625 -0.43072509765625 0.45404052734375
-0.0221023559570312 -0.0792236328125 -0.5380859375 0.354278564453125
0.0327739715576172 -0.0233860015869141 -0.3814697265625 0.220855712890625
0.0788421630859375 0.032257080078125 0.039459228515625 0.189620971679688
0.05072021484375 0.0124664306640625 0.474273681640625 0.02203369140625
0.00761175155639648 -0.00712394714355469 0.5762939453125 -0.2650146484375
-0.0230712890625 -0.0242900848388672 0.313751220703125 -0.55108642578125
-0.00841045379638672 -0.0135354995727539 0.00286865234375004 -0.5885009765625
0.00969886779785156 0.00406932830810547 -0.16265869140625 -0.505706787109375
0.0436668395996094 0.0321540832519531 -0.236129760742188 -0.251419067382813
0.0794677734375 0.0743942260742188 -0.0281906127929687 -0.00240135192871094
0.044342041015625 0.0919647216796875 0.03167724609375 0.168304443359375
0.0362625122070312 0.081268310546875 0.180694580078125 0.286773681640625
0.0164871215820313 0.0514450073242188 0.096954345703125 0.3922119140625
-0.053375244140625 0.0159797668457031 -0.138214111328125 0.526702880859375
-0.0950088500976563 -0.0561981201171875 -0.4068603515625 0.471343994140625
-0.046142578125 -0.0781021118164063 -0.511505126953125 0.362457275390625
0.00626564025878906 -0.0188503265380859 -0.362060546875 0.2178955078125
0.05352783203125 0.0398483276367188 0.052642822265625 0.184616088867187
0.0269432067871094 0.0206413269042969 0.4871826171875 0.021484375
-0.0141315460205078 -0.00479984283447265 0.5975341796875 -0.26031494140625
-0.0419387817382813 -0.0272178649902344 0.334197998046875 -0.54693603515625
-0.0177192687988281 -0.02197265625 0.02044677734375 -0.58770751953125
0.0147905349731445 -0.00242710113525391 -0.1514892578125 -0.500640869140625
0.0576248168945313 0.035736083984375 -0.226608276367188 -0.241119384765625
0.0886077880859375 0.0930633544921875 -0.0213146209716797 0.0151691436767578
0.05078125 0.09619140625 0.0435943603515625 0.187118530273437
0.0385208129882813 0.0754852294921875 0.17938232421875 0.300537109375
0.0144462585449219 0.0396232604980469 0.098846435546875 0.413238525390625
-0.0582199096679688 0.00912857055664061 -0.12103271484375 0.5482177734375
-0.105072021484375 -0.0566864013671875 -0.381103515625 0.48516845703125
-0.05816650390625 -0.0724258422851563 -0.4813232421875 0.36517333984375
-0.00592231750488281 -0.0112028121948242 -0.335052490234375 0.2105712890625
0.0372314453125 0.0479087829589844 0.0745391845703125 0.17474365234375
0.00869178771972656 0.0268898010253906 0.50634765625 0.013641357421875
-0.0275802612304688 -0.00345039367675781 0.6185302734375 -0.2647705078125
-0.0537986755371094 -0.0341873168945313 0.351837158203125 -0.54718017578125
-0.0206356048583984 -0.0316753387451172 0.03363037109375 -0.58099365234375
0.0215358734130859 -0.00970649719238281 -0.142486572265625 -0.487152099609375
0.0671043395996094 0.0398826599121094 -0.21484375 -0.224075317382813
0.0879669189453125 0.104118347167969 -0.0147323608398437 0.0369033813476563
-0.0433235168457031 -0.0210800170898437 0.0023040771484375 0.167755126953125
-0.0697822570800781 0.0287246704101563 0.123748779296875 0.296478271484375
-0.0549774169921875 0.0668830871582031 0.039093017578125 0.420166015625
-0.0400390625 0.0590019226074219 -0.19354248046875 0.544403076171875
0.0139942169189453 -0.0177593231201172 -0.412872314453125 0.455047607421875
0.1064453125 -0.0556793212890625 -0.49615478515625 0.326385498046875
0.165878295898438 -0.01531982421875 -0.301513671875 0.192718505859375
0.196853637695313 0.0236053466796875 0.132347106933594 0.139381408691406
0.15716552734375 -0.01190185546875 0.515655517578125 -0.082000732421875
0.108879089355469 -0.0116500854492188 0.5450439453125 -0.3583984375
0.0663108825683594 -0.00735092163085938 0.254638671875 -0.58660888671875
0.0253162384033203 0.011077880859375 -0.050872802734375 -0.5556640625
-0.0255794525146484 0.0064697265625 -0.205169677734375 -0.45941162109375
-0.0238132476806641 -0.00954437255859375 -0.239898681640625 -0.21173095703125
0.00251007080078125 -0.0198040008544922 -0.0208187103271484 0.00677680969238281
-0.0320091247558594 -0.0134963989257813 4.57763671874853E-05 0.1494140625
-0.0615310668945313 0.0293235778808594 0.1334228515625 0.277252197265625
-0.0575790405273437 0.0672264099121094 0.0384521484375 0.39483642578125
-0.0516204833984375 0.0625495910644531 -0.20660400390625 0.522857666015625
-8.3923339843751E-05 -0.0137033462524414 -0.444183349609375 0.446014404296875
0.0958633422851562 -0.0556411743164062 -0.52484130859375 0.33154296875
0.157623291015625 -0.0171966552734375 -0.33154296875 0.20458984375
0.189682006835938 0.0208740234375 0.101913452148438 0.156631469726563
0.14727783203125 -0.016815185546875 0.49407958984375 -0.062286376953125
0.0983352661132813 -0.0180892944335938 0.532928466796875 -0.343017578125
0.0609970092773437 -0.0159339904785156 0.2471923828125 -0.58624267578125
0.0299339294433594 0.007232666015625 -0.0550537109375 -0.56884765625
-0.0138063430786133 0.0128707885742188 -0.205291748046875 -0.476715087890625
-0.0143108367919922 0.00251388549804687 -0.247314453125 -0.229339599609375
0.0137081146240234 -0.00807952880859375 -0.0264949798583984 -0.00847434997558594
-0.0170431137084961 0.00496578216552734 -6.86645507812641E-05 0.13970947265625
-0.0454597473144531 0.0385627746582031 0.149932861328125 0.266250610351563
-0.0505523681640625 0.0665206909179688 0.05523681640625 0.376129150390625
-0.0586395263671875 0.0598297119140625 -0.20166015625 0.506561279296875
-0.0203590393066406 -0.0151176452636719 -0.4521484375 0.441314697265625
0.0727386474609375 -0.0586166381835938 -0.5430908203125 0.336944580078125
0.135551452636719 -0.0205154418945312 -0.3585205078125 0.21441650390625
0.170364379882813 0.0196533203125 0.07373046875 0.170150756835938
0.129875183105469 -0.0151824951171875 0.47760009765625 -0.038116455078125
0.0809478759765625 -0.0206985473632813 0.5323486328125 -0.32293701171875
0.0455169677734375 -0.0211067199707031 0.2508544921875 -0.57977294921875
0.0264930725097656 0.00110626220703125 -0.0511474609375 -0.5762939453125
-0.00368976593017578 0.0150175094604492 -0.203460693359375 -0.488372802734375
-0.00105857849121094 0.0122489929199219 -0.251922607421875 -0.241867065429688
0.0285377502441406 0.00938224792480469 -0.0313491821289063 -0.01910400390625
0.00032997131347656 0.0287132263183594 0.00447845458984375 0.135894775390625
-0.02239990234375 0.0529136657714844 0.167083740234375 0.263290405273438
-0.0334014892578125 0.065887451171875 0.07647705078125 0.365478515625
-0.0586166381835937 0.0522994995117188 -0.18560791015625 0.49688720703125
-0.0415725708007812 -0.0236320495605469 -0.449859619140625 0.442474365234375
0.0419540405273437 -0.0649223327636719 -0.551055908203125 0.344329833984375
0.103500366210938 -0.0237350463867188 -0.3756103515625 0.220611572265625
0.143035888671875 0.019744873046875 0.053558349609375 0.180587768554688
0.105522155761719 -0.00911712646484375 0.466705322265625 -0.014923095703125
0.0574913024902344 -0.0176582336425781 0.536895751953125 -0.303192138671875
0.0241985321044922 -0.0228443145751953 0.2623291015625 -0.5697021484375
0.0173425674438477 -0.00327587127685547 -0.03997802734375 -0.5811767578125
0.00252437591552734 0.0134353637695313 -0.19610595703125 -0.4957275390625
0.0146350860595703 0.0208015441894531 -0.253433227539062 -0.247451782226563
0.0470695495605469 0.0294036865234375 -0.0337791442871094 -0.0205001831054687
0.0184440612792969 0.0558052062988281 0.0119552612304688 0.139701843261719
0.00246810913085937 0.0685386657714844 0.182174682617188 0.266342163085938
-0.0107955932617188 0.0648880004882813 0.09368896484375 0.364471435546875
-0.0543785095214844 0.040740966796875 -0.1646728515625 0.4974365234375
-0.0610198974609375 -0.0360908508300781 -0.438720703125 0.449676513671875
0.0078277587890625 -0.0728607177734375 -0.54669189453125 0.352935791015625
0.0665550231933594 -0.0262222290039062 -0.38140869140625 0.22515869140625
0.110450744628906 0.0238418579101563 0.0419769287109375 0.185760498046875
0.0781326293945313 -6.866455078125E-05 0.466033935546875 0.002655029296875
0.0327949523925781 -0.0126457214355469 0.551666259765625 -0.287628173828125
0.00020408630371094 -0.0228939056396484 0.28271484375 -0.56304931640625
0.00461959838867188 -0.00685930252075195 -0.025390625 -0.58642578125
0.00658988952636719 0.0106487274169922 -0.1854248046875 -0.500823974609375
0.029449462890625 0.0269622802734375 -0.248855590820313 -0.248977661132812
0.0655136108398438 0.051849365234375 -0.0326747894287109 -0.0141925811767578
0.0340652465820313 0.07769775390625 0.0240936279296875 0.15057373046875
0.022918701171875 0.079071044921875 0.186203002929688 0.2708740234375
0.00804519653320312 0.0587654113769531 0.102783203125 0.37066650390625
-0.0505104064941406 0.0284652709960937 -0.14300537109375 0.509033203125
-0.0792236328125 -0.0462875366210938 -0.419158935546875 0.46197509765625
-0.0240097045898438 -0.0773391723632813 -0.528228759765625 0.361968994140625
0.0327072143554688 -0.0252437591552734 -0.373779296875 0.226104736328125
0.07916259765625 0.0299148559570312 0.0431365966796875 0.186172485351562
0.0504264831542969 0.0102195739746094 0.470489501953125 0.011260986328125
0.00787973403930664 -0.00808811187744141 0.56854248046875 -0.27685546875
-0.023101806640625 -0.0228252410888672 0.300811767578125 -0.554718017578125
-0.00855731964111328 -0.0129718780517578 -0.00982666015624994 -0.58587646484375
0.00952053070068359 0.00485801696777344 -0.172821044921875 -0.49945068359375
0.0443992614746094 0.0315895080566406 -0.240829467773438 -0.2437744140625
0.0807952880859375 0.0723495483398438 -0.0281009674072266 -0.0020599365234375
0.0457229614257813 0.0915756225585938 0.0354766845703125 0.166122436523438
0.0369949340820313 0.0807952880859375 0.186614990234375 0.281158447265625
0.0172805786132813 0.0499229431152344 0.105560302734375 0.387664794921875
-0.0515098571777344 0.0174293518066406 -0.125091552734375 0.528778076171875
-0.0951690673828125 -0.0538101196289062 -0.394805908203125 0.47869873046875
-0.0474319458007813 -0.076080322265625 -0.5020751953125 0.37200927734375
0.0053863525390625 -0.0195140838623047 -0.35552978515625 0.222930908203125
0.0527839660644531 0.0380744934082031 0.0555572509765625 0.181350708007813
0.0265254974365234 0.0193977355957031 0.484405517578125 0.010894775390625
-0.0133342742919922 -0.00383949279785156 0.589599609375 -0.27227783203125
-0.0426750183105469 -0.0264930725097656 0.321044921875 -0.5513916015625
-0.0177803039550781 -0.0201816558837891 0.00732421874999996 -0.5843505859375
0.0143165588378906 -0.00228118896484375 -0.161712646484375 -0.493408203125
0.0582618713378906 0.0356178283691406 -0.229324340820313 -0.233657836914063
0.0889358520507813 0.0897369384765625 -0.02093505859375 0.0163764953613281
0.0516510009765625 0.0953598022460937 0.048583984375 0.184860229492188
0.039520263671875 0.0739593505859375 0.18389892578125 0.294403076171875
0.0147933959960938 0.0388450622558594 0.106292724609375 0.408660888671875
-0.0576820373535156 0.0100593566894531 -0.106292724609375 0.5474853515625
-0.105148315429687 -0.0536575317382813 -0.368377685546875 0.49163818359375
-0.0592269897460938 -0.0711288452148437 -0.47088623046875 0.372222900390625
-0.00674724578857422 -0.0103044509887695 -0.328948974609375 0.21575927734375
0.0376129150390625 0.0463752746582031 0.0780487060546875 0.172256469726563
0.00980567932128906 0.0260276794433594 0.505126953125 0.000793457031250002
-0.0276355743408203 -0.00276947021484375 0.61175537109375 -0.27557373046875
-0.0541458129882813 -0.0333633422851562 0.340301513671875 -0.55218505859375
-0.0218753814697266 -0.0305919647216797 0.02197265625 -0.578125
0.0215072631835937 -0.00922775268554688 -0.15142822265625 -0.480499267578125
0.0677261352539063 0.0388641357421875 -0.219436645507812 -0.216751098632813
0.0894699096679688 0.101783752441406 -0.0136566162109375 0.0381355285644531
-0.0435752868652344 -0.0198707580566406 0.0060882568359375 0.165985107421875
-0.0688743591308594 0.0300788879394531 0.12799072265625 0.29180908203125
-0.0533294677734375 0.0656776428222656 0.045928955078125 0.416015625
-0.0381622314453125 0.0594558715820313 -0.18084716796875 0.54339599609375
0.0125064849853516 -0.0176162719726563 -0.4017333984375 0.45977783203125
0.105010986328125 -0.0570144653320313 -0.48724365234375 0.332244873046875
0.164764404296875 -0.0176239013671875 -0.296234130859375 0.19586181640625
0.195831298828125 0.0199432373046875 0.134025573730469 0.134521484375
0.155029296875 -0.0155029296875 0.5123291015625 -0.090850830078125
0.108299255371094 -0.0129928588867188 0.5369873046875 -0.36639404296875
0.0654716491699219 -0.00829696655273438 0.243896484375 -0.58892822265625
0.0254077911376953 0.0108394622802734 -0.060516357421875 -0.5528564453125
-0.0252590179443359 0.00737380981445313 -0.2122802734375 -0.452301025390625
-0.0236968994140625 -0.0088348388671875 -0.242660522460938 -0.204910278320313
0.00178146362304688 -0.0204753875732422 -0.0208358764648438 0.00780677795410156
-0.0321426391601563 -0.01239013671875 0.00297546386718751 0.148910522460938
-0.0608139038085938 0.0308418273925781 0.136611938476563 0.271591186523437
-0.0550193786621094 0.0667915344238281 0.045166015625 0.3909912109375
-0.04864501953125 0.062286376953125 -0.19586181640625 0.524169921875
-0.00129222869873047 -0.0135211944580078 -0.433807373046875 0.45123291015625
0.0943374633789063 -0.0567398071289063 -0.51507568359375 0.3375244140625
0.15618896484375 -0.0195159912109375 -0.325347900390625 0.208343505859375
0.18756103515625 0.016815185546875 0.104537963867188 0.151824951171875
0.146041870117188 -0.0192718505859375 0.4903564453125 -0.072662353515625
0.0979156494140625 -0.0197677612304688 0.52557373046875 -0.350982666015625
0.0599479675292969 -0.0171432495117187 0.23675537109375 -0.58587646484375
0.0302009582519531 0.00618934631347656 -0.0650634765625 -0.56341552734375
-0.0132646560668945 0.0127325057983398 -0.213714599609375 -0.469482421875
-0.0140419006347656 0.00222969055175781 -0.25006103515625 -0.221771240234375
0.01251220703125 -0.00893211364746094 -0.0262413024902344 -0.00780296325683593
-0.0176353454589844 0.00506973266601562 0.00313568115234376 0.137969970703125
-0.0442237854003906 0.0391426086425781 0.1529541015625 0.263015747070313
-0.048492431640625 0.0666961669921875 0.0611572265625 0.373199462890625
-0.0564613342285156 0.0599822998046875 -0.190185546875 0.508209228515625
-0.020538330078125 -0.0152626037597656 -0.44219970703125 0.4483642578125
0.0707321166992188 -0.0595169067382813 -0.534027099609375 0.345458984375
0.1351318359375 -0.0223541259765625 -0.351531982421875 0.218536376953125
0.169357299804688 0.0155792236328125 0.0762481689453125 0.166275024414063
0.127967834472656 -0.018707275390625 0.47271728515625 -0.046905517578125
0.0802154541015625 -0.0221023559570312 0.5242919921875 -0.3309326171875
0.0445175170898438 -0.0220413208007813 0.23883056640625 -0.58123779296875
0.0266284942626953 0.000583648681640625 -0.0615234375 -0.5723876953125
-0.00384426116943359 0.0150508880615234 -0.2108154296875 -0.482330322265625
-0.000199317932128906 0.0129070281982422 -0.255325317382813 -0.234085083007812
0.0285320281982422 0.009185791015625 -0.0319118499755859 -0.017242431640625
0.000352859497070313 0.0292816162109375 0.00765991210937499 0.133819580078125
-0.0210533142089844 0.0530662536621094 0.171051025390625 0.259414672851563
-0.0315628051757813 0.0653572082519531 0.08203125 0.361419677734375
-0.0570068359375 0.0532417297363281 -0.174591064453125 0.49609375
-0.0423088073730469 -0.0228996276855469 -0.440093994140625 0.449188232421875
0.0397148132324219 -0.0653724670410156 -0.54302978515625 0.3516845703125
0.101570129394531 -0.0256576538085938 -0.3692626953125 0.225067138671875
0.141647338867187 0.01641845703125 0.0558013916015625 0.1761474609375
0.104812622070313 -0.0112762451171875 0.46466064453125 -0.025238037109375
0.0573997497558594 -0.0194511413574219 0.5294189453125 -0.311431884765625
0.0227813720703125 -0.0231456756591797 0.25152587890625 -0.5711669921875
0.0167646408081055 -0.00330638885498047 -0.05078125 -0.578125
0.00322341918945312 0.0130643844604492 -0.203216552734375 -0.488861083984375
0.0147247314453125 0.0208511352539063 -0.256637573242188 -0.23980712890625
0.0466079711914062 0.0295181274414062 -0.034149169921875 -0.0186195373535156
0.0182418823242188 0.0558624267578125 0.0162429809570313 0.13836669921875
0.00323104858398438 0.068359375 0.183639526367188 0.261383056640625
-0.00966644287109374 0.0638656616210938 0.099334716796875 0.359954833984375
-0.0530128479003906 0.0415573120117188 -0.15411376953125 0.499359130859375
-0.0613212585449219 -0.033966064453125 -0.427978515625 0.456329345703125
0.00611114501953126 -0.07183837890625 -0.53680419921875 0.36187744140625
0.0654067993164063 -0.0271644592285156 -0.37579345703125 0.23077392578125
0.109909057617188 0.0216140747070313 0.04461669921875 0.182113647460937
0.0771865844726562 -0.00250244140625 0.4625244140625 -0.008056640625
0.0324287414550781 -0.0131130218505859 0.544921875 -0.295928955078125
-0.000350952148437498 -0.0231781005859375 0.27008056640625 -0.5631103515625
0.00457429885864258 -0.0068516731262207 -0.03594970703125 -0.58331298828125
0.00697231292724609 0.0104637145996094 -0.193145751953125 -0.494598388671875
0.0300426483154297 0.0265617370605469 -0.252090454101562 -0.240570068359375
0.0658378601074219 0.0502395629882813 -0.0329189300537109 -0.0134735107421875
0.0341720581054687 0.0776290893554688 0.0268707275390625 0.14886474609375
0.02471923828125 0.0790252685546875 0.188232421875 0.266021728515625
0.00948715209960937 0.0580368041992188 0.1072998046875 0.36614990234375
-0.0491065979003906 0.0291633605957031 -0.133087158203125 0.509246826171875
-0.0793609619140625 -0.0442276000976563 -0.408111572265625 0.468414306640625
-0.0241622924804688 -0.0757217407226563 -0.518463134765625 0.3709716796875
0.0309581756591797 -0.0250740051269531 -0.366912841796875 0.23040771484375
0.0788345336914063 0.0279617309570313 0.0454864501953125 0.18206787109375
0.0501937866210938 0.00944137573242188 0.467620849609375 0.000946044921875
0.00823640823364258 -0.00739669799804688 0.5616455078125 -0.285919189453125
-0.0241184234619141 -0.0227146148681641 0.2904052734375 -0.5565185546875
-0.00855636596679687 -0.0124883651733398 -0.01849365234375 -0.58172607421875
0.0103540420532227 0.00519561767578125 -0.180755615234375 -0.492828369140625
0.0447425842285156 0.0309066772460938 -0.244186401367188 -0.236373901367187
0.0808639526367188 0.07061767578125 -0.0290489196777344 -0.000539779663085938
0.0457687377929687 0.0908889770507813 0.038543701171875 0.163299560546875
0.0373687744140625 0.0802078247070312 0.188385009765625 0.275527954101563
0.0177116394042969 0.049713134765625 0.11065673828125 0.383270263671875
-0.0504570007324219 0.0185585021972656 -0.113861083984375 0.527679443359375
-0.0950927734375 -0.0512008666992187 -0.38360595703125 0.4842529296875
-0.0484390258789063 -0.0741653442382812 -0.4925537109375 0.379058837890625
0.00426101684570312 -0.0188465118408203 -0.349822998046875 0.227264404296875
0.053131103515625 0.0362396240234375 0.0577239990234375 0.17724609375
0.0259304046630859 0.0187778472900391 0.48126220703125 0.000366210937500001
-0.012272834777832 -0.00402450561523438 0.5826416015625 -0.28216552734375
-0.0434379577636719 -0.0245590209960937 0.309539794921875 -0.55426025390625
-0.0181007385253906 -0.0199470520019531 -0.00225830078125005 -0.58172607421875
0.0145578384399414 -0.00234699249267578 -0.168182373046875 -0.4871826171875
0.0576133728027344 0.0348167419433594 -0.232666015625 -0.226882934570313
0.0904922485351563 0.0875167846679688 -0.0202102661132812 0.0171260833740234
0.0515518188476563 0.0953369140625 0.051483154296875 0.182479858398438
0.04052734375 0.0738525390625 0.18743896484375 0.2894287109375
0.0159835815429688 0.038787841796875 0.1129150390625 0.404144287109375
-0.0560722351074219 0.0106544494628906 -0.0954895019531249 0.54913330078125
-0.105049133300781 -0.050689697265625 -0.3568115234375 0.495941162109375
-0.0601615905761719 -0.06878662109375 -0.461761474609375 0.3802490234375
-0.00728321075439453 -0.0108451843261719 -0.323822021484375 0.2205810546875
0.0376739501953125 0.0452156066894531 0.08050537109375 0.16717529296875
0.00976943969726563 0.0258846282958984 0.50177001953125 -0.009307861328125
-0.0266494750976562 -0.00222015380859375 0.60455322265625 -0.2867431640625
-0.0548057556152344 -0.0311317443847656 0.32904052734375 -0.554962158203125
-0.0214309692382812 -0.0292472839355469 0.0108642578125 -0.57568359375
0.0213260650634766 -0.00901985168457031 -0.159820556640625 -0.47430419921875
0.0672492980957031 0.0374908447265625 -0.221511840820312 -0.209732055664063
0.089385986328125 0.09881591796875 -0.0127334594726562 0.0383491516113281
-0.0433769226074219 -0.0180892944335938 0.010467529296875 0.165115356445313
-0.0674896240234375 0.0307579040527344 0.131439208984375 0.287811279296875
-0.0521469116210938 0.065826416015625 0.051239013671875 0.41302490234375
-0.0371742248535156 0.0588455200195313 -0.171661376953125 0.545166015625
0.0120506286621094 -0.0176715850830078 -0.3936767578125 0.4642333984375
0.103675842285156 -0.0577468872070313 -0.477813720703125 0.33819580078125
0.163040161132813 -0.0197906494140625 -0.29022216796875 0.198822021484375
0.193557739257813 0.0157012939453125 0.135177612304688 0.131050109863281
0.154251098632813 -0.0181884765625 0.507171630859375 -0.09979248046875
0.107246398925781 -0.01434326171875 0.52947998046875 -0.37200927734375
0.0638771057128906 -0.00958633422851563 0.23272705078125 -0.5894775390625
0.0259990692138672 0.0100078582763672 -0.0686645507812499 -0.548980712890625
-0.0254325866699219 0.00737953186035156 -0.2186279296875 -0.44610595703125
-0.0229015350341797 -0.00790596008300781 -0.244384765625 -0.199066162109375
0.000671386718749998 -0.0199871063232422 -0.0209999084472656 0.00876617431640625
-0.0328865051269531 -0.0112705230712891 0.00634765624999998 0.14727783203125
-0.0594940185546875 0.0318565368652344 0.139297485351563 0.2686767578125
-0.0547294616699219 0.0660972595214844 0.049774169921875 0.39007568359375
-0.04791259765625 0.06195068359375 -0.184906005859375 0.526336669921875
-0.00119781494140625 -0.0136394500732422 -0.4244384765625 0.45697021484375
0.0923080444335938 -0.0579147338867188 -0.507659912109375 0.34197998046875
0.154403686523438 -0.022064208984375 -0.3206787109375 0.210906982421875
0.186325073242188 0.014068603515625 0.106033325195313 0.147323608398438
0.144027709960938 -0.022003173828125 0.4857177734375 -0.079681396484375
0.097808837890625 -0.0213394165039063 0.51788330078125 -0.357666015625
0.0586395263671875 -0.017242431640625 0.2261962890625 -0.587646484375
0.0297927856445313 0.00567626953125 -0.073516845703125 -0.56097412109375
-0.0134496688842773 0.0127811431884766 -0.219085693359375 -0.463531494140625
-0.0140714645385742 0.00333881378173828 -0.251113891601562 -0.214248657226563
0.0119724273681641 -0.00931644439697266 -0.0262470245361328 -0.0074005126953125
-0.0168552398681641 0.00618076324462891 0.00541687011718749 0.136360168457031
-0.0440750122070313 0.0400810241699219 0.153945922851563 0.258132934570312
-0.0478286743164062 0.0660324096679688 0.065277099609375 0.370697021484375
-0.0547256469726563 0.0602073669433594 -0.180572509765625 0.509429931640625
-0.0201930999755859 -0.0139732360839844 -0.43304443359375 0.452178955078125
0.0692138671875 -0.0595779418945313 -0.525665283203125 0.348785400390625
0.132682800292969 -0.0246429443359375 -0.345703125 0.2218017578125
0.16766357421875 0.012054443359375 0.0780029296875 0.161346435546875
0.127128601074219 -0.0207138061523438 0.469757080078125 -0.05499267578125
0.079620361328125 -0.022918701171875 0.51666259765625 -0.3370361328125
0.0442161560058594 -0.0222320556640625 0.22991943359375 -0.58160400390625
0.0264511108398438 0.000537872314453125 -0.06903076171875 -0.56884765625
-0.00321388244628906 0.0145635604858398 -0.217529296875 -0.474273681640625
4.57763671875009E-05 0.0125150680541992 -0.257644653320313 -0.227340698242188
0.0281085968017578 0.00804328918457031 -0.0316028594970703 -0.0160140991210938
-5.72204589843592E-06 0.0304298400878906 0.0103378295898438 0.132705688476562
-0.0215988159179688 0.0535049438476563 0.17254638671875 0.255203247070313
-0.0304450988769531 0.0650672912597656 0.086090087890625 0.359619140625
-0.0558357238769531 0.0527687072753906 -0.16302490234375 0.49853515625
-0.0417938232421875 -0.0215225219726563 -0.4305419921875 0.45404052734375
0.0390472412109375 -0.0648994445800781 -0.533477783203125 0.356903076171875
0.100677490234375 -0.027130126953125 -0.363311767578125 0.2286376953125
0.140312194824219 0.0134124755859375 0.0573577880859375 0.17205810546875
0.103141784667969 -0.0132904052734375 0.4615478515625 -0.033416748046875
0.0564460754394531 -0.0194015502929688 0.523529052734375 -0.319122314453125
0.02264404296875 -0.0231342315673828 0.24261474609375 -0.5711669921875
0.0177059173583984 -0.00304603576660156 -0.0584716796875 -0.574462890625
0.00340461730957031 0.0144624710083008 -0.2103271484375 -0.4822998046875
0.0152454376220703 0.0203056335449219 -0.257827758789063 -0.233154296875
0.0463981628417969 0.0274505615234375 -0.0343894958496094 -0.0178108215332031
0.0191688537597656 0.0553474426269531 0.0189056396484375 0.136955261230469
0.004302978515625 0.0683860778808594 0.186187744140625 0.256851196289063
-0.0095062255859375 0.0635528564453125 0.10357666015625 0.35693359375
-0.0509757995605469 0.0427589416503906 -0.144317626953125 0.49945068359375
-0.0614509582519531 -0.0318107604980469 -0.418426513671875 0.461090087890625
0.00549316406249999 -0.0709686279296875 -0.529022216796875 0.3675537109375
0.0641860961914063 -0.0272331237792969 -0.36865234375 0.23382568359375
0.108901977539062 0.0185623168945312 0.0467071533203125 0.177780151367187
0.0768356323242188 -0.0032806396484375 0.460235595703125 -0.015106201171875
0.0321044921875 -0.0135383605957031 0.5390625 -0.302520751953125
-0.00133705139160156 -0.0220165252685547 0.26129150390625 -0.56573486328125
0.00519132614135742 -0.00711297988891601 -0.04449462890625 -0.57891845703125
0.00684547424316406 0.0106163024902344 -0.199462890625 -0.4876708984375
0.0305538177490234 0.0255165100097656 -0.253585815429688 -0.233978271484375
0.0656166076660156 0.048797607421875 -0.0324535369873047 -0.0126934051513672
0.0351104736328125 0.0769195556640625 0.029388427734375 0.147216796875
0.0249862670898437 0.0786666870117187 0.191986083984375 0.26123046875
0.00983428955078125 0.0579910278320313 0.112945556640625 0.363433837890625
-0.0475502014160156 0.0301895141601563 -0.12347412109375 0.509246826171875
-0.0792999267578125 -0.042510986328125 -0.397430419921875 0.4715576171875
-0.025390625 -0.0738449096679688 -0.5091552734375 0.376495361328125
0.0309810638427734 -0.0259456634521484 -0.36126708984375 0.23406982421875
0.07763671875 0.0258712768554687 0.047637939453125 0.179367065429688
0.0497894287109375 0.00809860229492188 0.46527099609375 -0.0076904296875
0.00828695297241211 -0.00775241851806641 0.5548095703125 -0.291961669921875
-0.0240688323974609 -0.02215576171875 0.280792236328125 -0.558197021484375
-0.00846290588378907 -0.0117740631103516 -0.02850341796875 -0.57843017578125
0.00981521606445313 0.00531959533691406 -0.187469482421875 -0.4864501953125
0.0451889038085938 0.0304946899414063 -0.246139526367187 -0.229507446289063
0.080780029296875 0.0693435668945313 -0.0279045104980469 -0.000368118286132807
0.0471038818359375 0.0911331176757813 0.041748046875 0.161727905273438
0.0378189086914063 0.08013916015625 0.191635131835938 0.271240234375
0.0187263488769531 0.0478172302246094 0.1160888671875 0.37994384765625
-0.0486488342285156 0.0182647705078125 -0.103790283203125 0.527618408203125
-0.0953445434570313 -0.048553466796875 -0.3746337890625 0.488372802734375
-0.0484848022460938 -0.073394775390625 -0.48388671875 0.384674072265625
0.00537872314453125 -0.0195484161376953 -0.34375 0.231475830078125
0.0525283813476563 0.0343475341796875 0.06024169921875 0.1729736328125
0.0271453857421875 0.0177841186523438 0.478912353515625 -0.00726318359375
-0.0123414993286133 -0.00341320037841797 0.57598876953125 -0.28961181640625
-0.0433807373046875 -0.0243873596191406 0.30126953125 -0.556793212890625
-0.0173873901367188 -0.01959228515625 -0.01165771484375 -0.57720947265625
0.0150136947631836 -0.000922203063964844 -0.17523193359375 -0.48199462890625
0.0579185485839844 0.0344352722167969 -0.234725952148438 -0.219802856445313
0.0895462036132813 0.0857162475585938 -0.0195350646972656 0.0174236297607422
0.0535736083984375 0.0945816040039063 0.0548248291015625 0.179763793945313
0.040802001953125 0.073028564453125 0.191131591796875 0.283843994140625
0.0166435241699219 0.0380592346191406 0.11834716796875 0.4002685546875
-0.055084228515625 0.0116958618164062 -0.085601806640625 0.548065185546875
-0.105026245117188 -0.0482635498046875 -0.3486328125 0.500244140625
-0.0606651306152344 -0.0670547485351563 -0.4542236328125 0.385589599609375
-0.00777626037597656 -0.0103769302368164 -0.3175048828125 0.22296142578125
0.0374755859375 0.0430450439453125 0.0819244384765625 0.164443969726563
0.00967979431152344 0.0245265960693359 0.498504638671875 -0.016845703125
-0.0263843536376953 -0.00215721130371094 0.59771728515625 -0.29278564453125
-0.0544471740722656 -0.0297889709472656 0.318878173828125 -0.557159423828125
-0.021575927734375 -0.0287342071533203 0.00250244140625006 -0.5721435546875
0.0217418670654297 -0.00861358642578125 -0.165313720703125 -0.468902587890625
0.0676689147949219 0.0377578735351563 -0.223007202148438 -0.204757690429688
0.0903244018554687 0.0980682373046875 -0.0124778747558594 0.0389747619628906
-0.0437736511230469 -0.0169563293457031 0.012939453125 0.163299560546875
-0.0669822692871094 0.0311393737792969 0.13385009765625 0.28515625
-0.0513229370117188 0.0647392272949219 0.056365966796875 0.410614013671875
-0.0356330871582031 0.0579833984375 -0.1622314453125 0.545684814453125
0.0118770599365234 -0.0175247192382813 -0.3851318359375 0.46600341796875
0.10186767578125 -0.05804443359375 -0.472412109375 0.342437744140625
0.1611328125 -0.0222625732421875 -0.286285400390625 0.200347900390625
0.191818237304688 0.0125885009765625 0.135498046875 0.125663757324219
0.151809692382813 -0.020294189453125 0.503570556640625 -0.107208251953125
0.106605529785156 -0.0159988403320313 0.523590087890625 -0.376922607421875
0.063629150390625 -0.0104179382324219 0.22540283203125 -0.58978271484375
0.0244579315185547 0.0101852416992188 -0.074188232421875 -0.54522705078125
-0.0253143310546875 0.00813674926757812 -0.224151611328125 -0.4404296875
-0.0226020812988281 -0.00722885131835937 -0.2459716796875 -0.191360473632813
0.000940322875976563 -0.0195598602294922 -0.0211219787597656 0.00974464416503906
-0.0326366424560547 -0.0103034973144531 0.00933837890625001 0.144790649414063
-0.0593757629394531 0.0322799682617188 0.141525268554687 0.265625
-0.0529975891113281 0.0659065246582031 0.054443359375 0.387054443359375
-0.0461616516113281 0.0620231628417969 -0.17669677734375 0.52728271484375
-0.00139713287353516 -0.0128793716430664 -0.41595458984375 0.460296630859375
0.0913009643554687 -0.0575408935546875 -0.501617431640625 0.34783935546875
0.152984619140625 -0.0236358642578125 -0.314849853515625 0.213134765625
0.184906005859375 0.0103302001953125 0.106781005859375 0.143218994140625
0.142181396484375 -0.02459716796875 0.48193359375 -0.086578369140625
0.0973587036132812 -0.0214157104492187 0.5115966796875 -0.36236572265625
0.057708740234375 -0.0180778503417969 0.2186279296875 -0.58770751953125
0.0302352905273438 0.00492668151855469 -0.078948974609375 -0.556365966796875
-0.0122280120849609 0.0132455825805664 -0.225006103515625 -0.45697021484375
-0.0133533477783203 0.00349521636962891 -0.252975463867187 -0.207962036132813
0.0112581253051758 -0.00958824157714844 -0.0264701843261719 -0.00668525695800782
-0.0178203582763672 0.00765800476074218 0.00848388671875 0.135223388671875
-0.0426712036132812 0.0394706726074219 0.156784057617188 0.255355834960938
-0.04681396484375 0.0653266906738281 0.06964111328125 0.367645263671875
-0.0528564453125 0.060302734375 -0.172760009765625 0.5096435546875
-0.0206718444824219 -0.0131397247314453 -0.4246826171875 0.457427978515625
0.0688209533691406 -0.0602378845214844 -0.518524169921875 0.355926513671875
0.1312255859375 -0.0263595581054688 -0.340118408203125 0.222442626953125
0.165939331054688 0.008544921875 0.0799407958984375 0.158279418945312
0.124885559082031 -0.0227813720703125 0.46661376953125 -0.062652587890625
0.07855224609375 -0.0234756469726563 0.512786865234375 -0.343902587890625
0.0428085327148438 -0.0221672058105469 0.2225341796875 -0.58306884765625
0.0262737274169922 -0.0001678466796875 -0.07489013671875 -0.56475830078125
-0.00348663330078125 0.0152111053466797 -0.222076416015625 -0.468780517578125
0.00129032135009766 0.0132112503051758 -0.258102416992188 -0.220428466796875
0.0279216766357422 0.00744247436523438 -0.0321121215820313 -0.0153560638427734
0.000253677368164066 0.0304641723632812 0.0132293701171875 0.131614685058594
-0.0202445983886719 0.053253173828125 0.174331665039063 0.251480102539063
-0.0295982360839844 0.0645637512207031 0.090087890625 0.357177734375
-0.0536079406738281 0.0535736083984375 -0.1561279296875 0.497467041015625
-0.0416412353515625 -0.0199317932128906 -0.42236328125 0.458465576171875
0.0380973815917969 -0.0652656555175781 -0.52642822265625 0.36273193359375
0.100013732910156 -0.02825927734375 -0.359161376953125 0.2318115234375
0.139152526855469 0.0117340087890625 0.0591888427734375 0.169342041015625
0.102699279785156 -0.0155105590820312 0.4580078125 -0.040069580078125
0.057037353515625 -0.020751953125 0.517333984375 -0.3243408203125
0.0219097137451172 -0.0235309600830078 0.23455810546875 -0.57257080078125
0.0173616409301758 -0.00340747833251953 -0.0660400390625 -0.57073974609375
0.00342750549316406 0.0144710540771484 -0.216156005859375 -0.477325439453125
0.0157089233398438 0.0201320648193359 -0.25885009765625 -0.227279663085938
0.0463600158691406 0.0272254943847656 -0.0345230102539062 -0.0170612335205078
0.0190620422363281 0.0563468933105469 0.020538330078125 0.135894775390625
0.00362014770507813 0.0682868957519531 0.187301635742188 0.2537841796875
-0.00696563720703126 0.0620613098144531 0.10784912109375 0.35504150390625
-0.0504913330078125 0.0427589416503906 -0.13629150390625 0.4986572265625
-0.0616722106933594 -0.0303382873535156 -0.409759521484375 0.465576171875
0.00440979003906249 -0.07037353515625 -0.52154541015625 0.373016357421875
0.0632095336914063 -0.0282058715820313 -0.364166259765625 0.236419677734375
0.106895446777344 0.0167388916015625 0.0489654541015625 0.175567626953125
0.0757064819335938 -0.00421142578125 0.4566650390625 -0.0228271484375
0.032379150390625 -0.0139484405517578 0.5333251953125 -0.308258056640625
-0.00115013122558594 -0.0218143463134766 0.253662109375 -0.56512451171875
0.00503635406494141 -0.00658941268920898 -0.04998779296875 -0.574951171875
0.00723552703857422 0.0109882354736328 -0.204132080078125 -0.4832763671875
0.0312252044677734 0.0262813568115234 -0.255523681640625 -0.228363037109375
0.0647659301757813 0.0471878051757813 -0.0332241058349609 -0.0114269256591797
0.0350418090820312 0.077789306640625 0.0322418212890625 0.145416259765625
0.0257568359375 0.0775146484375 0.192520141601562 0.25726318359375
0.010498046875 0.0567474365234375 0.115997314453125 0.360076904296875
-0.0465087890625 0.0299491882324219 -0.114776611328125 0.509857177734375
-0.0795822143554688 -0.04010009765625 -0.38958740234375 0.47662353515625
-0.0257644653320313 -0.0731735229492188 -0.502777099609375 0.38189697265625
0.0301342010498047 -0.0250244140625 -0.35565185546875 0.238006591796875
0.0764999389648438 0.0248641967773438 0.049591064453125 0.1754150390625
0.0496292114257813 0.0065765380859375 0.46173095703125 -0.013580322265625
0.00824928283691406 -0.00761318206787109 0.550140380859375 -0.29913330078125
-0.0241374969482422 -0.0213699340820313 0.272430419921875 -0.559661865234375
-0.00800800323486328 -0.0110836029052734 -0.0341796875 -0.57672119140625
0.0104961395263672 0.00608158111572266 -0.19256591796875 -0.48187255859375
0.0453338623046875 0.0299110412597656 -0.246917724609375 -0.223159790039063
0.08074951171875 0.0664901733398438 -0.0274753570556641 0.000465393066406249
0.0473251342773437 0.0906982421875 0.044189453125 0.159408569335938
0.0390167236328125 0.0791168212890625 0.19366455078125 0.26617431640625
0.0191612243652344 0.0469703674316406 0.11944580078125 0.376068115234375
-0.047576904296875 0.0196571350097656 -0.095489501953125 0.527252197265625
-0.0951004028320313 -0.0460968017578125 -0.364990234375 0.49163818359375
-0.0489959716796875 -0.0710906982421875 -0.477386474609375 0.388763427734375
0.00488471984863281 -0.0191535949707031 -0.3380126953125 0.234130859375
0.0515594482421875 0.0336189270019531 0.0622711181640625 0.170059204101563
0.0265617370605469 0.0165271759033203 0.476043701171875 -0.01580810546875
-0.0122432708740234 -0.00393486022949219 0.570068359375 -0.29736328125
-0.044097900390625 -0.0233688354492187 0.29290771484375 -0.559173583984375
-0.0176048278808594 -0.0187110900878906 -0.0179443359375 -0.57427978515625
0.0146379470825195 -0.00054931640625 -0.18084716796875 -0.47747802734375
0.058624267578125 0.0340995788574219 -0.236373901367187 -0.213180541992188
0.0900650024414063 0.0837860107421875 -0.0201606750488281 0.0175971984863281
0.0533370971679688 0.0940170288085937 0.0583038330078125 0.177520751953125
0.0414199829101563 0.072784423828125 0.194503784179688 0.27911376953125
0.0168418884277344 0.0377998352050781 0.121246337890625 0.396636962890625
-0.0546188354492188 0.0123367309570313 -0.07757568359375 0.546661376953125
-0.10528564453125 -0.0456924438476562 -0.338653564453125 0.503387451171875
-0.0605964660644531 -0.0650062561035156 -0.447052001953125 0.389862060546875
-0.00791168212890625 -0.0105962753295898 -0.31329345703125 0.225738525390625
0.0367431640625 0.0429344177246094 0.0830841064453125 0.160964965820313
0.0101432800292969 0.0239448547363281 0.495758056640625 -0.024658203125
-0.0262870788574219 -0.00236129760742188 0.5919189453125 -0.3009033203125
-0.0555419921875 -0.0291328430175781 0.310394287109375 -0.559326171875
-0.0208969116210937 -0.0280799865722656 -0.00421142578124999 -0.56817626953125
0.0210647583007813 -0.00848388671875 -0.16998291015625 -0.463714599609375
0.0679855346679688 0.0365142822265625 -0.22552490234375 -0.197006225585938
0.0900497436523438 0.095733642578125 -0.0118141174316406 0.0393142700195313
-0.04412841796875 -0.0157012939453125 0.015533447265625 0.161972045898437
-0.065826416015625 0.0314102172851562 0.136322021484375 0.28350830078125
-0.0504226684570313 0.0641212463378906 0.059112548828125 0.40777587890625
-0.0346183776855469 0.0581512451171875 -0.1544189453125 0.54571533203125
0.0112714767456055 -0.0166940689086914 -0.37939453125 0.468780517578125
0.100959777832031 -0.0584259033203125 -0.46710205078125 0.34674072265625
0.160568237304688 -0.0235748291015625 -0.28350830078125 0.201629638671875
0.19134521484375 0.0096893310546875 0.135597229003906 0.121902465820313
0.150588989257813 -0.02294921875 0.49853515625 -0.112762451171875
0.106056213378906 -0.0166015625 0.5169677734375 -0.381134033203125
0.0627632141113281 -0.0108528137207031 0.2169189453125 -0.5908203125
0.0248966217041016 0.00958442687988281 -0.0816345214843751 -0.541473388671875
-0.0241012573242188 0.00790214538574219 -0.22808837890625 -0.435516357421875
-0.0228900909423828 -0.00665473937988281 -0.245208740234375 -0.186355590820312
4.00543212890612E-05 -0.0200538635253906 -0.0204200744628906 0.0101509094238281
-0.0330581665039063 -0.00856971740722657 0.0114288330078125 0.143478393554687
-0.0585556030273437 0.0323829650878906 0.143356323242188 0.262435913085938
-0.0521163940429687 0.0648918151855469 0.05731201171875 0.385162353515625
-0.04498291015625 0.0621528625488281 -0.1697998046875 0.527557373046875
-0.00203418731689453 -0.0124835968017578 -0.4097900390625 0.464508056640625
0.09039306640625 -0.0575332641601562 -0.49566650390625 0.35113525390625
0.152374267578125 -0.0257720947265625 -0.3111572265625 0.214874267578125
0.183120727539063 0.00738525390625 0.107147216796875 0.139427185058594
0.141311645507813 -0.0269775390625 0.47821044921875 -0.092315673828125
0.0960540771484375 -0.0234375 0.506744384765625 -0.365966796875
0.0569648742675781 -0.0190467834472656 0.21112060546875 -0.58819580078125
0.0295009613037109 0.00433349609375 -0.085052490234375 -0.553741455078125
-0.0130348205566406 0.0132513046264648 -0.228546142578125 -0.45263671875
-0.0129985809326172 0.003143310546875 -0.253265380859375 -0.203659057617188
0.0112628936767578 -0.00950717926025391 -0.0266475677490234 -0.00563812255859376
-0.0176906585693359 0.00875473022460938 0.0109405517578125 0.133438110351563
-0.0417098999023438 0.0405158996582031 0.157760620117188 0.252914428710937
-0.0456695556640625 0.0647087097167969 0.0726318359375 0.3663330078125
-0.0513572692871094 0.0601463317871094 -0.16558837890625 0.511383056640625
-0.020751953125 -0.01287841796875 -0.41888427734375 0.4610595703125
0.0675315856933594 -0.0591773986816406 -0.513092041015625 0.359466552734375
0.130790710449219 -0.0273208618164062 -0.3370361328125 0.22491455078125
0.164321899414062 0.006927490234375 0.0802154541015625 0.154708862304688
0.12371826171875 -0.02386474609375 0.464324951171875 -0.0684814453125
0.0791244506835938 -0.0237274169921875 0.507476806640625 -0.347869873046875
0.0420417785644531 -0.0230522155761719 0.21453857421875 -0.58184814453125
0.0266685485839844 8.96453857421875E-05 -0.081695556640625 -0.562255859375
-0.001922607421875 0.0151243209838867 -0.22821044921875 -0.46514892578125
0.00104522705078125 0.0128889083862305 -0.259445190429687 -0.215789794921875
0.0268077850341797 0.00667190551757813 -0.0318775177001953 -0.0149803161621094
0.000421524047851561 0.0309658050537109 0.0147705078125 0.129348754882813
-0.0199203491210937 0.0531845092773438 0.176116943359375 0.2498779296875
-0.029327392578125 0.0635719299316406 0.093597412109375 0.354583740234375
-0.0526390075683594 0.0534324645996094 -0.14910888671875 0.499267578125
-0.0413475036621094 -0.0193672180175781 -0.414703369140625 0.463134765625
0.037689208984375 -0.0642738342285156 -0.52069091796875 0.367034912109375
0.0990142822265625 -0.02880859375 -0.35394287109375 0.23284912109375
0.138023376464844 0.0087127685546875 0.0603179931640625 0.164901733398438
0.101341247558594 -0.0168304443359375 0.454833984375 -0.046630859375
0.0557975769042969 -0.020416259765625 0.51422119140625 -0.329437255859375
0.0207118988037109 -0.0233974456787109 0.22808837890625 -0.57232666015625
0.0171346664428711 -0.00385379791259766 -0.0718383789062499 -0.56695556640625
0.00375747680664063 0.0139064788818359 -0.22039794921875 -0.47222900390625
0.0160579681396484 0.0201644897460938 -0.258834838867188 -0.2216796875
0.0456047058105469 0.0261802673339844 -0.0344200134277344 -0.0158843994140625
0.0183601379394531 0.0559120178222656 0.0234298706054687 0.134239196777344
0.00526809692382813 0.0686798095703125 0.188751220703125 0.251495361328125
-0.0074920654296875 0.0619087219238281 0.110443115234375 0.350830078125
-0.048309326171875 0.0433807373046875 -0.128753662109375 0.499176025390625
-0.0613746643066406 -0.0287208557128906 -0.40325927734375 0.46923828125
0.0048370361328125 -0.0694084167480469 -0.515777587890625 0.3770751953125
0.0628471374511719 -0.0291404724121094 -0.360565185546875 0.238922119140625
0.107208251953125 0.01495361328125 0.0495758056640625 0.172225952148438
0.0753402709960938 -0.00612640380859375 0.4549560546875 -0.029022216796875
0.0325164794921875 -0.0142116546630859 0.5277099609375 -0.31396484375
-0.00239753723144531 -0.020721435546875 0.246826171875 -0.56671142578125
0.00530576705932617 -0.00655126571655273 -0.05633544921875 -0.572998046875
0.00835800170898437 0.0106983184814453 -0.209320068359375 -0.477447509765625
0.0305538177490234 0.0256099700927734 -0.257110595703125 -0.222442626953125
0.0648956298828125 0.0466842651367188 -0.0330219268798828 -0.0107269287109375
0.0342636108398438 0.0769882202148438 0.0330810546875 0.142868041992188
0.0269775390625 0.0783004760742187 0.194915771484375 0.2548828125
0.01068115234375 0.0561981201171875 0.11944580078125 0.35711669921875
-0.0451202392578125 0.0307579040527344 -0.1077880859375 0.509490966796875
-0.079345703125 -0.0383377075195313 -0.382568359375 0.48095703125
-0.0255813598632813 -0.0717620849609375 -0.497344970703125 0.385711669921875
0.0288658142089844 -0.0256233215332031 -0.352874755859375 0.240142822265625
0.0763626098632813 0.0228347778320313 0.0503692626953125 0.172470092773438
0.0487098693847656 0.00530242919921875 0.460906982421875 -0.02001953125
0.00847053527832031 -0.00813007354736328 0.545684814453125 -0.3052978515625
-0.0250720977783203 -0.0203876495361328 0.26580810546875 -0.5615234375
-0.00751781463623047 -0.011052131652832 -0.0400390624999999 -0.57281494140625
0.0106945037841797 0.00609588623046875 -0.19757080078125 -0.476898193359375
0.0454139709472656 0.0303153991699219 -0.24774169921875 -0.217361450195313
0.0800552368164063 0.0650787353515625 -0.0274372100830078 0.00145912170410157
0.0474166870117188 0.0896224975585938 0.0464935302734375 0.157180786132813
0.0390243530273438 0.0787277221679688 0.195480346679688 0.263473510742188
0.0199546813964844 0.0461006164550781 0.123077392578125 0.37286376953125
-0.0473175048828125 0.0196456909179688 -0.088348388671875 0.526031494140625
-0.0943374633789063 -0.04449462890625 -0.359283447265625 0.49560546875
-0.0496559143066406 -0.0694732666015625 -0.471221923828125 0.392608642578125
0.00415420532226562 -0.0190105438232422 -0.334716796875 0.236083984375
0.0520706176757813 0.0321083068847656 0.0627899169921875 0.167877197265625
0.0260696411132813 0.0155773162841797 0.4735107421875 -0.02197265625
-0.0121965408325195 -0.00330829620361328 0.56597900390625 -0.30096435546875
-0.0439033508300781 -0.0228118896484375 0.28521728515625 -0.559906005859375
-0.0177059173583984 -0.0183391571044922 -0.02471923828125 -0.572509765625
0.0148906707763672 -0.000669479370117187 -0.18572998046875 -0.473358154296875
0.0585746765136719 0.03375244140625 -0.236099243164063 -0.208114624023438
0.0897216796875 0.082794189453125 -0.0201663970947266 0.0177783966064453
0.0537490844726563 0.094268798828125 0.0601043701171875 0.175079345703125
0.04168701171875 0.073150634765625 0.194793701171875 0.276763916015625
0.0168800354003906 0.036895751953125 0.125701904296875 0.3935546875
-0.0531463623046875 0.0129013061523438 -0.0697021484375 0.54583740234375
-0.104873657226563 -0.0434036254882812 -0.333587646484375 0.50726318359375
-0.0610618591308594 -0.0635452270507812 -0.44097900390625 0.392913818359375
-0.00809001922607422 -0.0104684829711914 -0.310546875 0.2275390625
0.0368003845214844 0.040863037109375 0.0839996337890625 0.157928466796875
0.0111885070800781 0.0236358642578125 0.4925537109375 -0.030120849609375
-0.0252189636230469 -0.00187873840332031 0.58551025390625 -0.30633544921875
-0.0558547973632813 -0.0283775329589844 0.3023681640625 -0.559417724609375
-0.0211753845214844 -0.0271244049072266 -0.01007080078125 -0.56695556640625
0.0213031768798828 -0.00827217102050781 -0.1748046875 -0.45953369140625
0.0687408447265625 0.0366134643554688 -0.225799560546875 -0.192230224609375
0.0906219482421875 0.09490966796875 -0.0114212036132812 0.0390472412109375
-0.0435867309570313 -0.0147972106933594 0.0198974609375 0.160446166992187
-0.0648612976074219 0.0318412780761719 0.138229370117188 0.2808837890625
-0.0495109558105469 0.0633811950683594 0.062164306640625 0.406524658203125
-0.0337677001953125 0.0581321716308594 -0.148468017578125 0.54583740234375
0.0110673904418945 -0.0167636871337891 -0.37451171875 0.47076416015625
0.10064697265625 -0.0589599609375 -0.461578369140625 0.347869873046875
0.159347534179688 -0.0251007080078125 -0.2799072265625 0.203277587890625
0.189346313476563 0.00750732421875 0.136054992675781 0.118675231933594
0.149734497070313 -0.02508544921875 0.4957275390625 -0.1180419921875
0.105628967285156 -0.0177383422851562 0.512115478515625 -0.38641357421875
0.0617523193359375 -0.01104736328125 0.211669921875 -0.59130859375
0.0247268676757812 0.00838088989257812 -0.0859375000000001 -0.540802001953125
-0.0246677398681641 0.00828170776367187 -0.231781005859375 -0.4322509765625
-0.0224838256835937 -0.00647926330566406 -0.247573852539062 -0.182907104492188
-0.000663757324218752 -0.0197544097900391 -0.0209884643554688 0.0105361938476563
-0.0331783294677734 -0.00832748413085938 0.0145263671875 0.142242431640625
-0.0580825805664063 0.0335884094238281 0.143829345703125 0.260894775390625
-0.0517692565917969 0.0645713806152344 0.060272216796875 0.384307861328125
-0.044189453125 0.0614852905273438 -0.163848876953125 0.5283203125
-0.00250816345214844 -0.0119199752807617 -0.403564453125 0.467041015625
0.0891342163085938 -0.0583038330078125 -0.490386962890625 0.35595703125
0.150680541992188 -0.0268707275390625 -0.308349609375 0.2152099609375
0.182342529296875 0.00482177734375 0.108345031738281 0.136474609375
0.139854431152344 -0.0287322998046875 0.47607421875 -0.0985107421875
0.095489501953125 -0.02423095703125 0.503753662109375 -0.370849609375
0.0565948486328125 -0.0183029174804687 0.20660400390625 -0.58892822265625
0.0298213958740234 0.00469398498535156 -0.0906982421875 -0.552032470703125
-0.0125436782836914 0.0133199691772461 -0.23358154296875 -0.447967529296875
-0.0124149322509766 0.00354194641113281 -0.254257202148438 -0.198974609375
0.00986671447753906 -0.010035514831543 -0.0266780853271484 -0.00502967834472657
-0.0173549652099609 0.00807762145996094 0.01190185546875 0.132637023925781
-0.0416221618652344 0.0401039123535156 0.158737182617187 0.251373291015625
-0.0446052551269531 0.0639801025390625 0.075531005859375 0.366485595703125
-0.0509719848632813 0.0602989196777344 -0.158416748046875 0.5118408203125
-0.0211715698242187 -0.0124244689941406 -0.4129638671875 0.465118408203125
0.0672836303710938 -0.0596466064453125 -0.50927734375 0.362701416015625
0.130096435546875 -0.0283584594726563 -0.332489013671875 0.22723388671875
0.16375732421875 0.0048980712890625 0.081817626953125 0.151763916015625
0.122688293457031 -0.0266265869140625 0.460052490234375 -0.073455810546875
0.0783767700195313 -0.0248489379882813 0.502685546875 -0.353607177734375
0.0416450500488281 -0.0231132507324219 0.209716796875 -0.58294677734375
0.026214599609375 -0.000619888305664063 -0.0861511230468749 -0.561553955078125
-0.00245189666748047 0.0158605575561523 -0.23211669921875 -0.460205078125
0.00147724151611328 0.01263427734375 -0.259109497070313 -0.210830688476562
0.026123046875 0.00593185424804688 -0.0327129364013672 -0.0143108367919922
0.000581741333007814 0.031768798828125 0.0169448852539062 0.1295166015625
-0.0197982788085938 0.0535125732421875 0.17578125 0.246963500976563
-0.0284080505371094 0.0630340576171875 0.0947265625 0.353546142578125
-0.0515708923339844 0.0531959533691406 -0.143341064453125 0.501373291015625
-0.041168212890625 -0.0186195373535156 -0.41070556640625 0.4664306640625
0.0364570617675781 -0.0633621215820313 -0.515625 0.3707275390625
0.098480224609375 -0.0300750732421875 -0.351654052734375 0.23468017578125
0.136459350585938 0.00705718994140625 0.0615234375 0.163314819335938
0.099761962890625 -0.0180282592773438 0.453826904296875 -0.052154541015625
0.0554885864257812 -0.0217361450195312 0.510833740234375 -0.332977294921875
0.0208721160888672 -0.0228023529052734 0.22296142578125 -0.574951171875
0.0171108245849609 -0.00394821166992188 -0.07647705078125 -0.5648193359375
0.00390052795410156 0.0145368576049805 -0.223724365234375 -0.468109130859375
0.0162258148193359 0.0208988189697266 -0.260116577148438 -0.217178344726563
0.0453338623046875 0.0256805419921875 -0.0345897674560547 -0.0156383514404297
0.0190391540527344 0.0568275451660156 0.0253982543945313 0.132492065429688
0.00506591796874999 0.0679206848144531 0.188751220703125 0.248504638671875
-0.007720947265625 0.0605430603027344 0.11309814453125 0.3507080078125
-0.0475006103515625 0.042816162109375 -0.1220703125 0.50140380859375
-0.0610313415527344 -0.0272369384765625 -0.39776611328125 0.4736328125
0.00331878662109375 -0.0682945251464844 -0.510986328125 0.380889892578125
0.0614662170410156 -0.0289573669433594 -0.356536865234375 0.240966796875
0.105667114257813 0.0132675170898438 0.050018310546875 0.169723510742188
0.07354736328125 -0.00748443603515625 0.4527587890625 -0.034942626953125
0.0317859649658203 -0.0153160095214844 0.524810791015625 -0.318023681640625
-0.0020294189453125 -0.021392822265625 0.2410888671875 -0.56829833984375
0.00452470779418945 -0.00661849975585938 -0.0615234375 -0.571044921875
0.00818252563476563 0.0118675231933594 -0.214141845703125 -0.47442626953125
0.0316791534423828 0.0261096954345703 -0.257354736328125 -0.21832275390625
0.0643043518066406 0.0454597473144531 -0.0331096649169922 -0.0100517272949219
0.0351333618164063 0.0781402587890625 0.0357818603515625 0.141693115234375
0.0264205932617188 0.07843017578125 0.195205688476562 0.253036499023437
0.0112342834472656 0.0553054809570313 0.121856689453125 0.35614013671875
-0.0446014404296875 0.0307159423828125 -0.10186767578125 0.50994873046875
-0.078826904296875 -0.0368499755859375 -0.3780517578125 0.4840087890625
-0.0270538330078125 -0.0702629089355469 -0.491607666015625 0.390411376953125
0.0280075073242187 -0.0258331298828125 -0.35052490234375 0.242095947265625
0.07586669921875 0.0218124389648438 0.05133056640625 0.170394897460938
0.0484390258789063 0.00484466552734375 0.45770263671875 -0.02593994140625
0.00878095626831055 -0.0081939697265625 0.54364013671875 -0.31036376953125
-0.0256710052490234 -0.0203132629394531 0.26068115234375 -0.56280517578125
-0.00790596008300781 -0.0102615356445313 -0.0455322265625 -0.57183837890625
0.0114097595214844 0.00667381286621094 -0.200958251953125 -0.47381591796875
0.0461196899414063 0.0299301147460938 -0.248062133789063 -0.213134765625
0.080078125 0.064910888671875 -0.0275192260742187 0.00239372253417969
0.0485153198242188 0.0912551879882813 0.048431396484375 0.15631103515625
0.0396881103515625 0.0792312622070313 0.196456909179688 0.261474609375
0.0201797485351562 0.0452766418457031 0.1246337890625 0.37115478515625
-0.0462379455566406 0.0205230712890625 -0.081085205078125 0.52593994140625
-0.09442138671875 -0.0425643920898437 -0.352264404296875 0.497772216796875
-0.0501708984375 -0.0684547424316406 -0.46630859375 0.395965576171875
0.00419044494628906 -0.0187416076660156 -0.33245849609375 0.237579345703125
0.051422119140625 0.0308265686035156 0.06317138671875 0.165023803710938
0.0257892608642578 0.015655517578125 0.471832275390625 -0.026885986328125
-0.0119562149047852 -0.00355243682861328 0.5634765625 -0.3074951171875
-0.0440711975097656 -0.0218353271484375 0.279754638671875 -0.56134033203125
-0.0169811248779297 -0.0184040069580078 -0.02960205078125 -0.57135009765625
0.015167236328125 -0.000988006591796875 -0.1895751953125 -0.46917724609375
0.0589599609375 0.0329971313476562 -0.236770629882813 -0.2034912109375
0.0893783569335938 0.0816116333007813 -0.0185146331787109 0.0186576843261719
0.0547866821289063 0.0943145751953125 0.0630340576171875 0.173583984375
0.042144775390625 0.07232666015625 0.197982788085938 0.273544311523438
0.0174598693847656 0.035980224609375 0.12738037109375 0.392120361328125
-0.0517082214355469 0.0135498046875 -0.062835693359375 0.5455322265625
-0.104507446289063 -0.0415420532226562 -0.327056884765625 0.5089111328125
-0.061431884765625 -0.0620880126953125 -0.43646240234375 0.39630126953125
-0.00829887390136719 -0.0108604431152344 -0.308563232421875 0.230682373046875
0.0363731384277344 0.0403976440429688 0.084381103515625 0.155670166015625
0.00964736938476563 0.0227146148681641 0.490509033203125 -0.036041259765625
-0.0256061553955078 -0.00190544128417968 0.5828857421875 -0.311279296875
-0.0551185607910156 -0.0272064208984375 0.298675537109375 -0.5611572265625
-0.0214595794677734 -0.0262069702148437 -0.01446533203125 -0.56494140625
0.0212993621826172 -0.00676727294921875 -0.1793212890625 -0.457550048828125
0.0696792602539063 0.0364532470703125 -0.225875854492188 -0.187973022460937
0.0907363891601563 0.0937728881835938 -0.010955810546875 0.0391159057617188
-0.0441246032714844 -0.0135955810546875 0.0218353271484375 0.1595458984375
-0.0647697448730469 0.0314559936523437 0.141021728515625 0.280380249023438
-0.0485992431640625 0.0632133483886719 0.065399169921875 0.406463623046875
-0.03277587890625 0.0579490661621094 -0.143707275390625 0.5469970703125
0.0117454528808594 -0.0166301727294922 -0.3702392578125 0.474945068359375
0.0998764038085937 -0.0590972900390625 -0.459259033203125 0.351654052734375
0.159011840820313 -0.0261993408203125 -0.278167724609375 0.204635620117188
0.18817138671875 0.0054168701171875 0.135040283203125 0.116920471191406
0.147857666015625 -0.0265655517578125 0.49407958984375 -0.123748779296875
0.104995727539063 -0.01873779296875 0.5113525390625 -0.38916015625
0.0611457824707031 -0.0118904113769531 0.20721435546875 -0.59173583984375
0.0255832672119141 0.00860023498535156 -0.089141845703125 -0.540283203125
-0.0246524810791016 0.00823783874511719 -0.2349853515625 -0.42889404296875
-0.0216312408447266 -0.00594711303710938 -0.246185302734375 -0.17877197265625
-0.000719070434570314 -0.0202522277832031 -0.0202484130859375 0.0101604461669922
-0.0330429077148438 -0.00789642333984376 0.01629638671875 0.141448974609375
-0.0579376220703125 0.0327110290527344 0.14434814453125 0.260528564453125
-0.05133056640625 0.0639801025390625 0.06256103515625 0.384490966796875
-0.0432281494140625 0.0616798400878906 -0.158660888671875 0.531005859375
-0.00227642059326172 -0.0115642547607422 -0.400482177734375 0.471893310546875
0.0895919799804688 -0.0579299926757813 -0.487457275390625 0.358978271484375
0.151214599609375 -0.0287933349609375 -0.3057861328125 0.2159423828125
0.18121337890625 0.0034637451171875 0.107597351074219 0.134384155273438
0.138938903808594 -0.0302886962890625 0.4749755859375 -0.1026611328125
0.0944747924804688 -0.0250473022460938 0.501739501953125 -0.375946044921875
0.0554580688476563 -0.0188674926757813 0.20001220703125 -0.590576171875
0.0292587280273438 0.00419998168945313 -0.094696044921875 -0.551116943359375
-0.0125732421875 0.012934684753418 -0.23736572265625 -0.445281982421875
-0.0120019912719727 0.00377464294433594 -0.254257202148437 -0.1949462890625
0.00955677032470703 -0.009918212890625 -0.0264530181884766 -0.00474929809570312
-0.0171031951904297 0.00913047790527344 0.0148544311523437 0.131507873535156
-0.0413551330566406 0.0410690307617188 0.160491943359375 0.250625610351563
-0.0448493957519531 0.0642204284667969 0.077484130859375 0.365570068359375
-0.0498580932617187 0.0599441528320313 -0.1536865234375 0.513946533203125
-0.0208454132080078 -0.0115089416503906 -0.408966064453125 0.46942138671875
0.0664710998535156 -0.0588836669921875 -0.50653076171875 0.36676025390625
0.129104614257813 -0.0294113159179688 -0.3311767578125 0.22857666015625
0.16290283203125 0.0023040771484375 0.08111572265625 0.149002075195313
0.121719360351563 -0.0274124145507813 0.459716796875 -0.078582763671875
0.0779037475585938 -0.0257644653320313 0.50146484375 -0.356231689453125
0.0406570434570313 -0.0228271484375 0.20465087890625 -0.5850830078125
0.0261650085449219 -0.00048828125 -0.09100341796875 -0.55865478515625
-0.00225925445556641 0.0146512985229492 -0.235443115234375 -0.4581298828125
0.00185680389404297 0.012664794921875 -0.25897216796875 -0.206573486328125
0.0262298583984375 0.00660133361816406 -0.0327167510986328 -0.0136470794677734
0.000823974609375 0.0324573516845703 0.0183868408203125 0.1282958984375
-0.018707275390625 0.0540847778320313 0.178329467773438 0.24652099609375
-0.0288276672363281 0.0625534057617188 0.0970458984375 0.3529052734375
-0.0513458251953125 0.0528602600097656 -0.13720703125 0.5023193359375
-0.0415382385253906 -0.0173416137695313 -0.405975341796875 0.47021484375
0.0360527038574219 -0.0635719299316406 -0.513153076171875 0.374755859375
0.0975112915039063 -0.0296707153320313 -0.348052978515625 0.236846923828125
0.13543701171875 0.00676727294921875 0.0613861083984375 0.1612548828125
0.0996856689453125 -0.0194778442382813 0.45196533203125 -0.055694580078125
0.0559616088867188 -0.0217971801757813 0.508026123046875 -0.338653564453125
0.020538330078125 -0.0229396820068359 0.2181396484375 -0.575927734375
0.0173168182373047 -0.00438499450683594 -0.08050537109375 -0.56561279296875
0.00471878051757812 0.0138359069824219 -0.228240966796875 -0.46636962890625
0.0165634155273438 0.0209102630615234 -0.261428833007813 -0.2139892578125
0.0449600219726563 0.0246086120605469 -0.0344734191894531 -0.0148811340332031
0.0196075439453125 0.0571022033691406 0.0268630981445312 0.132392883300781
0.006317138671875 0.0682640075683594 0.190414428710938 0.247695922851563
-0.00686264038085938 0.0607986450195313 0.116302490234375 0.350830078125
-0.0469703674316406 0.0433998107910156 -0.117401123046875 0.502532958984375
-0.0614738464355469 -0.02679443359375 -0.392852783203125 0.478057861328125
0.00346755981445312 -0.0673255920410156 -0.507720947265625 0.386077880859375
0.061492919921875 -0.0299873352050781 -0.35498046875 0.242919921875
0.105415344238281 0.0120697021484375 0.0521697998046875 0.167449951171875
0.074066162109375 -0.0079345703125 0.452056884765625 -0.03955078125
0.03192138671875 -0.0155410766601563 0.5242919921875 -0.32257080078125
-0.00251960754394531 -0.0208511352539063 0.23565673828125 -0.56988525390625
0.00517940521240234 -0.00624656677246094 -0.0653076171875 -0.57122802734375
0.00848484039306641 0.0115480422973633 -0.216796875 -0.4703369140625
0.0315322875976563 0.0254497528076172 -0.258209228515625 -0.214202880859375
0.0642051696777344 0.044921875 -0.0327224731445312 -0.00921058654785156
0.0362167358398438 0.0781097412109375 0.0379638671875 0.140945434570313
0.0274581909179688 0.078369140625 0.1968994140625 0.251373291015625
0.0113067626953125 0.0542945861816406 0.122833251953125 0.356170654296875
-0.0436210632324219 0.0310592651367187 -0.096588134765625 0.51116943359375
-0.0790786743164063 -0.03515625 -0.372100830078125 0.487762451171875
-0.0264434814453125 -0.0699958801269531 -0.490234375 0.39434814453125
0.0276203155517578 -0.0261116027832031 -0.348236083984375 0.24267578125
0.074493408203125 0.020172119140625 0.05206298828125 0.16827392578125
0.0477523803710937 0.00350189208984375 0.457183837890625 -0.031707763671875
0.00929927825927734 -0.00813198089599609 0.5400390625 -0.314422607421875
-0.0255832672119141 -0.0190906524658203 0.25640869140625 -0.56463623046875
-0.00786113739013672 -0.0108499526977539 -0.04864501953125 -0.57232666015625
0.0112905502319336 0.00626754760742187 -0.204132080078125 -0.472076416015625
0.0462646484375 0.030059814453125 -0.249923706054687 -0.209396362304688
0.0797805786132813 0.0646743774414063 -0.027618408203125 0.00174713134765625
0.0485992431640625 0.0914382934570313 0.050018310546875 0.1552734375
0.0406875610351563 0.0789413452148437 0.1986083984375 0.258834838867188
0.0195655822753906 0.0455474853515625 0.126983642578125 0.3707275390625
-0.0457000732421875 0.0205039978027344 -0.074951171875 0.528045654296875
-0.09490966796875 -0.0407333374023437 -0.3497314453125 0.502471923828125
-0.0500831604003906 -0.0673561096191406 -0.46368408203125 0.40032958984375
0.00343704223632812 -0.0188694000244141 -0.330810546875 0.2403564453125
0.05035400390625 0.0303611755371094 0.063751220703125 0.164093017578125
0.0253791809082031 0.0145740509033203 0.47039794921875 -0.03179931640625
-0.0115890502929687 -0.00382709503173828 0.55975341796875 -0.310302734375
-0.04412841796875 -0.0210342407226563 0.275146484375 -0.56378173828125
-0.0175361633300781 -0.0173807144165039 -0.0344848632812501 -0.57110595703125
0.0160818099975586 -0.000481605529785156 -0.19482421875 -0.467681884765625
0.059112548828125 0.0333938598632812 -0.237762451171875 -0.2010498046875
0.0892410278320313 0.0813751220703125 -0.0188236236572266 0.0195598602294922
0.0546035766601562 0.0933151245117188 0.0644073486328125 0.172256469726563
0.0426177978515625 0.0727005004882813 0.198837280273438 0.271713256835938
0.0173301696777344 0.036102294921875 0.130859375 0.3905029296875
-0.0515785217285156 0.0136947631835938 -0.057220458984375 0.545440673828125
-0.104293823242188 -0.0401992797851563 -0.32305908203125 0.5133056640625
-0.06103515625 -0.0610237121582031 -0.4334716796875 0.400421142578125
-0.00795841217041015 -0.0105276107788086 -0.30462646484375 0.231781005859375
0.0355911254882812 0.0394744873046875 0.084930419921875 0.1539306640625
0.0107269287109375 0.0219058990478516 0.489471435546875 -0.04010009765625
-0.0254268646240234 -0.00122642517089844 0.5806884765625 -0.31640625
-0.0552520751953125 -0.0257148742675781 0.2950439453125 -0.56488037109375
-0.0209484100341797 -0.0260810852050781 -0.019775390625 -0.564453125
0.0212364196777344 -0.00732803344726562 -0.183349609375 -0.455047607421875
0.0693321228027344 0.035858154296875 -0.22607421875 -0.184173583984375
0.090057373046875 0.0929946899414063 -0.0101127624511719 0.0394325256347656
-0.0438156127929688 -0.0141029357910156 0.0232696533203125 0.158889770507812
-0.0637664794921875 0.0321464538574219 0.142974853515625 0.279876708984375
-0.0477714538574219 0.0625 0.068572998046875 0.406890869140625
-0.0320892333984375 0.0578575134277344 -0.1390380859375 0.550262451171875
0.011357307434082 -0.0164089202880859 -0.36798095703125 0.479461669921875
0.0992813110351563 -0.058929443359375 -0.457672119140625 0.356353759765625
0.158401489257813 -0.02752685546875 -0.277755737304688 0.205490112304687
0.187545776367188 0.00299072265625 0.134986877441406 0.114662170410156
0.14654541015625 -0.027618408203125 0.492462158203125 -0.12811279296875
0.104286193847656 -0.0195159912109375 0.508697509765625 -0.394683837890625
0.0604095458984375 -0.0120925903320312 0.20263671875 -0.594970703125
0.0252838134765625 0.00842094421386719 -0.094451904296875 -0.53955078125
-0.0240554809570312 0.0081787109375 -0.23974609375 -0.426513671875
-0.0215511322021484 -0.00673294067382813 -0.246963500976563 -0.174331665039063
-0.00172233581542969 -0.0205192565917969 -0.0210647583007813 0.0109996795654297
-0.0330047607421875 -0.00691986083984374 0.018585205078125 0.140464782714844
-0.0576248168945313 0.0334129333496094 0.146621704101563 0.26043701171875
-0.0505142211914062 0.0636978149414063 0.0645751953125 0.385406494140625
-0.0422782897949219 0.0606422424316406 -0.15478515625 0.531829833984375
-0.00142192840576172 -0.0110893249511719 -0.39788818359375 0.4744873046875
0.0887069702148438 -0.0582504272460938 -0.485107421875 0.362945556640625
0.151535034179687 -0.028900146484375 -0.304931640625 0.218780517578125
0.179779052734375 0.001434326171875 0.108589172363281 0.131477355957031
0.137672424316406 -0.0316238403320313 0.472412109375 -0.109100341796875
0.0954437255859375 -0.0252914428710938 0.499908447265625 -0.380279541015625
0.0554008483886719 -0.0196876525878906 0.1983642578125 -0.59246826171875
0.0293941497802734 0.00352287292480469 -0.098419189453125 -0.551239013671875
-0.0125827789306641 0.0126142501831055 -0.241241455078125 -0.443695068359375
-0.0114192962646484 0.00345611572265625 -0.254898071289063 -0.190994262695312
0.009857177734375 -0.00989151000976563 -0.0268440246582031 -0.00487327575683594
-0.0175933837890625 0.00955390930175781 0.0166168212890625 0.130874633789063
-0.0409355163574219 0.0420684814453125 0.161788940429688 0.250045776367188
-0.0438804626464844 0.0633430480957031 0.079345703125 0.3663330078125
-0.0490951538085938 0.0593414306640625 -0.149871826171875 0.515838623046875
-0.0207309722900391 -0.0113658905029297 -0.4053955078125 0.473876953125
0.0663604736328125 -0.0595817565917969 -0.50494384765625 0.371673583984375
0.128410339355469 -0.0315170288085938 -0.330474853515625 0.22979736328125
0.162750244140625 0.001068115234375 0.0823974609375 0.147506713867188
0.120689392089844 -0.0291061401367187 0.458709716796875 -0.08367919921875
0.0775070190429688 -0.0260009765625 0.50006103515625 -0.36260986328125
0.04058837890625 -0.0229835510253906 0.20086669921875 -0.58648681640625
0.0265369415283203 -0.000913619995117188 -0.0945434570312499 -0.56005859375
-0.00248813629150391 0.0148735046386719 -0.239288330078125 -0.4561767578125
0.00186824798583984 0.0135669708251953 -0.261505126953125 -0.204483032226563
0.0256805419921875 0.00629615783691406 -0.0330486297607422 -0.0133953094482422
0.000751495361328129 0.0324726104736328 0.0198593139648437 0.127548217773438
-0.0188789367675781 0.0551300048828125 0.1785888671875 0.246322631835938
-0.0275688171386719 0.0623626708984375 0.099609375 0.35321044921875
-0.0501747131347656 0.0529670715332031 -0.13299560546875 0.504364013671875
-0.0415534973144531 -0.0167999267578125 -0.401763916015625 0.47393798828125
0.0365219116210938 -0.0633430480957031 -0.510894775390625 0.37969970703125
0.0971527099609375 -0.031219482421875 -0.34649658203125 0.23895263671875
0.135261535644531 0.00426483154296875 0.061859130859375 0.159103393554687
0.0986175537109375 -0.020751953125 0.45220947265625 -0.06146240234375
0.0558052062988281 -0.0224227905273438 0.506195068359375 -0.343048095703125
0.0204887390136719 -0.0228309631347656 0.21429443359375 -0.5789794921875
0.0177879333496094 -0.00439834594726562 -0.08465576171875 -0.564697265625
0.00506591796875 0.0140209197998047 -0.232513427734375 -0.464874267578125
0.0170459747314453 0.0199832916259766 -0.262039184570313 -0.209808349609375
0.0448188781738281 0.0244903564453125 -0.0356254577636719 -0.0149993896484375
0.0194244384765625 0.0578041076660156 0.0285797119140625 0.131584167480469
0.0060882568359375 0.0694770812988281 0.192947387695313 0.246780395507813
-0.00634002685546875 0.0602989196777344 0.117645263671875 0.350830078125
-0.0465507507324219 0.0430641174316406 -0.111602783203125 0.504425048828125
-0.0612106323242188 -0.0258827209472656 -0.391204833984375 0.4814453125
0.00327682495117188 -0.0669174194335938 -0.50579833984375 0.3890380859375
0.0614356994628906 -0.0302505493164062 -0.353118896484375 0.24462890625
0.104202270507813 0.0113372802734375 0.0511932373046875 0.166290283203125
0.0729293823242187 -0.00948333740234375 0.451690673828125 -0.044097900390625
0.0316143035888672 -0.0154972076416016 0.522979736328125 -0.32928466796875
-0.00303268432617188 -0.0198440551757813 0.23333740234375 -0.57269287109375
0.00484704971313476 -0.00612592697143555 -0.07049560546875 -0.571044921875
0.00826072692871094 0.0110759735107422 -0.2213134765625 -0.47088623046875
0.031219482421875 0.0263290405273437 -0.25909423828125 -0.211257934570313
0.0638618469238281 0.0453643798828125 -0.0327281951904297 -0.00925827026367187
0.0366973876953125 0.0783615112304688 0.0394058227539062 0.140029907226563
0.027679443359375 0.0780410766601563 0.197860717773438 0.2513427734375
0.01141357421875 0.0536842346191406 0.12640380859375 0.3565673828125
-0.0432090759277344 0.0313186645507813 -0.091156005859375 0.5126953125
-0.0793685913085938 -0.0341720581054688 -0.369720458984375 0.492828369140625
-0.0269622802734375 -0.0690841674804688 -0.4862060546875 0.39794921875
0.0277996063232422 -0.0262336730957031 -0.34588623046875 0.2462158203125
0.073883056640625 0.019622802734375 0.052490234375 0.1676025390625
0.0468292236328125 0.00264358520507813 0.457000732421875 -0.03460693359375
0.00856685638427734 -0.00808000564575195 0.53948974609375 -0.319915771484375
-0.0253677368164063 -0.0183277130126953 0.2535400390625 -0.56793212890625
-0.00765132904052734 -0.0108814239501953 -0.054443359375 -0.57183837890625
0.0113792419433594 0.00649833679199219 -0.208526611328125 -0.4698486328125
0.0466270446777344 0.0300941467285156 -0.250106811523438 -0.207199096679688
0.0795745849609375 0.0633087158203125 -0.0266189575195312 0.00171279907226563
0.0489349365234375 0.0920333862304687 0.0524139404296875 0.153915405273437
0.0411758422851563 0.0788803100585937 0.198638916015625 0.258453369140625
0.0202255249023437 0.0455818176269531 0.130340576171875 0.37127685546875
-0.0445785522460937 0.0204887390136719 -0.0716552734375 0.528900146484375
-0.0947265625 -0.0389404296875 -0.34515380859375 0.50677490234375
-0.0510711669921875 -0.0663909912109375 -0.460784912109375 0.405548095703125
0.002471923828125 -0.0187625885009766 -0.328765869140625 0.24237060546875
0.0499343872070313 0.0301933288574219 0.064666748046875 0.162033081054688
0.0247688293457031 0.0133762359619141 0.469970703125 -0.037384033203125
-0.011260986328125 -0.0033416748046875 0.559906005859375 -0.3177490234375
-0.044647216796875 -0.0201950073242187 0.2718505859375 -0.566650390625
-0.0163726806640625 -0.017024040222168 -0.03790283203125 -0.5706787109375
0.0160417556762695 -0.000388145446777344 -0.19696044921875 -0.4642333984375
0.0595893859863281 0.0327529907226563 -0.238693237304688 -0.197189331054688
0.0890121459960938 0.0806427001953125 -0.0189304351806641 0.0196323394775391
0.0552444458007813 0.0942916870117188 0.066802978515625 0.170761108398438
0.0426864624023438 0.0733871459960938 0.201126098632813 0.2705078125
0.016937255859375 0.0355491638183594 0.133056640625 0.391357421875
-0.051116943359375 0.0142288208007812 -0.052398681640625 0.548614501953125
-0.103874206542969 -0.0385971069335937 -0.31842041015625 0.517669677734375
-0.061279296875 -0.0600357055664062 -0.43133544921875 0.406097412109375
-0.00916290283203125 -0.0108194351196289 -0.303955078125 0.23388671875
0.0360565185546875 0.0393447875976563 0.084686279296875 0.151824951171875
0.00956535339355469 0.0216655731201172 0.4884033203125 -0.045562744140625
-0.0255146026611328 -0.00133514404296874 0.58123779296875 -0.3221435546875
-0.0564994812011719 -0.0247421264648438 0.2908935546875 -0.5662841796875
-0.0212860107421875 -0.0261821746826172 -0.02313232421875 -0.564697265625
0.0222091674804688 -0.00724411010742187 -0.18646240234375 -0.454742431640625
0.0693893432617188 0.0360298156738281 -0.227020263671875 -0.181640625
0.0900497436523438 0.0922622680664063 -0.0102577209472656 0.0396041870117188
-0.04412841796875 -0.0125503540039063 0.026092529296875 0.158599853515625
-0.06414794921875 0.0325393676757813 0.145431518554687 0.28076171875
-0.0480537414550781 0.0621757507324219 0.070648193359375 0.40814208984375
-0.0318374633789062 0.0568351745605469 -0.13525390625 0.553802490234375
0.011444091796875 -0.016423225402832 -0.36566162109375 0.484161376953125
0.0995407104492188 -0.0596084594726563 -0.45721435546875 0.361358642578125
0.15838623046875 -0.029510498046875 -0.275711059570313 0.206680297851563
0.186996459960937 0.0013275146484375 0.136016845703125 0.112388610839844
0.146820068359375 -0.0295562744140625 0.4931640625 -0.13226318359375
0.104545593261719 -0.0205841064453125 0.50994873046875 -0.400177001953125
0.0607109069824219 -0.0120697021484375 0.20025634765625 -0.5992431640625
0.0250949859619141 0.00799751281738281 -0.097564697265625 -0.541473388671875
-0.0244979858398438 0.00798797607421875 -0.243011474609375 -0.426177978515625
-0.0215187072753906 -0.00628089904785156 -0.248214721679688 -0.173187255859375
-0.00147819519042969 -0.0208797454833984 -0.0198955535888672 0.0118064880371094
-0.0334262847900391 -0.00664710998535156 0.0198287963867188 0.139968872070313
-0.0569992065429688 0.03411865234375 0.14837646484375 0.260757446289063
-0.0506629943847656 0.06317138671875 0.067626953125 0.388580322265625
-0.0416603088378906 0.0607643127441406 -0.1500244140625 0.536773681640625
-0.00228786468505859 -0.0116424560546875 -0.395477294921875 0.48065185546875
0.0887908935546875 -0.05902099609375 -0.48486328125 0.36700439453125
0.150497436523438 -0.030487060546875 -0.30474853515625 0.22003173828125
0.179443359375 -0.00079345703125 0.107772827148438 0.129196166992188
0.135871887207031 -0.033111572265625 0.47320556640625 -0.112091064453125
0.0949249267578125 -0.02685546875 0.49969482421875 -0.386505126953125
0.0539360046386719 -0.0197296142578125 0.1927490234375 -0.59686279296875
0.0298595428466797 0.00307464599609375 -0.101837158203125 -0.553070068359375
-0.0120811462402344 0.0131645202636719 -0.24554443359375 -0.44427490234375
-0.0117578506469727 0.00309658050537109 -0.25689697265625 -0.189178466796875
0.00870609283447266 -0.0102138519287109 -0.0267066955566406 -0.00458526611328125
-0.0178279876708984 0.0108184814453125 0.0183486938476562 0.130462646484375
-0.0413589477539062 0.0417060852050781 0.163314819335938 0.250045776367188
-0.0437965393066406 0.0636825561523438 0.082122802734375 0.36785888671875
-0.0492134094238281 0.0600128173828125 -0.14483642578125 0.520416259765625
-0.0204639434814453 -0.0108966827392578 -0.403717041015625 0.478607177734375
0.0662345886230469 -0.059722900390625 -0.50286865234375 0.375885009765625
0.1280517578125 -0.0313339233398438 -0.3289794921875 0.232391357421875
0.161331176757813 -0.0010528564453125 0.081878662109375 0.145904541015625
0.120246887207031 -0.0306777954101563 0.4599609375 -0.088165283203125
0.0776138305664063 -0.0270538330078125 0.500732421875 -0.366363525390625
0.0401763916015625 -0.02313232421875 0.1983642578125 -0.59124755859375
0.0272846221923828 -0.00130653381347656 -0.0978088378906251 -0.5618896484375
-0.00189208984375 0.0146923065185547 -0.243682861328125 -0.455902099609375
0.00233268737792969 0.012939453125 -0.2620849609375 -0.202407836914063
0.025604248046875 0.00635910034179688 -0.0322036743164062 -0.0124835968017578
0.00107955932617187 0.0334663391113281 0.0214920043945312 0.126350402832031
-0.01739501953125 0.0545921325683594 0.181427001953125 0.24798583984375
-0.0276374816894531 0.06231689453125 0.102081298828125 0.355255126953125
-0.0496673583984375 0.0531654357910156 -0.12921142578125 0.5079345703125
-0.0413398742675781 -0.0159187316894531 -0.399932861328125 0.4798583984375
0.0364303588867188 -0.0626258850097656 -0.509979248046875 0.38470458984375
0.0965042114257813 -0.0318984985351563 -0.34722900390625 0.240447998046875
0.134414672851563 0.002716064453125 0.0619964599609375 0.157791137695313
0.0973892211914063 -0.02301025390625 0.45220947265625 -0.066131591796875
0.0561447143554687 -0.0230369567871094 0.508392333984375 -0.34771728515625
0.0198783874511719 -0.0227470397949219 0.212890625 -0.5831298828125
0.0174961090087891 -0.00415897369384766 -0.0885009765625 -0.5675048828125
0.00486660003662109 0.0139312744140625 -0.236175537109375 -0.464935302734375
0.0173301696777344 0.0209178924560547 -0.263504028320313 -0.207046508789062
0.0441322326660156 0.0241012573242187 -0.0345497131347656 -0.0146942138671875
0.0196418762207031 0.0582618713378906 0.0304412841796875 0.130485534667969
0.00603866577148437 0.0689048767089844 0.194412231445313 0.247390747070313
-0.00608444213867188 0.060211181640625 0.119842529296875 0.350860595703125
-0.0457649230957031 0.0434646606445313 -0.10791015625 0.508026123046875
-0.0612068176269531 -0.0250015258789063 -0.387603759765625 0.4873046875
0.00305175781250001 -0.0669212341308594 -0.5054931640625 0.39508056640625
0.0606040954589844 -0.0299911499023438 -0.353759765625 0.2467041015625
0.1033935546875 0.01007080078125 0.051727294921875 0.16510009765625
0.0723953247070313 -0.0102996826171875 0.451812744140625 -0.04864501953125
0.0329189300537109 -0.016082763671875 0.5225830078125 -0.33343505859375
-0.00298118591308594 -0.0197124481201172 0.2308349609375 -0.5770263671875
0.00550127029418945 -0.00617074966430664 -0.0743408203125 -0.57305908203125
0.00900459289550781 0.0117368698120117 -0.22503662109375 -0.470611572265625
0.0327186584472656 0.0258159637451172 -0.260147094726563 -0.209762573242187
0.0640029907226563 0.0441932678222656 -0.0334854125976562 -0.00897979736328125
0.0362930297851562 0.079864501953125 0.0417251586914063 0.140251159667969
0.0278167724609375 0.0790481567382813 0.200088500976562 0.251083374023438
0.0121726989746094 0.0544815063476563 0.12945556640625 0.356903076171875
-0.0434722900390625 0.0323371887207031 -0.08673095703125 0.51678466796875
-0.0793914794921875 -0.0331954956054687 -0.36846923828125 0.498809814453125
-0.0272064208984375 -0.0682525634765625 -0.4852294921875 0.40277099609375
0.0277614593505859 -0.0259284973144531 -0.344879150390625 0.248077392578125
0.0736312866210938 0.0185699462890625 0.0529327392578125 0.166000366210938
0.0461769104003906 0.00163650512695312 0.458343505859375 -0.04010009765625
0.00953578948974609 -0.00876140594482422 0.539093017578125 -0.325286865234375
-0.026397705078125 -0.0185394287109375 0.2506103515625 -0.5723876953125
-0.00727272033691406 -0.0104942321777344 -0.0576171875000001 -0.572265625
0.0112314224243164 0.00720500946044922 -0.213104248046875 -0.4700927734375
0.0471687316894531 0.0297927856445313 -0.251129150390625 -0.205184936523438
0.080230712890625 0.0638351440429688 -0.0277919769287109 0.0018157958984375
0.0501708984375 0.0920486450195313 0.0545196533203125 0.15350341796875
0.0414352416992188 0.0791015625 0.201950073242188 0.258758544921875
0.0201988220214844 0.0450248718261719 0.133056640625 0.371673583984375
-0.0444526672363281 0.021453857421875 -0.066925048828125 0.533294677734375
-0.0940170288085938 -0.0385284423828125 -0.342010498046875 0.511322021484375
-0.0505599975585937 -0.0659523010253906 -0.459686279296875 0.409393310546875
0.00268173217773438 -0.0187606811523438 -0.329345703125 0.245269775390625
0.0488052368164063 0.0289192199707031 0.0644378662109375 0.160659790039063
0.0246353149414063 0.0126361846923828 0.470916748046875 -0.0406494140625
-0.0113544464111328 -0.00375175476074219 0.5609130859375 -0.322265625
-0.0447273254394531 -0.0198936462402344 0.27056884765625 -0.570556640625
-0.0170469284057617 -0.0171718597412109 -0.041259765625 -0.57318115234375
0.0158281326293945 -0.000748634338378906 -0.201080322265625 -0.46588134765625
0.0606727600097656 0.0333137512207031 -0.24029541015625 -0.195114135742188
0.09002685546875 0.0807266235351563 -0.0184459686279297 0.019195556640625
0.0560684204101562 0.09466552734375 0.0686798095703125 0.16973876953125
0.0433883666992188 0.0732345581054688 0.201828002929688 0.27130126953125
0.0182456970214844 0.03546142578125 0.13616943359375 0.39324951171875
-0.0507278442382813 0.0146865844726562 -0.047882080078125 0.55023193359375
-0.104888916015625 -0.037567138671875 -0.31640625 0.52288818359375
-0.0620880126953125 -0.0593757629394531 -0.430511474609375 0.4095458984375
-0.00899696350097656 -0.00946044921875 -0.303680419921875 0.235809326171875
0.0353126525878906 0.0392951965332031 0.08538818359375 0.150970458984375
0.00871658325195313 0.020599365234375 0.48968505859375 -0.04949951171875
-0.0244503021240234 -0.00179481506347656 0.57989501953125 -0.32757568359375
-0.0562248229980469 -0.0245552062988281 0.2891845703125 -0.5711669921875
-0.0210552215576172 -0.0262584686279297 -0.026123046875 -0.566162109375
0.0217819213867188 -0.0070953369140625 -0.190582275390625 -0.454315185546875
0.070709228515625 0.0361099243164063 -0.2276611328125 -0.1798095703125
0.0911865234375 0.0930862426757813 -0.00946044921874999 0.0392494201660156
-0.0442276000976563 -0.0123786926269531 0.0288848876953125 0.157806396484375
-0.0639533996582031 0.0336685180664062 0.149185180664063 0.279464721679688
-0.0476112365722656 0.0615081787109375 0.073577880859375 0.4111328125
-0.0316085815429687 0.0575027465820313 -0.131195068359375 0.556793212890625
0.00981521606445313 -0.0166959762573242 -0.363616943359375 0.4903564453125
0.100418090820313 -0.0598220825195313 -0.456146240234375 0.36590576171875
0.158828735351563 -0.0310821533203125 -0.275772094726562 0.209365844726563
0.186355590820313 -0.00030517578125 0.136497497558594 0.109779357910156
0.145614624023438 -0.0313873291015625 0.49359130859375 -0.1397705078125
0.104988098144531 -0.0204391479492188 0.51104736328125 -0.4080810546875
0.0597190856933594 -0.0135383605957031 0.19708251953125 -0.6051025390625
0.0261192321777344 0.00789451599121094 -0.101409912109375 -0.54327392578125
-0.0245304107666016 0.00861930847167969 -0.24774169921875 -0.426483154296875
-0.0216255187988281 -0.00716209411621094 -0.250213623046875 -0.171463012695313
-0.00171279907226562 -0.0199718475341797 -0.0207672119140625 0.0108642578125
-0.0338611602783203 -0.00552749633789062 0.0220184326171875 0.139678955078125
-0.0569305419921875 0.0351753234863281 0.150955200195313 0.262435913085938
-0.0505943298339844 0.0638351440429688 0.070465087890625 0.3892822265625
-0.0414848327636719 0.0618782043457031 -0.14703369140625 0.541259765625
-0.00224399566650391 -0.0109062194824219 -0.395294189453125 0.4862060546875
0.0894699096679687 -0.059326171875 -0.483917236328125 0.373321533203125
0.150222778320312 -0.030975341796875 -0.3048095703125 0.222412109375
0.17889404296875 -0.002166748046875 0.108757019042969 0.128189086914063
0.136428833007812 -0.0342254638671875 0.473541259765625 -0.117218017578125
0.0962600708007813 -0.0273284912109375 0.499420166015625 -0.392791748046875
0.0553207397460938 -0.020111083984375 0.19171142578125 -0.60211181640625
0.0298728942871094 0.00344276428222656 -0.10687255859375 -0.55718994140625
-0.0131855010986328 0.0141639709472656 -0.25054931640625 -0.4423828125
-0.0118179321289063 0.00423622131347656 -0.258636474609375 -0.186477661132813
0.00879001617431641 -0.0108928680419922 -0.0276088714599609 -0.0031890869140625
-0.0187015533447266 0.0116901397705078 0.0194015502929687 0.129081726074219
-0.040679931640625 0.0417671203613281 0.164947509765625 0.252288818359375
-0.0435638427734375 0.0626182556152344 0.085723876953125 0.368927001953125
-0.0489273071289063 0.0603599548339844 -0.14093017578125 0.524169921875
-0.0208530426025391 -0.0108985900878906 -0.402679443359375 0.485992431640625
0.0664482116699219 -0.0603523254394531 -0.503875732421875 0.381866455078125
0.129295349121094 -0.0331954956054688 -0.328765869140625 0.235321044921875
0.161575317382813 -0.0025177001953125 0.0822601318359375 0.145187377929688
0.120040893554688 -0.0311660766601563 0.460174560546875 -0.093017578125
0.0781402587890625 -0.0270309448242188 0.503448486328125 -0.372802734375
0.0386962890625 -0.023162841796875 0.19525146484375 -0.5958251953125
0.0262336730957031 -0.0015716552734375 -0.1043701171875 -0.564453125
-0.00148582458496094 0.0148849487304688 -0.24761962890625 -0.45684814453125
0.00346565246582031 0.0133447647094727 -0.2640380859375 -0.1995849609375
0.0259227752685547 0.00588226318359375 -0.0337581634521484 -0.0136852264404297
0.000902175903320316 0.0341129302978516 0.02337646484375 0.127609252929688
-0.0177116394042969 0.054046630859375 0.182937622070313 0.248138427734375
-0.0290031433105469 0.0618972778320312 0.105377197265625 0.357391357421875
-0.0499610900878906 0.0539932250976563 -0.125640869140625 0.513458251953125
-0.0419883728027344 -0.0156517028808594 -0.398590087890625 0.4871826171875
0.0354995727539062 -0.0626411437988281 -0.50970458984375 0.38946533203125
0.096893310546875 -0.0317535400390625 -0.345550537109375 0.243896484375
0.134269714355469 0.00213623046875 0.06268310546875 0.156021118164063
0.09722900390625 -0.0227813720703125 0.4522705078125 -0.071563720703125
0.055633544921875 -0.0250740051269531 0.507904052734375 -0.354339599609375
0.0201702117919922 -0.0237064361572266 0.2088623046875 -0.58758544921875
0.0179977416992188 -0.00445175170898438 -0.0923461914062499 -0.57012939453125
0.00489521026611328 0.0140285491943359 -0.241729736328125 -0.466033935546875
0.0187149047851563 0.0203018188476563 -0.265167236328125 -0.206268310546875
0.0439796447753906 0.0252685546875 -0.0361747741699219 -0.0152206420898438
0.0198287963867187 0.0584144592285156 0.0318374633789063 0.130210876464844
0.00568008422851562 0.0695533752441406 0.196853637695313 0.24853515625
-0.00549697875976563 0.0604209899902344 0.122467041015625 0.35333251953125
-0.0453224182128906 0.0442085266113281 -0.1036376953125 0.512237548828125
-0.0612525939941406 -0.0241355895996094 -0.387298583984375 0.495635986328125
0.00303649902343749 -0.0667495727539063 -0.505401611328125 0.4005126953125
0.0607032775878906 -0.0305213928222656 -0.353240966796875 0.25054931640625
0.102584838867188 0.00933837890625 0.0528411865234375 0.164016723632813
0.0721359252929688 -0.0121307373046875 0.452056884765625 -0.0533447265625
0.0318393707275391 -0.0155410766601563 0.52349853515625 -0.340057373046875
-0.00469779968261719 -0.0203895568847656 0.22857666015625 -0.58319091796875
0.00503873825073242 -0.00690221786499023 -0.07904052734375 -0.5758056640625
0.00850772857666016 0.0105581283569336 -0.22943115234375 -0.470947265625
0.0325870513916016 0.0250663757324219 -0.263137817382813 -0.206405639648437
0.0638275146484375 0.0441322326660156 -0.0341415405273437 -0.00879478454589843
0.0372695922851563 0.0807266235351563 0.0440292358398437 0.139778137207031
0.0282821655273438 0.0793838500976563 0.2017822265625 0.250473022460938
0.0115432739257813 0.0538139343261719 0.13311767578125 0.360565185546875
-0.0421371459960937 0.0329971313476563 -0.082000732421875 0.521575927734375
-0.0792160034179688 -0.0324859619140625 -0.36614990234375 0.5040283203125
-0.0269584655761719 -0.0681991577148438 -0.484344482421875 0.4085693359375
0.0264415740966797 -0.0263195037841797 -0.3465576171875 0.25091552734375
0.0738143920898438 0.0179824829101563 0.052490234375 0.164794921875
0.0470390319824219 0.00030517578125 0.459564208984375 -0.045135498046875
0.00846481323242188 -0.00986862182617188 0.541412353515625 -0.331878662109375
-0.0259990692138672 -0.0174655914306641 0.24951171875 -0.57635498046875
-0.00751495361328125 -0.011016845703125 -0.0616455078125 -0.57647705078125
0.0118131637573242 0.00740146636962891 -0.218048095703125 -0.47003173828125
0.0474319458007812 0.0292243957519531 -0.251922607421875 -0.203994750976562
0.0805435180664063 0.0635223388671875 -0.0272789001464844 0.00207138061523438
0.0513076782226562 0.0932693481445313 0.05633544921875 0.152679443359375
0.0419082641601562 0.0798187255859375 0.204254150390625 0.2601318359375
0.0201416015625 0.0452194213867187 0.13775634765625 0.37396240234375
-0.0443687438964844 0.0209770202636719 -0.062896728515625 0.537017822265625
-0.0948104858398438 -0.0376739501953125 -0.340118408203125 0.516845703125
-0.0509376525878906 -0.0663795471191406 -0.4598388671875 0.416473388671875
0.00154304504394531 -0.0181446075439453 -0.32867431640625 0.2493896484375
0.0483169555664063 0.0273399353027344 0.0655517578125 0.161468505859375
0.023406982421875 0.0123062133789063 0.472198486328125 -0.04608154296875
-0.0122737884521484 -0.00431251525878906 0.562042236328125 -0.327728271484375
-0.045562744140625 -0.0195579528808594 0.26666259765625 -0.57769775390625
-0.0173559188842773 -0.0161552429199219 -0.04669189453125 -0.5751953125
0.0155916213989258 -0.000397682189941406 -0.20526123046875 -0.465423583984375
0.06170654296875 0.0325202941894531 -0.241119384765625 -0.193405151367188
0.0901031494140625 0.0799179077148438 -0.0175762176513672 0.0193252563476563
0.0569076538085938 0.096588134765625 0.0707855224609375 0.169479370117188
0.0447006225585938 0.0742874145507813 0.205978393554688 0.272308349609375
0.0186080932617188 0.0354690551757813 0.138916015625 0.393798828125
-0.0508995056152344 0.0155296325683594 -0.043609619140625 0.55517578125
-0.104827880859375 -0.03753662109375 -0.313629150390625 0.529693603515625
-0.0625190734863281 -0.0598335266113281 -0.428619384765625 0.4173583984375
-0.00966644287109375 -0.0103588104248047 -0.30474853515625 0.239715576171875
0.035003662109375 0.0387992858886719 0.085662841796875 0.150650024414063
0.00907325744628906 0.0204181671142578 0.49176025390625 -0.054595947265625
-0.0252494812011719 -0.00192832946777344 0.58380126953125 -0.3331298828125
-0.0572509765625 -0.0241165161132812 0.2879638671875 -0.57733154296875
-0.0220565795898438 -0.0251617431640625 -0.03216552734375 -0.5699462890625
0.0225582122802734 -0.00655364990234375 -0.19500732421875 -0.45361328125
0.0712432861328125 0.0362777709960938 -0.229522705078125 -0.17742919921875
0.0929489135742187 0.0929107666015625 -0.00861358642578124 0.038787841796875
-0.0438728332519531 -0.0126113891601563 0.030670166015625 0.158905029296875
-0.063812255859375 0.0337791442871094 0.1524658203125 0.28204345703125
-0.0475807189941406 0.0617446899414062 0.077362060546875 0.412994384765625
-0.0309295654296875 0.0566864013671875 -0.126953125 0.5643310546875
0.0103321075439453 -0.0166234970092773 -0.36370849609375 0.496246337890625
0.0999298095703125 -0.0608978271484375 -0.455902099609375 0.373077392578125
0.15960693359375 -0.0311737060546875 -0.27618408203125 0.21173095703125
0.186294555664063 -0.0025787353515625 0.136474609375 0.108779907226563
0.144821166992188 -0.0327301025390625 0.49371337890625 -0.144775390625
0.104896545410156 -0.0231704711914063 0.510650634765625 -0.414703369140625
0.0595588684082031 -0.0127754211425781 0.19281005859375 -0.60882568359375
0.02545166015625 0.00731468200683594 -0.107086181640625 -0.547821044921875
-0.0247402191162109 0.00817108154296875 -0.25274658203125 -0.427337646484375
-0.0212745666503906 -0.00710105895996094 -0.2525634765625 -0.169464111328125
-0.00255203247070313 -0.0207462310791016 -0.0208072662353516 0.0116863250732422
-0.0332126617431641 -0.00522041320800781 0.0238265991210937 0.139793395996094
-0.0570182800292969 0.0349502563476563 0.153411865234375 0.2633056640625
-0.0510406494140625 0.0636177062988281 0.072967529296875 0.393280029296875
-0.0412788391113281 0.0608329772949219 -0.1416015625 0.546875
-0.0025177001953125 -0.0111703872680664 -0.392822265625 0.496826171875
0.0895004272460938 -0.0599136352539063 -0.48504638671875 0.379974365234375
0.151260375976563 -0.0330352783203125 -0.305023193359375 0.225860595703125
0.17974853515625 -0.0036468505859375 0.109756469726563 0.127326965332031
0.135658264160156 -0.0366363525390625 0.4761962890625 -0.123443603515625
0.0947723388671875 -0.028533935546875 0.5008544921875 -0.4005126953125
0.0545310974121094 -0.0199546813964844 0.18682861328125 -0.60797119140625
0.0304317474365234 0.00187301635742188 -0.112060546875 -0.55902099609375
-0.0118350982666016 0.0129537582397461 -0.25634765625 -0.44439697265625
-0.0118999481201172 0.00341033935546875 -0.261428833007812 -0.186248779296875
0.00819301605224609 -0.0103168487548828 -0.0272216796875 -0.00445938110351562
-0.0184135437011719 0.0117225646972656 0.02203369140625 0.129829406738281
-0.0406494140625 0.042999267578125 0.168182373046875 0.253738403320312
-0.0440330505371094 0.0638427734375 0.08807373046875 0.373138427734375
-0.0483779907226563 0.0603103637695313 -0.136138916015625 0.530670166015625
-0.0218181610107422 -0.00970840454101562 -0.401153564453125 0.494049072265625
0.0668258666992188 -0.0604515075683594 -0.503082275390625 0.389862060546875
0.128738403320313 -0.0340423583984375 -0.32989501953125 0.237823486328125
0.160629272460938 -0.0041046142578125 0.0836639404296875 0.143585205078125
0.11871337890625 -0.0340576171875 0.46044921875 -0.09893798828125
0.0775527954101563 -0.0293121337890625 0.501800537109375 -0.381317138671875
0.0402488708496094 -0.0241012573242188 0.19171142578125 -0.6026611328125
0.0267925262451172 -0.00207710266113281 -0.10833740234375 -0.5673828125
-0.0020437240600586 0.0158710479736328 -0.254180908203125 -0.456329345703125
0.00311851501464844 0.0123481750488281 -0.2669677734375 -0.197433471679687
0.0249538421630859 0.00625419616699219 -0.0331020355224609 -0.0128650665283203
0.000301361083984375 0.0347270965576172 0.0248641967773437 0.126457214355469
-0.0178985595703125 0.0553550720214844 0.186065673828125 0.247955322265625
-0.0282821655273437 0.0623626708984375 0.1092529296875 0.360687255859375
-0.0488433837890625 0.0537033081054688 -0.120941162109375 0.51763916015625
-0.0417442321777344 -0.0154342651367188 -0.39801025390625 0.495880126953125
0.0367317199707031 -0.0626106262207031 -0.5106201171875 0.397979736328125
0.096771240234375 -0.0337982177734375 -0.34765625 0.2481689453125
0.133720397949219 0.0001220703125 0.062957763671875 0.156143188476562
0.0963821411132813 -0.0253524780273438 0.45416259765625 -0.076904296875
0.0565185546875 -0.0242652893066406 0.509796142578125 -0.362701416015625
0.0197124481201172 -0.0219211578369141 0.2059326171875 -0.59405517578125
0.0180225372314453 -0.00526046752929688 -0.09930419921875 -0.57293701171875
0.00491619110107422 0.0140590667724609 -0.247955322265625 -0.465179443359375
0.0189495086669922 0.0191726684570313 -0.268600463867187 -0.204071044921875
0.0445137023925781 0.0244522094726563 -0.0365867614746094 -0.0143547058105469
0.0203628540039062 0.0601387023925781 0.0342559814453125 0.1304931640625
0.00719451904296875 0.0708084106445313 0.199447631835937 0.247604370117187
-0.0063934326171875 0.0607757568359375 0.126922607421875 0.357177734375
-0.0454864501953125 0.0441741943359375 -0.09857177734375 0.516845703125
-0.0612983703613281 -0.0227088928222656 -0.38360595703125 0.50274658203125
0.00262451171875001 -0.0663871765136719 -0.505523681640625 0.40753173828125
0.0607986450195312 -0.0315933227539063 -0.35394287109375 0.253387451171875
0.103080749511719 0.007720947265625 0.0530242919921875 0.162612915039062
0.070831298828125 -0.012664794921875 0.454742431640625 -0.0584716796875
0.0316619873046875 -0.0168266296386719 0.5244140625 -0.348052978515625
-0.00431442260742188 -0.0196285247802734 0.22503662109375 -0.58831787109375
0.00477027893066406 -0.00617599487304688 -0.0845336914062499 -0.57867431640625
0.00917434692382813 0.0115594863891602 -0.236358642578125 -0.4715576171875
0.0334949493408203 0.0254230499267578 -0.264556884765625 -0.205917358398438
0.0643692016601563 0.0447006225585937 -0.0342979431152344 -0.00933456420898437
0.037750244140625 0.081451416015625 0.0453872680664062 0.14013671875
0.0294265747070312 0.080291748046875 0.206146240234375 0.2525634765625
0.0119667053222656 0.0540618896484375 0.135711669921875 0.362457275390625
-0.041534423828125 0.0323982238769531 -0.07769775390625 0.52557373046875
-0.0799942016601563 -0.0315399169921875 -0.362518310546875 0.512542724609375
-0.0277366638183594 -0.0674934387207031 -0.4864501953125 0.417633056640625
0.0268306732177734 -0.0264396667480469 -0.345489501953125 0.255096435546875
0.0725479125976562 0.0180511474609375 0.054412841796875 0.164962768554688
0.0464210510253906 7.2479248046875E-05 0.462005615234375 -0.048919677734375
0.00825977325439453 -0.00922775268554687 0.542938232421875 -0.338470458984375
-0.0269126892089844 -0.0164699554443359 0.24578857421875 -0.5836181640625
-0.00703620910644531 -0.0104122161865234 -0.06756591796875 -0.57958984375
0.0120830535888672 0.00610637664794922 -0.222442626953125 -0.472076416015625
0.0476150512695313 0.028594970703125 -0.255020141601563 -0.202667236328125
0.0810089111328125 0.0636520385742188 -0.0277996063232422 0.00193977355957032
0.052001953125 0.0938720703125 0.058868408203125 0.153366088867188
0.0419540405273438 0.0808258056640625 0.2071533203125 0.259796142578125
0.0208702087402344 0.0445671081542969 0.140350341796875 0.375213623046875
-0.0436744689941406 0.0213356018066406 -0.057403564453125 0.540863037109375
-0.0955429077148438 -0.03546142578125 -0.337432861328125 0.52752685546875
-0.0513038635253906 -0.0646934509277344 -0.460540771484375 0.42291259765625
0.00231552124023437 -0.0187549591064453 -0.329559326171875 0.25189208984375
0.0489273071289063 0.0280990600585938 0.066375732421875 0.160308837890625
0.0244197845458984 0.0118160247802734 0.473876953125 -0.051910400390625
-0.0121831893920898 -0.00377273559570313 0.56390380859375 -0.33819580078125
-0.0463142395019531 -0.0184974670410156 0.26611328125 -0.58245849609375
-0.0164566040039062 -0.0169429779052734 -0.0504150390625 -0.5792236328125
0.0166025161743164 0.000731468200683594 -0.210357666015625 -0.46783447265625
0.0618324279785156 0.0319099426269531 -0.2431640625 -0.191436767578125
0.0913467407226563 0.0815963745117188 -0.0188579559326172 0.0191421508789063
0.057952880859375 0.0964508056640625 0.0727386474609375 0.169403076171875
0.0445556640625 0.0742950439453125 0.208099365234375 0.271728515625
0.0178871154785156 0.0352249145507813 0.1439208984375 0.39703369140625
-0.0499610900878906 0.014923095703125 -0.038177490234375 0.558685302734375
-0.10540771484375 -0.0357894897460937 -0.31048583984375 0.537384033203125
-0.0629158020019531 -0.0581893920898438 -0.42901611328125 0.42266845703125
-0.009735107421875 -0.00940895080566406 -0.30413818359375 0.24407958984375
0.0341835021972656 0.0381202697753906 0.087371826171875 0.150039672851562
0.00826835632324219 0.0204868316650391 0.493408203125 -0.05877685546875
-0.0245208740234375 -0.00149154663085937 0.5848388671875 -0.34259033203125
-0.0574150085449219 -0.0226478576660156 0.28448486328125 -0.5836181640625
-0.0210628509521484 -0.0251598358154297 -0.0349731445312499 -0.5732421875
0.0221958160400391 -0.00678634643554688 -0.19903564453125 -0.4544677734375
0.0714111328125 0.0353775024414063 -0.231521606445313 -0.177001953125
0.0927352905273438 0.0933380126953125 -0.00875091552734374 0.040283203125
-0.0451316833496094 -0.0117568969726563 0.033203125 0.157958984375
-0.0628623962402344 0.0345268249511719 0.15606689453125 0.283538818359375
-0.0474166870117187 0.0628890991210938 0.0823974609375 0.41650390625
-0.0303726196289063 0.0570945739746094 -0.12164306640625 0.5709228515625
0.00951576232910156 -0.0167179107666016 -0.359588623046875 0.506256103515625
0.0998687744140625 -0.0627822875976563 -0.457611083984375 0.38031005859375
0.160064697265625 -0.0338134765625 -0.277130126953125 0.2158203125
0.186569213867188 -0.0043182373046875 0.136329650878906 0.10760498046875
0.145111083984375 -0.0351715087890625 0.495391845703125 -0.152008056640625
0.105438232421875 -0.0241622924804688 0.5111083984375 -0.42462158203125
0.0596237182617187 -0.0139007568359375 0.18896484375 -0.617431640625
0.0253448486328125 0.00586700439453125 -0.11248779296875 -0.55096435546875
-0.0247879028320312 0.00802421569824219 -0.262054443359375 -0.428466796875
-0.0210609436035156 -0.00703620910644531 -0.254608154296875 -0.168304443359375
-0.00463104248046875 -0.0214061737060547 -0.0211544036865234 0.0120029449462891
-0.0342216491699219 -0.00380897521972657 0.0251617431640625 0.139923095703125
-0.057037353515625 0.0361137390136719 0.157577514648438 0.265289306640625
-0.0503120422363281 0.0639495849609375 0.07720947265625 0.396636962890625
-0.0410308837890625 0.0618820190429688 -0.136505126953125 0.55450439453125
-0.0028839111328125 -0.0106878280639648 -0.391632080078125 0.505035400390625
0.0906143188476563 -0.0604629516601563 -0.485382080078125 0.387939453125
0.151382446289063 -0.0348358154296875 -0.305328369140625 0.22894287109375
0.1800537109375 -0.0064544677734375 0.109886169433594 0.125137329101563
0.135345458984375 -0.0379867553710938 0.476806640625 -0.130767822265625
0.0955963134765625 -0.029205322265625 0.5023193359375 -0.408966064453125
0.054168701171875 -0.0207328796386719 0.18267822265625 -0.6153564453125
0.0297718048095703 0.00201225280761719 -0.11785888671875 -0.56317138671875
-0.0126361846923828 0.0135583877563477 -0.263580322265625 -0.445220947265625
-0.0113391876220703 0.00284957885742188 -0.262542724609375 -0.183883666992188
0.00744247436523438 -0.0104207992553711 -0.0286636352539063 -0.00369834899902344
-0.0181522369384766 0.0121040344238281 0.0238571166992187 0.130020141601562
-0.0408248901367188 0.0443878173828125 0.171646118164063 0.2540283203125
-0.0438003540039063 0.0640220642089844 0.09185791015625 0.376251220703125
-0.0478553771972656 0.0613784790039062 -0.130523681640625 0.53717041015625
-0.0216751098632813 -0.0089569091796875 -0.399078369140625 0.50274658203125
0.0666999816894531 -0.0613441467285156 -0.5040283203125 0.398162841796875
0.129051208496094 -0.0361709594726563 -0.33062744140625 0.24298095703125
0.160720825195313 -0.00555419921875 0.0836334228515625 0.1431884765625
0.118087768554688 -0.0352554321289063 0.461761474609375 -0.10430908203125
0.0783538818359375 -0.030029296875 0.50311279296875 -0.390106201171875
0.0394058227539062 -0.0233268737792969 0.18743896484375 -0.609619140625
0.0266685485839844 -0.00229644775390625 -0.115478515625 -0.5731201171875
-0.00222492218017578 0.0154628753662109 -0.261505126953125 -0.458343505859375
0.00340175628662109 0.0121870040893555 -0.27056884765625 -0.19598388671875
0.024810791015625 0.00519752502441406 -0.0341663360595703 -0.0133953094482422
0.000930786132812503 0.0357398986816406 0.0275497436523438 0.127395629882813
-0.0177421569824219 0.0573768615722656 0.190017700195312 0.249649047851563
-0.027587890625 0.0627593994140625 0.11236572265625 0.3634033203125
-0.0486259460449219 0.0545501708984375 -0.115692138671875 0.524261474609375
-0.0428581237792969 -0.0140609741210937 -0.395721435546875 0.5047607421875
0.0357933044433594 -0.0637168884277344 -0.510467529296875 0.406951904296875
0.096923828125 -0.0349884033203125 -0.3472900390625 0.2523193359375
0.133102416992188 -0.0006103515625 0.0643463134765625 0.155410766601563
0.0954055786132813 -0.0258865356445313 0.45660400390625 -0.082550048828125
0.0561714172363281 -0.0252532958984375 0.5120849609375 -0.3714599609375
0.0185470581054688 -0.0224456787109375 0.20166015625 -0.6002197265625
0.0178680419921875 -0.00534629821777344 -0.1053466796875 -0.5787353515625
0.00555801391601562 0.0141620635986328 -0.2545166015625 -0.46795654296875
0.0186748504638672 0.0200023651123047 -0.271087646484375 -0.201751708984375
0.0445289611816406 0.0241050720214844 -0.03668212890625 -0.0140571594238281
0.0208778381347656 0.0614013671875 0.03546142578125 0.130783081054688
0.00801086425781249 0.0717544555664063 0.203536987304687 0.250473022460937
-0.00569534301757813 0.06109619140625 0.13165283203125 0.359710693359375
-0.0449104309082031 0.0444221496582031 -0.093536376953125 0.52349853515625
-0.0623435974121094 -0.0220756530761719 -0.38232421875 0.51165771484375
0.00197219848632812 -0.0669059753417969 -0.5050048828125 0.417236328125
0.0606918334960938 -0.0327110290527344 -0.354400634765625 0.259918212890625
0.103004455566406 0.00658416748046875 0.05401611328125 0.163375854492188
0.0704803466796875 -0.013824462890625 0.456329345703125 -0.0657958984375
0.0321426391601563 -0.0169162750244141 0.52740478515625 -0.356781005859375
-0.00414466857910156 -0.0184993743896484 0.22265625 -0.59600830078125
0.00509834289550781 -0.00735282897949219 -0.091064453125 -0.5836181640625
0.0099029541015625 0.0113849639892578 -0.24334716796875 -0.474945068359375
0.0343303680419922 0.0250949859619141 -0.26788330078125 -0.20269775390625
0.0645980834960938 0.0434684753417969 -0.0344524383544922 -0.00884246826171875
0.0391769409179688 0.0813827514648438 0.0472412109375 0.139915466308594
0.029541015625 0.0808792114257813 0.209503173828125 0.253158569335938
0.0119743347167969 0.0545196533203125 0.1396484375 0.365936279296875
-0.0419273376464844 0.0328559875488281 -0.07220458984375 0.530548095703125
-0.0793609619140625 -0.03021240234375 -0.3597412109375 0.523040771484375
-0.0282936096191406 -0.0675125122070313 -0.486114501953125 0.426300048828125
0.0264911651611328 -0.0264701843261719 -0.34661865234375 0.2613525390625
0.072662353515625 0.0167388916015625 0.0540618896484375 0.164352416992188
0.0448036193847656 -0.00067138671875 0.4630126953125 -0.055419921875
0.00849056243896485 -0.00927352905273438 0.544769287109375 -0.348175048828125
-0.0271072387695313 -0.0164985656738281 0.242431640625 -0.5924072265625
-0.00737380981445313 -0.00990390777587891 -0.073486328125 -0.5843505859375
0.0120372772216797 0.00691032409667969 -0.23101806640625 -0.47454833984375
0.0489997863769531 0.0293006896972656 -0.257736206054687 -0.199630737304688
0.0815353393554688 0.06298828125 -0.0276947021484375 0.00261878967285157
0.052398681640625 0.0947113037109375 0.0610504150390625 0.153732299804688
0.04327392578125 0.0819091796875 0.211593627929688 0.260513305664063
0.021392822265625 0.0451698303222656 0.14495849609375 0.378631591796875
-0.0436515808105469 0.0216636657714844 -0.050445556640625 0.54840087890625
-0.0961380004882813 -0.0342254638671875 -0.33551025390625 0.5362548828125
-0.0523872375488281 -0.0642814636230469 -0.459014892578125 0.43194580078125
0.00201988220214844 -0.0191116333007813 -0.329742431640625 0.258453369140625
0.0487098693847656 0.0275382995605469 0.066925048828125 0.159347534179687
0.0225696563720703 0.0116176605224609 0.476837158203125 -0.057952880859375
-0.0127363204956055 -0.00350761413574219 0.5653076171875 -0.3463134765625
-0.0467643737792969 -0.0172195434570312 0.26300048828125 -0.5899658203125
-0.0167350769042969 -0.0163249969482422 -0.05596923828125 -0.5845947265625
0.015812873840332 0.00023651123046875 -0.21868896484375 -0.46881103515625
0.0622177124023438 0.0319480895996094 -0.24713134765625 -0.190811157226562
0.0919647216796875 0.0802230834960937 -0.0185966491699219 0.0196914672851563
0.0594482421875 0.0970611572265625 0.0763092041015625 0.168960571289063
0.0460281372070313 0.0753707885742187 0.211883544921875 0.273361206054688
0.0185432434082031 0.0354156494140625 0.14794921875 0.399566650390625
-0.0497474670410156 0.0156364440917969 -0.03125 0.56427001953125
-0.105621337890625 -0.0344009399414062 -0.30865478515625 0.545562744140625
-0.0635337829589844 -0.0576362609863281 -0.4295654296875 0.432647705078125
-0.0105552673339844 -0.00888919830322266 -0.30511474609375 0.248931884765625
0.0345458984375 0.0382347106933594 0.088775634765625 0.149658203125
0.00727272033691406 0.0198554992675781 0.49517822265625 -0.06622314453125
-0.0255718231201172 -0.000528335571289068 0.58599853515625 -0.35107421875
-0.0594558715820313 -0.0221481323242187 0.28216552734375 -0.5919189453125
-0.0214977264404297 -0.0252876281738281 -0.0411376953125 -0.57757568359375
0.0228748321533203 -0.007568359375 -0.207275390625 -0.456878662109375
0.0728988647460938 0.0348358154296875 -0.234344482421875 -0.174468994140625
0.0943603515625 0.0925369262695312 -0.00881958007812499 0.0406646728515625
-0.0458145141601563 -0.0109748840332031 0.036956787109375 0.158157348632813
-0.0635108947753906 0.0347442626953125 0.16180419921875 0.284942626953125
-0.0475997924804687 0.0628280639648438 0.087005615234375 0.421112060546875
-0.0299720764160156 0.0585060119628906 -0.11407470703125 0.57672119140625
0.00981330871582031 -0.0164060592651367 -0.358612060546875 0.5150146484375
0.100456237792969 -0.0638504028320313 -0.45703125 0.3887939453125
0.161407470703125 -0.0360260009765625 -0.276260375976563 0.219161987304688
0.186325073242188 -0.0066986083984375 0.138587951660156 0.106147766113281
0.14361572265625 -0.037322998046875 0.495849609375 -0.1595458984375
0.106224060058594 -0.0247726440429688 0.512481689453125 -0.435455322265625
0.0599632263183594 -0.014068603515625 0.1829833984375 -0.6259765625
0.0255165100097656 0.00577926635742188 -0.120849609375 -0.5570068359375
-0.0257396697998047 0.00850486755371093 -0.26885986328125 -0.428619384765625
-0.0217342376708984 -0.00771331787109375 -0.258056640625 -0.16607666015625
-0.00413322448730469 -0.0209178924560547 -0.0217227935791016 0.0120468139648438
-0.0349922180175781 -0.00390052795410156 0.0279922485351562 0.139656066894531
-0.0557975769042969 0.0372352600097656 0.161819458007812 0.26739501953125
-0.050262451171875 0.0642662048339844 0.083953857421875 0.400726318359375
-0.040679931640625 0.0623931884765625 -0.131622314453125 0.5621337890625
-0.00309944152832031 -0.00982952117919922 -0.38861083984375 0.515594482421875
0.0901718139648438 -0.0623931884765625 -0.485595703125 0.397705078125
0.152084350585937 -0.0373382568359375 -0.3057861328125 0.233856201171875
0.17962646484375 -0.0090179443359375 0.111297607421875 0.124008178710938
0.134353637695313 -0.0396270751953125 0.477264404296875 -0.13836669921875
0.0955657958984375 -0.0307693481445313 0.502471923828125 -0.420318603515625
0.0547447204589844 -0.0211982727050781 0.17852783203125 -0.6248779296875
0.0302791595458984 0.000173568725585938 -0.12701416015625 -0.56768798828125
-0.0126667022705078 0.0139026641845703 -0.2713623046875 -0.446441650390625
-0.0108394622802734 0.00302696228027344 -0.266815185546875 -0.181671142578125
0.00737667083740234 -0.0101432800292969 -0.0289821624755859 -0.00411605834960937
-0.0172748565673828 0.0132884979248047 0.026092529296875 0.130210876464844
-0.0402870178222656 0.0448570251464844 0.176651000976562 0.255386352539063
-0.0440483093261719 0.0641517639160156 0.09771728515625 0.38067626953125
-0.0482292175292969 0.061309814453125 -0.126800537109375 0.543487548828125
-0.0216941833496094 -0.00915908813476563 -0.39691162109375 0.515106201171875
0.0673484802246094 -0.0616493225097656 -0.504150390625 0.407012939453125
0.129676818847656 -0.037322998046875 -0.331298828125 0.248321533203125
0.160568237304688 -0.0072021484375 0.0843048095703125 0.141921997070313
0.117576599121094 -0.0365676879882812 0.464996337890625 -0.11419677734375
0.0779876708984375 -0.031097412109375 0.504730224609375 -0.401214599609375
0.0386810302734375 -0.0243377685546875 0.18194580078125 -0.61810302734375
0.0270252227783203 -0.00340652465820313 -0.12347412109375 -0.5760498046875
-0.00186252593994141 0.0149154663085938 -0.26934814453125 -0.459259033203125
0.00309944152832031 0.012293815612793 -0.274185180664062 -0.194137573242188
0.0246944427490234 0.005126953125 -0.0344333648681641 -0.0125045776367188
0.00101852416992187 0.0366363525390625 0.03021240234375 0.12713623046875
-0.0169525146484375 0.0579109191894531 0.194839477539062 0.250762939453125
-0.027557373046875 0.0626182556152344 0.117919921875 0.367095947265625
-0.0479240417480469 0.0547523498535156 -0.109771728515625 0.53228759765625
-0.0425300598144531 -0.0130767822265625 -0.3927001953125 0.515289306640625
0.0357170104980469 -0.0648765563964844 -0.51092529296875 0.417510986328125
0.0973663330078125 -0.0363235473632813 -0.348602294921875 0.257354736328125
0.133331298828125 -0.0020294189453125 0.065185546875 0.154937744140625
0.0947723388671875 -0.0263900756835938 0.4588623046875 -0.08935546875
0.0562667846679688 -0.0264091491699219 0.512298583984375 -0.382293701171875
0.0182380676269531 -0.0232067108154297 0.1966552734375 -0.60931396484375
0.0176639556884766 -0.0050506591796875 -0.113525390625 -0.58343505859375
0.00474262237548828 0.0151872634887695 -0.261322021484375 -0.468505859375
0.0188426971435547 0.0197410583496094 -0.27587890625 -0.2005615234375
0.0454673767089844 0.0244598388671875 -0.0372085571289063 -0.0140113830566406
0.0216255187988281 0.0627403259277344 0.03826904296875 0.131095886230469
0.0083770751953125 0.0727691650390625 0.208755493164063 0.250732421875
-0.00666427612304688 0.0614967346191406 0.13714599609375 0.363128662109375
-0.0449600219726563 0.0444602966308594 -0.087890625 0.5306396484375
-0.0626945495605469 -0.0214385986328125 -0.37835693359375 0.52215576171875
0.00262451171874999 -0.0676727294921875 -0.50384521484375 0.427825927734375
0.0606193542480469 -0.0331764221191406 -0.355224609375 0.265411376953125
0.101913452148437 0.00537109375 0.0547943115234375 0.164199829101563
0.0690040588378906 -0.0155029296875 0.45941162109375 -0.072662353515625
0.0314731597900391 -0.0177173614501953 0.528778076171875 -0.36737060546875
-0.00469779968261719 -0.0186939239501953 0.21673583984375 -0.60546875
0.00593042373657227 -0.0070948600769043 -0.0968017578125 -0.58831787109375
0.00885772705078125 0.0124063491821289 -0.250885009765625 -0.47454833984375
0.0348587036132813 0.0246715545654297 -0.27093505859375 -0.202713012695312
0.0653343200683594 0.0434417724609375 -0.0352630615234375 -0.00862884521484374
0.0401687622070313 0.0830307006835937 0.049957275390625 0.138984680175781
0.0306549072265625 0.0816192626953125 0.214187622070313 0.253616333007813
0.0137062072753906 0.0548439025878906 0.145965576171875 0.366943359375
-0.0412788391113281 0.0333671569824219 -0.0652160644531251 0.538360595703125
-0.0814056396484375 -0.0294647216796875 -0.357635498046875 0.533447265625
-0.0289840698242187 -0.0680580139160156 -0.484619140625 0.436859130859375
0.026702880859375 -0.0272102355957031 -0.34808349609375 0.2664794921875
0.0721206665039063 0.016265869140625 0.0557708740234375 0.164825439453125
0.0440826416015625 -0.00150299072265625 0.465545654296875 -0.0633544921875
0.00818157196044922 -0.00955009460449219 0.546051025390625 -0.358795166015625
-0.0277576446533203 -0.0156936645507813 0.23760986328125 -0.6005859375
-0.00697898864746093 -0.00903892517089844 -0.0809326171875 -0.5906982421875
0.0118913650512695 0.00636482238769531 -0.2386474609375 -0.475677490234375
0.0502548217773438 0.0286674499511719 -0.262832641601563 -0.198226928710937
0.0827484130859375 0.0629501342773438 -0.028594970703125 0.00311660766601563
0.0543060302734375 0.095977783203125 0.063812255859375 0.153472900390625
0.044830322265625 0.0828704833984375 0.21630859375 0.261245727539063
0.0215721130371094 0.0448150634765625 0.151641845703125 0.38250732421875
-0.0435600280761719 0.0219535827636719 -0.045684814453125 0.553680419921875
-0.0971221923828125 -0.0340042114257812 -0.33099365234375 0.546783447265625
-0.0536766052246094 -0.0639495849609375 -0.458953857421875 0.442840576171875
0.000965118408203124 -0.0189056396484375 -0.330810546875 0.26409912109375
0.047882080078125 0.0275382995605469 0.06817626953125 0.159332275390625
0.0220146179199219 0.0104961395263672 0.48028564453125 -0.064666748046875
-0.0122280120849609 -0.00344944000244141 0.5684814453125 -0.3575439453125
-0.0470809936523438 -0.0162391662597656 0.25762939453125 -0.60015869140625
-0.0173158645629883 -0.0163459777832031 -0.0645751953125 -0.58917236328125
0.0163412094116211 -0.000139236450195312 -0.227264404296875 -0.470611572265625
0.0638046264648438 0.0309219360351563 -0.250503540039063 -0.189407348632813
0.0928726196289063 0.0806350708007813 -0.0190086364746094 0.0201416015625
0.0611572265625 0.0987930297851563 0.0795440673828125 0.1689453125
0.0469818115234375 0.0758132934570312 0.2181396484375 0.2730712890625
0.0178947448730469 0.0356903076171875 0.153961181640625 0.401519775390625
-0.0506782531738281 0.0161323547363281 -0.02447509765625 0.57171630859375
-0.107444763183594 -0.0328903198242187 -0.3038330078125 0.556427001953125
-0.0642280578613281 -0.0573005676269531 -0.429168701171875 0.4420166015625
-0.0108518600463867 -0.00919437408447265 -0.30499267578125 0.254058837890625
0.0336418151855469 0.0379486083984375 0.08978271484375 0.149200439453125
0.00698280334472656 0.0203113555908203 0.49853515625 -0.074676513671875
-0.0264301300048828 -0.00123214721679688 0.58929443359375 -0.36279296875
-0.0590629577636719 -0.0210113525390625 0.27655029296875 -0.59991455078125
-0.0212554931640625 -0.0255413055419922 -0.0484008789062501 -0.584228515625
0.0222930908203125 -0.00706100463867188 -0.21539306640625 -0.458770751953125
0.0742721557617188 0.0347518920898438 -0.237136840820313 -0.172744750976562
0.0954971313476563 0.0929946899414063 -0.00930023193359375 0.0403404235839844
-0.0454139709472656 -0.00923538208007812 0.040618896484375 0.158554077148438
-0.0627479553222656 0.0364875793457031 0.167236328125 0.286529541015625
-0.0478134155273437 0.0638236999511719 0.094696044921875 0.425201416015625
-0.0290298461914063 0.0580062866210938 -0.10638427734375 0.58544921875
0.00981616973876953 -0.01708984375 -0.354888916015625 0.5269775390625
0.100860595703125 -0.0654144287109375 -0.455413818359375 0.39990234375
0.16156005859375 -0.03887939453125 -0.276458740234375 0.22509765625
0.186416625976562 -0.0094146728515625 0.139366149902344 0.103347778320313
0.142974853515625 -0.03985595703125 0.49658203125 -0.168975830078125
0.107017517089844 -0.0269699096679688 0.51019287109375 -0.448089599609375
0.0599632263183594 -0.0142364501953125 0.1766357421875 -0.635498046875
0.0255069732666016 0.00478744506835938 -0.130706787109375 -0.55975341796875
-0.0262832641601563 0.00874710083007812 -0.278106689453125 -0.428802490234375
-0.0220584869384766 -0.00746536254882812 -0.261978149414063 -0.16424560546875
-0.00510787963867188 -0.0204315185546875 -0.0221672058105469 0.0126209259033203
-0.0353775024414063 -0.00241470336914063 0.0309677124023437 0.139938354492188
-0.0568428039550781 0.0380821228027344 0.16717529296875 0.268356323242188
-0.050567626953125 0.0653572082519531 0.089874267578125 0.404876708984375
-0.0405807495117187 0.0630226135253906 -0.12408447265625 0.5704345703125
-0.00359725952148438 -0.00989913940429688 -0.385894775390625 0.526702880859375
0.09075927734375 -0.0631484985351563 -0.48486328125 0.409423828125
0.152938842773437 -0.040679931640625 -0.305908203125 0.240020751953125
0.179931640625 -0.0113525390625 0.112007141113281 0.122673034667969
0.133598327636719 -0.0423126220703125 0.47894287109375 -0.1470947265625
0.0961761474609375 -0.0320968627929688 0.502471923828125 -0.432586669921875
0.0543289184570312 -0.0215072631835937 0.171142578125 -0.63360595703125
0.0302677154541016 0.00030517578125 -0.13446044921875 -0.57318115234375
-0.0128602981567383 0.0134191513061523 -0.281280517578125 -0.446197509765625
-0.0118865966796875 0.00273704528808594 -0.270858764648438 -0.178619384765625
0.00604438781738281 -0.0104541778564453 -0.0299549102783203 -0.00362014770507813
-0.0185146331787109 0.0144634246826172 0.0281219482421875 0.130134582519531
-0.0401687622070313 0.0458717346191406 0.182342529296875 0.2572021484375
-0.0437088012695312 0.0656204223632813 0.104156494140625 0.384674072265625
-0.0472869873046875 0.0626029968261719 -0.11883544921875 0.551544189453125
-0.0227851867675781 -0.00853919982910156 -0.392059326171875 0.52630615234375
0.0679931640625 -0.0634498596191406 -0.502532958984375 0.418853759765625
0.130233764648438 -0.0394210815429688 -0.332305908203125 0.253387451171875
0.161285400390625 -0.0105133056640625 0.0861358642578125 0.141250610351563
0.116111755371094 -0.0384368896484375 0.465850830078125 -0.121124267578125
0.0780792236328125 -0.0317306518554688 0.504364013671875 -0.41326904296875
0.0385818481445313 -0.0246963500976563 0.17529296875 -0.62738037109375
0.0273933410644531 -0.0039215087890625 -0.134033203125 -0.58319091796875
-0.00201797485351562 0.0152387619018555 -0.27947998046875 -0.459747314453125
0.00354862213134766 0.0121374130249023 -0.278335571289063 -0.190933227539063
0.0242977142333984 0.00509452819824219 -0.0362281799316406 -0.0123176574707031
0.00121688842773437 0.0377388000488281 0.0324249267578125 0.127677917480469
-0.0163917541503906 0.0588264465332031 0.19927978515625 0.251571655273438
-0.0276107788085937 0.0640487670898438 0.124664306640625 0.37054443359375
-0.0476837158203125 0.0567893981933594 -0.10174560546875 0.53912353515625
-0.0429916381835938 -0.012939453125 -0.388763427734375 0.5277099609375
0.0352821350097656 -0.065185546875 -0.51043701171875 0.429595947265625
0.097930908203125 -0.0378036499023438 -0.348419189453125 0.264007568359375
0.133567810058594 -0.00467681884765625 0.06646728515625 0.154815673828125
0.0941009521484375 -0.029083251953125 0.4600830078125 -0.099151611328125
0.0553741455078125 -0.0269126892089844 0.513641357421875 -0.39544677734375
0.0181331634521484 -0.0224285125732422 0.190673828125 -0.619873046875
0.0179843902587891 -0.00592994689941406 -0.12359619140625 -0.58758544921875
0.00502872467041016 0.0147323608398437 -0.27288818359375 -0.469390869140625
0.0199069976806641 0.0194416046142578 -0.279144287109375 -0.197433471679688
0.0451278686523438 0.0237388610839844 -0.0383758544921875 -0.0143508911132813
0.0223197937011719 0.0629425048828125 0.0415267944335937 0.131355285644531
0.00973510742187499 0.0728378295898438 0.214080810546875 0.252120971679688
-0.0055694580078125 0.0611534118652344 0.143707275390625 0.36529541015625
-0.0443878173828125 0.0457077026367187 -0.079437255859375 0.53839111328125
-0.0633506774902344 -0.02008056640625 -0.37432861328125 0.534088134765625
0.00160598754882812 -0.067413330078125 -0.5048828125 0.43963623046875
0.0607681274414063 -0.0341567993164063 -0.3548583984375 0.27215576171875
0.102867126464844 0.0048370361328125 0.05609130859375 0.1640625
0.0682296752929688 -0.0163650512695313 0.46112060546875 -0.081085205078125
0.0315170288085938 -0.0184059143066406 0.530303955078125 -0.379730224609375
-0.00538253784179688 -0.0183887481689453 0.211181640625 -0.61370849609375
0.00592660903930664 -0.00715160369873047 -0.107666015625 -0.593505859375
0.00933551788330078 0.0120925903320313 -0.26226806640625 -0.477294921875
0.0360946655273438 0.024322509765625 -0.276321411132813 -0.200759887695313
0.0664100646972656 0.0440139770507813 -0.0358543395996094 -0.00849151611328124
0.0412979125976563 0.0837020874023438 0.052825927734375 0.140037536621094
0.03192138671875 0.082275390625 0.21954345703125 0.254959106445313
0.0136795043945313 0.0553398132324219 0.153076171875 0.369354248046875
-0.0411758422851563 0.0339736938476562 -0.057708740234375 0.545806884765625
-0.0820541381835938 -0.0280914306640625 -0.35296630859375 0.545166015625
-0.0304756164550781 -0.0681877136230469 -0.485107421875 0.448883056640625
0.0258407592773438 -0.0270614624023438 -0.347442626953125 0.27490234375
0.0719528198242188 0.0151519775390625 0.057464599609375 0.16546630859375
0.0427818298339844 -0.0021820068359375 0.468109130859375 -0.07110595703125
0.00749397277832031 -0.0101070404052734 0.548736572265625 -0.371246337890625
-0.0280303955078125 -0.0147724151611328 0.2322998046875 -0.60968017578125
-0.00702095031738281 -0.0102834701538086 -0.0902099609375001 -0.5947265625
0.0126934051513672 0.00651454925537109 -0.24786376953125 -0.476348876953125
0.0512313842773438 0.0280265808105469 -0.266265869140625 -0.196884155273437
0.0836715698242188 0.0632400512695313 -0.0291023254394531 0.00263023376464844
0.0560836791992188 0.09619140625 0.0673065185546875 0.1527099609375
0.046234130859375 0.0841293334960938 0.221893310546875 0.261550903320313
0.0221138000488281 0.0454902648925781 0.1580810546875 0.384185791015625
-0.0439949035644531 0.0228805541992188 -0.036041259765625 0.560699462890625
-0.0974960327148438 -0.031768798828125 -0.32598876953125 0.55755615234375
-0.0543937683105469 -0.0640716552734375 -0.4576416015625 0.45416259765625
-0.000133514404296875 -0.0183506011962891 -0.331390380859375 0.270172119140625
0.0479888916015625 0.0273666381835937 0.069915771484375 0.159591674804688
0.0214462280273438 0.0102386474609375 0.482635498046875 -0.072418212890625
-0.0126743316650391 -0.00358963012695312 0.56884765625 -0.37030029296875
-0.04779052734375 -0.01513671875 0.253173828125 -0.60894775390625
-0.0171480178833008 -0.0166969299316406 -0.07232666015625 -0.59588623046875
0.0161037445068359 -0.000425338745117188 -0.235687255859375 -0.472198486328125
0.0645103454589844 0.0314865112304688 -0.254364013671875 -0.187271118164062
0.0945968627929687 0.0801315307617188 -0.0190601348876953 0.0199661254882813
0.0634307861328125 0.0994186401367188 0.083282470703125 0.168960571289063
0.047760009765625 0.0762176513671875 0.224594116210938 0.274490356445313
0.0183219909667969 0.0361709594726563 0.1629638671875 0.4053955078125
-0.0504875183105469 0.0168418884277344 -0.0155639648437501 0.57806396484375
-0.10882568359375 -0.0318603515625 -0.29864501953125 0.56768798828125
-0.0652732849121094 -0.0565147399902344 -0.427001953125 0.45355224609375
-0.0112018585205078 -0.008758544921875 -0.3052978515625 0.261383056640625
0.0332908630371094 0.0382499694824219 0.091156005859375 0.149200439453125
0.0063629150390625 0.0201263427734375 0.501922607421875 -0.0821533203125
-0.026123046875 -0.00021743774414063 0.58966064453125 -0.37506103515625
-0.0605049133300781 -0.0200614929199219 0.27154541015625 -0.61065673828125
-0.0219383239746094 -0.025665283203125 -0.05657958984375 -0.5902099609375
0.0223197937011719 -0.00770378112792969 -0.2242431640625 -0.459625244140625
0.0749053955078125 0.0331649780273438 -0.240921020507813 -0.171371459960938
0.0982894897460938 0.0936126708984375 -0.00928497314453124 0.0409355163574219
-0.0469245910644531 -0.00912094116210937 0.0448760986328125 0.15838623046875
-0.0630989074707031 0.037078857421875 0.174652099609375 0.2867431640625
-0.0471038818359375 0.0643882751464844 0.1019287109375 0.427154541015625
-0.0284805297851562 0.058563232421875 -0.0977172851562499 0.59393310546875
0.00925731658935547 -0.0167608261108398 -0.34979248046875 0.53857421875
0.101280212402344 -0.066558837890625 -0.452789306640625 0.4111328125
0.16229248046875 -0.0417022705078125 -0.276611328125 0.231643676757812
0.1875 -0.012847900390625 0.140113830566406 0.101646423339844
0.142730712890625 -0.04156494140625 0.49908447265625 -0.178802490234375
0.105712890625 -0.0288772583007813 0.510589599609375 -0.4622802734375
0.0602302551269531 -0.0154304504394531 0.16693115234375 -0.64544677734375
0.0257148742675781 0.00417709350585938 -0.140869140625 -0.5650634765625
-0.0259208679199219 0.00824737548828124 -0.2889404296875 -0.42755126953125
-0.022247314453125 -0.00775527954101563 -0.2666015625 -0.159744262695313
-0.00578689575195313 -0.0209445953369141 -0.0231170654296875 0.0129852294921875
-0.0354499816894531 -0.00180053710937499 0.0340499877929688 0.140113830566406
-0.0563812255859375 0.0394859313964844 0.174057006835938 0.269912719726562
-0.05047607421875 0.0663185119628906 0.097686767578125 0.409149169921875
-0.0400428771972656 0.063812255859375 -0.11370849609375 0.57855224609375
-0.00314712524414063 -0.00962162017822266 -0.3795166015625 0.540557861328125
0.0901260375976563 -0.065399169921875 -0.48388671875 0.421600341796875
0.153778076171875 -0.0433197021484375 -0.30517578125 0.2459716796875
0.180160522460938 -0.0139617919921875 0.113594055175781 0.121879577636719
0.132553100585938 -0.044189453125 0.480072021484375 -0.15673828125
0.0961837768554687 -0.0345382690429687 0.500946044921875 -0.447418212890625
0.05364990234375 -0.02276611328125 0.16180419921875 -0.64276123046875
0.0308036804199219 -0.000360488891601563 -0.14678955078125 -0.5770263671875
-0.0132379531860352 0.0138273239135742 -0.291778564453125 -0.446136474609375
-0.0115499496459961 0.00277137756347657 -0.275421142578125 -0.17608642578125
0.0061807632446289 -0.010716438293457 -0.0310802459716797 -0.00330734252929687
-0.0180168151855469 0.015045166015625 0.032012939453125 0.130882263183594
-0.0399436950683594 0.0471611022949219 0.188995361328125 0.257675170898437
-0.0434913635253906 0.0665855407714844 0.112701416015625 0.387359619140625
-0.0459632873535156 0.0631828308105469 -0.109375 0.560821533203125
-0.022186279296875 -0.00758743286132813 -0.386810302734375 0.539947509765625
0.0671882629394531 -0.0649185180664063 -0.501556396484375 0.4326171875
0.130966186523438 -0.0429534912109375 -0.33026123046875 0.26104736328125
0.161483764648438 -0.0125732421875 0.087799072265625 0.140731811523437
0.115768432617188 -0.0405120849609375 0.467315673828125 -0.13104248046875
0.078460693359375 -0.0336074829101563 0.50286865234375 -0.427154541015625
0.0389938354492188 -0.0246200561523438 0.1666259765625 -0.6387939453125
0.0275173187255859 -0.00422096252441406 -0.14251708984375 -0.58636474609375
-0.00176143646240234 0.0148229598999023 -0.289459228515625 -0.45965576171875
0.00383090972900391 0.0117988586425781 -0.28302001953125 -0.187530517578125
0.0239048004150391 0.00504684448242188 -0.0371017456054688 -0.0122489929199219
0.00204086303710938 0.0386772155761719 0.0353164672851562 0.127639770507813
-0.0158920288085937 0.0596656799316406 0.205902099609375 0.252182006835938
-0.0269126892089844 0.0646820068359375 0.1319580078125 0.37408447265625
-0.0479583740234375 0.0567970275878906 -0.092681884765625 0.547698974609375
-0.0443267822265625 -0.0114555358886719 -0.3841552734375 0.54241943359375
0.0354042053222656 -0.0659141540527344 -0.506744384765625 0.442413330078125
0.0978164672851563 -0.0398101806640625 -0.347412109375 0.272308349609375
0.133316040039063 -0.00647735595703125 0.0679779052734375 0.154876708984375
0.0928802490234375 -0.0309906005859375 0.461181640625 -0.108123779296875
0.0560874938964844 -0.0282249450683594 0.5130615234375 -0.408203125
0.0172328948974609 -0.0226230621337891 0.18292236328125 -0.62860107421875
0.0176200866699219 -0.00658226013183594 -0.1329345703125 -0.59332275390625
0.00516510009765625 0.0148105621337891 -0.284698486328125 -0.46881103515625
0.0194282531738281 0.0189361572265625 -0.285491943359375 -0.1959228515625
0.04571533203125 0.0235710144042969 -0.0392570495605469 -0.0131912231445312
0.0238609313964844 0.06414794921875 0.0443191528320312 0.132072448730469
0.0107650756835937 0.0749740600585938 0.219924926757813 0.251937866210938
-0.00495529174804688 0.062255859375 0.150421142578125 0.367156982421875
-0.0436058044433594 0.0467643737792969 -0.0705871582031249 0.544708251953125
-0.0636978149414063 -0.0190925598144531 -0.36932373046875 0.548736572265625
0.00123214721679688 -0.0675163269042969 -0.5015869140625 0.453277587890625
0.0603981018066406 -0.0359420776367188 -0.35516357421875 0.279296875
0.102325439453125 0.00266265869140625 0.057708740234375 0.163467407226563
0.0674896240234375 -0.0171356201171875 0.46282958984375 -0.089569091796875
0.0314483642578125 -0.0187320709228516 0.528900146484375 -0.394195556640625
-0.00553512573242188 -0.0176658630371094 0.20318603515625 -0.6253662109375
0.00530338287353516 -0.00736665725708008 -0.1180419921875 -0.5992431640625
0.00913906097412109 0.0116186141967773 -0.27252197265625 -0.47576904296875
0.0363616943359375 0.0237770080566406 -0.2816162109375 -0.19757080078125
0.067626953125 0.0435333251953125 -0.0374984741210937 -0.00725173950195312
0.0430526733398438 0.0852127075195313 0.056304931640625 0.139976501464844
0.0331878662109375 0.0836181640625 0.22735595703125 0.254302978515625
0.014434814453125 0.0557022094726563 0.160430908203125 0.373046875
-0.0409660339355469 0.0346641540527344 -0.047332763671875 0.553070068359375
-0.0823974609375 -0.0264511108398438 -0.34674072265625 0.55767822265625
-0.0302391052246094 -0.0677413940429688 -0.480987548828125 0.462310791015625
0.0258083343505859 -0.0284099578857422 -0.3468017578125 0.282440185546875
0.0728530883789063 0.0146484375 0.0594329833984375 0.165115356445313
0.041778564453125 -0.00239181518554687 0.4715576171875 -0.080902099609375
0.00768566131591797 -0.010441780090332 0.54803466796875 -0.387115478515625
-0.0281257629394531 -0.0142059326171875 0.2249755859375 -0.62103271484375
-0.00737190246582031 -0.0100927352905273 -0.1011962890625 -0.60076904296875
0.0119352340698242 0.00700187683105469 -0.25933837890625 -0.47564697265625
0.0514259338378906 0.0276679992675781 -0.272293090820312 -0.193374633789063
0.0848541259765625 0.0632476806640625 -0.0297985076904297 0.00310897827148438
0.05865478515625 0.098114013671875 0.0710601806640625 0.153350830078125
0.0478668212890625 0.083831787109375 0.23016357421875 0.262130737304688
0.022369384765625 0.0464019775390625 0.166778564453125 0.38629150390625
-0.04339599609375 0.0233955383300781 -0.0260009765625 0.56768798828125
-0.09930419921875 -0.0305023193359375 -0.31988525390625 0.57049560546875
-0.0555458068847656 -0.063201904296875 -0.4549560546875 0.467193603515625
0.000236511230468749 -0.0176868438720703 -0.329681396484375 0.27923583984375
0.0475044250488281 0.0266838073730469 0.071868896484375 0.160614013671875
0.0206432342529297 0.00996208190917969 0.48370361328125 -0.083648681640625
-0.0127935409545898 -0.00344181060791015 0.569580078125 -0.3843994140625
-0.0480499267578125 -0.0140228271484375 0.24517822265625 -0.6214599609375
-0.0176620483398438 -0.0163154602050781 -0.083251953125 -0.60137939453125
0.0165462493896484 -0.000239372253417969 -0.2459716796875 -0.4725341796875
0.0664215087890625 0.03057861328125 -0.258880615234375 -0.185226440429688
0.0973129272460938 0.080108642578125 -0.0199794769287109 0.0203704833984375
0.0653839111328125 0.0998306274414063 0.08734130859375 0.168411254882812
0.0498809814453125 0.0773696899414063 0.230438232421875 0.273773193359375
0.0196762084960938 0.0360374450683594 0.17095947265625 0.4078369140625
-0.0498504638671875 0.0181617736816406 -0.00585937500000004 0.585205078125
-0.109367370605469 -0.0299148559570312 -0.29254150390625 0.58050537109375
-0.0663948059082031 -0.0554466247558594 -0.42266845703125 0.465972900390625
-0.0115728378295898 -0.0079050064086914 -0.30389404296875 0.268280029296875
0.0343246459960938 0.0380020141601563 0.0932159423828125 0.148544311523438
0.00508308410644531 0.0202064514160156 0.504241943359375 -0.091796875
-0.0272331237792969 -4.76837158203112E-05 0.58953857421875 -0.3900146484375
-0.06011962890625 -0.0183906555175781 0.26483154296875 -0.6220703125
-0.0221538543701172 -0.0246391296386719 -0.0667724609375 -0.5958251953125
0.0231037139892578 -0.00749015808105469 -0.234405517578125 -0.46124267578125
0.077178955078125 0.03289794921875 -0.244842529296875 -0.168914794921875
0.0997848510742188 0.093017578125 -0.00852584838867187 0.041717529296875
-0.0469436645507812 -0.007904052734375 0.049530029296875 0.158584594726563
-0.063446044921875 0.0388145446777344 0.181640625 0.287872314453125
-0.0459480285644531 0.0655975341796875 0.111175537109375 0.432281494140625
-0.0280570983886719 0.0590629577636719 -0.0865478515625 0.60107421875
0.009246826171875 -0.0168952941894531 -0.34112548828125 0.55108642578125
0.101669311523438 -0.0696945190429688 -0.448822021484375 0.423675537109375
0.162582397460938 -0.04498291015625 -0.2755126953125 0.236434936523437
0.18719482421875 -0.0156707763671875 0.142013549804688 0.0998382568359375
0.141342163085938 -0.044403076171875 0.498321533203125 -0.189788818359375
0.105506896972656 -0.0316848754882813 0.505767822265625 -0.477081298828125
0.0598373413085938 -0.0162734985351563 0.15771484375 -0.65582275390625
0.0262832641601562 0.0028839111328125 -0.153564453125 -0.56842041015625
-0.0258216857910156 0.00954627990722656 -0.300811767578125 -0.427001953125
-0.0226535797119141 -0.00811195373535157 -0.271270751953125 -0.15667724609375
-0.00552558898925781 -0.0216999053955078 -0.0235595703125 0.0138416290283203
-0.03607177734375 -0.000919342041015632 0.0390777587890625 0.140731811523437
-0.0566902160644531 0.0413665771484375 0.181549072265625 0.270782470703125
-0.0500106811523438 0.0672721862792969 0.106292724609375 0.412200927734375
-0.0394248962402344 0.0647087097167969 -0.1033935546875 0.588134765625
-0.00348091125488281 -0.00937652587890625 -0.3734130859375 0.554229736328125
0.0902481079101563 -0.0674591064453125 -0.478851318359375 0.433868408203125
0.153701782226563 -0.046295166015625 -0.3043212890625 0.253387451171875
0.179733276367188 -0.017364501953125 0.115226745605469 0.120529174804688
0.131355285644531 -0.04693603515625 0.479736328125 -0.16864013671875
0.0951995849609375 -0.036773681640625 0.496734619140625 -0.461151123046875
0.0539321899414062 -0.0230178833007812 0.15142822265625 -0.6517333984375
0.0303878784179688 -0.00143623352050781 -0.15869140625 -0.58038330078125
-0.0134048461914063 0.014348030090332 -0.3050537109375 -0.44384765625
-0.0118608474731445 0.00257110595703125 -0.28106689453125 -0.173599243164062
0.00589084625244141 -0.0109739303588867 -0.03167724609375 -0.00262832641601562
-0.0181465148925781 0.0157890319824219 0.0354537963867188 0.131340026855469
-0.0392990112304687 0.0489540100097656 0.195602416992188 0.257705688476563
-0.0432548522949219 0.0672454833984375 0.119171142578125 0.39056396484375
-0.0460853576660156 0.0639419555664062 -0.0993041992187501 0.5693359375
-0.0229854583740234 -0.00743865966796875 -0.381744384765625 0.554107666015625
0.0679244995117188 -0.0660552978515625 -0.49853515625 0.445709228515625
0.13116455078125 -0.0459136962890625 -0.330047607421875 0.269500732421875
0.161178588867188 -0.01519775390625 0.0885391235351563 0.13983154296875
0.114616394042969 -0.0429000854492188 0.467987060546875 -0.141448974609375
0.078369140625 -0.0360183715820313 0.500701904296875 -0.441650390625
0.0384368896484375 -0.025177001953125 0.15765380859375 -0.64654541015625
0.0270328521728516 -0.00576400756835937 -0.155029296875 -0.5888671875
-0.00236892700195313 0.0156393051147461 -0.30206298828125 -0.45782470703125
0.00343132019042969 0.0107135772705078 -0.2886962890625 -0.18426513671875
0.0247020721435547 0.00470542907714844 -0.0377845764160156 -0.0113487243652344
0.00369644165039063 0.0395278930664062 0.0394821166992187 0.128128051757813
-0.0144805908203125 0.0609130859375 0.213180541992188 0.251663208007813
-0.026458740234375 0.0660896301269531 0.1409912109375 0.376220703125
-0.0465888977050781 0.0583038330078125 -0.0821228027343751 0.555419921875
-0.04351806640625 -0.0102577209472656 -0.376617431640625 0.555908203125
0.0350341796875 -0.0668563842773438 -0.503875732421875 0.456787109375
0.0977706909179688 -0.0428085327148438 -0.3470458984375 0.280670166015625
0.132728576660156 -0.00841522216796875 0.070098876953125 0.155532836914063
0.0912704467773438 -0.0330886840820313 0.46160888671875 -0.118072509765625
0.0552215576171875 -0.0298881530761719 0.509307861328125 -0.423797607421875
0.0170555114746094 -0.0226078033447266 0.17327880859375 -0.6397705078125
0.0173368453979492 -0.00676345825195313 -0.14501953125 -0.59576416015625
0.00503063201904297 0.0141019821166992 -0.29571533203125 -0.46783447265625
0.0205440521240234 0.0180854797363281 -0.291046142578125 -0.191314697265625
0.046783447265625 0.023834228515625 -0.0415115356445313 -0.0125617980957031
0.0252914428710937 0.0652236938476563 0.0483474731445313 0.13104248046875
0.0113296508789063 0.0753860473632813 0.227523803710937 0.251785278320312
-0.0037689208984375 0.0624160766601563 0.159698486328125 0.3699951171875
-0.0437126159667969 0.0480422973632812 -0.059661865234375 0.552642822265625
-0.0646324157714844 -0.0170516967773438 -0.361724853515625 0.5616455078125
0.000339508056640626 -0.0673828125 -0.49688720703125 0.468475341796875
0.05999755859375 -0.0369071960449219 -0.3521728515625 0.290008544921875
0.102615356445313 0.0008697509765625 0.0604095458984375 0.163619995117188
0.0665740966796875 -0.01885986328125 0.464019775390625 -0.10028076171875
0.0312099456787109 -0.0193424224853516 0.5257568359375 -0.40789794921875
-0.00609874725341797 -0.0175065994262695 0.1942138671875 -0.63592529296875
0.00547170639038086 -0.00724697113037109 -0.13153076171875 -0.6025390625
0.00940608978271484 0.0114841461181641 -0.28436279296875 -0.475555419921875
0.0362625122070313 0.0235633850097656 -0.2869873046875 -0.194061279296875
0.0685157775878906 0.0430831909179688 -0.0382919311523437 -0.00733566284179688
0.0447540283203125 0.08575439453125 0.0611419677734375 0.140129089355469
0.0351104736328125 0.0840225219726563 0.234375 0.253326416015625
0.0148277282714844 0.0559120178222656 0.16998291015625 0.374847412109375
-0.0403633117675781 0.0361251831054688 -0.037109375 0.559967041015625
-0.0836639404296875 -0.0244369506835937 -0.33868408203125 0.57232666015625
-0.0326805114746094 -0.0673179626464844 -0.47662353515625 0.47735595703125
0.0254440307617188 -0.0280628204345703 -0.345855712890625 0.29248046875
0.0721282958984375 0.0140609741210937 0.0626068115234375 0.165130615234375
0.0418014526367188 -0.00305938720703125 0.471954345703125 -0.090972900390625
0.00678634643554687 -0.00969314575195313 0.545623779296875 -0.4017333984375
-0.0290088653564453 -0.0128040313720703 0.21673583984375 -0.63262939453125
-0.00767993927001953 -0.0106544494628906 -0.11279296875 -0.60455322265625
0.0116739273071289 0.00630092620849609 -0.27069091796875 -0.47674560546875
0.0528526306152344 0.0265045166015625 -0.277847290039063 -0.190353393554688
0.08685302734375 0.0621490478515625 -0.0310211181640625 0.00452232360839845
0.0597000122070313 0.0981674194335938 0.0751495361328125 0.152191162109375
0.049468994140625 0.0839004516601563 0.237167358398437 0.261032104492188
0.0231399536132813 0.0458106994628906 0.174835205078125 0.388092041015625
-0.0429267883300781 0.0251655578613281 -0.0148315429687501 0.57452392578125
-0.100860595703125 -0.0287857055664063 -0.31243896484375 0.5848388671875
-0.05609130859375 -0.0616455078125 -0.44976806640625 0.482269287109375
-0.000312805175781248 -0.0185070037841797 -0.327911376953125 0.28753662109375
0.0483551025390625 0.0270042419433594 0.0742645263671875 0.1600341796875
0.0189743041992187 0.0101985931396484 0.484344482421875 -0.093231201171875
-0.0133380889892578 -0.0032339096069336 0.56671142578125 -0.4000244140625
-0.0492401123046875 -0.012939453125 0.2373046875 -0.63232421875
-0.0176467895507812 -0.0155220031738281 -0.0947265625 -0.60601806640625
0.0161542892456055 -0.000110626220703125 -0.258514404296875 -0.47149658203125
0.0668258666992188 0.0295982360839844 -0.264358520507813 -0.180435180664063
0.0993194580078125 0.0797119140625 -0.0201263427734375 0.0205860137939453
0.0680313110351563 0.100120544433594 0.092315673828125 0.167205810546875
0.0520858764648438 0.07757568359375 0.237625122070312 0.272384643554687
0.0197525024414062 0.0362701416015625 0.1796875 0.409423828125
-0.0501937866210938 0.0184402465820313 0.00634765624999998 0.5904541015625
-0.110893249511719 -0.0275344848632812 -0.283203125 0.5921630859375
-0.0677833557128906 -0.0548973083496094 -0.41851806640625 0.480010986328125
-0.0118122100830078 -0.00831413269042969 -0.30230712890625 0.27734375
0.0333061218261719 0.0383415222167969 0.0954742431640625 0.148788452148438
0.00481605529785156 0.0202102661132813 0.504425048828125 -0.102264404296875
-0.0275707244873047 0.000354766845703131 0.5894775390625 -0.40533447265625
-0.0617332458496094 -0.0163612365722656 0.25616455078125 -0.6326904296875
-0.0225658416748047 -0.0242195129394531 -0.0791625976562499 -0.60052490234375
0.0226211547851562 -0.0078887939453125 -0.24609375 -0.460235595703125
0.0775070190429688 0.0319595336914063 -0.249725341796875 -0.164993286132812
0.102340698242188 0.092437744140625 -0.00850296020507812 0.0420074462890625
-0.0473594665527344 -0.00601577758789063 0.053985595703125 0.157791137695313
-0.0624847412109375 0.0400276184082031 0.19097900390625 0.286865234375
-0.0466384887695313 0.0668563842773437 0.121246337890625 0.43304443359375
-0.0275535583496094 0.0602798461914063 -0.07373046875 0.6082763671875
0.00857067108154297 -0.0172958374023438 -0.33148193359375 0.563720703125
0.101303100585938 -0.072113037109375 -0.444122314453125 0.43682861328125
0.162704467773438 -0.049102783203125 -0.272659301757812 0.244430541992188
0.18658447265625 -0.020050048828125 0.14324951171875 0.0977325439453125
0.140289306640625 -0.0473709106445313 0.49603271484375 -0.203033447265625
0.105575561523438 -0.0328598022460938 0.49908447265625 -0.492889404296875
0.0599594116210937 -0.0176925659179687 0.1456298828125 -0.6641845703125
0.0254077911376953 0.00220298767089844 -0.16802978515625 -0.5701904296875
-0.0272502899169922 0.0097198486328125 -0.31207275390625 -0.422943115234375
-0.0231113433837891 -0.00769615173339844 -0.275909423828125 -0.152435302734375
-0.00685501098632813 -0.021026611328125 -0.0234756469726563 0.0145397186279297
-0.0362014770507813 0.000640869140624997 0.041778564453125 0.13958740234375
-0.0556106567382813 0.0424957275390625 0.188858032226563 0.269363403320313
-0.0500373840332031 0.0687065124511719 0.116729736328125 0.41522216796875
-0.0380210876464844 0.0654754638671875 -0.0908203125 0.595703125
-0.00385093688964844 -0.00960636138916015 -0.36651611328125 0.56854248046875
0.0898895263671875 -0.0701828002929688 -0.47357177734375 0.4483642578125
0.153961181640625 -0.0503387451171875 -0.3016357421875 0.261077880859375
0.179290771484375 -0.020782470703125 0.11663818359375 0.118873596191406
0.129928588867188 -0.0495452880859375 0.47833251953125 -0.179046630859375
0.0954437255859375 -0.0385360717773438 0.49090576171875 -0.475616455078125
0.0534706115722656 -0.0239410400390625 0.1395263671875 -0.66168212890625
0.0300502777099609 -0.002105712890625 -0.17279052734375 -0.58203125
-0.0136003494262695 0.014073371887207 -0.316253662109375 -0.440032958984375
-0.0112476348876953 0.00255393981933594 -0.28631591796875 -0.16741943359375
0.00602149963378906 -0.0114021301269531 -0.0323352813720703 -0.00149536132812501
-0.0176429748535156 0.0170402526855469 0.0395660400390625 0.1312255859375
-0.0381660461425781 0.0495338439941406 0.203094482421875 0.25762939453125
-0.0425186157226563 0.0682868957519531 0.128997802734375 0.392730712890625
-0.0444793701171875 0.0657119750976563 -0.08636474609375 0.57733154296875
-0.0231151580810547 -0.00647354125976563 -0.3717041015625 0.56732177734375
0.0660362243652344 -0.0685882568359375 -0.492218017578125 0.460113525390625
0.130088806152344 -0.0479354858398438 -0.327239990234375 0.277587890625
0.160919189453125 -0.0180816650390625 0.090850830078125 0.139106750488281
0.113510131835938 -0.0452194213867188 0.46575927734375 -0.152801513671875
0.0769500732421875 -0.0379409790039063 0.494354248046875 -0.456878662109375
0.0382270812988281 -0.0257606506347656 0.14495849609375 -0.6571044921875
0.0269489288330078 -0.00609016418457031 -0.16998291015625 -0.59173583984375
-0.00243091583251953 0.015498161315918 -0.315338134765625 -0.455108642578125
0.00381946563720703 0.011509895324707 -0.293731689453125 -0.1806640625
0.0250205993652344 0.00409889221191406 -0.0389442443847656 -0.0101776123046875
0.00421142578125 0.0402755737304688 0.043121337890625 0.127891540527344
-0.0133857727050781 0.0622940063476562 0.220718383789063 0.250900268554688
-0.025177001953125 0.0670585632324219 0.150634765625 0.37823486328125
-0.0468788146972656 0.0598602294921875 -0.0703125 0.56414794921875
-0.0439491271972656 -0.00880050659179688 -0.36669921875 0.56878662109375
0.0346908569335938 -0.0681571960449219 -0.497772216796875 0.470947265625
0.0971755981445313 -0.0445632934570313 -0.343292236328125 0.28863525390625
0.132904052734375 -0.0110015869140625 0.0721893310546875 0.1546630859375
0.0900039672851563 -0.0337905883789063 0.46197509765625 -0.128997802734375
0.0544204711914063 -0.0310935974121094 0.50372314453125 -0.438629150390625
0.0175743103027344 -0.0222873687744141 0.1605224609375 -0.64886474609375
0.0181541442871094 -0.00763893127441406 -0.15985107421875 -0.59930419921875
0.00527381896972656 0.0146255493164063 -0.30963134765625 -0.4652099609375
0.0212440490722656 0.0179347991943359 -0.2967529296875 -0.18585205078125
0.0470771789550781 0.0232734680175781 -0.0423316955566406 -0.0120353698730469
0.0268974304199219 0.0657997131347656 0.05218505859375 0.130584716796875
0.013031005859375 0.0766448974609375 0.235244750976563 0.249588012695313
-0.00298690795898438 0.0635337829589844 0.167938232421875 0.370452880859375
-0.0435066223144531 0.0491905212402344 -0.0478820800781249 0.55914306640625
-0.0652198791503906 -0.0168685913085937 -0.3519287109375 0.575927734375
-0.00030517578125 -0.0689468383789063 -0.491363525390625 0.482025146484375
0.0592269897460938 -0.0383682250976563 -0.35101318359375 0.298095703125
0.101402282714844 0.00037384033203125 0.062652587890625 0.1639404296875
0.0653648376464844 -0.0192337036132813 0.463531494140625 -0.11175537109375
0.0304946899414063 -0.0207538604736328 0.521942138671875 -0.42401123046875
-0.00644397735595703 -0.0169715881347656 0.18157958984375 -0.64459228515625
0.00528049468994141 -0.00791120529174805 -0.14642333984375 -0.60455322265625
0.00967025756835938 0.0115041732788086 -0.2998046875 -0.47296142578125
0.0378837585449219 0.0232048034667969 -0.2923583984375 -0.189178466796875
0.070068359375 0.0425033569335937 -0.039215087890625 -0.00645065307617188
0.0475692749023438 0.0861663818359375 0.0647201538085938 0.139060974121094
0.0374374389648438 0.0845794677734375 0.2427978515625 0.251205444335938
0.0155372619628906 0.05596923828125 0.17919921875 0.374114990234375
-0.040557861328125 0.0369529724121094 -0.02410888671875 0.5653076171875
-0.0845718383789062 -0.02264404296875 -0.32757568359375 0.585693359375
-0.0329513549804687 -0.0667610168457031 -0.469696044921875 0.491424560546875
0.0247955322265625 -0.0294456481933594 -0.342132568359375 0.300079345703125
0.0720443725585938 0.013336181640625 0.0644073486328125 0.164840698242188
0.0405197143554688 -0.00381851196289063 0.470947265625 -0.1026611328125
0.00701999664306641 -0.0103912353515625 0.542327880859375 -0.4171142578125
-0.0294189453125 -0.0122604370117188 0.205322265625 -0.64031982421875
-0.00787830352783203 -0.00885772705078125 -0.127685546875 -0.60797119140625
0.0122489929199219 0.00674819946289062 -0.28369140625 -0.473541259765625
0.0534629821777344 0.0259895324707031 -0.28302001953125 -0.185516357421875
0.0895156860351563 0.0608062744140625 -0.0317668914794922 0.00483894348144532
0.0629653930664063 0.0987396240234375 0.07977294921875 0.151687622070313
0.0513153076171875 0.08447265625 0.2449951171875 0.258377075195313
0.0236091613769531 0.0456962585449219 0.185821533203125 0.38873291015625
-0.0435142517089844 0.0261726379394531 -0.00177001953125 0.578857421875
-0.101371765136719 -0.0265350341796875 -0.30035400390625 0.59759521484375
-0.0577888488769531 -0.0611038208007813 -0.442901611328125 0.49554443359375
-0.000488281250000001 -0.0182037353515625 -0.324310302734375 0.29620361328125
0.0479888916015625 0.0271797180175781 0.07745361328125 0.159530639648438
0.0184249877929687 0.0106029510498047 0.48553466796875 -0.104095458984375
-0.0136041641235352 -0.00323104858398437 0.5634765625 -0.41705322265625
-0.0491600036621094 -0.0111236572265625 0.2255859375 -0.64215087890625
-0.0188388824462891 -0.0154380798339844 -0.10888671875 -0.609375
0.0161294937133789 -0.000265121459960938 -0.271514892578125 -0.470703125
0.0685043334960938 0.0291938781738281 -0.269378662109375 -0.17681884765625
0.101142883300781 0.0784912109375 -0.0200290679931641 0.0218849182128906
0.0704879760742188 0.100593566894531 0.09747314453125 0.166275024414063
0.0540084838867188 0.0776443481445313 0.247360229492187 0.2706298828125
0.0200424194335938 0.0371551513671875 0.19049072265625 0.409515380859375
-0.0499687194824219 0.0195083618164063 0.0206298828125 0.5958251953125
-0.111114501953125 -0.02520751953125 -0.27105712890625 0.6058349609375
-0.0690803527832031 -0.0537910461425781 -0.411041259765625 0.494232177734375
-0.0130109786987305 -0.00768852233886719 -0.299102783203125 0.28570556640625
0.0336151123046875 0.0383834838867188 0.098541259765625 0.147415161132813
0.00348281860351563 0.0206165313720703 0.50469970703125 -0.113739013671875
-0.0276832580566406 0.000726699829101561 0.5853271484375 -0.42291259765625
-0.0621261596679688 -0.0150833129882812 0.24493408203125 -0.64434814453125
-0.0229816436767578 -0.0245952606201172 -0.09222412109375 -0.60540771484375
0.0226554870605469 -0.0081024169921875 -0.258148193359375 -0.458221435546875
0.079071044921875 0.0306243896484375 -0.25531005859375 -0.160369873046875
0.104217529296875 0.09100341796875 -0.00826263427734374 0.0426063537597656
-0.046875 -0.00486755371093751 0.0590667724609375 0.1556396484375
-0.0612564086914063 0.0416526794433594 0.198699951171875 0.2835693359375
-0.0454788208007812 0.0672340393066406 0.1322021484375 0.433685302734375
-0.0264434814453125 0.0606269836425781 -0.0596923828125001 0.614501953125
0.00801849365234375 -0.0172634124755859 -0.31939697265625 0.576171875
0.100173950195313 -0.074859619140625 -0.435150146484375 0.44964599609375
0.162445068359375 -0.0538177490234375 -0.270095825195313 0.250640869140625
0.184539794921875 -0.0231170654296875 0.143524169921875 0.0953826904296875
0.138343811035156 -0.050323486328125 0.49310302734375 -0.213958740234375
0.104713439941406 -0.0357284545898438 0.4910888671875 -0.506805419921875
0.0595359802246094 -0.0192527770996094 0.1302490234375 -0.67388916015625
0.0256252288818359 0.00158500671386719 -0.181884765625 -0.57012939453125
-0.0275402069091797 0.00994491577148437 -0.32684326171875 -0.41717529296875
-0.022857666015625 -0.00772666931152343 -0.280517578125 -0.146453857421875
-0.00725555419921875 -0.0207443237304688 -0.0239925384521484 0.0154609680175781
-0.0352363586425781 0.00235366821289063 0.0458984375 0.139190673828125
-0.0547409057617188 0.0432548522949219 0.197708129882813 0.267181396484375
-0.0488052368164063 0.0689544677734375 0.127838134765625 0.415802001953125
-0.0364723205566406 0.065948486328125 -0.07672119140625 0.60333251953125
-0.00399589538574219 -0.008880615234375 -0.3529052734375 0.5806884765625
0.089202880859375 -0.0725250244140625 -0.464599609375 0.463287353515625
0.1529541015625 -0.0542449951171875 -0.296844482421875 0.2679443359375
0.178115844726563 -0.0240478515625 0.118659973144531 0.116676330566406
0.1278076171875 -0.0519332885742188 0.47467041015625 -0.191864013671875
0.0935211181640625 -0.0412063598632813 0.483123779296875 -0.491790771484375
0.0530014038085938 -0.0245552062988281 0.12548828125 -0.66961669921875
0.0299930572509766 -0.0030975341796875 -0.18890380859375 -0.58343505859375
-0.013702392578125 0.0146350860595703 -0.329193115234375 -0.435699462890625
-0.0112209320068359 0.00234699249267578 -0.291046142578125 -0.16265869140625
0.00570011138916016 -0.0116043090820313 -0.0332584381103516 -0.000808715820312504
-0.0176467895507813 0.0183658599853516 0.0434494018554688 0.129615783691406
-0.0370750427246094 0.0509796142578125 0.210769653320313 0.254669189453125
-0.0417518615722656 0.0685081481933594 0.1396484375 0.39288330078125
-0.0442161560058594 0.0663604736328125 -0.0724487304687499 0.58380126953125
-0.0220069885253906 -0.00591468811035156 -0.3603515625 0.58087158203125
0.0654983520507813 -0.0698585510253906 -0.4837646484375 0.474273681640625
0.129890441894531 -0.0522079467773438 -0.3223876953125 0.28558349609375
0.16009521484375 -0.021514892578125 0.0936965942382813 0.138221740722656
0.110496520996094 -0.0475540161132812 0.4638671875 -0.1649169921875
0.0754623413085938 -0.0392913818359375 0.48681640625 -0.473052978515625
0.0376930236816406 -0.0269088745117188 0.12982177734375 -0.66595458984375
0.0264530181884766 -0.00701713562011719 -0.18597412109375 -0.591796875
-0.00272274017333984 0.0159149169921875 -0.328094482421875 -0.44976806640625
0.0045928955078125 0.0109024047851562 -0.299224853515625 -0.17340087890625
0.0249538421630859 0.00404548645019531 -0.0404090881347656 -0.00926971435546875
0.00508880615234375 0.0416603088378906 0.0472183227539062 0.126388549804688
-0.011962890625 0.0627632141113281 0.22906494140625 0.247909545898438
-0.0241584777832031 0.0673713684082031 0.160614013671875 0.377960205078125
-0.0449905395507813 0.0604209899902344 -0.05548095703125 0.5687255859375
-0.044189453125 -0.00791549682617187 -0.3544921875 0.5831298828125
0.0326194763183594 -0.0689353942871094 -0.489013671875 0.486572265625
0.0965499877929688 -0.0461196899414063 -0.339996337890625 0.297821044921875
0.132293701171875 -0.0133209228515625 0.074951171875 0.15350341796875
0.0882415771484375 -0.0358657836914063 0.45892333984375 -0.141510009765625
0.0537681579589844 -0.031890869140625 0.496612548828125 -0.4534912109375
0.0169124603271484 -0.022430419921875 0.14691162109375 -0.65789794921875
0.0179252624511719 -0.00810813903808594 -0.17486572265625 -0.59991455078125
0.00552272796630859 0.0146160125732422 -0.322509765625 -0.45953369140625
0.0205020904541016 0.0170822143554688 -0.301116943359375 -0.1806640625
0.0474700927734375 0.0218162536621094 -0.0437736511230469 -0.0105934143066406
0.0288925170898437 0.0663719177246094 0.0560150146484375 0.129463195800781
0.015625 0.0769119262695313 0.242965698242188 0.2457275390625
-0.00185394287109375 0.0637092590332031 0.17950439453125 0.370330810546875
-0.0417327880859375 0.0507888793945312 -0.03302001953125 0.56549072265625
-0.0656166076660156 -0.013885498046875 -0.33905029296875 0.5888671875
-0.00142669677734374 -0.0682754516601563 -0.482696533203125 0.49639892578125
0.0586433410644531 -0.0394363403320313 -0.345550537109375 0.30755615234375
0.101997375488281 -0.00183868408203125 0.06622314453125 0.163330078125
0.063568115234375 -0.0203666687011719 0.462310791015625 -0.122222900390625
0.0296154022216797 -0.0214462280273438 0.515869140625 -0.440185546875
-0.00650596618652344 -0.0159006118774414 0.1683349609375 -0.65447998046875
0.00514888763427734 -0.00819158554077148 -0.16119384765625 -0.606201171875
0.00949764251708984 0.0121316909790039 -0.312255859375 -0.468109130859375
0.0380897521972656 0.0216445922851563 -0.29840087890625 -0.1824951171875
0.071014404296875 0.0410842895507813 -0.0401649475097656 -0.00608062744140625
0.050384521484375 0.086029052734375 0.0701751708984375 0.138595581054688
0.0388412475585937 0.085113525390625 0.250137329101563 0.247833251953125
0.0169677734375 0.0571136474609375 0.190093994140625 0.373382568359375
-0.0399093627929688 0.037567138671875 -0.00927734374999998 0.5706787109375
-0.084930419921875 -0.0202789306640625 -0.3155517578125 0.59765625
-0.0342941284179687 -0.0660629272460938 -0.461334228515625 0.50701904296875
0.0242500305175781 -0.0304336547851563 -0.338134765625 0.310394287109375
0.0708847045898438 0.0129013061523438 0.0675201416015625 0.164962768554688
0.0385818481445313 -0.00416946411132812 0.4700927734375 -0.11346435546875
0.00650691986083984 -0.0112524032592773 0.535675048828125 -0.43280029296875
-0.0297355651855469 -0.0110740661621094 0.19189453125 -0.65155029296875
-0.00821208953857422 -0.00958633422851563 -0.14288330078125 -0.60931396484375
0.0129880905151367 0.00724124908447266 -0.298004150390625 -0.47052001953125
0.053985595703125 0.0245895385742188 -0.288482666015625 -0.179656982421875
0.090545654296875 0.0594635009765625 -0.0314559936523437 0.00592994689941407
0.0651321411132813 0.0984649658203125 0.0851287841796875 0.149673461914063
0.0540542602539063 0.0849685668945312 0.252304077148438 0.255035400390625
0.0247993469238281 0.0455436706542969 0.194915771484375 0.387603759765625
-0.0430030822753906 0.0266876220703125 0.0135498046874999 0.5828857421875
-0.101852416992188 -0.0234603881835937 -0.2860107421875 0.61004638671875
-0.0589675903320313 -0.0598487854003906 -0.43389892578125 0.509613037109375
-0.0017547607421875 -0.018463134765625 -0.320709228515625 0.3065185546875
0.0474929809570313 0.0258102416992188 0.07965087890625 0.159027099609375
0.0168952941894531 0.0109434127807617 0.484771728515625 -0.116729736328125
-0.0146808624267578 -0.00252819061279297 0.55718994140625 -0.433013916015625
-0.049896240234375 -0.00969314575195312 0.213134765625 -0.6527099609375
-0.0186901092529297 -0.0147647857666016 -0.1251220703125 -0.6102294921875
0.0162868499755859 -5.81741333007812E-05 -0.285980224609375 -0.465606689453125
0.0687713623046875 0.0276298522949219 -0.274734497070313 -0.171478271484375
0.103599548339844 0.076629638671875 -0.0198497772216797 0.0223617553710938
0.0736160278320313 0.0995635986328125 0.101837158203125 0.1639404296875
0.0573883056640625 0.0779495239257812 0.254547119140625 0.266921997070313
0.0212554931640625 0.0364952087402344 0.20159912109375 0.408111572265625
-0.0498161315917969 0.0206336975097656 0.0345458984375 0.599365234375
-0.112815856933594 -0.022247314453125 -0.25653076171875 0.6171875
-0.0707168579101562 -0.0516815185546875 -0.401123046875 0.50714111328125
-0.0131473541259766 -0.00750064849853516 -0.29498291015625 0.29473876953125
0.0339431762695313 0.0372123718261719 0.101425170898438 0.146316528320313
0.00238800048828125 0.0212306976318359 0.504730224609375 -0.126739501953125
-0.0279731750488281 0.00171661376953125 0.578857421875 -0.44110107421875
-0.0625457763671875 -0.0135917663574219 0.2320556640625 -0.65484619140625
-0.0244159698486328 -0.0237865447998047 -0.107421875 -0.60650634765625
0.0220909118652344 -0.00813484191894531 -0.271087646484375 -0.454376220703125
0.0802078247070313 0.028900146484375 -0.26025390625 -0.155975341796875
0.106643676757813 0.0898895263671875 -0.00748062133789062 0.042388916015625
-0.0476646423339844 -0.0030670166015625 0.06427001953125 0.153289794921875
-0.0606727600097656 0.0427055358886719 0.20684814453125 0.279220581054687
-0.0444564819335937 0.0674552917480469 0.14337158203125 0.432647705078125
-0.0255699157714844 0.0603370666503906 -0.0428466796875 0.61871337890625
0.0081024169921875 -0.0176868438720703 -0.30621337890625 0.58807373046875
0.0995101928710938 -0.077423095703125 -0.42498779296875 0.46209716796875
0.160842895507813 -0.057861328125 -0.265365600585937 0.257171630859375
0.184738159179688 -0.02703857421875 0.145339965820313 0.0921173095703125
0.13623046875 -0.0536422729492188 0.48773193359375 -0.227142333984375
0.10345458984375 -0.038360595703125 0.47906494140625 -0.523284912109375
0.0592422485351562 -0.0198097229003906 0.113525390625 -0.67803955078125
0.0251026153564453 0.00134468078613281 -0.19842529296875 -0.56805419921875
-0.0277214050292969 0.0111923217773438 -0.337860107421875 -0.410797119140625
-0.0232925415039063 -0.0084075927734375 -0.28448486328125 -0.139678955078125
-0.00906181335449219 -0.0206928253173828 -0.0246028900146484 0.0161724090576172
-0.0353851318359375 0.00393295288085937 0.05072021484375 0.137313842773438
-0.0535202026367188 0.0453758239746094 0.206405639648438 0.264175415039063
-0.0465240478515625 0.0705947875976563 0.138214111328125 0.414947509765625
-0.035614013671875 0.0666694641113281 -0.05975341796875 0.60638427734375
-0.00383949279785156 -0.00886154174804688 -0.33831787109375 0.5943603515625
0.0882720947265625 -0.0754318237304688 -0.455596923828125 0.47674560546875
0.15118408203125 -0.0579986572265625 -0.2926025390625 0.27593994140625
0.17669677734375 -0.0284271240234375 0.119979858398438 0.113639831542969
0.125846862792969 -0.0545883178710938 0.47015380859375 -0.204132080078125
0.0922927856445313 -0.0424957275390625 0.472076416015625 -0.5069580078125
0.0515556335449219 -0.0263252258300781 0.1075439453125 -0.67510986328125
0.02972412109375 -0.00374221801757812 -0.20404052734375 -0.58001708984375
-0.0142593383789063 0.0150279998779297 -0.342193603515625 -0.4285888671875
-0.0121698379516602 0.00249862670898437 -0.29571533203125 -0.15521240234375
0.00438308715820313 -0.0111198425292969 -0.03399658203125 -0.000638961791992188
-0.0166721343994141 0.0195503234863281 0.0472488403320312 0.128807067871094
-0.0353927612304687 0.0520896911621094 0.219802856445312 0.250640869140625
-0.0410842895507812 0.0703277587890625 0.150634765625 0.392303466796875
-0.0426368713378906 0.0677375793457031 -0.0570068359375001 0.588623046875
-0.0233421325683594 -0.00467491149902344 -0.34515380859375 0.59326171875
0.0648574829101563 -0.071685791015625 -0.473846435546875 0.489166259765625
0.129074096679687 -0.0558395385742187 -0.318267822265625 0.293243408203125
0.159042358398438 -0.0244140625 0.095458984375 0.135795593261719
0.108306884765625 -0.04888916015625 0.459716796875 -0.176910400390625
0.0747451782226563 -0.0405349731445313 0.475799560546875 -0.487091064453125
0.0361480712890625 -0.0273895263671875 0.11419677734375 -0.6708984375
0.0266819000244141 -0.00760841369628906 -0.20172119140625 -0.58966064453125
-0.00300979614257812 0.016087532043457 -0.3416748046875 -0.4425048828125
0.00398731231689453 0.0107011795043945 -0.303558349609375 -0.16693115234375
0.0249538421630859 0.00361251831054687 -0.0416030883789063 -0.00880050659179688
0.00604248046875 0.0424880981445312 0.0510025024414062 0.124168395996094
-0.0104560852050781 0.0641822814941406 0.2364501953125 0.242950439453125
-0.0232391357421875 0.0680656433105469 0.170074462890625 0.37518310546875
-0.0446701049804687 0.0617179870605469 -0.04132080078125 0.57373046875
-0.0446319580078125 -0.00643539428710938 -0.3394775390625 0.5955810546875
0.0322761535644531 -0.0697555541992188 -0.478271484375 0.50030517578125
0.0946426391601563 -0.049285888671875 -0.333953857421875 0.306640625
0.132377624511719 -0.0157699584960938 0.0776824951171875 0.153167724609375
0.0861663818359375 -0.0366058349609375 0.455657958984375 -0.15216064453125
0.0518722534179688 -0.0327644348144531 0.487152099609375 -0.46881103515625
0.0159244537353516 -0.0234870910644531 0.131103515625 -0.66485595703125
0.01727294921875 -0.00828647613525391 -0.1915283203125 -0.59716796875
0.00522232055664063 0.0151739120483398 -0.3359375 -0.45306396484375
0.0212593078613281 0.0166568756103516 -0.306976318359375 -0.172882080078125
0.0482864379882813 0.0208282470703125 -0.0439300537109375 -0.0102005004882812
0.0306549072265625 0.0665092468261719 0.0600204467773437 0.12841796875
0.0177001953125 0.0765762329101563 0.25146484375 0.241058349609375
-0.00118637084960938 0.0636520385742188 0.189788818359375 0.368377685546875
-0.0406150817871094 0.0511703491210937 -0.01751708984375 0.5689697265625
-0.0655326843261719 -0.0114631652832031 -0.3240966796875 0.600830078125
-0.00352096557617188 -0.0684585571289063 -0.470703125 0.511199951171875
0.0581321716308594 -0.0411720275878906 -0.34033203125 0.317291259765625
0.101097106933594 -0.00371551513671875 0.068450927734375 0.162628173828125
0.0617790222167969 -0.0207481384277344 0.45989990234375 -0.134735107421875
0.0288105010986328 -0.0218696594238281 0.50537109375 -0.455810546875
-0.00642299652099609 -0.0165500640869141 0.154296875 -0.6602783203125
0.00464296340942383 -0.00775480270385742 -0.1768798828125 -0.605712890625
0.0089569091796875 0.0118694305419922 -0.325927734375 -0.46063232421875
0.0386123657226563 0.0213279724121094 -0.303375244140625 -0.1761474609375
0.072052001953125 0.0397186279296875 -0.0406265258789062 -0.00465011596679686
0.0522842407226562 0.08563232421875 0.07391357421875 0.135902404785156
0.0413894653320313 0.0846405029296875 0.257843017578125 0.2430419921875
0.0189933776855469 0.0567474365234375 0.200592041015625 0.370880126953125
-0.0388031005859375 0.0389213562011719 0.00720214843750005 0.5732421875
-0.0857696533203125 -0.0175933837890625 -0.299560546875 0.60845947265625
-0.0349693298339844 -0.0652847290039063 -0.449493408203125 0.51910400390625
0.0236454010009766 -0.0303840637207031 -0.331451416015625 0.319427490234375
0.0719146728515625 0.01153564453125 0.0700225830078125 0.16375732421875
0.0378189086914062 -0.00390625 0.466583251953125 -0.1270751953125
0.00513458251953125 -0.0103006362915039 0.526611328125 -0.448577880859375
-0.0297813415527344 -0.00964164733886719 0.1746826171875 -0.66058349609375
-0.00906276702880859 -0.00901031494140625 -0.15814208984375 -0.608154296875
0.0121135711669922 0.00682926177978516 -0.311126708984375 -0.464019775390625
0.0551719665527344 0.0237922668457031 -0.293701171875 -0.1734619140625
0.092620849609375 0.0577850341796875 -0.0328445434570312 0.00702095031738281
0.06866455078125 0.0974960327148438 0.089111328125 0.14727783203125
0.05621337890625 0.0841751098632813 0.260833740234375 0.250595092773438
0.0266456604003906 0.0458946228027344 0.206451416015625 0.38543701171875
-0.0417137145996094 0.0285720825195313 0.029296875 0.58563232421875
-0.102066040039063 -0.0203094482421875 -0.2705078125 0.62017822265625
-0.0598411560058594 -0.0584602355957031 -0.421722412109375 0.523223876953125
-0.00222396850585938 -0.0182723999023438 -0.31414794921875 0.31427001953125
0.0475082397460938 0.025421142578125 0.0839996337890625 0.157791137695312
0.0166692733764648 0.0108499526977539 0.4818115234375 -0.12799072265625
-0.0142879486083984 -0.00156021118164063 0.547821044921875 -0.450439453125
-0.0503196716308594 -0.007476806640625 0.19732666015625 -0.66021728515625
-0.0201778411865234 -0.0147953033447266 -0.14117431640625 -0.609130859375
0.0165805816650391 -0.000896453857421875 -0.298187255859375 -0.458740234375
0.0692138671875 0.0250625610351562 -0.27880859375 -0.164321899414063
0.105369567871094 0.0744552612304688 -0.0205440521240234 0.0233306884765625
0.07623291015625 0.0996932983398437 0.106918334960938 0.161239624023438
0.0586776733398438 0.0772247314453125 0.262802124023438 0.260589599609375
0.0218276977539062 0.0364189147949219 0.212799072265625 0.405181884765625
-0.0496864318847656 0.02252197265625 0.0501708984375 0.6014404296875
-0.112190246582031 -0.0189132690429688 -0.24169921875 0.62652587890625
-0.0711135864257813 -0.0498809814453125 -0.39031982421875 0.52032470703125
-0.0133237838745117 -0.00664329528808594 -0.288818359375 0.30224609375
0.03448486328125 0.0376853942871094 0.103836059570313 0.144760131835938
0.00189971923828125 0.0214500427246094 0.500732421875 -0.139434814453125
-0.0290679931640625 0.00225067138671875 0.56878662109375 -0.45751953125
-0.0633125305175781 -0.0112495422363281 0.216064453125 -0.6627197265625
-0.0235404968261719 -0.0223369598388672 -0.12274169921875 -0.60546875
0.0218753814697266 -0.0079193115234375 -0.2850341796875 -0.449127197265625
0.0815277099609375 0.0273208618164063 -0.263717651367188 -0.149261474609375
0.109138488769531 0.0875625610351563 -0.00687789916992187 0.0433883666992188
-0.0466346740722656 -0.0013580322265625 0.0687713623046875 0.15069580078125
-0.0590553283691406 0.0441818237304687 0.215164184570312 0.274429321289063
-0.0431709289550781 0.06817626953125 0.154144287109375 0.430389404296875
-0.0240020751953125 0.0603866577148438 -0.026123046875 0.62066650390625
0.00783061981201172 -0.0169763565063477 -0.28887939453125 0.5958251953125
0.0973434448242188 -0.0806655883789063 -0.412994384765625 0.47222900390625
0.159210205078125 -0.0624237060546875 -0.258987426757813 0.263641357421875
0.182205200195312 -0.0308990478515625 0.146148681640625 0.0884552001953125
0.1336669921875 -0.05462646484375 0.47998046875 -0.2398681640625
0.102287292480469 -0.0407180786132813 0.465423583984375 -0.5362548828125
0.0583992004394531 -0.0207748413085937 0.0972290039062501 -0.68194580078125
0.0244922637939453 -0.00037384033203125 -0.21258544921875 -0.56463623046875
-0.0282268524169922 0.0118045806884766 -0.349029541015625 -0.40130615234375
-0.0237846374511719 -0.00720024108886719 -0.287445068359375 -0.131805419921875
-0.009765625 -0.0207023620605469 -0.0250720977783203 0.0163421630859375
-0.0347709655761719 0.00417709350585938 0.0547409057617188 0.135162353515625
-0.0527534484863281 0.0470848083496094 0.213775634765625 0.25885009765625
-0.0459136962890625 0.0720291137695313 0.149383544921875 0.413665771484375
-0.033935546875 0.0675621032714844 -0.04205322265625 0.60955810546875
-0.00432300567626953 -0.00840425491333008 -0.32305908203125 0.60308837890625
0.0868606567382813 -0.0776290893554688 -0.44287109375 0.4879150390625
0.150985717773438 -0.062744140625 -0.285919189453125 0.28271484375
0.175491333007812 -0.0330810546875 0.121047973632813 0.111701965332031
0.122772216796875 -0.0563507080078125 0.463287353515625 -0.216278076171875
0.0905303955078125 -0.0448455810546875 0.458740234375 -0.52056884765625
0.0511550903320312 -0.0268478393554687 0.08984375 -0.6781005859375
0.0293617248535156 -0.00542449951171875 -0.21820068359375 -0.5760498046875
-0.0143442153930664 0.0159492492675781 -0.354644775390625 -0.418792724609375
-0.0119199752807617 0.00189399719238281 -0.298492431640625 -0.148529052734375
0.004730224609375 -0.0110664367675781 -0.035675048828125 0.000919342041015632
-0.0155487060546875 0.0206813812255859 0.0515365600585937 0.126823425292969
-0.0336952209472656 0.0532493591308594 0.226119995117187 0.246231079101563
-0.0389633178710938 0.0715789794921875 0.16064453125 0.389373779296875
-0.0411834716796875 0.0689506530761719 -0.0404052734375 0.59051513671875
-0.0234889984130859 -0.00436019897460937 -0.328369140625 0.6046142578125
0.0629119873046875 -0.0729293823242188 -0.4599609375 0.501220703125
0.127021789550781 -0.0585403442382812 -0.311370849609375 0.3011474609375
0.156753540039063 -0.02825927734375 0.0980224609375 0.134803771972656
0.106681823730469 -0.0508041381835938 0.453216552734375 -0.1875
0.0738067626953125 -0.04229736328125 0.46368408203125 -0.50115966796875
0.0361976623535156 -0.027587890625 0.09649658203125 -0.67413330078125
0.0256233215332031 -0.00846290588378906 -0.2171630859375 -0.5853271484375
-0.00293159484863281 0.0157594680786133 -0.354949951171875 -0.432952880859375
0.00386142730712891 0.0101642608642578 -0.30755615234375 -0.158935546875
0.0241336822509766 0.00237846374511719 -0.0423126220703125 -0.00784683227539063
0.00832366943359375 0.0425453186035156 0.0552291870117188 0.123039245605469
-0.0086517333984375 0.0647697448730469 0.243301391601562 0.237319946289062
-0.021942138671875 0.0687904357910156 0.181427001953125 0.373565673828125
-0.0424995422363281 0.0624427795410156 -0.0242919921875 0.57440185546875
-0.0449180603027344 -0.0052032470703125 -0.32305908203125 0.60443115234375
0.03076171875 -0.07135009765625 -0.464874267578125 0.51361083984375
0.0936660766601563 -0.0515060424804688 -0.327117919921875 0.31463623046875
0.130172729492188 -0.018218994140625 0.079803466796875 0.151336669921875
0.0846939086914063 -0.0382003784179688 0.44873046875 -0.163604736328125
0.0511589050292969 -0.0344467163085938 0.473876953125 -0.483245849609375
0.0154571533203125 -0.0230998992919922 0.11273193359375 -0.66815185546875
0.0166473388671875 -0.00853729248046875 -0.20721435546875 -0.59307861328125
0.00440883636474609 0.0149335861206055 -0.348602294921875 -0.442474365234375
0.0217609405517578 0.0147380828857422 -0.311279296875 -0.165252685546875
0.0485801696777344 0.0196495056152344 -0.0448417663574219 -0.008148193359375
0.03179931640625 0.0669403076171875 0.0637588500976562 0.125724792480469
0.0196914672851563 0.0767745971679688 0.257766723632813 0.235687255859375
0.000652313232421875 0.0648002624511719 0.1995849609375 0.364288330078125
-0.039520263671875 0.0530891418457031 -0.00183105468750002 0.5704345703125
-0.0657005310058594 -0.0102272033691406 -0.3074951171875 0.60955810546875
-0.00441360473632812 -0.0683212280273438 -0.456878662109375 0.52471923828125
0.0561370849609375 -0.0426445007324219 -0.331878662109375 0.324462890625
0.100257873535156 -0.00490570068359375 0.072540283203125 0.161041259765625
0.0603523254394531 -0.0219497680664063 0.455291748046875 -0.1470947265625
0.0278396606445312 -0.0221843719482422 0.493743896484375 -0.46990966796875
-0.00753307342529297 -0.0153236389160156 0.135986328125 -0.66741943359375
0.00418567657470703 -0.00855875015258789 -0.1932373046875 -0.60150146484375
0.00913333892822266 0.011530876159668 -0.33819580078125 -0.45330810546875
0.0388107299804688 0.019622802734375 -0.307281494140625 -0.167755126953125
0.0728988647460937 0.03814697265625 -0.0416030883789062 -0.00255584716796875
0.054901123046875 0.0858840942382813 0.0775222778320313 0.133285522460938
0.0435943603515625 0.0844268798828125 0.264984130859375 0.235549926757812
0.0191993713378906 0.0567550659179687 0.210174560546875 0.3670654296875
-0.0374336242675781 0.0398406982421875 0.02178955078125 0.57427978515625
-0.08544921875 -0.0152969360351563 -0.28277587890625 0.618896484375
-0.0369338989257812 -0.0640907287597656 -0.43511962890625 0.5325927734375
0.0222587585449219 -0.0312614440917969 -0.32391357421875 0.327545166015625
0.0707778930664063 0.010040283203125 0.0729217529296875 0.16241455078125
0.0364952087402344 -0.0040130615234375 0.462738037109375 -0.1383056640625
0.004730224609375 -0.0105361938476563 0.514007568359375 -0.46405029296875
-0.0302047729492188 -0.00900650024414063 0.15869140625 -0.664794921875
-0.00826549530029297 -0.009246826171875 -0.176513671875 -0.60467529296875
0.0117578506469727 0.00664424896240234 -0.322784423828125 -0.454437255859375
0.0549468994140625 0.0213203430175781 -0.297576904296875 -0.165374755859375
0.093597412109375 0.0559234619140625 -0.0331954956054688 0.00752639770507813
0.07177734375 0.0962142944335937 0.09405517578125 0.14398193359375
0.0584487915039063 0.0833816528320313 0.26776123046875 0.242828369140625
0.0267868041992188 0.0449333190917969 0.217987060546875 0.381011962890625
-0.0410652160644531 0.0286293029785156 0.0450439453125 0.58587646484375
-0.103179931640625 -0.0179519653320312 -0.2530517578125 0.62774658203125
-0.060455322265625 -0.0574302673339844 -0.408477783203125 0.53619384765625
-0.00308418273925781 -0.0183200836181641 -0.30560302734375 0.323638916015625
0.0476875305175781 0.0253524780273437 0.0865478515625 0.15643310546875
0.0165596008300781 0.0109920501708984 0.476806640625 -0.141082763671875
-0.0153446197509766 -0.00146102905273438 0.536102294921875 -0.466033935546875
-0.0499114990234375 -0.00588226318359376 0.18170166015625 -0.66705322265625
-0.0195293426513672 -0.0140781402587891 -0.1568603515625 -0.60614013671875
0.0162334442138672 -0.000756263732910156 -0.311370849609375 -0.452423095703125
0.0699844360351563 0.0235404968261719 -0.282958984375 -0.157440185546875
0.108108520507812 0.07159423828125 -0.0199241638183594 0.0238285064697266
0.0791473388671875 0.0982894897460937 0.112533569335938 0.157501220703125
0.060394287109375 0.07635498046875 0.27081298828125 0.254180908203125
0.0228004455566406 0.0361671447753906 0.224365234375 0.401031494140625
-0.0489044189453125 0.0233650207519531 0.06884765625 0.6002197265625
-0.113128662109375 -0.0156631469726562 -0.223388671875 0.634765625
-0.0725173950195313 -0.0486907958984375 -0.37567138671875 0.530792236328125
-0.0140371322631836 -0.00654315948486328 -0.280120849609375 0.309417724609375
0.0348472595214844 0.0380630493164063 0.107086181640625 0.141433715820313
0.00215530395507813 0.0223236083984375 0.4969482421875 -0.15155029296875
-0.0287933349609375 0.00345993041992187 0.557952880859375 -0.471710205078125
-0.0623512268066406 -0.00896835327148437 0.19970703125 -0.66876220703125
-0.0245914459228516 -0.0223941802978516 -0.14013671875 -0.60333251953125
0.0213603973388672 -0.00940513610839844 -0.297454833984375 -0.44189453125
0.0812225341796875 0.0247573852539063 -0.267547607421875 -0.143142700195313
0.111427307128906 0.08514404296875 -0.00694656372070312 0.0431327819824219
-0.0462112426757813 1.52587890624956E-05 0.0736846923828125 0.147232055664063
-0.0576210021972656 0.0448074340820312 0.222610473632813 0.267807006835938
-0.0417289733886719 0.0694770812988281 0.16571044921875 0.425506591796875
-0.0231132507324219 0.0607490539550781 -0.00866699218750006 0.62066650390625
0.00742626190185547 -0.0170488357543945 -0.2747802734375 0.60260009765625
0.0948410034179688 -0.083160400390625 -0.39898681640625 0.482086181640625
0.15594482421875 -0.066192626953125 -0.251113891601563 0.269943237304688
0.17938232421875 -0.03436279296875 0.146759033203125 0.0854644775390625
0.129486083984375 -0.0567550659179688 0.470306396484375 -0.250579833984375
0.0995254516601562 -0.0428390502929688 0.4500732421875 -0.5478515625
0.0567893981933594 -0.0222053527832031 0.0758666992187501 -0.68292236328125
0.0243320465087891 -0.000761032104492187 -0.22698974609375 -0.557891845703125
-0.0285530090332031 0.0128898620605469 -0.3599853515625 -0.390625
-0.0240497589111328 -0.00741195678710938 -0.289764404296875 -0.1240234375
-0.00973129272460937 -0.0199298858642578 -0.0251617431640625 0.0170612335205078
-0.0350799560546875 0.00679016113281249 0.05914306640625 0.1326904296875
-0.0504531860351563 0.0481338500976562 0.220199584960938 0.252975463867188
-0.0443572998046875 0.0724258422851563 0.160552978515625 0.40936279296875
-0.0326309204101563 0.068572998046875 -0.02587890625 0.609619140625
-0.00432062149047851 -0.00784492492675781 -0.3037109375 0.6114501953125
0.08380126953125 -0.0801315307617188 -0.4276123046875 0.49835205078125
0.147140502929688 -0.0661468505859375 -0.27874755859375 0.28814697265625
0.1729736328125 -0.0355224609375 0.122840881347656 0.109176635742188
0.119766235351563 -0.0580520629882813 0.453765869140625 -0.227264404296875
0.0888214111328125 -0.0471115112304688 0.443511962890625 -0.53179931640625
0.050628662109375 -0.0281219482421875 0.07171630859375 -0.6795654296875
0.0284576416015625 -0.00632476806640625 -0.23516845703125 -0.5694580078125
-0.0142698287963867 0.0167694091796875 -0.365325927734375 -0.407623291015625
-0.0120668411254883 0.0022268295288086 -0.301910400390625 -0.138824462890625
0.00379371643066406 -0.011713981628418 -0.0353317260742187 0.00188064575195313
-0.0145759582519531 0.0215930938720703 0.055145263671875 0.123649597167969
-0.0319671630859375 0.0542869567871094 0.23236083984375 0.239639282226562
-0.0375900268554687 0.0722274780273438 0.172698974609375 0.3858642578125
-0.0394363403320313 0.0688514709472656 -0.023681640625 0.59185791015625
-0.0231380462646484 -0.00364494323730469 -0.3121337890625 0.61151123046875
0.0612716674804687 -0.0755081176757813 -0.445831298828125 0.511322021484375
0.124496459960937 -0.0622100830078125 -0.302764892578125 0.30810546875
0.154830932617188 -0.0311737060546875 0.100128173828125 0.132247924804688
0.103240966796875 -0.0519866943359375 0.44500732421875 -0.198455810546875
0.0712432861328125 -0.0442123413085938 0.447662353515625 -0.51312255859375
0.0347232818603516 -0.0287609100341797 0.07904052734375 -0.6756591796875
0.0252265930175781 -0.00881004333496094 -0.23321533203125 -0.57757568359375
-0.00294208526611328 0.0165681838989258 -0.365478515625 -0.42169189453125
0.00355720520019531 0.0101070404052734 -0.30987548828125 -0.1500244140625
0.0245094299316406 0.00294876098632812 -0.0432662963867187 -0.00584030151367188
0.009735107421875 0.0428466796875 0.059326171875 0.120269775390625
-0.00687408447265626 0.0641212463378906 0.250213623046875 0.231353759765625
-0.0206794738769531 0.0686225891113281 0.190887451171875 0.367706298828125
-0.0414314270019531 0.0634307861328125 -0.00811767578124995 0.5748291015625
-0.0446014404296875 -0.00389480590820313 -0.30352783203125 0.61297607421875
0.0290756225585938 -0.071990966796875 -0.449462890625 0.523590087890625
0.091827392578125 -0.05462646484375 -0.318603515625 0.322296142578125
0.128372192382813 -0.0207366943359375 0.0829925537109375 0.149063110351563
0.0817337036132813 -0.0383987426757813 0.443145751953125 -0.1748046875
0.0492973327636719 -0.0349769592285156 0.45989990234375 -0.49505615234375
0.0148124694824219 -0.0226192474365234 0.0960693359375 -0.6702880859375
0.0165777206420898 -0.00998210906982422 -0.2242431640625 -0.58642578125
0.00447177886962891 0.0144882202148438 -0.360015869140625 -0.4327392578125
0.021484375 0.0147609710693359 -0.313751220703125 -0.1571044921875
0.0491180419921875 0.018890380859375 -0.0455856323242188 -0.0066375732421875
0.0346298217773438 0.0662193298339844 0.0683441162109375 0.123626708984375
0.0209197998046875 0.0763931274414063 0.263519287109375 0.229080200195313
0.00192642211914062 0.0648727416992188 0.210479736328125 0.35992431640625
-0.0382308959960938 0.0524024963378906 0.0147094726562501 0.5682373046875
-0.0658035278320313 -0.00778579711914063 -0.28814697265625 0.61749267578125
-0.0057220458984375 -0.0683326721191406 -0.441070556640625 0.53460693359375
0.0555572509765625 -0.0445022583007813 -0.322845458984375 0.331787109375
0.099456787109375 -0.00711822509765625 0.0740814208984375 0.1595458984375
0.0586090087890625 -0.0214004516601563 0.447601318359375 -0.157623291015625
0.027374267578125 -0.0225677490234375 0.48095703125 -0.48272705078125
-0.00772762298583984 -0.0145530700683594 0.11785888671875 -0.6689453125
0.00421524047851563 -0.00860595703125 -0.2109375 -0.59381103515625
0.00952529907226563 0.0127248764038086 -0.3514404296875 -0.440948486328125
0.03900146484375 0.0185699462890625 -0.30987548828125 -0.159698486328125
0.0732955932617188 0.0361404418945313 -0.0422782897949219 -0.00138854980468749
0.0567779541015625 0.084564208984375 0.0827713012695312 0.130195617675781
0.0463485717773438 0.08306884765625 0.270919799804688 0.229660034179688
0.0198173522949219 0.0554542541503906 0.220184326171875 0.361785888671875
-0.0359878540039063 0.0405044555664062 0.037109375 0.57183837890625
-0.0853118896484375 -0.0131149291992187 -0.26385498046875 0.62579345703125
-0.0375022888183594 -0.0634384155273438 -0.419830322265625 0.542236328125
0.0209407806396484 -0.0320510864257813 -0.315582275390625 0.33441162109375
0.070068359375 0.00919342041015625 0.0763092041015625 0.160995483398438
0.0352134704589844 -0.0041656494140625 0.457000732421875 -0.148223876953125
0.00399112701416016 -0.0102596282958984 0.5001220703125 -0.477325439453125
-0.0297737121582031 -0.00868797302246094 0.140869140625 -0.6690673828125
-0.00926971435546875 -0.00854206085205078 -0.19097900390625 -0.59967041015625
0.0125436782836914 0.00656032562255859 -0.33599853515625 -0.444671630859375
0.0555953979492188 0.0205879211425781 -0.300567626953125 -0.1578369140625
0.0942611694335938 0.053070068359375 -0.03326416015625 0.00911521911621093
0.07421875 0.094635009765625 0.0980224609375 0.141021728515625
0.0606307983398437 0.0816726684570313 0.273727416992188 0.235519409179688
0.0282821655273437 0.0451507568359375 0.228271484375 0.3751220703125
-0.0408897399902344 0.0310325622558594 0.06170654296875 0.58331298828125
-0.101829528808594 -0.0147857666015625 -0.2330322265625 0.63507080078125
-0.062255859375 -0.0554962158203125 -0.391998291015625 0.54412841796875
-0.00378799438476563 -0.0184822082519531 -0.297637939453125 0.330108642578125
0.0476913452148438 0.0246696472167969 0.089569091796875 0.154129028320313
0.0149354934692383 0.0116157531738281 0.470947265625 -0.1529541015625
-0.0155782699584961 -0.000694274902343751 0.5216064453125 -0.47882080078125
-0.0491409301757813 -0.00477981567382812 0.162353515625 -0.66986083984375
-0.0194053649902344 -0.0136280059814453 -0.171875 -0.60150146484375
0.015294075012207 -0.000637054443359375 -0.322723388671875 -0.44183349609375
0.0698280334472656 0.0218620300292969 -0.28594970703125 -0.148895263671875
0.109230041503906 0.0695648193359375 -0.0197257995605469 0.0248298645019531
0.0816268920898437 0.0959014892578125 0.116836547851563 0.153411865234375
0.0630264282226563 0.07501220703125 0.277664184570313 0.246795654296875
0.0232276916503906 0.0356330871582031 0.233551025390625 0.394287109375
-0.0480155944824219 0.0246810913085937 0.08465576171875 0.59710693359375
-0.112846374511719 -0.012725830078125 -0.205078125 0.63995361328125
-0.073455810546875 -0.0462188720703125 -0.360443115234375 0.539703369140625
-0.0142478942871094 -0.00640869140625 -0.272064208984375 0.3165283203125
0.0354995727539062 0.0374984741210938 0.109786987304688 0.139678955078125
0.00117301940917969 0.0233821868896484 0.48883056640625 -0.163909912109375
-0.0299110412597656 0.00459289550781251 0.5440673828125 -0.4879150390625
-0.0628128051757812 -0.00742340087890624 0.18157958984375 -0.6734619140625
-0.0247917175292969 -0.0218048095703125 -0.154296875 -0.59869384765625
0.0209941864013672 -0.00880813598632813 -0.308929443359375 -0.43109130859375
0.0813446044921875 0.022430419921875 -0.269241333007812 -0.136260986328125
0.113357543945313 0.0819015502929688 -0.00530242919921874 0.0436820983886719
-0.044891357421875 0.00073242187499999 0.07733154296875 0.142730712890625
-0.0564079284667969 0.0457077026367187 0.228073120117187 0.259170532226563
-0.0398445129394531 0.0683097839355469 0.176605224609375 0.4195556640625
-0.0225372314453125 0.0599288940429688 0.00531005859374995 0.61773681640625
0.00621414184570313 -0.0167703628540039 -0.2568359375 0.60595703125
0.0916061401367188 -0.0860443115234375 -0.3848876953125 0.4884033203125
0.152984619140625 -0.0699310302734375 -0.244659423828125 0.27349853515625
0.17669677734375 -0.037872314453125 0.1461181640625 0.0820770263671875
0.12689208984375 -0.0588607788085938 0.4581298828125 -0.2613525390625
0.0975570678710938 -0.04364013671875 0.433258056640625 -0.555206298828125
0.0553627014160156 -0.0233192443847656 0.0592041015625 -0.682373046875
0.0242195129394531 -0.00182723999023438 -0.2421875 -0.54827880859375
-0.0287017822265625 0.0131797790527344 -0.36810302734375 -0.376953125
-0.0251083374023438 -0.00613212585449219 -0.290740966796875 -0.1170654296875
-0.0108070373535156 -0.0196189880371094 -0.025909423828125 0.0182838439941406
-0.0339565277099609 0.00786972045898437 0.0627975463867187 0.130134582519531
-0.048370361328125 0.0481643676757812 0.225860595703125 0.24639892578125
-0.0430374145507813 0.0727081298828125 0.17047119140625 0.4049072265625
-0.0309715270996094 0.0678520202636719 -0.00927734375000006 0.6077880859375
-0.0048060417175293 -0.00765466690063477 -0.28594970703125 0.61724853515625
0.0818099975585938 -0.08160400390625 -0.41229248046875 0.504974365234375
0.14312744140625 -0.0706634521484375 -0.2708740234375 0.292724609375
0.171127319335938 -0.03924560546875 0.123664855957031 0.106285095214844
0.117103576660156 -0.0598373413085938 0.44403076171875 -0.237030029296875
0.0862655639648438 -0.0484466552734375 0.4263916015625 -0.54046630859375
0.0483474731445313 -0.02911376953125 0.0530395507812499 -0.677490234375
0.0275726318359375 -0.00721549987792969 -0.247894287109375 -0.56005859375
-0.0147342681884766 0.0167131423950195 -0.3751220703125 -0.3951416015625
-0.0127983093261719 0.00173664093017578 -0.304412841796875 -0.130889892578125
0.00313758850097656 -0.0109691619873047 -0.0356788635253906 0.00365829467773437
-0.0122013092041016 0.0226325988769531 0.0592498779296875 0.120933532714844
-0.031402587890625 0.0550117492675781 0.237655639648438 0.232467651367188
-0.035552978515625 0.0728225708007813 0.18109130859375 0.38140869140625
-0.0372505187988281 0.0696296691894531 -0.00744628906250005 0.58856201171875
-0.0230998992919922 -0.00192832946777344 -0.2919921875 0.61627197265625
0.059600830078125 -0.0764389038085938 -0.4300537109375 0.51953125
0.122100830078125 -0.0648117065429687 -0.293670654296875 0.31256103515625
0.15252685546875 -0.033233642578125 0.10052490234375 0.129096984863281
0.101455688476563 -0.0527114868164063 0.4364013671875 -0.20892333984375
0.0688667297363281 -0.0451927185058594 0.43243408203125 -0.52203369140625
0.0336780548095703 -0.0284500122070313 0.0607910156250001 -0.676025390625
0.02423095703125 -0.0100440979003906 -0.24755859375 -0.5693359375
-0.00286293029785156 0.01556396484375 -0.3759765625 -0.40948486328125
0.00442314147949219 0.00934028625488281 -0.3121337890625 -0.14202880859375
0.0251026153564453 0.00185585021972656 -0.0437202453613281 -0.00471496582031249
0.0114097595214844 0.0430679321289063 0.062286376953125 0.1180419921875
-0.00493240356445312 0.0631370544433594 0.254348754882813 0.224197387695313
-0.0194320678710938 0.0685386657714844 0.20025634765625 0.362518310546875
-0.0387039184570312 0.0639991760253906 0.00738525390625005 0.57305908203125
-0.0436973571777344 -0.00212097167968749 -0.28741455078125 0.61810302734375
0.0276565551757812 -0.07257080078125 -0.433624267578125 0.5322265625
0.0895004272460938 -0.0560302734375 -0.30859375 0.327484130859375
0.126556396484375 -0.0220794677734375 0.0860595703125 0.147506713867188
0.0802459716796875 -0.038970947265625 0.4351806640625 -0.18389892578125
0.0482063293457031 -0.035491943359375 0.44500732421875 -0.504058837890625
0.0144062042236328 -0.0221710205078125 0.0782470703125 -0.66986083984375
0.0148210525512695 -0.00949954986572266 -0.23822021484375 -0.578369140625
0.00534534454345703 0.0151214599609375 -0.37005615234375 -0.420684814453125
0.0212020874023438 0.0152626037597656 -0.31634521484375 -0.147613525390625
0.0487823486328125 0.0168685913085938 -0.0457038879394531 -0.00557708740234374
0.0365028381347656 0.0652847290039063 0.0718917846679687 0.1201171875
0.0234527587890625 0.0750198364257813 0.268035888671875 0.220077514648438
0.0028533935546875 0.0640487670898438 0.21746826171875 0.3533935546875
-0.0360069274902344 0.0542259216308594 0.03173828125 0.56573486328125
-0.0656547546386719 -0.00646209716796876 -0.27008056640625 0.6226806640625
-0.00759124755859375 -0.0681114196777344 -0.42388916015625 0.544189453125
0.0535469055175781 -0.0454139709472656 -0.314300537109375 0.337249755859375
0.09765625 -0.00904083251953125 0.077392578125 0.156265258789062
0.0567359924316406 -0.0227203369140625 0.439453125 -0.167236328125
0.0256195068359375 -0.0231399536132813 0.46588134765625 -0.49224853515625
-0.00713443756103516 -0.0143337249755859 0.10186767578125 -0.66851806640625
0.00346994400024414 -0.00842666625976563 -0.2236328125 -0.5859375
0.00877952575683594 0.0117597579956055 -0.360870361328125 -0.43048095703125
0.038330078125 0.0161705017089844 -0.311431884765625 -0.149383544921875
0.073516845703125 0.0346603393554688 -0.0430068969726562 0.00034332275390626
0.059051513671875 0.084075927734375 0.0857162475585938 0.126060485839844
0.048248291015625 0.0818939208984375 0.275238037109375 0.221786499023438
0.021728515625 0.055755615234375 0.229400634765625 0.355804443359375
-0.0358314514160156 0.041900634765625 0.0540771484375 0.56787109375
-0.0852203369140625 -0.00994873046875001 -0.244140625 0.6285400390625
-0.0383186340332031 -0.0628929138183594 -0.403411865234375 0.550018310546875
0.0202903747558594 -0.0324058532714844 -0.305572509765625 0.34014892578125
0.0690956115722656 0.00806045532226563 0.080108642578125 0.158248901367187
0.0332908630371094 -0.00368309020996094 0.449554443359375 -0.15997314453125
0.00330066680908203 -0.010188102722168 0.484161376953125 -0.487640380859375
-0.0297756195068359 -0.00565910339355469 0.1234130859375 -0.667724609375
-0.00835227966308594 -0.00834989547729492 -0.20684814453125 -0.59173583984375
0.0122222900390625 0.00711345672607422 -0.346771240234375 -0.433349609375
0.0545768737792969 0.0196189880371094 -0.30224609375 -0.148193359375
0.0954055786132813 0.0507888793945313 -0.0336360931396484 0.0100231170654297
0.0764541625976563 0.0922622680664063 0.101799011230469 0.136734008789063
0.062957763671875 0.0802154541015625 0.27947998046875 0.228515625
0.0280799865722656 0.0450592041015625 0.236114501953125 0.367584228515625
-0.03961181640625 0.0309906005859375 0.07745361328125 0.57891845703125
-0.101737976074219 -0.0121841430664062 -0.21435546875 0.6390380859375
-0.06170654296875 -0.0542335510253906 -0.376068115234375 0.552978515625
-0.00416755676269531 -0.0170469284057617 -0.288726806640625 0.3350830078125
0.0471878051757813 0.0241012573242188 0.0919189453125 0.152328491210938
0.0145235061645508 0.0124702453613281 0.462493896484375 -0.162628173828125
-0.0161285400390625 0.000191688537597659 0.50732421875 -0.488922119140625
-0.0495834350585938 -0.00297546386718749 0.14471435546875 -0.6712646484375
-0.0195121765136719 -0.0125751495361328 -0.1875 -0.59405517578125
0.0153293609619141 6.67572021484375E-05 -0.33282470703125 -0.430267333984375
0.0699043273925781 0.0205116271972656 -0.287841796875 -0.14239501953125
0.110069274902344 0.0664138793945313 -0.0192623138427734 0.024932861328125
0.0848922729492188 0.0938186645507813 0.12060546875 0.148818969726563
0.0639495849609375 0.0737838745117188 0.28289794921875 0.239715576171875
0.02362060546875 0.0362548828125 0.244415283203125 0.385955810546875
-0.0469932556152344 0.0255088806152344 0.0999755859375 0.59228515625
-0.111709594726563 -0.00886535644531251 -0.18768310546875 0.64202880859375
-0.0733642578125 -0.044891357421875 -0.34417724609375 0.5469970703125
-0.0146045684814453 -0.00645351409912109 -0.26348876953125 0.32269287109375
0.0355796813964844 0.0379524230957031 0.112091064453125 0.136878967285156
0.00182151794433594 0.0239181518554687 0.480804443359375 -0.174652099609375
-0.0293827056884766 0.00605392456054688 0.528594970703125 -0.49908447265625
-0.0619010925292969 -0.00605773925781249 0.1639404296875 -0.6751708984375
-0.0254802703857422 -0.0216045379638672 -0.17108154296875 -0.59283447265625
0.0192890167236328 -0.00781822204589844 -0.317840576171875 -0.41949462890625
0.0808486938476563 0.0203323364257813 -0.27099609375 -0.128250122070313
0.115493774414063 0.079498291015625 -0.00468063354492187 0.0431175231933594
-0.0451164245605469 0.0020599365234375 0.0812454223632812 0.139305114746094
-0.054473876953125 0.046661376953125 0.233551025390625 0.251800537109375
-0.0385551452636719 0.0688972473144531 0.18511962890625 0.412750244140625
-0.0211944580078125 0.0606002807617188 0.0224609375 0.6114501953125
0.00573253631591797 -0.0169858932495117 -0.23876953125 0.60748291015625
0.0888671875 -0.0870513916015625 -0.368072509765625 0.4931640625
0.149154663085937 -0.072662353515625 -0.236663818359375 0.275604248046875
0.173614501953125 -0.0402679443359375 0.145751953125 0.079437255859375
0.123863220214844 -0.0600204467773437 0.447967529296875 -0.2684326171875
0.0955123901367187 -0.0456390380859375 0.41400146484375 -0.561981201171875
0.0549736022949219 -0.0242958068847656 0.0422973632812499 -0.67657470703125
0.0230770111083984 -0.00214576721191406 -0.2530517578125 -0.53863525390625
-0.0283393859863281 0.0143985748291016 -0.3743896484375 -0.3638916015625
-0.0255985260009766 -0.00646209716796875 -0.290283203125 -0.108367919921875
-0.0109596252441406 -0.0189495086669922 -0.0261402130126953 0.0185451507568359
-0.0324821472167969 0.00869560241699219 0.06585693359375 0.12640380859375
-0.0463142395019531 0.048980712890625 0.2310791015625 0.239212036132813
-0.0404739379882812 0.07275390625 0.179779052734375 0.39703369140625
-0.0298690795898438 0.0685577392578125 0.00512695312499996 0.60345458984375
-0.00531101226806641 -0.00742387771606445 -0.26556396484375 0.6185302734375
0.07928466796875 -0.0832290649414063 -0.3956298828125 0.5115966796875
0.140533447265625 -0.0731582641601563 -0.26171875 0.296051025390625
0.167007446289062 -0.0416259765625 0.123558044433594 0.103042602539063
0.113349914550781 -0.0597763061523438 0.433502197265625 -0.24432373046875
0.083892822265625 -0.0489425659179688 0.40838623046875 -0.547027587890625
0.0473365783691406 -0.0294609069824219 0.0372314453125 -0.67315673828125
0.02667236328125 -0.00671768188476563 -0.2615966796875 -0.549713134765625
-0.0150604248046875 0.0165891647338867 -0.381072998046875 -0.382049560546875
-0.0130224227905273 0.00136184692382812 -0.304412841796875 -0.1224365234375
0.00313377380371094 -0.0111656188964844 -0.035919189453125 0.00408554077148438
-0.0125370025634766 0.0232582092285156 0.0616607666015625 0.117942810058594
-0.028594970703125 0.0539054870605469 0.2421875 0.224990844726563
-0.0342483520507812 0.0723800659179688 0.189910888671875 0.373138427734375
-0.0362052917480469 0.0695877075195313 0.00915527343749994 0.5836181640625
-0.0228900909423828 -0.00200462341308594 -0.27276611328125 0.61871337890625
0.056243896484375 -0.0777511596679687 -0.411346435546875 0.52508544921875
0.119529724121094 -0.067718505859375 -0.283782958984375 0.316009521484375
0.150009155273438 -0.0354156494140625 0.102523803710938 0.126808166503906
0.09765625 -0.0530319213867187 0.425811767578125 -0.215118408203125
0.0673408508300781 -0.0448951721191406 0.414947509765625 -0.52862548828125
0.0331630706787109 -0.0290737152099609 0.044189453125 -0.6708984375
0.024078369140625 -0.0104103088378906 -0.259918212890625 -0.558441162109375
-0.00244331359863281 0.0166893005371094 -0.38189697265625 -0.396240234375
0.00292873382568359 0.00907802581787109 -0.312042236328125 -0.13336181640625
0.0237541198730469 0.00114822387695313 -0.0440444946289063 -0.00313186645507812
0.0130043029785156 0.0435333251953125 0.0654830932617188 0.114250183105469
-0.0032501220703125 0.0642051696777344 0.257843017578125 0.215530395507813
-0.0172996520996094 0.0689048767089844 0.207183837890625 0.355865478515625
-0.037872314453125 0.0642738342285156 0.0225830078125 0.56756591796875
-0.0438652038574219 -0.000827789306640632 -0.26605224609375 0.6199951171875
0.0250625610351563 -0.0731277465820313 -0.415191650390625 0.53790283203125
0.0871429443359375 -0.0585708618164062 -0.298431396484375 0.3323974609375
0.123863220214844 -0.0250015258789063 0.0879669189453125 0.144088745117188
0.0772171020507813 -0.0397796630859375 0.425140380859375 -0.19195556640625
0.04632568359375 -0.0352897644042969 0.42755126953125 -0.51275634765625
0.0131816864013672 -0.0222415924072266 0.060546875 -0.66583251953125
0.0146188735961914 -0.0101404190063477 -0.2503662109375 -0.567138671875
0.00517845153808594 0.0157394409179688 -0.37762451171875 -0.406890869140625
0.0208473205566406 0.0134429931640625 -0.316070556640625 -0.138458251953125
0.0494651794433594 0.0164642333984375 -0.0467033386230469 -0.00414657592773437
0.0385932922363281 0.0647087097167969 0.0749053955078125 0.116836547851563
0.0254135131835937 0.0741806030273438 0.272201538085938 0.213455200195313
0.00515365600585938 0.0637130737304688 0.22576904296875 0.34637451171875
-0.0352058410644531 0.0543098449707031 0.045166015625 0.559906005859375
-0.0642127990722656 -0.00418090820312499 -0.25 0.6240234375
-0.0086669921875 -0.0672264099121094 -0.406646728515625 0.549285888671875
0.0516891479492188 -0.0468673706054688 -0.30322265625 0.342742919921875
0.0965805053710937 -0.00945281982421875 0.079833984375 0.15478515625
0.0548858642578125 -0.0220146179199219 0.430694580078125 -0.175323486328125
0.0244522094726562 -0.0230274200439453 0.4482421875 -0.501434326171875
-0.00757026672363281 -0.0134782791137695 0.0830078125 -0.6656494140625
0.00314807891845703 -0.0076904296875 -0.2366943359375 -0.57623291015625
0.00861072540283203 0.0123233795166016 -0.36822509765625 -0.41534423828125
0.0384254455566406 0.0157356262207031 -0.31304931640625 -0.141754150390625
0.0740585327148438 0.0309524536132813 -0.0427131652832031 0.00121307373046874
0.06195068359375 0.081756591796875 0.0879592895507813 0.122306823730469
0.0495758056640625 0.0803756713867188 0.27960205078125 0.21270751953125
0.0222358703613281 0.0544509887695313 0.2369384765625 0.34783935546875
-0.0349884033203125 0.0417327880859375 0.06842041015625 0.56219482421875
-0.0841064453125 -0.0084075927734375 -0.22552490234375 0.630126953125
-0.0396842956542969 -0.0606956481933594 -0.385986328125 0.5546875
0.0188579559326172 -0.0324897766113281 -0.29449462890625 0.344879150390625
0.0687599182128906 0.00741958618164063 0.082366943359375 0.156356811523438
0.0323295593261719 -0.00337982177734375 0.4388427734375 -0.168182373046875
0.00341320037841797 -0.00977420806884766 0.467254638671875 -0.496307373046875
-0.0288810729980469 -0.00599479675292969 0.10540771484375 -0.665283203125
-0.00954055786132813 -0.00844383239746094 -0.21929931640625 -0.58123779296875
0.0118398666381836 0.00714778900146484 -0.3543701171875 -0.419342041015625
0.0552101135253906 0.0175209045410156 -0.302825927734375 -0.140716552734375
0.0957107543945313 0.048492431640625 -0.0333919525146484 0.0106906890869141
0.0787429809570313 0.0905685424804688 0.104598999023438 0.132301330566406
0.0644149780273438 0.0788803100585938 0.283172607421875 0.2183837890625
0.0291938781738281 0.04345703125 0.24432373046875 0.35772705078125
-0.0386161804199219 0.0321197509765625 0.09246826171875 0.57159423828125
-0.100677490234375 -0.00942230224609375 -0.1953125 0.63818359375
-0.0628433227539062 -0.0517578125 -0.357818603515625 0.556488037109375
-0.00401496887207031 -0.0177631378173828 -0.27752685546875 0.339813232421875
0.0477714538574219 0.0240898132324219 0.09478759765625 0.149246215820313
0.0142660140991211 0.0134744644165039 0.454254150390625 -0.17242431640625
-0.0162076950073242 0.000895500183105469 0.490386962890625 -0.49993896484375
-0.04833984375 -0.000907897949218746 0.1275634765625 -0.66925048828125
-0.0197410583496094 -0.0119037628173828 -0.1993408203125 -0.5841064453125
0.0154008865356445 -2.86102294921875E-05 -0.340484619140625 -0.41717529296875
0.0695266723632813 0.0179557800292969 -0.2877197265625 -0.1326904296875
0.1099853515625 0.0630645751953125 -0.0194950103759766 0.02496337890625
0.0864715576171875 0.0912628173828125 0.123931884765625 0.1434326171875
0.0662689208984375 0.0716171264648438 0.2867431640625 0.22930908203125
0.0235404968261719 0.0342254638671875 0.25225830078125 0.37811279296875
-0.0461463928222656 0.0270957946777344 0.11468505859375 0.58544921875
-0.110397338867188 -0.00624084472656249 -0.1669921875 0.640869140625
-0.0732421875 -0.0427093505859375 -0.326141357421875 0.550567626953125
-0.0140933990478516 -0.00537109375 -0.25384521484375 0.325286865234375
0.0349464416503906 0.0371856689453125 0.113945007324219 0.133720397949219
0.00159645080566406 0.0257148742675781 0.4718017578125 -0.18389892578125
-0.0286827087402344 0.006561279296875 0.51007080078125 -0.507904052734375
-0.0616569519042969 -0.00307846069335937 0.14678955078125 -0.67340087890625
-0.0255870819091797 -0.0196418762207031 -0.18359375 -0.58203125
0.0197257995605469 -0.00846672058105469 -0.32568359375 -0.406341552734375
0.08056640625 0.0186691284179688 -0.271987915039063 -0.120010375976563
0.116127014160156 0.075531005859375 -0.00410842895507812 0.0436019897460938
-0.044036865234375 0.00296783447265624 0.0836944580078125 0.134063720703125
-0.052825927734375 0.047149658203125 0.236434936523438 0.244049072265625
-0.0376739501953125 0.0687065124511719 0.192657470703125 0.40350341796875
-0.0193557739257812 0.0606422424316406 0.0362548828124999 0.6041259765625
0.00521564483642578 -0.0170164108276367 -0.2218017578125 0.60516357421875
0.0863189697265625 -0.0885772705078125 -0.353118896484375 0.494110107421875
0.144607543945313 -0.0760498046875 -0.229110717773438 0.278579711914063
0.1702880859375 -0.042388916015625 0.14508056640625 0.0761566162109375
0.119964599609375 -0.0605926513671875 0.43524169921875 -0.272552490234375
0.092681884765625 -0.0471343994140625 0.39630126953125 -0.56488037109375
0.0536231994628906 -0.0241050720214844 0.0257568359375 -0.669921875
0.0218429565429688 -0.00280380249023438 -0.263763427734375 -0.5260009765625
-0.0278949737548828 0.0147743225097656 -0.379547119140625 -0.350433349609375
-0.025634765625 -0.0062713623046875 -0.290069580078125 -0.100433349609375
-0.0114421844482422 -0.0183086395263672 -0.0252342224121094 0.0193443298339844
-0.0313014984130859 0.0101737976074219 0.0683135986328125 0.121734619140625
-0.0452041625976562 0.0491409301757813 0.234649658203125 0.230987548828125
-0.0384750366210938 0.072509765625 0.188232421875 0.389190673828125
-0.0283088684082031 0.0680198669433594 0.02130126953125 0.59661865234375
-0.00578594207763672 -0.00654220581054688 -0.2471923828125 0.61712646484375
0.0758438110351563 -0.0843963623046875 -0.379730224609375 0.51348876953125
0.136238098144531 -0.0749588012695313 -0.253143310546875 0.297393798828125
0.163619995117188 -0.0440673828125 0.124137878417969 0.0997161865234375
0.10955810546875 -0.0603713989257813 0.420989990234375 -0.249481201171875
0.0813751220703125 -0.0500030517578125 0.3900146484375 -0.549072265625
0.0464935302734375 -0.0292282104492188 0.02130126953125 -0.66680908203125
0.0260162353515625 -0.00790977478027344 -0.271697998046875 -0.537750244140625
-0.0143356323242187 0.0173969268798828 -0.3858642578125 -0.368499755859375
-0.0127439498901367 0.00167179107666016 -0.30267333984375 -0.114593505859375
0.00275516510009766 -0.0114679336547852 -0.0355224609375 0.00544357299804688
-0.0102176666259766 0.0233802795410156 0.064208984375 0.113937377929688
-0.0275611877441406 0.0543060302734375 0.24615478515625 0.216690063476563
-0.0315704345703125 0.071685791015625 0.196624755859375 0.36639404296875
-0.0349464416503906 0.0690574645996094 0.0211181640625 0.57769775390625
-0.0225067138671875 -0.0010986328125 -0.25360107421875 0.6175537109375
0.05389404296875 -0.0788192749023437 -0.39520263671875 0.52825927734375
0.115447998046875 -0.0692901611328125 -0.275146484375 0.318450927734375
0.146743774414063 -0.0380706787109375 0.103866577148438 0.123741149902344
0.0943527221679688 -0.0530014038085938 0.41461181640625 -0.222076416015625
0.0651359558105469 -0.0462837219238281 0.396697998046875 -0.53204345703125
0.03204345703125 -0.0278339385986328 0.02850341796875 -0.66400146484375
0.0224189758300781 -0.0105533599853516 -0.27020263671875 -0.547119140625
-0.00306510925292969 0.016876220703125 -0.38702392578125 -0.381622314453125
0.00292491912841797 0.00865745544433594 -0.311920166015625 -0.12371826171875
0.0242195129394531 0.000745773315429688 -0.0441398620605469 -0.00174331665039062
0.0140609741210937 0.0425910949707031 0.0681915283203125 0.11090087890625
-0.00162124633789062 0.0632171630859375 0.2603759765625 0.208267211914063
-0.0152587890625 0.0685157775878906 0.214996337890625 0.3485107421875
-0.0360374450683594 0.0640945434570313 0.036773681640625 0.55987548828125
-0.0428924560546875 -0.000324249267578122 -0.24847412109375 0.6187744140625
0.023406982421875 -0.0731277465820313 -0.397979736328125 0.53936767578125
0.0841522216796875 -0.0603713989257812 -0.28955078125 0.33380126953125
0.122360229492188 -0.0260162353515625 0.0887451171875 0.141220092773438
0.0755081176757813 -0.0393218994140625 0.41461181640625 -0.1981201171875
0.0454063415527344 -0.0356483459472656 0.410125732421875 -0.51605224609375
0.0130748748779297 -0.0225028991699219 0.0440673828124999 -0.6590576171875
0.0148305892944336 -0.00980758666992188 -0.260711669921875 -0.55474853515625
0.00449752807617188 0.014704704284668 -0.383026123046875 -0.39306640625
0.0206623077392578 0.0127296447753906 -0.31524658203125 -0.129730224609375
0.0482978820800781 0.0148391723632812 -0.0472221374511719 -0.00281524658203124
0.0402717590332031 0.0631446838378906 0.0774078369140625 0.112030029296875
0.0269393920898438 0.07305908203125 0.274490356445313 0.205474853515625
0.00608444213867188 0.0626144409179687 0.23095703125 0.33807373046875
-0.0342559814453125 0.0542945861816406 0.0575256347656249 0.552276611328125
-0.0636253356933594 -0.00316238403320312 -0.23193359375 0.6221923828125
-0.0106086730957031 -0.0672721862792969 -0.38946533203125 0.550994873046875
0.0495567321777344 -0.0476226806640625 -0.292266845703125 0.3447265625
0.0943679809570313 -0.0107574462890625 0.0823211669921875 0.1510009765625
0.0529098510742187 -0.0213737487792969 0.419281005859375 -0.182525634765625
0.0236968994140625 -0.0227832794189453 0.431365966796875 -0.50531005859375
-0.00805854797363281 -0.0130386352539063 0.06768798828125 -0.659912109375
0.00325489044189453 -0.00853490829467773 -0.2470703125 -0.56494140625
0.00861454010009766 0.0121622085571289 -0.373382568359375 -0.40106201171875
0.0380897521972656 0.0156707763671875 -0.312347412109375 -0.133087158203125
0.0735626220703125 0.030670166015625 -0.0431632995605469 0.00239562988281251
0.0634078979492188 0.0800018310546875 0.0905990600585938 0.118934631347656
0.0514678955078125 0.079254150390625 0.280487060546875 0.203262329101562
0.0231094360351563 0.0534591674804687 0.242156982421875 0.338104248046875
-0.0332069396972656 0.042083740234375 0.080322265625 0.554779052734375
-0.0819778442382813 -0.00592803955078126 -0.2061767578125 0.6280517578125
-0.0406112670898438 -0.0590934753417969 -0.36749267578125 0.55682373046875
0.0178451538085938 -0.0323867797851563 -0.2838134765625 0.347381591796875
0.0681915283203125 0.00639724731445313 0.084228515625 0.154129028320312
0.0328235626220703 -0.00205421447753906 0.429229736328125 -0.174652099609375
0.00226497650146484 -0.00880241394042969 0.45098876953125 -0.502838134765625
-0.0287418365478516 -0.00468635559082031 0.08978271484375 -0.66180419921875
-0.00873994827270508 -0.00772047042846679 -0.23016357421875 -0.570556640625
0.0110921859741211 0.00746822357177734 -0.360107421875 -0.40570068359375
0.0533790588378906 0.0153350830078125 -0.301788330078125 -0.130950927734375
0.0956649780273438 0.044769287109375 -0.0334377288818359 0.0117034912109375
0.0799407958984375 0.0892105102539063 0.107444763183594 0.127601623535156
0.0655288696289063 0.0764999389648438 0.2850341796875 0.2098388671875
0.0298538208007812 0.0432014465332031 0.25 0.349609375
-0.0371856689453125 0.0321617126464844 0.10479736328125 0.56317138671875
-0.0999069213867188 -0.00665283203124999 -0.17791748046875 0.63641357421875
-0.0633773803710938 -0.0497970581054688 -0.339935302734375 0.55718994140625
-0.00489044189453125 -0.0174789428710938 -0.266815185546875 0.342437744140625
0.0470657348632813 0.0227241516113281 0.0959625244140625 0.14544677734375
0.0136241912841797 0.0145940780639648 0.4442138671875 -0.178558349609375
-0.0150575637817383 0.001708984375 0.47222900390625 -0.50421142578125
-0.04742431640625 -2.67028808593758E-05 0.111328125 -0.664306640625
-0.0198230743408203 -0.0107688903808594 -0.211181640625 -0.5740966796875
0.0148477554321289 0.000269889831542969 -0.346923828125 -0.40380859375
0.0685081481933594 0.016357421875 -0.287017822265625 -0.1256103515625
0.110137939453125 0.0597610473632813 -0.019866943359375 0.0253276824951172
0.0882339477539063 0.088653564453125 0.125755310058594 0.137786865234375
0.0672111511230469 0.0698776245117188 0.287811279296875 0.220367431640625
0.0246829986572266 0.0347366333007812 0.2587890625 0.3687744140625
-0.0451202392578125 0.0273818969726562 0.12774658203125 0.57550048828125
-0.109031677246094 -0.00400543212890627 -0.14959716796875 0.63751220703125
-0.0735931396484375 -0.040252685546875 -0.31011962890625 0.55029296875
-0.0143651962280273 -0.00477981567382813 -0.243896484375 0.32733154296875
0.0363616943359375 0.036590576171875 0.115341186523438 0.130104064941406
0.00171661376953125 0.0260200500488281 0.4610595703125 -0.19122314453125
-0.0284862518310547 0.00778007507324219 0.491363525390625 -0.5137939453125
-0.0608062744140625 -0.000896453857421887 0.128662109375 -0.66864013671875
-0.0261135101318359 -0.0182228088378906 -0.19482421875 -0.57171630859375
0.0190029144287109 -0.00872993469238281 -0.33233642578125 -0.3941650390625
0.0786361694335938 0.0169830322265625 -0.270721435546875 -0.113204956054688
0.115867614746094 0.0722579956054688 -0.00402069091796874 0.0428657531738281
-0.0416603088378906 0.00423431396484375 0.0860214233398438 0.129287719726563
-0.0507392883300781 0.0457687377929688 0.23797607421875 0.235137939453125
-0.0358467102050781 0.0685577392578125 0.198944091796875 0.395416259765625
-0.0191993713378906 0.0603294372558594 0.04779052734375 0.5947265625
0.00482463836669922 -0.0166025161743164 -0.202880859375 0.6005859375
0.0836944580078125 -0.089691162109375 -0.336456298828125 0.49298095703125
0.140731811523438 -0.0772247314453125 -0.221603393554688 0.277328491210938
0.165817260742188 -0.0444488525390625 0.143753051757813 0.0730743408203125
0.116691589355469 -0.0601272583007813 0.4228515625 -0.277435302734375
0.0899429321289062 -0.0467605590820313 0.3785400390625 -0.56488037109375
0.0517997741699219 -0.0253791809082031 0.01080322265625 -0.66192626953125
0.0206985473632813 -0.00314903259277344 -0.270538330078125 -0.51470947265625
-0.0275974273681641 0.0156173706054688 -0.381622314453125 -0.33648681640625
-0.0253753662109375 -0.00555992126464844 -0.287811279296875 -0.094329833984375
-0.01239013671875 -0.0179309844970703 -0.0254936218261719 0.02044677734375
-0.0297203063964844 0.0103282928466797 0.0709152221679687 0.118011474609375
-0.0419921875 0.0491294860839844 0.236221313476562 0.223342895507812
-0.0375595092773437 0.0725631713867188 0.19256591796875 0.380950927734375
-0.0268936157226562 0.0677108764648438 0.03350830078125 0.587158203125
-0.00544404983520508 -0.00678396224975586 -0.23150634765625 0.614501953125
0.072662353515625 -0.0856399536132813 -0.36444091796875 0.511749267578125
0.131950378417969 -0.0772628784179688 -0.2445068359375 0.298095703125
0.159408569335938 -0.044769287109375 0.123603820800781 0.0967636108398437
0.106948852539063 -0.0602951049804688 0.409637451171875 -0.253814697265625
0.0799331665039063 -0.0490341186523438 0.373779296875 -0.55010986328125
0.0449676513671875 -0.0292549133300781 0.00762939453125 -0.6575927734375
0.0248451232910156 -0.00760459899902344 -0.27911376953125 -0.52392578125
-0.0142040252685547 0.0181407928466797 -0.388519287109375 -0.352783203125
-0.0133638381958008 0.00178146362304688 -0.300140380859375 -0.106689453125
0.00171470642089844 -0.0110464096069336 -0.035919189453125 0.00600051879882813
-0.00921249389648438 0.0235195159912109 0.0671844482421875 0.1104736328125
-0.0249824523925781 0.0535888671875 0.246444702148437 0.208633422851563
-0.0305938720703125 0.0718460083007813 0.20147705078125 0.357391357421875
-0.0335540771484375 0.0692596435546875 0.0347900390625 0.56976318359375
-0.0222091674804688 -0.000305175781249997 -0.23681640625 0.6143798828125
0.0509185791015625 -0.0787582397460938 -0.377899169921875 0.527557373046875
0.111579895019531 -0.0712661743164063 -0.26654052734375 0.319244384765625
0.142929077148438 -0.0396728515625 0.10357666015625 0.120841979980469
0.0918807983398437 -0.0530166625976562 0.404632568359375 -0.225677490234375
0.0626068115234375 -0.0455856323242188 0.381072998046875 -0.53228759765625
0.0305843353271484 -0.0290012359619141 0.014892578125 -0.656005859375
0.02166748046875 -0.0106620788574219 -0.278717041015625 -0.53192138671875
-0.00275611877441406 0.0177745819091797 -0.3900146484375 -0.36810302734375
0.00281429290771484 0.00815057754516602 -0.310516357421875 -0.115203857421875
0.0230808258056641 0.000621795654296875 -0.0437812805175781 -0.000572204589843743
0.0163040161132812 0.042266845703125 0.0699234008789063 0.106864929199219
0.000190734863281249 0.0624732971191406 0.26153564453125 0.200103759765625
-0.0140838623046875 0.0676040649414063 0.2181396484375 0.340576171875
-0.0347633361816406 0.0639381408691406 0.047271728515625 0.55206298828125
-0.0424346923828125 7.62939453124967E-05 -0.2305908203125 0.615966796875
0.021209716796875 -0.0725784301757812 -0.38214111328125 0.53948974609375
0.08154296875 -0.0599212646484375 -0.279296875 0.335235595703125
0.119232177734375 -0.0276870727539063 0.0900344848632813 0.138420104980469
0.0722198486328125 -0.0400009155273438 0.403778076171875 -0.202728271484375
0.0428428649902344 -0.0353851318359375 0.395751953125 -0.516815185546875
0.0127735137939453 -0.0215663909912109 0.03125 -0.65203857421875
0.013249397277832 -0.0102720260620117 -0.2698974609375 -0.543670654296875
0.00456523895263672 0.01556396484375 -0.38653564453125 -0.37896728515625
0.0200595855712891 0.0124320983886719 -0.31317138671875 -0.1226806640625
0.0478134155273438 0.0138816833496094 -0.046417236328125 -0.000816345214843757
0.0414237976074219 0.0613479614257813 0.07928466796875 0.108390808105469
0.0286178588867187 0.0714797973632813 0.275100708007813 0.19683837890625
0.00675964355468751 0.0616035461425781 0.235321044921875 0.3294677734375
-0.0329704284667969 0.0539665222167969 0.068603515625 0.5439453125
-0.0624008178710938 -0.000957489013671863 -0.2149658203125 0.61895751953125
-0.0104789733886719 -0.066131591796875 -0.372833251953125 0.551239013671875
0.0471343994140625 -0.0478706359863281 -0.28204345703125 0.34442138671875
0.0923309326171875 -0.0115280151367188 0.0829925537109375 0.149063110351563
0.0517768859863281 -0.021331787109375 0.409637451171875 -0.18603515625
0.0222225189208984 -0.0220279693603516 0.4154052734375 -0.5069580078125
-0.00818252563476562 -0.0123805999755859 0.0538940429687501 -0.65283203125
0.00287866592407227 -0.00813913345336914 -0.25531005859375 -0.55120849609375
0.00885581970214844 0.0126543045043945 -0.376983642578125 -0.387420654296875
0.0374565124511719 0.0142326354980469 -0.310302734375 -0.125
0.0730743408203125 0.0284652709960938 -0.0428733825683594 0.00326156616210938
0.0643463134765625 0.0777206420898438 0.093048095703125 0.114242553710938
0.051910400390625 0.0766143798828125 0.281524658203125 0.19635009765625
0.0243453979492188 0.0533981323242187 0.246612548828125 0.330291748046875
-0.0322303771972656 0.0428619384765625 0.092559814453125 0.544769287109375
-0.0818557739257813 -0.00421905517578126 -0.18927001953125 0.62359619140625
-0.0406875610351563 -0.0572128295898437 -0.3516845703125 0.556304931640625
0.0166168212890625 -0.0327682495117187 -0.273895263671875 0.347442626953125
0.0668983459472656 0.00618362426757812 0.085968017578125 0.149642944335938
0.0315341949462891 -0.00210189819335937 0.418212890625 -0.17877197265625
0.0022730827331543 -0.00825929641723633 0.434783935546875 -0.50390625
-0.0283374786376953 -0.00366592407226562 0.07391357421875 -0.65435791015625
-0.00870466232299805 -0.00696039199829102 -0.239013671875 -0.557403564453125
0.0122175216674805 0.00707244873046875 -0.36334228515625 -0.39276123046875
0.0532264709472656 0.0149955749511719 -0.300018310546875 -0.124969482421875
0.094879150390625 0.0436172485351563 -0.0320167541503906 0.0128765106201172
0.0816802978515625 0.0865554809570312 0.108787536621094 0.122367858886719
0.0659866333007812 0.0745010375976563 0.285797119140625 0.20208740234375
0.0301971435546875 0.0420265197753906 0.254730224609375 0.341064453125
-0.03619384765625 0.0330009460449219 0.114288330078125 0.55279541015625
-0.097503662109375 -0.00455474853515627 -0.160400390625 0.62921142578125
-0.0637397766113281 -0.0484619140625 -0.323516845703125 0.557647705078125
-0.0058298110961914 -0.016423225402832 -0.25634765625 0.342529296875
0.0467758178710938 0.0221939086914063 0.097869873046875 0.142593383789063
0.0132970809936523 0.0147037506103516 0.4329833984375 -0.18402099609375
-0.0158901214599609 0.00184726715087891 0.4554443359375 -0.50714111328125
-0.0467872619628906 0.00160598754882812 0.09710693359375 -0.65765380859375
-0.0191707611083984 -0.0100917816162109 -0.21966552734375 -0.5631103515625
0.014836311340332 4.76837158203125E-06 -0.350128173828125 -0.389862060546875
0.0665130615234375 0.0150871276855469 -0.285308837890625 -0.11798095703125
0.110366821289063 0.0566635131835938 -0.018829345703125 0.0258331298828125
0.0887985229492188 0.0859909057617188 0.127029418945313 0.132225036621094
0.0679092407226563 0.0673370361328125 0.28851318359375 0.211669921875
0.0260982513427734 0.0335750579833984 0.2623291015625 0.35882568359375
-0.0439491271972656 0.0285758972167969 0.13916015625 0.56536865234375
-0.107513427734375 -0.00167846679687502 -0.1331787109375 0.632568359375
-0.07318115234375 -0.03875732421875 -0.293792724609375 0.5496826171875
-0.0157222747802734 -0.00423717498779297 -0.2335205078125 0.3277587890625
0.0366592407226563 0.0356369018554688 0.116043090820312 0.126800537109375
0.0016021728515625 0.0269660949707031 0.44915771484375 -0.195556640625
-0.0275650024414062 0.00862312316894531 0.473785400390625 -0.51751708984375
-0.0594482421875 -0.000125885009765634 0.114013671875 -0.662353515625
-0.0261726379394531 -0.0183315277099609 -0.20263671875 -0.561004638671875
0.0187206268310547 -0.00717353820800781 -0.33502197265625 -0.381011962890625
0.0782318115234375 0.0148468017578125 -0.268295288085937 -0.10626220703125
0.115386962890625 0.0688323974609375 -0.003265380859375 0.0429306030273438
-0.0401725769042969 0.00504684448242188 0.087646484375 0.124420166015625
-0.048980712890625 0.0469474792480469 0.238662719726562 0.227340698242188
-0.0348052978515625 0.067596435546875 0.2021484375 0.3856201171875
-0.018890380859375 0.0591201782226563 0.05792236328125 0.584228515625
0.00366878509521484 -0.0158023834228516 -0.18817138671875 0.59454345703125
0.0793228149414063 -0.0905075073242188 -0.323883056640625 0.48907470703125
0.136428833007813 -0.0785446166992188 -0.21380615234375 0.27606201171875
0.161880493164063 -0.0449371337890625 0.142654418945313 0.0709228515625
0.113029479980469 -0.0604400634765625 0.41033935546875 -0.2781982421875
0.0876388549804688 -0.0475540161132813 0.3626708984375 -0.562744140625
0.0506057739257813 -0.0247650146484375 0.000915527343750015 -0.651611328125
0.0204257965087891 -0.00328636169433594 -0.2747802734375 -0.501708984375
-0.0276145935058594 0.0167522430419922 -0.381988525390625 -0.32421875
-0.0260429382324219 -0.00536346435546875 -0.28448486328125 -0.087738037109375
-0.012782096862793 -0.0173931121826172 -0.0248985290527344 0.0209751129150391
-0.0288486480712891 0.0109825134277344 0.0729598999023438 0.113670349121094
-0.0412445068359375 0.0493965148925781 0.237686157226563 0.215560913085938
-0.0363616943359375 0.071136474609375 0.196929931640625 0.372344970703125
-0.0255393981933594 0.06671142578125 0.04364013671875 0.57794189453125
-0.0062718391418457 -0.00652790069580078 -0.21527099609375 0.60760498046875
0.0698089599609375 -0.0855560302734375 -0.350128173828125 0.50909423828125
0.127876281738281 -0.0786895751953125 -0.23748779296875 0.297607421875
0.155548095703125 -0.046142578125 0.122894287109375 0.094818115234375
0.104255676269531 -0.0601577758789062 0.398223876953125 -0.254425048828125
0.0769195556640625 -0.0495376586914063 0.358489990234375 -0.5474853515625
0.0433349609375 -0.0290603637695313 -0.00476074218749993 -0.6480712890625
0.0233516693115234 -0.00855064392089844 -0.284332275390625 -0.5113525390625
-0.0136928558349609 0.0178699493408203 -0.38922119140625 -0.340576171875
-0.0141077041625977 0.00200557708740234 -0.297393798828125 -0.100341796875
0.00229549407958984 -0.0110054016113281 -0.03521728515625 0.00761795043945312
-0.00743293762207031 0.0237407684326172 0.069122314453125 0.106124877929687
-0.0236358642578125 0.0533409118652344 0.246627807617188 0.201568603515625
-0.0285568237304688 0.070343017578125 0.206024169921875 0.349945068359375
-0.0319976806640625 0.0683135986328125 0.044921875 0.55963134765625
-0.0224590301513672 -0.00103950500488281 -0.22174072265625 0.6087646484375
0.0488662719726563 -0.0783843994140625 -0.364501953125 0.5242919921875
0.108116149902344 -0.0716629028320313 -0.256683349609375 0.318206787109375
0.139892578125 -0.040435791015625 0.104171752929688 0.117645263671875
0.0893707275390625 -0.052337646484375 0.391815185546875 -0.22772216796875
0.0613517761230469 -0.0452499389648438 0.36566162109375 -0.53076171875
0.0301055908203125 -0.0284099578857422 0.00390625000000003 -0.6453857421875
0.0214710235595703 -0.0102348327636719 -0.2828369140625 -0.5205078125
-0.00333881378173828 0.0171384811401367 -0.390350341796875 -0.35467529296875
0.00198698043823242 0.00737333297729492 -0.305084228515625 -0.10919189453125
0.0227851867675781 2.47955322265625E-05 -0.0437164306640625 0.00107574462890626
0.0170745849609375 0.0416526794433594 0.0722427368164062 0.103248596191406
0.001068115234375 0.0618324279785156 0.260787963867188 0.192977905273438
-0.0136528015136719 0.0655975341796875 0.22174072265625 0.33197021484375
-0.0328865051269531 0.0636520385742188 0.0577087402343751 0.5438232421875
-0.040924072265625 0.00181198120117188 -0.21478271484375 0.6090087890625
0.019744873046875 -0.0718612670898438 -0.365447998046875 0.535919189453125
0.078521728515625 -0.0607070922851563 -0.26959228515625 0.33447265625
0.116966247558594 -0.0278244018554688 0.090606689453125 0.135337829589844
0.0701828002929688 -0.0383186340332031 0.39324951171875 -0.205535888671875
0.0419082641601562 -0.034423828125 0.378662109375 -0.51617431640625
0.0120410919189453 -0.0211620330810547 0.01898193359375 -0.643798828125
0.0134525299072266 -0.00981426239013672 -0.27362060546875 -0.530059814453125
0.00406551361083984 0.0160360336303711 -0.3861083984375 -0.365386962890625
0.0190830230712891 0.0115146636962891 -0.309356689453125 -0.115020751953125
0.0465774536132813 0.0127487182617188 -0.0461006164550781 -6.10351562500032E-05
0.0427589416503906 0.0607833862304688 0.0809097290039063 0.104103088378906
0.0292930603027344 0.0702781677246094 0.273773193359375 0.188751220703125
0.00751495361328124 0.0603981018066406 0.238800048828125 0.320770263671875
-0.0315399169921875 0.0542869567871094 0.078582763671875 0.535369873046875
-0.0613021850585938 -0.000312805175781259 -0.19873046875 0.61260986328125
-0.0122108459472656 -0.0654106140136719 -0.356048583984375 0.54815673828125
0.0446739196777344 -0.0477409362792969 -0.271759033203125 0.34521484375
0.0911407470703125 -0.0118865966796875 0.084564208984375 0.145477294921875
0.050384521484375 -0.0201072692871094 0.39801025390625 -0.18988037109375
0.0207347869873047 -0.0217933654785156 0.400177001953125 -0.505584716796875
-0.00789833068847656 -0.0116643905639648 0.04278564453125 -0.64404296875
0.00213766098022461 -0.00808620452880859 -0.26092529296875 -0.538909912109375
0.00900650024414062 0.0126123428344727 -0.37762451171875 -0.374237060546875
0.0366744995117188 0.0135345458984375 -0.307708740234375 -0.117034912109375
0.0716018676757813 0.0270233154296875 -0.0420417785644531 0.00455093383789064
0.0656051635742188 0.0761489868164063 0.0932846069335938 0.109962463378906
0.0530014038085938 0.0748367309570313 0.280960083007813 0.18780517578125
0.0247077941894531 0.0513343811035156 0.248016357421875 0.320953369140625
-0.0308685302734375 0.0422439575195313 0.101104736328125 0.534942626953125
-0.0798492431640625 -0.00363159179687499 -0.174560546875 0.6170654296875
-0.0415458679199219 -0.0569000244140625 -0.335205078125 0.5521240234375
0.0151901245117188 -0.0311470031738281 -0.26458740234375 0.34759521484375
0.0653419494628906 0.00534439086914063 0.0866851806640625 0.146499633789063
0.0307483673095703 -0.00150871276855469 0.4095458984375 -0.18316650390625
0.00205039978027344 -0.00759506225585938 0.417999267578125 -0.504486083984375
-0.0276279449462891 -0.00308990478515625 0.0633544921875 -0.64544677734375
-0.00940608978271484 -0.00715923309326172 -0.244415283203125 -0.544281005859375
0.0115470886230469 0.00745964050292969 -0.365875244140625 -0.3785400390625
0.0512504577636719 0.0134735107421875 -0.29656982421875 -0.117218017578125
0.0942306518554687 0.0409698486328125 -0.0322093963623047 0.0135231018066406
0.0821151733398438 0.0840072631835938 0.110038757324219 0.117851257324219
0.0666961669921875 0.0723190307617188 0.285491943359375 0.19384765625
0.0302505493164063 0.0411262512207031 0.256256103515625 0.331512451171875
-0.0347480773925781 0.0335483551025391 0.12451171875 0.542877197265625
-0.0958175659179688 -0.00221252441406249 -0.14630126953125 0.62255859375
-0.0634574890136719 -0.046630859375 -0.30780029296875 0.55291748046875
-0.00633907318115234 -0.0165176391601563 -0.24713134765625 0.34027099609375
0.0462379455566406 0.0222396850585938 0.098236083984375 0.139137268066406
0.0130891799926758 0.0153789520263672 0.42218017578125 -0.1876220703125
-0.0155010223388672 0.00336551666259766 0.43865966796875 -0.507476806640625
-0.045684814453125 0.00205230712890625 0.08294677734375 -0.64898681640625
-0.0196342468261719 -0.00998115539550781 -0.227203369140625 -0.549072265625
0.0142612457275391 0.000330924987792969 -0.349334716796875 -0.376678466796875
0.0659408569335938 0.0136260986328125 -0.282318115234375 -0.111419677734375
0.108680725097656 0.0536346435546875 -0.0187435150146484 0.0255622863769531
0.0895614624023438 0.0834579467773438 0.127754211425781 0.127227783203125
0.0681610107421875 0.0658607482910156 0.288665771484375 0.202911376953125
0.0257282257080078 0.0329265594482422 0.26513671875 0.348785400390625
-0.0435752868652344 0.0287437438964844 0.14630126953125 0.554290771484375
-0.105461120605469 0.000709533691406244 -0.11895751953125 0.62335205078125
-0.07244873046875 -0.036834716796875 -0.280609130859375 0.545257568359375
-0.0155649185180664 -0.00366592407226562 -0.2255859375 0.32598876953125
0.036102294921875 0.0351524353027344 0.116737365722656 0.123832702636719
0.00185203552246094 0.0276927947998047 0.439849853515625 -0.198638916015625
-0.0268821716308594 0.00987625122070312 0.457794189453125 -0.515838623046875
-0.0580215454101562 0.001708984375 0.10198974609375 -0.6531982421875
-0.0247592926025391 -0.0173072814941406 -0.208648681640625 -0.54901123046875
0.0188922882080078 -0.00770187377929688 -0.33648681640625 -0.3690185546875
0.0774078369140625 0.0137100219726563 -0.26605224609375 -0.0999755859375
0.114936828613281 0.066131591796875 -0.00289154052734374 0.0419120788574219
-0.0389060974121094 0.00468826293945312 0.0881423950195312 0.119636535644531
-0.0481948852539063 0.0457649230957031 0.237472534179688 0.220535278320313
-0.0339317321777344 0.0660133361816406 0.2044677734375 0.377044677734375
-0.0180244445800781 0.0584564208984375 0.065185546875 0.574462890625
0.00349998474121094 -0.0163965225219727 -0.17596435546875 0.58746337890625
0.0760879516601563 -0.08990478515625 -0.31292724609375 0.484893798828125
0.133255004882813 -0.0794296264648438 -0.208175659179688 0.275421142578125
0.157730102539062 -0.0451507568359375 0.139999389648438 0.0693588256835938
0.110122680664063 -0.059722900390625 0.39947509765625 -0.27740478515625
0.0850143432617188 -0.046875 0.34857177734375 -0.557830810546875
0.0490455627441406 -0.02490234375 -0.00817871093749997 -0.64105224609375
0.0194416046142578 -0.00327491760253906 -0.2784423828125 -0.4881591796875
-0.0274143218994141 0.0166950225830078 -0.3797607421875 -0.3121337890625
-0.025848388671875 -0.00551414489746094 -0.28009033203125 -0.0817871093749999
-0.0121135711669922 -0.0184650421142578 -0.0251579284667969 0.0204219818115234
-0.0271549224853516 0.0114097595214844 0.0738296508789063 0.109931945800781
-0.0403251647949219 0.04803466796875 0.236282348632812 0.208465576171875
-0.0351142883300781 0.0699005126953125 0.19952392578125 0.364959716796875
-0.0250129699707031 0.0656776428222656 0.05157470703125 0.56878662109375
-0.00539302825927734 -0.00608730316162109 -0.20379638671875 0.59967041015625
0.0667495727539063 -0.085723876953125 -0.336517333984375 0.503265380859375
0.123916625976563 -0.0788650512695313 -0.231597900390625 0.294830322265625
0.152481079101562 -0.0458221435546875 0.121604919433594 0.0923309326171875
0.1007080078125 -0.0593795776367188 0.388458251953125 -0.25433349609375
0.0744476318359375 -0.0491561889648438 0.344512939453125 -0.544525146484375
0.0431900024414063 -0.0295944213867188 -0.012451171875 -0.63800048828125
0.0231380462646484 -0.007904052734375 -0.286590576171875 -0.499298095703125
-0.0135288238525391 0.0182991027832031 -0.38751220703125 -0.327972412109375
-0.0138034820556641 0.00232505798339844 -0.292510986328125 -0.09442138671875
0.00111198425292969 -0.0112886428833008 -0.0365066528320313 0.00809097290039063
-0.00647926330566406 0.0235481262207031 0.069305419921875 0.102088928222656
-0.0225372314453125 0.0525360107421875 0.245254516601563 0.195510864257813
-0.0274543762207031 0.069427490234375 0.207611083984375 0.3424072265625
-0.0309219360351562 0.0666007995605469 0.052215576171875 0.549713134765625
-0.0217018127441406 -0.000202178955078122 -0.208251953125 0.60125732421875
0.0468292236328125 -0.0778732299804688 -0.350311279296875 0.518524169921875
0.1041259765625 -0.0717620849609375 -0.249755859375 0.315948486328125
0.137092590332031 -0.03948974609375 0.103858947753906 0.115478515625
0.0862350463867188 -0.0515823364257813 0.382232666015625 -0.228607177734375
0.0592308044433594 -0.0447616577148438 0.352569580078125 -0.526763916015625
0.0293045043945312 -0.0278778076171875 -0.00518798828125005 -0.63665771484375
0.0201492309570313 -0.0104846954345703 -0.28399658203125 -0.50897216796875
-0.00245285034179688 0.0175228118896484 -0.388458251953125 -0.342132568359375
0.00214052200317383 0.00797033309936523 -0.30322265625 -0.103118896484375
0.0224609375 -0.000530242919921875 -0.04327392578125 0.00191879272460938
0.0176506042480469 0.0406608581542969 0.072357177734375 0.0994415283203125
0.00170135498046875 0.0594367980957031 0.259368896484375 0.186614990234375
-0.0121726989746094 0.0652694702148438 0.222747802734375 0.325042724609375
-0.031982421875 0.0626487731933594 0.0646972656249999 0.534027099609375
-0.0405120849609375 0.0021209716796875 -0.20263671875 0.60174560546875
0.0177383422851562 -0.0715713500976562 -0.35247802734375 0.531280517578125
0.0757827758789063 -0.0601654052734375 -0.2606201171875 0.331573486328125
0.11444091796875 -0.0281448364257813 0.0910797119140625 0.132804870605469
0.0683708190917969 -0.0374259948730469 0.38360595703125 -0.20556640625
0.0400581359863281 -0.0342597961425781 0.3660888671875 -0.511138916015625
0.0116691589355469 -0.020599365234375 0.0109252929687501 -0.633056640625
0.0130167007446289 -0.0104074478149414 -0.27764892578125 -0.518035888671875
0.00405216217041015 0.0158491134643555 -0.385101318359375 -0.35321044921875
0.0189456939697266 0.0107097625732422 -0.3057861328125 -0.10858154296875
0.0463371276855469 0.0122756958007813 -0.0447845458984375 0.00078201293945313
0.0439491271972656 0.0588798522949219 0.0812225341796875 0.100067138671875
0.0295295715332031 0.0680580139160156 0.27215576171875 0.182464599609375
0.00781631469726562 0.06005859375 0.238525390625 0.31396484375
-0.0296096801757813 0.0544166564941406 0.084320068359375 0.526092529296875
-0.0600929260253906 0.000732421874999988 -0.18743896484375 0.60369873046875
-0.0128211975097656 -0.0642890930175781 -0.343017578125 0.540557861328125
0.0430641174316406 -0.0477867126464844 -0.26324462890625 0.343017578125
0.0889205932617188 -0.0117340087890625 0.08489990234375 0.142623901367187
0.048553466796875 -0.0199241638183594 0.3892822265625 -0.1900634765625
0.0211868286132813 -0.0213775634765625 0.385040283203125 -0.50469970703125
-0.00775718688964843 -0.0107927322387695 0.0324707031249999 -0.63446044921875
0.00190544128417969 -0.00817680358886719 -0.263458251953125 -0.52685546875
0.00899791717529297 0.0129404067993164 -0.37799072265625 -0.361541748046875
0.0358085632324219 0.0125923156738281 -0.304168701171875 -0.111236572265625
0.0710906982421875 0.0254745483398438 -0.0414657592773437 0.00466918945312501
0.066314697265625 0.0735855102539063 0.094268798828125 0.105194091796875
0.0529937744140625 0.073577880859375 0.279937744140625 0.181594848632813
0.0241470336914063 0.0503311157226563 0.2491455078125 0.313385009765625
-0.029815673828125 0.0429267883300781 0.107879638671875 0.525543212890625
-0.0788421630859375 -0.00156402587890627 -0.16253662109375 0.60833740234375
-0.0413055419921875 -0.0556793212890625 -0.3221435546875 0.54730224609375
0.0137577056884766 -0.0315017700195313 -0.255950927734375 0.34490966796875
0.0642929077148437 0.0059814453125 0.0877838134765625 0.143447875976563
0.0301322937011719 -0.00115966796875 0.399749755859375 -0.1842041015625
0.00187301635742188 -0.00736522674560547 0.40509033203125 -0.50115966796875
-0.0266284942626953 -0.00195884704589844 0.05419921875 -0.63568115234375
-0.00930118560791016 -0.00649547576904297 -0.248504638671875 -0.531768798828125
0.0108480453491211 0.00820636749267578 -0.364501953125 -0.36627197265625
0.0502510070800781 0.0132827758789062 -0.293243408203125 -0.110137939453125
0.0931167602539063 0.0390090942382813 -0.0318889617919922 0.0138835906982422
0.0826339721679688 0.0815811157226562 0.111061096191406 0.113243103027344
0.0678024291992188 0.0710678100585938 0.282928466796875 0.18701171875
0.0301933288574219 0.0399093627929688 0.2576904296875 0.323394775390625
-0.0336322784423828 0.0340366363525391 0.12957763671875 0.532257080078125
-0.0938949584960938 -0.000801086425781258 -0.1351318359375 0.6134033203125
-0.0620689392089844 -0.0457572937011719 -0.295654296875 0.548065185546875
-0.00668430328369141 -0.0155019760131836 -0.239501953125 0.338775634765625
0.0457038879394531 0.021728515625 0.0987930297851563 0.13604736328125
0.0126628875732422 0.0165920257568359 0.41180419921875 -0.188568115234375
-0.0149898529052734 0.00385761260986328 0.424468994140625 -0.50384521484375
-0.0449295043945313 0.00260162353515625 0.07354736328125 -0.63916015625
-0.0195064544677734 -0.0095672607421875 -0.23046875 -0.53753662109375
0.0144643783569336 0.00121307373046875 -0.350067138671875 -0.3642578125
0.0646896362304688 0.0131263732910156 -0.279266357421875 -0.104873657226562
0.106552124023438 0.0525360107421875 -0.0180511474609375 0.026153564453125
0.0892791748046875 0.0809097290039063 0.128005981445313 0.123031616210938
0.0683021545410156 0.0633735656738281 0.287567138671875 0.19647216796875
0.0251426696777344 0.0318489074707031 0.266571044921875 0.340728759765625
-0.0415534973144531 0.0296897888183594 0.1524658203125 0.542694091796875
-0.10369873046875 0.00211334228515623 -0.10791015625 0.6162109375
-0.072479248046875 -0.0350189208984375 -0.26751708984375 0.539215087890625
-0.0151166915893555 -0.00335025787353516 -0.21795654296875 0.3233642578125
0.03546142578125 0.0354804992675781 0.115394592285156 0.121406555175781
0.002105712890625 0.0275306701660156 0.427978515625 -0.201629638671875
-0.0267219543457031 0.0100822448730469 0.443450927734375 -0.515472412109375
-0.056427001953125 0.00281524658203125 0.09130859375 -0.64404296875
-0.0248432159423828 -0.0159549713134766 -0.2142333984375 -0.535858154296875
0.0189990997314453 -0.00675392150878906 -0.33587646484375 -0.356292724609375
0.07586669921875 0.012542724609375 -0.262298583984375 -0.094268798828125
0.114151000976563 0.0637741088867188 -0.00245285034179687 0.0414237976074219
-0.0373458862304688 0.00422286987304687 0.0890045166015625 0.115463256835938
-0.0463333129882812 0.045196533203125 0.235977172851563 0.212615966796875
-0.0332374572753906 0.0654945373535156 0.205078125 0.369476318359375
-0.0172615051269531 0.0578994750976563 0.07000732421875 0.5633544921875
0.00351524353027344 -0.0150108337402344 -0.16632080078125 0.57708740234375
0.0738372802734375 -0.09002685546875 -0.303009033203125 0.477508544921875
0.128746032714844 -0.0787734985351563 -0.202743530273437 0.272537231445313
0.154998779296875 -0.044647216796875 0.138648986816406 0.0682449340820313
0.107894897460938 -0.0586700439453125 0.390350341796875 -0.27593994140625
0.0832672119140625 -0.0457763671875 0.33831787109375 -0.551605224609375
0.0483169555664063 -0.024383544921875 -0.0138549804687499 -0.63116455078125
0.0189285278320313 -0.00302505493164062 -0.27996826171875 -0.478271484375
-0.0274295806884766 0.0170192718505859 -0.375640869140625 -0.301727294921875
-0.0262298583984375 -0.00531196594238281 -0.276397705078125 -0.0773315429687499
-0.0123224258422852 -0.0163307189941406 -0.0250453948974609 0.0211868286132813
-0.0260791778564453 0.0113887786865234 0.0733261108398438 0.106689453125
-0.0384483337402344 0.0468368530273438 0.234756469726562 0.202743530273437
-0.0341873168945312 0.0690689086914063 0.1998291015625 0.357025146484375
-0.0249557495117188 0.06494140625 0.05633544921875 0.55810546875
-0.00569581985473633 -0.00623607635498047 -0.1929931640625 0.5916748046875
0.064239501953125 -0.0845489501953125 -0.326385498046875 0.4981689453125
0.120635986328125 -0.0780868530273437 -0.2244873046875 0.292388916015625
0.149078369140625 -0.0457763671875 0.119926452636719 0.0911178588867187
0.0987548828125 -0.0575103759765625 0.37908935546875 -0.252593994140625
0.0723724365234375 -0.0476226806640625 0.333099365234375 -0.5369873046875
0.0416069030761719 -0.0291900634765625 -0.0181274414062501 -0.6268310546875
0.0223159790039063 -0.00822067260742188 -0.286376953125 -0.4891357421875
-0.0142650604248047 0.0188255310058594 -0.3824462890625 -0.317352294921875
-0.0145492553710937 0.00202083587646484 -0.2890625 -0.0901489257812499
0.00176429748535156 -0.0113115310668945 -0.0355415344238281 0.00838470458984375
-0.00569725036621094 0.0232181549072266 0.070159912109375 0.0990371704101563
-0.0213584899902344 0.05133056640625 0.243545532226563 0.190078735351562
-0.0270881652832031 0.0686798095703125 0.207977294921875 0.33551025390625
-0.0301628112792969 0.0663490295410156 0.0563049316406249 0.54052734375
-0.0218105316162109 0.000635147094726558 -0.1978759765625 0.59356689453125
0.0447998046875 -0.0777816772460938 -0.339569091796875 0.51251220703125
0.101333618164063 -0.0707855224609375 -0.24334716796875 0.313629150390625
0.1339111328125 -0.0397491455078125 0.102699279785156 0.113380432128906
0.0849761962890625 -0.0498275756835938 0.372222900390625 -0.227142333984375
0.0577507019042969 -0.0437431335449219 0.34136962890625 -0.520599365234375
0.0281543731689453 -0.0275802612304688 -0.00946044921874994 -0.62481689453125
0.0192909240722656 -0.0106029510498047 -0.286407470703125 -0.496917724609375
-0.00319480895996094 0.0177040100097656 -0.385162353515625 -0.330108642578125
0.001190185546875 0.0076594352722168 -0.298187255859375 -0.0982360839843749
0.0212574005126953 -0.000698089599609375 -0.0430068969726563 0.00254058837890625
0.0192222595214844 0.0398178100585938 0.073150634765625 0.0951995849609375
0.0031585693359375 0.0590553283691406 0.25775146484375 0.180511474609375
-0.0115623474121094 0.0649566650390625 0.222930908203125 0.316986083984375
-0.0317840576171875 0.0624656677246094 0.069854736328125 0.524383544921875
-0.0398139953613281 0.00269699096679688 -0.19110107421875 0.59295654296875
0.0164947509765625 -0.0704269409179688 -0.34039306640625 0.525482177734375
0.0735321044921875 -0.0607452392578125 -0.254180908203125 0.32867431640625
0.112434387207031 -0.0279617309570313 0.0905303955078125 0.1300048828125
0.0670394897460938 -0.0356941223144531 0.37451171875 -0.204010009765625
0.0391349792480469 -0.0330963134765625 0.3536376953125 -0.507110595703125
0.0109329223632813 -0.0204181671142578 0.00457763671874999 -0.62359619140625
0.0115985870361328 -0.0101604461669922 -0.27764892578125 -0.50689697265625
0.00465583801269531 0.0159673690795898 -0.382965087890625 -0.34234619140625
0.0183486938476563 0.0102291107177734 -0.3026123046875 -0.103912353515625
0.0458793640136719 0.0116348266601562 -0.0455589294433594 0.00163269042968751
0.0439872741699219 0.0578575134277344 0.0815658569335938 0.0969161987304687
0.0302886962890625 0.0672225952148437 0.269134521484375 0.177017211914062
0.00825500488281251 0.0586395263671875 0.2386474609375 0.30682373046875
-0.0289535522460937 0.0531692504882813 0.089630126953125 0.51556396484375
-0.0593452453613281 0.00123977661132812 -0.17596435546875 0.595458984375
-0.0135726928710938 -0.0628623962402344 -0.33172607421875 0.53509521484375
0.0423927307128906 -0.0466995239257813 -0.2562255859375 0.338623046875
0.0874481201171875 -0.0110702514648438 0.0849380493164063 0.139808654785156
0.0479469299316406 -0.0182228088378906 0.38043212890625 -0.189849853515625
0.02020263671875 -0.0200366973876953 0.373931884765625 -0.49871826171875
-0.00685596466064453 -0.0105390548706055 0.0263671875 -0.62481689453125
0.00188159942626953 -0.00745439529418945 -0.264923095703125 -0.515869140625
0.00868797302246094 0.0137453079223633 -0.372711181640625 -0.350311279296875
0.0342025756835938 0.0128059387207031 -0.29876708984375 -0.106231689453125
0.0697860717773438 0.02435302734375 -0.041259765625 0.00558090209960937
0.0665283203125 0.0718307495117188 0.093963623046875 0.101280212402344
0.0533370971679687 0.0718841552734375 0.277069091796875 0.175430297851563
0.023590087890625 0.0494346618652344 0.24871826171875 0.305877685546875
-0.0288238525390625 0.0419845581054688 0.1109619140625 0.51434326171875
-0.0771408081054688 -0.000976562500000009 -0.15234375 0.5994873046875
-0.0410728454589844 -0.0544319152832031 -0.3106689453125 0.540069580078125
0.0132923126220703 -0.0305976867675781 -0.248992919921875 0.3409423828125
0.0634956359863281 0.00574874877929688 0.087493896484375 0.140792846679688
0.0296211242675781 -0.000364303588867188 0.3905029296875 -0.184539794921875
0.00129413604736328 -0.00705862045288086 0.39166259765625 -0.49664306640625
-0.0257377624511719 -0.00226402282714844 0.0484619140625 -0.62646484375
-0.00891590118408203 -0.00598049163818359 -0.248809814453125 -0.521392822265625
0.0116243362426758 0.00848293304443359 -0.360595703125 -0.35479736328125
0.0494956970214844 0.0126419067382813 -0.28863525390625 -0.105712890625
0.0912551879882813 0.0376815795898438 -0.0319862365722656 0.0146160125732422
0.0824203491210938 0.0789642333984375 0.110267639160156 0.109687805175781
0.0659408569335938 0.0687904357910156 0.28106689453125 0.180999755859375
0.0295944213867188 0.039215087890625 0.257171630859375 0.31610107421875
-0.0334835052490234 0.0335559844970703 0.133758544921875 0.521728515625
-0.0926284790039063 -5.34057617187643E-05 -0.12469482421875 0.60528564453125
-0.0616569519042969 -0.0442047119140625 -0.283966064453125 0.541473388671875
-0.00713157653808594 -0.0151748657226562 -0.231292724609375 0.33477783203125
0.0452537536621094 0.0218086242675781 0.0982894897460938 0.133285522460938
0.0129947662353516 0.0169944763183594 0.40362548828125 -0.18829345703125
-0.0146694183349609 0.00417995452880859 0.411285400390625 -0.500732421875
-0.0430908203125 0.00360488891601563 0.06634521484375 -0.631103515625
-0.0193691253662109 -0.00928115844726562 -0.231536865234375 -0.52642822265625
0.0145530700683594 0.00130844116210937 -0.34820556640625 -0.3548583984375
0.063323974609375 0.0122642517089844 -0.274505615234375 -0.100296020507812
0.106346130371094 0.0509033203125 -0.0176677703857422 0.0265865325927734
0.0894088745117188 0.0790557861328125 0.127883911132813 0.118156433105469
0.068023681640625 0.0621147155761719 0.28466796875 0.190887451171875
0.0253391265869141 0.0322933197021484 0.2645263671875 0.33258056640625
-0.0409317016601563 0.029388427734375 0.154815673828125 0.531829833984375
-0.101043701171875 0.00328063964843748 -0.09765625 0.60528564453125
-0.0705032348632813 -0.03460693359375 -0.256683349609375 0.53277587890625
-0.0158157348632812 -0.00336170196533203 -0.211883544921875 0.32098388671875
0.0354461669921875 0.0343589782714844 0.115058898925781 0.118263244628906
0.00285911560058594 0.0283927917480469 0.4189453125 -0.200164794921875
-0.0263710021972656 0.0103912353515625 0.4285888671875 -0.510650634765625
-0.0548667907714844 0.00277328491210937 0.0824584960937499 -0.63568115234375
-0.0250644683837891 -0.0158538818359375 -0.215606689453125 -0.525177001953125
0.0182952880859375 -0.0059661865234375 -0.33428955078125 -0.346893310546875
0.0737075805664063 0.0119400024414063 -0.25823974609375 -0.0908050537109375
0.111801147460937 0.0618362426757813 -0.0028076171875 0.0422706604003906
-0.0363006591796875 0.00397109985351562 0.088409423828125 0.112052917480469
-0.0456390380859375 0.0439300537109375 0.233871459960937 0.208282470703125
-0.0332832336425781 0.0642776489257813 0.203582763671875 0.361907958984375
-0.0170555114746094 0.0572509765625 0.07177734375 0.554656982421875
0.00290775299072266 -0.0151586532592773 -0.1605224609375 0.56878662109375
0.07147216796875 -0.0882720947265625 -0.29638671875 0.47027587890625
0.123992919921875 -0.077880859375 -0.1988525390625 0.268173217773438
0.151702880859375 -0.044281005859375 0.136459350585937 0.0671310424804687
0.105247497558594 -0.0568923950195313 0.381195068359375 -0.272735595703125
0.0805816650390625 -0.0445404052734375 0.328704833984375 -0.5440673828125
0.0469093322753906 -0.0241050720214844 -0.01812744140625 -0.6207275390625
0.0183753967285156 -0.00341606140136719 -0.278350830078125 -0.468475341796875
-0.0256137847900391 0.0172309875488281 -0.3719482421875 -0.29327392578125
-0.0261211395263672 -0.00501060485839843 -0.272186279296875 -0.075347900390625
-0.0128889083862305 -0.0169506072998047 -0.0249691009521484 0.0218467712402344
-0.0238075256347656 0.0105972290039062 0.0741729736328125 0.10333251953125
-0.037506103515625 0.0462379455566406 0.23150634765625 0.197677612304688
-0.0332756042480469 0.06744384765625 0.19866943359375 0.35076904296875
-0.0247993469238281 0.0640373229980469 0.05987548828125 0.5498046875
-0.00579309463500977 -0.00577735900878906 -0.186767578125 0.582763671875
0.061737060546875 -0.08355712890625 -0.319580078125 0.4912109375
0.116050720214844 -0.0773086547851563 -0.220458984375 0.28851318359375
0.146743774414063 -0.044921875 0.118293762207031 0.0896453857421875
0.0968399047851563 -0.0553512573242188 0.370330810546875 -0.249267578125
0.0711669921875 -0.0470046997070313 0.324951171875 -0.53057861328125
0.0404815673828125 -0.0281944274902344 -0.0201416015625 -0.6180419921875
0.0212745666503906 -0.0075225830078125 -0.285003662109375 -0.478668212890625
-0.0129718780517578 0.0188922882080078 -0.37945556640625 -0.308197021484375
-0.0141696929931641 0.001373291015625 -0.284515380859375 -0.086151123046875
0.000634193420410157 -0.0107011795043945 -0.0358047485351563 0.00956726074218751
-0.00445747375488282 0.0224075317382813 0.0704574584960937 0.0953598022460937
-0.020355224609375 0.0504035949707031 0.2413330078125 0.184555053710938
-0.0270462036132813 0.0675697326660156 0.206634521484375 0.329376220703125
-0.0299186706542969 0.0662498474121094 0.060546875 0.531646728515625
-0.0216217041015625 0.000207901000976562 -0.19061279296875 0.58489990234375
0.04290771484375 -0.0763702392578125 -0.33209228515625 0.5040283203125
0.097808837890625 -0.0709381103515625 -0.2381591796875 0.308380126953125
0.131378173828125 -0.0388259887695313 0.101921081542969 0.110488891601563
0.0829544067382813 -0.0488510131835937 0.366241455078125 -0.223968505859375
0.0564117431640625 -0.0428543090820313 0.331634521484375 -0.513916015625
0.0274620056152344 -0.0272598266601563 -0.01446533203125 -0.61529541015625
0.0188140869140625 -0.0107288360595703 -0.285919189453125 -0.48760986328125
-0.00281333923339844 0.0178871154785156 -0.382049560546875 -0.3218994140625
0.00121212005615234 0.00784111022949219 -0.293609619140625 -0.095001220703125
0.0210704803466797 -0.000658035278320312 -0.0428695678710938 0.00276565551757813
0.0194587707519531 0.0386695861816406 0.0730819702148438 0.09307861328125
0.00372314453125 0.0578498840332031 0.254653930664063 0.176971435546875
-0.0112152099609375 0.06341552734375 0.221527099609375 0.311187744140625
-0.0308074951171875 0.0615615844726563 0.073333740234375 0.5167236328125
-0.0396919250488281 0.00273513793945312 -0.18328857421875 0.58380126953125
0.0154571533203125 -0.0691871643066406 -0.332550048828125 0.51800537109375
0.0706863403320313 -0.0596466064453125 -0.247650146484375 0.32403564453125
0.110244750976563 -0.0269927978515625 0.0901412963867188 0.127517700195313
0.0654830932617188 -0.0346183776855469 0.368072509765625 -0.203704833984375
0.0383491516113281 -0.0321617126464844 0.3447265625 -0.50238037109375
0.0122814178466797 -0.019866943359375 0.00061035156250004 -0.6131591796875
0.0121183395385742 -0.00932502746582031 -0.27569580078125 -0.496307373046875
0.00439548492431641 0.0165529251098633 -0.3775634765625 -0.33172607421875
0.0175275802612305 0.0106878280639648 -0.2977294921875 -0.099700927734375
0.0451126098632813 0.0110969543457031 -0.0444602966308594 0.00236892700195312
0.0443916320800781 0.0563735961914063 0.0816650390625 0.09320068359375
0.0307464599609375 0.0666656494140625 0.2659912109375 0.172592163085938
0.00786209106445313 0.0575408935546875 0.237579345703125 0.30169677734375
-0.0281562805175781 0.0529708862304688 0.09344482421875 0.507598876953125
-0.0582427978515625 0.0010986328125 -0.16925048828125 0.58563232421875
-0.0141525268554688 -0.0621070861816406 -0.322662353515625 0.52728271484375
0.0405616760253906 -0.0459709167480469 -0.249908447265625 0.3345947265625
0.0857009887695313 -0.0115585327148438 0.0838241577148438 0.137481689453125
0.0468215942382813 -0.0174713134765625 0.37353515625 -0.18841552734375
0.0199851989746094 -0.0193672180175781 0.364501953125 -0.49420166015625
-0.00727272033691406 -0.0103836059570313 0.02276611328125 -0.61456298828125
0.00177288055419922 -0.00714635848999023 -0.264068603515625 -0.50592041015625
0.00932025909423828 0.0137529373168945 -0.37017822265625 -0.34246826171875
0.0335636138916016 0.0112781524658203 -0.29400634765625 -0.102294921875
0.0686569213867188 0.0232772827148438 -0.0406837463378906 0.00627517700195312
0.066558837890625 0.0700721740722656 0.0942230224609375 0.0986785888671875
0.0531349182128906 0.06964111328125 0.274002075195313 0.171493530273438
0.0239448547363281 0.0487442016601563 0.2469482421875 0.3011474609375
-0.0274162292480469 0.04229736328125 0.1126708984375 0.506317138671875
-0.0754165649414063 -0.000427246093750016 -0.1446533203125 0.5906982421875
-0.0409355163574219 -0.0533332824707031 -0.30218505859375 0.533721923828125
0.0124015808105469 -0.0304679870605469 -0.24188232421875 0.33697509765625
0.0626220703125 0.00655746459960938 0.0867233276367188 0.138641357421875
0.0291347503662109 0.00115394592285156 0.383392333984375 -0.182373046875
0.00114297866821289 -0.00648117065429688 0.382904052734375 -0.49041748046875
-0.0253429412841797 -0.00128936767578125 0.0428466796874999 -0.61749267578125
-0.00841712951660156 -0.00687217712402344 -0.24822998046875 -0.512298583984375
0.0114011764526367 0.0096588134765625 -0.358306884765625 -0.34649658203125
0.0486335754394531 0.0119361877441406 -0.28466796875 -0.10211181640625
0.0902557373046875 0.0367050170898438 -0.0310516357421875 0.0148735046386719
0.0828094482421875 0.0774917602539063 0.110122680664063 0.106468200683594
0.0659141540527344 0.0676689147949219 0.277191162109375 0.176239013671875
0.030303955078125 0.0392227172851563 0.255859375 0.309967041015625
-0.0324382781982422 0.0337314605712891 0.1356201171875 0.512542724609375
-0.0900039672851563 0.000434875488281262 -0.11883544921875 0.59515380859375
-0.0611381530761719 -0.0431709289550781 -0.2762451171875 0.532318115234375
-0.00754070281982422 -0.0148525238037109 -0.22552490234375 0.331756591796875
0.0447654724121094 0.0219612121582031 0.0980148315429688 0.132133483886719
0.0131320953369141 0.0176620483398438 0.39483642578125 -0.18695068359375
-0.0145406723022461 0.00492668151855469 0.400909423828125 -0.494659423828125
-0.0420951843261719 0.00412750244140626 0.0616455078125001 -0.62054443359375
-0.0183849334716797 -0.0081634521484375 -0.231231689453125 -0.5166015625
0.01434326171875 0.00165271759033203 -0.343475341796875 -0.34564208984375
0.0624618530273437 0.0115776062011719 -0.27099609375 -0.0976104736328124
0.104866027832031 0.0486373901367187 -0.0179061889648437 0.0267963409423828
0.0890884399414063 0.0767898559570313 0.127403259277344 0.114990234375
0.0674591064453125 0.0605239868164063 0.281463623046875 0.184295654296875
0.0249900817871094 0.0314617156982422 0.263916015625 0.324432373046875
-0.0391273498535156 0.0295829772949219 0.156890869140625 0.522552490234375
-0.0987014770507813 0.0041961669921875 -0.09173583984375 0.5963134765625
-0.0698013305664063 -0.0332412719726563 -0.248992919921875 0.524139404296875
-0.0155563354492187 -0.00325107574462891 -0.206024169921875 0.317047119140625
0.0350551605224609 0.0349674224853516 0.114219665527344 0.116889953613281
0.00249481201171875 0.0291900634765625 0.409881591796875 -0.197479248046875
-0.0258064270019531 0.0110092163085938 0.418731689453125 -0.5037841796875
-0.0536155700683594 0.00386428833007812 0.078369140625 -0.62567138671875
-0.0237369537353516 -0.0149192810058594 -0.215118408203125 -0.51641845703125
0.0181636810302734 -0.00621986389160156 -0.33074951171875 -0.337799072265625
0.0720596313476563 0.0105209350585938 -0.254486083984375 -0.0881195068359375
0.109657287597656 0.0598983764648438 -0.00344467163085937 0.0411376953125
-0.0352020263671875 0.00369644165039062 0.0874252319335938 0.107711791992187
-0.04498291015625 0.0435905456542969 0.229736328125 0.2037353515625
-0.03253173828125 0.0633201599121094 0.20050048828125 0.35760498046875
-0.0171394348144531 0.0560111999511719 0.07275390625 0.546478271484375
0.00229454040527344 -0.0146245956420898 -0.157073974609375 0.5599365234375
0.0688552856445313 -0.0870895385742188 -0.29205322265625 0.462921142578125
0.121009826660156 -0.0774002075195313 -0.195709228515625 0.265060424804688
0.14959716796875 -0.0425872802734375 0.134803771972656 0.0664825439453125
0.103782653808594 -0.0548782348632813 0.374969482421875 -0.268798828125
0.0800094604492188 -0.0437088012695313 0.320709228515625 -0.535797119140625
0.0461997985839844 -0.0241317749023438 -0.01922607421875 -0.61138916015625
0.0171937942504883 -0.00285720825195313 -0.275482177734375 -0.461700439453125
-0.0260791778564453 0.017913818359375 -0.3673095703125 -0.286865234375
-0.0260734558105469 -0.00464439392089843 -0.268264770507812 -0.0724639892578125
-0.0125255584716797 -0.0165901184082031 -0.0248699188232422 0.0223445892333984
-0.0231132507324219 0.0109481811523438 0.0737762451171875 0.0993804931640625
-0.0368194580078125 0.0452194213867188 0.229690551757813 0.19317626953125
-0.0330619812011719 0.0668754577636719 0.198089599609375 0.34466552734375
-0.0235023498535156 0.063873291015625 0.0603942871093751 0.5406494140625
-0.00655889511108398 -0.00587129592895508 -0.18121337890625 0.5743408203125
0.06060791015625 -0.08233642578125 -0.313934326171875 0.4827880859375
0.113677978515625 -0.0765380859375 -0.217529296875 0.284332275390625
0.1441650390625 -0.0448455810546875 0.117118835449219 0.0885238647460938
0.0948410034179688 -0.0543365478515625 0.363922119140625 -0.245330810546875
0.0703506469726563 -0.046142578125 0.317962646484375 -0.52301025390625
0.0402488708496094 -0.0280876159667969 -0.02337646484375 -0.60870361328125
0.0209407806396484 -0.00751495361328125 -0.283599853515625 -0.47003173828125
-0.0127716064453125 0.0188064575195313 -0.37567138671875 -0.30096435546875
-0.0146160125732422 0.002105712890625 -0.2799072265625 -0.0844268798828125
0.000710487365722656 -0.00979232788085938 -0.035247802734375 0.00975036621093749
-0.00358963012695313 0.0216178894042969 0.069854736328125 0.0929641723632813
-0.0201416015625 0.0493392944335938 0.237991333007812 0.180892944335937
-0.0268783569335938 0.0657997131347656 0.2056884765625 0.324554443359375
-0.0288887023925781 0.0651321411132812 0.0615539550781251 0.523956298828125
-0.02093505859375 0.000907897949218747 -0.18475341796875 0.57574462890625
0.041107177734375 -0.0763778686523438 -0.324798583984375 0.49609375
0.0959854125976563 -0.0699005126953125 -0.234222412109375 0.304473876953125
0.129791259765625 -0.0384063720703125 0.101173400878906 0.109664916992188
0.0816879272460938 -0.0465927124023438 0.359527587890625 -0.220947265625
0.0555038452148438 -0.0417366027832031 0.32379150390625 -0.50750732421875
0.0269794464111328 -0.0267295837402344 -0.01593017578125 -0.60638427734375
0.0189857482910156 -0.0104618072509766 -0.2822265625 -0.478424072265625
-0.00301551818847656 0.0185413360595703 -0.377105712890625 -0.3153076171875
0.000642776489257812 0.00744819641113281 -0.28900146484375 -0.09271240234375
0.0212593078613281 -0.00103950500488281 -0.0431861877441406 0.00399398803710937
0.0199317932128906 0.0375747680664063 0.0730209350585938 0.090240478515625
0.0034637451171875 0.0566329956054687 0.25164794921875 0.171981811523438
-0.0112724304199219 0.062103271484375 0.219940185546875 0.3074951171875
-0.0302162170410156 0.0611572265625 0.073455810546875 0.508331298828125
-0.0389328002929688 0.00402069091796875 -0.17913818359375 0.57574462890625
0.0144805908203125 -0.0690422058105469 -0.3258056640625 0.508941650390625
0.0692253112792969 -0.05853271484375 -0.244171142578125 0.319610595703125
0.108413696289063 -0.026214599609375 0.08929443359375 0.1260986328125
0.0647354125976563 -0.033782958984375 0.359771728515625 -0.19891357421875
0.0381126403808594 -0.0311393737792969 0.337646484375 -0.49462890625
0.0112533569335938 -0.0188980102539063 -0.000671386718749993 -0.603515625
0.0114021301269531 -0.00947189331054688 -0.273590087890625 -0.487945556640625
0.00483798980712891 0.0170888900756836 -0.373565673828125 -0.325103759765625
0.0167703628540039 0.0103816986083984 -0.29278564453125 -0.0968322753906251
0.0437812805175781 0.0106468200683594 -0.0441207885742188 0.00272369384765626
0.044586181640625 0.0547599792480469 0.0812759399414063 0.0906448364257813
0.0297966003417969 0.0644454956054688 0.2633056640625 0.169052124023437
0.00788497924804688 0.0565834045410156 0.23565673828125 0.297332763671875
-0.0280647277832031 0.0518875122070312 0.09393310546875 0.500152587890625
-0.0574836730957031 0.00205230712890624 -0.1629638671875 0.57720947265625
-0.0147323608398437 -0.0607833862304688 -0.316741943359375 0.518585205078125
0.0390548706054687 -0.0455513000488281 -0.245758056640625 0.33203125
0.0847015380859375 -0.0110244750976563 0.0844955444335938 0.135910034179688
0.0465774536132813 -0.0158233642578125 0.366851806640625 -0.1851806640625
0.0194034576416016 -0.0185203552246094 0.3568115234375 -0.487091064453125
-0.00701427459716797 -0.0100889205932617 0.0198974609375 -0.6055908203125
0.00213050842285156 -0.00733804702758789 -0.261871337890625 -0.497039794921875
0.00905513763427735 0.0138750076293945 -0.366119384765625 -0.3345947265625
0.0333690643310547 0.0122661590576172 -0.289520263671875 -0.0997924804687501
0.0678634643554688 0.0233573913574219 -0.0415191650390625 0.00674819946289063
0.0671005249023438 0.0690689086914063 0.0939178466796875 0.0958633422851563
0.0519866943359375 0.0689353942871094 0.270111083984375 0.168380737304688
0.0237236022949219 0.0484085083007813 0.245819091796875 0.296478271484375
-0.0279006958007812 0.0425224304199219 0.11346435546875 0.497955322265625
-0.0742645263671875 -3.81469726562504E-05 -0.140625 0.58056640625
-0.0412101745605469 -0.0522918701171875 -0.295654296875 0.52484130859375
0.0115070343017578 -0.0297794342041016 -0.23760986328125 0.33294677734375
0.0618782043457031 0.00571823120117188 0.0866470336914063 0.136932373046875
0.0286655426025391 0.00198554992675781 0.37628173828125 -0.1795654296875
0.00147390365600586 -0.00560951232910156 0.37457275390625 -0.484832763671875
-0.0246772766113281 -0.00179290771484375 0.0411376953124999 -0.60845947265625
-0.00798416137695313 -0.00557470321655274 -0.247161865234375 -0.503448486328125
0.0114154815673828 0.00909233093261719 -0.35284423828125 -0.338409423828125
0.0478782653808594 0.0114707946777344 -0.280899047851563 -0.0991058349609375
0.08807373046875 0.0361480712890625 -0.03155517578125 0.0148906707763672
0.0823822021484375 0.0760421752929688 0.109039306640625 0.102798461914063
0.06585693359375 0.0663032531738281 0.273696899414063 0.172592163085938
0.0296211242675781 0.0384101867675781 0.252716064453125 0.30517578125
-0.0312938690185547 0.0335903167724609 0.136016845703125 0.504974365234375
-0.0887222290039062 0.00107574462890624 -0.11346435546875 0.586181640625
-0.0608367919921875 -0.041595458984375 -0.26959228515625 0.525421142578125
-0.00782203674316407 -0.0145759582519531 -0.223297119140625 0.32684326171875
0.0445098876953125 0.0228500366210938 0.0965652465820313 0.129196166992188
0.0130214691162109 0.0181503295898438 0.3883056640625 -0.1832275390625
-0.0140171051025391 0.00502777099609375 0.39300537109375 -0.487945556640625
-0.0406570434570313 0.00398635864257813 0.0587158203125 -0.61260986328125
-0.0173807144165039 -0.00876426696777344 -0.22894287109375 -0.507415771484375
0.0140523910522461 0.00237560272216797 -0.339263916015625 -0.338287353515625
0.0609207153320313 0.0115509033203125 -0.266082763671875 -0.0946807861328124
0.102378845214844 0.0487289428710938 -0.0176715850830078 0.0257453918457031
0.0884552001953125 0.075103759765625 0.126045227050781 0.111183166503906
0.067169189453125 0.0599021911621094 0.278640747070313 0.180923461914063
0.0240573883056641 0.0306816101074219 0.262420654296875 0.32012939453125
-0.0381278991699219 0.02935791015625 0.156768798828125 0.513641357421875
-0.09771728515625 0.00414276123046873 -0.08721923828125 0.5872802734375
-0.0698013305664063 -0.0326805114746094 -0.24249267578125 0.517059326171875
-0.0151386260986328 -0.002716064453125 -0.201904296875 0.312286376953125
0.0352935791015625 0.0348358154296875 0.113288879394531 0.11456298828125
0.00324630737304688 0.029632568359375 0.403045654296875 -0.196014404296875
-0.0253467559814453 0.0110836029052734 0.40997314453125 -0.497039794921875
-0.0517082214355469 0.00370788574218749 0.075927734375 -0.61700439453125
-0.0236530303955078 -0.0145282745361328 -0.212005615234375 -0.507171630859375
0.0180702209472656 -0.00499153137207031 -0.325469970703125 -0.330474853515625
0.0712356567382813 0.0109176635742188 -0.25006103515625 -0.085662841796875
0.1085205078125 0.058807373046875 -0.00294876098632812 0.0403022766113281
-0.0345039367675781 0.00328254699707032 0.08697509765625 0.104881286621094
-0.0443840026855469 0.0421524047851562 0.227188110351563 0.200637817382813
-0.0328941345214844 0.0621261596679688 0.199188232421875 0.352020263671875
-0.0178260803222656 0.0562286376953125 0.071258544921875 0.5389404296875
0.00189018249511719 -0.0142192840576172 -0.154571533203125 0.5521240234375
0.067474365234375 -0.0861358642578125 -0.288177490234375 0.453765869140625
0.118583679199219 -0.075927734375 -0.1932373046875 0.260818481445313
0.147430419921875 -0.0409088134765625 0.133537292480469 0.0665664672851562
0.101806640625 -0.0526809692382812 0.370025634765625 -0.264190673828125
0.0783615112304687 -0.04315185546875 0.3162841796875 -0.529510498046875
0.0452346801757813 -0.0231399536132813 -0.0194091796875001 -0.60235595703125
0.0168437957763672 -0.00229454040527344 -0.2724609375 -0.45489501953125
-0.0258712768554688 0.0180873870849609 -0.361358642578125 -0.28082275390625
-0.0262641906738281 -0.00488471984863282 -0.264144897460938 -0.0720977783203125
-0.0127954483032227 -0.0166797637939453 -0.025115966796875 0.0225753784179688
-0.0223655700683594 0.00939750671386719 0.072906494140625 0.0972213745117188
-0.0365676879882813 0.0432548522949219 0.22637939453125 0.191055297851563
-0.0336380004882812 0.0649032592773438 0.19598388671875 0.34100341796875
-0.0240516662597656 0.0630378723144531 0.0596923828125 0.533050537109375
-0.00646638870239258 -0.00548696517944336 -0.17724609375 0.56353759765625
0.05743408203125 -0.0817031860351563 -0.30999755859375 0.475006103515625
0.110496520996094 -0.0745315551757813 -0.214614868164063 0.280303955078125
0.141510009765625 -0.0425262451171875 0.116050720214844 0.0877304077148437
0.0934829711914063 -0.0520858764648438 0.357513427734375 -0.241424560546875
0.0683212280273438 -0.0442733764648438 0.314208984375 -0.51568603515625
0.0390815734863281 -0.02691650390625 -0.0230712890624999 -0.60064697265625
0.0202846527099609 -0.00800514221191406 -0.280303955078125 -0.46282958984375
-0.0136814117431641 0.0191154479980469 -0.368621826171875 -0.297210693359375
-0.0144224166870117 0.00232887268066406 -0.2763671875 -0.08343505859375
0.000446319580078124 -0.0106334686279297 -0.0351524353027344 0.0105018615722656
-0.00306892395019531 0.0205364227294922 0.0690536499023438 0.0904388427734375
-0.0192184448242187 0.0481910705566406 0.234283447265625 0.178466796875
-0.0266609191894531 0.064483642578125 0.203033447265625 0.3194580078125
-0.0291786193847656 0.0641822814941406 0.0618896484375 0.516510009765625
-0.0208816528320313 0.000778198242187496 -0.1829833984375 0.5654296875
0.03936767578125 -0.0746078491210938 -0.320709228515625 0.488983154296875
0.0931777954101563 -0.0681686401367188 -0.230987548828125 0.30035400390625
0.128089904785156 -0.0368423461914063 0.0996017456054688 0.108497619628906
0.0807571411132813 -0.0445632934570313 0.353790283203125 -0.2161865234375
0.0538482666015625 -0.0400581359863281 0.320465087890625 -0.500518798828125
0.0271434783935547 -0.0261764526367188 -0.01568603515625 -0.59759521484375
0.0183658599853516 -0.00969123840332031 -0.27874755859375 -0.472198486328125
-0.00319862365722656 0.0190925598144531 -0.37042236328125 -0.3084716796875
-0.000195026397705078 0.00720643997192383 -0.2852783203125 -0.0915527343750001
0.0201148986816406 -0.00148582458496094 -0.0419158935546875 0.00371170043945312
0.02032470703125 0.0365066528320313 0.0725860595703125 0.0869064331054688
0.00371170043945312 0.0556526184082031 0.248062133789063 0.17156982421875
-0.0114822387695313 0.0615043640136719 0.219207763671875 0.304229736328125
-0.0297584533691406 0.0604515075683594 0.073944091796875 0.501251220703125
-0.0380439758300781 0.0026702880859375 -0.17626953125 0.5662841796875
0.0138130187988281 -0.0676536560058594 -0.321563720703125 0.5009765625
0.0666007995605469 -0.0571212768554687 -0.2410888671875 0.3153076171875
0.10693359375 -0.0248031616210938 0.08831787109375 0.124885559082031
0.0636024475097656 -0.0317878723144531 0.354400634765625 -0.1976318359375
0.0370597839355469 -0.0301513671875 0.333831787109375 -0.4888916015625
0.0114936828613281 -0.0185947418212891 -0.000122070312499936 -0.5963134765625
0.0115938186645508 -0.00923061370849609 -0.27105712890625 -0.481536865234375
0.00458621978759766 0.0163097381591797 -0.367462158203125 -0.319427490234375
0.0165958404541016 0.0102787017822266 -0.2879638671875 -0.096099853515625
0.04290771484375 0.0102272033691406 -0.0444259643554688 0.00331497192382813
0.044952392578125 0.0537681579589844 0.0804977416992188 0.08843994140625
0.0297508239746094 0.0635948181152344 0.260360717773438 0.166183471679688
0.00782394409179687 0.056365966796875 0.23321533203125 0.29376220703125
-0.0280075073242187 0.051483154296875 0.09307861328125 0.49261474609375
-0.0560035705566406 0.00198745727539063 -0.160888671875 0.56829833984375
-0.0139656066894531 -0.06085205078125 -0.312652587890625 0.510986328125
0.0386314392089844 -0.0441436767578125 -0.243072509765625 0.326263427734375
0.0831527709960938 -0.0104293823242188 0.0832138061523438 0.133926391601563
0.0459785461425781 -0.0149688720703125 0.360260009765625 -0.18212890625
0.0191135406494141 -0.0181598663330078 0.35186767578125 -0.480072021484375
-0.00589656829833984 -0.00928878784179688 0.01971435546875 -0.5987548828125
0.00182247161865234 -0.00701332092285156 -0.25885009765625 -0.490447998046875
0.00924301147460938 0.0139131546020508 -0.35968017578125 -0.329498291015625
0.0315074920654297 0.0115928649902344 -0.28546142578125 -0.098785400390625
0.0667152404785156 0.0226173400878906 -0.0397796630859375 0.0065155029296875
0.0658836364746094 0.0674552917480469 0.0930252075195312 0.09405517578125
0.0516281127929688 0.06817626953125 0.2672119140625 0.165267944335938
0.0230522155761719 0.0476531982421875 0.24371337890625 0.291900634765625
-0.027099609375 0.0414505004882813 0.112701416015625 0.490875244140625
-0.0726776123046875 0.000152587890624994 -0.13751220703125 0.5714111328125
-0.0402107238769531 -0.0518150329589844 -0.29241943359375 0.516021728515625
0.0112075805664063 -0.0296382904052734 -0.235687255859375 0.32659912109375
0.0609283447265625 0.00653076171875 0.0857315063476562 0.134666442871094
0.0291576385498047 0.00263023376464844 0.370361328125 -0.17572021484375
0.00177288055419922 -0.00472736358642578 0.36944580078125 -0.477508544921875
-0.0237541198730469 -0.00071525573730469 0.0391845703125 -0.60052490234375
-0.00766849517822266 -0.00596332550048828 -0.2432861328125 -0.496795654296875
0.0119609832763672 0.00969982147216797 -0.34722900390625 -0.334259033203125
0.0465240478515625 0.0122337341308594 -0.276016235351563 -0.0982971191406249
0.0863189697265625 0.035430908203125 -0.0311203002929687 0.0147686004638672
0.0815353393554688 0.0747451782226563 0.108146667480469 0.10113525390625
0.0648155212402344 0.0651588439941406 0.27178955078125 0.169906616210938
0.0289230346679687 0.0385818481445313 0.250244140625 0.30108642578125
-0.0312061309814453 0.0331497192382812 0.13323974609375 0.49798583984375
-0.0868911743164062 0.00174713134765625 -0.112060546875 0.576904296875
-0.0601768493652344 -0.04180908203125 -0.266510009765625 0.516143798828125
-0.00742340087890625 -0.0139455795288086 -0.219146728515625 0.32269287109375
0.0442886352539063 0.0221328735351563 0.09600830078125 0.128280639648438
0.0134468078613281 0.0179862976074219 0.38214111328125 -0.179473876953125
-0.0136222839355469 0.00550174713134766 0.388031005859375 -0.481597900390625
-0.0405769348144531 0.00381088256835937 0.0593261718749999 -0.60455322265625
-0.0181045532226563 -0.00769996643066406 -0.226318359375 -0.501434326171875
0.0139751434326172 0.00258159637451172 -0.334259033203125 -0.332672119140625
0.0594863891601562 0.0114631652832031 -0.262741088867187 -0.0934295654296875
0.10101318359375 0.047607421875 -0.0180835723876953 0.0256252288818359
0.0882034301757812 0.0736618041992188 0.124153137207031 0.108642578125
0.066070556640625 0.0590553283691406 0.274505615234375 0.178726196289063
0.0249252319335938 0.030853271484375 0.25860595703125 0.316497802734375
-0.0381011962890625 0.0296630859375 0.154541015625 0.50701904296875
-0.0950241088867187 0.00376129150390627 -0.0855712890625 0.57794189453125
-0.0681838989257813 -0.0326156616210938 -0.24090576171875 0.509796142578125
-0.0159778594970703 -0.00190830230712891 -0.2005615234375 0.30877685546875
0.0353240966796875 0.03460693359375 0.112701416015625 0.113677978515625
0.00311660766601562 0.0303440093994141 0.398529052734375 -0.19110107421875
-0.0244274139404297 0.0117435455322266 0.404510498046875 -0.490264892578125
-0.05126953125 0.00391006469726562 0.07476806640625 -0.6092529296875
-0.0229225158691406 -0.0148906707763672 -0.2109375 -0.501312255859375
0.0177993774414063 -0.00436210632324219 -0.321014404296875 -0.325042724609375
0.0694503784179688 0.0115547180175781 -0.246566772460938 -0.0841064453125
0.106674194335937 0.0588531494140625 -0.00320053100585937 0.0411567687988281
-0.0331764221191406 0.00293159484863281 0.0859832763671875 0.102394104003906
-0.0443153381347656 0.0407295227050781 0.223464965820313 0.198684692382813
-0.0333328247070313 0.0604934692382813 0.194580078125 0.348907470703125
-0.0176658630371094 0.0555686950683594 0.068939208984375 0.532928466796875
0.0022125244140625 -0.0138311386108398 -0.153533935546875 0.54449462890625
0.0651397705078125 -0.0849456787109375 -0.2869873046875 0.44720458984375
0.117324829101563 -0.0741653442382813 -0.192276000976563 0.255950927734375
0.14605712890625 -0.0390625 0.132400512695313 0.0668716430664063
0.100662231445313 -0.0511474609375 0.36572265625 -0.257843017578125
0.0771408081054688 -0.0412750244140625 0.31524658203125 -0.520294189453125
0.0453948974609375 -0.0224189758300781 -0.01666259765625 -0.59515380859375
0.0169200897216797 -0.00270748138427734 -0.26885986328125 -0.451751708984375
-0.0247783660888672 0.0179347991943359 -0.35601806640625 -0.27667236328125
-0.0258579254150391 -0.00448608398437501 -0.260025024414062 -0.071533203125
-0.0120143890380859 -0.0165729522705078 -0.0249462127685547 0.0218544006347656
-0.0204830169677734 0.00891876220703125 0.0728912353515625 0.095001220703125
-0.0358619689941406 0.0428123474121094 0.223480224609375 0.188751220703125
-0.0339622497558594 0.0640106201171875 0.193023681640625 0.337554931640625
-0.0238990783691406 0.0624351501464844 0.0594482421875 0.5283203125
-0.00619363784790039 -0.00513362884521484 -0.177337646484375 0.55731201171875
0.0574569702148438 -0.0802230834960938 -0.307708740234375 0.4676513671875
0.109222412109375 -0.0737152099609375 -0.212921142578125 0.277206420898437
0.139999389648438 -0.04095458984375 0.114456176757813 0.0869216918945312
0.092926025390625 -0.0509262084960937 0.3541259765625 -0.2362060546875
0.0676536560058594 -0.0428657531738281 0.309844970703125 -0.5089111328125
0.0392799377441406 -0.0261116027832031 -0.0208740234375 -0.5936279296875
0.0197525024414062 -0.00766563415527344 -0.275238037109375 -0.459686279296875
-0.0128631591796875 0.0190067291259766 -0.36285400390625 -0.29254150390625
-0.0152645111083984 0.00182247161865235 -0.2720947265625 -0.082733154296875
0.000830650329589843 -0.0105772018432617 -0.035003662109375 0.0104808807373047
-0.0023193359375 0.0202426910400391 0.0691909790039063 0.0883941650390625
-0.0192222595214844 0.0469131469726563 0.232284545898438 0.176956176757813
-0.0271644592285156 0.0630989074707031 0.200408935546875 0.318634033203125
-0.0290412902832031 0.0635871887207031 0.060028076171875 0.51116943359375
-0.0208473205566406 0.000623703002929689 -0.180328369140625 0.557281494140625
0.0389785766601563 -0.07373046875 -0.31982421875 0.481597900390625
0.0917892456054688 -0.0670852661132813 -0.22943115234375 0.296234130859375
0.126411437988281 -0.03515625 0.0985641479492188 0.107643127441406
0.0797042846679687 -0.0427169799804688 0.349761962890625 -0.2122802734375
0.0535659790039063 -0.0385627746582031 0.3184814453125 -0.494384765625
0.0274791717529297 -0.0246753692626953 -0.0150146484375 -0.59259033203125
0.0179634094238281 -0.00926589965820312 -0.27447509765625 -0.46826171875
-0.00262260437011719 0.0186538696289063 -0.365325927734375 -0.304473876953125
-0.000353336334228515 0.00645256042480469 -0.280426025390625 -0.09173583984375
0.0194244384765625 -0.0012969970703125 -0.0417709350585938 0.00441741943359376
0.0212821960449219 0.0365142822265625 0.0722427368164063 0.0855560302734375
0.00381088256835938 0.0542716979980469 0.244674682617188 0.169631958007813
-0.0121536254882812 0.0604705810546875 0.215118408203125 0.300689697265625
-0.0295486450195312 0.0591278076171875 0.07257080078125 0.49627685546875
-0.0376358032226562 0.00279617309570313 -0.175872802734375 0.55908203125
0.0127830505371094 -0.0669021606445313 -0.3201904296875 0.492889404296875
0.0663490295410156 -0.0562286376953125 -0.23907470703125 0.31085205078125
0.10577392578125 -0.0237503051757813 0.0872116088867188 0.124092102050781
0.0641212463378906 -0.0299530029296875 0.3515625 -0.191650390625
0.0367088317871094 -0.0292854309082031 0.328826904296875 -0.481964111328125
0.0112857818603516 -0.0186195373535156 0.00213623046875002 -0.59075927734375
0.0115232467651367 -0.00882816314697266 -0.26702880859375 -0.477447509765625
0.00446033477783203 0.0167827606201172 -0.362548828125 -0.31524658203125
0.0157375335693359 0.0108118057250977 -0.284637451171875 -0.095794677734375
0.042755126953125 0.0105552673339844 -0.0429115295410156 0.00381088256835938
0.0454864501953125 0.0534820556640625 0.0802459716796875 0.086578369140625
0.0296287536621094 0.0633087158203125 0.25628662109375 0.166351318359375
0.00663375854492188 0.0557937622070313 0.230010986328125 0.29095458984375
-0.0275459289550781 0.0519142150878906 0.0921630859375 0.487579345703125
-0.0553436279296875 0.002105712890625 -0.159820556640625 0.560150146484375
-0.0147895812988281 -0.0596237182617188 -0.310760498046875 0.503631591796875
0.0377235412597656 -0.0437393188476563 -0.24066162109375 0.320831298828125
0.0832443237304688 -0.0091552734375 0.081878662109375 0.1328125
0.0457115173339844 -0.0142898559570313 0.35693359375 -0.177825927734375
0.0193252563476562 -0.0164813995361328 0.3468017578125 -0.472625732421875
-0.00620555877685547 -0.00941562652587891 0.021484375 -0.59197998046875
0.00164508819580078 -0.0070796012878418 -0.253387451171875 -0.4859619140625
0.00895214080810547 0.0140752792358398 -0.3541259765625 -0.3245849609375
0.0314254760742188 0.0115528106689453 -0.281158447265625 -0.0982666015625
0.0655174255371094 0.0226554870605469 -0.0397987365722656 0.00733947753906251
0.0654449462890625 0.0669708251953125 0.0925369262695312 0.091278076171875
0.0511245727539063 0.0670433044433594 0.2637939453125 0.164169311523438
0.0223884582519531 0.0475311279296875 0.2401123046875 0.28924560546875
-0.0268669128417969 0.0414085388183594 0.111907958984375 0.48626708984375
-0.071533203125 0.000404357910156248 -0.13726806640625 0.5643310546875
-0.0406341552734375 -0.0512847900390625 -0.290924072265625 0.50830078125
0.01080322265625 -0.0284576416015625 -0.233123779296875 0.32275390625
0.0605392456054687 0.00727462768554687 0.0844497680664063 0.13385009765625
0.0280208587646484 0.00360298156738281 0.366729736328125 -0.172760009765625
0.00186014175415039 -0.00523710250854492 0.365447998046875 -0.47235107421875
-0.0233802795410156 -0.00109672546386718 0.040771484375 -0.5933837890625
-0.00823640823364258 -0.00592708587646485 -0.239410400390625 -0.491363525390625
0.0118894577026367 0.00996875762939453 -0.3436279296875 -0.32928466796875
0.0461006164550781 0.0123939514160156 -0.272445678710938 -0.09722900390625
0.0855331420898438 0.0351181030273438 -0.0306854248046875 0.0146598815917969
0.0812835693359375 0.0738067626953125 0.107246398925781 0.0985031127929688
0.0637283325195313 0.0649261474609375 0.266510009765625 0.16864013671875
0.0286483764648438 0.03826904296875 0.247802734375 0.29840087890625
-0.0308742523193359 0.0329074859619141 0.13201904296875 0.49163818359375
-0.085906982421875 0.00122070312500001 -0.1103515625 0.56866455078125
-0.0592041015625 -0.0416450500488281 -0.265228271484375 0.508087158203125
-0.00741672515869141 -0.0138177871704102 -0.218505859375 0.3189697265625
0.0438957214355469 0.022705078125 0.0951766967773437 0.127189636230469
0.0135898590087891 0.0189971923828125 0.378692626953125 -0.17645263671875
-0.0137758255004883 0.005523681640625 0.3841552734375 -0.473663330078125
-0.0391654968261719 0.00447845458984376 0.0595703125000001 -0.59661865234375
-0.0171041488647461 -0.0076904296875 -0.222869873046875 -0.49542236328125
0.0142374038696289 0.00329971313476562 -0.3284912109375 -0.327667236328125
0.0588340759277344 0.0118293762207031 -0.259246826171875 -0.0934600830078125
0.0993728637695312 0.0470809936523437 -0.0175971984863281 0.0257415771484375
0.0872650146484375 0.072906494140625 0.123855590820313 0.106437683105469
0.0648040771484375 0.0587501525878906 0.271209716796875 0.17755126953125
0.0244235992431641 0.0313453674316406 0.2554931640625 0.31256103515625
-0.0375251770019531 0.0290336608886719 0.152862548828125 0.500946044921875
-0.0944290161132813 0.00443267822265627 -0.0855712890625 0.56988525390625
-0.0673713684082031 -0.0322151184082031 -0.238525390625 0.5020751953125
-0.0156745910644531 -0.00202655792236328 -0.197235107421875 0.30419921875
0.0344676971435547 0.0348129272460938 0.111167907714844 0.112930297851563
0.00304222106933593 0.0306148529052734 0.393768310546875 -0.187774658203125
-0.0241241455078125 0.0118465423583984 0.401641845703125 -0.483856201171875
-0.0500946044921875 0.00371932983398438 0.0762939453125 -0.60162353515625
-0.0217151641845703 -0.0148849487304688 -0.20623779296875 -0.495574951171875
0.0176715850830078 -0.00345611572265625 -0.315826416015625 -0.32086181640625
0.0680694580078125 0.0116462707519531 -0.243759155273438 -0.0847625732421875
0.104965209960938 0.0579757690429688 -0.00380325317382812 0.0402679443359375
-0.0324783325195312 0.00172424316406249 0.0848617553710938 0.10003662109375
-0.0442085266113281 0.0397567749023437 0.219879150390625 0.197341918945313
-0.0343894958496094 0.0607147216796875 0.191986083984375 0.34783935546875
-0.0180816650390625 0.0551567077636719 0.066375732421875 0.527435302734375
0.00158596038818359 -0.0133419036865234 -0.15582275390625 0.54095458984375
0.064422607421875 -0.08367919921875 -0.288116455078125 0.439300537109375
0.115280151367188 -0.0722579956054688 -0.192184448242188 0.255081176757813
0.144393920898437 -0.0370635986328125 0.131027221679688 0.066925048828125
0.0998306274414062 -0.0482406616210937 0.36328125 -0.252593994140625
0.0774307250976563 -0.0392532348632813 0.313934326171875 -0.5150146484375
0.0449409484863281 -0.0210990905761719 -0.01348876953125 -0.589111328125
0.0160932540893555 -0.00251483917236328 -0.26385498046875 -0.447845458984375
-0.0252094268798828 0.0176448822021484 -0.3499755859375 -0.275634765625
-0.0262260437011719 -0.0043487548828125 -0.257354736328125 -0.0727996826171875
-0.0123214721679688 -0.0161905288696289 -0.0248775482177734 0.0217761993408203
-0.0204524993896484 0.00816726684570312 0.07147216796875 0.0930328369140625
-0.0356941223144531 0.0418777465820313 0.220840454101563 0.187759399414063
-0.0341262817382813 0.0629615783691406 0.1888427734375 0.33612060546875
-0.0251350402832031 0.0617218017578125 0.055389404296875 0.52227783203125
-0.00692272186279297 -0.00495386123657227 -0.177734375 0.550384521484375
0.0561599731445313 -0.0789260864257813 -0.309234619140625 0.4593505859375
0.108116149902344 -0.070556640625 -0.212478637695313 0.2725830078125
0.139175415039063 -0.0382003784179688 0.113868713378906 0.0874404907226563
0.0921478271484375 -0.04901123046875 0.352386474609375 -0.231536865234375
0.0671768188476562 -0.0413742065429688 0.309814453125 -0.501434326171875
0.0383377075195313 -0.0253829956054687 -0.01800537109375 -0.588134765625
0.019622802734375 -0.00664520263671875 -0.27020263671875 -0.4554443359375
-0.0127677917480469 0.019866943359375 -0.357147216796875 -0.2904052734375
-0.0149765014648437 0.00196266174316407 -0.268829345703125 -0.0835418701171875
0.00103092193603516 -0.0102214813232422 -0.03466796875 0.0105400085449219
-0.0015106201171875 0.0192966461181641 0.0684051513671875 0.0861053466796875
-0.0196075439453125 0.0465736389160156 0.228927612304688 0.177093505859375
-0.0274772644042969 0.06268310546875 0.19671630859375 0.316436767578125
-0.0292015075683594 0.0632438659667969 0.05804443359375 0.507293701171875
-0.0206584930419922 0.000839233398437502 -0.180206298828125 0.55145263671875
0.0379180908203125 -0.0720367431640625 -0.318450927734375 0.474395751953125
0.090911865234375 -0.065155029296875 -0.230255126953125 0.292724609375
0.125823974609375 -0.0334320068359375 0.098114013671875 0.107536315917969
0.0787429809570313 -0.0412521362304688 0.34747314453125 -0.20672607421875
0.053619384765625 -0.0382232666015625 0.317047119140625 -0.486053466796875
0.0264854431152344 -0.0243663787841797 -0.01031494140625 -0.58673095703125
0.0172958374023437 -0.00911235809326172 -0.270111083984375 -0.466522216796875
-0.0025634765625 0.0186748504638672 -0.36053466796875 -0.302978515625
3.57627868652337E-05 0.00714826583862305 -0.277267456054688 -0.0916595458984374
0.0184879302978516 -0.000677108764648438 -0.041656494140625 0.00426864624023437
0.020050048828125 0.0352668762207031 0.071502685546875 0.0837020874023438
0.00319290161132813 0.0534820556640625 0.240386962890625 0.169265747070312
-0.0125885009765625 0.0598030090332031 0.21295166015625 0.299835205078125
-0.0303306579589844 0.0591163635253906 0.0697326660156249 0.4910888671875
-0.0382766723632813 0.00328063964843749 -0.175872802734375 0.552001953125
0.0129890441894531 -0.0659103393554688 -0.3203125 0.485595703125
0.0651702880859375 -0.0552406311035156 -0.238922119140625 0.30596923828125
0.105247497558594 -0.022705078125 0.0866928100585938 0.122756958007813
0.0628623962402344 -0.0287017822265625 0.34893798828125 -0.18707275390625
0.0373382568359375 -0.0282325744628906 0.3299560546875 -0.47515869140625
0.0114707946777344 -0.0179939270019531 0.00299072265624999 -0.58404541015625
0.0112447738647461 -0.00849628448486328 -0.2623291015625 -0.4727783203125
0.00518131256103516 0.0174350738525391 -0.356353759765625 -0.313812255859375
0.0148382186889648 0.0106000900268555 -0.280807495117188 -0.0956726074218751
0.0414199829101563 0.0105094909667969 -0.04339599609375 0.00324249267578125
0.0443534851074219 0.0525321960449219 0.0794601440429688 0.0851516723632813
0.028900146484375 0.0620613098144531 0.254013061523437 0.166183471679688
0.00583267211914062 0.055023193359375 0.226715087890625 0.289764404296875
-0.0275955200195312 0.0505256652832031 0.08941650390625 0.48358154296875
-0.0545120239257812 0.00212478637695312 -0.16046142578125 0.553009033203125
-0.0143699645996094 -0.059356689453125 -0.309722900390625 0.496368408203125
0.0367507934570313 -0.0425262451171875 -0.2408447265625 0.316619873046875
0.0823974609375 -0.007659912109375 0.0810012817382812 0.132125854492188
0.0454444885253906 -0.0130348205566406 0.354217529296875 -0.173309326171875
0.0189495086669922 -0.0161380767822266 0.34686279296875 -0.46734619140625
-0.00596237182617187 -0.00981807708740235 0.0241088867187501 -0.58636474609375
0.00147533416748047 -0.00692939758300781 -0.2498779296875 -0.481597900390625
0.0085906982421875 0.0138177871704102 -0.349090576171875 -0.322418212890625
0.0309600830078125 0.0125617980957031 -0.278640747070313 -0.09814453125
0.0642509460449219 0.0225028991699219 -0.0392494201660156 0.00734329223632812
0.0653915405273438 0.0659370422363281 0.0915908813476563 0.0894546508789063
0.0501174926757812 0.0665283203125 0.260391235351563 0.163848876953125
0.0221977233886719 0.0478057861328125 0.236297607421875 0.289703369140625
-0.02655029296875 0.0404281616210937 0.109771728515625 0.481231689453125
-0.0712432861328125 -0.000114440917968751 -0.137664794921875 0.55706787109375
-0.0399398803710938 -0.0509872436523438 -0.291778564453125 0.50042724609375
0.00968551635742188 -0.0281639099121094 -0.23291015625 0.31890869140625
0.0606880187988281 0.0080413818359375 0.0838623046875 0.133827209472656
0.028228759765625 0.00470161437988281 0.363739013671875 -0.167877197265625
0.00173664093017578 -0.00360608100891113 0.364227294921875 -0.46466064453125
-0.0234737396240234 -0.00128936767578125 0.0440673828125 -0.589111328125
-0.00832223892211914 -0.00554704666137695 -0.2344970703125 -0.48736572265625
0.0114774703979492 0.0103778839111328 -0.335784912109375 -0.327484130859375
0.0444984436035156 0.0123825073242187 -0.268951416015625 -0.0975341796875
0.08404541015625 0.035430908203125 -0.0308704376220703 0.0157394409179688
0.080230712890625 0.072540283203125 0.106201171875 0.0966949462890625
0.0633201599121094 0.0649032592773438 0.263763427734375 0.168670654296875
0.0279197692871094 0.0389785766601562 0.24365234375 0.297576904296875
-0.0302448272705078 0.0327625274658203 0.129180908203125 0.486968994140625
-0.08477783203125 0.00103759765624999 -0.11273193359375 0.56268310546875
-0.0586929321289063 -0.0408134460449219 -0.266021728515625 0.50238037109375
-0.00773239135742188 -0.0134067535400391 -0.216217041015625 0.3143310546875
0.04327392578125 0.022857666015625 0.0936660766601563 0.126388549804688
0.0140571594238281 0.0196018218994141 0.37493896484375 -0.172119140625
-0.0130834579467773 0.00619220733642578 0.38250732421875 -0.468109130859375
-0.0388565063476563 0.00290298461914063 0.061279296875 -0.590576171875
-0.0163421630859375 -0.00860691070556641 -0.217742919921875 -0.49261474609375
0.0146408081054688 0.00387954711914063 -0.323333740234375 -0.325439453125
0.0575218200683594 0.012298583984375 -0.255752563476563 -0.0939025878906251
0.09808349609375 0.0474700927734375 -0.0174980163574219 0.0259037017822266
0.0857086181640625 0.0721282958984375 0.122154235839844 0.1048583984375
0.0641365051269531 0.0576934814453125 0.267227172851563 0.176055908203125
0.0235481262207031 0.0316982269287109 0.252593994140625 0.31182861328125
-0.0367622375488281 0.0291595458984375 0.149749755859375 0.49755859375
-0.0932998657226562 0.00322723388671875 -0.08734130859375 0.5643310546875
-0.0668411254882813 -0.0324058532714844 -0.23956298828125 0.495880126953125
-0.0160102844238281 -0.00150585174560547 -0.19757080078125 0.30029296875
0.0344047546386719 0.0347270965576172 0.109672546386719 0.112419128417969
0.00414848327636719 0.0306587219238281 0.3900146484375 -0.1820068359375
-0.0241909027099609 0.0117149353027344 0.39837646484375 -0.4774169921875
-0.0489692687988281 0.00341796874999999 0.078125 -0.595458984375
-0.0208187103271484 -0.0143699645996094 -0.202911376953125 -0.492095947265625
0.0185508728027344 -0.00263404846191406 -0.310882568359375 -0.318817138671875
0.0675735473632813 0.0128173828125 -0.239990234375 -0.084197998046875
0.103424072265625 0.0578765869140625 -0.0041351318359375 0.0399169921875
-0.032135009765625 6.48498535156246E-05 0.0840988159179687 0.0979080200195313
-0.0436134338378906 0.0388832092285156 0.217361450195313 0.19732666015625
-0.0348320007324219 0.0598983764648438 0.1885986328125 0.346771240234375
-0.0186309814453125 0.0549545288085938 0.0625 0.52508544921875
0.000824928283691407 -0.0130424499511719 -0.156951904296875 0.53485107421875
0.0639266967773438 -0.082916259765625 -0.290557861328125 0.433258056640625
0.115371704101563 -0.0711746215820313 -0.194168090820313 0.251022338867188
0.144439697265625 -0.03521728515625 0.129753112792969 0.0675506591796875
0.0991744995117188 -0.0471572875976563 0.362274169921875 -0.248382568359375
0.07672119140625 -0.0385284423828125 0.315521240234375 -0.507843017578125
0.0443763732910156 -0.0205535888671875 -0.00836181640625003 -0.58538818359375
0.0157251358032227 -0.00247287750244141 -0.258636474609375 -0.445953369140625
-0.0243568420410156 0.0169162750244141 -0.3463134765625 -0.275421142578125
-0.02587890625 -0.00448608398437501 -0.254379272460938 -0.0732879638671875
-0.0124273300170898 -0.0163736343383789 -0.0252685546875 0.0217151641845703
-0.0199356079101563 0.00720024108886719 0.0709457397460938 0.0903854370117188
-0.0357856750488281 0.0403404235839844 0.217361450195313 0.188339233398438
-0.0348625183105469 0.0622482299804688 0.186370849609375 0.336090087890625
-0.0248527526855469 0.0612373352050781 0.0526123046875 0.5196533203125
-0.00670337677001953 -0.00505733489990234 -0.180999755859375 0.54449462890625
0.0550537109375 -0.0780563354492188 -0.309844970703125 0.45391845703125
0.106269836425781 -0.0699539184570313 -0.2142333984375 0.269424438476563
0.138519287109375 -0.0371551513671875 0.111915588378906 0.088531494140625
0.0915069580078125 -0.0460052490234375 0.352020263671875 -0.22637939453125
0.0667724609375 -0.0395545959472656 0.31146240234375 -0.4954833984375
0.0383262634277344 -0.0245285034179688 -0.01318359375 -0.58514404296875
0.0197162628173828 -0.00630950927734375 -0.26611328125 -0.45599365234375
-0.0129795074462891 0.0195903778076172 -0.352447509765625 -0.289886474609375
-0.0156259536743164 0.00176715850830078 -0.266708374023438 -0.0848236083984375
7.82012939453132E-05 -0.0108127593994141 -0.0345306396484375 0.0102710723876953
-0.00175666809082031 0.0184345245361328 0.0674057006835938 0.0850982666015625
-0.0192184448242187 0.0452079772949219 0.225921630859375 0.176712036132813
-0.028533935546875 0.0620803833007813 0.194854736328125 0.3162841796875
-0.0298995971679688 0.0634269714355469 0.055145263671875 0.50439453125
-0.0214576721191406 0.0015869140625 -0.184173583984375 0.54583740234375
0.0372390747070313 -0.07177734375 -0.3212890625 0.467529296875
0.0898513793945313 -0.0633697509765625 -0.230712890625 0.288330078125
0.124977111816406 -0.0317001342773438 0.096343994140625 0.107749938964844
0.0792465209960937 -0.0395736694335937 0.346221923828125 -0.2021484375
0.0535316467285156 -0.0354766845703125 0.317108154296875 -0.482666015625
0.0268821716308594 -0.0239028930664062 -0.00714111328125006 -0.582763671875
0.0175008773803711 -0.00882530212402344 -0.266632080078125 -0.463653564453125
-0.00168228149414062 0.0190620422363281 -0.35418701171875 -0.30255126953125
-0.000806331634521485 0.00696992874145508 -0.275070190429687 -0.09234619140625
0.0190753936767578 -0.000768661499023438 -0.0414848327636719 0.00463485717773438
0.0213832855224609 0.0346755981445313 0.0707244873046875 0.0815048217773438
0.00271987915039062 0.0532798767089844 0.238784790039063 0.169692993164063
-0.0140266418457031 0.0601806640625 0.209197998046875 0.299774169921875
-0.0300140380859375 0.0589752197265625 0.0663146972656249 0.48944091796875
-0.0379600524902344 0.00343704223632812 -0.177642822265625 0.546417236328125
0.0125007629394531 -0.0644569396972656 -0.322174072265625 0.478271484375
0.064666748046875 -0.0540809631347656 -0.2412109375 0.30242919921875
0.10498046875 -0.0213699340820312 0.0850448608398438 0.123062133789063
0.0634002685546875 -0.0272293090820313 0.347686767578125 -0.182891845703125
0.03680419921875 -0.027374267578125 0.330596923828125 -0.4683837890625
0.0109138488769531 -0.0182456970214844 0.00823974609375003 -0.5819091796875
0.0111560821533203 -0.00838375091552734 -0.25640869140625 -0.47235107421875
0.00476360321044922 0.0171298980712891 -0.35162353515625 -0.311798095703125
0.0149240493774414 0.0112819671630859 -0.27734375 -0.0973052978515625
0.0413093566894531 0.00957870483398437 -0.0436210632324219 0.00370407104492187
0.0442581176757813 0.0522994995117188 0.0787506103515625 0.08355712890625
0.0280799865722656 0.0617713928222656 0.250213623046875 0.166152954101563
0.00555038452148438 0.0555152893066406 0.224151611328125 0.29034423828125
-0.0277023315429687 0.0504379272460938 0.085845947265625 0.48040771484375
-0.0544929504394531 0.00173187255859375 -0.162200927734375 0.54833984375
-0.0147666931152344 -0.0584182739257812 -0.31292724609375 0.48944091796875
0.036834716796875 -0.0418510437011719 -0.241180419921875 0.31231689453125
0.0821685791015625 -0.0074462890625 0.0801849365234375 0.131828308105469
0.0455703735351563 -0.0110893249511719 0.353729248046875 -0.170013427734375
0.019073486328125 -0.0147953033447266 0.348052978515625 -0.46142578125
-0.00524139404296875 -0.00902271270751953 0.02813720703125 -0.5816650390625
0.00224685668945312 -0.00676918029785156 -0.243499755859375 -0.480010986328125
0.00926399230957031 0.0147867202758789 -0.34442138671875 -0.32080078125
0.0298652648925781 0.0129127502441406 -0.275405883789063 -0.099609375
0.0639152526855469 0.0231208801269531 -0.0399436950683594 0.008148193359375
0.0651702880859375 0.0656509399414062 0.0910263061523438 0.0885543823242188
0.049468994140625 0.0664482116699219 0.257827758789063 0.16473388671875
0.0210037231445312 0.0480842590332031 0.23333740234375 0.289337158203125
-0.0258560180664063 0.0410385131835937 0.105377197265625 0.4798583984375
-0.0700187683105469 -0.000682830810546877 -0.139739990234375 0.5516357421875
-0.0399513244628906 -0.0507698059082031 -0.292633056640625 0.49609375
0.0105400085449219 -0.0270767211914063 -0.2335205078125 0.314361572265625
0.0605926513671875 0.00844192504882813 0.0827560424804688 0.132377624511719
0.0281581878662109 0.00450325012207031 0.36297607421875 -0.16363525390625
0.00182938575744629 -0.00324153900146484 0.36468505859375 -0.45892333984375
-0.0228481292724609 -0.000822067260742186 0.046875 -0.5833740234375
-0.00695228576660156 -0.00572872161865234 -0.229949951171875 -0.486541748046875
0.0120315551757813 0.0107870101928711 -0.331939697265625 -0.32568359375
0.0441856384277344 0.0130538940429688 -0.26617431640625 -0.09869384765625
0.0832443237304688 0.0354461669921875 -0.0309047698974609 0.0148525238037109
0.0792465209960938 0.0718994140625 0.105781555175781 0.0950775146484375
0.0621528625488281 0.0648155212402344 0.261001586914063 0.168914794921875
0.0272293090820313 0.0388717651367188 0.24114990234375 0.297119140625
-0.0302600860595703 0.0321178436279297 0.126068115234375 0.484710693359375
-0.0839385986328125 0.000320434570312516 -0.115142822265625 0.55645751953125
-0.0580101013183594 -0.0414886474609375 -0.266754150390625 0.4970703125
-0.00788402557373047 -0.013096809387207 -0.217254638671875 0.31024169921875
0.0435714721679688 0.0234375 0.0931777954101563 0.125961303710938
0.0135021209716797 0.0202007293701172 0.373626708984375 -0.167144775390625
-0.0131502151489258 0.00621795654296875 0.3837890625 -0.461395263671875
-0.0385398864746094 0.00345993041992188 0.0648193359375 -0.58673095703125
-0.0156564712524414 -0.00845909118652344 -0.212646484375 -0.491912841796875
0.0151443481445313 0.00453948974609375 -0.318603515625 -0.324920654296875
0.0570716857910156 0.0135154724121094 -0.252365112304688 -0.0941009521484374
0.0971527099609375 0.0478057861328125 -0.0183219909667969 0.0259227752685547
0.085845947265625 0.0720672607421875 0.121177673339844 0.103683471679688
0.0637893676757813 0.0581817626953125 0.264266967773438 0.17657470703125
0.0232200622558594 0.0310173034667969 0.2489013671875 0.31146240234375
-0.0368194580078125 0.0288925170898438 0.14556884765625 0.494476318359375
-0.0933990478515625 0.00302124023437499 -0.09051513671875 0.558563232421875
-0.0661163330078125 -0.0317955017089844 -0.24212646484375 0.49005126953125
-0.0164556503295898 -0.00175094604492187 -0.198028564453125 0.29638671875
0.0340461730957031 0.0351753234863281 0.109466552734375 0.112014770507812
0.00319290161132812 0.0305023193359375 0.38995361328125 -0.177886962890625
-0.0238666534423828 0.0121002197265625 0.4005126953125 -0.4705810546875
-0.048248291015625 0.00239944458007813 0.0816040039062501 -0.5909423828125
-0.0209999084472656 -0.0147075653076172 -0.198883056640625 -0.490234375
0.0192222595214844 -0.00216865539550781 -0.30572509765625 -0.318511962890625
0.0660629272460938 0.0127716064453125 -0.237594604492188 -0.0850982666015625
0.102035522460938 0.0581588745117188 -0.00488662719726562 0.0404129028320313
-0.0315074920654297 -0.000358581542968744 0.0829315185546875 0.0969390869140625
-0.0445365905761719 0.0373992919921875 0.21441650390625 0.1983642578125
-0.03668212890625 0.058990478515625 0.184173583984375 0.3477783203125
-0.0191535949707031 0.05535888671875 0.05560302734375 0.524200439453125
0.000839233398437501 -0.0126838684082031 -0.163055419921875 0.530975341796875
0.0631561279296875 -0.0808792114257813 -0.295166015625 0.428253173828125
0.114768981933594 -0.0685195922851562 -0.19464111328125 0.249114990234375
0.144302368164063 -0.0331573486328125 0.129783630371094 0.0693359375
0.0997390747070313 -0.0448455810546875 0.36236572265625 -0.2418212890625
0.0762557983398438 -0.0368194580078125 0.31890869140625 -0.50347900390625
0.0447731018066406 -0.0206947326660156 -0.00439453125 -0.5848388671875
0.0153608322143555 -0.00160026550292969 -0.25482177734375 -0.44610595703125
-0.0249519348144531 0.0171947479248047 -0.34197998046875 -0.276611328125
-0.0261631011962891 -0.00519371032714844 -0.253204345703125 -0.0749664306640625
-0.0123500823974609 -0.0159206390380859 -0.0262851715087891 0.0220088958740234
-0.0195770263671875 0.00643730163574219 0.0710601806640625 0.0895538330078125
-0.0362586975097656 0.0397491455078125 0.215591430664062 0.189224243164063
-0.0360221862792969 0.06268310546875 0.1837158203125 0.338043212890625
-0.0258331298828125 0.0612297058105469 0.048553466796875 0.51953125
-0.0074305534362793 -0.0050649642944336 -0.184600830078125 0.541839599609375
0.0547027587890625 -0.0767669677734375 -0.314544677734375 0.448455810546875
0.106681823730469 -0.0673675537109375 -0.21588134765625 0.267440795898438
0.138275146484375 -0.0351715087890625 0.111541748046875 0.0892791748046875
0.09228515625 -0.044769287109375 0.352081298828125 -0.22149658203125
0.067352294921875 -0.0389366149902344 0.315399169921875 -0.490631103515625
0.038543701171875 -0.0241279602050781 -0.00683593749999996 -0.5828857421875
0.0194206237792969 -0.00668716430664063 -0.261474609375 -0.455535888671875
-0.0126476287841797 0.0195751190185547 -0.348114013671875 -0.291046142578125
-0.0159502029418945 0.0017547607421875 -0.264190673828125 -0.08636474609375
-0.000210762023925782 -0.0107812881469727 -0.0350666046142578 0.0102748870849609
-0.000938415527343752 0.0174465179443359 0.0677642822265625 0.0831756591796875
-0.0196151733398437 0.0442352294921875 0.223358154296875 0.177947998046875
-0.0292701721191406 0.0616073608398437 0.191558837890625 0.3182373046875
-0.0306167602539062 0.0626144409179688 0.050201416015625 0.50360107421875
-0.0213050842285156 0.00149917602539063 -0.188262939453125 0.5416259765625
0.0364608764648437 -0.070404052734375 -0.3250732421875 0.462799072265625
0.089569091796875 -0.0616683959960938 -0.23291015625 0.28509521484375
0.124656677246094 -0.0297927856445312 0.095733642578125 0.108543395996094
0.0800018310546875 -0.037994384765625 0.347686767578125 -0.197662353515625
0.0536384582519531 -0.0351333618164063 0.32086181640625 -0.476654052734375
0.02716064453125 -0.0232868194580078 -0.000793457031250012 -0.58172607421875
0.0170755386352539 -0.0087432861328125 -0.260833740234375 -0.464385986328125
-0.00221443176269531 0.0198726654052734 -0.350341796875 -0.304412841796875
-0.000849246978759765 0.00716066360473633 -0.272659301757813 -0.0947418212890626
0.0185947418212891 -0.00075531005859375 -0.0414962768554687 0.00424194335937499
0.0207977294921875 0.0338478088378906 0.0699234008789063 0.0806045532226563
0.00232315063476562 0.0520553588867188 0.235763549804688 0.170822143554688
-0.0141983032226563 0.0596885681152344 0.206787109375 0.301177978515625
-0.030609130859375 0.05816650390625 0.063262939453125 0.487335205078125
-0.0374488830566406 0.00337600708007813 -0.1812744140625 0.541961669921875
0.0124778747558594 -0.064208984375 -0.326171875 0.47412109375
0.0643653869628906 -0.0521469116210938 -0.241668701171875 0.299407958984375
0.105827331542969 -0.0203704833984375 0.08428955078125 0.123260498046875
0.0638427734375 -0.0259132385253906 0.347808837890625 -0.178863525390625
0.0366630554199219 -0.0260848999023437 0.33416748046875 -0.46435546875
0.0111513137817383 -0.0172824859619141 0.0134277343749999 -0.5784912109375
0.0110349655151367 -0.00866222381591797 -0.251953125 -0.4725341796875
0.00489044189453125 0.0184440612792969 -0.347686767578125 -0.313323974609375
0.0140085220336914 0.0110549926757813 -0.27581787109375 -0.0992431640625001
0.0405197143554688 0.0103721618652344 -0.0429954528808594 0.00386047363281249
0.0437698364257813 0.0518226623535156 0.0783920288085938 0.0828704833984375
0.0273895263671875 0.0626869201660156 0.247940063476563 0.167755126953125
0.00553131103515625 0.0552711486816406 0.2213134765625 0.291717529296875
-0.0277481079101563 0.050140380859375 0.081390380859375 0.479278564453125
-0.0545463562011719 0.00099182128906249 -0.16644287109375 0.54437255859375
-0.014190673828125 -0.0577049255371094 -0.316497802734375 0.484130859375
0.0362548828125 -0.0400886535644531 -0.242401123046875 0.308929443359375
0.08258056640625 -0.005767822265625 0.078643798828125 0.132118225097656
0.0451736450195312 -0.0103797912597656 0.352447509765625 -0.16455078125
0.0194625854492188 -0.0148296356201172 0.350372314453125 -0.456512451171875
-0.00533866882324219 -0.00887012481689453 0.0317382812499999 -0.58074951171875
0.00204944610595703 -0.00660610198974609 -0.239654541015625 -0.4798583984375
0.00953960418701172 0.0154399871826172 -0.33905029296875 -0.32281494140625
0.0292682647705078 0.0128116607666016 -0.272994995117187 -0.101425170898438
0.0630569458007813 0.0232391357421875 -0.0401573181152344 0.00703048706054688
0.0643768310546875 0.0652618408203125 0.0903549194335938 0.0871810913085938
0.0492973327636719 0.0659637451171875 0.25439453125 0.16705322265625
0.0203056335449219 0.0486907958984375 0.23095703125 0.290191650390625
-0.0267486572265625 0.0407981872558594 0.100982666015625 0.47808837890625
-0.0701713562011719 -0.00093841552734374 -0.144378662109375 0.547943115234375
-0.0391426086425781 -0.0506095886230469 -0.29608154296875 0.489654541015625
0.0104942321777344 -0.0271015167236328 -0.23553466796875 0.311370849609375
0.0607566833496094 0.0096435546875 0.0827255249023437 0.13311767578125
0.0283870697021484 0.00652694702148438 0.362457275390625 -0.1588134765625
0.00182771682739258 -0.00277805328369141 0.36767578125 -0.454345703125
-0.0222873687744141 -0.00127601623535157 0.0509033203124999 -0.5806884765625
-0.00772857666015625 -0.00626897811889648 -0.223663330078125 -0.486663818359375
0.0128087997436523 0.0105695724487305 -0.32763671875 -0.326507568359375
0.0437431335449219 0.013214111328125 -0.264511108398438 -0.101242065429687
0.0824508666992188 0.0356216430664063 -0.0311203002929687 0.0141925811767578
0.0785751342773438 0.0718536376953125 0.104446411132813 0.0944366455078125
0.0613555908203125 0.0644035339355469 0.258255004882813 0.171218872070313
0.0273704528808594 0.0393867492675781 0.23736572265625 0.299346923828125
-0.0302867889404297 0.0319938659667969 0.122802734375 0.484344482421875
-0.083587646484375 -6.86645507812518E-05 -0.120147705078125 0.55438232421875
-0.0575332641601563 -0.0423431396484375 -0.271759033203125 0.491912841796875
-0.00766563415527344 -0.0126094818115234 -0.219512939453125 0.30609130859375
0.0437545776367188 0.0240898132324219 0.0926742553710938 0.126029968261719
0.0129947662353516 0.0205879211425781 0.375152587890625 -0.16241455078125
-0.0131034851074219 0.00668525695800781 0.385711669921875 -0.457305908203125
-0.0375900268554688 0.00258255004882813 0.07061767578125 -0.584228515625
-0.0148515701293945 -0.00806140899658203 -0.2078857421875 -0.49072265625
0.0157785415649414 0.00529575347900391 -0.313140869140625 -0.32562255859375
0.0560493469238281 0.0138397216796875 -0.251052856445313 -0.0964660644531249
0.0956344604492188 0.048187255859375 -0.0185012817382812 0.0258808135986328
0.0846786499023438 0.0717849731445313 0.120208740234375 0.102630615234375
0.0629806518554688 0.0588188171386719 0.262374877929688 0.1785888671875
0.0234928131103516 0.031768798828125 0.246551513671875 0.31243896484375
-0.0366859436035156 0.0290031433105469 0.141754150390625 0.494659423828125
-0.0913619995117188 0.00167846679687498 -0.09466552734375 0.554840087890625
-0.0654983520507813 -0.0328941345214844 -0.243682861328125 0.485565185546875
-0.015620231628418 -0.00164222717285157 -0.199920654296875 0.294158935546875
0.0338592529296875 0.0352325439453125 0.1083984375 0.11309814453125
0.00320243835449219 0.0315151214599609 0.388702392578125 -0.172576904296875
-0.0236186981201172 0.0116729736328125 0.402557373046875 -0.464508056640625
-0.04803466796875 0.00232696533203125 0.0875854492187501 -0.587890625
-0.0208930969238281 -0.0143699645996094 -0.1922607421875 -0.49053955078125
0.018707275390625 -0.00194168090820313 -0.300750732421875 -0.318572998046875
0.0655059814453125 0.0140266418457031 -0.235809326171875 -0.087799072265625
0.101226806640625 0.058746337890625 -0.00510025024414062 0.0398635864257813
-0.0317878723144531 -0.00207328796386718 0.0822830200195313 0.095703125
-0.0447196960449219 0.0370101928710937 0.211883544921875 0.20037841796875
-0.0370864868164063 0.05938720703125 0.180267333984375 0.350433349609375
-0.019775390625 0.055145263671875 0.0513916015625 0.524566650390625
0.000699996948242189 -0.0116357803344727 -0.16876220703125 0.529388427734375
0.062530517578125 -0.0794296264648438 -0.29937744140625 0.4244384765625
0.1138916015625 -0.0664825439453125 -0.19769287109375 0.245223999023437
0.14520263671875 -0.0301055908203125 0.129196166992187 0.0706329345703125
0.099761962890625 -0.0430374145507812 0.364501953125 -0.238250732421875
0.0766067504882813 -0.0350875854492188 0.324127197265625 -0.49932861328125
0.0448188781738281 -0.0191879272460938 0.00250244140624998 -0.583740234375
0.0156087875366211 -0.00182628631591797 -0.250640869140625 -0.447998046875
-0.024658203125 0.0173206329345703 -0.33837890625 -0.2774658203125
-0.0262241363525391 -0.0061187744140625 -0.252548217773438 -0.0769195556640625
-0.0121870040893555 -0.0166311264038086 -0.0270366668701172 0.0224475860595703
-0.0190086364746094 0.0054473876953125 0.069732666015625 0.0887832641601563
-0.0360298156738281 0.0390472412109375 0.212982177734375 0.190704345703125
-0.0379791259765625 0.0611381530761719 0.180877685546875 0.339508056640625
-0.0268707275390625 0.06158447265625 0.0453796386718749 0.51983642578125
-0.0075984001159668 -0.00370359420776367 -0.189605712890625 0.538543701171875
0.0548477172851563 -0.0749588012695313 -0.31951904296875 0.4437255859375
0.106903076171875 -0.0658721923828125 -0.218978881835937 0.264755249023438
0.139015197753906 -0.0329055786132813 0.110610961914063 0.0902023315429688
0.0927047729492187 -0.0429229736328125 0.35296630859375 -0.217254638671875
0.0673866271972656 -0.0371055603027344 0.319183349609375 -0.486541748046875
0.0393638610839844 -0.0237922668457031 -0.00317382812500001 -0.58355712890625
0.0189723968505859 -0.00646209716796875 -0.256866455078125 -0.45819091796875
-0.0124282836914063 0.0196952819824219 -0.344757080078125 -0.292633056640625
-0.0159416198730469 0.00166702270507812 -0.263198852539063 -0.088836669921875
0.000250816345214844 -0.01104736328125 -0.0357856750488281 0.00975799560546874
-0.00074291229248047 0.0168867111206055 0.0668869018554688 0.082122802734375
-0.020172119140625 0.0432052612304688 0.222305297851563 0.179901123046875
-0.0307731628417969 0.0618782043457031 0.189453125 0.320037841796875
-0.0303421020507813 0.0627365112304688 0.0467529296875 0.503875732421875
-0.0217666625976563 0.00140762329101563 -0.192413330078125 0.537628173828125
0.0368423461914063 -0.069488525390625 -0.330413818359375 0.45806884765625
0.0894393920898438 -0.0608139038085938 -0.235382080078125 0.282379150390625
0.125389099121094 -0.0281524658203125 0.0949172973632813 0.108657836914063
0.0806045532226563 -0.0360031127929688 0.348907470703125 -0.1942138671875
0.0537223815917969 -0.0334053039550781 0.325225830078125 -0.472900390625
0.0267696380615234 -0.022216796875 0.00335693359375003 -0.5814208984375
0.0167341232299805 -0.00905036926269531 -0.256072998046875 -0.467010498046875
-0.00205421447753906 0.0193901062011719 -0.347137451171875 -0.30535888671875
-0.00186967849731445 0.00727224349975586 -0.271835327148438 -0.096527099609375
0.0187625885009766 -0.000858306884765625 -0.0418319702148438 0.00445938110351562
0.0212154388427734 0.0333518981933594 0.069610595703125 0.080108642578125
0.000930786132812503 0.0521049499511719 0.234222412109375 0.173599243164063
-0.015411376953125 0.0590019226074219 0.204345703125 0.30438232421875
-0.0311965942382812 0.0576972961425781 0.059356689453125 0.487884521484375
-0.0376968383789063 0.00320816040039063 -0.186859130859375 0.5384521484375
0.0126457214355469 -0.0636405944824219 -0.33197021484375 0.47003173828125
0.0640983581542969 -0.0513038635253906 -0.244049072265625 0.295806884765625
0.105110168457031 -0.0180816650390625 0.0839996337890625 0.12420654296875
0.0639152526855469 -0.0239906311035156 0.350372314453125 -0.174346923828125
0.0376510620117188 -0.0242500305175781 0.33697509765625 -0.461181640625
0.0120458602905273 -0.0167789459228516 0.0177001953125 -0.57879638671875
0.0113849639892578 -0.00773334503173828 -0.24749755859375 -0.474456787109375
0.00471687316894531 0.0184288024902344 -0.343841552734375 -0.31500244140625
0.0137529373168945 0.0106515884399414 -0.274856567382812 -0.10174560546875
0.0395088195800781 0.0109291076660156 -0.0436744689941406 0.0037994384765625
0.0435638427734375 0.0509605407714844 0.0782012939453125 0.0813369750976563
0.0263786315917969 0.0612640380859375 0.24688720703125 0.170181274414063
0.00404357910156249 0.0551567077636719 0.21893310546875 0.29412841796875
-0.0285148620605469 0.0503692626953125 0.078857421875 0.47943115234375
-0.053955078125 0.000843048095703117 -0.171142578125 0.540985107421875
-0.0144386291503906 -0.0576286315917969 -0.32135009765625 0.48040771484375
0.0362319946289063 -0.0395278930664063 -0.24566650390625 0.30670166015625
0.082275390625 -0.004302978515625 0.07806396484375 0.132377624511719
0.04620361328125 -0.0093841552734375 0.354278564453125 -0.1593017578125
0.01953125 -0.0140876770019531 0.3544921875 -0.45367431640625
-0.00483798980712891 -0.00909233093261719 0.039306640625 -0.58013916015625
0.00246429443359375 -0.00711345672607422 -0.234344482421875 -0.48284912109375
0.00992679595947266 0.0150861740112305 -0.335693359375 -0.324493408203125
0.0295124053955078 0.0134449005126953 -0.271255493164063 -0.103607177734375
0.062103271484375 0.024139404296875 -0.0403823852539062 0.00709533691406251
0.0643577575683594 0.0656089782714844 0.0900955200195313 0.0870285034179688
0.0482368469238281 0.0666656494140625 0.252456665039063 0.169342041015625
0.0202560424804687 0.048553466796875 0.227935791015625 0.29364013671875
-0.0259437561035156 0.0409736633300781 0.09625244140625 0.479217529296875
-0.069732666015625 -0.00151443481445312 -0.14947509765625 0.54583740234375
-0.0391960144042969 -0.051177978515625 -0.302215576171875 0.4862060546875
0.0102081298828125 -0.0264244079589844 -0.23809814453125 0.30914306640625
0.0611457824707031 0.0105705261230469 0.0810699462890625 0.133399963378906
0.0282669067382813 0.00705718994140625 0.364227294921875 -0.154449462890625
0.0020594596862793 -0.00249600410461426 0.37158203125 -0.449493408203125
-0.0214004516601563 -0.00137138366699219 0.0582275390625 -0.58056640625
-0.00674533843994141 -0.00627756118774414 -0.21942138671875 -0.48907470703125
0.0129127502441406 0.0117578506469727 -0.32305908203125 -0.32843017578125
0.0433311462402344 0.0144386291503906 -0.263214111328125 -0.102615356445313
0.0818252563476563 0.0371475219726563 -0.0317001342773438 0.0152530670166016
0.0783004760742188 0.0727310180664063 0.104011535644531 0.0947723388671875
0.0607986450195313 0.0648422241210938 0.257720947265625 0.173858642578125
0.0269660949707031 0.0402755737304688 0.2362060546875 0.30126953125
-0.0298423767089844 0.0329456329345703 0.1185302734375 0.485107421875
-0.0835342407226563 -0.000671386718749993 -0.123687744140625 0.5513916015625
-0.0573463439941406 -0.0411567687988281 -0.2762451171875 0.4881591796875
-0.008209228515625 -0.0128860473632813 -0.222137451171875 0.304473876953125
0.0435295104980469 0.0250930786132813 0.0918502807617188 0.126686096191406
0.0136203765869141 0.0217990875244141 0.375640869140625 -0.15802001953125
-0.0129718780517578 0.00630378723144531 0.3895263671875 -0.45245361328125
-0.0374259948730469 0.00268554687500001 0.07623291015625 -0.58245849609375
-0.0152921676635742 -0.0090179443359375 -0.201507568359375 -0.493072509765625
0.0154180526733398 0.00558948516845703 -0.3099365234375 -0.327606201171875
0.0560684204101562 0.0145835876464844 -0.249252319335938 -0.099578857421875
0.0951309204101563 0.0489044189453125 -0.0186882019042969 0.0261554718017578
0.0839691162109375 0.0716018676757812 0.119186401367188 0.101898193359375
0.0617141723632813 0.0588035583496094 0.260635375976563 0.1806640625
0.0229396820068359 0.0330734252929688 0.243804931640625 0.3140869140625
-0.0366020202636719 0.0287590026855469 0.1376953125 0.49578857421875
-0.0913238525390625 0.00176239013671876 -0.0993652343750001 0.55340576171875
-0.0660781860351562 -0.0332107543945313 -0.2510986328125 0.48236083984375
-0.0158052444458008 -0.00122547149658203 -0.2020263671875 0.291259765625
0.0346832275390625 0.0357933044433594 0.108055114746094 0.113822937011719
0.00335693359375 0.0313358306884766 0.390472412109375 -0.167755126953125
-0.0226936340332031 0.01116943359375 0.40618896484375 -0.4593505859375
-0.0481834411621094 0.00177383422851562 0.09320068359375 -0.5865478515625
-0.0194625854492188 -0.0147285461425781 -0.18719482421875 -0.492034912109375
0.0196361541748047 -0.0008087158203125 -0.2955322265625 -0.320526123046875
0.0656204223632813 0.0149421691894531 -0.234390258789063 -0.089752197265625
0.100418090820312 0.0600738525390625 -0.00556182861328125 0.0405502319335938
-0.0312366485595703 -0.00322151184082032 0.081085205078125 0.0949935913085937
-0.046356201171875 0.0362358093261719 0.209884643554687 0.202301025390625
-0.0374221801757812 0.0586051940917969 0.177276611328125 0.354095458984375
-0.0204849243164062 0.0557518005371094 0.046966552734375 0.52813720703125
0.000203132629394531 -0.0115871429443359 -0.17572021484375 0.5286865234375
0.0627365112304688 -0.078887939453125 -0.307281494140625 0.422943115234375
0.114700317382813 -0.0649032592773438 -0.200424194335938 0.244003295898438
0.145706176757813 -0.028106689453125 0.130142211914063 0.0717697143554688
0.100425720214844 -0.0412673950195313 0.368408203125 -0.233856201171875
0.077178955078125 -0.0336227416992188 0.328460693359375 -0.498138427734375
0.0454330444335938 -0.0184974670410156 0.00775146484375003 -0.5855712890625
0.0150156021118164 -0.002166748046875 -0.24578857421875 -0.449981689453125
-0.0246791839599609 0.0173263549804688 -0.335968017578125 -0.28125
-0.0260066986083984 -0.00603485107421875 -0.251510620117188 -0.0810394287109375
-0.0119810104370117 -0.0161237716674805 -0.0271053314208984 0.0225124359130859
-0.0192203521728516 0.00355911254882812 0.06951904296875 0.0871429443359375
-0.0365982055664062 0.0382156372070313 0.211883544921875 0.192947387695313
-0.0383033752441406 0.0610084533691406 0.1773681640625 0.342041015625
-0.0270004272460938 0.0613479614257813 0.039459228515625 0.5205078125
-0.00869560241699219 -0.00371980667114258 -0.195343017578125 0.5367431640625
0.0549545288085938 -0.0743408203125 -0.3265380859375 0.4410400390625
0.106475830078125 -0.064239501953125 -0.22137451171875 0.262451171875
0.139739990234375 -0.0301055908203125 0.111015319824219 0.091339111328125
0.0935287475585938 -0.0415191650390625 0.35614013671875 -0.21368408203125
0.0685005187988281 -0.0363082885742188 0.324615478515625 -0.48492431640625
0.0393905639648437 -0.0228462219238281 0.00329589843749996 -0.5831298828125
0.0185718536376953 -0.0057220458984375 -0.25360107421875 -0.461181640625
-0.0130653381347656 0.0190982818603516 -0.3419189453125 -0.29583740234375
-0.0167779922485352 0.00128841400146484 -0.262802124023438 -0.091278076171875
0.00046539306640625 -0.0111703872680664 -0.0358467102050781 0.0103340148925781
-0.000240325927734376 0.0160093307495117 0.0663986206054688 0.082305908203125
-0.0210037231445312 0.0436058044433594 0.220565795898438 0.182342529296875
-0.0313186645507812 0.0623435974121094 0.186492919921875 0.322540283203125
-0.0321693420410156 0.0623779296875 0.042022705078125 0.50506591796875
-0.0222835540771484 0.00225067138671875 -0.19793701171875 0.536773681640625
0.0365257263183594 -0.0690116882324219 -0.337493896484375 0.45501708984375
0.0895919799804688 -0.05859375 -0.23846435546875 0.279953002929687
0.125823974609375 -0.0260391235351563 0.0948104858398438 0.110580444335938
0.0810623168945313 -0.0344161987304688 0.351959228515625 -0.189697265625
0.0546798706054687 -0.0331230163574219 0.330780029296875 -0.470794677734375
0.0273113250732422 -0.0220508575439453 0.00866699218749998 -0.58367919921875
0.0172452926635742 -0.00849628448486328 -0.252197265625 -0.469970703125
-0.00202369689941406 0.0190601348876953 -0.34429931640625 -0.308441162109375
-0.00206279754638672 0.00693893432617187 -0.270614624023438 -0.100143432617187
0.0178165435791016 -0.00052642822265625 -0.042816162109375 0.00419998168945312
0.0209465026855469 0.0330295562744141 0.0686798095703125 0.0794754028320313
0.00133514404296875 0.0513267517089844 0.234115600585938 0.17578125
-0.0153541564941406 0.0601654052734375 0.20166015625 0.307373046875
-0.0317764282226562 0.0579261779785156 0.055267333984375 0.4918212890625
-0.0375442504882813 0.00323486328125 -0.192596435546875 0.537322998046875
0.012603759765625 -0.0634346008300781 -0.337860107421875 0.4669189453125
0.0652236938476563 -0.0502243041992188 -0.248748779296875 0.294525146484375
0.10662841796875 -0.017303466796875 0.0833206176757812 0.124588012695312
0.0643424987792969 -0.0235519409179687 0.352874755859375 -0.17010498046875
0.0376396179199219 -0.0246391296386719 0.342498779296875 -0.4586181640625
0.0124931335449219 -0.0171413421630859 0.02459716796875 -0.58099365234375
0.0107011795043945 -0.00838375091552734 -0.243438720703125 -0.47900390625
0.00519371032714844 0.0182971954345703 -0.34033203125 -0.31915283203125
0.0135135650634766 0.0110206604003906 -0.274276733398438 -0.104248046875
0.0394172668457031 0.0114707946777344 -0.0436172485351563 0.00294113159179687
0.0433120727539063 0.0520896911621094 0.077728271484375 0.0811538696289063
0.0257568359375 0.0618247985839844 0.24468994140625 0.173233032226563
0.00323104858398438 0.0561103820800781 0.218505859375 0.297698974609375
-0.0281486511230469 0.0506477355957031 0.07379150390625 0.481048583984375
-0.0540962219238281 0.000854492187499994 -0.17742919921875 0.539886474609375
-0.0139122009277344 -0.05828857421875 -0.32647705078125 0.477142333984375
0.0369338989257813 -0.0391502380371094 -0.250335693359375 0.303680419921875
0.0829696655273438 -0.00376129150390625 0.0781402587890625 0.132957458496094
0.0462913513183594 -0.00815200805664063 0.356536865234375 -0.156036376953125
0.0194664001464844 -0.0135936737060547 0.358642578125 -0.450286865234375
-0.0042724609375 -0.00921058654785156 0.044677734375 -0.5814208984375
0.00348567962646484 -0.00685977935791016 -0.23028564453125 -0.486175537109375
0.0100183486938477 0.015812873840332 -0.332855224609375 -0.32745361328125
0.0287895202636719 0.0140094757080078 -0.270538330078125 -0.1068115234375
0.0621910095214844 0.0247039794921875 -0.0398101806640625 0.00737762451171876
0.0631599426269531 0.0649604797363281 0.09002685546875 0.086700439453125
0.0479965209960938 0.0671310424804688 0.252914428710938 0.171615600585937
0.0193367004394531 0.0487518310546875 0.22760009765625 0.296173095703125
-0.0269737243652344 0.0410308837890625 0.094482421875 0.480194091796875
-0.069732666015625 -0.00177764892578126 -0.154388427734375 0.5440673828125
-0.0387344360351563 -0.0504226684570312 -0.30792236328125 0.48370361328125
0.0104217529296875 -0.0261116027832031 -0.241790771484375 0.30694580078125
0.0615043640136719 0.0105705261230469 0.0803146362304688 0.13360595703125
0.0289363861083984 0.00739288330078125 0.36627197265625 -0.150146484375
0.00202429294586182 -0.00196456909179688 0.37554931640625 -0.447357177734375
-0.02239990234375 -0.00116729736328125 0.06475830078125 -0.58099365234375
-0.00676870346069336 -0.00673437118530273 -0.21563720703125 -0.49285888671875
0.0128011703491211 0.0117788314819336 -0.318023681640625 -0.332763671875
0.0428047180175781 0.0153541564941406 -0.261505126953125 -0.106307983398437
0.0810775756835938 0.0379486083984375 -0.0311317443847656 0.0155372619628906
0.0776138305664063 0.072723388671875 0.104118347167969 0.0942230224609375
0.0606727600097656 0.0659751892089844 0.255233764648438 0.176025390625
0.0256805419921875 0.0415573120117188 0.2340087890625 0.30499267578125
-0.0302276611328125 0.0324230194091797 0.113800048828125 0.4874267578125
-0.0833740234375 -0.00172424316406252 -0.12896728515625 0.55023193359375
-0.05780029296875 -0.0417137145996094 -0.281951904296875 0.48651123046875
-0.00780391693115234 -0.0124940872192383 -0.22674560546875 0.302032470703125
0.044158935546875 0.0255813598632813 0.0907440185546875 0.127342224121094
0.0134334564208984 0.0218868255615234 0.37811279296875 -0.1544189453125
-0.0127792358398437 0.00692462921142578 0.394500732421875 -0.448394775390625
-0.0371208190917969 0.00205612182617188 0.0835571289062501 -0.58367919921875
-0.0145807266235352 -0.00974655151367188 -0.197967529296875 -0.495880126953125
0.0163784027099609 0.00579261779785156 -0.30645751953125 -0.331024169921875
0.0553092956542969 0.0153388977050781 -0.248687744140625 -0.101333618164063
0.0942840576171875 0.0504379272460937 -0.0190277099609375 0.0257167816162109
0.0830459594726562 0.0721359252929687 0.118644714355469 0.102005004882813
0.0623817443847656 0.0596733093261719 0.259017944335938 0.183059692382813
0.02325439453125 0.0336475372314453 0.240875244140625 0.3184814453125
-0.0360107421875 0.0286140441894531 0.1339111328125 0.4970703125
-0.0911102294921875 0.00114440917968748 -0.1048583984375 0.553070068359375
-0.0656089782714844 -0.0332260131835937 -0.25567626953125 0.479461669921875
-0.0155792236328125 -0.0019073486328125 -0.2061767578125 0.28955078125
0.0347633361816406 0.036163330078125 0.107719421386719 0.114906311035156
0.00416374206542969 0.0317459106445313 0.393341064453125 -0.162872314453125
-0.0229759216308594 0.0120849609375 0.41143798828125 -0.4560546875
-0.0475425720214844 0.00121307373046876 0.09930419921875 -0.58697509765625
-0.0197792053222656 -0.0150051116943359 -0.181732177734375 -0.4942626953125
0.0202560424804688 -0.00126075744628906 -0.292572021484375 -0.322967529296875
0.0643844604492187 0.0161819458007812 -0.233673095703125 -0.091949462890625
0.0985183715820313 0.060699462890625 -0.006317138671875 0.040130615234375
-0.0309562683105469 -0.00399017333984375 0.0800018310546875 0.0949249267578125
-0.0466156005859375 0.0356903076171875 0.208297729492188 0.20587158203125
-0.0389060974121094 0.0593681335449219 0.1761474609375 0.357818603515625
-0.0214920043945313 0.0565948486328125 0.041473388671875 0.52984619140625
0.000225067138671875 -0.0104455947875977 -0.183502197265625 0.5299072265625
0.0631027221679688 -0.0780563354492188 -0.3153076171875 0.420989990234375
0.11669921875 -0.0634078979492188 -0.203628540039063 0.242965698242188
0.147613525390625 -0.0263214111328125 0.129646301269531 0.0741806030273437
0.101844787597656 -0.0395431518554688 0.3726806640625 -0.2305908203125
0.0775070190429688 -0.0324478149414063 0.337158203125 -0.49560546875
0.0455703735351563 -0.017822265625 0.01361083984375 -0.5889892578125
0.0153360366821289 -0.00216770172119141 -0.243438720703125 -0.456573486328125
-0.0248680114746094 0.0174465179443359 -0.33428955078125 -0.28570556640625
-0.0268115997314453 -0.00616645812988281 -0.251754760742187 -0.0833282470703125
-0.0120677947998047 -0.017399787902832 -0.0283870697021484 0.0222244262695312
-0.0184555053710938 0.00322723388671875 0.0692977905273438 0.0871429443359375
-0.0381355285644531 0.0369796752929688 0.210037231445313 0.19573974609375
-0.0398139953613281 0.0616683959960938 0.1754150390625 0.345794677734375
-0.0284347534179687 0.0615425109863281 0.033355712890625 0.525543212890625
-0.00856590270996094 -0.00317811965942383 -0.2032470703125 0.53594970703125
0.0542068481445313 -0.0731735229492187 -0.334259033203125 0.44024658203125
0.106895446777344 -0.0629730224609375 -0.226882934570312 0.261672973632813
0.140853881835938 -0.029083251953125 0.111518859863281 0.0931854248046875
0.0946273803710938 -0.0394058227539063 0.360931396484375 -0.20941162109375
0.0694541931152344 -0.0347213745117188 0.33148193359375 -0.483856201171875
0.039886474609375 -0.02264404296875 0.00982666015625 -0.587890625
0.0189666748046875 -0.00584793090820312 -0.25128173828125 -0.467010498046875
-0.0129852294921875 0.0196990966796875 -0.340087890625 -0.301055908203125
-0.0160341262817383 0.000764846801757815 -0.262680053710938 -0.09417724609375
0.000458717346191407 -0.0112190246582031 -0.0365676879882813 0.0104484558105469
-0.000699996948242187 0.0153331756591797 0.0659942626953125 0.080780029296875
-0.0224342346191406 0.0424461364746094 0.219879150390625 0.185440063476563
-0.032501220703125 0.0619163513183594 0.1849365234375 0.32745361328125
-0.0325050354003906 0.0624847412109375 0.039337158203125 0.508758544921875
-0.0223884582519531 0.00128746032714844 -0.205352783203125 0.537841796875
0.037261962890625 -0.0681877136230469 -0.34576416015625 0.45355224609375
0.0900497436523438 -0.05804443359375 -0.242752075195313 0.2789306640625
0.127700805664063 -0.0244598388671875 0.0947723388671875 0.112289428710937
0.0820541381835937 -0.03350830078125 0.355987548828125 -0.185546875
0.05572509765625 -0.0316619873046875 0.337890625 -0.470458984375
0.0275707244873047 -0.0218009948730469 0.0159301757812499 -0.586181640625
0.0174741744995117 -0.00831222534179688 -0.249542236328125 -0.47625732421875
-0.00220298767089844 0.0192699432373047 -0.342193603515625 -0.313690185546875
-0.00252151489257813 0.00739765167236328 -0.270950317382813 -0.103073120117188
0.0176124572753906 -0.000749588012695312 -0.0425567626953125 0.00355911254882812
0.0213699340820313 0.0325527191162109 0.0690994262695313 0.0791091918945313
8.773803710937E-05 0.0521278381347656 0.233291625976563 0.179275512695313
-0.0168190002441406 0.060394287109375 0.201324462890625 0.31219482421875
-0.0322685241699219 0.0586128234863281 0.05120849609375 0.493133544921875
-0.0381317138671875 0.00257110595703125 -0.1993408203125 0.537841796875
0.0123710632324219 -0.0628662109375 -0.34490966796875 0.464874267578125
0.0655479431152344 -0.0498886108398438 -0.253448486328125 0.292816162109375
0.107589721679688 -0.0157241821289063 0.0826644897460938 0.126327514648438
0.0651817321777344 -0.021759033203125 0.35528564453125 -0.167510986328125
0.0382843017578125 -0.0235328674316406 0.349212646484375 -0.45721435546875
0.0125284194946289 -0.0165691375732422 0.03070068359375 -0.58245849609375
0.0118618011474609 -0.00788116455078125 -0.240264892578125 -0.482940673828125
0.0057373046875 0.0183200836181641 -0.33856201171875 -0.323638916015625
0.0131359100341797 0.0118598937988281 -0.273971557617188 -0.107284545898437
0.0387916564941406 0.0115394592285156 -0.0445899963378906 0.00270843505859376
0.0428466796875 0.0516395568847656 0.0778427124023438 0.0806808471679688
0.0257530212402344 0.061676025390625 0.244842529296875 0.177047729492188
0.003692626953125 0.0569572448730469 0.216949462890625 0.30133056640625
-0.0289878845214844 0.0509567260742188 0.0715026855468749 0.485107421875
-0.0551681518554688 0.00033569335937499 -0.1832275390625 0.540130615234375
-0.0141639709472656 -0.0576133728027344 -0.335296630859375 0.476165771484375
0.0370941162109375 -0.0386428833007813 -0.254150390625 0.302520751953125
0.083740234375 -0.00232696533203125 0.0775527954101562 0.134872436523438
0.0471611022949219 -0.00710296630859375 0.360687255859375 -0.153411865234375
0.0199451446533203 -0.0124073028564453 0.36492919921875 -0.4490966796875
-0.00447988510131836 -0.00807285308837891 0.0513916015625 -0.5838623046875
0.00355434417724609 -0.00712728500366211 -0.226806640625 -0.491729736328125
0.0105257034301758 0.0160312652587891 -0.330108642578125 -0.33148193359375
0.0282745361328125 0.0144462585449219 -0.27099609375 -0.1094970703125
0.0622177124023438 0.0250053405761719 -0.0405082702636719 0.00662994384765625
0.0632591247558594 0.0658111572265625 0.0897903442382813 0.0865097045898438
0.0472373962402344 0.068603515625 0.251708984375 0.176376342773438
0.0189056396484375 0.0495719909667969 0.2261962890625 0.300933837890625
-0.0271949768066406 0.0416755676269531 0.0904541015625 0.4842529296875
-0.0695381164550781 -0.00189208984375001 -0.160614013671875 0.545257568359375
-0.0391921997070313 -0.0517120361328125 -0.3135986328125 0.483612060546875
0.0111808776855469 -0.0258522033691406 -0.246490478515625 0.304443359375
0.0614967346191406 0.0120315551757813 0.079620361328125 0.135406494140625
0.0292987823486328 0.00794410705566406 0.36920166015625 -0.147308349609375
0.00249958038330078 -0.00182199478149414 0.38311767578125 -0.44476318359375
-0.0218124389648438 -0.00184822082519531 0.0708618164062499 -0.58465576171875
-0.0065603256225586 -0.00681400299072266 -0.2125244140625 -0.495849609375
0.0133676528930664 0.0117874145507812 -0.31695556640625 -0.335906982421875
0.0428314208984375 0.0154609680175781 -0.262252807617187 -0.108642578125
0.0810546875 0.0391311645507812 -0.0310478210449219 0.0146961212158203
0.0776748657226563 0.0730972290039063 0.104217529296875 0.0934677124023437
0.0599746704101563 0.0673866271972656 0.256515502929688 0.180694580078125
0.0262184143066406 0.041656494140625 0.233612060546875 0.308990478515625
-0.0299110412597656 0.032379150390625 0.11016845703125 0.49072265625
-0.0835647583007812 -0.00222015380859376 -0.13531494140625 0.552093505859375
-0.0576286315917969 -0.0428695678710938 -0.288909912109375 0.485076904296875
-0.00741863250732422 -0.0121784210205078 -0.2298583984375 0.30157470703125
0.0439033508300781 0.0263519287109375 0.0909194946289063 0.12933349609375
0.014556884765625 0.0229473114013672 0.382110595703125 -0.150177001953125
-0.0125465393066406 0.00732707977294922 0.40087890625 -0.44720458984375
-0.0368270874023438 0.00186920166015625 0.08929443359375 -0.587890625
-0.0139875411987305 -0.00947856903076172 -0.193939208984375 -0.50030517578125
0.0164308547973633 0.00612926483154297 -0.304718017578125 -0.33514404296875
0.0555992126464844 0.0165672302246094 -0.248748779296875 -0.104507446289062
0.0945587158203125 0.0516128540039062 -0.0193119049072266 0.0259132385253906
0.0833358764648438 0.0732574462890625 0.119056701660156 0.102310180664063
0.0620307922363281 0.0608940124511719 0.259353637695313 0.187286376953125
0.0225143432617188 0.0339679718017578 0.2408447265625 0.3231201171875
-0.0365524291992188 0.0282249450683594 0.130035400390625 0.502349853515625
-0.0910110473632813 6.10351562500105E-05 -0.111053466796875 0.5550537109375
-0.0657691955566406 -0.0342826843261719 -0.262481689453125 0.47930908203125
-0.0153636932373047 -0.00127887725830078 -0.209381103515625 0.289520263671875
0.0351829528808594 0.0368614196777344 0.107765197753906 0.1163330078125
0.00411605834960938 0.0328903198242188 0.39764404296875 -0.16009521484375
-0.0226345062255859 0.0124473571777344 0.416595458984375 -0.453948974609375
-0.0466423034667969 0.00147247314453125 0.10675048828125 -0.58978271484375
-0.0189037322998047 -0.0161724090576172 -0.17822265625 -0.499542236328125
0.0215549468994141 -4.76837158203125E-05 -0.29046630859375 -0.327911376953125
0.0648612976074219 0.0170478820800781 -0.234619140625 -0.0946807861328125
0.0987472534179687 0.0618133544921875 -0.006103515625 0.0401992797851563
-0.0318641662597656 -0.00539588928222656 0.080322265625 0.0945663452148438
-0.0470542907714844 0.0347442626953125 0.20745849609375 0.209548950195313
-0.0399208068847656 0.0597038269042969 0.17364501953125 0.3638916015625
-0.0214653015136719 0.0564117431640625 0.03656005859375 0.53631591796875
0.000360488891601563 -0.011225700378418 -0.19036865234375 0.5330810546875
0.0630645751953125 -0.0772628784179687 -0.32403564453125 0.421417236328125
0.117103576660156 -0.0629043579101563 -0.209304809570313 0.24322509765625
0.14892578125 -0.024688720703125 0.131210327148438 0.0764083862304688
0.1029052734375 -0.0380325317382812 0.378509521484375 -0.22808837890625
0.0795440673828125 -0.0313491821289063 0.34417724609375 -0.497100830078125
0.045867919921875 -0.0181312561035156 0.0202026367187499 -0.59417724609375
0.0152568817138672 -0.0013885498046875 -0.2408447265625 -0.463653564453125
-0.0246982574462891 0.0165691375732422 -0.33294677734375 -0.291168212890625
-0.0268211364746094 -0.00614738464355469 -0.253311157226563 -0.0866241455078125
-0.0126743316650391 -0.017822265625 -0.0281791687011719 0.0224514007568359
-0.0187911987304688 0.00222206115722656 0.0685806274414063 0.0864486694335938
-0.0390853881835938 0.0366897583007813 0.210098266601563 0.199722290039063
-0.0400314331054688 0.0623245239257813 0.17529296875 0.351043701171875
-0.0296173095703125 0.0623512268066406 0.03125 0.529754638671875
-0.00850582122802734 -0.00330972671508789 -0.20989990234375 0.539276123046875
0.055084228515625 -0.07305908203125 -0.343536376953125 0.440155029296875
0.108123779296875 -0.0624237060546875 -0.231002807617188 0.261520385742188
0.142608642578125 -0.0277099609375 0.112358093261719 0.095245361328125
0.0961227416992188 -0.0380783081054688 0.365570068359375 -0.207275390625
0.070159912109375 -0.0338172912597656 0.3397216796875 -0.48516845703125
0.03997802734375 -0.0218544006347656 0.01507568359375 -0.592529296875
0.0195236206054688 -0.00661277770996094 -0.2486572265625 -0.473876953125
-0.0126113891601562 0.0200462341308594 -0.339874267578125 -0.3050537109375
-0.0161314010620117 0.000720977783203128 -0.26434326171875 -0.0975341796875
-0.00139617919921875 -0.0112552642822266 -0.0367965698242188 0.00999069213867188
-0.00073528289794922 0.0143470764160156 0.0657501220703125 0.0807037353515625
-0.0226821899414063 0.0419960021972656 0.219833374023437 0.190231323242187
-0.0335578918457031 0.0625419616699219 0.184600830078125 0.332733154296875
-0.0331611633300781 0.0638046264648438 0.033935546875 0.51373291015625
-0.0229015350341797 0.00257492065429687 -0.21295166015625 0.540252685546875
0.0375137329101563 -0.0680389404296875 -0.35504150390625 0.453277587890625
0.0911331176757813 -0.0569229125976563 -0.248077392578125 0.278961181640625
0.128936767578125 -0.0234222412109375 0.0949935913085938 0.113731384277344
0.08294677734375 -0.0325775146484375 0.360565185546875 -0.183868408203125
0.0561790466308594 -0.0302734375 0.344573974609375 -0.470733642578125
0.0283336639404297 -0.0219268798828125 0.022705078125 -0.59149169921875
0.0172910690307617 -0.00837135314941406 -0.24725341796875 -0.481475830078125
-0.00266456604003906 0.0202369689941406 -0.340423583984375 -0.31903076171875
-0.00220251083374023 0.00762796401977539 -0.272186279296875 -0.106277465820312
0.0180091857910156 -0.00127601623535156 -0.0431137084960938 0.00363159179687501
0.0214309692382813 0.0325145721435547 0.0692596435546875 0.0784378051757813
0.000595092773437504 0.0524368286132813 0.232879638671875 0.183746337890625
-0.0179901123046875 0.0604629516601563 0.20159912109375 0.31719970703125
-0.03277587890625 0.059417724609375 0.047576904296875 0.49871826171875
-0.0390853881835937 0.00352859497070313 -0.20611572265625 0.539886474609375
0.0129661560058594 -0.0630607604980469 -0.35308837890625 0.46484375
0.0660057067871094 -0.0485153198242188 -0.25750732421875 0.292388916015625
0.108413696289063 -0.0149307250976563 0.0823440551757812 0.127426147460938
0.0660934448242187 -0.020599365234375 0.360137939453125 -0.1649169921875
0.0394248962402344 -0.0232734680175781 0.355438232421875 -0.4578857421875
0.0129556655883789 -0.0172710418701172 0.03558349609375 -0.58880615234375
0.0124044418334961 -0.0080718994140625 -0.236968994140625 -0.490509033203125
0.00522994995117187 0.0188999176025391 -0.338043212890625 -0.3282470703125
0.0130977630615234 0.0123071670532227 -0.275604248046875 -0.111190795898438
0.0399284362792969 0.0120773315429688 -0.0446434020996094 0.00295639038085937
0.0437202453613281 0.0511207580566406 0.078216552734375 0.0814743041992188
0.0245475769042969 0.0632781982421875 0.245330810546875 0.181015014648438
0.00212478637695313 0.058135986328125 0.21673583984375 0.3072509765625
-0.0296211242675781 0.0511360168457031 0.068023681640625 0.48944091796875
-0.0548629760742188 -0.000171661376953126 -0.190887451171875 0.54351806640625
-0.0139732360839844 -0.0571784973144531 -0.343475341796875 0.4766845703125
0.0376663208007813 -0.0380096435546875 -0.259033203125 0.3028564453125
0.084869384765625 -0.00182342529296875 0.077423095703125 0.135887145996094
0.0476951599121094 -0.0055999755859375 0.365753173828125 -0.149749755859375
0.0207748413085937 -0.0128345489501953 0.37335205078125 -0.449462890625
-0.00427150726318359 -0.0097198486328125 0.05755615234375 -0.58917236328125
0.00355291366577148 -0.00702571868896484 -0.224639892578125 -0.4990234375
0.0101747512817383 0.0159711837768555 -0.32928466796875 -0.337799072265625
0.0279293060302734 0.0157814025878906 -0.27191162109375 -0.113037109375
0.0617218017578125 0.0259971618652344 -0.0411148071289062 0.00699615478515624
0.0631752014160156 0.0664443969726563 0.090545654296875 0.0868072509765625
0.0474510192871094 0.0693283081054688 0.252578735351563 0.180068969726563
0.0185089111328125 0.0510711669921875 0.22650146484375 0.306640625
-0.0273094177246094 0.0415382385253906 0.086822509765625 0.4893798828125
-0.07037353515625 -0.00288391113281251 -0.1678466796875 0.548187255859375
-0.0393180847167969 -0.0519294738769531 -0.322509765625 0.48388671875
0.0112762451171875 -0.0251750946044922 -0.25164794921875 0.305633544921875
0.0625114440917969 0.0126914978027344 0.0797958374023438 0.137069702148438
0.0297298431396484 0.00932884216308594 0.374481201171875 -0.14501953125
0.00288248062133789 -0.00144743919372559 0.39080810546875 -0.44512939453125
-0.0219001770019531 -0.0020904541015625 0.0770263671875 -0.58978271484375
-0.00636434555053711 -0.00690031051635742 -0.20855712890625 -0.503631591796875
0.0139522552490234 0.01275634765625 -0.3162841796875 -0.341339111328125
0.0428199768066406 0.0160865783691406 -0.263458251953125 -0.11181640625
0.0814895629882813 0.039459228515625 -0.0327320098876953 0.0144748687744141
0.0776596069335938 0.0730514526367188 0.10400390625 0.0947952270507813
0.0596847534179688 0.0680656433105469 0.255355834960938 0.183258056640625
0.0263824462890625 0.0423965454101562 0.2335205078125 0.31451416015625
-0.0302581787109375 0.0326690673828125 0.107025146484375 0.49749755859375
-0.0842742919921875 -0.00283813476562501 -0.14251708984375 0.5556640625
-0.0573463439941406 -0.0434837341308594 -0.297607421875 0.4859619140625
-0.00858116149902344 -0.0124168395996094 -0.235198974609375 0.30126953125
0.0449752807617188 0.02667236328125 0.0914154052734375 0.130775451660156
0.0146484375 0.0241298675537109 0.387298583984375 -0.1458740234375
-0.0129623413085937 0.00717926025390625 0.40869140625 -0.446807861328125
-0.0379600524902344 0.00226974487304687 0.095947265625 -0.591064453125
-0.0143947601318359 -0.00974464416503906 -0.190399169921875 -0.507568359375
0.0176849365234375 0.00656890869140625 -0.30206298828125 -0.3408203125
0.0555839538574219 0.0170860290527344 -0.249481201171875 -0.107803344726563
0.0943069458007813 0.0529861450195312 -0.0202503204345703 0.0265026092529297
0.0829620361328125 0.0736465454101563 0.118736267089844 0.103408813476562
0.0619049072265625 0.0619125366210938 0.260406494140625 0.191482543945313
0.0233230590820313 0.034637451171875 0.240753173828125 0.32830810546875
-0.0356826782226562 0.0291290283203125 0.1263427734375 0.506988525390625
-0.0922012329101563 0.00028228759765627 -0.11761474609375 0.557830810546875
-0.0653152465820312 -0.0349502563476563 -0.26995849609375 0.48272705078125
-0.0161046981811523 -0.0013580322265625 -0.214630126953125 0.289794921875
0.035797119140625 0.0378227233886719 0.108558654785156 0.117439270019531
0.004486083984375 0.033416748046875 0.40264892578125 -0.157440185546875
-0.0228748321533203 0.0122451782226563 0.426422119140625 -0.454925537109375
-0.0480766296386719 0.00098419189453126 0.11322021484375 -0.5927734375
-0.01885986328125 -0.0159854888916016 -0.1746826171875 -0.506439208984375
0.0208053588867188 -0.000444412231445313 -0.28924560546875 -0.333343505859375
0.0647659301757813 0.0179939270019531 -0.23486328125 -0.097747802734375
0.0986709594726562 0.063507080078125 -0.00722503662109374 0.0412063598632813
-0.0320014953613281 -0.00699996948242187 0.0800094604492188 0.0945053100585938
-0.0488548278808594 0.0348968505859375 0.207992553710937 0.213577270507812
-0.0408058166503906 0.0603523254394531 0.172698974609375 0.370391845703125
-0.0220947265625 0.0579681396484375 0.0328369140625 0.544525146484375
-0.000243186950683593 -0.00960350036621094 -0.199005126953125 0.537506103515625
0.0644454956054688 -0.0768814086914063 -0.332611083984375 0.42333984375
0.118003845214844 -0.0611038208007813 -0.213851928710937 0.242507934570313
0.151290893554688 -0.023681640625 0.1326904296875 0.077789306640625
0.104049682617188 -0.0366668701171875 0.384185791015625 -0.22686767578125
0.0800933837890625 -0.0302352905273438 0.353179931640625 -0.4996337890625
0.0463218688964844 -0.017333984375 0.02435302734375 -0.6019287109375
0.0148773193359375 -0.00186920166015625 -0.240081787109375 -0.47137451171875
-0.0247955322265625 0.0174369812011719 -0.333831787109375 -0.296600341796875
-0.0273418426513672 -0.00688743591308593 -0.255126953125 -0.0894775390625
-0.0123729705810547 -0.0178642272949219 -0.0291671752929687 0.0235919952392578
-0.0191802978515625 0.000682830810546872 0.0685501098632813 0.0878753662109375
-0.0394210815429688 0.036956787109375 0.210708618164063 0.204788208007813
-0.0419692993164062 0.0624198913574219 0.17431640625 0.359130859375
-0.0295219421386719 0.063201904296875 0.027496337890625 0.53729248046875
-0.00934696197509765 -0.002899169921875 -0.2186279296875 0.543304443359375
0.05584716796875 -0.072479248046875 -0.35235595703125 0.442840576171875
0.110336303710937 -0.0606460571289062 -0.236190795898437 0.261795043945313
0.144989013671875 -0.0265045166015625 0.112068176269531 0.0960159301757812
0.0975189208984375 -0.0369491577148438 0.372467041015625 -0.20611572265625
0.0720443725585938 -0.03289794921875 0.3475341796875 -0.4884033203125
0.040679931640625 -0.0220603942871094 0.0196533203124999 -0.60003662109375
0.0190925598144531 -0.00554656982421875 -0.246917724609375 -0.481536865234375
-0.0128364562988281 0.0196475982666016 -0.340545654296875 -0.312225341796875
-0.0170345306396484 0.000678062438964846 -0.266220092773437 -0.10235595703125
-0.000501632690429688 -0.0113649368286133 -0.0376968383789063 0.0100898742675781
-0.000145912170410157 0.0141563415527344 0.0661468505859375 0.081146240234375
-0.0231437683105469 0.042633056640625 0.220046997070313 0.19427490234375
-0.0348587036132812 0.0631599426269531 0.18511962890625 0.33953857421875
-0.0337600708007813 0.0641899108886719 0.0304870605468749 0.520233154296875
-0.0238037109375 0.00262832641601562 -0.2203369140625 0.54510498046875
0.0375442504882813 -0.0672874450683594 -0.362152099609375 0.456268310546875
0.0923919677734375 -0.0561065673828125 -0.25347900390625 0.27960205078125
0.131019592285156 -0.0215835571289063 0.0951385498046875 0.115287780761719
0.0847549438476563 -0.0312271118164063 0.36614990234375 -0.18304443359375
0.0570564270019531 -0.0301094055175781 0.352783203125 -0.473052978515625
0.0290737152099609 -0.0216846466064453 0.02691650390625 -0.59808349609375
0.0181121826171875 -0.00848579406738281 -0.245452880859375 -0.490020751953125
-0.0023193359375 0.019561767578125 -0.3428955078125 -0.3245849609375
-0.00361251831054688 0.00801372528076172 -0.2744140625 -0.10986328125
0.0178756713867188 -0.001495361328125 -0.04400634765625 0.0033111572265625
0.0212001800537109 0.0313720703125 0.0695266723632813 0.0781326293945313
-0.00088882446289063 0.0526924133300781 0.234237670898438 0.18853759765625
-0.0189247131347656 0.0615692138671875 0.202056884765625 0.323089599609375
-0.0342750549316406 0.0600700378417969 0.0452880859375 0.504180908203125
-0.0396995544433594 0.00347137451171875 -0.2138671875 0.544708251953125
0.0126914978027344 -0.0620994567871094 -0.362701416015625 0.46710205078125
0.0669975280761719 -0.0488548278808594 -0.264007568359375 0.293304443359375
0.11053466796875 -0.0133819580078125 0.0830612182617188 0.12933349609375
0.0674629211425781 -0.0203323364257813 0.365936279296875 -0.162841796875
0.0399665832519531 -0.0221939086914063 0.364501953125 -0.459869384765625
0.0133285522460938 -0.0167455673217773 0.04241943359375 -0.594970703125
0.0120954513549805 -0.00868511199951172 -0.236968994140625 -0.5
0.00596809387207031 0.0190601348876953 -0.338043212890625 -0.33477783203125
0.0130805969238281 0.0127019882202148 -0.276947021484375 -0.11474609375
0.0395965576171875 0.0122032165527344 -0.0453872680664063 0.00292205810546876
0.0434150695800781 0.0519065856933594 0.0780105590820313 0.081207275390625
0.0241584777832031 0.0638885498046875 0.24676513671875 0.186325073242188
0.00149917602539063 0.0587348937988281 0.217376708984375 0.313629150390625
-0.0298233032226563 0.0525703430175781 0.065582275390625 0.49609375
-0.0548629760742188 0.000293731689453136 -0.197418212890625 0.54718017578125
-0.014404296875 -0.0586051940917969 -0.352325439453125 0.479949951171875
0.0386695861816406 -0.0385627746582031 -0.26580810546875 0.303680419921875
0.0868911743164063 -0.00109100341796875 0.077392578125 0.137977600097656
0.0481452941894531 -0.0047454833984375 0.370819091796875 -0.14837646484375
0.0216026306152344 -0.0116672515869141 0.381683349609375 -0.450927734375
-0.00464248657226563 -0.00955867767333984 0.06402587890625 -0.5966796875
0.00309610366821289 -0.00774717330932617 -0.222900390625 -0.506500244140625
0.0105829238891602 0.0166568756103516 -0.328521728515625 -0.344635009765625
0.0289344787597656 0.0159072875976563 -0.27362060546875 -0.11712646484375
0.062286376953125 0.0267868041992188 -0.0420303344726563 0.0067596435546875
0.0633468627929688 0.0664596557617188 0.0905075073242188 0.087066650390625
0.0455398559570313 0.0706024169921875 0.254043579101563 0.1844482421875
0.0191268920898437 0.0521621704101563 0.22747802734375 0.313140869140625
-0.0275917053222656 0.0415191650390625 0.085845947265625 0.496002197265625
-0.070770263671875 -0.00299072265624999 -0.174530029296875 0.552734375
-0.0392799377441406 -0.0517120361328125 -0.330841064453125 0.48748779296875
0.0119724273681641 -0.0252628326416016 -0.255706787109375 0.306121826171875
0.0632591247558594 0.013671875 0.0804901123046875 0.138587951660156
0.0308036804199219 0.010894775390625 0.379791259765625 -0.1417236328125
0.0037226676940918 -0.00120186805725098 0.399871826171875 -0.44769287109375
-0.0222148895263672 -0.00258255004882812 0.08331298828125 -0.59515380859375
-0.00647783279418945 -0.00731182098388672 -0.205657958984375 -0.511444091796875
0.0146455764770508 0.0129203796386719 -0.316253662109375 -0.348052978515625
0.042572021484375 0.0171775817871094 -0.264328002929688 -0.115570068359375
0.081634521484375 0.0413131713867188 -0.0329208374023437 0.0143146514892578
0.0777969360351563 0.0746994018554688 0.105247497558594 0.0948410034179688
0.0589599609375 0.0693168640136719 0.258407592773438 0.188812255859375
0.0262527465820313 0.0441360473632813 0.23394775390625 0.319122314453125
-0.0301074981689453 0.0332202911376953 0.10546875 0.50372314453125
-0.0839996337890625 -0.00321197509765625 -0.148345947265625 0.5595703125
-0.0578689575195313 -0.0441322326660156 -0.30450439453125 0.489288330078125
-0.0077505111694336 -0.0123891830444336 -0.24053955078125 0.301910400390625
0.0455970764160156 0.0277023315429688 0.0920562744140625 0.132843017578125
0.01422119140625 0.0242977142333984 0.393035888671875 -0.145294189453125
-0.0121850967407227 0.00720119476318359 0.419036865234375 -0.449127197265625
-0.0373916625976563 0.00110244750976563 0.104248046875 -0.59661865234375
-0.0136604309082031 -0.0106897354125977 -0.188690185546875 -0.515106201171875
0.0182094573974609 0.00666427612304688 -0.302886962890625 -0.346405029296875
0.0556182861328125 0.0181121826171875 -0.251510620117188 -0.111007690429688
0.0943679809570312 0.0548477172851562 -0.0211219787597656 0.0263252258300781
0.0840835571289063 0.0746612548828125 0.120582580566406 0.10333251953125
0.0616302490234375 0.0632591247558594 0.26226806640625 0.195343017578125
0.02325439453125 0.0357475280761719 0.2408447265625 0.3338623046875
-0.0365104675292969 0.0285606384277344 0.124603271484375 0.513519287109375
-0.0924453735351563 -0.000534057617187493 -0.124053955078125 0.562103271484375
-0.0668716430664063 -0.0361137390136719 -0.2784423828125 0.485809326171875
-0.0163402557373047 -0.0015716552734375 -0.219451904296875 0.290985107421875
0.0358390808105469 0.0380134582519531 0.109283447265625 0.119857788085938
0.00532722473144532 0.0343017578125 0.41009521484375 -0.154693603515625
-0.0228366851806641 0.0125102996826172 0.435577392578125 -0.454620361328125
-0.0484275817871094 -0.000644683837890624 0.12017822265625 -0.599365234375
-0.0191993713378906 -0.0163459777832031 -0.172454833984375 -0.5140380859375
0.02252197265625 0.000123977661132813 -0.28863525390625 -0.33819580078125
0.0648040771484375 0.0186424255371094 -0.236526489257812 -0.100845336914063
0.099212646484375 0.0647659301757813 -0.00791168212890624 0.0420303344726563
-0.0331859588623047 -0.00835227966308594 0.0796279907226562 0.0944976806640625
-0.0494384765625 0.0341682434082031 0.209716796875 0.219085693359375
-0.0424766540527344 0.0609779357910156 0.17303466796875 0.377227783203125
-0.02264404296875 0.05902099609375 0.030364990234375 0.55291748046875
-0.00022125244140625 -0.00966739654541016 -0.207733154296875 0.544342041015625
0.0642242431640625 -0.0769424438476563 -0.342803955078125 0.42755126953125
0.120826721191406 -0.060943603515625 -0.218719482421875 0.245407104492187
0.154556274414062 -0.02197265625 0.135124206542969 0.0807952880859375
0.107093811035156 -0.035430908203125 0.392578125 -0.228271484375
0.0812149047851563 -0.0290603637695313 0.36309814453125 -0.502777099609375
0.0472564697265625 -0.017181396484375 0.029541015625 -0.61090087890625
0.0155172348022461 -0.000973701477050781 -0.241790771484375 -0.480743408203125
-0.0246295928955078 0.0163860321044922 -0.337310791015625 -0.303314208984375
-0.0273952484130859 -0.007171630859375 -0.25836181640625 -0.093353271484375
-0.012451171875 -0.0186290740966797 -0.0301132202148437 0.0236053466796875
-0.0197277069091797 4.19616699218775E-05 0.0686721801757812 0.0869293212890625
-0.0402145385742188 0.0363273620605469 0.21221923828125 0.209671020507813
-0.0437889099121094 0.0629806518554688 0.1754150390625 0.365936279296875
-0.0303993225097656 0.0645790100097656 0.024810791015625 0.5458984375
-0.00997161865234375 -0.00160884857177734 -0.22589111328125 0.5509033203125
0.0565948486328125 -0.0725479125976563 -0.361053466796875 0.446624755859375
0.112220764160156 -0.0609817504882812 -0.242721557617187 0.26470947265625
0.14794921875 -0.025726318359375 0.114151000976563 0.099151611328125
0.0998001098632813 -0.036163330078125 0.37890625 -0.205902099609375
0.0732345581054688 -0.0322036743164063 0.35699462890625 -0.493560791015625
0.0412940979003906 -0.0225257873535156 0.0252075195312501 -0.60931396484375
0.01959228515625 -0.00634956359863281 -0.248016357421875 -0.490509033203125
-0.0128879547119141 0.0191688537597656 -0.340728759765625 -0.317901611328125
-0.0175561904907227 0.00103855133056641 -0.269393920898438 -0.104385375976562
-0.000471115112304686 -0.0123701095581055 -0.0388832092285156 0.0107955932617188
-0.000440597534179689 0.0135946273803711 0.0662689208984375 0.08111572265625
-0.02392578125 0.0422935485839844 0.223342895507813 0.199615478515625
-0.0364570617675781 0.0638885498046875 0.186492919921875 0.34637451171875
-0.0351905822753906 0.0652351379394531 0.029388427734375 0.5289306640625
-0.0239181518554688 0.00405120849609375 -0.228485107421875 0.55059814453125
0.0386466979980469 -0.0678749084472656 -0.37335205078125 0.458770751953125
0.0944671630859375 -0.0557937622070313 -0.260772705078125 0.281524658203125
0.134132385253906 -0.0212936401367188 0.095916748046875 0.117301940917969
0.0864028930664063 -0.0300216674804688 0.3726806640625 -0.181854248046875
0.0590858459472656 -0.0293006896972656 0.361480712890625 -0.477813720703125
0.0297088623046875 -0.0213108062744141 0.03253173828125 -0.60791015625
0.0182056427001953 -0.00956535339355469 -0.246429443359375 -0.5
-0.00213050842285156 0.0206394195556641 -0.344390869140625 -0.3314208984375
-0.0030364990234375 0.00777006149291992 -0.278167724609375 -0.113250732421875
0.0185470581054688 -0.000509262084960938 -0.0448493957519531 0.00424957275390625
0.0214214324951172 0.0311698913574219 0.069610595703125 0.0787200927734375
-0.000774383544921877 0.0537605285644531 0.236053466796875 0.193527221679688
-0.0190849304199219 0.0622406005859375 0.203826904296875 0.33123779296875
-0.0346412658691406 0.0615730285644531 0.043182373046875 0.51336669921875
-0.0397262573242188 0.00332260131835937 -0.22137451171875 0.55029296875
0.0133628845214844 -0.0633697509765625 -0.372711181640625 0.47235107421875
0.0685997009277344 -0.0485496520996094 -0.270751953125 0.29522705078125
0.112197875976563 -0.012176513671875 0.0837936401367187 0.131782531738281
0.0691947937011719 -0.0183296203613281 0.372467041015625 -0.1619873046875
0.0411758422851563 -0.0217132568359375 0.373504638671875 -0.465240478515625
0.0138301849365234 -0.0173492431640625 0.0474853515625 -0.6051025390625
0.0121278762817383 -0.00941753387451172 -0.236846923828125 -0.507965087890625
0.00621414184570313 0.0188312530517578 -0.339385986328125 -0.3414306640625
0.0124492645263672 0.0127725601196289 -0.280029296875 -0.118545532226563
0.0394744873046875 0.0132179260253906 -0.0456047058105469 0.00273895263671874
0.0440483093261719 0.0522079467773438 0.07904052734375 0.0817413330078125
0.0241355895996094 0.0648841857910156 0.249542236328125 0.19073486328125
0.00117874145507813 0.0594329833984375 0.220306396484375 0.3203125
-0.0302467346191406 0.05267333984375 0.06390380859375 0.50469970703125
-0.0559005737304688 0.00046920776367188 -0.2049560546875 0.554229736328125
-0.0141563415527344 -0.0588798522949219 -0.36199951171875 0.4830322265625
0.0391120910644531 -0.0379600524902344 -0.271881103515625 0.305694580078125
0.0887680053710938 -0.00038909912109375 0.0776519775390625 0.139968872070313
0.0501937866210938 -0.0035400390625 0.377838134765625 -0.147186279296875
0.0216255187988281 -0.0109062194824219 0.391143798828125 -0.45556640625
-0.00420284271240235 -0.00961589813232422 0.068603515625 -0.6043701171875
0.00384378433227539 -0.00809955596923828 -0.22296142578125 -0.516387939453125
0.0111160278320313 0.0166158676147461 -0.330810546875 -0.3515625
0.0288677215576172 0.0164108276367188 -0.277572631835938 -0.119781494140625
0.0628776550292969 0.0274581909179688 -0.0421905517578125 0.00689697265625001
0.0632286071777344 0.0681838989257813 0.0911941528320312 0.08758544921875
0.0463104248046875 0.0717391967773438 0.257156372070312 0.189773559570313
0.0185470581054687 0.0543441772460938 0.229522705078125 0.317657470703125
-0.0280532836914063 0.0424575805664062 0.085052490234375 0.502716064453125
-0.07183837890625 -0.0023040771484375 -0.1820068359375 0.55908203125
-0.0401573181152344 -0.0528144836425781 -0.340545654296875 0.492156982421875
0.0116691589355469 -0.0260696411132813 -0.262420654296875 0.3094482421875
0.0651016235351562 0.0143356323242187 0.0818023681640625 0.140457153320313
0.0320644378662109 0.0121135711669922 0.3870849609375 -0.1407470703125
0.00325751304626465 -0.000326871871948242 0.409210205078125 -0.451202392578125
-0.0224990844726562 -0.00265884399414062 0.09014892578125 -0.6048583984375
-0.00671291351318359 -0.00785493850708008 -0.206146240234375 -0.52099609375
0.0153312683105469 0.0130090713500977 -0.317901611328125 -0.35479736328125
0.0428237915039063 0.0183753967285156 -0.2677001953125 -0.11865234375
0.0820693969726563 0.0433273315429688 -0.0335502624511719 0.0152912139892578
0.07843017578125 0.0761642456054687 0.105903625488281 0.0968780517578125
0.0609588623046875 0.070770263671875 0.260940551757813 0.193359375
0.0267448425292969 0.0449371337890625 0.23614501953125 0.32696533203125
-0.0307693481445313 0.0332813262939453 0.104278564453125 0.511688232421875
-0.0853118896484375 -0.00327301025390624 -0.15557861328125 0.56591796875
-0.0585670471191406 -0.0442695617675781 -0.31390380859375 0.49383544921875
-0.00786781311035156 -0.0121898651123047 -0.24578857421875 0.305816650390625
0.0471649169921875 0.0279045104980469 0.0935821533203125 0.135055541992188
0.0156135559082031 0.0252456665039062 0.40008544921875 -0.143035888671875
-0.0127878189086914 0.00768756866455078 0.42681884765625 -0.4532470703125
-0.0376739501953125 0.000999450683593752 0.10833740234375 -0.6055908203125
-0.0142402648925781 -0.0110301971435547 -0.187530517578125 -0.525054931640625
0.0191326141357422 0.00693893432617188 -0.303802490234375 -0.353271484375
0.0567703247070312 0.0196266174316406 -0.254058837890625 -0.11376953125
0.0954513549804688 0.0551681518554687 -0.0210189819335937 0.0269126892089844
0.0847702026367188 0.0758132934570313 0.121177673339844 0.104736328125
0.0624732971191406 0.0639839172363281 0.265228271484375 0.200942993164062
0.0233116149902344 0.037994384765625 0.244384765625 0.3419189453125
-0.0372276306152344 0.0287513732910156 0.122467041015625 0.5220947265625
-0.0941314697265625 -0.000801086425781236 -0.130615234375 0.5704345703125
-0.0673446655273438 -0.0353851318359375 -0.2857666015625 0.489990234375
-0.0166969299316406 -0.001800537109375 -0.224273681640625 0.293609619140625
0.0365104675292969 0.03948974609375 0.110481262207031 0.120864868164062
0.004730224609375 0.0354461669921875 0.41693115234375 -0.15362548828125
-0.0231513977050781 0.0124225616455078 0.445343017578125 -0.45819091796875
-0.0483589172363281 -0.000289916992187493 0.12664794921875 -0.60821533203125
-0.018096923828125 -0.0176753997802734 -0.17071533203125 -0.522857666015625
0.0235195159912109 0.00029754638671875 -0.290771484375 -0.34649658203125
0.0660476684570313 0.0200691223144531 -0.239089965820313 -0.104324340820312
0.0999832153320313 0.0668716430664063 -0.00796890258789062 0.0429000854492188
-0.0334625244140625 -0.00984764099121093 0.0798416137695313 0.0948333740234375
-0.0512542724609375 0.0337715148925781 0.212326049804688 0.2252197265625
-0.0438346862792969 0.0622215270996094 0.174530029296875 0.38653564453125
-0.0231781005859375 0.0598602294921875 0.02789306640625 0.56298828125
-0.000459671020507813 -0.00839948654174805 -0.217193603515625 0.55084228515625
0.0659332275390625 -0.076324462890625 -0.352935791015625 0.4339599609375
0.122482299804688 -0.0608673095703125 -0.224456787109375 0.24835205078125
0.157730102539063 -0.0216217041015625 0.138092041015625 0.0821151733398438
0.108802795410156 -0.0345230102539063 0.400909423828125 -0.227691650390625
0.0835800170898438 -0.0287322998046875 0.372528076171875 -0.51153564453125
0.0481338500976563 -0.0168609619140625 0.03338623046875 -0.62109375
0.0152730941772461 -0.00208568572998047 -0.243621826171875 -0.489776611328125
-0.0251407623291016 0.0167045593261719 -0.34063720703125 -0.308502197265625
-0.0277938842773438 -0.00804138183593749 -0.262527465820313 -0.0961151123046875
-0.0128936767578125 -0.0197429656982422 -0.0308322906494141 0.0242633819580078
-0.0193042755126953 -0.00146293640136719 0.0690231323242188 0.0875167846679688
-0.0420455932617188 0.0365791320800781 0.215103149414063 0.214767456054688
-0.0447998046875 0.0644607543945313 0.177825927734375 0.373809814453125
-0.0314407348632812 0.0661392211914063 0.023040771484375 0.55621337890625
-0.00933456420898438 -0.00130462646484375 -0.234130859375 0.559356689453125
0.0579605102539063 -0.0723495483398438 -0.3724365234375 0.453033447265625
0.113601684570313 -0.0601654052734375 -0.247955322265625 0.267654418945312
0.150802612304688 -0.02471923828125 0.117103576660156 0.101272583007813
0.102241516113281 -0.0353622436523437 0.388702392578125 -0.206878662109375
0.0746841430664063 -0.031524658203125 0.36639404296875 -0.500457763671875
0.0425186157226563 -0.0214271545410156 0.029296875 -0.62060546875
0.0196304321289062 -0.00601577758789062 -0.24969482421875 -0.501678466796875
-0.0130195617675781 0.0198230743408203 -0.347015380859375 -0.32586669921875
-0.0180931091308594 0.00119209289550781 -0.274322509765625 -0.107894897460937
-0.000736236572265626 -0.012700080871582 -0.0400276184082031 0.010833740234375
-0.000946998596191405 0.0122270584106445 0.066314697265625 0.08056640625
-0.0248603820800781 0.0423126220703125 0.225479125976562 0.204483032226562
-0.0368995666503906 0.0648689270019531 0.187652587890625 0.35455322265625
-0.0357627868652344 0.0669479370117188 0.028045654296875 0.5391845703125
-0.0240135192871094 0.00320053100585938 -0.236297607421875 0.5584716796875
0.0394210815429688 -0.0663719177246094 -0.3843994140625 0.46612548828125
0.0963668823242188 -0.0561294555664063 -0.266082763671875 0.2847900390625
0.136695861816406 -0.0208892822265625 0.0985565185546875 0.119041442871094
0.0886306762695313 -0.0295181274414063 0.3819580078125 -0.1826171875
0.0603256225585938 -0.0291938781738281 0.3719482421875 -0.485870361328125
0.0306186676025391 -0.0212268829345703 0.0354003906250001 -0.61737060546875
0.0183696746826172 -0.00901412963867188 -0.247894287109375 -0.50921630859375
-0.00202560424804688 0.0203838348388672 -0.34771728515625 -0.339019775390625
-0.00370597839355469 0.00770902633666992 -0.281982421875 -0.1163330078125
0.0183277130126953 -0.0008544921875 -0.0455856323242187 0.00400161743164063
0.0213088989257813 0.0321521759033203 0.07110595703125 0.0784988403320313
-0.00171661376953125 0.0542945861816406 0.240036010742188 0.198394775390625
-0.0201950073242188 0.0639724731445313 0.206207275390625 0.338226318359375
-0.0352401733398437 0.0629806518554688 0.041656494140625 0.521942138671875
-0.0402717590332031 0.00430297851562501 -0.2286376953125 0.559417724609375
0.013916015625 -0.0637779235839844 -0.383056640625 0.479583740234375
0.0701751708984375 -0.0486488342285156 -0.277557373046875 0.299072265625
0.115547180175781 -0.0122833251953125 0.08563232421875 0.134033203125
0.071136474609375 -0.0186996459960937 0.381500244140625 -0.161895751953125
0.0416450500488281 -0.0216293334960938 0.38250732421875 -0.471343994140625
0.0141592025756836 -0.0165061950683594 0.05084228515625 -0.61541748046875
0.0120658874511719 -0.00938510894775391 -0.238067626953125 -0.519622802734375
0.00593376159667969 0.0203304290771484 -0.34368896484375 -0.34967041015625
0.0122013092041016 0.0133743286132813 -0.2855224609375 -0.121795654296875
0.0402984619140625 0.01324462890625 -0.046722412109375 0.00337600708007813
0.0441207885742188 0.0530281066894531 0.08013916015625 0.0821533203125
0.0245323181152344 0.0663833618164063 0.253326416015625 0.195281982421875
0.00140380859374999 0.0612564086914063 0.222442626953125 0.32843017578125
-0.0309906005859375 0.0540657043457031 0.06341552734375 0.514190673828125
-0.0573692321777344 0.00048828125 -0.211669921875 0.5625
-0.0141868591308594 -0.0590629577636719 -0.37335205078125 0.491058349609375
0.040557861328125 -0.0388450622558594 -0.279449462890625 0.3099365234375
0.09027099609375 0.0009307861328125 0.079345703125 0.141754150390625
0.0515213012695313 -0.00344085693359375 0.386322021484375 -0.1474609375
0.0231800079345703 -0.0108222961425781 0.400970458984375 -0.46051025390625
-0.00476551055908203 -0.0096893310546875 0.0733642578125 -0.61578369140625
0.00384950637817383 -0.00841522216796875 -0.225006103515625 -0.527008056640625
0.0119256973266602 0.0175561904907227 -0.334259033203125 -0.359161376953125
0.0290927886962891 0.0171051025390625 -0.2813720703125 -0.123748779296875
0.0636062622070313 0.0284767150878906 -0.0432968139648437 0.00684356689453125
0.0648536682128906 0.068450927734375 0.0931167602539062 0.0881576538085938
0.0466537475585938 0.0737152099609375 0.2611083984375 0.194793701171875
0.0193405151367187 0.0553855895996094 0.2333984375 0.326904296875
-0.0277481079101563 0.0436515808105469 0.083740234375 0.512969970703125
-0.0722122192382813 -0.00265502929687499 -0.18792724609375 0.56878662109375
-0.0403022766113281 -0.0532646179199219 -0.349822998046875 0.4981689453125
0.0121574401855469 -0.025848388671875 -0.270355224609375 0.312286376953125
0.0659637451171875 0.0149269104003906 0.082122802734375 0.143157958984375
0.0320453643798828 0.0121116638183594 0.396331787109375 -0.1400146484375
0.00408053398132324 -0.000225543975830078 0.4195556640625 -0.45855712890625
-0.0230522155761719 -0.00263023376464843 0.0946655273437499 -0.6156005859375
-0.00577974319458008 -0.00837039947509766 -0.206756591796875 -0.5323486328125
0.0153293609619141 0.01324462890625 -0.3209228515625 -0.362152099609375
0.0442733764648438 0.0189361572265625 -0.272018432617188 -0.122528076171875
0.0832672119140625 0.0436172485351563 -0.0346431732177734 0.0156764984130859
0.0792465209960938 0.0765228271484375 0.107826232910156 0.096282958984375
0.0609817504882813 0.0727920532226563 0.267059326171875 0.198638916015625
0.0274581909179688 0.046234130859375 0.2406005859375 0.33575439453125
-0.0305137634277344 0.0348911285400391 0.103790283203125 0.521240234375
-0.08673095703125 -0.00372314453124998 -0.1619873046875 0.576416015625
-0.0591812133789062 -0.0455551147460938 -0.323486328125 0.500732421875
-0.007781982421875 -0.0123071670532227 -0.2523193359375 0.308837890625
0.0483970642089844 0.0289192199707031 0.0950241088867188 0.137092590332031
0.0163440704345703 0.0262775421142578 0.410125732421875 -0.143890380859375
-0.0124378204345703 0.0082855224609375 0.437896728515625 -0.458160400390625
-0.0383071899414063 0.0009307861328125 0.1138916015625 -0.617431640625
-0.0141324996948242 -0.0115489959716797 -0.187164306640625 -0.53564453125
0.0196609497070313 0.00733757019042969 -0.306488037109375 -0.360870361328125
0.0569038391113281 0.0197410583496094 -0.257781982421875 -0.11761474609375
0.0968093872070313 0.0579452514648438 -0.021942138671875 0.0275096893310547
0.0850601196289063 0.0768203735351563 0.123451232910156 0.105728149414063
0.0629119873046875 0.0664215087890625 0.2686767578125 0.205581665039063
0.0245704650878906 0.0380363464355469 0.247222900390625 0.348876953125
-0.0374679565429688 0.0298576354980469 0.12347412109375 0.534332275390625
-0.0957107543945312 -0.0013275146484375 -0.13519287109375 0.58013916015625
-0.0676307678222656 -0.0368919372558594 -0.295257568359375 0.49755859375
-0.0165691375732422 -0.00162887573242188 -0.2303466796875 0.297760009765625
0.0374641418457031 0.0401039123535156 0.112754821777344 0.124244689941406
0.00529861450195312 0.0365219116210938 0.427001953125 -0.152496337890625
-0.0227794647216797 0.0129203796386719 0.456512451171875 -0.464752197265625
-0.04888916015625 -0.00112915039062499 0.13330078125 -0.618896484375
-0.0185890197753906 -0.0181827545166016 -0.17108154296875 -0.533935546875
0.0244235992431641 -0.000133514404296875 -0.29278564453125 -0.353515625
0.0672149658203125 0.0212059020996094 -0.242660522460938 -0.1077880859375
0.101287841796875 0.0678558349609375 -0.00913619995117187 0.0437355041503906
-0.0343990325927734 -0.0107307434082031 0.0807418823242188 0.0950469970703125
-0.0513267517089844 0.0341377258300781 0.215499877929688 0.23028564453125
-0.04449462890625 0.0635337829589844 0.178955078125 0.395233154296875
-0.0238494873046875 0.0618820190429688 0.02685546875 0.575439453125
0.000273704528808593 -0.0079035758972168 -0.2301025390625 0.56280517578125
0.0667572021484375 -0.0777130126953125 -0.362518310546875 0.44244384765625
0.125068664550781 -0.0615692138671875 -0.229248046875 0.2520751953125
0.16180419921875 -0.0214691162109375 0.141143798828125 0.0837554931640625
0.111854553222656 -0.0338668823242188 0.4102783203125 -0.2313232421875
0.08575439453125 -0.028717041015625 0.3814697265625 -0.520294189453125
0.0496368408203125 -0.0168113708496094 0.03631591796875 -0.63592529296875
0.0152645111083984 -0.0016326904296875 -0.247283935546875 -0.501800537109375
-0.0254573822021484 0.0172309875488281 -0.3460693359375 -0.3172607421875
-0.0294151306152344 -0.00854873657226562 -0.267776489257812 -0.098876953125
-0.0133209228515625 -0.0199375152587891 -0.0318393707275391 0.0250873565673828
-0.0207366943359375 -0.00267982482910156 0.0702896118164063 0.0882644653320313
-0.0426712036132813 0.0371551513671875 0.21917724609375 0.220321655273438
-0.0457038879394531 0.0656089782714844 0.18133544921875 0.38330078125
-0.0318794250488281 0.0680122375488281 0.02239990234375 0.56817626953125
-0.00999355316162109 -0.000839233398437501 -0.2406005859375 0.57025146484375
0.058502197265625 -0.0727996826171875 -0.38262939453125 0.462005615234375
0.116729736328125 -0.0606460571289063 -0.25457763671875 0.27166748046875
0.155258178710938 -0.0248565673828125 0.119071960449219 0.1031494140625
0.104713439941406 -0.0348129272460938 0.397369384765625 -0.21026611328125
0.0764846801757813 -0.0314788818359375 0.37548828125 -0.509918212890625
0.0439987182617188 -0.0212974548339844 0.03094482421875 -0.63543701171875
0.0199432373046875 -0.00706863403320312 -0.25494384765625 -0.511749267578125
-0.0131130218505859 0.0202465057373047 -0.3524169921875 -0.3319091796875
-0.0183334350585938 0.000228881835937502 -0.278976440429688 -0.110855102539062
-0.00151538848876953 -0.0129423141479492 -0.0405464172363281 0.01092529296875
-0.000814437866210939 0.0122947692871094 0.0679550170898438 0.0814590454101563
-0.0254936218261719 0.0433349609375 0.229629516601563 0.210159301757813
-0.0379219055175781 0.06573486328125 0.19183349609375 0.363037109375
-0.03668212890625 0.0680122375488281 0.02691650390625 0.5498046875
-0.0248069763183594 0.00455474853515625 -0.24249267578125 0.570068359375
0.0395584106445313 -0.0676307678222656 -0.392364501953125 0.476593017578125
0.0983657836914063 -0.0565719604492188 -0.2724609375 0.28961181640625
0.139656066894531 -0.0201797485351563 0.100906372070313 0.120864868164062
0.0913314819335938 -0.0294952392578125 0.390380859375 -0.1856689453125
0.0610542297363281 -0.0295257568359375 0.380828857421875 -0.495269775390625
0.0316734313964844 -0.0216312408447266 0.03778076171875 -0.63238525390625
0.0188331604003906 -0.00924110412597656 -0.251922607421875 -0.52227783203125
-0.00214576721191406 0.0206813812255859 -0.354339599609375 -0.346923828125
-0.00433778762817383 0.00747442245483398 -0.287078857421875 -0.119903564453125
0.0179176330566406 -0.000885009765625 -0.047760009765625 0.00387954711914063
0.0213489532470703 0.031341552734375 0.0718002319335938 0.0796356201171875
-0.00299453735351562 0.05474853515625 0.244705200195313 0.203720092773438
-0.0206336975097656 0.0655441284179688 0.21075439453125 0.345611572265625
-0.0362052917480469 0.0645294189453125 0.04278564453125 0.533294677734375
-0.0417098999023438 0.00440216064453125 -0.2354736328125 0.5692138671875
0.0137901306152344 -0.0637130737304688 -0.392913818359375 0.488006591796875
0.0715484619140625 -0.049713134765625 -0.28424072265625 0.304840087890625
0.118118286132813 -0.0122756958007813 0.0872421264648438 0.136054992675781
0.0728759765625 -0.0183944702148438 0.38897705078125 -0.164093017578125
0.0440559387207031 -0.0209121704101562 0.393157958984375 -0.48065185546875
0.0148115158081055 -0.0169410705566406 0.0540771484375 -0.62847900390625
0.0123367309570312 -0.00930976867675781 -0.242767333984375 -0.53076171875
0.00666618347167969 0.0201702117919922 -0.348541259765625 -0.358123779296875
0.0122509002685547 0.0138444900512695 -0.290374755859375 -0.125091552734375
0.0410079956054688 0.0135345458984375 -0.0482177734375 0.00230407714843751
0.0448112487792969 0.053497314453125 0.0819091796875 0.0819473266601563
0.0240402221679688 0.0674591064453125 0.2581787109375 0.200942993164063
0.00157546997070312 0.0625381469726563 0.22760009765625 0.336669921875
-0.0309181213378906 0.055328369140625 0.064788818359375 0.52520751953125
-0.0576324462890625 0.000896453857421882 -0.218017578125 0.5736083984375
-0.0143775939941406 -0.060577392578125 -0.38232421875 0.50018310546875
0.0405693054199219 -0.0390090942382813 -0.286285400390625 0.31396484375
0.0926284790039063 0.001434326171875 0.0809173583984375 0.14501953125
0.053009033203125 -0.00244903564453125 0.395111083984375 -0.148956298828125
0.0241947174072266 -0.0107040405273437 0.41046142578125 -0.4708251953125
-0.00374221801757813 -0.0099334716796875 0.07574462890625 -0.62921142578125
0.00371408462524414 -0.00871658325195313 -0.22711181640625 -0.538970947265625
0.012451171875 0.0178070068359375 -0.339935302734375 -0.367645263671875
0.0285911560058594 0.0179252624511719 -0.286865234375 -0.127288818359375
0.064300537109375 0.0294990539550781 -0.0440254211425781 0.00719833374023437
0.0654144287109375 0.0699462890625 0.0950393676757813 0.0889739990234375
0.0474166870117187 0.074859619140625 0.266128540039063 0.200286865234375
0.0199546813964844 0.0573577880859375 0.23846435546875 0.333282470703125
-0.0280838012695313 0.0450706481933594 0.085784912109375 0.524383544921875
-0.0731887817382813 -0.00270843505859375 -0.1934814453125 0.5794677734375
-0.0410995483398437 -0.054168701171875 -0.360687255859375 0.508148193359375
0.0137348175048828 -0.0265140533447266 -0.27557373046875 0.31689453125
0.0687980651855469 0.0155220031738281 0.0842132568359375 0.145553588867188
0.0336265563964844 0.0130424499511719 0.40478515625 -0.1424560546875
0.00461959838867188 0.000352382659912109 0.428375244140625 -0.46533203125
-0.023284912109375 -0.00294876098632812 0.09918212890625 -0.62872314453125
-0.00571393966674805 -0.00860214233398438 -0.209197998046875 -0.543853759765625
0.016204833984375 0.0130014419555664 -0.324798583984375 -0.3709716796875
0.0439033508300781 0.0198593139648438 -0.27691650390625 -0.12554931640625
0.084564208984375 0.044708251953125 -0.0351715087890625 0.0156631469726563
0.0805587768554688 0.077728271484375 0.109718322753906 0.0977630615234375
0.0614776611328125 0.0743408203125 0.272079467773438 0.203689575195312
0.0283317565917969 0.0478477478027344 0.2457275390625 0.341796875
-0.0308399200439453 0.0349979400634766 0.1063232421875 0.531005859375
-0.087066650390625 -0.00291442871093748 -0.16619873046875 0.587158203125
-0.0603446960449219 -0.0468788146972656 -0.33172607421875 0.511444091796875
-0.0078125 -0.0123786926269531 -0.258636474609375 0.313018798828125
0.0499305725097656 0.0290184020996094 0.0972671508789063 0.139633178710938
0.0169162750244141 0.0275001525878906 0.418975830078125 -0.145050048828125
-0.0120077133178711 0.009185791015625 0.44940185546875 -0.46722412109375
-0.038909912109375 0.000656127929687503 0.119384765625 -0.630615234375
-0.0144338607788086 -0.0123758316040039 -0.1917724609375 -0.547943115234375
0.0200405120849609 0.00712776184082031 -0.31219482421875 -0.370025634765625
0.05792236328125 0.0212364196777344 -0.26263427734375 -0.12066650390625
0.0984573364257813 0.0590286254882812 -0.0222988128662109 0.0288028717041016
0.0871353149414063 0.0779647827148438 0.125648498535156 0.107025146484375
0.0639114379882813 0.0679283142089844 0.273635864257813 0.209609985351563
0.0252723693847656 0.0396575927734375 0.253753662109375 0.3572998046875
-0.0372047424316406 0.0304527282714844 0.12579345703125 0.544189453125
-0.0963058471679688 -0.00204467773437502 -0.1407470703125 0.59027099609375
-0.0692710876464844 -0.037872314453125 -0.302001953125 0.5072021484375
-0.0167169570922852 -0.00161933898925781 -0.234954833984375 0.301727294921875
0.0390472412109375 0.0407333374023438 0.115379333496094 0.126075744628906
0.005859375 0.0365524291992188 0.436981201171875 -0.154815673828125
-0.0236454010009766 0.013397216796875 0.466949462890625 -0.471954345703125
-0.0498924255371094 -0.000919342041015621 0.13720703125 -0.63214111328125
-0.0184669494628906 -0.0186939239501953 -0.173492431640625 -0.545745849609375
0.0251293182373047 0.0009307861328125 -0.2965087890625 -0.361785888671875
0.0685501098632813 0.0224113464355469 -0.247451782226563 -0.110595703125
0.103378295898438 0.0702285766601563 -0.00911712646484374 0.0448417663574219
-0.0360450744628906 -0.0121917724609375 0.0813522338867188 0.0955886840820313
-0.0534439086914062 0.0349464416503906 0.220779418945313 0.235595703125
-0.0456771850585938 0.064666748046875 0.183624267578125 0.405029296875
-0.0231437683105469 0.0633659362792969 0.02825927734375 0.59027099609375
7.62939453125021E-06 -0.00810050964355469 -0.2353515625 0.57696533203125
0.0688400268554688 -0.0780563354492188 -0.372650146484375 0.452423095703125
0.127754211425781 -0.063262939453125 -0.23504638671875 0.257232666015625
0.1671142578125 -0.0225677490234375 0.145034790039063 0.0861663818359375
0.1141357421875 -0.03399658203125 0.419952392578125 -0.235687255859375
0.0882339477539063 -0.0280075073242188 0.3916015625 -0.53240966796875
0.0504570007324219 -0.0176239013671875 0.0377197265625 -0.649169921875
0.0160884857177734 -0.00284576416015625 -0.253509521484375 -0.513763427734375
-0.0260066986083984 0.0163478851318359 -0.352508544921875 -0.32354736328125
-0.0295047760009766 -0.00887107849121093 -0.273239135742188 -0.100921630859375
-0.0150775909423828 -0.0208148956298828 -0.0330791473388672 0.0252838134765625
-0.0215396881103516 -0.00367927551269531 0.0709609985351563 0.08819580078125
-0.0438919067382812 0.0373153686523438 0.224319458007813 0.225326538085938
-0.0472984313964844 0.0673828125 0.186370849609375 0.392059326171875
-0.0325851440429687 0.0687942504882813 0.02447509765625 0.580810546875
-0.0103120803833008 0.000626564025878905 -0.24688720703125 0.58367919921875
0.0597381591796875 -0.0734329223632813 -0.391815185546875 0.472625732421875
0.118637084960938 -0.0622482299804688 -0.2611083984375 0.277236938476562
0.159133911132813 -0.0249786376953125 0.122261047363281 0.104995727539063
0.107414245605469 -0.0355377197265625 0.407135009765625 -0.21368408203125
0.0790023803710938 -0.03106689453125 0.385101318359375 -0.52154541015625
0.044342041015625 -0.0225143432617188 0.03228759765625 -0.649169921875
0.0202064514160156 -0.00736236572265625 -0.2611083984375 -0.5238037109375
-0.0133724212646484 0.0202713012695313 -0.359405517578125 -0.3387451171875
-0.0195827484130859 0.000137329101562503 -0.28594970703125 -0.11309814453125
-0.00101375579833984 -0.0139055252075195 -0.04217529296875 0.0117568969726563
-0.00111865997314453 0.0112705230712891 0.0690460205078125 0.0811920166015625
-0.0260887145996094 0.0437431335449219 0.236160278320312 0.214828491210937
-0.0380096435546875 0.0677680969238281 0.198638916015625 0.371124267578125
-0.0371017456054687 0.069580078125 0.0291748046875 0.56298828125
-0.0252895355224609 0.00525283813476562 -0.24896240234375 0.58380126953125
0.0399665832519531 -0.0678329467773438 -0.4034423828125 0.4857177734375
0.100334167480469 -0.0583419799804687 -0.279144287109375 0.295989990234375
0.144027709960938 -0.0213775634765625 0.103378295898438 0.124099731445312
0.093109130859375 -0.0293960571289063 0.39947509765625 -0.1885986328125
0.06317138671875 -0.0290489196777344 0.3892822265625 -0.505706787109375
0.0319061279296875 -0.0223789215087891 0.03997802734375 -0.64862060546875
0.0187950134277344 -0.00986099243164063 -0.258514404296875 -0.53515625
-0.00160598754882812 0.0208187103271484 -0.35986328125 -0.35479736328125
-0.00465631484985352 0.00835704803466797 -0.29388427734375 -0.122589111328125
0.0189037322998047 -0.00163841247558594 -0.047637939453125 0.00436782836914062
0.0215911865234375 0.0317268371582031 0.0729141235351562 0.078948974609375
-0.00222778320312499 0.0552444458007813 0.250152587890625 0.209182739257813
-0.0213432312011719 0.0673179626464844 0.216796875 0.354339599609375
-0.0366363525390625 0.0654449462890625 0.04486083984375 0.545166015625
-0.0423851013183594 0.00526046752929688 -0.24139404296875 0.58343505859375
0.0146064758300781 -0.06451416015625 -0.402374267578125 0.4998779296875
0.0724716186523438 -0.0500259399414063 -0.29058837890625 0.30963134765625
0.121559143066406 -0.012115478515625 0.0900192260742188 0.138351440429688
0.0755233764648438 -0.0172500610351562 0.39862060546875 -0.167938232421875
0.0445594787597656 -0.0205841064453125 0.402008056640625 -0.492431640625
0.0145273208618164 -0.0174989700317383 0.0562744140625 -0.6441650390625
0.0130405426025391 -0.009979248046875 -0.2479248046875 -0.543487548828125
0.0068206787109375 0.02020263671875 -0.35601806640625 -0.365203857421875
0.0126180648803711 0.0137577056884766 -0.297027587890625 -0.12799072265625
0.0413665771484375 0.0138931274414063 -0.0495376586914063 0.00326156616210938
0.045257568359375 0.0525550842285156 0.082855224609375 0.0828933715820313
0.0255088806152344 0.0688972473144531 0.264511108398438 0.205673217773438
0.0019989013671875 0.0649948120117188 0.233978271484375 0.34307861328125
-0.0310211181640625 0.0574111938476562 0.066558837890625 0.536956787109375
-0.0588531494140625 0.00152206420898438 -0.22210693359375 0.58740234375
-0.0148391723632813 -0.0604209899902344 -0.391204833984375 0.511444091796875
0.0417938232421875 -0.0397720336914063 -0.29144287109375 0.321807861328125
0.0957870483398438 0.0008087158203125 0.0831451416015625 0.14691162109375
0.0548210144042969 -0.00286483764648438 0.405029296875 -0.151824951171875
0.0243625640869141 -0.0104465484619141 0.419403076171875 -0.482208251953125
-0.00423240661621094 -0.00981426239013672 0.0775146484375 -0.64434814453125
0.00406646728515625 -0.00926589965820313 -0.232818603515625 -0.552154541015625
0.0135974884033203 0.0177211761474609 -0.34674072265625 -0.374420166015625
0.0294322967529297 0.0179672241210938 -0.29302978515625 -0.1297607421875
0.0656890869140625 0.030029296875 -0.044708251953125 0.00749969482421875
0.06671142578125 0.0708999633789062 0.0972442626953125 0.0896224975585938
0.0486068725585938 0.07684326171875 0.273773193359375 0.204071044921875
0.0210533142089844 0.0583114624023438 0.245513916015625 0.340484619140625
-0.0278282165527344 0.0457572937011719 0.088653564453125 0.535400390625
-0.0751876831054688 -0.00213623046875001 -0.1978759765625 0.5936279296875
-0.0415458679199219 -0.0548973083496094 -0.369049072265625 0.519683837890625
0.0137557983398438 -0.0266666412353516 -0.281829833984375 0.325225830078125
0.0710372924804688 0.014678955078125 0.086578369140625 0.14837646484375
0.0349483489990234 0.0134677886962891 0.41461181640625 -0.1453857421875
0.00543785095214844 0.000702857971191406 0.438720703125 -0.4775390625
-0.0231285095214844 -0.0029296875 0.09979248046875 -0.64288330078125
-0.00582408905029297 -0.0100288391113281 -0.21429443359375 -0.5567626953125
0.0170440673828125 0.0128507614135742 -0.332183837890625 -0.378631591796875
0.0451087951660156 0.0206146240234375 -0.283233642578125 -0.128143310546875
0.0870285034179688 0.04559326171875 -0.0356483459472656 0.0162696838378906
0.0828018188476563 0.0793609619140625 0.112396240234375 0.0975418090820313
0.063323974609375 0.0761489868164063 0.277740478515625 0.208404541015625
0.0288887023925781 0.0496940612792969 0.252716064453125 0.349822998046875
-0.0303573608398438 0.0360183715820313 0.110015869140625 0.54437255859375
-0.0892791748046875 -0.003448486328125 -0.16912841796875 0.6005859375
-0.0616035461425781 -0.0470733642578125 -0.339935302734375 0.523223876953125
-0.00778579711914062 -0.0130348205566406 -0.264801025390625 0.320281982421875
0.051239013671875 0.0293312072753906 0.0995635986328125 0.141616821289063
0.0177383422851563 0.0274314880371094 0.428680419921875 -0.148040771484375
-0.0117511749267578 0.00937652587890625 0.459564208984375 -0.4779052734375
-0.0396080017089844 1.90734863281319E-05 0.12298583984375 -0.64508056640625
-0.0138397216796875 -0.0125980377197266 -0.194732666015625 -0.561126708984375
0.02081298828125 0.00761985778808594 -0.31658935546875 -0.376983642578125
0.0588493347167969 0.02191162109375 -0.26800537109375 -0.123291015625
0.101264953613281 0.0599288940429688 -0.0220355987548828 0.0291576385498047
0.0883026123046875 0.0791244506835938 0.128440856933594 0.108024597167969
0.0649948120117187 0.0693550109863281 0.28167724609375 0.21527099609375
0.026092529296875 0.0406646728515625 0.259429931640625 0.364288330078125
-0.037628173828125 0.0314445495605469 0.129852294921875 0.555328369140625
-0.0984878540039063 -0.001708984375 -0.143310546875 0.6044921875
-0.0704879760742188 -0.0380172729492187 -0.310638427734375 0.518280029296875
-0.0167646408081055 -0.00170135498046875 -0.24114990234375 0.30902099609375
0.0399246215820313 0.0411872863769531 0.118270874023438 0.128585815429688
0.00667953491210938 0.0379295349121094 0.447418212890625 -0.159332275390625
-0.0234928131103516 0.0138530731201172 0.477874755859375 -0.483795166015625
-0.0499801635742188 -0.000320434570312498 0.14080810546875 -0.64691162109375
-0.0183944702148438 -0.0198612213134766 -0.177978515625 -0.55914306640625
0.0263500213623047 0.000398635864257812 -0.30340576171875 -0.369415283203125
0.0690345764160156 0.02264404296875 -0.252334594726562 -0.113357543945313
0.105155944824219 0.0721282958984375 -0.0100860595703125 0.0460968017578125
-0.03717041015625 -0.0127449035644531 0.0832061767578125 0.0960235595703125
-0.0543975830078125 0.0358848571777344 0.226791381835938 0.240859985351562
-0.0469779968261719 0.0664634704589844 0.1907958984375 0.41522216796875
-0.0229301452636719 0.0651397705078125 0.03204345703125 0.60467529296875
-0.000426292419433593 -0.00695514678955078 -0.2396240234375 0.59271240234375
0.0699615478515625 -0.07879638671875 -0.381622314453125 0.46710205078125
0.130760192871094 -0.064361572265625 -0.239944458007813 0.265243530273438
0.171417236328125 -0.0234527587890625 0.150421142578125 0.0867767333984375
0.117027282714844 -0.0349273681640625 0.4288330078125 -0.243804931640625
0.0902252197265625 -0.028533935546875 0.39837646484375 -0.547515869140625
0.0519790649414063 -0.017822265625 0.03582763671875 -0.66656494140625
0.015843391418457 -0.00327873229980469 -0.2625732421875 -0.52484130859375
-0.0272750854492187 0.0173282623291016 -0.3629150390625 -0.329193115234375
-0.0306835174560547 -0.00896644592285156 -0.280960083007813 -0.103195190429688
-0.0147781372070313 -0.0216236114501953 -0.0343017578125 0.0265121459960938
-0.02191162109375 -0.004119873046875 0.0734329223632813 0.0888290405273437
-0.0454292297363281 0.0376358032226563 0.23101806640625 0.231063842773438
-0.0483932495117188 0.0693016052246094 0.193359375 0.4013671875
-0.032440185546875 0.0714035034179688 0.02825927734375 0.595458984375
-0.0101222991943359 0.00140476226806641 -0.25 0.5987548828125
0.0603866577148438 -0.0746536254882813 -0.400054931640625 0.4862060546875
0.122032165527344 -0.0645675659179688 -0.266265869140625 0.2850341796875
0.163238525390625 -0.0267333984375 0.126808166503906 0.106544494628906
0.1099853515625 -0.0359649658203125 0.4156494140625 -0.220611572265625
0.0812911987304687 -0.0318145751953125 0.39288330078125 -0.536773681640625
0.0458717346191406 -0.0224151611328125 0.03057861328125 -0.6654052734375
0.0207653045654297 -0.00773239135742188 -0.269866943359375 -0.536224365234375
-0.0134105682373047 0.0199050903320312 -0.36871337890625 -0.347320556640625
-0.0202465057373047 -0.000228881835937498 -0.293426513671875 -0.1153564453125
-0.00193595886230469 -0.0137538909912109 -0.0424728393554688 0.0115852355957031
-0.00146198272705078 0.0104284286499023 0.0709075927734375 0.0809249877929688
-0.0270004272460937 0.045166015625 0.243057250976563 0.219009399414062
-0.0392417907714844 0.069580078125 0.205352783203125 0.3795166015625
-0.0370864868164063 0.0725631713867187 0.032958984375 0.57666015625
-0.0261421203613281 0.0067291259765625 -0.2535400390625 0.59918212890625
0.0413284301757812 -0.0700149536132813 -0.412689208984375 0.50030517578125
0.102371215820313 -0.05963134765625 -0.285369873046875 0.304443359375
0.148239135742188 -0.0222320556640625 0.107757568359375 0.126007080078125
0.0966949462890625 -0.0298309326171875 0.409637451171875 -0.1937255859375
0.065704345703125 -0.0292701721191406 0.39691162109375 -0.51934814453125
0.0322456359863281 -0.0224533081054688 0.037353515625 -0.664306640625
0.0192527770996094 -0.010986328125 -0.26702880859375 -0.546722412109375
-0.00135993957519531 0.0211658477783203 -0.3707275390625 -0.361846923828125
-0.00489950180053711 0.00824689865112305 -0.3013916015625 -0.12408447265625
0.01824951171875 -0.00128936767578125 -0.0487709045410156 0.00522613525390624
0.0222988128662109 0.0316791534423828 0.0751113891601563 0.079315185546875
-0.00225830078125 0.056304931640625 0.257431030273438 0.213027954101563
-0.0210113525390625 0.069366455078125 0.2255859375 0.363250732421875
-0.0357551574707031 0.0675125122070313 0.048492431640625 0.558624267578125
-0.0426139831542969 0.00623703002929688 -0.24334716796875 0.59942626953125
0.0147171020507812 -0.0656356811523438 -0.411041259765625 0.5126953125
0.0739974975585938 -0.0517807006835938 -0.296630859375 0.3189697265625
0.125076293945313 -0.0140533447265625 0.0930328369140625 0.141189575195312
0.0771255493164063 -0.01763916015625 0.408355712890625 -0.1734619140625
0.0464248657226563 -0.0214920043945313 0.408905029296875 -0.5050048828125
0.0155029296875 -0.0178890228271484 0.0545654296875 -0.6607666015625
0.0129899978637695 -0.0112371444702148 -0.256622314453125 -0.55596923828125
0.00832557678222656 0.0200672149658203 -0.365234375 -0.372161865234375
0.0131568908691406 0.013981819152832 -0.303955078125 -0.13006591796875
0.0419998168945312 0.0137596130371094 -0.0512771606445313 0.00405502319335937
0.0463333129882813 0.0537528991699219 0.0858993530273438 0.0828399658203125
0.0255889892578125 0.0708084106445313 0.272598266601563 0.210433959960938
0.0023193359375 0.0666160583496094 0.242340087890625 0.3516845703125
-0.0305557250976562 0.0585517883300781 0.071746826171875 0.5499267578125
-0.0605201721191406 0.00220489501953125 -0.22607421875 0.60345458984375
-0.0151901245117188 -0.06231689453125 -0.399810791015625 0.52459716796875
0.0424880981445313 -0.0405311584472656 -0.297576904296875 0.3297119140625
0.0982666015625 -0.00043487548828125 0.087615966796875 0.149551391601562
0.0569343566894531 -0.00215530395507813 0.414306640625 -0.157073974609375
0.0254325866699219 -0.0104770660400391 0.428253173828125 -0.495452880859375
-0.00458908081054688 -0.00961112976074219 0.07684326171875 -0.6602783203125
0.00388431549072266 -0.00986862182617188 -0.2413330078125 -0.564453125
0.013153076171875 0.0172595977783203 -0.355621337890625 -0.38275146484375
0.0300979614257813 0.0191402435302734 -0.30059814453125 -0.13153076171875
0.0667953491210938 0.0301895141601563 -0.0459327697753906 0.00783920288085938
0.0682373046875 0.0708236694335938 0.0997161865234375 0.08917236328125
0.0494384765625 0.0787811279296875 0.281341552734375 0.20892333984375
0.0220947265625 0.0596084594726563 0.253631591796875 0.349334716796875
-0.0276260375976562 0.0474014282226563 0.094024658203125 0.54840087890625
-0.076202392578125 -0.00238800048828124 -0.20001220703125 0.608154296875
-0.0424041748046875 -0.0560836791992188 -0.37506103515625 0.53485107421875
0.0131168365478516 -0.0277462005615234 -0.288665771484375 0.332550048828125
0.0726089477539063 0.01434326171875 0.090179443359375 0.150360107421875
0.036468505859375 0.0139083862304687 0.4256591796875 -0.150634765625
0.0053558349609375 0.00124359130859375 0.447998046875 -0.491302490234375
-0.0234642028808594 -0.00334548950195312 0.1007080078125 -0.66033935546875
-0.00577259063720703 -0.0105514526367188 -0.2220458984375 -0.57098388671875
0.0181999206542969 0.0128688812255859 -0.341400146484375 -0.386505126953125
0.0472488403320313 0.0207290649414063 -0.289581298828125 -0.130767822265625
0.0883407592773438 0.0459747314453125 -0.0361328125 0.0171775817871094
0.08428955078125 0.0801620483398437 0.115219116210938 0.0986557006835938
0.0647354125976563 0.0779266357421875 0.2872314453125 0.21240234375
0.0308113098144531 0.0506095886230469 0.2611083984375 0.35711669921875
-0.0304031372070313 0.0373725891113281 0.11566162109375 0.557159423828125
-0.0908966064453125 -0.00232696533203125 -0.1707763671875 0.6165771484375
-0.0626220703125 -0.0477066040039063 -0.346282958984375 0.53863525390625
-0.00716876983642578 -0.013798713684082 -0.27020263671875 0.329132080078125
0.053436279296875 0.0303306579589844 0.103286743164063 0.144088745117188
0.0185909271240234 0.0291042327880859 0.439971923828125 -0.15289306640625
-0.0108165740966797 0.00992965698242187 0.46856689453125 -0.49249267578125
-0.04071044921875 0.000118255615234384 0.12274169921875 -0.66192626953125
-0.0148401260375977 -0.0134048461914062 -0.20172119140625 -0.5748291015625
0.0216503143310547 0.007415771484375 -0.326629638671875 -0.38433837890625
0.0598945617675781 0.0224609375 -0.275161743164063 -0.1251220703125
0.103065490722656 0.0611724853515625 -0.022796630859375 0.0296115875244141
0.0904464721679688 0.080169677734375 0.131889343261719 0.108238220214844
0.0668411254882813 0.0709381103515625 0.290313720703125 0.21820068359375
0.0272293090820313 0.0420875549316406 0.268310546875 0.3717041015625
-0.0375442504882813 0.0318489074707031 0.13543701171875 0.5687255859375
-0.0997467041015625 -0.000404357910156237 -0.14361572265625 0.62066650390625
-0.072723388671875 -0.0381546020507813 -0.314453125 0.533172607421875
-0.0172290802001953 -0.00181865692138672 -0.244140625 0.31597900390625
0.0415916442871094 0.0411262512207031 0.1229248046875 0.130172729492188
0.00699234008789062 0.0400352478027344 0.458984375 -0.1641845703125
-0.0234031677246094 0.0144367218017578 0.48895263671875 -0.49688720703125
-0.0512161254882813 -0.000308990478515627 0.14239501953125 -0.66375732421875
-0.0183830261230469 -0.0206890106201172 -0.184326171875 -0.5731201171875
0.0275173187255859 -3.4332275390625E-05 -0.31103515625 -0.376556396484375
0.0711517333984375 0.0236740112304688 -0.258468627929688 -0.114608764648438
0.107841491699219 0.0732650756835938 -0.00933837890624999 0.0466957092285156
-0.0386619567871094 -0.0134620666503906 0.0849456787109375 0.0962982177734375
-0.0565872192382813 0.0363540649414063 0.23443603515625 0.246170043945313
-0.04620361328125 0.0677146911621094 0.199005126953125 0.423583984375
-0.0224990844726563 0.0664520263671875 0.03839111328125 0.62017822265625
-0.000697135925292968 -0.00615215301513672 -0.24273681640625 0.611572265625
0.071075439453125 -0.0807723999023438 -0.389312744140625 0.48223876953125
0.133750915527344 -0.0675506591796875 -0.243362426757812 0.272201538085938
0.176254272460938 -0.025604248046875 0.155349731445313 0.086761474609375
0.120948791503906 -0.0353622436523438 0.439727783203125 -0.2518310546875
0.0931320190429688 -0.02972412109375 0.40570068359375 -0.56658935546875
0.051666259765625 -0.0186424255371094 0.03253173828125 -0.685546875
0.0160112380981445 -0.00292873382568359 -0.27362060546875 -0.535491943359375
-0.027740478515625 0.0170440673828125 -0.37347412109375 -0.33477783203125
-0.0315876007080078 -0.00928497314453125 -0.28839111328125 -0.102020263671875
-0.0152225494384766 -0.0222530364990234 -0.0353813171386719 0.0272750854492188
-0.0229015350341797 -0.00452423095703125 0.075042724609375 0.0889205932617188
-0.0455970764160156 0.0384559631347656 0.238388061523437 0.234832763671875
-0.0482940673828125 0.0712509155273437 0.20391845703125 0.409393310546875
-0.0321273803710938 0.0734481811523438 0.03424072265625 0.610595703125
-0.0109977722167969 0.00300216674804687 -0.2535400390625 0.6173095703125
0.0614547729492187 -0.0764236450195312 -0.408233642578125 0.502471923828125
0.123855590820313 -0.0663299560546875 -0.27099609375 0.2935791015625
0.167861938476563 -0.0280303955078125 0.13140869140625 0.108070373535156
0.113388061523437 -0.0365524291992188 0.424835205078125 -0.22869873046875
0.0835952758789063 -0.0322647094726563 0.398895263671875 -0.552459716796875
0.0464706420898438 -0.0231819152832031 0.0269775390625 -0.6844482421875
0.0202980041503906 -0.00800514221191406 -0.281158447265625 -0.549072265625
-0.0137767791748047 0.0202522277832031 -0.37994384765625 -0.352294921875
-0.0206375122070313 0.000576019287109375 -0.30072021484375 -0.115997314453125
-0.00201988220214844 -0.0146217346191406 -0.0444717407226563 0.013092041015625
-0.00189495086669922 0.0102014541625977 0.0721969604492188 0.0821533203125
-0.0275115966796875 0.0456123352050781 0.250701904296875 0.223922729492188
-0.0388946533203125 0.0716705322265625 0.214752197265625 0.3880615234375
-0.0368881225585938 0.0743179321289063 0.03875732421875 0.59112548828125
-0.0261287689208984 0.00735282897949219 -0.25494384765625 0.6158447265625
0.0415878295898437 -0.0708694458007813 -0.420440673828125 0.5159912109375
0.104438781738281 -0.0615005493164063 -0.2906494140625 0.312286376953125
0.152481079101563 -0.023956298828125 0.112411499023438 0.127525329589844
0.0991058349609375 -0.03076171875 0.41705322265625 -0.202545166015625
0.0679779052734375 -0.0299110412597656 0.40472412109375 -0.5362548828125
0.0337657928466797 -0.0236377716064453 0.0325927734375001 -0.68304443359375
0.0192298889160156 -0.0113410949707031 -0.2779541015625 -0.557708740234375
-0.00135421752929687 0.0214462280273438 -0.381103515625 -0.3675537109375
-0.00512218475341797 0.00838613510131836 -0.309783935546875 -0.125091552734375
0.0189495086669922 -0.00204849243164062 -0.0500411987304688 0.00525665283203126
0.0226249694824219 0.0312042236328125 0.0776748657226563 0.078826904296875
-0.00115203857421875 0.0578117370605469 0.2669677734375 0.21722412109375
-0.0203399658203125 0.0712356567382813 0.234283447265625 0.36993408203125
-0.0358390808105469 0.0698051452636719 0.05615234375 0.57342529296875
-0.0434532165527344 0.0070953369140625 -0.24566650390625 0.61688232421875
0.0140533447265625 -0.0666465759277344 -0.418212890625 0.5303955078125
0.0759353637695313 -0.0538253784179687 -0.3016357421875 0.329071044921875
0.129135131835938 -0.0148696899414063 0.0973663330078125 0.142913818359375
0.0797653198242188 -0.0181503295898438 0.417877197265625 -0.180267333984375
0.0482635498046875 -0.02178955078125 0.41619873046875 -0.521820068359375
0.0153522491455078 -0.0181846618652344 0.0504760742187501 -0.67950439453125
0.0133705139160156 -0.0119895935058594 -0.26824951171875 -0.56817626953125
0.00832176208496094 0.0200767517089844 -0.376922607421875 -0.37799072265625
0.0127983093261719 0.0147533416748047 -0.312225341796875 -0.129608154296875
0.0427322387695313 0.01336669921875 -0.0523185729980469 0.00439453125
0.0480728149414062 0.054443359375 0.0879592895507813 0.0820541381835938
0.026824951171875 0.0717926025390625 0.281707763671875 0.21343994140625
0.00373077392578125 0.0680274963378906 0.25250244140625 0.357757568359375
-0.0307159423828125 0.0605049133300781 0.0791015624999999 0.56256103515625
-0.0605506896972656 0.00370407104492186 -0.22760009765625 0.61932373046875
-0.0160331726074219 -0.0631370544433594 -0.406280517578125 0.54229736328125
0.0432319641113281 -0.0422554016113281 -0.30316162109375 0.339630126953125
0.101768493652344 -0.00127410888671875 0.0905914306640625 0.151351928710937
0.0580558776855469 -0.0023040771484375 0.424224853515625 -0.1640625
0.0267906188964844 -0.0108795166015625 0.43597412109375 -0.512115478515625
-0.00441360473632812 -0.00987339019775391 0.07476806640625 -0.67889404296875
0.00440216064453125 -0.0105276107788086 -0.25164794921875 -0.5787353515625
0.0146236419677734 0.0176010131835938 -0.367156982421875 -0.38916015625
0.0310707092285156 0.0190715789794922 -0.308502197265625 -0.132293701171875
0.0687904357910156 0.0303421020507812 -0.0472984313964844 0.00884246826171876
0.070556640625 0.0725860595703125 0.103157043457031 0.0888748168945313
0.0523300170898438 0.0802536010742188 0.29058837890625 0.211944580078125
0.0231857299804688 0.0615005493164063 0.264923095703125 0.35565185546875
-0.0278816223144531 0.0488128662109375 0.10162353515625 0.561309814453125
-0.0766677856445313 -0.000305175781250004 -0.20037841796875 0.626220703125
-0.0436210632324219 -0.0569305419921875 -0.381103515625 0.550811767578125
0.0129776000976563 -0.0282058715820313 -0.293701171875 0.343475341796875
0.0751876831054688 0.0139007568359375 0.0946197509765625 0.152801513671875
0.0376129150390625 0.0139961242675781 0.434844970703125 -0.156585693359375
0.00605964660644531 0.000732898712158203 0.455596923828125 -0.507080078125
-0.0236129760742188 -0.0026092529296875 0.0985717773437499 -0.67803955078125
-0.00636100769042969 -0.0105257034301758 -0.23211669921875 -0.58453369140625
0.0189857482910156 0.0132102966308594 -0.352294921875 -0.393768310546875
0.0482521057128906 0.0210685729980469 -0.2977294921875 -0.131256103515625
0.0904388427734375 0.0472640991210938 -0.0367774963378906 0.0181465148925781
0.0871353149414063 0.0808334350585938 0.118865966796875 0.0980072021484375
0.0664901733398438 0.0792922973632813 0.295989990234375 0.215301513671875
0.0320510864257813 0.0521621704101563 0.271728515625 0.3636474609375
-0.0299644470214844 0.0386924743652344 0.12274169921875 0.5701904296875
-0.0926971435546875 -0.001922607421875 -0.17144775390625 0.632568359375
-0.0649528503417969 -0.0487518310546875 -0.3504638671875 0.55419921875
-0.00812244415283203 -0.014500617980957 -0.27325439453125 0.33892822265625
0.0554084777832031 0.0294914245605469 0.106918334960937 0.145401000976563
0.0203189849853516 0.0293121337890625 0.450347900390625 -0.16058349609375
-0.0108528137207031 0.010523796081543 0.477142333984375 -0.506805419921875
-0.0405998229980469 0.00137710571289063 0.12158203125 -0.679443359375
-0.0145492553710937 -0.0139665603637695 -0.2110595703125 -0.587890625
0.0230846405029297 0.00704574584960938 -0.337432861328125 -0.391937255859375
0.0621604919433594 0.0230026245117188 -0.28271484375 -0.125640869140625
0.105789184570313 0.0615615844726563 -0.0233173370361328 0.0314426422119141
0.0932540893554688 0.0815048217773438 0.136711120605469 0.108078002929687
0.0689010620117188 0.0724334716796875 0.300201416015625 0.22314453125
0.0287590026855469 0.0424613952636719 0.279205322265625 0.37860107421875
-0.037628173828125 0.0332260131835938 0.14495849609375 0.581787109375
-0.102226257324219 0.00056457519531252 -0.1439208984375 0.63671875
-0.0742950439453125 -0.038909912109375 -0.318756103515625 0.549346923828125
-0.0171527862548828 -0.00240325927734375 -0.249053955078125 0.326446533203125
0.0438194274902344 0.0418510437011719 0.127090454101563 0.130950927734375
0.00886917114257813 0.0402145385742188 0.468505859375 -0.171051025390625
-0.0234050750732422 0.0156059265136719 0.4979248046875 -0.5146484375
-0.0524749755859375 2.28881835937555E-05 0.1400146484375 -0.681884765625
-0.0186328887939453 -0.0213699340820313 -0.19415283203125 -0.586669921875
0.0284366607666016 0.000118255615234375 -0.3216552734375 -0.384552001953125
0.0726165771484375 0.0239639282226563 -0.266265869140625 -0.115371704101562
0.1107177734375 0.0743331909179688 -0.00870895385742187 0.0481681823730469
-0.0405426025390625 -0.0142097473144531 0.0875091552734375 0.09613037109375
-0.0577354431152344 0.0377273559570313 0.243331909179688 0.249404907226563
-0.0463790893554688 0.0698356628417969 0.21026611328125 0.433685302734375
-0.0209465026855469 0.0688705444335938 0.0463867187499999 0.6357421875
-0.000381469726562501 -0.00599098205566406 -0.24188232421875 0.63140869140625
0.0714035034179688 -0.0829315185546875 -0.3948974609375 0.499908447265625
0.136085510253906 -0.0700454711914062 -0.246673583984375 0.281463623046875
0.181198120117188 -0.0287933349609375 0.161026000976563 0.086700439453125
0.124153137207031 -0.0369110107421875 0.44781494140625 -0.263671875
0.0956268310546875 -0.0301513671875 0.40911865234375 -0.5859375
0.0542640686035156 -0.0192642211914063 0.02398681640625 -0.705078125
0.0161581039428711 -0.00407886505126953 -0.2877197265625 -0.547637939453125
-0.0272617340087891 0.0171775817871094 -0.386749267578125 -0.34002685546875
-0.0334033966064453 -0.00930213928222656 -0.297119140625 -0.10186767578125
-0.016754150390625 -0.0227279663085937 -0.0354270935058594 0.0294532775878906
-0.0241184234619141 -0.00520896911621094 0.07659912109375 0.0885009765625
-0.0470123291015625 0.0402412414550781 0.248672485351562 0.238388061523437
-0.0488739013671875 0.0735015869140625 0.214263916015625 0.41766357421875
-0.0315017700195312 0.0759048461914063 0.0435791015624999 0.62628173828125
-0.0105390548706055 0.00330638885498047 -0.25189208984375 0.63677978515625
0.0622024536132813 -0.077545166015625 -0.412506103515625 0.5205078125
0.12689208984375 -0.0691452026367188 -0.273162841796875 0.30548095703125
0.171188354492188 -0.0306854248046875 0.137344360351563 0.107894897460937
0.116279602050781 -0.038787841796875 0.433349609375 -0.239105224609375
0.08599853515625 -0.033416748046875 0.40216064453125 -0.57257080078125
0.0478134155273438 -0.0247764587402344 0.0180053710937499 -0.70294189453125
0.0198574066162109 -0.00907707214355469 -0.295074462890625 -0.558990478515625
-0.0135612487792969 0.0212860107421875 -0.394683837890625 -0.35601806640625
-0.0211296081542969 0.000452041625976558 -0.310333251953125 -0.11480712890625
-0.00258064270019531 -0.0149774551391602 -0.0454292297363281 0.014373779296875
-0.00208950042724609 0.00975990295410156 0.0751419067382812 0.0814590454101562
-0.0281639099121094 0.0466461181640625 0.260528564453125 0.227676391601563
-0.0395050048828125 0.073699951171875 0.226959228515625 0.396148681640625
-0.0362014770507813 0.0770721435546875 0.0479736328125 0.60650634765625
-0.0267105102539063 0.00820350646972656 -0.25360107421875 0.6365966796875
0.0415191650390625 -0.072998046875 -0.42572021484375 0.53704833984375
0.105972290039063 -0.0639266967773438 -0.294219970703125 0.32440185546875
0.156295776367188 -0.026641845703125 0.116912841796875 0.129020690917969
0.101974487304688 -0.031829833984375 0.42816162109375 -0.212982177734375
0.0694122314453125 -0.0311241149902344 0.4083251953125 -0.556671142578125
0.0338993072509766 -0.0242652893066406 0.0264892578125001 -0.70074462890625
0.0187397003173828 -0.0114421844482422 -0.29345703125 -0.5706787109375
-0.000614166259765626 0.0222587585449219 -0.3951416015625 -0.37109375
-0.00591611862182617 0.00868940353393555 -0.319366455078125 -0.12445068359375
0.019744873046875 -0.00257682800292969 -0.0516204833984375 0.00649261474609376
0.0232353210449219 0.0310554504394531 0.0797195434570313 0.0786285400390625
-0.00199508666992188 0.0599174499511719 0.27618408203125 0.219863891601563
-0.0195388793945313 0.0728378295898437 0.2467041015625 0.377471923828125
-0.034820556640625 0.0724716186523438 0.06494140625 0.58587646484375
-0.044952392578125 0.00939559936523437 -0.2447509765625 0.6356201171875
0.0138511657714844 -0.0682296752929688 -0.424713134765625 0.549102783203125
0.0767745971679688 -0.0558242797851563 -0.306121826171875 0.3397216796875
0.13250732421875 -0.0176162719726563 0.102371215820313 0.143966674804688
0.0817413330078125 -0.0193634033203125 0.42669677734375 -0.190338134765625
0.049285888671875 -0.0223350524902344 0.42041015625 -0.5416259765625
0.0156059265136719 -0.0186996459960937 0.0428466796875 -0.69903564453125
0.0129785537719727 -0.0124711990356445 -0.281982421875 -0.58172607421875
0.00908279418945312 0.0204277038574219 -0.390380859375 -0.38214111328125
0.0132579803466797 0.0143032073974609 -0.322021484375 -0.129486083984375
0.0442962646484375 0.0134315490722656 -0.0525054931640625 0.00534439086914062
0.0489234924316406 0.0541572570800781 0.0912017822265625 0.0826034545898438
0.028594970703125 0.0739517211914063 0.2923583984375 0.216522216796875
0.00420379638671875 0.0705642700195313 0.264312744140625 0.36480712890625
-0.0303535461425781 0.0627250671386719 0.0887451171875001 0.57635498046875
-0.0626716613769531 0.00517272949218751 -0.22625732421875 0.63873291015625
-0.0166549682617187 -0.0635757446289063 -0.411834716796875 0.562103271484375
0.0435600280761719 -0.0442962646484375 -0.306610107421875 0.352020263671875
0.104743957519531 -0.003326416015625 0.095672607421875 0.153778076171875
0.06085205078125 -0.00313186645507813 0.4346923828125 -0.173492431640625
0.0280742645263672 -0.0104656219482422 0.441375732421875 -0.529815673828125
-0.00408267974853516 -0.0105047225952148 0.0664672851562501 -0.69842529296875
0.00414180755615234 -0.0113687515258789 -0.26513671875 -0.5914306640625
0.0152835845947266 0.0176677703857422 -0.381011962890625 -0.39501953125
0.0319194793701172 0.0189685821533203 -0.318145751953125 -0.1314697265625
0.0702667236328125 0.0304336547851563 -0.0485267639160156 0.01007080078125
0.0723648071289063 0.0723953247070313 0.106521606445312 0.0891952514648437
0.0538482666015625 0.0817642211914063 0.30145263671875 0.214141845703125
0.0249252319335937 0.0639801025390625 0.276275634765625 0.361907958984375
-0.0263404846191406 0.0504913330078125 0.11138916015625 0.57537841796875
-0.0795059204101562 0.000885009765624995 -0.19781494140625 0.64471435546875
-0.04559326171875 -0.0573806762695313 -0.385498046875 0.56939697265625
0.0135402679443359 -0.0288257598876953 -0.29669189453125 0.354766845703125
0.0772933959960938 0.0134811401367188 0.09832763671875 0.15496826171875
0.0398521423339844 0.0145034790039062 0.446563720703125 -0.167205810546875
0.00761556625366211 0.000835895538330078 0.46221923828125 -0.526336669921875
-0.0244121551513672 -0.00316047668457032 0.093505859375 -0.6982421875
-0.00617408752441406 -0.0112485885620117 -0.24603271484375 -0.5965576171875
0.0204181671142578 0.0132369995117188 -0.365814208984375 -0.398345947265625
0.04974365234375 0.0216484069824219 -0.3072509765625 -0.131072998046875
0.0936431884765625 0.0466842651367187 -0.0375404357910156 0.0188407897949219
0.0896224975585938 0.0812454223632813 0.123069763183594 0.0976638793945313
0.0699234008789063 0.0801925659179688 0.30572509765625 0.2171630859375
0.0340576171875 0.0529327392578125 0.284149169921875 0.36859130859375
-0.0293426513671875 0.0402984619140625 0.1356201171875 0.5828857421875
-0.0947494506835938 -0.000976562500000003 -0.16815185546875 0.65338134765625
-0.0669212341308594 -0.0482215881347656 -0.3531494140625 0.57373046875
-0.00902175903320313 -0.014653205871582 -0.2762451171875 0.350006103515625
0.0570487976074219 0.0292549133300781 0.11212158203125 0.14715576171875
0.0215492248535156 0.0311489105224609 0.460601806640625 -0.169952392578125
-0.0109472274780273 0.0110740661621094 0.484954833984375 -0.526763916015625
-0.0417060852050781 0.000835418701171868 0.11724853515625 -0.7000732421875
-0.015777587890625 -0.0145206451416016 -0.22418212890625 -0.60205078125
0.0248126983642578 0.00634384155273438 -0.349090576171875 -0.397796630859375
0.0636329650878906 0.0224723815917969 -0.291107177734375 -0.12548828125
0.109176635742187 0.061676025390625 -0.0238075256347656 0.0325412750244141
0.0962142944335938 0.0815582275390625 0.141311645507813 0.10748291015625
0.0729141235351563 0.0732650756835938 0.3128662109375 0.223876953125
0.0308189392089844 0.0430374145507813 0.29058837890625 0.384490966796875
-0.0361328125 0.0346107482910156 0.1556396484375 0.59490966796875
-0.104324340820313 0.00196838378906248 -0.13885498046875 0.656005859375
-0.0758056640625 -0.0382156372070313 -0.321533203125 0.56866455078125
-0.0184307098388672 -0.00259780883789062 -0.25128173828125 0.337982177734375
0.0457725524902344 0.0415725708007813 0.131942749023438 0.132614135742188
0.0103569030761719 0.0411109924316406 0.48046875 -0.181304931640625
-0.0227508544921875 0.0156211853027344 0.50494384765625 -0.53399658203125
-0.0539131164550781 -0.000362396240234383 0.1363525390625 -0.70465087890625
-0.0198936462402344 -0.0225391387939453 -0.2054443359375 -0.59991455078125
0.0296287536621094 -0.000257492065429687 -0.33355712890625 -0.390472412109375
0.07421875 0.023773193359375 -0.274246215820313 -0.11553955078125
0.114486694335938 0.07501220703125 -0.00882339477539061 0.0501823425292969
-0.0421981811523438 -0.0141029357910156 0.0900650024414063 0.0957107543945312
-0.0582542419433594 0.0393295288085937 0.254257202148438 0.253448486328125
-0.0469741821289063 0.0731277465820313 0.223358154296875 0.441497802734375
-0.0203018188476563 0.071319580078125 0.05889892578125 0.65277099609375
-6.58035278320318E-05 -0.00529098510742188 -0.23968505859375 0.6539306640625
0.0714340209960938 -0.085235595703125 -0.397491455078125 0.520172119140625
0.138031005859375 -0.074981689453125 -0.25 0.291961669921875
0.1864013671875 -0.0332794189453125 0.16766357421875 0.0849761962890625
0.127174377441406 -0.039398193359375 0.4561767578125 -0.27789306640625
0.0979232788085937 -0.0318832397460937 0.4093017578125 -0.60919189453125
0.0551910400390625 -0.0205116271972656 0.01300048828125 -0.7235107421875
0.016057014465332 -0.00482654571533203 -0.304443359375 -0.556732177734375
-0.0274200439453125 0.0172977447509766 -0.400634765625 -0.34100341796875
-0.0344886779785156 -0.00954627990722657 -0.30712890625 -0.10009765625
-0.0178699493408203 -0.023284912109375 -0.0358963012695313 0.03094482421875
-0.0248527526855469 -0.00626373291015625 0.0794219970703125 0.0881118774414062
-0.047607421875 0.0414047241210938 0.259475708007813 0.240570068359375
-0.0480270385742188 0.0756454467773438 0.22821044921875 0.4246826171875
-0.0306777954101562 0.0787811279296875 0.05645751953125 0.64178466796875
-0.0105113983154297 0.00444602966308594 -0.24871826171875 0.656982421875
0.0620040893554687 -0.0792617797851563 -0.416259765625 0.5423583984375
0.128242492675781 -0.0726089477539063 -0.277008056640625 0.31585693359375
0.176620483398438 -0.0354766845703125 0.143234252929688 0.108230590820313
0.119003295898438 -0.0407791137695313 0.44268798828125 -0.252777099609375
0.08782958984375 -0.0363311767578125 0.4039306640625 -0.594970703125
0.0489578247070312 -0.0260887145996094 0.00653076171875 -0.72283935546875
0.0210628509521484 -0.0100040435791016 -0.3126220703125 -0.569580078125
-0.0133113861083984 0.0213985443115234 -0.41009521484375 -0.358123779296875
-0.0225391387939453 0.000217437744140622 -0.320159912109375 -0.112457275390625
-0.00352191925048828 -0.0151309967041016 -0.0461196899414063 0.0150489807128906
-0.00266075134277344 0.00886726379394531 0.0774917602539063 0.0812301635742188
-0.0287132263183594 0.0484619140625 0.271331787109375 0.228866577148438
-0.0394058227539062 0.0770950317382813 0.240142822265625 0.402862548828125
-0.0354766845703125 0.0789642333984375 0.06109619140625 0.62078857421875
-0.0264301300048828 0.0101699829101563 -0.2496337890625 0.6580810546875
0.0414810180664062 -0.0742568969726563 -0.428680419921875 0.55615234375
0.107528686523438 -0.067626953125 -0.295257568359375 0.337554931640625
0.160842895507812 -0.030731201171875 0.123085021972656 0.129371643066406
0.104278564453125 -0.034759521484375 0.43511962890625 -0.22503662109375
0.0711288452148438 -0.03265380859375 0.40869140625 -0.5780029296875
0.0344638824462891 -0.0253925323486328 0.01446533203125 -0.71990966796875
0.0196342468261719 -0.0132045745849609 -0.31072998046875 -0.58038330078125
8.39233398437476E-05 0.0216903686523438 -0.411041259765625 -0.375
-0.00507640838623047 0.00908088684082031 -0.329345703125 -0.12225341796875
0.0194511413574219 -0.00264549255371094 -0.053436279296875 0.00759124755859374
0.0236377716064453 0.0308074951171875 0.0834426879882813 0.0777587890625
-0.000930786132812495 0.0607528686523438 0.287933349609375 0.220855712890625
-0.0190811157226563 0.0750808715820313 0.259613037109375 0.382232666015625
-0.0343475341796875 0.0736007690429688 0.0782470703125001 0.60015869140625
-0.0446586608886719 0.010009765625 -0.2415771484375 0.65618896484375
0.0125083923339844 -0.0689048767089844 -0.426513671875 0.57098388671875
0.0778274536132813 -0.058319091796875 -0.3082275390625 0.353912353515625
0.135643005371094 -0.020477294921875 0.108291625976563 0.145339965820313
0.0841751098632813 -0.0206527709960938 0.435333251953125 -0.2020263671875
0.050811767578125 -0.0233154296875 0.424560546875 -0.561981201171875
0.016387939453125 -0.0192184448242188 0.03338623046875 -0.71783447265625
0.0131130218505859 -0.0135526657104492 -0.29986572265625 -0.59124755859375
0.00895118713378906 0.0202083587646484 -0.4071044921875 -0.3870849609375
0.0135297775268555 0.0151767730712891 -0.331512451171875 -0.126922607421875
0.0454292297363281 0.0131416320800781 -0.0540390014648438 0.00613403320312499
0.0511054992675781 0.0545921325683594 0.0940475463867187 0.0812530517578125
0.0298843383789063 0.074676513671875 0.304229736328125 0.21728515625
0.00614166259765626 0.0719070434570313 0.27838134765625 0.369354248046875
-0.0283622741699219 0.0645942687988281 0.10113525390625 0.5887451171875
-0.0629615783691406 0.00671386718749999 -0.2218017578125 0.66107177734375
-0.0189590454101563 -0.0643043518066406 -0.41259765625 0.58502197265625
0.0438232421875 -0.0455780029296875 -0.309326171875 0.36505126953125
0.1070556640625 -0.00528717041015625 0.101394653320313 0.155197143554688
0.0628089904785156 -0.00364303588867187 0.44219970703125 -0.18511962890625
0.0291004180908203 -0.0117530822753906 0.443572998046875 -0.551971435546875
-0.00478744506835938 -0.0101423263549805 0.05792236328125 -0.71929931640625
0.00341892242431641 -0.012171745300293 -0.28253173828125 -0.60186767578125
0.0164337158203125 0.0174369812011719 -0.397186279296875 -0.39794921875
0.0326423645019531 0.0191822052001953 -0.3282470703125 -0.129791259765625
0.0727691650390625 0.02947998046875 -0.0487403869628906 0.0104026794433594
0.0748367309570312 0.0729522705078125 0.110809326171875 0.0876541137695312
0.0562210083007813 0.083770751953125 0.313934326171875 0.214691162109375
0.0274314880371094 0.0651283264160156 0.290740966796875 0.366485595703125
-0.0257759094238281 0.0522003173828125 0.1258544921875 0.5869140625
-0.0813369750976563 0.00165557861328125 -0.191650390625 0.6644287109375
-0.0476303100585937 -0.0577888488769531 -0.3856201171875 0.5924072265625
0.0128707885742188 -0.0303459167480469 -0.2979736328125 0.368621826171875
0.08099365234375 0.0112991333007813 0.1043701171875 0.15533447265625
0.0420570373535156 0.0148048400878906 0.45477294921875 -0.17889404296875
0.00822114944458008 0.00161409378051758 0.464691162109375 -0.548553466796875
-0.0252094268798828 -0.00203323364257812 0.0828857421875 -0.71893310546875
-0.00689792633056641 -0.0116767883300781 -0.2626953125 -0.6102294921875
0.0205440521240234 0.0129947662353516 -0.38037109375 -0.40313720703125
0.0501708984375 0.0212364196777344 -0.316375732421875 -0.128082275390625
0.0973358154296875 0.0463180541992188 -0.0380172729492187 0.0201950073242188
0.0921630859375 0.0819320678710938 0.128303527832031 0.09698486328125
0.072662353515625 0.081939697265625 0.32025146484375 0.217132568359375
0.0363693237304688 0.0538711547851563 0.29864501953125 0.373321533203125
-0.0290756225585937 0.042205810546875 0.14776611328125 0.59454345703125
-0.0965805053710938 0.001190185546875 -0.16064453125 0.67144775390625
-0.0695953369140625 -0.0488815307617187 -0.35223388671875 0.59259033203125
-0.00885963439941406 -0.0149412155151367 -0.278228759765625 0.364715576171875
0.0594100952148437 0.0281944274902344 0.1180419921875 0.147720336914063
0.0241146087646484 0.0301628112792969 0.46966552734375 -0.181976318359375
-0.0105962753295898 0.011012077331543 0.488983154296875 -0.549072265625
-0.0427513122558594 0.00264739990234376 0.1080322265625 -0.721435546875
-0.0160636901855469 -0.0152626037597656 -0.239501953125 -0.6142578125
0.0254344940185547 0.00544166564941406 -0.364990234375 -0.4029541015625
0.0658683776855469 0.0224800109863281 -0.299713134765625 -0.123443603515625
0.112640380859375 0.0613861083984375 -0.0232219696044922 0.0338153839111328
0.0994338989257813 0.0817031860351563 0.146804809570313 0.10650634765625
0.075103759765625 0.075408935546875 0.324798583984375 0.223968505859375
0.032745361328125 0.0437583923339844 0.305938720703125 0.38873291015625
-0.037017822265625 0.03607177734375 0.1707763671875 0.6068115234375
-0.106346130371094 0.00398254394531252 -0.13189697265625 0.67474365234375
-0.0787200927734375 -0.038848876953125 -0.321533203125 0.589111328125
-0.0183868408203125 -0.00211143493652344 -0.253448486328125 0.349578857421875
0.0479507446289062 0.0412330627441406 0.138824462890625 0.131462097167969
0.0113105773925781 0.0417137145996094 0.491180419921875 -0.193206787109375
-0.0227012634277344 0.0166988372802734 0.509033203125 -0.556427001953125
-0.0542678833007812 0.00161743164062501 0.12872314453125 -0.7252197265625
-0.0207633972167969 -0.0227642059326172 -0.2216796875 -0.61273193359375
0.0310020446777344 -0.000888824462890625 -0.348358154296875 -0.39471435546875
0.0767364501953125 0.0235214233398437 -0.2822265625 -0.1141357421875
0.118812561035156 0.0744476318359375 -0.00802993774414062 0.0514030456542969
-0.0449790954589844 -0.0140647888183594 0.092437744140625 0.0951461791992188
-0.0595664978027344 0.0412025451660156 0.265823364257813 0.253631591796875
-0.0464859008789063 0.0749740600585937 0.23876953125 0.44818115234375
-0.0204010009765625 0.0722274780273438 0.07525634765625 0.66925048828125
0.000902652740478516 -0.00509786605834961 -0.23309326171875 0.67498779296875
0.0718765258789063 -0.0871353149414063 -0.39825439453125 0.542388916015625
0.140449523925781 -0.0795669555664062 -0.25018310546875 0.3028564453125
0.191055297851563 -0.039764404296875 0.174224853515625 0.0822906494140625
0.129646301269531 -0.0424346923828125 0.46240234375 -0.294281005859375
0.100517272949219 -0.0346832275390625 0.40875244140625 -0.6322021484375
0.0558052062988281 -0.0217514038085938 -0.00158691406249993 -0.7425537109375
0.0159997940063477 -0.00512123107910156 -0.325439453125 -0.56488037109375
-0.0286788940429687 0.0184097290039063 -0.41754150390625 -0.3419189453125
-0.0359992980957031 -0.00941848754882813 -0.316253662109375 -0.09527587890625
-0.0193386077880859 -0.0236320495605469 -0.0364532470703125 0.032745361328125
-0.0267047882080078 -0.00632858276367188 0.0823211669921875 0.0874557495117188
-0.0484695434570313 0.0431671142578125 0.271255493164063 0.24212646484375
-0.0475540161132813 0.0788650512695312 0.243316650390625 0.4310302734375
-0.0290679931640625 0.0807647705078125 0.071533203125 0.65655517578125
-0.0099029541015625 0.0056304931640625 -0.24029541015625 0.6806640625
0.0618057250976563 -0.0826034545898438 -0.415771484375 0.5638427734375
0.129951477050781 -0.0775680541992188 -0.276580810546875 0.330169677734375
0.1812744140625 -0.0400238037109375 0.149887084960938 0.106033325195313
0.121658325195313 -0.0437469482421875 0.448822021484375 -0.2672119140625
0.0899124145507813 -0.03802490234375 0.40008544921875 -0.6185302734375
0.050537109375 -0.0273399353027344 -0.00891113281249992 -0.74127197265625
0.0196380615234375 -0.0114269256591797 -0.33331298828125 -0.57672119140625
-0.0133571624755859 0.0219402313232422 -0.424835205078125 -0.35894775390625
-0.0231781005859375 0.00030517578125 -0.32989501953125 -0.109161376953125
-0.00440406799316406 -0.0163822174072266 -0.0476341247558594 0.0170631408691406
-0.00336217880249023 0.00851249694824219 0.0802459716796875 0.0801010131835938
-0.0284538269042969 0.0502548217773438 0.283233642578125 0.22943115234375
-0.0384750366210938 0.0791015625 0.254150390625 0.407073974609375
-0.0342330932617188 0.0824813842773437 0.07684326171875 0.634033203125
-0.0262031555175781 0.0110321044921875 -0.24432373046875 0.679931640625
0.0411758422851562 -0.0768508911132813 -0.42840576171875 0.5784912109375
0.109268188476563 -0.0707473754882813 -0.29736328125 0.3521728515625
0.163848876953125 -0.0356292724609375 0.129814147949219 0.129508972167969
0.106414794921875 -0.0369110107421875 0.44146728515625 -0.240631103515625
0.0733413696289063 -0.034088134765625 0.40936279296875 -0.6021728515625
0.0348358154296875 -0.026580810546875 -0.000122070312500034 -0.7396240234375
0.0189857482910156 -0.0137996673583984 -0.3306884765625 -0.58953857421875
0.000391006469726562 0.0216217041015625 -0.428985595703125 -0.3756103515625
-0.0055074691772461 0.00946807861328125 -0.338897705078125 -0.117706298828125
0.0188007354736328 -0.0029754638671875 -0.053680419921875 0.00809478759765625
0.0244712829589844 0.0304450988769531 0.0860595703125 0.0766754150390625
0.00094985961914063 0.0628547668457031 0.300750732421875 0.221282958984375
-0.0174636840820313 0.0771560668945313 0.27496337890625 0.385711669921875
-0.033172607421875 0.0764617919921875 0.09393310546875 0.61279296875
-0.0448989868164062 0.0109291076660156 -0.2344970703125 0.679443359375
0.0121917724609375 -0.0706329345703125 -0.425537109375 0.5941162109375
0.0790176391601563 -0.0614242553710938 -0.30853271484375 0.36737060546875
0.13922119140625 -0.0242691040039063 0.113937377929688 0.145111083984375
0.0866470336914062 -0.0219955444335938 0.44183349609375 -0.21661376953125
0.0524063110351562 -0.0250778198242187 0.421630859375 -0.5855712890625
0.0166492462158203 -0.0200233459472656 0.0189208984375 -0.73626708984375
0.0131816864013672 -0.0147314071655273 -0.31951904296875 -0.60076904296875
0.00974464416503906 0.0205192565917969 -0.424346923828125 -0.38763427734375
0.0142230987548828 0.0158243179321289 -0.342132568359375 -0.12353515625
0.0468711853027344 0.0119209289550781 -0.0547218322753906 0.00782394409179688
0.052764892578125 0.0538482666015625 0.0978469848632812 0.0795211791992187
0.0318374633789063 0.07623291015625 0.317291259765625 0.21630859375
0.00859069824218751 0.0735397338867188 0.2943115234375 0.37213134765625
-0.0281562805175781 0.0661582946777344 0.11639404296875 0.60150146484375
-0.0639457702636719 0.0080108642578125 -0.21356201171875 0.68023681640625
-0.0199432373046875 -0.0653419494628906 -0.41168212890625 0.6072998046875
0.0437278747558594 -0.0479660034179688 -0.309356689453125 0.3790283203125
0.11016845703125 -0.00836181640625 0.107254028320313 0.155426025390625
0.0649261474609375 -0.00484466552734375 0.450714111328125 -0.19915771484375
0.0307216644287109 -0.0117568969726563 0.44366455078125 -0.5760498046875
-0.00466156005859375 -0.0105142593383789 0.0447998046875001 -0.73828125
0.00296783447265625 -0.0129547119140625 -0.302734375 -0.61279296875
0.0169620513916016 0.0173931121826172 -0.4134521484375 -0.399139404296875
0.0340614318847656 0.0190486907958984 -0.338409423828125 -0.126434326171875
0.0758743286132812 0.029571533203125 -0.0497817993164062 0.0118827819824219
0.0783615112304688 0.0720062255859375 0.115211486816406 0.0861358642578125
0.0593338012695312 0.0843048095703125 0.327362060546875 0.21392822265625
0.02935791015625 0.0656661987304688 0.30572509765625 0.36834716796875
-0.0239677429199219 0.0534515380859375 0.1412353515625 0.5986328125
-0.0824661254882813 0.00432586669921876 -0.18292236328125 0.68536376953125
-0.0495643615722656 -0.0581245422363281 -0.3826904296875 0.61370849609375
0.0118179321289063 -0.0329837799072266 -0.298126220703125 0.3819580078125
0.0831069946289063 0.00896453857421875 0.110916137695312 0.155960083007813
0.0440711975097656 0.0143241882324219 0.46282958984375 -0.191864013671875
0.0085444450378418 0.00113677978515625 0.4652099609375 -0.5709228515625
-0.0256557464599609 -0.00261116027832031 0.0714111328124999 -0.7388916015625
-0.00750732421875 -0.0125703811645508 -0.28125 -0.6192626953125
0.0218238830566406 0.0121669769287109 -0.398040771484375 -0.405426025390625
0.0522918701171875 0.0218124389648438 -0.3265380859375 -0.1251220703125
0.100227355957031 0.0455474853515625 -0.0386428833007812 0.0214767456054688
0.09619140625 0.0811538696289063 0.133132934570313 0.0947036743164063
0.0757522583007813 0.0831298828125 0.333251953125 0.215087890625
0.03924560546875 0.0545501708984375 0.314117431640625 0.37603759765625
-0.0283241271972656 0.0426979064941406 0.165283203125 0.60479736328125
-0.0981903076171875 0.00338745117187499 -0.15142822265625 0.6929931640625
-0.0719680786132813 -0.0485076904296875 -0.34942626953125 0.61614990234375
-0.0101146697998047 -0.01611328125 -0.278350830078125 0.37939453125
0.0617942810058594 0.0271720886230469 0.124862670898437 0.148162841796875
0.0259685516357422 0.0303478240966797 0.479461669921875 -0.195709228515625
-0.00942134857177734 0.0124616622924805 0.48931884765625 -0.57366943359375
-0.0433387756347656 0.0030975341796875 0.0962524414062499 -0.74200439453125
-0.0165796279907227 -0.0159673690795898 -0.25982666015625 -0.62310791015625
0.0264453887939453 0.00532722473144531 -0.380645751953125 -0.405731201171875
0.0674362182617188 0.022003173828125 -0.309234619140625 -0.121124267578125
0.116775512695313 0.061279296875 -0.0229759216308594 0.0341987609863281
0.102973937988281 0.080780029296875 0.15167236328125 0.104782104492188
0.078857421875 0.075164794921875 0.337615966796875 0.223236083984375
0.0358352661132813 0.0448036193847656 0.322479248046875 0.392333984375
-0.035919189453125 0.037445068359375 0.188720703125 0.61676025390625
-0.108131408691406 0.00621032714843749 -0.12158203125 0.69342041015625
-0.0806732177734375 -0.0369949340820312 -0.3179931640625 0.60888671875
-0.0199108123779297 -0.00214958190917969 -0.252593994140625 0.36309814453125
0.0501480102539063 0.0404052734375 0.1453857421875 0.130844116210938
0.0138168334960937 0.0416908264160156 0.4996337890625 -0.20953369140625
-0.0222644805908203 0.0178775787353516 0.51019287109375 -0.58251953125
-0.0550270080566406 0.0015716552734375 0.117919921875 -0.74639892578125
-0.0213375091552734 -0.0235843658447266 -0.23974609375 -0.62384033203125
0.0320320129394531 -0.00257682800292969 -0.36376953125 -0.398223876953125
0.0792465209960938 0.0233154296875 -0.290924072265625 -0.110198974609375
0.122718811035156 0.0737228393554688 -0.00734329223632812 0.0522537231445313
-0.0474510192871094 -0.0132713317871094 0.0962600708007813 0.0939407348632813
-0.059661865234375 0.0441741943359375 0.278976440429688 0.253280639648438
-0.0454483032226563 0.0771560668945313 0.255279541015625 0.452728271484375
-0.017547607421875 0.0740280151367188 0.0937500000000001 0.68206787109375
0.000986814498901367 -0.00389766693115234 -0.21929931640625 0.69854736328125
0.070526123046875 -0.0913848876953125 -0.39215087890625 0.56536865234375
0.140419006347656 -0.0847091674804688 -0.247802734375 0.314910888671875
0.194076538085938 -0.0449371337890625 0.181015014648438 0.07843017578125
0.132888793945313 -0.046356201171875 0.465057373046875 -0.312042236328125
0.102310180664063 -0.0372238159179688 0.40167236328125 -0.659423828125
0.0573158264160156 -0.0238037109375 -0.01934814453125 -0.760009765625
0.0159091949462891 -0.00630283355712891 -0.34625244140625 -0.56878662109375
-0.0287990570068359 0.0184879302978516 -0.43438720703125 -0.337432861328125
-0.0366287231445313 -0.00920104980468749 -0.32452392578125 -0.090179443359375
-0.0204277038574219 -0.0237045288085938 -0.0373611450195313 0.0340766906738281
-0.0287666320800781 -0.006866455078125 0.0856552124023438 0.086212158203125
-0.0482902526855469 0.0446052551269531 0.284149169921875 0.240142822265625
-0.0469512939453125 0.0814208984375 0.260498046875 0.433990478515625
-0.0269622802734375 0.083160400390625 0.0907592773437499 0.6671142578125
-0.00933361053466797 0.00619316101074219 -0.22991943359375 0.70257568359375
0.0616378784179688 -0.084686279296875 -0.412353515625 0.589111328125
0.12994384765625 -0.0824050903320313 -0.274810791015625 0.342987060546875
0.183822631835938 -0.04693603515625 0.155838012695313 0.103561401367188
0.124595642089844 -0.0468597412109375 0.45184326171875 -0.285888671875
0.0916519165039063 -0.0403289794921875 0.3946533203125 -0.64288330078125
0.0500259399414063 -0.0294036865234375 -0.0281982421874999 -0.75872802734375
0.0197334289550781 -0.0116748809814453 -0.3553466796875 -0.5811767578125
-0.0135936737060547 0.0224761962890625 -0.44354248046875 -0.35693359375
-0.0238609313964844 0.00115776062011718 -0.33935546875 -0.10205078125
-0.00459003448486328 -0.0166358947753906 -0.0485267639160156 0.0180816650390625
-0.00386714935302734 0.00804901123046875 0.0833282470703125 0.0783233642578125
-0.0277061462402344 0.0515251159667969 0.296051025390625 0.227386474609375
-0.0367507934570313 0.0813674926757812 0.272308349609375 0.408905029296875
-0.0322494506835937 0.083770751953125 0.0952758789062501 0.6458740234375
-0.0259838104248047 0.0125598907470703 -0.23101806640625 0.701171875
0.0406723022460938 -0.0782241821289063 -0.4232177734375 0.6031494140625
0.108726501464844 -0.075653076171875 -0.29486083984375 0.365753173828125
0.166519165039063 -0.041351318359375 0.135627746582031 0.126617431640625
0.108856201171875 -0.0396728515625 0.444854736328125 -0.256866455078125
0.0747146606445313 -0.0368576049804688 0.40240478515625 -0.62628173828125
0.0353202819824219 -0.0288009643554688 -0.01806640625 -0.75689697265625
0.0181770324707031 -0.0152778625488281 -0.3543701171875 -0.594482421875
0.000108718872070312 0.0217914581298828 -0.447601318359375 -0.372772216796875
-0.00511360168457031 0.00937747955322266 -0.350189208984375 -0.113067626953125
0.0193119049072266 -0.00435256958007812 -0.0558395385742187 0.0107765197753906
0.0250053405761719 0.0300617218017578 0.0896682739257813 0.0755233764648438
0.00180435180664063 0.0633392333984375 0.31353759765625 0.218505859375
-0.0157699584960938 0.0790863037109375 0.292327880859375 0.38720703125
-0.0319366455078125 0.07867431640625 0.1116943359375 0.62384033203125
-0.0452308654785156 0.0140419006347656 -0.221923828125 0.70062255859375
0.0102005004882813 -0.072235107421875 -0.42120361328125 0.62030029296875
0.0780105590820313 -0.0657730102539063 -0.306182861328125 0.382537841796875
0.141677856445313 -0.029205322265625 0.12017822265625 0.144332885742188
0.0883102416992188 -0.025848388671875 0.44744873046875 -0.2320556640625
0.0537872314453125 -0.0267105102539062 0.41619873046875 -0.6102294921875
0.0155525207519531 -0.0215167999267578 0.000915527343749954 -0.7545166015625
0.0125446319580078 -0.0157899856567383 -0.34344482421875 -0.60711669921875
0.0117053985595703 0.0199394226074219 -0.442657470703125 -0.385345458984375
0.0149784088134766 0.0147304534912109 -0.352020263671875 -0.117584228515625
0.0474624633789063 0.0104331970214844 -0.0559043884277344 0.00905990600585938
0.05499267578125 0.053253173828125 0.102348327636719 0.0773468017578125
0.0348358154296875 0.076568603515625 0.330322265625 0.21295166015625
0.0101242065429688 0.0746994018554688 0.311065673828125 0.37384033203125
-0.0260467529296875 0.0685043334960938 0.1351318359375 0.6123046875
-0.0644950866699219 0.01007080078125 -0.20074462890625 0.700927734375
-0.0218467712402344 -0.0657768249511719 -0.40625 0.63140869140625
0.0435333251953125 -0.0510711669921875 -0.306732177734375 0.39617919921875
0.112571716308594 -0.0118560791015625 0.113479614257813 0.154281616210938
0.0672645568847656 -0.00603866577148438 0.455474853515625 -0.215240478515625
0.0312709808349609 -0.0127525329589844 0.43853759765625 -0.599365234375
-0.00452232360839844 -0.0111865997314453 0.026611328125 -0.75640869140625
0.00295925140380859 -0.0133533477783203 -0.32562255859375 -0.6181640625
0.0180568695068359 0.0160102844238281 -0.43231201171875 -0.399017333984375
0.0350265502929688 0.0182151794433594 -0.349029541015625 -0.12042236328125
0.0769195556640625 0.0267105102539062 -0.0505790710449219 0.0140190124511719
0.0814895629882813 0.0714263916015625 0.119705200195313 0.0838623046875
0.0627517700195313 0.08477783203125 0.341278076171875 0.209228515625
0.0323448181152344 0.06683349609375 0.32293701171875 0.366943359375
-0.0234336853027344 0.0552864074707031 0.16021728515625 0.60675048828125
-0.0830001831054688 0.00594329833984374 -0.1695556640625 0.70562744140625
-0.0517692565917969 -0.0572395324707031 -0.376953125 0.637939453125
0.0118637084960938 -0.0333232879638672 -0.295379638671875 0.39892578125
0.0847244262695313 0.00699615478515625 0.117507934570313 0.155059814453125
0.0465507507324219 0.0131759643554687 0.468017578125 -0.208343505859375
0.0101356506347656 0.00107669830322266 0.46173095703125 -0.59619140625
-0.0249061584472656 -0.00176429748535156 0.0546875 -0.75885009765625
-0.00789070129394531 -0.0132474899291992 -0.3038330078125 -0.62701416015625
0.0228996276855469 0.0116519927978516 -0.415435791015625 -0.404693603515625
0.053192138671875 0.0201911926269531 -0.336181640625 -0.1195068359375
0.103530883789063 0.04473876953125 -0.0386772155761719 0.0226860046386719
0.0997772216796875 0.0793838500976563 0.138168334960938 0.0913848876953125
0.0803146362304688 0.0831756591796875 0.34759521484375 0.211456298828125
0.0417747497558594 0.0552406311035156 0.331573486328125 0.375579833984375
-0.0267219543457031 0.0448150634765625 0.1849365234375 0.61346435546875
-0.099395751953125 0.00628662109374999 -0.13763427734375 0.7113037109375
-0.0737686157226563 -0.0472869873046875 -0.34271240234375 0.63958740234375
-0.0113010406494141 -0.0155210494995117 -0.2738037109375 0.393280029296875
0.064788818359375 0.0251121520996094 0.131484985351563 0.146270751953125
0.0275382995605469 0.0312309265136719 0.485382080078125 -0.2138671875
-0.00830268859863281 0.0122509002685547 0.4849853515625 -0.60040283203125
-0.0441627502441406 0.0035400390625 0.0792236328125 -0.76275634765625
-0.0184288024902344 -0.0164356231689453 -0.28167724609375 -0.63287353515625
0.0275516510009766 0.00490951538085938 -0.399383544921875 -0.405029296875
0.069915771484375 0.0212783813476563 -0.3187255859375 -0.1148681640625
0.120704650878906 0.0587844848632813 -0.0224609375 0.0358085632324219
0.106483459472656 0.0795364379882813 0.15704345703125 0.101181030273438
0.0828704833984375 0.0748443603515625 0.35302734375 0.21942138671875
0.0377044677734375 0.0444831848144531 0.3409423828125 0.391204833984375
-0.0350379943847656 0.0388069152832031 0.208740234375 0.62518310546875
-0.109413146972656 0.00998687744140627 -0.1065673828125 0.7142333984375
-0.0841064453125 -0.0367431640625 -0.30780029296875 0.63226318359375
-0.019989013671875 -0.00244903564453125 -0.24835205078125 0.37689208984375
0.0522308349609375 0.0391769409179688 0.152374267578125 0.128814697265625
0.0159683227539063 0.0427932739257813 0.50555419921875 -0.226318359375
-0.0214481353759766 0.0189132690429687 0.50762939453125 -0.60858154296875
-0.0562286376953125 0.00328826904296875 0.10076904296875 -0.76727294921875
-0.0227775573730469 -0.0240898132324219 -0.26226806640625 -0.6331787109375
0.0331516265869141 -0.00362586975097656 -0.38043212890625 -0.397979736328125
0.0814666748046875 0.0221939086914063 -0.29931640625 -0.105224609375
0.127227783203125 0.0727920532226563 -0.00553131103515624 0.0543365478515625
-0.0496788024902344 -0.0132331848144531 0.0995941162109375 0.091644287109375
-0.0601081848144531 0.0455970764160156 0.292449951171875 0.25103759765625
-0.0445098876953125 0.0797805786132812 0.27337646484375 0.453826904296875
-0.0152587890625 0.0754547119140625 0.11578369140625 0.6925048828125
0.00154018402099609 -0.00333094596862793 -0.203857421875 0.719482421875
0.0699615478515625 -0.0942153930664062 -0.3858642578125 0.58782958984375
0.14019775390625 -0.0911331176757813 -0.244293212890625 0.326873779296875
0.196395874023438 -0.0530548095703125 0.1881103515625 0.073394775390625
0.135452270507812 -0.0516281127929687 0.4659423828125 -0.33221435546875
0.104904174804688 -0.0409774780273438 0.39080810546875 -0.6820068359375
0.056732177734375 -0.0258903503417969 -0.0443115234375 -0.7755126953125
0.0148096084594727 -0.00739192962646484 -0.37109375 -0.5687255859375
-0.0290813446044922 0.0191326141357422 -0.452972412109375 -0.33148193359375
-0.0381050109863281 -0.00921630859374999 -0.333770751953125 -0.083465576171875
-0.0219516754150391 -0.0237846374511719 -0.0368804931640625 0.0359725952148438
-0.0297260284423828 -0.00662994384765625 0.0890884399414063 0.0838088989257813
-0.0488548278808594 0.0464820861816406 0.2969970703125 0.235870361328125
-0.04510498046875 0.0841293334960937 0.2786865234375 0.434967041015625
-0.0241546630859375 0.0850601196289062 0.11279296875 0.6778564453125
-0.00884723663330078 0.00681304931640625 -0.21337890625 0.7222900390625
0.0606002807617188 -0.0871658325195313 -0.40277099609375 0.6109619140625
0.129592895507813 -0.0876693725585938 -0.27008056640625 0.35723876953125
0.1866455078125 -0.0531005859375 0.16259765625 0.099151611328125
0.12591552734375 -0.0517425537109375 0.45294189453125 -0.303985595703125
0.0937423706054687 -0.0436630249023438 0.3834228515625 -0.66717529296875
0.0498504638671875 -0.0307540893554688 -0.0502929687499999 -0.77337646484375
0.0193805694580078 -0.0120906829833984 -0.381591796875 -0.581298828125
-0.0132484436035156 0.0222949981689453 -0.4630126953125 -0.34942626953125
-0.0247268676757813 0.00143241882324219 -0.34832763671875 -0.0945739746093749
-0.00555515289306641 -0.0173311233520508 -0.0481986999511719 0.0202522277832031
-0.00403594970703125 0.00740814208984375 0.0868759155273438 0.0763092041015625
-0.0260467529296875 0.0533561706542969 0.309783935546875 0.223388671875
-0.0347137451171875 0.0833816528320313 0.2894287109375 0.409942626953125
-0.0302505493164063 0.0863418579101563 0.11553955078125 0.6552734375
-0.0255908966064453 0.0138092041015625 -0.2164306640625 0.72113037109375
0.0380172729492188 -0.0804672241210938 -0.41357421875 0.6285400390625
0.108924865722656 -0.080352783203125 -0.29034423828125 0.379425048828125
0.168838500976563 -0.047637939453125 0.141998291015625 0.123077392578125
0.110748291015625 -0.043792724609375 0.447265625 -0.275390625
0.0754165649414063 -0.0389404296875 0.3919677734375 -0.64996337890625
0.0348224639892578 -0.0294723510742188 -0.0408935546875 -0.7711181640625
0.0183849334716797 -0.0165939331054687 -0.37957763671875 -0.5958251953125
0.001251220703125 0.0213680267333984 -0.4649658203125 -0.366943359375
-0.00533199310302734 0.00963115692138672 -0.3583984375 -0.103851318359375
0.0191612243652344 -0.00477981567382813 -0.0568618774414063 0.0118064880371094
0.0258522033691406 0.0292530059814453 0.0926895141601563 0.0723114013671875
0.00415420532226563 0.0646705627441406 0.3271484375 0.21356201171875
-0.0138397216796875 0.0810699462890625 0.3104248046875 0.3873291015625
-0.02911376953125 0.080780029296875 0.13336181640625 0.63226318359375
-0.0453567504882812 0.01556396484375 -0.20562744140625 0.720947265625
0.008941650390625 -0.073211669921875 -0.41058349609375 0.6424560546875
0.077239990234375 -0.0690460205078125 -0.301361083984375 0.39923095703125
0.143600463867188 -0.034393310546875 0.127151489257813 0.141937255859375
0.0907058715820313 -0.028594970703125 0.44873046875 -0.25054931640625
0.0545501708984375 -0.0287628173828125 0.40594482421875 -0.6329345703125
0.0159187316894531 -0.022064208984375 -0.0223388671875 -0.7698974609375
0.0121326446533203 -0.0167331695556641 -0.3675537109375 -0.608642578125
0.0120468139648438 0.0196857452392578 -0.462127685546875 -0.381011962890625
0.0151844024658203 0.0149440765380859 -0.36260986328125 -0.11004638671875
0.0484542846679688 0.00980377197265625 -0.0573577880859375 0.0112686157226562
0.0569686889648438 0.0527229309082031 0.105758666992188 0.0749969482421875
0.0380096435546875 0.0772247314453125 0.344268798828125 0.207305908203125
0.013031005859375 0.0761566162109375 0.32830810546875 0.370025634765625
-0.0238990783691406 0.0702323913574219 0.157470703125 0.61822509765625
-0.064483642578125 0.0118942260742187 -0.18267822265625 0.72125244140625
-0.0241432189941406 -0.0668220520019531 -0.39459228515625 0.65484619140625
0.0426750183105469 -0.0530548095703125 -0.3016357421875 0.41064453125
0.114273071289062 -0.0169525146484375 0.120468139648438 0.152938842773438
0.0692214965820312 -0.00884628295898438 0.458282470703125 -0.233123779296875
0.0321750640869141 -0.0139369964599609 0.429443359375 -0.6243896484375
-0.00492572784423828 -0.0110874176025391 0.00567626953125005 -0.772705078125
0.00164031982421875 -0.0145988464355469 -0.35028076171875 -0.62115478515625
0.0187759399414063 0.0155048370361328 -0.45068359375 -0.392791748046875
0.0362014770507813 0.0178756713867188 -0.35791015625 -0.1124267578125
0.0789718627929687 0.0252151489257812 -0.0507316589355469 0.0151939392089844
0.0840072631835937 0.06964111328125 0.123863220214844 0.079986572265625
0.0664443969726563 0.0845947265625 0.35443115234375 0.203399658203125
0.03533935546875 0.06689453125 0.340972900390625 0.364776611328125
-0.0205955505371094 0.0562210083007812 0.1810302734375 0.61309814453125
-0.0836334228515625 0.00881195068359376 -0.15362548828125 0.72393798828125
-0.0542831420898438 -0.0569992065429687 -0.36334228515625 0.66107177734375
0.0104694366455078 -0.0343399047851563 -0.289459228515625 0.414886474609375
0.0871047973632813 0.00384521484375 0.124130249023438 0.152496337890625
0.0477447509765625 0.0118598937988281 0.47235107421875 -0.22686767578125
0.0106983184814453 0.000945091247558594 0.4530029296875 -0.6220703125
-0.0258750915527344 -0.000850677490234376 0.03277587890625 -0.7755126953125
-0.00937747955322266 -0.0138702392578125 -0.328125 -0.631103515625
0.0240554809570313 0.0107345581054688 -0.43475341796875 -0.40020751953125
0.0552864074707031 0.0192146301269531 -0.3450927734375 -0.112030029296875
0.106399536132813 0.04095458984375 -0.0386466979980469 0.02484130859375
0.103736877441406 0.0784530639648438 0.14300537109375 0.087860107421875
0.0837326049804688 0.0822830200195313 0.360595703125 0.204559326171875
0.0446968078613281 0.0546798706054687 0.34967041015625 0.371490478515625
-0.0254287719726562 0.0452842712402344 0.20684814453125 0.61865234375
-0.100051879882813 0.00930023193359376 -0.12042236328125 0.730224609375
-0.0765457153320313 -0.0457382202148438 -0.329833984375 0.66241455078125
-0.0118398666381836 -0.0164871215820313 -0.2672119140625 0.40771484375
0.065460205078125 0.0234565734863281 0.13787841796875 0.144363403320313
0.0291461944580078 0.0298023223876953 0.4879150390625 -0.2313232421875
-0.00862407684326172 0.0122871398925781 0.477294921875 -0.62506103515625
-0.04400634765625 0.00511932373046874 0.05926513671875 -0.7801513671875
-0.0186862945556641 -0.0165157318115234 -0.30450439453125 -0.63702392578125
0.0281085968017578 0.003143310546875 -0.417510986328125 -0.400909423828125
0.0717086791992188 0.01971435546875 -0.32720947265625 -0.1082763671875
0.1240234375 0.0567092895507813 -0.0207252502441406 0.0372543334960938
0.110580444335938 0.0778656005859375 0.16302490234375 0.09710693359375
0.08685302734375 0.0734710693359375 0.36688232421875 0.2117919921875
0.0401840209960938 0.0444526672363281 0.359375 0.3863525390625
-0.0338821411132812 0.0397491455078125 0.2305908203125 0.6304931640625
-0.1103515625 0.0127716064453125 -0.08770751953125 0.73046875
-0.0865707397460938 -0.0345687866210938 -0.29486083984375 0.65264892578125
-0.0204410552978516 -0.00258064270019531 -0.24298095703125 0.390655517578125
0.0543289184570313 0.03778076171875 0.159103393554687 0.12530517578125
0.0179176330566406 0.0428390502929688 0.50933837890625 -0.246551513671875
-0.0205974578857422 0.0197353363037109 0.49957275390625 -0.63311767578125
-0.0573768615722656 0.00516891479492186 0.0795898437499999 -0.78509521484375
-0.0238094329833984 -0.0244960784912109 -0.28558349609375 -0.63720703125
0.0345878601074219 -0.00494194030761719 -0.399078369140625 -0.393463134765625
0.0831985473632813 0.020172119140625 -0.307952880859375 -0.0996398925781249
0.13116455078125 0.0704421997070313 -0.00396347045898437 0.0551567077636719
-0.0516242980957031 -0.0118980407714844 0.10296630859375 0.088775634765625
-0.0594444274902344 0.0482521057128906 0.304901123046875 0.24542236328125
-0.042449951171875 0.0820541381835938 0.293182373046875 0.45233154296875
-0.0118637084960938 0.0764541625976563 0.139892578125 0.69854736328125
0.0016014575958252 -0.00336456298828125 -0.18353271484375 0.73809814453125
0.068023681640625 -0.09698486328125 -0.37249755859375 0.61004638671875
0.138572692871094 -0.0975265502929688 -0.238433837890625 0.33935546875
0.197280883789063 -0.0605621337890625 0.1929931640625 0.0664825439453125
0.135696411132813 -0.0550308227539063 0.461822509765625 -0.352691650390625
0.105438232421875 -0.0440826416015625 0.3740234375 -0.705322265625
0.0575180053710938 -0.0286712646484375 -0.06890869140625 -0.78497314453125
0.0148859024047852 -0.0086507797241211 -0.39520263671875 -0.56640625
-0.0285835266113281 0.0198116302490234 -0.4688720703125 -0.32183837890625
-0.0388336181640625 -0.00786590576171875 -0.3408203125 -0.0739746093749999
-0.0234050750732422 -0.0236263275146484 -0.03656005859375 0.0376396179199219
-0.0311851501464844 -0.00584602355957031 0.0911941528320313 0.0812454223632813
-0.0480728149414062 0.0483055114746094 0.310028076171875 0.230010986328125
-0.0427322387695313 0.0863037109375 0.296875 0.432037353515625
-0.0209197998046875 0.087432861328125 0.136474609375 0.68389892578125
-0.00843954086303711 0.00838279724121094 -0.193359375 0.7408447265625
0.058837890625 -0.09027099609375 -0.38836669921875 0.63238525390625
0.128326416015625 -0.0933074951171875 -0.263458251953125 0.370086669921875
0.187362670898438 -0.060943603515625 0.1689453125 0.0941314697265625
0.127029418945313 -0.056640625 0.4500732421875 -0.323699951171875
0.094146728515625 -0.0475311279296875 0.36798095703125 -0.6900634765625
0.0501785278320312 -0.03289794921875 -0.076904296875 -0.7843017578125
0.0193710327148438 -0.0140209197998047 -0.40545654296875 -0.57867431640625
-0.0127601623535156 0.0217742919921875 -0.48028564453125 -0.339385986328125
-0.0249176025390625 0.00207901000976562 -0.356170654296875 -0.0858764648437501
-0.00712299346923828 -0.0171546936035156 -0.0489578247070313 0.0221366882324219
-0.00542783737182617 0.00808620452880859 0.0888519287109375 0.0730743408203125
-0.0250473022460938 0.0550765991210938 0.322540283203125 0.21661376953125
-0.0327529907226563 0.08575439453125 0.307830810546875 0.405670166015625
-0.0272598266601562 0.088592529296875 0.13946533203125 0.66021728515625
-0.0250511169433594 0.0153560638427734 -0.19647216796875 0.74005126953125
0.0371627807617187 -0.081878662109375 -0.3994140625 0.65155029296875
0.10699462890625 -0.08563232421875 -0.282928466796875 0.393218994140625
0.170120239257813 -0.0543060302734375 0.148788452148437 0.119232177734375
0.110977172851563 -0.0484542846679688 0.44598388671875 -0.2939453125
0.07684326171875 -0.042327880859375 0.37646484375 -0.673583984375
0.0351123809814453 -0.0317726135253906 -0.0675048828125 -0.7821044921875
0.0173454284667969 -0.0175952911376953 -0.4051513671875 -0.59197998046875
0.00172996520996094 0.0210056304931641 -0.483489990234375 -0.3558349609375
-0.00531673431396485 0.00940799713134766 -0.367340087890625 -0.0943603515625001
0.0186195373535156 -0.00616264343261719 -0.0563735961914063 0.0134544372558594
0.0264148712158203 0.0281352996826172 0.0961532592773437 0.069061279296875
0.00677490234374999 0.0650749206542969 0.33953857421875 0.205322265625
-0.0109786987304688 0.082855224609375 0.328033447265625 0.38153076171875
-0.0265579223632813 0.0826644897460938 0.1556396484375 0.63525390625
-0.0447235107421875 0.0172500610351563 -0.1856689453125 0.73748779296875
0.00658416748046876 -0.074249267578125 -0.39654541015625 0.66607666015625
0.0766067504882813 -0.0715789794921875 -0.29364013671875 0.41357421875
0.14453125 -0.0408172607421875 0.133689880371094 0.138198852539063
0.0914688110351562 -0.0318679809570312 0.448333740234375 -0.268798828125
0.0551338195800781 -0.0304794311523437 0.39202880859375 -0.657958984375
0.0161361694335938 -0.0232086181640625 -0.0477294921875 -0.7830810546875
0.0108814239501953 -0.0174016952514648 -0.39398193359375 -0.60589599609375
0.0122890472412109 0.0192985534667969 -0.48101806640625 -0.37225341796875
0.0156974792480469 0.0148229598999023 -0.3701171875 -0.0993347167968749
0.0500450134277344 0.00776290893554688 -0.0570144653320312 0.0136604309082031
0.0588645935058594 0.0506591796875 0.108894348144531 0.0702285766601563
0.0410232543945313 0.0770797729492188 0.35614013671875 0.198974609375
0.0160903930664062 0.0767745971679688 0.345733642578125 0.36669921875
-0.0215225219726563 0.0711898803710938 0.17974853515625 0.62176513671875
-0.0651702880859375 0.0150947570800781 -0.16363525390625 0.73785400390625
-0.0266990661621094 -0.0668411254882813 -0.37896728515625 0.677490234375
0.0408248901367188 -0.054962158203125 -0.2933349609375 0.4267578125
0.11602783203125 -0.020904541015625 0.127761840820313 0.149139404296875
0.0702552795410156 -0.0111618041992188 0.4581298828125 -0.25140380859375
0.0327968597412109 -0.0152435302734375 0.41644287109375 -0.64892578125
-0.00583839416503906 -0.0114564895629883 -0.0198974609375001 -0.78680419921875
0.00126743316650391 -0.015172004699707 -0.37628173828125 -0.61968994140625
0.019683837890625 0.0150337219238281 -0.470855712890625 -0.383697509765625
0.0370941162109375 0.0172157287597656 -0.366546630859375 -0.1026611328125
0.0805892944335938 0.02362060546875 -0.0506744384765625 0.0171356201171875
0.086761474609375 0.0674896240234375 0.127838134765625 0.076171875
0.0707626342773438 0.083648681640625 0.366973876953125 0.194549560546875
0.0386695861816406 0.0668487548828125 0.358001708984375 0.359130859375
-0.0187797546386719 0.0578384399414063 0.20440673828125 0.6158447265625
-0.0843276977539062 0.0119705200195313 -0.1314697265625 0.74151611328125
-0.0571823120117188 -0.0562782287597656 -0.34881591796875 0.68231201171875
0.00965118408203125 -0.0355339050292969 -0.2803955078125 0.42803955078125
0.0880050659179688 0.00063323974609375 0.130706787109375 0.149566650390625
0.0490493774414063 0.010467529296875 0.4720458984375 -0.246856689453125
0.0112094879150391 -0.000171661376953125 0.440185546875 -0.6458740234375
-0.0262985229492188 -0.000799179077148437 0.00946044921874997 -0.7889404296875
-0.00990867614746094 -0.0140285491943359 -0.35418701171875 -0.62994384765625
0.0243511199951172 0.00956535339355469 -0.452606201171875 -0.392303466796875
0.0564918518066406 0.0180130004882813 -0.353546142578125 -0.101959228515625
0.108993530273438 0.0388031005859375 -0.0379142761230469 0.0257797241210937
0.106460571289063 0.0757980346679688 0.147506713867187 0.0828704833984375
0.0881881713867188 0.080322265625 0.373870849609375 0.19580078125
0.0477981567382813 0.0534095764160156 0.3677978515625 0.3653564453125
-0.0235595703125 0.0465812683105469 0.231201171875 0.6207275390625
-0.100326538085938 0.0124282836914063 -0.0977783203125 0.7449951171875
-0.07916259765625 -0.0435104370117187 -0.3143310546875 0.681640625
-0.0125541687011719 -0.0160655975341797 -0.2601318359375 0.421417236328125
0.0671463012695312 0.020599365234375 0.14453125 0.139556884765625
0.0319271087646484 0.0292186737060547 0.489410400390625 -0.251861572265625
-0.00683689117431641 0.0123805999755859 0.46527099609375 -0.64947509765625
-0.0441436767578125 0.00658416748046875 0.035400390625 -0.7935791015625
-0.0196037292480469 -0.0171794891357422 -0.33184814453125 -0.63836669921875
0.0290851593017578 0.00189018249511719 -0.435272216796875 -0.393768310546875
0.0726776123046875 0.0176925659179688 -0.334930419921875 -0.099517822265625
0.127449035644531 0.053680419921875 -0.0197029113769531 0.0384101867675781
0.114509582519531 0.0750808715820313 0.168609619140625 0.0915374755859375
0.089996337890625 0.0724716186523438 0.378997802734375 0.2027587890625
0.0432815551757813 0.0435218811035156 0.37640380859375 0.380645751953125
-0.0325202941894531 0.0419387817382813 0.25421142578125 0.63189697265625
-0.1114501953125 0.0156478881835938 -0.0643920898437499 0.74462890625
-0.0888442993164063 -0.0326309204101563 -0.278564453125 0.67095947265625
-0.0216083526611328 -0.00195693969726563 -0.23382568359375 0.403594970703125
0.0561294555664063 0.0354766845703125 0.164688110351563 0.1217041015625
0.0203628540039063 0.0423431396484375 0.50836181640625 -0.267547607421875
-0.0195789337158203 0.0196743011474609 0.48638916015625 -0.6611328125
-0.0569496154785156 0.00675201416015624 0.0563964843749999 -0.8017578125
-0.0250930786132812 -0.0241718292236328 -0.31005859375 -0.63818359375
0.0345191955566406 -0.00672531127929688 -0.416961669921875 -0.386962890625
0.0857086181640625 0.018341064453125 -0.315216064453125 -0.0905456542968749
0.134956359863281 0.0667190551757813 -0.00270843505859374 0.0553855895996094
-0.0532455444335937 -0.0106697082519531 0.105430603027344 0.0857620239257813
-0.0589942932128906 0.0509910583496094 0.317596435546875 0.237457275390625
-0.0413360595703125 0.0830917358398438 0.31207275390625 0.44659423828125
-0.00983428955078125 0.0773849487304688 0.16485595703125 0.70184326171875
0.00246691703796387 -0.00248432159423828 -0.16143798828125 0.75360107421875
0.0650100708007813 -0.0995941162109375 -0.3544921875 0.62896728515625
0.135879516601563 -0.102325439453125 -0.23004150390625 0.350860595703125
0.197967529296875 -0.0694732666015625 0.197250366210938 0.0595855712890625
0.135879516601563 -0.06060791015625 0.455352783203125 -0.372039794921875
0.105972290039063 -0.048553466796875 0.35418701171875 -0.7255859375
0.0575447082519531 -0.0308418273925781 -0.0967407226562501 -0.79144287109375
0.0138740539550781 -0.00884151458740234 -0.41943359375 -0.55804443359375
-0.0284824371337891 0.0203475952148438 -0.485443115234375 -0.310272216796875
-0.0407333374023437 -0.00728988647460937 -0.347412109375 -0.0629577636718749
-0.0247421264648437 -0.0236911773681641 -0.0353164672851562 0.0391159057617188
-0.0324211120605469 -0.0061492919921875 0.093963623046875 0.077880859375
-0.0467491149902344 0.0503273010253906 0.322479248046875 0.222686767578125
-0.0408706665039063 0.0879745483398437 0.31585693359375 0.42510986328125
-0.0182952880859375 0.0878067016601563 0.1617431640625 0.68597412109375
-0.00639057159423828 0.00913810729980469 -0.17108154296875 0.75628662109375
0.0561904907226563 -0.0931549072265625 -0.3724365234375 0.6531982421875
0.126243591308594 -0.0985488891601563 -0.253021240234375 0.382110595703125
0.1866455078125 -0.0685272216796875 0.173812866210938 0.087677001953125
0.126983642578125 -0.0614547729492187 0.444244384765625 -0.342193603515625
0.09454345703125 -0.0506362915039062 0.3472900390625 -0.7100830078125
0.0492286682128906 -0.034942626953125 -0.10369873046875 -0.7894287109375
0.0177574157714844 -0.0152072906494141 -0.4302978515625 -0.570068359375
-0.0126419067382812 0.0233726501464844 -0.49505615234375 -0.3267822265625
-0.0258216857910156 0.00262451171875 -0.3634033203125 -0.0744628906250001
-0.00777053833007813 -0.017094612121582 -0.048614501953125 0.0244255065917969
-0.00566625595092773 0.00774431228637695 0.091705322265625 0.0698623657226563
-0.0239982604980469 0.0548591613769531 0.332733154296875 0.207366943359375
-0.029693603515625 0.087127685546875 0.326141357421875 0.3990478515625
-0.0236129760742188 0.0891036987304688 0.1644287109375 0.66259765625
-0.0239887237548828 0.0165920257568359 -0.173828125 0.75531005859375
0.0340499877929688 -0.0836563110351562 -0.3814697265625 0.67279052734375
0.10528564453125 -0.0897140502929688 -0.27203369140625 0.407379150390625
0.169464111328125 -0.0613861083984375 0.15411376953125 0.113601684570313
0.111640930175781 -0.052581787109375 0.4403076171875 -0.31298828125
0.0764541625976563 -0.0446701049804687 0.3564453125 -0.6923828125
0.0347633361816406 -0.0327396392822266 -0.0953369140625 -0.7901611328125
0.0168361663818359 -0.0186958312988281 -0.42926025390625 -0.58502197265625
0.00197982788085937 0.0208759307861328 -0.500213623046875 -0.344390869140625
-0.00561714172363281 0.0100955963134766 -0.37420654296875 -0.0826721191406249
0.0179519653320312 -0.00728225708007813 -0.0569534301757812 0.0158920288085937
0.0263957977294922 0.0276355743408203 0.0978317260742187 0.0658645629882813
0.00823974609374999 0.0648612976074219 0.350311279296875 0.196563720703125
-0.00760650634765626 0.0833358764648438 0.3441162109375 0.37518310546875
-0.0229034423828125 0.0839080810546875 0.179931640625 0.637939453125
-0.04339599609375 0.0189933776855469 -0.16314697265625 0.7515869140625
0.00389099121093751 -0.07525634765625 -0.378662109375 0.68682861328125
0.0739288330078125 -0.075775146484375 -0.283477783203125 0.42620849609375
0.144119262695313 -0.046966552734375 0.139900207519531 0.133773803710938
0.0915756225585938 -0.035369873046875 0.443145751953125 -0.288238525390625
0.0555572509765625 -0.0325698852539063 0.371826171875 -0.6781005859375
0.0153045654296875 -0.0239086151123047 -0.0743408203124999 -0.78997802734375
0.00986099243164062 -0.0177593231201172 -0.41973876953125 -0.599365234375
0.0128231048583984 0.0181064605712891 -0.49774169921875 -0.35943603515625
0.0164737701416016 0.0142669677734375 -0.377349853515625 -0.087921142578125
0.0499839782714844 0.00595855712890625 -0.0580482482910156 0.0152740478515625
0.0604400634765625 0.0490646362304688 0.111976623535156 0.0663375854492188
0.0443038940429688 0.07708740234375 0.368194580078125 0.189361572265625
0.0198287963867188 0.0768890380859375 0.362213134765625 0.356689453125
-0.0182723999023438 0.0726089477539063 0.2034912109375 0.6220703125
-0.0640907287597656 0.0173873901367188 -0.13983154296875 0.7525634765625
-0.028900146484375 -0.066253662109375 -0.36016845703125 0.6981201171875
0.0390167236328125 -0.0566139221191406 -0.282012939453125 0.44012451171875
0.115989685058594 -0.0264739990234375 0.133499145507813 0.145614624023438
0.0710372924804688 -0.013702392578125 0.454193115234375 -0.270050048828125
0.0338516235351563 -0.0160236358642578 0.3980712890625 -0.6700439453125
-0.00580787658691406 -0.0112724304199219 -0.0482177734375 -0.79443359375
0.000794410705566406 -0.0153951644897461 -0.40167236328125 -0.61456298828125
0.0202484130859375 0.0143222808837891 -0.48651123046875 -0.372467041015625
0.037841796875 0.0154914855957031 -0.373016357421875 -0.091094970703125
0.0819015502929688 0.02001953125 -0.0503044128417969 0.0183868408203125
0.0892486572265625 0.0651016235351563 0.131370544433594 0.070709228515625
0.0743637084960938 0.082275390625 0.37884521484375 0.18359375
0.0416679382324219 0.0653572082519531 0.374755859375 0.34991455078125
-0.0166664123535156 0.0590248107910156 0.22845458984375 0.61419677734375
-0.083343505859375 0.0147628784179687 -0.10791015625 0.7520751953125
-0.0596237182617187 -0.0546226501464844 -0.3291015625 0.70086669921875
0.0072784423828125 -0.0370101928710938 -0.26947021484375 0.442535400390625
0.0892562866210938 -0.00305938720703125 0.137115478515625 0.144989013671875
0.05108642578125 0.00816726684570313 0.4676513671875 -0.26593017578125
0.0120334625244141 -0.000512123107910156 0.423583984375 -0.66845703125
-0.0254573822021484 0.00049018859863281 -0.01776123046875 -0.79766845703125
-0.0109195709228516 -0.0137205123901367 -0.3802490234375 -0.625244140625
0.0255355834960938 0.00845909118652344 -0.4708251953125 -0.379669189453125
0.0577354431152344 0.0165863037109375 -0.359649658203125 -0.0917663574218751
0.110580444335938 0.0350189208984375 -0.0373077392578125 0.0268936157226563
0.109352111816406 0.072052001953125 0.151412963867188 0.0774688720703125
0.0922927856445313 0.0792694091796875 0.3858642578125 0.184173583984375
0.0504150390625 0.0532684326171875 0.38397216796875 0.356689453125
-0.0210189819335938 0.0473403930664062 0.25286865234375 0.6185302734375
-0.100090026855469 0.015838623046875 -0.0732421875000001 0.75537109375
-0.0819778442382812 -0.0424423217773438 -0.2947998046875 0.69964599609375
-0.0143470764160156 -0.0157957077026367 -0.24871826171875 0.434844970703125
0.0692138671875 0.0172004699707031 0.1505126953125 0.13543701171875
0.0331974029541016 0.0278606414794922 0.485748291015625 -0.272125244140625
-0.00597476959228516 0.0133495330810547 0.4476318359375 -0.67333984375
-0.0448493957519531 0.00819778442382812 0.00878906249999991 -0.8046875
-0.0206565856933594 -0.0165042877197266 -0.3570556640625 -0.63275146484375
0.0292205810546875 0.00129318237304688 -0.45184326171875 -0.383148193359375
0.0741806030273438 0.0158767700195313 -0.341400146484375 -0.089630126953125
0.130470275878906 0.0496673583984375 -0.0196990966796875 0.0392684936523438
0.117485046386719 0.0710830688476563 0.172958374023438 0.08489990234375
0.0940780639648438 0.0703964233398438 0.390625 0.19171142578125
0.0453453063964844 0.0427703857421875 0.39349365234375 0.3704833984375
-0.0301055908203125 0.0417976379394531 0.279296875 0.62799072265625
-0.110946655273438 0.019775390625 -0.040771484375 0.7547607421875
-0.0904998779296875 -0.0291595458984375 -0.2587890625 0.6873779296875
-0.0222377777099609 -0.00118255615234375 -0.222686767578125 0.416473388671875
0.0583343505859375 0.0328941345214844 0.1700439453125 0.115036010742188
0.022003173828125 0.0420608520507813 0.50604248046875 -0.2877197265625
-0.0191478729248047 0.0205001831054688 0.469970703125 -0.68511962890625
-0.0568122863769531 0.00782775878906251 0.0303344726562501 -0.81201171875
-0.0264472961425781 -0.0241947174072266 -0.33551025390625 -0.63482666015625
0.0345458984375 -0.00840187072753906 -0.432952880859375 -0.378173828125
0.08685302734375 0.0159530639648438 -0.3212890625 -0.081451416015625
0.138496398925781 0.0632095336914063 -8.39233398437359E-05 0.055694580078125
-0.0552482604980469 -0.00909042358398436 0.107124328613281 0.081939697265625
-0.0572929382324219 0.0528335571289062 0.328460693359375 0.22808837890625
-0.0392837524414063 0.086029052734375 0.327880859375 0.43896484375
-0.0068817138671875 0.0779342651367188 0.19207763671875 0.69891357421875
0.00281143188476563 -0.0023643970489502 -0.13623046875 0.76312255859375
0.06201171875 -0.101341247558594 -0.33587646484375 0.64715576171875
0.131736755371094 -0.107872009277344 -0.219635009765625 0.358917236328125
0.195663452148437 -0.0771026611328125 0.200851440429687 0.0503692626953125
0.134689331054688 -0.065032958984375 0.44512939453125 -0.3900146484375
0.1058349609375 -0.0519027709960938 0.329833984375 -0.7425537109375
0.0562629699707031 -0.0328140258789063 -0.1246337890625 -0.79248046875
0.0124349594116211 -0.0103263854980469 -0.440765380859375 -0.54644775390625
-0.0289535522460938 0.0210723876953125 -0.496063232421875 -0.293670654296875
-0.0415267944335938 -0.00617218017578125 -0.35076904296875 -0.050628662109375
-0.0261764526367187 -0.0233421325683594 -0.0358390808105469 0.0408287048339844
-0.0333976745605469 -0.00500297546386719 0.0969390869140625 0.0732040405273438
-0.0456657409667969 0.0516815185546875 0.332061767578125 0.21246337890625
-0.0368194580078125 0.0892791748046875 0.332672119140625 0.41741943359375
-0.0150909423828125 0.0879440307617188 0.18731689453125 0.683349609375
-0.0059967041015625 0.00925636291503906 -0.14727783203125 0.7664794921875
0.0533905029296875 -0.0939483642578125 -0.35101318359375 0.6710205078125
0.122978210449219 -0.103408813476563 -0.2415771484375 0.39190673828125
0.186050415039063 -0.07550048828125 0.177276611328125 0.0807952880859375
0.125694274902344 -0.0659332275390625 0.43463134765625 -0.360443115234375
0.0942840576171875 -0.05419921875 0.32586669921875 -0.7264404296875
0.0479469299316406 -0.0377540588378906 -0.13311767578125 -0.79229736328125
0.01654052734375 -0.0156373977661133 -0.453521728515625 -0.55908203125
-0.0118122100830078 0.0225467681884766 -0.509796142578125 -0.3126220703125
-0.0266742706298828 0.00344657897949219 -0.367279052734375 -0.061920166015625
-0.00900840759277344 -0.0173625946044922 -0.0486335754394531 0.0262680053710938
-0.00592851638793945 0.00738811492919922 0.0933074951171875 0.0662078857421875
-0.0219001770019531 0.0562400817871094 0.343109130859375 0.197479248046875
-0.02703857421875 0.0884170532226563 0.342041015625 0.388916015625
-0.019805908203125 0.0899200439453125 0.187744140625 0.6593017578125
-0.0227012634277344 0.0180721282958984 -0.14715576171875 0.76544189453125
0.0322036743164063 -0.0848541259765625 -0.3616943359375 0.6884765625
0.101959228515625 -0.0929183959960938 -0.259124755859375 0.41900634765625
0.168914794921875 -0.06842041015625 0.158172607421875 0.107315063476563
0.11077880859375 -0.0574798583984375 0.431304931640625 -0.329010009765625
0.076751708984375 -0.0486373901367187 0.33514404296875 -0.71148681640625
0.0339851379394531 -0.0338001251220703 -0.12347412109375 -0.79180908203125
0.0151329040527344 -0.01861572265625 -0.45367431640625 -0.57403564453125
0.00308418273925781 0.0206279754638672 -0.513031005859375 -0.328216552734375
-0.00543212890625 0.00991058349609375 -0.378204345703125 -0.0703125
0.0174961090087891 -0.00711917877197266 -0.056671142578125 0.0185928344726563
0.0267105102539063 0.0268192291259766 0.100120544433594 0.061553955078125
0.0105171203613281 0.0652503967285156 0.360137939453125 0.1849365234375
-0.00495910644531249 0.08416748046875 0.3599853515625 0.364654541015625
-0.02032470703125 0.0850296020507813 0.203369140625 0.6336669921875
-0.0426025390625 0.0199928283691406 -0.13623046875 0.76300048828125
0.00156402587890626 -0.0755386352539063 -0.35675048828125 0.7030029296875
0.0714797973632813 -0.0784378051757813 -0.270782470703125 0.438812255859375
0.14300537109375 -0.05218505859375 0.14471435546875 0.12713623046875
0.0924758911132813 -0.0396270751953125 0.43731689453125 -0.305511474609375
0.0555267333984375 -0.0353775024414062 0.35125732421875 -0.6947021484375
0.015106201171875 -0.0243759155273438 -0.1024169921875 -0.79290771484375
0.00899314880371093 -0.0189285278320312 -0.44122314453125 -0.58734130859375
0.0137224197387695 0.0169887542724609 -0.51092529296875 -0.342437744140625
0.0166702270507813 0.0139541625976563 -0.382659912109375 -0.0751647949218749
0.0496978759765625 0.00398635864257812 -0.0574722290039063 0.0174331665039062
0.0610771179199219 0.0470314025878906 0.113876342773438 0.062042236328125
0.0467681884765625 0.0760498046875 0.37713623046875 0.17706298828125
0.0221710205078125 0.0766220092773438 0.378173828125 0.346405029296875
-0.0153732299804687 0.0729293823242187 0.22674560546875 0.61724853515625
-0.062530517578125 0.0191001892089844 -0.114990234375 0.76080322265625
-0.0314407348632813 -0.0651779174804688 -0.3388671875 0.715087890625
0.0367088317871094 -0.0590782165527344 -0.269927978515625 0.45220947265625
0.115402221679688 -0.0306167602539063 0.138511657714844 0.1400146484375
0.07110595703125 -0.0164031982421875 0.447418212890625 -0.287750244140625
0.0342979431152344 -0.0177879333496094 0.37677001953125 -0.68756103515625
-0.00506973266601563 -0.0113296508789062 -0.07623291015625 -0.7974853515625
-0.000790596008300782 -0.0164146423339844 -0.42706298828125 -0.60430908203125
0.0211353302001953 0.0131206512451172 -0.501495361328125 -0.35772705078125
0.0378341674804688 0.0151710510253906 -0.3773193359375 -0.079071044921875
0.0835189819335938 0.017333984375 -0.0503807067871094 0.02032470703125
0.0919876098632813 0.0621414184570313 0.1339111328125 0.0650405883789063
0.0777206420898438 0.0806884765625 0.388214111328125 0.170501708984375
0.0443191528320313 0.06488037109375 0.388763427734375 0.33978271484375
-0.013824462890625 0.0594367980957031 0.25067138671875 0.60931396484375
-0.083160400390625 0.0176620483398437 -0.0821533203124999 0.75958251953125
-0.0614852905273438 -0.053314208984375 -0.30767822265625 0.71697998046875
0.00605010986328125 -0.0374336242675781 -0.25616455078125 0.45330810546875
0.0892562866210937 -0.00762176513671875 0.1429443359375 0.140335083007813
0.0515480041503906 0.00673675537109375 0.4617919921875 -0.284820556640625
0.0124425888061523 -0.00091552734375 0.40032958984375 -0.68621826171875
-0.0255661010742187 0.00115776062011718 -0.046142578125 -0.80255126953125
-0.0121421813964844 -0.0149326324462891 -0.40338134765625 -0.61590576171875
0.0260429382324219 0.00712776184082031 -0.48541259765625 -0.366363525390625
0.0587844848632813 0.0141143798828125 -0.363739013671875 -0.0795898437500001
0.111526489257813 0.0312957763671875 -0.0361824035644531 0.028564453125
0.112113952636719 0.0697555541992187 0.155105590820313 0.0706634521484375
0.0947952270507813 0.0763702392578125 0.3939208984375 0.17120361328125
0.0529365539550781 0.0511550903320313 0.39849853515625 0.343536376953125
-0.0194053649902344 0.0478668212890625 0.277587890625 0.61163330078125
-0.100433349609375 0.0190048217773437 -0.04730224609375 0.76287841796875
-0.0836639404296875 -0.0387496948242188 -0.271728515625 0.71405029296875
-0.0155496597290039 -0.0152759552001953 -0.234649658203125 0.445831298828125
0.069427490234375 0.0148544311523438 0.155670166015625 0.128585815429688
0.0352058410644531 0.0264739990234375 0.479766845703125 -0.292236328125
-0.00480842590332031 0.0133724212646484 0.4259033203125 -0.69293212890625
-0.044036865234375 0.00968170166015626 -0.0180664062499999 -0.8106689453125
-0.0212860107421875 -0.0162696838378906 -0.380859375 -0.6258544921875
0.0291748046875 -0.000757217407226563 -0.46697998046875 -0.37066650390625
0.0749053955078125 0.0136184692382813 -0.34674072265625 -0.0780334472656249
0.132537841796875 0.045074462890625 -0.01788330078125 0.0400314331054687
0.119178771972656 0.0673675537109375 0.175689697265625 0.0782012939453125
0.0972366333007813 0.0677337646484375 0.400970458984375 0.17645263671875
0.04718017578125 0.0412788391113281 0.409423828125 0.35888671875
-0.0284576416015625 0.0436935424804688 0.30242919921875 0.62109375
-0.109657287597656 0.0233078002929688 -0.0143432617187501 0.7606201171875
-0.092681884765625 -0.0273971557617188 -0.23638916015625 0.70062255859375
-0.0234279632568359 -0.000494003295898437 -0.2103271484375 0.42535400390625
0.0594482421875 0.0308113098144531 0.174224853515625 0.108016967773438
0.0244178771972656 0.0407066345214844 0.497833251953125 -0.30816650390625
-0.0166072845458984 0.0211963653564453 0.4486083984375 -0.704833984375
-0.0567893981933594 0.00997161865234374 0.00225830078124999 -0.81793212890625
-0.0268135070800781 -0.0239048004150391 -0.35980224609375 -0.62835693359375
0.0349559783935547 -0.00968360900878906 -0.447479248046875 -0.363983154296875
0.0881423950195312 0.0134963989257812 -0.325042724609375 -0.071014404296875
0.142166137695313 0.0583038330078125 0.00255966186523438 0.0556640625
-0.0556755065917969 -0.00725555419921874 0.109214782714844 0.0783538818359375
-0.0556640625 0.054229736328125 0.336944580078125 0.21734619140625
-0.0356521606445313 0.0864410400390625 0.344085693359375 0.429229736328125
-0.00412750244140626 0.0770187377929688 0.217041015625 0.69415283203125
0.00372457504272461 -0.00188946723937988 -0.10888671875 0.77166748046875
0.0585556030273437 -0.103179931640625 -0.31585693359375 0.65899658203125
0.126983642578125 -0.112564086914063 -0.20947265625 0.36590576171875
0.193405151367188 -0.08489990234375 0.202285766601563 0.041595458984375
0.133773803710938 -0.0699539184570313 0.431854248046875 -0.4071044921875
0.104904174804688 -0.0557937622070313 0.3060302734375 -0.7550048828125
0.0556182861328125 -0.0343818664550781 -0.15411376953125 -0.79071044921875
0.0114545822143555 -0.0103950500488281 -0.460968017578125 -0.53302001953125
-0.0282611846923828 0.0214061737060547 -0.507659912109375 -0.277984619140625
-0.0417861938476563 -0.00555801391601563 -0.35321044921875 -0.03936767578125
-0.0274028778076172 -0.0226573944091797 -0.0337066650390625 0.0429496765136719
-0.0343532562255859 -0.00411224365234376 0.0980758666992187 0.0703887939453125
-0.0444107055664062 0.0531234741210938 0.3416748046875 0.20111083984375
-0.0351943969726562 0.0904693603515625 0.346649169921875 0.406036376953125
-0.0115737915039062 0.0886459350585938 0.21142578125 0.67657470703125
-0.00553703308105469 0.0102558135986328 -0.11859130859375 0.77288818359375
0.05072021484375 -0.0960235595703125 -0.32904052734375 0.68280029296875
0.118797302246094 -0.107147216796875 -0.229461669921875 0.40020751953125
0.182937622070313 -0.0832977294921875 0.18011474609375 0.0723876953125
0.124137878417969 -0.07073974609375 0.4227294921875 -0.376617431640625
0.0925064086914063 -0.058563232421875 0.30059814453125 -0.73992919921875
0.0469131469726563 -0.0388679504394531 -0.15960693359375 -0.78778076171875
0.0158605575561523 -0.0163393020629883 -0.472137451171875 -0.543914794921875
-0.0119953155517578 0.0224781036376953 -0.519866943359375 -0.29449462890625
-0.0263786315917969 0.00357818603515625 -0.369384765625 -0.0503540039062499
-0.0104351043701172 -0.0174617767333984 -0.0471916198730469 0.02789306640625
-0.00649404525756836 0.0071568489074707 0.0956573486328125 0.0615921020507813
-0.0203742980957031 0.05670166015625 0.351104736328125 0.185699462890625
-0.0243606567382813 0.088623046875 0.356536865234375 0.378387451171875
-0.0166473388671875 0.0900955200195313 0.21307373046875 0.6531982421875
-0.0215415954589844 0.01873779296875 -0.12139892578125 0.77264404296875
0.0292587280273438 -0.0862503051757813 -0.33880615234375 0.702392578125
0.0982589721679688 -0.097869873046875 -0.248443603515625 0.42718505859375
0.166122436523438 -0.0757904052734375 0.16241455078125 0.09954833984375
0.109291076660156 -0.0605621337890625 0.420654296875 -0.34619140625
0.0756378173828125 -0.0515213012695313 0.31097412109375 -0.72393798828125
0.0323486328125 -0.0348930358886719 -0.15142822265625 -0.788330078125
0.0144367218017578 -0.0202598571777344 -0.473724365234375 -0.5587158203125
0.00319862365722656 0.0203285217285156 -0.524627685546875 -0.31060791015625
-0.00490379333496094 0.00970268249511719 -0.381103515625 -0.0581054687499999
0.0166234970092773 -0.00769710540771485 -0.0561866760253906 0.0203857421875
0.0269355773925781 0.0254020690917969 0.101898193359375 0.05706787109375
0.0126876831054688 0.0649833679199219 0.367340087890625 0.173126220703125
-0.0023040771484375 0.083709716796875 0.372283935546875 0.35186767578125
-0.0163192749023437 0.0846405029296875 0.22540283203125 0.62786865234375
-0.0416412353515625 0.0216636657714844 -0.1097412109375 0.76837158203125
-0.000381469726562497 -0.0753631591796875 -0.3338623046875 0.7166748046875
0.0674591064453125 -0.0806503295898438 -0.25714111328125 0.44647216796875
0.141769409179688 -0.0584259033203125 0.148605346679687 0.120895385742187
0.0917587280273438 -0.0420913696289063 0.426544189453125 -0.32037353515625
0.0553207397460938 -0.0373077392578125 0.329345703125 -0.7098388671875
0.0142784118652344 -0.0243606567382813 -0.1304931640625 -0.79083251953125
0.00773811340332031 -0.0192794799804688 -0.4630126953125 -0.5740966796875
0.0144748687744141 0.0159378051757813 -0.522735595703125 -0.327392578125
0.0168352127075195 0.0124912261962891 -0.38446044921875 -0.06243896484375
0.0496482849121094 0.00250244140625 -0.0569038391113281 0.0187263488769531
0.0624160766601563 0.0443305969238281 0.116142272949219 0.0566787719726563
0.04962158203125 0.0743179321289063 0.384765625 0.163665771484375
0.0254974365234375 0.0753555297851563 0.390228271484375 0.333740234375
-0.0120391845703125 0.072021484375 0.24822998046875 0.60888671875
-0.0621528625488281 0.0220909118652344 -0.0877685546875 0.76507568359375
-0.0343246459960937 -0.0636444091796875 -0.31463623046875 0.72686767578125
0.0340003967285156 -0.0596351623535156 -0.255523681640625 0.4615478515625
0.114425659179687 -0.0359573364257813 0.143478393554687 0.1341552734375
0.0711288452148437 -0.0191726684570312 0.438232421875 -0.30401611328125
0.0344181060791016 -0.0196399688720703 0.35235595703125 -0.70404052734375
-0.00585079193115234 -0.0112113952636719 -0.10406494140625 -0.79766845703125
-0.00178718566894531 -0.0156879425048828 -0.446533203125 -0.59002685546875
0.0213737487792969 0.0115776062011719 -0.514373779296875 -0.342071533203125
0.0387954711914063 0.0133094787597656 -0.38037109375 -0.0669250488281251
0.0832672119140625 0.015167236328125 -0.050048828125 0.0222129821777344
0.0931472778320313 0.0594329833984375 0.134880065917969 0.0595779418945313
0.0805740356445312 0.0779037475585938 0.39471435546875 0.1556396484375
0.0463447570800781 0.0626373291015625 0.401458740234375 0.32635498046875
-0.0112380981445312 0.0594711303710938 0.27264404296875 0.6014404296875
-0.0812911987304688 0.0212860107421875 -0.0554199218750001 0.764892578125
-0.06341552734375 -0.0498428344726563 -0.2841796875 0.72802734375
0.00432968139648438 -0.0367088317871094 -0.241058349609375 0.461578369140625
0.088623046875 -0.011138916015625 0.146926879882813 0.133499145507813
0.0519332885742188 0.00487899780273438 0.453765869140625 -0.299652099609375
0.0141925811767578 -0.00192070007324219 0.37738037109375 -0.70166015625
-0.0253372192382813 0.00206565856933594 -0.073974609375 -0.80291748046875
-0.0123977661132813 -0.0143260955810547 -0.427001953125 -0.60174560546875
0.0258808135986328 0.00637245178222656 -0.498016357421875 -0.351318359375
0.0586433410644531 0.0121879577636719 -0.366180419921875 -0.06805419921875
0.113197326660156 0.0266036987304688 -0.0357246398925781 0.0291404724121094
0.113914489746094 0.0654296875 0.156326293945312 0.064300537109375
0.098602294921875 0.07281494140625 0.40283203125 0.156890869140625
0.0556068420410156 0.0501251220703125 0.41070556640625 0.3316650390625
-0.0166397094726562 0.0484619140625 0.2989501953125 0.603515625
-0.098907470703125 0.0224227905273437 -0.0215454101562499 0.7642822265625
-0.0846023559570313 -0.0364990234375 -0.2471923828125 0.72381591796875
-0.0163412094116211 -0.0152301788330078 -0.22076416015625 0.453216552734375
0.0697593688964844 0.0116958618164062 0.16021728515625 0.122833251953125
0.0364227294921875 0.0251388549804687 0.470245361328125 -0.309326171875
-0.00385856628417969 0.0124711990356445 0.403564453125 -0.70904541015625
-0.0436897277832031 0.0111618041992188 -0.0466918945312499 -0.8123779296875
-0.0223350524902344 -0.0161571502685547 -0.40380859375 -0.614501953125
0.0293312072753906 -0.00214004516601563 -0.47955322265625 -0.35504150390625
0.0757980346679688 0.0111083984375 -0.34820556640625 -0.066864013671875
0.134017944335938 0.0402755737304688 -0.0164794921875 0.0401954650878906
0.1219482421875 0.0644912719726562 0.17779541015625 0.070953369140625
0.10015869140625 0.0646209716796875 0.408203125 0.16339111328125
0.0494041442871094 0.0391426086425781 0.421478271484375 0.344635009765625
-0.0267715454101563 0.0438995361328125 0.323974609375 0.61175537109375
-0.108421325683594 0.0272979736328125 0.0122680664062499 0.76123046875
-0.09228515625 -0.0234451293945313 -0.21221923828125 0.71026611328125
-0.0240745544433594 0.000375747680664062 -0.195648193359375 0.43255615234375
0.0594024658203125 0.0282173156738281 0.179046630859375 0.100906372070313
0.0259780883789063 0.0397415161132813 0.488922119140625 -0.326080322265625
-0.0159549713134766 0.0202465057373047 0.42498779296875 -0.7230224609375
-0.0564956665039063 0.0119667053222656 -0.02490234375 -0.81976318359375
-0.0285072326660156 -0.0227260589599609 -0.3829345703125 -0.6163330078125
0.0344944000244141 -0.0114650726318359 -0.46087646484375 -0.3502197265625
0.0880508422851563 0.0109100341796875 -0.327789306640625 -0.060028076171875
0.14276123046875 0.053436279296875 0.00410842895507814 0.0561408996582031
-0.0564002990722656 -0.00567245483398437 0.11041259765625 0.072052001953125
-0.0544204711914062 0.0563507080078125 0.34490966796875 0.20501708984375
-0.0335845947265625 0.0873565673828125 0.35723876953125 0.418182373046875
-0.0012359619140625 0.07745361328125 0.24005126953125 0.68280029296875
0.00486898422241211 -0.00212526321411133 -0.0833129882812499 0.77423095703125
0.0549392700195313 -0.103248596191406 -0.28985595703125 0.66827392578125
0.11944580078125 -0.116867065429688 -0.19903564453125 0.370086669921875
0.18804931640625 -0.090362548828125 0.201385498046875 0.0322418212890625
0.128959655761719 -0.0751419067382813 0.417449951171875 -0.41864013671875
0.104415893554687 -0.0595474243164063 0.277587890625 -0.76165771484375
0.0533790588378906 -0.0371284484863281 -0.1800537109375 -0.78240966796875
0.0108375549316406 -0.0108003616333008 -0.4781494140625 -0.5166015625
-0.0281047821044922 0.0223312377929688 -0.51226806640625 -0.260986328125
-0.0418624877929688 -0.00346755981445312 -0.353759765625 -0.0290222167968751
-0.0302505493164062 -0.0220928192138672 -0.0332107543945313 0.04364013671875
-0.0350456237792969 -0.00311851501464844 0.099029541015625 0.065643310546875
-0.0406951904296875 0.0544815063476563 0.3468017578125 0.188446044921875
-0.030426025390625 0.0915908813476563 0.356842041015625 0.392059326171875
-0.00990295410156249 0.0862960815429688 0.23284912109375 0.66668701171875
-0.00382804870605469 0.00919628143310547 -0.0949096679687499 0.7724609375
0.0462112426757813 -0.0979156494140625 -0.30615234375 0.69073486328125
0.11480712890625 -0.111717224121094 -0.215576171875 0.405853271484375
0.178207397460938 -0.0914764404296875 0.182647705078125 0.0638885498046875
0.123558044433594 -0.075225830078125 0.408599853515625 -0.390777587890625
0.0922317504882813 -0.0607681274414063 0.275390625 -0.74578857421875
0.0458717346191406 -0.0412139892578125 -0.18426513671875 -0.7802734375
0.0151138305664062 -0.0154571533203125 -0.490020751953125 -0.52667236328125
-0.0120983123779297 0.0236968994140625 -0.52593994140625 -0.2789306640625
-0.0272216796875 0.00523567199707031 -0.37078857421875 -0.036865234375
-0.0122299194335937 -0.0173854827880859 -0.0465774536132813 0.0292091369628906
-0.00749015808105469 0.0085453987121582 0.0953216552734375 0.0566558837890625
-0.0178947448730469 0.0573539733886719 0.3582763671875 0.173858642578125
-0.0223312377929687 0.087738037109375 0.367156982421875 0.36346435546875
-0.0136871337890625 0.0896835327148438 0.2320556640625 0.64434814453125
-0.0195121765136719 0.0191421508789063 -0.0955200195312501 0.77374267578125
0.0260543823242187 -0.0849838256835938 -0.31298828125 0.7098388671875
0.0933303833007813 -0.100822448730469 -0.232330322265625 0.432830810546875
0.163055419921875 -0.0825347900390625 0.166000366210938 0.0922088623046875
0.107688903808594 -0.0628128051757813 0.4090576171875 -0.359588623046875
0.073394775390625 -0.0517044067382812 0.28466796875 -0.73065185546875
0.029388427734375 -0.0368270874023438 -0.17694091796875 -0.78131103515625
0.0124568939208984 -0.0212345123291016 -0.490386962890625 -0.54022216796875
0.00432014465332031 0.0198516845703125 -0.531646728515625 -0.294189453125
-0.00522041320800781 0.0107059478759766 -0.381805419921875 -0.044281005859375
0.0156307220458984 -0.0106544494628906 -0.0565681457519531 0.0229644775390625
0.0269222259521484 0.0235767364501953 0.102638244628906 0.0525970458984375
0.0163459777832031 0.0632057189941406 0.373565673828125 0.159271240234375
0.00148773193359375 0.0832290649414063 0.383453369140625 0.33795166015625
-0.0144805908203125 0.0847854614257813 0.24407958984375 0.61468505859375
-0.03948974609375 0.0252532958984375 -0.08673095703125 0.76885986328125
-0.0018768310546875 -0.0735702514648438 -0.3079833984375 0.72509765625
0.0628280639648438 -0.0807876586914063 -0.240875244140625 0.45135498046875
0.139808654785156 -0.0617904663085937 0.1514892578125 0.113067626953125
0.0900955200195313 -0.04595947265625 0.4129638671875 -0.3343505859375
0.0533218383789063 -0.0381050109863281 0.3023681640625 -0.7186279296875
0.0127429962158203 -0.0250129699707031 -0.15814208984375 -0.78509521484375
0.006561279296875 -0.0206012725830078 -0.483489990234375 -0.554718017578125
0.0154523849487305 0.0171899795532227 -0.53240966796875 -0.3067626953125
0.0184040069580078 0.0120048522949219 -0.385009765625 -0.0502014160156249
0.0505027770996094 0.0003509521484375 -0.0563735961914063 0.0189323425292969
0.0627593994140625 0.0410537719726563 0.117256164550781 0.0523681640625
0.0515365600585938 0.0708541870117188 0.388580322265625 0.148895263671875
0.0288619995117187 0.0716934204101563 0.401611328125 0.319305419921875
-0.0114898681640625 0.0721664428710938 0.2686767578125 0.600341796875
-0.0600204467773437 0.0221405029296875 -0.0633544921874999 0.765380859375
-0.0357627868652344 -0.0627593994140625 -0.2886962890625 0.73321533203125
0.0316200256347656 -0.0619392395019531 -0.239959716796875 0.467742919921875
0.110603332519531 -0.0402450561523438 0.146102905273438 0.126541137695312
0.072479248046875 -0.02362060546875 0.426361083984375 -0.31866455078125
0.0343456268310547 -0.0225372314453125 0.32647705078125 -0.7127685546875
-0.00575637817382812 -0.0114412307739258 -0.13238525390625 -0.790283203125
-0.00161933898925781 -0.0161514282226563 -0.466064453125 -0.57452392578125
0.0207271575927734 0.0104789733886719 -0.522613525390625 -0.32208251953125
0.039093017578125 0.0132713317871094 -0.379119873046875 -0.0543518066406251
0.0830001831054687 0.0107040405273437 -0.047698974609375 0.0234527587890625
0.0943527221679688 0.055511474609375 0.135810852050781 0.0527725219726563
0.0828933715820313 0.0749969482421875 0.4005126953125 0.140716552734375
0.0500526428222656 0.0625038146972656 0.409820556640625 0.3125
-0.00930023193359375 0.0573768615722656 0.28948974609375 0.58984375
-0.079864501953125 0.0213088989257812 -0.0308837890625 0.763916015625
-0.0639686584472656 -0.0468101501464844 -0.258544921875 0.7357177734375
0.00374221801757812 -0.0381202697753906 -0.225372314453125 0.466644287109375
0.0873870849609375 -0.0144729614257812 0.150344848632813 0.127578735351562
0.0526504516601563 0.00160598754882813 0.442047119140625 -0.313018798828125
0.0144290924072266 -0.00388908386230469 0.35382080078125 -0.7144775390625
-0.0243892669677734 0.000761032104492191 -0.10284423828125 -0.79644775390625
-0.013458251953125 -0.0141544342041016 -0.4486083984375 -0.58807373046875
0.0247955322265625 0.00430107116699219 -0.507232666015625 -0.334259033203125
0.0593681335449219 0.0108108520507813 -0.3665771484375 -0.0565185546875
0.113525390625 0.0222015380859375 -0.0333919525146484 0.0303993225097656
0.11431884765625 0.0599136352539063 0.159103393554687 0.058624267578125
0.0996932983398438 0.07073974609375 0.40484619140625 0.142791748046875
0.0565567016601562 0.0459060668945313 0.420135498046875 0.315948486328125
-0.0152854919433594 0.0474357604980469 0.31903076171875 0.59027099609375
-0.0979461669921875 0.0248641967773438 0.00457763671875002 0.76385498046875
-0.0861740112304687 -0.0339279174804688 -0.22039794921875 0.72882080078125
-0.0168008804321289 -0.0156002044677734 -0.205352783203125 0.459930419921875
0.0674514770507813 0.0076446533203125 0.162078857421875 0.114486694335938
0.0383720397949219 0.0253219604492188 0.4600830078125 -0.323944091796875
-0.00250720977783203 0.0123929977416992 0.37860107421875 -0.7203369140625
-0.0434455871582031 0.0125350952148437 -0.0737915039062499 -0.8087158203125
-0.0225448608398438 -0.0156764984130859 -0.42291259765625 -0.59619140625
0.0298366546630859 -0.00240898132324219 -0.489898681640625 -0.338165283203125
0.0741348266601563 0.0097503662109375 -0.35009765625 -0.0545043945312499
0.135200500488281 0.037109375 -0.0129318237304687 0.0412216186523438
0.121620178222656 0.058197021484375 0.177566528320313 0.06268310546875
0.101943969726563 0.0626754760742188 0.41162109375 0.147613525390625
0.0500907897949219 0.03924560546875 0.43048095703125 0.3292236328125
-0.024139404296875 0.042633056640625 0.3426513671875 0.5992431640625
-0.107688903808594 0.0283203125 0.03607177734375 0.7601318359375
-0.0943145751953125 -0.0215911865234375 -0.18939208984375 0.71490478515625
-0.0245800018310547 0.00103569030761719 -0.181671142578125 0.43695068359375
0.0590896606445313 0.0243644714355469 0.1807861328125 0.0932159423828125
0.0267372131347656 0.0365447998046875 0.476409912109375 -0.34051513671875
-0.0133094787597656 0.0212230682373047 0.4002685546875 -0.73529052734375
-0.0548324584960938 0.0137901306152344 -0.05120849609375 -0.8172607421875
-0.0299835205078125 -0.0232448577880859 -0.40142822265625 -0.60357666015625
0.0329418182373047 -0.0121803283691406 -0.468475341796875 -0.334747314453125
0.087860107421875 0.00792694091796875 -0.3265380859375 -0.049346923828125
0.143417358398438 0.048492431640625 0.00507354736328125 0.0547370910644531
-0.056793212890625 -0.00351715087890625 0.110122680664063 0.0690689086914063
-0.0523262023925781 0.0562362670898438 0.3487548828125 0.193084716796875
-0.0310134887695312 0.0868377685546875 0.368499755859375 0.403900146484375
0.00101470947265626 0.0755233764648437 0.25970458984375 0.67266845703125
0.00439023971557617 -0.00249028205871582 -0.0557250976562501 0.7706298828125
0.0513763427734375 -0.103973388671875 -0.2701416015625 0.67266845703125
0.116752624511719 -0.118400573730469 -0.186126708984375 0.37384033203125
0.18304443359375 -0.0976409912109375 0.200164794921875 0.0245361328125
0.12847900390625 -0.0774078369140625 0.40191650390625 -0.42962646484375
0.101364135742188 -0.0620346069335938 0.25372314453125 -0.76605224609375
0.0523414611816406 -0.0378341674804688 -0.2027587890625 -0.77313232421875
0.00919342041015625 -0.0103158950805664 -0.491455078125 -0.4971923828125
-0.0274677276611328 0.0227375030517578 -0.51708984375 -0.243896484375
-0.0424232482910156 -0.0032501220703125 -0.351409912109375 -0.017120361328125
-0.0305862426757813 -0.0207042694091797 -0.031158447265625 0.0437965393066406
-0.0362625122070312 -0.0021209716796875 0.099517822265625 0.0618896484375
-0.040374755859375 0.0549507141113281 0.351348876953125 0.1759033203125
-0.0288772583007812 0.0904998779296875 0.37005615234375 0.3787841796875
-0.00608825683593749 0.086517333984375 0.2520751953125 0.6552734375
-0.003204345703125 0.00994110107421875 -0.0692138671875 0.77203369140625
0.0438613891601562 -0.096649169921875 -0.283447265625 0.6964111328125
0.108772277832031 -0.112541198730469 -0.203704833984375 0.408203125
0.174560546875 -0.0958404541015625 0.181060791015625 0.0563812255859375
0.119712829589844 -0.0775833129882813 0.393096923828125 -0.398406982421875
0.0890655517578125 -0.0631790161132813 0.24932861328125 -0.7508544921875
0.0437202453613281 -0.0408592224121094 -0.210205078125 -0.769775390625
0.0134544372558594 -0.0167741775512695 -0.503326416015625 -0.50787353515625
-0.0107822418212891 0.0217380523681641 -0.529083251953125 -0.25946044921875
-0.0266475677490234 0.00543022155761719 -0.36895751953125 -0.0267028808593749
-0.0121440887451172 -0.0168495178222656 -0.0457077026367188 0.0305404663085938
-0.00726079940795899 0.00804615020751953 0.09625244140625 0.0540390014648437
-0.0163383483886719 0.0566482543945312 0.360382080078125 0.160430908203125
-0.018096923828125 0.0884246826171875 0.376434326171875 0.350341796875
-0.0100936889648437 0.089141845703125 0.25018310546875 0.63189697265625
-0.0187244415283203 0.0198574066162109 -0.07025146484375 0.7711181640625
0.0232467651367188 -0.0852279663085937 -0.2899169921875 0.71630859375
0.0893173217773438 -0.101600646972656 -0.218353271484375 0.436553955078125
0.15740966796875 -0.0860137939453125 0.1651611328125 0.0855560302734375
0.104957580566406 -0.0668716430664063 0.392974853515625 -0.36895751953125
0.0727386474609375 -0.0557937622070313 0.260009765625 -0.73431396484375
0.0304718017578125 -0.0370407104492188 -0.20098876953125 -0.7720947265625
0.0118637084960938 -0.0206203460693359 -0.505950927734375 -0.521453857421875
0.00393867492675781 0.0186500549316406 -0.5377197265625 -0.2750244140625
-0.00524425506591797 0.00981521606445313 -0.3792724609375 -0.032470703125
0.0152158737182617 -0.00923061370849609 -0.0552520751953125 0.0235710144042969
0.0272674560546875 0.0231685638427734 0.102676391601563 0.0480880737304688
0.0172233581542969 0.0625648498535156 0.376312255859375 0.146392822265625
0.0030975341796875 0.0823440551757812 0.392242431640625 0.323883056640625
-0.0104217529296875 0.0835647583007813 0.26287841796875 0.6038818359375
-0.0379791259765625 0.0241775512695313 -0.0601806640625 0.76666259765625
-0.0049591064453125 -0.0728530883789063 -0.28436279296875 0.7291259765625
0.0605239868164063 -0.083099365234375 -0.22601318359375 0.457427978515625
0.13519287109375 -0.0676498413085938 0.1529541015625 0.10650634765625
0.088104248046875 -0.0482101440429688 0.401458740234375 -0.344818115234375
0.0533027648925781 -0.0405158996582031 0.27874755859375 -0.7237548828125
0.0127906799316406 -0.0255928039550781 -0.1802978515625 -0.773193359375
0.00490570068359375 -0.0191383361816406 -0.497283935546875 -0.5372314453125
0.0141820907592773 0.0139951705932617 -0.536102294921875 -0.29071044921875
0.0169000625610352 0.0114870071411133 -0.382568359375 -0.0378112792968751
0.0476646423339844 -0.00061798095703125 -0.055267333984375 0.0224189758300781
0.0633773803710938 0.0394706726074219 0.116493225097656 0.0463638305664062
0.0538711547851563 0.0692710876464844 0.392486572265625 0.135833740234375
0.0297317504882813 0.072357177734375 0.40753173828125 0.304229736328125
-0.0068359375 0.0717544555664063 0.28369140625 0.58477783203125
-0.0585441589355469 0.0248031616210937 -0.0377807617187499 0.76251220703125
-0.0370254516601562 -0.0595893859863281 -0.26446533203125 0.73895263671875
0.0281944274902344 -0.0608673095703125 -0.223602294921875 0.4700927734375
0.10882568359375 -0.0440902709960938 0.14935302734375 0.119674682617188
0.0702247619628906 -0.0238571166992187 0.4130859375 -0.330780029296875
0.0338401794433594 -0.0226249694824219 0.30377197265625 -0.71685791015625
-0.00601863861083984 -0.0103082656860352 -0.1552734375 -0.78179931640625
-0.00385284423828125 -0.0164775848388672 -0.48162841796875 -0.554718017578125
0.0215682983398438 0.00921249389648438 -0.527740478515625 -0.305450439453125
0.0396804809570313 0.0113601684570313 -0.378692626953125 -0.041290283203125
0.0820083618164063 0.0087432861328125 -0.0483436584472656 0.0249557495117188
0.0945358276367188 0.052032470703125 0.135818481445312 0.0479736328125
0.0844650268554688 0.0713272094726563 0.40081787109375 0.1282958984375
0.05108642578125 0.0580940246582031 0.418426513671875 0.296661376953125
-0.00647735595703125 0.0575828552246094 0.30657958984375 0.57525634765625
-0.0779571533203125 0.024627685546875 -0.00640869140625 0.75872802734375
-0.066650390625 -0.0455970764160156 -0.23358154296875 0.73773193359375
0.000148773193359376 -0.0361747741699219 -0.210205078125 0.4708251953125
0.086395263671875 -0.017913818359375 0.152633666992188 0.119598388671875
0.0526008605957031 0.00079345703125 0.42901611328125 -0.326385498046875
0.0148820877075195 -0.00341701507568359 0.32879638671875 -0.7183837890625
-0.0247230529785156 0.00398826599121094 -0.12518310546875 -0.789794921875
-0.0142202377319336 -0.0137577056884766 -0.46148681640625 -0.56939697265625
0.0245380401611328 0.00274276733398438 -0.513641357421875 -0.314788818359375
0.0588722229003906 0.00951004028320313 -0.365264892578125 -0.043731689453125
0.111770629882813 0.01959228515625 -0.0334739685058594 0.0311069488525391
0.115379333496094 0.0566864013671875 0.157623291015625 0.0511932373046875
0.101531982421875 0.066619873046875 0.409271240234375 0.127838134765625
0.0586738586425781 0.0445899963378906 0.427459716796875 0.300750732421875
-0.0123519897460938 0.0468597412109375 0.33306884765625 0.57525634765625
-0.0957565307617188 0.0279541015625 0.0273437500000001 0.7584228515625
-0.0860519409179688 -0.0298843383789062 -0.19927978515625 0.7313232421875
-0.0187301635742188 -0.0133991241455078 -0.18890380859375 0.46112060546875
0.0690689086914063 0.00539398193359375 0.164047241210938 0.10821533203125
0.0381126403808594 0.0217552185058594 0.443756103515625 -0.3360595703125
-0.00166130065917969 0.0114564895629883 0.35400390625 -0.72698974609375
-0.0416603088378906 0.0121879577636719 -0.0999145507812501 -0.80078125
-0.0242958068847656 -0.0153160095214844 -0.440185546875 -0.58087158203125
0.0290737152099609 -0.00492095947265625 -0.495513916015625 -0.320343017578125
0.0751495361328125 0.0059051513671875 -0.346527099609375 -0.044342041015625
0.133781433105469 0.031219482421875 -0.0132713317871094 0.040679931640625
0.122993469238281 0.0548858642578125 0.17877197265625 0.0561065673828125
0.103645324707031 0.0570602416992188 0.41461181640625 0.132598876953125
0.0516166687011719 0.03521728515625 0.438018798828125 0.31329345703125
-0.0222892761230469 0.0430145263671875 0.357421875 0.58172607421875
-0.10443115234375 0.0332717895507813 0.06005859375 0.75299072265625
-0.0938339233398437 -0.0178680419921875 -0.16607666015625 0.714599609375
-0.0246601104736328 0.001495361328125 -0.1668701171875 0.43829345703125
0.0598793029785156 0.0229644775390625 0.181503295898437 0.08612060546875
0.0290184020996094 0.0362052917480469 0.462249755859375 -0.355010986328125
-0.0135498046875 0.0201644897460937 0.3721923828125 -0.740966796875
-0.0541915893554688 0.0143928527832031 -0.077392578125 -0.80987548828125
-0.0301799774169922 -0.0223484039306641 -0.41864013671875 -0.58612060546875
0.0336780548095703 -0.0140743255615234 -0.476165771484375 -0.317474365234375
0.0879898071289063 0.0042724609375 -0.325958251953125 -0.03900146484375
0.1439208984375 0.0441131591796875 0.00760269165039063 0.0543136596679688
-0.0553169250488281 -0.000289916992187488 0.112617492675781 0.0666046142578125
-0.0520858764648438 0.0543327331542969 0.348907470703125 0.18304443359375
-0.0307998657226562 0.0853271484375 0.376312255859375 0.392120361328125
0.00320434570312499 0.0756072998046875 0.27783203125 0.65740966796875
0.00705909729003906 -0.000295162200927734 -0.0305175781250001 0.76690673828125
0.0456161499023438 -0.104034423828125 -0.246826171875 0.6746826171875
0.110061645507812 -0.120872497558594 -0.17169189453125 0.3765869140625
0.175811767578125 -0.104476928710937 0.19915771484375 0.0149993896484375
0.127067565917969 -0.080810546875 0.385162353515625 -0.440093994140625
0.100440979003906 -0.06439208984375 0.2275390625 -0.76544189453125
0.0533103942871094 -0.0392036437988281 -0.22467041015625 -0.761474609375
0.00764846801757812 -0.00820732116699219 -0.498748779296875 -0.475372314453125
-0.0254421234130859 0.0224685668945312 -0.519683837890625 -0.225860595703125
-0.0451164245605469 -0.000297546386718743 -0.34844970703125 -0.01068115234375
-0.0323219299316406 -0.0188579559326172 -0.0288925170898438 0.0435867309570313
-0.0381202697753906 -7.24792480468827E-05 0.101348876953125 0.0572891235351563
-0.0388259887695312 0.0523490905761719 0.34991455078125 0.162811279296875
-0.0254287719726563 0.0897598266601563 0.376800537109375 0.365478515625
-0.000350952148437505 0.0850753784179688 0.2645263671875 0.63922119140625
-0.00237798690795898 0.00846052169799805 -0.0437622070312499 0.764892578125
0.0423431396484375 -0.0974578857421875 -0.26092529296875 0.69891357421875
0.101203918457031 -0.111495971679688 -0.191986083984375 0.41046142578125
0.166900634765625 -0.101348876953125 0.181976318359375 0.051116943359375
0.113029479980469 -0.0801773071289062 0.37603759765625 -0.408111572265625
0.086090087890625 -0.0672760009765625 0.2286376953125 -0.750732421875
0.0440483093261719 -0.0389671325683594 -0.22735595703125 -0.75787353515625
0.0127296447753906 -0.0191478729248047 -0.516448974609375 -0.48870849609375
-0.00999069213867188 0.0235042572021484 -0.5301513671875 -0.244659423828125
-0.0268478393554688 0.00393295288085937 -0.36553955078125 -0.0142822265624999
-0.0147342681884766 -0.0188064575195313 -0.0447959899902344 0.0297508239746094
-0.00843477249145508 0.00474882125854492 0.0985260009765625 0.049346923828125
-0.015350341796875 0.0580253601074219 0.361053466796875 0.15008544921875
-0.0180740356445312 0.0867691040039063 0.3851318359375 0.33575439453125
-0.006072998046875 0.087371826171875 0.26263427734375 0.6180419921875
-0.0183544158935547 0.0187873840332031 -0.0481567382812501 0.76434326171875
0.0218505859375 -0.0861587524414063 -0.267578125 0.71356201171875
0.0827865600585938 -0.104110717773438 -0.207427978515625 0.4366455078125
0.15289306640625 -0.09295654296875 0.164306640625 0.0753936767578125
0.101341247558594 -0.0700912475585938 0.378875732421875 -0.379180908203125
0.0731048583984375 -0.0567779541015625 0.23492431640625 -0.73846435546875
0.0297317504882813 -0.0407371520996094 -0.21905517578125 -0.75823974609375
0.0101566314697266 -0.0225448608398438 -0.517333984375 -0.50384521484375
0.0029287338256836 0.0151987075805664 -0.537750244140625 -0.25579833984375
-0.00742816925048828 0.00770092010498047 -0.373809814453125 -0.0224304199218749
0.0138044357299805 -0.0118417739868164 -0.0530014038085938 0.0226097106933594
0.0237178802490234 0.0218162536621094 0.099517822265625 0.0449371337890625
0.0209274291992187 0.06195068359375 0.3765869140625 0.1319580078125
0.00696563720703124 0.0823898315429687 0.400146484375 0.30755615234375
-0.00717926025390624 0.0836563110351563 0.28021240234375 0.59088134765625
-0.0369033813476562 0.0265960693359375 -0.0408935546875001 0.76409912109375
-0.00758743286132812 -0.0701637268066406 -0.2607421875 0.727294921875
0.057098388671875 -0.0816726684570313 -0.21484375 0.4576416015625
0.129081726074219 -0.0727310180664063 0.152557373046875 0.101959228515625
0.08349609375 -0.0505752563476563 0.386810302734375 -0.354400634765625
0.0525054931640625 -0.0406951904296875 0.25396728515625 -0.7265625
0.0146102905273438 -0.0264129638671875 -0.2008056640625 -0.76080322265625
0.00146675109863281 -0.0184211730957031 -0.50634765625 -0.516326904296875
0.0116481781005859 0.0115537643432617 -0.537445068359375 -0.272125244140625
0.0156564712524414 0.00943660736083984 -0.377593994140625 -0.0277709960937501
0.0489158630371094 -0.00330352783203125 -0.0518035888671875 0.0223808288574219
0.064910888671875 0.036895751953125 0.116249084472656 0.0445632934570313
0.0539970397949219 0.0651664733886719 0.391326904296875 0.11993408203125
0.0332260131835938 0.0723724365234375 0.41461181640625 0.29034423828125
-0.0029296875 0.0695571899414063 0.29705810546875 0.572509765625
-0.05657958984375 0.02484130859375 -0.0152587890625001 0.75885009765625
-0.0407295227050781 -0.0590438842773438 -0.24163818359375 0.73956298828125
0.0271835327148438 -0.0620384216308594 -0.205474853515625 0.47296142578125
0.106269836425781 -0.0447158813476563 0.148773193359375 0.110671997070313
0.0711212158203125 -0.0252456665039062 0.39752197265625 -0.338836669921875
0.0303802490234375 -0.0221328735351562 0.27777099609375 -0.7171630859375
-0.00832557678222656 -0.0125846862792969 -0.17266845703125 -0.77142333984375
-0.00354290008544922 -0.0153923034667969 -0.491943359375 -0.53997802734375
0.0192146301269531 0.00954437255859375 -0.53143310546875 -0.290252685546875
0.0403976440429688 0.0115470886230469 -0.37689208984375 -0.031158447265625
0.0829696655273438 0.00469207763671875 -0.0453948974609375 0.0256576538085938
0.0939559936523437 0.0466384887695313 0.132347106933594 0.0436477661132812
0.0833587646484375 0.0698013305664063 0.400360107421875 0.11651611328125
0.0501785278320312 0.0572090148925781 0.419708251953125 0.28131103515625
-0.00471878051757812 0.0550384521484375 0.317596435546875 0.558746337890625
-0.0772933959960938 0.0287933349609375 0.01336669921875 0.751220703125
-0.0640487670898438 -0.0432586669921875 -0.2120361328125 0.73333740234375
0.001556396484375 -0.0355606079101563 -0.19427490234375 0.468780517578125
0.0850677490234375 -0.0231094360351563 0.155853271484375 0.114303588867188
0.0512809753417969 -0.00225448608398438 0.415863037109375 -0.3331298828125
0.0161867141723633 -0.00129890441894531 0.30718994140625 -0.7216796875
-0.0263175964355469 0.00134849548339843 -0.14605712890625 -0.781494140625
-0.0164594650268555 -0.0133657455444336 -0.473388671875 -0.55303955078125
0.0259799957275391 0.00524520874023438 -0.514801025390625 -0.297454833984375
0.0589523315429688 0.00974655151367188 -0.36322021484375 -0.035858154296875
0.108421325683594 0.0162887573242188 -0.0327816009521484 0.0289554595947266
0.116188049316406 0.055633544921875 0.153640747070312 0.043487548828125
0.101051330566406 0.062530517578125 0.409912109375 0.11279296875
0.0581741333007813 0.04473876953125 0.431732177734375 0.286834716796875
-0.00947189331054688 0.0450515747070313 0.346405029296875 0.55908203125
-0.0931396484375 0.031768798828125 0.047119140625 0.74658203125
-0.0878143310546875 -0.0268783569335937 -0.1754150390625 0.73004150390625
-0.0195808410644531 -0.0109443664550781 -0.17919921875 0.460052490234375
0.0668601989746094 0.00691986083984375 0.162734985351563 0.10107421875
0.0364875793457031 0.0209197998046875 0.4295654296875 -0.346923828125
0.00137901306152344 0.0109643936157227 0.3270263671875 -0.730712890625
-0.0427703857421875 0.014617919921875 -0.1207275390625 -0.79376220703125
-0.0258369445800781 -0.0151844024658203 -0.450592041015625 -0.560455322265625
0.0301990509033203 -0.0065460205078125 -0.49993896484375 -0.302978515625
0.0763397216796875 0.00342559814453125 -0.345977783203125 -0.0356750488281249
0.134056091308594 0.029205322265625 -0.0116119384765625 0.0390472412109375
0.123855590820312 0.049896240234375 0.179794311523438 0.0495758056640625
0.102378845214844 0.05584716796875 0.412139892578125 0.11834716796875
0.0535697937011719 0.0312423706054688 0.445098876953125 0.29620361328125
-0.0236129760742188 0.0424690246582031 0.369873046875 0.5684814453125
-0.101303100585938 0.0345382690429687 0.08148193359375 0.74212646484375
-0.095306396484375 -0.0148468017578125 -0.1436767578125 0.7147216796875
-0.0268516540527344 0.00157928466796875 -0.151092529296875 0.43597412109375
0.0602569580078125 0.0232582092285156 0.179595947265625 0.0778045654296875
0.0299644470214844 0.0310039520263672 0.443511962890625 -0.3663330078125
-0.0146865844726563 0.01922607421875 0.34918212890625 -0.7408447265625
-0.0533523559570312 0.0164756774902344 -0.0994873046875 -0.79779052734375
-0.0290203094482422 -0.0230998992919922 -0.4320068359375 -0.5655517578125
0.0302410125732422 -0.0144252777099609 -0.480987548828125 -0.301055908203125
0.08538818359375 -0.00054168701171875 -0.3243408203125 -0.028717041015625
0.141998291015625 0.0420684814453125 0.00687026977539063 0.0557060241699219
-0.0570297241210937 -0.000274658203125003 0.108802795410156 0.060699462890625
-0.0484085083007813 0.0570869445800781 0.351837158203125 0.1697998046875
-0.0269393920898437 0.0860137939453125 0.382568359375 0.37603759765625
0.00324249267578126 0.072479248046875 0.2867431640625 0.64398193359375
0.00490903854370117 -0.0021357536315918 -0.0150146484374999 0.75823974609375
0.0456161499023438 -0.103294372558594 -0.2293701171875 0.6702880859375
0.105072021484375 -0.120071411132813 -0.1651611328125 0.374237060546875
0.171920776367188 -0.106109619140625 0.19525146484375 0.010589599609375
0.122360229492188 -0.0820465087890625 0.36920166015625 -0.441253662109375
0.0972900390625 -0.0660400390625 0.20721435546875 -0.76348876953125
0.0487632751464844 -0.0398483276367187 -0.23944091796875 -0.74444580078125
0.00720310211181641 -0.0101566314697266 -0.507171630859375 -0.45819091796875
-0.0263385772705078 0.0216484069824219 -0.516693115234375 -0.211700439453125
-0.0425224304199219 -0.00166320800781249 -0.34332275390625 0.00112915039062501
-0.0311641693115234 -0.0181980133056641 -0.0288276672363281 0.0447120666503906
-0.0380172729492188 -0.000392913818359376 0.0977020263671875 0.0544662475585938
-0.0367507934570313 0.0546379089355469 0.35333251953125 0.151702880859375
-0.0241928100585938 0.0885009765625 0.381439208984375 0.34991455078125
-0.0011138916015625 0.0839996337890625 0.279541015625 0.62603759765625
-0.00163841247558594 0.0107507705688477 -0.0260009765625 0.75933837890625
0.0375289916992188 -0.0945892333984375 -0.24102783203125 0.69439697265625
0.0986251831054687 -0.115264892578125 -0.178802490234375 0.40875244140625
0.16375732421875 -0.102645874023438 0.1781005859375 0.0430450439453125
0.112464904785156 -0.082122802734375 0.363494873046875 -0.41070556640625
0.0853042602539063 -0.0670394897460938 0.20489501953125 -0.74639892578125
0.0416069030761719 -0.0424766540527344 -0.2471923828125 -0.74249267578125
0.0108280181884766 -0.0176658630371094 -0.519866943359375 -0.467926025390625
-0.0103816986083984 0.0205936431884766 -0.530548095703125 -0.22662353515625
-0.0277118682861328 0.00519561767578125 -0.360321044921875 -0.00726318359375004
-0.0132551193237305 -0.0162496566772461 -0.0434989929199219 0.0325584411621094
-0.00892448425292969 0.00795841217041015 0.094512939453125 0.0460205078125
-0.0128860473632813 0.0557632446289063 0.3624267578125 0.137359619140625
-0.01373291015625 0.0863037109375 0.386932373046875 0.32275390625
-0.00552368164062501 0.0865631103515625 0.27825927734375 0.60260009765625
-0.0161266326904297 0.0208721160888672 -0.02850341796875 0.7579345703125
0.0184097290039062 -0.08343505859375 -0.2479248046875 0.71295166015625
0.0807876586914063 -0.102783203125 -0.1920166015625 0.437164306640625
0.148834228515625 -0.09375 0.163726806640625 0.0719146728515625
0.0990447998046875 -0.071197509765625 0.364837646484375 -0.381256103515625
0.0699081420898438 -0.0587043762207031 0.2147216796875 -0.7315673828125
0.0273094177246094 -0.0375633239746094 -0.23760986328125 -0.743896484375
0.00795173645019531 -0.0202426910400391 -0.521728515625 -0.4833984375
0.00369739532470703 0.0168132781982422 -0.538909912109375 -0.24066162109375
-0.00594615936279297 0.00946331024169922 -0.371826171875 -0.0125427246093751
0.0135507583618164 -0.0102300643920898 -0.0526504516601563 0.025482177734375
0.0263042449951172 0.0205459594726563 0.100662231445312 0.039703369140625
0.0191688537597656 0.0598411560058594 0.3753662109375 0.121673583984375
0.00724029541015624 0.0793838500976563 0.398895263671875 0.295196533203125
-0.004852294921875 0.0804290771484375 0.28875732421875 0.57574462890625
-0.0347309112548828 0.0252838134765625 -0.0184326171875 0.7529296875
-0.00833892822265625 -0.0705108642578125 -0.2406005859375 0.72698974609375
0.0529632568359375 -0.083740234375 -0.199798583984375 0.457489013671875
0.12646484375 -0.0742950439453125 0.153182983398438 0.0936431884765625
0.0841064453125 -0.0514144897460938 0.373779296875 -0.35888671875
0.0509796142578125 -0.0437774658203125 0.23284912109375 -0.7208251953125
0.0110626220703125 -0.0258407592773438 -0.21746826171875 -0.74652099609375
0.00296783447265625 -0.018798828125 -0.513397216796875 -0.499481201171875
0.0133514404296875 0.0124530792236328 -0.537445068359375 -0.25482177734375
0.0165128707885742 0.00980854034423828 -0.375701904296875 -0.016693115234375
0.0456008911132812 -0.00336074829101562 -0.0523834228515625 0.0245628356933594
0.062591552734375 0.0350608825683594 0.115058898925781 0.0364456176757812
0.0561180114746094 0.0649642944335938 0.3905029296875 0.110992431640625
0.0329475402832031 0.069000244140625 0.413818359375 0.277130126953125
-0.00263214111328124 0.0685462951660156 0.307403564453125 0.555328369140625
-0.0546073913574219 0.026824951171875 0.00225830078124996 0.748046875
-0.0396347045898438 -0.055908203125 -0.22100830078125 0.73431396484375
0.0231056213378906 -0.0601119995117188 -0.19451904296875 0.469573974609375
0.103195190429688 -0.04913330078125 0.149093627929688 0.106094360351563
0.0680885314941406 -0.0275726318359375 0.38616943359375 -0.343994140625
0.0324249267578125 -0.0246677398681641 0.256591796875 -0.71771240234375
-0.00574398040771484 -0.0100107192993164 -0.19232177734375 -0.75689697265625
-0.00592613220214844 -0.0157260894775391 -0.500152587890625 -0.51727294921875
0.0206565856933594 0.006866455078125 -0.531005859375 -0.272491455078125
0.0382919311523438 0.00941848754882813 -0.37091064453125 -0.021820068359375
0.07952880859375 0.00455474853515625 -0.0452003479003906 0.0256805419921875
0.093048095703125 0.0460968017578125 0.133720397949219 0.0376358032226562
0.0871810913085938 0.0657501220703125 0.399169921875 0.10162353515625
0.0528221130371094 0.054412841796875 0.423980712890625 0.266693115234375
-0.00284576416015625 0.055572509765625 0.3284912109375 0.544036865234375
-0.0740509033203125 0.027618408203125 0.0325927734375 0.7430419921875
-0.0668754577636719 -0.0398712158203125 -0.1912841796875 0.73175048828125
-0.00290107727050781 -0.0344142913818359 -0.18109130859375 0.4696044921875
0.0817108154296875 -0.0224685668945313 0.1536865234375 0.107223510742187
0.0524520874023438 -0.00316238403320313 0.40130615234375 -0.3406982421875
0.0155696868896484 -0.00553703308105469 0.28155517578125 -0.7191162109375
-0.0239620208740234 0.0046539306640625 -0.16412353515625 -0.76593017578125
-0.0156631469726563 -0.011967658996582 -0.479827880859375 -0.53082275390625
0.0247669219970703 0.0009002685546875 -0.515960693359375 -0.283294677734375
0.0575485229492188 0.00624847412109375 -0.358489990234375 -0.02545166015625
0.109367370605469 0.0129470825195313 -0.030914306640625 0.0315322875976563
0.114616394042969 0.0495681762695313 0.154800415039062 0.0395050048828125
0.103042602539063 0.059326171875 0.405517578125 0.100616455078125
0.0596046447753906 0.0406341552734375 0.431884765625 0.26983642578125
-0.00928878784179687 0.0460243225097656 0.35333251953125 0.543365478515625
-0.0903244018554688 0.0320281982421875 0.06591796875 0.73919677734375
-0.0861053466796875 -0.0246658325195312 -0.15728759765625 0.72235107421875
-0.0197124481201172 -0.0117340087890625 -0.162445068359375 0.459564208984375
0.0661087036132813 0.0009002685546875 0.1650390625 0.0955047607421875
0.0389251708984375 0.0178070068359375 0.41546630859375 -0.3519287109375
-0.000721931457519532 0.0104713439941406 0.30560302734375 -0.7281494140625
-0.0401229858398438 0.0142860412597656 -0.13848876953125 -0.7772216796875
-0.0251693725585937 -0.0136642456054688 -0.46063232421875 -0.544708251953125
0.0282382965087891 -0.00745964050292969 -0.49969482421875 -0.28741455078125
0.0737762451171875 0.00229644775390625 -0.3394775390625 -0.025726318359375
0.131423950195313 0.023956298828125 -0.0111122131347656 0.0398368835449219
0.121658325195313 0.047332763671875 0.176040649414063 0.0423736572265625
0.104057312011719 0.0501022338867188 0.413116455078125 0.10516357421875
0.0530052185058594 0.0319557189941406 0.443145751953125 0.282501220703125
-0.0190277099609375 0.0427093505859375 0.378997802734375 0.548980712890625
-0.0995559692382813 0.0378341674804688 0.0977783203125 0.73358154296875
-0.0922775268554688 -0.011962890625 -0.125244140625 0.7059326171875
-0.0250587463378906 0.00434684753417968 -0.140167236328125 0.437225341796875
0.0591468811035156 0.0178985595703125 0.180450439453125 0.0731201171875
0.0293369293212891 0.0330333709716797 0.43121337890625 -0.372100830078125
-0.0108261108398437 0.0196819305419922 0.32476806640625 -0.74383544921875
-0.0517234802246094 0.0163917541503906 -0.11724853515625 -0.788330078125
-0.0323677062988281 -0.0204715728759766 -0.4405517578125 -0.54931640625
0.0317840576171875 -0.0161170959472656 -0.479736328125 -0.286163330078125
0.0852737426757812 0.0004730224609375 -0.318817138671875 -0.02178955078125
0.141586303710938 0.0364532470703125 0.00884246826171876 0.0523796081542969
-0.0584793090820313 0.00177383422851563 0.110237121582031 0.0595703125
-0.0464096069335938 0.0560989379882812 0.35076904296875 0.160919189453125
-0.0220108032226563 0.0846939086914063 0.386077880859375 0.362945556640625
0.00557708740234374 0.0715713500976563 0.295654296875 0.62762451171875
0.00461578369140625 -0.00213527679443359 0.000915527343750048 0.74713134765625
0.044952392578125 -0.100021362304688 -0.2122802734375 0.66705322265625
0.0977935791015625 -0.119064331054688 -0.153564453125 0.373992919921875
0.165939331054688 -0.108505249023437 0.191192626953125 0.00463867187499999
0.119644165039062 -0.084625244140625 0.352508544921875 -0.444549560546875
0.0938034057617188 -0.0671615600585938 0.18829345703125 -0.7552490234375
0.047637939453125 -0.0423164367675781 -0.2530517578125 -0.72747802734375
0.0084080696105957 -0.00849580764770508 -0.507965087890625 -0.43988037109375
-0.0255622863769531 0.0231285095214844 -0.51123046875 -0.199066162109375
-0.0430030822753906 -0.000747680664062497 -0.34063720703125 0.00973510742187493
-0.0307121276855469 -0.0181217193603516 -0.0272865295410156 0.0451393127441406
-0.0366630554199219 0.00377655029296876 0.0963821411132813 0.0514373779296875
-0.0340042114257812 0.053009033203125 0.35089111328125 0.14385986328125
-0.0218505859375 0.0882492065429687 0.382354736328125 0.337554931640625
0.000709533691406243 0.082672119140625 0.28875732421875 0.608154296875
-0.00160980224609375 0.0120954513549805 -0.0109863281249999 0.747802734375
0.0358734130859375 -0.0965194702148437 -0.22467041015625 0.68560791015625
0.0944671630859375 -0.114944458007813 -0.170379638671875 0.40557861328125
0.15765380859375 -0.105804443359375 0.172943115234375 0.0366973876953125
0.108970642089844 -0.0842971801757813 0.3515625 -0.4136962890625
0.086090087890625 -0.0676193237304688 0.18359375 -0.74285888671875
0.0430335998535156 -0.0421600341796875 -0.258056640625 -0.72802734375
0.00946617126464844 -0.016545295715332 -0.518646240234375 -0.44976806640625
-0.0115547180175781 0.0187892913818359 -0.5296630859375 -0.215606689453125
-0.0282764434814453 0.00635910034179688 -0.35418701171875 -0.00091552734374995
-0.015080451965332 -0.0151786804199219 -0.0403404235839844 0.0330352783203125
-0.00899505615234375 0.00894355773925781 0.0940170288085938 0.041229248046875
-0.0107803344726563 0.0551376342773438 0.359100341796875 0.127777099609375
-0.010284423828125 0.0862503051757813 0.391693115234375 0.31134033203125
-0.00666809082031249 0.0861282348632813 0.283935546875 0.5869140625
-0.0150012969970703 0.0194282531738281 -0.0136108398437501 0.75115966796875
0.0160293579101562 -0.0825958251953125 -0.2281494140625 0.70721435546875
0.07708740234375 -0.099761962890625 -0.17822265625 0.43316650390625
0.1455078125 -0.094085693359375 0.162216186523438 0.0649566650390625
0.0959548950195313 -0.0720291137695313 0.35028076171875 -0.384796142578125
0.0675621032714844 -0.058685302734375 0.19512939453125 -0.7259521484375
0.0239067077636719 -0.0373954772949219 -0.24774169921875 -0.72918701171875
0.00919723510742187 -0.0194664001464844 -0.523529052734375 -0.464935302734375
0.00190067291259766 0.0161199569702148 -0.5341796875 -0.22601318359375
-0.00764894485473633 0.00751066207885742 -0.367828369140625 -0.00790405273437508
0.0101432800292969 -0.00949287414550781 -0.0509452819824219 0.0282096862792969
0.0243968963623047 0.0179729461669922 0.10113525390625 0.0379409790039063
0.0203018188476563 0.060791015625 0.3759765625 0.11077880859375
0.0066680908203125 0.0789871215820313 0.40167236328125 0.2833251953125
-0.0040130615234375 0.0792922973632812 0.2960205078125 0.561676025390625
-0.0330543518066406 0.0266742706298828 -0.00433349609374999 0.74029541015625
-0.00831222534179687 -0.0661811828613281 -0.22381591796875 0.72076416015625
0.0494461059570313 -0.0816879272460938 -0.18634033203125 0.453826904296875
0.122550964355469 -0.0767974853515625 0.15301513671875 0.0871734619140625
0.0809097290039063 -0.0530776977539062 0.359405517578125 -0.362335205078125
0.0517654418945313 -0.0452156066894531 0.21380615234375 -0.71929931640625
0.0101852416992188 -0.0264091491699219 -0.23394775390625 -0.734619140625
0.00188255310058594 -0.0185604095458984 -0.518096923828125 -0.4814453125
0.0129680633544922 0.0118913650512695 -0.534637451171875 -0.24176025390625
0.0143461227416992 0.0115499496459961 -0.3717041015625 -0.011627197265625
0.0439605712890625 -0.0040740966796875 -0.0522499084472656 0.0241889953613281
0.0596275329589844 0.0319366455078125 0.111885070800781 0.0310897827148438
0.0564727783203125 0.0637741088867188 0.38922119140625 0.099639892578125
0.0344009399414063 0.0695686340332031 0.414337158203125 0.261932373046875
-0.00167465209960937 0.0672149658203125 0.315521240234375 0.541534423828125
-0.0528678894042969 0.0285835266113281 0.02105712890625 0.73760986328125
-0.0401535034179688 -0.0542335510253906 -0.20452880859375 0.72882080078125
0.0204048156738281 -0.0595626831054688 -0.18212890625 0.46673583984375
0.0994720458984375 -0.0497207641601562 0.1485595703125 0.102249145507812
0.0672187805175781 -0.0277137756347656 0.373565673828125 -0.34942626953125
0.0303459167480469 -0.0256404876708984 0.238525390625 -0.71331787109375
-0.00731754302978516 -0.0109519958496094 -0.207275390625 -0.74273681640625
-0.00681686401367187 -0.0160760879516602 -0.505218505859375 -0.4964599609375
0.0178699493408203 0.00787925720214844 -0.528564453125 -0.255401611328125
0.0366134643554688 0.00848770141601563 -0.367950439453125 -0.0136108398437501
0.077117919921875 0.004638671875 -0.044677734375 0.0257148742675781
0.0892410278320313 0.0415725708007813 0.134719848632813 0.0327301025390625
0.0876541137695313 0.0650405883789063 0.3966064453125 0.090850830078125
0.0508499145507813 0.0527687072753906 0.422760009765625 0.252716064453125
-0.00345611572265625 0.0546493530273438 0.33306884765625 0.52783203125
-0.0727767944335938 0.028656005859375 0.04559326171875 0.73284912109375
-0.064666748046875 -0.0391311645507813 -0.17669677734375 0.729248046875
-0.00278472900390625 -0.0336666107177734 -0.16754150390625 0.4654541015625
0.08074951171875 -0.0233078002929688 0.151596069335937 0.103378295898437
0.0513687133789063 -0.00531387329101563 0.387908935546875 -0.346221923828125
0.0141487121582031 -0.0030670166015625 0.26116943359375 -0.71563720703125
-0.0236034393310547 0.00423049926757813 -0.17620849609375 -0.75006103515625
-0.0182056427001953 -0.0120162963867187 -0.4866943359375 -0.5150146484375
0.0243396759033203 -0.000791549682617187 -0.513519287109375 -0.271728515625
0.0569419860839844 0.002685546875 -0.35528564453125 -0.016082763671875
0.110481262207031 0.008758544921875 -0.0316219329833984 0.0317573547363281
0.115089416503906 0.0462875366210937 0.15386962890625 0.0341796875
0.103599548339844 0.0562057495117188 0.402740478515625 0.08905029296875
0.0611190795898438 0.0361900329589844 0.4310302734375 0.26019287109375
-0.00791168212890625 0.0430221557617188 0.360595703125 0.527923583984375
-0.0883560180664063 0.0337600708007812 0.0804443359375001 0.73040771484375
-0.084808349609375 -0.023956298828125 -0.137939453125 0.7166748046875
-0.0206508636474609 -0.0102577209472656 -0.15081787109375 0.45562744140625
0.063232421875 5.7220458984375E-05 0.161453247070313 0.0894012451171875
0.0356292724609375 0.0161056518554688 0.403656005859375 -0.356231689453125
0.000489711761474609 0.00797796249389648 0.2889404296875 -0.72576904296875
-0.0379791259765625 0.01458740234375 -0.15618896484375 -0.76275634765625
-0.0259532928466797 -0.0133419036865234 -0.462890625 -0.52783203125
0.0260505676269531 -0.00841903686523438 -0.497161865234375 -0.27362060546875
0.0725784301757813 0.00269317626953125 -0.336334228515625 -0.018798828125
0.132743835449219 0.0202484130859375 -0.0107231140136719 0.0419273376464844
0.119346618652344 0.0442428588867188 0.1728515625 0.036590576171875
0.104103088378906 0.0463333129882812 0.4063720703125 0.093505859375
0.0532722473144531 0.0295639038085938 0.44482421875 0.26953125
-0.0179061889648438 0.0414924621582031 0.383056640625 0.533447265625
-0.0977859497070312 0.0378494262695313 0.11285400390625 0.72259521484375
-0.089630126953125 -0.0109634399414063 -0.107666015625 0.69732666015625
-0.027679443359375 0.00599098205566406 -0.13043212890625 0.433807373046875
0.0577621459960938 0.015960693359375 0.180328369140625 0.0688934326171875
0.0295791625976563 0.0330753326416016 0.4151611328125 -0.372711181640625
-0.0116672515869141 0.0191879272460938 0.30242919921875 -0.74017333984375
-0.0521430969238281 0.0179519653320312 -0.13189697265625 -0.774658203125
-0.0324993133544922 -0.0204105377197266 -0.443023681640625 -0.534149169921875
0.032928466796875 -0.0154609680175781 -0.479949951171875 -0.271636962890625
0.084564208984375 -0.00074005126953125 -0.31341552734375 -0.0143432617187501
0.140396118164063 0.0353317260742188 0.0085906982421875 0.0500030517578125
-0.0568122863769531 0.00205993652343749 0.105110168457031 0.0548171997070312
-0.044586181640625 0.0569000244140625 0.349090576171875 0.15032958984375
-0.0231170654296875 0.0842208862304688 0.386871337890625 0.352569580078125
0.0058441162109375 0.0696144104003906 0.302978515625 0.6153564453125
0.00642538070678711 -0.00209903717041016 0.0164184570312499 0.73779296875
0.039398193359375 -0.100059509277344 -0.198486328125 0.66082763671875
0.0959701538085938 -0.118492126464844 -0.148529052734375 0.3712158203125
0.160888671875 -0.107940673828125 0.187271118164062 0.000930786132812493
0.116180419921875 -0.0843353271484375 0.34185791015625 -0.442474365234375
0.0928115844726562 -0.0683441162109375 0.1715087890625 -0.74951171875
0.0458564758300781 -0.0399398803710938 -0.260498046875 -0.7147216796875
0.00473880767822266 -0.010035514831543 -0.508209228515625 -0.42437744140625
-0.0264434814453125 0.0216598510742188 -0.50811767578125 -0.186492919921875
-0.0431022644042969 -0.000102996826171881 -0.334075927734375 0.0136718750000001
-0.03155517578125 -0.0164566040039063 -0.0267295837402344 0.0455169677734375
-0.0371017456054688 0.00129318237304688 0.0955581665039063 0.0480575561523438
-0.0337142944335938 0.0541191101074219 0.349822998046875 0.13372802734375
-0.0212631225585938 0.0866317749023438 0.38299560546875 0.32763671875
0.001739501953125 0.0802688598632813 0.293212890625 0.597412109375
-0.000281333923339843 0.0106592178344727 0.00225830078125002 0.7396240234375
0.0336990356445313 -0.0921173095703125 -0.21051025390625 0.6832275390625
0.0907516479492188 -0.113174438476563 -0.15948486328125 0.40283203125
0.15362548828125 -0.106918334960938 0.172042846679688 0.0326385498046875
0.106796264648437 -0.0832901000976563 0.335845947265625 -0.413482666015625
0.08160400390625 -0.0684890747070312 0.16912841796875 -0.7333984375
0.0382461547851563 -0.0424995422363281 -0.26788330078125 -0.71282958984375
0.0087127685546875 -0.0167875289916992 -0.52313232421875 -0.435272216796875
-0.0103492736816406 0.0200443267822266 -0.522064208984375 -0.199859619140625
-0.0272941589355469 0.006683349609375 -0.349639892578125 0.00588989257812499
-0.0157470703125 -0.0145902633666992 -0.0415077209472656 0.0334854125976563
-0.00944614410400391 0.00805568695068359 0.0919876098632813 0.0403366088867188
-0.0114860534667969 0.0528602600097656 0.35675048828125 0.1175537109375
-0.0109634399414062 0.0840072631835937 0.38824462890625 0.300445556640625
-0.00199127197265626 0.0836257934570313 0.29119873046875 0.5745849609375
-0.0143795013427734 0.0206756591796875 -0.000122070312499968 0.73895263671875
0.0152740478515625 -0.0806732177734375 -0.2144775390625 0.700439453125
0.072998046875 -0.101081848144531 -0.171051025390625 0.43035888671875
0.138633728027344 -0.0968856811523438 0.159317016601562 0.0609283447265625
0.0947494506835938 -0.0732345581054688 0.339874267578125 -0.38409423828125
0.06585693359375 -0.0609664916992188 0.18011474609375 -0.71893310546875
0.0255775451660156 -0.0376091003417969 -0.2598876953125 -0.7127685546875
0.00621223449707032 -0.0199966430664063 -0.525909423828125 -0.4495849609375
0.00271987915039063 0.0158157348632813 -0.529937744140625 -0.21600341796875
-0.00638961791992188 0.00939464569091797 -0.36187744140625 0.000518798828124996
0.0114660263061523 -0.00965023040771484 -0.0501823425292969 0.0279388427734375
0.024444580078125 0.0193672180175781 0.0974273681640625 0.0332260131835938
0.0209121704101563 0.057403564453125 0.369598388671875 0.103515625
0.0099945068359375 0.0759201049804688 0.39971923828125 0.273529052734375
-0.0026397705078125 0.0778656005859375 0.300537109375 0.548187255859375
-0.0324478149414063 0.0258522033691406 0.0101928710937499 0.73260498046875
-0.0111427307128906 -0.06646728515625 -0.20831298828125 0.715576171875
0.047027587890625 -0.082122802734375 -0.177398681640625 0.450531005859375
0.119056701660156 -0.077178955078125 0.150222778320313 0.08258056640625
0.0800704956054688 -0.053985595703125 0.348358154296875 -0.36175537109375
0.0490684509277344 -0.0448379516601563 0.197998046875 -0.70867919921875
0.0105609893798828 -0.0253105163574219 -0.2396240234375 -0.719482421875
0.000577926635742189 -0.0183181762695313 -0.51861572265625 -0.4644775390625
0.0128860473632813 0.0109901428222656 -0.53021240234375 -0.22979736328125
0.0157184600830078 0.00925731658935547 -0.364227294921875 -0.00274658203124997
0.0429534912109375 -0.00442123413085938 -0.0515251159667969 0.0256500244140625
0.0606536865234375 0.0328826904296875 0.110595703125 0.0298233032226563
0.0576019287109375 0.0608062744140625 0.384246826171875 0.09088134765625
0.0349922180175781 0.0647926330566406 0.413116455078125 0.253143310546875
0.000381469726562496 0.0660934448242188 0.318023681640625 0.527557373046875
-0.0511665344238281 0.0277633666992187 0.0296020507812499 0.727294921875
-0.0401763916015625 -0.0517501831054688 -0.1898193359375 0.7196044921875
0.01983642578125 -0.05841064453125 -0.172760009765625 0.46356201171875
0.0973968505859375 -0.0527267456054688 0.146591186523438 0.096771240234375
0.0650863647460938 -0.0306892395019531 0.361297607421875 -0.348541259765625
0.031494140625 -0.0255718231201172 0.222900390625 -0.7049560546875
-0.00653457641601563 -0.00954055786132813 -0.21527099609375 -0.728759765625
-0.00717449188232422 -0.0153360366821289 -0.505615234375 -0.482666015625
0.0190925598144531 0.00555038452148438 -0.523834228515625 -0.24468994140625
0.0367584228515625 0.007568359375 -0.359954833984375 -0.00814819335937501
0.0764083862304688 0.00200653076171875 -0.0440330505371094 0.0270576477050781
0.0909500122070312 0.0418472290039063 0.129142761230469 0.0285263061523438
0.08673095703125 0.0596084594726563 0.392730712890625 0.082061767578125
0.0548286437988281 0.0508308410644531 0.422119140625 0.2440185546875
0.000453948974609378 0.0536117553710937 0.339141845703125 0.5166015625
-0.0699195861816406 0.0291099548339844 0.05877685546875 0.7200927734375
-0.0663681030273438 -0.0364227294921875 -0.15911865234375 0.7166748046875
-0.00527191162109375 -0.032562255859375 -0.160247802734375 0.46295166015625
0.077484130859375 -0.0249099731445313 0.151153564453125 0.096893310546875
0.0505561828613281 -0.0057220458984375 0.375244140625 -0.346832275390625
0.0142812728881836 -0.00677490234375 0.24658203125 -0.70782470703125
-0.0224475860595703 0.00445175170898438 -0.18804931640625 -0.73822021484375
-0.0167779922485352 -0.0121555328369141 -0.48638916015625 -0.498321533203125
0.0232467651367188 -0.000579833984375 -0.5098876953125 -0.2564697265625
0.0556678771972656 0.00374221801757813 -0.347686767578125 -0.0122375488281251
0.106193542480469 0.009979248046875 -0.0291919708251953 0.0312156677246094
0.110939025878906 0.0443191528320313 0.149765014648438 0.030242919921875
0.102653503417969 0.0535354614257813 0.398773193359375 0.0804443359375
0.0606765747070312 0.0368766784667969 0.42938232421875 0.247344970703125
-0.00638198852539063 0.0433769226074219 0.36322021484375 0.514495849609375
-0.0859146118164063 0.0334320068359375 0.0912475585937499 0.71612548828125
-0.0835723876953125 -0.020050048828125 -0.125732421875 0.70831298828125
-0.0202693939208984 -0.00987052917480469 -0.14166259765625 0.451385498046875
0.0634880065917969 -0.00128936767578125 0.161285400390625 0.08489990234375
0.0391120910644531 0.0155982971191406 0.3895263671875 -0.35784912109375
0.000548362731933594 0.00889396667480469 0.26861572265625 -0.7181396484375
-0.0378837585449219 0.0155487060546875 -0.1646728515625 -0.7513427734375
-0.0260963439941406 -0.0123462677001953 -0.467620849609375 -0.511962890625
0.0260581970214844 -0.00821304321289063 -0.49493408203125 -0.26214599609375
0.0710983276367188 0.00026702880859375 -0.329986572265625 -0.0135498046875
0.127525329589844 0.0194854736328125 -0.00962066650390624 0.0390052795410156
0.118797302246094 0.0422897338867188 0.17047119140625 0.032684326171875
0.103836059570313 0.0449676513671875 0.403533935546875 0.083892822265625
0.0534248352050781 0.0286483764648438 0.441741943359375 0.2586669921875
-0.0155906677246094 0.0401039123535156 0.387237548828125 0.518280029296875
-0.0945053100585938 0.0387802124023438 0.12164306640625 0.70867919921875
-0.0903549194335938 -0.00782012939453127 -0.09564208984375 0.69036865234375
-0.0254421234130859 0.00596427917480469 -0.120391845703125 0.428680419921875
0.0567283630371094 0.0146865844726563 0.176589965820313 0.0623321533203125
0.0300483703613281 0.0300178527832031 0.405517578125 -0.376434326171875
-0.0097360610961914 0.0175037384033203 0.28759765625 -0.7332763671875
-0.0491447448730469 0.0167961120605469 -0.144287109375 -0.7601318359375
-0.0319461822509766 -0.0183277130126953 -0.44879150390625 -0.51824951171875
0.0302753448486328 -0.0175838470458984 -0.47479248046875 -0.261932373046875
0.083770751953125 -0.0019683837890625 -0.30914306640625 -0.01043701171875
0.1383056640625 0.0301361083984375 0.0109329223632813 0.0496978759765625
-0.0569496154785156 0.00457382202148439 0.102554321289063 0.05291748046875
-0.0433158874511719 0.0562248229980469 0.3472900390625 0.143768310546875
-0.0209732055664063 0.0837020874023438 0.38653564453125 0.3428955078125
0.00609588623046876 0.06878662109375 0.306396484375 0.60479736328125
0.00610542297363281 -0.00236368179321289 0.02716064453125 0.72869873046875
0.037841796875 -0.0985183715820313 -0.18780517578125 0.65380859375
0.0920486450195313 -0.117111206054687 -0.14337158203125 0.366485595703125
0.156265258789063 -0.109939575195313 0.183929443359375 -0.00373840332031251
0.113632202148438 -0.0853118896484375 0.33056640625 -0.44012451171875
0.0899505615234375 -0.0693359375 0.160888671875 -0.74017333984375
0.0447883605957031 -0.0400276184082031 -0.26629638671875 -0.700927734375
0.00413036346435547 -0.00943851470947266 -0.508514404296875 -0.4127197265625
-0.0260601043701172 0.020416259765625 -0.503143310546875 -0.178619384765625
-0.0435028076171875 -0.000919342041015621 -0.328948974609375 0.016021728515625
-0.0318374633789063 -0.0165443420410156 -0.0258674621582031 0.0448837280273438
-0.038238525390625 0.00361633300781249 0.0941543579101563 0.0465011596679688
-0.0323715209960937 0.0522956848144531 0.346832275390625 0.12567138671875
-0.0188217163085937 0.0863494873046875 0.382354736328125 0.317962646484375
0.00279235839843749 0.0778274536132813 0.29608154296875 0.58465576171875
0.000128746032714844 0.0107240676879883 0.01275634765625 0.72967529296875
0.03155517578125 -0.089935302734375 -0.19873046875 0.6754150390625
0.0879135131835938 -0.111122131347656 -0.15185546875 0.399932861328125
0.148757934570313 -0.10638427734375 0.168792724609375 0.0285797119140625
0.103828430175781 -0.083465576171875 0.326812744140625 -0.413238525390625
0.0790557861328125 -0.07037353515625 0.15655517578125 -0.724365234375
0.0380516052246094 -0.041900634765625 -0.272705078125 -0.69842529296875
0.00735092163085938 -0.0165863037109375 -0.52069091796875 -0.423797607421875
-0.0109195709228516 0.0188674926757813 -0.51568603515625 -0.19122314453125
-0.0269298553466797 0.0074615478515625 -0.345245361328125 0.00942993164062493
-0.0145406723022461 -0.0138216018676758 -0.0411109924316406 0.0331954956054688
-0.009124755859375 0.00889110565185547 0.0907821655273438 0.0384979248046875
-0.0104637145996094 0.0532760620117188 0.35284423828125 0.1097412109375
-0.00979614257812499 0.0826339721679688 0.3868408203125 0.290679931640625
-0.00139617919921875 0.08203125 0.29327392578125 0.5625
-0.0143184661865234 0.0206546783447266 0.0100708007812501 0.73016357421875
0.0136184692382812 -0.078460693359375 -0.20416259765625 0.69482421875
0.070159912109375 -0.0990219116210938 -0.1646728515625 0.42724609375
0.134834289550781 -0.0969009399414062 0.15679931640625 0.05670166015625
0.0923233032226563 -0.073089599609375 0.330322265625 -0.383087158203125
0.0646858215332031 -0.059234619140625 0.168212890625 -0.711669921875
0.0246391296386719 -0.037139892578125 -0.265869140625 -0.70013427734375
0.00577735900878906 -0.0188808441162109 -0.52423095703125 -0.434661865234375
0.00302791595458985 0.0154228210449219 -0.525787353515625 -0.2071533203125
-0.00697660446166992 0.00832176208496094 -0.356109619140625 0.00463867187500001
0.00963211059570312 -0.0106344223022461 -0.048919677734375 0.0272293090820313
0.0243549346923828 0.0182094573974609 0.0961990356445313 0.0300369262695313
0.020355224609375 0.0556373596191406 0.366455078125 0.097808837890625
0.0108642578125 0.0757369995117188 0.3974609375 0.26617431640625
-0.00109100341796875 0.0761184692382813 0.3043212890625 0.5367431640625
-0.0307865142822266 0.0260105133056641 0.01995849609375 0.72265625
-0.0127830505371094 -0.0644607543945313 -0.194580078125 0.70703125
0.0453338623046875 -0.0795974731445312 -0.1693115234375 0.446319580078125
0.115196228027344 -0.0764923095703125 0.146896362304688 0.0787506103515625
0.0782089233398437 -0.05291748046875 0.33831787109375 -0.36151123046875
0.048095703125 -0.0455131530761719 0.18585205078125 -0.70037841796875
0.00873374938964844 -0.0249824523925781 -0.2457275390625 -0.706787109375
0.000543594360351563 -0.017512321472168 -0.51739501953125 -0.450836181640625
0.0124168395996094 0.00965118408203125 -0.52691650390625 -0.219390869140625
0.0142145156860352 0.00915718078613281 -0.35888671875 0.000885009765625002
0.0418243408203125 -0.00439453125 -0.0501174926757813 0.0247840881347656
0.0595169067382813 0.0318412780761719 0.108749389648438 0.0283355712890625
0.0561027526855469 0.0592880249023438 0.380523681640625 0.083526611328125
0.0354042053222656 0.0627365112304688 0.413116455078125 0.243927001953125
0.00046920776367188 0.0655593872070313 0.320770263671875 0.515716552734375
-0.050048828125 0.0281982421875 0.0400390625 0.71490478515625
-0.0398178100585938 -0.0498046875 -0.176513671875 0.71197509765625
0.0175857543945312 -0.0562362670898438 -0.165191650390625 0.4588623046875
0.0954437255859375 -0.0522003173828125 0.145187377929687 0.0912322998046875
0.0641021728515625 -0.031280517578125 0.353179931640625 -0.3494873046875
0.0310420989990234 -0.0267047882080078 0.2095947265625 -0.69708251953125
-0.00716209411621094 -0.0104837417602539 -0.22161865234375 -0.71575927734375
-0.00811767578125 -0.0147523880004883 -0.50567626953125 -0.46905517578125
0.0192127227783203 0.00464248657226563 -0.519317626953125 -0.234466552734375
0.035064697265625 0.00603294372558594 -0.354248046875 -0.00485229492187497
0.075775146484375 0.00037384033203125 -0.0421371459960937 0.0261154174804687
0.0890655517578125 0.0405044555664063 0.127471923828125 0.0257492065429688
0.0873489379882813 0.0573501586914063 0.387786865234375 0.075897216796875
0.0548286437988281 0.0492897033691406 0.4180908203125 0.234649658203125
0.00105667114257812 0.051055908203125 0.340576171875 0.503875732421875
-0.0676460266113281 0.0293807983398438 0.0683593750000001 0.70965576171875
-0.0658416748046875 -0.0340690612792969 -0.14752197265625 0.71038818359375
-0.0050201416015625 -0.0312995910644531 -0.152191162109375 0.4566650390625
0.0747604370117187 -0.0263595581054687 0.1497802734375 0.0929412841796875
0.0495872497558594 -0.0074005126953125 0.36639404296875 -0.347869873046875
0.0155324935913086 -0.00738525390625 0.23406982421875 -0.70159912109375
-0.0209712982177734 0.00462532043457031 -0.19610595703125 -0.7265625
-0.0167398452758789 -0.0121116638183594 -0.48699951171875 -0.4842529296875
0.0214805603027344 -0.000810623168945313 -0.505096435546875 -0.2470703125
0.0543174743652344 0.0038604736328125 -0.34295654296875 -0.00671386718750002
0.102561950683594 0.00847625732421875 -0.0274314880371094 0.0317440032958984
0.108871459960938 0.0419464111328125 0.147354125976563 0.0263519287109375
0.103477478027344 0.0510330200195312 0.39495849609375 0.072662353515625
0.0601654052734375 0.0355720520019531 0.4256591796875 0.238006591796875
-0.0066680908203125 0.0417327880859375 0.36212158203125 0.502655029296875
-0.08428955078125 0.03314208984375 0.10137939453125 0.70538330078125
-0.083282470703125 -0.019134521484375 -0.11419677734375 0.6983642578125
-0.01873779296875 -0.00873947143554688 -0.133392333984375 0.447174072265625
0.0615234375 -0.00329208374023438 0.159454345703125 0.08160400390625
0.0381736755371094 0.0144691467285156 0.38055419921875 -0.358856201171875
0.000862121582031249 0.00896072387695313 0.2550048828125 -0.71221923828125
-0.0385322570800781 0.0152168273925781 -0.17236328125 -0.73931884765625
-0.0255184173583984 -0.0117874145507812 -0.467803955078125 -0.497589111328125
0.0253429412841797 -0.00865936279296875 -0.491455078125 -0.252716064453125
0.0699043273925781 8.0108642578125E-05 -0.3245849609375 -0.00939941406249998
0.125457763671875 0.0180740356445313 -0.00791168212890624 0.0379486083984375
0.116500854492187 0.0397567749023438 0.166900634765625 0.029815673828125
0.101631164550781 0.043853759765625 0.3994140625 0.0751953125
0.0531539916992188 0.0267829895019531 0.437286376953125 0.24920654296875
-0.0151710510253906 0.0400543212890625 0.389068603515625 0.50689697265625
-0.0926742553710938 0.0384597778320313 0.1290283203125 0.69696044921875
-0.0883941650390625 -0.00741577148437501 -0.08465576171875 0.68145751953125
-0.0246448516845703 0.00629615783691407 -0.113037109375 0.4249267578125
0.0555648803710937 0.0131683349609375 0.173614501953125 0.0590057373046875
0.0301628112792969 0.0279293060302734 0.393829345703125 -0.37762451171875
-0.0091094970703125 0.0179615020751953 0.27435302734375 -0.728515625
-0.0474777221679688 0.0176162719726562 -0.15228271484375 -0.751708984375
-0.0320243835449219 -0.0179100036621094 -0.448333740234375 -0.506378173828125
0.0300197601318359 -0.0180072784423828 -0.47247314453125 -0.251007080078125
0.081451416015625 -0.00208282470703125 -0.3035888671875 -0.00756835937499996
0.136054992675781 0.0285110473632813 0.0108604431152344 0.04901123046875
-0.0564231872558594 0.00502777099609374 0.1016845703125 0.0509872436523438
-0.0424156188964844 0.0555076599121094 0.344085693359375 0.13763427734375
-0.0208892822265625 0.0830230712890625 0.3858642578125 0.335662841796875
0.00685882568359376 0.06689453125 0.30938720703125 0.59393310546875
0.00719308853149414 -0.00232982635498047 0.0335083007812499 0.7183837890625
0.03662109375 -0.0963058471679687 -0.17987060546875 0.64788818359375
0.0900955200195313 -0.114585876464844 -0.13726806640625 0.36383056640625
0.151885986328125 -0.110122680664062 0.179519653320313 -0.00587463378906251
0.111480712890625 -0.0848236083984375 0.3212890625 -0.43621826171875
0.089385986328125 -0.0692901611328125 0.15045166015625 -0.73291015625
0.0441513061523438 -0.0396499633789063 -0.2724609375 -0.6878662109375
0.0038909912109375 -0.00952911376953125 -0.50439453125 -0.401824951171875
-0.0265464782714844 0.0206470489501953 -0.49725341796875 -0.17022705078125
-0.0429916381835938 0.000682830810546865 -0.3248291015625 0.019500732421875
-0.0319690704345703 -0.0147266387939453 -0.0256576538085938 0.0452728271484375
-0.03814697265625 0.00307083129882813 0.0915298461914063 0.0436172485351563
-0.0318794250488281 0.0520706176757813 0.343017578125 0.12042236328125
-0.0193634033203125 0.0843582153320313 0.38006591796875 0.3095703125
0.00323486328125 0.0770645141601563 0.29833984375 0.57415771484375
0.00109004974365234 0.00986003875732422 0.0186767578125 0.71966552734375
0.0308380126953125 -0.0888214111328125 -0.18988037109375 0.66937255859375
0.0846786499023438 -0.110801696777344 -0.147064208984375 0.39520263671875
0.145156860351563 -0.107940673828125 0.165664672851563 0.0260009765625
0.10321044921875 -0.083770751953125 0.316680908203125 -0.409271240234375
0.0783615112304688 -0.0690383911132813 0.14788818359375 -0.7171630859375
0.0363731384277344 -0.0422248840332031 -0.2757568359375 -0.68707275390625
0.00639152526855469 -0.0161304473876953 -0.518218994140625 -0.410125732421875
-0.0115871429443359 0.0189838409423828 -0.5115966796875 -0.183349609375
-0.0270576477050781 0.00682067871093749 -0.340179443359375 0.013763427734375
-0.0159683227539062 -0.0129919052124023 -0.0398750305175781 0.0335311889648437
-0.0102863311767578 0.00842380523681641 0.0880508422851563 0.0357589721679688
-0.00920486450195313 0.0512275695800781 0.350250244140625 0.104766845703125
-0.00878143310546875 0.0815887451171875 0.384765625 0.28466796875
-0.000732421875000004 0.0795745849609375 0.29498291015625 0.5526123046875
-0.0120143890380859 0.0195999145507813 0.0177001953125 0.71905517578125
0.0128326416015625 -0.076751708984375 -0.19415283203125 0.68682861328125
0.067474365234375 -0.0985031127929688 -0.15771484375 0.4217529296875
0.131546020507813 -0.0977096557617188 0.153778076171875 0.0533905029296875
0.0905990600585938 -0.073486328125 0.320556640625 -0.3809814453125
0.0635261535644531 -0.0608139038085937 0.15704345703125 -0.7037353515625
0.0239448547363281 -0.0365180969238281 -0.2698974609375 -0.688232421875
0.00516891479492188 -0.0193214416503906 -0.5211181640625 -0.424072265625
0.00176048278808594 0.0151386260986328 -0.518951416015625 -0.19793701171875
-0.00665569305419922 0.00949859619140625 -0.35009765625 0.00778198242187497
0.00987434387207031 -0.00891494750976563 -0.0479393005371094 0.0276641845703125
0.0236797332763672 0.0192050933837891 0.0930099487304688 0.028564453125
0.0219078063964844 0.0541267395019531 0.362762451171875 0.091033935546875
0.0118026733398438 0.0737152099609375 0.395751953125 0.257843017578125
-0.000572204589843743 0.0743942260742187 0.30462646484375 0.52667236328125
-0.0299949645996094 0.025543212890625 0.0258178710937499 0.71337890625
-0.0116004943847656 -0.0627212524414063 -0.1864013671875 0.697998046875
0.0437240600585938 -0.0791549682617188 -0.162689208984375 0.4417724609375
0.112052917480469 -0.077972412109375 0.14581298828125 0.0757598876953125
0.07696533203125 -0.0539474487304687 0.32867431640625 -0.360015869140625
0.0468788146972656 -0.0455513000488281 0.17510986328125 -0.6932373046875
0.00977706909179688 -0.0253887176513672 -0.25067138671875 -0.69378662109375
-0.000415802001953126 -0.0179309844970703 -0.51593017578125 -0.438934326171875
0.0117874145507813 0.0100278854370117 -0.519744873046875 -0.211883544921875
0.0145273208618164 0.00863456726074219 -0.35345458984375 0.00347900390624995
0.0411300659179688 -0.00426483154296875 -0.0497589111328125 0.0258712768554687
0.0582313537597656 0.0315017700195313 0.106552124023437 0.0251541137695313
0.0568656921386719 0.0570259094238281 0.375335693359375 0.0792236328125
0.0356788635253906 0.0617218017578125 0.40704345703125 0.238189697265625
0.001922607421875 0.063262939453125 0.319580078125 0.506988525390625
-0.0484619140625 0.0276412963867188 0.04669189453125 0.70672607421875
-0.0396499633789062 -0.0481796264648438 -0.16900634765625 0.7052001953125
0.0171699523925781 -0.0547103881835938 -0.157867431640625 0.4537353515625
0.0922622680664063 -0.053466796875 0.142715454101563 0.088653564453125
0.0625 -0.0313911437988281 0.34326171875 -0.34820556640625
0.0304603576660156 -0.0268974304199219 0.19915771484375 -0.69146728515625
-0.00591278076171875 -0.0101966857910156 -0.22705078125 -0.705078125
-0.00808620452880859 -0.0134916305541992 -0.503692626953125 -0.457305908203125
0.0184803009033203 0.00489234924316406 -0.513702392578125 -0.2271728515625
0.035247802734375 0.00660324096679688 -0.349517822265625 -0.000640869140625031
0.074066162109375 0.00041961669921875 -0.0412864685058594 0.0267715454101563
0.0884933471679688 0.0386734008789063 0.124252319335938 0.023223876953125
0.08575439453125 0.0561065673828125 0.383575439453125 0.06976318359375
0.0543174743652344 0.0481452941894531 0.416412353515625 0.2283935546875
0.00223159790039062 0.0512542724609375 0.34039306640625 0.495391845703125
-0.0663070678710937 0.0288963317871094 0.074951171875 0.70098876953125
-0.0653152465820313 -0.0321693420410156 -0.1395263671875 0.70318603515625
-0.00605392456054688 -0.0292873382568359 -0.146453857421875 0.451904296875
0.07391357421875 -0.02691650390625 0.147445678710938 0.0882720947265625
0.0489921569824219 -0.00777053833007813 0.356536865234375 -0.34747314453125
0.0150833129882812 -0.00742149353027344 0.22265625 -0.69464111328125
-0.0215530395507813 0.00456619262695312 -0.200927734375 -0.71502685546875
-0.0169763565063477 -0.0110177993774414 -0.485870361328125 -0.47308349609375
0.0217227935791016 -0.00143814086914063 -0.50140380859375 -0.2386474609375
0.0541038513183594 0.00249862670898438 -0.33758544921875 -0.00515747070312502
0.102149963378906 0.0075836181640625 -0.0278110504150391 0.0305767059326172
0.1082763671875 0.041534423828125 0.144241333007813 0.023773193359375
0.101402282714844 0.0492630004882812 0.38958740234375 0.067169189453125
0.060394287109375 0.0345001220703125 0.423614501953125 0.2308349609375
-0.00462722778320313 0.0418434143066406 0.36212158203125 0.4923095703125
-0.081787109375 0.033599853515625 0.104736328125 0.69476318359375
-0.08184814453125 -0.0171585083007812 -0.10650634765625 0.69207763671875
-0.0200786590576172 -0.00772857666015625 -0.126861572265625 0.441864013671875
0.0605697631835937 -0.00385284423828125 0.157180786132813 0.077423095703125
0.0377159118652344 0.0131721496582031 0.37060546875 -0.357391357421875
0.000710010528564453 0.00769948959350586 0.24505615234375 -0.70428466796875
-0.0363197326660156 0.0149154663085938 -0.17681884765625 -0.728271484375
-0.0260219573974609 -0.0115127563476563 -0.468048095703125 -0.486907958984375
0.0249977111816406 -0.00877571105957031 -0.485748291015625 -0.243896484375
0.069671630859375 -0.00099945068359375 -0.320159912109375 -0.00674438476562501
0.123588562011719 0.0165328979492188 -0.00865936279296875 0.0374984741210937
0.114677429199219 0.0383529663085938 0.163818359375 0.02606201171875
0.102149963378906 0.0408401489257813 0.393890380859375 0.069488525390625
0.053375244140625 0.026092529296875 0.434326171875 0.241668701171875
-0.0143394470214844 0.0395088195800781 0.38623046875 0.495849609375
-0.09051513671875 0.0391769409179687 0.1351318359375 0.68780517578125
-0.087738037109375 -0.00504302978515624 -0.0783081054687501 0.673095703125
-0.0244560241699219 0.00754356384277344 -0.107757568359375 0.41943359375
0.0542144775390625 0.0127487182617188 0.171401977539063 0.055633544921875
0.0302524566650391 0.0276222229003906 0.3846435546875 -0.3763427734375
-0.00881385803222656 0.0162744522094727 0.26312255859375 -0.719482421875
-0.0470314025878906 0.0174064636230469 -0.15679931640625 -0.73699951171875
-0.0323600769042969 -0.0175647735595703 -0.448486328125 -0.4935302734375
0.0285778045654297 -0.0180435180664063 -0.46728515625 -0.244049072265625
0.081085205078125 -0.00249481201171875 -0.300079345703125 -0.00433349609374998
0.134490966796875 0.0272979736328125 0.0118141174316406 0.0489730834960938
-0.0561408996582031 0.00534439086914062 0.100196838378906 0.0492401123046875
-0.0420608520507813 0.0544471740722656 0.341766357421875 0.13323974609375
-0.0198516845703125 0.0819320678710937 0.384063720703125 0.328704833984375
0.00772857666015624 0.0654945373535156 0.3095703125 0.583984375
0.00768041610717773 -0.00151205062866211 0.0530395507812501 0.70501708984375
0.0366134643554688 -0.0946502685546875 -0.1741943359375 0.641845703125
0.0871047973632813 -0.112449645996094 -0.134429931640625 0.360748291015625
0.148117065429688 -0.109512329101563 0.175628662109375 -0.00721740722656251
0.109786987304688 -0.0846786499023438 0.314849853515625 -0.433868408203125
0.088592529296875 -0.0695419311523438 0.142333984375 -0.72491455078125
0.0431594848632813 -0.0391654968261719 -0.2723388671875 -0.6796875
0.00297927856445312 -0.00851202011108398 -0.50262451171875 -0.392822265625
-0.02655029296875 0.0201816558837891 -0.4915771484375 -0.165679931640625
-0.0425033569335938 0.000694274902343756 -0.320220947265625 0.0221862792968751
-0.0324020385742188 -0.0143680572509766 -0.0246696472167969 0.0451087951660156
-0.0378265380859375 0.00300598144531251 0.0899505615234375 0.0426712036132812
-0.0318222045898437 0.051025390625 0.340606689453125 0.1156005859375
-0.0181503295898438 0.0835800170898438 0.377777099609375 0.303497314453125
0.00337982177734375 0.0755462646484375 0.2972412109375 0.56536865234375
0.00191593170166016 0.00995731353759766 0.0252075195312501 0.7119140625
0.0305862426757813 -0.087158203125 -0.18402099609375 0.662841796875
0.0823211669921875 -0.108390808105469 -0.142974853515625 0.391632080078125
0.141357421875 -0.107437133789063 0.162918090820312 0.0234222412109375
0.101188659667969 -0.0844345092773438 0.31072998046875 -0.406219482421875
0.0780181884765625 -0.0687255859375 0.1387939453125 -0.710205078125
0.035919189453125 -0.04193115234375 -0.278564453125 -0.67620849609375
0.00565624237060547 -0.0151233673095703 -0.515838623046875 -0.40167236328125
-0.0114574432373047 0.0188426971435547 -0.50634765625 -0.17822265625
-0.0272407531738281 0.00625038146972656 -0.335357666015625 0.0155944824218751
-0.0165195465087891 -0.012944221496582 -0.0395088195800781 0.0333061218261719
-0.0105972290039063 0.00850105285644531 0.086273193359375 0.0345077514648438
-0.00928878784179688 0.0508003234863281 0.346771240234375 0.100250244140625
-0.00815582275390624 0.0804214477539063 0.38299560546875 0.278106689453125
4.57763671874987E-05 0.0784378051757813 0.296173095703125 0.543914794921875
-0.0114631652832031 0.0202789306640625 0.0213623046875 0.71099853515625
0.0126876831054687 -0.075469970703125 -0.1876220703125 0.6800537109375
0.0664596557617188 -0.0964736938476563 -0.153045654296875 0.416717529296875
0.127891540527344 -0.09759521484375 0.150985717773438 0.0512237548828125
0.0896759033203125 -0.0725784301757813 0.314056396484375 -0.37945556640625
0.0629386901855469 -0.0610198974609375 0.1510009765625 -0.69549560546875
0.0239601135253906 -0.0364608764648438 -0.2705078125 -0.67822265625
0.00433731079101562 -0.0181732177734375 -0.518402099609375 -0.41436767578125
0.00153160095214844 0.0149497985839844 -0.514923095703125 -0.192352294921875
-0.00706005096435547 0.00901985168457031 -0.34600830078125 0.01007080078125
0.00918102264404297 -0.00887012481689453 -0.0482711791992188 0.0277252197265625
0.0227222442626953 0.0190486907958984 0.0919036865234375 0.0273056030273438
0.0224494934082031 0.0526695251464844 0.359039306640625 0.08660888671875
0.011444091796875 0.0718536376953125 0.394439697265625 0.252593994140625
4.57763671874974E-05 0.0733795166015625 0.303955078125 0.519134521484375
-0.0284824371337891 0.0254154205322266 0.031982421875 0.70477294921875
-0.0120162963867188 -0.0614356994628906 -0.18072509765625 0.69134521484375
0.0419998168945313 -0.07720947265625 -0.15753173828125 0.43646240234375
0.109748840332031 -0.078399658203125 0.143035888671875 0.0730133056640625
0.0758132934570313 -0.0540390014648438 0.322967529296875 -0.35797119140625
0.0466156005859375 -0.0453147888183594 0.1680908203125 -0.68621826171875
0.00941085815429688 -0.0248203277587891 -0.25384521484375 -0.68341064453125
-0.000960350036621092 -0.017125129699707 -0.51251220703125 -0.429901123046875
0.0111541748046875 0.00965404510498047 -0.5146484375 -0.206451416015625
0.0140724182128906 0.00926017761230469 -0.348876953125 0.00616455078124994
0.0397720336914063 -0.00479507446289063 -0.0486335754394531 0.0260810852050781
0.0577316284179688 0.0301322937011719 0.104232788085938 0.0232162475585938
0.05694580078125 0.0561065673828125 0.3712158203125 0.07403564453125
0.0358734130859375 0.0612335205078125 0.40484619140625 0.2327880859375
0.00249862670898438 0.0623435974121094 0.32098388671875 0.498443603515625
-0.0469512939453125 0.0274391174316406 0.0516357421875 0.69842529296875
-0.0389747619628906 -0.0468711853027344 -0.16082763671875 0.6983642578125
0.0164108276367187 -0.0543136596679688 -0.153228759765625 0.449432373046875
0.0899276733398438 -0.0538330078125 0.141128540039063 0.085205078125
0.0621223449707031 -0.0311393737792969 0.335723876953125 -0.346282958984375
0.0300865173339844 -0.026885986328125 0.19232177734375 -0.68414306640625
-0.00554847717285156 -0.00992774963378906 -0.2293701171875 -0.69549560546875
-0.0089569091796875 -0.0134944915771484 -0.502197265625 -0.448272705078125
0.0176563262939453 0.00440406799316406 -0.508758544921875 -0.2213134765625
0.03466796875 0.006103515625 -0.3450927734375 0.00164794921875006
0.0722427368164063 0.0004730224609375 -0.0413055419921875 0.0266990661621094
0.0871353149414063 0.038116455078125 0.122428894042969 0.021453857421875
0.0853500366210937 0.0547561645507813 0.379547119140625 0.0648193359375
0.0541610717773438 0.046966552734375 0.41363525390625 0.222808837890625
0.002288818359375 0.0495033264160156 0.339996337890625 0.486785888671875
-0.0649566650390625 0.0298500061035156 0.0792236328124999 0.69158935546875
-0.0636863708496094 -0.0317115783691406 -0.1334228515625 0.69378662109375
-0.00612068176269532 -0.0294170379638672 -0.139739990234375 0.44866943359375
0.0718231201171875 -0.0269775390625 0.145095825195313 0.0863037109375
0.0488967895507813 -0.00779342651367188 0.34912109375 -0.344635009765625
0.0148725509643555 -0.00828742980957031 0.2149658203125 -0.68798828125
-0.0212154388427734 0.00488662719726562 -0.20343017578125 -0.70550537109375
-0.0172595977783203 -0.0102338790893555 -0.48455810546875 -0.463104248046875
0.0216236114501953 -0.00149345397949219 -0.495208740234375 -0.232574462890625
0.0526046752929688 0.00182723999023438 -0.332427978515625 -0.00210571289062498
0.100639343261719 0.007232666015625 -0.0271835327148437 0.0306224822998047
0.107063293457031 0.0402297973632813 0.14129638671875 0.0219879150390625
0.10101318359375 0.048583984375 0.384765625 0.0626220703125
0.0602798461914063 0.0334510803222656 0.419525146484375 0.2242431640625
-0.00374984741210937 0.0411720275878906 0.36163330078125 0.48504638671875
-0.080322265625 0.0333404541015625 0.1099853515625 0.6866455078125
-0.0805816650390625 -0.01641845703125 -0.10064697265625 0.68359375
-0.0204620361328125 -0.00734710693359375 -0.122528076171875 0.437225341796875
0.0592613220214844 -0.0043792724609375 0.1551513671875 0.0740814208984375
0.0379524230957031 0.0129623413085938 0.363006591796875 -0.355316162109375
0.000809192657470704 0.00709962844848633 0.23590087890625 -0.6978759765625
-0.0356254577636719 0.0147514343261719 -0.18017578125 -0.7169189453125
-0.0261287689208984 -0.0112133026123047 -0.464813232421875 -0.47808837890625
0.0240116119384766 -0.00909042358398438 -0.481475830078125 -0.23907470703125
0.0679397583007812 -0.000873565673828125 -0.316619873046875 -0.00500488281249997
0.122306823730469 0.0153427124023438 -0.00801849365234374 0.0372467041015625
0.112884521484375 0.0373992919921875 0.161239624023438 0.0233612060546875
0.101394653320313 0.0396804809570313 0.3895263671875 0.064697265625
0.0534820556640625 0.0248603820800781 0.42987060546875 0.23541259765625
-0.0132064819335937 0.0382652282714844 0.384490966796875 0.489013671875
-0.0879287719726563 0.03924560546875 0.13702392578125 0.67864990234375
-0.0861053466796875 -0.00351715087890624 -0.0720825195312501 0.66510009765625
-0.0242691040039063 0.00824737548828125 -0.104034423828125 0.414764404296875
0.0530014038085938 0.0123176574707031 0.168777465820313 0.0525970458984375
0.0303382873535156 0.0265750885009766 0.3768310546875 -0.374664306640625
-0.00879383087158203 0.0169849395751953 0.2540283203125 -0.71435546875
-0.0463409423828125 0.0171852111816406 -0.1619873046875 -0.72845458984375
-0.0323772430419922 -0.0172767639160156 -0.446502685546875 -0.4854736328125
0.0281028747558594 -0.0182914733886719 -0.46343994140625 -0.238677978515625
0.0793685913085938 -0.00333404541015625 -0.296417236328125 -0.00286865234375003
0.132354736328125 0.0263214111328125 0.011810302734375 0.0476303100585938
-0.0559234619140625 0.00625991821289064 0.098876953125 0.0488662719726563
-0.0412139892578125 0.0533561706542969 0.33880615234375 0.12921142578125
-0.0198135375976563 0.0811004638671875 0.382080078125 0.3243408203125
0.00732040405273438 0.0653114318847656 0.31024169921875 0.57720947265625
0.007781982421875 -0.00196647644042969 0.0549316406250001 0.6983642578125
0.0357666015625 -0.0923690795898438 -0.1697998046875 0.63787841796875
0.0855941772460938 -0.110748291015625 -0.13153076171875 0.357025146484375
0.145675659179688 -0.108535766601562 0.17254638671875 -0.00871276855468751
0.108940124511719 -0.08404541015625 0.309112548828125 -0.431427001953125
0.0877761840820313 -0.0693130493164063 0.1383056640625 -0.7183837890625
0.0426406860351563 -0.0390510559082031 -0.2730712890625 -0.669677734375
0.00238656997680664 -0.00771999359130859 -0.49908447265625 -0.385040283203125
-0.0268325805664062 0.0202350616455078 -0.487274169921875 -0.1617431640625
-0.042877197265625 0.000854492187499994 -0.316925048828125 0.023040771484375
-0.0323715209960938 -0.0137538909912109 -0.0249786376953125 0.044769287109375
-0.0381622314453125 0.00347137451171875 0.0884933471679688 0.0417098999023437
-0.0307960510253906 0.0503883361816406 0.3372802734375 0.112579345703125
-0.01751708984375 0.0827102661132813 0.375579833984375 0.299957275390625
0.00328063964843751 0.0746231079101563 0.29742431640625 0.560333251953125
0.00247859954833984 0.00955104827880859 0.0272827148437501 0.7042236328125
0.0301361083984375 -0.085693359375 -0.1796875 0.65692138671875
0.08062744140625 -0.106636047363281 -0.139739990234375 0.3876953125
0.138847351074219 -0.106224060058594 0.159942626953125 0.0215606689453125
0.1002197265625 -0.0831451416015625 0.305511474609375 -0.40277099609375
0.077301025390625 -0.069061279296875 0.13494873046875 -0.70135498046875
0.0351486206054687 -0.0415534973144531 -0.27978515625 -0.66778564453125
0.00556755065917969 -0.0145711898803711 -0.51214599609375 -0.394683837890625
-0.0119075775146484 0.0184822082519531 -0.502593994140625 -0.1737060546875
-0.0274791717529297 0.00655746459960938 -0.33184814453125 0.0159912109375001
-0.0162897109985352 -0.0125036239624023 -0.0393753051757813 0.0337181091308594
-0.0108127593994141 0.00910568237304688 0.0847625732421875 0.0334091186523438
-0.00966644287109375 0.0494842529296875 0.344024658203125 0.09698486328125
-0.00818634033203125 0.0789108276367188 0.3798828125 0.27374267578125
-0.000541687011718747 0.0773086547851563 0.294952392578125 0.539093017578125
-0.0106277465820312 0.0195693969726563 0.0247802734375001 0.7039794921875
0.0126495361328125 -0.07403564453125 -0.18414306640625 0.67462158203125
0.0649948120117188 -0.0949478149414063 -0.14996337890625 0.413543701171875
0.12554931640625 -0.0964126586914063 0.148834228515625 0.0489959716796875
0.0887603759765625 -0.0733795166015625 0.3082275390625 -0.376800537109375
0.0616722106933594 -0.0610275268554687 0.144775390625 -0.68994140625
0.0229110717773437 -0.0360374450683594 -0.27142333984375 -0.6702880859375
0.00345420837402344 -0.0176868438720703 -0.51507568359375 -0.40802001953125
0.000957489013671875 0.0141487121582031 -0.509429931640625 -0.188568115234375
-0.00754737854003906 0.00911045074462891 -0.342376708984375 0.01226806640625
0.00877666473388672 -0.00859975814819336 -0.0473594665527344 0.0279808044433594
0.0221710205078125 0.0190238952636719 0.08978271484375 0.0265426635742188
0.0217857360839844 0.05169677734375 0.35565185546875 0.083404541015625
0.011810302734375 0.07183837890625 0.3914794921875 0.248138427734375
0.000144958496093752 0.0721664428710938 0.303497314453125 0.51202392578125
-0.0275592803955078 0.0254497528076172 0.03497314453125 0.69677734375
-0.0115547180175781 -0.0598487854003906 -0.17706298828125 0.68524169921875
0.0410614013671875 -0.0765533447265625 -0.15521240234375 0.431732177734375
0.107406616210938 -0.0777359008789063 0.140533447265625 0.0707473754882813
0.0754547119140625 -0.053985595703125 0.31695556640625 -0.35491943359375
0.0460662841796875 -0.0456657409667969 0.16357421875 -0.6810302734375
0.00934791564941406 -0.0245037078857422 -0.253662109375 -0.6754150390625
-0.00127601623535156 -0.0171089172363281 -0.509765625 -0.4222412109375
0.01080322265625 0.00901412963867188 -0.509857177734375 -0.20208740234375
0.0137910842895508 0.00908946990966797 -0.3446044921875 0.00762939453124995
0.0389213562011719 -0.00441741943359375 -0.0478782653808594 0.0256309509277344
0.05615234375 0.0303726196289063 0.102462768554688 0.0223464965820313
0.0567131042480469 0.0548019409179688 0.368316650390625 0.07073974609375
0.0356369018554688 0.0601272583007813 0.403839111328125 0.227874755859375
0.00274658203125 0.0608978271484375 0.31829833984375 0.49249267578125
-0.046173095703125 0.0270347595214844 0.05462646484375 0.69091796875
-0.0388259887695313 -0.0456504821777344 -0.1575927734375 0.69140625
0.0160446166992187 -0.0526618957519531 -0.1497802734375 0.4449462890625
0.08819580078125 -0.0530014038085938 0.138755798339844 0.0832595825195313
0.0610923767089844 -0.0314102172851563 0.33013916015625 -0.343292236328125
0.0305461883544922 -0.0274486541748047 0.1866455078125 -0.67864990234375
-0.00606918334960938 -0.00919818878173828 -0.23028564453125 -0.6868896484375
-0.00912284851074219 -0.0127897262573242 -0.49871826171875 -0.442047119140625
0.0165500640869141 0.00408267974853516 -0.50457763671875 -0.217529296875
0.0339241027832031 0.00598526000976563 -0.340301513671875 0.00219726562500007
0.0706100463867188 0.00037384033203125 -0.0399932861328125 0.0269126892089844
0.0857315063476563 0.0373611450195313 0.120185852050781 0.0203933715820313
0.0849761962890625 0.0540542602539062 0.375335693359375 0.0611572265625
0.0543060302734375 0.04595947265625 0.4091796875 0.2186279296875
0.0025482177734375 0.0486793518066406 0.3389892578125 0.479248046875
-0.0634651184082031 0.0287513732910156 0.0814208984375001 0.68365478515625
-0.0630111694335938 -0.0303840637207031 -0.12847900390625 0.68756103515625
-0.00608444213867188 -0.0285167694091797 -0.137542724609375 0.443939208984375
0.0700912475585938 -0.0276985168457031 0.142715454101563 0.083343505859375
0.0488052368164062 -0.00823974609375 0.344268798828125 -0.343475341796875
0.0144491195678711 -0.00888347625732422 0.20849609375 -0.68182373046875
-0.0208263397216797 0.00434684753417969 -0.205322265625 -0.69744873046875
-0.0172252655029297 -0.00982952117919922 -0.481353759765625 -0.45703125
0.0206871032714844 -0.00216102600097656 -0.49169921875 -0.228729248046875
0.0528373718261719 0.00260162353515625 -0.328765869140625 -0.00164794921874997
0.0993804931640625 0.0073699951171875 -0.0272750854492187 0.0302410125732422
0.105056762695313 0.040313720703125 0.13946533203125 0.0202407836914063
0.100044250488281 0.0468902587890625 0.381622314453125 0.058624267578125
0.0597763061523437 0.0325736999511719 0.4173583984375 0.221343994140625
-0.00411224365234375 0.0399322509765625 0.360107421875 0.478546142578125
-0.078704833984375 0.0330657958984375 0.11016845703125 0.679931640625
-0.0798797607421875 -0.0150680541992188 -0.09759521484375 0.67803955078125
-0.0207252502441406 -0.0060577392578125 -0.119476318359375 0.432037353515625
0.0575332641601563 -0.004302978515625 0.153396606445313 0.07257080078125
0.0381698608398438 0.0124015808105469 0.357696533203125 -0.35394287109375
0.000977993011474609 0.00611114501953125 0.229248046875 -0.69158935546875
-0.0348434448242188 0.014373779296875 -0.18353271484375 -0.7091064453125
-0.0255279541015625 -0.0107955932617187 -0.46185302734375 -0.470458984375
0.0237140655517578 -0.00955581665039063 -0.475738525390625 -0.235107421875
0.0675582885742188 -0.001129150390625 -0.31219482421875 -0.00399780273437503
0.120590209960938 0.0151748657226563 -0.00817871093749999 0.0363197326660156
0.111480712890625 0.037200927734375 0.158721923828125 0.0214996337890625
0.101112365722656 0.03863525390625 0.38531494140625 0.0606689453125
0.0529365539550781 0.0240325927734375 0.42718505859375 0.231109619140625
-0.0132293701171875 0.0372467041015625 0.3828125 0.482147216796875
-0.0868148803710937 0.0384902954101563 0.13885498046875 0.67230224609375
-0.0854263305664062 -0.00353240966796876 -0.069091796875 0.658935546875
-0.0243854522705078 0.00872039794921876 -0.100311279296875 0.41119384765625
0.0519485473632813 0.0120964050292969 0.1668701171875 0.0511627197265625
0.0297641754150391 0.0264110565185547 0.37158203125 -0.37310791015625
-0.00827884674072266 0.0151233673095703 0.2476806640625 -0.70770263671875
-0.0454368591308594 0.01715087890625 -0.16229248046875 -0.72088623046875
-0.0325736999511719 -0.0165519714355469 -0.44573974609375 -0.47760009765625
0.0275211334228516 -0.0183391571044922 -0.4588623046875 -0.234710693359375
0.0791091918945313 -0.00345611572265625 -0.293121337890625 -0.00210571289062498
0.130523681640625 0.0255889892578125 0.0122413635253906 0.0467567443847656
-0.0559043884277344 0.00718688964843751 0.09722900390625 0.0478515625
-0.0407867431640625 0.0521163940429688 0.335693359375 0.127410888671875
-0.0193405151367188 0.0804443359375 0.382537841796875 0.32025146484375
0.00727081298828125 0.0648231506347656 0.3104248046875 0.57373046875
0.00819873809814453 -0.00176572799682617 0.0572509765625001 0.696044921875
0.035308837890625 -0.0914459228515625 -0.1666259765625 0.63482666015625
0.0852127075195313 -0.108757019042969 -0.131683349609375 0.3544921875
0.143707275390625 -0.10675048828125 0.170333862304687 -0.00959777832031251
0.107688903808594 -0.0837326049804688 0.30438232421875 -0.42803955078125
0.0870742797851563 -0.06976318359375 0.13580322265625 -0.71356201171875
0.0421676635742188 -0.0390968322753906 -0.27532958984375 -0.6640625
0.001953125 -0.00777816772460937 -0.496185302734375 -0.38299560546875
-0.0278491973876953 0.0188140869140625 -0.484954833984375 -0.159576416015625
-0.0432968139648437 0.000457763671875 -0.3148193359375 0.0231933593750001
-0.0325832366943359 -0.0124454498291016 -0.0237693786621094 0.0440216064453125
-0.0386009216308594 0.00421142578125 0.0869827270507813 0.0410385131835937
-0.0310630798339844 0.0498733520507813 0.335845947265625 0.109619140625
-0.01739501953125 0.0813522338867188 0.37432861328125 0.295867919921875
0.00317382812499999 0.074188232421875 0.295562744140625 0.55670166015625
0.0025482177734375 0.00938606262207031 0.0303344726562499 0.7008056640625
0.0305938720703125 -0.0831451416015625 -0.17718505859375 0.65325927734375
0.0800399780273438 -0.105117797851563 -0.139556884765625 0.384246826171875
0.138107299804688 -0.10662841796875 0.157760620117188 0.02008056640625
0.0998382568359375 -0.08319091796875 0.30126953125 -0.4019775390625
0.0750885009765625 -0.0691146850585938 0.13262939453125 -0.69842529296875
0.0347938537597656 -0.0404853820800781 -0.28125 -0.6624755859375
0.00482749938964844 -0.0140590667724609 -0.509033203125 -0.38916015625
-0.0133457183837891 0.0178203582763672 -0.4974365234375 -0.17254638671875
-0.0273208618164063 0.00680923461914063 -0.33013916015625 0.01641845703125
-0.0166893005371094 -0.0117425918579102 -0.0380821228027344 0.0335960388183594
-0.0121345520019531 0.00969314575195313 0.0830841064453125 0.0334701538085938
-0.00941848754882813 0.0490608215332031 0.3421630859375 0.094940185546875
-0.00792694091796874 0.0788955688476563 0.378936767578125 0.271087646484375
-0.000358581542968752 0.0755615234375 0.29315185546875 0.5335693359375
-0.0108413696289062 0.0198249816894531 0.0275878906250001 0.70013427734375
0.013397216796875 -0.0732574462890625 -0.180908203125 0.6688232421875
0.0642013549804688 -0.0940399169921875 -0.148284912109375 0.40972900390625
0.123771667480469 -0.0956573486328125 0.147430419921875 0.047454833984375
0.0871047973632813 -0.0722808837890625 0.305572509765625 -0.3759765625
0.0617637634277344 -0.0607032775878906 0.14215087890625 -0.68511962890625
0.0239334106445313 -0.0361824035644531 -0.27313232421875 -0.665283203125
0.00268363952636719 -0.0175189971923828 -0.512420654296875 -0.40362548828125
-8.39233398437504E-05 0.0134782791137695 -0.50634765625 -0.18756103515625
-0.00758743286132812 0.00914096832275391 -0.34002685546875 0.0115966796875
0.00884914398193359 -0.00807094573974609 -0.0468368530273438 0.0277099609375
0.0219459533691406 0.0196590423583984 0.0882720947265625 0.0250167846679688
0.0219268798828125 0.0511207580566406 0.352783203125 0.081298828125
0.012542724609375 0.0704193115234375 0.38958740234375 0.24749755859375
0.000663757324218754 0.0720443725585938 0.302154541015625 0.508026123046875
-0.0265159606933594 0.0249843597412109 0.0360107421875 0.6937255859375
-0.0125617980957031 -0.0594367980957031 -0.17333984375 0.68157958984375
0.0412521362304688 -0.0747146606445313 -0.152557373046875 0.430694580078125
0.106483459472656 -0.0771408081054687 0.13934326171875 0.0683746337890625
0.0747909545898437 -0.0543975830078125 0.31414794921875 -0.35491943359375
0.0463523864746094 -0.0464744567871094 0.15985107421875 -0.676025390625
0.00876426696777344 -0.0246181488037109 -0.25396728515625 -0.67095947265625
-0.00165557861328125 -0.0159130096435547 -0.507843017578125 -0.418365478515625
0.00973320007324219 0.00897979736328125 -0.505645751953125 -0.1995849609375
0.0136699676513672 0.00924110412597656 -0.3416748046875 0.00851440429687496
0.0375022888183594 -0.0048828125 -0.0469894409179687 0.0255165100097656
0.055633544921875 0.0305328369140625 0.10186767578125 0.0200271606445313
0.0559730529785156 0.0532646179199219 0.3658447265625 0.06829833984375
0.0351638793945313 0.0585403442382813 0.4005126953125 0.2269287109375
0.00345230102539062 0.0610771179199219 0.31842041015625 0.488037109375
-0.0444145202636719 0.027435302734375 0.055419921875 0.68731689453125
-0.0379867553710937 -0.0454673767089844 -0.15338134765625 0.6875
0.0161476135253906 -0.0513534545898438 -0.147186279296875 0.441802978515625
0.0868911743164063 -0.0540618896484375 0.137496948242187 0.081512451171875
0.06121826171875 -0.0312614440917969 0.32623291015625 -0.342742919921875
0.0295658111572266 -0.0268135070800781 0.1842041015625 -0.673583984375
-0.00589942932128906 -0.00938606262207031 -0.23175048828125 -0.68218994140625
-0.00922489166259766 -0.011805534362793 -0.496429443359375 -0.4365234375
0.0175876617431641 0.00351524353027344 -0.502044677734375 -0.21533203125
0.0341377258300781 0.0065155029296875 -0.337921142578125 0.00256347656249998
0.0704498291015625 0.00014495849609375 -0.0406684875488281 0.0271949768066406
0.0848541259765625 0.0376968383789062 0.118492126464844 0.01885986328125
0.0838775634765625 0.0533294677734375 0.3720703125 0.059722900390625
0.0536842346191406 0.04522705078125 0.407562255859375 0.216583251953125
0.00301742553710938 0.0478363037109375 0.337646484375 0.476470947265625
-0.0630378723144531 0.0280418395996094 0.0829467773437501 0.67913818359375
-0.0616531372070313 -0.0293769836425781 -0.12646484375 0.68267822265625
-0.00665664672851562 -0.0273818969726563 -0.135833740234375 0.440643310546875
0.0693550109863281 -0.026763916015625 0.141494750976563 0.082489013671875
0.0477523803710938 -0.008697509765625 0.33990478515625 -0.34112548828125
0.0156536102294922 -0.00922012329101562 0.20672607421875 -0.67803955078125
-0.0203533172607422 0.00442886352539062 -0.2069091796875 -0.69183349609375
-0.0175275802612305 -0.0103158950805664 -0.4796142578125 -0.45294189453125
0.0208606719970703 -0.00216293334960938 -0.48858642578125 -0.226104736328125
0.0518302917480469 0.00297164916992187 -0.32568359375 -0.00143432617187498
0.0982666015625 0.00580596923828125 -0.0272293090820312 0.0303688049316406
0.103828430175781 0.0398788452148438 0.138626098632813 0.01898193359375
0.099639892578125 0.046173095703125 0.377105712890625 0.056671142578125
0.0604095458984375 0.0324783325195313 0.415313720703125 0.218048095703125
-0.00320816040039062 0.0387992858886719 0.3583984375 0.4739990234375
-0.0775604248046875 0.03289794921875 0.11370849609375 0.6746826171875
-0.0775146484375 -0.0143356323242188 -0.0950927734375 0.6744384765625
-0.0199203491210937 -0.00543785095214844 -0.117279052734375 0.4298095703125
0.0564727783203125 -0.0044097900390625 0.15155029296875 0.0705413818359375
0.0371437072753906 0.0121345520019531 0.354644775390625 -0.351837158203125
0.000274658203125 0.00618410110473633 0.22711181640625 -0.68798828125
-0.0348415374755859 0.0140552520751953 -0.1842041015625 -0.70550537109375
-0.0255928039550781 -0.00990104675292969 -0.462921142578125 -0.4661865234375
0.0236015319824219 -0.00955772399902344 -0.473358154296875 -0.23260498046875
0.0674247741699219 -0.00107955932617187 -0.3111572265625 -0.00363159179687499
0.119544982910156 0.0145721435546875 -0.00844192504882811 0.0359611511230469
0.111305236816406 0.0374908447265625 0.156692504882813 0.0203399658203125
0.100990295410156 0.0390472412109375 0.382720947265625 0.058258056640625
0.0538063049316406 0.0243492126464844 0.425689697265625 0.23040771484375
-0.0126991271972656 0.036956787109375 0.381683349609375 0.477752685546875
-0.08544921875 0.0384979248046875 0.14056396484375 0.6680908203125
-0.084686279296875 -0.0023040771484375 -0.0654296874999999 0.65411376953125
-0.0244731903076172 0.00897216796875 -0.09808349609375 0.4090576171875
0.0519485473632812 0.0113945007324219 0.164962768554687 0.049407958984375
0.0301799774169922 0.0256938934326172 0.368194580078125 -0.37152099609375
-0.00851058959960937 0.0148458480834961 0.2437744140625 -0.70184326171875
-0.0450820922851563 0.0165824890136719 -0.16229248046875 -0.71588134765625
-0.0320892333984375 -0.0168132781982422 -0.443695068359375 -0.4732666015625
0.0272922515869141 -0.0179576873779297 -0.45599365234375 -0.231414794921875
0.0788726806640625 -0.0020294189453125 -0.290557861328125 -0.00204467773437494
0.129241943359375 0.0259780883789062 0.0118141174316406 0.0470161437988281
-0.0560874938964844 0.00666809082031249 0.0955734252929688 0.0477294921875
-0.0420722961425781 0.0523147583007812 0.335357666015625 0.124786376953125
-0.0179824829101562 0.0799789428710938 0.381866455078125 0.31903076171875
0.0073394775390625 0.0653076171875 0.3099365234375 0.57037353515625
0.00824975967407227 -0.00256156921386719 0.05731201171875 0.69354248046875
0.0355148315429688 -0.0888519287109375 -0.16583251953125 0.63043212890625
0.0844573974609375 -0.107223510742188 -0.131011962890625 0.35308837890625
0.142059326171875 -0.107711791992188 0.168563842773438 -0.00975036621093751
0.1090087890625 -0.0837173461914063 0.303558349609375 -0.42620849609375
0.0864791870117187 -0.0705184936523438 0.1343994140625 -0.71026611328125
0.041961669921875 -0.0377235412597656 -0.27496337890625 -0.66119384765625
0.00133943557739258 -0.00709676742553711 -0.49481201171875 -0.378997802734375
-0.0283012390136719 0.0194339752197266 -0.482086181640625 -0.15899658203125
-0.0429306030273438 3.05175781249929E-05 -0.31317138671875 0.023162841796875
-0.0327777862548828 -0.0129776000976563 -0.02362060546875 0.0438804626464844
-0.0380401611328125 0.00508499145507812 0.0862350463867188 0.0409011840820313
-0.0301475524902344 0.0483474731445313 0.334625244140625 0.10833740234375
-0.0183258056640625 0.0810165405273438 0.374725341796875 0.29583740234375
0.00411987304687499 0.07342529296875 0.295013427734375 0.552337646484375
0.00325393676757813 0.00963592529296875 0.03076171875 0.6983642578125
0.030853271484375 -0.0827255249023438 -0.17578125 0.6502685546875
0.0795364379882812 -0.104232788085938 -0.138946533203125 0.38287353515625
0.135482788085938 -0.104202270507812 0.15594482421875 0.01983642578125
0.0994186401367188 -0.082489013671875 0.3006591796875 -0.399810791015625
0.0759506225585938 -0.0699996948242188 0.1322021484375 -0.695068359375
0.0349273681640625 -0.0401458740234375 -0.27978515625 -0.6588134765625
0.00420379638671875 -0.0139999389648437 -0.5054931640625 -0.38623046875
-0.0136966705322266 0.018218994140625 -0.49505615234375 -0.171722412109375
-0.0285129547119141 0.00646781921386719 -0.327789306640625 0.017669677734375
-0.0172395706176758 -0.0113534927368164 -0.0392341613769531 0.0332717895507813
-0.0109663009643555 0.00975322723388672 0.0830917358398438 0.032501220703125
-0.00872039794921874 0.0485572814941406 0.340789794921875 0.09356689453125
-0.00730895996093751 0.0768661499023438 0.378570556640625 0.26953125
-0.000473022460937493 0.0752410888671875 0.292388916015625 0.531005859375
-0.00937652587890625 0.0194416046142578 0.0289916992187499 0.69598388671875
0.0144424438476563 -0.0721435546875 -0.181396484375 0.66827392578125
0.0629730224609375 -0.0924911499023438 -0.147918701171875 0.408294677734375
0.123542785644531 -0.095672607421875 0.144515991210938 0.04742431640625
0.088287353515625 -0.0719451904296875 0.30322265625 -0.372802734375
0.0619239807128906 -0.0612602233886719 0.14105224609375 -0.68377685546875
0.0236892700195313 -0.0362014770507813 -0.27227783203125 -0.66204833984375
0.00337028503417969 -0.0167617797851563 -0.5106201171875 -0.40093994140625
0.000571250915527343 0.0132684707641602 -0.504119873046875 -0.186920166015625
-0.00782203674316406 0.0101289749145508 -0.338958740234375 0.0125122070312501
0.00838804244995117 -0.0070953369140625 -0.0461082458496094 0.0283012390136719
0.0217742919921875 0.0193843841552734 0.0871734619140625 0.0250396728515625
0.0211982727050781 0.050506591796875 0.352783203125 0.07928466796875
0.0118637084960937 0.06988525390625 0.38934326171875 0.245635986328125
0.000576019287109381 0.06988525390625 0.302337646484375 0.50494384765625
-0.0271320343017578 0.0242633819580078 0.0367431640624999 0.69024658203125
-0.0106124877929688 -0.0582847595214844 -0.17333984375 0.6785888671875
0.041290283203125 -0.0735855102539063 -0.15234375 0.42694091796875
0.104713439941406 -0.076171875 0.136436462402344 0.0683746337890625
0.0740509033203125 -0.0540771484375 0.31146240234375 -0.351898193359375
0.0460929870605469 -0.0461502075195313 0.15887451171875 -0.67303466796875
0.0091094970703125 -0.0251331329345703 -0.25390625 -0.6676025390625
-0.00236225128173828 -0.0155105590820312 -0.504364013671875 -0.414031982421875
0.00936317443847656 0.00786304473876953 -0.50286865234375 -0.20025634765625
0.0135183334350586 0.00872802734375 -0.34100341796875 0.009063720703125
0.0384979248046875 -0.00328445434570313 -0.0475616455078125 0.0252342224121094
0.0549125671386719 0.0311279296875 0.0995712280273438 0.0203781127929688
0.0554656982421875 0.0536270141601562 0.365570068359375 0.066558837890625
0.0367507934570313 0.0586929321289063 0.3997802734375 0.224884033203125
0.0035400390625 0.0585975646972656 0.31634521484375 0.48638916015625
-0.0440902709960938 0.0265350341796875 0.0565185546875 0.6846923828125
-0.0372390747070312 -0.0447273254394531 -0.1544189453125 0.6851806640625
0.0153236389160156 -0.050933837890625 -0.145721435546875 0.438323974609375
0.085723876953125 -0.0526809692382813 0.135871887207031 0.0811080932617187
0.06182861328125 -0.0311622619628906 0.324188232421875 -0.341522216796875
0.0294570922851563 -0.0279712677001953 0.18170166015625 -0.6707763671875
-0.00505733489990234 -0.0095977783203125 -0.23211669921875 -0.67755126953125
-0.0102949142456055 -0.0125846862792969 -0.493927001953125 -0.432769775390625
0.0161981582641602 0.00286006927490234 -0.4984130859375 -0.212554931640625
0.0332584381103516 0.00632858276367188 -0.335540771484375 0.00225830078125
0.06964111328125 0.000782012939453125 -0.0402450561523437 0.0262260437011719
0.0848159790039063 0.0387191772460938 0.117134094238281 0.0182266235351563
0.0836944580078125 0.0521697998046875 0.36993408203125 0.057647705078125
0.0544204711914063 0.0446815490722656 0.406463623046875 0.215087890625
0.00234603881835938 0.0467796325683594 0.336090087890625 0.47454833984375
-0.0615310668945313 0.02899169921875 0.083251953125 0.67681884765625
-0.060333251953125 -0.0289459228515625 -0.1253662109375 0.67919921875
-0.00631332397460938 -0.0261383056640625 -0.13427734375 0.438446044921875
0.0686988830566406 -0.0279464721679688 0.140174865722656 0.0808258056640625
0.0490074157714844 -0.00955581665039063 0.337799072265625 -0.340728759765625
0.0149316787719727 -0.00975704193115234 0.2042236328125 -0.67425537109375
-0.0200710296630859 0.00381851196289062 -0.20556640625 -0.6888427734375
-0.0174484252929688 -0.00926780700683594 -0.47662353515625 -0.4495849609375
0.0200977325439453 -0.00167465209960938 -0.48516845703125 -0.225128173828125
0.0515556335449219 0.0030059814453125 -0.325164794921875 -0.00204467773437498
0.097900390625 0.007080078125 -0.0277366638183594 0.0299491882324219
0.103973388671875 0.0401458740234375 0.136619567871094 0.0188522338867188
0.0986251831054688 0.04583740234375 0.376434326171875 0.054840087890625
0.060394287109375 0.0321578979492188 0.4150390625 0.2176513671875
-0.00313568115234375 0.038909912109375 0.35650634765625 0.472808837890625
-0.0767288208007813 0.0323333740234375 0.11328125 0.67071533203125
-0.0772323608398438 -0.0147247314453125 -0.09326171875 0.6708984375
-0.0197048187255859 -0.00489234924316406 -0.116546630859375 0.426544189453125
0.05670166015625 -0.00508880615234375 0.150283813476563 0.070343017578125
0.0374565124511719 0.0114173889160156 0.351165771484375 -0.3511962890625
0.000727653503417968 0.00546121597290039 0.22491455078125 -0.6829833984375
-0.033782958984375 0.0137844085693359 -0.18304443359375 -0.70269775390625
-0.0263347625732422 -0.00961875915527344 -0.459991455078125 -0.464080810546875
0.0225677490234375 -0.00957298278808594 -0.470703125 -0.23297119140625
0.066925048828125 0.000347137451171875 -0.30810546875 -0.00460815429687503
0.119140625 0.015380859375 -0.00805282592773436 0.0359573364257813
0.109977722167969 0.0372161865234375 0.154541015625 0.019317626953125
0.100349426269531 0.0377044677734375 0.380584716796875 0.05584716796875
0.0538101196289063 0.0235633850097656 0.42340087890625 0.227935791015625
-0.0117149353027344 0.0359230041503906 0.379669189453125 0.475555419921875
-0.0858230590820313 0.0382156372070312 0.1416015625 0.665283203125
-0.0837783813476563 -0.00173950195312501 -0.0662841796875 0.651611328125
-0.0238437652587891 0.00942611694335938 -0.097900390625 0.405120849609375
0.0510139465332031 0.010894775390625 0.162979125976563 0.0487060546875
0.0291748046875 0.0245189666748047 0.365386962890625 -0.369293212890625
-0.0086832046508789 0.013117790222168 0.24139404296875 -0.69940185546875
-0.04510498046875 0.0167694091796875 -0.1639404296875 -0.7115478515625
-0.0318336486816406 -0.0163497924804687 -0.441680908203125 -0.470550537109375
0.0272312164306641 -0.0177936553955078 -0.451904296875 -0.23150634765625
0.0773086547851563 -0.00262451171875 -0.289215087890625 -0.00286865234375001
0.129753112792969 0.025634765625 0.0119476318359375 0.0460662841796875
-0.0560379028320313 0.00698089599609374 0.094635009765625 0.0469589233398438
-0.0406265258789063 0.0523529052734375 0.335052490234375 0.12310791015625
-0.0189971923828125 0.0796737670898438 0.3818359375 0.31939697265625
0.00639724731445313 0.0638465881347656 0.3096923828125 0.5689697265625
0.0106573104858398 -0.00216388702392578 0.05938720703125 0.69036865234375
0.0357513427734375 -0.0876846313476562 -0.1654052734375 0.6304931640625
0.0842132568359375 -0.107063293457031 -0.128692626953125 0.352203369140625
0.14080810546875 -0.105987548828125 0.165969848632813 -0.0105438232421875
0.107276916503906 -0.083038330078125 0.30279541015625 -0.4266357421875
0.0865097045898437 -0.0703353881835937 0.1314697265625 -0.7071533203125
0.042144775390625 -0.0379524230957031 -0.27288818359375 -0.6590576171875
0.00142526626586914 -0.006195068359375 -0.493743896484375 -0.376007080078125
-0.0288333892822266 0.0193462371826172 -0.480804443359375 -0.158050537109375
-0.044219970703125 0.000629425048828124 -0.312469482421875 0.02301025390625
-0.0326595306396484 -0.012054443359375 -0.0245475769042969 0.0438957214355469
-0.0388946533203125 0.00558853149414062 0.0844650268554688 0.04034423828125
-0.0310783386230469 0.0472831726074219 0.3328857421875 0.105377197265625
-0.0183563232421875 0.0799331665039063 0.37445068359375 0.2945556640625
0.003021240234375 0.0723037719726562 0.29534912109375 0.552001953125
0.00409126281738281 0.0100278854370117 0.0317993164062499 0.6964111328125
0.030914306640625 -0.082305908203125 -0.17645263671875 0.6490478515625
0.079925537109375 -0.102706909179688 -0.1385498046875 0.380523681640625
0.133949279785156 -0.103996276855469 0.153366088867188 0.0186920166015625
0.0989303588867187 -0.0818023681640625 0.29888916015625 -0.397979736328125
0.075592041015625 -0.0699691772460938 0.13031005859375 -0.69244384765625
0.0344085693359375 -0.0403823852539063 -0.27813720703125 -0.6566162109375
0.00323581695556641 -0.0130243301391602 -0.505401611328125 -0.384613037109375
-0.0136699676513672 0.0175857543945313 -0.492431640625 -0.17120361328125
-0.0292816162109375 0.00747871398925782 -0.327056884765625 0.017181396484375
-0.0180625915527344 -0.0109977722167969 -0.0381126403808594 0.0335273742675781
-0.0117578506469727 0.0106134414672852 0.0818557739257813 0.0313491821289063
-0.00977706909179688 0.0483551025390625 0.33990478515625 0.091949462890625
-0.00811004638671876 0.07647705078125 0.378143310546875 0.270172119140625
-0.000473022460937498 0.0744400024414063 0.292449951171875 0.52996826171875
-0.00983428955078125 0.0191612243652344 0.0306396484374999 0.69415283203125
0.0146255493164062 -0.0712051391601563 -0.18017578125 0.66619873046875
0.0633392333984375 -0.091644287109375 -0.148773193359375 0.405426025390625
0.121597290039063 -0.09503173828125 0.1424560546875 0.0462493896484375
0.08807373046875 -0.0715408325195313 0.301544189453125 -0.3726806640625
0.0616950988769531 -0.0606498718261719 0.13885498046875 -0.679931640625
0.0225372314453125 -0.0360336303710938 -0.2713623046875 -0.65875244140625
0.00197219848632812 -0.0159311294555664 -0.508148193359375 -0.399200439453125
-0.000260353088378907 0.0128231048583984 -0.5015869140625 -0.18572998046875
-0.00800514221191406 0.00874662399291992 -0.336029052734375 0.01214599609375
0.00825309753417969 -0.00857973098754883 -0.0460777282714844 0.0287513732910156
0.0204219818115234 0.0192337036132813 0.0861129760742188 0.0246658325195313
0.0217933654785156 0.0498008728027344 0.350677490234375 0.0767822265625
0.0122642517089844 0.0685691833496094 0.3876953125 0.244140625
0.000751495361328124 0.0702667236328125 0.30010986328125 0.504241943359375
-0.0262279510498047 0.0242099761962891 0.03717041015625 0.68707275390625
-0.00973129272460938 -0.0578460693359375 -0.17169189453125 0.67742919921875
0.041290283203125 -0.0729904174804688 -0.151763916015625 0.425262451171875
0.103958129882812 -0.0767593383789062 0.136627197265625 0.06787109375
0.074066162109375 -0.0536880493164062 0.308349609375 -0.352325439453125
0.0463790893554688 -0.04754638671875 0.15777587890625 -0.66998291015625
0.00959968566894531 -0.0245151519775391 -0.254638671875 -0.66436767578125
-0.00332736968994141 -0.0153026580810547 -0.504486083984375 -0.41400146484375
0.00876951217651367 0.00836992263793945 -0.50262451171875 -0.19818115234375
0.0127391815185547 0.00928401947021484 -0.338653564453125 0.00765991210937501
0.037261962890625 -0.00406646728515625 -0.0465278625488281 0.0255317687988281
0.0536918640136719 0.0307273864746094 0.0988998413085938 0.0189895629882813
0.0554237365722656 0.0535850524902344 0.36297607421875 0.066741943359375
0.036773681640625 0.0591278076171875 0.3997802734375 0.224029541015625
0.00321578979492187 0.0592613220214844 0.3157958984375 0.485992431640625
-0.0438385009765625 0.0271263122558594 0.0565185546875 0.68267822265625
-0.0368080139160156 -0.0440101623535156 -0.15252685546875 0.6817626953125
0.0168113708496094 -0.0491867065429688 -0.146453857421875 0.43621826171875
0.0839614868164063 -0.0521621704101563 0.134048461914063 0.0796051025390625
0.0611343383789063 -0.0321998596191406 0.3221435546875 -0.340911865234375
0.0293445587158203 -0.0281906127929688 0.1812744140625 -0.66796875
-0.00596523284912109 -0.00913619995117188 -0.23223876953125 -0.6759033203125
-0.00998687744140625 -0.0122661590576172 -0.49273681640625 -0.4320068359375
0.0165462493896484 0.00362777709960938 -0.496795654296875 -0.2137451171875
0.0332717895507813 0.00705146789550781 -0.33428955078125 0.00292968750000001
0.0698089599609375 0.00103759765625 -0.0398063659667969 0.0262832641601562
0.08392333984375 0.038360595703125 0.115715026855469 0.0174713134765625
0.0840072631835937 0.0526885986328125 0.368316650390625 0.056884765625
0.054443359375 0.0448760986328125 0.40576171875 0.214752197265625
0.00345230102539063 0.0472221374511719 0.334930419921875 0.47369384765625
-0.0610313415527344 0.0274734497070313 0.0847167968750001 0.67572021484375
-0.0609359741210938 -0.02838134765625 -0.12518310546875 0.67742919921875
-0.00619888305664062 -0.02655029296875 -0.13427734375 0.43682861328125
0.0685272216796875 -0.0268707275390625 0.138153076171875 0.079498291015625
0.0479240417480469 -0.00858688354492188 0.33660888671875 -0.339691162109375
0.0148248672485352 -0.00984001159667969 0.20343017578125 -0.671630859375
-0.0202999114990234 0.00468063354492188 -0.2056884765625 -0.68560791015625
-0.0174884796142578 -0.00951194763183594 -0.4755859375 -0.4471435546875
0.0200099945068359 -0.00219154357910156 -0.48388671875 -0.223724365234375
0.0517539978027344 0.00223541259765625 -0.323822021484375 -0.00299072265624999
0.0969467163085938 0.00772857666015625 -0.0258903503417969 0.0297183990478516
0.102310180664063 0.0406875610351563 0.134559631347656 0.017547607421875
0.0997467041015625 0.0455551147460938 0.37396240234375 0.053741455078125
0.0596122741699219 0.0303840637207031 0.413360595703125 0.216949462890625
-0.00373077392578125 0.0378608703613281 0.356353759765625 0.47137451171875
-0.0763320922851563 0.0314712524414063 0.11328125 0.67010498046875
-0.0759811401367188 -0.0132369995117187 -0.09234619140625 0.668212890625
-0.0197010040283203 -0.00500297546386718 -0.11505126953125 0.424835205078125
0.0559272766113281 -0.00370025634765625 0.149246215820312 0.0689849853515625
0.0370216369628906 0.0109443664550781 0.349945068359375 -0.350738525390625
0.00119400024414062 0.00535488128662109 0.22418212890625 -0.68194580078125
-0.0332241058349609 0.0138988494873047 -0.18292236328125 -0.69964599609375
-0.0273380279541016 -0.0110683441162109 -0.45831298828125 -0.461273193359375
0.0236873626708984 -0.00911521911621094 -0.4678955078125 -0.229705810546875
0.0658607482910156 -0.000873565673828125 -0.306732177734375 -0.00466918945312495
0.118072509765625 0.0157470703125 -0.00742721557617187 0.0363845825195313
0.108222961425781 0.0376358032226563 0.15411376953125 0.019287109375
0.0993270874023438 0.0368576049804688 0.37750244140625 0.0545654296875
0.0548934936523437 0.02294921875 0.421875 0.227294921875
-0.012420654296875 0.0352745056152344 0.378662109375 0.475128173828125
-0.0844650268554688 0.0377731323242188 0.14117431640625 0.66357421875
-0.0827789306640625 -0.00243377685546875 -0.06549072265625 0.64996337890625
-0.0234012603759766 0.0108528137207031 -0.096405029296875 0.404083251953125
0.0502090454101563 0.0111579895019531 0.163711547851563 0.0475921630859375
0.0288505554199219 0.0242824554443359 0.36309814453125 -0.36883544921875
-0.00780868530273438 0.0138368606567383 0.2410888671875 -0.6964111328125
-0.0443801879882813 0.0163383483886719 -0.16424560546875 -0.71014404296875
-0.0324001312255859 -0.0161952972412109 -0.440399169921875 -0.468475341796875
0.02691650390625 -0.017974853515625 -0.450225830078125 -0.230255126953125
0.0777435302734375 -0.0028533935546875 -0.28790283203125 -0.00271606445312498
0.129508972167969 0.0258407592773438 0.0117988586425781 0.0452041625976563
-0.0561599731445313 0.00801467895507813 0.0938644409179687 0.0476531982421875
-0.0403175354003906 0.0510902404785156 0.3353271484375 0.12200927734375
-0.0196075439453125 0.080230712890625 0.3836669921875 0.318023681640625
0.006805419921875 0.064849853515625 0.30999755859375 0.57037353515625
0.00920677185058594 -0.00172615051269531 0.050048828125 0.6934814453125
0.0375595092773437 -0.0877151489257813 -0.1649169921875 0.63067626953125
0.0839385986328125 -0.105178833007813 -0.129241943359375 0.3499755859375
0.140304565429687 -0.105186462402344 0.16546630859375 -0.0108184814453125
0.107833862304688 -0.0828704833984375 0.301422119140625 -0.425384521484375
0.0868682861328125 -0.0704879760742188 0.13214111328125 -0.70697021484375
0.0414657592773438 -0.0384941101074219 -0.27471923828125 -0.65863037109375
0.000992774963378906 -0.00616025924682617 -0.4923095703125 -0.376678466796875
-0.0300159454345703 0.0195808410644531 -0.479827880859375 -0.159759521484375
-0.0438957214355469 0.000122070312500008 -0.312164306640625 0.02337646484375
-0.0335731506347656 -0.0127735137939453 -0.0242156982421875 0.04443359375
-0.0385932922363281 0.00620269775390625 0.0833969116210938 0.040283203125
-0.0317802429199219 0.0477523803710937 0.332122802734375 0.10638427734375
-0.0184707641601562 0.0803298950195313 0.373046875 0.2950439453125
0.00307464599609376 0.0721282958984375 0.294342041015625 0.55194091796875
0.00478410720825195 0.00856113433837891 0.03204345703125 0.69525146484375
0.0308074951171875 -0.0812225341796875 -0.17742919921875 0.64862060546875
0.0803985595703125 -0.101638793945313 -0.139190673828125 0.380462646484375
0.134025573730469 -0.104248046875 0.151611328125 0.0196685791015625
0.0997085571289063 -0.082550048828125 0.297332763671875 -0.397857666015625
0.07611083984375 -0.0694580078125 0.12890625 -0.6905517578125
0.0344123840332031 -0.0404396057128906 -0.27972412109375 -0.65631103515625
0.00316333770751953 -0.0128250122070313 -0.504608154296875 -0.38543701171875
-0.0140800476074219 0.0180511474609375 -0.493408203125 -0.172271728515625
-0.0277252197265625 0.00605201721191406 -0.3265380859375 0.0161437988281251
-0.017608642578125 -0.0112514495849609 -0.0381355285644531 0.0347099304199219
-0.0129499435424805 0.010401725769043 0.0802536010742188 0.0300521850585938
-0.00971221923828125 0.0476112365722656 0.337738037109375 0.091400146484375
-0.00841522216796876 0.0771560668945313 0.379150390625 0.268096923828125
-0.000617980957031251 0.074493408203125 0.29290771484375 0.52935791015625
-0.00895690917968749 0.0194740295410156 0.0296630859374999 0.69451904296875
0.0149269104003906 -0.0700531005859375 -0.1812744140625 0.66485595703125
0.064697265625 -0.0908050537109375 -0.14874267578125 0.4041748046875
0.120979309082031 -0.0939712524414063 0.141448974609375 0.045562744140625
0.0879058837890625 -0.0722122192382813 0.301605224609375 -0.37152099609375
0.0616378784179688 -0.0624122619628906 0.1392822265625 -0.6795654296875
0.0228958129882813 -0.0345802307128906 -0.27203369140625 -0.659912109375
0.00249767303466797 -0.015568733215332 -0.507843017578125 -0.398162841796875
-0.00203514099121094 0.0136480331420898 -0.50030517578125 -0.184478759765625
-0.00917148590087891 0.00952053070068359 -0.33697509765625 0.01202392578125
0.00777769088745117 -0.00696325302124024 -0.0471000671386719 0.02789306640625
0.0204086303710938 0.0206928253173828 0.0854034423828125 0.0234909057617188
0.0217628479003906 0.0494651794433594 0.35101318359375 0.07550048828125
0.0122642517089844 0.0687828063964844 0.388885498046875 0.2442626953125
0.000938415527343756 0.0697097778320313 0.30047607421875 0.50537109375
-0.024932861328125 0.0246982574462891 0.03857421875 0.6868896484375
-0.00992584228515625 -0.0569229125976563 -0.17169189453125 0.676513671875
0.041351318359375 -0.071807861328125 -0.151580810546875 0.424407958984375
0.103187561035156 -0.07489013671875 0.1341552734375 0.066070556640625
0.074951171875 -0.05438232421875 0.309539794921875 -0.351898193359375
0.0455894470214844 -0.0474090576171875 0.1552734375 -0.66986083984375
0.00824546813964844 -0.0242576599121094 -0.25506591796875 -0.66546630859375
-0.003143310546875 -0.0141792297363281 -0.5047607421875 -0.4132080078125
0.00822353363037109 0.010279655456543 -0.500762939453125 -0.198333740234375
0.0110206604003906 0.00955963134765625 -0.338043212890625 0.00671386718750006
0.0370559692382813 -0.00260162353515625 -0.0473403930664063 0.0258216857910156
0.0550308227539062 0.0306358337402344 0.0990142822265625 0.0182876586914063
0.0554084777832031 0.0530509948730469 0.362457275390625 0.065521240234375
0.0360984802246094 0.0578880310058594 0.400634765625 0.22418212890625
0.00353240966796875 0.0582656860351563 0.3157958984375 0.48583984375
-0.0432167053222656 0.0257606506347656 0.05828857421875 0.6812744140625
-0.0365829467773437 -0.0431900024414063 -0.15185546875 0.6820068359375
0.0167694091796875 -0.0491676330566406 -0.1458740234375 0.435150146484375
0.0839920043945313 -0.0512847900390625 0.132911682128906 0.0793304443359375
0.0606765747070312 -0.0314674377441406 0.322540283203125 -0.341278076171875
0.0305767059326172 -0.0284442901611328 0.18023681640625 -0.6666259765625
-0.00483798980712891 -0.00999546051025391 -0.2325439453125 -0.6767578125
-0.009796142578125 -0.0121660232543945 -0.4935302734375 -0.4312744140625
0.0140724182128906 0.00311374664306641 -0.49462890625 -0.214202880859375
0.0320873260498047 0.00606536865234375 -0.335235595703125 0.000854492187499953
0.06854248046875 0.00147628784179688 -0.0397911071777344 0.0263442993164062
0.08258056640625 0.0372695922851563 0.114700317382813 0.0162277221679688
0.0838241577148438 0.0522232055664062 0.368377685546875 0.055755615234375
0.0547447204589844 0.0443038940429688 0.4053955078125 0.215118408203125
0.00294876098632812 0.0459213256835938 0.334320068359375 0.473419189453125
-0.0603866577148438 0.0275726318359375 0.085693359375 0.6756591796875
-0.0605545043945313 -0.028350830078125 -0.125732421875 0.6776123046875
-0.00643348693847656 -0.025146484375 -0.13153076171875 0.434783935546875
0.0668067932128906 -0.0272407531738281 0.137367248535156 0.0801239013671875
0.0479850769042969 -0.00924301147460937 0.3363037109375 -0.338287353515625
0.0137948989868164 -0.0114164352416992 0.20184326171875 -0.6702880859375
-0.0202102661132813 0.00412559509277344 -0.2066650390625 -0.6854248046875
-0.0184326171875 -0.00971412658691406 -0.475921630859375 -0.4482421875
0.0189914703369141 -0.00173568725585938 -0.480865478515625 -0.224151611328125
0.0514984130859375 0.00259017944335937 -0.321990966796875 -0.00216674804687497
0.0978927612304688 0.00841522216796875 -0.0257072448730469 0.0298233032226563
0.102401733398437 0.0405960083007812 0.133979797363281 0.017425537109375
0.0985488891601563 0.045318603515625 0.372955322265625 0.051849365234375
0.0613059997558594 0.0311050415039063 0.4130859375 0.21710205078125
-0.00257110595703125 0.0375442504882813 0.35675048828125 0.4715576171875
-0.0756149291992188 0.032470703125 0.11431884765625 0.6715087890625
-0.0764923095703125 -0.013214111328125 -0.0932006835937499 0.66839599609375
-0.0182666778564453 -0.003509521484375 -0.11529541015625 0.42364501953125
0.0549278259277344 -0.00472640991210937 0.148941040039063 0.069000244140625
0.0371475219726563 0.0109405517578125 0.3497314453125 -0.349029541015625
0.0020902156829834 0.00390028953552246 0.2239990234375 -0.6810302734375
-0.0340194702148438 0.0137729644775391 -0.18243408203125 -0.69854736328125
-0.0256061553955078 -0.00964164733886719 -0.45843505859375 -0.46014404296875
0.0219154357910156 -0.00890922546386719 -0.46661376953125 -0.231109619140625
0.0656204223632813 -0.000461578369140625 -0.30584716796875 -0.00567626953124999
0.117988586425781 0.0157470703125 -0.00728225708007812 0.0355949401855469
0.10894775390625 0.0377731323242188 0.152603149414063 0.0180206298828125
0.0993499755859375 0.0366363525390625 0.3765869140625 0.05364990234375
0.054412841796875 0.0226783752441406 0.422332763671875 0.226409912109375
-0.0122356414794922 0.0349063873291016 0.377197265625 0.475860595703125
-0.0838470458984375 0.0366439819335938 0.141845703125 0.6627197265625
-0.0824356079101563 -0.00212860107421874 -0.0651855468749999 0.64898681640625
-0.0232582092285156 0.0112037658691406 -0.095672607421875 0.403076171875
0.0496253967285156 0.0111198425292969 0.161422729492188 0.046905517578125
0.0288925170898437 0.0242595672607422 0.360748291015625 -0.368682861328125
-0.00797271728515625 0.0128440856933594 0.24066162109375 -0.6956787109375
-0.04443359375 0.0152702331542969 -0.16448974609375 -0.70989990234375
-0.0324630737304688 -0.0161018371582031 -0.44024658203125 -0.467376708984375
0.0265655517578125 -0.0187492370605469 -0.449920654296875 -0.231842041015625
0.0774765014648438 -0.00220489501953125 -0.287139892578125 -0.00280761718749995
0.128890991210938 0.0260086059570313 0.011993408203125 0.0455970764160156
-0.0569076538085938 0.00890350341796874 0.09228515625 0.0473403930664063
-0.0419235229492188 0.0505867004394531 0.335723876953125 0.120941162109375
-0.0194931030273438 0.0791702270507813 0.383880615234375 0.317840576171875
0.00608062744140625 0.0635108947753906 0.3115234375 0.571044921875
0.00978946685791016 -0.00116539001464844 0.049072265625 0.69561767578125
0.0384445190429688 -0.0873489379882813 -0.16485595703125 0.63104248046875
0.0839614868164063 -0.104377746582031 -0.1309814453125 0.3533935546875
0.1397705078125 -0.105140686035156 0.163726806640625 -0.01129150390625
0.108978271484375 -0.0826950073242188 0.301177978515625 -0.42529296875
0.0874481201171875 -0.0696258544921875 0.130126953125 -0.7071533203125
0.0428314208984375 -0.0385169982910156 -0.2755126953125 -0.65985107421875
0.000774383544921875 -0.00622034072875977 -0.49261474609375 -0.376068115234375
-0.0308341979980469 0.0193157196044922 -0.48052978515625 -0.159698486328125
-0.0455360412597656 1.90734863281323E-05 -0.3126220703125 0.023040771484375
-0.0345706939697266 -0.0122051239013672 -0.0242919921875 0.0437355041503906
-0.0391578674316406 0.00626373291015625 0.0838699340820313 0.0389328002929688
-0.0307579040527344 0.0464668273925781 0.33245849609375 0.105377197265625
-0.0183639526367188 0.0797653198242188 0.374786376953125 0.294952392578125
0.00214385986328125 0.0717620849609375 0.294952392578125 0.5528564453125
0.00439071655273437 0.00921344757080078 0.0334472656249999 0.6971435546875
0.0318450927734375 -0.0811538696289063 -0.17730712890625 0.64971923828125
0.0800933837890625 -0.101493835449219 -0.139556884765625 0.38031005859375
0.133995056152344 -0.104072570800781 0.151412963867188 0.017791748046875
0.100181579589844 -0.0835952758789063 0.2974853515625 -0.39794921875
0.0759429931640625 -0.0697174072265625 0.1297607421875 -0.6920166015625
0.0356674194335938 -0.04083251953125 -0.2791748046875 -0.65704345703125
0.00390148162841797 -0.0117311477661133 -0.50592041015625 -0.38494873046875
-0.0145740509033203 0.0186672210693359 -0.49188232421875 -0.172576904296875
-0.0290069580078125 0.00705337524414062 -0.32647705078125 0.01544189453125
-0.0177116394042969 -0.00956344604492188 -0.03863525390625 0.0337142944335938
-0.0127849578857422 0.0109853744506836 0.0802841186523438 0.0305328369140625
-0.00936126708984375 0.0471992492675781 0.338470458984375 0.090850830078125
-0.00870513916015624 0.0765609741210938 0.378936767578125 0.26971435546875
-0.000122070312499997 0.0738372802734375 0.293060302734375 0.5321044921875
-0.0091094970703125 0.0190486907958984 0.0302124023437499 0.696044921875
0.01544189453125 -0.069976806640625 -0.18084716796875 0.66571044921875
0.0650787353515625 -0.089599609375 -0.1478271484375 0.405120849609375
0.120552062988281 -0.0944137573242188 0.140487670898438 0.0452117919921875
0.0883407592773438 -0.0719757080078125 0.300811767578125 -0.37359619140625
0.0613021850585938 -0.0619468688964844 0.138671875 -0.6798095703125
0.02349853515625 -0.0354881286621094 -0.27423095703125 -0.66021728515625
0.00237655639648438 -0.0152482986450195 -0.508544921875 -0.397491455078125
-0.00239181518554688 0.0140151977539062 -0.501190185546875 -0.186676025390625
-0.00967979431152344 0.00951480865478516 -0.337615966796875 0.01129150390625
0.00678634643554687 -0.00623655319213867 -0.0464210510253906 0.0278778076171875
0.0202522277832031 0.0209922790527344 0.0845718383789063 0.0233383178710938
0.0217437744140625 0.0491561889648438 0.35186767578125 0.077606201171875
0.012176513671875 0.0688133239746094 0.3900146484375 0.2454833984375
0.000522613525390626 0.0694160461425781 0.300079345703125 0.50677490234375
-0.0246791839599609 0.0234012603759766 0.0386352539062499 0.68865966796875
-0.00881195068359375 -0.0566596984863281 -0.1719970703125 0.67828369140625
0.0417938232421875 -0.0715179443359375 -0.1514892578125 0.425079345703125
0.103004455566406 -0.0765457153320313 0.134178161621094 0.0673828125
0.0750885009765625 -0.0548553466796875 0.30908203125 -0.35247802734375
0.0469627380371094 -0.0481109619140625 0.15625 -0.6715087890625
0.00891685485839844 -0.0255928039550781 -0.25506591796875 -0.66607666015625
-0.00241756439208985 -0.0152378082275391 -0.504791259765625 -0.41119384765625
0.00778484344482422 0.00871801376342773 -0.50018310546875 -0.200927734375
0.0128192901611328 0.00926780700683594 -0.33868408203125 0.00692749023437507
0.0371131896972656 -0.0023345947265625 -0.0474891662597656 0.0261154174804687
0.0535736083984375 0.0320854187011719 0.0970687866210938 0.0189361572265625
0.0553092956542969 0.0525779724121094 0.362701416015625 0.06549072265625
0.0367927551269531 0.05810546875 0.401336669921875 0.22540283203125
0.00391769409179687 0.058685302734375 0.31732177734375 0.48675537109375
-0.0431709289550781 0.0261497497558594 0.05975341796875 0.684814453125
-0.03582763671875 -0.0424613952636719 -0.1527099609375 0.682861328125
0.017242431640625 -0.0487899780273437 -0.146820068359375 0.435028076171875
0.0849533081054687 -0.0519180297851562 0.132011413574219 0.07952880859375
0.0610542297363281 -0.0318565368652344 0.3221435546875 -0.3419189453125
0.0297298431396484 -0.0280494689941406 0.17962646484375 -0.66680908203125
-0.00471019744873047 -0.00939846038818359 -0.2342529296875 -0.67694091796875
-0.00926399230957031 -0.0112371444702148 -0.49444580078125 -0.430511474609375
0.0144033432006836 0.00407981872558594 -0.49627685546875 -0.21356201171875
0.0324344635009766 0.00639152526855469 -0.3353271484375 0.00161743164062504
0.0689353942871094 0.00177764892578125 -0.0395088195800781 0.0262489318847656
0.0826187133789063 0.039520263671875 0.113014221191406 0.015472412109375
0.0844802856445313 0.05157470703125 0.36883544921875 0.055511474609375
0.0558738708496094 0.044342041015625 0.406829833984375 0.2149658203125
0.00313568115234375 0.0461006164550781 0.33599853515625 0.473876953125
-0.0602455139160156 0.0259895324707031 0.0843505859375001 0.67608642578125
-0.0601272583007813 -0.0283279418945313 -0.1241455078125 0.67828369140625
-0.00519180297851563 -0.0249614715576172 -0.133056640625 0.435302734375
0.0666542053222656 -0.0282402038574219 0.137100219726563 0.0793075561523438
0.0474739074707031 -0.00960159301757812 0.33514404296875 -0.339752197265625
0.0143375396728516 -0.0106706619262695 0.2025146484375 -0.67242431640625
-0.0205650329589844 0.00409889221191406 -0.2083740234375 -0.68634033203125
-0.0188331604003906 -0.00876617431640625 -0.47723388671875 -0.4471435546875
0.0180568695068359 -0.00319480895996094 -0.483184814453125 -0.225250244140625
0.05126953125 0.00414657592773438 -0.322296142578125 -0.00335693359374998
0.0973739624023437 0.0084075927734375 -0.0250873565673828 0.029144287109375
0.10260009765625 0.0416946411132813 0.133110046386719 0.0160140991210938
0.0996780395507813 0.0456695556640625 0.373443603515625 0.05120849609375
0.0612525939941406 0.0306587219238281 0.414764404296875 0.21673583984375
-0.00339126586914063 0.0373725891113281 0.35614013671875 0.472564697265625
-0.076019287109375 0.0315704345703125 0.11566162109375 0.6719970703125
-0.07666015625 -0.013641357421875 -0.09375 0.66717529296875
-0.0194034576416016 -0.003936767578125 -0.114471435546875 0.4249267578125
0.0547828674316406 -0.00443649291992188 0.147018432617188 0.0678253173828125
0.0372390747070313 0.0101966857910156 0.348419189453125 -0.35003662109375
0.00111532211303711 0.00391340255737305 0.22381591796875 -0.6822509765625
-0.0343379974365234 0.0125522613525391 -0.18511962890625 -0.69964599609375
-0.0264701843261719 -0.00981330871582031 -0.4593505859375 -0.462127685546875
0.022491455078125 -0.00928306579589844 -0.4671630859375 -0.232147216796875
0.0665740966796875 -0.000637054443359375 -0.307098388671875 -0.00656127929687499
0.117805480957031 0.017059326171875 -0.00835800170898437 0.0358505249023438
0.109420776367188 0.038848876953125 0.152191162109375 0.01690673828125
0.0991439819335938 0.0365371704101563 0.37750244140625 0.052978515625
0.0547065734863281 0.0228996276855469 0.422027587890625 0.2274169921875
-0.0110759735107422 0.03387451171875 0.3782958984375 0.476348876953125
-0.08441162109375 0.0365066528320313 0.1416015625 0.66534423828125
-0.0818862915039062 -0.00191497802734376 -0.0656127929687499 0.6512451171875
-0.0230503082275391 0.0105705261230469 -0.0963134765625 0.402374267578125
0.0487174987792969 0.0117950439453125 0.161041259765625 0.0469207763671875
0.0295867919921875 0.0248451232910156 0.3621826171875 -0.36944580078125
-0.00743770599365234 0.0125570297241211 0.23992919921875 -0.69677734375
-0.043853759765625 0.0158424377441406 -0.16473388671875 -0.7109375
-0.0324897766113281 -0.0161018371582031 -0.440399169921875 -0.468902587890625
0.0263252258300781 -0.0182151794433594 -0.449951171875 -0.23248291015625
0.0772628784179688 -0.00270843505859375 -0.287567138671875 -0.00320434570312498
0.128799438476563 0.0269699096679687 0.0119476318359375 0.0448875427246094
-0.0568046569824219 0.00955963134765626 0.0938339233398438 0.0477066040039063
-0.0417594909667969 0.0508880615234375 0.336883544921875 0.11968994140625
-0.0192642211914062 0.079742431640625 0.388092041015625 0.319183349609375
0.0062713623046875 0.063934326171875 0.31365966796875 0.57342529296875
0.0127859115600586 -0.00168037414550781 0.0516357421875 0.69635009765625
0.0387649536132813 -0.08673095703125 -0.16436767578125 0.63470458984375
0.0853118896484375 -0.103645324707031 -0.130035400390625 0.354339599609375
0.140701293945313 -0.105911254882813 0.163543701171875 -0.0118560791015625
0.109718322753906 -0.082855224609375 0.30133056640625 -0.427886962890625
0.0880279541015625 -0.0710220336914063 0.130615234375 -0.71112060546875
0.0423088073730469 -0.037750244140625 -0.2769775390625 -0.66180419921875
-3.95774841308589E-05 -0.00529861450195312 -0.493896484375 -0.377166748046875
-0.0309314727783203 0.0192451477050781 -0.48297119140625 -0.160003662109375
-0.0458984375 0.00123214721679687 -0.313690185546875 0.023834228515625
-0.0331096649169922 -0.0106391906738281 -0.0232048034667969 0.045166015625
-0.0400543212890625 0.00761795043945313 0.082489013671875 0.0394210815429688
-0.0307579040527344 0.0464553833007813 0.334197998046875 0.103851318359375
-0.0192108154296875 0.0799179077148438 0.377471923828125 0.297454833984375
0.0026397705078125 0.0728530883789063 0.296478271484375 0.555389404296875
0.00564765930175781 0.00969505310058594 0.0347900390625001 0.69915771484375
0.033477783203125 -0.0804977416992187 -0.1773681640625 0.65350341796875
0.0808792114257813 -0.100868225097656 -0.137420654296875 0.381439208984375
0.133537292480469 -0.103279113769531 0.150711059570313 0.01800537109375
0.10125732421875 -0.0824966430664063 0.298126220703125 -0.399200439453125
0.0778656005859375 -0.070648193359375 0.127685546875 -0.694091796875
0.0350303649902344 -0.0408821105957031 -0.2822265625 -0.65936279296875
0.00350761413574219 -0.0118598937988281 -0.508819580078125 -0.38623046875
-0.0163249969482422 0.0174694061279297 -0.495208740234375 -0.172943115234375
-0.0304450988769531 0.00656700134277343 -0.328521728515625 0.016021728515625
-0.0174665451049805 -0.00974750518798828 -0.0386924743652344 0.0343437194824219
-0.0122489929199219 0.011073112487793 0.07928466796875 0.0306549072265625
-0.0103302001953125 0.0450401306152344 0.340179443359375 0.08966064453125
-0.00849151611328125 0.07720947265625 0.380462646484375 0.27105712890625
-8.39233398437549E-05 0.0749740600585938 0.29443359375 0.533721923828125
-0.0084228515625 0.0186767578125 0.0323486328124999 0.7001953125
0.01617431640625 -0.068878173828125 -0.18206787109375 0.66973876953125
0.0645294189453125 -0.0898666381835938 -0.14837646484375 0.405914306640625
0.120597839355469 -0.0942611694335938 0.141937255859375 0.0456695556640625
0.0883255004882813 -0.0728225708007813 0.3011474609375 -0.37353515625
0.0628013610839844 -0.0623626708984375 0.13824462890625 -0.6829833984375
0.0240402221679687 -0.0351982116699219 -0.274658203125 -0.6612548828125
0.000804901123046874 -0.0148763656616211 -0.512451171875 -0.398590087890625
-0.00247287750244141 0.0131978988647461 -0.5029296875 -0.187713623046875
-0.00934505462646484 0.00833225250244141 -0.339935302734375 0.010498046875
0.0074458122253418 -0.0068202018737793 -0.0465888977050781 0.0279541015625
0.0205020904541016 0.0220870971679688 0.084259033203125 0.0226364135742188
0.0214042663574219 0.0486564636230469 0.351837158203125 0.076080322265625
0.0117568969726563 0.0684089660644531 0.391876220703125 0.24505615234375
-7.24792480468681E-05 0.0687294006347656 0.303070068359375 0.508087158203125
-0.0246658325195312 0.0231113433837891 0.04083251953125 0.6898193359375
-0.00823974609375 -0.0568084716796875 -0.17169189453125 0.68060302734375
0.0420684814453125 -0.0712814331054688 -0.1531982421875 0.425872802734375
0.102867126464844 -0.0765838623046875 0.13299560546875 0.0662689208984375
0.074920654296875 -0.0544357299804688 0.309539794921875 -0.354522705078125
0.0466117858886719 -0.0476493835449219 0.15594482421875 -0.67529296875
0.0100307464599609 -0.0245399475097656 -0.25701904296875 -0.6683349609375
-0.00401401519775391 -0.0148220062255859 -0.507354736328125 -0.41326904296875
0.00768280029296875 0.00898075103759766 -0.503021240234375 -0.199371337890625
0.0112142562866211 0.00862026214599609 -0.3402099609375 0.00747680664062496
0.0376358032226563 -0.00258636474609375 -0.0469512939453125 0.0261421203613281
0.0547866821289063 0.0323486328125 0.0967864990234375 0.0181503295898438
0.0551719665527344 0.0518150329589844 0.3642578125 0.0638427734375
0.0364456176757813 0.0565872192382812 0.403106689453125 0.225860595703125
0.00296401977539063 0.057220458984375 0.318695068359375 0.4888916015625
-0.0421562194824219 0.0254936218261719 0.06103515625 0.68585205078125
-0.0352249145507813 -0.0422019958496094 -0.15185546875 0.68603515625
0.0161666870117188 -0.0487403869628906 -0.146331787109375 0.435943603515625
0.0839920043945313 -0.0521621704101563 0.132049560546875 0.0785369873046875
0.061614990234375 -0.0320587158203125 0.32159423828125 -0.34173583984375
0.0313320159912109 -0.0295639038085937 0.1802978515625 -0.67047119140625
-0.00446224212646485 -0.00924015045166016 -0.23553466796875 -0.678466796875
-0.0100879669189453 -0.0116395950317383 -0.495697021484375 -0.432952880859375
0.0142908096313477 0.0041351318359375 -0.498138427734375 -0.21478271484375
0.0321273803710938 0.00637245178222656 -0.33563232421875 0.00271606445312499
0.0692100524902344 0.00230026245117188 -0.0393180847167969 0.0261383056640625
0.08392333984375 0.0396575927734375 0.114013671875 0.0151443481445313
0.0853042602539063 0.0516738891601562 0.369110107421875 0.0531005859375
0.0553703308105469 0.0428619384765625 0.410491943359375 0.215850830078125
0.0038604736328125 0.0455207824707031 0.33648681640625 0.476287841796875
-0.0601577758789063 0.0273513793945312 0.0864868164062501 0.67974853515625
-0.0591812133789063 -0.0282478332519531 -0.12518310546875 0.68145751953125
-0.00539779663085938 -0.0243148803710937 -0.133331298828125 0.435821533203125
0.067291259765625 -0.0269317626953125 0.137191772460938 0.0788726806640625
0.0481834411621094 -0.00919723510742188 0.334991455078125 -0.340606689453125
0.0147562026977539 -0.011012077331543 0.20391845703125 -0.67437744140625
-0.0197010040283203 0.00376319885253906 -0.20941162109375 -0.6893310546875
-0.01910400390625 -0.00776481628417968 -0.4791259765625 -0.447967529296875
0.0179996490478516 -0.0019378662109375 -0.48345947265625 -0.22686767578125
0.0501441955566406 0.00291061401367188 -0.32342529296875 -0.00277709960937503
0.09765625 0.00876617431640625 -0.0264415740966797 0.0292758941650391
0.102897644042969 0.0410690307617188 0.133224487304688 0.0143051147460938
0.0998611450195313 0.0444564819335938 0.374725341796875 0.0501708984375
0.0605850219726563 0.0307044982910156 0.41485595703125 0.21710205078125
-0.002685546875 0.0365791320800781 0.358642578125 0.47406005859375
-0.076446533203125 0.0307998657226562 0.115966796875 0.6741943359375
-0.0753173828125 -0.0127487182617188 -0.0933837890625 0.671630859375
-0.0190620422363281 -0.00318527221679688 -0.115020751953125 0.424041748046875
0.0552253723144531 -0.0050506591796875 0.147171020507813 0.0678863525390625
0.0366668701171875 0.0100975036621094 0.34906005859375 -0.352294921875
0.00153279304504395 0.00313305854797363 0.22393798828125 -0.68499755859375
-0.0341949462890625 0.0126380920410156 -0.1851806640625 -0.701171875
-0.0275020599365234 -0.00994873046875001 -0.460723876953125 -0.461517333984375
0.0216522216796875 -0.00972747802734375 -0.468902587890625 -0.23370361328125
0.0658187866210938 0.00041961669921875 -0.306610107421875 -0.00592041015624994
0.117713928222656 0.0177078247070313 -0.00715255737304687 0.0353775024414062
0.109146118164062 0.0386123657226562 0.15106201171875 0.0164031982421875
0.100227355957031 0.0370559692382813 0.377960205078125 0.050872802734375
0.0560150146484375 0.022247314453125 0.4249267578125 0.227813720703125
-0.0113010406494141 0.0333309173583984 0.38006591796875 0.477783203125
-0.0841522216796875 0.035919189453125 0.14459228515625 0.667724609375
-0.0816116333007813 -0.000343322753906235 -0.0654907226562501 0.65185546875
-0.0232429504394531 0.0117225646972656 -0.096527099609375 0.4031982421875
0.0501899719238281 0.0116767883300781 0.161041259765625 0.0464019775390625
0.0290050506591797 0.0235691070556641 0.361907958984375 -0.370574951171875
-0.00719261169433594 0.0120944976806641 0.2403564453125 -0.70068359375
-0.0442047119140625 0.0153007507324219 -0.1651611328125 -0.7125244140625
-0.0338859558105469 -0.0161552429199219 -0.443206787109375 -0.469024658203125
0.0256309509277344 -0.0188102722167969 -0.4512939453125 -0.233734130859375
0.0774307250976562 -0.0015411376953125 -0.288665771484375 -0.00323486328124997
0.129478454589844 0.0270233154296875 0.0124664306640625 0.0442466735839844
-0.0571708679199219 0.0109329223632812 0.0925521850585938 0.0479507446289063
-0.0417633056640625 0.050994873046875 0.33929443359375 0.119476318359375
-0.0192642211914062 0.0795135498046875 0.3892822265625 0.317962646484375
0.00615310668945313 0.0636367797851563 0.3182373046875 0.576416015625
0.0113840103149414 -0.00192070007324219 0.0543823242187501 0.70159912109375
0.0394668579101563 -0.0865631103515625 -0.16546630859375 0.63812255859375
0.0866546630859375 -0.103912353515625 -0.130645751953125 0.356231689453125
0.140380859375 -0.106468200683594 0.163787841796875 -0.012359619140625
0.11041259765625 -0.0847549438476563 0.301910400390625 -0.429718017578125
0.0883026123046875 -0.0714035034179688 0.12908935546875 -0.71502685546875
0.0431175231933594 -0.0381050109863281 -0.2802734375 -0.66461181640625
0.000142097473144532 -0.00581455230712891 -0.498016357421875 -0.378570556640625
-0.0323600769042969 0.0196533203125 -0.48553466796875 -0.161224365234375
-0.0473709106445313 2.28881835937564E-05 -0.317138671875 0.023162841796875
-0.0338840484619141 -0.0113792419433594 -0.0237503051757813 0.0454864501953125
-0.0393180847167969 0.00760269165039063 0.0827102661132813 0.0393753051757813
-0.0319442749023437 0.04656982421875 0.33612060546875 0.103424072265625
-0.0187835693359375 0.0804061889648438 0.378692626953125 0.297943115234375
0.00272369384765625 0.0713882446289063 0.2979736328125 0.55877685546875
0.00567245483398437 0.00930976867675781 0.03472900390625 0.70452880859375
0.0337753295898437 -0.080413818359375 -0.17742919921875 0.6588134765625
0.0806045532226563 -0.100967407226563 -0.1395263671875 0.382110595703125
0.133880615234375 -0.105033874511719 0.151123046875 0.017669677734375
0.101280212402344 -0.0831069946289063 0.29742431640625 -0.4027099609375
0.0775375366210938 -0.0717086791992188 0.12860107421875 -0.69830322265625
0.0354385375976563 -0.0406227111816406 -0.28509521484375 -0.664794921875
0.00273609161376953 -0.0117321014404297 -0.51025390625 -0.387603759765625
-0.0173015594482422 0.0184574127197266 -0.497314453125 -0.172515869140625
-0.0308952331542969 0.00635147094726562 -0.33038330078125 0.0176391601562501
-0.0187129974365234 -0.00983619689941407 -0.0387725830078125 0.0343437194824219
-0.0129032135009766 0.0122365951538086 0.0789031982421875 0.030517578125
-0.0102958679199219 0.0453109741210938 0.34173583984375 0.08929443359375
-0.00811004638671876 0.0770721435546875 0.3853759765625 0.270904541015625
-0.000770568847656251 0.074798583984375 0.29925537109375 0.537689208984375
-0.00652503967285156 0.0185871124267578 0.0343017578125 0.70220947265625
0.01702880859375 -0.069976806640625 -0.181884765625 0.67376708984375
0.0647125244140625 -0.0902786254882813 -0.149169921875 0.406646728515625
0.1217041015625 -0.0949478149414063 0.141250610351563 0.0450592041015625
0.08966064453125 -0.0723724365234375 0.301666259765625 -0.3773193359375
0.0637168884277344 -0.0625419616699219 0.13641357421875 -0.68572998046875
0.0236053466796875 -0.0351486206054688 -0.2774658203125 -0.66583251953125
0.00252151489257813 -0.0154428482055664 -0.516326904296875 -0.399810791015625
-0.00367832183837891 0.0138654708862305 -0.50634765625 -0.187591552734375
-0.0100574493408203 0.00978183746337891 -0.34136962890625 0.0111389160156251
0.00762510299682617 -0.00624752044677734 -0.0466232299804687 0.0276298522949219
0.0203609466552734 0.0211372375488281 0.0831756591796875 0.0223770141601563
0.0217247009277344 0.0497322082519531 0.35467529296875 0.07373046875
0.0121994018554688 0.0689315795898438 0.39471435546875 0.246612548828125
0.000457763671875005 0.0685768127441406 0.305450439453125 0.511474609375
-0.0235424041748047 0.0240383148193359 0.0433349609374999 0.69549560546875
-0.00740814208984375 -0.0566902160644531 -0.17193603515625 0.686279296875
0.0427398681640625 -0.0718307495117188 -0.15228271484375 0.426116943359375
0.102836608886719 -0.0753936767578125 0.132308959960937 0.06597900390625
0.07568359375 -0.0555496215820313 0.309326171875 -0.356658935546875
0.0464286804199219 -0.0483055114746094 0.15362548828125 -0.6771240234375
0.00997543334960938 -0.0244979858398437 -0.2607421875 -0.67120361328125
-0.00352764129638672 -0.0142221450805664 -0.511077880859375 -0.414337158203125
0.00680828094482422 0.00942802429199219 -0.505706787109375 -0.201507568359375
0.0115470886230469 0.00927925109863281 -0.34210205078125 0.00711059570312502
0.0370712280273438 -0.00232696533203125 -0.0475311279296875 0.0257759094238281
0.0556106567382813 0.0325927734375 0.0972900390625 0.0158767700195313
0.0557861328125 0.0520744323730469 0.3638916015625 0.06170654296875
0.037994384765625 0.0569877624511719 0.406890869140625 0.22552490234375
0.00469970703125001 0.0579338073730469 0.321044921875 0.49066162109375
-0.0420989990234375 0.0255279541015625 0.06256103515625 0.68963623046875
-0.0355720520019531 -0.0431251525878906 -0.153076171875 0.691162109375
0.0167007446289063 -0.0481452941894531 -0.147247314453125 0.43780517578125
0.083099365234375 -0.0526275634765625 0.132598876953125 0.0784225463867188
0.0624351501464844 -0.0326766967773438 0.32196044921875 -0.345794677734375
0.0304508209228516 -0.0304546356201172 0.180419921875 -0.6751708984375
-0.00486469268798828 -0.0105667114257812 -0.23809814453125 -0.68212890625
-0.0108728408813477 -0.0115013122558594 -0.499114990234375 -0.4354248046875
0.0139932632446289 0.00444698333740234 -0.500518798828125 -0.215789794921875
0.0317306518554688 0.00731468200683594 -0.337188720703125 0.00308227539062507
0.070037841796875 0.00210189819335937 -0.0395851135253906 0.0264701843261719
0.08392333984375 0.039093017578125 0.114082336425781 0.0147933959960938
0.0844497680664063 0.0510940551757813 0.370697021484375 0.05316162109375
0.0556259155273437 0.043365478515625 0.412872314453125 0.21575927734375
0.00341796875 0.045440673828125 0.339874267578125 0.47906494140625
-0.0602035522460938 0.0272331237792969 0.0890502929687501 0.68389892578125
-0.0592498779296875 -0.0280876159667969 -0.12420654296875 0.6854248046875
-0.0048065185546875 -0.0245227813720703 -0.134063720703125 0.43792724609375
0.0666275024414062 -0.0274925231933594 0.13800048828125 0.0781097412109375
0.0485992431640625 -0.0100288391113281 0.3353271484375 -0.34478759765625
0.0151815414428711 -0.0116891860961914 0.2003173828125 -0.67816162109375
-0.0188541412353516 0.00353050231933593 -0.2115478515625 -0.69183349609375
-0.0191364288330078 -0.00909805297851562 -0.4835205078125 -0.45013427734375
0.0190677642822266 -0.000837326049804688 -0.486968994140625 -0.226318359375
0.0512046813964844 0.00310134887695312 -0.325439453125 -0.00347900390624997
0.0979461669921875 0.01025390625 -0.0262031555175781 0.0287914276123047
0.102310180664062 0.0416183471679687 0.133766174316406 0.0143966674804688
0.100166320800781 0.0440902709960938 0.3758544921875 0.048309326171875
0.0618858337402344 0.0299720764160156 0.4185791015625 0.2193603515625
-0.0024871826171875 0.03704833984375 0.360504150390625 0.4775390625
-0.0744171142578125 0.0306549072265625 0.118896484375 0.67828369140625
-0.0769577026367187 -0.0133438110351562 -0.09259033203125 0.6741943359375
-0.0181865692138672 -0.00281715393066406 -0.115234375 0.425689697265625
0.0561141967773438 -0.00494384765625 0.1470947265625 0.0689849853515625
0.036834716796875 0.00933837890625 0.34991455078125 -0.3543701171875
0.00165629386901855 0.00249338150024414 0.2232666015625 -0.68939208984375
-0.0339775085449219 0.0133686065673828 -0.18878173828125 -0.70703125
-0.0279045104980469 -0.009765625 -0.465423583984375 -0.46356201171875
0.0218620300292969 -0.00936508178710938 -0.4715576171875 -0.23486328125
0.0666427612304688 -0.000209808349609375 -0.30853271484375 -0.00582885742187494
0.119354248046875 0.01739501953125 -0.00725555419921874 0.0353546142578125
0.109992980957031 0.038421630859375 0.151535034179688 0.0145721435546875
0.100387573242188 0.036163330078125 0.378173828125 0.05010986328125
0.0555686950683594 0.0220413208007813 0.42816162109375 0.228668212890625
-0.0119857788085938 0.0335884094238281 0.382965087890625 0.48040771484375
-0.0842208862304688 0.0368118286132813 0.14593505859375 0.67218017578125
-0.0825424194335937 -0.000785827636718747 -0.0646362304687501 0.65643310546875
-0.0221805572509766 0.0124092102050781 -0.096466064453125 0.40484619140625
0.0503349304199219 0.0121345520019531 0.161575317382812 0.045623779296875
0.0296173095703125 0.0242042541503906 0.3638916015625 -0.372955322265625
-0.00812244415283203 0.0122528076171875 0.24102783203125 -0.70465087890625
-0.0441398620605469 0.0154380798339844 -0.16845703125 -0.7171630859375
-0.0327987670898438 -0.0163516998291016 -0.44610595703125 -0.471221923828125
0.0258865356445313 -0.0193557739257813 -0.454681396484375 -0.234954833984375
0.0782928466796875 -0.00205230712890625 -0.28985595703125 -0.00421142578125002
0.12939453125 0.0276641845703125 0.0121231079101563 0.045928955078125
-0.0565528869628906 0.0105743408203125 0.0938720703125 0.0481948852539062
-0.0418663024902344 0.0507850646972656 0.34197998046875 0.1181640625
-0.0183258056640625 0.07879638671875 0.395599365234375 0.32049560546875
0.00749969482421875 0.0641708374023438 0.32086181640625 0.58099365234375
0.0113992691040039 -0.00245475769042969 0.0571289062500001 0.705810546875
0.0398483276367188 -0.086944580078125 -0.162353515625 0.64617919921875
0.0879592895507813 -0.103584289550781 -0.130767822265625 0.35882568359375
0.140365600585938 -0.106887817382813 0.163925170898438 -0.012451171875
0.111717224121094 -0.0845794677734375 0.30322265625 -0.433837890625
0.0887374877929688 -0.073028564453125 0.127685546875 -0.72021484375
0.0435752868652344 -0.037750244140625 -0.2838134765625 -0.66998291015625
-0.00103950500488281 -0.00454807281494141 -0.50213623046875 -0.3795166015625
-0.0323486328125 0.0196571350097656 -0.48846435546875 -0.160400390625
-0.0471687316894531 0.000850677490234377 -0.318817138671875 0.0228881835937501
-0.0341110229492188 -0.0108356475830078 -0.0248336791992188 0.0464286804199219
-0.0402374267578125 0.00790786743164062 0.08282470703125 0.0391998291015625
-0.0322647094726563 0.0469398498535156 0.338531494140625 0.101531982421875
-0.0182571411132813 0.0800933837890625 0.38531494140625 0.29852294921875
0.00225067138671874 0.0729217529296875 0.30377197265625 0.5633544921875
0.00626087188720703 0.00896930694580078 0.0402832031250001 0.70941162109375
0.0348968505859375 -0.0811767578125 -0.17742919921875 0.662353515625
0.0821990966796875 -0.10205078125 -0.1390380859375 0.3848876953125
0.134048461914063 -0.104759216308594 0.1510009765625 0.016998291015625
0.1026611328125 -0.0843276977539063 0.299530029296875 -0.40576171875
0.0784835815429687 -0.0715560913085937 0.12677001953125 -0.7052001953125
0.036163330078125 -0.040496826171875 -0.289306640625 -0.66766357421875
0.00290584564208984 -0.0106639862060547 -0.514892578125 -0.3896484375
-0.0174007415771484 0.0176353454589844 -0.5015869140625 -0.174468994140625
-0.0320186614990234 0.00677490234374999 -0.3331298828125 0.01849365234375
-0.018707275390625 -0.0100650787353516 -0.0397453308105469 0.0344047546386719
-0.0128288269042969 0.0141630172729492 0.0797271728515625 0.0299758911132812
-0.00972366333007813 0.0473060607910156 0.34368896484375 0.086761474609375
-0.00817108154296874 0.0772018432617188 0.38885498046875 0.27203369140625
1.52587890625032E-05 0.0749893188476563 0.302520751953125 0.541259765625
-0.00653457641601563 0.0192890167236328 0.0366210937499999 0.7069091796875
0.0169754028320312 -0.0697174072265625 -0.17999267578125 0.68133544921875
0.0667495727539063 -0.0902099609375 -0.15045166015625 0.410400390625
0.120864868164063 -0.0955429077148437 0.140304565429688 0.044464111328125
0.0895004272460937 -0.07354736328125 0.30267333984375 -0.379608154296875
0.0639801025390625 -0.0641098022460938 0.13665771484375 -0.69171142578125
0.0245933532714844 -0.0367622375488281 -0.28277587890625 -0.66900634765625
0.00110721588134766 -0.0152606964111328 -0.519012451171875 -0.401763916015625
-0.00384330749511719 0.01416015625 -0.509368896484375 -0.188720703125
-0.0108480453491211 0.00921916961669922 -0.34222412109375 0.0123596191406249
0.00732994079589844 -0.00640106201171875 -0.047271728515625 0.0277862548828125
0.0208301544189453 0.0223007202148438 0.08355712890625 0.020782470703125
0.0216140747070313 0.0485610961914063 0.35552978515625 0.072509765625
0.0126724243164063 0.0688323974609375 0.400726318359375 0.247802734375
0.00129318237304687 0.0699195861816406 0.30877685546875 0.514678955078125
-0.0239372253417969 0.0234546661376953 0.0463867187499999 0.70068359375
-0.00702667236328125 -0.0572586059570313 -0.1719970703125 0.68988037109375
0.043487548828125 -0.0718002319335938 -0.15283203125 0.429473876953125
0.103515625 -0.0770492553710938 0.133529663085937 0.0660018920898438
0.075408935546875 -0.0566482543945312 0.310455322265625 -0.35931396484375
0.0472221374511719 -0.0493316650390625 0.15338134765625 -0.682373046875
0.00995254516601563 -0.0250568389892578 -0.26416015625 -0.67559814453125
-0.00335311889648437 -0.0139675140380859 -0.5157470703125 -0.416473388671875
0.00655841827392578 0.00969505310058594 -0.50897216796875 -0.202239990234375
0.0119199752807617 0.00960063934326172 -0.34454345703125 0.00799560546874993
0.0367012023925781 -0.00142288208007813 -0.0468025207519531 0.0263252258300781
0.0559730529785156 0.032958984375 0.0970611572265625 0.0164031982421875
0.0565414428710938 0.0526466369628906 0.367523193359375 0.060882568359375
0.0370330810546875 0.0574684143066406 0.410919189453125 0.227386474609375
0.00405120849609375 0.0573310852050781 0.327484130859375 0.49359130859375
-0.0414085388183594 0.0260848999023437 0.0660400390625 0.69512939453125
-0.0343475341796875 -0.0435523986816406 -0.15130615234375 0.6956787109375
0.0172691345214844 -0.0495796203613281 -0.14727783203125 0.440704345703125
0.0848007202148438 -0.0524520874023438 0.131576538085938 0.078857421875
0.0622901916503906 -0.0341377258300781 0.32305908203125 -0.34881591796875
0.03057861328125 -0.0310783386230469 0.17828369140625 -0.68072509765625
-0.00470638275146484 -0.00989341735839844 -0.24066162109375 -0.68609619140625
-0.0106077194213867 -0.0100078582763672 -0.503692626953125 -0.435089111328125
0.0140485763549805 0.00356483459472656 -0.50439453125 -0.216827392578125
0.0322513580322266 0.00684547424316406 -0.33990478515625 0.00207519531249999
0.0699386596679688 0.0034027099609375 -0.039794921875 0.026519775390625
0.0836715698242188 0.0405731201171875 0.11474609375 0.012939453125
0.0853805541992188 0.0512771606445313 0.37286376953125 0.051788330078125
0.0562171936035156 0.0433807373046875 0.41839599609375 0.216705322265625
0.004425048828125 0.0455322265625 0.34417724609375 0.482696533203125
-0.0601654052734375 0.0270233154296875 0.09283447265625 0.68792724609375
-0.0593948364257813 -0.0283966064453125 -0.1243896484375 0.6912841796875
-0.00510787963867187 -0.0231761932373047 -0.133758544921875 0.439483642578125
0.0670394897460938 -0.0275611877441406 0.137641906738281 0.0780181884765625
0.0482406616210937 -0.00966644287109375 0.337371826171875 -0.347412109375
0.014704704284668 -0.0126457214355469 0.2008056640625 -0.684814453125
-0.0195140838623047 0.00362014770507813 -0.21533203125 -0.69854736328125
-0.0198860168457031 -0.00872993469238281 -0.48779296875 -0.452392578125
0.0187549591064453 -0.00243377685546875 -0.490509033203125 -0.229217529296875
0.0505142211914062 0.00419235229492187 -0.3277587890625 -0.002838134765625
0.0974884033203125 0.00829315185546875 -0.0258827209472656 0.0301361083984375
0.103584289550781 0.0417556762695313 0.133468627929688 0.0133056640625
0.1011962890625 0.0441665649414063 0.377288818359375 0.047393798828125
0.0633659362792969 0.0302467346191406 0.42266845703125 0.218048095703125
-0.0010223388671875 0.0361671447753906 0.364898681640625 0.4808349609375
-0.0753707885742188 0.0314178466796875 0.12255859375 0.68133544921875
-0.076171875 -0.0126266479492187 -0.09136962890625 0.680908203125
-0.0189361572265625 -0.00248908996582032 -0.115203857421875 0.4288330078125
0.0547142028808594 -0.00469589233398438 0.148544311523438 0.0670013427734375
0.0372772216796875 0.0092926025390625 0.349884033203125 -0.35748291015625
0.00103020668029785 0.00260162353515625 0.22186279296875 -0.694580078125
-0.0336856842041016 0.0126743316650391 -0.19158935546875 -0.7105712890625
-0.0285472869873047 -0.00970840454101563 -0.47015380859375 -0.465240478515625
0.0214271545410156 -0.00976943969726562 -0.475921630859375 -0.236602783203125
0.0680809020996094 0.00028228759765625 -0.310882568359375 -0.0047607421875
0.119346618652344 0.0171661376953125 -0.00764846801757812 0.0351676940917969
0.110107421875 0.0384674072265625 0.152511596679688 0.013275146484375
0.101951599121094 0.0360870361328125 0.379791259765625 0.04888916015625
0.0559959411621094 0.0215492248535156 0.430877685546875 0.228057861328125
-0.0118923187255859 0.0343074798583984 0.386962890625 0.484710693359375
-0.0840072631835938 0.0369415283203125 0.1507568359375 0.6768798828125
-0.0823593139648438 -0.00135040283203126 -0.06329345703125 0.661865234375
-0.0225582122802734 0.0124912261962891 -0.095794677734375 0.406280517578125
0.0501747131347656 0.0107231140136719 0.163284301757812 0.0456390380859375
0.0294647216796875 0.0231113433837891 0.363525390625 -0.377471923828125
-0.0086669921875 0.0111827850341797 0.239990234375 -0.70904541015625
-0.0443382263183594 0.0162696838378906 -0.1722412109375 -0.72320556640625
-0.0339908599853516 -0.0160026550292969 -0.450927734375 -0.473358154296875
0.0249691009521484 -0.01898193359375 -0.457427978515625 -0.234893798828125
0.0785675048828125 -0.00201416015625 -0.29296875 -0.00265502929687501
0.130836486816406 0.0280380249023438 0.0123329162597656 0.045379638671875
-0.0568504333496094 0.0121726989746094 0.0933761596679688 0.048065185546875
-0.0426216125488281 0.0495185852050781 0.344635009765625 0.116973876953125
-0.0198287963867187 0.0803680419921875 0.4007568359375 0.32061767578125
0.00768280029296875 0.0651512145996094 0.32806396484375 0.58489990234375
0.0124263763427734 -0.00283908843994141 0.061767578125 0.7127685546875
0.0418472290039063 -0.0876235961914063 -0.16229248046875 0.65240478515625
0.0884017944335938 -0.104942321777344 -0.13104248046875 0.361907958984375
0.141403198242188 -0.107315063476563 0.165359497070312 -0.0138397216796875
0.112602233886719 -0.086212158203125 0.30377197265625 -0.43865966796875
0.0891189575195313 -0.0737686157226563 0.12701416015625 -0.7281494140625
0.0436019897460938 -0.0389251708984375 -0.2894287109375 -0.67535400390625
-0.00155305862426758 -0.00396037101745605 -0.50811767578125 -0.381011962890625
-0.0348052978515625 0.0206546783447266 -0.49407958984375 -0.159942626953125
-0.04901123046875 0.00109481811523437 -0.32183837890625 0.024871826171875
-0.0342979431152344 -0.0104579925537109 -0.0239601135253906 0.0450782775878906
-0.0401344299316406 0.00938415527343749 0.08331298828125 0.0396194458007813
-0.0331459045410156 0.0469093322753906 0.341156005859375 0.10015869140625
-0.0188217163085937 0.0812911987304688 0.391265869140625 0.298736572265625
0.0029144287109375 0.0734405517578125 0.30908203125 0.568359375
0.00656986236572266 0.00944137573242187 0.0449218750000001 0.71551513671875
0.0357208251953125 -0.0813751220703125 -0.1766357421875 0.6700439453125
0.082244873046875 -0.101982116699219 -0.139923095703125 0.388427734375
0.134811401367188 -0.106781005859375 0.152175903320313 0.0164337158203125
0.102218627929688 -0.085174560546875 0.30035400390625 -0.411773681640625
0.0785903930664063 -0.07373046875 0.125 -0.712646484375
0.037078857421875 -0.0401229858398438 -0.29595947265625 -0.673095703125
0.00270938873291016 -0.011113166809082 -0.521820068359375 -0.3895263671875
-0.0181293487548828 0.0182971954345703 -0.50762939453125 -0.173736572265625
-0.032318115234375 0.00669670104980469 -0.335601806640625 0.0198059082031251
-0.01885986328125 -0.0102348327636719 -0.0390396118164063 0.0348930358886719
-0.0136957168579102 0.0139999389648437 0.0794219970703125 0.0299072265625
-0.0106430053710938 0.0461273193359375 0.347259521484375 0.08642578125
-0.00775909423828125 0.077362060546875 0.3955078125 0.2728271484375
0.000343322753906244 0.074493408203125 0.30694580078125 0.544189453125
-0.00686454772949219 0.0186805725097656 0.0408325195312499 0.71441650390625
0.0186386108398438 -0.0703582763671875 -0.17926025390625 0.6873779296875
0.065948486328125 -0.0915756225585938 -0.150909423828125 0.41400146484375
0.121116638183594 -0.0958938598632813 0.141693115234375 0.0438995361328125
0.092041015625 -0.0755615234375 0.30401611328125 -0.383392333984375
0.06500244140625 -0.0665550231933594 0.134033203125 -0.69964599609375
0.0246238708496094 -0.0369224548339844 -0.2880859375 -0.67620849609375
0.00159549713134766 -0.0138835906982422 -0.526580810546875 -0.4022216796875
-0.00527572631835937 0.0137138366699219 -0.516326904296875 -0.18792724609375
-0.0115213394165039 0.00952911376953125 -0.34552001953125 0.0142517089843749
0.00630044937133789 -0.00552988052368164 -0.0471763610839844 0.0282135009765625
0.0208549499511719 0.0227298736572266 0.0833053588867187 0.0206069946289063
0.0217094421386719 0.0484046936035156 0.359222412109375 0.072601318359375
0.01287841796875 0.07037353515625 0.405731201171875 0.246337890625
0.00153732299804688 0.0694084167480469 0.315216064453125 0.5185546875
-0.0234794616699219 0.0242443084716797 0.04962158203125 0.706787109375
-0.00683975219726563 -0.0564155578613281 -0.16888427734375 0.697998046875
0.0438003540039063 -0.0716171264648438 -0.154296875 0.434051513671875
0.104072570800781 -0.07757568359375 0.134010314941406 0.0662460327148438
0.0776519775390625 -0.0573654174804688 0.31134033203125 -0.363250732421875
0.0468063354492188 -0.0503082275390625 0.151611328125 -0.688232421875
0.0100059509277344 -0.0263786315917969 -0.27001953125 -0.68115234375
-0.00417137145996094 -0.0138950347900391 -0.521697998046875 -0.41839599609375
0.00641155242919922 0.00943374633789063 -0.515960693359375 -0.201812744140625
0.0108394622802734 0.0101814270019531 -0.347320556640625 0.00964355468750002
0.0381088256835938 -0.00160980224609375 -0.0474662780761719 0.0264816284179687
0.0552139282226563 0.0335693359375 0.097320556640625 0.0151290893554688
0.057159423828125 0.0525283813476563 0.369720458984375 0.058868408203125
0.0392112731933594 0.0569534301757813 0.415924072265625 0.227081298828125
0.00434112548828125 0.0586318969726563 0.331787109375 0.498504638671875
-0.0415115356445313 0.0245323181152344 0.06951904296875 0.7012939453125
-0.0343742370605469 -0.0439186096191406 -0.14923095703125 0.70440673828125
0.0170097351074219 -0.0488204956054687 -0.14739990234375 0.44476318359375
0.085693359375 -0.0526275634765625 0.133125305175781 0.0789871215820313
0.0625267028808594 -0.0344161987304688 0.324432373046875 -0.351776123046875
0.0307083129882812 -0.0313034057617187 0.17620849609375 -0.68756103515625
-0.00499248504638672 -0.0108528137207031 -0.247802734375 -0.69268798828125
-0.0118646621704102 -0.0103216171264648 -0.5113525390625 -0.438995361328125
0.0131368637084961 0.00369358062744141 -0.509674072265625 -0.217864990234375
0.0323238372802734 0.00738716125488281 -0.342620849609375 0.00415039062499999
0.0700111389160156 0.00339126586914063 -0.0398712158203125 0.0261573791503906
0.0855560302734375 0.0413894653320312 0.114906311035156 0.0120620727539063
0.0858840942382813 0.0509262084960938 0.3760986328125 0.049285888671875
0.0573387145996094 0.0430831909179688 0.422576904296875 0.216522216796875
0.00448226928710938 0.044586181640625 0.350830078125 0.485931396484375
-0.0592918395996094 0.0262298583984375 0.0971069335937501 0.69403076171875
-0.059234619140625 -0.0276107788085937 -0.1219482421875 0.69708251953125
-0.00433921813964844 -0.0236968994140625 -0.132568359375 0.444671630859375
0.0673294067382812 -0.0272331237792969 0.138519287109375 0.0781784057617188
0.0485343933105469 -0.00979995727539063 0.336883544921875 -0.352264404296875
0.0152587890625 -0.0130243301391602 0.2003173828125 -0.69122314453125
-0.0198631286621094 0.00376319885253906 -0.22021484375 -0.7034912109375
-0.0203495025634766 -0.00758934020996094 -0.494293212890625 -0.453857421875
0.0184535980224609 -0.00272941589355469 -0.496612548828125 -0.2283935546875
0.0513496398925781 0.00370407104492187 -0.330535888671875 0.000244140624999929
0.0997314453125 0.0100173950195313 -0.0254116058349609 0.0305213928222656
0.105079650878906 0.0430984497070313 0.133544921875 0.0117340087890625
0.10247802734375 0.0453109741210938 0.37884521484375 0.045440673828125
0.0636520385742188 0.0295524597167969 0.427337646484375 0.219390869140625
-0.00143814086914062 0.0368423461914063 0.37176513671875 0.484100341796875
-0.0763931274414063 0.0306472778320312 0.1258544921875 0.68853759765625
-0.0767364501953125 -0.0130767822265625 -0.0891723632812501 0.68853759765625
-0.018829345703125 -0.00156402587890625 -0.1143798828125 0.4324951171875
0.0560760498046875 -0.00496673583984375 0.150222778320313 0.0664520263671875
0.0379600524902344 0.0102500915527344 0.351715087890625 -0.361663818359375
0.000477075576782227 0.00272178649902344 0.220458984375 -0.7030029296875
-0.0336818695068359 0.0129413604736328 -0.19775390625 -0.71710205078125
-0.0282058715820313 -0.00913810729980469 -0.4759521484375 -0.467803955078125
0.0214061737060547 -0.0103225708007813 -0.48077392578125 -0.237060546875
0.0682868957519531 0.000194549560546875 -0.312652587890625 -0.00451660156250002
0.1207275390625 0.0169525146484375 -0.00658798217773437 0.0353546142578125
0.11199951171875 0.0388107299804688 0.15185546875 0.01239013671875
0.102706909179688 0.0354690551757813 0.38287353515625 0.047210693359375
0.0571441650390625 0.020965576171875 0.436798095703125 0.22900390625
-0.0108432769775391 0.0334625244140625 0.392822265625 0.48785400390625
-0.0841827392578125 0.0373611450195313 0.155517578125 0.68267822265625
-0.0835113525390625 -0.00118255615234374 -0.0605468749999999 0.66766357421875
-0.0228252410888672 0.0115489959716797 -0.095001220703125 0.409759521484375
0.0503273010253906 0.0111007690429687 0.163528442382813 0.0440673828125
0.0301246643066406 0.0234699249267578 0.365478515625 -0.382080078125
-0.00890827178955078 0.0111770629882813 0.23876953125 -0.71746826171875
-0.044525146484375 0.015777587890625 -0.1759033203125 -0.72943115234375
-0.0344009399414063 -0.0152912139892578 -0.45709228515625 -0.476104736328125
0.0261440277099609 -0.0190982818603516 -0.463409423828125 -0.236480712890625
0.0801849365234375 -0.00225830078125 -0.2939453125 -0.00274658203125003
0.131576538085938 0.0277175903320312 0.0128555297851563 0.0455818176269531
-0.0578536987304688 0.0124626159667969 0.0939788818359375 0.0488510131835937
-0.0439033508300781 0.0512542724609375 0.348419189453125 0.114898681640625
-0.0195846557617187 0.0812301635742188 0.406524658203125 0.3211669921875
0.00785446166992188 0.0647315979003906 0.33477783203125 0.58868408203125
0.0138120651245117 -0.00243473052978516 0.06787109375 0.71990966796875
0.0426864624023438 -0.088043212890625 -0.15985107421875 0.6602783203125
0.0891494750976563 -0.105270385742188 -0.1297607421875 0.36468505859375
0.1422119140625 -0.10888671875 0.1658935546875 -0.0152587890625
0.113731384277344 -0.0887603759765625 0.304351806640625 -0.44488525390625
0.0902023315429688 -0.0752029418945313 0.12200927734375 -0.73516845703125
0.043670654296875 -0.0396270751953125 -0.29681396484375 -0.67974853515625
2.31266021728517E-05 -0.00256991386413574 -0.5159912109375 -0.380462646484375
-0.0346279144287109 0.0204353332519531 -0.49981689453125 -0.15936279296875
-0.050994873046875 0.000946044921875 -0.32489013671875 0.02703857421875
-0.0357742309570312 -0.0100860595703125 -0.0247039794921875 0.0464134216308594
-0.0406417846679688 0.0111274719238281 0.083099365234375 0.0393218994140625
-0.0333824157714844 0.0479774475097656 0.346099853515625 0.0982666015625
-0.0181198120117188 0.08111572265625 0.397186279296875 0.299652099609375
0.0027923583984375 0.0733184814453125 0.31622314453125 0.5712890625
0.00721311569213867 0.00810956954956055 0.048828125 0.72222900390625
0.0372238159179688 -0.0820846557617188 -0.17333984375 0.68084716796875
0.0841827392578125 -0.103736877441406 -0.139404296875 0.392059326171875
0.135047912597656 -0.108673095703125 0.152847290039063 0.0153350830078125
0.104148864746094 -0.087432861328125 0.300048828125 -0.41668701171875
0.0793380737304688 -0.075286865234375 0.1199951171875 -0.71881103515625
0.03717041015625 -0.0413055419921875 -0.30352783203125 -0.6776123046875
0.00297355651855469 -0.0104389190673828 -0.529754638671875 -0.391204833984375
-0.0197925567626953 0.0188884735107422 -0.5130615234375 -0.173797607421875
-0.0337028503417969 0.00657844543457032 -0.338043212890625 0.021148681640625
-0.0198650360107422 -0.00916099548339844 -0.0397911071777344 0.0348625183105469
-0.0118989944458008 0.0135679244995117 0.0793685913085938 0.0284194946289063
-0.0104560852050781 0.0453262329101563 0.351226806640625 0.0836181640625
-0.00811767578125 0.0768280029296875 0.400909423828125 0.27313232421875
-0.000541687011718744 0.0760040283203125 0.315521240234375 0.548370361328125
-0.00536537170410156 0.0187091827392578 0.0478515625 0.7215576171875
0.0188217163085938 -0.0708160400390625 -0.17620849609375 0.69757080078125
0.0664825439453125 -0.0920257568359375 -0.14990234375 0.416595458984375
0.121772766113281 -0.0986328125 0.141433715820313 0.0434417724609375
0.0918807983398438 -0.07733154296875 0.303253173828125 -0.391143798828125
0.0646324157714844 -0.066436767578125 0.131103515625 -0.70648193359375
0.0245895385742188 -0.0368881225585938 -0.2962646484375 -0.6800537109375
0.000503540039062499 -0.0132303237915039 -0.534454345703125 -0.40216064453125
-0.00470638275146485 0.0138072967529297 -0.52178955078125 -0.18743896484375
-0.0124349594116211 0.0102977752685547 -0.348480224609375 0.01654052734375
0.00629615783691406 -0.00503635406494141 -0.0481986999511719 0.0290298461914063
0.0215435028076172 0.02325439453125 0.0833740234375 0.0195846557617188
0.0221405029296875 0.0490226745605469 0.362396240234375 0.06903076171875
0.0125198364257813 0.0683555603027344 0.412139892578125 0.247467041015625
0.0014495849609375 0.0698509216308594 0.322998046875 0.523040771484375
-0.0228462219238281 0.0236339569091797 0.0556640625 0.71295166015625
-0.00707626342773438 -0.0575294494628906 -0.16668701171875 0.70709228515625
0.04400634765625 -0.072967529296875 -0.151336669921875 0.437744140625
0.10382080078125 -0.0799102783203125 0.135032653808594 0.0646133422851563
0.0779495239257812 -0.0582046508789062 0.31134033203125 -0.370758056640625
0.0481796264648438 -0.0517425537109375 0.149169921875 -0.6976318359375
0.00963973999023438 -0.0260391235351563 -0.27789306640625 -0.6864013671875
-0.00313854217529297 -0.0134973526000977 -0.52935791015625 -0.419647216796875
0.00623798370361328 0.00892734527587891 -0.521636962890625 -0.2012939453125
0.0100202560424805 0.00945758819580078 -0.350677490234375 0.011871337890625
0.0385704040527344 -0.000751495361328125 -0.0471458435058594 0.0264625549316406
0.05694580078125 0.0338172912597656 0.0970458984375 0.0145263671875
0.0576629638671875 0.0519676208496094 0.374114990234375 0.05731201171875
0.0390625 0.057464599609375 0.423431396484375 0.22784423828125
0.00528335571289063 0.0585517883300781 0.3397216796875 0.502471923828125
-0.0421142578125 0.0262527465820312 0.0766601562500001 0.70745849609375
-0.0339698791503906 -0.0429840087890625 -0.14630126953125 0.713134765625
0.0175552368164063 -0.0504684448242188 -0.146820068359375 0.448211669921875
0.0853195190429688 -0.0544204711914063 0.135337829589844 0.0784225463867188
0.0635490417480469 -0.0354270935058594 0.324066162109375 -0.358917236328125
0.0308609008789063 -0.0314407348632813 0.17315673828125 -0.69549560546875
-0.00532245635986328 -0.0104703903198242 -0.2540283203125 -0.69744873046875
-0.0122909545898438 -0.0102176666259766 -0.518646240234375 -0.438995361328125
0.0129489898681641 0.00453758239746094 -0.51715087890625 -0.21734619140625
0.0315914154052734 0.0071868896484375 -0.345794677734375 0.00439453125000006
0.0713043212890625 0.00333404541015625 -0.0397529602050781 0.0267753601074219
0.0867156982421875 0.0408096313476563 0.114555358886719 0.0115890502929688
0.08758544921875 0.0511245727539063 0.37982177734375 0.04742431640625
0.0591201782226562 0.0424118041992188 0.4287109375 0.21551513671875
0.0057220458984375 0.0457534790039063 0.35650634765625 0.489715576171875
-0.06048583984375 0.0281867980957031 0.10302734375 0.7010498046875
-0.0598030090332031 -0.0284461975097656 -0.1175537109375 0.70550537109375
-0.00453948974609375 -0.0255851745605469 -0.131561279296875 0.4478759765625
0.0673828125 -0.0286331176757813 0.140251159667969 0.077392578125
0.049560546875 -0.0116653442382813 0.337890625 -0.35797119140625
0.0141353607177734 -0.013728141784668 0.19720458984375 -0.699462890625
-0.0201358795166016 0.00397300720214844 -0.22857666015625 -0.70953369140625
-0.0201759338378906 -0.00804519653320312 -0.501556396484375 -0.45416259765625
0.0171737670898437 -0.00250720977783203 -0.502410888671875 -0.229644775390625
0.0520896911621094 0.00374984741210937 -0.3328857421875 0.000396728515625043
0.100555419921875 0.00943756103515625 -0.02581787109375 0.0306110382080078
0.10638427734375 0.0420455932617188 0.134147644042969 0.0102691650390625
0.103240966796875 0.0436859130859375 0.382476806640625 0.041259765625
0.0647392272949219 0.0288505554199219 0.432891845703125 0.2177734375
-0.000797271728515624 0.0361099243164062 0.37713623046875 0.4871826171875
-0.0758590698242188 0.0313034057617188 0.132080078125 0.69598388671875
-0.0768890380859375 -0.0127182006835938 -0.0850219726562499 0.69488525390625
-0.0185050964355469 -0.00178909301757813 -0.11248779296875 0.4366455078125
0.0561866760253906 -0.00444412231445313 0.151763916015625 0.0647430419921875
0.0387763977050781 0.00905609130859375 0.35205078125 -0.368682861328125
0.000296354293823242 0.00228285789489746 0.21820068359375 -0.7103271484375
-0.0347423553466797 0.0137519836425781 -0.20404052734375 -0.72308349609375
-0.0286808013916016 -0.00922775268554688 -0.48382568359375 -0.470672607421875
0.0210437774658203 -0.00993728637695313 -0.48681640625 -0.2379150390625
0.0680999755859375 0.000728607177734375 -0.31683349609375 -0.00296020507812501
0.122398376464844 0.01708984375 -0.00597763061523437 0.035308837890625
0.113990783691406 0.0399551391601563 0.153182983398437 0.011016845703125
0.103096008300781 0.035430908203125 0.385528564453125 0.043670654296875
0.0572013854980469 0.0210800170898438 0.442535400390625 0.228759765625
-0.0119342803955078 0.033477783203125 0.4007568359375 0.49053955078125
-0.084716796875 0.0373611450195313 0.16265869140625 0.68798828125
-0.0832061767578125 -0.000221252441406265 -0.057373046875 0.675537109375
-0.0225677490234375 0.0131931304931641 -0.0924072265625 0.41436767578125
0.0516090393066406 0.0106201171875 0.165390014648438 0.0418243408203125
0.0307407379150391 0.0235080718994141 0.36517333984375 -0.387908935546875
-0.00872802734375 0.0116634368896484 0.236083984375 -0.72576904296875
-0.0449867248535156 0.0160675048828125 -0.18408203125 -0.7359619140625
-0.0350227355957031 -0.0152549743652344 -0.4654541015625 -0.47760009765625
0.0248928070068359 -0.0195159912109375 -0.46990966796875 -0.23663330078125
0.0804290771484375 -0.00201416015625 -0.296966552734375 -0.00119018554687506
0.1336669921875 0.02685546875 0.0140228271484375 0.0454483032226563
-0.0575065612792969 0.0132255554199219 0.0941848754882813 0.0491104125976563
-0.0441932678222656 0.0519218444824219 0.35260009765625 0.112274169921875
-0.0196456909179688 0.0814590454101563 0.415496826171875 0.32000732421875
0.00939178466796874 0.0656967163085938 0.34521484375 0.5926513671875
0.0140857696533203 -0.00240707397460938 0.07720947265625 0.7254638671875
0.0424346923828125 -0.089141845703125 -0.1553955078125 0.6702880859375
0.0895538330078125 -0.106361389160156 -0.12982177734375 0.3697509765625
0.141693115234375 -0.112762451171875 0.16668701171875 -0.0174560546875
0.114334106445313 -0.0906982421875 0.303466796875 -0.453521728515625
0.0908584594726563 -0.0765228271484375 0.1163330078125 -0.74420166015625
0.0441741943359375 -0.0391197204589844 -0.30511474609375 -0.68389892578125
-0.000368595123291016 -0.0035405158996582 -0.524810791015625 -0.38134765625
-0.0361328125 0.0217132568359375 -0.5069580078125 -0.15887451171875
-0.0513534545898438 0.00121688842773438 -0.327178955078125 0.031707763671875
-0.0359840393066406 -0.00948715209960937 -0.0235176086425781 0.0471229553222656
-0.0420188903808594 0.0102691650390625 0.083740234375 0.038116455078125
-0.0332717895507813 0.048065185546875 0.346771240234375 0.0958251953125
-0.018310546875 0.0811843872070313 0.404205322265625 0.300384521484375
0.00469970703125 0.074371337890625 0.325927734375 0.5760498046875
0.00884819030761719 0.00792407989501953 0.057861328125 0.72943115234375
0.0371780395507813 -0.08367919921875 -0.1680908203125 0.68817138671875
0.083251953125 -0.104293823242187 -0.137451171875 0.3974609375
0.135795593261719 -0.110885620117187 0.153213500976563 0.0142364501953125
0.104690551757812 -0.0897140502929688 0.298797607421875 -0.42266845703125
0.0785903930664063 -0.0764694213867188 0.11578369140625 -0.72723388671875
0.0369987487792969 -0.0423965454101563 -0.31317138671875 -0.68304443359375
0.00279045104980469 -0.0102748870849609 -0.538665771484375 -0.390533447265625
-0.0202713012695313 0.0193920135498047 -0.52093505859375 -0.170928955078125
-0.0357208251953125 0.00703048706054687 -0.341339111328125 0.0244445800781249
-0.0193500518798828 -0.00770759582519531 -0.0391998291015625 0.0362663269042969
-0.0123710632324219 0.0140523910522461 0.0796890258789063 0.0282745361328125
-0.0102729797363281 0.0458030700683594 0.35467529296875 0.081298828125
-0.0067138671875 0.0774917602539063 0.407958984375 0.2720947265625
0.000846862792968756 0.07574462890625 0.3236083984375 0.554046630859375
-0.00612449645996094 0.0190544128417969 0.05377197265625 0.728515625
0.0192108154296875 -0.0706329345703125 -0.1734619140625 0.705322265625
0.0664901733398437 -0.0936355590820313 -0.14849853515625 0.421539306640625
0.1212158203125 -0.100494384765625 0.143569946289063 0.041778564453125
0.0924911499023438 -0.0780105590820313 0.302947998046875 -0.39666748046875
0.064971923828125 -0.0696601867675781 0.12603759765625 -0.7166748046875
0.0240898132324219 -0.0373344421386719 -0.3043212890625 -0.68524169921875
4.00543212890622E-05 -0.0138673782348633 -0.544952392578125 -0.40362548828125
-0.00604820251464844 0.0150909423828125 -0.5301513671875 -0.184661865234375
-0.0129823684692383 0.010197639465332 -0.3519287109375 0.020660400390625
0.0067901611328125 -0.00511264801025391 -0.0478439331054688 0.0288658142089844
0.0222625732421875 0.02398681640625 0.08447265625 0.0185394287109375
0.0220985412597656 0.0489654541015625 0.365753173828125 0.06610107421875
0.0137443542480469 0.0695457458496094 0.419677734375 0.2457275390625
0.00219345092773438 0.0701370239257813 0.33087158203125 0.526031494140625
-0.0231285095214844 0.0238265991210938 0.0625 0.7213134765625
-0.0052032470703125 -0.0565299987792969 -0.1619873046875 0.7161865234375
0.0434951782226562 -0.0732955932617187 -0.150909423828125 0.442718505859375
0.103691101074219 -0.080535888671875 0.136680603027344 0.0635223388671875
0.078125 -0.060821533203125 0.3116455078125 -0.37628173828125
0.047210693359375 -0.0524864196777344 0.1436767578125 -0.7052001953125
0.0101985931396484 -0.0262470245361328 -0.28741455078125 -0.69085693359375
-0.00523853302001953 -0.0130586624145508 -0.53826904296875 -0.418914794921875
0.0045313835144043 0.0086970329284668 -0.528778076171875 -0.1993408203125
0.009765625 0.0101890563964844 -0.35418701171875 0.0148925781249999
0.0376625061035156 -0.0018768310546875 -0.047149658203125 0.0270195007324219
0.0583229064941406 0.0339202880859375 0.0964279174804688 0.0127182006835938
0.0583229064941406 0.0518379211425781 0.376251220703125 0.053253173828125
0.0401344299316406 0.057342529296875 0.429046630859375 0.224212646484375
0.00450515747070313 0.0586776733398438 0.347808837890625 0.504852294921875
-0.0413970947265625 0.0257186889648438 0.08319091796875 0.71533203125
-0.0345306396484375 -0.0438690185546875 -0.14166259765625 0.72100830078125
0.0173568725585938 -0.0501327514648437 -0.144683837890625 0.4534912109375
0.085601806640625 -0.05670166015625 0.136428833007813 0.0765533447265625
0.0635871887207031 -0.0363655090332031 0.32537841796875 -0.3643798828125
0.0307483673095703 -0.0333709716796875 0.169189453125 -0.70379638671875
-0.00431346893310547 -0.0114040374755859 -0.2642822265625 -0.70294189453125
-0.0117874145507813 -0.00950241088867188 -0.5286865234375 -0.439239501953125
0.012883186340332 0.00442123413085937 -0.522857666015625 -0.217254638671875
0.0329113006591797 0.00647354125976563 -0.34967041015625 0.00836181640625003
0.071929931640625 0.0030059814453125 -0.0401153564453125 0.0257072448730469
0.0884552001953125 0.0416488647460938 0.114128112792969 0.00955963134765625
0.0887298583984375 0.0500640869140625 0.38336181640625 0.042633056640625
0.060577392578125 0.0420150756835937 0.4349365234375 0.21417236328125
0.00566482543945313 0.0452156066894531 0.364013671875 0.49224853515625
-0.0599899291992188 0.0278053283691406 0.11053466796875 0.706298828125
-0.0598335266113281 -0.0283966064453125 -0.112548828125 0.71514892578125
-0.00400733947753907 -0.0257568359375 -0.129852294921875 0.453155517578125
0.068939208984375 -0.0294647216796875 0.14202880859375 0.076141357421875
0.0503349304199219 -0.0124855041503906 0.337890625 -0.363372802734375
0.0147943496704102 -0.0139503479003906 0.19158935546875 -0.708984375
-0.0205039978027344 0.00395584106445313 -0.237548828125 -0.7149658203125
-0.0202274322509766 -0.00726509094238282 -0.511016845703125 -0.455810546875
0.016937255859375 -0.00243759155273438 -0.507965087890625 -0.226318359375
0.0512199401855469 0.00355148315429688 -0.3365478515625 0.00421142578125
0.100433349609375 0.0092315673828125 -0.0259056091308594 0.02960205078125
0.108192443847656 0.0431900024414062 0.133880615234375 0.00975799560546876
0.104316711425781 0.0442047119140625 0.38580322265625 0.038299560546875
0.0660591125488281 0.0285491943359375 0.44024658203125 0.2161865234375
-0.00116729736328125 0.0360603332519531 0.385589599609375 0.490081787109375
-0.0763702392578125 0.032684326171875 0.1407470703125 0.70318603515625
-0.0771255493164062 -0.0119476318359375 -0.08062744140625 0.70452880859375
-0.0188980102539062 -0.00168418884277343 -0.110260009765625 0.44122314453125
0.0565071105957031 -0.00616455078125 0.152633666992188 0.063934326171875
0.0391845703125 0.00797653198242188 0.352996826171875 -0.37591552734375
0.000668644905090332 0.00122511386871338 0.21356201171875 -0.72137451171875
-0.0338706970214844 0.0133152008056641 -0.2125244140625 -0.73126220703125
-0.0299186706542969 -0.00909996032714844 -0.4915771484375 -0.47088623046875
0.0208225250244141 -0.0103034973144531 -0.494842529296875 -0.2352294921875
0.0689773559570313 0.0001220703125 -0.31939697265625 0.000366210937499939
0.124320983886719 0.0161285400390625 -0.00612449645996093 0.0347747802734375
0.1142578125 0.0398178100585938 0.154556274414062 0.0084381103515625
0.1048583984375 0.035369873046875 0.38836669921875 0.040557861328125
0.0587120056152344 0.0215263366699219 0.44927978515625 0.22784423828125
-0.0111446380615234 0.0329303741455078 0.4097900390625 0.4949951171875
-0.0846405029296875 0.0388717651367187 0.17059326171875 0.6949462890625
-0.083953857421875 0.000183105468749982 -0.0521240234375 0.68292236328125
-0.0222644805908203 0.0132999420166016 -0.092315673828125 0.418121337890625
0.0517539978027344 0.0109901428222656 0.166763305664063 0.0413818359375
0.0317001342773438 0.0215339660644531 0.364532470703125 -0.395294189453125
-0.00840091705322265 0.0109415054321289 0.23162841796875 -0.73626708984375
-0.0457115173339844 0.0157241821289062 -0.194091796875 -0.74169921875
-0.0353126525878906 -0.0146293640136719 -0.474151611328125 -0.478790283203125
0.0254383087158203 -0.0192070007324219 -0.476226806640625 -0.2352294921875
0.0809326171875 -0.002593994140625 -0.300506591796875 0.00146484375000006
0.135726928710938 0.0271759033203125 0.0139541625976563 0.0446395874023438
-0.0582275390625 0.0148811340332031 0.094451904296875 0.0487136840820313
-0.0432243347167969 0.0522232055664063 0.3558349609375 0.10968017578125
-0.0177154541015625 0.0821304321289063 0.423492431640625 0.319549560546875
0.00902938842773438 0.0666618347167969 0.35626220703125 0.5941162109375
0.0144386291503906 -0.00336170196533203 0.086669921875 0.73211669921875
0.04315185546875 -0.0906600952148437 -0.1490478515625 0.67816162109375
0.0895004272460938 -0.110160827636719 -0.125152587890625 0.373748779296875
0.142608642578125 -0.115219116210937 0.166854858398438 -0.0203399658203125
0.114105224609375 -0.093231201171875 0.300689697265625 -0.460845947265625
0.0910720825195312 -0.07916259765625 0.10980224609375 -0.7532958984375
0.0447044372558594 -0.0404396057128906 -0.31842041015625 -0.687744140625
-0.00177836418151855 -0.00247383117675781 -0.533782958984375 -0.377777099609375
-0.0371360778808594 0.0214996337890625 -0.5145263671875 -0.155120849609375
-0.0528984069824219 0.00258636474609374 -0.331756591796875 0.035430908203125
-0.0364303588867188 -0.00926208496093749 -0.0244293212890625 0.0482330322265625
-0.0410728454589844 0.0116996765136719 0.084136962890625 0.037567138671875
-0.0329513549804688 0.0486488342285156 0.351593017578125 0.091339111328125
-0.0178985595703125 0.0828628540039063 0.411285400390625 0.298553466796875
0.00502777099609376 0.0750274658203125 0.3363037109375 0.5789794921875
0.00885677337646484 0.00828266143798828 0.0655517578125 0.73724365234375
0.0377578735351562 -0.0850448608398438 -0.162841796875 0.6976318359375
0.0840072631835937 -0.106925964355469 -0.134368896484375 0.39935302734375
0.135910034179688 -0.112693786621094 0.1553955078125 0.0123748779296875
0.104667663574219 -0.0917739868164062 0.297332763671875 -0.431365966796875
0.0811004638671875 -0.0792999267578125 0.108154296875 -0.73736572265625
0.0372161865234375 -0.0435829162597656 -0.3250732421875 -0.68682861328125
0.00216579437255859 -0.00904178619384766 -0.5487060546875 -0.388458251953125
-0.0203437805175781 0.0204391479492188 -0.528717041015625 -0.166015625
-0.0353012084960938 0.00825119018554687 -0.345001220703125 0.02899169921875
-0.0197906494140625 -0.00826644897460938 -0.0380783081054688 0.0370101928710938
-0.0126743316650391 0.0152063369750977 0.0800018310546875 0.0278701782226562
-0.0108299255371094 0.0472450256347656 0.356658935546875 0.0794677734375
-0.00608825683593751 0.0784835815429688 0.4168701171875 0.270477294921875
0.00142669677734374 0.0756454467773438 0.332305908203125 0.5567626953125
-0.00499725341796875 0.0178604125976562 0.0641479492187499 0.73516845703125
0.01953125 -0.072296142578125 -0.16571044921875 0.7149658203125
0.0667037963867188 -0.0941238403320312 -0.145355224609375 0.427825927734375
0.122627258300781 -0.103012084960938 0.1439208984375 0.0394134521484375
0.0920562744140625 -0.0807342529296875 0.301605224609375 -0.405914306640625
0.0644950866699219 -0.0701789855957031 0.1170654296875 -0.7227783203125
0.0248908996582031 -0.0380516052246094 -0.317138671875 -0.68988037109375
0.000125885009765624 -0.0127420425415039 -0.555999755859375 -0.40081787109375
-0.00615882873535156 0.0156459808349609 -0.537689208984375 -0.18170166015625
-0.0139255523681641 0.0110673904418945 -0.354766845703125 0.0248413085937499
0.0063481330871582 -0.0052027702331543 -0.0477066040039063 0.0302085876464844
0.0228862762451172 0.0240955352783203 0.0846710205078125 0.0175399780273438
0.0232124328613281 0.0485343933105469 0.370208740234375 0.06280517578125
0.0149078369140625 0.0702133178710938 0.42706298828125 0.24383544921875
0.00238037109375 0.0711288452148438 0.339813232421875 0.5296630859375
-0.0224819183349609 0.0242023468017578 0.0724487304687499 0.728271484375
-0.00542831420898438 -0.058563232421875 -0.15704345703125 0.72625732421875
0.0437698364257813 -0.075592041015625 -0.148193359375 0.44598388671875
0.103897094726563 -0.0826339721679688 0.138313293457031 0.0628433227539063
0.078338623046875 -0.062347412109375 0.308837890625 -0.38397216796875
0.0484390258789063 -0.0536231994628906 0.13720703125 -0.7159423828125
0.0109653472900391 -0.0265007019042969 -0.2991943359375 -0.6951904296875
-0.00467300415039062 -0.0130748748779297 -0.548675537109375 -0.417816162109375
0.004150390625 0.00927162170410156 -0.53729248046875 -0.195770263671875
0.0100727081298828 0.0103635787963867 -0.3565673828125 0.0186767578125
0.0389328002929688 -0.00180816650390625 -0.0480232238769531 0.0270233154296875
0.0591201782226563 0.0341835021972656 0.0970916748046875 0.0114364624023438
0.0595169067382813 0.0516853332519531 0.38055419921875 0.050384521484375
0.0402908325195313 0.0572395324707031 0.436370849609375 0.223663330078125
0.00597000122070312 0.058197021484375 0.35662841796875 0.5074462890625
-0.0412940979003906 0.0260200500488281 0.0918579101562499 0.72149658203125
-0.0356178283691406 -0.0435218811035156 -0.135986328125 0.7301025390625
0.0174331665039063 -0.0503425598144531 -0.141265869140625 0.45977783203125
0.0859832763671875 -0.0575637817382813 0.137931823730469 0.0752716064453125
0.0650634765625 -0.0381736755371094 0.323822021484375 -0.3721923828125
0.0311145782470703 -0.0344429016113281 0.16259765625 -0.7122802734375
-0.00442028045654297 -0.0106315612792969 -0.27569580078125 -0.706787109375
-0.012425422668457 -0.00964832305908203 -0.538665771484375 -0.438934326171875
0.0124683380126953 0.00429058074951172 -0.53125 -0.212554931640625
0.0328273773193359 0.00754356384277344 -0.35296630859375 0.01214599609375
0.072540283203125 0.0027313232421875 -0.0405502319335937 0.0277786254882812
0.0903854370117188 0.0413818359375 0.114151000976562 0.00865936279296875
0.089935302734375 0.0504684448242187 0.386016845703125 0.039886474609375
0.0602188110351563 0.0420608520507813 0.44317626953125 0.212554931640625
0.0057830810546875 0.0455474853515625 0.375335693359375 0.494384765625
-0.0610885620117187 0.0286140441894531 0.12158203125 0.713623046875
-0.0614891052246094 -0.0276298522949219 -0.1053466796875 0.7235107421875
-0.0047149658203125 -0.0249195098876953 -0.127197265625 0.4583740234375
0.0688514709472656 -0.0306167602539063 0.143402099609375 0.0753631591796875
0.0512771606445312 -0.0138092041015625 0.3388671875 -0.371826171875
0.0151138305664063 -0.0147294998168945 0.18505859375 -0.71771240234375
-0.0197715759277344 0.00298690795898437 -0.2474365234375 -0.720458984375
-0.0215034484863281 -0.00719451904296875 -0.522369384765625 -0.454620361328125
0.0165042877197266 -0.00285816192626953 -0.51708984375 -0.225372314453125
0.0531158447265625 0.00273895263671875 -0.340576171875 0.007232666015625
0.102615356445313 0.008270263671875 -0.0252552032470703 0.0293350219726562
0.110069274902344 0.0416793823242188 0.133979797363281 0.0072479248046875
0.105918884277344 0.043731689453125 0.38775634765625 0.034454345703125
0.0663681030273438 0.0281105041503906 0.447265625 0.214508056640625
-0.00156402587890625 0.0360794067382812 0.396331787109375 0.491973876953125
-0.0760269165039062 0.0336837768554687 0.15069580078125 0.70843505859375
-0.078094482421875 -0.0112686157226563 -0.0725708007812499 0.71209716796875
-0.0192031860351563 -0.00149345397949218 -0.10784912109375 0.44598388671875
0.0570259094238281 -0.00689697265625 0.154953002929688 0.062530517578125
0.0392990112304688 0.00774002075195313 0.35186767578125 -0.383087158203125
0.000847697257995605 0.00186324119567871 0.20965576171875 -0.7308349609375
-0.03515625 0.0146408081054687 -0.22454833984375 -0.73590087890625
-0.029937744140625 -0.00749015808105469 -0.503875732421875 -0.470123291015625
0.0211658477783203 -0.0110569000244141 -0.50140380859375 -0.233642578125
0.0688819885253906 -0.000545501708984375 -0.32171630859375 0.002593994140625
0.12457275390625 0.01605224609375 -0.00669670104980468 0.0341510772705078
0.115776062011719 0.0392532348632813 0.15338134765625 0.006195068359375
0.105674743652344 0.0338211059570313 0.39215087890625 0.036224365234375
0.0597915649414063 0.0195960998535156 0.455780029296875 0.225799560546875
-0.0102863311767578 0.0341529846191406 0.41839599609375 0.49517822265625
-0.0856399536132812 0.0393905639648438 0.18072509765625 0.70068359375
-0.0846023559570312 0.00146484374999999 -0.044921875 0.690673828125
-0.0227127075195313 0.0139217376708984 -0.08831787109375 0.42169189453125
0.05169677734375 0.00998306274414063 0.168228149414063 0.039398193359375
0.0321521759033203 0.0224628448486328 0.3646240234375 -0.4031982421875
-0.00986480712890625 0.0107898712158203 0.2242431640625 -0.7464599609375
-0.0452919006347656 0.0171661376953125 -0.20440673828125 -0.74652099609375
-0.0371055603027344 -0.0143013000488281 -0.485198974609375 -0.4783935546875
0.0249137878417969 -0.0195770263671875 -0.4837646484375 -0.234619140625
0.081390380859375 -0.00383758544921875 -0.302642822265625 0.00421142578125002
0.137870788574219 0.0254669189453125 0.0141448974609375 0.0453720092773438
-0.0581474304199219 0.016357421875 0.095855712890625 0.0466232299804688
-0.0436477661132813 0.0524330139160156 0.361083984375 0.103912353515625
-0.0171432495117188 0.0829849243164063 0.432342529296875 0.315338134765625
0.0101966857910156 0.0666885375976563 0.3685302734375 0.59747314453125
0.0156679153442383 -0.00364398956298828 0.0978393554687499 0.73785400390625
0.0428466796875 -0.0912399291992188 -0.140625 0.687744140625
0.0900344848632813 -0.110954284667969 -0.122589111328125 0.378082275390625
0.141769409179688 -0.117828369140625 0.16729736328125 -0.0234222412109375
0.115089416503906 -0.0963363647460938 0.296112060546875 -0.46954345703125
0.0912322998046875 -0.081024169921875 0.10137939453125 -0.76220703125
0.0437545776367188 -0.0423965454101563 -0.33099365234375 -0.69195556640625
-0.00182890892028809 -0.0020139217376709 -0.543792724609375 -0.376953125
-0.0380516052246094 0.0235137939453125 -0.52294921875 -0.148590087890625
-0.0532073974609375 0.00331115722656249 -0.334136962890625 0.041412353515625
-0.0368843078613281 -0.0073394775390625 -0.0246353149414063 0.0485725402832031
-0.0409393310546875 0.0131568908691406 0.08319091796875 0.0372085571289063
-0.0339012145996094 0.0489120483398438 0.3548583984375 0.087554931640625
-0.01629638671875 0.0832443237304687 0.42022705078125 0.294708251953125
0.00507354736328125 0.075042724609375 0.346435546875 0.5811767578125
0.00964641571044922 0.00789356231689453 0.07501220703125 0.743896484375
0.0369338989257813 -0.0856246948242188 -0.156005859375 0.70648193359375
0.0826568603515625 -0.109634399414063 -0.13299560546875 0.405731201171875
0.135818481445313 -0.116172790527344 0.15496826171875 0.00973510742187499
0.104965209960937 -0.09503173828125 0.293731689453125 -0.439971923828125
0.0805511474609375 -0.0813064575195313 0.09918212890625 -0.745849609375
0.0363807678222656 -0.0453109741210937 -0.3377685546875 -0.68975830078125
0.000941276550292968 -0.00954532623291016 -0.557891845703125 -0.384735107421875
-0.0221729278564453 0.0208530426025391 -0.5355224609375 -0.163055419921875
-0.0369644165039063 0.00885391235351562 -0.349212646484375 0.0331420898437501
-0.0206222534179688 -0.00697517395019531 -0.0396575927734375 0.0368080139160156
-0.0123510360717773 0.0161285400390625 0.079437255859375 0.0263214111328125
-0.0109519958496094 0.0469970703125 0.360626220703125 0.0728759765625
-0.00609588623046875 0.0792388916015625 0.4239501953125 0.266845703125
0.00228118896484375 0.0777130126953125 0.344818115234375 0.558624267578125
-0.005035400390625 0.0179767608642578 0.07415771484375 0.740478515625
0.0183486938476562 -0.0732650756835938 -0.15899658203125 0.7254638671875
0.0677871704101563 -0.0960617065429688 -0.1424560546875 0.43280029296875
0.121971130371094 -0.105377197265625 0.145614624023438 0.03839111328125
0.0917510986328125 -0.083526611328125 0.29791259765625 -0.413238525390625
0.0650405883789063 -0.073028564453125 0.10833740234375 -0.73272705078125
0.0242691040039063 -0.039581298828125 -0.32904052734375 -0.69189453125
-0.000421524047851564 -0.0136499404907227 -0.566162109375 -0.3997802734375
-0.00635623931884766 0.0149431228637695 -0.54339599609375 -0.1776123046875
-0.0147171020507813 0.0108270645141602 -0.35845947265625 0.028594970703125
0.00711822509765625 -0.00433349609375 -0.0485267639160156 0.0315322875976563
0.0235176086425781 0.0245285034179688 0.0847091674804688 0.016632080078125
0.0237617492675781 0.0493888854980469 0.371917724609375 0.05712890625
0.0157356262207031 0.0691490173339844 0.434234619140625 0.2412109375
0.00372314453125001 0.0716094970703125 0.3515625 0.531097412109375
-0.0229549407958984 0.02349853515625 0.0833740234375 0.7333984375
-0.00558853149414062 -0.0595741271972656 -0.14794921875 0.7349853515625
0.0431900024414063 -0.0759811401367188 -0.14453125 0.45361328125
0.102760314941406 -0.0847702026367188 0.140106201171875 0.06158447265625
0.0789337158203125 -0.064239501953125 0.30615234375 -0.391357421875
0.0482177734375 -0.0567474365234375 0.12811279296875 -0.7244873046875
0.0100440979003906 -0.027130126953125 -0.310546875 -0.69769287109375
-0.00458908081054688 -0.0123147964477539 -0.56060791015625 -0.414276123046875
0.00343799591064453 0.0105123519897461 -0.544769287109375 -0.19171142578125
0.0098114013671875 0.0104103088378906 -0.359710693359375 0.023345947265625
0.0402717590332031 -0.00180435180664062 -0.0482368469238281 0.0281944274902344
0.0600852966308594 0.0344161987304688 0.0956344604492188 0.0107574462890625
0.0609855651855469 0.051910400390625 0.384765625 0.044525146484375
0.0425910949707031 0.0569305419921875 0.4437255859375 0.2200927734375
0.00618743896484375 0.0588798522949219 0.366729736328125 0.50738525390625
-0.042449951171875 0.0264930725097656 0.10302734375 0.72760009765625
-0.035003662109375 -0.0441093444824219 -0.12652587890625 0.739990234375
0.0172348022460938 -0.051055908203125 -0.136627197265625 0.4639892578125
0.0847702026367188 -0.058837890625 0.139137268066406 0.073883056640625
0.0648460388183594 -0.0403213500976562 0.32086181640625 -0.37835693359375
0.0308570861816406 -0.0363578796386719 0.15472412109375 -0.72210693359375
-0.00437259674072266 -0.0109024047851563 -0.28912353515625 -0.71258544921875
-0.0124979019165039 -0.00945758819580078 -0.54974365234375 -0.434051513671875
0.0117063522338867 0.0029754638671875 -0.541168212890625 -0.20855712890625
0.0323886871337891 0.00740623474121094 -0.354156494140625 0.0171813964843749
0.0742263793945313 0.00170135498046875 -0.0396995544433594 0.0271720886230469
0.0910568237304688 0.0404739379882813 0.114433288574219 0.00620269775390625
0.0909957885742188 0.0487899780273438 0.388397216796875 0.03375244140625
0.0622596740722656 0.0413475036621094 0.448760986328125 0.2098388671875
0.00617599487304687 0.0449752807617188 0.3841552734375 0.49505615234375
-0.0611953735351563 0.0290718078613281 0.1307373046875 0.7198486328125
-0.0617866516113281 -0.0265693664550781 -0.0970458984374999 0.73291015625
-0.00602531433105469 -0.0247459411621094 -0.12274169921875 0.46258544921875
0.0688514709472656 -0.0324935913085938 0.1458740234375 0.072662353515625
0.0517196655273438 -0.0153388977050781 0.33441162109375 -0.378631591796875
0.015228271484375 -0.0158786773681641 0.17724609375 -0.72705078125
-0.0203952789306641 0.00397300720214844 -0.26153564453125 -0.72222900390625
-0.0219516754150391 -0.00718307495117187 -0.534332275390625 -0.453125
0.0169496536254883 -0.00223159790039063 -0.52679443359375 -0.22222900390625
0.0520095825195313 0.0020751953125 -0.343048095703125 0.0109252929687501
0.104385375976563 0.00756072998046875 -0.0247421264648437 0.0293216705322266
0.111251831054688 0.0417709350585938 0.135047912597656 0.00499725341796875
0.107254028320313 0.0427169799804688 0.391265869140625 0.028656005859375
0.0684394836425781 0.02740478515625 0.454620361328125 0.21221923828125
3.81469726562849E-06 0.03607177734375 0.406280517578125 0.492431640625
-0.0771255493164063 0.0345001220703125 0.16265869140625 0.71417236328125
-0.0789794921875 -0.0104141235351562 -0.064453125 0.718505859375
-0.0189895629882813 -0.00126266479492187 -0.10394287109375 0.450775146484375
0.0575942993164062 -0.00784683227539063 0.156112670898438 0.0596771240234375
0.0400238037109375 0.00663375854492188 0.348388671875 -0.3902587890625
0.00084233283996582 0.00164687633514404 0.19921875 -0.738525390625
-0.0346012115478516 0.0150814056396484 -0.23681640625 -0.74072265625
-0.0310592651367188 -0.00717544555664062 -0.513946533203125 -0.467620849609375
0.0202007293701172 -0.0119915008544922 -0.50970458984375 -0.229705810546875
0.06939697265625 -0.00166702270507813 -0.3262939453125 0.00741577148437504
0.12628173828125 0.0148162841796875 -0.00627136230468749 0.0344009399414063
0.118186950683594 0.0367355346679688 0.154205322265625 0.004364013671875
0.108833312988281 0.0324630737304688 0.393463134765625 0.029998779296875
0.0602149963378906 0.01849365234375 0.4630126953125 0.223236083984375
-0.0115509033203125 0.0337390899658203 0.430145263671875 0.49530029296875
-0.0862655639648438 0.0406417846679687 0.1923828125 0.70538330078125
-0.0852584838867187 0.00217437744140626 -0.03564453125 0.6983642578125
-0.0222663879394531 0.0140457153320313 -0.08465576171875 0.425750732421875
0.0523414611816406 0.00948333740234375 0.170700073242187 0.03643798828125
0.0323925018310547 0.0225486755371094 0.362091064453125 -0.411468505859375
-0.00930213928222656 0.0113086700439453 0.21746826171875 -0.7559814453125
-0.0454177856445313 0.0173377990722656 -0.21600341796875 -0.75189208984375
-0.0379638671875 -0.0135993957519531 -0.496917724609375 -0.47698974609375
0.0250263214111328 -0.0201854705810547 -0.49151611328125 -0.23052978515625
0.0820465087890625 -0.0035247802734375 -0.305938720703125 0.0081787109375
0.138435363769531 0.0249710083007813 0.015594482421875 0.0448036193847656
-0.0580406188964844 0.0175285339355469 0.0967178344726562 0.0467910766601562
-0.0442924499511719 0.0527877807617188 0.364532470703125 0.09808349609375
-0.0172042846679688 0.0833892822265625 0.440765380859375 0.311553955078125
0.0113754272460938 0.0672073364257813 0.3809814453125 0.59722900390625
0.0154018402099609 -0.00432872772216797 0.11065673828125 0.74298095703125
0.043853759765625 -0.0931015014648438 -0.1309814453125 0.69525146484375
0.0896987915039062 -0.111778259277344 -0.11785888671875 0.383392333984375
0.14227294921875 -0.121063232421875 0.169113159179688 -0.0259857177734375
0.113975524902344 -0.0993499755859375 0.29339599609375 -0.478424072265625
0.0908966064453125 -0.0840530395507813 0.0899658203125 -0.77099609375
0.0445823669433594 -0.0427780151367188 -0.3436279296875 -0.6927490234375
-0.00206327438354492 -0.00346541404724121 -0.555328369140625 -0.371856689453125
-0.038543701171875 0.0237998962402344 -0.529388427734375 -0.1416015625
-0.0553855895996094 0.0037994384765625 -0.336639404296875 0.0448608398437501
-0.0368080139160156 -0.0067596435546875 -0.0228805541992187 0.0493621826171875
-0.0408401489257813 0.0144119262695312 0.084625244140625 0.03546142578125
-0.0341529846191406 0.049407958984375 0.357757568359375 0.082366943359375
-0.0163116455078125 0.083587646484375 0.429107666015625 0.29144287109375
0.00618743896484375 0.0748214721679688 0.35833740234375 0.5830078125
0.00994777679443359 0.00830459594726563 0.0899658203125001 0.74835205078125
0.0371322631835938 -0.0860748291015625 -0.144287109375 0.71527099609375
0.0829315185546875 -0.110565185546875 -0.1275634765625 0.4105224609375
0.134590148925781 -0.119216918945313 0.157562255859375 0.00669860839843749
0.105697631835938 -0.0979461669921875 0.291351318359375 -0.447174072265625
0.0792999267578125 -0.0838546752929687 0.0877075195312499 -0.75311279296875
0.037872314453125 -0.0453758239746094 -0.35052490234375 -0.689697265625
0.00124597549438477 -0.00822019577026367 -0.56854248046875 -0.38037109375
-0.0225696563720703 0.0220623016357422 -0.543304443359375 -0.155609130859375
-0.0375595092773438 0.0100173950195313 -0.3516845703125 0.0379333496093749
-0.0195064544677734 -0.00666046142578125 -0.0394821166992188 0.0387001037597656
-0.0117654800415039 0.0171890258789063 0.0792617797851562 0.0262374877929687
-0.009765625 0.0475616455078125 0.3651123046875 0.067352294921875
-0.00589752197265624 0.0793533325195313 0.43206787109375 0.263519287109375
0.00283813476562501 0.0774154663085938 0.355316162109375 0.5601806640625
-0.00406074523925781 0.0181541442871094 0.08746337890625 0.74713134765625
0.0190200805664063 -0.0749359130859375 -0.14776611328125 0.73541259765625
0.0661163330078125 -0.0988693237304688 -0.13861083984375 0.437591552734375
0.120559692382813 -0.107208251953125 0.14703369140625 0.0361175537109375
0.0929412841796875 -0.0863189697265625 0.29522705078125 -0.420013427734375
0.0645599365234375 -0.0740203857421875 0.0979614257812499 -0.7425537109375
0.0253982543945313 -0.0395011901855469 -0.3438720703125 -0.694580078125
-0.00104427337646484 -0.0124902725219727 -0.57708740234375 -0.39361572265625
-0.0075225830078125 0.0155735015869141 -0.55206298828125 -0.1708984375
-0.0141448974609375 0.0115585327148438 -0.361480712890625 0.034942626953125
0.00628995895385742 -0.00499153137207031 -0.0475273132324219 0.0316696166992188
0.0251846313476563 0.0249958038330078 0.08428955078125 0.0156478881835938
0.0233955383300781 0.0484580993652344 0.3753662109375 0.053741455078125
0.0180854797363281 0.0696792602539062 0.442535400390625 0.236419677734375
0.0052947998046875 0.07177734375 0.363433837890625 0.5302734375
-0.0225582122802734 0.0245399475097656 0.095703125 0.740478515625
-0.00732421875 -0.0595436096191406 -0.13720703125 0.7437744140625
0.04290771484375 -0.0770950317382813 -0.139007568359375 0.457427978515625
0.102653503417969 -0.0878982543945312 0.140411376953125 0.0583419799804687
0.0785980224609375 -0.0660018920898438 0.302459716796875 -0.400054931640625
0.0471649169921875 -0.0582122802734375 0.11773681640625 -0.7320556640625
0.0107078552246094 -0.0272941589355469 -0.32489013671875 -0.69921875
-0.00553035736083985 -0.0118427276611328 -0.5716552734375 -0.40997314453125
0.00415325164794922 0.00970840454101563 -0.552459716796875 -0.185516357421875
0.00944137573242188 0.010197639465332 -0.36151123046875 0.0287780761718749
0.0400161743164063 -0.00226211547851563 -0.0484580993652344 0.028900146484375
0.0622901916503906 0.0337791442871094 0.0958099365234375 0.0085906982421875
0.0616607666015625 0.0506973266601563 0.38629150390625 0.03887939453125
0.0431022644042969 0.0565185546875 0.452667236328125 0.215118408203125
0.00774002075195312 0.0583724975585938 0.379058837890625 0.50909423828125
-0.0416069030761719 0.0275917053222656 0.11566162109375 0.73321533203125
-0.0368614196777344 -0.0437469482421875 -0.11737060546875 0.7474365234375
0.0165824890136719 -0.0515289306640625 -0.131591796875 0.469818115234375
0.08551025390625 -0.060943603515625 0.14141845703125 0.0716552734375
0.0640640258789063 -0.0417327880859375 0.317718505859375 -0.3887939453125
0.0308685302734375 -0.0362739562988281 0.143310546875 -0.73040771484375
-0.00527381896972656 -0.0110683441162109 -0.30206298828125 -0.71295166015625
-0.0134859085083008 -0.00914192199707031 -0.56243896484375 -0.43017578125
0.0106792449951172 0.00383281707763672 -0.548370361328125 -0.202056884765625
0.0322227478027344 0.00714492797851563 -0.358154296875 0.021209716796875
0.074493408203125 0.0018310546875 -0.0397377014160156 0.0277442932128906
0.0927047729492188 0.0397109985351563 0.114181518554688 0.0027618408203125
0.0927658081054688 0.0483474731445313 0.39080810546875 0.028045654296875
0.0627059936523438 0.0414237976074219 0.457122802734375 0.204620361328125
0.0077972412109375 0.0447616577148438 0.3961181640625 0.494903564453125
-0.0611534118652344 0.030120849609375 0.1444091796875 0.72412109375
-0.0619049072265625 -0.0266342163085937 -0.0869140625 0.74102783203125
-0.00531578063964844 -0.0254020690917969 -0.11822509765625 0.467926025390625
0.0683937072753906 -0.0328865051269531 0.14739990234375 0.0701141357421875
0.0513572692871094 -0.0163497924804688 0.33135986328125 -0.387969970703125
0.0144367218017578 -0.015812873840332 0.168212890625 -0.7359619140625
-0.0197601318359375 0.0055694580078125 -0.27325439453125 -0.72821044921875
-0.0230998992919922 -0.00580215454101562 -0.54559326171875 -0.4483642578125
0.0160388946533203 -0.00230121612548828 -0.5345458984375 -0.214569091796875
0.0526542663574219 0.00254440307617188 -0.344818115234375 0.01605224609375
0.104942321777344 0.006072998046875 -0.0249252319335937 0.0297584533691406
0.112922668457031 0.0390701293945313 0.134223937988281 0.0022125244140625
0.109039306640625 0.0406646728515625 0.394317626953125 0.023773193359375
0.0692405700683594 0.026336669921875 0.46221923828125 0.206329345703125
7.24792480468718E-05 0.0356864929199219 0.418060302734375 0.49261474609375
-0.0767593383789063 0.0350570678710937 0.1756591796875 0.71826171875
-0.0793685913085938 -0.0095367431640625 -0.05474853515625 0.7269287109375
-0.0199451446533203 -0.00150108337402344 -0.098663330078125 0.454803466796875
0.0565643310546875 -0.00830459594726563 0.15869140625 0.057342529296875
0.0406417846679688 0.00611495971679688 0.345703125 -0.400543212890625
0.00073087215423584 0.000878214836120605 0.18975830078125 -0.74932861328125
-0.0342350006103516 0.0154876708984375 -0.24993896484375 -0.7445068359375
-0.0312271118164063 -0.00690460205078124 -0.528167724609375 -0.46502685546875
0.0191402435302734 -0.0112094879150391 -0.5181884765625 -0.22509765625
0.0692672729492188 -0.0018310546875 -0.327911376953125 0.011962890625
0.127822875976563 0.0134201049804688 -0.00577545166015624 0.0356063842773438
0.120208740234375 0.0375518798828125 0.1536865234375 0.001617431640625
0.108184814453125 0.0305252075195312 0.39605712890625 0.0240478515625
0.0618247985839844 0.0182762145996094 0.472686767578125 0.217742919921875
-0.00990486145019531 0.0336494445800781 0.44219970703125 0.4945068359375
-0.08526611328125 0.0426025390625 0.203369140625 0.7091064453125
-0.0865249633789063 0.00275421142578124 -0.0253295898437501 0.7047119140625
-0.0235862731933594 0.0145339965820312 -0.078643798828125 0.42999267578125
0.0532341003417969 0.00809860229492188 0.172286987304688 0.0325775146484375
0.0326786041259766 0.0207424163818359 0.35791015625 -0.42095947265625
-0.00899982452392578 0.0113563537597656 0.206298828125 -0.76629638671875
-0.0459213256835937 0.0180892944335938 -0.23065185546875 -0.756591796875
-0.0376472473144531 -0.012939453125 -0.50787353515625 -0.474456787109375
0.0237598419189453 -0.0208358764648438 -0.500457763671875 -0.22650146484375
0.0821685791015625 -0.00467681884765625 -0.308074951171875 0.0124206542968749
0.140480041503906 0.0228424072265625 0.0159797668457031 0.0443458557128906
-0.05865478515625 0.0187301635742187 0.0973663330078125 0.0456314086914063
-0.0433731079101563 0.0548744201660156 0.367706298828125 0.093017578125
-0.0151748657226562 0.0835189819335937 0.449432373046875 0.30767822265625
0.0124015808105469 0.0675697326660156 0.395263671875 0.59649658203125
0.0159702301025391 -0.00418186187744141 0.1224365234375 0.74725341796875
0.0426025390625 -0.0945816040039062 -0.1197509765625 0.70367431640625
0.0879898071289063 -0.114517211914063 -0.11297607421875 0.38818359375
0.140579223632812 -0.123123168945313 0.168014526367188 -0.029571533203125
0.113578796386719 -0.102714538574219 0.28680419921875 -0.485931396484375
0.0917816162109375 -0.0865325927734375 0.07708740234375 -0.779296875
0.0445365905761719 -0.0439567565917969 -0.35784912109375 -0.6927490234375
-0.00167453289031982 -0.00177240371704101 -0.565673828125 -0.36431884765625
-0.0395317077636719 0.0246238708496094 -0.534637451171875 -0.136260986328125
-0.0553245544433594 0.00504302978515625 -0.33843994140625 0.051300048828125
-0.0365371704101563 -0.00629043579101563 -0.0234413146972656 0.0493278503417969
-0.0398406982421875 0.0157470703125 0.0852432250976563 0.0351104736328125
-0.0329132080078125 0.0498809814453125 0.36077880859375 0.0767822265625
-0.015960693359375 0.0852737426757813 0.43756103515625 0.286895751953125
0.0073394775390625 0.076202392578125 0.37139892578125 0.5838623046875
0.0102682113647461 0.00653457641601563 0.1031494140625 0.752685546875
0.036865234375 -0.087738037109375 -0.13360595703125 0.7242431640625
0.08197021484375 -0.112838745117188 -0.1239013671875 0.41534423828125
0.132530212402344 -0.121551513671875 0.157379150390625 0.00213623046874999
0.103668212890625 -0.101226806640625 0.28546142578125 -0.455291748046875
0.0789718627929688 -0.0863037109375 0.07537841796875 -0.76153564453125
0.0367012023925781 -0.0469741821289063 -0.36541748046875 -0.68963623046875
0.000797748565673828 -0.00823545455932617 -0.581787109375 -0.3748779296875
-0.0236034393310547 0.0233879089355469 -0.549957275390625 -0.1484375
-0.03887939453125 0.010284423828125 -0.3529052734375 0.046173095703125
-0.0198822021484375 -0.00613784790039063 -0.0394554138183594 0.0390586853027344
-0.0113096237182617 0.0169029235839844 0.079193115234375 0.0240631103515625
-0.00954055786132813 0.0469284057617188 0.368316650390625 0.061553955078125
-0.00460052490234376 0.079864501953125 0.440704345703125 0.259002685546875
0.00418090820312501 0.0777740478515625 0.369049072265625 0.558319091796875
-0.00398063659667969 0.0186481475830078 0.1004638671875 0.75299072265625
0.0184326171875 -0.0768280029296875 -0.136962890625 0.74169921875
0.06463623046875 -0.0997161865234375 -0.133026123046875 0.441741943359375
0.12078857421875 -0.110755920410156 0.147628784179688 0.03314208984375
0.0925674438476562 -0.0873870849609375 0.289154052734375 -0.42779541015625
0.063751220703125 -0.0765380859375 0.08612060546875 -0.7496337890625
0.0244255065917969 -0.0407218933105469 -0.3585205078125 -0.6925048828125
-0.000288009643554688 -0.0126075744628906 -0.58807373046875 -0.38677978515625
-0.00819873809814453 0.0168828964233398 -0.558990478515625 -0.16375732421875
-0.0146656036376953 0.0126533508300781 -0.36322021484375 0.04083251953125
0.00654077529907227 -0.00469064712524414 -0.0470466613769531 0.0326080322265625
0.0255279541015625 0.0247020721435547 0.082855224609375 0.014190673828125
0.0254287719726562 0.0471916198730469 0.37677001953125 0.04638671875
0.0167999267578125 0.0703353881835938 0.45068359375 0.231475830078125
0.00456237792968749 0.0714797973632813 0.374298095703125 0.529327392578125
-0.0221481323242187 0.0249767303466797 0.10809326171875 0.74493408203125
-0.00794982910156249 -0.060211181640625 -0.12786865234375 0.7518310546875
0.042144775390625 -0.0792922973632813 -0.13470458984375 0.463287353515625
0.102340698242188 -0.0903854370117188 0.142791748046875 0.056304931640625
0.0791702270507813 -0.0695571899414063 0.299346923828125 -0.40740966796875
0.0466499328613281 -0.0594711303710937 0.10687255859375 -0.74005126953125
0.00970649719238281 -0.0274944305419922 -0.3404541015625 -0.70025634765625
-0.00671482086181641 -0.0119056701660156 -0.58465576171875 -0.40447998046875
0.00332927703857422 0.0104312896728516 -0.55926513671875 -0.177978515625
0.00868606567382813 0.0109195709228516 -0.365814208984375 0.0346679687500001
0.0413360595703125 -0.00245285034179688 -0.04864501953125 0.0291786193847656
0.0619239807128906 0.0334968566894531 0.09588623046875 0.00750732421875
0.0625724792480469 0.050140380859375 0.388519287109375 0.03363037109375
0.0442085266113281 0.0561904907226563 0.45928955078125 0.2095947265625
0.0089569091796875 0.0597152709960937 0.390289306640625 0.50714111328125
-0.04156494140625 0.0286865234375 0.1287841796875 0.73614501953125
-0.0379409790039063 -0.0432929992675781 -0.10455322265625 0.75469970703125
0.0148773193359375 -0.0526161193847656 -0.126983642578125 0.47479248046875
0.08447265625 -0.0643386840820313 0.142929077148438 0.0678253173828125
0.063690185546875 -0.042694091796875 0.312774658203125 -0.394622802734375
0.0299339294433594 -0.0388450622558594 0.1322021484375 -0.7398681640625
-0.005157470703125 -0.0112762451171875 -0.3162841796875 -0.71514892578125
-0.0139989852905273 -0.00794219970703125 -0.5738525390625 -0.426025390625
0.0101318359375 0.00423049926757813 -0.5560302734375 -0.1954345703125
0.0323905944824219 0.00584220886230469 -0.359161376953125 0.027374267578125
0.0754776000976563 0.00058746337890625 -0.0395927429199219 0.0278701782226563
0.0942535400390625 0.0391387939453125 0.113685607910156 0.0014495849609375
0.0933609008789063 0.0463027954101563 0.39453125 0.022003173828125
0.0632438659667969 0.040618896484375 0.46295166015625 0.1993408203125
0.00717926025390625 0.0454139709472656 0.407318115234375 0.49346923828125
-0.06036376953125 0.0307807922363281 0.157470703125 0.7276611328125
-0.0630416870117188 -0.0260887145996094 -0.0748291015625001 0.746337890625
-0.00631332397460938 -0.0248851776123047 -0.11260986328125 0.47283935546875
0.0679740905761719 -0.0347213745117188 0.149185180664062 0.067779541015625
0.0516548156738281 -0.0166397094726563 0.327301025390625 -0.396209716796875
0.0137910842895508 -0.0165786743164063 0.15740966796875 -0.74371337890625
-0.0196151733398438 0.00460624694824218 -0.28790283203125 -0.72821044921875
-0.0235347747802734 -0.00494384765625 -0.556884765625 -0.44366455078125
0.0161628723144531 -0.00225353240966797 -0.541290283203125 -0.209686279296875
0.0528221130371094 0.00204086303710938 -0.346832275390625 0.0203857421874999
0.106552124023438 0.00400543212890625 -0.0253715515136719 0.0291786193847656
0.114578247070313 0.038299560546875 0.133697509765625 -0.000389099121093748
0.110153198242188 0.038818359375 0.395782470703125 0.017852783203125
0.0691070556640625 0.0258712768554687 0.469146728515625 0.202301025390625
0.00111007690429687 0.0359725952148438 0.429473876953125 0.491912841796875
-0.0773773193359375 0.0363082885742188 0.1885986328125 0.7222900390625
-0.0800552368164063 -0.00749206542968752 -0.04241943359375 0.7315673828125
-0.0193653106689453 -0.00125312805175781 -0.093414306640625 0.45916748046875
0.0571022033691406 -0.0108108520507812 0.158981323242188 0.0546875
0.0408172607421875 0.00458145141601562 0.3409423828125 -0.409210205078125
0.000433385372161865 0.000933349132537842 0.17877197265625 -0.7568359375
-0.0339260101318359 0.0157279968261719 -0.265380859375 -0.74383544921875
-0.0313892364501953 -0.00596046447753907 -0.538116455078125 -0.4588623046875
0.0190811157226563 -0.0117206573486328 -0.525665283203125 -0.219970703125
0.0701866149902344 -0.00288009643554688 -0.329864501953125 0.017486572265625
0.128639221191406 0.0109939575195312 -0.00487899780273436 0.0353584289550781
0.120452880859375 0.0345382690429688 0.15325927734375 -0.0014801025390625
0.109931945800781 0.0299835205078125 0.39776611328125 0.0181884765625
0.0629005432128906 0.0173797607421875 0.4781494140625 0.212921142578125
-0.010162353515625 0.0337753295898438 0.45294189453125 0.493408203125
-0.0868606567382813 0.0444793701171875 0.2178955078125 0.7122802734375
-0.0862884521484375 0.004150390625 -0.0142211914062501 0.710205078125
-0.0225734710693359 0.0152454376220703 -0.072662353515625 0.433868408203125
0.0522270202636719 0.00704193115234375 0.173538208007813 0.029632568359375
0.0339164733886719 0.0195560455322266 0.35345458984375 -0.42938232421875
-0.00952434539794922 0.00995922088623047 0.19482421875 -0.77471923828125
-0.0454940795898438 0.01898193359375 -0.2437744140625 -0.75872802734375
-0.0384788513183594 -0.0120048522949219 -0.519073486328125 -0.470001220703125
0.0235595703125 -0.0216560363769531 -0.508209228515625 -0.220855712890625
0.0815505981445313 -0.00553131103515625 -0.310302734375 0.0164794921875
0.143096923828125 0.0216064453125 0.0166435241699219 0.0443458557128906
-0.0574493408203125 0.02020263671875 0.0978927612304688 0.0455474853515625
-0.0429916381835938 0.0552558898925781 0.3704833984375 0.08587646484375
-0.0161666870117187 0.0837326049804688 0.458770751953125 0.30078125
0.0133476257324219 0.0674705505371094 0.4083251953125 0.59344482421875
0.0155611038208008 -0.00572490692138672 0.13861083984375 0.75030517578125
0.0419464111328125 -0.0966567993164063 -0.10601806640625 0.7100830078125
0.0858917236328125 -0.11761474609375 -0.10736083984375 0.39190673828125
0.139251708984375 -0.126686096191406 0.16741943359375 -0.0333251953125
0.113113403320313 -0.105323791503906 0.27911376953125 -0.494110107421875
0.089141845703125 -0.0891952514648438 0.06402587890625 -0.78436279296875
0.0450515747070313 -0.0444068908691406 -0.37200927734375 -0.69091796875
-0.00080418586730957 -0.00112330913543701 -0.574951171875 -0.35748291015625
-0.040771484375 0.0269241333007813 -0.541290283203125 -0.126861572265625
-0.0576705932617188 0.0062255859375 -0.338653564453125 0.058319091796875
-0.0367660522460938 -0.00512313842773438 -0.0229415893554688 0.0504913330078125
-0.039031982421875 0.0164756774902344 0.0848464965820313 0.0335693359375
-0.0335807800292969 0.0503005981445313 0.36456298828125 0.070068359375
-0.0138931274414063 0.0845184326171875 0.4454345703125 0.281005859375
0.00859832763671874 0.0778045654296875 0.38458251953125 0.57977294921875
0.0100431442260742 0.00726318359375 0.1165771484375 0.75689697265625
0.0353775024414063 -0.0887527465820313 -0.12054443359375 0.732177734375
0.0800552368164063 -0.114471435546875 -0.11749267578125 0.4189453125
0.1318359375 -0.125 0.156646728515625 -0.00154113769531251
0.103057861328125 -0.102813720703125 0.277679443359375 -0.462921142578125
0.0777435302734375 -0.0883941650390625 0.06256103515625 -0.76629638671875
0.0365219116210938 -0.0474014282226563 -0.38079833984375 -0.68780517578125
0.000452518463134765 -0.00827264785766602 -0.59173583984375 -0.365234375
-0.0237140655517578 0.0235824584960937 -0.5548095703125 -0.13958740234375
-0.0392189025878906 0.0116348266601562 -0.35418701171875 0.0513000488281251
-0.0206527709960938 -0.00510025024414063 -0.0396385192871094 0.0398216247558594
-0.0107212066650391 0.0179786682128906 0.0784988403320313 0.02294921875
-0.0089111328125 0.047607421875 0.3695068359375 0.055450439453125
-0.00280761718750001 0.0803146362304688 0.44879150390625 0.2518310546875
0.00624847412109376 0.07843017578125 0.382049560546875 0.555938720703125
-0.00273895263671875 0.0191707611083984 0.1148681640625 0.754638671875
0.0176467895507812 -0.0765533447265625 -0.1246337890625 0.747802734375
0.06292724609375 -0.101249694824219 -0.126708984375 0.446319580078125
0.118682861328125 -0.114128112792969 0.1468505859375 0.0296478271484375
0.0901641845703125 -0.0918045043945313 0.28289794921875 -0.4365234375
0.0635147094726563 -0.0784530639648438 0.073974609375 -0.754150390625
0.0251083374023438 -0.0417060852050781 -0.37274169921875 -0.68975830078125
-0.000629425048828125 -0.0113821029663086 -0.59747314453125 -0.3798828125
-0.00800704956054688 0.0185470581054688 -0.56658935546875 -0.15374755859375
-0.0156459808349609 0.0132770538330078 -0.365020751953125 0.0473327636718751
0.00746917724609375 -0.00398731231689453 -0.0486183166503906 0.0327606201171875
0.0268154144287109 0.0250186920166016 0.0825958251953125 0.012603759765625
0.026397705078125 0.0474929809570313 0.38037109375 0.040618896484375
0.0194664001464844 0.0698432922363281 0.456634521484375 0.225982666015625
0.0064544677734375 0.0716934204101563 0.3868408203125 0.5274658203125
-0.0209693908691406 0.0251903533935547 0.12347412109375 0.74627685546875
-0.00848388671875 -0.0602607727050781 -0.11468505859375 0.758056640625
0.0402984619140625 -0.0791168212890625 -0.129058837890625 0.467620849609375
0.1009521484375 -0.09344482421875 0.142791748046875 0.0529632568359375
0.0780563354492187 -0.0706634521484375 0.292938232421875 -0.414642333984375
0.0465278625488281 -0.0613327026367188 0.0929565429687499 -0.7462158203125
0.0111312866210938 -0.0290985107421875 -0.35394287109375 -0.69891357421875
-0.00664329528808594 -0.0108404159545898 -0.59423828125 -0.394775390625
0.0023956298828125 0.010951042175293 -0.56683349609375 -0.1712646484375
0.00918102264404297 0.0115413665771484 -0.36676025390625 0.0416259765625
0.0410499572753906 -0.00285720825195313 -0.04803466796875 0.0301589965820312
0.0636520385742188 0.0319786071777344 0.095916748046875 0.0050048828125
0.0637092590332031 0.0483856201171875 0.3900146484375 0.025634765625
0.0461196899414063 0.0560798645019531 0.466033935546875 0.204681396484375
0.00954437255859376 0.0590744018554688 0.403228759765625 0.5052490234375
-0.0423164367675781 0.0290069580078125 0.1444091796875 0.7391357421875
-0.0375747680664063 -0.0434989929199219 -0.09222412109375 0.7608642578125
0.0149574279785156 -0.0525550842285156 -0.11920166015625 0.477630615234375
0.0829315185546875 -0.0650177001953125 0.142745971679687 0.0658721923828125
0.0638923645019531 -0.0449676513671875 0.30718994140625 -0.402679443359375
0.0297813415527344 -0.0384521484375 0.11907958984375 -0.7459716796875
-0.00469875335693359 -0.0114574432373047 -0.3330078125 -0.714599609375
-0.0145492553710937 -0.00763607025146485 -0.58636474609375 -0.41729736328125
0.00975227355957031 0.00496292114257813 -0.56298828125 -0.18597412109375
0.0316429138183594 0.00679969787597656 -0.360382080078125 0.034576416015625
0.0752944946289063 -0.00016021728515625 -0.0396347045898437 0.0282096862792969
0.0951309204101563 0.0366897583007813 0.113746643066406 -0.000572204589843748
0.0946731567382813 0.0452728271484375 0.394317626953125 0.0159912109375
0.0660629272460938 0.0381355285644531 0.470489501953125 0.194000244140625
0.00808715820312499 0.0447463989257813 0.42047119140625 0.489471435546875
-0.0613174438476563 0.0320663452148437 0.1708984375 0.72979736328125
-0.0634307861328125 -0.0251045227050781 -0.0618896484374999 0.75250244140625
-0.00644302368164063 -0.0247001647949219 -0.105804443359375 0.476409912109375
0.067901611328125 -0.0359649658203125 0.15032958984375 0.0657806396484375
0.05035400390625 -0.0186653137207031 0.321136474609375 -0.404388427734375
0.0132675170898438 -0.0177993774414063 0.1424560546875 -0.750244140625
-0.0194377899169922 0.00430679321289063 -0.30340576171875 -0.727783203125
-0.0228500366210938 -0.00468826293945313 -0.56854248046875 -0.4359130859375
0.0153017044067383 -0.00247383117675781 -0.549285888671875 -0.201934814453125
0.0532417297363281 0.00130844116210937 -0.348480224609375 0.027618408203125
0.107757568359375 0.00231170654296875 -0.0244884490966797 0.0304832458496094
0.115020751953125 0.0366058349609375 0.132514953613281 -0.00341796875
0.111587524414063 0.0366287231445313 0.39794921875 0.010955810546875
0.0703048706054688 0.02374267578125 0.476348876953125 0.19451904296875
0.00179290771484375 0.0355682373046875 0.441192626953125 0.4873046875
-0.0775375366210937 0.0368881225585937 0.20428466796875 0.72381591796875
-0.081573486328125 -0.00788116455078126 -0.0289306640625001 0.73760986328125
-0.0193080902099609 -0.000127792358398433 -0.087066650390625 0.462310791015625
0.0570526123046875 -0.0118675231933594 0.160446166992187 0.051422119140625
0.0412712097167969 0.00336074829101563 0.3358154296875 -0.41748046875
0.000588953495025635 0.000127136707305908 0.16461181640625 -0.76507568359375
-0.0341682434082031 0.0161552429199219 -0.280517578125 -0.74322509765625
-0.0316600799560547 -0.00518608093261719 -0.55029296875 -0.453643798828125
0.0184726715087891 -0.0124416351318359 -0.53289794921875 -0.211212158203125
0.0697059631347656 -0.0041961669921875 -0.32958984375 0.0223388671875
0.130699157714844 0.00957489013671875 -0.0047626495361328 0.0347118377685547
0.122528076171875 0.0341644287109375 0.152999877929688 -0.00390625
0.111366271972656 0.0288238525390625 0.398651123046875 0.011627197265625
0.0640296936035156 0.0157585144042969 0.48529052734375 0.206451416015625
-0.00919914245605469 0.0348281860351563 0.46636962890625 0.488311767578125
-0.0856704711914063 0.0448379516601562 0.23406982421875 0.713134765625
-0.0862274169921875 0.00602722167968748 -0.00140380859375007 0.7144775390625
-0.0225887298583984 0.0158729553222656 -0.0667724609375 0.436614990234375
0.0527229309082031 0.00537490844726562 0.173263549804687 0.0254669189453125
0.0331497192382812 0.0192375183105469 0.34796142578125 -0.43829345703125
-0.00926399230957031 0.0104846954345703 0.18292236328125 -0.78363037109375
-0.0454292297363281 0.01849365234375 -0.26031494140625 -0.75921630859375
-0.0388374328613281 -0.0122299194335938 -0.5306396484375 -0.462738037109375
0.0215396881103516 -0.0218544006347656 -0.514251708984375 -0.211700439453125
0.0818634033203125 -0.00615692138671875 -0.311065673828125 0.022064208984375
0.143997192382812 0.0186614990234375 0.0169334411621094 0.0433998107910156
-0.0583152770996094 0.0207061767578125 0.0990219116210937 0.043060302734375
-0.0428543090820313 0.0549774169921875 0.37225341796875 0.079833984375
-0.0130615234375 0.0848541259765625 0.4664306640625 0.29412841796875
0.015228271484375 0.0680618286132813 0.42376708984375 0.58892822265625
0.0167007446289063 -0.00542068481445313 0.15447998046875 0.74908447265625
0.041412353515625 -0.097442626953125 -0.09503173828125 0.71417236328125
0.0841140747070313 -0.119781494140625 -0.101593017578125 0.395233154296875
0.1363525390625 -0.130386352539063 0.165328979492187 -0.0366668701171875
0.112236022949219 -0.108039855957031 0.271209716796875 -0.501129150390625
0.0888442993164063 -0.0907821655273438 0.0479125976562501 -0.7869873046875
0.0435371398925781 -0.0455513000488281 -0.38848876953125 -0.6859130859375
-0.00214588642120361 -9.14335250854489E-05 -0.5828857421875 -0.3477783203125
-0.0410118103027344 0.0277481079101563 -0.54644775390625 -0.116546630859375
-0.058319091796875 0.00825500488281249 -0.340850830078125 0.0644836425781249
-0.0376129150390625 -0.00438690185546875 -0.022918701171875 0.0505332946777344
-0.0394821166992188 0.0182456970214844 0.0859909057617188 0.0328521728515625
-0.0321884155273437 0.0505104064941406 0.3643798828125 0.065643310546875
-0.0131072998046875 0.0855941772460938 0.453155517578125 0.275421142578125
0.0100250244140625 0.0775527954101563 0.3978271484375 0.57684326171875
0.0101718902587891 0.00704765319824219 0.1319580078125 0.75689697265625
0.0352096557617187 -0.0907974243164063 -0.10845947265625 0.7354736328125
0.0773239135742187 -0.116714477539062 -0.112152099609375 0.422454833984375
0.129257202148438 -0.128585815429688 0.1556396484375 -0.00299072265625001
0.101150512695312 -0.105812072753906 0.269989013671875 -0.4688720703125
0.0766372680664062 -0.09173583984375 0.04833984375 -0.76983642578125
0.0362701416015625 -0.049560546875 -0.394287109375 -0.68359375
0.000611305236816407 -0.00706243515014648 -0.60009765625 -0.3553466796875
-0.0244560241699219 0.0244064331054688 -0.559722900390625 -0.129791259765625
-0.0396575927734375 0.0140380859375 -0.35394287109375 0.059539794921875
-0.0201740264892578 -0.00445365905761718 -0.0391426086425781 0.0404167175292969
-0.00925254821777343 0.0194110870361328 0.0790176391601563 0.0228271484375
-0.00876998901367187 0.0472183227539063 0.370880126953125 0.04931640625
-0.00222015380859374 0.079345703125 0.456390380859375 0.2470703125
0.00578308105468751 0.0784378051757813 0.39422607421875 0.5537109375
-0.0029144287109375 0.0189628601074219 0.13067626953125 0.7557373046875
0.0162887573242188 -0.0767288208007813 -0.1103515625 0.75189208984375
0.0623397827148438 -0.104156494140625 -0.1201171875 0.449066162109375
0.116226196289063 -0.11669921875 0.147842407226563 0.025787353515625
0.0895004272460938 -0.0933380126953125 0.277984619140625 -0.4420166015625
0.0621337890625 -0.0808563232421875 0.05987548828125 -0.75848388671875
0.0232276916503906 -0.04290771484375 -0.38873291015625 -0.68536376953125
-0.00100421905517578 -0.011723518371582 -0.60791015625 -0.3690185546875
-0.00889015197753906 0.018218994140625 -0.571044921875 -0.1455078125
-0.0155925750732422 0.0133419036865234 -0.36474609375 0.055877685546875
0.00719738006591797 -0.00320577621459961 -0.0475425720214844 0.0339164733886719
0.0270900726318359 0.0247421264648438 0.0821456909179687 0.01287841796875
0.0260734558105469 0.0467987060546875 0.3800048828125 0.0335693359375
0.0200958251953125 0.0692825317382813 0.464080810546875 0.218231201171875
0.00730133056640625 0.0720062255859375 0.399688720703125 0.5240478515625
-0.0215415954589844 0.0257244110107422 0.1387939453125 0.7469482421875
-0.00915908813476563 -0.0603218078613281 -0.10064697265625 0.7630615234375
0.039398193359375 -0.0798797607421875 -0.1221923828125 0.4710693359375
0.0999526977539063 -0.0953903198242188 0.1435546875 0.05059814453125
0.0761566162109375 -0.0727691650390625 0.286712646484375 -0.422210693359375
0.0459365844726563 -0.0625839233398438 0.07940673828125 -0.75030517578125
0.00974655151367187 -0.0285472869873047 -0.36883544921875 -0.6953125
-0.00661945343017578 -0.0110349655151367 -0.6053466796875 -0.38763427734375
0.00208950042724609 0.0109424591064453 -0.57330322265625 -0.16033935546875
0.00838470458984375 0.0114002227783203 -0.366912841796875 0.046966552734375
0.0414695739746094 -0.00349044799804688 -0.0473785400390625 0.0316200256347656
0.0655975341796875 0.0313186645507813 0.095062255859375 0.00337982177734375
0.0649070739746094 0.0464744567871094 0.39013671875 0.02020263671875
0.0455970764160156 0.053497314453125 0.4725341796875 0.197967529296875
0.0112648010253906 0.0592803955078125 0.415313720703125 0.499969482421875
-0.0407752990722656 0.0302658081054687 0.1591796875 0.73876953125
-0.0382766723632813 -0.0428504943847656 -0.0775756835937499 0.76495361328125
0.0128250122070312 -0.0547370910644531 -0.113128662109375 0.481719970703125
0.0812835693359375 -0.0682601928710938 0.144210815429688 0.0621490478515625
0.0634765625 -0.0463829040527344 0.2996826171875 -0.411407470703125
0.0284881591796875 -0.0403900146484375 0.1053466796875 -0.7490234375
-0.00473213195800781 -0.0114669799804687 -0.34710693359375 -0.70947265625
-0.0149450302124023 -0.00629901885986328 -0.59503173828125 -0.40850830078125
0.00974178314208984 0.00454998016357422 -0.56805419921875 -0.17767333984375
0.0321102142333984 0.00664329528808594 -0.361480712890625 0.0404052734375
0.07745361328125 -0.002532958984375 -0.0402145385742187 0.0297813415527344
0.0972366333007813 0.0346145629882813 0.112014770507813 -0.0023956298828125
0.0964813232421875 0.043548583984375 0.394683837890625 0.010009765625
0.0657920837402344 0.03619384765625 0.476287841796875 0.186065673828125
0.00946044921874999 0.0452308654785156 0.430908203125 0.48583984375
-0.0600433349609375 0.0326156616210938 0.18707275390625 0.7291259765625
-0.0633430480957031 -0.0241203308105469 -0.047119140625 0.756591796875
-0.00774765014648437 -0.0241832733154297 -0.09796142578125 0.4794921875
0.0664863586425781 -0.0382423400878906 0.149383544921875 0.059967041015625
0.0508804321289063 -0.0198554992675781 0.31463623046875 -0.41119384765625
0.0134906768798828 -0.0179042816162109 0.12921142578125 -0.7548828125
-0.0195198059082031 0.00419235229492187 -0.3193359375 -0.7257080078125
-0.0233345031738281 -0.00380706787109375 -0.5787353515625 -0.4273681640625
0.0150251388549805 -0.00288200378417969 -0.554718017578125 -0.193389892578125
0.053253173828125 0.00092315673828125 -0.349212646484375 0.0333862304687499
0.107559204101563 0.00168609619140625 -0.0248641967773437 0.0309410095214844
0.117263793945313 0.0344772338867188 0.132392883300781 -0.00641632080078125
0.112480163574219 0.03485107421875 0.3975830078125 0.00421142578125
0.072052001953125 0.0222091674804688 0.481781005859375 0.18853759765625
0.00253677368164063 0.0353240966796875 0.453582763671875 0.48138427734375
-0.0769119262695313 0.0387039184570313 0.2174072265625 0.72271728515625
-0.0813980102539063 -0.00574493408203124 -0.0161132812500001 0.7410888671875
-0.0197105407714844 -0.000339508056640623 -0.078277587890625 0.464752197265625
0.056884765625 -0.0133056640625 0.1597900390625 0.0462188720703125
0.0406494140625 0.00278091430664063 0.327301025390625 -0.42376708984375
0.000428915023803711 -0.000660836696624756 0.15057373046875 -0.76953125
-0.0331897735595703 0.0158348083496094 -0.2967529296875 -0.74139404296875
-0.0322494506835938 -0.00409889221191407 -0.561370849609375 -0.445281982421875
0.0182209014892578 -0.0116386413574219 -0.53985595703125 -0.2020263671875
0.0694351196289063 -0.00469207763671875 -0.332366943359375 0.0274963378906251
0.131431579589844 0.00748443603515625 -0.00432777404785155 0.0345954895019531
0.12225341796875 0.0314865112304688 0.151153564453125 -0.00634765625
0.112190246582031 0.025360107421875 0.398681640625 0.00579833984375
0.0647201538085937 0.0143203735351562 0.491607666015625 0.1983642578125
-0.00869941711425781 0.0343894958496094 0.477996826171875 0.48443603515625
-0.0850906372070313 0.0466079711914062 0.24859619140625 0.71124267578125
-0.0859222412109375 0.0070953369140625 0.0120239257812499 0.71722412109375
-0.0226478576660156 0.0159072875976563 -0.06109619140625 0.43829345703125
0.0527076721191406 0.00447463989257813 0.173431396484375 0.0223236083984375
0.0335979461669922 0.0183467864990234 0.340179443359375 -0.44708251953125
-0.0103120803833008 0.00966548919677734 0.1676025390625 -0.7889404296875
-0.0438957214355469 0.0196952819824219 -0.27520751953125 -0.7564697265625
-0.0399971008300781 -0.01043701171875 -0.542388916015625 -0.45404052734375
0.0212326049804687 -0.0213642120361328 -0.52020263671875 -0.20379638671875
0.082183837890625 -0.0083770751953125 -0.311370849609375 0.026641845703125
0.144180297851563 0.0171966552734375 0.0176239013671875 0.0430984497070312
-0.0566978454589844 0.0233421325683594 0.09954833984375 0.0429000854492188
-0.0422630310058594 0.0559921264648438 0.373016357421875 0.074432373046875
-0.0118865966796875 0.0841293334960938 0.473175048828125 0.285064697265625
0.0165328979492187 0.0673294067382812 0.43603515625 0.58343505859375
0.0171003341674805 -0.00643062591552734 0.16754150390625 0.747802734375
0.0395889282226563 -0.0980300903320313 -0.0805053710937501 0.71612548828125
0.0825347900390625 -0.120697021484375 -0.095123291015625 0.39739990234375
0.133842468261719 -0.131889343261719 0.164260864257813 -0.0402069091796875
0.110481262207031 -0.110984802246094 0.262725830078125 -0.50604248046875
0.0872726440429687 -0.0933837890625 0.0341796875 -0.7904052734375
0.04339599609375 -0.0466537475585937 -0.40167236328125 -0.68072509765625
-0.00187456607818604 0.000701546669006348 -0.59149169921875 -0.33746337890625
-0.0417709350585938 0.0289764404296875 -0.5494384765625 -0.10760498046875
-0.0588874816894531 0.00915145874023438 -0.339324951171875 0.06988525390625
-0.0375709533691406 -0.0034027099609375 -0.0205650329589844 0.0507431030273438
-0.0388412475585938 0.0189018249511719 0.0842742919921875 0.0324859619140625
-0.0321159362792969 0.0507392883300781 0.365234375 0.058868408203125
-0.0107955932617188 0.0857162475585938 0.45965576171875 0.267242431640625
0.0107498168945313 0.0768203735351563 0.41162109375 0.56982421875
0.0107755661010742 0.00612354278564453 0.14776611328125 0.75738525390625
0.03411865234375 -0.0913772583007813 -0.0925903320312499 0.73883056640625
0.0758209228515625 -0.118301391601563 -0.105743408203125 0.424072265625
0.127296447753906 -0.130744934082031 0.155197143554688 -0.00666809082031251
0.100318908691406 -0.109176635742187 0.26092529296875 -0.475128173828125
0.075958251953125 -0.0924148559570313 0.032958984375 -0.77252197265625
0.035980224609375 -0.0486106872558594 -0.40972900390625 -0.67767333984375
0.000494480133056641 -0.00751447677612305 -0.607177734375 -0.345703125
-0.0241775512695313 0.02581787109375 -0.5640869140625 -0.11907958984375
-0.0407028198242188 0.0149765014648437 -0.35430908203125 0.065643310546875
-0.0197048187255859 -0.00394630432128907 -0.0377044677734375 0.0416221618652344
-0.00901222229003907 0.0190525054931641 0.078887939453125 0.0208282470703125
-0.00823974609375 0.0469131469726563 0.371429443359375 0.0440673828125
-0.000495910644531259 0.0806732177734375 0.46148681640625 0.239013671875
0.00810241699218749 0.0784530639648438 0.406524658203125 0.546844482421875
-0.00247573852539063 0.0175304412841797 0.14532470703125 0.7557373046875
0.0162506103515625 -0.07794189453125 -0.0972900390625001 0.75677490234375
0.0600357055664062 -0.104545593261719 -0.11395263671875 0.45220947265625
0.114227294921875 -0.118721008300781 0.14666748046875 0.023040771484375
0.0867843627929688 -0.0966873168945313 0.268402099609375 -0.448394775390625
0.0604019165039063 -0.0822906494140625 0.044189453125 -0.75982666015625
0.0236778259277344 -0.0435981750488281 -0.40362548828125 -0.679443359375
-0.00113677978515625 -0.0106668472290039 -0.61566162109375 -0.3582763671875
-0.00966835021972656 0.0188007354736328 -0.57550048828125 -0.134521484375
-0.0171823501586914 0.0152387619018555 -0.362701416015625 0.062164306640625
0.00843667984008789 -0.00377798080444336 -0.047821044921875 0.03558349609375
0.0273933410644531 0.0232601165771484 0.0816879272460938 0.0109481811523438
0.0271148681640625 0.0462646484375 0.382171630859375 0.02716064453125
0.021392822265625 0.0691452026367188 0.46990966796875 0.210113525390625
0.00858306884765625 0.0712432861328125 0.412322998046875 0.518218994140625
-0.0209941864013672 0.0263557434082031 0.1533203125 0.74627685546875
-0.0108184814453125 -0.0607490539550781 -0.0853271484375 0.7659912109375
0.0380172729492188 -0.0812835693359375 -0.113311767578125 0.47259521484375
0.0974960327148438 -0.0970230102539063 0.143524169921875 0.046478271484375
0.0758895874023437 -0.0748214721679688 0.276702880859375 -0.428192138671875
0.0449180603027344 -0.0632438659667969 0.0651855468749999 -0.75164794921875
0.0096435546875 -0.0300502777099609 -0.38397216796875 -0.6883544921875
-0.00704860687255859 -0.00952339172363281 -0.611572265625 -0.37554931640625
0.00149822235107422 0.0124053955078125 -0.57830810546875 -0.14971923828125
0.00861740112304688 0.0118560791015625 -0.36578369140625 0.05426025390625
0.041778564453125 -0.00397109985351563 -0.0479927062988281 0.0320358276367188
0.0655784606933594 0.0308494567871094 0.0928497314453125 0.002777099609375
0.0656547546386719 0.0462684631347656 0.39068603515625 0.013763427734375
0.0477142333984375 0.0534133911132813 0.478485107421875 0.188018798828125
0.0112800598144531 0.0594329833984375 0.426239013671875 0.494110107421875
-0.0407142639160156 0.0300216674804688 0.17333984375 0.73876953125
-0.0391616821289062 -0.0425949096679688 -0.0634155273437501 0.7669677734375
0.0123405456542969 -0.0535850524902344 -0.10552978515625 0.485260009765625
0.080322265625 -0.0692367553710938 0.144882202148438 0.0588836669921875
0.0629615783691406 -0.0484123229980469 0.293060302734375 -0.416961669921875
0.0287322998046875 -0.0410881042480469 0.08990478515625 -0.75341796875
-0.00544071197509765 -0.0121402740478516 -0.3609619140625 -0.70562744140625
-0.0152606964111328 -0.00583839416503906 -0.60406494140625 -0.397216796875
0.00896072387695312 0.00553321838378906 -0.57342529296875 -0.1676025390625
0.0317459106445313 0.00691032409667969 -0.361083984375 0.047821044921875
0.077178955078125 -0.00362396240234375 -0.0394439697265625 0.0297622680664063
0.0970077514648438 0.0335845947265625 0.110160827636719 -0.0040435791015625
0.097991943359375 0.0411834716796875 0.394134521484375 0.002166748046875
0.0671043395996094 0.0352706909179688 0.4803466796875 0.17803955078125
0.00923919677734375 0.0442695617675781 0.44189453125 0.4805908203125
-0.0588226318359375 0.0342216491699219 0.20166015625 0.72747802734375
-0.065277099609375 -0.0233802795410156 -0.03497314453125 0.7584228515625
-0.00766181945800781 -0.0246906280517578 -0.090850830078125 0.4818115234375
0.0657539367675781 -0.0394325256347656 0.150436401367187 0.058319091796875
0.0504112243652344 -0.0213127136230469 0.306396484375 -0.416778564453125
0.0123138427734375 -0.0192222595214844 0.1153564453125 -0.75946044921875
-0.0190067291259766 0.00470924377441406 -0.33392333984375 -0.71923828125
-0.0239143371582031 -0.00270462036132812 -0.5880126953125 -0.41680908203125
0.0134096145629883 -0.00300312042236328 -0.55865478515625 -0.182647705078125
0.0530128479003906 0.000568389892578125 -0.347930908203125 0.039154052734375
0.108016967773437 -0.00025177001953125 -0.0245018005371094 0.0305805206298828
0.117561340332031 0.0327911376953125 0.130950927734375 -0.00849151611328125
0.113265991210937 0.032745361328125 0.396636962890625 -0.002044677734375
0.0721282958984375 0.0204544067382813 0.48681640625 0.179595947265625
0.00289535522460938 0.0360336303710938 0.463134765625 0.47576904296875
-0.0761947631835938 0.0409088134765625 0.233154296875 0.7205810546875
-0.0817947387695313 -0.00410461425781251 -0.00122070312499996 0.74224853515625
-0.0202293395996094 0.00021553039550781 -0.071807861328125 0.466583251953125
0.0560035705566406 -0.0147323608398438 0.161026000976563 0.0427398681640625
0.0408363342285156 0.001922607421875 0.319854736328125 -0.43011474609375
-0.000908195972442627 -0.000502526760101318 0.13494873046875 -0.7740478515625
-0.0335102081298828 0.0174942016601562 -0.31158447265625 -0.7381591796875
-0.03338623046875 -0.00316238403320313 -0.57000732421875 -0.43341064453125
0.016322135925293 -0.0111417770385742 -0.54534912109375 -0.19317626953125
0.0692977905273437 -0.0048828125 -0.331329345703125 0.032989501953125
0.131874084472656 0.00545501708984375 -0.0046710968017578 0.0333309173583984
0.124267578125 0.0288619995117187 0.150726318359375 -0.0100860595703125
0.112174987792969 0.0235214233398438 0.3985595703125 -0.001068115234375
0.0643501281738281 0.0127792358398438 0.49676513671875 0.19073486328125
-0.0077667236328125 0.0345363616943359 0.487884521484375 0.47711181640625
-0.0846328735351563 0.048065185546875 0.26123046875 0.70941162109375
-0.086395263671875 0.00903320312499998 0.0244140625 0.71832275390625
-0.0226192474365234 0.0176429748535156 -0.05279541015625 0.43975830078125
0.0529823303222656 0.00294876098632812 0.172210693359375 0.017364501953125
0.0338706970214844 0.0178394317626953 0.330810546875 -0.45318603515625
-0.00893592834472656 0.010401725769043 0.152587890625 -0.792724609375
-0.0430564880371094 0.0200920104980469 -0.29095458984375 -0.75360107421875
-0.0399246215820312 -0.00874710083007811 -0.552581787109375 -0.444366455078125
0.0198841094970703 -0.0208244323730469 -0.52545166015625 -0.19549560546875
0.0819320678710938 -0.00823974609375 -0.31231689453125 0.0328063964843749
0.145004272460938 0.014739990234375 0.0174293518066406 0.041748046875
-0.0563125610351563 0.0243453979492187 0.0983123779296875 0.0416717529296875
-0.0431022644042969 0.0566558837890625 0.373779296875 0.06512451171875
-0.0108566284179688 0.0836257934570313 0.4794921875 0.276275634765625
0.0181732177734375 0.0668792724609375 0.44720458984375 0.5751953125
0.0169897079467773 -0.00670528411865234 0.18341064453125 0.74359130859375
0.0392227172851563 -0.0995025634765625 -0.0654296875 0.71795654296875
0.079345703125 -0.121932983398438 -0.087921142578125 0.398101806640625
0.130203247070313 -0.134483337402344 0.162765502929688 -0.04388427734375
0.108795166015625 -0.114227294921875 0.25018310546875 -0.51153564453125
0.086090087890625 -0.0965728759765625 0.0179443359375 -0.79107666015625
0.0433883666992188 -0.0482749938964844 -0.41571044921875 -0.67193603515625
-0.00205111503601074 0.000649571418762207 -0.59698486328125 -0.32733154296875
-0.0423126220703125 0.0300941467285156 -0.550872802734375 -0.0982055664062499
-0.0595550537109375 0.0111618041992187 -0.3392333984375 0.0780334472656251
-0.0366744995117188 -0.00228118896484376 -0.0211257934570313 0.051116943359375
-0.0378952026367188 0.0201339721679687 0.08428955078125 0.0301437377929687
-0.0324668884277344 0.0515098571777344 0.36541748046875 0.05108642578125
-0.0104904174804687 0.0855484008789062 0.464385986328125 0.2579345703125
0.0122451782226562 0.0765380859375 0.42327880859375 0.56396484375
0.0108194351196289 0.00618553161621094 0.16241455078125 0.7535400390625
0.0323104858398438 -0.0924148559570313 -0.0807495117187501 0.73968505859375
0.0733642578125 -0.118865966796875 -0.098785400390625 0.425079345703125
0.123321533203125 -0.133399963378906 0.153945922851563 -0.0105743408203125
0.098480224609375 -0.111366271972656 0.2520751953125 -0.480560302734375
0.07379150390625 -0.0941238403320313 0.01690673828125 -0.77227783203125
0.0348854064941406 -0.0506629943847656 -0.42254638671875 -0.670166015625
0.000565528869628906 -0.00677967071533203 -0.6153564453125 -0.3343505859375
-0.024505615234375 0.0262928009033203 -0.56683349609375 -0.1083984375
-0.0404701232910156 0.0166473388671875 -0.352386474609375 0.07122802734375
-0.0195083618164063 -0.00395393371582031 -0.0376472473144531 0.0417823791503906
-0.008331298828125 0.018646240234375 0.0771484375 0.0200347900390625
-0.0072784423828125 0.0464935302734375 0.370269775390625 0.038299560546875
0.000869750976562497 0.0802154541015625 0.467010498046875 0.230010986328125
0.00969696044921876 0.0777664184570313 0.419677734375 0.5404052734375
-0.00129413604736328 0.0172138214111328 0.16082763671875 0.75360107421875
0.014923095703125 -0.0786056518554688 -0.0827026367187499 0.75823974609375
0.0568618774414062 -0.104583740234375 -0.108154296875 0.454742431640625
0.11029052734375 -0.121261596679688 0.146133422851563 0.020599365234375
0.0861282348632812 -0.098052978515625 0.25848388671875 -0.4532470703125
0.0586624145507812 -0.083770751953125 0.0308837890625 -0.76165771484375
0.0235748291015625 -0.0443305969238281 -0.41552734375 -0.67315673828125
-0.00132179260253906 -0.0107250213623047 -0.62152099609375 -0.34539794921875
-0.00917243957519531 0.0200138092041016 -0.57763671875 -0.1246337890625
-0.0166807174682617 0.0148191452026367 -0.362213134765625 0.067352294921875
0.00775432586669922 -0.00475120544433594 -0.0480003356933594 0.0359840393066406
0.028411865234375 0.0226707458496094 0.080291748046875 0.00988006591796875
0.0274772644042969 0.0449485778808594 0.380828857421875 0.02166748046875
0.0222053527832031 0.0679473876953125 0.4761962890625 0.203125
0.00996398925781251 0.0707778930664063 0.4246826171875 0.511077880859375
-0.0193080902099609 0.0260257720947266 0.16778564453125 0.74530029296875
-0.0108184814453125 -0.0601692199707031 -0.0706787109374999 0.76708984375
0.0350189208984375 -0.082427978515625 -0.104949951171875 0.4744873046875
0.0943527221679688 -0.0981216430664063 0.142318725585938 0.0432891845703125
0.0735092163085938 -0.076171875 0.27008056640625 -0.431640625
0.0423965454101563 -0.0653343200683594 0.04986572265625 -0.7523193359375
0.00960731506347656 -0.0295848846435547 -0.39794921875 -0.68194580078125
-0.00678348541259766 -0.00932407379150391 -0.6202392578125 -0.363037109375
0.00184059143066406 0.0134763717651367 -0.57977294921875 -0.14019775390625
0.00770854949951172 0.0117349624633789 -0.36468505859375 0.06072998046875
0.0425224304199219 -0.00557708740234375 -0.0478019714355469 0.0321273803710937
0.0661659240722656 0.0284881591796875 0.0918960571289063 0.000679016113281252
0.0657844543457031 0.0446128845214844 0.39013671875 0.00775146484375
0.047607421875 0.0516548156738281 0.482208251953125 0.17999267578125
0.0123329162597656 0.0573348999023437 0.436798095703125 0.486541748046875
-0.0396842956542969 0.0309028625488281 0.1888427734375 0.7340087890625
-0.0403900146484375 -0.0419464111328125 -0.0494995117187501 0.76824951171875
0.0108451843261719 -0.0540351867675781 -0.097564697265625 0.485198974609375
0.0785064697265625 -0.0705947875976563 0.144027709960938 0.054931640625
0.0606689453125 -0.0492820739746094 0.283721923828125 -0.421417236328125
0.0275726318359375 -0.0418357849121094 0.0750122070312501 -0.75384521484375
-0.00489234924316406 -0.0118608474731445 -0.37432861328125 -0.69732666015625
-0.0155172348022461 -0.00569915771484375 -0.61102294921875 -0.38653564453125
0.00928306579589844 0.00518226623535156 -0.5762939453125 -0.15679931640625
0.0317516326904297 0.0072021484375 -0.359161376953125 0.053558349609375
0.0768661499023438 -0.00463104248046875 -0.0385208129882812 0.0306930541992187
0.0991134643554687 0.0318222045898437 0.109001159667969 -0.00583648681640625
0.0973968505859375 0.0393905639648437 0.39361572265625 -0.00445556640625
0.0667572021484375 0.0343780517578125 0.485870361328125 0.170257568359375
0.0112838745117188 0.0448226928710938 0.452728271484375 0.472747802734375
-0.0596237182617188 0.0350112915039063 0.21514892578125 0.7236328125
-0.0651931762695313 -0.0218734741210938 -0.0203857421875 0.75897216796875
-0.00961685180664062 -0.0243797302246094 -0.08294677734375 0.48223876953125
0.0640525817871094 -0.0424690246582031 0.149917602539063 0.0550994873046875
0.050262451171875 -0.0222969055175781 0.297576904296875 -0.421844482421875
0.0122127532958984 -0.0195255279541016 0.0992431640625001 -0.760986328125
-0.0193233489990234 0.00483322143554687 -0.34844970703125 -0.7135009765625
-0.0234966278076172 -0.00178337097167969 -0.596435546875 -0.40570068359375
0.0135383605957031 -0.00333786010742188 -0.56353759765625 -0.1715087890625
0.0525016784667969 0.000499725341796875 -0.346954345703125 0.04473876953125
0.107681274414063 -0.003692626953125 -0.0240402221679687 0.0307846069335938
0.118270874023437 0.0301666259765625 0.129768371582031 -0.010345458984375
0.1136474609375 0.0310211181640625 0.396331787109375 -0.009674072265625
0.0726242065429688 0.02008056640625 0.490325927734375 0.1715087890625
0.0040130615234375 0.0347576141357422 0.4732666015625 0.4674072265625
-0.0754852294921875 0.0422210693359375 0.2484130859375 0.71502685546875
-0.081390380859375 -0.00267028808593749 0.0117797851562499 0.74224853515625
-0.0198612213134766 -0.000150680541992189 -0.065765380859375 0.467193603515625
0.0545463562011719 -0.0161705017089844 0.160369873046875 0.038177490234375
0.0400619506835938 0.000553131103515625 0.30999755859375 -0.43695068359375
-0.000866770744323731 -0.00144028663635254 0.1192626953125 -0.77618408203125
-0.0327510833740234 0.0178356170654297 -0.3253173828125 -0.73260498046875
-0.0336208343505859 -0.00254249572753906 -0.5787353515625 -0.4232177734375
0.0174312591552734 -0.0109691619873047 -0.5491943359375 -0.1827392578125
0.0692176818847656 -0.00611114501953125 -0.330810546875 0.038543701171875
0.132850646972656 0.0021820068359375 -0.00418853759765624 0.0336189270019531
0.124305725097656 0.0269317626953125 0.1484375 -0.0117645263671875
0.113121032714844 0.0224151611328125 0.398040771484375 -0.008575439453125
0.064422607421875 0.0118904113769531 0.5013427734375 0.181793212890625
-0.00635528564453125 0.0334854125976563 0.498565673828125 0.469451904296875
-0.0841903686523438 0.0499267578125 0.2760009765625 0.70526123046875
-0.0863037109375 0.01031494140625 0.0380859375 0.71588134765625
-0.0224418640136719 0.0173530578613281 -0.04595947265625 0.439849853515625
0.0514373779296875 0.00244140625 0.170928955078125 0.013427734375
0.0340366363525391 0.0168075561523438 0.321014404296875 -0.458282470703125
-0.00998497009277344 0.00907421112060547 0.13629150390625 -0.7958984375
-0.0435829162597656 0.0201377868652344 -0.30584716796875 -0.746337890625
-0.0404624938964844 -0.00888824462890626 -0.559814453125 -0.433685302734375
0.0200653076171875 -0.0212192535400391 -0.530029296875 -0.184967041015625
0.081634521484375 -0.0096893310546875 -0.310699462890625 0.0384216308593751
0.144760131835938 0.01177978515625 0.0185203552246094 0.0422096252441406
-0.054595947265625 0.0249710083007812 0.100502014160156 0.0405654907226563
-0.0416107177734375 0.0558891296386719 0.373016357421875 0.058258056640625
-0.01007080078125 0.0837020874023438 0.484100341796875 0.267913818359375
0.0197715759277344 0.0663414001464844 0.45880126953125 0.56561279296875
0.0171365737915039 -0.00726985931396484 0.19671630859375 0.7384033203125
0.0367050170898438 -0.100730895996094 -0.05419921875 0.71759033203125
0.0780105590820312 -0.12274169921875 -0.08148193359375 0.398101806640625
0.127296447753906 -0.136962890625 0.159332275390625 -0.0467681884765625
0.105720520019531 -0.115913391113281 0.24090576171875 -0.5146484375
0.0838699340820313 -0.097686767578125 0.00311279296874999 -0.78912353515625
0.0422706604003906 -0.049407958984375 -0.4271240234375 -0.66387939453125
-0.0019453763961792 0.00113999843597412 -0.60272216796875 -0.31463623046875
-0.041412353515625 0.0314979553222656 -0.551513671875 -0.0865478515624999
-0.0586471557617188 0.0131034851074219 -0.336456298828125 0.0818481445312499
-0.0363807678222656 -0.0016937255859375 -0.0202178955078125 0.051239013671875
-0.0366897583007813 0.0192527770996094 0.0844039916992188 0.0294647216796875
-0.0322837829589844 0.0516090393066406 0.36383056640625 0.04644775390625
-0.00887298583984374 0.085784912109375 0.4700927734375 0.249786376953125
0.0147171020507813 0.0753860473632813 0.4334716796875 0.556549072265625
0.0115909576416016 0.00519657135009766 0.1759033203125 0.750732421875
0.0313873291015625 -0.0925369262695313 -0.0667724609375 0.73968505859375
0.0711212158203125 -0.119743347167969 -0.093170166015625 0.42657470703125
0.120658874511719 -0.134979248046875 0.15240478515625 -0.0141448974609375
0.09564208984375 -0.112770080566406 0.242218017578125 -0.48223876953125
0.0723419189453125 -0.0963134765625 0.00457763671874996 -0.77093505859375
0.0349617004394531 -0.0515632629394531 -0.43450927734375 -0.6619873046875
0.00036144256591797 -0.00722074508666992 -0.61932373046875 -0.32244873046875
-0.0254783630371094 0.0283527374267578 -0.56915283203125 -0.0993041992187501
-0.0414314270019531 0.0167961120605469 -0.34967041015625 0.078216552734375
-0.0194454193115234 -0.00313568115234375 -0.0371131896972656 0.0417098999023437
-0.00731658935546875 0.0194892883300781 0.076507568359375 0.0190048217773438
-0.00658798217773438 0.0463142395019531 0.369293212890625 0.029754638671875
0.00139617919921874 0.080169677734375 0.471527099609375 0.220672607421875
0.0108795166015625 0.0774002075195313 0.427642822265625 0.53369140625
-0.00195884704589844 0.0171785354614258 0.1727294921875 0.74749755859375
0.0133590698242188 -0.0774917602539062 -0.06756591796875 0.75689697265625
0.0552215576171875 -0.106529235839844 -0.0986328125 0.455657958984375
0.107337951660156 -0.122787475585938 0.143646240234375 0.0165252685546875
0.0837936401367188 -0.099945068359375 0.24920654296875 -0.456756591796875
0.05670166015625 -0.0849838256835938 0.0158691406249999 -0.758544921875
0.0217056274414062 -0.0446052551269531 -0.427734375 -0.663330078125
-0.00197505950927734 -0.00988960266113281 -0.62750244140625 -0.334716796875
-0.0105495452880859 0.0212593078613281 -0.57855224609375 -0.11419677734375
-0.0166435241699219 0.0167465209960938 -0.360595703125 0.072662353515625
0.0085291862487793 -0.00378561019897461 -0.046844482421875 0.0365943908691406
0.0288753509521484 0.0223789215087891 0.078857421875 0.00838470458984375
0.0276260375976563 0.0447235107421875 0.37872314453125 0.01513671875
0.0239601135253906 0.0677528381347656 0.47998046875 0.192657470703125
0.0123519897460937 0.0704803466796875 0.43212890625 0.50238037109375
-0.0191440582275391 0.0263786315917969 0.1824951171875 0.73931884765625
-0.0110244750976563 -0.0605354309082031 -0.0578002929687499 0.76605224609375
0.0335922241210937 -0.0815963745117188 -0.099029541015625 0.475189208984375
0.0909881591796875 -0.100807189941406 0.142379760742188 0.0399322509765625
0.07257080078125 -0.0789413452148438 0.260284423828125 -0.43658447265625
0.0417289733886719 -0.0654182434082031 0.0353393554687499 -0.75164794921875
0.00896453857421875 -0.0305385589599609 -0.40911865234375 -0.6727294921875
-0.00723552703857422 -0.00922584533691406 -0.62646484375 -0.3515625
0.00107192993164063 0.0128355026245117 -0.5816650390625 -0.12896728515625
0.00775337219238281 0.0128536224365234 -0.36248779296875 0.0673828125
0.0421943664550781 -0.0049896240234375 -0.0467796325683594 0.0332260131835937
0.0670280456542969 0.0277671813964844 0.090667724609375 0.000518798828125002
0.0656204223632813 0.0429153442382813 0.38800048828125 0.000183105468750003
0.0490837097167969 0.0504188537597656 0.486602783203125 0.171417236328125
0.0140304565429687 0.057464599609375 0.447113037109375 0.481048583984375
-0.0391769409179687 0.0302581787109375 0.20159912109375 0.73028564453125
-0.0400009155273438 -0.040496826171875 -0.0353393554687499 0.7672119140625
0.0103988647460937 -0.0531578063964844 -0.090484619140625 0.48583984375
0.075531005859375 -0.0721664428710938 0.143096923828125 0.0523681640625
0.0601806640625 -0.0511665344238281 0.274566650390625 -0.425506591796875
0.0262680053710938 -0.0432243347167969 0.06121826171875 -0.75347900390625
-0.00587558746337891 -0.0122852325439453 -0.38665771484375 -0.68963623046875
-0.0152177810668945 -0.00600528717041016 -0.6177978515625 -0.37384033203125
0.00854063034057617 0.00614500045776367 -0.5792236328125 -0.14654541015625
0.0308361053466797 0.00697708129882812 -0.357635498046875 0.0587158203125
0.077880859375 -0.005767822265625 -0.0376853942871094 0.0306434631347656
0.0986251831054687 0.030029296875 0.107780456542969 -0.0074920654296875
0.0977783203125 0.0375595092773438 0.39111328125 -0.00970458984375
0.0679893493652344 0.0328636169433594 0.490264892578125 0.161895751953125
0.01226806640625 0.0436134338378906 0.4627685546875 0.463226318359375
-0.0591316223144531 0.0368614196777344 0.22918701171875 0.7197265625
-0.0657615661621094 -0.020782470703125 -0.00524902343749994 0.75732421875
-0.00910758972167969 -0.0235004425048828 -0.075042724609375 0.4825439453125
0.0627632141113281 -0.0420265197753906 0.149368286132813 0.0503387451171875
0.0495414733886719 -0.0233345031738281 0.2882080078125 -0.4276123046875
0.0117073059082031 -0.0200309753417969 0.0844726562499999 -0.760986328125
-0.0201168060302734 0.00506019592285157 -0.36083984375 -0.70599365234375
-0.0239982604980469 -0.00027275085449219 -0.60205078125 -0.3941650390625
0.0130739212036133 -0.00216865539550781 -0.56610107421875 -0.1612548828125
0.0521736145019531 -0.0013580322265625 -0.345123291015625 0.0499877929687501
0.109001159667969 -0.00420379638671875 -0.0237216949462891 0.0319843292236328
0.117904663085938 0.0287628173828125 0.126815795898438 -0.0127182006835937
0.114204406738281 0.029022216796875 0.393524169921875 -0.0145263671875
0.0736923217773437 0.01788330078125 0.49237060546875 0.163330078125
0.00454139709472657 0.0349044799804688 0.48297119140625 0.460357666015625
-0.0743637084960938 0.0433120727539062 0.2611083984375 0.7108154296875
-0.081695556640625 -0.00174713134765624 0.02593994140625 0.73876953125
-0.0202541351318359 0.000518798828125004 -0.0565185546875 0.4674072265625
0.0527458190917969 -0.0169868469238281 0.159408569335938 0.035980224609375
0.0405044555664063 -0.00104904174804688 0.30181884765625 -0.440460205078125
-0.00153136253356934 -0.00167346000671387 0.105224609375 -0.7767333984375
-0.0323276519775391 0.0169048309326172 -0.33795166015625 -0.7259521484375
-0.0329761505126953 -0.000692367553710941 -0.5849609375 -0.412109375
0.0159406661987305 -0.0108709335327148 -0.550689697265625 -0.17352294921875
0.0684776306152344 -0.0067901611328125 -0.329315185546875 0.044830322265625
0.13177490234375 -0.00080108642578125 -0.00379943847656249 0.0341548919677734
0.124488830566406 0.0253219604492188 0.145721435546875 -0.0150299072265625
0.113235473632812 0.01959228515625 0.396026611328125 -0.0142822265625
0.0655517578125 0.0101699829101563 0.504241943359375 0.173492431640625
-0.006561279296875 0.0341453552246094 0.50799560546875 0.460784912109375
-0.0826339721679687 0.0503387451171875 0.2886962890625 0.69854736328125
-0.0868911743164063 0.0130767822265625 0.0504150390625 0.714599609375
-0.0225677490234375 0.0177993774414062 -0.040191650390625 0.4400634765625
0.0505867004394531 0.0006866455078125 0.171127319335938 0.009674072265625
0.0334644317626953 0.0150909423828125 0.311431884765625 -0.4625244140625
-0.00973892211914063 0.00947761535644531 0.12103271484375 -0.794677734375
-0.0430870056152344 0.0214729309082031 -0.31982421875 -0.74017333984375
-0.0400466918945313 -0.00696563720703125 -0.56756591796875 -0.423095703125
0.0188636779785156 -0.0208740234375 -0.532012939453125 -0.1768798828125
0.0810089111328125 -0.0100631713867188 -0.30877685546875 0.042572021484375
0.145843505859375 0.0084991455078125 0.0184516906738281 0.0418815612792969
-0.0539779663085938 0.0261573791503906 0.09991455078125 0.0384674072265625
-0.0410041809082031 0.0567893981933594 0.37115478515625 0.052520751953125
-0.00844573974609374 0.0831985473632813 0.48590087890625 0.25738525390625
0.0195693969726563 0.0662879943847656 0.469146728515625 0.557037353515625
0.0179519653320313 -0.00806427001953125 0.20880126953125 0.7330322265625
0.0360565185546875 -0.100532531738281 -0.04034423828125 0.71636962890625
0.0764846801757813 -0.123527526855469 -0.076080322265625 0.39910888671875
0.123519897460937 -0.137840270996094 0.157470703125 -0.0499725341796875
0.1038818359375 -0.117538452148438 0.2305908203125 -0.515594482421875
0.0814437866210938 -0.0986404418945313 -0.0102539062500001 -0.78564453125
0.04156494140625 -0.0501823425292969 -0.43756103515625 -0.6552734375
-0.00195634365081787 0.000558853149414062 -0.60455322265625 -0.30426025390625
-0.0423507690429687 0.033172607421875 -0.55133056640625 -0.0781860351562499
-0.0599212646484375 0.0141525268554687 -0.334014892578125 0.088592529296875
-0.0355186462402344 -0.000751495361328118 -0.0197677612304688 0.0520210266113281
-0.0349044799804687 0.0207538604736328 0.0840988159179688 0.0286178588867187
-0.0316276550292969 0.0515365600585938 0.363189697265625 0.04156494140625
-0.0088958740234375 0.0843124389648438 0.47344970703125 0.24102783203125
0.0156402587890625 0.0755233764648438 0.443511962890625 0.549530029296875
0.0115222930908203 0.00442981719970703 0.189208984375 0.74420166015625
0.0297012329101563 -0.0927810668945313 -0.0541992187500001 0.73712158203125
0.069366455078125 -0.121253967285156 -0.087646484375 0.426605224609375
0.1175537109375 -0.136581420898438 0.1492919921875 -0.01666259765625
0.0925827026367187 -0.114265441894531 0.2322998046875 -0.485748291015625
0.0705795288085938 -0.0976181030273438 -0.00958251953125005 -0.76971435546875
0.0336494445800781 -0.0518569946289063 -0.44573974609375 -0.6510009765625
0.00146675109863281 -0.00619268417358398 -0.62249755859375 -0.31207275390625
-0.0255985260009766 0.0298137664794922 -0.568115234375 -0.08978271484375
-0.0415382385253906 0.0182533264160156 -0.348175048828125 0.08380126953125
-0.0188140869140625 -0.00318717956542969 -0.0379905700683594 0.0422096252441406
-0.00717353820800781 0.0196380615234375 0.0769729614257813 0.01953125
-0.0066986083984375 0.0462799072265625 0.368255615234375 0.02630615234375
0.0023956298828125 0.078643798828125 0.474273681640625 0.21240234375
0.011993408203125 0.0770721435546875 0.43798828125 0.52520751953125
-0.000895500183105468 0.0169258117675781 0.1866455078125 0.7431640625
0.0129928588867188 -0.0789108276367188 -0.05352783203125 0.7550048828125
0.0535812377929688 -0.105964660644531 -0.0927734375 0.453369140625
0.104331970214844 -0.124252319335938 0.14263916015625 0.0140533447265625
0.0811920166015625 -0.101814270019531 0.23895263671875 -0.4591064453125
0.0552902221679688 -0.086822509765625 0.00360107421875005 -0.755615234375
0.0217819213867188 -0.0448379516601563 -0.4381103515625 -0.6539306640625
-0.00218582153320313 -0.00937747955322265 -0.63092041015625 -0.3248291015625
-0.0102291107177734 0.0216884613037109 -0.57965087890625 -0.10321044921875
-0.01751708984375 0.0178146362304688 -0.357696533203125 0.079071044921875
0.008575439453125 -0.00374364852905273 -0.0468711853027344 0.0365371704101563
0.0301742553710938 0.0217418670654297 0.0785293579101563 0.007720947265625
0.0277442932128906 0.0449676513671875 0.377288818359375 0.01080322265625
0.0235176086425781 0.0659294128417969 0.481597900390625 0.185943603515625
0.0135459899902344 0.0694847106933594 0.440185546875 0.495452880859375
-0.0182533264160156 0.0267772674560547 0.19305419921875 0.7327880859375
-0.0118331909179688 -0.0602378845214844 -0.0444946289062501 0.76336669921875
0.0319976806640625 -0.0816421508789063 -0.09271240234375 0.474578857421875
0.089019775390625 -0.101646423339844 0.140350341796875 0.0376968383789062
0.0694503784179688 -0.0791015625 0.252777099609375 -0.439208984375
0.0398063659667969 -0.0669822692871094 0.0238647460937501 -0.74945068359375
0.00764083862304687 -0.0310268402099609 -0.4207763671875 -0.66400146484375
-0.00752639770507812 -0.00847911834716797 -0.6285400390625 -0.3392333984375
0.000786781311035156 0.0137720108032227 -0.5810546875 -0.11907958984375
0.00648689270019531 0.0124187469482422 -0.358734130859375 0.0716552734375
0.0425872802734375 -0.0057525634765625 -0.0462875366210938 0.0336875915527344
0.066986083984375 0.0263099670410156 0.0884017944335938 -0.000946044921874998
0.0660667419433594 0.0411491394042969 0.3865966796875 -0.004241943359375
0.0494194030761719 0.0493354797363281 0.4876708984375 0.163482666015625
0.0151863098144531 0.0562744140625 0.45452880859375 0.4715576171875
-0.0379295349121094 0.0312347412109375 0.21435546875 0.724853515625
-0.0404052734375 -0.0400657653808594 -0.0223388671875 0.76470947265625
0.00793838500976563 -0.0536003112792969 -0.083526611328125 0.485565185546875
0.07440185546875 -0.0726394653320313 0.14227294921875 0.0486907958984375
0.0582656860351562 -0.0533676147460937 0.264801025390625 -0.428924560546875
0.02471923828125 -0.044891357421875 0.04840087890625 -0.75177001953125
-0.00548458099365234 -0.0130147933959961 -0.39776611328125 -0.681396484375
-0.0150680541992187 -0.00458240509033203 -0.62359619140625 -0.361083984375
0.00755500793457031 0.00607013702392578 -0.57952880859375 -0.1353759765625
0.0311050415039063 0.00604057312011719 -0.354461669921875 0.0641784667968751
0.0765304565429687 -0.0072784423828125 -0.0380516052246094 0.0309944152832031
0.0987930297851562 0.0277557373046875 0.1064453125 -0.00920867919921875
0.0967788696289063 0.0352096557617188 0.388580322265625 -0.01629638671875
0.0687446594238281 0.030731201171875 0.490203857421875 0.152679443359375
0.0127716064453125 0.0435981750488281 0.469451904296875 0.455352783203125
-0.0587310791015625 0.0364875793457031 0.24053955078125 0.712158203125
-0.0666160583496094 -0.0189285278320312 0.00561523437499999 0.7550048828125
-0.00998497009277344 -0.0235729217529297 -0.06854248046875 0.480712890625
0.0608749389648438 -0.0433311462402344 0.148849487304688 0.0473480224609375
0.048004150390625 -0.0253868103027344 0.280364990234375 -0.429840087890625
0.0107421875 -0.0203971862792969 0.0708618164062499 -0.75799560546875
-0.0188922882080078 0.00486564636230469 -0.372802734375 -0.69744873046875
-0.0244617462158203 -0.00114822387695312 -0.6063232421875 -0.38262939453125
0.0116453170776367 -0.00155925750732422 -0.5665283203125 -0.1527099609375
0.0523605346679688 -0.00131988525390625 -0.342132568359375 0.055419921875
0.107437133789063 -0.00640106201171875 -0.0234794616699219 0.031036376953125
0.118919372558594 0.0264205932617187 0.124847412109375 -0.0138702392578125
0.112594604492188 0.0260543823242187 0.390594482421875 -0.020477294921875
0.0740432739257813 0.0162506103515625 0.49603271484375 0.153839111328125
0.00382804870605469 0.0346717834472656 0.4906005859375 0.451019287109375
-0.0737228393554687 0.0446319580078125 0.27410888671875 0.70379638671875
-0.0814132690429688 -0.000282287597656243 0.03741455078125 0.7357177734375
-0.0209999084472656 0.00195693969726562 -0.050384521484375 0.46539306640625
0.0530662536621094 -0.0176582336425781 0.158065795898438 0.0318450927734375
0.0398941040039063 -0.00165939331054688 0.29248046875 -0.442901611328125
-0.00156402587890625 -0.00132298469543457 0.0911865234375 -0.7762451171875
-0.0327987670898438 0.0174198150634766 -0.34930419921875 -0.71685791015625
-0.032806396484375 -0.000366210937500003 -0.5888671875 -0.40130615234375
0.0145912170410156 -0.0102815628051758 -0.55224609375 -0.1639404296875
0.0680274963378906 -0.00720596313476563 -0.326507568359375 0.0481567382812501
0.131103515625 -0.00197601318359375 -0.00313186645507812 0.0341930389404297
0.125679016113281 0.0215988159179688 0.14373779296875 -0.017852783203125
0.112342834472656 0.0176620483398438 0.392333984375 -0.020538330078125
0.0656814575195313 0.00908279418945313 0.5054931640625 0.166412353515625
-0.00646591186523437 0.0334587097167969 0.515289306640625 0.451385498046875
-0.0814132690429688 0.0519256591796875 0.2999267578125 0.6922607421875
-0.0861968994140625 0.0133743286132813 0.06298828125 0.7113037109375
-0.0224952697753906 0.0183315277099609 -0.032958984375 0.43719482421875
0.0508499145507813 -0.000316619873046875 0.168609619140625 0.006439208984375
0.0327110290527344 0.0138683319091797 0.303131103515625 -0.46697998046875
-0.0100936889648437 0.00941944122314453 0.10662841796875 -0.79327392578125
-0.0431251525878906 0.021026611328125 -0.330810546875 -0.7310791015625
-0.0406646728515625 -0.00548171997070312 -0.5728759765625 -0.41192626953125
0.0173892974853516 -0.0201358795166016 -0.53363037109375 -0.167022705078125
0.080810546875 -0.0118331909179688 -0.308013916015625 0.0462646484374999
0.145278930664063 0.006011962890625 0.01885986328125 0.0410957336425781
-0.0532073974609375 0.027099609375 0.10003662109375 0.0385055541992188
-0.0402374267578125 0.05718994140625 0.369293212890625 0.045806884765625
-0.00780487060546875 0.083251953125 0.48822021484375 0.24853515625
0.0202865600585937 0.0645484924316406 0.476776123046875 0.546844482421875
0.0175991058349609 -0.00785064697265625 0.2188720703125 0.7259521484375
0.034027099609375 -0.100578308105469 -0.02899169921875 0.7105712890625
0.0747528076171875 -0.124038696289063 -0.069854736328125 0.39642333984375
0.11993408203125 -0.139472961425781 0.154403686523438 -0.05194091796875
0.100181579589844 -0.119331359863281 0.222991943359375 -0.51788330078125
0.0793380737304688 -0.0996017456054688 -0.022216796875 -0.7828369140625
0.0410385131835938 -0.0513534545898438 -0.44512939453125 -0.6458740234375
-0.00130772590637207 0.00153672695159912 -0.6070556640625 -0.29571533203125
-0.0426826477050781 0.0342254638671875 -0.550689697265625 -0.0695800781249999
-0.0593757629394531 0.0148429870605469 -0.331268310546875 0.09283447265625
-0.0354537963867188 -0.00102615356445312 -0.0198402404785156 0.0522117614746094
-0.0354881286621094 0.0211944580078125 0.0826187133789063 0.0279922485351562
-0.0293960571289063 0.0506477355957031 0.360504150390625 0.035797119140625
-0.00790405273437499 0.083770751953125 0.474273681640625 0.23345947265625
0.0161895751953125 0.0741119384765625 0.452117919921875 0.5411376953125
0.011993408203125 0.00520896911621094 0.19921875 0.73736572265625
0.0288543701171875 -0.0930404663085938 -0.0419921875 0.73565673828125
0.0668182373046875 -0.120956420898438 -0.080322265625 0.42572021484375
0.114067077636719 -0.137367248535156 0.147781372070313 -0.018798828125
0.0913009643554687 -0.116172790527344 0.225006103515625 -0.485107421875
0.06878662109375 -0.0974349975585938 -0.02008056640625 -0.7640380859375
0.0323638916015625 -0.0529861450195312 -0.4532470703125 -0.640869140625
0.00136041641235351 -0.00575065612792969 -0.62579345703125 -0.30120849609375
-0.0245876312255859 0.0307331085205078 -0.5654296875 -0.0804443359375
-0.0419578552246094 0.0200729370117188 -0.345489501953125 0.087738037109375
-0.0188083648681641 -0.00286483764648438 -0.0356178283691406 0.0423126220703125
-0.0063629150390625 0.0188541412353516 0.0750885009765625 0.0186386108398438
-0.00778579711914062 0.0452117919921875 0.3651123046875 0.020294189453125
0.0030059814453125 0.0777511596679688 0.476531982421875 0.2052001953125
0.013885498046875 0.0765838623046875 0.44488525390625 0.51727294921875
-0.000446319580078123 0.0181140899658203 0.1981201171875 0.73583984375
0.0124969482421875 -0.0786056518554688 -0.0432128906249999 0.7508544921875
0.0516586303710938 -0.106094360351562 -0.086181640625 0.45343017578125
0.101417541503906 -0.126129150390625 0.140716552734375 0.0117950439453125
0.0794830322265625 -0.102897644042969 0.23046875 -0.460418701171875
0.0533218383789063 -0.0873947143554688 -0.00909423828125006 -0.75189208984375
0.0209312438964844 -0.0459938049316406 -0.44769287109375 -0.6451416015625
-0.00133705139160156 -0.00912380218505859 -0.63311767578125 -0.31219482421875
-0.0106449127197266 0.0227241516113281 -0.577880859375 -0.0938720703125
-0.0167789459228516 0.018096923828125 -0.353759765625 0.08477783203125
0.00851678848266602 -0.00468111038208008 -0.0452651977539063 0.0360069274902344
0.0299205780029297 0.0212383270263672 0.07769775390625 0.0076446533203125
0.02789306640625 0.0423660278320313 0.375640869140625 0.005828857421875
0.0247154235839844 0.0645561218261719 0.482177734375 0.178253173828125
0.0134315490722656 0.0693092346191406 0.447784423828125 0.48553466796875
-0.0181312561035156 0.0272464752197266 0.20556640625 0.72760009765625
-0.01263427734375 -0.0596809387207031 -0.033447265625 0.76220703125
0.0303878784179688 -0.08221435546875 -0.086151123046875 0.47491455078125
0.0870285034179688 -0.102294921875 0.137916564941406 0.03466796875
0.0684738159179688 -0.0799942016601563 0.2437744140625 -0.439727783203125
0.0375862121582031 -0.0680809020996094 0.01104736328125 -0.74591064453125
0.00642585754394532 -0.03118896484375 -0.4295654296875 -0.6534423828125
-0.00727987289428711 -0.00753593444824219 -0.63238525390625 -0.32916259765625
0.000751495361328124 0.0140714645385742 -0.58123779296875 -0.10809326171875
0.00814247131347656 0.0142345428466797 -0.356170654296875 0.077606201171875
0.0418052673339844 -0.00634765625 -0.0460090637207031 0.0332298278808594
0.0674476623535156 0.024627685546875 0.0884246826171875 -0.001708984375
0.0656509399414063 0.0396270751953125 0.38287353515625 -0.009246826171875
0.0505256652832031 0.0479011535644531 0.489501953125 0.156280517578125
0.0157203674316406 0.0555992126464844 0.460418701171875 0.46453857421875
-0.0380325317382813 0.031402587890625 0.22589111328125 0.71990966796875
-0.0413322448730469 -0.0392494201660156 -0.01220703125 0.7607421875
0.00899505615234375 -0.0528297424316406 -0.0762329101562499 0.4840087890625
0.0716094970703125 -0.073760986328125 0.142379760742188 0.04638671875
0.0568199157714844 -0.0527458190917969 0.258056640625 -0.4290771484375
0.0226516723632812 -0.0444259643554688 0.0350952148437501 -0.74810791015625
-0.00576400756835937 -0.0126667022705078 -0.408447265625 -0.67095947265625
-0.013789176940918 -0.00357913970947266 -0.62457275390625 -0.3514404296875
0.00731277465820313 0.00712490081787109 -0.57830810546875 -0.12750244140625
0.0308399200439453 0.00652503967285156 -0.35247802734375 0.0695800781249999
0.0765151977539063 -0.008514404296875 -0.0380897521972656 0.0317420959472656
0.0984268188476563 0.026214599609375 0.104530334472656 -0.0094146728515625
0.0966339111328125 0.0340652465820313 0.386810302734375 -0.02105712890625
0.068115234375 0.0291595458984375 0.491455078125 0.1439208984375
0.0132026672363281 0.0423698425292969 0.47564697265625 0.44720458984375
-0.0573883056640625 0.0373306274414062 0.25146484375 0.70654296875
-0.0662727355957031 -0.0181808471679687 0.01617431640625 0.74945068359375
-0.0101852416992188 -0.0227947235107422 -0.0626220703125 0.4810791015625
0.0593376159667969 -0.0439491271972656 0.1470947265625 0.043853759765625
0.0476493835449219 -0.0263481140136719 0.272003173828125 -0.430084228515625
0.00951385498046875 -0.0206890106201172 0.057861328125 -0.757568359375
-0.018707275390625 0.00481224060058593 -0.38250732421875 -0.68804931640625
-0.0239086151123047 0.000339508056640622 -0.6104736328125 -0.3724365234375
0.0116510391235352 -0.00170326232910156 -0.56561279296875 -0.14276123046875
0.0501708984375 -0.00107192993164063 -0.339935302734375 0.0603027343749999
0.108688354492188 -0.00756072998046875 -0.0223789215087891 0.0309066772460938
0.118919372558594 0.0237274169921875 0.123619079589844 -0.0153884887695313
0.113273620605469 0.024200439453125 0.38885498046875 -0.02593994140625
0.0734786987304688 0.0144500732421875 0.496246337890625 0.146820068359375
0.00543212890625 0.0338268280029297 0.496368408203125 0.4415283203125
-0.0720672607421875 0.0445785522460938 0.2822265625 0.6966552734375
-0.0807647705078125 0.000991821289062517 0.0489501953125 0.73211669921875
-0.0213356018066406 0.0025787353515625 -0.044342041015625 0.463592529296875
0.0516624450683594 -0.0189743041992188 0.155670166015625 0.028961181640625
0.0394363403320313 -0.00188827514648438 0.283843994140625 -0.44635009765625
-0.00112330913543701 -0.00159001350402832 0.07781982421875 -0.771728515625
-0.0314159393310547 0.0177574157714844 -0.361328125 -0.70684814453125
-0.0328483581542969 0.000568389892578122 -0.59417724609375 -0.3895263671875
0.014674186706543 -0.0102310180664063 -0.551666259765625 -0.15362548828125
0.0670814514160156 -0.00761795043945312 -0.32354736328125 0.052947998046875
0.13128662109375 -0.0037078857421875 -0.00346374511718749 0.0320224761962891
0.124526977539063 0.02032470703125 0.1416015625 -0.0187225341796875
0.111366271972656 0.0161056518554687 0.389801025390625 -0.024993896484375
0.0648231506347656 0.006805419921875 0.507965087890625 0.15594482421875
-0.00538444519042969 0.0332126617431641 0.52178955078125 0.44342041015625
-0.0810546875 0.0522918701171875 0.310546875 0.68499755859375
-0.0859756469726563 0.0153121948242188 0.0727539062499999 0.704833984375
-0.0219554901123047 0.0189933776855469 -0.02850341796875 0.43817138671875
0.0496482849121094 -0.0017852783203125 0.165313720703125 0.0030364990234375
0.0333671569824219 0.0137767791748047 0.29302978515625 -0.4697265625
-0.0106525421142578 0.00911808013916015 0.094970703125 -0.79083251953125
-0.0418739318847656 0.0209732055664063 -0.34173583984375 -0.7237548828125
-0.0393142700195313 -0.00532531738281249 -0.5762939453125 -0.40167236328125
0.0172977447509766 -0.0195941925048828 -0.533172607421875 -0.1580810546875
0.080108642578125 -0.0114593505859375 -0.3052978515625 0.05133056640625
0.144546508789062 0.0051116943359375 0.0183982849121094 0.0400199890136719
-0.0515213012695313 0.0276069641113281 0.0989456176757813 0.0377273559570313
-0.0400657653808594 0.0558700561523438 0.366302490234375 0.041717529296875
-0.00626373291015624 0.0815582275390625 0.490203857421875 0.241119384765625
0.0225143432617188 0.0642433166503906 0.482421875 0.53790283203125
0.0180511474609375 -0.00901603698730469 0.22930908203125 0.7181396484375
0.0335617065429688 -0.100135803222656 -0.01800537109375 0.70709228515625
0.0716552734375 -0.123664855957031 -0.066131591796875 0.39691162109375
0.11798095703125 -0.140159606933594 0.15142822265625 -0.053466796875
0.0975265502929688 -0.119911193847656 0.2135009765625 -0.517669677734375
0.0777053833007813 -0.10125732421875 -0.0328979492187499 -0.77789306640625
0.0406646728515625 -0.0521278381347656 -0.453369140625 -0.6357421875
-0.000790953636169433 0.00161635875701904 -0.60736083984375 -0.2840576171875
-0.0421943664550781 0.0354766845703125 -0.5478515625 -0.061981201171875
-0.059814453125 0.0172576904296875 -0.327880859375 0.09661865234375
-0.0346965789794922 -0.000791549682617183 -0.0181198120117188 0.05133056640625
-0.0342864990234375 0.021881103515625 0.0822601318359375 0.0286941528320313
-0.0307083129882813 0.0504722595214844 0.358428955078125 0.03131103515625
-0.00630950927734375 0.083099365234375 0.477569580078125 0.225433349609375
0.017669677734375 0.0735855102539063 0.45623779296875 0.531280517578125
0.0125360488891602 0.00511455535888672 0.21075439453125 0.73150634765625
0.0275039672851563 -0.0927658081054688 -0.0338745117187501 0.7298583984375
0.0648651123046875 -0.121826171875 -0.07659912109375 0.424102783203125
0.111045837402344 -0.137802124023438 0.144073486328125 -0.0204315185546875
0.0880889892578125 -0.116249084472656 0.215728759765625 -0.48583984375
0.0658035278320312 -0.0999755859375 -0.03155517578125 -0.760498046875
0.0318565368652344 -0.0531883239746094 -0.4593505859375 -0.630859375
0.000729560852050781 -0.00424885749816895 -0.6246337890625 -0.29046630859375
-0.0254669189453125 0.0306167602539062 -0.56414794921875 -0.0715942382812501
-0.0417137145996094 0.020111083984375 -0.34228515625 0.0930786132812499
-0.0180702209472656 -0.00207328796386718 -0.0361709594726563 0.0426864624023438
-0.00543212890625 0.01953125 0.0745086669921875 0.0184478759765625
-0.00688934326171875 0.0448684692382812 0.363250732421875 0.017669677734375
0.003753662109375 0.0764999389648438 0.4769287109375 0.198486328125
0.0157546997070313 0.0750808715820313 0.451751708984375 0.50811767578125
-0.000635147094726563 0.0176448822021484 0.2076416015625 0.7303466796875
0.0117263793945312 -0.078338623046875 -0.0338134765625 0.74908447265625
0.0496139526367188 -0.105812072753906 -0.081787109375 0.452117919921875
0.0988540649414063 -0.125724792480469 0.138847351074219 0.00856781005859374
0.0779953002929688 -0.103263854980469 0.2232666015625 -0.4595947265625
0.0518798828125 -0.0877532958984375 -0.0195312499999999 -0.748291015625
0.0202484130859375 -0.0468521118164063 -0.4534912109375 -0.63421630859375
-0.0018315315246582 -0.00831365585327148 -0.63134765625 -0.30316162109375
-0.0110206604003906 0.0233631134033203 -0.577392578125 -0.08709716796875
-0.0164661407470703 0.019012451171875 -0.352386474609375 0.0885009765625001
0.00873613357543945 -0.00412273406982422 -0.0439643859863281 0.0363883972167969
0.0305614471435547 0.0202255249023438 0.0759735107421875 0.00778961181640625
0.0283355712890625 0.0414199829101563 0.371490478515625 0.000762939453125002
0.0248260498046875 0.0632591247558594 0.48358154296875 0.170623779296875
0.0143013000488281 0.0683021545410156 0.45623779296875 0.4783935546875
-0.0173435211181641 0.0271263122558594 0.2147216796875 0.7208251953125
-0.0135726928710937 -0.0595245361328125 -0.02288818359375 0.75494384765625
0.0298995971679687 -0.082061767578125 -0.08099365234375 0.472412109375
0.0842361450195313 -0.101814270019531 0.137001037597656 0.0321578979492188
0.06634521484375 -0.0819854736328125 0.235931396484375 -0.440216064453125
0.0367355346679687 -0.0676612854003906 0.00115966796875 -0.74017333984375
0.007080078125 -0.031768798828125 -0.43701171875 -0.64453125
-0.00736141204833984 -0.00633430480957031 -0.63311767578125 -0.3189697265625
-0.000314712524414063 0.0146446228027344 -0.57806396484375 -0.1014404296875
0.00717449188232422 0.0136928558349609 -0.352569580078125 0.0826416015625001
0.0418434143066406 -0.00799560546875 -0.0454940795898438 0.032989501953125
0.0662117004394531 0.0240097045898437 0.0854034423828125 -0.00267791748046875
0.065826416015625 0.0380172729492188 0.38189697265625 -0.01239013671875
0.0509719848632813 0.0469398498535156 0.4898681640625 0.14990234375
0.0152244567871094 0.0558280944824219 0.465484619140625 0.4556884765625
-0.0366935729980469 0.0322494506835937 0.23370361328125 0.711669921875
-0.0426254272460938 -0.0386199951171875 -0.00128173828124994 0.7550048828125
0.00766754150390625 -0.0521888732910156 -0.071685791015625 0.48223876953125
0.0703201293945313 -0.0745315551757813 0.139175415039063 0.0444564819335937
0.0555038452148437 -0.05377197265625 0.2510986328125 -0.430999755859375
0.0227851867675781 -0.0443611145019531 0.0245361328125 -0.7420654296875
-0.00548458099365235 -0.0128345489501953 -0.414306640625 -0.66033935546875
-0.0142250061035156 -0.0035409927368164 -0.6243896484375 -0.34002685546875
0.0070643424987793 0.00783443450927734 -0.57647705078125 -0.11871337890625
0.0302391052246094 0.00595855712890625 -0.349273681640625 0.071624755859375
0.0764846801757813 -0.0094146728515625 -0.0384712219238281 0.0310630798339844
0.0983657836914063 0.0242385864257813 0.102912902832031 -0.010955810546875
0.0965423583984375 0.0310897827148437 0.383758544921875 -0.02435302734375
0.0691070556640625 0.028839111328125 0.492919921875 0.137481689453125
0.0130767822265625 0.0420875549316406 0.481658935546875 0.438995361328125
-0.0569305419921875 0.038665771484375 0.2618408203125 0.69866943359375
-0.0656013488769531 -0.0169105529785156 0.0259399414062501 0.74273681640625
-0.0102348327636719 -0.0229587554931641 -0.057220458984375 0.47821044921875
0.0571060180664063 -0.0446586608886719 0.144683837890625 0.0421600341796875
0.0458488464355469 -0.0270462036132813 0.263153076171875 -0.43194580078125
0.0105457305908203 -0.0207805633544922 0.04693603515625 -0.75286865234375
-0.0186405181884766 0.00523948669433594 -0.39007568359375 -0.67877197265625
-0.0235557556152344 0.000724792480468751 -0.61090087890625 -0.362060546875
0.0103244781494141 -0.000569343566894531 -0.56524658203125 -0.1346435546875
0.0501441955566406 -0.00139999389648437 -0.33770751953125 0.06402587890625
0.1068115234375 -0.0086212158203125 -0.0222339630126953 0.0311546325683594
0.118064880371094 0.0225448608398437 0.120552062988281 -0.0169525146484375
0.111846923828125 0.0230865478515625 0.384918212890625 -0.029296875
0.07275390625 0.0131988525390625 0.49774169921875 0.140289306640625
0.00633811950683594 0.0335750579833984 0.502105712890625 0.4354248046875
-0.0720901489257812 0.0452194213867187 0.29156494140625 0.689453125
-0.0811309814453125 0.001922607421875 0.0576782226562499 0.7252197265625
-0.0206947326660156 0.00327110290527344 -0.038055419921875 0.4622802734375
0.0502967834472656 -0.0202369689941406 0.15362548828125 0.0265655517578125
0.0385246276855469 -0.00249481201171875 0.27557373046875 -0.446319580078125
-0.00249552726745605 -0.00207114219665527 0.06689453125 -0.7679443359375
-0.0316104888916016 0.0171012878417969 -0.36773681640625 -0.69769287109375
-0.0316047668457031 0.00130844116210937 -0.59527587890625 -0.3798828125
0.0146169662475586 -0.00920486450195313 -0.55059814453125 -0.14605712890625
0.0667953491210938 -0.00815582275390625 -0.320770263671875 0.0584716796875001
0.130516052246094 -0.00586700439453125 -0.00339698791503905 0.032470703125
0.123275756835938 0.019287109375 0.139259338378906 -0.0191116333007813
0.110916137695312 0.013916015625 0.38616943359375 -0.027862548828125
0.06494140625 0.00630950927734375 0.507720947265625 0.14971923828125
-0.00425529479980469 0.0329093933105469 0.526397705078125 0.43475341796875
-0.0792922973632813 0.0536651611328125 0.32037353515625 0.67755126953125
-0.084808349609375 0.0164794921875 0.08184814453125 0.70068359375
-0.0217418670654297 0.0203151702880859 -0.023101806640625 0.433807373046875
0.0488815307617188 -0.00162124633789063 0.162155151367188 0.000732421875
0.0328254699707031 0.0130863189697266 0.285369873046875 -0.470458984375
-0.0111923217773437 0.00855541229248047 0.08099365234375 -0.78802490234375
-0.0421485900878906 0.02044677734375 -0.35015869140625 -0.715576171875
-0.0394172668457031 -0.00410842895507813 -0.5780029296875 -0.39019775390625
0.0163326263427734 -0.0191917419433594 -0.533355712890625 -0.1502685546875
0.0789718627929687 -0.01171875 -0.302825927734375 0.054351806640625
0.142898559570313 0.003265380859375 0.0186538696289063 0.0389366149902344
-0.050048828125 0.0270767211914063 0.0994338989257813 0.03692626953125
-0.0392913818359375 0.0570144653320313 0.36572265625 0.038970947265625
-0.00635528564453125 0.0812149047851562 0.490325927734375 0.2325439453125
0.0232734680175781 0.0631980895996094 0.486785888671875 0.5279541015625
0.0178356170654297 -0.00785636901855469 0.23577880859375 0.71221923828125
0.0323257446289062 -0.100212097167969 -0.01116943359375 0.700927734375
0.0706710815429688 -0.122573852539063 -0.06158447265625 0.393890380859375
0.113876342773438 -0.139266967773438 0.148513793945312 -0.05438232421875
0.0952301025390625 -0.120918273925781 0.206573486328125 -0.516082763671875
0.0754013061523438 -0.102279663085938 -0.0427246093749999 -0.770751953125
0.0395278930664063 -0.0515594482421875 -0.4578857421875 -0.62579345703125
-0.00115823745727539 0.00232839584350586 -0.6072998046875 -0.27703857421875
-0.0408363342285156 0.0371131896972656 -0.5457763671875 -0.055328369140625
-0.0594215393066406 0.01800537109375 -0.32501220703125 0.0994873046875
-0.0330600738525391 0.000391006469726568 -0.0182762145996094 0.0510292053222656
-0.0328578948974609 0.0208263397216797 0.0810546875 0.027374267578125
-0.0309257507324219 0.0501937866210938 0.354644775390625 0.0283203125
-0.00653076171874999 0.0820388793945313 0.477203369140625 0.218414306640625
0.0174484252929688 0.0720596313476563 0.46331787109375 0.522674560546875
0.0130548477172852 0.00478172302246094 0.21710205078125 0.72210693359375
0.0268325805664062 -0.092529296875 -0.0240478515625 0.72601318359375
0.0638275146484375 -0.119659423828125 -0.072601318359375 0.422637939453125
0.108551025390625 -0.138809204101563 0.142349243164063 -0.0219573974609375
0.085968017578125 -0.116775512695313 0.20849609375 -0.4852294921875
0.0638351440429688 -0.10052490234375 -0.0399169921874999 -0.75445556640625
0.0310592651367188 -0.0533981323242188 -0.46649169921875 -0.6241455078125
0.000783443450927734 -0.00510883331298828 -0.6241455078125 -0.28204345703125
-0.0258140563964844 0.0322628021240234 -0.5615234375 -0.0651550292968749
-0.0413856506347656 0.0216026306152344 -0.3387451171875 0.0961303710937501
-0.0182476043701172 -0.0023345947265625 -0.0355949401855469 0.0428123474121094
-0.00466728210449219 0.0181941986083984 0.0746536254882813 0.018585205078125
-0.006622314453125 0.0438117980957031 0.361175537109375 0.013824462890625
0.00411987304687501 0.0764999389648438 0.477386474609375 0.1915283203125
0.0153884887695313 0.0754013061523438 0.456268310546875 0.5
0.000572204589843749 0.0176963806152344 0.21575927734375 0.72271728515625
0.0108108520507812 -0.0779647827148438 -0.0241088867187499 0.74310302734375
0.0482940673828125 -0.104537963867188 -0.0767822265625 0.450469970703125
0.0965957641601563 -0.125648498535156 0.137405395507813 0.00782012939453124
0.076263427734375 -0.103187561035156 0.21649169921875 -0.460693359375
0.0501632690429688 -0.0878753662109375 -0.02838134765625 -0.7423095703125
0.0203170776367188 -0.0462646484375 -0.45947265625 -0.62664794921875
-0.00157690048217773 -0.00862360000610352 -0.633056640625 -0.29254150390625
-0.0106220245361328 0.0243644714355469 -0.57489013671875 -0.0798339843749999
-0.0172843933105469 0.0199871063232422 -0.34765625 0.091064453125
0.00949192047119141 -0.00533771514892578 -0.0437049865722656 0.03753662109375
0.0303363800048828 0.0200881958007813 0.0754623413085938 0.0073394775390625
0.027374267578125 0.0409011840820313 0.368621826171875 -0.002471923828125
0.0251693725585938 0.0636825561523438 0.482940673828125 0.16290283203125
0.0157127380371094 0.0673599243164063 0.4598388671875 0.471588134765625
-0.0170307159423828 0.0266227722167969 0.22247314453125 0.715576171875
-0.0136756896972656 -0.0578880310058594 -0.0151367187499999 0.750732421875
0.028228759765625 -0.08074951171875 -0.075775146484375 0.4710693359375
0.0818710327148437 -0.102035522460937 0.134841918945312 0.0307998657226562
0.0640640258789063 -0.082061767578125 0.227752685546875 -0.44085693359375
0.0350456237792969 -0.067596435546875 -0.00854492187499996 -0.73724365234375
0.00644874572753906 -0.0312767028808594 -0.44281005859375 -0.63482666015625
-0.0070657730102539 -0.00683259963989258 -0.6314697265625 -0.30908203125
0.000718116760253906 0.0168418884277344 -0.575927734375 -0.0942993164062501
0.00686740875244141 0.0139522552490234 -0.350341796875 0.084808349609375
0.0421333312988281 -0.00824356079101562 -0.0453300476074219 0.033843994140625
0.0663795471191406 0.02215576171875 0.0853500366210938 -0.00246429443359375
0.0660018920898438 0.037261962890625 0.37847900390625 -0.015625
0.0499839782714844 0.0459861755371094 0.489471435546875 0.143218994140625
0.0163764953613281 0.0541572570800781 0.4710693359375 0.4464111328125
-0.0364532470703125 0.0324935913085938 0.24267578125 0.70489501953125
-0.0412673950195313 -0.0376968383789062 0.00744628906250006 0.7509765625
0.00704574584960937 -0.0509567260742188 -0.066497802734375 0.479736328125
0.0676422119140625 -0.0729293823242188 0.137069702148438 0.042205810546875
0.0539894104003906 -0.05364990234375 0.245147705078125 -0.430633544921875
0.0215530395507812 -0.0444526672363281 0.01544189453125 -0.737548828125
-0.00580310821533203 -0.0131635665893555 -0.42047119140625 -0.6527099609375
-0.0147724151611328 -0.00221920013427735 -0.625 -0.3309326171875
0.00673055648803711 0.00869321823120117 -0.5745849609375 -0.11151123046875
0.0296134948730469 0.00689697265625 -0.3450927734375 0.07525634765625
0.076629638671875 -0.0112762451171875 -0.03729248046875 0.0310325622558594
0.0968551635742187 0.0224685668945312 0.100662231445313 -0.0114593505859375
0.095458984375 0.0313644409179687 0.380615234375 -0.026702880859375
0.0680809020996094 0.0262413024902344 0.491912841796875 0.131683349609375
0.0141754150390625 0.0409469604492188 0.485260009765625 0.431854248046875
-0.0552635192871094 0.0388221740722656 0.2686767578125 0.6915283203125
-0.0654411315917969 -0.0163497924804688 0.034912109375 0.73870849609375
-0.0106906890869141 -0.0213890075683594 -0.051422119140625 0.4759521484375
0.0559425354003906 -0.0449905395507813 0.141845703125 0.0401458740234375
0.044586181640625 -0.0276756286621094 0.256072998046875 -0.431640625
0.00795173645019531 -0.021728515625 0.0380859375 -0.74560546875
-0.0187435150146484 0.00525665283203125 -0.39617919921875 -0.67144775390625
-0.0238704681396484 0.00146675109863282 -0.61175537109375 -0.35186767578125
0.0118083953857422 -0.000304222106933594 -0.561126708984375 -0.1275634765625
0.0504417419433594 -0.00119781494140625 -0.334228515625 0.066680908203125
0.106895446777344 -0.0109939575195313 -0.0231838226318359 0.0300960540771484
0.117286682128906 0.02093505859375 0.118385314941406 -0.0173721313476563
0.111167907714844 0.0211715698242188 0.380645751953125 -0.032470703125
0.0727310180664063 0.0121917724609375 0.49652099609375 0.13360595703125
0.00628089904785156 0.0330142974853516 0.5054931640625 0.42626953125
-0.0699119567871094 0.0459403991699219 0.29925537109375 0.68157958984375
-0.0803604125976563 0.0031890869140625 0.0650634765625 0.72021484375
-0.0210399627685547 0.00333404541015625 -0.033935546875 0.459381103515625
0.0494041442871094 -0.0193252563476562 0.1513671875 0.0258026123046875
0.0376472473144531 -0.00442886352539063 0.26715087890625 -0.4456787109375
-0.00246357917785645 -0.00269222259521484 0.0566406249999999 -0.76287841796875
-0.0309505462646484 0.0160350799560547 -0.37548828125 -0.68902587890625
-0.0319042205810547 0.00104713439941407 -0.596435546875 -0.37139892578125
0.0141401290893555 -0.00861644744873047 -0.547698974609375 -0.139190673828125
0.0664749145507812 -0.0072174072265625 -0.318878173828125 0.059722900390625
0.129501342773438 -0.00830841064453125 -0.00359153747558593 0.0319004058837891
0.122283935546875 0.01727294921875 0.136329650878906 -0.0205230712890625
0.110359191894531 0.0131759643554688 0.382659912109375 -0.032623291015625
0.0639190673828125 0.00560379028320313 0.508941650390625 0.143524169921875
-0.00477409362792969 0.0316944122314453 0.52960205078125 0.42523193359375
-0.0777587890625 0.054595947265625 0.32598876953125 0.66986083984375
-0.0840911865234375 0.017486572265625 0.0885009765625 0.69415283203125
-0.0214519500732422 0.02001953125 -0.019256591796875 0.430694580078125
0.0468521118164063 -0.00266647338867188 0.159698486328125 -0.00128173828125
0.0321369171142578 0.0116500854492188 0.277587890625 -0.467926025390625
-0.0120887756347656 0.0088949203491211 0.0712280273437501 -0.78192138671875
-0.0419769287109375 0.0209197998046875 -0.35577392578125 -0.70648193359375
-0.0390815734863281 -0.00387954711914062 -0.57861328125 -0.38427734375
0.0166530609130859 -0.0183296203613281 -0.532379150390625 -0.14385986328125
0.0781097412109375 -0.012481689453125 -0.2994384765625 0.056732177734375
0.142929077148438 0.00067138671875 0.0187644958496094 0.038665771484375
-0.0496063232421875 0.0278434753417969 0.099273681640625 0.0358200073242188
-0.0394783020019531 0.0554313659667969 0.36187744140625 0.0357666015625
-0.00591278076171875 0.0806732177734375 0.488922119140625 0.22650146484375
0.0233039855957031 0.062530517578125 0.490692138671875 0.519866943359375
0.0189933776855469 -0.00913619995117188 0.241943359375 0.7042236328125
0.0323867797851562 -0.0995559692382812 -0.00366210937499999 0.69732666015625
0.0683746337890625 -0.1231689453125 -0.05731201171875 0.391357421875
0.111579895019531 -0.139640808105469 0.145431518554688 -0.055450439453125
0.0933303833007813 -0.122100830078125 0.198883056640625 -0.51513671875
0.074066162109375 -0.102218627929688 -0.04913330078125 -0.767333984375
0.038604736328125 -0.0513801574707031 -0.46185302734375 -0.6182861328125
-0.00149869918823242 0.00336670875549316 -0.60662841796875 -0.26837158203125
-0.0407752990722656 0.0369911193847656 -0.542816162109375 -0.0479125976562501
-0.0593109130859375 0.0197105407714844 -0.320526123046875 0.102752685546875
-0.0341663360595703 -0.000333786010742194 -0.0181121826171875 0.0511245727539063
-0.0324382781982422 0.0215187072753906 0.0811920166015625 0.0276260375976562
-0.0304489135742187 0.0507965087890625 0.353240966796875 0.025909423828125
-0.00567626953125 0.081298828125 0.475738525390625 0.21319580078125
0.0179824829101563 0.0720901489257813 0.467193603515625 0.515106201171875
0.013218879699707 0.00452613830566406 0.2242431640625 0.717041015625
0.02734375 -0.0938644409179688 -0.0172119140625 0.7208251953125
0.061981201171875 -0.119338989257813 -0.0675048828125 0.420440673828125
0.10528564453125 -0.137344360351563 0.140411376953125 -0.024658203125
0.0841903686523438 -0.117019653320313 0.200531005859375 -0.48516845703125
0.0628204345703125 -0.100418090820312 -0.04766845703125 -0.74755859375
0.0315513610839844 -0.053436279296875 -0.4696044921875 -0.61383056640625
0.00147199630737305 -0.00386261940002441 -0.622802734375 -0.2740478515625
-0.0237960815429687 0.0331859588623047 -0.55755615234375 -0.057861328125
-0.040557861328125 0.0222396850585937 -0.335723876953125 0.0987548828125
-0.0178852081298828 -0.00269699096679687 -0.0343170166015625 0.0427093505859375
-0.00347518920898438 0.0183734893798828 0.0733566284179688 0.0165328979492188
-0.00632476806640625 0.045257568359375 0.357025146484375 0.0101318359375
0.00493621826171876 0.0755386352539063 0.477569580078125 0.185150146484375
0.0150222778320312 0.0739364624023438 0.4595947265625 0.49365234375
0.00212764739990234 0.0170526504516602 0.2215576171875 0.71673583984375
0.009979248046875 -0.0774917602539063 -0.0172729492187501 0.738037109375
0.0478134155273438 -0.105430603027344 -0.071990966796875 0.44781494140625
0.0924835205078125 -0.125267028808594 0.133575439453125 0.00582885742187499
0.0741424560546875 -0.104324340820313 0.209564208984375 -0.458221435546875
0.0486526489257813 -0.0885848999023438 -0.0364990234375 -0.736572265625
0.0184860229492188 -0.0470542907714844 -0.4622802734375 -0.616455078125
-0.00139522552490234 -0.00775432586669922 -0.6329345703125 -0.28631591796875
-0.0108757019042969 0.0259914398193359 -0.5712890625 -0.0723266601562499
-0.0170192718505859 0.0219306945800781 -0.34466552734375 0.094818115234375
0.00907135009765625 -0.00538444519042969 -0.043792724609375 0.0373764038085938
0.0304374694824219 0.0192642211914063 0.0734634399414063 0.00716400146484375
0.0277671813964844 0.0401039123535156 0.3663330078125 -0.0047607421875
0.0251312255859375 0.0617752075195312 0.4830322265625 0.15850830078125
0.0156173706054687 0.0667648315429688 0.462921142578125 0.46429443359375
-0.0159702301025391 0.0269203186035156 0.2294921875 0.7076416015625
-0.0145530700683594 -0.0580406188964844 -0.00653076171875007 0.74749755859375
0.0277938842773437 -0.0802993774414062 -0.07098388671875 0.46722412109375
0.0798110961914063 -0.103279113769531 0.132530212402344 0.0296630859375
0.0631484985351563 -0.0827255249023438 0.22198486328125 -0.438873291015625
0.0352592468261719 -0.0690422058105469 -0.016845703125 -0.730712890625
0.00656890869140625 -0.0324745178222656 -0.44818115234375 -0.6260986328125
-0.00719070434570312 -0.00702238082885742 -0.632080078125 -0.30120849609375
-0.00037860870361328 0.0163736343383789 -0.5743408203125 -0.0880126953124999
0.0070028305053711 0.015681266784668 -0.346099853515625 0.0870666503906249
0.0416107177734375 -0.00845718383789063 -0.0444526672363281 0.0333099365234375
0.0673866271972656 0.0213813781738281 0.084503173828125 -0.0022735595703125
0.0648460388183594 0.0368995666503906 0.3753662109375 -0.01812744140625
0.0504226684570313 0.0449638366699219 0.48883056640625 0.136199951171875
0.018646240234375 0.05419921875 0.47357177734375 0.438751220703125
-0.0346431732177734 0.0331478118896484 0.2484130859375 0.69842529296875
-0.0405387878417969 -0.0369491577148438 0.0142211914062499 0.7467041015625
0.0063629150390625 -0.0503578186035156 -0.06182861328125 0.478668212890625
0.0664138793945313 -0.0741195678710938 0.13519287109375 0.0407028198242187
0.0533866882324219 -0.0551414489746094 0.236602783203125 -0.429351806640625
0.0205574035644531 -0.0446586608886719 0.00701904296875006 -0.7344970703125
-0.00661087036132813 -0.0133838653564453 -0.42474365234375 -0.6436767578125
-0.0153169631958008 -0.00172328948974609 -0.62493896484375 -0.32318115234375
0.0068511962890625 0.00904655456542969 -0.571533203125 -0.1033935546875
0.0296688079833984 0.008056640625 -0.34356689453125 0.077880859375
0.07611083984375 -0.0108871459960938 -0.03729248046875 0.0302352905273438
0.0958480834960938 0.0218963623046875 0.0993881225585938 -0.0121536254882812
0.0948562622070313 0.0302581787109375 0.378662109375 -0.0291748046875
0.0668907165527344 0.0262985229492188 0.489532470703125 0.1251220703125
0.0144538879394531 0.0393218994140625 0.489227294921875 0.4254150390625
-0.0547065734863281 0.0369529724121094 0.27520751953125 0.68310546875
-0.0644950866699219 -0.015838623046875 0.040283203125 0.73406982421875
-0.00982666015625 -0.0213184356689453 -0.0491943359375001 0.4735107421875
0.0550155639648438 -0.0441856384277344 0.141281127929688 0.0379486083984375
0.0436859130859375 -0.0284576416015625 0.250152587890625 -0.43231201171875
0.0070953369140625 -0.0216102600097656 0.0299072265625001 -0.74224853515625
-0.0192642211914063 0.00362586975097656 -0.40234375 -0.66351318359375
-0.0234718322753906 0.00102806091308593 -0.61199951171875 -0.343017578125
0.0106353759765625 0.000522613525390625 -0.56158447265625 -0.120849609375
0.0501174926757813 -0.000885009765625 -0.332763671875 0.0687255859375001
0.105010986328125 -0.0108795166015625 -0.0228214263916016 0.0306453704833984
0.115547180175781 0.0195083618164063 0.117462158203125 -0.017669677734375
0.109710693359375 0.0209121704101562 0.3787841796875 -0.03466796875
0.0718460083007813 0.010589599609375 0.495849609375 0.127532958984375
0.00633430480957031 0.0320510864257813 0.50830078125 0.418487548828125
-0.0686187744140625 0.0465660095214844 0.30633544921875 0.67449951171875
-0.0801467895507813 0.00510406494140625 0.07135009765625 0.715576171875
-0.0201129913330078 0.00500297546386719 -0.032073974609375 0.456085205078125
0.0479583740234375 -0.0199012756347656 0.148818969726563 0.02203369140625
0.0375213623046875 -0.00368118286132813 0.262451171875 -0.44525146484375
-0.00440073013305664 -0.00221347808837891 0.0482177734375 -0.75714111328125
-0.0310783386230469 0.0166988372802734 -0.3797607421875 -0.68133544921875
-0.0327701568603516 0.00271034240722656 -0.59576416015625 -0.3623046875
0.013331413269043 -0.00715446472167969 -0.546234130859375 -0.13311767578125
0.0657539367675781 -0.00769424438476562 -0.316802978515625 0.06201171875
0.128791809082031 -0.00778961181640625 -0.00358772277832031 0.0315093994140625
0.12139892578125 0.0165328979492188 0.134857177734375 -0.0206451416015625
0.109031677246094 0.0124282836914063 0.380767822265625 -0.034881591796875
0.0643806457519531 0.00368881225585938 0.506988525390625 0.138031005859375
-0.00378036499023438 0.0320301055908203 0.53179931640625 0.418731689453125
-0.07684326171875 0.055084228515625 0.33233642578125 0.661865234375
-0.0840225219726563 0.0183563232421875 0.09375 0.68994140625
-0.0205039978027344 0.019775390625 -0.016632080078125 0.42816162109375
0.0466232299804688 -0.00350570678710938 0.157943725585937 -0.0033721923828125
0.0319499969482422 0.0106964111328125 0.269805908203125 -0.46868896484375
-0.0120983123779297 0.00763988494873047 0.06231689453125 -0.77850341796875
-0.042236328125 0.0216522216796875 -0.3636474609375 -0.6990966796875
-0.0383453369140625 -0.00340652465820312 -0.5780029296875 -0.3739013671875
0.0155906677246094 -0.0180778503417969 -0.529937744140625 -0.136688232421875
0.0769882202148438 -0.0123291015625 -0.29876708984375 0.058197021484375
0.143035888671875 0.000152587890625 0.0183219909667969 0.0367393493652344
-0.0480918884277344 0.0272331237792969 0.09814453125 0.03509521484375
-0.039276123046875 0.0566978454589844 0.35919189453125 0.033355712890625
-0.00676727294921875 0.079010009765625 0.488861083984375 0.221771240234375
0.0246353149414062 0.0611763000488281 0.493133544921875 0.513214111328125
0.0190505981445313 -0.00998115539550781 0.248046875 0.70037841796875
0.0322265625 -0.099945068359375 0.00134277343750005 0.691650390625
0.0667800903320313 -0.121719360351563 -0.055206298828125 0.38946533203125
0.11090087890625 -0.139404296875 0.142990112304687 -0.056243896484375
0.091400146484375 -0.122123718261719 0.19451904296875 -0.5135498046875
0.0728836059570313 -0.102615356445313 -0.0571289062499999 -0.76214599609375
0.0384521484375 -0.0523452758789063 -0.4644775390625 -0.61151123046875
0.000152349472045898 0.00336432456970215 -0.6038818359375 -0.26397705078125
-0.0402030944824219 0.0388259887695313 -0.539520263671875 -0.0440979003906249
-0.0592994689941406 0.019622802734375 -0.318389892578125 0.10455322265625
-0.0328407287597656 0.000343322753906255 -0.0179557800292969 0.0517616271972656
-0.0311927795410156 0.0203819274902344 0.0804977416992187 0.025970458984375
-0.030029296875 0.0504074096679687 0.35064697265625 0.02410888671875
-0.0071563720703125 0.0810012817382813 0.47686767578125 0.2076416015625
0.0184707641601562 0.070831298828125 0.470794677734375 0.509185791015625
0.0138692855834961 0.00389671325683594 0.22821044921875 0.71258544921875
0.0258712768554687 -0.0926361083984375 -0.01153564453125 0.71697998046875
0.0616683959960937 -0.117851257324219 -0.065399169921875 0.420135498046875
0.104118347167969 -0.137916564941406 0.136764526367188 -0.0246734619140625
0.0821151733398437 -0.118743896484375 0.196380615234375 -0.48321533203125
0.0613250732421875 -0.100090026855469 -0.0552978515625 -0.7442626953125
0.0307121276855469 -0.0537185668945313 -0.4716796875 -0.60626220703125
0.00118875503540039 -0.00362443923950195 -0.62109375 -0.2694091796875
-0.0251579284667969 0.0333232879638672 -0.5555419921875 -0.0547485351562499
-0.0404548645019531 0.0234565734863281 -0.33233642578125 0.100830078125
-0.0177783966064453 -0.0019989013671875 -0.0357208251953125 0.0434074401855469
-0.00343894958496094 0.01763916015625 0.0735855102539063 0.0186996459960938
-0.00713729858398438 0.0441207885742188 0.35626220703125 0.00933837890625001
0.0045928955078125 0.075439453125 0.476593017578125 0.18084716796875
0.0164337158203125 0.0728225708007813 0.46514892578125 0.4886474609375
0.000960350036621094 0.0162200927734375 0.22705078125 0.7103271484375
0.00923919677734376 -0.0773468017578125 -0.0119628906249999 0.73480224609375
0.04754638671875 -0.104667663574219 -0.070892333984375 0.448028564453125
0.092315673828125 -0.125541687011719 0.133056640625 0.00606536865234374
0.0721511840820313 -0.104835510253906 0.20556640625 -0.456756591796875
0.0488815307617188 -0.0883712768554688 -0.04248046875 -0.732177734375
0.0187721252441406 -0.0475196838378906 -0.46630859375 -0.60986328125
-0.00119256973266602 -0.00731420516967773 -0.6314697265625 -0.27911376953125
-0.0102024078369141 0.0260028839111328 -0.5673828125 -0.06707763671875
-0.0176372528076172 0.0221195220947266 -0.342132568359375 0.0965576171875001
0.00944042205810547 -0.00530624389648438 -0.0435142517089844 0.0364456176757813
0.030670166015625 0.019744873046875 0.0740737915039063 0.0066986083984375
0.0271644592285156 0.0394401550292969 0.364593505859375 -0.00738525390625
0.0248794555664063 0.0602684020996094 0.483856201171875 0.15374755859375
0.0159912109375 0.0658645629882812 0.46624755859375 0.457550048828125
-0.0158557891845703 0.0263328552246094 0.23455810546875 0.70123291015625
-0.0147972106933594 -0.0587654113769531 -0.00213623046874999 0.7435302734375
0.0261764526367188 -0.0791778564453125 -0.068695068359375 0.46795654296875
0.0778274536132813 -0.102287292480469 0.131607055664063 0.0283279418945312
0.0618133544921875 -0.0829086303710937 0.216156005859375 -0.438201904296875
0.03265380859375 -0.0688285827636719 -0.02239990234375 -0.7266845703125
0.00576972961425782 -0.0324249267578125 -0.44927978515625 -0.61920166015625
-0.00663566589355469 -0.00683307647705078 -0.62939453125 -0.29473876953125
0.000960350036621094 0.0164060592651367 -0.5704345703125 -0.08343505859375
0.00605010986328125 0.0151910781860352 -0.34326171875 0.0885620117187499
0.0410957336425781 -0.00919342041015625 -0.0441513061523437 0.033538818359375
0.0663490295410156 0.0206298828125 0.0824356079101563 -0.00251007080078125
0.0644607543945313 0.0369377136230469 0.372772216796875 -0.019866943359375
0.0500602722167969 0.0438423156738281 0.488616943359375 0.1318359375
0.0165634155273438 0.0529747009277344 0.4759521484375 0.434539794921875
-0.03466796875 0.0317497253417969 0.25341796875 0.6915283203125
-0.0405464172363281 -0.0367012023925781 0.0187988281250001 0.74102783203125
0.0061187744140625 -0.0503501892089844 -0.058746337890625 0.475311279296875
0.0654525756835937 -0.0737762451171875 0.13385009765625 0.0401992797851563
0.0512504577636719 -0.0552864074707031 0.232421875 -0.42889404296875
0.019561767578125 -0.0446205139160156 0.00262451171875005 -0.72845458984375
-0.00638675689697266 -0.0146980285644531 -0.4273681640625 -0.636474609375
-0.0145959854125977 -0.00210189819335937 -0.62396240234375 -0.317626953125
0.00597667694091797 0.00990581512451172 -0.5701904296875 -0.10015869140625
0.0300579071044922 0.00851821899414063 -0.339569091796875 0.07916259765625
0.0754547119140625 -0.0124664306640625 -0.0363082885742187 0.0309906005859375
0.0963821411132813 0.0208969116210938 0.097381591796875 -0.0105667114257812
0.09454345703125 0.0295486450195312 0.374725341796875 -0.030426025390625
0.06768798828125 0.0257415771484375 0.491546630859375 0.12115478515625
0.0146026611328125 0.039794921875 0.4910888671875 0.4185791015625
-0.0526695251464844 0.0381355285644531 0.27880859375 0.67816162109375
-0.0651473999023438 -0.0152359008789063 0.0469970703125 0.7298583984375
-0.0102462768554688 -0.0204315185546875 -0.043975830078125 0.470977783203125
0.0541038513183594 -0.0454635620117188 0.139427185058594 0.0383224487304688
0.0436363220214844 -0.0286216735839844 0.245391845703125 -0.429656982421875
0.0067901611328125 -0.0211048126220703 0.02294921875 -0.73681640625
-0.0194797515869141 0.00448036193847656 -0.403564453125 -0.65386962890625
-0.0225505828857422 0.00209808349609375 -0.6107177734375 -0.33587646484375
0.0110359191894531 0.00118923187255859 -0.55767822265625 -0.116607666015625
0.0489082336425781 -0.00052642822265625 -0.329437255859375 0.0697326660156251
0.104698181152344 -0.0123519897460938 -0.0219821929931641 0.0307521820068359
0.11517333984375 0.0183181762695312 0.115318298339844 -0.0171279907226563
0.109085083007813 0.020355224609375 0.374969482421875 -0.036407470703125
0.0711441040039063 0.0106048583984375 0.49658203125 0.123443603515625
0.00738143920898438 0.0319366455078125 0.511932373046875 0.412261962890625
-0.0681495666503906 0.0469512939453125 0.30999755859375 0.66937255859375
-0.0788650512695312 0.00434875488281252 0.0747070312500001 0.7103271484375
-0.0203475952148437 0.005126953125 -0.027862548828125 0.453460693359375
0.0469017028808594 -0.0201301574707031 0.146255493164063 0.02191162109375
0.0356330871582031 -0.0045928955078125 0.255767822265625 -0.444580078125
-0.00437259674072266 -0.00239372253417969 0.0419921874999999 -0.75384521484375
-0.0310325622558594 0.0166664123535156 -0.3831787109375 -0.67486572265625
-0.0308361053466797 0.00331687927246094 -0.59552001953125 -0.35687255859375
0.0144643783569336 -0.00726413726806641 -0.544830322265625 -0.1279296875
0.0639419555664063 -0.0072479248046875 -0.3134765625 0.0633544921875001
0.127792358398438 -0.00891876220703125 -0.00324630737304687 0.0312061309814453
0.120391845703125 0.015716552734375 0.131759643554688 -0.0207061767578125
0.108642578125 0.0106658935546875 0.377899169921875 -0.035736083984375
0.0635223388671875 0.00417709350585938 0.507110595703125 0.13421630859375
-0.00245285034179688 0.0318775177001953 0.533203125 0.412750244140625
-0.0762939453125 0.0547332763671875 0.3382568359375 0.6541748046875
-0.0843734741210938 0.0190658569335938 0.0984497070312501 0.68475341796875
-0.0206241607666016 0.021881103515625 -0.014312744140625 0.42645263671875
0.0458984375 -0.003173828125 0.155548095703125 -0.0054168701171875
0.0303611755371094 0.011474609375 0.264190673828125 -0.468475341796875
-0.0128107070922852 0.00788116455078125 0.0558471679687501 -0.77325439453125
-0.0418434143066406 0.0203819274902344 -0.365966796875 -0.69183349609375
-0.0386581420898438 -0.00276565551757812 -0.5784912109375 -0.36688232421875
0.0164670944213867 -0.0166616439819336 -0.526702880859375 -0.13287353515625
0.0768051147460937 -0.011627197265625 -0.29541015625 0.0594482421875
0.141265869140625 -0.0015869140625 0.0176963806152344 0.0379600524902344
-0.0478744506835938 0.0279426574707031 0.0977935791015625 0.0341644287109375
-0.0392379760742187 0.0563430786132813 0.35699462890625 0.030487060546875
-0.00611114501953126 0.078277587890625 0.487335205078125 0.218109130859375
0.0234489440917969 0.0600090026855469 0.495880126953125 0.50836181640625
0.0187206268310547 -0.00922966003417969 0.25079345703125 0.69378662109375
0.0314788818359375 -0.100563049316406 0.00524902343750005 0.6885986328125
0.0676803588867188 -0.122230529785156 -0.05316162109375 0.388885498046875
0.108848571777344 -0.139358520507813 0.1416015625 -0.05712890625
0.0907440185546875 -0.121833801269531 0.188507080078125 -0.5118408203125
0.0713958740234375 -0.101966857910156 -0.0606689453124999 -0.7569580078125
0.0376548767089844 -0.0529022216796875 -0.4671630859375 -0.60357666015625
0.000294923782348633 0.00310730934143066 -0.6041259765625 -0.26031494140625
-0.0397529602050781 0.0400466918945312 -0.538665771484375 -0.0409240722656251
-0.0586624145507813 0.0209503173828125 -0.315887451171875 0.105712890625
-0.0326137542724609 -0.000610351562499999 -0.0183639526367188 0.0511360168457031
-0.0302677154541016 0.0204315185546875 0.08026123046875 0.0270614624023438
-0.0291099548339844 0.0496253967285156 0.34991455078125 0.022247314453125
-0.00615692138671876 0.0801239013671875 0.475616455078125 0.204132080078125
0.0194168090820313 0.0706939697265625 0.474853515625 0.506317138671875
0.0141010284423828 0.00239944458007813 0.2332763671875 0.70867919921875
0.02587890625 -0.0925140380859375 -0.00878906249999995 0.71405029296875
0.0598068237304688 -0.11859130859375 -0.06396484375 0.41748046875
0.101707458496094 -0.137931823730469 0.135673522949219 -0.0254745483398438
0.0817947387695313 -0.11822509765625 0.19268798828125 -0.4814453125
0.059112548828125 -0.0998153686523438 -0.0594482421875 -0.73931884765625
0.0295753479003906 -0.0538330078125 -0.474853515625 -0.60040283203125
0.00224161148071289 -0.00391221046447754 -0.6201171875 -0.26422119140625
-0.0241680145263672 0.0348873138427734 -0.553497314453125 -0.04913330078125
-0.0414085388183594 0.0243759155273438 -0.330596923828125 0.10107421875
-0.0169086456298828 -0.00293254852294922 -0.0347061157226563 0.0427207946777344
-0.00193405151367188 0.0177898406982422 0.0717697143554688 0.018035888671875
-0.007110595703125 0.043975830078125 0.354522705078125 0.008697509765625
0.00373077392578125 0.0733566284179688 0.4759521484375 0.176239013671875
0.015777587890625 0.0722274780273438 0.467681884765625 0.481964111328125
0.00242424011230469 0.016453742980957 0.23138427734375 0.70611572265625
0.00954437255859374 -0.0768280029296875 -0.00750732421874999 0.73114013671875
0.0460128784179688 -0.103172302246094 -0.067779541015625 0.444915771484375
0.0910797119140625 -0.124374389648437 0.130668640136719 0.00420379638671874
0.0709991455078125 -0.10504150390625 0.201446533203125 -0.455841064453125
0.0461654663085937 -0.0888519287109375 -0.047119140625 -0.726806640625
0.0175743103027344 -0.0471687316894531 -0.468017578125 -0.60284423828125
-0.000234127044677735 -0.00822877883911133 -0.629638671875 -0.2733154296875
-0.0103378295898438 0.0266132354736328 -0.5645751953125 -0.0648193359375
-0.0181407928466797 0.0231246948242188 -0.33929443359375 0.0982360839843749
0.00890445709228516 -0.00580978393554688 -0.0432472229003906 0.0364799499511719
0.0302505493164062 0.0174694061279297 0.072784423828125 0.0076904296875
0.0266036987304688 0.038482666015625 0.362823486328125 -0.006256103515625
0.0243453979492187 0.0608253479003906 0.482818603515625 0.150848388671875
0.0160408020019531 0.0658416748046875 0.46893310546875 0.454925537109375
-0.0153388977050781 0.0276966094970703 0.23883056640625 0.697998046875
-0.0149879455566406 -0.0574302673339844 0.00250244140624993 0.7379150390625
0.0276107788085937 -0.0778045654296875 -0.06744384765625 0.46533203125
0.0771865844726563 -0.101417541503906 0.128738403320313 0.0266494750976562
0.0604324340820313 -0.0817108154296875 0.2125244140625 -0.437347412109375
0.0320205688476562 -0.0674095153808594 -0.0281372070312501 -0.721923828125
0.00612068176269531 -0.0325775146484375 -0.45086669921875 -0.61322021484375
-0.00627565383911133 -0.00582695007324219 -0.6287841796875 -0.2896728515625
-0.000305175781250002 0.0175857543945313 -0.56878662109375 -0.0805053710937501
0.00655078887939453 0.0166091918945313 -0.342437744140625 0.08990478515625
0.0416145324707031 -0.00955963134765625 -0.0442962646484375 0.03326416015625
0.066619873046875 0.0201492309570313 0.0818710327148438 -0.00267791748046875
0.0645713806152344 0.0353355407714844 0.3709716796875 -0.021331787109375
0.04986572265625 0.0423927307128906 0.4874267578125 0.129364013671875
0.017974853515625 0.0515823364257813 0.478607177734375 0.43023681640625
-0.0345993041992188 0.0324440002441406 0.2584228515625 0.68670654296875
-0.0406837463378906 -0.0364456176757813 0.02313232421875 0.73876953125
0.00563430786132813 -0.0486679077148438 -0.05816650390625 0.47442626953125
0.0645828247070313 -0.0741043090820313 0.130744934082031 0.0387725830078125
0.0504837036132813 -0.0553512573242188 0.2269287109375 -0.428131103515625
0.0190086364746094 -0.0446052551269531 -0.00213623046875001 -0.7244873046875
-0.00658512115478515 -0.0124959945678711 -0.429931640625 -0.63079833984375
-0.0140953063964844 -0.00125026702880859 -0.623046875 -0.3121337890625
0.00780200958251953 0.0101404190063477 -0.56695556640625 -0.0966186523437499
0.0287513732910156 0.00835227966308594 -0.337371826171875 0.0799560546875
0.0747222900390625 -0.01239013671875 -0.0363807678222656 0.030517578125
0.0951309204101563 0.020111083984375 0.0963211059570313 -0.0112762451171875
0.0941619873046875 0.0294342041015625 0.373870849609375 -0.032257080078125
0.0666694641113281 0.0242919921875 0.491790771484375 0.118865966796875
0.0149765014648438 0.0378494262695313 0.492401123046875 0.414581298828125
-0.0521812438964844 0.03704833984375 0.2843017578125 0.6729736328125
-0.0638542175292969 -0.0140190124511719 0.0488281250000001 0.72479248046875
-0.0109615325927734 -0.0197277069091797 -0.044097900390625 0.468475341796875
0.0529251098632813 -0.04583740234375 0.136627197265625 0.0364990234375
0.0427093505859375 -0.0278854370117187 0.240234375 -0.42938232421875
0.00702667236328125 -0.0222873687744141 0.0172729492187499 -0.73291015625
-0.0185260772705078 0.00395011901855468 -0.40740966796875 -0.6483154296875
-0.0223197937011719 0.00366020202636718 -0.6094970703125 -0.33221435546875
0.0105075836181641 0.00177001953125 -0.55645751953125 -0.112762451171875
0.0482101440429687 0.000423431396484375 -0.327117919921875 0.0700073242187499
0.104362487792969 -0.0135879516601563 -0.0219039916992187 0.0293388366699219
0.113700866699219 0.0181350708007813 0.114028930664062 -0.0177230834960937
0.1075439453125 0.019744873046875 0.374298095703125 -0.03765869140625
0.070648193359375 0.00955963134765625 0.495361328125 0.12139892578125
0.00742912292480469 0.0312385559082031 0.511688232421875 0.407867431640625
-0.067535400390625 0.0461921691894531 0.313720703125 0.6630859375
-0.0791168212890625 0.00562286376953126 0.078125 0.70654296875
-0.0195884704589844 0.00517845153808593 -0.026214599609375 0.451690673828125
0.04583740234375 -0.0208015441894531 0.144790649414063 0.0208587646484375
0.0345230102539063 -0.0059356689453125 0.25250244140625 -0.444091796875
-0.00407719612121582 -0.00305557250976563 0.0369873046875 -0.749755859375
-0.0298061370849609 0.0159702301025391 -0.3873291015625 -0.66827392578125
-0.0316829681396484 0.00268936157226562 -0.5947265625 -0.3511962890625
0.0148468017578125 -0.00664615631103516 -0.54400634765625 -0.123626708984375
0.0648765563964844 -0.00653839111328125 -0.311126708984375 0.0628662109375001
0.127510070800781 -0.00963592529296875 -0.00247001647949218 0.0305290222167969
0.120109558105469 0.0151290893554687 0.131324768066406 -0.0211181640625
0.10760498046875 0.0100250244140625 0.374237060546875 -0.036590576171875
0.0632400512695313 0.00336074829101563 0.5067138671875 0.13043212890625
-0.00344085693359375 0.0306873321533203 0.53607177734375 0.4072265625
-0.07440185546875 0.054779052734375 0.34136962890625 0.650146484375
-0.0828781127929688 0.0191421508789062 0.1019287109375 0.6800537109375
-0.0198745727539063 0.0211372375488281 -0.01275634765625 0.424896240234375
0.0453109741210938 -0.00463104248046875 0.153121948242188 -0.006103515625
0.0308647155761719 0.0103607177734375 0.260009765625 -0.465972900390625
-0.0126590728759766 0.0071115493774414 0.05078125 -0.76800537109375
-0.0407028198242188 0.0206069946289063 -0.36761474609375 -0.68505859375
-0.0371208190917969 -0.00170135498046875 -0.578369140625 -0.3634033203125
0.0166311264038086 -0.0165214538574219 -0.524932861328125 -0.1282958984375
0.0775909423828125 -0.0114593505859375 -0.29315185546875 0.060302734375
0.140579223632813 -0.0017547607421875 0.0179100036621094 0.0372238159179688
-0.0466079711914063 0.0273361206054688 0.0981216430664063 0.0346603393554688
-0.0399360656738281 0.0550155639648438 0.3551025390625 0.03033447265625
-0.00672912597656251 0.0775527954101562 0.488189697265625 0.214324951171875
0.0244598388671875 0.0588226318359375 0.498748779296875 0.50439453125
0.0184326171875 -0.0101680755615234 0.25408935546875 0.69122314453125
0.03118896484375 -0.101409912109375 0.00628662109375004 0.68572998046875
0.066741943359375 -0.120948791503906 -0.051849365234375 0.38653564453125
0.108207702636719 -0.139671325683594 0.138931274414063 -0.0564193725585938
0.0890655517578125 -0.122917175292969 0.186492919921875 -0.510894775390625
0.070098876953125 -0.102668762207031 -0.0638427734374999 -0.7532958984375
0.036956787109375 -0.0533447265625 -0.46917724609375 -0.6015625
-0.000268220901489258 0.00250697135925293 -0.60302734375 -0.25726318359375
-0.04046630859375 0.0404510498046875 -0.53485107421875 -0.0390930175781251
-0.0590972900390625 0.0221328735351563 -0.315582275390625 0.1064453125
-0.0324153900146484 0.000434875488281254 -0.0175933837890625 0.0506401062011719
-0.0306415557861328 0.02130126953125 0.079345703125 0.0271453857421875
-0.030792236328125 0.0500602722167969 0.3477783203125 0.02191162109375
-0.00694274902343751 0.0805740356445313 0.47686767578125 0.20111083984375
0.020233154296875 0.0700874328613281 0.477325439453125 0.50079345703125
0.0138635635375977 0.00186538696289062 0.2366943359375 0.70361328125
0.0251541137695313 -0.0930938720703125 -0.00408935546875002 0.70928955078125
0.0594635009765625 -0.117546081542969 -0.061767578125 0.417022705078125
0.101051330566406 -0.137062072753906 0.134475708007813 -0.0253829956054688
0.0801544189453125 -0.118392944335938 0.188812255859375 -0.481109619140625
0.0588760375976563 -0.10015869140625 -0.061767578125 -0.7373046875
0.0296669006347656 -0.0538978576660156 -0.47540283203125 -0.5975341796875
0.00210928916931152 -0.00377178192138672 -0.62060546875 -0.2625732421875
-0.0245170593261719 0.0357627868652344 -0.551788330078125 -0.0490112304687499
-0.0407142639160156 0.0252952575683594 -0.328521728515625 0.102569580078125
-0.0167016983032227 -0.00264739990234375 -0.0346221923828125 0.0436019897460938
-0.00454998016357422 0.0172882080078125 0.07208251953125 0.0189895629882813
-0.00701141357421875 0.0428047180175781 0.35223388671875 0.00750732421875
0.00417327880859375 0.0731964111328125 0.47637939453125 0.1734619140625
0.015899658203125 0.0724945068359375 0.469268798828125 0.478973388671875
0.00323486328125 0.0173368453979492 0.23431396484375 0.70294189453125
0.00909423828124999 -0.0766525268554688 -0.00604248046874996 0.72869873046875
0.0458755493164063 -0.102066040039063 -0.06671142578125 0.44354248046875
0.0898513793945313 -0.124031066894531 0.128959655761719 0.00499725341796874
0.0706939697265625 -0.105079650878906 0.19891357421875 -0.45611572265625
0.0465545654296875 -0.0882415771484375 -0.0498046875 -0.72406005859375
0.0186576843261719 -0.0476303100585938 -0.46990966796875 -0.6004638671875
-0.00102996826171875 -0.00725126266479492 -0.63037109375 -0.270751953125
-0.0101966857910156 0.02728271484375 -0.56353759765625 -0.0616455078124999
-0.0174636840820313 0.0234889984130859 -0.338104248046875 0.09735107421875
0.00960636138916016 -0.00553703308105469 -0.0433197021484375 0.0373077392578125
0.0302066802978516 0.0165615081787109 0.07220458984375 0.008514404296875
0.0265884399414063 0.0388908386230469 0.361541748046875 -0.006195068359375
0.0252609252929687 0.0593414306640625 0.48370361328125 0.147064208984375
0.0163154602050781 0.0652961730957031 0.4715576171875 0.450714111328125
-0.0147323608398438 0.0269832611083984 0.24334716796875 0.69342041015625
-0.0141868591308594 -0.0571212768554687 0.00476074218749994 0.7366943359375
0.02606201171875 -0.078338623046875 -0.06494140625 0.46319580078125
0.0762786865234375 -0.101394653320313 0.126846313476563 0.0270309448242188
0.0595474243164063 -0.08209228515625 0.209564208984375 -0.43511962890625
0.0322647094726562 -0.068511962890625 -0.0316162109375 -0.71868896484375
0.00527572631835938 -0.0327644348144531 -0.4537353515625 -0.60992431640625
-0.00557613372802734 -0.00491952896118164 -0.62811279296875 -0.28759765625
0.000261306762695313 0.0187911987304688 -0.56793212890625 -0.0778808593750001
0.00698471069335938 0.0167341232299805 -0.34130859375 0.089691162109375
0.040740966796875 -0.0101089477539063 -0.0445404052734375 0.0334510803222656
0.0663871765136719 0.0193557739257813 0.0814590454101563 -0.0013580322265625
0.0635528564453125 0.0350494384765625 0.37030029296875 -0.021759033203125
0.0483665466308594 0.0415992736816406 0.48760986328125 0.126129150390625
0.0184402465820313 0.0513420104980469 0.482391357421875 0.425628662109375
-0.0337543487548828 0.0320262908935547 0.2620849609375 0.68255615234375
-0.0405082702636719 -0.035919189453125 0.02545166015625 0.73583984375
0.0055694580078125 -0.0488014221191406 -0.05596923828125 0.473052978515625
0.0630645751953125 -0.0730743408203125 0.128952026367188 0.037872314453125
0.0495719909667969 -0.0545997619628906 0.224761962890625 -0.42742919921875
0.0198402404785156 -0.0445976257324219 -0.00793457031250005 -0.7216796875
-0.00580120086669922 -0.014592170715332 -0.43280029296875 -0.6260986328125
-0.0141220092773438 -0.00181961059570313 -0.6220703125 -0.30859375
0.00664710998535156 0.0105266571044922 -0.5677490234375 -0.09478759765625
0.02947998046875 0.00916099548339844 -0.33636474609375 0.08087158203125
0.0743942260742188 -0.013092041015625 -0.0368423461914063 0.0310440063476562
0.0947799682617187 0.0201187133789063 0.0950088500976563 -0.0109405517578125
0.094024658203125 0.0287094116210937 0.3719482421875 -0.032440185546875
0.0666160583496094 0.0247955322265625 0.49053955078125 0.1168212890625
0.0153770446777344 0.0384445190429687 0.49615478515625 0.411956787109375
-0.0517082214355469 0.037628173828125 0.28662109375 0.670654296875
-0.0627593994140625 -0.0134849548339844 0.0507202148437501 0.722412109375
-0.0101871490478516 -0.0200843811035156 -0.0426025390625 0.467254638671875
0.0530204772949219 -0.0447044372558594 0.135574340820313 0.0363388061523438
0.0417594909667969 -0.0284233093261719 0.2374267578125 -0.4285888671875
0.00601005554199219 -0.0220775604248047 0.0147705078125 -0.7298583984375
-0.0189304351806641 0.00266838073730468 -0.40850830078125 -0.64532470703125
-0.0226173400878906 0.00259780883789063 -0.6099853515625 -0.328369140625
0.0112524032592773 0.00359344482421875 -0.554534912109375 -0.109832763671875
0.0488662719726563 0.000888824462890625 -0.32550048828125 0.07098388671875
0.104583740234375 -0.0135345458984375 -0.0233097076416016 0.0287818908691406
0.113235473632813 0.0179367065429688 0.112411499023438 -0.0168380737304688
0.107757568359375 0.01983642578125 0.37139892578125 -0.0384521484375
0.0703125 0.010101318359375 0.494537353515625 0.1182861328125
0.00689888000488281 0.0301837921142578 0.5159912109375 0.40533447265625
-0.0666122436523438 0.0473480224609375 0.3157958984375 0.65936279296875
-0.0777359008789063 0.00617980957031249 0.078369140625 0.70526123046875
-0.0202102661132813 0.00514411926269532 -0.0263671875 0.451904296875
0.0463600158691406 -0.0203514099121094 0.142166137695313 0.021026611328125
0.0344257354736328 -0.00515365600585938 0.247772216796875 -0.442352294921875
-0.00542593002319336 -0.00243330001831055 0.0332031249999999 -0.7454833984375
-0.0319557189941406 0.0159130096435547 -0.3890380859375 -0.66448974609375
-0.0309562683105469 0.00318145751953125 -0.5947265625 -0.34820556640625
0.0145807266235352 -0.00559329986572266 -0.542755126953125 -0.122802734375
0.0654296875 -0.00665664672851563 -0.310211181640625 0.0636596679687499
0.127296447753906 -0.0103073120117188 -0.00324440002441405 0.0304012298583984
0.119209289550781 0.0148849487304687 0.129638671875 -0.0203170776367188
0.106536865234375 0.0102081298828125 0.375244140625 -0.037445068359375
0.0638313293457031 0.00230026245117187 0.507476806640625 0.128143310546875
-0.00262451171875 0.0300636291503906 0.537994384765625 0.404510498046875
-0.0750579833984375 0.0549850463867188 0.343505859375 0.646484375
-0.0832595825195312 0.0205917358398438 0.1016845703125 0.6783447265625
-0.0209217071533203 0.0208396911621094 -0.011260986328125 0.422882080078125
0.0448265075683594 -0.00360488891601562 0.151626586914063 -0.0051422119140625
0.0302448272705078 0.0108890533447266 0.2572021484375 -0.46563720703125
-0.0136327743530273 0.00791168212890625 0.0468750000000001 -0.7652587890625
-0.0412673950195313 0.0205955505371094 -0.37066650390625 -0.68206787109375
-0.0379791259765625 -0.00174713134765625 -0.5777587890625 -0.3585205078125
0.0163688659667969 -0.0159273147583008 -0.5252685546875 -0.12872314453125
0.0764617919921875 -0.0108413696289062 -0.291961669921875 0.0614013671875
0.14044189453125 -0.00272369384765625 0.0175819396972656 0.0362777709960938
-0.0465316772460938 0.0279922485351562 0.0985870361328125 0.0347137451171875
-0.0402030944824219 0.0540275573730469 0.35577392578125 0.030609130859375
-0.00670623779296876 0.078094482421875 0.488739013671875 0.212371826171875
0.0244674682617188 0.0582275390625 0.49932861328125 0.50146484375
0.0195636749267578 -0.0108108520507813 0.2552490234375 0.6883544921875
0.03082275390625 -0.100372314453125 0.00952148437499994 0.68328857421875
0.0660018920898438 -0.121124267578125 -0.049774169921875 0.385986328125
0.106513977050781 -0.138191223144531 0.138328552246094 -0.0569915771484375
0.0889205932617188 -0.123847961425781 0.182952880859375 -0.5096435546875
0.0699615478515625 -0.103363037109375 -0.0667114257812501 -0.751708984375
0.0372123718261719 -0.0535392761230469 -0.46978759765625 -0.59637451171875
-0.00048685073852539 0.00404691696166992 -0.6024169921875 -0.25640869140625
-0.0398635864257813 0.0414848327636719 -0.53472900390625 -0.0360107421875001
-0.0601005554199219 0.0238494873046875 -0.31610107421875 0.10723876953125
-0.0332927703857422 -0.00015449523925781 -0.0171394348144531 0.0505218505859375
-0.0308036804199219 0.0204257965087891 0.0798416137695313 0.0272674560546875
-0.0304183959960938 0.0493621826171875 0.34747314453125 0.02166748046875
-0.0069732666015625 0.080535888671875 0.476898193359375 0.198638916015625
0.0197639465332031 0.0699081420898438 0.479736328125 0.49786376953125
0.0145788192749023 0.00328350067138672 0.23956298828125 0.70098876953125
0.0255355834960938 -0.0922317504882813 -0.00335693359375003 0.7100830078125
0.060455322265625 -0.117835998535156 -0.062835693359375 0.4169921875
0.099456787109375 -0.13629150390625 0.132034301757813 -0.0260238647460938
0.079315185546875 -0.119087219238281 0.186492919921875 -0.480255126953125
0.0595932006835938 -0.100257873535156 -0.06622314453125 -0.733642578125
0.0293350219726563 -0.0549812316894531 -0.47747802734375 -0.5936279296875
0.00158095359802246 -0.00416278839111328 -0.61981201171875 -0.25885009765625
-0.0243339538574219 0.0366706848144531 -0.550537109375 -0.0478210449218751
-0.040740966796875 0.0255851745605469 -0.328338623046875 0.103271484375
-0.0178298950195313 -0.00353813171386719 -0.0341758728027344 0.042755126953125
-0.00304698944091797 0.0172576904296875 0.0709381103515625 0.0199813842773438
-0.00712203979492187 0.0434951782226563 0.35223388671875 0.007720947265625
0.0035858154296875 0.0744552612304688 0.478240966796875 0.171600341796875
0.0172119140625 0.0711517333984375 0.473388671875 0.47607421875
0.00211906433105469 0.0171871185302734 0.2379150390625 0.7005615234375
0.0103683471679687 -0.0774917602539063 -0.00451660156250007 0.728271484375
0.0452194213867188 -0.102043151855469 -0.066070556640625 0.443359375
0.0896453857421875 -0.123397827148438 0.126861572265625 0.00452423095703124
0.0691986083984375 -0.105552673339844 0.195770263671875 -0.45416259765625
0.0445556640625 -0.0882415771484375 -0.0539550781250001 -0.72198486328125
0.0186691284179688 -0.0478706359863281 -0.4715576171875 -0.59686279296875
-0.000791549682617188 -0.00825119018554688 -0.62847900390625 -0.268798828125
-0.0108509063720703 0.0277786254882813 -0.562164306640625 -0.0585632324218749
-0.0176219940185547 0.0227298736572266 -0.336578369140625 0.097198486328125
0.0101032257080078 -0.00685691833496094 -0.0433082580566406 0.0379867553710938
0.0310020446777344 0.0174884796142578 0.0718765258789063 0.00844573974609375
0.0257377624511719 0.0384979248046875 0.361053466796875 -0.008056640625
0.0237846374511719 0.0592155456542969 0.48309326171875 0.1456298828125
0.0164375305175781 0.0637855529785156 0.473876953125 0.44647216796875
-0.0135154724121094 0.0257492065429688 0.244873046875 0.69024658203125
-0.0135345458984375 -0.0570220947265625 0.00561523437499993 0.7347412109375
0.02618408203125 -0.077423095703125 -0.06488037109375 0.464141845703125
0.0750885009765625 -0.10211181640625 0.126922607421875 0.0277175903320312
0.0594711303710938 -0.0831069946289063 0.207672119140625 -0.436065673828125
0.0303802490234375 -0.0682296752929688 -0.0354003906249999 -0.7166748046875
0.00513267517089844 -0.0339069366455078 -0.455810546875 -0.60650634765625
-0.00590085983276367 -0.00587940216064453 -0.6297607421875 -0.28399658203125
-9.34600830078143E-05 0.0193405151367188 -0.56634521484375 -0.0748901367187499
0.00642585754394531 0.0184326171875 -0.3392333984375 0.0916748046874999
0.0415573120117188 -0.00980758666992188 -0.0429840087890625 0.0327720642089844
0.0662117004394531 0.0189170837402344 0.0801315307617188 -0.0011138916015625
0.0619163513183594 0.0344696044921875 0.3690185546875 -0.021331787109375
0.0485649108886719 0.0419692993164063 0.490203857421875 0.1241455078125
0.0180778503417969 0.0510292053222656 0.483123779296875 0.423126220703125
-0.0340824127197266 0.0331745147705078 0.2646484375 0.68048095703125
-0.0412979125976562 -0.0362586975097656 0.02606201171875 0.73370361328125
0.0056915283203125 -0.0485038757324219 -0.05511474609375 0.4722900390625
0.0621109008789063 -0.0739517211914063 0.128791809082031 0.037750244140625
0.049041748046875 -0.0572013854980469 0.22265625 -0.4268798828125
0.0170326232910156 -0.0442581176757813 -0.0125732421875 -0.71978759765625
-0.00761604309082032 -0.0138349533081055 -0.43585205078125 -0.623046875
-0.0131206512451172 -0.00111865997314453 -0.623046875 -0.30609130859375
0.00679588317871094 0.0112190246582031 -0.5643310546875 -0.09222412109375
0.0293254852294922 0.00886154174804688 -0.337066650390625 0.0817871093749999
0.0743484497070313 -0.0137557983398438 -0.0361366271972656 0.0296783447265625
0.0945281982421875 0.0191497802734375 0.0949325561523438 -0.0105438232421875
0.0926437377929688 0.02728271484375 0.371917724609375 -0.03192138671875
0.0657386779785156 0.0233230590820313 0.49176025390625 0.1129150390625
0.0145034790039063 0.0381126403808594 0.498443603515625 0.407562255859375
-0.0519638061523438 0.0378150939941406 0.28985595703125 0.6688232421875
-0.0637283325195312 -0.0142669677734375 0.05389404296875 0.72039794921875
-0.0103206634521484 -0.0193595886230469 -0.0416259765625 0.46746826171875
0.0517997741699219 -0.0446357727050781 0.133781433105469 0.0348892211914063
0.0414505004882813 -0.0292625427246094 0.2349853515625 -0.4276123046875
0.00639152526855469 -0.0220069885253906 0.0108032226562501 -0.72857666015625
-0.0194263458251953 0.0033416748046875 -0.41168212890625 -0.6417236328125
-0.0216808319091797 0.002593994140625 -0.61138916015625 -0.32684326171875
0.0112819671630859 0.00406360626220703 -0.554901123046875 -0.10821533203125
0.0503578186035156 0.00117874145507812 -0.323760986328125 0.072021484375
0.104118347167969 -0.0150527954101563 -0.0223903656005859 0.0280475616455078
0.112701416015625 0.0179367065429688 0.1119384765625 -0.0161590576171875
0.108619689941406 0.0194854736328125 0.371185302734375 -0.037933349609375
0.0706024169921875 0.0089874267578125 0.49713134765625 0.116302490234375
0.00678634643554688 0.0303096771240234 0.518585205078125 0.40264892578125
-0.06597900390625 0.0463180541992188 0.32073974609375 0.65771484375
-0.0781784057617188 0.00550842285156252 0.08172607421875 0.70159912109375
-0.0205631256103516 0.00527572631835938 -0.02508544921875 0.450836181640625
0.0452156066894531 -0.02032470703125 0.142105102539063 0.0196685791015625
0.0346126556396484 -0.00601959228515625 0.245819091796875 -0.44189453125
-0.00514602661132813 -0.00220251083374023 0.0291137695312499 -0.74481201171875
-0.0316734313964844 0.0150794982910156 -0.39227294921875 -0.66204833984375
-0.0300960540771484 0.00354957580566406 -0.5965576171875 -0.3450927734375
0.0141525268554687 -0.00475406646728516 -0.53997802734375 -0.121002197265625
0.064849853515625 -0.00576400756835938 -0.310333251953125 0.064483642578125
0.126296997070313 -0.0116653442382813 -0.00312614440917968 0.0299968719482422
0.1199951171875 0.01446533203125 0.128990173339844 -0.020721435546875
0.105384826660156 0.011016845703125 0.374267578125 -0.037933349609375
0.0629463195800781 0.00249862670898438 0.50634765625 0.12506103515625
-0.0032196044921875 0.0295200347900391 0.540740966796875 0.4029541015625
-0.0737838745117187 0.054962158203125 0.34625244140625 0.6444091796875
-0.0831756591796875 0.0202560424804688 0.1036376953125 0.6763916015625
-0.0212554931640625 0.0207691192626953 -0.01019287109375 0.422576904296875
0.0428390502929688 -0.00464630126953125 0.148941040039062 -0.0062713623046875
0.02947998046875 0.0104503631591797 0.255279541015625 -0.46502685546875
-0.0141696929931641 0.00878238677978516 0.04376220703125 -0.76324462890625
-0.0411453247070313 0.0193443298339844 -0.37432861328125 -0.67767333984375
-0.0381927490234375 -0.00223541259765625 -0.57861328125 -0.3570556640625
0.0155420303344727 -0.0142183303833008 -0.524017333984375 -0.124114990234375
0.0770111083984375 -0.0106887817382813 -0.2919921875 0.06292724609375
0.13916015625 -0.0030517578125 0.01715087890625 0.03607177734375
-0.0458869934082031 0.0276603698730469 0.0984268188476562 0.0342178344726562
-0.0397377014160156 0.0562973022460938 0.3544921875 0.02874755859375
-0.00746154785156249 0.0777969360351563 0.49017333984375 0.210784912109375
0.0247383117675781 0.0589447021484375 0.503753662109375 0.49920654296875
0.0194606781005859 -0.0105533599853516 0.25921630859375 0.68408203125
0.0314865112304687 -0.100532531738281 0.00994873046874997 0.682861328125
0.0664596557617188 -0.121315002441406 -0.050750732421875 0.38623046875
0.105598449707031 -0.138473510742188 0.137214660644531 -0.057159423828125
0.0875778198242188 -0.123939514160156 0.18115234375 -0.5096435546875
0.0691986083984375 -0.103187561035156 -0.0693969726562499 -0.75189208984375
0.0358200073242188 -0.0538902282714844 -0.47265625 -0.59552001953125
-0.00072479248046875 0.00419950485229492 -0.6041259765625 -0.2535400390625
-0.0405235290527344 0.0421104431152344 -0.53485107421875 -0.034637451171875
-0.0587234497070312 0.0239677429199219 -0.313720703125 0.108001708984375
-0.0316047668457031 -0.000579833984374994 -0.0169448852539062 0.0504570007324219
-0.0303325653076172 0.0202541351318359 0.079376220703125 0.0293350219726563
-0.0309371948242187 0.049530029296875 0.346527099609375 0.022705078125
-0.00777435302734374 0.0801010131835938 0.479583740234375 0.197998046875
0.0195884704589844 0.0691566467285156 0.482635498046875 0.496368408203125
0.0142822265625 0.00295925140380859 0.24407958984375 0.7021484375
0.0259323120117187 -0.0917816162109375 -0.00128173828124994 0.709228515625
0.0592803955078125 -0.117393493652344 -0.061859130859375 0.4163818359375
0.0992202758789063 -0.136238098144531 0.130043029785156 -0.02508544921875
0.0791473388671875 -0.119148254394531 0.1859130859375 -0.47991943359375
0.0586929321289063 -0.101318359375 -0.0676269531250001 -0.7332763671875
0.0290412902832031 -0.0557098388671875 -0.48077392578125 -0.59136962890625
0.00120019912719727 -0.00412774085998535 -0.621826171875 -0.25726318359375
-0.0235061645507812 0.0373191833496094 -0.549774169921875 -0.045806884765625
-0.0409393310546875 0.0268363952636719 -0.32818603515625 0.10357666015625
-0.0162143707275391 -0.0031423568725586 -0.0347557067871094 0.0417976379394531
-0.00246334075927734 0.0165910720825195 0.0716400146484375 0.019561767578125
-0.0077362060546875 0.0426864624023437 0.352264404296875 0.007537841796875
0.00286865234375 0.0730514526367188 0.4805908203125 0.170074462890625
0.0168075561523438 0.0709457397460937 0.47625732421875 0.473114013671875
0.0032205581665039 0.0166006088256836 0.24127197265625 0.698486328125
0.00991821289062501 -0.0770492553710938 -0.00219726562499995 0.7274169921875
0.0455474853515625 -0.101776123046875 -0.064697265625 0.4442138671875
0.0879364013671875 -0.123397827148438 0.126960754394531 0.00392913818359374
0.069091796875 -0.105636596679688 0.193817138671875 -0.454437255859375
0.044586181640625 -0.0891265869140625 -0.054443359375 -0.72222900390625
0.0172500610351562 -0.0480270385742188 -0.4742431640625 -0.5946044921875
-0.000864028930664063 -0.00653839111328125 -0.63055419921875 -0.2667236328125
-0.0105724334716797 0.0283336639404297 -0.56195068359375 -0.0580749511718749
-0.0168609619140625 0.0242805480957031 -0.336151123046875 0.09844970703125
0.009429931640625 -0.00673198699951172 -0.0436019897460938 0.0372047424316406
0.0311450958251953 0.01678466796875 0.0719680786132812 0.00914764404296875
0.0257186889648438 0.0384445190429688 0.360809326171875 -0.00787353515625
0.0242385864257813 0.0592536926269531 0.48516845703125 0.14361572265625
0.0177879333496094 0.0647163391113281 0.47869873046875 0.4462890625
-0.0149383544921875 0.0253047943115234 0.24798583984375 0.6898193359375
-0.013763427734375 -0.0573616027832031 0.00897216796874996 0.73590087890625
0.0264205932617187 -0.077728271484375 -0.06427001953125 0.4639892578125
0.0736312866210937 -0.101829528808594 0.124977111816406 0.0265274047851562
0.0581741333007813 -0.0833663940429688 0.205718994140625 -0.43560791015625
0.0308990478515625 -0.0689964294433594 -0.03594970703125 -0.71551513671875
0.00462913513183593 -0.0331802368164063 -0.45697021484375 -0.604736328125
-0.00563192367553711 -0.00455379486083984 -0.6300048828125 -0.28240966796875
0.0010833740234375 0.0197429656982422 -0.566650390625 -0.07373046875
0.00722503662109375 0.0179634094238281 -0.338348388671875 0.09136962890625
0.0409355163574219 -0.0113487243652344 -0.0430450439453125 0.0320816040039063
0.064971923828125 0.0181083679199219 0.080047607421875 -0.000854492187499999
0.0629310607910156 0.0344581604003906 0.3685302734375 -0.021697998046875
0.0481719970703125 0.0427360534667969 0.4908447265625 0.12152099609375
0.0177154541015625 0.0510406494140625 0.48651123046875 0.421905517578125
-0.0321903228759766 0.0311222076416016 0.26849365234375 0.67913818359375
-0.0407600402832031 -0.03485107421875 0.0288085937500001 0.735107421875
0.0050811767578125 -0.0483436584472656 -0.055877685546875 0.473663330078125
0.0610580444335938 -0.0733718872070313 0.127388000488281 0.0370330810546875
0.0493049621582031 -0.0555381774902344 0.220306396484375 -0.425384521484375
0.0179786682128906 -0.0448265075683594 -0.0133666992187499 -0.716796875
-0.00674724578857422 -0.0143833160400391 -0.43719482421875 -0.622314453125
-0.0130167007446289 -0.00103950500488281 -0.62506103515625 -0.30377197265625
0.00731182098388672 0.0129060745239258 -0.564208984375 -0.0916137695312501
0.0292816162109375 0.00916290283203125 -0.3343505859375 0.0821533203124999
0.0746307373046875 -0.014373779296875 -0.0374488830566406 0.0292015075683594
0.0948638916015625 0.0186767578125 0.0937118530273437 -0.00975799560546875
0.0928497314453125 0.0275421142578125 0.3717041015625 -0.033843994140625
0.0659713745117188 0.0235862731933594 0.493377685546875 0.11126708984375
0.0150489807128906 0.0371818542480469 0.501922607421875 0.406341552734375
-0.0506973266601562 0.0379905700683594 0.2926025390625 0.666748046875
-0.0635719299316406 -0.0133476257324219 0.05499267578125 0.72088623046875
-0.0101280212402344 -0.0195655822753906 -0.040802001953125 0.467071533203125
0.0515670776367188 -0.0443687438964844 0.131568908691406 0.0343704223632813
0.0410537719726563 -0.0297660827636719 0.234222412109375 -0.429046630859375
0.00517463684082031 -0.0218868255615234 0.00860595703125006 -0.72711181640625
-0.0210742950439453 0.003570556640625 -0.4149169921875 -0.6400146484375
-0.0228023529052734 0.00335311889648437 -0.6103515625 -0.324462890625
0.0107860565185547 0.00352096557617188 -0.55426025390625 -0.107818603515625
0.0491294860839844 0.0011749267578125 -0.32366943359375 0.071929931640625
0.104034423828125 -0.01397705078125 -0.0226211547851562 0.0283660888671875
0.111579895019531 0.0174407958984375 0.110458374023438 -0.016357421875
0.106666564941406 0.018280029296875 0.372039794921875 -0.03875732421875
0.0706634521484375 0.00870513916015625 0.49835205078125 0.113983154296875
0.00728988647460937 0.0292224884033203 0.52099609375 0.400909423828125
-0.0656166076660156 0.0466079711914062 0.32318115234375 0.65576171875
-0.0780563354492188 0.00572204589843749 0.0834960937499999 0.7032470703125
-0.02008056640625 0.00551223754882813 -0.025665283203125 0.449981689453125
0.0445022583007813 -0.0204925537109375 0.14044189453125 0.0193862915039063
0.0333671569824219 -0.00640678405761719 0.243865966796875 -0.44293212890625
-0.00555086135864258 -0.00272178649902344 0.0259399414062499 -0.74371337890625
-0.0310211181640625 0.0153293609619141 -0.39508056640625 -0.6591796875
-0.0306224822998047 0.00393295288085937 -0.596435546875 -0.3441162109375
0.0141468048095703 -0.00550174713134766 -0.54107666015625 -0.11907958984375
0.0650482177734375 -0.0056304931640625 -0.309295654296875 0.0652160644531249
0.127151489257813 -0.0114822387695313 -0.00371360778808593 0.0293312072753906
0.118354797363281 0.0142745971679688 0.127647399902344 -0.019744873046875
0.107421875 0.0108795166015625 0.3724365234375 -0.03814697265625
0.0623741149902344 0.00217056274414063 0.50811767578125 0.12451171875
-0.002899169921875 0.02874755859375 0.54437255859375 0.400634765625
-0.0738906860351563 0.0546798706054687 0.35009765625 0.64324951171875
-0.08209228515625 0.0215377807617188 0.10546875 0.67694091796875
-0.0199851989746094 0.0214500427246094 -0.01123046875 0.423126220703125
0.0424995422363281 -0.0035858154296875 0.148391723632813 -0.006378173828125
0.0287876129150391 0.00907135009765625 0.251434326171875 -0.464935302734375
-0.0144157409667969 0.00845050811767578 0.0426025390625 -0.76239013671875
-0.0421714782714844 0.0197906494140625 -0.37542724609375 -0.6776123046875
-0.0376167297363281 -0.00128936767578125 -0.57904052734375 -0.35675048828125
0.0162363052368164 -0.0147418975830078 -0.52325439453125 -0.12396240234375
0.0764617919921875 -0.009490966796875 -0.291656494140625 0.0616455078125
0.140045166015625 -0.0030975341796875 0.0173454284667969 0.0364761352539063
-0.0457077026367188 0.0273017883300781 0.0998077392578125 0.03485107421875
-0.0404777526855469 0.0564804077148437 0.35504150390625 0.0302734375
-0.00799560546875 0.0769119262695313 0.491607666015625 0.208251953125
0.02471923828125 0.0578346252441406 0.50775146484375 0.498992919921875
0.0197734832763672 -0.0116748809814453 0.2615966796875 0.68634033203125
0.031494140625 -0.100563049316406 0.0114135742187501 0.68365478515625
0.067626953125 -0.120048522949219 -0.050018310546875 0.387420654296875
0.105949401855469 -0.138694763183594 0.136772155761719 -0.0575103759765625
0.0872116088867188 -0.123466491699219 0.17962646484375 -0.5103759765625
0.0694808959960938 -0.103569030761719 -0.0712890625000001 -0.7513427734375
0.0359268188476563 -0.0545387268066406 -0.47509765625 -0.59600830078125
-0.000311374664306641 0.00319457054138184 -0.6075439453125 -0.2523193359375
-0.0401840209960937 0.0432815551757812 -0.536376953125 -0.0359802246093749
-0.0600204467773438 0.0249443054199219 -0.313751220703125 0.10894775390625
-0.0325660705566406 -3.81469726562455E-05 -0.017791748046875 0.0513191223144531
-0.0299701690673828 0.0199794769287109 0.0801239013671875 0.0290756225585938
-0.0324249267578125 0.0498161315917969 0.34869384765625 0.02069091796875
-0.006439208984375 0.080169677734375 0.4808349609375 0.196258544921875
0.0193901062011719 0.068145751953125 0.4869384765625 0.496917724609375
0.0148258209228516 0.00269412994384766 0.24639892578125 0.69970703125
0.025970458984375 -0.0927047729492188 -0.000976562499999956 0.711181640625
0.059417724609375 -0.117919921875 -0.059417724609375 0.41693115234375
0.098419189453125 -0.137962341308594 0.129997253417969 -0.0270538330078125
0.0782318115234375 -0.120330810546875 0.183013916015625 -0.481719970703125
0.0577392578125 -0.101402282714844 -0.0694580078125 -0.73504638671875
0.0281791687011719 -0.0558929443359375 -0.48382568359375 -0.5914306640625
0.00249767303466797 -0.00489282608032227 -0.623046875 -0.25537109375
-0.0243988037109375 0.0371208190917969 -0.55279541015625 -0.04547119140625
-0.0412445068359375 0.028076171875 -0.32708740234375 0.10400390625
-0.016657829284668 -0.00427627563476563 -0.0348052978515625 0.0429191589355469
-0.00257492065429688 0.0162220001220703 0.072357177734375 0.02032470703125
-0.00769424438476562 0.0441627502441406 0.353363037109375 0.0081787109375
0.00357818603515624 0.0731201171875 0.481689453125 0.166473388671875
0.016204833984375 0.0705795288085938 0.479644775390625 0.47369384765625
0.00416851043701172 0.0158271789550781 0.24554443359375 0.6976318359375
0.00994873046875001 -0.0774154663085937 -0.000732421874999951 0.72906494140625
0.0459747314453125 -0.102249145507812 -0.06573486328125 0.445068359375
0.0869903564453125 -0.124710083007812 0.125434875488281 0.00392913818359374
0.0678863525390625 -0.105247497558594 0.193206787109375 -0.45526123046875
0.0448760986328125 -0.0903167724609375 -0.0582275390625001 -0.72314453125
0.0174446105957031 -0.0491981506347656 -0.4774169921875 -0.59552001953125
-0.00185632705688477 -0.00622987747192383 -0.633544921875 -0.2672119140625
-0.00956344604492188 0.0295238494873047 -0.565185546875 -0.05780029296875
-0.01690673828125 0.0255355834960938 -0.336761474609375 0.100372314453125
0.0103359222412109 -0.00674343109130859 -0.0437507629394531 0.0367546081542969
0.0305194854736328 0.0164260864257813 0.0714111328125 0.00948333740234375
0.0250968933105469 0.0382003784179688 0.361175537109375 -0.008392333984375
0.0241622924804687 0.05950927734375 0.48736572265625 0.1409912109375
0.0169105529785156 0.0637664794921875 0.48199462890625 0.44390869140625
-0.0142917633056641 0.0250873565673828 0.2520751953125 0.68890380859375
-0.0144996643066406 -0.0577545166015625 0.0100708007812501 0.7354736328125
0.0266571044921875 -0.0789413452148438 -0.063751220703125 0.464202880859375
0.0735321044921875 -0.101280212402344 0.124114990234375 0.0258026123046875
0.0579147338867188 -0.0834426879882813 0.204681396484375 -0.436279296875
0.030914306640625 -0.0692405700683594 -0.0365600585937501 -0.715087890625
0.00451087951660156 -0.0327510833740234 -0.46148681640625 -0.6046142578125
-0.00607490539550781 -0.00580978393554688 -0.6337890625 -0.28076171875
0.000417709350585936 0.0204944610595703 -0.56829833984375 -0.0726928710937501
0.00720024108886719 0.0199050903320312 -0.33892822265625 0.091033935546875
0.0415420532226562 -0.0112152099609375 -0.0437774658203125 0.0326080322265625
0.0662460327148438 0.0185508728027344 0.0792999267578125 -0.000251770019531249
0.0633087158203125 0.0342330932617188 0.369781494140625 -0.022369384765625
0.0488777160644531 0.0417098999023437 0.49273681640625 0.12078857421875
0.0185508728027344 0.0505218505859375 0.491546630859375 0.420928955078125
-0.0329017639160156 0.0312385559082031 0.27227783203125 0.67828369140625
-0.0401458740234375 -0.0348968505859375 0.0305786132812499 0.73553466796875
0.00573348999023438 -0.048492431640625 -0.05560302734375 0.473785400390625
0.0609130859375 -0.0732040405273438 0.126678466796875 0.037353515625
0.0469169616699219 -0.0568580627441406 0.21893310546875 -0.4263916015625
0.0176620483398438 -0.0444793701171875 -0.0147705078125 -0.71942138671875
-0.00762557983398438 -0.0159482955932617 -0.4405517578125 -0.6212158203125
-0.0126419067382813 -0.00140953063964844 -0.6275634765625 -0.3026123046875
0.00717449188232422 0.0121383666992188 -0.56695556640625 -0.09027099609375
0.0294933319091797 0.0108585357666016 -0.335723876953125 0.0811462402343749
0.0738677978515625 -0.014801025390625 -0.0368003845214844 0.0292892456054687
0.0944900512695313 0.0193023681640625 0.0941314697265625 -0.0088348388671875
0.0928573608398438 0.0277175903320313 0.373199462890625 -0.033447265625
0.0653114318847656 0.0233650207519531 0.49664306640625 0.110992431640625
0.01556396484375 0.0373687744140625 0.505279541015625 0.405364990234375
-0.0511131286621094 0.0383491516113281 0.29833984375 0.66632080078125
-0.0632820129394531 -0.01336669921875 0.0568847656250001 0.72186279296875
-0.0108604431152344 -0.0199069976806641 -0.04083251953125 0.468505859375
0.0503044128417969 -0.045501708984375 0.131584167480469 0.0344009399414063
0.0403518676757813 -0.0304489135742188 0.230804443359375 -0.429534912109375
0.0044097900390625 -0.0220108032226563 0.00775146484374994 -0.72796630859375
-0.0194797515869141 0.00225639343261718 -0.41644287109375 -0.63885498046875
-0.0213413238525391 0.00256729125976562 -0.61444091796875 -0.32452392578125
0.011683464050293 0.00481605529785156 -0.556793212890625 -0.10601806640625
0.0500259399414063 0.000972747802734375 -0.32391357421875 0.07257080078125
0.104530334472656 -0.0135726928710938 -0.0235004425048828 0.0277729034423828
0.113059997558594 0.0172958374023438 0.1103515625 -0.0162353515625
0.10675048828125 0.0185089111328125 0.3731689453125 -0.03875732421875
0.0712051391601563 0.00901031494140625 0.50091552734375 0.11297607421875
0.00687217712402344 0.0300006866455078 0.525146484375 0.39990234375
-0.0658531188964844 0.0457038879394531 0.32659912109375 0.6551513671875
-0.0783767700195313 0.00650787353515624 0.0841674804687499 0.70367431640625
-0.0195026397705078 0.00517654418945312 -0.02435302734375 0.451385498046875
0.0437088012695313 -0.0213661193847656 0.13958740234375 0.0187606811523438
0.0335559844970703 -0.00604438781738281 0.243682861328125 -0.442291259765625
-0.00685644149780274 -0.00363779067993164 0.0249633789062501 -0.7430419921875
-0.0317497253417969 0.0145988464355469 -0.39605712890625 -0.6588134765625
-0.02978515625 0.00331687927246094 -0.59918212890625 -0.343505859375
0.0152673721313477 -0.00458812713623047 -0.542999267578125 -0.117706298828125
0.0649261474609375 -0.005035400390625 -0.309051513671875 0.065093994140625
0.127082824707031 -0.0120162963867188 -0.00440216064453124 0.0300712585449219
0.119537353515625 0.01495361328125 0.126693725585938 -0.01910400390625
0.10748291015625 0.0111465454101562 0.374542236328125 -0.038055419921875
0.0629425048828125 0.00191879272460937 0.513153076171875 0.1209716796875
-0.00174522399902344 0.0284957885742188 0.548797607421875 0.39910888671875
-0.0736236572265625 0.0548553466796875 0.35504150390625 0.64178466796875
-0.082794189453125 0.0218658447265625 0.1082763671875 0.678466796875
-0.0201625823974609 0.0214500427246094 -0.009429931640625 0.424224853515625
0.042327880859375 -0.003326416015625 0.146377563476563 -0.0058746337890625
0.0290374755859375 0.00914955139160156 0.250762939453125 -0.465301513671875
-0.0140552520751953 0.00755596160888672 0.0390014648437499 -0.7637939453125
-0.0423088073730469 0.0191154479980469 -0.37982177734375 -0.6768798828125
-0.036956787109375 -0.00257492065429688 -0.58306884765625 -0.35589599609375
0.0167016983032227 -0.0143966674804688 -0.524566650390625 -0.12298583984375
0.0770263671875 -0.009857177734375 -0.291778564453125 0.06292724609375
0.1395263671875 -0.00472259521484375 0.0172576904296875 0.0355186462402344
-0.0458106994628906 0.0274124145507812 0.0998458862304687 0.035552978515625
-0.0412101745605469 0.0563011169433594 0.3568115234375 0.02880859375
-0.00833892822265625 0.0782699584960937 0.493988037109375 0.20751953125
0.0245018005371094 0.0569267272949219 0.51202392578125 0.497772216796875
0.0204792022705078 -0.0123996734619141 0.2645263671875 0.6875
0.0327835083007812 -0.1011962890625 0.0135498046875 0.68560791015625
0.0666122436523438 -0.121940612792969 -0.0499267578125 0.386749267578125
0.105178833007812 -0.1402587890625 0.134880065917969 -0.05755615234375
0.0867462158203125 -0.125236511230469 0.177978515625 -0.513092041015625
0.06964111328125 -0.104896545410156 -0.07550048828125 -0.75421142578125
0.0357704162597656 -0.055145263671875 -0.48028564453125 -0.59521484375
-0.000156641006469727 0.00280117988586426 -0.6104736328125 -0.25347900390625
-0.0402717590332031 0.0435676574707031 -0.537750244140625 -0.0336608886718751
-0.0602264404296875 0.02606201171875 -0.314666748046875 0.11083984375
-0.0320339202880859 -0.000581741333007811 -0.0178413391113281 0.0505409240722656
-0.0295276641845703 0.0199413299560547 0.0810317993164063 0.0311203002929688
-0.0322685241699219 0.050048828125 0.349945068359375 0.021514892578125
-0.00827789306640624 0.0789337158203125 0.48529052734375 0.196807861328125
0.0197257995605469 0.0685005187988281 0.492279052734375 0.495269775390625
0.0162363052368164 0.00169181823730469 0.25067138671875 0.700927734375
0.0254974365234375 -0.093109130859375 0.00195312499999995 0.712890625
0.05938720703125 -0.117668151855469 -0.061309814453125 0.419158935546875
0.098663330078125 -0.137054443359375 0.129341125488281 -0.0264053344726563
0.0790786743164063 -0.120895385742187 0.182861328125 -0.48284912109375
0.0578384399414063 -0.102058410644531 -0.0734863281250001 -0.7342529296875
0.028411865234375 -0.056243896484375 -0.48724365234375 -0.59161376953125
0.0015866756439209 -0.00421977043151856 -0.626708984375 -0.256591796875
-0.0237922668457031 0.0394630432128906 -0.554656982421875 -0.044036865234375
-0.0412445068359375 0.0284194946289062 -0.328277587890625 0.105133056640625
-0.016754150390625 -0.00419902801513672 -0.0342216491699219 0.0430145263671875
-0.00283336639404297 0.0162258148193359 0.0730972290039063 0.0219268798828125
-0.00923538208007813 0.0429649353027344 0.355712890625 0.007598876953125
0.00191497802734374 0.072113037109375 0.48553466796875 0.168670654296875
0.0172462463378906 0.070037841796875 0.486236572265625 0.4725341796875
0.00305938720703125 0.0155496597290039 0.24920654296875 0.69970703125
0.010711669921875 -0.0778350830078125 0.000305175781250046 0.731201171875
0.0465240478515625 -0.102943420410156 -0.065399169921875 0.44781494140625
0.087127685546875 -0.124420166015625 0.124710083007813 0.00377655029296874
0.068023681640625 -0.107421875 0.190673828125 -0.45697021484375
0.0450363159179687 -0.0906829833984375 -0.0599365234375 -0.72271728515625
0.0168266296386719 -0.0488967895507812 -0.4822998046875 -0.59442138671875
-0.000851154327392577 -0.00780248641967773 -0.63690185546875 -0.2667236328125
-0.00951004028320312 0.0294036865234375 -0.5662841796875 -0.0566406249999999
-0.0163135528564453 0.025634765625 -0.33807373046875 0.1005859375
0.00940418243408203 -0.00690078735351562 -0.0436859130859375 0.0376548767089844
0.0314750671386719 0.0160770416259766 0.0721893310546875 0.0103530883789063
0.0239715576171875 0.0384330749511719 0.363739013671875 -0.007904052734375
0.0237770080566406 0.0589218139648438 0.490386962890625 0.140716552734375
0.017303466796875 0.0635147094726563 0.48583984375 0.444183349609375
-0.0136909484863281 0.0261993408203125 0.2548828125 0.69140625
-0.0129585266113281 -0.0574913024902344 0.01123046875 0.73895263671875
0.0263214111328125 -0.0782623291015625 -0.062744140625 0.466522216796875
0.0730743408203125 -0.102378845214844 0.123519897460938 0.026885986328125
0.0576248168945312 -0.0843582153320313 0.20257568359375 -0.4388427734375
0.0308341979980469 -0.0694198608398438 -0.040283203125 -0.7171630859375
0.00419425964355469 -0.0348033905029297 -0.46453857421875 -0.60302734375
-0.00722408294677734 -0.00473690032958984 -0.6365966796875 -0.28082275390625
0.000484466552734373 0.0213756561279297 -0.5692138671875 -0.0720214843750001
0.0076446533203125 0.0193748474121094 -0.339508056640625 0.092254638671875
0.0419998168945313 -0.0108680725097656 -0.0452041625976562 0.0328140258789062
0.0663490295410156 0.0178756713867188 0.0798568725585938 0.000465393066406251
0.0624046325683594 0.0347862243652344 0.37176513671875 -0.0230712890625
0.0484085083007812 0.04180908203125 0.49493408203125 0.119476318359375
0.0175132751464844 0.0499839782714844 0.497955322265625 0.419219970703125
-0.0329971313476563 0.0314464569091797 0.27490234375 0.67999267578125
-0.0409393310546875 -0.035308837890625 0.03155517578125 0.73870849609375
0.00611495971679687 -0.048736572265625 -0.0538330078125 0.475433349609375
0.06048583984375 -0.0736541748046875 0.125778198242188 0.0379409790039062
0.0481834411621094 -0.0576248168945313 0.218505859375 -0.429168701171875
0.01641845703125 -0.0453262329101562 -0.01727294921875 -0.71990966796875
-0.00849628448486328 -0.0158071517944336 -0.44329833984375 -0.62200927734375
-0.0138740539550781 -0.00111484527587891 -0.631103515625 -0.3013916015625
0.00775814056396484 0.0136661529541016 -0.5677490234375 -0.0889282226562499
0.0302104949951172 0.0107231140136719 -0.3363037109375 0.08251953125
0.0748519897460938 -0.015106201171875 -0.03704833984375 0.0296974182128906
0.0939407348632812 0.01824951171875 0.0936813354492188 -0.008697509765625
0.0921630859375 0.0284423828125 0.3751220703125 -0.032684326171875
0.0666275024414063 0.0228424072265625 0.499603271484375 0.10894775390625
0.0152435302734375 0.0368843078613281 0.510833740234375 0.40435791015625
-0.0500755310058594 0.0381011962890625 0.30096435546875 0.6666259765625
-0.0631980895996094 -0.0136337280273438 0.0592041015625 0.72515869140625
-0.0101337432861328 -0.0186882019042969 -0.0413818359375 0.47113037109375
0.0496826171875 -0.0453147888183594 0.130233764648437 0.0340118408203125
0.0400924682617188 -0.0300827026367188 0.230743408203125 -0.42999267578125
0.00478172302246094 -0.0215950012207031 0.00354003906249992 -0.72857666015625
-0.0205459594726563 0.000783920288085935 -0.419677734375 -0.640869140625
-0.0219650268554688 0.00424575805664063 -0.61614990234375 -0.3238525390625
0.0124397277832031 0.00486660003662109 -0.557769775390625 -0.105987548828125
0.0490570068359375 0.00224685668945312 -0.32421875 0.072174072265625
0.104515075683594 -0.014862060546875 -0.0230140686035156 0.0282554626464844
0.1129150390625 0.0175323486328125 0.110275268554688 -0.0150299072265625
0.106773376464844 0.0188827514648438 0.374847412109375 -0.03900146484375
0.0706100463867188 0.00795745849609375 0.5035400390625 0.11090087890625
0.00777244567871094 0.0283241271972656 0.530242919921875 0.399688720703125
-0.0660400390625 0.0465583801269531 0.33197021484375 0.6571044921875
-0.0791244506835937 0.00753021240234376 0.086669921875 0.70660400390625
-0.0189208984375 0.0054931640625 -0.02398681640625 0.4537353515625
0.0433120727539063 -0.0208015441894531 0.138351440429688 0.0193252563476563
0.0328655242919922 -0.00609207153320313 0.240478515625 -0.445281982421875
-0.00645208358764648 -0.00249958038330078 0.02203369140625 -0.7459716796875
-0.0315933227539063 0.0146236419677734 -0.39984130859375 -0.660888671875
-0.0304756164550781 0.00318527221679687 -0.60211181640625 -0.34356689453125
0.0147418975830078 -0.00360107421875 -0.544097900390625 -0.118408203125
0.0661811828613281 -0.00492095947265625 -0.310333251953125 0.0648193359375
0.127265930175781 -0.0129470825195313 -0.00390243530273437 0.0287513732910156
0.118362426757813 0.0145950317382813 0.128074645996094 -0.0184478759765625
0.10650634765625 0.0120010375976563 0.375152587890625 -0.03729248046875
0.0627021789550781 0.00147247314453125 0.51416015625 0.12060546875
-0.00380897521972656 0.02862548828125 0.553741455078125 0.397735595703125
-0.0732421875 0.0543594360351562 0.35626220703125 0.6441650390625
-0.0818634033203125 0.0221023559570312 0.10992431640625 0.68084716796875
-0.0207118988037109 0.0214366912841797 -0.010009765625 0.425933837890625
0.0426521301269531 -0.003814697265625 0.14605712890625 -0.007110595703125
0.0278167724609375 0.0090179443359375 0.2493896484375 -0.46868896484375
-0.0145940780639648 0.00795841217041016 0.035400390625 -0.76458740234375
-0.0427589416503906 0.0186653137207031 -0.38311767578125 -0.67828369140625
-0.0372657775878906 -0.00104522705078125 -0.58514404296875 -0.35528564453125
0.017852783203125 -0.0133266448974609 -0.527191162109375 -0.122039794921875
0.0779190063476563 -0.00896453857421875 -0.291656494140625 0.0626220703125
0.139205932617188 -0.0050811767578125 0.0164566040039063 0.0347499847412109
-0.0452117919921875 0.0272903442382812 0.0996780395507813 0.0356216430664063
-0.0426826477050781 0.0567359924316406 0.3587646484375 0.029510498046875
-0.0086822509765625 0.0783538818359375 0.498077392578125 0.2059326171875
0.0238723754882812 0.0576171875 0.5181884765625 0.49774169921875
0.0203037261962891 -0.0127525329589844 0.27032470703125 0.68865966796875
0.0319976806640625 -0.101913452148437 0.0157470703125 0.68890380859375
0.0679550170898438 -0.122535705566406 -0.04974365234375 0.38983154296875
0.105888366699219 -0.140342712402344 0.134246826171875 -0.0579605102539063
0.0852203369140625 -0.126541137695313 0.176727294921875 -0.5172119140625
0.069976806640625 -0.1046142578125 -0.07659912109375 -0.75457763671875
0.0358467102050781 -0.0554656982421875 -0.4842529296875 -0.5972900390625
0.000689983367919922 0.00323677062988281 -0.615966796875 -0.2515869140625
-0.0405693054199219 0.0436325073242188 -0.54132080078125 -0.033355712890625
-0.0600128173828125 0.026031494140625 -0.3150634765625 0.11163330078125
-0.0324974060058594 -0.00188064575195312 -0.0177154541015625 0.0508651733398438
-0.0287647247314453 0.0197982788085938 0.081298828125 0.0301971435546875
-0.03179931640625 0.0501594543457031 0.3524169921875 0.021575927734375
-0.0073089599609375 0.0806350708007813 0.488525390625 0.1944580078125
0.0207977294921875 0.0682106018066406 0.49896240234375 0.49560546875
0.0156278610229492 0.00139427185058594 0.2564697265625 0.7044677734375
0.025787353515625 -0.095306396484375 0.00421142578124997 0.7154541015625
0.06048583984375 -0.117660522460937 -0.05999755859375 0.42144775390625
0.0987701416015625 -0.139320373535156 0.129692077636719 -0.0261306762695313
0.0778121948242188 -0.122268676757813 0.180328369140625 -0.486114501953125
0.058380126953125 -0.103446960449219 -0.0747680664062501 -0.7366943359375
0.0281944274902344 -0.0573768615722656 -0.49224853515625 -0.59271240234375
0.000928401947021484 -0.00356292724609375 -0.6329345703125 -0.2547607421875
-0.0242271423339844 0.0395393371582031 -0.55645751953125 -0.0434265136718751
-0.040985107421875 0.0304145812988281 -0.32830810546875 0.107574462890625
-0.0169620513916016 -0.003143310546875 -0.0357170104980469 0.0422592163085938
-0.00227451324462891 0.0167865753173828 0.072540283203125 0.0223922729492187
-0.009185791015625 0.0435104370117187 0.356109619140625 0.00799560546875001
0.00331878662109374 0.0730514526367188 0.489654541015625 0.167083740234375
0.0173416137695313 0.0710678100585938 0.49188232421875 0.473388671875
0.00315570831298828 0.0150947570800781 0.25347900390625 0.7022705078125
0.0105438232421875 -0.0785675048828125 0.00396728515625002 0.73370361328125
0.046142578125 -0.1033935546875 -0.06463623046875 0.448760986328125
0.0863723754882813 -0.125595092773438 0.124885559082031 0.00366973876953124
0.0678939819335938 -0.107551574707031 0.18975830078125 -0.46044921875
0.0447158813476563 -0.09124755859375 -0.0625610351562499 -0.72662353515625
0.0174293518066406 -0.0496025085449219 -0.486083984375 -0.59661865234375
-0.000735282897949219 -0.00742864608764649 -0.64251708984375 -0.2657470703125
-0.00948905944824219 0.0306892395019531 -0.56939697265625 -0.05548095703125
-0.0178890228271484 0.0260009765625 -0.33990478515625 0.101226806640625
0.00935554504394531 -0.00780868530273437 -0.0441207885742188 0.037261962890625
0.030609130859375 0.0150833129882813 0.0721664428710938 0.012603759765625
0.0254478454589844 0.0391464233398437 0.365447998046875 -0.008636474609375
0.0238037109375 0.0596961975097656 0.494842529296875 0.13958740234375
0.0166053771972656 0.0634078979492188 0.493072509765625 0.44427490234375
-0.0135784149169922 0.0253105163574219 0.2596435546875 0.69354248046875
-0.0134010314941406 -0.0585174560546875 0.0130615234375 0.74261474609375
0.0267410278320313 -0.0794677734375 -0.0617980957031251 0.46856689453125
0.0730438232421875 -0.102752685546875 0.123390197753906 0.0263671875
0.0578231811523438 -0.0852890014648438 0.20220947265625 -0.441070556640625
0.0289077758789063 -0.0697212219238281 -0.0441894531250001 -0.720947265625
0.00446128845214843 -0.0345478057861328 -0.46954345703125 -0.60650634765625
-0.00545263290405273 -0.00517511367797851 -0.64373779296875 -0.281005859375
0.00107765197753906 0.0212669372558594 -0.5745849609375 -0.0712890625000001
0.0077056884765625 0.0198879241943359 -0.342620849609375 0.0941162109375
0.0409927368164063 -0.012176513671875 -0.0445404052734375 0.0327911376953125
0.0660133361816406 0.0181121826171875 0.0806198120117187 0.000701904296875001
0.0634078979492188 0.03497314453125 0.376129150390625 -0.022552490234375
0.0491523742675781 0.0410346984863281 0.500640869140625 0.119659423828125
0.018157958984375 0.0496368408203125 0.503204345703125 0.419647216796875
-0.0325832366943359 0.0329818725585937 0.27862548828125 0.68243408203125
-0.0408973693847656 -0.0355720520019531 0.03338623046875 0.7415771484375
0.00606918334960938 -0.049896240234375 -0.054046630859375 0.47796630859375
0.0595779418945313 -0.0755157470703125 0.125030517578125 0.038421630859375
0.0486221313476563 -0.056884765625 0.216583251953125 -0.43170166015625
0.0163917541503906 -0.0466194152832031 -0.01995849609375 -0.7225341796875
-0.00854682922363281 -0.0154094696044922 -0.44873046875 -0.62335205078125
-0.0135383605957031 -0.00085926055908203 -0.6358642578125 -0.30328369140625
0.00728893280029297 0.0132637023925781 -0.57177734375 -0.088623046875
0.0302848815917969 0.0120849609375 -0.33734130859375 0.08380126953125
0.0750808715820313 -0.01568603515625 -0.0365982055664063 0.0301895141601562
0.0952682495117188 0.0182418823242188 0.0939102172851563 -0.0089569091796875
0.0930557250976563 0.029815673828125 0.37646484375 -0.033355712890625
0.0666656494140625 0.0234642028808594 0.50286865234375 0.106658935546875
0.0157890319824219 0.0359916687011719 0.516815185546875 0.403106689453125
-0.0519371032714844 0.0379562377929687 0.305419921875 0.6697998046875
-0.0641937255859375 -0.01312255859375 0.0599365234374999 0.7281494140625
-0.0107192993164062 -0.0193805694580078 -0.0401611328125 0.471435546875
0.0488624572753906 -0.0458030700683594 0.130790710449219 0.0346145629882813
0.0401153564453125 -0.0301170349121094 0.2308349609375 -0.4344482421875
0.0035858154296875 -0.0224246978759766 0.00164794921874996 -0.7308349609375
-0.0200977325439453 0.00194740295410157 -0.4254150390625 -0.642578125
-0.0218238830566406 0.00341415405273438 -0.62152099609375 -0.324951171875
0.0119428634643555 0.00513172149658203 -0.560882568359375 -0.106475830078125
0.0505599975585938 0.00356674194335937 -0.32696533203125 0.0727233886718751
0.104530334472656 -0.0161972045898438 -0.0230770111083984 0.0284328460693359
0.113044738769531 0.0175399780273437 0.109779357910156 -0.0149917602539063
0.108680725097656 0.0182952880859375 0.37701416015625 -0.039764404296875
0.0717391967773438 0.007476806640625 0.506866455078125 0.11065673828125
0.00757026672363281 0.0288600921630859 0.53717041015625 0.397705078125
-0.0669898986816406 0.0469169616699219 0.336181640625 0.65625
-0.0798416137695312 0.00758361816406251 0.0893554687499999 0.70947265625
-0.0196094512939453 0.00498771667480469 -0.022857666015625 0.455657958984375
0.0430641174316406 -0.0215110778808594 0.137565612792969 0.01873779296875
0.032135009765625 -0.00699424743652344 0.241455078125 -0.4471435546875
-0.00747299194335937 -0.00179815292358398 0.0201416015625 -0.74664306640625
-0.0327854156494141 0.0140190124511719 -0.40478515625 -0.6644287109375
-0.0311260223388672 0.00301933288574219 -0.6064453125 -0.34429931640625
0.0154094696044922 -0.00364208221435547 -0.54736328125 -0.11785888671875
0.0663604736328125 -0.00305557250976562 -0.310943603515625 0.0656738281250001
0.128059387207031 -0.0129165649414063 -0.00409889221191405 0.0295047760009766
0.119529724121094 0.013397216796875 0.127510070800781 -0.0170516967773438
0.108352661132812 0.0108642578125 0.377044677734375 -0.039031982421875
0.0645179748535156 0.000766754150390625 0.519134521484375 0.1181640625
-0.00339508056640625 0.0280132293701172 0.558349609375 0.398529052734375
-0.0741806030273438 0.0560989379882813 0.36328125 0.6461181640625
-0.0831069946289062 0.021636962890625 0.10992431640625 0.68408203125
-0.0198326110839844 0.021087646484375 -0.00912475585937499 0.42724609375
0.0422554016113281 -0.00468063354492188 0.146270751953125 -0.00775146484375
0.0270767211914063 0.00870895385742188 0.249969482421875 -0.469268798828125
-0.0148983001708984 0.00888538360595703 0.0335693359375001 -0.7684326171875
-0.0429725646972656 0.0188217163085938 -0.3861083984375 -0.68035888671875
-0.0375595092773438 -0.00235366821289063 -0.59051513671875 -0.35614013671875
0.0174579620361328 -0.0132675170898438 -0.531036376953125 -0.121856689453125
0.078521728515625 -0.00884246826171875 -0.29364013671875 0.06329345703125
0.140640258789063 -0.0055694580078125 0.0164566040039063 0.0351028442382813
-0.0440597534179688 0.0266914367675781 0.101150512695313 0.035491943359375
-0.0433845520019531 0.056671142578125 0.361602783203125 0.028045654296875
-0.009552001953125 0.0789718627929688 0.50262451171875 0.206634521484375
0.0253982543945312 0.0574150085449219 0.522796630859375 0.497650146484375
0.0209636688232422 -0.0126705169677734 0.2755126953125 0.69195556640625
0.032135009765625 -0.103370666503906 0.017333984375 0.6937255859375
0.068817138671875 -0.122848510742188 -0.048828125 0.392578125
0.105422973632813 -0.14105224609375 0.134681701660156 -0.0586395263671875
0.0855712890625 -0.128013610839844 0.176849365234375 -0.520111083984375
0.070281982421875 -0.107574462890625 -0.08087158203125 -0.760986328125
0.0360298156738281 -0.0566864013671875 -0.48944091796875 -0.59967041015625
-0.000210046768188477 0.00420045852661133 -0.61993408203125 -0.2518310546875
-0.0407791137695313 0.0457267761230469 -0.543914794921875 -0.0317077636718749
-0.0597267150878906 0.0274848937988281 -0.3179931640625 0.113616943359375
-0.0333309173583984 -0.00154685974121094 -0.0179328918457031 0.0511093139648437
-0.0288867950439453 0.0190315246582031 0.0817718505859375 0.0302658081054688
-0.0333480834960938 0.0501937866210938 0.355194091796875 0.02191162109375
-0.00834655761718751 0.0816192626953125 0.4923095703125 0.193756103515625
0.0200271606445313 0.0692634582519531 0.505950927734375 0.494598388671875
0.0158596038818359 0.00238418579101563 0.2598876953125 0.70770263671875
0.0251235961914063 -0.0948028564453125 0.00708007812499993 0.720458984375
0.060150146484375 -0.119499206542969 -0.05889892578125 0.42425537109375
0.0995407104492188 -0.1405029296875 0.129356384277344 -0.0262908935546875
0.0777816772460938 -0.124427795410156 0.178436279296875 -0.490631103515625
0.0586318969726563 -0.10369873046875 -0.07867431640625 -0.7442626953125
0.0281410217285156 -0.0581207275390625 -0.4974365234375 -0.59588623046875
0.00128984451293945 -0.00327324867248535 -0.63787841796875 -0.25469970703125
-0.02349853515625 0.0399246215820313 -0.561553955078125 -0.0421142578125001
-0.0413475036621094 0.0304908752441406 -0.331329345703125 0.108642578125
-0.0168256759643555 -0.00479698181152344 -0.0345306396484375 0.0434989929199219
-0.00196647644042969 0.0159988403320313 0.0736541748046875 0.0228042602539062
-0.009552001953125 0.04302978515625 0.360504150390625 0.0078125
0.00188446044921876 0.0729904174804688 0.494293212890625 0.164703369140625
0.0173263549804688 0.0706787109375 0.499359130859375 0.4727783203125
0.00484085083007813 0.0145053863525391 0.25738525390625 0.70367431640625
0.010284423828125 -0.0789718627929687 0.00573730468749999 0.7393798828125
0.0476608276367187 -0.104774475097656 -0.06256103515625 0.45361328125
0.0876235961914063 -0.126564025878906 0.124252319335938 0.00396728515624999
0.0681228637695312 -0.109123229980469 0.18768310546875 -0.46405029296875
0.0443801879882813 -0.0914230346679688 -0.0677490234375 -0.73187255859375
0.0166473388671875 -0.0506782531738281 -0.4931640625 -0.59716796875
-0.000724315643310547 -0.00696706771850586 -0.64776611328125 -0.2659912109375
-0.00922775268554687 0.0318145751953125 -0.5736083984375 -0.053955078125
-0.0168838500976563 0.0278301239013672 -0.340118408203125 0.10308837890625
0.00899791717529297 -0.0076446533203125 -0.0452461242675781 0.0371322631835938
0.0310859680175781 0.0163078308105469 0.0731124877929688 0.012054443359375
0.0251350402832031 0.0385818481445313 0.369354248046875 -0.008636474609375
0.0241889953613281 0.0596733093261719 0.499420166015625 0.137969970703125
0.0166778564453125 0.062835693359375 0.4991455078125 0.4451904296875
-0.0122413635253906 0.02520751953125 0.2655029296875 0.69549560546875
-0.01336669921875 -0.0575447082519531 0.0158081054687501 0.74920654296875
0.0268173217773438 -0.0795669555664062 -0.061370849609375 0.473236083984375
0.0744552612304688 -0.103302001953125 0.122970581054687 0.02569580078125
0.056671142578125 -0.0860137939453125 0.20263671875 -0.44427490234375
0.0301017761230469 -0.0698356628417969 -0.04638671875 -0.72503662109375
0.00359725952148437 -0.0352058410644531 -0.4764404296875 -0.60650634765625
-0.00612735748291016 -0.00491189956665039 -0.64691162109375 -0.27960205078125
0.00138282775878906 0.0225563049316406 -0.57861328125 -0.0696411132812501
0.00685310363769531 0.0212383270263672 -0.343780517578125 0.094940185546875
0.0427322387695313 -0.0125007629394531 -0.0450286865234375 0.03240966796875
0.0663833618164063 0.0178146362304688 0.08160400390625 0.00205230712890625
0.0638771057128906 0.0354156494140625 0.37884521484375 -0.022796630859375
0.0490875244140625 0.0412406921386719 0.505462646484375 0.116607666015625
0.0175018310546875 0.0505447387695313 0.51165771484375 0.4200439453125
-0.0321598052978516 0.0315589904785156 0.284912109375 0.685302734375
-0.040496826171875 -0.0360527038574219 0.0361328125000001 0.74664306640625
0.0064849853515625 -0.0489997863769531 -0.05322265625 0.481658935546875
0.0598068237304688 -0.07537841796875 0.125343322753906 0.0382308959960937
0.0481643676757813 -0.0589408874511719 0.216583251953125 -0.434295654296875
0.0168037414550781 -0.0468940734863281 -0.02325439453125 -0.72711181640625
-0.00763607025146485 -0.016021728515625 -0.45404052734375 -0.62530517578125
-0.0132627487182617 -0.000933647155761718 -0.6417236328125 -0.30303955078125
0.00674057006835938 0.0155477523803711 -0.5755615234375 -0.0883178710937501
0.0314674377441406 0.0131111145019531 -0.339080810546875 0.0847473144531251
0.075225830078125 -0.0161056518554687 -0.0371894836425781 0.0291061401367188
0.0948715209960938 0.0189132690429688 0.094573974609375 -0.0076751708984375
0.0928497314453125 0.0284194946289062 0.379608154296875 -0.03448486328125
0.0674514770507813 0.0232696533203125 0.50885009765625 0.105987548828125
0.015167236328125 0.0351715087890625 0.523651123046875 0.403564453125
-0.0520362854003906 0.0385589599609375 0.3115234375 0.67156982421875
-0.0644073486328125 -0.0121116638183594 0.06158447265625 0.73370361328125
-0.0103282928466797 -0.0193424224853516 -0.039306640625 0.476226806640625
0.0498313903808594 -0.0459403991699219 0.130378723144531 0.0334320068359375
0.0396766662597656 -0.0314369201660156 0.229339599609375 -0.435638427734375
0.00368881225585937 -0.0221614837646484 -0.000732421874999953 -0.73516845703125
-0.0216217041015625 0.00182151794433594 -0.43133544921875 -0.644775390625
-0.0223464965820313 0.00285148620605468 -0.62847900390625 -0.3236083984375
0.012364387512207 0.00628566741943359 -0.56573486328125 -0.10406494140625
0.0508537292480469 0.00347137451171875 -0.328216552734375 0.07415771484375
0.104820251464844 -0.0177230834960938 -0.0231342315673828 0.0271358489990234
0.113838195800781 0.0167922973632813 0.110946655273438 -0.0137100219726562
0.108726501464844 0.019073486328125 0.3792724609375 -0.039764404296875
0.07220458984375 0.00835418701171875 0.512420654296875 0.1080322265625
0.00765419006347656 0.0278339385986328 0.54345703125 0.3994140625
-0.0664138793945313 0.0473251342773437 0.3419189453125 0.65936279296875
-0.0796966552734375 0.00830078124999999 0.0910644531250001 0.71429443359375
-0.0194511413574219 0.00595664978027343 -0.022247314453125 0.458465576171875
0.04248046875 -0.0215797424316406 0.137741088867187 0.0188980102539062
0.0324916839599609 -0.00676155090332031 0.238616943359375 -0.4498291015625
-0.00689792633056641 -0.00312280654907227 0.016845703125 -0.75201416015625
-0.0332431793212891 0.0146980285644531 -0.41058349609375 -0.66595458984375
-0.0298519134521484 0.00335121154785156 -0.6114501953125 -0.34405517578125
0.0149679183959961 -0.002471923828125 -0.552459716796875 -0.117584228515625
0.0676612854003906 -0.0032806396484375 -0.31396484375 0.0663452148437499
0.128738403320313 -0.0136566162109375 -0.00411987304687499 0.0283908843994141
0.121078491210938 0.0137176513671875 0.127578735351563 -0.0176162719726563
0.10833740234375 0.0106658935546875 0.38018798828125 -0.03851318359375
0.0631675720214844 5.7220458984375E-05 0.52459716796875 0.118316650390625
-0.00145149230957031 0.0280628204345703 0.56787109375 0.39825439453125
-0.0744400024414063 0.0557174682617187 0.36895751953125 0.6466064453125
-0.0837020874023438 0.0229263305664063 0.11456298828125 0.68792724609375
-0.0196304321289063 0.0220775604248047 -0.00820922851562502 0.42962646484375
0.04156494140625 -0.00528717041015625 0.145675659179688 -0.0076446533203125
0.0275135040283203 0.00855064392089844 0.24859619140625 -0.473114013671875
-0.0157279968261719 0.00881767272949219 0.0327758789062499 -0.772705078125
-0.0429954528808594 0.0186843872070313 -0.39263916015625 -0.68280029296875
-0.0378189086914063 -0.00197601318359375 -0.594970703125 -0.3551025390625
0.0178794860839844 -0.0129776000976563 -0.5338134765625 -0.121551513671875
0.080047607421875 -0.00751495361328125 -0.295989990234375 0.06390380859375
0.1417236328125 -0.0070037841796875 0.0173606872558594 0.0343513488769531
-0.0442619323730469 0.0263442993164062 0.102409362792969 0.0356979370117188
-0.0429878234863281 0.0570831298828125 0.3641357421875 0.02801513671875
-0.0094451904296875 0.0802078247070313 0.50775146484375 0.204925537109375
0.0251731872558594 0.0563888549804687 0.533447265625 0.497283935546875
0.0207614898681641 -0.0137729644775391 0.28204345703125 0.69476318359375
0.0329666137695313 -0.104682922363281 0.021484375 0.6982421875
0.0687713623046875 -0.124893188476562 -0.048583984375 0.394775390625
0.105438232421875 -0.142669677734375 0.135322570800781 -0.0600051879882813
0.0858840942382812 -0.128860473632813 0.175262451171875 -0.52362060546875
0.0695877075195313 -0.108291625976562 -0.0853271484375 -0.7666015625
0.035369873046875 -0.0570144653320313 -0.49822998046875 -0.60186767578125
-0.000440835952758789 0.00318288803100586 -0.62725830078125 -0.25177001953125
-0.0408515930175781 0.0478019714355469 -0.550262451171875 -0.0292053222656249
-0.0611648559570312 0.0290031433105469 -0.319793701171875 0.1143798828125
-0.0335464477539063 -0.00231170654296875 -0.0176849365234375 0.0511093139648438
-0.0293312072753906 0.0191612243652344 0.0833587646484375 0.0314178466796875
-0.033721923828125 0.0512619018554688 0.358856201171875 0.021392822265625
-0.00881195068359376 0.0821762084960938 0.4989013671875 0.1934814453125
0.0208587646484375 0.0691604614257813 0.515838623046875 0.497283935546875
0.0170612335205078 0.00114059448242188 0.266357421875 0.71002197265625
0.027435302734375 -0.09698486328125 0.00976562499999997 0.72686767578125
0.06103515625 -0.120811462402344 -0.05792236328125 0.428985595703125
0.0982513427734375 -0.141769409179688 0.128608703613281 -0.0275039672851563
0.0775222778320313 -0.125602722167969 0.17840576171875 -0.493865966796875
0.0580825805664063 -0.1063232421875 -0.0835571289062501 -0.74945068359375
0.0278511047363281 -0.0593910217285156 -0.50677490234375 -0.599365234375
0.00223922729492188 -0.00377202033996582 -0.64630126953125 -0.255615234375
-0.0240669250488281 0.0415992736816406 -0.56591796875 -0.0404052734375
-0.0416145324707031 0.0312461853027344 -0.33380126953125 0.11053466796875
-0.0173377990722656 -0.00440311431884765 -0.036102294921875 0.0425071716308594
-0.00170230865478516 0.0153017044067383 0.0743179321289063 0.0228042602539063
-0.00883865356445313 0.0438194274902344 0.36517333984375 0.006622314453125
0.00236511230468749 0.07470703125 0.501007080078125 0.165802001953125
0.0173568725585938 0.0713958740234375 0.5078125 0.473388671875
0.00494575500488281 0.0153007507324219 0.2655029296875 0.71026611328125
0.010711669921875 -0.079559326171875 0.00927734375000004 0.74676513671875
0.046142578125 -0.105766296386719 -0.0621337890625 0.45660400390625
0.0867538452148438 -0.128082275390625 0.125 0.00385284423828124
0.066436767578125 -0.110092163085938 0.18701171875 -0.468048095703125
0.0441436767578125 -0.0933837890625 -0.069091796875 -0.73687744140625
0.0151176452636719 -0.0517578125 -0.49932861328125 -0.5987548828125
-0.000920295715332031 -0.006561279296875 -0.65521240234375 -0.2642822265625
-0.0088348388671875 0.0324344635009766 -0.57928466796875 -0.0527343749999999
-0.0164527893066406 0.0297260284423828 -0.343048095703125 0.104736328125
0.00938510894775391 -0.00760555267333984 -0.0462112426757813 0.0373992919921875
0.0313892364501953 0.0170669555664063 0.0734939575195313 0.011627197265625
0.0257148742675781 0.0390129089355469 0.374053955078125 -0.010162353515625
0.0233573913574219 0.0600395202636719 0.506500244140625 0.137939453125
0.0165901184082031 0.063690185546875 0.507781982421875 0.44580078125
-0.0122928619384766 0.0247402191162109 0.2711181640625 0.69989013671875
-0.0135574340820312 -0.0584678649902344 0.0194702148437501 0.754150390625
0.0269241333007813 -0.08056640625 -0.060089111328125 0.47760009765625
0.0736465454101563 -0.104660034179688 0.123252868652344 0.0264434814453125
0.05645751953125 -0.087310791015625 0.199615478515625 -0.448883056640625
0.0297622680664063 -0.0724868774414063 -0.0513305664062499 -0.72967529296875
0.00428009033203125 -0.035552978515625 -0.48199462890625 -0.6104736328125
-0.00641298294067383 -0.00576877593994141 -0.65557861328125 -0.279296875
0.0018157958984375 0.0236644744873047 -0.5831298828125 -0.0692138671875
0.00809669494628906 0.0226860046386719 -0.344879150390625 0.0970153808593749
0.0419273376464844 -0.0121498107910156 -0.0460853576660156 0.0331268310546875
0.0667152404785156 0.0178298950195312 0.0811767578125 0.00164031982421875
0.0635719299316406 0.0358543395996094 0.381805419921875 -0.02362060546875
0.0494918823242188 0.0422515869140625 0.512664794921875 0.115142822265625
0.0187454223632813 0.0495796203613281 0.51763916015625 0.419189453125
-0.0317783355712891 0.0316982269287109 0.29345703125 0.688232421875
-0.0402908325195312 -0.0361862182617187 0.04052734375 0.75347900390625
0.00670623779296875 -0.0501747131347656 -0.0513916015625 0.4857177734375
0.0598068237304688 -0.0759124755859375 0.125823974609375 0.0384063720703125
0.0477561950683594 -0.0600547790527344 0.215606689453125 -0.439208984375
0.0157814025878906 -0.0465621948242188 -0.026611328125 -0.73065185546875
-0.0088949203491211 -0.016876220703125 -0.46173095703125 -0.62847900390625
-0.0131301879882812 -3.62396240234372E-05 -0.648193359375 -0.3026123046875
0.00781917572021484 0.0148372650146484 -0.58172607421875 -0.087158203125
0.0314254760742188 0.0124034881591797 -0.34185791015625 0.087310791015625
0.0763702392578125 -0.0164794921875 -0.037872314453125 0.029052734375
0.0965957641601562 0.0186843872070312 0.095001220703125 -0.0073089599609375
0.0938873291015625 0.0286102294921875 0.38433837890625 -0.035186767578125
0.0670547485351563 0.0227317810058594 0.514404296875 0.10394287109375
0.016998291015625 0.0365486145019531 0.532501220703125 0.4039306640625
-0.0510711669921875 0.0382843017578125 0.31787109375 0.675048828125
-0.0647697448730469 -0.0124588012695312 0.0656127929687499 0.74041748046875
-0.0102214813232422 -0.0196018218994141 -0.03839111328125 0.480743408203125
0.0487937927246094 -0.046905517578125 0.129051208496094 0.0347442626953125
0.0387496948242188 -0.0302848815917969 0.229339599609375 -0.441192626953125
0.00390052795410156 -0.021881103515625 -0.00451660156250002 -0.74029541015625
-0.0218009948730469 0.00143623352050782 -0.43878173828125 -0.646728515625
-0.0228900909423828 0.00336265563964844 -0.6341552734375 -0.3253173828125
0.0126523971557617 0.00618839263916016 -0.5703125 -0.10345458984375
0.0513267517089844 0.00397872924804688 -0.33111572265625 0.075225830078125
0.106674194335938 -0.0178146362304688 -0.0236034393310547 0.0276603698730469
0.114967346191406 0.0168609619140625 0.111442565917969 -0.0133209228515625
0.109222412109375 0.0194168090820312 0.384735107421875 -0.041656494140625
0.0723190307617188 0.00720977783203125 0.51922607421875 0.106719970703125
0.0069732666015625 0.0283565521240234 0.552032470703125 0.397796630859375
-0.0667228698730469 0.0464439392089844 0.34893798828125 0.66290283203125
-0.0801467895507813 0.00955963134765624 0.0946044921875 0.72113037109375
-0.0188674926757813 0.00566291809082031 -0.02032470703125 0.46295166015625
0.042205810546875 -0.0219039916992188 0.137947082519531 0.0181121826171875
0.0317249298095703 -0.00803565979003906 0.239532470703125 -0.45458984375
-0.00704860687255859 -0.00280284881591797 0.013671875 -0.758056640625
-0.0338478088378906 0.0139942169189453 -0.41748046875 -0.66729736328125
-0.0302867889404297 0.0035400390625 -0.61962890625 -0.34454345703125
0.0155181884765625 -0.00324153900146484 -0.557037353515625 -0.117431640625
0.069549560546875 -0.00381851196289062 -0.315887451171875 0.068359375
0.129463195800781 -0.0149154663085938 -0.00380325317382812 0.028778076171875
0.121040344238281 0.0131683349609375 0.129135131835938 -0.0167160034179688
0.110939025878906 0.010650634765625 0.38385009765625 -0.039642333984375
0.064910888671875 0.000278472900390625 0.5311279296875 0.1158447265625
-0.00214576721191406 0.0277271270751953 0.57501220703125 0.399658203125
-0.0743484497070313 0.0563735961914062 0.375244140625 0.65032958984375
-0.0848007202148437 0.0230484008789063 0.117919921875 0.696044921875
-0.0194435119628906 0.0225353240966797 -0.00689697265625004 0.4346923828125
0.0417098999023438 -0.00526809692382812 0.14581298828125 -0.0086517333984375
0.0270671844482422 0.00975608825683594 0.248870849609375 -0.47802734375
-0.0159225463867188 0.0083017349243164 0.0269775390625 -0.77801513671875
-0.0439224243164063 0.0188980102539062 -0.39935302734375 -0.687255859375
-0.03790283203125 -0.00191879272460938 -0.6015625 -0.35711669921875
0.0182247161865234 -0.0125522613525391 -0.53912353515625 -0.11944580078125
0.081329345703125 -0.0086212158203125 -0.298919677734375 0.065399169921875
0.143295288085938 -0.006195068359375 0.0165786743164063 0.0344715118408203
-0.0441703796386719 0.0262260437011719 0.104347229003906 0.0354385375976563
-0.0444717407226562 0.0577163696289063 0.36865234375 0.025146484375
-0.010040283203125 0.0788497924804688 0.514678955078125 0.203643798828125
0.0257568359375 0.0565834045410156 0.5426025390625 0.49810791015625
0.0222969055175781 -0.014190673828125 0.2900390625 0.70001220703125
0.0330963134765625 -0.106147766113281 0.02520751953125 0.70587158203125
0.068878173828125 -0.127304077148438 -0.046630859375 0.39910888671875
0.105865478515625 -0.144180297851563 0.135154724121094 -0.0606307983398438
0.0858230590820313 -0.131996154785156 0.172393798828125 -0.52972412109375
0.070037841796875 -0.110893249511719 -0.09014892578125 -0.77215576171875
0.035980224609375 -0.0587234497070313 -0.50689697265625 -0.6053466796875
-0.000335216522216797 0.00463533401489258 -0.6361083984375 -0.25048828125
-0.0405960083007812 0.0485191345214844 -0.555999755859375 -0.0273437499999999
-0.0607261657714844 0.0296974182128906 -0.322540283203125 0.117706298828125
-0.0330924987792969 -0.00193405151367187 -0.018524169921875 0.0524444580078125
-0.0296840667724609 0.0199165344238281 0.0842819213867188 0.0320358276367188
-0.0341453552246094 0.051025390625 0.364013671875 0.019500732421875
-0.00927734375 0.0818634033203125 0.506439208984375 0.190948486328125
0.0214996337890625 0.0698318481445313 0.524658203125 0.49725341796875
0.0165414810180664 0.000446319580078125 0.2740478515625 0.71466064453125
0.0275039672851563 -0.0976791381835938 0.0147705078124999 0.73394775390625
0.0613250732421875 -0.12359619140625 -0.056793212890625 0.43182373046875
0.0987548828125 -0.143630981445313 0.130294799804688 -0.0285491943359375
0.0766372680664063 -0.126411437988281 0.176300048828125 -0.5
0.0586471557617188 -0.107734680175781 -0.089599609375 -0.755859375
0.0280570983886719 -0.0601119995117188 -0.5146484375 -0.59783935546875
0.00130653381347656 -0.00343632698059082 -0.65496826171875 -0.25439453125
-0.0229682922363281 0.0421791076660156 -0.57196044921875 -0.0371093749999999
-0.0408363342285156 0.0322151184082031 -0.3358154296875 0.113555908203125
-0.0170478820800781 -0.00525474548339844 -0.0359992980957031 0.0444183349609375
-0.00207710266113281 0.0155210494995117 0.0754928588867188 0.0237960815429688
-0.00916671752929688 0.04376220703125 0.369842529296875 0.00616455078125
0.0037841796875 0.0748748779296875 0.50732421875 0.1640625
0.0188140869140625 0.0715866088867188 0.51495361328125 0.475128173828125
0.00560283660888672 0.0143899917602539 0.2730712890625 0.71417236328125
0.010650634765625 -0.0812606811523438 0.0156250000000001 0.75360107421875
0.046966552734375 -0.107315063476562 -0.060760498046875 0.46075439453125
0.0864944458007813 -0.13037109375 0.125389099121094 0.00256347656249999
0.066436767578125 -0.111610412597656 0.185516357421875 -0.473114013671875
0.0430984497070313 -0.0949478149414063 -0.075439453125 -0.741943359375
0.0158767700195313 -0.0516281127929688 -0.50836181640625 -0.60174560546875
-0.00107955932617188 -0.00713729858398437 -0.66436767578125 -0.2645263671875
-0.00909805297851563 0.0339183807373047 -0.58447265625 -0.049560546875
-0.0160293579101563 0.0303440093994141 -0.346405029296875 0.108001708984375
0.00892162322998047 -0.00888633728027344 -0.0450248718261719 0.0371894836425781
0.0327301025390625 0.0152797698974609 0.0737686157226563 0.0134735107421875
0.0268020629882813 0.0385093688964844 0.377960205078125 -0.012115478515625
0.0237884521484375 0.0600090026855469 0.513031005859375 0.135101318359375
0.0181846618652344 0.0637016296386719 0.51800537109375 0.445220947265625
-0.0117588043212891 0.0244617462158203 0.279541015625 0.7047119140625
-0.0127105712890625 -0.0598526000976563 0.02459716796875 0.76177978515625
0.0268402099609375 -0.0818099975585938 -0.05828857421875 0.4825439453125
0.072357177734375 -0.10577392578125 0.123847961425781 0.027069091796875
0.0565185546875 -0.0888519287109375 0.198211669921875 -0.45263671875
0.0303115844726562 -0.0727462768554688 -0.0560913085937499 -0.7357177734375
0.00327682495117187 -0.0365829467773438 -0.49200439453125 -0.61297607421875
-0.00735092163085937 -0.00492572784423828 -0.66534423828125 -0.2781982421875
0.00128746032714844 0.02410888671875 -0.58868408203125 -0.0656738281249999
0.00902175903320313 0.0228939056396484 -0.348724365234375 0.100311279296875
0.0418701171875 -0.0123405456542969 -0.0459480285644531 0.034027099609375
0.0678825378417969 0.0175857543945312 0.0833663940429688 0.0022735595703125
0.0636634826660156 0.0345687866210938 0.385894775390625 -0.0250244140625
0.0491065979003906 0.0419502258300781 0.5189208984375 0.113372802734375
0.0192031860351563 0.0495338439941406 0.528076171875 0.41876220703125
-0.0319042205810547 0.032989501953125 0.30084228515625 0.69293212890625
-0.0413017272949219 -0.0359458923339844 0.0449218750000001 0.76129150390625
0.00598144531250001 -0.0506057739257813 -0.04974365234375 0.490631103515625
0.0594329833984375 -0.077056884765625 0.126228332519531 0.0368576049804687
0.0462455749511719 -0.0605087280273438 0.215423583984375 -0.444671630859375
0.0158729553222656 -0.0483016967773437 -0.0328369140624999 -0.7381591796875
-0.00927639007568359 -0.0169649124145508 -0.470703125 -0.63067626953125
-0.0138082504272461 0.000112533569335936 -0.65814208984375 -0.30120849609375
0.00853824615478516 0.0159482955932617 -0.589111328125 -0.08441162109375
0.0324382781982422 0.0129489898681641 -0.34527587890625 0.088714599609375
0.0758285522460938 -0.0176925659179688 -0.0384254455566406 0.0292434692382813
0.097015380859375 0.0188980102539063 0.096038818359375 -0.006072998046875
0.0950088500976563 0.027923583984375 0.38848876953125 -0.03900146484375
0.0673446655273438 0.0226249694824219 0.52130126953125 0.10137939453125
0.0161056518554688 0.03546142578125 0.542236328125 0.403106689453125
-0.0500373840332031 0.039215087890625 0.3271484375 0.67950439453125
-0.0655555725097656 -0.0115699768066406 0.0722045898437501 0.74798583984375
-0.010223388671875 -0.0197315216064453 -0.03656005859375 0.485321044921875
0.0493888854980469 -0.0483283996582031 0.1314697265625 0.0345840454101563
0.039337158203125 -0.0317344665527344 0.227630615234375 -0.446044921875
0.00209617614746094 -0.0229415893554688 -0.0103149414062499 -0.7481689453125
-0.0211887359619141 0.00238609313964844 -0.447998046875 -0.651123046875
-0.0224170684814453 0.00408172607421875 -0.64361572265625 -0.32379150390625
0.0130558013916016 0.00650596618652344 -0.57757568359375 -0.10125732421875
0.0536727905273437 0.0043487548828125 -0.33453369140625 0.0768432617187499
0.1072998046875 -0.0187530517578125 -0.024505615234375 0.0276222229003906
0.116691589355469 0.0161895751953125 0.112754821777344 -0.0145263671875
0.111824035644531 0.0177078247070313 0.387969970703125 -0.044189453125
0.0729904174804688 0.00658416748046875 0.525604248046875 0.103515625
0.00798606872558594 0.0277614593505859 0.5618896484375 0.3974609375
-0.0661544799804688 0.0474967956542969 0.356689453125 0.66839599609375
-0.0802459716796875 0.00850677490234373 0.0994873046875 0.728759765625
-0.0200309753417969 0.00557708740234375 -0.019683837890625 0.468597412109375
0.0415763854980469 -0.0233802795410156 0.138313293457031 0.0177459716796875
0.0320873260498047 -0.00762939453125 0.23907470703125 -0.459869384765625
-0.00838375091552734 -0.00267839431762695 0.00994873046875006 -0.76434326171875
-0.0350131988525391 0.0141792297363281 -0.426513671875 -0.67041015625
-0.0309734344482422 0.00460624694824219 -0.62701416015625 -0.34295654296875
0.0168867111206055 -0.00265979766845703 -0.56365966796875 -0.11474609375
0.0693130493164063 -0.00344467163085938 -0.318267822265625 0.06982421875
0.130126953125 -0.01580810546875 -0.00479698181152343 0.0282039642333984
0.122177124023437 0.013641357421875 0.129898071289063 -0.0173873901367188
0.111228942871094 0.00959014892578125 0.387847900390625 -0.0419921875
0.0657386779785156 -0.00121688842773438 0.53814697265625 0.113922119140625
-0.00292205810546875 0.0269985198974609 0.5850830078125 0.39654541015625
-0.0741653442382813 0.0564193725585938 0.3858642578125 0.65472412109375
-0.0845413208007813 0.024566650390625 0.12542724609375 0.70159912109375
-0.0199546813964844 0.0228004455566406 -0.00521850585937502 0.437774658203125
0.0398216247558594 -0.0053253173828125 0.14581298828125 -0.0079193115234375
0.0268707275390625 0.00833320617675781 0.246856689453125 -0.483856201171875
-0.0170660018920898 0.00799655914306641 0.02288818359375 -0.7847900390625
-0.0453834533691406 0.0195388793945312 -0.4097900390625 -0.6898193359375
-0.0380744934082031 -0.001983642578125 -0.6104736328125 -0.35589599609375
0.0193462371826172 -0.0124759674072266 -0.54498291015625 -0.11932373046875
0.0821151733398438 -0.00827789306640625 -0.302001953125 0.066802978515625
0.143722534179687 -0.007293701171875 0.0177707672119141 0.0346393585205078
-0.0436439514160156 0.0273017883300781 0.105400085449219 0.0360870361328125
-0.0435447692871094 0.0578460693359375 0.373138427734375 0.025970458984375
-0.010650634765625 0.0810394287109375 0.522430419921875 0.2012939453125
0.0261001586914063 0.0575904846191406 0.55303955078125 0.49957275390625
0.0219669342041016 -0.0147933959960938 0.29803466796875 0.70452880859375
0.0338058471679687 -0.108428955078125 0.03167724609375 0.71337890625
0.0690231323242188 -0.128204345703125 -0.04376220703125 0.402984619140625
0.105743408203125 -0.147979736328125 0.135162353515625 -0.0634002685546875
0.085418701171875 -0.133903503417969 0.170928955078125 -0.536773681640625
0.0699462890625 -0.112571716308594 -0.0978393554687499 -0.78118896484375
0.0363693237304688 -0.0589637756347656 -0.51702880859375 -0.60638427734375
-0.000531196594238281 0.00419998168945313 -0.64630126953125 -0.24835205078125
-0.0411872863769531 0.0491752624511719 -0.56158447265625 -0.023193359375
-0.0601921081542969 0.0310859680175781 -0.3232421875 0.12164306640625
-0.0330333709716797 -0.00153732299804687 -0.0191116333007813 0.0521049499511719
-0.0293731689453125 0.0198917388916016 0.0861892700195312 0.0327682495117187
-0.0345191955566406 0.0518951416015625 0.368499755859375 0.0189208984375
-0.00930023193359375 0.0836563110351563 0.51397705078125 0.188690185546875
0.0225372314453125 0.0691032409667969 0.534912109375 0.497528076171875
0.0172863006591797 -0.000291824340820312 0.282958984375 0.71966552734375
0.026702880859375 -0.0988922119140625 0.0198974609375 0.74371337890625
0.06048583984375 -0.124534606933594 -0.054168701171875 0.437652587890625
0.097808837890625 -0.145645141601563 0.129302978515625 -0.0297012329101563
0.0770950317382812 -0.128921508789063 0.1732177734375 -0.505706787109375
0.0581207275390625 -0.109710693359375 -0.09527587890625 -0.76104736328125
0.0274581909179687 -0.0614128112792969 -0.525146484375 -0.6021728515625
0.00252676010131836 -0.00303792953491211 -0.6649169921875 -0.25152587890625
-0.0234413146972656 0.0430717468261719 -0.577880859375 -0.0336303710937499
-0.0410690307617188 0.0339012145996094 -0.33819580078125 0.117523193359375
-0.0175838470458984 -0.00513076782226563 -0.0366859436035156 0.0442657470703125
-0.00112247467041016 0.0158023834228516 0.0761642456054688 0.0233154296875
-0.00968170166015625 0.0442924499511719 0.373809814453125 0.003631591796875
0.00303649902343749 0.0757369995117188 0.51446533203125 0.159912109375
0.0186614990234375 0.0711288452148438 0.52862548828125 0.473663330078125
0.00470733642578125 0.0139932632446289 0.282470703125 0.71820068359375
0.0111923217773438 -0.081939697265625 0.020263671875 0.7611083984375
0.04705810546875 -0.108230590820313 -0.05859375 0.466217041015625
0.086181640625 -0.131965637207031 0.125717163085938 0.00250244140624999
0.0646591186523438 -0.113807678222656 0.183349609375 -0.47900390625
0.0428924560546875 -0.0965728759765625 -0.0831298828125001 -0.74871826171875
0.0160484313964844 -0.0536460876464844 -0.51922607421875 -0.603271484375
-0.000537395477294922 -0.0065464973449707 -0.675537109375 -0.26153564453125
-0.00818634033203125 0.0349445343017578 -0.59228515625 -0.04583740234375
-0.0161056518554688 0.031768798828125 -0.347900390625 0.1114501953125
0.00970554351806641 -0.00885772705078125 -0.0449104309082031 0.0373458862304688
0.0320625305175781 0.0154075622558594 0.07659912109375 0.0129623413085938
0.0269508361816406 0.0395469665527344 0.38153076171875 -0.013671875
0.0239524841308594 0.0606346130371094 0.520233154296875 0.1326904296875
0.0186500549316406 0.0640182495117188 0.529083251953125 0.4437255859375
-0.0115222930908203 0.0246696472167969 0.28863525390625 0.70819091796875
-0.0147285461425781 -0.0601768493652344 0.0300903320312501 0.7686767578125
0.0263442993164062 -0.0835723876953125 -0.056671142578125 0.4876708984375
0.07257080078125 -0.1075439453125 0.124420166015625 0.0259857177734375
0.0558929443359375 -0.09014892578125 0.197113037109375 -0.4591064453125
0.0289688110351563 -0.0750961303710938 -0.0608520507812501 -0.7449951171875
0.00341415405273437 -0.0369338989257813 -0.50244140625 -0.6143798828125
-0.00697898864746094 -0.00521707534790039 -0.672607421875 -0.2757568359375
0.00235939025878906 0.0251121520996094 -0.5965576171875 -0.06085205078125
0.00881195068359375 0.02313232421875 -0.350006103515625 0.10272216796875
0.0423049926757813 -0.0146751403808594 -0.0459060668945313 0.0331840515136719
0.0689506530761719 0.0172080993652344 0.0840530395507812 0.00341033935546875
0.0652580261230469 0.0343437194824219 0.390838623046875 -0.02923583984375
0.0492515563964844 0.04156494140625 0.52606201171875 0.109527587890625
0.0189056396484375 0.0494651794433594 0.5394287109375 0.418304443359375
-0.0328693389892578 0.0323657989501953 0.30908203125 0.6973876953125
-0.0422172546386719 -0.0363502502441406 0.0511474609375 0.7681884765625
0.0058441162109375 -0.0512847900390625 -0.047760009765625 0.49591064453125
0.0589141845703125 -0.0792007446289063 0.126068115234375 0.0368728637695312
0.0465965270996094 -0.0603179931640625 0.21197509765625 -0.449066162109375
0.0149917602539063 -0.0478019714355469 -0.037109375 -0.7447509765625
-0.00978565216064453 -0.0174322128295898 -0.48150634765625 -0.63262939453125
-0.0153512954711914 0.000273704528808591 -0.66748046875 -0.2989501953125
0.00897407531738281 0.0165672302246094 -0.5953369140625 -0.08074951171875
0.0331649780273438 0.0135307312011719 -0.34722900390625 0.091644287109375
0.0769500732421875 -0.0181121826171875 -0.0390090942382813 0.0293426513671875
0.0980072021484375 0.0186691284179688 0.0976943969726563 -0.00724029541015625
0.0972671508789063 0.028289794921875 0.394500732421875 -0.04083251953125
0.0695457458496094 0.0221939086914063 0.529632568359375 0.097564697265625
0.0158615112304688 0.0357818603515625 0.55206298828125 0.40191650390625
-0.0512962341308594 0.0392112731933594 0.33477783203125 0.68243408203125
-0.065643310546875 -0.0123062133789062 0.0798950195312499 0.7559814453125
-0.0110378265380859 -0.0194759368896484 -0.03302001953125 0.489959716796875
0.0499153137207031 -0.0475921630859375 0.131851196289063 0.03466796875
0.037628173828125 -0.0328254699707031 0.227081298828125 -0.45147705078125
0.00327301025390625 -0.0235519409179688 -0.0146484375000001 -0.75384521484375
-0.0226306915283203 0.00175094604492188 -0.45684814453125 -0.65386962890625
-0.0223236083984375 0.005523681640625 -0.6534423828125 -0.32244873046875
0.0133724212646484 0.00720119476318359 -0.58441162109375 -0.0987548828125001
0.0538520812988281 0.00487136840820313 -0.337127685546875 0.0804748535156249
0.108222961425781 -0.0197219848632813 -0.0252017974853516 0.0268421173095703
0.117103576660156 0.0154800415039063 0.114372253417969 -0.0142822265625
0.112518310546875 0.017822265625 0.392425537109375 -0.0478515625
0.0747604370117188 0.006561279296875 0.533294677734375 0.099761962890625
0.00890922546386719 0.0277786254882813 0.572021484375 0.39501953125
-0.0663986206054688 0.0485610961914063 0.367919921875 0.67205810546875
-0.0813369750976563 0.00936889648437502 0.10772705078125 0.73590087890625
-0.0203323364257813 0.005584716796875 -0.016357421875 0.472625732421875
0.0419845581054688 -0.0229911804199219 0.138877868652344 0.017333984375
0.0318641662597656 -0.00741386413574219 0.236358642578125 -0.466949462890625
-0.00846099853515625 -0.00321817398071289 0.00335693359375006 -0.7716064453125
-0.0350265502929688 0.0147857666015625 -0.43597412109375 -0.67315673828125
-0.0323123931884766 0.00541687011718749 -0.63665771484375 -0.34222412109375
0.016932487487793 -0.00252723693847656 -0.57073974609375 -0.11309814453125
0.0715103149414062 -0.0045013427734375 -0.321685791015625 0.071258544921875
0.131721496582031 -0.0165634155273437 -0.00498390197753905 0.0283489227294922
0.123283386230469 0.0124969482421875 0.131706237792969 -0.0175094604492188
0.111785888671875 0.00875091552734375 0.392303466796875 -0.045623779296875
0.0674858093261719 -0.001495361328125 0.545684814453125 0.109588623046875
-0.00314903259277344 0.0275249481201172 0.597412109375 0.39630126953125
-0.0749053955078125 0.0577163696289063 0.394287109375 0.65631103515625
-0.0858230590820313 0.0266647338867187 0.1302490234375 0.70819091796875
-0.0204887390136719 0.0217094421386719 -0.00360107421875005 0.443389892578125
0.0400047302246094 -0.00636672973632813 0.146682739257813 -0.009613037109375
0.0270175933837891 0.00811576843261719 0.24603271484375 -0.4903564453125
-0.0171213150024414 0.0088357925415039 0.01727294921875 -0.7930908203125
-0.0454635620117187 0.0198745727539063 -0.41845703125 -0.69384765625
-0.0384140014648437 -0.00165939331054688 -0.62060546875 -0.355224609375
0.0198402404785156 -0.0114917755126953 -0.55340576171875 -0.1177978515625
0.0826873779296875 -0.00814056396484375 -0.30322265625 0.06927490234375
0.145599365234375 -0.0082855224609375 0.01702880859375 0.0347537994384766
-0.0433082580566406 0.0264511108398438 0.107353210449219 0.035400390625
-0.0444450378417969 0.0591087341308594 0.377410888671875 0.020538330078125
-0.010162353515625 0.0817184448242187 0.532501220703125 0.19744873046875
0.0264968872070313 0.0574531555175781 0.5657958984375 0.498046875
0.0222911834716797 -0.0166664123535156 0.3077392578125 0.705810546875
0.0324630737304687 -0.110000610351563 0.0384521484375 0.720458984375
0.0685501098632813 -0.131072998046875 -0.04083251953125 0.4071044921875
0.10577392578125 -0.150177001953125 0.134391784667969 -0.0640335083007813
0.0847320556640625 -0.136688232421875 0.165985107421875 -0.54241943359375
0.069610595703125 -0.114471435546875 -0.10601806640625 -0.78839111328125
0.0357818603515625 -0.0610084533691406 -0.52984619140625 -0.60833740234375
0.000223159790039063 0.00458717346191406 -0.65728759765625 -0.24420166015625
-0.0404815673828125 0.0508155822753906 -0.57037353515625 -0.0205688476562501
-0.0607337951660156 0.0337181091308594 -0.326202392578125 0.125457763671875
-0.0347156524658203 -0.00219154357910156 -0.0183486938476563 0.0529365539550781
-0.0290012359619141 0.0193672180175781 0.088348388671875 0.0326385498046875
-0.0339622497558594 0.0534286499023437 0.37396240234375 0.0159912109375
-0.00818634033203126 0.0849838256835937 0.52166748046875 0.186004638671875
0.0229911804199219 0.0694160461425781 0.547637939453125 0.49859619140625
0.0186443328857422 -0.000614166259765625 0.296142578125 0.72357177734375
0.0273513793945313 -0.100395202636719 0.02685546875 0.75091552734375
0.0613250732421875 -0.127784729003906 -0.052001953125 0.44134521484375
0.0976409912109375 -0.14813232421875 0.130218505859375 -0.0304489135742188
0.0753021240234375 -0.131790161132813 0.17034912109375 -0.51214599609375
0.0584259033203125 -0.112495422363281 -0.10498046875 -0.769287109375
0.0265960693359375 -0.0627555847167969 -0.538330078125 -0.603515625
0.00115227699279785 -0.00428128242492676 -0.675048828125 -0.248046875
-0.0229301452636719 0.0453338623046875 -0.5863037109375 -0.0286254882812501
-0.0422592163085938 0.034454345703125 -0.340240478515625 0.120361328125
-0.0172767639160156 -0.00571632385253906 -0.036590576171875 0.0452537536621094
-0.00199127197265625 0.0152072906494141 0.078826904296875 0.0243453979492188
-0.0101280212402344 0.0451469421386719 0.37933349609375 -0.000488281249999997
0.00237274169921876 0.0751266479492188 0.5234375 0.155364990234375
0.0205612182617188 0.07177734375 0.5426025390625 0.472198486328125
0.00521087646484375 0.0135049819946289 0.29278564453125 0.7213134765625
0.010833740234375 -0.0835342407226563 0.0292358398437499 0.76983642578125
0.0468368530273437 -0.110771179199219 -0.054107666015625 0.47137451171875
0.0853271484375 -0.135040283203125 0.125076293945313 0.00157165527343749
0.0655975341796875 -0.11566162109375 0.17987060546875 -0.485595703125
0.0434036254882813 -0.0983734130859375 -0.0917358398437499 -0.7559814453125
0.0152091979980469 -0.0539093017578125 -0.53228759765625 -0.6041259765625
-0.000417232513427735 -0.00697803497314453 -0.68505859375 -0.25799560546875
-0.00899124145507813 0.0366325378417969 -0.5986328125 -0.0416870117187501
-0.0156383514404297 0.0325088500976563 -0.349945068359375 0.11553955078125
0.00908756256103516 -0.00916957855224609 -0.0461044311523438 0.0389556884765625
0.0328578948974609 0.0146007537841797 0.077972412109375 0.0143280029296875
0.025634765625 0.039031982421875 0.389312744140625 -0.0162353515625
0.0251007080078125 0.0605850219726563 0.529449462890625 0.128662109375
0.019500732421875 0.0641059875488281 0.540802001953125 0.4427490234375
-0.0114498138427734 0.0256423950195313 0.29925537109375 0.71197509765625
-0.0139045715332031 -0.0601005554199219 0.03863525390625 0.7772216796875
0.0269317626953125 -0.0847549438476563 -0.0534667968750001 0.49365234375
0.071258544921875 -0.110404968261719 0.124687194824219 0.0254058837890625
0.0551681518554688 -0.091644287109375 0.19390869140625 -0.464630126953125
0.0288314819335937 -0.07574462890625 -0.070068359375 -0.74957275390625
0.00175094604492187 -0.0381431579589844 -0.514892578125 -0.6153564453125
-0.00757169723510742 -0.00495576858520508 -0.68475341796875 -0.272705078125
0.00213813781738281 0.0257587432861328 -0.60382080078125 -0.05767822265625
0.0109958648681641 0.0250873565673828 -0.35443115234375 0.107574462890625
0.0424003601074219 -0.0142250061035156 -0.0456924438476563 0.0344314575195312
0.0694465637207031 0.0166473388671875 0.0850753784179688 0.00307464599609375
0.0665779113769531 0.0347747802734375 0.395599365234375 -0.03271484375
0.0505943298339844 0.0409698486328125 0.535369873046875 0.103912353515625
0.0201339721679688 0.0505294799804688 0.552032470703125 0.41668701171875
-0.0324134826660156 0.0329513549804688 0.3214111328125 0.7015380859375
-0.0427474975585937 -0.0362777709960938 0.06085205078125 0.77813720703125
0.00564956665039063 -0.0520858764648438 -0.043121337890625 0.5018310546875
0.0583953857421875 -0.079925537109375 0.127311706542969 0.0358428955078125
0.0460166931152344 -0.0630950927734375 0.208648681640625 -0.454681396484375
0.0157356262207031 -0.0494117736816406 -0.04522705078125 -0.75201416015625
-0.0112209320068359 -0.0178108215332031 -0.49346923828125 -0.63458251953125
-0.0141983032226563 0.000381469726562499 -0.6796875 -0.29547119140625
0.0100831985473633 0.016047477722168 -0.602783203125 -0.07672119140625
0.0335521697998047 0.0144004821777344 -0.351898193359375 0.095458984375
0.0781173706054687 -0.0204010009765625 -0.0396995544433594 0.0296630859375
0.0987777709960938 0.0183868408203125 0.0980224609375 -0.0082244873046875
0.0965652465820313 0.0272903442382813 0.397186279296875 -0.04534912109375
0.0702438354492188 0.0201644897460938 0.53729248046875 0.092864990234375
0.0165939331054687 0.0352973937988281 0.5633544921875 0.4014892578125
-0.0518760681152344 0.0402565002441406 0.34783935546875 0.68701171875
-0.0664596557617188 -0.0120124816894531 0.08648681640625 0.76318359375
-0.0111408233642578 -0.0209770202636719 -0.030029296875 0.49652099609375
0.0481529235839844 -0.0491714477539062 0.13201904296875 0.0318756103515625
0.0379905700683594 -0.0335617065429688 0.222564697265625 -0.457489013671875
0.00292587280273438 -0.0241508483886719 -0.0228271484375 -0.763427734375
-0.0235424041748047 0.00136375427246094 -0.4678955078125 -0.6558837890625
-0.0231513977050781 0.00447845458984375 -0.6644287109375 -0.31927490234375
0.014373779296875 0.00727653503417969 -0.59124755859375 -0.0938720703125001
0.054931640625 0.0038909912109375 -0.34014892578125 0.0850830078125001
0.108749389648438 -0.0214309692382813 -0.0253982543945312 0.0274810791015625
0.118812561035156 0.0156707763671875 0.1148681640625 -0.0149154663085938
0.114212036132813 0.0160903930664063 0.396728515625 -0.05059814453125
0.07513427734375 0.0050506591796875 0.541748046875 0.0938720703125
0.00875282287597656 0.02716064453125 0.58636474609375 0.39404296875
-0.0669021606445312 0.0491294860839844 0.3797607421875 0.67291259765625
-0.0806808471679687 0.0113677978515625 0.11566162109375 0.7437744140625
-0.0211315155029297 0.0057830810546875 -0.01153564453125 0.476959228515625
0.0416526794433594 -0.0239715576171875 0.1392822265625 0.0163345336914062
0.0304908752441406 -0.0088653564453125 0.23388671875 -0.47271728515625
-0.00961208343505859 -0.00267696380615235 -0.00408935546875005 -0.778076171875
-0.0362052917480469 0.0155982971191406 -0.4486083984375 -0.6778564453125
-0.0315666198730469 0.00474739074707031 -0.6495361328125 -0.339599609375
0.01763916015625 -0.00179672241210938 -0.5782470703125 -0.10772705078125
0.0721282958984375 -0.00440216064453125 -0.32440185546875 0.075225830078125
0.132804870605469 -0.0185317993164062 -0.00465011596679686 0.0280113220214844
0.124626159667969 0.0124740600585938 0.132972717285156 -0.018646240234375
0.113304138183594 0.0081939697265625 0.39727783203125 -0.048919677734375
0.06787109375 -0.00238418579101563 0.55377197265625 0.104095458984375
-0.00226211547851562 0.0279026031494141 0.608154296875 0.39422607421875
-0.0752334594726562 0.05902099609375 0.4068603515625 0.6595458984375
-0.0852432250976563 0.0271377563476563 0.1385498046875 0.716064453125
-0.0207881927490234 0.0230083465576172 0.00228881835937504 0.44757080078125
0.0390701293945313 -0.00645065307617188 0.146209716796875 -0.0117340087890625
0.0262069702148438 0.00850296020507813 0.243316650390625 -0.49566650390625
-0.0179672241210938 0.00989723205566406 0.00952148437500008 -0.80035400390625
-0.0469322204589844 0.0187492370605469 -0.43121337890625 -0.696533203125
-0.0399360656738281 -0.000717163085937506 -0.6318359375 -0.353515625
0.0202789306640625 -0.012908935546875 -0.560302734375 -0.112274169921875
0.0853424072265625 -0.00830841064453125 -0.307037353515625 0.071624755859375
0.147293090820313 -0.0118255615234375 0.0179347991943359 0.0343379974365234
-0.0443115234375 0.0278739929199219 0.109336853027344 0.0356063842773437
-0.0439949035644531 0.0603713989257812 0.381378173828125 0.0179443359375
-0.00930786132812499 0.0838775634765625 0.5401611328125 0.192047119140625
0.0273551940917969 0.0572624206542969 0.57904052734375 0.49554443359375
0.0227108001708984 -0.0171298980712891 0.32049560546875 0.71185302734375
0.0327911376953125 -0.112503051757813 0.04571533203125 0.7296142578125
0.0700836181640625 -0.134124755859375 -0.037628173828125 0.41162109375
0.10406494140625 -0.1531982421875 0.135543823242188 -0.0658111572265625
0.082855224609375 -0.138626098632813 0.160736083984375 -0.552490234375
0.0705108642578125 -0.116905212402344 -0.1177978515625 -0.79559326171875
0.0352134704589844 -0.0633277893066406 -0.5438232421875 -0.6080322265625
0.000299215316772461 0.00354456901550293 -0.67047119140625 -0.239501953125
-0.0412559509277344 0.0526657104492188 -0.57537841796875 -0.0134887695312499
-0.0606498718261719 0.0340766906738281 -0.3291015625 0.130096435546875
-0.0345039367675781 -0.00147819519042968 -0.0182113647460938 0.0539779663085938
-0.0286445617675781 0.0201339721679687 0.0907440185546875 0.0335006713867188
-0.0344810485839844 0.05340576171875 0.377960205078125 0.011016845703125
-0.00833129882812499 0.0867080688476563 0.5323486328125 0.179962158203125
0.0234718322753906 0.0698623657226562 0.5614013671875 0.494903564453125
0.0190849304199219 -0.000734329223632813 0.30810546875 0.72637939453125
0.0258255004882813 -0.102890014648438 0.0374755859375001 0.75921630859375
0.0607452392578125 -0.130157470703125 -0.04791259765625 0.446533203125
0.09649658203125 -0.151473999023438 0.12945556640625 -0.0328445434570313
0.074462890625 -0.134506225585938 0.164154052734375 -0.520355224609375
0.0571441650390625 -0.114410400390625 -0.11358642578125 -0.77606201171875
0.0267753601074219 -0.0644149780273437 -0.5523681640625 -0.6025390625
0.00174212455749512 -0.00277423858642578 -0.68878173828125 -0.24169921875
-0.0232658386230469 0.0462379455566406 -0.59423828125 -0.0208740234374999
-0.0409202575683594 0.0369987487792969 -0.342041015625 0.1256103515625
-0.0175838470458984 -0.00560760498046875 -0.03607177734375 0.0470924377441406
-0.00142002105712891 0.0149393081665039 0.0810546875 0.0238265991210938
-0.00827407836914063 0.0455207824707031 0.384796142578125 -0.0042724609375
0.00280761718750001 0.0779571533203125 0.5318603515625 0.15057373046875
0.0208358764648437 0.0704116821289063 0.554168701171875 0.4703369140625
0.00735759735107422 0.014439582824707 0.306640625 0.72698974609375
0.00931549072265625 -0.0839767456054688 0.0380249023437499 0.77777099609375
0.0462875366210937 -0.11199951171875 -0.0505981445312501 0.478790283203125
0.084075927734375 -0.136077880859375 0.126029968261719 -0.000778198242187508
0.0644989013671875 -0.117973327636719 0.176422119140625 -0.4927978515625
0.0419921875 -0.100860595703125 -0.1004638671875 -0.7623291015625
0.0146217346191406 -0.0556297302246094 -0.54559326171875 -0.6063232421875
-0.00140476226806641 -0.00659990310668945 -0.69683837890625 -0.25128173828125
-0.00838851928710938 0.0366020202636719 -0.60675048828125 -0.03424072265625
-0.0151252746582031 0.0330238342285156 -0.3531494140625 0.1204833984375
0.00980758666992188 -0.011012077331543 -0.045806884765625 0.04046630859375
0.0338249206542969 0.0149383544921875 0.0804214477539063 0.0137176513671875
0.0266952514648438 0.0382003784179688 0.392974853515625 -0.022125244140625
0.0256919860839844 0.0606002807617188 0.53851318359375 0.1220703125
0.0198822021484375 0.0641555786132813 0.553253173828125 0.440338134765625
-0.0112094879150391 0.0259590148925781 0.313232421875 0.71502685546875
-0.0147209167480469 -0.0607337951660156 0.0491943359375 0.78662109375
0.0260696411132813 -0.085906982421875 -0.048370361328125 0.49871826171875
0.0707168579101563 -0.112167358398438 0.125534057617188 0.024444580078125
0.0542526245117188 -0.093353271484375 0.19024658203125 -0.471710205078125
0.0277633666992187 -0.0781326293945313 -0.0792846679687499 -0.75634765625
0.00143814086914062 -0.0380630493164063 -0.52886962890625 -0.615966796875
-0.00685787200927734 -0.00453567504882813 -0.69696044921875 -0.267333984375
0.00220870971679687 0.0273227691650391 -0.61199951171875 -0.0509643554687499
0.0106754302978516 0.0241069793701172 -0.357421875 0.111846923828125
0.0429801940917969 -0.016998291015625 -0.047271728515625 0.0347709655761719
0.0699081420898437 0.01611328125 0.0875244140625 0.0019683837890625
0.0677604675292969 0.0336341857910156 0.401275634765625 -0.037109375
0.0515632629394531 0.0403823852539062 0.543182373046875 0.098480224609375
0.0208168029785156 0.0500755310058594 0.56494140625 0.4139404296875
-0.0320453643798828 0.0324535369873047 0.3330078125 0.70452880859375
-0.0420074462890625 -0.0369110107421875 0.06982421875 0.7867431640625
0.00551986694335938 -0.052947998046875 -0.0391845703125 0.508819580078125
0.0582122802734375 -0.0812530517578125 0.127365112304688 0.0361862182617188
0.0448875427246094 -0.0634269714355469 0.205841064453125 -0.46240234375
0.0138397216796875 -0.0511283874511719 -0.0546874999999999 -0.75982666015625
-0.0121288299560547 -0.0180892944335938 -0.5079345703125 -0.635986328125
-0.0151405334472656 0.00133895874023437 -0.69110107421875 -0.29046630859375
0.0101909637451172 0.017059326171875 -0.61065673828125 -0.06982421875
0.0352363586425781 0.0132255554199219 -0.354339599609375 0.10125732421875
0.0782318115234375 -0.0205001831054688 -0.0397491455078125 0.0306549072265625
0.100822448730469 0.0165786743164063 0.101409912109375 -0.008056640625
0.0986480712890625 0.0270004272460937 0.403167724609375 -0.049407958984375
0.0713577270507813 0.0201492309570312 0.545135498046875 0.086822509765625
0.017120361328125 0.0354804992675781 0.57598876953125 0.39697265625
-0.0508575439453125 0.0399932861328125 0.35968017578125 0.68896484375
-0.06591796875 -0.0104598999023437 0.09735107421875 0.7718505859375
-0.0125026702880859 -0.0205268859863281 -0.025238037109375 0.502288818359375
0.0470237731933594 -0.05194091796875 0.133018493652344 0.0321273803710938
0.03668212890625 -0.03424072265625 0.21881103515625 -0.46466064453125
0.00186729431152344 -0.0248069763183594 -0.0323486328125001 -0.769287109375
-0.0245246887207031 0.00110816955566406 -0.483642578125 -0.65631103515625
-0.023101806640625 0.00461769104003906 -0.67669677734375 -0.31597900390625
0.015625 0.00829982757568359 -0.5999755859375 -0.0893554687500001
0.0563087463378906 0.0040130615234375 -0.34375 0.0883483886718749
0.11053466796875 -0.022369384765625 -0.0255470275878906 0.0280971527099609
0.120346069335937 0.014251708984375 0.117019653320313 -0.0152587890625
0.115478515625 0.0166397094726563 0.401458740234375 -0.056488037109375
0.0757980346679688 0.00290679931640625 0.55120849609375 0.089752197265625
0.0091400146484375 0.0271759033203125 0.5999755859375 0.390869140625
-0.0669326782226563 0.0507583618164063 0.39105224609375 0.67633056640625
-0.0828933715820313 0.0119552612304687 0.12567138671875 0.75054931640625
-0.0208110809326172 0.00766563415527343 -0.00833129882812495 0.483612060546875
0.0416717529296875 -0.0247993469238281 0.139915466308594 0.0154342651367187
0.0309085845947266 -0.0093231201171875 0.229736328125 -0.4805908203125
-0.00948238372802734 -0.00283908843994141 -0.0140380859375001 -0.78741455078125
-0.0367393493652344 0.0164031982421875 -0.4619140625 -0.6787109375
-0.0327987670898438 0.00571823120117187 -0.66180419921875 -0.33660888671875
0.0181407928466797 -0.00107765197753906 -0.58782958984375 -0.10260009765625
0.0739669799804688 -0.0044708251953125 -0.328369140625 0.078948974609375
0.134437561035156 -0.020355224609375 -0.00535392761230468 0.0277576446533203
0.126701354980469 0.0110397338867188 0.134475708007813 -0.0190887451171875
0.115707397460937 0.0074920654296875 0.40289306640625 -0.055267333984375
0.0684051513671875 -0.0045013427734375 0.5623779296875 0.09814453125
-0.001739501953125 0.0271739959716797 0.6239013671875 0.3895263671875
-0.0753860473632813 0.0604934692382813 0.4208984375 0.66265869140625
-0.086212158203125 0.029541015625 0.15069580078125 0.72332763671875
-0.0207805633544922 0.0239067077636719 0.00570678710937497 0.453094482421875
0.0400772094726563 -0.00773239135742188 0.146255493164062 -0.0138092041015625
0.0264301300048828 0.00761604309082031 0.23773193359375 -0.50457763671875
-0.0180950164794922 0.00993537902832032 -0.000183105468749979 -0.8084716796875
-0.0461578369140625 0.0199394226074219 -0.4434814453125 -0.6995849609375
-0.0410804748535156 -0.00128555297851563 -0.64532470703125 -0.35009765625
0.0211753845214844 -0.0128250122070313 -0.56884765625 -0.10833740234375
0.0865554809570313 -0.0103607177734375 -0.308624267578125 0.075775146484375
0.148696899414063 -0.011962890625 0.0177154541015625 0.0340194702148438
-0.0434188842773438 0.0281295776367187 0.112197875976563 0.0345611572265625
-0.0438499450683594 0.0605010986328125 0.38653564453125 0.011993408203125
-0.00832366943359376 0.0851058959960937 0.5484619140625 0.188018798828125
0.0274887084960938 0.0570869445800781 0.59344482421875 0.49200439453125
0.0230808258056641 -0.0180950164794922 0.33404541015625 0.71435546875
0.0313644409179687 -0.113868713378906 0.0584716796875 0.73590087890625
0.0685653686523438 -0.137031555175781 -0.0323486328125 0.416900634765625
0.1029052734375 -0.156341552734375 0.135078430175781 -0.0690536499023438
0.081756591796875 -0.141189575195313 0.154815673828125 -0.55975341796875
0.068328857421875 -0.120086669921875 -0.1309814453125 -0.80267333984375
0.0338897705078125 -0.0648078918457031 -0.560302734375 -0.60797119140625
-7.05718994140629E-05 0.00449848175048828 -0.68060302734375 -0.23126220703125
-0.0414695739746094 0.0537376403808594 -0.58441162109375 -0.00482177734375
-0.0610542297363281 0.0363044738769531 -0.329986572265625 0.1351318359375
-0.0349540710449219 -0.00174522399902344 -0.0178756713867188 0.0536575317382813
-0.0285549163818359 0.0208873748779297 0.0934906005859375 0.0321807861328125
-0.0343437194824219 0.0541229248046875 0.3837890625 0.005828857421875
-0.00773620605468749 0.0869598388671875 0.54144287109375 0.1748046875
0.0249824523925781 0.0700340270996094 0.57733154296875 0.48919677734375
0.0191593170166016 -0.0018768310546875 0.3214111328125 0.7318115234375
0.0261459350585937 -0.104156494140625 0.04864501953125 0.76727294921875
0.0606689453125 -0.132438659667969 -0.04229736328125 0.451629638671875
0.0937652587890625 -0.154388427734375 0.130256652832031 -0.0336380004882813
0.0727081298828125 -0.137733459472656 0.15869140625 -0.52850341796875
0.0559616088867187 -0.117149353027344 -0.128662109375 -0.78094482421875
0.0258255004882812 -0.0659332275390625 -0.56689453125 -0.59991455078125
0.00196933746337891 -0.00382876396179199 -0.6998291015625 -0.23504638671875
-0.0228805541992187 0.0489883422851563 -0.6014404296875 -0.0130615234375
-0.0407180786132813 0.0385055541992188 -0.345703125 0.131378173828125
-0.0177669525146484 -0.00597763061523438 -0.0354537963867187 0.0458221435546875
-9.63211059570323E-05 0.0145788192749023 0.0827713012695313 0.0230484008789063
-0.0086212158203125 0.046356201171875 0.39056396484375 -0.0091552734375
0.004638671875 0.0770721435546875 0.540985107421875 0.14495849609375
0.0220184326171875 0.072174072265625 0.56988525390625 0.4669189453125
0.00736236572265625 0.0137500762939453 0.32012939453125 0.72869873046875
0.00942230224609375 -0.0861892700195313 0.0500488281250001 0.78704833984375
0.0455398559570313 -0.11474609375 -0.043060302734375 0.482696533203125
0.0830230712890625 -0.13995361328125 0.126747131347656 -0.00136566162109376
0.0627975463867188 -0.120628356933594 0.170135498046875 -0.49908447265625
0.0412063598632813 -0.102912902832031 -0.114501953125 -0.77001953125
0.0139312744140625 -0.0569992065429687 -0.56085205078125 -0.603759765625
-0.00166177749633789 -0.00687360763549805 -0.70880126953125 -0.24420166015625
-0.007965087890625 0.0387153625488281 -0.615966796875 -0.0257568359375001
-0.0137119293212891 0.0336227416992188 -0.35498046875 0.125518798828125
0.00979042053222656 -0.0100364685058594 -0.0459632873535156 0.0402679443359375
0.0343742370605469 0.0130977630615234 0.0803298950195313 0.0124130249023438
0.0276527404785156 0.0406570434570313 0.398101806640625 -0.027587890625
0.0261306762695312 0.0611572265625 0.545623779296875 0.115570068359375
0.0212059020996094 0.0643386840820313 0.5687255859375 0.434814453125
-0.0107784271240234 0.0265712738037109 0.3271484375 0.71783447265625
-0.0164718627929688 -0.06219482421875 0.0614013671875 0.79437255859375
0.02520751953125 -0.0872116088867188 -0.0411376953125001 0.50506591796875
0.0683746337890625 -0.115104675292969 0.126472473144531 0.0233535766601562
0.0523757934570313 -0.0950698852539063 0.184417724609375 -0.48004150390625
0.0271148681640625 -0.07928466796875 -0.0929565429687501 -0.76275634765625
0.00204086303710938 -0.0390243530273438 -0.5443115234375 -0.614990234375
-0.00592613220214844 -0.00442743301391601 -0.7086181640625 -0.25872802734375
0.00313949584960937 0.0282840728759766 -0.62005615234375 -0.0415649414062501
0.0117511749267578 0.0248928070068359 -0.3603515625 0.117034912109375
0.0438957214355469 -0.0165596008300781 -0.0470771789550781 0.0348472595214844
0.0716094970703125 0.0156173706054688 0.0880584716796875 0.00115966796875
0.0679550170898438 0.0332756042480469 0.406707763671875 -0.043212890625
0.0535888671875 0.0400810241699219 0.552032470703125 0.0908203125
0.0214805603027344 0.0502815246582031 0.57806396484375 0.406982421875
-0.0306644439697266 0.0330142974853516 0.3486328125 0.706298828125
-0.0433578491210938 -0.0367355346679688 0.0832519531249999 0.795166015625
0.0048370361328125 -0.0536270141601563 -0.032501220703125 0.51434326171875
0.0559844970703125 -0.0831146240234375 0.130104064941406 0.0344772338867188
0.0448951721191406 -0.0651016235351563 0.20111083984375 -0.46990966796875
0.0139236450195313 -0.0513267517089844 -0.0661621093750001 -0.76727294921875
-0.011688232421875 -0.0182666778564453 -0.52178955078125 -0.63470458984375
-0.0151433944702148 0.00164985656738281 -0.70294189453125 -0.28350830078125
0.0102386474609375 0.0173463821411133 -0.6212158203125 -0.0629272460937499
0.0371780395507813 0.0144920349121094 -0.355438232421875 0.1063232421875
0.0798416137695313 -0.0224685668945313 -0.04034423828125 0.031005859375
0.102088928222656 0.015106201171875 0.100936889648438 -0.0085601806640625
0.100807189941406 0.0255126953125 0.407867431640625 -0.057525634765625
0.0717849731445313 0.0190658569335938 0.55426025390625 0.07843017578125
0.0182991027832031 0.0346736907958984 0.59088134765625 0.39031982421875
-0.051055908203125 0.0414466857910156 0.37493896484375 0.69049072265625
-0.0684280395507813 -0.00945281982421876 0.10919189453125 0.78033447265625
-0.0124473571777344 -0.0212173461914063 -0.01861572265625 0.507598876953125
0.0470237731933594 -0.0513801574707031 0.133781433105469 0.0313034057617188
0.0378608703613281 -0.0355567932128906 0.214935302734375 -0.472869873046875
0.001861572265625 -0.0252952575683594 -0.0446777343749999 -0.77716064453125
-0.0249156951904297 0.00214195251464844 -0.49761962890625 -0.65814208984375
-0.0235347747802734 0.00613021850585938 -0.6910400390625 -0.30780029296875
0.0147800445556641 0.00921440124511719 -0.60845947265625 -0.0830078125
0.0573692321777344 0.00368881225585937 -0.346343994140625 0.0939331054687499
0.110237121582031 -0.0252761840820313 -0.0252132415771484 0.02740478515625
0.121307373046875 0.013458251953125 0.11767578125 -0.016387939453125
0.117637634277344 0.0152053833007812 0.407928466796875 -0.062713623046875
0.0764617919921875 0.0025634765625 0.5601806640625 0.08056640625
0.00934791564941406 0.0266571044921875 0.6134033203125 0.385009765625
-0.0672874450683594 0.0519866943359375 0.40728759765625 0.67706298828125
-0.0826187133789063 0.0136871337890625 0.14093017578125 0.7581787109375
-0.0210781097412109 0.00686264038085937 -0.00186157226562495 0.489227294921875
0.0399398803710938 -0.0252799987792969 0.140525817871094 0.0132827758789063
0.0300865173339844 -0.0106620788574219 0.22589111328125 -0.488311767578125
-0.010380744934082 -0.00299739837646485 -0.02569580078125 -0.79412841796875
-0.0372085571289063 0.0159912109375 -0.47796630859375 -0.67926025390625
-0.0326004028320313 0.00571060180664062 -0.67572021484375 -0.3319091796875
0.0189952850341797 -0.00173568725585938 -0.5955810546875 -0.0965576171875001
0.0749893188476563 -0.00505828857421875 -0.33062744140625 0.08392333984375
0.134689331054688 -0.0221405029296875 -0.0043354034423828 0.0273189544677734
0.1278076171875 0.00945281982421875 0.135299682617188 -0.0214920043945313
0.117218017578125 0.00548553466796875 0.4075927734375 -0.060760498046875
0.069580078125 -0.00571060180664062 0.57073974609375 0.09063720703125
-0.002349853515625 0.0270671844482422 0.63739013671875 0.3819580078125
-0.074676513671875 0.062408447265625 0.43621826171875 0.66314697265625
-0.0861892700195313 0.0299911499023438 0.1619873046875 0.72979736328125
-0.0203475952148437 0.0239410400390625 0.011749267578125 0.457366943359375
0.0393218994140625 -0.00745391845703125 0.147445678710937 -0.0155181884765625
0.0263957977294922 0.00718498229980469 0.233306884765625 -0.51422119140625
-0.0191326141357422 0.00980377197265625 -0.0113525390625001 -0.81573486328125
-0.048553466796875 0.0214691162109375 -0.4600830078125 -0.69952392578125
-0.0406570434570313 4.57763671874971E-05 -0.6575927734375 -0.34552001953125
0.0220470428466797 -0.0125350952148438 -0.57623291015625 -0.1029052734375
0.087982177734375 -0.0103759765625 -0.312835693359375 0.080474853515625
0.1510009765625 -0.0153350830078125 0.01788330078125 0.0334377288818359
-0.0440406799316406 0.0287857055664063 0.115013122558594 0.032623291015625
-0.0443992614746094 0.0630302429199219 0.390655517578125 0.006500244140625
-0.00812530517578125 0.085601806640625 0.55804443359375 0.180511474609375
0.0294761657714844 0.0573158264160156 0.60955810546875 0.486083984375
0.0225830078125 -0.0191974639892578 0.35089111328125 0.71588134765625
0.0309906005859375 -0.116508483886719 0.0708618164062501 0.7435302734375
0.0675811767578125 -0.140716552734375 -0.026275634765625 0.420867919921875
0.101028442382812 -0.159561157226563 0.135841369628906 -0.07159423828125
0.078704833984375 -0.145248413085938 0.146240234375 -0.56622314453125
0.0676727294921875 -0.122367858886719 -0.14508056640625 -0.80731201171875
0.0343017578125 -0.0668601989746094 -0.57635498046875 -0.60479736328125
0.000216484069824219 0.00482559204101562 -0.6927490234375 -0.2235107421875
-0.0403327941894531 0.0566902160644531 -0.58966064453125 0.00585937500000001
-0.0613250732421875 0.0373420715332031 -0.33148193359375 0.142852783203125
-0.0353050231933594 -0.00259017944335938 -0.01715087890625 0.0557632446289063
-0.0278892517089844 0.0201759338378906 0.094818115234375 0.0325546264648438
-0.0341148376464844 0.0544319152832031 0.3883056640625 0.000854492187500004
-0.00614929199218749 0.087493896484375 0.551483154296875 0.165863037109375
0.0258560180664062 0.0702438354492188 0.59295654296875 0.48577880859375
0.0190219879150391 -0.00312232971191406 0.33917236328125 0.7313232421875
0.0244674682617188 -0.106727600097656 0.0621337890625 0.77374267578125
0.0585403442382812 -0.1357421875 -0.035369873046875 0.4569091796875
0.0930023193359375 -0.158050537109375 0.129325866699219 -0.0363235473632813
0.0709609985351563 -0.139183044433594 0.151214599609375 -0.534088134765625
0.054718017578125 -0.12005615234375 -0.14251708984375 -0.78887939453125
0.0255699157714844 -0.06683349609375 -0.5853271484375 -0.59765625
0.00249505043029785 -0.00293207168579102 -0.7122802734375 -0.2252197265625
-0.0227584838867188 0.0489311218261719 -0.60821533203125 -0.00311279296874993
-0.0395431518554687 0.0387306213378906 -0.346893310546875 0.137847900390625
-0.0177993774414063 -0.00449562072753906 -0.0355224609375 0.0472183227539063
-0.0006561279296875 0.0159015655517578 0.0842742919921875 0.0235671997070313
-0.00925445556640625 0.0462760925292969 0.395050048828125 -0.01495361328125
0.00411224365234374 0.0785064697265625 0.551666259765625 0.135772705078125
0.0231094360351563 0.0716018676757813 0.58453369140625 0.46026611328125
0.00819873809814453 0.0130319595336914 0.33709716796875 0.73065185546875
0.00869750976562501 -0.0878982543945312 0.0624999999999999 0.79376220703125
0.044219970703125 -0.117889404296875 -0.037384033203125 0.48748779296875
0.08099365234375 -0.142807006835938 0.126792907714844 -0.00312042236328126
0.0610427856445312 -0.123252868652344 0.1636962890625 -0.507354736328125
0.040313720703125 -0.105033874511719 -0.129150390625 -0.77685546875
0.0119056701660156 -0.0577850341796875 -0.57879638671875 -0.59942626953125
-0.0010228157043457 -0.00631141662597656 -0.72076416015625 -0.234619140625
-0.00653839111328125 0.0394554138183594 -0.62200927734375 -0.0166625976562501
-0.0138168334960937 0.0358963012695313 -0.3575439453125 0.132659912109375
0.00919342041015625 -0.0109882354736328 -0.0467758178710938 0.0413169860839844
0.0351123809814453 0.0140838623046875 0.0834579467773437 0.011505126953125
0.0284996032714844 0.039215087890625 0.40399169921875 -0.033782958984375
0.0269737243652344 0.0618858337402344 0.556549072265625 0.1051025390625
0.0221633911132813 0.0637855529785156 0.58258056640625 0.430419921875
-0.0103054046630859 0.0253314971923828 0.34356689453125 0.71905517578125
-0.0164337158203125 -0.0625953674316406 0.0744628906249999 0.80255126953125
0.0242156982421875 -0.0892181396484375 -0.034210205078125 0.51129150390625
0.0674057006835938 -0.117301940917969 0.1268310546875 0.0211029052734375
0.0518264770507812 -0.0973892211914062 0.178680419921875 -0.4879150390625
0.0255966186523438 -0.0804672241210938 -0.10540771484375 -0.76953125
0.000949859619140627 -0.0404624938964844 -0.56024169921875 -0.6123046875
-0.00686120986938477 -0.00428485870361328 -0.72320556640625 -0.2496337890625
0.00397300720214844 0.0297031402587891 -0.6260986328125 -0.03265380859375
0.0139007568359375 0.0266857147216797 -0.361480712890625 0.12548828125
0.043792724609375 -0.0179557800292969 -0.0474853515625 0.0354385375976563
0.0712966918945313 0.014190673828125 0.0908355712890625 0.000877380371093751
0.0695648193359375 0.0329437255859375 0.412322998046875 -0.049560546875
0.053619384765625 0.0402259826660156 0.56060791015625 0.08160400390625
0.0219459533691406 0.0496063232421875 0.59344482421875 0.40087890625
-0.0316371917724609 0.0345745086669922 0.36578369140625 0.70654296875
-0.0441169738769531 -0.0364570617675781 0.09649658203125 0.80133056640625
0.00390243530273438 -0.0545158386230469 -0.025299072265625 0.519866943359375
0.05560302734375 -0.085052490234375 0.130683898925781 0.0334930419921875
0.043487548828125 -0.0671195983886719 0.195281982421875 -0.47674560546875
0.0133056640625 -0.0527534484863281 -0.0800170898437501 -0.77264404296875
-0.0124492645263672 -0.0185127258300781 -0.539794921875 -0.63330078125
-0.0159139633178711 0.00149917602539063 -0.71539306640625 -0.27490234375
0.0118007659912109 0.0191516876220703 -0.627685546875 -0.0538330078124999
0.0376396179199219 0.0132484436035156 -0.358551025390625 0.11224365234375
0.0795516967773438 -0.02520751953125 -0.0405235290527344 0.0306358337402344
0.103050231933594 0.0126571655273438 0.103446960449219 -0.00980377197265625
0.102371215820313 0.0235214233398438 0.411468505859375 -0.063751220703125
0.0737991333007813 0.0177001953125 0.563720703125 0.0701904296875
0.0195388793945313 0.0351676940917969 0.6072998046875 0.38543701171875
-0.0512428283691406 0.0425834655761719 0.39166259765625 0.69122314453125
-0.0683059692382812 -0.00836181640625001 0.12530517578125 0.78643798828125
-0.0128250122070313 -0.0215225219726563 -0.010986328125 0.514068603515625
0.0455169677734375 -0.0528488159179688 0.134361267089844 0.029541015625
0.0363616943359375 -0.0369453430175781 0.20916748046875 -0.480712890625
0.000713348388671877 -0.0252189636230469 -0.05816650390625 -0.7828369140625
-0.0256004333496094 0.00209617614746093 -0.51422119140625 -0.65606689453125
-0.0237083435058594 0.00677299499511719 -0.70513916015625 -0.2999267578125
0.015965461730957 0.00927829742431641 -0.618408203125 -0.07269287109375
0.0582733154296875 0.00307464599609375 -0.348388671875 0.0996398925781249
0.11138916015625 -0.027374267578125 -0.0254955291748047 0.0280265808105469
0.122306823730469 0.010986328125 0.119583129882813 -0.0178298950195312
0.119255065917969 0.0138931274414063 0.41119384765625 -0.0701904296875
0.0773468017578125 -0.000213623046875 0.5692138671875 0.0709228515625
0.00930023193359375 0.0261096954345703 0.62884521484375 0.37738037109375
-0.0664939880371094 0.0524482727050781 0.4239501953125 0.675048828125
-0.0828094482421875 0.0154037475585937 0.15313720703125 0.76373291015625
-0.0207042694091797 0.0077972412109375 0.00634765624999995 0.49542236328125
0.0388412475585938 -0.0255126953125 0.141708374023438 0.0119476318359375
0.0303688049316406 -0.0108222961425781 0.22076416015625 -0.49627685546875
-0.0107173919677734 -0.00332736968994141 -0.0391845703125001 -0.80242919921875
-0.038818359375 0.0158042907714844 -0.49371337890625 -0.67724609375
-0.0330467224121094 0.00785636901855468 -0.6873779296875 -0.323486328125
0.0194568634033203 -0.00158309936523438 -0.6046142578125 -0.0884399414062499
0.0762176513671875 -0.0063629150390625 -0.3321533203125 0.091094970703125
0.136520385742188 -0.0256576538085937 -0.00513648986816405 0.0271053314208984
0.130096435546875 0.00748443603515625 0.137351989746094 -0.0216293334960937
0.117660522460938 0.00458526611328125 0.4119873046875 -0.068817138671875
0.0699119567871094 -0.00696563720703125 0.5797119140625 0.08209228515625
-0.00246620178222656 0.0268535614013672 0.65264892578125 0.375244140625
-0.0745773315429688 0.0631103515625 0.45330810546875 0.66119384765625
-0.0867996215820313 0.0328445434570313 0.17694091796875 0.73516845703125
-0.0203456878662109 0.025054931640625 0.019866943359375 0.46295166015625
0.0387535095214844 -0.00868606567382813 0.147171020507813 -0.01666259765625
0.0262165069580078 0.00813484191894531 0.228668212890625 -0.52081298828125
-0.0188465118408203 0.00974845886230469 -0.02496337890625 -0.82403564453125
-0.0485992431640625 0.0220108032226563 -0.476318359375 -0.69793701171875
-0.0407180786132812 0.000839233398437491 -0.67010498046875 -0.33782958984375
0.0225811004638672 -0.0132255554199219 -0.58599853515625 -0.09375
0.08917236328125 -0.0113525390625 -0.3138427734375 0.0848388671875001
0.151535034179688 -0.017822265625 0.0179519653320313 0.0331249237060547
-0.0428466796875 0.0275039672851563 0.117202758789063 0.0305633544921875
-0.0443649291992187 0.0635719299316406 0.39642333984375 -0.000274658203124996
-0.00817108154296874 0.0865631103515625 0.5684814453125 0.17156982421875
0.0300636291503906 0.0566940307617188 0.62567138671875 0.47845458984375
0.02276611328125 -0.0206413269042969 0.366455078125 0.713623046875
0.0289382934570312 -0.119674682617188 0.0852050781250001 0.74755859375
0.0655059814453125 -0.1436767578125 -0.017608642578125 0.4254150390625
0.098480224609375 -0.164154052734375 0.135025024414062 -0.0741653442382813
0.07720947265625 -0.147262573242188 0.1363525390625 -0.573974609375
0.0649185180664062 -0.125282287597656 -0.16107177734375 -0.8133544921875
0.0326271057128906 -0.0670051574707031 -0.5943603515625 -0.598876953125
-0.000252723693847657 0.00596809387207031 -0.70391845703125 -0.21142578125
-0.040283203125 0.057952880859375 -0.595703125 0.0171508789062499
-0.0608177185058594 0.039703369140625 -0.3330078125 0.1494140625
-0.0352935791015625 -0.00221252441406249 -0.0182113647460938 0.0558128356933594
-0.0280590057373047 0.0216350555419922 0.0980224609375 0.030670166015625
-0.033935546875 0.0570945739746094 0.3934326171875 -0.007720947265625
-0.00620269775390624 0.0886306762695312 0.560821533203125 0.159454345703125
0.02783203125 0.0701980590820313 0.6103515625 0.476806640625
0.0191516876220703 -0.00468635559082031 0.35491943359375 0.7308349609375
0.0226058959960938 -0.108528137207031 0.07794189453125 0.78076171875
0.055999755859375 -0.138252258300781 -0.02655029296875 0.4620361328125
0.0904388427734375 -0.161407470703125 0.130294799804688 -0.0393905639648438
0.068603515625 -0.1435546875 0.142730712890625 -0.54351806640625
0.0522842407226563 -0.122512817382813 -0.15960693359375 -0.79278564453125
0.0236778259277344 -0.0684471130371094 -0.6011962890625 -0.5908203125
0.000991582870483398 -0.00311803817749023 -0.723876953125 -0.213623046875
-0.0214691162109375 0.0502166748046875 -0.61431884765625 0.00744628906249993
-0.0388565063476563 0.0411224365234375 -0.348419189453125 0.146575927734375
-0.0187110900878906 -0.00386810302734375 -0.0348587036132813 0.0484161376953125
-0.000541687011718749 0.0144920349121094 0.0878143310546875 0.0224685668945313
-0.00807952880859375 0.0470542907714844 0.400360107421875 -0.023651123046875
0.00622558593749999 0.0787811279296875 0.56011962890625 0.1268310546875
0.02313232421875 0.0719070434570313 0.60089111328125 0.4534912109375
0.00888633728027344 0.0125398635864258 0.35552978515625 0.72900390625
0.007293701171875 -0.0897598266601563 0.0802001953124999 0.79742431640625
0.042938232421875 -0.119598388671875 -0.029876708984375 0.49432373046875
0.0786590576171875 -0.145370483398438 0.126777648925781 -0.00512695312500001
0.0593032836914063 -0.125587463378906 0.1536865234375 -0.51416015625
0.038909912109375 -0.106735229492188 -0.14349365234375 -0.78131103515625
0.0113067626953125 -0.0589981079101562 -0.595703125 -0.5938720703125
-0.00196695327758789 -0.00663661956787109 -0.7322998046875 -0.222900390625
-0.00550460815429688 0.0410614013671875 -0.62939453125 -0.0058593750000001
-0.0124893188476563 0.0365638732910156 -0.35858154296875 0.140045166015625
0.00890254974365234 -0.0107593536376953 -0.04608154296875 0.0420074462890625
0.0357666015625 0.0130538940429687 0.0852890014648438 0.0115814208984375
0.029022216796875 0.0383415222167969 0.40838623046875 -0.04302978515625
0.0283355712890625 0.0606117248535156 0.56439208984375 0.09539794921875
0.0219879150390625 0.0637397766113281 0.59942626953125 0.42144775390625
-0.0100803375244141 0.0243473052978516 0.36163330078125 0.72003173828125
-0.0175628662109375 -0.0638999938964844 0.0902099609375 0.80767822265625
0.0233535766601563 -0.0909347534179688 -0.026214599609375 0.516632080078125
0.0650100708007812 -0.1195068359375 0.127761840820313 0.0204391479492187
0.049530029296875 -0.0993728637695313 0.1710205078125 -0.493377685546875
0.0247344970703125 -0.081695556640625 -0.1207275390625 -0.7750244140625
-0.000736236572265622 -0.0401496887207031 -0.578125 -0.60638427734375
-0.00622749328613281 -0.00320911407470703 -0.7340087890625 -0.2392578125
0.00562667846679688 0.0295047760009766 -0.6341552734375 -0.0211181640625
0.0139198303222656 0.0263042449951172 -0.3619384765625 0.13043212890625
0.0437355041503906 -0.0191879272460937 -0.0477828979492188 0.0367507934570313
0.0742874145507813 0.0134506225585938 0.09130859375 7.62939453125008E-05
0.0703277587890625 0.0316543579101563 0.4150390625 -0.059814453125
0.0549507141113281 0.0378837585449219 0.5693359375 0.070556640625
0.0233612060546875 0.0488624572753906 0.60931396484375 0.3935546875
-0.0303478240966797 0.0341682434082031 0.38232421875 0.70489501953125
-0.0451469421386719 -0.0355873107910156 0.11322021484375 0.80633544921875
0.00234603881835937 -0.0555267333984375 -0.01568603515625 0.52587890625
0.053619384765625 -0.0869369506835938 0.131027221679687 0.0318832397460937
0.0420494079589844 -0.0683097839355469 0.187408447265625 -0.484466552734375
0.0120811462402344 -0.05322265625 -0.0948486328125 -0.77886962890625
-0.0143251419067383 -0.0170860290527344 -0.55780029296875 -0.6270751953125
-0.0150423049926758 0.00182533264160156 -0.7288818359375 -0.263671875
0.0114307403564453 0.0183677673339844 -0.63592529296875 -0.0432128906250001
0.0390396118164063 0.0133018493652344 -0.359375 0.118865966796875
0.0792160034179688 -0.0258407592773438 -0.0402145385742187 0.0312843322753906
0.104568481445313 0.0124969482421875 0.105133056640625 -0.0122833251953125
0.103851318359375 0.022491455078125 0.416839599609375 -0.0721435546875
0.07513427734375 0.0152664184570312 0.572021484375 0.05902099609375
0.01885986328125 0.0345458984375 0.62078857421875 0.374755859375
-0.051544189453125 0.0442352294921875 0.41009521484375 0.68902587890625
-0.0678596496582031 -0.00769042968749999 0.13970947265625 0.79119873046875
-0.0132465362548828 -0.0214481353759766 -0.00189208984374995 0.520233154296875
0.0441818237304688 -0.0551033020019531 0.135536193847656 0.027862548828125
0.0354385375976563 -0.0368118286132813 0.2003173828125 -0.48834228515625
0.000343322753906248 -0.0259685516357422 -0.07330322265625 -0.788818359375
-0.0256175994873047 0.00307655334472656 -0.5333251953125 -0.6524658203125
-0.0238895416259766 0.00665855407714844 -0.7161865234375 -0.28741455078125
0.0164632797241211 0.00930690765380859 -0.625732421875 -0.0608520507812499
0.0597763061523438 0.001434326171875 -0.350677490234375 0.106231689453125
0.1126708984375 -0.0295791625976563 -0.0255641937255859 0.0283107757568359
0.125343322753906 0.008270263671875 0.121017456054688 -0.0196609497070313
0.120155334472656 0.0118331909179688 0.415191650390625 -0.07763671875
0.079071044921875 -0.0006866455078125 0.5755615234375 0.0594482421875
0.0100746154785156 0.0268325805664063 0.643310546875 0.36737060546875
-0.0661392211914063 0.0546836853027344 0.44091796875 0.67431640625
-0.0841293334960938 0.0175018310546875 0.16900634765625 0.76873779296875
-0.0214519500732422 0.00761795043945312 0.014068603515625 0.497955322265625
0.0387001037597656 -0.0267715454101563 0.141510009765625 0.0086822509765625
0.0295543670654297 -0.0111331939697266 0.212799072265625 -0.504608154296875
-0.0104265213012695 -0.00277519226074219 -0.0529785156249999 -0.8092041015625
-0.0380516052246094 0.01715087890625 -0.51177978515625 -0.67529296875
-0.0327072143554688 0.00735092163085937 -0.70208740234375 -0.3109130859375
0.0197200775146484 -0.00204849243164063 -0.611083984375 -0.0782470703124999
0.0775604248046875 -0.00788116455078125 -0.3349609375 0.095916748046875
0.137260437011719 -0.0284500122070313 -0.00468254089355468 0.0273361206054687
0.132354736328125 0.0043182373046875 0.138526916503906 -0.0244827270507812
0.120246887207031 0.0027008056640625 0.413970947265625 -0.077728271484375
0.0703277587890625 -0.00876617431640625 0.58990478515625 0.06866455078125
-0.00216293334960938 0.026153564453125 0.66766357421875 0.366455078125
-0.0738983154296875 0.0658493041992188 0.47015380859375 0.65765380859375
-0.0865478515625 0.0339279174804688 0.1937255859375 0.73858642578125
-0.0206012725830078 0.0264873504638672 0.027740478515625 0.466705322265625
0.0387535095214844 -0.00896453857421875 0.147964477539063 -0.0201263427734375
0.0264072418212891 0.00684356689453125 0.219146728515625 -0.529937744140625
-0.0184993743896484 0.0107212066650391 -0.04144287109375 -0.83148193359375
-0.0495071411132812 0.0234642028808594 -0.4952392578125 -0.69573974609375
-0.039581298828125 0.00170516967773437 -0.68304443359375 -0.32794189453125
0.0228691101074219 -0.0131988525390625 -0.5931396484375 -0.0847778320312499
0.0910873413085937 -0.0146026611328125 -0.315521240234375 0.09210205078125
0.152511596679687 -0.0213775634765625 0.018341064453125 0.0330085754394531
-0.0429344177246094 0.0305557250976563 0.119361877441406 0.030242919921875
-0.044219970703125 0.0653572082519531 0.399078369140625 -0.0081787109375
-0.00612640380859375 0.0878677368164063 0.57763671875 0.16033935546875
0.030609130859375 0.056976318359375 0.639892578125 0.4681396484375
0.0231914520263672 -0.0217914581298828 0.38604736328125 0.71087646484375
0.0271835327148438 -0.122566223144531 0.10223388671875 0.75067138671875
0.06292724609375 -0.14715576171875 -0.011383056640625 0.4285888671875
0.096466064453125 -0.165786743164063 0.132698059082031 -0.0780792236328125
0.074188232421875 -0.1510009765625 0.125732421875 -0.581298828125
0.0634994506835937 -0.129371643066406 -0.1790771484375 -0.81390380859375
0.0316886901855469 -0.0689620971679688 -0.61090087890625 -0.591064453125
-4.10079956054687E-05 0.00616216659545899 -0.71539306640625 -0.19769287109375
-0.0384902954101562 0.0590667724609375 -0.60040283203125 0.0274658203124999
-0.0597000122070312 0.0416679382324219 -0.333709716796875 0.156585693359375
-0.0361137390136719 -0.00112533569335938 -0.0166511535644531 0.0560455322265625
-0.0274658203125 0.0210475921630859 0.100120544433594 0.0289535522460938
-0.0333709716796875 0.056671142578125 0.397491455078125 -0.01611328125
-0.00369262695312499 0.0897674560546875 0.56842041015625 0.1463623046875
0.0274925231933594 0.0694808959960938 0.62664794921875 0.46649169921875
0.0208244323730469 -0.00525474548339844 0.37396240234375 0.73016357421875
0.021759033203125 -0.110054016113281 0.0948486328125001 0.784423828125
0.0549774169921875 -0.140174865722656 -0.019317626953125 0.46502685546875
0.087921142578125 -0.164352416992188 0.128692626953125 -0.0418319702148438
0.066314697265625 -0.145050048828125 0.131195068359375 -0.547943115234375
0.0504989624023438 -0.124961853027344 -0.17742919921875 -0.79388427734375
0.0220108032226563 -0.0701103210449219 -0.6201171875 -0.58319091796875
0.00231242179870605 -0.00168967247009277 -0.7349853515625 -0.20001220703125
-0.0197257995605469 0.0528411865234375 -0.619384765625 0.0210571289062499
-0.0372428894042969 0.0424423217773438 -0.3465576171875 0.153350830078125
-0.0180759429931641 -0.00535202026367187 -0.0350418090820313 0.0489349365234375
0.000645637512207032 0.0147695541381836 0.0888214111328125 0.0199661254882813
-0.00804901123046875 0.0466079711914063 0.403350830078125 -0.03253173828125
0.00695037841796875 0.0788650512695313 0.56591796875 0.1148681640625
0.0263595581054687 0.07183837890625 0.61553955078125 0.44146728515625
0.00785255432128906 0.0116481781005859 0.37188720703125 0.72760009765625
0.00662231445312501 -0.0896682739257813 0.0966796875 0.80401611328125
0.0409011840820313 -0.123008728027344 -0.0201416015625 0.498931884765625
0.076080322265625 -0.1483154296875 0.127899169921875 -0.00742340087890626
0.0558395385742188 -0.127655029296875 0.14410400390625 -0.5206298828125
0.0365447998046875 -0.108123779296875 -0.1614990234375 -0.782470703125
0.00994873046875 -0.0592689514160156 -0.612060546875 -0.58544921875
-0.000492095947265625 -0.00444793701171875 -0.744140625 -0.207763671875
-0.00524520874023438 0.0412139892578125 -0.634033203125 0.00726318359375013
-0.0112571716308594 0.0361442565917969 -0.35797119140625 0.14898681640625
0.00809955596923828 -0.0115737915039063 -0.0472030639648438 0.0425643920898438
0.0354766845703125 0.0115776062011719 0.0873870849609375 0.010040283203125
0.0296134948730469 0.0378875732421875 0.411285400390625 -0.049468994140625
0.0294837951660156 0.0601310729980469 0.57159423828125 0.084228515625
0.0244102478027344 0.0635948181152344 0.6134033203125 0.40960693359375
-0.00928878784179687 0.0250358581542969 0.37884521484375 0.71612548828125
-0.0179557800292969 -0.0644187927246094 0.110107421875 0.8134765625
0.0216598510742188 -0.0920639038085937 -0.015625 0.520660400390625
0.06390380859375 -0.120002746582031 0.1285400390625 0.0174560546875
0.0482940673828125 -0.100494384765625 0.161712646484375 -0.50079345703125
0.0230026245117188 -0.0834884643554687 -0.1380615234375 -0.776123046875
-0.00186538696289063 -0.0418777465820313 -0.5943603515625 -0.598876953125
-0.00696372985839844 -0.00286149978637695 -0.74481201171875 -0.225341796875
0.00625038146972656 0.0310134887695313 -0.641357421875 -0.00915527343750007
0.0151653289794922 0.0257949829101563 -0.361846923828125 0.1385498046875
0.0433387756347656 -0.0201797485351563 -0.0478172302246094 0.0384521484375
0.0734176635742188 0.0114364624023437 0.0930404663085938 -0.001983642578125
0.0713119506835937 0.0298843383789062 0.418548583984375 -0.06878662109375
0.05572509765625 0.0381584167480469 0.5771484375 0.0582275390625
0.0244522094726562 0.0478477478027344 0.6229248046875 0.3814697265625
-0.0300559997558594 0.035186767578125 0.39947509765625 0.7017822265625
-0.0451431274414062 -0.0355148315429688 0.13031005859375 0.81072998046875
0.00143051147460938 -0.0568885803222656 -0.00695800781249999 0.5303955078125
0.0527420043945313 -0.0882110595703125 0.130477905273438 0.0286178588867187
0.0413322448730469 -0.0702629089355469 0.178192138671875 -0.491607666015625
0.0100784301757812 -0.0541877746582031 -0.11163330078125 -0.77935791015625
-0.0140705108642578 -0.0185909271240234 -0.5745849609375 -0.6201171875
-0.0151777267456055 0.00267505645751953 -0.739013671875 -0.2489013671875
0.0130043029785156 0.0187740325927734 -0.64178466796875 -0.03009033203125
0.0405998229980469 0.0133247375488281 -0.361175537109375 0.126007080078125
0.0796890258789063 -0.0281829833984375 -0.0403709411621094 0.0312995910644531
0.10638427734375 0.0114669799804688 0.106170654296875 -0.0134811401367187
0.105369567871094 0.0196380615234375 0.4193115234375 -0.080657958984375
0.075469970703125 0.0155258178710938 0.577880859375 0.04754638671875
0.0199928283691406 0.0334339141845703 0.63671875 0.3621826171875
-0.0497245788574219 0.04498291015625 0.4256591796875 0.68603515625
-0.0690460205078125 -0.00691604614257814 0.15875244140625 0.79364013671875
-0.0135993957519531 -0.0204677581787109 0.00787353515625002 0.52362060546875
0.0432929992675781 -0.0563697814941406 0.134819030761719 0.0251312255859375
0.034423828125 -0.0395126342773438 0.193511962890625 -0.494476318359375
-0.00155258178710937 -0.0261306762695313 -0.0881347656250001 -0.79266357421875
-0.0262832641601563 0.0030975341796875 -0.5511474609375 -0.6453857421875
-0.0243358612060547 0.00761604309082031 -0.7275390625 -0.27581787109375
0.0178241729736328 0.00768470764160156 -0.63116455078125 -0.0490112304687501
0.0620803833007813 0.00102615356445313 -0.3504638671875 0.113983154296875
0.112457275390625 -0.0327606201171875 -0.0252113342285156 0.0285224914550781
0.125701904296875 0.0068359375 0.122650146484375 -0.0227279663085938
0.121650695800781 0.00897979736328125 0.41656494140625 -0.087493896484375
0.0793228149414063 -0.0032501220703125 0.58258056640625 0.04876708984375
0.0101470947265625 0.0250530242919922 0.65704345703125 0.35443115234375
-0.0656166076660156 0.0560302734375 0.4586181640625 0.66949462890625
-0.0826034545898438 0.0199661254882813 0.18829345703125 0.77166748046875
-0.0198097229003906 0.00738143920898437 0.024261474609375 0.50262451171875
0.0376358032226563 -0.0283584594726563 0.1407470703125 0.0068359375
0.0300083160400391 -0.0117931365966797 0.20263671875 -0.51123046875
-0.0111293792724609 -0.00244522094726563 -0.0707397460937499 -0.810302734375
-0.0379753112792969 0.0184173583984375 -0.53070068359375 -0.66937255859375
-0.0323963165283203 0.00845336914062501 -0.71234130859375 -0.30096435546875
0.0206718444824219 -0.002197265625 -0.618408203125 -0.06671142578125
0.0794906616210937 -0.0094757080078125 -0.335784912109375 0.10211181640625
0.137985229492188 -0.0316390991210938 -0.00464630126953124 0.0273151397705078
0.133079528808594 0.00241851806640625 0.139152526855469 -0.0269088745117188
0.120925903320313 -8.392333984375E-05 0.416595458984375 -0.085968017578125
0.0703277587890625 -0.0105056762695313 0.5965576171875 0.05633544921875
-0.00134468078613281 0.026336669921875 0.6810302734375 0.3536376953125
-0.0738525390625 0.0663528442382813 0.48785400390625 0.65167236328125
-0.0857162475585937 0.0354156494140625 0.20977783203125 0.7403564453125
-0.0197868347167969 0.0254116058349609 0.037506103515625 0.469512939453125
0.0366363525390625 -0.0098114013671875 0.147369384765625 -0.0228271484375
0.0255584716796875 0.00660896301269531 0.21038818359375 -0.53765869140625
-0.0194683074951172 0.0110855102539062 -0.0578002929687499 -0.8359375
-0.0509605407714844 0.0239486694335938 -0.51361083984375 -0.69140625
-0.0404930114746094 0.00302505493164062 -0.6964111328125 -0.31597900390625
0.0228652954101562 -0.0133686065673828 -0.598876953125 -0.0740356445312499
0.0923233032226563 -0.0153350830078125 -0.31689453125 0.0980224609375
0.153182983398438 -0.023895263671875 0.0189952850341797 0.03179931640625
-0.0407943725585937 0.0297355651855469 0.12060546875 0.0267333984375
-0.0430831909179687 0.065765380859375 0.402069091796875 -0.015380859375
-0.00482177734374999 0.0887069702148438 0.583740234375 0.14825439453125
0.0322647094726562 0.0562057495117188 0.655029296875 0.4541015625
0.0227890014648438 -0.0221691131591797 0.402587890625 0.70635986328125
0.0247344970703125 -0.124259948730469 0.1197509765625 0.7528076171875
0.06072998046875 -0.14947509765625 -0.00137329101562503 0.43023681640625
0.093780517578125 -0.17022705078125 0.131500244140625 -0.0796279907226563
0.0709686279296875 -0.15228271484375 0.11279296875 -0.58587646484375
0.0606689453125 -0.131813049316406 -0.19891357421875 -0.814697265625
0.0302886962890625 -0.0703125 -0.627685546875 -0.58203125
-0.000537395477294922 0.00607442855834961 -0.72442626953125 -0.1832275390625
-0.0371971130371094 0.0628471374511719 -0.604248046875 0.0419921874999999
-0.0587348937988281 0.0430183410644531 -0.329498291015625 0.16510009765625
-0.0365791320800781 -0.000682830810546874 -0.0154342651367188 0.0563507080078125
-0.02734375 0.0215206146240234 0.102729797363281 0.0264129638671875
-0.0332679748535156 0.0586395263671875 0.4007568359375 -0.023345947265625
-0.00344085693359374 0.0893402099609375 0.57708740234375 0.133544921875
0.0313377380371094 0.0688362121582031 0.64080810546875 0.4522705078125
0.0212039947509766 -0.0058135986328125 0.3924560546875 0.7239990234375
0.0192337036132813 -0.111618041992188 0.1141357421875 0.7862548828125
0.0518646240234375 -0.142776489257813 -0.00970458984374999 0.46875
0.08343505859375 -0.166244506835938 0.127540588378906 -0.0435867309570313
0.0631561279296875 -0.147964477539063 0.118988037109375 -0.553070068359375
0.0474395751953125 -0.127151489257813 -0.19476318359375 -0.7955322265625
0.019989013671875 -0.0705184936523438 -0.63427734375 -0.57379150390625
0.00309014320373535 -0.00220084190368652 -0.7427978515625 -0.1839599609375
-0.0188179016113281 0.0543289184570312 -0.622802734375 0.0339965820312501
-0.036895751953125 0.0442008972167969 -0.3468017578125 0.16192626953125
-0.0200729370117188 -0.00482559204101562 -0.03485107421875 0.04949951171875
0.000110626220703127 0.0147790908813477 0.091461181640625 0.0189132690429688
-0.00802993774414062 0.0479393005371094 0.406280517578125 -0.03948974609375
0.00849151611328125 0.0797271728515625 0.5748291015625 0.10260009765625
0.02728271484375 0.0726776123046875 0.62982177734375 0.4296875
0.00921344757080078 0.0106277465820313 0.39105224609375 0.721923828125
0.00485992431640625 -0.0913467407226562 0.11407470703125 0.8065185546875
0.0381240844726563 -0.123703002929688 -0.011199951171875 0.50152587890625
0.0733489990234375 -0.1502685546875 0.127090454101563 -0.010101318359375
0.053955078125 -0.129409790039062 0.134033203125 -0.52728271484375
0.0329742431640625 -0.110755920410156 -0.18048095703125 -0.78369140625
0.0084075927734375 -0.060272216796875 -0.6279296875 -0.576171875
-0.00150537490844727 -0.00501871109008789 -0.75384521484375 -0.19281005859375
-0.0026092529296875 0.0422210693359375 -0.63720703125 0.0219116210937499
-0.009552001953125 0.0368003845214844 -0.356719970703125 0.15576171875
0.00934028625488281 -0.0128812789916992 -0.0452957153320313 0.0429801940917969
0.0365257263183594 0.0108528137207031 0.0880355834960938 0.00959014892578125
0.0300941467285156 0.038665771484375 0.41375732421875 -0.059051513671875
0.0296478271484375 0.0601730346679688 0.5787353515625 0.07183837890625
0.0257606506347656 0.0633964538574219 0.6273193359375 0.39715576171875
-0.00865554809570312 0.0243072509765625 0.39801025390625 0.71087646484375
-0.0201759338378906 -0.0641403198242188 0.12762451171875 0.81475830078125
0.0200042724609375 -0.093109130859375 -0.00640869140624994 0.523834228515625
0.0611114501953125 -0.122306823730469 0.127906799316406 0.0168228149414062
0.0457687377929688 -0.102973937988281 0.15057373046875 -0.504486083984375
0.0205841064453125 -0.0837249755859375 -0.15631103515625 -0.77734375
-0.00341796875 -0.0412979125976563 -0.6121826171875 -0.58807373046875
-0.00655508041381836 -0.00257253646850586 -0.75384521484375 -0.20916748046875
0.00691413879394532 0.0306320190429688 -0.64593505859375 0.00415039062499999
0.0164890289306641 0.0252056121826172 -0.36163330078125 0.148468017578125
0.0435028076171875 -0.0219993591308594 -0.0477066040039063 0.037017822265625
0.0752334594726563 0.01055908203125 0.0942916870117188 -0.003692626953125
0.0718002319335938 0.0288848876953125 0.4205322265625 -0.077880859375
0.0570945739746094 0.0368003845214844 0.58367919921875 0.0460205078125
0.0246696472167969 0.04803466796875 0.63568115234375 0.367431640625
-0.0290069580078125 0.0360336303710938 0.419677734375 0.6934814453125
-0.04608154296875 -0.0353240966796875 0.14825439453125 0.8109130859375
-0.000144958496093753 -0.0568885803222656 0.00485229492187502 0.533599853515625
0.0497970581054687 -0.089569091796875 0.132301330566406 0.0265426635742187
0.0392074584960938 -0.0713348388671875 0.1697998046875 -0.497039794921875
0.00963211059570313 -0.0550956726074219 -0.12982177734375 -0.78265380859375
-0.0160293579101563 -0.0180931091308594 -0.5919189453125 -0.610107421875
-0.0146894454956055 0.00316810607910156 -0.750244140625 -0.23406982421875
0.0144729614257813 0.0200538635253906 -0.64544677734375 -0.0166015625000001
0.0414276123046875 0.0121307373046875 -0.3607177734375 0.13330078125
0.0792770385742188 -0.030548095703125 -0.0400581359863281 0.0323638916015625
0.106697082519531 0.00928497314453125 0.106063842773438 -0.0152587890625
0.106124877929688 0.0180740356445313 0.4215087890625 -0.090576171875
0.0753631591796875 0.0124435424804687 0.58306884765625 0.0333251953125
0.0195369720458984 0.0336360931396484 0.64910888671875 0.35101318359375
-0.0475578308105469 0.0458793640136719 0.44586181640625 0.677490234375
-0.0685577392578125 -0.00557327270507814 0.17608642578125 0.796142578125
-0.0154895782470703 -0.0200634002685547 0.020263671875 0.524200439453125
0.0413970947265625 -0.0575942993164063 0.135780334472656 0.0236434936523437
0.0332489013671875 -0.0396919250488281 0.18328857421875 -0.498809814453125
-0.00121307373046875 -0.0255279541015625 -0.10748291015625 -0.7933349609375
-0.0265998840332031 0.00369644165039063 -0.56854248046875 -0.63623046875
-0.0228424072265625 0.00792884826660157 -0.73919677734375 -0.26239013671875
0.0188484191894531 0.00925445556640625 -0.635986328125 -0.0381469726562501
0.0621719360351563 -0.000499725341796875 -0.35076904296875 0.121185302734375
0.113151550292969 -0.0353317260742187 -0.0270462036132812 0.0284290313720703
0.127243041992188 0.004119873046875 0.122154235839844 -0.0244216918945313
0.123153686523437 0.00666046142578125 0.418731689453125 -0.097991943359375
0.0797271728515625 -0.0050201416015625 0.58831787109375 0.034423828125
0.0107746124267578 0.0253524780273438 0.67041015625 0.34112548828125
-0.0638008117675781 0.0568351745605469 0.47705078125 0.6607666015625
-0.082000732421875 0.021209716796875 0.20611572265625 0.7708740234375
-0.0210456848144531 0.00815391540527344 0.034637451171875 0.503692626953125
0.0359649658203125 -0.0298194885253906 0.141326904296875 0.0042877197265625
0.028778076171875 -0.0129203796386719 0.1929931640625 -0.5184326171875
-0.0126428604125977 -0.00258541107177734 -0.0880126953124999 -0.8140869140625
-0.0382423400878906 0.0194244384765625 -0.547119140625 -0.66015625
-0.0323925018310547 0.00888633728027344 -0.7237548828125 -0.2864990234375
0.0217914581298828 -0.00244331359863281 -0.62261962890625 -0.0535888671874999
0.0804672241210938 -0.0112075805664062 -0.3358154296875 0.109649658203125
0.137733459472656 -0.03399658203125 -0.00470542907714843 0.0263099670410156
0.133094787597656 0.00025177001953125 0.140853881835938 -0.0308990478515625
0.12078857421875 -0.00374603271484375 0.41839599609375 -0.095489501953125
0.06988525390625 -0.0132637023925781 0.60040283203125 0.0435791015625
-0.000795364379882812 0.0254573822021484 0.696533203125 0.33905029296875
-0.0724716186523438 0.0681304931640625 0.5059814453125 0.64508056640625
-0.0853500366210937 0.0376358032226562 0.2288818359375 0.73846435546875
-0.0202388763427734 0.0257453918457031 0.047271728515625 0.471221923828125
0.0362167358398438 -0.0105934143066406 0.146026611328125 -0.0259552001953125
0.0257720947265625 0.00624656677246094 0.1988525390625 -0.543792724609375
-0.0201225280761719 0.0105838775634766 -0.0766601562499999 -0.83734130859375
-0.0495414733886719 0.0249671936035156 -0.5316162109375 -0.68341064453125
-0.0424728393554687 0.00432968139648438 -0.7076416015625 -0.30426025390625
0.0243167877197266 -0.0135707855224609 -0.60516357421875 -0.0614013671875
0.0933914184570313 -0.0179519653320313 -0.317474365234375 0.104248046875
0.153656005859375 -0.028594970703125 0.0189895629882813 0.0313625335693359
-0.0406074523925781 0.0310859680175781 0.122093200683594 0.024627685546875
-0.0424118041992187 0.0675125122070313 0.40264892578125 -0.02471923828125
-0.003631591796875 0.089141845703125 0.59130859375 0.1348876953125
0.0332412719726563 0.0549774169921875 0.6689453125 0.4393310546875
0.021697998046875 -0.0232067108154297 0.419677734375 0.6983642578125
0.0228958129882812 -0.124702453613281 0.13726806640625 0.750732421875
0.05780029296875 -0.153060913085938 0.0064697265625 0.431121826171875
0.0899810791015625 -0.171524047851563 0.128761291503906 -0.0828704833984375
0.0680694580078125 -0.154525756835937 0.10040283203125 -0.5888671875
0.0572280883789063 -0.132583618164063 -0.2178955078125 -0.81219482421875
0.0294418334960938 -0.0726318359375 -0.64398193359375 -0.567626953125
0.000529289245605469 0.00690889358520508 -0.7320556640625 -0.16632080078125
-0.0355682373046875 0.0631790161132813 -0.605712890625 0.0562133789062499
-0.0577011108398438 0.0452232360839844 -0.328948974609375 0.17205810546875
-0.0366020202636719 -0.000118255615234375 -0.014678955078125 0.0585403442382813
-0.0251140594482422 0.0218238830566406 0.103813171386719 0.0237197875976563
-0.032257080078125 0.0596160888671875 0.4024658203125 -0.032623291015625
-0.00154876708984374 0.09039306640625 0.5830078125 0.12091064453125
0.0326156616210938 0.0683479309082031 0.65374755859375 0.43939208984375
0.0203971862792969 -0.00733184814453125 0.40887451171875 0.716552734375
0.0172119140625 -0.113616943359375 0.13104248046875 0.78509521484375
0.0489654541015625 -0.14483642578125 -0.00061035156249998 0.468719482421875
0.0801849365234375 -0.16851806640625 0.12640380859375 -0.0461578369140625
0.0591583251953125 -0.150054931640625 0.10791015625 -0.5565185546875
0.0451202392578125 -0.130111694335937 -0.21307373046875 -0.79345703125
0.0196533203125 -0.0706634521484375 -0.650634765625 -0.56060791015625
0.00202476978302002 -0.00214743614196777 -0.75048828125 -0.1680908203125
-0.0175323486328125 0.0555610656738281 -0.625 0.0482177734375001
-0.03570556640625 0.045562744140625 -0.343780517578125 0.1707763671875
-0.0187473297119141 -0.00592422485351563 -0.0336570739746094 0.0494461059570313
0.00122737884521485 0.0146932601928711 0.0926437377929688 0.0171585083007813
-0.00625991821289062 0.0482254028320313 0.40814208984375 -0.05072021484375
0.00965118408203124 0.0794143676757813 0.5809326171875 0.088623046875
0.0280380249023438 0.0704116821289063 0.6431884765625 0.41485595703125
0.00907707214355469 0.011042594909668 0.40899658203125 0.71533203125
0.0032958984375 -0.0930938720703125 0.134033203125 0.80340576171875
0.0360107421875 -0.124839782714844 0.000610351562499993 0.503387451171875
0.0698394775390625 -0.15185546875 0.126747131347656 -0.0118331909179688
0.0505523681640625 -0.130828857421875 0.12109375 -0.529754638671875
0.0298919677734375 -0.112312316894531 -0.1983642578125 -0.78082275390625
0.0076141357421875 -0.0611343383789063 -0.6439208984375 -0.56402587890625
-0.00114297866821289 -0.00596094131469727 -0.76092529296875 -0.17657470703125
-0.00180816650390625 0.0437240600585938 -0.6397705078125 0.0364379882812501
-0.00826644897460937 0.037933349609375 -0.35479736328125 0.16534423828125
0.00820636749267578 -0.0138473510742187 -0.0450553894042969 0.0439109802246094
0.038116455078125 0.010589599609375 0.0900726318359375 0.00665283203125
0.0313987731933594 0.0377693176269531 0.4163818359375 -0.069366455078125
0.0319137573242188 0.0596046447753906 0.5833740234375 0.05755615234375
0.0263252258300781 0.0632781982421875 0.63958740234375 0.3826904296875
-0.00796699523925781 0.0247039794921875 0.416748046875 0.7037353515625
-0.0196762084960937 -0.064605712890625 0.146484375 0.8116455078125
0.017333984375 -0.0938796997070313 0.00408935546874995 0.525054931640625
0.0569076538085938 -0.123779296875 0.12847900390625 0.01312255859375
0.0435867309570313 -0.103851318359375 0.140777587890625 -0.50982666015625
0.0183181762695312 -0.0864334106445313 -0.17425537109375 -0.775390625
-0.004486083984375 -0.0420379638671875 -0.62823486328125 -0.57598876953125
-0.00587844848632813 -0.00201225280761719 -0.76214599609375 -0.1920166015625
0.00908088684082031 0.0310020446777344 -0.6470947265625 0.0196533203125
0.0177974700927734 0.026214599609375 -0.359375 0.155517578125
0.0434646606445313 -0.0228233337402344 -0.0467872619628906 0.0380935668945312
0.0765914916992188 0.00893402099609375 0.0953598022460938 -0.00527191162109375
0.0737533569335938 0.0286865234375 0.4217529296875 -0.087158203125
0.0576820373535156 0.0359992980957031 0.58782958984375 0.03228759765625
0.0252799987792969 0.0476264953613281 0.6485595703125 0.35345458984375
-0.0285987854003906 0.0357017517089844 0.436279296875 0.6876220703125
-0.0462799072265625 -0.0346107482910156 0.1695556640625 0.8116455078125
-0.00130081176757813 -0.0575828552246094 0.01544189453125 0.534881591796875
0.0473175048828125 -0.0914154052734375 0.132774353027344 0.0254898071289062
0.03668212890625 -0.0718460083007813 0.158416748046875 -0.501861572265625
0.007598876953125 -0.0552940368652344 -0.14813232421875 -0.77996826171875
-0.0165596008300781 -0.0183773040771484 -0.60797119140625 -0.5985107421875
-0.0138864517211914 0.00400924682617188 -0.75689697265625 -0.21728515625
0.0150947570800781 0.0198841094970703 -0.64874267578125 -0.000488281250000034
0.0417938232421875 0.0124053955078125 -0.359466552734375 0.1416015625
0.078887939453125 -0.0332183837890625 -0.0404739379882812 0.0320053100585937
0.108123779296875 0.0061492919921875 0.10809326171875 -0.0182037353515625
0.107429504394531 0.0157089233398438 0.42279052734375 -0.100189208984375
0.076416015625 0.0118789672851562 0.588134765625 0.0189208984375
0.0209274291992188 0.0329074859619141 0.66009521484375 0.3343505859375
-0.0470962524414063 0.0454978942871094 0.4630126953125 0.6700439453125
-0.0688209533691406 -0.00406646728515626 0.19659423828125 0.79266357421875
-0.0148372650146484 -0.0212497711181641 0.030609130859375 0.52825927734375
0.0388107299804688 -0.0570144653320312 0.136009216308594 0.0202178955078125
0.0329093933105469 -0.0400733947753906 0.172760009765625 -0.506988525390625
-0.00219154357910156 -0.0257358551025391 -0.12432861328125 -0.79327392578125
-0.026947021484375 0.00318527221679688 -0.58477783203125 -0.62384033203125
-0.0226345062255859 0.00967216491699219 -0.74658203125 -0.24554443359375
0.0189762115478516 0.00919151306152344 -0.64141845703125 -0.0224609374999999
0.0639801025390625 -0.00162887573242188 -0.350067138671875 0.12835693359375
0.110755920410156 -0.0379714965820312 -0.0254669189453125 0.0288982391357422
0.128402709960938 0.0013427734375 0.123321533203125 -0.0279083251953125
0.1229248046875 0.00274658203125 0.418731689453125 -0.107879638671875
0.0795211791992188 -0.00720977783203125 0.5926513671875 0.01983642578125
0.0108795166015625 0.0241947174072266 0.68121337890625 0.3260498046875
-0.0635757446289063 0.0580825805664063 0.49267578125 0.65264892578125
-0.0817489624023438 0.0216293334960937 0.22601318359375 0.7686767578125
-0.0219688415527344 0.00936126708984375 0.04541015625 0.504150390625
0.0350723266601563 -0.0295543670654297 0.14117431640625 0.002227783203125
0.0288429260253906 -0.0125980377197266 0.180755615234375 -0.52178955078125
-0.0117654800415039 -0.002593994140625 -0.10723876953125 -0.81353759765625
-0.0385360717773438 0.0205230712890625 -0.564208984375 -0.6478271484375
-0.0323028564453125 0.0109405517578125 -0.73394775390625 -0.27191162109375
0.022979736328125 -0.00360488891601563 -0.62628173828125 -0.03961181640625
0.0809173583984375 -0.0132980346679688 -0.334381103515625 0.116912841796875
0.138351440429688 -0.0384368896484375 -0.00436973571777343 0.0270252227783203
0.13525390625 -0.00214385986328125 0.141998291015625 -0.033935546875
0.123138427734375 -0.0066986083984375 0.4188232421875 -0.106109619140625
0.0701828002929688 -0.0152053833007813 0.60504150390625 0.02825927734375
-0.00105857849121094 0.0246639251708984 0.70709228515625 0.3218994140625
-0.0707550048828125 0.0702056884765625 0.5218505859375 0.63323974609375
-0.083892822265625 0.0404281616210938 0.2470703125 0.73583984375
-0.0195503234863281 0.0265884399414063 0.05633544921875 0.472503662109375
0.0351104736328125 -0.0111141204833984 0.143966674804688 -0.0287933349609375
0.0247154235839844 0.00555992126464844 0.18701171875 -0.54827880859375
-0.019805908203125 0.0113430023193359 -0.09649658203125 -0.83740234375
-0.0495796203613281 0.0262298583984375 -0.5484619140625 -0.67291259765625
-0.04107666015625 0.00523757934570312 -0.71649169921875 -0.28814697265625
0.0244922637939453 -0.0146636962890625 -0.60858154296875 -0.0474243164062499
0.0944442749023438 -0.0194473266601563 -0.316009521484375 0.11090087890625
0.15301513671875 -0.0311431884765625 0.0194969177246094 0.0300693511962891
-0.0404472351074219 0.0313758850097656 0.125236511230469 0.0202484130859375
-0.0415458679199219 0.0690345764160156 0.404327392578125 -0.03387451171875
-0.00175476074218751 0.0899810791015625 0.59375 0.1212158203125
0.0346412658691406 0.0540351867675781 0.6795654296875 0.423095703125
0.0228137969970703 -0.0238590240478516 0.43658447265625 0.68902587890625
0.0197677612304687 -0.126243591308594 0.15594482421875 0.7496337890625
0.0540924072265625 -0.15484619140625 0.014984130859375 0.43060302734375
0.085968017578125 -0.175140380859375 0.126327514648438 -0.0861053466796875
0.0638427734375 -0.156463623046875 0.0870361328125 -0.59185791015625
0.0540237426757812 -0.136039733886719 -0.23779296875 -0.80804443359375
0.0266571044921875 -0.0730209350585938 -0.65850830078125 -0.553955078125
0.00122451782226562 0.00744390487670898 -0.7364501953125 -0.1475830078125
-0.0353050231933594 0.0651588439941406 -0.60498046875 0.0706176757812499
-0.0563888549804688 0.0460014343261719 -0.32525634765625 0.180389404296875
-0.035552978515625 0.000347137451171868 -0.0132980346679688 0.0580635070800781
-0.0253086090087891 0.0221481323242187 0.1060791015625 0.0218963623046875
-0.0306587219238281 0.0603790283203125 0.403533935546875 -0.042938232421875
-0.000595092773437491 0.0902633666992188 0.58770751953125 0.10650634765625
0.0328216552734375 0.066650390625 0.666015625 0.4234619140625
0.0202999114990234 -0.00655746459960938 0.42718505859375 0.70709228515625
0.0152664184570313 -0.1142578125 0.14874267578125 0.78533935546875
0.0460205078125 -0.147384643554688 0.009918212890625 0.4720458984375
0.075347900390625 -0.170730590820312 0.124526977539063 -0.0487060546875
0.0568084716796875 -0.150558471679688 0.095306396484375 -0.558990478515625
0.0419769287109375 -0.132026672363281 -0.23150634765625 -0.7884521484375
0.0161972045898437 -0.0728378295898438 -0.66552734375 -0.545166015625
0.00243353843688965 -0.00053715705871582 -0.75616455078125 -0.14892578125
-0.0150680541992188 0.0565452575683594 -0.6246337890625 0.0621337890625
-0.0337905883789063 0.0474281311035156 -0.33990478515625 0.178070068359375
-0.0189113616943359 -0.00443840026855469 -0.0340919494628906 0.0504188537597656
0.00266456604003906 0.0138320922851563 0.0948638916015625 0.0137939453125
-0.00570297241210938 0.0480384826660156 0.40655517578125 -0.0609130859375
0.0109481811523437 0.0787429809570313 0.58380126953125 0.07470703125
0.030181884765625 0.0701980590820313 0.65472412109375 0.39794921875
0.0104866027832031 0.009765625 0.4261474609375 0.70599365234375
0.000694274902343745 -0.0928115844726563 0.15252685546875 0.80145263671875
0.0327072143554688 -0.126548767089844 0.011627197265625 0.504364013671875
0.06561279296875 -0.153839111328125 0.126136779785156 -0.0144882202148438
0.0466842651367188 -0.133003234863281 0.1097412109375 -0.53179931640625
0.0288467407226563 -0.113319396972656 -0.21478271484375 -0.77691650390625
0.00608062744140625 -0.0611495971679688 -0.65911865234375 -0.54779052734375
-0.000597000122070312 -0.00329422950744629 -0.7662353515625 -0.15911865234375
-9.15527343749977E-05 0.0436592102050781 -0.6392822265625 0.0515136718750001
-0.0068206787109375 0.03857421875 -0.35125732421875 0.172637939453125
0.00815677642822265 -0.0133428573608398 -0.0441970825195313 0.0460052490234375
0.0383186340332031 0.00951004028320313 0.09326171875 0.00334930419921875
0.0318489074707031 0.0369453430175781 0.414581298828125 -0.078948974609375
0.0323638916015625 0.059967041015625 0.5849609375 0.04241943359375
0.0281715393066406 0.0620231628417969 0.6517333984375 0.366455078125
-0.00700759887695313 0.0238361358642578 0.43206787109375 0.69403076171875
-0.0216026306152344 -0.0645828247070312 0.16485595703125 0.81048583984375
0.014892578125 -0.09393310546875 0.0156250000000001 0.52691650390625
0.0551605224609375 -0.125076293945313 0.128311157226563 0.0105667114257812
0.0399093627929688 -0.104415893554687 0.12957763671875 -0.51263427734375
0.016632080078125 -0.0871047973632812 -0.1915283203125 -0.77197265625
-0.00508499145507813 -0.0422782897949219 -0.64227294921875 -0.56182861328125
-0.00679397583007813 -0.00272703170776367 -0.7674560546875 -0.17352294921875
0.0107097625732422 0.0314197540283203 -0.64849853515625 0.0338134765625001
0.0191993713378906 0.0251026153564453 -0.355987548828125 0.16265869140625
0.0415077209472656 -0.0243110656738281 -0.0463638305664062 0.0397262573242188
0.0767288208007813 0.00685882568359375 0.0970840454101563 -0.00772857666015625
0.0734329223632813 0.0267486572265625 0.421417236328125 -0.098236083984375
0.0581932067871094 0.0340728759765625 0.58935546875 0.016357421875
0.0271110534667969 0.0459365844726562 0.65771484375 0.3377685546875
-0.0267829895019531 0.0362205505371094 0.453369140625 0.67681884765625
-0.0471382141113281 -0.0333824157714844 0.18646240234375 0.8067626953125
-0.00187301635742188 -0.0575447082519531 0.026947021484375 0.534454345703125
0.0448532104492188 -0.09246826171875 0.1317138671875 0.0225372314453125
0.0361175537109375 -0.0725784301757813 0.146575927734375 -0.50494384765625
0.00560379028320313 -0.0558624267578125 -0.16522216796875 -0.77801513671875
-0.0160484313964844 -0.01824951171875 -0.62286376953125 -0.58587646484375
-0.0128984451293945 0.00418281555175781 -0.764404296875 -0.20013427734375
0.0162067413330078 0.0194797515869141 -0.64874267578125 0.01287841796875
0.0436859130859375 0.011138916015625 -0.356170654296875 0.150115966796875
0.0785903930664063 -0.0341033935546875 -0.0403518676757812 0.0332298278808594
0.108406066894531 0.002105712890625 0.108306884765625 -0.021087646484375
0.107170104980469 0.0135498046875 0.420867919921875 -0.11138916015625
0.07598876953125 0.0095367431640625 0.59124755859375 0.0047607421875
0.0223865509033203 0.0314846038818359 0.6702880859375 0.31756591796875
-0.046661376953125 0.047607421875 0.47998046875 0.65966796875
-0.0697135925292969 -0.00419616699218749 0.2135009765625 0.78997802734375
-0.0167388916015625 -0.0207271575927734 0.0413818359375 0.52734375
0.0376548767089844 -0.05841064453125 0.135635375976563 0.0181961059570312
0.0312118530273437 -0.0405197143554688 0.159271240234375 -0.5089111328125
-0.00315093994140625 -0.0265903472900391 -0.14263916015625 -0.7904052734375
-0.0276203155517578 0.00551223754882812 -0.6004638671875 -0.61114501953125
-0.0224151611328125 0.0101947784423828 -0.7540283203125 -0.22650146484375
0.0207653045654297 0.00808525085449219 -0.6412353515625 -0.00909423828124989
0.0640296936035156 -0.00269317626953125 -0.347442626953125 0.1348876953125
0.110603332519531 -0.040557861328125 -0.0249729156494141 0.0285072326660156
0.13006591796875 -0.0012359619140625 0.123878479003906 -0.0307998657226563
0.124191284179688 0.00025177001953125 0.417999267578125 -0.117156982421875
0.079925537109375 -0.00995635986328125 0.595458984375 0.00347900390625
0.0111331939697266 0.0234432220458984 0.689208984375 0.30889892578125
-0.0626029968261719 0.0604057312011719 0.5113525390625 0.640625
-0.0805740356445313 0.023529052734375 0.24273681640625 0.7646484375
-0.0212821960449219 0.00892829895019531 0.0571594238281249 0.504241943359375
0.033599853515625 -0.0308628082275391 0.139862060546875 -0.000335693359375002
0.0282878875732422 -0.0131320953369141 0.169891357421875 -0.526397705078125
-0.013005256652832 -0.00332164764404297 -0.12530517578125 -0.8116455078125
-0.0386428833007813 0.020904541015625 -0.58154296875 -0.636474609375
-0.031494140625 0.0122127532958984 -0.73992919921875 -0.254638671875
0.0224666595458984 -0.00315666198730469 -0.6280517578125 -0.0258789062500001
0.0813827514648438 -0.0147552490234375 -0.33221435546875 0.12322998046875
0.137123107910156 -0.0412750244140625 -0.00431060791015624 0.0261287689208984
0.135482788085938 -0.00597381591796875 0.141647338867188 -0.037353515625
0.122093200683594 -0.0103378295898437 0.41644287109375 -0.1153564453125
0.0710525512695313 -0.01702880859375 0.6087646484375 0.01446533203125
-1.14440917968733E-05 0.0246181488037109 0.716796875 0.30438232421875
-0.0697021484375 0.0717010498046875 0.54022216796875 0.62109375
-0.0829925537109375 0.0420761108398437 0.26446533203125 0.731201171875
-0.0184078216552734 0.0266056060791016 0.06536865234375 0.47113037109375
0.035186767578125 -0.0125389099121094 0.14276123046875 -0.030303955078125
0.0255393981933594 0.00524711608886719 0.174041748046875 -0.55267333984375
-0.0195713043212891 0.0113792419433594 -0.11474609375 -0.83502197265625
-0.0492172241210938 0.0285186767578125 -0.5654296875 -0.66070556640625
-0.0400238037109375 0.00547027587890626 -0.72479248046875 -0.2713623046875
0.0244998931884766 -0.0148849487304688 -0.6090087890625 -0.0338745117187501
0.09381103515625 -0.0206985473632813 -0.31414794921875 0.117767333984375
0.152587890625 -0.03546142578125 0.0204944610595703 0.0296955108642578
-0.0394744873046875 0.0307197570800781 0.1253662109375 0.0185165405273438
-0.0397148132324219 0.0698623657226563 0.403594970703125 -0.043487548828125
0.000389099121093742 0.090545654296875 0.59735107421875 0.10760498046875
0.0351600646972656 0.0535430908203125 0.690673828125 0.40570068359375
0.0218219757080078 -0.0260906219482422 0.453125 0.6776123046875
0.0167312622070313 -0.128135681152344 0.17059326171875 0.743408203125
0.050018310546875 -0.156341552734375 0.024017333984375 0.429931640625
0.0808258056640625 -0.17633056640625 0.123580932617187 -0.08807373046875
0.060516357421875 -0.157760620117188 0.07098388671875 -0.59228515625
0.050262451171875 -0.137863159179687 -0.2554931640625 -0.80206298828125
0.0251998901367188 -0.0740127563476562 -0.67120361328125 -0.53704833984375
0.00215291976928711 0.00782442092895508 -0.739990234375 -0.12982177734375
-0.0317153930664062 0.0664901733398438 -0.60400390625 0.08380126953125
-0.0547599792480469 0.0483055114746094 -0.320220947265625 0.18701171875
-0.0353317260742188 0.000282287597656253 -0.011993408203125 0.0578346252441406
-0.0236759185791016 0.0222396850585938 0.107223510742188 0.0189895629882813
-0.0303535461425781 0.0603828430175781 0.4029541015625 -0.050994873046875
0.00205993652343749 0.0924301147460938 0.591064453125 0.09173583984375
0.0347709655761719 0.0654945373535156 0.6773681640625 0.4056396484375
0.0213947296142578 -0.00888633728027344 0.44549560546875 0.69482421875
0.012847900390625 -0.116172790527344 0.166748046875 0.77960205078125
0.0412750244140625 -0.1475830078125 0.020843505859375 0.46893310546875
0.0707244873046875 -0.172515869140625 0.122169494628906 -0.05120849609375
0.051727294921875 -0.151824951171875 0.081634521484375 -0.559326171875
0.0373153686523438 -0.132034301757812 -0.24945068359375 -0.78131103515625
0.0147628784179688 -0.0726165771484375 -0.67852783203125 -0.5284423828125
0.00296783447265625 -0.00133633613586426 -0.75811767578125 -0.13134765625
-0.0133857727050781 0.0574455261230469 -0.623046875 0.0763549804687499
-0.031829833984375 0.0475349426269531 -0.334991455078125 0.185150146484375
-0.0187015533447266 -0.00519180297851563 -0.0326080322265625 0.051422119140625
0.00261306762695313 0.0141916275024414 0.0958099365234375 0.01165771484375
-0.00527191162109375 0.0481300354003906 0.407470703125 -0.06878662109375
0.0120315551757813 0.0806427001953125 0.58587646484375 0.059814453125
0.0316009521484375 0.0689582824707031 0.6654052734375 0.37982177734375
0.0102462768554688 0.00892829895019531 0.44293212890625 0.69403076171875
-0.0008544921875 -0.0929412841796875 0.169189453125 0.7979736328125
0.0298538208007812 -0.1282958984375 0.020660400390625 0.502838134765625
0.06072998046875 -0.154434204101563 0.125091552734375 -0.016204833984375
0.0440597534179687 -0.133537292480469 0.09698486328125 -0.5322265625
0.02520751953125 -0.114341735839844 -0.23388671875 -0.7694091796875
0.00387573242187501 -0.0611076354980469 -0.67108154296875 -0.53167724609375
-0.000188589096069336 -0.0042262077331543 -0.769287109375 -0.1395263671875
0.0017242431640625 0.0446014404296875 -0.6387939453125 0.0651245117187499
-0.00525665283203125 0.0389671325683594 -0.34832763671875 0.17919921875
0.00742244720458984 -0.0142545700073242 -0.0432929992675781 0.0461807250976562
0.0390129089355469 0.00702667236328125 0.0918502807617187 0.00176239013671875
0.0322151184082031 0.0357322692871094 0.413604736328125 -0.08843994140625
0.0337677001953125 0.0597305297851563 0.5888671875 0.02838134765625
0.029571533203125 0.0611419677734375 0.66064453125 0.3489990234375
-0.00699996948242188 0.0253372192382813 0.44866943359375 0.68353271484375
-0.0223159790039062 -0.0646934509277344 0.1829833984375 0.80560302734375
0.0132980346679687 -0.095916748046875 0.02740478515625 0.526123046875
0.0509872436523438 -0.125930786132813 0.127098083496094 0.00933837890624999
0.037628173828125 -0.105087280273438 0.115997314453125 -0.513336181640625
0.014190673828125 -0.0876846313476563 -0.208984375 -0.7664794921875
-0.006866455078125 -0.0411109924316406 -0.6549072265625 -0.54620361328125
-0.00546646118164063 -0.000688076019287108 -0.77099609375 -0.15625
0.0113658905029297 0.0309982299804688 -0.646728515625 0.0495605468750001
0.0207328796386719 0.0248565673828125 -0.35302734375 0.17138671875
0.0406608581542969 -0.0255966186523438 -0.046173095703125 0.03955078125
0.0770187377929688 0.00484466552734375 0.097625732421875 -0.0104598999023438
0.0749053955078125 0.0246810913085938 0.418914794921875 -0.10797119140625
0.0592422485351563 0.0320014953613281 0.59051513671875 0.00201416015625
0.0274887084960938 0.0456047058105469 0.66741943359375 0.3189697265625
-0.0262947082519531 0.0363349914550781 0.468017578125 0.66351318359375
-0.0469779968261719 -0.0340118408203125 0.20562744140625 0.801025390625
-0.003997802734375 -0.0583267211914062 0.0386962890625 0.533447265625
0.04180908203125 -0.0921096801757812 0.130653381347656 0.0207061767578125
0.0339202880859375 -0.073455810546875 0.133819580078125 -0.506134033203125
0.00472259521484376 -0.0558586120605469 -0.184326171875 -0.77142333984375
-0.0169105529785156 -0.0177822113037109 -0.6361083984375 -0.56939697265625
-0.0136022567749023 0.00532341003417968 -0.77020263671875 -0.1829833984375
0.0182075500488281 0.0196952819824219 -0.64984130859375 0.0291748046874999
0.044158935546875 0.00936126708984375 -0.350799560546875 0.15716552734375
0.078094482421875 -0.0366363525390625 -0.0398292541503906 0.0335006713867188
0.108680725097656 0.00075531005859375 0.109603881835938 -0.0233001708984375
0.107460021972656 0.0104827880859375 0.4195556640625 -0.12139892578125
0.0767288208007813 0.00803375244140625 0.5899658203125 -0.01116943359375
0.0214309692382813 0.0295791625976562 0.67767333984375 0.29974365234375
-0.0457229614257813 0.0484428405761719 0.49542236328125 0.64544677734375
-0.069091796875 -0.002197265625 0.23455810546875 0.78363037109375
-0.0170459747314453 -0.0207061767578125 0.05340576171875 0.52679443359375
0.036163330078125 -0.0583724975585937 0.134635925292969 0.0163955688476562
0.0296058654785156 -0.040679931640625 0.14892578125 -0.511322021484375
-0.00518035888671875 -0.0267963409423828 -0.16107177734375 -0.78546142578125
-0.0285015106201172 0.00588417053222657 -0.61334228515625 -0.5968017578125
-0.0219020843505859 0.0105457305908203 -0.75830078125 -0.2095947265625
0.0212917327880859 0.00872611999511719 -0.64312744140625 0.00598144531250009
0.0646400451660156 -0.00484085083007813 -0.342071533203125 0.141326904296875
0.109962463378906 -0.043212890625 -0.0260810852050781 0.0288658142089844
0.129592895507813 -0.0037841796875 0.12469482421875 -0.03350830078125
0.123908996582031 -0.002288818359375 0.416412353515625 -0.125762939453125
0.0796966552734375 -0.00991058349609375 0.59490966796875 -0.0107421875
0.011199951171875 0.0220699310302734 0.698974609375 0.2916259765625
-0.0600318908691406 0.0606422424316406 0.52630615234375 0.6273193359375
-0.0802536010742188 0.0246810913085937 0.2608642578125 0.75811767578125
-0.0209617614746094 0.0105800628662109 0.06671142578125 0.50311279296875
0.0324344635009766 -0.0304946899414062 0.139190673828125 -0.00301361083984375
0.0273323059082031 -0.0131263732910156 0.15606689453125 -0.52801513671875
-0.0129241943359375 -0.00247859954833984 -0.1435546875 -0.80609130859375
-0.0380439758300781 0.0214042663574219 -0.59478759765625 -0.62274169921875
-0.0311241149902344 0.0116443634033203 -0.74542236328125 -0.23663330078125
0.0240993499755859 -0.00363731384277344 -0.6292724609375 -0.0121459960937501
0.0807342529296875 -0.0164337158203125 -0.329681396484375 0.130096435546875
0.1358642578125 -0.0443191528320312 -0.00403213500976562 0.0270919799804688
0.135322570800781 -0.009033203125 0.1414794921875 -0.0410003662109375
0.122650146484375 -0.0121002197265625 0.414459228515625 -0.1258544921875
0.06890869140625 -0.0182342529296875 0.60809326171875 -0.00341796875
-3.62396240234399E-05 0.024505615234375 0.72454833984375 0.2860107421875
-0.0680694580078125 0.0723800659179688 0.55438232421875 0.607666015625
-0.0816650390625 0.0429458618164063 0.28192138671875 0.72430419921875
-0.0181255340576172 0.027862548828125 0.07684326171875 0.46881103515625
0.0350570678710938 -0.0121479034423828 0.140716552734375 -0.03326416015625
0.0249443054199219 0.00426864624023438 0.160888671875 -0.5548095703125
-0.0194034576416016 0.0134601593017578 -0.1317138671875 -0.83099365234375
-0.0498504638671875 0.0286788940429688 -0.5809326171875 -0.64666748046875
-0.0398178100585938 0.00711441040039062 -0.7296142578125 -0.25604248046875
0.0250663757324219 -0.0152683258056641 -0.61077880859375 -0.020751953125
0.094085693359375 -0.0237350463867188 -0.31109619140625 0.1234130859375
0.151412963867188 -0.038604736328125 0.0206050872802735 0.0288505554199219
-0.0375442504882813 0.032257080078125 0.125251770019531 0.0156478881835938
-0.0392990112304687 0.0701560974121094 0.402252197265625 -0.052093505859375
0.00195312499999999 0.0906753540039063 0.60052490234375 0.09307861328125
0.0372390747070313 0.0535354614257813 0.69732666015625 0.388671875
0.0210170745849609 -0.0255031585693359 0.46649169921875 0.66302490234375
0.013763427734375 -0.12786865234375 0.18701171875 0.73638916015625
0.046600341796875 -0.157913208007813 0.03350830078125 0.427276611328125
0.0759429931640625 -0.1776123046875 0.121742248535156 -0.0910263061523438
0.0563812255859375 -0.157958984375 0.0596923828125001 -0.59075927734375
0.0483932495117188 -0.137908935546875 -0.27203369140625 -0.792724609375
0.0224990844726562 -0.0748214721679688 -0.68072509765625 -0.5206298828125
0.00200557708740234 0.00775480270385742 -0.7423095703125 -0.11334228515625
-0.030364990234375 0.0674400329589844 -0.599853515625 0.0992431640625001
-0.0534858703613281 0.0485801696777344 -0.315093994140625 0.194488525390625
-0.0350303649902344 0.00206184387207031 -0.0119743347167969 0.0575942993164063
-0.0235176086425781 0.0224475860595703 0.108917236328125 0.015594482421875
-0.029388427734375 0.0615005493164063 0.401519775390625 -0.06158447265625
0.00310516357421875 0.0909652709960938 0.59417724609375 0.076904296875
0.0348777770996094 0.0656509399414063 0.68560791015625 0.38726806640625
0.0211429595947266 -0.00881767272949219 0.45941162109375 0.68310546875
0.01080322265625 -0.116065979003906 0.1846923828125 0.7730712890625
0.0382843017578125 -0.148788452148438 0.0299072265625001 0.467987060546875
0.066864013671875 -0.173782348632813 0.119834899902344 -0.053680419921875
0.0474853515625 -0.152252197265625 0.06890869140625 -0.55950927734375
0.0353927612304688 -0.132850646972656 -0.267333984375 -0.7725830078125
0.01324462890625 -0.07330322265625 -0.687744140625 -0.51190185546875
0.00382828712463379 -0.000810146331787109 -0.76043701171875 -0.11334228515625
-0.0122833251953125 0.0573272705078125 -0.61883544921875 0.0909423828124999
-0.0318031311035156 0.0467910766601563 -0.3306884765625 0.19281005859375
-0.0191669464111328 -0.00432586669921875 -0.0301475524902344 0.0518798828125
0.00352954864501953 0.0124626159667969 0.096771240234375 0.0088043212890625
-0.00421524047851562 0.0484504699707031 0.406890869140625 -0.07928466796875
0.014068603515625 0.0799102783203125 0.58837890625 0.046630859375
0.0323333740234375 0.0678901672363281 0.67132568359375 0.3634033203125
0.0103378295898438 0.00872802734375 0.45733642578125 0.680908203125
-0.00309753417968749 -0.0931320190429688 0.18798828125 0.7916259765625
0.0269546508789063 -0.128532409667969 0.032379150390625 0.50164794921875
0.057586669921875 -0.155059814453125 0.122726440429688 -0.0192947387695313
0.0404586791992188 -0.13372802734375 0.08551025390625 -0.532379150390625
0.0219039916992187 -0.115814208984375 -0.249755859375 -0.76153564453125
0.00226974487304687 -0.0626106262207031 -0.6807861328125 -0.513916015625
0.000294446945190429 -0.00437045097351074 -0.77020263671875 -0.121337890625
0.0028076171875 0.04486083984375 -0.63494873046875 0.0795288085937501
-0.00439071655273438 0.0393486022949219 -0.34246826171875 0.185699462890625
0.00782012939453125 -0.0144615173339844 -0.0428810119628906 0.0466346740722656
0.0385322570800781 0.00664901733398438 0.0928192138671875 -0.00045013427734375
0.0321235656738281 0.0349235534667969 0.41290283203125 -0.098114013671875
0.0340194702148438 0.0584144592285156 0.5880126953125 0.01416015625
0.0300178527832031 0.0601005554199219 0.6651611328125 0.33087158203125
-0.00578880310058594 0.0239696502685547 0.4637451171875 0.66802978515625
-0.0233840942382813 -0.0645523071289063 0.200927734375 0.8004150390625
0.0112075805664063 -0.097076416015625 0.037567138671875 0.52447509765625
0.0487823486328125 -0.127700805664062 0.126441955566406 0.00653076171874999
0.0349884033203125 -0.106231689453125 0.105255126953125 -0.514007568359375
0.0108871459960938 -0.0881423950195313 -0.2264404296875 -0.757080078125
-0.00794601440429687 -0.0413322448730469 -0.6658935546875 -0.5277099609375
-0.00561380386352539 -0.000795841217041015 -0.771484375 -0.138427734375
0.0130386352539063 0.0318336486816406 -0.6444091796875 0.0639648437500001
0.021759033203125 0.0240688323974609 -0.348114013671875 0.178375244140625
0.0401535034179687 -0.0267257690429688 -0.0455169677734375 0.0412483215332031
0.076507568359375 0.0034942626953125 0.0979690551757813 -0.0135116577148438
0.0746688842773438 0.0229263305664063 0.415557861328125 -0.11639404296875
0.0596771240234375 0.0320510864257812 0.59112548828125 -0.01385498046875
0.0285606384277344 0.044830322265625 0.6728515625 0.3006591796875
-0.0255088806152344 0.0377006530761719 0.48284912109375 0.65283203125
-0.0480079650878906 -0.0333099365234375 0.224365234375 0.794921875
-0.00551223754882813 -0.058013916015625 0.049835205078125 0.531646728515625
0.0392608642578125 -0.093292236328125 0.130043029785156 0.0186309814453125
0.0321273803710937 -0.0739898681640625 0.124237060546875 -0.5069580078125
0.00337982177734374 -0.0562896728515625 -0.1993408203125 -0.765625
-0.01934814453125 -0.01727294921875 -0.64654541015625 -0.55224609375
-0.0128822326660156 0.00542354583740234 -0.77239990234375 -0.16510009765625
0.0192108154296875 0.0193138122558594 -0.64678955078125 0.0419921875000001
0.0448493957519531 0.00786209106445313 -0.348388671875 0.16455078125
0.0767364501953125 -0.0381317138671875 -0.0385971069335938 0.0337715148925781
0.109039306640625 -0.0009307861328125 0.10888671875 -0.0250473022460938
0.106719970703125 0.0099639892578125 0.416259765625 -0.130035400390625
0.07586669921875 0.005645751953125 0.5904541015625 -0.02691650390625
0.0232067108154297 0.030120849609375 0.68408203125 0.28265380859375
-0.0443763732910156 0.0481719970703125 0.50872802734375 0.6324462890625
-0.0674819946289063 -0.00126647949218751 0.25 0.77557373046875
-0.0162029266357422 -0.0204544067382813 0.0630187988281251 0.523040771484375
0.0338249206542969 -0.0588111877441406 0.13458251953125 0.0143661499023437
0.0287094116210938 -0.0415229797363281 0.137939453125 -0.5115966796875
-0.00553703308105468 -0.0251407623291016 -0.177490234375 -0.77813720703125
-0.0274658203125 0.00687408447265625 -0.62530517578125 -0.58056640625
-0.0207595825195313 0.0116920471191406 -0.76324462890625 -0.1927490234375
0.0223464965820312 0.00823020935058594 -0.63848876953125 0.02001953125
0.0646400451660156 -0.0057373046875 -0.340057373046875 0.150146484375
0.108787536621094 -0.0452194213867187 -0.0245742797851562 0.0288295745849609
0.129341125488281 -0.0063629150390625 0.123085021972656 -0.036712646484375
0.123863220214844 -0.00467681884765625 0.412261962890625 -0.13653564453125
0.0782852172851563 -0.0130615234375 0.5947265625 -0.024658203125
0.0115089416503906 0.0225429534912109 0.7039794921875 0.27325439453125
-0.0586700439453125 0.0618743896484375 0.5400390625 0.6136474609375
-0.0786209106445313 0.0278854370117187 0.27813720703125 0.74908447265625
-0.0214309692382813 0.00997734069824219 0.077850341796875 0.50189208984375
0.0311756134033203 -0.0309734344482422 0.137741088867188 -0.005279541015625
0.0258312225341797 -0.0143985748291016 0.146636962890625 -0.52960205078125
-0.0137596130371094 -0.00258731842041016 -0.16082763671875 -0.80010986328125
-0.0383110046386719 0.0227165222167969 -0.6065673828125 -0.6075439453125
-0.0302639007568359 0.0128860473632813 -0.74969482421875 -0.21954345703125
0.0236587524414063 -0.00371742248535156 -0.6270751953125 0.000183105468749879
0.081695556640625 -0.0181808471679688 -0.3260498046875 0.1376953125
0.13494873046875 -0.047210693359375 -0.00344467163085936 0.0254650115966797
0.136077880859375 -0.0124893188476563 0.140823364257813 -0.0447540283203125
0.122200012207031 -0.015289306640625 0.41326904296875 -0.13531494140625
0.0689201354980469 -0.0205955505371094 0.6087646484375 -0.01495361328125
-0.000936508178710936 0.0234298706054688 0.7305908203125 0.26776123046875
-0.0659866333007813 0.0735702514648437 0.56732177734375 0.591552734375
-0.0797500610351563 0.044891357421875 0.29779052734375 0.7166748046875
-0.0185127258300781 0.0280857086181641 0.08551025390625 0.465850830078125
0.033111572265625 -0.0134372711181641 0.1400146484375 -0.0347900390625
0.0242443084716797 0.00439834594726562 0.147796630859375 -0.55413818359375
-0.0202388763427734 0.0129985809326172 -0.1507568359375 -0.82501220703125
-0.0483894348144531 0.0299415588378906 -0.59307861328125 -0.630126953125
-0.0394706726074219 0.00883483886718751 -0.73321533203125 -0.23846435546875
0.0251960754394531 -0.0150279998779297 -0.6094970703125 -0.00640869140625
0.0937881469726563 -0.0263214111328125 -0.30792236328125 0.1297607421875
0.149734497070313 -0.042327880859375 0.0207099914550781 0.0274581909179687
-0.0373306274414062 0.0308189392089844 0.126617431640625 0.0122833251953125
-0.036865234375 0.0712203979492188 0.400421142578125 -0.05987548828125
0.00398254394531249 0.0905838012695313 0.59796142578125 0.0794677734375
0.0371322631835938 0.0513992309570313 0.702392578125 0.36859130859375
0.0200061798095703 -0.02679443359375 0.47869873046875 0.65081787109375
0.0108261108398437 -0.128524780273438 0.20245361328125 0.728759765625
0.0417938232421875 -0.158233642578125 0.040771484375 0.423309326171875
0.0728302001953125 -0.17816162109375 0.120330810546875 -0.09210205078125
0.0525360107421875 -0.157608032226563 0.04736328125 -0.58819580078125
0.0442123413085938 -0.139640808105469 -0.28680419921875 -0.78387451171875
0.0207748413085938 -0.0746841430664062 -0.68902587890625 -0.5025634765625
0.00317907333374023 0.0080256462097168 -0.74017333984375 -0.09625244140625
-0.02789306640625 0.0688056945800781 -0.59552001953125 0.111328125
-0.0516738891601562 0.0509529113769531 -0.31085205078125 0.199127197265625
-0.0357933044433594 0.00181198120117188 -0.0106620788574219 0.0574874877929688
-0.0222759246826172 0.0217494964599609 0.109504699707031 0.0135040283203125
-0.0283279418945313 0.0612983703613281 0.399139404296875 -0.06890869140625
0.00534820556640624 0.09039306640625 0.5926513671875 0.0640869140625
0.0364189147949219 0.0642051696777344 0.689453125 0.36846923828125
0.0208854675292969 -0.00954055786132813 0.47186279296875 0.6669921875
0.00801849365234376 -0.116523742675781 0.19921875 0.763916015625
0.0354156494140625 -0.149093627929688 0.03887939453125 0.464385986328125
0.0626678466796875 -0.173538208007813 0.118522644042969 -0.0559310913085938
0.045440673828125 -0.152328491210938 0.0566406250000001 -0.556793212890625
0.0319976806640625 -0.133071899414063 -0.2799072265625 -0.7633056640625
0.0111846923828125 -0.0743789672851563 -0.69683837890625 -0.4932861328125
0.00470876693725586 -8.0108642578125E-05 -0.75848388671875 -0.0955200195312499
-0.0101776123046875 0.0591049194335938 -0.6142578125 0.10418701171875
-0.0298004150390625 0.048583984375 -0.3245849609375 0.19622802734375
-0.0208415985107422 -0.005157470703125 -0.0301551818847656 0.0508460998535156
0.00319576263427734 0.0121183395385742 0.0982666015625 0.00714874267578125
-0.00238800048828125 0.0476837158203125 0.402801513671875 -0.08807373046875
0.0145492553710937 0.079376220703125 0.58563232421875 0.0330810546875
0.0329627990722656 0.0669898986816406 0.67718505859375 0.343994140625
0.0102319717407227 0.00822830200195313 0.4697265625 0.6658935546875
-0.00514221191406249 -0.095123291015625 0.20404052734375 0.7835693359375
0.0243072509765625 -0.128578186035156 0.04156494140625 0.496856689453125
0.0535430908203125 -0.155364990234375 0.121658325195313 -0.0205459594726563
0.0371246337890625 -0.133720397949219 0.0738525390625 -0.530914306640625
0.0191116333007813 -0.114967346191406 -0.2669677734375 -0.75238037109375
-0.000179290771484376 -0.0609588623046875 -0.6885986328125 -0.4971923828125
0.000222921371459961 -0.00371479988098144 -0.76873779296875 -0.10333251953125
0.00437164306640625 0.0448074340820312 -0.630859375 0.09326171875
-0.00267410278320313 0.0388374328613281 -0.3369140625 0.19244384765625
0.00761032104492188 -0.0143537521362305 -0.0431861877441406 0.0467453002929687
0.0386810302734375 0.00574874877929687 0.0936660766601563 -0.0044097900390625
0.0342769622802734 0.0347690582275391 0.4097900390625 -0.106475830078125
0.0351295471191406 0.0573883056640625 0.5863037109375 0.000488281250000003
0.0303268432617187 0.0591964721679688 0.6710205078125 0.312744140625
-0.00537681579589844 0.0239181518554688 0.4765625 0.65362548828125
-0.0246772766113281 -0.0648651123046875 0.2169189453125 0.791259765625
0.00882720947265625 -0.0960845947265625 0.04827880859375 0.520477294921875
0.0449905395507813 -0.126731872558594 0.125007629394531 0.00493621826171874
0.0330123901367188 -0.105743408203125 0.0929870605468751 -0.51239013671875
0.0101165771484375 -0.0876541137695312 -0.2408447265625 -0.74951171875
-0.0097198486328125 -0.0401611328125 -0.67303466796875 -0.5103759765625
-0.00526905059814453 -0.000587940216064452 -0.7723388671875 -0.11956787109375
0.0136470794677734 0.0306739807128906 -0.6396484375 0.0771484375000001
0.0220146179199219 0.0241603851318359 -0.343170166015625 0.183868408203125
0.0415916442871094 -0.0273551940917969 -0.0446891784667969 0.0411643981933594
0.0770263671875 0.00131988525390625 0.0975189208984375 -0.0160064697265625
0.075042724609375 0.0208358764648438 0.413848876953125 -0.12548828125
0.0587539672851563 0.0297813415527344 0.58831787109375 -0.02716064453125
0.0290374755859375 0.0442276000976563 0.67706298828125 0.2840576171875
-0.0242691040039062 0.0362281799316406 0.4954833984375 0.636474609375
-0.0480422973632813 -0.0315399169921875 0.240966796875 0.7841796875
-0.005828857421875 -0.0584983825683594 0.059906005859375 0.527801513671875
0.0371551513671875 -0.0931243896484375 0.129356384277344 0.0160903930664062
0.0298690795898437 -0.0737228393554687 0.111419677734375 -0.50531005859375
0.001495361328125 -0.05694580078125 -0.2132568359375 -0.75579833984375
-0.0183067321777344 -0.0161838531494141 -0.65496826171875 -0.53692626953125
-0.0119190216064453 0.0058450698852539 -0.768798828125 -0.14556884765625
0.0196895599365234 0.0197410583496094 -0.6424560546875 0.0549316406249999
0.0460586547851562 0.00682830810546875 -0.342010498046875 0.171112060546875
0.07611083984375 -0.0402374267578125 -0.0386085510253906 0.0332527160644531
0.108421325683594 -0.00406646728515625 0.108131408691406 -0.0286026000976563
0.107658386230469 0.007080078125 0.41168212890625 -0.140106201171875
0.07525634765625 0.00420379638671875 0.5865478515625 -0.03948974609375
0.0222892761230469 0.0290088653564453 0.687744140625 0.26312255859375
-0.0424575805664063 0.04840087890625 0.52008056640625 0.61639404296875
-0.0674896240234375 0.000175476074218745 0.265380859375 0.7662353515625
-0.0165481567382813 -0.0200443267822266 0.0738830566406251 0.520294189453125
0.0321731567382813 -0.0596389770507813 0.132949829101563 0.0111923217773437
0.0276947021484375 -0.0420913696289063 0.12591552734375 -0.509552001953125
-0.00636100769042969 -0.0263824462890625 -0.1923828125 -0.76849365234375
-0.0273914337158203 0.00709342956542969 -0.63494873046875 -0.56390380859375
-0.0200519561767578 0.0119342803955078 -0.76275634765625 -0.17437744140625
0.0222015380859375 0.00821876525878906 -0.63531494140625 0.0343627929687501
0.0647735595703125 -0.00703811645507812 -0.335479736328125 0.154876708984375
0.107376098632813 -0.0476531982421875 -0.0250225067138672 0.0283775329589844
0.1287841796875 -0.010467529296875 0.123275756835938 -0.0392990112304688
0.123085021972656 -0.00798797607421875 0.407867431640625 -0.14593505859375
0.0784988403320312 -0.0146942138671875 0.5919189453125 -0.03839111328125
0.0128726959228516 0.0220813751220703 0.7086181640625 0.25341796875
-0.0565032958984375 0.0615386962890625 0.550048828125 0.5975341796875
-0.0780105590820313 0.0284576416015625 0.292724609375 0.740234375
-0.0204410552978516 0.0108566284179687 0.0865478515625 0.49566650390625
0.0296497344970703 -0.0311412811279297 0.134872436523438 -0.00684356689453125
0.0266132354736328 -0.0145492553710937 0.133453369140625 -0.528533935546875
-0.0129451751708984 -0.00203704833984375 -0.177734375 -0.790283203125
-0.0387840270996094 0.02325439453125 -0.617919921875 -0.5888671875
-0.0297889709472656 0.0138568878173828 -0.75128173828125 -0.20184326171875
0.0253334045410156 -0.00476646423339844 -0.62481689453125 0.0136108398437499
0.081298828125 -0.0203399658203125 -0.322174072265625 0.141693115234375
0.133232116699219 -0.0505142211914063 -0.00334739685058593 0.0242500305175781
0.135574340820313 -0.0150680541992188 0.139732360839844 -0.0466995239257813
0.121330261230469 -0.0185394287109375 0.407073974609375 -0.1453857421875
0.06829833984375 -0.0211448669433594 0.6055908203125 -0.02984619140625
-0.000263214111328124 0.0236263275146484 0.73486328125 0.24847412109375
-0.0634002685546875 0.0742416381835937 0.5782470703125 0.57476806640625
-0.0774765014648438 0.045928955078125 0.3104248046875 0.705078125
-0.0171489715576172 0.0289955139160156 0.09552001953125 0.4613037109375
0.0315399169921875 -0.0125236511230469 0.137603759765625 -0.0373687744140625
0.0240821838378906 0.00393486022949219 0.13641357421875 -0.555389404296875
-0.019378662109375 0.0139350891113281 -0.16790771484375 -0.81591796875
-0.0489120483398438 0.0313148498535156 -0.6029052734375 -0.61370849609375
-0.0389785766601563 0.00806045532226563 -0.73590087890625 -0.220458984375
0.0260543823242188 -0.0156059265136719 -0.6077880859375 0.00415039062500001
0.0942153930664063 -0.0276947021484375 -0.304779052734375 0.134307861328125
0.149063110351563 -0.0442657470703125 0.0209159851074219 0.0269641876220703
-0.0354804992675781 0.0316352844238281 0.126625061035156 0.0098876953125
-0.0350723266601563 0.0720138549804688 0.396026611328125 -0.06622314453125
0.00473022460937501 0.09002685546875 0.5968017578125 0.06646728515625
0.0378265380859375 0.0506401062011719 0.70611572265625 0.35076904296875
0.0197219848632813 -0.0275821685791016 0.4891357421875 0.63616943359375
0.00801086425781249 -0.1273193359375 0.214599609375 0.71942138671875
0.0388641357421875 -0.160003662109375 0.048095703125 0.41864013671875
0.067840576171875 -0.179000854492188 0.1160888671875 -0.0941009521484375
0.048980712890625 -0.1585693359375 0.0347900390625 -0.58624267578125
0.0418624877929687 -0.140213012695313 -0.300537109375 -0.7716064453125
0.0190353393554688 -0.0744400024414063 -0.69476318359375 -0.484130859375
0.00396251678466797 0.00821113586425781 -0.73565673828125 -0.0798950195312501
-0.026275634765625 0.0694007873535156 -0.59002685546875 0.122802734375
-0.0495033264160156 0.052642822265625 -0.30413818359375 0.203521728515625
-0.0352210998535156 0.00153350830078124 -0.00989532470703125 0.0562286376953125
-0.0217761993408203 0.0205440521240234 0.111671447753906 0.011077880859375
-0.0253562927246094 0.0614166259765625 0.395294189453125 -0.078338623046875
0.00611114501953125 0.0897750854492188 0.59002685546875 0.04962158203125
0.0375938415527344 0.062591552734375 0.69427490234375 0.3499755859375
0.0202236175537109 -0.0110588073730469 0.48260498046875 0.65386962890625
0.00685119628906251 -0.1163330078125 0.21514892578125 0.75323486328125
0.0312652587890625 -0.149276733398438 0.0460205078125 0.458221435546875
0.05963134765625 -0.172943115234375 0.115867614746094 -0.0569229125976563
0.0407562255859375 -0.152862548828125 0.043701171875 -0.551361083984375
0.0287551879882812 -0.133811950683594 -0.29486083984375 -0.75225830078125
0.0101470947265625 -0.0735549926757813 -0.7022705078125 -0.4747314453125
0.0047297477722168 9.05990600585938E-06 -0.75494384765625 -0.0795898437499999
-0.00847625732421876 0.0591583251953125 -0.60870361328125 0.11712646484375
-0.0279121398925781 0.0480995178222656 -0.318145751953125 0.201568603515625
-0.0189723968505859 -0.00470924377441406 -0.02923583984375 0.0529212951660156
0.00553512573242188 0.0122041702270508 0.0972671508789063 0.0044097900390625
-0.00214767456054688 0.0478744506835938 0.398956298828125 -0.095458984375
0.0151519775390625 0.0780410766601563 0.5843505859375 0.0189208984375
0.0335350036621094 0.066497802734375 0.67999267578125 0.326904296875
0.0119533538818359 0.00731468200683594 0.4814453125 0.650390625
-0.0067138671875 -0.093902587890625 0.21875 0.773193359375
0.0216522216796875 -0.128509521484375 0.050537109375 0.495025634765625
0.0497894287109375 -0.155853271484375 0.120567321777344 -0.022491455078125
0.0343017578125 -0.133583068847656 0.06353759765625 -0.527587890625
0.0170059204101562 -0.115081787109375 -0.27642822265625 -0.73931884765625
-0.000122070312500001 -0.0619926452636719 -0.694091796875 -0.476806640625
0.00131583213806152 -0.00314450263977051 -0.76654052734375 -0.0861206054687501
0.0051422119140625 0.0444450378417969 -0.62554931640625 0.10443115234375
-0.00199508666992188 0.0393791198730469 -0.330963134765625 0.198822021484375
0.00740146636962891 -0.0154743194580078 -0.0414085388183594 0.0475578308105469
0.0392990112304688 0.0045013427734375 0.0931625366210938 -0.00540924072265625
0.0336952209472656 0.033172607421875 0.404541015625 -0.11529541015625
0.0359306335449219 0.0561027526855469 0.58416748046875 -0.01470947265625
0.0318183898925781 0.0580825805664063 0.67425537109375 0.2955322265625
-0.00416183471679688 0.0234527587890625 0.48675537109375 0.637939453125
-0.0254249572753906 -0.0650444030761719 0.231689453125 0.77972412109375
0.0077972412109375 -0.096893310546875 0.058319091796875 0.51531982421875
0.0410842895507813 -0.125869750976563 0.1240234375 0.00289916992187499
0.0301284790039063 -0.105934143066406 0.08306884765625 -0.51007080078125
0.00717163085937499 -0.0873565673828125 -0.2530517578125 -0.739990234375
-0.0107994079589844 -0.0407600402832031 -0.6796875 -0.4927978515625
-0.00435709953308105 -0.000752449035644531 -0.76904296875 -0.10430908203125
0.015533447265625 0.0316829681396484 -0.6329345703125 0.08984375
0.0235424041748047 0.0241603851318359 -0.3360595703125 0.188690185546875
0.04034423828125 -0.0287055969238281 -0.0434799194335938 0.0401573181152344
0.0771713256835938 -0.00043487548828125 0.0968246459960938 -0.0178909301757813
0.074676513671875 0.01947021484375 0.410369873046875 -0.134552001953125
0.0602989196777344 0.0289688110351563 0.584228515625 -0.0400390625
0.0296592712402344 0.0428085327148438 0.678466796875 0.26739501953125
-0.0234375 0.0360069274902344 0.5042724609375 0.62078857421875
-0.0482864379882813 -0.0315322875976563 0.254638671875 0.77532958984375
-0.00727081298828125 -0.0575027465820313 0.06988525390625 0.52398681640625
0.03533935546875 -0.0921249389648437 0.127944946289063 0.014984130859375
0.02783203125 -0.0731964111328125 0.102020263671875 -0.503753662109375
-0.000133514404296871 -0.0570869445800781 -0.2281494140625 -0.74383544921875
-0.0193519592285156 -0.0163192749023437 -0.66259765625 -0.51629638671875
-0.0118141174316406 0.00634765625 -0.768798828125 -0.12969970703125
0.0203647613525391 0.0191745758056641 -0.63702392578125 0.0670776367187501
0.0451278686523438 0.00723648071289063 -0.337860107421875 0.17535400390625
0.0748443603515625 -0.0412521362304687 -0.0372238159179687 0.0336875915527344
0.108619689941406 -0.0067291259765625 0.107353210449219 -0.0311126708984375
0.1068115234375 0.00499725341796875 0.406585693359375 -0.14654541015625
0.0759124755859375 0.0018768310546875 0.58380126953125 -0.05328369140625
0.0233650207519531 0.0277557373046875 0.68896484375 0.2452392578125
-0.0418472290039062 0.04937744140625 0.52923583984375 0.5999755859375
-0.0661277770996094 0.000709533691406256 0.27947998046875 0.75537109375
-0.017364501953125 -0.0192298889160156 0.082305908203125 0.51336669921875
0.0285148620605469 -0.0581703186035156 0.131477355957031 0.00922393798828125
0.0257186889648438 -0.0414772033691406 0.114959716796875 -0.508697509765625
-0.00621795654296875 -0.0271129608154297 -0.20660400390625 -0.759033203125
-0.0279045104980469 0.00689506530761718 -0.64251708984375 -0.54559326171875
-0.0193080902099609 0.0126190185546875 -0.7603759765625 -0.158447265625
0.0224437713623047 0.007904052734375 -0.63037109375 0.04681396484375
0.0644378662109375 -0.0103111267089844 -0.330169677734375 0.158935546875
0.106147766113281 -0.0511093139648438 -0.0251274108886719 0.0273799896240234
0.128326416015625 -0.0128250122070313 0.123054504394531 -0.0416641235351563
0.123077392578125 -0.0094451904296875 0.403228759765625 -0.15325927734375
0.077117919921875 -0.0163497924804687 0.588134765625 -0.05120849609375
0.0121994018554688 0.0216293334960937 0.70953369140625 0.23468017578125
-0.0560302734375 0.0613937377929688 0.5584716796875 0.579345703125
-0.07659912109375 0.0287933349609375 0.3074951171875 0.72772216796875
-0.0202922821044922 0.0111045837402344 0.096435546875 0.491729736328125
0.0287456512451172 -0.0309734344482422 0.133445739746094 -0.0090179443359375
0.0242137908935547 -0.0150966644287109 0.12200927734375 -0.52752685546875
-0.0136728286743164 5.34057617187503E-05 -0.19091796875 -0.77947998046875
-0.0380668640136719 0.0239486694335937 -0.62640380859375 -0.572265625
-0.0291233062744141 0.0141868591308594 -0.74884033203125 -0.185546875
0.0248451232910156 -0.00449371337890625 -0.6212158203125 0.0268554687500001
0.0815582275390625 -0.0217132568359375 -0.31695556640625 0.147216796875
0.13116455078125 -0.0526962280273438 -0.00299072265624999 0.02471923828125
0.135025024414063 -0.0174407958984375 0.139091491699219 -0.049652099609375
0.12066650390625 -0.0204925537109375 0.403076171875 -0.15185546875
0.0672531127929687 -0.0229988098144531 0.60296630859375 -0.04345703125
0.000917434692382811 0.0232219696044922 0.73388671875 0.229736328125
-0.0616378784179688 0.0743255615234375 0.58599853515625 0.5594482421875
-0.0765304565429688 0.0474395751953125 0.32635498046875 0.69189453125
-0.0164813995361328 0.0287570953369141 0.103912353515625 0.45745849609375
0.0305690765380859 -0.0135383605957031 0.133941650390625 -0.039276123046875
0.0241031646728516 0.0041656494140625 0.12469482421875 -0.554412841796875
-0.0205898284912109 0.0141239166259766 -0.18243408203125 -0.805419921875
-0.0475997924804688 0.0318107604980469 -0.61248779296875 -0.5965576171875
-0.0375709533691406 0.00860595703124999 -0.73480224609375 -0.2061767578125
0.0263309478759766 -0.0168647766113281 -0.60467529296875 0.01739501953125
0.0929183959960938 -0.0292892456054688 -0.2996826171875 0.13916015625
0.146743774414063 -0.0473480224609375 0.0199546813964844 0.02490234375
-0.0344905853271484 0.0301990509033203 0.127098083496094 0.00675201416015625
-0.0335693359375 0.0719451904296875 0.393951416015625 -0.07379150390625
0.00741577148437499 0.0899124145507813 0.59210205078125 0.05352783203125
0.0378761291503906 0.0495529174804688 0.708251953125 0.3336181640625
0.0195732116699219 -0.0274829864501953 0.49444580078125 0.6207275390625
0.00547027587890626 -0.127334594726563 0.22564697265625 0.70819091796875
0.0350494384765625 -0.159072875976563 0.054931640625 0.41351318359375
0.0648193359375 -0.179107666015625 0.113548278808594 -0.0940933227539063
0.0458831787109375 -0.157974243164063 0.02386474609375 -0.5794677734375
0.0374984741210938 -0.139068603515625 -0.31201171875 -0.7593994140625
0.017303466796875 -0.07366943359375 -0.70025634765625 -0.46612548828125
0.00479269027709961 0.00767087936401367 -0.73077392578125 -0.0653076171875002
-0.0236091613769531 0.0701751708984375 -0.58111572265625 0.13372802734375
-0.0478973388671875 0.052001953125 -0.297393798828125 0.207977294921875
-0.0345726013183594 0.00157546997070312 -0.00755310058593751 0.0568046569824219
-0.02056884765625 0.0213546752929688 0.109405517578125 0.00751495361328125
-0.0250396728515625 0.062164306640625 0.392578125 -0.08489990234375
0.008209228515625 0.088623046875 0.58819580078125 0.0369873046875
0.0381965637207031 0.061737060546875 0.69525146484375 0.33251953125
0.0201950073242188 -0.0117244720458984 0.490478515625 0.63787841796875
0.00457763671875 -0.115715026855469 0.22589111328125 0.74163818359375
0.029083251953125 -0.150131225585938 0.05389404296875 0.453826904296875
0.0539093017578125 -0.172653198242188 0.113525390625 -0.0571212768554688
0.0369415283203125 -0.1513671875 0.035614013671875 -0.54803466796875
0.0250930786132813 -0.133369445800781 -0.3060302734375 -0.739990234375
0.0088653564453125 -0.0737838745117188 -0.7060546875 -0.45721435546875
0.00527620315551758 -0.00146913528442383 -0.74920654296875 -0.0639648437499998
-0.00610733032226562 0.0596084594726563 -0.60003662109375 0.1268310546875
-0.0262718200683594 0.0497322082519531 -0.313568115234375 0.204986572265625
-0.0190181732177734 -0.00496101379394531 -0.0274925231933594 0.0511436462402344
0.00502777099609375 0.0117673873901367 0.0982131958007813 0.00231170654296875
-0.00135421752929688 0.0475425720214844 0.395111083984375 -0.10211181640625
0.0166702270507813 0.0773468017578125 0.58038330078125 0.00744628906250001
0.0346183776855469 0.0649452209472656 0.67987060546875 0.31024169921875
0.0112409591674805 0.00657749176025391 0.48870849609375 0.63812255859375
-0.00851440429687499 -0.0951156616210938 0.22998046875 0.7611083984375
0.0184707641601563 -0.127326965332031 0.057830810546875 0.48779296875
0.046905517578125 -0.154296875 0.118026733398438 -0.0235366821289063
0.0306015014648438 -0.132583618164063 0.052093505859375 -0.521270751953125
0.0142745971679687 -0.114967346191406 -0.28900146484375 -0.72821044921875
-0.00192642211914063 -0.061065673828125 -0.6982421875 -0.4586181640625
0.00171160697937012 -0.0035557746887207 -0.76068115234375 -0.0708618164062499
0.00786972045898437 0.0442695617675781 -0.61651611328125 0.116943359375
-0.000865936279296871 0.038818359375 -0.3236083984375 0.20135498046875
0.00695896148681641 -0.0152873992919922 -0.0392570495605469 0.0468978881835937
0.0394706726074219 0.00313949584960938 0.0931777954101562 -0.00804901123046875
0.0337619781494141 0.0321006774902344 0.399078369140625 -0.1226806640625
0.0366706848144531 0.0552330017089844 0.58001708984375 -0.02734375
0.0321388244628906 0.0560188293457031 0.67327880859375 0.27813720703125
-0.00418472290039063 0.0224475860595703 0.49365234375 0.62359619140625
-0.0270729064941406 -0.0640335083007813 0.24493408203125 0.7685546875
0.00484466552734374 -0.0964126586914063 0.065826416015625 0.509521484375
0.0379409790039062 -0.12628173828125 0.122734069824219 0.00129699707031249
0.0280685424804688 -0.105377197265625 0.072845458984375 -0.506103515625
0.00559234619140625 -0.0869827270507812 -0.26593017578125 -0.7257080078125
-0.0110321044921875 -0.0396652221679688 -0.682373046875 -0.47509765625
-0.0029144287109375 -0.000226497650146484 -0.765380859375 -0.0880737304687501
0.0164108276367188 0.0313434600830078 -0.62738037109375 0.10009765625
0.0240211486816406 0.0227890014648437 -0.330047607421875 0.192901611328125
0.0385093688964844 -0.0295677185058594 -0.0427474975585937 0.0404891967773437
0.076568603515625 -0.00318145751953125 0.0966949462890625 -0.0205612182617187
0.0742874145507813 0.018096923828125 0.404052734375 -0.141326904296875
0.0590858459472656 0.028076171875 0.5806884765625 -0.05303955078125
0.0294456481933594 0.0414962768554687 0.67950439453125 0.24853515625
-0.0219345092773438 0.0354461669921875 0.5120849609375 0.60614013671875
-0.0483436584472656 -0.0311317443847656 0.26629638671875 0.762451171875
-0.00975418090820313 -0.0571975708007813 0.078125 0.5196533203125
0.0318374633789063 -0.0920639038085938 0.127777099609375 0.0127410888671875
0.025848388671875 -0.0736236572265625 0.0914306640625 -0.499114990234375
-0.0010223388671875 -0.0551490783691406 -0.2391357421875 -0.73602294921875
-0.0197486877441406 -0.0161514282226562 -0.66607666015625 -0.499755859375
-0.0106372833251953 0.00663280487060547 -0.76416015625 -0.11456298828125
0.0213432312011719 0.0190868377685547 -0.63018798828125 0.0797119140625001
0.0464859008789063 0.00626754760742188 -0.332000732421875 0.18060302734375
0.07330322265625 -0.04217529296875 -0.0374412536621094 0.0332374572753906
0.107246398925781 -0.00872802734375 0.107398986816406 -0.0331573486328125
0.105667114257813 0.0017852783203125 0.40118408203125 -0.154266357421875
0.0750579833984375 0.0002593994140625 0.5791015625 -0.0657958984375
0.0232181549072266 0.0275325775146484 0.68902587890625 0.22760009765625
-0.0399360656738281 0.0485763549804688 0.536865234375 0.5833740234375
-0.0652999877929687 0.00177001953125 0.2913818359375 0.7437744140625
-0.0184822082519531 -0.0185432434082031 0.0917663574218751 0.508819580078125
0.028289794921875 -0.0579910278320313 0.130622863769531 0.00884246826171875
0.0250053405761719 -0.0418281555175781 0.10565185546875 -0.506103515625
-0.00681686401367188 -0.0270118713378906 -0.21832275390625 -0.748291015625
-0.0276660919189453 0.00768280029296876 -0.64654541015625 -0.52734375
-0.0186004638671875 0.0126705169677734 -0.75714111328125 -0.14312744140625
0.0240325927734375 0.00704383850097656 -0.62481689453125 0.0579833984375
0.064544677734375 -0.0106010437011719 -0.32452392578125 0.164642333984375
0.103836059570313 -0.0513458251953125 -0.0249538421630859 0.0271930694580078
0.127304077148437 -0.0163803100585937 0.121170043945313 -0.0447006225585937
0.121551513671875 -0.012847900390625 0.39752197265625 -0.160980224609375
0.0772171020507813 -0.018096923828125 0.58343505859375 -0.06494140625
0.0116024017333984 0.0204505920410156 0.70947265625 0.21807861328125
-0.053436279296875 0.0626983642578125 0.56573486328125 0.56298828125
-0.0744476318359375 0.0296401977539063 0.317138671875 0.71588134765625
-0.0204505920410156 0.0112171173095703 0.103607177734375 0.485992431640625
0.0269069671630859 -0.0301570892333984 0.13250732421875 -0.0102386474609375
0.0254592895507813 -0.0153980255126953 0.11285400390625 -0.523590087890625
-0.0142927169799805 -0.000130653381347654 -0.2047119140625 -0.7698974609375
-0.0377998352050781 0.0248870849609375 -0.63153076171875 -0.5557861328125
-0.0277652740478516 0.0146160125732422 -0.7471923828125 -0.17022705078125
0.0258197784423828 -0.0054168701171875 -0.61456298828125 0.03778076171875
0.0811996459960938 -0.0242538452148437 -0.31103515625 0.150909423828125
0.129806518554688 -0.05511474609375 -0.00353240966796874 0.0235595703125
0.133148193359375 -0.0208358764648437 0.137535095214844 -0.0528335571289063
0.119789123535156 -0.0226593017578125 0.397491455078125 -0.158721923828125
0.0660324096679688 -0.0242729187011719 0.596923828125 -0.05718994140625
0.00141525268554687 0.0226364135742188 0.73419189453125 0.2113037109375
-0.0587081909179688 0.0739517211914062 0.59234619140625 0.542236328125
-0.0738525390625 0.0478591918945313 0.33587646484375 0.68206787109375
-0.0155811309814453 0.02752685546875 0.11041259765625 0.45196533203125
0.0302696228027344 -0.0125503540039063 0.1318359375 -0.0391616821289063
0.0236568450927734 0.00411033630371094 0.11376953125 -0.5499267578125
-0.0199794769287109 0.0143470764160156 -0.19451904296875 -0.794921875
-0.0470695495605469 0.0322723388671875 -0.6177978515625 -0.57965087890625
-0.0368461608886719 0.0100822448730469 -0.7335205078125 -0.18914794921875
0.0267372131347656 -0.0173702239990234 -0.59881591796875 0.0272827148437501
0.092559814453125 -0.0308914184570312 -0.29461669921875 0.1427001953125
0.145889282226563 -0.0503082275390625 0.0205593109130859 0.0243167877197266
-0.0327243804931641 0.0303211212158203 0.128509521484375 0.0035858154296875
-0.0331192016601563 0.0723876953125 0.389984130859375 -0.0804443359375
0.00823211669921876 0.0887603759765625 0.5892333984375 0.0435791015625
0.0389747619628906 0.048492431640625 0.7056884765625 0.31842041015625
0.0189857482910156 -0.0280838012695313 0.5030517578125 0.60845947265625
0.00343322753906251 -0.128273010253906 0.23583984375 0.69903564453125
0.03045654296875 -0.159347534179688 0.06011962890625 0.40887451171875
0.0604095458984375 -0.1783447265625 0.109710693359375 -0.0951385498046875
0.0428009033203125 -0.1573486328125 0.01495361328125 -0.57427978515625
0.0342178344726562 -0.138313293457031 -0.3233642578125 -0.74609375
0.0160598754882813 -0.0738906860351563 -0.7015380859375 -0.4512939453125
0.00500774383544922 0.00780344009399414 -0.72576904296875 -0.0517578125000001
-0.0212478637695313 0.0703887939453125 -0.57366943359375 0.14178466796875
-0.046234130859375 0.0521011352539062 -0.29180908203125 0.2098388671875
-0.0334835052490234 0.00142860412597656 -0.00725555419921876 0.0555381774902344
-0.0202713012695313 0.0208911895751953 0.1107177734375 0.0045928955078125
-0.0242919921875 0.0618667602539063 0.388580322265625 -0.091705322265625
0.00904083251953126 0.0878372192382813 0.583251953125 0.02520751953125
0.038299560546875 0.0605201721191406 0.69342041015625 0.315185546875
0.0204753875732422 -0.0114002227783203 0.4986572265625 0.62347412109375
0.00194549560546874 -0.115730285644531 0.23712158203125 0.73223876953125
0.0258636474609375 -0.149871826171875 0.060821533203125 0.450653076171875
0.0518035888671875 -0.172561645507813 0.111671447753906 -0.058685302734375
0.0343170166015625 -0.150741577148438 0.02508544921875 -0.542449951171875
0.02227783203125 -0.133033752441406 -0.31463623046875 -0.72637939453125
0.006256103515625 -0.0719757080078125 -0.70703125 -0.4395751953125
0.007476806640625 -0.000162124633789063 -0.74346923828125 -0.05035400390625
-0.0046844482421875 0.0590782165527344 -0.5921630859375 0.135498046875
-0.0241050720214844 0.0497169494628906 -0.306427001953125 0.20867919921875
-0.0191993713378906 -0.004852294921875 -0.0271263122558594 0.0514488220214844
0.00570392608642578 0.0102863311767578 0.0973358154296875 -1.52587890624994E-05
-0.000732421874999997 0.0461997985839844 0.391204833984375 -0.1097412109375
0.0181503295898438 0.0767364501953125 0.5751953125 -0.00494384765625
0.0347671508789063 0.06378173828125 0.68145751953125 0.29248046875
0.0116386413574219 0.00675296783447266 0.494873046875 0.6221923828125
-0.00984191894531249 -0.092620849609375 0.2421875 0.7506103515625
0.0154953002929687 -0.127311706542969 0.065704345703125 0.483062744140625
0.0441436767578125 -0.15350341796875 0.116348266601563 -0.0240402221679688
0.028350830078125 -0.132568359375 0.044586181640625 -0.518341064453125
0.0121002197265625 -0.114395141601563 -0.2978515625 -0.71746826171875
-0.00316619873046875 -0.0600013732910156 -0.7008056640625 -0.44342041015625
0.0022130012512207 -0.00349736213684082 -0.7554931640625 -0.0558471679687499
0.0101089477539063 0.04473876953125 -0.6085205078125 0.1279296875
0.000942230224609374 0.0380058288574219 -0.3179931640625 0.2047119140625
0.00652313232421875 -0.0159988403320312 -0.0400199890136719 0.0465240478515625
0.0400657653808594 0.00203323364257813 0.09295654296875 -0.00975799560546875
0.0340404510498047 0.0315341949462891 0.39532470703125 -0.12890625
0.0375137329101563 0.0546722412109375 0.57427978515625 -0.0377197265625
0.0316238403320313 0.0558052062988281 0.675048828125 0.262451171875
-0.00275421142578125 0.0222454071044922 0.5009765625 0.60931396484375
-0.0282783508300781 -0.0631065368652344 0.2545166015625 0.7557373046875
0.00282287597656249 -0.0959243774414063 0.073974609375 0.50408935546875
0.0355072021484375 -0.1248779296875 0.121894836425781 0.000236511230468742
0.0253677368164063 -0.104766845703125 0.064666748046875 -0.501983642578125
0.00390625 -0.0865859985351562 -0.275634765625 -0.7139892578125
-0.0109672546386719 -0.0397682189941406 -0.6849365234375 -0.4564208984375
-0.00368595123291016 -9.96589660644524E-05 -0.75872802734375 -0.0730590820312498
0.0166397094726563 0.0306568145751953 -0.61767578125 0.10980224609375
0.0246334075927734 0.0224628448486328 -0.32415771484375 0.196136474609375
0.0378341674804687 -0.0297889709472656 -0.04296875 0.0400962829589844
0.0759658813476563 -0.003875732421875 0.0965194702148438 -0.0226058959960938
0.0740814208984375 0.015960693359375 0.398529052734375 -0.147003173828125
0.0596237182617187 0.0269851684570312 0.573974609375 -0.06365966796875
0.0289993286132813 0.0404701232910156 0.67852783203125 0.23089599609375
-0.0215377807617188 0.03558349609375 0.51727294921875 0.5899658203125
-0.0480117797851563 -0.0306129455566406 0.276123046875 0.75146484375
-0.0103073120117188 -0.0567703247070313 0.0869140625 0.5125732421875
0.029937744140625 -0.091339111328125 0.126411437988281 0.0113067626953125
0.0246658325195312 -0.0734329223632813 0.0826416015625 -0.496307373046875
-0.00271224975585938 -0.0546875 -0.25018310546875 -0.72406005859375
-0.0202598571777344 -0.0146579742431641 -0.667724609375 -0.482421875
-0.00854063034057617 0.00692033767700195 -0.75762939453125 -0.0999145507812501
0.0226688385009766 0.0187549591064453 -0.62384033203125 0.0887451171874999
0.0466041564941406 0.004302978515625 -0.325592041015625 0.18206787109375
0.0713958740234375 -0.0429763793945313 -0.0373191833496094 0.0341758728027344
0.107048034667969 -0.0102462768554688 0.1055908203125 -0.03564453125
0.106330871582031 0.00075531005859375 0.39471435546875 -0.160308837890625
0.0741119384765625 -0.00064849853515625 0.57403564453125 -0.07757568359375
0.0221672058105469 0.0264854431152344 0.6885986328125 0.211181640625
-0.0390090942382813 0.0479507446289062 0.5419921875 0.5689697265625
-0.0648574829101563 0.00181198120117187 0.30084228515625 0.731201171875
-0.0188884735107422 -0.0190410614013672 0.0985107421875 0.503173828125
0.0276260375976563 -0.0588722229003906 0.128822326660156 0.00727844238281249
0.0247001647949219 -0.0417289733886719 0.09619140625 -0.501373291015625
-0.00811386108398438 -0.0250911712646484 -0.229248046875 -0.7374267578125
-0.0285129547119141 0.00802421569824218 -0.650146484375 -0.5115966796875
-0.0161561965942383 0.0118541717529297 -0.75347900390625 -0.1280517578125
0.0243587493896484 0.00629806518554688 -0.6180419921875 0.0664062500000001
0.0650482177734375 -0.01123046875 -0.320465087890625 0.1678466796875
0.10302734375 -0.053314208984375 -0.0240345001220703 0.0272083282470703
0.125373840332031 -0.0190811157226563 0.119529724121094 -0.047821044921875
0.121147155761719 -0.0147018432617187 0.392303466796875 -0.167266845703125
0.07659912109375 -0.0184707641601562 0.577880859375 -0.075927734375
0.0116443634033203 0.0191783905029297 0.70709228515625 0.20245361328125
-0.0531730651855469 0.0613479614257813 0.56988525390625 0.5479736328125
-0.0736236572265625 0.0292816162109375 0.325927734375 0.703125
-0.0205707550048828 0.0115776062011719 0.1114501953125 0.479339599609375
0.0252552032470703 -0.0298175811767578 0.130783081054688 -0.0116424560546875
0.0253620147705078 -0.0161094665527344 0.1029052734375 -0.519012451171875
-0.0138492584228516 -0.000725746154785157 -0.21356201171875 -0.75775146484375
-0.0368118286132812 0.0253410339355469 -0.63494873046875 -0.53887939453125
-0.0255451202392578 0.0148277282714844 -0.74395751953125 -0.15673828125
0.0259933471679688 -0.00485992431640625 -0.60809326171875 0.0480346679687499
0.0807266235351563 -0.0249786376953125 -0.3072509765625 0.154815673828125
0.127555847167969 -0.0564956665039063 -0.00337791442871093 0.0226726531982422
0.132637023925781 -0.0224227905273437 0.135345458984375 -0.0557403564453125
0.117988586425781 -0.024383544921875 0.391754150390625 -0.165771484375
0.0651435852050781 -0.0251846313476563 0.5927734375 -0.06890869140625
0.00121879577636719 0.0220966339111328 0.73187255859375 0.1966552734375
-0.0579147338867188 0.0743179321289062 0.59716796875 0.52532958984375
-0.0730438232421875 0.047149658203125 0.344970703125 0.66839599609375
-0.0153331756591797 0.0285739898681641 0.116790771484375 0.445281982421875
0.0284862518310547 -0.0131015777587891 0.129722595214844 -0.0412445068359375
0.0238800048828125 0.00275611877441406 0.102874755859375 -0.545318603515625
-0.0193462371826172 0.0144748687744141 -0.2059326171875 -0.7838134765625
-0.0466499328613281 0.0331497192382813 -0.621337890625 -0.56268310546875
-0.0359420776367188 0.0110244750976562 -0.73046875 -0.1761474609375
0.0276470184326172 -0.0173492431640625 -0.5924072265625 0.0353393554687499
0.0920333862304688 -0.0322113037109375 -0.2899169921875 0.145751953125
0.142654418945313 -0.052337646484375 0.0205307006835938 0.0234031677246094
-0.03265380859375 0.0289936065673828 0.125587463378906 0.00177764892578125
-0.0311355590820313 0.0720596313476563 0.384979248046875 -0.085479736328125
0.009765625 0.0880279541015625 0.5855712890625 0.03204345703125
0.0385055541992188 0.0471916198730469 0.70391845703125 0.3031005859375
0.0181236267089844 -0.02850341796875 0.5072021484375 0.59130859375
0.000991821289062493 -0.126129150390625 0.242431640625 0.6871337890625
0.0283050537109375 -0.158340454101563 0.064361572265625 0.40423583984375
0.057220458984375 -0.1773681640625 0.108154296875 -0.0955276489257813
0.0399322509765625 -0.155517578125 0.00543212890625004 -0.56689453125
0.0312728881835937 -0.137664794921875 -0.32867431640625 -0.73345947265625
0.0141372680664062 -0.0737838745117187 -0.70172119140625 -0.4327392578125
0.00722551345825195 0.0084080696105957 -0.71844482421875 -0.0407104492187501
-0.0203018188476562 0.070556640625 -0.566162109375 0.14910888671875
-0.0453224182128906 0.053680419921875 -0.28582763671875 0.21417236328125
-0.0339031219482422 0.00218391418457031 -0.00671005249023437 0.0551910400390625
-0.0197372436523438 0.0201930999755859 0.109832763671875 0.00295257568359375
-0.0222930908203125 0.062225341796875 0.3837890625 -0.09765625
0.00997924804687499 0.0887222290039063 0.57757568359375 0.01641845703125
0.0392837524414063 0.0592575073242188 0.69329833984375 0.30047607421875
0.0196094512939453 -0.0126457214355469 0.50213623046875 0.609375
-6.10351562499914E-05 -0.115020751953125 0.2437744140625 0.71966552734375
0.0228424072265625 -0.148483276367188 0.06494140625 0.4437255859375
0.04901123046875 -0.1702880859375 0.110069274902344 -0.0591506958007813
0.0319671630859375 -0.149627685546875 0.0179443359375 -0.537078857421875
0.0189590454101562 -0.133110046386719 -0.32171630859375 -0.71429443359375
0.00572967529296875 -0.0730438232421875 -0.706787109375 -0.423095703125
0.00636100769042969 -0.000418186187744141 -0.737060546875 -0.03826904296875
-0.00295639038085938 0.0589675903320313 -0.58514404296875 0.1431884765625
-0.0231781005859375 0.0485076904296875 -0.301177978515625 0.210968017578125
-0.0192928314208984 -0.00449371337890625 -0.0267677307128906 0.050537109375
0.00590133666992188 0.00972747802734375 0.0971298217773438 -0.00225067138671875
0.000465393066406253 0.0463371276855469 0.38519287109375 -0.114715576171875
0.0188140869140625 0.0760879516601562 0.5699462890625 -0.01727294921875
0.0346908569335937 0.0618209838867188 0.6796875 0.27813720703125
0.0117197036743164 0.00504875183105469 0.4993896484375 0.6055908203125
-0.0116806030273438 -0.0925140380859375 0.24981689453125 0.73870849609375
0.0131988525390625 -0.12646484375 0.0723876953125 0.477081298828125
0.03997802734375 -0.153701782226563 0.115203857421875 -0.0258026123046875
0.0255661010742187 -0.129898071289062 0.03533935546875 -0.512176513671875
0.00901031494140624 -0.113082885742188 -0.3052978515625 -0.70361328125
-0.0042266845703125 -0.0599288940429688 -0.70050048828125 -0.4263916015625
0.00265622138977051 -0.00380730628967285 -0.74853515625 -0.04534912109375
0.0096282958984375 0.0444221496582031 -0.6016845703125 0.1339111328125
0.00217056274414062 0.0381965637207031 -0.311767578125 0.206756591796875
0.00610542297363281 -0.015772819519043 -0.0383987426757812 0.0461540222167969
0.0397300720214844 0.0008544921875 0.0916900634765625 -0.011871337890625
0.0344715118408203 0.0301837921142578 0.391571044921875 -0.13360595703125
0.0372886657714844 0.0533409118652344 0.56927490234375 -0.04583740234375
0.0334434509277344 0.0548744201660156 0.6722412109375 0.24658203125
-0.00258255004882813 0.0217437744140625 0.5057373046875 0.5946044921875
-0.0287132263183594 -0.0635566711425781 0.263671875 0.74407958984375
0.000770568847656252 -0.0947418212890625 0.079864501953125 0.498779296875
0.0342559814453125 -0.124259948730469 0.120193481445313 -0.00149536132812501
0.0235977172851562 -0.104606628417969 0.056243896484375 -0.496826171875
0.00131988525390624 -0.085601806640625 -0.2823486328125 -0.70294189453125
-0.0127105712890625 -0.0385589599609375 -0.68450927734375 -0.44171142578125
-0.00213682651519775 0.000207662582397461 -0.75244140625 -0.0626831054687499
0.0179176330566406 0.0306224822998047 -0.61041259765625 0.11822509765625
0.0248661041259766 0.0212478637695312 -0.31756591796875 0.199310302734375
0.0375900268554688 -0.0303993225097656 -0.0420722961425781 0.0401420593261719
0.075653076171875 -0.0064239501953125 0.0953903198242188 -0.0242156982421875
0.07415771484375 0.0153045654296875 0.392822265625 -0.15289306640625
0.0589675903320313 0.0255088806152344 0.5692138671875 -0.0733642578125
0.0304222106933594 0.0397300720214844 0.67431640625 0.21746826171875
-0.0211105346679688 0.0352859497070313 0.52227783203125 0.5753173828125
-0.0491714477539063 -0.0302276611328125 0.286865234375 0.73748779296875
-0.0108070373535156 -0.0556602478027344 0.092681884765625 0.5057373046875
0.0283355712890625 -0.0908279418945313 0.125335693359375 0.010345458984375
0.0236434936523438 -0.0721359252929688 0.0745239257812499 -0.490966796875
-0.00382995605468751 -0.0546531677246094 -0.25738525390625 -0.71087646484375
-0.0195178985595703 -0.0147571563720703 -0.66851806640625 -0.4677734375
-0.00890064239501953 0.00607776641845703 -0.75250244140625 -0.0880737304687499
0.0238685607910156 0.0179042816162109 -0.616455078125 0.0987548828125001
0.0464820861816406 0.00409698486328125 -0.320343017578125 0.18505859375
0.0698394775390625 -0.0449142456054688 -0.0370216369628906 0.0332183837890625
0.106063842773438 -0.0127105712890625 0.104408264160156 -0.0377349853515625
0.104202270507813 -0.00142669677734375 0.39105224609375 -0.165740966796875
0.0734786987304688 -0.0013885498046875 0.56732177734375 -0.0863037109375
0.0234737396240234 0.0248622894287109 0.68463134765625 0.19830322265625
-0.0387840270996094 0.047393798828125 0.5460205078125 0.5531005859375
-0.06451416015625 0.00156784057617189 0.30889892578125 0.71832275390625
-0.0195178985595703 -0.0194683074951172 0.104278564453125 0.496429443359375
0.02618408203125 -0.0569038391113281 0.127799987792969 0.00589752197265625
0.0236701965332031 -0.0420074462890625 0.088134765625 -0.49591064453125
-0.00962638854980469 -0.0253524780273438 -0.23675537109375 -0.72576904296875
-0.0288238525390625 0.00773239135742188 -0.65057373046875 -0.49530029296875
-0.0169897079467773 0.0126943588256836 -0.7471923828125 -0.116943359375
0.0240936279296875 0.00584602355957031 -0.6114501953125 0.0749511718750001
0.0646209716796875 -0.0118827819824219 -0.315277099609375 0.16986083984375
0.100868225097656 -0.0543212890625 -0.0242118835449219 0.0267219543457031
0.12518310546875 -0.0195846557617188 0.117881774902344 -0.0484390258789063
0.119293212890625 -0.0164337158203125 0.386810302734375 -0.172119140625
0.0754241943359375 -0.0205154418945313 0.57208251953125 -0.085205078125
0.0125617980957031 0.0191154479980469 0.7022705078125 0.1873779296875
-0.050384521484375 0.0614280700683594 0.5736083984375 0.53302001953125
-0.0731201171875 0.0300979614257813 0.3326416015625 0.69085693359375
-0.0205440521240234 0.0114822387695312 0.116668701171875 0.4732666015625
0.0260028839111328 -0.0296707153320313 0.127693176269531 -0.0127182006835938
0.0242462158203125 -0.0156402587890625 0.094085693359375 -0.5140380859375
-0.0135812759399414 3.81469726562357E-06 -0.22296142578125 -0.74676513671875
-0.0366668701171875 0.025634765625 -0.6358642578125 -0.52386474609375
-0.0256595611572266 0.0149784088134766 -0.7371826171875 -0.142578125
0.0267505645751953 -0.00634574890136719 -0.6021728515625 0.0557861328125001
0.0800704956054688 -0.0250778198242188 -0.302459716796875 0.156341552734375
0.1256103515625 -0.0589599609375 -0.00439834594726562 0.0219078063964844
0.131462097167969 -0.0252151489257813 0.133750915527344 -0.0569686889648437
0.116920471191406 -0.0253067016601563 0.38543701171875 -0.169342041015625
0.0648536682128906 -0.026275634765625 0.5850830078125 -0.078857421875
0.00148773193359375 0.0217266082763672 0.7271728515625 0.17962646484375
-0.055511474609375 0.073394775390625 0.5997314453125 0.51019287109375
-0.0717620849609375 0.0472488403320313 0.35064697265625 0.65557861328125
-0.0159015655517578 0.0270099639892578 0.120819091796875 0.4405517578125
0.0279045104980469 -0.0126247406005859 0.128036499023438 -0.04248046875
0.0240135192871094 0.00263023376464844 0.09576416015625 -0.540740966796875
-0.0191326141357422 0.0138206481933594 -0.21539306640625 -0.771728515625
-0.04608154296875 0.0328903198242188 -0.6231689453125 -0.54754638671875
-0.0342674255371094 0.0109157562255859 -0.72576904296875 -0.1630859375
0.026702880859375 -0.0169963836669922 -0.58551025390625 0.0455322265625
0.0923080444335938 -0.0334854125976563 -0.285552978515625 0.147796630859375
0.142120361328125 -0.0545501708984375 0.0203018188476563 0.0226631164550781
-0.0318794250488281 0.0301895141601562 0.125442504882813 -0.000816345214843748
-0.0303497314453125 0.0717544555664063 0.3807373046875 -0.0897216796875
0.0106048583984375 0.0867919921875 0.5814208984375 0.02313232421875
0.0398139953613281 0.0465507507324219 0.70068359375 0.28924560546875
0.0182456970214844 -0.0283603668212891 0.50836181640625 0.580078125
-0.000961303710937499 -0.125076293945313 0.24847412109375 0.6754150390625
0.025146484375 -0.157089233398438 0.067626953125 0.399383544921875
0.0543975830078125 -0.177719116210938 0.105461120605469 -0.0953903198242188
0.0375213623046875 -0.155181884765625 -0.00109863281249996 -0.560760498046875
0.0287322998046875 -0.136795043945313 -0.3348388671875 -0.72149658203125
0.0138320922851563 -0.0736236572265625 -0.698486328125 -0.4178466796875
0.00796890258789063 0.00916385650634766 -0.7132568359375 -0.0312500000000001
-0.016571044921875 0.0706558227539063 -0.558502197265625 0.155731201171875
-0.0428543090820313 0.0525436401367188 -0.2796630859375 0.214492797851563
-0.0334854125976563 0.00151062011718751 -0.00704574584960938 0.0540504455566406
-0.0173206329345703 0.0193252563476563 0.108314514160156 0.000862121582031251
-0.0211524963378906 0.061248779296875 0.380157470703125 -0.102203369140625
0.010894775390625 0.0872726440429688 0.57342529296875 0.00531005859375001
0.0394248962402344 0.058258056640625 0.6895751953125 0.28509521484375
0.0185317993164063 -0.0133228302001953 0.50372314453125 0.59326171875
-0.000633239746093753 -0.1153564453125 0.2496337890625 0.708251953125
0.0203399658203125 -0.147171020507813 0.070281982421875 0.43902587890625
0.044830322265625 -0.170852661132812 0.1072998046875 -0.0596923828125
0.030364990234375 -0.148422241210938 0.01007080078125 -0.530364990234375
0.0182418823242187 -0.130233764648438 -0.3292236328125 -0.70220947265625
0.00437164306640624 -0.0718231201171875 -0.70458984375 -0.41015625
0.00775718688964844 -0.000247001647949219 -0.7301025390625 -0.0273437500000001
-0.000839233398437507 0.059234619140625 -0.576171875 0.15106201171875
-0.0214042663574219 0.0488967895507813 -0.2955322265625 0.21343994140625
-0.0185756683349609 -0.00453948974609375 -0.0254173278808594 0.0506439208984375
0.00667667388916016 0.00974845886230469 0.0970535278320312 -0.004913330078125
0.000125885009765628 0.0459976196289063 0.380889892578125 -0.118927001953125
0.0194320678710938 0.0751800537109375 0.56414794921875 -0.02386474609375
0.0367355346679688 0.0609855651855469 0.67767333984375 0.26446533203125
0.0110197067260742 0.00543403625488281 0.5035400390625 0.59295654296875
-0.01220703125 -0.0933914184570312 0.25494384765625 0.7279052734375
0.0118789672851562 -0.127998352050781 0.07525634765625 0.470916748046875
0.038543701171875 -0.1514892578125 0.114669799804688 -0.0262374877929688
0.023773193359375 -0.131126403808594 0.0308837890625 -0.506072998046875
0.00719451904296874 -0.111480712890625 -0.31134033203125 -0.69207763671875
-0.00469589233398438 -0.0597190856933594 -0.69854736328125 -0.4111328125
0.003753662109375 -0.00387930870056152 -0.7403564453125 -0.03466796875
0.0116043090820313 0.044342041015625 -0.59259033203125 0.141357421875
0.00284194946289062 0.0376472473144531 -0.306549072265625 0.209228515625
0.00588130950927734 -0.0159740447998047 -0.0382423400878906 0.046356201171875
0.0393295288085938 1.9073486328125E-05 0.0916900634765625 -0.0147476196289063
0.0350265502929688 0.0302829742431641 0.3848876953125 -0.138336181640625
0.0371017456054688 0.0523109436035156 0.56341552734375 -0.05523681640625
0.0330734252929688 0.0531196594238281 0.66796875 0.2342529296875
-0.00243759155273437 0.0214080810546875 0.5074462890625 0.57830810546875
-0.0296974182128906 -0.0625495910644531 0.27008056640625 0.7327880859375
-0.00051116943359375 -0.0943603515625 0.08538818359375 0.4937744140625
0.0319137573242187 -0.123542785644531 0.119148254394531 -0.00340270996093751
0.0222854614257813 -0.104240417480469 0.049346923828125 -0.4908447265625
0.000671386718749993 -0.0857009887695313 -0.28717041015625 -0.69012451171875
-0.0125236511230469 -0.0377731323242188 -0.68341064453125 -0.42706298828125
-0.00150799751281738 2.6702880859375E-05 -0.74591064453125 -0.0506591796875
0.0190525054931641 0.0302867889404297 -0.60272216796875 0.12615966796875
0.0263042449951172 0.0205364227294922 -0.3123779296875 0.201416015625
0.0365638732910156 -0.0307731628417969 -0.0409698486328125 0.0408782958984375
0.074432373046875 -0.00708770751953125 0.0949783325195313 -0.0262908935546875
0.0738525390625 0.014404296875 0.387969970703125 -0.155914306640625
0.0589599609375 0.0248222351074219 0.56280517578125 -0.08197021484375
0.0298728942871094 0.0380439758300781 0.67138671875 0.20343017578125
-0.0201435089111328 0.0346603393554687 0.52459716796875 0.56280517578125
-0.0490684509277344 -0.0297966003417969 0.2919921875 0.7281494140625
-0.0115470886230469 -0.0552330017089844 0.096832275390625 0.499542236328125
0.0267257690429688 -0.090057373046875 0.124656677246094 0.0100936889648437
0.0223007202148438 -0.0721359252929688 0.06890869140625 -0.4866943359375
-0.00517654418945313 -0.0540351867675781 -0.26263427734375 -0.6988525390625
-0.0201244354248047 -0.0140285491943359 -0.66845703125 -0.453125
-0.00748348236083984 0.00562953948974609 -0.74725341796875 -0.07708740234375
0.0226955413818359 0.0178947448730469 -0.60888671875 0.10528564453125
0.0463600158691406 0.00262832641601563 -0.31475830078125 0.18695068359375
0.0681419372558594 -0.0451545715332031 -0.0366401672363281 0.0328750610351563
0.105110168457031 -0.015350341796875 0.103042602539063 -0.0395278930664063
0.104759216308594 -0.0035552978515625 0.384368896484375 -0.17059326171875
0.0729141235351563 -0.00240325927734375 0.55999755859375 -0.094024658203125
0.0232162475585937 0.0256462097167969 0.67974853515625 0.184326171875
-0.0372962951660156 0.0469779968261719 0.548370361328125 0.5399169921875
-0.0645065307617188 0.00155639648437501 0.314208984375 0.70745849609375
-0.0179634094238281 -0.0188484191894531 0.110260009765625 0.4893798828125
0.0238418579101563 -0.0577812194824219 0.126861572265625 0.00507354736328125
0.021881103515625 -0.0406036376953125 0.081878662109375 -0.492431640625
-0.00986099243164062 -0.0248756408691406 -0.243896484375 -0.7149658203125
-0.0274162292480469 0.00966835021972657 -0.65032958984375 -0.48193359375
-0.0148553848266602 0.0134401321411133 -0.74139404296875 -0.1053466796875
0.0254592895507813 0.00630950927734375 -0.60333251953125 0.0811767578125001
0.0636825561523438 -0.0138778686523437 -0.30792236328125 0.1719970703125
0.0992584228515625 -0.0541610717773438 -0.0225467681884765 0.0263786315917969
0.124679565429687 -0.0210723876953125 0.11602783203125 -0.0499649047851563
0.119728088378906 -0.018310546875 0.380889892578125 -0.177032470703125
0.073333740234375 -0.02178955078125 0.5654296875 -0.09429931640625
0.012420654296875 0.0192279815673828 0.69873046875 0.1732177734375
-0.0485572814941406 0.0617904663085938 0.57562255859375 0.52001953125
-0.0718307495117188 0.0293121337890625 0.33966064453125 0.67926025390625
-0.0188579559326172 0.0126152038574219 0.122283935546875 0.46710205078125
0.0247859954833984 -0.0290393829345703 0.128486633300781 -0.0135269165039063
0.0242080688476563 -0.0153999328613281 0.087127685546875 -0.511016845703125
-0.0131673812866211 -0.000178337097167968 -0.2303466796875 -0.734619140625
-0.0359344482421875 0.0260009765625 -0.63482666015625 -0.50885009765625
-0.0246543884277344 0.015380859375 -0.73175048828125 -0.13201904296875
0.0266628265380859 -0.00666618347167969 -0.5947265625 0.0635986328125
0.0783233642578125 -0.0253677368164062 -0.296966552734375 0.15704345703125
0.123252868652344 -0.0597457885742188 -0.00398635864257811 0.0217685699462891
0.129669189453125 -0.0275497436523438 0.132476806640625 -0.0583114624023438
0.116180419921875 -0.026763916015625 0.379852294921875 -0.174285888671875
0.0630912780761719 -0.0277214050292969 0.578369140625 -0.08856201171875
0.000839233398437498 0.0219612121582031 0.72357177734375 0.166748046875
-0.0547714233398438 0.0731582641601563 0.60101318359375 0.4945068359375
-0.07025146484375 0.0465583801269531 0.3570556640625 0.64337158203125
-0.0145740509033203 0.0280876159667969 0.12506103515625 0.4326171875
0.0269203186035156 -0.0111255645751953 0.125205993652344 -0.0420761108398438
0.0237617492675781 0.0028839111328125 0.088836669921875 -0.534820556640625
-0.0188179016113281 0.0148468017578125 -0.2205810546875 -0.7596435546875
-0.0449142456054688 0.0338897705078125 -0.62255859375 -0.53192138671875
-0.0330467224121094 0.0109939575195313 -0.71990966796875 -0.15185546875
0.0269393920898438 -0.0177230834960937 -0.5794677734375 0.0506591796875
0.0904083251953125 -0.0356292724609375 -0.281402587890625 0.14990234375
0.139945983886719 -0.0549468994140625 0.0193958282470703 0.0214385986328125
-0.0315608978271484 0.0289402008056641 0.125785827636719 -0.00304412841796875
-0.0285263061523437 0.071563720703125 0.3765869140625 -0.092987060546875
0.0110626220703125 0.0863876342773438 0.575439453125 0.01593017578125
0.0390205383300781 0.0458564758300781 0.6981201171875 0.2777099609375
0.016937255859375 -0.0290756225585938 0.51055908203125 0.5662841796875
-0.00257873535156251 -0.12542724609375 0.2530517578125 0.666748046875
0.021942138671875 -0.155654907226563 0.069671630859375 0.393341064453125
0.0516815185546875 -0.175750732421875 0.103851318359375 -0.0968475341796875
0.0355682373046875 -0.153701782226563 -0.00762939453125 -0.55438232421875
0.0278244018554687 -0.136466979980469 -0.33935546875 -0.711181640625
0.0119094848632812 -0.0723114013671875 -0.69757080078125 -0.40679931640625
0.00726699829101563 0.00788736343383789 -0.7054443359375 -0.0224609374999999
-0.0162124633789063 0.0702743530273438 -0.550384521484375 0.160797119140625
-0.0418167114257813 0.053131103515625 -0.274795532226563 0.21630859375
-0.032958984375 0.000852584838867181 -0.00665283203125 0.0535659790039063
-0.0181827545166016 0.0189437866210938 0.109207153320312 -0.00139617919921875
-0.0211143493652344 0.0611076354980469 0.37603759765625 -0.105316162109375
0.0110702514648438 0.0868606567382813 0.56744384765625 -0.000427246093749995
0.0388832092285156 0.0572013854980469 0.68658447265625 0.273681640625
0.0190410614013672 -0.0134963989257812 0.50732421875 0.58148193359375
-0.00273895263671876 -0.114517211914063 0.25628662109375 0.698486328125
0.0175018310546875 -0.146728515625 0.073944091796875 0.43408203125
0.0436248779296875 -0.168594360351563 0.106025695800781 -0.0614013671875
0.02764892578125 -0.148147583007813 0.00512695312499999 -0.523681640625
0.0157241821289063 -0.129409790039063 -0.33270263671875 -0.6934814453125
0.00380706787109375 -0.0714187622070313 -0.70245361328125 -0.39617919921875
0.00887012481689453 -0.000903129577636719 -0.72198486328125 -0.01953125
0.000530242919921872 0.0591468811035156 -0.56915283203125 0.15606689453125
-0.0210990905761719 0.0482940673828125 -0.290374755859375 0.21307373046875
-0.0184822082519531 -0.00529289245605469 -0.0248489379882812 0.0495529174804687
0.00617504119873047 0.00768661499023438 0.0973663330078125 -0.005767822265625
0.000164031982421879 0.0454597473144531 0.376495361328125 -0.123748779296875
0.0193710327148437 0.0750503540039063 0.559478759765625 -0.030975341796875
0.0360336303710938 0.060516357421875 0.67376708984375 0.2530517578125
0.0108108520507813 0.00475215911865234 0.50433349609375 0.5802001953125
-0.0142974853515625 -0.0924606323242188 0.261962890625 0.71649169921875
0.00959014892578124 -0.126289367675781 0.079681396484375 0.46673583984375
0.0371856689453125 -0.151214599609375 0.112625122070312 -0.027618408203125
0.022308349609375 -0.129081726074219 0.025299072265625 -0.5009765625
0.00566101074218751 -0.110855102539062 -0.3162841796875 -0.68072509765625
-0.0053253173828125 -0.0588302612304688 -0.69610595703125 -0.39984130859375
0.00492334365844727 -0.00360679626464844 -0.7337646484375 -0.0260620117187499
0.0125656127929687 0.044097900390625 -0.58514404296875 0.14617919921875
0.0037994384765625 0.0368118286132813 -0.30218505859375 0.208648681640625
0.00630855560302734 -0.0173835754394531 -0.0371894836425781 0.0451889038085938
0.0393028259277344 -0.00117874145507813 0.0916213989257813 -0.0153121948242188
0.0349578857421875 0.0284900665283203 0.382110595703125 -0.143096923828125
0.0373191833496094 0.0509223937988281 0.55731201171875 -0.06195068359375
0.0328254699707031 0.0533523559570313 0.66436767578125 0.22149658203125
-0.00225067138671875 0.0202369689941406 0.5089111328125 0.56622314453125
-0.0302047729492187 -0.0628623962402344 0.27569580078125 0.72216796875
-0.0012359619140625 -0.0928726196289063 0.089019775390625 0.486602783203125
0.0303802490234375 -0.122207641601563 0.118392944335937 -0.00317382812500001
0.0205612182617187 -0.102073669433594 0.045806884765625 -0.486419677734375
-0.00123596191406251 -0.0841217041015625 -0.29095458984375 -0.68096923828125
-0.0128364562988281 -0.0381736755371094 -0.68109130859375 -0.41497802734375
-0.000245049595832825 -9.36537981033325E-05 -0.73663330078125 -0.0429077148437501
0.0199069976806641 0.0301399230957031 -0.59588623046875 0.12933349609375
0.0268650054931641 0.0204925537109375 -0.30853271484375 0.200531005859375
0.0354995727539063 -0.0312614440917969 -0.0415153503417969 0.0399322509765625
0.0750732421875 -0.0086669921875 0.0937042236328125 -0.0271377563476562
0.0732879638671875 0.0117340087890625 0.38458251953125 -0.160675048828125
0.0580368041992187 0.0237274169921875 0.5565185546875 -0.088623046875
0.02978515625 0.0375747680664063 0.6669921875 0.1932373046875
-0.0194492340087891 0.0338153839111328 0.525604248046875 0.54833984375
-0.0492057800292969 -0.0289955139160156 0.2952880859375 0.71649169921875
-0.0122528076171875 -0.05523681640625 0.1014404296875 0.494873046875
0.0260238647460938 -0.0894775390625 0.122695922851563 0.00771331787109374
0.0207138061523438 -0.0709457397460938 0.062591552734375 -0.4814453125
-0.00568771362304688 -0.0537376403808594 -0.26806640625 -0.69024658203125
-0.0197982788085938 -0.0140895843505859 -0.66656494140625 -0.4403076171875
-0.00664329528808594 0.00640726089477539 -0.740966796875 -0.0685424804687501
0.0246925354003906 0.0166988372802734 -0.6015625 0.11041259765625
0.046539306640625 0.00225830078125 -0.3106689453125 0.1876220703125
0.0676689147949219 -0.0460891723632813 -0.0358161926269531 0.0324020385742188
0.104820251464844 -0.0154266357421875 0.101516723632812 -0.039581298828125
0.103431701660156 -0.003662109375 0.379364013671875 -0.1728515625
0.0727691650390625 -0.00347900390625 0.555084228515625 -0.10076904296875
0.0230903625488281 0.0240631103515625 0.67578125 0.17333984375
-0.0356597900390625 0.0464363098144531 0.548828125 0.527374267578125
-0.0640907287597656 0.00240325927734375 0.32000732421875 0.69635009765625
-0.0192222595214844 -0.0182762145996094 0.1141357421875 0.483917236328125
0.023529052734375 -0.0564384460449219 0.124885559082031 0.0031280517578125
0.022247314453125 -0.0406646728515625 0.075714111328125 -0.48779296875
-0.0100173950195313 -0.0252113342285156 -0.24835205078125 -0.704833984375
-0.0266590118408203 0.0102996826171875 -0.64813232421875 -0.46942138671875
-0.0138444900512695 0.0132656097412109 -0.73504638671875 -0.0956420898437502
0.0260429382324219 0.00491523742675781 -0.59698486328125 0.0865478515625001
0.0638198852539063 -0.014251708984375 -0.305572509765625 0.173187255859375
0.0971832275390625 -0.0568618774414063 -0.02313232421875 0.0252094268798828
0.12322998046875 -0.0240020751953125 0.115348815917969 -0.0518569946289062
0.117568969726563 -0.01983642578125 0.37615966796875 -0.18035888671875
0.0736312866210938 -0.0223770141601563 0.559173583984375 -0.101226806640625
0.012237548828125 0.0182628631591797 0.69525146484375 0.1619873046875
-0.0490875244140625 0.0604171752929688 0.57476806640625 0.50616455078125
-0.0717620849609375 0.0304794311523437 0.34283447265625 0.668212890625
-0.0199375152587891 0.0113792419433594 0.12451171875 0.461578369140625
0.0246143341064453 -0.0291271209716797 0.126289367675781 -0.0137100219726563
0.0223865509033203 -0.0150623321533203 0.08203125 -0.50518798828125
-0.0138616561889648 0.00011920928955078 -0.2327880859375 -0.72540283203125
-0.03497314453125 0.0268669128417969 -0.63482666015625 -0.49560546875
-0.0233078002929688 0.0147113800048828 -0.72705078125 -0.122802734375
0.0270309448242188 -0.0063934326171875 -0.58966064453125 0.0667724609375
0.0790023803710938 -0.02728271484375 -0.29241943359375 0.15936279296875
0.121444702148438 -0.060333251953125 -0.0032215118408203 0.0205307006835937
0.127784729003906 -0.0287017822265625 0.129959106445313 -0.0597381591796875
0.115440368652344 -0.0285186767578125 0.374664306640625 -0.177886962890625
0.0626335144042969 -0.0284690856933594 0.5740966796875 -0.09442138671875
0.000631332397460936 0.0203151702880859 0.71905517578125 0.155517578125
-0.05377197265625 0.0735015869140625 0.6016845703125 0.4805908203125
-0.0699195861816406 0.0478591918945312 0.3594970703125 0.6334228515625
-0.0147495269775391 0.0281696319580078 0.12744140625 0.427764892578125
0.0269718170166016 -0.0109405517578125 0.123939514160156 -0.0417709350585937
0.0227260589599609 0.003021240234375 0.083587646484375 -0.53057861328125
-0.0189609527587891 0.0150718688964844 -0.22650146484375 -0.74932861328125
-0.0442237854003906 0.0339698791503906 -0.62255859375 -0.5211181640625
-0.0321044921875 0.0112495422363281 -0.71539306640625 -0.14154052734375
0.0278339385986328 -0.0180873870849609 -0.57366943359375 0.0555419921875
0.09033203125 -0.0353775024414063 -0.278488159179688 0.150787353515625
0.13818359375 -0.0574722290039063 0.0188045501708984 0.0206222534179688
-0.0300559997558594 0.0271930694580078 0.125617980957031 -0.00403594970703125
-0.0283737182617188 0.0705718994140625 0.373321533203125 -0.096221923828125
0.0104827880859375 0.085723876953125 0.570068359375 0.00933837890625001
0.0390281677246094 0.0442352294921875 0.69384765625 0.2677001953125
0.0165882110595703 -0.0284347534179687 0.512359619140625 0.558624267578125
-0.00322723388671876 -0.12420654296875 0.2557373046875 0.6591796875
0.0208282470703125 -0.154754638671875 0.071258544921875 0.38970947265625
0.048980712890625 -0.174850463867187 0.1005859375 -0.0975265502929688
0.0338287353515625 -0.153335571289063 -0.011260986328125 -0.547149658203125
0.025970458984375 -0.134880065917969 -0.34228515625 -0.6995849609375
0.0117111206054688 -0.072113037109375 -0.6932373046875 -0.3951416015625
0.00836992263793945 0.00784826278686523 -0.6986083984375 -0.01611328125
-0.0142059326171875 0.068878173828125 -0.544097900390625 0.164459228515625
-0.0403175354003906 0.0527000427246094 -0.270233154296875 0.215164184570312
-0.0321712493896484 0.000968933105468753 -0.006500244140625 0.0515861511230469
-0.0179729461669922 0.0185451507568359 0.108245849609375 -0.00222015380859375
-0.0199661254882813 0.0603675842285156 0.370025634765625 -0.10784912109375
0.0113449096679688 0.085906982421875 0.561431884765625 -0.00839233398437499
0.039459228515625 0.0559730529785156 0.68341064453125 0.26202392578125
0.0189361572265625 -0.0138130187988281 0.50726318359375 0.57196044921875
-0.004669189453125 -0.113571166992188 0.260986328125 0.689453125
0.0163726806640625 -0.146469116210938 0.075897216796875 0.429931640625
0.0410614013671875 -0.168838500976563 0.104904174804688 -0.061279296875
0.025604248046875 -0.146286010742188 0.000213623046875048 -0.51739501953125
0.01513671875 -0.128028869628906 -0.33526611328125 -0.6807861328125
0.00252914428710938 -0.0699195861816406 -0.69921875 -0.3848876953125
0.00858592987060547 -0.000442028045654297 -0.715576171875 -0.0116577148437501
0.00222015380859375 0.0585899353027344 -0.562042236328125 0.160552978515625
-0.0194358825683594 0.0488471984863281 -0.285675048828125 0.213043212890625
-0.0183925628662109 -0.00592994689941407 -0.0260810852050781 0.048736572265625
0.00709962844848633 0.00631427764892578 0.09625244140625 -0.00696563720703125
0.000568389892578128 0.0446624755859375 0.37249755859375 -0.127166748046875
0.0198745727539063 0.0744552612304688 0.554168701171875 -0.0380859375
0.0364227294921875 0.0592308044433594 0.66790771484375 0.2413330078125
0.0113506317138672 0.00401878356933594 0.505126953125 0.5689697265625
-0.0138931274414063 -0.0906753540039062 0.2646484375 0.70819091796875
0.00720977783203125 -0.125213623046875 0.08282470703125 0.461883544921875
0.0354156494140625 -0.149978637695313 0.111953735351563 -0.0279922485351563
0.0209503173828125 -0.128250122070313 0.01959228515625 -0.49578857421875
0.004180908203125 -0.110610961914063 -0.31884765625 -0.6707763671875
-0.00659942626953125 -0.0588874816894531 -0.693359375 -0.3887939453125
0.00490999221801758 -0.00359487533569336 -0.72833251953125 -0.0194091796874999
0.0136604309082031 0.0438804626464844 -0.5794677734375 0.15008544921875
0.00427627563476562 0.036773681640625 -0.296630859375 0.210174560546875
0.00631904602050781 -0.0173654556274414 -0.0369491577148438 0.0437583923339844
0.0388984680175781 -0.00166702270507812 0.091156005859375 -0.0162811279296875
0.0351047515869141 0.027496337890625 0.376373291015625 -0.14483642578125
0.0370903015136719 0.0502738952636719 0.551513671875 -0.06951904296875
0.033721923828125 0.0515251159667969 0.65924072265625 0.21099853515625
-0.00324058532714844 0.0200901031494141 0.510833740234375 0.555206298828125
-0.0308303833007813 -0.061553955078125 0.280517578125 0.712646484375
-0.00293731689453125 -0.0933990478515625 0.0932312011718751 0.483184814453125
0.0282440185546875 -0.121688842773437 0.116416931152344 -0.00421142578125001
0.0192413330078125 -0.101364135742187 0.040252685546875 -0.480865478515625
-0.0020294189453125 -0.0828323364257813 -0.29443359375 -0.67034912109375
-0.0144805908203125 -0.0381660461425781 -0.67889404296875 -0.4034423828125
-0.000355064868927002 -0.000342816114425659 -0.7322998046875 -0.0337524414062499
0.0217628479003906 0.02923583984375 -0.58782958984375 0.1334228515625
0.0264225006103516 0.0197734832763672 -0.303558349609375 0.20098876953125
0.0354728698730469 -0.031951904296875 -0.0414505004882813 0.0391960144042969
0.0745468139648438 -0.00971221923828125 0.092742919921875 -0.0287551879882813
0.0726394653320313 0.0111007690429688 0.377593994140625 -0.163360595703125
0.0577011108398438 0.0228462219238281 0.55120849609375 -0.095367431640625
0.0296096801757813 0.0378036499023438 0.66357421875 0.1837158203125
-0.0197105407714844 0.0339946746826172 0.5257568359375 0.537841796875
-0.0487823486328125 -0.0295829772949219 0.30023193359375 0.70501708984375
-0.0127220153808594 -0.0540313720703125 0.103729248046875 0.489898681640625
0.0243759155273438 -0.0884933471679688 0.121925354003906 0.00733184814453124
0.019622802734375 -0.0717086791992188 0.058319091796875 -0.47650146484375
-0.00651168823242188 -0.0528297424316406 -0.2701416015625 -0.67950439453125
-0.0197982788085938 -0.0132560729980469 -0.663818359375 -0.4278564453125
-0.00586652755737305 0.00612354278564453 -0.73358154296875 -0.0605468750000001
0.0255546569824219 0.0170688629150391 -0.59332275390625 0.11505126953125
0.0471954345703125 0.00223541259765625 -0.3062744140625 0.1885986328125
0.0667381286621094 -0.0461654663085938 -0.0353317260742187 0.0311431884765625
0.104019165039063 -0.0169906616210938 0.10052490234375 -0.0421524047851563
0.103294372558594 -0.00534820556640625 0.374908447265625 -0.176605224609375
0.0714340209960938 -0.00443267822265625 0.548553466796875 -0.107452392578125
0.0231494903564453 0.0234050750732422 0.671142578125 0.16375732421875
-0.0350189208984375 0.048431396484375 0.549224853515625 0.514495849609375
-0.063995361328125 0.00285720825195312 0.32476806640625 0.6859130859375
-0.0197525024414062 -0.0170040130615234 0.11676025390625 0.479583740234375
0.021270751953125 -0.0552444458007813 0.124282836914063 0.00342559814453125
0.0212593078613281 -0.0408744812011719 0.070953369140625 -0.482208251953125
-0.0106315612792969 -0.0233917236328125 -0.25262451171875 -0.6942138671875
-0.0269222259521484 0.00911521911621094 -0.6468505859375 -0.457275390625
-0.0137033462524414 0.0116357803344727 -0.72967529296875 -0.0888061523437501
0.0268974304199219 0.0050048828125 -0.59136962890625 0.091064453125
0.0639991760253906 -0.0145988464355469 -0.30120849609375 0.172515869140625
0.0966415405273438 -0.0568923950195313 -0.0235843658447265 0.0245990753173828
0.122032165527344 -0.0246963500976563 0.11346435546875 -0.052520751953125
0.116600036621094 -0.0210800170898438 0.369903564453125 -0.18310546875
0.071807861328125 -0.0222930908203125 0.5535888671875 -0.10809326171875
0.0121641159057617 0.0166215896606445 0.6904296875 0.150390625
-0.0479240417480469 0.0607223510742188 0.57501220703125 0.4937744140625
-0.0703964233398438 0.029998779296875 0.34686279296875 0.6588134765625
-0.0195446014404297 0.0116081237792969 0.1285400390625 0.4560546875
0.0230255126953125 -0.0282440185546875 0.124580383300781 -0.0146484375
0.023284912109375 -0.0149707794189453 0.07757568359375 -0.500152587890625
-0.0140495300292969 5.81741333007791E-05 -0.23876953125 -0.71624755859375
-0.0349674224853516 0.026824951171875 -0.63275146484375 -0.4854736328125
-0.0220203399658203 0.0154399871826172 -0.721923828125 -0.11572265625
0.0278072357177734 -0.00702667236328125 -0.58453369140625 0.0714111328125001
0.0787277221679688 -0.026885986328125 -0.289642333984375 0.15985107421875
0.119804382324219 -0.0619888305664063 -0.00509643554687499 0.0194206237792969
0.127647399902344 -0.0306854248046875 0.128089904785156 -0.0606155395507812
0.112640380859375 -0.0290451049804688 0.369659423828125 -0.18072509765625
0.0613975524902344 -0.02850341796875 0.56683349609375 -0.1014404296875
0.00096702575683594 0.0200271606445313 0.71441650390625 0.1444091796875
-0.0522308349609375 0.0719833374023438 0.59942626953125 0.47161865234375
-0.0687904357910156 0.0456314086914062 0.3614501953125 0.6217041015625
-0.0144786834716797 0.0272369384765625 0.131134033203125 0.422943115234375
0.0262660980224609 -0.0103054046630859 0.122955322265625 -0.0421371459960938
0.0233898162841797 0.00226402282714844 0.07830810546875 -0.524627685546875
-0.0190467834472656 0.0153541564941406 -0.22991943359375 -0.73980712890625
-0.0434150695800781 0.0341072082519531 -0.6209716796875 -0.50927734375
-0.0314960479736328 0.00973320007324219 -0.71002197265625 -0.1348876953125
0.0277462005615234 -0.0185565948486328 -0.5675048828125 0.0607299804687501
0.0891952514648438 -0.035888671875 -0.273834228515625 0.150558471679687
0.135536193847656 -0.057830810546875 0.0181846618652344 0.0196475982666016
-0.0293941497802734 0.0274276733398438 0.123802185058594 -0.0059814453125
-0.0272903442382813 0.0705337524414063 0.36932373046875 -0.0980224609375
0.0112838745117188 0.0842208862304688 0.5655517578125 0.0032958984375
0.0396461486816406 0.0440292358398438 0.69085693359375 0.259765625
0.0178165435791016 -0.0283927917480469 0.51220703125 0.547760009765625
-0.00384521484374999 -0.1229248046875 0.25823974609375 0.65081787109375
0.0192413330078125 -0.153839111328125 0.07232666015625 0.3848876953125
0.0475616455078125 -0.174468994140625 0.0992507934570313 -0.0979232788085938
0.0318145751953125 -0.152008056640625 -0.015106201171875 -0.542938232421875
0.0241470336914063 -0.134803771972656 -0.34393310546875 -0.69134521484375
0.0102691650390625 -0.0724411010742188 -0.69189453125 -0.384765625
0.00924873352050781 0.00698566436767578 -0.6907958984375 -0.0106811523437501
-0.0134201049804687 0.070465087890625 -0.536865234375 0.166961669921875
-0.0387039184570312 0.0526275634765625 -0.266204833984375 0.2149658203125
-0.0317268371582031 0.00190162658691406 -0.0061187744140625 0.0522537231445313
-0.0158443450927734 0.017155647277832 0.107711791992187 -0.0042266845703125
-0.0195655822753906 0.0593757629394531 0.36810302734375 -0.111419677734375
0.0124282836914063 0.0856704711914062 0.556365966796875 -0.014007568359375
0.0399208068847656 0.055084228515625 0.67852783203125 0.25244140625
0.0191593170166016 -0.0142745971679688 0.509307861328125 0.56072998046875
-0.00471496582031251 -0.113395690917969 0.26214599609375 0.6810302734375
0.0146026611328125 -0.1453857421875 0.07769775390625 0.42486572265625
0.0396728515625 -0.166824340820313 0.103805541992188 -0.0615310668945313
0.0247344970703125 -0.144256591796875 -0.00241088867187502 -0.5123291015625
0.0135116577148437 -0.127662658691406 -0.33685302734375 -0.67230224609375
0.00185012817382812 -0.0699234008789063 -0.6962890625 -0.37518310546875
0.00938606262207031 -0.00100517272949219 -0.70977783203125 -0.0054931640625001
0.00322341918945312 0.0580329895019531 -0.556121826171875 0.16339111328125
-0.0194587707519531 0.0486907958984375 -0.281280517578125 0.213165283203125
-0.0189456939697266 -0.00579261779785156 -0.0251617431640625 0.0476264953613281
0.00786828994750977 0.00617790222167969 0.0961837768554688 -0.00957489013671875
0.00201416015625 0.0441703796386719 0.36822509765625 -0.12945556640625
0.0214004516601562 0.0740280151367188 0.547332763671875 -0.042877197265625
0.0363960266113281 0.0584526062011719 0.6641845703125 0.2314453125
0.0112924575805664 0.00402927398681641 0.504791259765625 0.558135986328125
-0.0148849487304687 -0.0907440185546875 0.26806640625 0.6983642578125
0.00585937499999999 -0.124549865722656 0.084564208984375 0.456817626953125
0.0323333740234375 -0.149368286132813 0.110450744628906 -0.0295181274414063
0.01934814453125 -0.127189636230469 0.015838623046875 -0.490753173828125
0.00273895263671875 -0.109077453613281 -0.32183837890625 -0.661865234375
-0.006988525390625 -0.0576705932617188 -0.6900634765625 -0.3778076171875
0.00529050827026367 -0.00334024429321289 -0.72027587890625 -0.01263427734375
0.01519775390625 0.0429000854492188 -0.57220458984375 0.15283203125
0.00551605224609375 0.0358619689941406 -0.29229736328125 0.21075439453125
0.00558280944824219 -0.0178985595703125 -0.0374679565429687 0.0443916320800781
0.0391387939453125 -0.00270843505859375 0.08880615234375 -0.0173797607421875
0.0342922210693359 0.0273780822753906 0.3729248046875 -0.14813232421875
0.037261962890625 0.0502662658691406 0.54547119140625 -0.074951171875
0.0329627990722656 0.0524406433105469 0.656005859375 0.201904296875
-0.00161361694335938 0.0212650299072266 0.51055908203125 0.546234130859375
-0.0312004089355469 -0.0618362426757813 0.28118896484375 0.70294189453125
-0.00398254394531249 -0.092071533203125 0.0940551757812501 0.477386474609375
0.0272369384765625 -0.121635437011719 0.11688232421875 -0.00540161132812501
0.0191497802734375 -0.100601196289062 0.036102294921875 -0.475830078125
-0.003814697265625 -0.0819091796875 -0.29730224609375 -0.66156005859375
-0.0144424438476562 -0.0364990234375 -0.674560546875 -0.393798828125
0.000506520271301269 -0.00115501880645752 -0.7257080078125 -0.0286254882812502
0.0231704711914063 0.0294170379638672 -0.581787109375 0.1380615234375
0.0267200469970703 0.0198268890380859 -0.299652099609375 0.2017822265625
0.0355300903320313 -0.0324554443359375 -0.0399208068847656 0.0374755859375
0.074127197265625 -0.0108108520507813 0.0915603637695313 -0.0298233032226562
0.0723114013671875 0.0109024047851563 0.373687744140625 -0.165679931640625
0.0570602416992188 0.0212516784667969 0.5450439453125 -0.100433349609375
0.0293312072753906 0.0371818542480469 0.6585693359375 0.17413330078125
-0.0197200775146484 0.0330657958984375 0.524658203125 0.5260009765625
-0.0492897033691406 -0.0300407409667969 0.30328369140625 0.6971435546875
-0.0142898559570312 -0.0543060302734375 0.10797119140625 0.484619140625
0.023284912109375 -0.088134765625 0.120895385742187 0.00716400146484374
0.018402099609375 -0.0705413818359375 0.05413818359375 -0.47125244140625
-0.00626373291015625 -0.0524177551269531 -0.2730712890625 -0.66949462890625
-0.0206718444824219 -0.0132522583007813 -0.6611328125 -0.4188232421875
-0.00654840469360352 0.00639629364013672 -0.72698974609375 -0.0545654296875
0.0255622863769531 0.0166835784912109 -0.5875244140625 0.1170654296875
0.0466690063476563 0.00178146362304688 -0.301910400390625 0.188140869140625
0.0658531188964844 -0.047637939453125 -0.0355567932128906 0.0307655334472656
0.102005004882813 -0.0179672241210938 0.100357055664063 -0.0423660278320313
0.102302551269531 -0.00611114501953125 0.3709716796875 -0.179656982421875
0.0705337524414063 -0.00476837158203125 0.54229736328125 -0.112060546875
0.0228118896484375 0.0236797332763672 0.666748046875 0.15399169921875
-0.0355949401855469 0.0456733703613281 0.548431396484375 0.504180908203125
-0.06365966796875 0.00296783447265626 0.32611083984375 0.6771240234375
-0.0196704864501953 -0.0168304443359375 0.119964599609375 0.4735107421875
0.0220565795898438 -0.054840087890625 0.123863220214844 0.00194549560546875
0.020355224609375 -0.0411109924316406 0.06707763671875 -0.478271484375
-0.0100994110107422 -0.0232734680175781 -0.25347900390625 -0.683837890625
-0.0265140533447266 0.0105609893798828 -0.64312744140625 -0.44598388671875
-0.0132923126220703 0.0133247375488281 -0.72320556640625 -0.0816040039062498
0.0277290344238281 0.004302978515625 -0.5848388671875 0.09619140625
0.0637741088867188 -0.0161209106445313 -0.2962646484375 0.17254638671875
0.0939865112304687 -0.0579833984375 -0.0245208740234375 0.0240612030029297
0.120063781738281 -0.0264663696289063 0.111946105957031 -0.0536956787109375
0.116180419921875 -0.0206146240234375 0.36578369140625 -0.18408203125
0.07208251953125 -0.023040771484375 0.54693603515625 -0.11273193359375
0.011652946472168 0.017298698425293 0.68609619140625 0.14349365234375
-0.0474891662597656 0.0595283508300781 0.57427978515625 0.48358154296875
-0.0693626403808594 0.0296287536621094 0.35052490234375 0.6475830078125
-0.0204944610595703 0.0122756958007813 0.129364013671875 0.45068359375
0.0229415893554688 -0.0285453796386719 0.123275756835938 -0.0138702392578125
0.021728515625 -0.015106201171875 0.072998046875 -0.496429443359375
-0.0142107009887695 0.000705718994140626 -0.24188232421875 -0.70684814453125
-0.0343494415283203 0.0270004272460937 -0.63287353515625 -0.4749755859375
-0.0215721130371094 0.0141315460205078 -0.71673583984375 -0.10833740234375
0.0283241271972656 -0.00798606872558594 -0.5787353515625 0.0746459960937499
0.077850341796875 -0.0275802612304688 -0.286224365234375 0.15997314453125
0.119949340820313 -0.0632476806640625 -0.00513458251953124 0.0184726715087891
0.125274658203125 -0.0321807861328125 0.126785278320313 -0.0620269775390625
0.112197875976563 -0.0301361083984375 0.3653564453125 -0.1822509765625
0.0613784790039062 -0.02899169921875 0.561492919921875 -0.107086181640625
0.000787734985351561 0.0192737579345703 0.70989990234375 0.13525390625
-0.0512466430664063 0.0719680786132813 0.59930419921875 0.45965576171875
-0.0676994323730469 0.0461769104003906 0.36346435546875 0.613037109375
-0.0140762329101563 0.0281772613525391 0.1328125 0.418487548828125
0.0257110595703125 -0.0115108489990234 0.121734619140625 -0.0429534912109375
0.0229911804199219 0.00227546691894531 0.073486328125 -0.5216064453125
-0.0177402496337891 0.0148372650146484 -0.23272705078125 -0.73040771484375
-0.0434494018554688 0.0349655151367188 -0.619384765625 -0.49896240234375
-0.0314445495605469 0.00965690612792969 -0.705322265625 -0.12872314453125
0.0289802551269531 -0.0205898284912109 -0.56207275390625 0.065673828125
0.0887451171875 -0.037017822265625 -0.270492553710937 0.151214599609375
0.134284973144531 -0.0589599609375 0.0185565948486328 0.0188484191894531
-0.0289382934570312 0.0276374816894531 0.124061584472656 -0.007415771484375
-0.0268096923828125 0.0712661743164063 0.365509033203125 -0.10101318359375
0.0115814208984375 0.0844573974609375 0.56103515625 -0.000976562499999995
0.0395545959472656 0.044097900390625 0.6876220703125 0.25152587890625
0.0167045593261719 -0.0278244018554688 0.513427734375 0.53839111328125
-0.00555419921875 -0.121345520019531 0.26177978515625 0.6439208984375
0.016082763671875 -0.15240478515625 0.073455810546875 0.380645751953125
0.04498291015625 -0.17279052734375 0.0978317260742187 -0.0971908569335938
0.0298309326171875 -0.150680541992188 -0.019989013671875 -0.538421630859375
0.0225296020507813 -0.133995056152344 -0.347412109375 -0.68292236328125
0.010955810546875 -0.0712661743164063 -0.6893310546875 -0.37677001953125
0.010249137878418 0.00792789459228516 -0.686767578125 -0.00506591796874992
-0.0118484497070312 0.0694503784179688 -0.532806396484375 0.16912841796875
-0.0396957397460938 0.0541534423828125 -0.262954711914062 0.215042114257813
-0.0320377349853516 0.00189399719238282 -0.00556564331054687 0.051422119140625
-0.0173368453979492 0.0164852142333984 0.107574462890625 -0.00609588623046875
-0.019378662109375 0.0601882934570313 0.36370849609375 -0.113372802734375
0.012664794921875 0.0843734741210938 0.551025390625 -0.018585205078125
0.0392684936523437 0.0555953979492188 0.6746826171875 0.24468994140625
0.0191669464111328 -0.0143489837646484 0.506591796875 0.5499267578125
-0.00708770751953126 -0.11114501953125 0.26422119140625 0.67388916015625
0.0134735107421875 -0.144744873046875 0.0797119140625 0.42205810546875
0.03753662109375 -0.165481567382813 0.101593017578125 -0.0614013671875
0.0236663818359375 -0.1446533203125 -0.00527954101562502 -0.50732421875
0.012298583984375 -0.127799987792969 -0.339599609375 -0.6640625
0.000740051269531243 -0.0706405639648438 -0.693115234375 -0.3673095703125
0.0095062255859375 -0.00191783905029297 -0.70294189453125 -0.00164794921874993
0.00437545776367187 0.0573539733886719 -0.550811767578125 0.16455078125
-0.0170249938964844 0.0478401184082031 -0.276596069335938 0.2132568359375
-0.0178146362304688 -0.00676155090332031 -0.025543212890625 0.04833984375
0.0070643424987793 0.00431394577026367 0.0966262817382813 -0.0104293823242188
0.00227737426757812 0.0443458557128906 0.365509033203125 -0.132232666015625
0.0206527709960938 0.0724334716796875 0.54376220703125 -0.046875
0.0355415344238281 0.0581321716308594 0.661376953125 0.22259521484375
0.0120382308959961 0.00381660461425781 0.50506591796875 0.550384521484375
-0.0172195434570312 -0.0899276733398438 0.2691650390625 0.6915283203125
0.00556182861328124 -0.122825622558594 0.0872802734375 0.4530029296875
0.0301971435546875 -0.148162841796875 0.107749938964844 -0.0296707153320313
0.01812744140625 -0.126014709472656 0.01287841796875 -0.48699951171875
0.00183868408203126 -0.109580993652344 -0.32177734375 -0.6533203125
-0.00640487670898437 -0.0567550659179688 -0.6875 -0.37060546875
0.00603580474853516 -0.00424289703369141 -0.71356201171875 -0.00830078125000015
0.0149154663085938 0.0425834655761719 -0.566162109375 0.15679931640625
0.0056610107421875 0.0359153747558594 -0.28802490234375 0.2098388671875
0.00564002990722656 -0.0184783935546875 -0.0372505187988281 0.043670654296875
0.038665771484375 -0.00479888916015625 0.0898971557617188 -0.0192337036132813
0.0347175598144531 0.0261096954345703 0.36834716796875 -0.150787353515625
0.0378036499023438 0.0491409301757812 0.53961181640625 -0.0811767578125
0.0323982238769531 0.0513343811035156 0.653076171875 0.19451904296875
-0.00164604187011719 0.020233154296875 0.51025390625 0.53619384765625
-0.03173828125 -0.06170654296875 0.28369140625 0.695556640625
-0.00600433349609375 -0.0915298461914062 0.09564208984375 0.47381591796875
0.0252761840820312 -0.119888305664063 0.114280700683594 -0.00573730468750001
0.0182342529296875 -0.0994186401367188 0.03448486328125 -0.4708251953125
-0.00363159179687499 -0.0816574096679688 -0.29779052734375 -0.65362548828125
-0.0144195556640625 -0.0361671447753906 -0.6729736328125 -0.3836669921875
0.0011749267578125 -0.000437140464782715 -0.7200927734375 -0.0254516601562501
0.0231037139892578 0.0284595489501953 -0.5767822265625 0.139404296875
0.0279998779296875 0.0178871154785156 -0.29522705078125 0.200164794921875
0.0346279144287109 -0.0338573455810547 -0.0401840209960937 0.0383262634277344
0.0728073120117188 -0.0125885009765625 0.0917434692382813 -0.0315780639648438
0.0724258422851563 0.0100555419921875 0.370269775390625 -0.16748046875
0.0573997497558594 0.022369384765625 0.541259765625 -0.105804443359375
0.0300636291503906 0.0357513427734375 0.65496826171875 0.1656494140625
-0.0195159912109375 0.0330791473388672 0.525390625 0.517242431640625
-0.0488510131835938 -0.0285263061523438 0.303466796875 0.68829345703125
-0.0155143737792969 -0.0532722473144531 0.10833740234375 0.479644775390625
0.0213623046875 -0.0871963500976563 0.119941711425781 0.00616455078124999
0.0183753967285156 -0.0699081420898438 0.051788330078125 -0.46783447265625
-0.00720977783203125 -0.0517349243164063 -0.27496337890625 -0.66265869140625
-0.0206832885742188 -0.0123805999755859 -0.657958984375 -0.41058349609375
-0.00567340850830078 0.00470352172851562 -0.72332763671875 -0.0490112304687502
0.0269298553466797 0.0159339904785156 -0.58294677734375 0.12176513671875
0.0466804504394531 0.00108718872070313 -0.298858642578125 0.188568115234375
0.0654067993164063 -0.0488052368164063 -0.0374259948730469 0.0299301147460937
0.101234436035156 -0.019683837890625 0.099517822265625 -0.0427932739257813
0.102066040039063 -0.00766754150390625 0.365997314453125 -0.180572509765625
0.0707855224609375 -0.00554656982421875 0.53704833984375 -0.118408203125
0.0216903686523438 0.0225677490234375 0.66156005859375 0.14666748046875
-0.0343246459960938 0.0469627380371094 0.546722412109375 0.49481201171875
-0.0626335144042969 0.00289916992187499 0.32830810546875 0.66815185546875
-0.0192089080810547 -0.0172100067138672 0.12152099609375 0.470001220703125
0.0214309692382812 -0.05511474609375 0.122291564941406 0.00218963623046875
0.0197067260742188 -0.0412445068359375 0.064727783203125 -0.47332763671875
-0.0114841461181641 -0.0233135223388672 -0.25579833984375 -0.67919921875
-0.0260677337646484 0.0106925964355469 -0.64202880859375 -0.4383544921875
-0.0120677947998047 0.0112934112548828 -0.7193603515625 -0.0764160156249999
0.0275344848632813 0.00359916687011719 -0.5784912109375 0.0987548828124999
0.0635948181152344 -0.0155181884765625 -0.294464111328125 0.172607421875
0.0944671630859375 -0.0591964721679688 -0.0252399444580078 0.0242652893066406
0.119697570800781 -0.027587890625 0.110977172851563 -0.0548782348632813
0.115280151367188 -0.0227508544921875 0.361572265625 -0.1865234375
0.0708694458007813 -0.0244293212890625 0.54119873046875 -0.117095947265625
0.011749267578125 0.0171594619750977 0.6815185546875 0.1346435546875
-0.0461082458496094 0.060333251953125 0.573486328125 0.473876953125
-0.0706100463867188 0.0298919677734375 0.3507080078125 0.6405029296875
-0.0192756652832031 0.0112571716308594 0.131683349609375 0.4473876953125
0.0220794677734375 -0.0277671813964844 0.122352600097656 -0.0145645141601563
0.0218830108642578 -0.0160713195800781 0.07000732421875 -0.493133544921875
-0.0142498016357422 0.00089740753173828 -0.24169921875 -0.69708251953125
-0.03466796875 0.0272102355957031 -0.62890625 -0.46685791015625
-0.0212535858154297 0.0136470794677734 -0.7117919921875 -0.10247802734375
0.0288982391357422 -0.00719261169433594 -0.57275390625 0.0797729492187501
0.0774612426757813 -0.0295639038085938 -0.2823486328125 0.16119384765625
0.117073059082031 -0.0634231567382813 -0.00550270080566405 0.0177803039550781
0.124031066894531 -0.0332489013671875 0.125717163085938 -0.063507080078125
0.112869262695313 -0.0317153930664062 0.360198974609375 -0.186004638671875
0.0612373352050781 -0.0293159484863281 0.554901123046875 -0.1112060546875
0.000560760498046875 0.0196590423583984 0.7049560546875 0.1280517578125
-0.0512466430664062 0.0705413818359375 0.59735107421875 0.45068359375
-0.067840576171875 0.0466842651367187 0.36529541015625 0.60662841796875
-0.0137825012207031 0.026885986328125 0.132781982421875 0.414093017578125
0.0252628326416016 -0.0116214752197266 0.119781494140625 -0.0420761108398438
0.0232715606689453 0.00211334228515625 0.07061767578125 -0.51690673828125
-0.0180435180664063 0.014892578125 -0.23748779296875 -0.72381591796875
-0.0421485900878906 0.0342826843261719 -0.61749267578125 -0.48956298828125
-0.0307350158691406 0.0100631713867188 -0.70123291015625 -0.1217041015625
0.0289154052734375 -0.0193214416503906 -0.557281494140625 0.068511962890625
0.0882110595703125 -0.0385360717773438 -0.266983032226563 0.151229858398438
0.132843017578125 -0.060333251953125 0.0169162750244141 0.0187091827392578
-0.0279674530029297 0.0256881713867188 0.124137878417969 -0.008758544921875
-0.0259628295898437 0.07000732421875 0.36474609375 -0.102783203125
0.0124969482421875 0.0837326049804688 0.55712890625 -0.00390624999999999
0.0385551452636719 0.0428581237792969 0.684326171875 0.2451171875
0.0169162750244141 -0.028717041015625 0.5126953125 0.532379150390625
-0.0063934326171875 -0.120796203613281 0.26025390625 0.63861083984375
0.0146942138671875 -0.151535034179688 0.075531005859375 0.37933349609375
0.0437164306640625 -0.173049926757813 0.0952529907226563 -0.0990066528320313
0.029876708984375 -0.149368286132813 -0.021331787109375 -0.5330810546875
0.0223388671875 -0.132957458496094 -0.34796142578125 -0.675537109375
0.00914764404296875 -0.0717926025390625 -0.6859130859375 -0.368408203125
0.0111083984375 0.00617027282714844 -0.68170166015625 -0.00128173828124988
-0.010101318359375 0.0698738098144531 -0.526580810546875 0.171661376953125
-0.0378074645996094 0.052581787109375 -0.261123657226562 0.214324951171875
-0.0322856903076172 0.000272750854492186 -0.00634002685546876 0.0512237548828125
-0.0161886215209961 0.0153579711914063 0.106918334960938 -0.007537841796875
-0.0190849304199219 0.0601806640625 0.361175537109375 -0.11669921875
0.012542724609375 0.0842437744140625 0.547760009765625 -0.022491455078125
0.0391769409179688 0.0546875 0.6712646484375 0.236572265625
0.0180721282958984 -0.0144119262695313 0.50775146484375 0.544921875
-0.00733184814453124 -0.11041259765625 0.2666015625 0.66619873046875
0.011505126953125 -0.143646240234375 0.080902099609375 0.41827392578125
0.0362701416015625 -0.166091918945312 0.0988693237304688 -0.0618896484375
0.0222625732421875 -0.142868041992188 -0.00729370117187503 -0.503997802734375
0.0111312866210937 -0.12646484375 -0.33984375 -0.65728759765625
0.00110626220703124 -0.06939697265625 -0.69085693359375 -0.3592529296875
0.00920391082763672 -0.00264549255371094 -0.69873046875 0.00354003906249996
0.00464630126953125 0.0582504272460937 -0.54559326171875 0.1676025390625
-0.0174674987792969 0.0474319458007813 -0.273651123046875 0.212081909179688
-0.0189476013183594 -0.00618171691894531 -0.0242385864257812 0.0468673706054688
0.00818824768066406 0.00453662872314453 0.0953216552734375 -0.0123519897460938
0.00266265869140625 0.0434074401855469 0.361846923828125 -0.13311767578125
0.0211868286132812 0.0718994140625 0.5391845703125 -0.050811767578125
0.0360527038574219 0.0571784973144531 0.6578369140625 0.21636962890625
0.0110034942626953 0.00427532196044922 0.505035400390625 0.541351318359375
-0.0170059204101563 -0.0894393920898438 0.27056884765625 0.6839599609375
0.00437164306640625 -0.122604370117188 0.0880126953125 0.448944091796875
0.0310211181640625 -0.14752197265625 0.107711791992188 -0.0303115844726563
0.0188751220703125 -0.124771118164063 0.013031005859375 -0.481536865234375
0.00134277343750001 -0.107452392578125 -0.323486328125 -0.64599609375
-0.00825881958007813 -0.0564117431640625 -0.68414306640625 -0.3636474609375
0.00628566741943359 -0.00475549697875977 -0.7098388671875 -0.00347900390625012
0.0165252685546875 0.0429306030273438 -0.56048583984375 0.15771484375
0.005767822265625 0.03558349609375 -0.285614013671875 0.20977783203125
0.00531482696533203 -0.017399787902832 -0.0372886657714844 0.042877197265625
0.0385093688964844 -0.0050506591796875 0.0901031494140625 -0.0200729370117188
0.0341320037841797 0.0264835357666016 0.365264892578125 -0.152191162109375
0.0372161865234375 0.0491447448730469 0.536041259765625 -0.084686279296875
0.0341224670410156 0.0508537292480469 0.64813232421875 0.18792724609375
-0.00148773193359375 0.0191917419433594 0.50946044921875 0.528228759765625
-0.0314254760742188 -0.0607795715332031 0.28558349609375 0.68963623046875
-0.00626373291015625 -0.0901641845703125 0.098480224609375 0.47100830078125
0.024871826171875 -0.119155883789062 0.113288879394531 -0.00518798828125001
0.017181396484375 -0.09906005859375 0.0318603515625 -0.467437744140625
-0.00390624999999999 -0.0810699462890625 -0.29949951171875 -0.64739990234375
-0.0139236450195312 -0.0358467102050781 -0.66986083984375 -0.3778076171875
0.00196647644042969 -0.00104606151580811 -0.71502685546875 -0.0184326171875
0.0245914459228516 0.0279407501220703 -0.5714111328125 0.1422119140625
0.0281257629394531 0.0182952880859375 -0.292755126953125 0.201080322265625
0.0342464447021484 -0.0330219268798828 -0.0405044555664063 0.0371742248535156
0.072113037109375 -0.0125274658203125 0.0917739868164063 -0.0319061279296875
0.0716705322265625 0.008270263671875 0.367034912109375 -0.17047119140625
0.0574569702148438 0.0213623046875 0.534912109375 -0.109375
0.0296478271484375 0.0371360778808594 0.65106201171875 0.1588134765625
-0.0175666809082031 0.0337810516357422 0.5240478515625 0.509063720703125
-0.0503120422363281 -0.0277862548828125 0.3060302734375 0.68255615234375
-0.0159072875976563 -0.05279541015625 0.111724853515625 0.47613525390625
0.0217056274414063 -0.0854263305664063 0.118377685546875 0.00498199462890625
0.0179595947265625 -0.0698471069335938 0.05023193359375 -0.46441650390625
-0.00788879394531251 -0.0508155822753906 -0.275634765625 -0.65576171875
-0.0206031799316406 -0.01190185546875 -0.65472412109375 -0.40264892578125
-0.00410604476928711 0.00474262237548828 -0.71771240234375 -0.0434570312500001
0.0276870727539063 0.0155467987060547 -0.57623291015625 0.12335205078125
0.047454833984375 0.000698089599609375 -0.29486083984375 0.188140869140625
0.0646896362304688 -0.0479660034179688 -0.0366325378417969 0.0290870666503906
0.100357055664063 -0.02056884765625 0.0983963012695312 -0.0446014404296875
0.101051330566406 -0.007843017578125 0.363189697265625 -0.18157958984375
0.0693893432617188 -0.00569534301757813 0.5323486328125 -0.121826171875
0.0228900909423828 0.0225868225097656 0.6575927734375 0.1375732421875
-0.0343132019042969 0.046173095703125 0.546295166015625 0.48724365234375
-0.0631027221679688 0.00444793701171875 0.32965087890625 0.66162109375
-0.019561767578125 -0.0170574188232422 0.122955322265625 0.465576171875
0.0200004577636719 -0.05389404296875 0.121528625488281 0.0027008056640625
0.0201263427734375 -0.0401687622070313 0.060943603515625 -0.469573974609375
-0.0114154815673828 -0.0223255157470703 -0.25677490234375 -0.669677734375
-0.0262298583984375 0.010467529296875 -0.6400146484375 -0.43011474609375
-0.0119686126708984 0.0107421875 -0.7142333984375 -0.0706787109375
0.0287494659423828 0.00299263000488281 -0.574951171875 0.10150146484375
0.0630645751953125 -0.0159416198730469 -0.291961669921875 0.173736572265625
0.0933456420898438 -0.0595932006835938 -0.0251140594482422 0.0230312347412109
0.118545532226563 -0.0290451049804688 0.110458374023438 -0.0554656982421875
0.1143798828125 -0.0234527587890625 0.358856201171875 -0.1878662109375
0.0704879760742188 -0.0249481201171875 0.536773681640625 -0.121917724609375
0.0115451812744141 0.0158767700195313 0.6766357421875 0.1278076171875
-0.0460090637207031 0.0593833923339844 0.57183837890625 0.4656982421875
-0.0688629150390625 0.0301513671875 0.35137939453125 0.6329345703125
-0.0193767547607422 0.0109081268310547 0.132080078125 0.4420166015625
0.0214366912841797 -0.0277805328369141 0.12158203125 -0.0143356323242188
0.0216045379638672 -0.014984130859375 0.06671142578125 -0.4892578125
-0.0139436721801758 0.0015106201171875 -0.24334716796875 -0.69122314453125
-0.0331344604492187 0.0276432037353516 -0.6268310546875 -0.45849609375
-0.0209026336669922 0.0136871337890625 -0.70867919921875 -0.0983276367187501
0.0293464660644531 -0.00878715515136719 -0.568603515625 0.0816650390625
0.0778884887695312 -0.0296630859375 -0.280654907226563 0.159255981445312
0.117073059082031 -0.0634078979492188 -0.00605201721191406 0.0184726715087891
0.122970581054688 -0.0331039428710938 0.123146057128906 -0.0640716552734375
0.112037658691406 -0.0331573486328125 0.357421875 -0.18597412109375
0.0600967407226563 -0.030731201171875 0.55029296875 -0.11541748046875
-1.71661376953125E-05 0.0202369689941406 0.70111083984375 0.119384765625
-0.0513534545898438 0.0712738037109375 0.59716796875 0.44281005859375
-0.0666313171386719 0.0459976196289063 0.365478515625 0.59881591796875
-0.0146160125732422 0.0277061462402344 0.13623046875 0.4107666015625
0.0249652862548828 -0.0106449127197266 0.119590759277344 -0.0414886474609375
0.0226955413818359 0.00196456909179688 0.066162109375 -0.514068603515625
-0.0181179046630859 0.0153465270996094 -0.2381591796875 -0.71612548828125
-0.0414543151855469 0.0355796813964844 -0.61456298828125 -0.4810791015625
-0.0295238494873047 0.00937843322753906 -0.69683837890625 -0.1182861328125
0.0289115905761719 -0.0212116241455078 -0.55389404296875 0.0708312988281251
0.088134765625 -0.037994384765625 -0.265518188476563 0.151657104492187
0.132545471191406 -0.0607528686523438 0.0160865783691406 0.0178184509277344
-0.028350830078125 0.0245208740234375 0.123291015625 -0.00911712646484375
-0.0251579284667969 0.068572998046875 0.36138916015625 -0.104339599609375
0.0117568969726563 0.083282470703125 0.55426025390625 -0.00726318359375
0.0389213562011719 0.0423049926757813 0.68084716796875 0.2393798828125
0.0181140899658203 -0.0277423858642578 0.513153076171875 0.527099609375
-0.00749969482421875 -0.120155334472656 0.26416015625 0.63177490234375
0.012420654296875 -0.150741577148438 0.0740966796875 0.3763427734375
0.0407257080078125 -0.171340942382813 0.0944290161132813 -0.0986785888671875
0.0298919677734375 -0.148696899414063 -0.0227661132812501 -0.528533935546875
0.020599365234375 -0.132743835449219 -0.346923828125 -0.669189453125
0.00933837890624999 -0.07159423828125 -0.68280029296875 -0.36322021484375
0.0115041732788086 0.00573348999023438 -0.677490234375 0.00384521484374999
-0.0086822509765625 0.0702590942382813 -0.522186279296875 0.1727294921875
-0.0367546081542969 0.0528450012207031 -0.257110595703125 0.214981079101563
-0.031829833984375 0.000392913818359376 -0.00591278076171875 0.0505599975585938
-0.0153961181640625 0.0142278671264648 0.107101440429688 -0.00876617431640625
-0.0188064575195312 0.0582809448242188 0.357330322265625 -0.117950439453125
0.0123138427734375 0.0835494995117188 0.5435791015625 -0.026397705078125
0.0391464233398438 0.0537757873535156 0.668701171875 0.23114013671875
0.0192432403564453 -0.0139331817626953 0.50726318359375 0.536529541015625
-0.00859832763671874 -0.110343933105469 0.26751708984375 0.66064453125
0.010467529296875 -0.142684936523438 0.081787109375 0.414276123046875
0.03375244140625 -0.16522216796875 0.098419189453125 -0.0627593994140625
0.0218963623046875 -0.142120361328125 -0.00921630859375004 -0.4993896484375
0.0112838745117188 -0.125190734863281 -0.34051513671875 -0.6513671875
9.53674316406187E-05 -0.0687179565429688 -0.68621826171875 -0.35211181640625
0.0111064910888672 -0.00269985198974609 -0.69476318359375 0.0064697265624999
0.00629806518554687 0.0580291748046875 -0.541473388671875 0.1685791015625
-0.0172309875488281 0.0477981567382813 -0.271881103515625 0.2138671875
-0.0184726715087891 -0.00745201110839844 -0.0256500244140625 0.0467033386230469
0.00750064849853516 0.00271320343017578 0.094390869140625 -0.01348876953125
0.00200653076171875 0.0428619384765625 0.359710693359375 -0.135498046875
0.0207061767578125 0.0723190307617187 0.53521728515625 -0.0545654296875
0.0355949401855469 0.0578384399414063 0.65374755859375 0.2103271484375
0.0121240615844727 0.00410652160644531 0.504364013671875 0.534332275390625
-0.0181503295898437 -0.0895767211914063 0.2728271484375 0.67901611328125
0.0014495849609375 -0.121574401855469 0.08807373046875 0.446197509765625
0.0287933349609375 -0.146148681640625 0.10626220703125 -0.0306167602539063
0.0171585083007813 -0.12359619140625 0.010589599609375 -0.479034423828125
0.00203704833984375 -0.106544494628906 -0.32415771484375 -0.6419677734375
-0.00811004638671876 -0.0554351806640625 -0.6810302734375 -0.35546875
0.00688505172729492 -0.00558280944824219 -0.70538330078125 -0.000488281249999956
0.0176467895507813 0.0430755615234375 -0.55548095703125 0.158538818359375
0.00727081298828125 0.0356101989746094 -0.28265380859375 0.20965576171875
0.00444412231445313 -0.0192127227783203 -0.0376548767089844 0.0431289672851563
0.0375747680664063 -0.00540924072265625 0.0888519287109375 -0.021636962890625
0.0342159271240234 0.0257759094238281 0.363006591796875 -0.1531982421875
0.0368728637695313 0.0494194030761719 0.533233642578125 -0.087677001953125
0.0327033996582031 0.0494155883789063 0.6441650390625 0.1815185546875
-0.00313949584960937 0.0200061798095703 0.50811767578125 0.522369384765625
-0.0339889526367188 -0.0594978332519531 0.28814697265625 0.68341064453125
-0.00765228271484375 -0.0908660888671875 0.098480224609375 0.466705322265625
0.02313232421875 -0.118354797363281 0.1123046875 -0.00662231445312501
0.0167007446289062 -0.0998382568359375 0.0301818847656249 -0.4642333984375
-0.0047760009765625 -0.0803146362304688 -0.300537109375 -0.64044189453125
-0.0145034790039063 -0.0364570617675781 -0.66668701171875 -0.37249755859375
0.00223278999328613 -0.00108933448791504 -0.7115478515625 -0.0166625976562499
0.0241794586181641 0.0282669067382813 -0.56707763671875 0.14434814453125
0.0273895263671875 0.0185413360595703 -0.289276123046875 0.2005615234375
0.0322475433349609 -0.0340976715087891 -0.0405921936035156 0.0372543334960938
0.0714492797851563 -0.014007568359375 0.0902328491210938 -0.0323410034179688
0.0708541870117188 0.00792694091796875 0.36517333984375 -0.17132568359375
0.0568923950195312 0.02093505859375 0.530517578125 -0.11199951171875
0.0291748046875 0.0360107421875 0.6463623046875 0.1524658203125
-0.0182170867919922 0.0330390930175781 0.522491455078125 0.50341796875
-0.0494270324707031 -0.0269813537597656 0.306396484375 0.67523193359375
-0.0162734985351562 -0.0531578063964844 0.11083984375 0.472076416015625
0.020599365234375 -0.0864410400390625 0.117828369140625 0.00405120849609374
0.0179977416992188 -0.0691299438476563 0.0484619140625 -0.461669921875
-0.00797653198242188 -0.0506820678710937 -0.27587890625 -0.650634765625
-0.0205440521240234 -0.0126495361328125 -0.65228271484375 -0.3958740234375
-0.00481986999511719 0.00466775894165039 -0.71319580078125 -0.0416870117187499
0.0282649993896484 0.0147686004638672 -0.57342529296875 0.1240234375
0.0478630065917969 -0.00041961669921875 -0.2928466796875 0.18817138671875
0.0634422302246094 -0.048919677734375 -0.0369529724121094 0.029937744140625
0.100593566894531 -0.0215377807617188 0.09814453125 -0.0450057983398438
0.0988845825195313 -0.0090789794921875 0.359619140625 -0.183380126953125
0.0694122314453125 -0.00728988647460938 0.52838134765625 -0.123992919921875
0.0226993560791016 0.0226116180419922 0.656005859375 0.133056640625
-0.0351600646972656 0.0455589294433594 0.544952392578125 0.480316162109375
-0.0638847351074219 0.00463485717773436 0.3291015625 0.654541015625
-0.0205841064453125 -0.0172195434570313 0.123321533203125 0.46240234375
0.0191230773925781 -0.0534706115722656 0.12054443359375 0.001861572265625
0.0202102661132813 -0.0395011901855469 0.060760498046875 -0.466583251953125
-0.0114154815673828 -0.0217361450195312 -0.2564697265625 -0.66400146484375
-0.0257816314697266 0.0104389190673828 -0.6363525390625 -0.42578125
-0.0110378265380859 0.0108137130737305 -0.71099853515625 -0.0679931640625001
0.0291500091552734 0.00281524658203125 -0.5709228515625 0.10162353515625
0.0627059936523438 -0.0160789489746094 -0.28912353515625 0.172760009765625
0.0926055908203125 -0.0600357055664063 -0.0254859924316406 0.0227394104003906
0.117050170898438 -0.0294723510742188 0.108848571777344 -0.0558395385742188
0.113166809082031 -0.0244064331054688 0.35546875 -0.188446044921875
0.0695915222167969 -0.0257110595703125 0.532073974609375 -0.124908447265625
0.0107650756835938 0.0154047012329102 0.67279052734375 0.122314453125
-0.0451736450195313 0.0596351623535156 0.57086181640625 0.45916748046875
-0.0695075988769531 0.0301742553710938 0.35186767578125 0.628173828125
-0.0195121765136719 0.0123271942138672 0.13323974609375 0.439117431640625
0.0214462280273438 -0.0271167755126953 0.120819091796875 -0.014556884765625
0.0214366912841797 -0.0151481628417969 0.0655517578125 -0.48577880859375
-0.0143213272094727 0.00136470794677734 -0.246337890625 -0.68505859375
-0.0332469940185547 0.028076171875 -0.62371826171875 -0.45086669921875
-0.0205345153808594 0.0137138366699219 -0.70428466796875 -0.0942382812499999
0.0286235809326172 -0.00853347778320313 -0.56390380859375 0.0838623046875
0.0774002075195313 -0.0304641723632813 -0.278945922851563 0.159210205078125
0.115646362304688 -0.0644149780273438 -0.00692367553710937 0.0187969207763672
0.122589111328125 -0.035186767578125 0.122779846191406 -0.065826416015625
0.111465454101562 -0.0328826904296875 0.354278564453125 -0.187591552734375
0.0589408874511719 -0.0310745239257813 0.545440673828125 -0.1197509765625
0.000539779663085936 0.0188522338867188 0.69647216796875 0.11376953125
-0.0511093139648438 0.0720901489257813 0.59423828125 0.435546875
-0.0673637390136719 0.0469627380371094 0.36700439453125 0.591796875
-0.0135478973388672 0.0278186798095703 0.136444091796875 0.408233642578125
0.0250587463378906 -0.0105686187744141 0.118942260742188 -0.04254150390625
0.0215892791748047 0.0016937255859375 0.066070556640625 -0.508880615234375
-0.0182514190673828 0.0167922973632813 -0.23858642578125 -0.7093505859375
-0.0418891906738281 0.0353889465332031 -0.61407470703125 -0.47564697265625
-0.027801513671875 0.00935935974121093 -0.693115234375 -0.11334228515625
0.0293045043945313 -0.0214405059814453 -0.5516357421875 0.070587158203125
0.0886688232421875 -0.038360595703125 -0.263168334960938 0.151260375976562
0.130256652832031 -0.0630416870117188 0.0156946182250977 0.0165061950683594
-0.0277824401855469 0.0245704650878906 0.122688293457031 -0.0103836059570313
-0.02508544921875 0.069732666015625 0.359375 -0.1060791015625
0.0118789672851563 0.0834274291992188 0.549591064453125 -0.00976562499999999
0.0384140014648437 0.0423431396484375 0.68170166015625 0.23529052734375
0.0178432464599609 -0.0281753540039062 0.512420654296875 0.521759033203125
-0.008209228515625 -0.119972229003906 0.2637939453125 0.6280517578125
0.0123443603515625 -0.14990234375 0.073150634765625 0.375091552734375
0.0397796630859375 -0.171615600585937 0.0919418334960938 -0.0983428955078125
0.027557373046875 -0.1478271484375 -0.023956298828125 -0.525146484375
0.0209579467773438 -0.131660461425781 -0.3487548828125 -0.66436767578125
0.00888824462890625 -0.070556640625 -0.68084716796875 -0.35626220703125
0.012110710144043 0.00498867034912109 -0.67462158203125 0.00537109374999999
-0.00774765014648438 0.0696830749511719 -0.517822265625 0.17352294921875
-0.0358390808105469 0.0528221130371094 -0.256912231445312 0.214065551757813
-0.0325279235839844 0.000335693359374999 -0.00672149658203126 0.0494422912597656
-0.0157651901245117 0.0143775939941406 0.107078552246094 -0.00989532470703125
-0.0180511474609375 0.0584144592285156 0.356719970703125 -0.11956787109375
0.0123977661132813 0.084869384765625 0.542144775390625 -0.028564453125
0.039520263671875 0.0534515380859375 0.6651611328125 0.22613525390625
0.0194149017333984 -0.0142593383789063 0.506744384765625 0.532073974609375
-0.00956726074218749 -0.109725952148437 0.2686767578125 0.6553955078125
0.0101318359375 -0.141571044921875 0.083038330078125 0.41192626953125
0.033203125 -0.163833618164063 0.097625732421875 -0.0617446899414063
0.021240234375 -0.141036987304688 -0.010772705078125 -0.496826171875
0.00914001464843749 -0.124427795410156 -0.341796875 -0.64605712890625
0.000865936279296875 -0.0685806274414063 -0.6842041015625 -0.34716796875
0.0103702545166016 -0.00388526916503906 -0.68951416015625 0.00842285156250007
0.00769805908203125 0.0571823120117187 -0.53680419921875 0.1695556640625
-0.0154190063476563 0.0474357604980469 -0.27001953125 0.21160888671875
-0.0198802947998047 -0.00794410705566406 -0.0254631042480469 0.0474090576171875
0.00690031051635742 0.00415325164794922 0.0952835083007813 -0.01397705078125
0.00227737426757812 0.0416603088378906 0.358428955078125 -0.136566162109375
0.0203704833984375 0.0717926025390625 0.53173828125 -0.057769775390625
0.0368843078613281 0.0565605163574219 0.6497802734375 0.20440673828125
0.011134147644043 0.00428581237792969 0.503662109375 0.530426025390625
-0.0184173583984375 -0.08917236328125 0.27398681640625 0.6741943359375
0.002044677734375 -0.121719360351562 0.08917236328125 0.443756103515625
0.0269927978515625 -0.146881103515625 0.105056762695313 -0.0311355590820313
0.0163497924804688 -0.122901916503906 0.00820922851562496 -0.476318359375
-3.81469726562595E-05 -0.106697082519531 -0.32537841796875 -0.63568115234375
-0.00795745849609376 -0.0556564331054688 -0.6788330078125 -0.35125732421875
0.00765466690063477 -0.00654840469360352 -0.70147705078125 0.00415039062500009
0.0182151794433594 0.0424728393554688 -0.55279541015625 0.160430908203125
0.00735282897949219 0.0350608825683594 -0.28192138671875 0.208099365234375
0.00395965576171875 -0.0183811187744141 -0.0379066467285156 0.0418815612792969
0.038055419921875 -0.00712966918945312 0.0904083251953125 -0.0223541259765625
0.0340480804443359 0.0257091522216797 0.359710693359375 -0.15594482421875
0.0360107421875 0.0479164123535156 0.528106689453125 -0.087982177734375
0.03314208984375 0.0500717163085938 0.6419677734375 0.17547607421875
-0.00187110900878906 0.0199489593505859 0.5067138671875 0.515716552734375
-0.0329322814941406 -0.0590553283691406 0.288818359375 0.67840576171875
-0.00765991210937499 -0.0891799926757813 0.10040283203125 0.463653564453125
0.0226211547851563 -0.11810302734375 0.110946655273438 -0.00671386718750001
0.0161819458007812 -0.098052978515625 0.029022216796875 -0.46087646484375
-0.00484466552734374 -0.079010009765625 -0.30078125 -0.6363525390625
-0.0141487121582031 -0.0354576110839844 -0.66351318359375 -0.36566162109375
0.00233125686645508 -0.00182294845581055 -0.70758056640625 -0.0129394531249999
0.0253620147705078 0.0270042419433594 -0.56304931640625 0.14471435546875
0.0292682647705078 0.0177841186523438 -0.288543701171875 0.199859619140625
0.0324954986572266 -0.0341949462890625 -0.0419387817382813 0.0369071960449219
0.0708541870117188 -0.014129638671875 0.0906829833984375 -0.033172607421875
0.0708847045898438 0.00762939453125 0.36175537109375 -0.173248291015625
0.056732177734375 0.0198440551757813 0.527587890625 -0.11468505859375
0.0286483764648438 0.0357704162597656 0.64288330078125 0.14837646484375
-0.0174751281738281 0.0328941345214844 0.522308349609375 0.499114990234375
-0.050567626953125 -0.0274658203125 0.30804443359375 0.67144775390625
-0.0162696838378906 -0.0523033142089844 0.11212158203125 0.471343994140625
0.0197677612304688 -0.0855484008789063 0.116668701171875 0.00455474853515624
0.0169143676757813 -0.0685157775878906 0.04608154296875 -0.45849609375
-0.00798797607421874 -0.0496063232421875 -0.27728271484375 -0.64495849609375
-0.0193672180175781 -0.0118350982666016 -0.6494140625 -0.38897705078125
-0.00416278839111328 0.00360679626464844 -0.71002197265625 -0.0362548828125001
0.0285587310791016 0.0150527954101562 -0.5697021484375 0.1241455078125
0.0471458435058594 0.00023651123046875 -0.290985107421875 0.18670654296875
0.0637435913085938 -0.0487174987792969 -0.0374259948730469 0.0295295715332031
0.0999069213867188 -0.0223464965820313 0.096588134765625 -0.0467300415039063
0.0998153686523438 -0.00923919677734375 0.35791015625 -0.185272216796875
0.0681343078613281 -0.00645828247070313 0.524688720703125 -0.128173828125
0.0223445892333984 0.0222797393798828 0.652099609375 0.128173828125
-0.0337867736816406 0.0454330444335937 0.5443115234375 0.4744873046875
-0.0623626708984375 0.00395202636718751 0.3310546875 0.64971923828125
-0.0204639434814453 -0.0162296295166016 0.125335693359375 0.45892333984375
0.0190277099609375 -0.0531692504882813 0.1199951171875 0.000778198242187497
0.0192947387695313 -0.0395317077636719 0.0570068359375 -0.46551513671875
-0.0114231109619141 -0.0214385986328125 -0.25909423828125 -0.65948486328125
-0.0247249603271484 0.0114154815673828 -0.63433837890625 -0.41943359375
-0.0107259750366211 0.010045051574707 -0.70672607421875 -0.0661621093749999
0.0292472839355469 0.00241851806640625 -0.56658935546875 0.1043701171875
0.0639572143554688 -0.0163307189941406 -0.2867431640625 0.172119140625
0.0909194946289063 -0.0602264404296875 -0.0256385803222656 0.0230312347412109
0.116828918457031 -0.0306549072265625 0.108505249023438 -0.0572967529296875
0.114036560058594 -0.0244674682617187 0.353118896484375 -0.1900634765625
0.0696144104003906 -0.0254364013671875 0.52825927734375 -0.128143310546875
0.0120916366577148 0.0161094665527344 0.66912841796875 0.11749267578125
-0.0459632873535156 0.0583305358886719 0.5687255859375 0.4530029296875
-0.0695724487304688 0.0297470092773437 0.3529052734375 0.62310791015625
-0.0197525024414063 0.0112419128417969 0.13531494140625 0.4368896484375
0.0212974548339844 -0.0271129608154297 0.119728088378906 -0.014556884765625
0.0204734802246094 -0.0147972106933594 0.06329345703125 -0.482635498046875
-0.0145587921142578 0.001220703125 -0.24493408203125 -0.680419921875
-0.0336170196533203 0.0280113220214844 -0.62255859375 -0.446044921875
-0.01898193359375 0.013092041015625 -0.7022705078125 -0.0917968749999999
0.0305728912353516 -0.00952911376953125 -0.56146240234375 0.08441162109375
0.077362060546875 -0.0307846069335938 -0.277694702148438 0.160232543945313
0.114212036132813 -0.0651168823242188 -0.00764369964599609 0.0168552398681641
0.1220703125 -0.035919189453125 0.12335205078125 -0.0655441284179688
0.110336303710938 -0.0329055786132813 0.35174560546875 -0.1888427734375
0.0584602355957031 -0.0322837829589844 0.542022705078125 -0.122894287109375
-4.00543212890623E-05 0.0195217132568359 0.69256591796875 0.1090087890625
-0.0506134033203125 0.0705718994140625 0.59320068359375 0.42974853515625
-0.0672149658203125 0.0467185974121094 0.3658447265625 0.58740234375
-0.0136241912841797 0.0276374816894531 0.13671875 0.40478515625
0.0242481231689453 -0.0092620849609375 0.116897583007812 -0.0414962768554688
0.0226383209228516 0.00207901000976563 0.064453125 -0.506683349609375
-0.0192470550537109 0.0158290863037109 -0.23870849609375 -0.7037353515625
-0.0421524047851563 0.0359535217285156 -0.61126708984375 -0.470947265625
-0.0292606353759766 0.00847053527832031 -0.689697265625 -0.1103515625
0.0306644439697266 -0.0211544036865234 -0.54840087890625 0.0731506347656251
0.0882568359375 -0.0396194458007813 -0.26251220703125 0.15045166015625
0.129753112792969 -0.0618057250976563 0.0151290893554688 0.0163354873657227
-0.0276718139648438 0.0228996276855469 0.122016906738281 -0.0118026733398437
-0.02423095703125 0.0690536499023438 0.357818603515625 -0.107208251953125
0.0120849609375 0.0831375122070313 0.54876708984375 -0.010894775390625
0.038726806640625 0.0412979125976563 0.6785888671875 0.230712890625
0.0179977416992188 -0.0281200408935547 0.51287841796875 0.516876220703125
-0.00736999511718751 -0.118682861328125 0.26611328125 0.6248779296875
0.0109710693359375 -0.14947509765625 0.07440185546875 0.373077392578125
0.0376129150390625 -0.171676635742188 0.09088134765625 -0.0982742309570313
0.0279541015625 -0.147842407226562 -0.025238037109375 -0.523284912109375
0.0191879272460938 -0.130210876464844 -0.35076904296875 -0.6605224609375
0.00782775878906251 -0.0709075927734375 -0.6793212890625 -0.3529052734375
0.0114498138427734 0.00460910797119141 -0.67034912109375 0.00750732421874995
-0.00692749023437499 0.0696372985839844 -0.5146484375 0.176361083984375
-0.0348777770996094 0.0535469055175781 -0.25238037109375 0.215087890625
-0.0330829620361328 -0.000223159790039069 -0.00627899169921875 0.0502433776855469
-0.0155391693115234 0.0126819610595703 0.10784912109375 -0.0105667114257813
-0.0175437927246094 0.0575714111328125 0.35369873046875 -0.119873046875
0.012481689453125 0.0843505859375 0.53790283203125 -0.03076171875
0.0389556884765625 0.0537071228027344 0.663330078125 0.2200927734375
0.0201416015625 -0.0146369934082031 0.506866455078125 0.52716064453125
-0.010345458984375 -0.10931396484375 0.27008056640625 0.65142822265625
0.0078125 -0.14208984375 0.08319091796875 0.410980224609375
0.03204345703125 -0.163665771484375 0.0949554443359375 -0.0630722045898438
0.02093505859375 -0.140655517578125 -0.0107116699218751 -0.493865966796875
0.00854492187499999 -0.124961853027344 -0.34130859375 -0.64093017578125
-0.000110626220703126 -0.0685844421386719 -0.6827392578125 -0.3436279296875
0.0123090744018555 -0.00354766845703125 -0.688232421875 0.0117187500000001
0.00796127319335937 0.0576972961425781 -0.53350830078125 0.16986083984375
-0.0157966613769531 0.0484161376953125 -0.2677001953125 0.212692260742188
-0.0193767547607422 -0.00712394714355469 -0.0251998901367187 0.0460472106933594
0.00701904296875 0.00126075744628906 0.0959548950195313 -0.01507568359375
0.00236892700195312 0.0423049926757813 0.355438232421875 -0.137115478515625
0.0204925537109375 0.072113037109375 0.529205322265625 -0.06195068359375
0.0362701416015625 0.0568466186523437 0.64874267578125 0.201416015625
0.0114889144897461 0.00400924682617187 0.50372314453125 0.523834228515625
-0.0185165405273438 -0.0874557495117188 0.27490234375 0.66961669921875
6.86645507812507E-05 -0.121307373046875 0.09033203125 0.4403076171875
0.0259552001953125 -0.146530151367188 0.103622436523438 -0.030181884765625
0.016204833984375 -0.123527526855469 0.00814819335937497 -0.4727783203125
0.000587463378906249 -0.106529235839844 -0.3258056640625 -0.63330078125
-0.00820159912109375 -0.0560798645019531 -0.67529296875 -0.34716796875
0.00772953033447266 -0.00597238540649414 -0.69854736328125 0.00622558593750012
0.019775390625 0.0419387817382813 -0.549224853515625 0.16058349609375
0.0076904296875 0.0350627899169922 -0.280319213867188 0.208526611328125
0.00378799438476563 -0.0198497772216797 -0.0381965637207031 0.0414314270019531
0.0368576049804688 -0.00694656372070313 0.0898590087890625 -0.0236053466796875
0.03436279296875 0.025054931640625 0.35760498046875 -0.157623291015625
0.0363044738769531 0.0488510131835938 0.526153564453125 -0.09210205078125
0.0337257385253906 0.049407958984375 0.64068603515625 0.1708984375
-0.00180816650390625 0.0194664001464844 0.506103515625 0.51153564453125
-0.0325469970703125 -0.0588607788085938 0.287109375 0.6746826171875
-0.0101394653320312 -0.0888671875 0.10015869140625 0.462127685546875
0.0221099853515625 -0.118484497070313 0.110984802246094 -0.00742340087890626
0.015411376953125 -0.0976104736328125 0.02764892578125 -0.46014404296875
-0.00512695312500001 -0.0794830322265625 -0.3013916015625 -0.630859375
-0.0155487060546875 -0.0356178283691406 -0.6627197265625 -0.36083984375
0.00242090225219727 -0.0034034252166748 -0.705078125 -0.0111083984375
0.0248641967773438 0.0275135040283203 -0.559478759765625 0.146820068359375
0.0289020538330078 0.0178794860839844 -0.285980224609375 0.199462890625
0.0327243804931641 -0.0349864959716797 -0.0415916442871094 0.0371665954589844
0.0708465576171875 -0.0161209106445313 0.0896530151367188 -0.03472900390625
0.06976318359375 0.00699996948242188 0.3583984375 -0.17449951171875
0.05645751953125 0.020233154296875 0.5233154296875 -0.116546630859375
0.0290031433105469 0.0353355407714844 0.64154052734375 0.14215087890625
-0.018218994140625 0.0310535430908203 0.523590087890625 0.49261474609375
-0.0511703491210938 -0.0272903442382813 0.309814453125 0.66668701171875
-0.0173988342285156 -0.0527992248535156 0.11328125 0.468292236328125
0.0191802978515625 -0.0851516723632813 0.116287231445313 0.00347900390624999
0.0175323486328125 -0.0687675476074219 0.04559326171875 -0.4564208984375
-0.00909423828125001 -0.0498542785644531 -0.2779541015625 -0.64019775390625
-0.0197181701660156 -0.0115680694580078 -0.64801025390625 -0.3851318359375
-0.00377011299133301 0.0028388500213623 -0.7078857421875 -0.0348510742187501
0.0290298461914063 0.0136756896972656 -0.56707763671875 0.1273193359375
0.048248291015625 -0.000324249267578125 -0.290771484375 0.187896728515625
0.0624351501464844 -0.0496253967285156 -0.0376510620117187 0.0293197631835938
0.0988388061523438 -0.0235443115234375 0.0964126586914062 -0.0467987060546875
0.0985183715820312 -0.0100860595703125 0.35565185546875 -0.1873779296875
0.0694694519042969 -0.00781631469726563 0.522186279296875 -0.129150390625
0.0225772857666016 0.0224895477294922 0.648193359375 0.12310791015625
-0.0341377258300781 0.0457763671875 0.5411376953125 0.4686279296875
-0.0638694763183594 0.0040283203125 0.33087158203125 0.6461181640625
-0.0213031768798828 -0.0165672302246094 0.126129150390625 0.45745849609375
0.0182609558105469 -0.0523948669433594 0.119041442871094 0.000541687011718747
0.0198287963867188 -0.0398406982421875 0.057281494140625 -0.462127685546875
-0.0120792388916016 -0.0218391418457031 -0.25775146484375 -0.6544189453125
-0.0259132385253906 0.0115089416503906 -0.6329345703125 -0.412353515625
-0.0114564895629883 0.00968170166015625 -0.70428466796875 -0.06231689453125
0.0299434661865234 0.00173377990722656 -0.5648193359375 0.10333251953125
0.0646629333496094 -0.016754150390625 -0.285980224609375 0.172393798828125
0.0899887084960938 -0.0607070922851563 -0.0267047882080078 0.0220661163330078
0.11541748046875 -0.0308609008789063 0.108108520507813 -0.05712890625
0.11187744140625 -0.0248031616210938 0.349609375 -0.19293212890625
0.0688743591308594 -0.0254783630371094 0.525146484375 -0.13092041015625
0.0117063522338867 0.0156946182250977 0.666259765625 0.11138916015625
-0.0455284118652344 0.059173583984375 0.5684814453125 0.44757080078125
-0.0704116821289062 0.0302886962890625 0.35211181640625 0.61737060546875
-0.0209980010986328 0.0127735137939453 0.135528564453125 0.435394287109375
0.0200233459472656 -0.0268173217773438 0.119468688964844 -0.015716552734375
0.0217418670654297 -0.0150547027587891 0.0606689453125 -0.480224609375
-0.0152368545532227 0.00195407867431641 -0.24688720703125 -0.6759033203125
-0.0334644317626953 0.0279521942138672 -0.62017822265625 -0.44097900390625
-0.0193958282470703 0.0125598907470703 -0.69830322265625 -0.0888061523437501
0.0301895141601563 -0.0104446411132813 -0.558868408203125 0.085845947265625
0.0777740478515625 -0.031982421875 -0.276901245117188 0.158554077148438
0.11419677734375 -0.0656356811523438 -0.00857925415039062 0.0163784027099609
0.12091064453125 -0.0367279052734375 0.12249755859375 -0.0653839111328125
0.110466003417969 -0.0336761474609375 0.3482666015625 -0.19049072265625
0.0591621398925781 -0.03143310546875 0.53887939453125 -0.125579833984375
4.19616699218742E-05 0.0183582305908203 0.689208984375 0.10345458984375
-0.0499038696289063 0.0708847045898438 0.591552734375 0.42230224609375
-0.0671310424804688 0.047393798828125 0.3675537109375 0.583984375
-0.0143680572509766 0.0284194946289062 0.13787841796875 0.402801513671875
0.0237350463867188 -0.0106201171875 0.116676330566406 -0.0418701171875
0.0221633911132813 0.0007781982421875 0.0633544921875 -0.50604248046875
-0.0187339782714844 0.0163898468017578 -0.23980712890625 -0.7000732421875
-0.0407371520996094 0.0357551574707031 -0.6094970703125 -0.46624755859375
-0.0284614562988281 0.00905799865722656 -0.68804931640625 -0.1072998046875
0.0305576324462891 -0.0220108032226563 -0.544952392578125 0.0742187499999999
0.0887527465820313 -0.0406646728515625 -0.261825561523437 0.150314331054688
0.128410339355469 -0.0633468627929688 0.0147590637207031 0.0156269073486328
-0.0272979736328125 0.0229473114013672 0.12359619140625 -0.0140304565429687
-0.0239791870117188 0.0685195922851563 0.356292724609375 -0.10919189453125
0.011810302734375 0.0836257934570313 0.5474853515625 -0.014495849609375
0.0398979187011719 0.0414886474609375 0.67559814453125 0.22705078125
0.0192546844482422 -0.02789306640625 0.51470947265625 0.51251220703125
-0.00761413574218749 -0.118293762207031 0.26678466796875 0.6214599609375
0.00994873046874998 -0.1485595703125 0.075103759765625 0.371917724609375
0.0362548828125 -0.169937133789063 0.0884780883789063 -0.0989456176757813
0.026641845703125 -0.147003173828125 -0.027069091796875 -0.520416259765625
0.020050048828125 -0.131271362304688 -0.3511962890625 -0.65606689453125
0.00798797607421875 -0.070465087890625 -0.67584228515625 -0.34686279296875
0.012110710144043 0.00475883483886719 -0.6693115234375 0.00970458984374997
-0.00615692138671875 0.0685386657714844 -0.51361083984375 0.176971435546875
-0.0346641540527344 0.0528297424316406 -0.251663208007813 0.21331787109375
-0.0333957672119141 -0.000341415405273431 -0.00768280029296876 0.0494728088378906
-0.0150527954101563 0.0116167068481445 0.106948852539063 -0.0122528076171875
-0.017242431640625 0.0579757690429688 0.352691650390625 -0.12225341796875
0.0126266479492187 0.0839080810546875 0.536590576171875 -0.033233642578125
0.0384330749511719 0.0533409118652344 0.66156005859375 0.21612548828125
0.0198154449462891 -0.0138969421386719 0.506591796875 0.522674560546875
-0.00994873046874999 -0.109306335449219 0.2711181640625 0.64923095703125
0.00628662109374999 -0.141357421875 0.0838623046875 0.410125732421875
0.0300750732421875 -0.163543701171875 0.0950927734375 -0.0620803833007813
0.0198822021484375 -0.14117431640625 -0.012969970703125 -0.491851806640625
0.00888061523437499 -0.123649597167969 -0.343505859375 -0.6361083984375
-0.000625610351562499 -0.06787109375 -0.67987060546875 -0.33673095703125
0.0118131637573242 -0.00502204895019531 -0.68621826171875 0.01361083984375
0.00922775268554688 0.0575714111328125 -0.5323486328125 0.173797607421875
-0.0154533386230469 0.0473060607910156 -0.265899658203125 0.211929321289063
-0.0199871063232422 -0.00726890563964844 -0.0256538391113281 0.0464286804199219
0.00607967376708984 0.00163793563842773 0.0948410034179688 -0.0152969360351562
0.00229263305664063 0.0427818298339844 0.354217529296875 -0.13922119140625
0.020294189453125 0.071533203125 0.527252197265625 -0.0633544921875
0.0360527038574219 0.0564537048339844 0.6466064453125 0.19696044921875
0.0124540328979492 0.002716064453125 0.505950927734375 0.51983642578125
-0.0200576782226562 -0.086517333984375 0.2764892578125 0.6666259765625
-0.00196075439453124 -0.120864868164063 0.091522216796875 0.43951416015625
0.024322509765625 -0.145797729492188 0.102821350097656 -0.0309982299804688
0.0155258178710937 -0.123435974121094 0.00769042968750005 -0.470794677734375
-0.000457763671874992 -0.105331420898438 -0.32672119140625 -0.62872314453125
-0.00844192504882812 -0.0560302734375 -0.67474365234375 -0.3411865234375
0.00813484191894531 -0.00681257247924805 -0.697998046875 0.00817871093749993
0.0210647583007812 0.0412673950195312 -0.547210693359375 0.1634521484375
0.00874137878417968 0.0344200134277344 -0.276763916015625 0.209259033203125
0.00339889526367188 -0.0200386047363281 -0.0395469665527344 0.0418586730957031
0.0372505187988281 -0.00805282592773438 0.0893096923828125 -0.0242767333984375
0.0334529876708984 0.0246562957763672 0.35638427734375 -0.158721923828125
0.0363922119140625 0.0483894348144531 0.523712158203125 -0.09393310546875
0.0332450866699219 0.0493736267089844 0.63922119140625 0.167236328125
-0.000867843627929688 0.0196952819824219 0.50732421875 0.5067138671875
-0.0340347290039062 -0.0584259033203125 0.2913818359375 0.6717529296875
-0.0100479125976562 -0.0892181396484375 0.10211181640625 0.46063232421875
0.019775390625 -0.118186950683594 0.108695983886719 -0.00755310058593751
0.0149154663085938 -0.09881591796875 0.02740478515625 -0.45721435546875
-0.00570678710937501 -0.0792236328125 -0.30352783203125 -0.6285400390625
-0.0155200958251953 -0.0348587036132812 -0.6602783203125 -0.3565673828125
0.00359416007995605 -0.00360345840454102 -0.7025146484375 -0.00988769531249991
0.0265254974365234 0.0267868041992188 -0.558441162109375 0.14862060546875
0.0297031402587891 0.0176906585693359 -0.286224365234375 0.19940185546875
0.031707763671875 -0.0351352691650391 -0.0419425964355469 0.0368080139160156
0.070037841796875 -0.0162467956542969 0.089569091796875 -0.03497314453125
0.070770263671875 0.00661468505859375 0.358184814453125 -0.176055908203125
0.0555839538574219 0.01995849609375 0.5208740234375 -0.120269775390625
0.0288887023925781 0.0354042053222656 0.6390380859375 0.13922119140625
-0.0181179046630859 0.0329875946044922 0.519683837890625 0.48736572265625
-0.0511970520019531 -0.026519775390625 0.31072998046875 0.6634521484375
-0.0178298950195312 -0.0519218444824219 0.114410400390625 0.46612548828125
0.01800537109375 -0.084808349609375 0.116081237792969 0.00380706787109375
0.0158348083496094 -0.0687522888183594 0.044952392578125 -0.4547119140625
-0.00860595703125001 -0.0499191284179688 -0.2794189453125 -0.63818359375
-0.0204143524169922 -0.0109272003173828 -0.648681640625 -0.38128662109375
-0.00308537483215332 0.00269103050231934 -0.7060546875 -0.0330200195312501
0.0300273895263672 0.0131549835205078 -0.564697265625 0.12823486328125
0.0474433898925781 -0.000782012939453125 -0.289520263671875 0.186187744140625
0.0622940063476563 -0.0504074096679688 -0.0385589599609375 0.0286941528320312
0.0982894897460938 -0.02496337890625 0.0958404541015625 -0.0482330322265625
0.0998077392578125 -0.011199951171875 0.353240966796875 -0.18890380859375
0.0675735473632813 -0.007415771484375 0.518218994140625 -0.131744384765625
0.0210723876953125 0.0227890014648438 0.646728515625 0.1181640625
-0.0330924987792969 0.0453758239746094 0.543182373046875 0.465728759765625
-0.0636405944824219 0.00490951538085938 0.3338623046875 0.6407470703125
-0.0227851867675781 -0.0156154632568359 0.1273193359375 0.455474853515625
0.0179367065429688 -0.05322265625 0.118179321289063 9.15527343749968E-05
0.0193138122558594 -0.0397148132324219 0.05474853515625 -0.46148681640625
-0.0105228424072266 -0.0214767456054688 -0.2593994140625 -0.65081787109375
-0.0257072448730469 0.0113315582275391 -0.63226318359375 -0.41070556640625
-0.0115642547607422 0.00858020782470703 -0.70343017578125 -0.0586547851562501
0.0312633514404297 0.00229454040527344 -0.56146240234375 0.107940673828125
0.063720703125 -0.0177192687988281 -0.285003662109375 0.171661376953125
0.08990478515625 -0.0615005493164063 -0.0280075073242187 0.0220947265625
0.11590576171875 -0.0327911376953125 0.107414245605469 -0.0587387084960937
0.11187744140625 -0.0258941650390625 0.349365234375 -0.1939697265625
0.0681419372558594 -0.0259971618652344 0.5225830078125 -0.133758544921875
0.0103235244750977 0.015507698059082 0.66558837890625 0.10791015625
-0.0451087951660156 0.059295654296875 0.56793212890625 0.44219970703125
-0.0693130493164063 0.0314712524414063 0.35369873046875 0.6142578125
-0.0207481384277344 0.0123176574707031 0.1356201171875 0.433349609375
0.0196456909179688 -0.0267314910888672 0.118141174316406 -0.0150070190429688
0.021026611328125 -0.0147647857666016 0.060699462890625 -0.480010986328125
-0.0146732330322266 0.0021829605102539 -0.2471923828125 -0.67303466796875
-0.0325965881347656 0.0280513763427734 -0.61962890625 -0.43597412109375
-0.0186119079589844 0.0113086700439453 -0.697998046875 -0.08489990234375
0.0309200286865234 -0.0103206634521484 -0.557220458984375 0.0864868164062501
0.0767440795898438 -0.0320587158203125 -0.2750244140625 0.158233642578125
0.1129150390625 -0.0666427612304688 -0.00895309448242187 0.0165681838989258
0.120834350585937 -0.0368804931640625 0.121963500976563 -0.0674667358398438
0.109024047851563 -0.0352935791015625 0.348663330078125 -0.19171142578125
0.0572433471679687 -0.0322303771972656 0.536102294921875 -0.1259765625
0.000581741333007811 0.0188980102539063 0.68804931640625 0.098388671875
-0.0489959716796875 0.0702095031738281 0.591552734375 0.41937255859375
-0.0658988952636719 0.0469741821289063 0.36767578125 0.578857421875
-0.0145206451416016 0.0282821655273438 0.138885498046875 0.400909423828125
0.0235767364501953 -0.00980758666992188 0.116592407226563 -0.04217529296875
0.0227394104003906 0.00201416015625 0.060394287109375 -0.504058837890625
-0.0178680419921875 0.0165786743164063 -0.23992919921875 -0.69580078125
-0.0414009094238281 0.0356101989746094 -0.60888671875 -0.4599609375
-0.0280342102050781 0.00747489929199219 -0.68841552734375 -0.10516357421875
0.0308074951171875 -0.0226802825927734 -0.5435791015625 0.0759887695312501
0.0882110595703125 -0.0408706665039062 -0.261062622070313 0.150161743164062
0.128334045410156 -0.0641021728515625 0.0131492614746094 0.0151500701904297
-0.0279769897460938 0.0218219757080078 0.122406005859375 -0.0148239135742187
-0.023834228515625 0.0676193237304688 0.355377197265625 -0.10931396484375
0.012542724609375 0.0840377807617187 0.54638671875 -0.016082763671875
0.0386734008789063 0.0405731201171875 0.67724609375 0.2222900390625
0.0195045471191406 -0.0299911499023437 0.5150146484375 0.509674072265625
-0.0081329345703125 -0.117820739746094 0.26812744140625 0.61907958984375
0.0089263916015625 -0.1485595703125 0.0753173828125 0.372406005859375
0.035125732421875 -0.170639038085938 0.0868072509765625 -0.0986175537109375
0.0269622802734375 -0.146804809570313 -0.02801513671875 -0.51824951171875
0.0190811157226562 -0.1312255859375 -0.35260009765625 -0.6522216796875
0.00817871093749999 -0.0707321166992188 -0.67669677734375 -0.345458984375
0.0112819671630859 0.00294017791748047 -0.6673583984375 0.0126953124999999
-0.00533294677734374 0.0685768127441406 -0.509918212890625 0.17974853515625
-0.0341529846191406 0.0524330139160156 -0.25048828125 0.215011596679687
-0.0332622528076172 -0.000900268554687494 -0.00663375854492188 0.0498161315917969
-0.0150413513183594 0.0109443664550781 0.106895446777344 -0.013702392578125
-0.018096923828125 0.0572357177734375 0.351715087890625 -0.1224365234375
0.0129623413085938 0.0845870971679688 0.53460693359375 -0.0355224609375
0.0390853881835938 0.0532608032226563 0.6591796875 0.2127685546875
0.020294189453125 -0.0149326324462891 0.508087158203125 0.51995849609375
-0.00959777832031249 -0.109062194824219 0.27374267578125 0.645751953125
0.00564575195312498 -0.14093017578125 0.08392333984375 0.40869140625
0.028839111328125 -0.163192749023438 0.093780517578125 -0.0630874633789063
0.0203475952148437 -0.139503479003906 -0.013153076171875 -0.49072265625
0.00772857666015624 -0.122428894042969 -0.34368896484375 -0.63543701171875
-0.00174713134765624 -0.0693511962890625 -0.679931640625 -0.3348388671875
0.0113410949707031 -0.00472927093505859 -0.6845703125 0.0175170898437499
0.0102310180664063 0.0573921203613281 -0.530120849609375 0.173004150390625
-0.0139808654785156 0.0476608276367187 -0.264968872070312 0.2113037109375
-0.0203647613525391 -0.00814628601074218 -0.0258255004882812 0.0463218688964844
0.00742673873901367 0.00128650665283203 0.093994140625 -0.0169906616210938
0.00322341918945313 0.0416908264160156 0.351776123046875 -0.141632080078125
0.0197906494140625 0.0715484619140625 0.525299072265625 -0.06475830078125
0.0366859436035156 0.0562019348144531 0.645263671875 0.1920166015625
0.011805534362793 0.00299930572509766 0.50537109375 0.516357421875
-0.0194091796875 -0.086395263671875 0.278564453125 0.6636962890625
-0.00237274169921874 -0.119766235351563 0.092559814453125 0.438995361328125
0.02447509765625 -0.145980834960938 0.101516723632813 -0.0306472778320313
0.0159530639648437 -0.123603820800781 0.00558471679687501 -0.46942138671875
0.0001373291015625 -0.105720520019531 -0.3291015625 -0.625
-0.00993728637695312 -0.0558052062988281 -0.6739501953125 -0.338134765625
0.00841236114501953 -0.00753355026245117 -0.6954345703125 0.0099487304687499
0.0217170715332031 0.0416107177734375 -0.54595947265625 0.165008544921875
0.00863075256347657 0.0341072082519531 -0.276031494140625 0.2073974609375
0.00240325927734375 -0.0204010009765625 -0.0383758544921875 0.0427474975585938
0.0366630554199219 -0.00891494750976563 0.0883407592773438 -0.0258026123046875
0.0332489013671875 0.0234642028808594 0.355926513671875 -0.15887451171875
0.0358047485351563 0.0486717224121094 0.521636962890625 -0.096099853515625
0.0326652526855469 0.0489044189453125 0.6361083984375 0.16400146484375
-0.000726699829101562 0.0189971923828125 0.507415771484375 0.502166748046875
-0.0349845886230469 -0.0571479797363281 0.290771484375 0.66754150390625
-0.0096893310546875 -0.088348388671875 0.103240966796875 0.459136962890625
0.018524169921875 -0.118064880371094 0.108894348144531 -0.00859832763671876
0.0147781372070312 -0.0963897705078125 0.026702880859375 -0.45672607421875
-0.00500488281249999 -0.07952880859375 -0.3033447265625 -0.625244140625
-0.0147857666015625 -0.0354423522949219 -0.65960693359375 -0.3515625
0.00308799743652344 -0.00368356704711914 -0.70123291015625 -0.00488281249999985
0.0279388427734375 0.02655029296875 -0.555633544921875 0.14837646484375
0.0295600891113281 0.0174808502197266 -0.28485107421875 0.20025634765625
0.03131103515625 -0.0353851318359375 -0.0425453186035156 0.0366859436035156
0.0704193115234375 -0.018310546875 0.08953857421875 -0.0354537963867187
0.0699691772460937 0.0052490234375 0.356170654296875 -0.17730712890625
0.0546875 0.0198287963867188 0.519287109375 -0.123565673828125
0.0285243988037109 0.0346469879150391 0.6392822265625 0.13372802734375
-0.0168437957763672 0.0326194763183594 0.522186279296875 0.484893798828125
-0.0511932373046875 -0.0262260437011719 0.313232421875 0.6610107421875
-0.0187568664550781 -0.05108642578125 0.11572265625 0.466064453125
0.0177459716796875 -0.0845870971679688 0.114631652832031 0.0037689208984375
0.0159034729003906 -0.0694389343261719 0.043975830078125 -0.454010009765625
-0.008575439453125 -0.0488510131835938 -0.2789306640625 -0.63433837890625
-0.0204372406005859 -0.011016845703125 -0.6461181640625 -0.376220703125
-0.00322747230529785 0.00344157218933105 -0.70538330078125 -0.0288696289062501
0.0313854217529297 0.0139808654785156 -0.56298828125 0.130615234375
0.0481986999511719 -0.00099945068359375 -0.289764404296875 0.187835693359375
0.0611763000488281 -0.051055908203125 -0.0398063659667969 0.0279693603515625
0.0974349975585938 -0.0252532958984375 0.0954666137695312 -0.0489425659179687
0.0993499755859375 -0.0115890502929688 0.350799560546875 -0.190032958984375
0.0687255859375 -0.0081329345703125 0.517547607421875 -0.13427734375
0.02154541015625 0.0226039886474609 0.64532470703125 0.11419677734375
-0.0325775146484375 0.045623779296875 0.542572021484375 0.460601806640625
-0.0634994506835938 0.00561141967773437 0.334716796875 0.6392822265625
-0.0233516693115234 -0.0147895812988281 0.129119873046875 0.4549560546875
0.0173683166503906 -0.0527496337890625 0.117843627929687 0.000640869140624997
0.0182914733886719 -0.0396080017089844 0.054412841796875 -0.46075439453125
-0.0111064910888672 -0.0212860107421875 -0.2607421875 -0.648193359375
-0.0254611968994141 0.0115165710449219 -0.6312255859375 -0.406494140625
-0.0104055404663086 0.00888252258300781 -0.700927734375 -0.0563354492187501
0.0318775177001953 0.00153732299804687 -0.561309814453125 0.1075439453125
0.0641250610351563 -0.0180816650390625 -0.284271240234375 0.172210693359375
0.0890731811523438 -0.0628433227539063 -0.0283374786376953 0.0214786529541016
0.114837646484375 -0.03326416015625 0.107154846191406 -0.0592269897460938
0.112396240234375 -0.0265655517578125 0.347320556640625 -0.193695068359375
0.0685958862304688 -0.0272178649902344 0.51959228515625 -0.135894775390625
0.0120859146118164 0.0159196853637695 0.66357421875 0.1031494140625
-0.044342041015625 0.0599403381347656 0.56756591796875 0.4376220703125
-0.0693511962890625 0.0325126647949219 0.3548583984375 0.60980224609375
-0.0216217041015625 0.0121078491210937 0.137237548828125 0.431610107421875
0.0189838409423828 -0.0265293121337891 0.117713928222656 -0.0165176391601563
0.0208415985107422 -0.0156898498535156 0.059295654296875 -0.478729248046875
-0.0147066116333008 0.00214576721191406 -0.24713134765625 -0.67041015625
-0.0323867797851563 0.0282993316650391 -0.61810302734375 -0.4339599609375
-0.0184230804443359 0.0116519927978516 -0.69573974609375 -0.0824584960937499
0.0311183929443359 -0.0101604461669922 -0.556640625 0.0873107910156249
0.07818603515625 -0.0321807861328125 -0.274887084960938 0.159133911132812
0.11260986328125 -0.06781005859375 -0.00967025756835937 0.0167694091796875
0.120071411132812 -0.0384750366210938 0.120773315429688 -0.0686874389648437
0.108634948730469 -0.03643798828125 0.346343994140625 -0.193145751953125
0.0585594177246094 -0.0323600769042969 0.53350830078125 -0.130828857421875
0.000444412231445312 0.019134521484375 0.6866455078125 0.09564208984375
-0.0482406616210938 0.0698318481445312 0.59112548828125 0.4139404296875
-0.0663528442382813 0.0479354858398437 0.36865234375 0.576416015625
-0.0158138275146484 0.0291404724121094 0.138458251953125 0.399658203125
0.0229301452636719 -0.0100269317626953 0.115745544433594 -0.0430908203125
0.0216712951660156 0.00156021118164063 0.060333251953125 -0.502410888671875
-0.0178127288818359 0.0165576934814453 -0.24169921875 -0.6934814453125
-0.0409889221191406 0.0364646911621094 -0.608642578125 -0.45733642578125
-0.0281085968017578 0.00693130493164063 -0.68701171875 -0.1031494140625
0.0317134857177734 -0.0230731964111328 -0.54248046875 0.0771789550781249
0.0886917114257812 -0.0420150756835937 -0.259719848632813 0.150375366210937
0.128463745117188 -0.0645980834960938 0.0124702453613281 0.0143194198608398
-0.0277099609375 0.0215625762939453 0.12261962890625 -0.0157623291015625
-0.0235939025878906 0.0693359375 0.35552978515625 -0.1112060546875
0.0118789672851562 0.0839004516601563 0.5458984375 -0.018951416015625
0.039093017578125 0.0415763854980469 0.677734375 0.21990966796875
0.0193405151367187 -0.0294132232666016 0.5181884765625 0.506072998046875
-0.00858306884765626 -0.117912292480469 0.26934814453125 0.61907958984375
0.00775146484375001 -0.147491455078125 0.075286865234375 0.371490478515625
0.033111572265625 -0.170501708984375 0.0855941772460937 -0.0990524291992188
0.0263824462890625 -0.147872924804688 -0.02874755859375 -0.517608642578125
0.0179672241210938 -0.130813598632813 -0.3543701171875 -0.6512451171875
0.00641250610351562 -0.0701866149902344 -0.6749267578125 -0.3394775390625
0.0124063491821289 0.00328445434570313 -0.66827392578125 0.014892578125
-0.00415039062499999 0.0688209533691406 -0.509490966796875 0.18011474609375
-0.0323028564453125 0.0521316528320313 -0.250900268554688 0.214202880859375
-0.0338001251220703 -3.24249267578148E-05 -0.00894546508789063 0.0495223999023438
-0.0154886245727539 0.00998783111572266 0.106918334960938 -0.0147552490234375
-0.017852783203125 0.0572319030761719 0.351226806640625 -0.12554931640625
0.0131683349609375 0.0840911865234375 0.534393310546875 -0.038909912109375
0.040252685546875 0.0536537170410156 0.6595458984375 0.20892333984375
0.0213947296142578 -0.0146198272705078 0.508209228515625 0.515411376953125
-0.00990295410156249 -0.108078002929688 0.2744140625 0.644775390625
0.00485992431640626 -0.139915466308594 0.084442138671875 0.408477783203125
0.0275726318359375 -0.162796020507813 0.0906753540039063 -0.0632858276367188
0.018798828125 -0.140823364257813 -0.01416015625 -0.48870849609375
0.00788879394531251 -0.124000549316406 -0.34466552734375 -0.63092041015625
-0.000869750976562494 -0.0682792663574219 -0.6795654296875 -0.3292236328125
0.0122489929199219 -0.00542259216308594 -0.68328857421875 0.01824951171875
0.0115585327148438 0.0562286376953125 -0.526580810546875 0.175537109375
-0.0141372680664062 0.0481071472167969 -0.26434326171875 0.21240234375
-0.0206813812255859 -0.00830078125 -0.0274505615234375 0.04595947265625
0.00571680068969727 -0.000115871429443359 0.0939865112304688 -0.0176849365234375
0.0028076171875 0.0406455993652344 0.351318359375 -0.142974853515625
0.02117919921875 0.0719757080078125 0.5245361328125 -0.068206787109375
0.0368843078613281 0.0565605163574219 0.646240234375 0.1878662109375
0.0136632919311523 0.00261211395263672 0.506561279296875 0.511688232421875
-0.0210418701171875 -0.0869674682617188 0.28021240234375 0.66192626953125
-0.00225830078124999 -0.119682312011719 0.09356689453125 0.437591552734375
0.02178955078125 -0.145355224609375 0.101203918457031 -0.0319366455078125
0.01416015625 -0.123367309570313 0.00476074218749997 -0.468231201171875
-0.00123596191406251 -0.105339050292969 -0.32757568359375 -0.6234130859375
-0.00918197631835938 -0.05535888671875 -0.673095703125 -0.333984375
0.00822305679321289 -0.00759983062744141 -0.69500732421875 0.0139160156249999
0.0217552185058594 0.0406608581542969 -0.54339599609375 0.167266845703125
0.008514404296875 0.0345268249511719 -0.276458740234375 0.208511352539063
0.00234413146972656 -0.0203685760498047 -0.0387763977050781 0.041748046875
0.0360946655273438 -0.0099945068359375 0.0883026123046875 -0.025970458984375
0.0342731475830078 0.0243110656738281 0.353790283203125 -0.161285400390625
0.0361595153808594 0.0489120483398438 0.5201416015625 -0.09881591796875
0.03302001953125 0.0486106872558594 0.6370849609375 0.1595458984375
0.000808715820312501 0.0194492340087891 0.509124755859375 0.498992919921875
-0.0342063903808594 -0.0572929382324219 0.29266357421875 0.66656494140625
-0.0118331909179687 -0.0871353149414063 0.103424072265625 0.457275390625
0.0182723999023438 -0.117240905761719 0.107803344726563 -0.00801849365234376
0.014617919921875 -0.0981597900390625 0.023590087890625 -0.454986572265625
-0.00611877441406251 -0.0794754028320313 -0.30523681640625 -0.62158203125
-0.0155353546142578 -0.0344619750976563 -0.66021728515625 -0.34906005859375
0.00292158126831055 -0.00437617301940918 -0.70074462890625 -0.00299072265624999
0.0284214019775391 0.0261287689208984 -0.554656982421875 0.1513671875
0.0301418304443359 0.0173549652099609 -0.283050537109375 0.2008056640625
0.0316810607910156 -0.0358428955078125 -0.0442428588867187 0.0367012023925781
0.0702095031738281 -0.0186271667480469 0.0896148681640625 -0.0364990234375
0.0697097778320313 0.005279541015625 0.35565185546875 -0.1781005859375
0.0561180114746094 0.0198783874511719 0.51788330078125 -0.1240234375
0.0294857025146484 0.0346946716308594 0.63763427734375 0.13031005859375
-0.0162982940673828 0.0326862335205078 0.52337646484375 0.481781005859375
-0.0508689880371094 -0.0256881713867187 0.31378173828125 0.658935546875
-0.0190963745117187 -0.050994873046875 0.116058349609375 0.464630126953125
0.0159835815429688 -0.0840072631835937 0.11444091796875 0.00410461425781249
0.0151863098144531 -0.0688896179199219 0.0418701171875 -0.452484130859375
-0.008026123046875 -0.0485000610351563 -0.28204345703125 -0.63134765625
-0.0201663970947266 -0.0111236572265625 -0.6468505859375 -0.37432861328125
-0.0029609203338623 0.00196647644042969 -0.705322265625 -0.0274047851562499
0.0323123931884766 0.012237548828125 -0.562103271484375 0.131317138671875
0.0484580993652344 -0.00193405151367188 -0.288177490234375 0.188140869140625
0.0606956481933594 -0.0507125854492188 -0.040985107421875 0.0281524658203125
0.0977554321289063 -0.0262069702148438 0.0951461791992188 -0.04925537109375
0.0983200073242187 -0.0124282836914062 0.35101318359375 -0.19110107421875
0.0675735473632813 -0.008056640625 0.515106201171875 -0.1378173828125
0.0228614807128906 0.0220355987548828 0.64508056640625 0.10931396484375
-0.0320205688476563 0.0462608337402344 0.54400634765625 0.458160400390625
-0.0635986328125 0.00654220581054686 0.33636474609375 0.63714599609375
-0.0237751007080078 -0.0138816833496094 0.12823486328125 0.452972412109375
0.0157241821289063 -0.0518035888671875 0.117317199707031 -0.000427246093750003
0.0181159973144531 -0.0408210754394531 0.054168701171875 -0.459259033203125
-0.0116806030273438 -0.0201072692871094 -0.261962890625 -0.646484375
-0.0251407623291016 0.0121555328369141 -0.63043212890625 -0.40203857421875
-0.0107288360595703 0.00737285614013672 -0.70159912109375 -0.05517578125
0.0319442749023438 -0.000360488891601563 -0.5611572265625 0.108551025390625
0.0639495849609375 -0.0191001892089844 -0.285186767578125 0.172332763671875
0.0885086059570313 -0.063507080078125 -0.0293159484863281 0.0200824737548828
0.115257263183594 -0.0338516235351562 0.106124877929688 -0.060638427734375
0.111175537109375 -0.0270156860351562 0.345245361328125 -0.1954345703125
0.0675048828125 -0.0269393920898438 0.519622802734375 -0.13812255859375
0.011723518371582 0.0156211853027344 0.6632080078125 0.0987548828125
-0.0442047119140625 0.059661865234375 0.56787109375 0.4342041015625
-0.0688972473144531 0.0319137573242188 0.35693359375 0.60906982421875
-0.0213394165039063 0.013214111328125 0.138702392578125 0.43035888671875
0.0195827484130859 -0.0259666442871094 0.118278503417969 -0.0155868530273438
0.0199756622314453 -0.0145587921142578 0.05889892578125 -0.478302001953125
-0.0151729583740234 0.00226497650146484 -0.2489013671875 -0.6683349609375
-0.0326766967773438 0.0289936065673828 -0.61968994140625 -0.43048095703125
-0.0186328887939453 0.0109939575195313 -0.69720458984375 -0.0796508789062499
0.03253173828125 -0.0116920471191406 -0.554718017578125 0.0906372070312499
0.0780792236328125 -0.0328140258789062 -0.275115966796875 0.158859252929688
0.111190795898437 -0.068359375 -0.0101709365844726 0.0156755447387695
0.119987487792969 -0.0389480590820312 0.118827819824219 -0.0688323974609375
0.109428405761719 -0.0369949340820312 0.343780517578125 -0.195556640625
0.0576133728027344 -0.0331993103027344 0.532257080078125 -0.132354736328125
0.000873565673828126 0.0188255310058594 0.6864013671875 0.0911865234375
-0.0494232177734375 0.0714111328125 0.5904541015625 0.41021728515625
-0.0680351257324219 0.0480842590332031 0.36883544921875 0.57489013671875
-0.0156497955322266 0.0285968780517578 0.139984130859375 0.398162841796875
0.0232429504394531 -0.00963211059570312 0.115791320800781 -0.0412521362304688
0.0222549438476563 0.00150489807128906 0.059417724609375 -0.500701904296875
-0.0175857543945313 0.0166110992431641 -0.24249267578125 -0.69110107421875
-0.0409164428710938 0.0362396240234375 -0.60968017578125 -0.4541015625
-0.0271396636962891 0.00687026977539063 -0.68719482421875 -0.0991210937499999
0.0322208404541016 -0.0236854553222656 -0.54266357421875 0.078369140625
0.0882110595703125 -0.041412353515625 -0.260482788085938 0.149932861328125
0.12738037109375 -0.0658340454101563 0.0124778747558594 0.0144424438476562
-0.0280055999755859 0.0211067199707031 0.123649597167969 -0.0166778564453125
-0.0246696472167969 0.0683555603027344 0.354736328125 -0.11175537109375
0.0121536254882813 0.0852813720703125 0.54656982421875 -0.020233154296875
0.0398216247558594 0.041229248046875 0.6767578125 0.2149658203125
0.0195522308349609 -0.0299720764160156 0.518829345703125 0.501953125
-0.008392333984375 -0.117835998535156 0.271484375 0.6163330078125
0.0059661865234375 -0.147308349609375 0.0755615234375 0.371551513671875
0.032958984375 -0.170089721679688 0.0843582153320313 -0.098907470703125
0.0261383056640625 -0.146865844726563 -0.03125 -0.51629638671875
0.0185470581054687 -0.130531311035156 -0.356689453125 -0.648193359375
0.00687026977539062 -0.069976806640625 -0.67474365234375 -0.33636474609375
0.0138654708862305 0.00252056121826172 -0.66632080078125 0.0167236328125001
-0.00262069702148438 0.0692672729492188 -0.5086669921875 0.182373046875
-0.0328178405761719 0.053466796875 -0.248916625976563 0.2156982421875
-0.0343551635742188 -0.000991821289062495 -0.00844955444335938 0.0493965148925781
-0.0160512924194336 0.0103368759155273 0.105865478515625 -0.0154266357421875
-0.0171012878417969 0.057525634765625 0.35040283203125 -0.126373291015625
0.01409912109375 0.084014892578125 0.532012939453125 -0.040802001953125
0.0405540466308594 0.0532608032226563 0.6612548828125 0.20538330078125
0.0211753845214844 -0.0151138305664063 0.51031494140625 0.51251220703125
-0.0106887817382812 -0.108528137207031 0.27520751953125 0.64288330078125
0.00296020507812499 -0.139846801757813 0.085693359375 0.408660888671875
0.0257110595703125 -0.162399291992188 0.0908889770507813 -0.06353759765625
0.0191574096679688 -0.139617919921875 -0.014556884765625 -0.488189697265625
0.00743103027343751 -0.124214172363281 -0.346923828125 -0.628662109375
-0.00161743164062499 -0.0689773559570313 -0.680419921875 -0.32672119140625
0.0121822357177734 -0.00642776489257813 -0.68426513671875 0.0215454101562501
0.0121002197265625 0.0572891235351563 -0.52484130859375 0.176300048828125
-0.0130195617675781 0.0480499267578125 -0.263092041015625 0.213470458984375
-0.0207633972167969 -0.00823402404785156 -0.028106689453125 0.0464096069335938
0.00573253631591797 -0.00167703628540039 0.0948715209960938 -0.0188446044921875
0.00263595581054688 0.0412330627441406 0.35052490234375 -0.143096923828125
0.021209716796875 0.0734405517578125 0.522918701171875 -0.070037841796875
0.0377388000488281 0.0560417175292969 0.646240234375 0.18505859375
0.0139636993408203 0.00331020355224609 0.50738525390625 0.51055908203125
-0.0204315185546875 -0.0865020751953125 0.2825927734375 0.6612548828125
-0.00336456298828125 -0.118881225585938 0.09478759765625 0.439422607421875
0.02069091796875 -0.144912719726563 0.0982284545898438 -0.0321426391601563
0.0141677856445312 -0.123245239257813 0.00311279296874997 -0.468597412109375
-0.000572204589843749 -0.10595703125 -0.3302001953125 -0.62054443359375
-0.00994491577148438 -0.0564804077148437 -0.673095703125 -0.330322265625
0.00890159606933594 -0.00830078125 -0.696044921875 0.0159912109375
0.0234603881835937 0.0412940979003906 -0.54339599609375 0.168060302734375
0.0106620788574219 0.0349845886230469 -0.275665283203125 0.209335327148438
0.00246620178222656 -0.0202598571777344 -0.0402374267578125 0.0421676635742188
0.0368309020996094 -0.00979995727539062 0.0876007080078125 -0.027099609375
0.0343494415283203 0.0226097106933594 0.354522705078125 -0.163055419921875
0.0355949401855469 0.0492362976074219 0.51959228515625 -0.10357666015625
0.0326614379882813 0.0495376586914063 0.63604736328125 0.1558837890625
0.00121498107910156 0.019012451171875 0.5111083984375 0.495697021484375
-0.0344161987304688 -0.0569801330566406 0.2969970703125 0.66546630859375
-0.0125961303710938 -0.0876541137695313 0.104949951171875 0.457244873046875
0.017364501953125 -0.116561889648438 0.107749938964844 -0.00849151611328126
0.013702392578125 -0.0977325439453125 0.023284912109375 -0.45440673828125
-0.00624847412109376 -0.078643798828125 -0.30572509765625 -0.62054443359375
-0.0170059204101562 -0.0349636077880859 -0.65869140625 -0.34393310546875
0.00297832489013672 -0.00571298599243164 -0.70098876953125 -0.0007934570312499
0.0295143127441406 0.0256576538085938 -0.553680419921875 0.15191650390625
0.0307712554931641 0.0170955657958984 -0.283935546875 0.201202392578125
0.030426025390625 -0.0363273620605469 -0.0444107055664063 0.0364151000976562
0.0692558288574219 -0.0194625854492187 0.0891036987304687 -0.0367584228515625
0.0695343017578125 0.00537109375 0.3543701171875 -0.1793212890625
0.0548171997070312 0.0203628540039063 0.51708984375 -0.1263427734375
0.0293216705322266 0.0348243713378906 0.63726806640625 0.1265869140625
-0.0162715911865234 0.0327281951904297 0.524810791015625 0.47723388671875
-0.0507354736328125 -0.0238494873046875 0.31683349609375 0.65704345703125
-0.0200309753417969 -0.0501937866210937 0.1165771484375 0.462982177734375
0.015533447265625 -0.0838699340820313 0.114547729492187 0.00354766845703124
0.0154838562011719 -0.0686531066894531 0.04193115234375 -0.453094482421875
-0.00959777832031251 -0.0494308471679688 -0.2825927734375 -0.6290283203125
-0.0204963684082031 -0.0107269287109375 -0.6456298828125 -0.37115478515625
-0.00311779975891113 0.00141477584838867 -0.7056884765625 -0.0244750976562501
0.0326042175292969 0.0134296417236328 -0.56231689453125 0.13287353515625
0.0492172241210938 -0.00202560424804688 -0.287750244140625 0.188140869140625
0.0600051879882813 -0.0525054931640625 -0.0404243469238281 0.0294380187988281
0.0971603393554688 -0.0270004272460938 0.0961990356445313 -0.0501708984375
0.0985260009765625 -0.01324462890625 0.3489990234375 -0.193359375
0.066650390625 -0.00760269165039062 0.514190673828125 -0.140289306640625
0.0218505859375 0.0212993621826172 0.64483642578125 0.10699462890625
-0.0307159423828125 0.0459365844726562 0.54376220703125 0.4532470703125
-0.0640029907226563 0.00647354125976564 0.337646484375 0.63616943359375
-0.0232143402099609 -0.0132904052734375 0.13140869140625 0.452178955078125
0.0166015625 -0.0517768859863281 0.116851806640625 0.000823974609374997
0.0177345275878906 -0.0411415100097656 0.052520751953125 -0.459808349609375
-0.0109806060791016 -0.0209407806396484 -0.2645263671875 -0.6446533203125
-0.0256595611572266 0.0122184753417969 -0.6328125 -0.39923095703125
-0.00977897644042969 0.00797462463378906 -0.70343017578125 -0.0517578125
0.0318145751953125 -0.000171661376953125 -0.560638427734375 0.109832763671875
0.0647430419921875 -0.0203399658203125 -0.285369873046875 0.174072265625
0.08734130859375 -0.0624313354492188 -0.0307960510253906 0.0213813781738281
0.113441467285156 -0.0358428955078125 0.105445861816406 -0.0618209838867188
0.110641479492188 -0.028350830078125 0.345001220703125 -0.19854736328125
0.0681495666503906 -0.0270652770996094 0.517578125 -0.140899658203125
0.0121440887451172 0.0156984329223633 0.66326904296875 0.09454345703125
-0.0431175231933594 0.0595970153808594 0.56878662109375 0.432373046875
-0.0698471069335937 0.0327949523925781 0.3592529296875 0.6065673828125
-0.0214862823486328 0.0143928527832031 0.140350341796875 0.431304931640625
0.0181503295898438 -0.0248165130615234 0.117538452148437 -0.0156402587890625
0.019866943359375 -0.0161476135253906 0.058258056640625 -0.477752685546875
-0.0147056579589844 0.00281333923339844 -0.25091552734375 -0.6654052734375
-0.0327701568603516 0.0288581848144531 -0.6217041015625 -0.42657470703125
-0.0181770324707031 0.0108909606933594 -0.69586181640625 -0.0773315429687498
0.0323848724365234 -0.0130367279052734 -0.554412841796875 0.09161376953125
0.0787277221679688 -0.0332412719726563 -0.27423095703125 0.159210205078125
0.110435485839844 -0.0701904296875 -0.0110645294189453 0.016331672668457
0.119285583496094 -0.040008544921875 0.119209289550781 -0.070159912109375
0.108512878417969 -0.037841796875 0.34368896484375 -0.1954345703125
0.0569801330566406 -0.0334281921386719 0.53106689453125 -0.135711669921875
0.000881195068359376 0.0192718505859375 0.68389892578125 0.084716796875
-0.0472412109375 0.0711746215820313 0.5927734375 0.407470703125
-0.0670967102050781 0.0488624572753906 0.37188720703125 0.57159423828125
-0.0158157348632812 0.0293407440185547 0.14044189453125 0.397369384765625
0.0225963592529297 -0.00898170471191406 0.114768981933594 -0.0424423217773437
0.0216903686523438 0.000148773193359375 0.056793212890625 -0.501556396484375
-0.0177688598632812 0.0174121856689453 -0.243896484375 -0.68988037109375
-0.03973388671875 0.03643798828125 -0.61041259765625 -0.4508056640625
-0.0273952484130859 0.00700759887695313 -0.6856689453125 -0.0967407226562499
0.0328407287597656 -0.0243301391601563 -0.541290283203125 0.07940673828125
0.0884017944335938 -0.0422744750976563 -0.259384155273437 0.1507568359375
0.126609802246094 -0.0660400390625 0.0116958618164063 0.0138072967529297
-0.0283432006835938 0.0201511383056641 0.124275207519531 -0.0182571411132813
-0.0240097045898438 0.068817138671875 0.353973388671875 -0.1143798828125
0.0136337280273437 0.0855789184570313 0.546630859375 -0.02252197265625
0.0404472351074219 0.0409088134765625 0.679931640625 0.21185302734375
0.0203742980957031 -0.0300178527832031 0.522430419921875 0.49835205078125
-0.00917816162109376 -0.117851257324219 0.27423095703125 0.6163330078125
0.00480651855468749 -0.14617919921875 0.077056884765625 0.37225341796875
0.0302581787109375 -0.169662475585938 0.082000732421875 -0.09906005859375
0.0261077880859375 -0.147003173828125 -0.03192138671875 -0.516357421875
0.0182113647460938 -0.131233215332031 -0.35797119140625 -0.647216796875
0.00609588623046875 -0.07049560546875 -0.678466796875 -0.3333740234375
0.0118637084960938 0.00181293487548828 -0.6668701171875 0.02154541015625
-0.00075912475585938 0.0691604614257813 -0.506134033203125 0.18377685546875
-0.0332260131835938 0.0537605285644531 -0.249404907226563 0.217269897460937
-0.0344696044921875 -0.0008087158203125 -0.00891494750976562 0.0504112243652344
-0.0162248611450195 0.00879669189453125 0.107490539550781 -0.0178375244140625
-0.0171051025390625 0.0573158264160156 0.3507080078125 -0.126861572265625
0.0139846801757813 0.085784912109375 0.5316162109375 -0.040985107421875
0.0405502319335938 0.0533790588378906 0.65960693359375 0.1995849609375
0.0208950042724609 -0.0160045623779297 0.5130615234375 0.508758544921875
-0.0104293823242188 -0.107940673828125 0.27880859375 0.641357421875
0.00318908691406251 -0.140716552734375 0.087554931640625 0.407318115234375
0.0245513916015625 -0.16253662109375 0.09002685546875 -0.06219482421875
0.018646240234375 -0.140045166015625 -0.0173034667968749 -0.487762451171875
0.00784301757812499 -0.124916076660156 -0.34930419921875 -0.6280517578125
-0.00304031372070312 -0.0685348510742188 -0.67962646484375 -0.3223876953125
0.0114603042602539 -0.00662136077880859 -0.6845703125 0.02410888671875
0.013763427734375 0.0556793212890625 -0.525482177734375 0.17901611328125
-0.0121269226074219 0.0481834411621094 -0.263809204101563 0.213729858398438
-0.0214176177978516 -0.00786209106445312 -0.0292015075683594 0.046051025390625
0.00495433807373047 -0.00177621841430664 0.0949935913085938 -0.0190963745117188
0.002655029296875 0.0412406921386719 0.34967041015625 -0.145843505859375
0.0210800170898438 0.0735397338867187 0.522552490234375 -0.072662353515625
0.0379562377929688 0.0565948486328125 0.64715576171875 0.1806640625
0.0146846771240234 0.003509521484375 0.50994873046875 0.506622314453125
-0.0213623046875 -0.0860671997070313 0.28466796875 0.65948486328125
-0.00534820556640624 -0.118316650390625 0.094512939453125 0.437530517578125
0.020050048828125 -0.144195556640625 0.0989303588867188 -0.0311508178710938
0.0149688720703125 -0.123764038085937 0.00277709960937496 -0.46820068359375
-0.00173187255859375 -0.105178833007812 -0.3326416015625 -0.61871337890625
-0.00972747802734375 -0.0551948547363281 -0.67437744140625 -0.32708740234375
0.00796222686767578 -0.00964069366455078 -0.69488525390625 0.0178833007812501
0.0242919921875 0.0399055480957031 -0.542572021484375 0.169830322265625
0.0103054046630859 0.0337085723876953 -0.274948120117188 0.209716796875
0.000278472900390627 -0.0209331512451172 -0.0412788391113281 0.0430488586425781
0.0367164611816406 -0.0117263793945313 0.0885467529296875 -0.0283889770507812
0.0332813262939453 0.0227832794189453 0.353271484375 -0.164459228515625
0.0368766784667969 0.049774169921875 0.5181884765625 -0.104095458984375
0.0337066650390625 0.0490379333496094 0.6376953125 0.1512451171875
0.000743865966796875 0.0189170837402344 0.513031005859375 0.493499755859375
-0.0351333618164063 -0.0570030212402344 0.29742431640625 0.66436767578125
-0.014068603515625 -0.08636474609375 0.10565185546875 0.457550048828125
0.0157394409179687 -0.115150451660156 0.107093811035156 -0.00734710693359376
0.013275146484375 -0.0983352661132813 0.0224609375 -0.4554443359375
-0.00644683837890625 -0.0782623291015625 -0.30743408203125 -0.61883544921875
-0.0168819427490234 -0.0348854064941406 -0.66033935546875 -0.34222412109375
0.00262022018432617 -0.00576210021972656 -0.70166015625 0.00286865234374999
0.0300273895263672 0.0250873565673828 -0.553985595703125 0.154937744140625
0.0308856964111328 0.0164680480957031 -0.2841796875 0.2015380859375
0.029449462890625 -0.0362281799316406 -0.0456085205078125 0.0371170043945313
0.0691299438476563 -0.019744873046875 0.0883102416992188 -0.0385818481445313
0.0701179504394531 0.00381851196289063 0.3526611328125 -0.181365966796875
0.0566825866699219 0.01983642578125 0.5159912109375 -0.129119873046875
0.0294532775878906 0.0349864959716797 0.637939453125 0.122314453125
-0.0151481628417969 0.0324001312255859 0.52630615234375 0.4739990234375
-0.05157470703125 -0.0248336791992188 0.31689453125 0.656005859375
-0.0208816528320313 -0.0499076843261719 0.119049072265625 0.462646484375
0.0144424438476562 -0.0829544067382813 0.113479614257813 0.00366973876953124
0.0157814025878906 -0.0683135986328125 0.041351318359375 -0.453369140625
-0.00897598266601562 -0.0503196716308594 -0.2830810546875 -0.6279296875
-0.0220603942871094 -0.0107631683349609 -0.64776611328125 -0.36798095703125
-0.0023810863494873 0.00156569480895996 -0.70574951171875 -0.0219116210937499
0.033355712890625 0.0113754272460938 -0.56146240234375 0.134674072265625
0.0504722595214844 -0.00191497802734375 -0.287841796875 0.188934326171875
0.0595970153808594 -0.052886962890625 -0.0416793823242187 0.0291213989257813
0.0958023071289062 -0.0281753540039062 0.0947036743164063 -0.0517654418945313
0.0981979370117188 -0.0145111083984375 0.349884033203125 -0.19354248046875
0.0675888061523437 -0.0086517333984375 0.512115478515625 -0.142333984375
0.0221786499023438 0.0214977264404297 0.6455078125 0.10205078125
-0.0314064025878906 0.0450935363769531 0.546142578125 0.450714111328125
-0.0642242431640625 0.00719451904296874 0.3399658203125 0.63299560546875
-0.0228099822998047 -0.0134754180908203 0.132080078125 0.45306396484375
0.0145835876464844 -0.0507087707519531 0.116920471191406 -0.000617980957031253
0.0179100036621094 -0.0405540466308594 0.050079345703125 -0.46038818359375
-0.0119667053222656 -0.020721435546875 -0.265380859375 -0.642578125
-0.0251636505126953 0.0122604370117188 -0.63372802734375 -0.39813232421875
-0.00967979431152344 0.00770664215087891 -0.703857421875 -0.0477905273437501
0.0337162017822266 -0.000621795654296875 -0.559967041015625 0.113189697265625
0.0634384155273438 -0.01953125 -0.28521728515625 0.17315673828125
0.0883865356445313 -0.0644912719726563 -0.0307464599609375 0.0216541290283203
0.113906860351563 -0.0355300903320313 0.105644226074219 -0.061004638671875
0.11077880859375 -0.0291061401367188 0.343048095703125 -0.199432373046875
0.0679740905761719 -0.027191162109375 0.51702880859375 -0.143157958984375
0.0119476318359375 0.0153751373291016 0.662841796875 0.09051513671875
-0.0439491271972656 0.0598487854003906 0.57159423828125 0.4276123046875
-0.0696029663085938 0.0333671569824219 0.36041259765625 0.60552978515625
-0.0224037170410156 0.0150032043457031 0.14007568359375 0.430084228515625
0.0174007415771484 -0.0252170562744141 0.117805480957031 -0.0155181884765625
0.0204982757568359 -0.0159702301025391 0.05633544921875 -0.4779052734375
-0.0145673751831055 0.00312519073486328 -0.2542724609375 -0.6641845703125
-0.0326957702636719 0.0289249420166016 -0.6192626953125 -0.424560546875
-0.0176029205322266 0.00960731506347656 -0.69873046875 -0.0742187500000001
0.0335960388183594 -0.0125923156738281 -0.554840087890625 0.094207763671875
0.0777435302734375 -0.0343017578125 -0.274658203125 0.158767700195312
0.110977172851562 -0.0697555541992187 -0.0115566253662109 0.0152559280395508
0.118331909179688 -0.0414886474609375 0.118782043457031 -0.0706024169921875
0.107414245605469 -0.0382003784179688 0.3416748046875 -0.197784423828125
0.0585289001464844 -0.0333404541015625 0.52935791015625 -0.138214111328125
0.000408172607421874 0.0190525054931641 0.68463134765625 0.08056640625
-0.04736328125 0.071868896484375 0.5946044921875 0.40362548828125
-0.06768798828125 0.0488739013671875 0.37420654296875 0.56988525390625
-0.0159511566162109 0.0296669006347656 0.14178466796875 0.3978271484375
0.0224361419677734 -0.00855445861816406 0.11419677734375 -0.0443878173828125
0.0211009979248047 -0.000127792358398438 0.05609130859375 -0.502593994140625
-0.0179328918457031 0.0172843933105469 -0.24554443359375 -0.68804931640625
-0.0405197143554687 0.0372886657714844 -0.6107177734375 -0.4481201171875
-0.0282211303710938 0.00506591796875 -0.6885986328125 -0.0921020507812502
0.0329818725585938 -0.0245704650878906 -0.54095458984375 0.0825805664062499
0.0899200439453125 -0.0433807373046875 -0.259933471679688 0.151031494140625
0.126579284667969 -0.0677108764648438 0.00911903381347657 0.0138893127441406
-0.0280742645263672 0.0197467803955078 0.123977661132813 -0.019561767578125
-0.0240325927734375 0.0692329406738281 0.355682373046875 -0.114959716796875
0.0122528076171875 0.0859756469726563 0.548980712890625 -0.024200439453125
0.0403556823730469 0.0411262512207031 0.68194580078125 0.20880126953125
0.0213165283203125 -0.0316066741943359 0.525848388671875 0.49627685546875
-0.00986480712890626 -0.117477416992188 0.2757568359375 0.61492919921875
0.00498962402343749 -0.145767211914063 0.07781982421875 0.3720703125
0.0290985107421875 -0.170013427734375 0.0816650390625 -0.0986099243164063
0.02496337890625 -0.148651123046875 -0.03253173828125 -0.515960693359375
0.0174942016601562 -0.132057189941406 -0.3614501953125 -0.6453857421875
0.00492858886718751 -0.070526123046875 -0.67840576171875 -0.33233642578125
0.0128917694091797 0.00142478942871094 -0.66943359375 0.0227050781249999
-0.000576019287109369 0.0690078735351562 -0.506256103515625 0.1854248046875
-0.0317764282226562 0.0533065795898438 -0.248764038085938 0.218032836914062
-0.0350112915039063 -0.000610351562499993 -0.00983428955078125 0.0497779846191406
-0.0164480209350586 0.00814247131347656 0.106452941894531 -0.0186538696289063
-0.0169410705566406 0.0567283630371094 0.348724365234375 -0.12945556640625
0.0141754150390625 0.08599853515625 0.534149169921875 -0.044189453125
0.0414276123046875 0.053375244140625 0.66156005859375 0.19805908203125
0.0227680206298828 -0.0163402557373047 0.514892578125 0.506500244140625
-0.010162353515625 -0.108345031738281 0.28131103515625 0.64251708984375
0.0011444091796875 -0.13836669921875 0.088104248046875 0.408294677734375
0.0225372314453125 -0.162017822265625 0.0884780883789063 -0.0628890991210938
0.0171356201171875 -0.140975952148438 -0.018524169921875 -0.488189697265625
0.00603485107421876 -0.124488830566406 -0.3516845703125 -0.62506103515625
-0.00202178955078125 -0.0693931579589844 -0.68255615234375 -0.31988525390625
0.0130815505981445 -0.00652885437011719 -0.68511962890625 0.02728271484375
0.0142440795898438 0.0565605163574219 -0.524871826171875 0.18157958984375
-0.0118980407714844 0.0480079650878906 -0.26336669921875 0.215286254882813
-0.0213546752929687 -0.00811195373535156 -0.0293159484863281 0.04681396484375
0.00559806823730469 -0.00220823287963867 0.0941009521484375 -0.0211334228515625
0.00142288208007812 0.0398902893066406 0.350006103515625 -0.1466064453125
0.0218124389648437 0.0735015869140625 0.522430419921875 -0.074798583984375
0.037506103515625 0.0567779541015625 0.6463623046875 0.17779541015625
0.0151386260986328 0.00128746032714844 0.512542724609375 0.505096435546875
-0.0205764770507812 -0.0857696533203125 0.28662109375 0.65838623046875
-0.004974365234375 -0.11822509765625 0.097808837890625 0.43780517578125
0.0175628662109375 -0.143630981445313 0.097320556640625 -0.0320053100585938
0.0123138427734375 -0.123832702636719 0.00177001953125001 -0.468505859375
-0.00209808349609374 -0.106719970703125 -0.335205078125 -0.6171875
-0.0106353759765625 -0.0555305480957031 -0.67620849609375 -0.32470703125
0.00730133056640625 -0.00916671752929688 -0.69805908203125 0.0212402343749998
0.0239105224609375 0.0403785705566406 -0.54144287109375 0.172271728515625
0.010528564453125 0.034820556640625 -0.274917602539063 0.210784912109375
0.00113677978515625 -0.0211658477783203 -0.0417709350585937 0.0419273376464844
0.0348472595214844 -0.0123176574707031 0.088134765625 -0.028106689453125
0.0334587097167969 0.0226840972900391 0.35186767578125 -0.16632080078125
0.0370674133300781 0.0484771728515625 0.51898193359375 -0.107452392578125
0.0351524353027344 0.0497589111328125 0.6378173828125 0.1490478515625
0.00176239013671875 0.0182113647460938 0.514434814453125 0.490753173828125
-0.0359344482421875 -0.0575370788574219 0.3013916015625 0.6641845703125
-0.0145339965820312 -0.085357666015625 0.10797119140625 0.457855224609375
0.0154190063476563 -0.115974426269531 0.107223510742187 -0.00805664062500001
0.0124053955078125 -0.0992965698242188 0.021240234375 -0.45526123046875
-0.00769042968749999 -0.0797500610351563 -0.30975341796875 -0.617919921875
-0.0164089202880859 -0.0336246490478516 -0.662353515625 -0.3402099609375
0.00306558609008789 -0.00642108917236328 -0.7034912109375 0.00427246093750003
0.0305900573730469 0.0249595642089844 -0.55377197265625 0.15716552734375
0.0315055847167969 0.0160503387451172 -0.283416748046875 0.202972412109375
0.0290718078613281 -0.0380516052246094 -0.04620361328125 0.036773681640625
0.0683174133300781 -0.0208930969238281 0.0884017944335938 -0.03936767578125
0.069305419921875 0.00360107421875 0.352020263671875 -0.182952880859375
0.0553550720214844 0.0201950073242188 0.51617431640625 -0.13232421875
0.0311088562011719 0.0346431732177734 0.638916015625 0.1187744140625
-0.0148696899414063 0.0334796905517578 0.529205322265625 0.47186279296875
-0.0522117614746094 -0.0233230590820312 0.3209228515625 0.6549072265625
-0.0222396850585938 -0.0486259460449219 0.120391845703125 0.464111328125
0.01275634765625 -0.0833663940429688 0.113212585449219 0.00253295898437499
0.0147132873535156 -0.0690116882324219 0.03997802734375 -0.45294189453125
-0.00915145874023438 -0.0498733520507813 -0.28729248046875 -0.62646484375
-0.0201778411865234 -0.0103168487548828 -0.64996337890625 -0.3648681640625
-0.00330543518066406 0.00103163719177246 -0.707275390625 -0.017333984375
0.0324134826660156 0.0118427276611328 -0.56072998046875 0.135986328125
0.0492095947265625 -0.00333786010742188 -0.288909912109375 0.189697265625
0.0584754943847656 -0.0527572631835938 -0.043853759765625 0.0292778015136719
0.0957717895507813 -0.0285720825195313 0.0952911376953125 -0.0526657104492188
0.09759521484375 -0.0147933959960938 0.347808837890625 -0.196868896484375
0.0691413879394531 -0.00840377807617188 0.511260986328125 -0.144500732421875
0.02288818359375 0.0202999114990234 0.64459228515625 0.09808349609375
-0.0310478210449219 0.0459365844726563 0.547943115234375 0.447296142578125
-0.064849853515625 0.00815200805664064 0.34320068359375 0.632568359375
-0.0236835479736328 -0.0120124816894531 0.132476806640625 0.453582763671875
0.0143051147460937 -0.0509185791015625 0.11578369140625 -1.52587890625031E-05
0.0181083679199219 -0.0400505065917969 0.051361083984375 -0.46087646484375
-0.01165771484375 -0.0202007293701172 -0.268798828125 -0.642333984375
-0.0265617370605469 0.0121612548828125 -0.6353759765625 -0.39483642578125
-0.0102815628051758 0.00804424285888672 -0.70538330078125 -0.0446777343749999
0.0333061218261719 -0.00188446044921875 -0.56158447265625 0.112884521484375
0.0653648376464844 -0.0201148986816406 -0.2845458984375 0.174713134765625
0.0864715576171875 -0.0644378662109375 -0.0311794281005859 0.0223064422607422
0.113525390625 -0.036651611328125 0.1048583984375 -0.0636062622070313
0.111648559570312 -0.0295028686523437 0.342071533203125 -0.201171875
0.0678367614746094 -0.0285110473632813 0.51611328125 -0.14691162109375
0.0117521286010742 0.0156717300415039 0.66229248046875 0.08538818359375
-0.0420951843261719 0.060211181640625 0.57244873046875 0.4251708984375
-0.0694427490234375 0.0351371765136719 0.3634033203125 0.60430908203125
-0.0224246978759766 0.015289306640625 0.14141845703125 0.43017578125
0.0173873901367188 -0.0251045227050781 0.117225646972656 -0.0162887573242188
0.0197963714599609 -0.0165271759033203 0.054840087890625 -0.478271484375
-0.0146598815917969 0.00258255004882812 -0.25372314453125 -0.66339111328125
-0.0321235656738281 0.0298557281494141 -0.6217041015625 -0.421875
-0.0184974670410156 0.009246826171875 -0.69989013671875 -0.0718383789062499
0.0326213836669922 -0.0143680572509766 -0.55487060546875 0.0951232910156249
0.0784530639648438 -0.0347061157226563 -0.275115966796875 0.161041259765625
0.110519409179688 -0.0702896118164062 -0.0136165618896484 0.0155134201049805
0.118309020996094 -0.0419540405273438 0.118484497070313 -0.0720367431640625
0.108314514160156 -0.0395660400390625 0.341400146484375 -0.198455810546875
0.0560836791992187 -0.03350830078125 0.529083251953125 -0.140289306640625
-0.00029754638671875 0.0187206268310547 0.6845703125 0.07708740234375
-0.047393798828125 0.0727691650390625 0.59552001953125 0.40142822265625
-0.0678215026855469 0.0507316589355469 0.3763427734375 0.5703125
-0.0165538787841797 0.0305709838867188 0.144073486328125 0.39654541015625
0.0219745635986328 -0.00664901733398438 0.113731384277344 -0.0433197021484375
0.0215702056884766 0.000864028930664063 0.05511474609375 -0.503021240234375
-0.0172004699707031 0.0170345306396484 -0.24945068359375 -0.6878662109375
-0.0401115417480469 0.0380134582519531 -0.6121826171875 -0.446044921875
-0.0278091430664062 0.00621414184570313 -0.6893310546875 -0.0900268554687499
0.0328731536865234 -0.0261898040771484 -0.541259765625 0.0835876464843751
0.0889511108398437 -0.0438079833984375 -0.259933471679688 0.151412963867187
0.124786376953125 -0.0677871704101563 0.0103673934936523 0.0149192810058594
-0.0288734436035156 0.0197181701660156 0.123336791992187 -0.0217819213867188
-0.0230598449707031 0.0686111450195313 0.35406494140625 -0.119232177734375
0.0123291015625 0.0862655639648437 0.549102783203125 -0.026702880859375
0.0411872863769531 0.041473388671875 0.6824951171875 0.2041015625
0.0213527679443359 -0.0326881408691406 0.5286865234375 0.492889404296875
-0.00979614257812501 -0.119255065917969 0.28076171875 0.61309814453125
0.00274658203125001 -0.14605712890625 0.079132080078125 0.372528076171875
0.02789306640625 -0.169113159179688 0.08013916015625 -0.0980911254882813
0.0240020751953125 -0.14776611328125 -0.033538818359375 -0.51702880859375
0.016448974609375 -0.132408142089844 -0.3642578125 -0.64404296875
0.00553512573242188 -0.0700111389160156 -0.68218994140625 -0.32763671875
0.0126256942749023 0.00114822387695313 -0.67034912109375 0.0264892578125001
0.00107574462890626 0.0693359375 -0.506256103515625 0.18914794921875
-0.0307540893554688 0.0540428161621094 -0.248062133789063 0.218856811523437
-0.0357742309570313 -0.000141143798828123 -0.0111846923828125 0.0507736206054688
-0.0167903900146484 0.00819206237792969 0.10638427734375 -0.0197830200195312
-0.0174102783203125 0.05682373046875 0.3485107421875 -0.132537841796875
0.015228271484375 0.0881271362304688 0.534942626953125 -0.04827880859375
0.0406341552734375 0.0525093078613281 0.66229248046875 0.19293212890625
0.0215187072753906 -0.0176658630371094 0.51898193359375 0.501953125
-0.0126571655273437 -0.10870361328125 0.2835693359375 0.6400146484375
-0.000129699707031259 -0.138397216796875 0.089385986328125 0.408416748046875
0.0214996337890625 -0.161758422851563 0.0873489379882813 -0.0631484985351563
0.0171661376953125 -0.141708374023438 -0.01922607421875 -0.488922119140625
0.00513458251953125 -0.124595642089844 -0.35333251953125 -0.6239013671875
-0.00329208374023438 -0.069244384765625 -0.6837158203125 -0.317626953125
0.0130300521850586 -0.00725364685058594 -0.68646240234375 0.0308837890625
0.0158538818359375 0.056304931640625 -0.524932861328125 0.183929443359375
-0.0109519958496094 0.0487709045410156 -0.263153076171875 0.216217041015625
-0.0227069854736328 -0.0077362060546875 -0.0298004150390625 0.0472183227539063
0.00475025177001953 -0.00367975234985352 0.0945205688476563 -0.021942138671875
0.000766754150390629 0.0401191711425781 0.3499755859375 -0.149444580078125
0.02301025390625 0.0750732421875 0.523681640625 -0.07806396484375
0.0391464233398438 0.056610107421875 0.64886474609375 0.17315673828125
0.0159082412719727 0.00200366973876953 0.515472412109375 0.501373291015625
-0.0214614868164063 -0.0865936279296875 0.29058837890625 0.6578369140625
-0.00811004638671875 -0.118392944335938 0.09893798828125 0.43975830078125
0.016448974609375 -0.144424438476563 0.097991943359375 -0.0317840576171875
0.0113677978515625 -0.123771667480469 0.000183105468750049 -0.4686279296875
-0.0034637451171875 -0.105690002441406 -0.33831787109375 -0.6158447265625
-0.0110588073730469 -0.05584716796875 -0.677490234375 -0.320068359375
0.00851058959960938 -0.0098724365234375 -0.6964111328125 0.0244140625
0.0254058837890625 0.039764404296875 -0.543670654296875 0.175201416015625
0.0122165679931641 0.0343647003173828 -0.274505615234375 0.2119140625
0.00137901306152344 -0.0216140747070313 -0.042022705078125 0.0434646606445313
0.0351829528808594 -0.0133438110351563 0.0881423950195313 -0.0303421020507813
0.0338687896728516 0.0221042633056641 0.35028076171875 -0.1695556640625
0.0382423400878906 0.0494651794433594 0.518951416015625 -0.10955810546875
0.0352668762207031 0.0487098693847656 0.6380615234375 0.14300537109375
0.0020294189453125 0.0192508697509766 0.51806640625 0.488189697265625
-0.0350112915039062 -0.0555801391601563 0.30322265625 0.66107177734375
-0.0156021118164062 -0.085540771484375 0.10943603515625 0.45880126953125
0.01300048828125 -0.115447998046875 0.105766296386719 -0.00734710693359376
0.01220703125 -0.0980072021484375 0.0203857421875 -0.4566650390625
-0.00759887695312501 -0.0793533325195313 -0.31317138671875 -0.61627197265625
-0.0165863037109375 -0.0342903137207031 -0.66326904296875 -0.3372802734375
0.00345849990844727 -0.0064697265625 -0.705322265625 0.00927734375000015
0.0316791534423828 0.0256252288818359 -0.5548095703125 0.15814208984375
0.0327816009521484 0.0172748565673828 -0.28326416015625 0.204376220703125
0.0288276672363281 -0.0374717712402344 -0.0480270385742187 0.0375137329101563
0.0671005249023438 -0.0220375061035156 0.0883102416992188 -0.0411453247070313
0.0689926147460938 0.00324249267578125 0.352569580078125 -0.185699462890625
0.0551223754882813 0.0194625854492187 0.51531982421875 -0.13507080078125
0.0305213928222656 0.03570556640625 0.639404296875 0.11572265625
-0.0155620574951172 0.0332794189453125 0.530181884765625 0.469390869140625
-0.0509910583496094 -0.0222816467285156 0.32421875 0.65301513671875
-0.0222587585449219 -0.0478858947753906 0.1226806640625 0.462738037109375
0.0129318237304687 -0.0827484130859375 0.111976623535156 0.00356292724609375
0.0147552490234375 -0.0699577331542969 0.037017822265625 -0.453948974609375
-0.0106086730957031 -0.0489959716796875 -0.2884521484375 -0.62646484375
-0.0214881896972656 -0.00866889953613281 -0.6505126953125 -0.3614501953125
-0.00256061553955078 0.00038313865661621 -0.7086181640625 -0.0144042968750001
0.0337638854980469 0.0105800628662109 -0.561920166015625 0.13909912109375
0.0496826171875 -0.00262451171875 -0.28839111328125 0.19110107421875
0.0575904846191406 -0.0530776977539062 -0.0444908142089844 0.0296211242675781
0.0951614379882813 -0.0301742553710938 0.0933685302734375 -0.0539779663085938
0.0968856811523437 -0.0144119262695312 0.347076416015625 -0.197998046875
0.0674362182617188 -0.00834274291992187 0.51239013671875 -0.148468017578125
0.0235729217529297 0.0211124420166016 0.6451416015625 0.09429931640625
-0.0306282043457031 0.0467796325683594 0.55047607421875 0.44525146484375
-0.0645408630371094 0.00975418090820314 0.34649658203125 0.6314697265625
-0.0242919921875 -0.0116920471191406 0.134185791015625 0.452972412109375
0.014068603515625 -0.0502204895019531 0.116180419921875 -6.10351562500031E-05
0.017486572265625 -0.0415077209472656 0.049102783203125 -0.46038818359375
-0.0125083923339844 -0.019775390625 -0.27081298828125 -0.6414794921875
-0.0259132385253906 0.0130462646484375 -0.63641357421875 -0.39306640625
-0.00980281829833984 0.00590038299560547 -0.70648193359375 -0.0410156249999999
0.0339069366455078 -0.00132942199707031 -0.56134033203125 0.116790771484375
0.0651512145996094 -0.0202102661132812 -0.285186767578125 0.1761474609375
0.0863876342773437 -0.06591796875 -0.0324859619140625 0.0218772888183594
0.112770080566406 -0.0377349853515625 0.104278564453125 -0.0644378662109375
0.112152099609375 -0.0316238403320313 0.341522216796875 -0.202972412109375
0.067596435546875 -0.0278778076171875 0.514495849609375 -0.149932861328125
0.0115346908569336 0.0159425735473633 0.6639404296875 0.0826416015625
-0.0419540405273438 0.0613136291503906 0.57537841796875 0.4210205078125
-0.0697898864746094 0.0360031127929687 0.3665771484375 0.60260009765625
-0.02227783203125 0.0172233581542969 0.143280029296875 0.4285888671875
0.0174236297607422 -0.0243911743164063 0.116455078125 -0.0154266357421875
0.018829345703125 -0.0161838531494141 0.053497314453125 -0.47857666015625
-0.0141639709472656 0.00268173217773438 -0.25787353515625 -0.6619873046875
-0.0329456329345703 0.0299491882324219 -0.624755859375 -0.41851806640625
-0.0183734893798828 0.00957489013671875 -0.7025146484375 -0.0676879882812501
0.0332508087158203 -0.0154743194580078 -0.55706787109375 0.0967102050781251
0.0788040161132812 -0.0358810424804687 -0.275375366210937 0.161758422851563
0.108016967773437 -0.0714569091796875 -0.0137081146240234 0.0166473388671875
0.117286682128906 -0.043853759765625 0.117019653320313 -0.073944091796875
0.107757568359375 -0.0411224365234375 0.340087890625 -0.20147705078125
0.057281494140625 -0.0342445373535156 0.52838134765625 -0.14385986328125
0.00047874450683594 0.0189113616943359 0.6866455078125 0.07196044921875
-0.0471343994140625 0.0721435546875 0.596923828125 0.39752197265625
-0.0659942626953125 0.0528602600097656 0.37860107421875 0.56793212890625
-0.0154571533203125 0.0316886901855469 0.14471435546875 0.396392822265625
0.0208549499511719 -0.00734901428222656 0.113601684570313 -0.0435714721679688
0.0205364227294922 0.0005645751953125 0.0525512695312499 -0.501129150390625
-0.0175151824951172 0.0167121887207031 -0.25152587890625 -0.68597412109375
-0.0407981872558594 0.03790283203125 -0.61553955078125 -0.44366455078125
-0.0280570983886719 0.00569343566894532 -0.691162109375 -0.0878906250000001
0.0333652496337891 -0.0273380279541016 -0.542449951171875 0.0849914550781249
0.0899658203125 -0.04443359375 -0.260238647460937 0.152496337890625
0.124549865722656 -0.0689544677734375 0.00823402404785157 0.0140199661254883
-0.0289363861083984 0.01885986328125 0.123405456542969 -0.0226211547851563
-0.0233497619628906 0.0682945251464844 0.354827880859375 -0.120452880859375
0.0134506225585938 0.0877609252929688 0.55059814453125 -0.03045654296875
0.0406570434570313 0.0413856506347656 0.68560791015625 0.19964599609375
0.0218086242675781 -0.0323371887207031 0.532196044921875 0.48870849609375
-0.00989532470703126 -0.117317199707031 0.2828369140625 0.61285400390625
0.002777099609375 -0.145370483398438 0.080352783203125 0.372772216796875
0.025787353515625 -0.167877197265625 0.07855224609375 -0.0986709594726563
0.023101806640625 -0.149276733398438 -0.03619384765625 -0.51654052734375
0.0159378051757813 -0.132949829101563 -0.36773681640625 -0.6427001953125
0.0038909912109375 -0.070892333984375 -0.68231201171875 -0.32354736328125
0.0121822357177734 0.000763893127441406 -0.671630859375 0.0304565429687499
0.00139236450195313 0.0689849853515625 -0.50555419921875 0.191192626953125
-0.0301094055175781 0.0544204711914063 -0.2476806640625 0.220870971679687
-0.0360221862792969 0.00104522705078125 -0.011871337890625 0.0510063171386719
-0.0173206329345703 0.00737094879150391 0.105964660644531 -0.0196533203125
-0.0168876647949219 0.0583343505859375 0.348846435546875 -0.134033203125
0.0156936645507812 0.088653564453125 0.533966064453125 -0.049407958984375
0.0416374206542969 0.0531654357910156 0.66375732421875 0.191162109375
0.0229301452636719 -0.0172042846679688 0.522216796875 0.500091552734375
-0.01239013671875 -0.1083984375 0.28656005859375 0.6402587890625
-0.00112915039062499 -0.138114929199219 0.090240478515625 0.40997314453125
0.021026611328125 -0.160995483398438 0.0863418579101563 -0.0628280639648438
0.016510009765625 -0.14208984375 -0.02154541015625 -0.48809814453125
0.00420379638671874 -0.126106262207031 -0.35992431640625 -0.62384033203125
-0.00297164916992188 -0.0671310424804688 -0.6865234375 -0.31561279296875
0.0116996765136719 -0.00746726989746094 -0.6881103515625 0.0343017578124999
0.0157089233398438 0.0565185546875 -0.52386474609375 0.185516357421875
-0.0102424621582031 0.0497779846191406 -0.261795043945313 0.218795776367188
-0.0229034423828125 -0.00752258300781251 -0.0300521850585937 0.0474586486816406
0.00475311279296875 -0.00394487380981445 0.0947189331054688 -0.0232315063476563
0.00174713134765625 0.0405921936035156 0.3482666015625 -0.151275634765625
0.0225448608398437 0.0733413696289063 0.524383544921875 -0.08013916015625
0.038970947265625 0.0569915771484375 0.65087890625 0.16876220703125
0.0167169570922852 0.000753402709960938 0.518585205078125 0.4998779296875
-0.021209716796875 -0.0851821899414063 0.2950439453125 0.65643310546875
-0.00815582275390626 -0.117584228515625 0.101165771484375 0.437347412109375
0.0153656005859375 -0.143157958984375 0.0959243774414063 -0.0325927734375
0.0122604370117188 -0.124664306640625 -0.000823974609375028 -0.470245361328125
-0.00399017333984375 -0.105628967285156 -0.34051513671875 -0.61431884765625
-0.0118560791015625 -0.0551605224609375 -0.67987060546875 -0.31658935546875
0.00795459747314453 -0.0100030899047852 -0.6998291015625 0.0293579101562499
0.0264511108398438 0.0395469665527344 -0.54229736328125 0.176055908203125
0.0121917724609375 0.0349254608154297 -0.275375366210938 0.213851928710938
0.000715255737304688 -0.0224170684814453 -0.042572021484375 0.0439491271972656
0.0342693328857422 -0.0135879516601562 0.087249755859375 -0.03082275390625
0.0331974029541016 0.0215167999267578 0.351837158203125 -0.17071533203125
0.0377464294433594 0.0503311157226562 0.518951416015625 -0.112030029296875
0.03515625 0.0494880676269531 0.6402587890625 0.14056396484375
0.0022125244140625 0.0182132720947266 0.520721435546875 0.486724853515625
-0.0354118347167969 -0.0552940368652344 0.30694580078125 0.662353515625
-0.0160903930664063 -0.0852432250976563 0.110687255859375 0.458404541015625
0.0132827758789062 -0.115463256835937 0.105377197265625 -0.00837707519531251
0.0110549926757812 -0.0990753173828125 0.01861572265625 -0.456817626953125
-0.00855255126953124 -0.0798416137695313 -0.31610107421875 -0.614013671875
-0.0169563293457031 -0.0339488983154297 -0.6673583984375 -0.33221435546875
0.00191879272460938 -0.00722599029541016 -0.70587158203125 0.0134277343750001
0.0330734252929688 0.0247230529785156 -0.55596923828125 0.161346435546875
0.0315437316894531 0.0159931182861328 -0.28265380859375 0.206298828125
0.0275535583496094 -0.0370025634765625 -0.0480918884277344 0.03759765625
0.0668182373046875 -0.0229377746582031 0.0875930786132813 -0.0416336059570313
0.06915283203125 0.00215911865234375 0.350921630859375 -0.18841552734375
0.056793212890625 0.0202827453613281 0.51580810546875 -0.138214111328125
0.0293426513671875 0.0361900329589844 0.64117431640625 0.11065673828125
-0.0147724151611328 0.0324573516845703 0.532196044921875 0.465850830078125
-0.0522270202636719 -0.0224761962890625 0.3271484375 0.65411376953125
-0.0228996276855469 -0.0471420288085938 0.124359130859375 0.464080810546875
0.0117263793945313 -0.0822677612304687 0.113204956054687 0.00268554687499999
0.01361083984375 -0.0705642700195313 0.036773681640625 -0.454254150390625
-0.0101394653320313 -0.049530029296875 -0.2923583984375 -0.6253662109375
-0.0220260620117188 -0.0105667114257813 -0.65435791015625 -0.35870361328125
-0.00399160385131836 0.000469207763671876 -0.71099853515625 -0.00915527343750005
0.0351047515869141 0.00937461853027344 -0.5625 0.142333984375
0.050201416015625 -0.00313949584960938 -0.288360595703125 0.19195556640625
0.0571060180664063 -0.0534248352050781 -0.044708251953125 0.0304031372070312
0.0951766967773438 -0.0314559936523438 0.0937652587890625 -0.0538330078125
0.098297119140625 -0.0156097412109375 0.347076416015625 -0.202301025390625
0.0679702758789063 -0.00860977172851563 0.5133056640625 -0.1510009765625
0.0229549407958984 0.0217933654785156 0.64569091796875 0.09149169921875
-0.0302963256835937 0.0465850830078125 0.55206298828125 0.441864013671875
-0.0654144287109375 0.00976562500000001 0.34844970703125 0.6317138671875
-0.0258045196533203 -0.0109024047851562 0.13671875 0.453521728515625
0.0134963989257812 -0.0501022338867188 0.116645812988281 -0.00118255615234375
0.0163688659667969 -0.0419502258300781 0.046295166015625 -0.46142578125
-0.0128116607666016 -0.0209598541259766 -0.271728515625 -0.64044189453125
-0.0249614715576172 0.0142631530761719 -0.6376953125 -0.38739013671875
-0.0104141235351563 0.00706195831298828 -0.70977783203125 -0.0365600585937501
0.0348091125488281 -0.0011749267578125 -0.5633544921875 0.11968994140625
0.0660858154296875 -0.0216255187988281 -0.284942626953125 0.177093505859375
0.0859603881835938 -0.0661163330078125 -0.0335063934326172 0.022674560546875
0.111671447753906 -0.03863525390625 0.103591918945313 -0.0652542114257813
0.111213684082031 -0.0316543579101563 0.340240478515625 -0.205810546875
0.0679931640625 -0.0271148681640625 0.514129638671875 -0.15264892578125
0.0116748809814453 0.0166864395141602 0.66339111328125 0.078369140625
-0.0409889221191406 0.0603370666503906 0.57855224609375 0.4176025390625
-0.070526123046875 0.037841796875 0.3680419921875 0.6005859375
-0.0228099822998047 0.0168876647949219 0.14556884765625 0.429931640625
0.0164585113525391 -0.0246391296386719 0.117294311523438 -0.016448974609375
0.0192890167236328 -0.0160560607910156 0.05126953125 -0.47998046875
-0.0147743225097656 0.00277042388916016 -0.26123046875 -0.66070556640625
-0.0330142974853516 0.0306472778320312 -0.627197265625 -0.41522216796875
-0.0184326171875 0.0101394653320312 -0.70367431640625 -0.0646972656250001
0.0331516265869141 -0.0144710540771484 -0.55609130859375 0.0987548828125
0.0786819458007813 -0.0355072021484375 -0.275970458984375 0.163131713867188
0.108604431152344 -0.0724563598632813 -0.0146808624267578 0.0159940719604492
0.116928100585938 -0.0450973510742188 0.11737060546875 -0.0744781494140625
0.108718872070313 -0.0410308837890625 0.339996337890625 -0.202911376953125
0.05767822265625 -0.0338783264160156 0.526824951171875 -0.14849853515625
0.00102615356445312 0.0185832977294922 0.68707275390625 0.066650390625
-0.0467071533203125 0.0725784301757812 0.59918212890625 0.39447021484375
-0.0662155151367187 0.0527458190917969 0.38275146484375 0.5672607421875
-0.0167064666748047 0.0320262908935547 0.14599609375 0.39923095703125
0.0206813812255859 -0.00718879699707031 0.113868713378906 -0.043731689453125
0.0205020904541016 2.288818359375E-05 0.05010986328125 -0.5045166015625
-0.0182170867919922 0.0176105499267578 -0.25408935546875 -0.686767578125
-0.0410346984863281 0.0388641357421875 -0.61834716796875 -0.43951416015625
-0.0279293060302734 0.0046539306640625 -0.69384765625 -0.08367919921875
0.0345706939697266 -0.0269927978515625 -0.543426513671875 0.088409423828125
0.0899658203125 -0.0450668334960938 -0.26171875 0.153656005859375
0.124382019042969 -0.07000732421875 0.00783920288085938 0.0158414840698242
-0.0294170379638672 0.0180721282958984 0.12384033203125 -0.0240249633789063
-0.0229949951171875 0.0699272155761719 0.356231689453125 -0.12225341796875
0.015106201171875 0.0888290405273438 0.55126953125 -0.033782958984375
0.0409049987792969 0.0414657592773438 0.6883544921875 0.19403076171875
0.0228538513183594 -0.0341720581054688 0.535186767578125 0.485687255859375
-0.0109939575195312 -0.118995666503906 0.28924560546875 0.6119384765625
0.00135803222656249 -0.144546508789063 0.081787109375 0.373779296875
0.0238494873046875 -0.169479370117187 0.0777359008789063 -0.09991455078125
0.0224609375 -0.149505615234375 -0.038726806640625 -0.517822265625
0.0157012939453125 -0.133987426757813 -0.37139892578125 -0.6419677734375
0.00356292724609375 -0.0703201293945312 -0.6846923828125 -0.32122802734375
0.0130481719970703 0.00115966796875 -0.6748046875 0.032958984375
0.00233078002929687 0.0690956115722656 -0.50579833984375 0.193450927734375
-0.0291328430175781 0.0548515319824219 -0.2464599609375 0.22259521484375
-0.0363502502441406 -3.81469726562557E-05 -0.0113258361816406 0.0515518188476563
-0.0178356170654297 0.00695991516113281 0.106819152832031 -0.0211105346679688
-0.0166206359863281 0.0577659606933594 0.347808837890625 -0.134429931640625
0.01629638671875 0.088470458984375 0.534393310546875 -0.052734375
0.0421867370605469 0.0538902282714844 0.6649169921875 0.186767578125
0.0235252380371094 -0.0185413360595703 0.5245361328125 0.498046875
-0.012847900390625 -0.108894348144531 0.28900146484375 0.63812255859375
-0.00276947021484376 -0.137466430664063 0.09228515625 0.40826416015625
0.019805908203125 -0.1614990234375 0.0857315063476563 -0.0629425048828125
0.015533447265625 -0.143844604492188 -0.0236206054687499 -0.489990234375
0.00447082519531249 -0.126304626464844 -0.3623046875 -0.6217041015625
-0.00592041015625 -0.0678749084472656 -0.68896484375 -0.31060791015625
0.0123605728149414 -0.00699520111083984 -0.68994140625 0.0367431640624999
0.0171623229980469 0.0559959411621094 -0.5235595703125 0.18829345703125
-0.00901412963867188 0.0496902465820313 -0.261871337890625 0.219650268554688
-0.0230865478515625 -0.00911331176757812 -0.0304183959960937 0.0481224060058594
0.00305557250976563 -0.00446176528930664 0.0932159423828125 -0.02398681640625
0.00156402587890625 0.0398788452148438 0.34912109375 -0.15472412109375
0.0236434936523437 0.0762557983398438 0.524261474609375 -0.083099365234375
0.0394935607910156 0.0570182800292969 0.65118408203125 0.16497802734375
0.0164575576782227 -4.67300415039062E-05 0.522308349609375 0.495819091796875
-0.0216293334960937 -0.0857772827148438 0.29840087890625 0.6583251953125
-0.00861358642578125 -0.11700439453125 0.10107421875 0.43853759765625
0.014190673828125 -0.14385986328125 0.0958709716796875 -0.0311279296875
0.0104751586914063 -0.124954223632813 -0.00396728515625001 -0.47052001953125
-0.00429534912109376 -0.106796264648437 -0.3424072265625 -0.6126708984375
-0.0130615234375 -0.0546646118164063 -0.6822509765625 -0.3135986328125
0.00797367095947266 -0.0101146697998047 -0.70050048828125 0.0333862304687502
0.0282020568847656 0.0395317077636719 -0.540924072265625 0.17987060546875
0.012298583984375 0.0354423522949219 -0.274307250976563 0.215362548828125
-0.000329971313476563 -0.0209674835205078 -0.0435600280761719 0.0446929931640625
0.0329570770263672 -0.0146770477294922 0.0878677368164062 -0.0307540893554687
0.0325775146484375 0.0207729339599609 0.351287841796875 -0.1717529296875
0.0382270812988281 0.0499382019042969 0.51898193359375 -0.11614990234375
0.0357856750488281 0.0496711730957031 0.64202880859375 0.1363525390625
0.00255203247070312 0.0187301635742188 0.52288818359375 0.482513427734375
-0.0363311767578125 -0.0560340881347656 0.31207275390625 0.662841796875
-0.01751708984375 -0.0838088989257812 0.113037109375 0.4591064453125
0.0121917724609375 -0.115615844726563 0.105484008789063 -0.00804901123046876
0.00978851318359375 -0.100006103515625 0.0173950195312499 -0.4586181640625
-0.0093841552734375 -0.0789794921875 -0.31927490234375 -0.61376953125
-0.0173912048339844 -0.0332431793212891 -0.6683349609375 -0.32958984375
0.00175905227661133 -0.00770950317382812 -0.70849609375 0.0159912109375001
0.0336170196533203 0.0232028961181641 -0.554534912109375 0.1644287109375
0.0329685211181641 0.0161457061767578 -0.2822265625 0.20660400390625
0.02764892578125 -0.0365486145019531 -0.0499382019042969 0.0390167236328125
0.0657424926757813 -0.0242805480957031 0.0873947143554688 -0.0415573120117188
0.069366455078125 0.00247955322265625 0.350982666015625 -0.19061279296875
0.05657958984375 0.0200080871582031 0.515411376953125 -0.141265869140625
0.0304145812988281 0.0341262817382813 0.64166259765625 0.106689453125
-0.0136241912841797 0.0320339202880859 0.538055419921875 0.463836669921875
-0.052520751953125 -0.0214004516601563 0.33135986328125 0.65203857421875
-0.0230331420898438 -0.0470008850097656 0.126220703125 0.464752197265625
0.0109176635742188 -0.0820236206054688 0.112754821777344 0.00242614746093749
0.0137786865234375 -0.0699653625488281 0.035064697265625 -0.454681396484375
-0.0107192993164063 -0.0491294860839844 -0.29449462890625 -0.623291015625
-0.0218944549560547 -0.00974655151367187 -0.65606689453125 -0.35565185546875
-0.00324153900146484 0.000447511672973633 -0.71356201171875 -0.0056152343749999
0.034454345703125 0.00943756103515625 -0.56341552734375 0.1444091796875
0.0511512756347656 -0.003662109375 -0.288482666015625 0.193939208984375
0.0564231872558594 -0.0536651611328125 -0.0457000732421875 0.0308837890625
0.0929641723632813 -0.0313720703125 0.0932693481445313 -0.05377197265625
0.0978469848632813 -0.0162429809570313 0.3463134765625 -0.202178955078125
0.0673561096191406 -0.00825119018554688 0.51153564453125 -0.153839111328125
0.0239849090576172 0.0214290618896484 0.64996337890625 0.0855712890625
-0.0305404663085937 0.045806884765625 0.557952880859375 0.43988037109375
-0.0645408630371094 0.0106964111328125 0.35211181640625 0.63043212890625
-0.0252799987792969 -0.00985908508300781 0.137908935546875 0.453582763671875
0.0126914978027344 -0.0491981506347656 0.116157531738281 -0.000495910644531253
0.0162239074707031 -0.0420112609863281 0.0448303222656251 -0.463409423828125
-0.0122051239013672 -0.0199642181396484 -0.2745361328125 -0.63885498046875
-0.0255317687988281 0.0126800537109375 -0.64129638671875 -0.386474609375
-0.0103797912597656 0.00677585601806641 -0.7115478515625 -0.032958984375
0.035186767578125 -0.003173828125 -0.56463623046875 0.121337890625
0.0657958984375 -0.0216178894042969 -0.285675048828125 0.17938232421875
0.085205078125 -0.0676422119140625 -0.0334186553955078 0.0231170654296875
0.110176086425781 -0.0395736694335937 0.103347778320312 -0.0652618408203125
0.110847473144531 -0.0315475463867188 0.33929443359375 -0.20849609375
0.0670127868652344 -0.0281410217285156 0.51434326171875 -0.156036376953125
0.0121889114379883 0.0151729583740234 0.666015625 0.07305908203125
-0.041839599609375 0.0611076354980469 0.5811767578125 0.4149169921875
-0.0689697265625 0.0381622314453125 0.37249755859375 0.60009765625
-0.0232448577880859 0.0182723999023438 0.1478271484375 0.4302978515625
0.0165634155273438 -0.0234813690185547 0.116935729980469 -0.0168609619140625
0.0186672210693359 -0.0161666870117187 0.049591064453125 -0.47991943359375
-0.0156030654907227 0.00279426574707031 -0.26287841796875 -0.660888671875
-0.0326557159423828 0.0311470031738281 -0.6304931640625 -0.41290283203125
-0.01953125 0.00933265686035157 -0.7066650390625 -0.0595703124999998
0.0343570709228516 -0.0156536102294922 -0.5584716796875 0.102447509765625
0.078887939453125 -0.037017822265625 -0.276718139648438 0.164840698242187
0.107437133789063 -0.0730667114257813 -0.0150642395019531 0.0161657333374023
0.116622924804688 -0.0454025268554688 0.116676330566406 -0.0740737915039063
0.107963562011719 -0.0415267944335938 0.338714599609375 -0.207550048828125
0.0574264526367187 -0.0344161987304687 0.52679443359375 -0.14935302734375
0.00108146667480469 0.0184211730957031 0.68719482421875 0.063720703125
-0.0455780029296875 0.073516845703125 0.6016845703125 0.39111328125
-0.0666656494140625 0.0543746948242188 0.3853759765625 0.56585693359375
-0.0167922973632813 0.0330085754394531 0.14764404296875 0.39752197265625
0.0206642150878906 -0.00642585754394531 0.112709045410156 -0.0438156127929688
0.0194683074951172 0.000253677368164063 0.048675537109375 -0.50482177734375
-0.0185260772705078 0.0166797637939453 -0.25830078125 -0.6859130859375
-0.0413398742675781 0.0399742126464844 -0.621337890625 -0.43865966796875
-0.0281124114990234 0.00586700439453125 -0.6966552734375 -0.0792846679687498
0.0342521667480469 -0.0282802581787109 -0.544921875 0.0912475585937501
0.0898666381835938 -0.0458602905273438 -0.261764526367188 0.155593872070312
0.123184204101563 -0.0704116821289063 0.00706768035888673 0.0133056640625
-0.0297927856445313 0.0172939300537109 0.123115539550781 -0.0256805419921875
-0.0226516723632812 0.0691146850585938 0.3558349609375 -0.124786376953125
0.0164031982421875 0.090118408203125 0.55230712890625 -0.035858154296875
0.0424385070800781 0.0418472290039063 0.69091796875 0.19049072265625
0.0212841033935547 -0.0345802307128906 0.539947509765625 0.482696533203125
-0.011383056640625 -0.118873596191406 0.29180908203125 0.610107421875
4.57763671874878E-05 -0.145034790039063 0.08343505859375 0.3753662109375
0.0234222412109375 -0.167343139648438 0.0764694213867188 -0.0995941162109375
0.0218505859375 -0.1497802734375 -0.04180908203125 -0.5189208984375
0.0138092041015625 -0.134239196777344 -0.37548828125 -0.64068603515625
0.00318145751953126 -0.0705184936523438 -0.68792724609375 -0.317626953125
0.013092041015625 0.00126075744628906 -0.6749267578125 0.0375976562499999
0.00383377075195312 0.068939208984375 -0.505645751953125 0.197906494140625
-0.0284614562988281 0.0547065734863281 -0.2467041015625 0.223098754882813
-0.0370292663574219 0.00125885009765625 -0.0119361877441406 0.0523109436035156
-0.0189170837402344 0.0060882568359375 0.106109619140625 -0.0225448608398438
-0.016998291015625 0.0573883056640625 0.349609375 -0.137908935546875
0.0175323486328125 0.0891036987304688 0.536773681640625 -0.05609130859375
0.0412979125976562 0.0533370971679687 0.66864013671875 0.18267822265625
0.0237483978271484 -0.0191001892089844 0.528656005859375 0.49530029296875
-0.013885498046875 -0.107505798339844 0.29486083984375 0.6376953125
-0.00299072265624999 -0.136878967285156 0.094390869140625 0.409423828125
0.0166473388671875 -0.16094970703125 0.0848312377929688 -0.0639877319335938
0.01483154296875 -0.142990112304688 -0.026153564453125 -0.490753173828125
0.00220489501953125 -0.1265869140625 -0.3653564453125 -0.62200927734375
-0.00489044189453125 -0.0681953430175781 -0.69036865234375 -0.3067626953125
0.0111875534057617 -0.00862312316894531 -0.691650390625 0.0422363281250001
0.0194664001464844 0.0551567077636719 -0.52313232421875 0.192413330078125
-0.008636474609375 0.0490760803222656 -0.2618408203125 0.221023559570313
-0.0234088897705078 -0.00707817077636718 -0.0319366455078125 0.0492362976074219
0.00278902053833008 -0.00516366958618164 0.0938568115234375 -0.0261459350585938
0.001312255859375 0.0403633117675781 0.34844970703125 -0.15496826171875
0.0236587524414062 0.0752182006835938 0.52447509765625 -0.084716796875
0.0406265258789062 0.0564994812011719 0.65203857421875 0.1602783203125
0.0163145065307617 -0.000253677368164063 0.525604248046875 0.49310302734375
-0.02203369140625 -0.0872879028320313 0.30084228515625 0.65557861328125
-0.0101776123046875 -0.115982055664062 0.104583740234375 0.440521240234375
0.0126953125 -0.1429443359375 0.0951995849609375 -0.031524658203125
0.00952911376953124 -0.125289916992188 -0.00485229492187495 -0.4710693359375
-0.00484466552734376 -0.107322692871094 -0.3458251953125 -0.6129150390625
-0.0127906799316406 -0.0552635192871094 -0.68475341796875 -0.31097412109375
0.00704002380371094 -0.0114154815673828 -0.70330810546875 0.0378417968750001
0.02703857421875 0.038543701171875 -0.54156494140625 0.182464599609375
0.0136375427246094 0.0340461730957031 -0.275222778320312 0.2161865234375
-0.00116157531738281 -0.0208702087402344 -0.0439682006835937 0.0454330444335938
0.0326595306396484 -0.0154876708984375 0.0875091552734375 -0.0319747924804688
0.0333766937255859 0.0215835571289062 0.3497314453125 -0.17437744140625
0.0377845764160156 0.0505867004394531 0.519744873046875 -0.11798095703125
0.0358848571777344 0.0494575500488281 0.6422119140625 0.13134765625
0.00294113159179687 0.0166835784912109 0.527252197265625 0.480133056640625
-0.0355682373046875 -0.0550460815429687 0.31549072265625 0.66021728515625
-0.0175399780273437 -0.084014892578125 0.11712646484375 0.45928955078125
0.0100021362304688 -0.114891052246094 0.105583190917969 -0.00901794433593751
0.00917053222656251 -0.0992279052734375 0.01593017578125 -0.457977294921875
-0.0103607177734375 -0.0797348022460938 -0.3228759765625 -0.61309814453125
-0.0177803039550781 -0.0339736938476563 -0.6715087890625 -0.32843017578125
0.00183868408203125 -0.00684261322021484 -0.71063232421875 0.0222167968749999
0.0334281921386719 0.0228919982910156 -0.55487060546875 0.167724609375
0.0335025787353516 0.0152664184570312 -0.282470703125 0.208892822265625
0.0270919799804687 -0.0382003784179688 -0.0494117736816406 0.0389785766601563
0.0655746459960938 -0.0243568420410156 0.086212158203125 -0.0426864624023438
0.0682525634765625 0.00138473510742188 0.349822998046875 -0.191864013671875
0.05682373046875 0.0197219848632813 0.516845703125 -0.143341064453125
0.0308971405029297 0.035064697265625 0.64385986328125 0.10247802734375
-0.0140743255615234 0.0316200256347656 0.538665771484375 0.460418701171875
-0.0524024963378906 -0.0218048095703125 0.3360595703125 0.65155029296875
-0.0232467651367187 -0.0444602966308594 0.12835693359375 0.464935302734375
0.0102081298828125 -0.0806808471679688 0.112442016601563 0.00249481201171875
0.0128631591796875 -0.0715408325195312 0.0318603515625 -0.45648193359375
-0.0110321044921875 -0.04888916015625 -0.2984619140625 -0.62359619140625
-0.0222911834716797 -0.00860404968261719 -0.659423828125 -0.351806640625
-0.0034489631652832 -0.000220775604248048 -0.71600341796875 -0.00274658203124995
0.0356178283691406 0.00914764404296875 -0.56329345703125 0.14788818359375
0.0501213073730469 -0.00446319580078125 -0.28790283203125 0.1956787109375
0.0562477111816406 -0.0550308227539063 -0.0469436645507812 0.0310325622558594
0.0936126708984375 -0.031585693359375 0.092529296875 -0.0543594360351563
0.0971832275390625 -0.0177230834960938 0.34442138671875 -0.20556640625
0.0677146911621094 -0.0091705322265625 0.511322021484375 -0.157196044921875
0.0229282379150391 0.0226478576660156 0.649169921875 0.081787109375
-0.028472900390625 0.047882080078125 0.5616455078125 0.43560791015625
-0.0634651184082031 0.0123176574707031 0.355712890625 0.628173828125
-0.0261096954345703 -0.00828552246093749 0.14093017578125 0.4544677734375
0.0114555358886719 -0.0492706298828125 0.116485595703125 -0.000961303710937503
0.0155448913574219 -0.0419692993164063 0.0426025390624999 -0.464080810546875
-0.0137176513671875 -0.0210456848144531 -0.27783203125 -0.639404296875
-0.0263881683349609 0.0145606994628906 -0.64471435546875 -0.382080078125
-0.0105161666870117 0.00595760345458984 -0.713134765625 -0.03009033203125
0.0344486236572266 -0.00312042236328125 -0.56451416015625 0.1236572265625
0.0659141540527344 -0.0226707458496094 -0.285400390625 0.179718017578125
0.0837478637695312 -0.067108154296875 -0.0353279113769531 0.0235214233398438
0.109992980957031 -0.0410079956054688 0.103492736816406 -0.0672225952148437
0.110099792480469 -0.0337066650390625 0.33953857421875 -0.210418701171875
0.0678176879882812 -0.0291023254394531 0.514617919921875 -0.158966064453125
0.0112905502319336 0.0164299011230469 0.66790771484375 0.06793212890625
-0.0417671203613281 0.0611457824707031 0.5843505859375 0.41217041015625
-0.0687751770019531 0.0392303466796875 0.3768310546875 0.60107421875
-0.0235939025878906 0.0195121765136719 0.148895263671875 0.430572509765625
0.0155353546142578 -0.0228843688964844 0.117210388183594 -0.0164108276367188
0.0182476043701172 -0.0175762176513672 0.046417236328125 -0.481903076171875
-0.0149240493774414 0.00378131866455078 -0.266357421875 -0.6619873046875
-0.0320720672607422 0.0320816040039062 -0.63336181640625 -0.41021728515625
-0.0190086364746094 0.00972938537597656 -0.70733642578125 -0.0562744140624999
0.0333728790283203 -0.0162258148193359 -0.55914306640625 0.10479736328125
0.0794601440429688 -0.0371322631835938 -0.27850341796875 0.16680908203125
0.107368469238281 -0.0733413696289062 -0.0168552398681641 0.0169878005981445
0.1158447265625 -0.0470504760742188 0.115684509277344 -0.075347900390625
0.10687255859375 -0.0427474975585938 0.3375244140625 -0.20684814453125
0.0577926635742188 -0.0350837707519531 0.5281982421875 -0.1551513671875
0.000892639160156249 0.0189723968505859 0.689697265625 0.05938720703125
-0.04656982421875 0.0738143920898438 0.60455322265625 0.38720703125
-0.0667076110839844 0.0551872253417969 0.3883056640625 0.5634765625
-0.0165557861328125 0.0352745056152344 0.14990234375 0.39837646484375
0.0213127136230469 -0.00599479675292969 0.1131591796875 -0.044677734375
0.0201320648193359 -6.866455078125E-05 0.045440673828125 -0.5054931640625
-0.0182380676269531 0.0168361663818359 -0.26043701171875 -0.68487548828125
-0.0401535034179688 0.038421630859375 -0.6239013671875 -0.435302734375
-0.0283889770507813 0.00523757934570313 -0.6998291015625 -0.076171875
0.0339508056640625 -0.0292587280273437 -0.54656982421875 0.0931396484375
0.0903396606445313 -0.0461349487304688 -0.262725830078125 0.156997680664063
0.123497009277344 -0.071746826171875 0.00575351715087891 0.0150356292724609
-0.0306949615478516 0.0176925659179687 0.122909545898438 -0.0259628295898438
-0.0225067138671875 0.06878662109375 0.355133056640625 -0.12615966796875
0.016265869140625 0.0891571044921875 0.555023193359375 -0.041168212890625
0.0429420471191406 0.0419654846191406 0.69384765625 0.1856689453125
0.0215263366699219 -0.0352249145507813 0.5430908203125 0.47991943359375
-0.011962890625 -0.11871337890625 0.295654296875 0.61053466796875
-0.00100708007812501 -0.14520263671875 0.083984375 0.375762939453125
0.02142333984375 -0.168182373046875 0.07476806640625 -0.0991973876953125
0.0206298828125 -0.150833129882813 -0.04266357421875 -0.5181884765625
0.0138092041015625 -0.134864807128906 -0.379638671875 -0.63909912109375
0.00232696533203124 -0.070709228515625 -0.691162109375 -0.3148193359375
0.0125494003295898 0.000803947448730469 -0.6778564453125 0.04193115234375
0.00357818603515626 0.0687103271484375 -0.506072998046875 0.199188232421875
-0.0282783508300781 0.0560989379882813 -0.247482299804687 0.225723266601563
-0.0364837646484375 0.000614166259765633 -0.012451171875 0.0515480041503906
-0.0188922882080078 0.00666046142578125 0.106681823730469 -0.02435302734375
-0.0169486999511719 0.0575065612792969 0.34967041015625 -0.13751220703125
0.01812744140625 0.0905532836914063 0.53692626953125 -0.05865478515625
0.0428581237792969 0.0527114868164063 0.6700439453125 0.1768798828125
0.0235214233398438 -0.0204887390136719 0.532684326171875 0.4921875
-0.0142440795898438 -0.108474731445313 0.297607421875 0.63787841796875
-0.00478363037109375 -0.136787414550781 0.09564208984375 0.410614013671875
0.015289306640625 -0.160629272460937 0.0845870971679688 -0.0627288818359375
0.0135955810546875 -0.144073486328125 -0.027374267578125 -0.49163818359375
0.002960205078125 -0.127243041992188 -0.37030029296875 -0.6192626953125
-0.0056610107421875 -0.0680961608886719 -0.694580078125 -0.30389404296875
0.0113334655761719 -0.00806331634521484 -0.69439697265625 0.0462646484375
0.0201683044433594 0.0543632507324219 -0.52423095703125 0.19537353515625
-0.00738525390625 0.0499191284179688 -0.260711669921875 0.22332763671875
-0.0245304107666016 -0.00770950317382813 -0.0308418273925781 0.0501976013183594
0.00200176239013672 -0.00471782684326172 0.0939559936523437 -0.0271682739257812
0.0024566650390625 0.0394325256347656 0.348785400390625 -0.15802001953125
0.0248489379882813 0.0765228271484375 0.52667236328125 -0.08880615234375
0.0407981872558594 0.0570487976074219 0.6546630859375 0.1578369140625
0.0172843933105469 -0.000661849975585938 0.52874755859375 0.490264892578125
-0.0247726440429687 -0.0858078002929688 0.3048095703125 0.65557861328125
-0.01141357421875 -0.115463256835938 0.10614013671875 0.441741943359375
0.0117340087890625 -0.14349365234375 0.0959320068359375 -0.0323715209960938
0.0091400146484375 -0.126411437988281 -0.00604248046874998 -0.471771240234375
-0.00562286376953125 -0.107284545898438 -0.3514404296875 -0.61212158203125
-0.0139694213867187 -0.0549812316894531 -0.68829345703125 -0.3060302734375
0.00727462768554688 -0.0115194320678711 -0.7060546875 0.0413818359375
0.0294113159179688 0.0383567810058594 -0.542327880859375 0.184539794921875
0.0143966674804688 0.0344600677490234 -0.275054931640625 0.21820068359375
1.33514404296892E-05 -0.0210838317871094 -0.0448226928710938 0.0462532043457031
0.0320606231689453 -0.0155563354492188 0.0867843627929688 -0.03350830078125
0.0321292877197266 0.0205421447753906 0.351593017578125 -0.177032470703125
0.0378646850585938 0.0502662658691406 0.519683837890625 -0.12109375
0.0362777709960938 0.0487785339355469 0.6448974609375 0.127685546875
0.00282096862792969 0.0157585144042969 0.531097412109375 0.47705078125
-0.0374565124511719 -0.05364990234375 0.32122802734375 0.65972900390625
-0.0187835693359375 -0.0826416015625 0.117828369140625 0.4613037109375
0.00830078125000001 -0.114791870117188 0.104972839355469 -0.00883483886718751
0.00865936279296876 -0.100341796875 0.013641357421875 -0.45947265625
-0.0105133056640625 -0.0797576904296875 -0.32672119140625 -0.611083984375
-0.0189647674560547 -0.0318603515625 -0.67364501953125 -0.3233642578125
0.000967025756835937 -0.00756549835205078 -0.7120361328125 0.02685546875
0.0339870452880859 0.0224704742431641 -0.55609130859375 0.17059326171875
0.033721923828125 0.015472412109375 -0.28387451171875 0.210296630859375
0.0268669128417969 -0.0377883911132813 -0.0500221252441406 0.0408363342285156
0.0646820068359375 -0.0256080627441406 0.0862274169921875 -0.0438690185546875
0.0678329467773437 0.0011138916015625 0.350830078125 -0.194915771484375
0.0574226379394531 0.0199050903320313 0.51629638671875 -0.147979736328125
0.0306873321533203 0.034210205078125 0.64495849609375 0.095947265625
-0.0134487152099609 0.0322856903076172 0.54296875 0.45770263671875
-0.0526275634765625 -0.0206832885742187 0.33990478515625 0.6507568359375
-0.0238685607910156 -0.0446395874023438 0.13104248046875 0.46612548828125
0.00994110107421875 -0.0810089111328125 0.112319946289063 0.00321197509765625
0.0108795166015625 -0.0712966918945313 0.031646728515625 -0.45794677734375
-0.0116615295410156 -0.0494956970214844 -0.30255126953125 -0.622314453125
-0.0225715637207031 -0.00852584838867187 -0.66180419921875 -0.34844970703125
-0.0039517879486084 -0.000143766403198242 -0.7186279296875 0.00177001953124996
0.0349617004394531 0.009033203125 -0.56494140625 0.1513671875
0.0509529113769531 -0.004669189453125 -0.288970947265625 0.1983642578125
0.0556907653808594 -0.0553474426269531 -0.0473594665527344 0.0323677062988281
0.0915298461914063 -0.032989501953125 0.0923919677734375 -0.0567169189453125
0.0964813232421875 -0.0182952880859375 0.34454345703125 -0.20758056640625
0.0684547424316406 -0.00884246826171875 0.51226806640625 -0.161224365234375
0.0234966278076172 0.0212574005126953 0.649658203125 0.07696533203125
-0.0290756225585938 0.0466957092285156 0.561553955078125 0.43408203125
-0.0647430419921875 0.0139884948730469 0.360595703125 0.63018798828125
-0.0253887176513672 -0.00739669799804688 0.144439697265625 0.454925537109375
0.0110244750976562 -0.0476493835449219 0.116226196289062 -0.000503540039062503
0.0141067504882812 -0.0418930053710938 0.0413818359375 -0.46490478515625
-0.0137462615966797 -0.0209159851074219 -0.2821044921875 -0.63873291015625
-0.0263557434082031 0.0145015716552734 -0.648681640625 -0.37957763671875
-0.0113801956176758 0.00669384002685547 -0.7166748046875 -0.02447509765625
0.0349845886230469 -0.00368690490722656 -0.56451416015625 0.12652587890625
0.0669212341308594 -0.0229110717773438 -0.287261962890625 0.18292236328125
0.0831985473632813 -0.0682449340820313 -0.0366973876953125 0.0234336853027344
0.109451293945312 -0.041534423828125 0.101242065429688 -0.067840576171875
0.109657287597656 -0.0350265502929688 0.33917236328125 -0.2132568359375
0.0672035217285156 -0.0307464599609375 0.5155029296875 -0.16363525390625
0.0119857788085938 0.0163984298706055 0.6680908203125 0.06396484375
-0.0402297973632813 0.0611686706542969 0.58642578125 0.408203125
-0.0693626403808594 0.0403709411621094 0.3809814453125 0.59893798828125
-0.0226097106933594 0.0199565887451172 0.150787353515625 0.43157958984375
0.0151634216308594 -0.021881103515625 0.117149353027344 -0.0169219970703125
0.0176239013671875 -0.0176525115966797 0.045166015625 -0.48260498046875
-0.014470100402832 0.00373363494873047 -0.27008056640625 -0.6612548828125
-0.0313587188720703 0.0322341918945312 -0.63739013671875 -0.4072265625
-0.0184040069580078 0.00873184204101563 -0.71014404296875 -0.0498657226562502
0.0344581604003906 -0.0180759429931641 -0.560150146484375 0.107269287109375
0.0791473388671875 -0.038543701171875 -0.277740478515625 0.168533325195313
0.106369018554688 -0.0746002197265625 -0.0169734954833984 0.0182342529296875
0.114913940429688 -0.0477981567382812 0.114974975585938 -0.07562255859375
0.107048034667969 -0.044097900390625 0.33831787109375 -0.209442138671875
0.0570259094238281 -0.0361366271972656 0.52825927734375 -0.158172607421875
0.00115776062011719 0.0184707641601563 0.690673828125 0.05352783203125
-0.0452880859375 0.0747833251953125 0.60833740234375 0.38446044921875
-0.0665092468261719 0.0561485290527344 0.390625 0.56414794921875
-0.0163536071777344 0.0358238220214844 0.1527099609375 0.398193359375
0.0201549530029297 -0.00535964965820313 0.113540649414062 -0.0444183349609375
0.0200023651123047 -0.00103569030761719 0.043426513671875 -0.507720947265625
-0.0186176300048828 0.0188331604003906 -0.2628173828125 -0.68548583984375
-0.0398521423339844 0.0411415100097656 -0.62591552734375 -0.4320068359375
-0.0284137725830078 0.00543403625488281 -0.70257568359375 -0.0720214843749999
0.0345458984375 -0.0300731658935547 -0.5478515625 0.0952453613281249
0.089691162109375 -0.0471343994140625 -0.263931274414063 0.158004760742188
0.123115539550781 -0.0732498168945312 0.00498485565185548 0.0142421722412109
-0.0309906005859375 0.0170745849609375 0.124214172363281 -0.0285491943359375
-0.0226860046386719 0.0693893432617188 0.355499267578125 -0.13006591796875
0.0178680419921875 0.090484619140625 0.5562744140625 -0.043304443359375
0.0425949096679688 0.041534423828125 0.69793701171875 0.18212890625
0.0216484069824219 -0.0360145568847656 0.548431396484375 0.47833251953125
-0.0113372802734375 -0.119407653808594 0.2994384765625 0.611572265625
-0.0020294189453125 -0.14495849609375 0.08660888671875 0.37762451171875
0.0193634033203125 -0.168869018554688 0.0747528076171875 -0.100028991699219
0.018829345703125 -0.153244018554688 -0.046905517578125 -0.520355224609375
0.0117874145507813 -0.135810852050781 -0.38330078125 -0.6390380859375
0.001220703125 -0.0710296630859375 -0.695556640625 -0.31005859375
0.0117340087890625 0.000173568725585938 -0.68060302734375 0.0462646484375
0.00539398193359375 0.0689582824707031 -0.506011962890625 0.203704833984375
-0.0274848937988281 0.0562973022460938 -0.245834350585938 0.227706909179688
-0.0376625061035156 0.000381469726562495 -0.0121231079101562 0.0527000427246094
-0.0197010040283203 0.00555801391601562 0.106552124023437 -0.0243988037109375
-0.0169296264648437 0.0576019287109375 0.3504638671875 -0.14215087890625
0.0186080932617187 0.091156005859375 0.5382080078125 -0.062103271484375
0.0428466796875 0.0537528991699219 0.67364501953125 0.17413330078125
0.0241165161132813 -0.0216159820556641 0.53582763671875 0.4896240234375
-0.0148696899414062 -0.108001708984375 0.302001953125 0.6397705078125
-0.00662231445312499 -0.136680603027344 0.098541259765625 0.41143798828125
0.0143890380859375 -0.160125732421875 0.0832977294921875 -0.0619049072265625
0.0123748779296875 -0.145431518554688 -0.0308532714843749 -0.491729736328125
0.00212097167968751 -0.127578735351562 -0.3731689453125 -0.620361328125
-0.00712966918945313 -0.068206787109375 -0.6978759765625 -0.3017578125
0.0102243423461914 -0.00802230834960938 -0.69683837890625 0.0498046875
0.0202407836914063 0.05560302734375 -0.525299072265625 0.197357177734375
-0.00792694091796875 0.0497169494628906 -0.261093139648438 0.22442626953125
-0.0236454010009766 -0.00683975219726562 -0.0319862365722656 0.0515823364257813
0.00120401382446289 -0.00532293319702148 0.0928878784179688 -0.0269088745117188
0.00176239013671875 0.0393753051757812 0.348236083984375 -0.15936279296875
0.0240249633789063 0.0770950317382813 0.527740478515625 -0.092681884765625
0.0416374206542969 0.0569229125976563 0.65789794921875 0.15350341796875
0.0164670944213867 -0.00116443634033203 0.53436279296875 0.488037109375
-0.0236587524414062 -0.0843963623046875 0.30938720703125 0.6544189453125
-0.0121612548828125 -0.114501953125 0.10870361328125 0.44189453125
0.00979614257812502 -0.142105102539063 0.0950775146484375 -0.0317153930664063
0.0080413818359375 -0.126029968261719 -0.00860595703124995 -0.473968505859375
-0.00779724121093749 -0.108978271484375 -0.3543701171875 -0.6107177734375
-0.0151748657226562 -0.0545578002929687 -0.69085693359375 -0.3023681640625
0.00715255737304688 -0.011479377746582 -0.70806884765625 0.0469970703125001
0.0308456420898438 0.0388336181640625 -0.544830322265625 0.187713623046875
0.0156059265136719 0.0348033905029297 -0.275421142578125 0.220718383789063
-0.00203323364257812 -0.0204944610595703 -0.0467376708984375 0.0461997985839844
0.0308208465576172 -0.0172634124755859 0.087005615234375 -0.0340499877929688
0.0335063934326172 0.0201511383056641 0.350250244140625 -0.179046630859375
0.0397529602050781 0.0519523620605469 0.521636962890625 -0.124267578125
0.036773681640625 0.0494766235351563 0.64697265625 0.1231689453125
0.00339603424072265 0.0163021087646484 0.533477783203125 0.47467041015625
-0.0380630493164063 -0.0540046691894531 0.32342529296875 0.6617431640625
-0.0201492309570313 -0.0814895629882813 0.12152099609375 0.46051025390625
0.0082855224609375 -0.113502502441406 0.1048583984375 -0.00842285156250001
0.0081634521484375 -0.10101318359375 0.01141357421875 -0.4620361328125
-0.0109634399414063 -0.0807723999023438 -0.330322265625 -0.6104736328125
-0.0187053680419922 -0.0337715148925781 -0.67755126953125 -0.31988525390625
0.00179147720336914 -0.00670337677001953 -0.714111328125 0.0292358398437501
0.0343570709228516 0.0219802856445313 -0.556732177734375 0.174163818359375
0.0345535278320312 0.0154228210449219 -0.2850341796875 0.212890625
0.0255165100097656 -0.0379981994628906 -0.0515403747558594 0.0410270690917969
0.0642280578613281 -0.0256080627441406 0.0866165161132812 -0.0442733764648437
0.0683403015136719 0.001007080078125 0.3502197265625 -0.196441650390625
0.0571975708007813 0.0198745727539063 0.515899658203125 -0.149871826171875
0.0320758819580078 0.0338821411132813 0.64697265625 0.09271240234375
-0.0126857757568359 0.0314998626708984 0.5484619140625 0.455291748046875
-0.0529403686523437 -0.0196800231933594 0.34423828125 0.6519775390625
-0.0247917175292969 -0.0442848205566406 0.13330078125 0.4681396484375
0.0092010498046875 -0.0800857543945313 0.113319396972656 0.00124359130859375
0.0111846923828125 -0.0721359252929688 0.027587890625 -0.460662841796875
-0.0126495361328125 -0.0502586364746094 -0.30352783203125 -0.62213134765625
-0.0234031677246094 -0.00761604309082031 -0.66485595703125 -0.34613037109375
-0.00353670120239258 0.000685930252075195 -0.72064208984375 0.0071411132812499
0.0368576049804687 0.007781982421875 -0.56597900390625 0.15460205078125
0.0527839660644531 -0.00431442260742188 -0.289306640625 0.198577880859375
0.05645751953125 -0.0561027526855469 -0.0478744506835938 0.0329704284667969
0.0919647216796875 -0.0346908569335938 0.0922317504882813 -0.056915283203125
0.0969161987304688 -0.0189971923828125 0.344573974609375 -0.20977783203125
0.068572998046875 -0.00929641723632812 0.51300048828125 -0.164031982421875
0.024444580078125 0.0209770202636719 0.65325927734375 0.07281494140625
-0.0281562805175781 0.0468177795410156 0.5665283203125 0.43096923828125
-0.0635223388671875 0.0134963989257812 0.36407470703125 0.6300048828125
-0.0257320404052734 -0.00608253479003906 0.147216796875 0.45599365234375
0.01123046875 -0.0473976135253906 0.116630554199219 -0.000205993652343753
0.014068603515625 -0.0425338745117188 0.0391845703125 -0.466094970703125
-0.0138740539550781 -0.0203857421875 -0.28662109375 -0.6385498046875
-0.0272674560546875 0.0148906707763672 -0.6507568359375 -0.376953125
-0.0115060806274414 0.00642776489257812 -0.719482421875 -0.02197265625
0.0356788635253906 -0.00461196899414063 -0.56854248046875 0.1295166015625
0.0653724670410156 -0.0245094299316406 -0.28643798828125 0.184173583984375
0.0832061767578125 -0.069427490234375 -0.0368232727050781 0.0246696472167969
0.109275817871094 -0.0426788330078125 0.101158142089844 -0.0686874389648438
0.110267639160156 -0.0360260009765625 0.338409423828125 -0.2135009765625
0.0674781799316406 -0.0297584533691406 0.51531982421875 -0.166046142578125
0.0134077072143555 0.0147237777709961 0.6695556640625 0.05859375
-0.0398750305175781 0.0615348815917969 0.5904541015625 0.40472412109375
-0.0691261291503906 0.0411262512207031 0.38421630859375 0.59844970703125
-0.0225410461425781 0.0221595764160156 0.152313232421875 0.43096923828125
0.0148963928222656 -0.0223484039306641 0.117279052734375 -0.0170516967773438
0.0168046951293945 -0.0175209045410156 0.042755126953125 -0.485015869140625
-0.0160636901855469 0.00358009338378906 -0.2750244140625 -0.6605224609375
-0.0323009490966797 0.0325565338134766 -0.64031982421875 -0.4051513671875
-0.0198326110839844 0.00871849060058594 -0.7135009765625 -0.0485839843749998
0.0345554351806641 -0.0177421569824219 -0.56170654296875 0.11126708984375
0.0796890258789063 -0.0389480590820313 -0.2781982421875 0.171249389648438
0.106941223144531 -0.0748825073242187 -0.0184974670410156 0.0186080932617187
0.115280151367187 -0.0484848022460937 0.113914489746094 -0.0782394409179688
0.106880187988281 -0.0440597534179688 0.33837890625 -0.211578369140625
0.0576744079589844 -0.0357551574707031 0.527587890625 -0.162109375
0.000553131103515625 0.0186519622802734 0.6929931640625 0.0496826171875
-0.0451431274414063 0.0749893188476562 0.61419677734375 0.3818359375
-0.0665550231933594 0.0580024719238281 0.39654541015625 0.5626220703125
-0.016998291015625 0.0366477966308594 0.154571533203125 0.3985595703125
0.019622802734375 -0.00555038452148438 0.113151550292969 -0.044097900390625
0.0191307067871094 -0.000471115112304688 0.040771484375 -0.5081787109375
-0.0181159973144531 0.0184783935546875 -0.26849365234375 -0.68536376953125
-0.0409202575683594 0.0408859252929688 -0.62921142578125 -0.43157958984375
-0.0282955169677734 0.00612449645996094 -0.70343017578125 -0.0679321289062501
0.0342025756835938 -0.0305690765380859 -0.549652099609375 0.0972595214843751
0.0908966064453125 -0.0477142333984375 -0.264083862304688 0.160797119140625
0.122535705566406 -0.0736541748046875 0.00596809387207032 0.0151872634887695
-0.0321998596191406 0.0173072814941406 0.123214721679688 -0.0296707153320313
-0.0225105285644531 0.0699615478515625 0.35675048828125 -0.130706787109375
0.0177078247070312 0.0925445556640625 0.5584716796875 -0.047576904296875
0.0430984497070313 0.0421867370605469 0.7020263671875 0.176513671875
0.0211067199707031 -0.0377349853515625 0.551544189453125 0.472930908203125
-0.0131301879882812 -0.120536804199219 0.3033447265625 0.610595703125
-0.003570556640625 -0.143234252929688 0.0888671875 0.378448486328125
0.0167999267578125 -0.16839599609375 0.0721969604492187 -0.09906005859375
0.0177459716796875 -0.152862548828125 -0.050628662109375 -0.522491455078125
0.0115814208984375 -0.135612487792969 -0.38714599609375 -0.638427734375
0.00135040283203125 -0.0710830688476562 -0.69952392578125 -0.3076171875
0.0119972229003906 0.000697135925292969 -0.68280029296875 0.0509643554687501
0.00613784790039062 0.0694236755371094 -0.506866455078125 0.2056884765625
-0.0260162353515625 0.0556640625 -0.245956420898438 0.229278564453125
-0.0382537841796875 0.000373840332031243 -0.0131607055664063 0.0542144775390625
-0.0206985473632813 0.00614547729492187 0.107025146484375 -0.0248870849609375
-0.0163154602050781 0.0567626953125 0.350921630859375 -0.1441650390625
0.0190353393554688 0.0916900634765625 0.541351318359375 -0.064361572265625
0.0446624755859375 0.0540199279785156 0.6763916015625 0.169921875
0.0240383148193359 -0.0218677520751953 0.5389404296875 0.486419677734375
-0.0144882202148438 -0.110404968261719 0.30712890625 0.63824462890625
-0.0067901611328125 -0.137107849121094 0.100799560546875 0.41290283203125
0.0144805908203125 -0.15997314453125 0.0834503173828125 -0.0625076293945313
0.0115203857421875 -0.145355224609375 -0.032440185546875 -0.494171142578125
0.000671386718750007 -0.128021240234375 -0.37750244140625 -0.61767578125
-0.00732421874999999 -0.0685081481933594 -0.7015380859375 -0.29461669921875
0.0102300643920898 -0.00808143615722656 -0.698486328125 0.0564575195312498
0.0218620300292969 0.0561027526855469 -0.525177001953125 0.20098876953125
-0.00677490234374999 0.0498619079589844 -0.26129150390625 0.22784423828125
-0.0245761871337891 -0.00702476501464844 -0.0324859619140625 0.0516929626464844
0.000562191009521485 -0.00552892684936523 0.0939102172851563 -0.0282135009765625
0.00213623046875 0.0399856567382813 0.34814453125 -0.162994384765625
0.0261154174804688 0.078521728515625 0.5289306640625 -0.095733642578125
0.0413665771484375 0.0574302673339844 0.65814208984375 0.1505126953125
0.0182418823242188 -0.00201416015625 0.535675048828125 0.48638916015625
-0.023162841796875 -0.0859527587890625 0.31365966796875 0.6558837890625
-0.0135040283203125 -0.114166259765625 0.110931396484375 0.444122314453125
0.00900268554687501 -0.141891479492187 0.0937042236328125 -0.0311126708984375
0.00605010986328125 -0.127113342285156 -0.011199951171875 -0.47576904296875
-0.00753021240234375 -0.108222961425781 -0.35870361328125 -0.61016845703125
-0.015045166015625 -0.0542259216308594 -0.6959228515625 -0.29962158203125
0.00553417205810547 -0.0106191635131836 -0.71136474609375 0.0508422851562499
0.0314521789550781 0.038177490234375 -0.544403076171875 0.191802978515625
0.0157527923583984 0.0347232818603516 -0.274948120117188 0.22418212890625
-0.00177764892578125 -0.0207614898681641 -0.0463981628417969 0.0479888916015625
0.0303611755371094 -0.0166034698486328 0.0862884521484375 -0.0349807739257813
0.0327224731445313 0.0214385986328125 0.351318359375 -0.180572509765625
0.0404701232910156 0.0519523620605469 0.522003173828125 -0.128814697265625
0.0368537902832031 0.0497589111328125 0.6488037109375 0.11822509765625
0.00497245788574219 0.0167026519775391 0.537933349609375 0.470855712890625
-0.0372657775878906 -0.0546951293945312 0.3277587890625 0.66351318359375
-0.0195693969726563 -0.082061767578125 0.12396240234375 0.462982177734375
0.00743865966796876 -0.113670349121094 0.104759216308594 -0.00904846191406251
0.00698089599609374 -0.101364135742188 0.00921630859374997 -0.462371826171875
-0.0110626220703125 -0.0808029174804688 -0.33465576171875 -0.61102294921875
-0.0190792083740234 -0.0326004028320312 -0.68231201171875 -0.317626953125
0.00164699554443359 -0.00795412063598633 -0.71856689453125 0.0350952148437499
0.0362358093261719 0.0216064453125 -0.55804443359375 0.17718505859375
0.0354843139648438 0.01519775390625 -0.286163330078125 0.215545654296875
0.0257835388183594 -0.0386428833007813 -0.0517311096191406 0.0413627624511719
0.0638351440429688 -0.0259590148925781 0.086181640625 -0.0455551147460938
0.0678634643554688 -4.1961669921875E-05 0.3499755859375 -0.200103759765625
0.0576744079589844 0.0203323364257813 0.51861572265625 -0.154571533203125
0.0326251983642578 0.0345363616943359 0.64935302734375 0.0889892578125
-0.0128154754638672 0.0311145782470703 0.5504150390625 0.4537353515625
-0.0525627136230469 -0.018707275390625 0.34844970703125 0.65234375
-0.0248298645019531 -0.0429191589355469 0.136749267578125 0.468780517578125
0.00724792480468749 -0.0793609619140625 0.112838745117187 0.00273132324218749
0.0100860595703125 -0.0719451904296875 0.025390625 -0.460418701171875
-0.0132637023925781 -0.0500373840332031 -0.308349609375 -0.621826171875
-0.0223426818847656 -0.00768089294433594 -0.6690673828125 -0.3443603515625
-0.00493812561035156 -0.000445842742919921 -0.7232666015625 0.0104370117187501
0.0376319885253906 0.0079803466796875 -0.56719970703125 0.15643310546875
0.0536918640136719 -0.00590133666992188 -0.290985107421875 0.201507568359375
0.0550613403320313 -0.056671142578125 -0.0488128662109375 0.0338783264160156
0.0909957885742188 -0.0354461669921875 0.0924072265625 -0.0576705932617188
0.0965805053710938 -0.0188064575195313 0.343963623046875 -0.2122802734375
0.0686836242675781 -0.00933456420898438 0.512786865234375 -0.16754150390625
0.0236091613769531 0.0203380584716797 0.65374755859375 0.0667724609375
-0.0278816223144531 0.0459213256835938 0.568603515625 0.42779541015625
-0.0648078918457031 0.0143241882324219 0.3699951171875 0.6292724609375
-0.0252456665039063 -0.006011962890625 0.148223876953125 0.458282470703125
0.0102653503417969 -0.0468559265136719 0.11627197265625 -0.002349853515625
0.0132598876953125 -0.0429458618164063 0.035552978515625 -0.46746826171875
-0.0147190093994141 -0.01971435546875 -0.289306640625 -0.63909912109375
-0.0265903472900391 0.01666259765625 -0.65447998046875 -0.3731689453125
-0.0113611221313477 0.00600433349609375 -0.72308349609375 -0.0161132812500001
0.0362892150878906 -0.00571441650390625 -0.56707763671875 0.13397216796875
0.0675125122070313 -0.0241737365722656 -0.287750244140625 0.186187744140625
0.081756591796875 -0.0689697265625 -0.0394706726074219 0.025604248046875
0.108726501464844 -0.0439300537109375 0.101463317871094 -0.0689697265625
0.108207702636719 -0.0360641479492187 0.339080810546875 -0.216522216796875
0.06744384765625 -0.0300979614257812 0.51580810546875 -0.169281005859375
0.0121135711669922 0.0157928466796875 0.6724853515625 0.0552978515625
-0.0398521423339844 0.0621223449707031 0.592041015625 0.403564453125
-0.0685272216796875 0.0422248840332031 0.39068603515625 0.59869384765625
-0.0231208801269531 0.0225906372070312 0.1568603515625 0.434051513671875
0.0144271850585937 -0.0208873748779297 0.1175537109375 -0.0180435180664063
0.0163364410400391 -0.0176734924316406 0.0405578613281251 -0.486236572265625
-0.017277717590332 0.00365066528320312 -0.2767333984375 -0.66143798828125
-0.0328083038330078 0.0333518981933594 -0.64324951171875 -0.40252685546875
-0.0204029083251953 0.00911712646484375 -0.71807861328125 -0.0425415039062501
0.0349102020263672 -0.0176849365234375 -0.564697265625 0.1138916015625
0.08062744140625 -0.04010009765625 -0.278472900390625 0.172012329101563
0.105682373046875 -0.07672119140625 -0.0190639495849609 0.0179710388183594
0.114700317382812 -0.0495223999023438 0.114143371582031 -0.0782699584960938
0.10626220703125 -0.0453643798828125 0.3363037109375 -0.21478271484375
0.0560874938964844 -0.0358772277832031 0.528778076171875 -0.1640625
0.00148200988769531 0.0181713104248047 0.6949462890625 0.04583740234375
-0.0444564819335938 0.0760116577148438 0.6151123046875 0.3773193359375
-0.0650978088378906 0.0588188171386719 0.401031494140625 0.5615234375
-0.0158615112304687 0.0368194580078125 0.15667724609375 0.398895263671875
0.0187530517578125 -0.00424575805664063 0.113151550292969 -0.0460662841796875
0.0189762115478516 9.5367431640625E-05 0.0384521484375 -0.5115966796875
-0.0188884735107422 0.0182819366455078 -0.27178955078125 -0.68536376953125
-0.040802001953125 0.0408439636230469 -0.63482666015625 -0.428955078125
-0.0293121337890625 0.00546646118164063 -0.708984375 -0.06365966796875
0.0346260070800781 -0.0310611724853516 -0.54986572265625 0.102294921875
0.09112548828125 -0.0490264892578125 -0.26434326171875 0.16217041015625
0.121177673339844 -0.07464599609375 0.0041484832763672 0.0162715911865234
-0.0324611663818359 0.0173892974853516 0.123130798339844 -0.0304107666015625
-0.0222930908203125 0.0702476501464844 0.359039306640625 -0.13348388671875
0.018951416015625 0.0933990478515625 0.56146240234375 -0.05157470703125
0.0440330505371094 0.04168701171875 0.7034912109375 0.17120361328125
0.022216796875 -0.0381240844726563 0.556182861328125 0.470306396484375
-0.0139007568359375 -0.120269775390625 0.306396484375 0.61065673828125
-0.00451660156250001 -0.143783569335938 0.08984375 0.378753662109375
0.016937255859375 -0.167831420898438 0.07244873046875 -0.100486755371094
0.0160675048828125 -0.153472900390625 -0.052032470703125 -0.52410888671875
0.00940704345703126 -0.136611938476562 -0.393310546875 -0.63677978515625
-0.000511169433593755 -0.0713119506835938 -0.703125 -0.30303955078125
0.0117197036743164 0.000698089599609375 -0.68621826171875 0.05670166015625
0.00674819946289062 0.0699119567871094 -0.506103515625 0.20916748046875
-0.0252418518066406 0.0562667846679688 -0.246002197265625 0.231399536132812
-0.0377922058105469 0.00186920166015624 -0.0125198364257813 0.0549583435058594
-0.0221290588378906 0.00516891479492188 0.106338500976563 -0.0273284912109375
-0.0167274475097656 0.0573348999023438 0.35211181640625 -0.146728515625
0.0202255249023438 0.0927352905273437 0.54345703125 -0.069091796875
0.0452156066894531 0.0536880493164063 0.67919921875 0.165283203125
0.0223808288574219 -0.0231895446777344 0.545196533203125 0.48492431640625
-0.0156936645507812 -0.1097412109375 0.31121826171875 0.63934326171875
-0.00923156738281251 -0.136024475097656 0.101837158203125 0.414459228515625
0.0124969482421875 -0.16033935546875 0.0831527709960937 -0.0627975463867188
0.00950622558593751 -0.146560668945313 -0.034912109375 -0.496734619140625
-0.0015869140625 -0.129112243652344 -0.3829345703125 -0.61798095703125
-0.007904052734375 -0.0671157836914063 -0.7076416015625 -0.2930908203125
0.00969123840332031 -0.00878047943115234 -0.70098876953125 0.0601196289062499
0.0215187072753906 0.0555343627929688 -0.52630615234375 0.203857421875
-0.00592041015625 0.0502395629882812 -0.261306762695313 0.228744506835938
-0.0249462127685547 -0.00579452514648437 -0.0332221984863281 0.0524101257324219
0.000247001647949219 -0.00691366195678711 0.0941314697265625 -0.0290374755859375
0.000743865966796875 0.0400962829589844 0.350311279296875 -0.16546630859375
0.0265274047851562 0.0778045654296875 0.529998779296875 -0.099212646484375
0.0421524047851563 0.0567512512207031 0.6614990234375 0.1441650390625
0.0175876617431641 -0.0029144287109375 0.54156494140625 0.483428955078125
-0.0242385864257813 -0.0854263305664063 0.3184814453125 0.65679931640625
-0.0129547119140625 -0.115058898925781 0.113250732421875 0.4444580078125
0.007537841796875 -0.142166137695313 0.0940933227539063 -0.0327301025390625
0.00580596923828124 -0.128448486328125 -0.01422119140625 -0.476348876953125
-0.0093231201171875 -0.108840942382813 -0.3629150390625 -0.610107421875
-0.0154190063476563 -0.0546607971191406 -0.69775390625 -0.296630859375
0.00631523132324219 -0.0118675231933594 -0.713623046875 0.0559692382812499
0.0322799682617188 0.037445068359375 -0.545654296875 0.1954345703125
0.0157737731933594 0.0357131958007812 -0.274749755859375 0.225540161132813
-0.00244331359863281 -0.0200366973876953 -0.0461273193359375 0.0484809875488281
0.0291404724121094 -0.0170001983642578 0.085968017578125 -0.0352783203125
0.0319061279296875 0.0196437835693359 0.350433349609375 -0.18310546875
0.04156494140625 0.0525054931640625 0.52459716796875 -0.13201904296875
0.0380287170410156 0.0498924255371094 0.6519775390625 0.1143798828125
0.00541782379150391 0.0158414840698242 0.5418701171875 0.47003173828125
-0.0371360778808594 -0.0540580749511719 0.3331298828125 0.66070556640625
-0.0212249755859375 -0.081268310546875 0.12548828125 0.46429443359375
0.00594329833984374 -0.112655639648437 0.1058349609375 -0.00815582275390626
0.00539398193359374 -0.101364135742188 0.00628662109374996 -0.464630126953125
-0.012939453125 -0.0807037353515625 -0.33770751953125 -0.6104736328125
-0.0206184387207031 -0.0325565338134766 -0.68505859375 -0.31402587890625
0.000774383544921875 -0.00741195678710938 -0.7213134765625 0.0399169921874999
0.0359001159667969 0.0223655700683594 -0.55950927734375 0.1810302734375
0.035736083984375 0.0147132873535156 -0.28521728515625 0.21649169921875
0.0248603820800781 -0.0385856628417969 -0.0516471862792969 0.042510986328125
0.0627861022949219 -0.0268936157226563 0.0853500366210938 -0.0453720092773438
0.0681266784667969 -0.000213623046875 0.34954833984375 -0.200927734375
0.0581130981445312 0.0197639465332031 0.5184326171875 -0.158172607421875
0.0332431793212891 0.0348663330078125 0.65118408203125 0.083740234375
-0.0128746032714844 0.0319290161132813 0.554840087890625 0.451019287109375
-0.0521621704101562 -0.01837158203125 0.3538818359375 0.6519775390625
-0.0251960754394531 -0.0418281555175781 0.139801025390625 0.468475341796875
0.00698089599609375 -0.079132080078125 0.113876342773438 0.00252532958984375
0.00816345214843751 -0.0730819702148437 0.024566650390625 -0.462066650390625
-0.0131111145019531 -0.0498771667480469 -0.313720703125 -0.623046875
-0.0229225158691406 -0.00733566284179687 -0.6732177734375 -0.3394775390625
-0.00460147857666016 0.000155925750732421 -0.7255859375 0.0167236328124999
0.0368576049804688 0.0077667236328125 -0.5687255859375 0.16094970703125
0.0525283813476562 -0.0054473876953125 -0.291046142578125 0.20452880859375
0.0541305541992188 -0.0569992065429688 -0.0495223999023438 0.0347328186035156
0.089752197265625 -0.036376953125 0.092010498046875 -0.0598831176757813
0.0958251953125 -0.0191802978515625 0.34381103515625 -0.21356201171875
0.0691680908203125 -0.00944900512695313 0.513702392578125 -0.17193603515625
0.0243759155273437 0.0209426879882813 0.6563720703125 0.06298828125
-0.0281105041503906 0.04718017578125 0.5733642578125 0.42510986328125
-0.06353759765625 0.0149383544921875 0.3748779296875 0.62896728515625
-0.0258522033691406 -0.00569915771484375 0.151214599609375 0.4588623046875
0.0102882385253906 -0.0461654663085938 0.117515563964844 -0.00160980224609375
0.0123329162597656 -0.0427169799804688 0.0338134765625 -0.469635009765625
-0.0143680572509766 -0.0207042694091797 -0.29376220703125 -0.6383056640625
-0.0268821716308594 0.0163516998291016 -0.66033935546875 -0.3699951171875
-0.0119466781616211 0.00633907318115234 -0.72564697265625 -0.0117797851562501
0.0366897583007812 -0.00576400756835937 -0.5709228515625 0.137939453125
0.0677642822265625 -0.0249862670898438 -0.2882080078125 0.189666748046875
0.0814895629882813 -0.0709304809570313 -0.0383186340332031 0.0262908935546875
0.107826232910156 -0.0439605712890625 0.100692749023438 -0.0695419311523438
0.109024047851562 -0.036376953125 0.338104248046875 -0.219635009765625
0.0684928894042969 -0.0309028625488281 0.514617919921875 -0.171905517578125
0.0135011672973633 0.0153369903564453 0.673583984375 0.04962158203125
-0.0408287048339844 0.0623283386230469 0.596923828125 0.4007568359375
-0.0683021545410156 0.0436973571777344 0.39447021484375 0.59808349609375
-0.0228500366210938 0.0233860015869141 0.159332275390625 0.434234619140625
0.014373779296875 -0.0194435119628906 0.116767883300781 -0.0186538696289063
0.0157432556152344 -0.0184745788574219 0.036529541015625 -0.48687744140625
-0.0170001983642578 0.00404071807861328 -0.28045654296875 -0.66021728515625
-0.0322341918945313 0.0331668853759766 -0.64788818359375 -0.40032958984375
-0.0189342498779297 0.00830459594726563 -0.7222900390625 -0.0375976562499998
0.0361442565917969 -0.0184783935546875 -0.56500244140625 0.117919921875
0.0801239013671875 -0.0400466918945313 -0.280487060546875 0.175857543945312
0.104957580566406 -0.077789306640625 -0.0193157196044922 0.0185565948486328
0.113937377929688 -0.0499038696289063 0.113410949707031 -0.078765869140625
0.105850219726563 -0.0472335815429687 0.337005615234375 -0.218017578125
0.0574951171875 -0.0366172790527344 0.5274658203125 -0.16845703125
0.00136756896972656 0.0184307098388672 0.694580078125 0.0394287109375
-0.0439376831054688 0.0757675170898438 0.6195068359375 0.3753662109375
-0.0649490356445313 0.0589447021484375 0.40594482421875 0.56243896484375
-0.0165824890136719 0.0392608642578125 0.158935546875 0.40087890625
0.0199966430664063 -0.00439834594726563 0.112663269042969 -0.0457305908203125
0.0190582275390625 -0.000963211059570313 0.035125732421875 -0.512237548828125
-0.0196437835693359 0.0201740264892578 -0.276123046875 -0.68548583984375
-0.0396461486816406 0.0415992736816406 -0.63995361328125 -0.42584228515625
-0.0299587249755859 0.00552940368652344 -0.71026611328125 -0.0584716796875
0.0357398986816406 -0.0320968627929687 -0.551239013671875 0.105316162109375
0.0908126831054688 -0.0501861572265625 -0.264541625976563 0.164459228515625
0.121070861816406 -0.0767135620117188 0.00391292572021485 0.01629638671875
-0.0333232879638672 0.0182476043701172 0.123405456542969 -0.0321121215820312
-0.0218658447265625 0.0708465576171875 0.358795166015625 -0.136993408203125
0.0212478637695312 0.0936355590820313 0.5643310546875 -0.05487060546875
0.0436859130859375 0.0419387817382813 0.70758056640625 0.16583251953125
0.0203170776367188 -0.0395736694335938 0.560943603515625 0.467864990234375
-0.01507568359375 -0.120559692382812 0.311767578125 0.6099853515625
-0.00616455078125 -0.14306640625 0.093231201171875 0.3817138671875
0.0145416259765625 -0.167816162109375 0.0706329345703125 -0.0995254516601563
0.016265869140625 -0.154617309570313 -0.05511474609375 -0.525726318359375
0.0088348388671875 -0.137374877929688 -0.39898681640625 -0.63818359375
-0.000362396240234381 -0.070281982421875 -0.70587158203125 -0.29864501953125
0.0116329193115234 0.00110912322998047 -0.68865966796875 0.0622558593749999
0.0080108642578125 0.0693511962890625 -0.507476806640625 0.211456298828125
-0.0248565673828125 0.0567283630371094 -0.247894287109375 0.233734130859375
-0.0376129150390625 0.00222778320312501 -0.0119972229003906 0.0552749633789063
-0.0232124328613281 0.00664329528808594 0.106864929199219 -0.0275802612304688
-0.017303466796875 0.0589332580566406 0.350921630859375 -0.149322509765625
0.0203704833984375 0.0919647216796875 0.545257568359375 -0.07257080078125
0.0460281372070313 0.0539054870605469 0.681396484375 0.16009521484375
0.0235214233398438 -0.023651123046875 0.548736572265625 0.480926513671875
-0.0163192749023438 -0.109695434570313 0.3153076171875 0.63836669921875
-0.00882720947265624 -0.135444641113281 0.104095458984375 0.41571044921875
0.0101776123046875 -0.161392211914063 0.081634521484375 -0.0639190673828125
0.0076751708984375 -0.147369384765625 -0.0380859374999999 -0.495941162109375
-0.00151824951171875 -0.129341125488281 -0.38592529296875 -0.619140625
-0.009063720703125 -0.0671005249023438 -0.71044921875 -0.28875732421875
0.0118703842163086 -0.00849342346191406 -0.7030029296875 0.0659179687499999
0.0225143432617188 0.0549812316894531 -0.52716064453125 0.2076416015625
-0.00555038452148437 0.0493278503417969 -0.26116943359375 0.232528686523437
-0.0245246887207031 -0.0073089599609375 -0.0332069396972656 0.0538101196289062
-0.00046539306640625 -0.00603818893432617 0.0926361083984375 -0.02935791015625
0.00104904174804687 0.0407829284667969 0.35198974609375 -0.167938232421875
0.0279312133789063 0.0774612426757813 0.5316162109375 -0.103302001953125
0.0419731140136719 0.0568923950195313 0.66363525390625 0.1402587890625
0.0187568664550781 -0.00371551513671875 0.54522705078125 0.481109619140625
-0.0256271362304688 -0.0864105224609375 0.32427978515625 0.6588134765625
-0.014984130859375 -0.113876342773438 0.1160888671875 0.446014404296875
0.0064697265625 -0.141250610351563 0.0933074951171875 -0.0313262939453125
0.00304412841796876 -0.128692626953125 -0.016387939453125 -0.478240966796875
-0.0106124877929688 -0.110130310058594 -0.36712646484375 -0.6094970703125
-0.0162391662597656 -0.0543212890625 -0.70318603515625 -0.29266357421875
0.00636959075927734 -0.0122756958007813 -0.71673583984375 0.0618896484374999
0.0325546264648438 0.0376930236816406 -0.54644775390625 0.198638916015625
0.0163307189941406 0.0352058410644531 -0.27557373046875 0.228302001953125
-0.00367927551269531 -0.0204677581787109 -0.0471038818359375 0.0488395690917969
0.0299758911132812 -0.0171756744384766 0.0858917236328125 -0.036376953125
0.0307331085205078 0.0201244354248047 0.352630615234375 -0.18719482421875
0.0410575866699219 0.0521736145019531 0.5242919921875 -0.135711669921875
0.0381622314453125 0.0494537353515625 0.65289306640625 0.109130859375
0.0054779052734375 0.0156440734863281 0.547454833984375 0.46612548828125
-0.0392570495605469 -0.0534706115722656 0.338623046875 0.65997314453125
-0.02105712890625 -0.0801162719726563 0.128143310546875 0.465606689453125
0.00455474853515625 -0.112953186035156 0.104728698730469 -0.00879669189453126
0.00473785400390625 -0.10247802734375 0.00299072265624997 -0.465972900390625
-0.0147476196289063 -0.0810775756835938 -0.3436279296875 -0.60931396484375
-0.0194377899169922 -0.0325508117675781 -0.68939208984375 -0.30975341796875
0.00130891799926758 -0.00687313079833984 -0.72308349609375 0.0450439453125001
0.0367774963378906 0.0195693969726563 -0.5596923828125 0.18505859375
0.035736083984375 0.0148887634277344 -0.285003662109375 0.220184326171875
0.024810791015625 -0.0386276245117188 -0.053009033203125 0.0430488586425781
0.0622177124023437 -0.0270004272460937 0.0852127075195313 -0.0477523803710938
0.0683135986328125 -0.001434326171875 0.349456787109375 -0.204803466796875
0.0587387084960938 0.0187454223632813 0.520782470703125 -0.1627197265625
0.0328998565673828 0.0345134735107422 0.65338134765625 0.080810546875
-0.0119915008544922 0.0333080291748047 0.557830810546875 0.44805908203125
-0.052459716796875 -0.0179023742675781 0.35882568359375 0.65069580078125
-0.0260276794433594 -0.0417251586914062 0.142791748046875 0.471832275390625
0.0064697265625 -0.0787200927734375 0.113800048828125 0.00183868408203125
0.00794982910156251 -0.0723342895507813 0.02081298828125 -0.463653564453125
-0.0147743225097656 -0.0498199462890625 -0.3182373046875 -0.6221923828125
-0.0232295989990234 -0.00654220581054687 -0.677001953125 -0.33721923828125
-0.0048980712890625 -0.000346183776855469 -0.728515625 0.0236816406250001
0.0380134582519531 0.00667190551757813 -0.57110595703125 0.16510009765625
0.0527114868164063 -0.00658035278320313 -0.292724609375 0.206695556640625
0.0522575378417969 -0.0577735900878906 -0.0507125854492188 0.0355186462402344
0.0894775390625 -0.0364303588867188 0.0918807983398438 -0.05853271484375
0.0968017578125 -0.0211563110351563 0.343841552734375 -0.21832275390625
0.0690765380859375 -0.0103378295898438 0.515472412109375 -0.176422119140625
0.0239353179931641 0.0200729370117187 0.65771484375 0.05877685546875
-0.0276718139648437 0.0484809875488281 0.577880859375 0.42254638671875
-0.0640296936035156 0.0150527954101563 0.380615234375 0.6292724609375
-0.0265293121337891 -0.00559043884277344 0.154754638671875 0.459197998046875
0.0102729797363281 -0.0464286804199219 0.116455078125 -0.00235748291015625
0.011016845703125 -0.0435791015625 0.031494140625 -0.471527099609375
-0.0156517028808594 -0.0199966430664062 -0.297607421875 -0.63995361328125
-0.0257740020751953 0.0164470672607422 -0.6632080078125 -0.36871337890625
-0.0106906890869141 0.0077676773071289 -0.728759765625 -0.00598144531249994
0.0362052917480469 -0.00753402709960938 -0.5721435546875 0.14208984375
0.0679512023925781 -0.0249366760253906 -0.28948974609375 0.1904296875
0.0801315307617188 -0.0709991455078125 -0.0402259826660156 0.0262527465820313
0.106918334960938 -0.0453720092773438 0.101387023925781 -0.07080078125
0.108940124511719 -0.0378646850585938 0.338226318359375 -0.22100830078125
0.0666961669921875 -0.0316848754882813 0.516815185546875 -0.177459716796875
0.0126256942749023 0.0145635604858398 0.67449951171875 0.04547119140625
-0.0394706726074219 0.0629959106445313 0.60223388671875 0.3973388671875
-0.0680694580078125 0.0449333190917969 0.400146484375 0.5972900390625
-0.0229129791259766 0.0251960754394531 0.162109375 0.43548583984375
0.0147438049316406 -0.0197525024414062 0.117950439453125 -0.018310546875
0.0150985717773438 -0.0180702209472656 0.0345458984375 -0.488250732421875
-0.0175104141235352 0.00425243377685547 -0.28546142578125 -0.6610107421875
-0.0322380065917969 0.0340099334716797 -0.65283203125 -0.39593505859375
-0.0205574035644531 0.00935935974121094 -0.7252197265625 -0.0313720703124999
0.0358734130859375 -0.0197486877441406 -0.56854248046875 0.120849609375
0.0810470581054688 -0.0405654907226563 -0.2813720703125 0.17803955078125
0.105232238769531 -0.0788345336914063 -0.0214424133300781 0.0202598571777344
0.112831115722656 -0.0521087646484375 0.114837646484375 -0.0805892944335938
0.105941772460938 -0.0475311279296875 0.33709716796875 -0.22003173828125
0.0574455261230469 -0.037200927734375 0.530853271484375 -0.173126220703125
0.00224113464355469 0.0186023712158203 0.6990966796875 0.0347900390625
-0.0425949096679688 0.076385498046875 0.6246337890625 0.3719482421875
-0.0642509460449219 0.0614852905273438 0.408843994140625 0.56158447265625
-0.0143585205078125 0.0392608642578125 0.1612548828125 0.4012451171875
0.0193233489990234 -0.00234222412109375 0.112449645996094 -0.0457305908203125
0.0171232223510742 -0.0008544921875 0.031158447265625 -0.513671875
-0.0192375183105469 0.0199737548828125 -0.2828369140625 -0.68701171875
-0.0412025451660156 0.0427131652832031 -0.6434326171875 -0.42095947265625
-0.0302047729492188 0.00574302673339844 -0.7158203125 -0.0543212890625
0.0353965759277344 -0.0322761535644531 -0.555389404296875 0.109832763671875
0.0920257568359375 -0.0504837036132812 -0.265579223632812 0.166824340820313
0.122032165527344 -0.0762557983398438 0.00159645080566407 0.0155124664306641
-0.0334568023681641 0.0184040069580078 0.122154235839844 -0.0341339111328125
-0.023345947265625 0.0717849731445313 0.358673095703125 -0.140045166015625
0.0225677490234375 0.0943984985351563 0.56427001953125 -0.05938720703125
0.0444717407226563 0.0413017272949219 0.71099853515625 0.16094970703125
0.0218353271484375 -0.0398139953613281 0.565673828125 0.46405029296875
-0.0162124633789062 -0.1214599609375 0.31756591796875 0.61224365234375
-0.00639343261718751 -0.143936157226563 0.09490966796875 0.3819580078125
0.01275634765625 -0.1689453125 0.0696487426757813 -0.0998153686523438
0.013946533203125 -0.154754638671875 -0.059844970703125 -0.52777099609375
0.00871276855468751 -0.138168334960938 -0.40472412109375 -0.637451171875
-0.00112915039062501 -0.0706100463867188 -0.71282958984375 -0.2965087890625
0.0113649368286133 0.000609397888183594 -0.69061279296875 0.0669555664062501
0.00880813598632812 0.0690193176269531 -0.508056640625 0.21630859375
-0.0240020751953125 0.0566864013671875 -0.245559692382812 0.236480712890625
-0.0396766662597656 0.00308227539062499 -0.0135841369628906 0.0565071105957031
-0.0227642059326172 0.006317138671875 0.106658935546875 -0.0283050537109375
-0.016632080078125 0.0582847595214844 0.35296630859375 -0.151031494140625
0.02166748046875 0.0924758911132813 0.546295166015625 -0.076507568359375
0.0448112487792969 0.0542793273925781 0.68377685546875 0.15716552734375
0.0239372253417969 -0.0239009857177734 0.553466796875 0.477783203125
-0.0178070068359375 -0.11053466796875 0.32159423828125 0.63922119140625
-0.0102462768554688 -0.135581970214844 0.1065673828125 0.41705322265625
0.008331298828125 -0.160446166992188 0.0816192626953125 -0.0627670288085938
0.00634765625000001 -0.147674560546875 -0.042144775390625 -0.5
-0.00391387939453125 -0.130058288574219 -0.39312744140625 -0.6160888671875
-0.00964736938476563 -0.0680656433105469 -0.71466064453125 -0.285400390625
0.0108118057250977 -0.00866508483886719 -0.708251953125 0.0717773437499999
0.0229377746582031 0.0548629760742188 -0.5279541015625 0.213043212890625
-0.0052032470703125 0.0502967834472656 -0.261383056640625 0.235824584960938
-0.0249996185302734 -0.00592041015624999 -0.0336189270019531 0.0552482604980469
-0.00212717056274414 -0.00724124908447266 0.0940170288085938 -0.0310592651367188
0.00183486938476562 0.0405426025390625 0.3515625 -0.170318603515625
0.0285415649414063 0.078460693359375 0.53387451171875 -0.106536865234375
0.0438308715820313 0.0573234558105469 0.6690673828125 0.1358642578125
0.0183792114257813 -0.00435638427734375 0.55010986328125 0.479095458984375
-0.0249404907226562 -0.0868148803710938 0.330078125 0.65631103515625
-0.015472412109375 -0.113189697265625 0.11871337890625 0.4481201171875
0.00439453124999998 -0.140945434570313 0.09344482421875 -0.0329360961914063
0.00291442871093751 -0.129112243652344 -0.021026611328125 -0.480194091796875
-0.0118026733398437 -0.110336303710938 -0.373046875 -0.60870361328125
-0.0154647827148437 -0.0533790588378906 -0.708984375 -0.2899169921875
0.00641822814941406 -0.010467529296875 -0.71954345703125 0.0670776367187501
0.0335731506347656 0.0368499755859375 -0.547088623046875 0.203155517578125
0.0170249938964844 0.034027099609375 -0.275299072265625 0.23040771484375
-0.00361061096191406 -0.0204315185546875 -0.0469093322753906 0.0504493713378906
0.0285682678222656 -0.0167407989501953 0.0877151489257813 -0.0372314453125
0.0311222076416016 0.0200595855712891 0.35198974609375 -0.19024658203125
0.04217529296875 0.0518150329589844 0.526580810546875 -0.1405029296875
0.0389671325683594 0.0500259399414063 0.65753173828125 0.10540771484375
0.00447273254394531 0.0153999328613281 0.551055908203125 0.464447021484375
-0.0378952026367188 -0.0530166625976563 0.34326171875 0.66082763671875
-0.0226058959960937 -0.0793609619140625 0.132293701171875 0.46612548828125
0.00296020507812499 -0.111648559570313 0.105621337890625 -0.0102615356445313
0.00404357910156249 -0.101768493652344 0.000671386718750036 -0.468170166015625
-0.0152053833007813 -0.0816726684570313 -0.34796142578125 -0.611083984375
-0.0209789276123047 -0.0322170257568359 -0.6934814453125 -0.3050537109375
0.00124788284301758 -0.00845098495483398 -0.72772216796875 0.0516967773437499
0.0378761291503906 0.0202980041503906 -0.56103515625 0.18975830078125
0.0374374389648438 0.0150337219238281 -0.285614013671875 0.221954345703125
0.02337646484375 -0.0392646789550781 -0.0528335571289063 0.0451622009277344
0.0631484985351563 -0.0277748107910156 0.0853347778320313 -0.0476531982421875
0.0665168762207031 -0.00102996826171875 0.351287841796875 -0.2081298828125
0.0589027404785156 0.0204696655273438 0.520355224609375 -0.168670654296875
0.032928466796875 0.0347461700439453 0.6552734375 0.07391357421875
-0.0117950439453125 0.0322170257568359 0.56402587890625 0.44549560546875
-0.0530891418457031 -0.0165176391601562 0.36279296875 0.6517333984375
-0.0259933471679688 -0.0421981811523438 0.146453857421875 0.471710205078125
0.00586700439453125 -0.0787811279296875 0.113334655761719 0.000747680664062495
0.00644683837890626 -0.073211669921875 0.017913818359375 -0.46624755859375
-0.0158271789550781 -0.048797607421875 -0.32183837890625 -0.62261962890625
-0.0236682891845703 -0.00567626953125 -0.68109130859375 -0.3321533203125
-0.00460672378540039 -5.91278076171868E-05 -0.733154296875 0.0275878906250001
0.0381278991699219 0.00551605224609375 -0.57342529296875 0.169677734375
0.0543251037597656 -0.00739669799804688 -0.291778564453125 0.209075927734375
0.0525741577148438 -0.0577049255371094 -0.0518074035644531 0.0370941162109375
0.0899124145507813 -0.0378341674804688 0.0901947021484375 -0.061248779296875
0.0959396362304688 -0.0198287963867188 0.34368896484375 -0.219573974609375
0.0691337585449219 -0.0107192993164063 0.514892578125 -0.18115234375
0.0247783660888672 0.0200538635253906 0.6605224609375 0.052490234375
-0.0271224975585937 0.0487213134765625 0.58203125 0.41888427734375
-0.0642051696777344 0.0173149108886719 0.3839111328125 0.62896728515625
-0.0258808135986328 -0.00311851501464844 0.15728759765625 0.459930419921875
0.00955963134765625 -0.0453109741210938 0.118240356445312 -0.0035400390625
0.0107994079589844 -0.0431098937988281 0.02935791015625 -0.474151611328125
-0.0157299041748047 -0.0197811126708984 -0.30108642578125 -0.638916015625
-0.0261440277099609 0.0182228088378906 -0.66729736328125 -0.36376953125
-0.0121784210205078 0.00709819793701172 -0.73175048828125 0.00115966796874996
0.0372581481933594 -0.0068359375 -0.57354736328125 0.1468505859375
0.0675811767578125 -0.025970458984375 -0.289886474609375 0.19464111328125
0.0805206298828125 -0.0726089477539063 -0.0411300659179688 0.0277900695800781
0.106483459472656 -0.0457611083984375 0.099884033203125 -0.071197509765625
0.109596252441406 -0.0371856689453125 0.337890625 -0.2249755859375
0.0685577392578125 -0.0315055847167969 0.517120361328125 -0.181793212890625
0.0132789611816406 0.0146427154541016 0.6776123046875 0.037841796875
-0.0379562377929688 0.0639762878417969 0.60528564453125 0.394775390625
-0.0673103332519531 0.0459709167480469 0.4053955078125 0.59796142578125
-0.0215167999267578 0.0258407592773438 0.166351318359375 0.4365234375
0.0142536163330078 -0.0189304351806641 0.117660522460937 -0.0197372436523437
0.0153293609619141 -0.0176105499267578 0.0316162109375 -0.4908447265625
-0.0174407958984375 0.00411224365234375 -0.2911376953125 -0.6611328125
-0.0322551727294922 0.0349578857421875 -0.6558837890625 -0.392578125
-0.0208988189697266 0.0107326507568359 -0.7291259765625 -0.0269165039062501
0.0351314544677734 -0.0202713012695313 -0.57122802734375 0.125732421875
0.0809783935546875 -0.0418167114257813 -0.281951904296875 0.179443359375
0.104499816894531 -0.0783767700195313 -0.0200290679931641 0.0206413269042969
0.111709594726562 -0.0527267456054687 0.113304138183594 -0.0819549560546875
0.105621337890625 -0.0485382080078125 0.337677001953125 -0.222686767578125
0.0573883056640625 -0.0374679565429688 0.53045654296875 -0.17730712890625
0.00203132629394531 0.0190715789794922 0.70135498046875 0.02850341796875
-0.0424041748046875 0.0764694213867188 0.627685546875 0.36883544921875
-0.0635490417480469 0.0624504089355469 0.41522216796875 0.560821533203125
-0.0133590698242187 0.0410003662109375 0.16571044921875 0.4024658203125
0.0202560424804688 -0.00193214416503906 0.112739562988281 -0.0469436645507812
0.0167970657348633 0.000286102294921875 0.028961181640625 -0.515625
-0.0197830200195313 0.0200634002685547 -0.28411865234375 -0.68695068359375
-0.0402946472167969 0.0438652038574219 -0.64813232421875 -0.41864013671875
-0.0302391052246094 0.00641441345214844 -0.72027587890625 -0.0469970703125001
0.0346298217773438 -0.0339069366455078 -0.558685302734375 0.112457275390625
0.0911407470703125 -0.0525741577148437 -0.266571044921875 0.168960571289063
0.121101379394531 -0.0774993896484375 0.00163650512695313 0.0171194076538086
-0.0342617034912109 0.0177879333496094 0.123527526855469 -0.034423828125
-0.0226821899414063 0.0712890625 0.35980224609375 -0.143157958984375
0.0232467651367187 0.0951385498046875 0.568359375 -0.06488037109375
0.04620361328125 0.0419883728027344 0.71478271484375 0.15545654296875
0.0197639465332031 -0.0416908264160156 0.569580078125 0.460693359375
-0.0162811279296875 -0.122718811035156 0.3216552734375 0.6104736328125
-0.006988525390625 -0.143661499023438 0.0982666015625 0.38409423828125
0.010986328125 -0.168167114257813 0.0690536499023438 -0.1005859375
0.0117950439453125 -0.156524658203125 -0.0627441406250001 -0.52850341796875
0.00663757324218749 -0.137840270996094 -0.4102783203125 -0.6358642578125
-0.00171661376953125 -0.07049560546875 -0.717529296875 -0.29144287109375
0.0123300552368164 0.000507354736328125 -0.692626953125 0.0717163085937501
0.0107994079589844 0.0688972473144531 -0.508697509765625 0.221282958984375
-0.02410888671875 0.0577735900878906 -0.247314453125 0.238418579101562
-0.0385932922363281 0.00233840942382813 -0.0129203796386719 0.0588455200195313
-0.0242729187011719 0.00540542602539062 0.106697082519531 -0.031494140625
-0.0179405212402344 0.0604515075683594 0.352996826171875 -0.15576171875
0.0226593017578125 0.093841552734375 0.548736572265625 -0.08062744140625
0.0472755432128906 0.0543060302734375 0.688232421875 0.15093994140625
0.0225658416748047 -0.0248317718505859 0.558990478515625 0.476043701171875
-0.0187911987304687 -0.109703063964844 0.3271484375 0.63861083984375
-0.0120697021484375 -0.135353088378906 0.110107421875 0.418914794921875
0.00685119628906251 -0.16204833984375 0.0808181762695313 -0.0643157958984375
0.00547790527343751 -0.1480712890625 -0.04638671875 -0.5008544921875
-0.00544738769531249 -0.130355834960938 -0.39825439453125 -0.61822509765625
-0.0103416442871094 -0.0680427551269531 -0.71990966796875 -0.280517578125
0.0100955963134766 -0.00937938690185547 -0.71026611328125 0.0780029296875
0.0252609252929688 0.0542259216308594 -0.528564453125 0.21844482421875
-0.00530242919921875 0.0509872436523438 -0.2615966796875 0.237518310546875
-0.0263328552246094 -0.0063018798828125 -0.0335311889648438 0.0559043884277344
-0.00147676467895508 -0.00693368911743164 0.0940170288085938 -0.0304412841796875
0.000122070312499999 0.0409202575683594 0.35308837890625 -0.173858642578125
0.0279617309570313 0.0788421630859375 0.533233642578125 -0.11187744140625
0.044097900390625 0.0567169189453125 0.670654296875 0.13104248046875
0.0173892974853516 -0.00405979156494141 0.554718017578125 0.47607421875
-0.026519775390625 -0.087066650390625 0.33416748046875 0.65533447265625
-0.0169525146484375 -0.112556457519531 0.121124267578125 0.44952392578125
0.0021820068359375 -0.141586303710937 0.0942535400390625 -0.032867431640625
0.00180053710937499 -0.130218505859375 -0.023651123046875 -0.482666015625
-0.0129852294921875 -0.110733032226563 -0.377685546875 -0.6085205078125
-0.0172157287597656 -0.0526313781738281 -0.71234130859375 -0.28509521484375
0.00553989410400391 -0.0105819702148438 -0.7236328125 0.0735473632812499
0.0340080261230469 0.0354232788085938 -0.550750732421875 0.20733642578125
0.0189247131347656 0.0336151123046875 -0.27557373046875 0.233734130859375
-0.00382041931152344 -0.0211696624755859 -0.0478248596191406 0.0516166687011719
0.0286121368408203 -0.0181598663330078 0.0867233276367188 -0.0379867553710937
0.0311336517333984 0.0195503234863281 0.352508544921875 -0.19183349609375
0.0425567626953125 0.05181884765625 0.52850341796875 -0.145050048828125
0.0397109985351562 0.0497894287109375 0.66070556640625 0.1007080078125
0.00471401214599609 0.015131950378418 0.555450439453125 0.46136474609375
-0.0376968383789063 -0.0526580810546875 0.350341796875 0.66229248046875
-0.0211715698242188 -0.0797576904296875 0.135162353515625 0.4681396484375
0.00183868408203124 -0.112091064453125 0.105613708496094 -0.00924682617187501
0.00231170654296874 -0.103141784667969 -0.00277709960937498 -0.470245361328125
-0.0159835815429687 -0.0810546875 -0.353271484375 -0.61065673828125
-0.0205783843994141 -0.0311832427978516 -0.69903564453125 -0.30078125
0.000822544097900391 -0.00717306137084961 -0.73089599609375 0.0577392578124999
0.0392417907714844 0.019561767578125 -0.56268310546875 0.19036865234375
0.0377845764160156 0.0136909484863281 -0.286102294921875 0.22503662109375
0.0225334167480469 -0.0393753051757812 -0.0547409057617188 0.0462760925292969
0.0616416931152344 -0.0282173156738281 0.0846176147460937 -0.0484085083007812
0.0672721862792969 -0.00208663940429688 0.351165771484375 -0.210723876953125
0.0599212646484375 0.0195198059082031 0.52166748046875 -0.171112060546875
0.0338802337646484 0.0337371826171875 0.6583251953125 0.071044921875
-0.0117702484130859 0.0315666198730469 0.56866455078125 0.44189453125
-0.0532646179199219 -0.0161590576171875 0.36993408203125 0.65191650390625
-0.0257835388183594 -0.0398139953613281 0.14990234375 0.47491455078125
0.00448608398437499 -0.0788497924804687 0.114669799804688 0.000762939453124995
0.00568389892578125 -0.0726470947265625 0.015106201171875 -0.468414306640625
-0.0166511535644531 -0.0502548217773438 -0.32757568359375 -0.62310791015625
-0.0224285125732422 -0.00563240051269531 -0.6864013671875 -0.32818603515625
-0.00488901138305664 -8.9168548583984E-05 -0.73577880859375 0.0338134765624999
0.0390281677246094 0.00614547729492188 -0.57427978515625 0.1729736328125
0.0536575317382813 -0.007781982421875 -0.292022705078125 0.21405029296875
0.0520744323730469 -0.0584716796875 -0.0515708923339844 0.0387344360351562
0.08892822265625 -0.0372467041015625 0.0905075073242188 -0.060699462890625
0.095794677734375 -0.0208206176757813 0.344970703125 -0.222991943359375
0.0699005126953125 -0.0114936828613281 0.517486572265625 -0.18487548828125
0.0255107879638672 0.0206718444824219 0.664306640625 0.04840087890625
-0.0282783508300781 0.0471420288085938 0.587158203125 0.41650390625
-0.062744140625 0.0174827575683594 0.39080810546875 0.62896728515625
-0.0258979797363281 -0.00274467468261719 0.16168212890625 0.46051025390625
0.00871658325195312 -0.0445632934570313 0.119033813476563 -0.003814697265625
0.00787734985351562 -0.0441513061523438 0.025054931640625 -0.47528076171875
-0.0175418853759766 -0.0197124481201172 -0.30670166015625 -0.63873291015625
-0.0276451110839844 0.0184593200683594 -0.67401123046875 -0.36236572265625
-0.012385368347168 0.007080078125 -0.73486328125 0.00653076171874987
0.0381050109863281 -0.00762176513671875 -0.575927734375 0.149169921875
0.0685272216796875 -0.026641845703125 -0.291259765625 0.19580078125
0.0806732177734375 -0.0734405517578125 -0.0412559509277344 0.0283126831054687
0.105476379394531 -0.0471572875976563 0.0998992919921875 -0.071685791015625
0.108749389648437 -0.0384445190429687 0.336883544921875 -0.22833251953125
0.0674819946289063 -0.0324821472167969 0.51904296875 -0.186370849609375
0.0131111145019531 0.0139408111572266 0.6798095703125 0.03533935546875
-0.0389442443847656 0.0640487670898438 0.60986328125 0.3907470703125
-0.0663528442382812 0.0475387573242188 0.4107666015625 0.59820556640625
-0.022430419921875 0.0262184143066406 0.16778564453125 0.437591552734375
0.0138339996337891 -0.0187397003173828 0.118667602539063 -0.0203933715820313
0.0139789581298828 -0.0175971984863281 0.027984619140625 -0.493316650390625
-0.0180931091308594 0.0046234130859375 -0.295166015625 -0.66314697265625
-0.0322685241699219 0.0359992980957031 -0.662353515625 -0.38946533203125
-0.0216274261474609 0.00972366333007812 -0.73388671875 -0.0202636718750001
0.0356292724609375 -0.0203170776367188 -0.57275390625 0.12933349609375
0.0810546875 -0.0428543090820313 -0.282318115234375 0.182098388671875
0.104408264160156 -0.08026123046875 -0.0213813781738281 0.0205211639404297
0.112113952636719 -0.0535202026367188 0.113563537597656 -0.082244873046875
0.10638427734375 -0.0490798950195313 0.336181640625 -0.22509765625
0.0564384460449219 -0.0382652282714844 0.531646728515625 -0.17950439453125
0.00266838073730469 0.0187702178955078 0.70318603515625 0.0213623046875
-0.0421066284179688 0.0772705078125 0.633544921875 0.364501953125
-0.0618019104003906 0.0643043518066406 0.42108154296875 0.560791015625
-0.0145149230957031 0.042572021484375 0.16937255859375 0.40301513671875
0.0183582305908203 -0.00218772888183594 0.11322021484375 -0.048431396484375
0.0173549652099609 -0.000761032104492188 0.025665283203125 -0.518646240234375
-0.0200271606445313 0.0193862915039063 -0.29058837890625 -0.6871337890625
-0.0407485961914063 0.0451545715332031 -0.65283203125 -0.4156494140625
-0.0313358306884766 0.00579643249511719 -0.7244873046875 -0.0419921874999999
0.0350589752197266 -0.0335350036621094 -0.559356689453125 0.116546630859375
0.09222412109375 -0.052978515625 -0.268417358398438 0.171966552734375
0.119911193847656 -0.0790252685546875 0.00114440917968751 0.0178050994873047
-0.0338058471679688 0.0185203552246094 0.122901916503906 -0.0372772216796875
-0.021820068359375 0.0728683471679688 0.362091064453125 -0.147003173828125
0.0245437622070312 0.095123291015625 0.57196044921875 -0.06976318359375
0.0449752807617188 0.0419235229492188 0.71844482421875 0.150390625
0.01953125 -0.0424346923828125 0.5760498046875 0.45733642578125
-0.017852783203125 -0.122734069824219 0.32659912109375 0.610107421875
-0.00831604003906252 -0.142730712890625 0.099578857421875 0.38592529296875
0.0100250244140625 -0.16937255859375 0.067626953125 -0.101608276367188
0.0109710693359375 -0.156982421875 -0.066375732421875 -0.530975341796875
0.00389862060546874 -0.140327453613281 -0.4158935546875 -0.63543701171875
-0.00176239013671875 -0.0702247619628906 -0.72198486328125 -0.28765869140625
0.0109968185424805 -0.000224113464355469 -0.69805908203125 0.0791015625
0.0119209289550781 0.068450927734375 -0.509918212890625 0.2255859375
-0.0235214233398437 0.0576438903808594 -0.24566650390625 0.241943359375
-0.039093017578125 0.00289535522460937 -0.0135688781738281 0.058502197265625
-0.0246753692626953 0.00596809387207031 0.106399536132813 -0.0309524536132812
-0.0169830322265625 0.0603675842285156 0.353729248046875 -0.158538818359375
0.0248031616210938 0.0941543579101563 0.5531005859375 -0.08526611328125
0.0467567443847656 0.0536689758300781 0.6912841796875 0.14599609375
0.0233688354492188 -0.0254020690917969 0.56585693359375 0.47540283203125
-0.019073486328125 -0.110626220703125 0.333251953125 0.64178466796875
-0.0117874145507813 -0.135589599609375 0.112457275390625 0.41943359375
0.00459289550781249 -0.16064453125 0.08026123046875 -0.0642776489257813
0.00291442871093752 -0.149887084960938 -0.0489501953125 -0.50335693359375
-0.00601196289062501 -0.131156921386719 -0.40484619140625 -0.61761474609375
-0.0101547241210938 -0.06707763671875 -0.7230224609375 -0.275634765625
0.0101985931396484 -0.00832748413085938 -0.71453857421875 0.08538818359375
0.0260848999023438 0.0545616149902344 -0.5308837890625 0.220855712890625
-0.00419235229492187 0.0499038696289063 -0.262725830078125 0.2413330078125
-0.0260734558105469 -0.00540542602539063 -0.0333251953125 0.0575790405273438
-0.00246286392211914 -0.00573062896728516 0.0931015014648438 -0.0344161987304688
0.001556396484375 0.0413246154785156 0.351715087890625 -0.17645263671875
0.02923583984375 0.079833984375 0.538177490234375 -0.116485595703125
0.0442123413085938 0.05712890625 0.67535400390625 0.1265869140625
0.0168905258178711 -0.00401687622070313 0.559600830078125 0.47314453125
-0.0264968872070313 -0.0860595703125 0.34130859375 0.65740966796875
-0.0174789428710937 -0.112480163574219 0.125640869140625 0.45220947265625
0.00183105468750002 -0.142227172851563 0.0932540893554688 -0.0338592529296875
7.62939453123757E-06 -0.130546569824219 -0.026397705078125 -0.48321533203125
-0.0146560668945313 -0.109634399414063 -0.38360595703125 -0.608642578125
-0.018341064453125 -0.0526771545410156 -0.7178955078125 -0.2796630859375
0.00525188446044922 -0.0114526748657227 -0.72723388671875 0.0805053710937499
0.035186767578125 0.0363044738769531 -0.55059814453125 0.213470458984375
0.0184535980224609 0.0343170166015625 -0.275894165039063 0.236572265625
-0.00425910949707031 -0.0199298858642578 -0.0480804443359375 0.0537147521972656
0.0267868041992188 -0.0173969268798828 0.0861282348632813 -0.0392990112304688
0.0304622650146484 0.0200271606445313 0.35296630859375 -0.195831298828125
0.0438804626464844 0.0523910522460938 0.529693603515625 -0.15057373046875
0.03961181640625 0.0494041442871094 0.663330078125 0.095458984375
0.00519657135009766 0.0147895812988281 0.56060791015625 0.459564208984375
-0.0384788513183594 -0.0529518127441406 0.3544921875 0.6627197265625
-0.0229034423828125 -0.0785064697265625 0.139617919921875 0.470001220703125
0.000755310058593747 -0.111442565917969 0.106292724609375 -0.00917053222656251
0.000213623046874991 -0.1036376953125 -0.00607299804687503 -0.472137451171875
-0.0171432495117188 -0.082611083984375 -0.35845947265625 -0.610107421875
-0.0209255218505859 -0.0303325653076172 -0.703369140625 -0.29815673828125
0.000191688537597656 -0.00739288330078125 -0.73486328125 0.0657958984375002
0.03900146484375 0.0197830200195313 -0.566650390625 0.19964599609375
0.0376625061035156 0.0137977600097656 -0.285919189453125 0.229888916015625
0.0219268798828125 -0.0400772094726563 -0.0532951354980469 0.0476341247558594
0.0606117248535156 -0.0287132263183594 0.0856781005859375 -0.0505447387695313
0.066619873046875 -0.00219345092773438 0.350433349609375 -0.213623046875
0.0599861145019531 0.0198020935058594 0.5240478515625 -0.176361083984375
0.0337638854980469 0.0348644256591797 0.66046142578125 0.0648193359375
-0.0106849670410156 0.0322227478027344 0.57354736328125 0.440185546875
-0.0526809692382813 -0.0157852172851563 0.3759765625 0.65594482421875
-0.0263023376464844 -0.0394210815429687 0.153533935546875 0.475677490234375
0.00363922119140625 -0.077911376953125 0.114799499511719 0.000274658203124995
0.00446319580078125 -0.0719146728515625 0.012603759765625 -0.469970703125
-0.01739501953125 -0.049591064453125 -0.33197021484375 -0.62176513671875
-0.0229301452636719 -0.00578498840332031 -0.69146728515625 -0.32421875
-0.0054168701171875 0.000160694122314453 -0.73980712890625 0.0404052734375001
0.0382957458496094 0.00522232055664063 -0.57684326171875 0.1787109375
0.0544586181640625 -0.00930023193359375 -0.293060302734375 0.216400146484375
0.0518913269042969 -0.0587692260742188 -0.0528411865234375 0.0388832092285156
0.08843994140625 -0.0380020141601563 0.0901412963867188 -0.0614242553710938
0.094573974609375 -0.0220947265625 0.343841552734375 -0.226470947265625
0.0705337524414063 -0.01104736328125 0.518402099609375 -0.191162109375
0.0253772735595703 0.0197277069091797 0.66741943359375 0.04278564453125
-0.0268898010253906 0.0475654602050781 0.59161376953125 0.4141845703125
-0.0630416870117187 0.0183792114257813 0.39697265625 0.629638671875
-0.0261554718017578 -0.000734329223632814 0.1651611328125 0.462921142578125
0.00849151611328125 -0.0438957214355469 0.119651794433594 -0.00353240966796875
0.008544921875 -0.0433807373046875 0.021697998046875 -0.47833251953125
-0.0169086456298828 -0.0190219879150391 -0.31268310546875 -0.6392822265625
-0.0258941650390625 0.0195407867431641 -0.67852783203125 -0.35736083984375
-0.0122718811035156 0.00712203979492188 -0.73968505859375 0.0114135742187501
0.0386314392089844 -0.007354736328125 -0.5791015625 0.15521240234375
0.0692214965820313 -0.0275077819824219 -0.290496826171875 0.20025634765625
0.079803466796875 -0.0743026733398438 -0.0414962768554687 0.0296897888183594
0.105697631835938 -0.04730224609375 0.0996322631835938 -0.0732650756835938
0.108116149902344 -0.040557861328125 0.3385009765625 -0.232757568359375
0.0688591003417969 -0.0327033996582031 0.519805908203125 -0.191925048828125
0.0132598876953125 0.0135078430175781 0.6834716796875 0.02789306640625
-0.0387687683105469 0.0649070739746094 0.61566162109375 0.38787841796875
-0.0656890869140625 0.0472488403320313 0.4151611328125 0.5982666015625
-0.0213394165039062 0.0274829864501953 0.17242431640625 0.436798095703125
0.0142192840576172 -0.0178337097167969 0.119148254394531 -0.0216445922851563
0.012089729309082 -0.0171594619750977 0.024871826171875 -0.49688720703125
-0.0178451538085938 0.00558662414550782 -0.29998779296875 -0.663330078125
-0.0308876037597656 0.03643798828125 -0.6680908203125 -0.38653564453125
-0.0209369659423828 0.00994300842285157 -0.73651123046875 -0.01593017578125
0.0361557006835938 -0.0216751098632813 -0.57489013671875 0.13458251953125
0.0823974609375 -0.0437774658203125 -0.28497314453125 0.18536376953125
0.103851318359375 -0.0811996459960938 -0.0220756530761719 0.0215511322021484
0.111343383789063 -0.0535888671875 0.112930297851562 -0.0840225219726562
0.105491638183594 -0.050079345703125 0.33758544921875 -0.22906494140625
0.0569534301757813 -0.0394020080566406 0.53350830078125 -0.188018798828125
0.00246429443359375 0.0184497833251953 0.7069091796875 0.0189208984375
-0.0420455932617187 0.0786514282226563 0.6376953125 0.36077880859375
-0.0624885559082031 0.0647354125976562 0.42694091796875 0.56158447265625
-0.013946533203125 0.0436592102050781 0.172210693359375 0.4051513671875
0.0186672210693359 -0.00151252746582031 0.113166809082031 -0.048828125
0.0153446197509766 0.000417709350585938 0.02227783203125 -0.521209716796875
-0.0209541320800781 0.0214729309082031 -0.29541015625 -0.6876220703125
-0.0401840209960937 0.0451469421386719 -0.6578369140625 -0.4140625
-0.0309047698974609 0.00626945495605468 -0.72686767578125 -0.0376586914062501
0.0342254638671875 -0.0354766845703125 -0.5625 0.122314453125
0.0926437377929688 -0.0534515380859375 -0.2685546875 0.1751708984375
0.120086669921875 -0.0800704956054688 0.000492095947265631 0.0178565979003906
-0.0345287322998047 0.0180511474609375 0.123466491699219 -0.037872314453125
-0.0222702026367188 0.0736465454101563 0.36370849609375 -0.150054931640625
0.0252609252929688 0.096038818359375 0.5751953125 -0.0750732421875
0.0482597351074219 0.0410575866699219 0.72344970703125 0.1434326171875
0.0200080871582031 -0.0447807312011719 0.5819091796875 0.45538330078125
-0.0186004638671875 -0.123130798339844 0.3326416015625 0.61212158203125
-0.0101165771484375 -0.143234252929687 0.1025390625 0.38836669921875
0.00785827636718749 -0.168807983398437 0.066680908203125 -0.100990295410156
0.00909423828125001 -0.159713745117188 -0.070465087890625 -0.533233642578125
0.00304412841796874 -0.140281677246094 -0.42291259765625 -0.635498046875
-0.00246429443359376 -0.0705337524414063 -0.728759765625 -0.28302001953125
0.0111665725708008 0.000331878662109375 -0.70343017578125 0.0839843750000001
0.0124282836914063 0.0683174133300781 -0.51116943359375 0.23052978515625
-0.0236778259277344 0.0585556030273438 -0.247055053710937 0.246688842773438
-0.0387725830078125 0.00376129150390625 -0.01312255859375 0.0593643188476563
-0.0241146087646484 0.00593185424804687 0.106620788574219 -0.0329513549804688
-0.0183982849121094 0.0607452392578125 0.356658935546875 -0.16180419921875
0.0258407592773437 0.0953521728515625 0.55413818359375 -0.089080810546875
0.0471839904785156 0.0537452697753906 0.69677734375 0.14251708984375
0.0237655639648437 -0.0267181396484375 0.569580078125 0.47174072265625
-0.0196609497070312 -0.111167907714844 0.33746337890625 0.64080810546875
-0.0135421752929687 -0.136665344238281 0.11737060546875 0.42022705078125
0.003448486328125 -0.160781860351563 0.0810165405273438 -0.0647811889648438
0.00054931640625 -0.150833129882813 -0.053375244140625 -0.506103515625
-0.0086212158203125 -0.131683349609375 -0.4112548828125 -0.61553955078125
-0.0111579895019531 -0.0673179626464844 -0.73046875 -0.27117919921875
0.0107231140136719 -0.00917243957519531 -0.7203369140625 0.0907592773437499
0.0271835327148437 0.0535316467285156 -0.531768798828125 0.22686767578125
-0.00280380249023438 0.0502738952636719 -0.262832641601563 0.244308471679688
-0.0272731781005859 -0.00537109375 -0.0345954895019531 0.0578117370605469
-0.0025486946105957 -0.00507879257202148 0.0929489135742188 -0.0336685180664063
0.000663757324218747 0.0410041809082031 0.35308837890625 -0.18096923828125
0.0304107666015625 0.080291748046875 0.540557861328125 -0.1226806640625
0.0450019836425781 0.0565643310546875 0.6796875 0.119873046875
0.0171871185302734 -0.00503349304199219 0.56524658203125 0.47064208984375
-0.0279312133789063 -0.0870742797851562 0.345458984375 0.66094970703125
-0.0188446044921875 -0.112159729003906 0.12823486328125 0.453338623046875
-0.0001068115234375 -0.140853881835938 0.09326171875 -0.0339508056640625
-0.00250244140625 -0.130386352539063 -0.0303955078125 -0.4869384765625
-0.0157928466796875 -0.111366271972656 -0.39129638671875 -0.6083984375
-0.0175209045410156 -0.052642822265625 -0.72320556640625 -0.27496337890625
0.00625705718994141 -0.0113019943237305 -0.7314453125 0.0876464843749999
0.0353622436523437 0.0365066528320312 -0.552825927734375 0.21826171875
0.0192508697509766 0.0349254608154297 -0.275970458984375 0.240493774414063
-0.00433540344238281 -0.0208492279052734 -0.0495872497558594 0.054290771484375
0.0269317626953125 -0.0181655883789062 0.0863800048828125 -0.0399627685546875
0.0303058624267578 0.0191879272460938 0.355072021484375 -0.20001220703125
0.0447807312011719 0.0535316467285156 0.5316162109375 -0.154052734375
0.0410995483398438 0.0492706298828125 0.66754150390625 0.09075927734375
0.00479602813720703 0.0134143829345703 0.567138671875 0.45758056640625
-0.0392341613769531 -0.0532493591308594 0.36175537109375 0.663818359375
-0.0244903564453125 -0.0780487060546875 0.143768310546875 0.472015380859375
0.000465393066406249 -0.111297607421875 0.105491638183594 -0.0111007690429688
-0.000526428222656245 -0.104385375976563 -0.00875854492187503 -0.476348876953125
-0.0179290771484375 -0.0817337036132812 -0.36566162109375 -0.61083984375
-0.0216121673583984 -0.0299568176269531 -0.71002197265625 -0.2919921875
0.000295162200927734 -0.00755405426025391 -0.73883056640625 0.0714111328125001
0.040130615234375 0.0183181762695313 -0.567138671875 0.20166015625
0.0378532409667969 0.0128974914550781 -0.287200927734375 0.23260498046875
0.0215988159179688 -0.0402793884277344 -0.0554389953613281 0.0485191345214844
0.0594978332519531 -0.0298042297363281 0.083831787109375 -0.0508499145507813
0.0671958923339844 -0.00165939331054688 0.35284423828125 -0.2171630859375
0.059967041015625 0.0191993713378906 0.525634765625 -0.181854248046875
0.0347862243652344 0.0341415405273438 0.6650390625 0.0592041015625
-0.0101070404052734 0.0313606262207031 0.578857421875 0.4365234375
-0.052398681640625 -0.0156898498535156 0.38153076171875 0.652099609375
-0.0266342163085937 -0.0389022827148438 0.157470703125 0.476593017578125
0.00337982177734376 -0.0771102905273438 0.115470886230469 -0.000679016113281255
0.00322723388671875 -0.07366943359375 0.00790405273437499 -0.472747802734375
-0.0178604125976563 -0.0504493713378906 -0.33978271484375 -0.624267578125
-0.0235137939453125 -0.00537681579589844 -0.69915771484375 -0.32073974609375
-0.00550413131713867 0.000270366668701173 -0.74432373046875 0.0477294921874999
0.0394821166992188 0.00426101684570313 -0.58074951171875 0.18438720703125
0.0555610656738281 -0.009063720703125 -0.294342041015625 0.2188720703125
0.0517044067382813 -0.0606765747070313 -0.0525131225585938 0.0401611328125
0.0873336791992188 -0.0400314331054687 0.0896453857421875 -0.063201904296875
0.0957717895507813 -0.0229034423828125 0.345916748046875 -0.230072021484375
0.0710983276367188 -0.0120620727539062 0.519775390625 -0.19451904296875
0.0261554718017578 0.019500732421875 0.670166015625 0.037353515625
-0.0271759033203125 0.0483856201171875 0.59674072265625 0.41156005859375
-0.0619277954101562 0.0196647644042969 0.40338134765625 0.63055419921875
-0.0258979797363281 -0.000883102416992188 0.169586181640625 0.464752197265625
0.00879287719726562 -0.0439071655273437 0.118499755859375 -0.005279541015625
0.00705718994140625 -0.0438499450683594 0.018951416015625 -0.479400634765625
-0.0168533325195313 -0.0193157196044922 -0.318603515625 -0.64105224609375
-0.0277061462402344 0.0196056365966797 -0.6842041015625 -0.35406494140625
-0.0136308670043945 0.00794029235839844 -0.74566650390625 0.018310546875
0.0385475158691406 -0.00989151000976563 -0.5826416015625 0.15985107421875
0.0689964294433594 -0.0288772583007813 -0.29168701171875 0.20330810546875
0.0797348022460938 -0.0757598876953125 -0.0421562194824219 0.0307159423828125
0.105964660644531 -0.0481414794921875 0.09893798828125 -0.0749969482421875
0.108367919921875 -0.0399703979492188 0.33807373046875 -0.234405517578125
0.0686454772949219 -0.0332069396972656 0.52117919921875 -0.196014404296875
0.0146036148071289 0.0151290893554688 0.6873779296875 0.0224609375
-0.0381202697753906 0.0647659301757812 0.62200927734375 0.3841552734375
-0.0666313171386719 0.0491371154785156 0.4219970703125 0.596923828125
-0.0205307006835938 0.0280685424804687 0.175628662109375 0.439849853515625
0.0145883560180664 -0.0167579650878906 0.119071960449219 -0.023193359375
0.0123329162597656 -0.0176753997802734 0.022125244140625 -0.498779296875
-0.0181655883789063 0.00675392150878907 -0.30712890625 -0.6640625
-0.0318527221679688 0.0382537841796875 -0.6739501953125 -0.38470458984375
-0.0219593048095703 0.0107860565185547 -0.7418212890625 -0.00872802734374986
0.0367813110351563 -0.0225486755371094 -0.5789794921875 0.13983154296875
0.0825881958007813 -0.0441207885742188 -0.284149169921875 0.188812255859375
0.103492736816406 -0.0823822021484375 -0.0221366882324219 0.0228157043457031
0.111335754394531 -0.0563735961914062 0.112525939941406 -0.084991455078125
0.105216979980469 -0.0503768920898438 0.337188720703125 -0.232086181640625
0.0575599670410156 -0.0397224426269531 0.53460693359375 -0.19134521484375
0.00215911865234375 0.0196857452392578 0.71087646484375 0.01165771484375
-0.04144287109375 0.0783920288085938 0.6431884765625 0.35894775390625
-0.0614738464355469 0.0662574768066406 0.43359375 0.55987548828125
-0.0119247436523438 0.043853759765625 0.1748046875 0.40594482421875
0.0193538665771484 -0.00110626220703125 0.113334655761719 -0.0504379272460938
0.0142555236816406 0.000494956970214844 0.01849365234375 -0.522613525390625
-0.0210552215576172 0.0211620330810547 -0.30230712890625 -0.68927001953125
-0.0391693115234375 0.0462188720703125 -0.6671142578125 -0.4110107421875
-0.0321063995361328 0.00585746765136718 -0.73272705078125 -0.0295410156250001
0.033966064453125 -0.0371170043945313 -0.5655517578125 0.12762451171875
0.0927734375 -0.0542373657226563 -0.2698974609375 0.17791748046875
0.119392395019531 -0.081329345703125 0.00019264221191407 0.0186100006103516
-0.0345573425292969 0.0186443328857422 0.123466491699219 -0.039398193359375
-0.0215225219726563 0.07366943359375 0.365203857421875 -0.15533447265625
0.0269241333007813 0.097564697265625 0.577392578125 -0.080078125
0.0479087829589844 0.0413818359375 0.727294921875 0.1390380859375
0.0194015502929688 -0.0452079772949219 0.58740234375 0.45257568359375
-0.0194244384765625 -0.12237548828125 0.33880615234375 0.61334228515625
-0.011383056640625 -0.143890380859375 0.10540771484375 0.389892578125
0.005584716796875 -0.168319702148438 0.0653228759765625 -0.101364135742188
0.006072998046875 -0.15948486328125 -0.0759887695312501 -0.5364990234375
0.00125122070312501 -0.14068603515625 -0.4310302734375 -0.63531494140625
-0.00385665893554688 -0.07000732421875 -0.73486328125 -0.27752685546875
0.0113277435302734 0.000632286071777344 -0.70574951171875 0.09185791015625
0.0132179260253906 0.0696601867675781 -0.5130615234375 0.236419677734375
-0.0230560302734375 0.0580711364746094 -0.245010375976563 0.249267578125
-0.0401115417480469 0.00392532348632813 -0.0132942199707031 0.0609474182128906
-0.0251293182373047 0.00669097900390626 0.106796264648438 -0.0333175659179688
-0.0169906616210938 0.0614814758300781 0.356353759765625 -0.16412353515625
0.0259933471679688 0.0953750610351563 0.55548095703125 -0.0950927734375
0.0477561950683594 0.0532150268554688 0.70001220703125 0.1376953125
0.0237655639648438 -0.0268230438232422 0.5767822265625 0.468505859375
-0.0210647583007813 -0.112380981445313 0.3450927734375 0.64154052734375
-0.013702392578125 -0.135467529296875 0.11981201171875 0.423431396484375
0.00140380859374999 -0.160995483398438 0.0794219970703125 -0.064971923828125
-0.000228881835937508 -0.151260375976563 -0.056640625 -0.508026123046875
-0.00975799560546876 -0.132476806640625 -0.4169921875 -0.61572265625
-0.0113105773925781 -0.06744384765625 -0.73681640625 -0.26495361328125
0.00946617126464844 -0.00833702087402344 -0.72314453125 0.09722900390625
0.0266342163085938 0.0525741577148438 -0.533721923828125 0.232513427734375
-0.00170516967773438 0.050018310546875 -0.26263427734375 0.248046875
-0.0272693634033203 -0.00496292114257812 -0.03387451171875 0.0596237182617188
-0.00336313247680664 -0.0060429573059082 0.092926025390625 -0.0345916748046875
0.000576019287109377 0.0417976379394531 0.355804443359375 -0.18475341796875
0.0316085815429687 0.0793304443359375 0.542236328125 -0.1258544921875
0.0456161499023438 0.0570487976074219 0.6820068359375 0.1162109375
0.0175561904907227 -0.00664806365966797 0.5731201171875 0.46746826171875
-0.02825927734375 -0.0866241455078125 0.35400390625 0.6612548828125
-0.0188522338867188 -0.112594604492187 0.133087158203125 0.456268310546875
-0.0017547607421875 -0.1416015625 0.0927200317382813 -0.034698486328125
-0.00417327880859374 -0.132240295410156 -0.0345458984375 -0.488128662109375
-0.016754150390625 -0.111732482910156 -0.3984375 -0.60784912109375
-0.0188102722167969 -0.0527915954589844 -0.7288818359375 -0.27044677734375
0.00481414794921875 -0.0113229751586914 -0.73486328125 0.092529296875
0.0365333557128906 0.03564453125 -0.554534912109375 0.22479248046875
0.0198516845703125 0.0333385467529297 -0.276763916015625 0.243621826171875
-0.00572967529296875 -0.0201950073242188 -0.0483627319335938 0.0563545227050781
0.0260448455810547 -0.0185604095458984 0.0857620239257813 -0.0409393310546875
0.0313663482666016 0.0184268951416016 0.355438232421875 -0.20489501953125
0.0448532104492188 0.0529823303222656 0.534698486328125 -0.159881591796875
0.040771484375 0.0504112243652344 0.67047119140625 0.08453369140625
0.00557422637939453 0.0134191513061523 0.5736083984375 0.455078125
-0.0393104553222656 -0.0530929565429688 0.3677978515625 0.66436767578125
-0.0238037109375 -0.0781631469726563 0.147003173828125 0.474273681640625
0.000175476074218752 -0.112007141113281 0.105972290039062 -0.012176513671875
-0.00174713134765625 -0.104484558105469 -0.01226806640625 -0.47735595703125
-0.0198440551757812 -0.0829849243164063 -0.37188720703125 -0.61090087890625
-0.0214424133300781 -0.0305957794189453 -0.71685791015625 -0.28948974609375
9.34600830078118E-05 -0.00757789611816406 -0.74359130859375 0.0775756835937501
0.041015625 0.0182380676269531 -0.571533203125 0.2080078125
0.0394058227539063 0.0130653381347656 -0.2869873046875 0.235198974609375
0.0212974548339844 -0.0397834777832031 -0.0553855895996094 0.0505027770996094
0.0584716796875 -0.0300445556640625 0.0841140747070313 -0.0518264770507813
0.06689453125 -0.00102615356445313 0.3538818359375 -0.22247314453125
0.0615158081054688 0.0204582214355469 0.52685546875 -0.18701171875
0.0359649658203125 0.0338287353515625 0.66888427734375 0.05352783203125
-0.0117378234863281 0.03179931640625 0.5849609375 0.43438720703125
-0.0528678894042969 -0.01446533203125 0.388427734375 0.654541015625
-0.0269813537597656 -0.0385818481445313 0.162384033203125 0.48040771484375
0.00144195556640626 -0.07720947265625 0.114944458007812 -0.000564575195312505
0.00188446044921876 -0.07330322265625 0.00485229492187502 -0.4755859375
-0.018463134765625 -0.0500144958496094 -0.34625244140625 -0.62335205078125
-0.0237331390380859 -0.00399589538574219 -0.7037353515625 -0.3173828125
-0.00597095489501953 0.000675678253173829 -0.75054931640625 0.0531616210937501
0.0400733947753906 0.00417709350585938 -0.5821533203125 0.1893310546875
0.0551872253417969 -0.00922775268554688 -0.29400634765625 0.22271728515625
0.0502510070800781 -0.0600929260253906 -0.0534286499023437 0.0416603088378906
0.0876846313476563 -0.0397720336914063 0.0891342163085937 -0.064483642578125
0.0954055786132813 -0.0229263305664062 0.34637451171875 -0.23443603515625
0.0729598999023437 -0.0131301879882812 0.522918701171875 -0.2012939453125
0.0252437591552734 0.0201129913330078 0.67266845703125 0.03216552734375
-0.0270423889160156 0.048431396484375 0.60308837890625 0.4066162109375
-0.0625762939453125 0.0202293395996094 0.41058349609375 0.62872314453125
-0.0265579223632812 0.000343322753906245 0.173919677734375 0.466339111328125
0.0063629150390625 -0.0442924499511719 0.120689392089844 -0.00518035888671875
0.00748825073242188 -0.0439262390136719 0.014434814453125 -0.483245849609375
-0.0184879302978516 -0.0195293426513672 -0.3255615234375 -0.639892578125
-0.0265560150146484 0.0189132690429687 -0.690185546875 -0.3492431640625
-0.011326789855957 0.0086517333984375 -0.74859619140625 0.0254516601562499
0.038726806640625 -0.0097808837890625 -0.5853271484375 0.1641845703125
0.0690803527832031 -0.0303611755371094 -0.2938232421875 0.207275390625
0.0788726806640625 -0.0758514404296875 -0.0427894592285156 0.0316123962402344
0.105278015136719 -0.0490341186523438 0.0984420776367188 -0.0764617919921875
0.108711242675781 -0.0410690307617187 0.338043212890625 -0.23907470703125
0.0693435668945313 -0.0341911315917969 0.52301025390625 -0.2015380859375
0.013270378112793 0.0143766403198242 0.68914794921875 0.01751708984375
-0.0383110046386719 0.0659904479980469 0.62744140625 0.38226318359375
-0.0648269653320313 0.0506134033203125 0.4287109375 0.598876953125
-0.0210475921630859 0.0291938781738281 0.180328369140625 0.440948486328125
0.0131912231445313 -0.0166425704956055 0.119544982910156 -0.0233917236328125
0.010228157043457 -0.0165252685546875 0.0179443359375 -0.50079345703125
-0.0189952850341797 0.00654220581054688 -0.31304931640625 -0.6651611328125
-0.0314598083496094 0.0395431518554687 -0.680419921875 -0.38018798828125
-0.0209121704101563 0.0110435485839844 -0.74560546875 -0.00219726562499988
0.0362396240234375 -0.0235557556152344 -0.58154296875 0.14569091796875
0.08197021484375 -0.0447463989257813 -0.286224365234375 0.191314697265625
0.102806091308594 -0.083770751953125 -0.0232429504394531 0.0231533050537109
0.110466003417969 -0.0554428100585938 0.111343383789063 -0.0855712890625
0.104759216308594 -0.0519790649414063 0.336761474609375 -0.23681640625
0.0576744079589844 -0.0400962829589844 0.5367431640625 -0.1983642578125
0.00214576721191406 0.0196552276611328 0.71331787109375 0.00640869140625
-0.0416107177734375 0.0803680419921875 0.65020751953125 0.356689453125
-0.0604019165039063 0.0671958923339844 0.437530517578125 0.56109619140625
-0.0124053955078125 0.0448799133300781 0.17974853515625 0.405120849609375
0.0211067199707031 0.000623703002929687 0.11273193359375 -0.050323486328125
0.0135030746459961 0.00207042694091797 0.014495849609375 -0.525909423828125
-0.0217971801757813 0.0220012664794922 -0.30963134765625 -0.69110107421875
-0.0382461547851563 0.0484046936035156 -0.6727294921875 -0.40789794921875
-0.0326042175292969 0.00720787048339843 -0.73797607421875 -0.0237426757812501
0.0347785949707031 -0.0382156372070313 -0.56903076171875 0.131103515625
0.0930099487304687 -0.0565261840820312 -0.271682739257813 0.182327270507812
0.11944580078125 -0.0816116333007813 -0.000110626220703116 0.0189762115478516
-0.0349369049072266 0.0192298889160156 0.123725891113281 -0.0410614013671875
-0.0211563110351562 0.0752716064453125 0.365631103515625 -0.158172607421875
0.0293960571289063 0.097900390625 0.5809326171875 -0.08673095703125
0.0485115051269531 0.0418014526367188 0.733154296875 0.13153076171875
0.0196456909179687 -0.0460891723632812 0.59344482421875 0.44854736328125
-0.0204696655273437 -0.124565124511719 0.3466796875 0.61236572265625
-0.012420654296875 -0.143905639648438 0.1103515625 0.3917236328125
0.00344848632812499 -0.169357299804688 0.0635528564453125 -0.102348327636719
0.004119873046875 -0.159820556640625 -0.081878662109375 -0.538360595703125
-0.000534057617187496 -0.142807006835938 -0.4375 -0.63525390625
-0.00469970703125001 -0.0697669982910156 -0.74005126953125 -0.2733154296875
0.0113410949707031 0.00116252899169922 -0.71026611328125 0.09967041015625
0.014678955078125 0.0697746276855469 -0.51373291015625 0.2412109375
-0.0220870971679688 0.0591239929199219 -0.246063232421875 0.254409790039062
-0.0406837463378906 0.00418472290039063 -0.0138816833496094 0.0626068115234375
-0.0254478454589844 0.00567245483398438 0.106582641601563 -0.0359954833984375
-0.0182113647460938 0.0616416931152344 0.3580322265625 -0.16900634765625
0.028076171875 0.0961151123046875 0.558746337890625 -0.10009765625
0.0496368408203125 0.0535507202148437 0.70709228515625 0.13055419921875
0.0224227905273438 -0.0279731750488281 0.58319091796875 0.466796875
-0.0223388671875 -0.112709045410156 0.35003662109375 0.6431884765625
-0.0156784057617187 -0.136810302734375 0.122833251953125 0.42523193359375
0.000106811523437515 -0.160903930664063 0.0791473388671875 -0.0648345947265625
-0.00265502929687501 -0.15130615234375 -0.062591552734375 -0.5093994140625
-0.0105514526367188 -0.132606506347656 -0.4256591796875 -0.61614990234375
-0.0129585266113281 -0.0687141418457031 -0.7427978515625 -0.26275634765625
0.0090494155883789 -0.00843906402587891 -0.72613525390625 0.10589599609375
0.0288772583007813 0.0535316467285156 -0.5369873046875 0.237274169921875
-0.0010833740234375 0.0505485534667969 -0.259918212890625 0.252227783203125
-0.0277652740478516 -0.00485038757324219 -0.0345954895019531 0.0619163513183594
-0.00371789932250976 -0.00596141815185547 0.0943374633789063 -0.0373611450195313
-0.000492095947265627 0.0412826538085938 0.3563232421875 -0.189361572265625
0.0336380004882813 0.0808639526367188 0.5467529296875 -0.131500244140625
0.0464057922363281 0.058563232421875 0.6884765625 0.10906982421875
0.017303466796875 -0.00625896453857422 0.57958984375 0.4666748046875
-0.028961181640625 -0.0873565673828125 0.36187744140625 0.6593017578125
-0.021697998046875 -0.113517761230469 0.13739013671875 0.456451416015625
-0.0030670166015625 -0.141677856445313 0.0926284790039063 -0.0350875854492188
-0.0064239501953125 -0.132774353027344 -0.039031982421875 -0.49041748046875
-0.01910400390625 -0.111930847167969 -0.4046630859375 -0.60791015625
-0.019317626953125 -0.0514984130859375 -0.7349853515625 -0.26556396484375
0.00451564788818359 -0.0117559432983398 -0.73919677734375 0.10260009765625
0.0364990234375 0.0347175598144531 -0.556915283203125 0.2298583984375
0.0210342407226563 0.0335063934326172 -0.277053833007812 0.247879028320313
-0.00453948974609375 -0.0209732055664063 -0.0482063293457031 0.0569229125976563
0.0257682800292969 -0.0183334350585938 0.0865631103515625 -0.0423507690429688
0.0303859710693359 0.0196685791015625 0.35528564453125 -0.20855712890625
0.045135498046875 0.0530052185058594 0.53680419921875 -0.16668701171875
0.0411186218261719 0.0492515563964844 0.67401123046875 0.08001708984375
0.00470733642578125 0.0143928527832031 0.57965087890625 0.4527587890625
-0.039520263671875 -0.0528793334960938 0.37640380859375 0.6650390625
-0.0249710083007813 -0.0776138305664063 0.15234375 0.476593017578125
-0.00212860107421876 -0.112464904785156 0.106086730957031 -0.012298583984375
-0.00539398193359375 -0.104377746582031 -0.017669677734375 -0.479888916015625
-0.0207443237304688 -0.082672119140625 -0.3779296875 -0.6103515625
-0.0224246978759766 -0.0305347442626953 -0.72222900390625 -0.2830810546875
-0.00150585174560547 -0.00622653961181641 -0.74615478515625 0.0866088867187499
0.041107177734375 0.0170097351074219 -0.5716552734375 0.21466064453125
0.0393028259277344 0.0108299255371094 -0.287689208984375 0.23980712890625
0.0199470520019531 -0.0401382446289063 -0.0553970336914062 0.0516853332519531
0.0598526000976563 -0.0302200317382812 0.0851974487304688 -0.0534744262695313
0.0656318664550781 -0.00321578979492188 0.35479736328125 -0.2264404296875
0.0623664855957031 0.0183601379394531 0.52911376953125 -0.193328857421875
0.0362129211425781 0.0345420837402344 0.67327880859375 0.04693603515625
-0.0111427307128906 0.0319576263427734 0.5916748046875 0.43145751953125
-0.0529747009277344 -0.0140190124511719 0.396484375 0.65350341796875
-0.0272026062011719 -0.0373954772949219 0.165863037109375 0.480987548828125
0.00113677978515625 -0.0764007568359375 0.116317749023438 -0.00250244140625
0.000564575195312495 -0.0729827880859375 0.000915527343750017 -0.478179931640625
-0.0201606750488281 -0.0496788024902344 -0.35076904296875 -0.6240234375
-0.0237751007080078 -0.00316047668457032 -0.7100830078125 -0.31170654296875
-0.005889892578125 0.000861644744873046 -0.75335693359375 0.062255859375
0.0393180847167969 0.0030364990234375 -0.585693359375 0.1954345703125
0.057281494140625 -0.0101470947265625 -0.2960205078125 0.228302001953125
0.050537109375 -0.0607528686523438 -0.0541114807128906 0.0431861877441406
0.0859222412109375 -0.0400924682617188 0.0879669189453125 -0.0648193359375
0.0950698852539063 -0.0242080688476562 0.345916748046875 -0.2381591796875
0.072601318359375 -0.0143356323242188 0.52386474609375 -0.206207275390625
0.0273914337158203 0.0192203521728516 0.67626953125 0.0255126953125
-0.0265083312988281 0.0485267639160156 0.61004638671875 0.4049072265625
-0.0622596740722656 0.0213050842285156 0.4193115234375 0.629638671875
-0.0251083374023438 0.00206565856933594 0.17791748046875 0.46844482421875
0.00821304321289062 -0.0434951782226563 0.120895385742188 -0.00659942626953125
0.00612258911132812 -0.0432853698730469 0.011077880859375 -0.4853515625
-0.018890380859375 -0.0198841094970703 -0.33319091796875 -0.64080810546875
-0.0250530242919922 0.0204277038574219 -0.6978759765625 -0.3447265625
-0.0129413604736328 0.00977230072021484 -0.75408935546875 0.033447265625
0.0383186340332031 -0.0111846923828125 -0.5869140625 0.17181396484375
0.0698165893554688 -0.0300025939941406 -0.29388427734375 0.213470458984375
0.0782012939453125 -0.0766220092773438 -0.0428848266601562 0.0323600769042969
0.104598999023438 -0.0498886108398438 0.099029541015625 -0.0771331787109375
0.108711242675781 -0.043182373046875 0.338897705078125 -0.242034912109375
0.0699348449707031 -0.0348472595214844 0.5257568359375 -0.207489013671875
0.0141372680664063 0.0141019821166992 0.6934814453125 0.0096435546875
-0.0382270812988281 0.0666694641113281 0.6343994140625 0.37677001953125
-0.0648040771484375 0.0507431030273438 0.437744140625 0.5982666015625
-0.0191802978515625 0.030181884765625 0.18505859375 0.44342041015625
0.0133428573608398 -0.0162143707275391 0.119834899902344 -0.0240859985351562
0.0101184844970703 -0.016942024230957 0.013153076171875 -0.504425048828125
-0.0191841125488281 0.00725746154785157 -0.32037353515625 -0.66571044921875
-0.0311965942382813 0.0406532287597656 -0.68719482421875 -0.376953125
-0.0222053527832031 0.0113487243652344 -0.75067138671875 0.00537109374999989
0.0356025695800781 -0.0241432189941406 -0.5848388671875 0.1510009765625
0.082122802734375 -0.047393798828125 -0.286590576171875 0.196258544921875
0.102394104003906 -0.085052490234375 -0.0239982604980469 0.0239696502685547
0.109794616699219 -0.0560836791992187 0.11041259765625 -0.0880966186523438
0.105888366699219 -0.0525054931640625 0.338592529296875 -0.241180419921875
0.0575714111328125 -0.040863037109375 0.5399169921875 -0.202117919921875
0.00286674499511719 0.0170660018920898 0.717529296875 -0.00128173828125
-0.0409622192382813 0.0797348022460938 0.656005859375 0.349853515625
-0.0600929260253906 0.0678329467773438 0.447021484375 0.559234619140625
-0.0117073059082031 0.0456619262695312 0.184417724609375 0.40887451171875
0.01983642578125 0.000944137573242188 0.113601684570313 -0.052032470703125
0.0130720138549805 0.00147247314453125 0.00976562499999995 -0.52850341796875
-0.0211448669433594 0.0217838287353516 -0.31640625 -0.69256591796875
-0.0393142700195312 0.0474739074707031 -0.678466796875 -0.40277099609375
-0.0320072174072266 0.00763511657714843 -0.74530029296875 -0.0170288085937499
0.0348434448242188 -0.0379981994628906 -0.5728759765625 0.137451171875
0.0935440063476563 -0.05694580078125 -0.2718505859375 0.185302734375
0.119300842285156 -0.0838241577148438 -0.000762939453124994 0.0209026336669922
-0.0368118286132813 0.0201148986816406 0.123695373535156 -0.0426864624023438
-0.02081298828125 0.0756683349609375 0.366851806640625 -0.16156005859375
0.0299530029296875 0.0987014770507813 0.585205078125 -0.0926513671875
0.0495452880859375 0.0413131713867187 0.73724365234375 0.12530517578125
0.018310546875 -0.0470314025878906 0.59979248046875 0.44390869140625
-0.021453857421875 -0.125205993652344 0.35333251953125 0.6131591796875
-0.0144805908203125 -0.143463134765625 0.11334228515625 0.393951416015625
0.000457763671874982 -0.169830322265625 0.062835693359375 -0.10369873046875
0.00205993652343752 -0.161041259765625 -0.08746337890625 -0.539642333984375
-0.000991821289062504 -0.144149780273438 -0.4481201171875 -0.63427734375
-0.00495529174804688 -0.0701408386230469 -0.74737548828125 -0.26605224609375
0.0122003555297852 0.00157928466796875 -0.71441650390625 0.1087646484375
0.0160255432128906 0.0679206848144531 -0.5157470703125 0.247650146484375
-0.0215263366699219 0.0598564147949219 -0.245452880859375 0.257080078125
-0.0411911010742188 0.0046844482421875 -0.0124893188476563 0.0633811950683594
-0.0260639190673828 0.0065155029296875 0.106674194335938 -0.037872314453125
-0.0176925659179688 0.0623016357421875 0.359100341796875 -0.17462158203125
0.02935791015625 0.0958480834960937 0.5626220703125 -0.107666015625
0.0503501892089844 0.05255126953125 0.71240234375 0.1248779296875
0.0221099853515625 -0.0287303924560547 0.59124755859375 0.4627685546875
-0.0234298706054688 -0.113235473632813 0.3594970703125 0.642578125
-0.0173721313476562 -0.136642456054687 0.12823486328125 0.427459716796875
-0.00308227539062498 -0.1607666015625 0.0779953002929688 -0.0671768188476563
-0.00553894042968751 -0.151687622070313 -0.0673217773437501 -0.51336669921875
-0.013336181640625 -0.132705688476562 -0.43572998046875 -0.6148681640625
-0.0134849548339844 -0.0654640197753906 -0.7503662109375 -0.25469970703125
0.00921440124511719 -0.00847434997558594 -0.73138427734375 0.1162109375
0.0292549133300781 0.0526161193847656 -0.53802490234375 0.2440185546875
-1.52587890624958E-05 0.051116943359375 -0.262771606445312 0.256515502929688
-0.0274696350097656 -0.00412178039550781 -0.0341987609863281 0.0616416931152344
-0.00493288040161133 -0.00665807723999024 0.09356689453125 -0.0380630493164063
0.000129699707031252 0.0431709289550781 0.35589599609375 -0.193359375
0.0349884033203125 0.08135986328125 0.547821044921875 -0.139068603515625
0.0465850830078125 0.0579147338867188 0.69384765625 0.103271484375
0.0174703598022461 -0.00751018524169922 0.5858154296875 0.46173095703125
-0.0308303833007812 -0.087249755859375 0.37066650390625 0.66107177734375
-0.0221099853515625 -0.112091064453125 0.142333984375 0.4600830078125
-0.00433349609374999 -0.141555786132813 0.0927734375 -0.0365982055664063
-0.00865936279296875 -0.132431030273438 -0.044281005859375 -0.49407958984375
-0.0214920043945312 -0.11163330078125 -0.411865234375 -0.6063232421875
-0.0196418762207031 -0.0522613525390625 -0.74267578125 -0.25927734375
0.00482559204101562 -0.0115251541137695 -0.74468994140625 0.111572265625
0.0380020141601562 0.0342559814453125 -0.559234619140625 0.23590087890625
0.0215930938720703 0.0337276458740234 -0.2767333984375 0.25250244140625
-0.00531196594238281 -0.0212306976318359 -0.0490036010742188 0.0599899291992188
0.0240135192871094 -0.0191764831542969 0.0863037109375 -0.0432510375976563
0.0302963256835938 0.019439697265625 0.35638427734375 -0.211456298828125
0.0470390319824219 0.0531654357910156 0.5386962890625 -0.172149658203125
0.0422210693359375 0.0497093200683594 0.6793212890625 0.07269287109375
0.00530624389648438 0.0133523941040039 0.58648681640625 0.44842529296875
-0.0411529541015625 -0.0524520874023438 0.3851318359375 0.6656494140625
-0.0273513793945313 -0.0775146484375 0.157318115234375 0.478057861328125
-0.0037078857421875 -0.112144470214844 0.106491088867188 -0.0130996704101563
-0.00660705566406251 -0.105949401855469 -0.022064208984375 -0.482696533203125
-0.0212020874023438 -0.0822906494140625 -0.38519287109375 -0.6099853515625
-0.0214920043945312 -0.0295162200927734 -0.72882080078125 -0.2783203125
-0.00133657455444336 -0.00731658935546875 -0.751220703125 0.0965576171874999
0.0408859252929688 0.0165596008300781 -0.57476806640625 0.2222900390625
0.0405960083007813 0.012420654296875 -0.28900146484375 0.24517822265625
0.0217247009277344 -0.0409584045410156 -0.0564498901367188 0.0533485412597656
0.0587158203125 -0.0312576293945312 0.083984375 -0.0540237426757813
0.0668830871582031 -0.0037384033203125 0.354461669921875 -0.23138427734375
0.0629653930664063 0.0187950134277344 0.531280517578125 -0.19818115234375
0.0360641479492188 0.0347900390625 0.67669677734375 0.04071044921875
-0.0110549926757813 0.0325145721435547 0.59844970703125 0.4287109375
-0.0528984069824219 -0.0139427185058594 0.40655517578125 0.65509033203125
-0.0278587341308594 -0.0365486145019531 0.17156982421875 0.482421875
0.001251220703125 -0.07696533203125 0.116744995117187 -0.00353240966796875
-0.00123596191406249 -0.0737762451171875 -0.00405883789062497 -0.480804443359375
-0.0212821960449219 -0.0492820739746094 -0.36016845703125 -0.62353515625
-0.0237712860107422 -0.00362586975097656 -0.71771240234375 -0.306884765625
-0.00592613220214844 0.00183677673339844 -0.7598876953125 0.0711059570312501
0.0409049987792969 0.00295639038085937 -0.58831787109375 0.20123291015625
0.0564041137695313 -0.0111351013183594 -0.295745849609375 0.232177734375
0.0489425659179688 -0.0620460510253906 -0.0544166564941406 0.044769287109375
0.08636474609375 -0.0407638549804688 0.088592529296875 -0.0664901733398438
0.0947341918945313 -0.0246353149414063 0.3453369140625 -0.2432861328125
0.0731582641601562 -0.0140609741210937 0.525146484375 -0.212677001953125
0.0258712768554688 0.0197391510009766 0.68157958984375 0.01837158203125
-0.0264472961425781 0.0497016906738281 0.61798095703125 0.40142822265625
-0.0619087219238281 0.0219802856445313 0.4259033203125 0.629150390625
-0.0247421264648438 0.00160408020019531 0.184295654296875 0.47027587890625
0.0076141357421875 -0.0431289672851562 0.120643615722656 -0.0079498291015625
0.00479125976562499 -0.0429153442382812 0.00640869140625 -0.487274169921875
-0.0197772979736328 -0.0180912017822266 -0.3399658203125 -0.6424560546875
-0.0260200500488281 0.0211448669433594 -0.7049560546875 -0.33966064453125
-0.0134487152099609 0.00935935974121094 -0.75860595703125 0.04217529296875
0.0384254455566406 -0.0116424560546875 -0.59112548828125 0.17864990234375
0.0712890625 -0.0306930541992187 -0.294830322265625 0.215606689453125
0.0777664184570313 -0.077423095703125 -0.0430831909179687 0.0333595275878906
0.104461669921875 -0.0506591796875 0.097076416015625 -0.07904052734375
0.108184814453125 -0.0429229736328125 0.339447021484375 -0.24725341796875
0.0698051452636719 -0.0357933044433594 0.52679443359375 -0.2159423828125
0.0148248672485352 0.0149869918823242 0.6981201171875 0.0018310546875
-0.0372543334960938 0.0663032531738281 0.641357421875 0.37371826171875
-0.0636329650878906 0.0524101257324219 0.44781494140625 0.59698486328125
-0.0194988250732422 0.0325870513916016 0.19158935546875 0.444061279296875
0.0136613845825195 -0.0157089233398438 0.118896484375 -0.025421142578125
0.00922775268554688 -0.0163021087646484 0.0084228515625 -0.508148193359375
-0.0191287994384766 0.0081787109375 -0.32916259765625 -0.6673583984375
-0.0312385559082031 0.04010009765625 -0.694580078125 -0.37164306640625
-0.0223770141601563 0.0122661590576172 -0.75799560546875 0.0140991210937499
0.0364723205566406 -0.0254898071289063 -0.5882568359375 0.15679931640625
0.0835952758789063 -0.047698974609375 -0.28729248046875 0.200958251953125
0.102622985839844 -0.08636474609375 -0.0246238708496094 0.0253257751464844
0.109466552734375 -0.0581893920898438 0.109565734863281 -0.0905609130859375
0.105384826660156 -0.0546875 0.338226318359375 -0.2467041015625
0.058074951171875 -0.0418663024902344 0.53997802734375 -0.2100830078125
0.00187301635742187 0.0183506011962891 0.72027587890625 -0.01007080078125
-0.0401992797851563 0.08038330078125 0.6624755859375 0.34429931640625
-0.0589447021484375 0.0689697265625 0.45452880859375 0.5584716796875
-0.010467529296875 0.0469284057617187 0.188140869140625 0.4102783203125
0.0201320648193359 0.00116348266601563 0.113418579101563 -0.054412841796875
0.0135631561279297 0.00170421600341797 0.00482177734374996 -0.532379150390625
-0.0218887329101563 0.0228538513183594 -0.32318115234375 -0.69384765625
-0.0394821166992187 0.049591064453125 -0.68780517578125 -0.39788818359375
-0.0333442687988281 0.00767135620117188 -0.74835205078125 -0.00805664062499996
0.03369140625 -0.0389785766601562 -0.57525634765625 0.14349365234375
0.0942230224609375 -0.0595550537109375 -0.273300170898437 0.189483642578125
0.118194580078125 -0.0856246948242188 -0.00136756896972655 0.019287109375
-0.0363273620605469 0.0193977355957031 0.123207092285156 -0.0447006225585938
-0.0199508666992188 0.0764389038085937 0.36883544921875 -0.168853759765625
0.032135009765625 0.0987396240234375 0.586181640625 -0.10162353515625
0.05035400390625 0.0423622131347656 0.74359130859375 0.11810302734375
0.0180702209472656 -0.0474777221679688 0.60736083984375 0.4383544921875
-0.0250473022460937 -0.126174926757812 0.36163330078125 0.61279296875
-0.0162200927734375 -0.144073486328125 0.118072509765625 0.39508056640625
-0.001129150390625 -0.168472290039063 0.0607833862304688 -0.1036376953125
9.94656314300005E-18 -0.162445068359375 -0.095306396484375 -0.543609619140625
-0.00410461425781251 -0.1451416015625 -0.45672607421875 -0.6329345703125
-0.00484466552734374 -0.0705490112304688 -0.756591796875 -0.2578125
0.0110740661621094 0.00107765197753906 -0.7178955078125 0.119384765625
0.0156784057617188 0.0694313049316406 -0.51654052734375 0.25506591796875
-0.0207901000976563 0.060150146484375 -0.244857788085937 0.261917114257813
-0.0410194396972656 0.00518417358398437 -0.0131874084472656 0.0648612976074219
-0.0268497467041016 0.00767707824707031 0.106857299804688 -0.0381927490234375
-0.0179862976074219 0.0631179809570313 0.3597412109375 -0.17999267578125
0.0309219360351562 0.0979843139648438 0.56591796875 -0.11505126953125
0.051239013671875 0.0542945861816406 0.71826171875 0.11639404296875
0.0226535797119141 -0.0297813415527344 0.59814453125 0.45831298828125
-0.02490234375 -0.113189697265625 0.3675537109375 0.6435546875
-0.0184249877929688 -0.136581420898437 0.132232666015625 0.4288330078125
-0.00460815429687501 -0.161849975585937 0.0764389038085938 -0.0679779052734375
-0.00765991210937499 -0.153213500976563 -0.07440185546875 -0.515625
-0.0164871215820313 -0.135528564453125 -0.44427490234375 -0.61297607421875
-0.0142097473144531 -0.066925048828125 -0.75665283203125 -0.24639892578125
0.0101661682128906 -0.00797557830810547 -0.73468017578125 0.1240234375
0.0299758911132812 0.0527915954589844 -0.538055419921875 0.25189208984375
0.000278472900390626 0.0511398315429688 -0.261932373046875 0.261703491210937
-0.0268993377685547 -0.00383186340332031 -0.0344505310058594 0.0633087158203125
-0.00589609146118164 -0.0066380500793457 0.0933074951171875 -0.0393600463867188
0.00103378295898437 0.0428428649902344 0.358184814453125 -0.198455810546875
0.0349044799804687 0.0824813842773438 0.55145263671875 -0.14605712890625
0.0477981567382813 0.057769775390625 0.6983642578125 0.095947265625
0.0181331634521484 -0.00879478454589844 0.59429931640625 0.4580078125
-0.0311050415039062 -0.0882339477539062 0.3785400390625 0.661865234375
-0.0240402221679688 -0.11328125 0.146331787109375 0.4605712890625
-0.00692749023437499 -0.14227294921875 0.091766357421875 -0.0369796752929688
-0.0103607177734375 -0.134132385253906 -0.050323486328125 -0.496307373046875
-0.0226058959960937 -0.113037109375 -0.4210205078125 -0.60546875
-0.0205650329589844 -0.0524215698242188 -0.74993896484375 -0.25152587890625
0.0042877197265625 -0.0102634429931641 -0.74853515625 0.12225341796875
0.0383720397949219 0.0340538024902344 -0.560272216796875 0.243072509765625
0.0213623046875 0.0340728759765625 -0.276611328125 0.259033203125
-0.00576019287109375 -0.019927978515625 -0.0492515563964844 0.05926513671875
0.0243625640869141 -0.0187797546386719 0.0856857299804688 -0.0446319580078125
0.0298366546630859 0.0195446014404297 0.35687255859375 -0.216949462890625
0.0467987060546875 0.0525169372558594 0.54107666015625 -0.180450439453125
0.0437393188476563 0.0509872436523438 0.68365478515625 0.064453125
0.00603580474853516 0.0136423110961914 0.5941162109375 0.44403076171875
-0.0410118103027344 -0.0531768798828125 0.39398193359375 0.665283203125
-0.026519775390625 -0.0770187377929688 0.16168212890625 0.480010986328125
-0.00508880615234374 -0.111541748046875 0.10552978515625 -0.0140838623046875
-0.00775146484374999 -0.104957580566406 -0.02716064453125 -0.4847412109375
-0.02435302734375 -0.0835418701171875 -0.3963623046875 -0.6102294921875
-0.0238227844238281 -0.028350830078125 -0.73663330078125 -0.271240234375
-0.000571250915527344 -0.00528287887573242 -0.7569580078125 0.10504150390625
0.0408172607421875 0.0155487060546875 -0.57769775390625 0.22808837890625
0.0419235229492188 0.01104736328125 -0.28912353515625 0.24969482421875
0.0195999145507813 -0.0412940979003906 -0.0567665100097656 0.0547714233398438
0.0573921203613281 -0.0310630798339844 0.0840606689453125 -0.0556182861328125
0.0665054321289062 -0.00397109985351562 0.35516357421875 -0.23638916015625
0.0638198852539063 0.0179023742675781 0.533355712890625 -0.207122802734375
0.0369911193847656 0.0345191955566406 0.68170166015625 0.031982421875
-0.0101776123046875 0.0329246520996094 0.607666015625 0.4246826171875
-0.0524139404296875 -0.0129890441894531 0.4163818359375 0.65460205078125
-0.0284099578857422 -0.0351448059082031 0.17877197265625 0.48394775390625
-0.000328063964843755 -0.0763702392578125 0.115959167480469 -0.00408935546875
-0.00243377685546875 -0.0732650756835938 -0.0104675292968751 -0.48291015625
-0.0218048095703125 -0.0499267578125 -0.3682861328125 -0.62310791015625
-0.0241374969482422 -0.00117874145507813 -0.72576904296875 -0.2996826171875
-0.0069737434387207 0.00145483016967773 -0.76202392578125 0.0812988281249999
0.0406379699707031 0.001556396484375 -0.5906982421875 0.2098388671875
0.0573387145996094 -0.011138916015625 -0.295745849609375 0.23797607421875
0.0493698120117188 -0.0624542236328125 -0.0553054809570313 0.0457496643066406
0.0854339599609375 -0.04266357421875 0.0880889892578125 -0.0681838989257813
0.095428466796875 -0.0252838134765625 0.345733642578125 -0.249420166015625
0.0725479125976563 -0.0144119262695313 0.526885986328125 -0.219879150390625
0.0273342132568359 0.0199489593505859 0.68505859375 0.00921630859375
-0.0257759094238281 0.0492782592773438 0.6248779296875 0.3978271484375
-0.060882568359375 0.0227165222167969 0.434814453125 0.62823486328125
-0.0252685546875 0.00344467163085938 0.18994140625 0.4718017578125
0.00586318969726563 -0.0429878234863281 0.121047973632812 -0.008697509765625
0.00517654418945313 -0.0428504943847656 0.000640869140624992 -0.491455078125
-0.0203819274902344 -0.0200157165527344 -0.3480224609375 -0.642578125
-0.0256004333496094 0.0223464965820313 -0.71051025390625 -0.335205078125
-0.0128402709960938 0.00902366638183594 -0.7642822265625 0.0516357421875001
0.039520263671875 -0.0115814208984375 -0.59368896484375 0.184326171875
0.0707626342773438 -0.0323715209960938 -0.294525146484375 0.22271728515625
0.0769119262695313 -0.07891845703125 -0.04498291015625 0.0352859497070312
0.102340698242188 -0.0519790649414063 0.0974578857421875 -0.0796585083007813
0.108413696289063 -0.0442352294921875 0.339385986328125 -0.25335693359375
0.0703353881835937 -0.0365676879882812 0.527801513671875 -0.2218017578125
0.0139398574829102 0.0144891738891602 0.70233154296875 -0.0068359375
-0.0365180969238281 0.0677986145019531 0.64825439453125 0.3695068359375
-0.0626678466796875 0.0532379150390625 0.452880859375 0.59625244140625
-0.0187015533447266 0.0333003997802734 0.195953369140625 0.446258544921875
0.0130062103271484 -0.0150413513183594 0.120223999023437 -0.0267486572265625
0.00912189483642578 -0.0163497924804687 0.004486083984375 -0.510772705078125
-0.0208854675292969 0.00815010070800781 -0.3358154296875 -0.66656494140625
-0.0306472778320312 0.0408668518066406 -0.7022705078125 -0.3648681640625
-0.0223560333251953 0.0123157501220703 -0.76318359375 0.023193359375
0.0350723266601563 -0.0261459350585938 -0.5902099609375 0.1654052734375
0.0838394165039063 -0.0501022338867188 -0.28753662109375 0.205322265625
0.100616455078125 -0.0882339477539063 -0.0243587493896484 0.0261745452880859
0.109260559082031 -0.0591201782226563 0.107917785644531 -0.090179443359375
0.104446411132813 -0.0549468994140625 0.33795166015625 -0.250244140625
0.05767822265625 -0.0432662963867188 0.541961669921875 -0.218475341796875
0.00111007690429687 0.0179443359375 0.72552490234375 -0.0185546875
-0.0397109985351563 0.0819320678710938 0.67071533203125 0.34124755859375
-0.0582656860351563 0.0702476501464844 0.4630126953125 0.557159423828125
-0.0109596252441406 0.0479393005371094 0.19317626953125 0.411346435546875
0.0207729339599609 0.00215339660644531 0.112701416015625 -0.0557403564453125
0.0129814147949219 0.00205707550048828 -0.00189208984374997 -0.534454345703125
-0.0215282440185547 0.0252170562744141 -0.33251953125 -0.693359375
-0.0385856628417969 0.0511970520019531 -0.6951904296875 -0.39288330078125
-0.0335273742675781 0.00867271423339843 -0.75396728515625 0.00115966796874985
0.0349388122558594 -0.0398025512695313 -0.57806396484375 0.1502685546875
0.0944747924804688 -0.0597305297851563 -0.273300170898438 0.194107055664063
0.118019104003906 -0.0873031616210938 -0.00154304504394531 0.0206756591796875
-0.037322998046875 0.01873779296875 0.122970581054688 -0.0463409423828125
-0.0203323364257813 0.0772323608398438 0.369232177734375 -0.17364501953125
0.0335464477539063 0.0997238159179687 0.59002685546875 -0.1087646484375
0.0520858764648437 0.0403556823730469 0.74749755859375 0.1077880859375
0.0168609619140625 -0.0485572814941406 0.61566162109375 0.4351806640625
-0.0255661010742188 -0.12713623046875 0.37017822265625 0.61273193359375
-0.018310546875 -0.1431884765625 0.124359130859375 0.39691162109375
-0.00337219238281252 -0.168655395507813 0.0598678588867188 -0.104530334472656
-0.0031585693359375 -0.161941528320313 -0.10137939453125 -0.5447998046875
-0.006591796875 -0.145858764648438 -0.46856689453125 -0.6318359375
-0.00683212280273437 -0.0688056945800781 -0.76361083984375 -0.24993896484375
0.0118722915649414 0.00123500823974609 -0.72210693359375 0.1282958984375
0.0179176330566406 0.0694122314453125 -0.518280029296875 0.2635498046875
-0.0202827453613281 0.0602378845214844 -0.244644165039063 0.267807006835937
-0.0416145324707031 0.00616455078125 -0.0123786926269531 0.0653762817382813
-0.0274467468261719 0.0077972412109375 0.107406616210938 -0.03997802734375
-0.0178298950195312 0.0637359619140625 0.35980224609375 -0.184906005859375
0.0319747924804688 0.0976409912109375 0.56951904296875 -0.12255859375
0.0518798828125 0.0542755126953125 0.72265625 0.1082763671875
0.0217056274414063 -0.0299549102783203 0.60614013671875 0.45391845703125
-0.0271148681640625 -0.115310668945313 0.37689208984375 0.64288330078125
-0.02166748046875 -0.135871887207031 0.138397216796875 0.43084716796875
-0.00724792480468749 -0.161224365234375 0.0752792358398438 -0.0687026977539063
-0.0104827880859375 -0.154571533203125 -0.081085205078125 -0.51678466796875
-0.0177154541015625 -0.135566711425781 -0.45379638671875 -0.61114501953125
-0.0156707763671875 -0.0666694641113281 -0.7652587890625 -0.2381591796875
0.00922393798828125 -0.00815963745117187 -0.7384033203125 0.135009765625
0.0326156616210938 0.0527000427246094 -0.539459228515625 0.260498046875
0.000930786132812495 0.0514144897460938 -0.259994506835938 0.26556396484375
-0.0288581848144531 -0.00434875488281249 -0.0346717834472656 0.0648918151855469
-0.00753402709960937 -0.00511932373046875 0.093231201171875 -0.0405044555664062
-0.000709533691406247 0.0436210632324219 0.358917236328125 -0.204010009765625
0.0372772216796875 0.0823287963867187 0.5538330078125 -0.153656005859375
0.0499114990234375 0.0582466125488281 0.7037353515625 0.08721923828125
0.0175619125366211 -0.00815296173095703 0.60186767578125 0.45379638671875
-0.0322341918945313 -0.0875091552734375 0.3880615234375 0.660400390625
-0.0256271362304688 -0.111610412597656 0.153564453125 0.462066650390625
-0.0090484619140625 -0.140457153320313 0.09136962890625 -0.0368423461914063
-0.01300048828125 -0.133155822753906 -0.056854248046875 -0.498260498046875
-0.0242691040039063 -0.113327026367188 -0.4317626953125 -0.60516357421875
-0.0209617614746094 -0.0518798828125 -0.7581787109375 -0.2435302734375
0.004791259765625 -0.01171875 -0.75067138671875 0.13092041015625
0.0402870178222656 0.0327606201171875 -0.562255859375 0.2515869140625
0.0231971740722656 0.0338001251220703 -0.275787353515625 0.262191772460937
-0.00759315490722656 -0.0199241638183594 -0.0493240356445312 0.0620498657226563
0.0228767395019531 -0.0191364288330078 0.0854873657226562 -0.0465011596679688
0.0294017791748047 0.0203094482421875 0.35693359375 -0.22393798828125
0.0500602722167969 0.0528678894042969 0.54364013671875 -0.187744140625
0.0440101623535156 0.0504150390625 0.689453125 0.057373046875
0.00616264343261719 0.0138959884643555 0.60308837890625 0.4415283203125
-0.042388916015625 -0.0521011352539063 0.404296875 0.6644287109375
-0.0274276733398437 -0.0758895874023438 0.1680908203125 0.480377197265625
-0.0068359375 -0.110595703125 0.106155395507813 -0.014923095703125
-0.0108184814453125 -0.10479736328125 -0.034820556640625 -0.48809814453125
-0.0256271362304688 -0.0830001831054688 -0.404541015625 -0.6083984375
-0.0233726501464844 -0.0294551849365234 -0.74493408203125 -0.26373291015625
7.48634338378908E-05 -0.00635814666748047 -0.7596435546875 0.1163330078125
0.0419158935546875 0.0161170959472656 -0.57757568359375 0.2384033203125
0.0413055419921875 0.0110206604003906 -0.28656005859375 0.255340576171875
0.0197639465332031 -0.0419769287109375 -0.0554733276367188 0.0554084777832031
0.0574951171875 -0.0314254760742188 0.0846633911132813 -0.056396484375
0.0659217834472656 -0.00531387329101563 0.3543701171875 -0.2430419921875
0.0646705627441406 0.0183029174804687 0.53460693359375 -0.21551513671875
0.0379524230957031 0.0332984924316406 0.6842041015625 0.0234375
-0.0109596252441406 0.0323696136474609 0.61419677734375 0.4197998046875
-0.0534439086914063 -0.0126609802246094 0.42449951171875 0.65386962890625
-0.0288429260253906 -0.0350189208984375 0.185821533203125 0.486358642578125
-0.001800537109375 -0.0756912231445313 0.116943359375 -0.00579833984375001
-0.00471496582031251 -0.0737991333007813 -0.01495361328125 -0.48565673828125
-0.02337646484375 -0.0492134094238281 -0.37762451171875 -0.62359619140625
-0.0240135192871094 -0.00107574462890625 -0.7315673828125 -0.2939453125
-0.00639677047729492 0.00266695022583008 -0.76715087890625 0.0917358398437499
0.0412673950195313 0.00203704833984375 -0.5927734375 0.217529296875
0.0576667785644531 -0.0123710632324219 -0.29620361328125 0.24285888671875
0.0478591918945313 -0.062652587890625 -0.0548248291015625 0.0473709106445312
0.0854415893554688 -0.0426712036132813 0.0887298583984375 -0.06884765625
0.0950775146484375 -0.0269012451171875 0.347381591796875 -0.25531005859375
0.0743255615234375 -0.0149459838867187 0.527099609375 -0.228912353515625
0.0273265838623047 0.0200653076171875 0.68927001953125 0.000915527343750001
-0.0250968933105469 0.0515975952148437 0.63262939453125 0.39093017578125
-0.062103271484375 0.0239982604980469 0.44744873046875 0.62762451171875
-0.0249099731445313 0.00413703918457032 0.19647216796875 0.47296142578125
0.00591659545898437 -0.0415267944335938 0.120826721191406 -0.01123046875
0.00245285034179687 -0.042144775390625 -0.00463867187499996 -0.49444580078125
-0.0204944610595703 -0.0174598693847656 -0.35687255859375 -0.64288330078125
-0.0257244110107422 0.0233631134033203 -0.71923828125 -0.32672119140625
-0.0132112503051758 0.00992107391357422 -0.7679443359375 0.0612792968749999
0.038665771484375 -0.0128326416015625 -0.59588623046875 0.19476318359375
0.0711212158203125 -0.03350830078125 -0.294036865234375 0.22576904296875
0.07659912109375 -0.0801315307617188 -0.044677734375 0.0368576049804688
0.102500915527344 -0.05291748046875 0.0949020385742188 -0.0811614990234375
0.108238220214844 -0.0457534790039063 0.33819580078125 -0.25921630859375
0.0697479248046875 -0.0376129150390625 0.528045654296875 -0.2293701171875
0.0140161514282227 0.0140867233276367 0.70550537109375 -0.0155029296875
-0.0365180969238281 0.0685081481933594 0.656005859375 0.363037109375
-0.062469482421875 0.0544929504394531 0.46575927734375 0.5933837890625
-0.0181980133056641 0.0341472625732422 0.2032470703125 0.447235107421875
0.0138845443725586 -0.0147171020507813 0.119194030761719 -0.028045654296875
0.00842094421386719 -0.0151853561401367 -0.00213623046874998 -0.512542724609375
-0.0212688446044922 0.00797843933105469 -0.34600830078125 -0.6668701171875
-0.0302696228027344 0.0427932739257813 -0.71087646484375 -0.35919189453125
-0.0230484008789063 0.0124797821044922 -0.76837158203125 0.0340576171874999
0.0358543395996094 -0.0262298583984375 -0.59332275390625 0.17236328125
0.0841445922851563 -0.0516281127929688 -0.288665771484375 0.20989990234375
0.0994644165039063 -0.0895614624023438 -0.0243759155273437 0.0268192291259766
0.107627868652344 -0.060699462890625 0.109832763671875 -0.092987060546875
0.104232788085938 -0.056671142578125 0.337005615234375 -0.25738525390625
0.0572471618652344 -0.043548583984375 0.541412353515625 -0.2265625
0.00311470031738281 0.0194110870361328 0.72894287109375 -0.0281982421875
-0.0385818481445313 0.0835952758789062 0.67706298828125 0.33355712890625
-0.0576095581054687 0.0715484619140625 0.474029541015625 0.553955078125
-0.0096893310546875 0.0488166809082031 0.19915771484375 0.410858154296875
0.0203037261962891 0.00185585021972656 0.112838745117188 -0.057220458984375
0.0108156204223633 0.0036468505859375 -0.00561523437499996 -0.538726806640625
-0.0219326019287109 0.0248336791992188 -0.3427734375 -0.6947021484375
-0.0380821228027344 0.0516090393066406 -0.704345703125 -0.38787841796875
-0.0338764190673828 0.00932884216308593 -0.7587890625 0.0111083984374999
0.0345382690429688 -0.0409164428710938 -0.58148193359375 0.15972900390625
0.0939178466796875 -0.0623321533203125 -0.274017333984375 0.198440551757812
0.118156433105469 -0.0897979736328125 -0.00141906738281249 0.0221595764160156
-0.0381698608398438 0.0201148986816406 0.122718811035156 -0.047882080078125
-0.0203475952148437 0.0785064697265625 0.369720458984375 -0.179779052734375
0.0359725952148437 0.100204467773438 0.5927734375 -0.11798095703125
0.0527534484863281 0.0395660400390625 0.75360107421875 0.10015869140625
0.0155143737792969 -0.0491676330566406 0.6226806640625 0.42913818359375
-0.0273513793945312 -0.127304077148438 0.37969970703125 0.61175537109375
-0.0201416015625 -0.144668579101563 0.128814697265625 0.397674560546875
-0.00682067871093751 -0.169204711914063 0.0567626953125 -0.106025695800781
-0.00685119628906251 -0.163223266601563 -0.108856201171875 -0.547882080078125
-0.009246826171875 -0.146591186523438 -0.47711181640625 -0.629638671875
-0.00734710693359374 -0.0703201293945313 -0.7718505859375 -0.2406005859375
0.0107583999633789 0.00193405151367188 -0.7275390625 0.1387939453125
0.0177726745605469 0.0684700012207031 -0.517974853515625 0.27142333984375
-0.0188865661621094 0.06072998046875 -0.242568969726563 0.271728515625
-0.0417556762695313 0.00608062744140624 -0.0125961303710937 0.0669517517089844
-0.0297832489013672 0.00757789611816407 0.107841491699219 -0.0417861938476563
-0.0177688598632813 0.0649032592773438 0.361419677734375 -0.191619873046875
0.0336761474609375 0.0991592407226562 0.5714111328125 -0.1322021484375
0.0532951354980469 0.0536689758300781 0.7276611328125 0.10089111328125
0.0198688507080078 -0.0324878692626953 0.61474609375 0.44873046875
-0.0286941528320313 -0.114295959472656 0.3883056640625 0.640869140625
-0.023162841796875 -0.136863708496094 0.142364501953125 0.431488037109375
-0.00907897949218749 -0.162002563476563 0.0741119384765625 -0.0695419311523438
-0.01318359375 -0.153884887695313 -0.088226318359375 -0.518768310546875
-0.021392822265625 -0.136520385742188 -0.46368408203125 -0.60931396484375
-0.0161399841308594 -0.0680122375488281 -0.7711181640625 -0.2293701171875
0.00957107543945313 -0.00908756256103515 -0.74139404296875 0.14678955078125
0.0329780578613281 0.0522117614746094 -0.540740966796875 0.266632080078125
0.00163650512695312 0.052001953125 -0.259597778320312 0.271682739257813
-0.0279998779296875 -0.00295829772949218 -0.032562255859375 0.0669364929199219
-0.00663471221923828 -0.00516986846923828 0.0938949584960937 -0.0425033569335938
0.000293731689453128 0.043365478515625 0.358489990234375 -0.210601806640625
0.0383148193359375 0.0831680297851563 0.553253173828125 -0.1622314453125
0.0493431091308594 0.0573501586914062 0.7083740234375 0.07867431640625
0.0158796310424805 -0.00957107543945313 0.61016845703125 0.4476318359375
-0.0329513549804688 -0.089263916015625 0.39886474609375 0.660888671875
-0.026336669921875 -0.112312316894531 0.158416748046875 0.46466064453125
-0.0111312866210937 -0.1405029296875 0.0902938842773438 -0.0398483276367188
-0.0156478881835938 -0.133575439453125 -0.0638427734375 -0.501220703125
-0.0270156860351562 -0.1141357421875 -0.44097900390625 -0.6031494140625
-0.022003173828125 -0.0516204833984375 -0.763427734375 -0.236083984375
0.00461769104003906 -0.00975704193115235 -0.754638671875 0.143310546875
0.040496826171875 0.0327682495117188 -0.56304931640625 0.2615966796875
0.0242118835449219 0.0332527160644531 -0.2750244140625 0.268020629882813
-0.007537841796875 -0.0209751129150391 -0.0493927001953125 0.0628929138183594
0.0237808227539063 -0.0201950073242188 0.0854034423828125 -0.0469894409179688
0.0304126739501953 0.0198211669921875 0.357757568359375 -0.23077392578125
0.0494194030761719 0.0531234741210937 0.544158935546875 -0.1956787109375
0.0446586608886719 0.0482902526855469 0.6927490234375 0.0472412109375
0.0053558349609375 0.0127592086791992 0.61285400390625 0.435302734375
-0.0425643920898438 -0.0515403747558594 0.41534423828125 0.66522216796875
-0.0294952392578125 -0.0747146606445313 0.17620849609375 0.48321533203125
-0.00868988037109375 -0.109230041503906 0.105781555175781 -0.0166015625
-0.0123977661132813 -0.105781555175781 -0.03973388671875 -0.488983154296875
-0.0278549194335938 -0.0828018188476563 -0.4140625 -0.6070556640625
-0.0238685607910156 -0.0278434753417969 -0.7508544921875 -0.25634765625
-0.00132894515991211 -0.00600433349609375 -0.76458740234375 0.12841796875
0.0424919128417969 0.0147323608398438 -0.58087158203125 0.2459716796875
0.0431785583496094 0.0097198486328125 -0.288116455078125 0.2615966796875
0.0191230773925781 -0.0420722961425781 -0.0558700561523438 0.05731201171875
0.0561141967773438 -0.0326271057128906 0.0832061767578125 -0.0571136474609375
0.0658187866210938 -0.004608154296875 0.354583740234375 -0.248016357421875
0.0663604736328125 0.0173492431640625 0.536224365234375 -0.223724365234375
0.0380516052246094 0.0341987609863281 0.68914794921875 0.01361083984375
-0.00945091247558594 0.0317668914794922 0.6236572265625 0.41351318359375
-0.0530929565429688 -0.0132827758789063 0.43658447265625 0.65252685546875
-0.0294475555419922 -0.0338115692138672 0.1917724609375 0.488037109375
-0.00290679931640625 -0.0752410888671875 0.116767883300781 -0.00728607177734375
-0.00580596923828126 -0.0728759765625 -0.02093505859375 -0.49017333984375
-0.0247306823730469 -0.0494766235351563 -0.38787841796875 -0.62060546875
-0.0234603881835938 -0.00118446350097657 -0.739990234375 -0.2852783203125
-0.00678110122680664 0.00243330001831055 -0.77056884765625 0.10198974609375
0.0411033630371094 -0.000339508056640625 -0.5933837890625 0.22674560546875
0.0580482482910156 -0.0129661560058594 -0.29541015625 0.247802734375
0.0468597412109375 -0.0644416809082031 -0.0558738708496094 0.0486602783203125
0.0844192504882813 -0.043853759765625 0.0869216918945312 -0.07012939453125
0.0948562622070313 -0.0279922485351562 0.345916748046875 -0.26031494140625
0.0733566284179688 -0.0170974731445313 0.52972412109375 -0.237152099609375
0.0286178588867187 0.0185527801513672 0.6917724609375 -0.009033203125
-0.025421142578125 0.0513534545898438 0.6409912109375 0.38555908203125
-0.0597763061523437 0.0249786376953125 0.45599365234375 0.6248779296875
-0.0251235961914062 0.00491523742675782 0.203582763671875 0.474273681640625
0.0055084228515625 -0.0410881042480469 0.121589660644531 -0.01226806640625
0.00225830078125 -0.0410423278808594 -0.011322021484375 -0.49688720703125
-0.0226879119873047 -0.0160293579101563 -0.3673095703125 -0.64373779296875
-0.0252361297607422 0.0232830047607422 -0.7283935546875 -0.31988525390625
-0.0141544342041016 0.0101509094238281 -0.77294921875 0.0728149414062499
0.0391311645507813 -0.0137100219726562 -0.59893798828125 0.202880859375
0.0713272094726563 -0.0347824096679688 -0.294036865234375 0.231536865234375
0.0751113891601563 -0.0808486938476563 -0.0435905456542969 0.0368614196777344
0.10321044921875 -0.0546112060546875 0.0944595336914062 -0.0826263427734375
0.107765197753906 -0.0471343994140625 0.337493896484375 -0.265289306640625
0.0698814392089844 -0.0375785827636719 0.530029296875 -0.2384033203125
0.0145864486694336 0.0127983093261719 0.70892333984375 -0.02508544921875
-0.0348777770996094 0.0698356628417969 0.6632080078125 0.35699462890625
-0.0610160827636719 0.0555572509765625 0.4754638671875 0.5921630859375
-0.0175571441650391 0.0341854095458984 0.209747314453125 0.44635009765625
0.0122394561767578 -0.0146665573120117 0.119583129882813 -0.030487060546875
0.00672149658203125 -0.0149593353271484 -0.00946044921874998 -0.51568603515625
-0.0215797424316406 0.00927734375 -0.355224609375 -0.667236328125
-0.0302543640136719 0.0440216064453125 -0.71954345703125 -0.35272216796875
-0.0230960845947266 0.0139942169189453 -0.7716064453125 0.0453491210937499
0.0356292724609375 -0.0277137756347656 -0.5947265625 0.182861328125
0.0845870971679688 -0.0518722534179688 -0.287567138671875 0.216094970703125
0.0981369018554688 -0.0915069580078125 -0.0256633758544922 0.0290107727050781
0.108222961425781 -0.0623703002929688 0.1075439453125 -0.0934906005859375
0.104164123535156 -0.057952880859375 0.33660888671875 -0.26300048828125
0.0576095581054688 -0.0451927185058594 0.5433349609375 -0.23431396484375
0.001678466796875 0.0192089080810547 0.732666015625 -0.03936767578125
-0.0382308959960938 0.0844802856445313 0.68548583984375 0.326904296875
-0.056396484375 0.073577880859375 0.482940673828125 0.55340576171875
-0.00879287719726563 0.0499839782714844 0.205596923828125 0.412384033203125
0.0198898315429688 0.00348091125488281 0.112419128417969 -0.0580215454101563
0.0111103057861328 0.00280380249023438 -0.013671875 -0.540771484375
-0.0223960876464844 0.0261249542236328 -0.3524169921875 -0.6947021484375
-0.0382766723632813 0.0523567199707031 -0.7139892578125 -0.38287353515625
-0.0338840484619141 0.0102386474609375 -0.7647705078125 0.022705078125
0.0332794189453125 -0.04150390625 -0.584228515625 0.167236328125
0.0947036743164062 -0.0632095336914063 -0.273239135742188 0.202865600585938
0.11676025390625 -0.091094970703125 -0.00266265869140624 0.0226840972900391
-0.037628173828125 0.0198478698730469 0.122962951660156 -0.0505218505859375
-0.0201797485351563 0.0788345336914063 0.36993408203125 -0.1851806640625
0.0375595092773438 0.0996627807617187 0.59466552734375 -0.12847900390625
0.0526504516601563 0.04095458984375 0.759765625 0.0889892578125
0.0147171020507813 -0.0506134033203125 0.63177490234375 0.42218017578125
-0.0300064086914062 -0.1275634765625 0.38897705078125 0.60931396484375
-0.0235748291015625 -0.143997192382813 0.1343994140625 0.39801025390625
-0.00915527343750001 -0.16937255859375 0.0546035766601563 -0.10693359375
-0.00746154785156249 -0.163619995117188 -0.116790771484375 -0.54888916015625
-0.0117340087890625 -0.1470947265625 -0.4888916015625 -0.62493896484375
-0.00736236572265625 -0.0694580078125 -0.779541015625 -0.23199462890625
0.011509895324707 0.00279808044433594 -0.7257080078125 0.15069580078125
0.0199432373046875 0.0685539245605469 -0.517913818359375 0.27899169921875
-0.018829345703125 0.06201171875 -0.241470336914063 0.276992797851563
-0.04254150390625 0.00666809082031251 -0.0110321044921875 0.0676422119140625
-0.0295505523681641 0.00852584838867187 0.106216430664063 -0.043792724609375
-0.0165023803710938 0.0662460327148438 0.361907958984375 -0.197357177734375
0.0352249145507812 0.09808349609375 0.57342529296875 -0.1400146484375
0.0538215637207031 0.0536003112792969 0.73187255859375 0.091064453125
0.0199050903320313 -0.0320205688476562 0.6240234375 0.4415283203125
-0.0300750732421875 -0.11602783203125 0.3978271484375 0.63946533203125
-0.0245590209960937 -0.134429931640625 0.15020751953125 0.432037353515625
-0.01165771484375 -0.161285400390625 0.0730056762695313 -0.0702133178710938
-0.0154876708984375 -0.153640747070313 -0.094696044921875 -0.52301025390625
-0.0230026245117188 -0.135940551757813 -0.47412109375 -0.606689453125
-0.0188522338867188 -0.0667076110839844 -0.779052734375 -0.2191162109375
0.00863265991210938 -0.00876903533935547 -0.744873046875 0.158935546875
0.0333900451660156 0.0517730712890625 -0.540496826171875 0.276763916015625
0.00288009643554688 0.0518913269042969 -0.2581787109375 0.277450561523438
-0.0293865203857422 -0.00282478332519532 -0.0320205688476562 0.0684318542480469
-0.00705814361572266 -0.00533342361450195 0.0943222045898438 -0.0435791015625
-0.000118255615234372 0.043792724609375 0.35809326171875 -0.216766357421875
0.0406417846679688 0.082305908203125 0.555419921875 -0.1712646484375
0.0509300231933594 0.0572509765625 0.7127685546875 0.06903076171875
0.0169229507446289 -0.009735107421875 0.6181640625 0.44146728515625
-0.0343017578125 -0.0887222290039063 0.40850830078125 0.6585693359375
-0.0278091430664063 -0.111282348632813 0.16552734375 0.4642333984375
-0.0141754150390625 -0.1409912109375 0.0911788940429688 -0.0403060913085938
-0.0188980102539062 -0.1329345703125 -0.070709228515625 -0.504180908203125
-0.0292587280273438 -0.1136474609375 -0.45074462890625 -0.6002197265625
-0.0234222412109375 -0.0507583618164063 -0.7723388671875 -0.22625732421875
0.00449562072753906 -0.00948524475097656 -0.75823974609375 0.15606689453125
0.0404891967773438 0.0316123962402344 -0.56243896484375 0.26959228515625
0.0251636505126953 0.0328311920166016 -0.274887084960938 0.27386474609375
-0.00793075561523437 -0.0206146240234375 -0.048065185546875 0.0654220581054687
0.02154541015625 -0.0206050872802734 0.085235595703125 -0.0488967895507813
0.0290622711181641 0.0196800231933594 0.35693359375 -0.237701416015625
0.0516853332519531 0.0530776977539063 0.545989990234375 -0.20562744140625
0.044891357421875 0.0488319396972656 0.69842529296875 0.03729248046875
0.00520038604736328 0.0128698348999023 0.6190185546875 0.4285888671875
-0.0435447692871094 -0.0516281127929688 0.42413330078125 0.6624755859375
-0.0298614501953125 -0.07568359375 0.1824951171875 0.482666015625
-0.0106353759765625 -0.110633850097656 0.104545593261719 -0.0187759399414063
-0.0146484375 -0.104660034179688 -0.046783447265625 -0.492279052734375
-0.0284805297851562 -0.08251953125 -0.4237060546875 -0.604248046875
-0.0247898101806641 -0.0274639129638672 -0.75762939453125 -0.2459716796875
-0.000922203063964844 -0.00558233261108398 -0.76739501953125 0.14111328125
0.0429725646972656 0.0140495300292969 -0.581298828125 0.25689697265625
0.0427474975585938 0.00824737548828125 -0.286651611328125 0.26702880859375
0.0176315307617188 -0.0431861877441406 -0.0555305480957031 0.059417724609375
0.0564804077148437 -0.0326080322265625 0.0823974609375 -0.0592269897460938
0.0667152404785156 -0.00620269775390625 0.35272216796875 -0.255706787109375
0.0662155151367188 0.0171089172363281 0.5360107421875 -0.233123779296875
0.0384941101074219 0.0337562561035156 0.69354248046875 0.0042724609375
-0.009735107421875 0.0330066680908203 0.63153076171875 0.4058837890625
-0.0539169311523438 -0.0114555358886719 0.447021484375 0.64892578125
-0.0291786193847656 -0.0328350067138672 0.199249267578125 0.4874267578125
-0.00363922119140625 -0.0752105712890625 0.116531372070313 -0.00838470458984376
-0.0071563720703125 -0.0730209350585938 -0.02740478515625 -0.491455078125
-0.026458740234375 -0.0485763549804688 -0.39752197265625 -0.6204833984375
-0.0246429443359375 -0.000684738159179687 -0.74761962890625 -0.27587890625
-0.00611400604248047 0.00413131713867188 -0.7734375 0.116455078125
0.0414657592773437 -0.000732421875 -0.59576416015625 0.2364501953125
0.0579566955566406 -0.0150947570800781 -0.294830322265625 0.254302978515625
0.0471153259277344 -0.0660438537597656 -0.0543899536132812 0.0510368347167969
0.0839080810546875 -0.0457229614257813 0.0869216918945313 -0.0709075927734375
0.0954208374023438 -0.028594970703125 0.342926025390625 -0.267486572265625
0.0747756958007813 -0.0183563232421875 0.529022216796875 -0.24603271484375
0.0287361145019531 0.0196132659912109 0.69378662109375 -0.01995849609375
-0.0244178771972656 0.0523834228515625 0.6483154296875 0.37847900390625
-0.0602340698242188 0.0262832641601562 0.46697998046875 0.6221923828125
-0.0249786376953125 0.00538825988769531 0.211395263671875 0.474212646484375
0.00409698486328125 -0.0415267944335937 0.121261596679688 -0.0142669677734375
0.00125885009765625 -0.0416069030761719 -0.018096923828125 -0.50042724609375
-0.0224056243896484 -0.0162105560302734 -0.3779296875 -0.6412353515625
-0.0243606567382812 0.0258350372314453 -0.7362060546875 -0.31097412109375
-0.014338493347168 0.0109338760375977 -0.7755126953125 0.0864257812500001
0.0398445129394531 -0.014862060546875 -0.6002197265625 0.2135009765625
0.0722274780273438 -0.0352706909179688 -0.29437255859375 0.23699951171875
0.0735397338867188 -0.0830841064453125 -0.044769287109375 0.0386924743652344
0.101936340332031 -0.0549545288085938 0.0947341918945313 -0.08477783203125
0.108001708984375 -0.0485305786132812 0.336669921875 -0.27008056640625
0.07037353515625 -0.0394439697265625 0.529632568359375 -0.247467041015625
0.0150747299194336 0.0128488540649414 0.71075439453125 -0.03631591796875
-0.0350570678710937 0.072052001953125 0.673095703125 0.3487548828125
-0.0603675842285156 0.0568695068359375 0.48553466796875 0.587646484375
-0.016815185546875 0.0363502502441406 0.217071533203125 0.447967529296875
0.0124549865722656 -0.013615608215332 0.1202392578125 -0.0320587158203125
0.00633525848388672 -0.0144309997558594 -0.014801025390625 -0.518524169921875
-0.0217514038085938 0.0106391906738281 -0.36663818359375 -0.66619873046875
-0.0293540954589844 0.0443992614746094 -0.72857666015625 -0.344482421875
-0.0237197875976563 0.0137405395507812 -0.77630615234375 0.0559082031250001
0.0344486236572266 -0.0288181304931641 -0.59930419921875 0.19012451171875
0.0854110717773438 -0.0535507202148437 -0.286651611328125 0.220733642578125
0.098114013671875 -0.0928955078125 -0.0260219573974609 0.0292186737060547
0.106513977050781 -0.062835693359375 0.106407165527344 -0.0947799682617188
0.104148864746094 -0.0591964721679688 0.334564208984375 -0.268310546875
0.0578498840332031 -0.0452003479003906 0.54461669921875 -0.244049072265625
0.00159454345703125 0.0190715789794922 0.73541259765625 -0.048828125
-0.0372772216796875 0.0857009887695313 0.6932373046875 0.319580078125
-0.0533828735351563 0.0746612548828125 0.492462158203125 0.547119140625
-0.007171630859375 0.0515594482421875 0.21282958984375 0.41156005859375
0.0200519561767578 0.0034332275390625 0.110771179199219 -0.0600433349609375
0.0108146667480469 0.00319290161132812 -0.0206298828125 -0.54376220703125
-0.0228538513183594 0.0277023315429688 -0.36297607421875 -0.69415283203125
-0.0371513366699219 0.0542221069335938 -0.721435546875 -0.373046875
-0.0338859558105469 0.0106792449951172 -0.76715087890625 0.0346069335937499
0.033355712890625 -0.0418930053710938 -0.58587646484375 0.17742919921875
0.0948104858398438 -0.0655059814453125 -0.273101806640625 0.20782470703125
0.116195678710938 -0.0931243896484375 -0.00193405151367187 0.0226650238037109
-0.0386695861816406 0.0206222534179688 0.121597290039063 -0.0528030395507813
-0.0192413330078125 0.0789031982421875 0.3685302734375 -0.192626953125
0.0400238037109375 0.0995330810546875 0.5966796875 -0.13958740234375
0.0537109375 0.0397911071777344 0.7626953125 0.07666015625
0.0132598876953125 -0.0515022277832031 0.6387939453125 0.41461181640625
-0.0316162109375 -0.12811279296875 0.39947509765625 0.60760498046875
-0.0253753662109375 -0.141921997070313 0.140625 0.398529052734375
-0.0125274658203125 -0.168991088867188 0.0521469116210937 -0.106689453125
-0.0124359130859375 -0.163665771484375 -0.125701904296875 -0.549713134765625
-0.014678955078125 -0.14697265625 -0.50018310546875 -0.62042236328125
-0.00922012329101563 -0.0695114135742188 -0.78497314453125 -0.220947265625
0.0113077163696289 0.00231647491455078 -0.72900390625 0.16534423828125
0.0212783813476563 0.0685577392578125 -0.5172119140625 0.2879638671875
-0.0165443420410156 0.06146240234375 -0.238800048828125 0.284942626953125
-0.0424118041992187 0.00788497924804687 -0.0110626220703125 0.0694541931152344
-0.0311450958251953 0.00938034057617188 0.107749938964844 -0.0457382202148438
-0.0161514282226563 0.0660858154296875 0.360137939453125 -0.2056884765625
0.037261962890625 0.0988006591796875 0.5738525390625 -0.1500244140625
0.0545158386230469 0.0536651611328125 0.73773193359375 0.07855224609375
0.0179862976074219 -0.0341529846191406 0.632080078125 0.4344482421875
-0.032440185546875 -0.115516662597656 0.40814208984375 0.6375732421875
-0.0277633666992187 -0.134773254394531 0.15716552734375 0.4334716796875
-0.0157623291015625 -0.162185668945313 0.0709457397460938 -0.0702896118164063
-0.0199432373046875 -0.153274536132813 -0.103515625 -0.52166748046875
-0.0255966186523438 -0.137069702148438 -0.4844970703125 -0.60223388671875
-0.0180282592773437 -0.0669288635253906 -0.78582763671875 -0.20849609375
0.00990581512451172 -0.00975799560546875 -0.74542236328125 0.171875
0.0332756042480469 0.0510025024414062 -0.5404052734375 0.28668212890625
0.00267410278320312 0.0522613525390625 -0.2559814453125 0.2841796875
-0.0295124053955078 -0.00253677368164062 -0.0325698852539062 0.0696449279785156
-0.0101499557495117 -0.00580024719238281 0.0929794311523438 -0.0445785522460938
-0.000667572021484371 0.04400634765625 0.356781005859375 -0.22344970703125
0.04046630859375 0.0826950073242188 0.5576171875 -0.180267333984375
0.0525398254394531 0.0570564270019531 0.7174072265625 0.05743408203125
0.0154962539672852 -0.0115680694580078 0.62689208984375 0.43304443359375
-0.0365676879882812 -0.0891571044921875 0.41998291015625 0.65594482421875
-0.0312118530273437 -0.11126708984375 0.172821044921875 0.464385986328125
-0.0160064697265625 -0.140899658203125 0.0884552001953125 -0.0410385131835938
-0.021209716796875 -0.133865356445313 -0.078033447265625 -0.50518798828125
-0.0318222045898438 -0.112518310546875 -0.4605712890625 -0.5936279296875
-0.0244789123535156 -0.0508155822753906 -0.7783203125 -0.21453857421875
0.00391006469726563 -0.00971889495849609 -0.758544921875 0.168701171875
0.0415687561035156 0.0317840576171875 -0.56298828125 0.27960205078125
0.0251178741455078 0.0311660766601563 -0.271347045898438 0.278778076171875
-0.00927925109863281 -0.0206375122070313 -0.0480842590332031 0.0658683776855469
0.0212326049804688 -0.0202541351318359 0.0840682983398438 -0.0503921508789062
0.0291996002197266 0.0194606781005859 0.35546875 -0.243743896484375
0.0525703430175781 0.0532875061035156 0.544769287109375 -0.21441650390625
0.0475807189941406 0.0500831604003906 0.7015380859375 0.027099609375
0.00620746612548828 0.0131845474243164 0.6265869140625 0.4205322265625
-0.0443763732910156 -0.052093505859375 0.4364013671875 0.65728759765625
-0.0307693481445313 -0.0744400024414063 0.190704345703125 0.482666015625
-0.0125961303710938 -0.109573364257813 0.104713439941406 -0.0191726684570313
-0.0180892944335938 -0.104476928710938 -0.054107666015625 -0.4940185546875
-0.031646728515625 -0.0821762084960938 -0.43353271484375 -0.6015625
-0.0257415771484375 -0.0266895294189453 -0.76544189453125 -0.2340087890625
-0.00179243087768555 -0.0052189826965332 -0.7677001953125 0.1553955078125
0.043365478515625 0.0128860473632813 -0.58074951171875 0.26531982421875
0.0428085327148438 0.00750732421875 -0.284423828125 0.27325439453125
0.0181999206542969 -0.04327392578125 -0.057220458984375 0.0616378784179688
0.0550346374511719 -0.0343170166015625 0.0824661254882813 -0.0606002807617188
0.065460205078125 -0.00564956665039063 0.352081298828125 -0.260589599609375
0.0667686462402344 0.01629638671875 0.5367431640625 -0.242156982421875
0.0394134521484375 0.0328254699707031 0.69598388671875 -0.00750732421875
-0.00893783569335938 0.0322933197021484 0.6390380859375 0.39794921875
-0.0547332763671875 -0.0114669799804688 0.45733642578125 0.64581298828125
-0.0302162170410156 -0.0322399139404297 0.207244873046875 0.485870361328125
-0.00498199462890625 -0.0751571655273438 0.116111755371094 -0.011383056640625
-0.00927734375000001 -0.0721054077148438 -0.034515380859375 -0.49395751953125
-0.0266876220703125 -0.0485153198242188 -0.4080810546875 -0.61444091796875
-0.0235481262207031 0.000659942626953129 -0.7547607421875 -0.26483154296875
-0.00639772415161133 0.00351238250732422 -0.77789306640625 0.12847900390625
0.0423316955566406 -0.00112533569335938 -0.595703125 0.246337890625
0.0588188171386719 -0.0147628784179687 -0.292572021484375 0.260650634765625
0.0449562072753906 -0.0670089721679688 -0.0547599792480469 0.0517997741699219
0.083587646484375 -0.0467758178710938 0.085418701171875 -0.0734329223632813
0.0939407348632813 -0.0295867919921875 0.34417724609375 -0.273101806640625
0.0754241943359375 -0.0184707641601562 0.528045654296875 -0.25775146484375
0.0278072357177734 0.0188865661621094 0.697509765625 -0.03143310546875
-0.0233993530273437 0.0531997680664063 0.65594482421875 0.370849609375
-0.0601081848144531 0.0268898010253906 0.4765625 0.6182861328125
-0.0248737335205078 0.00613594055175781 0.21881103515625 0.473846435546875
0.00299835205078125 -0.0400009155273438 0.121803283691406 -0.0150222778320313
-0.00194931030273438 -0.0403556823730469 -0.025421142578125 -0.5010986328125
-0.0230083465576172 -0.0157566070556641 -0.38800048828125 -0.63720703125
-0.0255641937255859 0.0255298614501953 -0.7447509765625 -0.300048828125
-0.012786865234375 0.010991096496582 -0.77886962890625 0.09869384765625
0.0389060974121094 -0.0146369934082031 -0.60150146484375 0.22161865234375
0.0723419189453125 -0.0376052856445313 -0.2930908203125 0.242645263671875
0.0724029541015625 -0.0847320556640625 -0.0455894470214844 0.040679931640625
0.101570129394531 -0.0578231811523437 0.0942916870117187 -0.0845565795898437
0.107810974121094 -0.0504226684570313 0.33502197265625 -0.2781982421875
0.0697135925292969 -0.0418624877929688 0.529144287109375 -0.25714111328125
0.0155420303344727 0.0144262313842773 0.71380615234375 -0.0479736328125
-0.0337600708007813 0.0709228515625 0.67901611328125 0.34033203125
-0.0590324401855469 0.0569953918457031 0.49578857421875 0.58380126953125
-0.01654052734375 0.0367202758789063 0.224456787109375 0.445159912109375
0.0111932754516602 -0.0133075714111328 0.118515014648437 -0.0333480834960938
0.00638675689697266 -0.0133647918701172 -0.02215576171875 -0.520050048828125
-0.0226535797119141 0.0116786956787109 -0.37713623046875 -0.6632080078125
-0.0295944213867188 0.0448455810546875 -0.735595703125 -0.33367919921875
-0.0237331390380859 0.0142879486083984 -0.779052734375 0.0695190429687502
0.0352516174316406 -0.0297431945800781 -0.5985107421875 0.20062255859375
0.0845108032226563 -0.0553970336914063 -0.28692626953125 0.2271728515625
0.0968856811523438 -0.095184326171875 -0.0255489349365234 0.0303020477294922
0.105377197265625 -0.0648880004882813 0.104583740234375 -0.0980300903320313
0.103302001953125 -0.0606460571289063 0.333526611328125 -0.275390625
0.0563430786132813 -0.0482215881347656 0.54168701171875 -0.2540283203125
0.00238037109375 0.01861572265625 0.73681640625 -0.0633544921875
-0.0367431640625 0.0862808227539063 0.7003173828125 0.308349609375
-0.053863525390625 0.0755691528320313 0.50360107421875 0.542938232421875
-0.00672531127929687 0.0525169372558594 0.219635009765625 0.409759521484375
0.0209808349609375 0.00430679321289063 0.10980224609375 -0.0628509521484375
0.0108098983764648 0.00546646118164063 -0.028350830078125 -0.545745849609375
-0.0228271484375 0.0278816223144531 -0.37469482421875 -0.69219970703125
-0.0352439880371094 0.0543670654296875 -0.7291259765625 -0.36334228515625
-0.0343093872070313 0.0112400054931641 -0.77197265625 0.0477294921875
0.0330352783203125 -0.0437126159667969 -0.5877685546875 0.18646240234375
0.0942916870117187 -0.0685195922851562 -0.271392822265625 0.213653564453125
0.11541748046875 -0.0946426391601563 -0.00246810913085937 0.0228214263916016
-0.0398178100585938 0.0207252502441406 0.121383666992188 -0.0554122924804688
-0.0188217163085938 0.0805587768554688 0.36712646484375 -0.200042724609375
0.0413284301757813 0.0997772216796875 0.59564208984375 -0.1485595703125
0.0550079345703125 0.0393218994140625 0.76483154296875 0.06451416015625
0.01153564453125 -0.0524787902832031 0.64715576171875 0.406005859375
-0.0348434448242187 -0.128303527832031 0.4088134765625 0.6025390625
-0.0276641845703125 -0.142288208007812 0.146148681640625 0.398773193359375
-0.014404296875 -0.168380737304688 0.050201416015625 -0.107887268066406
-0.0154876708984375 -0.163619995117187 -0.135528564453125 -0.549896240234375
-0.0172119140625 -0.147430419921875 -0.50933837890625 -0.6160888671875
-0.0105819702148437 -0.0692710876464844 -0.7918701171875 -0.20867919921875
0.0116519927978516 0.00218105316162109 -0.72900390625 0.1771240234375
0.02197265625 0.0675468444824219 -0.51531982421875 0.29681396484375
-0.015777587890625 0.0629997253417969 -0.235260009765625 0.28863525390625
-0.0426826477050781 0.00711441040039062 -0.0102996826171875 0.0705413818359375
-0.0311622619628906 0.00938034057617187 0.106422424316406 -0.0479965209960938
-0.0156669616699219 0.0655174255371094 0.359130859375 -0.21063232421875
0.0395355224609375 0.0990142822265625 0.574462890625 -0.1607666015625
0.0567855834960938 0.0542068481445312 0.7421875 0.068603515625
0.0184783935546875 -0.0337429046630859 0.64093017578125 0.42510986328125
-0.0348663330078125 -0.115020751953125 0.4185791015625 0.63372802734375
-0.0296249389648437 -0.134330749511719 0.163909912109375 0.434112548828125
-0.019256591796875 -0.160232543945313 0.069488525390625 -0.07220458984375
-0.0235137939453125 -0.153335571289063 -0.113006591796875 -0.52178955078125
-0.0289764404296875 -0.136131286621094 -0.4959716796875 -0.5965576171875
-0.01995849609375 -0.0658721923828125 -0.79046630859375 -0.196044921875
0.00928783416748047 -0.00793647766113281 -0.7469482421875 0.18560791015625
0.0354194641113281 0.0501708984375 -0.538970947265625 0.295440673828125
0.00448989868164062 0.0521202087402344 -0.25286865234375 0.28875732421875
-0.0289802551269531 -0.00192070007324219 -0.0313720703125 0.0700492858886719
-0.00916004180908203 -0.00642776489257813 0.0938262939453125 -0.0472259521484375
0.0012664794921875 0.045989990234375 0.355712890625 -0.230072021484375
0.0431747436523437 0.0820693969726562 0.555816650390625 -0.191802978515625
0.0538597106933594 0.0563735961914063 0.7197265625 0.04681396484375
0.0154285430908203 -0.00954341888427734 0.63763427734375 0.42657470703125
-0.0383377075195312 -0.0886611938476562 0.43304443359375 0.6500244140625
-0.0325164794921875 -0.109390258789062 0.1807861328125 0.4652099609375
-0.0188751220703125 -0.138648986816406 0.0875701904296875 -0.0426101684570313
-0.02545166015625 -0.133544921875 -0.087005615234375 -0.5052490234375
-0.033416748046875 -0.113311767578125 -0.47296142578125 -0.59002685546875
-0.0246849060058594 -0.0500602722167969 -0.7852783203125 -0.20281982421875
0.00317192077636719 -0.0119514465332031 -0.75830078125 0.183349609375
0.0421257019042969 0.0298347473144531 -0.562255859375 0.288970947265625
0.0259628295898438 0.03240966796875 -0.26971435546875 0.285919189453125
-0.00898933410644531 -0.0211887359619141 -0.0476188659667969 0.06829833984375
0.0201244354248047 -0.0204277038574219 0.085174560546875 -0.0518417358398438
0.0303230285644531 0.0200862884521484 0.3544921875 -0.25067138671875
0.0539665222167969 0.0521316528320312 0.54461669921875 -0.225799560546875
0.0483551025390625 0.0488014221191406 0.705078125 0.015625
0.00587177276611328 0.0133304595947266 0.63751220703125 0.413818359375
-0.0456085205078125 -0.0515174865722656 0.4473876953125 0.65521240234375
-0.0329437255859375 -0.0736236572265625 0.198577880859375 0.48291015625
-0.0143508911132812 -0.108596801757813 0.103874206542969 -0.0207138061523438
-0.0203018188476563 -0.104057312011719 -0.0629577636718749 -0.49383544921875
-0.0325775146484375 -0.0829010009765625 -0.44647216796875 -0.59576416015625
-0.0257015228271484 -0.0265617370605469 -0.77215576171875 -0.22344970703125
-0.00179815292358398 -0.00580406188964844 -0.7686767578125 0.16864013671875
0.04486083984375 0.0128059387207031 -0.5802001953125 0.27606201171875
0.0442543029785156 0.00821304321289063 -0.28228759765625 0.278717041015625
0.0164947509765625 -0.043304443359375 -0.0547676086425781 0.06304931640625
0.0543060302734375 -0.0351333618164063 0.0819015502929688 -0.0614089965820313
0.0672073364257813 -0.00713348388671875 0.349761962890625 -0.26812744140625
0.0683517456054688 0.0138740539550781 0.53424072265625 -0.252349853515625
0.0401191711425781 0.0327568054199219 0.697265625 -0.01617431640625
-0.00967979431152344 0.0330257415771484 0.64813232421875 0.3895263671875
-0.0540733337402344 -0.0109367370605469 0.46917724609375 0.639892578125
-0.0304069519042969 -0.0319404602050781 0.213958740234375 0.4873046875
-0.00683593749999999 -0.0735092163085938 0.11578369140625 -0.011199951171875
-0.0113449096679687 -0.0713119506835938 -0.042510986328125 -0.492828369140625
-0.0286216735839844 -0.0474739074707031 -0.41827392578125 -0.611328125
-0.0240821838378906 7.8201293945317E-05 -0.7613525390625 -0.25482177734375
-0.00621700286865234 0.00324535369873047 -0.77734375 0.142822265625
0.0424461364746094 -0.00329208374023437 -0.59619140625 0.25640869140625
0.0589447021484375 -0.0170631408691406 -0.2911376953125 0.26605224609375
0.0438346862792969 -0.0671958923339844 -0.0551414489746094 0.0532684326171875
0.0815582275390625 -0.0480728149414063 0.083221435546875 -0.0736770629882813
0.09356689453125 -0.031646728515625 0.33953857421875 -0.281097412109375
0.0752944946289063 -0.0197067260742187 0.52606201171875 -0.26641845703125
0.0282058715820313 0.0203018188476562 0.6988525390625 -0.04193115234375
-0.0234832763671875 0.0520057678222656 0.66473388671875 0.3614501953125
-0.0605659484863281 0.0282936096191406 0.489013671875 0.6138916015625
-0.0237884521484375 0.00803947448730469 0.2266845703125 0.471893310546875
0.00408554077148438 -0.0410690307617187 0.120216369628906 -0.0179519653320313
-0.00199508666992188 -0.0395698547363281 -0.033233642578125 -0.502349853515625
-0.0245475769042969 -0.0141010284423828 -0.4005126953125 -0.63385009765625
-0.0235080718994141 0.0266990661621094 -0.75115966796875 -0.29034423828125
-0.0134382247924805 0.0129251480102539 -0.7811279296875 0.11322021484375
0.0405502319335938 -0.01641845703125 -0.60125732421875 0.23370361328125
0.0716323852539063 -0.0387496948242188 -0.2900390625 0.250823974609375
0.0711288452148438 -0.0868682861328125 -0.0445213317871094 0.0426101684570313
0.0998153686523438 -0.05902099609375 0.0921173095703125 -0.0864639282226563
0.107643127441406 -0.051422119140625 0.332061767578125 -0.2838134765625
0.0700149536132813 -0.0433692932128906 0.52716064453125 -0.26800537109375
0.0155677795410156 0.0135574340820313 0.715576171875 -0.0579833984375
-0.0328521728515625 0.0724334716796875 0.685791015625 0.33087158203125
-0.0590438842773438 0.0583877563476562 0.506591796875 0.57891845703125
-0.0146522521972656 0.0370979309082031 0.23175048828125 0.44573974609375
0.0127086639404297 -0.0129480361938477 0.117637634277344 -0.0348358154296875
0.00454330444335938 -0.0133533477783203 -0.03228759765625 -0.5211181640625
-0.0224494934082031 0.0118427276611328 -0.3892822265625 -0.65966796875
-0.0278205871582031 0.0465126037597656 -0.74365234375 -0.3240966796875
-0.0228347778320313 0.0152740478515625 -0.7806396484375 0.0830688476562499
0.0355262756347656 -0.0302963256835938 -0.600341796875 0.21148681640625
0.0828933715820313 -0.0578460693359375 -0.283721923828125 0.232757568359375
0.0957107543945313 -0.097015380859375 -0.0257492065429687 0.0311985015869141
0.104087829589844 -0.065826416015625 0.104164123535156 -0.099456787109375
0.102806091308594 -0.0627899169921875 0.332000732421875 -0.28045654296875
0.0569534301757812 -0.0475234985351562 0.540618896484375 -0.263519287109375
0.00274848937988281 0.0193843841552734 0.7392578125 -0.0723876953125
-0.0347213745117188 0.0894699096679688 0.70477294921875 0.30047607421875
-0.0526123046875 0.0771255493164062 0.5120849609375 0.5367431640625
-0.00494003295898437 0.0523567199707031 0.226715087890625 0.409088134765625
0.021087646484375 0.00411415100097656 0.108474731445313 -0.06378173828125
0.00996303558349609 0.00535202026367188 -0.0369873046875 -0.546112060546875
-0.023773193359375 0.0282230377197266 -0.38751220703125 -0.6876220703125
-0.0364265441894531 0.05682373046875 -0.73822021484375 -0.3529052734375
-0.0344181060791016 0.0120697021484375 -0.77374267578125 0.06048583984375
0.0315475463867188 -0.0444221496582031 -0.58819580078125 0.19732666015625
0.0945587158203125 -0.0701828002929688 -0.271102905273438 0.220245361328125
0.112907409667969 -0.0977249145507813 -0.00259780883789062 0.0241603851318359
-0.0402374267578125 0.0224418640136719 0.120582580566406 -0.0564651489257813
-0.0175018310546875 0.0813522338867188 0.366180419921875 -0.20849609375
0.0431137084960938 0.0987548828125 0.59722900390625 -0.1595458984375
0.0565872192382813 0.0378684997558594 0.76873779296875 0.05340576171875
0.0107460021972656 -0.0533409118652344 0.6552734375 0.3961181640625
-0.0377655029296875 -0.128005981445313 0.41888427734375 0.59759521484375
-0.02996826171875 -0.142501831054688 0.15435791015625 0.39892578125
-0.017822265625 -0.16754150390625 0.0465774536132813 -0.107223510742188
-0.0196990966796875 -0.1632080078125 -0.145904541015625 -0.5484619140625
-0.0211334228515625 -0.1473388671875 -0.5230712890625 -0.6068115234375
-0.0116386413574219 -0.0695457458496094 -0.796142578125 -0.1961669921875
0.0123281478881836 0.00266170501708984 -0.7274169921875 0.1932373046875
0.0234298706054688 0.0672721862792969 -0.513427734375 0.306365966796875
-0.0153961181640625 0.0622100830078125 -0.23236083984375 0.293975830078125
-0.0425262451171875 0.008392333984375 -0.0096282958984375 0.0701866149902344
-0.0318794250488281 0.0104236602783203 0.106224060058594 -0.050048828125
-0.0154495239257812 0.0671577453613281 0.3570556640625 -0.217803955078125
0.0409469604492188 0.0982284545898438 0.574462890625 -0.1727294921875
0.05755615234375 0.05194091796875 0.74267578125 0.0562744140625
0.0179042816162109 -0.0346431732177734 0.64825439453125 0.41571044921875
-0.036407470703125 -0.115333557128906 0.43017578125 0.6265869140625
-0.0320281982421875 -0.134498596191406 0.169952392578125 0.432769775390625
-0.0211334228515625 -0.158798217773438 0.0680389404296875 -0.0719146728515625
-0.0270233154296875 -0.15338134765625 -0.12127685546875 -0.521942138671875
-0.03289794921875 -0.136444091796875 -0.50665283203125 -0.58843994140625
-0.0204353332519531 -0.0652351379394531 -0.79705810546875 -0.183837890625
0.00888252258300781 -0.00794696807861328 -0.7442626953125 0.20001220703125
0.0370750427246094 0.0506477355957031 -0.537078857421875 0.305328369140625
0.00580215454101563 0.0521049499511719 -0.249114990234375 0.294158935546875
-0.0303535461425781 -0.00302696228027344 -0.0307083129882813 0.071197509765625
-0.0105876922607422 -0.00557422637939453 0.0923233032226563 -0.0489273071289062
0.000186920166015622 0.0465316772460938 0.35247802734375 -0.237030029296875
0.0436019897460938 0.08203125 0.555633544921875 -0.201568603515625
0.0546417236328125 0.0566825866699219 0.7225341796875 0.03509521484375
0.0155925750732422 -0.0124340057373047 0.6439208984375 0.4161376953125
-0.0397720336914063 -0.0879669189453125 0.4422607421875 0.64581298828125
-0.0345077514648438 -0.109764099121094 0.189544677734375 0.4637451171875
-0.0212173461914062 -0.137893676757813 0.0872650146484375 -0.043426513671875
-0.0273818969726563 -0.132369995117188 -0.0955810546875 -0.505279541015625
-0.0369110107421875 -0.112686157226563 -0.48370361328125 -0.58258056640625
-0.026275634765625 -0.0506057739257812 -0.78936767578125 -0.18963623046875
0.00294589996337891 -0.0103111267089844 -0.760009765625 0.19781494140625
0.0446510314941406 0.0300064086914062 -0.558868408203125 0.2994384765625
0.0267925262451172 0.0305633544921875 -0.26678466796875 0.291290283203125
-0.00913238525390625 -0.0201969146728516 -0.0477371215820313 0.0701637268066406
0.0202007293701172 -0.0207901000976563 0.0835647583007813 -0.05316162109375
0.0306358337402344 0.0204982757568359 0.3515625 -0.256011962890625
0.055511474609375 0.0517807006835938 0.542449951171875 -0.235931396484375
0.0497665405273438 0.0495109558105469 0.7044677734375 0.00201416015625
0.00595283508300781 0.0119104385375977 0.64361572265625 0.4033203125
-0.0474967956542969 -0.0510215759277344 0.4595947265625 0.64849853515625
-0.0334014892578125 -0.0749053955078125 0.206817626953125 0.48211669921875
-0.0173797607421875 -0.107666015625 0.102859497070313 -0.0224227905273438
-0.0232772827148438 -0.102462768554688 -0.07086181640625 -0.495025634765625
-0.0348968505859375 -0.0813522338867188 -0.45428466796875 -0.58978271484375
-0.0255336761474609 -0.0261154174804687 -0.77508544921875 -0.20977783203125
-0.0015110969543457 -0.005889892578125 -0.76922607421875 0.181640625
0.04437255859375 0.0109405517578125 -0.57879638671875 0.28759765625
0.0460128784179688 0.00672149658203125 -0.27880859375 0.28466796875
0.0157089233398437 -0.0439376831054688 -0.0547943115234375 0.0655174255371094
0.0528450012207031 -0.0362625122070313 0.081085205078125 -0.0623245239257813
0.0654449462890625 -0.00765609741210938 0.346343994140625 -0.274169921875
0.068695068359375 0.0138931274414063 0.532745361328125 -0.263458251953125
0.040618896484375 0.0329551696777344 0.69769287109375 -0.03070068359375
-0.00750541687011718 0.0331459045410156 0.6546630859375 0.3807373046875
-0.0543861389160156 -0.0103416442871094 0.4801025390625 0.63623046875
-0.0302906036376953 -0.0307884216308594 0.223114013671875 0.48431396484375
-0.00714111328124999 -0.0728988647460938 0.116348266601563 -0.0136184692382813
-0.013214111328125 -0.0716400146484375 -0.052001953125 -0.493804931640625
-0.0306205749511719 -0.0457839965820313 -0.42987060546875 -0.607421875
-0.0245151519775391 0.00176620483398437 -0.76702880859375 -0.24139404296875
-0.00730752944946289 0.00372982025146484 -0.77728271484375 0.1561279296875
0.0427818298339844 -0.00399017333984375 -0.59368896484375 0.267822265625
0.0585784912109375 -0.0186691284179687 -0.2877197265625 0.27044677734375
0.0437088012695312 -0.0692672729492188 -0.0547637939453125 0.0558395385742188
0.0808029174804688 -0.0493698120117188 0.0837326049804688 -0.0748138427734375
0.09368896484375 -0.0319366455078125 0.33782958984375 -0.286956787109375
0.075469970703125 -0.0212936401367187 0.524200439453125 -0.276702880859375
0.0296287536621094 0.0183753967285156 0.70068359375 -0.05499267578125
-0.0225257873535156 0.0538597106933594 0.6712646484375 0.3519287109375
-0.0599784851074219 0.0288276672363281 0.4996337890625 0.60699462890625
-0.0235843658447266 0.00844383239746093 0.2344970703125 0.471038818359375
0.00222015380859375 -0.040130615234375 0.120185852050781 -0.018218994140625
-0.00363922119140625 -0.0397262573242188 -0.040863037109375 -0.504241943359375
-0.0253314971923828 -0.0143299102783203 -0.40936279296875 -0.62847900390625
-0.0241241455078125 0.0269355773925781 -0.75787353515625 -0.27801513671875
-0.013275146484375 0.0116605758666992 -0.7801513671875 0.12811279296875
0.0390625 -0.0175094604492188 -0.599609375 0.24346923828125
0.0720596313476563 -0.0406341552734375 -0.2877197265625 0.254547119140625
0.0697250366210938 -0.088653564453125 -0.0443496704101562 0.0432853698730469
0.098236083984375 -0.060028076171875 0.0902557373046875 -0.0884552001953125
0.105522155761719 -0.0529098510742188 0.329376220703125 -0.290374755859375
0.0699729919433594 -0.0437240600585938 0.526824951171875 -0.278045654296875
0.0148963928222656 0.0140876770019531 0.71478271484375 -0.07196044921875
-0.0322036743164063 0.0727005004882813 0.693359375 0.31964111328125
-0.0591087341308594 0.0591468811035156 0.51708984375 0.5716552734375
-0.0147285461425781 0.0389137268066406 0.236968994140625 0.443695068359375
0.012908935546875 -0.0118923187255859 0.117073059082031 -0.0379562377929687
0.00375747680664062 -0.0129976272583008 -0.039642333984375 -0.52142333984375
-0.0230140686035156 0.0133380889892578 -0.39947509765625 -0.65606689453125
-0.0277519226074219 0.0462150573730469 -0.75091552734375 -0.31219482421875
-0.0233612060546875 0.01715087890625 -0.78125 0.0990600585937501
0.0351295471191406 -0.0311241149902344 -0.5997314453125 0.222412109375
0.0836257934570313 -0.05975341796875 -0.28375244140625 0.238067626953125
0.0928268432617188 -0.0986480712890625 -0.0253887176513672 0.0321025848388672
0.103080749511719 -0.0681533813476563 0.103004455566406 -0.100059509277344
0.102325439453125 -0.0643234252929688 0.328216552734375 -0.287445068359375
0.0558738708496094 -0.0488014221191406 0.540191650390625 -0.273101806640625
0.00217056274414063 0.0193309783935547 0.73779296875 -0.08599853515625
-0.03411865234375 0.0894088745117188 0.71112060546875 0.2894287109375
-0.0515823364257812 0.0779342651367188 0.521514892578125 0.530303955078125
-0.00424575805664062 0.0545616149902344 0.233367919921875 0.4066162109375
0.0210304260253906 0.00480842590332031 0.106491088867188 -0.0648880004882813
0.00965595245361328 0.00613117218017578 -0.046295166015625 -0.547271728515625
-0.0241241455078125 0.0308742523193359 -0.396728515625 -0.68170166015625
-0.0343132019042969 0.0566596984863281 -0.74560546875 -0.34136962890625
-0.0333690643310547 0.0141677856445312 -0.77581787109375 0.07470703125
0.0311126708984375 -0.045440673828125 -0.5880126953125 0.20684814453125
0.0935745239257813 -0.0718307495117188 -0.267654418945313 0.22528076171875
0.111099243164063 -0.100204467773438 -0.00225448608398437 0.0252475738525391
-0.0400199890136719 0.0217666625976563 0.119270324707031 -0.059783935546875
-0.0166778564453125 0.08172607421875 0.363250732421875 -0.21429443359375
0.0461654663085938 0.0978851318359375 0.595458984375 -0.1708984375
0.0563888549804688 0.03814697265625 0.76983642578125 0.0382080078125
0.00960540771484375 -0.054443359375 0.65960693359375 0.38543701171875
-0.039581298828125 -0.128189086914063 0.4283447265625 0.593017578125
-0.0322189331054688 -0.140045166015625 0.158416748046875 0.398681640625
-0.02117919921875 -0.165756225585938 0.044281005859375 -0.108245849609375
-0.022003173828125 -0.163375854492188 -0.15435791015625 -0.54620361328125
-0.023193359375 -0.148681640625 -0.53338623046875 -0.599365234375
-0.0117988586425781 -0.0694694519042969 -0.80126953125 -0.18170166015625
0.0112247467041016 0.00165081024169922 -0.72747802734375 0.20562744140625
0.0243911743164062 0.0670700073242188 -0.509429931640625 0.316375732421875
-0.0136260986328125 0.0636863708496094 -0.22784423828125 0.299102783203125
-0.0431594848632813 0.00997543334960937 -0.00959777832031251 0.0715789794921875
-0.0317344665527344 0.0107536315917969 0.104820251464844 -0.0522003173828125
-0.0159072875976563 0.0681228637695313 0.3533935546875 -0.224090576171875
0.0428390502929687 0.0977783203125 0.57269287109375 -0.181884765625
0.0579833984375 0.0513458251953125 0.7449951171875 0.04351806640625
0.0171661376953125 -0.0359725952148437 0.65252685546875 0.40655517578125
-0.0394973754882813 -0.115715026855469 0.43988037109375 0.6217041015625
-0.0346145629882812 -0.133934020996094 0.1771240234375 0.43267822265625
-0.024810791015625 -0.157943725585938 0.06573486328125 -0.0725555419921875
-0.0297698974609375 -0.152267456054688 -0.13104248046875 -0.520263671875
-0.0345535278320312 -0.135749816894531 -0.5177001953125 -0.58197021484375
-0.0214920043945313 -0.0647544860839844 -0.8004150390625 -0.169189453125
0.00891971588134765 -0.00863838195800781 -0.74395751953125 0.21405029296875
0.0370712280273438 0.0485877990722656 -0.532501220703125 0.315093994140625
0.00757217407226562 0.0520362854003906 -0.245819091796875 0.29876708984375
-0.0305080413818359 -0.00153923034667969 -0.0296707153320313 0.0741195678710938
-0.0115642547607422 -0.00464439392089844 0.0913772583007813 -0.0500411987304688
0.00188446044921875 0.0459632873535156 0.350433349609375 -0.24462890625
0.0464859008789062 0.0815963745117188 0.552276611328125 -0.2125244140625
0.0563850402832031 0.0564804077148438 0.72344970703125 0.023193359375
0.0153694152832031 -0.0124244689941406 0.6502685546875 0.4056396484375
-0.040740966796875 -0.0874099731445312 0.453125 0.6397705078125
-0.0358734130859375 -0.108505249023437 0.19610595703125 0.461761474609375
-0.0240859985351563 -0.138214111328125 0.0852127075195313 -0.0438766479492188
-0.0308837890625 -0.131927490234375 -0.10498046875 -0.503143310546875
-0.0397262573242188 -0.11151123046875 -0.49273681640625 -0.5751953125
-0.0261383056640625 -0.0496673583984375 -0.792236328125 -0.175537109375
0.00162887573242187 -0.0107440948486328 -0.7578125 0.21142578125
0.0448875427246094 0.0287017822265625 -0.554962158203125 0.3074951171875
0.0275039672851563 0.0307846069335938 -0.26226806640625 0.295379638671875
-0.0104637145996094 -0.0207862854003906 -0.0463638305664063 0.0709457397460938
0.0176277160644531 -0.02099609375 0.0835647583007813 -0.0543212890625
0.0306320190429688 0.0183677673339844 0.348785400390625 -0.26312255859375
0.0567474365234375 0.0504798889160156 0.53912353515625 -0.2459716796875
0.050384521484375 0.0469932556152344 0.70623779296875 -0.00823974609375
0.00617504119873047 0.0109825134277344 0.6500244140625 0.39306640625
-0.0469856262207031 -0.0512504577636719 0.4713134765625 0.64276123046875
-0.033721923828125 -0.0707015991210938 0.216217041015625 0.480072021484375
-0.0180892944335938 -0.106307983398438 0.102996826171875 -0.0235595703125
-0.0244674682617187 -0.102012634277344 -0.0791015625 -0.4931640625
-0.0370712280273437 -0.0794754028320312 -0.465576171875 -0.5845947265625
-0.0262546539306641 -0.0249729156494141 -0.7802734375 -0.19732666015625
-0.00170278549194336 -0.00521183013916016 -0.766845703125 0.19683837890625
0.0443496704101563 0.0105514526367188 -0.576171875 0.29779052734375
0.0456886291503906 0.00617218017578125 -0.2747802734375 0.290557861328125
0.0144920349121094 -0.0442581176757813 -0.053619384765625 0.0664710998535156
0.0510215759277344 -0.0352439880371094 0.0798110961914063 -0.0631942749023438
0.065338134765625 -0.009246826171875 0.34423828125 -0.281707763671875
0.069122314453125 0.0128097534179688 0.529296875 -0.272613525390625
0.0412445068359375 0.0316276550292969 0.6976318359375 -0.04180908203125
-0.00757026672363281 0.0326499938964844 0.66070556640625 0.37115478515625
-0.0548553466796875 -0.00992584228515626 0.49212646484375 0.62799072265625
-0.0297698974609375 -0.0301856994628906 0.2325439453125 0.482208251953125
-0.00833892822265625 -0.0727920532226563 0.114410400390625 -0.014862060546875
-0.0154495239257812 -0.0694656372070313 -0.059600830078125 -0.49456787109375
-0.0314216613769531 -0.0457229614257813 -0.43988037109375 -0.5986328125
-0.0240402221679688 0.00255775451660156 -0.77166748046875 -0.2303466796875
-0.00647687911987305 0.00344324111938477 -0.7752685546875 0.17327880859375
0.0426712036132813 -0.004180908203125 -0.592529296875 0.27734375
0.0591773986816406 -0.0200424194335938 -0.28375244140625 0.277618408203125
0.0415000915527344 -0.0693817138671875 -0.0535125732421875 0.0568046569824219
0.07879638671875 -0.0494232177734375 0.0834808349609375 -0.074951171875
0.0926742553710937 -0.0330047607421875 0.332489013671875 -0.292633056640625
0.074249267578125 -0.0232086181640625 0.519805908203125 -0.285888671875
0.0302314758300781 0.0177955627441406 0.699462890625 -0.0677490234375
-0.0218658447265625 0.0537338256835938 0.6767578125 0.3392333984375
-0.0598182678222656 0.02935791015625 0.510498046875 0.60076904296875
-0.0232143402099609 0.00905036926269532 0.2425537109375 0.4686279296875
0.00127792358398437 -0.0376548767089844 0.118423461914063 -0.0207672119140625
-0.00496673583984375 -0.0388412475585937 -0.05059814453125 -0.502777099609375
-0.0259475708007813 -0.0124874114990234 -0.42095947265625 -0.62237548828125
-0.0238418579101563 0.027191162109375 -0.76190185546875 -0.26513671875
-0.0135831832885742 0.0126533508300781 -0.78070068359375 0.1431884765625
0.0385551452636719 -0.0186538696289063 -0.59796142578125 0.25482177734375
0.0712509155273438 -0.0433349609375 -0.285675048828125 0.26116943359375
0.0674362182617188 -0.0888137817382813 -0.04400634765625 0.0443458557128906
0.0965957641601563 -0.0604934692382813 0.0897674560546875 -0.0886764526367188
0.105300903320313 -0.0546493530273438 0.32635498046875 -0.29595947265625
0.0695686340332031 -0.0451698303222656 0.52105712890625 -0.287017822265625
0.0151071548461914 0.0133218765258789 0.71478271484375 -0.08447265625
-0.0301742553710938 0.0736923217773438 0.6983642578125 0.31072998046875
-0.0571670532226562 0.0600852966308594 0.52667236328125 0.56317138671875
-0.0134658813476563 0.0385055541992188 0.246917724609375 0.441009521484375
0.0122871398925781 -0.0114908218383789 0.115936279296875 -0.0388717651367188
0.00370121002197266 -0.0124807357788086 -0.04949951171875 -0.52154541015625
-0.022796630859375 0.0133743286132813 -0.4105224609375 -0.649169921875
-0.0272140502929687 0.048095703125 -0.7557373046875 -0.29986572265625
-0.0224075317382813 0.0173587799072266 -0.78253173828125 0.1126708984375
0.0342521667480469 -0.0321140289306641 -0.5987548828125 0.2320556640625
0.083221435546875 -0.0612945556640625 -0.279205322265625 0.24359130859375
0.09185791015625 -0.100593566894531 -0.0264892578125 0.0328311920166016
0.100845336914063 -0.0695266723632813 0.100440979003906 -0.101852416992188
0.100563049316406 -0.0650863647460938 0.323486328125 -0.294403076171875
0.0556106567382813 -0.0509300231933594 0.53424072265625 -0.28448486328125
0.00309562683105469 0.0200347900390625 0.73779296875 -0.1007080078125
-0.0322952270507812 0.0900955200195312 0.71783447265625 0.278564453125
-0.04931640625 0.0786590576171875 0.53045654296875 0.5230712890625
-0.00336456298828125 0.0549468994140625 0.240631103515625 0.40545654296875
0.0209484100341797 0.00537109375 0.10504150390625 -0.0683441162109375
0.00974750518798828 0.00697135925292969 -0.056640625 -0.54779052734375
-0.0230960845947266 0.0303363800048828 -0.40789794921875 -0.678466796875
-0.0340576171875 0.0582962036132812 -0.75177001953125 -0.33001708984375
-0.0347137451171875 0.0149650573730469 -0.775390625 0.0895385742187498
0.0310287475585937 -0.0460662841796875 -0.58648681640625 0.21868896484375
0.0941619873046875 -0.0732269287109375 -0.26605224609375 0.231185913085938
0.109565734863281 -0.101554870605469 -0.00240898132324218 0.0246524810791016
-0.041534423828125 0.0221443176269531 0.118850708007813 -0.061126708984375
-0.014617919921875 0.0822067260742188 0.36065673828125 -0.219879150390625
0.048248291015625 0.0967864990234375 0.59271240234375 -0.180908203125
0.0568351745605469 0.0364913940429688 0.76971435546875 0.02593994140625
0.00796127319335937 -0.0540084838867188 0.66595458984375 0.37445068359375
-0.042572021484375 -0.127006530761719 0.4383544921875 0.58367919921875
-0.0343170166015625 -0.139602661132813 0.16705322265625 0.3966064453125
-0.024383544921875 -0.164154052734375 0.0409317016601563 -0.1063232421875
-0.026123046875 -0.161468505859375 -0.165069580078125 -0.544830322265625
-0.0276031494140625 -0.146636962890625 -0.54388427734375 -0.59112548828125
-0.0141563415527344 -0.0687294006347656 -0.80322265625 -0.168701171875
0.0112733840942383 0.00231361389160156 -0.72467041015625 0.21942138671875
0.02471923828125 0.0669784545898438 -0.503875732421875 0.324462890625
-0.0118675231933594 0.0623893737792969 -0.223724365234375 0.30267333984375
-0.0435333251953125 0.00948715209960937 -0.0074462890625 0.0729751586914063
-0.031890869140625 0.0114574432373047 0.103530883789063 -0.0537948608398438
-0.0149497985839844 0.0678825378417969 0.351165771484375 -0.230804443359375
0.0443267822265625 0.0977325439453125 0.57049560546875 -0.19219970703125
0.0586738586425781 0.0519065856933594 0.74560546875 0.031005859375
0.0157947540283203 -0.0347671508789062 0.66015625 0.39501953125
-0.040771484375 -0.114273071289063 0.4508056640625 0.616455078125
-0.0364608764648438 -0.132614135742188 0.18316650390625 0.4295654296875
-0.0268402099609375 -0.156265258789063 0.0638961791992188 -0.0742645263671875
-0.034088134765625 -0.151168823242188 -0.138763427734375 -0.51953125
-0.0366287231445313 -0.134567260742188 -0.52691650390625 -0.57275390625
-0.0218582153320313 -0.0645828247070313 -0.80328369140625 -0.1551513671875
0.00812673568725586 -0.00820589065551758 -0.7403564453125 0.2298583984375
0.0385665893554688 0.047637939453125 -0.529693603515625 0.323638916015625
0.00806045532226563 0.0512809753417969 -0.241302490234375 0.303955078125
-0.0311717987060547 -0.0013580322265625 -0.028289794921875 0.0742568969726563
-0.0112466812133789 -0.00515174865722656 0.0896224975585938 -0.0515518188476563
0.00226593017578125 0.0454902648925781 0.34649658203125 -0.251007080078125
0.0492706298828125 0.0806045532226562 0.551605224609375 -0.223876953125
0.0574607849121094 0.05535888671875 0.72216796875 0.01068115234375
0.0151805877685547 -0.0121240615844727 0.65679931640625 0.3961181640625
-0.041839599609375 -0.0870895385742188 0.4639892578125 0.63262939453125
-0.0368804931640625 -0.1060791015625 0.202789306640625 0.45892333984375
-0.0263137817382812 -0.135665893554688 0.08404541015625 -0.0449447631835938
-0.034027099609375 -0.129478454589844 -0.1151123046875 -0.501953125
-0.0428466796875 -0.110702514648437 -0.5029296875 -0.567138671875
-0.0267715454101563 -0.0479660034179687 -0.79534912109375 -0.15997314453125
0.00315284729003906 -0.0103025436401367 -0.751953125 0.22723388671875
0.0443038940429688 0.0275535583496094 -0.55224609375 0.3192138671875
0.0289649963378906 0.0296897888183594 -0.2567138671875 0.302398681640625
-0.0104923248291016 -0.0205307006835938 -0.04449462890625 0.0734024047851562
0.0172557830810547 -0.0207557678222656 0.082122802734375 -0.0552520751953125
0.0296478271484375 0.0189933776855469 0.345306396484375 -0.272186279296875
0.0572128295898438 0.049713134765625 0.535888671875 -0.256591796875
0.0515174865722656 0.0470008850097656 0.70611572265625 -0.020751953125
0.00565624237060547 0.0112543106079102 0.6551513671875 0.38140869140625
-0.0486221313476563 -0.0498275756835937 0.4798583984375 0.6339111328125
-0.0369110107421875 -0.0711593627929688 0.221588134765625 0.477783203125
-0.02008056640625 -0.104690551757813 0.100120544433594 -0.024627685546875
-0.027496337890625 -0.101585388183594 -0.0870361328125 -0.492431640625
-0.0391159057617188 -0.07904052734375 -0.475830078125 -0.57598876953125
-0.0262470245361328 -0.0249214172363281 -0.78497314453125 -0.18310546875
-0.000638008117675781 -0.00468778610229492 -0.76361083984375 0.210693359375
0.0445632934570313 0.00832748413085938 -0.57183837890625 0.3070068359375
0.0460739135742188 0.00590896606445313 -0.2708740234375 0.295806884765625
0.0133590698242187 -0.04522705078125 -0.05303955078125 0.0672416687011719
0.0507316589355469 -0.0363197326660156 0.0793991088867188 -0.0651473999023437
0.0640792846679688 -0.0081787109375 0.3399658203125 -0.28759765625
0.0694503784179688 0.0108604431152344 0.524566650390625 -0.283538818359375
0.042327880859375 0.0313873291015625 0.69793701171875 -0.054443359375
-0.00796318054199219 0.0325393676757813 0.66656494140625 0.358642578125
-0.0550727844238281 -0.00859451293945313 0.5008544921875 0.62060546875
-0.0312061309814453 -0.0287990570068359 0.24078369140625 0.478912353515625
-0.0101089477539063 -0.0713424682617188 0.113510131835938 -0.0165786743164063
-0.0165786743164063 -0.0692863464355469 -0.067718505859375 -0.49407958984375
-0.031982421875 -0.0456047058105469 -0.4493408203125 -0.5927734375
-0.0240459442138672 0.00286293029785157 -0.775146484375 -0.217041015625
-0.00631475448608398 0.00514507293701172 -0.77392578125 0.1856689453125
0.0420646667480469 -0.00588226318359375 -0.5885009765625 0.29010009765625
0.0588722229003906 -0.0214157104492188 -0.2796630859375 0.281890869140625
0.03936767578125 -0.0700531005859375 -0.0527915954589844 0.0584220886230469
0.0779342651367188 -0.0499801635742188 0.0815887451171875 -0.077392578125
0.0928192138671875 -0.034088134765625 0.330902099609375 -0.2972412109375
0.0755996704101563 -0.0242156982421875 0.5159912109375 -0.2952880859375
0.0309371948242188 0.0162353515625 0.697021484375 -0.0780029296875
-0.0212173461914063 0.0530662536621094 0.68084716796875 0.32818603515625
-0.0591697692871094 0.0308609008789062 0.520751953125 0.59149169921875
-0.0219306945800781 0.0110645294189453 0.250518798828125 0.4656982421875
0.00133895874023438 -0.0379371643066406 0.118431091308594 -0.0214767456054688
-0.00536727905273438 -0.0368385314941406 -0.057769775390625 -0.503326416015625
-0.0267066955566406 -0.01214599609375 -0.4295654296875 -0.61468505859375
-0.0223274230957031 0.0274715423583984 -0.76715087890625 -0.253173828125
-0.0122604370117188 0.013697624206543 -0.777099609375 0.15765380859375
0.0381622314453125 -0.0192375183105469 -0.593994140625 0.26416015625
0.0711135864257813 -0.0447540283203125 -0.281707763671875 0.2666015625
0.0647354125976562 -0.090972900390625 -0.0430183410644531 0.0467796325683594
0.0940093994140625 -0.0611648559570312 0.0888442993164062 -0.0906600952148437
0.104583740234375 -0.0556411743164063 0.3218994140625 -0.3026123046875
0.0685806274414063 -0.0469398498535156 0.516357421875 -0.297576904296875
0.0151958465576172 0.0125665664672852 0.71209716796875 -0.09771728515625
-0.0304946899414062 0.0745086669921875 0.7030029296875 0.29803466796875
-0.0553207397460938 0.0622482299804687 0.536773681640625 0.55474853515625
-0.0138435363769531 0.0403022766113281 0.25537109375 0.438232421875
0.0127296447753906 -0.0102815628051758 0.11370849609375 -0.0408859252929687
0.00244712829589844 -0.010777473449707 -0.05859375 -0.5206298828125
-0.0233497619628906 0.0145759582519531 -0.4217529296875 -0.64288330078125
-0.0260658264160156 0.0491943359375 -0.7620849609375 -0.2864990234375
-0.0226306915283203 0.0175514221191406 -0.78094482421875 0.1268310546875
0.0328083038330078 -0.0329265594482422 -0.59625244140625 0.24371337890625
0.0824050903320313 -0.0628738403320313 -0.27667236328125 0.249465942382812
0.0897750854492188 -0.101669311523438 -0.0252532958984375 0.033639907836914
0.0989837646484375 -0.0704879760742188 0.0998077392578125 -0.102867126464844
0.0989532470703125 -0.065765380859375 0.319732666015625 -0.302001953125
0.0530204772949219 -0.052093505859375 0.529449462890625 -0.29364013671875
0.00349044799804687 0.0206489562988281 0.7364501953125 -0.1129150390625
-0.0313339233398437 0.0911178588867188 0.72137451171875 0.26776123046875
-0.0480880737304688 0.0797271728515625 0.539642333984375 0.512939453125
-0.00113296508789063 0.0561790466308594 0.246978759765625 0.401153564453125
0.0215587615966797 0.00542449951171875 0.102790832519531 -0.069427490234375
0.00987720489501953 0.00860023498535156 -0.065765380859375 -0.5469970703125
-0.0236339569091797 0.0326347351074219 -0.420654296875 -0.6722412109375
-0.0339775085449219 0.0587539672851563 -0.75762939453125 -0.31744384765625
-0.0333518981933594 0.0162334442138672 -0.77398681640625 0.103515625
0.0299873352050781 -0.047882080078125 -0.5838623046875 0.2279052734375
0.0922088623046875 -0.0755462646484375 -0.262451171875 0.23553466796875
0.107078552246094 -0.102706909179688 -0.00188827514648437 0.0265083312988281
-0.0414466857910156 0.0243301391601562 0.115959167480469 -0.0645370483398438
-0.0138931274414063 0.0822601318359375 0.35821533203125 -0.226470947265625
0.0489883422851563 0.09698486328125 0.588134765625 -0.1922607421875
0.0582504272460938 0.0358619689941406 0.7686767578125 0.0128173828125
0.00698471069335937 -0.0545501708984375 0.6689453125 0.3636474609375
-0.044525146484375 -0.126350402832031 0.4459228515625 0.578857421875
-0.0365982055664063 -0.139747619628906 0.17095947265625 0.39288330078125
-0.02685546875 -0.162689208984375 0.038970947265625 -0.106430053710938
-0.029876708984375 -0.160354614257813 -0.17498779296875 -0.540771484375
-0.0311126708984375 -0.14666748046875 -0.55340576171875 -0.5833740234375
-0.0152206420898438 -0.0682754516601563 -0.80584716796875 -0.15362548828125
0.0122776031494141 0.00200557708740234 -0.72021484375 0.232421875
0.0271530151367188 0.0652351379394531 -0.498626708984375 0.333709716796875
-0.0117263793945313 0.0624008178710938 -0.218536376953125 0.30828857421875
-0.0433807373046875 0.00935745239257813 -0.00663757324218751 0.0726776123046875
-0.0324306488037109 0.0121326446533203 0.102798461914063 -0.055908203125
-0.013946533203125 0.068695068359375 0.348236083984375 -0.23785400390625
0.0465850830078125 0.0969085693359375 0.56585693359375 -0.2027587890625
0.0606765747070313 0.0498847961425781 0.7464599609375 0.0185546875
0.0147056579589844 -0.0366706848144531 0.666015625 0.3818359375
-0.0429458618164062 -0.113433837890625 0.45855712890625 0.60577392578125
-0.0387115478515625 -0.130523681640625 0.191436767578125 0.42620849609375
-0.0304718017578125 -0.15478515625 0.0613784790039063 -0.0727767944335938
-0.037017822265625 -0.149078369140625 -0.148345947265625 -0.515777587890625
-0.0401763916015625 -0.134292602539063 -0.536285400390625 -0.56201171875
-0.0234298706054688 -0.0636711120605469 -0.80474853515625 -0.141357421875
0.00828886032104492 -0.00832986831665039 -0.736328125 0.2425537109375
0.0402336120605469 0.0479850769042969 -0.5233154296875 0.332061767578125
0.00894546508789062 0.0502815246582031 -0.236328125 0.306732177734375
-0.0315933227539063 -0.00122261047363282 -0.0274887084960938 0.0749893188476563
-0.0116949081420898 -0.00422191619873047 0.08953857421875 -0.0544815063476563
0.0017852783203125 0.0467376708984375 0.343292236328125 -0.25714111328125
0.049285888671875 0.07952880859375 0.5462646484375 -0.231781005859375
0.0582427978515625 0.0536079406738281 0.72308349609375 -0.000732421874999997
0.0138320922851563 -0.0128955841064453 0.6614990234375 0.385986328125
-0.0445938110351563 -0.0865859985351562 0.47210693359375 0.62420654296875
-0.0393447875976563 -0.106605529785156 0.210845947265625 0.4552001953125
-0.0287628173828125 -0.134773254394531 0.0820693969726562 -0.0454177856445313
-0.036468505859375 -0.128318786621094 -0.12139892578125 -0.49822998046875
-0.044921875 -0.10955810546875 -0.5118408203125 -0.557281494140625
-0.0283355712890625 -0.0479049682617188 -0.7957763671875 -0.14715576171875
0.00336551666259766 -0.01025390625 -0.7489013671875 0.2396240234375
0.0453453063964844 0.0260810852050781 -0.54638671875 0.327178955078125
0.0290355682373047 0.0281200408935547 -0.2523193359375 0.305908203125
-0.0122299194335937 -0.0202083587646484 -0.0435562133789063 0.07391357421875
0.0169773101806641 -0.0206394195556641 0.0815048217773438 -0.0588150024414063
0.0301761627197266 0.018524169921875 0.340850830078125 -0.27630615234375
0.0572700500488281 0.0483856201171875 0.53204345703125 -0.26495361328125
0.0516929626464844 0.0462074279785156 0.70343017578125 -0.032470703125
0.0054779052734375 0.00998687744140625 0.66064453125 0.3720703125
-0.0500831604003906 -0.04962158203125 0.490234375 0.625732421875
-0.0368232727050781 -0.07000732421875 0.230316162109375 0.473907470703125
-0.0221099853515625 -0.103981018066406 0.100418090820312 -0.0255661010742188
-0.0295333862304687 -0.0993194580078125 -0.097625732421875 -0.490631103515625
-0.0410690307617188 -0.0779876708984375 -0.48223876953125 -0.56610107421875
-0.0271396636962891 -0.0241794586181641 -0.78546142578125 -0.17071533203125
-0.00241231918334961 -0.00463581085205078 -0.75982666015625 0.22509765625
0.0453567504882813 0.00873565673828125 -0.5679931640625 0.31658935546875
0.0454139709472656 0.00335311889648438 -0.266387939453125 0.300048828125
0.011505126953125 -0.044891357421875 -0.0522384643554687 0.0703048706054688
0.0490570068359375 -0.035797119140625 0.0784072875976563 -0.0666961669921875
0.0643997192382813 -0.0091400146484375 0.335906982421875 -0.293182373046875
0.0693092346191406 0.0102272033691406 0.520263671875 -0.2928466796875
0.0425910949707031 0.0303001403808594 0.69317626953125 -0.0660400390625
-0.00715065002441407 0.0333156585693359 0.67181396484375 0.34716796875
-0.0554428100585937 -0.00833892822265624 0.51190185546875 0.61102294921875
-0.0311107635498047 -0.0285625457763672 0.246917724609375 0.47589111328125
-0.0114631652832031 -0.0687217712402344 0.111854553222656 -0.0180511474609375
-0.0176849365234375 -0.0681648254394531 -0.07672119140625 -0.490997314453125
-0.0337638854980469 -0.0439834594726563 -0.45782470703125 -0.58477783203125
-0.0239410400390625 0.00296974182128906 -0.77783203125 -0.203125
-0.00669002532958984 0.00523042678833008 -0.771240234375 0.2003173828125
0.0426406860351563 -0.00647735595703125 -0.584716796875 0.29827880859375
0.0593185424804688 -0.0226249694824219 -0.275421142578125 0.28814697265625
0.0372390747070313 -0.0711593627929688 -0.052276611328125 0.0598030090332031
0.0767898559570313 -0.0518875122070313 0.0805740356445312 -0.0792617797851562
0.0917587280273438 -0.0348281860351562 0.3250732421875 -0.30419921875
0.074920654296875 -0.0253524780273438 0.510986328125 -0.304412841796875
0.0310935974121094 0.0160198211669922 0.6959228515625 -0.09014892578125
-0.0197525024414063 0.0541152954101563 0.6849365234375 0.31982421875
-0.058868408203125 0.0313835144042969 0.52935791015625 0.58306884765625
-0.0214347839355469 0.0108871459960938 0.2578125 0.459991455078125
0.000152587890625001 -0.0360069274902344 0.115745544433594 -0.0241546630859375
-0.00725555419921875 -0.0368309020996094 -0.067779541015625 -0.50079345703125
-0.0275783538818359 -0.0112972259521484 -0.43994140625 -0.60760498046875
-0.0214786529541016 0.0283546447753906 -0.76959228515625 -0.23907470703125
-0.0130233764648437 0.0138454437255859 -0.774658203125 0.1710205078125
0.0379981994628906 -0.0198287963867188 -0.5924072265625 0.27606201171875
0.0697479248046875 -0.0465545654296875 -0.277511596679687 0.271347045898438
0.0639495849609375 -0.0910110473632813 -0.043365478515625 0.0479049682617187
0.0938568115234375 -0.062835693359375 0.0866622924804688 -0.0925674438476563
0.103424072265625 -0.0577468872070313 0.31549072265625 -0.307769775390625
0.0679168701171875 -0.0492630004882813 0.51336669921875 -0.30572509765625
0.0155210494995117 0.0130853652954102 0.7110595703125 -0.1080322265625
-0.027252197265625 0.0749969482421875 0.705322265625 0.2860107421875
-0.0564308166503906 0.0622062683105469 0.544525146484375 0.545166015625
-0.0106124877929687 0.0407943725585937 0.26165771484375 0.43353271484375
0.0126314163208008 -0.010528564453125 0.112564086914063 -0.0418319702148438
0.00297355651855469 -0.00940799713134765 -0.067169189453125 -0.51934814453125
-0.0244979858398438 0.0163822174072266 -0.42999267578125 -0.6348876953125
-0.0247879028320313 0.0494918823242188 -0.76580810546875 -0.273681640625
-0.0229301452636719 0.0187206268310547 -0.77679443359375 0.14105224609375
0.03387451171875 -0.0349082946777344 -0.59161376953125 0.25543212890625
0.0818099975585938 -0.0654678344726563 -0.272903442382813 0.254287719726562
0.08697509765625 -0.105026245117188 -0.0255622863769531 0.0340118408203125
0.0971755981445313 -0.0716629028320313 0.0967788696289063 -0.10455322265625
0.0987625122070313 -0.0675201416015625 0.313995361328125 -0.307159423828125
0.0538825988769531 -0.0529975891113281 0.52716064453125 -0.30352783203125
0.00337982177734375 0.0199851989746094 0.73138427734375 -0.12591552734375
-0.0301742553710938 0.0908279418945313 0.72430419921875 0.2540283203125
-0.0463027954101562 0.0790328979492188 0.54705810546875 0.501739501953125
-0.00099563598632813 0.0547409057617188 0.254302978515625 0.398834228515625
0.0220699310302734 0.00561332702636719 0.102241516113281 -0.0702896118164063
0.00907516479492188 0.00841903686523438 -0.07415771484375 -0.543487548828125
-0.0229473114013672 0.0332870483398438 -0.43096923828125 -0.662841796875
-0.0311126708984375 0.0599136352539063 -0.76092529296875 -0.30328369140625
-0.0347537994384766 0.0154781341552734 -0.77215576171875 0.11834716796875
0.0289382934570313 -0.0486640930175781 -0.58233642578125 0.23858642578125
0.0914230346679688 -0.0780258178710938 -0.260345458984375 0.2408447265625
0.103767395019531 -0.106582641601563 -0.00252914428710937 0.0254039764404297
-0.0420913696289063 0.0242271423339844 0.114814758300781 -0.0650558471679688
-0.0123825073242188 0.0828933715820313 0.353485107421875 -0.23358154296875
0.0516738891601562 0.0960540771484375 0.5841064453125 -0.20098876953125
0.0584144592285156 0.0343742370605469 0.76885986328125 0.0010986328125
0.00535964965820313 -0.0540008544921875 0.675048828125 0.35174560546875
-0.04730224609375 -0.124961853027344 0.45440673828125 0.56854248046875
-0.0389404296875 -0.138534545898438 0.17730712890625 0.38983154296875
-0.0291748046875 -0.160537719726562 0.0359268188476563 -0.105491638183594
-0.0325469970703125 -0.158798217773438 -0.183868408203125 -0.53497314453125
-0.0331268310546875 -0.145172119140625 -0.56195068359375 -0.569091796875
-0.0159111022949219 -0.0675468444824219 -0.8055419921875 -0.1397705078125
0.0115184783935547 0.00243568420410156 -0.71575927734375 0.24627685546875
0.028076171875 0.0642585754394531 -0.494659423828125 0.3397216796875
-0.00973129272460938 0.0613059997558594 -0.215057373046875 0.31048583984375
-0.04229736328125 0.00998687744140626 -0.00612640380859375 0.0741500854492188
-0.0310726165771484 0.0127983093261719 0.10247802734375 -0.0580596923828125
-0.0133781433105469 0.0698089599609375 0.343414306640625 -0.2437744140625
0.0476608276367187 0.094970703125 0.56109619140625 -0.211944580078125
0.0612602233886719 0.0492095947265625 0.744384765625 0.00616455078125
0.0127105712890625 -0.03692626953125 0.667236328125 0.37109375
-0.046478271484375 -0.113578796386719 0.46612548828125 0.5977783203125
-0.040985107421875 -0.129623413085938 0.1956787109375 0.42333984375
-0.0325927734375 -0.153060913085938 0.0586318969726563 -0.0738296508789063
-0.03955078125 -0.148239135742188 -0.1578369140625 -0.511688232421875
-0.04339599609375 -0.132904052734375 -0.543701171875 -0.55267333984375
-0.0251731872558594 -0.0631828308105469 -0.803955078125 -0.12738037109375
0.00839853286743164 -0.00804567337036133 -0.73052978515625 0.253662109375
0.0410537719726562 0.0473899841308594 -0.518585205078125 0.3409423828125
0.00954437255859375 0.0497245788574219 -0.230224609375 0.311737060546875
-0.0320911407470703 -0.00108146667480469 -0.02679443359375 0.0763320922851563
-0.0133838653564453 -0.00377941131591797 0.090301513671875 -0.0558624267578125
0.00269317626953125 0.0474739074707031 0.338043212890625 -0.263275146484375
0.0514678955078125 0.07928466796875 0.54278564453125 -0.242034912109375
0.0597801208496094 0.0521583557128906 0.72125244140625 -0.01361083984375
0.0127973556518555 -0.0125322341918945 0.6661376953125 0.37286376953125
-0.0465850830078125 -0.0858001708984375 0.48175048828125 0.61602783203125
-0.0413742065429688 -0.104148864746094 0.2176513671875 0.45208740234375
-0.0292816162109375 -0.132354736328125 0.081146240234375 -0.0454864501953125
-0.03912353515625 -0.126388549804688 -0.12921142578125 -0.495330810546875
-0.0472564697265625 -0.1083984375 -0.518310546875 -0.54791259765625
-0.0290336608886719 -0.0473785400390625 -0.79766845703125 -0.13427734375
0.00378322601318359 -0.00992107391357422 -0.7420654296875 0.253173828125
0.045654296875 0.0251350402832031 -0.54095458984375 0.3365478515625
0.0291347503662109 0.0280055999755859 -0.246734619140625 0.309661865234375
-0.0135040283203125 -0.0193920135498047 -0.0412521362304688 0.0753555297851563
0.0153141021728516 -0.0195808410644531 0.0801239013671875 -0.060546875
0.0291175842285156 0.0187606811523438 0.335968017578125 -0.282073974609375
0.0587348937988281 0.0475082397460938 0.527862548828125 -0.2745361328125
0.0532569885253906 0.0449790954589844 0.6998291015625 -0.04412841796875
0.00498008728027344 0.0101737976074219 0.66375732421875 0.35870361328125
-0.05157470703125 -0.0494384765625 0.50042724609375 0.6158447265625
-0.0373802185058594 -0.0681915283203125 0.2369384765625 0.469757080078125
-0.0239028930664063 -0.101921081542969 0.098876953125 -0.02642822265625
-0.030242919921875 -0.097137451171875 -0.105224609375 -0.48779296875
-0.0430831909179688 -0.076629638671875 -0.490509033203125 -0.557830810546875
-0.0273208618164063 -0.0234413146972656 -0.7857666015625 -0.15667724609375
-0.00162267684936523 -0.00419306755065918 -0.7540283203125 0.23876953125
0.0454978942871094 0.007354736328125 -0.561553955078125 0.32708740234375
0.0456390380859375 0.001708984375 -0.260528564453125 0.305084228515625
0.0104026794433594 -0.0447044372558594 -0.0506439208984375 0.07037353515625
0.0479164123535156 -0.037322998046875 0.0775299072265625 -0.06689453125
0.0632514953613281 -0.00908279418945313 0.330810546875 -0.299530029296875
0.0688552856445313 0.00924301147460938 0.514312744140625 -0.300018310546875
0.0443115234375 0.0286369323730469 0.69171142578125 -0.07757568359375
-0.00726699829101562 0.0334854125976562 0.67333984375 0.33575439453125
-0.0554122924804688 -0.00718307495117187 0.51873779296875 0.60260009765625
-0.0317058563232422 -0.0267181396484375 0.255706787109375 0.469940185546875
-0.0119743347167969 -0.0684623718261719 0.110572814941406 -0.0182037353515625
-0.0192146301269531 -0.0665817260742188 -0.08453369140625 -0.48968505859375
-0.0350151062011719 -0.0426712036132813 -0.4664306640625 -0.576171875
-0.0239143371582031 0.00339317321777344 -0.77838134765625 -0.18975830078125
-0.0058445930480957 0.00521278381347656 -0.76495361328125 0.21466064453125
0.0419883728027344 -0.008209228515625 -0.58013916015625 0.30859375
0.0580062866210938 -0.02398681640625 -0.270721435546875 0.29388427734375
0.0344314575195313 -0.0718994140625 -0.0518608093261719 0.0604286193847656
0.075836181640625 -0.0521087646484375 0.079833984375 -0.079864501953125
0.0896530151367187 -0.0367507934570313 0.32110595703125 -0.310455322265625
0.0739288330078125 -0.026153564453125 0.50555419921875 -0.3135986328125
0.0303325653076172 0.0163002014160156 0.6910400390625 -0.10125732421875
-0.0183792114257813 0.0547943115234375 0.68804931640625 0.30670166015625
-0.0571212768554688 0.030670166015625 0.5367431640625 0.57293701171875
-0.0208911895751953 0.0122108459472656 0.2647705078125 0.45501708984375
0.000297546386718751 -0.0359992980957031 0.114654541015625 -0.0250167846679688
-0.00847244262695313 -0.0366554260253906 -0.07537841796875 -0.497833251953125
-0.0273609161376953 -0.00917434692382813 -0.44854736328125 -0.59881591796875
-0.0213584899902344 0.0301303863525391 -0.77093505859375 -0.22625732421875
-0.0119285583496094 0.0140848159790039 -0.76898193359375 0.18438720703125
0.0380516052246094 -0.020721435546875 -0.58782958984375 0.28515625
0.0696640014648438 -0.0484428405761719 -0.274032592773438 0.276580810546875
0.06085205078125 -0.0941390991210938 -0.0416679382324219 0.0481071472167969
0.091583251953125 -0.0641403198242188 0.0850753784179688 -0.0933456420898437
0.1019287109375 -0.0585784912109375 0.311248779296875 -0.31317138671875
0.0665931701660156 -0.0507164001464844 0.505340576171875 -0.315185546875
0.0161943435668945 0.0120916366577148 0.70513916015625 -0.12030029296875
-0.0261917114257812 0.0745773315429688 0.70806884765625 0.27252197265625
-0.0540199279785156 0.0627288818359375 0.550018310546875 0.53472900390625
-0.0103607177734375 0.0403213500976563 0.268768310546875 0.42864990234375
0.0131320953369141 -0.00979804992675781 0.11065673828125 -0.0436248779296875
0.00203514099121094 -0.00913333892822266 -0.075836181640625 -0.515869140625
-0.0235996246337891 0.0169734954833984 -0.43902587890625 -0.6256103515625
-0.0251388549804688 0.0509529113769531 -0.76544189453125 -0.26141357421875
-0.0219135284423828 0.0190544128417969 -0.7718505859375 0.1549072265625
0.0329475402832031 -0.0339851379394531 -0.58636474609375 0.26483154296875
0.0792312622070313 -0.067138671875 -0.26922607421875 0.257965087890625
0.0842056274414062 -0.105552673339844 -0.0258979797363281 0.0356178283691406
0.0962066650390625 -0.0714111328125 0.0968246459960938 -0.105842590332031
0.0963973999023438 -0.0687179565429688 0.308624267578125 -0.311553955078125
0.0520820617675781 -0.0541572570800781 0.5191650390625 -0.31182861328125
0.00391006469726563 0.0200672149658203 0.728271484375 -0.13629150390625
-0.0276031494140625 0.0908203125 0.7259521484375 0.24102783203125
-0.044830322265625 0.0806427001953125 0.55419921875 0.49346923828125
0.000194549560546876 0.0552444458007813 0.260589599609375 0.39361572265625
0.0215816497802734 0.00712203979492187 0.0991363525390625 -0.0709381103515625
0.00821685791015625 0.00960540771484375 -0.08428955078125 -0.5418701171875
-0.0231876373291016 0.0348587036132813 -0.44024658203125 -0.656005859375
-0.0305557250976563 0.0602836608886719 -0.76287841796875 -0.28985595703125
-0.0336551666259766 0.0172843933105469 -0.76763916015625 0.1309814453125
0.0281257629394531 -0.049468994140625 -0.576904296875 0.24822998046875
0.0894622802734375 -0.0791015625 -0.255233764648437 0.244033813476563
0.101455688476563 -0.106704711914063 -0.00239372253417968 0.0272579193115234
-0.0415382385253906 0.0252532958984375 0.113792419433594 -0.06787109375
-0.012481689453125 0.0824661254882813 0.347503662109375 -0.2381591796875
0.0517196655273438 0.0931549072265625 0.5782470703125 -0.20989990234375
0.0585174560546875 0.0331077575683594 0.7635498046875 -0.012939453125
0.00300979614257813 -0.0547523498535156 0.67529296875 0.33953857421875
-0.0500564575195313 -0.123397827148437 0.461944580078125 0.5596923828125
-0.0402908325195313 -0.135810852050781 0.183197021484375 0.387603759765625
-0.031890869140625 -0.158843994140625 0.0341873168945312 -0.105148315429688
-0.0362548828125 -0.158126831054687 -0.191314697265625 -0.5306396484375
-0.0359344482421875 -0.144515991210937 -0.5692138671875 -0.55810546875
-0.0173721313476563 -0.066619873046875 -0.80438232421875 -0.125732421875
0.0114831924438477 0.00221920013427734 -0.70855712890625 0.25860595703125
0.029083251953125 0.0643806457519531 -0.487823486328125 0.3475341796875
-0.00854873657226562 0.0611381530761719 -0.20733642578125 0.31280517578125
-0.0435943603515625 0.0108909606933594 -0.0032958984375 0.0738296508789063
-0.0329971313476563 0.0132217407226563 0.100532531738281 -0.060272216796875
-0.0130538940429688 0.0694236755371094 0.3382568359375 -0.2496337890625
0.0492401123046875 0.0937423706054688 0.556671142578125 -0.219818115234375
0.0619544982910156 0.0469779968261719 0.7408447265625 -0.006103515625
0.0124282836914063 -0.0379219055175781 0.6727294921875 0.359130859375
-0.0472869873046875 -0.112762451171875 0.47308349609375 0.590087890625
-0.04296875 -0.1273193359375 0.202545166015625 0.418182373046875
-0.03533935546875 -0.150054931640625 0.0567703247070312 -0.0727767944335938
-0.0422821044921875 -0.146804809570313 -0.167205810546875 -0.50543212890625
-0.0472412109375 -0.131690979003906 -0.5504150390625 -0.541595458984375
-0.0254478454589844 -0.0621681213378906 -0.8023681640625 -0.11370849609375
0.00967693328857422 -0.00787353515625 -0.72357177734375 0.26666259765625
0.04132080078125 0.0455474853515625 -0.512451171875 0.348663330078125
0.0110130310058594 0.0491104125976562 -0.2254638671875 0.31488037109375
-0.0327911376953125 -0.000303268432617189 -0.0250778198242188 0.0767669677734375
-0.0128908157348633 -0.00187015533447266 0.0882797241210938 -0.0574264526367188
0.00276947021484375 0.0465812683105469 0.333526611328125 -0.268096923828125
0.0515213012695312 0.0777969360351563 0.53582763671875 -0.250701904296875
0.0589790344238281 0.0512542724609375 0.71820068359375 -0.02520751953125
0.0126333236694336 -0.0142478942871094 0.66748046875 0.361083984375
-0.047607421875 -0.0853195190429688 0.48828125 0.605712890625
-0.0424346923828125 -0.102828979492187 0.224365234375 0.44793701171875
-0.0318222045898437 -0.129829406738281 0.0782318115234375 -0.0454559326171875
-0.0413589477539063 -0.123878479003906 -0.138427734375 -0.490966796875
-0.0488967895507813 -0.106651306152344 -0.525238037109375 -0.536956787109375
-0.0290908813476562 -0.0469093322753906 -0.79595947265625 -0.12060546875
0.00320529937744141 -0.009765625 -0.7376708984375 0.26593017578125
0.0453948974609375 0.0241661071777344 -0.53515625 0.34375
0.0301361083984375 0.0262908935546875 -0.242950439453125 0.312744140625
-0.0140857696533203 -0.0205879211425781 -0.042083740234375 0.0762863159179688
0.0145797729492188 -0.0210227966308594 0.0796737670898437 -0.060699462890625
0.0305442810058594 0.0198287963867188 0.330810546875 -0.2880859375
0.0592994689941406 0.0468902587890625 0.519927978515625 -0.28192138671875
0.0533943176269531 0.0442962646484375 0.696533203125 -0.055908203125
0.0052194595336914 0.0111827850341797 0.667236328125 0.34844970703125
-0.0517578125 -0.0491905212402344 0.50634765625 0.6070556640625
-0.0377845764160156 -0.0663414001464844 0.243377685546875 0.46435546875
-0.0244369506835937 -0.100791931152344 0.0970687866210938 -0.0274200439453125
-0.0329208374023437 -0.0951080322265625 -0.11334228515625 -0.484466552734375
-0.0438461303710938 -0.0749282836914063 -0.497894287109375 -0.54730224609375
-0.0272560119628906 -0.0222492218017578 -0.78582763671875 -0.1422119140625
-0.000777244567871093 -0.00419235229492188 -0.74664306640625 0.25146484375
0.0462760925292969 0.0056915283203125 -0.556671142578125 0.334320068359375
0.0459175109863281 0.00112152099609375 -0.253326416015625 0.307098388671875
0.00762939453125 -0.0452384948730469 -0.049224853515625 0.0710296630859375
0.0473823547363281 -0.0367774963378906 0.0767135620117188 -0.0687637329101562
0.0632247924804688 -0.0105056762695313 0.3253173828125 -0.30401611328125
0.0698699951171875 0.007476806640625 0.508575439453125 -0.308197021484375
0.0438041687011719 0.0296974182128906 0.68792724609375 -0.08831787109375
-0.00622940063476562 0.0328407287597656 0.67498779296875 0.32476806640625
-0.055908203125 -0.00703048706054687 0.52642822265625 0.591796875
-0.0309028625488281 -0.0255699157714844 0.26214599609375 0.464630126953125
-0.0134201049804688 -0.0671844482421875 0.110031127929688 -0.0196304321289063
-0.0213813781738281 -0.0648880004882813 -0.0926513671875001 -0.484893798828125
-0.0362205505371094 -0.0407524108886719 -0.4736328125 -0.56597900390625
-0.0236721038818359 0.00493240356445312 -0.77685546875 -0.17535400390625
-0.00543117523193359 0.00630998611450195 -0.758544921875 0.226806640625
0.0424003601074219 -0.00894546508789063 -0.57470703125 0.31646728515625
0.0578842163085937 -0.0255317687988281 -0.266143798828125 0.296234130859375
0.0336380004882812 -0.0716476440429687 -0.0511093139648437 0.0624618530273438
0.0728225708007813 -0.05206298828125 0.0773696899414063 -0.0823898315429688
0.0902175903320313 -0.03863525390625 0.3148193359375 -0.315093994140625
0.0736007690429688 -0.02862548828125 0.498504638671875 -0.320465087890625
0.0315876007080078 0.0160865783691406 0.68603515625 -0.11236572265625
-0.0181961059570312 0.0535964965820312 0.689697265625 0.29693603515625
-0.0584449768066406 0.03265380859375 0.543121337890625 0.560943603515625
-0.0209407806396484 0.0124568939208984 0.27337646484375 0.449737548828125
0.0012664794921875 -0.0354804992675781 0.112831115722656 -0.0265731811523438
-0.00894546508789063 -0.0337638854980469 -0.08251953125 -0.49383544921875
-0.0293312072753906 -0.00877571105957031 -0.45513916015625 -0.58990478515625
-0.0208816528320312 0.0299930572509766 -0.771728515625 -0.21368408203125
-0.0125322341918945 0.0143814086914063 -0.76617431640625 0.1978759765625
0.0374183654785156 -0.0226974487304688 -0.5814208984375 0.29595947265625
0.0696220397949219 -0.0493087768554687 -0.26873779296875 0.278839111328125
0.0596542358398438 -0.092437744140625 -0.0425300598144531 0.0493202209472656
0.0901718139648438 -0.06414794921875 0.08404541015625 -0.0938339233398438
0.100547790527344 -0.0608367919921875 0.30487060546875 -0.318817138671875
0.0671653747558594 -0.0502700805664063 0.49951171875 -0.323699951171875
0.0159873962402344 0.0123863220214844 0.700927734375 -0.13201904296875
-0.0267105102539063 0.0759048461914063 0.708740234375 0.26251220703125
-0.0521697998046875 0.0632591247558594 0.55670166015625 0.525115966796875
-0.00940704345703125 0.0421600341796875 0.273223876953125 0.422607421875
0.0129270553588867 -0.0098733901977539 0.109230041503906 -0.045135498046875
0.00168037414550781 -0.00806331634521485 -0.084197998046875 -0.513702392578125
-0.0237197875976563 0.0177364349365234 -0.44781494140625 -0.61663818359375
-0.0240974426269531 0.0520133972167969 -0.767822265625 -0.24615478515625
-0.0214405059814453 0.0199012756347656 -0.76953125 0.16827392578125
0.0308341979980469 -0.0371131896972656 -0.58447265625 0.27325439453125
0.0790023803710938 -0.068603515625 -0.263717651367188 0.26141357421875
0.0819549560546875 -0.106063842773438 -0.0262107849121094 0.0360679626464844
0.0931015014648438 -0.072967529296875 0.0932540893554688 -0.107139587402344
0.095062255859375 -0.0702362060546875 0.304595947265625 -0.315338134765625
0.0511550903320312 -0.0556144714355469 0.51220703125 -0.31976318359375
0.00486564636230469 0.0193595886230469 0.7220458984375 -0.14886474609375
-0.0258636474609375 0.0916900634765625 0.7271728515625 0.229736328125
-0.042999267578125 0.0813217163085938 0.5599365234375 0.4820556640625
0.00301361083984375 0.0559921264648438 0.264984130859375 0.3876953125
0.0231113433837891 0.00644683837890625 0.0972137451171875 -0.0726089477539063
0.00857734680175781 0.0107736587524414 -0.091461181640625 -0.537994384765625
-0.0223274230957031 0.0368080139160156 -0.44769287109375 -0.64654541015625
-0.0296401977539062 0.0608062744140625 -0.76495361328125 -0.27777099609375
-0.0335826873779297 0.0181522369384766 -0.7626953125 0.14501953125
0.0267753601074219 -0.0501174926757813 -0.5728759765625 0.25482177734375
0.0887222290039063 -0.082305908203125 -0.252105712890625 0.247879028320312
0.0998001098632813 -0.108489990234375 -0.00258827209472656 0.0269680023193359
-0.0425453186035156 0.0264053344726562 0.111671447753906 -0.0682830810546875
-0.012176513671875 0.0830001831054687 0.343475341796875 -0.244384765625
0.05328369140625 0.09222412109375 0.57244873046875 -0.21923828125
0.0587882995605469 0.0315284729003906 0.7596435546875 -0.0255126953125
0.00238800048828125 -0.0549163818359375 0.674560546875 0.32861328125
-0.0509414672851563 -0.122329711914063 0.466278076171875 0.551361083984375
-0.042022705078125 -0.133644104003906 0.18731689453125 0.382965087890625
-0.0343170166015625 -0.156646728515625 0.0308914184570313 -0.10308837890625
-0.038055419921875 -0.1558837890625 -0.199371337890625 -0.524017333984375
-0.0390167236328125 -0.142333984375 -0.5736083984375 -0.54779052734375
-0.0177383422851562 -0.0664443969726563 -0.80181884765625 -0.11199951171875
0.0128746032714844 0.00181388854980469 -0.69921875 0.2685546875
0.0303955078125 0.063262939453125 -0.48211669921875 0.3533935546875
-0.00779342651367188 0.06146240234375 -0.2039794921875 0.31671142578125
-0.0447883605957031 0.0100593566894531 -0.0032958984375 0.0738067626953125
-0.0330810546875 0.0140895843505859 0.0990142822265625 -0.0612640380859375
-0.0108299255371094 0.0690727233886719 0.3330078125 -0.253936767578125
0.0515518188476562 0.0936965942382813 0.5516357421875 -0.23028564453125
0.0627708435058594 0.0468292236328125 0.7353515625 -0.017333984375
0.0107460021972656 -0.0384292602539063 0.67144775390625 0.34881591796875
-0.0492782592773438 -0.111038208007813 0.47943115234375 0.57928466796875
-0.044158935546875 -0.126205444335938 0.207305908203125 0.414520263671875
-0.0367431640625 -0.14788818359375 0.0554962158203125 -0.0728378295898438
-0.0443267822265625 -0.143264770507813 -0.173492431640625 -0.49951171875
-0.0489349365234375 -0.129470825195313 -0.556671142578125 -0.5302734375
-0.0261154174804687 -0.060546875 -0.80072021484375 -0.10235595703125
0.00945472717285156 -0.00792503356933594 -0.7154541015625 0.27667236328125
0.0407791137695313 0.0440711975097656 -0.504608154296875 0.353759765625
0.0116424560546875 0.0471725463867187 -0.219512939453125 0.31671142578125
-0.0323028564453125 -0.00111579895019531 -0.0242919921875 0.0768661499023437
-0.0131282806396484 -0.00270175933837891 0.086212158203125 -0.05828857421875
0.0021209716796875 0.0474929809570312 0.3267822265625 -0.271575927734375
0.052459716796875 0.0769729614257813 0.52899169921875 -0.258026123046875
0.0607337951660156 0.0503616333007813 0.7127685546875 -0.03704833984375
0.0122480392456055 -0.014887809753418 0.66888427734375 0.34979248046875
-0.0494537353515625 -0.0848617553710938 0.4949951171875 0.59576416015625
-0.0437240600585938 -0.101539611816406 0.22857666015625 0.443023681640625
-0.0341644287109375 -0.128257751464844 0.0770416259765625 -0.0469284057617188
-0.0425796508789063 -0.121932983398438 -0.145751953125 -0.485931396484375
-0.0513229370117188 -0.105033874511719 -0.529571533203125 -0.527130126953125
-0.0305099487304688 -0.0451126098632812 -0.7923583984375 -0.10821533203125
0.00349140167236328 -0.00984668731689453 -0.7274169921875 0.2769775390625
0.045745849609375 0.0232124328613281 -0.52972412109375 0.3505859375
0.0316734313964844 0.0257606506347656 -0.23663330078125 0.316741943359375
-0.0151157379150391 -0.0196933746337891 -0.0407867431640625 0.0778350830078125
0.0138015747070313 -0.0195369720458984 0.079193115234375 -0.061370849609375
0.0294971466064453 0.0188751220703125 0.324951171875 -0.293365478515625
0.0608596801757813 0.0456047058105469 0.514617919921875 -0.289520263671875
0.0540351867675781 0.0435829162597656 0.69110107421875 -0.0670166015625
0.00591087341308594 0.0108098983764648 0.669189453125 0.33544921875
-0.0525932312011719 -0.0470314025878906 0.5125732421875 0.5965576171875
-0.0385475158691406 -0.0651664733886719 0.250579833984375 0.45819091796875
-0.0252304077148438 -0.099151611328125 0.0948333740234375 -0.0273590087890625
-0.03350830078125 -0.094390869140625 -0.118743896484375 -0.47906494140625
-0.0455245971679688 -0.0734481811523437 -0.503173828125 -0.536956787109375
-0.0268650054931641 -0.0217952728271484 -0.782470703125 -0.12847900390625
-0.000525474548339844 -0.00429677963256836 -0.73876953125 0.2625732421875
0.045135498046875 0.00426864624023438 -0.549957275390625 0.3419189453125
0.04486083984375 -0.00028228759765625 -0.25067138671875 0.3099365234375
0.00764846801757813 -0.04461669921875 -0.048858642578125 0.0723342895507813
0.0450096130371094 -0.0368003845214844 0.07525634765625 -0.0701522827148438
0.0623779296875 -0.0114479064941406 0.3182373046875 -0.30859375
0.0688743591308594 0.00686264038085938 0.501708984375 -0.3177490234375
0.0438423156738281 0.0286979675292969 0.68353271484375 -0.09820556640625
-0.00626564025878906 0.0330314636230469 0.6783447265625 0.31329345703125
-0.0557022094726563 -0.00641632080078125 0.53253173828125 0.5826416015625
-0.0301628112792969 -0.0254173278808594 0.267425537109375 0.458587646484375
-0.0134201049804688 -0.066497802734375 0.107612609863281 -0.0213241577148438
-0.0228118896484375 -0.0630722045898438 -0.098236083984375 -0.480987548828125
-0.0375289916992188 -0.0401077270507812 -0.479095458984375 -0.556976318359375
-0.0241527557373047 0.004852294921875 -0.776123046875 -0.162841796875
-0.00595283508300781 0.00567913055419922 -0.75341796875 0.238037109375
0.0414047241210938 -0.0100288391113281 -0.56787109375 0.3226318359375
0.0578689575195313 -0.0274162292480469 -0.260467529296875 0.29888916015625
0.0319900512695312 -0.0721435546875 -0.0494728088378906 0.0626411437988281
0.0718841552734375 -0.0516815185546875 0.0759124755859375 -0.0816116333007813
0.0895462036132812 -0.037994384765625 0.3099365234375 -0.3189697265625
0.0735092163085938 -0.0287017822265625 0.491790771484375 -0.329345703125
0.0305614471435547 0.0145339965820312 0.68170166015625 -0.1226806640625
-0.0177497863769531 0.0543251037597656 0.6904296875 0.28271484375
-0.0575332641601562 0.0329322814941406 0.54736328125 0.55206298828125
-0.0204505920410156 0.0126438140869141 0.27783203125 0.4442138671875
-0.000179290771484371 -0.0352783203125 0.110595703125 -0.0268783569335938
-0.00997734069824219 -0.0335330963134766 -0.090301513671875 -0.4908447265625
-0.0293006896972656 -0.00776481628417969 -0.46258544921875 -0.57977294921875
-0.0209331512451172 0.0313339233398437 -0.7701416015625 -0.20001220703125
-0.0119905471801758 0.0148162841796875 -0.758056640625 0.20953369140625
0.0364608764648438 -0.022369384765625 -0.576171875 0.30181884765625
0.0670166015625 -0.051483154296875 -0.264068603515625 0.28289794921875
0.0557785034179688 -0.0927658081054688 -0.0423545837402344 0.0507049560546875
0.0887603759765625 -0.0645370483398438 0.0828475952148437 -0.0949554443359375
0.0995864868164063 -0.059814453125 0.29876708984375 -0.321044921875
0.0641365051269531 -0.0526542663574219 0.490447998046875 -0.3310546875
0.0154628753662109 0.0116376876831055 0.69366455078125 -0.14068603515625
-0.0244674682617188 0.0754547119140625 0.7098388671875 0.2509765625
-0.0520744323730469 0.0637931823730469 0.56298828125 0.51287841796875
-0.0082855224609375 0.040985107421875 0.280548095703125 0.417236328125
0.0133905410766602 -0.00812530517578125 0.106674194335938 -0.0454025268554688
0.00125265121459961 -0.00760602951049805 -0.0906372070312501 -0.5086669921875
-0.0239543914794922 0.0192012786865234 -0.45489501953125 -0.60797119140625
-0.0221786499023437 0.0507621765136719 -0.76678466796875 -0.23486328125
-0.0219783782958984 0.0197792053222656 -0.76080322265625 0.17852783203125
0.0295753479003906 -0.0372657775878906 -0.57647705078125 0.28314208984375
0.0775527954101563 -0.0712127685546875 -0.260208129882813 0.26580810546875
0.0794906616210938 -0.105979919433594 -0.0251045227050781 0.0376548767089844
0.0926132202148437 -0.0731430053710938 0.0914077758789063 -0.107681274414063
0.0939559936523438 -0.070831298828125 0.297943115234375 -0.32049560546875
0.0496063232421875 -0.0560493469238281 0.50506591796875 -0.327362060546875
0.00321769714355469 0.0193977355957031 0.7164306640625 -0.15789794921875
-0.0252304077148437 0.09234619140625 0.72760009765625 0.2169189453125
-0.0427017211914063 0.0824813842773438 0.56268310546875 0.471435546875
0.00389480590820313 0.0549659729003906 0.269622802734375 0.383453369140625
0.0228748321533203 0.00679588317871094 0.0942001342773438 -0.071990966796875
0.00892066955566406 0.0116987228393555 -0.09979248046875 -0.533538818359375
-0.0223960876464844 0.0359725952148438 -0.455078125 -0.6357421875
-0.0289688110351562 0.0614814758300781 -0.76605224609375 -0.26336669921875
-0.0335483551025391 0.0172023773193359 -0.75634765625 0.15753173828125
0.0263671875 -0.0506668090820313 -0.56793212890625 0.26416015625
0.085540771484375 -0.0829696655273438 -0.24761962890625 0.250198364257812
0.0968017578125 -0.108711242675781 -0.00293922424316405 0.0275020599365234
-0.0426483154296875 0.0261955261230469 0.10931396484375 -0.0697784423828125
-0.0104827880859375 0.0819015502929688 0.336334228515625 -0.246795654296875
0.054229736328125 0.0914688110351563 0.5682373046875 -0.22698974609375
0.0589065551757812 0.0312957763671875 0.75634765625 -0.0340576171875
0.000797271728515622 -0.05462646484375 0.67529296875 0.31695556640625
-0.0535888671875 -0.120658874511719 0.470794677734375 0.54132080078125
-0.0435867309570312 -0.132476806640625 0.19140625 0.379241943359375
-0.0363311767578125 -0.153167724609375 0.0281143188476563 -0.101905822753906
-0.041015625 -0.152435302734375 -0.205413818359375 -0.517333984375
-0.0413360595703125 -0.140869140625 -0.57843017578125 -0.53631591796875
-0.0181236267089844 -0.0660820007324219 -0.7987060546875 -0.10064697265625
0.0127029418945313 0.00155925750732422 -0.69305419921875 0.27557373046875
0.0306549072265625 0.0612907409667969 -0.476226806640625 0.358917236328125
-0.00741195678710938 0.0592002868652344 -0.19708251953125 0.317047119140625
-0.044219970703125 0.0104904174804688 -0.00232696533203126 0.0743942260742188
-0.0335617065429688 0.0147018432617187 0.0978469848632812 -0.0629425048828125
-0.0107879638671875 0.0699119567871094 0.327423095703125 -0.25946044921875
0.0518417358398438 0.0922393798828125 0.54522705078125 -0.234893798828125
0.0624809265136719 0.0463638305664062 0.734130859375 -0.02752685546875
0.0110855102539063 -0.0382919311523438 0.6719970703125 0.33697509765625
-0.0519790649414062 -0.108963012695313 0.48431396484375 0.56964111328125
-0.0457305908203125 -0.123550415039063 0.21282958984375 0.409881591796875
-0.0383453369140625 -0.145095825195313 0.0534744262695313 -0.0724411010742188
-0.046783447265625 -0.1407470703125 -0.17962646484375 -0.494964599609375
-0.0517196655273438 -0.127716064453125 -0.560302734375 -0.5179443359375
-0.0263595581054688 -0.0606231689453125 -0.7974853515625 -0.0882568359375002
0.00849580764770508 -0.00738620758056641 -0.70904541015625 0.2862548828125
0.0422782897949219 0.0420722961425781 -0.4979248046875 0.359405517578125
0.0122108459472656 0.0465545654296875 -0.215057373046875 0.318511962890625
-0.0338497161865234 -0.000280380249023443 -0.022308349609375 0.0780868530273438
-0.0136823654174805 -0.00220489501953125 0.0855484008789063 -0.0606536865234375
0.00373458862304688 0.0463066101074219 0.32354736328125 -0.27728271484375
0.0536117553710938 0.0752639770507813 0.524017333984375 -0.26513671875
0.0615768432617188 0.0492897033691406 0.70965576171875 -0.04541015625
0.0123805999755859 -0.0154533386230469 0.66900634765625 0.33929443359375
-0.0509719848632813 -0.0828094482421875 0.4986572265625 0.58514404296875
-0.0446319580078125 -0.0999755859375 0.23431396484375 0.437744140625
-0.0359115600585938 -0.125968933105469 0.0755691528320313 -0.0460739135742188
-0.0452651977539062 -0.119834899902344 -0.150787353515625 -0.480224609375
-0.0530319213867188 -0.103561401367187 -0.534271240234375 -0.517974853515625
-0.0295677185058594 -0.0460281372070312 -0.78985595703125 -0.094970703125
0.00310230255126953 -0.00931549072265625 -0.72039794921875 0.2867431640625
0.0470085144042969 0.0211372375488281 -0.522979736328125 0.355712890625
0.02996826171875 0.0247173309326172 -0.231842041015625 0.318267822265625
-0.0153255462646484 -0.0201683044433594 -0.0394821166992188 0.07769775390625
0.0128173828125 -0.0189781188964844 0.0776824951171875 -0.0622100830078125
0.0302066802978516 0.0189628601074219 0.318939208984375 -0.295196533203125
0.0602378845214844 0.0437431335449219 0.507659912109375 -0.294921875
0.0539779663085938 0.0425300598144531 0.68817138671875 -0.07666015625
0.00524616241455078 0.0102729797363281 0.66900634765625 0.32476806640625
-0.0531768798828125 -0.0467529296875 0.5172119140625 0.58538818359375
-0.0387229919433594 -0.0643386840820313 0.253631591796875 0.453857421875
-0.0272369384765625 -0.0972671508789063 0.093963623046875 -0.0285720825195313
-0.0350494384765625 -0.092071533203125 -0.125396728515625 -0.474029541015625
-0.0465164184570313 -0.0721511840820313 -0.508453369140625 -0.52691650390625
-0.0272197723388672 -0.0205783843994141 -0.7789306640625 -0.11865234375
-0.0018458366394043 -0.00334358215332031 -0.72991943359375 0.27288818359375
0.0452995300292969 0.0052642822265625 -0.54248046875 0.347503662109375
0.0447845458984375 -0.002105712890625 -0.244415283203125 0.313201904296875
0.00513839721679687 -0.0456352233886719 -0.0477523803710937 0.0727462768554688
0.0440902709960938 -0.0363388061523438 0.074371337890625 -0.07000732421875
0.0619468688964844 -0.0118064880371094 0.314178466796875 -0.31121826171875
0.0691604614257813 0.0052337646484375 0.494171142578125 -0.322296142578125
0.0442848205566406 0.0278396606445312 0.6766357421875 -0.107666015625
-0.00638961791992188 0.0322685241699219 0.67694091796875 0.30291748046875
-0.0566139221191406 -0.00528717041015624 0.53662109375 0.57086181640625
-0.0306568145751953 -0.0239276885986328 0.27325439453125 0.45306396484375
-0.0141639709472656 -0.0643882751464844 0.107040405273438 -0.0217132568359375
-0.0227584838867188 -0.0615921020507812 -0.106658935546875 -0.47674560546875
-0.0385932922363281 -0.0387496948242188 -0.48455810546875 -0.546844482421875
-0.0222854614257813 0.00542068481445312 -0.77508544921875 -0.15081787109375
-0.00489425659179688 0.00613975524902344 -0.7431640625 0.249267578125
0.0411605834960937 -0.0111160278320313 -0.56134033203125 0.331024169921875
0.0557823181152344 -0.0286140441894531 -0.25421142578125 0.301849365234375
0.0296630859375 -0.0709762573242188 -0.0488510131835938 0.0625
0.0707168579101563 -0.0512924194335938 0.0747146606445313 -0.0834274291992188
0.0873947143554688 -0.0398635864257813 0.303192138671875 -0.32232666015625
0.0716094970703125 -0.0300369262695313 0.484710693359375 -0.334625244140625
0.0314178466796875 0.0141525268554688 0.67608642578125 -0.1351318359375
-0.01751708984375 0.0550804138183594 0.69085693359375 0.27337646484375
-0.0563888549804688 0.0332221984863281 0.553009033203125 0.541168212890625
-0.0199470520019531 0.0138263702392578 0.281768798828125 0.4388427734375
-0.000383377075195315 -0.0328903198242187 0.109931945800781 -0.0287857055664063
-0.009735107421875 -0.0318870544433594 -0.09619140625 -0.485687255859375
-0.0295219421386719 -0.00638389587402344 -0.46575927734375 -0.57220458984375
-0.0186176300048828 0.0319328308105469 -0.76904296875 -0.1878662109375
-0.0107841491699219 0.0141448974609375 -0.75042724609375 0.21990966796875
0.0352783203125 -0.0234146118164063 -0.57110595703125 0.309326171875
0.0671730041503906 -0.0512466430664062 -0.2579345703125 0.2850341796875
0.0542526245117188 -0.0937271118164063 -0.0405654907226562 0.0506820678710937
0.0864334106445313 -0.0654449462890625 0.0807037353515625 -0.0960693359375
0.0974884033203125 -0.0625534057617188 0.294189453125 -0.3253173828125
0.0645103454589844 -0.0526199340820313 0.486053466796875 -0.3353271484375
0.0166387557983398 0.0111141204833984 0.688232421875 -0.1505126953125
-0.0243148803710938 0.0765457153320313 0.70916748046875 0.23974609375
-0.0513229370117188 0.0643463134765625 0.56463623046875 0.50384521484375
-0.007354736328125 0.0414962768554688 0.2838134765625 0.4112548828125
0.0130043029785156 -0.00736713409423828 0.105194091796875 -0.0457916259765625
0.00154924392700195 -0.00512886047363281 -0.096832275390625 -0.505462646484375
-0.0229396820068359 0.0198097229003906 -0.45989990234375 -0.59906005859375
-0.0207405090332031 0.0507240295410156 -0.76654052734375 -0.22247314453125
-0.0206413269042969 0.0207576751708984 -0.75341796875 0.19091796875
0.0307655334472656 -0.0373725891113281 -0.571533203125 0.2889404296875
0.075531005859375 -0.0715179443359375 -0.254684448242188 0.266555786132812
0.0766067504882813 -0.106475830078125 -0.0244293212890625 0.0361900329589844
0.0904617309570312 -0.0732040405273437 0.0891189575195313 -0.107780456542969
0.09246826171875 -0.0714340209960938 0.291656494140625 -0.323272705078125
0.0491523742675781 -0.0558586120605469 0.49835205078125 -0.33380126953125
0.00478553771972656 0.0187892913818359 0.70849609375 -0.168701171875
-0.0234298706054687 0.091339111328125 0.72479248046875 0.2060546875
-0.0419464111328125 0.0815048217773437 0.5657958984375 0.46209716796875
0.00610733032226563 0.0546302795410156 0.273162841796875 0.378570556640625
0.0242042541503906 0.00781440734863281 0.0920791625976562 -0.0718765258789063
0.00843143463134766 0.0118293762207031 -0.10711669921875 -0.528472900390625
-0.0220489501953125 0.0377426147460937 -0.4603271484375 -0.62640380859375
-0.0277214050292969 0.0624961853027344 -0.76348876953125 -0.25299072265625
-0.0335197448730469 0.0182971954345703 -0.74945068359375 0.1678466796875
0.0255279541015625 -0.0509757995605469 -0.56243896484375 0.273193359375
0.08441162109375 -0.0844879150390625 -0.243011474609375 0.253082275390625
0.0940170288085938 -0.11004638671875 -0.00268363952636718 0.0276069641113281
-0.0416603088378906 0.0264396667480469 0.107551574707031 -0.0712509155273438
-0.00994873046875 0.0816192626953125 0.33148193359375 -0.252044677734375
0.0560302734375 0.09039306640625 0.56097412109375 -0.2330322265625
0.0592269897460937 0.0302238464355469 0.74908447265625 -0.04364013671875
-0.00183868408203125 -0.0539741516113281 0.67559814453125 0.305419921875
-0.0547561645507813 -0.118675231933594 0.473876953125 0.5322265625
-0.0444259643554688 -0.13079833984375 0.194183349609375 0.373626708984375
-0.0384368896484375 -0.152542114257813 0.0258560180664063 -0.0992813110351563
-0.0435943603515625 -0.150680541992188 -0.21173095703125 -0.511962890625
-0.0436248779296875 -0.13885498046875 -0.5809326171875 -0.52642822265625
-0.0182991027832031 -0.0651359558105469 -0.7945556640625 -0.0892944335937499
0.0121774673461914 0.0013885498046875 -0.6849365234375 0.2867431640625
0.0311317443847656 0.0605735778808594 -0.469146728515625 0.36419677734375
-0.00639724731445312 0.05950927734375 -0.193450927734375 0.317138671875
-0.0434226989746094 0.0116119384765625 -0.0013885498046875 0.0749282836914063
-0.0339889526367188 0.0147533416748047 0.0963211059570313 -0.06390380859375
-0.00983810424804688 0.0696563720703125 0.321563720703125 -0.2608642578125
0.0521392822265625 0.0900344848632813 0.538421630859375 -0.24273681640625
0.0632438659667969 0.0440139770507812 0.7283935546875 -0.03619384765625
0.00905990600585938 -0.0381278991699219 0.67291259765625 0.32611083984375
-0.0535507202148437 -0.108200073242188 0.48699951171875 0.56268310546875
-0.0465469360351562 -0.122520446777344 0.214202880859375 0.406402587890625
-0.040802001953125 -0.144943237304688 0.0521240234375 -0.0712661743164063
-0.048858642578125 -0.138572692871094 -0.185394287109375 -0.488983154296875
-0.053070068359375 -0.125404357910156 -0.5631103515625 -0.5098876953125
-0.0273246765136719 -0.0605506896972656 -0.79217529296875 -0.0770263671875002
0.00878190994262695 -0.00687074661254883 -0.6993408203125 0.29522705078125
0.0415763854980469 0.04144287109375 -0.491455078125 0.365478515625
0.0134506225585937 0.0461387634277344 -0.208892822265625 0.31951904296875
-0.0345249176025391 0.000930786132812493 -0.0222320556640625 0.0792694091796875
-0.0146780014038086 -0.001739501953125 0.0854949951171875 -0.060943603515625
0.003814697265625 0.0464820861816406 0.31732177734375 -0.2801513671875
0.0542755126953125 0.074005126953125 0.5177001953125 -0.2720947265625
0.0605010986328125 0.0486869812011719 0.7041015625 -0.05511474609375
0.0107536315917969 -0.0150766372680664 0.66845703125 0.3287353515625
-0.0525283813476563 -0.0813674926757813 0.5035400390625 0.57666015625
-0.0445709228515625 -0.0987701416015625 0.2371826171875 0.433074951171875
-0.03619384765625 -0.123634338378906 0.073638916015625 -0.0446624755859375
-0.0468597412109375 -0.118392944335938 -0.15740966796875 -0.475860595703125
-0.0545578002929688 -0.101646423339844 -0.53680419921875 -0.506591796875
-0.0305557250976563 -0.0444526672363281 -0.78656005859375 -0.0856323242187498
0.00289344787597656 -0.00927639007568359 -0.7122802734375 0.2940673828125
0.0465583801269531 0.020477294921875 -0.51568603515625 0.36181640625
0.0302543640136719 0.0237770080566406 -0.2255859375 0.3192138671875
-0.0162944793701172 -0.0193347930908203 -0.0378341674804687 0.078155517578125
0.0130395889282227 -0.0174236297607422 0.0772857666015625 -0.0618972778320313
0.0289077758789063 0.0188121795654297 0.3125 -0.2977294921875
0.0608291625976562 0.0438728332519531 0.50128173828125 -0.301544189453125
0.0545730590820313 0.0403480529785156 0.68243408203125 -0.08392333984375
0.00501871109008789 0.00828218460083008 0.6676025390625 0.31475830078125
-0.0536079406738281 -0.0437049865722656 0.519775390625 0.57598876953125
-0.0399208068847656 -0.0629653930664063 0.258209228515625 0.4468994140625
-0.0281448364257812 -0.095001220703125 0.093048095703125 -0.0279693603515625
-0.036285400390625 -0.08892822265625 -0.13134765625 -0.470550537109375
-0.0482177734375 -0.0709991455078125 -0.510223388671875 -0.5179443359375
-0.0270500183105469 -0.0214271545410156 -0.775390625 -0.1072998046875
-0.00172686576843262 -0.00432848930358887 -0.72393798828125 0.2808837890625
0.04559326171875 0.0023193359375 -0.5379638671875 0.353057861328125
0.0449905395507813 -0.00168609619140625 -0.23895263671875 0.313995361328125
0.00435256958007812 -0.0447578430175781 -0.04693603515625 0.0736541748046875
0.0442619323730469 -0.0367660522460938 0.0721969604492187 -0.0723648071289062
0.0614471435546875 -0.0116653442382813 0.308349609375 -0.315521240234375
0.068328857421875 0.00509262084960938 0.48895263671875 -0.327606201171875
0.0450820922851563 0.0274009704589844 0.6707763671875 -0.11517333984375
-0.00497627258300781 0.0310764312744141 0.676025390625 0.29150390625
-0.0562820434570312 -0.00354003906249999 0.5399169921875 0.5623779296875
-0.0302696228027344 -0.0232009887695312 0.275665283203125 0.447662353515625
-0.0149650573730469 -0.0638427734375 0.105354309082031 -0.0221939086914063
-0.0238304138183594 -0.0591201782226563 -0.112030029296875 -0.474365234375
-0.0383033752441406 -0.0372848510742188 -0.486846923828125 -0.537109375
-0.0234527587890625 0.00509071350097657 -0.7708740234375 -0.14056396484375
-0.00477933883666992 0.00550222396850586 -0.7373046875 0.257568359375
0.0401725769042969 -0.0120086669921875 -0.55548095703125 0.337646484375
0.0560340881347656 -0.0290260314941406 -0.250579833984375 0.304595947265625
0.0278701782226563 -0.0716400146484375 -0.0476913452148437 0.0643959045410156
0.069122314453125 -0.0518455505371094 0.0740890502929688 -0.0829849243164063
0.0863189697265625 -0.0401458740234375 0.297882080078125 -0.32476806640625
0.0708847045898438 -0.0296707153320313 0.477294921875 -0.341156005859375
0.0311813354492188 0.0136947631835938 0.66796875 -0.13958740234375
-0.0156898498535156 0.0533561706542969 0.6890869140625 0.26031494140625
-0.0557937622070313 0.0350341796875 0.55682373046875 0.529541015625
-0.0176277160644531 0.0128650665283203 0.28515625 0.43157958984375
-0.000255584716796879 -0.0332355499267578 0.1075439453125 -0.0290374755859375
-0.0103855133056641 -0.0300312042236328 -0.10369873046875 -0.481292724609375
-0.0286979675292969 -0.00628280639648437 -0.46929931640625 -0.56268310546875
-0.0191898345947266 0.0315761566162109 -0.7657470703125 -0.1790771484375
-0.0101451873779297 0.0150842666625977 -0.74267578125 0.22845458984375
0.0346508026123047 -0.0249786376953125 -0.56512451171875 0.316162109375
0.064788818359375 -0.0518722534179688 -0.25482177734375 0.287567138671875
0.0515213012695313 -0.0929412841796875 -0.0401992797851563 0.0509796142578125
0.0846633911132813 -0.064422607421875 0.0792617797851563 -0.0964431762695313
0.0966033935546875 -0.0625991821289063 0.28863525390625 -0.329010009765625
0.0622329711914063 -0.0533409118652344 0.476959228515625 -0.34051513671875
0.0154390335083008 0.0110979080200195 0.6826171875 -0.1590576171875
-0.0224990844726563 0.0745697021484375 0.7066650390625 0.2298583984375
-0.0499420166015625 0.0642547607421875 0.56854248046875 0.4940185546875
-0.00624847412109375 0.04217529296875 0.28680419921875 0.4053955078125
0.0130901336669922 -0.00845718383789063 0.103668212890625 -0.04730224609375
0.00111770629882813 -0.00512504577636719 -0.1024169921875 -0.501007080078125
-0.02276611328125 0.0210590362548828 -0.46453857421875 -0.59014892578125
-0.0203285217285156 0.0516738891601563 -0.76373291015625 -0.21185302734375
-0.0210552215576172 0.0215587615966797 -0.74554443359375 0.2017822265625
0.0291633605957031 -0.038116455078125 -0.56463623046875 0.294921875
0.0737380981445313 -0.073486328125 -0.250808715820313 0.270614624023437
0.0726242065429687 -0.107505798339844 -0.0248603820800781 0.0381965637207031
0.0875244140625 -0.0725021362304688 0.0870361328125 -0.10888671875
0.0903854370117188 -0.071929931640625 0.28656005859375 -0.326263427734375
0.0484390258789063 -0.0575637817382813 0.492156982421875 -0.339385986328125
0.00436210632324219 0.0180644989013672 0.70196533203125 -0.17755126953125
-0.0220870971679687 0.0904541015625 0.72406005859375 0.195556640625
-0.0409164428710938 0.0804901123046875 0.56732177734375 0.4515380859375
0.00600433349609375 0.0557060241699219 0.2767333984375 0.371612548828125
0.0236759185791016 0.00716400146484375 0.0911483764648438 -0.07391357421875
0.00893402099609375 0.0118951797485352 -0.112457275390625 -0.523193359375
-0.021514892578125 0.0382804870605469 -0.4654541015625 -0.617431640625
-0.0276031494140625 0.061248779296875 -0.76214599609375 -0.241455078125
-0.0310688018798828 0.0192356109619141 -0.74273681640625 0.17657470703125
0.0242881774902344 -0.0526542663574219 -0.556060791015625 0.27874755859375
0.0821914672851562 -0.0865097045898438 -0.24072265625 0.253997802734375
0.0909194946289063 -0.109649658203125 -0.00292015075683593 0.027587890625
-0.0413780212402344 0.0276565551757813 0.107192993164062 -0.0719451904296875
-0.00885772705078125 0.0821685791015625 0.326812744140625 -0.255340576171875
0.0559158325195313 0.0890579223632813 0.55419921875 -0.241302490234375
0.0596275329589844 0.0306739807128906 0.74371337890625 -0.0511474609375
-0.00157928466796875 -0.0543441772460938 0.67083740234375 0.296630859375
-0.0559844970703125 -0.11798095703125 0.476837158203125 0.52459716796875
-0.0462799072265625 -0.128524780273438 0.198883056640625 0.370452880859375
-0.03948974609375 -0.149383544921875 0.02557373046875 -0.0985183715820313
-0.044708251953125 -0.149520874023438 -0.2161865234375 -0.5069580078125
-0.0457077026367188 -0.137435913085938 -0.58404541015625 -0.5157470703125
-0.0194206237792969 -0.0640754699707031 -0.790283203125 -0.0792236328125001
0.0119743347167969 0.00181198120117188 -0.67755126953125 0.293701171875
0.0309562683105469 0.0590629577636719 -0.461334228515625 0.368072509765625
-0.00461959838867187 0.0592460632324219 -0.188385009765625 0.319122314453125
-0.043365478515625 0.0116767883300781 -0.00017547607421876 0.0749969482421875
-0.0332126617431641 0.0157718658447266 0.0945281982421875 -0.0654678344726563
-0.00886917114257813 0.0695953369140625 0.31695556640625 -0.26513671875
0.0538711547851562 0.0893173217773438 0.532684326171875 -0.249664306640625
0.0636672973632813 0.04339599609375 0.7216796875 -0.04534912109375
0.00693511962890625 -0.0389900207519531 0.6705322265625 0.31597900390625
-0.0543746948242188 -0.106010437011719 0.489654541015625 0.553558349609375
-0.0481643676757812 -0.120498657226563 0.218719482421875 0.400360107421875
-0.040740966796875 -0.14166259765625 0.0491867065429687 -0.0707015991210938
-0.050506591796875 -0.13677978515625 -0.189483642578125 -0.4833984375
-0.0543670654296875 -0.12359619140625 -0.56427001953125 -0.4996337890625
-0.0279273986816406 -0.0590019226074219 -0.787353515625 -0.0677490234375001
0.00895118713378906 -0.00746822357177734 -0.69085693359375 0.3037109375
0.0416069030761719 0.0403633117675781 -0.485595703125 0.36767578125
0.0128059387207031 0.04443359375 -0.204925537109375 0.320709228515625
-0.0332489013671875 0.000587463378906256 -0.0220489501953125 0.077972412109375
-0.0148468017578125 0.000118255615234372 0.08367919921875 -0.062255859375
0.00506210327148438 0.0462646484375 0.312225341796875 -0.283233642578125
0.0543212890625 0.0735931396484375 0.51239013671875 -0.27520751953125
0.0621185302734375 0.0478591918945313 0.6988525390625 -0.061279296875
0.0100011825561523 -0.0163707733154297 0.66864013671875 0.318359375
-0.0537033081054688 -0.0795822143554688 0.50567626953125 0.566162109375
-0.0471649169921875 -0.0969619750976563 0.240966796875 0.42767333984375
-0.0377044677734375 -0.121780395507813 0.0723953247070313 -0.0452194213867188
-0.0474853515625 -0.115242004394531 -0.161407470703125 -0.470306396484375
-0.0553817749023437 -0.0993728637695313 -0.5404052734375 -0.49749755859375
-0.0310897827148438 -0.0434913635253906 -0.77996826171875 -0.07403564453125
0.00403022766113281 -0.00900077819824219 -0.7042236328125 0.30078125
0.0465049743652344 0.0195350646972656 -0.509368896484375 0.366424560546875
0.0306892395019531 0.0216274261474609 -0.22314453125 0.32098388671875
-0.0174713134765625 -0.0189895629882813 -0.0377883911132813 0.0789108276367188
0.0129318237304687 -0.0181140899658203 0.0750656127929688 -0.0645980834960938
0.0289802551269531 0.0190906524658203 0.308746337890625 -0.3004150390625
0.0603599548339844 0.0413932800292969 0.495330810546875 -0.305908203125
0.0546760559082031 0.0408172607421875 0.6768798828125 -0.09033203125
0.00471735000610352 0.0082554817199707 0.66632080078125 0.30474853515625
-0.0547714233398438 -0.0437469482421875 0.52197265625 0.56781005859375
-0.0389595031738281 -0.0621109008789063 0.263214111328125 0.441741943359375
-0.028350830078125 -0.0932464599609375 0.0912094116210938 -0.027587890625
-0.0391998291015625 -0.08892822265625 -0.13555908203125 -0.464874267578125
-0.0492172241210938 -0.0688667297363281 -0.512847900390625 -0.507293701171875
-0.0279216766357422 -0.0197906494140625 -0.77239990234375 -0.0982055664062498
-0.000999689102172851 -0.00248026847839355 -0.715087890625 0.288818359375
0.044464111328125 0.00131607055664063 -0.5302734375 0.35711669921875
0.0447006225585937 -0.00360870361328125 -0.23486328125 0.31597900390625
0.00349807739257813 -0.0443763732910156 -0.0462722778320313 0.0741500854492187
0.0422134399414063 -0.0369911193847656 0.0721359252929688 -0.0727691650390625
0.0614814758300781 -0.0130271911621094 0.30291748046875 -0.316802978515625
0.0681991577148438 0.00439453125 0.481689453125 -0.33258056640625
0.0448760986328125 0.0256195068359375 0.6651611328125 -0.12188720703125
-0.00557518005371094 0.0307369232177734 0.6741943359375 0.2813720703125
-0.0559043884277344 -0.00318145751953125 0.542724609375 0.550933837890625
-0.0307445526123047 -0.0230751037597656 0.278839111328125 0.442352294921875
-0.0155563354492188 -0.0624618530273438 0.103363037109375 -0.0228118896484375
-0.0240249633789062 -0.058197021484375 -0.115753173828125 -0.46734619140625
-0.0394973754882812 -0.0368766784667969 -0.488739013671875 -0.52911376953125
-0.0227127075195313 0.00504875183105469 -0.7677001953125 -0.1312255859375
-0.00473165512084961 0.00479507446289062 -0.727294921875 0.2657470703125
0.0404739379882813 -0.0130958557128906 -0.54931640625 0.3408203125
0.0542106628417969 -0.0303573608398438 -0.246490478515625 0.3046875
0.02655029296875 -0.0701637268066406 -0.0472183227539063 0.0643653869628906
0.0669822692871094 -0.0508003234863281 0.0719757080078125 -0.0844192504882813
0.0859909057617188 -0.040313720703125 0.2906494140625 -0.329132080078125
0.0702056884765625 -0.0304183959960937 0.470062255859375 -0.3446044921875
0.0297622680664063 0.0139694213867188 0.661865234375 -0.1474609375
-0.0153427124023437 0.0544624328613281 0.68609619140625 0.252685546875
-0.0548934936523437 0.0349006652832031 0.5577392578125 0.52166748046875
-0.0177173614501953 0.0147075653076172 0.28955078125 0.426788330078125
-3.05175781250017E-05 -0.0321178436279297 0.107330322265625 -0.02978515625
-0.0105304718017578 -0.0288009643554688 -0.106353759765625 -0.476898193359375
-0.0297565460205078 -0.00410270690917969 -0.4742431640625 -0.553497314453125
-0.0184688568115234 0.0303535461425781 -0.76129150390625 -0.16729736328125
-0.0104951858520508 0.0151615142822266 -0.73455810546875 0.23828125
0.0338897705078125 -0.0257453918457031 -0.557373046875 0.3214111328125
0.0630226135253906 -0.0537033081054687 -0.24981689453125 0.288330078125
0.0494613647460938 -0.0933456420898438 -0.0393562316894531 0.0511093139648438
0.0825881958007813 -0.064422607421875 0.0774002075195313 -0.0972061157226563
0.0947189331054688 -0.0622482299804688 0.28289794921875 -0.3319091796875
0.0630836486816406 -0.05364990234375 0.471343994140625 -0.34613037109375
0.0166530609130859 0.0100698471069336 0.67510986328125 -0.1656494140625
-0.0212936401367188 0.0743865966796875 0.7056884765625 0.2198486328125
-0.0498809814453125 0.0647201538085938 0.5689697265625 0.4832763671875
-0.00532913208007813 0.0410537719726563 0.28924560546875 0.39898681640625
0.0133790969848633 -0.00727558135986328 0.101005554199219 -0.0465774536132813
0.00178718566894531 -0.00307583808898926 -0.10888671875 -0.494110107421875
-0.023345947265625 0.0220165252685547 -0.46783447265625 -0.58111572265625
-0.0196800231933594 0.0499000549316406 -0.7608642578125 -0.20208740234375
-0.0201511383056641 0.0211544036865234 -0.74029541015625 0.208984375
0.0281105041503906 -0.0393867492675781 -0.55963134765625 0.299407958984375
0.0718612670898438 -0.0727996826171875 -0.246551513671875 0.27276611328125
0.070892333984375 -0.10723876953125 -0.0243034362792969 0.0386962890625
0.086669921875 -0.0723876953125 0.0857162475585938 -0.110549926757813
0.0898284912109375 -0.0725784301757813 0.280548095703125 -0.32916259765625
0.0471763610839844 -0.0573310852050781 0.48394775390625 -0.3438720703125
0.00472640991210938 0.0181636810302734 0.6956787109375 -0.18475341796875
-0.0202560424804688 0.0900039672851563 0.71978759765625 0.1865234375
-0.0388031005859375 0.0810623168945313 0.56829833984375 0.44293212890625
0.00697708129882812 0.0547065734863281 0.278045654296875 0.36700439453125
0.02423095703125 0.0067596435546875 0.0873489379882813 -0.0728683471679688
0.00950050354003906 0.0126104354858398 -0.118194580078125 -0.518218994140625
-0.0202980041503906 0.038238525390625 -0.46954345703125 -0.6087646484375
-0.0257759094238281 0.062408447265625 -0.7596435546875 -0.23199462890625
-0.0316028594970703 0.0202198028564453 -0.73583984375 0.1834716796875
0.0235595703125 -0.0531425476074219 -0.550262451171875 0.283172607421875
0.0809478759765625 -0.0862197875976563 -0.236602783203125 0.25640869140625
0.0876693725585938 -0.111045837402344 -0.00377464294433593 0.0275058746337891
-0.0408821105957031 0.0282173156738281 0.104728698730469 -0.0737533569335938
-0.00959777832031249 0.0804824829101563 0.3216552734375 -0.257720947265625
0.05694580078125 0.0859756469726563 0.54901123046875 -0.2432861328125
0.0583724975585938 0.0287628173828125 0.73760986328125 -0.06005859375
-0.00206756591796875 -0.0546188354492188 0.670166015625 0.28887939453125
-0.0583267211914063 -0.116348266601562 0.477447509765625 0.516021728515625
-0.047119140625 -0.127647399902344 0.19989013671875 0.3658447265625
-0.039459228515625 -0.147308349609375 0.0233688354492187 -0.09600830078125
-0.046875 -0.147140502929688 -0.2210693359375 -0.5006103515625
-0.0471572875976563 -0.134994506835938 -0.5845947265625 -0.50836181640625
-0.02056884765625 -0.0637321472167969 -0.7840576171875 -0.07110595703125
0.0136079788208008 0.00253105163574219 -0.668701171875 0.29833984375
0.0317611694335938 0.0578041076660156 -0.456939697265625 0.369903564453125
-0.00478363037109375 0.0578994750976563 -0.184356689453125 0.319671630859375
-0.0447845458984375 0.0113716125488281 0.00132751464843749 0.0740585327148438
-0.0327243804931641 0.0153045654296875 0.09295654296875 -0.0674514770507813
-0.00777816772460938 0.0695228576660156 0.31195068359375 -0.267333984375
0.0548934936523438 0.08837890625 0.525787353515625 -0.251129150390625
0.063140869140625 0.0423316955566406 0.71990966796875 -0.05035400390625
0.00775146484375 -0.0383224487304688 0.66876220703125 0.3099365234375
-0.0564498901367187 -0.107215881347656 0.492034912109375 0.543792724609375
-0.0498275756835938 -0.11871337890625 0.220733642578125 0.397125244140625
-0.0421600341796875 -0.140457153320313 0.0480270385742188 -0.0696983337402344
-0.0512847900390625 -0.135032653808594 -0.193206787109375 -0.479736328125
-0.0556182861328125 -0.122138977050781 -0.56622314453125 -0.49041748046875
-0.0271415710449219 -0.0579910278320312 -0.78265380859375 -0.0614624023437499
0.00889873504638672 -0.00813865661621094 -0.68426513671875 0.30963134765625
0.0416717529296875 0.0388984680175781 -0.47979736328125 0.37158203125
0.0137596130371094 0.0433998107910156 -0.2005615234375 0.321746826171875
-0.0359878540039063 0.00157546997070313 -0.0208511352539062 0.0782623291015625
-0.0134868621826172 -0.000711441040039065 0.0823440551757813 -0.064208984375
0.0041656494140625 0.0462989807128906 0.307891845703125 -0.28436279296875
0.0547561645507813 0.0718460083007813 0.504974365234375 -0.28033447265625
0.0621719360351562 0.0467109680175781 0.69354248046875 -0.0679931640625
0.0100488662719727 -0.0166330337524414 0.6656494140625 0.3121337890625
-0.0556182861328125 -0.0785446166992188 0.507720947265625 0.55950927734375
-0.0457534790039062 -0.0963592529296875 0.244049072265625 0.422210693359375
-0.038818359375 -0.121208190917969 0.07110595703125 -0.0450363159179688
-0.0492477416992188 -0.113700866699219 -0.166107177734375 -0.465606689453125
-0.0583877563476562 -0.0980758666992188 -0.540374755859375 -0.489715576171875
-0.0308113098144531 -0.0425071716308594 -0.77587890625 -0.0659790039062499
0.00358486175537109 -0.00876855850219727 -0.696533203125 0.30816650390625
0.0458488464355469 0.0183181762695312 -0.505462646484375 0.369781494140625
0.02996826171875 0.0207271575927734 -0.21844482421875 0.321044921875
-0.0178966522216797 -0.0183296203613281 -0.0360260009765625 0.0792160034179688
0.0107574462890625 -0.0183734893798828 0.0737686157226563 -0.0660476684570313
0.0300559997558594 0.0174922943115234 0.3023681640625 -0.303497314453125
0.0603446960449219 0.0411415100097656 0.489471435546875 -0.30975341796875
0.0547676086425781 0.0405960083007813 0.672607421875 -0.09820556640625
0.00582313537597656 0.00900554656982422 0.66473388671875 0.29815673828125
-0.0549888610839844 -0.0428314208984375 0.525360107421875 0.559722900390625
-0.0402755737304687 -0.060760498046875 0.266693115234375 0.43701171875
-0.0290069580078125 -0.0937652587890625 0.0883941650390625 -0.0288925170898438
-0.0396041870117188 -0.0857696533203125 -0.139678955078125 -0.460205078125
-0.0492134094238281 -0.067596435546875 -0.514312744140625 -0.50042724609375
-0.0282802581787109 -0.0190315246582031 -0.76806640625 -0.08990478515625
-0.000461101531982422 -0.00310873985290527 -0.7061767578125 0.29522705078125
0.0452232360839844 0.00142669677734375 -0.5263671875 0.362823486328125
0.0434341430664063 -0.00505447387695313 -0.2320556640625 0.317626953125
0.00277328491210938 -0.0433769226074219 -0.045013427734375 0.0745620727539063
0.0422554016113281 -0.0356597900390625 0.070709228515625 -0.0737457275390625
0.0606307983398438 -0.0128707885742187 0.2974853515625 -0.319976806640625
0.0685081481933594 0.0036163330078125 0.474334716796875 -0.336639404296875
0.045440673828125 0.0252265930175781 0.66058349609375 -0.12811279296875
-0.00455474853515625 0.0318164825439453 0.6728515625 0.2742919921875
-0.0567550659179688 -0.00353240966796874 0.54443359375 0.54302978515625
-0.0294647216796875 -0.0222148895263672 0.28277587890625 0.437347412109375
-0.0154647827148437 -0.0618820190429688 0.102638244628906 -0.0224227905273438
-0.0250511169433594 -0.0581130981445313 -0.119964599609375 -0.462615966796875
-0.0401191711425781 -0.0343208312988281 -0.492462158203125 -0.521209716796875
-0.0222702026367188 0.00585746765136719 -0.76312255859375 -0.122802734375
-0.0045466423034668 0.00682210922241211 -0.719482421875 0.2720947265625
0.0405502319335938 -0.0138282775878906 -0.54364013671875 0.34588623046875
0.0538787841796875 -0.0318832397460938 -0.243011474609375 0.30474853515625
0.0252227783203125 -0.071746826171875 -0.0462493896484375 0.065093994140625
0.0666580200195313 -0.0521774291992188 0.0706405639648438 -0.0849151611328125
0.0845947265625 -0.0410995483398438 0.28717041015625 -0.328582763671875
0.069091796875 -0.0327262878417969 0.463836669921875 -0.3482666015625
0.0318927764892578 0.0133304595947266 0.656005859375 -0.15167236328125
-0.0138778686523438 0.0539360046386719 0.68389892578125 0.2449951171875
-0.0539703369140625 0.0357704162597656 0.5595703125 0.5128173828125
-0.0174942016601563 0.0134191513061523 0.292755126953125 0.421722412109375
0.000375747680664063 -0.0314674377441406 0.106025695800781 -0.0301742553710938
-0.00972938537597656 -0.028564453125 -0.110565185546875 -0.47216796875
-0.0302848815917969 -0.00322151184082032 -0.47711181640625 -0.5445556640625
-0.0183982849121094 0.0322628021240234 -0.75799560546875 -0.157958984375
-0.00946521759033203 0.0152416229248047 -0.72698974609375 0.24383544921875
0.033447265625 -0.0259723663330078 -0.55194091796875 0.32537841796875
0.0614852905273438 -0.0561027526855469 -0.245941162109375 0.289154052734375
0.04827880859375 -0.0926284790039063 -0.0393218994140625 0.0533905029296875
0.0825653076171875 -0.0652847290039063 0.0758132934570313 -0.0970230102539063
0.093353271484375 -0.0628738403320313 0.277618408203125 -0.334197998046875
0.059906005859375 -0.0538597106933594 0.465301513671875 -0.349639892578125
0.0157623291015625 0.0108194351196289 0.6695556640625 -0.171142578125
-0.0207061767578125 0.07452392578125 0.70269775390625 0.21160888671875
-0.0479240417480469 0.063995361328125 0.570068359375 0.47564697265625
-0.00356674194335937 0.0413169860839844 0.292572021484375 0.39599609375
0.0137882232666016 -0.00822734832763672 0.100616455078125 -0.04693603515625
-0.000309944152832031 -0.004547119140625 -0.111572265625 -0.48980712890625
-0.0228462219238281 0.0220184326171875 -0.47015380859375 -0.5726318359375
-0.0187110900878906 0.0518226623535156 -0.75726318359375 -0.19189453125
-0.0189743041992188 0.0211162567138672 -0.73236083984375 0.21435546875
0.0268287658691406 -0.0383186340332031 -0.554290771484375 0.30609130859375
0.0718231201171875 -0.0748367309570313 -0.2442626953125 0.272232055664063
0.0685577392578125 -0.106712341308594 -0.0246429443359375 0.0382728576660156
0.0853271484375 -0.0733718872070313 0.08349609375 -0.109725952148438
0.0883102416992188 -0.0727005004882813 0.275390625 -0.33160400390625
0.0461616516113281 -0.0583610534667969 0.477935791015625 -0.34765625
0.00450706481933594 0.0182857513427734 0.6890869140625 -0.1888427734375
-0.0195388793945313 0.090118408203125 0.7178955078125 0.17901611328125
-0.038543701171875 0.082427978515625 0.568603515625 0.4346923828125
0.00926589965820312 0.0545539855957031 0.280670166015625 0.360748291015625
0.0245800018310547 0.00800514221191406 0.0863876342773438 -0.0728912353515625
0.00913047790527344 0.0133752822875977 -0.122833251953125 -0.514068603515625
-0.02142333984375 0.0391387939453125 -0.47161865234375 -0.60076904296875
-0.0245895385742187 0.0634307861328125 -0.75714111328125 -0.22119140625
-0.0302352905273438 0.0203838348388672 -0.728759765625 0.1922607421875
0.02276611328125 -0.0526771545410156 -0.54583740234375 0.2890625
0.080078125 -0.0866622924804688 -0.2315673828125 0.258071899414063
0.085540771484375 -0.110565185546875 -0.0036468505859375 0.0281543731689453
-0.0407257080078125 0.0273933410644531 0.103225708007813 -0.0754165649414063
-0.00740051269531249 0.0817718505859375 0.3192138671875 -0.25921630859375
0.0558242797851563 0.0864028930664062 0.542572021484375 -0.24658203125
0.0580787658691406 0.0279273986816406 0.73297119140625 -0.0665283203125
-0.003509521484375 -0.0543479919433594 0.668701171875 0.2813720703125
-0.05877685546875 -0.116104125976563 0.478546142578125 0.510101318359375
-0.0475692749023437 -0.125686645507813 0.20123291015625 0.36358642578125
-0.041412353515625 -0.145309448242188 0.0218124389648438 -0.0949478149414063
-0.0474395751953125 -0.14447021484375 -0.223480224609375 -0.4964599609375
-0.0494537353515625 -0.134391784667969 -0.5859375 -0.4969482421875
-0.0190544128417969 -0.0632209777832031 -0.7818603515625 -0.0624999999999999
0.0125408172607422 0.000880241394042969 -0.66241455078125 0.3033447265625
0.0320854187011719 0.0565071105957031 -0.452301025390625 0.371917724609375
-0.00334930419921875 0.056365966796875 -0.17926025390625 0.319488525390625
-0.0446014404296875 0.0123481750488281 0.000732421874999998 0.074615478515625
-0.0333652496337891 0.0165882110595703 0.0904083251953125 -0.0680465698242188
-0.00823593139648438 0.0687522888183594 0.308502197265625 -0.269805908203125
0.0543365478515625 0.0878372192382813 0.52301025390625 -0.25732421875
0.0648384094238281 0.0420570373535156 0.712890625 -0.05718994140625
0.00656890869140625 -0.0380935668945312 0.66680908203125 0.3038330078125
-0.0554962158203125 -0.103469848632813 0.49285888671875 0.537811279296875
-0.049102783203125 -0.117355346679688 0.223297119140625 0.392303466796875
-0.0429000854492188 -0.137962341308594 0.0472145080566406 -0.0687637329101563
-0.0521392822265625 -0.133010864257812 -0.19610595703125 -0.473663330078125
-0.057373046875 -0.119895935058594 -0.56768798828125 -0.48297119140625
-0.0284614562988281 -0.0588188171386719 -0.77978515625 -0.0532836914062501
0.00960922241210938 -0.00696563720703125 -0.67596435546875 0.3143310546875
0.0416793823242187 0.03668212890625 -0.474945068359375 0.37396240234375
0.013824462890625 0.0432472229003906 -0.196990966796875 0.32208251953125
-0.0357933044433594 0.00121307373046875 -0.0201950073242188 0.078521728515625
-0.0139732360839844 0.000391960144042969 0.0816268920898438 -0.065521240234375
0.00477981567382813 0.04620361328125 0.303466796875 -0.286041259765625
0.0554885864257813 0.071014404296875 0.50164794921875 -0.284088134765625
0.0615997314453125 0.0457725524902344 0.68963623046875 -0.07427978515625
0.00895595550537109 -0.0160188674926758 0.66436767578125 0.30267333984375
-0.054718017578125 -0.0778274536132813 0.508819580078125 0.5516357421875
-0.0455093383789062 -0.0947494506835938 0.24725341796875 0.4180908203125
-0.0401535034179687 -0.119956970214844 0.0678291320800781 -0.0440177917480469
-0.0498275756835937 -0.111968994140625 -0.168914794921875 -0.46136474609375
-0.0584259033203125 -0.0967178344726562 -0.54296875 -0.4815673828125
-0.0318107604980469 -0.0425605773925781 -0.771240234375 -0.0584106445312501
0.00225257873535156 -0.00894451141357422 -0.68951416015625 0.31268310546875
0.0458564758300781 0.0167503356933594 -0.4989013671875 0.3740234375
0.0305461883544922 0.0199508666992187 -0.213409423828125 0.32159423828125
-0.0192165374755859 -0.0179424285888672 -0.0352783203125 0.07843017578125
0.0124397277832031 -0.0177669525146484 0.072998046875 -0.0667877197265625
0.0294628143310547 0.0187835693359375 0.298858642578125 -0.30511474609375
0.0611839294433594 0.0406875610351563 0.482513427734375 -0.31378173828125
0.0545234680175781 0.0391654968261719 0.66717529296875 -0.10467529296875
0.0048823356628418 0.0077052116394043 0.6627197265625 0.29058837890625
-0.0555534362792969 -0.0427665710449219 0.526275634765625 0.55072021484375
-0.0398406982421875 -0.0602798461914062 0.266815185546875 0.432952880859375
-0.0298004150390625 -0.0905838012695313 0.08868408203125 -0.0284957885742188
-0.0386123657226562 -0.0860061645507813 -0.143310546875 -0.45562744140625
-0.0508499145507812 -0.066558837890625 -0.514556884765625 -0.49462890625
-0.0268230438232422 -0.0195293426513672 -0.7630615234375 -0.0833129882812499
-0.000884771347045898 -0.00424003601074219 -0.6998291015625 0.30023193359375
0.0436820983886719 -0.000202178955078125 -0.519012451171875 0.36492919921875
0.0427742004394531 -0.00648117065429688 -0.22723388671875 0.316986083984375
3.43322753906249E-05 -0.0434455871582031 -0.0443954467773438 0.074981689453125
0.0412445068359375 -0.0353927612304688 0.070159912109375 -0.0742416381835938
0.0595054626464844 -0.0133399963378906 0.292694091796875 -0.3197021484375
0.0674552917480469 0.00235748291015625 0.46875 -0.33831787109375
0.0445518493652344 0.0244026184082031 0.6546630859375 -0.1353759765625
-0.004058837890625 0.031402587890625 0.6700439453125 0.26629638671875
-0.0555381774902344 -0.0023193359375 0.54571533203125 0.536163330078125
-0.030426025390625 -0.0222911834716797 0.284088134765625 0.4320068359375
-0.0156135559082031 -0.0601692199707031 0.100776672363281 -0.0225448608398438
-0.02423095703125 -0.0552635192871094 -0.124114990234375 -0.458160400390625
-0.0397911071777344 -0.03338623046875 -0.493255615234375 -0.5135498046875
-0.021514892578125 0.00637626647949219 -0.7593994140625 -0.115478515625
-0.00481319427490234 0.00658273696899414 -0.71258544921875 0.27728271484375
0.0397796630859375 -0.0128021240234375 -0.53814697265625 0.349700927734375
0.0525550842285156 -0.031982421875 -0.239471435546875 0.306854248046875
0.0235061645507812 -0.070770263671875 -0.0455131530761719 0.0666313171386719
0.0665855407714844 -0.0513381958007813 0.0707855224609375 -0.086273193359375
0.0825958251953125 -0.0404815673828125 0.282257080078125 -0.331451416015625
0.0689163208007813 -0.0326919555664063 0.459136962890625 -0.349609375
0.0305118560791016 0.0127010345458984 0.65032958984375 -0.15966796875
-0.0139694213867188 0.0521774291992188 0.68206787109375 0.23809814453125
-0.0533294677734375 0.0362014770507813 0.56011962890625 0.50457763671875
-0.0174179077148438 0.0149679183959961 0.2921142578125 0.415313720703125
7.82012939453118E-05 -0.0323028564453125 0.103355407714844 -0.0299758911132813
-0.0109672546386719 -0.0275020599365234 -0.114410400390625 -0.468292236328125
-0.0292930603027344 -0.00355720520019531 -0.4769287109375 -0.536346435546875
-0.0182170867919922 0.0312519073486328 -0.7552490234375 -0.15277099609375
-0.00958633422851562 0.0149202346801758 -0.72003173828125 0.24945068359375
0.0334968566894531 -0.0260906219482422 -0.547515869140625 0.32965087890625
0.0617828369140625 -0.0556602478027344 -0.24267578125 0.2923583984375
0.0453567504882812 -0.0930557250976563 -0.0386390686035156 0.0522613525390625
0.0806198120117188 -0.0645751953125 0.0746002197265625 -0.0987930297851562
0.0931854248046875 -0.0627670288085938 0.272979736328125 -0.333892822265625
0.0605430603027344 -0.0543785095214844 0.45867919921875 -0.3519287109375
0.0163288116455078 0.010004997253418 0.66265869140625 -0.17718505859375
-0.0199737548828125 0.0753097534179687 0.701171875 0.203857421875
-0.0486602783203125 0.065185546875 0.5712890625 0.46771240234375
-0.00275039672851563 0.0410385131835938 0.29254150390625 0.39013671875
0.0145034790039062 -0.00645828247070312 0.0983123779296875 -0.047515869140625
0.00144863128662109 -0.00266599655151367 -0.115386962890625 -0.486907958984375
-0.022796630859375 0.0236434936523437 -0.471923828125 -0.56689453125
-0.0175895690917969 0.0516700744628906 -0.75323486328125 -0.18499755859375
-0.0188159942626953 0.0212821960449219 -0.7257080078125 0.2208251953125
0.0267601013183594 -0.0384941101074219 -0.549285888671875 0.30804443359375
0.0701904296875 -0.0755996704101562 -0.24029541015625 0.2738037109375
0.0670089721679688 -0.106620788574219 -0.0242805480957031 0.0386848449707031
0.08441162109375 -0.0726165771484375 0.0820846557617188 -0.111892700195313
0.0869827270507813 -0.0743255615234375 0.269561767578125 -0.332122802734375
0.044769287109375 -0.058258056640625 0.4716796875 -0.350982666015625
0.00435638427734375 0.0184040069580078 0.68316650390625 -0.19482421875
-0.018951416015625 0.0908203125 0.71478271484375 0.170654296875
-0.0370635986328125 0.0821685791015625 0.56683349609375 0.42779541015625
0.00763320922851562 0.0533981323242188 0.282562255859375 0.356903076171875
0.0256385803222656 0.00760841369628906 0.0850448608398438 -0.0718307495117187
0.00977230072021484 0.0138177871704102 -0.126678466796875 -0.50933837890625
-0.0195579528808594 0.0387802124023437 -0.47540283203125 -0.5916748046875
-0.0230026245117188 0.0621070861816406 -0.7537841796875 -0.21380615234375
-0.0299472808837891 0.0199069976806641 -0.7225341796875 0.19854736328125
0.0219650268554687 -0.054229736328125 -0.54144287109375 0.29351806640625
0.0778656005859375 -0.0886688232421875 -0.230270385742187 0.259231567382813
0.083831787109375 -0.109169006347656 -0.00299072265624999 0.0279979705810547
-0.0410003662109375 0.028350830078125 0.101066589355469 -0.0756912231445313
-0.0088043212890625 0.0796356201171875 0.31463623046875 -0.2608642578125
0.0566024780273437 0.0852203369140625 0.538238525390625 -0.251800537109375
0.0585212707519531 0.0278663635253906 0.728271484375 -0.0704345703125
-0.00367355346679688 -0.0538749694824219 0.66650390625 0.27490234375
-0.0594406127929688 -0.113685607910156 0.479278564453125 0.50408935546875
-0.0486679077148437 -0.124977111816406 0.202362060546875 0.361175537109375
-0.042816162109375 -0.143798828125 0.021240234375 -0.0945892333984375
-0.048736572265625 -0.142532348632813 -0.226318359375 -0.489349365234375
-0.0497970581054687 -0.132270812988281 -0.58526611328125 -0.4908447265625
-0.0195388793945313 -0.0630874633789063 -0.777099609375 -0.0573730468749999
0.0126991271972656 0.00168418884277344 -0.65386962890625 0.30975341796875
0.0323333740234375 0.0555648803710938 -0.44696044921875 0.374603271484375
-0.0041351318359375 0.0549049377441406 -0.176239013671875 0.31982421875
-0.0445823669433594 0.01202392578125 0.000396728515625004 0.0738372802734375
-0.0327205657958984 0.0164203643798828 0.0883331298828125 -0.0698776245117188
-0.00809860229492187 0.0693168640136719 0.3035888671875 -0.271484375
0.0554656982421875 0.0864486694335938 0.516937255859375 -0.259613037109375
0.0635147094726563 0.0417938232421875 0.70953369140625 -0.06304931640625
0.00628280639648437 -0.038848876953125 0.66510009765625 0.29595947265625
-0.0571823120117187 -0.102790832519531 0.494415283203125 0.5316162109375
-0.049957275390625 -0.116592407226563 0.22381591796875 0.3902587890625
-0.0440826416015625 -0.136665344238281 0.0455780029296875 -0.0667266845703125
-0.0530471801757813 -0.13079833984375 -0.199615478515625 -0.468902587890625
-0.0587158203125 -0.118408203125 -0.56854248046875 -0.47601318359375
-0.028411865234375 -0.0578155517578125 -0.77349853515625 -0.0476074218750001
0.00829410552978516 -0.00789880752563477 -0.66888427734375 0.31732177734375
0.0418777465820313 0.0370407104492188 -0.470703125 0.3759765625
0.0139541625976563 0.0415420532226562 -0.19464111328125 0.322418212890625
-0.0355644226074219 0.00209426879882813 -0.018829345703125 0.0783157348632813
-0.0139598846435547 -0.000389099121093752 0.0789642333984375 -0.0666656494140625
0.00536727905273438 0.0467567443847656 0.29852294921875 -0.288909912109375
0.055908203125 0.0703887939453125 0.4951171875 -0.2864990234375
0.0620803833007813 0.0450515747070313 0.685546875 -0.08050537109375
0.00729751586914063 -0.0158653259277344 0.66119384765625 0.2974853515625
-0.0555419921875 -0.07940673828125 0.510101318359375 0.5443115234375
-0.0460891723632813 -0.0939254760742188 0.24761962890625 0.412933349609375
-0.039886474609375 -0.117637634277344 0.0686569213867188 -0.0444145202636719
-0.05035400390625 -0.110603332519531 -0.171722412109375 -0.457183837890625
-0.0592880249023438 -0.0957412719726562 -0.542938232421875 -0.474212646484375
-0.0311965942382813 -0.0416145324707031 -0.7667236328125 -0.0538330078125002
0.00348281860351563 -0.00904273986816406 -0.68212890625 0.3192138671875
0.04559326171875 0.0168876647949219 -0.495391845703125 0.374664306640625
0.0286159515380859 0.0190792083740234 -0.21051025390625 0.32183837890625
-0.0192317962646484 -0.0176105499267578 -0.034637451171875 0.0784759521484375
0.0109920501708984 -0.0178432464599609 0.0725784301757813 -0.068023681640625
0.0285968780517578 0.0164871215820313 0.294708251953125 -0.307586669921875
0.0614089965820313 0.039794921875 0.479034423828125 -0.316375732421875
0.05517578125 0.0391654968261719 0.663818359375 -0.10748291015625
0.00395584106445313 0.00798892974853516 0.66009521484375 0.28424072265625
-0.0571556091308594 -0.0416641235351562 0.528778076171875 0.54522705078125
-0.0404014587402344 -0.05987548828125 0.269989013671875 0.428863525390625
-0.029693603515625 -0.0901031494140625 0.0879669189453125 -0.0268402099609375
-0.0390090942382812 -0.0828399658203125 -0.145660400390625 -0.4515380859375
-0.0525856018066406 -0.0651664733886719 -0.516021728515625 -0.485015869140625
-0.0274581909179688 -0.0188446044921875 -0.75933837890625 -0.0762939453125001
-5.69820404052736E-05 -0.00414299964904785 -0.6934814453125 0.3048095703125
0.0431289672851562 -0.000732421875 -0.51507568359375 0.3677978515625
0.0430183410644531 -0.00687408447265625 -0.222991943359375 0.31781005859375
9.91821289062477E-05 -0.0425949096679688 -0.0439300537109375 0.0752716064453125
0.039031982421875 -0.0351028442382813 0.0683975219726563 -0.0750579833984375
0.0592498779296875 -0.0134353637695313 0.2901611328125 -0.322235107421875
0.0680198669433594 0.00180816650390625 0.464874267578125 -0.34136962890625
0.0444221496582031 0.0240707397460938 0.6490478515625 -0.14031982421875
-0.00496482849121094 0.0308322906494141 0.66925048828125 0.26092529296875
-0.0556907653808594 -0.00168228149414063 0.5462646484375 0.528411865234375
-0.03070068359375 -0.0212554931640625 0.28662109375 0.4276123046875
-0.0146522521972656 -0.0601730346679688 0.100318908691406 -0.0231094360351563
-0.0248794555664063 -0.0540733337402344 -0.12713623046875 -0.454803466796875
-0.0401420593261719 -0.0323524475097656 -0.49383544921875 -0.50616455078125
-0.0208454132080078 0.00687789916992187 -0.75457763671875 -0.1080322265625
-0.00409317016601563 0.00598382949829101 -0.706298828125 0.28131103515625
0.0392608642578125 -0.0139503479003906 -0.533447265625 0.354217529296875
0.0526695251464844 -0.032928466796875 -0.234283447265625 0.30645751953125
0.0213851928710938 -0.069061279296875 -0.0450782775878906 0.0662269592285156
0.0647811889648437 -0.05072021484375 0.068939208984375 -0.0874557495117188
0.0823211669921875 -0.0411529541015625 0.2791748046875 -0.3330078125
0.0677947998046875 -0.0332221984863281 0.454742431640625 -0.353973388671875
0.0315456390380859 0.0120220184326172 0.6463623046875 -0.16253662109375
-0.0124626159667969 0.0527725219726563 0.6802978515625 0.23175048828125
-0.0539474487304687 0.0355987548828125 0.560699462890625 0.498443603515625
-0.0168142318725586 0.0149822235107422 0.295257568359375 0.41119384765625
-0.000123977661132812 -0.0304431915283203 0.1026611328125 -0.029327392578125
-0.0108070373535156 -0.0252017974853516 -0.11865234375 -0.464691162109375
-0.0302391052246094 -0.00226402282714843 -0.479644775390625 -0.53240966796875
-0.0171890258789062 0.0322113037109375 -0.7523193359375 -0.14483642578125
-0.00958633422851563 0.0154628753662109 -0.7138671875 0.25469970703125
0.0326347351074219 -0.0274562835693359 -0.543609619140625 0.3331298828125
0.0604896545410156 -0.0567436218261719 -0.23956298828125 0.290771484375
0.043548583984375 -0.0910263061523438 -0.0393333435058594 0.053741455078125
0.0809173583984375 -0.0637054443359375 0.0741653442382813 -0.09808349609375
0.092254638671875 -0.0631256103515625 0.26849365234375 -0.336456298828125
0.058258056640625 -0.0545806884765625 0.453460693359375 -0.35284423828125
0.0161199569702148 0.0105171203613281 0.65625 -0.1802978515625
-0.0188751220703125 0.0734939575195313 0.696533203125 0.1973876953125
-0.0471382141113281 0.0650253295898438 0.56964111328125 0.4622802734375
-0.00191116333007812 0.0412178039550781 0.294891357421875 0.385101318359375
0.014556884765625 -0.00694084167480469 0.0967788696289063 -0.0475997924804688
0.000941276550292969 -0.00247025489807129 -0.11883544921875 -0.4825439453125
-0.0223636627197266 0.0236301422119141 -0.47412109375 -0.55810546875
-0.0168228149414062 0.0519905090332031 -0.75091552734375 -0.17730712890625
-0.0185832977294922 0.0219306945800781 -0.718994140625 0.22601318359375
0.0259666442871094 -0.0392990112304688 -0.54559326171875 0.312713623046875
0.0685348510742188 -0.076507568359375 -0.237396240234375 0.27301025390625
0.0637283325195313 -0.106529235839844 -0.0235023498535156 0.0392189025878906
0.0833892822265625 -0.0717620849609375 0.0802154541015625 -0.111213684082031
0.0856781005859375 -0.0746383666992188 0.2652587890625 -0.3348388671875
0.0442657470703125 -0.0578498840332031 0.466522216796875 -0.352935791015625
0.00538444519042969 0.0183353424072266 0.6767578125 -0.19873046875
-0.0179595947265625 0.0896682739257813 0.71197509765625 0.163330078125
-0.0372772216796875 0.0815811157226562 0.5673828125 0.42095947265625
0.00996780395507812 0.053924560546875 0.28369140625 0.3521728515625
0.0250911712646484 0.00723457336425781 0.0829849243164062 -0.0715713500976563
0.0100021362304688 0.0143394470214844 -0.129669189453125 -0.505126953125
-0.0204277038574219 0.0402946472167969 -0.47723388671875 -0.58563232421875
-0.0233802795410156 0.062957763671875 -0.75189208984375 -0.2081298828125
-0.0295028686523438 0.0192699432373047 -0.71539306640625 0.203857421875
0.0214996337890625 -0.0524024963378906 -0.537322998046875 0.296722412109375
0.0769424438476563 -0.0892105102539063 -0.226348876953125 0.259918212890625
0.0803375244140625 -0.110549926757812 -0.00431060791015625 0.02886962890625
-0.0403633117675781 0.0293235778808594 0.0997467041015625 -0.0767974853515625
-0.00911712646484375 0.0802078247070313 0.312042236328125 -0.261810302734375
0.057342529296875 0.08404541015625 0.533966064453125 -0.254638671875
0.0588226318359375 0.0265464782714844 0.72381591796875 -0.075439453125
-0.00493621826171875 -0.0547523498535156 0.66314697265625 0.27081298828125
-0.0596847534179688 -0.112297058105469 0.47918701171875 0.4971923828125
-0.0489044189453125 -0.1229248046875 0.204071044921875 0.356231689453125
-0.0421600341796875 -0.14178466796875 0.020416259765625 -0.0930404663085938
-0.05078125 -0.140838623046875 -0.228912353515625 -0.485992431640625
-0.0509567260742187 -0.130996704101562 -0.5869140625 -0.48443603515625
-0.0206298828125 -0.062255859375 -0.77374267578125 -0.0520019531250001
0.0126180648803711 0.000411033630371094 -0.64971923828125 0.31207275390625
0.0332412719726563 0.0548477172851563 -0.4432373046875 0.375701904296875
-0.00384521484375 0.0546951293945313 -0.17462158203125 0.320281982421875
-0.0452728271484375 0.0128135681152344 0.00182342529296875 0.0737152099609375
-0.0334568023681641 0.0167770385742188 0.0881271362304688 -0.0688858032226563
-0.00582504272460938 0.0684852600097656 0.299896240234375 -0.273284912109375
0.0557861328125 0.0858078002929688 0.515167236328125 -0.26171875
0.0645370483398438 0.040679931640625 0.70562744140625 -0.068115234375
0.005767822265625 -0.0386161804199219 0.6612548828125 0.29010009765625
-0.05731201171875 -0.10211181640625 0.495819091796875 0.525299072265625
-0.0498046875 -0.114570617675781 0.22625732421875 0.38690185546875
-0.044097900390625 -0.134834289550781 0.04351806640625 -0.0668754577636719
-0.05389404296875 -0.1287841796875 -0.201812744140625 -0.464111328125
-0.0598602294921875 -0.11737060546875 -0.5673828125 -0.46917724609375
-0.0280189514160156 -0.0581779479980469 -0.7698974609375 -0.0393676757812499
0.00809526443481445 -0.0063776969909668 -0.66387939453125 0.32171630859375
0.0427207946777344 0.0357589721679688 -0.46636962890625 0.379241943359375
0.0137138366699219 0.0403900146484375 -0.190460205078125 0.32281494140625
-0.0372543334960938 0.00202178955078124 -0.0188827514648438 0.0774765014648438
-0.014491081237793 0.000267982482910157 0.0790863037109375 -0.0664138793945313
0.00452041625976562 0.0441627502441406 0.2952880859375 -0.289642333984375
0.056427001953125 0.0703659057617188 0.4915771484375 -0.289215087890625
0.0613784790039063 0.0452346801757813 0.681884765625 -0.0850830078125
0.00791072845458984 -0.0154752731323242 0.66131591796875 0.29083251953125
-0.05682373046875 -0.0761795043945312 0.5103759765625 0.539703369140625
-0.046478271484375 -0.0929641723632813 0.251190185546875 0.4107666015625
-0.0406646728515625 -0.116050720214844 0.0670890808105469 -0.0436477661132813
-0.0512466430664062 -0.10809326171875 -0.173065185546875 -0.45269775390625
-0.060211181640625 -0.0935516357421875 -0.543212890625 -0.467254638671875
-0.0311164855957031 -0.0410881042480469 -0.76397705078125 -0.0494995117187498
0.00353813171386719 -0.0102872848510742 -0.67584228515625 0.32244873046875
0.0451393127441406 0.0156898498535156 -0.490234375 0.37567138671875
0.0295181274414063 0.0190792083740234 -0.208038330078125 0.32147216796875
-0.0196666717529297 -0.0174961090087891 -0.0335006713867187 0.0788345336914063
0.011021614074707 -0.0171260833740234 0.070709228515625 -0.0676040649414063
0.0289192199707031 0.0173740386962891 0.29144287109375 -0.307525634765625
0.06072998046875 0.0391120910644531 0.475311279296875 -0.31854248046875
0.0562286376953125 0.0378990173339844 0.65948486328125 -0.1124267578125
0.00464773178100586 0.00657558441162109 0.65899658203125 0.27734375
-0.0553741455078125 -0.0413475036621094 0.527679443359375 0.53857421875
-0.0394706726074219 -0.0590248107910156 0.271270751953125 0.42596435546875
-0.0307235717773438 -0.0890045166015625 0.086517333984375 -0.0276718139648438
-0.0407638549804688 -0.0839385986328125 -0.147735595703125 -0.448944091796875
-0.0528945922851563 -0.0641708374023438 -0.516357421875 -0.4801025390625
-0.0273170471191406 -0.0183448791503906 -0.755615234375 -0.0712280273437501
-0.000660419464111328 -0.00463533401489258 -0.6878662109375 0.31024169921875
0.0443916320800781 -0.00143051147460938 -0.51202392578125 0.368499755859375
0.0424728393554688 -0.007476806640625 -0.22119140625 0.31744384765625
-0.00114822387695313 -0.0427474975585938 -0.0424575805664063 0.0746612548828125
0.0402870178222656 -0.0355339050292969 0.0665740966796875 -0.0759658813476563
0.0581169128417969 -0.0143814086914062 0.285003662109375 -0.32366943359375
0.06732177734375 0.00156402587890625 0.45928955078125 -0.342803955078125
0.0451469421386719 0.0238876342773438 0.6461181640625 -0.1422119140625
-0.00419425964355469 0.0316829681396484 0.66790771484375 0.2550048828125
-0.0557937622070312 -0.00161743164062501 0.5469970703125 0.523468017578125
-0.0300254821777344 -0.0210342407226563 0.2882080078125 0.424530029296875
-0.0158958435058594 -0.0590667724609375 0.0989303588867187 -0.0223388671875
-0.0251884460449219 -0.0543289184570313 -0.1297607421875 -0.45172119140625
-0.0405387878417969 -0.0321388244628906 -0.494873046875 -0.501617431640625
-0.0212955474853516 0.00662994384765625 -0.7532958984375 -0.10296630859375
-0.00248575210571289 0.00485467910766602 -0.7001953125 0.28643798828125
0.0385627746582031 -0.015625 -0.527557373046875 0.35662841796875
0.0517730712890625 -0.0343132019042969 -0.232391357421875 0.306884765625
0.0197067260742188 -0.0693702697753906 -0.0451202392578125 0.065338134765625
0.0640602111816406 -0.0508460998535156 0.0682373046875 -0.0856170654296875
0.0831298828125 -0.04241943359375 0.275360107421875 -0.334442138671875
0.0675239562988281 -0.0340805053710938 0.4486083984375 -0.35430908203125
0.0321979522705078 0.0116901397705078 0.64276123046875 -0.1666259765625
-0.0142745971679687 0.05255126953125 0.6781005859375 0.2276611328125
-0.05303955078125 0.0360946655273437 0.559906005859375 0.49346923828125
-0.0178794860839844 0.0153350830078125 0.296051025390625 0.40814208984375
0.00103378295898438 -0.0312404632568359 0.101806640625 -0.028961181640625
-0.0106163024902344 -0.0241966247558594 -0.11920166015625 -0.460693359375
-0.0310955047607422 -0.00134468078613281 -0.479522705078125 -0.52374267578125
-0.0168609619140625 0.0318698883056641 -0.74761962890625 -0.1397705078125
-0.00802135467529297 0.0148468017578125 -0.70648193359375 0.25823974609375
0.0333576202392578 -0.0276870727539063 -0.538299560546875 0.33642578125
0.0601272583007813 -0.0568885803222656 -0.2392578125 0.290802001953125
0.0422210693359375 -0.0908737182617188 -0.0382537841796875 0.0548477172851562
0.0783615112304688 -0.0639801025390625 0.0720977783203125 -0.099853515625
0.0906753540039063 -0.0638427734375 0.263885498046875 -0.336944580078125
0.0583229064941406 -0.0549354553222656 0.448486328125 -0.35546875
0.0151557922363281 0.00987625122070313 0.65191650390625 -0.1846923828125
-0.0178451538085938 0.074920654296875 0.6954345703125 0.1932373046875
-0.0470771789550781 0.06573486328125 0.569091796875 0.45501708984375
-0.0022430419921875 0.0405960083007813 0.295623779296875 0.381744384765625
0.0137853622436523 -0.00705718994140625 0.0960845947265625 -0.047088623046875
0.000949859619140625 -0.00177371501922607 -0.122100830078125 -0.47918701171875
-0.0231113433837891 0.0251522064208984 -0.47357177734375 -0.55389404296875
-0.0148391723632813 0.0509567260742188 -0.74871826171875 -0.17315673828125
-0.0171985626220703 0.0203208923339844 -0.7147216796875 0.23040771484375
0.0259780883789063 -0.0402336120605469 -0.541839599609375 0.315460205078125
0.0663528442382813 -0.0764007568359375 -0.234817504882813 0.27435302734375
0.0632705688476563 -0.105903625488281 -0.0245208740234375 0.0409469604492188
0.0822372436523438 -0.0715789794921875 0.0795974731445313 -0.111236572265625
0.0848464965820312 -0.0738143920898437 0.261474609375 -0.334136962890625
0.0436363220214844 -0.0587615966796875 0.46160888671875 -0.355712890625
0.00528907775878906 0.0174713134765625 0.6712646484375 -0.203125
-0.0163955688476563 0.0900115966796875 0.70745849609375 0.1595458984375
-0.0357208251953125 0.0825119018554688 0.56793212890625 0.41558837890625
0.00979995727539062 0.05267333984375 0.284515380859375 0.348876953125
0.0248641967773438 0.00742721557617188 0.0811004638671875 -0.0719528198242188
0.00996589660644531 0.0155811309814453 -0.13214111328125 -0.500701904296875
-0.0194435119628906 0.0409011840820313 -0.47784423828125 -0.5794677734375
-0.02294921875 0.0636520385742188 -0.74749755859375 -0.2020263671875
-0.0301837921142578 0.0201492309570312 -0.71026611328125 0.20660400390625
0.0208053588867188 -0.0528945922851563 -0.533599853515625 0.3001708984375
0.0744705200195313 -0.090118408203125 -0.224319458007812 0.25970458984375
0.0796966552734375 -0.1090087890625 -0.00365257263183594 0.0283355712890625
-0.0420570373535156 0.0288162231445313 0.099273681640625 -0.07684326171875
-0.00814056396484375 0.0806427001953125 0.3067626953125 -0.2642822265625
0.0572891235351563 0.0830307006835938 0.531494140625 -0.25738525390625
0.0592575073242188 0.0265693664550781 0.72052001953125 -0.08038330078125
-0.00618362426757812 -0.0543403625488281 0.66229248046875 0.26556396484375
-0.0610809326171875 -0.112113952636719 0.4813232421875 0.49383544921875
-0.049835205078125 -0.122886657714844 0.20489501953125 0.355255126953125
-0.0442657470703125 -0.140960693359375 0.0193099975585938 -0.0910720825195313
-0.0507659912109375 -0.140113830566406 -0.23101806640625 -0.482421875
-0.0524673461914063 -0.129257202148438 -0.5870361328125 -0.47930908203125
-0.0215377807617187 -0.0626182556152344 -0.76947021484375 -0.0474853515625
0.0129051208496094 -2.6702880859375E-05 -0.644775390625 0.31475830078125
0.0312461853027344 0.0534553527832031 -0.4404296875 0.37847900390625
-0.00414657592773438 0.0546607971191406 -0.17279052734375 0.318511962890625
-0.0453948974609375 0.0129280090332031 0.0011749267578125 0.074554443359375
-0.0328292846679687 0.0171222686767578 0.08697509765625 -0.0718154907226563
-0.00736618041992187 0.0676078796386719 0.29736328125 -0.27362060546875
0.0549163818359375 0.0840682983398438 0.510284423828125 -0.26416015625
0.0635910034179687 0.0408592224121094 0.70196533203125 -0.07177734375
0.00339889526367187 -0.038421630859375 0.65997314453125 0.28515625
-0.0583343505859375 -0.101959228515625 0.49493408203125 0.519500732421875
-0.0505905151367187 -0.113510131835938 0.224609375 0.384429931640625
-0.0442733764648438 -0.133926391601563 0.0439529418945313 -0.0668716430664063
-0.053741455078125 -0.127632141113281 -0.20428466796875 -0.46173095703125
-0.0604324340820312 -0.115867614746094 -0.567138671875 -0.465087890625
-0.0287895202636719 -0.0577735900878906 -0.765380859375 -0.0361328125
0.00781917572021484 -0.00978469848632813 -0.65875244140625 0.325927734375
0.0412445068359375 0.0353965759277344 -0.462921142578125 0.380157470703125
0.0129623413085938 0.040557861328125 -0.187530517578125 0.32196044921875
-0.0365982055664063 0.0022125244140625 -0.0183029174804688 0.0785140991210938
-0.0155515670776367 -0.000532150268554686 0.0765609741210938 -0.0683441162109375
0.00510025024414062 0.0462493896484375 0.290985107421875 -0.2911376953125
0.0568733215332031 0.069793701171875 0.487457275390625 -0.293060302734375
0.0625572204589844 0.0446281433105469 0.678955078125 -0.0877685546875
0.00801181793212891 -0.0162839889526367 0.658203125 0.28631591796875
-0.057342529296875 -0.0763931274414062 0.51275634765625 0.534423828125
-0.0471878051757813 -0.0926437377929688 0.25128173828125 0.40673828125
-0.040557861328125 -0.114433288574219 0.0664291381835938 -0.0422210693359375
-0.051666259765625 -0.106582641601563 -0.1761474609375 -0.450408935546875
-0.059539794921875 -0.0924530029296875 -0.541351318359375 -0.46337890625
-0.0304794311523437 -0.0411720275878906 -0.76129150390625 -0.0435180664062499
0.00350379943847656 -0.0107631683349609 -0.67181396484375 0.32525634765625
0.0449714660644531 0.0158729553222656 -0.487213134765625 0.38043212890625
0.0297718048095703 0.0183773040771484 -0.205352783203125 0.32220458984375
-0.0201683044433594 -0.0178279876708984 -0.0332489013671875 0.0789566040039063
0.0110206604003906 -0.0184040069580078 0.06988525390625 -0.068389892578125
0.0290927886962891 0.0176467895507813 0.2874755859375 -0.3089599609375
0.0601692199707031 0.0396575927734375 0.47088623046875 -0.320037841796875
0.0555267333984375 0.0367698669433594 0.65679931640625 -0.11639404296875
0.00477695465087891 0.00678682327270508 0.65643310546875 0.2733154296875
-0.055450439453125 -0.0405044555664063 0.527984619140625 0.534027099609375
-0.0409774780273438 -0.0589332580566406 0.271270751953125 0.42071533203125
-0.0300369262695312 -0.0886154174804688 0.0849456787109375 -0.0277328491210938
-0.0404891967773438 -0.0821304321289063 -0.1502685546875 -0.44464111328125
-0.0531387329101563 -0.062225341796875 -0.516571044921875 -0.47528076171875
-0.0275764465332031 -0.0187053680419922 -0.75213623046875 -0.0664062500000001
6.8187713623047E-05 -0.0046992301940918 -0.68206787109375 0.311279296875
0.0428276062011719 -0.00276565551757813 -0.50689697265625 0.37384033203125
0.0411453247070313 -0.00823593139648438 -0.218994140625 0.318084716796875
-0.000698089599609371 -0.0418167114257812 -0.0421600341796875 0.075775146484375
0.0401229858398438 -0.0351600646972656 0.0666732788085938 -0.0763931274414062
0.0587806701660156 -0.0141181945800781 0.282012939453125 -0.323822021484375
0.0666656494140625 0.0003509521484375 0.4559326171875 -0.34588623046875
0.0461463928222656 0.0237388610839844 0.642578125 -0.1474609375
-0.00506782531738281 0.0306987762451172 0.66510009765625 0.2513427734375
-0.056304931640625 -0.00156021118164064 0.547271728515625 0.51812744140625
-0.0291843414306641 -0.0201606750488281 0.2890625 0.420989990234375
-0.0154571533203125 -0.0594100952148438 0.0973968505859375 -0.0214920043945313
-0.0253982543945313 -0.0525016784667969 -0.131134033203125 -0.4493408203125
-0.0410537719726563 -0.0299301147460937 -0.493682861328125 -0.4969482421875
-0.0212249755859375 0.00612068176269531 -0.74945068359375 -0.09893798828125
-0.00348663330078125 0.00585603713989258 -0.694580078125 0.2908935546875
0.0383377075195313 -0.0156822204589844 -0.526580810546875 0.3570556640625
0.0499954223632813 -0.0338897705078125 -0.231536865234375 0.30767822265625
0.020416259765625 -0.06781005859375 -0.0445213317871094 0.0668182373046875
0.0642662048339844 -0.0511817932128906 0.0662460327148438 -0.0873031616210938
0.0817108154296875 -0.04290771484375 0.271240234375 -0.334197998046875
0.0665702819824219 -0.0339622497558594 0.443634033203125 -0.356781005859375
0.0303840637207031 0.0111808776855469 0.63885498046875 -0.17108154296875
-0.0126113891601562 0.0525169372558594 0.6759033203125 0.22021484375
-0.0544853210449219 0.0365333557128906 0.560546875 0.488372802734375
-0.0168342590332031 0.014613151550293 0.295013427734375 0.405029296875
0.00103378295898438 -0.0299491882324219 0.100296020507812 -0.0303497314453125
-0.0114936828613281 -0.0257644653320313 -0.120941162109375 -0.45745849609375
-0.0305461883544922 0.00101470947265625 -0.480804443359375 -0.520843505859375
-0.0161781311035156 0.0308914184570313 -0.74432373046875 -0.1356201171875
-0.0079803466796875 0.0152950286865234 -0.70343017578125 0.26318359375
0.0318546295166016 -0.0276546478271484 -0.5355224609375 0.338348388671875
0.0576400756835938 -0.0572357177734375 -0.236114501953125 0.291412353515625
0.0408477783203125 -0.0908737182617188 -0.0388145446777344 0.0544853210449219
0.0776519775390625 -0.0650711059570313 0.0707473754882813 -0.0991897583007813
0.0894699096679688 -0.0653228759765625 0.26190185546875 -0.336181640625
0.0576210021972656 -0.0561714172363281 0.445770263671875 -0.36053466796875
0.0141067504882813 0.00951862335205078 0.64794921875 -0.188720703125
-0.0172042846679687 0.0730133056640625 0.6927490234375 0.18817138671875
-0.0465164184570312 0.0656013488769531 0.57000732421875 0.45068359375
-0.00261306762695313 0.0403823852539063 0.29815673828125 0.37884521484375
0.0143804550170898 -0.00659084320068359 0.094970703125 -0.0475540161132813
0.000938653945922852 -0.00246953964233398 -0.1229248046875 -0.4752197265625
-0.0227108001708984 0.0264186859130859 -0.47454833984375 -0.54803466796875
-0.0155715942382812 0.0522041320800781 -0.74578857421875 -0.1680908203125
-0.0166339874267578 0.0207004547119141 -0.70849609375 0.23333740234375
0.025909423828125 -0.039825439453125 -0.53955078125 0.318359375
0.0653152465820313 -0.0765838623046875 -0.233352661132813 0.275405883789063
0.0606765747070313 -0.104461669921875 -0.0246925354003906 0.0410842895507812
0.0819854736328125 -0.071746826171875 0.0787734985351562 -0.113288879394531
0.0844802856445313 -0.073516845703125 0.259307861328125 -0.3358154296875
0.0425262451171875 -0.0582313537597656 0.456024169921875 -0.35772705078125
0.00440502166748047 0.0167074203491211 0.668212890625 -0.2054443359375
-0.01495361328125 0.0893402099609375 0.70709228515625 0.15301513671875
-0.0352783203125 0.0812301635742188 0.56756591796875 0.4107666015625
0.00993347167968749 0.0522193908691406 0.284332275390625 0.34576416015625
0.0249538421630859 0.00653457641601563 0.0810775756835938 -0.0717315673828125
0.0108957290649414 0.0160589218139648 -0.1356201171875 -0.49835205078125
-0.0194816589355469 0.0420722961425781 -0.4786376953125 -0.57427978515625
-0.0221061706542969 0.0627555847167969 -0.744140625 -0.197509765625
-0.02880859375 0.0194549560546875 -0.70623779296875 0.20947265625
0.0198516845703125 -0.0525665283203125 -0.53070068359375 0.300506591796875
0.0728225708007813 -0.09100341796875 -0.2225341796875 0.260452270507813
0.078765869140625 -0.108894348144531 -0.00448226928710937 0.0288925170898437
-0.0421905517578125 0.0283584594726563 0.097198486328125 -0.0774307250976563
-0.00726318359374999 0.0806427001953125 0.306488037109375 -0.2655029296875
0.0576095581054688 0.0830154418945313 0.5255126953125 -0.259490966796875
0.0580215454101563 0.0254631042480469 0.71795654296875 -0.0833740234375
-0.00615692138671875 -0.0542831420898438 0.66033935546875 0.26220703125
-0.0631179809570313 -0.112068176269531 0.479888916015625 0.49114990234375
-0.0499343872070312 -0.120803833007813 0.205718994140625 0.353179931640625
-0.043243408203125 -0.139694213867188 0.0178146362304688 -0.0906753540039063
-0.052001953125 -0.138450622558594 -0.2325439453125 -0.47857666015625
-0.05328369140625 -0.128700256347656 -0.58758544921875 -0.474609375
-0.021453857421875 -0.0622978210449219 -0.7674560546875 -0.04302978515625
0.0128297805786133 1.43051147460937E-05 -0.6416015625 0.31634521484375
0.03143310546875 0.0535125732421875 -0.43878173828125 0.379669189453125
-0.00463485717773438 0.0534896850585938 -0.1702880859375 0.320648193359375
-0.0473785400390625 0.0133132934570313 0.001312255859375 0.0740280151367188
-0.0329208374023438 0.0167579650878906 0.0856781005859375 -0.0714111328125
-0.00717926025390625 0.0682792663574219 0.293853759765625 -0.27496337890625
0.0555801391601563 0.0848617553710938 0.5067138671875 -0.267852783203125
0.0646018981933594 0.0393524169921875 0.7020263671875 -0.07562255859375
0.004150390625 -0.0389366149902344 0.65985107421875 0.28057861328125
-0.0589981079101562 -0.100234985351563 0.494049072265625 0.51666259765625
-0.051025390625 -0.112556457519531 0.228515625 0.382904052734375
-0.0441970825195313 -0.131782531738281 0.0427322387695313 -0.0643768310546875
-0.0556640625 -0.127197265625 -0.205169677734375 -0.45843505859375
-0.0606307983398438 -0.115409851074219 -0.5662841796875 -0.45904541015625
-0.0286407470703125 -0.0556678771972656 -0.76275634765625 -0.0322875976562499
0.009796142578125 -0.00894927978515625 -0.6558837890625 0.3267822265625
0.0419654846191406 0.0344352722167969 -0.46185302734375 0.3819580078125
0.01348876953125 0.0394668579101563 -0.186431884765625 0.322479248046875
-0.0373878479003906 0.00212860107421874 -0.0181961059570312 0.078216552734375
-0.0151090621948242 0.000282287597656249 0.0755233764648437 -0.068817138671875
0.0049285888671875 0.0449409484863281 0.28851318359375 -0.29327392578125
0.0564117431640625 0.0693588256835938 0.483795166015625 -0.29364013671875
0.0632171630859375 0.0433082580566406 0.67755126953125 -0.0931396484375
0.00768280029296875 -0.0164308547973633 0.65826416015625 0.2803955078125
-0.0568161010742188 -0.0747604370117188 0.5125732421875 0.530548095703125
-0.0484237670898437 -0.089935302734375 0.250823974609375 0.4053955078125
-0.0405044555664063 -0.113372802734375 0.0657081604003906 -0.0412025451660156
-0.0519485473632812 -0.106735229492188 -0.178192138671875 -0.44775390625
-0.0611343383789063 -0.091094970703125 -0.54266357421875 -0.45855712890625
-0.0313453674316406 -0.0420608520507813 -0.758544921875 -0.0390624999999999
0.00275802612304688 -0.00940799713134765 -0.66754150390625 0.32940673828125
0.0452156066894531 0.0134010314941406 -0.48614501953125 0.382232666015625
0.0291500091552734 0.016387939453125 -0.202667236328125 0.323028564453125
-0.0207500457763672 -0.0158672332763672 -0.0326766967773438 0.0796890258789062
0.009307861328125 -0.0177345275878906 0.0684967041015625 -0.0704574584960938
0.0279426574707031 0.0170555114746094 0.28558349609375 -0.309783935546875
0.0612411499023438 0.0392608642578125 0.4677734375 -0.32440185546875
0.0556793212890625 0.0364913940429688 0.653564453125 -0.11944580078125
0.00457048416137695 0.00781965255737305 0.65576171875 0.270263671875
-0.0558929443359375 -0.0395965576171875 0.528656005859375 0.529449462890625
-0.0410270690917969 -0.0579261779785156 0.273895263671875 0.4183349609375
-0.0298919677734375 -0.0865707397460938 0.085418701171875 -0.0268707275390625
-0.0403518676757813 -0.0803985595703125 -0.151458740234375 -0.442047119140625
-0.0534019470214844 -0.0622634887695312 -0.517730712890625 -0.471527099609375
-0.0274333953857422 -0.018890380859375 -0.75103759765625 -0.061767578125
0.000606060028076171 -0.00469446182250977 -0.67724609375 0.3148193359375
0.0427932739257813 -0.00290298461914063 -0.50433349609375 0.374847412109375
0.0398788452148438 -0.00876617431640625 -0.217041015625 0.3177490234375
-0.00156021118164063 -0.0416412353515625 -0.0418319702148438 0.0759735107421875
0.0392570495605469 -0.0347061157226562 0.0655288696289063 -0.076416015625
0.0583572387695312 -0.0142669677734375 0.278594970703125 -0.325714111328125
0.0672950744628906 0.00109481811523438 0.451629638671875 -0.34912109375
0.0450248718261719 0.0228118896484375 0.63983154296875 -0.14892578125
-0.00374412536621094 0.0297069549560547 0.66326904296875 0.24432373046875
-0.0565185546875 0.000236511230468758 0.54718017578125 0.514617919921875
-0.0292320251464844 -0.0202903747558594 0.290924072265625 0.417694091796875
-0.0161857604980469 -0.0581779479980469 0.0969009399414063 -0.021759033203125
-0.026458740234375 -0.0508842468261719 -0.133758544921875 -0.44635009765625
-0.0412025451660156 -0.029388427734375 -0.495574951171875 -0.493255615234375
-0.0213909149169922 0.0068817138671875 -0.74664306640625 -0.0941162109375
-0.00368785858154297 0.00504732131958008 -0.6900634765625 0.29278564453125
0.0376014709472656 -0.0167198181152344 -0.52301025390625 0.3603515625
0.0501213073730469 -0.0349311828613281 -0.228240966796875 0.3082275390625
0.018218994140625 -0.0672264099121094 -0.0442085266113281 0.0670318603515625
0.0636482238769531 -0.050872802734375 0.06561279296875 -0.087554931640625
0.0812759399414063 -0.0420150756835937 0.26641845703125 -0.335845947265625
0.0661544799804688 -0.0337486267089844 0.441314697265625 -0.359283447265625
0.0307064056396484 0.0119113922119141 0.635986328125 -0.17315673828125
-0.0131721496582031 0.0528640747070312 0.6748046875 0.21697998046875
-0.0538101196289063 0.03656005859375 0.559295654296875 0.483642578125
-0.01629638671875 0.014582633972168 0.299285888671875 0.401458740234375
0.000585556030273436 -0.0293731689453125 0.100044250488281 -0.0288848876953125
-0.0105876922607422 -0.0247993469238281 -0.123931884765625 -0.454833984375
-0.030517578125 0.000297546386718751 -0.4827880859375 -0.516143798828125
-0.0157489776611328 0.0313358306884766 -0.74432373046875 -0.1304931640625
-0.00641822814941406 0.0153303146362305 -0.69970703125 0.26605224609375
0.0315208435058594 -0.0288238525390625 -0.534210205078125 0.342620849609375
0.05767822265625 -0.0576667785644531 -0.233673095703125 0.292633056640625
0.0398483276367188 -0.0910186767578125 -0.0388603210449219 0.0541458129882812
0.0780792236328125 -0.062896728515625 0.0700531005859375 -0.0996856689453125
0.0898056030273438 -0.0644760131835938 0.2569580078125 -0.337249755859375
0.0571098327636719 -0.0568275451660156 0.440521240234375 -0.36187744140625
0.0167865753173828 0.00911045074462891 0.64605712890625 -0.19189453125
-0.016082763671875 0.0729141235351563 0.69036865234375 0.18402099609375
-0.0457534790039063 0.0652999877929688 0.5704345703125 0.44696044921875
-0.00320816040039062 0.0403900146484375 0.2979736328125 0.37664794921875
0.0136423110961914 -0.00650787353515625 0.0931243896484375 -0.0459213256835938
0.00121152400970459 -0.000332951545715332 -0.125213623046875 -0.473968505859375
-0.0228080749511719 0.0265884399414063 -0.476470947265625 -0.5452880859375
-0.0153846740722656 0.0509300231933594 -0.74322509765625 -0.16375732421875
-0.0172176361083984 0.0199680328369141 -0.70416259765625 0.237548828125
0.0260086059570312 -0.0421142578125 -0.53717041015625 0.32171630859375
0.0639114379882813 -0.077239990234375 -0.231201171875 0.276229858398438
0.060516357421875 -0.103523254394531 -0.0240516662597656 0.0401992797851562
0.0811233520507813 -0.0715179443359375 0.0769500732421875 -0.111869812011719
0.082794189453125 -0.0743637084960938 0.255523681640625 -0.335601806640625
0.0414466857910156 -0.059600830078125 0.45452880859375 -0.35968017578125
0.00519943237304687 0.0176048278808594 0.6650390625 -0.2099609375
-0.01513671875 0.088897705078125 0.7054443359375 0.14892578125
-0.0347747802734375 0.0819778442382813 0.567626953125 0.40814208984375
0.00998306274414063 0.0523300170898438 0.284637451171875 0.344573974609375
0.024078369140625 0.00702476501464844 0.0793228149414063 -0.0708160400390625
0.0111455917358398 0.0160379409790039 -0.13665771484375 -0.4947509765625
-0.019012451171875 0.0415687561035156 -0.47845458984375 -0.57098388671875
-0.0212821960449219 0.0623054504394531 -0.7451171875 -0.19342041015625
-0.0290946960449219 0.0195693969726563 -0.70184326171875 0.21466064453125
0.0188751220703125 -0.0531425476074219 -0.52789306640625 0.3060302734375
0.0722808837890625 -0.0899429321289063 -0.222213745117188 0.260650634765625
0.0757675170898438 -0.108161926269531 -0.00397109985351562 0.0304832458496094
-0.0422859191894531 0.0294227600097656 0.0964279174804688 -0.077117919921875
-0.0077362060546875 0.0798110961914063 0.303466796875 -0.26727294921875
0.0590362548828125 0.0830307006835938 0.525390625 -0.2633056640625
0.0588798522949219 0.0253639221191406 0.71673583984375 -0.0863037109375
-0.00642776489257813 -0.0543289184570313 0.65960693359375 0.25848388671875
-0.06353759765625 -0.110313415527344 0.479583740234375 0.48724365234375
-0.0500259399414062 -0.120834350585938 0.207427978515625 0.351898193359375
-0.0451278686523438 -0.138565063476563 0.01800537109375 -0.0873947143554688
-0.0512771606445312 -0.137397766113281 -0.23529052734375 -0.475830078125
-0.0548934936523438 -0.127693176269531 -0.5892333984375 -0.47076416015625
-0.0213584899902344 -0.0628929138183594 -0.76617431640625 -0.0397949218750002
0.0129280090332031 -0.000494003295898437 -0.6390380859375 0.321044921875
0.0321426391601562 0.0528144836425781 -0.434814453125 0.381317138671875
-0.004638671875 0.05255126953125 -0.16961669921875 0.32220458984375
-0.0468635559082031 0.0124549865722656 0.0028839111328125 0.0743179321289062
-0.0339107513427734 0.0161933898925781 0.0848312377929688 -0.072418212890625
-0.00648880004882812 0.0671195983886719 0.292327880859375 -0.277496337890625
0.0578460693359375 0.0834884643554688 0.505126953125 -0.2708740234375
0.0646820068359375 0.0384635925292969 0.7001953125 -0.0791015625
0.00262069702148437 -0.0381317138671875 0.659423828125 0.27783203125
-0.0609283447265625 -0.0986557006835938 0.49591064453125 0.515380859375
-0.0513458251953125 -0.112464904785156 0.230438232421875 0.381805419921875
-0.0452423095703125 -0.130912780761719 0.0416793823242188 -0.0636329650878906
-0.0560836791992187 -0.12579345703125 -0.207916259765625 -0.45703125
-0.061859130859375 -0.113746643066406 -0.570068359375 -0.45697021484375
-0.0293617248535156 -0.0565185546875 -0.7637939453125 -0.0310668945312499
0.00887584686279297 -0.00901699066162109 -0.65301513671875 0.3316650390625
0.0413322448730469 0.0335845947265625 -0.458160400390625 0.383697509765625
0.0122909545898437 0.0384597778320312 -0.18524169921875 0.323883056640625
-0.03729248046875 0.00247192382812499 -0.0177383422851563 0.07879638671875
-0.0151987075805664 -0.000261306762695309 0.0745697021484375 -0.068878173828125
0.00397109985351563 0.0455169677734375 0.28668212890625 -0.2945556640625
0.0563850402832031 0.0689315795898438 0.48516845703125 -0.297149658203125
0.0641860961914063 0.0433845520019531 0.67413330078125 -0.09661865234375
0.00691413879394531 -0.0170297622680664 0.65802001953125 0.2794189453125
-0.057952880859375 -0.0742721557617187 0.511962890625 0.52825927734375
-0.0477523803710937 -0.0896530151367188 0.25360107421875 0.403900146484375
-0.041748046875 -0.112876892089844 0.0648880004882813 -0.0409812927246094
-0.052154541015625 -0.105491638183594 -0.178985595703125 -0.44427490234375
-0.0620498657226562 -0.0898208618164063 -0.545562744140625 -0.45611572265625
-0.0313034057617187 -0.0414543151855469 -0.756591796875 -0.0371704101562501
0.00404739379882813 -0.009979248046875 -0.66497802734375 0.33074951171875
0.0441932678222656 0.0135154724121094 -0.483123779296875 0.38470458984375
0.0294647216796875 0.01611328125 -0.201141357421875 0.324432373046875
-0.0219936370849609 -0.0161457061767578 -0.0332489013671875 0.0797042846679687
0.0100116729736328 -0.0179309844970703 0.0687942504882813 -0.0704116821289063
0.0285835266113281 0.0171775817871094 0.28326416015625 -0.3111572265625
0.0619239807128906 0.0378341674804688 0.4652099609375 -0.325531005859375
0.0557975769042969 0.0353622436523438 0.65228271484375 -0.123046875
0.0050511360168457 0.00651693344116211 0.65594482421875 0.26690673828125
-0.0572433471679688 -0.0398674011230469 0.529541015625 0.52740478515625
-0.0410614013671875 -0.0580902099609375 0.274322509765625 0.41790771484375
-0.0303268432617188 -0.0869979858398438 0.0838241577148438 -0.027496337890625
-0.0405120849609375 -0.0790634155273437 -0.153839111328125 -0.4407958984375
-0.0531044006347656 -0.060333251953125 -0.519195556640625 -0.469970703125
-0.0265045166015625 -0.0190582275390625 -0.74871826171875 -0.0584716796874999
0.000509262084960938 -0.00501441955566406 -0.67474365234375 0.3184814453125
0.0420646667480469 -0.00313186645507813 -0.50372314453125 0.3778076171875
0.0405616760253906 -0.0101203918457031 -0.215057373046875 0.318389892578125
-0.00317001342773437 -0.04071044921875 -0.041473388671875 0.0753631591796875
0.0396041870117188 -0.0357131958007813 0.0648117065429688 -0.0769805908203125
0.0581130981445312 -0.0143585205078125 0.277252197265625 -0.327911376953125
0.0666618347167969 0.000354766845703125 0.449371337890625 -0.3511962890625
0.0457344055175781 0.0230827331542969 0.6395263671875 -0.154052734375
-0.00477981567382813 0.0290317535400391 0.6624755859375 0.24163818359375
-0.0566291809082031 -0.000160217285156257 0.548797607421875 0.511260986328125
-0.0288047790527344 -0.0203742980957031 0.292266845703125 0.41595458984375
-0.0152587890625 -0.0575103759765625 0.0957870483398438 -0.0218276977539063
-0.0256271362304688 -0.0511207580566406 -0.135162353515625 -0.444976806640625
-0.0417251586914062 -0.0288162231445313 -0.49774169921875 -0.4908447265625
-0.0206565856933594 0.00597190856933594 -0.745361328125 -0.0912475585937501
-0.00299978256225586 0.00455904006958008 -0.6885986328125 0.296630859375
0.037841796875 -0.0165901184082031 -0.5220947265625 0.363739013671875
0.0494880676269531 -0.035736083984375 -0.227569580078125 0.309112548828125
0.0175590515136719 -0.0679206848144531 -0.0439834594726563 0.0673751831054687
0.0631065368652344 -0.0509414672851562 0.06524658203125 -0.0879135131835938
0.0797958374023438 -0.0421295166015625 0.264801025390625 -0.337371826171875
0.0666885375976563 -0.0344161987304688 0.437774658203125 -0.363555908203125
0.0310840606689453 0.0108146667480469 0.6346435546875 -0.177490234375
-0.0130157470703125 0.0529823303222656 0.67608642578125 0.21282958984375
-0.0538063049316406 0.0367660522460938 0.56243896484375 0.47998046875
-0.016545295715332 0.0138702392578125 0.298736572265625 0.40032958984375
0.00062370300292969 -0.0299491882324219 0.0992889404296875 -0.0296707153320313
-0.00970268249511719 -0.0239620208740234 -0.1259765625 -0.45538330078125
-0.0304088592529297 0.000345230102539067 -0.48284912109375 -0.5130615234375
-0.0150985717773438 0.0330276489257813 -0.7442626953125 -0.1273193359375
-0.00761985778808593 0.0152864456176758 -0.69598388671875 0.26959228515625
0.0307750701904297 -0.0299358367919922 -0.531951904296875 0.345184326171875
0.0561943054199219 -0.0587196350097656 -0.23236083984375 0.294525146484375
0.0387725830078125 -0.0899581909179688 -0.0389480590820312 0.0550651550292969
0.0764236450195312 -0.06390380859375 0.0690765380859375 -0.099884033203125
0.0880813598632813 -0.0645904541015625 0.255828857421875 -0.340576171875
0.0555648803710938 -0.0563735961914063 0.439117431640625 -0.363128662109375
0.0154781341552734 0.00976848602294922 0.64556884765625 -0.19549560546875
-0.01690673828125 0.0735702514648438 0.69183349609375 0.18023681640625
-0.045562744140625 0.0656623840332031 0.56988525390625 0.44476318359375
-0.0017547607421875 0.0404319763183594 0.299102783203125 0.372894287109375
0.0146646499633789 -0.00741863250732422 0.0923919677734375 -0.0453872680664063
0.00219380855560303 0.000510573387145996 -0.126373291015625 -0.47210693359375
-0.0215358734130859 0.0273494720458984 -0.47772216796875 -0.54229736328125
-0.01495361328125 0.0509300231933594 -0.7430419921875 -0.16082763671875
-0.0167064666748047 0.0204830169677734 -0.70263671875 0.2406005859375
0.0245208740234375 -0.0417289733886719 -0.534698486328125 0.32470703125
0.0634002685546875 -0.0782623291015625 -0.230438232421875 0.277008056640625
0.0590591430664062 -0.103416442871094 -0.0238876342773437 0.0403785705566406
0.08038330078125 -0.072265625 0.0756759643554688 -0.111488342285156
0.0835952758789063 -0.073638916015625 0.253997802734375 -0.3370361328125
0.0416259765625 -0.0583419799804688 0.451812744140625 -0.363555908203125
0.00411415100097656 0.0175094604492188 0.662109375 -0.213134765625
-0.0146865844726562 0.0877304077148437 0.70452880859375 0.14593505859375
-0.0347213745117188 0.0817489624023438 0.5670166015625 0.4036865234375
0.00970840454101562 0.0530281066894531 0.286529541015625 0.341552734375
0.0253429412841797 0.006988525390625 0.0797042846679688 -0.0709228515625
0.0103769302368164 0.0174064636230469 -0.1396484375 -0.494842529296875
-0.0192451477050781 0.0428237915039062 -0.48175048828125 -0.5677490234375
-0.0223236083984375 0.0627288818359375 -0.74267578125 -0.189697265625
-0.028167724609375 0.0199871063232422 -0.7003173828125 0.216552734375
0.0197601318359375 -0.0545387268066406 -0.52587890625 0.30706787109375
0.0714492797851563 -0.09130859375 -0.219985961914063 0.263778686523438
0.0743408203125 -0.1087646484375 -0.00547218322753906 0.0291614532470703
-0.0417213439941406 0.0295219421386719 0.0944442749023438 -0.078277587890625
-0.0089569091796875 0.0804595947265625 0.300994873046875 -0.269744873046875
0.0579757690429688 0.0813522338867188 0.522705078125 -0.2647705078125
0.0601463317871094 0.0246086120605469 0.716552734375 -0.09124755859375
-0.00832748413085937 -0.0538139343261719 0.659423828125 0.255126953125
-0.0628128051757813 -0.110511779785156 0.482666015625 0.485992431640625
-0.049530029296875 -0.120948791503906 0.2083740234375 0.351348876953125
-0.044677734375 -0.137420654296875 0.0164108276367188 -0.0885543823242188
-0.0537185668945313 -0.138038635253906 -0.237335205078125 -0.47344970703125
-0.0551376342773438 -0.127204895019531 -0.5904541015625 -0.46728515625
-0.0218124389648437 -0.0625724792480469 -0.7652587890625 -0.0371093749999999
0.0125198364257813 -0.000649452209472656 -0.63604736328125 0.3240966796875
0.0326118469238281 0.0520591735839844 -0.43572998046875 0.384735107421875
-0.00413894653320312 0.0518608093261719 -0.16729736328125 0.321868896484375
-0.0462074279785156 0.0131607055664063 0.00334930419921875 0.0744400024414063
-0.0315361022949219 0.0167064666748047 0.0842361450195313 -0.073486328125
-0.00809478759765625 0.068267822265625 0.2904052734375 -0.277862548828125
0.0582199096679688 0.0831832885742188 0.504852294921875 -0.2730712890625
0.0654029846191406 0.0390434265136719 0.70074462890625 -0.08184814453125
0.00352859497070313 -0.0391845703125 0.6583251953125 0.27435302734375
-0.0602645874023437 -0.0991668701171875 0.49835205078125 0.5125732421875
-0.0508499145507813 -0.112045288085938 0.229736328125 0.379669189453125
-0.0449752807617188 -0.130912780761719 0.0415840148925781 -0.0646896362304688
-0.0571975708007813 -0.123931884765625 -0.21038818359375 -0.453338623046875
-0.0621185302734375 -0.112129211425781 -0.571533203125 -0.453369140625
-0.0294151306152344 -0.0558967590332031 -0.76165771484375 -0.0252685546875001
0.00889873504638672 -0.00862789154052734 -0.65032958984375 0.3345947265625
0.04205322265625 0.0319290161132813 -0.4588623046875 0.387237548828125
0.0123863220214844 0.0381011962890625 -0.182281494140625 0.323516845703125
-0.0379867553710937 0.00320053100585937 -0.01629638671875 0.0788803100585938
-0.0160341262817383 0.000957489013671872 0.0729827880859375 -0.0687637329101563
0.00372695922851563 0.0458221435546875 0.284088134765625 -0.295867919921875
0.0572700500488281 0.0679359436035156 0.48114013671875 -0.29876708984375
0.0636711120605469 0.0426864624023438 0.67572021484375 -0.09979248046875
0.00665664672851563 -0.0169839859008789 0.65679931640625 0.27471923828125
-0.058929443359375 -0.0738525390625 0.51422119140625 0.5247802734375
-0.0484848022460938 -0.089508056640625 0.255157470703125 0.403106689453125
-0.0410079956054687 -0.112396240234375 0.0640792846679687 -0.0415687561035156
-0.0523910522460938 -0.104804992675781 -0.1826171875 -0.444091796875
-0.0634994506835937 -0.0887374877929688 -0.546356201171875 -0.4547119140625
-0.0317344665527344 -0.0411491394042969 -0.7557373046875 -0.0317993164062502
0.00383090972900391 -0.0110664367675781 -0.6619873046875 0.3343505859375
0.044219970703125 0.0122718811035156 -0.481414794921875 0.38775634765625
0.0280666351318359 0.0153293609619141 -0.1990966796875 0.3255615234375
-0.0225887298583984 -0.0166645050048828 -0.032745361328125 0.0791244506835938
0.00957489013671875 -0.0174980163574219 0.0670089721679688 -0.0708999633789063
0.0275630950927734 0.0155601501464844 0.2803955078125 -0.313629150390625
0.0620918273925781 0.0378875732421875 0.46380615234375 -0.32794189453125
0.0573043823242188 0.0360870361328125 0.652099609375 -0.1265869140625
0.00347900390625 0.00606584548950195 0.6573486328125 0.26385498046875
-0.0577659606933594 -0.0394172668457031 0.532745361328125 0.5244140625
-0.0411262512207031 -0.0565643310546875 0.276123046875 0.414794921875
-0.0305938720703125 -0.0871047973632813 0.0839920043945312 -0.0254898071289063
-0.0417022705078125 -0.0790481567382813 -0.155792236328125 -0.43878173828125
-0.0537147521972656 -0.0588188171386719 -0.520751953125 -0.4674072265625
-0.0270233154296875 -0.0184040069580078 -0.7481689453125 -0.0545043945312501
-3.36170196533205E-05 -0.00435018539428711 -0.6737060546875 0.32183837890625
0.0417366027832031 -0.00478363037109375 -0.50140380859375 0.380645751953125
0.0389862060546875 -0.0093841552734375 -0.2144775390625 0.320220947265625
-0.00283432006835937 -0.0415534973144531 -0.0417709350585938 0.075836181640625
0.0387458801269531 -0.0349617004394531 0.0630416870117188 -0.0778045654296875
0.0573005676269531 -0.0133895874023438 0.274932861328125 -0.32818603515625
0.0675010681152344 -9.1552734375E-05 0.4481201171875 -0.3531494140625
0.0470771789550781 0.0225563049316406 0.63818359375 -0.1568603515625
-0.004425048828125 0.0291519165039063 0.66436767578125 0.2396240234375
-0.0567626953125 0.000881195068359373 0.5501708984375 0.507354736328125
-0.0295391082763672 -0.0196781158447266 0.2933349609375 0.41436767578125
-0.0155563354492188 -0.056732177734375 0.0957183837890625 -0.0212936401367188
-0.0268669128417969 -0.049163818359375 -0.137237548828125 -0.4434814453125
-0.0418777465820313 -0.0284233093261719 -0.499786376953125 -0.486572265625
-0.0202827453613281 0.00661277770996094 -0.74566650390625 -0.0894165039062499
-0.00215768814086914 0.0042872428894043 -0.68646240234375 0.3001708984375
0.0368423461914063 -0.0163650512695313 -0.519622802734375 0.36834716796875
0.0482559204101563 -0.0357284545898438 -0.226165771484375 0.310150146484375
0.0161170959472656 -0.0669212341308594 -0.0428962707519531 0.066558837890625
0.0618858337402344 -0.0506095886230469 0.064239501953125 -0.0890579223632813
0.0800018310546875 -0.0429229736328125 0.26275634765625 -0.339080810546875
0.0675392150878906 -0.0355415344238281 0.43682861328125 -0.36590576171875
0.0320224761962891 0.0101337432861328 0.63232421875 -0.1798095703125
-0.0116500854492188 0.0516700744628906 0.67529296875 0.21014404296875
-0.0529975891113281 0.037017822265625 0.561798095703125 0.478118896484375
-0.0152854919433594 0.0142526626586914 0.301055908203125 0.399871826171875
-0.000148773193359374 -0.0291023254394531 0.0988998413085938 -0.0291824340820313
-0.0109729766845703 -0.0221729278564453 -0.1278076171875 -0.453338623046875
-0.030609130859375 0.0017242431640625 -0.484222412109375 -0.512115478515625
-0.0147228240966797 0.0317134857177734 -0.74249267578125 -0.1241455078125
-0.00701713562011719 0.0139446258544922 -0.694580078125 0.27197265625
0.0298423767089844 -0.0296077728271484 -0.531585693359375 0.347137451171875
0.0554580688476563 -0.0597305297851563 -0.232208251953125 0.29534912109375
0.0374832153320313 -0.08984375 -0.0386161804199219 0.0555267333984375
0.0758285522460938 -0.0639419555664063 0.0678939819335938 -0.100898742675781
0.087371826171875 -0.0660247802734375 0.253570556640625 -0.342681884765625
0.0562019348144531 -0.0568771362304688 0.435028076171875 -0.367156982421875
0.0173606872558594 0.00854587554931641 0.6427001953125 -0.19940185546875
-0.0161972045898437 0.0715408325195313 0.69110107421875 0.1773681640625
-0.0457038879394531 0.0665283203125 0.57366943359375 0.44140625
-0.00267410278320313 0.0408782958984375 0.300201416015625 0.372894287109375
0.0152873992919922 -0.00602626800537109 0.0923690795898438 -0.0472793579101563
0.00161159038543701 0.00163841247558594 -0.129913330078125 -0.471282958984375
-0.0211639404296875 0.0266685485839844 -0.479766845703125 -0.539398193359375
-0.01434326171875 0.0504837036132813 -0.74383544921875 -0.15777587890625
-0.0162696838378906 0.0207595825195312 -0.70013427734375 0.2430419921875
0.0233230590820312 -0.0421714782714844 -0.533599853515625 0.328582763671875
0.0632858276367188 -0.0780258178710938 -0.229476928710937 0.279220581054688
0.0573959350585938 -0.103294372558594 -0.0239028930664062 0.0404205322265625
0.0792617797851563 -0.0730056762695313 0.0754013061523438 -0.113037109375
0.0814208984375 -0.0740890502929688 0.250518798828125 -0.33880615234375
0.0418510437011719 -0.0595932006835938 0.448028564453125 -0.3660888671875
0.00553035736083984 0.0171060562133789 0.6619873046875 -0.21820068359375
-0.0140304565429688 0.0877151489257813 0.7037353515625 0.1439208984375
-0.0345077514648438 0.0823822021484375 0.569091796875 0.40106201171875
0.0107192993164062 0.0531997680664063 0.28875732421875 0.341644287109375
0.0256977081298828 0.008026123046875 0.07708740234375 -0.0706024169921875
0.0106639862060547 0.0172243118286133 -0.141876220703125 -0.4930419921875
-0.0189208984375 0.0432319641113281 -0.48382568359375 -0.56549072265625
-0.0198173522949219 0.0629615783691406 -0.742431640625 -0.1856689453125
-0.0275192260742187 0.020355224609375 -0.69964599609375 0.2227783203125
0.0191917419433594 -0.0551490783691406 -0.52557373046875 0.31134033203125
0.0697708129882813 -0.0918960571289063 -0.220138549804687 0.263336181640625
0.073455810546875 -0.10870361328125 -0.0041046142578125 0.0308303833007812
-0.0414695739746094 0.0300216674804687 0.0953140258789063 -0.0801620483398438
-0.00849151611328126 0.080108642578125 0.3013916015625 -0.270751953125
0.0574111938476563 0.0814666748046875 0.52117919921875 -0.269134521484375
0.0606765747070312 0.02392578125 0.7166748046875 -0.09527587890625
-0.00839233398437501 -0.0548019409179687 0.6611328125 0.25189208984375
-0.06390380859375 -0.110252380371094 0.4842529296875 0.4832763671875
-0.0508651733398438 -0.121025085449219 0.210479736328125 0.349517822265625
-0.0459365844726563 -0.135917663574219 0.0172348022460938 -0.0865631103515625
-0.0547256469726563 -0.13714599609375 -0.240478515625 -0.472076416015625
-0.0567855834960938 -0.125877380371094 -0.59130859375 -0.46563720703125
-0.0229034423828125 -0.0623817443847656 -0.7642822265625 -0.0319213867187499
0.0136165618896484 -0.000853538513183594 -0.6351318359375 0.330322265625
0.0329170227050781 0.0509185791015625 -0.4351806640625 0.38671875
-0.00487518310546875 0.0510101318359375 -0.16632080078125 0.324310302734375
-0.0476837158203125 0.0139312744140625 0.0039215087890625 0.0739212036132813
-0.0322303771972656 0.0163650512695313 0.0823440551757813 -0.0745086669921875
-0.00786209106445312 0.0667152404785156 0.289215087890625 -0.28125
0.058502197265625 0.0830612182617188 0.503814697265625 -0.27545166015625
0.0656776428222656 0.0385704040527344 0.700439453125 -0.08758544921875
0.00171661376953125 -0.0396881103515625 0.6612548828125 0.2713623046875
-0.0610580444335938 -0.0990753173828125 0.499725341796875 0.50872802734375
-0.0527572631835938 -0.112068176269531 0.23291015625 0.37933349609375
-0.0465545654296875 -0.12841796875 0.0406532287597656 -0.0634040832519531
-0.0581283569335938 -0.123863220214844 -0.213134765625 -0.4525146484375
-0.0645217895507813 -0.111595153808594 -0.57427978515625 -0.45062255859375
-0.0294570922851562 -0.0564155578613281 -0.7625732421875 -0.0216064453125001
0.00881290435791016 -0.00933933258056641 -0.6494140625 0.3397216796875
0.0407066345214844 0.0321235656738281 -0.456787109375 0.39093017578125
0.0116767883300781 0.0371894836425781 -0.181121826171875 0.327423095703125
-0.0385284423828125 0.00340652465820312 -0.0165863037109375 0.0796737670898438
-0.0146503448486328 -7.15255737304693E-05 0.0732269287109375 -0.06903076171875
0.00441741943359375 0.0451545715332031 0.28302001953125 -0.2978515625
0.0573997497558594 0.0678977966308594 0.480194091796875 -0.303192138671875
0.0647201538085938 0.0430259704589844 0.6751708984375 -0.102783203125
0.00595855712890625 -0.0176658630371094 0.65728759765625 0.27313232421875
-0.0589141845703125 -0.073883056640625 0.51776123046875 0.522125244140625
-0.0490951538085937 -0.0896987915039063 0.257843017578125 0.402313232421875
-0.0417709350585938 -0.111900329589844 0.0637893676757813 -0.0401763916015625
-0.0539932250976562 -0.103431701660156 -0.184844970703125 -0.44171142578125
-0.063568115234375 -0.0895614624023438 -0.548919677734375 -0.450347900390625
-0.0311927795410156 -0.0408554077148437 -0.7559814453125 -0.0292358398437499
0.00271034240722656 -0.0109930038452148 -0.6614990234375 0.33831787109375
0.044097900390625 0.0125656127929688 -0.47943115234375 0.391204833984375
0.0280055999755859 0.0145797729492188 -0.199188232421875 0.32611083984375
-0.0219326019287109 -0.0150737762451172 -0.0318374633789063 0.0809707641601563
0.009521484375 -0.0177040100097656 0.065673828125 -0.0721511840820313
0.0279216766357422 0.0155391693115234 0.2794189453125 -0.31488037109375
0.0627365112304687 0.0367469787597656 0.46246337890625 -0.331390380859375
0.0584068298339844 0.0361404418945313 0.65228271484375 -0.13079833984375
0.00310277938842773 0.00630807876586914 0.65838623046875 0.26031494140625
-0.0573806762695313 -0.0402336120605469 0.533721923828125 0.5235595703125
-0.0417404174804688 -0.0580596923828125 0.278411865234375 0.414093017578125
-0.0310821533203125 -0.085601806640625 0.0834274291992188 -0.0243072509765625
-0.04144287109375 -0.0773849487304688 -0.158294677734375 -0.437408447265625
-0.053466796875 -0.0590362548828125 -0.522003173828125 -0.4635009765625
-0.0274238586425781 -0.0191497802734375 -0.75006103515625 -0.0511474609374998
-0.000829219818115235 -0.00589752197265625 -0.671875 0.32745361328125
0.0418815612792969 -0.00433349609375 -0.5006103515625 0.383544921875
0.0397491455078125 -0.0113067626953125 -0.21258544921875 0.3211669921875
-0.00331497192382812 -0.0394363403320313 -0.0412216186523438 0.07708740234375
0.0386772155761719 -0.0363731384277344 0.0639266967773437 -0.0789947509765625
0.057464599609375 -0.0153617858886719 0.274139404296875 -0.33123779296875
0.0672340393066406 -0.00146102905273438 0.447052001953125 -0.356658935546875
0.0455780029296875 0.0208358764648438 0.63824462890625 -0.16168212890625
-0.00466346740722656 0.0285453796386719 0.66595458984375 0.23583984375
-0.0565986633300781 -7.62939453125677E-06 0.552154541015625 0.5064697265625
-0.0299339294433594 -0.0191555023193359 0.2958984375 0.4119873046875
-0.0163078308105469 -0.0568733215332031 0.0950927734375 -0.0204238891601563
-0.0254020690917969 -0.0508499145507813 -0.139739990234375 -0.441986083984375
-0.0426139831542969 -0.0275154113769531 -0.502410888671875 -0.484771728515625
-0.0210609436035156 0.00705718994140625 -0.74591064453125 -0.0831298828124999
-0.00253677368164062 0.00456428527832031 -0.68389892578125 0.3035888671875
0.0372772216796875 -0.0185089111328125 -0.51983642578125 0.3712158203125
0.0486183166503906 -0.0363540649414062 -0.224517822265625 0.31231689453125
0.0159759521484375 -0.0661888122558594 -0.0438728332519531 0.0682258605957031
0.0622596740722656 -0.0506439208984375 0.0630340576171875 -0.0898208618164063
0.0797271728515625 -0.0420074462890625 0.26116943359375 -0.340850830078125
0.067169189453125 -0.0358200073242188 0.4371337890625 -0.369659423828125
0.0304851531982422 0.00900650024414063 0.63250732421875 -0.1844482421875
-0.0142784118652344 0.0516357421875 0.6767578125 0.2064208984375
-0.0536537170410156 0.0378608703613281 0.56549072265625 0.475341796875
-0.0166463851928711 0.0156526565551758 0.304046630859375 0.398162841796875
9.53674316406234E-05 -0.02984619140625 0.0962600708007813 -0.02886962890625
-0.0119724273681641 -0.0225906372070313 -0.13092041015625 -0.451812744140625
-0.0308761596679688 0.00307655334472656 -0.488189697265625 -0.510101318359375
-0.0145320892333984 0.0314540863037109 -0.74237060546875 -0.1209716796875
-0.00652694702148437 0.0145416259765625 -0.69427490234375 0.27655029296875
0.0306987762451172 -0.0294876098632813 -0.529266357421875 0.352264404296875
0.054656982421875 -0.0596656799316406 -0.2314453125 0.296722412109375
0.036712646484375 -0.0892486572265625 -0.0399971008300781 0.0554275512695312
0.0754928588867188 -0.0644912719726563 0.06768798828125 -0.0992889404296875
0.0880966186523437 -0.0662612915039063 0.25030517578125 -0.343505859375
0.0556526184082031 -0.0573654174804688 0.43450927734375 -0.372283935546875
0.01678466796875 0.00794506072998047 0.64263916015625 -0.20166015625
-0.0168075561523438 0.072509765625 0.69329833984375 0.17315673828125
-0.0452041625976563 0.0666427612304688 0.57464599609375 0.43902587890625
-0.00128173828125 0.0409965515136719 0.30255126953125 0.371856689453125
0.0144014358520508 -0.00621223449707031 0.0910797119140625 -0.0465850830078125
0.00261425971984863 0.000689983367919922 -0.1312255859375 -0.469635009765625
-0.0214862823486328 0.0279827117919922 -0.483062744140625 -0.537750244140625
-0.0140724182128906 0.0515899658203125 -0.7430419921875 -0.15338134765625
-0.0161495208740234 0.0198459625244141 -0.69927978515625 0.24847412109375
0.0226097106933594 -0.0423545837402344 -0.533905029296875 0.331573486328125
0.0632705688476563 -0.078582763671875 -0.228759765625 0.280731201171875
0.0561447143554687 -0.103858947753906 -0.0241470336914062 0.0429344177246094
0.0787506103515625 -0.0726470947265625 0.0744247436523438 -0.113006591796875
0.0813140869140625 -0.0757980346679688 0.24749755859375 -0.340576171875
0.0401763916015625 -0.0603179931640625 0.447113037109375 -0.368499755859375
0.00519561767578125 0.0179347991943359 0.66064453125 -0.220458984375
-0.013824462890625 0.0895004272460938 0.70599365234375 0.1392822265625
-0.035400390625 0.0822219848632812 0.57159423828125 0.3994140625
0.0110931396484375 0.0529441833496094 0.2900390625 0.33856201171875
0.0254058837890625 0.007354736328125 0.0776443481445313 -0.0704269409179688
0.0099191665649414 0.0167055130004883 -0.14398193359375 -0.493560791015625
-0.0187416076660156 0.0443954467773438 -0.48748779296875 -0.56451416015625
-0.0199737548828125 0.0619010925292969 -0.7464599609375 -0.1824951171875
-0.0274600982666016 0.0197944641113281 -0.69696044921875 0.22406005859375
0.0182113647460938 -0.0550117492675781 -0.52642822265625 0.31494140625
0.071258544921875 -0.0922927856445313 -0.219451904296875 0.265975952148438
0.0722122192382813 -0.10809326171875 -0.0059661865234375 0.0310573577880859
-0.0425262451171875 0.0305747985839844 0.0934066772460938 -0.0798110961914063
-0.0088653564453125 0.078582763671875 0.2989501953125 -0.27276611328125
0.0596084594726563 0.081085205078125 0.5211181640625 -0.272552490234375
0.06011962890625 0.0240097045898438 0.71820068359375 -0.100341796875
-0.0102119445800781 -0.0549812316894531 0.66265869140625 0.24859619140625
-0.065185546875 -0.109718322753906 0.488250732421875 0.4813232421875
-0.0511016845703125 -0.119987487792969 0.213348388671875 0.349395751953125
-0.047271728515625 -0.135414123535156 0.0163421630859375 -0.086029052734375
-0.0542221069335938 -0.135665893554688 -0.24261474609375 -0.472381591796875
-0.0578689575195312 -0.125381469726562 -0.59539794921875 -0.462158203125
-0.0233650207519531 -0.0627288818359375 -0.767822265625 -0.02825927734375
0.0122776031494141 -4.29153442382813E-05 -0.6329345703125 0.3338623046875
0.03363037109375 0.0520362854003906 -0.431884765625 0.3916015625
-0.00432205200195313 0.0511550903320313 -0.16522216796875 0.325836181640625
-0.046722412109375 0.0138053894042969 0.0019378662109375 0.074951171875
-0.0327091217041016 0.0160541534423828 0.080841064453125 -0.0752105712890625
-0.00751876831054688 0.0676536560058594 0.285858154296875 -0.283447265625
0.0582275390625 0.0839385986328125 0.50274658203125 -0.2811279296875
0.0657806396484375 0.0370597839355469 0.700439453125 -0.09344482421875
0.00131988525390625 -0.039703369140625 0.662353515625 0.26849365234375
-0.06256103515625 -0.0993881225585937 0.502899169921875 0.50848388671875
-0.0548934936523438 -0.111656188964844 0.235595703125 0.378631591796875
-0.047271728515625 -0.129234313964844 0.0400314331054688 -0.0631752014160156
-0.057830810546875 -0.123802185058594 -0.21441650390625 -0.451507568359375
-0.0647125244140625 -0.111503601074219 -0.57733154296875 -0.4468994140625
-0.0297164916992188 -0.0572967529296875 -0.76409912109375 -0.0181884765624999
0.00879764556884766 -0.0101156234741211 -0.6478271484375 0.34326171875
0.0410385131835938 0.0304107666015625 -0.456451416015625 0.393829345703125
0.0118560791015625 0.0385208129882813 -0.180755615234375 0.327117919921875
-0.0393524169921875 0.00371932983398437 -0.0165176391601563 0.0811920166015625
-0.0157661437988281 0.000741004943847654 0.0718231201171875 -0.0722274780273438
0.00452423095703125 0.0453567504882813 0.2808837890625 -0.29925537109375
0.0581817626953125 0.0665817260742187 0.478546142578125 -0.306976318359375
0.0660171508789063 0.0427436828613281 0.67510986328125 -0.10748291015625
0.00606918334960937 -0.0181312561035156 0.6617431640625 0.27105712890625
-0.060028076171875 -0.0736236572265625 0.5206298828125 0.523956298828125
-0.0495986938476563 -0.0876312255859375 0.261077880859375 0.401153564453125
-0.0431289672851563 -0.110939025878906 0.0646476745605469 -0.0398941040039063
-0.0543975830078125 -0.102737426757813 -0.18682861328125 -0.443023681640625
-0.0647964477539062 -0.0872726440429688 -0.551910400390625 -0.44781494140625
-0.0328636169433594 -0.0407524108886719 -0.75732421875 -0.0250244140625
0.00306415557861328 -0.0123577117919922 -0.66033935546875 0.3431396484375
0.04345703125 0.0107612609863281 -0.479248046875 0.395904541015625
0.0273876190185547 0.0135402679443359 -0.196563720703125 0.328643798828125
-0.0230808258056641 -0.015869140625 -0.0324859619140625 0.0807418823242188
0.00983810424804688 -0.0178127288818359 0.0648193359375 -0.0747222900390625
0.0266399383544922 0.0156764984130859 0.27667236328125 -0.317962646484375
0.0626258850097656 0.0370063781738281 0.460540771484375 -0.33636474609375
0.0568580627441406 0.0361557006835937 0.6531982421875 -0.136474609375
0.00386857986450195 0.00575113296508789 0.660888671875 0.2554931640625
-0.0572853088378906 -0.0373802185058594 0.537353515625 0.521209716796875
-0.0418357849121094 -0.0569381713867188 0.2823486328125 0.414215087890625
-0.0314483642578125 -0.0860824584960937 0.0821990966796875 -0.0252914428710938
-0.0423431396484375 -0.077056884765625 -0.16162109375 -0.4381103515625
-0.0554656982421875 -0.0576858520507813 -0.52532958984375 -0.46160888671875
-0.027008056640625 -0.0190639495849609 -0.74932861328125 -0.0477905273437499
-0.000470161437988281 -0.00559759140014649 -0.67022705078125 0.33203125
0.0409622192382813 -0.00493621826171875 -0.49945068359375 0.387603759765625
0.0382194519042969 -0.0118293762207031 -0.210693359375 0.32452392578125
-0.00479507446289062 -0.0397682189941406 -0.0413742065429688 0.0766448974609375
0.0369224548339844 -0.0358734130859375 0.0630722045898438 -0.0800704956054688
0.0573387145996094 -0.0158882141113281 0.2723388671875 -0.33428955078125
0.0684242248535156 -0.00130081176757812 0.445587158203125 -0.360626220703125
0.0470809936523438 0.0210151672363281 0.63677978515625 -0.166748046875
-0.00393486022949218 0.0287704467773438 0.668212890625 0.23248291015625
-0.0570945739746094 0.000919342041015627 0.5557861328125 0.503692626953125
-0.0301971435546875 -0.0188274383544922 0.300048828125 0.41302490234375
-0.0164451599121094 -0.0562858581542969 0.0948028564453125 -0.0209426879882813
-0.0258140563964844 -0.0492515563964844 -0.143218994140625 -0.4423828125
-0.0430183410644531 -0.0255699157714844 -0.5062255859375 -0.48309326171875
-0.0203227996826172 0.00678443908691406 -0.747802734375 -0.0809936523437498
-0.00292062759399414 0.00409197807312012 -0.68310546875 0.308837890625
0.0366477966308594 -0.0192184448242188 -0.5194091796875 0.37530517578125
0.0464363098144531 -0.0368270874023437 -0.2242431640625 0.313812255859375
0.0159759521484375 -0.0659637451171875 -0.0438156127929688 0.0679435729980469
0.0627784729003906 -0.0519523620605469 0.0622711181640625 -0.0896759033203125
0.0788803100585938 -0.04345703125 0.259033203125 -0.3436279296875
0.0658149719238281 -0.0371589660644531 0.434814453125 -0.372039794921875
0.0316905975341797 0.00810813903808594 0.6298828125 -0.1898193359375
-0.0117683410644531 0.050628662109375 0.6767578125 0.201904296875
-0.0523109436035156 0.0390434265136719 0.5684814453125 0.47418212890625
-0.0155429840087891 0.0148591995239258 0.304595947265625 0.396209716796875
0.0001220703125 -0.0289535522460938 0.097320556640625 -0.0279083251953125
-0.00996208190917969 -0.0220317840576172 -0.133056640625 -0.4501953125
-0.0305824279785156 0.00384330749511719 -0.490692138671875 -0.5072021484375
-0.0160007476806641 0.0319252014160156 -0.7462158203125 -0.11712646484375
-0.00802421569824219 0.0136909484863281 -0.6929931640625 0.28125
0.0296344757080078 -0.0298614501953125 -0.5301513671875 0.356475830078125
0.0549240112304688 -0.0597648620605469 -0.2314453125 0.300323486328125
0.0359725952148437 -0.088134765625 -0.0390396118164062 0.0570755004882813
0.07586669921875 -0.0645065307617188 0.0660934448242188 -0.102020263671875
0.088165283203125 -0.0656204223632812 0.250396728515625 -0.34552001953125
0.0562019348144531 -0.0586318969726562 0.4320068359375 -0.373870849609375
0.0161895751953125 0.00920391082763672 0.64080810546875 -0.20745849609375
-0.01531982421875 0.072235107421875 0.69317626953125 0.1695556640625
-0.0449485778808594 0.0685920715332031 0.5782470703125 0.43609619140625
-0.000526428222656251 0.0409965515136719 0.305572509765625 0.370147705078125
0.0140323638916016 -0.00658607482910156 0.0912628173828125 -0.0468292236328125
0.00292754173278809 0.00130844116210938 -0.134490966796875 -0.468475341796875
-0.0228099822998047 0.0300731658935547 -0.485626220703125 -0.535980224609375
-0.0138969421386719 0.0509300231933594 -0.74615478515625 -0.14898681640625
-0.0165348052978516 0.0189075469970703 -0.69903564453125 0.252685546875
0.0228195190429687 -0.0428848266601563 -0.53350830078125 0.337432861328125
0.0615615844726563 -0.0789947509765625 -0.227569580078125 0.281524658203125
0.054595947265625 -0.102371215820312 -0.0238914489746094 0.0426177978515625
0.0782241821289062 -0.0720062255859375 0.073455810546875 -0.113929748535156
0.079742431640625 -0.0762100219726562 0.2471923828125 -0.3427734375
0.0396232604980469 -0.0608367919921875 0.44610595703125 -0.374359130859375
0.00593090057373047 0.0164251327514648 0.65936279296875 -0.22564697265625
-0.0130233764648438 0.0883636474609375 0.7060546875 0.13616943359375
-0.0343856811523437 0.0833740234375 0.57366943359375 0.396728515625
0.0116043090820312 0.0523338317871094 0.292877197265625 0.3387451171875
0.0261306762695312 0.00774574279785156 0.07598876953125 -0.0687713623046875
0.0118255615234375 0.0177059173583984 -0.145233154296875 -0.490936279296875
-0.0186958312988281 0.046295166015625 -0.4901123046875 -0.561737060546875
-0.019287109375 0.0619163513183594 -0.74560546875 -0.1807861328125
-0.0276679992675781 0.0188865661621094 -0.6978759765625 0.2301025390625
0.0168800354003906 -0.0572357177734375 -0.52606201171875 0.321258544921875
0.0681381225585938 -0.0917892456054688 -0.218170166015625 0.267303466796875
0.0706100463867188 -0.108245849609375 -0.00591278076171875 0.0309944152832031
-0.0417366027832031 0.0297088623046875 0.0936660766601563 -0.0805740356445313
-0.00867462158203125 0.0798492431640625 0.2989501953125 -0.2777099609375
0.0600051879882813 0.0814208984375 0.520599365234375 -0.277984619140625
0.0608291625976563 0.0226173400878906 0.7193603515625 -0.10382080078125
-0.0104751586914062 -0.0549468994140625 0.66552734375 0.24560546875
-0.0670852661132812 -0.108840942382813 0.490325927734375 0.480560302734375
-0.0529708862304687 -0.120254516601563 0.21539306640625 0.3494873046875
-0.04644775390625 -0.135604858398438 0.0156707763671875 -0.0853271484375
-0.0565948486328125 -0.135322570800781 -0.2471923828125 -0.47088623046875
-0.0588150024414063 -0.125740051269531 -0.60107421875 -0.45947265625
-0.0236091613769531 -0.0627899169921875 -0.767578125 -0.0234375
0.0121145248413086 -0.00212383270263672 -0.632080078125 0.33966064453125
0.0318946838378906 0.0503311157226563 -0.430908203125 0.395416259765625
-0.00429916381835937 0.0508346557617188 -0.161773681640625 0.327423095703125
-0.0485076904296875 0.0148200988769531 0.00300598144531249 0.07550048828125
-0.0336551666259766 0.0167350769042969 0.080047607421875 -0.0766220092773438
-0.00789642333984375 0.0683326721191406 0.286407470703125 -0.28631591796875
0.0589675903320313 0.0828094482421875 0.502227783203125 -0.2864990234375
0.0670394897460938 0.03729248046875 0.70318603515625 -0.09857177734375
0.00117111206054687 -0.0398178100585938 0.666259765625 0.26580810546875
-0.0632476806640625 -0.0975875854492188 0.5076904296875 0.506072998046875
-0.0534439086914063 -0.111412048339844 0.23760986328125 0.378021240234375
-0.0472412109375 -0.128257751464844 0.0394935607910156 -0.061492919921875
-0.0589370727539063 -0.122314453125 -0.218963623046875 -0.451324462890625
-0.0654754638671875 -0.1112060546875 -0.57958984375 -0.4454345703125
-0.0318412780761719 -0.0576591491699219 -0.76397705078125 -0.0147094726562499
0.00827980041503906 -0.0101318359375 -0.646240234375 0.34832763671875
0.0418586730957031 0.0306892395019531 -0.45538330078125 0.399444580078125
0.0103683471679688 0.0378684997558594 -0.17840576171875 0.3289794921875
-0.0391807556152344 0.00482177734375 -0.0160598754882813 0.07916259765625
-0.0155191421508789 0.00020122528076172 0.0716018676757813 -0.0723190307617188
0.00378799438476563 0.0445480346679688 0.28076171875 -0.303802490234375
0.0589141845703125 0.0681495666503906 0.47760009765625 -0.31121826171875
0.0660057067871094 0.0408134460449219 0.67755126953125 -0.11370849609375
0.00606536865234375 -0.0170745849609375 0.6634521484375 0.2637939453125
-0.0611190795898438 -0.0736007690429688 0.523834228515625 0.520233154296875
-0.0498504638671875 -0.089202880859375 0.262664794921875 0.40155029296875
-0.04388427734375 -0.110115051269531 0.0626678466796875 -0.0389785766601563
-0.0544662475585938 -0.1029052734375 -0.191436767578125 -0.4407958984375
-0.0649871826171875 -0.0863113403320313 -0.55609130859375 -0.445556640625
-0.0332260131835938 -0.0407981872558594 -0.7606201171875 -0.0200805664062501
0.00284957885742188 -0.0120944976806641 -0.65789794921875 0.349609375
0.043304443359375 0.0110626220703125 -0.4794921875 0.399993896484375
0.0277328491210938 0.0144920349121094 -0.196502685546875 0.331085205078125
-0.0233173370361328 -0.0144939422607422 -0.0317306518554687 0.081939697265625
0.00899505615234375 -0.0186328887939453 0.0642852783203125 -0.0738143920898438
0.0257358551025391 0.0161781311035156 0.275848388671875 -0.321563720703125
0.0614738464355469 0.0372428894042969 0.46124267578125 -0.340545654296875
0.0577507019042969 0.0339813232421875 0.6519775390625 -0.141357421875
0.00211715698242188 0.00539684295654297 0.66357421875 0.25390625
-0.0589256286621094 -0.0365867614746094 0.540618896484375 0.51959228515625
-0.0423545837402344 -0.055908203125 0.285675048828125 0.413665771484375
-0.0313949584960938 -0.0854949951171875 0.0827178955078125 -0.0243606567382813
-0.0429611206054688 -0.0776443481445313 -0.16387939453125 -0.437652587890625
-0.0559883117675781 -0.0576019287109375 -0.52947998046875 -0.45916748046875
-0.0272598266601563 -0.0181751251220703 -0.75225830078125 -0.0436401367187499
-0.00126886367797851 -0.00594186782836914 -0.66961669921875 0.3370361328125
0.0414962768554688 -0.00622177124023438 -0.500152587890625 0.39288330078125
0.0379104614257813 -0.0120086669921875 -0.21075439453125 0.327423095703125
-0.00516128540039063 -0.0408782958984375 -0.041412353515625 0.0774688720703125
0.0390243530273438 -0.035919189453125 0.0625 -0.0805587768554688
0.0559120178222656 -0.0156593322753906 0.270172119140625 -0.33642578125
0.0674362182617187 -0.00236892700195312 0.44488525390625 -0.36553955078125
0.0481033325195313 0.0206069946289063 0.6375732421875 -0.17169189453125
-0.00382232666015625 0.0283832550048828 0.6702880859375 0.22772216796875
-0.0579261779785156 0.00217056274414061 0.55902099609375 0.502960205078125
-0.0306167602539063 -0.0183467864990234 0.301971435546875 0.410552978515625
-0.0165786743164063 -0.0562210083007813 0.0946121215820313 -0.0206985473632813
-0.0266609191894531 -0.0479354858398438 -0.144500732421875 -0.441802978515625
-0.042877197265625 -0.0259437561035156 -0.50897216796875 -0.480255126953125
-0.0202713012695313 0.00664710998535157 -0.7484130859375 -0.07696533203125
-0.00310158729553223 0.00295877456665039 -0.68389892578125 0.3148193359375
0.03662109375 -0.0199432373046875 -0.5189208984375 0.381103515625
0.0459136962890625 -0.0377922058105469 -0.222808837890625 0.31707763671875
0.0153274536132813 -0.0665016174316406 -0.0433769226074219 0.0697517395019531
0.0612754821777344 -0.053009033203125 0.0617523193359375 -0.0914230346679687
0.0784530639648438 -0.0438766479492188 0.256866455078125 -0.34735107421875
0.0662879943847656 -0.0378952026367187 0.433624267578125 -0.37799072265625
0.0323657989501953 0.00926017761230469 0.6331787109375 -0.19488525390625
-0.01300048828125 0.0510025024414063 0.68243408203125 0.19842529296875
-0.0538520812988281 0.0383224487304688 0.5712890625 0.47174072265625
-0.0163478851318359 0.015869140625 0.31103515625 0.395111083984375
-0.000268936157226564 -0.0295219421386719 0.0967941284179688 -0.0282516479492188
-0.0111808776855469 -0.0212364196777344 -0.13592529296875 -0.45147705078125
-0.0296688079833984 0.00471878051757812 -0.49365234375 -0.505523681640625
-0.0143089294433594 0.0320301055908203 -0.74725341796875 -0.11370849609375
-0.00638294219970703 0.0141658782958984 -0.6917724609375 0.28778076171875
0.0293045043945313 -0.0323829650878906 -0.529510498046875 0.361419677734375
0.0535697937011719 -0.0623016357421875 -0.228546142578125 0.301361083984375
0.0345001220703125 -0.0892486572265625 -0.0390243530273438 0.0560531616210937
0.0754547119140625 -0.0654373168945313 0.0649948120117188 -0.102699279785156
0.0874099731445313 -0.067047119140625 0.247802734375 -0.349151611328125
0.0559272766113281 -0.0595817565917969 0.432342529296875 -0.3802490234375
0.0163202285766602 0.00736904144287109 0.64227294921875 -0.21295166015625
-0.016143798828125 0.0731353759765625 0.6959228515625 0.16534423828125
-0.044708251953125 0.0673713684082031 0.58050537109375 0.43438720703125
-0.000289916992187498 0.0407676696777344 0.307830810546875 0.368865966796875
0.0151948928833008 -0.00684452056884766 0.0907745361328125 -0.047210693359375
0.00235199928283691 0.0012357234954834 -0.137603759765625 -0.470001220703125
-0.0212669372558594 0.0298938751220703 -0.490020751953125 -0.53497314453125
-0.0144577026367188 0.0517425537109375 -0.74664306640625 -0.14739990234375
-0.0151023864746094 0.0193023681640625 -0.69769287109375 0.25726318359375
0.0235633850097656 -0.0447578430175781 -0.532135009765625 0.34259033203125
0.0594100952148437 -0.0800857543945312 -0.227783203125 0.283721923828125
0.0543975830078125 -0.104141235351563 -0.0249824523925781 0.04290771484375
0.0782546997070312 -0.0738296508789062 0.072052001953125 -0.113845825195313
0.0790557861328125 -0.0763702392578125 0.243743896484375 -0.345550537109375
0.0401611328125 -0.060699462890625 0.44390869140625 -0.37744140625
0.00605201721191406 0.016693115234375 0.6617431640625 -0.2320556640625
-0.01318359375 0.08758544921875 0.70855712890625 0.13055419921875
-0.0342864990234375 0.0838623046875 0.576904296875 0.39459228515625
0.0118751525878906 0.0529899597167969 0.295013427734375 0.336944580078125
0.0245742797851563 0.00751495361328125 0.0755386352539063 -0.0700912475585938
0.0112953186035156 0.0183696746826172 -0.148590087890625 -0.49090576171875
-0.01849365234375 0.0462188720703125 -0.496490478515625 -0.5609130859375
-0.0197296142578125 0.0620155334472656 -0.7506103515625 -0.173583984375
-0.0275020599365234 0.0190963745117188 -0.69635009765625 0.2333984375
0.0166702270507813 -0.0580558776855469 -0.524017333984375 0.325714111328125
0.067474365234375 -0.0941009521484375 -0.218017578125 0.270751953125
0.0698318481445312 -0.107673645019531 -0.00488662719726562 0.0317897796630859
-0.0426406860351563 0.03021240234375 0.0927581787109375 -0.0824356079101563
-0.00774383544921876 0.0806045532226563 0.297332763671875 -0.281341552734375
0.0602645874023438 0.0797653198242188 0.520599365234375 -0.28240966796875
0.0608253479003906 0.0235824584960938 0.7203369140625 -0.1123046875
-0.0115699768066406 -0.0556869506835938 0.66900634765625 0.24237060546875
-0.0669479370117188 -0.108932495117187 0.49591064453125 0.4788818359375
-0.0541534423828125 -0.119468688964844 0.21807861328125 0.348907470703125
-0.0479965209960938 -0.135200500488281 0.0153656005859375 -0.0846176147460938
-0.0578765869140625 -0.134986877441406 -0.25048828125 -0.470245361328125
-0.0601425170898438 -0.124687194824219 -0.60595703125 -0.45635986328125
-0.0238609313964844 -0.0614891052246094 -0.77215576171875 -0.0189819335937502
0.0129261016845703 -0.000969886779785156 -0.6329345703125 0.34564208984375
0.0319328308105469 0.0496749877929688 -0.43157958984375 0.401397705078125
-0.00561904907226563 0.0499267578125 -0.160919189453125 0.329833984375
-0.0487747192382813 0.0147705078125 0.0030517578125 0.0746231079101563
-0.0345230102539062 0.0160160064697266 0.0792083740234375 -0.076629638671875
-0.00766372680664062 0.0691146850585938 0.283050537109375 -0.289337158203125
0.0610427856445313 0.0827407836914063 0.50238037109375 -0.291412353515625
0.0680923461914063 0.0359382629394531 0.70391845703125 -0.105712890625
0.000587463378906249 -0.0402984619140625 0.6697998046875 0.260986328125
-0.0638504028320313 -0.0993270874023437 0.51153564453125 0.504119873046875
-0.0557479858398438 -0.109298706054688 0.240966796875 0.3773193359375
-0.04888916015625 -0.1278076171875 0.0391731262207031 -0.0596809387207031
-0.0598220825195313 -0.123359680175781 -0.22314453125 -0.44952392578125
-0.0667724609375 -0.111007690429688 -0.5848388671875 -0.44287109375
-0.0316696166992187 -0.0562248229980469 -0.76702880859375 -0.00744628906249986
0.00809955596923828 -0.0115842819213867 -0.6478271484375 0.35693359375
0.0422286987304688 0.0302658081054688 -0.45330810546875 0.404541015625
0.0114822387695313 0.0366935729980469 -0.179168701171875 0.333221435546875
-0.0390586853027344 0.00474548339843751 -0.0152206420898438 0.0813369750976563
-0.01629638671875 -0.00129032135009766 0.06976318359375 -0.0729904174804688
0.00415802001953125 0.0453987121582031 0.278961181640625 -0.307861328125
0.0604248046875 0.0664901733398438 0.47821044921875 -0.3175048828125
0.0663185119628906 0.0409431457519531 0.67803955078125 -0.12091064453125
0.00520515441894531 -0.0189857482910156 0.66766357421875 0.26373291015625
-0.0628662109375 -0.073150634765625 0.528961181640625 0.520233154296875
-0.0512619018554688 -0.087799072265625 0.26739501953125 0.400421142578125
-0.044525146484375 -0.11004638671875 0.0632133483886719 -0.0391159057617188
-0.056610107421875 -0.103263854980469 -0.194580078125 -0.440826416015625
-0.0670394897460937 -0.0864486694335938 -0.559844970703125 -0.442535400390625
-0.0328521728515625 -0.0396461486816406 -0.7611083984375 -0.0164794921875001
0.00207710266113281 -0.011744499206543 -0.657958984375 0.3572998046875
0.0434646606445313 0.00936126708984375 -0.477752685546875 0.405242919921875
0.0273323059082031 0.0141849517822266 -0.195037841796875 0.332000732421875
-0.0247154235839844 -0.0143852233886719 -0.030120849609375 0.0810775756835938
0.00864791870117188 -0.0190925598144531 0.0632553100585937 -0.07415771484375
0.0274143218994141 0.0152683258056641 0.275238037109375 -0.32733154296875
0.0635604858398438 0.0347900390625 0.4593505859375 -0.3468017578125
0.0587882995605469 0.0341873168945313 0.6539306640625 -0.14776611328125
0.0021672248840332 0.00582361221313477 0.6669921875 0.2493896484375
-0.0592079162597656 -0.0382728576660156 0.548187255859375 0.516815185546875
-0.0417747497558594 -0.0565834045410156 0.28912353515625 0.412200927734375
-0.032623291015625 -0.084381103515625 0.0831680297851563 -0.02484130859375
-0.0434112548828125 -0.0744400024414063 -0.16790771484375 -0.437286376953125
-0.055511474609375 -0.0556983947753906 -0.535430908203125 -0.4554443359375
-0.0286903381347656 -0.0186767578125 -0.754150390625 -0.0380249023437499
0.000648975372314453 -0.0059809684753418 -0.6683349609375 0.34356689453125
0.0412559509277344 -0.006378173828125 -0.498199462890625 0.398712158203125
0.0378074645996094 -0.0127677917480469 -0.20843505859375 0.3294677734375
-0.00658416748046875 -0.0393638610839844 -0.041778564453125 0.078399658203125
0.0373802185058594 -0.0364341735839844 0.060699462890625 -0.081207275390625
0.0562362670898438 -0.0148468017578125 0.268096923828125 -0.341156005859375
0.0693855285644531 -0.0028839111328125 0.4439697265625 -0.37091064453125
0.0479812622070313 0.0194358825683594 0.6380615234375 -0.1785888671875
-0.00384330749511718 0.0283412933349609 0.67315673828125 0.22454833984375
-0.0584068298339844 0.00261688232421875 0.56488037109375 0.49993896484375
-0.0305957794189453 -0.0182285308837891 0.3052978515625 0.411224365234375
-0.0165328979492187 -0.0573921203613281 0.0942764282226562 -0.0205307006835938
-0.0273399353027344 -0.0491371154785156 -0.149200439453125 -0.44195556640625
-0.0435218811035156 -0.0254554748535156 -0.51373291015625 -0.47979736328125
-0.0206928253173828 0.00670623779296875 -0.751220703125 -0.0716552734375001
-0.00271725654602051 0.00330924987792969 -0.68212890625 0.3192138671875
0.0357704162597656 -0.0213165283203125 -0.517730712890625 0.388153076171875
0.045806884765625 -0.038299560546875 -0.2220458984375 0.319793701171875
0.0134124755859375 -0.0657691955566406 -0.0443344116210937 0.070343017578125
0.0615310668945312 -0.0521469116210937 0.059600830078125 -0.0925369262695313
0.0772247314453125 -0.0462417602539063 0.25616455078125 -0.35040283203125
0.0655174255371094 -0.0386238098144531 0.43133544921875 -0.38409423828125
0.0316791534423828 0.00796127319335937 0.63232421875 -0.201171875
-0.012298583984375 0.050689697265625 0.6845703125 0.19427490234375
-0.0542449951171875 0.0392303466796875 0.57666015625 0.469970703125
-0.015498161315918 0.0151329040527344 0.313629150390625 0.394134521484375
-0.0011138916015625 -0.0284709930419922 0.0976409912109375 -0.0294647216796875
-0.0112552642822266 -0.0206928253173828 -0.139251708984375 -0.450592041015625
-0.0300998687744141 0.00631332397460937 -0.50006103515625 -0.503631591796875
-0.0139350891113281 0.0317001342773438 -0.7486572265625 -0.10650634765625
-0.00665855407714844 0.0129070281982422 -0.69146728515625 0.29302978515625
0.0292568206787109 -0.0330238342285156 -0.528228759765625 0.3680419921875
0.0535011291503906 -0.061859130859375 -0.22607421875 0.304290771484375
0.035247802734375 -0.0881881713867188 -0.0381355285644531 0.0564918518066406
0.0746002197265625 -0.0655364990234375 0.0644607543945313 -0.102813720703125
0.08660888671875 -0.0672683715820312 0.24517822265625 -0.351959228515625
0.0560226440429687 -0.0597381591796875 0.4298095703125 -0.383331298828125
0.0172510147094727 0.00730419158935547 0.64208984375 -0.21990966796875
-0.0149383544921875 0.073944091796875 0.6998291015625 0.16009521484375
-0.0451889038085937 0.0690231323242188 0.58648681640625 0.43243408203125
-0.000598907470703127 0.0407180786132813 0.3106689453125 0.36651611328125
0.014653205871582 -0.00476360321044922 0.090850830078125 -0.046295166015625
0.00271773338317871 0.00245165824890137 -0.14276123046875 -0.46954345703125
-0.0217685699462891 0.0317764282226562 -0.497711181640625 -0.53387451171875
-0.0134353637695313 0.0510025024414063 -0.750732421875 -0.1416015625
-0.0158481597900391 0.0178394317626953 -0.69915771484375 0.26593017578125
0.0214614868164062 -0.0452651977539063 -0.532470703125 0.346649169921875
0.0595779418945312 -0.0814056396484375 -0.225189208984375 0.288421630859375
0.0530853271484375 -0.102737426757813 -0.0256538391113281 0.0446357727050781
0.077606201171875 -0.0737686157226563 0.0710296630859375 -0.115753173828125
0.0802383422851563 -0.0763931274414063 0.240936279296875 -0.348052978515625
0.0404548645019531 -0.0641860961914062 0.441375732421875 -0.383544921875
0.00527667999267578 0.0157737731933594 0.66021728515625 -0.2391357421875
-0.0114212036132813 0.0876846313476563 0.71160888671875 0.12548828125
-0.0330963134765625 0.083892822265625 0.58087158203125 0.39141845703125
0.0122146606445312 0.0536689758300781 0.29632568359375 0.335357666015625
0.0259113311767578 0.00588417053222656 0.0760040283203125 -0.0707931518554688
0.0110244750976563 0.0188026428222656 -0.154998779296875 -0.492431640625
-0.0165863037109375 0.047332763671875 -0.50128173828125 -0.557586669921875
-0.0182228088378906 0.0636482238769531 -0.75286865234375 -0.17120361328125
-0.0282993316650391 0.0183506011962891 -0.69671630859375 0.23968505859375
0.0153160095214844 -0.0577888488769531 -0.523681640625 0.33209228515625
0.0669326782226563 -0.0942611694335938 -0.217208862304688 0.27435302734375
0.0702590942382813 -0.107955932617188 -0.00603866577148437 0.0318679809570312
-0.0431060791015625 0.0301742553710937 0.092987060546875 -0.0825576782226563
-0.00851440429687501 0.07989501953125 0.29425048828125 -0.285125732421875
0.0610809326171875 0.0815582275390625 0.51959228515625 -0.289398193359375
0.0620956420898438 0.0211982727050781 0.72222900390625 -0.11865234375
-0.0127410888671875 -0.0561752319335938 0.6702880859375 0.23785400390625
-0.0688858032226563 -0.109230041503906 0.50152587890625 0.475921630859375
-0.0550003051757812 -0.1190185546875 0.221893310546875 0.348388671875
-0.0495834350585938 -0.13494873046875 0.0133590698242187 -0.0840377807617188
-0.0598526000976563 -0.135856628417969 -0.25640869140625 -0.470184326171875
-0.0625457763671875 -0.124221801757812 -0.61236572265625 -0.4525146484375
-0.0241622924804688 -0.0632286071777344 -0.7730712890625 -0.0126342773437498
0.0127773284912109 -0.00219345092773438 -0.6318359375 0.3516845703125
0.0323753356933594 0.049102783203125 -0.430755615234375 0.40673828125
-0.006256103515625 0.0512619018554688 -0.157928466796875 0.333465576171875
-0.0494880676269531 0.0154228210449219 0.0045623779296875 0.0768280029296875
-0.0344009399414063 0.0169200897216797 0.07806396484375 -0.0772705078125
-0.00820541381835938 0.0673675537109375 0.283294677734375 -0.2940673828125
0.06170654296875 0.0812225341796875 0.50103759765625 -0.29736328125
0.0683517456054688 0.0346794128417969 0.70648193359375 -0.11370849609375
-0.000251770019531252 -0.041839599609375 0.673095703125 0.2564697265625
-0.0665969848632813 -0.097991943359375 0.517669677734375 0.502777099609375
-0.0562667846679687 -0.109832763671875 0.2451171875 0.377593994140625
-0.0499649047851562 -0.127670288085938 0.0389785766601563 -0.0602149963378906
-0.0614166259765625 -0.121963500976562 -0.226806640625 -0.44964599609375
-0.0691375732421875 -0.108970642089844 -0.59136962890625 -0.4384765625
-0.0327262878417969 -0.056732177734375 -0.77093505859375 -0.00128173828125011
0.00795269012451172 -0.0112543106079102 -0.6453857421875 0.3623046875
0.0414962768554688 0.0295524597167969 -0.45318603515625 0.41046142578125
0.0115776062011719 0.0348682403564453 -0.174896240234375 0.336578369140625
-0.0405540466308594 0.00438690185546874 -0.0149688720703125 0.0815505981445313
-0.017155647277832 -3.33786010742214E-05 0.0689926147460938 -0.0745086669921875
0.00454330444335937 0.0454444885253906 0.27801513671875 -0.3104248046875
0.0615348815917969 0.0669174194335938 0.47808837890625 -0.323699951171875
0.0666732788085938 0.03857421875 0.67999267578125 -0.12890625
0.00552749633789063 -0.0196456909179688 0.67059326171875 0.2572021484375
-0.0635223388671875 -0.071380615234375 0.53521728515625 0.515594482421875
-0.05047607421875 -0.0891876220703125 0.27093505859375 0.39825439453125
-0.0454177856445313 -0.110092163085937 0.0626449584960938 -0.03961181640625
-0.056671142578125 -0.102363586425781 -0.19976806640625 -0.44073486328125
-0.0673065185546875 -0.0848007202148438 -0.5662841796875 -0.4398193359375
-0.0334053039550781 -0.0409202575683594 -0.7640380859375 -0.0098876953124999
0.00268363952636719 -0.0122489929199219 -0.65850830078125 0.36181640625
0.0441513061523438 0.00919723510742188 -0.478240966796875 0.410247802734375
0.0265922546386719 0.0139884948730469 -0.1939697265625 0.33660888671875
-0.025909423828125 -0.0140876770019531 -0.0307159423828125 0.082855224609375
0.00833892822265625 -0.0185756683349609 0.0620269775390625 -0.07513427734375
0.0258998870849609 0.0156497955322266 0.27252197265625 -0.328216552734375
0.0637626647949219 0.0362930297851563 0.457855224609375 -0.353546142578125
0.0607223510742188 0.0328636169433594 0.65576171875 -0.155029296875
0.00289320945739746 0.00427627563476563 0.67083740234375 0.24371337890625
-0.0599327087402344 -0.0372352600097656 0.55316162109375 0.51629638671875
-0.0426139831542969 -0.0553359985351562 0.29339599609375 0.410308837890625
-0.0326614379882813 -0.0837249755859375 0.0840835571289063 -0.0251312255859375
-0.0439682006835938 -0.0750579833984375 -0.17254638671875 -0.436431884765625
-0.0575065612792969 -0.0551071166992187 -0.538818359375 -0.4525146484375
-0.0288524627685547 -0.0178451538085937 -0.7576904296875 -0.031982421875
-0.000280380249023437 -0.00733661651611328 -0.667724609375 0.349853515625
0.0419692993164063 -0.00855636596679688 -0.497772216796875 0.40814208984375
0.0358428955078125 -0.0137596130371094 -0.208282470703125 0.33197021484375
-0.00627899169921875 -0.0388870239257813 -0.0401992797851563 0.079254150390625
0.0368919372558594 -0.0366783142089844 0.0591583251953125 -0.0822906494140625
0.0560302734375 -0.0160560607910156 0.26666259765625 -0.34466552734375
0.0679588317871094 -0.00328826904296875 0.441253662109375 -0.378875732421875
0.0484733581542969 0.019622802734375 0.63934326171875 -0.18408203125
-0.00408363342285156 0.0279884338378906 0.676513671875 0.22088623046875
-0.058074951171875 0.0019378662109375 0.5697021484375 0.4981689453125
-0.0304489135742188 -0.0177402496337891 0.31231689453125 0.409454345703125
-0.0173873901367188 -0.0556526184082031 0.0948257446289063 -0.0227127075195313
-0.0274124145507813 -0.0479888916015625 -0.1534423828125 -0.441558837890625
-0.0442886352539063 -0.0241737365722656 -0.520263671875 -0.4769287109375
-0.0213546752929688 0.00667572021484376 -0.75494384765625 -0.0652465820312499
-0.00206112861633301 0.00233697891235352 -0.68292236328125 0.32733154296875
0.0357322692871094 -0.0206336975097656 -0.517486572265625 0.393829345703125
0.0459060668945313 -0.0388641357421875 -0.219512939453125 0.323944091796875
0.0127830505371094 -0.0655593872070313 -0.0430526733398438 0.0708847045898438
0.0599021911621094 -0.0542716979980469 0.060302734375 -0.091796875
0.0786972045898438 -0.0459823608398438 0.253753662109375 -0.3536376953125
0.0668373107910156 -0.0403976440429688 0.429443359375 -0.38934326171875
0.0329971313476563 0.00665473937988281 0.6331787109375 -0.2091064453125
-0.0124702453613281 0.0509872436523438 0.68890380859375 0.1888427734375
-0.0542716979980469 0.0403556823730469 0.58172607421875 0.46551513671875
-0.0156373977661133 0.0159397125244141 0.317108154296875 0.393890380859375
-0.00115203857421875 -0.0284023284912109 0.0963516235351562 -0.030120849609375
-0.0107669830322266 -0.0210666656494141 -0.1439208984375 -0.45074462890625
-0.0297050476074219 0.00660705566406249 -0.506103515625 -0.501373291015625
-0.0141677856445313 0.0333080291748047 -0.75506591796875 -0.101806640625
-0.00720691680908203 0.0130205154418945 -0.6917724609375 0.30108642578125
0.0283527374267578 -0.0338134765625 -0.526702880859375 0.374603271484375
0.0523109436035156 -0.061798095703125 -0.225341796875 0.30694580078125
0.032562255859375 -0.08941650390625 -0.0393714904785156 0.0583343505859375
0.0729141235351563 -0.066802978515625 0.0633163452148437 -0.104957580566406
0.086639404296875 -0.0683059692382813 0.242706298828125 -0.35528564453125
0.0548858642578125 -0.0613327026367187 0.42840576171875 -0.3909912109375
0.0166378021240234 0.00668811798095703 0.64251708984375 -0.22735595703125
-0.0150909423828125 0.0723648071289062 0.70281982421875 0.15625
-0.0446243286132813 0.069122314453125 0.59075927734375 0.42913818359375
6.10351562500044E-05 0.0409889221191406 0.31591796875 0.366119384765625
0.0150871276855469 -0.00667095184326172 0.0901031494140625 -0.0483016967773438
0.00269317626953125 0.0027012825012207 -0.145660400390625 -0.471099853515625
-0.0204429626464844 0.0319633483886719 -0.50140380859375 -0.5296630859375
-0.0131187438964844 0.0519866943359375 -0.75384521484375 -0.1356201171875
-0.0160484313964844 0.017791748046875 -0.69940185546875 0.270263671875
0.0215911865234375 -0.0455741882324219 -0.532745361328125 0.3544921875
0.0591812133789063 -0.0820541381835938 -0.224639892578125 0.290313720703125
0.0515518188476562 -0.103080749511719 -0.0238800048828125 0.0447578430175781
0.0759124755859375 -0.0746002197265625 0.0698776245117188 -0.115997314453125
0.0786819458007813 -0.0783767700195312 0.239044189453125 -0.352386474609375
0.0386428833007812 -0.0635757446289063 0.44024658203125 -0.388885498046875
0.00549602508544922 0.0156726837158203 0.66192626953125 -0.24420166015625
-0.0116653442382812 0.089202880859375 0.71478271484375 0.12017822265625
-0.0335540771484375 0.085479736328125 0.58673095703125 0.38800048828125
0.0130958557128906 0.0535316467285156 0.302581787109375 0.333648681640625
0.0261516571044922 0.00621986389160156 0.0736541748046875 -0.0708389282226563
0.0122051239013672 0.0188179016113281 -0.156036376953125 -0.493194580078125
-0.0171356201171875 0.0491218566894531 -0.506195068359375 -0.556915283203125
-0.0183830261230469 0.0629539489746094 -0.75579833984375 -0.166259765625
-0.0273761749267578 0.0182609558105469 -0.697265625 0.2484130859375
0.0149650573730469 -0.0596542358398437 -0.524017333984375 0.33935546875
0.0655136108398438 -0.09613037109375 -0.2164306640625 0.277633666992188
0.06768798828125 -0.108444213867188 -0.00517845153808594 0.0326862335205078
-0.0428848266601562 0.0294837951660156 0.09124755859375 -0.0853805541992188
-0.00720214843750001 0.08258056640625 0.292724609375 -0.28924560546875
0.063018798828125 0.0806961059570313 0.519378662109375 -0.296295166015625
0.0623855590820313 0.0207443237304688 0.72418212890625 -0.1260986328125
-0.0135383605957031 -0.0560150146484375 0.67529296875 0.2313232421875
-0.0705642700195313 -0.109207153320312 0.507415771484375 0.47381591796875
-0.0558853149414062 -0.120109558105469 0.22528076171875 0.348236083984375
-0.0504913330078125 -0.133537292480469 0.0145111083984375 -0.0830154418945313
-0.06085205078125 -0.134178161621094 -0.261138916015625 -0.467620849609375
-0.063201904296875 -0.122955322265625 -0.6199951171875 -0.4490966796875
-0.0254592895507812 -0.0629348754882812 -0.7764892578125 -0.0065307617187499
0.0121212005615234 -0.00264930725097656 -0.63031005859375 0.35888671875
0.0316925048828125 0.0489463806152344 -0.4267578125 0.414031982421875
-0.00543212890625 0.0508956909179688 -0.1552734375 0.336090087890625
-0.0496826171875 0.0153083801269531 0.00489044189453125 0.0770187377929688
-0.0351753234863281 0.0159988403320313 0.0775909423828125 -0.0785751342773438
-0.00728225708007812 0.0679893493652344 0.2802734375 -0.297027587890625
0.0630645751953125 0.081939697265625 0.501007080078125 -0.304595947265625
0.0696563720703125 0.0348587036132813 0.7088623046875 -0.1221923828125
-0.0011444091796875 -0.0417594909667969 0.67779541015625 0.25225830078125
-0.066741943359375 -0.0972442626953125 0.524200439453125 0.50140380859375
-0.0560836791992188 -0.109199523925781 0.25067138671875 0.376190185546875
-0.0524673461914063 -0.127182006835938 0.03857421875 -0.0594940185546875
-0.0623626708984375 -0.12109375 -0.233062744140625 -0.448486328125
-0.06982421875 -0.109588623046875 -0.59808349609375 -0.43487548828125
-0.0330772399902344 -0.057861328125 -0.77471923828125 0.00567626953124998
0.00767898559570313 -0.0107851028442383 -0.64373779296875 0.37042236328125
0.0422477722167969 0.0289039611816406 -0.452423095703125 0.416473388671875
0.0111579895019531 0.0364189147949219 -0.17156982421875 0.338165283203125
-0.0407333374023438 0.00557708740234375 -0.01397705078125 0.0829086303710938
-0.01702880859375 -0.000449180603027347 0.0688095092773438 -0.0760269165039062
0.00413131713867188 0.045745849609375 0.27423095703125 -0.314178466796875
0.0621490478515625 0.0654296875 0.47613525390625 -0.330596923828125
0.0677947998046875 0.0384521484375 0.681884765625 -0.13739013671875
0.00383949279785156 -0.0201911926269531 0.6766357421875 0.25128173828125
-0.0636215209960938 -0.07080078125 0.541717529296875 0.51348876953125
-0.0535507202148438 -0.0883865356445313 0.275054931640625 0.39935302734375
-0.047149658203125 -0.110115051269531 0.0634803771972656 -0.0399284362792969
-0.0581283569335937 -0.100631713867188 -0.2034912109375 -0.439727783203125
-0.0688323974609375 -0.0846099853515625 -0.57183837890625 -0.4359130859375
-0.0340461730957031 -0.0403060913085938 -0.76708984375 -0.00195312500000001
0.00316238403320313 -0.0140466690063477 -0.6568603515625 0.37078857421875
0.0441665649414062 0.00725173950195313 -0.475372314453125 0.417572021484375
0.0271854400634766 0.0125904083251953 -0.190277099609375 0.338897705078125
-0.0265007019042969 -0.0138683319091797 -0.0303115844726563 0.0836563110351562
0.00718116760253906 -0.018096923828125 0.061920166015625 -0.0763397216796875
0.0276222229003906 0.0149936676025391 0.271087646484375 -0.33233642578125
0.0642356872558594 0.035003662109375 0.456390380859375 -0.359832763671875
0.0612220764160156 0.0320472717285156 0.6568603515625 -0.162841796875
0.00302410125732422 0.00472688674926758 0.674560546875 0.23931884765625
-0.0608139038085938 -0.0362777709960938 0.55963134765625 0.512542724609375
-0.0437583923339844 -0.0531883239746094 0.2991943359375 0.409332275390625
-0.033203125 -0.0835800170898438 0.0822525024414063 -0.0245208740234375
-0.0460586547851563 -0.0759124755859375 -0.17730712890625 -0.436676025390625
-0.0574569702148438 -0.0537452697753906 -0.546783447265625 -0.4515380859375
-0.0286426544189453 -0.0187034606933594 -0.76080322265625 -0.0263671875000002
0.000189781188964844 -0.00675630569458008 -0.66876220703125 0.3582763671875
0.0408782958984375 -0.00895309448242188 -0.497528076171875 0.41375732421875
0.0365066528320312 -0.0139427185058594 -0.20513916015625 0.33721923828125
-0.00761795043945313 -0.0385322570800781 -0.039154052734375 0.08038330078125
0.0356369018554688 -0.0368690490722656 0.0585479736328125 -0.0827789306640625
0.0561294555664063 -0.0161056518554688 0.264404296875 -0.34967041015625
0.0695724487304688 -0.00591278076171875 0.4415283203125 -0.384735107421875
0.0485000610351563 0.0186843872070313 0.63958740234375 -0.19146728515625
-0.00521278381347656 0.0287513732910156 0.68182373046875 0.2147216796875
-0.0585403442382813 0.00427627563476563 0.57769775390625 0.4952392578125
-0.0310249328613281 -0.0180854797363281 0.314849853515625 0.4080810546875
-0.0187339782714844 -0.0564079284667969 0.0954360961914062 -0.0211944580078125
-0.0281715393066406 -0.0474166870117188 -0.157958984375 -0.44134521484375
-0.043487548828125 -0.0235710144042969 -0.525787353515625 -0.47320556640625
-0.019927978515625 0.00676536560058594 -0.75848388671875 -0.0595703125000002
-0.00229907035827637 0.00188708305358887 -0.682373046875 0.33551025390625
0.0347328186035156 -0.0217742919921875 -0.515777587890625 0.40185546875
0.0451393127441406 -0.039581298828125 -0.218353271484375 0.3277587890625
0.011810302734375 -0.0657920837402344 -0.0435638427734375 0.0715866088867187
0.0594482421875 -0.0543556213378906 0.0585479736328125 -0.0943603515625
0.0772933959960938 -0.0457916259765625 0.251312255859375 -0.3580322265625
0.0672798156738281 -0.0418548583984375 0.425628662109375 -0.396392822265625
0.0338134765625 0.00578117370605469 0.63323974609375 -0.21575927734375
-0.0106391906738281 0.051025390625 0.69207763671875 0.1839599609375
-0.0531272888183594 0.0418167114257813 0.5899658203125 0.46380615234375
-0.0157022476196289 0.0170631408691406 0.32305908203125 0.3905029296875
-0.000123977661132813 -0.0274772644042969 0.09747314453125 -0.0308761596679688
-0.0114498138427734 -0.0201873779296875 -0.148193359375 -0.451812744140625
-0.0290412902832031 0.00719642639160156 -0.512664794921875 -0.49847412109375
-0.0140495300292969 0.0322666168212891 -0.7574462890625 -0.0961914062499998
-0.0070343017578125 0.0113058090209961 -0.69183349609375 0.3072509765625
0.0276336669921875 -0.0344676971435547 -0.527130126953125 0.383941650390625
0.0509452819824219 -0.0636138916015625 -0.224395751953125 0.310943603515625
0.03179931640625 -0.0895156860351563 -0.0385589599609375 0.0601463317871094
0.0738677978515625 -0.06781005859375 0.0616378784179688 -0.104362487792969
0.0856475830078125 -0.0699462890625 0.2403564453125 -0.360748291015625
0.055755615234375 -0.0634841918945313 0.425506591796875 -0.397705078125
0.0162782669067383 0.00562095642089844 0.6434326171875 -0.23553466796875
-0.013519287109375 0.0732650756835938 0.70697021484375 0.151611328125
-0.0442123413085938 0.0702896118164063 0.5975341796875 0.426513671875
0.00126266479492187 0.0416145324707031 0.320343017578125 0.363250732421875
0.0151901245117188 -0.00722503662109375 0.0897293090820313 -0.0477142333984375
0.00303101539611816 0.00390458106994629 -0.151763916015625 -0.46868896484375
-0.0204582214355469 0.0335597991943359 -0.509063720703125 -0.527557373046875
-0.0128173828125 0.051116943359375 -0.75909423828125 -0.12969970703125
-0.0159368515014648 0.0174322128295898 -0.69970703125 0.27923583984375
0.0205116271972656 -0.0468978881835938 -0.53125 0.362274169921875
0.0575332641601563 -0.0831832885742188 -0.222412109375 0.2967529296875
0.0503387451171875 -0.104232788085938 -0.02410888671875 0.0443000793457031
0.0755844116210938 -0.0752716064453125 0.0679855346679688 -0.11578369140625
0.0779876708984375 -0.0787506103515625 0.237579345703125 -0.356689453125
0.0376358032226562 -0.0643234252929687 0.4376220703125 -0.396697998046875
0.00615978240966797 0.0149192810058594 0.66094970703125 -0.25482177734375
-0.01116943359375 0.0891799926757813 0.72039794921875 0.114013671875
-0.0337066650390625 0.0868377685546875 0.591796875 0.3856201171875
0.0133438110351562 0.0528984069824219 0.3057861328125 0.3319091796875
0.0253238677978516 0.00693511962890625 0.0740966796875 -0.0728836059570313
0.01336669921875 0.0207271575927734 -0.162689208984375 -0.491729736328125
-0.0155868530273438 0.0498237609863281 -0.513671875 -0.554779052734375
-0.0168647766113281 0.0629348754882813 -0.76104736328125 -0.15911865234375
-0.0273857116699219 0.018402099609375 -0.69757080078125 0.25579833984375
0.0145988464355469 -0.0601921081542969 -0.5244140625 0.34490966796875
0.0658416748046875 -0.0961151123046875 -0.213882446289063 0.2806396484375
0.0672454833984375 -0.108261108398438 -0.00585556030273437 0.0335197448730469
-0.0430831909179687 0.0316581726074219 0.0895156860351562 -0.0855789184570313
-0.0080718994140625 0.0823287963867188 0.291168212890625 -0.294158935546875
0.0633621215820313 0.0795211791992188 0.518402099609375 -0.303497314453125
0.0629692077636719 0.0197296142578125 0.72625732421875 -0.1361083984375
-0.0150375366210937 -0.0566482543945312 0.6793212890625 0.22625732421875
-0.0717315673828125 -0.108970642089844 0.51220703125 0.47137451171875
-0.057220458984375 -0.119468688964844 0.229736328125 0.346466064453125
-0.051971435546875 -0.133468627929687 0.0125503540039063 -0.084075927734375
-0.0626907348632813 -0.132278442382812 -0.26812744140625 -0.464813232421875
-0.064910888671875 -0.123626708984375 -0.624755859375 -0.44256591796875
-0.0258712768554688 -0.0635185241699219 -0.77996826171875 0.00317382812499995
0.012110710144043 -0.00269222259521484 -0.62872314453125 0.36968994140625
0.0321540832519531 0.0482254028320313 -0.426055908203125 0.42095947265625
-0.00603866577148437 0.0510063171386719 -0.15338134765625 0.33941650390625
-0.0495529174804687 0.0168952941894531 0.00565338134765624 0.0782470703125
-0.0335865020751953 0.0173664093017578 0.07574462890625 -0.0788955688476563
-0.00747680664062499 0.0679435729980469 0.277496337890625 -0.303680419921875
0.0648651123046875 0.080657958984375 0.499542236328125 -0.311553955078125
0.0711288452148438 0.0329132080078125 0.70806884765625 -0.1307373046875
-0.00233840942382812 -0.04144287109375 0.68231201171875 0.2451171875
-0.0688400268554688 -0.0973358154296875 0.5289306640625 0.4964599609375
-0.0585861206054688 -0.109825134277344 0.2537841796875 0.3758544921875
-0.0526657104492188 -0.126373291015625 0.0380592346191406 -0.0599403381347656
-0.0649490356445313 -0.121681213378906 -0.237579345703125 -0.449798583984375
-0.0723342895507812 -0.107795715332031 -0.60546875 -0.42864990234375
-0.0345420837402344 -0.0565681457519531 -0.77490234375 0.0126953125
0.00732135772705078 -0.0130090713500977 -0.6427001953125 0.379638671875
0.0420341491699219 0.028045654296875 -0.449737548828125 0.42486572265625
0.0111541748046875 0.0355186462402344 -0.169281005859375 0.342132568359375
-0.04107666015625 0.00599288940429688 -0.014556884765625 0.0822296142578125
-0.0184097290039063 -0.000936508178710942 0.0680084228515625 -0.077239990234375
0.0039520263671875 0.0458526611328125 0.272613525390625 -0.3192138671875
0.0638084411621094 0.06488037109375 0.475372314453125 -0.33746337890625
0.0683135986328125 0.0381011962890625 0.68243408203125 -0.1441650390625
0.00360107421875 -0.0192737579345703 0.6793212890625 0.24591064453125
-0.0656661987304687 -0.0719528198242188 0.548858642578125 0.51025390625
-0.0543441772460938 -0.088104248046875 0.281829833984375 0.397674560546875
-0.0463485717773438 -0.108818054199219 0.0620498657226562 -0.0387687683105469
-0.0593414306640625 -0.0998764038085938 -0.2086181640625 -0.4383544921875
-0.0699005126953125 -0.083984375 -0.5792236328125 -0.43231201171875
-0.03509521484375 -0.0407257080078125 -0.76934814453125 0.00506591796875017
0.00235652923583984 -0.0128231048583984 -0.65472412109375 0.3800048828125
0.0436820983886719 0.00703048706054688 -0.47418212890625 0.426177978515625
0.0260238647460938 0.0125923156738281 -0.187896728515625 0.341461181640625
-0.0255908966064453 -0.0135860443115234 -0.0295867919921875 0.0837631225585938
0.00621414184570312 -0.0196895599365234 0.0601882934570313 -0.0777816772460938
0.0266876220703125 0.0157222747802734 0.269439697265625 -0.337677001953125
0.0662765502929688 0.0333061218261719 0.454437255859375 -0.366607666015625
0.0615272521972656 0.0313491821289063 0.65667724609375 -0.17083740234375
0.0012819766998291 0.00426745414733887 0.67974853515625 0.23199462890625
-0.062286376953125 -0.034454345703125 0.5672607421875 0.5089111328125
-0.0445060729980469 -0.0547142028808594 0.304229736328125 0.40814208984375
-0.034332275390625 -0.0840835571289062 0.0825042724609375 -0.0258941650390625
-0.0466232299804688 -0.074676513671875 -0.1815185546875 -0.434814453125
-0.0582656860351563 -0.0531387329101563 -0.553466796875 -0.445220947265625
-0.0290088653564453 -0.0181179046630859 -0.7637939453125 -0.0175781249999999
-8.29696655273445E-05 -0.00835084915161133 -0.66510009765625 0.368896484375
0.0406455993652344 -0.00983810424804688 -0.4942626953125 0.421173095703125
0.0364036560058594 -0.0139236450195313 -0.201629638671875 0.340423583984375
-0.00857925415039062 -0.038909912109375 -0.0392379760742188 0.0810775756835938
0.0343437194824219 -0.0384140014648438 0.0578460693359375 -0.0842666625976563
0.0551338195800781 -0.0175323486328125 0.261810302734375 -0.354400634765625
0.0693778991699219 -0.00620651245117188 0.437469482421875 -0.39166259765625
0.0495529174804688 0.0171585083007813 0.63922119140625 -0.20062255859375
-0.00436782836914063 0.0269813537597656 0.6868896484375 0.2076416015625
-0.05877685546875 0.00470352172851561 0.58465576171875 0.4910888671875
-0.0309600830078125 -0.0171623229980469 0.321044921875 0.4061279296875
-0.0181808471679687 -0.0553245544433594 0.0946426391601563 -0.0230255126953125
-0.0294456481933594 -0.0468711853027344 -0.163421630859375 -0.4423828125
-0.0439567565917969 -0.0221900939941406 -0.5328369140625 -0.46990966796875
-0.0204067230224609 0.00656318664550782 -0.76123046875 -0.0523681640625
-0.0026090145111084 0.00125265121459961 -0.68157958984375 0.3455810546875
0.0340824127197266 -0.0245513916015625 -0.51483154296875 0.411041259765625
0.0431404113769531 -0.0403175354003906 -0.21551513671875 0.331329345703125
0.0100326538085938 -0.0649948120117188 -0.0419158935546875 0.0733108520507813
0.0595245361328125 -0.0546493530273438 0.0569915771484375 -0.0947723388671875
0.0774765014648438 -0.0469818115234375 0.24652099609375 -0.363189697265625
0.0661125183105469 -0.0430564880371094 0.424163818359375 -0.404876708984375
0.0329265594482422 0.00597572326660156 0.6337890625 -0.2230224609375
-0.01104736328125 0.0503959655761719 0.69580078125 0.17718505859375
-0.0525321960449219 0.0425338745117188 0.5963134765625 0.4591064453125
-0.0161151885986328 0.0172557830810547 0.3280029296875 0.390045166015625
-0.00161361694335937 -0.0273761749267578 0.0975265502929687 -0.0316848754882812
-0.0115146636962891 -0.0194282531738281 -0.154693603515625 -0.45263671875
-0.0294342041015625 0.00865745544433594 -0.518341064453125 -0.494903564453125
-0.0137672424316406 0.0317955017089844 -0.7611083984375 -0.0898437499999999
-0.00687122344970703 0.0115718841552734 -0.69012451171875 0.3167724609375
0.027374267578125 -0.0359458923339844 -0.526214599609375 0.39111328125
0.0504112243652344 -0.0639839172363281 -0.222015380859375 0.315948486328125
0.0304031372070313 -0.0895767211914063 -0.0378379821777344 0.0593528747558594
0.073089599609375 -0.0683670043945313 0.0601882934570313 -0.105857849121094
0.0857467651367188 -0.0707931518554688 0.2373046875 -0.36419677734375
0.0540847778320313 -0.0625152587890625 0.422698974609375 -0.404937744140625
0.0175666809082031 0.00575447082519531 0.642578125 -0.2451171875
-0.0134963989257813 0.0717086791992187 0.71051025390625 0.14300537109375
-0.0449676513671875 0.0719146728515625 0.6038818359375 0.420654296875
0.000804901123046879 0.0419960021972656 0.324951171875 0.36083984375
0.0141019821166992 -0.00790119171142578 0.0892333984375 -0.0485610961914063
0.00216984748840332 0.00339388847351074 -0.15594482421875 -0.470001220703125
-0.0200748443603516 0.0341014862060547 -0.51763916015625 -0.523162841796875
-0.0118942260742188 0.0521240234375 -0.7635498046875 -0.12322998046875
-0.0158863067626953 0.0182552337646484 -0.6993408203125 0.2889404296875
0.019012451171875 -0.0483283996582031 -0.529022216796875 0.371002197265625
0.0572433471679688 -0.084503173828125 -0.221160888671875 0.2996826171875
0.04974365234375 -0.105705261230469 -0.0249900817871094 0.0457687377929687
0.07550048828125 -0.0766983032226563 0.0666427612304688 -0.11773681640625
0.0773544311523438 -0.0797882080078125 0.233795166015625 -0.360687255859375
0.039215087890625 -0.0654983520507813 0.434783935546875 -0.403076171875
0.00680637359619141 0.0148115158081055 0.6605224609375 -0.26312255859375
-0.00965118408203125 0.0881729125976563 0.7213134765625 0.10614013671875
-0.03167724609375 0.0876083374023438 0.59661865234375 0.37994384765625
0.0147552490234375 0.0548248291015625 0.3109130859375 0.330535888671875
0.0261306762695313 0.00644874572753906 0.0717697143554688 -0.0739593505859375
0.0127735137939453 0.0205268859863281 -0.16876220703125 -0.491851806640625
-0.0167121887207031 0.0504112243652344 -0.521392822265625 -0.5517578125
-0.0169525146484375 0.06353759765625 -0.7650146484375 -0.15362548828125
-0.0278491973876953 0.0188102722167969 -0.69659423828125 0.26318359375
0.014068603515625 -0.0608749389648437 -0.521697998046875 0.353729248046875
0.063201904296875 -0.09747314453125 -0.212432861328125 0.28485107421875
0.064239501953125 -0.107627868652344 -0.00527381896972656 0.034067153930664
-0.0433998107910156 0.0325889587402344 0.0899887084960938 -0.0874176025390625
-0.00638580322265625 0.08197021484375 0.287109375 -0.299652099609375
0.0653076171875 0.0777511596679688 0.515655517578125 -0.312042236328125
0.0633010864257813 0.0197334289550781 0.72625732421875 -0.14678955078125
-0.0167465209960938 -0.05584716796875 0.68438720703125 0.21844482421875
-0.0728912353515625 -0.107421875 0.520965576171875 0.465606689453125
-0.0589141845703125 -0.11865234375 0.236846923828125 0.344940185546875
-0.0528488159179687 -0.133148193359375 0.0130996704101562 -0.082763671875
-0.0655136108398438 -0.133720397949219 -0.27294921875 -0.46331787109375
-0.06817626953125 -0.121353149414063 -0.6318359375 -0.43792724609375
-0.0278091430664063 -0.0632514953613281 -0.78106689453125 0.0120239257812499
0.0130777359008789 -0.00254631042480469 -0.62628173828125 0.376953125
0.0325927734375 0.0472869873046875 -0.4228515625 0.428558349609375
-0.00551986694335937 0.0503463745117187 -0.148956298828125 0.34307861328125
-0.0510444641113281 0.0179443359375 0.0056610107421875 0.0780715942382813
-0.036376953125 0.0164337158203125 0.075836181640625 -0.081024169921875
-0.00770187377929687 0.0693511962890625 0.27484130859375 -0.307708740234375
0.0647506713867188 0.0808258056640625 0.496185302734375 -0.321258544921875
0.0710601806640625 0.0330123901367188 0.70941162109375 -0.1417236328125
-0.00202560424804687 -0.0416793823242188 0.68695068359375 0.2386474609375
-0.07080078125 -0.0952682495117187 0.53717041015625 0.491943359375
-0.059906005859375 -0.108985900878906 0.2598876953125 0.373138427734375
-0.0551681518554687 -0.125862121582031 0.0380134582519531 -0.0594978332519531
-0.0667266845703125 -0.119606018066406 -0.24505615234375 -0.444427490234375
-0.0730209350585938 -0.107131958007813 -0.6116943359375 -0.42474365234375
-0.0345916748046875 -0.0582656860351563 -0.7781982421875 0.0229492187499999
0.00704193115234375 -0.0125713348388672 -0.63623046875 0.3897705078125
0.0415191650390625 0.0266151428222656 -0.446807861328125 0.4329833984375
0.0117835998535156 0.03631591796875 -0.165740966796875 0.344573974609375
-0.042327880859375 0.00756072998046875 -0.0126571655273438 0.0834197998046875
-0.017578125 -0.000553131103515627 0.0655899047851563 -0.0780181884765625
0.00424575805664062 0.0456314086914063 0.269775390625 -0.324188232421875
0.0641059875488281 0.0634613037109375 0.4720458984375 -0.3458251953125
0.0699386596679688 0.036773681640625 0.6829833984375 -0.15521240234375
0.002960205078125 -0.019744873046875 0.68365478515625 0.238525390625
-0.0671539306640625 -0.0713272094726562 0.55780029296875 0.50445556640625
-0.0558624267578125 -0.086395263671875 0.28546142578125 0.395233154296875
-0.0485076904296875 -0.109169006347656 0.0625991821289063 -0.0387153625488281
-0.0605621337890625 -0.0991287231445313 -0.215118408203125 -0.436187744140625
-0.0706558227539062 -0.0831527709960938 -0.5843505859375 -0.42584228515625
-0.0353317260742187 -0.0421333312988281 -0.77008056640625 0.0144042968750001
0.00116348266601563 -0.0127372741699219 -0.650146484375 0.38946533203125
0.044189453125 0.00547409057617188 -0.471099853515625 0.436676025390625
0.0258350372314453 0.01129150390625 -0.18414306640625 0.346466064453125
-0.0263729095458984 -0.0120811462402344 -0.028350830078125 0.0848846435546875
0.00630378723144531 -0.0192470550537109 0.0597610473632813 -0.079345703125
0.0260963439941406 0.0154266357421875 0.26409912109375 -0.342620849609375
0.0667343139648438 0.031585693359375 0.451324462890625 -0.37469482421875
0.0634002685546875 0.0300979614257813 0.65631103515625 -0.18109130859375
0.00206661224365234 0.00314474105834961 0.68353271484375 0.2254638671875
-0.0630416870117187 -0.0333938598632813 0.57476806640625 0.5028076171875
-0.0445175170898438 -0.0537071228027344 0.31024169921875 0.405059814453125
-0.0351791381835937 -0.0821151733398438 0.0832443237304687 -0.025299072265625
-0.0466690063476562 -0.0734710693359375 -0.188140869140625 -0.4349365234375
-0.0605545043945312 -0.0523719787597656 -0.561065673828125 -0.44091796875
-0.02984619140625 -0.0180912017822266 -0.7645263671875 -0.00891113281249984
-0.000809192657470703 -0.00740718841552734 -0.6624755859375 0.37689208984375
0.0404510498046875 -0.011016845703125 -0.491912841796875 0.4305419921875
0.0340175628662109 -0.0152511596679687 -0.1993408203125 0.34228515625
-0.0107803344726563 -0.0389404296875 -0.0379409790039063 0.082763671875
0.0345497131347656 -0.0384788513183594 0.0574798583984375 -0.0851516723632813
0.0556640625 -0.0172576904296875 0.2576904296875 -0.359130859375
0.0699691772460937 -0.00855255126953125 0.43280029296875 -0.40130615234375
0.0501708984375 0.0162925720214844 0.63922119140625 -0.21075439453125
-0.00457572937011719 0.0272254943847656 0.68902587890625 0.2000732421875
-0.058990478515625 0.00655746459960938 0.59161376953125 0.48681640625
-0.0314178466796875 -0.0164413452148437 0.326385498046875 0.402191162109375
-0.0200271606445313 -0.055908203125 0.094696044921875 -0.0230026245117188
-0.0305061340332031 -0.0458259582519531 -0.17022705078125 -0.44085693359375
-0.0446243286132813 -0.0200538635253906 -0.53936767578125 -0.465728759765625
-0.0215587615966797 0.00777435302734375 -0.764404296875 -0.0418701171875001
-0.00260186195373535 0.00168752670288086 -0.6778564453125 0.35565185546875
0.0341815948486328 -0.0239086151123047 -0.511138916015625 0.42034912109375
0.0440216064453125 -0.0406227111816406 -0.213653564453125 0.334197998046875
0.01068115234375 -0.0657463073730469 -0.0424041748046875 0.0733642578125
0.0558357238769531 -0.0548934936523438 0.0560302734375 -0.0966033935546875
0.0768814086914063 -0.0475997924804687 0.245208740234375 -0.366302490234375
0.0652694702148438 -0.0432853698730469 0.420166015625 -0.410736083984375
0.034759521484375 0.00538253784179687 0.63201904296875 -0.23468017578125
-0.011444091796875 0.0502128601074219 0.69873046875 0.167724609375
-0.0532684326171875 0.0435943603515625 0.60211181640625 0.45501708984375
-0.0145854949951172 0.0176048278808594 0.33477783203125 0.38433837890625
-0.00139427185058594 -0.0278167724609375 0.0963592529296875 -0.030975341796875
-0.0108985900878906 -0.0204277038574219 -0.159637451171875 -0.45062255859375
-0.0296611785888672 0.00987243652343749 -0.52581787109375 -0.4892578125
-0.0128307342529297 0.0330429077148438 -0.76373291015625 -0.081298828125
-0.00722122192382812 0.0119247436523438 -0.6890869140625 0.326904296875
0.0268630981445313 -0.0366935729980469 -0.521697998046875 0.40179443359375
0.050811767578125 -0.0645332336425781 -0.220611572265625 0.31890869140625
0.02752685546875 -0.0894546508789063 -0.0381622314453125 0.0620231628417969
0.0703964233398438 -0.0690460205078125 0.0597381591796875 -0.106475830078125
0.0843963623046875 -0.0702362060546875 0.23370361328125 -0.36962890625
0.0535812377929688 -0.0646553039550781 0.41912841796875 -0.412109375
0.018096923828125 0.00414657592773438 0.6400146484375 -0.2530517578125
-0.0119400024414062 0.0728988647460938 0.71368408203125 0.1334228515625
-0.0437088012695313 0.0722732543945313 0.60931396484375 0.41571044921875
0.00229644775390625 0.0431175231933594 0.33197021484375 0.358367919921875
0.0144062042236328 -0.00671577453613281 0.0887069702148438 -0.0485458374023438
0.00301122665405273 0.00473546981811523 -0.161865234375 -0.46807861328125
-0.0198898315429687 0.0334720611572266 -0.523590087890625 -0.520965576171875
-0.0108375549316406 0.052093505859375 -0.76629638671875 -0.11517333984375
-0.0154266357421875 0.0164690017700195 -0.69720458984375 0.29852294921875
0.0195426940917969 -0.0486869812011719 -0.526153564453125 0.380096435546875
0.0557174682617188 -0.0853347778320312 -0.219451904296875 0.302581787109375
0.0491104125976563 -0.103973388671875 -0.024627685546875 0.0462989807128906
0.073577880859375 -0.0775909423828125 0.065185546875 -0.119026184082031
0.0763626098632813 -0.0811538696289063 0.23028564453125 -0.36627197265625
0.0362892150878906 -0.067535400390625 0.43011474609375 -0.410675048828125
0.00642585754394531 0.0151329040527344 0.65960693359375 -0.27203369140625
-0.00906372070312501 0.0896148681640625 0.72607421875 0.096923828125
-0.030029296875 0.0886383056640625 0.603759765625 0.37408447265625
0.0156898498535156 0.0541343688964844 0.315185546875 0.32684326171875
0.0273227691650391 0.00598335266113281 0.071044921875 -0.0728683471679688
0.0134983062744141 0.0195636749267578 -0.17413330078125 -0.490325927734375
-0.0163307189941406 0.0503463745117187 -0.528564453125 -0.546112060546875
-0.0157394409179688 0.0624847412109375 -0.7694091796875 -0.14373779296875
-0.0290679931640625 0.0171432495117188 -0.697509765625 0.273193359375
0.0117645263671875 -0.0614547729492187 -0.519256591796875 0.3623046875
0.0640106201171875 -0.099029541015625 -0.20977783203125 0.2877197265625
0.0638580322265625 -0.10986328125 -0.00594711303710937 0.0354232788085937
-0.0443801879882813 0.0319061279296875 0.0878829956054688 -0.0892868041992188
-0.00616455078125001 0.0828475952148438 0.28466796875 -0.304412841796875
0.0671463012695313 0.0768508911132813 0.512542724609375 -0.319732666015625
0.0645980834960937 0.0179557800292969 0.72686767578125 -0.15557861328125
-0.018402099609375 -0.0548362731933594 0.68792724609375 0.2110595703125
-0.075927734375 -0.106544494628906 0.527191162109375 0.460540771484375
-0.0602264404296875 -0.118049621582031 0.23992919921875 0.341522216796875
-0.0538253784179688 -0.131752014160156 0.011505126953125 -0.0828475952148438
-0.067596435546875 -0.131935119628906 -0.2789306640625 -0.46038818359375
-0.0696182250976563 -0.119461059570313 -0.63824462890625 -0.4305419921875
-0.0279159545898438 -0.0643157958984375 -0.781494140625 0.0215454101562502
0.0122900009155273 -0.00410366058349609 -0.62115478515625 0.38751220703125
0.0344314575195313 0.0472259521484375 -0.4189453125 0.43475341796875
-0.0063629150390625 0.0509910583496094 -0.1444091796875 0.34429931640625
-0.0508155822753906 0.0182685852050781 0.00843811035156249 0.0787887573242188
-0.0356063842773437 0.0163764953613281 0.0723724365234375 -0.082275390625
-0.00686645507812499 0.0692710876464844 0.27099609375 -0.312591552734375
0.0654983520507812 0.0787811279296875 0.494354248046875 -0.32904052734375
0.0722198486328125 0.0311965942382813 0.70892333984375 -0.1497802734375
-0.00448989868164063 -0.0416069030761719 0.69195556640625 0.22930908203125
-0.0721435546875 -0.0951385498046875 0.544036865234375 0.486480712890625
-0.0623931884765625 -0.108345031738281 0.26641845703125 0.370819091796875
-0.0549087524414063 -0.125694274902344 0.0377082824707031 -0.0586357116699219
-0.06817626953125 -0.118988037109375 -0.25006103515625 -0.44244384765625
-0.0752716064453125 -0.105903625488281 -0.61737060546875 -0.41619873046875
-0.036346435546875 -0.0577201843261719 -0.77862548828125 0.032958984375
0.00774860382080078 -0.0135526657104492 -0.63616943359375 0.39959716796875
0.0425300598144531 0.0259208679199219 -0.4412841796875 0.442901611328125
0.00998878479003906 0.0348472595214844 -0.161895751953125 0.34716796875
-0.0420036315917969 0.00706481933593751 -0.0112991333007813 0.083526611328125
-0.0198116302490234 -0.000963211059570316 0.0646591186523437 -0.0784378051757813
0.0030670166015625 0.0466423034667969 0.265777587890625 -0.328521728515625
0.0654067993164063 0.0625495910644531 0.467376708984375 -0.353546142578125
0.0715789794921875 0.0358200073242188 0.6824951171875 -0.16644287109375
0.00262069702148438 -0.0201301574707031 0.690185546875 0.2305908203125
-0.0673103332519531 -0.0697288513183594 0.56524658203125 0.4993896484375
-0.055816650390625 -0.0851364135742188 0.29248046875 0.3914794921875
-0.0495223999023438 -0.108001708984375 0.0627059936523438 -0.0384445190429688
-0.0621109008789063 -0.0982742309570313 -0.221466064453125 -0.43377685546875
-0.07244873046875 -0.0811004638671875 -0.592529296875 -0.4200439453125
-0.0367584228515625 -0.0405044555664063 -0.77239990234375 0.0247802734375
0.00229454040527344 -0.0146570205688477 -0.64727783203125 0.4002685546875
0.0427627563476563 0.00455856323242188 -0.46588134765625 0.441925048828125
0.0256080627441406 0.0122814178466797 -0.181549072265625 0.3505859375
-0.0286178588867188 -0.0123291015625 -0.0266876220703125 0.0856170654296875
0.00500297546386718 -0.0190563201904297 0.058837890625 -0.0794906616210938
0.0266075134277344 0.0159988403320313 0.260955810546875 -0.345977783203125
0.0658798217773438 0.0304908752441406 0.44842529296875 -0.382720947265625
0.0622024536132813 0.0289154052734375 0.65631103515625 -0.19268798828125
0.00116205215454102 0.00419425964355469 0.6876220703125 0.2171630859375
-0.0637626647949219 -0.0332908630371094 0.5831298828125 0.49871826171875
-0.0466384887695313 -0.0525741577148438 0.31756591796875 0.401275634765625
-0.0373687744140625 -0.0824966430664063 0.0839691162109375 -0.0259170532226563
-0.048553466796875 -0.0740432739257813 -0.194549560546875 -0.431884765625
-0.0600967407226563 -0.0511093139648438 -0.56640625 -0.43536376953125
-0.0303630828857422 -0.0180683135986328 -0.76702880859375 0.00115966796875013
4.4822692871094E-05 -0.00881767272949219 -0.66082763671875 0.38861083984375
0.0393180847167969 -0.0134239196777344 -0.48883056640625 0.43817138671875
0.0355148315429687 -0.0159568786621094 -0.195220947265625 0.34649658203125
-0.0108375549316406 -0.0372390747070313 -0.03717041015625 0.0824127197265625
0.0337448120117188 -0.0390472412109375 0.0550765991210938 -0.085662841796875
0.0541839599609375 -0.0174789428710938 0.25421142578125 -0.36328125
0.070526123046875 -0.00901031494140625 0.428192138671875 -0.408355712890625
0.0505180358886719 0.0146064758300781 0.636474609375 -0.219970703125
-0.00431251525878907 0.0271873474121094 0.69317626953125 0.193603515625
-0.059173583984375 0.00683593749999999 0.5987548828125 0.47845458984375
-0.0319728851318359 -0.0161056518554688 0.333343505859375 0.399017333984375
-0.0202178955078125 -0.0546913146972656 0.0950851440429687 -0.024139404296875
-0.0299606323242187 -0.0451431274414063 -0.175628662109375 -0.43878173828125
-0.0440330505371094 -0.01971435546875 -0.5482177734375 -0.459014892578125
-0.0205726623535156 0.00704002380371093 -0.7669677734375 -0.0312499999999999
-0.0034794807434082 0.00102519989013672 -0.674560546875 0.36517333984375
0.0326652526855469 -0.0246429443359375 -0.506378173828125 0.42724609375
0.0433807373046875 -0.0418968200683594 -0.20880126953125 0.3388671875
0.00823211669921876 -0.0656929016113281 -0.0409469604492187 0.0742568969726563
0.0568580627441406 -0.055908203125 0.055206298828125 -0.09649658203125
0.0758514404296875 -0.0484237670898438 0.23907470703125 -0.3726806640625
0.0653076171875 -0.0448341369628906 0.4154052734375 -0.419036865234375
0.0327892303466797 0.00308609008789063 0.629150390625 -0.24322509765625
-0.0103683471679687 0.0504646301269531 0.701416015625 0.15863037109375
-0.05267333984375 0.0441665649414063 0.60894775390625 0.44732666015625
-0.0152454376220703 0.0191822052001953 0.33843994140625 0.380462646484375
-0.0017242431640625 -0.0274066925048828 0.097259521484375 -0.0333480834960938
-0.0119514465332031 -0.0190238952636719 -0.167633056640625 -0.449371337890625
-0.0293407440185547 0.00929069519042968 -0.532196044921875 -0.484161376953125
-0.0128078460693359 0.0321598052978516 -0.7679443359375 -0.0712890625000001
-0.00833606719970703 0.0113773345947266 -0.68756103515625 0.335693359375
0.0261192321777344 -0.0359687805175781 -0.519134521484375 0.40948486328125
0.048004150390625 -0.0656929016113281 -0.215667724609375 0.32293701171875
0.0272598266601562 -0.0885009765625 -0.0378646850585938 0.0622901916503906
0.0708999633789063 -0.0698013305664063 0.0578689575195313 -0.108474731445313
0.0830612182617188 -0.0718612670898438 0.227783203125 -0.373779296875
0.053131103515625 -0.0660667419433594 0.412261962890625 -0.419647216796875
0.0181846618652344 0.00396347045898438 0.63848876953125 -0.263671875
-0.0126113891601562 0.0742568969726562 0.7166748046875 0.12481689453125
-0.042572021484375 0.0746307373046875 0.616943359375 0.40826416015625
0.00257110595703125 0.0433235168457031 0.33575439453125 0.35296630859375
0.0146913528442383 -0.00652503967285156 0.088409423828125 -0.0495758056640625
0.00295734405517578 0.00484085083007812 -0.169586181640625 -0.4683837890625
-0.0195407867431641 0.0347366333007813 -0.53173828125 -0.513702392578125
-0.0103492736816406 0.0516014099121094 -0.7698974609375 -0.10589599609375
-0.0168018341064453 0.0181884765625 -0.69476318359375 0.3082275390625
0.0172042846679688 -0.049774169921875 -0.523956298828125 0.3887939453125
0.0541229248046875 -0.0873641967773438 -0.21533203125 0.305908203125
0.0469894409179687 -0.104583740234375 -0.0243682861328125 0.0478515625
0.0713577270507813 -0.077484130859375 0.0642318725585938 -0.11993408203125
0.07720947265625 -0.0812301635742188 0.22540283203125 -0.369598388671875
0.0352325439453125 -0.0670738220214844 0.426422119140625 -0.41802978515625
0.005035400390625 0.012995719909668 0.6561279296875 -0.2823486328125
-0.007904052734375 0.089447021484375 0.7281494140625 0.08660888671875
-0.0307083129882813 0.0894088745117188 0.60955810546875 0.36724853515625
0.0167617797851563 0.0547218322753906 0.31988525390625 0.32379150390625
0.0270404815673828 0.00597763061523438 0.071014404296875 -0.074615478515625
0.0134792327880859 0.0201663970947266 -0.183319091796875 -0.489288330078125
-0.0146903991699219 0.0521888732910156 -0.537445068359375 -0.5399169921875
-0.015380859375 0.0650215148925781 -0.7724609375 -0.13348388671875
-0.0284385681152344 0.0170669555664063 -0.69525146484375 0.2823486328125
0.0114898681640625 -0.06365966796875 -0.515777587890625 0.3731689453125
0.0606231689453125 -0.0999832153320312 -0.2064208984375 0.2913818359375
0.0624618530273438 -0.110610961914063 -0.00548171997070312 0.0353469848632812
-0.0443572998046875 0.0325889587402344 0.0855484008789063 -0.0911788940429688
-0.00565338134765626 0.083648681640625 0.28076171875 -0.310150146484375
0.0673141479492188 0.0770950317382813 0.509613037109375 -0.327728271484375
0.0644073486328125 0.0165786743164063 0.72467041015625 -0.1678466796875
-0.0180473327636719 -0.0565528869628906 0.69085693359375 0.19952392578125
-0.0781173706054687 -0.10687255859375 0.534332275390625 0.45318603515625
-0.0620880126953125 -0.117530822753906 0.24609375 0.340118408203125
-0.0557937622070313 -0.131088256835937 0.0118942260742187 -0.0819778442382813
-0.0691680908203125 -0.130699157714844 -0.286224365234375 -0.45623779296875
-0.0711212158203125 -0.118598937988281 -0.6458740234375 -0.4197998046875
-0.0300941467285156 -0.063507080078125 -0.7822265625 0.03179931640625
0.0115842819213867 -0.00449752807617188 -0.6171875 0.3990478515625
0.0341720581054688 0.0469589233398437 -0.413848876953125 0.44207763671875
-0.00636672973632812 0.049957275390625 -0.139251708984375 0.348541259765625
-0.0503654479980469 0.0184097290039062 0.00946807861328124 0.0788955688476562
-0.0362586975097656 0.0176811218261719 0.0711898803710938 -0.0832595825195313
-0.006683349609375 0.070220947265625 0.26727294921875 -0.316497802734375
0.0673370361328125 0.0786590576171875 0.489593505859375 -0.33819580078125
0.0737380981445312 0.0283584594726562 0.70745849609375 -0.16229248046875
-0.00395584106445312 -0.0423812866210937 0.69488525390625 0.21978759765625
-0.0732879638671875 -0.094329833984375 0.55230712890625 0.481048583984375
-0.0632476806640625 -0.107276916503906 0.271026611328125 0.365997314453125
-0.0582275390625 -0.124832153320313 0.0373649597167969 -0.0587043762207031
-0.0695343017578125 -0.118064880371094 -0.255828857421875 -0.439422607421875
-0.0764923095703125 -0.103935241699219 -0.6231689453125 -0.40875244140625
-0.0363731384277344 -0.0566520690917969 -0.77923583984375 0.0438232421875
0.00676727294921875 -0.0131387710571289 -0.63067626953125 0.409912109375
0.0417137145996094 0.0248908996582031 -0.437255859375 0.447998046875
0.0116004943847656 0.0354881286621094 -0.156402587890625 0.351226806640625
-0.0419692993164063 0.00911331176757813 -0.0109405517578125 0.0848617553710938
-0.0198650360107422 0.000766754150390625 0.0640106201171875 -0.0790176391601563
0.00429916381835937 0.0466499328613281 0.259674072265625 -0.33380126953125
0.0668754577636719 0.0613975524902344 0.464447021484375 -0.36090087890625
0.0728073120117188 0.035186767578125 0.67926025390625 -0.175537109375
0.00107192993164062 -0.0223312377929688 0.6923828125 0.220703125
-0.0690040588378906 -0.0684661865234375 0.571533203125 0.49432373046875
-0.0578079223632813 -0.0845794677734375 0.30029296875 0.38787841796875
-0.05035400390625 -0.105560302734375 0.0620346069335938 -0.0409660339355469
-0.0635299682617187 -0.0974807739257813 -0.22784423828125 -0.430633544921875
-0.0743255615234375 -0.0794601440429688 -0.59912109375 -0.411376953125
-0.0379371643066406 -0.0407524108886719 -0.7728271484375 0.0371093749999999
0.000362396240234374 -0.0140371322631836 -0.64306640625 0.4110107421875
0.0420608520507813 0.00467300415039063 -0.461517333984375 0.451385498046875
0.0252685546875 0.010894775390625 -0.1761474609375 0.352020263671875
-0.0274181365966797 -0.0112266540527344 -0.0275650024414062 0.0864944458007813
0.00492477416992188 -0.019683837890625 0.0569534301757813 -0.0809707641601563
0.026458740234375 0.0154781341552734 0.256134033203125 -0.351531982421875
0.0674705505371094 0.0299415588378906 0.44158935546875 -0.391571044921875
0.0650711059570313 0.0267982482910156 0.6539306640625 -0.20147705078125
0.00150823593139648 0.00318551063537598 0.6905517578125 0.2076416015625
-0.06396484375 -0.0318756103515625 0.59002685546875 0.48907470703125
-0.0468711853027344 -0.0530052185058594 0.322174072265625 0.396728515625
-0.0375518798828125 -0.0815200805664063 0.0824127197265625 -0.0276565551757813
-0.0489120483398438 -0.071746826171875 -0.199981689453125 -0.43017578125
-0.0613174438476562 -0.0492668151855469 -0.5732421875 -0.42730712890625
-0.0300121307373047 -0.0178623199462891 -0.76837158203125 0.0133056640625001
-0.00156402587890625 -0.00887966156005859 -0.65380859375 0.39849853515625
0.0389404296875 -0.0135574340820312 -0.48272705078125 0.4459228515625
0.0348339080810547 -0.0166511535644531 -0.1912841796875 0.3497314453125
-0.0111541748046875 -0.0371894836425781 -0.0363693237304687 0.0839309692382813
0.03369140625 -0.0391578674316406 0.054229736328125 -0.0860061645507813
0.0545120239257813 -0.0181198120117188 0.248016357421875 -0.368011474609375
0.0689697265625 -0.0106239318847656 0.423004150390625 -0.41650390625
0.0503158569335938 0.0137290954589844 0.634521484375 -0.2313232421875
-0.00319671630859375 0.0273704528808594 0.69677734375 0.18182373046875
-0.0598411560058594 0.00893402099609374 0.60565185546875 0.471923828125
-0.0322608947753906 -0.0152873992919922 0.33941650390625 0.3941650390625
-0.0211372375488281 -0.0549163818359375 0.0938949584960937 -0.0251693725585938
-0.0317611694335938 -0.0444602966308594 -0.181182861328125 -0.436737060546875
-0.0450210571289063 -0.0187339782714844 -0.552978515625 -0.45074462890625
-0.0204658508300781 0.00725364685058594 -0.76800537109375 -0.0227661132812501
-0.00370335578918457 0.000400781631469727 -0.67120361328125 0.376220703125
0.0327720642089844 -0.0271530151367187 -0.5018310546875 0.43634033203125
0.0426597595214844 -0.0433998107910156 -0.20416259765625 0.342437744140625
0.0072021484375 -0.0646171569824219 -0.0412368774414062 0.0760040283203125
0.0550308227539063 -0.0568275451660156 0.0539093017578125 -0.09759521484375
0.0764923095703125 -0.04931640625 0.2344970703125 -0.377105712890625
0.0648574829101563 -0.0456924438476563 0.409820556640625 -0.42608642578125
0.0327816009521484 0.00250053405761719 0.62518310546875 -0.2540283203125
-0.00954055786132813 0.0504379272460938 0.70697021484375 0.14990234375
-0.0529899597167969 0.0464935302734375 0.61712646484375 0.438232421875
-0.0144119262695313 0.017822265625 0.344818115234375 0.37646484375
-0.00209617614746094 -0.0277118682861328 0.0960769653320313 -0.0337982177734375
-0.0113620758056641 -0.0188789367675781 -0.173828125 -0.4481201171875
-0.0287551879882813 0.0119514465332031 -0.541534423828125 -0.479461669921875
-0.0134544372558594 0.0325222015380859 -0.76812744140625 -0.0610961914062499
-0.00821685791015625 0.0101585388183594 -0.68133544921875 0.34735107421875
0.0240249633789063 -0.03887939453125 -0.51446533203125 0.4185791015625
0.0483169555664063 -0.0677680969238281 -0.212249755859375 0.3277587890625
0.0263137817382813 -0.0886764526367188 -0.0370979309082031 0.063446044921875
0.0685958862304688 -0.0709381103515625 0.055755615234375 -0.108612060546875
0.08221435546875 -0.0724334716796875 0.222381591796875 -0.3765869140625
0.05072021484375 -0.0675315856933594 0.408203125 -0.42742919921875
0.0179023742675781 0.00154685974121094 0.63311767578125 -0.272216796875
-0.0108566284179688 0.0726852416992188 0.7197265625 0.1153564453125
-0.04095458984375 0.0748519897460938 0.622802734375 0.40087890625
0.00276947021484375 0.0440177917480469 0.34197998046875 0.350006103515625
0.0161552429199219 -0.00627899169921875 0.0875167846679688 -0.05029296875
0.00325465202331543 0.00294065475463867 -0.177734375 -0.4644775390625
-0.0189056396484375 0.0363616943359375 -0.539154052734375 -0.508880615234375
-0.0108528137207031 0.0525054931640625 -0.7718505859375 -0.093994140625
-0.0168418884277344 0.0172786712646484 -0.692138671875 0.3175048828125
0.0166358947753906 -0.0506515502929688 -0.518707275390625 0.397308349609375
0.0540084838867188 -0.0876388549804688 -0.212646484375 0.310150146484375
0.0461349487304688 -0.105735778808594 -0.0234947204589844 0.0475692749023438
0.0712356567382813 -0.0789108276367188 0.0605621337890625 -0.120407104492188
0.0753631591796875 -0.0826568603515625 0.2193603515625 -0.372650146484375
0.0364532470703125 -0.0691299438476563 0.41998291015625 -0.426544189453125
0.00670623779296875 0.0143613815307617 0.6524658203125 -0.2930908203125
-0.00732421875 0.08929443359375 0.7296142578125 0.07806396484375
-0.0280380249023437 0.0911712646484375 0.61663818359375 0.3599853515625
0.0165061950683594 0.054718017578125 0.326873779296875 0.31829833984375
0.0274696350097656 0.00684165954589844 0.069244384765625 -0.0736160278320313
0.0141754150390625 0.0201683044433594 -0.188385009765625 -0.48712158203125
-0.0129547119140625 0.0521430969238281 -0.54522705078125 -0.534027099609375
-0.0150566101074219 0.0642852783203125 -0.77508544921875 -0.1248779296875
-0.0287723541259766 0.017791748046875 -0.69110107421875 0.29522705078125
0.00872802734375 -0.0625152587890625 -0.51239013671875 0.380767822265625
0.0594482421875 -0.101097106933594 -0.20428466796875 0.2943115234375
0.0598220825195312 -0.110519409179688 -0.00444793701171875 0.0353546142578125
-0.0434646606445312 0.0325088500976563 0.08441162109375 -0.0920944213867188
-0.00525665283203124 0.0836029052734375 0.274383544921875 -0.31292724609375
0.0686569213867188 0.0756759643554688 0.504638671875 -0.33740234375
0.0659675598144531 0.01605224609375 0.72003173828125 -0.1783447265625
-0.0205230712890625 -0.0556373596191406 0.69268798828125 0.1905517578125
-0.0788192749023438 -0.104766845703125 0.5400390625 0.44635009765625
-0.0623626708984375 -0.11602783203125 0.250885009765625 0.335845947265625
-0.0582122802734375 -0.129524230957031 0.01043701171875 -0.0808792114257813
-0.0715866088867188 -0.128974914550781 -0.2930908203125 -0.452239990234375
-0.0721282958984375 -0.117919921875 -0.65032958984375 -0.412109375
-0.0304603576660156 -0.0626029968261719 -0.78277587890625 0.0445556640625002
0.0114631652832031 -0.00303459167480469 -0.61114501953125 0.40802001953125
0.0342369079589844 0.0451126098632813 -0.407196044921875 0.450286865234375
-0.00434494018554688 0.0499267578125 -0.136505126953125 0.349090576171875
-0.0508041381835938 0.019439697265625 0.0107879638671875 0.0787887573242188
-0.0360450744628906 0.0169448852539062 0.0700225830078125 -0.08380126953125
-0.00538635253906249 0.0703277587890625 0.263702392578125 -0.32159423828125
0.0689239501953125 0.076446533203125 0.485107421875 -0.3447265625
0.0734481811523438 0.0287551879882813 0.7059326171875 -0.172607421875
-0.00572967529296875 -0.04205322265625 0.696533203125 0.2086181640625
-0.0754013061523437 -0.0927505493164063 0.559906005859375 0.472564697265625
-0.0652694702148438 -0.106452941894531 0.2760009765625 0.362548828125
-0.0595245361328125 -0.122169494628906 0.0352783203125 -0.0600509643554688
-0.070831298828125 -0.115982055664062 -0.26318359375 -0.43585205078125
-0.07879638671875 -0.102210998535156 -0.62945556640625 -0.39874267578125
-0.0378837585449219 -0.0566329956054687 -0.77825927734375 0.05548095703125
0.00630283355712891 -0.0134077072143555 -0.624267578125 0.41790771484375
0.0407562255859375 0.0238990783691406 -0.42999267578125 0.456573486328125
0.0111122131347656 0.0352592468261719 -0.15277099609375 0.3519287109375
-0.0429573059082031 0.00868988037109376 -0.0096588134765625 0.0839462280273438
-0.0204124450683594 -0.000513076782226559 0.0613555908203125 -0.0813140869140625
0.00516510009765625 0.0468521118164063 0.255279541015625 -0.336639404296875
0.0673599243164063 0.0600852966308594 0.45819091796875 -0.370269775390625
0.0723724365234375 0.032501220703125 0.6763916015625 -0.1873779296875
3.2424926757811E-05 -0.0206394195556641 0.6961669921875 0.21099853515625
-0.0690574645996094 -0.066650390625 0.5787353515625 0.48553466796875
-0.057830810546875 -0.0826034545898438 0.3031005859375 0.38311767578125
-0.0528335571289063 -0.104568481445313 0.0611343383789063 -0.0401420593261719
-0.0648574829101562 -0.0966567993164063 -0.234527587890625 -0.42633056640625
-0.0759429931640625 -0.0790557861328125 -0.6036376953125 -0.40435791015625
-0.0383224487304688 -0.039398193359375 -0.77227783203125 0.0455322265625001
0.000179290771484376 -0.015254020690918 -0.6376953125 0.42010498046875
0.0419692993164063 0.00267791748046875 -0.454925537109375 0.459197998046875
0.0249996185302734 0.0107402801513672 -0.1724853515625 0.35430908203125
-0.0284099578857422 -0.0107975006103516 -0.0256195068359375 0.0875167846679688
0.00378227233886719 -0.0197200775146484 0.0562362670898438 -0.0819778442382813
0.0264625549316406 0.015594482421875 0.251220703125 -0.35626220703125
0.0679550170898438 0.0283355712890625 0.43634033203125 -0.398651123046875
0.0646324157714844 0.0256729125976563 0.64959716796875 -0.2113037109375
0.00103163719177246 0.00359058380126953 0.69384765625 0.196533203125
-0.0644645690917969 -0.0309944152832031 0.59710693359375 0.483154296875
-0.0477180480957031 -0.0510749816894531 0.328033447265625 0.390777587890625
-0.038543701171875 -0.0791549682617188 0.082244873046875 -0.02679443359375
-0.0508651733398438 -0.0704193115234375 -0.2073974609375 -0.425750732421875
-0.0616607666015625 -0.0485305786132812 -0.5784912109375 -0.4189453125
-0.0315494537353516 -0.0183620452880859 -0.76690673828125 0.0224609375
-0.00257110595703125 -0.00991153717041016 -0.64862060546875 0.40765380859375
0.0377540588378906 -0.0141677856445313 -0.477264404296875 0.45556640625
0.0345516204833984 -0.0177898406982422 -0.18634033203125 0.352447509765625
-0.0123825073242188 -0.0353851318359375 -0.0349807739257812 0.0844879150390625
0.031707763671875 -0.0399589538574219 0.0528411865234375 -0.0889205932617188
0.0533714294433594 -0.018890380859375 0.2430419921875 -0.371490478515625
0.0701255798339844 -0.0109748840332031 0.41790771484375 -0.422271728515625
0.0517082214355469 0.0123863220214844 0.630126953125 -0.24249267578125
-0.00360870361328125 0.0280418395996094 0.69927978515625 0.17193603515625
-0.0598106384277344 0.00910186767578126 0.61328125 0.463134765625
-0.0316009521484375 -0.0143966674804688 0.345184326171875 0.388702392578125
-0.0208740234375 -0.0536003112792969 0.0949554443359375 -0.0257568359375
-0.0315780639648438 -0.044952392578125 -0.1883544921875 -0.432586669921875
-0.0447235107421875 -0.0172042846679688 -0.559967041015625 -0.4437255859375
-0.0206356048583984 0.0078887939453125 -0.76611328125 -0.0123901367187499
-0.00384974479675293 -0.000349998474121093 -0.6654052734375 0.38702392578125
0.0319080352783203 -0.0269622802734375 -0.49517822265625 0.446136474609375
0.040802001953125 -0.0438499450683594 -0.20001220703125 0.345184326171875
0.00584793090820312 -0.0643348693847656 -0.0391616821289063 0.0760040283203125
0.0533638000488281 -0.0557289123535156 0.0521240234375 -0.0973434448242188
0.074676513671875 -0.0495071411132812 0.2286376953125 -0.379913330078125
0.0640296936035156 -0.0478591918945313 0.402099609375 -0.433990478515625
0.0336265563964844 0.0026397705078125 0.62091064453125 -0.26416015625
-0.00928878784179688 0.0510139465332031 0.70709228515625 0.13916015625
-0.0504798889160156 0.0468788146972656 0.6217041015625 0.43280029296875
-0.0141620635986328 0.0191993713378906 0.350494384765625 0.370819091796875
-0.00328254699707031 -0.0275077819824219 0.0956573486328125 -0.034454345703125
-0.0118207931518555 -0.0169811248779297 -0.177825927734375 -0.4444580078125
-0.0291175842285156 0.0119991302490234 -0.5477294921875 -0.469970703125
-0.0127182006835938 0.0306434631347656 -0.76959228515625 -0.04840087890625
-0.00750255584716797 0.0103740692138672 -0.675537109375 0.35784912109375
0.0237922668457031 -0.0389366149902344 -0.508575439453125 0.428192138671875
0.0465278625488281 -0.067138671875 -0.208282470703125 0.33062744140625
0.025146484375 -0.0889205932617188 -0.0353202819824219 0.0632514953613281
0.0668869018554688 -0.071136474609375 0.0543594360351563 -0.110702514648438
0.0817642211914063 -0.0731658935546875 0.217681884765625 -0.380462646484375
0.0503959655761719 -0.0692787170410156 0.399993896484375 -0.43426513671875
0.0185508728027344 0.00145912170410156 0.63153076171875 -0.28350830078125
-0.00975799560546875 0.073516845703125 0.72003173828125 0.10400390625
-0.0406494140625 0.0764694213867188 0.6287841796875 0.3917236328125
0.0047607421875 0.042694091796875 0.346649169921875 0.34423828125
0.0139007568359375 -0.007049560546875 0.08544921875 -0.0509414672851563
0.00360965728759766 0.00458049774169922 -0.181976318359375 -0.463104248046875
-0.0177001953125 0.0374565124511719 -0.54510498046875 -0.498809814453125
-0.00859451293945312 0.0529632568359375 -0.77337646484375 -0.0848999023437498
-0.0158329010009766 0.0169515609741211 -0.68743896484375 0.327880859375
0.0143814086914063 -0.0504531860351563 -0.512939453125 0.4063720703125
0.0509262084960937 -0.0880661010742188 -0.20892333984375 0.31396484375
0.0431671142578125 -0.104995727539063 -0.0230712890625 0.0489654541015625
0.0677261352539063 -0.0778884887695313 0.0581436157226563 -0.120864868164063
0.0732192993164063 -0.0826797485351563 0.212432861328125 -0.375396728515625
0.0343704223632813 -0.068695068359375 0.41375732421875 -0.43341064453125
0.00647449493408203 0.01287841796875 0.6466064453125 -0.3026123046875
-0.0051422119140625 0.088653564453125 0.72967529296875 0.066650390625
-0.0276031494140625 0.091094970703125 0.620361328125 0.35162353515625
0.0178947448730469 0.0538673400878906 0.329833984375 0.314544677734375
0.0259170532226562 0.00561714172363281 0.0686187744140625 -0.0743331909179688
0.0141220092773437 0.0207557678222656 -0.196014404296875 -0.483154296875
-0.0114326477050781 0.0535011291503906 -0.55230712890625 -0.523956298828125
-0.0138893127441406 0.0638580322265625 -0.7781982421875 -0.114501953125
-0.0291366577148438 0.0188522338867188 -0.6865234375 0.3040771484375
0.00887298583984374 -0.0633888244628906 -0.504150390625 0.3916015625
0.0572662353515625 -0.101371765136719 -0.199615478515625 0.298980712890625
0.0595550537109375 -0.109786987304688 -0.0046539306640625 0.0362091064453125
-0.0442619323730469 0.0333786010742188 0.0825653076171875 -0.0938262939453125
-0.00405120849609375 0.0837936401367188 0.269561767578125 -0.31817626953125
0.0698089599609375 0.0754547119140625 0.4989013671875 -0.344696044921875
0.0658950805664063 0.0131263732910156 0.71728515625 -0.1893310546875
-0.0202713012695312 -0.0552101135253906 0.69329833984375 0.18206787109375
-0.0815353393554687 -0.104888916015625 0.54510498046875 0.437744140625
-0.064453125 -0.11553955078125 0.2547607421875 0.331451416015625
-0.0587921142578125 -0.128303527832031 0.0101470947265625 -0.0800628662109375
-0.0727691650390625 -0.127876281738281 -0.300018310546875 -0.446990966796875
-0.0740280151367187 -0.115974426269531 -0.656005859375 -0.400146484375
-0.0318031311035156 -0.0633049011230469 -0.78125 0.0543212890624999
0.0124778747558594 -0.00381183624267578 -0.602783203125 0.41644287109375
0.0355072021484375 0.0452995300292969 -0.3994140625 0.4559326171875
-0.00481796264648437 0.0514297485351563 -0.130340576171875 0.3511962890625
-0.0511245727539063 0.0210227966308594 0.0110549926757812 0.0791091918945313
-0.0379486083984375 0.0188865661621094 0.067352294921875 -0.083404541015625
-0.00422668457031251 0.0709686279296875 0.259124755859375 -0.32470703125
0.069915771484375 0.076507568359375 0.478668212890625 -0.352813720703125
0.0741195678710937 0.026397705078125 0.7005615234375 -0.1854248046875
-0.00643157958984375 -0.0420799255371094 0.6983642578125 0.2003173828125
-0.075958251953125 -0.0908203125 0.565185546875 0.46502685546875
-0.0658340454101563 -0.104225158691406 0.281585693359375 0.358734130859375
-0.0601577758789063 -0.120872497558594 0.0350494384765625 -0.058837890625
-0.0732955932617188 -0.114753723144531 -0.2677001953125 -0.43060302734375
-0.0795745849609375 -0.100799560546875 -0.63360595703125 -0.39019775390625
-0.0402717590332031 -0.0560188293457031 -0.7750244140625 0.0658569335937499
0.00580692291259766 -0.0141420364379883 -0.61749267578125 0.4293212890625
0.0412216186523438 0.0229606628417969 -0.423614501953125 0.4625244140625
0.00928688049316406 0.0344066619873047 -0.1484375 0.35601806640625
-0.0430793762207031 0.01031494140625 -0.0074310302734375 0.08514404296875
-0.0198211669921875 -0.000211715698242187 0.0593338012695313 -0.08245849609375
0.00575637817382813 0.0453453063964844 0.250091552734375 -0.34197998046875
0.0683860778808594 0.0591201782226563 0.45196533203125 -0.3770751953125
0.0732498168945313 0.0298538208007813 0.673095703125 -0.19915771484375
-0.000730514526367189 -0.0199947357177734 0.696533203125 0.1990966796875
-0.0709991455078125 -0.06634521484375 0.583984375 0.4754638671875
-0.0596771240234375 -0.0831985473632813 0.3089599609375 0.377899169921875
-0.0532073974609375 -0.103904724121094 0.0607070922851563 -0.0395774841308594
-0.0656509399414063 -0.0946121215820312 -0.239013671875 -0.42266845703125
-0.0751419067382813 -0.0762786865234375 -0.60772705078125 -0.39337158203125
-0.0400657653808594 -0.0402069091796875 -0.76910400390625 0.0590209960937501
0.000792503356933594 -0.0157327651977539 -0.62939453125 0.4290771484375
0.0430183410644531 0.00149154663085937 -0.448211669921875 0.465576171875
0.0247287750244141 0.0106639862060547 -0.166259765625 0.358978271484375
-0.02880859375 -0.0102024078369141 -0.0239715576171875 0.0862960815429688
0.00321578979492187 -0.0198478698730469 0.05426025390625 -0.0820236206054688
0.0262508392333984 0.0167007446289063 0.2469482421875 -0.359100341796875
0.0686149597167969 0.0270919799804688 0.4305419921875 -0.4063720703125
0.0646476745605469 0.0251007080078125 0.6448974609375 -0.22265625
0.00194334983825684 0.00403451919555664 0.6951904296875 0.18701171875
-0.0638236999511719 -0.0299797058105469 0.60198974609375 0.47308349609375
-0.0478172302246094 -0.0507354736328125 0.333038330078125 0.38629150390625
-0.0403976440429688 -0.0796890258789063 0.0814285278320313 -0.0279769897460938
-0.0514488220214844 -0.068145751953125 -0.2125244140625 -0.42236328125
-0.0629920959472656 -0.0476036071777344 -0.584228515625 -0.410888671875
-0.0325756072998047 -0.0172023773193359 -0.76629638671875 0.033203125
-0.00338077545166016 -0.0100078582763672 -0.641845703125 0.41802978515625
0.03692626953125 -0.0142822265625 -0.46978759765625 0.464263916015625
0.0329341888427734 -0.0170173645019531 -0.180755615234375 0.354949951171875
-0.0124778747558594 -0.0360336303710938 -0.0367050170898437 0.0848007202148438
0.0305023193359375 -0.038299560546875 0.0510635375976562 -0.0878753662109375
0.0531997680664063 -0.0194015502929688 0.236328125 -0.37506103515625
0.0699501037597656 -0.0126419067382812 0.408843994140625 -0.429840087890625
0.049957275390625 0.0110397338867188 0.625732421875 -0.2520751953125
-0.0042877197265625 0.0269699096679688 0.6993408203125 0.1614990234375
-0.0596771240234375 0.0104026794433594 0.618408203125 0.4537353515625
-0.0304489135742187 -0.0148468017578125 0.350921630859375 0.38226318359375
-0.0210914611816406 -0.053070068359375 0.0937881469726563 -0.0263824462890625
-0.03271484375 -0.0427970886230469 -0.19451904296875 -0.43048095703125
-0.0452957153320313 -0.0160713195800781 -0.56475830078125 -0.43426513671875
-0.0212154388427734 0.00695991516113281 -0.76654052734375 -0.000549316406249915
-0.0040290355682373 0.000769853591918946 -0.656982421875 0.3963623046875
0.0312290191650391 -0.0285739898681641 -0.49053955078125 0.452362060546875
0.0400161743164063 -0.0441780090332031 -0.19537353515625 0.3475341796875
0.00555419921875 -0.0630149841308594 -0.0392227172851563 0.0755996704101563
0.0541572570800781 -0.0567970275878906 0.0491409301757813 -0.0990982055664063
0.0733795166015625 -0.0500411987304688 0.22235107421875 -0.383819580078125
0.062774658203125 -0.0491752624511719 0.394378662109375 -0.438262939453125
0.0344696044921875 0.00171661376953125 0.61883544921875 -0.2734375
-0.00879669189453126 0.0503349304199219 0.70843505859375 0.12957763671875
-0.0510902404785156 0.0479393005371094 0.62939453125 0.42169189453125
-0.0133838653564453 0.0200786590576172 0.355438232421875 0.366058349609375
-0.00219535827636719 -0.0265674591064453 0.0945816040039063 -0.0361709594726563
-0.0120201110839844 -0.0170230865478516 -0.184844970703125 -0.44073486328125
-0.0289897918701172 0.0120983123779297 -0.55242919921875 -0.462646484375
-0.0122566223144531 0.0324554443359375 -0.76873779296875 -0.0390014648437501
-0.00801849365234375 0.00998210906982422 -0.6690673828125 0.3670654296875
0.022491455078125 -0.0388603210449219 -0.5020751953125 0.434906005859375
0.0445594787597656 -0.0675773620605469 -0.204681396484375 0.3321533203125
0.0239181518554687 -0.0889129638671875 -0.0342788696289062 0.0638351440429688
0.0664749145507813 -0.0707015991210938 0.0511398315429688 -0.109527587890625
0.080963134765625 -0.0747299194335938 0.211395263671875 -0.38372802734375
0.049591064453125 -0.06988525390625 0.393310546875 -0.439056396484375
0.0172805786132813 0.00169658660888672 0.6248779296875 -0.29412841796875
-0.00936126708984375 0.0727005004882813 0.71978759765625 0.09521484375
-0.03875732421875 0.076416015625 0.63287353515625 0.382568359375
0.00489425659179687 0.0431632995605469 0.3514404296875 0.3388671875
0.0159587860107422 -0.00659370422363281 0.0848236083984375 -0.0527114868164063
0.00330448150634766 0.0054783821105957 -0.189727783203125 -0.458251953125
-0.0173416137695313 0.0372047424316406 -0.55206298828125 -0.490966796875
-0.00898361206054688 0.0516548156738281 -0.773681640625 -0.0736083984374999
-0.0156641006469727 0.0171403884887695 -0.68017578125 0.34033203125
0.0140762329101563 -0.0520973205566406 -0.505706787109375 0.415863037109375
0.0505828857421875 -0.0878372192382813 -0.2044677734375 0.316864013671875
0.0414352416992188 -0.10540771484375 -0.0234107971191406 0.0494041442871094
0.0677871704101563 -0.0795364379882813 0.0573577880859375 -0.121513366699219
0.0729598999023438 -0.0841217041015625 0.2071533203125 -0.3779296875
0.0339889526367188 -0.0709915161132813 0.40509033203125 -0.440582275390625
0.00659751892089844 0.0133876800537109 0.64105224609375 -0.31463623046875
-0.00342559814453124 0.0904617309570313 0.7303466796875 0.05657958984375
-0.02447509765625 0.0926666259765625 0.62420654296875 0.34375
0.0186958312988281 0.0547332763671875 0.3333740234375 0.308013916015625
0.0274562835693359 0.00546073913574219 0.0658721923828125 -0.0763626098632813
0.0141525268554688 0.0222816467285156 -0.202301025390625 -0.478668212890625
-0.0106086730957031 0.0543594360351563 -0.56048583984375 -0.518096923828125
-0.0125885009765625 0.0644378662109375 -0.77764892578125 -0.10113525390625
-0.0298099517822266 0.0164947509765625 -0.681640625 0.3150634765625
0.00683212280273438 -0.0642433166503906 -0.498870849609375 0.397552490234375
0.0571136474609375 -0.101356506347656 -0.19561767578125 0.301605224609375
0.0566253662109375 -0.111175537109375 -0.00349807739257812 0.0366897583007812
-0.0433158874511719 0.0332069396972656 0.0811996459960938 -0.0954208374023438
-0.00279998779296874 0.084442138671875 0.26373291015625 -0.3216552734375
0.0710296630859375 0.072998046875 0.492034912109375 -0.351715087890625
0.0659255981445313 0.0125198364257812 0.7132568359375 -0.2015380859375
-0.0219230651855469 -0.0546798706054688 0.69354248046875 0.17034912109375
-0.0817718505859375 -0.101409912109375 0.547119140625 0.429779052734375
-0.066009521484375 -0.112991333007813 0.26031494140625 0.3258056640625
-0.0610504150390625 -0.126945495605469 0.0086212158203125 -0.0811767578125
-0.075347900390625 -0.125907897949219 -0.30511474609375 -0.440704345703125
-0.07666015625 -0.114952087402344 -0.65850830078125 -0.39056396484375
-0.0328369140625 -0.0613632202148438 -0.77789306640625 0.0673828125
0.0119075775146484 -0.00484561920166016 -0.59423828125 0.42584228515625
0.0341873168945313 0.0425872802734375 -0.392425537109375 0.461578369140625
-0.00525665283203125 0.0503616333007813 -0.1243896484375 0.35296630859375
-0.0511665344238281 0.0221595764160156 0.012725830078125 0.0781631469726563
-0.0368423461914062 0.0195045471191406 0.0667953491210938 -0.0843582153320313
-0.0039215087890625 0.0707855224609375 0.25213623046875 -0.32745361328125
0.0724716186523438 0.07391357421875 0.471405029296875 -0.36041259765625
0.0735321044921875 0.0250625610351563 0.6964111328125 -0.19793701171875
-0.00732421875 -0.0426521301269531 0.698486328125 0.19012451171875
-0.0778274536132813 -0.089111328125 0.5693359375 0.45574951171875
-0.0659103393554688 -0.103012084960937 0.286102294921875 0.35430908203125
-0.0613174438476562 -0.118431091308594 0.0340690612792969 -0.0598983764648438
-0.0736923217773437 -0.113006591796875 -0.275054931640625 -0.423309326171875
-0.0815200805664063 -0.0976791381835938 -0.63812255859375 -0.37799072265625
-0.0397491455078125 -0.0549354553222656 -0.7725830078125 0.0762939453125001
0.00560379028320313 -0.0131978988647461 -0.60760498046875 0.43792724609375
0.0413093566894531 0.0231170654296875 -0.4161376953125 0.4678955078125
0.0109672546386719 0.0341243743896484 -0.1414794921875 0.35528564453125
-0.0423507690429688 0.0117340087890625 -0.006561279296875 0.0852508544921875
-0.0209579467773438 0.000232696533203128 0.0579910278320313 -0.0823211669921875
0.0058135986328125 0.0459785461425781 0.244598388671875 -0.344940185546875
0.0676345825195312 0.0581817626953125 0.444366455078125 -0.38421630859375
0.0737533569335938 0.0298843383789063 0.6668701171875 -0.2093505859375
-0.000654220581054686 -0.0217838287353516 0.698486328125 0.189453125
-0.0716171264648438 -0.0627517700195312 0.58929443359375 0.46478271484375
-0.0593490600585938 -0.0809249877929687 0.31439208984375 0.37152099609375
-0.0547637939453125 -0.101783752441406 0.0596923828125 -0.0402603149414063
-0.068389892578125 -0.0932464599609375 -0.244171142578125 -0.416839599609375
-0.076690673828125 -0.073822021484375 -0.61236572265625 -0.38232421875
-0.0403480529785156 -0.0386810302734375 -0.76611328125 0.0716552734374998
-1.43051147460934E-05 -0.0156011581420898 -0.62103271484375 0.43951416015625
0.0407638549804688 0.0013885498046875 -0.439208984375 0.47296142578125
0.0241775512695313 0.00927543640136719 -0.160919189453125 0.358612060546875
-0.0288219451904297 -0.00881195068359375 -0.023040771484375 0.0876846313476563
0.00376701354980469 -0.0188541412353516 0.0519561767578125 -0.0840911865234375
0.0268325805664063 0.0160026550292969 0.2406005859375 -0.363067626953125
0.068450927734375 0.0247688293457031 0.422576904296875 -0.410400390625
0.0653877258300781 0.0227890014648438 0.63836669921875 -0.23291015625
2.47955322265624E-05 0.00227928161621094 0.6959228515625 0.17498779296875
-0.0648384094238281 -0.0271682739257813 0.6083984375 0.46435546875
-0.0471229553222656 -0.0490760803222656 0.338531494140625 0.378814697265625
-0.0400238037109375 -0.0789031982421875 0.0802078247070313 -0.0293807983398438
-0.0519218444824219 -0.0684471130371094 -0.217376708984375 -0.41790771484375
-0.0633430480957031 -0.0450325012207031 -0.58636474609375 -0.39892578125
-0.0335521697998047 -0.0168914794921875 -0.761474609375 0.0465698242187501
-0.00356674194335938 -0.00883102416992188 -0.6326904296875 0.42706298828125
0.0364875793457031 -0.0154914855957031 -0.4588623046875 0.469970703125
0.0333957672119141 -0.0171623229980469 -0.176055908203125 0.357086181640625
-0.0134963989257812 -0.0346565246582031 -0.032989501953125 0.0856475830078125
0.0282135009765625 -0.0384941101074219 0.04937744140625 -0.0893936157226562
0.0533638000488281 -0.0195045471191406 0.23089599609375 -0.379119873046875
0.0679664611816406 -0.0148963928222656 0.4019775390625 -0.435455322265625
0.0501670837402344 0.0100898742675781 0.61907958984375 -0.260986328125
-0.0028228759765625 0.0269317626953125 0.70001220703125 0.15118408203125
-0.0591316223144531 0.0116424560546875 0.62213134765625 0.44268798828125
-0.0318183898925781 -0.0132255554199219 0.353485107421875 0.3763427734375
-0.0214691162109375 -0.0530319213867188 0.0936279296875 -0.0273284912109375
-0.0331954956054688 -0.0418777465820313 -0.199127197265625 -0.424591064453125
-0.0444602966308594 -0.0153350830078125 -0.56903076171875 -0.42486572265625
-0.0211009979248047 0.00769424438476563 -0.7642822265625 0.0101928710937501
-0.00491046905517578 -0.000765323638916016 -0.650146484375 0.40582275390625
0.0298366546630859 -0.0296001434326172 -0.47991943359375 0.461395263671875
0.0382003784179687 -0.0455169677734375 -0.18927001953125 0.350341796875
0.00384902954101563 -0.0643234252929688 -0.0369186401367188 0.0769119262695313
0.0507087707519531 -0.0571975708007813 0.04815673828125 -0.0988693237304688
0.0725860595703125 -0.052276611328125 0.21759033203125 -0.386322021484375
0.0620574951171875 -0.0505142211914063 0.38702392578125 -0.444732666015625
0.0343875885009766 0.000461578369140625 0.60858154296875 -0.28271484375
-0.00779342651367187 0.0505828857421875 0.7078857421875 0.11859130859375
-0.0491943359375 0.0500717163085938 0.631103515625 0.412841796875
-0.0139007568359375 0.0201892852783203 0.359344482421875 0.359161376953125
-0.00359725952148438 -0.0266971588134766 0.093292236328125 -0.0353775024414063
-0.0135431289672852 -0.0161361694335937 -0.1910400390625 -0.435882568359375
-0.02813720703125 0.0123710632324219 -0.557952880859375 -0.454010009765625
-0.0121383666992188 0.030548095703125 -0.76605224609375 -0.0283813476562499
-0.00829505920410156 0.00991916656494141 -0.66107177734375 0.37823486328125
0.02105712890625 -0.0408554077148438 -0.49395751953125 0.444183349609375
0.0426750183105469 -0.0688552856445313 -0.199493408203125 0.3355712890625
0.0234375 -0.0876312255859375 -0.0338516235351563 0.0639801025390625
0.0629806518554688 -0.0724029541015625 0.0501327514648438 -0.109878540039063
0.0792617797851563 -0.074615478515625 0.203643798828125 -0.385955810546875
0.0492324829101563 -0.0699005126953125 0.384002685546875 -0.446563720703125
0.0173711776733398 0.00153255462646484 0.6173095703125 -0.3026123046875
-0.0079803466796875 0.0732421875 0.72100830078125 0.082275390625
-0.0370864868164063 0.0775985717773438 0.63671875 0.37261962890625
0.00464248657226562 0.0427932739257813 0.35467529296875 0.332672119140625
0.0139760971069336 -0.00601005554199219 0.0837631225585938 -0.0540008544921875
0.00305557250976563 0.0048675537109375 -0.196533203125 -0.454864501953125
-0.0164642333984375 0.0385627746582031 -0.558013916015625 -0.48004150390625
-0.00762176513671875 0.0523300170898438 -0.7733154296875 -0.0608520507812499
-0.0167465209960938 0.0169582366943359 -0.67340087890625 0.35040283203125
0.0126609802246094 -0.0524177551269531 -0.496612548828125 0.422088623046875
0.0498886108398438 -0.0889053344726562 -0.19879150390625 0.317047119140625
0.040008544921875 -0.103645324707031 -0.0212135314941406 0.0491600036621094
0.06561279296875 -0.0802459716796875 0.0562286376953125 -0.120040893554687
0.071746826171875 -0.0839157104492188 0.200531005859375 -0.37939453125
0.0315704345703125 -0.0715408325195313 0.396820068359375 -0.443939208984375
0.00724983215332031 0.0123004913330078 0.63360595703125 -0.3226318359375
-0.00212860107421875 0.0891799926757813 0.72772216796875 0.0452880859375
-0.021514892578125 0.0919876098632813 0.6279296875 0.33294677734375
0.0202255249023438 0.0536079406738281 0.337249755859375 0.30145263671875
0.0277729034423828 0.00528144836425781 0.0633621215820313 -0.07525634765625
0.0146961212158203 0.0214824676513672 -0.20977783203125 -0.474212646484375
-0.00978851318359375 0.0541305541992188 -0.5657958984375 -0.5074462890625
-0.012603759765625 0.0640335083007812 -0.77618408203125 -0.0899047851562499
-0.0282516479492188 0.0177974700927734 -0.67218017578125 0.32489013671875
0.00509643554687499 -0.0630340576171875 -0.49188232421875 0.40496826171875
0.0543060302734375 -0.103462219238281 -0.190643310546875 0.302642822265625
0.0543746948242188 -0.109321594238281 -0.00358963012695313 0.03814697265625
-0.0429306030273438 0.0342559814453125 0.0775985717773438 -0.0962066650390625
-0.00305938720703125 0.0837173461914063 0.258453369140625 -0.323638916015625
0.0718460083007813 0.0702362060546875 0.48541259765625 -0.356170654296875
0.0653572082519531 0.0112800598144531 0.70562744140625 -0.2105712890625
-0.023162841796875 -0.0541610717773438 0.6910400390625 0.16070556640625
-0.0838165283203125 -0.099334716796875 0.552581787109375 0.41864013671875
-0.0658035278320313 -0.113197326660156 0.262298583984375 0.320220947265625
-0.0615997314453125 -0.125572204589844 0.00771331787109374 -0.0799789428710938
-0.0768966674804688 -0.123115539550781 -0.309051513671875 -0.43365478515625
-0.0773696899414063 -0.11212158203125 -0.6617431640625 -0.378173828125
-0.0341072082519531 -0.06097412109375 -0.77252197265625 0.0779418945312501
0.0118350982666016 -0.00489997863769531 -0.58612060546875 0.43414306640625
0.0350723266601563 0.0428352355957031 -0.382598876953125 0.4678955078125
-0.00455474853515625 0.0497398376464844 -0.11688232421875 0.35369873046875
-0.0507164001464844 0.0221023559570313 0.0134811401367187 0.0789871215820313
-0.0380287170410156 0.0189247131347656 0.0641098022460938 -0.08465576171875
-0.00305175781249999 0.0715713500976563 0.245086669921875 -0.32989501953125
0.0713424682617188 0.07275390625 0.46429443359375 -0.36773681640625
0.0750274658203125 0.022796630859375 0.68890380859375 -0.20556640625
-0.00714874267578125 -0.0419769287109375 0.69622802734375 0.17828369140625
-0.0783920288085938 -0.087493896484375 0.57476806640625 0.4442138671875
-0.0672683715820312 -0.100532531738281 0.289703369140625 0.346038818359375
-0.063079833984375 -0.117958068847656 0.0324630737304687 -0.0581893920898438
-0.0771484375 -0.111473083496094 -0.2803955078125 -0.417694091796875
-0.081878662109375 -0.0956878662109375 -0.63775634765625 -0.3671875
-0.0403213500976563 -0.0542793273925781 -0.76617431640625 0.0894165039062499
0.00550174713134766 -0.0132379531860352 -0.5982666015625 0.44622802734375
0.0416221618652344 0.0219345092773437 -0.40643310546875 0.47442626953125
0.0112171173095703 0.0347156524658203 -0.135589599609375 0.35595703125
-0.0430641174316406 0.0109405517578125 -0.00528717041015626 0.0850753784179688
-0.0217781066894531 0.000913619995117192 0.0568771362304688 -0.0824508666992188
0.00545883178710937 0.0462684631347656 0.238372802734375 -0.347320556640625
0.0685539245605469 0.0558815002441406 0.437255859375 -0.388641357421875
0.0735855102539063 0.0278854370117188 0.66107177734375 -0.21990966796875
-0.00159835815429687 -0.0210170745849609 0.69635009765625 0.1783447265625
-0.0720443725585938 -0.0620498657226562 0.59344482421875 0.45538330078125
-0.0591049194335938 -0.0798110961914062 0.317718505859375 0.36474609375
-0.0554885864257812 -0.100715637207031 0.059906005859375 -0.040283203125
-0.0682525634765625 -0.0907058715820313 -0.25 -0.411224365234375
-0.077178955078125 -0.0728225708007813 -0.61480712890625 -0.3724365234375
-0.0397109985351563 -0.0384483337402344 -0.76220703125 0.0803222656249999
-0.000262260437011717 -0.0153608322143555 -0.610595703125 0.44573974609375
0.0413246154785156 0.000110626220703125 -0.43157958984375 0.478240966796875
0.0226535797119141 0.00899314880371094 -0.155181884765625 0.3590087890625
-0.0278415679931641 -0.00867462158203125 -0.020660400390625 0.0872039794921875
0.00109481811523437 -0.0187759399414063 0.05084228515625 -0.0831527709960937
0.0252170562744141 0.0159492492675781 0.233428955078125 -0.365692138671875
0.0684967041015625 0.0233840942382813 0.41259765625 -0.417510986328125
0.0640525817871094 0.0213470458984375 0.63079833984375 -0.2401123046875
0.0010373592376709 0.00428986549377441 0.69488525390625 0.16448974609375
-0.0658950805664063 -0.0263137817382813 0.610107421875 0.45123291015625
-0.0471878051757813 -0.0481643676757812 0.34051513671875 0.373626708984375
-0.04058837890625 -0.0775070190429688 0.0803680419921875 -0.029571533203125
-0.0513763427734375 -0.0655288696289062 -0.222900390625 -0.411468505859375
-0.0622787475585938 -0.0430831909179687 -0.5904541015625 -0.3896484375
-0.0325736999511719 -0.0153999328613281 -0.75830078125 0.056640625
-0.00353240966796875 -0.00969028472900391 -0.6248779296875 0.4351806640625
0.0360984802246094 -0.0158920288085937 -0.451995849609375 0.477294921875
0.0329360961914063 -0.0172348022460938 -0.169464111328125 0.3585205078125
-0.0133209228515625 -0.0354156494140625 -0.0312728881835938 0.0847244262695313
0.0276374816894531 -0.0398826599121094 0.0471038818359375 -0.089202880859375
0.0518150329589844 -0.02032470703125 0.225067138671875 -0.379241943359375
0.0674629211425781 -0.01513671875 0.392608642578125 -0.43951416015625
0.049652099609375 0.00858306884765625 0.612060546875 -0.27008056640625
-0.00340843200683594 0.0263309478759766 0.69952392578125 0.13958740234375
-0.0588760375976563 0.0139617919921875 0.62689208984375 0.4332275390625
-0.0307121276855469 -0.0128021240234375 0.358123779296875 0.369171142578125
-0.0229759216308594 -0.0511436462402344 0.09173583984375 -0.0284805297851563
-0.0336723327636719 -0.0409049987792969 -0.2032470703125 -0.41827392578125
-0.0447998046875 -0.0142745971679688 -0.5721435546875 -0.41485595703125
-0.0207729339599609 0.00816917419433593 -0.76190185546875 0.0210571289062499
-0.00499868392944336 0.000123023986816406 -0.64044189453125 0.414306640625
0.0281963348388672 -0.0284137725830078 -0.472259521484375 0.4661865234375
0.0377655029296875 -0.0453720092773438 -0.18365478515625 0.350860595703125
0.00356674194335938 -0.0626296997070313 -0.0356292724609375 0.0777053833007813
0.0508193969726563 -0.0561370849609375 0.0472488403320313 -0.0990753173828125
0.0721817016601563 -0.0521697998046875 0.208831787109375 -0.387603759765625
0.0602569580078125 -0.0509796142578125 0.378173828125 -0.448394775390625
0.0339984893798828 -0.000783920288085938 0.6025390625 -0.292236328125
-0.00835418701171875 0.0493927001953125 0.70458984375 0.10980224609375
-0.0490951538085938 0.0501289367675781 0.63494873046875 0.3994140625
-0.0121593475341797 0.019866943359375 0.36260986328125 0.35076904296875
-0.00350189208984375 -0.0265426635742187 0.0927810668945313 -0.0375747680664063
-0.0129880905151367 -0.0164251327514648 -0.19696044921875 -0.430908203125
-0.0265617370605469 0.0135002136230469 -0.561187744140625 -0.442626953125
-0.0101222991943359 0.0315341949462891 -0.763427734375 -0.0166015624999999
-0.00714397430419922 0.0104532241821289 -0.65301513671875 0.38653564453125
0.0209503173828125 -0.0405807495117188 -0.48455810546875 0.44866943359375
0.043609619140625 -0.0688934326171875 -0.19189453125 0.336822509765625
0.0207901000976562 -0.08740234375 -0.0329856872558594 0.0650062561035156
0.0618515014648438 -0.07080078125 0.0484771728515625 -0.1107177734375
0.0781173706054687 -0.0752105712890625 0.19732666015625 -0.387969970703125
0.0452957153320313 -0.0714187622070312 0.375335693359375 -0.4500732421875
0.0170755386352539 -0.000360488891601563 0.60906982421875 -0.31072998046875
-0.0064849853515625 0.0728073120117188 0.71722412109375 0.0728759765625
-0.0360870361328125 0.0786972045898438 0.6402587890625 0.36328125
0.0062255859375 0.0436859130859375 0.357421875 0.32586669921875
0.0145206451416016 -0.00604343414306641 0.0817184448242187 -0.0540008544921875
0.00351047515869141 0.00674819946289063 -0.20208740234375 -0.448394775390625
-0.0147132873535156 0.0387916564941406 -0.56268310546875 -0.47210693359375
-0.00797653198242188 0.0519905090332031 -0.768798828125 -0.0490112304687501
-0.0167417526245117 0.0163059234619141 -0.66473388671875 0.3583984375
0.0117912292480469 -0.0516891479492188 -0.490631103515625 0.429229736328125
0.0471572875976562 -0.08905029296875 -0.193756103515625 0.319549560546875
0.039398193359375 -0.104133605957031 -0.0208740234375 0.0496139526367188
0.0631179809570313 -0.079376220703125 0.0535049438476562 -0.121185302734375
0.0695114135742188 -0.0861053466796875 0.19476318359375 -0.380950927734375
0.0294418334960938 -0.0702629089355469 0.388580322265625 -0.450042724609375
0.00605678558349609 0.0120506286621094 0.624755859375 -0.33135986328125
-0.000427246093750009 0.0881423950195312 0.72412109375 0.0361328125
-0.0215835571289062 0.092529296875 0.62969970703125 0.321533203125
0.0215339660644531 0.0539512634277344 0.338653564453125 0.295562744140625
0.0267772674560547 0.00514030456542969 0.062591552734375 -0.0750198364257813
0.0154819488525391 0.0212059020996094 -0.21514892578125 -0.467987060546875
-0.00917816162109375 0.0539169311523438 -0.5697021484375 -0.4970703125
-0.0110664367675781 0.0633049011230469 -0.7742919921875 -0.078857421875
-0.0280971527099609 0.0184440612792969 -0.66339111328125 0.33331298828125
0.00405502319335937 -0.0640907287597656 -0.484466552734375 0.411407470703125
0.052642822265625 -0.102485656738281 -0.186614990234375 0.3055419921875
0.0537872314453125 -0.108856201171875 -0.00316238403320312 0.037078857421875
-0.0424537658691406 0.0335311889648438 0.0770797729492188 -0.0961837768554687
-0.00149536132812501 0.0831069946289063 0.25018310546875 -0.32501220703125
0.0721282958984375 0.0695724487304688 0.4764404296875 -0.36163330078125
0.0641021728515625 0.00999069213867187 0.69622802734375 -0.22137451171875
-0.0252456665039063 -0.0536422729492188 0.69049072265625 0.14959716796875
-0.08380126953125 -0.0970535278320312 0.55352783203125 0.409027099609375
-0.0677261352539063 -0.111068725585938 0.26348876953125 0.31304931640625
-0.06182861328125 -0.123161315917969 0.0077362060546875 -0.0790176391601563
-0.07720947265625 -0.121330261230469 -0.3135986328125 -0.4254150390625
-0.0792160034179687 -0.109542846679688 -0.66241455078125 -0.3670654296875
-0.0342826843261719 -0.0607948303222656 -0.76690673828125 0.0871582031249999
0.0099639892578125 -0.00523948669433594 -0.57489013671875 0.43853759765625
0.0342750549316406 0.0425758361816406 -0.375396728515625 0.4700927734375
-0.00402450561523438 0.0486259460449219 -0.111968994140625 0.351898193359375
-0.0503387451171875 0.0230560302734375 0.0143508911132812 0.07708740234375
-0.0372657775878906 0.0191268920898438 0.06292724609375 -0.0859832763671875
-0.00237274169921876 0.0710296630859375 0.239898681640625 -0.331390380859375
0.0714263916015625 0.070587158203125 0.45562744140625 -0.371856689453125
0.073699951171875 0.0215530395507813 0.68243408203125 -0.21685791015625
-0.00918197631835937 -0.0411415100097656 0.6937255859375 0.16949462890625
-0.0791778564453125 -0.0845718383789063 0.57476806640625 0.43572998046875
-0.068939208984375 -0.0998687744140625 0.291656494140625 0.339599609375
-0.063018798828125 -0.11578369140625 0.032928466796875 -0.0585289001464844
-0.0770187377929688 -0.108367919921875 -0.282470703125 -0.411407470703125
-0.0830001831054688 -0.0952529907226562 -0.638671875 -0.3580322265625
-0.0423355102539063 -0.0531196594238281 -0.7601318359375 0.0977172851562499
0.00476360321044922 -0.0135364532470703 -0.587646484375 0.45166015625
0.0412330627441406 0.0214118957519531 -0.397308349609375 0.47906494140625
0.0116519927978516 0.0334892272949219 -0.130157470703125 0.358001708984375
-0.0419540405273438 0.0128135681152344 -0.004486083984375 0.0860671997070313
-0.0218715667724609 0.0013427734375 0.056060791015625 -0.0826187133789063
0.00574874877929688 0.0471534729003906 0.232513427734375 -0.34820556640625
0.0699310302734375 0.0547294616699219 0.4293212890625 -0.392303466796875
0.0730209350585938 0.0255813598632813 0.65338134765625 -0.22760009765625
-0.00191688537597656 -0.0208683013916016 0.6943359375 0.16845703125
-0.0733795166015625 -0.061187744140625 0.595947265625 0.44537353515625
-0.0611572265625 -0.0786666870117188 0.3197021484375 0.357818603515625
-0.05615234375 -0.0988235473632813 0.0586738586425781 -0.0403709411621094
-0.0700759887695312 -0.088104248046875 -0.253753662109375 -0.404693603515625
-0.0775375366210938 -0.0706253051757812 -0.61517333984375 -0.36181640625
-0.0407752990722656 -0.03741455078125 -0.755615234375 0.0895385742187498
-0.00110340118408203 -0.0148935317993164 -0.6004638671875 0.4520263671875
0.0398674011230469 0.000278472900390625 -0.42083740234375 0.481689453125
0.0229263305664063 0.00791168212890625 -0.14959716796875 0.3592529296875
-0.0287532806396484 -0.00808143615722656 -0.0185775756835938 0.0877456665039063
0.000659942626953124 -0.0195999145507813 0.04949951171875 -0.0824966430664063
0.0267906188964844 0.0149669647216797 0.227691650390625 -0.366607666015625
0.0687408447265625 0.0235137939453125 0.40545654296875 -0.421295166015625
0.0643768310546875 0.0196800231933594 0.62298583984375 -0.25
0.000702142715454101 0.00205695629119873 0.6910400390625 0.1551513671875
-0.0642623901367188 -0.0254249572753906 0.6119384765625 0.4415283203125
-0.0478744506835938 -0.0464019775390625 0.343414306640625 0.366455078125
-0.042633056640625 -0.07666015625 0.079803466796875 -0.0303802490234375
-0.0527229309082031 -0.0652236938476563 -0.228057861328125 -0.40521240234375
-0.0631561279296875 -0.0420341491699219 -0.5899658203125 -0.3800048828125
-0.0333080291748047 -0.0161361694335937 -0.7523193359375 0.0650024414062501
-0.00438404083251953 -0.0104923248291016 -0.61407470703125 0.4423828125
0.0351829528808594 -0.018707275390625 -0.44232177734375 0.480865478515625
0.0314731597900391 -0.0183238983154297 -0.16461181640625 0.3582763671875
-0.0141143798828125 -0.033905029296875 -0.0308380126953125 0.0852813720703125
0.0276069641113281 -0.0394058227539063 0.0461044311523437 -0.08935546875
0.0517196655273438 -0.0199356079101563 0.21746826171875 -0.382537841796875
0.0664520263671875 -0.0161590576171875 0.384674072265625 -0.443084716796875
0.0502166748046875 0.00718307495117188 0.60198974609375 -0.278076171875
-0.00319671630859375 0.0261116027832031 0.696044921875 0.13067626953125
-0.0583114624023438 0.0147781372070313 0.62945556640625 0.4219970703125
-0.0305404663085938 -0.0125026702880859 0.359832763671875 0.360565185546875
-0.02239990234375 -0.0508880615234375 0.0911178588867187 -0.0290679931640625
-0.0334358215332031 -0.0383644104003906 -0.209564208984375 -0.41339111328125
-0.0446815490722656 -0.0119438171386719 -0.5750732421875 -0.405029296875
-0.0203495025634766 0.0078887939453125 -0.7548828125 0.031494140625
-0.00493717193603516 4.81605529785156E-05 -0.632080078125 0.41912841796875
0.0282630920410156 -0.0297069549560547 -0.462066650390625 0.472137451171875
0.036376953125 -0.0454826354980469 -0.177734375 0.352020263671875
0.00161361694335938 -0.06268310546875 -0.034912109375 0.0779800415039063
0.0487174987792969 -0.0566062927246094 0.045562744140625 -0.0986862182617188
0.0705108642578125 -0.052886962890625 0.20355224609375 -0.38958740234375
0.0598106384277344 -0.051727294921875 0.36859130859375 -0.454071044921875
0.0336513519287109 -0.0016021728515625 0.59375 -0.298095703125
-0.0074310302734375 0.0483665466308594 0.70263671875 0.09747314453125
-0.0461845397949219 0.0506782531738281 0.63623046875 0.39031982421875
-0.0122013092041016 0.0196685791015625 0.365325927734375 0.34454345703125
-0.00314903259277344 -0.0254402160644531 0.09234619140625 -0.0374374389648438
-0.0139665603637695 -0.0146389007568359 -0.20184326171875 -0.425537109375
-0.0269756317138672 0.0150299072265625 -0.56439208984375 -0.4329833984375
-0.0108261108398437 0.0328254699707031 -0.758544921875 -0.0046386718750001
-0.0094451904296875 0.00920200347900391 -0.6439208984375 0.3916015625
0.0187110900878906 -0.0388832092285156 -0.475128173828125 0.45391845703125
0.0410270690917969 -0.0700607299804688 -0.187896728515625 0.337371826171875
0.0187606811523438 -0.0871658325195313 -0.0331954956054687 0.0658378601074219
0.060791015625 -0.0715408325195313 0.0473098754882813 -0.109298706054688
0.0763397216796875 -0.0753555297851562 0.191680908203125 -0.38726806640625
0.04449462890625 -0.0713729858398438 0.366180419921875 -0.45330810546875
0.0171756744384766 -0.00184726715087891 0.60064697265625 -0.3175048828125
-0.00597381591796875 0.0727615356445313 0.71270751953125 0.0623779296875
-0.03448486328125 0.0797348022460938 0.64080810546875 0.35205078125
0.0076751708984375 0.0424232482910156 0.3592529296875 0.3157958984375
0.0137367248535156 -0.00643062591552734 0.0802841186523438 -0.0534439086914062
0.00415372848510742 0.00654697418212891 -0.204620361328125 -0.443817138671875
-0.0148239135742188 0.0381622314453125 -0.56280517578125 -0.46234130859375
-0.00740814208984375 0.051361083984375 -0.7646484375 -0.0405273437499999
-0.0166969299316406 0.0172271728515625 -0.65509033203125 0.36553955078125
0.00977706909179687 -0.0513229370117188 -0.479766845703125 0.434722900390625
0.044891357421875 -0.0895156860351563 -0.18792724609375 0.320770263671875
0.0364913940429688 -0.103218078613281 -0.0212631225585937 0.0505218505859375
0.0623245239257813 -0.0770492553710938 0.05242919921875 -0.120040893554687
0.0680313110351563 -0.0851364135742188 0.187957763671875 -0.381591796875
0.02886962890625 -0.0710678100585938 0.379913330078125 -0.4544677734375
0.00601387023925781 0.0114202499389648 0.616943359375 -0.33935546875
-0.000114440917968748 0.0857925415039063 0.72039794921875 0.02484130859375
-0.0195388793945312 0.0924301147460938 0.63018798828125 0.3121337890625
0.0214996337890625 0.0538444519042969 0.34149169921875 0.2882080078125
0.0271091461181641 0.00429725646972656 0.060760498046875 -0.0760879516601562
0.0148296356201172 0.0217037200927734 -0.21942138671875 -0.462890625
-0.00775909423828124 0.0550804138183594 -0.571533203125 -0.48516845703125
-0.0105781555175781 0.0650291442871094 -0.77069091796875 -0.06988525390625
-0.0294075012207031 0.0176811218261719 -0.65728759765625 0.34124755859375
0.00283432006835938 -0.0642585754394531 -0.47357177734375 0.417755126953125
0.0519561767578125 -0.1033935546875 -0.181182861328125 0.30621337890625
0.0509033203125 -0.108985900878906 -0.00360107421875 0.0369338989257812
-0.0405044555664063 0.0343818664550781 0.07525634765625 -0.0958786010742188
3.81469726562417E-05 0.0825653076171875 0.24371337890625 -0.325927734375
0.0735702514648438 0.067657470703125 0.468048095703125 -0.36553955078125
0.0647354125976562 0.00850296020507812 0.69085693359375 -0.22735595703125
-0.0242118835449219 -0.0543251037597656 0.6859130859375 0.1402587890625
-0.08441162109375 -0.0957260131835937 0.55413818359375 0.399749755859375
-0.0687179565429687 -0.10906982421875 0.26568603515625 0.308380126953125
-0.0618209838867187 -0.119781494140625 0.00696563720703125 -0.0779037475585938
-0.0789260864257813 -0.1195068359375 -0.31500244140625 -0.418609619140625
-0.0798721313476563 -0.108169555664063 -0.66070556640625 -0.35675048828125
-0.0347061157226563 -0.0595054626464844 -0.7601318359375 0.0971069335937499
0.0103235244750977 -0.00563907623291016 -0.56622314453125 0.44293212890625
0.0334053039550781 0.0416183471679688 -0.366455078125 0.472442626953125
-0.00412750244140625 0.0495796203613281 -0.106903076171875 0.35101318359375
-0.0496368408203125 0.0231056213378906 0.0157852172851562 0.07586669921875
-0.0369644165039063 0.0201606750488281 0.0616989135742188 -0.084869384765625
-0.00186157226562499 0.0705108642578125 0.234375 -0.331573486328125
0.0727691650390625 0.0688323974609375 0.4462890625 -0.375274658203125
0.073822021484375 0.0201644897460937 0.6734619140625 -0.222412109375
-0.0094451904296875 -0.0410652160644531 0.6923828125 0.15875244140625
-0.0790557861328125 -0.0823898315429687 0.57427978515625 0.426025390625
-0.0678634643554687 -0.0981292724609375 0.2939453125 0.333099365234375
-0.063568115234375 -0.1142578125 0.0312156677246094 -0.0563430786132813
-0.0777511596679688 -0.107658386230469 -0.285675048828125 -0.401763916015625
-0.08428955078125 -0.09271240234375 -0.6392822265625 -0.346923828125
-0.0412483215332031 -0.0531387329101563 -0.75616455078125 0.1064453125
0.00439643859863281 -0.0136299133300781 -0.57763671875 0.4564208984375
0.0399703979492188 0.0198745727539063 -0.38922119140625 0.480224609375
0.0109138488769531 0.0330886840820312 -0.1256103515625 0.35552978515625
-0.0419273376464844 0.0134658813476562 -0.00248718261718751 0.0827865600585938
-0.0225658416748047 0.00304985046386718 0.0532073974609375 -0.0827484130859375
0.00689315795898438 0.0460472106933594 0.227630615234375 -0.34893798828125
0.0709915161132813 0.0523681640625 0.419769287109375 -0.396942138671875
0.0734710693359375 0.0245361328125 0.64495849609375 -0.23516845703125
-0.00141334533691406 -0.0223484039306641 0.69085693359375 0.1591796875
-0.0708236694335938 -0.0585098266601563 0.59527587890625 0.43438720703125
-0.0605926513671875 -0.0758209228515625 0.3216552734375 0.351409912109375
-0.0563812255859375 -0.0984954833984375 0.0584678649902344 -0.0419349670410156
-0.0699539184570313 -0.087066650390625 -0.2568359375 -0.39825439453125
-0.0778884887695313 -0.0681686401367188 -0.61505126953125 -0.3511962890625
-0.0403594970703125 -0.0373649597167969 -0.74951171875 0.099853515625
-0.00159835815429688 -0.0162029266357422 -0.59112548828125 0.4576416015625
0.039520263671875 -0.00014495849609375 -0.41326904296875 0.485260009765625
0.0233955383300781 0.00805473327636719 -0.143157958984375 0.359954833984375
-0.0293006896972656 -0.00683403015136718 -0.0180435180664063 0.0873870849609375
0.00145339965820312 -0.0172910690307617 0.0485153198242187 -0.0823211669921875
0.0261631011962891 0.0141086578369141 0.221588134765625 -0.366607666015625
0.0684928894042969 0.0211944580078125 0.39801025390625 -0.423858642578125
0.0651512145996094 0.0197715759277344 0.61614990234375 -0.2562255859375
-0.000737667083740234 0.00127136707305908 0.688720703125 0.1461181640625
-0.0638656616210938 -0.0232086181640625 0.61181640625 0.43182373046875
-0.0473480224609375 -0.0466041564941406 0.345306396484375 0.359161376953125
-0.0423507690429687 -0.0742568969726563 0.0783920288085938 -0.0303726196289063
-0.0549507141113281 -0.0631866455078125 -0.229522705078125 -0.398040771484375
-0.0634956359863281 -0.0412979125976562 -0.59149169921875 -0.36895751953125
-0.0318660736083984 -0.0147495269775391 -0.74700927734375 0.0755004882812499
-0.00369739532470703 -0.0105676651000977 -0.60565185546875 0.44586181640625
0.0328559875488281 -0.0169448852539063 -0.43316650390625 0.485443115234375
0.029388427734375 -0.0173225402832031 -0.15924072265625 0.3587646484375
-0.0137443542480469 -0.0329608917236328 -0.027374267578125 0.0859222412109375
0.0259628295898437 -0.0397987365722656 0.0454025268554687 -0.0892868041992187
0.050628662109375 -0.0199432373046875 0.210662841796875 -0.3804931640625
0.0656700134277344 -0.0169296264648438 0.37457275390625 -0.445953369140625
0.0509185791015625 0.0066680908203125 0.594970703125 -0.283935546875
-0.00329399108886719 0.0257110595703125 0.69195556640625 0.12164306640625
-0.0570487976074219 0.0156288146972656 0.6279296875 0.4129638671875
-0.0304336547851563 -0.0112419128417969 0.361114501953125 0.354339599609375
-0.0241546630859375 -0.048858642578125 0.0899887084960938 -0.0287017822265625
-0.0344352722167969 -0.0377922058105469 -0.21270751953125 -0.407073974609375
-0.0437850952148437 -0.0122528076171875 -0.57464599609375 -0.394775390625
-0.0201663970947266 0.00890922546386719 -0.74951171875 0.0397338867187499
-0.00494670867919922 0.000469684600830077 -0.6219482421875 0.4248046875
0.0262680053710938 -0.0291938781738281 -0.451934814453125 0.474853515625
0.0357666015625 -0.045379638671875 -0.17218017578125 0.351837158203125
0.000560760498046878 -0.0614852905273438 -0.0335006713867188 0.077392578125
0.0471153259277344 -0.056549072265625 0.0436477661132812 -0.0986785888671875
0.0709228515625 -0.052490234375 0.1966552734375 -0.388092041015625
0.058502197265625 -0.0534744262695312 0.35943603515625 -0.4544677734375
0.0323009490966797 -0.00174331665039063 0.58514404296875 -0.30255126953125
-0.00541305541992187 0.0480308532714844 0.69903564453125 0.0894775390625
-0.0479011535644531 0.0515937805175781 0.6373291015625 0.3795166015625
-0.00910568237304688 0.0212821960449219 0.366119384765625 0.3353271484375
-0.00405693054199219 -0.0260791778564453 0.0897293090820312 -0.0388107299804687
-0.0129337310791016 -0.0137643814086914 -0.204315185546875 -0.420135498046875
-0.0258312225341797 0.0175571441650391 -0.56494140625 -0.42364501953125
-0.0110664367675781 0.0314121246337891 -0.75244140625 0.00427246093749999
-0.00830268859863281 0.00946617126464844 -0.6336669921875 0.3985595703125
0.0182723999023438 -0.0409088134765625 -0.465576171875 0.45660400390625
0.0398101806640625 -0.0694808959960938 -0.1826171875 0.336456298828125
0.0199508666992188 -0.0849380493164063 -0.0310325622558594 0.0655860900878906
0.0596160888671875 -0.0698356628417969 0.0447158813476563 -0.108512878417969
0.0757675170898437 -0.076324462890625 0.184967041015625 -0.38824462890625
0.04412841796875 -0.0708541870117188 0.358856201171875 -0.455413818359375
0.0179214477539063 -0.0013885498046875 0.59332275390625 -0.324462890625
-0.00497055053710937 0.0688591003417969 0.709716796875 0.0521240234375
-0.0335540771484375 0.0795135498046875 0.64007568359375 0.3409423828125
0.0074462890625 0.0424156188964844 0.3592529296875 0.31072998046875
0.013056755065918 -0.00570583343505859 0.0790634155273438 -0.0539627075195313
0.00372314453125 0.00738334655761719 -0.208892822265625 -0.436614990234375
-0.0117607116699219 0.040740966796875 -0.56597900390625 -0.45062255859375
-0.00651168823242187 0.0519599914550781 -0.76068115234375 -0.030029296875
-0.0177841186523438 0.01715087890625 -0.6461181640625 0.3724365234375
0.00856399536132812 -0.052154541015625 -0.470367431640625 0.439727783203125
0.0439300537109375 -0.0896072387695312 -0.182525634765625 0.32147216796875
0.034576416015625 -0.101638793945313 -0.0191841125488281 0.05133056640625
0.0614089965820313 -0.0779800415039063 0.05096435546875 -0.11932373046875
0.068572998046875 -0.0853271484375 0.18267822265625 -0.383270263671875
0.0267181396484375 -0.071380615234375 0.3707275390625 -0.455474853515625
0.00801467895507813 0.0105743408203125 0.607421875 -0.3460693359375
0.000793457031250008 0.0853652954101563 0.7147216796875 0.01580810546875
-0.0178451538085937 0.0923690795898438 0.62811279296875 0.303466796875
0.023223876953125 0.0534286499023437 0.34130859375 0.281463623046875
0.0257434844970703 0.00652122497558594 0.0606231689453125 -0.075714111328125
0.0142536163330078 0.0219974517822266 -0.22296142578125 -0.45501708984375
-0.00562286376953125 0.0546379089355469 -0.573486328125 -0.47589111328125
-0.0101165771484375 0.0629043579101562 -0.76654052734375 -0.05963134765625
-0.0291500091552734 0.0179901123046875 -0.64776611328125 0.34814453125
0.00217056274414062 -0.0639266967773438 -0.465667724609375 0.4207763671875
0.049041748046875 -0.103752136230469 -0.175628662109375 0.30615234375
0.0489578247070312 -0.106643676757812 -0.00233840942382812 0.0371437072753906
-0.0427322387695313 0.0347099304199219 0.0728073120117188 -0.095977783203125
0.00115203857421876 0.0814208984375 0.2392578125 -0.326812744140625
0.0711746215820312 0.0661087036132812 0.460662841796875 -0.368682861328125
0.0647735595703125 0.00732803344726563 0.68145751953125 -0.23297119140625
-0.0263099670410156 -0.0525550842285156 0.680908203125 0.13360595703125
-0.08465576171875 -0.0937271118164063 0.553497314453125 0.39251708984375
-0.070037841796875 -0.107414245605469 0.266082763671875 0.30181884765625
-0.0629196166992187 -0.119392395019531 0.00550079345703124 -0.0776824951171875
-0.0777511596679688 -0.116203308105469 -0.31707763671875 -0.411224365234375
-0.081085205078125 -0.106300354003906 -0.6602783203125 -0.347900390625
-0.035797119140625 -0.0584716796875 -0.752685546875 0.103515625
0.0104455947875977 -0.00479221343994141 -0.555816650390625 0.4454345703125
0.03375244140625 0.0414276123046875 -0.358062744140625 0.47393798828125
-0.00323486328125 0.04931640625 -0.10284423828125 0.349395751953125
-0.0491943359375 0.0236358642578125 0.016876220703125 0.0765380859375
-0.0374946594238281 0.0196304321289063 0.0601577758789063 -0.0839385986328125
-0.00214385986328126 0.0704345703125 0.22857666015625 -0.333038330078125
0.0716094970703125 0.0674896240234375 0.4388427734375 -0.378692626953125
0.0749664306640625 0.0181884765625 0.665771484375 -0.2305908203125
-0.011444091796875 -0.0402603149414063 0.68878173828125 0.15167236328125
-0.079559326171875 -0.08074951171875 0.57537841796875 0.415771484375
-0.0682830810546875 -0.095062255859375 0.293792724609375 0.327911376953125
-0.0652008056640625 -0.111763000488281 0.0309219360351562 -0.0565414428710938
-0.0795135498046875 -0.104652404785156 -0.287750244140625 -0.3966064453125
-0.0841217041015625 -0.0898208618164063 -0.63726806640625 -0.338623046875
-0.0427284240722656 -0.0514984130859375 -0.747314453125 0.11431884765625
0.00558662414550781 -0.013336181640625 -0.5679931640625 0.459716796875
0.0387649536132813 0.0197677612304688 -0.381927490234375 0.482330322265625
0.0107994079589844 0.0320320129394531 -0.120452880859375 0.354461669921875
-0.040740966796875 0.0133590698242187 -0.00109100341796874 0.0833587646484375
-0.0229663848876953 0.00257682800292968 0.0527496337890625 -0.0843658447265625
0.00704574584960938 0.0453872680664063 0.2205810546875 -0.34967041015625
0.0693130493164063 0.0505523681640625 0.412933349609375 -0.399261474609375
0.0724716186523438 0.0231399536132813 0.63592529296875 -0.2392578125
-0.00222587585449219 -0.0212001800537109 0.6868896484375 0.15008544921875
-0.0720977783203125 -0.0574188232421875 0.5958251953125 0.4254150390625
-0.06103515625 -0.0751113891601563 0.322906494140625 0.344635009765625
-0.0566940307617188 -0.0951995849609375 0.0576896667480469 -0.0412368774414063
-0.0697250366210938 -0.084716796875 -0.258697509765625 -0.39141845703125
-0.07733154296875 -0.0657119750976562 -0.6134033203125 -0.34210205078125
-0.0408744812011719 -0.0360832214355469 -0.74090576171875 0.10565185546875
-0.00185203552246094 -0.0156478881835938 -0.578857421875 0.46099853515625
0.0377006530761719 -0.00115585327148438 -0.404327392578125 0.487762451171875
0.0235309600830078 0.00709342956542969 -0.138824462890625 0.3572998046875
-0.0281238555908203 -0.00652503967285156 -0.0181350708007813 0.08648681640625
-0.00141525268554688 -0.0177078247070313 0.046875 -0.0841903686523438
0.0266284942626953 0.0149307250976563 0.21514892578125 -0.36669921875
0.0665130615234375 0.0202980041503906 0.388702392578125 -0.424896240234375
0.0641136169433594 0.0174789428710937 0.60760498046875 -0.26202392578125
-0.000652670860290528 0.00172173976898193 0.6827392578125 0.13787841796875
-0.0652618408203125 -0.0216751098632813 0.61322021484375 0.42205810546875
-0.0463790893554687 -0.0448532104492188 0.345977783203125 0.351654052734375
-0.0418014526367188 -0.0723800659179688 0.07781982421875 -0.0316238403320313
-0.0536041259765625 -0.0603179931640625 -0.2325439453125 -0.39349365234375
-0.0633621215820313 -0.0387306213378906 -0.59039306640625 -0.36016845703125
-0.0342388153076172 -0.0156059265136719 -0.739990234375 0.0824584960937501
-0.00390529632568359 -0.00941562652587891 -0.59271240234375 0.44976806640625
0.0335903167724609 -0.0171718597412109 -0.424407958984375 0.48486328125
0.0302352905273437 -0.0183067321777344 -0.1551513671875 0.357666015625
-0.0145339965820313 -0.0322132110595703 -0.02734375 0.0848159790039062
0.0255813598632813 -0.0370521545410156 0.0431747436523438 -0.0889816284179688
0.050628662109375 -0.0191650390625 0.206817626953125 -0.38153076171875
0.065673828125 -0.0180702209472656 0.366241455078125 -0.44744873046875
0.0495643615722656 0.00555038452148438 0.58721923828125 -0.28961181640625
-0.00226974487304688 0.0257663726806641 0.68731689453125 0.11187744140625
-0.0557365417480469 0.0159568786621094 0.62774658203125 0.403076171875
-0.0302562713623047 -0.0100498199462891 0.361053466796875 0.346221923828125
-0.0236549377441406 -0.0479240417480469 0.089019775390625 -0.03021240234375
-0.033416748046875 -0.0362777709960938 -0.21368408203125 -0.40093994140625
-0.0432281494140625 -0.0111503601074219 -0.5736083984375 -0.3851318359375
-0.0203380584716797 0.00951004028320312 -0.74310302734375 0.0477294921875001
-0.00505828857421875 0.000396728515624999 -0.61126708984375 0.42999267578125
0.0245590209960938 -0.0298805236816406 -0.443450927734375 0.47625732421875
0.0343818664550781 -0.0455322265625 -0.16943359375 0.35009765625
0.00119781494140624 -0.060882568359375 -0.032440185546875 0.077667236328125
0.0468482971191406 -0.0558433532714844 0.0414505004882812 -0.0969390869140625
0.0677070617675781 -0.0518302917480469 0.1917724609375 -0.38720703125
0.0572853088378906 -0.0521049499511719 0.35101318359375 -0.456512451171875
0.0325298309326172 -0.00361442565917969 0.57647705078125 -0.30877685546875
-0.00501632690429687 0.0494918823242188 0.69287109375 0.08087158203125
-0.0456352233886719 0.0522689819335938 0.63702392578125 0.369873046875
-0.0101776123046875 0.0199146270751953 0.36614990234375 0.32861328125
-0.00546073913574219 -0.0244789123535156 0.0886764526367188 -0.0381698608398438
-0.0133838653564453 -0.0141401290893555 -0.207489013671875 -0.41278076171875
-0.0263824462890625 0.0169334411621094 -0.561920166015625 -0.41192626953125
-0.00989341735839844 0.0321254730224609 -0.74505615234375 0.0125122070312501
-0.00897884368896484 0.0100822448730469 -0.62408447265625 0.4033203125
0.0166969299316406 -0.0409736633300781 -0.456207275390625 0.460052490234375
0.0386848449707031 -0.0693550109863281 -0.1773681640625 0.337249755859375
0.0181198120117188 -0.0843429565429688 -0.0305442810058594 0.0664253234863281
0.05816650390625 -0.0709609985351563 0.0440216064453125 -0.107704162597656
0.0741119384765625 -0.07452392578125 0.180267333984375 -0.387359619140625
0.0423355102539062 -0.0726165771484375 0.34930419921875 -0.45648193359375
0.015812873840332 -0.00258541107177734 0.58319091796875 -0.327392578125
-0.00405120849609375 0.069854736328125 0.7042236328125 0.0458984375
-0.031402587890625 0.0795745849609375 0.63763427734375 0.33172607421875
0.0097198486328125 0.0434646606445313 0.359161376953125 0.303680419921875
0.0130958557128906 -0.00579738616943359 0.076995849609375 -0.054534912109375
0.00402116775512695 0.00739908218383789 -0.212127685546875 -0.428985595703125
-0.0125579833984375 0.0395431518554688 -0.566162109375 -0.4434814453125
-0.00666427612304688 0.051025390625 -0.754638671875 -0.0214233398437499
-0.0167522430419922 0.016901969909668 -0.6365966796875 0.375
0.00739288330078125 -0.0518531799316406 -0.461761474609375 0.441375732421875
0.0428543090820313 -0.0891799926757813 -0.179901123046875 0.3211669921875
0.0330734252929688 -0.101158142089844 -0.0181388854980469 0.0505523681640625
0.060211181640625 -0.0789413452148438 0.048614501953125 -0.119232177734375
0.0656890869140625 -0.0837326049804688 0.17584228515625 -0.381744384765625
0.0268707275390625 -0.0708084106445313 0.362213134765625 -0.45550537109375
0.00615692138671875 0.00921821594238281 0.5972900390625 -0.3492431640625
0.002105712890625 0.0849227905273437 0.7100830078125 0.00897216796875001
-0.0160140991210937 0.0938720703125 0.62689208984375 0.2935791015625
0.0225486755371094 0.053070068359375 0.340545654296875 0.275787353515625
0.0257987976074219 0.00543594360351563 0.057037353515625 -0.0757293701171875
0.0152702331542969 0.0220737457275391 -0.225677490234375 -0.449615478515625
-0.00502395629882812 0.0545425415039063 -0.5748291015625 -0.4666748046875
-0.00884246826171875 0.0639076232910156 -0.76092529296875 -0.0517578124999999
-0.0294418334960938 0.0176315307617187 -0.638427734375 0.35009765625
-0.000553131103515622 -0.0629310607910156 -0.457244873046875 0.421875
0.0482559204101563 -0.101974487304688 -0.172149658203125 0.306304931640625
0.0473861694335938 -0.10687255859375 -0.0027313232421875 0.0386772155761719
-0.0416145324707031 0.0348625183105469 0.0703048706054688 -0.0958175659179688
0.000740051269531248 0.082733154296875 0.233123779296875 -0.32513427734375
0.0730743408203125 0.0643081665039063 0.452880859375 -0.371795654296875
0.0644683837890625 0.00489425659179688 0.673583984375 -0.2393798828125
-0.0259284973144531 -0.0521888732910156 0.67645263671875 0.126708984375
-0.086181640625 -0.0927200317382812 0.550994873046875 0.38299560546875
-0.070037841796875 -0.105926513671875 0.267608642578125 0.296478271484375
-0.0634994506835937 -0.117813110351562 0.005889892578125 -0.0761947631835938
-0.07965087890625 -0.113540649414063 -0.31793212890625 -0.4046630859375
-0.0805282592773437 -0.102554321289063 -0.6571044921875 -0.3385009765625
-0.0355377197265625 -0.0578689575195313 -0.7462158203125 0.1102294921875
0.00947284698486328 -0.00547027587890625 -0.546875 0.447418212890625
0.0338821411132813 0.0410079956054688 -0.3504638671875 0.473419189453125
-0.00437545776367188 0.0485572814941406 -0.098785400390625 0.346710205078125
-0.0490913391113281 0.0248222351074219 0.0166397094726562 0.0749282836914062
-0.0370407104492188 0.0192718505859375 0.0585861206054688 -0.0854339599609375
-0.00165557861328125 0.0714797973632813 0.224334716796875 -0.333251953125
0.0722427368164063 0.067169189453125 0.43304443359375 -0.3795166015625
0.0739059448242188 0.0168304443359375 0.65570068359375 -0.23431396484375
-0.0104484558105469 -0.0412025451660156 0.6827392578125 0.14422607421875
-0.0786056518554688 -0.0814285278320312 0.57489013671875 0.4075927734375
-0.0677032470703125 -0.0943145751953125 0.2945556640625 0.320892333984375
-0.06451416015625 -0.110649108886719 0.0308799743652344 -0.0564308166503906
-0.0793991088867188 -0.102470397949219 -0.288787841796875 -0.39080810546875
-0.0840606689453125 -0.0867996215820313 -0.63330078125 -0.32757568359375
-0.0423774719238281 -0.0507164001464844 -0.73992919921875 0.1190185546875
0.00280666351318359 -0.0126800537109375 -0.5589599609375 0.462860107421875
0.0383338928222656 0.0192642211914063 -0.37115478515625 0.48138427734375
0.0111064910888672 0.0327587127685547 -0.117156982421875 0.35150146484375
-0.0411796569824219 0.0129547119140625 -0.000534057617187507 0.0828018188476563
-0.0232810974121094 0.00307464599609375 0.0512542724609375 -0.0822601318359375
0.008087158203125 0.0460128784179688 0.2147216796875 -0.34930419921875
0.0683403015136719 0.0504608154296875 0.40618896484375 -0.399017333984375
0.0712356567382812 0.0215377807617187 0.627685546875 -0.245849609375
-0.0029296875 -0.0211067199707031 0.68115234375 0.1424560546875
-0.0713577270507813 -0.056304931640625 0.5938720703125 0.41650390625
-0.0600738525390625 -0.07470703125 0.322845458984375 0.337005615234375
-0.0571823120117187 -0.0942764282226563 0.0569534301757813 -0.0406494140625
-0.0721054077148438 -0.0817337036132813 -0.2581787109375 -0.384124755859375
-0.0777511596679688 -0.0645904541015625 -0.61151123046875 -0.3333740234375
-0.0413665771484375 -0.0349998474121094 -0.7340087890625 0.10992431640625
-0.00281524658203125 -0.0150642395019531 -0.570556640625 0.46270751953125
0.0384712219238281 -0.00139999389648437 -0.396820068359375 0.48797607421875
0.0228233337402344 0.00730323791503906 -0.134307861328125 0.356292724609375
-0.0292263031005859 -0.00599288940429687 -0.0172653198242188 0.0853042602539063
-0.0011444091796875 -0.0158843994140625 0.047332763671875 -0.08319091796875
0.0253677368164062 0.0140838623046875 0.210601806640625 -0.366302490234375
0.065765380859375 0.0191917419433594 0.3828125 -0.424896240234375
0.0624923706054688 0.0163459777832031 0.5980224609375 -0.2672119140625
-0.000594615936279297 0.00309395790100098 0.67974853515625 0.130615234375
-0.0641441345214844 -0.0208511352539063 0.61151123046875 0.41339111328125
-0.0477981567382813 -0.0429267883300781 0.34552001953125 0.3438720703125
-0.0437545776367187 -0.072265625 0.0763931274414063 -0.0305328369140625
-0.0541000366210937 -0.0597114562988281 -0.23443603515625 -0.386932373046875
-0.0628814697265625 -0.0381546020507813 -0.58758544921875 -0.3504638671875
-0.0334377288818359 -0.0135231018066406 -0.7301025390625 0.0876464843750001
-0.00531291961669922 -0.00939846038818359 -0.58477783203125 0.45196533203125
0.0321559906005859 -0.0174293518066406 -0.41705322265625 0.488189697265625
0.0297813415527344 -0.0190582275390625 -0.150177001953125 0.35626220703125
-0.0153026580810547 -0.0306587219238281 -0.02587890625 0.0848922729492188
0.0252456665039063 -0.0377006530761719 0.0427780151367187 -0.0888214111328125
0.0503196716308594 -0.0202102661132813 0.199554443359375 -0.381103515625
0.0649642944335938 -0.019195556640625 0.36004638671875 -0.447418212890625
0.0495834350585938 0.004241943359375 0.576171875 -0.29278564453125
-0.0025787353515625 0.0257244110107422 0.68182373046875 0.10504150390625
-0.0548324584960938 0.0168800354003906 0.6263427734375 0.39453125
-0.028472900390625 -0.00941276550292969 0.360260009765625 0.3394775390625
-0.0228042602539062 -0.0478591918945313 0.088470458984375 -0.0296554565429688
-0.0342750549316406 -0.0356216430664062 -0.21551513671875 -0.395416259765625
-0.0429458618164063 -0.00941848754882813 -0.573974609375 -0.37823486328125
-0.0209159851074219 0.0088653564453125 -0.7362060546875 0.0548095703125
-0.00656032562255859 -0.000700950622558592 -0.60137939453125 0.43218994140625
0.0239467620849609 -0.0302848815917969 -0.43536376953125 0.478973388671875
0.0334053039550781 -0.0446052551269531 -0.164947509765625 0.34930419921875
0.00044631958007812 -0.0594940185546875 -0.03265380859375 0.07745361328125
0.0454750061035156 -0.0540542602539063 0.0409469604492187 -0.0968780517578125
0.069122314453125 -0.0517921447753906 0.1849365234375 -0.3875732421875
0.0565567016601562 -0.0527458190917969 0.3433837890625 -0.456787109375
0.0331230163574219 -0.00407028198242188 0.56732177734375 -0.31304931640625
-0.00513076782226563 0.0474853515625 0.68865966796875 0.07421875
-0.0434036254882813 0.0523872375488281 0.6331787109375 0.36260986328125
-0.00878524780273438 0.0207176208496094 0.364532470703125 0.322662353515625
-0.00419235229492188 -0.0234394073486328 0.0882720947265625 -0.0374374389648438
-0.0112876892089844 -0.0121755599975586 -0.208526611328125 -0.407806396484375
-0.0260276794433594 0.0163307189941406 -0.561614990234375 -0.402862548828125
-0.0104656219482422 0.0314712524414063 -0.7406005859375 0.018798828125
-0.00841140747070313 0.00993156433105469 -0.6146240234375 0.40484619140625
0.0161361694335937 -0.0401382446289063 -0.4473876953125 0.4600830078125
0.0386390686035156 -0.0689430236816406 -0.173553466796875 0.33642578125
0.0168838500976562 -0.082916259765625 -0.0303421020507813 0.065582275390625
0.0569725036621094 -0.06842041015625 0.0439300537109375 -0.106109619140625
0.073516845703125 -0.0756149291992188 0.17449951171875 -0.385833740234375
0.041839599609375 -0.0729827880859375 0.3409423828125 -0.457611083984375
0.0144071578979492 -0.00409126281738281 0.57318115234375 -0.331787109375
-0.00347518920898438 0.0691909790039063 0.69769287109375 0.0400390625
-0.0284042358398437 0.0788955688476563 0.63531494140625 0.32501220703125
0.00946426391601562 0.0430030822753906 0.359130859375 0.297210693359375
0.0140590667724609 -0.00646591186523438 0.0761489868164063 -0.0540847778320313
0.00506687164306641 0.00800895690917969 -0.21441650390625 -0.4237060546875
-0.0120429992675781 0.0400505065917969 -0.56573486328125 -0.43133544921875
-0.00640869140625 0.0498161315917969 -0.7486572265625 -0.0151367187499999
-0.0170011520385742 0.0163335800170898 -0.62738037109375 0.37872314453125
0.0079193115234375 -0.0519027709960938 -0.452423095703125 0.441802978515625
0.04180908203125 -0.0889968872070312 -0.174072265625 0.321533203125
0.032745361328125 -0.100074768066406 -0.0184364318847656 0.0515022277832031
0.0587387084960938 -0.0763320922851563 0.0488128662109375 -0.117584228515625
0.0660476684570313 -0.0844955444335938 0.172332763671875 -0.380340576171875
0.024322509765625 -0.0711288452148437 0.353668212890625 -0.455291748046875
0.00664997100830078 0.00883579254150391 0.588134765625 -0.3525390625
0.0028839111328125 0.0839004516601563 0.702880859375 0.00231933593750001
-0.0147476196289063 0.0915298461914063 0.62420654296875 0.2872314453125
0.0234947204589844 0.0519523620605469 0.339202880859375 0.27001953125
0.0261020660400391 0.00667953491210938 0.0565032958984375 -0.0734710693359375
0.0174732208251953 0.0220851898193359 -0.227935791015625 -0.44403076171875
-0.00413894653320312 0.0542182922363281 -0.57330322265625 -0.45831298828125
-0.00901031494140625 0.0627059936523438 -0.7535400390625 -0.04254150390625
-0.0287017822265625 0.0200138092041016 -0.6300048828125 0.3563232421875
-0.00108718872070312 -0.0634346008300781 -0.448455810546875 0.424285888671875
0.0468826293945313 -0.102394104003906 -0.16741943359375 0.305755615234375
0.046356201171875 -0.10601806640625 -0.00138854980468749 0.0394401550292969
-0.0408821105957031 0.0343818664550781 0.0686187744140625 -0.0958938598632813
0.00148773193359375 0.0817337036132813 0.228759765625 -0.326751708984375
0.0723342895507813 0.0634841918945313 0.448394775390625 -0.372772216796875
0.0635261535644531 0.00557327270507812 0.66534423828125 -0.24273681640625
-0.0260772705078125 -0.050506591796875 0.671875 0.12286376953125
-0.0851898193359375 -0.091400146484375 0.5498046875 0.378509521484375
-0.06903076171875 -0.103950500488281 0.266510009765625 0.2926025390625
-0.063507080078125 -0.115531921386719 0.00596618652343749 -0.0752716064453125
-0.078857421875 -0.111122131347656 -0.31927490234375 -0.398162841796875
-0.0805816650390625 -0.10174560546875 -0.6541748046875 -0.32891845703125
-0.0358161926269531 -0.05712890625 -0.73931884765625 0.11322021484375
0.010075569152832 -0.00371551513671875 -0.538055419921875 0.44903564453125
0.0330162048339844 0.0402679443359375 -0.34320068359375 0.473175048828125
-0.0040283203125 0.0475997924804688 -0.0960693359375 0.346435546875
-0.0478286743164062 0.0247726440429688 0.0167694091796875 0.0742950439453125
-0.0372657775878906 0.0209236145019531 0.0584640502929687 -0.0832901000976562
-0.00188446044921874 0.0703659057617188 0.21954345703125 -0.332122802734375
0.0724105834960938 0.0645294189453125 0.424163818359375 -0.378692626953125
0.0726089477539063 0.0155792236328125 0.6485595703125 -0.237548828125
-0.0130615234375 -0.0400466918945313 0.6759033203125 0.1383056640625
-0.0783615112304688 -0.078399658203125 0.572998046875 0.4013671875
-0.0672683715820312 -0.0932693481445313 0.293487548828125 0.316986083984375
-0.064544677734375 -0.109367370605469 0.0299072265625 -0.05523681640625
-0.0783309936523438 -0.09881591796875 -0.2879638671875 -0.38323974609375
-0.0831680297851562 -0.0866622924804688 -0.63079833984375 -0.320556640625
-0.0423393249511719 -0.05035400390625 -0.733154296875 0.1231689453125
0.00239467620849609 -0.0126276016235352 -0.55120849609375 0.462005615234375
0.0383377075195313 0.019317626953125 -0.366668701171875 0.48138427734375
0.0117053985595703 0.0320072174072266 -0.11346435546875 0.349395751953125
-0.0412483215332031 0.0135498046875 -0.000228881835937507 0.081787109375
-0.0229511260986328 0.00348663330078125 0.051849365234375 -0.0815887451171875
0.00767898559570313 0.0455131530761719 0.212677001953125 -0.347259521484375
0.0678176879882813 0.0496597290039063 0.39825439453125 -0.401458740234375
0.0721893310546875 0.019500732421875 0.62078857421875 -0.24810791015625
-0.00333976745605469 -0.0220584869384766 0.677734375 0.13775634765625
-0.0711135864257813 -0.0543212890625 0.5928955078125 0.4105224609375
-0.0592269897460938 -0.0725860595703125 0.320770263671875 0.33251953125
-0.0567245483398438 -0.0921707153320312 0.056121826171875 -0.0399856567382813
-0.0699462890625 -0.0792922973632813 -0.259796142578125 -0.37872314453125
-0.0776443481445312 -0.0635757446289063 -0.60723876953125 -0.3260498046875
-0.0407257080078125 -0.0348739624023438 -0.7271728515625 0.1165771484375
-0.00241661071777344 -0.0146923065185547 -0.560882568359375 0.4637451171875
0.0367851257324219 -0.001617431640625 -0.389007568359375 0.488311767578125
0.0220813751220703 0.00811576843261719 -0.131683349609375 0.3548583984375
-0.0285816192626953 -0.00546836853027344 -0.0159759521484375 0.0850677490234375
-0.00160598754882813 -0.0175237655639648 0.0461349487304688 -0.0817947387695313
0.0264797210693359 0.0143299102783203 0.20465087890625 -0.365386962890625
0.0662689208984375 0.0179290771484375 0.374267578125 -0.425628662109375
0.0640029907226563 0.015655517578125 0.59039306640625 -0.268310546875
-0.000922918319702148 0.00110554695129395 0.6744384765625 0.12542724609375
-0.062744140625 -0.0205764770507813 0.6099853515625 0.40625
-0.0450897216796875 -0.0430412292480469 0.344573974609375 0.338592529296875
-0.0420608520507812 -0.0709686279296875 0.075775146484375 -0.0308074951171875
-0.0540084838867188 -0.0585212707519531 -0.233734130859375 -0.3802490234375
-0.0616493225097656 -0.0366249084472656 -0.58526611328125 -0.34393310546875
-0.0327835083007813 -0.0140819549560547 -0.72589111328125 0.0927734375
-0.00555706024169922 -0.00886821746826172 -0.57470703125 0.45208740234375
0.0312824249267578 -0.0169963836669922 -0.410247802734375 0.485748291015625
0.0292797088623047 -0.0186786651611328 -0.147369384765625 0.35394287109375
-0.0158843994140625 -0.0320339202880859 -0.0264205932617188 0.0844192504882813
0.0236434936523438 -0.0362701416015625 0.0420761108398437 -0.08746337890625
0.0503005981445312 -0.0202674865722656 0.194976806640625 -0.380035400390625
0.0637588500976563 -0.0206527709960938 0.35333251953125 -0.447174072265625
0.0481109619140625 0.00346755981445313 0.56951904296875 -0.29400634765625
-0.00288009643554687 0.0245113372802734 0.67767333984375 0.10015869140625
-0.0532989501953125 0.0168609619140625 0.62371826171875 0.388671875
-0.0279960632324219 -0.00961494445800781 0.358154296875 0.3343505859375
-0.0238800048828125 -0.0457992553710938 0.086639404296875 -0.02886962890625
-0.0323123931884766 -0.0342235565185547 -0.218017578125 -0.389129638671875
-0.0424995422363281 -0.00936508178710937 -0.5677490234375 -0.3695068359375
-0.0201435089111328 0.0102405548095703 -0.73028564453125 0.0579833984375001
-0.00632905960083008 -0.000167369842529297 -0.59271240234375 0.43243408203125
0.0244483947753906 -0.0291614532470703 -0.4273681640625 0.47845458984375
0.0332221984863281 -0.0453529357910156 -0.161712646484375 0.347198486328125
0.000228881835937499 -0.0589561462402344 -0.0313873291015625 0.0770721435546875
0.0445365905761719 -0.0545196533203125 0.0403213500976563 -0.09710693359375
0.0673866271972656 -0.0531349182128906 0.180572509765625 -0.38482666015625
0.0567169189453125 -0.0539131164550781 0.337005615234375 -0.45428466796875
0.0311317443847656 -0.00594329833984375 0.56085205078125 -0.31329345703125
-0.00534820556640625 0.0467376708984375 0.6822509765625 0.0687255859375
-0.0432395935058594 0.0537490844726563 0.63128662109375 0.35552978515625
-0.010833740234375 0.0215606689453125 0.36407470703125 0.3167724609375
-0.00384902954101562 -0.0226650238037109 0.0854568481445312 -0.0388259887695312
-0.0127763748168945 -0.0109643936157227 -0.209930419921875 -0.402252197265625
-0.0239696502685547 0.0165157318115234 -0.55963134765625 -0.396240234375
-0.0102634429931641 0.0309333801269531 -0.732177734375 0.02301025390625
-0.0100440979003906 0.00979900360107422 -0.60516357421875 0.40728759765625
0.0159721374511719 -0.0409812927246094 -0.4415283203125 0.46142578125
0.0371780395507813 -0.067779541015625 -0.16900634765625 0.334625244140625
0.0156707763671875 -0.0806961059570313 -0.0281906127929688 0.0654640197753906
0.0561408996582031 -0.0674285888671875 0.042388916015625 -0.106269836425781
0.0730133056640625 -0.0747222900390625 0.17120361328125 -0.3839111328125
0.0408782958984375 -0.0715789794921875 0.335418701171875 -0.45489501953125
0.0145502090454102 -0.0037689208984375 0.5657958984375 -0.33221435546875
-0.00260162353515624 0.0681419372558594 0.692138671875 0.034912109375
-0.0282135009765625 0.0790557861328125 0.629638671875 0.3192138671875
0.00981521606445312 0.0422744750976563 0.3572998046875 0.29217529296875
0.0139904022216797 -0.005523681640625 0.0739822387695313 -0.0525588989257812
0.00418186187744141 0.00839471817016602 -0.214019775390625 -0.417877197265625
-0.010650634765625 0.0395698547363281 -0.56219482421875 -0.4229736328125
-0.00550460815429688 0.0520248413085938 -0.7415771484375 -0.00933837890625007
-0.016510009765625 0.0170116424560547 -0.617919921875 0.38116455078125
0.00586318969726562 -0.0511093139648437 -0.446533203125 0.441436767578125
0.040496826171875 -0.0876541137695313 -0.17169189453125 0.319549560546875
0.0322418212890625 -0.0979385375976563 -0.0181617736816406 0.0516090393066406
0.0571670532226563 -0.0749130249023438 0.0475082397460938 -0.117210388183594
0.0652618408203125 -0.0858688354492188 0.167755126953125 -0.3782958984375
0.0251693725585938 -0.0701789855957031 0.34710693359375 -0.45452880859375
0.00574636459350586 0.00867891311645508 0.58050537109375 -0.35357666015625
0.00496673583984375 0.0825653076171875 0.6961669921875 -0.0029296875
-0.0141754150390625 0.0918426513671875 0.62042236328125 0.28076171875
0.0252838134765625 0.0518989562988281 0.337371826171875 0.264984130859375
0.0264892578125 0.00491714477539063 0.0555038452148438 -0.0737380981445313
0.0159568786621094 0.0226154327392578 -0.229736328125 -0.437469482421875
-0.00346755981445312 0.0540924072265625 -0.5706787109375 -0.449951171875
-0.0090179443359375 0.0631065368652344 -0.7469482421875 -0.03863525390625
-0.0280590057373047 0.0183963775634766 -0.6224365234375 0.35888671875
-0.00153732299804688 -0.0622024536132813 -0.441009521484375 0.4232177734375
0.04534912109375 -0.101547241210938 -0.164306640625 0.304962158203125
0.0466842651367187 -0.103767395019531 -0.000354766845703126 0.0374641418457031
-0.042236328125 0.0333747863769531 0.0669326782226563 -0.0948562622070313
0.000808715820312498 0.080963134765625 0.22491455078125 -0.324859619140625
0.0717544555664063 0.0637588500976563 0.4415283203125 -0.37078857421875
0.0642967224121094 0.00490570068359375 0.6593017578125 -0.24365234375
-0.0274238586425781 -0.0505294799804688 0.664794921875 0.11944580078125
-0.0845870971679688 -0.088836669921875 0.54644775390625 0.37359619140625
-0.0687484741210937 -0.103118896484375 0.26434326171875 0.28741455078125
-0.0635223388671875 -0.113227844238281 0.00434875488281249 -0.074951171875
-0.079437255859375 -0.109230041503906 -0.3179931640625 -0.3924560546875
-0.0802383422851563 -0.0997848510742187 -0.64813232421875 -0.3243408203125
-0.0360145568847656 -0.0553016662597656 -0.7298583984375 0.1160888671875
0.00946140289306641 -0.00335311889648437 -0.53045654296875 0.449859619140625
0.0326576232910156 0.0394515991210938 -0.33807373046875 0.472808837890625
-0.00251007080078125 0.0472297668457031 -0.093902587890625 0.342864990234375
-0.0469245910644531 0.0262718200683594 0.0180740356445312 0.0753173828125
-0.0365447998046875 0.0228767395019531 0.0576934814453125 -0.0840377807617188
-0.000152587890625005 0.0687980651855469 0.216552734375 -0.3306884765625
0.0730209350585938 0.0637588500976563 0.419891357421875 -0.379150390625
0.0720062255859375 0.0153579711914062 0.6397705078125 -0.240966796875
-0.01190185546875 -0.0394363403320313 0.670654296875 0.134521484375
-0.0791168212890625 -0.0771865844726562 0.56988525390625 0.39337158203125
-0.0676727294921875 -0.0911712646484375 0.29278564453125 0.312042236328125
-0.0652923583984375 -0.106834411621094 0.0301895141601562 -0.0544700622558594
-0.0790176391601562 -0.097320556640625 -0.28656005859375 -0.378875732421875
-0.0834121704101563 -0.0849990844726563 -0.626953125 -0.31463623046875
-0.0415420532226563 -0.0493431091308594 -0.72515869140625 0.12640380859375
0.002349853515625 -0.0120725631713867 -0.5418701171875 0.46185302734375
0.0366096496582031 0.0181236267089844 -0.3597412109375 0.480316162109375
0.0109901428222656 0.0318202972412109 -0.109161376953125 0.34759521484375
-0.0407066345214844 0.0129737854003906 -0.000526428222656253 0.0819015502929688
-0.0214824676513672 0.00320625305175781 0.0495452880859375 -0.080078125
0.00689315795898438 0.0455856323242187 0.20733642578125 -0.345703125
0.0678062438964844 0.0479698181152344 0.39300537109375 -0.40008544921875
0.0714950561523437 0.0184173583984375 0.61346435546875 -0.24884033203125
-0.00392532348632813 -0.0200023651123047 0.67156982421875 0.13446044921875
-0.0713577270507813 -0.0537948608398438 0.58966064453125 0.40374755859375
-0.0610580444335938 -0.0712661743164062 0.319122314453125 0.327911376953125
-0.0564498901367188 -0.0909652709960938 0.055877685546875 -0.0401954650878906
-0.0706634521484375 -0.07794189453125 -0.259307861328125 -0.373565673828125
-0.0757217407226563 -0.06146240234375 -0.60321044921875 -0.32012939453125
-0.0413284301757813 -0.0321617126464844 -0.7208251953125 0.1181640625
-0.00240993499755859 -0.0133399963378906 -0.553009033203125 0.462890625
0.0352401733398438 -0.0016021728515625 -0.38153076171875 0.48553466796875
0.0215778350830078 0.00763702392578125 -0.126800537109375 0.352386474609375
-0.0284748077392578 -0.00444221496582031 -0.01568603515625 0.0844802856445313
-0.00134944915771484 -0.0143003463745117 0.0455245971679687 -0.0820159912109375
0.0253391265869141 0.013580322265625 0.200958251953125 -0.363983154296875
0.0650253295898438 0.0169601440429688 0.36859130859375 -0.424896240234375
0.0625114440917969 0.0140647888183594 0.5838623046875 -0.26922607421875
-0.00224494934082031 0.00132346153259277 0.66815185546875 0.12152099609375
-0.0626335144042969 -0.0188713073730469 0.607177734375 0.39990234375
-0.046295166015625 -0.0428848266601562 0.34332275390625 0.3345947265625
-0.0417404174804688 -0.0704269409179688 0.0751800537109375 -0.0310211181640625
-0.0533218383789063 -0.0565223693847656 -0.232666015625 -0.377777099609375
-0.0605392456054687 -0.0357627868652344 -0.58026123046875 -0.33905029296875
-0.0329132080078125 -0.0128993988037109 -0.716064453125 0.0942993164062501
-0.0055999755859375 -0.00805330276489258 -0.56689453125 0.45263671875
0.0312595367431641 -0.0170783996582031 -0.403228759765625 0.486663818359375
0.028656005859375 -0.0188484191894531 -0.14324951171875 0.351165771484375
-0.0159397125244141 -0.0306148529052734 -0.025390625 0.0844802856445313
0.024139404296875 -0.0353279113769531 0.0404815673828125 -0.0878524780273438
0.0494461059570313 -0.0195159912109375 0.19171142578125 -0.378326416015625
0.0633697509765625 -0.0204734802246094 0.347076416015625 -0.44622802734375
0.0482025146484375 0.00371170043945313 0.561065673828125 -0.29461669921875
-0.00206565856933594 0.0237541198730469 0.67083740234375 0.096435546875
-0.0528678894042969 0.0178718566894531 0.62005615234375 0.379638671875
-0.0281620025634766 -0.00873565673828125 0.35772705078125 0.32977294921875
-0.0231819152832031 -0.0460319519042969 0.0847549438476562 -0.0296173095703125
-0.0323219299316406 -0.0331687927246094 -0.217376708984375 -0.38507080078125
-0.0412101745605469 -0.00754928588867187 -0.5657958984375 -0.364013671875
-0.01953125 0.0103549957275391 -0.72161865234375 0.0617065429687501
-0.00632572174072266 0.000436782836914063 -0.58380126953125 0.43310546875
0.0222148895263672 -0.0295963287353516 -0.421783447265625 0.477813720703125
0.0332450866699219 -0.0456314086914062 -0.15887451171875 0.345977783203125
0.000175476074218751 -0.0572662353515625 -0.0303726196289062 0.076873779296875
0.0438346862792969 -0.0516700744628906 0.0392837524414063 -0.0959854125976563
0.067596435546875 -0.0499038696289062 0.177642822265625 -0.3848876953125
0.0532379150390625 -0.0534706115722656 0.331298828125 -0.454833984375
0.0301589965820313 -0.00645828247070313 0.554290771484375 -0.314788818359375
-0.00494003295898438 0.046112060546875 0.67657470703125 0.0638427734375
-0.0419349670410156 0.0514297485351562 0.6273193359375 0.3494873046875
-0.00811576843261719 0.0226364135742188 0.361480712890625 0.31195068359375
-0.003814697265625 -0.0233249664306641 0.0851669311523438 -0.036895751953125
-0.0119161605834961 -0.0104665756225586 -0.2103271484375 -0.396575927734375
-0.0244522094726563 0.0188064575195312 -0.5579833984375 -0.3916015625
-0.0110797882080078 0.0306148529052734 -0.72637939453125 0.026611328125
-0.00954341888427734 0.00985145568847656 -0.59808349609375 0.40673828125
0.0137443542480469 -0.0400276184082031 -0.433685302734375 0.45965576171875
0.0354728698730469 -0.0691108703613281 -0.167266845703125 0.33233642578125
0.0152969360351562 -0.081573486328125 -0.027618408203125 0.0662612915039063
0.0545883178710937 -0.0652351379394531 0.0403366088867187 -0.1055908203125
0.0729217529296875 -0.0740814208984375 0.168304443359375 -0.382904052734375
0.040130615234375 -0.0705642700195313 0.33074951171875 -0.4554443359375
0.0145530700683594 -0.00342273712158203 0.55853271484375 -0.333404541015625
-0.00330352783203125 0.0679817199707031 0.6851806640625 0.03045654296875
-0.0270233154296875 0.07757568359375 0.62921142578125 0.31353759765625
0.0116386413574219 0.0424308776855469 0.354583740234375 0.28863525390625
0.0135364532470703 -0.00433731079101563 0.0730361938476563 -0.05230712890625
0.00513172149658203 0.00906467437744141 -0.214202880859375 -0.412322998046875
-0.010223388671875 0.04058837890625 -0.559234619140625 -0.419342041015625
-0.004608154296875 0.0502395629882813 -0.73541259765625 -0.00488281250000008
-0.0169992446899414 0.0175189971923828 -0.60980224609375 0.38018798828125
0.0050201416015625 -0.0508079528808594 -0.43988037109375 0.443634033203125
0.0402297973632812 -0.0883331298828125 -0.16888427734375 0.316680908203125
0.03143310546875 -0.0963668823242188 -0.0169525146484375 0.0510368347167969
0.0565643310546875 -0.074066162109375 0.047637939453125 -0.116119384765625
0.063751220703125 -0.083587646484375 0.164306640625 -0.376220703125
0.0238571166992188 -0.070648193359375 0.34130859375 -0.453643798828125
0.00647354125976562 0.00664567947387695 0.57208251953125 -0.35406494140625
0.00386810302734375 0.0805740356445313 0.69097900390625 -0.00646972656249999
-0.0125198364257813 0.090484619140625 0.61700439453125 0.2742919921875
0.0250473022460938 0.0522079467773438 0.334503173828125 0.260528564453125
0.0263957977294922 0.00477409362792969 0.0537338256835938 -0.0709915161132813
0.0167732238769531 0.0235519409179688 -0.22906494140625 -0.431915283203125
-0.00232315063476562 0.0549430847167969 -0.567626953125 -0.44158935546875
-0.00931549072265625 0.0609512329101563 -0.74029541015625 -0.0337524414062501
-0.0287036895751953 0.018646240234375 -0.61297607421875 0.35595703125
-0.0032501220703125 -0.0612754821777344 -0.433807373046875 0.423736572265625
0.0446548461914062 -0.0997085571289063 -0.16290283203125 0.30255126953125
0.0452728271484375 -0.101341247558594 -0.00223159790039063 0.0378837585449219
-0.0421600341796875 0.0353279113769531 0.0663681030273438 -0.0939254760742188
0.00150299072265625 0.0796279907226563 0.222137451171875 -0.32244873046875
0.070556640625 0.0625 0.436065673828125 -0.36932373046875
0.0624160766601563 0.00318145751953125 0.6513671875 -0.24462890625
-0.0290412902832031 -0.0502281188964844 0.6591796875 0.11602783203125
-0.0847702026367187 -0.087158203125 0.542694091796875 0.369476318359375
-0.0699234008789063 -0.101051330566406 0.262786865234375 0.283782958984375
-0.0628738403320313 -0.112129211425781 0.00350189208984375 -0.0744781494140625
-0.07861328125 -0.10845947265625 -0.316497802734375 -0.38812255859375
-0.0784912109375 -0.0992813110351563 -0.64434814453125 -0.3199462890625
-0.0371284484863281 -0.0555877685546875 -0.7237548828125 0.11962890625
0.0101995468139648 -0.00310039520263672 -0.521881103515625 0.448394775390625
0.0315437316894531 0.0382652282714844 -0.331787109375 0.4688720703125
-0.00391769409179688 0.046356201171875 -0.09136962890625 0.34112548828125
-0.0476341247558594 0.0244293212890625 0.016876220703125 0.0736160278320313
-0.0370445251464844 0.0203895568847656 0.0568161010742187 -0.082763671875
0.000812530517578118 0.0679130554199219 0.2122802734375 -0.32928466796875
0.0720062255859375 0.0622711181640625 0.4146728515625 -0.376922607421875
0.0721511840820313 0.0135498046875 0.63507080078125 -0.2398681640625
-0.0120658874511719 -0.0388259887695313 0.6676025390625 0.13031005859375
-0.0782852172851563 -0.0755157470703125 0.5657958984375 0.3890380859375
-0.0665130615234375 -0.0913619995117188 0.2899169921875 0.3074951171875
-0.0637588500976563 -0.105819702148438 0.0300216674804687 -0.0539970397949219
-0.078338623046875 -0.0965652465820313 -0.28631591796875 -0.37371826171875
-0.0825347900390625 -0.0841217041015625 -0.622314453125 -0.31072998046875
-0.0413703918457031 -0.0484085083007813 -0.71807861328125 0.12872314453125
0.00250053405761719 -0.0134420394897461 -0.535186767578125 0.46051025390625
0.0368156433105469 0.0180816650390625 -0.355224609375 0.478912353515625
0.0106582641601562 0.0306167602539063 -0.108184814453125 0.345916748046875
-0.0396156311035156 0.0138397216796875 0.000106811523437496 0.0803070068359375
-0.0230445861816406 0.00344467163085938 0.0492630004882813 -0.0803604125976563
0.0077362060546875 0.04571533203125 0.205108642578125 -0.343719482421875
0.0677299499511719 0.0473365783691406 0.38836669921875 -0.39788818359375
0.0702438354492188 0.0180168151855469 0.606689453125 -0.25128173828125
-0.00392341613769531 -0.0203266143798828 0.6658935546875 0.130615234375
-0.0694923400878906 -0.0522651672363281 0.58489990234375 0.3983154296875
-0.0588531494140625 -0.0707550048828125 0.318756103515625 0.32330322265625
-0.0557098388671875 -0.089385986328125 0.0553207397460937 -0.0390625
-0.069091796875 -0.0775299072265625 -0.257598876953125 -0.3685302734375
-0.076202392578125 -0.05902099609375 -0.598876953125 -0.31475830078125
-0.0413436889648437 -0.0333137512207031 -0.71527099609375 0.11932373046875
-0.00247287750244141 -0.0134792327880859 -0.54742431640625 0.46209716796875
0.0356636047363281 -0.0023956298828125 -0.378173828125 0.485137939453125
0.0215282440185547 0.00632286071777344 -0.125885009765625 0.35107421875
-0.0279560089111328 -0.00450134277343749 -0.0145797729492188 0.0844268798828125
-0.00129413604736328 -0.0152492523193359 0.0439605712890625 -0.0822296142578125
0.0250320434570312 0.0137519836425781 0.1995849609375 -0.361602783203125
0.0642051696777344 0.0175590515136719 0.362274169921875 -0.425567626953125
0.0620269775390625 0.0136260986328125 0.5772705078125 -0.27032470703125
-0.00123262405395508 0.0019381046295166 0.6634521484375 0.11883544921875
-0.0612602233886719 -0.0195999145507813 0.6029052734375 0.3958740234375
-0.0457229614257813 -0.04193115234375 0.339599609375 0.329681396484375
-0.0411758422851562 -0.0691299438476563 0.0751876831054688 -0.0298233032226563
-0.0522918701171875 -0.0553207397460938 -0.23211669921875 -0.372344970703125
-0.061279296875 -0.034637451171875 -0.57598876953125 -0.33319091796875
-0.0321750640869141 -0.0129566192626953 -0.71051025390625 0.0964965820312499
-0.00604057312011719 -0.00799274444580078 -0.56005859375 0.451171875
0.0294876098632813 -0.0182723999023438 -0.398162841796875 0.483917236328125
0.0281543731689453 -0.0197868347167969 -0.140869140625 0.35028076171875
-0.0144100189208984 -0.029937744140625 -0.0253448486328125 0.083892822265625
0.0234870910644531 -0.0338935852050781 0.0404434204101562 -0.0869827270507812
0.0491409301757813 -0.0196990966796875 0.189727783203125 -0.375823974609375
0.062042236328125 -0.0193290710449219 0.342193603515625 -0.444091796875
0.0471076965332031 0.0015716552734375 0.555999755859375 -0.296905517578125
-0.00307464599609375 0.0240097045898438 0.66558837890625 0.0927734375
-0.0514259338378906 0.018310546875 0.6160888671875 0.37567138671875
-0.0280094146728516 -0.00905227661132813 0.354736328125 0.3262939453125
-0.0237350463867188 -0.0444526672363281 0.0852737426757812 -0.0292892456054688
-0.0322895050048828 -0.03179931640625 -0.215606689453125 -0.381927490234375
-0.041168212890625 -0.00707244873046874 -0.5625 -0.35931396484375
-0.0201530456542969 0.00897979736328125 -0.71551513671875 0.0637817382812501
-0.00638055801391601 0.00113677978515625 -0.576904296875 0.43353271484375
0.0229644775390625 -0.0283203125 -0.415924072265625 0.475433349609375
0.0312461853027344 -0.0436248779296875 -0.156890869140625 0.3431396484375
-1.14440917968802E-05 -0.0580940246582031 -0.0296859741210938 0.0773849487304688
0.0430984497070312 -0.0527305603027344 0.03839111328125 -0.095062255859375
0.0674247741699219 -0.0514984130859375 0.175018310546875 -0.382843017578125
0.053863525390625 -0.0535507202148438 0.3270263671875 -0.452789306640625
0.0302753448486328 -0.00639533996582031 0.547088623046875 -0.31451416015625
-0.00518035888671875 0.0456314086914063 0.6717529296875 0.06207275390625
-0.040313720703125 0.0531578063964844 0.6241455078125 0.3460693359375
-0.00852584838867188 0.0227432250976563 0.358062744140625 0.3106689453125
-0.00459861755371094 -0.022705078125 0.0836639404296875 -0.03643798828125
-0.0129985809326172 -0.010493278503418 -0.20953369140625 -0.389801025390625
-0.0230789184570313 0.0183963775634766 -0.552520751953125 -0.384490966796875
-0.0100154876708984 0.0315399169921875 -0.71966552734375 0.02685546875
-0.0094442367553711 0.00864887237548828 -0.5914306640625 0.406494140625
0.013519287109375 -0.0399703979492188 -0.429351806640625 0.458770751953125
0.0359077453613281 -0.0684165954589844 -0.165191650390625 0.33062744140625
0.016571044921875 -0.0795440673828125 -0.026519775390625 0.0637855529785156
0.0544776916503906 -0.0656013488769531 0.040771484375 -0.105621337890625
0.0718612670898438 -0.0745697021484375 0.165069580078125 -0.3804931640625
0.0390167236328125 -0.071533203125 0.32537841796875 -0.452392578125
0.0151100158691406 -0.00451564788818359 0.55145263671875 -0.33270263671875
-0.00202178955078125 0.0663528442382812 0.67974853515625 0.02691650390625
-0.026580810546875 0.077362060546875 0.62347412109375 0.3076171875
0.00989151000976563 0.0425300598144531 0.35186767578125 0.285888671875
0.0144805908203125 -0.00438022613525391 0.072418212890625 -0.0515670776367188
0.00523948669433594 0.0102119445800781 -0.21380615234375 -0.40802001953125
-0.00982666015625 0.0403366088867188 -0.556671142578125 -0.412506103515625
-0.00522994995117188 0.0507888793945313 -0.72808837890625 -0.00286865234375007
-0.0166988372802734 0.0170269012451172 -0.60223388671875 0.37957763671875
0.00445556640625 -0.0494384765625 -0.434356689453125 0.440582275390625
0.0384750366210938 -0.08758544921875 -0.1676025390625 0.316741943359375
0.0310134887695313 -0.0961380004882813 -0.0165176391601562 0.0502471923828125
0.0570297241210938 -0.0730361938476563 0.047637939453125 -0.1138916015625
0.0648193359375 -0.0832901000976563 0.160552978515625 -0.37359619140625
0.0230789184570313 -0.0706558227539063 0.335601806640625 -0.4510498046875
0.00738525390625 0.00780963897705078 0.56573486328125 -0.35345458984375
0.00439453125 0.0806350708007813 0.6854248046875 -0.0103759765625
-0.0125732421875 0.0919418334960938 0.61260986328125 0.2724609375
0.0258750915527344 0.0525360107421875 0.33282470703125 0.2581787109375
0.0257225036621094 0.00603866577148438 0.0520706176757813 -0.0712966918945312
0.0159168243408203 0.0238456726074219 -0.22930908203125 -0.427734375
-0.00213241577148438 0.0535392761230469 -0.5648193359375 -0.43707275390625
-0.00771331787109375 0.0619354248046875 -0.7352294921875 -0.0307617187500001
-0.0286197662353516 0.0181617736816406 -0.60650634765625 0.35693359375
-0.00188446044921875 -0.0618553161621094 -0.429473876953125 0.423126220703125
0.0450820922851562 -0.100982666015625 -0.160003662109375 0.30242919921875
0.0449981689453125 -0.100982666015625 -0.000923156738281246 0.0381698608398437
