TRXV5
3
4
4
9
string Extension=J
integer IsArchMeasurement=1
integer IsSpherical=1
string Generator=SPM
string GeneratorVersion=1.3.1 Dev
double ArchRadius=0.449999988079071
integer FrequencyAxisIndex=0
integer AzimuthAxisIndex=1
integer ElevationAxisIndex=2
Frequency
5 201 800000000 900000000 LIN
Azimuth
7 8 0 2.74889357189107 LIN
Elevation
7 15 -2.74889357189107 2.74889357189107 LIN
Polar H Real Part
13
Polar H Imaginary Part
14
Polar V Real Part
13
Polar V Imaginary Part
14
Polar H Magnitude (dB)
12 0xC0000002 0 1
Polar H Phase
7 0xC0000003 0 1
Polar V Magnitude (dB)
12 0xC0000002 2 3
Polar V Phase
7 0xC0000003 2 3
-0.00580380030768692 0.00861585240445571 -0.107026104825345 0.090928522403235
0.0664529094819992 0.0183122488149077 0.0303384450604972 -0.181970088445689
0.0651859116273208 -0.0196727105015823 0.351386222601117 -0.183115466095929
-0.0389277734215837 -0.0541022728492549 0.455082703649591 0.302042430895457
-0.0857162012801379 -0.0682441044865608 -0.039914186454435 0.794723823367822
-0.00442176874481395 -0.0996051070883665 -0.705604371866714 0.518604535518056
0.0608469543746463 -0.016937209103585 -0.552178946198031 -0.0597573994594698
0.060441209930678 0.0158516243321006 0.0154274555102742 0.0682329808476747
0.0128958103800144 0.0147591970370034 0.658723928901843 -0.0420039186185914
0.00122542730536481 -0.0142676282523493 0.52424250683272 -0.684757234924978
-0.017859687440721 -0.0383921617406574 -0.229417304231573 -0.767054543921142
0.0126410949920622 -0.0800510088672566 -0.546504763752796 -0.12639789970059
0.0546490446677896 -0.0768053958890215 -0.253799221036224 0.246254421197269
0.0522307096570056 0.0118815744155493 0.0637573145207518 0.149639106406828
0.008337193213772 0.0249892848011067 0.127780445131613 -0.129496738501287
-0.0120568763105008 -0.00200537203945271 -0.111156118934185 0.0899398776435553
0.0582252109945216 0.0103420463947329 0.0584681099342188 -0.171749484234987
0.0576669777534715 -0.0166013912474178 0.385110440014447 -0.159203734751673
-0.0370003704474603 -0.0380867305994155 0.423000160216154 0.342566168337898
-0.080723842581538 -0.0495055781865898 -0.149352272439952 0.789660009685088
-0.00887167617963097 -0.0823838837781239 -0.777501977769834 0.441181564237756
0.0316358877373438 -0.0164901545328466 -0.537800965692539 -0.0897014040541054
0.0241234702645193 0.00938786181034079 0.0503851013343483 0.0863369399249715
-0.0170922830792756 0.0200212197709092 0.658552683845852 -0.0899802605070853
-0.0080285666160774 0.00305470119660427 0.434533715611574 -0.730480871209691
-0.0102941570058937 -0.0245384011700939 -0.320228803514036 -0.731858668730325
0.0207149518002724 -0.0734322279418265 -0.542541913162261 -0.0783273243136379
0.0505213800170041 -0.0707381585291878 -0.203956480650494 0.254604152485535
0.0433089495790654 0.0114611737990657 0.0926252774963083 0.149796213504395
-0.00122423099822447 0.0188467013749158 0.121678012762012 -0.132723886508526
-0.0216936888566204 -0.0136607358329375 -0.115721197968161 0.0924262164563187
0.0414215239233558 0.00189854345292976 0.0767662931694984 -0.162276968803733
0.0460685124622595 -0.00527911611269404 0.404069257539735 -0.142366648836276
-0.0329511021761919 -0.0104754463345633 0.394983781852788 0.369831950918914
-0.0730581702843897 -0.0237267371537267 -0.230982009121758 0.780367172165122
-0.0217068150511846 -0.0669006877024298 -0.824581764288974 0.385580739154113
-0.0066854424456802 -0.0272529569454652 -0.530085540427139 -0.104777156581424
-0.0203966102972149 -0.00319107955674123 0.0683520292298604 0.100256100683911
-0.0496170539376064 0.0294997899858898 0.652077415133525 -0.117566669177795
-0.0108535851151238 0.0285983708784922 0.370882378807431 -0.756603398926644
0.00651652876793078 -0.00191609001941192 -0.376572858265211 -0.709018069754493
0.0271024355490476 -0.0571946631484908 -0.537248885441273 -0.0509710533997648
0.037397582741844 -0.0613473289827616 -0.168176188470739 0.257678666993827
0.0257114533560145 0.00656727249344544 0.114020710438865 0.151812261576245
-0.0120674199385075 0.00855415530174523 0.116130026951959 -0.13436089411765
-0.0315619787761354 -0.0238147746239124 -0.119612236044782 0.0960108960005594
0.0163647615387028 -0.00328762053195681 0.0797113410511771 -0.154544091385933
0.0319374489740696 0.0119567960964176 0.410759967061592 -0.141598379545445
-0.0260815355267165 0.0232820511559829 0.386516641325579 0.369383657421452
-0.0643520644760152 0.00647708112223775 -0.255996018576035 0.774088106065359
-0.0424725916637616 -0.0525097754417618 -0.838551249802978 0.3722228428709
-0.0512991448850944 -0.0446498757078618 -0.535371248848308 -0.104018746562354
-0.0674584261447514 -0.019383210758251 0.0655081530249022 0.105562321048688
-0.0820020328659671 0.0390914666715228 0.641528434790407 -0.12130133745936
-0.00893103184308095 0.0587881811688208 0.349540581033862 -0.758203727077581
0.0282737681572905 0.0257731223300837 -0.397837190482191 -0.705964672156339
0.0313048646417289 -0.0322818482586513 -0.534975101205001 -0.0448592773109988
0.0187638999185289 -0.0491977482040916 -0.153664025064564 0.257315469474664
0.00304209235051543 -0.00252158758239127 0.121963098509621 0.154021575150663
-0.0218624258041045 -0.00266841866686452 0.115423856861793 -0.134384966041973
-0.0409816630154483 -0.0315993276856309 -0.12204358167174 0.102388601934146
-0.0113599800873279 -0.00871891346341247 0.0682548280471814 -0.147902557518102
0.0145834606836877 0.0312740996539925 0.403145248646918 -0.154589925019998
-0.0180596170036663 0.0571587640224431 0.398174104884783 0.340785420062771
-0.0509281759088976 0.0364464672759853 -0.227129080432948 0.772056748511683
-0.0614822559913747 -0.0372329896361783 -0.826303899971112 0.400530319893812
-0.091866305079765 -0.0592069881338931 -0.556409399394408 -0.0887027538964474
-0.109605156040684 -0.0369326844630035 0.0406863733412523 0.103914086913357
-0.110321815839879 0.0431592250928314 0.627912406018506 -0.0963016644434108
-0.00609135026707641 0.0866050064774415 0.371400271178046 -0.741617931943453
0.0473824962104757 0.0582518758237498 -0.378386459457343 -0.723177654833403
0.0347964335816509 -0.00251171696223768 -0.542111852309248 -0.0635788515762863
-0.00237305772263399 -0.035090162635684 -0.165177489277547 0.254395082771536
-0.0207098519224155 -0.012282966930275 0.117012951391359 0.158330853331923
-0.0292563444479699 -0.0129335620800746 0.116300651479907 -0.132230645770399
-0.0491231758353236 -0.0357576689935186 -0.123353470786334 0.108503741577819
-0.0384730590213438 -0.0113790110166919 0.0460233886567397 -0.143532079978179
-0.00357870608280074 0.0478106939984955 0.383105699495853 -0.175772718268085
-0.00868842239788437 0.0860066256762088 0.429299974681682 0.295217452904184
-0.0326533416459612 0.0636414453997072 -0.143865897891124 0.767240283092476
-0.0707650720117737 -0.0193422037631768 -0.781377606325704 0.464212418295147
-0.122104808141818 -0.065685233967856 -0.583579577195959 -0.0587206738502723
-0.13995056518831 -0.0532901075500285 -0.00150568378341749 0.0950093191930891
-0.135687131321675 0.0376556429499141 0.61376342555008 -0.0517475803023855
-0.00809743026035564 0.105590069303856 0.43273086306893 -0.702399582457045
0.0627020807279513 0.089550751914474 -0.317830414696351 -0.758512124407784
0.0379609062256782 0.029349234108897 -0.55044359896638 -0.106734626372472
-0.020925353984518 -0.0187367572359232 -0.200686379905507 0.247249762655812
-0.0414495262334965 -0.0206279375946026 0.0972889867041571 0.163060859400613
-0.0332543883190249 -0.0212356681699873 0.119070955827661 -0.128854662657774
-0.0526243082734918 -0.0381578245519136 -0.120541427207075 0.113858264097926
-0.0598571500238211 -0.0145526098539765 0.0152306517348194 -0.141827816768967
-0.0210784377698543 0.060168858247274 0.350507918290368 -0.203578363454178
-0.00425724163133435 0.105913693906746 0.461131173506398 0.232768076863172
-0.0123205946799336 0.0831876538993211 -0.0266465468149003 0.758460091176243
-0.0673639076192707 -0.00154197401438995 -0.701075502423872 0.547317965523697
-0.134095642326376 -0.0606007727452392 -0.612384667538614 -0.0140595825670196
-0.15336625597215 -0.0661187133113892 -0.0552066170201344 0.0787482112282785
-0.150220747710611 0.0204906712091984 0.595610847844989 0.00819727951313225
-0.0143264676516515 0.111806564782955 0.522842944085275 -0.637962362880136
0.0701236602857396 0.11287126607765 -0.218452705047997 -0.799067058250534
0.0412073328334071 0.0581578592369273 -0.556708359575386 -0.166705290985179
-0.0328243086816054 -0.00383331844999034 -0.254150813842003 0.23410738507334
-0.0579936616526389 -0.0241536855197468 0.0650044426298875 0.166841128259437
-0.0344747774715478 -0.0246690358022996 0.122659854335989 -0.122658541318818
-0.0522501101003609 -0.035487354758993 -0.11548675989583 0.117188115308456
-0.0723842955256437 -0.0156758585254663 -0.0200013715086587 -0.143336763143088
-0.0341088434344175 0.0660666266494217 0.304053424910981 -0.23009649126849
-0.00301597465791789 0.114290602880118 0.483930093649752 0.166735066958288
0.00606025116803903 0.0909688019990255 0.100440120576997 0.732509668988517
-0.0528663251473101 0.0098427866315929 -0.59975166095479 0.632740207096547
-0.128340891032438 -0.0496728324010264 -0.635650460324499 0.0414931353839273
-0.148514994849634 -0.0728493318503062 -0.109350750236195 0.0589023163566024
-0.152020044973835 -0.00193016540208756 0.570667254889321 0.0684313983519568
-0.0218907197167447 0.104204735234633 0.619302717428418 -0.556805273340305
0.07008447748863 0.121678813716669 -0.0898499597526845 -0.830147274357706
0.0435272560470295 0.0782426933487154 -0.546428424683539 -0.237665013902048
-0.0375711742079309 0.00949765446488932 -0.313811759605435 0.215369854589088
-0.0679096878971194 -0.0227847144610668 0.0254986226268804 0.168976030586928
-0.0330864800455608 -0.0240422531671786 0.125966344211923 -0.117041929044112
-0.00464960417323165 0.00881315511382223 -0.106543627051448 0.0906125964620368
0.0674225156640749 0.0171377898203408 0.0280199721630482 -0.183588525670461
0.0648320129293183 -0.0203661788205608 0.351227224573072 -0.187167281897575
-0.0395818140559072 -0.0532968465080215 0.46168521873575 0.298620082825341
-0.0852063390509051 -0.067363900848944 -0.0301490666251382 0.800161833090854
-0.00523709163219626 -0.100369848299274 -0.703842076457654 0.528781656348805
0.061059762950272 -0.0181596886094145 -0.556585158154759 -0.0551049635138658
0.0619488307488766 0.0161089260265721 0.0155725954162957 0.0684402472296129
0.0135478427861544 0.0140851379567702 0.659748221631195 -0.0503621011009089
0.000843775456608693 -0.0147147147911844 0.518537028702474 -0.695739822121289
-0.0185711523359462 -0.0380927882243799 -0.24345959614423 -0.769158969867075
0.0130480609222023 -0.0800112062716702 -0.552426871335323 -0.120064043531091
0.0532733136421143 -0.0778157769059852 -0.252170332806333 0.252292428043755
0.0521205002170452 0.0110870279047359 0.065593564769868 0.150269772427648
0.00895595013068134 0.0252860968582809 0.12773174824243 -0.13144624565348
-0.012207022030261 -0.00146972483257648 -0.111669701243585 0.0910417792663525
0.0586292207449378 0.00930870688965298 0.0546929704012824 -0.174281179892413
0.0586811731863113 -0.0171935283355539 0.386388881256466 -0.164128673382807
-0.0383031940885956 -0.0379514339427622 0.430134930957139 0.340049749855734
-0.0804749257887455 -0.0491958554921002 -0.140451736477594 0.797024073470408
-0.00913279902293164 -0.0830493478577222 -0.776501695317239 0.451804536270244
0.032612987034998 -0.0172211171639574 -0.541867461815107 -0.0849193138493728
0.0246735232243915 0.00932347006670186 0.0506746503472907 0.0866397941113827
-0.0171735364860901 0.0203840772961507 0.661997428238789 -0.0966973297826456
-0.00886151698173422 0.0031745783305147 0.426711299975769 -0.739685564243094
-0.00929530316262897 -0.0243205769786802 -0.330898027823673 -0.73444596169532
0.0202395392916973 -0.0736784677437864 -0.547904849311425 -0.070715981109152
0.0492479124890744 -0.0718383019392143 -0.202481125986879 0.259283792821306
0.0428835751257323 0.0098850358958044 0.0954626280773025 0.150183181332713
-0.000974126786882201 0.0182032945694026 0.121740997292759 -0.133349418020436
-0.0205887327293583 -0.0129658182905858 -0.116006371411228 0.0929471230864647
0.0415490505827688 0.00172130326878668 0.0745210892314815 -0.165091648059636
0.0461330244557216 -0.00564703688344997 0.405342820995779 -0.145551632567881
-0.033120597831776 -0.0102189022387847 0.403057366507741 0.366852679389364
-0.0730718109000427 -0.0239053931088869 -0.222117450064445 0.789271260283221
-0.0227465997743234 -0.0672564054528489 -0.823659786436042 0.396764152021458
-0.00673489088528143 -0.0267284503005739 -0.532554145511114 -0.0995184502370183
-0.0202162624134588 -0.00269586212553997 0.0697188326256969 0.100022865736891
-0.0491298128056299 0.0298168786990306 0.652576845045232 -0.125070346029481
-0.0115455374839961 0.0289518518448629 0.363076809484944 -0.764838508143277
0.00719103258037777 -0.00193218772973271 -0.390161230485537 -0.710581738002119
0.0267272162156071 -0.0576967905778788 -0.542113280738604 -0.0424168307164066
0.0365941371746063 -0.0625213681725109 -0.16541212912874 0.261916504970889
0.0249666269243653 0.00550251418932371 0.116302333980869 0.150655617742326
-0.0118862496728926 0.00922136189145585 0.116420213927272 -0.134980011797025
-0.0315478435093407 -0.022906667525697 -0.118943976927953 0.0968897320514941
0.0167392089234467 -0.00373950145992023 0.0771211221483973 -0.156676809032949
0.0318873972091664 0.0114101666235313 0.410285416739639 -0.14550220680976
-0.0247710893056164 0.0237984191805591 0.393096093356013 0.363687907995967
-0.063491021865938 0.00720452205286205 -0.248281701264454 0.78317340420745
-0.0428719795902676 -0.0520378907102443 -0.839911675013226 0.383676413623212
-0.0516110435952033 -0.0432764571302668 -0.539257194853924 -0.0987283530735022
-0.0679661320462339 -0.0187488344070332 0.0661484082429983 0.106440351843938
-0.0818697420740657 0.0399140981431403 0.643599090937508 -0.129121475744879
-0.00809210132446739 0.0585205540341915 0.340923821899437 -0.766551184111851
0.0283879465832068 0.0265851297775873 -0.409937168955891 -0.704472733671012
0.0317885837778424 -0.0330843704051504 -0.539374269279744 -0.0368648945051779
0.0174447994015943 -0.0497381572997919 -0.151510497996701 0.261505268417413
0.00277611584721436 -0.00266494696713074 0.124032233003113 0.153296497672685
-0.0225195868887248 -0.00244177235964759 0.114856137038132 -0.134697072735384
-0.04183884451204 -0.0306917666333389 -0.122538587828053 0.103675067859762
-0.0116519665791321 -0.00781475541986827 0.0663254220796871 -0.149643369595401
0.0151068430712984 0.0317750399410315 0.404848421781524 -0.159710638268524
-0.0165288696397546 0.0576298094466995 0.40436437090734 0.337719545843231
-0.050812661548548 0.0373904733497527 -0.217397665643604 0.777139781608158
-0.0628161326422014 -0.0366554718045191 -0.825243215211587 0.413523504053227
-0.0938332053005332 -0.0581538263473114 -0.558978370016003 -0.0840020488117555
-0.110996013591645 -0.0354859820471303 0.0418655280859191 0.104494420446537
-0.112120399608726 0.0443783975134503 0.631524900889023 -0.104368012470248
-0.00582110092861238 0.087150227312505 0.364798055858045 -0.749871040936403
0.0487521536416186 0.0581732774266264 -0.388738223374041 -0.723053059487063
0.035167277143167 -0.00267479195559308 -0.545864891393335 -0.057585701608155
-0.00273620618823898 -0.0348359959057702 -0.162529442285276 0.258470771525919
-0.0208786215839232 -0.012356666770406 0.118537579068583 0.158212128315929
-0.0298856870463085 -0.0130172997339932 0.115224453428676 -0.133792036162703
-0.0494967263716512 -0.035071872029869 -0.122231302523712 0.10945644728135
-0.0377733155410283 -0.0119786739191972 0.0441060808849229 -0.144541705662409
-0.00200499244239056 0.0476963505086787 0.382860614072152 -0.182515662205278
-0.00808801976170943 0.0871183661363348 0.435344895610058 0.291646246862754
-0.031691592137547 0.0636444246407374 -0.136156045938077 0.775218225681259
-0.0718488535473551 -0.0185860360073469 -0.777016090745721 0.475789660488814
-0.123659160408062 -0.0641050774167891 -0.588098211151896 -0.0532024679777273
-0.14109215236329 -0.0523028972485202 -0.000852843963073104 0.0956143654031537
-0.135791652934207 0.0400688310857445 0.618386953667808 -0.0582892316122288
-0.00701644372629061 0.106610447509127 0.426886497389258 -0.712621194426523
0.0645442245618694 0.0890812537269744 -0.329176200498477 -0.759960021898608
0.0388750177773318 0.0284266502398582 -0.556670272966426 -0.0990001436349529
-0.0211457233358988 -0.020023610438293 -0.199473098816435 0.252497140366307
-0.0418213228912961 -0.0200890434588972 0.0992355262284623 0.163622582532975
-0.034395877128155 -0.0213074797036572 0.118856966481593 -0.129436137231022
-0.053071678139268 -0.0367530954327854 -0.12054217139668 0.115084497101258
-0.0595375558825414 -0.0138911770485262 0.0123989957924354 -0.143121807597605
-0.020029471386801 0.0605128702141054 0.350081522504103 -0.209185934588984
-0.00246121457857348 0.10668293922316 0.46732276021546 0.227368905753533
-0.0096710441434791 0.0831458497178714 -0.0178891275959309 0.761749497197941
-0.0678889607329398 -0.000364667665476631 -0.697853274870499 0.559966913061509
-0.136032059746296 -0.0594351080971423 -0.615619384838617 -0.00729694090481921
-0.154616592286614 -0.0649154521941662 -0.0545098474685051 0.080482763781862
-0.151261681940815 0.0225061341836485 0.599000210890493 0.00107387977910451
-0.0130534957770588 0.112583827262529 0.516986215470582 -0.64868114331453
0.0724039420260199 0.112044787207068 -0.23035737966214 -0.800471496961629
0.0425326468339332 0.0576365513987988 -0.563195309273172 -0.159614842923289
-0.0329515549058002 -0.00364621474184078 -0.253996639491953 0.239087156799462
-0.058573409888158 -0.0238502369671611 0.0670010673708252 0.16722461691636
-0.0352676042795683 -0.0246903896189382 0.122649069109947 -0.123148868560645
-0.0514738149574737 -0.0339049372500608 -0.11496095322133 0.118173564522156
-0.0715039471035903 -0.0140576684861446 -0.0221677660490402 -0.144384666725447
-0.032628415309108 0.0664296527602124 0.303037330659476 -0.234552164111215
-0.0015762481689939 0.115258942175045 0.491275453736961 0.161951317010872
0.0073814259938679 0.0903539588787171 0.109391326753849 0.735633660665812
-0.0534493372879747 0.0105642955896187 -0.594997974243876 0.64333448035058
-0.129249965306709 -0.0481350497722545 -0.638141869161905 0.0492537937596262
-0.149645618842166 -0.0715312112908805 -0.109357098057483 0.0611686683050366
-0.153786665034848 -0.000115838195766479 0.575097673355573 0.0628470674916067
-0.0218267326895953 0.104390230964918 0.616286325428488 -0.568522953348068
0.0711838585016128 0.120739052944549 -0.100294495953453 -0.832378804098679
0.0451783255371871 0.0775904674080996 -0.553390596605135 -0.232110428583027
-0.0367992117301064 0.00983574262680849 -0.313733174438416 0.220838314229975
-0.0677058726819933 -0.0221154699406893 0.0269626678319592 0.169915410956037
-0.0329725972753384 -0.023496496824922 0.125865866669092 -0.118177898936077
-0.0038851672617606 0.00970310347161063 -0.106692004071472 0.0920164073693686
0.0677979395446739 0.0164500340088489 0.0251480428823616 -0.185441723438528
0.0646295530100423 -0.0209397366782385 0.351731928744427 -0.193830503696542
-0.0402935447761744 -0.0518603511590802 0.46813610994867 0.293996558529583
-0.0861624610010652 -0.0665033748743712 -0.0199071826925269 0.804045984001443
-0.00565088283180618 -0.100035489074152 -0.698215591231008 0.540583165547524
0.0609838050875274 -0.0187795839480843 -0.55799091038238 -0.0468321512149949
0.0623213315947708 0.0150113980545782 0.0164870139619923 0.070380329091821
0.0142771837114534 0.0147094155985879 0.661477431944044 -0.0585178855999012
0.000906980956703898 -0.015160036151283 0.509722548452011 -0.705458030440715
-0.0183545869378514 -0.0380032757124492 -0.254449018244064 -0.770089385820481
0.0118341434165405 -0.0799619479752096 -0.557931328369742 -0.112455042144734
0.052552592029193 -0.0778777550488108 -0.251121136419206 0.257739228481241
0.0520280680964466 0.0103004205065147 0.067034953291354 0.150854235705249
0.00936631621975387 0.0248371823152163 0.126768362766961 -0.132367307959725
-0.0112872407835075 -0.000463102491989314 -0.11122527142392 0.0916245530845965
0.0585493239563834 0.00836134267168382 0.0533816791748048 -0.17618223055662
0.0585542388790119 -0.0184675884863212 0.385908093589648 -0.169044356178477
-0.0381417266105223 -0.0368870154669421 0.437286342121502 0.337413675266588
-0.080659578050075 -0.0487269365415677 -0.132242201580493 0.803080646591746
-0.00969632562195951 -0.0834930769207641 -0.774686443078156 0.463413022237241
0.0325707114925419 -0.0162433824400505 -0.543094410424093 -0.0785312252381564
0.0253986101107549 0.00923278262629225 0.0512642975692645 0.0868678339722558
-0.0160740324142146 0.0200865115319521 0.662123397459406 -0.105789582928575
-0.00768945692651566 0.00318161019185791 0.420638508794171 -0.750469923546018
-0.00927623041746371 -0.0241511531623266 -0.343652990289831 -0.732948144551928
0.019721380280998 -0.073639045197303 -0.552868809688088 -0.0637285016375382
0.0482322192729302 -0.0734170089762083 -0.199585891545946 0.263540827159825
0.0427724196920873 0.00931211409838777 0.0971172919299033 0.150268482766108
-0.000818239470971359 0.0182186531525982 0.120931243816842 -0.134936491990045
-0.0207220561804558 -0.0124418591927044 -0.115940343897062 0.0948298859603117
0.0416864169957608 0.000696339400535049 0.0730680247452491 -0.167349408996147
0.046010947621537 -0.00611717069953174 0.406580373168716 -0.151753417845707
-0.0324628077957489 -0.00921912440991867 0.410077065071968 0.362838309982273
-0.0725233897929423 -0.0227255744040662 -0.213899151534388 0.796399764243142
-0.0229800797931939 -0.0676332272300469 -0.822884254902218 0.411659600604057
-0.00710515358279105 -0.0261136055322688 -0.536116468181113 -0.0952729889004431
-0.0198270876485333 -0.00263267760840983 0.0703912528870867 0.100004848058875
-0.0488962273517579 0.0310067176824229 0.656318182406076 -0.13343899450797
-0.0117435937288274 0.0290585491547554 0.356095350318963 -0.77325730825183
0.00739653473481602 -0.00186587271630219 -0.402170985832583 -0.706819370949488
0.0260881846871914 -0.0585224032029054 -0.547312197060723 -0.0347581796805047
0.0358527114826645 -0.0633058274011859 -0.162931668998217 0.266245609257263
0.0248996138410226 0.00495861041293543 0.11823625786036 0.150743573500519
-0.0122433446383266 0.00876274512338578 0.114766321042007 -0.136542712118229
-0.0316902522515424 -0.0220804085786711 -0.119210489279271 0.0986300193586941
0.0171517400698597 -0.0038877551478971 0.0755715906156296 -0.158866446289269
0.0323925175893077 0.0114782213708981 0.411164417522979 -0.152058139565379
-0.0247997109650883 0.0246931796345229 0.40156649437521 0.361190045582349
-0.0629458258712472 0.00788530301451052 -0.239559489855747 0.791168104575117
-0.0437024168215953 -0.0531614008829529 -0.839771221517487 0.396162509420195
-0.0520261072314075 -0.0420002290131768 -0.542620208734445 -0.0942010380198264
-0.0684508250340753 -0.0182188651399259 0.0675661964049815 0.106356943818223
-0.0816559007257613 0.0410904489320191 0.644222059996076 -0.137210692740115
-0.00745705103174834 0.0592701872217403 0.331466055672237 -0.774622503086097
0.0289100384108213 0.0259276623213941 -0.421417436839665 -0.701762203316968
0.0318904124046714 -0.0335438789627968 -0.54402926164571 -0.0300911242373874
0.0169433933463655 -0.0498338232791477 -0.149269746851273 0.266038957396061
0.00253566687790581 -0.00257473974145871 0.126255821959747 0.153134141492708
-0.0224765889975859 -0.00217965246386768 0.114110541807296 -0.136687518168773
-0.0418133700283684 -0.0295345475967018 -0.121941482163968 0.104389240830877
-0.0102699150522267 -0.00805869625402242 0.0649033767420507 -0.151557869642511
0.016092978715694 0.0302377602117438 0.402575051417167 -0.163834805574132
-0.0157838734032556 0.0592134028116572 0.412187253128022 0.337450903027134
-0.0490732927471658 0.0381725036184767 -0.209728845706688 0.785217251629533
-0.0631163682301936 -0.0366499639065044 -0.823417199866897 0.425274610593383
-0.0955223979277298 -0.0567320003145198 -0.563404388092133 -0.0786885680911182
-0.111427875559718 -0.0347805544801144 0.0420329027781421 0.104851037548753
-0.111663778462069 0.0458352498771476 0.632847431368231 -0.111972163630984
-0.00467497037888633 0.0862655886782109 0.355025213755181 -0.758437875217301
0.0496236114786313 0.0582895769134872 -0.402911757012294 -0.7214129960715
0.0358742165991551 -0.00348264043181113 -0.549823717856824 -0.0490067725095322
-0.00300930734022342 -0.0352374006164208 -0.159844638735285 0.262454153322675
-0.0213652653095046 -0.0119369407770441 0.120787382323248 0.158140250173323
-0.0300496164173245 -0.0132128670797704 0.114700596152709 -0.134395697988875
-0.0493245259860259 -0.0339879767052984 -0.122262788648711 0.111109415315848
-0.0382753771516978 -0.011055244285036 0.0426126737684541 -0.14617619654381
-0.00148059434318127 0.0479017035026149 0.38346012371398 -0.188503118894174
-0.00644033268814762 0.087516867462467 0.442581190488 0.288186697229868
-0.0307381642699986 0.0647034527350904 -0.127023274527622 0.780927779729142
-0.072575367046829 -0.0181312631565702 -0.77587780380594 0.488577650092804
-0.124866442545336 -0.0618679376994849 -0.590105303260705 -0.0479443919820722
-0.141868839153742 -0.0503587546547905 -6.97686713502302E-05 0.0971532032386228
-0.13688550915959 0.0412540665680893 0.618808762919625 -0.0661361921466204
-0.00559984255758122 0.10656823485399 0.417810497138454 -0.720994582099479
0.0664481846076369 0.0885484494921651 -0.343247445727935 -0.758211789297667
0.0396063470729635 0.0279119769659572 -0.561237550934012 -0.0910486237193155
-0.0217429469438473 -0.019438059549771 -0.1969892649161 0.256195679290817
-0.0426420611080752 -0.0196723779848109 0.101490440675264 0.163039518166749
-0.0345688083970805 -0.0205237101076588 0.118530027020489 -0.130307971636512
-0.0535104285727144 -0.0356734775854233 -0.12000471039929 0.11659400410385
-0.0597265295970261 -0.0129970324702901 0.0100023078388108 -0.143467960724206
-0.0188145816878097 0.060632347488146 0.348977785398775 -0.214310416316284
0.000166444964373243 0.107653216870944 0.47416513900451 0.224272791434879
-0.0093000468172718 0.0833876605208142 -0.00697052063997974 0.767609014201031
-0.068227493510426 -0.000380876829553747 -0.694002335147014 0.571586462923834
-0.138002485331685 -0.0573091038328385 -0.61946601566777 -0.000547913425367166
-0.155741553015284 -0.0635905326785929 -0.0553706344648353 0.0815311095770784
-0.151714349401189 0.0244387418805274 0.602524661713473 -0.00565155135099645
-0.0125751980603998 0.113464388328022 0.510205269755314 -0.659198809007315
0.0748310643731815 0.11124027222751 -0.243473034760811 -0.801658689871203
0.0432204407649237 0.0574186245652072 -0.568117911308633 -0.152264500809937
-0.0337121822895254 -0.00298468219475556 -0.252065875850639 0.244312302696375
-0.0589033520188118 -0.0229446629752704 0.0688741507625081 0.168242384037335
-0.0366474378989511 -0.0244741549505171 0.121694618542538 -0.125419342954821
-0.0515674857063606 -0.0331009706430435 -0.114746652739237 0.118634950913471
-0.0712810063312276 -0.0133458062371916 -0.0249480361970548 -0.144713704287837
-0.0320362655753941 0.0669930262436304 0.302212557366263 -0.23896604410362
0.000479044263576301 0.116240739633499 0.49546667715845 0.156123653470032
0.00889469771680805 0.0896470332830668 0.119037824386664 0.739515919955918
-0.0545257818543566 0.0116075592161075 -0.588163427543693 0.653783425273833
-0.130785874259963 -0.0468467646195158 -0.640372394485066 0.0560684817231491
-0.151624588891221 -0.0701360139258658 -0.110999870099794 0.0634600732389072
-0.153782569727941 0.0021134897596507 0.578112227137762 0.0555560234038774
-0.0204635803036478 0.105041072549873 0.6113073912295 -0.578014018616169
0.07338790552799 0.119987826327711 -0.115802750005537 -0.835310903616681
0.046725977126534 0.0776542827722978 -0.559163053148493 -0.224566350809035
-0.0367685181349456 0.0101777072193386 -0.311387668860932 0.227032327371049
-0.0682326824793591 -0.0212617802870246 0.0284985556241356 0.170178426041064
-0.0342390872862224 -0.0235231247232351 0.125618434029994 -0.119798194502692
-0.00374712935264034 0.00997728536600264 -0.105639396778487 0.0919627120796173
0.0677104061277251 0.0152331963765112 0.0223432421186657 -0.186507164644035
0.0641970528867235 -0.0223014751696141 0.349398405236806 -0.198604031467336
-0.0411122940123574 -0.0520548113052493 0.474552977111892 0.288895148575302
-0.0862217639608056 -0.0657745440193128 -0.00869990666016523 0.806949368548337
-0.0071986147053298 -0.100460229550302 -0.69199275698938 0.552249093229253
0.0616985648419052 -0.0183866202120958 -0.561821244241414 -0.0411889103149695
0.0629930590653969 0.0149994134482503 0.016638064951284 0.0697679640056216
0.0141605276694734 0.0136989426969493 0.662196434760982 -0.0684469606310211
0.000255554007801168 -0.0150581833585018 0.50075952867278 -0.713976334056349
-0.0191368598138443 -0.0382638589258422 -0.267095948432036 -0.768560034258592
0.0110804194161524 -0.0803723862972768 -0.562750360232911 -0.103717112810014
0.0513448004344437 -0.0795669902013769 -0.248062094157032 0.263134271925817
0.0519088723385207 0.00860641697660578 0.0688996873896092 0.150240808826528
0.00895481061727357 0.0247838931865213 0.126267402242315 -0.133547732514588
-0.0111814092295329 -7.98002386128253E-05 -0.11086767929145 0.092002596851535
0.0590959638482227 0.00746804439376529 0.0503947678955014 -0.177748900878387
0.0580741584174143 -0.0193786646360083 0.384146658981148 -0.175394756854155
-0.0390141412951245 -0.0362265735293072 0.443854961342127 0.332121077366881
-0.0811461615836054 -0.0476398758830698 -0.122044526347272 0.808815148429589
-0.010789547625392 -0.0838478396561871 -0.769242513833326 0.475354165011316
0.0330282354589927 -0.0171611016285107 -0.546438433698237 -0.0730516473189237
0.0255289809011009 0.00933468452166731 0.0527026285484535 0.0863415470249287
-0.0169239577755092 0.0206202641914038 0.661579953277505 -0.113886169484785
-0.00839863550816833 0.00346612905611593 0.410517908441924 -0.757459534809733
-0.00931184542652313 -0.023443573622556 -0.357394006398303 -0.732047022625919
0.0189756275821502 -0.0745207438941619 -0.556344861175406 -0.0552987219818117
0.0479100356658315 -0.0735263212616358 -0.196934196211916 0.26804249855843
0.0418016252775717 0.00812422368074527 0.0989064544645145 0.149266290522176
-0.000744756961637357 0.0177495422110482 0.120900519170601 -0.135820704929994
-0.0201151005079902 -0.0119206823660407 -0.115440567132114 0.0949079116887395
0.0415165962859308 -0.000586982195441252 0.0701754829063445 -0.168776477657709
0.0460577619162766 -0.00656560629812553 0.404770600746752 -0.158373514396117
-0.0326641251228338 -0.00814845537038829 0.418382172980973 0.358970775405563
-0.0729560733367178 -0.0225304006042394 -0.2021763288471 0.801585650507137
-0.0244496443672574 -0.0667281132290323 -0.81701088370469 0.420330793367711
-0.00727723893467772 -0.0254411102736394 -0.538408961031079 -0.0892530063611683
-0.020453067200716 -0.0029281332380696 0.0719062773319186 0.0997759443777977
-0.0490047825045695 0.031347775001729 0.655047987775868 -0.143643728599735
-0.0103953233361726 0.028999150166071 0.34381249779537 -0.782009126752262
0.0073895992765601 -0.00286947920190713 -0.414271466867297 -0.70347755528358
0.0262779608911053 -0.0583159677377881 -0.548029819918028 -0.026018591844693
0.0351269000969738 -0.0640541946988725 -0.159698294211489 0.27031349256324
0.0246022530232203 0.00389541179794529 0.120190086945131 0.1496304207365
-0.0121887977734212 0.00898845724833368 0.114908963935984 -0.137803518344102
-0.0313667108676226 -0.0213505827899373 -0.118786589489757 0.0992926263827717
0.0164476140358668 -0.00440120523257713 0.0729437913652683 -0.159700504161483
0.0320476528462128 0.010854286085787 0.411329374244898 -0.156495155426533
-0.0246174595343962 0.0255296742649842 0.409111682338742 0.358449157555832
-0.0624630734105649 0.00779566382926669 -0.228782307823019 0.796943980517044
-0.044883957662878 -0.0520027929745885 -0.835124179440542 0.408929653727168
-0.0531003054096765 -0.0417500910477025 -0.546320334768195 -0.0871386072646384
-0.06810936194771 -0.0165525870436565 0.068373762069017 0.106156947071444
-0.0812450125663879 0.0424901505409676 0.64401495487752 -0.145639852020858
-0.0075337234808482 0.0593892887407555 0.321074346738837 -0.783471129224324
0.0296929373540845 0.0254759385839185 -0.434790782824767 -0.700746737553185
0.0318340506012639 -0.0336821743247533 -0.546649175793255 -0.0227365159608189
0.0162845161477843 -0.0509895955017916 -0.14540805361483 0.269240897631615
0.00256693091955559 -0.00379973607733039 0.128192411954721 0.152253804408919
-0.0222457851973309 -0.00214335057748403 0.112912334499071 -0.137491711788649
-0.0416834012729725 -0.0283608408567623 -0.121218854655533 0.105416637551329
-0.0109034343069327 -0.00735357295759739 0.0621947808454615 -0.152783450590265
0.0165460499657327 0.0305859124668317 0.403061155611854 -0.169493432795438
-0.0145922467648289 0.0596503302682375 0.419497604054765 0.331692421793099
-0.0477544872752359 0.0377672101368966 -0.199205027898494 0.791581117015907
-0.0640653489689039 -0.0359150866426458 -0.820301931419128 0.437134665966708
-0.0954719227300095 -0.0556775098348686 -0.564849364136798 -0.0725269108216217
-0.111846630897785 -0.0326835599725788 0.0446844932787172 0.1050528818298
-0.112151556729879 0.0474709959648521 0.632807899611622 -0.120484321327966
-0.00424400739491837 0.0874956083072443 0.345644978258361 -0.765437159134543
0.0512369828268915 0.0569746665239769 -0.415980693179593 -0.71862404491452
0.0360105962553549 -0.004635158264928 -0.552776985164229 -0.0407484348185013
-0.00474806293064784 -0.035650641858906 -0.157730409953209 0.266966492714153
-0.02154607978123 -0.0121430241221224 0.122314310446485 0.156485216867737
-0.0303865528799205 -0.0124056405771522 0.113793901124868 -0.135569483441242
-0.0494852076773079 -0.0327438183097021 -0.121915438808041 0.112154731941897
-0.0372939491097466 -0.0102892838177664 0.0393847684012533 -0.147615999413261
-1.72694032172915E-05 0.047907022444757 0.382584765477312 -0.193885947949912
-0.00544450405005737 0.0879326584947037 0.448164465040704 0.283018179243954
-0.0285498518604019 0.0644248769154979 -0.116089414057673 0.78661976853186
-0.0728039823073584 -0.0171081419221258 -0.770762180066244 0.499139795862262
-0.126523805810189 -0.0598867330045126 -0.594448553147864 -0.0409283283007183
-0.143298868145051 -0.0489497196617724 0.000821456858287085 0.0977519200742059
-0.136587636092115 0.0439417590158012 0.619261257605725 -0.0747828837735656
-0.0051876546515081 0.106689719052453 0.408717249651674 -0.72750493466646
0.0678172493961218 0.0874973986346729 -0.354611264060001 -0.755845548944624
0.0405882505593325 0.0270185154594801 -0.565728589502097 -0.0827808661076318
-0.0218831290634085 -0.0191859270976563 -0.193853361119957 0.260327549492574
-0.0429426300161595 -0.0193267298679645 0.10352239203161 0.16295600400407
-0.0348560517206255 -0.0194970365654435 0.117287880515074 -0.131302196558169
-0.0529697702980851 -0.034465803237514 -0.120232897569625 0.116845182916467
-0.0594025263184444 -0.0122012872491094 0.00752682394628743 -0.144570039191041
-0.0171489490310572 0.0615507938062477 0.346604668472856 -0.220098395776137
0.000753435053041304 0.108162752014867 0.480045924993758 0.218833923866966
-0.00777341800728973 0.0826673182061413 0.00107609636387824 0.771126340600756
-0.0693905054664736 0.000244997028711308 -0.686910657857604 0.583045257422368
-0.138583832468878 -0.0545891467816247 -0.620217091036156 0.00878564655279774
-0.15721180009819 -0.0609848306854685 -0.0541776080291691 0.0841784119594375
-0.152783945916878 0.0266904496587533 0.605055992565054 -0.0130095938472063
-0.0115325315425641 0.114354772789648 0.503419719836772 -0.667767915766068
0.0758124229509839 0.109172298615271 -0.255865991250345 -0.800629466888989
0.045106093851156 0.0562743813780983 -0.573308034059087 -0.14517416788178
-0.033374172837219 -0.00368276316642454 -0.250153558923745 0.248784606381154
-0.059233810685017 -0.022185784628883 0.0711319473061819 0.167518963011766
-0.036982115691999 -0.0239774376111099 0.121179296762331 -0.126254113281854
-0.0522756500958264 -0.0321137224367138 -0.114093073899527 0.119996981922497
-0.0716694952136447 -0.0117320645830135 -0.0274008895372056 -0.144587065675953
-0.0306351144707919 0.0668527982022797 0.298946299894683 -0.24396174875195
0.00221189779891324 0.116023510355473 0.501226125026536 0.150372354070239
0.0110001407369262 0.0899333118329419 0.130419161139216 0.740267113083357
-0.0541579666844465 0.0119063668057514 -0.58111397773539 0.661278001060899
-0.132186437720033 -0.0434234977031479 -0.641224259467442 0.0642581989665323
-0.152549095386373 -0.0684314561555718 -0.110810372477723 0.0661825669300643
-0.155216627795641 0.00354962243101972 0.579732324917201 0.0489850333121949
-0.019816087501011 0.105286251965491 0.604392937416403 -0.587491216174549
0.0754413587796196 0.119717100459451 -0.12805261174609 -0.836547033261406
0.0483480791353654 0.0757058558565807 -0.566978795178278 -0.215638523692772
-0.0359838979714001 0.0092744103900997 -0.311054388323344 0.232610458907886
-0.0686304375471262 -0.0200423119349212 0.0299140743686731 0.171082811381961
-0.0346437640871332 -0.0226861917039798 0.124027130841272 -0.12084355685096
-0.00313668190189332 0.0105476102010349 -0.105558910661122 0.0925628570552724
0.0674630303586324 0.0141155756209408 0.0195642444565048 -0.188433686866677
0.0640731757347368 -0.0233651963987463 0.347502099490897 -0.203942557090652
-0.0426429417370121 -0.0511464387095138 0.480277341392824 0.282479514055302
-0.0869848543882311 -0.0650390916820933 0.00214965140241452 0.808923228674609
-0.0078561989050301 -0.101043041520965 -0.684863053354441 0.560673210161372
0.0617251898934342 -0.0191306439946356 -0.562834987745813 -0.0340834496850541
0.0636083717080626 0.0141219533097078 0.0173483767661772 0.0705438802782084
0.0146175967992896 0.0137161587465599 0.661763812987505 -0.0763679282147518
0.000303717118017237 -0.0148871797589648 0.492846528685736 -0.722994551329197
-0.0188931917637644 -0.0376363466076092 -0.279254912769022 -0.766720950148073
0.00964821953981927 -0.0799099107634727 -0.566540001252849 -0.0956333069616034
0.0496392159571701 -0.0799485790277278 -0.244688593089592 0.267240962083052
0.0514186075898011 0.00801774425071986 0.0712714992772244 0.150881558970789
0.00944927644277849 0.0244863287773947 0.125814072706158 -0.13487830834805
-0.0102315489615275 0.0006100207194394 -0.110841218278332 0.0931620219791008
0.0590431553071928 0.00653571732080312 0.0479042648211101 -0.179105899194077
0.0568813104258847 -0.0198745358053195 0.383433094821462 -0.180363422478121
-0.039910255733603 -0.0350236242145249 0.4503453810667 0.326092603088826
-0.0809212934698858 -0.0461202520043081 -0.11005918406736 0.809833612199492
-0.0114362347698587 -0.0831586959355685 -0.763722005671507 0.486067546654744
0.0328925334898238 -0.0172117000500127 -0.548426594026908 -0.0665273591661895
0.0261081495647479 0.00908683974376535 0.0539810782388328 0.0869046151118201
-0.0160838630096894 0.0204664700707862 0.66018717479036 -0.122523677688074
-0.0091869151252153 0.00273137126349825 0.399791932041054 -0.76329268481082
-0.00927134407798953 -0.0241064812022238 -0.367700390552064 -0.726407989135961
0.0183677369674717 -0.074027241753773 -0.559257377949463 -0.0472525343812533
0.04576597484236 -0.0748710129293323 -0.1942974578747 0.271964127673075
0.0417291164373091 0.007226655521038 0.10126345600873 0.149134096998567
-0.00061412288991826 0.01836217779686 0.119831809075289 -0.136890813967903
-0.0203446534780875 -0.0112635036442569 -0.114938242680057 0.0953395055828459
0.0420062230405008 -0.000974844469620329 0.0675747799406796 -0.170228947263147
0.0457245844987996 -0.00790484178614807 0.404303065469461 -0.161765335082213
-0.0337325532151901 -0.00720758144715232 0.424706127160657 0.35533249018683
-0.0725601422320115 -0.0217024988986134 -0.191760931411963 0.808079295205929
-0.0237390606487545 -0.0670173541104074 -0.811959152616974 0.432985589055104
-0.0073280259822542 -0.0251159510368492 -0.53881574434431 -0.0816951222817768
-0.0199341752355101 -0.00118520130170074 0.0722182767310768 0.098646522002696
-0.048063481553118 0.0318547908386209 0.653299711286647 -0.152064725975943
-0.0102172084180987 0.0299071568689757 0.335173521118402 -0.788069399494609
0.00722866701928744 -0.00242033117359197 -0.424994161281842 -0.699139992495054
0.0253611418999749 -0.058985387595932 -0.549683158358701 -0.0170481767789079
0.033600412200151 -0.0643233510166579 -0.157966992503466 0.274281331624756
0.0243267849170202 0.00295124152955772 0.122053884375452 0.148928808171498
-0.0117296740873416 0.00873779630854726 0.113950047800613 -0.137952136699739
-0.0314564863576509 -0.020398724403861 -0.118282883428258 0.101002579819063
0.0169634402693843 -0.00497568349207852 0.0705176227045494 -0.161670034046605
0.0328747714027389 0.0106530180902407 0.409792478895303 -0.162291263008211
-0.0246087960898705 0.0264385394530057 0.416341734426628 0.35383240960431
-0.0616653383479735 0.00907724343372254 -0.217485030718541 0.801515962625333
-0.0454607375143183 -0.0521598381688596 -0.829639614913925 0.420174252298882
-0.0531469619095375 -0.0400257575609286 -0.546977291148006 -0.0823743310819776
-0.0686168204065134 -0.0156442812923279 0.0691536138512773 0.105797503951433
-0.0809329452028385 0.0434156048021641 0.642968463996819 -0.15484998747139
-0.00676653669548148 0.059101416803508 0.310880245495699 -0.787344745140819
0.0307579754801876 0.0250518344857988 -0.444789481544215 -0.694545935057076
0.0314953239328581 -0.0347092499091918 -0.548344278410745 -0.0106880714227738
0.0151421807156104 -0.0514417146781633 -0.14253184800264 0.272648700179725
0.00222504409605162 -0.00400061136872864 0.130791663041587 0.151369395214887
-0.0227416284448698 -0.00186481882858247 0.111752481215333 -0.138182224163501
-0.0412812016899549 -0.0275938142222713 -0.120679796322471 0.106048965817991
-0.0109058890887017 -0.00807702827812118 0.0601116475227087 -0.153517640115735
0.0171464646428033 0.0301712651202477 0.401866527945371 -0.174790177189769
-0.0141198393564011 0.0591211863575575 0.42625500116715 0.326894790098775
-0.0470270137175707 0.0382255772511315 -0.188340190368137 0.79648836668395
-0.0649641108895077 -0.0354393771350591 -0.814312207314961 0.44781000214786
-0.0968192269367971 -0.0541782037849567 -0.567588458605071 -0.0642012568391781
-0.111795445075063 -0.0316712260354701 0.0442435829711516 0.105292524101061
-0.11075358493777 0.0492285858498468 0.632256198163463 -0.129939049569325
-0.00371677301078685 0.0872718216238805 0.335150789209757 -0.771797400165789
0.052656448717632 0.0564866471630576 -0.428529015720693 -0.714252379336356
0.0371346841585922 -0.00514357867395122 -0.556804898306587 -0.0323919845231122
-0.0046723606554497 -0.0355557863421354 -0.154526734154098 0.269812848162815
-0.0222413102178261 -0.0117659107372455 0.125000695749927 0.156064160192208
-0.0304323612984308 -0.0123276915031682 0.113175205319567 -0.136147227080035
-0.0494559599043222 -0.0326834194242508 -0.121773393652697 0.112952761064499
-0.0372247670338814 -0.0100407097338476 0.03714252526324 -0.147472223979257
0.0012118929417652 0.047879297975848 0.38030433769965 -0.197797333953676
-0.00355682263792517 0.0881436031793646 0.453630708434156 0.278194810328304
-0.0276955114943144 0.0641496404626536 -0.105534016364954 0.789739541111655
-0.0738447987628709 -0.0167275987950444 -0.764042435452486 0.512314319504734
-0.127543646420491 -0.0573818405263425 -0.594600584410714 -0.0333810649635839
-0.144274368225426 -0.0471193499718065 0.000940516072799941 0.0982930570933465
-0.135949795357776 0.0452321330308744 0.61943469789211 -0.08095877869367
-0.00404796394414684 0.106931616702253 0.399365654087096 -0.736198892287622
0.069101555390587 0.0864003313836657 -0.367210199102902 -0.752102551921518
0.0411052190478934 0.0262055577306175 -0.567646269661977 -0.0736402698288657
-0.0224439142471404 -0.0194744363647102 -0.191037998749801 0.264529639823769
-0.043359863505525 -0.0186211034587147 0.105338258873711 0.162606321380104
-0.0353904351855401 -0.0193069935185868 0.116114170089203 -0.132171175908067
-0.0528662110438482 -0.0331342282082027 -0.11817425683178 0.118153335899458
-0.0583870715147818 -0.0107583555620102 0.00548116622617963 -0.145339590282255
-0.0158826480984159 0.0611003919636497 0.34451398148859 -0.225084691690935
0.00262254268418815 0.108392453429296 0.484387624717103 0.211780881468213
-0.00582421583985436 0.082815005201587 0.0148349070696696 0.773160410547651
-0.0692202072463682 0.00151328105621465 -0.679385180711451 0.591787584516143
-0.139891220569449 -0.0516934692834491 -0.621569963177929 0.0157094766364833
-0.158266200146339 -0.0589275174983063 -0.0535947945169369 0.0846717956986113
-0.153460116682913 0.0297454307434075 0.604240510683252 -0.0196275672054446
-0.0104525393512953 0.114502275522058 0.49447450780062 -0.676014958114176
0.0776133638254323 0.108434674200671 -0.268778991410473 -0.79699261502049
0.0470360549349904 0.0547012470663455 -0.576528012145998 -0.137133925240648
-0.0327271723671928 -0.00307959273919043 -0.246813620828636 0.253605177160994
-0.0603502894796589 -0.0210541520803503 0.0727353535956526 0.166864462193098
-0.0368741233915034 -0.0229066849008913 0.11989186829007 -0.127087498132616
-0.051422657519387 -0.0310812031225548 -0.11371983203331 0.119961308877152
-0.0709066879681358 -0.0114433592237354 -0.0304136504823463 -0.144436874971137
-0.0295709208538435 0.0672985400154691 0.296926306794424 -0.248394928682448
0.0040263110906456 0.116422349777279 0.503991010630516 0.143554101516142
0.0118407847729804 0.0889005231031961 0.141772321266205 0.739358512066457
-0.0541899498061564 0.0127809280978008 -0.573354828005902 0.66982083454188
-0.133504684311933 -0.0419096668592555 -0.640890152019249 0.0729305882884213
-0.153996680519233 -0.0660768735808548 -0.109934077463355 0.0679692637082264
-0.156636863783199 0.00584031472196899 0.581400120085048 0.0425160038642262
-0.0189165925916518 0.106475717509689 0.596131371810063 -0.597092117436705
0.0778044159631196 0.11765112830426 -0.141755660465483 -0.836689124578572
0.0500588768599192 0.07492435143314 -0.570118880621245 -0.209154948660406
-0.0364280623821664 0.00934822394354074 -0.308452125141322 0.2393074583095
-0.0692996607587014 -0.0190491283385846 0.0323132306497649 0.171372766172486
-0.0348143677606667 -0.0225138530520011 0.123128793473047 -0.121593732407755
-0.00295266952372582 0.0107047488758061 -0.104653915495789 0.0929865267310324
0.0676277189218122 0.013238452547705 0.0162919480906724 -0.188892823649688
0.0642129660440182 -0.0237448485404854 0.344810768517982 -0.209381327034379
-0.0433774319495343 -0.04908854017943 0.485004449257158 0.27727018844556
-0.0873156149769846 -0.0635549582928577 0.0119257469525429 0.808469963390262
-0.00889886193796289 -0.101221417313869 -0.676356100004741 0.569383430103764
0.0617411044316804 -0.0200067341802395 -0.562434562071791 -0.0283060178236655
0.0641757570220579 0.0127370156089674 0.0182101827016243 0.0705039993257732
0.0148391064105528 0.0141161947485008 0.658995857462805 -0.0825101326359082
0.000165880913703578 -0.0153122701560281 0.481964971708348 -0.728293861495705
-0.0187770342659431 -0.0372161026354762 -0.292756159550731 -0.763528386145928
0.0097161052707021 -0.0807659218458428 -0.568001639329205 -0.0858456942475434
0.0477560599838572 -0.0810342252636931 -0.241095327647026 0.271498794059629
0.0508791703849647 0.00708932856575355 0.0728384298479942 0.14946734229993
0.00908505293855225 0.0241214897514745 0.124619223116769 -0.1351487929247
-0.00954473290984824 0.000472460920453048 -0.109730199119642 0.0930118186622142
0.0589269102241909 0.00579350783737747 0.04443462859114 -0.179969074930381
0.0569370583290531 -0.0206532915779027 0.38123712450995 -0.185600002439527
-0.0406636516895452 -0.0337549211464808 0.456501224505096 0.321321498089885
-0.080645327946287 -0.0450368252671557 -0.0985607283291796 0.813027777482436
-0.0123108379223715 -0.0836911193295853 -0.755758060933492 0.496302978331531
0.0325626250302194 -0.0176250198988833 -0.548629269651169 -0.0590167396878365
0.0269771398036962 0.00878221371607961 0.0541424259154908 0.0857956594647799
-0.0154053937504829 0.0209099122678042 0.658816791142211 -0.131924503593197
-0.009402798593827 0.00330786483322274 0.389981186923876 -0.769703990432389
-0.00941611592091918 -0.0235288685229807 -0.380659624768608 -0.7219602797678
0.0175614183939994 -0.07418139828975 -0.560540464750061 -0.037994762172736
0.0444527485733085 -0.0752461218521444 -0.190341855520753 0.275559522624457
0.0417067230700498 0.00639473600122205 0.102729373453731 0.147746098892696
-0.000598742299541548 0.0179521424322532 0.118248724298181 -0.137586472152441
-0.0192985206564421 -0.0104929445713618 -0.11432207942182 0.0961248700746435
0.0419021488001559 -0.00123141763744027 0.0640599259490486 -0.171874730383259
0.046125920934774 -0.00796949054810094 0.40331374176308 -0.169089301675041
-0.0337850247636365 -0.00591369921741577 0.430303641796135 0.348758847771278
-0.0713184608063657 -0.0205669462051307 -0.180370715976141 0.809624401145043
-0.0251476945163963 -0.0668674682859028 -0.805277205386502 0.442718373069724
-0.0076138553436632 -0.0250202489327992 -0.53995842113123 -0.0748805291632393
-0.0192751639232732 -0.00145705150430429 0.0732410374171993 0.0988022463253209
-0.0475082233177467 0.0326867273385324 0.650690630754076 -0.160079723597749
-0.010263520079232 0.0296668955236419 0.323152603278351 -0.792850491596893
0.00887979222878014 -0.00222090600858154 -0.436913775031215 -0.694427866363434
0.0258121432769435 -0.0592926636753024 -0.551477094164233 -0.00830843893701813
0.0318284409098877 -0.0652930270595156 -0.153413372397145 0.27688012518094
0.0236745327682581 0.00246036192359176 0.123694778444853 0.147236717034395
-0.0120163522632266 0.00909334159343983 0.112530414904509 -0.138598612673573
-0.0308057413116242 -0.0197985736549898 -0.117546931533839 0.101179847100164
0.0170043893264145 -0.00517667193045599 0.0674211169676597 -0.16219543927286
0.0330361501941607 0.00996006603497578 0.408349625897632 -0.168412531007826
-0.0243883444815353 0.0269897193255673 0.42195944149066 0.348531352968599
-0.0609502918564547 0.00894762349369652 -0.20806665004796 0.806645968291275
-0.045552220133017 -0.0518655197002223 -0.824779488175474 0.430311018084059
-0.0543775971884698 -0.0386413421052241 -0.547893214835201 -0.0747375766301692
-0.0678904083570393 -0.01459067539357 0.0695509944858902 0.104577311639593
-0.0803225113353471 0.0445988714448892 0.640511973196133 -0.162923770342687
-0.00636198852476143 0.0589974723991881 0.300023970392758 -0.792382431286795
0.0311298794447312 0.0252184661832409 -0.458630692137066 -0.687394026262834
0.0322841738079348 -0.0349127929315526 -0.550190389108238 -0.00277200528632195
0.0143254966137435 -0.0512359455646025 -0.138729766692721 0.27557143665912
0.000947483962903855 -0.00378715945726763 0.132115485751 0.149749406244077
-0.0224654019846649 -0.00120748536065186 0.110498125834889 -0.138994009183782
-0.0411345760804351 -0.0262458385906338 -0.119840122653993 0.107682148446161
-0.0101496098671895 -0.00834391966511401 0.05683476797495 -0.15475688151764
0.017559248061604 0.0306365812857734 0.401663761873765 -0.179688682345391
-0.013276553557278 0.0601651089856456 0.431706029212331 0.322321721337357
-0.0461098637788413 0.0387746909626255 -0.176802460649736 0.801393272047347
-0.0658717072146446 -0.0341487898591662 -0.807213351256462 0.458891082574532
-0.0967512308330384 -0.0522305870692952 -0.569540962784025 -0.0585750547167051
-0.11224530713076 -0.0299510116375604 0.0447673801160363 0.105813420015518
-0.111165105513129 0.0509122099070747 0.630141212006459 -0.137089294334032
-0.00201374379144231 0.086998172090938 0.323965349020618 -0.776733750080274
0.053599147272807 0.0556132138210938 -0.439946951841081 -0.707798140664493
0.0373225626945702 -0.005835649880343 -0.556426341322118 -0.0221220211487066
-0.00525213223349099 -0.0364020881656289 -0.150202462247925 0.273244802319711
-0.0221356823739653 -0.0122016068975928 0.126854130289473 0.154543080885658
-0.0313798737052514 -0.0110343421439662 0.112184255460223 -0.13650163961852
-0.0493315246853943 -0.0310058992163416 -0.120034294433251 0.113306991049045
-0.0368601723926895 -0.00928787552598581 0.0346599655515983 -0.148320634555547
0.00162720278885132 0.0479294958697782 0.378771531950662 -0.202332451843742
-0.00202821748836397 0.0888787474999294 0.459752413871518 0.271061435303927
-0.0270371794798895 0.0637536783584715 -0.092013418305708 0.792942147535131
-0.0741936400849644 -0.0159233635704301 -0.75556785272217 0.521304815756249
-0.128244554275945 -0.0555915661933022 -0.594669664177392 -0.0260329471220112
-0.144348438173085 -0.0451985522454945 0.00209910096457142 0.0988943813562981
-0.135937288778998 0.047473432190337 0.618782179098767 -0.0903867637278512
-0.0032222528634691 0.107692274642747 0.390300318637798 -0.741360565521431
0.0702901835433349 0.0857716019200225 -0.379968417804789 -0.746066738046307
0.0423177463706625 0.0254364156412942 -0.568788453357326 -0.0655120787026877
-0.0231514352976448 -0.0194614483134279 -0.187674741226359 0.268563161198717
-0.0438126973738115 -0.018145736006563 0.106747553484699 0.16093073745246
-0.0358693665851267 -0.019080347542557 0.11500147943988 -0.132795946816236
-0.0528950886176409 -0.0327087801843264 -0.11770223004324 0.118274995851625
-0.0574670636805374 -0.00986005629061111 0.00275847349229067 -0.145199929851818
-0.0138190814377842 0.0608205790412605 0.340911312802183 -0.228835352783971
0.00521218226706438 0.107106313632996 0.486782146585943 0.205458167325401
-0.00433487429264266 0.0819611041537975 0.0233665479516931 0.772818709431013
-0.0695806856109859 0.00159886607579732 -0.670588965827689 0.600181077984619
-0.140436582249789 -0.0497590949215246 -0.621311481636395 0.0221345343589941
-0.157974406119515 -0.0563999889338333 -0.0531367469952809 0.0859014502577529
-0.152478242846882 0.0316270903376673 0.604179171057478 -0.02837002252876
-0.00957858306674628 0.114625181759846 0.485375051543728 -0.680562010232255
0.0805464557825436 0.107183000536109 -0.2830334439804 -0.793392851373968
0.0478626213797304 0.0538473456678355 -0.578549467673081 -0.1265996826303
-0.0336239451816583 -0.0030528663878801 -0.243094896773788 0.25827832627679
-0.0597871323496344 -0.0200628331200229 0.0745982863016095 0.167380671291182
-0.0368836215884522 -0.0220999943664601 0.119305568333244 -0.127310584355083
-0.0519153101645341 -0.0297306864076221 -0.112161538065315 0.120761633616256
-0.0694976787760286 -0.0105230884135946 -0.0331505259314695 -0.14471583330537
-0.0281560787982835 0.0678390468333487 0.293479884616645 -0.250971983559986
0.00582854219296702 0.116184614123372 0.507208992155931 0.136983569986437
0.0136759625195402 0.0886515144747715 0.151552366613958 0.737377330856141
-0.0546413364825191 0.0133079417104411 -0.563241420645632 0.677497622922692
-0.133318625848424 -0.0391421247984969 -0.640344359392132 0.0801234306695167
-0.154512863234138 -0.0644703672645638 -0.1096759568649 0.0700574264908844
-0.156672921262416 0.00901724328702091 0.581926584589598 0.0339270073960234
-0.0178890618584942 0.106498525844269 0.587854122565679 -0.604245189589116
0.0780517054050027 0.116593280087104 -0.154121398161146 -0.833048847178852
0.051569145651726 0.0735507500668265 -0.574671594951621 -0.199577841103838
-0.0357492758163767 0.00984273371414938 -0.306057257420958 0.243307532034404
-0.0689893274950586 -0.0192159972239964 0.0339678160724944 0.171535107945014
-0.0357931284951072 -0.0217247637898711 0.12216456932802 -0.122263508363576
-0.00160040081331952 0.0111059761487393 -0.104012257510999 0.0931379410189608
0.0674209434922964 0.0117321750087043 0.0132107816102751 -0.18856147698931
0.0620334217718559 -0.0242102594956144 0.341632333881082 -0.213307349177581
-0.0438333972831342 -0.048145924389844 0.490217905287704 0.269877002762612
-0.086997608862376 -0.0619315163508085 0.0245569011486371 0.806910355281166
-0.00966923574968191 -0.100854138442508 -0.666346177875401 0.577033034330603
0.0615022334397354 -0.020710383292922 -0.561349136954036 -0.020610234863934
0.0648802538228375 0.0127930444588224 0.0183538678240451 0.0708640058029874
0.015815693713145 0.0133600082347046 0.656626340029682 -0.0928939801901933
6.80514656031112E-05 -0.0153686344983599 0.471145996425598 -0.735497200441777
-0.0196773558677788 -0.0364119955981687 -0.302188974325968 -0.759125744431248
0.00905444710760099 -0.0802620170718433 -0.570695100315076 -0.0767819640363919
0.0459005953274328 -0.0813111524457883 -0.237906622789069 0.275252859676353
0.0503419094346595 0.00626546450032219 0.0740531689627673 0.148807534225712
0.0097169234022337 0.0241298711424086 0.122687018532968 -0.136340972008426
-0.00907572389362345 0.00145680145217394 -0.108676916718043 0.0934853240692009
0.058855071209665 0.00421827496821336 0.0412945493849051 -0.180016205621211
0.0566470248176201 -0.0212825127382215 0.378810440169456 -0.18997536100627
-0.0408838996776847 -0.0327873145734705 0.461142443585928 0.315278689369845
-0.0807284409537821 -0.0443840052588212 -0.088868860137881 0.814278145956761
-0.0129194072920873 -0.0836045730657921 -0.748315969276184 0.504442044020163
0.0325938304731118 -0.0170719817140326 -0.546829580360581 -0.0538458806279753
0.0272692652581687 0.00785271933856608 0.0547977944945522 0.0862082189275903
-0.0150254359791397 0.0210935946753388 0.65654813914306 -0.139217710201242
-0.00881372473725908 0.00335102234695025 0.377641988065872 -0.774260043696175
-0.0100758182357851 -0.0230478495832717 -0.391205629725004 -0.71560578423821
0.0164176176417986 -0.0744488260728379 -0.561032600061017 -0.0276841119907571
0.0428585547229181 -0.0755955304585931 -0.186796780205355 0.278636927126578
0.04065040153853 0.00556381108217991 0.104651633866107 0.146204721977862
-0.000351294349018039 0.0180841093621198 0.11723005953061 -0.138079531182191
-0.0190366489143483 -0.00980899095898649 -0.113274650126173 0.0971289799333918
0.0412063178153252 -0.00206633037491588 0.0617567528409478 -0.172108444665096
0.045670379610114 -0.0092361093836642 0.399438176931537 -0.173422417334382
-0.0340828209829886 -0.00570567117798518 0.434897583985018 0.342790658766799
-0.0715022121897323 -0.0192386623638168 -0.168741176444394 0.812968856265291
-0.02626136711026 -0.0672902273096079 -0.79789967976115 0.454631951745599
-0.00765506301796964 -0.0241313095338786 -0.541475607172726 -0.0686539711829194
-0.0188540152536464 -0.000821526843775594 0.0736629592543615 0.0976659951773877
-0.0474860151406156 0.0334803245351021 0.647061693217476 -0.168934595976607
-0.0101442093818575 0.0294272653076928 0.312556464860654 -0.79550811523191
0.00826333113207643 -0.002420916729219 -0.447603883455858 -0.686587815633026
0.0252903455887579 -0.0595433430701831 -0.55175060484241 8.77478308766516E-05
0.0310110685144486 -0.0652330426391657 -0.148819369062443 0.279384397909578
0.0232699507509804 0.00222979138270693 0.125340848447697 0.145911973798987
-0.0118268276259605 0.00907938301997874 0.111482896874447 -0.139677869328436
-0.0303235755983692 -0.0191483675237001 -0.11629069796694 0.101855156501336
0.0172542124757203 -0.0059147688302281 0.0646868675742643 -0.16325480038081
0.0334299645912918 0.00888163893528041 0.405105279316079 -0.172448290535208
-0.0238194269908193 0.0277123661365906 0.427589254711881 0.342542483243348
-0.060520517647109 0.00945982007290774 -0.195807847580273 0.808077998499584
-0.0468084798186931 -0.0510596296353645 -0.815974619319503 0.441592691200378
-0.0546116103928491 -0.0376370423081275 -0.547136808555631 -0.0685913661782142
-0.0680898042907192 -0.0138193501138164 0.070983129217798 0.104995361984629
-0.0795182817282825 0.0450519292486181 0.637276512283362 -0.170923426063376
-0.00595340966964428 0.0591372252539259 0.287533218588899 -0.794933004248183
0.0320082864643649 0.0244559146331346 -0.467489245105312 -0.681602574457256
0.0313554572116459 -0.0358592750228041 -0.549744541388799 0.00616229251953286
0.012697787479143 -0.0518784025013886 -0.134627472963497 0.277968209869024
0.000487151232102724 -0.00425031129351487 0.133376048287666 0.148614318951594
-0.022706036248411 -0.00190793030687692 0.109254856607828 -0.139278888351937
-0.0408019403458911 -0.026155158850145 -0.119227224780183 0.108120564958174
-0.0105549893338653 -0.00817461191194762 0.0539462631937434 -0.155563546780446
0.0183390620642067 0.0293032489199381 0.397008148195272 -0.183392020940833
-0.0122631908041438 0.0610321129433476 0.438102952300288 0.317081519023004
-0.0449659519424121 0.0385587655056013 -0.166131963548066 0.804178462445796
-0.0657692439473112 -0.0340514576039438 -0.800118814696421 0.468565921581174
-0.0977777511239908 -0.0510403581079963 -0.568190574342479 -0.0513139214113048
-0.112043935265789 -0.028499809914293 0.0458240053058545 0.104942223415663
-0.109753289028789 0.0522217280948653 0.627919270031052 -0.143705233635776
-0.00131289465334605 0.0867060849138994 0.312697394696459 -0.781290997484373
0.0540642060209694 0.0543148452404937 -0.450317152743396 -0.699853743765939
0.0368952066004923 -0.00660755946410193 -0.557369427887243 -0.0137249560341094
-0.00567840861275193 -0.0357700242332265 -0.146610416872063 0.275777082763423
-0.0231560266806716 -0.0114203090651032 0.127870833912167 0.153600019169998
-0.0309552889464445 -0.0113562322657333 0.109715539589535 -0.137335189655882
-0.0487963046762842 -0.030296917687531 -0.119125931940397 0.114967127438344
-0.0371115605426505 -0.00888938554397147 0.0328697933988094 -0.148735609313024
0.00320846175906702 0.0472496601575816 0.376746576244424 -0.206433951968743
-0.00179016850770353 0.08872330673062 0.464029809143328 0.266086643471157
-0.0245807422212305 0.063957001398557 -0.0808622743998495 0.791851994581189
-0.0748048653102038 -0.0154658880916295 -0.746740604777127 0.530051821635683
-0.128533948210005 -0.0530993698657037 -0.594710014567825 -0.0195635169676708
-0.144467917628654 -0.0424585552841521 0.0030737558620225 0.0996481158737068
-0.135802812020854 0.0486036612783454 0.615988413441591 -0.0961576272999791
-0.00219597931739595 0.107272033083728 0.378199896167721 -0.74398033227047
0.0714584729242534 0.083766312786308 -0.390422784592238 -0.739490600036587
0.0428951572318016 0.024171377064933 -0.570399660443677 -0.0562473324117328
-0.0229324600290474 -0.0194735715840804 -0.183713965556837 0.270439023807937
-0.0438173361127582 -0.0177928479532156 0.108549656129903 0.159787346348724
-0.0369138322828387 -0.0186290801261705 0.113059344965913 -0.132974157569936
-0.052748970279458 -0.0317294305011276 -0.116186151766767 0.119468454214463
-0.0576700459847401 -0.00955878133077756 0.000724773503529837 -0.144634030654062
-0.0141005338218079 0.0603059719205453 0.338428139573912 -0.231568786551152
0.00674065803718252 0.107429450037217 0.49110637778323 0.199334972180817
-0.00289864899680661 0.0807655991032835 0.0361176005610671 0.771182747085565
-0.0700095030232203 0.00296012079559491 -0.662281144829522 0.608018155179794
-0.141463453000871 -0.0468365330041195 -0.619310412227075 0.0305111166611351
-0.158876325030544 -0.0541549894756238 -0.0519737283173914 0.087621268946323
-0.152465983081958 0.0338261255341645 0.60231735222942 -0.036055904750128
-0.00836276302659325 0.115079031482355 0.47355113198715 -0.686876123850698
0.0807415444490881 0.106233650560908 -0.293647933920265 -0.788906217767918
0.0485267524571983 0.0524442906389972 -0.579593020512634 -0.11763666081696
-0.0333956545898077 -0.00324021257919152 -0.239070132847772 0.262241458610498
-0.0601662506763027 -0.0197424462175201 0.0762057160327454 0.166545031264817
-0.0378839991273135 -0.022174159651963 0.117380963468395 -0.12819859481948
-0.0512641385923917 -0.0288885067274442 -0.111640736163847 0.121591809517262
-0.0689211264332639 -0.00940054670812892 -0.0356535946251021 -0.143891427260574
-0.026784843187886 0.0673867405444887 0.289639837911994 -0.254261366527571
0.00750262646321093 0.116326162104606 0.509874539424313 0.130254460100474
0.0145259926436633 0.087301995774702 0.163681865639115 0.736775726035998
-0.0546415490561043 0.0131989965888136 -0.55288122490316 0.684530724620529
-0.133658617898001 -0.0366314338275613 -0.638306493570948 0.0887432157760532
-0.154440834697656 -0.0617272678109995 -0.109104939827925 0.0716246105477188
-0.156263980317543 0.0104906117888211 0.580880710162875 0.0272248227415944
-0.0167503584439206 0.106213514669943 0.578459986135791 -0.612108621965267
0.0804175870754401 0.114582685604756 -0.164724914490316 -0.830419902849459
0.0530503481270095 0.0721793397743326 -0.576994040867327 -0.190568491509368
-0.0356451749615956 0.0103553050012447 -0.302281441159743 0.246713317766661
-0.069152434061002 -0.0166612831615308 0.0360389341701852 0.171591035342348
-0.0361228685436263 -0.0209728299385368 0.120466612463912 -0.122081042393895
-0.00120302623491497 0.0111124442833049 -0.103153852687294 0.093199438997169
0.0674317654872018 0.0102907820445677 0.00997932524873661 -0.188305502896735
0.0627607350707841 -0.0258709542233834 0.337427260544608 -0.216794753809211
-0.0441012243646053 -0.0468132069750361 0.491888138899626 0.262825097283168
-0.0875317333008248 -0.0615566140465834 0.0342899964829916 0.807117334349812
-0.0104889063488152 -0.100668021641556 -0.658640087924081 0.583130186791759
0.0610295536198443 -0.0212222774875957 -0.560824347737918 -0.0152585121893454
0.0653479036242259 0.0124638261855674 0.0185103065100664 0.0699705828565152
0.0160880526636607 0.0130084609511628 0.653951318719677 -0.0992332148999352
-0.000805306954662799 -0.0159170953899898 0.459283619674895 -0.740396397242505
-0.0194346112958976 -0.0358983446232801 -0.31398622022028 -0.753760832018621
0.0079643815546485 -0.0799954552937453 -0.570399539938435 -0.0693079039963044
0.0450925965511743 -0.0820360153104397 -0.234479197694161 0.278963624100845
0.0493280058065175 0.00556897318130407 0.0760426458218269 0.14886440725997
0.0100580212310763 0.0234889938670862 0.121684650385264 -0.135981810033268
-0.00786997481224276 0.00118131391425194 -0.109111585704439 0.0938189268709942
0.0581982208888165 0.00309384323641874 0.0385683700648674 -0.180009207105729
0.0556664971056143 -0.0219145707086957 0.374760066571862 -0.192279757496492
-0.0407539695382833 -0.0321198188388869 0.463890837490199 0.309987973773655
-0.0799725942351328 -0.0439210865683106 -0.0783125734379333 0.813586153925205
-0.013910028117242 -0.0833956832779508 -0.737619876496075 0.51207955909607
0.0327528811694361 -0.017077817618448 -0.545590515591308 -0.047512865084206
0.0275878384802451 0.00813217291917704 0.0556103762571519 0.0849691282554533
-0.0147083150450953 0.0208134342491074 0.652026047738162 -0.146721910094169
-0.00887544674752011 0.00346958921771875 0.366740909124681 -0.775924281970148
-0.00988633751893283 -0.0226611293758988 -0.400875204392389 -0.708403502462349
0.0161987790213285 -0.0742183906673733 -0.561003362758613 -0.020430128020441
0.0409119226787343 -0.0767592742902888 -0.18221218303166 0.281643082811021
0.0400124563589572 0.0051034161847468 0.105939123074643 0.14527698470868
-0.000709491367840194 0.0176272344167263 0.115610035455524 -0.138806090169743
-0.0187332231911342 -0.00952449043984069 -0.11251083725688 0.0972026065743958
0.0408787980162844 -0.00253374899064723 0.0587812447689909 -0.172749047071969
0.0457742217681053 -0.00882472432510117 0.397423039050187 -0.177839703419058
-0.0339610663907274 -0.00441140089728308 0.440695796384913 0.336475059470918
-0.0709638609425922 -0.018779964328872 -0.158430470813237 0.812890917364095
-0.0262793362406354 -0.0669774070102535 -0.789749594199585 0.461953544271959
-0.00816889306199887 -0.0235269279761801 -0.540573509762485 -0.0636679967044675
-0.0179440803428038 -0.000772260099011197 0.0740450115561074 0.0976306693580245
-0.0468052889200263 0.0332124950466482 0.642824009283015 -0.175280290960408
-0.00991148064567979 0.0297887371615973 0.300754319502732 -0.797257628870628
0.0086149424964366 -0.0027815545579733 -0.456745687642909 -0.680556184740288
0.0240120020182797 -0.0590760460388991 -0.551165675711982 0.00896231002167725
0.0295159021236516 -0.0655431017930094 -0.145178229861893 0.281955189602802
0.0232699440503446 0.00137604760413263 0.126690382430688 0.144208687841257
-0.0112810728846598 0.00902691294200793 0.109762073338293 -0.139449306855857
-0.0300393803583165 -0.018189634431927 -0.115694267570744 0.102178273374423
0.0171104850981413 -0.00585247736361107 0.0627408136191775 -0.163548371310505
0.0331468114554942 0.00842439377702122 0.403921222315304 -0.176317124171561
-0.0234330282693073 0.027900080306313 0.430808997442222 0.33696852898495
-0.0597195911549086 0.00988750914372742 -0.185461467586808 0.808743398550774
-0.047067670954612 -0.0509546418242613 -0.80877160365035 0.447626257002278
-0.054378561875189 -0.0371853934060677 -0.547286072208087 -0.0626539920342889
-0.0674166035272277 -0.013307615501507 0.0708856691733208 0.104248526584265
-0.0790462865653656 0.0463332425345014 0.632547093866114 -0.17601144399362
-0.00522907919377734 0.0590177187259462 0.277368910615303 -0.798149301773715
0.0315886587811103 0.0240942778974599 -0.477041110176553 -0.674283082072765
0.031292388937893 -0.0359548222596594 -0.547761031023734 0.0127239223522713
0.0122721266912008 -0.0513460933245504 -0.131368325517939 0.279790856601433
0.000467715145071263 -0.00418823044677573 0.13466007869061 0.147094683340665
-0.0230886651100983 -0.000938352162654704 0.108232684652607 -0.139431285986611
-0.0399547318531411 -0.0251586889971857 -0.1181065591612 0.108127823568864
-0.00947230953791113 -0.00796131323678092 0.0521347691096195 -0.155505499878631
0.0189252835943423 0.0286951214679205 0.39546634880976 -0.188002060973835
-0.0108354961554456 0.0618715433516833 0.441441195269897 0.311012577887364
-0.0449130146191546 0.0385936688759607 -0.155521566424643 0.803435884804545
-0.0663309471524136 -0.0334575857323603 -0.790911868448369 0.477522328690458
-0.0980865260560395 -0.0487440904039313 -0.567372970440712 -0.045226858639494
-0.11218164366461 -0.0267250039282891 0.0463601242688724 0.105059963864922
-0.109581838117025 0.0539044073878064 0.623784924841651 -0.151161694716482
-0.00053796707215651 0.0866552643392017 0.302012295915905 -0.782740157639933
0.0546137690446527 0.0532254062381171 -0.458592997356511 -0.692571153362731
0.0371323552880829 -0.00769086666429445 -0.554938614431257 -0.00540319381222396
-0.00626065369311469 -0.0361733993360351 -0.143168559268021 0.277616681075846
-0.0230811495666119 -0.0105164114250811 0.12946362038895 0.152166517938354
-0.0312556678048149 -0.0108037636615969 0.10843839978195 -0.137180861349211
-0.0481271903502614 -0.0293046973257217 -0.118325097995462 0.11463350613058
-0.0364352498148844 -0.0078516320258968 0.0301100652104449 -0.148309882365124
0.00318593920333225 0.0466092039181068 0.373670911646196 -0.209688418366312
1.18504967737826E-05 0.0890912638944003 0.467460627734358 0.259857924704959
-0.0244389930709041 0.0630529827562169 -0.0722187033111011 0.795279300597364
-0.0753440264825463 -0.0143121463730861 -0.738695565999134 0.537245691704444
-0.129128375561192 -0.050130626801688 -0.592817412694813 -0.0136985578400322
-0.143592532388243 -0.0413687197870888 0.00327202477117377 0.0999857361598867
-0.134177382752623 0.0505355707551309 0.612504688171112 -0.10332445022171
-0.000584211295106017 0.10696094086124 0.368376381437019 -0.747250292953867
0.0725423029605416 0.0823235951904419 -0.398894694453371 -0.73186382678045
0.0437394522918033 0.0234695196243086 -0.569113505901494 -0.0469821609755438
-0.0229894175087626 -0.0193961482200052 -0.18049028149805 0.274004735586659
-0.0443053449420817 -0.0169953631125514 0.110505838557502 0.159056597456449
-0.0368258881169619 -0.0180358846868333 0.11099116338215 -0.133264452191933
-0.0520882646666391 -0.029922601310902 -0.115167279666507 0.119507340789783
-0.0572913778959305 -0.00848969176124039 -0.00178408163815236 -0.144211365906733
-0.0117491695803475 0.059718538904705 0.334232262840119 -0.234626030741078
0.00809239544317747 0.107598326152935 0.494249645971443 0.192457917018111
-0.00150876581949501 0.0803436287154223 0.0447691996474116 0.770125342524928
-0.0695818651075034 0.00396461580829981 -0.652167935241378 0.612798884879474
-0.141394691754121 -0.0451253201438298 -0.618487462973561 0.0369597791437573
-0.158853119972524 -0.0522651077344729 -0.0508088715584311 0.0892696051862966
-0.152118020624922 0.0358639631925387 0.601553046574034 -0.0416625882373301
-0.00710821487845225 0.114046251905026 0.463021350072658 -0.690378386522285
0.0825215982606882 0.104645217525976 -0.303703252712298 -0.780271882337065
0.0498437939334887 0.0518096140045477 -0.580292684991006 -0.109943031814684
-0.0324921734458194 -0.00297899348360336 -0.236049890855839 0.265073901337327
-0.0598631931351501 -0.0190933440051242 0.0773764366648402 0.165510018911008
-0.0382037143502821 -0.021622857345513 0.11552256054587 -0.128051255694662
-0.0503037975402283 -0.0278595153563901 -0.110349730959591 0.121688535785993
-0.0689147737183062 -0.0075228119232125 -0.0372180480219127 -0.142329406308694
-0.0250610452631119 0.067062922697993 0.285375450077158 -0.257324408696485
0.00946089511276211 0.116017935531226 0.51005133254863 0.122715980796047
0.0161876481769691 0.0860448823240828 0.170625488462596 0.732368039370494
-0.0549853984922072 0.0145658122788193 -0.543213584161569 0.688471220742989
-0.134150555158286 -0.0345825262253835 -0.6367330372871 0.0950467715588638
-0.155032538369477 -0.0598843216937668 -0.107834980770569 0.073958391172363
-0.155730950770458 0.0126934468997823 0.578180079385279 0.0213316885283459
-0.0166800537985201 0.107143979927498 0.571019871635155 -0.615301372940234
0.0815410964740665 0.112675218979752 -0.177086235781288 -0.8256361677341
0.0539797944346402 0.0710233762529678 -0.578528615324153 -0.182436712043768
-0.0354213232480513 0.0102328014817531 -0.298499676632701 0.251956004252719
-0.0685933170100157 -0.0159577007503175 0.0379145165231349 0.170907005743731
-0.0360407015043206 -0.0205475689718983 0.119739540632945 -0.122954710776459
-0.000876956600047401 0.0110383050559717 -0.102900288302296 0.0933020950519376
0.0663666348633266 0.00960913643204191 0.00756760118075958 -0.187651476253921
0.0615315477002034 -0.0256140652829925 0.334264868998331 -0.219815450409358
-0.0447623065828053 -0.0456972432610755 0.493826209985228 0.256297621685639
-0.0867003410247864 -0.0598729844670373 0.0443426913202511 0.803811598277739
-0.0114297822909877 -0.100243189155155 -0.649304088886982 0.588701061793958
0.0612332255990131 -0.0208417733543903 -0.557901611246299 -0.00960296454697571
0.065283562389662 0.011658564150993 0.0200569819233655 0.070528506539784
0.015503594875492 0.0126483816739075 0.649247348608126 -0.105962097535803
-0.000455718439769423 -0.0158456488135574 0.451056481857192 -0.742247667066088
-0.0201384035605344 -0.0351986022004989 -0.322697889777961 -0.747433401478993
0.00722405708980338 -0.0798959676218483 -0.570802869319377 -0.0622547595040299
0.0432698113574302 -0.0817194507051136 -0.229890493658603 0.280541236167977
0.0484405463153421 0.00443868005266702 0.0764821655846541 0.147336467994939
0.0101075841189106 0.0229515125193888 0.121129847272813 -0.136689880761732
-0.0081647060943729 0.00212259439064758 -0.107806450723476 0.0940848783792908
0.0582172190280395 0.0024814700984953 0.0359078391024169 -0.181109055712955
0.055284851814692 -0.0225490763417645 0.37261495808175 -0.196594737579597
-0.0411346660096575 -0.0305396199172406 0.467169836416475 0.302189939119
-0.0799557306981056 -0.0425940844042647 -0.068697423447092 0.813164185227733
-0.0142743765238178 -0.0833411221842867 -0.730269001197062 0.518455932409177
0.0323536050250871 -0.0170137260066077 -0.544936958518362 -0.0427361374190739
0.0279724046589135 0.00727135356520911 0.055511600276157 0.0855944650457666
-0.0146317249402785 0.0215897906504437 0.648427272908152 -0.153552964192558
-0.00902584917731151 0.00289988723858266 0.356784610206383 -0.77719724301953
-0.00950454934313575 -0.0229601550597623 -0.408648825690256 -0.700725184954106
0.0160587517219816 -0.0741987530775187 -0.560234796886292 -0.0136005541269587
0.0400329322752552 -0.076601193155049 -0.178356688382164 0.282764415396011
0.0390805344626511 0.00458293978382242 0.106760685569097 0.144264816152158
0.000252045193135036 0.0174222274922875 0.114504297752257 -0.138187818838858
-0.0184840191135349 -0.00947859112945716 -0.111883739030649 0.0976821295294204
0.0409905266718539 -0.0038944797721627 0.0564690732097296 -0.172656020933561
0.0448477489110067 -0.0102641412867759 0.394634631608729 -0.181018959529723
-0.0336224578894505 -0.00324504863675237 0.444011501594619 0.330258559360631
-0.0705440228781565 -0.0184461983877778 -0.148308439235275 0.813967552043994
-0.0268939883925834 -0.0668146927911754 -0.782872782629179 0.466956913464841
-0.00743465944690297 -0.0230421128132683 -0.539235396840266 -0.0587792253420771
-0.0176210618604495 -6.24588784467351E-05 0.0748383858760842 0.0965161741161268
-0.0464446426854008 0.0340214121554969 0.638765979169528 -0.182947450939638
-0.0100765413190362 0.0296358334771249 0.289167824988796 -0.798381917522608
0.00916443888860046 -0.00225371592703998 -0.463769869246314 -0.671597341151213
0.0236618224436137 -0.0601197558140453 -0.549305458371551 0.0166844902020467
0.0283072142824098 -0.0655440408155692 -0.141858118724167 0.282507322664865
0.0223323971962703 0.00137346950016687 0.127889052115008 0.143330260030764
-0.0115203726613117 0.00918024639596811 0.109224304276258 -0.139295025098522
-0.0296438875066093 -0.0174596947141599 -0.115095261903091 0.102365809553146
0.0170752319056289 -0.00625117987419468 0.0601444528946882 -0.163280769720738
0.0331811326336688 0.0082614558987374 0.400016171878559 -0.17955882913744
-0.0222285081219971 0.0294668668843388 0.435904754714143 0.331995555515049
-0.0585470326080311 0.00991967758881847 -0.176601025409589 0.810172477384931
-0.0473960292008346 -0.0503018163238156 -0.800939803393738 0.455405588244826
-0.0542761271582751 -0.0357481638172264 -0.546785720308765 -0.0589735426541658
-0.0672274999185115 -0.0120299556695085 0.0719746238948627 0.103690730145634
-0.0783909896932468 0.0469817084668234 0.62886123662869 -0.183870366872645
-0.00494924155090248 0.058663865305129 0.26684189840768 -0.797084060239954
0.0323320595147293 0.0233213570538493 -0.484640263806758 -0.665724138406243
0.0308302738996437 -0.0364747278994262 -0.546294209159786 0.0204124343361343
0.011225912351014 -0.0515957229504152 -0.128024813378068 0.280768728231231
0.000283090941384194 -0.00398890850162697 0.135897296460069 0.145103264368367
-0.0224637457997611 -0.00119868428299385 0.107060293666406 -0.13852063637832
-0.0401777086467324 -0.024322445251413 -0.1170777320825 0.109078142067178
-0.0100909761943653 -0.00795897711401335 0.0498253946611829 -0.155317271044013
0.0190803733098235 0.0281256965385216 0.391957522017683 -0.191227544063916
-0.00937875800146466 0.0618011035020336 0.445853211913138 0.304007409373143
-0.0431274032364783 0.0377497880673633 -0.146613579483668 0.802981648261032
-0.0661446348810399 -0.0325958819190869 -0.78291046161174 0.483306721020955
-0.0980215079174871 -0.0463837312087884 -0.564993369131151 -0.040445466239726
-0.110712305870838 -0.0259936289806007 0.047805313794439 0.104655363676268
-0.108518060748168 0.0542068889355098 0.618622620136011 -0.156899200850104
-0.000518714455304665 0.0862624143002042 0.292099259211433 -0.782085369111054
0.0554664446864871 0.0525676885076446 -0.464065134340785 -0.683860172510107
0.037197436877893 -0.00810837730596108 -0.553669623564357 0.00192128625527817
-0.00734625371196108 -0.0359746651828817 -0.139701439170157 0.279251567799876
-0.0230202294856326 -0.010713110749351 0.130160203621999 0.150757926377709
-0.0311418907751501 -0.0106710488517758 0.107456319529511 -0.136563899295063
-0.0477067240500127 -0.028641043706072 -0.116809102053048 0.114683225964538
-0.0355442860272547 -0.008628582800335 0.0273801917489325 -0.147690786610622
0.00423685855553721 0.046344487610564 0.370386605611238 -0.212492852535712
0.00138557890882061 0.0889194757592186 0.469812579101002 0.253167449068131
-0.0231278601026874 0.0627283599151797 -0.0639147331515452 0.793031282440245
-0.0752883089554725 -0.0138516387837061 -0.732472141873716 0.543146268793373
-0.12917420678605 -0.0490831135873816 -0.590665447399795 -0.00721642988983402
-0.144611437119035 -0.0392867676656382 0.00443742750871973 0.100470528703034
-0.134290614360263 0.0517483148904076 0.609067270251284 -0.109064930890966
-0.000212252718373981 0.106750747985199 0.358541862067476 -0.749742652176613
0.0733942044328226 0.0817459558355428 -0.407629556821989 -0.724855972556888
0.0441506038646039 0.0223832752895681 -0.569086171833864 -0.0395999797048728
-0.0233177112578642 -0.0193237470322092 -0.177223274034115 0.275431810098444
-0.0438787020746583 -0.0155401200552228 0.11150862474633 0.157049439027062
-0.0366321677665436 -0.0172589190015453 0.110373116545753 -0.132923415362265
-0.0520783920432309 -0.0293736114850149 -0.114126158754755 0.11938600373214
-0.0556435988636976 -0.00769206550776216 -0.00381375111427882 -0.143877562946238
-0.0117425941992537 0.0597745022152202 0.333580768601107 -0.237596770067969
0.0094153784768065 0.106956823365875 0.495008428757155 0.185662121800992
-0.00041070145596607 0.07952619105858 0.0532393255565256 0.768856347858428
-0.0702161653373959 0.00454589986423853 -0.644999076540926 0.618714507330237
-0.141024698362517 -0.0423461397377613 -0.616010364623647 0.0420867291099181
-0.159024852005932 -0.0504057887376778 -0.0498821483098561 0.0902774215036424
-0.151757845939334 0.0367031996015871 0.598619087417069 -0.0475442520477844
-0.00615037644890107 0.113790500967726 0.4548692520617 -0.693490541701
0.0826559583157446 0.102860606386366 -0.313107510353189 -0.77621120729232
0.0507317397498353 0.0500003338134694 -0.582152567306169 -0.101687396762897
-0.0328996096842016 -0.00306716387181229 -0.232917572142349 0.2674954558653
-0.0605318276405355 -0.0173758102757534 0.0788750424143543 0.164983939865348
-0.0382081793284337 -0.0212513795230755 0.114658082097575 -0.128181986398734
-0.0507657870994745 -0.0266756241180229 -0.108937722021754 0.121625848163647
-0.0676427771471355 -0.00713310814787699 -0.0393416598929038 -0.141769601187565
-0.0236993344474249 0.0670414690805845 0.282837983090447 -0.258806501107535
0.0104892792022684 0.115060465320731 0.510599513506501 0.117581139341554
0.0167829611574764 0.0846876023720122 0.178628193593517 0.729615021386371
-0.0544988549277478 0.0146734535658906 -0.534097653672175 0.690829284977352
-0.133777428805855 -0.0327264776639572 -0.633465241233467 0.0999439011740244
-0.155491154055226 -0.057822768416615 -0.10731954375181 0.0759529022573254
-0.155621523127871 0.0144523469921299 0.577265343248783 0.0150494728872456
-0.0151631758876374 0.106652936580699 0.560389670617243 -0.621491991072697
0.0824271601631394 0.110980543694647 -0.187689471897981 -0.821585254618083
0.0551845169281223 0.0696616750975885 -0.578930433847318 -0.175162928678587
-0.0353138264984256 0.00949292600124392 -0.294823646088799 0.255132889857542
-0.0685016137489692 -0.0154903409382548 0.0387203112137106 0.170596196568378
-0.0368322379440857 -0.0200903325171044 0.117906437319653 -0.122830515340795
0.000262185893273999 0.0104525148415985 -0.102237178371342 0.0932024759230987
0.0665394377831759 0.00885550460837251 0.00457759075334861 -0.188049976547862
0.0603918393712129 -0.0264878746381795 0.331180012727189 -0.222067768307997
-0.0454019487435705 -0.0441267593847857 0.497490803222188 0.251903014569253
-0.0858862910955312 -0.0593711181681927 0.0500224897046051 0.80066785725156
-0.0115131232073621 -0.100190458463238 -0.639546035140935 0.591910242647097
0.0609069898794949 -0.0212081392011538 -0.555796771763555 -0.00599972047242863
0.0657164757356218 0.0108712074675886 0.0193515690289771 0.0706689637777066
0.0158904669094857 0.0126645909853372 0.647200893331808 -0.110385133304706
-0.00131310850510135 -0.0154341820370572 0.4387668468624 -0.743393335055024
-0.0193011705110001 -0.0354750712357991 -0.330867210707355 -0.741655984573113
0.00640369870053704 -0.0792134382669139 -0.570208343078055 -0.0547692254149993
0.0412571416465534 -0.0823388985580324 -0.226364261474814 0.283341406435448
0.0479392108936412 0.003730913568113 0.0780303508081568 0.146574278514495
0.00994107444761255 0.0224164801090529 0.119026941625846 -0.136530095473492
-0.00703444196322999 0.00116042190131229 -0.107475035620574 0.0939643676526785
0.0574515055408736 0.0015028732506968 0.0336078054303506 -0.179996130217823
0.0545980826366162 -0.0233794602830691 0.368741544640639 -0.199071360940568
-0.041454740317787 -0.028946722609394 0.470676410680447 0.29679044207273
-0.0795833350725577 -0.0424256426998398 -0.0610648376742819 0.810855545543356
-0.0148026924003069 -0.0829675166225707 -0.721003827467672 0.523465701718328
0.0325414621850549 -0.0171952091719827 -0.543952673660829 -0.0372829560850943
0.0287525368048841 0.00809034951203992 0.0559897328700684 0.0847909015118416
-0.0143949261553329 0.0211566743913038 0.644678611947743 -0.15747694170161
-0.00912207437319522 0.00352396504254057 0.343510768285354 -0.778781040985102
-0.00951525646057453 -0.0221260604797541 -0.414939700352843 -0.695029478785075
0.0150589901356663 -0.0737258981543466 -0.559241514143341 -0.00741176391359787
0.0380916371423225 -0.0765572666936677 -0.174696040899761 0.284989330855162
0.0387418717202531 0.00342319375812831 0.108063244102453 0.143322898417861
0.000102114945574474 0.017297417155682 0.113544416075429 -0.138609752698347
-0.0182654115557551 -0.00937073516637031 -0.111410878243867 0.0974814505662357
0.0401351919724354 -0.00408811415275078 0.054141522625397 -0.172610259667504
0.0444805585772598 -0.0106228203478449 0.392210490551809 -0.183723826912074
-0.0330259160004904 -0.00297341441425376 0.44630952709627 0.326459462123531
-0.0696031726443901 -0.0185045023234856 -0.140167123487941 0.813191844142892
-0.0277156069764879 -0.0663421451613488 -0.775046756696635 0.474499157775267
-0.00785398112575459 -0.0221052596119857 -0.537182117128211 -0.0550991708417401
-0.0171516170480201 0.000351080598621802 0.0753053856658659 0.095990021494065
-0.045678355233219 0.0340877064355341 0.634727222397754 -0.186474902757741
-0.00891554692034606 0.0289189606036467 0.279942455414055 -0.79774306030325
0.00885303322486309 -0.00284647407987658 -0.469139699869502 -0.665704949013232
0.0230397350002443 -0.0597057266261893 -0.547187373252109 0.022221619956326
0.0272262242281027 -0.0659473795464723 -0.138866257447021 0.284295874992541
0.0217477620568649 0.00110025431508017 0.128074596425609 0.142132636515913
-0.0114489776874136 0.00860068045640263 0.107989322491973 -0.139138959492257
-0.0294340358530623 -0.0173143528077495 -0.11390451239578 0.102370822121029
0.0167828911916903 -0.0065120065397539 0.0578896771848653 -0.16356785619441
0.0331662428461987 0.00769790247156132 0.398728342070743 -0.182730618769516
-0.0218058546926738 0.0298046093476323 0.437639400958923 0.326104345950947
-0.0581182769596054 0.0100018371755966 -0.167219251400636 0.808796347525466
-0.048135458897302 -0.0499336079933456 -0.792736413161449 0.462240378649841
-0.0540436656339349 -0.0344986785702919 -0.544404654118398 -0.0532728422811247
-0.0666501744146024 -0.0114699889396138 0.0723833958973324 0.1028783830201
-0.0774222239105465 0.0473705251377207 0.623814390958379 -0.187070157726695
-0.00431743579758589 0.0582902698643215 0.256786747819294 -0.798467757005599
0.0326266287682435 0.0225946795278097 -0.489378719867782 -0.657853780633537
0.0309627029544009 -0.0373114787423064 -0.545270170572721 0.0273658225309256
0.010689336851062 -0.0519157999749823 -0.124711972507793 0.282216293642948
-0.000646121944178412 -0.00436360499251804 0.136828378171152 0.144909534563149
-0.0223623157284291 -0.000720044427262407 0.105522606481162 -0.139086306855789
-0.0394493686825846 -0.0235847469495846 -0.116201953008266 0.109088953603239
-0.00948022725524375 -0.00795565340091383 0.0476718456269042 -0.154413047407191
0.0193585933303451 0.0274142864485991 0.389580634838519 -0.192663195837874
-0.00944438567623689 0.0621328489884724 0.448328109538179 0.299183211819183
-0.0426271743103757 0.0377628596105372 -0.136954298327548 0.802395201497086
-0.0662606942105567 -0.0319732064253439 -0.774798642969605 0.489420995342376
-0.0986072475763923 -0.044597193126323 -0.56348635259402 -0.0347809825827409
-0.110523016605377 -0.024224419883443 0.0474598128453514 0.104777465410047
-0.107128086507396 0.0555984836631444 0.616180343442664 -0.161970660456119
0.000498373554530508 0.0867398700617721 0.283550853661159 -0.783117064497929
0.0564519508234587 0.0519418288847103 -0.471621746229948 -0.677025441553199
0.0371525855164174 -0.00886117935566232 -0.553176765250577 0.00892534073621347
-0.00767156447039443 -0.0355563985552654 -0.136411070273704 0.279651188664468
-0.0231663524712409 -0.0105558711170952 0.131684720124641 0.149470931163314
-0.0317757694924331 -0.0104368168313936 0.106151732870558 -0.136735232958315
-0.0473572347453094 -0.0279094107649607 -0.115926816281825 0.114724918056695
-0.0349572026135719 -0.00780937541933017 0.0265656741918641 -0.147512771484926
0.00462201305966858 0.0453935449169745 0.367187095772045 -0.215185464593181
0.00319718132778728 0.0884464642582826 0.471269685835636 0.249400253738874
-0.0226817428993515 0.0622860643300277 -0.0536961802268456 0.792003369488112
-0.075130120073225 -0.0130024226735881 -0.7220524860022 0.547508875184842
-0.129111384192111 -0.0473926087006005 -0.589806527770066 -0.00112894295149003
-0.143274594354794 -0.0376208684782187 0.00557536597551277 0.0996384656045437
-0.133014558024105 0.0530049009034671 0.60638522265555 -0.114028893172489
0.000673155631013653 0.106587150639594 0.34879412644481 -0.749342945476106
0.0742338693525139 0.0796395615175317 -0.414194600536187 -0.719563954868946
0.0440477948957087 0.0209536790613936 -0.568261177726552 -0.0328985500558068
-0.0238986395412902 -0.0195857310205161 -0.173738266191187 0.277288383793046
-0.0442729548007678 -0.0159732611744211 0.111824639423647 0.156257839870938
-0.0370211073429167 -0.0169199517765722 0.109041307054458 -0.132196249129308
-0.0510113355455994 -0.028898392482465 -0.11438810566017 0.119751298385446
-0.0552222188131661 -0.00792994182428452 -0.00602116021671458 -0.142432064629264
-0.00981582148359208 0.0588695758381731 0.32992753285824 -0.240129732894753
0.0112020738942134 0.106679204418951 0.497137702140388 0.18108423338311
0.000500286020841706 0.0777881419418325 0.0619177419440768 0.765459435763821
-0.0699158037895984 0.00495029189229122 -0.635320556345067 0.623914373812817
-0.140896807029319 -0.0401873288651395 -0.611890521378643 0.0475152803228298
-0.159151098164284 -0.0493042021544305 -0.0493202531954215 0.0905832281975615
-0.150545650989128 0.03873518016972 0.595476130865488 -0.0538731869348367
-0.00578154602542878 0.11363728638255 0.445133785777591 -0.694525798221705
0.0839407301443713 0.101420090748444 -0.319630338194021 -0.771236260263505
0.0509526646518884 0.0488121598731673 -0.579925095370931 -0.0945950886933696
-0.0326690658810492 -0.003216183690833 -0.229474032306839 0.26996639978952
-0.0599666151040668 -0.0170468648379123 0.0795648742859313 0.164115309343155
-0.0383596933545034 -0.0201794214045092 0.113128999894144 -0.127624686442917
-0.0500227495539112 -0.0261829883699992 -0.108182540124092 0.121220485779052
-0.0666535526850131 -0.00640167321536198 -0.0414681416286645 -0.140503356443216
-0.0227636026913922 0.0660671063592394 0.279461544885848 -0.260916022678451
0.0120470957545417 0.114777816577222 0.511279015693153 0.110486335299314
0.0179446544916843 0.0834436172543084 0.185518385969922 0.727085306566974
-0.0549554125335539 0.0156096859326323 -0.524857226291121 0.69341997562181
-0.133680684419323 -0.0300306195725023 -0.630594812757462 0.104791873047866
-0.154788279435081 -0.0563030838325293 -0.106187792500723 0.0773786422943843
-0.155543786992416 0.0160683020827273 0.57525834464088 0.011154910918167
-0.0146407834272062 0.106257699116643 0.552760402590216 -0.624754941481714
0.0827271047090296 0.110101853958819 -0.196029270549102 -0.815760983387107
0.0561065786172229 0.0682024687703945 -0.579855346598782 -0.166826164118775
-0.0353001369572669 0.00983087192376806 -0.290666225429271 0.258402757984298
-0.068438969959291 -0.0140325619925503 0.0402224861238856 0.170615260131712
-0.0367717765217974 -0.0186838674468434 0.116758738900077 -0.122303715446892
0.00379767066949376 0.0113359258682754 -0.0701331142652589 0.119966454804667
0.0648472453037953 -0.0148330371124707 -0.0567677139002787 -0.177481475976333
0.0482407615043779 -0.0481568399532277 0.246832898061485 -0.309933583015941
-0.0537295459099842 -0.0247969946458572 0.556821891947807 0.0841126792318854
-0.0974594872698744 -0.0204429877490391 0.296957730124924 0.7430488736133
-0.0506082791803097 -0.0835474055286002 -0.41450767026185 0.76328044157145
0.0472630742058451 -0.0397199670993373 -0.529410799755744 0.176569344697842
0.0651744380336073 -0.00904012106538695 0.0400919581502547 0.0615739981583317
0.0197075159113863 0.00668644437157766 0.574425688378781 -0.302570703667034
-0.00931469061274796 -0.0145964846347131 0.191001409901856 -0.834717949014178
-0.0279551873159536 -0.0284165082648267 -0.538882925789883 -0.590634045048716
-0.0166422797469356 -0.0772846675191247 -0.552069273248207 0.122713385526206
0.0143160011784385 -0.0892128625634489 -0.129378308225814 0.338583935443169
0.0444156272100808 -0.0123933915174887 0.116931864296097 0.115922221225256
0.0154889759308308 0.019696984276989 0.0744487245980052 -0.16190187715164
-0.00579034683727308 0.00525362109951736 -0.0739272320150001 0.121967528040924
0.0539617243800043 -0.0193054222601226 -0.0255336900002609 -0.17954636300259
0.0435548713527854 -0.0432466111652128 0.29070533663563 -0.300204851749624
-0.0450121874538323 -0.0111476835898872 0.544419485207877 0.135770164958298
-0.0861013973106205 -0.00677810918770287 0.193301045221639 0.785284998469003
-0.048707024738758 -0.0672208492801731 -0.513719533286004 0.724079942263679
0.0210190899560329 -0.0263266669546253 -0.526941176143778 0.140926752691167
0.028992618698863 -0.00114186924201827 0.0795651227269762 0.0625236942800018
-0.00549791744898661 0.0234770985673751 0.557031058393648 -0.34573942279824
-0.0111625264611336 0.00625694320124628 0.0921908236088404 -0.839765555344951
-0.0137363852577996 -0.01921842666683 -0.605224094608179 -0.520346177581857
-0.00731801582793404 -0.0747145084558417 -0.527323647094359 0.164779774401294
0.0132121298048173 -0.0834685553880636 -0.0803275158097011 0.324152838187318
0.0364046228718999 -0.00995781562330844 0.143801770980793 0.103719791006231
0.00483072360399814 0.0167235806665999 0.0679278783505502 -0.16178811051986
-0.019909465671394 -0.00192840018194634 -0.0758702898262202 0.12648057282368
0.0358790259381496 -0.0193527725925677 -0.00355680754285808 -0.178172261454056
0.0384827415888578 -0.0273647594613359 0.316760330280648 -0.292671466618723
-0.0287768710843889 0.010291980215449 0.529341508528146 0.17184600797148
-0.0705210649059575 0.0130899065461976 0.118109288844228 0.812281401115053
-0.0565093784283641 -0.0480411045135605 -0.577385489034946 0.692801027823902
-0.0181988394391275 -0.018456012369752 -0.525327280456164 0.123526021620685
-0.0154154420377665 0.00592491461706056 0.101233385571224 0.0662803928349987
-0.0316754917030087 0.045937443022664 0.539066762054253 -0.369656463615443
-0.00216857519707556 0.0315467649859593 0.0231052036405203 -0.838067826314818
0.00949153909225597 -0.00681958919716965 -0.647005559298556 -0.47573168301831
0.00456501200136546 -0.0637113143057824 -0.509686100490041 0.186999674492105
0.00596710062167639 -0.0700528013329503 -0.0458444846497535 0.312528640486546
0.0193498136308331 -0.00650423335726719 0.163937015088524 0.0958443290722504
-0.00858782420609503 0.0124708964848586 0.0626767948792764 -0.160146441136894
-0.0334234057873293 -0.0060289752833391 -0.0768206685207656 0.132152473801375
0.0129367532865337 -0.0143203179020786 0.00401514834772241 -0.171676319673903
0.0339085781545895 -0.00718605469344428 0.322572818915197 -0.294325399969884
-0.00678918613263719 0.0369893584227334 0.520801343717557 0.174041127792803
-0.0509335957988651 0.0364986454573269 0.0910953240674939 0.817212791153545
-0.0707344977295451 -0.026682786703994 -0.600147698938988 0.685569747259647
-0.0671190259820222 -0.015524808029003 -0.530498268296749 0.125612783536111
-0.0650206991667656 0.0102578195355669 0.10241257535255 0.0731242888109041
-0.057303273135574 0.0682245321857194 0.529047407741841 -0.368515718239086
0.0110073129613371 0.0574096377092895 0.000727092434884785 -0.831202679924151
0.039462522072501 0.00972953677924898 -0.664848205458954 -0.46349822331855
0.0186298205749305 -0.044885934447578 -0.506347300306116 0.19222807870356
-0.00551523076741095 -0.0515900264000339 -0.0321408759536099 0.305639973810422
-0.00284414736015405 -0.00494828200922173 0.172377258284779 0.0963055314992077
-0.0221297675779063 0.00682488184909896 0.0604532515810509 -0.159101614872445
-0.0454683445836969 -0.00769010103361695 -0.0754864844693716 0.138945265231509
-0.0121832577684793 -0.00598979727559725 -0.00125903860036616 -0.161824159311346
0.0273830876269023 0.0157220469950243 0.310607244001345 -0.304355300185409
0.0161910273761357 0.0627637175930068 0.517961371848364 0.145275803891328
-0.0273547556716013 0.0569517598083349 0.115666843169254 0.803032625745316
-0.0827079907156658 -0.00319256383766274 -0.573882718366944 0.705481588866245
-0.112572523908423 -0.0111938312823223 -0.541102646496739 0.149408925104355
-0.110577168842538 0.0107084009081501 0.0799396136389592 0.0818071502522721
-0.0832720420490936 0.0847596582267558 0.529075460465038 -0.343339561820601
0.0240494985860152 0.0822979111478494 0.0291146093465979 -0.826440424184775
0.0701175175928504 0.0293700197968022 -0.654294649597407 -0.486458534937157
0.0333920338826746 -0.0210201914594905 -0.517628281398323 0.177135874609416
-0.0184733850196814 -0.0316027449044865 -0.0442056770533562 0.307786410071712
-0.0257224016524903 -0.00367007879176281 0.168726007306475 0.102767591086008
-0.0335628725853336 0.000758552775301546 0.0615388605751219 -0.157077615770779
-0.0548499472600028 -0.00985123989596725 -0.0738484135082077 0.144177690451507
-0.0364819161771528 0.00260323735463018 -0.0199404206288427 -0.148947101172388
0.0198775406936535 0.0378320937732853 0.280861316687277 -0.319252184007738
0.0365540165140997 0.0823052322041735 0.523208584640123 0.089799080877778
-0.00105076556117524 0.0733515781855893 0.189921941006537 0.766787907937839
-0.0840133243773864 0.0180867161486966 -0.508573907213377 0.744874496455524
-0.142395042959174 -0.00297926061187608 -0.552725430823443 0.189364372425519
-0.144551077357797 0.00850592085849016 0.0387478735589333 0.0905947215723355
-0.107689126245681 0.0904091726991272 0.535791503608558 -0.295914455462717
0.0301724454033702 0.100635375715139 0.101410763364833 -0.814593824992074
0.0958443503862655 0.0504089927520703 -0.614905738741059 -0.543817211001432
0.0496813412601402 0.00534834641716127 -0.546329153310511 0.139824255535094
-0.0274971063309187 -0.0107105624898949 -0.0790922306147366 0.315674292400109
-0.04754307081387 -0.00239607398373875 0.152432244253907 0.116241479671459
-0.041158666425218 -0.00392611920255682 0.0652502826382673 -0.153897525755177
-0.0578949120558354 -0.00893629905578679 -0.0691614058069797 0.14793093683333
-0.0559233871976659 0.0111717083530286 -0.0476434407202403 -0.135647894380045
0.00971408426011037 0.0558723818526987 0.237752562301158 -0.330436708450595
0.0503377513116453 0.0967247703992019 0.526422581282502 0.0178861180217714
0.0267731417750982 0.0809570384856349 0.290296807521798 0.708534439023692
-0.0727317150992186 0.0340933219145012 -0.402095448819955 0.786971510927762
-0.152714904825449 0.00692760046364961 -0.559430346803235 0.243144045273429
-0.163016047467175 0.00278309171337034 -0.0145320903713913 0.0994619535432057
-0.129758892614521 0.0826997951747482 0.544233547269525 -0.233896268877012
0.0264113289919912 0.109399277698378 0.210712532683008 -0.793195289730946
0.111581413379168 0.0680187215544129 -0.541956896940737 -0.621878273790584
0.0643208396406111 0.0298173782307716 -0.575785853828986 0.0858585904384494
-0.0314948689804898 0.00723064134779913 -0.13407690096651 0.325452247555822
-0.0625228119686344 0.00132400861174219 0.124483807025045 0.133307205193612
-0.0436407557633481 -0.00701447510553242 0.0697888727653006 -0.149733850595199
-0.0558079514146344 -0.00664108580703419 -0.0643045024515565 0.148119381216267
-0.0670672098907571 0.0163268865029957 -0.0799879393461152 -0.123545653343754
0.000335638493550516 0.0672150642859492 0.182909252067895 -0.33770084677117
0.054086784207332 0.10285850938335 0.518272794340882 -0.053893225151732
0.0462945032957542 0.0795978208741263 0.395735035649089 0.632296393698155
-0.0537341528427104 0.0398331772429465 -0.27433138867522 0.819525003002467
-0.142956020549245 0.0153922121199382 -0.557207401003327 0.303820832871727
-0.162252418195982 -0.00479122234843748 -0.0721539695133411 0.104982688374044
-0.140770621781973 0.0635603031457155 0.545334099885332 -0.168898171871886
0.0152998676127015 0.10505648147359 0.332577222879474 -0.756774543929497
0.11388263378355 0.0763888320601196 -0.439363391710864 -0.703197177239086
0.0745925441520978 0.0462040435077605 -0.597143035978342 0.0158906004914012
-0.0292979395024118 0.020377931179517 -0.195463067486198 0.333100033651929
-0.0694184756170119 0.0064251282278755 0.0894775746633098 0.151631162013919
-0.0415420295290203 -0.00660968847107316 0.0754312979544005 -0.145528280452657
0.00495001678900998 0.0107971326289486 -0.0699190598265874 0.118758821133924
0.0637684309988148 -0.0154083238323902 -0.0588317340570238 -0.176682830022433
0.0477155737109151 -0.0487115094536071 0.244303304282255 -0.310793191963858
-0.0529679010956354 -0.0231359144097595 0.555930208650073 0.0783643978966639
-0.0964482092599866 -0.0208048871511045 0.301171264696266 0.738158673003408
-0.0508622977541151 -0.0829284928879381 -0.406471975433375 0.763649340111754
0.0483515205370085 -0.0389731657236534 -0.526051324085111 0.177036600093728
0.0656358000848263 -0.00960277655872688 0.0406084227535868 0.0618173981538508
0.0201307368880453 0.00650511917904466 0.567674215079782 -0.305477061365645
-0.00894639466923703 -0.0147830913660788 0.18142986675595 -0.831855781021228
-0.0280668206934363 -0.0278876016787473 -0.542152887660119 -0.581852125098089
-0.0170523384524087 -0.0763676283623502 -0.550073797892895 0.126601285624415
0.0132799083521656 -0.0888299029590355 -0.12656190827048 0.338993076206926
0.0445100650287793 -0.0122809186391354 0.117329991262866 0.114857178790709
0.015908630469052 0.0190211448247399 0.0734797371273561 -0.161601614870489
-0.00620408948678333 0.00489140537034463 -0.0732263084690636 0.121566681874166
0.0530033167537185 -0.019736199340917 -0.0276375410652361 -0.178338810467401
0.043105327459164 -0.0431901558446004 0.286885980946223 -0.301382783810489
-0.0442920738775479 -0.0110590520925698 0.544587829487405 0.131249336387109
-0.0852348853379015 -0.00641378302115222 0.200284234629143 0.784324559413122
-0.0496678618572693 -0.0672055357086614 -0.506232608308279 0.724603383536669
0.0216559271977687 -0.0257419422648874 -0.523802171875487 0.143714539046583
0.0297027612791827 -0.00153569708216037 0.078582467261086 0.0625076663391744
-0.00543134015487301 0.023916362265965 0.552988444084223 -0.347733280084154
-0.0111498631270314 0.00642936398371334 0.0848916292983476 -0.837242025716041
-0.0139104299755444 -0.018700675523084 -0.607260733016079 -0.513333289008429
-0.00800930932624537 -0.0745859899145997 -0.525190619186017 0.170674831540051
0.0122491917206788 -0.0826720777088706 -0.078150392966121 0.323801161816968
0.0350350419509324 -0.009960482380958 0.143710156480831 0.102780908472943
0.00462493670027615 0.0169835324163602 0.0675808807970136 -0.161386114797338
-0.0198924755376713 -0.00121904016276813 -0.0748084738119641 0.126760323160919
0.0354811524084747 -0.0193033914282617 -0.00534679260701673 -0.178402488592104
0.0383349190005976 -0.0279219437482905 0.315831042234381 -0.293836580013005
-0.0279932888200785 0.0110483856152093 0.529478843038383 0.167107632424688
-0.0699740506651007 0.0132882469664954 0.125154987330637 0.809180906739493
-0.0563320651309345 -0.0479298263682312 -0.570676377054717 0.693325145905638
-0.0183124073610077 -0.0180556950610697 -0.522621877764471 0.125185062976126
-0.0147237948223802 0.00588360349354148 0.101781098471992 0.0660038398390856
-0.0309696693196496 0.0460467444694258 0.533596415821607 -0.37174995063253
-0.00254972878014183 0.0313956576688467 0.0174011415025003 -0.835053983900304
0.00929637750645716 -0.00683599429468924 -0.650511187715859 -0.467370512486506
0.0046497339208615 -0.0634374647983899 -0.50537477725381 0.191824313345872
0.00514514414692908 -0.0691186123607736 -0.0426429023548332 0.312730761991285
0.0189885334162649 -0.00674382413532187 0.164035264957713 0.0956652189465004
-0.00888018944641648 0.0124043944272449 0.0618695299891294 -0.159816593279552
-0.0329566961280611 -0.00561045788414845 -0.0764159035541023 0.132138243155185
0.0127971346750874 -0.0147374180362859 0.00225873439171385 -0.171114501860402
0.0337747129256282 -0.0073633896423287 0.32032379310953 -0.295853607503352
-0.0061139055327359 0.0378018802994309 0.520316051078317 0.170677721226242
-0.0504220582400339 0.0359352067275281 0.0968267750652327 0.81345251871905
-0.0710070857691117 -0.0262630754561255 -0.591883368583475 0.687908254731808
-0.0671723888190818 -0.0143927390126885 -0.527423438632308 0.129902868529746
-0.0643379472577443 0.0105874353120575 0.102069127382799 0.0725367853928827
-0.0566318991211739 0.0682847088866311 0.524754354606311 -0.37032208933542
0.0110118886553159 0.0572923806575399 -0.00515117763067618 -0.827589485072287
0.038864196399107 0.00949441840139966 -0.665379015038001 -0.453110404491992
0.0185873092103001 -0.0451630550511231 -0.501021415087344 0.197165200277031
-0.00599547134995778 -0.0518053619030284 -0.0300111001876045 0.306175961246979
-0.00360576666433917 -0.00451919307438976 0.172069591576656 0.0959816772074935
-0.0223046063983691 0.00686635523399962 0.059419170676764 -0.157944641839403
-0.0446918604330906 -0.00805321903949131 -0.0753866914290242 0.138542486383386
-0.0118766466325442 -0.00591919079113107 -0.0033429369775663 -0.161435573069892
0.0283657364142636 0.015732905490511 0.308557055669438 -0.30549019646776
0.0167284008908651 0.0620328602534794 0.518423967186108 0.14156449988102
-0.0271254483008506 0.0557689054547102 0.121422038850406 0.799593822505643
-0.0825814199908141 -0.00331362325314234 -0.566242895068313 0.707339860816377
-0.11169426880549 -0.0102608056570866 -0.539278761208735 0.151942433698525
-0.109789941083764 0.0121848982461981 0.080284233015779 0.0809960733062245
-0.0822568894168918 0.0851536847660869 0.523990840173071 -0.344748953190529
0.02414029602401 0.0818885696333963 0.0226377081808274 -0.820916040145654
0.0701341147221085 0.0285490506926491 -0.656289070167879 -0.477758225983139
0.0337070774365252 -0.0214284429590903 -0.515794471854768 0.179483139540453
-0.0182479905505054 -0.0313368547172812 -0.0407534488998886 0.308309516127431
-0.0267558835862726 -0.00370006159591868 0.168172991160008 0.102247767418232
-0.0333026230941698 0.000593718777246831 0.0608365120010217 -0.156751032198759
-0.0535096613748019 -0.00938494058191383 -0.073208088439444 0.143813308933069
-0.0364396925847273 0.00289257106039802 -0.0209488228683648 -0.148436389345193
0.0204292032341137 0.0377903502917467 0.279203247918063 -0.319326715320066
0.0371363368614986 0.0821901347106737 0.52285143868134 0.0857403716827108
0.000328765868492967 0.0721919746301011 0.194748683022668 0.763985760897126
-0.0845700118738752 0.0184455761584656 -0.5000554681443 0.74486071325371
-0.142178956405646 -0.00171700356822452 -0.550191468097655 0.192161568523198
-0.143955190049403 0.0103307899148453 0.039815235403596 0.0907875599923827
-0.107257677552107 0.0916245670761751 0.532564512048207 -0.296690101181524
0.0304692224122738 0.0997851249884607 0.0934958135388265 -0.810582110622736
0.0961104482401297 0.0490462646639125 -0.616726533263348 -0.536409263242952
0.0494108624830901 0.00517398136430981 -0.542423295465129 0.144575489275953
-0.0271030627422414 -0.0108253457232921 -0.0773171449179107 0.315763387007118
-0.0474452494326474 -0.00167435871872177 0.153004929262493 0.115685255231483
-0.0404060479946383 -0.00400473725891653 0.0642895683238016 -0.153222415837751
-0.0580230820886052 -0.00922620239465983 -0.0692060529722685 0.147996148503761
-0.0549942689008288 0.010308330947833 -0.0495325048182284 -0.134738433864422
0.0101090570318369 0.0546319562466762 0.234417087232683 -0.330989877845236
0.0514367128533357 0.0961585792138918 0.525679447407778 0.0127661841975744
0.0275832712536424 0.0791312696162545 0.295027158738923 0.703537176781154
-0.0722229335052556 0.0347384617034789 -0.392162137154293 0.786582515894122
-0.151690217449809 0.00837923441553298 -0.555862019646278 0.246044480113258
-0.161947624451487 0.00457843583911259 -0.0129293139983073 0.0994619163321796
-0.128602023828451 0.0837197898804777 0.539709720228102 -0.236067026098705
0.0268299807584589 0.108945608108044 0.202427265721553 -0.791383496790506
0.111345223028635 0.0667893081281315 -0.54664090582214 -0.615094332382868
0.0645873382226334 0.0286823847106747 -0.573496478860014 0.0906455840336641
-0.031753454757237 0.00734993410719571 -0.131302155420866 0.325814441077772
-0.0623716450075634 0.00227126170317027 0.125709845544737 0.132907909020052
-0.0438111566020639 -0.00626112319503306 0.0693887919721679 -0.14918541156163
-0.0553022683706833 -0.00649090380786178 -0.0629545685050352 0.147442661457805
-0.0653299481989696 0.0157927672468808 -0.081500873379322 -0.121952950336003
0.00105669629872742 0.0665237692502364 0.179770561931095 -0.337099517273614
0.0553401909866063 0.102479537357283 0.515587772675022 -0.0575505739124542
0.0471409109752225 0.0792017320222387 0.400665878884195 0.628275692751571
-0.0534566460030736 0.0405247857995365 -0.267613668842433 0.817284992676897
-0.141657358065305 0.0164191594733522 -0.553258787017217 0.306508469675905
-0.161058456042438 -0.00452861223519897 -0.0705940175675823 0.105473507626149
-0.139221545544997 0.0643360182506912 0.542507547984462 -0.172581630346985
0.01563901998617 0.104232059899067 0.324363500524836 -0.754820887437851
0.114090181876373 0.0740389345170545 -0.445278501144555 -0.695853899133364
0.0748667424934672 0.0451769707956888 -0.59490701318473 0.020056235847842
-0.0294796837359583 0.0192053556633798 -0.192876334472844 0.334422629581102
-0.068866316617472 0.00691980032536877 0.0900406263978692 0.151063117711291
-0.0411637946802798 -0.00525154551476868 0.0747012272679284 -0.145582349937719
0.00571010828544056 0.0106050946468385 -0.070197090360606 0.118904682339438
0.0632444292006428 -0.0158417756618668 -0.0600856439682535 -0.174750125952279
0.046262969733343 -0.0485639491954782 0.241418360885421 -0.310582015202127
-0.0530340629438551 -0.0224781801852623 0.554834296465956 0.0743737394965535
-0.0960352713295062 -0.0198348622757287 0.305842423030739 0.73494883877884
-0.0504132708991639 -0.0826736941576006 -0.400291543183858 0.761621053456988
0.0474399532853127 -0.0388792922838512 -0.522763696706956 0.178814115317814
0.0657410996134193 -0.0099136155477521 0.0405702097686737 0.0613541072586924
0.0203782224741748 0.00658889341557734 0.563837416813573 -0.306896730169101
-0.0097150389624242 -0.0150622076912756 0.175308523903603 -0.829037168525267
-0.0268118314109251 -0.027483627861908 -0.545663859491352 -0.576250241102395
-0.0173046563526883 -0.0762435548247401 -0.547230431148 0.130934856249141
0.0124794200579884 -0.0883789498383425 -0.123593703800977 0.339109381856817
0.0437159578043429 -0.0123788198069296 0.117395672039638 0.114505754329938
0.0150716390964702 0.0188773743949802 0.0728165768772614 -0.1609268548856
-0.0058509375845829 0.00430235499741734 -0.0733166594542024 0.121396516620267
0.052875879366695 -0.0198232732208955 -0.0289124215364391 -0.177264633013607
0.0419943486463139 -0.0434231663230606 0.285883190909925 -0.301615568623027
-0.0437192231675463 -0.0101497787067449 0.544693481861112 0.126833334566559
-0.0844253109868442 -0.00663361593769424 0.202839022617418 0.779064868778764
-0.048932759311584 -0.0664988855776506 -0.499350036520745 0.723330530430441
0.0214923665933138 -0.0251101667608712 -0.5218778025006 0.145942260263102
0.0300669927112929 -0.00171708778583688 0.0785781535453547 0.0624395589892891
-0.0048913590844149 0.0240777732063824 0.546969823601455 -0.350768409494966
-0.0113759216814266 0.006206029721821 0.0771179279446412 -0.833537199655134
-0.0134083003806463 -0.0194299664599286 -0.610396187867653 -0.506710778116664
-0.00768050750137748 -0.0741150873797057 -0.522968595530299 0.173351826350084
0.011738566001301 -0.0821425265874356 -0.0748210171592979 0.324420895463544
0.0350656839213192 -0.00980757281945941 0.144998040115806 0.102380655624293
0.00482997734331464 0.0166563606260892 0.0665588572102099 -0.160766847975942
-0.0192067174261518 -0.00144874039253147 -0.0747254391425697 0.126056683787514
0.0343326538967113 -0.0200446009560122 -0.00675592560756082 -0.176763153252972
0.0375835950696029 -0.027926979716152 0.311867116007277 -0.295226418939933
-0.0276118505866833 0.0116986257418576 0.530853230989789 0.162151311676616
-0.0693202800121224 0.0128652931475643 0.129705981656522 0.803640650493379
-0.0563866110371302 -0.0471066131410332 -0.564501183683608 0.693905172408649
-0.018003534802801 -0.0169149844499631 -0.519408201484754 0.127752176382415
-0.0142623723090088 0.00548141354053174 0.101269340671992 0.0662212145265296
-0.0305087848992105 0.0460665263484356 0.529871627583421 -0.373135561575299
-0.00288869057647625 0.0315490301913727 0.0112148119642132 -0.832754232248127
0.00951908408356758 -0.00682865401832672 -0.650550903301597 -0.460479891627475
0.00385721053064086 -0.0633586083460747 -0.50271151565251 0.196720138543413
0.00385159385796232 -0.0691917886048289 -0.0407699798002874 0.312354928670013
0.0189944016791886 -0.00700639470071855 0.163885780380786 0.0948459312642237
-0.00854796700753809 0.0124981813715647 0.0612235891940084 -0.159326459439758
-0.0321374987346411 -0.00574475137402324 -0.0753581347070237 0.131430942732045
0.0119973752155638 -0.0144986647169094 0.00114960114041062 -0.169439944269465
0.033681448353239 -0.00742060498653425 0.318448575248054 -0.296678827820191
-0.00575341454731048 0.0378751069000189 0.521585536575511 0.165546127270834
-0.050003721522868 0.0357190090736013 0.102969133392104 0.811887419772613
-0.0707012334648524 -0.025814892657412 -0.585292595764038 0.686905262938083
-0.0658359857180077 -0.0132824044968773 -0.524783940084385 0.130352189488287
-0.0634804419706948 0.0108553584847313 0.101942060969517 0.0721199124440129
-0.0562150982938491 0.0685699905321027 0.520023286843586 -0.371245467883745
0.0111854661019406 0.0577243085531598 -0.0105813169166932 -0.824536892766132
0.0397772505196676 0.0089873238563658 -0.666775917554438 -0.448357417771622
0.0177464363029565 -0.0453880489179731 -0.498645361934425 0.198337819336817
-0.00716603168171093 -0.0514518467497797 -0.0273937113230461 0.305808408371414
-0.00324197953200428 -0.00477978237336505 0.171950156197144 0.0943132035940929
-0.0222250774406273 0.00714933838878919 0.059804294962532 -0.157243743550042
-0.0441976523279405 -0.00794608026141367 -0.0750950434561177 0.138611891105697
-0.0124269697642001 -0.00645527923688127 -0.00448699443718357 -0.159866454924341
0.0276437844935242 0.0153463212610181 0.306292708406006 -0.306680982064601
0.0175885606263227 0.0618991504366385 0.518324976584355 0.137719847959783
-0.0268466307282459 0.0558401213512171 0.127278800689893 0.797607195743203
-0.0830767796447318 -0.00288144264473245 -0.561000421473944 0.707164716872128
-0.111236043678953 -0.00865783396249969 -0.535863621073312 0.153225998377545
-0.108721837758064 0.0125746688528665 0.0807123396098653 0.0814736086201393
-0.0811091482033078 0.085659974100035 0.520958296686009 -0.345424688941032
0.0243125179415396 0.0811770592438883 0.0157000191545391 -0.81798330362353
0.0703295215809654 0.028236809242647 -0.658064402110777 -0.473718716437948
0.0328158299719427 -0.0220243680219943 -0.510985500263566 0.184173215690307
-0.0187298339655635 -0.0310598737448446 -0.0383418696639667 0.307234416646416
-0.0263396257047098 -0.00323808352671425 0.169246365447598 0.101433666728015
-0.033484236448403 0.00119959285901382 0.0602169273064092 -0.154492384937967
-0.0531953671412208 -0.00939986707220673 -0.0725506367798654 0.143545793910382
-0.0362439745110148 0.00269526234211075 -0.0219773977821751 -0.146541387115863
0.0200024249880341 0.0368151497271332 0.276676841047878 -0.320138468615775
0.0383049951787611 0.0825098460328952 0.524007108895259 0.0806784341715269
0.000745161592702617 0.0711805748912046 0.200511359726134 0.761057099130212
-0.0842898658040379 0.0188856168428391 -0.492469556767181 0.744243007214594
-0.141555404167597 0.000226864559226832 -0.546237778650761 0.194317808782846
-0.143620572950172 0.0110342240801524 0.0401787653512167 0.0913047109417591
-0.106344305768342 0.0916299545096831 0.528298148459608 -0.298473586267388
0.0307982822858089 0.0999716125956682 0.0881101261524396 -0.810699454975728
0.0964569988220483 0.0480503889040066 -0.620045962058914 -0.528925907397747
0.0490735881565779 0.00362271532575273 -0.540256612081835 0.148346252222935
-0.027993072787036 -0.0111091626731364 -0.0741174079032126 0.316214439798134
-0.0468657378404873 -0.00128923564662362 0.153470252265968 0.11468895587084
-0.0409093925016048 -0.00347350651122087 0.064222911114994 -0.151563739019747
-0.0577206638180771 -0.00827589695159408 -0.068395567954301 0.147629772637011
-0.0536192675103813 0.0109368674005489 -0.0501942768702842 -0.133909703554132
0.0106958070560573 0.0545990885211524 0.231827762337533 -0.331689747424634
0.0526640383679122 0.0952988325401722 0.523822355497441 0.00893293050234851
0.0276152715365 0.0785338924425721 0.300135926662292 0.702392251038313
-0.0729241448336397 0.0348404624941315 -0.384800173201854 0.784831421292361
-0.150800996932141 0.0106506952364007 -0.552491984840435 0.24705526493251
-0.161381398446022 0.00483961535998236 -0.0128398114434628 0.0994298571563011
-0.127332624073667 0.0841828479585369 0.537760223916402 -0.237817660280932
0.0274307669033774 0.108150346433968 0.195868603561618 -0.787602262946363
0.11157132637975 0.0651698349719499 -0.549324317208217 -0.608003629412244
0.0650216185570891 0.0273080350458302 -0.570615042684455 0.0940053042562846
-0.031330455250294 0.00700914500896927 -0.128048068227632 0.326375644128035
-0.0610469186028708 0.00270038541664326 0.125426436131258 0.131781922202576
-0.0436839533282272 -0.00613318151766859 0.0687727299722707 -0.148785043079617
-0.0549100365498086 -0.00611948607432339 -0.0636530648315459 0.147266719764674
-0.064310365970408 0.01577294055196 -0.0829824946099508 -0.120398709418468
0.0012120286975308 0.0651747858546259 0.177811385445819 -0.336906378344573
0.0555732109443713 0.100924083939809 0.513169143001652 -0.0625585697203042
0.0469334089007336 0.0771036032570243 0.403671183385216 0.623899423301504
-0.053756084141216 0.0402581248937029 -0.261574958864966 0.816015429636031
-0.140729409435045 0.0179714799515754 -0.549043730704799 0.306911925469718
-0.160348149293322 -0.00262495306599174 -0.0696865695733539 0.105919131113938
-0.138727704953554 0.0654957785759676 0.539310984374294 -0.172841218969964
0.0158923857487485 0.10391474302166 0.318375707296645 -0.754802894149105
0.11346559350823 0.0737260617218149 -0.447726101895943 -0.690444283281744
0.0751216066923957 0.0435030357885643 -0.593363015813276 0.0257423847131122
-0.0294656902494423 0.0196950426655845 -0.189917552351104 0.333894591042416
-0.0680149439041193 0.00719407873651186 0.0908341376749076 0.150683537336635
-0.0416891437463282 -0.00600071052375578 0.0743725213786069 -0.144996412031403
0.00519880479125535 0.00999232017593243 -0.0696068634038202 0.118349877487913
0.0623327370004569 -0.0159708282919226 -0.0611160444006101 -0.174058405182734
0.0464886473231598 -0.0480890582466412 0.239518903971017 -0.311702953307655
-0.0529167338208021 -0.0211584969413283 0.554925091883935 0.0721173757647619
-0.095342117993487 -0.0194580301408752 0.311161945686331 0.732035400508037
-0.0509668586434306 -0.0822654217223345 -0.394955455802755 0.759437285647644
0.0476174200258103 -0.0381768256574232 -0.521010208378586 0.181069145027013
0.0661066986031295 -0.0101355490154631 0.0408930495208298 0.0619343427021783
0.020938580721831 0.00633725623672928 0.560004958146543 -0.30885342999165
-0.00968923094023744 -0.0142924799872494 0.172506135557574 -0.829050181055106
-0.0265175599217804 -0.0272224470790395 -0.549346951749117 -0.570522173873578
-0.0169928384795339 -0.0753285837760213 -0.544813972902823 0.135317295304984
0.0116957985212829 -0.0876488665399333 -0.12038991627524 0.339392290937991
0.0430144817056018 -0.0131115843547293 0.118097841618313 0.113939459347902
0.0155077644368957 0.0182209508956168 0.0721806608281683 -0.161057980376264
-0.00542178188611048 0.00393929138021516 -0.0736592330679775 0.121149717915989
0.0515579729254225 -0.0209875874077867 -0.0304260041291232 -0.175941103885557
0.0421550922426936 -0.0435415630356065 0.28296021849473 -0.302571435245919
-0.0432836412286617 -0.00914373828953585 0.543389092850899 0.12336828918749
-0.0840301919133812 -0.00626791006673001 0.209718583510029 0.77728601846268
-0.049036464232322 -0.066554018196055 -0.493231155208983 0.723159261335881
0.0220753696128362 -0.0251909168905626 -0.51945973812735 0.147384087765722
0.0299378051109616 -0.00135644371650186 0.0785722474364406 0.0627289932809629
-0.0048908159304843 0.0233973908208779 0.544339874975345 -0.350599892644709
-0.0116680043370058 0.00622594635915182 0.0732875843896454 -0.831211396995946
-0.0136800234732562 -0.0188530223802691 -0.610430466034945 -0.500034890707134
-0.00823248770498909 -0.0741464687825811 -0.520409935568635 0.176454912133241
0.00998582437539937 -0.081873157807852 -0.0729375216911968 0.324821799436484
0.034370675727045 -0.0099352846703596 0.144693039703753 0.101582335871626
0.00472761726586339 0.0163047276911928 0.066597869879693 -0.160110909275937
-0.0193394647430264 -0.0013864513952318 -0.0746338521776604 0.126008733719282
0.0340874636468408 -0.0202493280665354 -0.00782095313644452 -0.176212130154862
0.0373666341171278 -0.0278876671046564 0.31120741607565 -0.295947906853299
-0.0271390957087739 0.0124191474513819 0.531754040080557 0.158488235138423
-0.0689706301256599 0.0129452183720608 0.134634205522999 0.805312324209698
-0.056477058821323 -0.046773539497678 -0.557830295217102 0.692665422123605
-0.0180889165206676 -0.0167387483275791 -0.517736403580475 0.128536922385356
-0.0144353909884168 0.00605239881003199 0.101265699745596 0.0655793744598887
-0.0296782712143561 0.0462408823952828 0.525367614831744 -0.374464283717815
-0.00272030077047841 0.0309599057045812 0.00465066912978626 -0.828876527556505
0.00975577459097975 -0.00723063692290946 -0.653080291457355 -0.454962807911788
0.00381095132391062 -0.0638179174827556 -0.500496879616342 0.20047521318387
0.00377529809799719 -0.0689596408649799 -0.0385389663599803 0.312452605609421
0.0182971795328105 -0.0068190842488042 0.163749217649376 0.0937381575928461
-0.00881080927601555 0.0125656189182424 0.0613431149761814 -0.15858467659595
-0.0321204119601568 -0.00595918089939102 -0.0752313721018154 0.131665055620847
0.0120160889146906 -0.0151889123449122 0.000382464327098677 -0.168908772139375
0.0333733569611747 -0.00800586532933208 0.317127667184322 -0.297314783024925
-0.00460517974594034 0.0384028847324883 0.521576208129456 0.161334740591173
-0.0495873461082269 0.0343948733405744 0.107299646425953 0.809434371835775
-0.0708000367525537 -0.025319101082791 -0.577796029458459 0.686445289785148
-0.0656371580767 -0.0114598600203202 -0.521013478598843 0.132229160829611
-0.0632584644082691 0.011507665249053 0.101574969014329 0.0723607501054391
-0.0555829463157346 0.0693204629843168 0.516759201582479 -0.372675270701336
0.0113306142632049 0.0567333817213166 -0.0167173793020705 -0.819987482403196
0.0391618682484101 0.00855083860562682 -0.668335148319329 -0.442086558200365
0.0178179890345149 -0.0457871249837598 -0.496912102249387 0.202958893487426
-0.0074263078191055 -0.0511812288042018 -0.0259339543710036 0.305630601280214
-0.00324085465226267 -0.0045523740315191 0.172719766822365 0.0936644406615824
-0.0228071971344617 0.0065325122096814 0.0588301286518186 -0.155855248258364
-0.0443689064599837 -0.00825688332015801 -0.0744434180977062 0.138237886620816
-0.0123361782591158 -0.00704612982131734 -0.00463337290088563 -0.158724849698138
0.027598209515566 0.0146197284150413 0.305107516790587 -0.306590389147885
0.0182244185021078 0.0622842158503751 0.520365189465757 0.133392781386616
-0.0264479888353481 0.055826542699074 0.134371612259732 0.794770692092317
-0.0831519389570815 -0.00241562903080018 -0.555784354745472 0.707655498529617
-0.110308670602022 -0.00724663764988822 -0.532801475342186 0.154857554250065
-0.108335490323795 0.0132022773927018 0.0806847067754084 0.0813596932391179
-0.0805613293855783 0.0861127325388311 0.517370845786546 -0.347382763305669
0.0245939832667354 0.0813138628281642 0.0120043534163841 -0.81618756669097
0.0701990530712136 0.0275926307939559 -0.660799353693889 -0.466079781683145
0.0334956393804531 -0.021984624619101 -0.508871572866761 0.187862325219597
-0.0191310306624195 -0.0316909284103799 -0.0371643689682046 0.307386060182348
-0.0263410394004624 -0.00308250923916887 0.169584323919404 0.100740946403547
-0.0334827217004126 0.00141708992104931 0.060594033588404 -0.153602331883193
-0.052927383218596 -0.00907346773355107 -0.0725199343017301 0.144509427831801
-0.0354358111144215 0.00244023798002886 -0.0228802202130899 -0.146003982560819
0.0204094017568955 0.0357068410961108 0.274429369594788 -0.3207308782937
0.0392858616275065 0.0815275851969894 0.524314344822139 0.0769601125208806
0.000402174098667232 0.0701511963727026 0.204198312535081 0.757474477450492
-0.0847889890231661 0.0190251432261706 -0.486768081302899 0.745339658237306
-0.140309418835459 0.000150342323207403 -0.544175701865005 0.195782094043627
-0.142630936045715 0.0109698704070907 0.0412342911507603 0.090937996755945
-0.105085490879082 0.0922488745700608 0.52398358027817 -0.299197474826817
0.0311419106561126 0.0997259940467412 0.0830728989369328 -0.807488422353466
0.0966356952704891 0.0469240993329475 -0.622065734678213 -0.522840191427229
0.0491665888757716 0.00282342977368755 -0.535547307374101 0.151945372772874
-0.0284783468868689 -0.0107941333774346 -0.0721634198783374 0.316224909935976
-0.0464056635765235 -0.000725936061679888 0.154167043599985 0.114113540103439
-0.0403889843116348 -0.00321940690200227 0.0645863133839383 -0.150984536899545
-0.0564075575173083 -0.00810345560788153 -0.0687227078694015 0.147249369629169
-0.0541044448077372 0.0109226545164181 -0.0504487711517794 -0.132867077225196
0.0105263157132546 0.0535315216602643 0.231011064812445 -0.331477999685585
0.0533406689303976 0.0938303613858675 0.522225761784872 0.00564410420200012
0.0274279012826654 0.0773178957279478 0.30432072570733 0.698165921571786
-0.0729980698328098 0.0346926023445637 -0.381320223306986 0.783115616924027
-0.149024373292463 0.0120551948554695 -0.549417689654467 0.249342443071506
-0.161743245408562 0.00568882347045093 -0.0113350793850013 0.100575777604372
-0.126609510489568 0.0846017520684755 0.531764030185902 -0.239023971808597
0.0277654595241058 0.108000733389837 0.191767575895567 -0.786100208930707
0.111580450936774 0.0639065321796809 -0.551338941609845 -0.602685249125135
0.0647280709224006 0.0268784469968013 -0.567961774975406 0.0974807415991564
-0.0313289005158197 0.00674778407846371 -0.125981566165511 0.327709080006043
-0.0607515058539519 0.00243078912035745 0.126126215349808 0.131263236822475
-0.0437241428617625 -0.00568326835575262 0.068425699517037 -0.147861007018479
-0.0539080002130822 -0.00623329463750871 -0.0629122876487827 0.146857797650732
-0.0639008997467053 0.0157130931942619 -0.0832239186448134 -0.118846764575636
0.00214465158316855 0.0648818992703336 0.176118695021184 -0.336803540656453
0.057080485403523 0.100652228874209 0.513561796620791 -0.064912369733017
0.046724041096017 0.0756308570580869 0.407012524741249 0.619630492031258
-0.0538233592931025 0.040797906431296 -0.2563658676135 0.814012808754458
-0.139260768946747 0.0193006194988069 -0.544955957884803 0.30827267408821
-0.160129893170979 -0.00188311051974194 -0.0685527321432076 0.106880446159173
-0.138688077656648 0.0660339406596911 0.537573261171172 -0.174686610704075
0.0163203111734217 0.103308204003677 0.312702607741942 -0.753939248239918
0.113965136761881 0.0718920798398962 -0.45165455864185 -0.684383748448436
0.0750275056342491 0.0426796522169498 -0.591189502119389 0.0298018278592919
-0.0301957466817355 0.019289806759898 -0.186789429140072 0.335256838353354
-0.0672963640523773 0.00791201167981866 0.0908702796486527 0.150424896437372
-0.0418337584195422 -0.00495022711893245 0.0729043138346421 -0.144026279387993
0.0054357026507034 0.00932737381236301 -0.0698375357491558 0.117702122876638
0.060968601675371 -0.0166983704246558 -0.0623518638238674 -0.172983387233595
0.0447704321273815 -0.0484458560768048 0.238722405552803 -0.311538886866634
-0.0521347513272429 -0.0202718103711335 0.5557203053105 0.0688920071755752
-0.0951094625019472 -0.0198752229083678 0.313170531802414 0.72896071548739
-0.0508043304869043 -0.082034039658398 -0.391597628081407 0.759884422655334
0.0479429649870531 -0.0380603144292659 -0.519903981572183 0.182191134217477
0.0657582780009794 -0.0103427946504496 0.0409706995018874 0.0623636846171498
0.0211384400451071 0.00589360357838807 0.557130879242336 -0.309124653639728
-0.00999501958016909 -0.0141199784684652 0.167463315355082 -0.826331248090029
-0.0271596340650341 -0.0275051085550409 -0.552598422905236 -0.566320798398446
-0.0171942265858472 -0.0750889073479527 -0.543948874913079 0.139515188991095
0.0102302790062893 -0.0877385411454744 -0.119325067468101 0.340391470638951
0.0424902159865867 -0.0126747892405285 0.11801802399397 0.113510951904698
0.0150606817422416 0.0175177858055108 0.0723018414415372 -0.16030357999964
-0.00506122785764593 0.00366378441745979 -0.0737111196879149 0.120544611488939
0.0516207757367429 -0.0204402430823324 -0.0317146737405532 -0.175391914085622
0.0416002677859042 -0.0434202916545711 0.282411512789047 -0.303201524174787
-0.0430603900864248 -0.00818089109425192 0.544823310623134 0.120138299294189
-0.0839490360342505 -0.00663404818036142 0.212400402945111 0.774843449920292
-0.0493689866464925 -0.0665026182468593 -0.488693647781437 0.725205147294854
0.0227316712797319 -0.0241166407829476 -0.51808235745445 0.146561999066743
0.0311082519868352 -0.00164574071983134 0.0785916719702887 0.0622486912146071
-0.00479871097958492 0.0242492275079087 0.540011659996748 -0.351861355734717
-0.0111020796451152 0.00654733100395702 0.0682417362455333 -0.827960074814419
-0.0133950199792163 -0.019245632068215 -0.614819034689051 -0.496024204341742
-0.0080620983815458 -0.0740981266575653 -0.518011239068753 0.180823069205074
0.00943059760768998 -0.0816260813700546 -0.0710739153250742 0.32512128758232
0.0340743214390637 -0.00931475778137847 0.145360545341613 0.100706493858176
0.00408390454455839 0.0159293840859574 0.0665654202091868 -0.159404199066799
-0.0188743197219248 -0.00201652211163894 -0.0750948509930859 0.126095350565202
0.033446470818963 -0.020353785890926 -0.00932924827588353 -0.176476155914578
0.03745079006161 -0.0282250438819586 0.310487918907568 -0.297753089966454
-0.0263803860497869 0.0130533190547379 0.532173861279373 0.155581584524811
-0.0692240738882242 0.0120857936136418 0.140211714124951 0.80243561997445
-0.0571384396103863 -0.046375978400325 -0.551979020028657 0.694223719851028
-0.0169813392282097 -0.0150033822793082 -0.515983715055495 0.129882642178576
-0.0133270048213487 0.00611090775101944 0.101876515654981 0.0656720153723186
-0.0295239290069811 0.0464470281582306 0.521351183312698 -0.375636737748821
-0.00248850195523902 0.0312222693206825 0.00134852378663227 -0.827603826312436
0.00982031464875809 -0.00699569778371576 -0.653658116514516 -0.449922077878354
0.00303810768165417 -0.0637059664793565 -0.49883613039046 0.202263366013232
0.00308935568961719 -0.0685317641780369 -0.0362935521809076 0.311959953957672
0.0176425251171016 -0.00681747969600127 0.163999028680817 0.094025157460684
-0.00887839515276191 0.0121730181095364 0.0609261882308311 -0.15804821558874
-0.0310309241219094 -0.00559253728998848 -0.075178045133025 0.131142781037684
0.0118807805027825 -0.0147599925676286 -0.00115803487266469 -0.168259534970358
0.0325031709264461 -0.00799546757567539 0.316139322732086 -0.29935159488166
-0.00365652274645539 0.03826204226438 0.523559725433397 0.15852404996105
-0.0491397438708564 0.0350557258631165 0.113972297533159 0.807577535710772
-0.0711762870773834 -0.024747053410943 -0.574095430623559 0.688785003500468
-0.0643393814465945 -0.0110651345786274 -0.520392604253969 0.132746759280177
-0.0632004445262516 0.0112032385264225 0.102361827281043 0.0728927648254025
-0.0553902179521632 0.0687292323277788 0.513372595575636 -0.373160558061572
0.0115126759059065 0.0567492711816497 -0.0200090985662136 -0.818907851726392
0.0391239511393043 0.00875972821715574 -0.669977750763188 -0.436792920975402
0.0171240490068169 -0.0461725645729491 -0.493554973467793 0.207854254837865
-0.00767631067395668 -0.050814494588944 -0.0237095974014098 0.305549271054424
-0.00394787513384827 -0.00405179975900093 0.172717336107054 0.0940319485341348
-0.0224931362500622 0.00713614267890922 0.0592455534314453 -0.155399254873273
-0.0444114256216174 -0.00802699919428272 -0.0745171114421161 0.137764331340147
-0.0120093223411726 -0.00692174024261192 -0.00624136995053088 -0.158651968157183
0.0277945042369297 0.0147588046052456 0.303248596182183 -0.308244597882857
0.0193173120839075 0.0622837685084625 0.520368306599721 0.131095658921185
-0.0258981048671444 0.0544351083454985 0.136861234922387 0.792443914331208
-0.0829399516244561 -0.00246629975761244 -0.55092341560484 0.707603612473471
-0.109377451452084 -0.00584952342836414 -0.532277569199691 0.155469405853901
-0.107466099140815 0.0134269825743982 0.0811966329361756 0.081991128820844
-0.0798725372926923 0.0869374453141186 0.514229409386851 -0.348680239379835
0.0246922825308125 0.0805885543008083 0.00752108917135155 -0.813049359288418
0.0700877779208109 0.0263239954802024 -0.661053766069038 -0.460526440475459
0.0329134180258267 -0.0225679613877539 -0.505546750984085 0.190440949350082
-0.0195454486824116 -0.031298932175354 -0.0352424261064718 0.307683848473087
-0.0260084064003835 -0.00301439104412839 0.169273398338335 0.100539926234675
-0.0332124439033382 0.00123978103241927 0.0600891666114564 -0.153161323254422
-0.0527661110701372 -0.00856655774048601 -0.071850945422415 0.143201470718578
-0.0342250081221592 0.00266588480858346 -0.023366053397621 -0.145601423508726
0.0204368921174014 0.0354665678196354 0.273915678073412 -0.322313159334843
0.0398186414843147 0.0816730411765019 0.523505651869993 0.0751733860014017
0.000562800195503074 0.0696629660418653 0.210052249427204 0.755149696402203
-0.0841985864851302 0.0189770071589426 -0.482698043656073 0.744242340165243
-0.139076584438433 0.00189796956873484 -0.541908987178955 0.195927571681679
-0.143027729015198 0.0117428633054237 0.0408184146782711 0.0923205185097475
-0.105140882449949 0.0922496868701541 0.521779077150586 -0.300517965357047
0.0306967933774272 0.0991560356272755 0.0795515278946214 -0.803406013471729
0.095918122915103 0.04645476863554 -0.623169213930024 -0.517249284350659
0.0495710186037224 0.00274023144850182 -0.534630670637012 0.15496527552579
-0.028033783318202 -0.0110130651442309 -0.0704722133379586 0.316756221109533
-0.0456819880867346 -0.000968183099346615 0.153043189194163 0.11338904015787
-0.041236609220871 -0.00322974076025364 0.0639764347805352 -0.150327374804336
-0.0560271910212312 -0.00783507826410877 -0.0680761320660238 0.147156146950864
-0.0532542513875821 0.0102337793098001 -0.0513367685035178 -0.13145606242382
0.0114065624498663 0.0526886442690034 0.228918089459303 -0.332100899882965
0.0535436598544895 0.0939500815718414 0.522835685952404 0.00344236679256959
0.0284724310774283 0.075962550089257 0.307787622561481 0.694900339238847
-0.07299913474853 0.0351514034218029 -0.375112301669971 0.784780815618853
-0.14888927936944 0.0130958814346216 -0.549143141940652 0.249933188585109
-0.160339664798856 0.00652481562315791 -0.0108955180608718 0.100711172478292
-0.126175572889979 0.0848579164041415 0.531850486843511 -0.241700578459105
0.0272415438317804 0.107997461434853 0.187512074513454 -0.785672489810845
0.111744308271491 0.0625105810710117 -0.554404139690854 -0.596747832948467
0.0643288920628754 0.0261189149286328 -0.567346686198769 0.102219803556075
-0.0307202639897614 0.00654352488990118 -0.124082542216828 0.328477373687896
-0.0601800571092545 0.00344691149393649 0.126504714458824 0.130872390531138
-0.0436825300067984 -0.00493459870223986 0.0692679316538241 -0.147328684125127
-0.0527491542645748 -0.00611654851716852 -0.0636028543265633 0.146623689346042
-0.063372974453796 0.0150691719524598 -0.0842420329935476 -0.117872929578748
0.0026343530830475 0.0638709335115279 0.17394138392395 -0.337038842847598
0.0573939198162263 0.10023230808042 0.51256346473116 -0.0680140177877917
0.0468242010879724 0.0747147716433751 0.410369533251048 0.617230712169884
-0.0542000476564907 0.0404413759340504 -0.252003549460438 0.812516762697812
-0.138726734724864 0.0203796964089873 -0.54420578052322 0.310776045622651
-0.159610803668069 -0.00153296166462007 -0.0679878679069446 0.108045430508717
-0.137594129406412 0.0670309353590747 0.534310859394314 -0.176042882994072
0.0161202555111856 0.104032855932208 0.309701875899351 -0.751383378578253
0.113739011080158 0.0701814298755731 -0.454068763645659 -0.679296437885158
0.0748103289460396 0.041281105521146 -0.591605898846887 0.0339562420842083
-0.0296905248518671 0.0190001660655333 -0.184532666874241 0.336157722834611
-0.0665990607795009 0.00864660191598966 0.0913413017158612 0.149863856714429
-0.0420422960426983 -0.00509306426567584 0.073912849208774 -0.142943408134041
0.00581970433140399 0.00962678072913702 -0.0703152760165035 0.117805119778344
0.0605975753577186 -0.0170731064335137 -0.0640722285808209 -0.172224750318557
0.0441973878917396 -0.048187870088625 0.238408904441871 -0.313025568706478
-0.0513730046665284 -0.0195710944785611 0.555615587583057 0.0637928173813972
-0.0943186743527618 -0.0202304196449013 0.315098663891527 0.728835069771576
-0.0506556339505682 -0.0830209488841434 -0.388149824679453 0.761049089428306
0.0484541567103513 -0.0371305867685825 -0.518383749601898 0.183284416949774
0.0656362673676408 -0.0100801372043499 0.0413030242698374 0.0621553025131816
0.0207513990534577 0.00645907976018978 0.555178349590017 -0.309157409318781
-0.00945726766963943 -0.0141628774311446 0.162754494659954 -0.824498307076624
-0.0266082972623722 -0.0266562289521241 -0.553439970883956 -0.562160702554472
-0.0173809872651718 -0.0753770284280749 -0.543074972294175 0.141380105660415
0.00898552379956047 -0.0871474277701256 -0.11686232124393 0.341040604284455
0.0417145465126532 -0.0131636972519531 0.118897432138924 0.113762013053959
0.0142553664608057 0.0176412008030222 0.072502718926595 -0.160350296477363
-0.00470983193662599 0.00336368084802749 -0.0738673546830887 0.121902047277636
0.0503550120235659 -0.0210080432270854 -0.0326883896630933 -0.174940564870461
0.0402925166310003 -0.0435287754179212 0.28160581206189 -0.305143915916392
-0.0429384251622938 -0.00768153240852014 0.545435503333628 0.117549279019854
-0.0835260406135965 -0.00669594014459527 0.215293407415734 0.774062087859782
-0.0493951188420199 -0.0668162894168019 -0.484963494746514 0.723975349725853
0.0230729742922369 -0.023759718416323 -0.516234381616171 0.146992308447266
0.0312729621680234 -0.00217948333573395 0.0786812614685565 0.0621698494959181
-0.0043846409549005 0.0238571485903705 0.539190011064227 -0.351965760778192
-0.0113937984736617 0.00639205351516165 0.0648579889719738 -0.827222661754056
-0.0135127306495747 -0.0191963359779149 -0.614611511826195 -0.493271845655777
-0.00867502018035035 -0.0737823988893092 -0.5172143611276 0.182993402577586
0.00872495699028317 -0.0819977654580802 -0.069162934889958 0.325902231176142
0.0333896662055587 -0.0103898582746799 0.145405090645138 0.100742078774299
0.00415105241654558 0.0152896417678324 0.0665280149464468 -0.159000313561683
-0.0185102280446968 -0.00210078693722029 -0.0751627408033636 0.126015937782163
0.033336092102321 -0.0199980383892033 -0.00960979326174907 -0.174658816315049
0.037181599409314 -0.0281815529725322 0.308457459398602 -0.299449785138038
-0.0255149843319906 0.0133944230687491 0.53344587883956 0.151924817599258
-0.0681184703135532 0.0127802114716856 0.141913963614357 0.801442014183884
-0.0567657850121889 -0.0471860640634665 -0.550596389465605 0.694411188475632
-0.0170559743316012 -0.0153181438735744 -0.514109091756121 0.130256272165435
-0.013576663368046 0.00613718762686296 0.101735129447855 0.066565385126238
-0.028811050271232 0.0464653659812596 0.521479732759171 -0.374490507090008
-0.00206595952791788 0.0306594786873739 -0.00295834681185934 -0.824183486770733
0.0103684744506567 -0.00715890305124822 -0.656705189267328 -0.445743435857553
0.0036566744097193 -0.0633386091693338 -0.49649298388129 0.205913166986071
0.00212117704169588 -0.0684307378297948 -0.0352913135546558 0.313259243445534
0.0176713000156628 -0.00636222374886837 0.16460866928451 0.0937996056723528
-0.00844819636858253 0.0113947056563157 0.0613378806355454 -0.157765086907828
-0.0318584900924851 -0.00599521943393426 -0.0754893587642443 0.13208361423058
0.0116722036933498 -0.015590010447016 -0.00120652999047323 -0.16825961402206
0.0333629173132551 -0.00867625388638248 0.314525347189744 -0.298858289875645
-0.00292724396172449 0.0384143970053797 0.523111171421028 0.15541999438727
-0.0495919301577527 0.0334481828995319 0.117246238671871 0.807904915187417
-0.070606612111445 -0.0251747998407261 -0.572501552410535 0.688501097702161
-0.0641026002659483 -0.0102008723630701 -0.519071050313549 0.132904076938973
-0.0620388234701599 0.0113629001503175 0.102356076738509 0.0735232345454185
-0.0545347960893811 0.0693880978491521 0.510014555853549 -0.374230373108091
0.0113107472981623 0.0572315269515562 -0.0225051324414187 -0.816791192749886
0.0397677594645963 0.00866323634964652 -0.670886453167165 -0.433282225432813
0.0168516547939408 -0.0461690984258695 -0.491414048149036 0.208573439336172
-0.00807635311049985 -0.0514654744528622 -0.0228506931150263 0.306366103193063
-0.00330986014196568 -0.00485050936029172 0.17336541972418 0.0934674441821668
-0.0231416636991249 0.00687441500014729 0.0584059121589176 -0.155585608404135
-0.0440535389958916 -0.0084132686862009 -0.0740966663908644 0.138619094662149
-0.0122989440889036 -0.00728636881554623 -0.00701116472384733 -0.157729668452437
0.0284061850351171 0.013921095873647 0.30196868916981 -0.308681591177175
0.0204374427700332 0.0627018168911251 0.521699243457761 0.127902031112098
-0.0259492077873052 0.0542474965698929 0.141298558156077 0.793783749427763
-0.0833166308876581 -0.00200836040638552 -0.546445910002971 0.707378629065323
-0.108337697149688 -0.00565818376401958 -0.531853892357033 0.157116144964018
-0.10746500088363 0.0133669956003448 0.0819026564389014 0.0824010577570558
-0.0796959459159425 0.0862497405961608 0.513341606629279 -0.347375635162495
0.0243179475502179 0.0808248908234543 0.00418863986997149 -0.811979780231761
0.0712209896275214 0.0258574417423048 -0.664245508466388 -0.45813934710849
0.0325305556823453 -0.024067552279472 -0.506568696236643 0.193947848955327
-0.0202260073188473 -0.0320367178728695 -0.0335811917401599 0.308935447919464
-0.0265789861907986 -0.00370472067986392 0.168928333792291 0.100040439414114
-0.0343234609990851 0.00116017246837201 0.0594223075083947 -0.152592444758142
-0.0523100020388703 -0.00811335501167456 -0.071857359898122 0.144078467212993
-0.0350930468121058 0.00258491102615655 -0.0231678933945886 -0.145091393247687
0.0203296939539979 0.0352275538959011 0.273798328015966 -0.321940774120456
0.0402065225273562 0.0818498249400702 0.525541115418405 0.0725552520824569
0.00127485174840047 0.0691781955379972 0.213841346857095 0.754867819098033
-0.0847130084604006 0.0194942752142058 -0.478545983862586 0.745148777818139
-0.138532580069052 0.00341028855834093 -0.541615716177929 0.197398917659876
-0.141763264013385 0.0115724470291372 0.042197720314082 0.0921868020993411
-0.104966101069013 0.0931108400305412 0.521704078715866 -0.302083470792274
0.0312678174412175 0.0995547504025642 0.0743205059271166 -0.804091257020861
0.0961701437242888 0.0456755947835442 -0.62505703541893 -0.51298686550983
0.0487258359557815 0.00239091432072178 -0.53312313755805 0.158906163717125
-0.0283158922384209 -0.0111631111639013 -0.0692037779504006 0.316798642666121
-0.0462981359742797 -0.000609874270322757 0.153773850081317 0.11339417531649
-0.0414388927493746 -0.00346853058418713 0.0635289684991047 -0.150015718654734
-0.0555200641208158 -0.00797474449814923 -0.068248573762817 0.146766692153736
-0.0525611021067568 0.0105570671166634 -0.051777655712769 -0.129993619333716
0.0116540134140361 0.0527951846239545 0.228290219713462 -0.333003115642895
0.0542556964369477 0.0939275281172874 0.524170600959553 -0.000327658351050053
0.0268854591954624 0.0754911908305844 0.311250542471815 0.695346227043005
-0.072817208263894 0.0352731381523862 -0.372651732865061 0.784269968619645
-0.147668982604978 0.0137517601814391 -0.546392708050393 0.250407070209628
-0.160122236725635 0.00606669854478187 -0.0103184862476758 0.101390580433844
-0.126017688067818 0.0860229227126749 0.531259130041527 -0.241080344809333
0.0272529072621941 0.108175942384173 0.183139542732057 -0.784545255402183
0.112024143638661 0.0616668547950662 -0.556960959450678 -0.592547610744095
0.064919467824699 0.0248237534462041 -0.567306253753373 0.103844672792643
-0.0309071074430958 0.00705360969877171 -0.122383289631079 0.328448821222619
-0.0597115561580378 0.00334803902265954 0.127156088002835 0.130872820186885
-0.0440609666874571 -0.00481254739852633 0.0685986495667787 -0.146618382405391
-0.0535301531597972 -0.00571520769578634 -0.0634677711374431 0.147386852245742
-0.0624667154748111 0.0157240638713572 -0.0844472420091962 -0.117866831285241
0.00249055729246067 0.0631714666214583 0.173438984131573 -0.337817226980841
0.058498451933319 0.099519569293501 0.512155926366816 -0.0710645377291681
0.045886389087528 0.0740735521499005 0.411719016280813 0.614626208432684
-0.0548806858145241 0.041302520414959 -0.249048842530163 0.812215671798615
-0.138040347537753 0.0218656796867629 -0.54266559943485 0.310873085888683
-0.159287689789355 -0.000706613253059115 -0.0670020275261727 0.108617300344883
-0.137333387690898 0.0682322416120328 0.532565154709606 -0.177159105824507
0.0168345210213644 0.103709805639192 0.305400398831592 -0.752677032654536
0.113826213706784 0.0704099034303954 -0.457491763759864 -0.676972432200647
0.0745922386377185 0.040540838465466 -0.588353878832246 0.0362628063919105
-0.0298668658712208 0.018865559485337 -0.183877215630574 0.337767709158521
-0.0660674494775843 0.00892666569052194 0.0923178645537297 0.150202215427961
-0.0419713679636197 -0.0049590423621705 0.0733254210682494 -0.142997820289157
0.00592702845838134 0.00974000567256389 -0.0712944307343974 0.117955131865301
0.0609475268471744 -0.0169911350044782 -0.0644640420406448 -0.171026625476064
0.0444822735581027 -0.04800302370616 0.236179894983045 -0.31447701746235
-0.0515494601766545 -0.0186297805482289 0.557318355569671 0.0624079495693517
-0.0943236340501966 -0.0200709680747004 0.31976421382051 0.72684688560847
-0.0508911805165021 -0.082826539459045 -0.384927181249986 0.75968385879562
0.0485363531615782 -0.0375324615885504 -0.518079323827894 0.18267591538952
0.0665148293251656 -0.0108054903833761 0.0410098516179226 0.0632692857691444
0.0215982955688465 0.00620292108652386 0.553689336167001 -0.3085964584861
-0.00964865007330846 -0.0144669382344492 0.159112126961917 -0.824512391013178
-0.0268661207516848 -0.027454133680722 -0.556655042740217 -0.559053053800436
-0.0174104638647304 -0.0747203243285894 -0.543292369247573 0.14478067417994
0.00909546237905106 -0.0866498634182135 -0.11621642457894 0.342107639298077
0.0410398358279244 -0.0126472796803848 0.118844695641298 0.114368313027116
0.0145888516495848 0.0171673841175249 0.0728611979570783 -0.159459430102444
-0.00455004974070281 0.00283400967852804 -0.0736937031724392 0.121523778287334
0.0499118348314953 -0.0211314311768291 -0.032567838019888 -0.174039381868487
0.0404923598237763 -0.0435400308772413 0.281051302886806 -0.305202186817451
-0.0416964577839015 -0.00659933418139733 0.547757052962539 0.113510013256743
-0.0829802709833766 -0.00720253168674946 0.218959146383024 0.773664556446214
-0.0496041552853578 -0.0663924847049439 -0.481474407510566 0.723733308742462
0.0231997470851958 -0.023340188986091 -0.515587152699219 0.14870337407844
0.0315136992572484 -0.0024702149394771 0.0792636956491224 0.0624619924243754
-0.00425002049491987 0.023604875441425 0.536774143981216 -0.352755414646056
-0.0107369430157646 0.00657369120738428 0.0608634736589226 -0.827776961015765
-0.0133254655978173 -0.0192942046305786 -0.618268785594895 -0.488621409563057
-0.00821689289085604 -0.0729984918248091 -0.516290245600583 0.184986737994818
0.00728630298632021 -0.0810311009174614 -0.0672590092522302 0.326321051360179
0.0330246712041842 -0.00982204566216491 0.145598066951209 0.101224604285281
0.00397999725376519 0.0153684241922015 0.0664329028966063 -0.159013616154417
-0.0188707145148116 -0.00176840618159789 -0.075039789455503 0.125627325658558
0.033093681729145 -0.0192586900907408 -0.00984392866975032 -0.174879233893252
0.0367315790656495 -0.0283153095261098 0.308570729593711 -0.299237804353122
-0.0247791270946353 0.0146160503884762 0.534510303128908 0.150142848591124
-0.0681889015200582 0.0116963605197462 0.146304025884107 0.802380501558531
-0.0567922509754561 -0.0465086314517466 -0.547300663315813 0.693988872359893
-0.0160749062084864 -0.014230094271272 -0.514138226665115 0.130608508810783
-0.0128971900684734 0.00643559495759804 0.10183291352787 0.0670350747685309
-0.0295387241412437 0.0465383150260096 0.519096762929079 -0.374942024107796
-0.00271768710626091 0.0306103924846858 -0.0067254690957282 -0.823812995958912
0.0100541748752115 -0.00700259343514983 -0.65671723965222 -0.442223999595297
0.00329194673453758 -0.0633114624616118 -0.495263176292363 0.206487253294841
0.00113674108961647 -0.0683329641826287 -0.0330062529818442 0.313631875183525
0.0167273189880333 -0.00657361024663533 0.164402919674291 0.0934440287193021
-0.0095634548342456 0.0122321518446163 0.0618462064119903 -0.157505862878177
-0.0316795525840649 -0.00593992615141821 -0.0759867928202412 0.131385720804872
0.0111197213845744 -0.0151682908379708 -0.00235308890335275 -0.167199926991183
0.0327933642670384 -0.00866701566405754 0.314060148788601 -0.301284245300425
-0.00261715911466952 0.0393524800249887 0.526976492361782 0.154601955125655
-0.0489428975972194 0.0335911500055238 0.120728608321259 0.807203362287453
-0.0712244012510936 -0.0251262498455366 -0.568109058146407 0.690655845983842
-0.0638541011747044 -0.0101411919749992 -0.519174344699569 0.135618942438201
-0.0618609951958226 0.0121464604863494 0.102629209653197 0.0728141648456578
-0.0543760248463553 0.0700730477897211 0.51050869460923 -0.373750941680757
0.0110413366986137 0.0573259486532297 -0.0254992703501605 -0.815032738675483
0.0396712564695365 0.00671823904762342 -0.672840818311502 -0.430398655862242
0.0179147152734204 -0.046381394974184 -0.491480765928348 0.21221462247281
-0.00954508738330113 -0.0511425835208301 -0.021093836371147 0.307655548489262
-0.00374742282479903 -0.00411023822582279 0.173770681313998 0.0930345955037642
-0.0227414914471262 0.00702352490075459 0.0596187755130838 -0.155050220645722
-0.0432118860862781 -0.0080656740913674 -0.0746450008532416 0.138376360056377
-0.0123346322913438 -0.00728138238957267 -0.00686349773460391 -0.156864302019966
0.0277845095194736 0.0133695643634032 0.302583888948754 -0.308917946545205
0.0205479957260052 0.0624764809178078 0.523689235583645 0.124284738559
-0.0264629281172807 0.0533605182096056 0.143930312098861 0.792549444347268
-0.0834429703620217 -0.00154367693151247 -0.543474945656219 0.709205994986925
-0.107575225666705 -0.00437361536970016 -0.530963711957816 0.158009928109143
-0.107375098727389 0.0140301671571042 0.0818235330746816 0.0825044488819331
-0.0790503539328382 0.0872437407241569 0.51195430125251 -0.349245215811662
0.0246476766673575 0.0805763664770042 0.000813272602961249 -0.810629752862633
0.0703992665543677 0.025583428774124 -0.665322802812235 -0.452451227355978
0.0330086806533479 -0.0231930524632407 -0.504426671423764 0.19454332661571
-0.0207977572812211 -0.0306216299050323 -0.0325732983787801 0.308285783419053
-0.0262672443305837 -0.00284854094218804 0.169660114789198 0.099765236987741
-0.0342796188892654 0.00138961019850484 0.0602837791347393 -0.151841775396817
-0.0524001844866828 -0.0081874657936224 -0.0725662472421606 0.143537829952898
-0.0352237241797447 0.0026811330749749 -0.0245047652631105 -0.144117816761386
0.0206944310170115 0.0343361112354123 0.272960679158488 -0.323278158195441
0.0418641235173557 0.0809525026903095 0.526076289341906 0.0684808625452547
0.000341292466513321 0.0689660444897859 0.218056166348017 0.754294915697569
-0.0853549896878677 0.0200799174993634 -0.477472964250475 0.745670956783569
-0.137395991137643 0.00385486123404016 -0.541193410615436 0.19689006599625
-0.141952210394909 0.0124194135581148 0.0431056918711802 0.0922863568319484
-0.104417396740324 0.0930308707378017 0.519869278151657 -0.302134399372999
0.0310994195142313 0.0990739267329629 0.0736701073051841 -0.799766434130145
0.0962661264630453 0.0449600659362505 -0.627371148907379 -0.508804122962699
0.049251774895345 0.00143825990080942 -0.532958663589186 0.161915918653336
-0.0291791916113384 -0.0108091470963807 -0.0672863866698562 0.318411618562292
-0.04546427848399 -0.000270342766105942 0.154152670620189 0.113566630788369
-0.0414788024071471 -0.00325895350301683 0.0632769297339286 -0.14900771651509
-0.0553018709869951 -0.00793904747869002 -0.068317038546795 0.147075099231838
-0.0525678394374456 0.0108638248472996 -0.0519953688679379 -0.130349481423758
0.0116553418627258 0.0519360849191119 0.2285717540082 -0.332619864608913
0.0556338798272934 0.0931655964304689 0.524277239156701 -0.00152394252525201
0.0268831700499732 0.074404162235985 0.314590511526336 0.694478946498849
-0.0731554817704111 0.0363497151805495 -0.370095499397134 0.783218421974837
-0.146702576142963 0.014888439474398 -0.547086526442264 0.252847520959111
-0.159564652146684 0.00711728543850064 -0.00944302087113316 0.101949086599182
-0.125974892358855 0.0863059517487342 0.529354001205292 -0.24256577210638
0.0274206725077674 0.107470681095307 0.180939851290303 -0.783722618660022
0.111749942429382 0.0606313410875112 -0.557452011287017 -0.590335219248453
0.0645478729810028 0.0243023020539786 -0.564916289668812 0.108425500600469
-0.0317535503155616 0.00649895202262002 -0.121182337821921 0.329555116352186
-0.0593733682815205 0.0035475461235446 0.127537820793136 0.130885837685375
-0.0439749198707457 -0.00510341475703245 0.0677716779592813 -0.146191839326771
-0.0528696188727668 -0.00595726617833597 -0.0633696393409762 0.146740604383264
-0.0622779750479718 0.0157414223975161 -0.0853372273738249 -0.116062042944438
0.00340718119160012 0.0623140959638955 0.172970665464928 -0.338117575669931
0.0589983983922614 0.0990366091327862 0.513226616773731 -0.072338141572849
0.0456193477134117 0.0727599333136194 0.416073042881115 0.613968751771512
-0.0549124585397222 0.0411570160590378 -0.245926923215284 0.812753193762002
-0.137196459493645 0.0230346272054322 -0.541670124586839 0.3116273538301
-0.15872806303627 5.06597055539943E-05 -0.0663818155886653 0.109034248887746
-0.137891495915872 0.0683106676584879 0.532985757474643 -0.177669780966908
0.0165079149421047 0.103506139412494 0.301696340784065 -0.749767150708998
0.113299314370638 0.0700093507383301 -0.459695660815677 -0.673110316056533
0.0746793055694509 0.0400565885492454 -0.589504163282529 0.0376600387986305
-0.0296384880947351 0.0182933805659768 -0.182728711988167 0.339146974176502
-0.0656959373691772 0.00874136655300643 0.0927125089891097 0.150624891339727
-0.0420956998760601 -0.00485814200027881 0.0738637169454135 -0.142803683884525
0.00638803382928712 0.00867888379218374 -0.0713917095874372 0.118172516075821
0.0600280570081955 -0.0172527891291095 -0.06558466652045 -0.171577585903696
0.043524137573224 -0.0478178457244012 0.237385474627488 -0.31535605737159
-0.0507885219573973 -0.0184150375477453 0.556761452380722 0.0598312998502327
-0.0937002247328358 -0.0208831661790472 0.320985844728118 0.726847955688404
-0.0514208583970681 -0.0826628162507036 -0.382389358095075 0.761018116063756
0.0487893771122626 -0.0370782513802778 -0.517512906998017 0.184613621783003
0.0663600495546151 -0.0108545905017297 0.041126492521679 0.0628109959469814
0.0209301765846489 0.0063883171884386 0.553911669776845 -0.311921805101845
-0.0104427145410478 -0.0143142673941576 0.15444851921553 -0.825325370183363
-0.0265617984567972 -0.0270797199409113 -0.560165169274519 -0.558042121718379
-0.0174205485228756 -0.0745911791021183 -0.541734720886172 0.147765688503774
0.00821438725205982 -0.0863477164167395 -0.115454994894242 0.343245378671125
0.0402639021639783 -0.0126075841700085 0.119677781315531 0.114408930030828
0.0144866309101576 0.0168216119354085 0.0727461927635673 -0.159820832304685
-0.00463516878522382 0.00260625057864395 -0.0742082689555591 0.120960548352065
0.0501595402992621 -0.0210211732720603 -0.0338097349334089 -0.173923484475018
0.039887285770779 -0.0436058174962681 0.281214453237896 -0.307652511328496
-0.0406115830581396 -0.00602162538471301 0.549044519981207 0.111365521474263
-0.0837484448788857 -0.007411490007963 0.222643667086278 0.774636493216501
-0.0499353080984686 -0.0665487679693556 -0.480047950630421 0.7251545812442
0.0240374174408978 -0.0227550902552845 -0.514705440960857 0.149053149171729
0.032174534230618 -0.00198959192222162 0.0797374221365066 0.0628758770793049
-0.00423343864898176 0.0238995924598111 0.535614142541646 -0.352487230447926
-0.0106294370676978 0.00673159431709151 0.0571147537188409 -0.827760524887352
-0.0131370586675011 -0.0191354291459059 -0.621589391048109 -0.485556937573623
-0.00895005921221484 -0.0738909490113808 -0.515015708606058 0.189405762697239
0.00689483744049148 -0.0817200145570735 -0.0669296835098834 0.328091635638529
0.0330776993426092 -0.00988405760520632 0.146604872064766 0.100795373890326
0.00406127532799064 0.0153798855866359 0.0668107466378541 -0.159438639614768
-0.0183539981963473 -0.00204587705713812 -0.0753136771088903 0.126595951441989
0.0331457732079253 -0.0201202961093484 -0.0119902440866055 -0.174615093324901
0.035370143900894 -0.0292457756405408 0.310324342029477 -0.299464277348137
-0.0243461191249162 0.0144965251482898 0.537207151713036 0.147023621071817
-0.0679914767107989 0.0115978790261978 0.149177973233964 0.801853026010832
-0.0572436358616684 -0.0466175141842365 -0.546112495097069 0.69734498150023
-0.0152979041716879 -0.0138796532342398 -0.515611381369272 0.131160816758517
-0.0126674197754237 0.00637697513429846 0.102027170374406 0.0668588959247752
-0.0287134727068803 0.0466889458217736 0.518860711656893 -0.376735783918287
-0.00253964897211735 0.031821696551803 -0.00846178230356141 -0.825807928908203
0.0101161578827854 -0.00759340253931152 -0.660209246462511 -0.439655697531904
0.0029831331310979 -0.0635062747954835 -0.494140355265093 0.211734495533177
0.000692816277647694 -0.0681390635951563 -0.0329268205439587 0.315127185260366
0.0165931890739217 -0.0068171391171437 0.165825613051548 0.0926772045607192
-0.00906891436433602 0.0113623029111386 0.0616137046324335 -0.156733783884096
-0.0312080859665414 -0.00619543470829634 -0.0756063266537455 0.13282326228835
0.0111995227048702 -0.015389656010401 -0.00276823992805085 -0.167074302663615
0.0325028131270833 -0.00911422467281224 0.314897645405814 -0.302568470525926
-0.00138680272952371 0.0386182690255967 0.52844304988965 0.151272308592471
-0.0492116722845721 0.0332771504895139 0.123639581735635 0.809067188549645
-0.0713830115915709 -0.0250161428636188 -0.568029185229432 0.69230804105767
-0.0629952741630147 -0.00853576679176138 -0.519009045419723 0.134636153400241
-0.0613635763283959 0.0123805263025608 0.103401603010569 0.0737464158805483
-0.0539183400869205 0.0690564446435766 0.508683438101328 -0.375828296535824
0.0116030534979894 0.0563088419117319 -0.0290011991547439 -0.815626538360908
0.0396793241065401 0.007137461687986 -0.676010770907701 -0.426476275105284
0.0178631962099941 -0.0466552679979705 -0.490535178354385 0.214543471405704
-0.0102471397698755 -0.0507929223803864 -0.0197342686945073 0.307643412409741
-0.00354209625383981 -0.00479014930115525 0.173737930408578 0.0934047451281403
-0.0228514234878338 0.00668224149629596 0.0602082625420315 -0.154007474995214
-0.0429470320271214 -0.00796089831909086 -0.0743113372365914 0.138473146235412
-0.0121546729480251 -0.00649354888827013 -0.00777250718977652 -0.157598363992103
0.0273708227035149 0.013042565833783 0.302308744695872 -0.311227077581913
0.0216388115241084 0.062431064549718 0.526503915231477 0.124272179186949
-0.0262207441417618 0.0528820587260296 0.148496288750872 0.794163173833263
-0.0843099005963072 -0.000875456512068676 -0.541054131879669 0.711363115650071
-0.107558922357792 -0.0037746665581821 -0.530677117028635 0.157982340332231
-0.107129804368327 0.0145019228014751 0.0823681463380855 0.0827656732144829
-0.0796464646035919 0.0873846531652689 0.512299629284417 -0.35118463808233
0.0252710887724509 0.081303839625841 -0.00290945575298576 -0.810490194784725
0.0705977827479322 0.0251255688629137 -0.667442181181526 -0.449562678276647
0.0324250068763731 -0.023299285227598 -0.50198360021311 0.198989960297452
-0.020481240788418 -0.0310024470809175 -0.0306870252015412 0.309816423231409
-0.0254822970390975 -0.00297924281557017 0.170514536710083 0.0997975110508328
-0.0343795285636756 0.00131893833125705 0.0603480555077974 -0.151629413596314
-0.0521743682695502 -0.00846107550351902 -0.0720077604373827 0.143969557631743
-0.0347217345808361 0.00281881632184201 -0.0245580013033544 -0.143948707926579
0.0211004469793197 0.034851303124036 0.272380522099485 -0.324542666393388
0.0423083838473946 0.0806415343337278 0.528998231253848 0.0668476034972345
0.000276946485166796 0.0684137761037371 0.221252456935695 0.75460925004395
-0.0851908007824321 0.0200737580389253 -0.473955570931801 0.748549526691464
-0.136940138474442 0.00543550102639416 -0.540868109544962 0.198850333505178
-0.141620574433179 0.0128718185141217 0.0433104496696087 0.0924875499111403
-0.104428784654989 0.0940031491034173 0.520212808611158 -0.302438334660513
0.0313290237907465 0.0988626770627728 0.0697709788786316 -0.801768594187362
0.0970234907241204 0.0439022448495659 -0.631143697321877 -0.507070908437401
0.0490772616796322 0.00120300726334708 -0.532093135473284 0.163579232852337
-0.0294302202565977 -0.0112056317131439 -0.0667092576566906 0.319954741547237
-0.0451634392160966 -0.000742743252733527 0.154740340107382 0.1139294108469
-0.0419491102068156 -0.00221751454693078 0.0642952808086537 -0.14884754963272
-0.0556745380613936 -0.00805476752544704 -0.0686236603891085 0.147272736195161
-0.0523599835145578 0.0105085242224693 -0.0522018001165232 -0.129248166550617
0.0121739384241662 0.05069926821375 0.227615353674799 -0.33574723280779
0.0565446140637146 0.0927892031537145 0.526419594307554 -0.00453065579965734
0.0267745957122667 0.0749312541437419 0.319649903296743 0.693773721518438
-0.0733924715524459 0.0365459175342235 -0.367850700713276 0.785810140627923
-0.145261232609526 0.0152647303023101 -0.546072203068995 0.25206027019688
-0.159827712727705 0.00792230993142337 -0.00952215865475176 0.103180530357777
-0.125665601541961 0.0868605468010699 0.530243218126783 -0.242362255362607
0.0273121768892827 0.107244726619084 0.178739606493326 -0.783690334117121
0.11176252454396 0.0603627078655273 -0.560973411319902 -0.588387035644372
0.0648059305229991 0.0237313741127375 -0.565396158950513 0.108765190722957
-0.0320471301101633 0.00632470020432857 -0.119697750529973 0.331073588342724
-0.0587963944231573 0.00364908024440384 0.127404209712394 0.131603576768107
-0.0444124698556721 -0.00442042087340713 0.0694653833889686 -0.145394571164466
-0.052268312573512 -0.00593597983502128 -0.0642786843316492 0.147272407058086
-0.0620714285479025 0.0162680730424051 -0.0860486658778135 -0.115514576379331
0.003690666289933 0.0618162758240804 0.171396635105132 -0.339596373017281
0.0601869017290204 0.0989786622589289 0.515350994876193 -0.0757051047244788
0.0458675739221428 0.0723235719395229 0.42006755692994 0.614314031846033
-0.0551121902554599 0.0414115394990599 -0.243146831188939 0.813800833218197
-0.136768559952116 0.0226464483329689 -0.541094956623542 0.314188762751193
-0.15940528256198 -0.000386665996443583 -0.0657888071395224 0.109968805408365
-0.137198722489552 0.0688739552951565 0.532800638552129 -0.177648590664219
0.016307414914511 0.103524051742642 0.300845088587724 -0.753191221742158
0.113817733007145 0.0686380995672564 -0.46329111677313 -0.671024266761424
0.0752599583168482 0.0393280963188529 -0.58985002430871 0.0412094986600546
-0.0300049647338331 0.0197380999807744 -0.180637780748817 0.340257769763946
-0.064682758550063 0.00883728665678227 0.0923238263604732 0.151126490839987
-0.0424329446295137 -0.00344707267138422 0.074139015210122 -0.142496525553093
0.00612916844579728 0.00917649861426613 -0.0722401867571202 0.117859561421124
0.0601359088918374 -0.0170264588024092 -0.0667948775239287 -0.171341664671408
0.0434456194003009 -0.048631527094307 0.236466127095992 -0.315880601468801
-0.0492816033631847 -0.0174696625915694 0.55909809779197 0.0563704724833735
-0.0945371566859379 -0.0203664484945272 0.325482660950429 0.728094553103786
-0.0521069647036301 -0.0829353648040445 -0.378773126527702 0.763893552572623
0.0502639157162467 -0.0361906628356506 -0.517415076929329 0.186008872992547
0.0676758690273978 -0.0110239654001877 0.04167990220247 0.0637983865937676
0.0211080361305313 0.006013550878491 0.553571526145007 -0.311526694440305
-0.0108780624013771 -0.0142394611040105 0.151679632473324 -0.825138209001144
-0.0265660425168845 -0.0272019174805383 -0.563453985115729 -0.555781479079471
-0.0179259586573095 -0.0750522146982207 -0.543580591821224 0.151252762933823
0.00748543241039159 -0.087237699164798 -0.113284031695626 0.345756311041679
0.0408365004827767 -0.0130687104102272 0.120568937073259 0.114229942161484
0.0146097284304512 0.0165906477821226 0.0732871873010592 -0.159972337781748
-0.00449016532892198 0.00263098221491893 -0.0743375602171713 0.121748584280056
0.049236682183519 -0.0209526191019171 -0.0344412547697689 -0.172992517233831
0.0392217672155275 -0.0437750741293862 0.281003591139882 -0.309669922375386
-0.0398524220351754 -0.00553611951258225 0.55074669290716 0.109693573080038
-0.082941495729986 -0.00692097526658341 0.226642893802336 0.775966920533315
-0.0506452005805689 -0.0668320176785853 -0.478973706367162 0.727456053611152
0.0242207176424897 -0.0223451611837727 -0.517005363400545 0.150001404742519
0.032405371281596 -0.00222416032457731 0.0799019556531113 0.0634658955056584
-0.00411054379894467 0.0238714032346591 0.535354092941026 -0.353946284406495
-0.0112203311610967 0.00641473178007236 0.0547424305337796 -0.827334577721396
-0.012355986313224 -0.018580081868241 -0.624416534675525 -0.484993887849539
-0.00888890627651103 -0.0736293742110699 -0.516687557890346 0.191556009720298
0.0067281410996388 -0.0803338002435691 -0.0651641174696919 0.328636739898894
0.0325862539140907 -0.00986970661936663 0.147123747204454 0.101050962373913
0.00361012497171887 0.0147299580144106 0.0668756327986835 -0.159232645963298
-0.0184354441383062 -0.0022478712519928 -0.0762331544372876 0.126240961175761
0.0327734234093904 -0.0202931103754741 -0.0120503923865042 -0.17455998365222
0.0349781575647961 -0.0286159694945068 0.308335747011505 -0.303590838311807
-0.0236014809709691 0.0152968419808238 0.540664680474505 0.145636708107221
-0.0683134139448391 0.0120419966011998 0.155070699345424 0.803118334259893
-0.0573756130193113 -0.0468346798266855 -0.543768312667905 0.698370944454737
-0.0146588675128318 -0.0135621945989364 -0.516392568480017 0.132053671254508
-0.0118235586206408 0.00554403591390727 0.102381085694935 0.0677426983534505
-0.0285456982277922 0.046266483090668 0.516046182036198 -0.378077289939921
-0.00227647611295512 0.0311487734753811 -0.0111511452393384 -0.82492335861981
0.0102643065983841 -0.00777545990712204 -0.664670061011386 -0.436824710315195
0.00293607881549102 -0.0637896490010386 -0.495313368775966 0.21512081381439
-0.000155965126869521 -0.0681777877996868 -0.0302346992415624 0.315967564983103
0.0170475902267052 -0.00715480759688077 0.165483052313503 0.0940347733954985
-0.00985074438855828 0.0112794331876761 0.0617865397138461 -0.156436567869589
-0.0314159925083844 -0.00601795406782558 -0.0760262684600302 0.132896251431155
0.0106160971423426 -0.0150827446725371 -0.0032771069816985 -0.167487464433421
0.0320753305358521 -0.00894883499592525 0.315454404077973 -0.304152010073831
-0.000168950516029102 0.0394054013841048 0.530825600005013 0.148499243248398
-0.0488002832010774 0.0333233445330348 0.126865828464658 0.808404587105445
-0.0715277658620026 -0.0246592728850541 -0.565404835837862 0.694132637429731
-0.0626688330734412 -0.00802482576638591 -0.519623397933461 0.135931554842329
-0.0610846131683599 0.0118262854924189 0.103326925639007 0.074370102666565
-0.0539854886878458 0.0693866497585598 0.509226764851092 -0.376645566018315
0.011487107841792 0.0570522961154723 -0.0335091033331543 -0.816869955376724
0.0403804349404457 0.00644572946515462 -0.679778690390497 -0.424701392744257
0.0168846434136124 -0.0467147260670412 -0.490273167678857 0.219204744438403
-0.0094407102222559 -0.0504900177610245 -0.0189145739857416 0.30943322675424
-0.00372263599886028 -0.00474373859851718 0.174806804383049 0.0929769524421863
-0.0237956669328581 0.00685732741082329 0.0592236658638316 -0.154224110765086
-0.0434885098526106 -0.00796365370807205 -0.0748988079438098 0.13970819061177
-0.012494909320999 -0.00718560073667843 -0.0084168964431712 -0.157346338047041
0.0281479707546425 0.0133993095454969 0.303872289053183 -0.313109605833093
0.0236004353388801 0.0623024145411093 0.528109099703018 0.121108973591401
-0.0263857404952953 0.05356078606999 0.152857405729891 0.793918069664295
-0.0833902998319698 -0.00047240161532984 -0.540024075629367 0.712659262963055
-0.106399357202381 -0.00228314086431169 -0.531430108081576 0.158864648101037
-0.106635784868357 0.0150476896081314 0.083909063426833 0.0838494547675945
-0.0801234496322082 0.0865883720902649 0.509719609430844 -0.352425083421259
0.0258955197760405 0.0807094707993842 -0.00569877772155914 -0.814327432772154
0.0709296225537586 0.0245550432082483 -0.672390797776405 -0.447109815150341
0.0325436568100774 -0.0250032962787979 -0.503696465937963 0.201923795143628
-0.0215594480700798 -0.0313276818986597 -0.0300277452023763 0.311683919191124
-0.0254842619075188 -0.00322699849532139 0.170883408655627 0.0994763129329606
-0.03462180035454 0.00195782775157342 0.0608774758909114 -0.151843817754427
-0.051480778497677 -0.00843091071472037 -0.072555051425259 0.144507745206921
-0.0346171503353709 0.00258474667895061 -0.0248366328539624 -0.144508771941038
0.020086942161627 0.0338655107686284 0.273696569785843 -0.326888527919129
0.043840633964829 0.0804614647938309 0.530131439333288 0.0654862541372855
0.000210405442018405 0.0671175948130091 0.226164488596295 0.75742715221226
-0.0861448640187431 0.0212600371084171 -0.472443734924382 0.748011999939997
-0.136480042025249 0.00635801976338717 -0.541645777701027 0.200871963603513
-0.141625081014901 0.0140800061253401 0.0443991200339003 0.0939080554719776
-0.104106801937321 0.094994120704294 0.519155638079026 -0.305883175639571
0.0309049790956242 0.0994927537643933 0.0668079551034909 -0.802865851811574
0.0963051082347762 0.0429546377344241 -0.633591886420978 -0.504982078007407
0.0494156889432302 -6.31127676046089E-05 -0.533021069575221 0.167233547407189
-0.0296415382804722 -0.0118572613127608 -0.0655212609130722 0.320565776104867
-0.0450956513487781 -0.000307778410227943 0.155802404059741 0.113392767268524
-0.0423809823059868 -0.0025693367899348 0.0648005121230599 -0.14812313045596
-0.05498916121267 -0.00738375948134465 -0.0684370666610455 0.148629814104658
-0.0517025312401735 0.00978564774029348 -0.0530613996512653 -0.129518235474717
0.0120244111981652 0.0504633640084448 0.226332661377707 -0.33687261039117
0.0571385586078778 0.0923366926216689 0.529590380776651 -0.00727833171482948
0.0273534969106701 0.073782224355108 0.320899524852798 0.694225029521498
-0.074025755199565 0.0367770478615273 -0.366309374431149 0.788156897597905
-0.145180282656731 0.0167062015617222 -0.546137048035366 0.25422463788976
-0.159879137854294 0.00764307660821833 -0.00836947635080701 0.103871862541879
-0.126145656712682 0.0880324182554377 0.530141272750691 -0.244435355973776
0.0281505234026185 0.108076398540374 0.175227731178613 -0.786446799834574
0.112158603935001 0.0597553870281232 -0.565550360236547 -0.586990632179744
0.0649710298168323 0.0231248411440633 -0.564774172986969 0.112643994816944
-0.0327446812082997 0.00716215252206742 -0.118592424360243 0.332851422859798
-0.0585134903753305 0.00363709245197117 0.128779956300123 0.132285595039364
-0.0449726892416588 -0.00376448497341023 0.069990375946866 -0.145580352319008
-0.0522461635735695 -0.00521091803063302 -0.0638270721922117 0.147947762874666
-0.0616003856979486 0.0151590641037721 -0.0861968163261095 -0.115223661758491
0.00336098973450624 0.0620422386606275 0.171967055998669 -0.340366015755853
0.0608254183552829 0.0984378055360039 0.515519142894271 -0.0768781660532545
0.0452951293489395 0.0715297372521411 0.422601006438287 0.614125545312753
-0.0548360652373868 0.0418212193405896 -0.241865297429 0.815640525681652
-0.135499562322546 0.0244626621347426 -0.540335288626813 0.314623232811215
-0.159574471181817 0.00111451090078147 -0.0644330956337339 0.110570511135212
-0.137885079797858 0.0700027723039904 0.533734025881471 -0.181781173583026
0.0171191904215762 0.103630760842756 0.298402031251934 -0.754401035450104
0.113451441999828 0.06799059546491 -0.466281865622328 -0.668958988983416
0.0757438539515144 0.0389670452658556 -0.590608071425325 0.0436289695600522
-0.0306840891860301 0.0192284719888236 -0.18063866890894 0.341793283426877
-0.0643682154864367 0.0087836770200487 0.094148980190072 0.151540150477657
-0.0430116668166125 -0.00380839145498624 0.0744378966593111 -0.14217609943627
0.00640750369270729 0.00850181985070578 -0.0724651539155235 0.118342540229939
0.0597489864290928 -0.0174657097305432 -0.0678911605921738 -0.171124022342788
0.042139429878906 -0.0488547273250562 0.236726594456027 -0.317164227107468
-0.0487488471283995 -0.0175083729253153 0.562956359842906 0.0526919356279515
-0.0945278266536328 -0.021139791155828 0.330240989959958 0.730305141247495
-0.0518559089250565 -0.0829984904545275 -0.3778876505697 0.766902747578896
0.0514326138526212 -0.0365903781722892 -0.519094261535484 0.18700608001533
0.0682914869788197 -0.0117116115557342 0.0421540218038794 0.06471305522464
0.0213428171486457 0.00587026849641645 0.553517918702438 -0.314914831383617
-0.0111395342519741 -0.0141176166979308 0.149563342301331 -0.827711828548292
-0.0265206714609485 -0.0271222096208141 -0.569919623744175 -0.554182873462293
-0.01738829763531 -0.0743041804088747 -0.544318789499653 0.154240466196316
0.00622455177558264 -0.0865477746923725 -0.112337999622676 0.346733774484885
0.0400610155016485 -0.0135215730958933 0.121400220398652 0.114555570682929
0.0141822914630195 0.0164572953931631 0.0726656714670505 -0.161039589211005
-0.00470088819130054 0.00270926166938495 -0.0745255494387579 0.122085070956892
0.0491283924279512 -0.0219556543014644 -0.0358783483128946 -0.172823427458677
0.0387501070642117 -0.043355093981371 0.282449608942014 -0.31103056542121
-0.0398149779157933 -0.00577337849011247 0.554340276839412 0.105525657928079
-0.0834382792450714 -0.00767315340809264 0.233776896340544 0.777943488339786
-0.0504006158912283 -0.0668900168080087 -0.479680407046789 0.730309583721805
0.0248547433924511 -0.0220347771726411 -0.517825010178436 0.151301298175245
0.0336463229482249 -0.00214026943394129 0.0808770944280884 0.0647238674587086
-0.00380279472284164 0.023953120828833 0.534955236044123 -0.356648775989553
-0.0113739903802026 0.00685305731667516 0.051332628045126 -0.831215285093678
-0.0128755997334419 -0.0190410835323087 -0.629226930608866 -0.481238302961838
-0.00942426500701916 -0.0743208333649061 -0.517014135448118 0.195978581656741
0.00489677018348306 -0.0811826338345792 -0.0638142700039505 0.330945320992912
0.0328805866003776 -0.00994842907142683 0.148681114881473 0.101603625874479
0.00301193461071979 0.0144217125842412 0.0669540269376336 -0.159386270124624
-0.0184282981833509 -0.00174465130094789 -0.0757849181225329 0.127445128035281
0.0311919405091357 -0.0201331099762378 -0.0135742475151565 -0.174114706348752
0.0356527264324149 -0.0295180022265721 0.308290859972525 -0.305361443853249
-0.0230406704182032 0.0152401461870581 0.543120578876864 0.142154524254092
-0.067913126918074 0.0112811825579751 0.159141097708606 0.806991282451638
-0.058452507771467 -0.0472231742024044 -0.543166829772159 0.702386049326551
-0.0131020013564104 -0.0123817889544698 -0.517767315435542 0.133112871993613
-0.0118055433277554 0.00660970929484394 0.102524290553513 0.0681158283016715
-0.028104257660648 0.0463200608928474 0.517459873986695 -0.380408475660644
-0.00203409287355134 0.0310218856684007 -0.0156526195629792 -0.826977514263879
0.0102755437716034 -0.00761128420978943 -0.669988886725346 -0.434755292931279
0.00253124273781223 -0.0637717271633501 -0.495155928286281 0.217821866149668
-0.000262394532402651 -0.0682671612208363 -0.0292796273889906 0.317178047483785
0.0165671081869364 -0.00736451323904678 0.167113609644342 0.0935255868446924
-0.010930450780544 0.0118125100693397 0.063246892775749 -0.156499738188394
-0.0314792844060281 -0.00632517248908334 -0.0763073007765759 0.133586683623547
0.0109950881466287 -0.0149455685456193 -0.00410743762857601 -0.167341737203196
0.0327026918656595 -0.0092624859528132 0.314849715011815 -0.308323617432455
-2.87589210636978E-05 0.0389691379949662 0.533611597410682 0.14713613358669
-0.0489851268409293 0.0331556124714479 0.133464962588358 0.814036425881847
-0.0730927494575861 -0.0246269891331758 -0.562896484525446 0.698117721799908
-0.0617853382474957 -0.00765828825307794 -0.522319604176245 0.139037946543768
-0.0613915990278402 0.0121623722073387 0.104482147435532 0.0745998870576047
-0.0534116878163639 0.0699929165827015 0.50860937885812 -0.378379227235072
0.011539781577453 0.0574843413504288 -0.0353196482499391 -0.81805536727214
0.040338518335767 0.00603286217511294 -0.685930512589171 -0.418617901713668
0.0170518358518678 -0.0475833151656783 -0.491055958189201 0.221689885098515
-0.0110378867716842 -0.0500569654546078 -0.0168323361084609 0.310806761265987
-0.00406230593020924 -0.00455829220192262 0.176185005428628 0.093438956057082
-0.0241618070279565 0.00735074308089823 0.0605362455716885 -0.154638573195296
-0.0432617090490319 -0.00755538346863394 -0.0755089078040848 0.140745587917463
-0.0127570853590626 -0.00664369869862286 -0.00794524261825072 -0.157014738597817
0.0275183412774066 0.0124049881354962 0.302567741282506 -0.316419530736998
0.0242289966394755 0.0619249079851805 0.530387342650119 0.117461956485899
-0.0267727720830586 0.0527447030603471 0.158316993747434 0.799300123010764
-0.08443617049892 -0.00062103277660587 -0.538053597529694 0.716708498098853
-0.1063954947447 -0.00179407954018613 -0.53236278903757 0.161743668690773
-0.10716643927757 0.0153830519133653 0.0838430112670601 0.0842024075017598
-0.0790701174806701 0.0888201758081562 0.511535174046884 -0.352746451189246
0.0254155888501778 0.0810168567839732 -0.00787084447597759 -0.813393766290923
0.0711334575034186 0.0239538965150954 -0.675906773403366 -0.443766985730496
0.0329126379780991 -0.0247856143777472 -0.504316353816885 0.20579386025723
-0.0216935919412155 -0.0312033311729321 -0.0284120631963544 0.313359632946939
-0.0256064693710179 -0.00285973378341892 0.172859489374136 0.100442089911342
-0.0341736038709216 0.0016828739917434 0.0617086732654185 -0.152074426185316
-0.050624937827946 -0.00833444573362696 -0.0709880455080687 0.144867678080795
-0.0336672906701372 0.002202846275198 -0.0260451524371059 -0.143317670516929
0.0220040091685921 0.0331834810323479 0.274413414080643 -0.329991906301922
0.0453438887265551 0.0796334652491699 0.53213969100152 0.0612766764897138
0.000401382599748687 0.0671780056080743 0.230768431819334 0.75816638522426
-0.0870911653546201 0.0216199439811904 -0.468919141553625 0.754090825348023
-0.136440065746172 0.00766323197335891 -0.542603889372268 0.203550180998723
-0.141637101783981 0.0141642182478847 0.0445791805542151 0.0951638440934362
-0.104512200134186 0.0961131198252272 0.521172844391846 -0.305781141431571
0.0319897900735949 0.100668896160435 0.0641074853457783 -0.80487435959687
0.096986534733469 0.0429031010415915 -0.640094369256038 -0.503288205772968
0.0489706388051374 5.64573071414991E-05 -0.533540873711166 0.171147021202085
-0.0297612751556185 -0.0112084287027685 -0.0631150479136637 0.3234977439597
-0.0447654242794676 -0.000975494032832753 0.156142152319348 0.114707735392447
-0.0423194026904374 -0.0020535993149529 0.0647408673248937 -0.148598236590458
-0.0556273362988329 -0.00790803334055195 -0.06806563034913 0.149250836898244
-0.0520161529871547 0.0111169014503352 -0.0533182529208524 -0.129397045291533
0.0125717460815535 0.0511425068867184 0.228036553733986 -0.339536390007758
0.0589112696358769 0.0926225435522632 0.530357796553575 -0.0114334071139905
0.0262192199343349 0.0728646755521676 0.329264545570909 0.695888962193628
-0.0749187670538537 0.0373137021867856 -0.363982607151173 0.791210247672068
-0.145399867906291 0.0174419921479337 -0.546636357817022 0.256726757719722
-0.160723199287022 0.00841897393997973 -0.00780037292031138 0.105217234808227
-0.126424689662773 0.0891753740070506 0.530637647172558 -0.246558651113452
0.0280703774514993 0.108658945585047 0.171424774183335 -0.786945839385076
0.112292567850191 0.0590398664510267 -0.570762512633414 -0.583323914377106
0.0649901247332135 0.0215096976519824 -0.566163680589347 0.116367984336729
-0.0328238444197221 0.00628436298091384 -0.117568409415864 0.334426976751686
-0.0580408503719001 0.00317203548408148 0.129900613166345 0.132162180231688
-0.0452147482703792 -0.0043358997970784 0.069465344050276 -0.145234416465496
-0.0523013447141927 -0.00568122301156373 -0.0639496516238526 0.148099177821297
-0.0613265741412973 0.0159866947655401 -0.0870860829056453 -0.114438497517515
0.00393210053159643 0.0616230780970439 0.171796997706795 -0.342693289145371
0.0621836562703227 0.0974575726820045 0.516776999746834 -0.0825490402006906
0.0452759359075082 0.0718431440876426 0.428626267132464 0.615190728648713
-0.0556229979282402 0.0426161569042741 -0.239500685608592 0.818237002681429
-0.135391581101273 0.0250934041392529 -0.540492952637023 0.31717786174127
-0.159158562825592 0.00179958390142927 -0.0642120598428359 0.112123613783389
-0.137899834444742 0.0707367191806134 0.534846767248922 -0.182500787335308
0.0167373268720826 0.104202515993389 0.294635125822485 -0.75739729045675
0.114782724085443 0.0677688768986065 -0.470336278307499 -0.669887683380184
0.0754273169942371 0.0379656223926807 -0.592439727316183 0.0480726122525044
-0.0308945614778152 0.0179819894265227 -0.178316718612008 0.344967585259622
-0.0646501022872775 0.00862541387574357 0.0946816176347042 0.15152175633728
-0.0430517340320669 -0.00324159883425739 0.0746238801555184 -0.142251253466887
0.00612688783936541 0.00821898475882298 -0.0731851669848531 0.120083721716558
0.0600476995489523 -0.0173849709516394 -0.0692086959203079 -0.171513795737321
0.0430374425852975 -0.0491280059772087 0.235586825014786 -0.321164394389652
-0.0491378188694956 -0.0168675512283641 0.564416604881931 0.0511702373374785
-0.0941188706336193 -0.0208150686539123 0.337094526724005 0.731719814319635
-0.0523675026808762 -0.0834870763674293 -0.377553500931114 0.771612786779799
0.051643533491793 -0.0360212603029502 -0.520064968978039 0.188933381519416
0.0685431875272791 -0.011741171078303 0.0423251003118672 0.064566597745974
0.0216204821504541 0.00595318455557415 0.554007026703156 -0.317876921987521
-0.0106326225539623 -0.0141647823602614 0.145167838821139 -0.831195191198504
-0.0272950258767946 -0.0267593181297634 -0.573906099247067 -0.552379907539663
-0.0186951297543104 -0.074262926482018 -0.545806355497961 0.158831450025513
0.00562496814987119 -0.0867240140853798 -0.110494547950517 0.350151841649455
0.0400144920413354 -0.0139671114772987 0.122690867685909 0.115208262258206
0.0137893369572971 0.016208144141364 0.0732197548632879 -0.161133735936275
-0.00478820124846671 0.00208083937320667 -0.0750369340803307 0.123653274087084
0.049333728986548 -0.0215032840498178 -0.0367074572099005 -0.173933426988382
0.0385104616900977 -0.0434439599306101 0.281947407907081 -0.314928439743972
-0.0387138834901575 -0.00494178339067062 0.55840043932392 0.102834042241428
-0.0834372137503177 -0.00732313641515713 0.238418559922567 0.78026369539348
-0.0510280214816137 -0.0676337736655285 -0.475554720750224 0.734638721709325
0.0262329562681937 -0.0219154313746255 -0.520910940938258 0.153603197396575
0.0330211548065628 -0.00203545389971185 0.0809757853930674 0.0640294002155944
-0.00372293465558794 0.0236891048305826 0.536571903638734 -0.359516619708072
-0.0115793936442471 0.00639279875995557 0.0466954808846931 -0.831974330166238
-0.0132016167727416 -0.0192709800706803 -0.634907799749769 -0.478725811319829
-0.00903893645114518 -0.0747186269309201 -0.518544260092658 0.201444027495949
0.00470790329789936 -0.0811488950753116 -0.0617923285025325 0.333395089529722
0.0325422611919048 -0.0109111583375708 0.149191570573101 0.101279981177265
0.00213968841407586 0.0152535076662976 0.0675291418602919 -0.159042479891168
-0.01846122873852 -0.00261659632872709 -0.0756064370294545 0.128223170426152
0.0325177047643721 -0.0203261984724035 -0.0140246855257773 -0.175035922752054
0.0350300270059527 -0.0293351414500571 0.309936952897743 -0.309178398952107
-0.0216148592449556 0.0153367408125334 0.546640976094375 0.139804283543013
-0.0682233432342681 0.0112302963805103 0.165095412007798 0.80912793103347
-0.0587778061914486 -0.0470773120803135 -0.540786634642834 0.706725200129897
-0.0143199225488565 -0.0126353883009686 -0.518706121616038 0.13531931999375
-0.0111395726784479 0.00662887501628128 0.104379811987375 0.0678774792466242
-0.02784523151017 0.0474932328825358 0.517752161315331 -0.383296851945494
-0.00252673519366865 0.0313886371502485 -0.0202982119810231 -0.827344388638122
0.0104941778497842 -0.00761547630851476 -0.675016624037478 -0.431290890273507
0.00163823672872787 -0.0640648008725756 -0.496342379570571 0.223379997416188
-0.00163229341556793 -0.0685044360287011 -0.0275960378377526 0.319767691190427
0.0169943160858744 -0.00831036057845408 0.168159714405186 0.0932395055927538
-0.0108921324891975 0.0114370731806855 0.0631089186526638 -0.157385260509484
-0.0317926471991855 -0.00629981344734072 -0.0760230845482835 0.13400685091194
0.0102354333574254 -0.0153029810071451 -0.00478463450668911 -0.167638231601041
0.0322690581249332 -0.0100622586719776 0.316148663367281 -0.309708123402465
0.00102989270085663 0.0395918846047167 0.538907046252642 0.143889824337348
-0.0491758397295714 0.032510599324139 0.140220916851265 0.816436047872349
-0.0735297657281852 -0.0244035439787071 -0.562317442922883 0.702674956432263
-0.06113922679898 -0.00768763283847196 -0.523623611185108 0.140485908615617
-0.0606642603847001 0.0123700920481693 0.105690434961953 0.0749604377932002
-0.0540900214058551 0.0708154228616408 0.509547632424659 -0.383601019820108
0.0119968170510055 0.0573994701650406 -0.0416603559957303 -0.820286140275311
0.0411191697467428 0.00622236580444575 -0.690948529689434 -0.416951762697678
0.0166987219526159 -0.0476544106660444 -0.491811037479747 0.227279832534184
-0.0119235240323115 -0.0501267010117809 -0.0141796937139809 0.31349259940489
-0.00355144095745212 -0.00517209211112574 0.177086706822948 0.0930431974050262
-0.0245589882322064 0.00653183240318155 0.0607867368598443 -0.154291038499657
-0.0431966033863999 -0.00722893535907712 -0.0753606578744596 0.140624634115227
-0.012412823460625 -0.00664930132035678 -0.00978464023378616 -0.15670699306574
0.0279890111319021 0.0122716474170448 0.304620013033671 -0.318965896640224
0.024493661049 0.0619011233713057 0.53418400424489 0.115006428499826
-0.0268957557563784 0.0528364585821395 0.164916015676145 0.799976467590846
-0.085449673632882 -0.000106711581930791 -0.536970322973455 0.721405808888971
-0.105550346457826 -0.00115984598862016 -0.533743260088546 0.163100646893825
-0.106648387416446 0.0148696435502882 0.0851059108639047 0.0854784360533199
-0.0792248252188335 0.0890263317864125 0.510768351377317 -0.357208836084482
0.0255908454788726 0.0813176499535388 -0.0138900240986656 -0.816981657573734
0.0718762862375519 0.0235572843411246 -0.682845403443946 -0.442390981297375
0.0327419242655272 -0.0254190311475203 -0.505664614254684 0.210479871070706
-0.0232769843905019 -0.0304431110653381 -0.0259149192010455 0.315106445493324
-0.0258682696536806 -0.00291463208555699 0.174345116653674 0.100772771085343
-0.0352283548515033 0.00173566575435738 0.0607539418843301 -0.152442593715323
-0.051370242523221 -0.00772417223635089 -0.0720635953888788 0.146576542162785
-0.0342414192932013 0.00264142216620607 -0.026674484821439 -0.143534945885865
0.021985976042751 0.0330293464303284 0.275390846294668 -0.330413840513113
0.0460271558828602 0.0799694651766216 0.536663978194039 0.0587206473255368
0.0001742307197376 0.0678261419427216 0.237517811834178 0.760657520589251
-0.0868856683320393 0.02171008702656 -0.469962050390755 0.758308388365753
-0.135871621474399 0.00764561458548767 -0.544109707969397 0.203615283370776
-0.142181248923893 0.0145083774191884 0.0455864933045982 0.0956038939628336
-0.104184652573227 0.0968024725317012 0.520311549487356 -0.310275811023021
0.0315841582205498 0.0999056929708834 0.0598209156075967 -0.807192933367182
0.0971977497302462 0.0417944216437059 -0.644664279979878 -0.501060188810553
0.0494173353912809 -0.00160244874411664 -0.534393923228659 0.17530574391546
-0.0305888889130925 -0.0107663344836135 -0.061534643780759 0.324963711122209
-0.0450429463443411 -0.000526184802954626 0.158675730423242 0.114767534171478
-0.0433665620774961 -0.00164959178245006 0.0655716508685295 -0.148783693308071
-0.0547828556026395 -0.00715605976187731 -0.068728992189038 0.149901524131831
-0.0511362216153119 0.010677733267612 -0.0533632359505352 -0.129162105936282
0.0133861782850537 0.0504143144175056 0.227236024119437 -0.342769314171785
0.059505727053541 0.091695164921297 0.532536834960283 -0.0134948855744298
0.0262292176661619 0.0728257082782866 0.335795879017026 0.698846641091174
-0.074713803878382 0.0381458786643909 -0.361075198172413 0.795531028871683
-0.144431593715022 0.0184985171439412 -0.548640460085408 0.259457990479124
-0.16127535347541 0.00986057967389897 -0.00623929516714051 0.10545076077789
-0.126245142009805 0.0900308326089567 0.531822849974979 -0.248697569522007
0.0284270671937295 0.108626871659044 0.168498001724892 -0.792806695807299
0.112587412829167 0.0579189065175985 -0.575995845534545 -0.581166725378069
0.0659511138382551 0.0213400687727967 -0.569083080449922 0.120291116859099
-0.032613664982683 0.00598855105175178 -0.116466102122845 0.338036098759313
-0.0587905260677925 0.00370799978518113 0.131516497126176 0.1328230775709
-0.0458315347518963 -0.00418799098827379 0.0703618147902066 -0.145444324805881
-0.0527707644190753 -0.00541802755370088 -0.0638457866316335 0.150349356601312
-0.0610673780879589 0.0165231746867679 -0.0868451484626763 -0.115030423260476
0.00433379588518704 0.0607040846122177 0.171090034017999 -0.344940120262005
0.063796297576193 0.0974479262580004 0.518608807991556 -0.0858120375921492
0.0456489431749728 0.070029634054309 0.435377044247536 0.614883102017847
-0.055919976125495 0.0431939970859615 -0.234736022009698 0.822973880411899
-0.13533538873172 0.0264062371029057 -0.542810780858351 0.320715449290546
-0.16036109269564 0.00165514271209088 -0.0633103729896689 0.113611731616435
-0.138381065569663 0.0717817835299264 0.535952820315268 -0.184715844884404
0.0171172331830527 0.104530479673536 0.291961687262034 -0.759988363349391
0.114631143389437 0.0674917832634684 -0.476878836945452 -0.668652081865114
0.0759184177157159 0.0374698203989956 -0.594073585123731 0.0519412525492858
-0.0308367918274387 0.0184712583821544 -0.179042248727176 0.346776981519075
-0.0642398482289174 0.00884099290620466 0.0956981882270652 0.153215258777814
-0.0432936930004302 -0.00283859478757853 0.0749280132990663 -0.142807247943195
0.00652433116723288 0.00786350652443829 -0.0728556198425797 0.120698870088185
0.0598651483405136 -0.0178106134581277 -0.0703639877643814 -0.171309636606729
0.0423484148295477 -0.0491538804921859 0.235393703105915 -0.325447158944595
-0.0481179472949781 -0.0151747189319992 0.569590796058396 0.0466442713918225
-0.0945838540833041 -0.0209571621123423 0.344432105029004 0.732164580214887
-0.0528933708758228 -0.0835954796722276 -0.374108897338523 0.776468213476981
0.0523952726507679 -0.0360636162340144 -0.523182504149974 0.192353552489707
0.0685722461357025 -0.0122583702033682 0.0431418481772238 0.065519039189294
0.0221548860031753 0.0056555849180713 0.553390587169296 -0.320134608137213
-0.0110097412267289 -0.0149333265165212 0.13816175338907 -0.835559118879603
-0.0255638229634008 -0.0271383368230948 -0.581790198642926 -0.551201481349533
-0.0185449112502315 -0.0754790136699478 -0.548016232557618 0.164758979455311
0.0042219879192792 -0.0863504771826333 -0.108501108696318 0.352664289367762
0.0403233241394484 -0.0133830908879581 0.124124965238672 0.115477408563226
0.0132803253177955 0.01579035163171 0.0732202448699975 -0.162363075463985
-0.00431837199235421 0.00264909238010565 -0.0754350986631633 0.123961005351294
0.0484432146751686 -0.0213963097184983 -0.038127713502011 -0.174032336079412
0.0385787869724286 -0.0445208996302574 0.28115889155561 -0.318615128681785
-0.038361443853503 -0.00433585976609502 0.562297817581109 0.0992498413190474
-0.084448661845147 -0.00733571518949793 0.246575401889787 0.781549059863888
-0.0513438360307604 -0.068096062152065 -0.474529477331902 0.743272749348223
0.027423592975725 -0.0215636149106965 -0.522445278244369 0.155102657657451
0.0341381908178363 -0.00268192543159138 0.0824603911796169 0.0655565411979579
-0.00316390064624936 0.0243587963097312 0.537391017460434 -0.364568328590663
-0.0117118594809426 0.00703106284286068 0.0421268408878423 -0.835999403854801
-0.0126047178962586 -0.0192160845295993 -0.642923848872123 -0.473930432635355
-0.00979751828772952 -0.074312463439583 -0.518935350513086 0.20583846676121
0.00353574271152206 -0.0809190861833839 -0.0596274030873408 0.335657420870726
0.0323440654302303 -0.0113381803210032 0.150978464438237 0.101183114927321
0.00233464671230318 0.0140763891605809 0.0677552005014428 -0.160391755964237
-0.018911715297468 -0.00226637524616581 -0.0756398117141563 0.129564268181307
0.0317657308937126 -0.0195718809327123 -0.0149440794550251 -0.175651935040737
0.0354336021193013 -0.0288041804043372 0.309717637509969 -0.313643833758237
-0.0210458996583474 0.0154806376844958 0.549832730927455 0.136127264376951
-0.0680957218461331 0.011362294476421 0.172423184405384 0.812904029772118
-0.0585611620524784 -0.0472610719378818 -0.539529536869164 0.713430988066253
-0.0127614276093848 -0.0120635344923579 -0.521341171699293 0.138903444461275
-0.0111568277920563 0.00584958596024575 0.105262676062565 0.0683569736916298
-0.0284877673973694 0.0473712553835734 0.517857073960654 -0.387099088512517
-0.00237217871427275 0.0318835961028994 -0.0265639006893003 -0.831960260565445
0.0106758326502977 -0.00810167743067752 -0.681480466825584 -0.427534738591671
0.00251095911162641 -0.0651994686264657 -0.497059828404839 0.227393067016786
-0.00283720509073474 -0.0683339657508697 -0.025140378191706 0.322621070640901
0.0167620856195209 -0.00749280327180288 0.1701201339586 0.0931421268921
-0.011077409339506 0.0116896829388376 0.0622815159463925 -0.158235500685927
-0.0315670765817068 -0.00604339413730138 -0.0761925663848507 0.135297976629917
0.0102149938513214 -0.0149962022918026 -0.00542137016291617 -0.168129057408954
0.032377740533788 -0.00959738028363246 0.317119937137025 -0.313947427637084
0.0018030181507932 0.0397884425930329 0.541577777426773 0.140311651365553
-0.0495721263623564 0.0325946345558254 0.145440158995564 0.819357270245574
-0.0741597464913448 -0.0241603269244956 -0.560381817504182 0.708449222132319
-0.0598608050510585 -0.00685472345943176 -0.526267934058418 0.141578939845451
-0.0611503049526906 0.0128162707599907 0.107170734258921 0.075222714077565
-0.0538583948007263 0.0713886887128445 0.510188797717651 -0.385785585131354
0.0125082424491995 0.0576966315630681 -0.0454630576261907 -0.824793177779857
0.0415111984291952 0.00579843707342171 -0.696326180808236 -0.414256691566293
0.0166635286302742 -0.0481653018397577 -0.492318744786181 0.230735716594037
-0.0130479260167166 -0.0507989039799341 -0.0129350873352183 0.314640629621842
-0.00435833604896302 -0.00522227540998941 0.178857271293005 0.0930871565952032
-0.0250807452981693 0.00666362455471218 0.0605613549406994 -0.155321541063252
-0.0431190350752076 -0.0073428245157425 -0.0744401527213665 0.142585255426816
-0.0126867018073822 -0.00685006331469959 -0.0102953901816412 -0.157910104041268
0.0287299323541295 0.0123315513222894 0.30521902470998 -0.323003715152863
0.0257849056713249 0.0621133150009992 0.53952558927034 0.111318614648244
-0.0262749943117908 0.0531838515203479 0.172213570670363 0.803864844181459
-0.0863686610452534 -0.000692195935429143 -0.535129155260157 0.726995529827448
-0.105489300511373 -0.000860010361310302 -0.536517328802441 0.166950736383372
-0.106672476542068 0.0164868915813336 0.086461953372204 0.0862044285003056
-0.0788428638220912 0.0900593407480889 0.511550701917631 -0.361396328375366
0.0259509268376041 0.0815021218155876 -0.019360355977739 -0.820176203858311
0.0719644382936099 0.0229359810857445 -0.687680561906463 -0.437345071364531
0.0324527948849214 -0.0251020018769196 -0.506594009669055 0.216480437922857
-0.02314283763939 -0.0306259733424492 -0.0239662120717808 0.31752441461149
-0.0255224844004559 -0.00319752238918406 0.175603555359606 0.100321767404084
-0.0362733236359168 0.0023219903220391 0.0614279807505562 -0.152667159985418
-0.0510492449582588 -0.00735963157019231 -0.0714327843917189 0.147771380077139
-0.0341953928813417 0.00298395755544792 -0.027296538662615 -0.145771352859273
0.0219319758988195 0.0325881851472033 0.274242825221048 -0.336313240765247
0.0469897364350873 0.0795252591700641 0.541035125928561 0.0550686931033034
-1.26195224831732E-05 0.0670549854475048 0.245131957660638 0.763279313759431
-0.0872061879543782 0.0227012494026939 -0.467019210125056 0.762461079112722
-0.135160902472417 0.00901821343031671 -0.546193674533847 0.207496678077317
-0.142037581005865 0.0153169427399961 0.0466206232947076 0.0967218595434867
-0.10436946403028 0.0971477468400396 0.522093249119295 -0.313684017027184
0.0324605227528809 0.100395351584347 0.0534651790518027 -0.812318835603598
0.0979014275937283 0.0415977691515609 -0.651295940280808 -0.498486768117153
0.0502635544225629 -0.00180826005628834 -0.534863335808143 0.179495162956009
-0.0302599573214035 -0.010625565025779 -0.0603790477923121 0.327773830313302
-0.0446036063192172 -0.000658528216686662 0.159394993295629 0.115541698334126
-0.043877425030957 -0.0013631145264102 0.06520502924621 -0.149176289664134
-0.0550124540638724 -0.00639847355419062 -0.0685664429282117 0.151059021432368
-0.0508654095132565 0.0109855952690342 -0.0551488925086291 -0.129274728109932
0.0134523521851011 0.0494100643158898 0.226598048796883 -0.346738426472594
0.0612051519828022 0.0916499316696458 0.535757818193204 -0.0196444605864821
0.0263049534123387 0.0726975888199066 0.342212474534841 0.701445639512658
-0.0753448313335374 0.0384566447993708 -0.358232221639085 0.800960399273285
-0.145294400422726 0.0200627037812972 -0.549273500278973 0.264051876181621
-0.160730213253536 0.0110705148780491 -0.00514079177299334 0.107063227701177
-0.12547682946547 0.0910100831486036 0.532970307379277 -0.252845529074146
0.028730977549178 0.108856876287781 0.164505039419561 -0.795647939173788
0.114054640899119 0.0574934187631462 -0.583780986325553 -0.580390724011216
0.0661793318017207 0.0208800082815238 -0.57051740070636 0.125346491473642
-0.0330552918658649 0.00675916363493372 -0.114081470487553 0.341280822412526
-0.0580940974109146 0.00380478940810348 0.13253574181077 0.133199247101144
-0.0462655611462969 -0.00361034475841225 0.0706110704523142 -0.146091754161068
-0.0521821667536407 -0.00471153319428928 -0.0638440445936786 0.150527846352862
-0.0596709265248741 0.0161930994705772 -0.0887369690796548 -0.113982966627074
0.00478605298052009 0.0612923035950694 0.169439227701623 -0.348726703484585
0.0651597214267475 0.0966325457311922 0.522075429928525 -0.0900210685632202
0.0451883034522118 0.0702555652272046 0.441985354035722 0.615804984902325
-0.056292464585927 0.0433159338853062 -0.23269869589217 0.825620503578397
-0.134789904114946 0.0274649874979057 -0.543123807072494 0.324838809267696
-0.160933011541452 0.00232002610614964 -0.0630079341980026 0.114237178729141
-0.138736343341785 0.0730121529243461 0.537705947464036 -0.18956460498615
0.0177492554882233 0.10512396195772 0.289458575581374 -0.767040623813165
0.115277032208807 0.0666855056104162 -0.484436730024221 -0.667487615222176
0.0772229541563601 0.0366876295003727 -0.598418214226741 0.0559231994651022
-0.0319291044261467 0.0191361272121644 -0.177741037898275 0.35213826784086
-0.0638655999853531 0.00947815177939988 0.0974143636102757 0.154068373907716
-0.0444605586883702 -0.00210734357358132 0.0755227159183653 -0.143007993625971
0.00773704035178105 0.00790169455300378 -0.0735515405854102 0.120605153484612
0.0597128813131016 -0.018384679053787 -0.0722035219731407 -0.171478894585641
0.0416006220013413 -0.0496152318285194 0.236873937908696 -0.328077403035241
-0.047459566194092 -0.0153935569577426 0.57171138134462 0.0420746733810162
-0.0952424616683274 -0.0210217907326715 0.352385101408247 0.734428723815559
-0.0536793113977745 -0.0839401033550749 -0.370539533827458 0.782307659112613
0.0539939027675339 -0.0357644523982281 -0.525356862713895 0.195153593688854
0.0699108329125963 -0.0134780088094332 0.0431038550012421 0.0665935190635981
0.022549191086305 0.00567183367058301 0.555600640747979 -0.325491270502819
-0.0106617972958269 -0.0143293268875154 0.133709611036926 -0.840180673109561
-0.0265968062022343 -0.0273257660775924 -0.590246571024461 -0.547738540434874
-0.0192022956871191 -0.0752931413345072 -0.550471814991055 0.169392583525131
0.00316452233743322 -0.0868539738017415 -0.106136737514925 0.355680132772664
0.0405553790191945 -0.0132458794315722 0.12601614349087 0.115526072200549
0.0126548418628353 0.016063088553983 0.0733050499492614 -0.162660312008045
-0.00452996329516782 0.00233555100775588 -0.0750833137287947 0.125862290152162
0.0484772353504228 -0.0214574009584102 -0.0395777516204639 -0.174657505356375
0.0382880318999871 -0.0444803759351221 0.281366627377209 -0.322293309722723
-0.0377359090916281 -0.00363901624267363 0.566143454665802 0.0962740860926537
-0.0838294429897865 -0.00793946720576563 0.252261681271105 0.786760933140294
-0.0519654108040862 -0.0674219220991837 -0.4710377388575 0.747303973904084
0.0284883384807134 -0.0219612832492726 -0.523957522488203 0.158867591706892
0.0346662426434588 -0.00280022388205075 0.083262803078103 0.0654048978111822
-0.00237560374349703 0.0238486486617 0.536359544331969 -0.368263047012337
-0.0115066202210791 0.00752536060156872 0.0350546668469647 -0.841697414539672
-0.0129483825513097 -0.0188448314619121 -0.648845255420191 -0.472760258385093
-0.0100970444115071 -0.0743660974317227 -0.520761734611248 0.212046951596136
0.00182643334049631 -0.0808163910552328 -0.0573976892929687 0.338631912025197
0.0320734059012105 -0.0114625250368959 0.152402486082559 0.101122867246257
0.00185193291254755 0.0150227181047253 0.0675526704842614 -0.161448874930215
-0.0183046734200737 -0.00271930712851356 -0.0762625349749923 0.130785891956105
0.032061862937442 -0.020369448523234 -0.0163268017436402 -0.176445760543553
0.0346825449648838 -0.0292274871319761 0.310350876235818 -0.317873016368518
-0.0205905893000962 0.015457067579781 0.555810438762428 0.132815511346228
-0.068462128261059 0.0121297546261783 0.181777893042693 0.816614002930056
-0.0598773046655175 -0.0464142842466909 -0.536867481948696 0.721020398305302
-0.0125273281690681 -0.0121116283743545 -0.523033523662958 0.142760594729433
-0.0103459540602905 0.00703420828049577 0.106904344233183 0.0687166636548223
-0.027526505396018 0.0482036586013584 0.51911817530401 -0.392242952215897
-0.00222438637474061 0.0327301009306687 -0.0327976342329291 -0.83527088172822
0.0106322513690809 -0.00920401046252507 -0.688321631260669 -0.42585736081614
0.000964548900447343 -0.0656230172337307 -0.498476101017196 0.233400604719688
-0.00399895184147297 -0.0678595447819225 -0.022864693244408 0.323895068970454
0.0162953490141647 -0.00801304985308525 0.171972978108542 0.0934586667513358
-0.0115846747496247 0.0111671613462767 0.0626145572229961 -0.158396218710482
-0.0320045201229906 -0.0053615007261198 -0.075699031124259 0.136769697498509
0.0106545248486132 -0.0151830592743121 -0.00626897616453644 -0.169151546431509
0.0319225990388443 -0.0100808703335629 0.317784402945457 -0.317491553301405
0.00278183204176377 0.0391671996231993 0.547652558872467 0.13670449763764
-0.0497358653610636 0.0329091200295939 0.154412298194114 0.823150835874939
-0.0743857670917366 -0.0233637291125108 -0.558186865339791 0.715441432778355
-0.0598829273791683 -0.00593659623949531 -0.527447033316087 0.146298652086453
-0.0605110466688035 0.0132106501649238 0.107769797398383 0.0760359160157689
-0.0535174046018773 0.0720572913490501 0.511650131668225 -0.390237782913619
0.0121479207832521 0.0573953783181094 -0.0541976609594593 -0.82669189913794
0.0409010576195854 0.00489991877601362 -0.70259326128436 -0.409057844185898
0.0168604398453573 -0.0491143807696887 -0.493937706613157 0.237322759489699
-0.0134635657310525 -0.0504256503421327 -0.0105054699748586 0.317598303368227
-0.00403667369148172 -0.00517943385192137 0.180938892680579 0.092816169240053
-0.0252370189094704 0.00645186465532011 0.0602877648434053 -0.155820107196133
-0.0435340755588389 -0.00693586124526243 -0.0743059382592003 0.14345160086064
-0.0122381429360628 -0.00663818592227701 -0.011336560449487 -0.158615967219037
0.0276703199499277 0.0113197422798071 0.305183923549364 -0.326888610017904
0.0269659992419354 0.0617243486556132 0.543256563998751 0.108435226153766
-0.0264983492517611 0.05227177573651 0.180873178332455 0.806801285371733
-0.086940563048308 0.000894270763982699 -0.533699206385507 0.733069111213938
-0.105080696735061 0.000429636379472513 -0.5378336769446 0.170540693616331
-0.106908925799118 0.0166981229365406 0.0876543364746992 0.0855273846662257
-0.0786300033904163 0.0912238048395815 0.514070667260687 -0.365970712400137
0.0268249987843232 0.0818526914389658 -0.0237074157649843 -0.823717163047333
0.0724113302931057 0.0225916112720672 -0.694503973948163 -0.434650314246015
0.0330359030868152 -0.0273271724110614 -0.507850888657074 0.220801950574474
-0.0238305454060723 -0.03047597479118 -0.0227231955585154 0.320125384907851
-0.0256053192379781 -0.00347013307212105 0.17725430050336 0.100687820655468
-0.0363674100096297 0.00229859078508696 0.0612851042965358 -0.153605607756931
-0.0513781979678605 -0.00736011453603562 -0.0713557432552149 0.148685430361984
-0.0342060030386759 0.00346418071989008 -0.0277955963508594 -0.145407217600616
0.0213333958974865 0.0325900048544875 0.273352291216882 -0.339257487221516
0.0487441722658797 0.0794824051026194 0.54406651142341 0.0511900249226158
4.47505055977543E-05 0.0659731156326962 0.252918826579187 0.765953043700407
-0.0877376193511228 0.0232819743521234 -0.463364493103108 0.771805798280057
-0.134398051005517 0.00960157615755803 -0.548463256657532 0.211078236371595
-0.142663767668721 0.0153838634333198 0.0489283270953765 0.0968601901799717
-0.103976135876333 0.098934697753161 0.522937310889933 -0.317247134433713
0.0331173954960881 0.100784473611206 0.0485611920634489 -0.816411122674921
0.0982534064221929 0.0410611536467498 -0.658202564865391 -0.495115063110536
0.0496447516283027 -0.00296149526338215 -0.537800068115074 0.186000241109961
-0.0312559259416801 -0.0110946620760059 -0.0576453945542217 0.33090045112043
-0.0454172683792056 -8.3113139568694E-05 0.161227631027633 0.114755513938375
-0.0446171056303147 -0.0014090306934307 0.0660325130558414 -0.149446397370024
-0.0552767857028451 -0.00621455490320562 -0.0684277500194264 0.151966981202773
-0.0516455378686996 0.0111989618289058 -0.0555798938978946 -0.130132228051551
0.0146474027500567 0.049684134563987 0.226981209667299 -0.350570540370952
0.0625047834714267 0.0912186739368395 0.540292419660889 -0.0210327594593642
0.0269556372095481 0.0724512636026195 0.350745400830359 0.700036528379645
-0.0753479074071328 0.0402657009591597 -0.355241899201394 0.807188721150686
-0.14479250018505 0.0204743083116682 -0.551390816127945 0.267144494334176
-0.161865007280958 0.0118976170442398 -0.00421920062867006 0.108647821141865
-0.12660983338122 0.0932247044153666 0.534797004905988 -0.258031765439247
0.0299346647596611 0.109515191352325 0.158244585483504 -0.800493282188981
0.11399103419864 0.0563469897002628 -0.589967397406915 -0.576842150700846
0.0663041587634356 0.0199125236889291 -0.572947013696919 0.130362472985121
-0.033889241386916 0.00638321876393268 -0.113009721056344 0.344242386486771
-0.0579443472907644 0.00433788449429469 0.134086901164738 0.133087286219599
-0.046781750173699 -0.00233170621720497 0.0705471022518192 -0.146531356291133
-0.0521451517944534 -0.00480101008015392 -0.0636188442129737 0.151369875797977
-0.0602569250397131 0.0165480289096169 -0.0903146286290203 -0.11379323434371
0.00507918545095498 0.0602486080347473 0.168795583306979 -0.350958056338501
0.0656110563211376 0.0964658541113779 0.524904239448443 -0.0941359841114243
0.045005919776468 0.0695772075113021 0.449747620336801 0.616499127613815
-0.0572726702431322 0.0449237424641249 -0.227137805988466 0.834448863104942
-0.134600735340142 0.0286626313520028 -0.546028749970366 0.329838535028693
-0.161446479560127 0.00327019417610736 -0.0615731782516584 0.116199338255667
-0.138532578250456 0.0752267931316016 0.538917091947998 -0.192356458678795
0.0178052224186334 0.106554577888141 0.285148293336312 -0.770202514301058
0.115543495069832 0.065784268050002 -0.492570088993377 -0.668136063331609
0.0778199039681359 0.0356858822995136 -0.600491561194205 0.0592754552327888
-0.031242341990313 0.0195600913427257 -0.174932033498422 0.355825242225506
-0.0642730358300584 0.00880976246018679 0.0993865200759809 0.154131346985235
-0.0449625743734644 -0.00174814402901311 0.0757667434337821 -0.14331477943182
0.00685291084718642 0.00798288929201321 -0.0730695143751579 0.122531583513838
0.0594336692573051 -0.0182643852116308 -0.0739585114664387 -0.169894140988981
0.0411192750791682 -0.0496017988548717 0.234340615217 -0.332459887296708
-0.047464357390276 -0.0144718223403061 0.576133751972395 0.0351916178054993
-0.0965743461608835 -0.0206988490520248 0.362713910498257 0.736116249368106
-0.0544103409433791 -0.0842229523579684 -0.365913482499899 0.789024797129655
0.0541085860791427 -0.0368439694198917 -0.525147896838959 0.200423514804587
0.0713358227538027 -0.0136545273611999 0.0450316868485836 0.066961349378831
0.022585122939934 0.00597869126444009 0.555222040999312 -0.330846493387774
-0.0111143211682335 -0.0143727388389188 0.126936567765565 -0.84524149698069
-0.0275687801679322 -0.0266367382916211 -0.596791752767862 -0.543864373388367
-0.0192683943504773 -0.0755806033086334 -0.552503341800772 0.175852917331306
0.00162518295288894 -0.0871799817065129 -0.103382942661689 0.359331983520676
0.0392163056912588 -0.0137050512603542 0.12736289035523 0.115440805404584
0.0122114632822809 0.016147094972771 0.0729031517207265 -0.163404940559291
-0.00414126279149004 0.0011322985945346 -0.0755514937620461 0.126709604568935
0.0490128641211189 -0.0221713924757131 -0.041362876967782 -0.175146967791518
0.0376447668680011 -0.0450922563077921 0.280882079695754 -0.32617747601198
-0.0369091248836597 -0.00308532609352323 0.57050016788632 0.0898499825899257
-0.0842088856282879 -0.00764670867261961 0.26227599484185 0.789324172751695
-0.0525490434524736 -0.0677591902995429 -0.466983934865837 0.754111233571897
0.0286419210524926 -0.0219701182153225 -0.524944883197839 0.163464563106654
0.0353311417510335 -0.00318992835436827 0.083612762628475 0.0659623409570042
-0.0024103316874397 0.0244372316553964 0.535141085369256 -0.373526655706354
-0.0120553647097106 0.0072307467891663 0.0289047667774927 -0.843578427222548
-0.0124750037942358 -0.0189202470020374 -0.657387197545491 -0.468663154716337
-0.010728860853094 -0.0750142702218621 -0.521024335743593 0.217626494786998
0.00123236992340623 -0.0807313910039286 -0.0548069657141942 0.341254482625755
0.0316846170320305 -0.0115932014900361 0.154804624444015 0.101195360325342
0.00145556296633837 0.0150502042723446 0.0677552705718961 -0.162597931497588
-0.0185563605920927 -0.00281462001544123 -0.0746191760739064 0.131788051939514
0.032089147259231 -0.0210481296072132 -0.0181057498531207 -0.176862167375093
0.0343329624839486 -0.0303612872731525 0.308915101808382 -0.321914000013316
-0.0200671809669964 0.0158283138614477 0.560633115638874 0.126373004019605
-0.0694843332383818 0.0111109831822409 0.189106702254053 0.819804804097084
-0.060598636761559 -0.0470783632265039 -0.533355344458488 0.727219289001579
-0.0111953124545797 -0.0119897899814377 -0.523822861853139 0.144040503390488
-0.00999565368238075 0.00636450864431738 0.10750918325141 0.0684665719245143
-0.0274707139594058 0.0491004214554486 0.517892560184752 -0.398519633133925
-0.00234288286570669 0.0320603702471453 -0.0396184739314199 -0.837417249793686
0.0114368792283224 -0.00851278750467026 -0.696391442969541 -0.419256392861652
0.00120681846745813 -0.0662208059752719 -0.498569105540298 0.239903256339433
-0.00493830771189745 -0.0679474724356269 -0.0203030309379858 0.327329665594699
0.0161449281864291 -0.00846504761497558 0.173474018739316 0.092246336329675
-0.0117245086006384 0.0116689537563134 0.0625318681335321 -0.159629277722336
-0.0318725604603173 -0.00562562947073273 -0.0760484656374592 0.138538893426369
0.0108693566673794 -0.0152259176843703 -0.00733530340795836 -0.170241248666355
0.0320156234218339 -0.0103439844956586 0.317575203047102 -0.323415850378417
0.00359097141321876 0.039609504828576 0.553058400349807 0.131792927395738
-0.0501944130156006 0.0330191770273885 0.164165082033097 0.826658608035565
-0.0757484305710759 -0.0235552667127644 -0.556091518084256 0.723872755840586
-0.0592924173406176 -0.00515918186172585 -0.528912592118755 0.149553837225054
-0.0597997997784831 0.013478508878288 0.109427874803713 0.0754745721524278
-0.053439850264411 0.0731590639507103 0.510132294945215 -0.395472885337261
0.0135566651199033 0.0592100844875287 -0.0604111584432755 -0.829457279112606
0.0415761097756446 0.00542178109330399 -0.711278139391637 -0.405139209294296
0.0161680221414028 -0.0497555049456518 -0.494525266131519 0.242111343231346
-0.0148987113285749 -0.0500577998069336 -0.00729327137643174 0.319852559661833
-0.00438121144840928 -0.00512618270532508 0.183303525741078 0.0923378377589288
-0.0255810384396251 0.00768881736329687 0.0594048210504118 -0.156805289000569
-0.0441411546318401 -0.00710793654233872 -0.0739566729760859 0.145198422633804
-0.0125648684099524 -0.00638095728341362 -0.0125111579187717 -0.158881885877593
0.0279967071899154 0.0110364888436615 0.305705646626361 -0.332528125333938
0.0286961393175807 0.0622019693779267 0.549353605084732 0.102590297133813
-0.0271949130013358 0.0517589159987714 0.190154553452439 0.811138859290555
-0.0870528252481054 0.00149600418521977 -0.529314218743826 0.742146519418369
-0.104045966839172 0.0012560810186824 -0.540019173252099 0.174097398388712
-0.106593603230946 0.017130598111517 0.0895883556684647 0.0856071582752347
-0.0787673936400765 0.0929283281158282 0.51314078985443 -0.370288368911177
0.0275858148324716 0.0825837842020633 -0.0321906392817287 -0.826237483894128
0.0734188920413173 0.0210048077521112 -0.702803033415331 -0.431193810978918
0.0320943336864609 -0.0272583567058358 -0.50717052872502 0.227551318862479
-0.0243701676095059 -0.0304229225300291 -0.0198176151616498 0.322801302342323
-0.0258017143088 -0.00327197935116714 0.17896608596087 0.0998333881766013
-0.0375633638224457 0.00298039219467567 0.06117970680785 -0.153347298477127
-0.0523416812288619 -0.00736397491430738 -0.071721400083416 0.150620772741558
-0.0336957336696619 0.0038484484275363 -0.0287470795761601 -0.145128246893409
0.0225844873579239 0.0317281887681771 0.272312648779819 -0.344339500033039
0.0497246462342963 0.0785789161433719 0.547659335440849 0.0452628591853234
0.000167900803164117 0.0662637172826939 0.263130654615039 0.767552511823429
-0.0880251675196291 0.0247487949346253 -0.460632484667527 0.777034774850312
-0.135401452110483 0.0113210913035752 -0.549216951593695 0.217915353024104
-0.143216978177181 0.0171992936995094 0.049633005222485 0.0978079657607045
-0.103911791714795 0.100441988227663 0.524007870011229 -0.323894259885398
0.0346123687024249 0.101472952210759 0.0406429935346023 -0.819843717802011
0.099492852802458 0.0396791678090566 -0.667040794107176 -0.490385199899815
0.0497911546101022 -0.00345485739814944 -0.539425935948452 0.19227142048606
-0.0316310175299472 -0.0100784404493167 -0.0545292228279825 0.333448632046719
-0.0448614784125762 -0.000329367212697471 0.162949270069921 0.114267696421935
-0.04452401196897 -0.000205135344641207 0.0658107149248875 -0.150694171863738
-0.0549676315909035 -0.00636273014029849 -0.0675080485099675 0.153456724917759
-0.0508730729491793 0.0127522278411075 -0.0573038488383264 -0.129884148008777
0.0148076810689256 0.0496833925303346 0.224341152012033 -0.353926535548433
0.0640365218359071 0.0912068423083653 0.542879882206971 -0.0279683666789032
0.0268301333312767 0.0713684746232515 0.359301500607201 0.701571695507825
-0.0757940308217405 0.0410032984632407 -0.349224847388391 0.814761639450647
-0.144690981513868 0.0219509000089485 -0.553125123336239 0.273649437425282
-0.162351338225839 0.0123715442062849 -0.00243548284377397 0.109963193877718
-0.125146528124512 0.0951502564224386 0.536632594895069 -0.262781627873674
0.0307396001055347 0.109679409085118 0.152645511823558 -0.804118964226058
0.11487220566881 0.055891257722938 -0.597862639385695 -0.574668338246877
0.0665194965186127 0.0193624435125593 -0.575348403116355 0.136492567733101
-0.0341265962381559 0.00753676255003675 -0.109432700287937 0.347661314853012
-0.0578297515668304 0.00450610228538924 0.136274226530971 0.133912400827902
-0.0481597186698777 -0.00134430301319739 0.0705227036891221 -0.14684334419773
-0.0525170432184939 -0.00481364750024758 -0.0625745730953967 0.15248573579733
-0.0592468232588632 0.0163746275937437 -0.0910234687749224 -0.113316280784051
0.00614395116120176 0.0600739313982459 0.166735134600512 -0.354235156113747
0.0676161187208875 0.0966550627054194 0.528309751172005 -0.101027950251
0.0457435684309841 0.0681908425355025 0.460324088432408 0.616025740045692
-0.0570888254026211 0.0450995845961425 -0.221770511235753 0.839664466657605
-0.134040118080169 0.0302165597198388 -0.546777768875477 0.335070947251327
-0.162950933510331 0.00377092834520373 -0.0602130577643137 0.118112583231315
-0.138931746176774 0.0769189240764055 0.542190410376795 -0.197723252132647
0.0188190086910329 0.106031193955971 0.278926317011261 -0.777701755134194
0.117170079098265 0.0649410403759283 -0.500132553938623 -0.666262226771954
0.0778536610797714 0.0354093527722011 -0.602139090228629 0.0668072802355763
-0.0318130729257108 0.0192023407563777 -0.172564785853385 0.359242786465351
-0.0636561053889199 0.00990512748491173 0.101041433343828 0.155004427532065
-0.045343382603337 -0.00150857996994484 0.075667430489662 -0.144402012603268
0.00773911511161129 0.00751977218641831 -0.0731042568061236 0.123689217151376
0.059446811902229 -0.0198951131969778 -0.0765945022756238 -0.170755837950622
0.0403765254237436 -0.0500738353208704 0.232130404360729 -0.337402046000398
-0.0470881823602295 -0.0145892593345863 0.579850714244837 0.0295945533657826
-0.0959194830049297 -0.0209209337065605 0.37138602162098 0.736797219486626
-0.0548762463944547 -0.0849052270044053 -0.361904485801833 0.794799072319839
0.0551023801372384 -0.036562551059683 -0.526614095630353 0.205193535373327
0.071282916854292 -0.0140884673826116 0.0458177607896733 0.0665249454478136
0.0229382955692132 0.00530275951728769 0.556296605402695 -0.3367970078906
-0.0115343751240739 -0.0144414901303106 0.118696479095471 -0.847990309757277
-0.0272684889342204 -0.02623713549095 -0.606898247954557 -0.541558603022002
-0.0205398012050841 -0.0760824267764085 -0.552367255499244 0.184347744316155
0.0007273268591532 -0.0867836112846042 -0.100180926945867 0.362823829875639
0.0390274362397102 -0.0150824565165546 0.128972327844846 0.115248399231952
0.0124458583532105 0.0155371576900664 0.0723018201798069 -0.164989747445678
-0.00404555156957619 0.00206800152924267 -0.0748304721256305 0.127697020331602
0.0486201654280365 -0.022861846086968 -0.0427802008665564 -0.175533219255055
0.0364169860669892 -0.0442676595584458 0.279697684456078 -0.331502841148489
-0.0373385953068419 -0.0032264399632603 0.575726128598421 0.0838644348640585
-0.0850406023517634 -0.00702334304980064 0.273693275323099 0.789859017607019
-0.0543287545541312 -0.0670782968878798 -0.460542393849477 0.761642670969088
0.0296497137639129 -0.0218875999830407 -0.527967829481971 0.167565560337056
0.0360876325773291 -0.00321980722985867 0.0848700461703559 0.0650053561604659
-0.00159018514072959 0.0251395392018069 0.535686981178494 -0.37988240991028
-0.0117011224430731 0.00700313959961748 0.0193758541547849 -0.8477169095353
-0.0128788433630889 -0.0190110309890419 -0.664396973496803 -0.463222787457552
-0.0117405096064558 -0.0746947798797693 -0.522311838573166 0.224737390008221
0.000129151958645088 -0.0807073411700002 -0.0506699819323102 0.343546799404209
0.0318961874169367 -0.0123725660117997 0.156913716358067 0.100340875828109
0.00136505733181272 0.0145948838626607 0.0672884009696162 -0.163837170461409
-0.0186133106748766 -0.0019997630338761 -0.0751356515351255 0.132920210822001
0.031690480677227 -0.0208913445363451 -0.0201277931288375 -0.177321402485762
0.0340327430697107 -0.0304506151187166 0.309265553501261 -0.32645514256261
-0.0187867968698156 0.0161669372758719 0.563682956908263 0.120245905285049
-0.0697133445151761 0.0114591031191422 0.20099842538817 0.821212473808024
-0.0612518398180622 -0.0467689470233056 -0.529053158087453 0.735833369223831
-0.0105131841009737 -0.0121382361977493 -0.526940763060426 0.151246324734167
-0.00913206640554584 0.0060950311919848 0.108970224160135 0.0684069616506709
-0.026768906403914 0.0488169557943303 0.516190577883824 -0.404001260665984
-0.00166226578978333 0.0325499183858784 -0.0482682772062503 -0.842217677670142
0.0112197105103281 -0.00817447350192504 -0.704479198047535 -0.412688099102277
0.000461802896881266 -0.0662752030125674 -0.49850217768036 0.24722366209827
-0.00631891892848716 -0.0682190155544523 -0.0167989371951528 0.329885302778915
0.0154791639624543 -0.00829187421514796 0.176533608992421 0.0918242339562508
-0.0127230055599659 0.0124767632832867 0.0616957771516329 -0.160256250138582
-0.0318931674182271 -0.00550757887994501 -0.0740950774838484 0.14000265544838
0.0106272781486118 -0.0155890011510988 -0.0100886022591182 -0.17092521464061
0.032176682420732 -0.0111073822010915 0.315973758140205 -0.328987200108313
0.0047935519986382 0.03927288257675 0.557105458438732 0.125247244392901
-0.0496154738667856 0.0331691762517097 0.17314132702364 0.828803655845605
-0.0756820060285123 -0.022198231531938 -0.551066177611075 0.731367614232304
-0.0585237500975057 -0.00437905657763801 -0.531992510600321 0.154581841662571
-0.0598452564649674 0.0142331731256935 0.111372601618527 0.0755855185521341
-0.0527599207035165 0.0740078433657697 0.510248452788496 -0.403024092606343
0.0140899441851911 0.0581206365903792 -0.0697873844983313 -0.832659854034058
0.0416286408346297 0.00434437448350781 -0.718291480492589 -0.39814523408213
0.0160331343169226 -0.0500229063369945 -0.493945126959534 0.25030486364502
-0.0149915566056509 -0.0500810056569241 -0.00464395049775919 0.321822642204363
-0.00390642226172988 -0.00600251768845869 0.183643371647391 0.0909905727185472
-0.0262083519138859 0.00796806837642594 0.0595707395547473 -0.157417913003175
-0.0435006261417821 -0.0068822650527443 -0.0723239535106628 0.146188038488936
-0.0123167590473416 -0.00573485605724418 -0.0128532770227613 -0.160193877607775
0.0286113050842036 0.0112637838915767 0.303542409478133 -0.33740214015151
0.03070231628224 0.0615654566607584 0.553126600371521 0.0971054830774405
-0.0266976820079545 0.0524324544285137 0.20001468759064 0.813488971562831
-0.0882434495625886 0.00331639848953955 -0.525967635626119 0.750623998643035
-0.103611663536473 0.0021328163527044 -0.542680877069122 0.179943301468418
-0.107507436667818 0.0183971475596823 0.0914402965100461 0.0862840709892289
-0.0772942859652203 0.0938813292094312 0.512125308882427 -0.376994162687271
0.0276096458017504 0.0821389230181833 -0.041498192942572 -0.827087745657328
0.0735035649344008 0.0213777755724109 -0.709517732597984 -0.423222269234486
0.0322263638302938 -0.0284179357221637 -0.506577037236886 0.234044828482048
-0.0249660076000821 -0.0294616850644672 -0.0152155755089988 0.325072902842816
-0.0263747914518894 -0.00298703478508134 0.180766319783219 0.0985026983386277
-0.0381437369808029 0.00376850015048191 0.0611410022788351 -0.154363729072776
-0.0519037151570667 -0.00611567437363073 -0.0698537764262309 0.151418119311433
-0.0335057230634533 0.00308320523993702 -0.0310443097166725 -0.145569917962008
0.0235458952236031 0.032159888746966 0.271202815795626 -0.350093399136819
0.0516863426341163 0.0783165259785891 0.552711384248675 0.0394231083106921
0.000538821269318562 0.0667502518214028 0.272317367806223 0.7684916578714
-0.088968577543194 0.0257707887441987 -0.453676492851341 0.784254019787154
-0.134491502666321 0.0120390371218905 -0.551310834172794 0.221836953232398
-0.143685158581653 0.0186126825250623 0.0520431360030158 0.0981136528703424
-0.103616461565818 0.10254603790124 0.523655090833655 -0.329510899775309
0.0343408783979519 0.101461377867714 0.0338047246980217 -0.822923943446663
0.100472554698562 0.0389886133135939 -0.673533375629828 -0.485627175215553
0.050804525528871 -0.00363814199496505 -0.539518592334477 0.198509503429834
-0.0324815082949951 -0.0108130495674234 -0.0515342049360119 0.337127577327838
-0.0455392908750694 -0.000453328501128501 0.166022318447747 0.113830323838817
-0.0455519931226772 0.000660940049435317 0.0654306788679533 -0.150987476669547
-0.0551508250472956 -0.00554260471054021 -0.0655500463049079 0.155197354788206
-0.0506118535962125 0.0124067502619337 -0.0575046718130371 -0.129362038995799
0.0156294867484263 0.048957175652876 0.222998691407322 -0.357844983352032
0.065935471219485 0.0896656265643853 0.546002141889824 -0.0339852574476094
0.0268275991218943 0.0706317635032356 0.369995998383798 0.702053403145002
-0.0763720231826834 0.0413178546807543 -0.344749211649939 0.820300446127945
-0.143407917546144 0.0241139267930592 -0.553633367410533 0.278070753994377
-0.162921797583291 0.0138673781627532 -0.00147919249324517 0.110481516259875
-0.126287113002896 0.0971392993895411 0.536670669806839 -0.267995608850719
0.0317919894455146 0.111158326636986 0.146231402483122 -0.810312839557333
0.115839963241003 0.0554710779028514 -0.606453463805609 -0.570980815677114
0.0669342166777207 0.0178071008161824 -0.575480037223096 0.144340689266218
-0.0347721113684853 0.00732289392359168 -0.106715945472428 0.351563863548198
-0.0581512781726138 0.00413661448303599 0.13799163947189 0.134244541697897
-0.0478573190594319 -0.00031962807972168 0.0706391335496326 -0.148324363632791
-0.0516548638565808 -0.0038475746384588 -0.0618100626973674 0.153389186630335
-0.0591527106372607 0.0170808931017051 -0.0923157685244431 -0.112315948181243
0.00672873851784078 0.0595386018587753 0.165192159677876 -0.358642795279171
0.0698877830834898 0.095536874387732 0.529230228498369 -0.106292239638359
0.0460741660886165 0.0686692454738836 0.469508990914406 0.612595039139721
-0.05716334990921 0.0466557176899521 -0.214272443689769 0.845412731536873
-0.133778047019741 0.0320672783424019 -0.545736239507096 0.341842462456714
-0.162977526921565 0.0064061085641668 -0.0584674257681586 0.119249642950759
-0.138489428723189 0.0781329676467179 0.542719892645502 -0.202960530829787
0.0201677672287746 0.106761825572438 0.274167187416625 -0.780870086664149
0.117549562008903 0.0637407184960311 -0.508954233546536 -0.662084930448506
0.0787869588043441 0.0340234787045082 -0.606534099179111 0.0742913496357006
-0.031575245032205 0.0197366319633838 -0.168417979561045 0.362901000453584
-0.0635972224652651 0.00988106201587201 0.103181409252875 0.15564272996368
-0.045966985778819 6.9385283390927E-06 0.0748544652120737 -0.145122050219808
0.00744936561305534 0.00756360465616278 -0.0720532134029141 0.124897406535988
0.0605313808039384 -0.0192971128403564 -0.0785504093538643 -0.170587013002149
0.039183842456715 -0.0500729619503712 0.230359992515811 -0.341270422345961
-0.0473591253110512 -0.0140302544209392 0.58297981666258 0.0227541138111725
-0.0974327615141437 -0.0205201539204766 0.3826188539322 0.736924415021325
-0.0568540280626836 -0.0848962076008283 -0.353366638411591 0.802303148335794
0.0557164127234313 -0.0371038522734725 -0.526458926434244 0.211120132089554
0.0722565709147361 -0.014902586210383 0.0467848108540645 0.0662520439501606
0.023480615030582 0.00520345407842248 0.553260278857975 -0.343902524831972
-0.0123969738407186 -0.0145164582967882 0.111237874167091 -0.853617144971859
-0.0278173584156277 -0.0268359043477368 -0.615331865632703 -0.53453284021206
-0.0213216514532761 -0.075746874502595 -0.55183054244648 0.191959325922477
-0.0010885778472125 -0.0868632720422374 -0.097078182496267 0.366228299459916
0.0396139831102576 -0.0157716250288144 0.131333632978371 0.114262389878857
0.0119029676678836 0.0155028973031069 0.0716413087695302 -0.166306794158268
-0.00459219815750806 0.00208152853534081 -0.0738116608694737 0.129300377954103
0.0494996802222591 -0.0225827154993266 -0.0453405587363065 -0.175683316770147
0.0364221006413338 -0.0460899933127222 0.276781014818127 -0.3371411969086
-0.0367095512635362 -0.00260495985201793 0.579552672892057 0.0778964633318688
-0.0855558229428835 -0.00671396648242594 0.285177868618615 0.790168127590338
-0.0544480557770722 -0.0671817774755711 -0.454240723183509 0.768561547739247
0.0300406838484206 -0.0226801118178173 -0.528704218175654 0.174713193233082
0.0363811197283505 -0.00432605647689899 0.0858439697453454 0.0653995908445071
-0.00173763107306599 0.0246063190859727 0.534482198785448 -0.386947505039921
-0.011019407229553 0.00726798230485553 0.0104316308478453 -0.851124316995251
-0.0131669920184362 -0.0197992002441471 -0.67405463115401 -0.45612360472702
-0.012266628822109 -0.0749491611254995 -0.521127292930441 0.233074039553869
-0.00160048459909429 -0.0809703570279024 -0.0479988160297248 0.346282498257943
0.0316296355700412 -0.0125437228364509 0.158438072297662 0.0996036901822729
0.000483674992351421 0.014512427120837 0.0660108984310008 -0.163916844221235
-0.0181949864044596 -0.00179681980577235 -0.074381583432153 0.133804551203203
0.0324921709822652 -0.0213213851405811 -0.0218564615608385 -0.178456281716706
0.0335373604656217 -0.0307207825686994 0.307516114087718 -0.333284463212474
-0.0182640031083524 0.0163155713836901 0.569193169871815 0.114540785630858
-0.0701496016444922 0.0111324702285289 0.211133168203818 0.823389862577834
-0.0620410502831475 -0.0458090778080462 -0.52388937151973 0.744014435188184
-0.00956469276841427 -0.0107752411303851 -0.526788327931987 0.156285775168312
-0.00901620921364764 0.00612937608090132 0.110924985202193 0.0675934011090922
-0.0256141140464937 0.0501290601272554 0.516373498303525 -0.411482047157104
-0.00149201179732538 0.0328198150093411 -0.0599815127448034 -0.842845712139072
0.0111265571945833 -0.00916091199360394 -0.712858815786048 -0.405049252265876
0.000151975567620845 -0.0663629254787908 -0.497434950745432 0.253431829333974
-0.00719703532051008 -0.0675415946543285 -0.0130389671953031 0.33146027015786
0.0161674459346241 -0.00925224717668096 0.17828157706872 0.0902799939127154
-0.0130751387690064 0.0120223746593179 0.0611832852234867 -0.160481877561139
-0.0320204699293129 -0.0043904080608044 -0.0733326337500493 0.140655412649803
0.0110223411883771 -0.0154189030305157 -0.0109010054841122 -0.171521880357911
0.031214124552656 -0.0106864173475623 0.313090105076117 -0.334305124876971
0.00611773018182451 0.038855281395471 0.560989488732676 0.120319468635512
-0.0505470178205023 0.0332042220748971 0.186328121502717 0.831058737453644
-0.076484977074808 -0.0219480584685542 -0.546979756404249 0.740288953223603
-0.0570023232244779 -0.00339501940838864 -0.533039568783252 0.159887737861377
-0.0595721323765116 0.0150780341709208 0.113713290815038 0.0757296306869628
-0.0516837093452531 0.0758120838026138 0.507689662689778 -0.40874189387448
0.0143415301986521 0.059010909250809 -0.0782926719935626 -0.834171342075582
0.0422655585229232 0.00329888356327612 -0.727222935330064 -0.390702430219163
0.014284280374657 -0.0509132510630597 -0.491494125756928 0.257768618438235
-0.0172006226519426 -0.0500390108678545 -0.000275386274258779 0.324798018603414
-0.00523124537730854 -0.0059256884757381 0.186127625681574 0.09039905707089
-0.0272392836703642 0.00825915185878363 0.0591696179056677 -0.157592282940958
-0.0431262786940308 -0.00653175217819927 -0.0712546206043567 0.147401940913646
-0.0122959994798414 -0.00574761215516473 -0.0147788509837846 -0.160378782005455
0.0284071584941504 0.0106506868692995 0.302088800404569 -0.342547200829001
0.0306762576643719 0.0608986846892399 0.557536947169489 0.0914559912478292
-0.0270100953660705 0.0521996991234129 0.211403769641708 0.814887491484509
-0.0885919866074208 0.00332304186757006 -0.518668357853612 0.758612262377998
-0.103750524834904 0.00399468309171426 -0.542865998300124 0.185251996954066
-0.107199617374477 0.0196136925811783 0.0932914825298434 0.0859834016044233
-0.077112854697742 0.0949048600774164 0.510380579569052 -0.383163900512365
0.0284990132445089 0.0831235943932788 -0.0492457373704486 -0.830153759019541
0.0737258479626971 0.0195575582862068 -0.718167903432235 -0.41657871410716
0.0321135912012374 -0.0287415892640954 -0.5063806010981 0.24152303526111
-0.0260413279525245 -0.0299281312333805 -0.0116179334125933 0.327816864819981
-0.0261717426398748 -0.0033456249427008 0.18268780565072 0.0976474883002343
-0.0383408457806714 0.00411144200791824 0.0609650610559494 -0.155364073772928
-0.0518764348026562 -0.00629246292164823 -0.0688073079419112 0.153057608587881
-0.0337104912374975 0.00375296742046241 -0.0315305361269629 -0.14569854453025
0.0235564984573084 0.0311720762912295 0.269664980922782 -0.353470116658497
0.0533167640210734 0.0774993777341244 0.55594375874154 0.0318752820244018
0.000923075679231958 0.0658572686203054 0.282936193346321 0.770185180800776
-0.088978307037759 0.0273382186752628 -0.447700787377904 0.792831619003491
-0.134334885623076 0.0139982576589138 -0.55101371298674 0.229719677431921
-0.143820544955623 0.0204871716561697 0.0540974712762397 0.0988288467388462
-0.102582223286678 0.103970514453464 0.522124667125698 -0.336021041832363
0.0357105758439723 0.101758079063887 0.0247284528611824 -0.826305509933385
0.100652206731646 0.0378436743649627 -0.681530089978918 -0.478583753118372
0.0500491491286667 -0.00518535650916716 -0.5380497176888 0.206386071295115
-0.0333087817737425 -0.0091673173525498 -0.0475543938036066 0.339490930568848
-0.0448484342288177 -0.000181849576489344 0.167984425559714 0.112850514387621
-0.0459869116084268 0.00150723636735698 0.0644730409258722 -0.15230287518798
-0.0547297007076315 -0.00536071923834389 -0.0645217247704056 0.155859288383624
-0.049837828096567 0.0130345298216795 -0.0596629503638796 -0.12957757602936
0.0158339726256331 0.0486060426383886 0.220509290376987 -0.363673646141525
0.0670679897087283 0.0883560296741513 0.548022325212525 -0.0403822079593536
0.0269565799910263 0.071031413588639 0.380215645508102 0.701498584478515
-0.0761496474919243 0.04286989335096 -0.336442225624989 0.827990688282429
-0.144057585614689 0.025345956430608 -0.553527233776753 0.28575397466164
-0.163374250514122 0.0160134947314578 0.000784974940722036 0.110297207503812
-0.125591768993061 0.0986098966327745 0.536174215433726 -0.275239489689632
0.032892706223376 0.110683785328623 0.136929033970351 -0.813522528458098
0.11684767737786 0.0542325428686239 -0.61548853416992 -0.566185021561772
0.0677839500566662 0.0172407692767195 -0.576953425789344 0.150928213249815
-0.0344934436916559 0.0084245109205257 -0.10290987321924 0.354818962143582
-0.058138621515023 0.00521501845775339 0.140066701935967 0.133160126145941
-0.048621279908356 -0.000430314543258752 0.0701692498007198 -0.148485508708881
-0.0521543345791855 -0.00327972591103559 -0.0604234669813829 0.15526241345909
-0.0588118912820139 0.0176736084316997 -0.0937691867005467 -0.111988258807228
0.00750535570012121 0.0588517044045067 0.162410321645672 -0.362521886998249
0.0714805284299931 0.0941193249129272 0.53040914352398 -0.113229451517835
0.0458901380063166 0.0677043118899402 0.478988016553846 0.609728041510507
-0.0573641728037939 0.0478790356537027 -0.205161025443037 0.850354126613831
-0.132740746411085 0.0324829724307857 -0.543782325290157 0.347918042677922
-0.163421084780713 0.00813692959714545 -0.0566563328050746 0.12076032483539
-0.13896379947295 0.0808373657936494 0.543173168641738 -0.208402291969631
0.0205708533611654 0.106811987217015 0.266545114741139 -0.787085292513435
0.118943553991888 0.0627510775724606 -0.519515738513833 -0.6606899712092
0.0791969169854908 0.0329708681045574 -0.609577094260688 0.080719811991399
-0.0320824115595213 0.0207626102488362 -0.164639398815261 0.367199153861416
-0.0639287213583911 0.0101929321025141 0.105716655507097 0.155875590615245
-0.0459487264443466 0.000653117944460248 0.0752659002892272 -0.146439749412848
0.00767758119109403 0.00691460292151319 -0.0717714853385274 0.125324047846018
0.0603377230891143 -0.0195530315317048 -0.0810936049125514 -0.169827440039576
0.0383709336045949 -0.0502969246140009 0.226910980419601 -0.346540509753235
-0.045932368715601 -0.0137788449412234 0.585612854012885 0.0140173304453705
-0.0974979217544978 -0.0199534290398573 0.392713757531901 0.735233679483554
-0.0581907070034883 -0.0843458016745103 -0.344921533195266 0.80799468613722
0.0570687996502845 -0.0377700326265049 -0.527900606897565 0.216648405462067
0.0728378191759402 -0.0164543354976064 0.0481895688020049 0.066556260161691
0.0234688579034362 0.00501389787485288 0.55104561494633 -0.350915085380828
-0.0115488967119912 -0.0145969322257522 0.098880887626657 -0.856756522441812
-0.0274322132740269 -0.0264342779675495 -0.624008015617545 -0.527663058094667
-0.0226933969388154 -0.0756987050659985 -0.552530002454092 0.199745069886146
-0.00257985896008527 -0.0863777874915918 -0.0941991540190477 0.369417266872867
0.0385738910166786 -0.0160427267355516 0.133693847076576 0.113583651653728
0.0115579646246928 0.0163646884900304 0.0701146381493358 -0.166671159625043
-0.00392443286311702 0.00152685671331607 -0.0730152826492181 0.13017916888906
0.0483214779005629 -0.0231441767679008 -0.0474330533949608 -0.176044488813767
0.035732001221922 -0.0454508190404211 0.274964279770005 -0.343282888812339
-0.0358262357785561 -0.00226890341931647 0.58344038900161 0.0702684976262623
-0.0864406525187408 -0.00634302430091616 0.295723061835713 0.791255921508395
-0.0559000629880781 -0.0673555007573082 -0.448810237194474 0.777993077937778
0.0317324308294603 -0.0224985390568599 -0.529870445798616 0.179041216971585
0.036745135740293 -0.00460090706218687 0.0886435981565186 0.0645600552849529
-0.00106281874981989 0.0252338309628567 0.532082561207722 -0.392265198250051
-0.011412055377901 0.00731702299642312 -0.00179989760259453 -0.851185668656494
-0.0134103405875354 -0.0189128571819521 -0.683117832665618 -0.448135605980783
-0.0127071780556238 -0.0754292418913954 -0.520770190909213 0.239888103176219
-0.00324244056249198 -0.0804928226665277 -0.0433325955952914 0.348406673729855
0.0308329321864259 -0.0135888556827019 0.160406918155172 0.0982849047268015
0.000195731897167321 0.01482416825356 0.064835212861521 -0.164786726264946
-0.0185022108656882 -0.00195176647077769 -0.0728038509865569 0.135331621607057
0.0319581429215268 -0.02169550478091 -0.0234725291755174 -0.179054054143307
0.033783988394371 -0.0310672729443737 0.304014174542701 -0.337628255068961
-0.017601953657522 0.0169759230921209 0.573286094222173 0.106715252795451
-0.0693950226669651 0.0123306631178616 0.222188440317994 0.823125768475659
-0.0623858252171009 -0.0455920545039595 -0.518114780902268 0.750817577404392
-0.00865015221228749 -0.0109896402927668 -0.527636489074435 0.162884175672408
-0.00843936059296749 0.00633883637861988 0.112597013338969 0.0669268670869849
-0.025611458748916 0.0511252514058181 0.511555906784221 -0.4161062484547
-0.00100506915297183 0.033294947570841 -0.0680898986419086 -0.844990962257995
0.0118766206924587 -0.00980630273300464 -0.721443408224245 -0.397138881366524
-0.000341478808495981 -0.0674042753049141 -0.497482637940541 0.262194167196706
-0.00874261137906909 -0.0678014213125274 -0.00835686307556556 0.333325271726819
0.0159233456717988 -0.0096869495110887 0.179635485507814 0.088784623169154
-0.0136266170112521 0.0124754550447975 0.0606812351594265 -0.161950448657498
-0.032213219578735 -0.00466253200934739 -0.0723025310855897 0.142289334271618
0.0105790809040405 -0.0155637771091779 -0.0132966989860919 -0.171341309797786
0.0318621782999443 -0.0117971203187749 0.313243375143748 -0.340827929461602
0.00689202445871137 0.0388108528716758 0.564652673757124 0.112198591282872
-0.0500635549744805 0.0329637404226433 0.19692234018265 0.831351142749224
-0.0768350335046259 -0.0203621447360318 -0.537530006529945 0.746404524698814
-0.0574728177230533 -0.00297883782871685 -0.532752182938839 0.166593353141759
-0.0592827250961307 0.0155720993950887 0.114160970284684 0.0742745130676102
-0.0507413225691187 0.0759541499309471 0.504046405058577 -0.416168959128862
0.015142288241121 0.0592498310186087 -0.0882639098244673 -0.834576761745149
0.0418875083378951 0.00283599435154582 -0.73409501448731 -0.382078018343607
0.0142916426314009 -0.0506818428284108 -0.491573177351079 0.265420428390835
-0.0175210887255667 -0.0500169218956368 0.00367896007182205 0.325623438889614
-0.00468346991454465 -0.00651342113716108 0.187859211405636 0.0881212283212617
-0.0271057379892492 0.00960111119605956 0.058538343860267 -0.159076983850608
-0.0431254327420204 -0.00567492561242031 -0.0694120818373724 0.149025830532672
-0.0112377924915337 -0.00621097734334524 -0.016759382458725 -0.161297827660331
0.0276469638286611 0.0100772473550627 0.298614624774067 -0.347364056246584
0.0321147626340453 0.0605657076555804 0.561166074147928 0.0843806187343831
-0.0261100148550694 0.053100399931559 0.222662002917003 0.815502958746663
-0.0887597006330495 0.00551588438180348 -0.509816645447044 0.76596793045888
-0.102637267636773 0.00490966987575871 -0.543251453536261 0.191802913907924
-0.107370846177956 0.0212048682771336 0.0945941616902848 0.0858717863880543
-0.076448279695803 0.0969277435465313 0.507046939170216 -0.388962638956947
0.0305910908155888 0.0830820780906994 -0.0602392186737054 -0.83246486714812
0.0738939925165611 0.0184553760098659 -0.72583152959486 -0.406661445912083
0.0316933978774894 -0.0291070428730044 -0.506018738004989 0.248000721003786
-0.0269408797278121 -0.0292171168383638 -0.00770726337998134 0.329928589786111
-0.0266224089821274 -0.00374275118343946 0.185002014766994 0.0967618270719643
-0.0390872396026525 0.00513516117256981 0.0593289091975106 -0.156043459283279
-0.0519797381979861 -0.00565624011745582 -0.0668463963579139 0.15416455764242
-0.0325007795165606 0.00404267063710785 -0.0335156175960287 -0.146430550903878
0.0236259955326315 0.0308919556592156 0.26623615630331 -0.359995327294648
0.0545900876343955 0.0767360196757104 0.558292344458546 0.0250942120037371
0.000329975147534869 0.0656866835856815 0.296226731746707 0.769374598554792
-0.0891017834096583 0.0283663651538797 -0.4392804248348 0.800322199947431
-0.13360706012162 0.0150103461935778 -0.551277858585381 0.236035069305728
-0.143569830953051 0.021426577740376 0.0557227284977773 0.0984767811876753
-0.101790463825473 0.105843229276506 0.520786778250912 -0.342159660479318
0.0377991832749351 0.101684495445454 0.0143795952953498 -0.828115828608534
0.101581408614481 0.036583011194792 -0.690385092920545 -0.470334152556812
0.0515815575038848 -0.0059618281904233 -0.536903478005482 0.214577867782884
-0.0330853768335691 -0.00937331140589809 -0.0441196799469323 0.341615491342423
-0.0454206490392383 5.80769404014267E-06 0.169655658772975 0.111612476726489
-0.0463676525740703 0.00210364244570836 0.0639601757919757 -0.152752903958122
-0.0545372630704178 -0.00471011051487076 -0.0632865450416005 0.157612882367675
-0.050055575910076 0.0127181964853031 -0.0614046873243564 -0.12911170137285
0.0165863780090057 0.0472788386084725 0.218095800995746 -0.367152912424378
0.0690365687275274 0.0874343000367724 0.550280537307799 -0.0485579831536398
0.0280805991301662 0.0696329014726455 0.391252929436803 0.697014716485768
-0.0762495023284752 0.0443689368693416 -0.329333562922172 0.834824911442413
-0.143412696248689 0.0267156959901068 -0.552403838695699 0.293946018526133
-0.16337985980145 0.0181481027463088 0.00263718062400142 0.111026431595756
-0.124411683000124 0.100566837892125 0.53433851071358 -0.282113990294923
0.033341690039746 0.11074128108909 0.126981594732546 -0.817234315567928
0.117960374231236 0.0516398761054952 -0.624824990973811 -0.558243680271614
0.0686178030641716 0.0162558811274128 -0.576255480276845 0.159177434084487
-0.0352765676094288 0.00814827337797492 -0.0985956550716139 0.358006248586084
-0.057697891734501 0.00466312990108691 0.142759455850531 0.132302182605414
-0.0487571939293858 0.00114693756419227 0.0696986127506028 -0.150372313354572
-0.0522146455288886 -0.00237956585408366 -0.0583014561894923 0.156536815166587
-0.0579632219736488 0.0183096138794628 -0.0943946145030098 -0.111404405336131
0.00873190462828468 0.0588847739407068 0.158545167713143 -0.365913870461505
0.0730414623064777 0.092407877121873 0.530950282534265 -0.121910499896309
0.0457589196274667 0.0668607631693415 0.490166867971485 0.607215405938107
-0.0567830033367962 0.0482677328665221 -0.197887959913561 0.854959351312965
-0.131602195744031 0.0343487281773074 -0.542338914314078 0.355353100678437
-0.163796623314143 0.0100727589610674 -0.0542308516829897 0.121756634388312
-0.137742041928016 0.0830998766465789 0.542442740240931 -0.215944278655815
0.0222238278178814 0.107315415724327 0.257528835757314 -0.793376183491664
0.119427209990538 0.0613053651002668 -0.527841225492082 -0.654788458680885
0.0808390736543868 0.0320298945629479 -0.608281507333909 0.0888170890168469
-0.0317231868515753 0.0204384533621997 -0.160500836896422 0.372110136547948
-0.0632329544912421 0.0109828015928226 0.108009411122786 0.156099302748826
-0.0463218911033084 0.00203178796697543 0.0751093566604252 -0.146582284874791
0.00704092187590196 0.00711445261762965 -0.0701814569617758 0.127394186944228
0.0594416185370819 -0.0211451443575377 -0.0832410388795507 -0.169177798520117
0.0377640883107352 -0.0512276748408982 0.223116371952813 -0.349786740632423
-0.0460577828885624 -0.0138150176918714 0.586703007529181 0.00474978960012723
-0.0980557032465201 -0.0186409502286897 0.406081100641219 0.729563852559944
-0.0584642522712511 -0.0837118737273653 -0.335179547026497 0.813579015359883
0.0574432166256549 -0.0388997328490647 -0.525437033526308 0.222602524228067
0.0732637469549424 -0.0169485373476755 0.0489450596422632 0.0670988955433989
0.0242986718503258 0.00503143646682677 0.548051809966693 -0.357532617867311
-0.0122678959110048 -0.0139207567621587 0.0879805347214417 -0.857587247603628
-0.0278930230841579 -0.026615081776093 -0.633159861405979 -0.519751872235425
-0.0223403275223477 -0.0752902958685627 -0.551972877244342 0.207180603584042
-0.00462304931978956 -0.0864462758101499 -0.0884352804503224 0.371341553139925
0.0378092664687898 -0.016852950382125 0.134965023047983 0.113014177085277
0.0111400786568128 0.0155879977044547 0.0691724609060722 -0.16836937070437
-0.00396917188136293 0.00188637275609349 -0.0717589617086788 0.131229156841205
0.0490193475410489 -0.0242432286285303 -0.0498305865914234 -0.175520461977938
0.0349735240952876 -0.0457884799822613 0.27272129856796 -0.345836887588277
-0.035480810368616 -0.00200825726286803 0.584339690247554 0.0614313516091083
-0.0864611438409178 -0.00610063084175204 0.307655410668641 0.787732647364724
-0.0565095312197231 -0.0672836580214631 -0.438373147692743 0.784375328291886
0.032166506752018 -0.0225792700896936 -0.528408951961978 0.186666006262309
0.0380920619312525 -0.00518567647323598 0.0890388181806633 0.0642314615289329
-0.000717804483019381 0.0253400400593672 0.528863063125098 -0.399418125416799
-0.0116522853119377 0.00819281345597603 -0.012293262157036 -0.853596460731128
-0.0135762514078677 -0.0184239055295426 -0.690354828811905 -0.439529703944856
-0.0139026200084321 -0.0750350888026253 -0.518910661019184 0.249619953127613
-0.00465884922174767 -0.0794019941678585 -0.0386158096356804 0.351061880110435
0.030179225353332 -0.0141104938931614 0.162607069761947 0.0961037654347951
0.000347299930274903 0.0150980247708387 0.0634403611981275 -0.166108836189662
-0.0184486130985012 -0.00228960323006991 -0.0709642657720427 0.136560352750425
0.0320553393735484 -0.0226258909536088 -0.0270946475786812 -0.177729324237065
0.0328342496182678 -0.0313413277254256 0.301627058553394 -0.343860266649099
-0.0171391933533583 0.0168859305115309 0.575500387255057 0.0990330000151421
-0.0704170506823717 0.0124526604114227 0.235134427691841 0.823972802047533
-0.063529470840447 -0.0449241823510002 -0.507506455729487 0.760701039491921
-0.00687955805550314 -0.0108077608733475 -0.527205186235129 0.168537973684057
-0.00753567483950763 0.00576042002151206 0.114078585827017 0.0658023766901842
-0.0254889739752357 0.0512615823890194 0.509674177863094 -0.42268202480763
-0.00102084134264627 0.0333088211813482 -0.0792297647795458 -0.844884872352372
0.0119912444227574 -0.00952188103019106 -0.725475549322446 -0.389412493152376
-0.00190971429100837 -0.0668671501829468 -0.494843544829242 0.268246176923281
-0.0104353647130018 -0.0668253071170413 -0.00376704845859702 0.333672413418532
0.0146989015482188 -0.0103347474318297 0.180845333204973 0.0874451461361166
-0.0139063367466395 0.0131405927369843 0.0595539697195163 -0.163232467312905
-0.0316175236412727 -0.00436183606052773 -0.0699801295920372 0.143362517142265
0.0109317157124664 -0.0159417353346513 -0.0152835071912548 -0.172255313658411
0.0313996432669578 -0.0121451427725004 0.309916192967109 -0.344753656652962
0.00810777808725099 0.0387420862481162 0.567574091900051 0.104008899049481
-0.050193869347253 0.03403489238718 0.211464264982728 0.830425207064956
-0.0771903345812528 -0.0196409702176144 -0.530437365987461 0.756039184138467
-0.0561971463235714 -0.00265088011129076 -0.532845384727147 0.173575367554738
-0.0590194575848034 0.0160833548832642 0.116221768360738 0.0734825293000099
-0.0500358724657685 0.0768114240380395 0.500473480826263 -0.422081451141542
0.0151956362086865 0.0586114625076497 -0.101258487482775 -0.834286423232401
0.0420796145542547 0.00248453349110917 -0.740039419650882 -0.371745884504692
0.0142469164741441 -0.0512075330311384 -0.488703847166797 0.271963490757063
-0.0182478681964002 -0.048667924159914 0.00807728729317643 0.326947003370143
-0.00527260429674194 -0.00654644645007707 0.189744029997724 0.0867226665135319
-0.0274401879716556 0.0094743981480069 0.0569735556286876 -0.159246472281579
-0.0432812218528952 -0.00534372479889428 -0.068585733268275 0.150197009335408
-0.0108964408912413 -0.00596256573759194 -0.0188251792906296 -0.161677799058577
0.0289311122857439 0.00940719001977067 0.29547356555554 -0.353309824824449
0.0334080396028236 0.059465407295259 0.563346633602164 0.0753360859032516
-0.0260258197330771 0.0528625399694288 0.236968952298866 0.812743836601246
-0.0894395498943176 0.00663245394261283 -0.503537748528272 0.773834660068952
-0.101615119744887 0.00536062505864682 -0.542616082184279 0.19716589421994
-0.107621985825852 0.0219514337401663 0.0969911864816864 0.084755040331287
-0.0745210162609206 0.0981278980530894 0.505712052546056 -0.396314080003018
0.0310899163297708 0.0829118978394629 -0.0714797585680131 -0.833656140627825
0.0750027994290088 0.0176251761822816 -0.734034177837962 -0.397726035279702
0.0313956808028264 -0.0296674615960631 -0.502892562817038 0.256391895021601
-0.0273294049553378 -0.0284400784794053 -0.00318098528103233 0.330985223969296
-0.0265492118093168 -0.00319174053796289 0.186914917576436 0.0949508387317876
-0.0392520782667033 0.0061231613320327 0.0590874437893216 -0.156122369679919
-0.0510979151972453 -0.00503875909606254 -0.0656576411846885 0.155325467141496
-0.0311965887565447 0.00449291105350639 -0.0355744251228458 -0.146768744025493
0.0239492939380658 0.0306486121936955 0.263035510647345 -0.364389241261067
0.0561568082687152 0.0760529055193652 0.561422482860414 0.016384891218494
0.000740596765479259 0.0659187450095731 0.308072052999306 0.766131954226468
-0.0893329813354772 0.029283516278956 -0.430524577994792 0.80688202381594
-0.133230105748894 0.0169121977819092 -0.549494131099379 0.242461009018467
-0.143981442112655 0.0237580845835027 0.0581952109459688 0.0982189677485141
-0.100323054820106 0.107110138765953 0.517083222049244 -0.349298277716345
0.0384138083430089 0.101772903577623 0.00305036415577418 -0.829370108183854
0.10156533790451 0.0349799501736921 -0.697152252327305 -0.461723916419314
0.0499817780667592 -0.00693032134234591 -0.536502926831004 0.222488446429936
-0.0337119314234311 -0.00811276346282074 -0.0387376155227872 0.343996258665522
-0.0456685825312461 -3.6823983495755E-05 0.171176629554282 0.110537805847754
-0.0465374926033907 0.00335176891711087 0.0633394460066576 -0.153079955284439
-0.0545184423097374 -0.00420218884651317 -0.0611659575593947 0.157784388886088
-0.0487473819447292 0.0134735196010891 -0.0631811446575204 -0.127940545047907
0.0168636489249599 0.0474743474867334 0.21395211499981 -0.370817019223327
0.0702363174134018 0.0860933704444222 0.550258855973032 -0.0563823960359556
0.0271915808802939 0.0694789095599739 0.403557790125255 0.69338166944608
-0.0765751883797322 0.0458614503716782 -0.317189252781166 0.841615934032623
-0.141612857831159 0.0282654066882445 -0.550082561632307 0.299746210479264
-0.163732924414052 0.0196639877168574 0.00507395417950095 0.11165415423193
-0.123248264510753 0.102606087219714 0.533023204874631 -0.287992522203584
0.0352166229460662 0.111079103473629 0.118123056424415 -0.821953199074581
0.118220333989202 0.0499029598681842 -0.634430047668071 -0.551806806441334
0.0684781221361609 0.0147116617068772 -0.576639972668227 0.168134832100133
-0.0347825876530061 0.00959464348256694 -0.0937083663483135 0.360056945745684
-0.0580370394343695 0.00525733608334117 0.144773107483335 0.131855310385991
-0.0493551190083777 0.00182259864340841 0.0681965717898802 -0.150417022787661
-0.0520223826722546 -0.0023960913755925 -0.0574222585008535 0.158314935173228
-0.0570918924627743 0.0188762730508913 -0.0967266667598837 -0.110317423481712
0.00890001936975015 0.0580259571459961 0.154803174168088 -0.369281261092867
0.0743067391046639 0.0914313698615238 0.529440178411498 -0.127774563127564
0.0454783105329301 0.0659891873072573 0.500114986176 0.602013186969112
-0.0563100075186724 0.0498777561271989 -0.186355769930373 0.859813651597941
-0.131400161957041 0.0361961424418953 -0.539090942133006 0.362759107368902
-0.163928165772476 0.0119594604348507 -0.0532447275766477 0.122447026011188
-0.136947382602495 0.0852830840549353 0.540924311887743 -0.222585611880966
0.0227088278514916 0.107486167282314 0.248162430409035 -0.796514304837572
0.120033959410137 0.059861289771799 -0.539244629477186 -0.647522988462396
0.0806454176044329 0.0299170034159894 -0.609990968123416 0.0981152550338861
-0.0315156405707648 0.0214998746791451 -0.15631628239918 0.374882890746489
-0.0634855419485936 0.0108164827467744 0.110685941896886 0.154781301701796
-0.0464593476028477 0.0029473595292201 0.0738434514583329 -0.14820274590329
0.00843610503266734 0.00615057461088332 -0.0700604765241852 0.127629156961962
0.060686997584472 -0.0223176900089894 -0.0855606055081811 -0.169012099768821
0.0375523262377204 -0.0505203666896231 0.219076642124447 -0.355102284430055
-0.0452396360374751 -0.0125616365386647 0.588077222619332 -0.00118180863554748
-0.0987909906175243 -0.0179249908023605 0.416486866390997 0.72563598338489
-0.0595800318120876 -0.0834687207411826 -0.325211832149442 0.819767155583591
0.0579354818150173 -0.0399440917381387 -0.524377829861818 0.230341172473549
0.0740065475354739 -0.0186166289860649 0.0507366569739704 0.0663276639678169
0.0249441008960891 0.00411885563295662 0.544216995295743 -0.363011280597972
-0.0115362975270948 -0.0134704287360972 0.0773223068672332 -0.859552365137953
-0.0286855359001282 -0.0264385355548145 -0.642374510276459 -0.510573898943858
-0.0242316805640914 -0.0752683829881709 -0.548744646201017 0.217796965830221
-0.00508407575690292 -0.0851889785867769 -0.0835350082515268 0.373760492521205
0.0377936468357882 -0.0174022804424829 0.137026315387531 0.111634981416736
0.0108437517639176 0.0161945717646406 0.0674781850291724 -0.168876115696465
-0.00386565088585344 0.000957242680547154 -0.0711463186294931 0.132798026461797
0.0490339861650987 -0.0252993468720292 -0.0524265839102157 -0.175512119582745
0.033618954371199 -0.0457982261370901 0.268825959647916 -0.351299057903807
-0.0353623097674614 -0.00151886299824769 0.586800028334378 0.0521900037372977
-0.0867382114687177 -0.00554498975661276 0.319137318042545 0.783891068602063
-0.0566752979624238 -0.0668298255186043 -0.429821098870793 0.790460058265191
0.0332114369223306 -0.0238245623372487 -0.527437652098583 0.19140204153304
0.0381746478936686 -0.00575267066866063 0.0903827373602727 0.063634981372026
0.000375807334585291 0.0253358849014998 0.524243842550705 -0.406773427793432
-0.0115454076342584 0.00854511763495109 -0.0240023497710315 -0.853561962510889
-0.0131781198571244 -0.018852794650406 -0.697372093016337 -0.431055997876037
-0.015361033408025 -0.0747040181229442 -0.516233643292801 0.256915071636704
-0.00593792356704821 -0.0798014166726523 -0.0350022653956768 0.352390126816897
0.029971782530626 -0.014757703852024 0.163405690869234 0.0948939002602788
0.000606423339466952 0.0150690516065862 0.0623017524008163 -0.167201622332942
-0.0178024930054307 -0.00189469997156831 -0.070107835374997 0.137587001317341
0.0326331516383493 -0.0221027126180277 -0.0285272766970848 -0.178757606335235
0.0325701272700961 -0.0317575105661751 0.298216023964376 -0.348491057350507
-0.0155845820858318 0.0171763542863591 0.579388406789683 0.0899780945556963
-0.0700256229088719 0.0127411473401675 0.246602647994887 0.819822840254139
-0.0639516735653172 -0.0446659678476979 -0.498197735711476 0.765982781068057
-0.00632028029214806 -0.0106488512563366 -0.526534674270505 0.175382624131465
-0.00760981035090421 0.0060947691694009 0.11480355199766 0.0655234632123502
-0.0235367252830112 0.0512207160891181 0.503770288877811 -0.430976167150444
-0.000475867371319494 0.0335722327869211 -0.0926187077250674 -0.84321008367567
0.0112446421395092 -0.00943862607567717 -0.73275411961416 -0.378824554342977
-0.00238380776247697 -0.0669627707488699 -0.491206427327927 0.278331869822126
-0.0111638442360847 -0.0664021362695024 2.88901304264217E-05 0.335039433992231
0.014916250450028 -0.0107419288168494 0.182899826733925 0.0850989151898444
-0.0137256524412432 0.0137634800780335 0.0578856477374438 -0.163634459153725
-0.0318648285697324 -0.00418972591998203 -0.0697684085711466 0.144924165106711
0.0109512133804725 -0.0163078359743373 -0.016884600931561 -0.172466800670462
0.0310684998479828 -0.0121325536831082 0.306283079047936 -0.351574048297052
0.00859867656494329 0.038881056817292 0.571918947585701 0.0961422306458491
-0.0503087863189391 0.0340622460784754 0.223961641863589 0.82819773099441
-0.077934341010365 -0.0185347264843443 -0.520344314540669 0.763495847076646
-0.0559611140646709 -0.00223697540698591 -0.531893621646425 0.178476200445461
-0.0585155346713396 0.0163901964997525 0.117225881885455 0.0727410235769804
-0.0486630840634662 0.0777483838579705 0.49607299024922 -0.427149704159654
0.0158915873566453 0.0587952210473287 -0.112634113933046 -0.8342026929795
0.0425437923663043 0.00164471666283597 -0.74622260431318 -0.361794768334381
0.0135386716723606 -0.0513376156877583 -0.484683755737241 0.280318919571046
-0.0189145716675946 -0.0486329149132733 0.0127007737389062 0.327815117306083
-0.00521979494128668 -0.00646244000738364 0.190856413372742 0.0847556516932271
-0.0280786937489023 0.0107031346805082 0.0564525896985358 -0.160500024366382
-0.0437149526650363 -0.00525450225254633 -0.0668411573456927 0.15148227655113
-0.011552782993262 -0.00637227698529831 -0.0213277051631577 -0.161713055813348
0.0289561140142429 0.00919523255973566 0.292649609973445 -0.359108193399255
0.0352872445169077 0.0589251935458405 0.566761747312038 0.0667677695357677
-0.0259474109451806 0.0524955256244373 0.248021296421636 0.811711636411858
-0.0889542504657988 0.00730899176535599 -0.495794997519149 0.782948817153682
-0.101091813247605 0.00740093721934069 -0.541113306852455 0.204839317763557
-0.106327744918512 0.0231748729656501 0.0983155966630523 0.0835650432924617
-0.0733470754120816 0.0993485977992237 0.500192388035299 -0.40380534437667
0.0322571428374809 0.0822356110201247 -0.0832093910365604 -0.831864050142147
0.074831712254821 0.0169067358086707 -0.739380268696537 -0.388203307722393
0.0312690836961281 -0.0307327858490697 -0.499275245430445 0.264657176771438
-0.02879869955296 -0.0285196815352701 0.00165289287797062 0.332092772022995
-0.0272476218428614 -0.00313785646825391 0.187976417748644 0.0924169499196128
-0.0394046056769777 0.00690264522983885 0.0577112108397879 -0.157063547821206
-0.0517899689071352 -0.0042505249329337 -0.0640623964727984 0.156737556493909
-0.0313017956260543 0.00432280131462766 -0.0367864746396879 -0.146510643935048
0.0246784241070292 0.0296570597038035 0.258875036679141 -0.369333062016186
0.0570160539370585 0.0746332317330157 0.5617878712227 0.00983847006475454
0.00113059562597355 0.0648930814606969 0.318358532804594 0.763699836114242
-0.0888981413291631 0.0311797386423976 -0.420075808021745 0.812252586177157
-0.131790463479129 0.0182143922762273 -0.549026492306914 0.249621643657657
-0.143436805675194 0.0244410711887923 0.0598261210001341 0.0979286105450476
-0.0990791742345863 0.109267889276285 0.514503192410814 -0.355392974917915
0.039878807532312 0.101052607160429 -0.0078413200910996 -0.829983126861411
0.102239488287033 0.033172091535019 -0.705987217388376 -0.451529817574948
0.0500487439211498 -0.00749387370507458 -0.533385080337976 0.231460331702353
-0.0341289818406649 -0.00793801699034114 -0.0341994577112617 0.345333167885975
-0.0455442654904863 0.000536917291781926 0.173273013802405 0.108752473679697
-0.0470585583731807 0.00423631213808836 0.0620396664980484 -0.153818638360453
-0.0544768628335622 -0.00344369160629885 -0.0598289822836702 0.159368988200465
-0.0483367126109087 0.014148700363958 -0.0637820261082246 -0.127814335600451
0.0173956778706917 0.0466037071051717 0.208839438303244 -0.374933495833026
0.0722170316682007 0.0851234099377772 0.551261952379693 -0.0642437095260264
0.027073368516999 0.0690266874670469 0.413822655341525 0.689113988725177
-0.0763651941485509 0.0466648637790342 -0.309355652462726 0.844012767346783
-0.140994896784096 0.0302892229147296 -0.546899577816369 0.306374760930756
-0.163289589305654 0.0212984767837702 0.00706198367678324 0.112214656456172
-0.121906011589473 0.105024655748755 0.530041106234132 -0.294618453704077
0.0372557420401008 0.111611658146324 0.108497249361888 -0.82244849729093
0.118361105829538 0.0487863252715223 -0.64258276458943 -0.541765137847103
0.068338006505838 0.0135191424174235 -0.577219515096415 0.175098011372793
-0.0350282575339493 0.00934494618533914 -0.0882211484639824 0.363760380545599
-0.0577404444974871 0.00583518425020739 0.147390697708015 0.130227500436507
-0.0493654589716284 0.00354743970414163 0.067197131802664 -0.151028145883866
-0.0517551356077885 -0.000984594881914186 -0.0554153944904893 0.158560263782067
-0.0561925395992937 0.0190525128234011 -0.0982204553295322 -0.109162980906179
0.0100821653776476 0.0578252423616718 0.149582225066331 -0.371592680993122
0.0757712515469625 0.0899944859150487 0.530661530376098 -0.136815901326555
0.0466626008416335 0.0654521989740437 0.510033975511579 0.597090427125143
-0.0564270578017752 0.0511526233496335 -0.174712800542457 0.8617802575169
-0.130435160581057 0.0371184535389274 -0.535845899100745 0.370034857777761
-0.163793129434481 0.0134872621814168 -0.0502613732494135 0.123851910721214
-0.136238310745506 0.08714532316224 0.539576504275028 -0.229061396702726
0.025007044931946 0.107788847924014 0.23682724243531 -0.800748857642365
0.120949414259716 0.0582083449926294 -0.547231607838367 -0.640826914667481
0.0809460449716078 0.0287339231183845 -0.609355028039662 0.106583158063974
-0.0310401991376491 0.0212259725058554 -0.151046522973657 0.378872952688828
-0.0631990766461853 0.0116213230220122 0.112931192130568 0.153855819837858
-0.0471508556296597 0.00394651042346761 0.0723597691707518 -0.149042549706805
0.00818184787796024 0.00487118594072233 -0.0685746097151611 0.12891261425075
0.0599424541948877 -0.0234186918108428 -0.0893737703643449 -0.167064364898721
0.0364006808744568 -0.0507119363303405 0.21546839576901 -0.358027234685561
-0.0451074037023095 -0.0115288499846019 0.588082957327132 -0.0112325016093878
-0.0991642424151701 -0.0172001173622109 0.427861868483746 0.719873778748708
-0.0599816300751165 -0.0831466817800245 -0.313967704058013 0.822389817430708
0.0588174645739243 -0.0408466404019225 -0.522200071866092 0.235403181971385
0.0742129006915774 -0.0198478264351767 0.0517438152512875 0.0663846286909334
0.0251033041149934 0.00413528880511066 0.538739322114302 -0.370955508435763
-0.0123487147093516 -0.0135014000172724 0.0632043301594888 -0.859660260755341
-0.0288225472540379 -0.0252227566445239 -0.647753478775305 -0.50013910084297
-0.0249123205449466 -0.0744482984131297 -0.546032669273111 0.225527549695868
-0.0071914970867951 -0.0838102554791023 -0.0778985165252962 0.375565079474435
0.0366587075615155 -0.0180466154157042 0.138312036376659 0.110590000456698
0.0111345457965381 0.015690189478904 0.0661448131813526 -0.170191057942049
-0.00352464184276919 0.00114575965306485 -0.069727933891219 0.132870644338258
0.0487460136576315 -0.0259573393509924 -0.0555670006667784 -0.17495910329708
0.0334331921808527 -0.0459798941855668 0.262943409374007 -0.355447889988206
-0.0350956995672911 -0.001914740517582 0.586182644025247 0.0441387560323196
-0.086984818832109 -0.00458803873799928 0.331477290211429 0.780166446797748
-0.0583936201695717 -0.0659459358262136 -0.418057160872991 0.794245032288352
0.0335087631636638 -0.0239008462068657 -0.524462336451535 0.200004009307185
0.0384238094270945 -0.00677415630207615 0.0907445846691348 0.0620884829027306
0.000684470589780055 0.0258005449470642 0.518293183817549 -0.413369600117475
-0.0118259499852652 0.00852513918455821 -0.0356732327743607 -0.850312655988379
-0.0138133739804981 -0.0187553228841186 -0.703000426822628 -0.417665878219679
-0.0157442942654171 -0.0744202693682527 -0.512241710640672 0.264261102070418
-0.00780297701752805 -0.0786274094739713 -0.0294043683874572 0.353224816970863
0.0292522501276691 -0.0146149275129449 0.165280271354474 0.0926401369209678
-0.000497278216941453 0.0153433086011427 0.0604539808722569 -0.167645655303977
-0.0182250790748536 -0.00170308797741406 -0.06849789162677 0.138125015288025
0.0322942214620733 -0.0236173542044116 -0.031226150180458 -0.177674567617877
0.0321966054534537 -0.0317624590567112 0.293124000154959 -0.35353864084776
-0.0158589312288691 0.0172111585457916 0.582191624217321 0.0821435895962991
-0.0703438819670687 0.0143255634987861 0.262191491932684 0.81569199389869
-0.0649336316493641 -0.0436441063061202 -0.489422779226798 0.774046107808492
-0.00580786636222598 -0.0103908094551185 -0.525230745315663 0.181128399700572
-0.00653985092803527 0.00677167387885625 0.116511853703593 0.0642863538737745
-0.022986435824421 0.0517810651840837 0.497509280815446 -0.436076481463046
3.13941191730852E-05 0.0330751468687334 -0.103298175128299 -0.840538995589851
0.0109478220502669 -0.0096062190266816 -0.737286814372809 -0.36698818136785
-0.0038243305129738 -0.0664083549667612 -0.484967222183497 0.285105895082213
-0.0125633383380916 -0.0653827844356767 0.00496139428354189 0.336794394179471
0.0138979340368971 -0.0108821958588769 0.183875622019311 0.0830356274873015
-0.0141413915648188 0.0134400571747141 0.0565347060239375 -0.163743712574628
-0.0318844914922161 -0.00443467350845907 -0.0672773445263852 0.14543001806689
0.0110559967048348 -0.0165985213997954 -0.0198190956927707 -0.172268355101468
0.0307637071917937 -0.0126359206179542 0.301748088782524 -0.355668361716416
0.00936011757842301 0.0380635575864252 0.573267740155756 0.0874956805842556
-0.049594613018438 0.0340271094175008 0.235797038119471 0.82509178932056
-0.0782076025834105 -0.0181022511399177 -0.511479296061169 0.76842920223552
-0.0550288077275072 -0.00122516168912563 -0.530718468133328 0.18609729978194
-0.0579507142046974 0.0168509594494416 0.119400999381842 0.0709097280801463
-0.0473966262152203 0.0785953660786854 0.489672422915883 -0.434891247703702
0.0166853052564846 0.0594798007664824 -0.123276890216394 -0.831716189636906
0.0430426766981394 0.000925347011471976 -0.750984810098537 -0.349833318572475
0.0125375291889316 -0.0518413604296122 -0.481486753434042 0.288181293960096
-0.0208036882001054 -0.0471471795255797 0.0176970149632788 0.327846156752396
-0.00637817795464131 -0.00718287353421748 0.192534022676859 0.0826782263415786
-0.028317728884282 0.0114873114620727 0.0546689184210697 -0.16048142742459
-0.0435622566355825 -0.00515996391053181 -0.0639299582161326 0.151996226140427
-0.0108447036308669 -0.00603411202791888 -0.0230474512290855 -0.161728280245088
0.0288824664770433 0.0091995362698655 0.288640497599878 -0.362749987287147
0.0356162708873189 0.0574762006079805 0.56725491773246 0.0591972912907809
-0.0253948292705273 0.0532038330136789 0.262689250714184 0.806974381524572
-0.0892645930441329 0.0090163774355881 -0.482427861755579 0.786444488929371
-0.100218485882365 0.00802266071825813 -0.538263353424689 0.212635037094063
-0.105831505782739 0.0242886693073105 0.100315491382919 0.0829383424171038
-0.072156350792275 0.0999047389206977 0.495812476507185 -0.409443231751169
0.033169687510923 0.0825649989701377 -0.0937031617307401 -0.829016558735904
0.0750336062504814 0.0155310208021786 -0.742777857385877 -0.375755148552939
0.0306821012532507 -0.0313326063661617 -0.495781877539769 0.271897162609928
-0.028658103590889 -0.027285728152893 0.00606248215222318 0.332334639050701
-0.0273538037107204 -0.00301876196078367 0.190293372590688 0.0904097785861594
-0.0401229976643376 0.00789390273417565 0.0563569991282488 -0.157673572452462
-0.0513945929296916 -0.00418134360035077 -0.0617736664277428 0.157512089056109
-0.0313151313067878 0.00471846824487956 -0.0388988101766624 -0.14576901981983
0.0244105233923433 0.0293995440780764 0.254801893576838 -0.372311310563923
0.0584279893222674 0.0731020306323057 0.562043717393531 0.000634043534290815
0.000609602502610149 0.0651027319401486 0.33231288409276 0.758634145326171
-0.0882393598249313 0.032566444415642 -0.408057083577246 0.817510137415673
-0.131004773367938 0.0194294688880455 -0.545023079583512 0.256839379320457
-0.142454219905769 0.0269327807653305 0.0619028851850896 0.0968721978582228
-0.0975987720471467 0.110624084639512 0.508941063225482 -0.361932291764209
0.0412758211366393 0.101615209438586 -0.0185529391818786 -0.827537275372955
0.102431451715554 0.0315912556554364 -0.71082184241479 -0.440917011319685
0.0501302690019909 -0.00909680940659077 -0.532134357823403 0.238742972187066
-0.0343769305059917 -0.00720584861473527 -0.0292957281403541 0.345650892227576
-0.0461763774507627 0.00124874256557058 0.17526590507037 0.106984994940372
-0.047023217327501 0.00564026282771695 0.0607938129334041 -0.154647006822609
-0.0551046892855476 -0.00271281956925204 -0.0575890427017143 0.160096303424492
-0.0469516620975472 0.0134430067386206 -0.0661087374235483 -0.127553436327
0.0178976039997759 0.0458312998334705 0.205102765134451 -0.377645042807962
0.0732755000168463 0.0835512632254077 0.550283783759543 -0.0739347978424895
0.02780418220377 0.0681480061969063 0.425105976693693 0.683330235657574
-0.0759746037770213 0.0479882533064233 -0.296468847413032 0.84820763250058
-0.139714255913491 0.0317745802171571 -0.544167303565868 0.314308864457534
-0.162753144996129 0.0234300269861573 0.00897849702720725 0.112214225932793
-0.120268209794595 0.106199460694142 0.526517403458224 -0.301538779946618
0.0376574225699435 0.11062578505927 0.0972816000647892 -0.82139862545458
0.119480496215251 0.0465909711218971 -0.648745917356251 -0.531642596251032
0.0680493886765977 0.0121181683240064 -0.572422430500609 0.188001760712158
-0.0352391237898694 0.0109032976811828 -0.0831193797444113 0.364261885887603
-0.0574269763164461 0.00581042434815774 0.149074642078756 0.128425157692834
-0.049124486773148 0.00459723735094144 0.0658099518836646 -0.15171154722227
-0.0519276473829699 -0.00141190060132886 -0.053349623374426 0.159183500448223
-0.0552717893747295 0.0193473252830792 -0.0997564073082139 -0.107576126487966
0.0104708998866052 0.0571220796693317 0.144850973601474 -0.373869486240963
0.0771523319441298 0.0882733235518807 0.527914706770981 -0.143437695962615
0.0452691495642053 0.0643250389708207 0.520124002892301 0.587781661755816
-0.0552506717214017 0.0510831235833362 -0.164372078443656 0.864104512456888
-0.128705998734471 0.0395538752373973 -0.530948165557063 0.376327908272874
-0.16392012143295 0.0160677495234474 -0.0477066612940372 0.124881470106059
-0.134522386150019 0.0893623945808655 0.535868719084289 -0.236367866899815
0.0251966698237557 0.107207349484874 0.225811107016388 -0.801026657708573
0.121387626039203 0.0561309591731744 -0.556124617355471 -0.631257098956868
0.0807173063760044 0.0271089073502817 -0.607937939498428 0.115939182821802
-0.0313006915747747 0.0225645535189125 -0.146091562859527 0.3818927994026
-0.0626106690896696 0.0122211910278864 0.115366528481763 0.153308712525358
-0.0467571756716703 0.00515901025663465 0.071354720453912 -0.149824528760949
0.00913737082874832 0.00724496216312822 -0.0525797407819707 0.134328352975819
0.0516154120442883 -0.0339393442679538 -0.107904529137 -0.151149089757418
0.0278641486083594 -0.0634624650656125 0.170772845145382 -0.375066792587672
-0.0341217545949736 -0.00957319496401534 0.582166170675935 -0.0840414139084582
-0.0834347715811894 0.00661210810783806 0.51287928811888 0.660093105450892
-0.0662965605995089 -0.0514323816387522 -0.208583219675557 0.841490055557652
0.0504493375843058 -0.0404992373765027 -0.490479685794691 0.296431750472104
0.072221687192585 -0.0264988273955951 0.0575105511617989 0.0606363063922584
0.0260270950997816 -0.00717994374070769 0.500304351304004 -0.419668738739827
-0.0246578195002737 -0.012466792317236 -0.0106574386291851 -0.865770926579323
-0.0369962320860659 -0.015087002106661 -0.688403670484974 -0.435146436796853
-0.0286757942793697 -0.0647363867975665 -0.522785047494759 0.275095632924528
-0.0113533291378333 -0.0834437900969778 -0.0432141328883929 0.383282598423474
0.0334238266251732 -0.024209603835405 0.14853493113012 0.0974868068348986
0.0101238597830298 0.0151590568653745 0.0523116752637936 -0.173218238116503
-0.00335280472962113 0.00431707091465739 -0.0524369884941773 0.138253121462686
0.0413326988114104 -0.0350777938943878 -0.0749022988243134 -0.162949229616552
0.0273178111689531 -0.0578946225770244 0.21891741174102 -0.38017460841928
-0.0230587186038811 -2.58111124640525E-05 0.587862985399655 -0.0286625278193898
-0.0721358097750371 0.0203200171118908 0.42470282433451 0.732705103257892
-0.0646634210697895 -0.0340063051221019 -0.316349441134903 0.827105514445848
0.0276395741574338 -0.020966882291145 -0.497162996574946 0.257967251844582
0.0396036240179312 -0.0106100996529874 0.0962969859592422 0.0520990942937615
0.00350551482050269 0.0165504063371006 0.475850339407401 -0.459967505249097
-0.0206506959259792 0.0107334095600752 -0.112179002987708 -0.848284245688017
-0.0214039770186592 -0.00983027262157009 -0.736173139426601 -0.348352897613345
-0.0192501927019042 -0.0667995386962848 -0.48604333595508 0.310697583562015
-0.0109752621156202 -0.0785681068313453 0.00356396289478453 0.3564107579675
0.0258585271659063 -0.0203294044719015 0.173229573144684 0.0776968592073877
-0.000765477861917318 0.0159452957812159 0.0473911774515005 -0.17098747015145
-0.0175600295236897 0.00362890952419145 -0.0506394127651406 0.143065742280716
0.0253783355172722 -0.030750553827788 -0.0518962759899968 -0.17019253336271
0.0274557852165681 -0.0439702574970779 0.249557270270389 -0.382582152376478
-0.00104708067698562 0.0162685418565758 0.584125617027866 0.00932272233525698
-0.054555775307086 0.0370037564511421 0.356905186529866 0.776322546456369
-0.0703613503999103 -0.0115987695599163 -0.38744859547895 0.813012210530205
-0.0108613440719677 -0.00305915667100711 -0.498269351261677 0.240333072082676
-0.00354730365502733 0.00617504673282727 0.121537396185956 0.0499102785498708
-0.0170771402280592 0.0456909408817005 0.454303461378992 -0.4793759967111
-0.00673936105285628 0.0357168213678769 -0.180041287276548 -0.832434541152283
0.00566650891574333 -0.00367368718315779 -0.765019863075141 -0.29334503839862
-0.00537997928812368 -0.0601324060073024 -0.458868833696105 0.328888497479907
-0.0154573575819648 -0.0657176809256315 0.0362365827620428 0.337163872065252
0.0115320864002635 -0.0151820576465851 0.191521958666066 0.0659831434087156
-0.0145749370405907 0.0152896643933325 0.0435814579603993 -0.166409184324026
-0.0316084268024319 0.00356079111270427 -0.0484975706759637 0.150380834537026
0.00663719209221214 -0.0215032135243303 -0.040323228343243 -0.167265406517985
0.0296298247632287 -0.024857962243801 0.254732775613399 -0.384443845734246
0.0266425997889067 0.0331974813713734 0.574847213221046 0.0168455459770065
-0.0329755998558891 0.0554827985318943 0.333356248852407 0.78796450537989
-0.0815984273700381 0.0157411075210106 -0.409961189005677 0.813644083764096
-0.0591054642088863 0.0129334291698262 -0.500419605732955 0.245962950773127
-0.0527056517264478 0.022009032528402 0.125732540477869 0.0563728821988487
-0.0396022671100706 0.0762295633863399 0.446450889487061 -0.478095702744435
0.0135515386264243 0.0588420769156548 -0.197966539468453 -0.818450529898106
0.0373658784187622 0.0034776091366741 -0.779053591217895 -0.276427494698571
0.0122574820180606 -0.0476460893385927 -0.454602502922321 0.33016547168244
-0.0210795703335201 -0.0467999274324284 0.0481869913433996 0.327459531954565
-0.00812560277499937 -0.00901603796183287 0.200550770730771 0.0652628075997836
-0.0291676677142108 0.0140467049726335 0.0423414793524451 -0.162449367201205
-0.043180455638538 0.00419537078657051 -0.044219376871253 0.155064163601898
-0.0138846469263832 -0.00852769151711209 -0.0416269875235025 -0.156922882529253
0.0306432472199157 -0.00440438737006357 0.239628698704218 -0.391264693684287
0.0553600856109639 0.048479805001255 0.564977355393975 -0.0106290751041782
-0.00707684103794193 0.0704708199196342 0.353460211917381 0.769073956433916
-0.0884790435528087 0.0438855458276773 -0.382090632707274 0.823869095887084
-0.103837364850258 0.0300545643072132 -0.503130171211542 0.272112408918109
-0.0986549622658983 0.0344629449538924 0.108619594812425 0.0690243790394769
-0.0602030984864947 0.100886764265931 0.45426631284668 -0.455722912147201
0.0319435874866667 0.0798255845671701 -0.169703831690989 -0.82075705572301
0.070996727266742 0.0135872602387703 -0.775010691590462 -0.301244448383152
0.0322630315950545 -0.0299850372470588 -0.472750278805796 0.317493442171418
-0.0270792805722333 -0.0253520808190672 0.0375817534184363 0.332484820680339
-0.0285954267960311 -0.0035479944100378 0.198662471294778 0.0742967425945842
-0.040898025017912 0.0121802707263383 0.0441513170939502 -0.158771293078225
-0.0509115867932684 0.00634498491935492 -0.040166233354904 0.159517282378331
-0.0323042391665114 0.00591676466954661 -0.0554712123123712 -0.140393252618045
0.0283715705706919 0.0160517275677589 0.203896677499203 -0.398686445451485
0.0784279243501649 0.0593648201764211 0.551313647271775 -0.0668514607639948
0.0229025486604704 0.0774887702132535 0.41739557970284 0.711377642176382
-0.0831872312544325 0.067364496887714 -0.306506391538212 0.845550704567182
-0.133204299164024 0.0456624510227235 -0.503930721766881 0.315322325149714
-0.134830553605453 0.041342691380589 0.072171312235826 0.0867685230627818
-0.0832728673795621 0.114006332005545 0.472635127123536 -0.409919779636186
0.0427436696225507 0.0959372862552127 -0.094192512606371 -0.827376891528142
0.0986066163931302 0.0261808956719838 -0.748660494993753 -0.367874591210744
0.0541944571811455 -0.00847399714788716 -0.508653529247562 0.286397025950678
-0.0296240551339247 -0.00490661525041026 0.00379620909841613 0.349274554395658
-0.0455485373652101 0.00299053493812508 0.18609918742613 0.0928549324993586
-0.0476058355553067 0.0106391664720891 0.0491106400766166 -0.156471129191142
-0.0541068931715725 0.00799232244900766 -0.0359108690089751 0.162139349231153
-0.0472274408500674 0.0182454076035089 -0.0803607531844752 -0.120163420804964
0.024222103336163 0.0342641442565238 0.152298567836713 -0.397899497688261
0.0942715570550854 0.0656472108352932 0.530123049546009 -0.138411690582191
0.0502269878593569 0.0750791869584657 0.501941058600456 0.626165697081056
-0.0647376135619607 0.0804069028338167 -0.19179724429982 0.863351563523514
-0.139534549017131 0.0592828999544767 -0.494830532373095 0.3714233427227
-0.156918923102527 0.0423403198679486 0.0221742005294831 0.106715774688146
-0.107051496751355 0.113125170165518 0.495234434603604 -0.35176434354549
0.0397048842620445 0.104802162531008 0.0209837664897091 -0.829890294044357
0.11613542628695 0.0387240440409752 -0.694435696634913 -0.466981255492835
0.0752973840963381 0.00961176885111696 -0.557214864052938 0.235730492110506
-0.0271408522990444 0.0131603634247098 -0.0480167375572308 0.370955935646809
-0.0569301182052424 0.00952914240720075 0.161952240318067 0.116931724328561
-0.050876888168399 0.00950389453066081 0.0547452713542623 -0.154870940471977
-0.0497802684293162 0.00956461506004928 -0.032826843677282 0.160538069229404
-0.0544506397161531 0.02527937978587 -0.111399556641312 -0.0976196950228573
0.0171948914768263 0.0466748497481344 0.0951856320419809 -0.387301569075506
0.09776410768633 0.0687511099259679 0.498653278767953 -0.20545061836682
0.0692044922153484 0.0653231366445653 0.584920155781897 0.522931473791261
-0.0426123582258896 0.0801695558531961 -0.0613341652431221 0.865622005543135
-0.12757377991452 0.0659748338574775 -0.476850758775049 0.432217152397951
-0.158658906723367 0.0344946091556194 -0.0328726856557392 0.124895265960983
-0.121716237719076 0.0983347225010805 0.510540986134134 -0.287226172192554
0.0277982443508634 0.10132747349846 0.153093264210164 -0.822567432624248
0.118752868430174 0.045936321135959 -0.613541121761728 -0.574146805932349
0.088743577449062 0.0252632735895411 -0.59826183169886 0.168366213438636
-0.0223418053622644 0.0257222667692606 -0.108343985303902 0.393827773457717
-0.0598720815861914 0.016294772517128 0.130589142526742 0.144733481115273
-0.0481501146682565 0.0103467080323736 0.0597489843045249 -0.152403265938379
0.00886882641166364 0.00622273130793763 -0.0515763162732162 0.134538657420652
0.0513362820674889 -0.0351708533412044 -0.109878717962682 -0.148808546990959
0.0272627533245632 -0.0631004118711324 0.165667551023222 -0.376980510508766
-0.0345168552489458 -0.00978041940986589 0.576557759266846 -0.0919615903713336
-0.0839170284122737 0.00718959958114853 0.521936247813638 0.64855470339748
-0.0664508874666602 -0.0510146890312599 -0.199389669472795 0.841671335977109
0.05097206423401 -0.0415296215836018 -0.48653290671437 0.300196407723704
0.0728278114485303 -0.0279768120357816 0.058605414111366 0.0599569450183477
0.0259731818147543 -0.00789122707745343 0.494672710043204 -0.422897157485742
-0.0248334415038656 -0.0116611550766194 -0.0227563079933238 -0.859492149498673
-0.0370501330165713 -0.014897790690982 -0.69170142788267 -0.424323202035469
-0.0286276929391924 -0.0641918550134401 -0.51844363776259 0.281308711469243
-0.0120455613341364 -0.0824586774517064 -0.0379020287212787 0.38322237046307
0.0333985470224958 -0.0246272745030106 0.148580773578347 0.0947071627289252
0.0102760593747645 0.0152876710406796 0.0505292875589959 -0.173647705629047
-0.00328876637134965 0.00456468258451433 -0.0509847753957601 0.138416027458993
0.0402267197936432 -0.0359292000801759 -0.0769078442479523 -0.161539875189469
0.0259869219869581 -0.0575360853527883 0.213635817801727 -0.381666629264609
-0.0222524243525367 -5.58724959584533E-05 0.584442616544693 -0.0386376881339919
-0.0723079823779913 0.0203330267365969 0.433073963736657 0.722548688571291
-0.0647990956975573 -0.033487924680212 -0.30435598347112 0.82777963296933
0.0279877162904752 -0.0215342084815248 -0.493227374636663 0.26349111127977
0.0392579251105334 -0.0114108899110093 0.0975213929835816 0.0512029816215608
0.00420618989156159 0.0164321151748922 0.468276700138294 -0.463395097652112
-0.0211852775313434 0.0111724123981435 -0.122163500681995 -0.841917870190634
-0.0200711229297409 -0.00878401556714815 -0.73906534108919 -0.336255933110971
-0.0197448600383449 -0.0659920625472828 -0.480885709258205 0.316903330537427
-0.0123035808305948 -0.0770762636108774 0.00781260462228764 0.35570384099596
0.0252673150500581 -0.0210658368475475 0.173773028716685 0.0757370659736075
-0.000945128193184 0.0154861631446491 0.0459427192895893 -0.170268864744385
-0.0175924504394523 0.00347499688799441 -0.0489296986909005 0.142909371220622
0.0248273860382031 -0.0314380246543804 -0.0542415891331528 -0.168902943972626
0.0266331083576278 -0.0442122707364623 0.242716063144579 -0.384913648523844
-0.000322823543653648 0.0154470258125924 0.581756411153115 0.000901497234525093
-0.0543618148469562 0.0365410078958928 0.366516225325692 0.7703338654811
-0.0703227979275118 -0.0101886050337668 -0.375839839579943 0.813975220940112
-0.00976542680908137 -0.00282316538983606 -0.494555185872338 0.245105047297097
-0.00344169406651238 0.0062054702525113 0.122252768998472 0.0485102021786782
-0.0165979725987628 0.0460210801740372 0.447409904911213 -0.485112730368553
-0.00609105011479252 0.035820405137191 -0.188943992080598 -0.82418153549514
0.00578116669050893 -0.00342832158382044 -0.767973997314014 -0.281151950942166
-0.00593174945775996 -0.06026069984992 -0.453277749489491 0.335213942607888
-0.016528430191546 -0.0641005250830919 0.0414595907735408 0.334934437685728
0.0106152502365402 -0.0157164282267315 0.191900897273457 0.0635602937723575
-0.014696142581238 0.016228846058871 0.0426184678799358 -0.166398184383657
-0.0307048547398203 0.00415991987989171 -0.0463132640476122 0.149189272181595
0.0059754261693755 -0.0219566353823433 -0.0423937073195354 -0.165761334945261
0.0292074288083268 -0.025792886469414 0.249425956171682 -0.38863030759783
0.0270377910902585 0.0321414000717214 0.574661641116536 0.00798752572967687
-0.0322986414743064 0.0553869251703914 0.342304987854686 0.779950058792412
-0.0814330711642581 0.0173145265717344 -0.397862474446265 0.814382200325866
-0.0575600555461417 0.0129685577116249 -0.496409122070714 0.250636352243146
-0.0517003722371518 0.0223404759872173 0.125715229127438 0.0547152939594799
-0.0372334113423379 0.0764009396111331 0.440066840071937 -0.481595257110892
0.0138275214915193 0.0584941515996534 -0.209782178883772 -0.81288675822006
0.0374754997727554 0.00253207238554609 -0.780317347353739 -0.262041812673745
0.0122602952817305 -0.0480673633849065 -0.448063387648535 0.335622379867918
-0.0226028674240727 -0.0452040603559607 0.0527670547255851 0.325639749887881
-0.00831893627655231 -0.00886036924682646 0.20167944411536 0.0624005829700226
-0.0285685236161997 0.0154430017287017 0.0411755020773832 -0.162178353940018
-0.0428115158738705 0.00509266479060224 -0.041844369248848 0.154848255367405
-0.0133875999806161 -0.00814831484762387 -0.0436460404229804 -0.155550320553369
0.030143224462959 -0.00541023046343264 0.234487722527043 -0.394304374754948
0.0550690710934021 0.0470503953709532 0.563615706333897 -0.0182606294727609
-0.00640305921086609 0.0697397276701079 0.363966502593756 0.759507257151558
-0.0872328696654439 0.0448678093060491 -0.37100976378585 0.825809017975566
-0.10295306983616 0.0299710622045952 -0.498567186714868 0.275931733996037
-0.0984512906384102 0.035481032181188 0.109372782257677 0.0671322518376395
-0.0586732396793362 0.101391897594886 0.447102419041959 -0.457736560520896
0.0330585098869626 0.0796690842298101 -0.18031420357505 -0.814561750219319
0.0708954314910312 0.0126266025325432 -0.775306477012719 -0.290151504178777
0.0318130476483449 -0.0297310188659871 -0.46427896302265 0.323322452454818
-0.0277034865387694 -0.0243739465675233 0.0425279323223967 0.330866139927714
-0.0286643263284351 -0.00338671553294624 0.198854554783489 0.071958568748801
-0.0405105951223372 0.0133019925133318 0.0430650484022732 -0.159008746042727
-0.0500482561638273 0.00661231421201726 -0.0389921649338216 0.159342856229781
-0.0319605749248371 0.00592779681872208 -0.0576711106186544 -0.139105232678328
0.0287398575959862 0.015480160248655 0.198476931038053 -0.400072939181357
0.0796452413987598 0.057369475894989 0.548647272917129 -0.0745285221422819
0.0238298988434683 0.076833353345347 0.426610222680047 0.703103365712151
-0.0821689006816746 0.0683809288826567 -0.29441040592541 0.846483782663709
-0.131911499464667 0.045955273664179 -0.498747940247723 0.319564973456026
-0.133979626598003 0.0430877165923657 0.0739724277076809 0.0858627955166827
-0.0816815800500868 0.114665889639514 0.465724674837722 -0.414051799577439
0.0437638140770202 0.0957050361117417 -0.10591253999887 -0.821592347105728
0.0985335487244869 0.0247654709487755 -0.75043077361218 -0.357616383929743
0.054015763956997 -0.00991477019915835 -0.503950032684269 0.291748021463069
-0.0295544522236602 -0.0036134319915521 0.00964693170050456 0.348400518557952
-0.0460925792301525 0.00281924219935414 0.185914961313377 0.0905359382583715
-0.0478375696254544 0.0116979177545158 0.0475369198718572 -0.156732893885196
-0.0530240880227925 0.00836900684337486 -0.0339375752479894 0.161486770024942
-0.0461831862369532 0.0184071785749147 -0.0816587191380939 -0.118811241688054
0.0244176977122909 0.0337726746248901 0.148557755389582 -0.399104146930631
0.0948485257562808 0.0628787575007495 0.526245739061761 -0.145372254792719
0.0502280220759456 0.0735497932555161 0.509836175658994 0.617632869587444
-0.0638102591006686 0.0807802189256537 -0.180013057251238 0.861196870275303
-0.137707186302796 0.0609821376075757 -0.489475293760786 0.376275747856648
-0.154727986125804 0.0427232997312758 0.0242887507050267 0.105870647109844
-0.103680783788567 0.114637925293485 0.49005349676364 -0.357151751386748
0.0417102829566984 0.104532928900825 0.0104651623154793 -0.826879900066076
0.116185137000265 0.0364607241250181 -0.698838108740501 -0.455198416510505
0.0750115300724418 0.00919515719248913 -0.55135338156586 0.241992314255882
-0.027296029194696 0.0134505590716542 -0.0420522884442614 0.371922624360823
-0.0564523703027331 0.0100968468364857 0.163465398274688 0.114865082604148
-0.0506134649270267 0.0106121117277775 0.0534782824598869 -0.153978159982655
-0.0496916760998557 0.00987062848634277 -0.0304575599379165 0.160131648188492
-0.0540210327459857 0.0253114857918515 -0.111929999086086 -0.0953223947992708
0.0169213423674743 0.0461006609345602 0.0894017672504604 -0.387507372054929
0.098250172092037 0.0665348927875566 0.493933656437552 -0.212274726675869
0.0690856395033675 0.0640086602699713 0.588938755743194 0.512014451379668
-0.040719129263526 0.0798894850564133 -0.051537250331189 0.861601815324769
-0.124667239359667 0.0670637756168951 -0.471285065551647 0.436678319823095
-0.157227343834821 0.0363063711582112 -0.029872205307422 0.124955052703625
-0.120559794407627 0.0999559218661246 0.506316752789411 -0.2946281558775
0.0294674990390144 0.100869195929273 0.142098781236412 -0.821544371202965
0.118089592599346 0.0444257834154881 -0.618743338256404 -0.562205409104598
0.0889055081859811 0.0230372295098996 -0.593492440719105 0.176763243075778
-0.0209081753336605 0.0254603442587603 -0.102884550513387 0.394153220435195
-0.0597948704586684 0.0169213797436982 0.132952778619723 0.142526462111764
-0.0471649413561769 0.0112714161687258 0.0578048797740116 -0.152942614170313
0.00933270247105157 0.00599969486429551 -0.0500722300817089 0.134597391225767
0.0509751795116212 -0.0357735674504163 -0.1115552403136 -0.146546832973897
0.0259057969140731 -0.0623858348223255 0.159533820702616 -0.379103007252664
-0.0335050283285051 -0.00969830085671938 0.573048791395529 -0.0987191809050274
-0.0832709313503994 0.00750939697076451 0.527543022380324 0.640503608332166
-0.0670256535431211 -0.0506448555094011 -0.187855083269217 0.840374455210784
0.0511854382277674 -0.0417912273522 -0.481378442279969 0.303577375666332
0.0715763504544947 -0.0292935731766228 0.0593251082905659 0.0591797542602736
0.0267039875027814 -0.00866342215487378 0.486222859725612 -0.426966062258078
-0.024712282134896 -0.0117182046030508 -0.0338936423141469 -0.854991155848558
-0.0356563720190135 -0.0141486785754991 -0.695515865648117 -0.411423406004727
-0.0290479283914552 -0.0629284236602674 -0.511196597811498 0.287298043772841
-0.0135550667180761 -0.0813696158559891 -0.0327937431883726 0.38209259026775
0.0319405778112192 -0.0250381266527619 0.149254604929407 0.0934296068551795
0.00968744884384089 0.0155651983114811 0.0483245256885458 -0.173077765897972
-0.00391910031282692 0.00356526693187563 -0.0492275747929133 0.138860740208244
0.0399611530747582 -0.036495259910324 -0.0792848032051108 -0.160397540642574
0.0247316806350141 -0.0571025909216515 0.208158424975376 -0.383048247106567
-0.0215915178922376 -5.31343188798009E-05 0.582464492384525 -0.0442164272696777
-0.0720697161577153 0.0209901872719258 0.441903573920298 0.714210700663481
-0.0646787347587839 -0.0334324741145393 -0.292467767414361 0.827105178102052
0.0286459935806971 -0.0219917148181503 -0.488155396741704 0.26765745590413
0.0397322800470993 -0.0122069819610359 0.0978226374132124 0.050246990711814
0.00450480394391995 0.0162233672287151 0.461523718202729 -0.466814257559568
-0.0206899393256445 0.0116172743055319 -0.131862246158436 -0.835255209246239
-0.0208219410636512 -0.00899053237662104 -0.739708315407554 -0.324773110641987
-0.0196079793898817 -0.0652190934993749 -0.473497471140716 0.321959266210892
-0.0140439214314077 -0.0760560129878013 0.0130245005504209 0.354186509715666
0.02481904709395 -0.0216156260963622 0.17421464434064 0.0734055476095788
-0.00165772946034478 0.0165800374344068 0.0448568171182079 -0.1702117299534
-0.0176141685165554 0.00358490259684356 -0.0477451894442223 0.143261653720851
0.024807702668218 -0.0325407036133904 -0.0570492413467006 -0.167780642486028
0.0261399887966655 -0.0435828029641976 0.237618757301027 -0.386729476061587
-2.40980826634214E-05 0.0148516642964971 0.578290182256084 -0.00609034495449456
-0.0541199846762549 0.0377930354436389 0.376544871696088 0.759137314551468
-0.0701276829240252 -0.00931153941359681 -0.364124660346754 0.812839519830389
-0.00891914205461924 -0.00303957917090596 -0.488737719816155 0.249787949569387
-0.00284111996947298 0.00556846190885455 0.122313252735434 0.047136835603734
-0.0159049481806092 0.0464229048471555 0.438836935363504 -0.487100710492194
-0.00531292588112332 0.0350354027766368 -0.197474098294735 -0.818513847786054
0.00537217779653767 -0.00357753459564721 -0.765690310139422 -0.267009370368688
-0.00672795931495589 -0.0592539831600861 -0.447697732158337 0.339055675429925
-0.0178484123560239 -0.0627849894352053 0.0452405598525203 0.333579884880215
0.0103484140756195 -0.0156803500553178 0.192027018321097 0.0615322737344401
-0.0151554150974002 0.0160515248602538 0.0408646749245463 -0.165815556507961
-0.0309333291676564 0.00366818310227829 -0.0444456096553113 0.149485870102907
0.00580946080628317 -0.0221262245407272 -0.0440620441182416 -0.164791901275433
0.0288471521246517 -0.0257086254363235 0.244534310945535 -0.390782315898597
0.0279747827201792 0.0312467391311327 0.571144470983173 0.00067693378304632
-0.0322599209490168 0.0550566517257902 0.351098024186815 0.772398648362506
-0.0803891633566818 0.0183280186161632 -0.385980869142453 0.812436222585667
-0.056533837218596 0.0137738485734895 -0.491242190442266 0.254076222698764
-0.0512001250113242 0.0231203199623183 0.126270534369211 0.0527157309496267
-0.0355266086602846 0.0757819252337052 0.432695316328318 -0.483080716446456
0.0154599597092988 0.0580792441343533 -0.217535689788418 -0.805904619155078
0.0377169775181561 0.00209714180553062 -0.778398646312274 -0.253427649327735
0.0111435584304289 -0.0477966511557725 -0.441530158433277 0.340343110603895
-0.0225907575297166 -0.0451333434730703 0.0565124573631688 0.324565093828111
-0.00883587535356292 -0.0095377208099579 0.200877873366388 0.0603016293562756
-0.0293533223020501 0.0153409114894436 0.0396126536372372 -0.161707184174158
-0.0423025999991109 0.00512301912026809 -0.0403848789255996 0.154699170303154
-0.0140403138677498 -0.00907435690479707 -0.0455114200791132 -0.154909874865584
0.0296456826622848 -0.00530927753076355 0.229370137920592 -0.395572070222999
0.055987256631569 0.0458083757436957 0.562862815702116 -0.0256147450638017
-0.00638426064157244 0.0693250099033287 0.372180127924476 0.750702920604547
-0.0863155314394929 0.0456502161766841 -0.359392734194543 0.825882777786005
-0.1015449944171 0.0309424608285728 -0.494369544184241 0.281251329747536
-0.0971971804298069 0.0363301890731433 0.110180141580612 0.0657206596455952
-0.0569489564195416 0.101495281176474 0.439342281886562 -0.460497538286538
0.0340365246563281 0.078571700664642 -0.18964603172817 -0.806464292744848
0.0707680180961399 0.0119183231606622 -0.77576443048491 -0.277817692255967
0.0314456297270749 -0.0308669343193856 -0.459019241216353 0.326567542996653
-0.0273864484587485 -0.0239043993198917 0.0473578076941459 0.329133935137651
-0.028855950247565 -0.00293419449154901 0.199528801220526 0.0688316529239886
-0.0407699185841255 0.0143420499518754 0.0417357422419245 -0.158096874431659
-0.0498596545204597 0.00748872509712616 -0.0361312528524488 0.158826191405136
-0.0312380488583052 0.00539872486017527 -0.0587281639279376 -0.138057273027062
0.0286577567163473 0.0153428762943997 0.192645197331041 -0.401721297951945
0.0796163256981042 0.0559090135375089 0.545950204203174 -0.0809377655869438
0.0234099285934936 0.0753686902277422 0.435201975574498 0.693441134419411
-0.0804905707704135 0.0689889493473772 -0.282195369209464 0.844841415747817
-0.129086813061511 0.0474445297222416 -0.493125708036619 0.324259638230172
-0.132958103753784 0.0440821047159648 0.0748303054763086 0.0842232049298315
-0.0793769978443533 0.115571489473135 0.458509600242067 -0.417531834659437
0.0448092455436731 0.0949170316376147 -0.113327918391625 -0.815205072047634
0.0985423198770924 0.0237307156078318 -0.751370300041603 -0.345175300353114
0.0537685385165814 -0.0110456827863261 -0.497788285847353 0.296477338406379
-0.0300008719972922 -0.00328077814211491 0.0142329046744677 0.346974945831451
-0.0459817165565054 0.00353604227078266 0.187233084375458 0.0880134467490328
-0.0469352264513497 0.0124512326818498 0.0460455226845512 -0.156010492835053
-0.0525174829651758 0.00889241271738933 -0.0311784230263696 0.160922383355853
-0.0454619321064911 0.0174533083372066 -0.0826352503903856 -0.116643770162415
0.0243617544574824 0.0329829059990846 0.143253212445409 -0.39930881418011
0.095210168605524 0.0616748072227434 0.521940771248393 -0.152156279565791
0.0499823090214702 0.073242360797845 0.515010839446913 0.606776052402026
-0.0623792898589852 0.0811094170032568 -0.168431155161676 0.85872180304889
-0.135307255489514 0.0616070071412355 -0.483362307488141 0.380492523873194
-0.153758834929272 0.045023078642162 0.0264140686407133 0.104362895117315
-0.101622908344723 0.115065614968733 0.483403896354759 -0.360846302516694
0.0425369724330314 0.103236097900474 -3.16085953966797E-05 -0.822404938544827
0.115792815469833 0.0345495549260704 -0.701035255077963 -0.442123822743031
0.07441166429119 0.00709296816523601 -0.545152034017725 0.248673398960036
-0.0269508683237461 0.0142945949033335 -0.0373158203184598 0.370620188766231
-0.0561711889189872 0.00973834038079058 0.16447425332817 0.113084757330255
-0.0494866694908291 0.0122203145281441 0.0524054955058116 -0.154431099992114
-0.0481958596582614 0.0102714006901879 -0.0283102793553044 0.160020035249875
-0.0533365819960339 0.0256418210124213 -0.112080755990934 -0.0929562923747982
0.0174916431523004 0.0454099479173464 0.0850741363037469 -0.387304433404925
0.0979414442050642 0.0646331384396472 0.490570786390225 -0.217978903874379
0.0683097089104045 0.0639099149048023 0.59456130334974 0.502589331992386
-0.0400428335987356 0.0802807310621849 -0.0388102635690556 0.859327789992259
-0.122604488647239 0.0676361360912762 -0.462097918906637 0.437651466257024
-0.156071008724074 0.0377556791889764 -0.0286493171436161 0.124197717478232
-0.117746893378603 0.10099868918612 0.500164187638243 -0.29690023394289
0.0302080729527492 0.100552020203724 0.130873829803258 -0.816992132667424
0.117970285233351 0.0424057053517874 -0.621930668102794 -0.551446910268844
0.0880518314290179 0.0215637576336337 -0.587639074548377 0.183538363552528
-0.0209499893308312 0.0256918533876756 -0.0982221607346435 0.394757900299173
-0.059331757629791 0.0170115183392695 0.134037631035309 0.141142521172158
-0.0476497296750045 0.0122847330504919 0.0570819002352445 -0.151980918614056
0.00891521880171171 0.00512227759123629 -0.0490073081249861 0.133880316913168
0.0496959122460957 -0.0359648461861339 -0.113529628473568 -0.143798873068382
0.0258397890201367 -0.0619365030310055 0.155237902434917 -0.378592298070114
-0.0330123109124139 -0.00871079723754378 0.569147844660018 -0.106832448214184
-0.0834314723780863 0.00838852947063955 0.53245823018107 0.629574191478233
-0.0667202241130294 -0.0487592895717773 -0.17637075329242 0.836161198207241
0.0508580072498994 -0.0423336409163313 -0.47523153538258 0.308048470676418
0.071690449899513 -0.0298472057054687 0.059647527515218 0.0581300670509327
0.0271955151763695 -0.00834930240857463 0.4785220726689 -0.430128009043527
-0.0245355253789728 -0.0108246816119829 -0.042318037979424 -0.846929269145645
-0.0363145002424098 -0.0139901191851178 -0.694852095767094 -0.400257056324352
-0.029112867555756 -0.0621344290576358 -0.505633903831801 0.291254888279895
-0.0147331816237031 -0.0793574048966012 -0.0279543824606477 0.3806445876208
0.0308160291640814 -0.0251376452623538 0.150049064754355 0.0914269967912476
0.010059690620983 0.0155088633173469 0.0468526817157887 -0.172988004843096
-0.00291043246838692 0.00373654180684733 -0.048137686732026 0.138346261680064
0.0389096207611998 -0.0374247018501664 -0.0817435559523176 -0.157757091444886
0.0239752865517877 -0.0569961848613927 0.203314336375989 -0.384307081396057
-0.0210410541211058 0.000101511091333772 0.578115476862247 -0.0508076204787924
-0.0707109260322614 0.0209112552855087 0.448601276654034 0.702602360328176
-0.0648326518619525 -0.0317786666664363 -0.281603672663502 0.82466847677242
0.0284580461713096 -0.0229228197631137 -0.483423644746737 0.272021095505786
0.0400402558514117 -0.0133165020703618 0.096985455079946 0.0485357207746466
0.00502920814409074 0.01647311028104 0.453455131614819 -0.468603300930317
-0.0202345352217216 0.0118745937928529 -0.139882941100286 -0.826539503281207
-0.0193885978272676 -0.00906292298514648 -0.737969956316601 -0.314062317512145
-0.0209677728156194 -0.064744357280878 -0.467358108061708 0.326771526349434
-0.0147918844233389 -0.0742836820845713 0.0166622879187378 0.353139449083125
0.0232731674138018 -0.0216043142000424 0.174239832857569 0.0708073073661362
-0.00144648969120142 0.0164117548378672 0.0425685274981556 -0.169212929752745
-0.0177510706598611 0.00366555673398359 -0.0455801082879826 0.142568863117359
0.0243228751375022 -0.0335254590985826 -0.05902834821192 -0.166532757873883
0.025427105475869 -0.0433259907756988 0.232242417643585 -0.387760248995243
0.000279746642047276 0.0154996600580229 0.576059459974004 -0.0140745724486671
-0.0539171626814894 0.0369416140241582 0.383001672582327 0.74856724282844
-0.070269075527365 -0.00898122386312589 -0.353383143521918 0.811723357194827
-0.00820475444613692 -0.00345534952259867 -0.484244710645989 0.252461086194339
-0.00266000284002559 0.00504042301918861 0.122225268730262 0.0454592592032789
-0.0146458686631095 0.0455463009938351 0.431445864710197 -0.488018314152591
-0.00488737458656706 0.0351365446034951 -0.205320210583889 -0.808685052442728
0.0058096130120628 -0.00372733286433438 -0.766008333139718 -0.257112214248051
-0.00743712082237248 -0.059720626925667 -0.440497235781266 0.343471699630492
-0.0180141554939533 -0.0612962208402352 0.0485726675913678 0.331185909922383
0.00925851418486241 -0.0155096384238233 0.191624129590159 0.0596377007960744
-0.0149917013832355 0.0173981206315079 0.0402235790557381 -0.165101750559732
-0.0314981631752383 0.00401456992558024 -0.042379433412877 0.148363780453477
0.00518242873583712 -0.0229071031534878 -0.0462874598162715 -0.16308353660857
0.0280300506126414 -0.0258757919086523 0.238617072427479 -0.391762121664333
0.0280506252163925 0.0304656368360687 0.567395810626715 -0.00657154566965548
-0.0319774439641327 0.054667444984517 0.359961552995942 0.76205818459823
-0.0799197011127956 0.0185593211829916 -0.376400667041779 0.813481770506514
-0.055525631405422 0.013366311528371 -0.485980942675857 0.258730100373603
-0.0498484078508898 0.0230498727918885 0.127289755773441 0.0508208976201467
-0.0341142954573366 0.0761582462152164 0.423545322625208 -0.485533099460405
0.0151682382432292 0.057766316111742 -0.225337845661513 -0.797997979743185
0.0367775066239773 0.00205337092167249 -0.776962141571947 -0.239172393501511
0.0102447811827682 -0.0471676794376049 -0.433478555753134 0.34297935002569
-0.0232940141446737 -0.043767088380747 0.0602155553119805 0.32227433447914
-0.00956317115811521 -0.00885164346496539 0.200586336354966 0.0576847387807969
-0.0285249424643429 0.0165101009797915 0.0384713706154278 -0.160934823038657
-0.0418290019918009 0.00562172537145748 -0.0385155982251837 0.153827035996485
-0.0139694284535429 -0.00836365984497229 -0.0464047651421266 -0.153127151255973
0.0300646259306211 -0.00539329268591106 0.222578918017083 -0.3969305861083
0.0566653243045687 0.0443295637010351 0.557259392496192 -0.0330768664522105
-0.00596221570590826 0.0691397386894704 0.380558653424096 0.742005541629963
-0.0851853436460055 0.0462878022815354 -0.348199220687095 0.822921164513079
-0.0989712121507425 0.0302881973435618 -0.48803968546259 0.283109503775077
-0.0959068694439156 0.036486094265377 0.110603444620688 0.0651839610650698
-0.054501519048757 0.101016467206543 0.43261563528408 -0.462439906123995
0.0345818124505742 0.0777212346842735 -0.196759622629301 -0.799282354364515
0.0704668692104924 0.0101669407264713 -0.773131662725673 -0.266309473786287
0.0307602530469548 -0.0308924269367694 -0.452236416935887 0.331442484249508
-0.0277154571352823 -0.0226422170846361 0.0499244081159507 0.327462596239854
-0.0291769621295794 -0.00267407046585355 0.19980171266764 0.0674274701046014
-0.0397925519918481 0.0150798945748635 0.0409571735766155 -0.157869475522488
-0.048858239240396 0.0077303596116953 -0.0345374412814097 0.157968314745339
-0.0309134312204282 0.00526555581384165 -0.0599433017824806 -0.137087720878826
0.0279905336648898 0.0139239991941316 0.188769409292678 -0.401671575086217
0.0794405613273292 0.0534878186454447 0.542284317828125 -0.0882613309001864
0.0226797409218725 0.0745373289396975 0.441312345630757 0.685748727710987
-0.0797426062608161 0.0690832802877651 -0.270138618067311 0.842423009128702
-0.126868222916093 0.0481705639749489 -0.486081589481563 0.328489749944732
-0.131573949588917 0.045246455057614 0.075856819931611 0.0825513668603825
-0.077354303476838 0.115941075944635 0.452274980537239 -0.420268714670983
0.0456887481753185 0.0941514505375579 -0.121641225231589 -0.808738355921806
0.0981664031497813 0.0216158252565841 -0.751582356745581 -0.333222902620293
0.0531824239290182 -0.0113899518092538 -0.492144621123468 0.301292783351191
-0.0294745320093069 -0.0025092601688536 0.0180823914350731 0.344927014821178
-0.0464185234974291 0.00410750694019567 0.187830446137594 0.0862169979183141
-0.0474621349589688 0.014022036472588 0.0451420651148202 -0.155193322755566
-0.0521917231839164 0.00948628302169882 -0.0298204759660851 0.160341249459984
-0.0449690633781521 0.0175908167450273 -0.0837871530841659 -0.114846190823586
0.0242335364753767 0.0317431491809295 0.139555685034105 -0.399112588143075
0.0948319019967972 0.059687752237565 0.518119692324336 -0.157332879547757
0.0499153323303162 0.0721592678517759 0.520649017090519 0.59797417858769
-0.0621059081850796 0.0815102776198534 -0.156944811898329 0.85596853874406
-0.133396014060121 0.0621065810309539 -0.476473563561907 0.382211979891388
-0.152105527004972 0.0460435323231327 0.0274284992176284 0.103446005971256
-0.099991275560663 0.116031638459002 0.476793665870793 -0.36235926159232
0.0433671061134097 0.102570808576373 -0.00934818394251758 -0.815042574520923
0.114714854521593 0.0334529463426004 -0.699943720941024 -0.431684534974924
0.0735852514541657 0.00716267252354844 -0.54021268988805 0.254268838387829
-0.0263778411214686 0.0151419020357006 -0.0319826576324922 0.36840408749176
-0.0559558383101673 0.0100839361151827 0.164560945610565 0.110683824526405
-0.0492876672818622 0.0132418827138273 0.0504691943952197 -0.153368477514945
-0.0482984019523592 0.0107133606874071 -0.0264554913226072 0.158448781277032
-0.0521247479099994 0.025349015234969 -0.113101554872707 -0.0907535879327207
0.0180262397334013 0.0440228707507625 0.0805918356197812 -0.38611893439367
0.0983930127595098 0.0626216360839846 0.486061584988386 -0.222725545894231
0.0680497503743947 0.0623000134740915 0.598179356114529 0.491816034476411
-0.0391436144526633 0.0806595475868672 -0.0288296396952445 0.852799910962363
-0.121192825773558 0.0682174468290043 -0.456903941726039 0.442363963951844
-0.154459868214559 0.0394695099994429 -0.0254455544336392 0.12405360931003
-0.116153623557459 0.101750839218056 0.493387045974544 -0.300602637816641
0.0314099786817052 0.0998139598473285 0.121491923686589 -0.811659660934975
0.117185014929826 0.0408259040712878 -0.6245167336367 -0.539986988084768
0.0880118923144648 0.0202474982771752 -0.582963393138208 0.188951286443997
-0.0205862092159632 0.0265768936537939 -0.0914960311758032 0.393754522922438
-0.0592588689191509 0.0177710931357875 0.134559717963162 0.139565837723564
-0.0469391215921754 0.0132614539297269 0.0551847037586881 -0.151626283873491
0.0077583378354873 0.0060376398142066 -0.0481024186350756 0.133881140087335
0.048971301230439 -0.0364517393998891 -0.114230108436075 -0.142499608364314
0.0245361238590388 -0.061208539154926 0.150463521243623 -0.378286643995187
-0.0322882619918069 -0.00897728120677166 0.564948556320646 -0.1107286219098
-0.0832920785542266 0.00807537817655468 0.53512492540224 0.619335231722145
-0.0673583542422788 -0.0479008330676655 -0.165767105818267 0.830307316332745
0.050874588757943 -0.04269327790992 -0.469130804536571 0.30940808866054
0.0711907955985762 -0.0308584545742231 0.0598010937634499 0.0575876342087155
0.0264985143419169 -0.00858392503342174 0.471192430062314 -0.429965668448061
-0.0242967820733447 -0.010200892144682 -0.050508943429207 -0.839794429297404
-0.0364584591757101 -0.0127691577925001 -0.692507837176689 -0.389635523116658
-0.0298764057633324 -0.0616043806384426 -0.499849986833978 0.294485664928884
-0.014561477719759 -0.0775620155346721 -0.0244953052499872 0.378486765588092
0.0300726796648008 -0.0253524522890758 0.149506996130631 0.089753716197941
0.00935645800402224 0.0150242788659669 0.0457458468155249 -0.171200909654137
-0.00385179051554541 0.00342734924027961 -0.0471168303679949 0.137611030976337
0.0378787739187764 -0.0376753440337507 -0.0822476231365623 -0.155948843718833
0.0235236271942541 -0.0567246866545484 0.19756621649441 -0.382991042325255
-0.0199095962610742 0.000344688898207442 0.573153633578697 -0.0577397415387351
-0.0714006173507396 0.0206193672021344 0.453090992547836 0.693893987315295
-0.0652004465377741 -0.0316459772522212 -0.273101640147905 0.822384859718032
0.0294889909990163 -0.0234301272607111 -0.477503427962217 0.273345680125705
0.0395447035669774 -0.0134234334998078 0.0976292503595879 0.0472950883774315
0.00520648048254592 0.0155405432902576 0.444684741152292 -0.467361110576575
-0.0192803660398883 0.0122837273277205 -0.146612547656424 -0.820417661806402
-0.0202065269883541 -0.00864939006402742 -0.736903871616888 -0.303479182321257
-0.0203320557680663 -0.0640719273449916 -0.461696229604521 0.329669209998372
-0.0153211468495622 -0.0727895115240106 0.0200652274638544 0.351146441355124
0.0226366297514059 -0.0218352296564221 0.174240012782753 0.069362400454801
-0.00109846672783285 0.0164939706437107 0.0411222611645389 -0.168428066913482
-0.0179250712516396 0.00378233185518037 -0.0444496077300411 0.141381016171094
0.0236190667574632 -0.0329234431081543 -0.0600564894392305 -0.163507946962658
0.0254151038355696 -0.0434598042140046 0.228179062094643 -0.387844270416537
0.000938457727904164 0.0136723604404447 0.570692130683089 -0.020032637176855
-0.0539929501416228 0.0373653987444666 0.388770689704342 0.740671888679774
-0.0696731902203348 -0.00866246141214848 -0.343270150926606 0.808403455280513
-0.00731531347673985 -0.00403610861145423 -0.478750463437513 0.255316333808911
-0.00188997407724306 0.00454749204066125 0.121861101946411 0.0450057146147597
-0.0141756607489557 0.0450789107729782 0.424068414726949 -0.488481788308603
-0.00410685371420737 0.0356283777538757 -0.213023516103757 -0.801858908769431
0.00503490627929917 -0.0039477531985237 -0.761739182214129 -0.247754181709619
-0.00748980141237265 -0.0580600110550288 -0.434134987382128 0.345033568008316
-0.0182704940956777 -0.0604833164057514 0.0513662668793409 0.328795615021005
0.008651373084645 -0.0161492664885218 0.191104471029801 0.0575534617221382
-0.0148371251716357 0.0172661688278004 0.0387189978777022 -0.164139079384351
-0.0305678153092983 0.00449381172350864 -0.0406969448618653 0.148453231499463
0.00475590062693883 -0.0229402948804792 -0.0473601391045171 -0.16173162364376
0.0274941975400529 -0.0262766286144882 0.234087551271833 -0.390422307607168
0.0287294737363833 0.030070840723016 0.563942845105159 -0.0128949892110111
-0.0316124113385465 0.0543345176147687 0.364358560062869 0.753661858505419
-0.0791975675824458 0.0201641846851683 -0.364332462975687 0.809688612299788
-0.0541555311116619 0.0135209156166315 -0.48015451918719 0.26025968513875
-0.0494047918341014 0.0229585734860589 0.126267127890425 0.0497962521927129
-0.0328701910557131 0.0761805993680015 0.415428307924573 -0.486784008427193
0.0162561761965341 0.0572463730052489 -0.231838578357677 -0.788207102941622
0.0371185226972366 0.000825757505872188 -0.771693230536705 -0.229543001894088
0.0103283351959893 -0.0476878163357997 -0.428532189603063 0.347331234747058
-0.0234724211278118 -0.0423103706323433 0.0640216626492936 0.320212107865603
-0.0103479138421359 -0.00992178245881535 0.199080838382775 0.0563649973704666
-0.0286977893917413 0.0169857694026094 0.0380133676221269 -0.159871673189369
-0.0419620219816211 0.00581549716158319 -0.0360644227953809 0.153649311149243
-0.0139137931128314 -0.00926829490298028 -0.0482092352568642 -0.151953683892331
0.0294463472780934 -0.00594186397397492 0.218665040449211 -0.397076652557426
0.0569207187107974 0.04274718549667 0.553475780913731 -0.0393926717370058
-0.00624994361359382 0.0683989247979611 0.3858270741587 0.732439556816599
-0.0844345858455693 0.0467394026148899 -0.337611502951162 0.82277041334596
-0.097010415853396 0.0313183545654366 -0.482651960577793 0.28507239191998
-0.0945429173968568 0.0374470181178094 0.111317253497226 0.0627852396885115
-0.0535030242493147 0.101138255989197 0.426176411964246 -0.462055946018283
0.0356264143142471 0.0775137311355747 -0.202798301329326 -0.792003582451014
0.0697948704063009 0.00943684735874949 -0.769072612841841 -0.256319915618365
0.0309870772063348 -0.03139644693389 -0.44656798001121 0.333817795964697
-0.0272671213591735 -0.0220500121219913 0.0530371638288106 0.325077068688702
-0.0296397769554998 -0.00272108800018494 0.199137742372913 0.0652441605369005
-0.0391962051599258 0.0161400923796977 0.0401528997272134 -0.15725377638567
-0.0489937360574002 0.0082379830820028 -0.0326312003350409 0.156570102702631
-0.0299791213990316 0.00432747807547938 -0.0617117097974265 -0.135021700530968
0.0286447168817432 0.0140416034483564 0.184017929381199 -0.40216696723387
0.0805090767081734 0.0526067889138782 0.537395991478522 -0.0931489507402485
0.0231341882562658 0.0739900233918881 0.445954696913295 0.67406309352607
-0.0781702924378788 0.0693184802791189 -0.260956546858932 0.840840846133182
-0.124881888108823 0.048734445257684 -0.480251346492274 0.328947943993974
-0.130209657144876 0.0456528473958824 0.0766576245556759 0.0812612380910489
-0.0753636438112009 0.115561252320996 0.444830383149232 -0.421531018771603
0.0459682537052845 0.0932137107399029 -0.128316462496421 -0.800429619916248
0.0975272726227023 0.0207122869615628 -0.748829984707879 -0.323291871458217
0.0534811780481492 -0.0129282728123821 -0.485474924041749 0.304606457814266
-0.0286765683135241 -0.00174118355280451 0.0215065885673956 0.342983278524241
-0.0456461370545767 0.00368669704705908 0.187235837869727 0.0837992793542299
-0.0472428980377821 0.0153679646881184 0.0445068973857018 -0.154519265890401
-0.0516331046706351 0.0100536538259424 -0.0286203557413471 0.15981826107668
-0.0434735339308431 0.0171932535038689 -0.085204073018522 -0.113707159912134
0.0243520803098238 0.0312610924768493 0.13554622464791 -0.398181605486732
0.0950646284789105 0.0572486499020297 0.513657882796503 -0.161868913361939
0.0493668293708182 0.0703981356132189 0.523685945920246 0.588237564472267
-0.0605321065805369 0.081373099896492 -0.147611369030493 0.85110864584017
-0.131351046387967 0.0628330154327019 -0.469468496858098 0.384709274603101
-0.1507786947015 0.045543853973359 0.0294493728492147 0.102252548623607
-0.0982350210970978 0.115701587989154 0.469026545155997 -0.36455144448011
0.0439820755636777 0.101477643289178 -0.0154992977836289 -0.809084049639994
0.113967187681014 0.0318814301347314 -0.698611452856221 -0.420404473680319
0.0734319325505991 0.0057980704320654 -0.533835324740491 0.258343916048864
-0.0253353370863997 0.0148650871686878 -0.0281652557646197 0.367064378007081
-0.0556410209026036 0.0114139612825324 0.164378878282614 0.109228152224598
-0.0491025911807981 0.0141804389940946 0.0499734786354169 -0.152828312400656
-0.0481759553638246 0.011288770199396 -0.0246189818317173 0.157320390903545
-0.0518214636809608 0.0247974072385338 -0.113122887534111 -0.0894986483332984
0.0179197355883783 0.0436287761126748 0.0762473668517639 -0.385614615081732
0.0986927765422593 0.0601609811133843 0.478332474325917 -0.226923792469468
0.0667002975195528 0.0613823472389755 0.598817189355771 0.482662322357345
-0.038758132007565 0.0801938098385163 -0.0213783522128055 0.847728787069389
-0.119031553154597 0.0684040968675015 -0.449552166979168 0.441611067587371
-0.153482656148926 0.0399694204215212 -0.0239531105882729 0.122773380108612
-0.113626413073908 0.102063478205099 0.488341105999317 -0.303502993343791
0.0318938134696389 0.0986508952450664 0.113007866847015 -0.807807256916083
0.116481528428912 0.0392919081711822 -0.623633881270632 -0.529703843986708
0.0879926232398363 0.0193226350996408 -0.576738525627268 0.193124664754485
-0.019950108779283 0.0259658671645781 -0.0862560841793446 0.390889861449463
-0.0584265337133411 0.0171926956885212 0.135583991526881 0.137924936205549
-0.0463655655004346 0.0146496609281191 0.0543601523815852 -0.151175492299532
0.00798513648394678 0.00552418626378815 -0.046872494830208 0.133031888419642
0.0485408965212815 -0.0372792111395229 -0.114374302292944 -0.141035474830488
0.0238970203909378 -0.0602966164854752 0.146622551942408 -0.378501226005381
-0.031649368163228 -0.00870064282915331 0.559188725034984 -0.115362939487222
-0.0826952117328992 0.00863026337130966 0.537690181398249 0.609708966123002
-0.0663867051421551 -0.0481163525960193 -0.161115816919442 0.825323211288548
0.0513486948846198 -0.0437182919810282 -0.464033650753234 0.310400169545616
0.0715595817721822 -0.0316121730819001 0.0600077024402079 0.0567996761620434
0.0270034156723394 -0.00770406850065872 0.465312319877175 -0.429332220233965
-0.0243530679794806 -0.0104869152254277 -0.0561064966467726 -0.832309423541667
-0.0361312763183232 -0.0128910065292977 -0.691319973577724 -0.380559465804954
-0.029467865667074 -0.060313170776602 -0.49401974602081 0.296765795837149
-0.0152090759008518 -0.0765071027509445 -0.0214126672647202 0.376387940685974
0.0284567364888666 -0.0253929133526921 0.149455622952215 0.0882176721956815
0.00913151147985291 0.0153747516608669 0.0447083908948925 -0.171067748421617
-0.00423595264414055 0.00342608717956135 -0.045397298557354 0.136482068413903
0.0374810018193557 -0.0387217878497407 -0.0825962306106299 -0.155014554013268
0.0233931339894472 -0.0552924368078186 0.194482127691009 -0.383513697644011
-0.0202075566178368 -0.000125188450666572 0.568746536630681 -0.0607754969464925
-0.0708841534102322 0.0206540979429498 0.456034505994861 0.685627847236153
-0.0635166723412776 -0.0314640606560055 -0.2649823989062 0.816547566009278
0.0302415405428754 -0.023390615590112 -0.472446853437887 0.274815647704082
0.0401704271638218 -0.0139697784493771 0.0972102495542046 0.0455566621665157
0.00615371448576817 0.0155956406347024 0.438713637188652 -0.466921766909101
-0.0184585238325329 0.0119881808336759 -0.15282597771073 -0.811234357969326
-0.0196672575171544 -0.00772899181871344 -0.730917333440605 -0.294552880832478
-0.0209804795973639 -0.0629716231237381 -0.456198967692157 0.332008428772458
-0.0158069240665 -0.0709331571582587 0.02314508180858 0.349287720338329
0.0206602413975468 -0.0208237926556471 0.174106678875313 0.0682123892159412
-0.00116126184588891 0.0173090122884723 0.0405772317790308 -0.167154360927462
-0.0176280160887458 0.00365512456280562 -0.0430810451977354 0.141439577703816
0.0229729760025557 -0.0334704437344905 -0.0607778417069124 -0.162133685979151
0.0244584760038384 -0.042943958143783 0.223398445832948 -0.387393178763092
0.00136769864969096 0.0143716218757976 0.568987021162811 -0.0236285149703251
-0.053418745088365 0.0375498191493918 0.390545670756077 0.730824619974658
-0.0688558102142993 -0.00765625351303056 -0.335596477738675 0.803584671123949
-0.00701482807316355 -0.00443288864917683 -0.475241031019157 0.256400251561421
-0.0017862358276479 0.00413051292850923 0.121468955018305 0.0434395969789604
-0.0128916817634501 0.0447910258308664 0.417434560807784 -0.48660897267944
-0.00432408670484316 0.0349928663931317 -0.216077584608492 -0.792066477629097
0.00553034033959826 -0.00477435147824807 -0.757725897197681 -0.23932235571233
-0.00769964198200162 -0.0585022357349682 -0.428861951703495 0.346323789926252
-0.0188820521295901 -0.0582937140704784 0.0541399554125486 0.326847724663717
0.00735941941215207 -0.0151760210037352 0.190525451968007 0.055826892675619
-0.0148462283974015 0.0173184121373661 0.0370579032782205 -0.16305776866559
-0.0306913424789938 0.00380436685975086 -0.0400427011627335 0.147706122680285
0.00511211354232469 -0.0236624438278254 -0.0486814897017473 -0.159949035658897
0.0270700491274679 -0.0256318269275871 0.231100136541161 -0.391143995729912
0.0289480219272758 0.0291446244167535 0.561054725835658 -0.0176624509094896
-0.0316087116944949 0.0541044082842919 0.369369474943961 0.744968872247988
-0.0781953257569402 0.0197551813983923 -0.357377584290286 0.806471573190899
-0.0532717024534365 0.0132222564446151 -0.476518522914543 0.262453819797075
-0.0483859858679837 0.0228228764435848 0.12627544864465 0.0481530985430533
-0.0322244099546558 0.0751473293521814 0.410505469211378 -0.484937340512416
0.0162971548591104 0.0570133716405509 -0.235167626162088 -0.781543154910019
0.0367627300872153 0.000725535439827164 -0.767295130873581 -0.221882966129657
0.00944287708465391 -0.0473688758990837 -0.422387621001844 0.347484639307806
-0.0234164320247704 -0.0415849513464884 0.0658328614827835 0.31771206658215
-0.0108598063032458 -0.00907824805981202 0.19973906888384 0.054146546622102
-0.0277838626517212 0.0178816948516859 0.0370161010285294 -0.159292784394411
-0.0417696058208863 0.00607416351525159 -0.0351960051149528 0.152451226757422
-0.0129691158766085 -0.00958755738315573 -0.0488971560805104 -0.15078461561441
0.0296465095530758 -0.00619704659032237 0.214730418398279 -0.396271983283791
0.0569218427359003 0.0418324989062719 0.54996066469863 -0.0437605372923913
-0.00580737123768311 0.0673398624223605 0.389005911281363 0.722574821803531
-0.0833237587389802 0.047428959279364 -0.327825969994443 0.815699747884152
-0.0958179786338252 0.0309307156707717 -0.476672681040371 0.286064579287806
-0.0930621891377534 0.0373175699217572 0.110787961095513 0.0611183521058952
-0.0519693307992057 0.100575875935268 0.418945772853473 -0.463653569383752
0.0366720407177196 0.0764650963178244 -0.207717668442122 -0.783536598164307
0.0686687575218411 0.00920599414230132 -0.766161122625775 -0.247723164012981
0.0309231525008069 -0.0315154119467054 -0.44038528849035 0.334719628753379
-0.0273196522013175 -0.0214683518732496 0.0566502354407906 0.322980021086424
-0.0298859855433992 -0.00285131263338215 0.198474484706735 0.0639637792113512
-0.0398615011622617 0.0169669169931072 0.0390342148184295 -0.155778815955675
-0.0482245124211703 0.00846622046366458 -0.0316327175030979 0.155537963821158
-0.0296602487004577 0.00443052787026572 -0.0623321232084413 -0.134401241655478
0.0283896799651488 0.0126549265615828 0.179778388706577 -0.401917514393172
0.0793367027545221 0.0507806798550529 0.534210292403588 -0.0964358231822084
0.0226506490042659 0.0736837350742136 0.44833425173856 0.66602764904498
-0.0774677286113196 0.0697688186629276 -0.254738776441752 0.834669607029585
-0.123947574697885 0.0480744664503168 -0.475029563838577 0.331792652997931
-0.128839478245731 0.0453230404502884 0.0764766463307089 0.0806914730274876
-0.0746676219350946 0.115715199423621 0.437452653360396 -0.420956772105121
0.0468708843857695 0.0923040482140419 -0.132802633802032 -0.793297400052212
0.0970426890598794 0.0192640054336337 -0.744923117254978 -0.314267809010673
0.0527841213964114 -0.0122998302122802 -0.479293155000119 0.306612273317251
-0.0285255070755822 -0.001876440844227 0.0245534220814206 0.34132252401854
-0.0460607035581626 0.00424703017736834 0.186895095846916 0.0814958516781415
-0.046141557219887 0.0159320433990678 0.0436667202622021 -0.153559720059305
-0.0508488412212986 0.0101788772881186 -0.0265882718967474 0.157920454734536
-0.043786792385802 0.0171335884973206 -0.0848844551172289 -0.111807016825089
0.0243074604817004 0.0292601788675002 0.131718469690687 -0.396920568621044
0.0950676524582443 0.0552015477176823 0.509267530606564 -0.164617880507988
0.0496798995236908 0.0708518677734925 0.526068242660589 0.579128825614638
-0.0599428614653736 0.0821708516777988 -0.141755547064402 0.845894627019021
-0.129583526914775 0.0624684355698613 -0.464198136412336 0.384535567273654
-0.149193103144293 0.047155276386031 0.0308292917265275 0.101335260216697
-0.0959364702391755 0.116202840229568 0.463901615883728 -0.365927580124565
0.0452251900483739 0.100139579192415 -0.0221323551134505 -0.802802489934372
0.113400747359772 0.0304402585978721 -0.697340814912459 -0.411222780922017
0.0731211871593476 0.00470055972439995 -0.528230291225058 0.2613417667953
-0.0255144299258851 0.015330040158704 -0.0247132072505826 0.365853274212827
-0.0557847783954042 0.0111807583861797 0.164239209159372 0.107299605706462
-0.0481115154252199 0.0149769908737689 0.049150634012296 -0.152056292505949
-0.0472646696255966 0.0110994475920093 -0.023723730641939 0.155919095929751
-0.0504629686215298 0.0247748066043594 -0.112898674531479 -0.0874293671780888
0.0182719933647753 0.042785180271143 0.0734028256588617 -0.383544359892205
0.0996207865990229 0.0581258985071069 0.475346457052575 -0.229720917848168
0.0654064570714332 0.0612412613306833 0.599871467792082 0.473863691971189
-0.0377373761477131 0.0802393362884176 -0.0143350902010184 0.841817768116511
-0.116838082310237 0.0681610575374507 -0.443649363333568 0.442161278595781
-0.151894584203207 0.040671890171672 -0.0225125080372697 0.121794060546789
-0.111887792368693 0.102249526612265 0.482268029449815 -0.304330961588433
0.0321295512475946 0.0980326907797981 0.107924422783185 -0.801173056375054
0.115889087989583 0.0382460241395894 -0.62362723255656 -0.520371605365195
0.08723406128548 0.0184838161004982 -0.571004247025156 0.197124920359954
-0.0185832025461307 0.0268434853218807 -0.0826285840089462 0.389258749086405
-0.0585587977623042 0.0175586461682778 0.136012853008559 0.136311168954921
-0.0450793855650281 0.0152138011753373 0.0540966564195531 -0.150974444954207
0.00762428354354977 0.00495330450058266 -0.0464462695489599 0.133235927349287
0.0476676553912162 -0.0375492126352118 -0.115155075662555 -0.138946340022632
0.0236955971075086 -0.060580331811515 0.143757342930755 -0.37678466103776
-0.0312173420316386 -0.00878962299613759 0.55475742004486 -0.118099757735112
-0.0825903639848471 0.00888534136062879 0.539147345906557 0.603020027933196
-0.0663237614133551 -0.0477745693677057 -0.156048009381653 0.819957078291481
0.051642810890723 -0.0441348769270782 -0.459988884565284 0.310416946095145
0.0713660028453743 -0.0316123484460443 0.0595956934513698 0.0555855669869644
0.0270865524124677 -0.00866578650761936 0.459188658859037 -0.429729495818278
-0.0238049825136763 -0.0103043990839485 -0.0599652515837811 -0.824284048708721
-0.035565662783068 -0.0128830125194743 -0.688217767087331 -0.372154648683269
-0.029238797924199 -0.0600673654897724 -0.488151077829159 0.29947291556493
-0.0157377771883271 -0.074682734400422 -0.0179091546619965 0.374404849711678
0.0274864555989778 -0.0247939285504954 0.149331461208439 0.0875993112366642
0.0093390451708444 0.0152433448684769 0.0433133277299772 -0.169837169485122
-0.00400507012265842 0.00289923083077276 -0.0454416715596452 0.135821093743419
0.0372818699886155 -0.0386465580785267 -0.0835901662457234 -0.15224631687173
0.022241215074573 -0.0548596622540911 0.189713673936966 -0.382701981298919
-0.0188151719873186 0.000113200197186268 0.564243836255291 -0.06512255062108
-0.0707140991436246 0.0209602462602942 0.45714613652026 0.677356365369825
-0.0643606493775764 -0.0302890319498447 -0.258837703680834 0.811652189963078
0.0309853959883607 -0.024128030012389 -0.468966538042022 0.274409032946121
0.039463124236582 -0.0146943871476951 0.0971249286277318 0.0456460656703516
0.00737530711237512 0.0154065959018378 0.433277695146378 -0.467056513327528
-0.0183904013026526 0.0123822724014827 -0.153472439986289 -0.803394994050004
-0.0188563610088847 -0.00856915175824799 -0.729144750009505 -0.287316239168967
-0.0208405512018644 -0.0619056213966274 -0.450934924932201 0.333043111797196
-0.0157551197206616 -0.0696758965607106 0.0248509322551742 0.346731385049592
0.0205001378689604 -0.0208325381336949 0.172452862236805 0.0665515270249538
-0.00165827822709743 0.01760679581487 0.0397168218977364 -0.166274126169833
-0.0180977848543155 0.00318823906394655 -0.042503225659812 0.140091366142664
0.0228175163492577 -0.0344509314686669 -0.0621332659731319 -0.160840124591964
0.0245448057492696 -0.0424825362026072 0.220202558192479 -0.386152691166675
0.00180456311854995 0.0135215609751177 0.564485172563723 -0.0287996977028461
-0.0530132514728554 0.0370436149559305 0.394336169672543 0.723955643764868
-0.0689609941812723 -0.00784016367937754 -0.327890750219847 0.800814534953303
-0.00584350527575343 -0.00423286246972059 -0.469514456005106 0.256836520098678
-0.00163192546451849 0.00389870539699278 0.120731272235738 0.0417990066399789
-0.0122062628752255 0.0446705771690266 0.413090965313583 -0.486206362180546
-0.00232424469301841 0.0355924798605672 -0.21802071659935 -0.78420523406139
0.00557630665716546 -0.00445590350390835 -0.754149744518548 -0.231327533903499
-0.00806095966362831 -0.0570058039058348 -0.422529033780639 0.348473023873586
-0.0188820171747887 -0.0579250524465563 0.0562569941435973 0.324568967809735
0.0065623001594539 -0.0159390835777133 0.189434497501593 0.0544117457739996
-0.0143199616307031 0.0180527030852903 0.0369621437841746 -0.161788530670956
-0.0305415131911588 0.00439087123158786 -0.0383446488260597 0.146162478925818
0.00522144223973823 -0.0247651316493517 -0.0494106451725482 -0.158578776955974
0.0271722713668948 -0.0254620902748337 0.225566662750818 -0.391350627081737
0.0288764216694352 0.0280836455696458 0.556173548853336 -0.0207955132494028
-0.0316344177079965 0.0539879487957533 0.371627772273851 0.73560065181566
-0.0774216923873178 0.0200194887565709 -0.349086068283503 0.80107147411603
-0.0516117755751545 0.013154210103553 -0.472191045927426 0.262035275153603
-0.0475424682289916 0.0224377643927559 0.125409413781941 0.0476764701300912
-0.0311146142730794 0.0751909724133868 0.405501218274926 -0.482908418605947
0.0165755978779492 0.0567335046980333 -0.237591837295425 -0.771535707536237
0.0364693519254014 0.00044415693452143 -0.764650712281479 -0.214348349454743
0.0103414159163385 -0.0474460838058565 -0.416957506831104 0.348178159261568
-0.0233533695739548 -0.0402477989631825 0.0674067851336725 0.315194878847871
-0.0111540734962269 -0.0087850531306301 0.198334044360277 0.0529244303446276
-0.0281877965185062 0.0183396163072727 0.0356468812580471 -0.157120912441268
-0.0405046897586229 0.0061078033354045 -0.0335197492015182 0.151037711833238
-0.0129675579261686 -0.00981961761237081 -0.049859854806203 -0.149490319216974
0.0286335198669113 -0.0067161193912783 0.210307406253816 -0.395400867644579
0.0570368764247049 0.0408584682517324 0.546056444099769 -0.0461099519067341
-0.00629905973767287 0.0668321176563943 0.39113113159747 0.714458791074344
-0.0820513646610237 0.0478950957706455 -0.322608327342939 0.81276090126928
-0.0941922439444504 0.030443119659017 -0.472592689643554 0.288615104738838
-0.0916880969061399 0.0375052336354318 0.110609378364235 0.0606924191157263
-0.0502254190034838 0.100357760466954 0.412776981235717 -0.461520909952341
0.0358990240219627 0.0760224203640114 -0.209743552773944 -0.776385353437905
0.0686595352757128 0.0081791113724344 -0.76234821764248 -0.240312569086273
0.0293900292387787 -0.0308862394301926 -0.434610607940733 0.335684919369285
-0.0267127457267318 -0.0202960429189658 0.0576464825966707 0.320247688006254
-0.0297112337624033 -0.00222139655195474 0.197469749421804 0.0620701385531345
-0.038878309234401 0.0172343848299838 0.0383635313560127 -0.155760625031791
-0.0477497836355622 0.0087190021253499 -0.0304008628798976 0.154724481171213
-0.0299464763918609 0.00407841974720784 -0.0626268707405477 -0.132450757646405
0.027591149667016 0.012300377334158 0.176259606636954 -0.398780339811704
0.079517039123029 0.0494142289355672 0.529613683946416 -0.0992827103652865
0.0224549768662941 0.072917384513285 0.450229811693783 0.659429407618537
-0.076438690771493 0.0698594362637566 -0.248561859825096 0.829641656781557
-0.121325084455826 0.047475897677147 -0.469450811291896 0.33071489571243
-0.127486800312444 0.0464502001563408 0.0777784653019476 0.0788955764855661
-0.0721905366424409 0.114424803969969 0.433457295884947 -0.420176938985727
0.0474809304318992 0.091420321390789 -0.138029785937113 -0.785623679123548
0.095597676363679 0.0178583210333081 -0.74204909706026 -0.306166836192108
0.0512708425751505 -0.012303143002027 -0.473257861352361 0.307767570635821
-0.0278420800277057 -0.000716670767825181 0.0265670656364467 0.33891899801774
-0.0457146246260687 0.00456877905989658 0.186615228259796 0.0804053840540864
-0.0452206022672518 0.0159165411269327 0.0424183052337438 -0.152737388758681
-0.0507795183668331 0.00983133964090981 -0.0260707141410447 0.157216860374463
-0.0433214212878153 0.0168662603135856 -0.0847937126445239 -0.110635344525176
0.0242857469489341 0.0288019235189444 0.127613126823215 -0.396077347254829
0.0944653430451637 0.0546630837271018 0.502960697363831 -0.167524829538371
0.0484902372348197 0.0701451037869351 0.526994652519129 0.570824351994528
-0.0593029269956679 0.0816294099116862 -0.135340474522677 0.840870466239622
-0.127309064124233 0.062121234284573 -0.459310780133989 0.38525524120849
-0.147625827367784 0.0470998125560768 0.0307535556073964 0.100204209110987
-0.0945213088661476 0.115528312349113 0.457856206948417 -0.366376596839635
0.0457428217374057 0.0990609859445446 -0.0248431515059838 -0.796140963062443
0.112591645310554 0.0293907242937785 -0.695865507232041 -0.404151499019484
0.0722707798643258 0.00353917697002569 -0.522902764103231 0.263271130618415
-0.0247896576380239 0.0153992309970112 -0.0222411789803897 0.363742550299179
-0.0555818694917357 0.0109207792397369 0.164384312315505 0.106051340058767
-0.0473768369497461 0.0154942450527275 0.0480224730299994 -0.150590346003441
-0.0465321022701313 0.011191367307043 -0.0224538144915439 0.155140709384246
-0.0502697393063603 0.0247026144400787 -0.112762316625748 -0.086091503760104
0.0183407483914183 0.0407451251670964 0.0712532932408455 -0.381689672771565
0.0982416047028598 0.0573665548515188 0.470314124691255 -0.231855753984011
0.065201511505739 0.0611163658507721 0.59978109930963 0.465456163868253
-0.0364530520737812 0.079928051066678 -0.0105760147607243 0.835194001555998
-0.114702448151173 0.0676111842802607 -0.436990241501658 0.441110005043136
-0.149924921822241 0.0414758254713057 -0.0209854628216584 0.12032053774174
-0.110317037211665 0.10245298771425 0.47777263669991 -0.305060006837363
0.0328592052427435 0.0965159389009542 0.100871516751354 -0.79673442999266
0.114545180470576 0.0371229793106959 -0.622774626800019 -0.512708797032217
0.0866401206102608 0.0169947477376877 -0.565973757325125 0.20118273612377
-0.0190489128423266 0.0268228544076595 -0.0799818228593147 0.387521274221685
-0.0577911110092298 0.0172296859976315 0.136387944615083 0.134632783206079
-0.0442721058157892 0.0163026377733518 0.0530489232884487 -0.150285291389561
0.00753115128232759 0.00512805621173444 -0.0457490057425189 0.131248889130572
0.0464770272340719 -0.0381171994834443 -0.114527923994912 -0.137382384787065
0.0239199432627029 -0.0585886475592968 0.141397899746297 -0.37467665335042
-0.031037149587024 -0.0088476192931979 0.549918964140563 -0.119337944339641
-0.0825238642753665 0.00842634003159223 0.539010344773369 0.596856576493602
-0.0665014282473108 -0.0469446702232205 -0.15061452324605 0.813951753940071
0.0517175911996587 -0.0449746689437818 -0.455820803177285 0.31059681293242
0.0703794405804123 -0.0322483144980889 0.0592379878232412 0.055861576420429
0.0273423929696813 -0.0086703807994373 0.454073497273565 -0.427659696604602
-0.0224452002571756 -0.00966209610692331 -0.0622962843305716 -0.817635240371735
-0.0350720030966424 -0.0122327968098215 -0.685274465348408 -0.36732599021454
-0.0290059027961251 -0.0589166282725604 -0.48419114289333 0.300261895698953
-0.0152898135922889 -0.0731620276481975 -0.0170937312538536 0.373568673341356
0.0270949897659333 -0.0249239881087051 0.148748369581136 0.0861754021961298
0.00867139142341383 0.0161157865442737 0.0436056531938978 -0.168163495070145
-0.00414717544559076 0.00261660415630414 -0.0443057002962525 0.135163842982548
0.036557162313587 -0.0390582770031254 -0.083750972683453 -0.1507462264213
0.0219270530340722 -0.0549432417852357 0.186946656051613 -0.381833931990276
-0.0185467706055698 -0.000557456500224575 0.560107163626333 -0.0674374448680445
-0.0702856253415828 0.0214619811296143 0.458388423396535 0.669164413750873
-0.0634033846240046 -0.0300906877239903 -0.252290581376606 0.806220228259828
0.0306853245448937 -0.0249981810057329 -0.463003816530832 0.274422336466247
0.0402990090379579 -0.0149256549500485 0.0966955936304192 0.0453061285945417
0.00759020594857958 0.01528941767567 0.428741605369169 -0.463766581253686
-0.0179321867737881 0.0122157063046141 -0.158034315375906 -0.797248256926322
-0.0185808844071838 -0.00898372884648617 -0.725966344835838 -0.280675444719559
-0.0200598771191237 -0.0608002641463359 -0.445790265548988 0.331486036985629
-0.0155287257817225 -0.0684344585800072 0.0267314459563618 0.344102193182198
0.0193084121258584 -0.020782634523275 0.172195834911008 0.0650315336748179
-0.00141654199299236 0.0182805384119931 0.0393550266596159 -0.165418096870258
-0.0182301649487055 0.0036922074440008 -0.0411404352646879 0.13942312970553
0.0218656196415328 -0.0338241732107058 -0.0625689542048144 -0.158969998242039
0.0240691211466903 -0.0424229700296373 0.217033466666797 -0.385449316608995
0.00287068345912956 0.0132213456190646 0.560812569749641 -0.0306078960124583
-0.0535161816362387 0.0365242981067921 0.39462166922319 0.717693257818204
-0.0681546019534538 -0.00757539026245076 -0.32320686277235 0.796084620181125
-0.00533725996697532 -0.00438184496324122 -0.466196461050832 0.2562521635568
-0.000642656583736878 0.00315353451149109 0.119912030160585 0.0414279054742992
-0.011710206593783 0.0440161541199468 0.406091208926059 -0.483733270707132
-0.00278719675546666 0.0348311783535465 -0.219548747990426 -0.777534315724791
0.00532877586956202 -0.00435570439907304 -0.749246873981537 -0.226099143891089
-0.00730690169100555 -0.0566782743494273 -0.418693723948018 0.34701527886807
-0.0188593876259175 -0.0565748500902821 0.0565481879120831 0.323143510218298
0.0054791443716011 -0.014371005647962 0.189305765574764 0.053597403813327
-0.0146915399252758 0.0181757205492852 0.0365791991172631 -0.160501480313043
-0.0299431753101163 0.00408204344951508 -0.0376778478812429 0.145348049779628
0.00425915979435966 -0.0238115896570641 -0.049752338528521 -0.157572634463504
0.0254644604026133 -0.0259197048529152 0.222897772923088 -0.389952268505616
0.0291160257681606 0.027252826608455 0.552367860331284 -0.0235484016271966
-0.0317505871560303 0.0543437077635099 0.373102712893581 0.72914344742121
-0.0768327509292338 0.0204510975387774 -0.343411841672414 0.796870644426506
-0.051150768209592 0.012590546033671 -0.467547690168278 0.261702591115802
-0.0472434399988691 0.0217261765677465 0.125481886057509 0.0462816287074183
-0.0304572283815403 0.0745051621906301 0.399972670699101 -0.481639557657803
0.0178466386306037 0.056313847676017 -0.237678919052516 -0.765076669593163
0.036128014370531 0.000254305990073141 -0.76088105141744 -0.208241443488838
0.00965792090213646 -0.0462665431503801 -0.411967603480862 0.347806019110852
-0.0231076716496671 -0.0387209772543016 0.068139900045138 0.313473752334749
-0.011954911720068 -0.00887765775116828 0.197280694732227 0.0519986713815277
-0.028092830337113 0.0188687038433742 0.0359499900632178 -0.156882126468893
-0.0402961192928608 0.00564548249009019 -0.0332139535583027 0.150649362029935
-0.0132558306862789 -0.00956773714048774 -0.0494585817714854 -0.147930068252207
0.0284545908020926 -0.00653096715505399 0.208255165946755 -0.396176564009634
0.0574362679638578 0.0406660886045201 0.54232089779597 -0.049239313132498
-0.00652903723578308 0.067446127435211 0.392427581855467 0.707077296136298
-0.0809068899452706 0.0481586816823512 -0.315045742754288 0.807748436156381
-0.0925145910940444 0.0312992343444185 -0.468401500834882 0.287993562016146
-0.0921315460425898 0.0369591883265018 0.110920403196947 0.0597420037294246
-0.0490395146803197 0.0996041168077687 0.408119894219528 -0.45921496562457
0.0363958345492496 0.0749305274582031 -0.209621299285017 -0.768081981752006
0.0682170995233188 0.00727425519480765 -0.757027993029279 -0.234876023954349
0.0296521926969688 -0.0312551379365678 -0.42953221111882 0.336310023288827
-0.0269638558399513 -0.019731368319747 0.0596103538328484 0.318279861848969
-0.0301658762061703 -0.00206173785271076 0.196546190519344 0.0606496563403311
-0.0388143767256747 0.0182084358058682 0.038856675384852 -0.153165827078715
-0.0473936516017861 0.0088695032728229 -0.0290533343403509 0.153066505432685
-0.0303515398673078 0.00371451489797008 -0.0626660078564883 -0.131202013385081
0.0281664968535445 0.0115386800262113 0.17379386930237 -0.3994411628828
0.0789295286457697 0.0473150089151614 0.525453746478659 -0.100937090505103
0.0209296509362931 0.0729115952446613 0.450654993809326 0.651911346199166
-0.0752182029938449 0.070042850101071 -0.239796476708622 0.825397959493111
-0.119970938261222 0.0480635369178142 -0.46524071437237 0.329438626123715
-0.126620842391959 0.0460539711152061 0.0776019846827894 0.0770226469783496
-0.0715752250847301 0.114100226186212 0.428605119806373 -0.418346001129465
0.047206456889702 0.0898769134521288 -0.139745775924869 -0.778865888656831
0.0943370105163902 0.0182731290386433 -0.736350294733422 -0.300596625165695
0.0517741533115181 -0.0134157879079266 -0.469070332127531 0.307656395247424
-0.0268711048237185 -0.000377351951083221 0.0286322316158648 0.336248242330302
-0.0458230157434915 0.00491630494940142 0.185553192231185 0.0795559295814822
-0.0452868830022799 0.0174173305284746 0.0420734905439334 -0.151148656028617
-0.0499065853962734 0.0103407229748867 -0.0248889696437372 0.15529747657241
-0.043169604662313 0.0160435016566419 -0.0846994926264626 -0.108946435347847
0.0238216868296488 0.0286817249877395 0.124103667652759 -0.395971922876948
0.0941336015712999 0.0529443868529303 0.499417969619571 -0.169865989772167
0.0468337941420876 0.0703483405655536 0.524668882094713 0.564657692100819
-0.0580278655623604 0.0819792835086919 -0.130859381035994 0.834134183302725
-0.126040291489944 0.0609541559662882 -0.455025274241602 0.384417949552842
-0.146496094170165 0.0475398473334071 0.0308331528218427 0.0987696579964041
-0.0933086382166282 0.114929410652538 0.454268460902122 -0.365874597264029
0.0455958847787898 0.0988193131005111 -0.0286109242391523 -0.789919478711461
0.111548212506847 0.0285083520499944 -0.691174748467461 -0.39613106578874
0.0712805072964828 0.00235455449419192 -0.517029959314622 0.262594554216374
-0.0233537596651721 0.0157020841300873 -0.0199740056813789 0.360752503492265
-0.0548546693362887 0.0109852993986061 0.164807821012902 0.105029218538789
-0.0462706514703863 0.0165814831294283 0.0483507603940493 -0.149894408076364
-0.0460815207849161 0.0120960060676808 -0.0222903233333224 0.153149079936953
-0.050123938766237 0.0235556265317193 -0.111872114244363 -0.0851297525027657
0.0186481147112894 0.0403151286663934 0.0689320642753091 -0.379850340516276
0.0980475782999797 0.0549240126027095 0.466453882414139 -0.231798356609293
0.0639226210195311 0.0600097472705785 0.599103817300489 0.459905585940927
-0.036102814721702 0.0799216381753411 -0.00573537693483845 0.828429583061811
-0.113459560256604 0.0665814210190543 -0.434454177359162 0.438604639117784
-0.149343648311395 0.0409016565175753 -0.0192583006520741 0.119638277296355
-0.109201060975025 0.102289182628735 0.472094500892387 -0.306135680017709
0.0324847479474327 0.095734749808883 0.0982829362130084 -0.78975922698508
0.113419331227663 0.0365993897507329 -0.618719642020333 -0.504299713805415
0.0861693265807405 0.0163156378566784 -0.562761485121032 0.20189118944208
-0.0174581655526784 0.0267242171085333 -0.0769101446987748 0.385411445605658
-0.0577191349154119 0.0177926780437892 0.13677554979177 0.132964292621955
-0.04379526007567 0.0161855731608344 0.0523766951710178 -0.148981691553603
0.00748886491990412 0.00467278060554711 -0.0461960226399674 0.131230013718638
0.0457021477925059 -0.0384361541921499 -0.115572546568791 -0.134386666551791
0.0238087398495512 -0.058117730137505 0.137818970914234 -0.373506541143074
-0.0303074406076634 -0.00915974154008443 0.544782349428096 -0.121674246953889
-0.0822354616319908 0.00840061999129849 0.537752158888468 0.589844359914061
-0.0658047535196202 -0.0473771327607303 -0.147609585864608 0.808567303988421
0.0528124985138929 -0.0455599511062178 -0.451702449390345 0.30953002792174
0.0706099139860802 -0.0320040404907851 0.0598155892972438 0.0556299574010854
0.0282315282212659 -0.00879149348037247 0.449658909399883 -0.425339222463352
-0.0231351777847433 -0.00971131458562425 -0.0653761695948627 -0.810312872375795
-0.0348716041962393 -0.0123614444043027 -0.681257816622492 -0.361392894679838
-0.0290938892109406 -0.0589856430197562 -0.479090350507061 0.299030009250828
-0.0154211597455445 -0.0717046395659389 -0.0148853936537023 0.370762999830932
0.0262247060805843 -0.0243959756286081 0.148184541838984 0.0850927903486087
0.00793251093776792 0.0171121518777187 0.043346229869819 -0.167497859277736
-0.0041120964124771 0.00299235498590798 -0.0444734868618783 0.134188554809679
0.0350345156114737 -0.0391027745499245 -0.0841581133239895 -0.149212343942391
0.0218913217502811 -0.0549512996695338 0.184977211736669 -0.380621998860985
-0.0182870934840717 -0.000839886173336669 0.556238995910365 -0.0685240258872825
-0.0706146671656144 0.0211819655521791 0.458405472027282 0.663725753758984
-0.0639997814550758 -0.0300931146413447 -0.249425523462658 0.801873782985031
0.0318127978307181 -0.0246114622502944 -0.461768505165636 0.273908460931787
0.0400341910545093 -0.0142272448956619 0.0964386254491158 0.0446512658540953
0.00791355151620522 0.0147600822969221 0.425114689124719 -0.460896222147314
-0.0174403241891656 0.0124139434392814 -0.157004409375946 -0.788493952299431
-0.0188842948802938 -0.00841880178150262 -0.720738380973205 -0.275471763244817
-0.0210579337501153 -0.0610354537484409 -0.443873948497679 0.331236073260342
-0.0146414489084751 -0.0671515588578087 0.0265296420213666 0.342880838731762
0.0189345051414054 -0.0205822106782955 0.170971617360513 0.064563181395597
-0.00176066901801165 0.0180761031703669 0.0389809352918284 -0.163923390102131
-0.0172940662487541 0.0041748143908712 -0.0416881220730197 0.138374262849167
0.0210893575962536 -0.033789099141416 -0.063136294912303 -0.157933679574245
0.023469208841549 -0.0422995165106347 0.215122162917282 -0.385232382247328
0.00306443431110071 0.0131806070570849 0.555835053354298 -0.0326483824335904
-0.0537839620800649 0.0376891903780869 0.395573218128702 0.708721060720584
-0.0674416829472082 -0.00712330244397212 -0.318178265763028 0.79178317313111
-0.00456448214849694 -0.00609449736525845 -0.463128267562256 0.256580419144876
-0.000569630026828694 0.0039189652529044 0.120654130883506 0.0410248931898153
-0.0102325769443289 0.0437494853213582 0.402864830605775 -0.482486806542641
-0.00210711667667811 0.0339077465024844 -0.220526164609479 -0.770554249769931
0.00498047890467956 -0.00469813684260622 -0.743685361775664 -0.221543533158841
-0.00772092292950827 -0.0568789448968204 -0.414799098636981 0.347529449424533
-0.0184850683467585 -0.0550609776690517 0.0585227099274685 0.321357307549272
0.00522950180995128 -0.0151508094139554 0.187845874020112 0.0521881522275761
-0.0146497958132803 0.0189239521522784 0.0372638716560388 -0.15887121821509
-0.0305090965994046 0.00442225621664292 -0.0368790284578873 0.143722387944819
0.00461859140678226 -0.0234786729814421 -0.0497869135209756 -0.156264383652951
0.026116272877003 -0.0258386703425791 0.22211348084743 -0.389524601706276
0.0300476532004928 0.0267208297496377 0.549768051658183 -0.0256366881191868
-0.0313907615980751 0.0535810828711893 0.373712577213671 0.723131940752428
-0.0758620444949535 0.0198387246761706 -0.339931541613236 0.791788665367032
-0.0495426645204948 0.0119420552942477 -0.465145823787942 0.26237945391109
-0.0463101817258027 0.0220681885465938 0.124830745167431 0.0461562867155274
-0.0289216536224133 0.0744746341208815 0.39599566253913 -0.480672490496107
0.0178329659575705 0.0554968680672755 -0.240043469984536 -0.757626459532914
0.0356938756182599 -9.64657284491036E-05 -0.755444784109758 -0.204373743315112
0.00959583735702934 -0.0469877967219717 -0.409403139792673 0.347929510503342
-0.0222249225636135 -0.0385954278665124 0.0687017405739316 0.311770117028017
-0.0118524063467092 -0.0089391663048014 0.196820907652009 0.0512581955433681
-0.0273382884704917 0.0203254269468403 0.0371624469814592 -0.154947598213499
-0.0392428233820567 0.0068133154577144 -0.0328058794954359 0.149657565161109
-0.0140842763297002 -0.0100902870444526 -0.051458141955829 -0.146301989611471
0.028271059700057 -0.0074845950593599 0.204857841925923 -0.392880834423235
0.0575041975614566 0.0387602071443775 0.538990689406095 -0.0522731111243626
-0.0070599077662015 0.066621795262863 0.393620436812707 0.700830581409344
-0.0805840529295309 0.0476947403368219 -0.310155314642385 0.802456418181077
-0.0919763631341192 0.0300819880812022 -0.465932806648349 0.28751280993365
-0.0907579877039582 0.037180284921899 0.110815083079538 0.058863278208367
-0.0483994457301335 0.0988918558750175 0.404301259216356 -0.456976053978721
0.0366205826835261 0.0749860247847867 -0.212554600766227 -0.761598978739698
0.0672083798903804 0.00786398578557422 -0.75202566441789 -0.230981906205737
0.029472281533862 -0.0322620056975687 -0.426834414738817 0.335399652288707
-0.0259165327183746 -0.0190906185503138 0.0600230691424595 0.316546327473014
-0.0301524134023818 -0.00209816556469707 0.195660667004584 0.0599148051727705
-0.0377744015764266 0.0180447542631496 0.0380478284899582 -0.152593061946574
-0.0476884849931733 0.00821823715767227 -0.0283286862650173 0.153420899837968
-0.0299071013122413 0.00304637540564289 -0.0634906029852876 -0.129275668890496
0.0278579129502038 0.0119877978525999 0.171965763376694 -0.397505532182824
0.0788342409459185 0.0475706554290445 0.523933577523308 -0.104280532880984
0.0217878348692888 0.0725416370946978 0.451373064079745 0.643401828629812
-0.0744892989863186 0.0698230306054733 -0.23909566265807 0.819034686292755
-0.118593713400519 0.0467379784613781 -0.462066773765405 0.328767875136415
-0.125244413213531 0.0455309276692724 0.0775071134109602 0.077120949744254
-0.0698907640152868 0.113848553474436 0.425685770809031 -0.417935273037044
0.0472550512943494 0.0891650375391357 -0.140755661669279 -0.772422921081031
0.0942568579059915 0.0173346512521512 -0.731551082549975 -0.294735340768807
0.0514173447399882 -0.0143948439539113 -0.46592060070331 0.309113530659751
-0.0264744366063485 -7.95852625811201E-05 0.0284706893183805 0.334138024417894
-0.0457078153509815 0.00455811952971998 0.185044805418138 0.0789251237682076
-0.0447202650862237 0.0178645064434177 0.0423730770128981 -0.150426438166527
-0.0492203996874599 0.0110433240669021 -0.0242988738390523 0.153873154627415
-0.0417669197502751 0.0153824948210285 -0.0843855321415007 -0.108528629190911
0.0232836934971167 0.0273238333406524 0.123023452434874 -0.392998831812825
0.0932948965787121 0.0513579455218025 0.49819440279839 -0.169553928699706
0.046724302370501 0.0686011340514041 0.524385561795883 0.557529633870202
-0.0577892723024014 0.0808697628573158 -0.128451828469243 0.828729778694588
-0.124275692383043 0.0603900248301587 -0.451032956530129 0.382367513948235
-0.145000960135267 0.0471541554827909 0.0315800862634821 0.0976967514251777
-0.0917954022218972 0.114141904158496 0.449650946509182 -0.364331818593373
0.0455047362668296 0.0982110004589686 -0.0301808911709 -0.782803721951367
0.109725213927642 0.0283476411999244 -0.687408215011217 -0.390142589899409
0.07195617459257 0.0030989255282635 -0.513730904490789 0.26428885145231
-0.0234434314762469 0.0155867733274102 -0.0176776697945075 0.360020475054991
-0.0551543585046908 0.0107278742280528 0.163489554350686 0.103847351958751
-0.0463982302731721 0.0168549583164957 0.0479174267250475 -0.149646500777147
-0.0455898146738051 0.0115086969171017 -0.0220288427267102 0.152499109834687
-0.0485447473239166 0.0233696553340664 -0.112503356925629 -0.0836293919318466
0.0176974013596645 0.0388040049765492 0.0663812776027295 -0.377666884832539
0.0965621135503805 0.0541941591393551 0.464143376128107 -0.232200887174346
0.0632365958910743 0.0597762491152392 0.596614678513977 0.452914248301524
-0.0362008117322042 0.0792050589945158 -0.00410306942075425 0.823602486392482
-0.11336803775464 0.0661876314839273 -0.427928070739311 0.438731988858817
-0.147598060453829 0.0403770239672917 -0.0194834207339946 0.11830003887636
-0.107907478019635 0.101515923334761 0.46852052058898 -0.304775025246015
0.0339032302426159 0.0946906678985896 0.0938904750127874 -0.783279162197756
0.112548521830698 0.0357465052952227 -0.616445208102562 -0.499213076711886
0.0845755607559649 0.0156864016724522 -0.558172605562393 0.201984112003386
-0.0170923220460024 0.0263826069368148 -0.0746183133339105 0.383556795027212
-0.0570609013874561 0.0179977627693922 0.136751068362221 0.132783265689623
-0.0437375398620347 0.0175830815318714 0.0524228149823939 -0.147712288584565
0.00660659462301956 0.00454945574013075 -0.0463902839029865 0.13029856322882
0.0448834834705113 -0.0380229865313803 -0.114690074223559 -0.134032211795821
0.0226704813830582 -0.0582936917764027 0.137467559780052 -0.372772820924283
-0.0292223512312851 -0.0087276348491587 0.543917997538113 -0.121891693185367
-0.0809651116156665 0.00884840986521839 0.535245381409402 0.584942225183543
-0.0657961901816406 -0.0472644519102787 -0.145495237260703 0.804493225399861
0.0529420656665883 -0.0449555895736764 -0.450374803177295 0.307281875954501
0.0699304690458565 -0.0320846362844773 0.0596924434321173 0.0553190010724487
0.0275352027788211 -0.00874460460576328 0.448050677994912 -0.422059585495092
-0.0220227878275186 -0.00972958939396389 -0.0656656152144773 -0.804696929556781
-0.0341678098580064 -0.0123279217429421 -0.67887499646712 -0.357159742261152
-0.0287067609876362 -0.0578986412867734 -0.4773959798945 0.299393639827946
-0.0152530792054642 -0.0712963504971521 -0.0147663095436775 0.369159556541047
0.0253536472337155 -0.0240771269272579 0.148122531822993 0.0847011019729513
0.00814703449695072 0.0171901519353195 0.0434743227104468 -0.166994361457649
-0.00451344787064915 0.00334037995978469 -0.0441709633467105 0.133999434952494
0.0351392688882271 -0.0385035910042179 -0.0838951319344671 -0.14854892096747
0.0217635990068975 -0.0527264632391183 0.184851361276792 -0.379665928392763
-0.0173460497570177 -0.00115361724357516 0.553813806471009 -0.0702927132491312
-0.0710020410558113 0.0207293850177696 0.456701615203693 0.658948261284725
-0.0627883027219183 -0.0295646069472489 -0.24797700588384 0.795888774692596
0.0329603158276139 -0.0252087233276335 -0.458490331332336 0.272285612845343
0.0398749494262122 -0.0157727723094555 0.0956124489027733 0.0447835103968654
0.00846038520076119 0.0147538217035394 0.421800868857555 -0.458834094604936
-0.0173396162576661 0.0122255466678247 -0.158930763033015 -0.783252152917064
-0.0190533813579084 -0.00834262847368336 -0.717149956351429 -0.272342194797618
-0.02013982316093 -0.0610997651977442 -0.439375422320406 0.330357540096793
-0.0146219418561717 -0.0665507790309895 0.0275117903079298 0.341232402998101
0.0180750596708649 -0.0204276814322383 0.170710528430833 0.0652267347191374
-0.00194457604604318 0.0184849989154285 0.039526361259977 -0.162769874375641
-0.0177210529366134 0.00400632455862814 -0.0403663415533086 0.137607527061825
0.0206709118462828 -0.0347697723713818 -0.0631772783066099 -0.156139790701369
0.0231755209294652 -0.0415166950494707 0.212695005946934 -0.384251884219262
0.00311411511608913 0.0116693242369712 0.553380184305382 -0.0343122986816786
-0.0537761272522624 0.0369075784736509 0.396960840589179 0.706653774007019
-0.0675463370115039 -0.00693251246606807 -0.314527802687547 0.786447488026488
-0.00431989139136976 -0.00673553252188491 -0.460127971717824 0.255296443565546
-0.00027987252220405 0.00251969342004768 0.119817307777331 0.0416847484503222
-0.0106091433430852 0.0427548451490224 0.399751069159611 -0.477848696535367
-0.00218607841161479 0.0348412171968623 -0.221074690814161 -0.764326294222674
0.00600809005731813 -0.0046579081994375 -0.741145186334173 -0.218288096451274
-0.00749760501775578 -0.0563356469704892 -0.412541409856878 0.347939848646849
-0.0178337681114232 -0.0545767159758381 0.0588856124377055 0.320274790392816
0.00440486668938707 -0.0152392157690779 0.186735384881747 0.0521680206614475
-0.0143343932774531 0.0197344093302695 0.0373214908021341 -0.158593677106108
-0.0302794362504598 0.00437096416280139 -0.0367279769211446 0.143001510125962
0.00411437830806399 -0.0241330784171937 -0.0499507885268722 -0.155017624750047
0.0263846418982129 -0.0251797934877986 0.219453138338046 -0.388604174716871
0.0301749511509699 0.0253615804596736 0.546305857457637 -0.0265005875458963
-0.0324594444865663 0.0535858333524675 0.374377002901643 0.716473195761958
-0.0755947949683603 0.0206382169809352 -0.335772856936812 0.786325485613784
-0.0483925876913882 0.0119424857999211 -0.461364414991754 0.260035310392715
-0.0464254617476128 0.0211113357554684 0.124787583723796 0.045579102975393
-0.0286205173612579 0.0731786166054617 0.392884844126319 -0.476738859190599
0.0185847258488762 0.054911878527017 -0.238077136661614 -0.753167851509259
0.0358385895006625 0.000159398302027484 -0.749747692770676 -0.201672637141915
0.00964118315441395 -0.0464853241234771 -0.406453104958226 0.347521682442824
-0.0211934933265102 -0.0377016473856651 0.0689179469045711 0.309916278363997
-0.012792650725338 -0.00805588584504562 0.195528240468529 0.0510885968301914
-0.026838488634413 0.0198181163927529 0.035499726336023 -0.154724369176956
-0.039729437001578 0.00588478084191178 -0.0319996125946254 0.147970478418782
-0.0127871533831506 -0.0110190122494122 -0.050288719854506 -0.145156936889648
0.027758948735258 -0.00766314822689768 0.204397066736319 -0.393960407749171
0.0566993071775667 0.0375342012710383 0.535106622659759 -0.0533986766591779
-0.00731538491501638 0.0662506405422586 0.393541616886403 0.694763868400242
-0.0802981768145718 0.0471527386088998 -0.309543763490577 0.797092852023974
-0.0903062810398814 0.0292134965553158 -0.461703675174475 0.286114821993965
-0.0904866323662041 0.0366437242377186 0.10986945273715 0.0581439522804047
-0.0473375380202384 0.0978744989153023 0.403684590524482 -0.45581011935201
0.0374465696953129 0.0743902097692881 -0.211995891450231 -0.755819630328271
0.066638416752899 0.00707361166002068 -0.74754930188185 -0.225970683332888
0.0298858290733678 -0.0311784914131487 -0.423629806287947 0.334564501213392
-0.0257825568995585 -0.0188658479933533 0.0602461510480986 0.315487923151096
-0.0306987193874136 -0.00198035407172715 0.195199619355275 0.0598810774407674
-0.0381572861067691 0.0192344391044671 0.0381395630696707 -0.151614340434386
-0.0467495742750286 0.00911349205509604 -0.0278662427762097 0.151720667475119
-0.0297663159110772 0.0034203851557481 -0.0630001044662087 -0.128338489330866
0.0276611884813942 0.0112334614071385 0.169461243072222 -0.396933231736887
0.0802068536093127 0.0457345293015109 0.519739114243867 -0.105299922076384
0.0203608243396339 0.0732278746262616 0.450277583006274 0.639587545468141
-0.0743387483588795 0.0697898127635272 -0.236346110508434 0.814130742922263
-0.117443229496362 0.0460488579217993 -0.460489251150738 0.327017416925307
-0.124476437400771 0.045663243072811 0.0775803831894654 0.0759553748817602
-0.0691250892956996 0.113194761214303 0.421440814540187 -0.415887585089746
0.0471630752655822 0.0892057202053524 -0.140778616560943 -0.767074905184954
0.092891543707837 0.0175665008421677 -0.727689046739339 -0.292442343604011
0.0511888200487942 -0.0159194767690248 -0.4629988690961 0.308091556554061
-0.0261604204019255 -0.000415340477201247 0.029939409314569 0.333325359873658
-0.046304742041144 0.00517278134626943 0.184008829810223 0.0779352938797169
-0.0439159289392797 0.0177797997447517 0.0425418412743933 -0.149408969478317
-0.0485082179564284 0.0110530688415537 -0.0227582287320401 0.152688902200503
-0.0416484464476268 0.0151747661805432 -0.084533119094774 -0.107635461387614
0.0240103691481526 0.027351046051869 0.122141612400046 -0.391764694580949
0.0933529526710569 0.0507821150710798 0.495184851218814 -0.170397871757763
0.0457133677993656 0.0694760923658649 0.524007847713182 0.553847975234297
-0.0572535583729542 0.0808008061160823 -0.126592779190227 0.823681036920712
-0.123628766840858 0.0599861125170323 -0.446896147896104 0.379957526043892
-0.144424518084329 0.0471930710748546 0.032453921137155 0.0972062843658813
-0.0915995476122686 0.113516261826355 0.446773665719582 -0.363462437937119
0.0459578865273348 0.0968277771305511 -0.0306241842114427 -0.780158799873671
0.109835693366012 0.0273986977724712 -0.685094485667673 -0.386770983353834
0.0715760469815921 0.00206344812018017 -0.510674738999654 0.263395100922681
-0.0228841504893845 0.0153945393173931 -0.0180211298261526 0.357276212861937
-0.0549905215115706 0.0113133876576457 0.16300934144116 0.103557724066187
-0.046059317938401 0.0170124090313789 0.048968884392447 -0.147978148405864
-0.0456082829699501 0.0116825733092021 -0.0207371955171118 0.151385257030075
-0.0491043521039508 0.0222501059335276 -0.111257803763964 -0.0830281812429485
0.0181784243748018 0.0386573457106545 0.0676472901069964 -0.376998114405679
0.0966033786060517 0.0537587310051966 0.460582254665016 -0.232903956162337
0.0621897910168919 0.0600674869484728 0.596261495933598 0.449349960955901
-0.0353189159426293 0.079612804837944 -0.00386965922592072 0.817898167557295
-0.111405367836795 0.0662428715505615 -0.426112057934286 0.435131254448942
-0.147296586480783 0.0412258362116234 -0.0185645428941836 0.117561719273434
-0.106275608163465 0.101208299501172 0.464959212773604 -0.303223355530543
0.033806454655821 0.0948454728360853 0.09313633353476 -0.777969099181313
0.111844884078362 0.0354990616509398 -0.613102950966305 -0.495284947185907
0.0846241506756766 0.014561704395852 -0.554615800875314 0.202151056959007
-0.016499262535865 0.0264535185846619 -0.0739050532817087 0.381210520960355
-0.0570264199143318 0.0172274206139931 0.135629716680328 0.131195952114791
-0.0434032048347489 0.0175623696219626 0.0525563062832521 -0.147407785385073
0.00712402420057087 0.00511741263107467 -0.0454497258408449 0.129444362539901
0.0439730384517521 -0.0383601210400093 -0.114867199229569 -0.133286117923078
0.0229215960552392 -0.0572243531887882 0.136638925139118 -0.372175235731178
-0.0286985115792687 -0.00979492516717334 0.540517475740051 -0.120992449188987
-0.0819291221799697 0.00950141599537051 0.536999509811885 0.58221204038427
-0.0651074751760404 -0.047124475484066 -0.144868908661763 0.799816407182618
0.052734792027057 -0.0454865208652979 -0.447801738780136 0.305842850253167
0.0702806935166571 -0.0325595081720265 0.0593197560465478 0.0548473787885727
0.0277566218749875 -0.00915851008217209 0.445193592759975 -0.42119832181285
-0.0216187143956171 -0.00982080681885125 -0.0657709926979089 -0.801476002578839
-0.0344803505505868 -0.0124855587575138 -0.675034945771804 -0.35459260839304
-0.0272899089082628 -0.0575335078901088 -0.475330748616973 0.299322641201502
-0.0141491462628104 -0.0700529384310433 -0.0142253240229176 0.368387308092897
0.0241663359679423 -0.0235177503498252 0.147041218954466 0.0856650225156114
0.00812951658278237 0.0171487168375413 0.0437478421906898 -0.165665478578804
-0.0051815562901503 0.00342601522541767 -0.0439901638447864 0.13293088306706
0.0339513394043611 -0.0392364878998442 -0.084212002243193 -0.14640958267977
0.0217052044232987 -0.0531464921334597 0.182192941515342 -0.37906326311672
-0.0172710113301997 -0.000894866028083703 0.551878767097993 -0.0702555511777009
-0.0709027686412287 0.0206506735114035 0.457055448374555 0.655720016260242
-0.0630466736706514 -0.0300795380032981 -0.246605070292918 0.792451433503638
0.0327184505481369 -0.0260286630382061 -0.456338231418934 0.271268313740949
0.0396828532392242 -0.0156442293865408 0.0950965011080424 0.0447040179350421
0.00924802478573057 0.0144995283020046 0.419694957938511 -0.455870070535833
-0.0165377251858402 0.0116372070458553 -0.157583457394229 -0.780042796060879
-0.0187274757441164 -0.00875607218692667 -0.713226448895895 -0.269722133932952
-0.0201271455729743 -0.0598656421814618 -0.436828685559375 0.33062450704124
-0.014452405036905 -0.0654680106626146 0.0274831741506147 0.340054911383822
0.017405185096836 -0.0198268548885281 0.169664129796651 0.0651140100820772
-0.00109092409997767 0.0184884755486376 0.039403999389749 -0.162504399344822
-0.0176375409171373 0.00372337511755908 -0.0413384446961948 0.137185621175079
0.0202632450512148 -0.0345763350965807 -0.0632333570793334 -0.155063271666107
0.0230335861098985 -0.0416589700267926 0.212436231712533 -0.382355891893798
0.0039506712936744 0.0125432643950091 0.552261133050196 -0.0337901145925858
-0.0530810482889737 0.0366875685374717 0.396070035763544 0.701205718883207
-0.0665370941210332 -0.00786967094734792 -0.313734236945759 0.7832303482357
-0.00319309097759693 -0.00656985832212989 -0.459122289527423 0.253872817298134
0.000479510115869344 0.00271428399973722 0.1190668881328 0.0406747979825085
-0.00944295710251508 0.0427147296708484 0.399813065885894 -0.47516114296125
-0.00159406231955723 0.0344632360720461 -0.219126470871284 -0.761296960420215
0.00532174435295901 -0.00456265635958389 -0.737300838610132 -0.215636303953597
-0.00736342155781469 -0.0561399138655159 -0.408926617533095 0.346331634119996
-0.0167309542821496 -0.0535237621970463 0.0582392983496627 0.318757511473144
0.0039990450948125 -0.0137926535934549 0.187138782338085 0.0526534159992501
-0.0142022443695855 0.0200837158785605 0.0369849953090992 -0.158211669224317
-0.0298630597382457 0.0047814299333875 -0.0368424280444903 0.142220788840767
0.00364235838023131 -0.0244250166127078 -0.0502497383971846 -0.153859900655731
0.0258214364666502 -0.0251219441225748 0.217985736009005 -0.388130478053847
0.0296517453190231 0.0254309168802396 0.54324062729522 -0.0270589739459197
-0.0322043090571104 0.053910202023842 0.373124951542617 0.713251469587666
-0.0754887855179 0.0206375060657737 -0.334267714024009 0.782919145261212
-0.0481293812309941 0.0106889617140946 -0.46007612866776 0.259591401621695
-0.0454393219199912 0.020669520918623 0.124185193409008 0.0449800264399848
-0.0284999015687746 0.0722940411582444 0.391268324846994 -0.475151022145927
0.0186913387371693 0.0546133317219457 -0.237222921502663 -0.748184673709994
0.0348732703466452 -0.000556487109677085 -0.748253034162872 -0.200639279177921
0.00943421296181336 -0.0459598470988705 -0.404431076170131 0.347725025943298
-0.0209826209578581 -0.0366837981389028 0.0692844847336641 0.308405628364799
-0.0130597727599527 -0.00808931348680602 0.195387615755657 0.0505640332058846
-0.0272906239323472 0.0203992140162624 0.036846711763784 -0.154094981789055
-0.038652881072981 0.00672139557876619 -0.0322071875856043 0.146224153215221
-0.0137870601713679 -0.0105628578817125 -0.0503511255517369 -0.14461927268786
0.027102496817716 -0.00679633420273378 0.203125875821292 -0.391987499762463
0.0563920229978275 0.0377736064498605 0.53418809492016 -0.0522269570144884
-0.00792802718571623 0.0665162881920118 0.393689572163648 0.691939059233756
-0.0801402235009519 0.0472181011213326 -0.306025919999424 0.79443590890965
-0.090246516674183 0.0288238645828517 -0.461638251407905 0.284089282564966
-0.0886755808885329 0.035690100994487 0.109545887549547 0.057754400025108
-0.0470722045381735 0.0976732444425445 0.400394578015009 -0.453068448065869
0.0369544755619873 0.0741065747247364 -0.211077176360401 -0.752661771050826
0.066453454625257 0.00729511663072992 -0.744509685854462 -0.225107968867265
0.0287918265929804 -0.0325191496913302 -0.422287652920132 0.334185262088323
-0.02495744547399 -0.0190323738368507 0.0608677571975791 0.313873287750271
-0.030811862981725 -0.00161286603938778 0.194944965192445 0.060432945921777
-0.0366615054785312 0.0191674028705946 0.0385495373617294 -0.151171719648439
-0.0457676521792706 0.00923066297728779 -0.0273501068920227 0.150264370968463
-0.0293080434000124 0.00285484083662503 -0.0626605419903028 -0.127996867667712
0.0275780184177086 0.0104740457044766 0.169755758006591 -0.396230011651789
0.0786637839240758 0.0457879074505414 0.518401651306914 -0.10476918995759
0.0193777215774991 0.0721290474833164 0.448707241267062 0.634914393753865
-0.0744758532574743 0.0695392637440477 -0.232869869842385 0.809986188145772
-0.116672841820448 0.0446323781066227 -0.458306663132716 0.325502690884359
-0.123526246385169 0.0450854982348407 0.0776088075185797 0.0756372248616193
-0.068719188428196 0.111859905511995 0.418937447583356 -0.412903939605163
0.0478794500683987 0.0885356662586915 -0.139248530810856 -0.763450154966245
0.0930343294362403 0.0169459095308767 -0.723963842959479 -0.290620089037196
0.0505597784497949 -0.0152151634883873 -0.459729052629313 0.307038630420951
-0.0259748057017757 -4.98365204767946E-05 0.0307023645765546 0.331458720848346
-0.0458498995564879 0.00489650814475951 0.183275438343033 0.0783498994734503
-0.0440111718477913 0.019168261585017 0.043899543528924 -0.148744698067486
-0.0479303704859112 0.0103021117705369 -0.0240624160230052 0.152511833184763
-0.0419898692462048 0.0152918817429288 -0.0839486972005109 -0.106774860381613
0.0220295685800889 0.0267558200697061 0.121254474249395 -0.390371716914327
0.092746524953305 0.0496976928512653 0.493075080974312 -0.169773289834207
0.0449451053150935 0.0693158858934229 0.5231817797499 0.551072701701991
-0.0572317370894974 0.0806889482129778 -0.125740197482165 0.820583633863153
-0.122840555470724 0.0591010122248817 -0.446600376750808 0.377239320996885
-0.144286728563066 0.0469140180196617 0.0316801158645 0.0964821049842091
-0.0897417072010243 0.113366461547723 0.443321893728656 -0.361268286297438
0.0451914002859192 0.0965620847034055 -0.0309509679818717 -0.773327791365902
0.108461842970285 0.0278056105825822 -0.680960144287333 -0.383173091705407
0.0704170416100155 0.00200015847702868 -0.507892334967047 0.262990797022451
-0.0221053894175122 0.015733228875415 -0.0174410190856979 0.356027222071741
-0.0546375291105432 0.0109387344313282 0.163267176697508 0.102689703173585
-0.045162956602628 0.0178542355081367 0.0481367853743347 -0.147300787061546
-0.0451709653977776 0.0112047720056793 -0.0212265931805032 0.150251021448873
-0.0486400950684258 0.0221908781827189 -0.110442806716983 -0.0826834622338545
0.017421320648187 0.0384879613947234 0.066566961779397 -0.375858735308257
0.096404409416795 0.0513785875376979 0.45915219760519 -0.232970805429822
0.0609359679927632 0.0605247045506793 0.593523585262721 0.44742400960584
-0.0350516738293442 0.0791615291516407 -0.00310624152298064 0.81423467233854
-0.110675146691598 0.0647359190362086 -0.424857420647393 0.434063176881348
-0.146495341373827 0.0408160859418156 -0.0181211816694458 0.117327761127623
-0.106361251542354 0.100844430395758 0.462788918315897 -0.300989798741953
0.0339085964538967 0.0939648255168954 0.0926523577587922 -0.77392047603033
0.110711764984362 0.0357536443795628 -0.610392821541709 -0.492207866168034
0.0844205052085074 0.0143647162533696 -0.551894503080537 0.200853715234897
-0.0164619236206963 0.0264544336089697 -0.0721387786711957 0.378924947485001
-0.056494866225473 0.0174803910029782 0.135998304018563 0.130535665744534
-0.0420835665823629 0.0179743345691689 0.0531827457596575 -0.147177209577599
0.00700341431942224 0.00524531756391611 -0.0457141028697143 0.129207903185398
0.0440444568610038 -0.0385747063372135 -0.114131634136671 -0.132231185516272
0.0223835925517457 -0.0567055952090832 0.13657823602294 -0.371721849917661
-0.0275125661428068 -0.00980880855396511 0.539139676537447 -0.121743288195145
-0.0823267539135203 0.00833588323170175 0.533121980225984 0.581033078727884
-0.0652836346209512 -0.046716195300097 -0.144006238968981 0.798606446746267
0.053670809397639 -0.0460157571647898 -0.448666009288004 0.303598816810482
0.0709620254293401 -0.0327386722462033 0.0589339004812472 0.0543481266640026
0.0283456969231987 -0.00898505613529667 0.443918452838365 -0.418906263718426
-0.0207657104096616 -0.0097610427181985 -0.0643032236996051 -0.797096736406525
-0.0332877478060612 -0.0124373962217994 -0.672864865440292 -0.353942263267703
-0.0272612333823734 -0.0575906888940298 -0.474431531461002 0.298462898130794
-0.014564917986376 -0.0684747605005256 -0.0143148306642024 0.368004676558021
0.0240574314578474 -0.0230859581760031 0.147719985150192 0.0853225125633574
0.00787286975434123 0.0173840000645542 0.0437783336304836 -0.164983649783237
-0.00450263540588533 0.00361016943061161 -0.044458700514966 0.132384096633378
0.0337786192157911 -0.0390152501247547 -0.0841313049944107 -0.14637903668004
0.0211634441579382 -0.0529409210243406 0.182500882624611 -0.377020381341055
-0.0169525463951469 -0.00145788372127847 0.549167724389636 -0.0695751258677581
-0.0707090441437354 0.0203625644654586 0.454593038753868 0.651255519009974
-0.0623773215939612 -0.029959131090012 -0.244701462593222 0.788833975140377
0.0333895510596892 -0.0262146126322891 -0.456404096288969 0.269149854274684
0.0402627524473311 -0.0160402049634828 0.0954624379157467 0.0439396247606582
0.00912474923194775 0.0151249622284597 0.418105001128326 -0.454342681930057
-0.0163890787480696 0.0120052010680669 -0.158644563665109 -0.777315487249666
-0.0186530533440074 -0.00819689660047208 -0.711268023430323 -0.268312817908338
-0.0188933365778928 -0.0601371403090201 -0.436331433554191 0.329182412980203
-0.0145143101259098 -0.0643788341801735 0.0277644430860904 0.340265206132476
0.0169257176648254 -0.0193242166710187 0.169987338444551 0.0647428759112623
-0.00202727998245583 0.0192369721115228 0.0404170971829335 -0.161902585584928
-0.0180884630279783 0.00345686612581406 -0.0415281263683995 0.136752233497058
0.0202566434443224 -0.0349494220845977 -0.0624527923389098 -0.154591797394686
0.0233975791417161 -0.0411366457724226 0.210865756128678 -0.382245107043426
0.00367167586378274 0.0110375149755135 0.550615874856303 -0.0343791314744446
-0.0541362758041648 0.0369984778276461 0.39599155033371 0.697604436951261
-0.0667794019006151 -0.00743039557103004 -0.312837175567549 0.781015666157589
-0.00198066843718068 -0.00751240011818553 -0.457484078373074 0.252204119001847
-0.000382073246117347 0.00282362820216871 0.118763274684011 0.040866490262019
-0.00975948216173797 0.0428663955737695 0.398003221745192 -0.473087265170694
-0.00140601557529947 0.0339688506584532 -0.218185412978137 -0.756450025703384
0.00518685391977459 -0.00504620401476373 -0.733956839902571 -0.215570695459552
-0.00665406125448646 -0.0561735649183351 -0.41064188994765 0.345835806073509
-0.0170724871043448 -0.0525224112568649 0.0585082540977203 0.317051872451508
0.00342126363427783 -0.0139346060184126 0.186295436544606 0.0523685503738912
-0.0146419459315022 0.0207734726986476 0.0382323812305833 -0.156889409197385
-0.02945860921227 0.00534123178988677 -0.0361557942017461 0.142070944327209
0.00417457536631786 -0.0241152536170115 -0.0500181903497716 -0.153263631782796
0.0256957088380301 -0.0255314225942236 0.218637572695955 -0.387402677893669
0.0299424908914137 0.0254960652102199 0.544956131796829 -0.0275400947934445
-0.0334034020174765 0.0537346279725681 0.374659809809142 0.712283751436271
-0.0751758992443137 0.0206613141819668 -0.334345168040288 0.779292178964849
-0.0473697429951173 0.0107171218778694 -0.458859420327198 0.257065273339473
-0.0446521416969561 0.0203109480069474 0.124110143529404 0.0457227452533247
-0.0268595113643389 0.0733167386399428 0.390781899717191 -0.473019632168296
0.0188772747009835 0.0550685059406283 -0.235448210578553 -0.746555409457981
0.0355672525517354 -0.000651172240655896 -0.744717988680947 -0.197613064747816
0.00971363921299019 -0.0462419790427608 -0.404314659789648 0.344774955636407
-0.0209195410255212 -0.0368508706906122 0.0692688332626003 0.308998394956222
-0.0126454492210937 -0.00760256936211423 0.194520344519136 0.0508814883940967
-0.0262991988648027 0.0208213739114094 0.0373633860188868 -0.153744443990703
-0.0394575247438971 0.00617987518391975 -0.0319204537270993 0.146412154487551
-0.0130774794463961 -0.0117106666240039 -0.0500773016347683 -0.143805213151844
0.027144177892021 -0.00710797901239432 0.20448094343739 -0.391828884896686
0.0567333344220713 0.0367604399497521 0.532566222643013 -0.0528709336925353
-0.0078456877648093 0.0670688431556732 0.39248605823587 0.689526241711337
-0.079832897775449 0.0473846434360397 -0.306326901956441 0.791770554435459
-0.0885641092689925 0.0272578240943045 -0.46028692683525 0.282955713651234
-0.0888185772001537 0.0349266876016194 0.109145696176627 0.0580241953721778
-0.0462854334903814 0.0965287874024453 0.398939729251223 -0.450632310563746
0.0368291257115642 0.0730099376871979 -0.209393948418014 -0.749915013844889
0.0669570430922627 0.00689079550382278 -0.743640481673904 -0.224150203657441
0.0284733747929394 -0.031419489188629 -0.42120858445178 0.333386330658932
-0.0246926037066872 -0.0179328940825729 0.0605900654248462 0.314211679048739
-0.0314440401844718 -0.00188214217221366 0.194589750664596 0.0601142058286361
-0.0373101590540391 0.0198506393844467 0.0388388658755094 -0.150600614676374
-0.0459989780663682 0.00986312179544973 -0.0276055625933872 0.148867801102328
-0.0284430024288523 0.00245726152290851 -0.062270407588304 -0.127526217508655
0.0267789039720872 0.0100084897132549 0.170796651536583 -0.395183367204921
0.078858434115415 0.0453293485628665 0.517803539237663 -0.104848919567251
0.0190076353445038 0.0729629709048788 0.448697982267012 0.632946099473715
-0.0738010537612823 0.0688454527782465 -0.234980113832704 0.806984942956764
-0.116340988534335 0.0446035502785034 -0.457360748802594 0.326610576973522
-0.12342062764458 0.0444157820519346 0.0778107760683361 0.074890165681951
-0.0683865661823797 0.112350862520599 0.41897305577463 -0.412605095676223
0.0476553475203037 0.0891895114487505 -0.138419193814639 -0.759062395676974
0.0923052684565572 0.0172347741372492 -0.722721918784906 -0.289985969644828
0.0501223761567164 -0.0150976147252627 -0.460871011685069 0.307287446336103
-0.0252686596325754 -0.000613957101715981 0.0303760750377037 0.331922903830535
-0.0449526332787908 0.00521057375127692 0.183022679617618 0.0778000345446784
-0.0430247889117848 0.018878172934726 0.0438384083870758 -0.148325286470089
-0.0473690428475534 0.0111202099986296 -0.0236259024316318 0.15093152053557
-0.0416184314883398 0.0143222762276216 -0.0834189461596878 -0.105648252688257
0.022735403543886 0.0257745685210556 0.122461365733447 -0.390501190950897
0.0922789490303233 0.0486098386589599 0.491879407510039 -0.169672241118499
0.0440460467197732 0.0701258813507849 0.522010207399951 0.548185325221012
-0.0567220419756028 0.0803417696875738 -0.125550446397314 0.815288310324749
-0.122020707215181 0.0579642109255116 -0.445799139026027 0.376832287103051
-0.143238772112939 0.0456166142512802 0.0323187056660997 0.0967097608753058
-0.089675889906066 0.11320742043802 0.443238935014406 -0.359332643144353
0.045101412536566 0.096442646791959 -0.0290851189614906 -0.769792654308361
0.107960376772715 0.0277010880690555 -0.677867234821078 -0.382351130507364
0.0700862448454313 0.00146378188237447 -0.5072137090947 0.263919137550607
-0.021726547840814 0.0150678111033164 -0.0167791480032484 0.355456338532905
-0.0540812992812453 0.010919523845729 0.162627688054721 0.103196050038607
-0.0447058739556042 0.0184054969569736 0.0488275865515114 -0.147261471469373
-0.0443941562691423 0.0120011766972368 -0.0215390116705829 0.150110072208546
-0.0480344343591393 0.0213009142918091 -0.110241650072904 -0.0823163219298078
0.0165447540607363 0.036886745189436 0.0674860747767617 -0.375622998464509
0.0955251833124574 0.0519615142015969 0.456996330831721 -0.231883187578484
0.0605159253975296 0.0604929229443992 0.592677722875614 0.445118821423852
-0.0356672973312915 0.0793202683733111 -0.0033832558009552 0.810308912338125
-0.1105179635328 0.0629327290072732 -0.423483593254473 0.431441220449873
-0.145925004168571 0.0404576792447979 -0.0182211252955759 0.116163453793454
-0.105618839192111 0.0995489241940737 0.460463502217346 -0.300817027369661
0.0333405355445459 0.0939150213032026 0.0949841771311446 -0.771178714353487
0.110740121996325 0.0359183429556207 -0.609250269672017 -0.490293949554423
0.0846607394453795 0.0141720716343858 -0.551940364340438 0.200274677691061
-0.0157680302848608 0.0255729982854923 -0.0722891924810865 0.379230421045502
-0.0568674766707318 0.0174675933778453 0.135263308373521 0.131421012912588
-0.0419503239503404 0.0187842762504208 0.0541309017016997 -0.146039847704521
0.00682728644984112 0.0053756759452453 -0.0469792630071778 0.129155649964979
0.0434008592057975 -0.0386106791816601 -0.114352816518993 -0.131846949613198
0.0236844794581323 -0.0566120213914726 0.136942206441858 -0.372170175476534
-0.028275920909172 -0.0105618494729809 0.540249998472204 -0.121508230299724
-0.0828540794865174 0.00819371372598329 0.533445959166849 0.581692565600363
-0.0648934350889934 -0.046748038290464 -0.144479741075394 0.796300328004959
0.0543263463289598 -0.0469685782362735 -0.449662946979415 0.302137304793557
0.0709237327273281 -0.032922560203524 0.0594660096679675 0.0547393571800021
0.028478174346302 -0.00886694623307956 0.443953194506153 -0.417500432706576
-0.021846731097521 -0.00923774452449057 -0.0627267778256345 -0.795283835403172
-0.0334813783590046 -0.0115425521760874 -0.669925247332994 -0.353269337428421
-0.0272755624823723 -0.0568605651291337 -0.474339306194761 0.296971418898678
-0.0130908243017446 -0.0675232464367601 -0.0147688006853797 0.368237861835043
0.0236565367645371 -0.0225984514567665 0.148046354276319 0.0853975050341149
0.00781162912660221 0.0189589642924608 0.0443042372193477 -0.164613944041349
-0.00470280233399846 0.00327891548980437 -0.0451941612920426 0.13200156937521
0.0341536800825966 -0.0395564914781508 -0.0832269115794258 -0.14635489927596
0.0215472049083388 -0.0526006431841758 0.182538299314956 -0.378734344870136
-0.0155864512819643 -0.00271619561782015 0.548922398633531 -0.0692115521332003
-0.0712744638298089 0.0207858836930478 0.45558105601631 0.65314816335394
-0.0620560486775354 -0.0305774926612271 -0.246451718892909 0.78834707194177
0.0341500398168889 -0.0266529373789999 -0.457296152961057 0.268785404401164
0.0403172066021762 -0.0161099162912714 0.0953154858528758 0.0446948388636959
0.00912053454220562 0.0146299999081262 0.419716822029997 -0.452629743107846
-0.0153348366011509 0.0120370984309598 -0.153632505764721 -0.775588048628982
-0.017870671987965 -0.0087581324095388 -0.708498290544793 -0.269169870611277
-0.0191218691785445 -0.060553218880878 -0.436972860615411 0.329884771306827
-0.0147527376331825 -0.0639822292545556 0.0273658486018797 0.339321785773757
0.0154405105634884 -0.0183714026844984 0.170031762548729 0.0650907985172953
-0.00198884321196239 0.0202744893450638 0.0414628123888581 -0.16172044566664
-0.017565713550199 0.0046935960569388 -0.0412373281066938 0.135985540629584
0.0198037408950136 -0.0360799100328802 -0.0627651821241216 -0.154003669004616
0.0231188122012123 -0.0415958346574807 0.213139638446958 -0.383454658443151
0.00433915728326515 0.0104776469959456 0.550223472192262 -0.0347829301026641
-0.0548195307333903 0.0361532833948324 0.395496718168835 0.698235375351398
-0.0666121677820027 -0.00759202804967723 -0.314459951426412 0.777470342024741
-0.00218946538557565 -0.00774042815888461 -0.457967581519506 0.250136635288289
-0.000120569012930846 0.00240724173519015 0.119641032081318 0.0416681219602416
-0.00965831698089431 0.0428575844100971 0.399559048483017 -0.470106279165878
-0.000697385113308073 0.0337149473331047 -0.217363591002829 -0.75638645121058
0.00556873297458405 -0.00440836191645675 -0.732024781110514 -0.216232340648528
-0.00676296871058323 -0.0568436371874411 -0.409678059182048 0.345000511085294
-0.0163787793656376 -0.0527855733000974 0.0576518045128144 0.317532345698694
0.00236918401548657 -0.0138418976092185 0.186795746130985 0.0525948707968584
-0.013846614801752 0.0212686225832438 0.0386894535227274 -0.156361063167597
-0.0293200529928718 0.00576042854038472 -0.0367156961251581 0.14169104533979
0.00241186274904453 -0.0244461691843462 -0.050394866468723 -0.15225114641818
0.0255845315750509 -0.0244082201343258 0.219239114502701 -0.38843600810876
0.030479166659161 0.0242405124350668 0.542919263041383 -0.02833727047375
-0.0331782552711375 0.0535262352858619 0.372676648771749 0.712270421138495
-0.0750426738065929 0.0201972906560331 -0.336725016028123 0.775366088754096
-0.0464192752002313 0.00983496994999639 -0.460257400632822 0.255044299489782
-0.0445752246944855 0.0201038282215982 0.124062192288448 0.0460042044795844
-0.0273702640465669 0.0721916019661187 0.391474483852412 -0.470474719283558
0.0188511854692227 0.0548160266602276 -0.233321882500256 -0.745110391940474
0.0352293957251003 4.39868323320221E-05 -0.743884247361335 -0.198695968269646
0.0101012312562476 -0.0470432247944591 -0.403639815211304 0.345800114196385
-0.0208627162713481 -0.0364517294103157 0.0686627658788145 0.309398442007232
-0.0139795767003178 -0.0078022396481735 0.194824467921616 0.0510835879389732
-0.027045319899356 0.0211464593456962 0.0378334696875775 -0.152964877385779
-0.0396622962513523 0.00654575382155431 -0.0318957634346171 0.145567494267969
-0.0137186298815665 -0.0108143090798861 -0.0500664440807755 -0.143539377393366
0.0273328723577122 -0.00763127348217809 0.203496006163322 -0.390367072939645
0.0565103840686256 0.0356374382563888 0.533287338104975 -0.0535741591103472
-0.0089185681302425 0.0669111395183264 0.393788891022024 0.688300134690768
-0.0796990828391258 0.0469227764340183 -0.308623097398445 0.789263199369808
-0.0890077816550316 0.0275524178630823 -0.461463736675125 0.281893563096957
-0.0889700767293181 0.0354320971120508 0.109709137991619 0.0575258462102432
-0.047620576089075 0.0970751929303924 0.398545559534745 -0.449702191603911
0.0370701695389029 0.0735849235947092 -0.206800359928071 -0.747355741780667
0.0662300180003971 0.00731547303221931 -0.739651027714327 -0.224424235103273
0.0289158523011073 -0.0310372613444481 -0.421462172554179 0.33370777671155
-0.0229981620860784 -0.0183773450665005 0.0599421997060104 0.313661573842227
-0.0312033763767546 -0.00180847335324529 0.193984376665366 0.060318338297827
-0.0370911446417001 0.0207858510488769 0.0401329440097194 -0.150449882801506
-0.0459330610873812 0.00933457261777296 -0.0287416215889298 0.148810902088155
-0.0290577435153815 0.00249930263140942 -0.0615662265542642 -0.127465863271058
0.0263951714031823 0.0101998352493925 0.169949164314718 -0.395232484761745
0.0778681790737673 0.0445500245523046 0.517615734075016 -0.104078907089513
0.017675709717735 0.0732307216832467 0.450497422998719 0.632591843259693
-0.0739380566870805 0.0687694290063398 -0.234396470231558 0.806091157014152
-0.114940851200415 0.043238451508738 -0.45749141494277 0.321816673494453
-0.123316089922145 0.0440609620744358 0.0773079972219631 0.0752321772109044
-0.0680653964749473 0.112068425861758 0.418076842234554 -0.409063454487431
0.0475408476873317 0.087979872834239 -0.13594004322327 -0.75785420640287
0.0921868930880391 0.0173893201797625 -0.720233324296096 -0.288525268578083
0.0506294645849207 -0.0152877294573109 -0.459790458870699 0.306018478335926
-0.0245449283109625 -0.000303869139821552 0.0298653298468598 0.332004129068198
-0.0456245619846979 0.00491661426774948 0.183561811197088 0.0779185490559501
-0.0433548454626804 0.0198398559807047 0.0450077493323885 -0.148265920010066
-0.0476799232381404 0.0110756301386305 -0.0245591332310611 0.150191452354003
-0.0406710037273925 0.0141557660829877 -0.0830656541920336 -0.106399813233189
0.0230905391579114 0.0251579192635846 0.121702930721957 -0.389983495299558
0.0926185937198365 0.0478568752202286 0.491741632113347 -0.171085800698738
0.0440243817180765 0.0693123314084405 0.522726266087821 0.548795469616131
-0.0571910657886686 0.0814857927466832 -0.127836477638868 0.814461707479396
-0.122268563268217 0.0570038062304238 -0.445227696330031 0.37574119013605
-0.143102694748258 0.0454554217234011 0.0325956610115841 0.0963331482274749
-0.0887924644742251 0.112878922313617 0.442781038763269 -0.358166325913051
0.0459963536697274 0.0958812804649385 -0.0279002325274366 -0.769150293373043
0.107357779789139 0.0272476641476442 -0.674974469481734 -0.383569167296086
0.0701423161459611 0.000952160547057958 -0.507906216302011 0.261228473594416
-0.0213482393750813 0.0148058157614433 -0.0170076667307792 0.356168513481367
-0.0552675290761925 0.0115610838475083 0.163138654242018 0.102915833982413
-0.0444461160430133 0.0189629583880184 0.0494736164236399 -0.14672353639753
-0.0440974551213789 0.0115716043818382 -0.0210781981039512 0.149295724698183
-0.0480303336826394 0.0215525424527515 -0.109914307526281 -0.0819599616622328
0.017049548555505 0.0372959267263371 0.0676553811237248 -0.376170889400471
0.0958332570825265 0.0515274148656713 0.458056924076823 -0.231394998452
0.0605506898374112 0.0614668045973375 0.592886825586493 0.441922643450465
-0.035569952936964 0.0793551062836843 -0.00489383538291861 0.81038564156919
-0.109888437750751 0.0623683228208212 -0.425287857728396 0.430212621734636
-0.14589064413607 0.040058641973044 -0.0175635566138941 0.115277782493696
-0.104936598139404 0.0998905757411615 0.45923974323525 -0.299895247573351
0.0331875108155541 0.0942809690941933 0.0957287478502113 -0.768773758391213
0.109702354411265 0.0356028432525973 -0.606883260179027 -0.489620807075624
0.0844011205929083 0.0134039141961294 -0.552656173788079 0.201023333065299
-0.0155594875660163 0.0254778823536468 -0.0727539534444021 0.378553075447732
-0.0565017214376861 0.0177726146756197 0.136132903360351 0.130439533706503
-0.0412704540005162 0.0190553614123632 0.0537983011747596 -0.146427553761754
0.00712803423968869 0.00561049980587403 -0.0466968340920797 0.128799286516661
0.0433787255567637 -0.0394068568768648 -0.113723704575237 -0.131010490408665
0.0228978323115678 -0.0562112786307459 0.137963465678481 -0.372752189712143
-0.0268110857402341 -0.0111400289985067 0.539199063527424 -0.121940042718754
-0.0826116002952067 0.00863403540311454 0.533766622240237 0.58130326243277
-0.0648951761128746 -0.0472548842708227 -0.147653027530814 0.79578774090159
0.0552465981790287 -0.0474941752379165 -0.45052145734968 0.301330713641955
0.0713525016523828 -0.033136308446234 0.0588634892670944 0.0545875996437903
0.0298619778880906 -0.00932570993484236 0.444294167440217 -0.416930499516482
-0.0204256003376627 -0.0104328073756928 -0.0625355806585395 -0.795710476793861
-0.0341310338790495 -0.0118231121976506 -0.668541011398941 -0.352680697872408
-0.0269844275893077 -0.0581262267410676 -0.474852935691825 0.298616964224534
-0.0128943316224844 -0.0672325056758832 -0.0153238881627837 0.367995162884789
0.0225129296086628 -0.0215975477180996 0.146821668752698 0.0848526728788712
0.00800617444458644 0.0190044494694566 0.044958612978058 -0.165478775196913
-0.00459445134764515 0.00357746600749343 -0.0446403570498031 0.132244215752033
0.033103209636226 -0.0394975935316979 -0.0831379775903969 -0.146395907266106
0.0218759529996226 -0.0521973037207912 0.184982682678968 -0.378507803162757
-0.0163504757631163 -0.00257488329220835 0.549061740469051 -0.0688105625001923
-0.0711860346374902 0.020377969710477 0.455624669513754 0.652355507420025
-0.0620520603801933 -0.0304218548037788 -0.24799127998148 0.787583083328582
0.0342314992290741 -0.0274531216664186 -0.459422292779653 0.267474469378842
0.0411832420599392 -0.0161327617327966 0.0951979116611021 0.0450695689134488
0.00901894092515735 0.0135066803156831 0.419899828610055 -0.45168194159842
-0.0158802216523961 0.0118324653270032 -0.151786671825146 -0.773641928250092
-0.0185767052595775 -0.00880976836788312 -0.707899531404013 -0.268978246878046
-0.0189839219804057 -0.0605644002155775 -0.438521416632115 0.329978506203299
-0.0127834075270825 -0.0631424604314081 0.026406923202253 0.340419653019458
0.0157950408835201 -0.0186626929528856 0.169688810559829 0.0652444452308638
-0.00224500205838883 0.0207716176524329 0.0416220001346963 -0.161190344492609
-0.0177636226709349 0.00428444741400539 -0.0417235019819427 0.135681768715445
0.0192696772461918 -0.0346497595268962 -0.0619708980169462 -0.154982549567105
0.023235821084928 -0.0416759531002787 0.211766582077587 -0.383636892985882
0.00439232835770182 0.0106696265481248 0.550161318347795 -0.0345322677214368
-0.0550548390083768 0.0365025752327917 0.394861400978951 0.697182241755711
-0.0669623567878704 -0.00727899877242272 -0.315799911224942 0.777085504597063
-0.00169376689245501 -0.0084207086843305 -0.45906230566927 0.24976108229432
0.00146773836725466 0.00156407905157804 0.119041639151314 0.0410305269287591
-0.00865764192302818 0.0421773176156532 0.399306217167114 -0.471308912050888
-0.000695531524667552 0.0335507912510773 -0.214009968425543 -0.755976840000747
0.00532173416699067 -0.00492570675899062 -0.732768010480392 -0.215040132342916
-0.00692094691544439 -0.056066472102426 -0.409935557448537 0.345686443630258
-0.015132608582056 -0.0519943446598732 0.0579149221572834 0.318846637399502
0.00264736507863455 -0.0132223301146129 0.187053384840204 0.0532877471311703
-0.0141024542218207 0.0213463404435414 0.039299288556033 -0.157162233762604
-0.0288965511258179 0.00557771666133064 -0.0366664551278109 0.140799832581309
0.00289140600409513 -0.0248985327845325 -0.04941696596779 -0.153105512676027
0.0256522352657445 -0.0254371998858393 0.219483520572359 -0.388479692034652
0.0298255019640564 0.0240284916700573 0.5422866669283 -0.0276302178648296
-0.0337821832101785 0.053256281306492 0.37226122847754 0.709675358644918
-0.0752295973222248 0.0199516232327258 -0.337008623533293 0.776262985141519
-0.0470521296094704 0.00863649597826581 -0.460889196699805 0.255095377605432
-0.0444824470301041 0.0197421036588511 0.12357573601576 0.0459223686284465
-0.0274794132400987 0.0716404081102535 0.393430141762481 -0.468918261062493
0.0196330902204182 0.0545826481560996 -0.231756493849369 -0.745725103111646
0.0349906615381428 -0.000604040546917269 -0.744094965325271 -0.199516989532388
0.00958077303982052 -0.0463894271605109 -0.404469402576621 0.346111863847471
-0.0197497444057264 -0.0362668555445858 0.0692318658766638 0.309799839296048
-0.0138777071043604 -0.0067815559204808 0.195775095016724 0.0519765767468691
-0.0263371964660984 0.0212833047330309 0.0393678460845093 -0.153119682634728
-0.0386633836758186 0.00590573038436288 -0.0330417763217202 0.146228915545957
-0.0140484907079393 -0.0104488034649292 -0.0498300584347579 -0.143910030359953
0.0269770405448282 -0.00769839539394389 0.204013306089849 -0.393823777176933
0.0559934313604514 0.0356808802949459 0.532298874647503 -0.0531610038584133
-0.00929442663734144 0.0674534437887153 0.392520482589619 0.688191399779691
-0.0797713048717656 0.0475833007698622 -0.309804188624344 0.788011857726781
-0.0882533306714959 0.026156342491923 -0.460853653186369 0.280184490694229
-0.0883444274201107 0.034960761972069 0.109765797396307 0.0571363833721011
-0.046871824571316 0.0969360232456761 0.40064987994577 -0.448368920458495
0.0378733194366442 0.0734104849784133 -0.205986625629299 -0.747554469356215
0.0656637228701611 0.00719385084786339 -0.739400851563746 -0.223125610717457
0.0290267550133214 -0.0317884736933422 -0.421610723305482 0.332693638513727
-0.0236367805523825 -0.0181447938015448 0.0596028895145002 0.315140604779799
-0.0314473848810152 -0.000367367408634551 0.1942777466391 0.0609788597858646
-0.0360263710443944 0.0213005514406782 0.0407766477889216 -0.15006741495949
-0.0452667356370034 0.00927613777102675 -0.0285757395256166 0.147680304072333
-0.0290761794343079 0.00198349515804228 -0.061823391728964 -0.128092660929621
0.0262360040878185 0.0101746586946014 0.17061155569094 -0.395227228788345
0.0783708249465492 0.0426095062161686 0.517843944426311 -0.104751271930244
0.0172320424069361 0.0731540868935859 0.449353890765082 0.631209150838418
-0.0734335427955191 0.0690664747300984 -0.236805559857893 0.80477519240411
-0.114551031437376 0.0421202518411977 -0.458992543743445 0.321159677794488
-0.123004701850022 0.0440359890266555 0.0778294442499255 0.0751106310374984
-0.0677749974454634 0.111350448415278 0.420960162647181 -0.408134054407472
0.0475500960499159 0.0877101930387131 -0.135147490868383 -0.757817235076703
0.0919415939101754 0.0163158473556743 -0.720231614402027 -0.290095087350655
0.0501502080713262 -0.0150582493160314 -0.460714719948286 0.305773378573456
-0.0235540283513147 -0.000745704604603162 0.0295384845433168 0.332054178398745
-0.0459480662205747 0.00580191812094968 0.184605255832126 0.078130145310586
-0.0420524479795284 0.0203048675633217 0.0458413545830311 -0.148358647673141
-0.047676268556373 0.0108107907047813 -0.0247206115439922 0.149745473212408
-0.0409100838667408 0.0136540828436741 -0.0834798276331477 -0.106320935893676
0.0222712920712448 0.0254352255984749 0.123367340635683 -0.391290071612239
0.091755388961184 0.0482706333760658 0.492437114092376 -0.171025593896536
0.0419449127807312 0.0706640493224168 0.523367390262348 0.54781620801732
-0.05668740344126 0.0805817650825264 -0.130327238247082 0.81637843634519
-0.121390274625679 0.057038327263599 -0.445694513669825 0.372762028024683
-0.143734613958292 0.044943864272161 0.0325665807843372 0.0954289635786017
-0.0893511993884285 0.111724491550041 0.443890462886776 -0.356408074682867
0.045754336489953 0.0953156759980439 -0.0269606910680619 -0.768213273216534
0.108454748654737 0.0280882162929184 -0.675345285044721 -0.382876268497891
0.0707478229747926 0.000924560343505049 -0.507854922798489 0.26159479445299
-0.0205410359610296 0.0146554245160402 -0.0173783301732408 0.35620309573798
-0.054624108047065 0.0116322221457643 0.163392062255135 0.103148907240331
-0.04380451088453 0.019710553193878 0.0503969186811545 -0.146948739060049
-0.043939488067546 0.0118497920984018 -0.0220390695041497 0.148491476249639
-0.0479492277671613 0.0207924680986906 -0.10948560512859 -0.081120401812143
0.0160580987513756 0.0366462060292883 0.0683867149278243 -0.376196628475016
0.0959058996495456 0.051071552308497 0.4590497164135 -0.23271804838747
0.0591394287131078 0.0616767871613244 0.595598780397868 0.446127303126953
-0.0362299065723431 0.0795251024274427 -0.0059356723943982 0.810444346261953
-0.109812377927542 0.0621645293242562 -0.423772507803166 0.428956474759912
-0.145952160892643 0.039988209316505 -0.0178594212067179 0.115364703133221
-0.104635837503446 0.0994114576979684 0.460171642911258 -0.297725152265478
0.0338613388525195 0.09309591322123 0.0972365211297777 -0.767652784977925
0.109763229233041 0.0361770461727506 -0.604534274733882 -0.489953451421021
0.0840117672031106 0.0130175448617231 -0.552564027424872 0.201098295463489
-0.014641470034739 0.0256223289524502 -0.0731967150559649 0.379365890041486
-0.0574271682867941 0.0172044191969627 0.13518318962387 0.13102666391136
-0.0409165242747629 0.0190569709319503 0.0550517201423286 -0.146136538166405
0.00697192078228493 0.00500764913318088 -0.0477965367377453 0.129312254044295
0.0437428458694281 -0.0392601623928649 -0.113857516082062 -0.131902424888856
0.0223528387080571 -0.0566447860055436 0.139467184178227 -0.373939543053204
-0.0266442815518166 -0.0108284722562415 0.541067077981497 -0.120964730137052
-0.0832057859986805 0.00883188725491026 0.535408309872373 0.580464199264698
-0.0649116643987076 -0.047838536727032 -0.149775123201097 0.796144149862205
0.0559250862330574 -0.04804045235408 -0.453098481337296 0.29907530114442
0.0719826791740191 -0.0333898276841386 0.059692382688085 0.0545094964429973
0.029952598241058 -0.00919675936253165 0.445569808016484 -0.414601752362149
-0.0199873156255073 -0.010057566532116 -0.0593511673763336 -0.796354325208915
-0.0335617343899085 -0.0122849612239422 -0.671918774160329 -0.354096686671417
-0.0270245390187946 -0.0572264187803321 -0.477486388640262 0.298195813602222
-0.011830693564786 -0.0676663205612276 -0.0157787702024301 0.369523941955113
0.0221513590330744 -0.0215211827899642 0.147415302924666 0.0862863568066146
0.00748903228806953 0.0199378537233105 0.0461162678712242 -0.165444269148715
-0.00456756442668652 0.00399002163081627 -0.0459402459576136 0.1312332282975
0.0328410449060462 -0.0398540237932543 -0.0833355510655457 -0.146482760728097
0.0217877702630398 -0.0521940833512161 0.185500786288402 -0.382061166540881
-0.0153336269269054 -0.00370850670327293 0.550170094715072 -0.0693208163279129
-0.0722160823401531 0.0208961492977636 0.45702771533852 0.653385006214475
-0.0626515503487442 -0.031161396190758 -0.249368440564136 0.786957950540118
0.0352318368665504 -0.0282345203921108 -0.461651615662461 0.265594432834209
0.0414140373738483 -0.0165911802778144 0.0955504431478843 0.0448813157657746
0.0106010800625556 0.0140609462991796 0.421473367232646 -0.452696097693792
-0.014991961636668 0.0104739255467627 -0.15108548665407 -0.775637751912324
-0.018816283282348 -0.00932727593746794 -0.709797929778975 -0.271077067543893
-0.018751617714857 -0.0602533998952941 -0.438173816053292 0.329492381567194
-0.0119609155416264 -0.0634541824329043 0.0268277855835968 0.341362132100769
0.0148183292605238 -0.0177539818575824 0.169831476552263 0.0657697880444908
-0.0013750375009869 0.0213711460774964 0.0425694403695663 -0.162231875623869
-0.0171930031687558 0.00462262117388811 -0.0427024315040122 0.136046127881451
0.019188954885214 -0.035833629379395 -0.0622127798172567 -0.154326190575161
0.0232053219438935 -0.0403643614244189 0.215471075268436 -0.385465048283526
0.00427786875239955 0.0101678314286381 0.551174444100105 -0.0339789222798941
-0.0558420968412588 0.0364545557350697 0.395689755968108 0.699676785380707
-0.0665141572305636 -0.00736045621109404 -0.317776450484645 0.777171578016873
-0.000871957899725585 -0.00931044527414618 -0.460620899211098 0.249273824417859
0.00105042603753264 0.000791713255139758 0.119149052959097 0.0421108440187971
-0.00893880690213099 0.0420715663049759 0.400064617057553 -0.470063283560797
-0.000824463482428574 0.0335547831455199 -0.212894217620971 -0.756692344379908
0.00607050810471002 -0.00499129526455619 -0.734185593777395 -0.216953642009443
-0.00526020675734242 -0.056606769888152 -0.413169830146771 0.346037053651472
-0.0153235884616509 -0.0510451335239856 0.0576607928107072 0.320556322202341
0.00205996859294739 -0.0130117687361888 0.187566008211812 0.0537852002080954
-0.0141196435667208 0.0220226113645044 0.0402681689529689 -0.157545986729074
-0.0290993272461614 0.00524540522946843 -0.0374022517047386 0.141233315971768
0.00320162238896062 -0.0251422670681031 -0.0489736435219018 -0.153111451212789
0.0257127688403883 -0.0254118627712878 0.219625707407858 -0.389031986754763
0.0306204484345528 0.0240586351760366 0.54455447068502 -0.0268850800967674
-0.0347602460860435 0.0538355361031569 0.372547032156951 0.71245262230531
-0.075288195199878 0.0194903162140487 -0.339621873720326 0.77726708280909
-0.0465837860211489 0.00838263103003787 -0.461164095620099 0.253582617777864
-0.0443223968189596 0.0193669069128314 0.123841516311696 0.0456255068738011
-0.0269473035018955 0.0720611167524392 0.393951852409797 -0.470742463036864
0.018947389069347 0.0536352464920278 -0.232386121519841 -0.744742801627488
0.0349842062422809 9.80564230369345E-05 -0.741791177933 -0.20098983519653
0.010442423096317 -0.0471960100136181 -0.406391004235583 0.346827964449297
-0.019429108668749 -0.0367464016399619 0.0687988510527331 0.311152336931454
-0.0143917539714649 -0.00626928765479381 0.196191430051079 0.0521059364371737
-0.0260238518126697 0.0222139867241546 0.0397157635719366 -0.153867148944723
-0.0385142742295854 0.00644952439559201 -0.0325081602395409 0.145809560548156
-0.0145155785255781 -0.0124507696308471 -0.0503145919122454 -0.143665460789658
0.0269324019791618 -0.00796363703965672 0.206761062776589 -0.393415300744392
0.0569502873576335 0.0351571111380062 0.534910809690313 -0.0552110870091475
-0.0104991063850817 0.0682247600284688 0.39367344715905 0.688403020147434
-0.0796535116683812 0.0474390408006485 -0.31141494001216 0.78811188675349
-0.0885450778264618 0.0252836111234179 -0.464105193676791 0.278716314089063
-0.0883174055793658 0.0348248204144906 0.110456107419635 0.0584560427551186
-0.0468113583905905 0.0966592750941926 0.402762826956486 -0.447308775996625
0.0371046877397188 0.0731656173719333 -0.205450317500678 -0.747974756605916
0.0654847556384362 0.007864977683795 -0.740610424259593 -0.225879743027759
0.0291673031109276 -0.0326800049726545 -0.423408513447071 0.33425054906623
-0.0226167594789614 -0.0180779239901713 0.0595719924561323 0.315609432002073
-0.0316140569043786 -0.000246698556642184 0.194801829727873 0.0610854762202916
-0.0359090156134976 0.021254157772267 0.0418223689787795 -0.150381670885189
-0.0455660107808598 0.00881564376746772 -0.0286609570961481 0.148318853955394
-0.0289586942812688 0.00131647522971494 -0.0611481553979879 -0.127844178818284
0.0262484984839873 0.00953426822911402 0.171714016071151 -0.398449979692256
0.0786570117589951 0.0438854348766511 0.519359146305279 -0.103238975680096
0.0173938339962847 0.0741255284981219 0.449545706870052 0.631607711681416
-0.0744285273037512 0.0691939045806153 -0.23948271802088 0.806387845534399
-0.115037025522527 0.0413862112778488 -0.459922333117646 0.321432602197495
-0.123206222178762 0.0433184836589456 0.0782925016858621 0.0750226198550072
-0.0682313328067692 0.111090710006382 0.421462537575961 -0.407990063479567
0.0474293256914632 0.0875664875409406 -0.133888874834465 -0.759863010541406
0.0914319817404108 0.0173905709411182 -0.718790256182159 -0.289170583321628
0.0504353206272309 -0.0153436566701491 -0.462084308252368 0.306532096550868
-0.0233328042731473 -0.000517255392260208 0.0297384522910176 0.332604963495532
-0.0463927704366289 0.00498153724652899 0.184391731963379 0.0791519734283396
-0.0421312526133088 0.0204567215534896 0.0458265084757317 -0.147903283631671
-0.0469335776458655 0.0108501029933197 -0.0249409677220409 0.15032683390332
-0.0412275400741353 0.0134035337798291 -0.0836971895153699 -0.10624623968759
0.0219180125111379 0.024820288074433 0.123622798766653 -0.39451379678985
0.0917105249364468 0.0473255175054507 0.494249907901638 -0.170596643294123
0.0419551977718741 0.070916026808749 0.522012148452298 0.548281162611698
-0.0571250058331352 0.0806337263385997 -0.130804431963204 0.815936494998405
-0.12206731472084 0.0556367879670725 -0.448994098489019 0.373497645785388
-0.143410353166873 0.0451968383905735 0.0326758766307547 0.0947981163501199
-0.0890630268250187 0.112363526175687 0.444781078128118 -0.356034414159621
0.0455073067326003 0.0961511767506023 -0.0257629696401138 -0.768812807887886
0.107527699017462 0.0288109199843275 -0.675112284903952 -0.384026938925476
0.0694214481284295 0.00089721031524503 -0.509301542385329 0.261563711103095
-0.0209084736354358 0.0144686909441673 -0.0177530540054055 0.358126038772521
-0.054933557948926 0.0115332101720528 0.162830403258208 0.103804896521337
-0.0432907421689808 0.0201975271583067 0.0516330416963673 -0.147986721282611
-0.0427682444776579 0.011530257866818 -0.0229393979736692 0.147476574458814
-0.0478923464293914 0.0205469473820881 -0.110153127940195 -0.0825587037504591
0.0162464335088711 0.0363501877483464 0.0694087951145469 -0.377510555837104
0.0956674464807027 0.0504945232214468 0.460916388880221 -0.232954889491182
0.0585097440700242 0.0631252619317375 0.595688642053285 0.445427869675138
-0.0361157386424984 0.079720462487644 -0.00720933530912576 0.810781634160681
-0.10963044596823 0.061254432937039 -0.426791090735539 0.429917175144409
-0.146432891848493 0.0394841031737086 -0.0170579420669266 0.114601922042181
-0.104312153025844 0.0998412922789043 0.460822821298819 -0.297136577772513
0.0336227822228422 0.0935744104648951 0.0997619805257562 -0.767420315005148
0.109648147010318 0.0361964337593776 -0.604813972039278 -0.491115315994268
0.0835445744793294 0.0122630239732278 -0.554393058284391 0.201864065655874
-0.0141243086388045 0.0245610766559983 -0.0732850086838468 0.380604599883028
-0.0569299740456059 0.0178208952851983 0.135784856592218 0.131935472566529
-0.0403388464956249 0.0195605727136076 0.0549972501409837 -0.146642818863948
0.00714050821928801 0.00501493202101614 -0.0488083902085709 0.130032729030758
0.0425835755847198 -0.039003268636103 -0.114257737894842 -0.132236704663314
0.0237992529438095 -0.0559428535763858 0.139354544515188 -0.376105263854642
-0.0276638378810194 -0.011097170793228 0.543613686689587 -0.121684405779658
-0.0853160717971778 0.00935717917649833 0.539068921848292 0.58474248214879
-0.0653176675468971 -0.0478351244837511 -0.151742559697265 0.796839411881914
0.0565140963687803 -0.0478983989019455 -0.454221146240082 0.299977970976779
0.0727228203007168 -0.0333823723531341 0.0592388846194174 0.0553844021172117
0.0308156608806699 -0.00954278818098047 0.448583771693053 -0.415719136642526
-0.0204844881035487 -0.00972632346247688 -0.0578469200348515 -0.796348901691381
-0.0334382877739622 -0.0120297635671612 -0.673402209244956 -0.35589116547819
-0.0265679628132201 -0.0582829758592241 -0.479892195998387 0.299406876289179
-0.0113509223069167 -0.0668479734238179 -0.0163349879518046 0.372744628163518
0.0223754773517149 -0.0209191693169138 0.147929383050952 0.0863582329804256
0.00766906033292667 0.0207622869534791 0.0468223356913963 -0.166027693464806
-0.0043189817570255 0.00393972231615649 -0.0478146974778549 0.132458305792083
0.0328858099435417 -0.0402081419505874 -0.0839926117330783 -0.146812565563999
0.0223669441061431 -0.052768469697335 0.185841552806617 -0.382973239426267
-0.0154736171095207 -0.0030533268198262 0.553243721724464 -0.0697295125386478
-0.0729097199167696 0.0207048682060486 0.457857274377481 0.655336408687427
-0.0626042219023143 -0.0312923845652297 -0.252030660784308 0.790391289420309
0.0349732075373968 -0.0280923193720243 -0.461865581794469 0.267173585203989
0.0417655887151914 -0.0174110999537076 0.0952590123637525 0.0455738167953244
0.0107340794277056 0.0134410314751264 0.423691281195097 -0.452623285115386
-0.0148513371911315 0.0112972792289241 -0.149929674201505 -0.778024081615414
-0.0180973169646104 -0.00830252113645356 -0.71238075338698 -0.271100050476961
-0.0183828229490942 -0.060369022755883 -0.441146203904645 0.33233399965631
-0.0113178571498928 -0.0634739104822229 0.0260228105598396 0.344167813624229
0.0142077972846055 -0.0176536564624537 0.170713649670521 0.0665800950470167
-0.00154728407733134 0.0218105886314927 0.0435641823313966 -0.162677280608367
-0.0173293118688046 0.0043105853266687 -0.0430865968317768 0.136306086863754
0.0187719517402626 -0.0361014598992413 -0.0624641091517586 -0.154116713064174
0.0227733801060562 -0.0407345425426713 0.21607107692043 -0.387362538370311
0.00515554099030376 0.0102631537545607 0.553855299113238 -0.0339532653271555
-0.0562168588851855 0.036259169484507 0.39671751717862 0.702042567287631
-0.0673590907030018 -0.00805789947607079 -0.320949253873811 0.778260487799634
-0.000911209085198456 -0.00994326903552408 -0.463417120353951 0.248450605927476
0.00102957832786506 0.000622360569741237 0.119651515947134 0.0425808636102654
-0.0085750930176833 0.0423672330728392 0.403504635154423 -0.471575175989389
-0.00090258072470506 0.0335917563469562 -0.211952726541503 -0.758893212319212
0.00650414012040726 -0.00489765969355908 -0.735627187796277 -0.217461521574798
-0.00596892636033555 -0.0564819424567858 -0.413554201782368 0.347595941301381
-0.0152849130539376 -0.0518500977459156 0.0580702421509785 0.322373950275389
0.00139342744300749 -0.01206013969988 0.187866771767653 0.0540688516397851
-0.0139548764307049 0.0232971980298093 0.0408301263503387 -0.158333535857381
-0.0289508276423444 0.00524696401971681 -0.0377087065726975 0.140709377329435
0.00307039663482341 -0.0261822543777209 -0.0498496872280934 -0.153345635200104
0.02514155263979 -0.0253104651010658 0.222795395613796 -0.392574924732951
0.0303770518943518 0.0232906472322233 0.545917937892911 -0.0277227960154586
-0.0354910668028252 0.0542258798728539 0.376427029274583 0.713713716543169
-0.0757077976454986 0.020212616968469 -0.340272906605373 0.778604760957954
-0.0456905269539589 0.00730178170303564 -0.465930794077613 0.253674817996917
-0.0444994022196146 0.0188268727644523 0.125243971483913 0.0464853678862598
-0.0270861860573885 0.071824055958855 0.395607632157963 -0.470315351116869
0.0200264309490952 0.0543535220698639 -0.230553491172347 -0.747628606537241
0.0353534514809641 -0.000176450000765643 -0.745699261287452 -0.199795825420717
0.0107165266949438 -0.0469532304404175 -0.407405991568405 0.348188351697596
-0.0186608865760092 -0.03622791987624 0.0691001382485352 0.312084855195819
-0.0155563267476351 -0.00655003562501749 0.196258106541315 0.0527778888253834
-0.0261682357683773 0.0226689854872866 0.0399865380763086 -0.15365518812603
-0.0384691227702357 0.00659457733010599 -0.0328838954590309 0.145675282386349
-0.0134997011027709 -0.0123186385837384 -0.0494120689862675 -0.145030352042549
0.0269922963739399 -0.00781789933263038 0.206377406175921 -0.397492201818428
0.0557870781728007 0.0355377784031544 0.535526015205022 -0.0531604621664396
-0.00984081065956657 0.0680694033865242 0.393122484183109 0.691308809055771
-0.08133253317406 0.0478587804004312 -0.312847960778249 0.790684670674749
-0.0876250891228433 0.024716984666189 -0.464658320737173 0.278654837081335
-0.0887390098489483 0.0339845271899025 0.110962446109854 0.0580369499310287
-0.046707356085174 0.0965010137090376 0.403881431268284 -0.448766452597269
0.0377378668943554 0.0735116762047769 -0.204168953538766 -0.75108700352339
0.066132712127832 0.00777573483200229 -0.743427764225008 -0.226774409261583
0.0297857948360327 -0.0329845212375063 -0.42509959419857 0.335612001768611
-0.0220583464601511 -0.0180097285465822 0.0596855846595404 0.31760938169056
-0.0321715720823654 0.000149751762537681 0.194840961026422 0.0611514536795211
-0.0352961307220487 0.0219395765768985 0.0438788223479751 -0.150632442482426
-0.0443489073334963 0.00848123974196753 -0.0291697819671908 0.148379923429235
-0.0294653822689793 0.00091787128127764 -0.0619478745047636 -0.12859093455826
0.0263516363275582 0.00934582258364554 0.173268273356398 -0.399983807364351
0.0786793266057185 0.0424700130506524 0.521324322697316 -0.105628560090304
0.0165739947165119 0.0749602521783632 0.452458966365822 0.635806622030405
-0.0742121125275532 0.0693491370571856 -0.240947745687534 0.807988216256433
-0.114812704237543 0.0417400026912206 -0.462488829827517 0.321043947441502
-0.124497855429749 0.0438329840969679 0.0789026598458189 0.074528706064969
-0.0681099840491578 0.11160050281972 0.422970175809495 -0.407653917666486
0.047951963692642 0.0881712892553412 -0.132462275408942 -0.759997729489279
0.092315880285919 0.0174590851541267 -0.722948489400681 -0.291393790514388
0.0503040849529759 -0.0158137146368644 -0.46408377244793 0.309667185865826
-0.0233643129340256 -0.000988652778877632 0.0292757926279956 0.334798412964216
-0.0463198110659052 0.00548440280465643 0.184713453837329 0.0800287207725028
-0.0416632215876488 0.0218272315291062 0.0474794503948578 -0.148640454314506
-0.0467970597445784 0.0107997376622161 -0.0252307866926953 0.149768555749485
-0.0419277432660098 0.0120578155460536 -0.0829108614379375 -0.106418663256467
0.0212077350001504 0.0247656795191107 0.125605203846327 -0.39451269997183
0.0922924478622843 0.0471956864282703 0.496819865008789 -0.171394041845697
0.0418475326701171 0.0719835332416357 0.528137335887213 0.54963551470731
-0.0575162659266211 0.0816333171464949 -0.132683376065657 0.819533974530726
-0.122290733614685 0.0551218308855575 -0.451095932661988 0.374304654169556
-0.143958068381464 0.044909354424356 0.0336661256410326 0.0948645518070782
-0.090140229908236 0.112412272823344 0.447321759980608 -0.356675935207436
0.0459965276380429 0.0963946534748895 -0.0238089820559367 -0.770291831119738
0.107646742022286 0.0277838333258746 -0.676900516888493 -0.38673692864967
0.0711344086907561 0.000783605358507591 -0.511612089086265 0.264272076075445
-0.020018692306283 0.013826472996003 -0.0188168861383848 0.359332108919785
-0.0554105038355342 0.0119484230625798 0.164277013658609 0.104720169483595
-0.0437464049281551 0.0203844960974377 0.0525835087498283 -0.148380679478235
-0.0429119494901665 0.0116482461907453 -0.0230256397232846 0.147729472909455
-0.0481727644400314 0.0193882775397798 -0.109698631186312 -0.0821747767935085
0.0156815392780923 0.035599996925416 0.0696976216118915 -0.380341826407
0.0951106767765953 0.0499462940564399 0.463385799370414 -0.23438019813611
0.0580201367797724 0.064125786203312 0.598435908377813 0.445310696451551
-0.0366937815830896 0.0799887678616587 -0.00825220333554389 0.815094566441721
-0.110469634719682 0.0602643958953786 -0.430841077540287 0.429920464174435
-0.147246436357601 0.0395026282767545 -0.0175124679037511 0.114476265895202
-0.105303065636898 0.0998484142441187 0.46323288311947 -0.298217763405471
0.033240531557128 0.0941735314106708 0.100544748311989 -0.770823123734483
0.109229361756297 0.0369406804713388 -0.605736525042517 -0.493768415711334
0.0838183135538045 0.0127957817926354 -0.556631531959528 0.202009544144161
-0.0139362657062236 0.0244817165604393 -0.0743012894726743 0.382209505779794
-0.0573090369620464 0.0178475806275475 0.136309705252622 0.13232893891699
-0.0397980301083138 0.020354837480537 0.0558384827914526 -0.14752142428215
0.00671613956688594 0.00570554366617169 -0.0499238759216551 0.130904570554395
0.0417719566734999 -0.0390423727197994 -0.114367143412479 -0.132062068548444
0.0230985053830336 -0.0558439893037622 0.141373044647851 -0.378849464580691
-0.0267832523171199 -0.0119574480955 0.54626840995893 -0.122073437202853
-0.0851088898783848 0.00941577505649307 0.540643015802512 0.585304045470549
-0.0656412171659753 -0.0486897798507879 -0.153635850766291 0.801635577852154
0.057061348783197 -0.0487880906584621 -0.457709243265043 0.301163374460893
0.0731669442994621 -0.0347326222604745 0.0600472003384012 0.0558380427492582
0.0310566086155645 -0.00940880294230367 0.450896110602199 -0.417658395463261
-0.0198941445094647 -0.010935407947585 -0.0564154187164966 -0.801579997861343
-0.0334557234915144 -0.0126208286665723 -0.675868009565641 -0.357587524797271
-0.026128031451114 -0.0581472098313122 -0.482506583612416 0.302518431502243
-0.0118967274429193 -0.0670987526930053 -0.0162589935018263 0.373919723600117
0.0217308408057621 -0.0199315378247801 0.149178108124474 0.0872059993077373
0.00808987763671257 0.0206477497070059 0.0475288739452029 -0.167007232464092
-0.00463859918642113 0.00350857836034093 -0.0470233584811684 0.133608156131813
0.031930357139652 -0.040036176730167 -0.0835496964285948 -0.147159485807361
0.0217718442864212 -0.0516936827771783 0.187557760505038 -0.386322841239836
-0.0155196819004515 -0.0036934509898544 0.555974250895195 -0.0705942886561767
-0.0738938790643579 0.0211516101334042 0.462266740692988 0.658295021743576
-0.0631098225021642 -0.0309056642216404 -0.253474864299562 0.792112259614101
0.0367027773437431 -0.0289632405527232 -0.466484281787079 0.267686628044091
0.0424117696537482 -0.0178634088420618 0.0963061216901115 0.0466255167341751
0.0112197010010519 0.0146615852365416 0.426512053978406 -0.452628889586004
-0.0149496215007236 0.0111300130406587 -0.150306756286245 -0.781663503500736
-0.0181622628888159 -0.00897018235197328 -0.714629857048343 -0.27350634979076
-0.0186619688152 -0.0606608049375635 -0.443675804473311 0.335177757213453
-0.0113391558183307 -0.0629225289512059 0.0265084082968433 0.346212420967072
0.0148930495357301 -0.0169666544842554 0.171992843537965 0.0670557236811887
-0.00182605196438079 0.022882812296647 0.0441183321444086 -0.163415580138959
-0.0174376714979817 0.0044787570376455 -0.0430991563034034 0.13656440972034
0.0188670594910849 -0.0361477750570594 -0.062899810268588 -0.154362588753599
0.0228133225635343 -0.0406502507523225 0.217224528250732 -0.391743277808807
0.00412796253426296 0.00963706477199819 0.557639492221525 -0.0343785540994309
-0.0575980036159301 0.0378539706847536 0.400702074558326 0.70535777951516
-0.0665917615765494 -0.00744211813315469 -0.321918273127104 0.781493354318095
8.38460652315721E-05 -0.0103407858711733 -0.466750487045778 0.249209004137578
0.0014439095902031 0.000882348414896833 0.121045287138751 0.0423587205718077
-0.0081337477360322 0.0418494667544576 0.406470241064135 -0.472690026430837
0.00043009154735707 0.032695426787732 -0.213736170329752 -0.762414264822304
0.00639738427242038 -0.00492061045678687 -0.737662826810794 -0.218348551334741
-0.0057433496168371 -0.0569680550825715 -0.416662580128722 0.349092856987165
-0.01486877603736 -0.0519022658783424 0.0581668890913122 0.324355938257012
0.0012598255436531 -0.0119129791872974 0.189245016808873 0.0541039928467983
-0.0136929490163556 0.0231949397348821 0.0413098271939887 -0.159777458651555
-0.0288874621634569 0.00538005504778771 -0.037729851626929 0.141671128336039
0.00250431651380843 -0.0262372583685772 -0.0494676904226715 -0.153943056518893
0.0257294849793178 -0.0244988836185847 0.223112273847709 -0.395681403810403
0.0305723796474568 0.0239592716082411 0.550202801884928 -0.0279741842444133
-0.0353412182829217 0.0548779903137289 0.378212402209042 0.716626187527547
-0.0756914170748868 0.0201994145573938 -0.343398483130014 0.781762294000227
-0.0458658265511384 0.00689192615128587 -0.467040389135347 0.255084984876063
-0.0444379195272233 0.0189686339401859 0.125600297599087 0.0473012864899957
-0.0267440744178141 0.0717639543180396 0.39928658647471 -0.473104998423023
0.0195406118654757 0.0543057740276707 -0.229566856575337 -0.751677296188041
0.0355986144247574 -0.000480759704943188 -0.749546349772793 -0.201457400693667
0.00933050554899173 -0.0475458690102278 -0.409976830964901 0.351046565752331
-0.0186572214707614 -0.0368822113749712 0.0693870506017772 0.315009549037623
-0.0157149778307467 -0.0057342738224771 0.198037736176228 0.0534587382305594
-0.0257946115322064 0.0238674717037709 0.0410689899797503 -0.154777813614362
-0.0386021704119263 0.006687369591732 -0.0335832195467031 0.146084309721166
-0.014247910768066 -0.0136144975970136 -0.0496648353245609 -0.144616539670161
0.0271891778860145 -0.00748092653986935 0.208128654233372 -0.399924113445183
0.0570545170147762 0.0359310519505186 0.540800242766216 -0.0545611707181909
-0.0110797290055132 0.0692958272608599 0.39731553094757 0.695509852308304
-0.0812633652609395 0.048558932738845 -0.317090642453519 0.793826973103125
-0.0883351563631127 0.0244197935311933 -0.469005326748851 0.279182292240083
-0.0894185266786386 0.0340894731147749 0.111865052518629 0.0582573927344329
-0.0466396146232762 0.0967931921153649 0.406302091337899 -0.450864125853063
0.0374510899266327 0.0732389321447887 -0.204468362779439 -0.754000260653455
0.0661674112454959 0.00715280919392904 -0.746583403716976 -0.226495872599441
0.0302456995426557 -0.0321655434632592 -0.426855851225282 0.337767456335931
-0.0218875563148696 -0.0189683943458714 0.0605165429593913 0.319483131554691
-0.0327041394205693 -2.03294090394498E-05 0.196050980056038 0.0621605588231617
-0.0353207315293109 0.0231258576563012 0.0444210027793265 -0.15119057653404
-0.0446461334259323 0.00932041139504971 -0.0296333262300983 0.148691270558028
-0.0289440764216571 0.000853656842366969 -0.0618334383162566 -0.129261507206939
0.0258023315958999 0.00918536217498673 0.172589962019542 -0.403274024716232
0.078958904368766 0.0432026139473108 0.524215011715327 -0.10577564813016
0.0157303642523288 0.07561963023591 0.455317176258718 0.638927777350663
-0.075025995015122 0.070217214912652 -0.241989613523844 0.812424905066712
-0.117202883283336 0.0404399900547623 -0.465662663298438 0.321983247750884
-0.124445603122958 0.043002982611092 0.0791727202383537 0.0752443972676302
-0.0681536985063727 0.112007365860956 0.426062711312098 -0.410726898557789
0.0478432698592665 0.0879459335987843 -0.132883658660138 -0.764210567616107
0.0914997051857632 0.0181168746862639 -0.724923493444724 -0.29393424385189
0.0511717328761209 -0.0166199400757487 -0.467449061868222 0.310669175657448
-0.0232402035713244 -0.00184979708543569 0.0295182586390274 0.336897711192387
-0.0467922058780876 0.00615488680264263 0.185312325437236 0.0809220287076548
-0.0412649148578916 0.0213763536906759 0.047816884610287 -0.149431733154115
-0.0468311470549636 0.010703986714698 -0.0258855140725764 0.150112575575086
-0.0420719607252652 0.0122760723520478 -0.0831840595069959 -0.108074466925404
0.020613604806828 0.0250821921088795 0.125153704776599 -0.397010569035027
0.0930443502600126 0.0476315643279855 0.499702406620774 -0.173346735145839
0.0417114317495721 0.0735679476382608 0.530489984667678 0.551503570826612
-0.0578603350456888 0.0822743248722333 -0.135509878189502 0.820457415806786
-0.123417320142773 0.0546277664423613 -0.455679448963182 0.376122813051531
-0.145554562531704 0.0447400642809017 0.0335749754943047 0.0952625079860973
-0.0903074028049326 0.113063945444667 0.449407863109455 -0.359755199572483
0.0452026104912064 0.0964001915436062 -0.0220220555880718 -0.773689201273659
0.10832146378485 0.0286159231579965 -0.68108633785963 -0.389748716724383
0.0707452713252668 0.000628768854873063 -0.515973287038297 0.265092382569149
-0.0192090537257206 0.0136572220643839 -0.0186145564969959 0.36125556672046
-0.055212991511752 0.0117869610508105 0.1639955867036 0.104780550195156
-0.0428989728347567 0.0212327436215135 0.0528346194995394 -0.148973002827572
-0.0430463939451199 0.0115622744781312 -0.0233490930372598 0.148195129044676
-0.048453804983661 0.0197117370856107 -0.110428166352439 -0.0828314625089559
0.0149818406549004 0.0358758170791035 0.0706052310847112 -0.383047873548323
0.0949850185820636 0.0494389389419434 0.464685010041449 -0.235952352491428
0.0587267141649497 0.0644293462623486 0.601844715680658 0.4479267034807
-0.0362579599186489 0.0808592119401304 -0.00989036408767759 0.818075248798711
-0.11095913203939 0.0601115943250146 -0.433905823973103 0.431034317062009
-0.148133009703805 0.0393279672130397 -0.0177812463522149 0.114893979483572
-0.105058484096082 0.100036635516277 0.466635683715374 -0.299004565916439
0.0336691354066663 0.0941998856706782 0.102078856506353 -0.773254674359577
0.110255631527787 0.0373765371675513 -0.608215653204254 -0.496732633927521
0.0845975873834381 0.0129239543653504 -0.560384533174458 0.203751507605857
-0.0136728751954765 0.0239053169374227 -0.0739432725064478 0.384872646608892
-0.0571740697091703 0.0179075486458375 0.13707144682626 0.133146923660638
-0.0397712798021986 0.0214373987196075 0.0563986579301827 -0.14818987095322
0.00730760349125706 0.00611707749677273 -0.0503899591706097 0.130550815337504
0.0416856617762077 -0.0398724357281872 -0.115734176513555 -0.133299704899747
0.0239172534023847 -0.0558720316207736 0.14177947826158 -0.382176405599857
-0.026783735444707 -0.0117876254985947 0.549970593368842 -0.124259854966413
-0.0866797241600944 0.0090905131020261 0.547903194701673 0.589834558981079
-0.0661083860902593 -0.0482503383374587 -0.153449730147559 0.807565278353276
0.0577402462260157 -0.0498308086052823 -0.460726174205626 0.301014290046958
0.0735061049188541 -0.0351644148173226 0.0599778778718361 0.0564900716834282
0.0329793862060271 -0.0100848539175311 0.453476323665117 -0.420125215242283
-0.0191413673111899 -0.0109610935592634 -0.0586738878796348 -0.806831251230194
-0.0332927055463628 -0.0123841937586957 -0.680242443794117 -0.359710588494104
-0.0259273817559263 -0.0588415762023825 -0.486407083632042 0.303800169033507
-0.0108234604397998 -0.0667205366513097 -0.0158253635317103 0.37793115658554
0.0210445731910249 -0.0201024385513335 0.149664045698966 0.087901071500058
0.00842474648908037 0.0220120641119661 0.0477146805354096 -0.168351257007124
-0.00407280562827908 0.00410381370852382 -0.0476769156865295 0.133923532387186
0.0318294991498849 -0.040454689249935 -0.0850586255611653 -0.147873434090718
0.022718364287774 -0.0519525928955571 0.188087058582879 -0.390805321887691
-0.0155642694548816 -0.00389557037775792 0.560091626237064 -0.0707597834748216
-0.0748381897560759 0.0214272453532046 0.46705507725063 0.663624156010199
-0.0632197453208237 -0.0314187665600879 -0.254608472674779 0.795468337693744
0.0372945893744745 -0.0296541990511155 -0.467967935023613 0.267645799697003
0.0421499235368293 -0.0178508020953599 0.0971619833571703 0.0469734986819297
0.0113506521089896 0.0134171258220234 0.428713391024346 -0.456416218069413
-0.0145177947703647 0.0110628478077628 -0.150990315842482 -0.786887995510727
-0.017955030486056 -0.00830678422505055 -0.71798316551944 -0.274115775419875
-0.0182688969451318 -0.0605403605848632 -0.447002483463976 0.336719018145065
-0.011748003493901 -0.0628277714021276 0.0267844165649609 0.350448898335904
0.0139031271864855 -0.0167966683043061 0.173054439613107 0.0675831092970168
-0.00121088535072912 0.0230045648673068 0.0447285208900912 -0.164642657023279
-0.0172425127252359 0.00536945251669089 -0.0434246368901411 0.137237254742909
0.0173395966118085 -0.0368823727205615 -0.0621599421214112 -0.15594530173025
0.0233346042325163 -0.0411514742194773 0.218305257175858 -0.393647419240941
0.00519221804480273 0.00938251651106566 0.559865173246442 -0.0354689643155969
-0.0579894325544558 0.0379308218128004 0.404835156776913 0.709094275330925
-0.0679053815889239 -0.00757306140614467 -0.325420038148094 0.786686064353379
0.000332513071641496 -0.010499322121291 -0.470090249391634 0.251103432859019
0.00167109526038794 0.000542440681045172 0.121461190853402 0.0425559306558835
-0.00738196846371533 0.0426922761063779 0.408420167306436 -0.475737195546811
0.000440675396775558 0.03273039586514 -0.214063222251109 -0.765662752729787
0.00580796115097294 -0.00477748714986569 -0.743301766842875 -0.218005827355157
-0.00575865705491078 -0.0572858766130493 -0.418944676841621 0.354797755220769
-0.0143849393134425 -0.0519940829233129 0.0583468208511107 0.327646422840105
0.000755892621218763 -0.0111935489149702 0.189816419521931 0.0557857801316916
-0.0134657767943466 0.0239565010807263 0.0428111165440073 -0.159702542830681
-0.0287268692590141 0.00550849617783544 -0.0377736971208938 0.142718778835596
0.00263144231788842 -0.0266308338858607 -0.0494134496599913 -0.15503143972763
0.0254625123814011 -0.0251774314498346 0.225056568500349 -0.399330898211877
0.0307912562061288 0.0234729576346824 0.55434628080129 -0.0299587235489945
-0.0370706418317059 0.0557050664779629 0.381753620341764 0.720532642047425
-0.076012371063426 0.0208786918938434 -0.345438659721165 0.786779514591035
-0.0462885888979471 0.0061389580473065 -0.471672566294957 0.257101043712702
-0.0452614092856328 0.0183765529038434 0.127084202597844 0.0470545375725327
-0.0264319332003947 0.0727320463393651 0.401677266072486 -0.474901019087068
0.0197776773274712 0.0546548924416923 -0.232694765231019 -0.755984201653837
0.0356855378801324 -0.000352114748556436 -0.754077726242953 -0.201439976515971
0.00997117575960602 -0.0479741209375682 -0.412926657189864 0.355248508275887
-0.0187304970777823 -0.0372314487027894 0.0699576253533673 0.317298468103815
-0.0158646340188016 -0.00514356116640419 0.199455303870428 0.0533795580578514
-0.0255658428745531 0.0240146152196276 0.042117361516482 -0.1559051429286
-0.0388149745832547 0.00729150187539323 -0.033191198012402 0.146735233245954
-0.0148189736554542 -0.0129900963437937 -0.0498295079512848 -0.14604777385323
0.0269308678327644 -0.00825965616349501 0.208855338756385 -0.403501656390467
0.0570245689478688 0.0351256682062744 0.542977137298241 -0.0556357499651072
-0.0110233526242362 0.0696867378547513 0.402376799948972 0.696656591502472
-0.0810315879040306 0.0483291092443399 -0.318401664349858 0.797929140070393
-0.0893921426394769 0.0238678434075283 -0.473162738846152 0.281206480123596
-0.090092784072405 0.0339177362933666 0.112527001135151 0.0583491151200595
-0.0468442867624537 0.0973486493608989 0.409625414804478 -0.453621139610604
0.0389019585387934 0.0733108597770482 -0.205151148617416 -0.758498255692125
0.0667228441353424 0.00747471917028654 -0.752010335265015 -0.229275404659609
0.0296544566521201 -0.0328872760991384 -0.430301892565696 0.341538678747514
-0.0221573766537887 -0.0194434183240165 0.0613539943183022 0.322940713994003
-0.0332954706385336 0.000142516791528932 0.198227977863323 0.0623233862993528
-0.0356325723742402 0.0230062437916338 0.0438947688016864 -0.152228246377804
-0.044248308392818 0.00939587145629953 -0.0291575858218391 0.148953737198969
-0.0301990051570419 0.000571623554841252 -0.0613769421680228 -0.129041368350862
0.0260254788686959 0.0101982613867341 0.175583090858886 -0.406749423005752
0.0798738313901947 0.0430698977627373 0.528424670100032 -0.108860707576998
0.0164228795602958 0.0765277943769803 0.461716500096352 0.640395005283422
-0.0753368732648011 0.0709342931582182 -0.244091762330479 0.81635195119327
-0.116776146850745 0.0406558361954307 -0.46854554713475 0.325120658066555
-0.125364570117499 0.043859927771586 0.0800919185631505 0.0754232785255201
-0.0682113467548225 0.112291685849956 0.429537711149784 -0.414350763271612
0.048122372683279 0.0886578042508855 -0.134078268752503 -0.767496981527047
0.0925303586444059 0.0182360689726191 -0.730415001773631 -0.294779219659611
0.0512547810495565 -0.0162624927383793 -0.469745058414625 0.313349278786308
-0.0224546336498074 -0.00173124947182647 0.0300888442258581 0.339346333639889
-0.0472239859405139 0.00656513059944928 0.186916768052378 0.0813903385209809
-0.0409559372962184 0.0222703848662924 0.0483781599557335 -0.15076823452879
-0.0469659922715764 0.0103521766405935 -0.025926737635984 0.150937001082622
-0.041527691971507 0.0115591472085274 -0.0846680566722801 -0.108092216843519
0.0219397402137815 0.0247149460339904 0.125973650074923 -0.402996948733209
0.0937966755651382 0.0467643578174378 0.501455696131914 -0.175643817169531
0.0412370003062774 0.0744135651852477 0.535141036021096 0.555177347978408
-0.0580465246189232 0.0829804439433387 -0.133556202486614 0.827360804969752
-0.12350349169234 0.0546147121749348 -0.457251677332257 0.377998390083344
-0.14592820723217 0.0454627911730232 0.0331118077199063 0.095738884293231
-0.0901427300875649 0.113434499865122 0.453205133543308 -0.36124545777445
0.0458620813500044 0.0973223664895427 -0.0239172672777273 -0.777897286527948
0.10835602494176 0.0294010950953152 -0.685112536804685 -0.391714337281914
0.071143072484264 -0.000704077613509699 -0.520206175532054 0.268748318141069
-0.0195468739699406 0.0134303744423669 -0.0190130894578269 0.363604611274961
-0.0554043318448095 0.0124331924754053 0.165869408269131 0.105111862909525
-0.0426164631962023 0.0214658429891853 0.0538311205160464 -0.14997845721523
-0.0428456310624168 0.0115027190991796 -0.0238475407609611 0.149243319175232
-0.0492236015547916 0.0191601016038461 -0.110889988694189 -0.082668920787007
0.0147639801323646 0.0360051179898698 0.0708029245305422 -0.386114578557443
0.0965182764934785 0.0491895841623785 0.468039064327429 -0.238957275664077
0.0586719529537726 0.0651376887317409 0.607545443196016 0.449098850046998
-0.0361785740825783 0.0818366431719597 -0.00992349575151745 0.821902381684861
-0.111982808908075 0.0597547676761916 -0.436497052530796 0.434622015067521
-0.148477222068608 0.0399486724531135 -0.0172932895278148 0.115033361744559
-0.106026200966881 0.100192844359109 0.469303985884143 -0.300713837082964
0.0330533826372809 0.0946488163788683 0.103819709366041 -0.778255000675471
0.110410009344426 0.0371022899429575 -0.612674327263709 -0.499187867602276
0.0849295445153367 0.0123341942889469 -0.564224629851694 0.204673891610424
-0.0134360546205104 0.0238579920977787 -0.0750093655678655 0.387350793205707
-0.0579472997842684 0.018191228145706 0.137699566740099 0.134500232458389
-0.0391238701149622 0.0216450814631382 0.0575685667965258 -0.148903515527736
0.00721623042967906 0.00611120138498928 -0.0500439273086769 0.132883343212761
0.0407362402908917 -0.0403660487485791 -0.11620797660451 -0.132546536278325
0.0230057803506661 -0.0562943625210061 0.142294443258589 -0.388069210799059
-0.0269047434614187 -0.0114212987181309 0.554760572868501 -0.127564835864662
-0.0870858615266001 0.0103020883573647 0.553082478929815 0.591728803356217
-0.066976722289199 -0.0486545521909993 -0.153630460071059 0.811338426445243
0.0585396452204197 -0.0509763407293084 -0.464762990764281 0.305634176896393
0.0739827022398139 -0.0359071861933617 0.0607357297156327 0.0569757327942277
0.0330753224467073 -0.00989618730758424 0.457309045232613 -0.422335684996744
-0.0194816793322167 -0.0111714882428092 -0.0577820431341204 -0.81196525599078
-0.0334378941994429 -0.0121098862308759 -0.686096366651121 -0.360123308591966
-0.0264144430776401 -0.058784038268086 -0.490197136194441 0.308065131447605
-0.0106032239938697 -0.0671608223566765 -0.0148198870971347 0.381602180630327
0.0209450668655559 -0.0191288195158032 0.151300538930175 0.0877771473487807
0.00847312181196525 0.0224873625823111 0.0486360965293379 -0.170215402496437
-0.00419125168502041 0.00330711851469076 -0.048232451561692 0.135374628760731
0.0310762431871035 -0.0413594013955823 -0.0854196832951057 -0.149222965112433
0.0226377283568466 -0.0522839830960471 0.188312535408348 -0.396280534240078
-0.0150666708221913 -0.0038169949749458 0.565082480076683 -0.0731354183520883
-0.0753929169885269 0.0217700000068088 0.471936626458452 0.66641256997138
-0.0641806468482415 -0.031567487824151 -0.256118121241218 0.804577382972508
0.0373548665384562 -0.0307561985599837 -0.471640915456306 0.27103556000782
0.043085567757518 -0.0187895863647045 0.0985941700444346 0.0461759907323747
0.0118921525325292 0.0134909026354364 0.432034053465543 -0.461085825397851
-0.0149088339268502 0.0108171115976476 -0.153019812043007 -0.791083268797767
-0.0178613824386011 -0.00865595130739776 -0.724709467160851 -0.273565194326456
-0.0180931807992912 -0.0617070162759354 -0.450401397803736 0.341887238621628
-0.010723192345156 -0.063108254616246 0.0282206967267423 0.352894240611907
0.0137633861112863 -0.0157235102855276 0.175281640698789 0.067860315570195
-0.00111744039594597 0.0234978186938396 0.0450165083996287 -0.166218874191903
-0.0170749118115188 0.00447735825442293 -0.0440768868407115 0.139302383838961
0.017676075807707 -0.0367659480377251 -0.0638395519390204 -0.156893303052061
0.0231771534292052 -0.0410306459430066 0.218634245112269 -0.39999668551733
0.00564993074269131 0.0100560612727862 0.566060800230304 -0.0373435791645956
-0.0582610599470281 0.0379199421846699 0.409597726657297 0.713583585109177
-0.0678343717864875 -0.00765136340986557 -0.326749847342103 0.793509347806013
0.000437863356147684 -0.011815964226314 -0.474851956078496 0.253047267937322
0.00203219822578707 -0.000235897440670154 0.122278046187567 0.0427992708258962
-0.00750885370912486 0.0422579673044813 0.411580684092665 -0.480458214203658
-1.36246080689184E-05 0.0331630173287763 -0.21623469328209 -0.772254458499949
0.00650948328303979 -0.00478247011540527 -0.750928743273457 -0.219038463050173
-0.00599122195823838 -0.0576195393853372 -0.422468055656832 0.358299500770039
-0.0144327830039796 -0.0523499755412195 0.0593705537872642 0.330924493239209
0.000318311264510235 -0.0108654964099504 0.192662039870863 0.0552255518486379
-0.0132986802468571 0.0248048588512823 0.0431483990744045 -0.161859184545325
-0.028749151004009 0.00556357161054536 -0.0384465246777955 0.142929744546583
0.00148174456439153 -0.0269976558446717 -0.0503148816895959 -0.15619291631573
0.0254119844817524 -0.0255691700316574 0.225493284511125 -0.403499022578703
0.0313625155744099 0.023683874616207 0.55864852097827 -0.0306623114055539
-0.03678598269602 0.0567954387071717 0.387732848652773 0.725799604579207
-0.0766313775883214 0.020599130076065 -0.348106930166993 0.792674330866243
-0.0462344977852637 0.00665443489380741 -0.47521264592649 0.25839471394354
-0.045261451309412 0.0185914250939959 0.128050712860607 0.0476044246506962
-0.0265131743513277 0.072476407744463 0.404475988522468 -0.480454199636211
0.0200884957801133 0.0544887154670169 -0.234006453382388 -0.75986779415248
0.0363802359598585 -0.00020546882705505 -0.759697223380583 -0.20086692565197
0.0104215637812614 -0.0483193686154697 -0.415567450676905 0.358977194567504
-0.0185607057939948 -0.0374774038589033 0.0716814665126609 0.320625115932319
-0.0167570413405209 -0.005465931502065 0.200783518088361 0.0530855186734381
-0.0250784132757862 0.024746405022444 0.0422949638571753 -0.157312520515928
-0.0386082320940975 0.0071228303869165 -0.0333647003719794 0.147661557369642
-0.0145822418189379 -0.0139355843316633 -0.0506302291732965 -0.147358334761833
0.0271421215254025 -0.00825991600346953 0.21057752713993 -0.40838477384863
0.0586200257592858 0.035182954963041 0.548918275955059 -0.058348176960225
-0.0116256388007922 0.0709770159061767 0.408390824363379 0.70375750060625
-0.0817916872093784 0.0491228063238072 -0.319489715246264 0.806057330404408
-0.0890380588717198 0.0240223477208699 -0.47645874333803 0.283421822170161
-0.0904548804129084 0.0341488984976885 0.114025885527387 0.0588076178007594
-0.0456730816336837 0.0980711538324857 0.411303923272493 -0.457570990369858
0.03917702949092 0.0737393125109624 -0.208723581890945 -0.763445448470882
0.0675680609112295 0.00751704126784115 -0.758577326333966 -0.227959525688111
0.0295019567758403 -0.0345557578586726 -0.433498943756199 0.346264753082295
-0.0219708424940419 -0.0197991691673526 0.0626434534343419 0.324696801695682
-0.0335619176064755 0.000637284661378792 0.199913681156175 0.0622278254233798
-0.0348418048623517 0.0240423670771458 0.0452078853484565 -0.154164629043499
-0.0450818208024038 0.00899718164252545 -0.0288609471448851 0.150411975866504
-0.0305842660589713 0.000125539958069246 -0.0626587143873532 -0.131266257775367
0.0257966179853413 0.00915153715151066 0.174898098912454 -0.410985353494433
0.0803970696225962 0.0423331694134261 0.531460544760117 -0.111893144124871
0.0155443129300024 0.0771994904611213 0.465932878467855 0.645790174619428
-0.0752271446345954 0.0714981894310165 -0.245330101385698 0.821715633487756
-0.117686777014075 0.0410550776077088 -0.473228318551472 0.327846611394113
-0.126160639937405 0.0434740713043396 0.0807920144480023 0.0759183554331883
-0.0688723085942053 0.112838157351074 0.431898932674343 -0.418581709332747
0.0491159810825234 0.0885909614790148 -0.133189754229014 -0.773808236194517
0.0938004010815089 0.0184566826458458 -0.735922080172674 -0.296010342754126
0.0510009273081908 -0.017272828072034 -0.473530672996575 0.318265254346202
-0.02231839638245 -0.00135709468877204 0.031947702173553 0.343113249715125
-0.0474516786372412 0.00664304639462784 0.188300420636469 0.0816726857328528
-0.0410111566105613 0.0223799304673139 0.0488195687502436 -0.151478777748358
-0.0466882465346917 0.0105138828326312 -0.0255275835574721 0.151668733835925
-0.0426573245806162 0.0109462384465778 -0.0855637618159695 -0.108696733114737
0.0205248655250816 0.0251683938414104 0.127270692208321 -0.405782489910652
0.0937204402880747 0.0469752424559228 0.506921035660095 -0.178621793638393
0.0422090241818878 0.0753902758916149 0.542239237077629 0.556203820734425
-0.059133366901437 0.0838287448188708 -0.134608338839998 0.833289803298683
-0.125280005850656 0.054938179436327 -0.461019783214516 0.382053584617064
-0.146907570817162 0.0457146548262375 0.0346017329353701 0.0961583088338384
-0.0907994020784255 0.114345952787856 0.455157478567625 -0.364285335203266
0.0464843017616544 0.0972192773642383 -0.0246046308390478 -0.783684274219099
0.109059909226387 0.0294533949908818 -0.690368245959405 -0.39230763215289
0.0711886104810859 -0.000740124716902314 -0.522802555202501 0.272459014176477
-0.0197235480847381 0.0125137775421299 -0.0172702718975879 0.367733525511365
-0.0560828226592399 0.0131516743543646 0.167269546549023 0.106403650664684
-0.0419586695588164 0.0221491883407319 0.0537453096383322 -0.151041290914474
-0.0430177536849154 0.0114121289143163 -0.0238238114898333 0.150567152364374
-0.0489150313975995 0.0183635294598555 -0.111830827915426 -0.0829954266949382
0.0151854983791337 0.0359777075150032 0.0708251703205246 -0.390507536287821
0.0975795882785049 0.0499587598498531 0.471979385398755 -0.242098823456153
0.0587279587193462 0.0662320507704688 0.61371368042471 0.450571375403856
-0.0369717601756848 0.0822590982185045 -0.00876435666979752 0.829563985613368
-0.112928389499397 0.0601770973394976 -0.438781915147472 0.43753756032804
-0.149521659024981 0.040534496419538 -0.0175160304617049 0.115916589339581
-0.105697767577184 0.101315293261265 0.472206751813443 -0.304534630646776
0.0336741636537011 0.0945511746567288 0.103573128209228 -0.782333111279616
0.111806485367478 0.0382484358340153 -0.619452961552018 -0.503128330693591
0.0851306641727833 0.0131085968851969 -0.568422009122209 0.209323623720157
-0.0125925187884302 0.0240314640926766 -0.0744478938143906 0.390036600676272
-0.05787265455061 0.0185832390168181 0.139510609086064 0.134978396820202
-0.0388220723869668 0.0221621353126367 0.0581576004649374 -0.150045077940293
0.0078814481003715 0.00541273790879197 -0.0512822551730749 0.133734569855445
0.0410706217611598 -0.0411152089562656 -0.118219139303189 -0.134103212914003
0.0234237441531249 -0.0563565974986655 0.141169966152815 -0.393592808651407
-0.0272021532211993 -0.0117195108993408 0.55887909802983 -0.130584038085331
-0.0880458048735379 0.0103606870735182 0.561851934928575 0.594359973228462
-0.0671378175537849 -0.0483189411252636 -0.150128281030388 0.819528327640188
0.0596868171069395 -0.0521945125723488 -0.468442826040965 0.309389619174201
0.0753692563819448 -0.0364150238896488 0.0615713929604463 0.0571226231324908
0.0333551256357134 -0.0107682327518957 0.459828572858806 -0.428470646313529
-0.0200715265539865 -0.0119102327014225 -0.0608127022985597 -0.817257603685712
-0.0341471361903537 -0.0126350294080925 -0.692923222444732 -0.359811389212124
-0.0270279859023778 -0.05914385293064 -0.494546522990976 0.314447069253999
-0.0107669994199298 -0.0677029876934316 -0.0150411593732804 0.385905615293137
0.0205997656380662 -0.0189739615981558 0.152839569478748 0.0891151732078422
0.00847154834249303 0.0225409691989597 0.0478496894436671 -0.171949429141255
-0.00414320640186847 0.00440733862017013 -0.047873251296932 0.136169283101745
0.0313392689749228 -0.0418265677633891 -0.0865091695711373 -0.149786690599077
0.0222101839542385 -0.0522350771782537 0.188757018935284 -0.400286317016849
-0.0153440506071729 -0.00375216534744423 0.569484035813003 -0.0777528812992503
-0.0763856765630464 0.022646280915303 0.480430501353401 0.668934555849922
-0.064863502497998 -0.0311608106541432 -0.255684597212982 0.811519940192161
0.0381209039375497 -0.0312416555392671 -0.476658800194874 0.274870996812625
0.0433945324280195 -0.0194022292349621 0.0996209869654734 0.0478093066803068
0.0122560805231149 0.0132984909385699 0.433915153341256 -0.466048900498312
-0.0139598455828159 0.0110270541756732 -0.156581455567495 -0.798392533108611
-0.0184442922961901 -0.00846865741671823 -0.732083953094393 -0.274363569885598
-0.0187661051541251 -0.0620909982364879 -0.453316099057929 0.347816685993892
-0.0106880414675024 -0.0634625477264779 0.0300613176347736 0.356701980037144
0.0130991590630271 -0.0150211613909198 0.176945802873865 0.0681886186063504
-0.00121466556925873 0.0245840071930311 0.0448598962583307 -0.167698653394184
-0.0175336096301756 0.00487135088322537 -0.0441550037791228 0.140088758271964
0.0170618172528239 -0.0370427951667949 -0.0637935363590104 -0.157921757258809
0.023144601463909 -0.0407533695589625 0.220160196882247 -0.40603422406732
0.0048809572964553 0.00878361024244219 0.571181833250577 -0.0396722639951482
-0.0592377866848646 0.0397098020382632 0.41737912807756 0.716544938580259
-0.0684993227526669 -0.00750974215957945 -0.326919045487608 0.800597981865678
0.000919654905292151 -0.0118640745536007 -0.478081638910127 0.256765399316586
0.00181051968384905 -0.000131350863625164 0.124361162464579 0.0427769234791988
-0.00737634515373271 0.0424265573210731 0.414026390433616 -0.485918943256233
0.000342261267906027 0.0327112399447551 -0.221950334483734 -0.77647671254594
0.00609712174483252 -0.00486067770435717 -0.757252250308503 -0.217702723588216
-0.00643212747603632 -0.0584102872436689 -0.425857686129322 0.364651590922963
-0.0138468863355537 -0.0529162640181507 0.0619712781546615 0.334337194678887
0.000235270232546795 -0.0103176948034132 0.194168560164789 0.0549779094752177
-0.0127416924873045 0.0250955623668837 0.0420975645467758 -0.163026197065721
-0.0288017506289171 0.00521491673651889 -0.0383887586727863 0.144499581361124
0.0015297539591149 -0.0271846186944255 -0.0512817249678379 -0.157316980184005
0.0258498441866507 -0.0261091776533179 0.226656033625368 -0.410251204063713
0.0321330878389679 0.0235979767314837 0.564231358625008 -0.0346235085851241
-0.0379181434097996 0.0577699750264308 0.395166517604914 0.730671140956517
-0.0769399313429159 0.0211597314726329 -0.349190598636371 0.800620395390083
-0.045564012232514 0.00572707185424974 -0.479360838898486 0.262129838663347
-0.0454847137438993 0.0181602509271007 0.129513451544938 0.047230299414196
-0.0253855172733925 0.0731802881737778 0.406017095331866 -0.483754621170321
0.020870806577009 0.0547177595025195 -0.238946551479739 -0.764254522432724
0.0366693214086178 0.00023941789851481 -0.76611720252017 -0.200514610635062
0.0100712938619316 -0.0495193985819296 -0.417678849142919 0.363906501580838
-0.0180826253896469 -0.0375459798350425 0.0735227221439281 0.323833974214053
-0.0167821543973446 -0.00480571306790895 0.202942234656571 0.0534113261134901
-0.0246283152426472 0.0256307026343072 0.0423387520193855 -0.15901547324903
-0.0384391490516851 0.00731819735346116 -0.0330429494771814 0.14842632964331
-0.0151920599094593 -0.0136986273085274 -0.0513230163259248 -0.148694515743134
0.0270637064938687 -0.00837516252707006 0.209905438372129 -0.41535588189388
0.0586202498015872 0.0348128657698293 0.553220573686032 -0.0601536236699806
-0.0121233367513683 0.0717651799801145 0.414812260879348 0.706843987331853
-0.081995916956648 0.0500893850750721 -0.319020471768263 0.812938027887646
-0.0901250377565826 0.0237116542399215 -0.479585997757665 0.288341396795493
-0.0913364093788134 0.0348572212008253 0.115160799498276 0.0588113292674537
-0.0463935948674086 0.0990937902768836 0.414846615223997 -0.462915652505093
0.0400556409793432 0.0743258651627455 -0.211392848707644 -0.768618832797292
0.0672115878036958 0.00700503982090961 -0.763348827775187 -0.224674438490011
0.029646323862925 -0.034665000321251 -0.436628002871016 0.351223373475685
-0.0220585808200367 -0.0193955702297843 0.0642428738368992 0.328588521254355
-0.0345206482858077 0.00131427114500772 0.201914077635134 0.062522085841452
-0.0347426107343747 0.0245102888459759 0.0448196281073069 -0.155267341473851
-0.0445758839505034 0.00876317189300133 -0.0299217146684764 0.151203508290808
-0.0306095340753418 0.000136377702662534 -0.0637769465469421 -0.132225271511619
0.0253167527833012 0.00979571747262764 0.176019657333371 -0.416886851930541
0.0807567775941123 0.042200575438636 0.536233809520906 -0.114103913564478
0.016082617272342 0.0787926645770748 0.475685054354946 0.647678113546137
-0.07640686263701 0.0728279593400943 -0.243858321781856 0.829085899704269
-0.118260941508946 0.0408657530092805 -0.47563291324248 0.331660378761859
-0.126715491513516 0.0447085249837578 0.0820468601382706 0.0759752969567672
-0.069144441064762 0.114241671217363 0.434078894923501 -0.423135090298833
0.0494966021625588 0.0898411268386723 -0.138579660146207 -0.777845304114291
0.0943926695437929 0.0180127720228907 -0.742907823308377 -0.293299837907641
0.0521392939510533 -0.0173071746611671 -0.475469560608759 0.323427624738627
-0.0223785382001652 -0.00179319767251212 0.0337930249736814 0.346338958461352
-0.0480124176518734 0.00734190743540048 0.19042628759986 0.0817239191073295
-0.0405740368346723 0.0238589265235061 0.0493061103418571 -0.152869717107548
-0.0468643183401443 0.0109208373779987 -0.0253513187856896 0.152573873723174
-0.042046907645539 0.0118711196936545 -0.0855017388328525 -0.109308216193076
0.0208045148658432 0.0249050335889097 0.126909244674924 -0.412037187091956
0.0951736067955635 0.047060208660305 0.511256334665383 -0.184318818099243
0.0422394013471767 0.0766080553841683 0.550944848954847 0.557568971555419
-0.0589617243567562 0.0850851818453635 -0.131560274897901 0.841546369451001
-0.125904141506288 0.0550170784699234 -0.463486830920961 0.386360741716925
-0.148179615446041 0.0464327319691502 0.0348822754617165 0.0961272208331918
-0.0903559293316182 0.115592369444183 0.458120986510441 -0.368852540426256
0.0470231285969357 0.0985182781385 -0.0253834097729196 -0.788741599043109
0.110562210241432 0.0297468814300691 -0.697194661271735 -0.393497183835399
0.0719324930424039 -0.00107791209470793 -0.525771544994098 0.276994492859798
-0.0193819873763016 0.0134241708883581 -0.0158260124230654 0.371527807503179
-0.0562141101185158 0.0136801633452971 0.170275824341821 0.106814255453569
-0.0421675408046606 0.0227762034017597 0.053659530925097 -0.15227476253229
-0.0420770385491305 0.0118871308393424 -0.0242555429108387 0.150890392900288
-0.0493238409822231 0.0196927275176756 -0.112707728827884 -0.0836598735891903
0.0149137757806111 0.036140120611689 0.0695352092049458 -0.39554083051499
0.0972433464226241 0.0491432688645311 0.475955006753054 -0.246964180353527
0.0591719229262428 0.0676349269656836 0.621005865451431 0.451650077580488
-0.037861422807781 0.0834004322963752 -0.00534176889230163 0.836730567480814
-0.113382104970141 0.0608036953388999 -0.441736874869099 0.443760942429021
-0.150577927116538 0.040963060878207 -0.0165034354114438 0.116102486529819
-0.107058904589068 0.102509002431253 0.4741060882724 -0.308224533008369
0.0341507270685781 0.0955315247313092 0.101582678981393 -0.788868835888811
0.111997215038985 0.0374524834573418 -0.625274229940449 -0.503466265134414
0.085660845774182 0.0114392990185678 -0.572981132463499 0.214379067000338
-0.0125696269291071 0.0242942273479654 -0.0726740661948624 0.395771708194652
-0.0581937857634862 0.0196290995306381 0.142037312544193 0.135526925804832
-0.0373950323138979 0.022795251211897 0.0581848837710614 -0.152595520134059
0.0100433693515109 0.00626728512680082 -0.0465708959220036 0.136694544678017
0.0322296940903673 -0.0431134964592513 -0.122736078008812 -0.125485572806542
0.0137235630623265 -0.061137470427764 0.124180676278217 -0.398999073821389
-0.0216317494708138 -0.0165598529590664 0.553470943613031 -0.163126076331542
-0.0722273845902119 0.0190752920502278 0.59948650194701 0.558186450673037
-0.0605891388735069 -0.0340788985746278 -0.104997004563045 0.825890511278008
0.0532518015520276 -0.0543418596784221 -0.450571168543317 0.346251874086567
0.0726653414454694 -0.0406526060090665 0.0672147067487248 0.054015250368691
0.0334501982936656 -0.0139688882454275 0.444674395245319 -0.464895877868337
-0.0132515861463991 -0.00649788291116048 -0.11038842905906 -0.84137626792127
-0.0275005360169904 -0.0165277453154125 -0.734230747339122 -0.330577906646945
-0.0331039021360249 -0.0677145964057989 -0.490374805980164 0.356962576817415
-0.0218646988263244 -0.0696561051684159 0.00894228656539028 0.402653206398375
0.0167845639537807 -0.0178453436117811 0.162691488056114 0.0837385057103059
0.0132544197382229 0.0249030027830337 0.0430591035476125 -0.179363071071871
-0.00122712702706209 0.00562489474927834 -0.0431053826980376 0.139485347478105
0.0231066731575055 -0.0443444078923841 -0.0911637987909456 -0.143725305922471
0.0137862317619769 -0.058106004304265 0.171143071692151 -0.409953104722812
-0.00873072956188765 -0.00944903287955462 0.567902088856194 -0.109452573605044
-0.0598622446139996 0.0322559352355878 0.520525123610963 0.639709625745169
-0.0578654681613831 -0.0145673534158408 -0.210353985386077 0.823552100881948
0.0332654882014581 -0.0319865206301371 -0.461823160861446 0.308841857013333
0.0427963348491321 -0.0220820985519461 0.103047754802002 0.0414398117334704
0.0145449335452588 0.0118004140933229 0.417405805031521 -0.502705773514119
-0.00624193965995953 0.0140801754117659 -0.206733400313257 -0.815192442720512
-0.0124206318862763 -0.0151237655168428 -0.771561004911175 -0.237588778343063
-0.0265238289318379 -0.0710768794750306 -0.446701332564772 0.389447686273064
-0.0218840790078125 -0.0647482491419888 0.0533680041956031 0.370414918755954
0.0098698771212849 -0.013294910443925 0.185926653012197 0.0608133384881939
0.00308763439338381 0.0265276911927932 0.040389965362374 -0.174998745267347
-0.0139765715044093 0.00729119696785351 -0.0387971721642876 0.140961519524735
0.00870496723496027 -0.0383756059908627 -0.0699854326332394 -0.153760022624471
0.0154845351336708 -0.0484326386742046 0.199611928689773 -0.41516501200873
0.0135433842625507 0.00176655649705352 0.568040731799535 -0.0707052984202432
-0.0415860740190953 0.0488592055309276 0.460496917549687 0.692019946045446
-0.0608248186941364 0.0103715782366233 -0.283065307225741 0.816146019859987
-0.00252814625669046 -0.00897486073852557 -0.462556863861237 0.288921555311184
0.00292251063236151 -0.00134194510256942 0.128261917588865 0.0352663803977689
-0.00197858004328841 0.0422193563459546 0.393162220239575 -0.522396323871826
0.0103242360746673 0.035100720067891 -0.272125146996738 -0.789955221933793
0.0114349935940473 -0.0138803609470215 -0.79356986919075 -0.177228301148577
-0.0132807405868213 -0.0679836099693981 -0.416265544912213 0.403798820677955
-0.0237575043439893 -0.0527336116327443 0.0845735837821844 0.343631194627295
-0.00413328920685301 -0.00689627640253598 0.204427421757546 0.0469691295566252
-0.00892114136188139 0.0281579570657664 0.0388232772327133 -0.168984453046687
-0.0261474559702637 0.0097970308127956 -0.0333306631539392 0.144221530690028
-0.00466965864317031 -0.0271277763737218 -0.0572683735439025 -0.155638499847729
0.0192045172710373 -0.0338132507095123 0.20455609326578 -0.420533043817087
0.0409302361389439 0.0130875084104713 0.560212728698359 -0.063338894143766
-0.0184136022578552 0.0654543237831444 0.436742933289922 0.706972296978282
-0.0677079711381753 0.0394958898757564 -0.305890503121825 0.816682822795657
-0.0473304183527364 0.0139540032797361 -0.461640901919841 0.290011231080182
-0.0434709152349977 0.0202117048885896 0.132992433820744 0.0382877168527496
-0.0188260071333332 0.074889955780842 0.387791217900925 -0.521095166384455
0.0324762892014725 0.0550139242348262 -0.291198265029749 -0.777593989169688
0.0412123442619543 -0.0114999093408409 -0.803050635703662 -0.158261021323598
0.00399031002443896 -0.0593121231808689 -0.410415573997972 0.40412690653499
-0.0266318106832849 -0.0364822516767812 0.0961598162208136 0.331534830634929
-0.0207622185616933 0.000261382682154553 0.214093620359216 0.0443787241418557
-0.0218728925122841 0.02847665400182 0.0394524417167136 -0.164659174408147
-0.0352387320001028 0.0116197873324133 -0.0275172071094572 0.146948140547639
-0.0194332149908528 -0.0127971790331655 -0.0578870815738575 -0.147554977227439
0.0217842208816448 -0.0163893670771477 0.188075831871418 -0.423478567906747
0.0692533536422784 0.0218483590622265 0.548324492607918 -0.0879013463624109
0.00884770942991616 0.0776450070204321 0.454922064090414 0.682191109271183
-0.0698268492539878 0.0682639386709629 -0.280002161913267 0.826348370089422
-0.0900169391945149 0.0356435076919848 -0.4583231675766 0.314337122542502
-0.0874076093664925 0.039005830989906 0.118470776106995 0.0498882817017466
-0.0365984443650151 0.102277442831879 0.396075157759126 -0.499368468203356
0.0526608143075515 0.0732135488055444 -0.262733448353616 -0.783068032874046
0.0733559312912554 -0.00618346153090951 -0.801364797381879 -0.187504677719713
0.0241206816114192 -0.0472486047313821 -0.431256258296913 0.391962725657194
-0.0289354671103265 -0.0191647973579538 0.0862665873549025 0.336165794024876
-0.0385459895036474 0.00724200088792823 0.215388617197627 0.0536564255891316
-0.0318175495885825 0.0288489326661453 0.0429006089237637 -0.160624999855687
-0.0410945614989991 0.0140136552377249 -0.0238934247952757 0.149347315486047
-0.0329478238623403 0.00173789375082605 -0.0700772341431344 -0.131423196001842
0.0221940348764871 0.0013373070379813 0.150801789980654 -0.426053459097773
0.0901170054392585 0.0266206873660189 0.525790050574896 -0.138312809631386
0.0366976976078675 0.0806734511767691 0.508765083219554 0.622562958585775
-0.0618660696068799 0.0900305041483861 -0.203029661847653 0.839219915058924
-0.118064687362891 0.0572505582626553 -0.452758469541663 0.354699966074472
-0.122821627472789 0.0507510889746559 0.0854929541306475 0.0696003215976773
-0.0576467039496322 0.119390006916815 0.419076680474646 -0.459496757573959
0.0638425359442921 0.0881103339391274 -0.189402555142541 -0.797524786323282
0.100641071516196 0.0024168445204795 -0.784932456780128 -0.25759364752871
0.0490735734334526 -0.0329201610994793 -0.47630615767134 0.364502139415549
-0.0285948571811287 -0.00218351929049678 0.0554475180583743 0.355258218464123
-0.0523215886172259 0.0143500951754718 0.205830948170407 0.0736613063011452
-0.0383812293860264 0.0281710811393523 0.0478053742336227 -0.158750951095365
-0.0425783781783622 0.0165786377979245 -0.0202888904063907 0.150719862275351
-0.0434930081893467 0.0157011615217919 -0.091131627865992 -0.108225135872614
0.0190159103003855 0.0178706786545745 0.101146172631177 -0.418082715801726
0.102988925774429 0.0292218779831756 0.495709092946343 -0.205370133809791
0.0618400317396987 0.0741217189228913 0.580827889409944 0.529449444229193
-0.0426138187622929 0.098983140118314 -0.0915521714939123 0.846002004210264
-0.122595897715141 0.0722186807601942 -0.438495682311869 0.407825815417761
-0.14350972156665 0.0544544169849736 0.0396165174772316 0.0925529361739353
-0.0800203118942945 0.122854767316538 0.446427667010226 -0.405210880119975
0.0615216542976504 0.0967659677616796 -0.0728487547219792 -0.814530927468894
0.118450411653292 0.0133747064781629 -0.744632192147137 -0.361847679305016
0.0712455921675303 -0.0183041745300072 -0.531977022987044 0.319665446092844
-0.024126620803862 0.0116472198578064 0.0058245773230029 0.383519767358309
-0.0599402814455658 0.020514258307672 0.185778166965396 0.102045887781325
-0.0388549555786994 0.0271312703427091 0.0524544265582575 -0.15792099800518
-0.0390811664669082 0.0163961685958675 -0.0187935030272617 0.149107773779523
-0.0496950553323056 0.0241418118561526 -0.1177546431968 -0.08148428105086
0.0132473954719721 0.0297671398862803 0.0437001397162768 -0.399022244722096
0.105728852975327 0.0302800420395596 0.456137598993936 -0.266420194973662
0.0777313856960331 0.0614646579860003 0.647958184345828 0.419240357288462
-0.0203331658851865 0.0943574668469354 0.0354576451121202 0.835489960043322
-0.109944191833153 0.0770026647828902 -0.412368700307353 0.463254416255206
-0.147182767016043 0.0495770756798223 -0.0114279481056287 0.116177446919316
-0.0967119244738993 0.111167595295606 0.467359656799118 -0.343966839853354
0.0474379552706583 0.0969296003328468 0.0596192731417986 -0.822231437901062
0.123106523601369 0.0225201373541074 -0.675697413907503 -0.481246236064872
0.0883013709285576 -0.00668115193070978 -0.583405458500063 0.256723094620796
-0.0168787135263054 0.0210845392306169 -0.0519525931625112 0.411650221855918
-0.0610264914202995 0.0250288837466334 0.157754295511771 0.133508280279342
-0.0351731483595901 0.0266827796442189 0.0565638067480172 -0.158226163806464
0.00994884745008335 0.00584754684602204 -0.0460160031657728 0.1383052415529
0.0317837483666363 -0.0433998786810781 -0.124812216422519 -0.126244753213
0.0142972037281935 -0.0618326179721725 0.121516738418719 -0.405400011807072
-0.0223847059971789 -0.0166497906930212 0.559784894760364 -0.16935910459917
-0.0722006097280739 0.0204688447452831 0.608881515775539 0.556311024206847
-0.061663261541701 -0.0335278551880956 -0.10115020188545 0.833287033257439
0.0541281235272487 -0.0563362484237744 -0.454495904910152 0.352880676376542
0.0742118388220051 -0.0422042276923659 0.0683040947066173 0.0540330123258829
0.0340787453217919 -0.0151283571660554 0.444840731205053 -0.473493183852109
-0.0133097844344592 -0.00768839486525771 -0.116081116883794 -0.847698917729753
-0.0281037783364135 -0.0161523595765 -0.742040065951099 -0.327731516533008
-0.0342530822741077 -0.0669989730179445 -0.492118887537923 0.365061762419665
-0.0220861216364813 -0.0694281174594557 0.0128999292821945 0.406669224212855
0.0164447011057425 -0.0169190101606826 0.165522955562945 0.082500878609923
0.0136056275643768 0.0251161049987046 0.0425374512763684 -0.181715055639548
-0.00175027914714337 0.0055973555141826 -0.0427406896035372 0.140042119271414
0.0223404914273914 -0.0438644690226105 -0.093397028952523 -0.144638790111908
0.0131779240259845 -0.0581889905753878 0.169249246022995 -0.417428252942968
-0.00903836799655164 -0.00929765816712901 0.572364107948378 -0.114114665991078
-0.0605454232388607 0.0334500050210564 0.533211592088119 0.63801080995628
-0.0583394655293437 -0.014385478225658 -0.206924477875731 0.832140838328125
0.0340558713419424 -0.0329544315009642 -0.463807919678591 0.315583176805435
0.0431716458921101 -0.0232211361975522 0.105137616023614 0.0406966160223076
0.0154486060583479 0.011569789659277 0.418551807457521 -0.50994537538885
-0.00615327227859631 0.01360219048368 -0.21447101927768 -0.819367546201738
-0.0129329901710759 -0.0149855315958084 -0.781202650233931 -0.23422942888491
-0.0263995450240982 -0.071183003299412 -0.448920763366942 0.397180004821018
-0.0218198491024137 -0.0641281848819084 0.0562418549001366 0.373399158691842
0.00937532157458806 -0.0129844347371646 0.188216467545503 0.0602503391237653
0.00422241684730991 0.0274024544615624 0.0393767329272372 -0.177416593174772
-0.0145766181909618 0.00748132916915762 -0.0380821536889334 0.142721789992635
0.0091460760006872 -0.0387093088531626 -0.0714130607235051 -0.155292741250965
0.0150648118800031 -0.0482090380014014 0.19817740782475 -0.422556388160689
0.0133009869244836 0.00206090083767195 0.573216765798109 -0.0767093124606815
-0.0415204004882846 0.049747617868238 0.471499778535413 0.691871977548938
-0.0614459880044178 0.011366547175444 -0.279719936254958 0.824236990779284
-0.00168808839640398 -0.00942805945709581 -0.465980560895419 0.294733857072936
0.00299741613972199 -0.00160755242628805 0.130104239836913 0.0349382334082564
-0.00120586095157852 0.0428151575263191 0.394992482048937 -0.529011036774178
0.0113435862716369 0.0345803516360178 -0.279461078431001 -0.795876598131647
0.0113735581789447 -0.0141711650965269 -0.801439799297971 -0.173555034097023
-0.0140973894379433 -0.0690857046459668 -0.418375709323607 0.411483587646902
-0.0237507162854788 -0.0530387132419037 0.0876393019730672 0.346809473285696
-0.00446721239130093 -0.00581263693341929 0.207339596874592 0.0456866086548062
-0.00870251735664819 0.0284769536152827 0.0386048661287686 -0.170919585589078
-0.0257587428421846 0.00954691792796095 -0.0325011753015902 0.145399269921323
-0.00546664705626674 -0.0273051317368126 -0.05879627362022 -0.15732318450028
0.0191284658831225 -0.0329164296914203 0.204537434495748 -0.427568371383195
0.0413155239776904 0.0127106962165053 0.566250150062576 -0.0680947926989493
-0.0184656244361911 0.0664299740021479 0.446475727030061 0.708676034958454
-0.0677877845846158 0.0404808277264454 -0.304886859364246 0.827309406767373
-0.0486247257656283 0.0141279252279624 -0.464311392899102 0.296041580839669
-0.0433800105355596 0.0208156661876531 0.134436390339484 0.0373576951131043
-0.0182777183964241 0.0754476762240724 0.38630214382262 -0.528468466644054
0.0331666084198528 0.0552321338104596 -0.298998625816708 -0.782973839771439
0.0415325413852177 -0.0117785429040395 -0.811040179511301 -0.154305739383718
0.00295268130372072 -0.0605874897028504 -0.411962573400297 0.41096365417028
-0.0267456214518009 -0.0370523492506689 0.0997503247978567 0.334547688744815
-0.0206257920755496 0.000744753707478906 0.217271212705577 0.0434412227154986
-0.0209807105359834 0.0299247570625917 0.0395940987536037 -0.166512063465206
-0.0348211916544683 0.0121253420694616 -0.0267312684249677 0.149034570722489
-0.0199120400712642 -0.0118398494834225 -0.0582372502958261 -0.148730299795608
0.0223131603871071 -0.0156187754500921 0.186583678652709 -0.431111110821773
0.0688347665551851 0.0211731275719278 0.550845459866253 -0.0928906983017839
0.00820733681702521 0.0786783837106173 0.465374605532456 0.686600946287511
-0.0703222324247405 0.0697932215726398 -0.275223439102183 0.835974025255883
-0.0905056616416727 0.0362375474634196 -0.461831476148983 0.320192211253884
-0.0882306521182685 0.038970107503079 0.119656537420352 0.0501615523168568
-0.0357823831846648 0.10383840199944 0.398174448727435 -0.508212182236896
0.0536726514294788 0.0727739472024164 -0.269742548070772 -0.786602843932174
0.0737205084093961 -0.00615335272192147 -0.809482662151376 -0.182558641610224
0.0246009075677905 -0.0476664526956146 -0.433268502670083 0.400933463918325
-0.0283629680691198 -0.0194049894976413 0.0906432087053084 0.339892233753933
-0.0381962999808489 0.00824038664432235 0.21700931942558 0.0527355800001993
-0.0310256477914009 0.0291269216156929 0.0420860523042745 -0.162483519171569
-0.0409031452808 0.0142683083356509 -0.0232797369370487 0.150443268011942
-0.0336171209796461 0.00202278210301889 -0.0714907204217305 -0.132347566375233
0.0221706467573389 0.00219156518075462 0.150080978132645 -0.430897964906814
0.0919241044990156 0.0254681263518898 0.529078637971013 -0.144496826047805
0.03719106453569 0.081649283898189 0.521463385488848 0.623852630875184
-0.0619331302253962 0.0907072225409927 -0.200463164219834 0.848957503366975
-0.117885341785475 0.0576549289031958 -0.45364897817846 0.36181128802701
-0.123593348470073 0.0518441265425254 0.0867545003192781 0.0689403580613709
-0.0575801148673882 0.120947991755521 0.420735371500938 -0.464561334025894
0.0644585270565904 0.0885379361678432 -0.196065451519455 -0.804393333068423
0.101379552317919 0.00206683822158705 -0.794066089037901 -0.253518295992832
0.0488690364511102 -0.0333725447176719 -0.477179338907452 0.37310716327346
-0.0286113826997215 -0.00231940639511715 0.0589055688486143 0.360026283355214
-0.051798608774931 0.0148938834325648 0.208791745919158 0.0735881244164547
-0.0376696472897465 0.0285100732477286 0.0465889954441693 -0.160747248985364
-0.0424500937360751 0.0161521610924724 -0.0194975591439913 0.151090188425837
-0.0443775838818773 0.0154546608346936 -0.0931536063867893 -0.108873430302578
0.0186843979368377 0.0180901446156639 0.0978169766052023 -0.42329160170928
0.104746621258432 0.0278033519119503 0.498540325403661 -0.210139708931427
0.0630926168853195 0.0743852350605267 0.590645178092648 0.529867985040716
-0.0413146360669304 0.10063015346607 -0.0873042189660359 0.854166715674578
-0.123537436290577 0.0725948773715533 -0.44034924561373 0.414566249196737
-0.144074592105946 0.056210575467324 0.0405503618015291 0.092527940970141
-0.0789801612610115 0.12466890193842 0.446916476267819 -0.413226870943481
0.062484651973529 0.0978412827706822 -0.0794543474284414 -0.821943203844751
0.119713462509894 0.0127514795222447 -0.753761918105846 -0.359318848037971
0.0713335013316489 -0.019162906136326 -0.533671072242921 0.328604830416494
-0.0237679954764208 0.0116769522306452 0.00985647817839902 0.387971444801437
-0.0606842716297858 0.0207042994770053 0.188263602883325 0.101815700171721
-0.0385946045185564 0.0280791868852295 0.0518632864237429 -0.159677458456048
-0.0382527219011626 0.0170323739720577 -0.017901755353614 0.150445165536068
-0.0486592373535529 0.0247311900053528 -0.119443636722206 -0.081658752113577
0.013453841607718 0.0310889542893756 0.0418423826158466 -0.404391990206586
0.107506748921462 0.0293372983294667 0.458866668492758 -0.273043494379363
0.0789096665808456 0.0610348313155544 0.657233443803561 0.416459335277944
-0.0191650242379472 0.0954802251869158 0.0396322539030162 0.843059610844336
-0.110612917537462 0.0780834806328339 -0.413144687957768 0.470874282531529
-0.14756060807068 0.0511118013145317 -0.0101566460035371 0.117194643554061
-0.0964853908473381 0.1126508654088 0.469941355060067 -0.35134297748166
0.0486132876795707 0.0969890713798784 0.0537186448102417 -0.830017319563513
0.124305895331503 0.022669459863489 -0.686369087833084 -0.479660914631207
0.0883195015375866 -0.00771283471506903 -0.587209983212259 0.264008449848024
-0.0169531333760921 0.0207713942151776 -0.0488779743402692 0.416582629212099
-0.0621462643270631 0.0263754421348624 0.160222484324603 0.13398191580862
-0.0350505602383625 0.0272339926354016 0.0559839768458788 -0.160173680686686
0.00981180544037958 0.00513468655041546 -0.0440893501429787 0.140419916125605
0.0305313427367437 -0.0433183310034298 -0.125777688747908 -0.125833415398594
0.013538546639317 -0.0616984068315078 0.11854753536519 -0.410088023222321
-0.0219789852691915 -0.0173732621236125 0.562510708692172 -0.176898018786618
-0.0732266526787685 0.0215926923691132 0.623487522412031 0.555436784276775
-0.062480632684937 -0.0328136176838554 -0.0936070078629427 0.841757427120643
0.0543081767370911 -0.0574738628376975 -0.455690533176352 0.359485751359715
0.0740132698314084 -0.0429901932299912 0.0691132851718266 0.0540360538717285
0.034603060335652 -0.0156979214461554 0.44514847367556 -0.481265242790434
-0.0136583386421728 -0.00755137826748402 -0.124692783010865 -0.853309352598573
-0.0278873738384825 -0.0164662680081176 -0.753809266281812 -0.324847008003128
-0.034445668395414 -0.0683529991234777 -0.494948260930809 0.373644275049923
-0.0227139122436361 -0.0692448689091283 0.0174900106405224 0.411536451751129
0.0163072407174684 -0.0172708910523618 0.167434592407955 0.0839415958035724
0.014742044912909 0.0265091503373355 0.0412957353936371 -0.183828409342794
-0.00188636280615032 0.00599861127664437 -0.0418035962339424 0.142086108203676
0.0209357158115788 -0.0442656049057778 -0.0955309964544198 -0.144311728474014
0.0125757607988156 -0.05860520384691 0.166390907409728 -0.421653870527738
-0.00950428904548403 -0.00971350339991857 0.577333973948655 -0.120678247886044
-0.0612956614728014 0.0346127138049057 0.54530563244306 0.6381011979962
-0.0590804816343551 -0.0141845484787967 -0.200721600210798 0.840520657498563
0.0335304619680467 -0.034637162077909 -0.466489036964861 0.324222190695939
0.0437297870753096 -0.0236217740232732 0.106171005750759 0.0407779439737021
0.0155747538525193 0.0116087462148469 0.415884382466189 -0.518223300590668
-0.00612732871001465 0.014037893226964 -0.224108203689986 -0.825262285360941
-0.0120477262991602 -0.0150806661396979 -0.789495334643761 -0.228464030726025
-0.0269958991640379 -0.0717255585018485 -0.450095540237803 0.405586197883541
-0.0220681625660315 -0.0650585022417303 0.0608327332692311 0.377481019760388
0.00892149701150503 -0.0123530409250904 0.191422031849128 0.0592952707527431
0.00464575631105572 0.0281462813535247 0.0392659580671276 -0.179745306360509
-0.014517679689689 0.00795043906804607 -0.0373682822568491 0.143952660428257
0.00857474705431244 -0.0392457796295732 -0.0730938662864768 -0.155276977296224
0.0150809413479461 -0.0481280129748169 0.196308870961845 -0.429044399865776
0.0136672841433165 0.00105471825642776 0.578592795175099 -0.0837980810394629
-0.0424822285089438 0.0515124299136954 0.483668914803603 0.695450717843991
-0.0609983387732216 0.0116277808783703 -0.27435921417466 0.833820573060329
-0.00216540940329727 -0.00993586936677184 -0.468015398475721 0.301528475533397
0.00262300562780338 -0.00208652598739531 0.131498672592298 0.0342252564499769
-0.00105713759205919 0.0423692785212429 0.393383843258147 -0.538026481531249
0.0105992627932148 0.0346045354814611 -0.289592363315368 -0.799127606711997
0.0118144285693438 -0.0140165306644032 -0.811084945872971 -0.166106541114968
-0.0154592249354976 -0.0683317008754144 -0.417646951868974 0.420551263851438
-0.0243975211435356 -0.0528082480040769 0.0923993783092206 0.349623662010302
-0.00544556964587422 -0.00652774496737831 0.209021521078845 0.0449046236554277
-0.00737795916207388 0.0291452994266731 0.0376109961422512 -0.173825145331777
-0.0259475330290745 0.00961383284262574 -0.0314790492744558 0.147491082995431
-0.00590198956833002 -0.0277082900986455 -0.0595658954614462 -0.157993097253952
0.0185607616835757 -0.0337334299517807 0.201206996733543 -0.433703490679748
0.0423320058433393 0.0119537947348649 0.571087329642517 -0.074305930372836
-0.0179915227564127 0.0681983347289366 0.458304981788867 0.709969764983729
-0.0684053130452012 0.0416933258714818 -0.298408198718451 0.835242464949712
-0.0482588508316983 0.0144320639544518 -0.466174454016652 0.303375790757515
-0.0433809129847002 0.0206316799327838 0.13602498745851 0.0370246553329093
-0.0178745807527259 0.0763337907209431 0.386371535302067 -0.53721424410689
0.0339016423083914 0.0551708191598109 -0.308659395589869 -0.785669486035116
0.0421959177657637 -0.0125610112089314 -0.81990213902469 -0.147246939252654
0.00207146656914651 -0.060496338453386 -0.412006554624917 0.422095272886509
-0.0277506850330381 -0.0373094257651373 0.104590703593913 0.33757812668824
-0.0217599338688376 0.00190884159150121 0.219112871562021 0.0422604866418664
-0.0202813586974981 0.0306032280116562 0.0389472053851024 -0.16853558874805
-0.0353221271812337 0.012744029521895 -0.0264272858201929 0.149818637506086
-0.0205747693600821 -0.0126886657300277 -0.0604044634818049 -0.150487478086828
0.0216557667891462 -0.0165648851413695 0.182417962709922 -0.437519086753222
0.0697698049899239 0.0201066530616688 0.555726374847979 -0.0981854196089949
0.0086116367552382 0.0797567448650681 0.477363207332592 0.685728631626756
-0.0704054713754765 0.0707396843713073 -0.270686003653652 0.844837678350818
-0.0920112107000947 0.0375459154662627 -0.463798819638235 0.327250292295849
-0.0885641189993184 0.0403761338335042 0.122248702427102 0.0488649352680594
-0.034666646738847 0.104517142639552 0.394793503486913 -0.514690952940286
0.0548933534166186 0.0733797385718554 -0.280503687114875 -0.791389037248006
0.0742298345108223 -0.00694519615851204 -0.819117214352134 -0.173904337699757
0.0248013478278901 -0.0484351689061522 -0.432490222600035 0.407953305992223
-0.029264938249827 -0.0193416855144349 0.0952977200527914 0.342830244905679
-0.0389049590186143 0.00939739187936937 0.219865921471976 0.0522618202790021
-0.030708218291117 0.0305181757631132 0.0416572240152668 -0.164440415004342
-0.0417163503261979 0.0150853069125471 -0.0218960621081266 0.15150744453086
-0.0339500239810174 0.00180969683772153 -0.073647494546814 -0.132839331846383
0.0223819873689474 0.00175087449559706 0.147266898664253 -0.43884710531324
0.0919984685116002 0.0253556386784527 0.534589474551143 -0.152044731097847
0.0380901176611751 0.0824273755309973 0.532381122080991 0.623118670842894
-0.060884118413915 0.0926451132809518 -0.195223141770265 0.858917941699467
-0.118877572610796 0.0589433074053992 -0.4555828065059 0.367577622407864
-0.124037793355971 0.0532850529380971 0.0889266438962943 0.0690605617172754
-0.0560132652943324 0.122484723406663 0.419661096899262 -0.473349917510121
0.0656844549499015 0.0887948964510988 -0.204108624906043 -0.809181595942185
0.102556564890961 0.00203940260481151 -0.801819089970253 -0.248166534906069
0.0483520886188166 -0.0344174599237032 -0.478708073767043 0.381524157646238
-0.028085022171709 -0.00284897048006643 0.0631092058781995 0.363329043212327
-0.0524073803117436 0.016189428895361 0.210809979854449 0.0722128791017635
-0.0367047613172024 0.028951883905522 0.0459496675007059 -0.162160536744844
-0.0430864747165965 0.0170250131218798 -0.0183939152804766 0.153146157796576
-0.044874290953383 0.0158159887154507 -0.0949544320411282 -0.109320657599861
0.019308273659786 0.0181021901020325 0.0948812678770041 -0.429697068545811
0.105575170181413 0.0268915503190053 0.502630705884199 -0.218960019632246
0.0639328158936836 0.0751512021123919 0.602981561196112 0.528456785331026
-0.0416715966449359 0.101803367447308 -0.080222976598114 0.861775549068113
-0.123922327894752 0.0742903278683794 -0.439326953516114 0.42344946186099
-0.14546698004267 0.057432331858 0.0421263355431351 0.0921883480130571
-0.0791345724932529 0.125604896179341 0.447273483002369 -0.42074419148199
0.06327241488628 0.0975165191932532 -0.0863358362904299 -0.828657425994586
0.120998859105628 0.0117034960171011 -0.763633124998015 -0.355202379272668
0.0713605656987704 -0.0204357300398394 -0.535004922497339 0.33743311896855
-0.0237337053658326 0.0114930480843047 0.013356304648808 0.392462666157325
-0.0610873432762147 0.0223549097592196 0.191390912552941 0.101310934711905
-0.0371652725460624 0.0283057451342256 0.052031150299249 -0.161955049739405
-0.0390628693869606 0.0172343861712913 -0.0176111095985696 0.151409483848139
-0.0507779774870913 0.024304801787838 -0.121301394460335 -0.0808971076587433
0.0138059601487773 0.0309128436791155 0.0379175839771259 -0.410632074953467
0.107168913801044 0.0278946034679769 0.461450477279311 -0.280278301500191
0.0800705849516793 0.0616093918604136 0.669042813379199 0.413957297986969
-0.0188485131499859 0.0968883770755814 0.0482972369617662 0.849683973463618
-0.110682099226144 0.0791701231731545 -0.412620729352777 0.479517132350633
-0.148301938694766 0.0527971479801543 -0.00889257195487358 0.117031028951574
-0.0964516736542975 0.114485640111017 0.471164140646291 -0.358102098453649
0.049617084705348 0.0977929555282812 0.0474344504942595 -0.836143669945027
0.124987545246849 0.0212195913560191 -0.696198748001267 -0.477448222578169
0.0890222996299574 -0.00967363921649382 -0.592252780432809 0.273797733164154
-0.0166575035407753 0.0210918734171477 -0.0455015390069857 0.421033586381878
-0.0612318188909127 0.0265607139757008 0.16356056656796 0.133473227311494
-0.034185127950506 0.0277904014789801 0.0548086939721263 -0.16214789936307
0.00990881154381508 0.00521168614391365 -0.0444610143811741 0.143474439045372
0.0304719071410066 -0.0440538202622451 -0.129135076410783 -0.125276475035022
0.0119843315504616 -0.0622916668987643 0.114984053085822 -0.416102552145681
-0.0223385217832658 -0.0165952156326161 0.564299335975433 -0.184276864804024
-0.0746947358003708 0.0224031516075955 0.636216660641602 0.552398836442893
-0.0626476112234204 -0.0335642764943531 -0.0849352537431023 0.848822102980237
0.0535747716117304 -0.0588207068203112 -0.456492160462179 0.368091533771925
0.0744867475741809 -0.0443185292356942 0.0711866620678709 0.0540209842495826
0.0350223360048732 -0.0159509883461666 0.444905833072918 -0.489405016720493
-0.0142073385174591 -0.00754848957596233 -0.133485016860901 -0.85742039134396
-0.0285470597785478 -0.0157626582826652 -0.763062077238649 -0.317327972812266
-0.0350136749959327 -0.0684421770714567 -0.49417801178764 0.384093543031277
-0.0230458611326137 -0.0698883070423364 0.0215780690343963 0.415610806884377
0.0157607220019554 -0.0169843312989861 0.169856681429354 0.0813904982695831
0.0156509499867786 0.0264873864087448 0.0400674030002519 -0.186280708766944
-0.00157128948702523 0.00579000204718375 -0.0405665354279762 0.143122885485919
0.0208740413910466 -0.0450624850854331 -0.0972500292921553 -0.145161319865092
0.0125310581610978 -0.0586247966973246 0.163888624933579 -0.430486438413802
-0.00864537534704919 -0.00922647901412974 0.581274000957741 -0.129784527498461
-0.061873870005502 0.0358500024188984 0.557239336287491 0.637696509827692
-0.0591173918741879 -0.0135832893766081 -0.193835627320118 0.84845428268189
0.0338481619359584 -0.0348423787920512 -0.467225838601418 0.330290792723232
0.0441406305488372 -0.0248120741926097 0.107447375415114 0.0392312953890804
0.0166799669307071 0.0107145416979918 0.414500605049356 -0.526547936072248
-0.00589172719164939 0.0141410126764838 -0.232944204603654 -0.826670300701237
-0.0134459451742819 -0.0150878424876698 -0.798684180160482 -0.220243325806302
-0.0282513542071576 -0.071865311131767 -0.44872540805963 0.416676123133061
-0.0232471100308029 -0.0646093596839909 0.0663969844236863 0.380752879858178
0.00865315616291463 -0.0118107890434228 0.193705394226706 0.0573996975667756
0.00589106654935593 0.028311906899552 0.0370650587153527 -0.181035242423533
-0.0142096569714177 0.00797683713005492 -0.0353229370854033 0.145861623772409
0.0066137620106683 -0.0393682814443454 -0.0750418512461287 -0.156444438572414
0.0150572495950532 -0.0489387329702378 0.192994891374614 -0.437215080161526
0.0142035504222516 0.000677811620156211 0.583791619970319 -0.0904055339097061
-0.0417162039839116 0.052502039570598 0.495307424793261 0.693207594070049
-0.0621939767185951 0.0125566235535405 -0.269324557116476 0.844525124775254
-0.00143509974048776 -0.0102575517661163 -0.469134518389237 0.309410475994541
0.00291356879847664 -0.00262386226697 0.132731783347777 0.0320428383772166
-0.000419386765435355 0.0428241904464793 0.389780888547255 -0.547423513825674
0.0119683154236267 0.035306562196877 -0.299331276423655 -0.801373270594268
0.0114429930788417 -0.0145274302461702 -0.818847608914997 -0.158371525275941
-0.0158760936768852 -0.06913462338461 -0.416514552018519 0.429901732222816
-0.0248838047932949 -0.0530675592188504 0.0982564842475059 0.353351258778695
-0.00518464757799422 -0.00533948390181496 0.211664589055422 0.0426682866741155
-0.00708955229829446 0.0298120017140715 0.0366162857573647 -0.175259715500231
-0.0258385967434876 0.00987552032360832 -0.0297475102390657 0.148192713035567
-0.00708671585570807 -0.0272650798490748 -0.0622953350888876 -0.158776477942059
0.018328965169126 -0.0342188678758466 0.20004737406189 -0.440630435233509
0.0423990085800324 0.0118244637692539 0.575081726439593 -0.0829519987946258
-0.0180352623708608 0.0691128219917516 0.472779251866078 0.709134464138644
-0.0676584095809979 0.0429582557244055 -0.292152662866157 0.846021864751284
-0.0487452657330674 0.0139864768105751 -0.46734935546312 0.311365610104229
-0.0438859876840587 0.0211764488061683 0.137886903440253 0.0353427726922765
-0.0166076889815027 0.0764615025665345 0.384425969748818 -0.545685836222386
0.0345336855872703 0.0542446981193222 -0.319578393001458 -0.78868889678497
0.042513684774073 -0.0125274074156972 -0.829268541658726 -0.139220259738341
0.00186185729042807 -0.0606527795368572 -0.410298799047 0.429953529369007
-0.0277764329749378 -0.0370893310475948 0.109534624137818 0.340339138868298
-0.0213054551587502 0.00313472342360857 0.22199252667863 0.0400094994462157
-0.0195745454224415 0.0310416392685482 0.03754715586337 -0.170587949535776
-0.0352074279326659 0.0128633178380772 -0.0251213525131794 0.150823080849147
-0.0215405561501678 -0.0118698851319118 -0.062946013993669 -0.150316196358699
0.0217042427375299 -0.0163088992806151 0.179725212247288 -0.443778253725737
0.0708334775083768 0.0191817157202649 0.559702557106892 -0.107803864224251
0.00980604567688809 0.0805592773594778 0.487424627599132 0.684353664103415
-0.0691140692820305 0.0722825168003529 -0.264421451122678 0.855014617565553
-0.0918376897253111 0.0388122983046502 -0.463258999123449 0.335115644614627
-0.0887721331392972 0.0415976541597067 0.1232136567386 0.0478440430376591
-0.0337950841983151 0.105364089360448 0.394414480861725 -0.522281676992379
0.0559993295864496 0.0731320497333641 -0.289042798175642 -0.795108556641308
0.0752638373631176 -0.00809826276013403 -0.828227361254624 -0.168160906399649
0.0240894842379022 -0.0498805812658579 -0.43166579114501 0.419146019206506
-0.0298017066231024 -0.0190119876017551 0.100053989119342 0.345689335107396
-0.0385271055834005 0.00964908839238045 0.22266021174774 0.0498401713837376
-0.0297474096135895 0.030776213712905 0.0402760912287831 -0.166488547210496
-0.040908507765032 0.0161396018046004 -0.0208691525144891 0.15242812201671
-0.0347548497127558 0.00350797160678983 -0.0753478360582491 -0.133752790384445
0.0216529789843899 0.00152309585306193 0.141313904494142 -0.444286242033441
0.092999071743277 0.0237850610335947 0.537334402956693 -0.15984771662831
0.0393893340433066 0.0828172279103518 0.543523419830052 0.620902497138383
-0.0602959263620121 0.0946921199259673 -0.18530527764019 0.867454823407416
-0.118594720641394 0.0604702991137328 -0.456035697128265 0.376606320358983
-0.12499028820086 0.0551049921679935 0.0894839511571041 0.0675905199451938
-0.0556879619035755 0.12375280870481 0.417922146552763 -0.482283702708045
0.0684429878946939 0.0887030407675118 -0.21293887569408 -0.81254569777233
0.103165275762618 0.000262939536114972 -0.811822866913287 -0.242610309963079
0.0484537187375539 -0.03500440222267 -0.478024925251848 0.391866817289693
-0.0288089948990785 -0.00270616083198302 0.067929938382468 0.36553264208925
-0.0531565852425008 0.017029601433785 0.213192118962081 0.0712040386674461
-0.03619807795409 0.0299545191526052 0.0448085285306969 -0.164981143258281
-0.042356975961882 0.0184988341895856 -0.0168350664081114 0.153373494152171
-0.0454450524191164 0.0164886894470771 -0.0970445679233942 -0.108681959538174
0.018974479671292 0.0183145393715996 0.0900863598284192 -0.435225705676014
0.106231264874832 0.0252126683616784 0.503972445832974 -0.22711964173684
0.0650450722438139 0.0763168367787453 0.615730891089442 0.523141895756558
-0.0406332842427326 0.103356053681753 -0.0710071550592252 0.869169842540141
-0.123955079865126 0.0758925159625602 -0.439862998173036 0.432033724975596
-0.146471744259064 0.0604280559132567 0.0442812420392276 0.0926591623236402
-0.078010229849037 0.126792228058309 0.446417510506864 -0.428918562910403
0.0651542197645622 0.098277391182577 -0.0970702032335839 -0.833201791656048
0.122369117225969 0.0112715380591526 -0.773422506754068 -0.349321318389938
0.0725664938949443 -0.0210892788440945 -0.536790590228273 0.346580468697767
-0.0238439569377459 0.0110918482270104 0.0181204319017327 0.396195846852978
-0.0608442565486095 0.0234129260959797 0.194672265801078 0.100117803941274
-0.0371953657482437 0.0291548462588175 0.0501623126829276 -0.164548894669134
-0.0391026127347868 0.016756637657925 -0.0160091319093245 0.1520732085714
-0.050879622119477 0.0253341746131502 -0.122964915277268 -0.0801135543943903
0.0135505396144206 0.0316979449703158 0.033426873332766 -0.414404085553408
0.108277788404036 0.0269094982289976 0.463102510937953 -0.290395802623768
0.0820277691058318 0.0627344828158521 0.679461870010054 0.407994494675481
-0.0168344468049002 0.0987102868354045 0.0598683023230786 0.857332174064079
-0.111206791389344 0.0806228561055165 -0.410855626772638 0.487241869140941
-0.148993238921278 0.0547781550374135 -0.00827740315719961 0.117333709919432
-0.0954928827680672 0.115924414329892 0.46985298460278 -0.365281176277603
0.0507223215536712 0.0979693026426108 0.040155671945175 -0.842744921963508
0.126716393745661 0.020125978778328 -0.706585068400307 -0.47369083032064
0.0894154037536915 -0.0112011033016056 -0.593569547970457 0.282993210236613
-0.0159906846818179 0.0202198213272356 -0.0418992663166885 0.425512860115271
-0.0616748893791601 0.0282366070123161 0.167191768965542 0.133417077847722
-0.0335426076464443 0.0290191020402206 0.0538516572002026 -0.163960958170051
0.010295748715947 0.00445957542568565 -0.0423866141477851 0.144474490528291
0.0286644558420149 -0.0440488389733172 -0.130471477667911 -0.125194089214447
0.0130461020756138 -0.0617685567058686 0.109906618794622 -0.421030227150168
-0.0232685226759202 -0.0169948081599382 0.568499378658595 -0.193337038028792
-0.0742563928874341 0.0243508829110458 0.64759086100817 0.546122016093341
-0.064283847877252 -0.0321705342614942 -0.0752731909647206 0.855595208936822
0.0536185974223929 -0.0607311277175917 -0.456876863805405 0.376001376935413
0.0745996079931074 -0.0472133949188739 0.0716314806241869 0.0533727845235555
0.0356352449398954 -0.0164267026878319 0.441029655072811 -0.498855672739772
-0.0141321454636218 -0.00809746445129054 -0.14498198353424 -0.863501781988451
-0.0284621180206739 -0.0156603780629547 -0.772725641871885 -0.309288624914321
-0.0362309569458074 -0.0683809250226004 -0.492400007307602 0.393491658113037
-0.0233978371932183 -0.0699015720823937 0.0286034923997614 0.418599787120972
0.0151063556900499 -0.0156953874138377 0.173094528041833 0.0805147881676627
0.0164523453851678 0.0268137499830043 0.0375021441714432 -0.187834514128432
-0.00228667234867985 0.00596342516993051 -0.0389163791018753 0.144750236228017
0.0189186783809662 -0.0455864225001496 -0.0991110134693725 -0.145087775281873
0.0112832524809658 -0.0586844498193296 0.157667739795643 -0.435576316526454
-0.00874594855036841 -0.0099270680081032 0.583422778639915 -0.139448741061817
-0.0613005806389591 0.0370770669477873 0.57137121338581 0.632405684931152
-0.059496519731646 -0.0129116752578762 -0.185456194406008 0.85778187768246
0.0339689192386382 -0.0361245914509153 -0.466545545060573 0.33845045158622
0.0444702420705491 -0.0254385772290179 0.109461297470033 0.038308276552673
0.0170866491967429 0.00990287018391386 0.409767360331696 -0.534794259529226
-0.0057201325429062 0.013976157801378 -0.245691577574204 -0.832209127435347
-0.0136104307836341 -0.0147149341316766 -0.806882522030586 -0.212025881559824
-0.0297961641030294 -0.0717198958458928 -0.446351695990268 0.426242490287685
-0.0238578399481196 -0.0647935454123324 0.0716719478365088 0.383553137591642
0.00857397400306296 -0.0113237088332849 0.195688607917121 0.0557365520497926
0.00653049577403953 0.0286449949089295 0.0354606270324618 -0.183323316737365
-0.0143100433915281 0.00830371561053418 -0.0346706973274217 0.146847878003207
0.00558767787190885 -0.0388223696601509 -0.0774116813065959 -0.156193564902707
0.0143252396939841 -0.0488165038904293 0.188870792739787 -0.442980444915289
0.0135499096953768 0.000747439234129919 0.586212226304011 -0.0987181490355647
-0.041698554318939 0.0538566387332789 0.510416660667074 0.691030577729887
-0.0623616790560737 0.0125782888027272 -0.261311961592445 0.853288841092897
-0.00177889253090287 -0.0109149457744022 -0.469585590456703 0.315972279099044
0.00303711685106345 -0.00221897334692533 0.133674473587934 0.0308664830412715
0.000844881771159357 0.0431758218730297 0.386647220273737 -0.555499409439161
0.0125094032633827 0.0352390783006329 -0.311386277734629 -0.804959870426853
0.0113629248944369 -0.0144956230765283 -0.827580213862792 -0.14923321950254
-0.0161035812116094 -0.0700506538950842 -0.414438126795218 0.440408471701188
-0.0255582048933624 -0.0535979960376551 0.104696911276203 0.354981558856083
-0.00544797580208383 -0.00433385806556448 0.213929921837776 0.0405974805493735
-0.00594381793472057 0.0310802209322549 0.0348122707009825 -0.177569380188094
-0.0258874986114316 0.0101432553774176 -0.0279972637301279 0.149619118898867
-0.00834317891419527 -0.0269589478848627 -0.0648088848253225 -0.158723762692616
0.0182032606897458 -0.0344327059345938 0.192734915627224 -0.448515164352301
0.0431118902256838 0.0113069747925368 0.578147239918704 -0.0918849333538926
-0.0174612064401107 0.0701002536661643 0.484276924911673 0.707246014874772
-0.0678861426792556 0.0435151922044684 -0.284972040791723 0.855319229466976
-0.0486233161094725 0.0149260186155472 -0.467345128866526 0.319546925170046
-0.0438354210606173 0.0220066281754123 0.139278742286512 0.0340342386300781
-0.0155614527785241 0.0770387701510761 0.379502621069883 -0.554239595090309
0.0356250724594216 0.05433837774271 -0.331753921567982 -0.79038479685802
0.042776292473893 -0.0131905666437084 -0.835979451443469 -0.128865916833534
0.000902005291379686 -0.0622681870340628 -0.408818665002549 0.440293157858789
-0.029065847425358 -0.03740475302699 0.114825695817155 0.342190970313768
-0.0217606578350786 0.00355800267396508 0.224800505659123 0.0374226633790477
-0.0181588074936439 0.0315193428956158 0.0356290771306281 -0.17258370483551
-0.0347730231815904 0.013171856514179 -0.0225291476322847 0.151953524240714
-0.0222669410361542 -0.0122642765459722 -0.0656015479659526 -0.15129921888936
0.0211074900957453 -0.016505252669858 0.176293208159658 -0.450492340214208
0.0722285943257728 0.0179625250902134 0.562929912308206 -0.117079954522838
0.0104748358513972 0.0811066800037837 0.502730806077041 0.681777355524039
-0.0690575587893834 0.0741624906546792 -0.255999071390709 0.86354874301469
-0.0922331043948512 0.0396262064615037 -0.463666811562591 0.343249321107042
-0.0890386524501655 0.042921707094724 0.12510733128346 0.0462762202115395
-0.0324236864052781 0.105762268549642 0.388262486332423 -0.53129632202194
0.0576736330100585 0.0724923053813142 -0.303172983792906 -0.796848824090335
0.0751589304571791 -0.00908248920742764 -0.836031835428209 -0.156815731994925
0.0232538243496797 -0.0501709331803508 -0.429130044516031 0.428299123124048
-0.029844855566341 -0.0188622893057329 0.106286051960667 0.347002561708798
-0.0383475935877807 0.0115576704158162 0.22502194064854 0.0475460448942611
-0.0295384509354187 0.0320006195325144 0.0392390824783119 -0.168170452779403
-0.0404710949984426 0.0163603237247969 -0.0182829221059758 0.15324284622765
-0.0349662628438186 0.00373216937710052 -0.076712724034717 -0.133385861673752
0.0218432670145194 0.00168599544364787 0.137180992453319 -0.450773345208231
0.0941027250553705 0.0219592296799183 0.5396462386866 -0.169440930195582
0.0398393867111235 0.0834029032513894 0.558412612302235 0.618168179856618
-0.0594412788464802 0.0959600433503117 -0.177706523055832 0.876072170141398
-0.118752647889438 0.0617008753152106 -0.45541840742476 0.386646197443454
-0.124599685049673 0.0573506356712302 0.0921048299495167 0.0670610147623669
-0.0539340537761409 0.125203550500264 0.414034616258993 -0.491981116525726
0.0688999897753434 0.0885073955075566 -0.226133474947427 -0.8151776293714
0.105505327908046 -0.00101700281445878 -0.820416560088446 -0.232690425785518
0.0477008905505741 -0.0363115882623312 -0.476997210636103 0.403036717212325
-0.0291661099738798 -0.0027252069028485 0.0745107331919909 0.367815372247652
-0.0518775698543058 0.0184279024109268 0.217095441958648 0.0691164195051021
-0.0344971693928244 0.0310956559735427 0.0437035274999811 -0.166592411896028
-0.0420551893193111 0.0174846299715019 -0.0157634085106826 0.154402196003657
-0.0451038162123002 0.0172314504905846 -0.0989141438721085 -0.108410713925409
0.0188093334121371 0.0183984247154939 0.085091948860199 -0.440735871361637
0.107318316281743 0.0237715897987786 0.505890065325732 -0.236573076030576
0.0662614758662903 0.0761361543192143 0.625730538912975 0.518238539418143
-0.0389154007072187 0.105208281065587 -0.0617173269408995 0.877076752523149
-0.124786506188071 0.077871213910674 -0.436886102967391 0.439869746798235
-0.145707511644851 0.0622758046250797 0.0448317568856453 0.0930110382619138
-0.0764816528975569 0.129243850104567 0.443925745133179 -0.437181613851391
0.0671595348538174 0.0979492501285194 -0.106958575224677 -0.839057512826058
0.123688256498311 0.0098337076605259 -0.78353057227197 -0.341910308264664
0.072212515929823 -0.0234456578962908 -0.537258611623443 0.358767014307114
-0.0237993029369638 0.0115029461473975 0.0234070443600633 0.398853281357027
-0.0603176496822157 0.0250666676580233 0.196582005240992 0.099816600524652
-0.0365346191950493 0.0302335076944768 0.0488006153677339 -0.165970173860545
-0.0378802006851912 0.0173121763154375 -0.0146340558900239 0.153155085845314
-0.0505331777659651 0.0261712299153593 -0.124818368628289 -0.0787993503668712
0.0143792026489848 0.031047650851593 0.0274745881505404 -0.419480440790978
0.109697187833348 0.0252294256766099 0.462328086405432 -0.299790961164167
0.0826314211897909 0.0627996350595605 0.691635505221333 0.400014096911733
-0.0163639999358604 0.0999626440322217 0.0682178231389841 0.862829471102521
-0.110838339614131 0.0827771497418418 -0.408079988366671 0.497060912045465
-0.149977990666578 0.0573142572101749 -0.00693529948264614 0.118028770152079
-0.094368607317807 0.11796838319127 0.467866274611368 -0.375356331558389
0.0522945533746825 0.0976224811562796 0.0307836909925154 -0.850514851468994
0.12791612410716 0.0193194722880556 -0.719278022412494 -0.468364692189679
0.0894331820018098 -0.0116683118883233 -0.593230156632779 0.293283506233265
-0.0162261451891906 0.0200318542958161 -0.0352824093018118 0.428798998550037
-0.0617568674516955 0.0296267156574422 0.169561845533834 0.132066378321548
-0.0328338459610257 0.0297397475488859 0.0530516658965718 -0.166220279264988
0.0107253156620164 0.00493868331510974 -0.0412092473738745 0.145629838179513
0.0280104940525214 -0.0449271656303194 -0.133953582565678 -0.123795466381944
0.0119479785360935 -0.0623946381603223 0.10268898000417 -0.427058625082809
-0.0231026033762936 -0.0165357867418396 0.569263576005344 -0.203753354110884
-0.074864215868553 0.0260544099598479 0.662148011410309 0.538424485659473
-0.0648479896273872 -0.0317025067927301 -0.0657033727001792 0.861516420898262
0.053922671644001 -0.06244431322125 -0.4548814404745 0.384158463132149
0.0743477069336925 -0.0475294901961262 0.0736219703724972 0.0536161886535993
0.0358703623065334 -0.0174364329925243 0.436785806413688 -0.506530335069026
-0.013739584555435 -0.00775091354656442 -0.156220346509605 -0.864579483002165
-0.028994561781372 -0.0156938631126772 -0.781858328183149 -0.300184403468116
-0.0371864466714897 -0.0680855589643967 -0.489992762732114 0.405901438276362
-0.0245665924307766 -0.0699070564967358 0.0349308230581563 0.422645103643301
0.0158109266366082 -0.0149225872006208 0.175905567157791 0.0780139357219613
0.0172132724771965 0.0269223925267281 0.0351458048937493 -0.189564805612439
-0.00189567709613096 0.00521346564385619 -0.0371497856646297 0.1460545115245
0.0185722203717826 -0.0445991663924447 -0.101937541397411 -0.144256796635812
0.0110728500951208 -0.0593847528649403 0.152311313635485 -0.441883284299684
-0.00899212585879606 -0.0098179755861884 0.585335428688056 -0.147435948240972
-0.0610087627950841 0.0380870878472033 0.582933734422419 0.627621764173959
-0.0607798633839993 -0.0120108537115241 -0.174351047666811 0.863392033534842
0.0339864581736838 -0.0368711900826663 -0.465883434015996 0.347593072142697
0.0437894663864644 -0.0272584794099594 0.110680915883797 0.0371152431078175
0.0178620232525097 0.00964920344816449 0.405634252928236 -0.543510370247396
-0.00612087695552211 0.0135891871753404 -0.257910615396556 -0.832658717152985
-0.012989142564549 -0.0146365663313423 -0.813331536933227 -0.200372447686324
-0.0299539596063684 -0.0718013223849787 -0.443288899388271 0.437220929719063
-0.0236659578017288 -0.065229603704754 0.0781273149782281 0.385726748226314
0.00729274654694534 -0.0110195717054224 0.198513024121538 0.0538746328887815
0.00766902801704578 0.0294735021792154 0.0329434456414244 -0.184901048800167
-0.0141542108175665 0.00805460009074844 -0.0320386458786106 0.147999163748819
0.00417714078330102 -0.0395962840385799 -0.0802296055861709 -0.156467772210565
0.0135628621278519 -0.0489495043642112 0.182623058120141 -0.451152761479864
0.0138103845072618 -0.000166807780778225 0.589426880918193 -0.108578395951201
-0.0414349157392964 0.0554608386972457 0.523756605101974 0.685977386185014
-0.0620700465123722 0.0144520507077511 -0.25164624098555 0.86042098646305
-0.00165186966761405 -0.0115179812358743 -0.468839900851496 0.32629844633464
0.00331600861839794 -0.00321993810238014 0.135453171838983 0.029486660021013
0.00149080388357892 0.0429805365760465 0.381651618331313 -0.564079794902419
0.0128513848030982 0.0344704410813034 -0.323568880916144 -0.805161962233975
0.0119139808962311 -0.0151549809370922 -0.834004612125269 -0.13695511901034
-0.0173532645077657 -0.0695205673962593 -0.411081254452885 0.450351745115363
-0.0254943485661642 -0.05321971093814 0.110303786576348 0.356474268729146
-0.00543223758330488 -0.00311738562428238 0.217096151327558 0.0377696707673281
-0.00570475158824174 0.03195857882351 0.0326702823768797 -0.178659247461521
-0.0257346026654115 0.0109719652661793 -0.0260456131643776 0.150202854300682
-0.00881044771665201 -0.0275655011796134 -0.0670518839535776 -0.159643182724497
0.0181215259538535 -0.0342481200346611 0.187747573664633 -0.454669016954533
0.0425970605093026 0.00909052370838421 0.581087628859661 -0.0994671233460435
-0.0164938734489819 0.0718963892572661 0.499126689210319 0.703832256673956
-0.0675419606274926 0.0452902938075956 -0.276005865327549 0.862662454176153
-0.0482833786998851 0.0158784551748151 -0.466469066035976 0.327987477656825
-0.0432286166278239 0.0220573491245025 0.141108270745593 0.0315652589596278
-0.0145409423130731 0.077699518281666 0.375345372426455 -0.562517463964418
0.0371652222666888 0.0537926247714016 -0.342616182924792 -0.789377169427883
0.0422239557722463 -0.0140971237044976 -0.842310040342737 -0.117537352441031
-0.000318951638786977 -0.0624234082603956 -0.403912189732946 0.450490161740843
-0.029095228202943 -0.0373240660851435 0.121179948985975 0.343250028673837
-0.0219615779460234 0.00433710858740798 0.225963636721136 0.0343385530357307
-0.0176481410122325 0.0328496570940074 0.0344023114466699 -0.173570436241952
-0.0348659135075659 0.0126319201748609 -0.0211863201189294 0.15261664964608
-0.0230223213628647 -0.0119761795900038 -0.0679827467287516 -0.151694976797226
0.0218111352982302 -0.0166090751170642 0.170043570890103 -0.457785568161844
0.0718443584200933 0.016999620211526 0.565773292030953 -0.124632846306882
0.0114977137977126 0.0822925288592416 0.516223662066371 0.677905976608218
-0.0677858487892289 0.0753063558303193 -0.246691223877174 0.873357339950025
-0.0915154750087732 0.0401398198921519 -0.461375375894773 0.353010511282803
-0.0890141012302822 0.043838310615469 0.126036811154779 0.0446031162766633
-0.0314603285216763 0.107610150900299 0.383788536953488 -0.540676998176047
0.0588909435708941 0.0720342820681298 -0.314656313987594 -0.797005600510687
0.0756619865761443 -0.0104464033313847 -0.843008550316735 -0.145935686910969
0.0229716454307783 -0.0499787694412664 -0.425117070410149 0.436872865658059
-0.0304665720566921 -0.0193749084969055 0.111475073743941 0.348261259065414
-0.0391477922070566 0.0120325435116988 0.228043161182114 0.0450775551414059
-0.0282150820006779 0.033062709910403 0.0372932180161147 -0.170371712014112
-0.0416502598745237 0.0161547961936887 -0.017154113440667 0.154505943511832
-0.0362095754229077 0.00367107927513592 -0.0797459558498377 -0.13424730787369
0.0218062801393931 0.00127325757870066 0.130935064171182 -0.457308234188681
0.0950035794892515 0.0195795831594301 0.54073233270555 -0.177747296310252
0.0419383069809713 0.084884280747731 0.568352795629091 0.611451246250435
-0.0586261209819292 0.0971940255706467 -0.168421472777996 0.884762597099549
-0.119675814021906 0.0634152726789711 -0.452330750009836 0.394399124051247
-0.125309396373296 0.0585957206197611 0.0933579756973622 0.0652995862383371
-0.0528167684389114 0.126786559939529 0.410085848421804 -0.499596030851061
0.0701419298479367 0.087086303219688 -0.236780808532309 -0.817656623428632
0.105968225821983 -0.00228850515471261 -0.827846700433831 -0.221941291896134
0.0480673463854267 -0.037053017242194 -0.474054951074308 0.411859087775698
-0.0289596107617329 -0.00263900021537999 0.0807352764340334 0.370039693586469
-0.0523718211616502 0.0197762208427119 0.219247182089567 0.0662368040086014
-0.0341084579444545 0.0313963580728033 0.0413193654918492 -0.168616601748913
-0.0414802084091858 0.0177587672432898 -0.0137281823572609 0.155831306939738
-0.04500246357901 0.0180208702168391 -0.101091806014609 -0.10813304744674
0.0183770953197049 0.0182171460157046 0.080877112149557 -0.445084040506369
0.108144896169648 0.0220174871496655 0.505735820220802 -0.24525063973714
0.0674938472832055 0.0764976445877747 0.637260910766118 0.51125688581087
-0.0385470650173689 0.106118505740595 -0.0492246547696889 0.885265815046819
-0.123871842892505 0.0794602956904844 -0.433613103040034 0.446711389405372
-0.146805643481287 0.0641262642815423 0.046919290875162 0.0919163447952639
-0.0752337523074217 0.130606805427705 0.440828407513302 -0.445849242211067
0.0688579877818014 0.0973707869199966 -0.117831843122049 -0.840665012246567
0.124531714848858 0.00819116190305212 -0.79406737412989 -0.333390740894862
0.0721850364044314 -0.0241588206871022 -0.534894631281744 0.367387154286496
-0.0240417225234426 0.0104036910564281 0.0293382853671863 0.401916944803046
-0.0609963564452561 0.02560158186818 0.199577966884668 0.0963033249599677
-0.0348723449078425 0.0305492227956065 0.0466873403256015 -0.167688288775142
-0.0376480767123492 0.018415117887859 -0.0125093108879515 0.154068536192421
-0.05113223836454 0.0267552076721514 -0.126630380854044 -0.0790119329726194
0.014090527111802 0.0312139092426603 0.022337580804364 -0.422712819921573
0.110561803865932 0.0234312117003664 0.461265044523138 -0.308292203596236
0.0836963911129989 0.0624619272823971 0.702897992571389 0.391505996920657
-0.0154397641674504 0.100666298189765 0.0809411538968448 0.86613407501583
-0.110838280211811 0.0846984737591644 -0.406295581564377 0.504705697992987
-0.150479523333565 0.0590332445055943 -0.0052654759517542 0.119895279943303
-0.0937095707902898 0.119878614103875 0.466091287150239 -0.383416153388198
0.0535505726795584 0.097383748406281 0.0205570465225009 -0.854445144917813
0.128062220952384 0.01816602791629 -0.728546094235003 -0.460232987847151
0.090348767817653 -0.014044623174599 -0.593642760355617 0.305088630069601
-0.0155716149335508 0.0199442211167355 -0.0294342958766007 0.433600271966276
-0.0614101262519568 0.0310931438176153 0.172988638326841 0.130855110242225
-0.032091268533257 0.030148965977664 0.0496356902451518 -0.168362561863466
0.0102147090729338 0.00466538401021952 -0.0390922033079146 0.146754776215392
0.0265943658770336 -0.0451195854043234 -0.135574791796725 -0.122593950309546
0.0106432191460658 -0.062217768382614 0.0976992410262606 -0.432653212215985
-0.0239288839068584 -0.017089330572084 0.56990920616951 -0.21332527293908
-0.0753932837197618 0.0280805293430709 0.673716622406124 0.529184056415867
-0.0656523000736771 -0.0303894775414006 -0.0516256345777212 0.866690713373714
0.0528735448851534 -0.0631879627483315 -0.45056306461791 0.393699060102396
0.0741838112185363 -0.0492213775993014 0.0743881483946467 0.0506335080776135
0.0361710109040784 -0.0193634088559899 0.430111973460112 -0.515493894964928
-0.014222858953606 -0.00790684612453173 -0.171223291195026 -0.867345469812641
-0.0289333693170315 -0.0153485018237327 -0.790694991320008 -0.289798686074723
-0.0379319831578246 -0.0679857343811792 -0.487267251892064 0.416447004473276
-0.0259697796135844 -0.0697822056933039 0.0418039987523982 0.424432496859826
0.0148581880736607 -0.0151791396491607 0.177309170433796 0.0765031535151888
0.0178322210879536 0.0263929104273971 0.0329110625436601 -0.190881942089059
-0.00241365424014598 0.00538158712685711 -0.0349958081131295 0.147806002914867
0.0171779876296832 -0.0439499387304065 -0.104297568300815 -0.143537503937688
0.010454859238896 -0.0591782141266721 0.146128399059997 -0.448017666461247
-0.00903851318353167 -0.0110259865527149 0.586571745561365 -0.158572669560218
-0.061153115766916 0.0402365728668562 0.598508752648491 0.620459437219315
-0.0603607364614463 -0.0116149282177346 -0.162334751007057 0.86863337865884
0.0329293168693863 -0.037908354208136 -0.46313870718748 0.356773945797613
0.0442533640570946 -0.0280127763433554 0.112119573815624 0.0358088713129934
0.0173124821971598 0.0092068284223044 0.398721976033123 -0.551794405218436
-0.00508412257926435 0.0131391781667173 -0.269942159917183 -0.832090052417341
-0.0131759544444962 -0.0145394012794261 -0.820578057565318 -0.188896048981056
-0.0316446345695276 -0.0717482526966995 -0.438873305919501 0.446843924885508
-0.025108720563903 -0.0652710859948207 0.0849533244995645 0.386244985553009
0.00812125402514975 -0.0101266312232511 0.200282855492741 0.0502958133559174
0.00767677005819403 0.0293067545606102 0.0305362982961933 -0.185462769529261
-0.0136278495245688 0.00751249608572203 -0.0302420127351126 0.149209553435275
0.00369214985559116 -0.0387634290650465 -0.0828523859069716 -0.15601486040888
0.0127059381142116 -0.0493731122586582 0.176771743035629 -0.455692143251924
0.0140922665196193 -0.00130058744851133 0.590535326716984 -0.11854121904028
-0.0412729887450739 0.0569074220849233 0.536986787792329 0.679758035155761
-0.0615999028388003 0.0152269177986818 -0.239030166800286 0.86760260998563
-0.00136654519658375 -0.0121943533377104 -0.464559391307653 0.333977334502578
0.00384468741318568 -0.00280831927360969 0.136542108938594 0.0272423818188675
0.00195337119212174 0.0423140748337097 0.374653730053756 -0.571232197993449
0.0141486725466926 0.0339421116001873 -0.337512160318558 -0.802535211519812
0.0121387250880258 -0.0151846432953252 -0.839690801500925 -0.124968739348614
-0.0188398169185168 -0.0697774243111412 -0.404852001494115 0.460603825304938
-0.0272643613249817 -0.052354833418315 0.116522947245063 0.357557486689639
-0.00573715344785597 -0.00328757192040458 0.21795178852439 0.0347144325489486
-0.00463399277431114 0.0320264842035343 0.0304220894076934 -0.180610866149727
-0.0253337956225494 0.0109823618085666 -0.0238931130308005 0.150077230422503
-0.00960051186112226 -0.0270391118714123 -0.0704432729456107 -0.159471374190369
0.0177839520590408 -0.0334772867171977 0.18187077262811 -0.459815806759822
0.0430590100519647 0.00940558587043939 0.58246240661224 -0.109406182676486
-0.0154031939091465 0.0728351600351101 0.512941216867173 0.698492619196011
-0.0666027947545337 0.0466990733358472 -0.261573045886745 0.872147434700681
-0.0480822464900993 0.0154932359125678 -0.462821705846936 0.336072182196102
-0.0434701016140415 0.0228681916604207 0.141673708490397 0.0299198784989432
-0.0127958185186253 0.0775255483528536 0.368103833419667 -0.570811382933149
0.0379585568916353 0.0532083585264938 -0.356620514612363 -0.787736549432986
0.0428360597536466 -0.0142672775122079 -0.847867084565881 -0.104883045489212
-0.000944067598239032 -0.0626797044315196 -0.39882041899167 0.459903716087946
-0.0292940740433119 -0.037846155360856 0.127042938910156 0.343811945269817
-0.0221678052726707 0.00588417302890751 0.227802365969381 0.0317940492939376
-0.0162760419118796 0.0327812232055186 0.031251641914152 -0.174727862925661
-0.0352586556406319 0.0144746559080405 -0.0187709956662251 0.153468469049298
-0.0231231529000991 -0.0116553992604621 -0.0701264169156984 -0.151537181897054
0.0217203533431074 -0.0168483868961259 0.162564947567652 -0.463883968633434
0.073027351017048 0.0152364877131214 0.567778221538569 -0.137582723065502
0.012709955173064 0.0828602814605673 0.52956474106424 0.673400877287591
-0.0675848934584569 0.0766247418932748 -0.233445168358227 0.880042121655826
-0.0911437146579558 0.0416355707471933 -0.459513810038512 0.360929041866357
-0.0882558651117666 0.0461237785049189 0.128113824827338 0.0429037938438905
-0.0298608109908751 0.108038424923261 0.378164434329072 -0.548553922658881
0.0594163602629953 0.0718161343553394 -0.327748707273625 -0.794976799727291
0.0760181054964037 -0.0119520189736465 -0.849467761204152 -0.131830506754662
0.0219992788103229 -0.0516679118248666 -0.422781921836554 0.448882118782418
-0.0307123592318804 -0.0189067560819375 0.117767507355641 0.347962595988228
-0.0391253769976868 0.0134782715456756 0.229727876868935 0.0413406452156674
-0.0269775804460455 0.033195057113171 0.03519748106586 -0.171152439935055
-0.0403736528494674 0.0165858031996299 -0.0147817650701804 0.155358189052917
-0.0360782210844007 0.00516697341566496 -0.08250089569104 -0.133436878121005
0.0219205382135605 0.00141769839565772 0.124131093846759 -0.461362251165072
0.0958143489638099 0.0182430932097621 0.541141946093119 -0.188379844107275
0.0429396334776767 0.0852070160075842 0.582628083940972 0.604298872759582
-0.0573135234631117 0.0991326941244687 -0.154156423883426 0.890585422064615
-0.118227532443584 0.0657267706233029 -0.448392976800585 0.402480287350785
-0.124305644877911 0.0607318665793825 0.0946207414355111 0.0644559195530899
-0.0511818149617384 0.127804009298383 0.404581279686095 -0.509204443892497
0.0722204382589856 0.0870284949838533 -0.25000794880565 -0.817659914820861
0.105705275690537 -0.00375415774897314 -0.836036266229575 -0.210741304409929
0.0478036874328468 -0.0393030304897568 -0.470826331276222 0.421850442150771
-0.0290414990276731 -0.00246652662163255 0.0865293016223359 0.371120233824633
-0.0519651457441001 0.0211083392888789 0.221242764556606 0.062866762892852
-0.0329639374515694 0.0325564568118507 0.0397796762909412 -0.169652697174903
-0.0415602013120231 0.0183199981121333 -0.0117227033402885 0.155357743083197
-0.0457390510067706 0.0184622894086449 -0.103851039978119 -0.107626679681877
0.0188077174750859 0.0173939993158499 0.0732274939068252 -0.449421097840944
0.108572683982499 0.0199323711389686 0.504048093392266 -0.254943015316714
0.0696354435593367 0.0754149261512851 0.650008082960783 0.502330374842211
-0.0358697793808065 0.108198432118956 -0.0369264912923546 0.889047187690587
-0.122924439664177 0.0822170950405182 -0.428740611138954 0.457758529633724
-0.146477502448816 0.0671703514389609 0.0483310304629659 0.090210053214453
-0.0736640707477712 0.132221484593713 0.434884976293051 -0.453823146375153
0.070134426078089 0.0963874109148714 -0.131780430064692 -0.844615588477172
0.124937658673517 0.00736190195281812 -0.801296491321411 -0.321724667114103
0.0724869979087732 -0.0256238737224845 -0.531838922983433 0.380338844671631
-0.023995262826209 0.0115245239238679 0.0368135772453987 0.403528662859024
-0.0590451478237674 0.0275954959041313 0.202226365035689 0.0942329996915443
-0.0336999731174731 0.0311518150476374 0.0446588178494623 -0.169722768015455
-0.0378022011681463 0.0179752578014311 -0.0107806768402057 0.153801329119337
-0.0503926589317218 0.0279937580715975 -0.12814530870073 -0.0772490030082538
0.01490177646344 0.03148147028667 0.0150894598705425 -0.42575095074351
0.110847538436701 0.0212534161868364 0.45744108344687 -0.318460939658385
0.0846417357522655 0.0617852975693797 0.712160704885497 0.380157791423044
-0.0131618639378276 0.101864900449619 0.0955308376539084 0.869744395144017
-0.110671797457714 0.0863689284581286 -0.398991754791082 0.513558781842338
-0.150117303622416 0.062028804659791 -0.00442642879712554 0.11853423643981
-0.0923016638720037 0.121957986084754 0.462942634866745 -0.390798203108201
0.0548351299485518 0.0967381103446452 0.00652030434196981 -0.858823578676934
0.129712285315287 0.0159753029184861 -0.739587244130697 -0.45209756972491
0.0898623055800879 -0.0152485010590959 -0.593165477150547 0.318078062538774
-0.0155703918113 0.0194900845556406 -0.0229793055544957 0.436154079756634
-0.0605366844484355 0.032895023469114 0.175601626125138 0.128884552701545
-0.0301737590448198 0.0310446962865224 0.047739580567897 -0.170451702631554
0.00999336673941339 0.00468314398345206 -0.0369065857290897 0.147464162247078
0.024402510497303 -0.0444552263591037 -0.137111009641371 -0.120591725846568
0.0107544515560723 -0.0626912117118904 0.0904353143133501 -0.436107750052069
-0.0237492174962594 -0.0163051719879516 0.567214806711055 -0.224389558913593
-0.075248604571293 0.0300145101734746 0.684670135338552 0.517873132245561
-0.0668836932593002 -0.0292841485318715 -0.0381316262163773 0.868831104730905
0.0534265429675281 -0.0642129247402796 -0.445353742922547 0.400101487777385
0.0737356002581549 -0.0509678595498578 0.0757538832721326 0.0505781391358005
0.0363023201942753 -0.0194578132790594 0.422898423273383 -0.522045436917397
-0.0147180875187546 -0.00810558043306177 -0.184485692236867 -0.864520036986527
-0.0291869010593213 -0.0147951827367881 -0.795786998148982 -0.275670326260353
-0.0391604501166319 -0.0679048485654453 -0.480108848384282 0.4256389266839
-0.026506253422158 -0.068835772613633 0.0499079834696552 0.425876708989003
0.0145504724177828 -0.0140605152412662 0.179945229326841 0.0743157398383675
0.0189674175983884 0.027781666507718 0.0296090549139729 -0.192584897101686
-0.00192170397843617 0.00583281267099446 -0.0331172546121066 0.148235627227897
0.0153512455454423 -0.0440875128577096 -0.108161305584077 -0.142619088257286
0.00906527972711991 -0.0587858732838862 0.138494478877519 -0.450107721322585
-0.00996948286651313 -0.0107639362556278 0.585551862065767 -0.169387203316273
-0.0602950720665138 0.0420838383345498 0.6085429299968 0.608993652019076
-0.0604872435956589 -0.0102387603213218 -0.147223390076513 0.873615025217589
0.0347285141864196 -0.0397888442545676 -0.458260808795455 0.364446148891967
0.043777610138309 -0.0296770187039652 0.112283675975075 0.0340081252652482
0.0190078585940788 0.00852368670306753 0.389926813308711 -0.560358262988655
-0.00616400216855066 0.013227515726487 -0.284090311143114 -0.828965313773233
-0.0130056577776138 -0.0137795689129202 -0.825212513546834 -0.177727706060483
-0.0327699199327831 -0.0716665612306782 -0.431876668804209 0.456307723842373
-0.0261881542292193 -0.0651680000406198 0.0921401126833552 0.387744453086119
0.00729598896414346 -0.00918682604611337 0.202067459824461 0.0471675954127422
0.00890154795956418 0.0300884957321007 0.028399852170913 -0.187526739375325
-0.0130213983623081 0.00835046060170587 -0.0274625440197799 0.149473062893449
0.0026765040634277 -0.0383563724841713 -0.0858423536474711 -0.155970906988573
0.0128360948702666 -0.0492255938298419 0.167477454043735 -0.460618776603085
0.0135502105174183 -0.000528557509388773 0.591896543410136 -0.128866028410067
-0.0396496573655404 0.057659629472376 0.550634129632334 0.671396625364148
-0.0609676313140028 0.0162945348419561 -0.227230101915625 0.873114653107542
-0.00177103819360969 -0.0128618005052261 -0.462597753416184 0.342749547199524
0.00338851302601585 -0.00415039412165505 0.137584449844844 0.0253738767300332
0.00364888606367673 0.0425625693395067 0.365848020744434 -0.580254271123069
0.0145868168087366 0.0344694604104028 -0.349878228580377 -0.798049183265885
0.0117679690729079 -0.015446134364584 -0.843628441118236 -0.111414260995726
-0.0205674967083726 -0.0694310127770595 -0.397866801475174 0.468647279283083
-0.0280861724195911 -0.0525453897979936 0.123894099702367 0.357175841604045
-0.00508084102460261 -0.000691949681667981 0.219299269223699 0.0311024167427004
-0.00417202445758878 0.0311877518951766 0.0274235036186476 -0.180742583538532
-0.0249128276889722 0.0115081873744297 -0.0219982360312663 0.151044192017688
-0.00999234318479817 -0.0268210009112571 -0.0731407661149872 -0.159136124743756
0.0166846637036116 -0.0342344753269986 0.174602510967893 -0.465217630180855
0.0434994143004442 0.0088502528308422 0.583444655069955 -0.121758851298686
-0.0149320144628219 0.0740504139016428 0.528139723551275 0.687797904874259
-0.0658695197510916 0.0477656157196543 -0.249712150536702 0.877941569543581
-0.0478410061772293 0.0151262697801513 -0.460738686444268 0.345328071191626
-0.0428428657527279 0.0231279087907956 0.142995144049083 0.0281798030614482
-0.0114989405946689 0.077993981834499 0.358823832788121 -0.577234048490013
0.0386514216787673 0.0525905046492043 -0.370793355440693 -0.783465959082873
0.0428255484986067 -0.0156113577856233 -0.850513391530102 -0.0905626538717089
-0.00250776683574658 -0.0629970632237125 -0.390893006198056 0.469008683756107
-0.0304018139355382 -0.0369475700586393 0.134888842727846 0.343072732032817
-0.0219545447337486 0.00618252070667942 0.22951293290759 0.0277414848414023
-0.0161649215421887 0.0335599010108601 0.0292755030284361 -0.175596520792162
-0.0343775439202557 0.0148647494113229 -0.0167459317518838 0.153121507118234
-0.0239003625575209 -0.0105037570338819 -0.0726004957753464 -0.151445109552789
0.0209864068197079 -0.0168901914232474 0.156788817677573 -0.467695123098686
0.0729074132745479 0.0142228859043245 0.566889150559041 -0.144606297471614
0.0138276520701587 0.0840646028733022 0.544972556977368 0.662054957409231
-0.0661302954748318 0.0779173398226851 -0.220125460697307 0.884529234170806
-0.0910948641028815 0.0424323708207694 -0.455703893452734 0.369802371925079
-0.0878787042243785 0.0464224732478042 0.128675258907506 0.0405070248060649
-0.0285329877571199 0.108392605977873 0.370208863605359 -0.555514806367863
0.0608648891188398 0.0693045831009819 -0.341772175399327 -0.792125071823603
0.076585390792487 -0.012318636762968 -0.853038076532509 -0.119422092248757
0.0213409793923609 -0.0523906909454632 -0.415365693156316 0.456337240430122
-0.0314210469206989 -0.0187817120733964 0.124406617712588 0.347766222416297
-0.0390751253871449 0.0150017965078411 0.230614007784594 0.0381975329270875
-0.0250907485448021 0.0335969382272005 0.0316790731159347 -0.173022535152333
-0.039957901445522 0.0167905565220103 -0.0128444366674093 0.155100233441815
-0.0375425891606839 0.00564835574154606 -0.0841246741749067 -0.132208149137943
0.0220048237825029 0.00070875425549508 0.116286714462198 -0.465228318180437
0.0955297507995717 0.0172615723126401 0.540293877423458 -0.199543909572062
0.0441156475247391 0.0857977521822995 0.595567685563455 0.593537683333566
-0.05468751631012 0.100099322898158 -0.140527301323209 0.894688758428306
-0.118420199605448 0.0675763639699792 -0.44544747438531 0.412101184272771
-0.125304065198302 0.0623950223876267 0.0948202269444023 0.0624010961478768
-0.0485016649051931 0.128844234382291 0.394829655799955 -0.516069668521773
0.0735938850734156 0.0859205206155862 -0.263375599001786 -0.814494284962132
0.106750382679963 -0.00539119036809232 -0.840279052086487 -0.194964323298025
0.0468698277384861 -0.039522063982704 -0.462941593684672 0.431263856493256
-0.0294790077495443 -0.00172918670408727 0.0937178370011513 0.372555587209168
-0.052719250489497 0.0222901214742982 0.222550789111794 0.0600173333810484
-0.0318915993569193 0.0330367395463653 0.0374244623010294 -0.171060583396528
-0.0415689470192629 0.0198579084106632 -0.00927055191577774 0.155180338264848
-0.0452862792661305 0.01986077963312 -0.105245789534937 -0.10606011306559
0.0203839115786476 0.0182623089989012 0.0656057354369261 -0.452486659286545
0.109238401048617 0.0179218711931447 0.501858963347111 -0.264824822673048
0.0704916713771141 0.0761904537697153 0.66054634067539 0.49166448043347
-0.0335050280993643 0.108534626710933 -0.0209022449019679 0.892053167244309
-0.122901618996764 0.0836803954972723 -0.422630968996237 0.466846202781249
-0.146066826971475 0.0687746394870072 0.0498275650407629 0.0899500494292526
-0.0716268312771058 0.133622170950075 0.429226738029024 -0.461545654288794
0.0720656102117889 0.0959583742776658 -0.142322067170496 -0.841574248088145
0.125400135985658 0.00432170292192762 -0.807605049200987 -0.310299339590424
0.0713510138431742 -0.0268909763679724 -0.527180929325352 0.389805732968893
-0.0237219247239485 0.0116675826123873 0.0433955420021442 0.404557579731033
-0.059440717224846 0.0291837485241274 0.204026499580593 0.0916653976093221
-0.0327718968618271 0.0324069823520309 0.0410512470057168 -0.170292357133973
-0.0370959327118111 0.0194453741746561 -0.00915156984602319 0.15406482486379
-0.0499172408076374 0.0289473045896376 -0.13070928054519 -0.0756504965756374
0.0152310977962537 0.0310593262022045 0.00730749020524848 -0.428033808111785
0.110947683223587 0.018784962089031 0.453847646600707 -0.326699976428624
0.0866290319920549 0.061519494997224 0.720782315632148 0.367087685106615
-0.0116339614144614 0.101718927484451 0.108943053346843 0.869611325401901
-0.108652489228753 0.0879511296110154 -0.391027777454559 0.521699575037612
-0.149435546720029 0.0634257984328619 -0.00228326540650392 0.119661969208229
-0.0896060592587747 0.123604434322845 0.456635904074106 -0.399619401693453
0.0568939388551625 0.0957351151218793 -0.0051114924263296 -0.861613476002137
0.130308268776279 0.0134168470498383 -0.750635840957111 -0.440242556067406
0.0896912688257003 -0.0175382877270803 -0.588590572440494 0.328516234558725
-0.0157309956583707 0.0205676037308611 -0.0146680021113061 0.437755235633636
-0.0598728763891939 0.0338970387186663 0.178657465404496 0.126811013985966
-0.0291082680785088 0.0313926318067875 0.0453760480154024 -0.170698571570194
0.010551102673802 0.00422223487840471 -0.0333829434664681 0.147951478123668
0.0236854764995448 -0.0446915138682967 -0.140251592855741 -0.118606736412958
0.00886708658085219 -0.061854455482472 0.0825492456411252 -0.437425358322965
-0.0240731733975565 -0.016980267588726 0.56437662212835 -0.233942065454146
-0.0755305879906058 0.0314257200881979 0.693972987730334 0.50489737931866
-0.0663471120735449 -0.0285003894577492 -0.0258671086187745 0.868634033414615
0.0514822256912967 -0.0652376305836814 -0.439307451445002 0.41034834819049
0.0729245408182874 -0.0520811326828342 0.0764382792890148 0.0496280710305402
0.0357114953828999 -0.0214745998259251 0.415488831921917 -0.528911126903677
-0.0155510844760412 -0.00809081761788999 -0.195877206892165 -0.862805771993634
-0.0289318795071013 -0.0141382145018898 -0.801194755890376 -0.263972376283517
-0.0400568659838783 -0.0672237975650554 -0.472442844702285 0.435596621430878
-0.0271696180580308 -0.0695789348544953 0.0576325917496946 0.425624953994732
0.0144920545651798 -0.0132789108982982 0.180859397901974 0.0715987630365828
0.0202277509308077 0.0273395460438296 0.0269855499839558 -0.19320211223632
-0.000993456247305314 0.00514171396282293 -0.0306095449122289 0.148997816655906
0.0145535202558438 -0.044983171238019 -0.110152625590265 -0.140762345275038
0.00899617437824696 -0.0585009718240088 0.130576701823976 -0.454868740592271
-0.00944495236193294 -0.0105585401385615 0.583874678588733 -0.179012924530087
-0.0603857933495183 0.0436898029404415 0.621332036240801 0.597393737122378
-0.0604698881913413 -0.0094965618217464 -0.135748978198157 0.876003468986447
0.0329987154717369 -0.0394737912414442 -0.452370094893772 0.371112750076435
0.0427429806626399 -0.0300441457449605 0.113751896904181 0.0329983393022831
0.0189159916028193 0.00798397691919706 0.379910356029619 -0.566891940134267
-0.0051192076529515 0.013722243663239 -0.296821408465805 -0.825966227359433
-0.0133125719430268 -0.0137623267080107 -0.827408905410962 -0.162163951652919
-0.0342050496369596 -0.0701267642662042 -0.423709481890042 0.463157926189171
-0.0269996917796385 -0.0638039947452029 0.100500542193333 0.386696680323091
0.00735650599776314 -0.00915666436075407 0.202352337791197 0.0446636894023981
0.00929120476761543 0.0300969252053505 0.0252184707617243 -0.187014022112274
-0.0149407897988302 0.00879059107845678 -0.024337881787696 0.15022586649259
0.00133294629212297 -0.0378929465407208 -0.087765696734132 -0.154693419331527
0.0119022695262513 -0.0480137306071643 0.160550946955977 -0.464952286618656
0.0138087658658214 -0.00141278201903623 0.589115509858581 -0.138322341736039
-0.0404030204955082 0.058822627556493 0.561505132613626 0.660034457686003
-0.061091757892856 0.0167121544675093 -0.212983606396556 0.876710786413682
-0.00166044167391093 -0.0130633482080997 -0.456652384788262 0.350994787733566
0.00252616250126688 -0.00392428952147151 0.137727489238765 0.0233178580562915
0.0032879520733498 0.0423794131588848 0.356987505591187 -0.585325143328925
0.0140860243752094 0.0335820014096943 -0.361960634208021 -0.792271010447815
0.0114218016122539 -0.0153559032289257 -0.84502595722488 -0.0969300669663159
-0.0206120705791543 -0.068816519683857 -0.390985590150829 0.47683110357223
-0.0285440075669891 -0.0520418325569665 0.12937755369195 0.355343600074769
-0.00535958579158012 -0.000730880044178088 0.219982422232286 0.0280422780480855
-0.00245803146935692 0.0318373002276899 0.0248567126669468 -0.181605231766529
-0.0244280422611924 0.0116034298301398 -0.0196393303458712 0.151460694814066
-0.0110944322935663 -0.0250577002267382 -0.074702624171199 -0.158285575698217
0.0169117890758753 -0.0343926527260186 0.16505526300823 -0.470169441703771
0.0440104799385292 0.00687436343776042 0.58024364187814 -0.131113305211228
-0.0140699607635703 0.0737365804857364 0.538259613478055 0.679499702885119
-0.0649524194741074 0.0483992246625374 -0.236602659355631 0.880584316459044
-0.0476111321226064 0.0162282612590405 -0.454203861470871 0.35324119387325
-0.0429187666576804 0.0242146409513417 0.143484883725679 0.0251332227710913
-0.00951506659333737 0.0772083212044251 0.349104203748841 -0.583375302903357
0.0389877152253943 0.05248086196119 -0.380794312098271 -0.776917302090189
0.0429592297634147 -0.0157875637727453 -0.851829200605012 -0.0760901262860653
-0.00304776711872747 -0.0625484973076569 -0.383971639378749 0.478455388750362
-0.0307752816037967 -0.0363942141858573 0.14058780701741 0.340895027702886
-0.0220885386122895 0.00778428749340593 0.230286710532517 0.0241215323719986
-0.0148249522661204 0.0341669695290939 0.0257567978635415 -0.176361867965207
-0.0342594411034233 0.0146701566690686 -0.013883904825741 0.15351038589217
-0.023706443606367 -0.00996089451116159 -0.0753619331355671 -0.15110553984813
0.0205410259339744 -0.0167603446861779 0.146442209757578 -0.472293972221222
0.0727347711140397 0.012563548996758 0.564811466041971 -0.155549044071786
0.0146931368707668 0.0844209712382216 0.554585199784694 0.653478204292335
-0.0641796444865836 0.0797105489864003 -0.206548234510844 0.890163905908157
-0.090402451848917 0.0435807891441902 -0.449409739121643 0.377064884738015
-0.0878414999846695 0.0480626984511561 0.129591843705974 0.0386840154488589
-0.025443017431921 0.108584522389437 0.361959464103459 -0.56294891259828
0.0618629786853901 0.0700330017405962 -0.352959123505692 -0.786708195380333
0.075614751319067 -0.0140910584974123 -0.854639760149006 -0.104942588020844
0.0199057476340273 -0.0531744694839087 -0.407616539518245 0.463974683424121
-0.031900879911893 -0.0176258673110027 0.131945530914838 0.346589596160219
-0.0381650688100092 0.0161871485283529 0.231481196433895 0.0341694173065637
-0.0254354388921026 0.033622402327258 0.0293037151518731 -0.173152394478933
-0.0396598543665335 0.0186921851901553 -0.0100436558769078 0.154427789861169
-0.0356276282055555 0.00651588258496551 -0.0870722460847531 -0.13194579592236
0.022542568130959 0.00128729034619876 0.109897274045458 -0.469120891166656
0.095209808739853 0.0155552938973763 0.537155777888405 -0.20759009091472
0.0459840240020588 0.0854300944052842 0.604734384473298 0.582337110428406
-0.0541539272488828 0.100919330298482 -0.127878233615957 0.89607902161023
-0.115808242818014 0.0687999300554179 -0.438260005415459 0.419343430863378
-0.123524353542158 0.064545953670986 0.0964884331680263 0.060876767103333
-0.0467440313796533 0.128961054981326 0.386924395247492 -0.522063387679299
0.0749328096597212 0.0848401108192294 -0.27466995491974 -0.8099874837647
0.105982616266784 -0.00679076327602558 -0.842886971597176 -0.18177380841278
0.0456541047858597 -0.0409463058966296 -0.456893433270246 0.442160179888933
-0.0283061392436198 -0.00164344553193047 0.0995063058634968 0.37106567664252
-0.0513831430319099 0.0236861426978016 0.223379397712154 0.0559636718964993
-0.0307858377656198 0.0337731686902271 0.0344991570464603 -0.170725607699331
-0.0405673995813261 0.0194476387683764 -0.00782811254423587 0.15528127507385
-0.044486166302998 0.0208121968330271 -0.106244284912575 -0.103839975716911
0.0203000555660944 0.0174124910668068 0.0582726737365383 -0.454655554589359
0.108957307856666 0.0162376133845157 0.49604128030678 -0.272544335473073
0.072088264864897 0.0758886204835485 0.668635515453039 0.478191236830639
-0.0320619819503575 0.109782766008075 -0.00902438547996417 0.891007402484172
-0.121862207198294 0.0853541767251904 -0.41691853419044 0.471915189902197
-0.14436186419004 0.0709657399977652 0.0508900942502809 0.0885430879075533
-0.067983740611972 0.133798460771392 0.420168017165998 -0.468082028645734
0.0725348902471542 0.0933557178790985 -0.156827460759567 -0.839764584949846
0.125354888569298 0.00306689379751374 -0.812874977723772 -0.294835851693649
0.0704129857992382 -0.0287905227767879 -0.520317831421147 0.400702624251847
-0.0237066501128917 0.0109436354016369 0.0500969542319356 0.404923081681808
-0.0587258105832496 0.0298478383648931 0.205272470205628 0.0868680355966076
-0.0318852237797344 0.0330054499918567 0.0397786551175308 -0.170087729308437
-0.0369145384819297 0.0192066802334959 -0.00643724852730418 0.154006118955697
-0.0500799461675908 0.0298454287443262 -0.13065237689955 -0.0732418371003661
0.0156781466634017 0.0313728520588466 0.00044935185799506 -0.42916965037944
0.110964431120371 0.0168109774279903 0.449050823210201 -0.337747798922499
0.0874539334081017 0.0614907302024398 0.7260916209508 0.353075875340877
-0.0100005943290105 0.102879333374329 0.122745032608302 0.868399169372126
-0.107543258232406 0.0895968042578403 -0.383185706333588 0.527242733606372
-0.148865832450197 0.0664399126995809 -0.000209869369766145 0.11814627870704
-0.0884262103841397 0.124373799951521 0.448845162757985 -0.40688778682991
0.0584843708502437 0.095325427535122 -0.0190391340516745 -0.860394300169093
0.130101651833987 0.0124141706614505 -0.754871991883759 -0.428545261832836
0.0903029913848436 -0.0189587172684908 -0.583289363059509 0.337661056438274
-0.0161058492232617 0.0200466395260508 -0.0069873012694237 0.439409751224281
-0.0580784780344488 0.0342438079628594 0.179769701819095 0.123763294589531
-0.0280912419747349 0.0319584866169738 0.0423204234899752 -0.170542232804493
0.0103081226684509 0.0038917114875969 -0.0315445780220475 0.14776207609955
0.0228322316346266 -0.0442820177729125 -0.141759741902071 -0.116482136385624
0.00889337831144696 -0.0617422009204485 0.0755188226834904 -0.439786531582162
-0.0244007304122893 -0.0159150363089415 0.560430461576944 -0.245284641309028
-0.0746587155286044 0.0329508398750499 0.700111954122231 0.491261689464443
-0.0661545423073557 -0.027418715208555 -0.0118487455705664 0.867514486681232
0.0506581522715728 -0.0677282328170389 -0.432630967013945 0.415714671935396
0.0723434918588882 -0.0539951674974928 0.0775398845256577 0.0479933721066131
0.0362000534356403 -0.0220095227969955 0.406732723022915 -0.535425804388537
-0.0153685642919223 -0.00848164078972097 -0.210731201782703 -0.857841881940494
-0.0285039194118691 -0.0134276118458342 -0.802675279954678 -0.248152823819372
-0.0409044657514573 -0.0663215336731126 -0.465144589577658 0.442393129782441
-0.0285238089300968 -0.0676149794423743 0.0651721832175167 0.425432934760909
0.0146084678004349 -0.0128809890222258 0.181425132708038 0.0680670234349516
0.0212069275090156 0.0263337525857156 0.0231201639880568 -0.192400985399145
-0.00202646875934066 0.00545888001734599 -0.0275679396490333 0.14891444877882
0.0127141476313746 -0.0439526698389309 -0.11230665352066 -0.138440440456049
0.00903939230398189 -0.0584575987147984 0.12203719412638 -0.457921120756152
-0.010126143302246 -0.0107284015912486 0.580581704813572 -0.190639040569089
-0.059859139454977 0.045126635070771 0.629398246452882 0.58411849426017
-0.0604311024524314 -0.00734931996653395 -0.122535805673807 0.876110934309688
0.0330957561614661 -0.0406714712036301 -0.446407931237227 0.376423878982453
0.0421993689711726 -0.0307909839383593 0.113660760716952 0.0297571312195096
0.0182599640251071 0.00764321314312702 0.372307116150015 -0.571016603959506
-0.00518221505673078 0.012669894493469 -0.308631996279917 -0.818230850369411
-0.0133901018684982 -0.0138787774941664 -0.830415094769491 -0.147575983818778
-0.0347756571037084 -0.0699293996523381 -0.416239538649417 0.473026396956321
-0.0276386585319724 -0.0635201742112664 0.106170317484564 0.384710649123661
0.00714064922340625 -0.00812377854901532 0.203180931845281 0.0414938552542727
0.0103869543718308 0.0292251811276776 0.0222484533103418 -0.187188016725966
-0.0143059274271337 0.00895338556035858 -0.0227753431658521 0.149777272022426
0.000778634988514869 -0.0371165260080607 -0.0896128625864715 -0.153858960228577
0.0118189940062161 -0.0481619060342008 0.152747695507005 -0.467432459018932
0.014946099630853 -0.00171366632587683 0.586986509927827 -0.149154477370432
-0.0388275022695273 0.0603899657549566 0.570725845809967 0.647490505674551
-0.0605051009433289 0.0181337264207084 -0.199989722090134 0.877613975769712
-0.00196248661832386 -0.0126993586628183 -0.450038045396661 0.356292090985136
0.0024413544906822 -0.00442900974739648 0.138606560823466 0.0219736333004438
0.00391526419163577 0.0415450360188354 0.346234632981609 -0.588432007778919
0.0144143763976632 0.0336850391196457 -0.372110942766948 -0.785796399520074
0.0116562532036607 -0.0152152548536444 -0.843684986987209 -0.0833125470009684
-0.0224441313033867 -0.0687033672532982 -0.381856211253134 0.482974270341541
-0.0297842249909848 -0.0513311103568872 0.136193051375023 0.353029829696058
-0.00578416713356655 0.000858196619508915 0.220827337911198 0.0243942597584201
-0.00204813345166244 0.0326074578425157 0.0220830037576789 -0.182170941047805
-0.0257834602806872 0.0112249897160412 -0.0173650597921043 0.150527667784478
-0.0117659915720558 -0.0247958910192068 -0.0776475461989122 -0.156387777765204
0.0152061493447398 -0.0342412182355392 0.157635302285455 -0.472906213571031
0.0440913721557361 0.00549928954751761 0.579194840836768 -0.140417991557524
-0.0137437626027635 0.0755350469984152 0.549417319580177 0.667422922350641
-0.0638785914874621 0.0503022957169776 -0.223563017677783 0.882995845768973
-0.046907593370479 0.016372092204192 -0.448103107156624 0.358041133350039
-0.0431525173588055 0.0242762851041173 0.144150144815718 0.0232300511253681
-0.00992362514391707 0.0769529800842292 0.338907924430953 -0.587726333825077
0.0406042012876004 0.0511648813871442 -0.390679419235677 -0.770516583781684
0.0426454108052534 -0.0159301286516398 -0.853244851781237 -0.0619149566617816
-0.00281680030092662 -0.0633553312024099 -0.37616991567112 0.482702898975656
-0.0311587761568505 -0.035677007846691 0.146005120783618 0.338615398775334
-0.0216277412731215 0.00861503293741935 0.23039675310987 0.0208219061079175
-0.0139093200317186 0.0333609177844542 0.0236819043373466 -0.175708926988064
-0.0337434471684551 0.0154240071306605 -0.0113759020272934 0.152448683934198
-0.0246288543980542 -0.00948273799729619 -0.077848162186821 -0.148139296446777
0.0201673263990537 -0.0168623370747328 0.139691785270348 -0.473368842037488
0.0722794980405269 0.0110859410408355 0.560978211878543 -0.165147853479613
0.0169902672854303 0.0846149746675068 0.564919403976286 0.640304008571572
-0.0626964508598734 0.0803075992240818 -0.192270730208351 0.890312544966395
-0.089023985713279 0.0454253416759754 -0.442650840119257 0.382611296549055
-0.0863685393955555 0.0485898196333585 0.129623331587245 0.0362603740302718
-0.0239675068860207 0.108204874735198 0.351860367448819 -0.566838189608984
0.062907194067866 0.0680040672763317 -0.364056111238331 -0.779428491533691
0.0757191265651305 -0.0148447351325109 -0.854896471952148 -0.0913257593654326
0.0199619661645205 -0.0530971810405285 -0.397823083726708 0.470852528033911
-0.0319724786265301 -0.0181254122573491 0.137037328146795 0.344639356246278
-0.0377092228359736 0.0172399029789265 0.231818635437814 0.0304996870623253
-0.0232551213736134 0.0349064056338177 0.0276277413369665 -0.172919332200779
-0.0391212061906211 0.0186273869386293 -0.00770432354219374 0.15422623706607
-0.0360422682277491 0.00776520734730043 -0.0882388531720699 -0.129723104002642
0.0213272608427232 0.000500201653534104 0.100672429744113 -0.470024984060273
0.0956099585121694 0.0134482708481659 0.532356043397052 -0.217427507995132
0.0471976576219244 0.084731330110988 0.613649673656845 0.569051454751426
-0.0507213986566772 0.101884367392407 -0.112663339663644 0.895617424017873
-0.115136856159509 0.0700500355016541 -0.430708873107635 0.424268200689984
-0.121813406245432 0.0663560453753472 0.0970649670472675 0.0586413431834114
-0.0437172199087883 0.128799940148755 0.377495108662336 -0.527504847211628
0.0756826649225337 0.0827003051168053 -0.287313197615563 -0.804274271573721
0.106098649729089 -0.00861785150033968 -0.843119120493558 -0.168795077580808
0.0454291142647729 -0.0411058073779223 -0.448068171776142 0.449055676584383
-0.0294728342162521 -0.00144127853482942 0.107500915114119 0.368477736573872
-0.0500934091334834 0.0252930283925643 0.224587668274588 0.0528932542787594
-0.0296182263829433 0.0339073431914505 0.0321829956392447 -0.170581430006416
-0.0402584297727388 0.0196601013056563 -0.00458841019763654 0.155208452936835
-0.0447975320036117 0.0216411336678135 -0.108058021371056 -0.102159968954944
0.0203116520541736 0.0175426609898741 0.0508746060301687 -0.456025572560623
0.109652601254218 0.0128254800791142 0.491164446209809 -0.282886082913999
0.0732152696996971 0.0751023200546951 0.676973851877014 0.464745967280995
-0.0303623163454261 0.11008010817488 0.00551626203737856 0.888932772764942
-0.120084692323354 0.0873448158119021 -0.407664722277263 0.47842482032457
-0.142806881119378 0.0731274875288995 0.0519901593628689 0.087556332587543
-0.0657263205291535 0.13480976208279 0.413012453430133 -0.4748795254278
0.0735416864737659 0.0928784395773028 -0.169092415814869 -0.83563217095505
0.125500147715855 0.000887686221957913 -0.81621703869121 -0.282596275891938
0.0703315347704887 -0.0291520176530458 -0.513037389049081 0.40891918257956
-0.0235235036412034 0.0111112026448407 0.0573993904272569 0.403488357287746
-0.0573972075672555 0.030759913918927 0.206448228128394 0.0845322429153656
-0.0301180618229304 0.0327154649014706 0.0355015562981059 -0.17045981301589
-0.0355618956753792 0.0191491372436726 -0.00541585295785198 0.153068017711446
-0.0495758320641917 0.0303511418575701 -0.131221209853456 -0.0706320468853005
0.0161633342582138 0.0307286588269566 -0.00720858861091397 -0.42975237053195
0.111179685023042 0.0144794189629761 0.443562582700568 -0.343672613227528
0.0885860877287412 0.0596156334021787 0.731295749027618 0.338869082976844
-0.00747463740095682 0.102259685607767 0.13569034686956 0.864097098339598
-0.105892336739877 0.090102558099527 -0.375220664353419 0.531602862635365
-0.146919821652368 0.069378741292647 0.00111492005525478 0.117192018339143
-0.0864539659540358 0.125367217145212 0.44174984038565 -0.41234248109341
0.0592107252406407 0.0936508588228018 -0.0306520630896429 -0.85851353461523
0.131064623648567 0.0109162679255842 -0.759817037458686 -0.416533210422716
0.0892667427738012 -0.0205410651735264 -0.577221849519811 0.347268660344995
-0.0146677728639003 0.0187940132385031 0.000587746454115102 0.439454080296759
-0.0575041783004171 0.0354578465479427 0.18190130185597 0.120606207543775
-0.0267172489907907 0.0324917159969004 0.0405383753302199 -0.171963665892649
0.00940841519505935 0.00321570057884059 -0.028504247438849 0.147443479112041
0.0218099994040986 -0.0438046648626932 -0.143220299690304 -0.113850668669782
0.00796285076376018 -0.0609421687767963 0.0664259361199141 -0.439595903713808
-0.0249467513748598 -0.0152740844053957 0.554628197483173 -0.251389357033504
-0.0742142519142307 0.035598777006926 0.707144058199935 0.477266031756785
-0.066493959082774 -0.0264023281273968 0.000287645253440322 0.863574563156896
0.0499900627850675 -0.0677257938262252 -0.426060728439811 0.420206262999805
0.0703839361448118 -0.054285193832675 0.0778946719391854 0.0467887547149877
0.0357407388853843 -0.0216626864691825 0.394842855236838 -0.536688516443968
-0.0146461993382781 -0.00823144341998781 -0.222032313361261 -0.852188061566892
-0.0285630210006371 -0.0138126712127373 -0.805238453508703 -0.236272689362679
-0.0415256400139014 -0.0650772853507753 -0.457457737248044 0.450000745441553
-0.0286200676889771 -0.067507773947784 0.0724461371416204 0.422053100617222
0.0139310220005872 -0.012585538725562 0.182472750577064 0.0657654164404272
0.0219785938177828 0.0265594032127477 0.021155956534359 -0.192588791097027
-0.00171997750283751 0.00490970810421898 -0.0254276861773186 0.14822637344764
0.0117296708960596 -0.0430931673760616 -0.114073626340878 -0.137923845901878
0.007549234549563 -0.0577028483092831 0.114373132401344 -0.45830814927713
-0.0100341093849958 -0.0104775346984848 0.576238173093769 -0.198310738637579
-0.059431131157332 0.0465174104295259 0.637296970820182 0.572138031384642
-0.0599451758630912 -0.00768740040468609 -0.109735329798711 0.873559346514648
0.0326465452213998 -0.0412596310031203 -0.440537833017255 0.383077279224483
0.0418509811703362 -0.0320830691538107 0.113628491465468 0.0288454759524407
0.0200393491240727 0.00624655895502242 0.361328309871606 -0.573343926840465
-0.00560217788883328 0.0129346049385105 -0.318454570951719 -0.808930781531272
-0.0133056418741613 -0.0130647080090254 -0.82657100981208 -0.134645071765431
-0.0352167822481701 -0.0689632736333909 -0.406842362996113 0.476875742750933
-0.028803775140988 -0.0626746607951876 0.113569171521141 0.383221171877391
0.00736550007711345 -0.00714504964777594 0.20434757003984 0.0377953983884878
0.0114679278480026 0.0299565961581185 0.0192304988643609 -0.187056847783402
-0.0135844682048304 0.00975585479368807 -0.0200988246718811 0.149001217401309
-0.00147394712584792 -0.0362211573927559 -0.0921082306860431 -0.150865826954245
0.0108880864150169 -0.0473140344758884 0.144728792387691 -0.468444877569509
0.0135529804406909 -0.00254985727588338 0.582366870500043 -0.158303455935852
-0.0385499112394206 0.0621516281420079 0.581966183549774 0.63633480316182
-0.0596404689169211 0.019440766209946 -0.184734688080502 0.878857626921402
-0.00203757213996495 -0.0133158828035651 -0.444061268496447 0.36239467848205
0.00285720943533521 -0.00507036944336263 0.137837395010881 0.0180599368901253
0.00557217123725859 0.0412860291033982 0.336506139703658 -0.593103496688547
0.0154532281782858 0.0322300243627714 -0.384753421473614 -0.774485874314294
0.0110378100441281 -0.0154716351537714 -0.841482984952488 -0.0687163792996074
-0.0227867119510261 -0.0674823732715076 -0.371860365417417 0.488909697520395
-0.0306039522872838 -0.0510039266586216 0.141969122122272 0.350322210905537
-0.00525838911989833 0.00091426907511242 0.220509201284659 0.0207749815137415
-6.5725889503692E-06 0.0319169895123964 0.0197354129716386 -0.18043224523263
-0.0245646937451917 0.0113857171862887 -0.0141739700533425 0.15071504784684
-0.0128916447599304 -0.0240917531531387 -0.0804023735830253 -0.155303016432273
0.0161068279798314 -0.0339609678827731 0.148361166631732 -0.473584930303525
0.0436889215215587 0.0054413055812008 0.576837313544264 -0.150429499684976
-0.0120188326541072 0.0759034040816853 0.557441588649238 0.654146211301484
-0.0621006144972764 0.0506977942464794 -0.209408653499381 0.882414218301124
-0.046123841355734 0.0157523727202277 -0.442053508310648 0.365501182734226
-0.0416834522740112 0.0245114758435189 0.143053029956481 0.020519852297507
-0.00738452403258932 0.0770199445891484 0.329188068327845 -0.591487838142414
0.0403614632485909 0.050232842045455 -0.40138518673691 -0.760759295228756
0.0430496983193081 -0.0166972911900753 -0.849126331338412 -0.0491231855287648
-0.00477011404807334 -0.0630592395550265 -0.367186740682662 0.488367810912129
-0.0316107224519263 -0.0350634129361292 0.151682176063118 0.336165528173606
-0.0210731362686178 0.0096635574849313 0.228830543085002 0.0177548574315623
-0.0119307241452549 0.0338155202205912 0.021214459559995 -0.176484409567935
-0.0331702955615797 0.0164376383624375 -0.00864650181009269 0.151469385643871
-0.0240222269519343 -0.0089275036565644 -0.0797734348022025 -0.14711364340304
0.0207846103874564 -0.0174849932196009 0.130910857328981 -0.475597028705415
0.0727376160978954 0.00981686495246065 0.558314431584981 -0.173979450351423
0.0178183061276686 0.0854917260977052 0.572276518394426 0.627744107894988
-0.0610531113816045 0.0806616444759638 -0.178386737618151 0.889813213334772
-0.0880318481547201 0.04629664059879 -0.435139127529664 0.387768034287091
-0.08588136331761 0.0497422385044665 0.12874760904375 0.0338150072688146
-0.0229890230815898 0.108478386477149 0.341780677760382 -0.568980954682561
0.0631138634919306 0.0669335241909863 -0.375014156256614 -0.768975718124771
0.0758448269968109 -0.0155851382150158 -0.852593431918542 -0.0766311839836909
0.0191040924357054 -0.0531643807779957 -0.388208204546358 0.47735441981754
-0.0321691746240747 -0.0178764492519239 0.143642576023731 0.342547228029826
-0.0375042216197033 0.0182846391016533 0.231688766217589 0.026126651499621
-0.0221090836760202 0.0340691760935968 0.02495206683956 -0.172250169685675
-0.0383718914435619 0.0177880349438056 -0.00670133407589799 0.153448699135319
-0.035395886793225 0.00743750503016698 -0.0901713653306388 -0.127793268482426
0.0216738410887873 1.35100297327809E-05 0.0934466642897863 -0.472200420851329
0.0954084106424511 0.0115725318409535 0.528909856751685 -0.22565347067349
0.0480673385676465 0.0843195806675396 0.621916924357027 0.557525220674142
-0.0493204971166988 0.103278730744145 -0.0994587997340303 0.893574169874304
-0.113431350149789 0.0712080940762308 -0.421722283170687 0.429795861809213
-0.121017632217567 0.0681829834788002 0.0979998726513042 0.0567826666501141
-0.0423846958571492 0.129088429352725 0.368159240136322 -0.530592461544197
0.0755901788294526 0.0800621886399528 -0.298319738307931 -0.795807869733968
0.105139098336352 -0.00967851792583809 -0.84583513205554 -0.155809501794721
0.0444671195091158 -0.0419953263925118 -0.439489892883375 0.45545804836986
-0.0294473512534432 -0.00196484786180513 0.11245636784889 0.36570960769082
-0.0490479050294789 0.0261717648957398 0.22487318834306 0.0497727024726991
-0.0288444100017764 0.0344340996545554 0.0295254114977906 -0.169963474788495
-0.0402519523035494 0.019685443738491 -0.00348974211858297 0.153910203036179
-0.0445393600279849 0.0218774206066118 -0.109233077845119 -0.100632909154914
0.0205959573698598 0.0171871363456294 0.041548943250414 -0.455977133940277
0.107717152508317 0.011210911772155 0.486374276777559 -0.290224661513093
0.0736911337474845 0.0749512194623463 0.681727968542549 0.45150964847405
-0.0286491310241439 0.109087662191317 0.0169706483538061 0.886758215423931
-0.118046200808562 0.0881423860457422 -0.398690538986618 0.483198150902259
-0.142227423046954 0.0750030454469302 0.0529472187329288 0.0866080474755096
-0.0641806392202254 0.136117071605199 0.402731951321697 -0.477796461526219
0.0743783803292309 0.0916012715832927 -0.180467323881986 -0.829508960558563
0.124696969700979 -0.00126150412571188 -0.817834732788563 -0.267351046552273
0.0699336638192166 -0.0306214854886145 -0.504140916761292 0.415242659483957
-0.0233732907147996 0.0117747888224977 0.0639347212824095 0.400964136024973
-0.055817810358309 0.0315341332209993 0.206551147097471 0.0815267174470367
-0.0291946981925673 0.0330309157201276 0.033856814981833 -0.170675765012405
-0.0352778943399359 0.0194222027835687 -0.00225667287816144 0.152580278765186
-0.0482787091835523 0.0309994279108507 -0.132177340147113 -0.0690456891530167
0.0167706213087341 0.0300645500469805 -0.0144508082850679 -0.428669893711096
0.110044945575937 0.0128611267782306 0.437075336703725 -0.349698436623946
0.0885977458750581 0.0591049589310736 0.734417737765953 0.32529170509021
-0.00612154990350516 0.101753634378107 0.148396365706945 0.858604485422039
-0.1046399212548 0.0917456738801525 -0.366883560294179 0.534689184720355
-0.145857070797546 0.0701078571935289 0.00358609886269721 0.117113214667156
-0.0839954655551751 0.125995350799047 0.433862273464558 -0.417762662033383
0.0593081765486225 0.0926254332546265 -0.042701227594723 -0.853965307574607
0.130012688552358 0.00847379873883772 -0.763046700209711 -0.403830639814135
0.0895072624983673 -0.0214240423635518 -0.570632477356275 0.355492703999224
-0.0145594155416534 0.019186958207444 0.00657044372411224 0.438031533292813
-0.0563801855892675 0.0363138341562309 0.18296512922372 0.118171979961502
-0.0260058875316881 0.0325617571362518 0.0367296174612966 -0.171850374673288
0.00993702863547371 0.003532739328068 -0.0258239745654308 0.147588368550808
0.0198848780687316 -0.0417382342933268 -0.143486487733985 -0.11165248199962
0.00818479164038647 -0.0605693891684297 0.0605205152326081 -0.439752751668328
-0.0250865658696931 -0.0161001217220478 0.549709320482085 -0.258533771306869
-0.0728183495425769 0.0364463317818211 0.708933220830566 0.46344681602824
-0.0658686424361913 -0.0252631950824296 0.0114392084979599 0.85926532113854
0.0488761053361523 -0.0680168643124478 -0.417162275108435 0.424237189542084
0.06965400118506 -0.0555740496483343 0.0778147030630754 0.0456871005146005
0.0353770722424742 -0.0226466722412175 0.385626928178553 -0.539885330500788
-0.0150817528126844 -0.00797526501975834 -0.230058784622196 -0.844665548736123
-0.028798716640611 -0.0127039575727878 -0.803198590681857 -0.223753201446512
-0.0414105666369027 -0.0644763911872117 -0.449819686243242 0.454912602835369
-0.0294783945917015 -0.0661457192568999 0.0790157745872346 0.419983992024502
0.0136009447264914 -0.011729865709111 0.183139581431186 0.0633992431282453
0.0226913874850321 0.0254536597967788 0.0176014284908329 -0.191114567173887
-0.00122757014497899 0.00438038254787053 -0.0237787061135072 0.147459190002256
0.0111288880763765 -0.0419408697953568 -0.114457050412707 -0.135228068471542
0.0067330337921616 -0.0567618981259203 0.107835966708491 -0.45777262715552
-0.0111541490510259 -0.0108892504718341 0.570663507143204 -0.205196226020731
-0.0584780754388572 0.0479325833383401 0.642909777601072 0.558240995917819
-0.0589899881578951 -0.00674368938881579 -0.100435722766419 0.871135245378477
0.031110366060368 -0.0420033524427791 -0.433102805905247 0.385789240779294
0.0411554850965283 -0.0315471216999771 0.114414784900017 0.0278100439025747
0.0193651304073175 0.00642657435758442 0.350676316849333 -0.575114719633154
-0.00505011607068855 0.0134352696244909 -0.325043497427115 -0.802609517697146
-0.0135576995794656 -0.0122718131985866 -0.824338938917053 -0.122085966732974
-0.0363135400662891 -0.069002978050421 -0.399083722447284 0.480872424054067
-0.028791924860312 -0.0622549357922883 0.117798910581456 0.379459291955613
0.00620829786509797 -0.00639562550007395 0.203329978464779 0.0353304554794364
0.0121406855566525 0.0294599815326935 0.0169884236150727 -0.185992673977908
-0.0143872476363785 0.00886432266365013 -0.0186988712414894 0.149434955065707
-0.000133205661186943 -0.036108054783452 -0.0938087474882837 -0.150725668923813
0.00966913715172025 -0.0478211713887958 0.136804644508333 -0.469214696189928
0.0143244350588327 -0.0029533380602889 0.578772660700538 -0.16561990407158
-0.0373803636934526 0.0626334744812648 0.586585888906425 0.622839507809939
-0.059293838446938 0.0194811255273114 -0.174293081043109 0.874724641044753
-0.000916470667437445 -0.0128497604327607 -0.437111508220693 0.365681642281136
0.00153182427498669 -0.00474076660912132 0.137170239646458 0.0164127509192145
0.00566879788695814 0.0395530840568163 0.326915286346801 -0.591624214685651
0.014755619140519 0.0318185727612323 -0.390791710211475 -0.767090097746587
0.0109921357837969 -0.0163290106027337 -0.838440556907756 -0.0567445075873355
-0.0238071803206495 -0.0676364951545881 -0.364841166031941 0.492067344730899
-0.030169580590484 -0.0500792773280356 0.146639209393516 0.347891298151063
-0.00457293808842473 0.0017684956727514 0.219087558586737 0.0181033352595032
-6.47924110744325E-06 0.0324948889948726 0.0181061895100406 -0.179506437890372
-0.0244333185889765 0.0119035058758502 -0.0122866623569101 0.14936989602747
-0.0130541739262339 -0.0231995274131235 -0.0816656913040714 -0.15401978321125
0.0155689449742762 -0.0335076239014866 0.141600955710954 -0.475366533639103
0.0425791928942443 0.0044434306021317 0.571603484464357 -0.157057971712481
-0.0107739395599667 0.0768424705203618 0.564016171387073 0.64320441792468
-0.0614539155284326 0.0510032229576492 -0.197947051877069 0.878628072553114
-0.0452890820852542 0.016586812049149 -0.435378066082908 0.368003944628409
-0.0415515296318457 0.0244433802444983 0.142817659129143 0.0184232916761528
-0.00613881951815727 0.0760991847828981 0.320737546026585 -0.591420078577979
0.0407915794345446 0.0492257568712859 -0.408823479667831 -0.752656753854775
0.0420488993457484 -0.0174876716861046 -0.845936190628016 -0.0366451905562326
-0.00488857174256507 -0.0617793915738472 -0.356802412072873 0.491369755005198
-0.0316317815603877 -0.0348253262863783 0.157034306287321 0.333170123265428
-0.0206975387316405 0.0104418620698384 0.229473696438556 0.0141496811337551
-0.0114335516191517 0.0344723564116075 0.0192747448324197 -0.175070885465319
-0.033962196783001 0.0152955763850869 -0.00689976650521549 0.151625699379529
-0.0246216020682874 -0.0076592566738605 -0.0819648828414008 -0.145386761448895
0.0202976181667606 -0.0177668105897444 0.122959983154704 -0.475026672030414
0.0717018484640158 0.00814579635808529 0.552247407328454 -0.181360877776754
0.0189908657883743 0.085286680562316 0.578274006436415 0.616230362284793
-0.0590803053474721 0.0811575137222286 -0.166896149712239 0.886863127598041
-0.086436917322499 0.0465797236806931 -0.427972033958186 0.391324285967536
-0.0847764747960764 0.0503644871152511 0.129035753914442 0.0315359393526868
-0.020693754503242 0.107217529983457 0.331880269352373 -0.56969930789675
0.0629850359001009 0.0652389129436343 -0.37977794561472 -0.760271185165345
0.0748975366470601 -0.0163081628659102 -0.848054219289839 -0.0651223607251465
0.0177235365456199 -0.0531219421066112 -0.380692618744418 0.481322331896324
-0.032154378964757 -0.0170278506181812 0.147359602869108 0.339176067295117
-0.0363994012671109 0.0191533159538873 0.230916634278389 0.0233522777056892
-0.0213585425090606 0.0349467225254971 0.0227503240495755 -0.170917394543844
-0.038084013236493 0.018690700802237 -0.003269246807582 0.152351679607671
-0.0354599335098634 0.00808585439932638 -0.0920729729376966 -0.126431358943606
0.0219122313422016 0.000971666365896863 0.0865972591517933 -0.470336217740923
0.0950205058869983 0.00941382768775064 0.522610678727869 -0.232502357315489
0.048239535787563 0.0841719318934851 0.625692874468764 0.54405410998082
-0.0472938870534809 0.102856434457442 -0.0874254763460487 0.891046413658797
-0.112817844815034 0.0728386733773964 -0.415703313696314 0.431966293599653
-0.119825958786863 0.0687526551088202 0.0980892671883534 0.055257748774149
-0.0400082012110124 0.12841816003671 0.359435167264842 -0.532915678368483
0.0763931850087851 0.0801813308271645 -0.304259093418039 -0.788859031146059
0.104686733498773 -0.0114592720785801 -0.843279306934646 -0.142837229792234
0.043631363403 -0.0425190954778768 -0.432473115302961 0.458839140411218
-0.0295037611460857 -0.00211100129465569 0.117103390378854 0.362646820408747
-0.0482486056532125 0.0266096437907225 0.224019692649811 0.045936873189519
-0.0272362154863579 0.0342590572068348 0.0278248230146863 -0.170008237415149
-0.0394836292571676 0.0201404096560181 -0.00116859562883344 0.152757173497129
-0.0433093935378751 0.0224651044207825 -0.109566072154938 -0.0985236854439658
0.0198607555684054 0.0170149327235261 0.0359703652450444 -0.454312543057587
0.107500821082134 0.00971027455524592 0.481878673189659 -0.296417145878548
0.0743815166845777 0.0740429496231001 0.685778973801258 0.437201640431217
-0.0253918481410957 0.109616935949719 0.0280642649864385 0.881527859866079
-0.116158422495596 0.08924768708607 -0.390624351371551 0.483903726727364
-0.140328420159712 0.0755312954818615 0.0539155435964475 0.0852012996544822
-0.0624309155842258 0.13586431483568 0.394807299763825 -0.481237327226449
0.074943047820479 0.0895190394322563 -0.189588257347871 -0.822515620203834
0.12412225420937 -0.00269055161340533 -0.817341885113336 -0.255919924284358
0.0690984609947944 -0.031701428413724 -0.497459113125025 0.421188132115682
-0.023011402217769 0.0108976039629219 0.0695142480653958 0.398999615090258
-0.0551353849003128 0.0332467445231755 0.207527301020696 0.0781128726541093
-0.0277909627176371 0.033104685636014 0.031351552101273 -0.169956335636635
-0.0351245934349173 0.0195548196348431 -0.000573346613866733 0.152279024899355
-0.0477045227382995 0.0318703927245385 -0.132421975821235 -0.0669419910102232
0.0168403242319094 0.0297098897285855 -0.0198701841931577 -0.427404248728321
0.10905840565729 0.0103711877268278 0.430286535768874 -0.354944011148769
0.0888896760037236 0.0587010404709489 0.735259716649038 0.312673340773604
-0.00452503704181435 0.102386523431656 0.157120612447037 0.852104124152503
-0.103112868379645 0.0928257806962188 -0.356765672797858 0.537880582512542
-0.144225089585363 0.0718159733969949 0.00398002014897923 0.116607828814029
-0.0810212135534533 0.125847563978302 0.424535946285938 -0.419739207044573
0.0606991012276724 0.090814849212737 -0.0528299984240191 -0.84842556569559
0.128851979629931 0.00709004575231126 -0.766234305519182 -0.391570238558941
0.0868587315354208 -0.0230767588462583 -0.562627432217832 0.363033750113824
-0.0145651312375651 0.0182506447996453 0.0128385704180379 0.435322450134558
-0.0547411278249709 0.0373941734480424 0.183170044626575 0.115140888749004
-0.0244891551271922 0.0320006888450619 0.0345330481478373 -0.170548125788074
0.0100885318729463 0.00314210543307878 -0.0243798769857969 0.146910000866635
0.0188613266460734 -0.041731223463957 -0.142635957691466 -0.108681094784712
0.00733439640608898 -0.0596941394463793 0.0537779937350008 -0.438485004567887
-0.0249696682400918 -0.0151774217129517 0.542778679654954 -0.263904381368587
-0.0716834002423377 0.037953904324625 0.710040345590494 0.450223898285159
-0.0665769138398095 -0.0244784047266568 0.0207919970750768 0.854081234297346
0.0475422969346199 -0.0677628612576835 -0.410063914834757 0.427562164162173
0.0686432287243665 -0.0566667714102859 0.0780561694097277 0.0441499529459067
0.0353811852104414 -0.0231724131522176 0.377177809484408 -0.540355652746568
-0.0158739319979451 -0.00795500433387463 -0.237885049117793 -0.834470912112291
-0.0282622925923144 -0.0125377967861564 -0.798314889253085 -0.213270296320864
-0.042065138502658 -0.0632697570773876 -0.440453275040117 0.459779355082459
-0.0299712587306975 -0.0657414774542965 0.0833397992118824 0.417703473473042
0.0140107336537947 -0.0114518633161679 0.181989176716372 0.0612433844506219
0.0231087673139744 0.0260673988697937 0.0158988153353341 -0.190195110845008
-0.00201038004646699 0.00523279200479515 -0.0216040803182166 0.146653817271542
0.010223398617608 -0.0414216881317644 -0.115144817647623 -0.13321626229813
0.00684814169175716 -0.0566363127634265 0.0996556819680473 -0.45875514327109
-0.0101051602330282 -0.0101680660181802 0.564828856114966 -0.211360984831523
-0.0573904524378385 0.0491145037033769 0.643733041769605 0.545488235738002
-0.0591028798874488 -0.00622107818404714 -0.088519972821318 0.86408372403727
0.0313983596803572 -0.0425040874069793 -0.426005681705502 0.389597940072735
0.0399591728621928 -0.0331878430585053 0.113313244987633 0.0255963636604621
0.0202471517106169 0.004802049761741 0.341431890316606 -0.57465416578718
-0.00502510443868358 0.01224696942122 -0.333924677957633 -0.791769773397482
-0.0131864988480477 -0.0127848372979878 -0.821580338148142 -0.112139512182298
-0.0352469204765863 -0.0682032205965252 -0.390865463600673 0.485567456825691
-0.0290454444776226 -0.0612686829449034 0.1224188779274 0.37656719829598
0.00788148451271144 -0.00498033848834564 0.202400953851863 0.0321208417656034
0.0126891255991497 0.0285905472944959 0.0144395317827167 -0.185505765699555
-0.013753029696441 0.00953144219808326 -0.0155302326945411 0.146721156944407
-0.00108046130799526 -0.0345553110557215 -0.0942589683737176 -0.148032704369533
0.00987157508449947 -0.0469865068127195 0.129508743538945 -0.468442724320989
0.0142263341312538 -0.00288814995737979 0.573283439009071 -0.173424514456195
-0.0359881749244515 0.0634444235188208 0.591107681378884 0.60996482087438
-0.057633890359971 0.0203209343067353 -0.163230220606527 0.870831995630536
-0.0022108617173426 -0.0145011242547024 -0.431444932932708 0.370187419336299
0.00267432550611884 -0.00487510295599163 0.136569217929851 0.0152221966332714
0.00609386289622044 0.0394607221028386 0.316881793761309 -0.592037565248017
0.0152992869659987 0.0310707058907336 -0.397717607172987 -0.756644727391237
0.0113888652689812 -0.0151841994780962 -0.834059108427779 -0.0466379191614305
-0.0240038451020596 -0.0661434821311564 -0.354063047482534 0.494529752846178
-0.0306458936472355 -0.0497990273158105 0.150805573889436 0.344112918765434
-0.00517014022025614 0.00220873979563026 0.217477454746571 0.0151193975596874
0.00169550977947962 0.0313211062612701 0.015193539233122 -0.178603322391304
-0.0236812301089649 0.012026053249413 -0.0113318287478817 0.147507620142473
-0.0123097553327813 -0.0223712529452909 -0.082676647767675 -0.152252495924728
0.0160231803587785 -0.0333895019967092 0.135295636739474 -0.47296571521988
0.0436565449566002 0.0036152086169501 0.565848267618631 -0.164946241480438
-0.00980967544162157 0.077667750090378 0.568558693950651 0.628096976105872
-0.059816952816632 0.0517023478560672 -0.185389185086675 0.875804343070764
-0.0451334336980947 0.0169763485453527 -0.428146214533753 0.370377354204614
-0.0411564134289848 0.0246937356546004 0.141858124187946 0.0175051758893298
-0.00496682729635971 0.0750878779357067 0.311249153760737 -0.589764813874133
0.0409766687199303 0.0482650566581496 -0.413946429170145 -0.741552947029508
0.0417979721882618 -0.0181115718198196 -0.840953996225555 -0.0259073933755151
-0.00544068979460308 -0.0613625488809332 -0.347654796971214 0.492984774125946
-0.0313418914229301 -0.034120324232654 0.159891875097664 0.3286960302321
-0.0198172800164945 0.011520407956834 0.22769104062314 0.0118270582298821
-0.0103203296621636 0.0341202340403795 0.0162766683073493 -0.173671486830373
-0.032823150843789 0.0153098500858084 -0.00563315642494165 0.149760533876214
-0.0243564328775007 -0.00780122342745355 -0.0822460966676834 -0.144094625276243
0.0194770812589084 -0.0169963090833024 0.116936369660622 -0.474629388375533
0.0709733674971812 0.00753059831054573 0.547338860610232 -0.187513438927227
0.0194900578570843 0.0855794264303282 0.584183069282001 0.60318503306529
-0.057449240974625 0.0814328688727852 -0.156885679826115 0.8823566437328
-0.0846486368339156 0.0468064589411231 -0.419981762172067 0.395024800673482
-0.0836605848100563 0.0515102280891205 0.129101834263805 0.0299485453653811
-0.0191487961801866 0.106474831576364 0.322152580031255 -0.571103987006903
0.0640488509002853 0.0642769488762642 -0.385536623728695 -0.750746703797412
0.0744738096490659 -0.0175023597028376 -0.844502628935666 -0.0536424463604742
0.0177239496673455 -0.0528319047551576 -0.373156900170727 0.482337369624911
-0.0319922238914698 -0.0171474198219977 0.151330341772768 0.334598259384572
-0.0354472632691426 0.0198998307073129 0.230304264772094 0.020807942120249
-0.0203954672104904 0.0351218856299767 0.0213285511573819 -0.170581473627624
-0.0388452972435544 0.0184663423824808 -0.00125722288684347 0.15117578472148
-0.0350690510218285 0.00903035278043664 -0.0910308352920506 -0.12505206631919
0.0213995226326982 0.00090574979575021 0.0797056696702035 -0.470151277746219
0.0931845490487723 0.00842632812253541 0.517495451176151 -0.238013627040989
0.0500036151648107 0.0839185885116762 0.629229111769751 0.53099081586995
-0.0460067916227665 0.102459068326825 -0.0762559929018879 0.887093814253809
-0.110466788338059 0.072371993798723 -0.407286625147275 0.434585176006918
-0.118757153790562 0.0700465316402765 0.0979672366746609 0.0537722911991826
-0.0376338535397731 0.126973702339866 0.351762771188646 -0.533336373558973
0.0774989652968169 0.0778061432307507 -0.313530840294252 -0.779699770516492
0.104042241683565 -0.0122143693189922 -0.841033315368123 -0.131886008841602
0.0425562591776581 -0.0434602785281135 -0.421457891629965 0.461397074556634
-0.0291910728867734 -0.000804935977346839 0.121614283251444 0.359259650929641
-0.0471208021712894 0.027095483376995 0.223059551917747 0.0429846629961595
-0.025891500411319 0.0346692086673942 0.0263348433691939 -0.168932505035931
-0.0386722769428235 0.0204406547691352 7.50099105740591E-05 0.151764628032176
-0.0424019315272991 0.0234564173650646 -0.10974662189624 -0.0969274595230596
0.0197223673382969 0.0166300969312394 0.0275965079024308 -0.452452559410741
0.106397616160188 0.00770119315380621 0.473764713986824 -0.301331890057217
0.0749156888765182 0.0726514929490505 0.684553514918848 0.423468432177941
-0.0243247249262868 0.109858657781814 0.0378674581144889 0.876068256580245
-0.115631637317865 0.0897150708602831 -0.381753208507028 0.487352137562505
-0.138409590660774 0.0774995730227106 0.0541381413754392 0.0837092306743203
-0.059754971001724 0.134684663796216 0.386006929960561 -0.480814802100944
0.0751602106185713 0.0886181933292284 -0.196193507180905 -0.81550412069934
0.124241746891441 -0.00308381818080228 -0.815393315566466 -0.244910077004372
0.0674525202221906 -0.0317585925098293 -0.48844952357941 0.425103572645223
-0.0228058517596353 0.011465082089484 0.0738893586457137 0.395982011916719
-0.0536146427437417 0.0331241734495326 0.206243879558183 0.0757300573426712
-0.0275986757722279 0.0334272388316916 0.0296710772567938 -0.168508462759371
-0.0347502716496083 0.0191182690556025 0.000467804078753418 0.151148710765106
-0.0463345239080811 0.0314031369386798 -0.132469888216697 -0.0648738366588055
0.0169052385546066 0.0293082963550357 -0.0254325564243325 -0.425125085024439
0.109220029304664 0.00943946624808724 0.42197051330037 -0.359406128208193
0.0901011482728102 0.0578480509300039 0.735605908848701 0.298845764776363
-0.00317540115152729 0.101274797788707 0.166747832460047 0.845510396457358
-0.101234737404233 0.0929911741602321 -0.34793072972757 0.539559533826106
-0.142680022435196 0.0731615139495367 0.00537878955048886 0.115435653206936
-0.0789048973010759 0.125407222974786 0.41606279969823 -0.42200712214401
0.0605452759453367 0.0894435701210091 -0.0613789741399571 -0.842699832334593
0.128362885431101 0.00516332656747352 -0.765203003545426 -0.378739568878518
0.0860820968604001 -0.023415696169368 -0.555450751855877 0.368735876767329
-0.0140490117224357 0.0186742344607441 0.0184215730686563 0.433855802482123
-0.0544103582817039 0.0377008753457434 0.184352077362565 0.111243752265796
-0.0224284397127376 0.0319957331226918 0.0320905256129374 -0.169696659712365
0.00938747159498961 0.00259826672159413 -0.0228781180049917 0.145243494842715
0.0185056348598717 -0.0410859490428571 -0.143672421238695 -0.106878473609418
0.00704398187704935 -0.0579517585165284 0.048744791635158 -0.436869764878612
-0.025350074046458 -0.0144650253663355 0.537834025808411 -0.269526144292103
-0.0718406367808082 0.0389554128209886 0.709935099679798 0.437824593791849
-0.0655105430611889 -0.0237263483396918 0.0282555386659851 0.845006189874436
0.0466765987206557 -0.0692362047008523 -0.404678663988926 0.42773159837152
0.06724266596219 -0.0561758648628481 0.0790533128906696 0.0436649243153901
0.0349445543096144 -0.023849301719706 0.369811659212513 -0.5399452997641
-0.0156548736452793 -0.00784802866393465 -0.24363436892687 -0.826016722004938
-0.0283052046180291 -0.0116021538191969 -0.795870126128795 -0.203434745661012
-0.0424122379708795 -0.0624086748083591 -0.432365040575117 0.46066494613545
-0.0306403953872403 -0.0646921496647368 0.0889350083483289 0.413765983169849
0.0133517301247305 -0.0103653736220026 0.182464635199566 0.0583184440481494
0.0234926005181523 0.0255565979822608 0.0140660404924245 -0.188809223340531
-0.00154280514125333 0.00422824468707454 -0.0194741730439221 0.145403113052443
0.0083253593275542 -0.039973817994259 -0.116218204192586 -0.13131415612418
0.00671638443166962 -0.05573360585249 0.0945294181460613 -0.456362991703348
-0.0109367253543062 -0.0100818555604857 0.560006294532936 -0.217139589760282
-0.0567883389734777 0.0500156653618139 0.645164066393273 0.533925676391746
-0.0590140188149563 -0.00486479779430699 -0.0784438577074209 0.858466776194126
0.0299650219188174 -0.0432959079611734 -0.419022639676896 0.391971172797277
0.0389644072140254 -0.0330091563481687 0.113590371490773 0.0248133253017968
0.0190232430058019 0.00398627029208412 0.334648286368733 -0.575060721582892
-0.0048768670750127 0.0123159685171116 -0.338532893307792 -0.7822436253264
-0.0125401065074914 -0.0119777639539258 -0.815701493686827 -0.102346931804051
-0.0368198109245169 -0.067038067848868 -0.380516624434887 0.486446890249984
-0.0297458647217435 -0.0605260465785506 0.126738357956616 0.372611277168219
0.00757066209572741 -0.0046562267901855 0.202351754228331 0.0302299606206192
0.0137600672668175 0.0290744883933559 0.0130023732057469 -0.182870061227702
-0.0134233913799528 0.00865111958766247 -0.0150346596941074 0.145450786814288
-0.00274398985927997 -0.033525859270958 -0.0955399495156551 -0.144996470597131
0.00970249369986076 -0.046702915777082 0.123518647043979 -0.467806540278047
0.0139400784065641 -0.00294989294379987 0.568690780907303 -0.179379886439503
-0.0350510486313575 0.0638912369604517 0.592793008879364 0.596785091110943
-0.0574105239044095 0.0207930341734828 -0.153716402579532 0.866713580863771
-0.00157396781036864 -0.013689285997788 -0.423754679644768 0.373168062329694
0.00165650268689742 -0.00465295475406518 0.136710759259641 0.0137262992296996
0.00682864233555345 0.0383953012761349 0.309162890233508 -0.591155087142615
0.015586875574908 0.0304877485854336 -0.401196357983495 -0.747585476800872
0.0110846626127797 -0.0151307270467584 -0.828639927254372 -0.0380948780618892
-0.0241144231254261 -0.0651077923419159 -0.347765569365617 0.495541458149008
-0.0309174553783738 -0.0489670171031127 0.154267334151934 0.340926279924181
-0.00461139624667246 0.00425754532954895 0.217974476717337 0.0108898971625884
0.00272512583370968 0.0318700496942599 0.0139674421132999 -0.177883141363666
-0.0242990136457421 0.0127904170788437 -0.00831590573521101 0.147111483821018
-0.0129385583570057 -0.0223906860816242 -0.084490716340269 -0.149552671868003
0.014505674131813 -0.0327623371790672 0.129207958204238 -0.472725278151869
0.0424832584575155 0.00337913990896992 0.561599045139488 -0.169653893025857
-0.00969626251521752 0.0772283232632726 0.571878508570056 0.618193813889264
-0.0587084491689417 0.0513828730732402 -0.178270677382079 0.872502049348279
-0.0443893267637431 0.0169578814866555 -0.421555737986329 0.372583170069873
-0.0409864195536182 0.0252086264582238 0.141894271842115 0.0154363227316261
-0.0043691100233479 0.0747756552556156 0.302915914974895 -0.589779712053246
0.0415648236585351 0.0473387298411714 -0.417344335329723 -0.732404892348837
0.0419560290888436 -0.0178911866804405 -0.833455697463301 -0.016974007665894
-0.00651465151144644 -0.0609923558225746 -0.339919983325451 0.495637408262807
-0.0321195900752093 -0.0339254840954979 0.163403426428731 0.325542755024627
-0.0202184829720965 0.012807300238539 0.226883380271861 0.00888546983193063
-0.00931689709973704 0.0341667998897886 0.0155855931265709 -0.172947045055101
-0.0319359384142823 0.0157526671076803 -0.00419950015542225 0.148144203008159
-0.0240776243569016 -0.00575236121677321 -0.0842058126490609 -0.142119809706968
0.0197706476448921 -0.016721359184814 0.111181977711408 -0.474408718921283
0.0706973378970792 0.00662745891964741 0.541154971973941 -0.193944366529213
0.0204431890793202 0.0851226056482934 0.58765781186412 0.590963883986651
-0.0559698222808744 0.0811002153766656 -0.145524243306914 0.877654880741736
-0.0844679792017843 0.0469636791936656 -0.414240477323552 0.396768859030848
-0.0825510899422925 0.0515059983459865 0.127618508785026 0.0281785774989456
-0.0181677770241389 0.105069209222343 0.315733082321319 -0.570688339373142
0.0636278009852862 0.0634549468355514 -0.389329242051512 -0.7413764816385
0.0731151204382262 -0.0174845748145329 -0.838125285805175 -0.0453879811429241
0.015837769523048 -0.053397948961212 -0.36314701841906 0.486453591780102
-0.0318504466684665 -0.0171841471231208 0.153609686307411 0.331513786726495
-0.0341146731299197 0.0201682863272853 0.228768778467736 0.0185063252166652
-0.018968926940479 0.0349732271085289 0.0185114568042637 -0.169726563740357
-0.037355170152399 0.0191181036321242 -0.000519081919820597 0.14908905602949
-0.0341216035752238 0.00952541489610134 -0.0938492842478566 -0.122588090889978
0.0212940892845895 0.000235890997739875 0.0734189829609184 -0.467010028140442
0.0932560506570932 0.00661811798889408 0.511609535192712 -0.241154214786767
0.0511011686701567 0.0839823860640642 0.630415659365583 0.518790953942511
-0.0449807652213864 0.102271532684913 -0.0688968179870244 0.880863801183414
-0.11009383498796 0.0727296064076746 -0.400210114533751 0.434721780174135
-0.1161717645546 0.0706779859784403 0.0974274286126696 0.0517185020901647
-0.036570672579528 0.127133961555297 0.342449887388842 -0.533588020722409
0.0770297167008588 0.0770779090568404 -0.317391890330016 -0.772914105328021
0.104310594247101 -0.0129640295169888 -0.832635147133676 -0.121846926901978
0.0428329742323907 -0.0432108107545433 -0.413402003589607 0.463818101609189
-0.0295898071109132 -0.00128462908715113 0.125726807206114 0.3566189268221
-0.0463830705231092 0.028339629621465 0.222817257000743 0.0406546927486029
-0.0252577064766387 0.034462398379919 0.0240359871962381 -0.167930805950125
-0.0379945238575813 0.0204521422119134 0.00151167838856732 0.150807151413998
-0.0420720632597229 0.0230558522748624 -0.109557784315429 -0.0949178771231325
0.0207515065609672 0.0161017583258128 0.0241443474589422 -0.453296154774454
0.105468880405772 0.00656874774491442 0.468008758139288 -0.306806813086097
0.0758646694391021 0.0737906937793593 0.684669685855167 0.413598646563582
-0.023316987514972 0.10885573770747 0.0467144687335166 0.868054685884372
-0.112551830233294 0.090907931481956 -0.374202411648251 0.486984911258505
-0.136345022167966 0.0775587711707622 0.054408978068458 0.0814772497706034
-0.0586088414881293 0.133945866554698 0.378164932990626 -0.483484664562495
0.0751542757341458 0.0873845495968935 -0.200794899569657 -0.80812700525808
0.12327981166628 -0.00472101846832178 -0.811279770258601 -0.232953720774396
0.0665839514920111 -0.0325050795331355 -0.479245045640113 0.428926599281439
-0.0217480105623081 0.0113200619063611 0.078434380987333 0.391569299226211
-0.0528914749630256 0.0341265668302791 0.207264460223174 0.0723139718345418
-0.0253473185399244 0.0327969388277081 0.0281377257105308 -0.168258852173911
-0.0342440459876231 0.0196472277663899 0.00156253822375899 0.149701636637175
-0.0452915944511309 0.0318663365164777 -0.131651558751426 -0.0631616355239913
0.0169317414338553 0.0285930537953098 -0.031151228494854 -0.422850576013999
0.107485377084835 0.00830790712647916 0.416065186851773 -0.363583450004807
0.0899657435685398 0.0573827334633605 0.732795851331767 0.284774002419847
-0.0026638481636418 0.100501539874037 0.173924223729886 0.837297798914348
-0.099371775049768 0.0925156382593412 -0.341226782455028 0.537734834591744
-0.141176053490491 0.0752438917197022 0.00625941584055313 0.11408886288356
-0.0768906305204045 0.125392284873117 0.408824917918635 -0.423097370743974
0.0612720593254302 0.0885477423073495 -0.0680082374383773 -0.835755414301161
0.127773905618202 0.0040123763808102 -0.763230993576311 -0.369015814024236
0.0853414485813364 -0.0251529062190971 -0.54629996532143 0.373200863957929
-0.0137479899860472 0.0179078183912489 0.0217912338855635 0.43025191463375
-0.0532193644617735 0.037759229935329 0.184177516986679 0.108980390154561
-0.0218420779257012 0.0321451376066677 0.0305956797538085 -0.167577087165589
0.00925057083679845 0.00283829139536751 -0.0210298103052409 0.144359481405766
0.0176500793989377 -0.0400505070302735 -0.143509723730145 -0.105121689832687
0.00686140791038537 -0.0568730624339729 0.0431519841110752 -0.434548718995886
-0.0255294076472652 -0.0145154202910046 0.530803882435069 -0.273965978751562
-0.0711774454049541 0.0400263017233682 0.70914051603229 0.425577156496005
-0.0650670975788549 -0.0231910231675338 0.0346596225326472 0.838696796909881
0.0467288658386384 -0.0693021969810716 -0.398112879701528 0.428055732347289
0.0661941951166603 -0.0569421523720004 0.077598861818137 0.0423827447278753
0.0337664637112117 -0.024259346102362 0.361339253242101 -0.537664102742296
-0.0162058923688674 -0.00787852894165119 -0.249621419245058 -0.818957454709146
-0.0277996631268598 -0.0107840114857214 -0.790751788668938 -0.195307416617729
-0.0431213205599577 -0.0612565042944607 -0.42363282240287 0.462793837478256
-0.0306399079604872 -0.0639722781402756 0.0931289578694463 0.410874219274485
0.0141789816511496 -0.00967833962299857 0.18090648474362 0.0564618793495637
0.0243319461867072 0.0252628942746583 0.0119177055364816 -0.187319509620299
-0.00168465294571242 0.00458109768257901 -0.0175154417537204 0.145142968502089
0.00915249885680226 -0.0400728603750495 -0.116053527827988 -0.129306318422666
0.00605651095487759 -0.0550975874906941 0.0887951027180549 -0.455747021954721
-0.0106711387517687 -0.00962428584779541 0.554811824437217 -0.221457420016164
-0.0554603366944621 0.0507463606779921 0.644766975920548 0.52057243593941
-0.0584285176861004 -0.00487504364445758 -0.073124886491685 0.853338082210447
0.029551011396264 -0.0436987684333142 -0.412527572305962 0.391454797376874
0.0387159964282228 -0.0332198908914571 0.112231577531918 0.023715520394517
0.0198692354664621 0.00392804548158797 0.326429375114189 -0.572831379725434
-0.00584838937379279 0.0120682816158076 -0.342348461992729 -0.773921144760299
-0.0123670972859881 -0.012666681764797 -0.811970921869435 -0.0950068156448752
-0.0371981683335833 -0.0655978782638116 -0.372874602996404 0.486933495743676
-0.0299691379104593 -0.0592830100615645 0.130553130951764 0.370308083691486
0.00741548087387167 -0.00355542746906999 0.20103027278273 0.0281097678675369
0.0141012996562363 0.0284666890092277 0.0113910309246043 -0.182444345384965
-0.0137731468215183 0.00851649313293935 -0.0134847160714411 0.143900970138589
-0.00219552754547358 -0.0320572922369241 -0.0958901277044703 -0.144744045033206
0.0101968518362207 -0.0467304940695572 0.117719622657644 -0.467172802130933
0.0135608063082373 -0.00311022195618428 0.563496886190137 -0.183268275598205
-0.0348069039253105 0.0648545848639565 0.593673882285147 0.586762618426021
-0.0561272859218844 0.0211870809236734 -0.145597342569155 0.860572534494978
-0.00176958145151136 -0.0149326956613821 -0.417554537132353 0.371191390100239
0.00282259982960641 -0.00515247399888165 0.135319330849306 0.0123204069031192
0.00691011346323375 0.0381373675846347 0.301946465019944 -0.587919524647147
0.0153036601073057 0.0306284051197809 -0.404750657218286 -0.739102057987072
0.0112468303417512 -0.0154994900721374 -0.822567876891434 -0.0303860054037466
-0.0251189944239199 -0.0650194382792596 -0.339497753787563 0.496245788936319
-0.0306078263450659 -0.0480758302559465 0.156504598080963 0.336086630508342
-0.00355600129667542 0.0036358900174651 0.215702568323154 0.00996255842591009
0.0032079256162895 0.0312792375033146 0.0123118002255944 -0.176498326868536
-0.0238288398287478 0.0119927660669459 -0.00798793373098509 0.145934677663738
-0.0133833602035779 -0.021419348732922 -0.0848749856856983 -0.148534896341041
0.014198203366018 -0.0332556092356214 0.122687154357876 -0.471437442068595
0.0424178657556764 0.00293217417903816 0.555381087023114 -0.175640104770848
-0.0076425429715265 0.077689563903721 0.574644084915822 0.605401915603877
-0.0573006033789212 0.0516627166622297 -0.169674336716707 0.86669354926233
-0.0443272465970306 0.0163278649451321 -0.414787009659318 0.373493825987862
-0.040793252296667 0.0249802438772047 0.141151851579441 0.0140227136107498
-0.00412748887433346 0.0742357523849481 0.295668367201334 -0.587561821769173
0.0402640805801478 0.0461589118722594 -0.419991503763988 -0.722522833976337
0.0417189392830765 -0.0188988633315394 -0.828738610228761 -0.00908848689811344
-0.00670995360553041 -0.0605194548471852 -0.332644865661727 0.495879379662612
-0.0327166697243709 -0.0327239289591298 0.165821336103988 0.322471371021462
-0.0191049286516825 0.0128900900859932 0.225513873449023 0.00645220091056636
-0.00801424281605326 0.0335266898829769 0.0145097988736395 -0.171855778628955
-0.0323267596774429 0.0154871113699084 -0.00371392094849638 0.146710252432956
-0.0240559414583391 -0.00617619120153572 -0.0843225552771934 -0.140573832465559
0.0193790417277659 -0.0174441948215813 0.104781954128714 -0.47187870700533
0.0697528951205128 0.00559372037052096 0.535654059855774 -0.197716385839718
0.0212336530855744 0.0848280830210262 0.585756545474042 0.579479290644145
-0.0549930264252852 0.0806839930170228 -0.139549652633991 0.873363808917022
-0.0834287291124257 0.0456217041920917 -0.406077172226294 0.3967958779279
-0.0815311198605445 0.0517216881144984 0.12715975972569 0.0276082776665084
-0.0162532856917558 0.105008625505727 0.307632148398799 -0.567171069541612
0.0634199459827448 0.0622724867606837 -0.393069093016662 -0.732540051291988
0.074036012619207 -0.0189915724192023 -0.831917168100733 -0.0385995628502972
0.0162795045939213 -0.0532018547921933 -0.357560800709273 0.485601315686611
-0.0320619825190625 -0.0164927568764984 0.156616137018534 0.328048471772427
-0.0334451643419537 0.0213653147257958 0.226228303973592 0.0159283871898177
-0.0177594198119105 0.0338938360901219 0.0182493687814592 -0.168337350908887
-0.0366346096402209 0.01862101719422 -0.0006689664316194 0.148119940590765
-0.0342258196901273 0.00926660447249739 -0.0935380780514573 -0.120772123616058
0.0220716151326488 -6.33726402912271E-05 0.0690190195402185 -0.466290655865183
0.0927431612246167 0.006908359877045 0.505777366744186 -0.247610246995115
0.0506217665989299 0.0839545265597651 0.629465221076644 0.506694226074374
-0.0434382978850903 0.10138670994996 -0.0601305467756487 0.873784361528033
-0.107714134832648 0.0725399785096635 -0.393942223646048 0.434857466887557
-0.115442767720611 0.070886286066915 0.0971897591380487 0.0509682935996176
-0.0349473994926415 0.126761987885882 0.337545632119381 -0.530605546005273
0.0766873510921878 0.0755779284967123 -0.31946002290206 -0.761771723011817
0.102439647677995 -0.014211198018296 -0.826132182441038 -0.112857108162712
0.0407304033186849 -0.0427777799291332 -0.405550797480988 0.466387178120704
-0.0290079153443167 -0.00142313806320341 0.127623480418671 0.352940913057654
-0.0451859540956827 0.0284116106025496 0.221779356809961 0.0387558312940288
-0.0238884086833399 0.0345882440367853 0.0217805453802591 -0.166466808532251
-0.0376034870616738 0.0208563032365111 0.00295856614212574 0.14863653229943
-0.0414618097467428 0.0239768329901535 -0.109840903886903 -0.0925708973362767
0.0210037478109852 0.0163416073543493 0.0197800803686387 -0.450471320167249
0.104538020997457 0.00605774584216933 0.460906953278654 -0.309112433510572
0.0758063064519255 0.0724107163974874 0.685281768528412 0.402325779856468
-0.0220518464742325 0.108258937392411 0.0541582026008107 0.863025024088211
-0.111804410341823 0.0897266802430771 -0.369643342680878 0.487591994631378
-0.135472603038604 0.0784779322194788 0.0551052830292881 0.0816550313021428
-0.0575165926068003 0.133131318960659 0.37080526541327 -0.480730148498289
0.0748483491690582 0.0860684666962968 -0.206817044350099 -0.799394639047751
0.121829522837868 -0.00603930700896761 -0.805583113335599 -0.227001844686475
0.0666623032583744 -0.0339455765413063 -0.472136776890955 0.430677689524065
-0.0222437801361494 0.0103874944573846 0.0816083612988171 0.38955897495149
-0.0515028686022678 0.0340936589924372 0.205636079975948 0.071114258359324
-0.0250802522590456 0.0331919155998661 0.026919856075547 -0.1670902451246
-0.0332624042398616 0.0195925584484287 0.00267295348898752 0.147122232547345
-0.044740995654078 0.0324043843343313 -0.13117872344028 -0.0609377580849228
0.0172779769256467 0.0286345585481557 -0.0341178444617065 -0.42139994597439
0.105912087001282 0.00703059401063488 0.410511493458233 -0.36525625672481
0.0895837453809167 0.0567017722838918 0.729864113396254 0.277457546138407
-0.00132498326697233 0.100100431636739 0.17979865036233 0.829397720150731
-0.0984119984203961 0.093672876364612 -0.332700743659485 0.53741661786951
-0.139523938101351 0.0749901882417969 0.00754280832047911 0.112812804010004
-0.0751942988603862 0.125357149477436 0.402226052122306 -0.422646241200304
0.0608453620532402 0.0877402278034916 -0.0748906108798588 -0.829606083818971
0.127549884677694 0.00337076772246973 -0.760866970353343 -0.360712295158537
0.0849156480050994 -0.0255477817801731 -0.539667741265248 0.373644999495274
-0.0140908495385182 0.0173233532144206 0.0268496653922913 0.426248060856047
-0.0510747662676668 0.0379783097848866 0.183185625828383 0.107722005215972
-0.0207383197811121 0.0313001509089442 0.0292176597797362 -0.167337273760956
0.00893569321625584 0.00263483830422115 -0.0201271819489925 0.143093739828566
0.0172758324231458 -0.0392244946586962 -0.142970862298894 -0.103910722131944
0.00720464765020043 -0.0574682524668692 0.0389838144891197 -0.433590773196854
-0.0254165465612903 -0.0144082429643219 0.526908194564581 -0.275071495867572
-0.0702270293654846 0.0400936671482736 0.706850760799978 0.416623992148378
-0.0648024678826447 -0.0230069702569121 0.0389562842446204 0.833755244654541
0.0445656553647146 -0.069793048384129 -0.393187129272575 0.42691340607591
0.0653106498438727 -0.057092247080516 0.0775574297699374 0.0422440853259221
0.0335233972502163 -0.0256961517289142 0.356314285819082 -0.534855418901351
-0.0169641079713789 -0.00860139744161183 -0.252185927246929 -0.811344569169782
-0.0283081353246598 -0.0106860928354157 -0.78757844117701 -0.187584420304728
-0.0414502000273562 -0.0604076679160807 -0.418170059700199 0.462354632384489
-0.0302785915264401 -0.0632204614241897 0.0946736669633299 0.407341954056951
0.0141238903511641 -0.00877875424664416 0.180771798018049 0.0550586516439628
0.024614085736234 0.0247945008196224 0.0108240050284528 -0.185838946299315
-0.00278980403754283 0.00476811010741055 -0.0164403934927941 0.143040752382173
0.008277568067717 -0.038586793479344 -0.116436055249528 -0.127854817050532
0.00661648286148596 -0.0551658843332457 0.0848186069262931 -0.453565894643418
-0.0108773769537408 -0.0097477799834478 0.550623905162892 -0.224241876093779
-0.0544176946022727 0.0515910344959276 0.644906613052422 0.510923806281978
-0.0577612137340411 -0.0046805485057203 -0.0663477608794836 0.848525334386886
0.0304074147775921 -0.0435147567721206 -0.408315328545847 0.390093700583642
0.0382338873424139 -0.0340652122639686 0.112310116749622 0.0227072418778203
0.0195159123789829 0.00423756476119742 0.320724895427515 -0.569669991019832
-0.00547965791508992 0.0125808504150631 -0.344440625793096 -0.766302278863814
-0.0121332835259322 -0.0116050923665786 -0.805633141823395 -0.0881185444871102
-0.0368980711888244 -0.0650594803463354 -0.367849212672811 0.487132293246993
-0.0304598556079394 -0.0585716737755661 0.133195062294212 0.366586578991572
0.00760761453866245 -0.00285247064531402 0.200337337498083 0.026696953754887
0.0150922011242809 0.0284724369738643 0.0107728333560014 -0.181076656117842
-0.0134957708940354 0.0089415378673398 -0.0120796638005533 0.143724527068339
-0.00249070068386151 -0.0328545134540955 -0.0958447765511629 -0.14267062971797
0.00886428809616743 -0.0455888656942982 0.112948781968031 -0.464964782283943
0.0123249281124291 -0.00345262618124299 0.557141129233897 -0.186575786311544
-0.0336552328034964 0.0639687231016759 0.594108539861466 0.575901738058045
-0.0553439998235877 0.0205933381963216 -0.139562307684281 0.853246973652155
-0.00209274876457369 -0.0148361847932421 -0.412831678686226 0.372033220422535
0.00173381861899344 -0.0048774219093882 0.135854030261161 0.0114168537485903
0.00761452833086795 0.0376439380685361 0.295765959471794 -0.586277219416561
0.0148342296646637 0.0294318164401301 -0.406317123001021 -0.73141420657474
0.0115506256474615 -0.0157954063305424 -0.816153915232827 -0.0237296824430413
-0.025419627996832 -0.0646511947269928 -0.332845152426554 0.49670777233653
-0.0313944355478499 -0.0473803712451308 0.158777094613501 0.333781158171542
-0.00441803576125769 0.00473125837615606 0.214993629137436 0.00933511677107481
0.00272272666566753 0.0308988653371086 0.0111474905449105 -0.175085118140982
-0.0234426693065545 0.0117557585716311 -0.00703353555013218 0.14444813231601
-0.013504886607416 -0.0208574040119278 -0.08488276728869 -0.145920537012193
0.0144989558863749 -0.0328190558796271 0.118372065622778 -0.469963300021131
0.0410292635479802 0.00205460683188725 0.550776955359892 -0.176884188568226
-0.00727081017231073 0.0772523349611023 0.572043276210864 0.59537454675261
-0.0568250493140175 0.0514521099082888 -0.162060175998288 0.862222321100216
-0.0439758429198913 0.0166912878828309 -0.41039659810363 0.373632765455791
-0.0398620734361685 0.0247903995898501 0.139366069364983 0.012988864940609
-0.00339436197330913 0.0724862571446341 0.288869905725871 -0.584992601464066
0.0399990948707731 0.0462032342874883 -0.420899817759057 -0.714596676492295
0.0415503233692002 -0.018638174154949 -0.822330199646393 -0.00330114613188645
-0.00738456984043625 -0.0598463059720107 -0.326135378140669 0.494827845765074
-0.0315192806849497 -0.0321286915110171 0.166983031498498 0.31890404672791
-0.0183144513221632 0.0135710374241993 0.224420404731818 0.00521385775970714
-0.00766793303879866 0.0333897414166563 0.0131764748091059 -0.169981985835616
-0.0316221490596784 0.0157472241718297 -0.00207425342024046 0.144821289177701
-0.0244664586294737 -0.00557507833429309 -0.0849456901403956 -0.139382304041291
0.0195051640281833 -0.0175195438318848 0.102017881708487 -0.469916728198067
0.0689478516095792 0.00500641603928479 0.531807258421071 -0.203467017100809
0.0217611352920409 0.0856848513815761 0.588983853277471 0.568523899931752
-0.0540220774046847 0.0804146078895511 -0.131857645943319 0.868240318098479
-0.0835113078533895 0.046633439879451 -0.401900770282903 0.396724437547623
-0.0817221248307684 0.0519135909225638 0.126857584287446 0.0266376298397789
-0.0160644693302805 0.10384274289806 0.300721405241209 -0.564816663969912
0.0638756724662959 0.0605685009456283 -0.393201220092936 -0.726317307624358
0.0734517369828856 -0.0194350566726604 -0.825791577537081 -0.0314346713162254
0.0142443139411386 -0.0526674462667997 -0.347658539154602 0.485368400681466
-0.0315113175733846 -0.0169121172670921 0.157747675981881 0.324572597201469
-0.0331876956811169 0.022104472194132 0.225871075925616 0.0150090236444118
-0.0171281120160469 0.0344880429991468 0.017412895346237 -0.166838652336398
-0.0366055737213023 0.0188911226908416 0.000986167697968385 0.146220779919673
-0.0335170405953565 0.00928059682882269 -0.0930277659408549 -0.119837783729474
0.0219425213568953 -0.000929511724151642 0.0652433516161727 -0.464115657248264
0.0916315231198795 0.00575117350823393 0.501268025954547 -0.249922550329922
0.0508759888221972 0.0833449476012893 0.630058230529561 0.496756033038067
-0.0419764263353971 0.10154426401855 -0.0533386420675627 0.86843580033036
-0.106998974462469 0.0726964940577369 -0.387238994019966 0.434692028481577
-0.114733185923342 0.0709425387194844 0.0968745450994096 0.0501506095326729
-0.03424058342187 0.125148462267901 0.329018170278265 -0.529893896073902
0.0754968886459247 0.0746396410256707 -0.322510804001409 -0.754930583870159
0.102202846098985 -0.0150000138986929 -0.823001016749684 -0.107342814888254
0.0401923198494798 -0.0432970936516486 -0.400148140922386 0.466432605273977
-0.0298538935767709 -0.00172739331010874 0.129491184484208 0.349708757055767
-0.0439163321641079 0.0287849807727642 0.218863899735325 0.0370209185384756
-0.0230993507303353 0.0339129675089797 0.0218989661941059 -0.165441975417771
-0.0377526291905867 0.0197393740980416 0.00319261051310202 0.14790803400284
-0.0405788101839471 0.0230090802357181 -0.109714264151585 -0.0918570925710043
0.0208900128872923 0.0156297553103785 0.0152892354790025 -0.447667928181806
0.10299211717759 0.00393369117431528 0.455821390046524 -0.310016986266054
0.0763201849880372 0.072169961535044 0.681287147623928 0.39164169182414
-0.0212440593234861 0.107890035492218 0.0585156282161862 0.855226926817839
-0.110436814829182 0.0895863104461014 -0.361301406781386 0.48549181950712
-0.134592201534376 0.0787842560508249 0.0545379017516668 0.0799406801764398
-0.0549581288341174 0.131964865488374 0.363342503426269 -0.47881676664149
0.0748876586890058 0.083858688732633 -0.210871908206724 -0.793500471627518
0.122025202558632 -0.00609388460142422 -0.802065582331738 -0.220255917521
0.0647554819714404 -0.0339277374135669 -0.465470006509035 0.432589002184649
-0.0225948074120698 0.0100269808633532 0.0844514495229557 0.386754000236067
-0.0501378778619263 0.0345908979165643 0.20467749061018 0.0684114841209149
-0.0228444499897814 0.0328631426907581 0.025030828264321 -0.165672599608966
-0.0332340975949295 0.0188071673964082 0.00212192385934759 0.147168353620794
-0.0443646581017368 0.0318182403561301 -0.130483687607725 -0.0599035522758437
0.0173621334481829 0.028221152107125 -0.03836988304129 -0.416970452701364
0.104877111059473 0.00606165612811335 0.405674851075714 -0.365744583147398
0.090243227770398 0.0563499870661223 0.72478376224937 0.267312161961052
-0.00038570977859563 0.0988940380939659 0.185103699940507 0.823095664696536
-0.0967426475234755 0.0930212235983693 -0.327601940536167 0.536175832198043
-0.138581605859012 0.0758838590855882 0.00746610558711786 0.11219633213872
-0.0741255266427275 0.123836994394868 0.395841770297403 -0.420002354799078
0.0604019358561281 0.0859703155737372 -0.0776665761464808 -0.822870708043622
0.127073862863973 0.00214981607899992 -0.756782800569123 -0.35434868879583
0.0838343131518217 -0.0262654165507687 -0.533798693003871 0.376553976595428
-0.0133385376636896 0.0169614886573939 0.0295263057464304 0.424191878574272
-0.0499592582646354 0.0381623551042008 0.182629380438258 0.105545432960957
-0.0197628983933075 0.0314725307715121 0.0280297185861704 -0.166200877231876
0.00829521902870672 0.00242842594593523 -0.01889390948549 0.14181008620331
0.0167678026105487 -0.0388218713291708 -0.142280369682999 -0.102069377908269
0.00735018947050842 -0.0574035858847479 0.0363737510780856 -0.430241819699696
-0.0250434923362783 -0.0133122805904352 0.521521969048758 -0.276618340674867
-0.0697158513480433 0.0412316509653453 0.703065170706375 0.408734868869778
-0.0636037401452627 -0.0225059050858592 0.0424955327086867 0.82542472740184
0.0455761885744281 -0.0695465981331103 -0.38680852531539 0.427092822810506
0.0649072008422904 -0.0567720422240657 0.0781950115089455 0.0409880173193986
0.0327763581515151 -0.025835507895943 0.350050684853164 -0.532628890595669
-0.0161141290267198 -0.0081721063449955 -0.254713143984238 -0.803568720912569
-0.0280590741059022 -0.0106424059920386 -0.782170318027007 -0.182274472962745
-0.042302834875845 -0.0598472971603583 -0.411284317478237 0.463591742895513
-0.031058182597475 -0.0627060448881898 0.0979459099589308 0.404704218156084
0.0142020031897671 -0.00794796872071151 0.180798839429691 0.0531454025357203
0.0248577156066803 0.0239381632466667 0.0096284681126804 -0.184519498516564
-0.00252818192928296 0.00436722265757296 -0.015450978349086 0.142343588347699
0.00762660206811648 -0.0376481499572333 -0.11609983433986 -0.126484803962191
0.00685576804086033 -0.0546520655867783 0.0804253766772296 -0.451975021425617
-0.0112398381239052 -0.00933897507624706 0.544927448710462 -0.227464610810419
-0.0544636502350162 0.052259484516621 0.64210557090776 0.502693918773233
-0.056936202444037 -0.00482842071113714 -0.0627137524713304 0.841700996412603
0.0295045340111253 -0.0437383637618486 -0.403998891610857 0.390686843932968
0.0377594590657969 -0.0334614197158237 0.111416659946095 0.02151490598872
0.0188648941635968 0.00315826168993991 0.31669360841052 -0.566210547559969
-0.00486042038230681 0.0121985639480038 -0.345173025718846 -0.760162491122158
-0.0128196388156042 -0.0118322062285265 -0.801542423927486 -0.0841684431909052
-0.0367798745805547 -0.064412134598249 -0.361857166954611 0.486713453583062
-0.0305967120945991 -0.0576205319865931 0.134073712284561 0.363059438243262
0.00807198476693543 -0.00233844210932581 0.198905336533636 0.0259865614247808
0.0152207539965642 0.0274256701467951 0.00982975335191135 -0.179761616229059
-0.0133428463806185 0.00931003092360751 -0.010896632054388 0.142249260904135
-0.00236051281530512 -0.0308983034774515 -0.0961097793234501 -0.142396359096943
0.0104834257984357 -0.0453954049675356 0.109551211621025 -0.464380336734346
0.0128657263308435 -0.00289772762000938 0.554517225043906 -0.189968044133073
-0.0327794823594895 0.0653887282007546 0.592703880979364 0.567297568305572
-0.0550100631524353 0.0204820867221729 -0.135564158458758 0.850756514121942
-0.00161710583595858 -0.0152787970432078 -0.408664548057348 0.370139760410705
0.00199510440091874 -0.00539025793262695 0.133148076273672 0.0104396823728665
0.00757023317726419 0.036497503457328 0.291223286462769 -0.581980723329406
0.0145677298627592 0.0299618310498614 -0.405359008515065 -0.723377121313483
0.0114118931021236 -0.0157504629200921 -0.810997387025547 -0.0200638106582692
-0.0246585940364102 -0.0641716204575388 -0.327536881395946 0.497197319350502
-0.0306517948441335 -0.0470184072503458 0.159967252780363 0.331757286720761
-0.00329864754771151 0.00564086930984847 0.213296455553109 0.00784516393415459
0.00435618640113506 0.0303146802056616 0.010865030808267 -0.173489385424659
-0.0234044574505689 0.0120565924015193 -0.00666015270642952 0.142889811380852
-0.0133195557060767 -0.0198569987322389 -0.084749033399662 -0.145916366324553
0.0148979872194758 -0.0322693129051153 0.114160836526304 -0.467758187192692
0.0406682082014974 0.00200554453391469 0.547359200761059 -0.181002694807436
-0.0071468127831592 0.0782056768643735 0.571754814397008 0.587757022303099
-0.0566144868913074 0.0512946141773163 -0.157983200624465 0.854582823472215
-0.0437292452678203 0.0161990928966633 -0.40544988342784 0.373423597562065
-0.0394836478675135 0.0245088566353954 0.13887383124766 0.0118801058004249
-0.00218823185806952 0.0723770230357062 0.284327969408566 -0.582601692616515
0.0402890942317912 0.0457008339062628 -0.42177493667755 -0.709285196874189
0.0411268047577411 -0.0190074300025199 -0.815997341345869 0.00114958218107406
-0.0075202177898834 -0.0599195557132584 -0.320864576817603 0.494022908363124
-0.032015203252336 -0.0321453329538385 0.168799349381569 0.316360842702046
-0.0181583796448255 0.0145229718311659 0.222402448018166 0.00439907351527701
-0.00681178187148727 0.0329470032527329 0.0126634521132877 -0.169029406407531
-0.0313712867713579 0.0158676231056665 -0.0017695554232741 0.14368051228259
-0.023474841876088 -0.00596093485562044 -0.0847811219888627 -0.13760666769021
0.0194998644816695 -0.0168990022347148 0.0987530296345806 -0.469802445566199
0.0691129491167271 0.00476428465813119 0.526998568511259 -0.204472193491735
0.0221227712903673 0.0862242754822108 0.585232179877257 0.560248249584562
-0.0534926777415605 0.0807495910009374 -0.126502788969254 0.863237527029326
-0.0822587141434936 0.046453541855276 -0.397745549897885 0.39637516596071
-0.0801925715080588 0.0518733382655347 0.125788200303842 0.0249638287552392
-0.0159450907999545 0.103303147828467 0.296853040234802 -0.562595330670861
0.0634567345645708 0.059788985767452 -0.393576485384292 -0.718743992464966
0.0727277857838783 -0.0194641525403253 -0.819585277050282 -0.0257260064814247
0.0149580258344303 -0.0528933488252661 -0.34453572716161 0.484992008179402
-0.0322080183308327 -0.0163251071893871 0.159994611718719 0.321826435744715
-0.0320105564993368 0.0220122691344416 0.224637620857776 0.0128756589289739
-0.0159560044852853 0.0343645728546426 0.0166255076718292 -0.165929896420525
-0.0368777783478873 0.0179675771005055 0.00230753750584074 0.145607919654251
-0.0331953809307692 0.0098284508824345 -0.0938495433599254 -0.118242108306115
0.0218014014044464 -0.0011858218171219 0.0603085325922841 -0.462538000402097
0.0901705043321286 0.00434549850620435 0.49683759855116 -0.252401503807729
0.0515147359468293 0.0833568121454006 0.626543682411976 0.492041545049415
-0.0407844972702634 0.100513073764263 -0.0504016599967691 0.861355064193537
-0.105601837810362 0.0727379529756379 -0.383328383285068 0.434812508014869
-0.113598616229058 0.0709987260184868 0.0967324292200692 0.0493467905830002
-0.0332248152056077 0.125056325010981 0.325642881381757 -0.527006090942029
0.0764241068185551 0.0739344605675265 -0.322246766016698 -0.7492765214921
0.102054302285881 -0.0151807838299425 -0.819413975689992 -0.102456630692866
0.0400477905585756 -0.0429687594862925 -0.394845246516161 0.46578018813895
-0.0289774691356918 -0.00165699671083592 0.131495978299163 0.347312847967816
-0.0428788046227746 0.0291519672174752 0.219093948413423 0.0355277653427328
-0.0218999922727739 0.0334727796746257 0.0210445235203681 -0.163916122659521
-0.0369931753049371 0.0202900936634269 0.00435298797675649 0.146342978295437
-0.0402243325992286 0.0238269783109497 -0.108715619310553 -0.0912761393896971
0.0208697213547035 0.0154583652145733 0.0121242221236667 -0.444882795942958
0.102687726295598 0.00408203700629261 0.452660160992177 -0.313337135083441
0.0768130825354379 0.072603288311337 0.677867911464107 0.384015502772523
-0.0205527664262824 0.107339930827452 0.0631159978773624 0.849606551058939
-0.109343515025635 0.0896864760285101 -0.357655010873957 0.48474486458356
-0.132844561090685 0.0796369147068151 0.0539230252678419 0.079174330155046
-0.0534974206877705 0.131872657617574 0.360477365395437 -0.478188610242754
0.074562477382012 0.0831147664930366 -0.211851860659509 -0.785276227957196
0.120920105605459 -0.00783506028889812 -0.797877805146596 -0.214256735948767
0.0644507886988721 -0.0348558641309661 -0.461874118906683 0.432121739889812
-0.0225414511745046 0.00991101175966704 0.0864618359171906 0.383622662898669
-0.0493906749333165 0.0341257136849962 0.203627657378838 0.0669901524425917
-0.0230323958531492 0.0316664532431772 0.0251445711533325 -0.164327308732143
-0.0338374681520758 0.0192478725447257 0.00425896010429714 0.144549610995337
-0.0433795486224304 0.0322602408093473 -0.12935593265852 -0.0593309627408661
0.018202234245632 0.0287333655509181 -0.0403545596695455 -0.416052758157525
0.103781674938954 0.00442785775697637 0.400167292024372 -0.366797585782191
0.0899695602897804 0.0567673524159996 0.721341083552443 0.261006304205533
0.000204639033922066 0.0991790008738433 0.18559736230826 0.816615928516983
-0.095718125508173 0.0920990709848791 -0.324222171248924 0.533149429755266
-0.137215283392253 0.0758449686348613 0.00859685571475694 0.111044672425031
-0.0730952148969994 0.123680816191384 0.39162065059031 -0.420411957139234
0.0601987675096307 0.085587245616834 -0.0814316841682399 -0.816697131614867
0.12595094007363 0.00158615494112584 -0.75355607702493 -0.346030685716009
0.0828731463902416 -0.0267508188606886 -0.527723444743276 0.378501626306224
-0.0137041480909237 0.0168502613898375 0.0332017755349018 0.422144146743775
-0.0487223286587697 0.0385700716315486 0.181888057454642 0.103885768056227
-0.0186325210589693 0.0299725913317843 0.0269679159084352 -0.165186650622691
0.00854149065050585 0.00185984552730464 -0.0192960736845942 0.140994730826329
0.0162212962396589 -0.0373573542551216 -0.141792946361177 -0.10094620651879
0.00776498417078891 -0.0573396661534381 0.0319666847709204 -0.429171947994135
-0.0253316131825417 -0.0136834827475941 0.518016621320834 -0.278829583718507
-0.0685448490226278 0.041264299669785 0.701288636242065 0.402992094610351
-0.063776324118899 -0.0220317982306236 0.0459238878348108 0.821150192378242
0.044139634303692 -0.069658301739677 -0.384777154472109 0.42492623761649
0.0641554509316254 -0.05757232714076 0.0770222559008976 0.0407673568770097
0.0332069328749815 -0.0254737020106447 0.346120526343463 -0.531859791472329
-0.0174631491536727 -0.00709154255270837 -0.253702632471118 -0.797535789715627
-0.0271193324264118 -0.0103683994551512 -0.778426644701724 -0.17855336509086
-0.0428548508632039 -0.0595041141363558 -0.406704379876395 0.46452284975473
-0.0309987793941679 -0.0621532139088293 0.0997387678939334 0.402732601250546
0.0145418534845453 -0.00718066665711693 0.179726853399412 0.0526109003250599
0.0251993691091284 0.0238410656540044 0.0092214332132435 -0.183399725826723
-0.00276612415409909 0.00490255384798315 -0.0148289362738819 0.141096659435175
0.00758306679119738 -0.0367640784291299 -0.115996374255294 -0.125885305522508
0.00658410160998903 -0.053448008966509 0.0795035971076082 -0.449753853073065
-0.0114258652543844 -0.00958107878714757 0.542486337302157 -0.228172297693503
-0.0538898983184437 0.0531128808608755 0.641287423686819 0.497600426457285
-0.0564087109368813 -0.00474828582976583 -0.061136999577092 0.836721323221896
0.0292322308386006 -0.0445263054840104 -0.399539314075492 0.389558518453541
0.0375646039242785 -0.0337731622429736 0.110851296336831 0.0211576350822764
0.0197465891311331 0.0021721477642011 0.311948231667741 -0.563539441491658
-0.00586836129304263 0.0121144928949589 -0.34523419222791 -0.753078484263618
-0.0127495595034915 -0.0116900648500563 -0.797091588725563 -0.0803657362382688
-0.0367892200722026 -0.0642342955853505 -0.356449681164668 0.488398368204446
-0.0296570623072838 -0.0571528726223672 0.13639728306581 0.361815858149721
0.00863428347396485 -0.00118685342366086 0.197985953342715 0.0246827269956895
0.0158633423230051 0.0276409003278259 0.00944702908713221 -0.178262434996267
-0.014382303664433 0.00864910199775228 -0.0101293200544816 0.141392335436714
-0.0026031814249016 -0.0310886735552109 -0.0967648573075078 -0.140373762102235
0.00987817564807493 -0.0449273462113103 0.106473613383814 -0.460905049330404
0.0121036352266306 -0.00351980282143666 0.550542248323117 -0.191266237446152
-0.0325853594028056 0.0659833008426321 0.590865244020262 0.560944389713574
-0.0544305264379821 0.0207521902312764 -0.132982172229031 0.844218718660343
-0.00151633844228288 -0.0149399522219315 -0.403865824817906 0.371092628245123
0.00179181339183086 -0.00576096766274623 0.132924919012984 0.010165748734098
0.00863489111160583 0.0363947417672463 0.286632786587051 -0.579792562639553
0.0147951141015996 0.0295405234851898 -0.404517322474009 -0.71693697038849
0.0120167451590827 -0.0151191782059849 -0.806606210650712 -0.0167479883680433
-0.0247082208019045 -0.0636840949573897 -0.323487549193247 0.494895605965048
-0.0303500551647693 -0.0464831589761343 0.161450459161349 0.328697126083391
-0.00262218151639139 0.00569291073699012 0.213395034686612 0.00683810185486724
0.00569197815112353 0.0300444898362523 0.0103956921383572 -0.172127256761851
-0.0234262271792974 0.0126003127510053 -0.0061021917285363 0.141304700220798
-0.0130789827274475 -0.0201798059457609 -0.0857863559437779 -0.144067783487608
0.0147626115498603 -0.0322599363984468 0.112278528039924 -0.467251912560519
0.0410677989327409 0.00178758257973349 0.5445792480124 -0.183511009799033
-0.00644449707168458 0.0787194305660067 0.570592919880291 0.579654761378114
-0.0555821399817819 0.05089109706299 -0.153991753388901 0.850210921105647
-0.0431435726908218 0.0155715423451397 -0.402285428657133 0.373758936298311
-0.0390650875252298 0.0244955455641125 0.138419509005426 0.0116320670834251
-0.00181157519213848 0.0715747584247381 0.279083692218864 -0.578940790861102
0.0401228439076153 0.0450681281079523 -0.421043911534431 -0.702558745184971
0.0406009519506123 -0.0186824543618382 -0.811992066125002 0.00583522716221975
-0.00762911622793544 -0.0597654586409236 -0.317519073009476 0.49336333199869
-0.0320494018320843 -0.0313140788122551 0.170119305561102 0.314004556482396
-0.0171208232056973 0.0145907434748488 0.221118549037802 0.00323571442133523
-0.00604361974632784 0.0330846832459923 0.0134423139229677 -0.167625614946477
-0.0320816327027264 0.0158534247100525 -0.000126760042627862 0.142930139279393
-0.0238485584989648 -0.00538775427230942 -0.0847931290700868 -0.137092152341842
0.0195319125154953 -0.0176739197975293 0.0942822263560147 -0.466362704461187
0.0681482622023607 0.00458574272825514 0.524053769029076 -0.205470771609694
0.0228577770610525 0.0857942716321592 0.582414049472088 0.554116121516918
-0.0521744586404247 0.0796222287784275 -0.123419259950521 0.856523237388865
-0.0807814618436767 0.0463413179920249 -0.394728189384829 0.393149908512645
-0.0789780375914745 0.0520583614238455 0.125016001072941 0.0239944601843121
-0.0145848349149752 0.102176426824233 0.291792743631837 -0.560571387287739
0.0626492161773328 0.0601570772157875 -0.394451086687501 -0.712928641396345
0.072281887036297 -0.0197404956774196 -0.81632138325232 -0.0238403819616575
0.0139623175397428 -0.052429689085024 -0.339799017510294 0.483541950008924
-0.0326314473384345 -0.0154758063171152 0.161487834321477 0.320916036462075
-0.0311052192505058 0.0226719255784212 0.222645601096033 0.012546012121427
-0.015641483263612 0.0329386860820979 0.0157490992696577 -0.164595963235803
-0.0360870247711895 0.0185459470826363 0.00150111380412841 0.144046058116664
-0.0324957169483779 0.0100998274995883 -0.0931736045428756 -0.117138585131198
0.0220326078978817 -0.000732958692685058 0.0586769708400201 -0.460494478932631
0.0904627240608988 0.00458535060437083 0.493028396140931 -0.253542358364456
0.052909812018856 0.0839900971893411 0.624813717269971 0.483133265758932
-0.0400828845129222 0.100696657108349 -0.0469514071400839 0.857951985053266
-0.104923318595775 0.0721250351956105 -0.380056131734027 0.433276741782518
-0.112448041244977 0.0717619359202487 0.096243309432621 0.0474774117328124
-0.032546994347472 0.123257292265364 0.321155239610072 -0.522553119638376
0.0750516342226447 0.0728428384885743 -0.321853575348603 -0.742331214682962
0.10083747975427 -0.0152485077372384 -0.815372300404549 -0.0993471878107437
0.0396587782367233 -0.0432280012373072 -0.389996351819087 0.465884323597681
-0.0289208726988096 -0.000703314408596625 0.13240916443748 0.344626930011962
-0.0420419205602552 0.029604794999321 0.218298780119192 0.0338892219724247
-0.020693069976451 0.0331575975487163 0.0206684698063269 -0.163245432710456
-0.0371615528373105 0.0200453719805939 0.00382540201824252 0.144418554407487
-0.0403892363201655 0.0237306190871766 -0.109470012089761 -0.0896281643481858
0.0203953045008957 0.0143906406525923 0.00995829666948774 -0.443689790758994
0.101750105901237 0.00411095991922632 0.448995065214974 -0.313353784322086
0.0761444637356947 0.0726561028202556 0.674890460720072 0.376935800635875
-0.0200821519070206 0.107019435110733 0.0651465038292659 0.844668536733529
-0.108943443374014 0.0891482002143131 -0.353157004927798 0.482184472331028
-0.132303792361893 0.0793982190886214 0.0539513392080225 0.0786879397084959
-0.0539248967582179 0.131301832029699 0.355892230273422 -0.475485622921864
0.0737150458565732 0.0826883525136332 -0.212010322376233 -0.780446996627167
0.120224598455811 -0.00812194233779371 -0.793964122453679 -0.209786335184185
0.0637016105103732 -0.0344856338708774 -0.455445326806682 0.432765325713596
-0.0226136749360185 0.00942958700143426 0.0877985669399689 0.380956043513993
-0.0481782566863884 0.0342438561768027 0.202899582092521 0.0657082072762398
-0.0217179432545077 0.0313274690538667 0.0242431464288946 -0.16326870194051
-0.0334239478512502 0.0188758335527008 0.00354376191569594 0.144186801547404
-0.0435052692069724 0.0320691800428291 -0.129166278660892 -0.0581958182884929
0.0174880279373798 0.0277456811240541 -0.0426312735546241 -0.413992947405173
0.103606505073436 0.00465548406022728 0.395699823406257 -0.367921561614839
0.0903309322749846 0.0567875759846318 0.718951478814991 0.25562243676365
0.000473720576671006 0.0981585399308157 0.18852959983933 0.812340362017988
-0.0950723422309701 0.0920927149071488 -0.318689330689496 0.53239274792586
-0.135799184974006 0.0756324378092708 0.00823529267543778 0.110264699667527
-0.0720587538500159 0.123462217894175 0.387333688543167 -0.419612258467915
0.0598345255084696 0.0849523324867387 -0.0834819761748761 -0.812391462232594
0.125940462817103 0.00178489922871262 -0.750237538577978 -0.341917302214749
0.0820676451005877 -0.0266300210349177 -0.522054098278357 0.379154023416372
-0.0135240116302779 0.0162745909120187 0.0351837094610903 0.419496500921064
-0.0482864142797822 0.0379300145359421 0.181845453443984 0.102604805651211
-0.0175901155551894 0.0300356005253136 0.026644829734337 -0.163907643236681
0.00700259772701738 0.00270989311483472 -0.0170755983384487 0.140124233405181
0.0157009629970411 -0.0368735661620303 -0.142248867300381 -0.0999663210549918
0.00670434038543647 -0.0574019724542591 0.0303917234513658 -0.42688772145395
-0.0254179472309171 -0.0134565903226036 0.51562704405882 -0.279884422037047
-0.0683313444347475 0.0425090701770817 0.698029986494092 0.397228727868989
-0.0635372865331502 -0.0227737165505961 0.0457622642679195 0.816008330460223
0.0447664685412176 -0.0692201685595142 -0.382222764709262 0.424286036539544
0.0636370767567601 -0.057509696042085 0.0771441280848695 0.0404314217215123
0.033270606588177 -0.02687347137994 0.343590085512611 -0.528047406980302
-0.0164454763235686 -0.00735765108657892 -0.253710872348897 -0.794388347204028
-0.0274316176888243 -0.0106265121606657 -0.775743021161918 -0.17698425042041
-0.0420373471744983 -0.0593890699612805 -0.404285622987704 0.463200946641126
-0.0306182922043186 -0.0613138326007943 0.100733748857948 0.400601862366407
0.0151374070209333 -0.00640133568390814 0.178931833314567 0.0514826856258186
0.0254549223495892 0.0234450571070402 0.00948642295422213 -0.182289723176866
-0.00310350936973305 0.00461177615787338 -0.0145151919143796 0.140261075958171
0.00764725955912463 -0.0363808721204649 -0.115845052641624 -0.124319485917796
0.0069581829915874 -0.0542443782753273 0.0757305141325797 -0.449049927397223
-0.0113879986504453 -0.00876508775075133 0.539135982517805 -0.231365328846907
-0.0533556153655463 0.0540597918975711 0.639246023887644 0.49062607247577
-0.0562511267993531 -0.00487836035463606 -0.0584208901035448 0.832663748364155
0.0296618278562495 -0.0453607343209562 -0.398105992846198 0.389818242342579
0.0373736090960552 -0.0340600366866596 0.110709740687986 0.0208181725943244
0.0194373678939219 0.0022853189219901 0.309779110217325 -0.561314869384257
-0.00580339522966197 0.0117454627833168 -0.344368467596714 -0.749514351782646
-0.0120948782092322 -0.0120783994026254 -0.793349755374982 -0.0768532377183784
-0.0365375843981905 -0.063720354795504 -0.354086095020432 0.486416634672244
-0.0302944838291762 -0.0569501838917365 0.137207460577289 0.359931129668226
0.0086951654249313 -0.00113395349968439 0.197040452516684 0.0241883664332112
0.016671132578835 0.0261207359088862 0.00896834548790027 -0.176846917747002
-0.0131890270433482 0.00899314856015608 -0.0101157623054099 0.139664615156785
-0.00255337553534259 -0.0296727304107726 -0.0965939115805175 -0.1403700831526
0.00938786745255295 -0.045258032964724 0.105397050314433 -0.460315736918519
0.0132256197894019 -0.00433530887357945 0.548268287524706 -0.193422264915633
-0.0311862704960701 0.0662243730009131 0.590679020325848 0.554644215220433
-0.0540213280256539 0.0204622651187653 -0.130800340925574 0.841357479286116
-0.00202866256534689 -0.0155457003567067 -0.401633468346134 0.370193233629785
0.00161558463435164 -0.00562513003523067 0.132474717754254 0.00981674306779155
0.007829863005579 0.0357827079854643 0.284298394289592 -0.576836472481639
0.0151337161354917 0.0295363313317283 -0.40343346802657 -0.714426140692462
0.011677128221099 -0.0155998984397165 -0.802443067602096 -0.013380744250624
-0.0251266193257075 -0.0632673396756366 -0.318874806133424 0.495208367806769
-0.031562320662371 -0.0460309139395063 0.162205685391779 0.327794660930046
-0.0025265298583546 0.00674505897182527 0.212092969786857 0.00654737237430445
0.00510151278212676 0.0303095158355848 0.0101024786740993 -0.171235186427941
-0.0239371735591756 0.0128348077915112 -0.005405039471696 0.140858360702373
-0.0141564805100149 -0.019148855682481 -0.0847355669357953 -0.143741113948854
0.0154316029288423 -0.0320584187877998 0.109460735034647 -0.465858315521104
0.0405030042150643 0.00205262508528025 0.541114356548688 -0.184915012486663
-0.00557945448510454 0.0788421190275334 0.569232298931476 0.575176647672661
-0.0556635643290336 0.0507372102031767 -0.153107956493068 0.847539487687083
-0.0428220715702145 0.0153801535865338 -0.399252942138318 0.371289255630914
-0.0392858897954215 0.024260999427632 0.138038997547014 0.0113020684954209
-0.00128202062225182 0.0706905105894267 0.277597043340563 -0.576371220830728
0.0400109350149074 0.0449237115758417 -0.420094592770995 -0.699327939689476
0.0411808052332604 -0.0193207541823279 -0.809650380891714 0.00752799115520924
-0.00776928037299806 -0.059446337545494 -0.312310069729141 0.493627016002752
-0.0329668207565369 -0.0312967640687456 0.17120382815567 0.312859547837443
-0.0161895859484275 0.0157391207720055 0.220987692798126 0.00241553862913216
-0.00651798277928619 0.031817897174897 0.0128383336809264 -0.167251677655642
-0.0314158107442094 0.0155765906683263 -0.000247148128861183 0.141854577088461
-0.0230835794847353 -0.00480057287605153 -0.0845632851666896 -0.136332811943571
0.0192336103579177 -0.0175259842019152 0.0931731678976211 -0.466445724417306
0.0674327525130715 0.00325794124675126 0.520293896222964 -0.208187720453494
0.0234557708160186 0.0859858192681178 0.581971814319003 0.547090620946132
-0.0516211230306166 0.0795746380658989 -0.122267374448248 0.853488293896033
-0.0805532289130204 0.0452351606041585 -0.391011765546555 0.394755942476339
-0.0789307688713734 0.0518025658299609 0.124942462251786 0.0236951856608591
-0.0142474533567397 0.101759973600504 0.290152783091156 -0.557678757920373
0.0634039906600366 0.0600939138537671 -0.393019397468812 -0.709789084575655
0.0719263223263624 -0.0202839792522987 -0.811479542998396 -0.0204060799020488
0.0136319005702015 -0.0525995827105074 -0.335319465815653 0.484642012350753
-0.0323419788963115 -0.0157309468756566 0.162430954433939 0.318869132674953
-0.0303403480671185 0.0227729175057854 0.22238726158951 0.0110063558789512
-0.0143446181849456 0.0329359988508349 0.016013707268295 -0.163738206059719
-0.036321086050446 0.0185221189001427 0.00253616514426496 0.143124569280118
-0.0326217076127371 0.0099500118333502 -0.0927773921753793 -0.117203888606957
0.0216210116897975 -0.000907029159809523 0.0565260552693689 -0.459455230102174
0.089389836424168 0.0044622394461241 0.490007126076861 -0.255888653824366
0.0529513984644829 0.0840587903407033 0.622840176647911 0.477996445228336
-0.0400828467835907 0.099902546760656 -0.0476662070493719 0.853264291117109
-0.104132037698127 0.0726896510470838 -0.37705921370339 0.431526505069769
-0.111895387264616 0.0708874539008898 0.0964925084966105 0.0481739760429576
-0.0315757010408994 0.122178667199344 0.317076626041959 -0.522547967461055
0.0753399455327339 0.0733152230554156 -0.322367006763148 -0.739859502222224
0.100394634627883 -0.0160873202628919 -0.810327558724414 -0.0941475719383574
0.0399752186471717 -0.0432864638062451 -0.387456990620569 0.465728146869752
-0.0290990371259866 -0.00142494665984921 0.133594560568949 0.34404940032256
-0.0408356465450872 0.0290982431208264 0.216685483968611 0.033109815429238
-0.0206541818664986 0.0320049470155638 0.0200190962157015 -0.162312865275031
-0.0374722063657558 0.0202565609627425 0.00461365427351235 0.143982930752491
-0.0392961343608483 0.0229196119925152 -0.109771714060821 -0.0891560365691388
0.0207645589406131 0.0141742062414633 0.00830861871456603 -0.444337467305468
0.101784475118161 0.00399242676800336 0.446515467068517 -0.31460876571878
0.0772994713952338 0.073409276156789 0.673647071123672 0.372251654116485
-0.0201046660685843 0.106195970942053 0.0667128623727383 0.840532189277655
-0.107280336914336 0.0885784130041711 -0.350982019220608 0.481706121484729
-0.130862663880621 0.0793488439767943 0.0547481381852084 0.0775372103134491
-0.0537339725103407 0.129073813126253 0.352912756979577 -0.474017607522545
0.0735689513708833 0.0820134677072059 -0.212194702271003 -0.777574775008063
0.119641568421541 -0.00804625639536326 -0.790962257307359 -0.207010664331163
0.0643161914553216 -0.0342851324950233 -0.452521963720541 0.431691927255184
-0.0223275384342504 0.0096630012414122 0.0883688632276652 0.379871341723425
-0.0465664557231046 0.0340903555012594 0.202102595051681 0.0655002099382157
-0.0214443654482533 0.0307181324736877 0.0248853907811771 -0.161820624616201
-0.0335977883279687 0.0187869818910316 0.00455031455244224 0.142817303949427
-0.0424747225872275 0.03163133686177 -0.128214813835381 -0.0580297447862272
0.0173349382945225 0.0269951084508053 -0.0445276183523016 -0.41201453293201
0.102580418590966 0.00429000329301742 0.393839638289444 -0.369404910874073
0.0909214154811049 0.0573491989068466 0.714902709370329 0.249442136572827
0.00102934753280543 0.0975929347341259 0.187860035629855 0.805878834941333
-0.0941218104269705 0.0922346423823061 -0.31644696222416 0.530440095222897
-0.135258454842473 0.0754807655208659 0.00819008081381084 0.109691402688615
-0.0707512300533643 0.12296506546824 0.383798179286661 -0.416256820649098
0.0588002361512394 0.085229852234113 -0.0844572849985949 -0.808530641724125
0.124802647631629 0.00128113884721581 -0.748181519177106 -0.337816287284429
0.081149474033057 -0.0268277724158538 -0.519069190462862 0.378746279914805
-0.0137853231565392 0.0158793222501449 0.0354540372844205 0.418381552054134
-0.0465973810356482 0.0378059063879769 0.181163267622139 0.101882012736214
-0.0171674897660698 0.0293051507072627 0.0261675899990295 -0.163344224503212
0.0069390455074049 0.00278416914468338 -0.0176433493426959 0.13879113554935
0.0159383242576183 -0.0357382831731344 -0.141443279104409 -0.0998334124711541
0.00775046963679454 -0.0569782541826413 0.0299021775798385 -0.428554153433715
-0.0252327485435364 -0.013400406724936 0.513230588670892 -0.280959392874003
-0.0678385296086961 0.0441874715812132 0.695766937595422 0.392753430251597
-0.0636594612662422 -0.0222059190248642 0.0450373961001431 0.813220684945816
0.0441890579832958 -0.0700261744252972 -0.379835972811221 0.423162938106703
0.0631950500811604 -0.0577358264553187 0.0766626198936642 0.0394198242702769
0.033178518799143 -0.0267283669772338 0.341628357613618 -0.526073836265274
-0.0160581450597426 -0.00733747063659482 -0.253808222214221 -0.790686012410214
-0.0270037424058513 -0.010407680987709 -0.773991225834655 -0.1742494848944
-0.041945965222807 -0.0589091297121757 -0.400659830120353 0.464343186036178
-0.0308243143009345 -0.0608621319487862 0.102038073306229 0.400488046769146
0.0156223632165882 -0.00457918184451825 0.178574752512877 0.0517714346544195
0.0254223555070465 0.0235403873109668 0.00925156503813746 -0.180411540847613
-0.00323890059055532 0.00536694745150794 -0.0137798777561357 0.1392689376181
0.00762905399988791 -0.0355778384295792 -0.115572174729127 -0.124597611044575
0.00714131840839748 -0.053784216571727 0.0745463823020162 -0.448900268046443
-0.0107987770168779 -0.00887930783244677 0.537400347478992 -0.232065294477552
-0.0529320759717583 0.0541797711170336 0.63778579273684 0.48603349894235
-0.0562358152673988 -0.00528265932636802 -0.0584650442913216 0.828987561036892
0.0293324777640064 -0.0451661894758284 -0.39614918686491 0.387874029981721
0.0370364873616261 -0.0341004045222629 0.110956053852238 0.0213443329119644
0.0192224997012036 0.00181828901646812 0.307271017021234 -0.559424168590745
-0.00584092150719793 0.0124340934848298 -0.342928166592822 -0.745569166077846
-0.0114689586798258 -0.0118230354120581 -0.790574264465103 -0.0763356789474111
-0.036222880720578 -0.0625884173946633 -0.350018622033728 0.486326257238036
-0.0306167894879338 -0.0568127481282833 0.138345076541645 0.358899643297618
0.00961596832807422 -0.000256754627915377 0.197186781515597 0.0238847682690782
0.016895877287039 0.026607141765658 0.00917624330806652 -0.176480316574012
-0.0134294123488249 0.00931462416123029 -0.00934577186570027 0.138997042146367
-0.00277934987642387 -0.0294809305492253 -0.0958481206299605 -0.139592621378714
0.00994253730715777 -0.0447529373784568 0.101523195119353 -0.460291301362927
0.0120021394001061 -0.00332707780073608 0.546828547475307 -0.194693159058263
-0.0309517636926105 0.0671553042022754 0.587736917474253 0.549377469750627
-0.0540401360056778 0.019724542923474 -0.131726298432214 0.838529878947856
-0.00155252935033849 -0.0161082859870835 -0.401096489794881 0.370360513947683
0.00175369444059048 -0.00645486834905998 0.132127136576245 0.0105057053618335
0.00826300453096384 0.0346333190596318 0.283164689046035 -0.574660546145905
0.0140262987014714 0.0290319590166458 -0.404664958216962 -0.71003179587601
0.0113400136552245 -0.0157166935446166 -0.798457934147061 -0.0124976686762602
-0.0245234057447387 -0.0636406628019577 -0.317406892233053 0.494294569141643
-0.030868059928161 -0.0456622527390069 0.163547341955164 0.326162539681639
-0.00149696660902699 0.00731917535443643 0.211911288677902 0.00647418482626232
0.00582041769200146 0.029416678324041 0.0102609679062052 -0.171042644158328
-0.0234313531028921 0.0123446759355548 -0.00480105553847009 0.139322091340092
-0.0130749789379603 -0.018923692984354 -0.0846082860153389 -0.143622570009422
0.0148589646716202 -0.0322713241468193 0.107655028937828 -0.465125976590695
0.0401881463237988 0.00184905137765395 0.539963900513362 -0.187092497861234
-0.00526337596898979 0.0792719353832951 0.568701440159312 0.569208652939775
-0.0543230988342095 0.0506955614229893 -0.150366244489472 0.843792253195281
-0.0425265549833955 0.0149907491573276 -0.396350296505883 0.371136246559617
-0.0389190148348643 0.0241803262706073 0.137407932488086 0.0112057182825963
-0.00222873081299454 0.0698297975733572 0.276789358571345 -0.573064055280211
0.0395176150551845 0.0447967102901802 -0.41866851050244 -0.696525662414176
0.040602431692781 -0.0190727970015633 -0.805204698192411 0.00923546639375808
-0.0079629145795916 -0.0583720793749276 -0.309210180965855 0.49242075721905
-0.0316340100259486 -0.0311859436218154 0.170796389742826 0.311601084177034
-0.0156441825755055 0.0156010312263128 0.22002737379901 0.00269574634032601
-0.00511158484151687 0.031352715135232 0.0122714972960696 -0.165719061195305
-0.031542047824357 0.0153306201085211 -0.000598721497004149 0.140742629190938
-0.0231957993184942 -0.00463176289578555 -0.0839095111690537 -0.135944672967226
0.0194003630624196 -0.0172093322938933 0.0908549863940481 -0.46515559765662
0.067708299157966 0.00402386883208661 0.519531990342824 -0.209328845571115
0.0243751728995323 0.0864168606247102 0.58092957534721 0.543347921528354
-0.0522554319363175 0.0798109192732267 -0.119999780043879 0.851231765696288
-0.0803120984101232 0.0456794707382634 -0.390303921030712 0.392735117339207
-0.0785330814866012 0.0515618737416072 0.124442489326419 0.0237891610154052
-0.014432531671757 0.101149076597387 0.28888951399465 -0.556059106952322
0.0620343924303867 0.0588365775225499 -0.392564359827801 -0.705824541352793
0.0719892575801502 -0.0202176506633063 -0.810682534537043 -0.0197787971022186
0.0141210666858768 -0.0523487993127793 -0.335108939185481 0.483486001028091
-0.032070060121287 -0.0155367230378826 0.161491946905543 0.317984289587578
-0.0290571408145699 0.0228342028614002 0.221589542053174 0.0120638859434182
-0.0143024178124284 0.0325065884911258 0.0166067660988991 -0.162773180860669
-0.0361645497166335 0.0189117254974771 0.0024109605116268 0.142253749686538
-0.0316710698250298 0.0104829222624911 -0.0923408807814014 -0.116108522465108
0.0212813718777217 -0.00158793485196058 0.0544159431935951 -0.459565658748672
0.0891022944000395 0.0040113729432378 0.488004991345962 -0.256871439250942
0.0534399640235585 0.0842713983446272 0.622633711885418 0.472926783121242
-0.03953264876508 0.0992417952380953 -0.0447449020238797 0.852495188869588
-0.104020799604219 0.0714558619141296 -0.375511390338877 0.430892636637315
-0.111810335918512 0.0709782975419452 0.0961737665078608 0.0472295768533526
-0.0316156676680618 0.122210032299992 0.316405973496393 -0.519797958109277
0.0747291973643128 0.072879731534793 -0.320755918749213 -0.735477502790104
0.100126777055265 -0.0158583592912589 -0.807497125146706 -0.0934342189704519
0.0386461739004503 -0.0432059626791976 -0.38378630015813 0.46511683390106
-0.0290911967849272 -0.00164788346203224 0.134310235208803 0.343647226458366
-0.0406297657396064 0.0292983298246844 0.216270464532595 0.03341965706914
-0.0200590850857147 0.0324062623053979 0.0210760614770467 -0.161499270193841
-0.0373026654288711 0.0204135928192343 0.0044598874907617 0.143462402296767
-0.0391475450303348 0.0229124797097661 -0.108855887553158 -0.0887691287972263
0.0203238991667824 0.0140472953404627 0.00761018067344414 -0.442090665612237
0.100423143102121 0.00286394210465475 0.443120468030238 -0.316375376244611
0.0772185234753583 0.0730263955767419 0.670279504305627 0.369343090085196
-0.0187825465604478 0.105442704084679 0.066398986904662 0.837076417287791
-0.107024042942971 0.0890009748869389 -0.348662182282729 0.479319014820704
-0.130741601093328 0.0790579741659956 0.054694634905431 0.0771652188770858
-0.0525158410352534 0.129139909884484 0.352012473660858 -0.472002630056471
0.0732898615683926 0.082159216241956 -0.212933384995399 -0.77349940936774
0.119057294612753 -0.0083998785363239 -0.789150131687343 -0.205129105320129
0.0635520992726006 -0.0352349114419868 -0.450586825494979 0.432048350482362
-0.022945288447887 0.00938328430501361 0.0901467942977174 0.378607634277116
-0.0455281595398948 0.0343283506843007 0.201293579403126 0.0648469812890257
-0.0207545097203044 0.0302538558776494 0.0237756043701407 -0.160998553449363
-0.0341629490705798 0.0189110632227273 0.00437935264462466 0.142836963136949
-0.0424426775011132 0.0316536090348434 -0.127884984801985 -0.0568667948504151
0.0174281730923019 0.0269236630122712 -0.045110792581974 -0.411941259227381
0.102151069826757 0.00411647734559234 0.390702419531586 -0.369823640772604
0.0909384288013082 0.0579803856165219 0.712668108996897 0.245857741479853
0.00102120012535593 0.0971976660641471 0.189366160280146 0.805635341117964
-0.0941992056511009 0.0913831360526576 -0.315142368980851 0.529051642635142
-0.134837575173363 0.0757899839250378 0.00858369951466532 0.10905603837036
-0.0709149715109107 0.121988559358764 0.38188236414602 -0.415700512475176
0.0589138073659469 0.0841092267290529 -0.083430847319933 -0.804881316002461
0.124548782546271 0.000870911949659513 -0.747147967054887 -0.336250995093161
0.081005997330456 -0.0270842186912065 -0.515609875357305 0.380580283456987
-0.0145850159600077 0.0154442405294362 0.0372229991346828 0.416771318113548
-0.0463240856012734 0.0379349375862501 0.180910353156165 0.101518858841556
-0.01671068521218 0.0288081039871161 0.0262426493463437 -0.162324220208991
0.00717628845580706 0.00194600404106653 0.00877731849246404 0.145058498074095
0.00704693562919787 -0.0360146155175739 -0.160164842774294 -0.0755382874132482
-0.0066923595031487 -0.0571905839665724 -0.0463982357808354 -0.436014267905263
-0.0257501335260979 -0.0150862768162817 0.464322975235404 -0.380653772692942
-0.045871466561138 0.0498025335117864 0.765767306615934 0.257038417161883
-0.0545740150655386 -0.00899872756905641 0.192183080594053 0.798901321587247
0.0288937900432455 -0.0717408807022887 -0.295004712808082 0.48686493281469
0.0518275774065491 -0.0664060650657495 0.083462019981954 0.0254063625593221
0.0290022533041253 -0.037375049332488 0.240875350169632 -0.589806987859215
-0.0176694221104336 -0.012386089838526 -0.410218056219431 -0.747490363840743
-0.0352292691381338 -0.010401492859829 -0.810610690633222 -0.0199489314365573
-0.0609643479247909 -0.0474054615956798 -0.305122148662963 0.546205689549128
-0.0426630835631351 -0.0472429706040189 0.187197444272852 0.380942675605251
0.0149022314578148 -0.00508861458024548 0.191039290309472 0.0157489153269819
0.0317108017142308 0.0156825611471096 -0.0276304395035597 -0.18354402224774
-0.00245478250696861 0.00626679562024614 0.012656054471902 0.144321134109811
-0.000894611786518486 -0.0335760262829213 -0.138730675060671 -0.105670813098028
-0.00584089699579046 -0.054711923381885 -0.0067630021220319 -0.466641593277735
-0.0100165220818115 -0.0144568940063396 0.497990477181905 -0.334075338447512
-0.0288059407324066 0.058639654650162 0.722870825906882 0.363023873978631
-0.0446228823594822 0.00796917806540085 0.0907592184019956 0.836310514167008
0.01859207030975 -0.0442147901986313 -0.318504280814453 0.454987796736956
0.0303471464760941 -0.0394684882679303 0.112700980933103 -0.000214824476422829
0.0204400404641733 -0.00752074874738477 0.20200754803013 -0.618199610597995
-0.00435214152243757 0.00472612389925143 -0.49493516279817 -0.685915083383209
-0.022256632438831 -0.0128025185051202 -0.807970084762625 0.0819340154355244
-0.0559685327481186 -0.0528909942057557 -0.25128225515501 0.559570810075736
-0.0412423759357035 -0.0437269993735118 0.215686590964029 0.332426201266317
0.0114808443488736 0.00106383054924467 0.203594403349767 -0.0167065738019599
0.0228288534849451 0.0208208627741564 -0.026153133332255 -0.178892057713994
-0.0122365640399052 0.0117527871348519 0.0161475928604558 0.142151948676346
-0.0094227257912104 -0.0256059338928842 -0.122798761889442 -0.124528821100225
-0.00183512008488579 -0.0483777585444553 0.0193258711459733 -0.483057312875997
0.0141164243704804 -0.0132949153297111 0.51317053501475 -0.29639333957938
-0.00474888952061201 0.0678300178808059 0.686377536961381 0.439606784597069
-0.0374530588647233 0.0324296602675547 0.0210137308668622 0.855609955157442
-0.00556176516534592 -0.0102962242454786 -0.328833551929864 0.43432718403412
0.000601847239321983 -0.00596656341401488 0.132338181422364 -0.0144938624264439
0.0161398295431162 0.0268501739852001 0.172299907281355 -0.629876269999245
0.0175393172039457 0.017049870865175 -0.548944240102733 -0.637427173926755
-0.00117605931850754 -0.0203207753200074 -0.804660152702964 0.149121927861164
-0.0444991925548367 -0.0538943108871073 -0.216028373088369 0.560526504436878
-0.0396735388614061 -0.0330998129760915 0.234509396923025 0.295155673815393
0.00179567483192957 0.0109722662485669 0.21466295389017 -0.0385032614830694
0.0128194371336791 0.0254523422087201 -0.0233167111024803 -0.174159024670249
-0.0199545247078652 0.0163791611921761 0.0209670703901987 0.142481428956699
-0.0170601468072442 -0.0131857080081958 -0.112998293087097 -0.13069834166431
0.00524283107911246 -0.0363371797053753 0.0220289307050975 -0.488322926029129
0.0412632024579547 -0.0142065790185739 0.507714411075265 -0.28507657094319
0.0227019083122819 0.0753803422359608 0.670967546834038 0.462686629416649
-0.0329590064681636 0.0622520158592819 -0.00105352467152365 0.867932157347633
-0.0381886085800494 0.0272032598262771 -0.328379589340664 0.43302498996624
-0.0332759904080502 0.0300138564633964 0.137285685708926 -0.0149555668399386
0.0124274108129964 0.0623229751887215 0.166644855402646 -0.627456628566034
0.0438204398711144 0.0284306410147686 -0.561138534505352 -0.621225640336152
0.0254805248202554 -0.028398908870297 -0.806578639326304 0.170637708472833
-0.0279735078181719 -0.0529750419968661 -0.20886302743103 0.557655052517327
-0.0370440516897805 -0.0192613296651229 0.237407799117094 0.277801308231294
-0.00956859726629014 0.0211814196120495 0.222151457169028 -0.0455924229262155
0.00284413858787972 0.0294297522320964 -0.018994763593808 -0.170802071653512
-0.0271777808026744 0.0212567031986077 0.0248915353946476 0.141618983360649
-0.0244809292632017 0.00118951695832923 -0.112074749264694 -0.12312609758009
0.013104998208216 -0.0229299302055233 0.00342858536149291 -0.483678488341232
0.0671803105071468 -0.0175140727239148 0.484586810108613 -0.30026529348073
0.050902653438271 0.075378628067824 0.681820384622199 0.436088113225457
-0.0246107078180533 0.0889409226060302 0.0295575409459657 0.869501827631924
-0.068662028400527 0.0634398630312617 -0.319462871225213 0.451981753510898
-0.067386434439946 0.0626029476380247 0.126575980289587 0.000743795420283925
0.00578913251835257 0.0935322147591935 0.183398204806954 -0.611741228957028
0.0685534279267798 0.0384183747764065 -0.537938494224195 -0.635999378269227
0.0553923258994666 -0.035476475101229 -0.816387403281502 0.145285796776392
-0.00562830835774377 -0.050393596052445 -0.234847096492983 0.554086141978999
-0.035514540167465 -0.00494112366537276 0.229410841442187 0.285933294846675
-0.021368250986154 0.0307834926577514 0.226410470754983 -0.0369271538842017
-0.00624264105506967 0.0315888546202308 -0.0151429938978289 -0.168130086081654
-0.0306215324441625 0.0252855659063258 0.0271477332355944 0.143546999030638
-0.0303115057997319 0.0172550751843801 -0.11763112935626 -0.101837301979612
0.0176629969438291 -0.00783024679544965 -0.0315081370454398 -0.469955530959277
0.0870811405614792 -0.0220837656254395 0.444608227637461 -0.340157047303525
0.0780779787499103 0.0671488180634425 0.708964326379422 0.36017056484636
-0.00939292804556325 0.105118936858848 0.105128980561664 0.856870901878577
-0.084418739764216 0.0937630075331728 -0.301151275873282 0.484828374410857
-0.0950329378239353 0.087541885116743 0.102419358285245 0.0280321051771671
-0.00699237670072229 0.117544796620718 0.218336220214275 -0.581037366162564
0.0839250751052691 0.0490188071494898 -0.472723975720286 -0.679112601486391
0.083008764449212 -0.0370494715317937 -0.829797708387388 0.0686263413254618
0.0193816296306625 -0.0477894466511347 -0.288881305041988 0.545516845588151
-0.0304192157121288 0.00816823912658249 0.204515814245196 0.316661930684592
-0.0316301709079624 0.0397704873447856 0.225033381263512 -0.0143830048923341
-0.0116828437977026 0.032331433474521 -0.00996826179767676 -0.168631184951928
-0.0319284677699063 0.0265447021080016 0.0303901199648625 0.143459384463323
-0.0338282253917734 0.0313325548883704 -0.128505375646139 -0.0710558153939845
0.0192527556825495 0.0067524303685075 -0.0770790263343348 -0.444144352510964
0.096707543748199 -0.0247062389027911 0.389431488229392 -0.391989939255304
0.0992263770973075 0.0499578852484565 0.74041179897633 0.246646795738199
0.0117291230030757 0.106686461753057 0.213428948543696 0.825218270499602
-0.0841768366677718 0.111012580001265 -0.269599048475224 0.528931752923339
-0.112381238237112 0.0982818244438201 0.0677078783531928 0.0642075262758908
-0.0252124058660894 0.128838263950924 0.263716461963986 -0.540661553374132
0.0859272426660088 0.0588176369733261 -0.37084170317358 -0.740248428969381
0.103202733099403 -0.0347617554898254 -0.833287423753428 -0.0459897082848849
0.0432536817531246 -0.0445455101612694 -0.362742669243937 0.526647792256363
-0.0224806813541216 0.0168450037186736 0.167816568377904 0.362451898347589
-0.0361738230662595 0.0454901861718497 0.218051086151207 0.0201763347955887
-0.0127227621827911 0.0311269816116367 -0.00558187551760387 -0.168628694435946
-0.0285879398301189 0.0236819095149764 0.0283168190942198 0.14387556791939
-0.0351466674293307 0.0403897466497156 -0.142898002165972 -0.0347895143596235
0.0187706751969273 0.0204282244674478 -0.125193132080676 -0.401392004838564
0.0964825027687308 -0.0239467373665922 0.327336076187889 -0.436676979521775
0.107524139000102 0.0316088818245948 0.75968013433495 0.115971204150962
0.0290509987679891 0.0924358453480693 0.330790755522122 0.771166670494101
-0.07039210461476 0.111224822827151 -0.22591197714222 0.5714395818806
-0.116876589814013 0.0970339503985992 0.0287978783060391 0.10505999767172
-0.0440898606478461 0.124719661399586 0.304971363062511 -0.488876536141065
0.0731905405175176 0.0631490624431728 -0.245460753864043 -0.797024794826898
0.110747733337676 -0.0279913103717573 -0.816947177523411 -0.186270058365181
0.0618605745523939 -0.0420067452993005 -0.440683584533158 0.487937190214546
-0.0146566611058994 0.0212078256055138 0.12174033911843 0.413110397796059
-0.036689855159359 0.0483046094245761 0.203811336140096 0.0616254052873587
-0.00930931246810417 0.0295194057761653 -0.00415575711047263 -0.168976167750057
0.00595631081025157 0.00244169023010214 0.00919435356834659 0.144410139283325
0.00671122536415198 -0.0340678610464611 -0.160631651012125 -0.0755945550869675
-0.00626675482291897 -0.0581041557069416 -0.0478445974196988 -0.435286706693045
-0.0250043998416412 -0.014213837705923 0.464079953833512 -0.38201012107251
-0.0442825650065422 0.0509221103820432 0.763187492186187 0.255795628794899
-0.0543711007558234 -0.00880196080852291 0.191759012917081 0.798873733721705
0.0285826414360131 -0.0713776935193894 -0.294074084287033 0.486608786507319
0.0519439029080028 -0.066940095312851 0.0842629527109449 0.0251992200215402
0.0299731659453521 -0.0370034079827182 0.240774051565647 -0.589769550425485
-0.0177772546259848 -0.0124289821644447 -0.413380554678607 -0.747663471386003
-0.0351662184362351 -0.0106953301095525 -0.810563965544307 -0.0196725833394096
-0.0598702083949814 -0.0477055636645323 -0.305341298436389 0.547463976937017
-0.0429103623655381 -0.0477076606665627 0.18868730207545 0.380782780960183
0.016032605316737 -0.00504518287867417 0.191445563002812 0.0155127250551535
0.0319119783425812 0.0151110398726969 -0.027463490539502 -0.183186824167213
-0.002562961647137 0.00584459590610598 0.0123537696012435 0.143847286679159
-0.00126408163274741 -0.0328482191465152 -0.138760313582979 -0.105494612256433
-0.00564869348141942 -0.05535370214208 -0.00821024823308369 -0.465511831620898
-0.0104735984075124 -0.0143686126665392 0.495360789177765 -0.335478429297636
-0.0284012269874892 0.0588139253856169 0.722454453224702 0.362875990029688
-0.0445761238697203 0.00729397317332106 0.0899020742271201 0.835841743420961
0.0186708422700086 -0.0447836854464001 -0.318475831243378 0.453565830219284
0.0306692683320485 -0.0394704265588997 0.113660551914014 -2.11030971735505E-05
0.0204269796293673 -0.00741503495121101 0.20253711222708 -0.616760723364286
-0.00507478429233943 0.00422119123045629 -0.494357108510596 -0.684511401157739
-0.0224331950290813 -0.0128206616152921 -0.808258169076397 0.0822398167847596
-0.0557520601261336 -0.0524709547026926 -0.24992748863414 0.560840355272447
-0.0412494953960386 -0.0434955627225352 0.216260666481312 0.332287523592055
0.0119099181446893 0.00138460315162288 0.203178774824805 -0.0167420507963808
0.0238353566726425 0.0202375755481775 -0.0253997470961429 -0.178803250520489
-0.0112506984322009 0.0121980419336065 0.0162554752955432 0.142133076399446
-0.00941011979710269 -0.0252788182437307 -0.122585910898388 -0.125188760169853
-0.00124591273141809 -0.0475222800629601 0.016859164753438 -0.484172217504787
0.0143893902694707 -0.0135119558528779 0.512509873290898 -0.298874911189488
-0.00447513467975328 0.0679136549913821 0.687158153369577 0.435795713632342
-0.0379437544161491 0.0324720755023861 0.0212298571939152 0.856163136938872
-0.00548625736730379 -0.0105508509256973 -0.327215440826815 0.43568026904962
0.00108901286500912 -0.00616165401522999 0.13265661377729 -0.0148503599827222
0.0155314269842633 0.0264104245648617 0.172613532372541 -0.628535607065113
0.0168018948505757 0.0184847807329305 -0.547465027370984 -0.636240205195118
-0.00112189960360651 -0.0202481100605414 -0.804421978187918 0.149086999275747
-0.0442457028125329 -0.0536360695471098 -0.214171290160287 0.562276275973924
-0.0388552357781533 -0.0331787754912088 0.235350488078618 0.293847359724967
0.00358493653225746 0.0106528128240509 0.21441281109889 -0.0392504842688461
0.0128879086942575 0.0247917525745268 -0.022657980272498 -0.174088598641257
-0.0203284553723618 0.0167901073811045 0.0210117733577765 0.141631476461301
-0.0177535807422997 -0.0138542360159008 -0.1131046572437 -0.13110089681724
0.00591177128175449 -0.0360817080934571 0.0210801220981619 -0.489944189697568
0.0415416158118915 -0.0138919906947054 0.507594494603928 -0.287109927885331
0.0225991268219805 0.0758176482720758 0.670591380800119 0.462622638440054
-0.0324595774243316 0.0621084508394471 -0.000556512390014887 0.867705196851945
-0.0383389784828418 0.0269425831355554 -0.328762797433305 0.433165079030039
-0.0339597347064514 0.0294623240965644 0.137060593518594 -0.0146234666782905
0.0117709074619232 0.0615242394136983 0.167450484132718 -0.626585112453148
0.0439254888811912 0.0281745373227505 -0.560957892529844 -0.619507304025835
0.0255420563556611 -0.0288539438677041 -0.806384649427264 0.171453007239952
-0.0275169186019544 -0.0531563952933255 -0.208974556037145 0.558035837508095
-0.0373309025543016 -0.0192298525604492 0.238618535185229 0.277828658333778
-0.00868046385488779 0.0216192018779882 0.222502979834347 -0.0462052166748441
0.0027456544531866 0.0298449820192529 -0.0184413042967856 -0.170453316098304
-0.0271307992062461 0.0214820212847562 0.0244503353046681 0.141902901376187
-0.023694545352938 0.000912705074162089 -0.111809142005028 -0.122941839845911
0.0122634875130463 -0.0237036575745735 0.00398888532675406 -0.484706389903168
0.0672772392236175 -0.0171014777485569 0.483868630403414 -0.303159081621572
0.0515385217965414 0.0762475296580767 0.680742688957737 0.434762859588055
-0.0243749911549244 0.0893175410223587 0.0289558507855507 0.870655296932119
-0.067696593343199 0.0637530483453653 -0.320073452524152 0.451435529483341
-0.0671145326376147 0.062330288538766 0.126862438273167 -1.97750955005998E-05
0.00537530102536723 0.0930218382932196 0.183070946708417 -0.611928103819736
0.068138645814078 0.0385513325793626 -0.537018870437358 -0.635365761695224
0.0557793603165551 -0.0351339732879942 -0.816889395238788 0.144657761305954
-0.00562369090297666 -0.050535459652803 -0.233968283142579 0.555398564149372
-0.0351356965803168 -0.00447056478880904 0.230706217088159 0.28656859219254
-0.0205159652156882 0.0313741837979305 0.226888050421321 -0.0372698820291549
-0.00571638076243224 0.0314206105560227 -0.0140448948591496 -0.167891129825762
-0.0305876750187089 0.0246664016615707 0.0274241914646371 0.142346229740831
-0.029343380467196 0.01721487211152 -0.117327590341572 -0.102153051976905
0.0174920952794047 -0.00853177883354813 -0.0329346707105027 -0.47122788205339
0.0863638560958754 -0.0214913613340995 0.443652063961585 -0.342849190070952
0.0792208956505253 0.0674129768355599 0.707473875267046 0.356747870689886
-0.00960578361643132 0.105052642802944 0.104312091152986 0.858050224197728
-0.08498385740889 0.0941787448334909 -0.299900800252444 0.485348399636817
-0.0958947899529936 0.0867535985474912 0.101804590062015 0.0281800942250108
-0.00684048229581546 0.117525583061635 0.218280987031607 -0.580261765170889
0.0840945365208805 0.0488785816432034 -0.472224757018003 -0.679472272298335
0.0832140229095588 -0.0369620392127196 -0.829331784878906 0.0713505420394674
0.01975325042579 -0.0472798284758709 -0.289935113318748 0.54646705310728
-0.0302975249682671 0.00866914839500374 0.207062406003909 0.316127703086139
-0.0300751189708674 0.0392177379309965 0.225532020523609 -0.0145516275327967
-0.0114656711819008 0.0327792140263931 -0.00875427145827491 -0.168489162843239
-0.031816799543625 0.0262900826389911 0.0289136872408541 0.143391322933788
-0.0337735236755448 0.0306361254228941 -0.129003664985241 -0.0712344487217452
0.0191787675102005 0.00721631266434205 -0.0789189794802693 -0.4421067429782
0.0962021195416009 -0.0259305167074361 0.387723259557758 -0.393454644594564
0.0996794341248254 0.0505583675237479 0.739907586153844 0.243625101408069
0.0112086545193551 0.1059765276349 0.214456193323583 0.825253394514798
-0.0845723226165711 0.11129765038338 -0.268959570668192 0.528047903284617
-0.112317959737115 0.0989851958602639 0.0674468235944514 0.0653449029306404
-0.0251902326663385 0.128698132995205 0.261835021257404 -0.540777733264179
0.0860915614674966 0.0587809960564652 -0.370478400109221 -0.739928937213246
0.103164408008636 -0.0338233967271517 -0.833196328899068 -0.0454626510207622
0.0439922509253986 -0.0457846626538615 -0.362306747429665 0.527630508821118
-0.0228310076330541 0.0166949854636103 0.168499288689301 0.363036843336706
-0.0356239213082514 0.0457242054732747 0.217667370063418 0.0201891130499338
-0.0126871035272788 0.0307113218498376 -0.00549066121408593 -0.168374629876546
-0.0290399337752143 0.0240973721970856 0.0283685731786135 0.142819460354951
-0.0342568986462183 0.0402962866587168 -0.142263533091068 -0.0351379450109773
0.0184207196914409 0.0199940045156091 -0.125164071125253 -0.403511308468178
0.0963802709244553 -0.0250716268697265 0.327931796941159 -0.437786594582681
0.108328471921736 0.0312677646567942 0.759459632691891 0.11397443972383
0.0299538243981186 0.092689764034529 0.331229367712723 0.770427439499599
-0.0707000352306709 0.112068485542933 -0.226383095474432 0.571481407239156
-0.117281019744448 0.096213770992827 0.0280678823031315 0.104030279657353
-0.0445666444362156 0.125289016415663 0.30455853531727 -0.489009043503403
0.0733754544856122 0.0636262099201497 -0.245586970268109 -0.796755697755394
0.11025070605447 -0.0279990178614912 -0.817392637824543 -0.185730037923278
0.0623728857422031 -0.0420855375014849 -0.440481229373142 0.490839570917715
-0.0149423325884754 0.0211886508689751 0.12233330184874 0.412492134370568
-0.0354637572532375 0.0486560206082829 0.204310430949404 0.0608565048992523
-0.00869233922755505 0.0284684189695653 -0.00413209523406982 -0.168185860012845
0.00667066626993095 0.00255898279447006 0.00923515097447088 0.144996275408323
0.00701288092483011 -0.0338272696126692 -0.160623132817707 -0.0759240018843886
-0.00569607697512209 -0.057778582382715 -0.049072110641521 -0.43789371189249
-0.0250920006363868 -0.0150057829273879 0.463593085144156 -0.383688985728136
-0.0444430393167501 0.0514117164984294 0.765346072137164 0.252582680253174
-0.0552362632214314 -0.0092724206588012 0.194335890487541 0.799835461821964
0.0287444336875563 -0.0728633274713461 -0.294003302578567 0.487963662292695
0.0512892041464135 -0.0660943792444323 0.0841832101819661 0.0247967298437111
0.0293715882738795 -0.038138796360772 0.24200174737789 -0.59106329714952
-0.0185954632186583 -0.0124934821851661 -0.410350432708193 -0.749273008433157
-0.0352004858723634 -0.0108852345148383 -0.811675145987809 -0.0189785456922032
-0.0610125722320938 -0.0476443103049283 -0.304199669816442 0.5477849941786
-0.0427697151933108 -0.0474618099838566 0.190781064571439 0.381415102425644
0.0173077241672795 -0.00490385267978748 0.190423128701082 0.0145264347228456
0.032403263205011 0.0144425314716473 -0.0271760875124983 -0.183397068576444
-0.00284750415609986 0.00619294065721901 0.0127141161855878 0.143724365006744
-0.000796988127209466 -0.0323317301667408 -0.139225328158537 -0.10552957085438
-0.00636863538994949 -0.0548811246673821 -0.0105785722112266 -0.468274546363279
-0.009086477132817 -0.013164550910654 0.496928659123915 -0.337807140194816
-0.0272970911555091 0.059651422101422 0.724022143097318 0.361040369456665
-0.0440349117947511 0.0072162382002997 0.0906657809775067 0.834601712588559
0.0188295867450316 -0.0453692838484622 -0.31806119724336 0.455740361912564
0.0299868360731712 -0.0395819758237747 0.113021577139432 -0.000667511762597112
0.0207449040294029 -0.00861169191232243 0.201444052556439 -0.618454376239858
-0.00455190196246849 0.00471093568341525 -0.493633669154511 -0.687163337761606
-0.0225113250613266 -0.013678915457629 -0.810518356247723 0.084476770188188
-0.0562938274955839 -0.0519884282569058 -0.249108968525364 0.561425164563951
-0.0408148134442851 -0.0436243437493823 0.218206879285689 0.332462065395583
0.0119700626507118 0.00143098531083659 0.203362583242352 -0.0171634182256939
0.0239554259230706 0.0196744172986964 -0.0251601163711749 -0.179101798262814
-0.0109236003931098 0.0121060075473668 0.0161942696872355 0.140491292699258
-0.00971542184593933 -0.0255689633259083 -0.123457327413178 -0.124480704189894
-0.00160675086427206 -0.0482483068351444 0.0151777039753505 -0.485219980788084
0.0143925641284069 -0.012699855801348 0.513095314985461 -0.30166058460206
-0.00367432653873441 0.0688247109938249 0.686997826967945 0.43431329508685
-0.0377230611810067 0.0325758809279011 0.0197318064091412 0.858009713759737
-0.00560038028916129 -0.0115892085030693 -0.330111630544845 0.436085169436948
0.000159342196565363 -0.00646581895090263 0.133328541447759 -0.0152326228741571
0.0152641168453662 0.0258084241634479 0.172940684567823 -0.628614358841075
0.0170204375379366 0.0176252311129407 -0.547975223506038 -0.637723694151827
-0.00104264406820426 -0.0209335186248956 -0.806295094672976 0.149874127682118
-0.0447115164303089 -0.0538658123429551 -0.212603469102054 0.563825143857991
-0.0389803615305629 -0.0325893092349276 0.236530353908406 0.295051197645274
0.00401919190149647 0.0114880313714068 0.213915032760945 -0.0398022565806267
0.0142144067026159 0.0244536715161971 -0.0228038673164009 -0.174545937162125
-0.0203868904179974 0.0172480331383225 0.0203382315226768 0.140798497927813
-0.017440430748825 -0.0125846219655935 -0.112716890751237 -0.132114523121753
0.00535677813811733 -0.0371203473782971 0.0192290141400556 -0.488692398314
0.0413438971482201 -0.0143197213863104 0.508625279791388 -0.288110909245785
0.0237549000215213 0.0761983797374164 0.672676415748055 0.459394907474354
-0.032639509090714 0.0619536260965526 -0.00224125843541833 0.869241041433718
-0.0387648266607556 0.0265856785187476 -0.328646288680041 0.435029457174446
-0.0333166348181567 0.0298619058027572 0.137422197035853 -0.0147984898279563
0.0123515353794446 0.0612503013328727 0.166521845077937 -0.628824043734137
0.044474648785699 0.0283046756986301 -0.56221398554743 -0.62015559310413
0.026266909651001 -0.0289339817376077 -0.807343965887254 0.172821105085367
-0.0273869919273187 -0.0535824185328192 -0.207663910822415 0.560880861758862
-0.0383561415121148 -0.0190166359745043 0.240704807813353 0.279399469457902
-0.00782406268859719 0.0214346341511545 0.22202625710702 -0.0454690926446013
0.00301989956424724 0.0290586237447127 -0.0183135676193702 -0.169685189242652
-0.0272520802090269 0.0215102893482205 0.0244882015247903 0.141339597674427
-0.0240550660595932 0.00144240933881081 -0.111514610131318 -0.123826707875096
0.0129590066013165 -0.0237417387032969 0.000907483512021993 -0.486502132276817
0.0671658309253874 -0.0178069455055405 0.484555130294549 -0.305783465479798
0.0533317917582482 0.076569528167384 0.68024793403928 0.433219063275035
-0.0245733007108421 0.088879896175427 0.0297223885170709 0.872722023453325
-0.0686364847318476 0.0625158325182494 -0.319678630941769 0.45183881230102
-0.0671759007166775 0.0632706002245289 0.127140869259655 -0.000193259954461526
0.00543574919991961 0.0925444788609949 0.182331219841635 -0.611893702777619
0.069107912612383 0.0383767161526794 -0.538569381886234 -0.635743074907999
0.0548631502216993 -0.0353930013607523 -0.816850383639609 0.147281489096741
-0.00582950812259053 -0.0512944738298805 -0.232954758560216 0.557128357142815
-0.0354030895784949 -0.00418275504271469 0.231098894488803 0.286564248488442
-0.0202682763104615 0.0310589177337921 0.226391981076752 -0.0379169744641165
-0.00507298945399958 0.0311605575744727 -0.0137856297362786 -0.168294263842065
-0.0313314620320396 0.0246894945623984 0.0275292652342735 0.142008827535561
-0.0296835573748495 0.016998247707166 -0.117735303355427 -0.102038049982564
0.0169966301731085 -0.00880917524447402 -0.0352317378493966 -0.470885014133286
0.0859058732297336 -0.0225332472242656 0.444906537525528 -0.34529333258809
0.0796195646066976 0.0674597666680714 0.708663586777527 0.355440086857143
-0.0089420366364526 0.105191370905021 0.103841633530402 0.861566241450305
-0.0855401998490398 0.0934054767391528 -0.301176214609336 0.485163896805727
-0.0950049308394583 0.0875543215822543 0.101810863378213 0.0280820847316143
-0.00740203141003516 0.117125276165308 0.217247418643526 -0.581187975414267
0.083569837311963 0.0490137514851148 -0.473075693588303 -0.679543278030874
0.0826550897130967 -0.0376013219596601 -0.830269448377182 0.0714915265483257
0.0191240122139647 -0.0480489207315544 -0.288107049569545 0.548817670400746
-0.0301689030847935 0.00852954635615038 0.207747365941445 0.316451115177417
-0.0299585279427033 0.0393040710618208 0.226082346753359 -0.0141739266668591
-0.0109394683686213 0.0315022169388716 -0.00853840604211481 -0.168215767095665
-0.0316035835819712 0.0254922935864335 0.0289413810248409 0.14261686666416
-0.0335481845151008 0.030546909035743 -0.129488858416207 -0.0714406489367888
0.0193863818202553 0.00674180237140135 -0.0804231315967905 -0.44392130721139
0.0963078562873959 -0.0263145948404283 0.387894652168078 -0.395255500727868
0.100634197907608 0.0515573910469008 0.740613025230134 0.239796154050627
0.011996433426933 0.10669670681409 0.214170950099931 0.826315806821497
-0.0839703126908467 0.111224326473532 -0.267909336125468 0.530267071461247
-0.112717360030586 0.0992157317226024 0.0670190658158972 0.0645705845699583
-0.0249625783269454 0.128510637169022 0.261570136283334 -0.539822036706085
0.0855847649592479 0.0588344273709893 -0.370896830621629 -0.740181555847237
0.103514667839066 -0.0347367727423662 -0.834032837627306 -0.0446389934592966
0.0432470741820885 -0.0451096143032299 -0.361454659744781 0.529143947798374
-0.0227190660517782 0.0168494507721907 0.169258753647341 0.364055021398845
-0.0351955856675834 0.0448534883002742 0.218525465619575 0.0195806439134228
-0.0116852276816323 0.0304013273835278 -0.00533607914266733 -0.168389865906289
-0.0297045918776607 0.0239339573655057 0.0281136820452847 0.142975684243184
-0.0346162443141241 0.0389565997618982 -0.1424305860829 -0.035540686355392
0.018661319716951 0.0198305139016033 -0.127911035024246 -0.403256449766985
0.0964261046905967 -0.0254519485986266 0.325370525813586 -0.438319389928729
0.109742794478518 0.0323007201936232 0.759990275242002 0.110624572550626
0.0296271804191104 0.0932911105151375 0.331713597830617 0.771767754876679
-0.0714909004753657 0.111042167000503 -0.226447482551869 0.573600300651518
-0.117296122203689 0.0966294395956056 0.0277577591343181 0.103579822516906
-0.0444331797398635 0.124976921597461 0.304381196382397 -0.488014102853425
0.0734057630821651 0.0637599833396471 -0.246280928139908 -0.797277053404239
0.111646506226663 -0.0280073402237712 -0.8172610453394 -0.185320031543572
0.0615608341438436 -0.0424185868008931 -0.440567387554368 0.491210849385052
-0.0141244275309687 0.0212346277971936 0.122850406799457 0.413256573015398
-0.0353844097782726 0.0479938639973082 0.2046161657824 0.0615298371438811
-0.00791230058155597 0.0282154667402671 -0.00378212732723267 -0.168495882450702
0.00672908956326713 0.00278208083700376 0.00952567705732793 0.143707299996993
0.00724585189098807 -0.0338471724984288 -0.160655969361599 -0.0757691122783475
-0.00595903758594775 -0.0585355605693803 -0.0511380912631539 -0.43997806836011
-0.0246616528961183 -0.014265471503064 0.465363801682587 -0.386255928107778
-0.0440645926071124 0.0519303117800446 0.76895590076261 0.251221575705766
-0.0545607466195724 -0.00993541643531923 0.192343668196725 0.801242467477718
0.0277751957054078 -0.0736203493412057 -0.295657308767869 0.489471510843835
0.0517703019844109 -0.0673636778194059 0.0844815978891162 0.0245437475492894
0.0296446530992078 -0.0381128637959154 0.242549210105779 -0.591866408945409
-0.0177364150192786 -0.0121068083173704 -0.412015366295782 -0.751445744406158
-0.0358237927130089 -0.0101282661184181 -0.813527930845081 -0.0180083134891526
-0.0612708312833199 -0.0475997366868093 -0.303317012633214 0.552724706845522
-0.0433701831153726 -0.0468350694647525 0.193076674645848 0.382617101138914
0.017497241539782 -0.00372914354171971 0.192244790522404 0.0147628995702263
0.0328420505715291 0.0146282982679017 -0.0270933066344107 -0.183230165969141
-0.00275811904081672 0.00649898815088917 0.0126146648512265 0.143321163303032
-0.00056467679789149 -0.0315917490675502 -0.140367104898409 -0.105360623128069
-0.0064069499267438 -0.0552835768012457 -0.0114933471569975 -0.4687590835501
-0.00948354724631301 -0.014515636646468 0.497745207805604 -0.340826834684749
-0.0265068411108643 0.0606938048712801 0.725732525099106 0.358711772530513
-0.0443038727637328 0.00726083730405799 0.0925217463860523 0.837616968358318
0.0186216850647886 -0.0462094087687416 -0.319066212454933 0.457416473661345
0.0298080795053959 -0.040385334951595 0.114268295774844 -0.000252569430806776
0.0202574127624558 -0.00841373603139064 0.201413182841558 -0.618529628616585
-0.00496236982265324 0.00514835424218246 -0.49631534557393 -0.689836418699459
-0.0225485840224831 -0.013691465544989 -0.812985263158305 0.0867949671165757
-0.0559072202518165 -0.0523357621848048 -0.247997217013134 0.564500852639117
-0.0414177673203813 -0.0431001625847488 0.220951925622732 0.333288140509591
0.0128753550334243 0.0022997779723016 0.204317957205202 -0.0176991315321294
0.02420675539342 0.0193845377198967 -0.0260315365068938 -0.179940757415461
-0.0118303955961357 0.0132226466151627 0.0167166296777241 0.141418142928574
-0.00934177389157738 -0.024903761944878 -0.123471078170552 -0.124239243328207
-0.00174827989936353 -0.0480153645439178 0.0145338090633648 -0.486519474347958
0.0146288330302485 -0.0131618626084722 0.513381829721267 -0.303448428469536
-0.00251468228259176 0.0696341575540574 0.688449284091464 0.434381031624189
-0.0378213913598625 0.0324801541216446 0.0207249762252397 0.859972667214046
-0.0058852993416097 -0.0120851980200998 -0.33005141082497 0.437686561779369
0.00122789845951618 -0.00641584695093046 0.133079769649108 -0.015215777327926
0.0156386181868147 0.0248337678402659 0.172272246878308 -0.630371035131798
0.0179991087185041 0.018566526109554 -0.551339579279651 -0.63857663957194
-0.00085966011449087 -0.0203422915561596 -0.807208473785668 0.151372537653506
-0.0448866229448431 -0.0536149756908966 -0.212102278767131 0.566922383781659
-0.0395082399173633 -0.032768676694793 0.237925634107302 0.295432140077377
0.00464894992924901 0.0117221297560183 0.21527504014849 -0.0401353696212179
0.0141947429862987 0.024689130606178 -0.0223445598101088 -0.175074513914902
-0.0196678006964071 0.0172206234768209 0.0207953026937046 0.140415917558248
-0.0171534794852559 -0.0131984846630237 -0.113867792576166 -0.132486380538876
0.0057387126635398 -0.0371421778219993 0.0183865175629422 -0.49227058741178
0.0414201828732812 -0.0150520340842149 0.508346086535213 -0.292815237253246
0.0247670687926084 0.077057322022312 0.673905056337935 0.459488140614723
-0.0329155964226881 0.0620839211195269 -0.000689313871199832 0.871676973367666
-0.0388226754056 0.0261701140577115 -0.328641321972185 0.434802572452657
-0.0338694203864902 0.0300178040825764 0.138304669588638 -0.0146307297828222
0.0118702582972525 0.0604997842423349 0.166539230151596 -0.630180629699279
0.0446552435125147 0.0285658003384554 -0.563364759846758 -0.621153368504218
0.0265539785798548 -0.0290551224687428 -0.808135683885842 0.175787765859172
-0.0276641479694923 -0.052920901534721 -0.206145630229765 0.564387731492514
-0.0384225817607481 -0.0193674726152014 0.241958777209072 0.279690513757587
-0.0074421172641805 0.0218818372681476 0.223638459313699 -0.0462804318297347
0.00384523674416241 0.0287184238508454 -0.0183335070356779 -0.170889876752475
-0.026967874338444 0.0222079672817107 0.0251224519540855 0.140595085774737
-0.0233557562256045 0.00178884957597281 -0.111554405839296 -0.124149106702335
0.0122804667100666 -0.0234107446730103 -0.000245123384060917 -0.487029917922911
0.0668871022037418 -0.0178287943601272 0.485042459716923 -0.308689554618969
0.0537780229231249 0.0776398372825344 0.682226679075015 0.432623832063049
-0.0245073854368318 0.0894181807059525 0.0306874563578012 0.874626849373638
-0.0690693533424471 0.0628139703159166 -0.319365806635326 0.45395014848171
-0.0680483743378427 0.06220428258945 0.127857266484791 -0.000219224809283145
0.00557984741370929 0.0929269674481591 0.18164186364161 -0.613871202046052
0.068692235746537 0.0385645113244649 -0.540180300639963 -0.636642835330826
0.0554488397884421 -0.0363537021821624 -0.819796342754152 0.14897452269216
-0.00550456716595459 -0.0510690074968336 -0.232379656515885 0.559302807116137
-0.0348574124679356 -0.00458128981616824 0.233138985693685 0.28734881596708
-0.0196081734150508 0.0315766560783801 0.227069675102891 -0.0376457999776438
-0.00506097408068199 0.0310895788718839 -0.0125876474046268 -0.168775553054595
-0.0314753492475607 0.0251880324474746 0.0271720952254526 0.141492044721853
-0.0295743949435045 0.0174677683149858 -0.117738227244111 -0.103673998798937
0.0178453750151314 -0.0081430611385575 -0.035276072644389 -0.474544018850489
0.0861587339353656 -0.0220675890218033 0.444426687983976 -0.348874818644653
0.0810986624891785 0.0682666574190199 0.710595152441595 0.356332917928127
-0.00912614956160093 0.104386965559008 0.104772376347151 0.862871543713731
-0.0859367515154477 0.0936799074151018 -0.300988184115599 0.487563175197249
-0.0957087136319527 0.0877574112250051 0.103205179560474 0.0271122489724101
-0.00725618166535044 0.116788834229182 0.217834083485271 -0.581840633474169
0.0846801490243577 0.0488604805215429 -0.474666358975583 -0.681345169229526
0.0839738288888927 -0.037861309550497 -0.833746316340349 0.0732832857639413
0.0192335620785014 -0.0483183459325628 -0.287261092145232 0.551313596437504
-0.0306871884739239 0.00864083795423915 0.209808589396986 0.318471228989789
-0.0296495360290173 0.0396765357127686 0.226012332170812 -0.0155158421895395
-0.0112818413966134 0.0309464315272546 -0.00931158647591583 -0.1685208394868
-0.0323039522134634 0.0264925166562445 0.0299538721033144 0.143252067043304
-0.0333430296504329 0.0312286553094155 -0.128909595295589 -0.0710838806190276
0.0192302867977721 0.00678265875873707 -0.0810841205511151 -0.445669198396407
0.0962468584188719 -0.0261678861155432 0.388539291713407 -0.399786710520152
0.101699140529638 0.0506682097331113 0.741102865484246 0.241207679338932
0.0119448402872527 0.107048350483951 0.215267892701896 0.828774779575134
-0.0843327932693975 0.111479549593965 -0.267870546932244 0.530815166721432
-0.112524108925615 0.0988489972701366 0.0672814955321605 0.065171363554434
-0.0260573043495191 0.128492947612441 0.262130562322393 -0.54243723166806
0.0855026544349648 0.0597160925533104 -0.371727811187388 -0.743091519661571
0.103857850194871 -0.034454794832471 -0.835833107010275 -0.0418128390230548
0.0435800268705156 -0.0454894904875112 -0.361950468090275 0.533221352503016
-0.0234008245435143 0.0168313189581446 0.170148054637008 0.364014565185674
-0.0348830632236844 0.0443956624737545 0.218314491668489 0.0199522446328702
-0.0121699123261088 0.0297583984929835 -0.00509267743927754 -0.169442388270206
-0.0288007819910362 0.0242215678683514 0.0290940823464426 0.144012910554168
-0.0348671529073782 0.0390812921613522 -0.143601751586189 -0.0356156729146573
0.0189543236068614 0.0196981874844771 -0.129990995031128 -0.405176417563566
0.0961900079962323 -0.0252027403603371 0.325936956467409 -0.442783256063494
0.110098371004603 0.0325753186307238 0.759887466969965 0.109088123972249
0.0299890537305694 0.0932417550345505 0.33346269690225 0.773760052026652
-0.0709865866864483 0.111876189387246 -0.224644559170317 0.574638853683289
-0.117450493916979 0.0967556815810035 0.0289146880689296 0.104180268194032
-0.0445733112341404 0.125367301793029 0.304983154259615 -0.489498251609403
0.0737374091900031 0.064282186834846 -0.247624342286597 -0.80043808352369
0.111397706950702 -0.0284424277895027 -0.821215712516088 -0.18452756582901
0.0614505066719765 -0.0430306085304481 -0.440369658756269 0.493137701388809
-0.0153853826696772 0.021192122428405 0.126265140588322 0.414840529769159
-0.0350725322148129 0.0479095318771059 0.205113813617418 0.0620064784603066
-0.00888330824387331 0.0273991509414586 -0.00399040023939524 -0.169267405844679
0.00615716559923359 0.00329870041368084 0.00986940518280986 0.144858619892357
0.00755761458903314 -0.0327915327767138 -0.161839447412147 -0.0756178204591576
-0.00585881807112168 -0.0589438644051938 -0.0547316145030738 -0.442162619166275
-0.0245446661513265 -0.0148586574518205 0.466344693040132 -0.392535869583133
-0.0432523048321455 0.0530164762277942 0.771789430275733 0.249602194928292
-0.0554866511777051 -0.0100604733409911 0.194099590732863 0.805325719463035
0.0271481322958134 -0.0737856503292991 -0.294934066461388 0.493237389974489
0.0519753881289807 -0.066351743046534 0.0855387993508451 0.0245903399455966
0.02932816694532 -0.0392609582179426 0.242092168046561 -0.59445817982728
-0.0183662298514234 -0.0117064947326479 -0.413909638105256 -0.752643749234985
-0.0351646268945909 -0.0109501083685714 -0.818516819401863 -0.0157898960983749
-0.0617283553794429 -0.0481389714797576 -0.302195966240023 0.556646540795135
-0.0432846840310785 -0.0482907814406503 0.19551217193806 0.385288434684296
0.0181296385899179 -0.00349880787101155 0.193305689497579 0.013772518295365
0.0335210130099308 0.013903970415381 -0.027925563276955 -0.183604953293725
-0.00315598242744047 0.00739320469447553 0.0134944526311626 0.143175793894562
-0.000750121044493864 -0.0316531993733009 -0.140835346131811 -0.106213599453502
-0.00625402333674546 -0.0566184048053678 -0.0124176826408826 -0.472873334967883
-0.0104896264815572 -0.0141786588109592 0.498795886484471 -0.34541036832337
-0.0266206035052014 0.0612026944258218 0.728802061749573 0.358497810649388
-0.0446770281470965 0.00680145127406351 0.0921858006458985 0.843016336564938
0.0189626130295995 -0.0461338785293897 -0.319226882212231 0.458927452490385
0.0298389197280129 -0.0395125300586882 0.115189927898405 -0.000527091751431033
0.0206958026068549 -0.00926497926492041 0.200164827518461 -0.621264393712448
-0.00450444864295298 0.00520069425244364 -0.499660212496862 -0.689261937511099
-0.0218190177815839 -0.0137184849031406 -0.817040338320785 0.0885927091201402
-0.0562087854274522 -0.0523034420802505 -0.247545954739961 0.569288551088648
-0.0416955861478907 -0.0432876630158108 0.223857080419073 0.335342867537032
0.0136043958062342 0.00185674457536037 0.204638239997976 -0.0179432537777328
0.0240443100002485 0.0191575721429408 -0.0251631164038673 -0.179604796068793
-0.011766895909765 0.0123562087189961 0.0164128506282922 0.141513713929795
-0.00883279856838446 -0.0237324094338574 -0.124967807190903 -0.125700982734839
-0.0019386611969718 -0.0486766278162149 0.0129282134782226 -0.48900639609737
0.0135093828536832 -0.0137435405301415 0.514822254438272 -0.308195038703608
-0.00144916474774887 0.071279671543863 0.691736492416448 0.433671921682995
-0.0376173132168315 0.0326193705171838 0.0213084012655179 0.866265058092036
-0.00576888630330201 -0.0120696809139288 -0.329192678163553 0.440024989358707
0.000137532520645155 -0.00614592130050916 0.134585880306167 -0.0154936432297082
0.0146524600623159 0.02479629216025 0.172926643570121 -0.632561419103273
0.0176295719700986 0.0182663602299299 -0.554834871175971 -0.639282083569461
-0.000748082338914581 -0.0206870306127177 -0.811281304829057 0.15442326265998
-0.0452604485543479 -0.0545565795791181 -0.211075278282123 0.569483172476001
-0.0400534168004445 -0.0326685263751974 0.240929632796694 0.296791862602595
0.00481830565253011 0.0115866291293271 0.217046605785687 -0.0402103717048366
0.0146086198746677 0.024043757040767 -0.0221463131930498 -0.175389470179611
-0.0207443707775476 0.0173187819153182 0.0204402421486561 0.141074065501658
-0.017439129208388 -0.012244600326529 -0.115202686113468 -0.133318531487594
0.00551484015540476 -0.0374174213821 0.0155159969851862 -0.496187298046755
0.0422892440331106 -0.0140694393312346 0.509924209623662 -0.295841557763472
0.0260410414086514 0.077879730538193 0.676474286197308 0.459122542239274
-0.0330056941842946 0.0627206679039048 0.000613993320268606 0.876867969565744
-0.0389477286075697 0.026116427550809 -0.329450520318692 0.438868464542487
-0.0340208061637879 0.0299144915950441 0.138864439235127 -0.0157762465124415
0.012154868768657 0.0612402352872744 0.166218907019383 -0.632128955908043
0.0451009008203572 0.029004641277567 -0.568301924336996 -0.623058054657821
0.0257294899388563 -0.0296470979628095 -0.812321634994077 0.177551208311685
-0.0278278710255021 -0.053099413419294 -0.205211133590677 0.567233869686012
-0.0384836269895802 -0.0189314979532003 0.244925712190339 0.280926939367574
-0.00648765414451139 0.0217583430701808 0.224085219301838 -0.0464787852297272
0.0035974189192401 0.0278998770075237 -0.017636261402966 -0.170960917025123
-0.0277978132178411 0.0218781595335541 0.0251974535008327 0.141435170128609
-0.0240663673976653 0.00258462816757879 -0.112849191022652 -0.12426831983208
0.0111843390525317 -0.0244472941763654 -0.00156546314061925 -0.490711046547078
0.0678195296597636 -0.0185303313138684 0.484911996664146 -0.312622386172055
0.0548546262686066 0.0778451685436514 0.685174516959419 0.432084633522389
-0.0242981514209743 0.0897551998280783 0.030905561715224 0.877038936117395
-0.0685060373654452 0.0636617583617896 -0.321010577749173 0.456183234873361
-0.0679977005718405 0.0639142704076472 0.128033765629341 -0.000872287439011353
0.00615887570624169 0.0934252360838814 0.181878718384292 -0.616439032762391
0.0688046291125846 0.0392233207482 -0.542872148172185 -0.639534429496752
0.0555671892432723 -0.0361214419944803 -0.823188452990364 0.151649838396556
-0.00612655703409843 -0.0507376506512585 -0.230401024887899 0.562843717625226
-0.0352581744805454 -0.0040738622368121 0.236834392559193 0.288246822683147
-0.0183048790487831 0.0320498245454339 0.22861494450267 -0.0390319548000236
-0.00511527107321244 0.0302047185910797 -0.0132748180387971 -0.16919087832463
-0.0309381730940821 0.0249743024533576 0.0272441798946149 0.142814877839061
-0.0297618495659518 0.0177862982329937 -0.119028361311827 -0.103822384059424
0.0178421371636678 -0.00897526018310223 -0.0393520938210907 -0.477334699582897
0.0872296315235347 -0.0227702719115801 0.445142387624008 -0.353499248361513
0.0825804831895709 0.0692737691811118 0.712480888697656 0.353011612254335
-0.00840334327837017 0.106324375087798 0.110627774168633 0.866118964956008
-0.0856318761201355 0.0937985818312624 -0.301276575996153 0.490954616822324
-0.0963936766573824 0.0884587758012876 0.10325633176602 0.028150148872591
-0.00775688856377045 0.116719335284193 0.217832795660791 -0.585223490072123
0.0845135459963289 0.0495743148599069 -0.478814631058326 -0.684423904349798
0.0833508852369724 -0.0378641783114385 -0.836766602168783 0.0760891983641859
0.0183969662640132 -0.0488747272447857 -0.288394319084025 0.554576678495272
-0.0309310190434783 0.0085298691956174 0.212227906660702 0.319307291653321
-0.0291957317694376 0.0393525992312126 0.227722659741408 -0.0146760271890053
-0.0107106962651421 0.0310250383597085 -0.00921125084282799 -0.169141967582734
-0.0326098756280484 0.0266887062029864 0.029878442237355 0.143556454212716
-0.0333652197302685 0.0307092128419904 -0.129228996656476 -0.072811068587305
0.0202683916556213 0.00625833638487773 -0.0863409103089128 -0.448826126866906
0.0964025039447388 -0.0266045323782906 0.387785141302561 -0.402844584869673
0.103837986079147 0.0517901159659705 0.743505389024194 0.238542591985591
0.0127374801047848 0.107069470648445 0.219983306529851 0.832867511937637
-0.0851179365293422 0.111186662720608 -0.267545191178215 0.533372623022768
-0.113241802435591 0.100181410166622 0.0681752267304236 0.064626343432506
-0.025577258261216 0.128631420540375 0.262547500782277 -0.543053400048269
0.0863874548675055 0.0595739798522439 -0.3737557449014 -0.747326233464112
0.104009612151573 -0.0347472699012669 -0.840587967330344 -0.0409715743494442
0.0438560903127406 -0.04654139141488 -0.361538407870261 0.536496048601662
-0.0235879115476133 0.0171355076288202 0.173884199676926 0.366293883122616
-0.0335539405395399 0.0447320645454334 0.219858104099323 0.0202619864101892
-0.0110327450803718 0.0292032624346606 -0.00537717054332496 -0.170135745221792
-0.02845459873726 0.0243611828138916 0.029697444055639 0.143931132643437
-0.0341207039569524 0.0396162668986333 -0.143745332828771 -0.0350257818509647
0.0177991841482737 0.0191123273457342 -0.132956686121189 -0.408060593562409
0.0969024694393099 -0.0258857992444763 0.325369506076171 -0.447166991926451
0.111964752715669 0.0322793294854347 0.762913412415237 0.10755782802301
0.0299262283274012 0.0933510005951684 0.337378316385245 0.776062477876954
-0.0716266849674432 0.111884293533322 -0.226119674756705 0.578287860267242
-0.118343636848676 0.0982859136082771 0.0289173488101614 0.104928464742588
-0.0451664888436229 0.125195351527157 0.305169541269777 -0.491924030527846
0.0738084055599346 0.0641026399570417 -0.250581920363317 -0.803208818180292
0.112172911483984 -0.028608211977246 -0.824442106330367 -0.184196614417014
0.0614210416662908 -0.0431710715717186 -0.441939792482686 0.497293270249497
-0.0155119818555495 0.0208819936945551 0.126875391877445 0.416922613906664
-0.0340857704596819 0.0481331427900591 0.206788762690578 0.0620597963549433
-0.0085518560877894 0.0268106683893208 -0.0039701960398639 -0.169440503836241
0.00645322023631707 0.00350430242985178 0.00982696489565205 0.144450589487592
0.00776305657183517 -0.0322912695843545 -0.162810753633127 -0.0757575739956784
-0.00613015969125337 -0.0595791264080991 -0.05694547383038 -0.44516956220197
-0.0252470018445946 -0.0151567262113388 0.465697267708653 -0.397185511005439
-0.0426024971829766 0.053674936801657 0.774841562663365 0.247297207060726
-0.0566613369616718 -0.00969527587922407 0.199365210737153 0.811310432446931
0.0280815919136104 -0.0749019409895258 -0.295147397142728 0.497354112048498
0.050992217104371 -0.0680907983956778 0.0860439745828982 0.0247624981418688
0.0292578371580627 -0.0392797081640944 0.241386856521667 -0.598098503048106
-0.0186055494481026 -0.0121820910835495 -0.421280419672042 -0.755839374905158
-0.0362115056823838 -0.0109609235235204 -0.824164623501802 -0.0115328463441271
-0.0622071169446867 -0.0487399562972932 -0.300250224208677 0.563175915170182
-0.0432640711496922 -0.0466301207809198 0.199266630512091 0.386288552410498
0.0191424087223465 -0.00340056957408308 0.194898156200414 0.0144211519213067
0.0337788888628244 0.0135934403035815 -0.0284679895745652 -0.184695091912917
-0.00363685773693663 0.00697288474404836 0.0130117130719869 0.143409676349269
-0.000471967469057818 -0.0303354356232254 -0.142641010587918 -0.106770585967888
-0.00636327144988572 -0.0573268056441225 -0.0174933537169977 -0.475377489820953
-0.00985449905191885 -0.0141233202934412 0.500630361047071 -0.351242643028548
-0.0247334622130858 0.0626009743682992 0.733771364864675 0.356190899556166
-0.0450754408519005 0.00691349560422522 0.0953295382905572 0.848816177247266
0.017979517530688 -0.0473408937378734 -0.320031459829539 0.4640039688984
0.0295998215205628 -0.0405165166331102 0.115981024093877 -0.000326076912400374
0.0187598180975758 -0.00861163828857208 0.201942175602395 -0.624989892303989
-0.00484803039217071 0.00619665947135708 -0.504637017301094 -0.692657748321024
-0.0227843242292456 -0.0143403443954361 -0.819217252759026 0.0923097243336275
-0.0574062211730325 -0.053385741734722 -0.245620240250276 0.573942124250391
-0.0416637634537565 -0.0435166200767155 0.226084115401111 0.336373415759554
0.0143083134120761 0.00295083244368645 0.206356661172481 -0.0188585802576226
0.0251336439553619 0.0189011232447172 -0.0261403047015336 -0.181081864110126
-0.0115591062165982 0.0138562029764034 0.0169749585187336 0.142237944520454
-0.00818632063251679 -0.0235483604018551 -0.126155947024953 -0.125858306171399
-0.00223228756883516 -0.0494922758826042 0.00914435738517607 -0.493749191501466
0.0138612788203274 -0.013488226639812 0.514587323723216 -0.314243508504896
-0.000489495364971421 0.0714579704740192 0.696267957418809 0.432014973594913
-0.0372845112524961 0.0328330859968998 0.0225679810934447 0.870141207005095
-0.00544823597778894 -0.0126288053583207 -0.330411830710552 0.445240465974387
0.000115274261530622 -0.00698950606765953 0.134884978254674 -0.0162647526843213
0.0156473163995854 0.0247797498005016 0.172242288904907 -0.637024246880321
0.0177726718352385 0.0196694534471565 -0.559894368880852 -0.643651535887788
-0.000920183477367715 -0.0214084011210792 -0.815757824791567 0.159096221038184
-0.0450187346246301 -0.0535918706917539 -0.20921607297583 0.573822717036186
-0.0401599390914261 -0.0323029420685601 0.243826008765493 0.297709597484901
0.00560514830583355 0.011276410303244 0.217167700958796 -0.0410059033702166
0.0146055949483032 0.0239331056038922 -0.0225220565457204 -0.176592110288486
-0.0200477756588106 0.0177114074876698 0.0220720050835755 0.141940727272608
-0.0168052354624598 -0.0121756047992776 -0.116063645358018 -0.133843871179515
0.00494031003393401 -0.0385240506268543 0.0122995101094829 -0.499013116399598
0.0420748764484701 -0.0148350682473677 0.511487333482909 -0.299818955795955
0.0275660574155346 0.0783465046574443 0.681620066222366 0.4565561018966
-0.0329811931976399 0.0624185024275122 0.00119565398853598 0.882369881359768
-0.0385839452440134 0.026734688986204 -0.328889730932706 0.442133430624501
-0.0340751886132294 0.0301417543802214 0.140602462717845 -0.0162930104362661
0.0118842077695845 0.0605313157272577 0.163312098452858 -0.636601655315408
0.045112821539864 0.0289180958114422 -0.572177863426003 -0.624300951758233
0.0260516632236921 -0.0299058952478217 -0.817208057144019 0.183095708741859
-0.0281214791731706 -0.0544931536422744 -0.204674122288652 0.572756996814177
-0.0391577516095196 -0.0193678277009713 0.248762466062388 0.282034441600736
-0.00600505847591721 0.0225428468288367 0.225594568804629 -0.0479943351952443
0.00437470075387851 0.027434678638545 -0.0187452911449203 -0.171865983838008
-0.0274742475716945 0.0222556094743294 0.0253455268718008 0.141973772411749
-0.024373013280552 0.00270859301915628 -0.11392958916279 -0.125375007697558
0.0119179770406892 -0.0240350524518811 -0.00398113150135731 -0.494534656064286
0.0677744724148786 -0.0191573136786836 0.487584912012318 -0.316727144483991
0.0572214148681971 0.0787456946813089 0.689219988491829 0.429967507352898
-0.0243203848564149 0.0900912257414945 0.034112313113549 0.884645678480657
-0.0697742405052724 0.0632547818963725 -0.320598676859431 0.461347550093058
-0.0682299074435876 0.0641068401596044 0.129026715019668 -0.00203035254402228
0.00533731316218571 0.0932259217568625 0.180099767255954 -0.61872661257609
0.0701756555668642 0.0390312701657891 -0.548550841825343 -0.642230833087732
0.0563813620691912 -0.0369581193659689 -0.824381186713975 0.156000570083718
-0.00701613422500075 -0.0510843566717991 -0.228239967940957 0.56810424539109
-0.0362038194720233 -0.00336126690514272 0.240254152018505 0.289301747063342
-0.0185244041879462 0.031430977352794 0.228904548242716 -0.0394786338919815
-0.00431733591110599 0.0299211003614502 -0.0136099814524303 -0.170613811176461
-0.0311806090056951 0.0259657004162672 0.028588606791616 0.142479922862308
-0.0296669032886676 0.0175972853882512 -0.119782827511205 -0.104605232238787
0.0168723365687192 -0.00940002391074088 -0.0402777230059502 -0.478383447965232
0.0880797008154967 -0.0232924442614141 0.446422733794638 -0.358352284601558
0.0856004473501447 0.068437954060907 0.717346351768045 0.352174324978431
-0.00804128189233501 0.106466282491649 0.113936146647113 0.871991487212824
-0.0864147129740491 0.0943645568671117 -0.301934728218692 0.493153144606507
-0.0961184733016367 0.0895525048216272 0.104039875597652 0.02648644056642
-0.00730690937073356 0.117571700494496 0.216242043337257 -0.5893342389716
0.0846544236967653 0.0494524597112957 -0.4836095701866 -0.685942705034745
0.0839401983188505 -0.0391985259983129 -0.840463205004614 0.0783166770145291
0.0188155559631582 -0.0496198554429121 -0.286199433583088 0.560749090541535
-0.0313925384980127 0.00839984011177624 0.215122426752295 0.321796612079599
-0.0283896167488705 0.0390372407483081 0.228773845008662 -0.0159036477064494
-0.00986326748360306 0.0313156197906835 -0.00925539506376536 -0.170136326681262
-0.0321908581928386 0.0277028009935548 0.0303429118215173 0.144545403476352
-0.0324782909743619 0.0312008215350502 -0.130796527575599 -0.0725892803833557
0.0187026856442514 0.0062465717499843 -0.0881124410788222 -0.451164652970307
0.0959648875464252 -0.0272181759845398 0.388561078912627 -0.408635011804583
0.105263581297087 0.0515519107206647 0.749245779023587 0.235482682981181
0.0120457536047815 0.107602510846065 0.224046197883417 0.838087527124063
-0.0856876837361284 0.112887358087043 -0.268506891312344 0.536736438141749
-0.114422026163835 0.1011608043301 0.0688898778169282 0.0645370854109651
-0.0260756293391138 0.129121558611697 0.261748863073847 -0.547593932097354
0.0870649405705632 0.0601950240354224 -0.379210573944129 -0.749336750036814
0.104727329384784 -0.0366739888793788 -0.84817655291927 -0.037337965718926
0.0434544442568896 -0.0476502342211569 -0.361244142546761 0.542961614448926
-0.0237005114024501 0.0171538647011647 0.176682067823783 0.367997232415386
-0.033184671257515 0.0440280688994162 0.220853211856227 0.0198769288382042
-0.0109341259053541 0.0291233977116902 -0.0059680967205052 -0.170508239047084
-0.0291596800923547 0.0252979174913686 0.0287513325565722 0.144367738172834
-0.0344616806690191 0.0404204453353049 -0.144160466679623 -0.0350704309209548
0.0176402159633552 0.0193719543428607 -0.135433390794087 -0.408399255654838
0.096366077782356 -0.0269033223693302 0.325553714083552 -0.453076680103522
0.11315733627142 0.0324041964691288 0.767510973519964 0.104087054990897
0.0303366636123423 0.0938075806758595 0.340958947232787 0.782261897321961
-0.0715460815232793 0.113580120080566 -0.224323289012311 0.580987566869163
-0.118351327456939 0.0990752400131237 0.0285946680861017 0.104749274859493
-0.0451621993596673 0.126129016670805 0.305026400657779 -0.494916333892915
0.0746950644164343 0.0637067945881789 -0.253839474653162 -0.806590063110566
0.111665593290733 -0.0299133165972875 -0.830685767829729 -0.180651980986711
0.062289647400519 -0.0437404171777135 -0.440993589721583 0.503323318146536
-0.0161453307824387 0.0213372661501856 0.129361394138204 0.420146853760985
-0.0331969102951644 0.0470689047597008 0.207829351899421 0.0626369609267079
-0.00800706615223399 0.026630827211041 -0.00374916075635162 -0.170548080443683
0.00647486505694045 0.00354979876758797 0.0108364003616633 0.144871953354493
0.00765368488022189 -0.0316004100008309 -0.164564253541412 -0.07526762372154
-0.00731561023198706 -0.0591730301269701 -0.0602192888737357 -0.447605707281958
-0.0249747528554237 -0.0146725950921497 0.467577164723393 -0.403812011616376
-0.0415793654945475 0.0550227960418981 0.779962275490669 0.243157475386127
-0.0561634740871603 -0.00947368154535442 0.204902412724756 0.815536607248428
0.027517645154203 -0.0758818008899819 -0.294197394633368 0.503454639812584
0.0509711233216316 -0.0691043733508834 0.0867419496654946 0.0241425792289334
0.0282684346324835 -0.0408713407326701 0.240158480084962 -0.600468720264684
-0.0193402090911553 -0.0117398209304946 -0.425421248355598 -0.75869026624452
-0.0356687097071379 -0.010718513537453 -0.829536168241006 -0.00897205686457379
-0.0619354861010179 -0.0480061792757566 -0.299724322581671 0.567467408623224
-0.0441167255629112 -0.0468102729408486 0.203087954619862 0.387866690311986
0.0193626098751062 -0.0037419616652713 0.196539011606537 0.0133391444059909
0.0333735237222837 0.0136099186808991 -0.0286740162207294 -0.185711691604073
-0.00257667437099922 0.00686590415693634 0.0142971124447139 0.144576925037884
-0.00122741998185673 -0.0299832407515237 -0.14356017236983 -0.105832846425468
-0.00694313419437869 -0.0566173768699541 -0.0203144908696224 -0.479104043808797
-0.00965193801054515 -0.0137459847541608 0.501340129908826 -0.357101581855373
-0.0243983064161784 0.0631564587037539 0.738918821385162 0.353623871831493
-0.0444966317941412 0.00714473573334495 0.100566669659476 0.853835976176542
0.0177405960783299 -0.048167688590221 -0.319976868081315 0.469169043850674
0.0294215641239613 -0.0407770901953441 0.116287448709104 -0.00159196288997111
0.0204845297642414 -0.00993011762983727 0.19781544079143 -0.628905443177188
-0.004170935401225 0.00494252258699045 -0.511421048077951 -0.694682153874691
-0.0225860800187439 -0.0146475369771824 -0.825845670707565 0.100490281816748
-0.0576634205934482 -0.0524795607606864 -0.243001436012051 0.580334438893767
-0.042817364409809 -0.0425015875656266 0.230692451933031 0.337099999753939
0.0154280329955171 0.00254059242400129 0.207858686742302 -0.0198073432140537
0.0261366032019485 0.01821819689457 -0.0270543208999686 -0.181413270073241
-0.0114820073183711 0.0132576365363892 0.0179441780252021 0.142350028031284
-0.00868876255901435 -0.0226726976056056 -0.12751145497012 -0.126291125273635
-0.00173837938755768 -0.0491970276169512 0.00381218318302153 -0.495827877342929
0.0140006586619187 -0.0135205122241896 0.518456843479101 -0.31964574445242
0.00132349893035479 0.0720148565725279 0.701967265690967 0.429430803498787
-0.0377360610425463 0.0327655287461707 0.028281289082292 0.876999649182305
-0.00601114810694384 -0.0138372656880456 -0.330047506120974 0.448751893799047
0.000223297666942054 -0.0072267635980079 0.135517625017577 -0.0170919249412025
0.0145965636072818 0.0248459674798108 0.169770318562949 -0.641470997220817
0.0183323442192911 0.0183286169948318 -0.567060357489151 -0.645991849498728
-0.0016440126356176 -0.0227502670881424 -0.818611439639893 0.165768440434101
-0.0457024247997395 -0.0550874533770998 -0.205820778653925 0.580075663931774
-0.0412510189892603 -0.0319392401317475 0.249239723116506 0.298751854907239
0.00610143387079569 0.0122169484057297 0.218900028092587 -0.0428297689827838
0.0156241652163086 0.0236611546875397 -0.0230560929337059 -0.177808688968069
-0.0205460561251828 0.0184557510054876 0.0216863774736817 0.141782370025106
-0.0165429432468309 -0.0123679626025579 -0.117641756389501 -0.134044845809807
0.00432019919031523 -0.03755022534161 0.00884611442329626 -0.50236596057387
0.042077569520298 -0.0144411871063856 0.511671041842218 -0.307859863239173
0.0293100284871585 0.0787240946774243 0.687441865208039 0.45604834596485
-0.0334628077485396 0.0630086363642184 0.00696499430919823 0.887909600157085
-0.0392156424772027 0.0252644317721773 -0.328670767460859 0.446608722314663
-0.0346603248409993 0.0312584798812548 0.141693078046972 -0.0169268170890208
0.0117995725680358 0.061578053389425 0.1623971398102 -0.639521496469257
0.0456762097438718 0.0294838965910683 -0.579478135710405 -0.626213335227741
0.0259310795423489 -0.0305642127109266 -0.819839430336516 0.189021455130651
-0.0287094548124068 -0.0541425005368939 -0.200966263829501 0.577146567362436
-0.0386569374470776 -0.0185930797204852 0.252188876171098 0.280885955466468
-0.00516048755290758 0.0217821384423824 0.227099313069344 -0.0493550259289219
0.00455191952692426 0.0275866497832755 -0.0192538765032976 -0.173587568941981
-0.027724626585886 0.0221550027071041 0.0259136313558104 0.141717463828564
-0.0235871256534491 0.00289232197964572 -0.115983077702559 -0.125876956455746
0.0115653066914472 -0.0241105367025207 -0.00892827440974161 -0.499019737605107
0.0681289864133595 -0.019582098004977 0.488522605365844 -0.324027112139133
0.058495160937443 0.0788796884993269 0.695069873200799 0.426911707846088
-0.0242393472958584 0.0906276050170547 0.0395244975571424 0.890512817373897
-0.0694508939176654 0.0638012828346906 -0.320845426016906 0.465285471400621
-0.0686614298201154 0.0655175348822454 0.129737255080154 -0.0025452085838464
0.00610856554426209 0.0939168938011616 0.178549867392633 -0.6251334132967
0.0706012883582088 0.0381305450316437 -0.555358756337796 -0.642351474221065
0.0560858002192816 -0.037902556000517 -0.831624409935483 0.16257117399459
-0.00669479650212602 -0.0525822110961909 -0.22664896462356 0.573940614334691
-0.0365445439204703 -0.00370420643183971 0.242927797281282 0.290346710239199
-0.0175292049303984 0.031545608525501 0.231089900524052 -0.0402190118822322
-0.00447199914034634 0.0295756331687492 -0.0141430155940658 -0.171321356074868
-0.0310488835268998 0.0265793596672241 0.0294322007470215 0.143499751866086
-0.029300948575601 0.0178387741388643 -0.121501921721267 -0.104261647018091
0.016397828850338 -0.00959044289986918 -0.0463543180624887 -0.481197357876299
0.0868989473853945 -0.0243736052493335 0.4449405283284 -0.363762491397406
0.0863722545397205 0.0698758935801565 0.723318246461739 0.349886366498521
-0.00729605034583328 0.10708877143745 0.115858527586826 0.877916897536779
-0.0865432556509458 0.0955152575820699 -0.300221896114431 0.498796851613923
-0.0967007711183998 0.0908039132888314 0.104423150108068 0.0269920106131088
-0.00594164492989176 0.118220997569469 0.214797172152006 -0.593631642337205
0.0855827728925857 0.0502134331852852 -0.491034083471212 -0.687282825785018
0.0836843034754915 -0.0397356168458474 -0.846492068778039 0.0859890770542062
0.018744905445862 -0.0494365072057478 -0.283115704272073 0.566387308214348
-0.0312889211443933 0.00891785861874342 0.219068535779 0.321724016104798
-0.0270524570126915 0.0390769874711733 0.230639794424882 -0.0174712360972385
-0.00967899184357745 0.0298323947723712 -0.0094756607886772 -0.170917938656696
-0.0318657810679437 0.0275007278010212 0.030248752853936 0.14483477971725
-0.0338105275248258 0.0313099405928152 -0.133188370627861 -0.0721935190453121
0.0184097022425478 0.00670284388504827 -0.0936433050884799 -0.453804233189164
0.0967886942610355 -0.0277519780366388 0.388185141915185 -0.414033673157776
0.108010999075637 0.0523654295580967 0.751549784105027 0.231714088658143
0.0131985000176412 0.108326236913408 0.227296765236362 0.842101901019095
-0.0855564715590177 0.113273929809771 -0.266666478787725 0.54209158297396
-0.114027178173712 0.103188236742909 0.0694992771916449 0.0644270168316293
-0.0258788047521974 0.130263547347555 0.259825656569775 -0.551326701267848
0.0877076174138737 0.0604931409600903 -0.384531648239779 -0.751646413621734
0.104591538248376 -0.0373211415872476 -0.852715002464025 -0.0336669205598008
0.0434043696196565 -0.0480396820675019 -0.359678200426816 0.547881228661879
-0.0249433501844267 0.0176011083174793 0.18105639782757 0.37009736619112
-0.0330742227146356 0.044430979951481 0.223115129669626 0.018827785591653
-0.0102259684921247 0.0296144806156507 -0.00624366217578487 -0.171437865815176
-0.028975022300832 0.0255771978282317 0.0299237577015795 0.144793935606519
-0.03368561324903 0.0397634379427863 -0.145547837303194 -0.0349362558552
0.0179832858381578 0.0193371248619926 -0.140763339273223 -0.411269768651672
0.0975446644687338 -0.0274422452202135 0.322957325344082 -0.458323002337309
0.115931071224987 0.0315269462788276 0.771653133432986 0.0982213502000622
0.0311458339932353 0.0952920077824809 0.348582703415739 0.786304980022861
-0.0716522184205034 0.114012879635719 -0.223259099575916 0.586895870383363
-0.1187241003666 0.0999830419256053 0.0301880082508084 0.105998954736467
-0.0448060451891383 0.12696696283268 0.303296599361163 -0.500223478460185
0.0750235002780903 0.0653771518118325 -0.259968521763842 -0.811846804410651
0.111841010993543 -0.0311958630786773 -0.836494310125013 -0.17766818562537
0.0617363230656809 -0.0452374520436555 -0.4405520933097 0.511579224349893
-0.0152134808294875 0.0212581000052657 0.132919692246624 0.421408992304423
-0.0335035002050509 0.0470024110078888 0.210173210688779 0.0622612185902811
-0.00783043053361757 0.0262269404902676 -0.00443838427437469 -0.171387352219106
0.00653670422823138 0.00327704294750423 0.0114803428479413 0.146015080737866
0.00848384520406386 -0.031236966668313 -0.166382049230119 -0.0745569266171259
-0.00745526310567982 -0.0600034914745647 -0.0655548921330075 -0.450362005459423
-0.0249096342973699 -0.0154362898013288 0.465651017357268 -0.412605312796534
-0.0400513513521092 0.0561425724683893 0.78607664167027 0.238376340018695
-0.0565263852996023 -0.0101643517123195 0.210269155456895 0.819959615840806
0.0274068666659758 -0.0774438837002612 -0.293089796865415 0.509050511399744
0.0512217322683376 -0.0694089437422328 0.0875112543559059 0.0241344701107944
0.0286797307621342 -0.0413562750739731 0.23666178390333 -0.608152387402602
-0.0191535129734959 -0.011718286576585 -0.433858386203009 -0.762406874231445
-0.0368569483678396 -0.0112846773404721 -0.834569791032011 -0.00144174437397844
-0.062855167211207 -0.0487725955815842 -0.295013781338096 0.575322123635892
-0.0445376715548101 -0.0461569937499946 0.20926774145222 0.389308316952417
0.0209450190754931 -0.0031132630926091 0.197408719156414 0.0119111091837945
0.0348803943551606 0.0127382304396393 -0.0298611559758082 -0.187127697045929
-0.00244516185836463 0.00844688413187869 0.0151085565405334 0.144576840643316
9.52789480141614E-05 -0.0300282721669151 -0.14608895193607 -0.105851340125624
-0.00816238553347207 -0.0573287886526101 -0.0255333818011743 -0.483124079103559
-0.0103148527556391 -0.0150072922708397 0.501459361325761 -0.365891192859754
-0.0223040968172875 0.0635015732974459 0.745862284724955 0.349039598173754
-0.0454420067479581 0.00708980915337383 0.106150391380977 0.859501761392337
0.0176642610474073 -0.0497168550255589 -0.317172867721493 0.474735385292637
0.0294582131224399 -0.0407167809318265 0.118307579765504 -0.00314405395240205
0.0202274118637919 -0.0109702521407283 0.196125934236438 -0.633104371304495
-0.00487287470852503 0.00598458041041534 -0.519413916428926 -0.695249570729059
-0.0226661768777056 -0.01433596041293 -0.828567714160037 0.105732888304853
-0.0582281766398666 -0.0530308897983947 -0.237681323076581 0.585037912051284
-0.0431366304530502 -0.0422162648759836 0.236583958451116 0.338002634197462
0.0160052013696442 0.00238524104803654 0.209438289155869 -0.0211959422983518
0.0257327770238222 0.0175057974940191 -0.0275905517832945 -0.182830325678188
-0.011202964909849 0.014034539042647 0.018565583535928 0.143170721860156
-0.00943113698301329 -0.0233051053647346 -0.128989891045969 -0.125764595065071
-0.00329247984681138 -0.049548508294392 -0.000123128743097671 -0.499470291660357
0.0142008896053756 -0.0144096044813507 0.517981900773322 -0.32750287769397
0.00314610904351693 0.073007765214421 0.709648713021125 0.42631859034843
-0.0381665559723455 0.0331465857142748 0.0338628374007117 0.883410310637136
-0.00717045131624162 -0.0134432717983005 -0.328057326428691 0.455113351765968
-0.000417217918619488 -0.00747879314473849 0.136850439085383 -0.018067087556519
0.0155321751220662 0.0241106911409414 0.166989403607803 -0.646485494072261
0.0181812331640735 0.0193404525664884 -0.57605223809984 -0.645593074597718
-0.00188127074703768 -0.0220920497866319 -0.825257363083145 0.174076439132732
-0.0471160461876156 -0.0547275582804184 -0.202655038210934 0.586983096711204
-0.0405363480540607 -0.0325002385073564 0.253653384624147 0.298993350032357
0.00729052418380849 0.012232481644514 0.219399627276105 -0.0453546767988557
0.0156320043493709 0.0231772655015043 -0.0235650129809712 -0.178229450583885
-0.0203017675958321 0.0186880668879275 0.0228055255661506 0.141940272966078
-0.0156056830159369 -0.0116720757136448 -0.1196677096461 -0.133496496867594
0.00494268471039099 -0.0372670695438047 0.00312891127209006 -0.506854971011016
0.0424074778175164 -0.0165295896464947 0.514323615688241 -0.315071373739001
0.0312224553089135 0.0789423229685791 0.693116078827121 0.452119276805815
-0.0325216275890945 0.0639896271761496 0.013894919176665 0.895297697178856
-0.0401159241639373 0.0273415369588221 -0.328627974005227 0.452982076075955
-0.0349303899640506 0.0316216545782858 0.14182248615542 -0.0190694535608992
0.0121146685007096 0.0613170889583613 0.158708784126808 -0.645775204307818
0.0455980752264902 0.0289464221670661 -0.586877152598825 -0.625539304736083
0.0263784586824297 -0.0312825281909842 -0.824624504618911 0.195402133151811
-0.0294141749297747 -0.0551672054069933 -0.19750510259073 0.584802981693696
-0.0399587690750163 -0.0174411678503665 0.259286434835542 0.28085341172125
-0.00439458824730556 0.022247442894123 0.227978564313934 -0.0511106250646848
0.00467267237557445 0.0267963299356916 -0.0197200831822683 -0.174806950592662
-0.0267685754571328 0.0234472423710275 0.026706276153783 0.142527555943988
-0.0230437066757554 0.00327041443630299 -0.117561016257285 -0.126189402193955
0.0116283687573017 -0.0240463408182622 -0.0141610762254214 -0.501490122398191
0.0680156449021254 -0.0200177620552597 0.487887871309839 -0.330882059748307
0.0609787989025951 0.079799360165624 0.7032858346853 0.423972716837999
-0.0236009389895146 0.091393969225786 0.0451102544376605 0.894931924969574
-0.0699619715388809 0.0651007635144428 -0.318099644416621 0.4712104615653
-0.06848567870913 0.0661687364260794 0.131459259190243 -0.00419470011547118
0.00596565947759936 0.0941186766272441 0.175101370122873 -0.629236644167226
0.0712489688842252 0.0385169566601495 -0.564262340326278 -0.64230263107896
0.0560076571142914 -0.0391049074315697 -0.836583048665488 0.172420165853687
-0.00736079019165978 -0.0531688114706007 -0.223780004468155 0.579642165453918
-0.0369107611933053 -0.00391112184847626 0.248888137134579 0.290947662245383
-0.0173945259115014 0.0326200757860833 0.233401424471467 -0.0432856725950838
-0.00346481511896134 0.0293105890084608 -0.0155640187484725 -0.173223601777414
-0.031755125354652 0.026021450089742 0.0293454993219598 0.14403940580861
-0.0286176398436848 0.0180841169859396 -0.122815284109593 -0.104435817845564
0.0160782101042975 -0.00993799152554338 -0.0504926758602912 -0.487706142150321
0.0878198319507324 -0.0252671334038347 0.445708682883187 -0.37185367035378
0.0887323313323704 0.0690234617856496 0.730972589735209 0.344288519422977
-0.00761518670859194 0.10783103832617 0.125105064233001 0.884516417146605
-0.0855815270153981 0.0963869973521758 -0.297860772803332 0.504550383884304
-0.0970861778421715 0.0917076335014918 0.106335443292755 0.0263979926463292
-0.00567697107845909 0.118791809862188 0.212001880655495 -0.599044029601506
0.0873399410692462 0.0491755258963033 -0.497942875181673 -0.690256035336968
0.0845529818014521 -0.040903010097531 -0.850249372490239 0.092638293404168
0.0173865661714823 -0.0498646258191903 -0.279484420593397 0.575197143957158
-0.0319086275118528 0.00933860605524037 0.224734006031686 0.3222286320411
-0.0268159266488698 0.0397492375102577 0.232526307128788 -0.0194552544963668
-0.00936781881981403 0.0306123147903801 -0.0116974313829949 -0.172381189312997
-0.0321917051023631 0.0277369733618754 0.0317812368367656 0.144735741594313
-0.0320190591508739 0.0323153369977178 -0.133966294887311 -0.0728286003582253
0.0179714440224577 0.00657388198100731 -0.0982474247175374 -0.457076947364594
0.09707240444212 -0.0291995332361582 0.385899446772467 -0.42278488569333
0.1095940783455 0.0508087520731567 0.758791524762361 0.22769548841701
0.0141763167251548 0.108562406555748 0.235776548448996 0.84822034799345
-0.0856819601280903 0.113527947116432 -0.264916276126934 0.548415345950398
-0.113656451048661 0.104632693467059 0.0697773031867677 0.0645252230179885
-0.0244209428569602 0.131022552685956 0.257341331872736 -0.557785197353317
0.0889853094370186 0.0594924551206599 -0.393580666315647 -0.755977007111514
0.105926451207471 -0.037915053948721 -0.85838044063855 -0.024955416250801
0.0429672135049743 -0.048140388105435 -0.356707435084891 0.556430658814927
-0.0252241635384258 0.0178091090764978 0.186249918358666 0.371872385109831
-0.0324462083400773 0.0448856455749335 0.225048019435547 0.0171649963030125
-0.0110518212113348 0.0287163315400211 -0.00593501545237879 -0.173142591300234
-0.0289693732783898 0.0258915224199248 0.0303382948395432 0.145673891641155
-0.0338072197654438 0.0409652468512484 -0.145933466072471 -0.0345891552065823
0.0181649183686028 0.0192784233637123 -0.144889982427097 -0.415311986705537
0.0975865635770037 -0.0284951686963382 0.320807956610113 -0.46442927900004
0.118438986872537 0.0309092617483587 0.775746071207225 0.0929332723965264
0.0320730699884006 0.0946167749252861 0.357477563429566 0.787630032970938
-0.0716824966161657 0.11453594272534 -0.220684205357995 0.592054705002751
-0.118456983820772 0.102446849193227 0.0301914450087151 0.105880394949199
-0.0437523073115958 0.127375756053671 0.301070211307926 -0.504918326578061
0.0757302617060354 0.0651145027575775 -0.26602921436696 -0.815510417202936
0.112534251834182 -0.032026440197605 -0.846483905762421 -0.172110920862148
0.0622619357843738 -0.0456391194798981 -0.440116655279801 0.517036115909709
-0.0168182987257741 0.0215311338343858 0.139309878831606 0.423794109215032
-0.032807503100541 0.0475705017986658 0.211622380652831 0.0610579799085694
-0.0080491973601735 0.0255846748980961 -0.00509098347823039 -0.172079440133175
0.00690827383074076 0.00346015911548579 0.0132557851735147 0.146803905684942
0.00812926724729012 -0.0314225620107766 -0.167720984754205 -0.0731678093279121
-0.00814485259821497 -0.06053384170015 -0.0721949340532504 -0.453592457155548
-0.0253242226865206 -0.014918134839395 0.466111720277993 -0.421551262990836
-0.0385371338225144 0.0569507349905753 0.794493973358181 0.230735553534395
-0.0572053801821275 -0.00895441768680361 0.219086278304875 0.823952854056709
0.0265584351868596 -0.0781432831266981 -0.291415081950347 0.514332218513976
0.0507215691258816 -0.0706690626926488 0.0885301768051574 0.0229562344037578
0.0281712430700701 -0.0427120319444956 0.233841293987539 -0.612329383567959
-0.0192986355145954 -0.0115289642914049 -0.444092977544264 -0.761221398102875
-0.037276717914048 -0.0102513128880386 -0.83924974624821 0.00742531616609789
-0.0635577878251053 -0.0481074137889383 -0.292071694423445 0.58218694634597
-0.044978667014552 -0.0457614796529976 0.215716709206553 0.39005570608563
0.0213807129438975 -0.00449668229318525 0.199583784374892 0.0105109245083898
0.0346258353583928 0.011422938909361 -0.0323909798299032 -0.18649445003065
-0.00274174850664407 0.00871589910114509 0.0162357221129245 0.14485273376998
0.000352891220760926 -0.0298726368838479 -0.148692984777267 -0.105065010409937
-0.00872709625448707 -0.0579980752068144 -0.0303133712153318 -0.485646955491369
-0.0110365682517319 -0.0142638583475567 0.501263766239023 -0.373369478802345
-0.0214878822349537 0.0653633496242308 0.753799917993955 0.342978057455879
-0.0454214373700104 0.00790882530376016 0.115222214859124 0.864598801288223
0.0171546790810234 -0.0502649038960605 -0.317550715981454 0.481560367181281
0.029134403008038 -0.0417943287927309 0.118495617473427 -0.00471284944283984
0.019476916557869 -0.0118018440775949 0.191206764536662 -0.638107886953468
-0.00433153676841846 0.00621440530510202 -0.529003736254895 -0.696013472230081
-0.0231678049522953 -0.0145689281232652 -0.834605002699038 0.114782054405997
-0.0585952199725472 -0.0531414672150213 -0.2328905662903 0.593076808497271
-0.0435732076244291 -0.0418232852611245 0.243147128226276 0.339132805532073
0.0164029652196028 0.00273073699958186 0.211878024558631 -0.023090336663011
0.0272266933685988 0.0171042726640699 -0.0293853604355476 -0.182972478004703
-0.0122288188462692 0.0146579469378884 0.0207919491576557 0.143174711480849
-0.0074785149361183 -0.0223952827290025 -0.131994681689963 -0.126402822310005
-0.00402639656996205 -0.0496215355534287 -0.00577141857274149 -0.504401323819507
0.0146344141049059 -0.0149508421782056 0.518086350331843 -0.335893386478172
0.00411917783017938 0.0740730902664173 0.717544455504104 0.422835672562208
-0.0379407490038185 0.0339333215948137 0.0419673585558807 0.889768249223275
-0.0058475335413215 -0.0137825935314224 -0.327264066307483 0.460832361244774
-0.000901342131563699 -0.00745550389881372 0.137947959180373 -0.0195434846166997
0.0155106916017435 0.0234395813499564 0.161036541085012 -0.652213456753754
0.0184011393552392 0.0192172015626553 -0.584184345844626 -0.643924800903006
-0.00197475589804342 -0.0223610868959821 -0.826695041152892 0.183527503533249
-0.0476751430878614 -0.0552733081906072 -0.197590334077595 0.59292099661052
-0.0421506023065586 -0.0312574859471653 0.259204532515343 0.299081169689216
0.00766224224525469 0.0122104054942842 0.221201437258394 -0.0463635312781122
0.0161028283004863 0.0230206559224227 -0.025627343233054 -0.179398298550345
-0.0196928311602772 0.0189204278186117 0.0247084211430554 0.142172777741439
-0.0163914082618464 -0.0118500183371099 -0.122420198641042 -0.134228336560077
0.00370565782798432 -0.0385002343094589 -0.00252521215860146 -0.511361865250714
0.0424176872049928 -0.0173936421989435 0.512632384558456 -0.322536170872663
0.0330964067341989 0.0789461727059655 0.703196685620077 0.447902719879353
-0.0313710551751819 0.0641998091555728 0.021520495597626 0.901716726690361
-0.0403152557643669 0.0269569963936039 -0.326211094145 0.458826816117813
-0.0354403304935546 0.0309860915345255 0.143364797810827 -0.0208835608404967
0.0128465822123033 0.0608431369279498 0.153772353180195 -0.650133282727605
0.0467351320284691 0.0289402812733094 -0.598291077961175 -0.623797064481459
0.0259321942928903 -0.0315999269255153 -0.828789600740823 0.206472530544723
-0.0299969317914146 -0.0546943942299416 -0.191469114098799 0.590124863789641
-0.0398663698403463 -0.0175711031988342 0.264138654830669 0.281207816625481
-0.00380399496435122 0.0223411502770548 0.228205844135752 -0.0536427089162777
0.00547989040592134 0.0267108777309449 -0.02111371050823 -0.175082726257155
-0.0269629129422973 0.0238947509762942 0.0279975177816938 0.142003920764432
-0.0233273889019544 0.0033917138846121 -0.120072914435695 -0.126337673733674
0.0106917826486524 -0.0240108605152939 -0.0205581999464613 -0.506094122224946
0.0687326183485823 -0.0224009990541852 0.487380642392374 -0.339336214054414
0.0625036449065599 0.0782298366612513 0.710947249857395 0.419339814366214
-0.0222793708230286 0.092554102888009 0.0521259244770393 0.90169902304979
-0.0707974097617306 0.065969443103513 -0.315368814992259 0.476295535223672
-0.0682448448022327 0.0677217900065211 0.132112177976939 -0.00445941381085633
0.00604922305593666 0.0948361267644561 0.171619227908433 -0.634333057243971
0.0720252221593398 0.0386554911334248 -0.572216601953419 -0.640416155073508
0.0559867647437865 -0.0392273115318171 -0.841619726531187 0.180030992388848
-0.00792823270922891 -0.0531860745211093 -0.218005226783108 0.587170254967391
-0.0375146577614173 -0.0025473380888065 0.254102993295944 0.289347791819641
-0.0159604735240764 0.0325202377768136 0.233528039181574 -0.0463606473528705
-0.00404664985137241 0.0293222379870363 -0.0164492134202764 -0.173606433264316
-0.0307278562856947 0.0276163568866588 0.0305254650436597 0.143763482147157
-0.0295311099304288 0.0190348993874782 -0.124520482289618 -0.103778150748005
0.015908408216164 -0.009174254593614 -0.0562201527380565 -0.489284501497612
0.0866654168441233 -0.0267987409669653 0.444144626398707 -0.379008855111098
0.0905146906786422 0.0684689059060355 0.736275562112505 0.339298639340697
-0.00601581189194522 0.10897575106507 0.133137915412186 0.886964836531723
-0.0866196665493445 0.0979807920469585 -0.295842633868584 0.510784078434931
-0.0977961198923708 0.0941612735665569 0.107065932405866 0.0239633758350656
-0.00515186909576522 0.120097854482738 0.206358958539382 -0.60402579552634
0.0874729430111929 0.0494917176833144 -0.507076660320399 -0.689371640122199
0.084034886293892 -0.0420847468368563 -0.855475030320406 0.102818769431018
0.0170962646745009 -0.0511984598258965 -0.27608129016359 0.582991434559036
-0.0324373331866547 0.00913966764253824 0.230248398914432 0.322993836829207
-0.0262219651723799 0.0392093681166935 0.232684002263737 -0.0202900593438627
-0.00949039177658808 0.029877642999889 -0.0116973760061152 -0.17323627709327
-0.031666840129865 0.0280110764993013 0.0330286408161123 0.145130226397126
-0.0332036195374514 0.0324986484095397 -0.135240737996089 -0.070150457980335
0.0179245035772488 0.00673920187220723 -0.102667774389131 -0.45994516806413
0.0975917331447211 -0.0303298999199896 0.384348634759519 -0.428854700257074
0.11088367072087 0.0502634310084828 0.765444814954693 0.219709074059818
0.0151973652579367 0.109725414141779 0.245257229356767 0.850592261257346
-0.0857765896680511 0.115570621267809 -0.26181996110125 0.554630417241047
-0.114863277205204 0.10694194413203 0.0712040357025777 0.0639060443319851
-0.0237931552960856 0.130924431565083 0.253638588631145 -0.561779636818388
0.0896663715345989 0.0603121546913223 -0.402412015991236 -0.7556064884989
0.105224005673067 -0.0395579988042767 -0.864466630705028 -0.0187681143101089
0.0429728109420116 -0.0496550925594931 -0.354539901140774 0.564608173401739
-0.0249826812957464 0.0178145188065782 0.191260277107465 0.372633133323724
-0.0318542320271556 0.0442428716401494 0.227397575140615 0.0158960585935017
-0.0109199964263963 0.0278665842885211 -0.00868150770345697 -0.174077092529927
-0.0291302159861473 0.0264948604932171 0.0317609137963044 0.145870770251377
-0.0334312667622586 0.0411882972753237 -0.148296652875009 -0.0337266429177775
0.0179091773694061 0.0192191169120577 -0.152525566453379 -0.414967273011247
0.0973318812129946 -0.0294231627405887 0.318687089361224 -0.472539976782227
0.120321703183049 0.0306465985568237 0.780622340019891 0.0847200227795842
0.0330107510527941 0.0949247689910797 0.368521089406321 0.789622913023518
-0.0718380730067685 0.116344598218457 -0.21583451046471 0.598092344485632
-0.118825066424812 0.103690079992886 0.0315195102878915 0.106038814628084
-0.0434701615009255 0.128296874710677 0.299003565765389 -0.511035735337167
0.0773907971416843 0.0650405433451252 -0.275409948959088 -0.818091255585939
0.112853994936347 -0.0337210202914141 -0.851469881368045 -0.163351267935003
0.0619708121664185 -0.0472358821002248 -0.437850162297569 0.525526736215713
-0.0164938651538746 0.0214705368777193 0.144329418195372 0.426246878269682
-0.0321348745745215 0.0476440546222291 0.213303549214951 0.0593132571403395
-0.00721429382871146 0.0259446790488431 -0.00693454510491618 -0.173989842085003
0.0074873880346382 0.00387646216555266 0.0143395940006844 0.147520012445638
0.00778716588103196 -0.0296829156055516 -0.169807452674284 -0.0718274229477433
-0.00995274172027082 -0.0605923958797288 -0.0783290984724215 -0.455106101984351
-0.0258648511718017 -0.0148008644888882 0.462213740039717 -0.430741620144512
-0.0371353931633721 0.0572977067287127 0.799664659268045 0.221110972808762
-0.0579878048701239 -0.00894976960957564 0.228820393417989 0.826296805661486
0.0253841249614584 -0.0799632350288651 -0.286934056182439 0.519756868864207
0.0498006112667606 -0.0713957190281262 0.0896845786944191 0.0221641242137004
0.0278911200439947 -0.0434641367992516 0.227830740706828 -0.617092715463649
-0.0193528968479536 -0.0111273546651999 -0.455006621869481 -0.762857302869237
-0.036704568009593 -0.0108982162188619 -0.845773112656007 0.017516489343456
-0.0644580523395984 -0.0467692578343724 -0.285415389635271 0.58975937057473
-0.0464288653770816 -0.0454270207600546 0.222624131842591 0.390107614487668
0.0226706244099109 -0.00380061589964491 0.200788446368389 0.00855243292067625
0.0363166694653767 0.0111975697644483 -0.0331189393411669 -0.188060931033367
-0.00244167101703265 0.0085229531296854 0.0178658988876367 0.144585558586673
6.38213243251253E-06 -0.0287246437804082 -0.150238761208333 -0.104168101152933
-0.00992337487459551 -0.0581012786368635 -0.0374949530529442 -0.48773793771408
-0.0111487498727049 -0.0149146863763353 0.498963545487245 -0.383898819983571
-0.0194753890418724 0.06585163830435 0.761865392540417 0.334831077789005
-0.0466508496413007 0.00757758894777289 0.124266813801206 0.870098479759014
0.0170121747685212 -0.0505613219695644 -0.312381252203661 0.4882949262933
0.0286974659268497 -0.0435086164144995 0.119417595838381 -0.0059151452857632
0.0198162812285355 -0.0121399926798663 0.184905624298213 -0.645090791661951
-0.0048664901132025 0.00551011775301107 -0.540499526761278 -0.693244174508422
-0.0235760202494064 -0.0145317985452248 -0.839548805830813 0.125692531272794
-0.0606909198509517 -0.0526556362359494 -0.226959442829907 0.59894092933064
-0.0442927671896043 -0.0417331151219204 0.247585086076782 0.337748819399298
0.0177390249636654 0.00316916441973039 0.212814442410241 -0.0261133116651639
0.0266640878909696 0.0163010468341027 -0.0314397469594926 -0.184116150026612
-0.0112299902621988 0.0153255572621418 0.0220104103584597 0.143635738833471
-0.00830871155199222 -0.02155523329929 -0.134342036612094 -0.125241649000666
-0.00431057571939585 -0.0497969401387553 -0.0132479685507493 -0.507000726480983
0.0138394583205181 -0.0154670381371143 0.519294996003842 -0.345878154420478
0.0056053613922866 0.0740356148231719 0.725153354482291 0.414968063487676
-0.0379375501669951 0.0338154795362343 0.0521606146462886 0.893920380040206
-0.0063042544950271 -0.0143131169434336 -0.323739788165969 0.467063177783618
-0.000311847407929848 -0.0070558514720177 0.138588171558156 -0.0219096253973248
0.0161655638011237 0.0230612819206788 0.157140226137372 -0.656896371379629
0.0192132751328307 0.01831672413048 -0.594553859356148 -0.640375958545827
-0.00166963277868387 -0.0228467736790217 -0.831378501401321 0.195248585800636
-0.0490070521205219 -0.0557902709119161 -0.190928952508025 0.599660755465636
-0.0426313870952421 -0.0305810560033375 0.265775509755633 0.296237031953055
0.00958713646691265 0.0119759348165819 0.222655227421908 -0.050199580706257
0.0166972163433014 0.0219780968123083 -0.0273037300370475 -0.179556007538774
-0.019813098317153 0.0199530673997066 0.0263991726787505 0.142137159115683
-0.016616091414513 -0.0114315383695888 -0.124003773421749 -0.134027004957105
0.00317781421496566 -0.0390795134874458 -0.00998621987539621 -0.51496088677717
0.0431545266489633 -0.0173933653232177 0.51112254540122 -0.334241101749805
0.0341420492668955 0.0800713604786649 0.71002353652623 0.441576014875889
-0.0313128085982968 0.0650498665794115 0.0296456327584614 0.906167205950302
-0.0403431402631638 0.0270782989743866 -0.322989372746944 0.46338724599014
-0.034863207635695 0.0323793507095084 0.143108280551971 -0.0218170439674566
0.0134765838459618 0.0607461555266117 0.147734872849847 -0.654690291940628
0.0471095554563474 0.0286715665100039 -0.608142839599064 -0.621558226187643
0.0255924447631491 -0.0317932057425964 -0.83198433934662 0.218914116746419
-0.0317734390485181 -0.0543400933373044 -0.184030179459782 0.596722275704894
-0.0407886657452872 -0.016928708962303 0.269108291454159 0.280237349048877
-0.00200965610440385 0.0225321645512688 0.230239292077009 -0.0573384200739246
0.00541306060028847 0.0274621671085571 -0.022306039366127 -0.176693865407769
-0.0269783808185971 0.0249965971670139 0.0302487534986049 0.141664830018924
-0.0225532905109225 0.00345020720196951 -0.12192388566528 -0.126239780249004
0.0102176621885319 -0.024863399797141 -0.0272227782447192 -0.508901232157147
0.0682107491212297 -0.0216854410699862 0.485245699845339 -0.34927397395434
0.0660653897446812 0.0790441346771484 0.7183220211857 0.412921513689786
-0.0226016366559912 0.0930667645509147 0.0635397217080389 0.906703633073109
-0.0708259943066549 0.0677133073161471 -0.311437045564272 0.483782694865548
-0.0683308847218198 0.0696278324914331 0.133153201530323 -0.00554186340019196
0.00813201856019275 0.0948492795303835 0.164706094211955 -0.639048632442459
0.0734620420409513 0.0380302947666916 -0.584347231877372 -0.639610705637219
0.05586259604343 -0.0401223420477298 -0.842874779683771 0.191718554708308
-0.00944287587081115 -0.0527970875195073 -0.212901687266454 0.593822683152518
-0.0375342829015031 -0.0027241502018335 0.25977015281533 0.289134639711876
-0.0143617531649478 0.0324467115601423 0.234508011759859 -0.047900850850745
-0.00317727853705118 0.0290080972597438 -0.0177009689299131 -0.174234900575048
-0.0310824804761019 0.0276382828187389 0.033327481852326 0.143526665014236
-0.0281512081911738 0.0196899385052577 -0.126513713883114 -0.103937856121085
0.014872438983246 -0.00856569386987461 -0.0644932241291385 -0.491563016550187
0.0870258628750484 -0.028230304900655 0.442126140006889 -0.387764181121706
0.0936405889970437 0.0679962361592607 0.744603195451329 0.330960349786697
-0.00422990582203187 0.109177478034034 0.143965716398822 0.891627016450991
-0.0859564085795317 0.0996889984337734 -0.293161041561172 0.516162443488282
-0.0966654510498861 0.0952100663790866 0.108469885364656 0.0228655496005537
-0.00434132045581313 0.119924381918923 0.202518017937905 -0.610351513873489
0.0888074410148225 0.0482632737144924 -0.518158129186946 -0.689316349019735
0.0836447191342594 -0.0449946888247997 -0.86064520695963 0.112343065462099
0.017688473358262 -0.0520243635091858 -0.270452043073741 0.588782361825378
-0.0316188060377763 0.00926814198316309 0.234759614271108 0.322461417251673
-0.0250236765930423 0.0401061475231425 0.234354473197568 -0.0239495490688595
-0.00918366423810234 0.0294115890796919 -0.0126575161565047 -0.174174510731356
-0.0318080140988354 0.0286879038893768 0.0352029486750002 0.145834732470645
-0.0317061518196546 0.0335749986295537 -0.137029502383595 -0.0709090159510028
0.0181025056221657 0.00503233400024529 -0.111526898328158 -0.460020155993128
0.0960119252156239 -0.0318727000111181 0.380218000887386 -0.437464996541075
0.113583741055323 0.049638411977817 0.771070990269585 0.212378938793878
0.0169398782623797 0.110467003746604 0.255059567741579 0.854447789116323
-0.084744789686421 0.116238729114666 -0.256816816613956 0.561027120531763
-0.113881001171762 0.108227738166621 0.0720460786223141 0.0634555542624309
-0.022174069309958 0.132561938329465 0.250715241118856 -0.567206920104837
0.0907031145400128 0.0593999485893622 -0.413140153378122 -0.758233976670965
0.105384837908029 -0.0415936745087805 -0.870499487670903 -0.00564321933325724
0.042530541133243 -0.0504164939654779 -0.34846536152484 0.571153472893605
-0.025225396860977 0.0189866417884362 0.198257088529067 0.372635747713827
-0.0303933413389859 0.045513159277881 0.228296521954357 0.0132963047253892
-0.00991022010189433 0.0273129927569041 -0.0107966541107912 -0.173985569628235
-0.0280023888504543 0.0275322247046663 0.0331969958060327 0.14730307606117
-0.0318341916266053 0.0409084385503497 -0.151097355530283 -0.0320239955009034
0.018213873291488 0.0182032024132383 -0.158819881106042 -0.415830660445549
0.0982200336745307 -0.0311431875358632 0.312779458143652 -0.480640472897824
0.122515421021689 0.0288472145338099 0.785482456042688 0.0747704979942329
0.0347410070342018 0.0956779918253804 0.377058829491529 0.792047376610116
-0.0707669968330051 0.118869721722832 -0.210083457740684 0.602650660494626
-0.118460522915323 0.106123578057885 0.0324863560826537 0.106175045736217
-0.0421332537386064 0.130164109063852 0.294820766762313 -0.514602938672691
0.077964987118795 0.0645643611100265 -0.286009980265515 -0.821438320272935
0.113809388524803 -0.034934827342398 -0.860078756827661 -0.15534707035378
0.0603527346088076 -0.0474946266513501 -0.432530945603273 0.535308721085884
-0.0165093687430664 0.022182422928663 0.151230589842531 0.427680037527078
-0.0304267610736178 0.0475367799529276 0.215773286194035 0.0577111674659883
-0.00701909954982697 0.0255687552670964 -0.00918872230771053 -0.175228875837085
0.00784558057784526 0.00351765499094075 0.0160962895659509 0.147782335500352
0.00837881737513833 -0.0304426246458881 -0.172271186882331 -0.0697746062215642
-0.0103999708190491 -0.0601618542513835 -0.0856250102945011 -0.456793725199065
-0.0255951701337025 -0.0146760389137885 0.459823902710578 -0.439465796821269
-0.0355509508657543 0.0591277125700377 0.807360428456192 0.212368599164804
-0.0584325324610893 -0.0080307529268691 0.241757919533976 0.828820613528199
0.0242046263913281 -0.0806467063227659 -0.282865416184037 0.527430284628771
0.0490155693769714 -0.0723290031808916 0.0899876302528336 0.0201234184871292
0.0264426154859115 -0.0443481137077505 0.22284095380099 -0.624015651189855
-0.019684960034046 -0.0109972753320607 -0.467709709810802 -0.760224689132246
-0.0374514489670657 -0.0101782592705613 -0.849502592920441 0.0307757422419583
-0.0654289646777264 -0.047273395568495 -0.279460704203467 0.597424991072743
-0.0466369446234788 -0.0454731243162066 0.230151482939319 0.389457025029209
0.02334070883549 -0.00338138863378466 0.202212724155652 0.0047530793964274
0.0359392337313443 0.0102777847492405 -0.0362961155389377 -0.187280047827797
-0.00237762436657292 0.00881801001732772 0.0208511940713098 0.145146761870925
0.000477274339679276 -0.029217526614476 -0.152904591120791 -0.102345207394321
-0.0108119066739948 -0.0575602105932548 -0.0457842947262465 -0.490396211904996
-0.0111022464124733 -0.0147328776473339 0.495658138487509 -0.395501797284748
-0.0174901019062485 0.0666826663612187 0.769012859183866 0.327046184870958
-0.0469361830783995 0.00799051052049281 0.136141267068122 0.874004913474931
0.0161267127281336 -0.0510902916043578 -0.308206819235339 0.494204228728005
0.028359589314265 -0.0429348009118095 0.119500313399281 -0.00728296572309477
0.0191735794601628 -0.0129400782895186 0.178509147441579 -0.650730707651317
-0.00457002139451898 0.00631388340937571 -0.551616055485596 -0.689584470157176
-0.0238960224147444 -0.014719773257629 -0.841384025969323 0.137225477629296
-0.0611612751850661 -0.0520866634538641 -0.219557454261054 0.607086451239572
-0.0451733154614099 -0.0410838549645229 0.256168782669324 0.336649957676532
0.0185328317126828 0.00208155442209616 0.213207383763806 -0.0292587740366553
0.0266482628344839 0.0156646797157801 -0.0335372660893143 -0.183939481793992
-0.0107103502032186 0.0147733614621461 0.0233789117409613 0.14306230419848
-0.00824407076321106 -0.0217097717842272 -0.13631833384418 -0.124093366862615
-0.00552400823766453 -0.0510006965794828 -0.0217497296534566 -0.508968215451042
0.013412407275027 -0.0161233482326666 0.516083341600385 -0.355656086630483
0.00736484143775377 0.0743174821023619 0.735113032824084 0.407854553481869
-0.0376063029373569 0.0346188268668083 0.0634322438320179 0.899548874537335
-0.0080786762855152 -0.0146957840714431 -0.320489944369517 0.474978696167002
-0.00105020408203782 -0.00714669337204377 0.13866276753149 -0.0237131911533646
0.0164092723510224 0.0232902577200374 0.147841436826792 -0.661852261105814
0.0194452162879922 0.0187101534942505 -0.606765177765229 -0.636529176543163
-0.00222789999210876 -0.0232386440016467 -0.833945339039754 0.208059990743358
-0.0496343352156048 -0.0535667522441357 -0.183688960638879 0.605221131308152
-0.0430011992344928 -0.0304573443964898 0.273249266440939 0.295716834391808
0.00953661584942752 0.0123380752587533 0.22322900359931 -0.0528876126052642
0.0174876273979868 0.0212814941217497 -0.0295491676074541 -0.181169280850345
-0.0200077671361764 0.0195427910664838 0.0280074183396957 0.142748983499118
-0.0158312040042147 -0.0102175059215006 -0.126292949347773 -0.132514471495206
0.00228194346912025 -0.0391686439635312 -0.0171744945286692 -0.516159966684334
0.0418849041936498 -0.0187362423898397 0.509117787040427 -0.342190310275184
0.0370892882780698 0.0797906561773667 0.719215956602594 0.433871564289273
-0.0297516091736608 0.0655907731184318 0.0440404645661501 0.912640738139978
-0.0396213397259644 0.0270115861714909 -0.319050808623278 0.471726095786077
-0.0348935535808301 0.0328153443214077 0.144296732815761 -0.0236825124286344
0.0142857921566598 0.0611012975825062 0.13942514431149 -0.659761759101984
0.0484704555586765 0.0281359518940061 -0.618218790931109 -0.617327983477642
0.0254518487615943 -0.0331332154453003 -0.833116595354537 0.23381535217462
-0.0322387700707361 -0.0551122681962976 -0.179070513969336 0.603414548928288
-0.041136736855641 -0.0165515850042461 0.27518705589305 0.278443370109792
-0.00159668392495067 0.0221862719357874 0.230562900196368 -0.0612244093016399
0.00601094510483684 0.0258384834919827 -0.0244473936048782 -0.176927492969933
-0.026019282778535 0.023961234416435 0.0324004053660794 0.142420511658078
-0.0221340795621566 0.00459016025655847 -0.12445078260845 -0.125386365209483
0.0100079762289965 -0.0248199315279091 -0.0354539665733478 -0.512034119405984
0.0685867435781863 -0.0239274876419529 0.482524094739438 -0.358608022594489
0.0674978473424927 0.0777977605512354 0.726081245528567 0.404550230544686
-0.0199678449145537 0.0940850872620869 0.0773884644485412 0.913325353424696
-0.069053914737131 0.0681380340276491 -0.307414939425355 0.48909252601649
-0.0682996616719367 0.0690768751175855 0.133448348485825 -0.00777127408804104
0.00765117756232709 0.0948364883260022 0.157209432537313 -0.644283703771262
0.0738360869638262 0.0374354779118733 -0.595936672840595 -0.634619721880013
0.0551561217303641 -0.041894206983288 -0.84536148799213 0.203938684004773
-0.00914541682204536 -0.0535198357388103 -0.204646772496549 0.600361390550672
-0.0383093897443602 -0.00162354527808412 0.266712995734848 0.287033437583527
-0.014832036108717 0.0314661513533649 0.235398762706457 -0.0514888685120351
-0.00283384993949352 0.0288656412616008 -0.0201299692149749 -0.175306615892815
-0.0294918774888556 0.0288137285755096 0.0343804089513135 0.143867574421763
-0.0282178435150696 0.0198303584099147 -0.128516550917996 -0.102966713686178
0.0155474287239605 -0.00993669870393466 -0.0714544549423838 -0.494711195385529
0.0871262938815461 -0.0297444357207759 0.43919875982238 -0.396204634408829
0.0958718689535165 0.0676943938027425 0.751748641001639 0.322130043583188
-0.00283171419009713 0.110014178877401 0.157141737763138 0.896319412412905
-0.085937955220708 0.101174255644043 -0.286495181489406 0.522752335774264
-0.0961055604539432 0.0974780563936022 0.108704210122851 0.0221561928247081
-0.00331121962796374 0.120095875320403 0.195165190094898 -0.614152050616134
0.0902204051265471 0.0472876927519251 -0.529137685648624 -0.685568989465529
0.084063663302352 -0.0445592452895932 -0.862632429886413 0.126466627326528
0.0159008022551271 -0.0524355519450146 -0.26242516845461 0.594937195937972
-0.0330560868868149 0.0101532399277917 0.24275517836948 0.320716427929831
-0.0243710867278637 0.0390923071994505 0.23609331587309 -0.0263794856333453
-0.00876014349382151 0.0290949331349623 -0.0154724248303571 -0.174658384818508
-0.0310076300381862 0.0294149906867692 0.0356475671114125 0.145593941193074
-0.0308002002324441 0.0332943292022089 -0.138271825322657 -0.0690488401196321
0.0178763967787768 0.00526416902316676 -0.12029325325521 -0.462067616902827
0.0967226387149576 -0.0342551506467414 0.37502488847415 -0.446184467467294
0.116275323943961 0.0475789334003115 0.777451335045269 0.200435225681031
0.0178560099812488 0.110725426068831 0.26981454432088 0.854983086355297
-0.0837243520108963 0.120138912142377 -0.249165909987365 0.565690343268449
-0.112684587007231 0.111386056920008 0.0739279689791476 0.0622568730395925
-0.0219570338146336 0.133733584347275 0.242910048548004 -0.573348403141999
0.0927594836480283 0.0582056660250921 -0.425556623036986 -0.755535494045565
0.104485604602841 -0.04260392787469 -0.87467339173852 0.00517078084813448
0.0416103076476042 -0.0516087284785923 -0.342069305159057 0.580506185291668
-0.0248164294706227 0.0196280516748781 0.205064999376239 0.371965903354546
-0.0300770445213106 0.0453085366636907 0.230163430582367 0.00983332461125457
-0.010039006520718 0.0282519834143995 -0.0112920830321189 -0.175060101673314
-0.0287244081108352 0.02768265703751 0.035551184303606 0.146506910082808
-0.0314002183642659 0.0428136396113962 -0.150230783663317 -0.029770750383777
0.0176625906316712 0.0190735275665472 -0.16652415666872 -0.416493947010376
0.0965233575766976 -0.0331108260564846 0.307244856839234 -0.487310526805269
0.123975525900683 0.0264363464110551 0.790244693368836 0.0658163209521823
0.0370144695176302 0.0957555465728429 0.391281994072574 0.791865125667231
-0.069919743914235 0.119626218359847 -0.202585439523114 0.611138814568242
-0.117743845044737 0.107852728825736 0.0338660100921108 0.105648256572596
-0.0408705177913372 0.130450919704208 0.29005118994364 -0.522567862873507
0.0790253951664499 0.0642219634681431 -0.298306474442636 -0.821769090333919
0.113675494560126 -0.0364877770772564 -0.866146781147376 -0.145666274624581
0.0610811225652116 -0.0494961330529635 -0.429268516300955 0.544323975971358
-0.016708144765502 0.022070796740906 0.158163664958653 0.427573182727474
-0.0299580050381645 0.0470953087631106 0.218811540706376 0.0560722932719187
-0.00633031893888575 0.0243779715682638 -0.0104002836890752 -0.17487287590917
0.00754264227253586 0.00395898387208196 0.0181894996845046 0.14787111135231
0.00950263083988221 -0.0289410987565924 -0.174311839957889 -0.0670673993526719
-0.0122514564202393 -0.0606455412103524 -0.093607578538186 -0.458873792231423
-0.026416762598832 -0.0135386357890638 0.453430039179666 -0.449069275053063
-0.0342843250283677 0.0589506748094678 0.81089765246767 0.200389742083386
-0.0584020073680125 -0.00788252076058728 0.253925431642032 0.829399860994057
0.02324283466052 -0.0822448924164457 -0.275804031661397 0.534495432405401
0.0479859018840767 -0.0731339342027684 0.0911015012544601 0.0190274213312413
0.0253537407600613 -0.0454257741169218 0.213502438504209 -0.627767973886871
-0.0203320768220957 -0.0109007489140556 -0.479368464344941 -0.756184122457208
-0.037873222015376 -0.00919202212707671 -0.853364417193445 0.0436885639335008
-0.066401003341124 -0.0465806029088783 -0.268795994871706 0.60437239695052
-0.047628923039383 -0.0448458607721038 0.238140587834571 0.386781143750361
0.0240998960414422 -0.00370689115193959 0.203448053987192 0.00199923070995075
0.036877791546803 0.00902908488258015 -0.0382166609994341 -0.187728947900139
-0.00160933485382192 0.0088010771456187 0.0219166918102239 0.144448436659778
0.000353681469235039 -0.0285223471695455 -0.154685384283574 -0.101556914821928
-0.0114668836521001 -0.0581663486729959 -0.0528764788564166 -0.492525964013096
-0.0116656038948342 -0.0147843005843735 0.491269547349108 -0.405011658210778
-0.0162947162644324 0.0667857032323107 0.775781881951983 0.315522346948158
-0.0461501384992165 0.00840143803612733 0.149336986545552 0.877682466144958
0.0146687462081323 -0.0522472304711164 -0.301164927926762 0.501374472083871
0.0272909680414723 -0.0438813719688276 0.12029318089338 -0.00965993621826471
0.0183466733007363 -0.0145533976813511 0.1700321428653 -0.655026066185728
-0.00427617113395906 0.00566787388564278 -0.563644214626373 -0.686405412008688
-0.0249075295057031 -0.0137546396246219 -0.840822222828627 0.152508219108729
-0.0627813917058416 -0.0516941971169213 -0.21008543303004 0.613792320083632
-0.045297858700117 -0.0407027350492237 0.264527107417275 0.334214114498088
0.0189678033143546 0.00242303997790127 0.213773040895592 -0.0340646745088861
0.0277802304138707 0.0148310431125755 -0.0351194124742236 -0.184148004160656
-0.0100401844087939 0.0159507000666354 0.0256018770920885 0.142604162145621
-0.00791425834299533 -0.02115357310672 -0.139797071606211 -0.12279724174356
-0.00658614582342311 -0.0500827415881324 -0.0307747479947156 -0.513357823972495
0.0138095037385369 -0.0160083828132028 0.510234207032174 -0.366165921169068
0.00982421418434056 0.0751327772332368 0.742025565508915 0.396923892030273
-0.0367240926002489 0.0344922515781454 0.0749772312787643 0.903950687457221
-0.00828428845073542 -0.0150523083936287 -0.313015779575389 0.479830204944052
-0.00167573574257377 -0.00653700203251266 0.139558526565897 -0.0265289884632642
0.0162702680591223 0.0226798027037069 0.138373401421859 -0.66454926620596
0.0198226459185701 0.018635855168818 -0.617762757029144 -0.630191717828338
-0.00259568542379925 -0.0235678627270407 -0.832647405368078 0.22133330151045
-0.0506611908355253 -0.0534507213667006 -0.173578188676961 0.611751591465479
-0.0436089494470917 -0.0287943997240484 0.279743798616244 0.292569599738102
0.0112884703033012 0.011802315840556 0.222957259683608 -0.0561809666023299
0.0173436446263337 0.020570867648664 -0.0316225481866908 -0.180135533472625
-0.0188967519309564 0.0204081567976796 0.0304307088642026 0.14150580532491
-0.0151753085800696 -0.0103069597226003 -0.129159891440042 -0.130432286530526
0.00144715458094945 -0.0386266887927069 -0.0268121358828261 -0.519493956844918
0.0424526149597669 -0.0197291583711569 0.504587642139361 -0.352831510252969
0.0401883059563832 0.0802954134735227 0.72623563536437 0.423661291144017
-0.0291111623669105 0.0664390409487024 0.057124172905271 0.916617112109206
-0.0394132796258295 0.0279865586985722 -0.313537702842941 0.478292156147783
-0.0351390203638337 0.0338389428313618 0.143775016107536 -0.0267653382893333
0.0143901731645094 0.0605138762173693 0.129639144698811 -0.665216822306249
0.0480683948643179 0.0282415255107863 -0.630947483810159 -0.611296479623306
0.0246833604047076 -0.033715596539663 -0.833579507268562 0.246149653111829
-0.0325861766275509 -0.0552174542550222 -0.16908594002024 0.607858146350343
-0.0413161699183806 -0.0147600060552679 0.281271016195278 0.275257499097474
-0.000922012522738721 0.0219663271427355 0.230588095792368 -0.0640432108984361
0.00734147649996543 0.0264783378100156 -0.0269868043909887 -0.177237341548221
-0.0267917413144525 0.025420297387133 0.0341827050419117 0.142408940296855
-0.0216397278260971 0.00452149205412984 -0.127675393125582 -0.123885771438072
0.00937429846331404 -0.0250418874742206 -0.0442999419936366 -0.513833743469397
0.0680680107998772 -0.02535615542271 0.477617562840398 -0.367013645335837
0.0699414529970103 0.0781142729100187 0.73459009928364 0.394714661422266
-0.0197607542581162 0.0935060370803721 0.0883827508740825 0.914637020557551
-0.0685115105666196 0.0681236576461204 -0.301306867263097 0.496310214322389
-0.0671416148993755 0.0714418110065695 0.134126718692236 -0.0103093566851312
0.00993912214308963 0.0952374676415408 0.147975778109433 -0.649091192906063
0.074464913113487 0.0354892387777686 -0.60663757315692 -0.62948507173732
0.0548516569163567 -0.0425251278346197 -0.844660597433084 0.218992911389824
-0.0107940338885252 -0.0531929449590045 -0.196048815328021 0.606759674426164
-0.0388525273083867 -0.000598439126296767 0.27263914113124 0.284521191511114
-0.0133308304796948 0.0327426241661722 0.234645431215981 -0.0550229550783743
-0.00274056813786254 0.0291359015758827 -0.0214271797292026 -0.175596903513782
-0.0298336257286048 0.0294269975365412 0.0361564291053914 0.142627762269322
-0.0268978849285337 0.0206074805256394 -0.131333215872704 -0.101805869428173
0.0159215872715964 -0.01001993944342 -0.0828319404070334 -0.495366431657795
0.0868350708263492 -0.0312088472183231 0.432122797012655 -0.406125467727282
0.098262724683301 0.0654092841408869 0.758716000872536 0.312731300877662
-0.0024203205169062 0.10956195001402 0.169800839188507 0.898397176360381
-0.0853856432038485 0.102115042616598 -0.280208298329133 0.529939055301102
-0.0945334309421857 0.0995299687443135 0.109770183418207 0.0203959285625534
-0.00189460671689267 0.121458790895974 0.187176092135619 -0.618516047666049
0.0916565763164699 0.0469104661864367 -0.541371412015791 -0.679990318196545
0.0835543293410775 -0.0470688695377638 -0.863860234902648 0.141190819029016
0.0155758982268771 -0.0533833057030993 -0.255193639991928 0.603685322231074
-0.032783272865367 0.0114786066190791 0.249067088941946 0.318743930367839
-0.02367060986694 0.0396289446121465 0.23625943475975 -0.0301090535753877
-0.00848992228777277 0.0293811181609588 -0.0172432302075606 -0.175204544982674
-0.030423224037936 0.0298788178891575 0.0382644778404636 0.145113078190999
-0.0303209787799351 0.0343686805055318 -0.140286003845514 -0.0686168311402469
0.0176202749366088 0.00605900829986419 -0.12781758096482 -0.462964678985309
0.0962429672669705 -0.0356075025624983 0.369578437525838 -0.451705307871783
0.118075402641591 0.045795997835275 0.782265363080006 0.189337146534666
0.0204859433917973 0.110009122818895 0.283108639299086 0.854054027859613
-0.0829575354832723 0.120499148189529 -0.242082010835435 0.572348248013355
-0.112154233293832 0.113395782476157 0.0742175627449443 0.0612352610099008
-0.0197018165530729 0.135200555673573 0.23688875732538 -0.577535800559937
0.0937275290459296 0.0562558801770899 -0.439121178904198 -0.750461009005449
0.10479764832508 -0.0441572684551094 -0.879552701608516 0.0180958438806603
0.0409061523180089 -0.0522975053324793 -0.334548822439337 0.588875242449751
-0.025331213146486 0.0194949643940189 0.212314642009913 0.369515582762559
-0.0287943986754957 0.0447160274964705 0.23127530914133 0.00859638357860605
-0.0100303212594009 0.0286732367008357 -0.0130258706867459 -0.175981247005633
-0.0278110977585939 0.0280590639041395 0.0369218800005522 0.145261991928962
-0.0300862729207128 0.042827524937497 -0.152042436690979 -0.0278857370353509
0.0181908663006147 0.0182697221093274 -0.174163627862974 -0.415193424720611
0.0972181698594942 -0.0338848262832311 0.300541307785672 -0.495164600167613
0.126015038525241 0.0245432231951315 0.793477969998528 0.05240177994969
0.0377908479599062 0.0949575883200711 0.405037179890111 0.789633609714419
-0.0678430447443671 0.120786553405226 -0.195483847965247 0.616080788834505
-0.117571941737969 0.110504282082741 0.0358718765916021 0.10596238036079
-0.0394728797260373 0.131452324748266 0.282719812898132 -0.52826957722005
0.0805636594637858 0.0628278973967578 -0.310888474330126 -0.821447129615094
0.112964215767254 -0.0385162921494339 -0.873373463123992 -0.131190081733331
0.0609356363414267 -0.0506114898689509 -0.421783937718951 0.554039135530375
-0.0171229295747724 0.0225418120784848 0.166243091046022 0.427282358060091
-0.0294954036734113 0.0469398422179715 0.220011522668905 0.0535443692753464
-0.00623541082835836 0.0249252012443532 -0.0126794795110364 -0.174926088611887
0.00743373902650855 0.00434010989875936 0.0202641928800897 0.147681806371217
0.0092464824057474 -0.0291349914842909 -0.175787732285547 -0.0648813584413354
-0.0125732284810762 -0.0607028096287725 -0.102486529118918 -0.456058299945007
-0.0271431763757682 -0.0137732074329762 0.446212540433514 -0.45894935043567
-0.0328692110136078 0.0605259422537291 0.816178858434986 0.185755706201932
-0.0587980169176666 -0.00677694430909017 0.266736533073751 0.827972646385304
0.0220327936605705 -0.0827136791852645 -0.267586033650632 0.538924071028775
0.0472505491622362 -0.0743675083261244 0.090970338969049 0.0179873086079426
0.0246456796800252 -0.0465067769079664 0.204119485765342 -0.633071684809039
-0.0199755447772482 -0.00984580381220882 -0.490608613337479 -0.750128631082706
-0.038114124077155 -0.00914202541474182 -0.853713312137411 0.0577361901571224
-0.067908474063506 -0.045496056519352 -0.259850691136423 0.61074199417397
-0.0490668011585862 -0.0438243824830205 0.246522393980786 0.384263088215234
0.0245958294823372 -0.00423929018339642 0.204266784244413 -0.000266681616301229
0.0369781348461168 0.00784447304698119 -0.0411807101618269 -0.187344502953023
-0.00219650234803633 0.00905802318572171 0.0241693421554397 0.14444916296456
-5.39412436274833E-05 -0.0274568580973204 -0.157177375237644 -0.0983682037440188
-0.0117597223147672 -0.0577937749148059 -0.0623424417347905 -0.491756708866355
-0.0114015361943524 -0.0154278803425638 0.484254916395178 -0.412800321426237
-0.0131730660682719 0.0669434513347523 0.782038036460144 0.30320187981864
-0.0470845988641631 0.00951832573268323 0.162721657791994 0.87666107036545
0.0146491566764322 -0.0526946920189127 -0.295235967770038 0.506529781908409
0.0262156455324272 -0.0438656999046601 0.120161554144478 -0.0108973532314823
0.018393732579876 -0.0140516482206378 0.15944456593494 -0.65856252310699
-0.0040169767430599 0.00548566930804901 -0.574658190352904 -0.677620915492563
-0.0243125483485194 -0.0142886518943375 -0.841766777347141 0.167136125300548
-0.063133807560303 -0.051095567014593 -0.198736808904502 0.61773498389033
-0.0465590464417786 -0.0395075514822684 0.271112065440695 0.328513402741031
0.0205083174517668 0.0015681402509786 0.213458217618053 -0.0368179971194619
0.0280820435988194 0.0141280196436 -0.0373079835128774 -0.184643134541759
-0.00961120569953374 0.0154876426054155 0.0275486532209 0.142611142813142
-0.00770718839665404 -0.0210726136792921 -0.142303571764812 -0.121067025211458
-0.00678240261586753 -0.0497310815484728 -0.0386082285127951 -0.513385242402391
0.0135590463864823 -0.0173941241177378 0.505305415940505 -0.375202326644407
0.0118817168785116 0.0741878830889632 0.747580291589623 0.383383565206655
-0.0365724753871673 0.035025204387862 0.0899926049054618 0.902579130708714
-0.00939785934259222 -0.014201922286789 -0.307118280669325 0.485713683530353
-0.000931942155619908 -0.00687173707071855 0.139303291763788 -0.0280761671459005
0.0158152342136385 0.0222795338051648 0.127774293026015 -0.668695544688836
0.0207139438730141 0.0177868632149961 -0.629031267018685 -0.620527044253934
-0.00337137570055983 -0.0234123732634324 -0.829250633557252 0.235680842362729
-0.0514188033839294 -0.0529963593586672 -0.163545508982924 0.615489163354186
-0.0449619808802423 -0.0287678173030415 0.285513808359119 0.288937818259356
0.0108561917595048 0.0121372657277728 0.223289585330087 -0.0598806349159166
0.0175849640044325 0.0199737793331887 -0.0342321838675071 -0.180007187415697
-0.0180552620794347 0.0209568578713959 0.032312683426063 0.142037488253957
-0.0155224639612888 -0.00971526050109419 -0.132167305503322 -0.129123994838491
0.00144856889364684 -0.0379356389058653 -0.0362291700343915 -0.519446465490493
0.041567495469661 -0.0194508067211212 0.4999825166212 -0.362258726566554
0.0415975774880085 0.0787609453535702 0.73408299644782 0.410085036581848
-0.0283396513035088 0.066110819196308 0.0707883313010444 0.916128859631168
-0.0402772792728753 0.0284147243619894 -0.305954753694779 0.484587252920557
-0.034615290896167 0.034657202904255 0.145045713416393 -0.0287783419251784
0.0147793675677655 0.0603642278333682 0.120750461887541 -0.666006888064481
0.0497517122305708 0.0276588743744606 -0.641139222462612 -0.601868658321684
0.0235653707153052 -0.0340562786891088 -0.829406499264636 0.259590020834591
-0.033986108453268 -0.0541513826643292 -0.157214056984467 0.613716420362877
-0.041843228153939 -0.0147846109328251 0.288516275518191 0.270164642033932
0.000291379773008442 0.0221368302541171 0.229885997685438 -0.0685243306365295
0.00766737069956994 0.0248069378376175 -0.0296176074477353 -0.177566055036407
-0.0249310579313437 0.0254948414050234 0.0371072875763334 0.141714615332645
-0.0216516056798178 0.0054458045050993 -0.129036901265862 -0.121515195313142
0.00951820455963659 -0.0251688110627926 -0.0542266620804088 -0.514714666100622
0.0673353949068119 -0.0256061329822594 0.472990449652666 -0.377708282439974
0.0725353085747159 0.076326555448832 0.74195667087387 0.38375028214916
-0.0179995793369933 0.094574297087592 0.104856823107993 0.916022447328852
-0.0682676499285376 0.069454183710178 -0.292781260514692 0.500531425275048
-0.0667365186548656 0.0732905263777368 0.133791790681686 -0.012470147977563
0.0114577013615091 0.0938396050910952 0.139093665219954 -0.651696719431873
0.0759577197653651 0.0350380775720769 -0.618763543381653 -0.621205650085071
0.0546291134779379 -0.0434086761371148 -0.843664169663545 0.233711117271111
-0.0118037268975842 -0.0539216767356603 -0.18558839481544 0.611543468613331
-0.0373085642630363 -0.000726561918410942 0.279405228877373 0.280352771793832
-0.0118573144469572 0.0318715175641864 0.234310040241664 -0.0598925517078636
-0.00184697943622446 0.027547108179 -0.0244663483253928 -0.175132156027553
-0.0291355069899927 0.0291422477279448 0.0378118071435918 0.143542006870746
-0.0272061136392535 0.0209762466143757 -0.133536184563847 -0.0991253190889178
0.0146327247045178 -0.0103086803832195 -0.090956061704895 -0.494056008760189
0.0858485093550711 -0.0321832975272734 0.426803656635576 -0.414512232299334
0.0999063797567048 0.0637617451758317 0.762179785860746 0.299282345026641
0.00056975088310425 0.110569809269391 0.184753999953644 0.898511824713354
-0.083515407340599 0.103967288576053 -0.272010264123079 0.534105386997066
-0.0934669772948002 0.101451688422577 0.110571067724277 0.0184394824317856
-0.0002813771829283 0.120987021551864 0.177056604158985 -0.622975880231348
0.0916145227840726 0.044524970760192 -0.554189970464934 -0.673479921689062
0.0835189613204088 -0.0481885619891862 -0.864739867305056 0.154496015943951
0.0137885960732675 -0.0531183674542873 -0.243690579271667 0.608993736490028
-0.0327000101395516 0.0129993884186699 0.25606240870832 0.314335472391613
-0.0228155377366059 0.0393652503949859 0.235859346408014 -0.0340888848388467
-0.00847592689685454 0.0291198934942065 -0.0199362748264491 -0.175731778457775
-0.0303862572396604 0.0309605121937322 0.0403272977827293 0.144625258946764
-0.029133031482759 0.0336614440790737 -0.141739483150424 -0.0652500390141834
0.0178959110763665 0.0063962806784138 -0.136678890111148 -0.45963912989688
0.0953674467346428 -0.0374977187676134 0.361101051434178 -0.46239627235373
0.119695774436183 0.0438407870738755 0.785267692957685 0.175055739567014
0.0221705229306635 0.110871045183243 0.298407557604149 0.851490727757801
-0.0810585368305633 0.122839806930597 -0.233788844291915 0.576429553012905
-0.110848010053274 0.115176762974329 0.0761558809870589 0.0613999831183295
-0.0181454074867848 0.134015326224134 0.225613118438983 -0.58106576378319
0.0947080289228184 0.0555407233284482 -0.450663349431197 -0.747076366576065
0.103866461336896 -0.0468043686076487 -0.87989619174411 0.0330374006411649
0.0399804516551642 -0.0538157833063303 -0.323582834957538 0.596582887426896
-0.0253177349594797 0.0196286605535129 0.21930954202372 0.368208421275247
-0.0290720340382459 0.0441611653045038 0.231674487197673 0.0042987408946265
-0.0094652079819468 0.0277406880210506 -0.0161372370433438 -0.175719080861545
-0.0266896899159315 0.0287876558464265 0.0399039533162821 0.144720572419138
-0.0304277421891523 0.0434652446608895 -0.152931136077038 -0.0248159917962951
0.018341886769454 0.0187361010682195 -0.182035275837231 -0.412259242804227
0.0956556489115749 -0.0359152327514316 0.291039605390309 -0.501822654318959
0.127874063118943 0.0221332999861725 0.792447680806398 0.0395075491698003
0.0402302067250744 0.0954704089395218 0.417795489341869 0.784154026308332
-0.0667293068234101 0.121775618378481 -0.185706199375067 0.619789692394126
-0.114702505149221 0.113311679092202 0.0364329923940826 0.104477887504325
-0.0373431181125858 0.132721039965889 0.275474874646962 -0.53169597526004
0.0813643272350724 0.0616804936226694 -0.324044953993598 -0.816049784503327
0.112918010114193 -0.0402505540630092 -0.875603014501672 -0.117782578993644
0.0596294924907688 -0.0526978613629118 -0.411915314513376 0.564104834581424
-0.0167532106825705 0.0234653125028238 0.175431352038025 0.426186428227031
-0.028141195163656 0.0474229862625649 0.221616746108122 0.0500245070063439
-0.00674517146864529 0.0245843838370177 -0.0148323255783768 -0.17590325757727
0.00779046560559208 0.004331132718084 0.0220681951801995 0.145529601908033
0.00879084325263244 -0.0284827530281834 -0.176576838264876 -0.0612277287285152
-0.0138587750162225 -0.0595287287594459 -0.111179863755712 -0.455148206826914
-0.0269973312742326 -0.0141203639132912 0.436971900183951 -0.466932208759108
-0.0306459154087286 0.0600688579899638 0.81736219792361 0.172658016829116
-0.0593722906363439 -0.00636364310808274 0.281292398583677 0.823935194065513
0.0194908561582422 -0.0836711335828025 -0.25741784795299 0.544512208091708
0.0455054555410952 -0.0743254185714476 0.0912375486624107 0.0159406333542193
0.0232523407394606 -0.0470189981899756 0.192859308211915 -0.633734563592501
-0.0199260560970364 -0.00953875026894918 -0.502924040348668 -0.741377986714167
-0.0383619104183335 -0.00883421133751428 -0.851105274780841 0.0726437846843595
-0.0687241718629293 -0.0443067220489852 -0.247131592677312 0.616097874398035
-0.0488758585431674 -0.0424146156008524 0.254974444937749 0.379610894414754
0.0248915782658873 -0.00519486830103349 0.204095933915128 -0.00429083016083008
0.0367585926100753 0.00769787032847673 -0.0435247803145697 -0.186645875110124
-0.00140242683993356 0.00921158319524823 0.027040052601475 0.143393973266934
0.000611769544054742 -0.0277569716741828 -0.158595430179529 -0.0952201087574863
-0.013876837716737 -0.0563986299836431 -0.0719786742924914 -0.490982395501226
-0.0115717224205022 -0.0148339357794263 0.476126080340332 -0.423603498014425
-0.0123620319803629 0.0670227974714834 0.785994153607883 0.290110473094871
-0.046271888085071 0.00962475500967952 0.178293095110078 0.874587190010999
0.012923837458968 -0.053746140979788 -0.286176589336041 0.511950476935028
0.0258792192862798 -0.0439086634564423 0.120697102157403 -0.013327407507899
0.0168593911072772 -0.015612663598075 0.148430213038377 -0.658420055091285
-0.0038546145456408 0.00573512422350024 -0.586969228456952 -0.665049659765638
-0.0248850382487418 -0.0130000430712801 -0.837182461196732 0.182840367942293
-0.0639557831766423 -0.0498444130483984 -0.187860613788432 0.62238770627299
-0.0471596292844184 -0.0380542627210724 0.27739084334791 0.32453529275039
0.0206051210625664 0.00175278476731443 0.213853886900799 -0.040078023199031
0.0284644985652092 0.0130538413677872 -0.04062135318664 -0.183641700847178
-0.00953095738937114 0.0156499099079452 0.0288534894429328 0.141645167493704
-0.00651551133028033 -0.0205108388833517 -0.143713082913817 -0.118698338214291
-0.00802983715905136 -0.0492095989496745 -0.0494718280833651 -0.511668594760488
0.012265417172372 -0.0163545976015918 0.496338306516298 -0.386919551993332
0.0147289615914985 0.0727605553194468 0.753214511944432 0.369500067258736
-0.0353369653912472 0.0363650949570779 0.106286745621441 0.90258432098212
-0.00930953741389304 -0.0152269416025165 -0.297115913094682 0.491585596870963
-0.0012991434757872 -0.00674481926738339 0.139266144918493 -0.0306670188516338
0.0157537191679383 0.0216385754344587 0.115583709744173 -0.669439587935574
0.0209250190409985 0.0175849173891089 -0.639259646000158 -0.610840654909437
-0.00306993152519319 -0.0229859679120563 -0.825312777464144 0.251453666292434
-0.0531610863869024 -0.0524350935831679 -0.15149136474961 0.619109574742799
-0.044148665009552 -0.02834300405318 0.291743211428633 0.283265275262531
0.012561821864417 0.0104816635565353 0.221484764503608 -0.0635293473698113
0.0174588452455788 0.0190812814299438 -0.0376146143703588 -0.179502001707356
-0.0180616433420632 0.0214609000662133 0.0344605025476969 0.140515782824357
-0.0154452744062997 -0.0087902990357757 -0.134016777035016 -0.127452631819583
-1.56491009293061E-06 -0.038135739725561 -0.0458212157754225 -0.517675673245915
0.0403263624342383 -0.0210808414826152 0.491972475942353 -0.370967627779756
0.0435319786204318 0.0768829197993117 0.739903391815768 0.396208307107079
-0.0276753946776462 0.0662306059649076 0.0864851416571469 0.916487301505811
-0.0391996231588553 0.0286429486722635 -0.297276827344094 0.489357996498737
-0.0335685897203706 0.0352854445970241 0.144091170614113 -0.0324332584905414
0.0152229483213111 0.0595862349923509 0.108917903826915 -0.668270285401788
0.0498645072860636 0.0261320645928681 -0.652769582366021 -0.589941370563754
0.0229245309136634 -0.0344207991721746 -0.823743002649752 0.275549645925269
-0.0361444952887921 -0.054213893410728 -0.145473590316604 0.616788409825856
-0.0421679436139866 -0.0140916415211836 0.293279967110582 0.265403175639556
0.00160655595751789 0.0221071008566928 0.229062731427421 -0.0721975963870312
0.00749540373675928 0.0245100130610789 -0.0313295462589509 -0.177024233030691
-0.0250826072515536 0.026024813011624 0.0380484635552929 0.140184857022824
-0.020792712728993 0.0054076572059302 -0.131964316815836 -0.120407387441703
0.00841148854183419 -0.0253076585410693 -0.0646240023147436 -0.512220366653436
0.0671917543481124 -0.0273209407172203 0.463632565658808 -0.385260274751377
0.0748550717709754 0.0752974098812222 0.745429436608859 0.36918762947121
-0.0156890469483389 0.0949664656604938 0.11995899268778 0.913030849981012
-0.0677807630365996 0.0716609239272613 -0.284373304237332 0.506963936051833
-0.0650650077037133 0.0739319799815687 0.134688801613117 -0.0161912895993688
0.0122566894748466 0.0941925571848714 0.127156939242879 -0.652988316630911
0.076328196892532 0.0331797695938195 -0.627132843200444 -0.610194834177791
0.0527279848524328 -0.0446076824753052 -0.83707444469689 0.248360925727286
-0.0126319232864465 -0.0532376263522935 -0.174654263223637 0.615731365676104
-0.0388848271962194 0.000257980587566591 0.284123715441204 0.275360870545631
-0.010894883621395 0.0321003727954116 0.233948564674165 -0.0626106377448488
-0.00218926663564391 0.0277024417673071 -0.0266208838053147 -0.175642384284891
-0.0290297832970437 0.0295533052413167 0.0406893870396399 0.141123345913245
-0.0257612332047605 0.0208407194334847 -0.135045351674436 -0.0974676090142335
0.0143188115945762 -0.01046966574851 -0.101484433322667 -0.492987620346695
0.0851104435032118 -0.0342853018834522 0.417243246058429 -0.422560576385524
0.101542167439282 0.0612144181127446 0.765928927895193 0.285588842091396
0.00163535489920979 0.109933190189255 0.199864285486093 0.893826971886366
-0.0822892264116463 0.105189294884954 -0.261787723328792 0.538083552508197
-0.0921534240519264 0.103849533272147 0.110665256044485 0.0163508984442852
0.00108949462178347 0.12090303309847 0.166804676414385 -0.623662179810454
0.092703669811768 0.0431128096088334 -0.564025208102637 -0.663909824187059
0.0813026670530147 -0.0490033993696813 -0.858461630921232 0.170285126205616
0.0135781732860172 -0.0527738569598757 -0.232619250414688 0.613784767658138
-0.0328097258235532 0.0139402600267363 0.262087832489199 0.310573577371579
-0.0215659330575706 0.0390198094357288 0.235925222372508 -0.037337271890844
-0.00774857289775963 0.0289428953726775 -0.0226767684361063 -0.175506325381583
-0.028767544936151 0.0311870120751108 0.0426554272530638 0.143350152971572
-0.0276982259727938 0.035100598701242 -0.143489436144458 -0.0631882098756074
0.0169564756567044 0.00614293734777707 -0.145681707088686 -0.455936724568616
0.0941942890435048 -0.0390526948819908 0.351306276924981 -0.469824483257796
0.121833275769311 0.0394411601217891 0.785557867662943 0.162265893948247
0.0244572328284377 0.10943637781102 0.311950259619073 0.846727267615075
-0.0789639120790621 0.124367817476276 -0.224674616218536 0.581277761592247
-0.107982138711405 0.117498950894104 0.0768547650425508 0.0584049255890403
-0.0151638947388108 0.134638437672405 0.217575016736431 -0.585732229467741
0.0956143498733483 0.054435052424669 -0.460943475342828 -0.737487622570974
0.102819605135367 -0.0489204454199976 -0.879230128858474 0.0488222733255732
0.0384208982475018 -0.0537084726934901 -0.314466957253509 0.600989343369824
-0.0245174912953921 0.0200760724871685 0.226114672300928 0.363202935748138
-0.0266587573061653 0.0445480271207277 0.231270225996103 0.00091947726330323
-0.00925430131382223 0.0266462676039358 -0.0192955152885333 -0.175735584524841
-0.026758273045069 0.0291573559816488 0.041241149558637 0.145037253871186
-0.0278993634469286 0.043391027553513 -0.153030141283532 -0.0231002940497619
0.0182537926508195 0.0186496457972616 -0.190725848386246 -0.408096756478554
0.0941078105080514 -0.0379733815605181 0.279987193830951 -0.507067441984883
0.127960554630635 0.0185776890509204 0.792866415668199 0.0248891324860209
0.0411722245398876 0.0946270868183476 0.433149439896538 0.778183783701147
-0.065422938285548 0.123297724797371 -0.173859229342038 0.621305804453773
-0.112662654643387 0.114961707421264 0.038830681726218 0.103999043214194
-0.0357345750378855 0.133202854386929 0.266910065392099 -0.536485682800375
0.0818462928640754 0.0609294292190892 -0.337248476959077 -0.811747422091275
0.111586247742875 -0.0425502710609683 -0.877470851942472 -0.100781101115507
0.0585731892243713 -0.0527479634195368 -0.402482813138701 0.571192380267629
-0.0169862706929811 0.0237245579985268 0.183121646430821 0.422091099451555
-0.026536469272727 0.0469765867234347 0.222570043718977 0.0464680187542911
-0.00583988974704448 0.0239913252794087 -0.0174273004156567 -0.175281339445912
0.00783071776569293 0.00375055781910478 0.0246462120465261 0.145799618415554
0.00903070999215479 -0.0287111894555254 -0.177290956551203 -0.0574090238372131
-0.0155913814581222 -0.059413071661454 -0.118465588463097 -0.452426043475214
-0.027200571481053 -0.0135182491783899 0.428147034870982 -0.474780451461951
-0.0289233550608703 0.06017969706934 0.815721084082317 0.157716148658349
-0.058684344371313 -0.00535683646974656 0.294827895507284 0.815719676760846
0.0186402066945577 -0.0837701363970915 -0.248370313196286 0.546609077869987
0.0437060755745891 -0.0755405700976367 0.0915347808379073 0.0149907811218553
0.0219557986779977 -0.0470471819701899 0.182983836439047 -0.633819315694439
-0.0202014376653573 -0.00972693781470535 -0.51396057206822 -0.730407057211103
-0.0384454508356703 -0.0070791348237426 -0.848049633706282 0.086863473447175
-0.068719974979796 -0.0424177532119274 -0.235651119363287 0.616967582503791
-0.0494495020583281 -0.0408513481368936 0.260989325951582 0.373118971347327
0.0249274345991897 -0.0062245431911723 0.203517726517226 -0.00722760550577752
0.0368378311038516 0.00556987372131422 -0.0465741318649772 -0.184282683192334
-0.000653449649371822 0.00922430524364918 0.0284500122122729 0.14233289413817
0.00123468232719473 -0.0268421454937284 -0.159154734418535 -0.0919148988138407
-0.0143993291134365 -0.0559734459125477 -0.0807821606886342 -0.487072305439929
-0.0124641164178703 -0.0146547649177929 0.467876285288413 -0.431701232553888
-0.00919053355854192 0.0661922921947628 0.786470501091385 0.273812352579756
-0.046636037491483 0.0103660978944554 0.191509072326796 0.868048167612538
0.011873319019149 -0.0544898867357302 -0.278101804123056 0.515165853223379
0.0249446269352886 -0.044620082698672 0.119611094207431 -0.0151640221182974
0.0166233537899824 -0.0146902874272293 0.13715176134023 -0.658830291167384
-0.00392821199860619 0.00591514448299254 -0.595710933608924 -0.654479960124205
-0.0242884524065024 -0.0131129652403517 -0.830509806297216 0.196630684000833
-0.0644581353804929 -0.0485343085159548 -0.17610395526287 0.624064248408743
-0.0476864837477704 -0.0368419142538001 0.282936425643127 0.318643601805282
0.0218362125857658 0.00120682531163042 0.211632217477762 -0.0434671000159702
0.0284429799229138 0.0120904276130959 -0.0429200070717368 -0.18231800149058
-0.00945151278623123 0.0152658630399618 0.0313704649978258 0.139489911930528
-0.00680998063308164 -0.0200377921836832 -0.145268902616575 -0.11491185504579
-0.00911312334062522 -0.0487539724232568 -0.0583273327398189 -0.508675476553561
0.0117424055655183 -0.0162908730735713 0.487497282809713 -0.393395337896734
0.0162336147818029 0.0730250343408609 0.757235606012524 0.35528008392567
-0.035352753396199 0.0353864023791057 0.11921624667784 0.899391025494211
-0.00974937504000324 -0.0157314296799291 -0.288306141287098 0.493759126031423
-0.00271381506522056 -0.00696720071282669 0.13795386335347 -0.0327478234839596
0.0148149218753133 0.0202003149723028 0.104510380010064 -0.669173835062525
0.0206261451037237 0.0171984165031879 -0.647128804714266 -0.596107656644311
-0.00402835134966388 -0.0229010646995583 -0.817434804637331 0.265156853900059
-0.0541404562660629 -0.0514718869243475 -0.13936086674935 0.620675577687128
-0.0449788394224847 -0.0265755040047683 0.295538922816241 0.276636637181898
0.0128415105770264 0.0109611961654979 0.218992552982731 -0.0676527068207096
0.0182309498191408 0.018220319824567 -0.0391610783142148 -0.178379758961309
-0.0167498758989845 0.0219565564975669 0.0366525057564543 0.138053762013851
-0.0144437291199028 -0.00829861123295414 -0.136192290243759 -0.124710518723591
-0.000908212181364301 -0.0378179155404014 -0.0567699972233703 -0.516836458723838
0.0397799066672473 -0.0216586317236973 0.483605506747901 -0.379194166054403
0.0451647330606578 0.0765471048689818 0.741957510545753 0.383487664450653
-0.0261034299909228 0.066514015757448 0.102680799071804 0.913363325514422
-0.039740023900983 0.0283920903605057 -0.287873883558124 0.491737533055374
-0.0326210806455523 0.0363596213477353 0.14295466612793 -0.0337899765965534
0.0164827690468986 0.0579534953168919 0.0978767184421235 -0.666207183406599
0.0493364902756033 0.0252907292831986 -0.65801839845848 -0.575984068277759
0.0223776551359353 -0.0344549007776101 -0.81512721204721 0.288298536691243
-0.0356893796271593 -0.0525627350732588 -0.134313457287147 0.615450593335844
-0.0417721493390568 -0.01254145967538 0.298022785784261 0.259291704959228
0.00163342547085962 0.021413658009611 0.226894059428522 -0.0756461295306742
0.00733583849666965 0.0237945320950401 -0.0344583131676534 -0.17520821765492
-0.0228259268470606 0.0262959300366469 0.0406734819621128 0.139170514805312
-0.0213198880708563 0.00512105081538278 -0.132828287106822 -0.11754212064238
0.00709778033077889 -0.0245992355203699 -0.0726620654419348 -0.510382140931348
0.0646219287129803 -0.028590117806077 0.455414081073195 -0.392739610271185
0.0757334687543945 0.0726696874305243 0.748295209971434 0.35502302869942
-0.01448541095031 0.0941584214216473 0.133650330677102 0.908963028288547
-0.0661013796901621 0.0715547055862547 -0.275151727112965 0.508313463563121
-0.0634790832001675 0.0757516561321907 0.133134000653733 -0.0168019813325043
0.0140914136461131 0.0928634170371005 0.116144418354684 -0.651511855358096
0.0769149639612502 0.0318179236877626 -0.63370108179798 -0.597152898981201
0.0523723692719483 -0.045905942755671 -0.830975304240371 0.261472980062096
-0.0137570015666683 -0.053071949389524 -0.163119650520402 0.617162643403467
-0.038314290208334 0.00137732846484516 0.289063106538844 0.26864191384424
-0.0105085463811615 0.0313453594067007 0.232115830353993 -0.0661309045054978
-0.000830025402571096 0.0272100091892885 -0.0293743890038035 -0.174795688379339
-0.0277489435842852 0.0299624934196865 0.0430450973053912 0.13997365611731
-0.0244191510067247 0.0204745934098409 -0.135747409670113 -0.093995348889437
0.0134474207551059 -0.00967405550081906 -0.109197800156143 -0.488217211492904
0.0834569351206136 -0.0349579988739971 0.408620390436909 -0.429192767047311
0.103809595410059 0.0597091396643004 0.767198905866057 0.269941586876155
0.00385074939837779 0.109884539071574 0.215606440241646 0.887205916502569
-0.0794204928928867 0.106009160469436 -0.251110794339016 0.541144202069885
-0.0895507223700913 0.10442554085303 0.110182666772544 0.0138838371443815
0.00342647312344025 0.120273755704017 0.155061981066904 -0.62447819341827
0.0936728179509812 0.0419130103444273 -0.572986343458951 -0.653418136556793
0.0804569662468284 -0.0516321328251651 -0.853185699364584 0.185592060674678
0.0116290777040371 -0.0540440998510166 -0.220645668930139 0.616801737298906
-0.0326751095395463 0.0128198511461955 0.268321111078949 0.305770410550805
-0.020498150190585 0.0392736638267417 0.23476855147447 -0.041679766389157
-0.00705754262890026 0.0283617627258936 -0.0244365293070964 -0.173778266656931
-0.0286952825263453 0.0317675919955866 0.0443965679152077 0.142889179154267
-0.0268195940638704 0.0337375698741478 -0.142612836323547 -0.0602019844160842
0.0181451601979664 0.00584285176817924 -0.153284238629558 -0.453152422025509
0.0929318743379462 -0.040009860791536 0.341621538199573 -0.474718414861175
0.123761853458873 0.0380351432993373 0.784228411108804 0.149610020382123
0.0263390396310348 0.10844916994481 0.326816210771225 0.839894299281031
-0.0766973182148779 0.123636657032033 -0.214272113664684 0.582313978357576
-0.106396703234886 0.118551897616015 0.0778058765946765 0.0575983120814814
-0.0130969882304904 0.134730049432984 0.207158571186424 -0.585778650967078
0.0958557931206519 0.0524831832277584 -0.47308906705029 -0.7281412722932
0.10155215722965 -0.049363891879483 -0.875321731099873 0.063767786933762
0.0379489839327399 -0.0553080274878081 -0.303046188341036 0.606173671652495
-0.0249852448148914 0.0210150795962512 0.233259898349035 0.358295902512233
-0.0255303452051617 0.0436847605523428 0.231663239475063 -0.00358298318732424
-0.0085194695728129 0.0263274053456275 -0.0212096175111516 -0.175004150623573
-0.0256895519702859 0.02941579339703 0.0435869214688474 0.143179703644111
-0.0271811494827061 0.0440444594360545 -0.152212983292144 -0.019949967294805
0.0180785646815479 0.0187431897570437 -0.197054059933724 -0.404649599953536
0.0934708834489955 -0.0389518429558156 0.269818464952208 -0.511233135525214
0.128358531526889 0.0157272276048535 0.788475897683159 0.0126127857933622
0.0435459342200471 0.0935553241440716 0.443188013548842 0.768652878428145
-0.0630611993181842 0.123940530781346 -0.163177130775497 0.622537104766818
-0.110283437547026 0.116498742030375 0.0403412655361139 0.102551216267974
-0.034358853384313 0.133044285498096 0.256746480351848 -0.538041422985721
0.0833374243029257 0.0591441390937162 -0.348784063414413 -0.802280028494778
0.110438475254006 -0.0434728800389213 -0.877337089471987 -0.0867384057175873
0.0562060945089657 -0.054508749711669 -0.389771791817646 0.577319945121977
-0.016257910168763 0.0238593974667545 0.191560080935916 0.418029174226726
-0.0260052874063254 0.0466672965009821 0.222687048990457 0.0427585287343527
-0.00530789440718584 0.0234833207848449 -0.0197142869609834 -0.1745299455918
0.007579213609381 0.00278307082349267 0.0266203722666209 0.144921983089587
0.0100919659509583 -0.0286019857547387 -0.176106386255814 -0.0540458760711474
-0.0160535363598014 -0.0583331829259128 -0.127339682195316 -0.446408773325604
-0.0272390450715078 -0.0121825142601281 0.415501142839564 -0.480374792963757
-0.0265615939921498 0.0593418654526015 0.81421487468764 0.140813039063925
-0.059362714967825 -0.00507353670082596 0.307743331460414 0.808967670666645
0.0164470705776133 -0.0837277271478538 -0.238203852482255 0.548107991067033
0.0423318157287209 -0.0748841167392246 0.0916305225486474 0.0126915119289012
0.0206789637604324 -0.0469798723341278 0.171702461438683 -0.634271882346599
-0.0200644386718182 -0.0101515319999142 -0.523945892411911 -0.716667804014461
-0.0383549805641712 -0.00758154988685482 -0.841904762156882 0.101860280235631
-0.0692105373916442 -0.0420134670190386 -0.222247994048644 0.619311934528239
-0.0498211213374404 -0.0394454097773068 0.267977438092931 0.366122881280116
0.0259280769064472 -0.00632645337799772 0.203129202607284 -0.0111617713738893
0.0367271606103052 0.00501829725112227 -0.0489448648758945 -0.183371127168038
-0.00114896841279919 0.00939926785428258 0.0317501008267317 0.141039092201676
0.000686142899405632 -0.026638596037335 -0.159662903862496 -0.089246354945594
-0.0155977838326618 -0.055156701932355 -0.0887522395911186 -0.483472697143876
-0.0123096823219584 -0.0154999058120737 0.456461071436861 -0.437787563548733
-0.00752171448213645 0.0664062730064933 0.785825111143259 0.258717863224081
-0.0463975235226989 0.0115288918442119 0.204983253018372 0.860500882105187
0.0100391186131768 -0.0547233423211825 -0.267198543898981 0.5158365720414
0.0236997942919067 -0.0437663117014727 0.118378794070723 -0.0177627834421429
0.0159423872016462 -0.0160267048975863 0.123899281358386 -0.65689917349355
-0.0034897968397126 0.00590002298239466 -0.603436861607514 -0.640827174594164
-0.0239328829458845 -0.0123255755804213 -0.822811379311011 0.209911384132294
-0.0650247408166287 -0.0472795786416356 -0.163261019853169 0.623592772540225
-0.0472259567835924 -0.0355749097621687 0.288138447805532 0.310163372891613
0.0214255996294438 0.0009463134260509 0.210745697319547 -0.0465497442796129
0.0282367580405877 0.0108624297904026 -0.0459810171043186 -0.179949280901754
-0.00904830249693082 0.0155530221617678 0.0343568041411946 0.137995151876432
-0.00667810736416935 -0.0192429476942428 -0.146074664096632 -0.112710278030715
-0.010386530007881 -0.0477897041293871 -0.0679755339840029 -0.504897681663094
0.0119555258196713 -0.0175208326624217 0.477571691205478 -0.400451981904777
0.0179004290687903 0.071117917558085 0.758420187211867 0.340850662256289
-0.0338563310914215 0.0356060525923636 0.135141131291593 0.891503984078197
-0.00990981588236433 -0.0152875675911364 -0.27935509779727 0.495894432424638
-0.00195559259708263 -0.00628227987465406 0.136367596062306 -0.0361386337561157
0.0157113539125154 0.0205042389022651 0.0950288120363677 -0.664981332195401
0.0218558402962754 0.0166589917704346 -0.652160663257392 -0.582989518707116
-0.00444583944558474 -0.0232687067443813 -0.808704460043243 0.278733382408543
-0.0538677302029235 -0.0503121417314071 -0.12576192264341 0.618445618104176
-0.0444606517104596 -0.0254228095809869 0.300441813148861 0.269530582077654
0.0135929355601373 0.0100574804837962 0.216608617689129 -0.0716623930341087
0.0178257719852155 0.0181215939571342 -0.0409396890775459 -0.176607815500337
-0.0164787105494084 0.021703947135398 0.0381060777708431 0.136809668364907
-0.0136965576584917 -0.00867493929199001 -0.137213408877633 -0.121803825346329
-0.00129900641021605 -0.0372436791476774 -0.065570494887808 -0.51300825152436
0.0386474427550544 -0.0216372051205273 0.472936247632755 -0.386624584170563
0.0468616261987131 0.0743211921256449 0.744084623222861 0.368633507499899
-0.0242453839386977 0.0663397385711934 0.116752855712258 0.905758591566735
-0.0388078937492923 0.0293273500060327 -0.27873869954832 0.493621301948259
-0.032310244704268 0.0364501657237995 0.141399899713493 -0.0368395382207616
0.0168734967383345 0.0582651744927623 0.0844322344164891 -0.663701058060719
0.0496033667662556 0.0236740608304138 -0.663853504398963 -0.56097046458036
0.0221064296427461 -0.0352100874243776 -0.806032819382571 0.300113073267614
-0.0367122160250827 -0.0516467806159761 -0.122186978122397 0.617100163780425
-0.0422447778419846 -0.0124502474366214 0.302415492024879 0.251918320595503
0.00322013889577518 0.0207529566822816 0.224233444660838 -0.0789800683240543
0.00817764701917742 0.0229186314392571 -0.0361482446874244 -0.173738854183613
-0.0233209463290119 0.0263380913781642 0.0421035214425211 0.136524998606597
-0.0190357121528887 0.00515419473870752 -0.134542114854772 -0.113616926038382
0.00722392973482937 -0.023950776608921 -0.0817260060392848 -0.506495881982991
0.0634795706601874 -0.0298562952443126 0.443196612728998 -0.399391198108416
0.0771721449639445 0.0698601103568041 0.749055611967736 0.339867563967142
-0.012454856694625 0.0937190356828477 0.149887031395684 0.902765103428725
-0.0650789756351735 0.0727319524652564 -0.265689143956427 0.511189467750031
-0.0621901329074213 0.0761158525967142 0.132365932021643 -0.0195967661224478
0.0152146150442606 0.0921345038172357 0.105148753196835 -0.649734242413307
0.0768452344816481 0.0311780390654567 -0.641379768431377 -0.583554537143002
0.0512795237611088 -0.0453802185140686 -0.821672524264566 0.273818614506778
-0.0143796763970046 -0.0529100200834797 -0.150836898218076 0.616211074021531
-0.0371917335823883 0.00219505214446136 0.292129199946678 0.261654046772623
-0.0095403741096644 0.03062487555335 0.229816453198466 -0.0697554352439323
-0.00102729286744652 0.0264884586860378 -0.0311519617174236 -0.172914051712069
-0.0267103358620802 0.0306369176887522 0.0448096111833599 0.137903844899005
-0.0240864121728204 0.0211850395346684 -0.13652843257372 -0.0921921857668948
0.013231670495062 -0.00962335958759014 -0.11763245324863 -0.483894972865528
0.0816181082672895 -0.0373004527874741 0.396338816199242 -0.433788473948494
0.104359487161181 0.0563611219499111 0.765711923887861 0.255101972370793
0.00517183309402643 0.109172578822428 0.229505463861865 0.8803306294828
-0.0779955992379171 0.106665803798164 -0.24043043333957 0.541728009182511
-0.0865042461119872 0.105075839785274 0.10956081064943 0.0119762644615707
0.00537776616999616 0.118502007391842 0.144531915369588 -0.623257433306701
0.0935965415479205 0.0393299587067191 -0.579685575862487 -0.638274489776941
0.0785879888781495 -0.0522991834863464 -0.846903228465875 0.199350938026542
0.0103507121030466 -0.0540077961988358 -0.208072686532642 0.617711707097764
-0.0315564304638366 0.0141307107897471 0.271460635030174 0.297831353881763
-0.0193624037094636 0.0386024273447498 0.233050681315666 -0.0449830528795146
-0.0065129839164303 0.0272636321746639 -0.0270763426580371 -0.173154746603113
-0.027854367045872 0.031427652758416 0.0464041848813694 0.139236609845564
-0.0251673913080614 0.0352203203823412 -0.143236333040771 -0.0578400926540536
0.0175949401733343 0.0056373825773568 -0.160834805311142 -0.447640186904481
0.0905456272864633 -0.0424232727565649 0.330555293899451 -0.477295729041497
0.122822913856749 0.0348711227852912 0.782607519304439 0.135100980674147
0.0278807056714006 0.107786960394102 0.339622589985971 0.830471902915984
-0.0743406175649316 0.124729772481588 -0.20306197330596 0.581414045260518
-0.102250174493259 0.121185276449117 0.0772910429051548 0.0543425655751681
-0.0121746715215588 0.134138326141336 0.19574365725359 -0.58470896854023
0.0968262558039834 0.0494192117507893 -0.481902385594566 -0.713562640986427
0.100017724088683 -0.0517488166138974 -0.867466389412138 0.0791248652643915
0.0360749601503559 -0.0556152829121929 -0.289253465958793 0.607992815732294
-0.0249846722029019 0.0215057841342042 0.239519078160768 0.352769613001665
-0.024493734735185 0.0436757993637646 0.22927231769627 -0.00621718636618744
-0.00913549175429381 0.0263298800195942 -0.0231440953819207 -0.173131950577712
-0.0252487850472351 0.0294057103071515 0.0464487081025634 0.14218986273533
-0.0254629847145576 0.0435498607886894 -0.151797392881869 -0.0179129025786971
0.0181754846569405 0.0185352212806446 -0.203345107282508 -0.39753043933331
0.0914783338788469 -0.0413144529580718 0.258537960694147 -0.513402670428219
0.12983106339598 0.0127198921440782 0.782571863841462 -0.0030747105757781
0.0438973086040875 0.0923119516485466 0.454908439964941 0.756980112348355
-0.0607074509938243 0.123475590130588 -0.151743807976587 0.621668985280557
-0.107271232692936 0.117850195401045 0.0419677991861105 0.1014536930479
-0.0321994890714834 0.133154925135346 0.246543351465937 -0.537069303731235
0.083919821718949 0.0580788634132511 -0.361852878539136 -0.792177286560201
0.109829583284578 -0.0451725972222862 -0.873452694543121 -0.0706709625175483
0.0556085832348447 -0.0557374423542791 -0.377167971626372 0.579152426697317
-0.0163018190144957 0.0234963770830958 0.197334575036538 0.411021006769298
-0.0245540812059604 0.0463179370064747 0.222544252430456 0.0381622452483052
-0.0051917327390898 0.022810742377397 -0.0223424136584368 -0.172898491084075
0.00766873312741546 0.00320712090670521 0.0289415554168137 0.142619805857531
0.00974773596316126 -0.0275769898798441 -0.175475118064249 -0.0512648033813877
-0.0170990380937454 -0.0571915858170702 -0.134086959184011 -0.441177441088147
-0.0276409189065825 -0.0120967351219445 0.403049525253748 -0.484461858874168
-0.0242617290789237 0.0596579517751244 0.808369254778916 0.126599344753361
-0.0587837716630389 -0.00338508206424793 0.316972973135595 0.79720809458264
0.0145341783059429 -0.0829320203842244 -0.226929749797646 0.54651825436763
0.040779458716695 -0.0747453403381824 0.0906080543118635 0.0108805493498654
0.0198397203359929 -0.0474345876350878 0.158153272288926 -0.629926000789741
-0.0199957192439025 -0.00989720977486791 -0.5311489544018 -0.704277506024444
-0.0383655399621816 -0.00662060136617097 -0.83251435047959 0.11581483638359
-0.0694040868181623 -0.0401058770756749 -0.209946028276615 0.617889145819433
-0.0496752428324021 -0.0375402356062424 0.271614979637765 0.358214340679219
0.0258452488758113 -0.00652859561041273 0.200940498997245 -0.0144227881218581
0.0351405706971977 0.00307409063235892 -0.0514079208467109 -0.180661644964079
-0.000302993461847124 0.00924935021203462 0.0325601643123125 0.13890382475179
0.00214123160506442 -0.0267624817380169 -0.160221303865111 -0.0858327379742326
-0.0162124263048968 -0.0542620074478755 -0.0975318072064763 -0.478696619402789
-0.0131557768557789 -0.0142250684270275 0.444811876575881 -0.442375417384576
-0.00580450917668361 0.064621762538526 0.781764800713794 0.243062199600127
-0.0451075695812337 0.0112686375074546 0.216381412536117 0.851284502464452
0.00921917243729645 -0.0541919738677855 -0.255810707586713 0.517433773014082
0.0229005329856358 -0.0443563364635662 0.117553505384357 -0.0186667585909201
0.0149645212175956 -0.0159639596655872 0.114901720556898 -0.651623468569469
-0.00343395024927994 0.00555097140284535 -0.606802797343037 -0.62656234277012
-0.0247209815098065 -0.0118454010934054 -0.812886207033308 0.221977800899447
-0.0655188954714667 -0.0457153110963554 -0.1499608285015 0.621601133117831
-0.0471864522154949 -0.0342365935666274 0.291387915898643 0.30343240087951
0.0221569686682415 -0.000374764176226269 0.207302974819653 -0.0496239155729335
0.0277329203032334 0.0102893123636157 -0.0477346728841578 -0.177811743560071
-0.00853044698484513 0.0161201204428498 0.0351454972743317 0.135915899242309
-0.0061722332184407 -0.0190906299046978 -0.147158145203384 -0.108643647462813
-0.0100244291990711 -0.0465231852474421 -0.0755931144575992 -0.499709595498421
0.0107814362351775 -0.0171377563107982 0.46692961201904 -0.406430084438008
0.0197945972585943 0.0708517841131935 0.756936085103049 0.325952362162897
-0.0332030259895737 0.0359670588358778 0.147166603594541 0.883409661380099
-0.0104283449541743 -0.0156260235976967 -0.270087091007259 0.496954679597276
-0.0029736412367498 -0.00561545034861181 0.135091620578409 -0.0369712630279927
0.0149072989163558 0.0202147080060519 0.0824285709344112 -0.661183630162495
0.0208059968418089 0.0156790711098113 -0.655485045516148 -0.569009349388237
-0.00513016797494276 -0.0229196330267794 -0.797224475654548 0.289340967446295
-0.0546506800000295 -0.0500055996510521 -0.116214092978951 0.617200196344401
-0.0446959777488156 -0.0232159564610756 0.303727601807818 0.261085961959215
0.0145125588176044 0.00950883892371391 0.214614071173998 -0.0733423186078499
0.0184988650769793 0.0159323543222151 -0.0431385000396604 -0.174659556546959
-0.0162498722827865 0.0214468967026323 0.0400715736434624 0.134374083838796
-0.0128420036094561 -0.00743792375274085 -0.139283925056932 -0.118314290456696
-0.00228266260147278 -0.0363486554913509 -0.0741796566208744 -0.507103146652439
0.0377036720364854 -0.0225268130229442 0.463093817607111 -0.391197427944439
0.0488507531267014 0.0730587750473446 0.742027445025888 0.354141316039745
-0.0243436226512099 0.0659978014218025 0.129132380978785 0.896843778536311
-0.0385283075428388 0.0296291660255802 -0.267926966287868 0.494204843671239
-0.0318797081896156 0.0360464801503762 0.139848799297024 -0.0384436775422282
0.0171313527013877 0.0576358150860782 0.0741639329134698 -0.659095261402218
0.0501286183991233 0.0219973387204648 -0.666993127140231 -0.547344579996852
0.0214397460438943 -0.0357097096586032 -0.795201520148316 0.313796142852072
-0.0376285317253092 -0.0508711476928428 -0.10912126759314 0.613147058700513
-0.0416542741215234 -0.0106212374605146 0.304739325032905 0.244174754928274
0.00355048886736109 0.0201771547428829 0.221861783560199 -0.0812842431648547
0.00826370153512416 0.0224816084856253 -0.0384105027808991 -0.171976067198387
-0.0229729157157343 0.0266789371173297 0.0439984600594052 0.134758870954904
-0.0183616253325401 0.00595309159952447 -0.135037401545311 -0.11249586092386
0.00641383729076685 -0.0228865202522621 -0.0911595163585687 -0.500850538476198
0.0623370267597214 -0.0304493217133371 0.431410888352142 -0.403988481052257
0.0788081929966981 0.0674952344157468 0.745905817826038 0.324931680233154
-0.0110940566041165 0.0928251135529804 0.162129304071661 0.892434333569555
-0.0638298140812653 0.0724591726037789 -0.255766552241963 0.510961330848837
-0.0601981904791493 0.0766421095238779 0.130841485738702 -0.021885784831157
0.0159166126396598 0.0918248910820208 0.0928573413245165 -0.645270893984941
0.0761948474422631 0.0298350791074291 -0.642901676690023 -0.568132409680496
0.0490943148993896 -0.0465824537103027 -0.80985297019548 0.287553634357399
-0.0143862319632881 -0.0519471527624007 -0.137537727219967 0.613356206217264
-0.0383006759775453 0.00310370556658197 0.295375811670446 0.254372203936532
-0.00837719584773755 0.0296403433317637 0.227002093283383 -0.0724308025163209
-0.000767021781395327 0.0250016441460477 -0.0335703697486287 -0.170697674391739
-0.0258839492262794 0.0301139615584187 0.046408260758324 0.135337808522578
-0.0229214115928657 0.020863831546665 -0.137621514833373 -0.0890269737401662
0.0138689085811564 -0.00912924049879043 -0.124768915610791 -0.479191797750346
0.0807531968394579 -0.0379177390683896 0.386217998460375 -0.437315762895618
0.104803060927051 0.0535975983853746 0.762765799672746 0.240000013057619
0.00670504182549407 0.108208535137954 0.240400316689313 0.870717097148885
-0.0763959075191223 0.106892278388843 -0.230508228299102 0.541588566691869
-0.0847158220711414 0.106476902975746 0.109190352662405 0.0101264708869469
0.0066562744964986 0.118276269229612 0.134760433362078 -0.619218437309518
0.0934064586040664 0.0385022366622527 -0.583670035410387 -0.625633482732035
0.0781968598468205 -0.0533567053754082 -0.835074834848345 0.211836699611367
0.01002706047924 -0.0543079460052479 -0.194672526988007 0.616451412277343
-0.0319229601425194 0.014612482944676 0.276039740983082 0.291177241409455
-0.0174057602591723 0.0380206104918897 0.229605243392136 -0.0486238958272968
-0.00647406073088967 0.0272333340288631 -0.0292922918284432 -0.171180474372639
-0.0264678231942449 0.0321341940873288 0.0482087320418916 0.137830452297972
-0.0249122642447317 0.0336136977335925 -0.143424725977892 -0.0551809449912501
0.0175900076071148 0.00517552639613903 -0.169168169087389 -0.440093233291451
0.0892896192882175 -0.0425606337556996 0.320374714246295 -0.478515933928804
0.123825935653643 0.0312340962723342 0.777654492232763 0.119460441802184
0.0288715412634854 0.106257283152594 0.34916235457032 0.818371942200822
-0.0724735388432978 0.125216866925871 -0.191424329684579 0.578745455685273
-0.100091822026346 0.121027539967098 0.0778126226090909 0.0522596463316716
-0.00977072793354807 0.132591853263065 0.184585505535676 -0.582712575681027
0.0961522451380716 0.0481285253673871 -0.490151610253724 -0.70241217437192
0.0987396292193612 -0.0530438639276864 -0.85936612777206 0.0929870939202675
0.0345419524431524 -0.054710856347025 -0.277377384404588 0.608473634836418
-0.0234522079600177 0.0212437139552351 0.24309246793278 0.345819643878636
-0.023657932888265 0.042185036205945 0.228180895986008 -0.0101461574919518
-0.00883824051974416 0.0255910083178743 -0.0251129077203386 -0.171739425040466
-0.0244870305935779 0.0294784161059942 0.0476957098532922 0.139555034415353
-0.0241121958460454 0.0431742212299018 -0.151197631131539 -0.014497633290018
0.0180938065110875 0.018500771836311 -0.209982300883152 -0.390947995780152
0.0893912364382182 -0.0420131108830038 0.247071725603273 -0.514308736561815
0.128990232578074 0.0102036372076926 0.77537410182729 -0.0175458462600805
0.0454793216372267 0.0910098061345308 0.462982655178814 0.744451519518951
-0.058495580071511 0.123664283923004 -0.140935135752312 0.618438732300733
-0.105103299528151 0.11881443524187 0.0432836654227363 0.0992086971608565
-0.0298319613490918 0.132417477214082 0.235556302822913 -0.536247616172503
0.0838726836371657 0.0558926063836814 -0.36993673822817 -0.778853975524524
0.10679181096723 -0.0469323731100883 -0.866761862397736 -0.0558909559029175
0.053081683288849 -0.0550512879208824 -0.364065908235579 0.583301475876356
-0.0155977963600225 0.0242853864919898 0.202912459878 0.40412946911448
-0.0239183095551054 0.0452581280867842 0.220927032062827 0.0359456923863064
-0.00556825989959354 0.0222222810935896 -0.024459939419227 -0.1704748274652
0.00828114696024432 0.00282191661695625 0.0311177303231855 0.139688091173205
0.00969841225312807 -0.0273740457614889 -0.174277158566547 -0.0483670266592795
-0.0178707156642666 -0.0561352263757735 -0.138838089644717 -0.434299847344766
-0.0277344066262415 -0.0127226169850672 0.392305543013899 -0.485491646069251
-0.022902416408841 0.0589115723151876 0.800689104883388 0.113057932203677
-0.0593616671331553 -0.0028172901797172 0.325595652701499 0.785270872401322
0.0128011424774812 -0.0831119662607454 -0.218359761093589 0.546495420072401
0.0388085987792211 -0.0747896594956946 0.0900829742499527 0.00928719495287496
0.0185161839006786 -0.046882065190973 0.149995394124978 -0.626464909773158
-0.0208248104584998 -0.00879671723359251 -0.536139398323517 -0.69029245832545
-0.0372293068306349 -0.006170038669481 -0.822818701901322 0.128433772951545
-0.0694216059727575 -0.038956454247114 -0.197050438954139 0.615194538108145
-0.0499317279617654 -0.0366055413963385 0.275717623010066 0.350757508235087
0.0263279449508651 -0.00645170223608353 0.198357602035323 -0.0166619990623745
0.0350282525917064 0.00305129238353098 -0.053151017385908 -0.177191973746262
-0.000289695088055694 0.00870900002660944 0.0342175881827718 0.13704129204792
0.00246376375948525 -0.0263064025218697 -0.159486660988665 -0.0823523273195568
-0.0164047031903279 -0.0529200526574846 -0.104013782121346 -0.472309997231241
-0.0131156695403859 -0.0140476468082267 0.43165935619889 -0.444964955410731
-0.00423442158252608 0.0638138973525356 0.777034929529192 0.230990267052801
-0.0449091603334168 0.0116754090837069 0.22639632359449 0.840439393141891
0.00792762867184874 -0.0541585334845651 -0.245414852309772 0.514572087838172
0.0220299082195146 -0.0443115484160772 0.115706737066258 -0.0216181926797563
0.0147014956411075 -0.0164014462781263 0.104576943081017 -0.646210166669994
-0.00308980948851431 0.00503527900896024 -0.609109155784335 -0.612302191686141
-0.0253019085447157 -0.0111602710601563 -0.800656676048663 0.2330048345953
-0.0654687116257101 -0.0443965803925587 -0.139150351699047 0.617195534950506
-0.0470434441090365 -0.0334290017954442 0.294438759106654 0.295751045151129
0.022119812095809 -0.000686488307149628 0.205033041055553 -0.051641261840661
0.0269844008020058 0.00874142538006215 -0.0496357291705301 -0.17557650498471
-0.00742659993792465 0.0154929062363219 0.0376730513651722 0.134014474935997
-0.00575972527712989 -0.0189719091560646 -0.147588629291875 -0.105372969472679
-0.011112857063608 -0.0455440227464647 -0.0827163806850751 -0.494021581267811
0.0108209603768687 -0.0174489689073109 0.453602196653753 -0.408870965157597
0.0209209928908972 0.0687019932853355 0.753291981255738 0.312165939680945
-0.0336194946842339 0.0362771432322471 0.159394818473372 0.873858935272073
-0.0107722431214482 -0.0151033675741823 -0.259554245871987 0.495849653483887
-0.00218431711894869 -0.00547551873092547 0.133429215865646 -0.0390623809529082
0.0150427596817651 0.0196444650408636 0.0723070925303336 -0.654990456472892
0.0213873940708912 0.0146315992076937 -0.657182209853673 -0.553266447878333
-0.00518744168336955 -0.0216735739488367 -0.782755045267165 0.299007683143425
-0.054477675346177 -0.0484833861937817 -0.104355895481584 0.611939834641534
-0.044094947351334 -0.0227052056603281 0.305292342249518 0.255383013486326
0.01481410334758 0.00867294500286117 0.211206096129377 -0.0753610209803272
0.0179127547681722 0.0162355068396218 -0.0451836483538335 -0.172271182492058
-0.0155843957980225 0.0207043277279694 0.0415386926064149 0.132094989266278
-0.0127430342584273 -0.00875862014768132 -0.138336458461508 -0.11492175927636
-0.00210217066084799 -0.0355711329020348 -0.0801625232836756 -0.500710765256046
0.0378090578264983 -0.0239128957718651 0.451400624710653 -0.394928874666971
0.0504555630415273 0.07057515592731 0.738492170508414 0.337166883838411
-0.0222729745986204 0.0653016804424217 0.141354064342446 0.887418222787235
-0.0379865526841151 0.0297363957829383 -0.258176087151016 0.492732068790392
-0.0303057725390531 0.037165233071866 0.137611172834311 -0.0396289411015372
0.0177229350937173 0.0564089472499471 0.0663223291425328 -0.651107561268234
0.0503155607733401 0.0213725264384008 -0.668456039553832 -0.530811367243855
0.0199177659294881 -0.0349726133090305 -0.782304201088837 0.321110859181978
-0.0376123934103616 -0.0502063526760606 -0.0988189328331539 0.608843142125413
-0.0410894405989376 -0.00917246406007382 0.306116458918614 0.23748664605608
0.00408580567455479 0.0194396282640427 0.218151510400546 -0.0829881439445153
0.00843170701332533 0.0211620381402777 -0.0403548919861686 -0.169916805318336
-0.0216147811193808 0.026317600443398 0.0451508168469612 0.132265559912091
-0.0179502833823049 0.00537034458909587 -0.135520371482799 -0.108753505201152
0.00682040436059562 -0.0229008335403347 -0.0981821750769262 -0.494009483812354
0.0606774478319703 -0.0312089995197645 0.4215370401279 -0.407113006257408
0.0797469396844466 0.065251830119172 0.742946649725544 0.310133553868897
-0.00943731724902978 0.0929564339907247 0.174617200650187 0.883730436010897
-0.0623165635275036 0.0726738241560423 -0.243857287835982 0.509520877224924
-0.0586524536012285 0.0767870862337312 0.128275236908964 -0.0240804398274573
0.0171641474461959 0.0902484367390945 0.0845756850169762 -0.638655390280544
0.0755014031099427 0.0282077287020125 -0.645660874402232 -0.554769644641866
0.0479130233112642 -0.0466733530357169 -0.795591345750462 0.296986099087202
-0.0162173845466879 -0.0523003884205915 -0.126418577392412 0.611220395919047
-0.0376542553394258 0.00364407291506831 0.297222462605858 0.248708845847126
-0.00739205662934511 0.0295979486484492 0.223397319115652 -0.0748481173462611
-7.83757463635737E-05 0.0255204878359003 -0.0349898888541257 -0.167837439161126
-0.0254174858698723 0.0298736479271378 0.0475258643864077 0.133050311749031
-0.0217442813350414 0.0205790327421327 -0.1372631467719 -0.0865175638220209
0.0133887045313553 -0.00877990684190504 -0.131249112689554 -0.472202375081873
0.0790532159271253 -0.038634893979144 0.373312991573668 -0.438588508266728
0.105241024806299 0.0503245608927191 0.75794768110971 0.228146825343171
0.00899223154897109 0.10558127758391 0.250119655648623 0.858222348211225
-0.0728069882331167 0.107302812429951 -0.220119854774492 0.538419429218215
-0.082192425059678 0.107035458266067 0.108554745312024 0.00882278584606765
0.0076739356865587 0.11582250069541 0.124101276526265 -0.611320833598886
0.0927214114524091 0.0362218504948489 -0.588385061554044 -0.608753916206586
0.0755042075624569 -0.0538635272729782 -0.822604259781338 0.22174135354619
0.00810951339101167 -0.0538356171754626 -0.184918088212785 0.612928137591693
-0.0314154654640775 0.0152566082004396 0.278547679082983 0.283853942387933
-0.0164999233381368 0.036465225456779 0.226912427334828 -0.0506475545139734
-0.00592768532679172 0.0267833248472238 -0.0312744463149992 -0.169311881194843
-0.0258997246872693 0.0319164961226372 0.0485963622490792 0.135620050368747
-0.0235425967106805 0.0334430984422463 -0.142637874174077 -0.0519557754972289
0.0172490007888945 0.00597728048028999 -0.174141718099628 -0.435261980407767
0.087568303565709 -0.0431237582735715 0.307785781737224 -0.47881832195665
0.122985464923752 0.0284480390274301 0.770477060971749 0.10681911166895
0.0305367650656241 0.104938194219471 0.356541034107628 0.805611280784042
-0.0701998303591778 0.124331332554581 -0.183811977308489 0.577198304930061
-0.097136776452663 0.12095157087552 0.0780997115302535 0.0512074260507525
-0.00832968420340547 0.131857986297924 0.174317984366912 -0.578753268859526
0.0956727520032359 0.0466478875834417 -0.494177832925951 -0.687316582804273
0.0960655493144965 -0.0541806606300163 -0.848700107637525 0.105112495076179
0.0332888211614495 -0.0554453305828339 -0.264083071931248 0.607229522333541
-0.0235938291621922 0.0220210513455364 0.246883231813491 0.338489673951955
-0.0220508400422734 0.041222501690258 0.225649146346876 -0.0127159304795825
-0.00730876356332564 0.0253556513182956 -0.0278889041298571 -0.170420737703485
-0.0236247764102844 0.0292861092717811 0.0484973606462381 0.137319479336418
-0.0232583604371171 0.0418843704012461 -0.149712175570126 -0.0124331600132703
0.0181854233152195 0.0186727401773324 -0.213008926915865 -0.383703279631388
0.087438324797749 -0.0428262908377551 0.235016697646545 -0.513083359954888
0.128711345667359 0.00794408175124785 0.766046489862902 -0.0281483894561682
0.0459111301366231 0.0889343552741141 0.470298019155076 0.730343770383994
-0.0557665057242182 0.123365877352298 -0.129167932731997 0.61501193952823
-0.102334099846102 0.120313969214707 0.0435938937129266 0.0970191410191129
-0.0276775452537157 0.131725785248068 0.226765006156878 -0.532923377589186
0.0834715751671134 0.0535618076000894 -0.37602790471188 -0.767152150279384
0.10500164650534 -0.048338035578235 -0.858334250855178 -0.042690027532566
0.0522289811407016 -0.0555291534949393 -0.352722444780089 0.581453626940582
-0.0153520055901767 0.0239174692815196 0.208080472463818 0.397434477318174
-0.0227600518670407 0.0445300155813471 0.219438121481289 0.0326189867584278
-0.00509949702361618 0.0217047558190485 -0.0260983639351797 -0.167855823322224
0.00761749699203869 0.00313608783491378 0.0324855973106419 0.138075363229739
0.0108102543886673 -0.0275886009134021 -0.173073227869028 -0.0451792643722617
-0.017743990146498 -0.0540783227585184 -0.144486897424461 -0.426586756529985
-0.0276668615973465 -0.0121571696740637 0.379914273764857 -0.484889771280591
-0.0221607445120273 0.0578372541367224 0.793771189808673 0.102396902726981
-0.0585462644653149 -0.00285700654096198 0.331694822486211 0.774093105903348
0.0111934566903691 -0.0827931940190171 -0.210212835018543 0.540226709005315
0.0375595769346738 -0.0741792812988333 0.0888578545653332 0.00846115137923003
0.0177767474389474 -0.0466945658179801 0.141009742414308 -0.618007755312493
-0.0201359792272013 -0.00953014354279637 -0.535250862875259 -0.674158920473383
-0.0378406144271918 -0.00537779636880462 -0.81103965185049 0.136413785494358
-0.0697642507463556 -0.0377621783133005 -0.187469779572387 0.611182372832828
-0.04958523882455 -0.0356634519616292 0.277975910359064 0.343399458265886
0.0258982059016942 -0.007679739734193 0.196105073002034 -0.0181946281182659
0.0351851026225156 0.00205541008159465 -0.0538955733471487 -0.174679989045144
-0.000435527571247133 0.00853805055647463 0.0358116112422009 0.134013417235274
0.00232828465905964 -0.0254418567602654 -0.158187812868749 -0.0795106354886304
-0.0174030128856286 -0.0516264667341432 -0.10972427619167 -0.464759402095587
-0.0130979682987685 -0.0137067851655658 0.420428079709757 -0.445925123145188
-0.00307965436567287 0.0625053082557974 0.770273848597698 0.217508023474147
-0.0443910720900209 0.0123030674028967 0.234330732030609 0.826574395569771
0.00627014452913983 -0.0534731284983303 -0.23771793089512 0.513573093235036
0.0209977514799288 -0.0430391152868808 0.114137763840833 -0.022155367553931
0.0140110091698658 -0.0161805113610985 0.0965306301202969 -0.640457088859433
-0.00309861270089058 0.00521403073337837 -0.610025379239174 -0.597038529596231
-0.0253122438383934 -0.0107523607820401 -0.787851068514214 0.239610940986581
-0.0656368055234665 -0.0424396665910013 -0.128906605956186 0.612764183717875
-0.0469068149054627 -0.0318388434773096 0.29547667675186 0.288658827499361
0.0225318249138294 -0.00101433850238171 0.201352616817811 -0.053170563599813
0.027153985329362 0.00770544107723669 -0.0506181752123823 -0.17237941685482
-0.00665799173016702 0.0149130087975952 0.0378786920727925 0.131453322790842
-0.00505681074597783 -0.0187745281016623 -0.1454376029839 -0.10286059854896
-0.0111247503086496 -0.044619646605965 -0.0879234313520948 -0.487554141609215
0.00982246108136652 -0.0176276468670182 0.444639280487872 -0.409946438594846
0.0217096674282698 0.0673632122283921 0.746143038975035 0.298977073536741
-0.032960665118733 0.0361835896503272 0.169295378909254 0.861330732494426
-0.0109555839402887 -0.0149742918012603 -0.250302721107549 0.493004281664176
-0.00182555558699133 -0.00502220918399606 0.130677526015871 -0.0410951182818656
0.0141470336587277 0.0188543299196105 0.0656710122604868 -0.64789048788017
0.0215773252819467 0.0141958059045421 -0.656089072463822 -0.540012706804005
-0.00563401848103329 -0.0219323390028559 -0.770352346281994 0.306177405138078
-0.0545637749956574 -0.0468179003101615 -0.0949151201722315 0.606378585441456
-0.0434412965238611 -0.0219536564811322 0.306196722986819 0.247322544520108
0.0148548867164168 0.00851884689191471 0.208088153392508 -0.0771402894694256
0.0179781677636241 0.0154120798319088 -0.0456670991905012 -0.169935426507677
-0.014878456425541 0.020989544063431 0.042413791884275 0.129292072319285
-0.0118169351761478 -0.00801159036568849 -0.137923760010173 -0.112498875440113
-0.00292083205617776 -0.0347280132561884 -0.0862933425421467 -0.494137808162785
0.0357198779860901 -0.0230752005048505 0.440417843006234 -0.397617191930112
0.0506922184692806 0.0684411849257261 0.732022619187104 0.324700437724163
-0.0218713328610382 0.0645990163289285 0.150476701412192 0.87620192852095
-0.037653770766011 0.0298638365198652 -0.249312004332387 0.490939160059973
-0.0296951982212926 0.0374742774345959 0.135965983805769 -0.0420490531665562
0.0179063289982709 0.0551878864350101 0.0588167502671613 -0.644778954294943
0.0494827840116327 0.0205238565600224 -0.667016459349561 -0.5184153284517
0.0190773220313966 -0.0353022248249276 -0.768022527419436 0.327168592516269
-0.0383410217118579 -0.0492692855260747 -0.0892268927424094 0.602684908709064
-0.040692318210016 -0.00860085619395226 0.305735745089459 0.230429086966262
0.00446050162612297 0.0191625400785786 0.214683593379962 -0.0843820022884324
0.008064669803137 0.0209882829528718 -0.0407808436417411 -0.167844496147627
-0.0205515959335212 0.0262698907709206 0.0464618203464932 0.12917851787425
-0.0166850690794785 0.0053185176055318 -0.135087465098493 -0.106062137357817
0.00615278855120195 -0.0224850413005128 -0.103750405049999 -0.487516979915519
0.0600456233574453 -0.0310708367786262 0.411749257073923 -0.407295464101338
0.0798304022176105 0.0627865700886047 0.734892908725992 0.297120594366891
-0.00830299211979293 0.0901492233951558 0.184242586054697 0.869352806740357
-0.0613449651163454 0.0729282243423415 -0.235378002739122 0.504928229319979
-0.0566823072008547 0.0768141011934307 0.127851828228256 -0.0253686276137132
0.0168111615620846 0.0891283530399984 0.0768330937341 -0.631657773792178
0.0750443612433983 0.0266648020029125 -0.643842451353237 -0.538777283736413
0.0475629594430882 -0.046653080847621 -0.782613096724452 0.302796691552689
-0.0171660272094177 -0.0506971518615438 -0.116506158140215 0.604840297151736
-0.0363494159623034 0.0044952718898539 0.298349880860406 0.240790309320165
-0.00679545027274317 0.0285440128827762 0.220590915328814 -0.0764557904394466
-0.000573650214428598 0.0253194494362581 -0.0362049440536961 -0.166187313516459
-0.0244388042030901 0.0302429545031512 0.0482406136241552 0.130479454866137
-0.0208615399238794 0.0203744147133656 -0.1365905493468 -0.0833947496900314
0.0124477464730003 -0.00861028440728834 -0.136300711528968 -0.464907996619957
0.0769836045022502 -0.0389440167432984 0.363706534273763 -0.438921768396084
0.10552642145739 0.0485425814938423 0.749218112144369 0.215965533919694
0.00984850996104546 0.105074716134811 0.258450732567189 0.845983450472087
-0.0724225274325987 0.106249084129116 -0.212026615614242 0.535640579926641
-0.0797864108405433 0.106313714754725 0.106682792663584 0.00686422954416446
0.00827054603086551 0.115659554440377 0.115077585534857 -0.606615695351766
0.0918282601452162 0.0342439879857162 -0.589416884919105 -0.594843070595953
0.0739945943290903 -0.0537098121815788 -0.810525114307599 0.228916576562858
0.00779609533878933 -0.0537353910521367 -0.174020408223846 0.607953409004891
-0.0305933512643696 0.0153571274483323 0.2793612263138 0.277458938008481
-0.0167063959882874 0.0358289823723247 0.223175981808809 -0.0526989701558408
-0.00626388812049619 0.0258314671530176 -0.0323390718317888 -0.166572999012707
-0.0252518150531441 0.0311676996748401 0.0504337083319449 0.133229855227429
-0.0221473074563218 0.0332566290649851 -0.141571257856814 -0.0502401406447824
0.0174883338138409 0.00580620885316866 -0.177994344732457 -0.42657093067986
0.0854088383763995 -0.0428548330093116 0.297303228091448 -0.478231722663861
0.122551982516698 0.0263476089091994 0.760124978715351 0.0968902762568704
0.0314578818817656 0.103293597081716 0.363112229779303 0.792118278223094
-0.0683969390847388 0.123591755244503 -0.172377881302921 0.572242482164663
-0.0952947911571163 0.121273759808662 0.0774406714827451 0.0494282942936853
-0.00664207781729533 0.130189759816782 0.16648332447237 -0.572407530503505
0.0948385663456315 0.0457531168755119 -0.496478118970897 -0.674013667236937
0.0949870114142814 -0.0538093340055581 -0.837685647311713 0.114175516327039
0.032316915892214 -0.0560247267273605 -0.252765399845516 0.603242268140813
-0.0232025800721176 0.0221985004228235 0.24873254998386 0.331278242619476
-0.0212309505042425 0.0405399193108537 0.222091846365144 -0.0148897537146129
-0.00768878911833743 0.0244511042807902 -0.0287572637832453 -0.167874450052495
-0.0228372371475677 0.0293990708709992 0.0494886228010202 0.134840254010257
-0.0218095671786302 0.0412632887377312 -0.147736792029984 -0.0113509320382778
0.0182362186872073 0.0183094907192259 -0.216487058162623 -0.376447295707394
0.085173657272334 -0.0428803152781749 0.226353175840833 -0.508930635375018
0.127167734992794 0.00498486597437384 0.756290789782379 -0.0367313707560614
0.046645104390877 0.0865539639081167 0.473631909005379 0.716308482224653
-0.0542534663313398 0.123691645846043 -0.12048052702625 0.607582086729955
-0.0994759713822507 0.119297243672227 0.0441307236148978 0.0956950820936969
-0.0260830971641564 0.130451329521055 0.218600962243326 -0.529207057247212
0.0829925811760778 0.0523272957548717 -0.381474475638152 -0.754358248955946
0.104140040110159 -0.0485202899309255 -0.847114991231085 -0.0314793821005101
0.0500825434111139 -0.0559766503884031 -0.339217088742202 0.579452930227981
-0.0150264945653893 0.023912750306004 0.210840515381722 0.392639945104107
-0.0222381935212521 0.0431666084100695 0.217645156003146 0.0296254986846365
-0.00526560361097287 0.020820577358447 -0.0279108499256735 -0.165830175484494
0.00826464183048261 0.00289116819128774 0.0331000612249818 0.135321119117003
0.0116971613246308 -0.0274212841873036 -0.170563613135881 -0.0425444462676378
-0.0184251931253509 -0.0532029570498488 -0.146955755768831 -0.421073393692965
-0.0269347048412778 -0.0113881760535821 0.36877942533655 -0.484279014902448
-0.0198648641853826 0.0567033783108479 0.78300098402796 0.0935445717061894
-0.0575123178542384 -0.00245630932606651 0.334584810238654 0.761093566196063
0.00956066464962524 -0.081618969457778 -0.201642838772165 0.536409718236489
0.0364908561706864 -0.0734256922223785 0.0880842221407132 0.0065632364155147
0.0161531857498986 -0.0474197722235078 0.133952720503521 -0.610930341234744
-0.0198492780796782 -0.00893941227866251 -0.535361905960187 -0.660988758342419
-0.0369561372669062 -0.00519058642943233 -0.798918434883758 0.142474028782388
-0.0683439046453369 -0.0361617974606327 -0.17787803931015 0.604296703009541
-0.0493807169158863 -0.0339337611309902 0.278608299772452 0.334133777904123
0.0267400486921363 -0.00823263266155194 0.19353956570835 -0.0193283865451312
0.0338955162615846 0.00089459747296227 -0.054362086994432 -0.172165225228931
-0.000131643435843674 0.00826172029213728 0.0355072120323281 0.131718688112531
0.00364161736481824 -0.0251560045637113 -0.156980719760954 -0.0779203901708528
-0.0171652072571548 -0.0507165840696938 -0.11325467632028 -0.457571382231994
-0.0135187181089564 -0.0136744560066542 0.410458818293091 -0.44510493427788
-0.00227374880749579 0.0616859126538375 0.762271076503891 0.20808959906909
-0.0442239405947881 0.0120069773996226 0.240671181508139 0.815842106442552
0.00604883756076046 -0.0531973144444571 -0.230367370645926 0.508545396895842
0.0205328467950384 -0.0432596560115599 0.112289166616933 -0.0232598187909624
0.0132323232262919 -0.0161419517264974 0.0898183961982042 -0.63063527965811
-0.00268877583755048 0.00507274928719618 -0.606154661440365 -0.5823285979437
-0.0245370888433523 -0.0108752956944993 -0.77531467319541 0.24479271160223
-0.0653673464925922 -0.0411255314947906 -0.119680189975503 0.605710127499208
-0.0459209300423102 -0.0304106856199765 0.295407256754302 0.280560521409192
0.0230026366489455 -0.00214734461455343 0.198649978553737 -0.0546080820316998
0.0267164596170402 0.00736672316222184 -0.0510576847156116 -0.169280224205775
-0.00695755736220205 0.0148428708679531 0.0383514511855426 0.129251102447523
-0.00452222968908838 -0.0189248807308143 -0.145057956856585 -0.100126091172416
-0.0111532870115147 -0.0437122620690094 -0.0926592273229321 -0.481004823824018
0.00898752445336511 -0.0168255985433581 0.431886201352266 -0.41013771466975
0.0223129889207307 0.0650144536464253 0.73863004363791 0.287407488057329
-0.0325553204490151 0.0352349161146942 0.174554280703058 0.849001850629341
-0.0115492074073675 -0.0148460176873574 -0.243297878526188 0.48935380334059
-0.00140816357497806 -0.00502707723707699 0.128834054582927 -0.0416345151339336
0.014696006992311 0.0189920305858656 0.0595054215894776 -0.639528465779257
0.0208862211085736 0.0138599047474556 -0.651617049976121 -0.524593289979507
-0.00566408374573931 -0.021886174416245 -0.756081596859811 0.309177803744858
-0.0549572048729637 -0.0459662416549449 -0.0867451781932668 0.600261290522082
-0.0434189236732109 -0.020425494086106 0.304764468277983 0.240629766043868
0.0156696568243452 0.00768609474513752 0.205145473892357 -0.0784062698830933
0.0175401615165283 0.0139429155764303 -0.0466478860926166 -0.166999939306546
-0.0143925004791199 0.020436654449273 0.043237949661921 0.126854741574022
-0.0110428020082009 -0.0079954141787199 -0.137214074406398 -0.109013263129038
-0.00265464767742731 -0.033481085022238 -0.0912185091802555 -0.486909508954981
0.0348875922750622 -0.0233322479393216 0.429692588618179 -0.395990836788098
0.0505050965877126 0.0662839002048883 0.723113021689265 0.313924733703656
-0.0207348185324249 0.06390867604114 0.157061264932216 0.862649198443963
-0.0370760582734477 0.0287542583260719 -0.24122865268723 0.485687010468412
-0.0286544988385226 0.0376145123027846 0.133376496281364 -0.0423831697763997
0.0173584740541282 0.0547514013582117 0.0506926912305039 -0.636625146000922
0.0490972309322886 0.0192698602428098 -0.661435979424435 -0.503219069230714
0.0188149243294273 -0.0353999094906272 -0.754647630726487 0.331206142838052
-0.0385584998013164 -0.0480878365997131 -0.0821815185104527 0.597340436571971
-0.0403011006109793 -0.008358286330365 0.305039182969013 0.22369658993854
0.00502477261535777 0.0185681347991018 0.211101608561741 -0.085628157506902
0.00798485928044364 0.0197706981545506 -0.0416600941376031 -0.165070596791625
-0.0203968248906099 0.0263664609604146 0.0463915018573998 0.127589200901569
-0.0157466934135652 0.00539155905714962 -0.1342226002135 -0.103253693202515
0.00669099937144769 -0.0217883890719393 -0.106922737813689 -0.479623404081927
0.0584523862395005 -0.0312443945513708 0.401055597032733 -0.406857566976768
0.0798405809093421 0.0609057506937898 0.728933483717155 0.285266388344345
-0.00827964071326375 0.0899720732873339 0.189374093954013 0.856589745041534
-0.0601126929788932 0.0724839341299118 -0.228254306169406 0.500831649200243
-0.0555610912103872 0.07706328335879 0.125477243492214 -0.0251914239878173
0.0167928128615287 0.0873088806277588 0.0692243224246675 -0.62269826912491
0.0747801504714352 0.0249606568161214 -0.639807446190109 -0.525652495792881
0.0456577381029356 -0.0465827561412225 -0.76753819980456 0.306943367685972
-0.0173155665074765 -0.0499408202243413 -0.107869272263265 0.597969159092301
-0.0358357545230618 0.00478137890387811 0.297926026991863 0.234929109204196
-0.00546029071191534 0.0277244034077391 0.216151678812674 -0.0772907495077049
-0.000105095439068711 0.0237692710566188 -0.0373991018406138 -0.16478680358581
-0.0241320844762389 0.029898493834624 0.0490508492229759 0.127589699709106
-0.0192164267837203 0.0196933923601408 -0.135632621389082 -0.0804619447311531
0.0131671347486368 -0.00830410057971734 -0.138931637390875 -0.457975440151054
0.0752300511440332 -0.039081738127567 0.354156216340866 -0.436983125673851
0.104246636003717 0.0454217595482663 0.7410433839458 0.206245599237225
0.0103108521489377 0.102958561152251 0.264067121366273 0.833137466019095
-0.0703127964086844 0.105307939037871 -0.203653508720214 0.530286857172021
-0.0780997662975448 0.105859606980275 0.105614404950589 0.00490680403911276
0.0099424442707234 0.113169061732239 0.109132129332659 -0.598922273665891
0.0907056487575507 0.0337622456471998 -0.58454591580807 -0.582632192121562
0.0730611733875627 -0.0531880583279331 -0.797325609676606 0.234088976950116
0.00612341366857395 -0.0528693965135479 -0.164268799054553 0.602894670840377
-0.0304622454600498 0.0153479008912164 0.279311964272012 0.2707686629902
-0.0156894264185629 0.0352033860822759 0.220679898031355 -0.0534409249669147
-0.00631265240009877 0.0256888499021252 -0.0328824931384235 -0.164737101163145
-0.0240048934409929 0.0308653050728818 0.0509339002519956 0.129946226093292
-0.0206990480358021 0.0327188414501925 -0.139179109910381 -0.0484669182095801
0.0176633333966244 0.00538655105676517 -0.178672478789625 -0.419002629284782
0.0838860417311 -0.0438098467355222 0.28774172150569 -0.475240865626477
0.121052754085056 0.0241335204572147 0.750758590880969 0.0895121153158155
0.0310886102362281 0.101160313027257 0.368376156185821 0.779431581168901
-0.066212638853114 0.12313610090895 -0.163946364779955 0.565977541458403
-0.0919474324293358 0.121818459067833 0.076453063006593 0.0473063490776205
-0.00589214233094686 0.128719809468789 0.159146487325492 -0.56726139614999
0.0941014131903478 0.0438611272661304 -0.494102475264977 -0.661340043971018
0.0929725960529049 -0.0541650444855964 -0.824661236017186 0.121208945881467
0.0302395263109318 -0.0553388358242474 -0.243835885954567 0.598435361528969
-0.0225247967501571 0.0219418409063952 0.249238623238238 0.324482563265252
-0.0212840357257192 0.0400297404490061 0.220264666450947 -0.0167087313671242
-0.00718421179847011 0.0235096705686294 -0.0292981229347369 -0.164047386592504
-0.0217946939540501 0.0290677336824274 0.0493189332684753 0.132780691513448
-0.0213053628534052 0.0408372011689333 -0.145379229088908 -0.00955106878905175
0.0185169730089013 0.0182119757971377 -0.217659735881894 -0.369988453145784
0.0844835375809502 -0.0422308342505453 0.216739099885005 -0.506070279851569
0.12585025344416 0.00286486425065548 0.743992989792753 -0.0437252814188832
0.0465059006442823 0.085741257412394 0.474195335312795 0.70180294562642
-0.0528138181054835 0.121866396425862 -0.112791733655263 0.60054960157209
-0.0963166556796516 0.118992330448295 0.0443081559571296 0.0938854762975641
-0.0246844075557596 0.128762429534629 0.209188943343944 -0.524826651008858
0.082458476365497 0.0508044483407086 -0.382301131149477 -0.739531026859437
0.102041193710957 -0.0493633343816118 -0.837799114110344 -0.0222037535311876
0.0491043601008773 -0.0562995093742199 -0.3301839459863 0.576718407030715
-0.0146953209647648 0.0242523930742483 0.212048165433218 0.384307768800539
-0.0215029730336583 0.0420203271916955 0.215795764941131 0.0278260580252887
-0.00539718648594237 0.02015096422464 -0.0288177208337745 -0.164246447508342
0.00999347661216203 0.0030834966131692 0.0542751011860936 0.127027778067921
0.00625816933627982 -0.024943782874042 -0.173528017393328 -0.0168059151485459
-0.0311586009339967 -0.049001600306835 -0.208636901961106 -0.394394042589041
-0.0349164046458839 -0.0182332182543259 0.291565041114781 -0.534780637364498
-0.00585243522293254 0.0407119751903618 0.783436994609634 -0.0226337582430184
-0.0466461540239296 0.000876163905778649 0.437381254027783 0.708518448613596
0.00357602283219385 -0.0784694726425374 -0.128198156224354 0.560000239607557
0.0278611555641397 -0.0756926582850372 0.0883614514926806 -0.00521628863917296
0.00579964426949999 -0.0505289794365551 0.0451822575900799 -0.625245352216384
-0.0267568969361562 -0.00866851790558077 -0.630949569903098 -0.571829246508876
-0.0414192818546849 0.00357724270142403 -0.763902236709805 0.2643956159317
-0.0752155350314606 -0.020790332014216 -0.0812372582458311 0.619745251709459
-0.0486942717940279 -0.02445706744858 0.325132585045331 0.284616180829972
0.0286448046447124 -0.0105727647670893 0.184984341236981 -0.0484459503586992
0.0312325866230558 -0.00515524082995848 -0.0752800510539823 -0.159629836516514
0.00340492177178464 0.00968806306253643 0.0560052032354315 0.123106486202049
-0.00206010491501959 -0.0233297586912588 -0.16626703162675 -0.0521156345533588
-0.0311089893362433 -0.0473188933008983 -0.181374092480863 -0.437042683376976
-0.0210357635592466 -0.0231394355051486 0.341403071207614 -0.503225391622768
0.0147741492529623 0.0437586023478679 0.782784568945616 0.092047183293327
-0.0313914976449317 0.0143334404300734 0.353358572269914 0.776545654929645
0.00256033675808187 -0.0493517617288166 -0.1601796369542 0.538784283525107
0.0155666563739002 -0.0441185746405744 0.107713059168356 -0.037876864162402
0.00637034257129441 -0.0193420656669488 -0.00238177983571714 -0.638704644772004
-0.00874952053487706 0.0037428370850353 -0.690257926594992 -0.483530128439965
-0.0300987965687086 -0.00224364153981763 -0.723556883338507 0.360530629505758
-0.071356642418124 -0.0257245914737485 -0.0261335632712248 0.613018063463518
-0.0450864460998212 -0.0209219861429679 0.333949386534693 0.228410795862879
0.0252928922648892 -0.00512107245038923 0.184287385760726 -0.083553673537992
0.024926248680006 0.00199969148956234 -0.0720004916691449 -0.158463261836053
-0.00239235548043841 0.0165728721838022 0.0570577620355323 0.119817375766996
-0.00849471703170874 -0.0159029606873659 -0.158809349509081 -0.0768831348485407
-0.0241182933816438 -0.0424628142305975 -0.164161467305863 -0.459919400786781
0.000816762271030974 -0.0289157051196116 0.369960452171012 -0.468887252718601
0.0403458843835369 0.046041624973889 0.770188883431858 0.176383972278201
-0.0163808685377133 0.0359068500328619 0.29275383269384 0.8189760562335
-0.0093474228105566 -0.00989396046331058 -0.178907095301099 0.520231511755523
-0.001989502502844 -0.00464361003088417 0.121895648251254 -0.0587704063453244
0.0111935930907126 0.0149099325497881 -0.0346907641428385 -0.642799564586153
0.0160092844221762 0.00999640109481775 -0.726489776028888 -0.419812901136633
-0.0119087594797005 -0.014917725990365 -0.695976030816573 0.420618925292325
-0.0614048895110114 -0.031028604305238 0.00784894722604935 0.600672723753037
-0.0412573023238186 -0.0122012659064583 0.336713557539512 0.187213760185169
0.0201092345588349 0.00555039535894849 0.186588990021077 -0.107643526564824
0.0170733754765984 0.00978760217687604 -0.0677436554893234 -0.157334178881786
-0.0090006284179982 0.0226565858489046 0.0607960564979911 0.117777920732348
-0.0133429395817357 -0.00536787343906156 -0.15271634758742 -0.0868500646792372
-0.0148584919961184 -0.0346836942933197 -0.161121331389366 -0.467628820909401
0.024765413080351 -0.0385754227951602 0.369104882879834 -0.453203373516867
0.0680745394306699 0.0434607938053932 0.763719481575915 0.205562625733148
-0.00232760351610637 0.0625475153818297 0.278204635265057 0.839538948686875
-0.027797250612453 0.0362106337997537 -0.180549001848261 0.518992231046615
-0.0239468559012097 0.0385893132608953 0.125342588328378 -0.0599117113552881
0.0188552657834481 0.049506448675917 -0.0425551262774263 -0.639609021171852
0.0445848261931235 0.0128905016053835 -0.732457453137524 -0.396256515224052
0.0103469987168732 -0.0294962851035802 -0.692368178276878 0.442710246839119
-0.0456522947910807 -0.0347601604897206 0.0120110872514035 0.59718497799782
-0.036864981361321 -0.000802846221558672 0.333912360622127 0.172242885199003
0.0104415000830407 0.0165412178696122 0.191719413260794 -0.116177360477925
0.00829921074661333 0.0160039107654724 -0.0629788695565054 -0.156677340268671
-0.0144431462673173 0.0281167162399874 0.0640057296624046 0.116846122775493
-0.0178024939610078 0.0083509163605181 -0.149704444891632 -0.0804005980768994
-0.0048636585998539 -0.0233800774655525 -0.177592227163097 -0.454950802267607
0.0453501229777621 -0.0490770801626526 0.342518475220869 -0.461354568628683
0.0940434821960553 0.0349605743494087 0.76563838692723 0.176412088528346
0.014039322359774 0.0859758295637069 0.307788757843484 0.827842950415425
-0.0440636912832306 0.0796278289544857 -0.165747298426973 0.53229981657397
-0.0454624480897611 0.0798313856657658 0.118413069525402 -0.0427618528191918
0.0233181079828687 0.0820173957913313 -0.0238573931367339 -0.630319410240495
0.0700958293694755 0.0148237086519124 -0.716222440051091 -0.418810960818359
0.0358747573406406 -0.0439620034771906 -0.710018331604516 0.422342225747269
-0.0254286224831282 -0.0403581457037322 -0.017206009162054 0.603839451159334
-0.0316695260459557 0.0109413153879457 0.327980124613268 0.183097942930562
0.00110864762555677 0.026902620865138 0.198601287163018 -0.109004729034813
0.00109936776199844 0.0212193319357009 -0.0576981129028686 -0.155365184306131
-0.0171333920552168 0.032141804015997 0.0666421784231134 0.117580686546229
-0.0174800612326528 0.0218794414227337 -0.147900451808472 -0.0588656548729803
0.00360868277138551 -0.00984232236205543 -0.206526696672187 -0.427219420800064
0.0588534684307237 -0.0576199904329132 0.290752571524052 -0.482999933876737
0.114663741845421 0.0167041458618174 0.767620245808029 0.0951460411779779
0.0337576143491631 0.0960571459890839 0.380254052012123 0.792581674152923
-0.0503440701057448 0.114376782622131 -0.138579013969931 0.560174681577058
-0.0634449730878032 0.111754531831765 0.10286816058034 -0.0092143000354176
0.0187757426156483 0.108494859702215 0.0198775193618676 -0.612995047233015
0.08762924987198 0.0199830318577826 -0.671561567398725 -0.482949724128658
0.0607282583216677 -0.0537661917250918 -0.749546606091196 0.354265483560144
-0.00279891983865024 -0.0458929634956491 -0.0715208689180716 0.616806129097031
-0.0259844078105848 0.0211091255133816 0.315498527348292 0.22134554268453
-0.00747530440433303 0.0352166826892196 0.205974239507305 -0.0870397608296435
-0.00451977842535661 0.0233443371991277 -0.0542477545204272 -0.156656170803771
-0.0176368682128152 0.0337808791249921 0.067395269805617 0.119862519382476
-0.0170458359670277 0.0348452254179638 -0.147037033595958 -0.0251060781019166
0.00959072200220773 0.00332845899793694 -0.239176541638535 -0.383135151371486
0.0657126387634167 -0.0619498758941099 0.221473632062079 -0.512001581648377
0.125178193704403 -0.0074633201743972 0.761311632292428 -0.0230227152210487
0.052706987866832 0.0902283888714751 0.477413568147285 0.725146248217138
-0.0435129181854277 0.130352182320502 -0.0948868636065631 0.59132542228716
-0.0757520844922873 0.128146473057592 0.0801990623562653 0.0369105939725158
0.00551784448263106 0.124467204073431 0.0757863238738442 -0.587059827759102
0.0920996981144791 0.0287431390111691 -0.593809142192361 -0.574912107329341
0.0794726808406567 -0.0573084228609419 -0.794751996269055 0.246762568422738
0.0191355965144772 -0.0504643295689826 -0.149001324392022 0.625077279014272
-0.0180161235939565 0.0271584942620977 0.295434598186478 0.279447618127809
-0.0116590487343953 0.0416339694784777 0.211462493415466 -0.0516334456703004
-0.00601236160171458 0.0222006419083622 -0.0504891767649567 -0.156794342950317
-0.0150697849173056 0.0322345016543999 0.0677989775381469 0.122467791014119
-0.0156668895751388 0.0435844223754623 -0.146169949849685 0.0148766369326047
0.012028654139902 0.0159762687595192 -0.268568910267459 -0.327676228504184
0.0645081328800575 -0.0598867921928814 0.146476312663757 -0.53074481812984
0.124471591100619 -0.0295289333410072 0.735787839806657 -0.1534898387469
0.0645446251320376 0.0718291490476911 0.574056865098333 0.633382860257211
-0.0305620036742712 0.126896825676995 -0.0377464806219264 0.620628505430662
-0.0806067771503921 0.127396175210152 0.0548511695733135 0.0857110312162171
-0.0133219974987864 0.126110386219923 0.132178033070586 -0.552713644374933
0.0812908301286971 0.0369247575652172 -0.496795248671988 -0.672085313324485
0.0878187397534968 -0.0540464898294658 -0.828843140294924 0.107023899360682
0.0356484577566834 -0.0539219933103402 -0.236875433621515 0.617242809818633
-0.0105135407920965 0.0289558355689536 0.268186783870692 0.343294703005584
-0.0123993456031378 0.0441353848699546 0.213401660017796 -0.0075579118970107
-0.00366483394417976 0.0181869687474245 -0.0494776417115709 -0.156017774725089
0.0100038271299049 0.00336118512749546 0.0537095915397986 0.124733703792926
0.00688644972729749 -0.0242470896821692 -0.171174491200749 -0.0152373994052901
-0.0310250525582517 -0.0474390419706601 -0.208523056477855 -0.388091799420866
-0.0355010827887024 -0.0181493376561828 0.283875097491292 -0.530265458504101
-0.00526512834977389 0.0396535759177591 0.771105598523503 -0.0256779712224726
-0.046615323380814 0.000336226344579069 0.434316641666638 0.697408230626946
0.00290614131125808 -0.0768955162917307 -0.123957118727652 0.553339627140552
0.027035837664124 -0.0744132533284087 0.0869636313380205 -0.00606829699232773
0.00445136486120906 -0.0497723480733446 0.0422019701223816 -0.614761590912106
-0.026592607920377 -0.00858517704355003 -0.624401743112212 -0.562033448991213
-0.0417901165402112 0.00339115129861797 -0.751713395885079 0.264020067046056
-0.0740302336113492 -0.0198229894176523 -0.0772352087480616 0.611422927898518
-0.0478221736221853 -0.024407473167775 0.322266267230299 0.277271358023662
0.0275056318182221 -0.0111770825111151 0.182866458659319 -0.0483851249464606
0.0308776340901841 -0.00508426430876571 -0.0737239822263327 -0.157799258740082
0.00382558157935216 0.00897450969391 0.0549416467329656 0.119848138460717
-0.000879586309074071 -0.0230582242915488 -0.164250960893169 -0.0511270353514997
-0.0302819725223587 -0.0459610240196272 -0.179687607577643 -0.430074988657102
-0.0204074568254239 -0.0226245687877387 0.331267260282854 -0.498293261055798
0.0156376340264184 0.042556286048022 0.771429648543582 0.0882648473661202
-0.0309370900249935 0.0135533244597488 0.353070385845992 0.765276953267005
0.00190786845423805 -0.049675772322073 -0.157159113245931 0.531287297931043
0.015097732645719 -0.0437151748577686 0.106333550341368 -0.0387012295981921
0.00533123704515009 -0.0191357740018431 -0.00398146156705794 -0.630534722010406
-0.00890369068281817 0.00344326935051786 -0.681486826418735 -0.47475428083858
-0.0295865559399673 -0.00246535103067208 -0.710903493872763 0.359133944246851
-0.0706722409131568 -0.0254904542525351 -0.0211886510887795 0.604014958404972
-0.0440562088419296 -0.0202474434608751 0.33110056498695 0.222796759367474
0.0253736882492187 -0.00540536632341757 0.182202349090408 -0.0832110589450232
0.0241080606945986 0.00129979878452119 -0.0714673522545703 -0.155350756341593
-0.00247602977596595 0.0155650849492347 0.0562517673321775 0.117230136995227
-0.00799879867356638 -0.0159982425303069 -0.157245443690417 -0.0744743437003532
-0.0243573952887386 -0.0413159575379114 -0.164993376098075 -0.454453113985404
0.000948627846219789 -0.029239568916742 0.3600262712705 -0.466080516446167
0.0405438628573021 0.0444897256907538 0.760191023426187 0.171593787757816
-0.0159892897812193 0.0349854056673391 0.291436181948355 0.807194041753028
-0.00955314874368024 -0.0094847599483564 -0.172434564354884 0.514767978439244
-0.0023690839285471 -0.00516114473981929 0.118863593423019 -0.0581479271133084
0.0101936809022241 0.0144098657501625 -0.03641778975685 -0.631926463646596
0.0156105486321111 0.00991038494363312 -0.717846802318117 -0.411688823635554
-0.0120869616352603 -0.0151414890625877 -0.685425762427947 0.421058743487805
-0.060781636121065 -0.0301785936492481 0.0110792864896207 0.593358333176265
-0.0402768061971716 -0.0119709725307675 0.333702437506454 0.182200684243476
0.0195512998133998 0.00436412699899899 0.183539577617734 -0.106466776853359
0.0164272629970768 0.00873903669833491 -0.0661541711134923 -0.153914172740245
-0.00900783478333842 0.0221573988099594 0.0602901684825229 0.115807522502551
-0.0127641590572612 -0.00549505745438336 -0.150964155802378 -0.0851962253013294
-0.0142693231952738 -0.0328452583982268 -0.163272768906692 -0.458983911963707
0.0236736808915861 -0.0378747269073042 0.361952935023277 -0.449874893780063
0.0678321127776152 0.0424192324380138 0.75454626986732 0.198597425889686
-0.00139174750906983 0.0615841285309115 0.278394718029178 0.825239699153266
-0.0275416762893926 0.0356283342993453 -0.17482994580327 0.512823210047268
-0.0232123745030932 0.0390509311694017 0.122585773268075 -0.0599804064694961
0.0183214515277188 0.0488139295564148 -0.0448385496206358 -0.631362120699252
0.0437978754904822 0.0119769387436555 -0.722900692697713 -0.388682032877641
0.0105936896441891 -0.0293329724322366 -0.680246801539009 0.440405362000813
-0.0453517273662859 -0.0352607744792194 0.0137696079626944 0.590500176865185
-0.0361240707881086 -9.38520860696776E-05 0.331177582239972 0.166311506146947
0.0114731327459647 0.0153679673057623 0.188209619082847 -0.115257571578432
0.00805218874755351 0.0157811770574148 -0.0624306693158394 -0.153038084882879
-0.0142367616543692 0.0278588781303238 0.0636280439781053 0.113872715572119
-0.0167125369540132 0.00729808898838862 -0.147856362831614 -0.0796530390262063
-0.00477200448229416 -0.0224160367690744 -0.177514869116474 -0.448574942015115
0.0451035809826097 -0.047987684355716 0.33397454867796 -0.455772395561484
0.0930029749831842 0.0334177748075314 0.75416919192736 0.171224409916794
0.0140631527478139 0.084547230150335 0.30904869098786 0.815864851268411
-0.0440989510026222 0.0790238028402408 -0.161793028697143 0.526517559202921
-0.0439517764282599 0.0788158183131564 0.116997506503971 -0.0437902726311137
0.0223587848656325 0.0804002198590571 -0.0256225402843101 -0.621532854804907
0.0684742498497304 0.0133498225527932 -0.708075136092684 -0.410603635840464
0.0349456958803512 -0.0436725803312398 -0.697775426634362 0.420296646219054
-0.0245907808644522 -0.0389302789532805 -0.0102741864236549 0.59629170727486
-0.0312428385840289 0.0109245335765625 0.324965595633618 0.178597149374612
0.00126271047057731 0.0260237602935354 0.195164147222196 -0.108240444899109
0.000526416504045887 0.0204539113324767 -0.0578008792590083 -0.153268469301472
-0.0164209646801584 0.0313183137613111 0.0654511024436153 0.115603141813661
-0.0173956082814494 0.0213728688472476 -0.145729323647009 -0.0575698090165489
0.00437788357554518 -0.00991935439247721 -0.204243179833409 -0.42166275087779
0.058375471615495 -0.0573983600952461 0.284314623652614 -0.477975912278434
0.113658060457453 0.015079769981265 0.756131892253937 0.0910637805714483
0.033535715726726 0.0951042406495022 0.37784794954215 0.779454499519811
-0.0490505898873917 0.113346117673445 -0.13378208021193 0.552146091120988
-0.0618829587663079 0.109751707747288 0.100647290341637 -0.00907482420213541
0.0186421706498394 0.105352236604268 0.0161418464773989 -0.603562777472411
0.0866510699823649 0.0189434198945261 -0.662397781687099 -0.475151083202607
0.0593253102839438 -0.0533119874380702 -0.736025134425984 0.354153835946026
-0.00401670913061112 -0.0450726878916423 -0.065720403625287 0.609355584299795
-0.0249818374202981 0.020752254181978 0.312431635070036 0.216422783656089
-0.00733643081460715 0.0348129322409357 0.202414921625595 -0.0869495840909775
-0.00439409852573118 0.0223524459694216 -0.0528666310242604 -0.153081531550691
-0.0174628229373118 0.0332613215755054 0.0680015315511593 0.117699051151759
-0.016906547511821 0.0339448810218593 -0.144150102030936 -0.0236590614696207
0.009281001798756 0.00361054127669102 -0.237384587119552 -0.376547742218342
0.0638236267906214 -0.0615109090628359 0.215970999305331 -0.504866134641528
0.12362784909543 -0.00831443278026029 0.748352181110562 -0.0268132689278681
0.0522722093239811 0.0885551431148936 0.473767915608422 0.713194213303833
-0.0425725176432194 0.127862432419241 -0.0912612547333975 0.58336035947354
-0.073627486833445 0.126060889945961 0.0785237720564141 0.0348078154032905
0.00532067302266556 0.12236062559181 0.0710283332907435 -0.577768646631633
0.0897217130529267 0.0282026840599673 -0.588122972179211 -0.564307713986618
0.0773985337039062 -0.0571935184359379 -0.779856189615787 0.24666206564971
0.0185469597939575 -0.049574667030817 -0.143390826445243 0.61518426214539
-0.0174164875202863 0.027472188313445 0.292799245775043 0.272819901966445
-0.0122371382994034 0.0407579802877479 0.208854036861161 -0.0515098329451557
-0.00646344502162816 0.0211503851354474 -0.0509251987388792 -0.154228078005127
-0.0149123251539577 0.031502424238674 0.0680227708968513 0.119891249104507
-0.0152032956084249 0.0419212180812526 -0.143123478725471 0.0151400797132867
0.0126409529736979 0.0163384050300881 -0.267330756860723 -0.322597855258733
0.0624326491435255 -0.0582208442142056 0.142077486165147 -0.525463369335255
0.123114992899836 -0.0294402902275683 0.722589636617331 -0.154014702465876
0.0634786326970465 0.0704802697569775 0.568196988223148 0.622694235556038
-0.0295156090747878 0.125958033508634 -0.035798991423816 0.611108967612022
-0.0787199579115955 0.125718478040594 0.0541581519018358 0.083737641544589
-0.012045074211169 0.124674787568091 0.127820322491968 -0.544977303104784
0.0800209971418703 0.0352786589442994 -0.490510303606009 -0.659218648142668
0.0863982748471469 -0.0532304198247285 -0.815910919568208 0.109884236030898
0.0353471602555005 -0.0541775469962834 -0.229826936111615 0.608400020161239
-0.0100535020337882 0.0287468617776373 0.267038057049485 0.336093956607232
-0.0117020408770757 0.0420999073176529 0.210896054365978 -0.00770876217019612
-0.00439535536422645 0.0175456402676296 -0.0494654132081203 -0.153073127599163
0.00987329584068085 0.00210446922051597 0.0531109654829156 0.122963746404723
0.00744347094482737 -0.0244020015351572 -0.168771461347344 -0.0140903495378526
-0.0307303041981521 -0.0470546881183101 -0.206210928170253 -0.382505385987945
-0.0345550725220069 -0.0175931059842925 0.278662173961029 -0.523272304211921
-0.00443541264556346 0.0379969117495042 0.75986609113425 -0.0269390532907371
-0.0463767185589629 0.000594840644601614 0.432104795711211 0.688215643181027
0.00246165203291538 -0.0759709796485086 -0.121113349870838 0.546019733266638
0.0274215067126449 -0.073222863444999 0.0852449049266896 -0.00599026379930605
0.0042188171180575 -0.0492836171450791 0.0412917600365514 -0.606549843823133
-0.0260558348302684 -0.00925286238467874 -0.617158106006696 -0.553186846111784
-0.0408368272052627 0.0035240541301329 -0.740104095316087 0.261344937739355
-0.0731870593826034 -0.0187211551873886 -0.0745196604993889 0.603264321088013
-0.0471884527204419 -0.0231707496970193 0.32016764845685 0.274378604537878
0.0278090480543944 -0.0114521429645292 0.180317421648428 -0.0478865826980479
0.0306823706865763 -0.00539646401119417 -0.0732363352088935 -0.154824433523477
0.00328527043210291 0.00871828010443035 0.0544716716258828 0.118219530872174
-0.000498691656468534 -0.0227946660422457 -0.161567464617316 -0.0502059341496917
-0.0296979877148164 -0.045733569709122 -0.179578030604458 -0.423408617306313
-0.0208496175764673 -0.0222579297384835 0.32571654683639 -0.493460383652799
0.0148273591707874 0.0417865165097132 0.759546920679726 0.0847788978587488
-0.0304622650527675 0.0136156918821851 0.349041253147006 0.753671564667495
0.00156788529858832 -0.0482009448987024 -0.152145051762692 0.524486370083547
0.0153026418876304 -0.0432768150395094 0.104990753466838 -0.0377073756193907
0.00479433337841392 -0.0185048508644229 -0.00381973599323798 -0.620426975932136
-0.00860022929705437 0.00358430796126711 -0.671709804239039 -0.46744011597179
-0.0289045093397568 -0.00200120324943428 -0.701382935070289 0.355992122919574
-0.0693322178697226 -0.0252218741171639 -0.0182221523199601 0.596577537859847
-0.0444982585289552 -0.0201112433184556 0.326624361765481 0.219200953431889
0.0253722195790709 -0.00485734327902755 0.178814813266975 -0.0817153768317454
0.023090801813326 0.000991908175540569 -0.0701777153665917 -0.153635825421301
-0.00270036416982406 0.0149358154995608 0.0553704941655764 0.115786881012261
-0.00683139510926619 -0.0169233116934433 -0.154451172209459 -0.0738945566992669
-0.0234381510670653 -0.0402347489526882 -0.161949402537731 -0.446036989782797
0.000304319998101987 -0.0288076173435028 0.354410802940464 -0.460487667317172
0.0398831728800952 0.0425468861916587 0.749616345323819 0.167318055515264
-0.015497579251547 0.0350664462695686 0.289088532221371 0.79732208904665
-0.00961225328346819 -0.00922644823643036 -0.170074277448852 0.507363189285465
-0.00246029715323807 -0.00424880243244905 0.117097328761853 -0.0574858662840388
0.0109033456699122 0.0137511206181168 -0.0352379885931446 -0.62311311537459
0.0154388404508965 0.00935455301812006 -0.708628754173629 -0.40425004996745
-0.0114130718784383 -0.0142965068233719 -0.672867690040528 0.417117972980762
-0.0596843516891678 -0.0300595057454147 0.0126525642975545 0.585981471802963
-0.0395292100152014 -0.0119444507912902 0.329761540912919 0.178166221864265
0.019370572748298 0.00365145997171376 0.180740450053659 -0.105383839311472
0.016254262078116 0.00785858674826488 -0.0656377088581695 -0.15232404622198
-0.00875290839628336 0.02192397587764 0.0588860962422825 0.112994423120543
-0.0125403864737282 -0.00623799584800459 -0.149017497670468 -0.0839812530767766
-0.0136306945936758 -0.0328306226417038 -0.162703455892912 -0.452427152128728
0.0240154351080166 -0.0378448507102145 0.354642739711339 -0.444608038186571
0.0670799245683592 0.0411993117015926 0.742862262625068 0.195314424215494
-0.00145868077941941 0.0604833254251591 0.27542293160392 0.813794070609631
-0.0265706147902904 0.0355552491891066 -0.172742792079239 0.505648161544384
-0.0218081275765146 0.0380386524517414 0.121675814412088 -0.0595957575683086
0.017660217956517 0.0481064965077195 -0.0441873190716821 -0.620314647295157
0.0430733518316127 0.0114446988466248 -0.713933380788723 -0.382423686771169
0.00956343145884245 -0.0291582481610681 -0.668896415026599 0.437718830434746
-0.0450774580130719 -0.0342138102580845 0.0150537556650035 0.583063019826448
-0.034988416751952 0.000364238626565231 0.327471715195374 0.162809791775489
0.0105531274640309 0.0148056173035606 0.18664884676626 -0.114625363967016
0.00822148688921671 0.0147213693242041 -0.0606871458660158 -0.151412876015497
-0.0132523689559698 0.0272387677145204 0.0630889858948148 0.112619816192053
-0.0159618049692384 0.00688428030916807 -0.146026018466829 -0.0786016520296186
-0.00443183452407971 -0.0216878823976984 -0.176567295527212 -0.441682088960833
0.0436238598842538 -0.0473558129989427 0.32753574624158 -0.451895976510216
0.0925714587780032 0.0318455411110003 0.743706686705078 0.167899471579758
0.0145519855045611 0.0829785952514212 0.306209743434319 0.806136864177141
-0.0433370222581275 0.0782405838411182 -0.158378425173562 0.520280856957671
-0.0435245235182302 0.0780101371383001 0.115204480022891 -0.0436148294428827
0.0225334415214794 0.079701352967375 -0.0244715907714539 -0.6107824430124
0.0681587043214524 0.0136479709853908 -0.697015870428855 -0.405212868962082
0.0340666941742993 -0.0435858048637968 -0.686826824386529 0.415089779216324
-0.0254161244377168 -0.0389372527465962 -0.00976497737816683 0.588102931547216
-0.0309449833676497 0.0117331962456213 0.321547759584107 0.174810162356292
0.00120165575676584 0.0251280292670869 0.193253641744692 -0.106417869652025
0.000645663636470685 0.0199409210935577 -0.055616200822681 -0.151441559886474
-0.0163108892932119 0.0306363989938627 0.0651688288112195 0.113861806380166
-0.0166372109800208 0.0209616617567581 -0.142751939593635 -0.0566963618962517
0.004507823293929 -0.00923094246704786 -0.203336161902495 -0.415347051077164
0.0569966022871378 -0.0557957880831315 0.28001289159573 -0.473636299992498
0.111245700800774 0.0148308741228378 0.745807486805834 0.08880058934311
0.0329022849452983 0.0923475265855012 0.37453534747231 0.769024619675741
-0.0491182305669741 0.111213156686131 -0.131584527644564 0.544903965917465
-0.0604210441212877 0.108940405581611 0.10041700814807 -0.0100253308023059
0.0177301782126318 0.10564675350858 0.0171601209405385 -0.594387614482008
0.0838150711926171 0.018956434363218 -0.652982869473825 -0.467011956700369
0.0588819401355467 -0.0528294720340309 -0.725176666887798 0.351281619092175
-0.00436341429114817 -0.0442998759860832 -0.0614364501467262 0.600939862440727
-0.024326634616553 0.0212060287830195 0.309694422205838 0.213310002488832
-0.00706639101422873 0.0329522328050804 0.200109699234613 -0.0849141001968823
-0.00470093189112408 0.0222768513900586 -0.0526102525763002 -0.152210802694078
-0.0169998677912647 0.0330143072567786 0.0670523425620024 0.115344438787355
-0.0166940242850747 0.0327661663398149 -0.142874022507338 -0.0235268393277258
0.0102575000632543 0.00375866195303195 -0.234600583153084 -0.372180766803998
0.0628441545211531 -0.0597861788367474 0.210479851630079 -0.499354777844107
0.122307880504947 -0.00890831709310252 0.737464993201186 -0.027937323090562
0.0511919841031059 0.087227513921575 0.470109664385936 0.70423816786112
-0.0415523260820912 0.127036639249295 -0.0888688573523821 0.574887075121519
-0.072521321217454 0.125157660455601 0.0775728381093224 0.034188475349711
0.00586699736039298 0.120646830842689 0.0700726701268091 -0.570554832155582
0.0883585144755576 0.0271703528877347 -0.580673791630135 -0.555817090390526
0.076647338799166 -0.0557603857020267 -0.768641730188736 0.244953648768008
0.0176998946268819 -0.0490235745423476 -0.139285951189111 0.608881924152976
-0.0170506220150654 0.0266223310114443 0.289572754866963 0.268374246102168
-0.0121780545696118 0.0382666441865955 0.205666084574053 -0.0506901943041616
-0.00643473505106052 0.0211605760066065 -0.0503532683138491 -0.152631087326313
-0.014759812757906 0.030648213185491 0.0667578640938714 0.117796722268197
-0.0142769135750663 0.040465117912081 -0.141136621240641 0.0147693908796825
0.0120576686093717 0.0159584359108299 -0.264111585283611 -0.316806871269427
0.0621133354442573 -0.0584235998730831 0.137756967439165 -0.518458705930896
0.120829062766443 -0.0309384424667738 0.713242157639924 -0.154325645106929
0.0627536214238388 0.0690164112721307 0.563934560094646 0.613080771232134
-0.0294201357916579 0.123698711231246 -0.0341715513436006 0.602766241481827
-0.0776858914829704 0.124488039382841 0.052851952029289 0.0830445915194484
-0.0124285535273888 0.123245065951947 0.125456668746046 -0.537260542211145
0.0789402352475667 0.0353070228492984 -0.484138578431407 -0.65038993564508
0.0848381946310252 -0.0529148933469444 -0.804996952553194 0.109448415753684
0.0338191617903467 -0.053644970447486 -0.225498348355 0.602376274284052
-0.0104543507923694 0.028315492020071 0.264857000661214 0.331824561602738
-0.0121870114684249 0.0404274475036637 0.208188884579159 -0.00743990341347762
-0.00386753154372992 0.0171240695756012 -0.0483569697117923 -0.151741263065516
0.00938565329790408 0.0024521822938525 0.0522658864992651 0.120502121266109
0.00766695476534316 -0.0248018607494406 -0.16584326594579 -0.0146899267486307
-0.0299706354696773 -0.0455962914837769 -0.204258151438459 -0.378531354934164
-0.0344491007247831 -0.0175993661498017 0.273385138021534 -0.517548083019598
-0.00464444516044338 0.0375226343781888 0.74944424005932 -0.0258134551986888
-0.0456263909461674 0.000944140375324793 0.42659486313196 0.680658802427406
0.00260686976552366 -0.0756282361292838 -0.120612340427039 0.53963095003216
0.0270407286725131 -0.072128412944554 0.0838344148844417 -0.00543984505258801
0.00471327174697235 -0.0481843336957366 0.0425187490880768 -0.59941332936546
-0.0258611637098619 -0.00839753768039226 -0.606741383478387 -0.548320058131854
-0.0402145976202605 0.00356696636999708 -0.729844038911625 0.257814288201994
-0.0726950681867553 -0.0195468824759639 -0.074494019008274 0.595986522192866
-0.0458630253027323 -0.02225763443338 0.315756770268881 0.269508053957671
0.0280186884557443 -0.0115330057780969 0.178825168098897 -0.0478216621178681
0.0295592572283088 -0.00608276462827807 -0.0726282266136195 -0.152691080883694
0.00332155027973297 0.00879001099050317 0.0537347775907943 0.11658151702461
0.000248504320210485 -0.0230182797840189 -0.15867220399848 -0.0491974897175555
-0.0290197505892497 -0.0445666507363195 -0.177722555057909 -0.41789757819173
-0.0210041212176658 -0.021422486826793 0.320189044451111 -0.487307716067126
0.0148110569511043 0.040440774714433 0.748327955851618 0.0846067756645477
-0.0302010894858425 0.0125513684609018 0.34376941944048 0.745720698254847
0.00143885511249451 -0.0471997592816786 -0.152188192636779 0.518611974961022
0.0152906832576788 -0.042160581688628 0.10339574037848 -0.0375665151547341
0.00499504403757728 -0.0189206638343747 -0.00305649356404311 -0.612814145032279
-0.00863162131323864 0.00346913065172235 -0.663425494154376 -0.462642087414863
-0.0283349152213501 -0.00260130688639652 -0.692874278884482 0.349442767496163
-0.068283098607499 -0.0246479447347102 -0.0186024199189747 0.588341835723503
-0.0434160695183113 -0.0198521958161741 0.32442304182104 0.216153864173859
0.0251638375556087 -0.00590305416769792 0.177144723723743 -0.0801737229817277
0.0229447843188762 0.000464960165836826 -0.0688361168026038 -0.151665314117732
-0.00297024254526236 0.0143680929225366 0.055531550980247 0.114029935055992
-0.00643312726537115 -0.0174267676450706 -0.151420044725582 -0.0729106064535232
-0.0225255002107694 -0.039812067493153 -0.161990502975692 -0.442157891939279
-0.000378406089583942 -0.0278449070302499 0.348132542000352 -0.455150682442306
0.0402782391610112 0.0419833233845015 0.739048752809307 0.165218447470309
-0.0157707862265941 0.0341121964178309 0.286086914098465 0.788377328384797
-0.00968759299781255 -0.0092478903797356 -0.169022482175354 0.501346720580069
-0.00162873395399706 -0.00412330091408106 0.115317089648636 -0.056879683073818
0.00982767054776136 0.0147303305634391 -0.0333370587851089 -0.614739440864366
0.015268738084859 0.00861584976307039 -0.699844361418205 -0.400584071228748
-0.0111807922814127 -0.0146310401588383 -0.665960606963504 0.409515374769649
-0.0588659113302922 -0.0291877402465088 0.0131485952647742 0.578873853455796
-0.0388264561669082 -0.0117779666782166 0.326254666959556 0.175742392264783
0.0194899381631317 0.00297843132881287 0.178869809027421 -0.10352366721393
0.0151242923611589 0.00841800374512516 -0.0640487304565313 -0.150269452112044
-0.00912824685144084 0.0208490857921681 0.0582542839082692 0.110695406365268
-0.0119928635771854 -0.00671283578532838 -0.146805190007539 -0.083336492266778
-0.0137135593334507 -0.0316114762284713 -0.16096778367115 -0.446988442915667
0.022949462585856 -0.0365381069561743 0.348595265434788 -0.439102430048462
0.0665083686233951 0.0403472968860655 0.732473563417133 0.192956827176218
-0.00236580440785449 0.0596802221844636 0.272266040220192 0.804105140247461
-0.0276427392549033 0.0355001996464537 -0.168638846178012 0.499098903733958
-0.0223024414700687 0.0378941661566264 0.120073418693576 -0.0593082331375979
0.0176452945303834 0.0480137505381254 -0.040038589326572 -0.612663528426044
0.041725604714239 0.0107942004658139 -0.705452640367109 -0.378200221983523
0.00989947292688035 -0.0287363270711339 -0.659212057265681 0.430609150726944
-0.0446204045771549 -0.0344599162143846 0.016296095418753 0.576238518372343
-0.0348108817366259 -1.47384023224794E-05 0.323462598022781 0.161007594706575
0.0108964106873458 0.0136897671237168 0.183751917067403 -0.111802605023645
0.00769443967498548 0.0146127775183506 -0.0599462249451135 -0.149905107406312
-0.0131582054930229 0.0270600287266117 0.0614642400429898 0.110752445289233
-0.0153098399097901 0.00577444012615969 -0.143972270602194 -0.0774129368968048
-0.00302421181969866 -0.0217837481599559 -0.173894237045298 -0.435673974808124
0.0427629653754914 -0.0459388059103968 0.323455063246809 -0.445430347970261
0.0911667314298084 0.0304472087825923 0.732960946559315 0.165567654486818
0.0140132417951884 0.0822924208256878 0.300849345036904 0.795698750338001
-0.0425881148677668 0.0778557507655629 -0.157533281613687 0.513092798746304
-0.0423995125929754 0.0776193560444493 0.114505644021477 -0.0426820777016372
0.0216900335872476 0.0780858769329211 -0.0237635303402875 -0.602422360871358
0.0662050743621317 0.0134781441824242 -0.688900159436258 -0.401732990685482
0.0340540466917085 -0.0430089533575877 -0.678046260799119 0.40991190887669
-0.0259229279471533 -0.0389312795754791 -0.008971655372905 0.581672024040557
-0.0303514132539655 0.0117627354391338 0.317422471119232 0.172292457248655
0.00159181317986006 0.0240236332681398 0.190619262801649 -0.105032857057228
0.000162021934143837 0.0195952462835805 -0.054812294307979 -0.149505786482379
-0.0164583366660668 0.0308546040713378 0.063347308705557 0.11203810832929
-0.0170456836548809 0.0197726617675075 -0.141437923910954 -0.0560624546104621
0.0043077437005079 -0.00985467134120747 -0.201894902532077 -0.408295018857187
0.055658848708237 -0.0545281925517661 0.273430463394409 -0.467015434002516
0.110203566742149 0.0135300136279067 0.735563508483569 0.087612323378232
0.0317286053409418 0.0919046138738238 0.372262252254534 0.760935846751998
-0.0482503677111093 0.109388249864235 -0.130623347639812 0.537336417965671
-0.0599454831060219 0.107253880855414 0.0992227556735875 -0.010451482475142
0.0178700188124951 0.103571463220711 0.016925550407753 -0.586925338191958
0.0834346684195733 0.0183947347911732 -0.644526170454584 -0.460749677766826
0.0577092978749834 -0.0524839012252669 -0.714082720081883 0.344510478337625
-0.00417536376965101 -0.0436306122930849 -0.0614122188046656 0.59269322618583
-0.0243513448955597 0.0207207881203759 0.305715368418799 0.209985613139084
-0.00662757151113872 0.0319919798925809 0.198357244794577 -0.0832311121639592
-0.00497376932997555 0.0214354348380525 -0.051012968472172 -0.15057496064338
-0.0171507172811411 0.0326427320165017 0.0654289613642726 0.113627341661778
-0.015811243966392 0.0314968644277474 -0.140731506613795 -0.0234345920967275
0.00993002185701024 0.00413238043121712 -0.231868787526073 -0.366654893445126
0.0618679794090214 -0.0594606203852915 0.207126321681699 -0.492723706509655
0.120542079469857 -0.0092418836041947 0.727619172958779 -0.0256436829568938
0.0509996259683097 0.0860998325265291 0.463123784304186 0.695040646108266
-0.0414348741325614 0.125472436009652 -0.0894843115011121 0.566842596189723
-0.0717406349774065 0.123093460079497 0.0770929177194078 0.0339615720686306
0.00426814248031966 0.119524913654894 0.0713227242994561 -0.562908133542211
0.087506211003959 0.0276532867090852 -0.570934598197113 -0.548483667398534
0.0761634210119529 -0.0559469471177016 -0.759829758603086 0.240468838156467
0.0176017050560844 -0.0487234606941272 -0.134719115725157 0.602347525715456
-0.0162585876513246 0.0262263208658625 0.286841817695981 0.264842929318369
-0.0124478906560617 0.0381088930224706 0.203747596016065 -0.0489057530328797
-0.006639686499177 0.0209667038676571 -0.0482487786735916 -0.150933097285838
-0.0141671517110348 0.0300623825891527 0.0655907163796036 0.115928936257363
-0.0143094812522879 0.0392782293669351 -0.13909305373524 0.0142496212544116
0.0124297092963644 0.0154194558433875 -0.260223898260056 -0.31308689725048
0.0609116498075353 -0.056846556248236 0.134617048502443 -0.510283993277521
0.118976056849356 -0.0304836606478521 0.703257666601339 -0.151325536877093
0.0622568105692401 0.0681978606226357 0.55696911628132 0.606067178205931
-0.0287167046541616 0.122271667108925 -0.0342214906315177 0.594570869450163
-0.0761605378832768 0.121862271840356 0.052448088101227 0.0818403490060529
-0.0128421597517778 0.121805481303047 0.125731616525838 -0.5293551302697
0.0771460453562148 0.0352597354718352 -0.476193923160693 -0.644144361822185
0.0839648336649571 -0.0518412911944167 -0.792708033240745 0.106626830430196
0.0336404554737568 -0.0524010563422049 -0.223068736329779 0.594168973735298
-0.0100326048401262 0.0277511135040231 0.261126411975333 0.328028239360971
-0.0119425828506036 0.0403436755716649 0.206167893331235 -0.00671414622112508
-0.0053040311761789 0.016907035427632 -0.0471857510607567 -0.14987003309842
0.00891283982273048 0.00215083496521355 0.0511307859234728 0.119019146294478
0.00829584341158031 -0.0247235237085215 -0.163092796983902 -0.0156591046006633
-0.0284319415067214 -0.0452275401321995 -0.201334557426145 -0.376741376057294
-0.0341719941150403 -0.0173526713342535 0.271374719265696 -0.511865501887639
-0.0041251092109011 0.0356301140530588 0.741252837142821 -0.0232245682158566
-0.045042134223522 0.000158201238493369 0.419783913204432 0.674662724776868
0.00181373493127609 -0.0743062916443235 -0.121004594510012 0.533721602885261
0.0268721657150344 -0.0712402515527615 0.0829772486400306 -0.00528681319899657
0.00399387554165119 -0.0473110277964483 0.0450110353656799 -0.590330812532954
-0.0251280099857285 -0.00958920844861004 -0.598872758279913 -0.545104588982003
-0.0405457992044945 0.00327281122132389 -0.722724530133414 0.254696521833032
-0.071412741920984 -0.0190778840111935 -0.0744199044168635 0.591068957663225
-0.0454179907091925 -0.0218036012451584 0.313223982637298 0.266326241190874
0.028056111953699 -0.011614845118308 0.177447918604346 -0.0461855867430985
0.0287424064545912 -0.00615645468265607 -0.0692048612006895 -0.152251597277295
0.00301475718685815 0.00876151656896932 0.0521987942937642 0.115370036546708
0.000876900623009576 -0.0235890521825418 -0.157399277141369 -0.049486890803664
-0.027836825787032 -0.0441079045770904 -0.175788985386156 -0.413149546920037
-0.0203704625112219 -0.0215802229395825 0.317267566040415 -0.481846317955284
0.0150739604827505 0.0394042164098638 0.739958807382286 0.0867665992715183
-0.0302091409274372 0.0134791372801653 0.338843144864381 0.740071756473191
0.00198838374845513 -0.0461986249635203 -0.152758132895344 0.511916874483887
0.0157832949102338 -0.0416219919648878 0.102195473523912 -0.0365640713616426
0.00444657770019172 -0.0179320047233351 0.00148370913557427 -0.603198174886534
-0.00852185347027174 0.00253013335932632 -0.653644260119275 -0.460083540360051
-0.0285358006861879 -0.00293367673331295 -0.6865308002632 0.345593292947302
-0.0679554509720953 -0.0249911732552201 -0.0205675623726482 0.584293890608579
-0.0419961230657553 -0.0198827695205466 0.320255884088396 0.213104049526864
0.0248192385166844 -0.0060459917271079 0.176018492698361 -0.078382395377622
0.0226337252034288 0.000733191183366644 -0.0666488837631376 -0.150465412489553
-0.00307177279794032 0.0143606813880294 0.054418203018626 0.112355443458585
-0.00650489852240797 -0.0175334406468428 -0.149823881669644 -0.0736084099531445
-0.0210582373716123 -0.0386835496071285 -0.159885989604328 -0.436671137007113
0.000649745377853748 -0.0268512468659038 0.34497886953931 -0.448933543529166
0.0402730421423538 0.0408490887238365 0.729991293956252 0.167161420003584
-0.0159852404059201 0.0333757235279009 0.281498164487188 0.78103470026375
-0.00997219966528735 -0.00930322846622895 -0.169451605976289 0.495621761132011
-0.00179297621371892 -0.00406742188848304 0.114604153932046 -0.0562724059830258
0.0100931258033901 0.0142050085513772 -0.0315199612331606 -0.608734132908013
0.0147967084374494 0.00846028527044067 -0.688979330085594 -0.39830876022264
-0.0115032942540365 -0.013969522149477 -0.659880857150347 0.402778358771454
-0.0582827189514506 -0.0288287501198289 0.0120508529113671 0.573251256471357
-0.038472602381494 -0.0113464022805557 0.322809995191559 0.17477563709478
0.0194569748235444 0.00309109875392728 0.177344794257621 -0.101406080418565
0.0150861584314417 0.00779843548539242 -0.0623740793186946 -0.149049261452282
-0.00865083039008451 0.0209588752003231 0.0559417978181006 0.109444949504276
-0.0112163603788751 -0.00752244038297726 -0.145095784918527 -0.0831434843405077
-0.0136299175520624 -0.030784088182061 -0.157172305959566 -0.442929057221577
0.0226932795232821 -0.0359818554346178 0.346916579144874 -0.435009075798984
0.0656490655980702 0.0397877559098357 0.723267158811404 0.192481818378998
-0.00270402312675028 0.0586403104709918 0.265732321220472 0.79629827732644
-0.0274649957029724 0.0350223455918208 -0.170545855782802 0.492802679201052
-0.0220382685902741 0.0372978752184593 0.118674468099132 -0.0577999933641004
0.0168586002433401 0.0468816946859701 -0.0380467978031496 -0.605061117693419
0.0414128852970078 0.0106118254690884 -0.697260576779206 -0.375926319055449
0.00991757439185195 -0.0283861056439009 -0.653639137360057 0.42454294232287
-0.0437894724390997 -0.0337973494917836 0.0158482714596232 0.569170883926112
-0.0343274068247415 -0.00025838890954249 0.320775648429793 0.159231998024925
0.0108015968280905 0.0128807502477746 0.181886377958793 -0.109858428748431
0.00697706453133475 0.0145835363797692 -0.0580628330578749 -0.148138765351112
-0.0133793505152644 0.0255614968489219 0.0605839332741328 0.108776704296063
-0.0153801311892126 0.00545273419263561 -0.141845493134433 -0.0777725936833543
-0.00320469440246645 -0.021348641431402 -0.173070432846721 -0.431829396857351
0.0430355987090524 -0.0455874170627403 0.320250136375112 -0.439518835522654
0.0900554758559719 0.0302386014149546 0.723682851750934 0.167739894549197
0.0136487034123041 0.0807455127046174 0.297045576315131 0.787769819107281
-0.0427929914709298 0.07676705071528 -0.156922406144663 0.505877919604319
-0.0418948603065597 0.0761117679626489 0.112947827737483 -0.0425204587591192
0.0210046683738668 0.0773414056370238 -0.0208965929231007 -0.596352580216625
0.0662737552478647 0.0136569855512724 -0.678179445133831 -0.398789300095398
0.0332308688147104 -0.0422879528391705 -0.671997145998227 0.402636749864965
-0.0253163868534835 -0.0388411037744159 -0.0102054021208456 0.575203400944821
-0.0296730266705008 0.0113519968560568 0.313716293647432 0.171252427728999
0.000882287431175886 0.023694148661252 0.188074530329694 -0.102645853821815
-0.000359140423408689 0.018766974537039 -0.0536232758306359 -0.148694197612127
-0.0167235501267267 0.0299378481284053 0.0620373391895111 0.109075293364019
-0.0158437630894802 0.0184614817106338 -0.139219049860471 -0.056395012850599
0.00504498271970343 -0.00886167075550342 -0.196904238555044 -0.404445538648537
0.0564138145062032 -0.0535754876258848 0.271849516907956 -0.461673682341209
0.109745888583113 0.0136589574593736 0.726117549336108 0.0904960656241474
0.0308940231660308 0.0907159481981423 0.365276126282367 0.753200248553578
-0.0481453593341875 0.109115548514339 -0.130661736117969 0.531816209521172
-0.0593113643884773 0.106352577078099 0.0969640573435879 -0.00895790719212202
0.016897062532991 0.103452476711946 0.0220360769009231 -0.579693620015443
0.0824953818327832 0.0184809892196708 -0.635160910014328 -0.460251469417312
0.057122313110916 -0.0524131899523096 -0.708120343905576 0.338763723291792
-0.00315158444831737 -0.0428936353820955 -0.0618107111952109 0.588767967306407
-0.0248104780525609 0.020153403397418 0.303149916953669 0.207714656440454
-0.00663990426222203 0.0299908249289052 0.195917394595581 -0.0808466447242354
-0.00570860742764166 0.0209935983589966 -0.0490529560551048 -0.149070638185752
-0.0164836607696406 0.0307500921489971 0.0640344642720214 0.112568622883261
-0.0160926835444189 0.0305819291576617 -0.138587531993532 -0.0238755592914832
0.00979812009618898 0.00417960995082749 -0.229910529291566 -0.36383170422075
0.0611397209369284 -0.0579408550286372 0.205928727346915 -0.487521670284943
0.119200554255214 -0.00875944314598363 0.717638244841056 -0.0229344556843565
0.0500799234389527 0.0851087011496388 0.456987527447463 0.690723480258157
-0.0410809839249575 0.124129512598037 -0.0896185992900643 0.562267202985192
-0.0713598326465804 0.121857167835976 0.0758453841311211 0.0335210290928268
0.00502153645920327 0.11825957464118 0.0717193654814192 -0.556569574586683
0.086086081363053 0.0274079374485914 -0.564372633403455 -0.545896737133176
0.0748860909268451 -0.055010783062898 -0.752547983081605 0.235663902241935
0.0173393963024496 -0.0487432812506735 -0.136123907103332 0.59443243173415
-0.0168121017812078 0.0260245790987514 0.282613938414318 0.262616743599852
-0.0125536492259991 0.0363107919654911 0.201277883649577 -0.0475132021724518
-0.00734526445862085 0.0205597783784622 -0.047315605221206 -0.149406167592881
-0.0147851133817882 0.029209392639354 0.0651828890380712 0.114112826408927
-0.0139531645349468 0.0378924106756887 -0.137908154925718 0.0133652554886392
0.0123433081683224 0.0160238526038894 -0.257335648423074 -0.310436331602392
0.0606327416380769 -0.056027575606099 0.133961631330738 -0.504977366971743
0.118585746191501 -0.0301921586955927 0.696601073352195 -0.146078482131506
0.0610085444659008 0.0680919889656266 0.548103430676129 0.602033409037291
-0.02902954100897 0.121239328262867 -0.0356862687495178 0.58769249293603
-0.075289741555656 0.120699846213971 0.051095245688894 0.081152967816821
-0.0138320418281332 0.120254683570687 0.125444047590459 -0.522282744284942
0.0775053011733903 0.0348613856754979 -0.469215518745945 -0.638063273574496
0.0831089805426195 -0.0519932520230275 -0.785637105954112 0.102047928129182
0.0325956629139657 -0.0527762465743215 -0.221097914213751 0.586700296877517
-0.00977415816009116 0.0274602580312655 0.256045496443508 0.324205125605098
-0.0125068880334633 0.0393888644691888 0.203527001786938 -0.0064741324620715
-0.00476825825628792 0.0168858973387231 -0.0451904510487538 -0.148811911243722
0.00970403855309213 0.00297937095503961 0.0493489724394551 0.117700120744787
0.00924384636888341 -0.0250196338106575 -0.161601133828131 -0.0168856418179622
-0.0279617908158464 -0.0448946510070773 -0.197721231475442 -0.37173181533748
-0.0333738664638978 -0.0167156088836767 0.270529090147636 -0.505126601979978
-0.00436996880384883 0.0352041113644292 0.73575951804903 -0.0206783488043104
-0.0456490520441878 5.45829528373221E-05 0.411097497109597 0.670079457275421
0.00150843120366993 -0.0732297923552318 -0.122710407675872 0.527098032761028
0.0279540148982821 -0.0698432272697333 0.0821581558087309 -0.00406879325726238
0.00392392086614011 -0.0481447695465 0.0499679770663819 -0.58396506342518
-0.0260448375066709 -0.00911144937070229 -0.589374537306927 -0.540700010561072
-0.0392075154963107 0.00269649728979629 -0.717429131840762 0.246192247145407
-0.0711773680842788 -0.0198125070095707 -0.0749343593017456 0.584929096974239
-0.044057151739756 -0.021964735052143 0.308957393993395 0.264630934602105
0.0278044663364181 -0.0122159271811046 0.176112127518547 -0.0443356116067894
0.0280119782955022 -0.00610242062976159 -0.0676711215622226 -0.15033473055534
0.00332332995684891 0.00787045272459065 0.051455063098598 0.113707897661538
0.000831632896509554 -0.0239322999175879 -0.154904002127658 -0.0501543482773745
-0.0269346293912606 -0.043311819178774 -0.174250552841617 -0.41170736338535
-0.0205328036915777 -0.0215483322462145 0.315912101860707 -0.476193217430117
0.015021427575224 0.0386314717241776 0.732967038764968 0.0888548098760512
-0.0302985814298794 0.012660441745238 0.331543114046973 0.734249231162548
0.00152442645366203 -0.0458943314139135 -0.153737868394372 0.505555249584723
0.0158790333340888 -0.0411368005250181 0.101432414539843 -0.0355056223230875
0.00417375727834939 -0.0182754543085185 0.00469880214755886 -0.598742555306287
-0.0086787331410326 0.00212303976141751 -0.646860800229133 -0.459205733899099
-0.0277900610519465 -0.00325200263894077 -0.679997368804917 0.338797649279308
-0.0671710603014633 -0.0240407000350746 -0.0217104713026663 0.577486665592437
-0.0417586343440825 -0.0187353488821168 0.316796311131284 0.212148516340798
0.0251414360491467 -0.00611982172849621 0.174513897733531 -0.0773236724521797
0.0220041937681975 0.000171146368279918 -0.0655540452712238 -0.149598394776655
-0.00361404867383625 0.0142951483436113 0.0528566561324335 0.11062730960571
-0.0056038985140827 -0.0177586755577619 -0.148523212996284 -0.0732252973190413
-0.0209557003447211 -0.0386645741649518 -0.156643723639795 -0.434392751055233
7.27716014463885E-05 -0.0266072702082341 0.342126095453071 -0.444647418235268
0.0394281416296528 0.0402510633603811 0.721041897255953 0.168280129410253
-0.0154683561625384 0.0333837102036017 0.274987451834675 0.774142247623763
-0.00960714311890161 -0.00938321935876884 -0.168527775971097 0.489291851897582
-0.000998103718528257 -0.00352632677956822 0.113591494196138 -0.0553419682060233
0.00856867375986767 0.0142113834246558 -0.0258751832983535 -0.602228377138959
0.0146343058212816 0.00879668032736239 -0.679947233986098 -0.399002010106597
-0.0112408613985557 -0.0143182808631998 -0.654087745877863 0.39684892830905
-0.0577156430646767 -0.0299762257737748 0.00940361320720581 0.56819748632261
-0.036970144358484 -0.0111837829567196 0.319214383041584 0.17351802732576
0.0193493083398047 0.00213802738782317 0.176670418763269 -0.0998703978723809
0.0148482620108767 0.00759620877928949 -0.0603948230393555 -0.148414639299679
-0.00856109430839011 0.0202093480696887 0.0553851509964054 0.108399051467069
-0.0114881129435255 -0.00780520856706066 -0.142707185123473 -0.0838176654724527
-0.0121718625012936 -0.0310784546458571 -0.154706124069516 -0.438888370893079
0.022910909520553 -0.0345685746213647 0.34405909032295 -0.429186361496818
0.0647176360019945 0.0386418829020061 0.714283396373917 0.194692920237322
-0.00258169078367217 0.058086287304107 0.259933319049332 0.790908942907893
-0.0271762570775681 0.0341169991024455 -0.170327035190578 0.48846106978223
-0.0220429652278357 0.0373255180434971 0.117128267841636 -0.0569293045031141
0.0165796630580295 0.0466587682836552 -0.0339061528574184 -0.598616815648154
0.0399485645202616 0.0111498448523516 -0.687963965343883 -0.377065418282256
0.0101660109254505 -0.0285163783236263 -0.648103461553241 0.416401697877881
-0.0429478296001487 -0.0336602286825151 0.012759346757221 0.565184508102274
-0.0337625849787595 -0.000863095412729588 0.316713141337878 0.158880461048426
0.0105997347665093 0.0131612619147134 0.180968791383089 -0.108517468247109
0.00573309002219721 0.0141017839649924 -0.055590187709695 -0.147829316478103
-0.0140500831999073 0.0254662094450914 0.0586882099418269 0.10760149648762
-0.0143185742977609 0.00434310792199854 -0.140521818301583 -0.0783775484383171
-0.00241395698795387 -0.0216133028335449 -0.167738557950951 -0.428754010751144
0.0419265925600522 -0.0445001758784077 0.318164218049726 -0.434120288867495
0.0893576958254984 0.0293078284211785 0.716598821033749 0.167730656014833
0.0131094272227552 0.0801725293452718 0.290549911939944 0.7839672180298
-0.0426260876527451 0.0757577135129907 -0.157938075311423 0.499805555906841
-0.0420843885581508 0.0760743470608013 0.111839454653135 -0.0411888849529166
0.0202424000347493 0.0774049909556107 -0.0166328441572495 -0.590416001767353
0.0643587166326934 0.0132516568737787 -0.670095444472619 -0.398541539189254
0.0336355149619436 -0.0418456972743252 -0.667289808978504 0.39724179617884
-0.0244675502952013 -0.0382636835493544 -0.0112815173386159 0.56963541877128
-0.0294806624898669 0.0114077257487345 0.310610900865838 0.169548704893733
0.000181757474932552 0.0229569941541932 0.188601205053744 -0.100214500109865
-0.00055680729499754 0.0187617225393158 -0.0511740012607561 -0.146720582524967
-0.0158119560694027 0.0288858286216481 0.0604465763178615 0.109258879699759
-0.0168210970887649 0.0165974230697378 -0.138399158505905 -0.0562709579079158
0.00459546925510247 -0.00880954004067062 -0.193068387966386 -0.402378416991986
0.0555956355086614 -0.053392437478143 0.270759934927336 -0.456210023214046
0.107828328716933 0.0133995214296876 0.716633126097052 0.0924575641755912
0.0310304945811733 0.0902841099064356 0.358825835313717 0.74918272832833
-0.0481753105538299 0.107746140935361 -0.132668511556013 0.524471059289602
-0.0586641180606492 0.105148558571238 0.0953800327251126 -0.00942338003860149
0.015668336242947 0.10254364520873 0.0254813866825843 -0.571402172454168
0.0810659029673465 0.01925245981712 -0.626738579387077 -0.457481276393079
0.0561198906942029 -0.0507380449902931 -0.703899139159824 0.332084893414343
-0.00403914739503073 -0.0436677594435939 -0.0636208657260493 0.582284244266991
-0.0232651955479169 0.0205900794319126 0.298445207852024 0.206800933208036
-0.00721299572054204 0.0285071757162104 0.194770765021525 -0.0793910071824396
-0.0059854314583801 0.0195217233258359 -0.0482526403823849 -0.147320482920627
-0.0163949974359431 0.0306367976674408 0.0627788204215929 0.111375116170001
-0.0165719381654219 0.0291264895355318 -0.136749269713976 -0.0250563163303315
0.0101337293100217 0.00442097101963169 -0.225607518783007 -0.362224044307454
0.0607635436755427 -0.0567579225647659 0.204948910462655 -0.482107463164298
0.117614690112451 -0.00969932394732531 0.711924659192735 -0.0201022460564786
0.0486423317928162 0.0841426150539657 0.450359798352468 0.685352444213898
-0.0420270817425218 0.122874873756504 -0.0916018117746118 0.555395578516456
-0.0707739256293464 0.120633395607685 0.0741362302675848 0.0337107535264547
0.00260417160464832 0.117917493067832 0.0753004613681104 -0.549467570252729
0.0854016307016232 0.0276715203735755 -0.554648299637972 -0.544385444398754
0.0744969480785492 -0.0531225949804275 -0.745054902254222 0.228378666520213
0.0174037877753905 -0.0477855121972313 -0.138999788559978 0.589638560730313
-0.0165503251518498 0.0257395418335582 0.279450618721527 0.26171415464405
-0.0134037042939019 0.0349816305978359 0.200989278132444 -0.0456258993720382
-0.00662489321470098 0.0197140706833821 -0.0455167899280115 -0.148836211051244
-0.0141710583506058 0.0281479815650492 0.0622889709865636 0.114100494673759
-0.0140852051208662 0.0368806966913392 -0.136203169118934 0.0131540941709709
0.0131232471387153 0.0161042461220566 -0.254277462344541 -0.308334220769547
0.0601925531094916 -0.0542290238638152 0.134184798329197 -0.501297486537891
0.117296497239409 -0.0302805893679338 0.689133537461905 -0.142736628960247
0.0596148684757057 0.0674906330331054 0.541411852724823 0.599542620859896
-0.0290002040783946 0.119611933786421 -0.0375104465989011 0.582905326603378
-0.0749246355688057 0.119433550060881 0.0496933636281489 0.0800317339041361
-0.0139027294681214 0.118786092008094 0.127241704141852 -0.517253081357107
0.0754738370498266 0.0352169028714671 -0.459904085303361 -0.633502548313426
0.0830071295347792 -0.0507072356431241 -0.776152072968412 0.0984422075041719
0.0322098568020744 -0.0512040956409395 -0.221996024042063 0.581438851804737
-0.0104727415954487 0.0267997436637477 0.253249079043981 0.322323493939108
-0.0129460508879858 0.0380074176379381 0.203241413251191 -0.00418355882047708
-0.0056710097977109 0.0157311759499778 -0.043762435617313 -0.14732481170354
0.00867295963471508 0.00229533958081316 0.0484946647210564 0.117565095915144
0.00990586924205568 -0.0259507173275002 -0.160081881260771 -0.0169795893491817
-0.0277265433981736 -0.0441059115699009 -0.195691841170492 -0.37107175329454
-0.0333417999254208 -0.0169477693222556 0.27048819488083 -0.501106076846624
-0.00411660931373183 0.0349540097594746 0.728700177368719 -0.0155385060419569
-0.0444122200593575 2.80090539820366E-05 0.405435520395425 0.668793812564131
0.00217114621349468 -0.0719678766532033 -0.12391191374204 0.523475627769896
0.0278959103776265 -0.0691510872578618 0.0817339040389899 -0.00403777049045052
0.00421299129525817 -0.046565406669344 0.0525754278463875 -0.579643627403155
-0.0256525185836503 -0.00943332059869165 -0.581206666832791 -0.543633601350881
-0.0388163639090023 0.00220542039472695 -0.71275315706816 0.23928383157674
-0.0706252901167048 -0.0196308454919155 -0.077325899488367 0.579181425673862
-0.043410492397236 -0.022006466950728 0.305723531617203 0.264146193562366
0.0281039646534158 -0.0117235662135335 0.174990845773556 -0.0429246904062475
0.0275525804526561 -0.00644798841708804 -0.0660730143497594 -0.150300622062075
0.00270632485802095 0.00824845244469359 0.0500721980352413 0.113386358509424
0.0018019472597996 -0.0242496501273523 -0.153593513604626 -0.0508649277869171
-0.0262965903047596 -0.0428807889179241 -0.16865369474277 -0.40941723857038
-0.0211059817275246 -0.0203160649719105 0.316250440121917 -0.469927310627347
0.0142708676744698 0.0371263227853056 0.725313120941419 0.092145356188681
-0.030040542218076 0.0125155715107761 0.325531555403536 0.73298357884322
0.00194155903857251 -0.0457079887022744 -0.15560502755185 0.500859706118434
0.0161785994966696 -0.0407514883154187 0.100265950296371 -0.0349622102224084
0.00398705118209685 -0.0184501115884789 0.00910104134947323 -0.593536002563307
-0.0090343218814395 0.00202325954156406 -0.638020434835793 -0.460892059440818
-0.027895006093758 -0.00285743917282561 -0.676312926887793 0.332180732058392
-0.0666662956221318 -0.0253279076989078 -0.0249330680648924 0.57295185331184
-0.0404573949466759 -0.0194822881694919 0.313302599512971 0.211847622310203
0.0247016444241962 -0.00639406853585751 0.175020932879791 -0.0749208230695265
0.021908212816929 0.000664538223721722 -0.0624706698184673 -0.14927167512611
-0.00324695556163867 0.0139776135787037 0.0515327841495369 0.110014067050563
-0.00601706145097557 -0.0183921086664015 -0.146661619437832 -0.0749203333216034
-0.0200619763925925 -0.038493283608591 -0.153706666523751 -0.431397856640553
0.000241123030734321 -0.0262462770898782 0.343487031664676 -0.439180626082272
0.0384866646140273 0.0396002339952815 0.714877737046322 0.172367817220752
-0.0158314362312694 0.0328488767629592 0.268544938884365 0.771209473697311
-0.00945819068823204 -0.0084175902078206 -0.171830968052034 0.485554917682825
-0.000821732926501409 -0.0037544968588854 0.112872317250605 -0.0536849464425431
0.00865826675812138 0.0140299336219255 -0.0202362878850861 -0.598044482815824
0.0143571252958441 0.00802715894394031 -0.671734761200021 -0.400560713125251
-0.0107287091256798 -0.0139883022007355 -0.652153563350629 0.390523833103235
-0.0572481164290695 -0.0295088219087492 0.00667420547380496 0.563474681231487
-0.0367759099520139 -0.0114597533338799 0.316435894133377 0.173875632734643
0.0196141548251785 0.00250563635816424 0.176133776849167 -0.0976043147353735
0.0148083920544236 0.00704223391924304 -0.0588246482470842 -0.147567505770704
-0.00971234962181392 0.0198683620291926 0.0541033601686891 0.107163611150108
-0.0113081654744046 -0.00873456891941835 -0.141822983673423 -0.0840649599767014
-0.0114589924556015 -0.0307428443020328 -0.150472084281095 -0.438309953285153
0.0227477441040069 -0.0344917482852801 0.343144985868051 -0.424468631295923
0.0647144379134054 0.0384413162497586 0.706953471185177 0.199799919262971
-0.00386665414423869 0.0581718702827896 0.254075690791317 0.787475993362384
-0.027583322445058 0.0338343270125491 -0.173052169974198 0.482990042730213
-0.0216946051217918 0.0365168251772315 0.11712355364611 -0.0557575582823918
0.0151867511679279 0.0466336359566918 -0.0283963395825631 -0.594543699607679
0.0405043610610836 0.0114040489853337 -0.678814279693112 -0.377224222249298
0.00992729435113546 -0.0290620801236716 -0.646105207141164 0.409941114464712
-0.0429555122023826 -0.0347336885315446 0.00965661668806433 0.560416893789233
-0.0330385792934023 -0.00031880585522796 0.313781063234261 0.158844932650049
0.0105432108670649 0.0125923402917173 0.181219073586875 -0.106084375718532
0.00569891566152221 0.0140980911868531 -0.0546785323047758 -0.147670330306944
-0.0132331386637489 0.0242729712468624 0.0560193857448754 0.107344318706384
-0.0151390588567651 0.00314153106824344 -0.138541995862906 -0.0781250751746694
-0.00230413637245628 -0.0219604896848643 -0.164132404184602 -0.425882741428545
0.0420750656494925 -0.0433799382919371 0.318356529226856 -0.428263315431766
0.0888391459507601 0.0299076454279093 0.707585296702385 0.172382336241105
0.0121139833212881 0.0795326467000371 0.283071561697985 0.780424327512623
-0.0425848521018276 0.0751041194661727 -0.16004508225899 0.495821187341876
-0.0413872318380298 0.0748797608663356 0.110565993249453 -0.040185455180996
0.0188702961750039 0.0763970775271719 -0.0108404024983533 -0.584838342201097
0.0645299818615866 0.0129295246844049 -0.662021969352981 -0.399968560688702
0.0337526756368353 -0.0414983615832263 -0.663232001820874 0.389274697281957
-0.0235969569666091 -0.0386798973732578 -0.0158150868088909 0.56601898668427
-0.029046431835427 0.0108010055558568 0.308165322317238 0.170208767788522
6.47504610860263E-05 0.0221358838168026 0.187614852348904 -0.0984716371542175
-0.00110695965249417 0.0185871486512527 -0.0499559147507418 -0.146079358050557
-0.0164482247249295 0.0293891508814835 0.0598296275987395 0.107563371700596
-0.0153527127379838 0.0165475842193126 -0.137727946400462 -0.0582254734895643
0.00495728318156221 -0.00884528458701676 -0.191483603021251 -0.402371897596956
0.0552496781450651 -0.0519254223822658 0.270701736657159 -0.451935082015888
0.107421699081181 0.0125784934643055 0.709761174071573 0.0956480011009278
0.029425536864011 0.090002746992161 0.352065271134523 0.745993900140432
-0.0483327178955723 0.106733484851987 -0.135320457630035 0.518811641588063
-0.0593632331251897 0.103916880480352 0.0947855099643945 -0.00860355774199893
0.0143752949074742 0.101412584669953 0.0289478244545884 -0.568653396905814
0.0793575292744045 0.0195212307264959 -0.619921419198482 -0.458697081990573
0.057020102390775 -0.0506521503909998 -0.700787897646519 0.32501462487723
-0.00407576131244025 -0.0429349399961318 -0.0664095074394583 0.578304362879572
-0.0240977188462481 0.0207993919455119 0.296325584028338 0.206535324111323
-0.0084517930365979 0.0290840836842317 0.194765550470783 -0.0775724108733587
-0.00594133548754086 0.0197085321137405 -0.0467748653897401 -0.147076940015877
-0.0166180150645028 0.0305058751132796 0.0612367094041373 0.111414126097316
-0.0164331331647283 0.0279356444491917 -0.135954542247925 -0.0255641794444734
0.011343747660185 0.00329251751095037 -0.22185468895629 -0.36038103670655
0.0613294800760288 -0.0557448420551927 0.204774544386306 -0.476692537352937
0.116436081014805 -0.00939159852712578 0.706740326469206 -0.0131508503283569
0.0472364356558159 0.084901496612066 0.443834677551868 0.683449933145917
-0.0430968230109823 0.12232958594836 -0.0956369604675946 0.550753882933971
-0.0709056028741204 0.11956668799498 0.0731066537849207 0.0342763572555404
0.00264990834038585 0.116071400241139 0.0798509205629202 -0.544521458544395
0.0833330742733915 0.0276867921182056 -0.547075443438394 -0.543097457778671
0.074338162819828 -0.0526869693857896 -0.740406117479047 0.224231671442051
0.0158699501694816 -0.0474987156605843 -0.140016656447833 0.584294297467951
-0.0162451876554526 0.0262768584224229 0.275593366001964 0.260896422963719
-0.0133064526097664 0.0344581319761401 0.199096486707617 -0.0439920707725279
-0.00774543109072755 0.0189079593548027 -0.0439091865219668 -0.1481373980437
-0.0147792445064589 0.0282870474773768 0.0620660589388897 0.111669637641811
-0.0136097693996451 0.0354031160016787 -0.134770271905756 0.0117144502359187
0.0133011568387105 0.016041529995383 -0.249542501191349 -0.307886403836377
0.0600543440494953 -0.0537190583097965 0.135298115507057 -0.496933550015898
0.116248343346295 -0.0290191443361992 0.685297695700942 -0.136030972914041
0.0588527277239083 0.0677274266236294 0.535045009135144 0.599114592257999
-0.0314903374044439 0.118318979283012 -0.0425106617807734 0.57833613294444
-0.0754021600208284 0.117638638215551 0.0487576645068319 0.0805630217783613
-0.0152626086668848 0.118219270699136 0.132199213187628 -0.511319528475005
0.0741782260883855 0.0356593425722179 -0.451214712257183 -0.633922102972515
0.0825107229333972 -0.0494761484358951 -0.771657195348309 0.0922195625847476
0.0328761578711139 -0.0507357822237927 -0.222552564621828 0.576619345576449
-0.0105299136209854 0.0269862958566473 0.251097664564433 0.32084671761448
-0.0136421703832303 0.0361107848974491 0.201651533661501 -0.00164082570337352
-0.006175866821475 0.0153769008064357 -0.0427229184319395 -0.145418756716559
0.00829606429920614 0.0015867763769049 0.0472879069822649 0.116314701103514
0.0108592488268148 -0.0263177919652371 -0.158322047003399 -0.0191762542886708
-0.0262925469533007 -0.0440190500143386 -0.192860198286868 -0.370548897275667
-0.0329701051439345 -0.0176592242119517 0.272500078662578 -0.496482773694621
-0.0045764153504069 0.0339285669408052 0.724435331008721 -0.0101827857950065
-0.0445892906625838 -0.000631270641921838 0.397934152484499 0.669367718502482
0.00318243671172257 -0.0721022773922324 -0.127732019907415 0.519184653873402
0.0285694697176629 -0.0683533549837532 0.080212676629082 -0.00336252903241841
0.00403005599761744 -0.046722554543815 0.057255301284114 -0.57601124677713
-0.0257805339399266 -0.00983780086673804 -0.573593723424066 -0.54459306862767
-0.0390991824557947 0.00226772066243549 -0.710862242764093 0.233979623127524
-0.0696248789951217 -0.0210244393730741 -0.081656295529049 0.576462384329926
-0.0431561059651907 -0.0222417907422948 0.303416580058068 0.2646738890371
0.0285051747782216 -0.0120443770876399 0.174373892105359 -0.0399648884051731
0.02738450973929 -0.0060003264810574 -0.0637389415730148 -0.150035583271863
0.00224683949878182 0.00807255031726396 0.049688909603343 0.112174258883152
0.00310542392585529 -0.0253014943030487 -0.150618770233384 -0.0519297357597031
-0.0253649405192299 -0.0427581294574802 -0.16592278538318 -0.408541717928841
-0.0200346788493652 -0.0201433170194306 0.316009179374175 -0.465697741593572
0.0135935276156862 0.0375586148876801 0.720634500764452 0.097697491946056
-0.0307689847877452 0.0112059589487368 0.31988380288599 0.731011997357468
0.00230696356865106 -0.0451082717258752 -0.159109319133444 0.496548472461657
0.0165567539719387 -0.0395106760535953 0.0996200634115249 -0.0338793152783899
0.00401703581458764 -0.0178556295370288 0.0141802473056069 -0.590813079202242
-0.00927389304982371 0.00228585002816595 -0.630172609075058 -0.463902159058634
-0.027372353442802 -0.00352021132935629 -0.674470548162758 0.325794684160428
-0.0665978234567043 -0.0259178515095977 -0.0278839969195705 0.569656840851493
-0.0403097783612677 -0.0191927020527743 0.310704633534803 0.213216866402301
0.0250945941702809 -0.00775109381363193 0.173856738426019 -0.0730861330222187
0.0215040917610195 -2.27664172658174E-05 -0.0609319462534812 -0.148807428320458
-0.00296556966225399 0.0137132566937575 0.0494894473265213 0.108665685006423
-0.00448313084155891 -0.0190536130689612 -0.145536173669679 -0.075847429857963
-0.0192894050051243 -0.0382079952480268 -0.149045803000717 -0.431985182373205
0.000775900749818384 -0.0254889183612208 0.344275084034952 -0.434863233348457
0.0370510471487794 0.0395071907967197 0.707240608330284 0.175578435670941
-0.0171644949015719 0.0323947409227011 0.262044409299935 0.769565181147803
-0.00939210860306381 -0.00923726304247828 -0.174733777175581 0.481919465422507
-0.000974462458263756 -0.00398446260075072 0.11309620801518 -0.0526531439794632
0.00838955726817863 0.0138012356133924 -0.0169959380194348 -0.595215490727518
0.0137710882157963 0.00887407203722466 -0.66569171526055 -0.404443476839634
-0.0105656664069618 -0.0145318045137781 -0.650348393683624 0.382285726712326
-0.0566277444558685 -0.029529867481003 0.00332458389604961 0.560558299746181
-0.0367135183025096 -0.0111170335171749 0.313702812165356 0.1739805701102
0.0194046141265459 0.00212141366256033 0.175952071807999 -0.0953895748632865
0.0135054810158087 0.00729384728246639 -0.0571883326350793 -0.147302286816736
-0.00910219655352579 0.019875542324953 0.0523198081813542 0.10619590121163
-0.0107710015511206 -0.00994466315503798 -0.140995678282316 -0.0849614422858906
-0.0107254045575407 -0.0306039842063363 -0.146607268828147 -0.436484465919937
0.0237374462943804 -0.0336926045840843 0.343718474788311 -0.418876345649228
0.0635060432105335 0.0374578176985105 0.701754690296894 0.203782049167708
-0.0040030584956247 0.0566854826854899 0.247087491097766 0.785750891139392
-0.0275503406410718 0.0331959096090783 -0.176173491976931 0.479015478638489
-0.0209719373096992 0.0374430283360872 0.117227261099596 -0.0547174177571034
0.0149769834170199 0.0461906149792762 -0.0241061504396531 -0.592534901223659
0.0388788302465275 0.0115995612937827 -0.672041802114036 -0.381235877345259
0.00978983452406776 -0.0286116560566841 -0.646080358289828 0.40211106216601
-0.04322913754844 -0.0338659422802098 0.00634074103626763 0.558306117800519
-0.03311987611005 -0.000837599166781782 0.311566665165017 0.160709937302577
0.0103245542234014 0.0121645146235347 0.181495673073046 -0.103543503425058
0.00562468874564085 0.0134270391903606 -0.0525244405125482 -0.147156676484866
-0.0137086387594449 0.0248955015976319 0.0554534070065301 0.106293102848273
-0.0140299626373704 0.00248820006138221 -0.137178666029775 -0.0786562164659322
-0.00103523179383821 -0.0207897986032086 -0.161284696742578 -0.425552911528844
0.0430113433380366 -0.0431545809955632 0.317949206455376 -0.424813514053101
0.0876395875219759 0.0303527003115025 0.702051065875749 0.178542653435419
0.0102153339599623 0.0792200522507761 0.277129961740351 0.777853953355659
-0.0439191662268195 0.0741791942748375 -0.163328893803827 0.491025413161775
-0.0422137252823866 0.0743055579702481 0.110209539543067 -0.0391049873205818
0.0180030889169816 0.0766225500276151 -0.00674856861826087 -0.581638016823793
0.0638718670142823 0.0140471417214354 -0.655463735620163 -0.404498384596713
0.0337578319784121 -0.0414076811166766 -0.664296762716544 0.384135738853444
-0.0249011849323606 -0.0377738967121181 -0.018168293886559 0.563108810340669
-0.0283289517731562 0.0108129871008839 0.305917036867369 0.171116053920656
-0.000178112671775569 0.020285517838764 0.188234600744572 -0.0967651075221642
-0.00102032847704459 0.0186207216586172 -0.0480640271590249 -0.147392289573736
-0.0168861276811305 0.0282497768184957 0.0575668035288559 0.107934608497951
-0.0164753744600595 0.0150232325647248 -0.1351343807453 -0.0581957438384559
0.00687665438965185 -0.00963193205279556 -0.188142927612273 -0.401726590970165
0.0561099919893622 -0.0510578529594768 0.272460626004888 -0.446843389916346
0.106731566794921 0.0129286158450794 0.704297062766116 0.100568559496121
0.0278193524225743 0.0898026013669307 0.344491564809079 0.745478519854732
-0.0489000030175723 0.106315649333811 -0.137939556571677 0.516566790927318
-0.0595566045183481 0.103432266871132 0.0944007180572811 -0.0069495780799995
0.0131001607315829 0.100849894179442 0.0339656072021857 -0.56255819127584
0.0794853333488707 0.0190482237608974 -0.611329139773867 -0.461447948437627
0.0561493182946105 -0.0500536711460333 -0.698964530951572 0.319811863930561
-0.0038766421813449 -0.0433590178481073 -0.0708120552992801 0.573494021785204
-0.0236866475957459 0.0206972247197979 0.293278613939662 0.206859939405828
-0.00752481691855472 0.0275682065791204 0.193388034053458 -0.0762331207323107
-0.00663387924245263 0.0199496010140723 -0.0444683315121229 -0.147277698002034
-0.0172485255310406 0.0302218432973569 0.0596030895836993 0.109408125897752
-0.0164114442276609 0.0271848705713855 -0.136008612650808 -0.0270867423051129
0.0105271848433546 0.00353139286233397 -0.218714247521701 -0.359126673184241
0.0615546598277078 -0.0548572993084864 0.206456903405577 -0.473365764762491
0.115737786700703 -0.00821188098270551 0.702083783879686 -0.00746296958809594
0.0465409728204443 0.0847305182478318 0.434705984197371 0.682653733575585
-0.0428842059529434 0.120644021511511 -0.0994445305738725 0.54752550003909
-0.0716630642126889 0.117803766413376 0.0723046209905987 0.0346371263793301
0.000856945037291978 0.116236231554991 0.0817786856042797 -0.540127872551089
0.0827708298696124 0.0284027383065293 -0.539167997414331 -0.546653321275087
0.0751208930878807 -0.0520369519181698 -0.739512966950359 0.216366538187456
0.0163444293004069 -0.0466645810769594 -0.143962530129791 0.579238201999906
-0.0167700995506174 0.0260216379774885 0.273825914545454 0.260789036460304
-0.0136020696039071 0.0341659978614663 0.199530147683077 -0.0416451837934573
-0.0078493936658194 0.0184607188983743 -0.0426286460550081 -0.148408871929021
-0.0143512391284368 0.0280179348477858 0.0595889737777491 0.111944707913088
-0.0153335801771604 0.0335162763109736 -0.134091806783355 0.00933664864717474
0.0133149771824335 0.0163332521855297 -0.247004950928149 -0.308505496990029
0.0601516912996139 -0.0524365663905406 0.138627155441885 -0.493658332777757
0.115114468830738 -0.0289885078822571 0.680643098019076 -0.129894778088274
0.0577068905115531 0.0680530246472997 0.527886620082031 0.597199821977667
-0.0313173159950187 0.119219952493531 -0.0467202927474481 0.574673173972048
-0.0750881286378792 0.116823097378395 0.0473970597714863 0.0808389859519561
-0.0165680678525357 0.117514985998483 0.135114229415794 -0.505118118302901
0.0730923424246964 0.0355410570612492 -0.445479647848699 -0.633647066325814
0.0818806743018773 -0.0487358108971515 -0.767770263571543 0.0862696987204851
0.0328639183215716 -0.0502663659489122 -0.225672754760181 0.569934631143281
-0.00975093351316471 0.0270438670605994 0.245702392442646 0.320825158815286
-0.0143121051183895 0.0353646143443775 0.201372990290786 0.000319252545092218
-0.00578695852860241 0.0149359981443856 -0.0410593381025171 -0.146317719729842
0.0083102604356909 0.00228934268722465 0.0469468786157821 0.115596307516885
0.0103476226708045 -0.0273555400223173 -0.157436558146929 -0.0202595296900427
-0.0254260618473844 -0.0440279405164665 -0.18901312247459 -0.370784863137
-0.0326329748498493 -0.0178434376103594 0.273634266196456 -0.494405764440734
-0.00469065361891231 0.0328962016258305 0.72332813502895 -0.004751619526541
-0.0454911782699559 -0.00121484255523276 0.39506453528351 0.671317469439941
0.0036980212350951 -0.0717071271648251 -0.132024821736396 0.518299680579091
0.0296075647001369 -0.0677675672000296 0.0810196600359078 -0.00200028699944181
0.00377592961921882 -0.0469171977099312 0.0637816321187209 -0.573737862355356
-0.0257568488371759 -0.0103813114185619 -0.567743985870265 -0.548208478419285
-0.0389844852812872 0.0013109165682308 -0.710807316901431 0.229271651594347
-0.0689193779823522 -0.0214618858860291 -0.0862898264333816 0.574437161613331
-0.0423441873018831 -0.022763629223521 0.300148029671083 0.26481382624011
0.0285155540754242 -0.0125398453055716 0.1748014217453 -0.0391580050427395
0.0278309699742942 -0.00653726977460856 -0.0624640335356894 -0.149511484678638
0.00226972927565326 0.00724107696919851 0.0477822430529508 0.111573878341176
0.00338532502870315 -0.0257990986354398 -0.149990585640327 -0.0532725821302506
-0.0249429166095301 -0.0430490230558649 -0.162846451359126 -0.410867628859525
-0.0199594034593196 -0.0203861960345326 0.317687880418116 -0.462513662922718
0.0131072511113467 0.0368457210630503 0.718297867232598 0.103716413588619
-0.0307485775478238 0.0115236480053347 0.312740833062303 0.732207825513118
0.00216561607617477 -0.0449436176308948 -0.163849268464184 0.495949351930612
0.0171517466032701 -0.039241801164981 0.0989882652669039 -0.032546756084384
0.00316984455884333 -0.017907625606509 0.019908159348701 -0.588798094402758
-0.00920287260973658 0.00117915367758731 -0.625677208884336 -0.46679024319565
-0.0270607984117547 -0.00380905345949107 -0.675508544506917 0.318795623298323
-0.0659727077850492 -0.026093651596269 -0.0322868298328367 0.570829644561351
-0.040456297142024 -0.0196415605715807 0.309245376147408 0.213608192546045
0.0248798496269324 -0.00656274146159334 0.174052069790139 -0.0724141879665419
0.0212354561919073 -4.51511824506342E-05 -0.0590162886433005 -0.149165192704115
-0.00331375372011184 0.0138321394193128 0.0477387271304739 0.108637137880663
-0.00544014552841312 -0.0203051048566023 -0.143421809836602 -0.0757556269411068
-0.0187441192738306 -0.0384323770678336 -0.145728292382435 -0.432134364790183
0.00111287919084901 -0.0262985339163112 0.342934202815863 -0.430536980825056
0.0382286741645197 0.0395323546866899 0.70441156320566 0.18204643773754
-0.0165638722956772 0.0325715943998425 0.255528178873476 0.771290119987058
-0.00985892310399449 -0.00860493458868255 -0.177570906983803 0.478662092053507
-0.000732245308690868 -0.00393703525484192 0.112303992167956 -0.0504981280183209
0.00885491381756867 0.0140665411120022 -0.0100284179462824 -0.593165518989236
0.0148222970952891 0.00788837876178868 -0.659297239233633 -0.408942892523398
-0.0105815909266536 -0.0142876839872683 -0.651286095435152 0.378224679177379
-0.0565773687783785 -0.0315635092522339 -0.000939923333257819 0.560744809881658
-0.0350861859000154 -0.011335420137851 0.312191359743402 0.175207161161772
0.0193510379032117 0.00150415086048368 0.176566806243013 -0.093848778215153
0.0134636555368677 0.00672709724690393 -0.0554481144001915 -0.148155263386421
-0.00927514476156203 0.0190101876849526 0.051446254362868 0.106995700473044
-0.0111801726799074 -0.0108283854608306 -0.139420483331957 -0.0858832358716104
-0.0094040933567169 -0.0310078327101417 -0.143957706725805 -0.435759481449244
0.0229889958509455 -0.0338343800318961 0.34568752602423 -0.416588289908413
0.0629725344425832 0.0381257240881401 0.698068946282564 0.207891884594277
-0.00441636713191525 0.0570991895218315 0.241449996474978 0.7852174586937
-0.0283218691412918 0.0335842246908067 -0.179130890238846 0.475393134598234
-0.0214997942223446 0.0367345535541901 0.116676787897891 -0.0537539618052179
0.0145607252494911 0.0468091643771653 -0.017262162250614 -0.589138714136462
0.0388917362782787 0.0105662387674197 -0.665400423984479 -0.387233708490547
0.0106326519540501 -0.0286569680818435 -0.646813207192169 0.397423204904126
-0.0429908232786014 -0.034138011854491 0.00226758013519626 0.557685004308304
-0.0327878242107294 -0.000371599215744464 0.310758928920856 0.161443264731791
0.0103198378710554 0.0108656147732351 0.181817473101087 -0.101830428010655
0.00554795660246457 0.0130031526905342 -0.0507285324908923 -0.147270914872496
-0.0140857941377014 0.0242091126044489 0.0543771592841429 0.106929196993432
-0.015088866229028 0.00122110250118728 -0.13586180310267 -0.0806276998881095
0.000202839583374193 -0.0211358547254809 -0.158478788703879 -0.426889994004533
0.0424748786487069 -0.0424582965849746 0.320038191221373 -0.420755208314421
0.0873369965814415 0.0303019554021739 0.6990593761283 0.184671724510166
0.0105183976579178 0.0787218620817237 0.270515126336286 0.777545805685674
-0.0438466349118704 0.0734672859014852 -0.167833730346042 0.488209218592405
-0.0424556295541998 0.074271187409011 0.109983750114374 -0.0375344279149869
0.01668496489924 0.0767773142410362 0.000260170495820152 -0.580208008598688
0.0631424963764361 0.0144317712941207 -0.650800095055141 -0.410181821724602
0.0339546431531531 -0.0413334760208911 -0.662398657208056 0.375857914162571
-0.0242804172484708 -0.0383822011159149 -0.0215797346895612 0.561671617037739
-0.0285484607764681 0.0106516569474489 0.303077413586374 0.172502371857559
-0.000570378627180747 0.0202104444821924 0.18781111930581 -0.0932951303886128
-0.00212637494821105 0.0176014575028122 -0.0464270815929136 -0.146848128078038
-0.0167677021248559 0.0280868060768597 0.0563661687355598 0.107395646882853
-0.0161253139806789 0.0142725628558676 -0.134723710093089 -0.0600539792980605
0.00760729668686826 -0.00956117327233522 -0.184713957932913 -0.400029475547998
0.0558477715347305 -0.0499309430093582 0.274169466754521 -0.444185472036475
0.10623103153235 0.0137630643342557 0.703194118332129 0.10829495438587
0.0280893580663949 0.089378205932252 0.338486224585134 0.747858017092184
-0.0503439654779171 0.104352040331374 -0.142035257364184 0.51351678272888
-0.059743086195933 0.102072807461548 0.0946273527419366 -0.0081979625217332
0.0119933882619322 0.102002420198484 0.0392954965045718 -0.563201700098012
0.0785396157608771 0.0197034881063081 -0.606658549658953 -0.465292771447143
0.0566316933784111 -0.0494061325016675 -0.698714062018524 0.311780598652795
-0.00447098203519856 -0.0425801923823173 -0.0729841492327446 0.572122231051938
-0.0229312998236839 0.0210817402560251 0.290993743916673 0.208519386374685
-0.00906338451145124 0.0284731523286805 0.195414914535907 -0.0728737611490637
-0.00732691646517224 0.0189558653185746 -0.0429355874773368 -0.147182632559935
-0.0169969234837771 0.0293465195665389 0.0590600899333807 0.109993725022897
-0.0170718426041103 0.0252613349120627 -0.133863832419883 -0.0277039319710716
0.0114115393871544 0.00387918501987613 -0.214498354316088 -0.360775739123638
0.0616449484659356 -0.0536851161757447 0.207792700707552 -0.470234885063539
0.11632574493894 -0.00757616705580984 0.69864939678628 -0.00102163901079191
0.0457401295781336 0.0853576277452407 0.429501066415004 0.68426439196565
-0.0439559519575809 0.12060824670485 -0.103404923305315 0.546141025522425
-0.0711798346279677 0.116959656110414 0.0714032353826934 0.0346897083710662
-0.000200502325766218 0.116334126022168 0.0891348936984069 -0.538838014216669
0.0821475978328223 0.0292228069087826 -0.532801216784019 -0.551081473659852
0.0749213708981969 -0.0518510105658602 -0.738321649154532 0.210062979490631
0.0167048466910518 -0.0472462323736365 -0.147257006646219 0.579715993330873
-0.0171482756035435 0.0248579596257118 0.270986079749537 0.261498604463391
-0.0145481619055263 0.0334453697663593 0.200039972783134 -0.0408342548102569
-0.00873928332025417 0.0185096883309557 -0.0407338697748422 -0.147442451356404
-0.0154044966349059 0.0271489268659234 0.0586478768516659 0.113572154032912
-0.0152574513146402 0.0324105094572317 -0.1327765982383 0.00915366619351366
0.0140781299018066 0.0155595394109271 -0.245276192401789 -0.309660539322954
0.0606390763563354 -0.0518575168331802 0.140002541010841 -0.491044958590618
0.115650499370453 -0.028259499757043 0.680282234321814 -0.123098320458306
0.0571629179306279 0.068086717760993 0.52065274272266 0.601846469189461
-0.0317967491784772 0.118034625846234 -0.0521684482630457 0.571749629035296
-0.0757820204120108 0.116163376599017 0.0464093767535651 0.0799732226538084
-0.0174198090121998 0.117069876447297 0.140810565100022 -0.504839643047292
0.0733441901137666 0.0367758433420969 -0.437523615298744 -0.63677416460204
0.0820509745444373 -0.0478462731315377 -0.767001560569445 0.0790110405407614
0.0330039549012944 -0.0498658591424578 -0.230522964113737 0.568851519541059
-0.010127267649955 0.0266825401871171 0.245397273248312 0.321398866721107
-0.0151127145235632 0.0349202666434294 0.201728007017727 0.00193397362243314
-0.00690585575085681 0.0149971326483783 -0.0380896421517685 -0.146983974173318
0.00836508719295929 0.00188473708896441 0.0457457116344729 0.11664719295564
0.0105597870454711 -0.0279708165825755 -0.157426943994565 -0.0224764516822051
-0.0245493923933133 -0.0435226399640474 -0.185230907357309 -0.373356225503151
-0.0321452574791265 -0.0167684422247946 0.277643292547199 -0.492358424420687
-0.00524221493244843 0.0326339643603081 0.720863710245682 0.000806522505657016
-0.0450049696888999 -0.000975616425729381 0.388417173032747 0.674087038050865
0.00463905332266741 -0.0706539881687048 -0.137014987977343 0.516984241904922
0.0294662904599423 -0.0672354778970091 0.0800943705449661 -0.00134792893184047
0.00392237347487947 -0.0461556363336764 0.0698703540509396 -0.572888363986974
-0.0258078874376415 -0.010863742917345 -0.560469726705787 -0.552263161461613
-0.0388051899925984 0.000957409707577853 -0.71228155303307 0.221648027903715
-0.0692611110639944 -0.022236245841006 -0.0898211405324677 0.575371904277735
-0.0420685870963481 -0.0228259890197816 0.298799224027577 0.267167904394232
0.0283289343689149 -0.0126266989821951 0.175569728336117 -0.0376327225699944
0.0272650748175372 -0.00588994726183071 -0.0603712642947131 -0.150710726852335
0.00230347083020533 0.00734240543697668 0.0460557293167047 0.112321766752729
0.00283594807038225 -0.026925698589308 -0.149807352139195 -0.0556984391571657
-0.0235791102682568 -0.0436757164362431 -0.159440730268442 -0.409645195838086
-0.0201756644534223 -0.0204829032201313 0.319753488788644 -0.459917352118706
0.0130739464763625 0.0362191711108504 0.715025912778738 0.109317795295631
-0.0299438568594136 0.0117375456347742 0.305033603226353 0.733623792460189
0.00319213443963071 -0.0446291949623253 -0.166261306881992 0.494897388372699
0.0177371493995477 -0.0389295666987684 0.0993057335527464 -0.032335265837026
0.00411746090247262 -0.0174573009405694 0.026269068465331 -0.586189709234308
-0.00996789554691416 0.000719199003495343 -0.619314651449454 -0.473701232755925
-0.0273346993119264 -0.00457106266589799 -0.677974537696601 0.313564293273843
-0.0653590020921838 -0.0270436310411406 -0.035498842226637 0.569734756347279
-0.0390888494150985 -0.0198676270219684 0.307567141624799 0.216330384426451
0.0263351853058671 -0.00726564225239136 0.176316603552599 -0.068880620411845
0.0200518746989875 -0.0001365286620218 -0.0574680817379595 -0.149251046826735
-0.00426109813526345 0.0128432167634626 0.0478996802744772 0.108794634908402
-0.00545461272348281 -0.0205815105808775 -0.142840869930336 -0.0783200378726866
-0.0178288959956121 -0.0387957898374144 -0.142572965810137 -0.433389848858742
0.000847510598780403 -0.0262746983472095 0.347696451960505 -0.428174309337275
0.0368359282554094 0.0394251824093313 0.702435768558844 0.187302970294861
-0.0172947765811776 0.0318792194578201 0.248575508103154 0.772368276734923
-0.00943653439896566 -0.00881675552695405 -0.181351444344559 0.477326311537148
-0.000175916018608709 -0.00363575179207577 0.113820040827537 -0.0500427958086267
0.00714702341607489 0.0136486297399591 -0.00427408110869822 -0.590895958831568
0.0132489515748843 0.00834992481838031 -0.656132941348242 -0.41649056811487
-0.0104576222190573 -0.015045805275888 -0.655516795657449 0.370911336905518
-0.0557206779824163 -0.0319560109095481 -0.00558905570001012 0.559850115478339
-0.0357158915157291 -0.0116390375011737 0.31110120611784 0.17851063840424
0.017944537845684 0.00108802584449539 0.177368110914726 -0.091494808806004
0.0133078723063017 0.0073247685235687 -0.0537712900277815 -0.149249879805337
-0.010227445464862 0.018551899573971 0.0491807910364728 0.106453365926875
-0.0101423140123731 -0.0119161003840853 -0.138467861402653 -0.0882822136186969
-0.00902014268857813 -0.0311989784734199 -0.140191692680058 -0.437438096521519
0.0236530766796762 -0.0333503503164199 0.348103795868877 -0.412593008585091
0.0620110432376111 0.0384204932674836 0.69576130092632 0.214689620480629
-0.00504289174243052 0.0566491243583868 0.233829775724101 0.789929788245855
-0.0284231977492995 0.0324016205513041 -0.184495715911271 0.473610364834546
-0.0214119765082488 0.0362755780478488 0.116556264894574 -0.0525163934537447
0.0129545604978166 0.0468425635222495 -0.0105736425177083 -0.588841784282175
0.0382418355875207 0.0118554059322623 -0.663297841790724 -0.392461570524826
0.0105310962057536 -0.0287014606064086 -0.649929070026745 0.389352552973493
-0.0423438324036973 -0.0349318779245643 -0.00177456927263456 0.556292111874051
-0.0328419767642573 -0.000899620658938935 0.309192449779199 0.162752101460395
0.0104379187706794 0.0114458001097811 0.183728055804746 -0.0992584999898834
0.00510782633595215 0.0131645933585153 -0.0486218571316619 -0.1477062641514
-0.0143412641980894 0.0237493636030963 0.0523899090824994 0.105761850973395
-0.0146184449888827 0.000408174096317745 -0.135273694514668 -0.0816845018322215
0.000300299005957617 -0.0220995532360266 -0.154151477601863 -0.427077937262534
0.0434408215895235 -0.0410241658959977 0.322766495184285 -0.417555431389549
0.0871389231427849 0.0305417649542515 0.696328580130884 0.190742837100724
0.00941951864112974 0.0793083551721122 0.262705647467386 0.779916081514699
-0.0449522837086298 0.0741161268208902 -0.172082722571997 0.486433565186943
-0.041987446353386 0.0732653206335525 0.110432569914253 -0.0367534092087509
0.0158051378837599 0.0772230505558852 0.00435334764701802 -0.579432549409084
0.0621312575062956 0.0150091813121718 -0.646431379377459 -0.413719011122792
0.0342490057334541 -0.0408397221763022 -0.6660938758545 0.369836497885768
-0.0239711242974802 -0.038230819792102 -0.0256872806738719 0.562255578728325
-0.0282133789129774 0.0110982999678625 0.301804323937756 0.174355554705866
-0.00040988811981768 0.0200260629740151 0.190372208696348 -0.0932989484103703
-0.00192524201347555 0.0176953652698916 -0.0449199274014696 -0.148307230469147
-0.0175868398109362 0.0276330364118774 0.0551303469941546 0.10782351138237
-0.0164063113532769 0.0124573231191365 -0.134349559151259 -0.0618364018104997
0.00724395851484823 -0.00928238908280453 -0.180754935196756 -0.403027477056931
0.0574760321513842 -0.049594100205228 0.276751055315937 -0.440402957520211
0.106661733972952 0.0135397593794014 0.699828655886693 0.112809931636026
0.0271643185213631 0.0893401778531011 0.332888534400785 0.748889202001308
-0.0501493226150392 0.104796327955191 -0.145946701706573 0.512349087123247
-0.0603390627068258 0.102062867918322 0.0941793651720278 -0.00549015458898013
0.0107528490376282 0.100752248186214 0.042930438723291 -0.561180941850147
0.0766376628489144 0.0207599252598572 -0.600399298295479 -0.472356093285176
0.0575474173936379 -0.0485202571200258 -0.70095720628808 0.306594108704362
-0.00356021342226062 -0.0425671374884803 -0.0780097284578866 0.573467735185217
-0.0235794144296999 0.0195318589828268 0.289345552420784 0.211455099608301
-0.00970212108183622 0.0270691418104133 0.195424451617269 -0.0709592653330079
-0.00717845495092918 0.0182916939370033 -0.0413449961246111 -0.147557830451809
-0.0177223827214018 0.0289268340593829 0.0564837697553335 0.110161800116765
-0.0177509878972913 0.0235541845657555 -0.134253180236186 -0.0298394455262513
0.0110424490578844 0.00369287837291082 -0.214059765579443 -0.36192786114937
0.0629324013920013 -0.0536940634696708 0.212825168445833 -0.468853946991571
0.115795343042801 -0.00752508193066495 0.699215622031503 0.00294964739121821
0.0438646608784718 0.0853417879079817 0.426026011361564 0.68889724728354
-0.0451003199161593 0.119980203502737 -0.107409513900505 0.543538059665429
-0.0726372974107457 0.116243668956933 0.0710764637146771 0.0353905967841034
-0.00189468181546835 0.11644550897545 0.0936569410580576 -0.536575900082772
0.0821293317646858 0.0301363411356259 -0.526622228129693 -0.555360457682053
0.0750437995807668 -0.0514932615399956 -0.739872745341329 0.203735629268976
0.0171656365115591 -0.0469324173816688 -0.151561068462878 0.577736536329985
-0.0167290610909221 0.0259482319296433 0.268169787250283 0.263543218802715
-0.01420569324002 0.0326103149597545 0.200662804537938 -0.037565136749085
-0.00912402546905077 0.0189992016446074 -0.0387122434072675 -0.148205477402715
-0.0164706438971306 0.027332333146895 0.0576412050773754 0.11251144730078
-0.0159117305134292 0.0312671431829571 -0.133422584817513 0.00641303880481387
0.014105702838743 0.015340410359993 -0.241946961738401 -0.310813833456975
0.0614528619068751 -0.0519443489534512 0.142992195507012 -0.49131575623995
0.115786303207388 -0.0281613297091206 0.678872859626877 -0.118770670454883
0.0559250381048661 0.0682513750691152 0.518573487597997 0.606638199339473
-0.0329860471102133 0.117709056470972 -0.0559652249764462 0.571132260419657
-0.0759287264196119 0.115591634072621 0.0451814706309529 0.0817840415455859
-0.0181568396111 0.116823271741686 0.145479283442893 -0.502328703632743
0.0722562595125966 0.0371364289361504 -0.432092137897551 -0.640906675605678
0.0821873837374578 -0.0468656262129894 -0.767448562949123 0.0714596503249633
0.0331375954601243 -0.0495724607493187 -0.232771281892093 0.567337903667767
-0.0105767501257024 0.027927970977321 0.241706175112556 0.32513680425172
-0.0159627277798534 0.0336992392167674 0.202698858430712 0.00398375680191566
-0.00685729485105354 0.0146031034396664 -0.0372211133046546 -0.146594286553946
0.00820764703466729 0.00132141412292036 0.045180331080971 0.116425669068793
0.0118049193885498 -0.0284805911886407 -0.156791706309151 -0.0233046773171049
-0.0245313650515423 -0.0447665621799028 -0.184431994451067 -0.37516290885504
-0.0325022422122615 -0.018006077897998 0.281458702128127 -0.49174201396063
-0.00551011858912616 0.0312718089849245 0.722527088062504 0.00760865271657047
-0.0450849938885978 -0.00172478704513889 0.383894785457481 0.680196343319323
0.00538146920949515 -0.0709935737217233 -0.142376795419208 0.517632801163827
0.0311331870107825 -0.0669732805056424 0.0804193933550791 -0.000933026803923179
0.00510631449890416 -0.0471029537719792 0.0745962019154386 -0.573236882538685
-0.0260005291526266 -0.0116332633782212 -0.556743494254582 -0.559485719286889
-0.039145255194162 0.000742114467956641 -0.716412932610078 0.217421718979816
-0.0690650656643808 -0.0226956677820958 -0.0949874224602512 0.575612360990115
-0.0413217287547328 -0.0227288609871519 0.297732401894731 0.270159957975278
0.028998681186207 -0.0125381786844704 0.176182424236603 -0.0355320170526248
0.0268880109487815 -0.00612619509167656 -0.0587765277064548 -0.151382287897403
0.00187518596122065 0.00714256326409297 0.0450448347011422 0.111608506327708
0.00385671422726364 -0.0266422504864251 -0.149501825935132 -0.0574085107695517
-0.0231687576760832 -0.0439170329712274 -0.157553689777619 -0.414819166925239
-0.0191583838666344 -0.0196579677017693 0.323890717824931 -0.458490137181583
0.0129070139018421 0.035740507517653 0.715565887380852 0.116090604306438
-0.031186743031651 0.0105459713529235 0.3026667044459 0.74108707531239
0.00314311562848988 -0.0450555451749037 -0.171527091399773 0.495387051303296
0.0183230226123765 -0.039695382184921 0.100744775068319 -0.0308354414322044
0.00346522009307183 -0.0182497988201221 0.0316657539330484 -0.587009476869755
-0.0101019343658092 0.00132960988114226 -0.617164107164823 -0.479192226348742
-0.0282446137967761 -0.00448804574604143 -0.682926284251354 0.307732852918009
-0.0664872221102817 -0.0269800702606578 -0.0419036378057867 0.57055221270311
-0.0391194075160786 -0.0198331671900513 0.307530367920827 0.217580986940205
0.0258392238973149 -0.0075372518638755 0.176358941765052 -0.0692586255786501
0.0205044142979135 -0.000407593010211837 -0.055945765338198 -0.152082824420879
-0.00336204696204283 0.0126393257292649 0.0463472382634105 0.108640789101996
-0.00459642990769094 -0.0215405515047904 -0.142445223022699 -0.0788908420206078
-0.0163723219851196 -0.0386544658958062 -0.13997023954998 -0.436052950343988
0.000672110329386508 -0.0261094271448982 0.350613596087833 -0.425694212670266
0.0363483029682496 0.0381618120704459 0.702197843156856 0.193696317138286
-0.0184052495724202 0.032121609737742 0.244760851811227 0.777613620202112
-0.00954231440395654 -0.00923573497870993 -0.185026212326267 0.477846898374257
0.000138403959256417 -0.00350191407322953 0.113786926841857 -0.0490220817603535
0.00588908770537338 0.0140147072129948 0.00184313701043796 -0.593316823828013
0.0123123937070259 0.00894839935528592 -0.65351316016322 -0.421898397848707
-0.0105751248825774 -0.0155893624770935 -0.658396291103501 0.368261473548731
-0.0568087356430523 -0.0319979269820409 -0.00992179427585009 0.562526131354423
-0.0354108999269614 -0.0121671810573575 0.310811638865819 0.18091700246386
0.0197639986248963 0.00125738335600416 0.179391850475749 -0.0895729017454301
0.0125783778047149 0.00806365290058656 -0.0516666727801965 -0.149349268979421
-0.00945268901827441 0.0187995679798392 0.0485967573807952 0.106567719178325
-0.0103582675242545 -0.0127010059993548 -0.137982927307069 -0.0896769540042773
-0.00849219658443007 -0.0323883001335577 -0.138401070580842 -0.43972598419382
0.0240655823514946 -0.032551340404479 0.351224125357799 -0.412326540270688
0.0618731534476617 0.0375310852559963 0.694721496807518 0.220827039788428
-0.00587579429404577 0.0567088731828051 0.22887729418716 0.792500242496305
-0.0287076421874759 0.0322183966366578 -0.186401914882781 0.474778250269717
-0.0211161312333781 0.036753321373832 0.116459621973761 -0.0514987856108395
0.0124568750279188 0.0471971470287169 -0.00485798973385279 -0.591741361371945
0.039210799010002 0.0124793507669645 -0.662264315626531 -0.401262193005647
0.0115365581517341 -0.0281145111334217 -0.652086003499616 0.387125556867627
-0.0428170595912908 -0.0353911534105466 -0.00382351283848347 0.559336400106615
-0.0314761498606323 -0.00180843909220371 0.30731745051598 0.165737888567375
0.0101222150147534 0.0106724556890612 0.18501259008996 -0.0976982583052816
0.00467956641238049 0.0130384995195306 -0.0476513117190525 -0.149246603710937
-0.0157022487100068 0.0234105617250447 0.052047976566599 0.107532430808005
-0.0146688823686238 -0.000908852149926268 -0.1347184716485 -0.0841072306633661
0.000924236483616588 -0.0218604621061192 -0.151259756718516 -0.429904012377949
0.043812091131437 -0.0414544218759362 0.325822829750118 -0.416454548938583
0.0865860774356412 0.0300198031264501 0.695995880492616 0.198203174310456
0.0084870486383981 0.0791806740572208 0.259240725731226 0.784603892077317
-0.0456356156008681 0.0733124434980982 -0.175669682207124 0.487007051598821
-0.0437818805437173 0.073561124772003 0.110504823359833 -0.0359357400612469
0.0145752821850059 0.0770575081089199 0.0109752140208864 -0.580936226604405
0.0625222311351752 0.0149782506476606 -0.643652994280059 -0.423454684798093
0.0343305560949354 -0.0411294583721478 -0.67089172119586 0.364863310240428
-0.024508101763893 -0.0396964496707058 -0.0309233347445793 0.564347035062641
-0.0284683839689539 0.0101672491848207 0.30199804363091 0.178446600714398
-0.000423615670677689 0.0197455233153407 0.190443016694853 -0.0907227550651994
-0.00262478808007132 0.0172785886211846 -0.0433392824339367 -0.148077528894104
-0.0183391678115013 0.0272684454809243 0.0534463285405567 0.10830524131759
-0.0170818307066057 0.011505172782613 -0.133813980983723 -0.0631438041705069
0.00795911270618124 -0.00990170336305899 -0.178668632633206 -0.405706829800836
0.0572296565415116 -0.0492507150375553 0.280779974158427 -0.438860070886066
0.105982404775671 0.0144544586745915 0.700808494815924 0.12198850936232
0.0259356342824472 0.0898770082003708 0.328041531627081 0.753923285404769
-0.0524127674818919 0.105555988384385 -0.15198237793061 0.510889529093683
-0.0605339761376279 0.102002721824999 0.0934286369744359 -0.00519957881132228
0.00937658346838492 0.101668929658087 0.0485107655261827 -0.563151401711099
0.0784071223885985 0.0210152708156094 -0.59843431441066 -0.478454558055326
0.0582106457894338 -0.0491187942761048 -0.706641812474484 0.3013006282255
-0.00395208333762883 -0.0423943860977912 -0.0829702884281828 0.574036306930702
-0.0243141780575531 0.0195875307565255 0.289487044280208 0.214078001796308
-0.0108398146186641 0.0263828436458196 0.197485331259498 -0.0686280648239532
-0.00818460421960998 0.0189293886249215 -0.0398338776313347 -0.149609737471949
-0.0183699156654984 0.0286024464135776 0.0562854515981511 0.11115432571933
-0.0182934905770689 0.023169629921418 -0.134224542704011 -0.0322329736149891
0.0118456659980605 0.00343760036868023 -0.210513215614996 -0.365455194239143
0.0628426679748585 -0.0527009753186299 0.216309454528963 -0.468837211184407
0.117001359103297 -0.00759177069238491 0.69901388816879 0.00945268558458182
0.0449682542716472 0.0865716209727587 0.420651271099163 0.694467323797582
-0.0458659183658628 0.119824638446942 -0.113296012943125 0.543579994289435
-0.0729641704150628 0.115981725508457 0.0708797833748241 0.0363057879657392
-0.00265088138881764 0.116045769367523 0.0990142863731375 -0.536742701785471
0.0816976047294751 0.0310719644258502 -0.521527427783419 -0.563834353917537
0.0753130016101851 -0.0514066526976071 -0.74345112347204 0.197697960967575
0.0181061461142798 -0.0467128625866817 -0.156867008145447 0.576910257082474
-0.0180062922053289 0.0246324553861202 0.267942029447173 0.266599181782757
-0.0157901805235311 0.0316138609914265 0.20184109008728 -0.0348225720429186
-0.00948323884749803 0.0175408779429343 -0.0369337874681812 -0.148374573223878
-0.0164248371164737 0.0277018936209102 0.0565070167145983 0.113695398107693
-0.0167207019304196 0.0299345886122189 -0.133488487206238 0.00487475721316563
0.0133612558053058 0.0147340885125712 -0.240191125509692 -0.314787148943812
0.0626521293835262 -0.0503106344129975 0.147283320147916 -0.489619505397139
0.1160346660008 -0.0271248803664309 0.682780142757949 -0.112769276773761
0.0562665050627005 0.0694637913173248 0.515093813173394 0.611910464354469
-0.0337093933746353 0.117761812120077 -0.0609012504534086 0.572921176863266
-0.0775995912698608 0.115604184947998 0.0443866485170261 0.0809877758096739
-0.0206809808594458 0.11772860842975 0.150346267374216 -0.501778677244088
0.0719362779201556 0.0381389163104178 -0.426168163451226 -0.647585400847621
0.0834913185184841 -0.0474119622630145 -0.769919159319932 0.0653806714924587
0.0326192671269339 -0.0496672752695223 -0.237760135851036 0.564729690984098
-0.0106866623693478 0.0268191028106356 0.239003281302577 0.326764411513506
-0.0165355850060401 0.0344743391777422 0.203234772797266 0.00537174918717501
-0.00708560887139607 0.0142856094621003 -0.035806619620453 -0.147693321892785
0.0080622071673527 0.00126559020331032 0.0437216711662762 0.116727137229072
0.0120003762238813 -0.0282133856409728 -0.156906450443573 -0.0249708784509997
-0.023699452252174 -0.0451343293781958 -0.183770124971559 -0.37901603826614
-0.032071971037017 -0.0173396560882905 0.284793423116811 -0.491991710966601
-0.00685116984530601 0.0317121701958062 0.725716459649163 0.0137335816060518
-0.0455699597278926 -0.00213656256356815 0.381450855774784 0.686987017291329
0.00575875295821312 -0.0712290733334259 -0.147008924896145 0.519523402952677
0.0325241775527079 -0.0675261411222094 0.0798352985408692 0.000292165657884962
0.00511492365834012 -0.0462163442072796 0.0817664644530977 -0.575159802446156
-0.0261975221083893 -0.0114100207853224 -0.555612882151036 -0.567065765515108
-0.03967007036755 0.000244306144849649 -0.720826723468581 0.211499172457556
-0.0701756192789654 -0.024122190019827 -0.0984523209211717 0.579650842344395
-0.0408026664464301 -0.0234774354301266 0.296544901844226 0.273045429602709
0.029319941060091 -0.0125174944531684 0.178964653247568 -0.0342728792818575
0.0264772613854245 -0.00612626172298744 -0.0571357653835351 -0.152934019283294
0.00140947979370847 0.00770429452623814 0.0444299597807554 0.112873514262641
0.00444543219260412 -0.0280632252408235 -0.150250359983195 -0.0589639825683228
-0.0219444750373646 -0.0441880009403735 -0.155017762025446 -0.418310883577334
-0.0193513208797797 -0.0208544211349176 0.328517892149466 -0.459377567321796
0.0126264973036349 0.0357825296629545 0.718202030274841 0.121833214897537
-0.0311075213378294 0.0107376082273564 0.297319532181766 0.747697890000732
0.00393833240321528 -0.0452510060844155 -0.175559687791775 0.496065858406182
0.0187479853108158 -0.0394222121204063 0.100447069561485 -0.0302851813977288
0.0029497953438994 -0.0168566172937336 0.0378741354532761 -0.591322121510043
-0.010654157499489 0.000658637545736668 -0.615302744532931 -0.487776547817449
-0.0280258947540244 -0.00581668218926166 -0.688576005255588 0.304421766876722
-0.0664934648861159 -0.0279990819717594 -0.0455859842222151 0.572743293881864
-0.0380407764623971 -0.0206116387408159 0.306883384841927 0.22115305538829
0.0262743611071893 -0.00764419219733354 0.179278635484628 -0.0669049969303708
0.0200996193821076 -0.000440669687321166 -0.0547954429590197 -0.152015877878804
-0.00414349092287462 0.0127986188206137 0.0445977018325898 0.109089288618528
-0.004265878969214 -0.0231451328848306 -0.14188516045564 -0.0819932502781981
-0.0168158277802472 -0.0399903296821531 -0.137077076817397 -0.44003136343867
0.00155013112874141 -0.0267072228186838 0.35452311516746 -0.426599368003571
0.0366244985816871 0.0388373309105412 0.702998685743396 0.199817281503315
-0.0180330908479899 0.0315492097001026 0.239811171030082 0.784614650813676
-0.00975925002800028 -0.00941063002837267 -0.189869735361526 0.477504900250978
8.30638130672494E-05 -0.00296971328564316 0.114835209284703 -0.048023578663309
0.00650508375284458 0.0142555212091546 0.00801088064373681 -0.595304530816695
0.0124198091125065 0.00740075876542438 -0.652964143299697 -0.430735742951526
-0.0107884543027495 -0.0159930956045877 -0.665991987081854 0.364758961587399
-0.0574266344262273 -0.0323021704102225 -0.0131130991388158 0.565347514495478
-0.0349210941214713 -0.0123795754534078 0.310116959370531 0.182562036321958
0.0200670054338225 0.00111633257299821 0.181742643909398 -0.0900171363259364
0.0122376823195699 0.0065148653922835 -0.0509936384228176 -0.152008997010374
-0.0104061275901636 0.0185696041525155 0.048257333579176 0.106836937431879
-0.0108354462269772 -0.0130473704675897 -0.137133735299992 -0.0913224963702524
-0.00711796063042488 -0.0314769256810762 -0.134703678619267 -0.443676063134161
0.0247286228069165 -0.0328505819327147 0.355688589829794 -0.410950706363268
0.0622092140767528 0.0384313035005358 0.695876225012253 0.228086916163758
-0.00655678506384124 0.0576368922665168 0.22545259326374 0.798986484529223
-0.0280543581188742 0.0319416333910771 -0.193839248967675 0.474928331389941
-0.0219539928787419 0.0363880024828218 0.118170426698802 -0.0503270699871689
0.012398161523395 0.0474360679297712 0.000891600110284794 -0.593019315750448
0.0383217729802944 0.0130717816351904 -0.659011579352209 -0.40890670671455
0.0108677433116356 -0.0281928747168454 -0.662417509315072 0.383364756033502
-0.0415619347345685 -0.0358176904407017 -0.00967801126999815 0.562213438153202
-0.0322768890725678 -0.00149735041667648 0.308481621167237 0.168773276349899
0.010178487111618 0.0103229215047825 0.186346663585159 -0.0960870736744268
0.00439920591608348 0.0122922279885606 -0.0465673905203016 -0.15026838090054
-0.0162993538496347 0.0239463004569638 0.0504622604401618 0.106365261673863
-0.0160223915061953 -0.000945975607991339 -0.134207643459644 -0.0857878606102366
0.000799525377833473 -0.0225191464348408 -0.15112535775412 -0.43514450552611
0.0443720854923396 -0.0411210307439877 0.329697181678847 -0.417784017839056
0.0869132618235585 0.0303108762025299 0.697555183333823 0.20246712733979
0.00773201146547707 0.0798952999991951 0.254625982266919 0.790324516927295
-0.047320858440584 0.0741645661973459 -0.181190425361363 0.489308580713433
-0.0431857213423005 0.0730969577435689 0.110523780380507 -0.034184869106529
0.0131375046400696 0.0777894478915021 0.0184245303197545 -0.581802721542935
0.0624220405024215 0.0163192340290802 -0.642374088092078 -0.430136113140649
0.0340478140680848 -0.0411441036038665 -0.677090943034427 0.361076117369664
-0.0247464594647752 -0.0397734244457207 -0.0341814973509065 0.568371058937574
-0.0279566628745415 0.00999202323750791 0.301702721715076 0.180311526050593
-0.000707608673837925 0.0193011858545466 0.192551646211306 -0.0897063847173364
-0.0034527475307347 0.017059594050275 -0.0424730392704632 -0.150472505660167
-0.0189807954349356 0.027219653887534 0.0536802261597988 0.108508526748647
-0.0182410969492769 0.0106708713674801 -0.134112186043503 -0.0650398166894218
0.00828463916780907 -0.0101649475867372 -0.176148713379504 -0.408661996471405
0.0574698632998045 -0.0483484944658052 0.284705104199337 -0.440473111313631
0.106561466108482 0.01518903621999 0.703349622868406 0.127029381745264
0.0252465392757412 0.0906963612475913 0.322929962331909 0.759910054030986
-0.0532818782980042 0.104460721719364 -0.157193828562077 0.512754169554922
-0.061740554730034 0.101290648105463 0.0942457045782069 -0.00501251341659898
0.00920580775685656 0.103057519422715 0.0556583225794193 -0.565692324299415
0.0782575551500281 0.0222053344736351 -0.597095297106738 -0.488009865014616
0.0579082317864142 -0.0484874138151336 -0.711577403390651 0.29714951411199
-0.00311775053013057 -0.043253673119469 -0.087104844078339 0.576528943114802
-0.0240745312029391 0.0190206249663957 0.288169130439127 0.217151021209758
-0.0108475158764493 0.0255639261449428 0.199094098433201 -0.0678473386259872
-0.00855257428096342 0.0187318304305575 -0.038610087954191 -0.150202618903001
-0.0187992204540597 0.0289669499970936 0.0552301137187544 0.111728041809617
-0.0193747595223211 0.0224692042721037 -0.134043339988933 -0.0332343476298481
0.0128768467580764 0.00201639935402946 -0.209483438967735 -0.369598684811739
0.0637143284180371 -0.0527603125187732 0.21935849723351 -0.471037428341018
0.116715922503801 -0.00661895235707052 0.70411591513128 0.0151736494756613
0.042237400239629 0.0863220809245588 0.417725065271678 0.700700164223988
-0.0476376313517011 0.120282748054072 -0.116859338454178 0.545440180265513
-0.0745050232825503 0.116108019018234 0.0711563520420349 0.0362018163619346
-0.00426652674552525 0.116770862477143 0.106025733292614 -0.537614098426468
0.0818670174498586 0.0319067405479901 -0.519863298354647 -0.568944597651542
0.0761685002175342 -0.0501376603028472 -0.748604929129802 0.193239029976545
0.0177635650665844 -0.0471808360332628 -0.162235170620508 0.579677492011025
-0.0181887761945181 0.0250214135762892 0.26656788354303 0.268721617325324
-0.0159021837930864 0.0301235106374165 0.203201304857155 -0.0344351634758994
-0.00970985909823733 0.0179386063779881 -0.0361543154742904 -0.149664799549894
-0.0168059160376874 0.0274651858968618 0.0557913486304156 0.114824208905451
-0.0174603746011471 0.0290994387257109 -0.133890603883026 0.00370575568507298
0.0141677981062966 0.0152116942397773 -0.239486709106994 -0.318224198769927
0.0624641809561578 -0.0503342145770843 0.150589472099346 -0.490788439200383
0.11550136616548 -0.0270252956366099 0.684969637205272 -0.107176753090715
0.0555736613490888 0.0700588046920097 0.511657800752328 0.61950796560054
-0.0344410870021222 0.119599363401478 -0.0659924120216863 0.574831625935722
-0.0784753428679036 0.115736825816966 0.0441557697338481 0.0827971820865858
-0.0215685905521838 0.116959687989284 0.156559894096438 -0.501832139983117
0.0717923592038924 0.0394296045359471 -0.421519419729135 -0.65442050301931
0.0839275115346525 -0.0470462894900078 -0.775799429159141 0.059333250723587
0.0333600733636249 -0.0497202823662995 -0.243747205562154 0.568865469697976
-0.0118780501628214 0.0259290363273005 0.238107871462194 0.329149287124655
-0.0178472365906737 0.0336158949542495 0.205512329369641 0.00840190631294357
-0.00837127250429331 0.0142629584568699 -0.0344357594790944 -0.149550892946858
0.00761967074484524 0.00141132421576143 0.0424753542322609 0.118184938381577
0.0122541795486541 -0.0299406595396612 -0.157533454509007 -0.0271144256168331
-0.0231351144467677 -0.0454126404034422 -0.1812339211674 -0.381531701486262
-0.0326935642845756 -0.0172261805760606 0.289152247563484 -0.49397579702909
-0.00666792309522621 0.0312135627803749 0.730202915865525 0.0159593288002766
-0.0464175380305644 -0.00296447768055782 0.380522318272447 0.695707645131168
0.00683894535831226 -0.0719240223282986 -0.151438973795484 0.523131635507426
0.0328254014371716 -0.0680100768852172 0.080791718231267 0.00184836768881105
0.00472113567441787 -0.0469711486833637 0.0867193610637913 -0.57948475003872
-0.0271729006911442 -0.0117721640400451 -0.555236790682055 -0.576704283222991
-0.0395257270437051 3.69849831719261E-05 -0.728550844391929 0.207692083573876
-0.0702484390209717 -0.0241628505508256 -0.102967831882877 0.583020643017818
-0.0407616096098313 -0.0232559263726132 0.29774183066723 0.276702152989734
0.0295130307243599 -0.0129058251492677 0.179921856101482 -0.0335564501328756
0.0267516852050611 -0.00672208686146957 -0.0569736735100708 -0.15455331067305
0.00117998092415013 0.00717804174867875 0.0434899044820569 0.113146584653971
0.00290410731274457 -0.0289635315838974 -0.149913176067353 -0.0611086117314614
-0.0214118793096525 -0.0446648356418579 -0.154683430404789 -0.421317700712711
-0.0196466981477158 -0.0206923079293522 0.333487493976647 -0.459791095675458
0.0122446659661868 0.0353022633067874 0.721443018250038 0.129602846937951
-0.0311000142603704 0.0106907447297151 0.296202891783381 0.75395852688755
0.00347848447676717 -0.0449909252332945 -0.17998141035637 0.498071482134879
0.0202295605363924 -0.039363907899346 0.101061751675791 -0.029385578316053
0.00302205533872557 -0.0178268211160068 0.0423131026538932 -0.596309009068245
-0.00985470580233544 0.000487262349062788 -0.617196623742054 -0.49721118543782
-0.0283368132194299 -0.0055094799328038 -0.696340233986173 0.302991019893873
-0.0664026764115866 -0.0292227355270318 -0.0477648615157793 0.578874169872085
-0.0378508059013704 -0.0204037604648249 0.308234241415435 0.224225745406104
0.027094947174481 -0.0084141316164199 0.180901965729742 -0.0653892963596664
0.0195041874643724 -0.000504466160866507 -0.0540998409935057 -0.154280979753629
-0.00511938022307936 0.013076345951102 0.0447235459583301 0.109945197977628
-0.00444814491869762 -0.0238936321853826 -0.142007026876433 -0.0834615875780076
-0.016385776396892 -0.0403698118113911 -0.136147444495616 -0.442734783150564
0.00141725488999944 -0.0267665952475236 0.359408985189733 -0.426763553506649
0.0369113159666993 0.0385593686951709 0.707789459493691 0.206630169801156
-0.018331204531513 0.0317617034267852 0.237118699797452 0.791619173397794
-0.00942970317632608 -0.00902184530158678 -0.193984994576755 0.480041549954705
0.00139684310365123 -0.0032481957214658 0.116231855985386 -0.0478652698106189
0.0061933783761228 0.0155897754224978 0.0127324683393334 -0.600463549917728
0.0115486173182733 0.00870540877650751 -0.655112523308178 -0.438545155920059
-0.0106966115414012 -0.0164580910450554 -0.67143537349071 0.363390951440625
-0.0573271665865894 -0.0339360847199741 -0.0180732201078833 0.571616719855241
-0.034667969250684 -0.0130354786381377 0.312820664591992 0.186646528864336
0.0202569043958989 0.00081499320521901 0.183676745601958 -0.0887745347142151
0.0119838285220312 0.0064664877732819 -0.0496668812589572 -0.152054839347338
-0.0108896383186963 0.0189858836708937 0.0471056800964008 0.106866010203448
-0.0117888564008133 -0.0149299109987552 -0.138611105722021 -0.0938277642274914
-0.00718875675650028 -0.0326615447907867 -0.135552443559916 -0.449167331078347
0.0250290323954127 -0.033083107409768 0.360086250673726 -0.41239492271929
0.0617722284665623 0.0383862850957841 0.70007852669837 0.235212540635544
-0.00692330015299939 0.0575186179690543 0.221651187642099 0.805714855916591
-0.0286905367153349 0.0329189528596637 -0.196910771740122 0.477669637402268
-0.0212151783044167 0.0367604575251392 0.118599573861825 -0.0498122277546775
0.01177246917406 0.0483060653593571 0.0046923940211632 -0.597454909906951
0.0378582353895905 0.0123158518468642 -0.663168850027898 -0.415850909249794
0.0108565963769918 -0.0289937346457611 -0.666923487971438 0.382475176606234
-0.0437639794570007 -0.0364823939882764 -0.0110055379728236 0.566638334850874
-0.0314168741844137 -0.00155081968324852 0.310160436179543 0.171695041606875
0.0104809270197258 0.00998141111759788 0.18966129227725 -0.096297869352931
0.00354130852855124 0.0125342197732722 -0.0453652261495641 -0.15208708249706
-0.0169252178294841 0.0237236391929503 0.0503356396911432 0.107742543763648
-0.01676972340941 -0.0025675073819124 -0.13593043133319 -0.0877284827667526
0.00165871576755073 -0.0231872303798746 -0.14758728110339 -0.438322857732163
0.0454403304521704 -0.0412442048018031 0.334994004391756 -0.418909976239264
0.0861729076151172 0.0318532802019052 0.70051297339482 0.21100249621933
0.00753256408357196 0.0802441839138781 0.250808402468987 0.798915518872268
-0.0472559054200678 0.0744264251618987 -0.184729419523319 0.48924506701104
-0.0434458431768818 0.0743927966377572 0.112296883694929 -0.0341602762743425
0.0126764825569951 0.0793573441137574 0.0225307603233809 -0.58725085601182
0.0621789863257616 0.0159179495506838 -0.644251665792151 -0.437744672365653
0.0351546730780952 -0.0407679572790002 -0.685001176609841 0.359721459812836
-0.024077140755237 -0.0402493816424999 -0.0380786895803888 0.570757557464004
-0.0290666690383389 0.00964676403474268 0.3043397921219 0.183022668430478
-0.00114577438329857 0.0195742124795753 0.195543318980872 -0.0891672386031414
-0.00386937201204939 0.0166991634782495 -0.0410452413546848 -0.152068246926831
-0.0197492728180991 0.0276459260074094 0.0524374104074679 0.110091150340664
-0.0186164658857228 0.00955762679287053 -0.135034930220183 -0.0681403175783863
0.00882026097002674 -0.0109960085340658 -0.176580993356193 -0.41276691854295
0.0591554019631914 -0.0483657146196633 0.288811695113513 -0.441920121947583
0.106150294320821 0.0152734262479662 0.706306014220402 0.133606486299514
0.0244984078179559 0.0916307261953543 0.322072390162833 0.768199283575885
-0.0541839864260803 0.105819485776186 -0.160794128371862 0.515245843715128
-0.0633149575137072 0.101588930083237 0.0950660192734032 -0.00392152634050041
0.00774600881197494 0.10308829719558 0.0610990375963495 -0.566596749664322
0.0771714263283703 0.0227840599200211 -0.597200561920911 -0.495075122117095
0.0590847730507112 -0.0492134588620322 -0.719757772436741 0.294700102014544
-0.002415643728102 -0.0439759703022113 -0.0909675154746612 0.579423111171493
-0.0237600120425051 0.0196786315425808 0.290630038224175 0.218875516956198
-0.0115148903610886 0.025981587115002 0.201681978053972 -0.066695556790246
-0.00883199790194448 0.0188715548550028 -0.037186119753249 -0.151680714494072
-0.0194647700291843 0.0284441585048263 0.0546701770076648 0.113199594303382
-0.0201318232187285 0.0207578099989828 -0.134580379112562 -0.0355351973691904
0.0124258211001517 0.00271995868050977 -0.208714700486458 -0.373831718663071
0.0654154206858839 -0.0520882368665814 0.224233195759559 -0.471439279802889
0.118057986104447 -0.00685642421300306 0.70712549136579 0.0211238398602307
0.0434069192950581 0.0867739130692897 0.419038552656385 0.710308173156862
-0.0492918353154865 0.121112406591779 -0.120925755508356 0.548790621490132
-0.0750354720088413 0.11563728888491 0.0708499256801582 0.0382322085805698
-0.00604187151925879 0.117887750114033 0.109651185230246 -0.541013679763124
0.0807921259035109 0.0328011640851952 -0.519619754601742 -0.578117548930123
0.076453471996588 -0.050581319615241 -0.754706399260343 0.19029467663745
0.017007728706326 -0.0470875446783226 -0.166199483757867 0.583804921064542
-0.0180320720561316 0.0251092612301717 0.26663304815782 0.272957444177932
-0.0173153509803225 0.0310208675957407 0.206311365360785 -0.0328451916360591
-0.0105318671519947 0.017097640055951 -0.0350002303310259 -0.152229144111086
-0.0168511741219416 0.0276670124929976 0.054310341473295 0.114976263353925
-0.0188359248099554 0.0281854057981266 -0.135007281157556 0.00223744062734913
0.0144422903588013 0.0146723070597675 -0.240271411614843 -0.322417581640403
0.0628801171060213 -0.0504079250168836 0.15447893242647 -0.493319239111531
0.118100489605244 -0.0269843677804745 0.692779566248711 -0.103993364332006
0.0552262038611613 0.0705028005558424 0.511781471662942 0.626066500136858
-0.0356694590285024 0.119364400819579 -0.0701821082436852 0.577207516859203
-0.0795590271553329 0.115244398502537 0.0430736002373861 0.0830719181833428
-0.021620407566486 0.118863212808926 0.160589440273267 -0.504695906577285
0.0710989243020252 0.040977654831228 -0.421311583217812 -0.661392667859792
0.0848154616178471 -0.0463232348477658 -0.779695139720704 0.0533447585009284
0.0333868032285497 -0.0502335117510681 -0.250096649005521 0.570972370751601
-0.0126509387928529 0.0261630954708271 0.238499263913741 0.333883501917111
-0.0183283440228728 0.0336269881996991 0.205833972873939 0.00989410142600642
-0.00863692573612559 0.0138024141173039 -0.0337126215679347 -0.150366333027698
0.00678937375959337 0.00198350679709504 0.0422277975661339 0.117977007347782
0.0114021081553703 -0.0308223129704543 -0.158851920064512 -0.0283466761519993
-0.0224599825843401 -0.0463448792767858 -0.182441185533009 -0.387264361312879
-0.0329781726105032 -0.0179404189953711 0.29312385630895 -0.497032419255037
-0.00679484644052479 0.0308287276725998 0.736199623753577 0.0227153659869032
-0.0470273638504702 -0.00309452418381337 0.381408063581323 0.703276580818433
0.00695305553821531 -0.071926003828481 -0.156283398922364 0.52609578559989
0.0340291415359073 -0.0675329159017032 0.0811146557537286 0.0018897068536019
0.00546069051384814 -0.0468740976597391 0.0899752655081562 -0.582761466738284
-0.0265448607320515 -0.0132112370934838 -0.5574831788721 -0.585294414511882
-0.0404215881379672 -0.000458438236078888 -0.735267927682786 0.207077902245977
-0.0716113117668228 -0.0246688948791287 -0.106576055278261 0.588724821906383
-0.0408697966424893 -0.023884539571782 0.299196426771335 0.279983825912207
0.0302969121983211 -0.0130232471011412 0.18324214928455 -0.0320189993437423
0.0266321462041833 -0.00676789145221725 -0.055855330193786 -0.156381629092635
0.00150364640256161 0.00694052085240834 0.0428242882173556 0.113725526673556
0.00422685999462769 -0.0303226152761759 -0.150168817846308 -0.0622480665315769
-0.020890056948912 -0.0453014587975658 -0.15408317545893 -0.42491692119741
-0.0198517755939559 -0.0214433225770349 0.336107698600731 -0.462343267435187
0.0119609434680485 0.0364027189412729 0.727580713434891 0.132012283340024
-0.0328127100843855 0.0106379900919142 0.296817070488581 0.764090803055819
0.00368306709276913 -0.0462696623912831 -0.186154918610232 0.501303141391442
0.0204575255168757 -0.0393909392421351 0.102648062639728 -0.028577133874216
0.00298922240218949 -0.0176653673280259 0.0477299878570331 -0.599635832318827
-0.0105499669580675 0.000501356523651717 -0.619796822624388 -0.505555959453442
-0.0289931297138442 -0.00593168740972918 -0.703191352319944 0.301498820475596
-0.0678043407980158 -0.0300779120548354 -0.0519413291125806 0.585309137324881
-0.038129232866841 -0.0208745189760336 0.310759674708965 0.226945917382027
0.0275755453592179 -0.00777794274162015 0.183102472181193 -0.0653253615620142
0.0195812097213415 -0.000551567548831411 -0.0525320257939038 -0.155829888827633
-0.00527708216354663 0.0128410607381629 0.0445779608318177 0.11036545317672
-0.00458086350865601 -0.0244490971954917 -0.143852314391524 -0.0858224981446071
-0.0150315939327635 -0.0416085292787295 -0.137304460285068 -0.448744515324354
0.0024733434663918 -0.0256581539731352 0.363091078027086 -0.429017302573236
0.0366150060279333 0.039045058244907 0.711707612300281 0.213826256617636
-0.0191170838769638 0.032256930444567 0.235480717860222 0.79911334416407
-0.00968413166648078 -0.00957870083617402 -0.199350059211875 0.484312558215947
0.000612320540497376 -0.00305473015828859 0.116963964036476 -0.0467983774584085
0.00618972578146494 0.0160455967099798 0.0171060531554232 -0.604819212801487
0.0125271299339634 0.0081153094380848 -0.657028960217922 -0.44748252743025
-0.011384044049235 -0.0159420082871759 -0.680764279021283 0.363202434418806
-0.0575703201424956 -0.0343028508165562 -0.0182232789302318 0.577808324880144
-0.0347220260114635 -0.0131809959414412 0.314134979272114 0.188440279678578
0.0205009301867919 -2.49317578007672E-05 0.186000073617372 -0.0890792462244984
0.0115164473693269 0.00604480354776254 -0.0493167050766995 -0.154809147941898
-0.0110788328527384 0.0187794358113375 0.0460741735841281 0.10839595659054
-0.0118231483451614 -0.0150609957082509 -0.139051407507327 -0.0952690137317677
-0.00729593609913536 -0.0331753521186735 -0.134212209913977 -0.454013537727721
0.0255193751492802 -0.0332166613428445 0.365756412853518 -0.413210507961328
0.0627601887781619 0.0388580379241684 0.704004625360776 0.240334150434708
-0.00736726674471684 0.0579520669226064 0.221232236310916 0.815112385932752
-0.0293587957988443 0.0335733553705516 -0.200115383154666 0.479539980185818
-0.021847772390255 0.0363785622070545 0.120002991118221 -0.0493675484878203
0.0105527845613064 0.0487350235750798 0.00948111020843851 -0.602207653589943
0.0383890592571262 0.0124798685608119 -0.6662435574236 -0.424391924556914
0.0108562551532279 -0.0288952461880964 -0.676561337823105 0.383256559707333
-0.0430841143073062 -0.0372439548079231 -0.0146371638510951 0.572637650997339
-0.0324820702769659 -0.00221472289768883 0.311943778460331 0.173557921511276
0.00973397492744901 0.00981857583526713 0.191648142780161 -0.0966143511890187
0.00315304026835624 0.0124588386067263 -0.0444552339273559 -0.154175915850001
-0.0165710807179212 0.0238938214362705 0.0493763158161932 0.108750750152379
-0.0167106498122602 -0.00324387013980356 -0.136158317850955 -0.0899900734582069
0.00223113494378261 -0.0231934265669318 -0.147918969487205 -0.444222109589338
0.0467402139118958 -0.0418418174320828 0.340438578901165 -0.421152109608447
0.0868028253299744 0.0307609266599113 0.705193387308277 0.215753965329146
0.00660515031172672 0.0809593281292834 0.249817055744024 0.808645989568685
-0.048716199616462 0.073838350839997 -0.18856489651457 0.493215328583924
-0.0443046510532754 0.0734361263573357 0.112963049347805 -0.0345941038368151
0.0122420675508823 0.0799440358461669 0.0269684729724096 -0.591067314821158
0.0619012489205825 0.0180654148544736 -0.648458882429663 -0.445216086450367
0.0356306611996566 -0.0416114115748109 -0.693103589408985 0.359849811044416
-0.0243888389230082 -0.0407028960472074 -0.0404424739179517 0.575354222674164
-0.0282351914973211 0.00989265447603548 0.305620224954661 0.186201319952547
-0.00151177529782551 0.0184776052990944 0.198756913470453 -0.0886239977598763
-0.00421833400882791 0.0171540965913862 -0.0405964655958664 -0.154125242730769
-0.0193338471951911 0.0273335024064589 0.0514132085637964 0.109971225110265
-0.020103766390086 0.00843284763519596 -0.135440418166761 -0.0680614695623864
0.00895531437527244 -0.011762850994338 -0.174271745287655 -0.41874987759806
0.0593441507250109 -0.0493858083711055 0.292851597488046 -0.444975675957502
0.107512464484748 0.0169017312940263 0.712802818970004 0.138980880338617
0.0247575275907264 0.0919782723428842 0.322087819657516 0.776890511009815
-0.0561506616189298 0.105939854944775 -0.164759803318892 0.519433993297667
-0.0627236764568173 0.100836523850052 0.0960632688850506 -0.00354378930643829
0.00736955555598231 0.104727395143953 0.065184189976817 -0.5725626699667
0.0782240623697091 0.024135530668718 -0.600919545192863 -0.502099435964012
0.0597881161495341 -0.0497460620683201 -0.726798065833994 0.290985488733006
-0.00339729243291621 -0.0443640551035316 -0.0947618413431825 0.587110530536339
-0.0252967314453471 0.0198884211618572 0.292702750926186 0.221987344827135
-0.0115321801855796 0.0256891820593183 0.204032857077075 -0.065246329665039
-0.00968563102977477 0.0182495220267771 -0.0368474259148581 -0.1538708505065
-0.0200520124605551 0.0292298273943404 0.0538301254953619 0.113692261931343
-0.0215302024735556 0.0210505065007295 -0.136162348338163 -0.0363813051924826
0.0132144971527357 0.00296402150542851 -0.20864348391695 -0.37782258341181
0.0655954323305165 -0.0533773706396911 0.228152823385057 -0.475679247951875
0.118699059099202 -0.00662316128290431 0.71367887267196 0.0253431689324992
0.0422832132326965 0.0884717124447866 0.418086344484297 0.717927859305447
-0.0496257769515984 0.122072568131552 -0.127005191752995 0.551916034231656
-0.0759366156227373 0.116754198710726 0.0704188200535281 0.0387623800733376
-0.00613197655123113 0.11953673788216 0.115637725920763 -0.545448194325472
0.081718850644055 0.0331001577176205 -0.521263238626531 -0.587466953058302
0.0780663316983432 -0.0508592223682319 -0.763350967734503 0.185430447635302
0.0175255211586404 -0.0475899090430893 -0.169361023547708 0.589033743918313
-0.017518593001334 0.0248244025160787 0.267115424933501 0.276673605551847
-0.0179693942236206 0.0303449116477541 0.209190877488023 -0.0312366884367083
-0.0105436080528178 0.0170758260614273 -0.0347258276218487 -0.153674174139084
-0.0175374975030345 0.0270716666791758 0.0541023317549166 0.116412914671258
-0.0201045943773943 0.0278520992024591 -0.135451308354716 0.00089874263350293
0.0147417266131993 0.0143325689122058 -0.24026183500403 -0.327689053299029
0.0644083052509185 -0.0504116371878157 0.157301416425113 -0.497629725312552
0.118429441472363 -0.0273702151843052 0.698061601489423 -0.101188613524422
0.0549567339326395 0.0722401396486981 0.51527891036644 0.635202635818109
-0.0363425172230626 0.120319273762236 -0.0746610873283186 0.582687006943629
-0.0807084506582427 0.116002187943654 0.0434717622279905 0.0850908835152702
-0.0230063523439046 0.120690998107405 0.166151212266198 -0.508222858271223
0.0709204899403479 0.0416650509489528 -0.421407837525521 -0.670715269171307
0.0855530202970002 -0.0456404194693321 -0.788059862067541 0.0507761561803741
0.0324376551353702 -0.0511301287535825 -0.254271561875222 0.574787616024656
-0.011717252373339 0.0263173819174948 0.238689482810405 0.337484978091202
-0.0193347829340524 0.0321987815762931 0.209322312791896 0.0113237369482376
-0.00956183157810826 0.0140159062542622 -0.0331808440500397 -0.151100740183927
0.00643016321292638 0.00163539929951541 0.042748709453144 0.119592375549116
0.0117866183789838 -0.0322728148210024 -0.160078950964864 -0.0300504670209531
-0.0220505333295093 -0.0473350375235445 -0.18315353281957 -0.391830296016216
-0.0326860670882608 -0.0187230503831158 0.297651416924983 -0.50287270857972
-0.00746721082437513 0.0307111041839949 0.743943340582964 0.0242912980933172
-0.0474376102237003 -0.00300334241880151 0.384385338033062 0.714029999571362
0.00692270341681386 -0.0727027676367777 -0.15961753969159 0.532119171498071
0.0354168914328533 -0.0685178638959301 0.08179319707302 0.00375570234165314
0.00558388364955598 -0.0472651599608019 0.0947743894157422 -0.58903326171418
-0.0282123273836188 -0.0129017079572962 -0.561735760704269 -0.594779879160268
-0.0409054779981428 -0.00100792019590992 -0.743705396858548 0.204437608731369
-0.0721739239042142 -0.0259818770987284 -0.109031084437002 0.594366039383356
-0.0400803591226877 -0.0239443908840327 0.301860888651797 0.283147588443375
0.0306539108508412 -0.0138622679511661 0.185800670135222 -0.0311682900520782
0.0261996934540574 -0.00675725169340368 -0.0556028051238132 -0.158534883633905
0.0012774532045548 0.00768516406892157 0.0423101890851007 0.114888996274185
0.00376075480825442 -0.0312517872750058 -0.15157708454213 -0.0646452560749374
-0.0212682969617248 -0.0467926136378448 -0.155254580758313 -0.432088216381239
-0.0189416696191513 -0.0217581727650195 0.342247578067959 -0.467316136202451
0.0117852947571147 0.0358765900940509 0.734386722669904 0.136636089195405
-0.0327752253999248 0.0100789386213094 0.298504152281481 0.774344365288002
0.00478872138517834 -0.0463282397927196 -0.18814751506502 0.507466152110762
0.0215416191131879 -0.0405071225868009 0.103931420807639 -0.0276683548030482
0.0031234705070766 -0.0179605848316015 0.0496352245054606 -0.606535970235917
-0.0121312355568341 1.49885626140149E-05 -0.624228436547773 -0.515472736441255
-0.0291197689868917 -0.00593634745113505 -0.709712472123915 0.30328623356828
-0.0682227828136567 -0.0300125150003799 -0.0530039749149528 0.591106548828482
-0.0377164594072914 -0.0216146106419603 0.312853357308245 0.230238123480191
0.0275166787071377 -0.00811013193034711 0.186121361930465 -0.066214013797921
0.0194939974717018 -0.00134436532325891 -0.0529721933307357 -0.158419603988724
-0.00615194612132225 0.0124274008836433 0.0437957144215342 0.111364884363529
-0.0053700667015139 -0.0248210184855908 -0.143615053621649 -0.0881187373999921
-0.0152408062117951 -0.0424618274305222 -0.138046811541563 -0.45541407721645
0.00198017665406399 -0.0271554921761723 0.368767083273845 -0.433782996620794
0.0363833340623954 0.0395175279099721 0.718453290220226 0.219041288592454
-0.0192188157735118 0.0318679042375513 0.235322417099992 0.811512638202263
-0.00982055516616227 -0.00881519079910245 -0.203381196320364 0.488882027583688
0.00129128502566086 -0.00341981197652226 0.118638017086736 -0.047303358415246
0.00506657853082892 0.0150824463022579 0.0198365746714711 -0.611860117780677
0.0118706821019898 0.00764741694092544 -0.663018175185976 -0.453027587108716
-0.011140010826544 -0.0164057651462282 -0.689304500713635 0.364341975767523
-0.0588172998560139 -0.0352425810094198 -0.0210812432963411 0.582941603018934
-0.0348761457419624 -0.0132355530386996 0.317463496043211 0.190810437127278
0.0198922409921507 -0.000614325326121806 0.190102677447319 -0.0883359969620044
0.0120256470901705 0.00612352207692662 -0.0477043675322706 -0.157617652690304
-0.0116981550140895 0.0189731715286275 0.0462278266454163 0.109490170733191
-0.012390693789238 -0.0157558289789805 -0.140253247026764 -0.0971886768119331
-0.00654373903097377 -0.0341568841996633 -0.135060522881381 -0.458799172693998
0.0254648415077306 -0.0329843544168464 0.368565544182525 -0.417759933405763
0.0636362053299711 0.0392215588766565 0.710585339669336 0.246659055135712
-0.00825464978036405 0.0589183173907366 0.220032226953178 0.825533916115321
-0.0289255942349304 0.0333787364993463 -0.205389118427697 0.485457518334421
-0.0210071442939943 0.0367010554907877 0.122085498358407 -0.0494933674312052
0.00989111816867033 0.0491943129494249 0.0122875947297854 -0.608910086792434
0.0394430288316062 0.012446043446357 -0.672674668925772 -0.433039824107879
0.0114814546414934 -0.0301873836378877 -0.685561491925484 0.383704578593139
-0.0444339482843116 -0.037479248822825 -0.0153010601175119 0.579441220275102
-0.0318544262234109 -0.00210091527222651 0.31501835555622 0.176484028190486
0.00990872787183115 0.00970946235119178 0.195053983147784 -0.0962668984256141
0.00279484672205106 0.0125543753477685 -0.0444733038861401 -0.156383872863262
-0.016916320134326 0.0239024256751706 0.0490363402079356 0.109023258133583
-0.0179513061987891 -0.00375507673248405 -0.137646407481741 -0.0921283311266416
0.00198103030092168 -0.0246721280962141 -0.149721757825866 -0.448826742654195
0.0470215943475404 -0.0420042344133282 0.344573065022039 -0.423030445313591
0.0891694446359359 0.0323987284798373 0.713257994346603 0.220421170447327
0.00608965378834118 0.0814412044844449 0.250722106777208 0.81710876313458
-0.0489770202765354 0.0746646648507838 -0.193195587305347 0.497957415669718
-0.045497341503748 0.0745537624124616 0.114243729838546 -0.0341691011029444
0.011725650687551 0.0803626541328645 0.0300340301394906 -0.599108531420044
0.0629307161081564 0.0172280083551799 -0.652941207286295 -0.454083107974951
0.0354121905712277 -0.0417640305342744 -0.701897410399196 0.360132127586175
-0.0254187294682426 -0.0415273481166419 -0.0401161724553976 0.583961939436024
-0.0286412486752406 0.00946925298190867 0.308563275003363 0.188472903179866
-0.00227142702078978 0.018221259674625 0.201518738099698 -0.0891134106238433
-0.00423311349365482 0.0164547135517789 -0.0403021691343332 -0.1567831448074
-0.020337930051381 0.0276151929789586 0.0510380634463285 0.1113760812303
-0.0210066343388154 0.00757122483208282 -0.136311251993774 -0.0704433739336359
0.00834825626426722 -0.0116481554736005 -0.177149590791266 -0.42444478215575
0.0602592525005621 -0.0491876465987636 0.295670961710532 -0.448188537446657
0.108795445466211 0.0152751031954144 0.718938796606636 0.143653220571855
0.0240790027873268 0.0930164287709729 0.322977027337954 0.788103660428929
-0.0558240266270507 0.107727908505273 -0.169106197798664 0.524704298900064
-0.0645436414658417 0.102829862280959 0.0972824830332125 -0.00225318916343446
0.00613616562773916 0.106762132955373 0.069408025871885 -0.578485051480715
0.0791421792517779 0.0244441571362978 -0.60454491535832 -0.511271678237047
0.0603954175290046 -0.0492126789535263 -0.735674032693071 0.294490032066145
-0.00453215099013626 -0.0441994702822291 -0.0957977274514416 0.594533109209197
-0.024713127373218 0.0188108365651176 0.293833777675488 0.225889283365148
-0.0119272338621766 0.0240997268049912 0.206932620365987 -0.0660681423626664
-0.0105010302758883 0.0183836253994682 -0.036316446054849 -0.15624943211765
-0.0204898586006762 0.0292974362092213 0.0541810472775248 0.114864587335666
-0.0218689840078141 0.020772385652203 -0.137061579934218 -0.0364516376091823
0.0130152653754798 0.00147662482155455 -0.21095127047037 -0.382921570551622
0.0666347521890142 -0.0533806612407876 0.23054851456793 -0.479736869780034
0.120163970481889 -0.00642745464564508 0.719954867410136 0.0272918960586895
0.0432775440823299 0.0910739905889268 0.421306978574134 0.72633773506524
-0.0520037983021688 0.123007849359107 -0.129334674007311 0.55776183291927
-0.0768487019909207 0.118308066635292 0.0719325815210263 0.0400616805267682
-0.00613713908015953 0.121404674787882 0.118387845023417 -0.551565462937
0.0817233445399961 0.0333184966841104 -0.526441712680954 -0.594320042450744
0.0787933350080419 -0.0515835244452949 -0.773680026765166 0.185971538874232
0.017708194958375 -0.0481963269407442 -0.172409612019658 0.594663294090134
-0.0178861021684601 0.0254952733576688 0.270176218650715 0.28123099787155
-0.0179493075979292 0.0295292405948977 0.210610748684178 -0.0310843693383476
-0.0114227099732885 0.0175011496809588 -0.0341848264522965 -0.156647666629782
-0.0178625376790379 0.0272132393247704 0.0542628334885961 0.117364548280613
-0.0206829106298819 0.0272058391929953 -0.137448967355812 0.000107970077640462
0.0147314324459194 0.0141812514678619 -0.241976741970091 -0.331678137469648
0.065600584660647 -0.0503472425395466 0.160026195016318 -0.501943126825239
0.118800853657477 -0.0272850350138541 0.704998907900163 -0.101316155889147
0.0553451246430548 0.0734687545335041 0.520660434297848 0.643803261464131
-0.0379686045363504 0.123097982011964 -0.07691809760075 0.588594400828567
-0.0811936516824658 0.11631427498183 0.0430015467317471 0.0857603825273419
-0.0252127354541134 0.122304110121012 0.171097914008658 -0.513849131266536
0.0715683228507569 0.0419284510622816 -0.422303536438264 -0.681176069855053
0.0862584083135049 -0.047159405642747 -0.797495676367911 0.0489929267497988
0.0338436691941994 -0.0513969489155732 -0.260192669329541 0.58068322573
-0.0119045579028691 0.0273780665487516 0.240995132444556 0.341543782297547
-0.0197229320143494 0.0316219287620615 0.211997939315226 0.013017330447139
-0.00936204956235263 0.0133111879700563 -0.0326344399595645 -0.153332338067804
0.006986851496164 0.00236039868987777 0.0417496969537259 0.120034873030432
0.0126650764565632 -0.0325394468198094 -0.161753004194134 -0.0307721573203829
-0.0221738188801125 -0.0475021357752489 -0.18670104268508 -0.397871027653327
-0.0333966113709814 -0.017370365891072 0.300645008566303 -0.508734604527289
-0.0074448243343794 0.0313505683790502 0.753801273419188 0.0254094739086782
-0.0487206075373458 -0.00325607056269945 0.389017723760662 0.723625810509957
0.00795674805342709 -0.0745058647493315 -0.161296372293705 0.539171888238519
0.035922836031527 -0.0692155294667675 0.0830572832370886 0.00342582326150876
0.00450070890573184 -0.0480300603361604 0.0977616164634218 -0.596549821036992
-0.0282827450035052 -0.0136103329026947 -0.56786069004701 -0.604224595413879
-0.0416068797276301 -0.00120288044455042 -0.754215451186214 0.207274643987404
-0.0739411328882435 -0.0258054330985212 -0.111658965038751 0.603950939211886
-0.0410529583369353 -0.0251965253270411 0.306009125338676 0.286165731715414
0.0309560026542403 -0.0145064266944085 0.188101281021461 -0.0317172139014233
0.0262964296646501 -0.0075755411513795 -0.0557849935411353 -0.160720843597893
0.000278529156004182 0.00785624674963267 0.0432021480849673 0.115842449150513
0.00352781571946362 -0.0310341898676392 -0.153745594338572 -0.0662208240885803
-0.0207955627124484 -0.0475265300040779 -0.158280307470235 -0.436937463107247
-0.0192814155833373 -0.0215374396835592 0.345901959693823 -0.473794458860264
0.0118330285755291 0.0358695471535799 0.743699959019175 0.139479544722146
-0.0330262036007097 0.010633576000414 0.30157301782841 0.785120566158234
0.00484967744514036 -0.0464216814118172 -0.190856189983604 0.514992137995618
0.0217366937714838 -0.0402881604599019 0.104932255014243 -0.0272039737392361
0.00285997375056355 -0.0180433387633888 0.0519978245917907 -0.613934238614444
-0.0116984761901767 -0.000231641546028238 -0.633032077107781 -0.521093549051439
-0.0293338177850151 -0.00678160739245061 -0.721812103888469 0.306267531345698
-0.0698611069320107 -0.0314566281016276 -0.0538009361229773 0.599107381754838
-0.0379894772151096 -0.0215521865284382 0.317143616090786 0.233673242402804
0.0282049801410302 -0.00883184581118026 0.188813412224963 -0.0666959623004052
0.0191828852403452 -0.000390074535522857 -0.0522228100531512 -0.160384615251314
-0.00603446433829823 0.0124141019937952 0.0430817746287985 0.112274785240647
-0.00524225419802414 -0.0264981947555001 -0.145882985549321 -0.0897524851393827
-0.0149322936790203 -0.0430401856457204 -0.139031071883465 -0.460075208659242
0.0023540479848102 -0.0270227045168119 0.37326616666742 -0.43940318082943
0.0373524165527416 0.0399332529787942 0.727017117258796 0.221150134635959
-0.0201008334894312 0.0322680230375687 0.238166292746873 0.822633580020817
-0.00893512868880751 -0.00945097837584926 -0.205768561025841 0.495520395461003
0.00228526115720042 -0.00410482322564916 0.1193842241353 -0.046948592179551
0.00561085161123658 0.0166712729297506 0.0215469187312295 -0.619472780734578
0.0113341269651278 0.00871546011708569 -0.672631720419601 -0.460886299564164
-0.0112023567039918 -0.017194433920392 -0.697360360338935 0.368124227659032
-0.0600809226052753 -0.034819220791379 -0.0204244463840197 0.591789547404626
-0.034264547828159 -0.0136799511782108 0.321758030071487 0.193258887147448
0.020298900384693 -0.00104518109471983 0.19182935163206 -0.0892942664414386
0.0116403613453727 0.00592970450518329 -0.0484313332314011 -0.160055475831616
-0.0128497193849307 0.0185001849885001 0.0471470376703061 0.110528721263012
-0.013179469665814 -0.0169785092171449 -0.141991410663437 -0.100839793318751
-0.00649904937514718 -0.035616247245951 -0.137175134624404 -0.466055778044159
0.0259033848233081 -0.0339402711194958 0.373870778537993 -0.420482398068858
0.0643649263560845 0.0392638884604048 0.721010839512292 0.251954383734951
-0.00851790133490259 0.0597312173532868 0.223598957817612 0.835124150116526
-0.030991055862504 0.033325510202062 -0.206998036754867 0.491157190510385
-0.0212094252747349 0.0366206718204864 0.12295155494496 -0.0495125315294461
0.0104377939667586 0.0506733914012092 0.0149960116967499 -0.616561071460475
0.0388136737355545 0.0130589808725936 -0.68118464997449 -0.438001586025123
0.0112395884078306 -0.0305418632928332 -0.694658986210104 0.389920396104802
-0.0449450149354041 -0.0383822929899058 -0.0159082530035028 0.587084832613406
-0.0324723230619599 -0.00187443134008537 0.320200657823992 0.178578801501769
0.0103639546806748 0.00948838675454709 0.197843634518263 -0.0969469126386806
0.0020994262842139 0.0120091322679952 -0.0449294947755669 -0.158570178795919
-0.0171123166203951 0.0241084833253385 0.0479200602048841 0.110416729946482
-0.0185638922052868 -0.00470580524684191 -0.139578542822281 -0.0934994040617204
0.00301521600096588 -0.0249769121213818 -0.149443641961525 -0.456088084120508
0.0475437244791471 -0.0432371456978397 0.346129683900806 -0.429007742596208
0.0894655611513987 0.0325840553304856 0.72094809121108 0.225815973216397
0.00604765401781017 0.082873812657899 0.254528087031095 0.828718618005809
-0.0484647004319843 0.0759391132544238 -0.196033963898228 0.504536221325647
-0.0457973515458623 0.0752430604027254 0.116907395229573 -0.0333351360205098
0.0121095925211705 0.0817241506691392 0.0327868493669485 -0.606044056308999
0.0635835812872364 0.0175464278497503 -0.662647650095301 -0.461095300009686
0.0353955566811497 -0.0422961232743196 -0.711292033026019 0.367085942434529
-0.0261622332844487 -0.0404626486709789 -0.0412127547182154 0.591177036470551
-0.0288860850309951 0.00993789692777865 0.312914863954638 0.191191502534217
-0.00142875798411811 0.01811155869205 0.204300627128503 -0.0891164080429605
-0.00540991767357451 0.0167987819120473 -0.0397412598702974 -0.158762298853463
-0.0203673621925042 0.0278568828712184 0.0511129425642922 0.113116624399978
-0.0226605928465747 0.00717400299417723 -0.138815715283472 -0.0721566818812182
0.00905059733674091 -0.0127803075334174 -0.179199838626948 -0.430072840375281
0.0622945633108701 -0.0504922754906828 0.30115097788364 -0.453159379196347
0.110854812721798 0.0158925817991365 0.727298818621573 0.145888736406312
0.0245635344032119 0.0954087289624931 0.328041183169575 0.799458398934393
-0.0576651615267717 0.107830110210776 -0.171478415688146 0.531582284651217
-0.0650101059280984 0.103674320950996 0.0983569344298662 -0.00295455441123958
0.00570431414809923 0.107271679608311 0.071474012302476 -0.585715580530443
0.0785178361157838 0.025073580637456 -0.61152469847377 -0.52028186633917
0.0606077466855698 -0.0501998071142161 -0.745023122655012 0.296737149555689
-0.00435056243217315 -0.044281935314043 -0.0978434879725081 0.600789810405711
-0.0248951573744913 0.0196726449101631 0.298028363843486 0.228777012867007
-0.0121890404624617 0.0249049687123026 0.210763153326532 -0.0668995112121873
-0.0103457172704146 0.0183202895126531 -0.0365896418565187 -0.159150273669958
-0.0211487940770176 0.0297689878450767 0.054664077942586 0.115982092088238
-0.0236270005662998 0.0195126476563029 -0.138271805502345 -0.0386858527891142
0.0134402612648893 0.00146719725563914 -0.213861801862074 -0.390452998199017
0.0677028026381994 -0.0539813473482662 0.233922279353137 -0.485074533672145
0.121238323756409 -0.00688344985123622 0.731366184601329 0.028681421806621
0.043419221026704 0.0906858677112808 0.427884909910665 0.736999145791435
-0.0519557562561328 0.125094582433053 -0.130603521146782 0.567041241425074
-0.0785144839525877 0.118723701199139 0.0724009795719606 0.0411196466214109
-0.00700548273813369 0.122868801332344 0.12207165420081 -0.55740851609705
0.0821609624202192 0.034926192706654 -0.531206142521377 -0.603420888107634
0.078633834163333 -0.0523853788149271 -0.783693667745134 0.187679553107712
0.017290608534399 -0.0489788594982926 -0.175697939044299 0.604065264998939
-0.0181120333683059 0.0254272508841001 0.273756305607452 0.284605729333888
-0.0195119542144656 0.0297448253534961 0.215086445450498 -0.0303542054492174
-0.0113991895673649 0.0173868884824678 -0.0347543869445315 -0.159051466027568
-0.0184105581366015 0.0276486484088489 0.0549715667131804 0.119180729103571
-0.0225341337256818 0.0277404660071059 -0.13924349920146 -0.000679878168208747
0.0157798220962324 0.0134336512511486 -0.245623862645771 -0.336014901201694
0.0659472457817355 -0.0511183763419246 0.161091802085301 -0.509434315535635
0.121088147143205 -0.0275818345293046 0.713655987988905 -0.102078479722687
0.0559750654420889 0.0733606908887485 0.527581071562434 0.653633180365346
-0.0388258121865699 0.123368591901184 -0.0803044839168579 0.598930439893796
-0.0825070565873568 0.118164541894758 0.0429620544249428 0.0871492575684308
-0.0253382683611042 0.123280731052232 0.173713359799834 -0.518506390581358
0.0722251826882526 0.0424114338641126 -0.426966189605834 -0.691440409447238
0.0875295770976701 -0.0475393853085075 -0.807459961049309 0.0483915290173971
0.0344548942529832 -0.0502444937061925 -0.263502204933238 0.588543601601814
-0.0119390691752329 0.0271492983157781 0.244544936161072 0.347865767049512
-0.0194598094901609 0.0318302377666058 0.21518526465613 0.0129866477222584
-0.0101262471790227 0.0140209308380799 -0.0322918096929932 -0.156187374569549
0.0065673444863742 0.00167609695899818 0.0426741344071573 0.121766981044653
0.0125983038714181 -0.033398385540531 -0.164300022940881 -0.0309780066332532
-0.0215455955782208 -0.0483907605422692 -0.191716433109516 -0.403409130053858
-0.0335220137271022 -0.0181504739693718 0.302765229332796 -0.516386435086941
-0.00862831867383455 0.031899655380021 0.762852163234565 0.0229982628907407
-0.0486089064276554 -0.0034541460127471 0.398071834640054 0.731641727836702
0.00770417603835393 -0.0757955604773023 -0.163001093170658 0.548144258873442
0.0371860990436608 -0.0702775016947351 0.0840227917857256 0.00331427014102329
0.00396626828218486 -0.0491720018682313 0.0975720594075121 -0.60434737068345
-0.0293859998347081 -0.013703700205152 -0.575842995225848 -0.612596828831998
-0.0419388481970895 -0.000420492327792961 -0.76559177526722 0.212887490377736
-0.0749366860502407 -0.0267387994168077 -0.111987159733685 0.613351012007502
-0.041748085128514 -0.0252079650878392 0.3117103945327 0.288645576504298
0.03232432042928 -0.0152566567141941 0.191258156051657 -0.0319062881073223
0.026620468663066 -0.00762217973302405 -0.0570289007971191 -0.163868119018603
-2.06333802751308E-05 0.00820581421863364 0.043118837191946 0.117090883047239
0.00288774922669385 -0.0332178180307433 -0.156180217853483 -0.067237072236097
-0.0211093858953457 -0.0479166608952315 -0.161914261249091 -0.442691455874671
-0.0197004799813443 -0.0220467104353741 0.347911512465383 -0.480365136934804
0.0117824460162667 0.036761362700516 0.753081432100374 0.13997277465226
-0.033307684396098 0.0103197921889336 0.307440267486778 0.793740784276934
0.00519424235824976 -0.0474497249388316 -0.193728162710917 0.521084869307238
0.0228334492366383 -0.0404986321014947 0.106319378130554 -0.0280101620747057
0.00241098848581286 -0.0175401153482891 0.0528066215726183 -0.622146340855735
-0.013203399730145 0.000213275490834525 -0.640628883764046 -0.529374284821348
-0.0302489998258471 -0.00676675457735328 -0.73136376128433 0.311880541461575
-0.0699342655491706 -0.0309894293091771 -0.053189946829703 0.609063403573467
-0.0387804189011587 -0.0226146049904687 0.322459873571714 0.235418659302581
0.0286035064138444 -0.009438529007836 0.191309995709459 -0.0673182292578121
0.0196392541028139 -0.00114707129067174 -0.053563013774934 -0.163348466214344
-0.00627307616616234 0.0134607535063174 0.0438857731326354 0.113535967229836
-0.00609451048453826 -0.0276389690625456 -0.149614818384326 -0.0917929529378829
-0.0153562604165006 -0.0437621372570093 -0.142707992414143 -0.466681686059664
0.00278461973930651 -0.0273392075124591 0.377049704546485 -0.44449384576497
0.0373001077698549 0.0396313599068379 0.73720263862923 0.22470948019693
-0.0201107164297961 0.0331980582280471 0.243875762784097 0.831998537406265
-0.0088208880541102 -0.00938992428740416 -0.208454111214097 0.502627327284079
0.0022507870291789 -0.00374661690276082 0.12086615262538 -0.0473935573564205
0.0054110464031388 0.0166366103046648 0.0214828727604704 -0.628172975051524
0.011810061727294 0.00834135761519465 -0.683786562785467 -0.466841281555629
-0.0116396513306969 -0.0179397087160826 -0.706755484079791 0.376568325585841
-0.0615403280906213 -0.0350622712692016 -0.0187854162849808 0.601827027449866
-0.035522412082163 -0.0139261444935513 0.326621949712364 0.19488405810643
0.0210502709829713 -0.000679539124891368 0.195587816804042 -0.0912119075635571
0.0109222137460038 0.00587131081555422 -0.0495470162235029 -0.162358814120717
-0.0129196325265935 0.0193139705409901 0.0464002004488226 0.111980396441375
-0.01403738252188 -0.0183340344465382 -0.144418502946258 -0.101396861447369
-0.00669836215845384 -0.0364333215271816 -0.140322404104161 -0.472746415853409
0.0273256421292589 -0.0351439394744316 0.378368477024979 -0.42816616716212
0.0653421017783346 0.0399843527180663 0.728624168523616 0.255390340066887
-0.00776220979858562 0.0597000809181302 0.226893486474744 0.848717288954688
-0.0303832379022719 0.0336137729414519 -0.209987000185445 0.499019420549745
-0.0210847313146215 0.0375361368493883 0.125830552938395 -0.0496631006925924
0.0105617029006528 0.0509903418040353 0.0123701561553353 -0.624767845213955
0.0392679933713929 0.0127372635223693 -0.689408898643653 -0.44493910671913
0.011381988278537 -0.0306839704444803 -0.701884746636535 0.396107326119201
-0.0464023305495719 -0.0384119557278082 -0.0127503065608171 0.596940534312641
-0.0323712915061535 -0.00211624250594596 0.325870847976742 0.180325259170406
0.00973602215879433 0.00832309749266491 0.200437128968267 -0.0990954267944359
0.00181858458195845 0.012689525924895 -0.045115852380799 -0.160845030492921
-0.0184970983144066 0.0243426331004722 0.0501940626529791 0.111830538482808
-0.0201142767206977 -0.00522405566973515 -0.142182423702496 -0.0949945161644128
0.00236550210810155 -0.0260391162683495 -0.154866909217886 -0.462223776703654
0.0489018496217983 -0.0431235992967403 0.351089301548029 -0.434454118719228
0.0905138660747696 0.032838582549723 0.731329286988208 0.228918486722898
0.00662050304102275 0.0838989664837316 0.260764146800781 0.840575046873584
-0.0498664062874964 0.0766001034272492 -0.19742342020901 0.511457059652826
-0.0459703035212416 0.0763637641674708 0.117915191475441 -0.0343240327693414
0.0115033856431687 0.0835601291490536 0.0306506332786794 -0.615879712309154
0.063572547665387 0.0182993964274975 -0.671288689129973 -0.467220874378387
0.0363957739527741 -0.0435526700714734 -0.720469254612098 0.372929512677698
-0.0268967741318486 -0.0414314210738087 -0.0407576099561223 0.602040032653864
-0.0293146222968755 0.00947677982546944 0.31687429342567 0.191933922854944
-0.00185310767876045 0.0171867564557402 0.207903053911181 -0.0911950002809157
-0.00594688113753554 0.0168078173534711 -0.0404222345817132 -0.16102218217073
-0.0214044090239306 0.0279842554223309 0.0519988736645176 0.113705530079738
-0.0231784257880875 0.00705119349165581 -0.140754347253087 -0.0729321952405036
0.0101398834651727 -0.01376829778051 -0.183968663442436 -0.436965418598747
0.0625837403643548 -0.0506168337803883 0.304136937199311 -0.45979557096432
0.111465860195137 0.0158125795992152 0.740702240756102 0.146944275505607
0.0243549984207357 0.0964528785192599 0.334127072107864 0.809209419178374
-0.0582883249073105 0.109247062705056 -0.173074524916588 0.53853711376059
-0.0652227733507917 0.105788710464239 0.09938634817049 -0.00268065164842946
0.00624279831234684 0.109073512991172 0.0723022063015336 -0.594167910763033
0.0803881030784396 0.0256560660709855 -0.62126286180246 -0.527019823842882
0.0614906128606187 -0.0511935501100946 -0.755308940767444 0.303046959804218
-0.0057168738926654 -0.0455911543028622 -0.096702379971242 0.612011769918702
-0.0249346058690615 0.0195963291197677 0.302814226626813 0.230944689539497
-0.0124386177627228 0.0249558090871524 0.215523108815754 -0.0675745897644635
-0.0102367252905262 0.0184017475336833 -0.037094928958355 -0.160933945409946
-0.0217862803521423 0.0300717717261417 0.0551841208519666 0.117585442249183
-0.0239917459394336 0.0194106615111771 -0.140565299315583 -0.0397258362574264
0.0133565287951527 0.000750162133595231 -0.21793134400106 -0.394434828936787
0.068332727988375 -0.0547259006293392 0.23548310126692 -0.492144456849758
0.122624186022595 -0.00711844287710137 0.740016651427894 0.0292042928638696
0.0431111080077574 0.0923050518115849 0.434953854764847 0.746312229763765
-0.0519559333212441 0.127271800103547 -0.132013796100316 0.573627090201039
-0.0783700578240082 0.120632859660842 0.0730473529596171 0.0416601333095001
-0.00747913232489691 0.124916124092663 0.12376751616055 -0.565535867724267
0.083947026673923 0.0357718868216057 -0.540205450218289 -0.613179769967872
0.0805114467499925 -0.0524990033063398 -0.794815484607413 0.190653190118294
0.0165829592727591 -0.0488325666864062 -0.176288672382897 0.61389686314175
-0.0183844596328915 0.0257807820107111 0.278293744667845 0.287481881911297
-0.0200109208178615 0.0301232111063445 0.219654738241803 -0.0307410419826006
-0.0127770773327293 0.0180402929000283 -0.0340301559978349 -0.160070406951863
-0.0189434801801378 0.0280529612243089 0.0552653546199496 0.12047244488131
-0.0232082814501163 0.027172300853145 -0.141001252811133 -0.000385427849122228
0.014848955852772 0.0129441027063943 -0.250069173378314 -0.340824543842941
0.0676301026114368 -0.0524164044641937 0.162056628581094 -0.515465299987586
0.122733259794561 -0.0299227534019275 0.723666637885014 -0.102933762010129
0.0562911032447757 0.0750856286939381 0.536439880745496 0.661894120700112
-0.0385852824504449 0.124783970534601 -0.0796206550091854 0.603876095512246
-0.0830581013411998 0.119846418911168 0.0441683842627629 0.0892559540868452
-0.0252526561032783 0.125227120203376 0.17618456605227 -0.526387821376629
0.0729627228852062 0.0434881361454485 -0.434354902609002 -0.701598550524946
0.0887129712525619 -0.0483714707359244 -0.820183644410142 0.0510098894538495
0.0339036756614274 -0.0515292493197962 -0.264158348727769 0.599705484310314
-0.0122934854806377 0.0273636064990932 0.248295220162598 0.352677351708046
-0.0212890223486263 0.0319721083294159 0.218958418287554 0.0134599009534863
-0.0108048961655565 0.0141142362488442 -0.0329705711464681 -0.158223598793739
0.00619012518787492 0.00201541270281335 0.0439515393063651 0.122504848700604
0.0117609577068404 -0.0353738311173337 -0.165645570316681 -0.0314703654674382
-0.0226395567128542 -0.0499073081455684 -0.195471392907893 -0.408787096788173
-0.0338659939723043 -0.0184542703110934 0.305470438974323 -0.524931310501015
-0.00822671721176985 0.0318236548453435 0.774372789634955 0.0218542604617431
-0.049623136840561 -0.00255180620912181 0.406562970184425 0.741484036793064
0.00739246683347665 -0.0770428668644418 -0.161569098264704 0.556355159471803
0.0372042539151842 -0.0711304255517938 0.0859583311731083 0.00398914652720558
0.00420380173565104 -0.0486683557151546 0.0996311443673155 -0.614665700787389
-0.0297629638262199 -0.0134677746270322 -0.586786008187828 -0.619891989036621
-0.0434311276020766 -0.000974085653479638 -0.775654225152331 0.218220885634353
-0.0762229929560439 -0.0267352094378365 -0.110842499596516 0.623466965079913
-0.0421229372842341 -0.0258392691558124 0.317108425753181 0.292082753248925
0.0326763259751778 -0.0157643868671287 0.19465877569157 -0.0330682142490533
0.0253659175729172 -0.00768402472826539 -0.0578105246343455 -0.165636386805711
0.000246246046291515 0.00792031966822888 0.043975601987939 0.117466953298322
0.00249475161488091 -0.033735585862414 -0.158089356428602 -0.067662680692736
-0.0212447304680723 -0.0491429848766313 -0.166687118415879 -0.450597073085852
-0.0200761874197852 -0.0223730344905938 0.352165959039046 -0.489303585842404
0.0119743261313576 0.0360516076904274 0.764573818502212 0.14018713240658
-0.0344707168452069 0.00973803142663759 0.315492233702566 0.804964266424673
0.00494301537209919 -0.0483535136884456 -0.19233182845132 0.529733155308592
0.0237475986275365 -0.0412477718191132 0.108231286982002 -0.0285334805112732
0.00285070110385948 -0.0187514626888036 0.0521571395252851 -0.631940974709904
-0.0129094829972227 3.27578445112296E-05 -0.654391726055021 -0.534584528203576
-0.0306870944492056 -0.00662135461283452 -0.740789176276128 0.320108857440286
-0.0719008648102604 -0.0317179209548129 -0.0507066618025417 0.61893742077467
-0.0386588567398696 -0.0224215992301671 0.328066951582674 0.236706743933916
0.0290170849562691 -0.0101498728245673 0.19514016043611 -0.0694356931794659
0.0191817351069139 -0.00181088630889825 -0.0546987943711488 -0.165402706230702
-0.00648340649911284 0.0137150973613325 0.0448558319123264 0.115108850785809
-0.00739394939098988 -0.0283002465674982 -0.151838098895109 -0.0936184110547697
-0.0155341062495513 -0.0442052189650838 -0.147056428061265 -0.473602342974605
0.0018961135549373 -0.0277737013768567 0.381137544915083 -0.453115229642796
0.0381428576757559 0.0394418552746063 0.748252569539044 0.225557958241106
-0.0206392745511145 0.0336032773480572 0.25187190569715 0.844033692060715
-0.00977144223084041 -0.00962709367355386 -0.208179889505546 0.510187910718829
0.00259553355373237 -0.00326366729078781 0.123466826453257 -0.0492774886904636
0.00524987990315951 0.0166405796325416 0.0202440920138164 -0.637332429402785
0.0109477549305866 0.00846211917786664 -0.693135848794297 -0.471684137558512
-0.0120001915146677 -0.0183517247265302 -0.718142801140173 0.383957763255421
-0.0626521655150829 -0.0352871932846891 -0.0151431699027081 0.610920561531375
-0.0356024851907128 -0.0135441979203691 0.332401355962932 0.196945361013332
0.0214150715083035 -0.0019489009971884 0.197527509189063 -0.0931823605487945
0.0105618673200441 0.00537855199925758 -0.0506493411516992 -0.16517884324323
-0.0134046287697835 0.0194368157596993 0.0475309029750801 0.112316608955386
-0.0150979113220481 -0.0184848017470055 -0.147381497641548 -0.103457827007119
-0.00628550852482952 -0.0376846999288494 -0.144335823579967 -0.47992183255877
0.0280093671633722 -0.0362437364372019 0.37966298633107 -0.436082858086177
0.0654531633776894 0.0394037507158915 0.739737311417466 0.256182167877992
-0.00804535033773185 0.0609198695531107 0.235478124469942 0.859914001357806
-0.0306832212654957 0.0344853631573131 -0.210141837972407 0.506076269323704
-0.0210137527137899 0.0377929239611523 0.127341879755292 -0.0508426115105047
0.0105075109305449 0.0517711105297598 0.0115046090125655 -0.635620760714708
0.0395595082825976 0.0132920402535138 -0.702528248266133 -0.449953332068257
0.0107774033223534 -0.0317657091683691 -0.710677117411362 0.405407520989677
-0.0476034459901801 -0.0395096436997402 -0.0112881559320087 0.606199160855474
-0.0327798342218163 -0.00191823402145618 0.33019830059308 0.18075019833692
0.00995095041812417 0.00834909166031273 0.203514524467497 -0.101053855324973
0.00139108679913478 0.0124750603363098 -0.0455460481075021 -0.163748241529322
-0.0186926682727642 0.0241062832615919 0.0503851711082214 0.112539025388322
-0.0200459596705416 -0.00632657135004638 -0.144690190902543 -0.0973423029181726
0.00235348489695439 -0.0269963290367647 -0.157350304396571 -0.468406088085544
0.048959159152543 -0.0443543269004524 0.355008810899007 -0.442815410457609
0.0922494910511932 0.0322941703746002 0.742020524610008 0.229420052558619
0.00614798417764857 0.0857659171410236 0.268139191707679 0.851994289316006
-0.0511454044527276 0.0770747286621726 -0.198467479894924 0.519899976490294
-0.0450560773688496 0.0774740533301972 0.119981405594876 -0.0350792098620881
0.0125030649210358 0.0851461905686634 0.0299911802818368 -0.623519523194436
0.0647688569598245 0.0182185829587262 -0.682408672650288 -0.470794887849373
0.036451042222409 -0.0452849609540502 -0.730710611469602 0.381115827188228
-0.0278762783803479 -0.0424706027665307 -0.0375952702962406 0.610772223924851
-0.0288315232147345 0.0102369567204159 0.323555650785631 0.193941589590051
-0.00238684401509538 0.0165859090454644 0.21062358273827 -0.0920732625299102
-0.00633166195360003 0.0167270800414057 -0.0416536306323096 -0.162942898501929
-0.0217586063394512 0.0285428155708875 0.0522015419908316 0.114363962852045
-0.0246984793673784 0.00752933379143959 -0.143151421864901 -0.0748358269767293
0.00946377387902144 -0.0143036103388709 -0.189062309059115 -0.441295427603095
0.0636205038079933 -0.0523422101578338 0.305235779039274 -0.468610401228912
0.112869891906288 0.0150584523383126 0.748742972850199 0.149380118937733
0.0246681013599236 0.0972643237683773 0.341286306014938 0.818491242703688
-0.0588377882190343 0.111378889945467 -0.173242021752325 0.54906521555931
-0.0657198972233788 0.106815914155025 0.0998714151825471 -0.00275623793922038
0.00655304594350863 0.111509014669329 0.0718826134209416 -0.603865277691186
0.0807717716076778 0.0257345597125983 -0.630984482521739 -0.532398525465422
0.061699548024594 -0.0525983368208678 -0.765332334822995 0.309232312514698
-0.00524280388882693 -0.0461997810337998 -0.0961748118331444 0.621133320914123
-0.0247497943500057 0.0194654613031506 0.308435695015416 0.232337620916037
-0.0127392774790168 0.0243945137495073 0.218065614137791 -0.0693598213712137
-0.0115228461388029 0.0192504328649816 -0.0378935064507695 -0.163220793421541
-0.022088145592838 0.0309205480055033 0.0562873129450177 0.119270958088932
-0.0256437670981975 0.0183238150365382 -0.142377461140472 -0.0393000269114124
0.0129972725034352 0.000213591124168699 -0.222939722134314 -0.40036215688807
0.0695101443355602 -0.055691056346902 0.235329062290555 -0.50189494453552
0.123852926313425 -0.00858552096808353 0.750356444030735 0.0278348743347458
0.0445342136019536 0.0935908490398844 0.445165906323022 0.755737655249698
-0.0530728363846738 0.128769136511106 -0.133035501910642 0.582507202875809
-0.0790366456184996 0.122600265332506 0.0746272031694861 0.0418313131259215
-0.00732989096472912 0.128087577279761 0.125289367080696 -0.5738030880566
0.0841585065033151 0.036439502588046 -0.547449456392598 -0.619224721509404
0.0810461682109502 -0.0545520424295709 -0.805016878817712 0.196998951160151
0.0171388165211223 -0.0503262689306117 -0.176072411645412 0.622874963694903
-0.0185379792693573 0.025881011718134 0.283434907744645 0.29069025142761
-0.0204824692019483 0.0297395890255025 0.221299053446991 -0.0317823957694267
-0.0134081659925502 0.0179179832620329 -0.0351827560662406 -0.162357869894834
-0.0190627008252802 0.0281797157532836 0.0562377031412189 0.121943357249074
-0.0246230148500569 0.0268776227099086 -0.143507085548075 -3.61338097781402E-06
0.0152578784573006 0.0125742978974614 -0.254076261654295 -0.345808104973676
0.0683823438244633 -0.0531702293150561 0.160972719123479 -0.525957900941699
0.123597163109431 -0.0300986228571166 0.732050272504675 -0.105720628753337
0.0576126359937963 0.075958978889108 0.546301542720008 0.667310490385686
-0.0387797016525741 0.126598181686263 -0.0788221400469253 0.614036621349084
-0.0832996733053128 0.121778494453128 0.0453060580977644 0.0898930563197724
-0.0258973472554127 0.127804559244108 0.177997341233631 -0.534650840932919
0.0733004448795233 0.0444912453062162 -0.441563352893965 -0.709073791368444
0.0900017802728068 -0.0500398874556435 -0.831797022342684 0.0526336281180509
0.0341135771780945 -0.0526892118982287 -0.267697850028535 0.609801649360907
-0.0122957998996465 0.0283636373428128 0.25285402268678 0.355334912163171
-0.0219901785684731 0.0321489020679761 0.22279515437483 0.0133000289861168
-0.0114354028462715 0.0139638858839124 -0.0338577048836825 -0.160185889441711
0.00551450159833646 0.00185704169238384 0.0441925354401062 0.124367825143565
0.0110073456291447 -0.0360374668573958 -0.168669941347126 -0.0319972189092148
-0.0225730883068668 -0.0507364380851465 -0.201756611317295 -0.414632245151111
-0.0354891955372768 -0.0189348366384091 0.303422226541927 -0.534841530095887
-0.00822963001372828 0.0321667372165816 0.785706847567801 0.0164639196755734
-0.050724229059474 -0.00321902132462846 0.4170235519222 0.749404448000154
0.00739249484561349 -0.0782121415022023 -0.159362259713178 0.564337929277731
0.0387229586865775 -0.072730748339936 0.0866961681150788 0.00373249694737414
0.00321512935615529 -0.0497911196045047 0.097177183244172 -0.623688322895903
-0.0315845274811499 -0.0147689532632998 -0.600525713386041 -0.62441762745299
-0.0438037093299869 -0.000611777421908398 -0.784222413788148 0.226124836667049
-0.0782963289240916 -0.0262002341748688 -0.106105545205172 0.634587147125145
-0.0425320557234994 -0.0257524618984822 0.324541863386472 0.293560967825663
0.0332116407572491 -0.0165573249730343 0.197449267606324 -0.0352495380739097
0.0261236714778921 -0.00881462134654203 -0.0601168614160077 -0.167277406563188
-0.000398452375611659 0.00772741107840098 0.0444106834155277 0.117805402508786
0.00144087059343385 -0.0343989387097506 -0.160686207652426 -0.0684092985468205
-0.0216401096921795 -0.0503167693376239 -0.172622114976481 -0.456789799688648
-0.0210000739643712 -0.0225455107624799 0.35145155140619 -0.499521843591512
0.0127153460575887 0.0365778668896778 0.776146954242261 0.136599126459538
-0.034975238049722 0.0111429383605107 0.32816830552314 0.814760974511309
0.00490717955022277 -0.048703955643128 -0.192200262903306 0.540031983898807
0.0240577505743326 -0.0424566595595857 0.109628690615187 -0.0292962607932672
0.00226939818369438 -0.0184461930749742 0.0481685542294963 -0.641833341903866
-0.0134403408338305 0.00043174570446583 -0.667665170573657 -0.537921445592976
-0.0311386777431425 -0.00637765607491744 -0.749808301432304 0.330602437603703
-0.0731876832743301 -0.0313994931596533 -0.0454231042154613 0.629392304756056
-0.0392550115389548 -0.0225882668708474 0.334148019153153 0.238062264502238
0.0297116015448955 -0.0111393252687015 0.197338197997832 -0.0706306127742509
0.019343607835393 -0.0019188402238051 -0.0572553135749129 -0.168416460965612
-0.00719801579653165 0.0132941430003423 0.0459222272012841 0.115806548924713
-0.00762883962769412 -0.0293320010667 -0.154428295161404 -0.0943721924594782
-0.0159216419210636 -0.0451611926503507 -0.15291872583217 -0.481098556504634
0.0022708393616818 -0.0292292092719428 0.381659866100732 -0.46265001001801
0.0380114727152037 0.0398446722292712 0.761377136515192 0.221683191261962
-0.0209567888477945 0.0336479732551505 0.262361395142984 0.85463172287908
-0.00911169917610721 -0.010202253292338 -0.208202212149848 0.520121226467364
0.00371370898112553 -0.00421009386873457 0.124215782251467 -0.0498033177202331
0.00514277141701112 0.017565597133324 0.0181504998481154 -0.646660034234483
0.0107321986727371 0.00830050741599824 -0.70927530739083 -0.47423659700952
-0.0128188238951973 -0.0188942762523094 -0.72356697057265 0.394915822940312
-0.0637966404248177 -0.0352252779148399 -0.0113290326265122 0.621536358848807
-0.035257529815875 -0.0133264742681894 0.339712183526182 0.19561932611934
0.0210793994507127 -0.00213967570691052 0.200525335497263 -0.096139809089665
0.0104366856043416 0.00510894684922385 -0.0522574828270623 -0.166828812714579
-0.0134699813844478 0.0198893495399132 0.0484576523657903 0.113594801058193
-0.0151605006024809 -0.0192652408174463 -0.150382486055425 -0.104421977304489
-0.00758380782765516 -0.0383572887463719 -0.150189746151554 -0.483907827268559
0.0277529911757676 -0.0367325253888664 0.38249249053308 -0.446809274264376
0.0671257899592076 0.0395587936457708 0.752184357850066 0.255563732840665
-0.00733923567295414 0.0614736179152882 0.245535767699558 0.8714810859925
-0.031256611096346 0.0354184601798697 -0.209702865581215 0.514907770125695
-0.0208586809565489 0.0392092386696967 0.128588892195535 -0.052931894069763
0.0101411736860012 0.0536689668876496 0.00954110259987763 -0.643354612185532
0.0393341352460172 0.0135142198046502 -0.716386953601096 -0.45097081709114
0.0107412983894175 -0.0329793983782703 -0.719094051723467 0.41722279218407
-0.0484396682092397 -0.0394070014906023 -0.00689310430513987 0.615665258431376
-0.0329914230631631 -0.00220294825261916 0.336914141885398 0.18179967907994
0.010529967564009 0.0074561205462087 0.206717204343733 -0.103977033260986
0.00102245164586043 0.0117015880226144 -0.0478405491517479 -0.165812857437908
-0.0181696661838437 0.0254792734716532 0.0508688253769774 0.113843953103033
-0.0217632031282851 -0.00598747855017543 -0.147296094896656 -0.0978579192418076
0.00247281344665391 -0.028461701180846 -0.165956122458616 -0.475041727367228
0.0491868519891142 -0.0452766656550041 0.355661580160318 -0.45161243696953
0.0932193293436731 0.0312776462016795 0.753269456862316 0.227094018223311
0.00742047480167499 0.0864725177492934 0.278347340561674 0.862731742069205
-0.0499884187011435 0.0793187439161312 -0.197721177536485 0.528321632758324
-0.0448686977274432 0.0784924652723248 0.121036742630233 -0.0364528778479917
0.013863782182732 0.0868351569276544 0.0270779695876061 -0.632835354363213
0.0657184066469091 0.0183073448996716 -0.696827095307085 -0.475446200989389
0.0365637521146072 -0.0467457453831835 -0.737440814871615 0.390704345793105
-0.0289486958372091 -0.0425014684742991 -0.0327906203049811 0.621690506772588
-0.0288104373200635 0.0107469768206142 0.329616326154952 0.194140114219756
-0.00321349167119134 0.017302354704821 0.212981728053806 -0.0953885493583621
-0.00644076884302606 0.0172743322564889 -0.0435847401821634 -0.165546669112659
-0.0217797758593337 0.0284286036369629 0.0537873301187115 0.116239268914584
-0.025207352571801 0.00709791629873206 -0.1461124283349 -0.0753887780936434
0.00909146196057467 -0.0156254596999633 -0.195358903841902 -0.448512782684287
0.0636522117765135 -0.053815164100818 0.304958445808409 -0.478034850097124
0.113984334149606 0.0140397908548028 0.760690998531088 0.146017100532245
0.0258943350782833 0.0985479276923222 0.354903796780366 0.829574534952611
-0.0589956662116765 0.114294920756307 -0.17213846232627 0.557388659230623
-0.0651985325951972 0.109181960136506 0.10228004690864 -0.00335361037666708
0.00772829507981523 0.113383352624856 0.0690356164393569 -0.612063901732318
0.0818532748079011 0.0249440526422152 -0.645996837040935 -0.5368876244947
0.0622759616256791 -0.0545506917546313 -0.774016319434525 0.32085007696002
-0.00654254838574658 -0.0466880353090102 -0.0908809272778189 0.631871595133167
-0.0250603637628755 0.0204409254425553 0.314783682139681 0.23457191107849
-0.0136871538217165 0.024514960748616 0.220731892690161 -0.0718894812435901
-0.0119051208927024 0.0193224607822265 -0.0394774813704516 -0.16591051936456
-0.021964863710013 0.0307847657089143 0.0563065991046828 0.119635105609961
-0.0269850955829151 0.0187840817213658 -0.145573203457516 -0.0403248566832272
0.0130347128546638 -0.000979154721770657 -0.229597195116746 -0.404331304443894
0.0704447824935908 -0.0576967059360187 0.23624252743949 -0.509837248483653
0.125657890639623 -0.0092663004250375 0.761426713649773 0.0229868147106671
0.0452513258303881 0.0941496042374009 0.457895371013556 0.763121723406711
-0.0517768105264786 0.131201960580045 -0.129494349549393 0.5907218822077
-0.0791367303888478 0.125230808509354 0.076017423194073 0.0418916257364941
-0.00613620507875689 0.130285101308398 0.122637877144283 -0.58287011801778
0.085158523156017 0.0355128677211785 -0.560742377929431 -0.627539517545763
0.0825766399585281 -0.0558056704891326 -0.816113327949162 0.206361727379052
0.0167341034330364 -0.0506331489532324 -0.173462037997753 0.634631832704691
-0.018880401629547 0.0265032742963066 0.291031305856892 0.292785220178986
-0.021187143917712 0.0295342542257563 0.226018417033045 -0.0337499672800449
-0.0142477283626972 0.0182086481895972 -0.0372037008882862 -0.164552453009559
-0.0192118750829437 0.0299021555145508 0.0583286249124906 0.123436020181695
-0.0260087909514716 0.0270293418811038 -0.145141526637607 0.000103519738627488
0.0154379248585211 0.0126758636403156 -0.262912292874476 -0.349693288819119
0.0692424219870872 -0.0552441909733366 0.158981575315943 -0.534425579932441
0.124723562763459 -0.0316780855021202 0.742488416631434 -0.113434115535434
0.0587903451348231 0.0771093145828406 0.562995821215117 0.674365671887375
-0.0388478532339844 0.128991390635968 -0.0749501884577534 0.624089676665221
-0.0841318260340628 0.12338288971319 0.0462746481799138 0.0912292151390052
-0.0252266805734954 0.131155263367609 0.177475205188448 -0.544061315195299
0.0746289478570613 0.0441842172629754 -0.452571309476043 -0.717097125449968
0.0899669140854063 -0.0512454326938163 -0.843630072156767 0.0596166548968846
0.0339281101683583 -0.0531907938139446 -0.265623094815747 0.62172907823689
-0.0125248460014286 0.0279158505084181 0.259230377541244 0.359915801437848
-0.0229768711934633 0.031632841754025 0.22711194235543 0.0123047342145911
-0.0121850893048139 0.013915779303374 -0.0354961987058938 -0.162128228914183
0.00529003086343589 0.00196047368799981 0.0458185956011273 0.123899793810944
0.0105872504633185 -0.037292180684925 -0.171347901473238 -0.0315607334447419
-0.0236092972135603 -0.0518363302422773 -0.210170334215731 -0.417970158672436
-0.0356699193164396 -0.0185448400994613 0.300189179471673 -0.545598769771665
-0.0078529631660555 0.0322296845764604 0.795941136568408 0.00687239736954896
-0.0515543825731343 -0.00328860379891866 0.432944131444664 0.755278647584091
0.00703770301467042 -0.0796510802640167 -0.157532073683207 0.576490926157482
0.0397498140299463 -0.0747238272912086 0.0886958265032957 0.00268488529976393
0.00310231928243445 -0.050295684783817 0.0923355321882899 -0.632703198129533
-0.0324940400484198 -0.014060197388882 -0.61576024312223 -0.62917484467825
-0.0441609178611794 -0.000870802954548056 -0.79383338742314 0.238069530577145
-0.0789437039535663 -0.0251629920495959 -0.100361618520737 0.645457061004017
-0.0431595747403941 -0.0257149847991892 0.331481964953323 0.293158195283496
0.0335991636856377 -0.0170523351661542 0.200953629734057 -0.0375487611443168
0.0257001592777052 -0.0099243195863718 -0.0619820916801848 -0.169467817038258
-0.000939656363211946 0.007654987117328 0.0458195614880633 0.119465174311309
0.00112155933660393 -0.0361452615327178 -0.164392608861614 -0.0674957844947076
-0.0232119659200672 -0.0513725910776421 -0.180205501644637 -0.459887316086956
-0.0207539032071491 -0.0223825978183409 0.350129227127214 -0.508334639641583
0.0125374193252869 0.036219316223556 0.787609289835507 0.130263550440152
-0.0353870774503112 0.0110176119735722 0.340373209007016 0.823930937352616
0.00447401715669038 -0.0499131394611355 -0.188546943541944 0.549106451509517
0.0243302914656696 -0.0431735703046256 0.110930376380762 -0.0306708963078244
0.00164037871260521 -0.0182032269833661 0.0433962955847537 -0.650439365661893
-0.0139485225549972 -0.000304125273654653 -0.682062529984413 -0.539184736294852
-0.0319426411769048 -0.00666625020539669 -0.756319372458569 0.341920169286368
-0.0754844221516647 -0.0304430286841956 -0.0394867205041623 0.63886489260439
-0.0388531960163581 -0.0223208553217599 0.34195868671313 0.236523859884475
0.0299555166913335 -0.0121470919161555 0.199903218773244 -0.0741073277338654
0.0190392120571166 -0.00212853725337443 -0.0593393051551134 -0.170118226782832
-0.00745888016345421 0.0139542296074404 0.0467683448227023 0.117247880299062
-0.00927400350549862 -0.0300253774740537 -0.158391979163105 -0.0933548523340781
-0.0167021735774014 -0.0464328956503043 -0.162222376365954 -0.486152087055369
0.00246097763853956 -0.0291218503296828 0.382030883674334 -0.473589124000258
0.0393064097385913 0.0396094939743881 0.772714733377149 0.219478383372705
-0.0210789649907092 0.0344165058798871 0.276414544967971 0.863046058134196
-0.010204649722211 -0.0102572023901947 -0.205886363486692 0.528891591650476
0.00356161735007453 -0.00461286681613206 0.125875535199681 -0.0514086060245568
0.00537777216759603 0.0181059580190397 0.0115175253335714 -0.657601443525332
0.0106002650281689 0.00860446600484026 -0.722320050926345 -0.473597427551864
-0.0132867531702538 -0.0187428073861293 -0.729704855000339 0.408456621652029
-0.0650731963980375 -0.0355144569351829 -0.00201494116694198 0.629646059963689
-0.0360622449037714 -0.013118713379864 0.346740230588158 0.195517388464004
0.0221907343202531 -0.00251363366972086 0.202771293129007 -0.0989148364544156
0.010207677849712 0.00557927639755779 -0.0553864362099434 -0.169548186990325
-0.0132143994255547 0.0207093326377522 0.0490899212102196 0.113801118225292
-0.0170632982836043 -0.0199722251099359 -0.153776538529757 -0.104641808768688
-0.00764223967151397 -0.0394999058995336 -0.157498657748909 -0.489878757024535
0.0279962646964771 -0.0376442634197135 0.382698674630256 -0.455485502550856
0.0674750958029219 0.0390479388633061 0.764563623326308 0.250712891354451
-0.00772121663421319 0.0627712881700148 0.258478252139011 0.881777331435677
-0.031516372360247 0.0351691929548088 -0.207351390341498 0.52525697299462
-0.0194550852220221 0.0392127044214098 0.131031100707151 -0.0547309099033794
0.0110461966020745 0.0544817807128867 0.00334563814015573 -0.652306764025914
0.039570047142952 0.0128542923352225 -0.730217071087208 -0.449908773691821
0.0103003117912673 -0.0342109621709685 -0.723732746756793 0.431161618168312
-0.0493921981821221 -0.0387737152518217 0.00160998055498005 0.625080793261221
-0.0329419282835196 -0.00202154195512262 0.343253986892721 0.179677456583963
0.00980863228704146 0.007035289534914 0.208451639709828 -0.107477165693149
0.00104675975187976 0.0125914624324602 -0.0499767332028497 -0.168929870414143
-0.0197620062716454 0.0257406190153371 0.0521912862576935 0.114882106745228
-0.0229453623421932 -0.00656134228463168 -0.152093657403805 -0.0983973671908496
0.00249976730492902 -0.029979480321754 -0.173469623143408 -0.480381059946951
0.0498833021224538 -0.0470735473357197 0.354871408594398 -0.46127715883627
0.0944270741329016 0.0305532112328857 0.767466321466261 0.223734634278246
0.00791758729238121 0.0877271568090199 0.292608994939768 0.871493785402568
-0.0506348855502144 0.0807641620697249 -0.193675561474212 0.537832279447078
-0.0440839629443705 0.080615698731715 0.122965920834442 -0.0377483182995381
0.0140879469146878 0.088094681526734 0.0218724134453887 -0.64035881546902
0.0653551116732995 0.0178949007886753 -0.709860760698341 -0.474697997168487
0.0361995225451032 -0.0468555904782124 -0.743685264396362 0.404858779495637
-0.0296360411040857 -0.0428746600234507 -0.0262465301478278 0.630471482332767
-0.0291965694683169 0.0108926302205118 0.336714267983347 0.192713572048019
-0.00265221949299248 0.0166114577207424 0.216161497524404 -0.0998929196256036
-0.00714531952514331 0.0179871495908958 -0.0456402462401671 -0.167478703112306
-0.0222925612627633 0.0300434250748819 0.055300818885992 0.117064449413257
-0.026868285552253 0.00688546671018956 -0.150202538471463 -0.0748649933599639
0.00908266021823839 -0.0163982323302483 -0.203062688747384 -0.453430804627115
0.0643135539733999 -0.0553933823822775 0.303559818240219 -0.486519283524498
0.116307620181414 0.0122586320545713 0.774576127555384 0.140140668317265
0.0267762775432518 0.0994261703434873 0.369618247910299 0.837309550452843
-0.0577101147678745 0.115121688937598 -0.16697967642752 0.565188875585242
-0.0646822885670146 0.110968823509219 0.103635348033825 -0.00340206635705629
0.00846508609817992 0.115047898934729 0.0638144656239646 -0.620487883434222
0.0827970150970133 0.0251360302901764 -0.659880448388754 -0.538649018838724
0.0621894031665096 -0.0563832098822887 -0.783042133247472 0.333085669226472
-0.00789919093467091 -0.0464426682763794 -0.0839183141699574 0.641487546702248
-0.0252600671865499 0.020684418225543 0.321900795780784 0.23406644073492
-0.0142347480398403 0.0245250346394314 0.22342951599303 -0.0739135935587043
-0.0127863538965684 0.0194730476783993 -0.0418066470649029 -0.168084090054955
-0.0221358865960074 0.0317702605909757 0.0580397070140231 0.119977769358504
-0.0281741566286797 0.0198279271999785 -0.148707425826957 -0.039349745001572
0.013556945851765 -0.0020826250467067 -0.237393118963092 -0.409683911598551
0.0708072085928518 -0.0596729981657858 0.231174574442614 -0.52042488660312
0.12643874611139 -0.0113417000913947 0.770478232340581 0.0162424949032703
0.0469667672499207 0.0959132185094313 0.472015066971509 0.76791448711165
-0.0519696707540143 0.132572081037343 -0.125694163556338 0.60188125090026
-0.0786547548725125 0.127140163895148 0.0770950513868652 0.0423719607462716
-0.00563854875352091 0.13199257503685 0.119911502477556 -0.592785365098142
0.0869460225207277 0.0358583654098145 -0.57458886730952 -0.629494991009423
0.0813222928891104 -0.0585106692051986 -0.826720947221917 0.218303117866833
0.0155716802470438 -0.0511216064313419 -0.169761590663438 0.646597880092159
-0.0193992075595741 0.0264617193745867 0.298812191247578 0.294595375054057
-0.0218400628285639 0.0293727677633421 0.229997819608156 -0.036278946410754
-0.0137443289444228 0.0182745220222516 -0.0384822043738306 -0.167881117942213
-0.019128995790954 0.0298365520764947 0.0594029681411637 0.124175441273849
-0.026535865599425 0.0265416044126229 -0.147420685650881 0.000737074933977101
0.0156211091249203 0.0115607157862583 -0.270327339538155 -0.350932676132101
0.0693301809098043 -0.0563625485233301 0.154130356939074 -0.543154784187315
0.125974020769997 -0.0346121313072439 0.751427746705165 -0.121466013777941
0.0602583307056132 0.0773177757233704 0.578119909226282 0.677060205577269
-0.0372590592619686 0.131475679027755 -0.0703023431490301 0.63363720259674
-0.0836547218567434 0.126620859843452 0.0481025704958858 0.092613534877625
-0.0246430680160287 0.132526919521268 0.175206745958477 -0.552540728582685
0.0758302875715276 0.0439072043537924 -0.466016824439379 -0.721847106810006
0.0912314656558928 -0.0534117434801948 -0.856091957604916 0.0673665658047803
0.0328888971484808 -0.0539154303268106 -0.260585749382122 0.634144898283027
-0.0125000958931122 0.0290900055512067 0.266866974038769 0.360702950805774
-0.024116272484633 0.0321531811618655 0.231951081997203 0.0104207280666501
-0.0130033611786388 0.0137636529165004 -0.0375010435408248 -0.164836761128465
0.00728312339740565 0.00399566614912098 0.0189679314616967 0.130455276800624
0.0164894739590566 -0.0321492130077482 -0.163092505842779 -0.0672173766974648
-0.0174096829544256 -0.0555114834705212 -0.125095495416772 -0.459415540344268
-0.0381067620592569 -0.0331511463119884 0.410029791169311 -0.48683741173349
-0.0103851709783931 0.0140693851825179 0.791930503667564 0.166601269475914
-0.0402221221997117 -0.0127957194890502 0.279743686334755 0.841078925280401
0.0239315556579833 -0.0741219883803799 -0.272384858213788 0.546419814080766
0.0571365198402848 -0.064016489244034 0.0878819444761082 0.0219581260825336
0.0151283998309634 -0.0487950038659682 0.220803897277345 -0.616162316331299
-0.0330968595836895 -0.0255655776927506 -0.489296015350662 -0.748953306496069
-0.051154063074128 -0.0119462149532129 -0.834233128593881 0.082761322188321
-0.0802394361232423 -0.035119748621247 -0.226206921912532 0.618391930003597
-0.0347283877485502 -0.0304127878527725 0.272830377993439 0.357890184336174
0.0408183596236005 -0.00906246128536356 0.203908975172301 0.00457648220828715
0.0271682877164451 -0.00518654025779504 -0.0260995204851577 -0.182498520130669
-0.000277246605492993 0.00839201988851189 0.0197251258574504 0.126217688097638
0.00626099532180094 -0.0332834862304666 -0.149536637908428 -0.102122769613373
-0.0176339594815093 -0.055498744863224 -0.0881170212472993 -0.49444172289506
-0.0224097386075993 -0.0354248922220979 0.453887414481818 -0.439303340330116
0.0111862062838482 0.0239573265004433 0.760169251416006 0.288128337759006
-0.0276797341706696 0.00530511256653896 0.175262841640074 0.890646242451331
0.0158202141958137 -0.0463625207134847 -0.299649449913629 0.514069613064124
0.0361552605514963 -0.0374875895875241 0.117868309834647 -0.00753843220457571
0.006118347293894 -0.0173732177176646 0.175385350860124 -0.642192437335089
-0.0185687934428418 -0.00683962186981989 -0.573537696626459 -0.674407655893152
-0.0370794721367721 -0.0145320977017871 -0.816399559193449 0.191932053707921
-0.0745520568328095 -0.0392217655340411 -0.163141443255653 0.628346180428854
-0.0324189142168664 -0.0275028017855289 0.293295966368756 0.303537658182453
0.0360971081837274 -0.00529001918328342 0.211268506434773 -0.031737323528501
0.0184898231680909 0.000519579624305434 -0.0217963629730309 -0.182634080077648
-0.00851008724550375 0.0129201928402364 0.0207149223033004 0.123070886022413
-0.00525483972429096 -0.0290051808550843 -0.137834468282699 -0.126849615190452
-0.0127536395176433 -0.0510367197457564 -0.0635329841868385 -0.515543561676661
0.00203281456025607 -0.0368478266659963 0.479683718620408 -0.396672185777215
0.0378772593202582 0.0342297307402992 0.729798066758825 0.375086766080262
-0.0189846178638456 0.0332144170270195 0.102300209500718 0.920289482644848
-0.00740448885281851 -0.0102210512529167 -0.312261809791362 0.489286170261067
0.00551619984713249 -0.00374669279713105 0.137277114994874 -0.0252094415601474
0.00175596558628815 0.0195395061131728 0.142853518408509 -0.656292644458576
0.00452940433272572 0.00776335909331724 -0.6292384342296 -0.61616207291982
-0.0154936176177189 -0.021541042487133 -0.806114133726179 0.264729115226453
-0.0629094045149635 -0.0418562310588728 -0.125865811507463 0.624879863185371
-0.0302275176758308 -0.0185403027947833 0.305131007860073 0.263307962748152
0.0264469381344301 0.00110291548307529 0.218928721921575 -0.055731556407108
0.0075846372347479 0.00666207606258506 -0.0175359142429173 -0.181150765281002
-0.0159020264670004 0.0177628329896026 0.0230358519352533 0.121720140319082
-0.0156461387935868 -0.0220617942052014 -0.132173130851829 -0.136089764672737
-0.00593296953817091 -0.0417623970750454 -0.0586593785301872 -0.520241602863638
0.0286685909976648 -0.0398062356191644 0.477464254515612 -0.378138392483034
0.0671375029860748 0.0391041165273178 0.715928311665321 0.40310036348102
-0.0117185969985192 0.0635945362183015 0.0822494540478407 0.931294189875365
-0.0385940177087303 0.03055962319168 -0.315902891854163 0.484573561569508
-0.027962540012102 0.0330314521033029 0.141332848809743 -0.0267918536208126
-0.000588783518175977 0.0564909452112766 0.133676514882786 -0.65645060801908
0.0317466028076445 0.0188085678573984 -0.643202150020705 -0.594570072132708
0.0111332267716212 -0.0293340767670656 -0.804159654782477 0.284756320049433
-0.046867158011732 -0.0421546762435491 -0.122089944432219 0.62263440824348
-0.0302260142271675 -0.00509088532278041 0.306568680597252 0.246447548938528
0.0117481590448876 0.00877534379022923 0.227094512883768 -0.0637757057282587
-0.00335097555521954 0.0116575703733313 -0.0116500971898342 -0.179222459511945
-0.0220570505579941 0.0216318934911745 0.0255510846645062 0.122906826607413
-0.0235407549749361 -0.0100134531270708 -0.130981170791192 -0.127993822939004
0.000807507780203737 -0.029576251147501 -0.0752579418608113 -0.512485006594011
0.051349714790171 -0.0448363022273878 0.454229196685259 -0.390508390345701
0.0942630405996002 0.0366394734733667 0.724903332943738 0.37749340493974
-0.00185041580421917 0.0906194753070188 0.117750506685305 0.930671826833955
-0.0672694317352972 0.0703741971938886 -0.307506326066184 0.501433460903399
-0.0620341877026619 0.0672418581534249 0.130218560949029 -0.0115683284704656
-0.00565739447079723 0.0905281817616326 0.149378475624059 -0.640489563831525
0.0565623100178014 0.0295099238575715 -0.618753087826708 -0.615213579594448
0.0408319290652991 -0.0365091192044204 -0.821260338221603 0.259306290581875
-0.0267246238436933 -0.0418323828401932 -0.150954442106732 0.621894716180795
-0.030440626689749 0.00836169944111196 0.29675244126851 0.257679706677653
-0.0034631612995452 0.0162854577809496 0.234321276468676 -0.0543816749633716
-0.0135767295255992 0.014474618126778 -0.00728591320226771 -0.177830601872678
-0.0251309544247282 0.0253572731091464 0.0283729551960183 0.126457206715484
-0.0306447501286195 0.00277968394502875 -0.134677159932919 -0.104001164358768
0.00469809328576868 -0.0146075338823576 -0.109789668142088 -0.490226254963884
0.0666139999898297 -0.0487606441787077 0.408514767265427 -0.426813721631234
0.11695321793497 0.0240375191950978 0.749781444253935 0.293342703940464
0.014485379651538 0.106876913055013 0.202397286731853 0.913557618911321
-0.080639385438826 0.103052345777376 -0.287695913286941 0.537006510680917
-0.0895157258205458 0.092462822877387 0.104140794582047 0.0181033453462908
-0.0170037508127206 0.1162337061076 0.188956439218162 -0.611615695344326
0.0725422706674955 0.0404711672208215 -0.555279278677649 -0.666281720349359
0.0680500853325886 -0.0398493487199711 -0.843359718193908 0.179120010776126
-0.0031716506851525 -0.0415855335976121 -0.21345428191637 0.622293909331013
-0.0292068933526131 0.018794337818317 0.273792850397358 0.295576001094108
-0.016585369959594 0.0207526824059671 0.237250926001629 -0.0291921805165014
-0.0186935175589711 0.0150568075014328 -0.00308910688169586 -0.177006307888495
-0.0255003109569398 0.0267205105679027 0.0299140496379302 0.130353242221789
-0.0339277667466788 0.014128121300722 -0.140033274556041 -0.0689342630845167
0.00657851287580313 0.00118055015778278 -0.152765052230157 -0.452158128077356
0.0722956054480172 -0.0501989463591975 0.343595891769797 -0.473933908038062
0.130227592698926 0.00247346302272998 0.77344877344112 0.168342556963883
0.0357376046821439 0.105617917182201 0.320079497950096 0.864250467393469
-0.078938566848107 0.123002746524541 -0.253045277200648 0.579112024327476
-0.106921972268492 0.105890153194966 0.0686274861400697 0.0591840832004218
-0.0354059904328511 0.129192122043103 0.23543421788071 -0.571762378452918
0.07376688416867 0.0518871723502937 -0.453036640272928 -0.743483082510273
0.0887680628274628 -0.0381873337496003 -0.86559790377666 0.0572429337249542
0.018726538797033 -0.0419232674898046 -0.299192442578339 0.610849504116231
-0.0250172376241051 0.0272708632941749 0.239383972415113 0.351083703910398
-0.0257914939470939 0.0248919178617438 0.235914346436384 0.00967968241379856
-0.0201172759124246 0.0136894486535355 -4.14334078444986E-05 -0.17608038965229
-0.0229849000812273 0.02567767779333 0.0309751089113894 0.13447862702532
-0.0331259878099288 0.0220499883723033 -0.147152568978763 -0.0285475450289537
0.00632987454420094 0.0147148641153703 -0.196586680484035 -0.401572859310319
0.0705962158498093 -0.0466322354936538 0.271186054664532 -0.51301842875643
0.131428143821827 -0.0211177028028799 0.780336170949503 0.026252439123862
0.0527075460713826 0.0891885855021773 0.442174401382411 0.793786322139453
-0.0638726946913714 0.122876978551432 -0.202975383003727 0.624615724054238
-0.111512685864056 0.104885213220533 0.0278821004293812 0.102874987707415
-0.0542420914537495 0.126560008708492 0.285732634407779 -0.521152924234518
0.0618970080763 0.0577906905535139 -0.324321512592609 -0.816675812791986
0.0967188513869412 -0.0326331197665522 -0.867041396938609 -0.0976096337378164
0.0364475772509521 -0.0417822980436122 -0.389968936164135 0.577637958423909
-0.0193736711893548 0.0306570868316229 0.193573363810957 0.410024214476122
-0.0272707222389407 0.0278219267162047 0.228528816166848 0.0555014384584164
-0.0177616328869696 0.0100766121367119 0.00116313277288939 -0.172843943179292
0.00665606352538108 0.00424119332667032 0.0200994895561445 0.13123074706611
0.0156308009916045 -0.0332531012759116 -0.166137314511719 -0.0657600399098396
-0.0187129300082266 -0.056461338373583 -0.136043067652984 -0.460797101820474
-0.0378304573398677 -0.0340429291022324 0.406515445931325 -0.498932794754572
-0.0104394432431548 0.0137982428265241 0.802095607732856 0.157937248662256
-0.0414855757546581 -0.0126762353853603 0.29768983409251 0.845415619573248
0.0235806975858456 -0.0756499662441385 -0.267808839151386 0.555583664138053
0.0574731024979483 -0.0655617641106498 0.0897481723026018 0.0207577836275526
0.0139253653512623 -0.049275037920281 0.215045439316805 -0.626538753227344
-0.034429950153666 -0.0252679831730604 -0.505594671281074 -0.752069215267837
-0.0519550750887633 -0.0116742408749991 -0.841092719829167 0.0957230865483575
-0.0816134685487646 -0.0343641152620486 -0.218175308932805 0.629173641897821
-0.0357192171490529 -0.0308326371228311 0.280582944261907 0.357430894863053
0.0410943427579933 -0.0108673690548849 0.206257334296734 0.00220518132920342
0.0268601010830676 -0.00621117418067021 -0.0294075701672616 -0.18428846907165
-0.000659864654841392 0.00876363526132063 0.0212458113203693 0.126575376149313
0.00550103512142263 -0.0346981123485795 -0.152912697046974 -0.101842745695551
-0.0184928898332117 -0.0570994624662981 -0.0962896799290669 -0.499359440949355
-0.0225622202859045 -0.0357472505317781 0.450391670462568 -0.452128323064897
0.0112516037900067 0.0243832130802975 0.77229954804256 0.280235884920893
-0.0279222806941604 0.00523971422466484 0.194389311033979 0.896080700941916
0.0148961267565699 -0.047190322943322 -0.293206408669689 0.523192395837078
0.0357048223124058 -0.0389096646188454 0.119059582979556 -0.0086736662341075
0.00539430020476345 -0.0177172922668601 0.169119713912391 -0.652404930400494
-0.019590844005414 -0.00679751088473345 -0.591813367203085 -0.673453697479543
-0.0383597641445463 -0.0142863396600108 -0.823949683349935 0.208971462481185
-0.0768017047802859 -0.0386461964624422 -0.154503836356275 0.637041042766435
-0.0322299136875603 -0.0272336654373491 0.301732251490422 0.302128420527468
0.0357741296888072 -0.00592543017462587 0.213635845420576 -0.0353338569913551
0.0185681235776503 -0.000614224931864798 -0.0257755221764857 -0.184585435040626
-0.00832249890249957 0.013330065084507 0.0219903224495604 0.123964555950239
-0.00625587660314212 -0.0299618041107279 -0.141187216323648 -0.126940297686731
-0.013841273584553 -0.0515660208113717 -0.0732460086500263 -0.52099218455433
0.00176858171730142 -0.0388840690668799 0.476770079146826 -0.409986344441189
0.0394919929693523 0.0325045708321354 0.743382478856516 0.367628440921774
-0.0186921307538897 0.0332933888302614 0.11848951072162 0.928141197556195
-0.00723821008415638 -0.0101487171945332 -0.310000359342644 0.501267862987189
0.0066132911902397 -0.00418983358831682 0.138359071029886 -0.0272387008393847
0.0018589693095811 0.0195159091741891 0.135358216446156 -0.666740609967253
0.00456486216165813 0.00791315350415304 -0.645210021000055 -0.613560667691128
-0.0166038594832214 -0.0211788533861186 -0.809334056045231 0.279039449329016
-0.0647443517337594 -0.0411821045493226 -0.115685658509912 0.634427338961704
-0.030179621862764 -0.0174825656712428 0.312961151286403 0.259660564428801
0.0262244576472797 0.00142493305444488 0.221462636945703 -0.0597009147081587
0.00738264159469655 0.00554759003282079 -0.0204407037305589 -0.182844213607142
-0.0154670015407173 0.0178588748771233 0.0243665140892856 0.122427503001166
-0.01620102484376 -0.0221829232525629 -0.136154326049677 -0.136635432139733
-0.006452977937634 -0.0424651928133927 -0.0675985243405011 -0.525397218297656
0.0287131025888388 -0.0411545292652887 0.47569142192719 -0.392007444961958
0.0680025462953823 0.038337331889125 0.729688637929129 0.397545043191919
-0.010969967737917 0.0648699156768803 0.0970356704284766 0.941011705099636
-0.0388732512924346 0.0312587168581601 -0.312819327366568 0.49625368560683
-0.0277696929601936 0.0338020274881965 0.14267501222249 -0.0291864474007185
-0.000149214739897933 0.0574280452405433 0.125631248431386 -0.665510162385228
0.0325420809508399 0.019209744079073 -0.659248849576268 -0.593751718905923
0.0108296452123411 -0.0308389316595647 -0.808638894982005 0.303002372115571
-0.0482403993117195 -0.0417519475749561 -0.11193458173819 0.631262846031176
-0.0306924465078254 -0.00492373082995466 0.313598563597632 0.243757025576254
0.0121834065502477 0.00817943696551282 0.228841531990402 -0.0677376655893843
-0.00393855776781489 0.0109373213860327 -0.0145550363035985 -0.180654698938665
-0.0226410515166263 0.0218387479123951 0.0278453794738956 0.123142302233932
-0.0252331384728413 -0.0104990541223212 -0.135111376805407 -0.128827295815725
0.000178003916802795 -0.0302421676603438 -0.085833192381612 -0.517067042567358
0.0520838359772497 -0.0460623962116551 0.45102562651377 -0.404113442792753
0.0954674251337206 0.0357854940905938 0.738204966903491 0.369686175642446
-0.000765536970041732 0.0921994323140201 0.133422296214983 0.939883907571473
-0.0665589164802129 0.0726101709934379 -0.303154782989777 0.512310227098799
-0.0608906833117005 0.0693208098172123 0.132160016337028 -0.0137517385984638
-0.00453363559235628 0.0915095363815302 0.142496114656002 -0.649896238593728
0.0576079069119539 0.0288934992009101 -0.635563881700264 -0.611978394263002
0.0406145335601481 -0.0384715436862193 -0.825516161921936 0.273825310303511
-0.0274914536028309 -0.0412906525862671 -0.141639697119453 0.631488317015581
-0.0309339367607114 0.00857222701681606 0.303770756279846 0.25560529477448
-0.00335766720056776 0.0151078882746556 0.236163915527675 -0.0581287482647819
-0.0131234816897861 0.0143377716504444 -0.00960688108660197 -0.18020214110377
-0.0254440780954299 0.0261088262305259 0.0295591107954071 0.125948939700966
-0.0317016988081651 0.00207586411796357 -0.137886483023736 -0.105813870212397
0.00406687379502456 -0.0159358755190117 -0.118807009959487 -0.493618254623032
0.0663685054616152 -0.0505488567518623 0.405372586614245 -0.437956862184992
0.11811162546618 0.0217518338777844 0.761549286556761 0.285927030811361
0.0162596407180828 0.107670235785425 0.219458352363098 0.919860906527463
-0.0806683267658216 0.10544812943305 -0.284369062432053 0.546581358398904
-0.0884847271611937 0.0952952344480993 0.10559792457272 0.0170090816482707
-0.0155554456656012 0.117837805338992 0.181177325343079 -0.622215633315037
0.073335579306077 0.0408577463649884 -0.573597956668154 -0.667926119413973
0.0682191150166596 -0.0414239727851793 -0.850926982610181 0.195571663078852
-0.00484063086652815 -0.0412013738912022 -0.20634983275518 0.633424907492372
-0.029142547739225 0.019338204630509 0.282309679898884 0.295138488983769
-0.016787647325579 0.0209970603725248 0.239868824897702 -0.0322216368984395
-0.0194376504634624 0.0153401023812575 -0.00623356555537417 -0.179043136672583
-0.0262463958060419 0.0272034284418833 0.0326679245789741 0.131522371870232
-0.0349133683713963 0.0147341454547268 -0.142646019666221 -0.0683627394287347
0.00554203006755966 0.000349313911741093 -0.163078510276402 -0.455831399592175
0.0730405230477814 -0.0511961465072921 0.338360716216888 -0.484904345368319
0.132082199394244 -0.000598636979909379 0.78426685440665 0.157875583508938
0.0367827618478249 0.105852389545038 0.339786859740449 0.869755401935897
-0.0782966167615001 0.124106006959156 -0.246059970558635 0.591361574948028
-0.106031900507918 0.108025264775042 0.0687492626637397 0.0584266757191862
-0.0330590850430279 0.131069560643353 0.232511441140283 -0.58272284158418
0.0755526813792285 0.0512413816030526 -0.469380461510186 -0.745264041530381
0.0887270438146819 -0.0400249703626549 -0.87398854797632 0.0700030177728243
0.0181362995778102 -0.0423418289737827 -0.291088466297208 0.62322014370547
-0.024266919795185 0.0273286486873392 0.246528957382521 0.351145593672352
-0.0257844789220612 0.0254906542707585 0.23919740155968 0.00659094985012996
-0.0214565357216409 0.0136263372219619 -0.00332790853836597 -0.177743869275271
-0.0232758703101765 0.02630154210098 0.0329073339340958 0.134500258772774
-0.034153824046227 0.02214970978078 -0.148471717616611 -0.0269544666123422
0.00540365925775139 0.0139620969137944 -0.205984313232657 -0.403148926431489
0.0698366401942808 -0.048497757454009 0.263995803340991 -0.523769417909356
0.132234420314976 -0.0233941155767816 0.788042135006647 0.0144425564865199
0.0540118797589226 0.0901763664321678 0.460795597879973 0.794254567504246
-0.0626533975333973 0.125625443867758 -0.19478223050471 0.636255232597548
-0.110540934349984 0.107290001467147 0.0298896263646552 0.103067018499426
-0.0533566317423643 0.128657594763324 0.282150401871525 -0.530854238146427
0.0633835173892767 0.0569344369124364 -0.340801153839381 -0.822692305370217
0.0968248130965515 -0.0349993390568626 -0.877645424182913 -0.0861042421500817
0.0355254233828694 -0.0424074531901133 -0.38533384271993 0.592756680645905
-0.01936687240959 0.0307715691667729 0.20370248610519 0.411551052941165
-0.028718016284456 0.0273531084008942 0.23176713317753 0.0539950316985225
-0.0181925297073622 0.0100430892194197 -0.00253830236686366 -0.174269259749459
0.00633254521233714 0.00465475883129264 0.022137823842503 0.131302125781743
0.01439547779354 -0.0341146907436913 -0.169235527218726 -0.064285894552368
-0.0200218427964427 -0.0567133799775156 -0.14481072199333 -0.464949263802312
-0.0394160485341533 -0.0333588382390472 0.400106179292926 -0.510312168229377
-0.0104672943784217 0.0139882399195316 0.811871849929418 0.14503619061565
-0.0420519958477724 -0.0123387708360559 0.315976421521488 0.847611969237463
0.0222085948913065 -0.0769759721583842 -0.258648159775851 0.565835135501231
0.0572598417923919 -0.0676379215814433 0.0911448517566064 0.020463709254524
0.0125883060537378 -0.0493720649406398 0.206487698177467 -0.635132334773286
-0.0348425752308765 -0.0255472008805667 -0.523820802357846 -0.750380750321352
-0.0522215497654102 -0.0112793177641669 -0.847310866794961 0.111432020470023
-0.0839395761403995 -0.0333501185065652 -0.20835423150331 0.642268270655863
-0.0363994027416164 -0.0300575029223787 0.289975217584497 0.355216031516338
0.0412771877592821 -0.0120720704081676 0.208970843930259 -0.00160193433814135
0.02694558694652 -0.00656688117892192 -0.0313930370974116 -0.186240936530437
-0.000793971554247885 0.0089064405941188 0.0225462830293967 0.127335955847739
0.00353956421545214 -0.0349064296062347 -0.155687270716752 -0.100756317354258
-0.0191887696903781 -0.0576419626662206 -0.106389731139207 -0.501392703022739
-0.0237788744997963 -0.0350060261208006 0.444880741837244 -0.462791194520054
0.0124272356439549 0.0232875939730158 0.783628605180917 0.269880978710405
-0.0286469163179492 0.00633963343994541 0.210714276298302 0.903091195333957
0.0134240211119809 -0.048325156403077 -0.286900889611817 0.532256533238313
0.0365307791221224 -0.0400714773961045 0.119863076861259 -0.010667156637749
0.00594192507860903 -0.0174048055142607 0.15878785884988 -0.662798119226069
-0.0197023762975959 -0.00656271596931887 -0.61085452240262 -0.670719821738926
-0.0391808282893998 -0.0139026427754078 -0.826375863731816 0.225141251217781
-0.0780712911003385 -0.0368995686434565 -0.143514826960094 0.647526183888872
-0.0337658372889537 -0.0265378237941235 0.308867461050121 0.299164758227409
0.0362065116162276 -0.0075053215190075 0.215402838003371 -0.0384694274727463
0.0178513601043746 -0.000945665218850136 -0.0285177089698167 -0.185914868971295
-0.00940711595318912 0.0139417993866847 0.0238234510830454 0.12462387068475
-0.00760630052150388 -0.0307351094993314 -0.145228801205953 -0.126006113429739
-0.0147028821157829 -0.052509084127901 -0.083632765751919 -0.525329200218821
0.00101924939032932 -0.0380401049972242 0.471167806429474 -0.42155596629633
0.0404341270670063 0.0319912393446424 0.754610085308593 0.358519461912857
-0.017433761842713 0.0336239453717324 0.138025790103635 0.933111434637943
-0.00773410197207855 -0.0112850219864694 -0.301907186101196 0.509347903721353
0.00731306778298273 -0.00433105002151359 0.140193346663055 -0.0299456060081227
0.0017651297080885 0.0199167156921775 0.124784816870908 -0.673677824416251
0.00338485882614451 0.00788173265017891 -0.661278472514658 -0.609505785730012
-0.0170841201224802 -0.0214940803118544 -0.812338421190729 0.295973002378048
-0.0664367498255153 -0.039594581639707 -0.105080920247646 0.643290584201681
-0.0312478639890681 -0.0172242339065115 0.320287711484118 0.256054656895731
0.0264358486885223 -0.000137919383963264 0.221478398076878 -0.0638744945051143
0.00639209380209138 0.00564003643205395 -0.0235193240687222 -0.184301503005449
-0.0163705794658475 0.0184846459478331 0.0264490385733916 0.122261128046295
-0.0175767724498696 -0.021911802408324 -0.139919757210365 -0.135514874484789
-0.00727576836457364 -0.0434127126172493 -0.0797212972794331 -0.529317422617374
0.0277847962687618 -0.0432476693348183 0.472609570671911 -0.403843848063229
0.0694774479174571 0.037399409398601 0.743476376349124 0.390004747582989
-0.0101405821475584 0.065285496623751 0.11651622831604 0.948894787224423
-0.0385579395482912 0.0325503822604863 -0.306162096511212 0.503994693719539
-0.0262419021288796 0.0343120212216024 0.144136227262227 -0.031580770419464
0.00177764970060164 0.0586528153874162 0.116270803044695 -0.672379942256748
0.0320024207648657 0.0176691070579826 -0.675901722570484 -0.585483027890099
0.00984345285821265 -0.0311659122311907 -0.80930550203872 0.321445014480913
-0.0485106746241599 -0.040921426097652 -0.100851942800626 0.638568036059981
-0.0303818991867366 -0.0045622098739303 0.320711151356043 0.239390371485072
0.0120270845216399 0.00730256386213506 0.230817073751191 -0.0725173248355676
-0.00403541406792517 0.0107390868464378 -0.017785072091546 -0.182057156324038
-0.0221661617115885 0.0229403016265818 0.0292384599308692 0.123273679922443
-0.0268265000725259 -0.00989113317061393 -0.139633545139468 -0.128355125020189
-0.000817852127262531 -0.0305999207371305 -0.0950165709760071 -0.52221527227456
0.0513114082542067 -0.0474407752570212 0.447428115175178 -0.414141544389248
0.0971208893887914 0.0337397945577364 0.751751933793334 0.360610664532042
0.000919214271479861 0.0930318019981545 0.153042688465351 0.943548057721275
-0.0655035535365828 0.0738986641809809 -0.296462950169405 0.522164066564473
-0.0601264920881769 0.0697828027806968 0.132571759887981 -0.0164349929770507
-0.0034031754634546 0.0931192462403515 0.13364106156262 -0.658731617709186
0.0578786904594293 0.0280043312199995 -0.652072255221764 -0.605864756739504
0.0394464770003279 -0.0396414046896363 -0.826117513443968 0.292301789226515
-0.0291942978092964 -0.0418314216332264 -0.131582848109166 0.640544059961488
-0.0300246827231595 0.00850531432835428 0.310719313309915 0.252309162625795
-0.00352763179327421 0.014534058341672 0.236716860932774 -0.0629270661626648
-0.0134919488709985 0.0143852973729504 -0.0134649668659869 -0.181263810564044
-0.0259377893086725 0.0265316313882087 0.0321962349477086 0.12659004894114
-0.0327948274345613 0.00231903350353916 -0.141098913280872 -0.103174817260777
0.00379587587369915 -0.0170505864612563 -0.129014033491196 -0.496605489492307
0.0662827151687912 -0.0528502331848182 0.401947683319568 -0.448482082249661
0.119471474738116 0.0192255035148028 0.772334939881192 0.275968061186691
0.0184009686726138 0.1082756573176 0.24022057802298 0.921528100939716
-0.0792180825659324 0.108279837340583 -0.275408031569417 0.555133908466907
-0.0873600160333279 0.0967198938351284 0.107185130244159 0.015237317620759
-0.0145471900618008 0.120003851374817 0.171447247652463 -0.629305150150703
0.0739565712926604 0.0391034536823079 -0.588924312539633 -0.662296402791363
0.0679945173378716 -0.0436765552429794 -0.854047331111515 0.211137222981457
-0.00620245597855272 -0.0417885869883352 -0.196278108581201 0.643249774428136
-0.0283746107954836 0.0195358866394266 0.290022712207866 0.292341026891885
-0.0171524245603622 0.0206860723073981 0.242253251527284 -0.0374302942463864
-0.0198554401250492 0.0158213786625989 -0.00929391866557934 -0.180809945553791
-0.0262071620588598 0.02832492279542 0.034568406345944 0.131562975689398
-0.0351437163929368 0.0148205015736267 -0.145770315435713 -0.0674459040054612
0.00525569048787611 -0.000837189353652068 -0.172102094053648 -0.457440368391172
0.0720457949405206 -0.0541827385146245 0.331712349762162 -0.495160997140264
0.133328514849089 -0.00344419668347083 0.793731557415451 0.144115900583582
0.039087302982141 0.106672697984905 0.357613350676315 0.87157607859825
-0.0759981546636886 0.126585700432903 -0.237595879284028 0.599201886708469
-0.10482636262928 0.111245673926775 0.0713141507166657 0.0567459314447672
-0.0318604144719045 0.133765530354621 0.224785880479185 -0.590814297565461
0.0767705813259501 0.0512687165970651 -0.486993796604863 -0.743788033401018
0.0886833573378753 -0.0425172726176202 -0.881843407474165 0.0860566622350356
0.0171357468752621 -0.0427020924384706 -0.281894358527594 0.634156263123447
-0.025611398610409 0.0280759019306615 0.255209130382303 0.349262848657099
-0.0261092084552527 0.0251906174264315 0.241252312388637 0.00300815827645835
-0.021646926639453 0.0144457224100558 -0.00642006495478974 -0.178784703999406
-0.0232497071652519 0.0275598994540184 0.0351177710381479 0.135425026213466
-0.0355674802818416 0.022651915609526 -0.150888587343499 -0.0252813688797717
0.0050278740778151 0.0140104507344166 -0.215012845872462 -0.404307248325748
0.0706090646681911 -0.0505043589887601 0.25665231929779 -0.533402469654762
0.133077875010966 -0.0262512640005151 0.795226905158275 0.000823291420385806
0.0559802181674675 0.0894090596238815 0.481630913807956 0.793653835927257
-0.0607588837833001 0.127691790697538 -0.186296662322271 0.643940757110684
-0.109634614308849 0.109175306867462 0.03194984782317 0.104445852986663
-0.0508172880432833 0.13155289834407 0.274513758787049 -0.540435115839611
0.0636447338341003 0.0568226551376331 -0.358828687345002 -0.82113861219359
0.0968592385015096 -0.0369646491754737 -0.887529965378816 -0.0705229296965128
0.0342121867056233 -0.0433564439916131 -0.376146918289771 0.605305506141631
-0.0190796069131959 0.0321996944894285 0.211948009168436 0.412998726360083
-0.0288683470841764 0.0276239892525343 0.234688891659969 0.0508946627590765
-0.018284212593233 0.0100718071359722 -0.00487800722465554 -0.176327499542665
0.00593591075028054 0.00509444752355899 0.0241346033822568 0.131349770872022
0.0139260623305509 -0.0345502493425837 -0.171213194583821 -0.0624749244136674
-0.0210854952872513 -0.0574956632150498 -0.155627324095311 -0.46519229337634
-0.0403218150932591 -0.033030357265783 0.39107246310797 -0.522039910184864
-0.0107591262319106 0.0140264550559834 0.818637454502269 0.130241017134491
-0.042889348336013 -0.0110547653294816 0.335029933206937 0.847525201036589
0.0208986632091033 -0.0788398759065342 -0.249162326936576 0.575333624053042
0.0571883018153873 -0.0690340112464745 0.0924706120908019 0.0196200632218798
0.0117693715457852 -0.0501355055336755 0.196119425454529 -0.642137738678327
-0.0362241862846914 -0.0236742395014711 -0.541310338332137 -0.744236972911039
-0.0540197352532566 -0.0101028889656277 -0.849941840572944 0.130225628805181
-0.0845964125471634 -0.0319008835085553 -0.196749958908056 0.650104196333011
-0.0364314723392418 -0.0293092685376977 0.298739463234826 0.350882200878964
0.0410456785708256 -0.0132652518398395 0.210847359795557 -0.00577626273660493
0.0254168746130964 -0.00741872674259591 -0.0360912119632408 -0.186302942707302
-0.00118178787082583 0.00891121204971883 0.0250975887060346 0.127525008735073
0.00273880278363267 -0.0356244435576578 -0.158893156847785 -0.0990057623849409
-0.0207940200067373 -0.0569899068213613 -0.118533118164828 -0.505456239053035
-0.0237881029938 -0.0359356370134636 0.438480819110778 -0.474904741035994
0.0123735850842339 0.02291991252971 0.79319603753269 0.256007298639592
-0.0283550509166072 0.00683861874700434 0.230780494137738 0.904295136779364
0.0135635092358358 -0.0492725456813994 -0.278877172427545 0.542264670909222
0.0366504753662972 -0.0404724344569765 0.120863272613496 -0.01259558069634
0.00475672863731997 -0.0165950968210056 0.148060775912691 -0.669072105900168
-0.020590812577082 -0.00597334485643871 -0.625792777909228 -0.662852334208468
-0.0398876821401569 -0.0132206118792525 -0.827171750534505 0.241086497858571
-0.0788831191946046 -0.0364218463747839 -0.132865074426588 0.653885881807997
-0.0333753336627306 -0.027069241718198 0.316556583747867 0.294280775153678
0.0365411437075809 -0.00844932559922158 0.216068863199186 -0.0439331842831876
0.0173030198226007 -0.00162095809577853 -0.0324239076378881 -0.185557693706692
-0.00840407935618186 0.0140838675411234 0.0258881495071908 0.123744603126713
-0.00888888497088356 -0.0311090027644798 -0.148659803727504 -0.124521415846113
-0.0157905009483504 -0.0529875836175098 -0.0942048677123681 -0.526982478039595
0.000307660146396101 -0.0385623017284292 0.465669766381615 -0.43180627177732
0.0406420644088029 0.0317710732253655 0.766123951935399 0.345835800604136
-0.0176225121874066 0.0341889717695773 0.156783283171224 0.936133175415503
-0.00827042277951367 -0.0106607993199195 -0.294497523169484 0.51919808012715
0.00765428593398611 -0.00503769083554134 0.139810785566568 -0.0325825690719628
0.00250121794026842 0.0205289865883352 0.115105748187544 -0.680338616997051
0.00372411929012501 0.00727550772846754 -0.679566758752576 -0.600681670969529
-0.0183193875560247 -0.021926309254517 -0.810172914279398 0.315924466520628
-0.0669363772721788 -0.0379844140636277 -0.0935829346452983 0.649578595847861
-0.0310550445931 -0.0171009939495723 0.327256749265803 0.251660000702992
0.0266865059831638 -0.000930494013855962 0.222692511801319 -0.0685957453820899
0.00672262985787942 0.00528715292628838 -0.0268955300631711 -0.185126007165749
-0.0160130768347661 0.0188875531274727 0.0285141275420229 0.121826314630442
-0.0192223897158112 -0.0221646868293173 -0.143766001107369 -0.135642261642808
-0.00801139295702676 -0.0439496668849129 -0.0917181705665584 -0.531180381185851
0.0261726358972804 -0.0432114186768763 0.467365652127314 -0.414806904475173
0.0706952147569365 0.0354984725129884 0.755767627633161 0.377769951624111
-0.00885181955612674 0.0655354699082879 0.135418862309935 0.950563321867372
-0.037634023437885 0.0328988543940531 -0.29783480540224 0.513834461551234
-0.0263408768617451 0.0342371330761653 0.144438532550778 -0.0342157083316739
0.00241957841210865 0.0586075794611049 0.104453389304524 -0.678321744001253
0.0322165417566163 0.0182487539444969 -0.689879645358697 -0.575947553894463
0.00886953503858118 -0.0315165869401465 -0.808495541111013 0.33808328073546
-0.0505557053970049 -0.0400998154619431 -0.0889937409360724 0.647273536353051
-0.0301202205613436 -0.00423949926071161 0.326950773547164 0.235694184160283
0.0120984305238323 0.00627149445625913 0.230953429841848 -0.0757712329235478
-0.00434216362291186 0.0106096719141218 -0.0215019147788168 -0.183617320525525
-0.0222197429310778 0.0234843200110245 0.0320700709085232 0.124195042545297
-0.0279001327056429 -0.0100935803031323 -0.142710666930371 -0.126796987384614
-0.000729194454719452 -0.0321122347287807 -0.107407147194053 -0.523615550477057
0.0506198944601473 -0.0491647582431282 0.44142815173173 -0.423589609710822
0.0982923366418233 0.0318960421978852 0.761821679827913 0.350609019693551
0.00270525303142796 0.0932874195788743 0.171613862267966 0.946405013735803
-0.0649064500395001 0.0751484860289547 -0.287138248475115 0.529087829327447
-0.0587875049061617 0.0711483835265536 0.133637598627431 -0.018506256012436
-0.0016525699707836 0.0942915616546412 0.122464189433779 -0.663846424201945
0.0585779254754841 0.0279964185436439 -0.667543489602554 -0.598756064070436
0.0382444969651364 -0.0415334754603177 -0.826046152673573 0.310537831634181
-0.0293947459443373 -0.0405759235209007 -0.11830157729456 0.647670029562323
-0.0304930291548734 0.00875180436067199 0.318068835810467 0.248082341428096
-0.00427317187672517 0.0148049910325597 0.237811203259412 -0.0682639524281966
-0.0142422058196364 0.0149653380892877 -0.0161408753093285 -0.182103553766374
-0.0254991710291006 0.0270318559981894 0.0343121924980403 0.126236026653236
-0.0336096421814017 0.00374088687139757 -0.14386256816092 -0.101507761029718
0.00393063950999069 -0.0163212072803136 -0.140847730092766 -0.499429275034256
0.0654262738347157 -0.0543511519984054 0.393915210253791 -0.460578754762027
0.120227383406514 0.0162674423650681 0.783394781288473 0.261414443855483
0.019944771656344 0.108133358397968 0.259013335100188 0.922490141731219
-0.0779859764485329 0.110539821850693 -0.264549119345517 0.56401681406972
-0.0859534501607363 0.0995012416395427 0.107758732304385 0.0134371770931359
-0.0117924173756047 0.120903098305613 0.162266739097994 -0.637429099580895
0.0753693421354403 0.039126603840516 -0.603844488730989 -0.656781103782372
0.0670370387781364 -0.0459261068691098 -0.856699080029791 0.229322329903878
-0.0071477435387798 -0.0408965395823543 -0.181597326861999 0.652629819233019
-0.027814916347885 0.0205194539009887 0.297053012913494 0.288142853726207
-0.0170404912949482 0.0207943298431107 0.243752292161036 -0.0424808333976299
-0.0203174819921341 0.0165037320025866 -0.0130357746189982 -0.181511931670292
-0.0256273284110559 0.0292737895128748 0.0373999166012731 0.131007622596274
-0.0363740164469196 0.0151938587651982 -0.147437189162274 -0.0653009798230078
0.0059486675284186 -0.000509238604046773 -0.184224067347512 -0.457447832138726
0.0714410190194643 -0.055551015310598 0.324156066324461 -0.50419254756736
0.133843142089245 -0.0060603816531113 0.80049975366655 0.132529652212008
0.0413677795113005 0.105868535817496 0.376303276619992 0.867877530892347
-0.0746915004504172 0.128948545451964 -0.226358146360309 0.610007855813562
-0.103381636664432 0.113846498380929 0.0726249556314905 0.0564708736453445
-0.0290335466374644 0.136262812761262 0.215871858647159 -0.598653679845454
0.0784493529074111 0.049917122564951 -0.50244894935883 -0.741029418040006
0.0875769432954991 -0.0442495663647208 -0.885849875740228 0.102718922169113
0.0161460852941524 -0.0430258683539963 -0.271063680567256 0.64558230592913
-0.0244361845451384 0.0281803927149309 0.263446981591406 0.347847155929593
-0.0263704350709593 0.0244333940257637 0.243482832038453 -0.00180897624855507
-0.021795690173453 0.0150731025935812 -0.00908160937855503 -0.180071151170307
-0.0225639294483143 0.0280433133053297 0.0366630768090017 0.135535498565235
-0.0363700802454352 0.023038237853919 -0.152890606012474 -0.0224712114176009
0.00542022215640691 0.0139715267989911 -0.224922944422912 -0.402110650623889
0.0691853012963772 -0.052429102442227 0.246035973865724 -0.541019534144231
0.133025542781891 -0.0298478322531521 0.80044701177714 -0.0143784056109742
0.0576002557663948 0.0891218879827204 0.499877459885593 0.790503647758292
-0.0589161905242775 0.12968034892277 -0.174095382079707 0.651141954342302
-0.107647308662533 0.112456369916126 0.0348590752645717 0.104104656984741
-0.0484510552991244 0.132786225485254 0.266889172200687 -0.550166902218048
0.0658879642136399 0.0563644383770907 -0.375997260096745 -0.822272093488173
0.0960790070926723 -0.0397985994812938 -0.895684963730327 -0.0544186979301512
0.0343186148784608 -0.0437879794718325 -0.36853568043314 0.617456156153549
-0.0188297882475564 0.0317124583969012 0.221684097592613 0.410593446633613
-0.029306589154285 0.0279270044015759 0.239164762904913 0.0461729960053824
-0.0189585533627655 0.0100415094617171 -0.00821979802317829 -0.176928565666679
0.00623612707918219 0.00490822870707938 0.0270521040951042 0.131060802237528
0.0124228886789436 -0.0354382605682636 -0.172306203449955 -0.0595438578315403
-0.0219386910094273 -0.0568247126415828 -0.166387740172386 -0.464332449023482
-0.0413052711815031 -0.0326412272517445 0.382574865626926 -0.531145793723335
-0.0104175197575719 0.013935398285952 0.823151873312342 0.113786445014542
-0.0434691621360932 -0.0109358387987967 0.354058605031762 0.843605655800809
0.0199057393919711 -0.0789789075254912 -0.236946377646091 0.581539551464962
0.0566167578096382 -0.0706748690433915 0.09290140720817 0.0178269135511409
0.010829957433852 -0.0495779219906036 0.184262418025534 -0.648800131279105
-0.0377726722451784 -0.0236924143238417 -0.558688424927845 -0.738025096521154
-0.0549681276450958 -0.00883851423306183 -0.850949380715402 0.146104124012018
-0.085664621374632 -0.0300233455201991 -0.183105579612861 0.655618736911237
-0.0369482398811333 -0.0286910752183853 0.305872819287511 0.345092637964433
0.0412210453491076 -0.0146844564682384 0.211316625130519 -0.00953675651704229
0.0257012608132662 -0.00801174376667107 -0.0387758397656078 -0.186621731337675
-0.000801816029520622 0.00906116078484562 0.0264207692404216 0.126166786855629
0.00168820921367809 -0.0353570349909797 -0.161471990010152 -0.0974714386594852
-0.0213243645425818 -0.0579032982426996 -0.132621795101594 -0.506293210249975
-0.0243440679022917 -0.0353684818037184 0.430220229945625 -0.485103728359823
0.0130726878064754 0.02301620368164 0.799854701116132 0.241381839579997
-0.0291469815356356 0.00726799458303634 0.249766261150051 0.900987006637344
0.0127993815781483 -0.049163645426165 -0.267601439460568 0.549093145709844
0.0365220266490212 -0.0421456402457555 0.121728027089526 -0.014297937677944
0.0046447527607795 -0.0169820904430081 0.135533033940503 -0.675784711872268
-0.0213540281507809 -0.00663244214878959 -0.640537066178547 -0.653279479018505
-0.0408868292974313 -0.0126364163897444 -0.82441254274817 0.26029121250768
-0.0796026663205771 -0.0333467288635592 -0.117883497912868 0.659587228100572
-0.0341114233716898 -0.0256381879079896 0.324152508317335 0.288928394911267
0.0370335041668264 -0.0100318826294031 0.215729688681576 -0.047452229316704
0.0164120667091992 -0.0017779232852824 -0.0365094844305439 -0.186208699988255
-0.0093387333188772 0.0143173634168176 0.0284152620508734 0.123517532901001
-0.0104924266068753 -0.031514038824869 -0.15206216255212 -0.123888405585972
-0.016955160682142 -0.0527174707411931 -0.107405650880026 -0.528595738200995
-0.000922965848014306 -0.0393281517294152 0.457513530151088 -0.444046240935552
0.0406898879751422 0.0298560524138763 0.772183121850678 0.331406258943804
-0.0172647151542459 0.0340336459063205 0.176127787167625 0.937608087650534
-0.00789824864781367 -0.0106529522032755 -0.284802533828087 0.526311314103927
0.00785102079561778 -0.0059180729395352 0.139633651978492 -0.0353092293224944
0.0023437475947065 0.0206725582027797 0.101917565140045 -0.683897874768236
0.00292184653782612 0.00781354534848393 -0.692809484933753 -0.590393750859498
-0.0188593352228097 -0.0214529832514938 -0.805790620156016 0.332953203267795
-0.0682713074290058 -0.0372316956387407 -0.0807142042030145 0.65411673023653
-0.0316896827289132 -0.0162723705532621 0.333503460860944 0.246597976815055
0.0260623308530078 -0.00245539975013468 0.222085815092272 -0.0730808681634032
0.0061623057924415 0.00452415621916275 -0.0310857514675381 -0.185561433466498
-0.0161647893539142 0.0196099070476121 0.0313694360953886 0.122065870039737
-0.0206844207664414 -0.0227358695753171 -0.146623357661925 -0.133373953371467
-0.00954199155011203 -0.044028478869077 -0.10400604518092 -0.533088470167091
0.0261207830080787 -0.0447239953945033 0.45795812022169 -0.42539418590376
0.0713295359251939 0.0347992541606876 0.764334368423475 0.363631116992589
-0.00746137266000277 0.0659651727242177 0.155968029634635 0.9511169206628
-0.0380160044890755 0.033228951613521 -0.287754299708555 0.520690248061529
-0.0245585264997339 0.034949037618483 0.144565876254815 -0.0375565022855535
0.00290053383748184 0.0599748218699827 0.091597104408039 -0.682920249846008
0.0313391910444177 0.0175542450330766 -0.704829594896138 -0.563183377921739
0.00824989517712943 -0.0326618802164593 -0.804456651027055 0.356649568715128
-0.051912780129284 -0.0391645546829415 -0.0751564319276165 0.651214954498661
-0.0302238586275002 -0.00445097415112041 0.33323239320864 0.229700810193109
0.0121373723588164 0.00566092612558912 0.229907357398137 -0.0813906435530649
-0.00437937595164756 0.0113434923108806 -0.0255695200137612 -0.184389802607207
-0.0222289198683768 0.0239649164994953 0.0330122387488658 0.123192937191337
-0.02857057778047 -0.00962145780307358 -0.146058055339268 -0.126088388391566
-0.00259413260364309 -0.0318057656109357 -0.119797530527347 -0.524376090700025
0.0498336580908819 -0.0509493741472993 0.433834254169175 -0.436004677979958
0.0991026384473332 0.0289455754095137 0.771485590669813 0.335560097519288
0.00404745903851676 0.0934875426234761 0.192432251850766 0.94734810935771
-0.0635337568567253 0.0771656962772918 -0.27721776021491 0.537645176843131
-0.0576306646646189 0.0723996322259776 0.13397088036273 -0.0218175469336053
0.00168565327673195 0.0943835865038767 0.108972542160352 -0.668956844923946
0.058173534991103 0.0270322309192217 -0.680576620963905 -0.586864017313777
0.0375490375467878 -0.0421261851683061 -0.822151802647005 0.326839316118884
-0.0308989285132664 -0.0403898019698791 -0.105584995919657 0.654116380992601
-0.0300356490439699 0.00970134265911467 0.324054487156414 0.243039823155162
-0.00402863969221951 0.0131686482331019 0.238607248366491 -0.071351872151918
-0.0142789997578587 0.0153064218599121 -0.0201822644550955 -0.182485299499189
-0.0258569185032782 0.0276801230552323 0.0356673457691387 0.125920128927192
-0.0340494960800967 0.00318338851967591 -0.147672552993931 -0.100248633352468
0.00291752158884164 -0.0169876856348396 -0.152377335005642 -0.498420067012389
0.0649310975975183 -0.0555682271720751 0.385015594993881 -0.468384435127004
0.12072510541087 0.0134814046793314 0.790543444560602 0.247379539314334
0.022480298918899 0.108465812253799 0.27827384755213 0.921767848600334
-0.0763338614341698 0.111372755781532 -0.254873289059929 0.571175471723502
-0.0842966519853023 0.100427420920153 0.109206568322018 0.0115875401660244
-0.00932685465018094 0.122880467188328 0.150104632701616 -0.643797273860701
0.0763599637421751 0.0383832140068629 -0.620246602058177 -0.647473334121117
0.0656265968387176 -0.0473229827854843 -0.854439822675432 0.247723890640872
-0.00793627970876712 -0.0414401764575653 -0.169295170814282 0.659115194798127
-0.0271158470441464 0.0214295013041661 0.303718905649932 0.283780783784824
-0.0181689664578518 0.0200225293368194 0.244689326699427 -0.0467260139585462
-0.0202337346884839 0.0168609702049418 -0.0155011860543461 -0.182219004815641
-0.0256738109028723 0.0295582013097231 0.0389531908993317 0.130940187214935
-0.0377468644957516 0.0154751753787647 -0.150288238438752 -0.0628875984987386
0.00543047191545921 -0.00156247959314126 -0.193591517686779 -0.455779418857694
0.0706213325134062 -0.0579637904737621 0.314157733106327 -0.512182293498808
0.133855325710703 -0.00926152055269839 0.8050442473985 0.118435985347996
0.0441829398666487 0.106620108145296 0.394819414243944 0.863645530490098
-0.0717650375774247 0.130836679257822 -0.214600017986785 0.613876630571589
-0.10067231130118 0.115516916003649 0.0745482101638562 0.0554447534139971
-0.0260175437379764 0.136461700305362 0.203808193004707 -0.606603015357482
0.0779863365887793 0.0489712631574273 -0.518870002816065 -0.732420817885475
0.087357880476213 -0.0465972098565351 -0.886263247570664 0.121330561250357
0.0151581919994135 -0.0429712035002697 -0.258884240051563 0.653171751873177
-0.0232120998036443 0.0285411080162855 0.270836764620127 0.343675645992618
-0.02714894471744 0.0253622772417282 0.24640330420619 -0.00589633679720643
-0.0217522175199021 0.0150185416024063 -0.012915419173951 -0.180676326402925
-0.0222605738600143 0.0287073962170985 0.0399993073563077 0.134679144559991
-0.0363285283041465 0.023039830765296 -0.153926823236281 -0.0206165149911318
0.0060472319201539 0.0140240440482889 -0.235166598356723 -0.400611504420911
0.0684383059658626 -0.0538352459390465 0.235450873763245 -0.548197673122269
0.13370582065635 -0.0325077628096729 0.804011613910077 -0.0289002074671592
0.059881811133839 0.0885636749202297 0.518241156026206 0.779494170989266
-0.0560086043702916 0.130652249347541 -0.161749170598055 0.656587406084937
-0.105745543798404 0.113781722882332 0.0374881235511168 0.103510770336153
-0.046593711732594 0.135538210717067 0.257213440032629 -0.55764512373233
0.0670022930608291 0.0557850906506852 -0.394834212832167 -0.817759103524155
0.0951667295547544 -0.0414788751820959 -0.900307128282508 -0.0355180614792598
0.0333893441335457 -0.0447660856018954 -0.356223975135647 0.627172039529051
-0.018371154157979 0.0332239009024363 0.229513937692472 0.408193585126612
-0.0288805315249379 0.0278011873178378 0.2415010894576 0.0422596029077643
-0.0188707550611973 0.0114749335697164 -0.0121837181443665 -0.178365337990021
0.00597832022984936 0.0045515660940004 0.0289770372482642 0.129750115301198
0.0106393894401513 -0.0366031797014096 -0.173545875956405 -0.0571168991386028
-0.0227229131313732 -0.056818970706581 -0.175756931578814 -0.461319896057276
-0.0415519263176206 -0.0323268939895096 0.370028273936368 -0.539507910141198
-0.0104333077777135 0.0143893034567299 0.825870531474093 0.0980624166333201
-0.0440335271444741 -0.0102463303120026 0.371143561354016 0.83611808907751
0.0180154507373035 -0.079113299703702 -0.227071875996694 0.584893153517957
0.0561647565112069 -0.0727376124052431 0.0937990226083227 0.0159186823701934
0.00967659629319484 -0.0493835760567616 0.171764407690569 -0.652000964015284
-0.0389780407320141 -0.0236206537206789 -0.575512070153893 -0.726940886154607
-0.0543456336453631 -0.00885876053358463 -0.848342331124375 0.163037159620883
-0.0864950475887944 -0.0275255608525842 -0.168235307369619 0.662164533005088
-0.0379428540572186 -0.0285629161305762 0.312716111764542 0.339773929907981
0.0409295978484722 -0.0162187238193387 0.211933586922313 -0.0134077468399704
0.024107652628602 -0.00914286972423661 -0.0426206634864046 -0.185452973185803
-0.000991216322585487 0.0103849558555721 0.0284379806450825 0.126616359770336
-0.00010381478032853 -0.0355135677394307 -0.163594792945424 -0.0945768944894285
-0.0233739144900515 -0.0571544297891232 -0.141232580111844 -0.50274026196657
-0.025412396829629 -0.0357474825406406 0.417195013222766 -0.492982051749874
0.01305458348511 0.0219696042775042 0.804167776644343 0.225114632918602
-0.0294662605557291 0.00744638432100975 0.268697427862315 0.896872337768123
0.0116147921315425 -0.050205994567827 -0.25645615448103 0.553825683155177
0.036016999499739 -0.0428871432325797 0.121694160218437 -0.0174728370207273
0.00390565251891977 -0.0163432851101506 0.122209566910022 -0.676918900431882
-0.0228368038225797 -0.00514967939136193 -0.653762183363071 -0.640253334941428
-0.0405535217643266 -0.0117790177956946 -0.820193409621155 0.276977774544496
-0.0799282692030259 -0.031793454068182 -0.104760347484247 0.662594862385302
-0.033892201131561 -0.025445771408499 0.329002548250202 0.282246947821528
0.0364911806185835 -0.0115595325228592 0.215028989177871 -0.0513044206885446
0.0156791546788474 -0.00275893426285769 -0.0398818090333054 -0.185615693792729
-0.00901428514486712 0.0154195939484659 0.029656293544643 0.122516003886006
-0.0115935286735877 -0.0300583629088839 -0.155002460456171 -0.120549383015708
-0.0181102973231754 -0.0522582661376966 -0.119013060083311 -0.527591119391672
-0.00131857795681321 -0.0399935316989475 0.447640413312418 -0.453337922724396
0.0420870243302584 0.0293814090997824 0.781613501130902 0.31725788567195
-0.0166260508915951 0.0345354433234749 0.195114973137618 0.932124498146941
-0.00887453435818195 -0.0114094872418684 -0.273968688625525 0.532088106367886
0.00867594754417992 -0.00606147184117786 0.14011747234242 -0.0373778628484305
0.00355224978131418 0.0214488135891816 0.0885895419135667 -0.686958681700218
0.0030293344439708 0.00744766299253126 -0.704100941136811 -0.577114677997115
-0.0197778543217381 -0.021987839410806 -0.799858014551454 0.348632394746099
-0.0689709195538107 -0.0353329632486804 -0.0654129687336182 0.657449946396492
-0.0307489873656046 -0.0163490990262064 0.337881960352297 0.238750904705965
0.0261345313721786 -0.0032551281814316 0.221987626496537 -0.0775086870292336
0.00531377467909484 0.00514505858704106 -0.0345427052282513 -0.184534194161472
-0.0158632855465388 0.0198281429301295 0.0322308967010992 0.121132835506458
-0.0217322182968884 -0.0217891868015832 -0.150563918174691 -0.130335306599765
-0.0104342470734643 -0.044101806857838 -0.115185451610034 -0.531248917978101
0.0254747537715931 -0.0451407974690859 0.450807775579641 -0.433633225711534
0.0710228907297042 0.0326167317806596 0.772160643419138 0.34985231355314
-0.00631658323020405 0.066161477978593 0.175431388233534 0.948863804615294
-0.0371715317146848 0.0339171224668517 -0.277078555809297 0.527785435105798
-0.0235288195792893 0.0342150374016146 0.143739469338806 -0.0399270006231553
0.00505832515951782 0.0598624749879991 0.07873912608346 -0.683963223495484
0.0324151653243584 0.0177782095333212 -0.715511845808685 -0.551405310669038
0.00631043117256842 -0.0331269750705171 -0.796105045282654 0.372960274047906
-0.0525298707772893 -0.0376940232266379 -0.0603423258302549 0.653519856278309
-0.029682731814182 -0.00272533329902008 0.337675016671029 0.222983255114217
0.0120887288363022 0.00515146735865929 0.22950728854503 -0.0857798256240391
-0.00572397143671776 0.0111443299650136 -0.0283660511606112 -0.183910613999687
-0.0216912064045481 0.0254317377756352 0.0360310236761738 0.121695025804192
-0.0299750861619446 -0.00865119134405713 -0.149803824743371 -0.122331248902293
-0.00323723173803419 -0.0324268335146404 -0.129424147051797 -0.521295803150044
0.0485216629886134 -0.0523412648461304 0.425056950421788 -0.442917998447595
0.0999516484374042 0.0272055244754269 0.777863372131735 0.321891374734358
0.00605013343657141 0.0938537361774198 0.212793911441501 0.943103076855532
-0.0617882133761739 0.0782953082093513 -0.266809330594636 0.542149655787419
-0.054844601894431 0.0730085244352264 0.133133809077334 -0.0234808581406129
0.00298863705335229 0.0954404633465123 0.0959219725830246 -0.671133037387486
0.0584646441665152 0.0259177944689887 -0.693859391377258 -0.574738393054055
0.0362063714027512 -0.0431249435456109 -0.816861951599415 0.345462828258811
-0.032613604853784 -0.0392422852659292 -0.0920870377629624 0.657002862296382
-0.0294059842322239 0.00965141538617466 0.328806372274171 0.236487962047342
-0.00361023169210228 0.0132490981830883 0.23763804520594 -0.0773341900353886
-0.0141328749029644 0.0143252413318742 -0.0238526893880052 -0.18226810590962
-0.0252898896353361 0.0293338376130381 0.0379498634205734 0.125502541049117
-0.0352752681022513 0.00327753762996449 -0.151066907561281 -0.097017865198371
0.00236346892838867 -0.0180518600107175 -0.162763069924432 -0.495336605100815
0.063808253563471 -0.0576834946132316 0.373990993456276 -0.477697710143532
0.121291887803858 0.0115159929475597 0.796199285137503 0.232925120619171
0.0243546819061516 0.107964924901996 0.296878741304396 0.916036191624397
-0.0737182139275645 0.113183009051466 -0.243699901127686 0.575198328975647
-0.081089710183445 0.101923455158986 0.109820957661298 0.00941775461147397
-0.00640079617539147 0.122439293919223 0.137661343319726 -0.645962054986301
0.0762712842445701 0.0362731328938031 -0.632526306460423 -0.63620475775117
0.0644784361728363 -0.0484185252597294 -0.850256427405832 0.26352622506143
-0.00903109641613223 -0.0404512623036189 -0.155597435187504 0.66128053177721
-0.0278550727367849 0.020828564897237 0.309197013033851 0.278729706963068
-0.0184025508014719 0.0193896468273471 0.243411063202537 -0.0510165549690671
-0.0200049385908873 0.0169410082839691 -0.0198744604637589 -0.181813701124694
-0.024612971297928 0.0303473140503964 0.0412894409958457 0.129673225696344
-0.0382149493986978 0.0163424856165147 -0.150894860566267 -0.0601162258235659
0.00465215460925608 -0.00191009366224865 -0.205211951736297 -0.452521370287185
0.0687877691879424 -0.0601430334746861 0.302552224791967 -0.517802157632249
0.13313667137639 -0.012185870716933 0.807503684388595 0.101566957753756
0.045538854741218 0.105376067370592 0.413073000271558 0.855134219243399
-0.0701102784822827 0.131986802874119 -0.202695965467984 0.620143170079635
-0.0983494098983258 0.117066280522028 0.0764113809136118 0.0541039963815945
-0.0233393559501418 0.136869892127021 0.192030213295696 -0.609770584000216
0.0795161026917801 0.0474155335302194 -0.534884746786604 -0.721951975723413
0.0857407430378408 -0.0483468010398685 -0.884306933132326 0.139382652237083
0.0142117377947858 -0.0434495456196054 -0.245808671892148 0.658257910700095
-0.0226429300696139 0.0284994950478803 0.27888177066475 0.338215350941308
-0.0271104971146305 0.0247877282777152 0.245422878125805 -0.0106482255886939
-0.0220158231671314 0.015218701476267 -0.0165571748036824 -0.180835889925441
-0.0218043111852962 0.0297494637727 0.0425493677848463 0.134618020218319
-0.0372464632448115 0.0244708814794571 -0.154930235429113 -0.0178468337889041
0.00583406954678895 0.0126279819262379 -0.243452019484885 -0.395489926468586
0.0672550386152184 -0.0546940079491848 0.224347467056922 -0.552166312072565
0.131954178625845 -0.0354657396937515 0.800748495535929 -0.0458838175373596
0.0605746962071109 0.0869456306307594 0.535461045349723 0.770146375687143
-0.0540572450160502 0.13208833852831 -0.148386671406233 0.659184831868984
-0.103101262382122 0.115796333930603 0.0403107514096915 0.10344423775861
-0.0439527120424203 0.13681959341302 0.247497383264396 -0.562058399924325
0.067791154235416 0.055324136312332 -0.411344187247012 -0.809072206541669
0.0940709435114285 -0.0437678752965394 -0.901206622958497 -0.0190408125726848
0.0324529799273512 -0.0450291083415246 -0.345241884065243 0.63626006481362
-0.0178691186900847 0.0323789440753623 0.238568635511092 0.404785323203444
-0.0293825640949677 0.0275311776705161 0.243077877827857 0.0383507628537255
-0.0196144953642498 0.0118883406040905 -0.0147883411233567 -0.177654558396049
0.00548102379775797 0.00472610652784706 0.0309506545405501 0.129289584929392
0.00925374464121846 -0.036057837652857 -0.17406257716905 -0.0539283406215127
-0.0242171761808005 -0.0566574129165387 -0.1847543380914 -0.457892047051924
-0.0416617188698287 -0.0312690178821586 0.356746687640903 -0.543991699353006
-0.00985081795944515 0.014124437429129 0.824396822654552 0.081739264260779
-0.0449710540232117 -0.00918857023821893 0.388620729284901 0.824151285197386
0.0162139167096472 -0.0805990884442047 -0.214596483584987 0.588567709328055
0.0548065788720678 -0.0734114102003687 0.0940490692284659 0.0145730899536546
0.00917917107078492 -0.0493307944915745 0.160634170025292 -0.653558449082009
-0.0396715096172369 -0.0221126467483187 -0.586453747226442 -0.713881153616754
-0.0544393390070602 -0.00746108681760968 -0.842364811177644 0.181171550151248
-0.0878838120527167 -0.0261961090028243 -0.154816021772047 0.663519033113242
-0.0371568015335475 -0.0277836443577611 0.318033098920517 0.3325149418213
0.0405358353836959 -0.0168042030608122 0.211151574755614 -0.0176665180871419
0.0238529745739418 -0.0105686187780099 -0.047285809202435 -0.183517450610257
-0.000962097259672454 0.0102708411223579 0.0309499328415273 0.124332349881982
-0.00105410076451969 -0.0359340887563145 -0.165604485147698 -0.0927465036197423
-0.0242715421052946 -0.0563908635518995 -0.151691334567555 -0.498150599390848
-0.026491932683864 -0.0343879051510511 0.406764435675546 -0.500371344990889
0.0132756850581827 0.0215738293831045 0.806528603350995 0.208341507926385
-0.0292877424744038 0.00889128006609408 0.285991793562067 0.887520242374203
0.0100610472359029 -0.0496977792458848 -0.244291207435642 0.557155543570657
0.035606149538198 -0.0444855400827767 0.121334053803549 -0.0185818765649994
0.00349163118363007 -0.0158429510773874 0.109739328018436 -0.678630345708058
-0.0226248213271749 -0.00508878073202624 -0.665670085769528 -0.626088126916285
-0.0415180969296717 -0.0113610164302708 -0.812184590500157 0.292981236420964
-0.0813099952720971 -0.0305715115012683 -0.0906821947117075 0.663224053601532
-0.034245823251506 -0.0246827891605476 0.333570488073744 0.274326563969905
0.0355246177396681 -0.012266687877652 0.214648527504486 -0.0554087477622215
0.0151208347821444 -0.00230414905008059 -0.0430615112668537 -0.18381096697075
-0.00995212191002613 0.0147398929668669 0.0314174643398341 0.121548522413265
-0.013582287180172 -0.0309327069382797 -0.158233966604727 -0.118206435151446
-0.0194204201982502 -0.0525857657938416 -0.129858284417539 -0.522286127400205
-0.00191058470846773 -0.0399913240127269 0.43661538968029 -0.459775762183107
0.0422995003447321 0.0284925007629563 0.78396216677094 0.2999959292039
-0.0161928105776593 0.0345430229753523 0.215890366194097 0.927056537858342
-0.0088293071115189 -0.0100476328036541 -0.264139651591264 0.535401818389473
0.00867099224030271 -0.00683772172481279 0.13857763199267 -0.0399407706036308
0.00375905268677807 0.021623011041852 0.0743197189589477 -0.686440219423727
0.00268325600637078 0.00799448363585736 -0.713088309099935 -0.56104694843946
-0.0204667840834132 -0.020794231001666 -0.789518215980282 0.364441169560301
-0.0697136362166844 -0.0334442519094701 -0.0518466232388929 0.655810428671266
-0.031078726484981 -0.0155704543093527 0.341463311707559 0.231785942603121
0.0257385569439324 -0.00497751948839885 0.218972649124899 -0.0817889719940679
0.00427602944755348 0.00423057473270921 -0.0372145584813743 -0.182965553442364
-0.0158880251820985 0.0202011141019335 0.0341032795333287 0.119913275441687
-0.0225593723694784 -0.0216871028384783 -0.153737821188221 -0.126951698041165
-0.0114477866137213 -0.0445574391536443 -0.126472753095335 -0.529094987112415
0.0249622142774916 -0.0456449007192956 0.439786456856799 -0.441383144289225
0.0721122373710869 0.0302423469446995 0.775171154695945 0.333508543770393
-0.00582543971885144 0.0667174069362036 0.194921235324055 0.942028326922436
-0.0364088128204276 0.0344606222482782 -0.265325002479689 0.530250708254637
-0.022060426340544 0.0343714325248059 0.142846259256278 -0.0425270927962485
0.00587973463855641 0.0601084886238116 0.0656138917363525 -0.683807408690032
0.0306207536916423 0.0166155292779865 -0.726590520872518 -0.534325807465118
0.00616854871083922 -0.0328153127936364 -0.788904771504538 0.387002881818059
-0.0530493449833822 -0.035823396872094 -0.0466243228790589 0.652844983605025
-0.0295245511057114 -0.00284480753767204 0.341561750316638 0.214250381438943
0.0118061024283273 0.00406302154103031 0.227586505483618 -0.0902219988381405
-0.00626732214738175 0.0110961465732041 -0.0322218082972998 -0.182453467952611
-0.0212710394095059 0.0246732831724404 0.0373634462564981 0.120564243225569
-0.0305664441228194 -0.00937377698297046 -0.15256485575673 -0.120212743152562
-0.00402732307054304 -0.0322862388215962 -0.141555466509945 -0.518261498807426
0.047134001392708 -0.0530694190473276 0.415116804470432 -0.451004115795186
0.0990664884686356 0.0247072600781159 0.781555670302648 0.305903094517247
0.00712587665831504 0.092386193721774 0.231622316151041 0.93654215014994
-0.0607177450100735 0.0785703687635067 -0.255766645906489 0.546105901108274
-0.0531198302515769 0.0731796762830888 0.132849070997005 -0.0267856313060423
0.00429337789673784 0.0957355334927649 0.0844007918218796 -0.671724818514609
0.0587416806900212 0.0241405036278611 -0.701676369388031 -0.558864606452119
0.0352030882179585 -0.0438160853547406 -0.807655538952026 0.359833986349663
-0.0326738782780725 -0.038401335667032 -0.0776127171707183 0.656594819392609
-0.0291827366030872 0.0107473436345094 0.332635748778296 0.230492266137141
-0.00348329815919908 0.0127031085041076 0.236136342795904 -0.0816898468981215
-0.0150147162226376 0.0157433202364026 -0.0270300341637328 -0.181451977419551
-0.0244981674527384 0.0286956218396696 0.0409354249974119 0.124717174569653
-0.0371335804249103 0.00509366948273301 -0.15234500660479 -0.0952127653431697
0.00174649303409067 -0.0180028616985329 -0.173425299214883 -0.491237121660509
0.0623797827537557 -0.0591661066980787 0.363744510823796 -0.481978812899628
0.11958297746243 0.0082190967578375 0.79752563592247 0.216577700649058
0.0256980913323477 0.107239497735883 0.316668966149899 0.906330963564281
-0.0713554410995046 0.114236835304596 -0.230500423972215 0.578611188773429
-0.0789340876501722 0.10263981352494 0.109841746843811 0.00659374455441142
-0.0038562574895474 0.12276996584012 0.125259906706577 -0.647028744711331
0.0759258743594824 0.0344442468793225 -0.643739195274948 -0.621249917439248
0.0621751947497968 -0.050486359404833 -0.844439431279181 0.282522821656418
-0.00973661843484786 -0.0408204238489445 -0.143097015951726 0.664728500648011
-0.0265731035816557 0.0221545649020231 0.31423684792566 0.271521158375759
-0.0180619261895263 0.0202269006514637 0.243455486613515 -0.0563305021369082
-0.0208048125857172 0.0182244232786302 -0.0227455936958833 -0.181655256082772
-0.024186199198293 0.0314335145696065 0.0433826077309845 0.12718100425894
-0.0391812521421857 0.0167741286038461 -0.153119648344768 -0.0584691623537566
0.0047435891117065 -0.0025913968130036 -0.213326431882822 -0.44740991610334
0.0683284039745056 -0.0622041935313467 0.291169693269551 -0.524423799223194
0.132564998716659 -0.0157331994512899 0.806333084538872 0.0852678744695347
0.0473379549681549 0.104722470539019 0.429451858166074 0.843844350727064
-0.0668550284749252 0.13287785761407 -0.191309130767232 0.619835648364719
-0.0957364162306337 0.117785016597181 0.0774451143816332 0.0520992066447137
-0.0206871195372921 0.138347721168838 0.180256708923317 -0.611072490921099
0.0799868447615598 0.0466058339849599 -0.547082882212697 -0.710695375343308
0.0833476350312652 -0.0506965433093678 -0.879232652392253 0.156049300950768
0.0134658165174825 -0.0428495864042925 -0.23222576656157 0.661464108651066
-0.021584347502101 0.0290757160373112 0.28441904766086 0.332071754850823
-0.0269756389215778 0.0249920250171066 0.244800969020186 -0.0164394000797267
-0.022774881857 0.0162719043868934 -0.0188399191756669 -0.179968989126754
-0.0215084184153192 0.0302685048099644 0.0450515028227019 0.132171599805927
-0.0367426407703992 0.0254503251831773 -0.154142911480647 -0.0151213883897759
0.00455319418645561 0.011876459312423 -0.252895908228937 -0.390887578659951
0.0664688793533296 -0.0568581504608321 0.212535046632086 -0.554740068257694
0.130373582198593 -0.0383280060987951 0.798445863746066 -0.0615220049665607
0.0630889080864551 0.0861735354491027 0.547807704173631 0.754859922474587
-0.0517334058806481 0.131744169608294 -0.13444741630569 0.660925991341481
-0.0999817427480329 0.116513343324848 0.0412785074215296 0.101983903723684
-0.040551769896323 0.137680935682725 0.236628754838682 -0.564164437910666
0.0675952336067484 0.0538449292442514 -0.424592128758502 -0.802156425723194
0.0922592785134597 -0.0456532141888713 -0.898705643071869 -0.00171143760701004
0.0304251904943747 -0.0453359779121392 -0.331564638018809 0.641044072302247
-0.0173089860720321 0.0321867716651727 0.247043299594034 0.399521724820308
-0.0302481626031821 0.0286929551381123 0.243566981984169 0.0322619661312249
-0.020249416241849 0.0128595845789395 -0.0172639727135825 -0.177582074174236
0.00505730303414619 0.00489208228635908 0.0319081546073989 0.126525044163462
0.00819121616969233 -0.0369823941230432 -0.173980918086124 -0.0510154996852006
-0.0251017123943501 -0.0561384275217393 -0.194674512420889 -0.450553666727839
-0.0427523858736635 -0.0306639595152425 0.343461423687008 -0.549454862836382
-0.00957183322719526 0.0134992676917603 0.821773507534722 0.0659039331931745
-0.0442002885850798 -0.00797423797469772 0.399903294356532 0.81322387187473
0.0154732371011115 -0.080488891737432 -0.202584090953629 0.589359647679802
0.0541749488143949 -0.074341746435671 0.0943811907813512 0.0122959091287375
0.00822015855080371 -0.0484412047265301 0.147096092366521 -0.653347338106181
-0.0396962267676338 -0.0211298344380266 -0.596881356492107 -0.699777366721546
-0.0554023810553745 -0.0063290679057456 -0.834052328128664 0.194920475167546
-0.0859763725569478 -0.0238648982685198 -0.141069634177952 0.662253560965621
-0.0372351809834209 -0.0271185693680685 0.323740343454012 0.325470020643792
0.0401388427542495 -0.0191903253292684 0.210042368276822 -0.0208158765900155
0.0224931444977567 -0.00950311594630859 -0.0501242505036385 -0.18214284812931
-0.00216072711947979 0.0102841236043796 0.032935963246701 0.122344790301719
-0.0023298235140216 -0.0356898805325903 -0.167737971857589 -0.0889458135659764
-0.0251505797198088 -0.0565382726644806 -0.160658229876695 -0.495028301532876
-0.0271346507679346 -0.0348699734032268 0.393519132911146 -0.505494048045909
0.0138699725962624 0.0204226931792648 0.805001902455625 0.19238903355334
-0.0287000605343573 0.00829384090471731 0.300689116709556 0.876831745024915
0.00942670967202329 -0.0502010550580948 -0.232618815935248 0.558526969543572
0.0356484507601412 -0.0451442874944863 0.11971235670265 -0.0210695703981083
0.00395873832289867 -0.0157074058547064 0.0991272509387569 -0.6738810722285
-0.0238036204783652 -0.00391135962752486 -0.674086115110847 -0.611604294651805
-0.0416447238119887 -0.0103998667933193 -0.801691297205108 0.305818889600618
-0.0816433825341001 -0.027927931129722 -0.0766834794031129 0.663056882184805
-0.0334313963444091 -0.0234656087975339 0.336099499292659 0.267925442995001
0.0356703875219644 -0.0129952024430959 0.212378693450611 -0.0590010092028183
0.0144474887263346 -0.00352068756707039 -0.0455436971497639 -0.182489298242794
-0.00895318355214064 0.0159736426648948 0.0325197769793625 0.119942656119856
-0.0142667986450303 -0.0303741591376405 -0.15838561473049 -0.114835611718818
-0.0203055112674709 -0.0525475226322596 -0.140187546948608 -0.517831641095098
-0.00333982618185435 -0.0394437551157736 0.425731986444709 -0.466612493595866
0.0421219104092748 0.0260429804720643 0.786836784341123 0.285367906998969
-0.0152741514520841 0.0341741164419253 0.232106522029315 0.916123896917326
-0.00937344515835982 -0.0106100104482173 -0.251016352923698 0.536578234865503
0.00913621599895714 -0.00733903940042775 0.137588388285606 -0.0423599805478268
0.00430427704497585 0.0215012607297075 0.0626988504854345 -0.682711921380251
0.00193697175609601 0.00777555641149238 -0.719431062615506 -0.545989992292906
-0.0214343428440218 -0.021380479390331 -0.780001540493035 0.37651041674807
-0.0705173360814407 -0.0318937060470498 -0.0369963163148838 0.656046024565522
-0.0308027040032112 -0.0146455680477415 0.344340512155923 0.222951176969576
0.02527173153081 -0.00617408489520811 0.216599121304766 -0.0858901219751015
0.00399171493238771 0.00447370818979508 -0.0407626208571827 -0.182184530151611
-0.015900868496503 0.0207468744666861 0.0358794880602302 0.118363368255708
-0.0237358384751223 -0.0201872963144492 -0.155164874882347 -0.125168403609038
-0.0124089263174789 -0.0435952254069937 -0.135251042276709 -0.524246392953357
0.023080060513408 -0.0466432479342205 0.426521562215709 -0.448563930372047
0.0719103777128385 0.0290994895390079 0.7773553232449 0.317997754321357
-0.00510182887471249 0.0658318427417045 0.210602370489561 0.93400792782621
-0.034807257103842 0.0347137358737265 -0.254837507688301 0.530894534912961
-0.021215825523752 0.0340449940453721 0.141524226072791 -0.0450625560131913
0.00715534854259255 0.0585174866948814 0.0516172145786744 -0.680888074752777
0.0326649824411506 0.0162692081586101 -0.73032885623108 -0.519187947275994
0.00472740008478538 -0.0333833284326959 -0.775776262672428 0.399107778221796
-0.0536582882395368 -0.0345709587456331 -0.0328840962172272 0.649985565683093
-0.0294485840786071 -0.00228623037175027 0.342877314165828 0.20822154051778
0.0110833325969425 0.00385006054416201 0.224676133293655 -0.0941189267224748
-0.00573693852696493 0.0113686842643118 -0.0357767006949307 -0.180633242801654
-0.021273677132821 0.0259107328497385 0.0387371585784608 0.11927662790332
-0.0314715162115974 -0.00902218490684781 -0.154322823971734 -0.116574823596338
-0.00470674335199377 -0.0331186343165339 -0.152019346794984 -0.513059455282469
0.0455555314710462 -0.0538196653280096 0.402837793005334 -0.45474302250385
0.0991813370114135 0.0223530458454003 0.782232719774739 0.29031032128368
0.00830634909183463 0.0925318287924033 0.245190886114984 0.925515158786012
-0.0596833255545432 0.0797398870836805 -0.242429837308094 0.546921802015128
-0.051206033403485 0.0730144660013405 0.132097809164027 -0.0285493035635817
0.00711015463632017 0.0952538436469438 0.0718051126704327 -0.670887760122512
0.059240769575151 0.023593824759355 -0.708720925004253 -0.543823667089749
0.0329937867556182 -0.044181984872216 -0.796574037754175 0.372229086974409
-0.0332962886120643 -0.037275484158607 -0.0658272492254193 0.65466477806591
-0.027986275115839 0.0103217573268267 0.334681083440656 0.221371397787912
-0.00435049685359486 0.012627450964833 0.232859010286959 -0.0851291355304421
-0.0143796465075257 0.016194824372306 -0.0303545079879969 -0.179826484853515
-0.0240912688637379 0.0297586691499616 0.041184106561215 0.123371068925523
-0.0365855959304445 0.00563450409367042 -0.153818663451519 -0.0924175815063476
-0.000256621880579752 -0.0174468794410982 -0.182957237059251 -0.486354494700762
0.061089271435431 -0.0609591961824432 0.35262381852244 -0.488019451111277
0.119982160555034 0.00632956305682888 0.795996651931386 0.202446765854737
0.0270179950768915 0.106900930819443 0.330419495239711 0.894489830923043
-0.0700397334317556 0.114860019398122 -0.218751583177245 0.5781225786356
-0.0761321777349784 0.102451643026336 0.109087135383312 0.00512850596596114
-0.00210236082599708 0.123504511147684 0.113909594657806 -0.64543427992324
0.0766883991298662 0.0343927581151239 -0.652688588426745 -0.607136911270632
0.0613628764893274 -0.0510130750411556 -0.833053686435084 0.294397420843142
-0.0108756552018635 -0.0397070613902977 -0.129190593816529 0.665356523011958
-0.0255103631117764 0.0216188398833732 0.316987722420243 0.263666831851092
-0.0186044402718734 0.0193497176078817 0.240897002100732 -0.0607361384005108
-0.021008868634357 0.0183041133944813 -0.0251311650797398 -0.179922814157895
-0.0235212721619912 0.0323336641372253 0.0456317284552747 0.126008094078789
-0.039474895617062 0.0177025028723479 -0.154269852762663 -0.0551030599902626
0.00409601141717365 -0.00269316913267344 -0.223027503544977 -0.442394163215177
0.0655549236013203 -0.0619040891238035 0.279863677287782 -0.525738137925579
0.130870739748035 -0.0181737497752428 0.803567305691375 0.0701594414075493
0.0491175495726211 0.102758987957026 0.443361461152596 0.830403179715234
-0.0632329674551411 0.133610565619954 -0.177652390581376 0.618808977444637
-0.0921655274925652 0.118936544170066 0.0778188921945742 0.0510839796532576
-0.017659463247059 0.138097438031701 0.167524195781569 -0.611744162630368
0.0793865951307594 0.0449952550190878 -0.55615365064891 -0.695442715606208
0.0818003028546185 -0.0516070546583908 -0.873014866371231 0.171673311581893
0.0121905422371982 -0.0426386304241804 -0.216758030415218 0.664862209722684
-0.021724235705867 0.0293772996811458 0.288121205249155 0.324998557146852
-0.0275896495354349 0.0247912894625673 0.243476420058679 -0.0199396854300514
-0.0230366445937893 0.016612352388873 -0.0231779900651529 -0.176882958393848
-0.0215500997587784 0.0303261283038114 0.0467915980013102 0.131428245821466
-0.0380532579453537 0.0267039258211225 -0.154562389960202 -0.0132846859595042
0.00407509588518992 0.0120733693245594 -0.259274785117443 -0.383211996570578
0.0643072045513672 -0.057944182961413 0.198674126581035 -0.555390676512465
0.129237889945446 -0.0407465944115288 0.792467618480241 -0.0750215931448597
0.0623726311067272 0.0843170076184029 0.56061328953034 0.742036995366304
-0.0483292594836814 0.13335016930134 -0.121182491401867 0.658301375491192
-0.0968449457208601 0.11791793268782 0.0432624262482619 0.101136166351376
-0.0377941904576647 0.138223398820685 0.224172706666036 -0.565024493998439
0.0690348844807293 0.0531998477449656 -0.43815883182225 -0.788742741622859
0.0904785612549822 -0.0476731011361861 -0.893794115671629 0.0149383831628589
0.0298342738696105 -0.0452729190581856 -0.315394848288446 0.645173071788357
-0.0164514701055576 0.0322133015423411 0.252257634627377 0.392583381250363
-0.0299206460294537 0.0276545423737848 0.243873349117805 0.0283253835884359
-0.0199716430790728 0.0124396691376691 -0.0216439453729753 -0.174189355014102
0.00552747453608106 0.00566835547658463 0.0342455235791349 0.124567114572322
0.00718577166570757 -0.0361673113383755 -0.174945642225928 -0.0489241252151748
-0.0261036161298959 -0.0558802586691255 -0.202597374929511 -0.445061652006172
-0.0429763490868024 -0.0297853352832222 0.333636388625859 -0.550402882924337
-0.0100019397252022 0.0138213512613424 0.815717427412028 0.0516791478387117
-0.0449813416303431 -0.00743441422512426 0.412365733633685 0.80030180676297
0.0135386793602737 -0.0800972683114835 -0.189577233854666 0.587316833484912
0.0534445866925823 -0.0752962214446419 0.0944035713301665 0.0108299491903713
0.00732588552542967 -0.0479646833258997 0.136653349042665 -0.650102123463658
-0.0411031598615696 -0.0198060048063814 -0.603444609523948 -0.684276247114804
-0.0555326783072751 -0.00592795524286521 -0.825285701974584 0.208545150435074
-0.086718438517381 -0.0215603496714851 -0.128678787690664 0.66054609313445
-0.0374971591585783 -0.0268025448100077 0.324936120366492 0.31645837850486
0.0392755868357238 -0.0196055499194739 0.209013085680054 -0.0242781914852569
0.02136337675051 -0.0109677814042112 -0.0530530151773694 -0.179430152746301
-0.00174117887492403 0.0102150525659313 0.0332607039101409 0.121498090399498
-0.00357296476662261 -0.0357578485308404 -0.167724654518615 -0.0866685654844048
-0.0260761980707294 -0.0555203734193825 -0.170739318064886 -0.488470231274578
-0.0276125068419643 -0.0339775020638004 0.381596761693408 -0.508307677512949
0.0139966104356089 0.0206035355044492 0.80200461196125 0.178881995403659
-0.0287075161010004 0.00845388489923676 0.313128253639449 0.865095137949701
0.00845147964408653 -0.0504606219507022 -0.221720234875578 0.559151072246898
0.0342119183866697 -0.0457992475109538 0.119928602779736 -0.0230793864277525
0.00344475695941965 -0.0151881608957239 0.0859672370889068 -0.67174052179407
-0.0239466198505907 -0.00394138345929164 -0.677236538440448 -0.595404025131324
-0.0423952268078068 -0.00969118090348178 -0.792332750121142 0.316870509512851
-0.0806638945477048 -0.0263155053718616 -0.0642744222359421 0.660581774258052
-0.0331657702640767 -0.0231568079010333 0.337791266318307 0.259078741775783
0.0343290047257259 -0.0145342762735238 0.209906885673252 -0.0617977424402446
0.0138582965518831 -0.00341821814770305 -0.0488965406122856 -0.179851117827589
-0.00974488475424044 0.0166144248433667 0.0339691995617356 0.117954810658394
-0.0156104249093684 -0.0299010228798954 -0.161085976803024 -0.112511922771233
-0.0201216966767609 -0.0519978501488115 -0.148232037713863 -0.512476607828914
-0.00418891285805311 -0.0394014307152793 0.413004024932009 -0.46953102697182
0.0428741606657065 0.0249884794756065 0.784345168008001 0.269683992292831
-0.0146122950362435 0.0352382907299001 0.245487570636091 0.903856584722665
-0.010551940559932 -0.0111624278822924 -0.239681215910181 0.536906721201073
0.00906983650931977 -0.00844363383199359 0.136117900963447 -0.0446416583936546
0.00526871588806237 0.0220347860973235 0.0511134845179449 -0.680312339356082
0.00182251014922458 0.00803370148495259 -0.724216541142659 -0.528903990875959
-0.0218603200728595 -0.0195815054709346 -0.766463120992565 0.387119762926039
-0.0704317105920446 -0.0301353648100447 -0.0255180877626301 0.650034640982897
-0.0304353832259692 -0.014690385366768 0.344202216564052 0.216637032151891
0.0254249166728375 -0.00635417370806721 0.214543488836632 -0.0873020467723361
0.00331806658973872 0.00455221307288258 -0.0432999078832884 -0.180364666670665
-0.0151846440091654 0.0207815256424295 0.0358913448868463 0.116300611191902
-0.0246275023693833 -0.0201648334339618 -0.157496273489877 -0.121480571003754
-0.0131775882567657 -0.0440463294202608 -0.145092059276459 -0.519197733386037
0.0210299405856391 -0.0467268628462316 0.416145806328289 -0.450805175630285
0.0710028088679047 0.026860418497485 0.775175939554836 0.303564061884116
-0.00368071549731219 0.0647664279515998 0.224584301080911 0.921746820236962
-0.0354830995964268 0.0356449151470608 -0.243571887231656 0.531568483940863
-0.0193146257148468 0.0339308219947867 0.139629630002377 -0.0473118519970214
0.00829018944979494 0.059405511603409 0.0422101998998062 -0.678290168578102
0.0319231075284956 0.0165870981546145 -0.733636166795009 -0.504158341963342
0.00416425052493548 -0.0332421818155928 -0.762482809569123 0.410087029591071
-0.0539565405008752 -0.0334622608693908 -0.0216314955396197 0.64760841143356
-0.0293851894020536 -0.00272870462550295 0.343040291237427 0.200724217015717
0.0106547105611526 0.00316437951176952 0.222139895831847 -0.0966335488083694
-0.00658547678517456 0.0115778929873125 -0.0374170665265978 -0.178845543446206
-0.0206519398461376 0.0255734397526169 0.0400088476494645 0.117368728086095
-0.0325116531735042 -0.00699452079761544 -0.15588636576945 -0.114701798891934
-0.00645693715760592 -0.0323208695698056 -0.159434852462347 -0.506974908507647
0.0443604443055972 -0.0546749052326112 0.391817403779021 -0.457842404008619
0.0993662011548048 0.0208731889610364 0.782105093644114 0.275863518984359
0.0110449019950663 0.0907048918449067 0.261652898511557 0.914624676995328
-0.0572806935936222 0.0791269935284556 -0.233536193344307 0.547168274064898
-0.0496236081600307 0.0730056388333016 0.130368781937682 -0.0309161981895973
0.00945215935111004 0.0942239893738139 0.0605016205530657 -0.664545600018897
0.058518940181127 0.0236997471333478 -0.71352772334907 -0.528263890952503
0.0327921398813616 -0.0447540805707565 -0.784666245253293 0.382558142310694
-0.0346256838046565 -0.0360797587840034 -0.0518014940368229 0.652299596054975
-0.027488867554203 0.010454089034147 0.334740558083567 0.214457799215117
-0.0055561939271317 0.0118128144644486 0.230179959943067 -0.0874422481702771
-0.0149355347405434 0.0167052246798277 -0.0321450658569236 -0.178188548685906
-0.0226540240562087 0.0305862030997945 0.0428511753425597 0.120320642296214
-0.0378056155418114 0.00514931022202626 -0.154617636378406 -0.0886844683292819
-0.000436588722930864 -0.0184128743126488 -0.190826987643885 -0.480293561202115
0.0585290048601508 -0.0608652402522976 0.340437243597524 -0.488330713135882
0.119533573336905 0.00270077099180875 0.793583349498867 0.18595733122884
0.0303889486286514 0.105067307650655 0.342788390303148 0.883760612697093
-0.0671970567440855 0.115078158225397 -0.209175893159812 0.577654071540003
-0.0738921112834291 0.103186052396524 0.108325933293054 0.00290808620995854
0.00091942809869662 0.122283791358698 0.103379914936328 -0.642792284347684
0.0753394965755347 0.0326686699794651 -0.656356018390496 -0.591999739490441
0.0590909863567411 -0.0510429874560214 -0.820723012000648 0.307184783319018
-0.0120339874155343 -0.0390416498409665 -0.117947682195489 0.662592747607666
-0.0249092623001185 0.0211341416241999 0.31925146907801 0.257425216205478
-0.0187790690803593 0.0197773690571771 0.23819651038104 -0.0629694900035148
-0.0208091050013789 0.0187659916998503 -0.0276849050091649 -0.177810686972998
-0.0235686032656441 0.0317183480110745 0.0468827928289211 0.124410796626646
-0.0394247631979508 0.018202110788747 -0.153949359697115 -0.052933446743428
0.00306993234983573 -0.00252048531092396 -0.230408009638711 -0.433444510733436
0.0641196106271163 -0.0632316069466748 0.268163692889776 -0.524688624235957
0.128756044908145 -0.0202616781728446 0.799167281175934 0.0559244632593615
0.0504881422303726 0.101114615717172 0.453841304204247 0.816190399032363
-0.0616343509377849 0.133998186247053 -0.166462036723325 0.618716927316151
-0.0896579117513602 0.118776371874756 0.0781859367849798 0.0491892571182454
-0.0151437533650898 0.137751153110271 0.158855508334207 -0.608426384530724
0.0799022635076334 0.0444040293056422 -0.564739137186677 -0.682127671940534
0.0794599757384771 -0.0524187624898586 -0.86181545137024 0.184528330187034
0.0119351832613223 -0.0418199639973391 -0.202987949428278 0.66416215388054
-0.0218270889043602 0.0286346659041668 0.292063842997271 0.319647436838713
-0.0279057202118511 0.0248121965588081 0.242712919273797 -0.0241901198025783
-0.0224880307340774 0.0170594909926458 -0.0258084559436966 -0.176191545753966
-0.0201077879789638 0.0301485247604954 0.0474386572939303 0.1287452546837
-0.0385091453283146 0.0266566770739752 -0.152709507331506 -0.0108841409498429
0.00552151639601314 0.0115136575916346 -0.263895549586426 -0.377842249578388
0.0623552645182881 -0.0593987869932137 0.187490038047325 -0.554269955180724
0.127132714074433 -0.0428749586363694 0.784757067857194 -0.0893980981924677
0.064294336971918 0.0833109016108056 0.569818201942217 0.724782842782503
-0.0467077714837467 0.132535364063126 -0.110215339702345 0.656402798595038
-0.0943920323376971 0.117153996232889 0.0446546623271229 0.0994576969510168
-0.0347751471004573 0.137554809252167 0.214895810556286 -0.563364985644382
0.0681518735458152 0.0520376836060886 -0.446527666317495 -0.778134281256539
0.0889926852561728 -0.0484808208586952 -0.886226485586735 0.0307432645791472
0.0293338620063941 -0.0453992613563147 -0.301823640704799 0.646127019539389
-0.0163721441913208 0.0322941756046484 0.257939000497453 0.386181342103806
-0.0301395867425154 0.0271966986503369 0.243721164299127 0.0243705695315639
-0.0197562161423883 0.0135731205436115 -0.0233199936698021 -0.173111539323584
0.00531732738008805 0.00588987985318159 0.0350039789725668 0.122714928151721
0.00602352007365847 -0.035415196164472 -0.174789983391309 -0.0473271781667728
-0.0266492131098811 -0.0547309597157245 -0.206978727459744 -0.438392709415672
-0.0427487366980398 -0.0292044551838977 0.319605017405584 -0.549525032483671
-0.00977428794839619 0.0132284230893698 0.805792214956677 0.0382952323705903
-0.0445838198620091 -0.00674224863053941 0.419799123025925 0.785590170005165
0.0117733560848512 -0.0800784164427805 -0.178922878588487 0.58450675077426
0.0515914398566229 -0.0750935108629878 0.0936021851081846 0.0100321381716172
0.00675473564469124 -0.0472002929648304 0.126793500365012 -0.646160139124909
-0.040600067928751 -0.0193888162117407 -0.608816176604504 -0.671028040130446
-0.0554486720336786 -0.00487528931927985 -0.812954534310114 0.21714689837858
-0.0860053645552372 -0.0197842829671762 -0.115366697752693 0.658096076216245
-0.0375358710955648 -0.0258476075022392 0.327511871612759 0.308943519553616
0.0384736301430278 -0.0199979511198228 0.206437801450879 -0.0271685179172578
0.0204886078115293 -0.0107245023660411 -0.0538817906126784 -0.176998472491723
-0.00163665709620578 0.0103287807844043 0.0347609748841959 0.118619311636233
-0.00445392947733552 -0.0348578635407593 -0.16759526873156 -0.0833326434538053
-0.0270249310169246 -0.055046814125789 -0.177491607681558 -0.481083088183894
-0.0278950057697122 -0.0337442883023747 0.370318614964105 -0.50845112157992
0.0138090822485232 0.0193249701728329 0.796145366728348 0.164528302749454
-0.0284309066662975 0.0095869491024994 0.324592932190231 0.85208750537046
0.0073176615790256 -0.0509424524270288 -0.212295508913816 0.555716187590047
0.0340978005952521 -0.0463318452176575 0.118882130188459 -0.0246939136487056
0.00353274838631336 -0.0155975423720233 0.075088405786217 -0.665847567162938
-0.0240159880879768 -0.0027984940328361 -0.681160174454548 -0.582202532624928
-0.0425637877609918 -0.00947112847298811 -0.779016968000367 0.324518839968936
-0.0801584039186192 -0.0244663455726226 -0.0524658770040341 0.654689865803848
-0.0330275643952048 -0.0228450233526907 0.339027453651185 0.252388949249201
0.0343421500239581 -0.0150557611244386 0.208210843021923 -0.0646970382593216
0.0126527446719307 -0.00376423809773959 -0.050541124706303 -0.178451866508632
-0.00866511080463945 0.0170652813189894 0.0351099518215471 0.116170793303619
-0.0158379675893112 -0.0287643803163244 -0.161913835526479 -0.109170202438609
-0.0223212683639582 -0.0506032306214464 -0.157309276566814 -0.505833222284322
-0.00591395769498708 -0.0391923676700513 0.402869770627271 -0.470488402717239
0.0420720527020817 0.0237130075077313 0.780830427245503 0.255526235874026
-0.0149351479220531 0.034499961136867 0.25567760140071 0.892989509430304
-0.00836207201851642 -0.011268018403396 -0.229505707097301 0.534620192901311
0.0103731175749144 -0.00846504892917148 0.135140620639967 -0.0456540347013868
0.00476910479731838 0.0216069374797656 0.0416310755235762 -0.672620587196953
0.00146321332301466 0.00804925417950458 -0.725221365052642 -0.51524428238384
-0.0217015749724365 -0.0197829209969234 -0.753539449904014 0.394284856738573
-0.0687617762129389 -0.0285467056037029 -0.014474996045475 0.645651762649137
-0.0299403289684795 -0.014609813386236 0.344618241499492 0.209344503489751
0.0238395171471044 -0.00728844320117867 0.21183976340595 -0.0900306342954527
0.0041136013517721 0.0049361821155721 -0.0451011473263068 -0.177788694030353
-0.0150893998165927 0.0214721300539964 0.0377864776408381 0.11368572925627
-0.0250122109575894 -0.0194522404103116 -0.158287007532474 -0.118254445308349
-0.0136197530132201 -0.0429299780174748 -0.153091768795125 -0.51169981755189
0.0203644006122437 -0.0467119466822885 0.404574575308955 -0.453541727871246
0.0715889851122318 0.0255660865640258 0.771617938478286 0.290235179179753
-0.00236528471537005 0.0643495066782282 0.236858425178469 0.90859787580911
-0.0351732572141103 0.0358834386094116 -0.233111019012212 0.528725613507641
-0.0196511337342956 0.0339642381100258 0.139140908670839 -0.0489313773806564
0.00845357489594496 0.0586937422522429 0.0324190251113097 -0.671645381184527
0.0314016415820891 0.0160152180347935 -0.733597614889956 -0.4896330165682
0.0018520696641351 -0.0323888758357728 -0.74850988947195 0.419704250112686
-0.0548688227722595 -0.0323198124387492 -0.0104338942585329 0.643770302198163
-0.0278866346747481 -0.00230482207462489 0.342667661272827 0.194802954213019
0.0113382084351095 0.00278923983849173 0.218233360906069 -0.0991791934761034
-0.00633234309847773 0.0113266770246207 -0.0395092332394067 -0.177344153525665
-0.02061700284295 0.0268977588063216 0.0403802358472618 0.115023342158164
-0.0329604031658616 -0.0068563111426235 -0.156755160216583 -0.110901118178333
-0.00708094026703339 -0.0320481634224871 -0.167037143708218 -0.499998947451077
0.0429477519553645 -0.0555430806268457 0.380626006125823 -0.461139446006878
0.0981407130186275 0.0185790495328436 0.778105973893874 0.261135348329824
0.0105942420982445 0.0913306723789111 0.271945208004836 0.902138657167607
-0.055805329489202 0.0799841367483659 -0.22359797548954 0.544574062853222
-0.0480672469639463 0.0729793232254346 0.129648620482205 -0.0330224338547538
0.0103859169383664 0.0936444779805812 0.0516195277136816 -0.659576077850541
0.057454003012498 0.0222648991491578 -0.714360539665649 -0.51301859982323
0.0298710214585833 -0.0449535560666781 -0.769511279584536 0.392006417938058
-0.0341644663709179 -0.0349668935015194 -0.0417813657793603 0.64692301768598
-0.0269313692468539 0.0110305935253928 0.334863844466704 0.208198482080091
-0.00515923759827901 0.0123393597961591 0.22824962281363 -0.091606366980568
-0.0153081527863395 0.0164536998856739 -0.0341030586516031 -0.176121377711313
-0.0235670580958267 0.0310305696893582 0.0447477972239448 0.118511043713597
-0.0382496082672587 0.00715674737377192 -0.15471763129341 -0.086964002246437
-0.000605852006067745 -0.018388436298272 -0.197504118160049 -0.473546880829284
0.0572188180713777 -0.0610649749636169 0.328765048609605 -0.488794114591297
0.1174714117534 0.00130637940633245 0.789585482272596 0.173031547338418
0.0299531676101271 0.103005737226545 0.352650369328191 0.869211930748823
-0.064276117780219 0.114053733915328 -0.197090933354611 0.57499920928681
-0.0712974745768542 0.102854650333576 0.107528608265451 0.0018218279843731
0.0036652724809107 0.121797659686513 0.0920413204909429 -0.638458742730468
0.0755938977190787 0.0316982315230133 -0.659341436459393 -0.578646295922977
0.0579785429375293 -0.0518816900875466 -0.809660370032395 0.316222214411981
-0.0114350586381567 -0.0379665344545959 -0.104658119687975 0.655410179318514
-0.0253742904841005 0.021324419440899 0.320769929341905 0.251664989652295
-0.0191841772260406 0.0192396258527684 0.237298989762751 -0.0662306868821185
-0.0199116582723555 0.018547641409143 -0.0310722077442622 -0.175712163189445
-0.0239872973876482 0.0321394888227173 0.0475494940840062 0.12246136517043
-0.0391934362495504 0.0190142061174253 -0.153385890688871 -0.0505698903170182
0.00349276720714678 -0.0029904965499648 -0.23488483768155 -0.428034426149002
0.0620055786076138 -0.0636840663750094 0.257171377034561 -0.523738219341474
0.127352743027369 -0.0227751718701277 0.793806268669647 0.045129574769259
0.051035142004619 0.100624005763152 0.462545931794139 0.801731446183056
-0.058813691861831 0.132681532443645 -0.155144648364669 0.614643401012196
-0.0872185179597 0.118066393508342 0.0782879342184718 0.0482212618405966
-0.0132568619863339 0.137441245760918 0.14863773097382 -0.606345285433618
0.0803014409169116 0.043234799830193 -0.569972246153531 -0.669725254057046
0.0787960719867649 -0.0519346867416613 -0.850985223771069 0.196430391233421
0.0102446909686692 -0.0424734799345243 -0.192621950245943 0.661296337767103
-0.0208517039367544 0.0286567930406738 0.293850413067058 0.312459830862847
-0.0281598731303245 0.0249040604595561 0.241666034784653 -0.0270222502377333
-0.0220923558235236 0.018119345807439 -0.0266621938102591 -0.174364272214935
-0.0197414596499248 0.031350178397452 0.0491812265680738 0.126992191812682
-0.0389919968221001 0.0269646266996308 -0.152284268405716 -0.00853589440191841
0.00430801671906793 0.0113986126631485 -0.268405915817634 -0.370816392627065
0.0611461518290441 -0.0588875170846245 0.178418257932704 -0.552318123961009
0.124504417278041 -0.0447847458389196 0.775716066925191 -0.0988443181440267
0.0654894841636984 0.0816371091768544 0.573442271032839 0.710080836342058
-0.0443660351179948 0.130889821470679 -0.0999197197842719 0.652010264904636
-0.0916449523282382 0.117956381501325 0.0457313295828087 0.0983974906480813
-0.0329904804194066 0.137159411335153 0.204408050561457 -0.563722816576737
0.0678600879463024 0.0510519425112084 -0.452870708914952 -0.763331000569731
0.0867262637279515 -0.048704338594401 -0.879443457319265 0.041206291690762
0.0284115425833268 -0.0456355361479844 -0.290139346039483 0.64542517970893
-0.0152981353537716 0.0316733103861838 0.259795002414661 0.380985069972886
-0.0295613746304387 0.0277703795455796 0.241951422139554 0.0209316123964313
-0.019827615933572 0.0134160522059052 -0.0255545717390485 -0.172001251005441
0.00480492126247561 0.00627206582091613 0.0343154587739237 0.121846190250724
0.00507509283194736 -0.0357152880885872 -0.174165377798797 -0.0458491802286191
-0.0268224879768203 -0.0547318927874028 -0.211769623852034 -0.430924248087685
-0.0428995966376949 -0.0288643622610315 0.308714605404852 -0.548459225320653
-0.00964490550487201 0.0128001574140295 0.800432598514293 0.029997307987832
-0.0442066820925238 -0.00609856833673805 0.424510559896917 0.772756139032506
0.0106518205539384 -0.0791464239045237 -0.171497860981979 0.580593153361651
0.0504694546068064 -0.075907391732994 0.0928642323188193 0.00819051715775127
0.00659722392261625 -0.0470647774324937 0.117498470679426 -0.640437438109547
-0.0419258851139249 -0.0183609203308655 -0.609831885996501 -0.654875095138342
-0.0554322610317448 -0.00488086130299686 -0.804042943384979 0.225056218420233
-0.0856308446728068 -0.0187113314659429 -0.107083062669377 0.653453899235911
-0.0365415506028465 -0.0252371078014542 0.326410520915125 0.300864143636508
0.0376818486532061 -0.0213695619817334 0.205066553367976 -0.0292055647355272
0.0196840357418018 -0.0107292721586906 -0.0555565781125188 -0.174666105741398
-0.00143149915573028 0.0109824672008074 0.0347370557279136 0.117111489318313
-0.00639493204659318 -0.0340571736041543 -0.16730816660305 -0.0811722033050971
-0.0274735627383186 -0.0548451287890604 -0.181365091434786 -0.475263901945052
-0.0287808621770655 -0.0332840170517441 0.360083921701387 -0.507451076577419
0.0143465750124392 0.0193513099195313 0.789421607790734 0.155653832868106
-0.0286140882521207 0.00927227652468173 0.329288975210091 0.837775600504112
0.0062130673247441 -0.0496354415062494 -0.202990769733392 0.551436357504404
0.033121493562937 -0.0461429562386409 0.117381516376862 -0.0261940028921891
0.00361252184805773 -0.014388877806543 0.0687463810819149 -0.660314901925719
-0.024035749979459 -0.00269855776080116 -0.681914090979255 -0.566718457610287
-0.0427278377587096 -0.00912550183059919 -0.767606569937885 0.332767269646579
-0.0804082066776032 -0.0235693118446763 -0.0451778974756902 0.649519505187602
-0.0327727867620991 -0.0227305384547065 0.338425116201347 0.246210467048921
0.0331897990289551 -0.0153506973770796 0.204909974766547 -0.0653278889557689
0.0124682452237288 -0.00336246248316162 -0.0519404152950608 -0.175839689389882
-0.00905700236926964 0.0162652139196049 0.0353113615170824 0.114990155851859
-0.0164519576769242 -0.0281942458353148 -0.161897638405462 -0.107284552163467
-0.022362144145443 -0.0508675816627538 -0.162373855064119 -0.500454485967801
-0.00571715911248705 -0.038354784454561 0.391243823528359 -0.470814640631206
0.041503310533538 0.0242730793598279 0.774764788092506 0.244312279980236
-0.0146353524914303 0.0337858194235559 0.263651190206349 0.880370263811203
-0.00890789913325477 -0.0100955105558837 -0.220637852044054 0.531459025538638
0.00976680428193396 -0.0097935615592626 0.132143979802665 -0.0480793462075269
0.0066370886158463 0.0210359809337601 0.033439862836828 -0.670116330203582
0.00154560623424832 0.00835665571428168 -0.724694898010581 -0.500201872629247
-0.0228442390027526 -0.0196873292651325 -0.739831395799081 0.399515422459432
-0.0692910899704004 -0.027233895297872 -0.00562703604641165 0.640514622087599
-0.0305184499331985 -0.014297465631929 0.343797614199231 0.204641982882022
0.0235604059600695 -0.00798344888378199 0.208104145086873 -0.0913523011914516
0.00160483267792342 0.00476620354603189 -0.046899877022542 -0.174213206916451
-0.0150315757527946 0.0213043330693089 0.0374354735123248 0.112800701847319
-0.0263973324229567 -0.0186825336925199 -0.158301694260168 -0.115348893057507
-0.014375276794726 -0.0423652080845409 -0.157956158180333 -0.505154401807635
0.0191472763025808 -0.046675262628461 0.396420079153449 -0.453939780057743
0.0703278660412284 0.0240024758289056 0.769088211015698 0.278947683112434
-0.0029895406022187 0.0634663738916053 0.244851553939891 0.895295318798941
-0.0337228274265225 0.0349555546465425 -0.224214705717171 0.525757440939743
-0.0187355439445981 0.0329880726689475 0.136950022904222 -0.0510649245066229
0.0103348920562063 0.0584917208976345 0.0258381135449981 -0.665524271913914
0.0309249428866888 0.0150063700951055 -0.734030281838211 -0.476793116805709
0.00238700524630026 -0.0330662521170471 -0.738692079075792 0.422819463770612
-0.0542225163762727 -0.0303640672314184 -0.00270559640362817 0.636812451908541
-0.0275934947505175 -0.00226711659501419 0.341887746338134 0.188761286315677
0.0098274116573361 0.00129170635866523 0.216230636502652 -0.101138065535234
-0.00772378013120711 0.0119489289809852 -0.0415110055824123 -0.174768245087068
-0.0200070765797656 0.0262135994153472 0.0406009171557519 0.113675902386125
-0.0328822718611532 -0.00513129786859273 -0.15711395801881 -0.107838330864687
-0.00736217581451961 -0.0322340839707979 -0.172419631101421 -0.494255349164702
0.0407679349182181 -0.0550377024260656 0.370412532598933 -0.459962711729509
0.0969747480794543 0.0170477609103951 0.773902217968749 0.251771950596616
0.0120440932568961 0.0889365549004405 0.280249389659613 0.887194234892141
-0.0539706189517109 0.0798410150401324 -0.214814018527274 0.540329790444085
-0.0453293632915137 0.0715554543580378 0.127906687011831 -0.0338780266925842
0.0114996268031321 0.0921491040547804 0.0441432809865499 -0.652449312504781
0.0565736548821908 0.0234770587338282 -0.712935479295142 -0.49896392076425
0.0291291495197255 -0.0439430274868559 -0.757454352781656 0.395683648022132
-0.0336281061729333 -0.0340838398162533 -0.0321463447964225 0.642801347324936
-0.0266658187980968 0.0107835826264663 0.333785078994614 0.203947315147425
-0.00543909352130139 0.0113570512736234 0.22509275648989 -0.0915054651074845
-0.0152512529844615 0.0176042975052218 -0.0363195721356261 -0.174507836253288
-0.0228322824887207 0.0309569288649013 0.0444722775818767 0.116799173004038
-0.0383048729740325 0.0075767171738289 -0.153719395578704 -0.0842809434254125
-0.000537451766642985 -0.0186490670580535 -0.202577645343335 -0.465350039106673
0.0550710534699927 -0.0614895351111256 0.318769326104613 -0.489088077200657
0.116343560108516 -0.000282425510000388 0.782523501212529 0.163386310403812
0.0311403970931292 0.103051219448671 0.36024322953212 0.85508152638516
-0.062085100117273 0.114024628638317 -0.188263354957861 0.569357948457252
-0.069196405059582 0.101683429938927 0.107052639390269 -3.03160319918871E-05
0.00503253310074315 0.120529688641916 0.0852922449611055 -0.63193078230936
0.074346856328157 0.0308524630579577 -0.657341559068507 -0.563776538452255
0.0553041911782885 -0.0518898974892471 -0.797543428101294 0.321319608084798
-0.0115912385801833 -0.0368517647254325 -0.0946660719902791 0.652385574651406
-0.0241608415939195 0.0208719624658658 0.320924857004256 0.244365016930424
-0.0189830754141661 0.0185652839843797 0.232414800800567 -0.0680904408831914
-0.0207607208961257 0.0193082495776032 -0.0318726553027696 -0.172688355421382
-0.0229667923191499 0.0323786520199713 0.0487698790646815 0.12081625832383
-0.0396579162862184 0.0201017789139663 -0.153511954480741 -0.0482686421354701
0.00209348969830254 -0.003114695540926 -0.238085605288341 -0.420324215427044
0.0604739694069442 -0.0641051335267543 0.24948793270234 -0.521928265555551
0.12513169224019 -0.0236517359837695 0.784122430637381 0.0375496309133328
0.0511313191426225 0.0982571582759257 0.468006718236349 0.786492290137288
-0.0562341159259367 0.133317980341473 -0.147752654615152 0.608527530511821
-0.083843598921681 0.117659746466103 0.078206334714404 0.0459183517305179
-0.0104472263796225 0.135851547081599 0.140067243990083 -0.600769031360523
0.0792050983122188 0.0417619406721889 -0.571107664869229 -0.656051850347261
0.0763004350662618 -0.0534137067858786 -0.841669962078109 0.203551543856811
0.0102283394863686 -0.0410023351614572 -0.181417997014057 0.657167545586038
-0.020270183668996 0.0281782053752684 0.2953757360311 0.30652638185377
-0.0278535913811935 0.0246839684428697 0.238582081593025 -0.0295582484237995
-0.0228762161975181 0.0182199392997233 -0.0294208898428954 -0.171901446123418
-0.0188222081819471 0.0313543925049688 0.0496959953386124 0.124470131893156
-0.0379244399032525 0.0269582540029581 -0.152548151530269 -0.00766304238564989
0.00343697759299623 0.0113161338099206 -0.271901811264286 -0.363008436375883
0.0586337736441174 -0.0595544903819734 0.167781188105138 -0.548873945170841
0.122273824451489 -0.0459123728628544 0.767434841327992 -0.105033828415491
0.0645161478225433 0.0801233869141592 0.578217149315639 0.694052492219575
-0.0420812937513934 0.130945814537872 -0.0907940530387798 0.644226299105602
-0.0897340082257733 0.116879882396309 0.0466348624594924 0.0948704203151329
-0.0294866238501631 0.135443955156831 0.195357532209702 -0.558736912151595
0.0672194176493876 0.0500553593423492 -0.458041583558564 -0.750024604558135
0.0849190993012111 -0.0494268946059646 -0.868749736998951 0.0515633254679479
0.0269356213671697 -0.0452720159946679 -0.279765584741946 0.641702990001928
-0.0149251728131918 0.0317853728098916 0.262306221890442 0.373227523695333
-0.0308006990213738 0.027621329141916 0.240790858146716 0.0183220498677751
-0.0204516290224769 0.013729776205182 -0.0273727173519952 -0.169182721754687
0.00505256868393421 0.00663200478388546 0.0346297329140394 0.119729560003857
0.00419247979708332 -0.0345241789511151 -0.172049687842942 -0.0433255585471738
-0.027766443337223 -0.0533441435065699 -0.215718982292956 -0.425173700346884
-0.0435411488683216 -0.027805328235733 0.298600503448197 -0.544252000793557
-0.00819381588401396 0.0136193511695697 0.790183956384859 0.0219645304788155
-0.044394878967663 -0.00577552584566815 0.426324477589933 0.758257887246759
0.00957343133403979 -0.0783356492568157 -0.163140060816368 0.575581508838657
0.0495238712760276 -0.0764996590800953 0.0930685833097636 0.00760904630055996
0.00592616665299118 -0.0459593417791341 0.111166315069816 -0.633331921860178
-0.0415115335164727 -0.0170183728559508 -0.610561374652496 -0.645528178201591
-0.0561036931577332 -0.00423102419332427 -0.793433271157764 0.230194284155818
-0.0841992151262019 -0.0176212752989559 -0.0985936632681246 0.647241158732483
-0.0360702389705888 -0.02452301352245 0.326053156304271 0.295783747454432
0.0369951640061694 -0.0222519497734483 0.202433717096851 -0.0304003588611695
0.018611555203745 -0.010521903075879 -0.0571793556908186 -0.170481866288846
-0.00163395605961313 0.0113746181951216 0.0341071334875065 0.114312842718751
-0.00593485274722599 -0.0333773041368158 -0.167702910647067 -0.0791562322267347
-0.0273363667393992 -0.0540184050141106 -0.188224509583538 -0.467976864733564
-0.0289454102492234 -0.0330309526926598 0.35074795494072 -0.505462747083034
0.0135250954074184 0.0177652662583258 0.781226972088429 0.144312900251568
-0.0279899751168871 0.0102202264912158 0.333961579775056 0.824636340786014
0.00563089798546344 -0.049092808066484 -0.194866442783462 0.546456088229173
0.0329544653579716 -0.0468390737862919 0.11616053289815 -0.0266670971134447
0.00395789516923367 -0.0144326452730913 0.0623722219669144 -0.653059955074299
-0.0241172593922099 -0.00163277447779054 -0.680048007269996 -0.556795856200005
-0.0416370009716672 -0.00796949638469319 -0.755462180863874 0.336809811984008
-0.0787885711430892 -0.0221184556653466 -0.0358667487988752 0.642734397997458
-0.0323179757998652 -0.0221527303150305 0.336517316685559 0.239779795814079
0.0338134460612097 -0.0165491206299348 0.202657651250405 -0.0669011302391996
0.0108953046083372 -0.00370930940388656 -0.0528791103210776 -0.172243541864488
-0.00854298288095566 0.0166638777858715 0.0356377037198835 0.112952494527414
-0.0176785159716849 -0.0281640691866108 -0.162206120708584 -0.104607450060875
-0.0228073052301287 -0.0494490166089209 -0.166639776120207 -0.492293020858662
-0.00608748705148812 -0.0385147922342474 0.382530749814999 -0.468908955115752
0.0405558350010106 0.0227563899859325 0.768338244986148 0.235918030083073
-0.0141300152967928 0.0341570568692591 0.268640112600656 0.868592068973127
-0.00878757504055394 -0.0100173544135457 -0.213293702383358 0.526341262673311
0.00952554993480008 -0.00977531505572625 0.131592827355818 -0.0485240134767999
0.00689786002244007 0.0210718321119273 0.0278634092786355 -0.661444108661251
0.00130661088809463 0.00797254222958301 -0.720813758638853 -0.488476659667464
-0.0235260402913133 -0.0185968552291767 -0.7269626168345 0.401584340715027
-0.068397664698653 -0.0260560301171548 0.000432923918158995 0.633226962075713
-0.0292762589969201 -0.0136326739303016 0.340986512281484 0.198873782885881
0.0225350820195015 -0.00806851045407957 0.20592594210898 -0.0920296659193996
0.00243827451063904 0.00424462433669018 -0.0479814605228609 -0.172850555042295
-0.0142272541294914 0.0220153300418793 0.036988302664372 0.110079991726306
-0.0264556178361996 -0.0185688913260817 -0.158405653495182 -0.11381023474933
-0.015460020469642 -0.0416111499142467 -0.163206511448371 -0.49746568274137
0.0179120794289006 -0.0467421304138541 0.386668800243322 -0.451621151408841
0.0703063644999803 0.0221251170932947 0.761316512511039 0.267941458060815
-0.00145653880323288 0.0629229718339547 0.250979733040966 0.883943272679233
-0.0329838205443751 0.0360858693595004 -0.218348424131332 0.521866975389325
-0.0170612177662395 0.0325507604594185 0.134512341663172 -0.0504586125158775
0.0107416150346908 0.0583446263983301 0.0195317948477914 -0.656715120515894
0.0306012806329732 0.014406561030922 -0.730220944544607 -0.46382690975032
5.56087771310994E-05 -0.0315248874515367 -0.723269734427475 0.424472076927896
-0.0528112008310193 -0.0296698204252341 0.00342038590120531 0.630589650536274
-0.0276956425054182 -0.00142824238179801 0.340183581687596 0.184869392651289
0.00912129551380293 0.000584081807426435 0.212613141500669 -0.101011043160874
-0.00738914654768826 0.0124256318325595 -0.042131169762247 -0.171667676710103
-0.0196427061901281 0.0260855508802344 0.0407026403783009 0.110950610887427
-0.0338069448803591 -0.0052053629498502 -0.155916301377859 -0.105206652018911
-0.00750340993023502 -0.0318210153697676 -0.177079069178272 -0.488146346728449
0.0405411134815992 -0.0551459744255598 0.362266314651924 -0.459538640706249
0.0951216182612185 0.0152049807389215 0.767821339190498 0.240912824204611
0.0123830493868191 0.0889868241769754 0.283957480273504 0.876763373969083
-0.0524728653047641 0.0791092031801122 -0.206810772985081 0.535785634127083
-0.0445108283390433 0.0715805926883708 0.125496457619598 -0.0346148090884148
0.0128396958443403 0.0910951406331109 0.0372564359336944 -0.645608189861889
0.0570228851871252 0.0210935981686327 -0.709768616759019 -0.485526533714897
0.027422763625058 -0.0440306569438604 -0.744627707755077 0.400735412868114
-0.0332002666579448 -0.0334885152548855 -0.0255779005407943 0.635029903123825
-0.0263428425327376 0.010612410982226 0.333026963801086 0.197846055984195
-0.0062680754735842 0.0100239803834916 0.220676685055142 -0.0930144388065893
-0.0157307068869996 0.0171605438603308 -0.0369380983921255 -0.171931613335049
-0.0224817921395519 0.0308717635026286 0.0457631612816511 0.114949003400281
-0.0384700237291369 0.00865896617272603 -0.154539362498137 -0.0823839420259977
-0.00126997250966517 -0.0179087289090866 -0.205483702192648 -0.459508735108063
0.053367421288059 -0.0623740500920289 0.311052106212458 -0.486623663591164
0.114691646462283 -0.00140014237870403 0.774273037638418 0.154017949966903
0.032064528212388 0.10156621856581 0.364779209269012 0.841093807906007
-0.0612708815066959 0.114170545188777 -0.181469925411034 0.5669248617826
-0.0670608403235866 0.101471490622141 0.106531199326212 -0.00187399142508133
0.00652848553597181 0.118531608339684 0.0796404497508435 -0.624745057684675
0.0744531118870092 0.0312032434231391 -0.656425881089132 -0.551595107375132
0.0531775187286069 -0.051147547741945 -0.784398552418059 0.326510938038617
-0.0115009411326328 -0.0371675755846164 -0.0860278868947582 0.646418261725335
-0.0233929972216981 0.0210812942014572 0.319544547434415 0.239993020406074
-0.0198637673025585 0.0190507239949039 0.230679925523025 -0.0691475575742833
-0.0206198787331034 0.020418605294432 -0.031870094638176 -0.171564237125116
-0.0218614700022701 0.0311667533400741 0.0487403462136434 0.117765116802773
-0.0405852318556946 0.0199468848218275 -0.152788215434133 -0.046890623537892
0.00258980371990557 -0.00302792019595084 -0.241953774828747 -0.414804629229462
0.0589809143580733 -0.0645391107409622 0.239187039173798 -0.518788067106682
0.124380631865538 -0.0254517241344259 0.777296132206555 0.0296971573655074
0.0512885830737826 0.0974884766890443 0.468587343260165 0.774562817028675
-0.0541129051397416 0.132047370049283 -0.139281969599033 0.602260466196972
-0.0821005049855948 0.116128283101207 0.0771747723792718 0.0439943860092341
-0.00851787394137008 0.134606268238437 0.13378196616051 -0.59609815718055
0.0783477809564696 0.0415539806816847 -0.571221018681844 -0.642405519102994
0.0747149793311206 -0.0535854522894615 -0.829274833976032 0.209086585790071
0.0104591992921365 -0.0414117542276651 -0.172648340762044 0.652168253322158
-0.0192265683777167 0.0281504534792527 0.294343968974785 0.3000189174866
-0.0284892836204988 0.0244697254021182 0.237014404944882 -0.0315913238973134
-0.0214932405571911 0.0187440378514972 -0.0298796849091929 -0.169642864498589
-0.0183670840812898 0.0308535301699826 0.0498695854462319 0.122584494726149
-0.0389624640335251 0.0275157928490932 -0.150486249451632 -0.00632815392939414
0.00381171315025234 0.0110001628458935 -0.273813077744013 -0.358041303839201
0.0574516777817181 -0.0602506549021727 0.158702588853306 -0.544369579341819
0.120623347852274 -0.0469115563825967 0.756541540986682 -0.112230270855304
0.0647909201307277 0.0780759034987754 0.577754734773893 0.678646192354744
-0.0400459263976119 0.130367593838131 -0.0832919919745379 0.637940257360928
-0.0874525531047551 0.116412128634994 0.0466137476923283 0.0940179584900794
-0.0273772079194598 0.135353700542745 0.190052118797693 -0.55396769015357
0.0672476934864608 0.0489166524140315 -0.459501823727884 -0.73793326939313
0.0827986885523582 -0.0499674546345959 -0.860143120741992 0.0590887736679948
0.0275934595376249 -0.0446295657259766 -0.270789244776343 0.638391595168459
-0.0141378682410403 0.0306794693248456 0.263150416861052 0.366301847522287
-0.0311361491080881 0.0275250784117236 0.239093619437887 0.015837742095365
-0.0205595376437148 0.0146512837141832 -0.027944271707674 -0.167023891231873
0.00502382187994645 0.00697821304519028 0.03539676886164 0.118200796324212
0.0031458290766576 -0.0338912179773882 -0.170669975306402 -0.0420613374403931
-0.0277787808170412 -0.0530303079203323 -0.217265937738835 -0.419519446773772
-0.0427361644306396 -0.0276452112921148 0.291688325557471 -0.53997868347993
-0.0100306185974535 0.0123516367262472 0.78029051447194 0.0150320751678729
-0.0440233242826129 -0.00533669658253239 0.427950859614254 0.746636208213504
0.00924115985786068 -0.0786771491472974 -0.155285521971903 0.569405018774945
0.0482370591836552 -0.0758595818911386 0.091995744933396 0.00648412537159009
0.00654639206843934 -0.045635256425205 0.104707074596984 -0.628939940850276
-0.0411142833972067 -0.0166664014315443 -0.606217401764585 -0.63239694363661
-0.0548700002757217 -0.00350275101655804 -0.781511064327321 0.233206171339718
-0.0837466792710121 -0.0162039828484714 -0.0923955687047476 0.640015581016951
-0.0350726366277115 -0.0242427991265029 0.324690783436901 0.290568228890837
0.0363832487620318 -0.0222015856169501 0.20097144184759 -0.0309243619166221
0.0180760093959916 -0.0107853229628341 -0.057422457545323 -0.170324249952043
-0.00121332588702908 0.0114062036018718 0.0348506501224762 0.113533844173037
-0.00675039492560686 -0.0326959821841891 -0.166462471669678 -0.0778050462722868
-0.0276570736164129 -0.0531779889757578 -0.189086807238208 -0.461259733476064
-0.0287899543736963 -0.0329343696254159 0.342230280668047 -0.50220367285835
0.0135268571721802 0.0175397211082242 0.774493011974884 0.138616225402549
-0.0282966086687591 0.00981963396692576 0.337109048392282 0.812297168458645
0.00530285145811101 -0.0482669358365525 -0.189245774281894 0.542577858729635
0.0331678096184973 -0.0472699673264829 0.114546260089436 -0.0273600413974623
0.0034180053588227 -0.0137504219723816 0.0566835468523937 -0.64776710152309
-0.0242090411511419 -0.0011965148387242 -0.675870980551204 -0.542890369487398
-0.0426158034676406 -0.00783421271993266 -0.744939436675869 0.336547275515928
-0.0779080819966488 -0.0215800287552032 -0.0300568616200831 0.635984835171058
-0.0321806429452803 -0.0218752768525737 0.334187967692585 0.234841355233751
0.0323563148253538 -0.0169299615751017 0.199728613123276 -0.0678405474675546
0.00979610752471064 -0.00348957500421927 -0.0537812575087414 -0.170221258307857
-0.0078866828548089 0.0171352862243438 0.0350304131348552 0.111653521524511
-0.0172651927648501 -0.0264968134428833 -0.160925237666536 -0.103968374587662
-0.0228105604868372 -0.0486599732939062 -0.169007985938889 -0.486509488485615
-0.00718099053164091 -0.037837527841758 0.374069275038143 -0.466889865695598
0.0417457672996208 0.0214553656533174 0.760500225913481 0.227709722138314
-0.0132844637143958 0.0331460848491949 0.273691795234161 0.854781905761596
-0.00911917094883612 -0.00966818667976299 -0.20556831394628 0.521557385721694
0.00941589527229227 -0.00982236046907613 0.130425911197002 -0.0486885984476599
0.00710800065807982 0.0216894185439098 0.0253344928907587 -0.653218352242265
0.000343503895532376 0.00914790825463128 -0.716020918101894 -0.478056052949245
-0.0237855350521482 -0.0183262416058761 -0.717633950267962 0.404880347667148
-0.0673630408403882 -0.0249033174149191 0.006018682998061 0.625957599734087
-0.0287602408218538 -0.0142463701426949 0.338834045575188 0.194655221101378
0.0227446885496571 -0.00919449575952421 0.202504816948319 -0.0923181819060978
0.00187858598991692 0.00470677865960225 -0.0484314769675375 -0.170325846016341
-0.0145431283069892 0.0218609670994589 0.0375098279028388 0.109415259727088
-0.0275711099737399 -0.0173242968319693 -0.158929149919039 -0.111291861060736
-0.0148221619070165 -0.0415783014311279 -0.165784051654335 -0.490834198081476
0.0169076551528809 -0.0462439093394098 0.378772760982857 -0.449586556734909
0.0688578491058017 0.0212891492975797 0.756218957743559 0.26016837152584
-0.00119074753664726 0.0625925459844278 0.254702616339876 0.871710466464207
-0.0309569274045372 0.0352601108069977 -0.209754122361832 0.517364087857725
-0.0168870031882278 0.0314127126606227 0.133257189862821 -0.0511224705685012
0.0120334440689212 0.0575503961138104 0.0146389148815559 -0.650879030457741
0.0292946988792803 0.0154648201856771 -0.725756516758943 -0.454242898457954
0.000714322729473752 -0.0314550382925467 -0.712688453375654 0.423903567768599
-0.0518563043902756 -0.0285096513177525 0.0102823437576613 0.623858573820444
-0.02730870168584 -0.00181554994041854 0.336550271638544 0.179274214979935
0.00811682616437216 0.00206074314550158 0.210607923864273 -0.101338118583302
-0.00773352188079603 0.0127292238029904 -0.0429771670915379 -0.169069769424088
-0.018616366939757 0.027292797606774 0.0411340475079173 0.110189158499464
-0.0333429574653948 -0.00483710941870095 -0.156801793078231 -0.104290909954321
-0.00711911120680588 -0.0307590984636178 -0.180577295812887 -0.479934511770998
0.0382489322645327 -0.0548953820699259 0.354281679408482 -0.455325419683191
0.0947560039621206 0.0143702232351946 0.760148339366598 0.233008235003633
0.012762824575748 0.087109782638105 0.28907948923799 0.863707494966789
-0.0516757282266271 0.0783590982991125 -0.199735705542328 0.53083970342334
-0.0431522473913925 0.0698220982259523 0.124647657780405 -0.0359911053327315
0.0135818704100111 0.0904197128725076 0.0326056456447292 -0.640768347780029
0.0563128891608186 0.0220396606419185 -0.704134543490805 -0.475597778751522
0.0257259341354551 -0.0437572379015012 -0.734388754001733 0.401532047081218
-0.0333745661005392 -0.0314331359346716 -0.0192367048320914 0.629138561893396
-0.0256292033307521 0.0101289189022524 0.330664643312127 0.193852465746066
-0.00680474592155934 0.0105841053117599 0.218721392256442 -0.093475086799218
-0.0152500920253071 0.0175296086153312 -0.0377337045277969 -0.170096533391704
-0.0208255554505766 0.0309000843175114 0.0443906739972367 0.112605728098442
-0.0378774605676175 0.00875184988316089 -0.154937218085685 -0.0799604389178281
-0.00233222753039493 -0.0181003216401421 -0.207655732992395 -0.453033432443478
0.052364395968228 -0.0616063905616032 0.304215289218334 -0.48087430373462
0.113903265451366 -0.00338496132791114 0.768250729614292 0.147246847499116
0.031088422421802 0.0992998523095061 0.363957744512232 0.826846981386276
-0.0593095709987052 0.113246039559195 -0.175475322059956 0.559640448013954
-0.0667202367187438 0.0995172452815324 0.104456650686677 -0.00250857547074328
0.0081530942738677 0.116757185928599 0.0736949512457386 -0.618614562165102
0.0734861499223853 0.0303140255499446 -0.653715085613502 -0.541293969857667
0.0530541341991744 -0.0515483427380083 -0.77401450314699 0.329399042303889
-0.0119432188466404 -0.0361143936266808 -0.0795201897389425 0.641802467504383
-0.0232516807010304 0.0208022327401517 0.316906410021922 0.235104247340261
-0.019767441387775 0.0191811352313821 0.227813316433775 -0.0705147123825669
-0.0210616176869554 0.0195881234673934 -0.0340145330089759 -0.168521759261824
-0.0213899560370187 0.0323585672097535 0.0478335350802459 0.117657322428281
-0.0402386192040918 0.0200047400567586 -0.151033363181213 -0.0446811023101921
0.00148501348970146 -0.00261757360706386 -0.242509803928618 -0.408076611919869
0.056935025201326 -0.064021148869597 0.231606023705186 -0.513239334053818
0.121902176258709 -0.0256462736505978 0.766928667418445 0.0237424702422
0.0512745531151539 0.0955434171230442 0.470999627945828 0.761563077452143
-0.0526541465304735 0.130474804204813 -0.133397323330206 0.596823416917068
-0.0807175525671832 0.114946203284808 0.0777895257357153 0.042972922721531
-0.00766923989352479 0.132003540083253 0.127750751810649 -0.589447810140008
0.0774132177690015 0.0403161763947255 -0.568616041777336 -0.63182005690663
0.072227189646427 -0.0540505599415515 -0.820616762286867 0.212045574058116
0.0110200505315681 -0.0402018463013295 -0.164516153045392 0.64591650525678
-0.0188216235445381 0.0277288879898533 0.29372329956886 0.296434887655431
-0.0278371658915399 0.0240106978074239 0.234239947050956 -0.0333510807476467
-0.0223348117444665 0.0188603772586837 -0.0320759804186744 -0.168238281796086
-0.0186964184157982 0.0307567056760888 0.0498049076089402 0.120718680521896
-0.0385593486395232 0.0281815923564363 -0.149390272735213 -0.00513432986998797
0.00346517970498999 0.0104866330483534 -0.274796823427704 -0.352264556635456
0.0562569229996088 -0.0602423786496865 0.152745546926386 -0.539393252893746
0.118410191262381 -0.0475036044528815 0.748466092569894 -0.117149572724522
0.0648358208622229 0.0782247504578061 0.577364920899893 0.666805814852188
-0.0381617739232516 0.128348660769534 -0.0773110832544946 0.632400146374547
-0.0856265302442623 0.115412948806265 0.0473204420989624 0.092347498926372
-0.0267239104356997 0.134184863567714 0.18370306493256 -0.549563850894958
0.0668571643451277 0.0480112697803537 -0.45965516660079 -0.726192521378679
0.0818098125410447 -0.0486714039015149 -0.849574786891914 0.0635208129859495
0.0264961008623044 -0.0435172965121987 -0.261884319414881 0.63301484161987
-0.0139706368193176 0.0304287979505535 0.263432032426779 0.362670502932888
-0.0313671803063253 0.0268459354457519 0.236995534438545 0.0131788315761495
-0.0206668670576919 0.0153125857131562 -0.0282950489766323 -0.165316794036123
0.0050896865085151 0.00708710997863726 0.0340287720760814 0.116163876683323
0.00239862453999467 -0.0335002527021563 -0.170301498975184 -0.0417922589903559
-0.0278071282517277 -0.05152656092426 -0.2185613688236 -0.414202408729379
-0.0431211635267098 -0.0265318399531595 0.284160733087148 -0.534365739810504
-0.00883268702946421 0.0118640503602876 0.772512979565512 0.0120998933134353
-0.0438546207485235 -0.00483779033385155 0.427358767030797 0.736552836422446
0.00837664181919339 -0.0763596808201181 -0.151678106698901 0.564945606192355
0.0484049182534974 -0.0761512198443274 0.0901746232182903 0.00643392414331172
0.00645037889364083 -0.0441730096271162 0.101939328990111 -0.621848183414304
-0.0421716397838714 -0.015970912382003 -0.60366761364851 -0.622878352223014
-0.0546416964492265 -0.00232933236560265 -0.772774972062027 0.233813873863422
-0.0818454359992791 -0.0153307717094604 -0.0877443556078473 0.636098710661501
-0.0352208857153396 -0.0242143956975998 0.322239222774475 0.286488489153579
0.0356529291932601 -0.0224311376762158 0.198782713491408 -0.0324138314623188
0.0171183976129006 -0.0101111168782843 -0.0579461823284067 -0.166872664449814
-0.00185227691548465 0.012260423596795 0.0342849127899893 0.112772557924626
-0.00705178756804047 -0.0319617386423817 -0.164983594788531 -0.0763693922446995
-0.0283751822184547 -0.0521325069121449 -0.191649409491641 -0.455268898301272
-0.0295527828852071 -0.0319104976498405 0.333513536115976 -0.498449736655083
0.0131860325396762 0.0173103662701773 0.765596210407153 0.135158173406097
-0.0277199770187134 0.00989144663098271 0.336349945929304 0.802275406700099
0.00441206254281206 -0.0487017015416023 -0.185370912780947 0.536873765090644
0.032668347497921 -0.0472066230233716 0.113323158888339 -0.0278632333404699
0.00396775724421269 -0.0131935509959463 0.0544836240741744 -0.638898839479622
-0.024706161842891 -0.00140738653350307 -0.67024079772877 -0.533889361698311
-0.0422542315831583 -0.00735595081430257 -0.735998840569753 0.336621790188703
-0.0773973922192161 -0.0204637372236026 -0.0255069839217423 0.631450159877436
-0.0319731302603801 -0.0215668369782933 0.333109356815884 0.23105658249373
0.0311412672650376 -0.0168393904428259 0.19763793955471 -0.0676576181381863
0.0101159291428916 -0.00255191701673594 -0.0532222911801516 -0.168547142361518
-0.0079320653972107 0.0177491809007567 0.0352920416268917 0.110092658998991
-0.0180495917166287 -0.0257262143697087 -0.161359557691871 -0.100952154478213
-0.0233823798818409 -0.0478942772256699 -0.17109050456923 -0.480607202527967
-0.00781176493644707 -0.0378503787840846 0.366851721354755 -0.461966212993689
0.0405528816618232 0.0207391108757866 0.754551963662967 0.222456083604984
-0.0137317715749731 0.0326173073299751 0.27167141527203 0.844414147575687
-0.0103113912491173 -0.00981781894911557 -0.202888846670329 0.516425274124788
0.0102467495243723 -0.0100908646893581 0.128180111894493 -0.0489685156495354
0.00818798613155714 0.0202469808034509 0.0204879718737686 -0.646040586263383
0.00139510002212037 0.00955498664319861 -0.710847984830361 -0.469295013111484
-0.0248329739425255 -0.0181930050398553 -0.709563438327892 0.402439309480998
-0.0666081362287059 -0.0243535175572815 0.0100613125212966 0.619636525114462
-0.0284963695154188 -0.0139856984136719 0.335912963535853 0.191704620500623
0.0213529594867384 -0.0089357892675 0.20044497667715 -0.0922541864660433
0.000539290157950739 0.00489829300813441 -0.048560551337516 -0.167611697626731
-0.0131303537791172 0.0226927429066858 0.0369112633168717 0.106908085014511
-0.0266427101598038 -0.0166189881936719 -0.158544616880692 -0.11058283535977
-0.0166216699468224 -0.0410183619955914 -0.168304355333481 -0.48661553953958
0.0165557772585263 -0.0462903658937774 0.371352950680457 -0.445723431209478
0.0683003398473347 0.0207360628357689 0.749527317527268 0.254659288568165
-0.00172652082091336 0.0619112781411046 0.255295297440074 0.861347816098903
-0.0318456625553498 0.034763287032753 -0.206610292365218 0.511519694396915
-0.0171430686411696 0.0306245791154033 0.132560725093267 -0.0524465040481674
0.0121246033803799 0.0559881837465586 0.0119201916440739 -0.642998775993851
0.0294783056746835 0.0150138823456482 -0.719073396062818 -0.44656540400632
-0.000808576290001842 -0.0309859032988006 -0.703195147674228 0.423978731044312
-0.0517793037595349 -0.028112250790904 0.0143273187135595 0.617483814779163
-0.0263389643423144 -0.00245689659608719 0.334192250998744 0.176634143914193
0.00740280962615534 0.000159089605313474 0.207414434394476 -0.10135826357144
-0.00875132675407148 0.0125482278227758 -0.0426124110940489 -0.16869304076056
-0.0192437509798102 0.0270914123127095 0.0402238323367187 0.107929069448563
-0.0331728412539148 -0.00376151690148054 -0.15580682893837 -0.102312837770456
-0.00825093241749083 -0.0311669190856668 -0.181167617299343 -0.474372861387748
0.0368545744869424 -0.0539670056877201 0.349470458774732 -0.451672592240916
0.0931568129736596 0.0132283269222367 0.751593582416955 0.228000788496895
0.0138062310418348 0.0857900252563882 0.288179881286197 0.85276139811114
-0.0506650798245653 0.0776986089001275 -0.196239830162834 0.525894549088652
-0.0424844258957543 0.0688799209851706 0.123307558357123 -0.0359915322367926
0.0137205484869867 0.0899413856803294 0.0296082669073226 -0.633530016871129
0.0554934908145482 0.0214145912039427 -0.700058342253067 -0.469078029661401
0.026587505642891 -0.0430517285376606 -0.725217914328921 0.400458399093372
-0.0339584692704452 -0.0313744654999062 -0.0153167977174358 0.623337089024602
-0.0249221600382042 0.0100821028069765 0.328315275015517 0.191224049223829
-0.00796338593611698 0.00878889173344987 0.216548971721102 -0.0935551213898051
-0.0162768778313287 0.0187906876272584 -0.0379446100131741 -0.167942594510882
-0.0208959428134176 0.031823904684248 0.0445225324813927 0.11057612978205
-0.0393545431816911 0.00974652150885948 -0.153713882394928 -0.0788241405744767
-0.00245936659954474 -0.0174627073000106 -0.20870449483196 -0.447903454665464
0.0504819414390445 -0.0610989987888354 0.299186213394453 -0.476934255650879
0.111488300374143 -0.00412559045353327 0.761627121951567 0.141703491533279
0.0315383652519419 0.0986366757027981 0.365995262859181 0.816588939591505
-0.0582894549932131 0.11239388609307 -0.172211422414995 0.553145440410955
-0.0644820327535683 0.0985950424161758 0.102710260539847 -0.00299042769584514
0.00859372353417771 0.115111318685046 0.0701851754822809 -0.612435036980423
0.0724748478337168 0.0293983471024632 -0.648147612345744 -0.532803651208159
0.0517295790502625 -0.0510699833615015 -0.765051109890614 0.329146281816753
-0.0114211611735906 -0.0355862783743694 -0.0767934520473226 0.636711570802468
-0.0230876951505367 0.0194342508850524 0.31523285496189 0.232397673761091
-0.0208286886408675 0.0181898320537012 0.225945563266494 -0.0703412641860927
-0.0215186500351794 0.0205440840714217 -0.0335330591490083 -0.166994271402467
-0.0204362891141601 0.0321880216770271 0.0473212396978509 0.115736068677258
-0.0402281167616513 0.0227567417168859 -0.151230800657294 -0.0449848679842918
0.0011029354389018 -0.00300644539439254 -0.243915531404027 -0.403368068690046
0.0562042524439984 -0.063401781286275 0.228078015264875 -0.509604367465862
0.120756184403401 -0.0270085847154459 0.759156907086455 0.0200643751241188
0.0511693682012157 0.0945890304271159 0.467312683982671 0.749640791881224
-0.0523297549909403 0.129765350068395 -0.130403564125521 0.590447806157856
-0.0789690853275065 0.113950836630478 0.0774281974025799 0.0415085112948925
-0.00631898748106649 0.130981818343331 0.124317597339676 -0.583365629266961
0.076548224141955 0.040858230553567 -0.565320804691655 -0.623229411002547
0.0712281162035141 -0.052903670375718 -0.809827257246123 0.214706857142628
0.00934141486965925 -0.0399590917137651 -0.158986297260283 0.639828645296647
-0.0190984815504275 0.0276435172822837 0.292398858532515 0.292741949290315
-0.0282775504635056 0.0244845232384868 0.232461087778332 -0.0327486770804739
-0.0224368010549139 0.0184781722045777 -0.0316368028445396 -0.166171173024043
-0.0176220321344592 0.0308424653572927 0.0496510611300377 0.118393661421113
-0.0392679876571972 0.0280812133750066 -0.148119705702965 -0.00423806361290005
0.00348213237868576 0.0111572671369298 -0.274830844160861 -0.347080226834611
0.054596941138899 -0.059459098313303 0.148020363099364 -0.53350741891022
0.117027850629134 -0.0482401728980894 0.739807083584592 -0.119234896831249
0.0644778098685284 0.0768285100555226 0.572441721401477 0.657415397093477
-0.0373190489487959 0.127667722346977 -0.0749285798556181 0.624684857042742
-0.0841807450365145 0.113399456662979 0.0475372798036795 0.0906654263275844
-0.0243636526390499 0.131710501884548 0.177431459241454 -0.544596167771828
0.066628941025862 0.0478122837542143 -0.457437408802037 -0.716596248069398
0.080425082031013 -0.0482817222164673 -0.8417572641986 0.0686136884856338
0.0261870451713464 -0.0434092627403124 -0.25552841999586 0.629778037850648
-0.0145883636671745 0.0303156722044429 0.263265081372728 0.356467403685178
-0.0305941856658614 0.0272710180750043 0.235894549740336 0.0134638196265016
-0.0208550671895715 0.0159321774442819 -0.0297097905954994 -0.16368758200996
0.0050358520241488 0.00760012948403068 0.033711448983277 0.114827018491681
0.00194213978387476 -0.0321736696065841 -0.169095393154289 -0.040913242486766
-0.0271223078411152 -0.0514166450235139 -0.218757780855868 -0.410285669112131
-0.0430311934029172 -0.0261165868419389 0.278943541568319 -0.529920141655432
-0.0087846977540038 0.0120710619327318 0.76434708165666 0.0117111605976569
-0.0430756981012195 -0.00485223422205744 0.424789020239862 0.728569188061216
0.00778924902323772 -0.0759126559571013 -0.148992755781711 0.559147547883444
0.0476580806847014 -0.0761158840991975 0.0898657040086679 0.00500373811269488
0.00664410602820022 -0.0441515656724425 0.0999554056995828 -0.615719975399954
-0.0419411394931115 -0.0155478118649926 -0.599496266605368 -0.616402156740993
-0.0544445189377295 -0.00293527464698241 -0.76350234864947 0.233275164321219
-0.0811612768837441 -0.0152374162514752 -0.084271074506379 0.630770409756003
-0.0346114642747721 -0.0238254420552631 0.320921173616479 0.282990878182382
0.0345904759433954 -0.0231507355145866 0.197174781378685 -0.0316803650142156
0.0162203689273314 -0.00989668171655027 -0.0571815502752157 -0.165274836727752
-0.00138057824802514 0.0123737975127259 0.0334926380611964 0.111304077714405
-0.00798418709250058 -0.0317376710174772 -0.164781832593954 -0.075498541825676
-0.0274433281670347 -0.0518913211180548 -0.191112322530191 -0.449611128904807
-0.029300083893123 -0.0314680577386274 0.328471399038729 -0.494631800081476
0.0135398946592351 0.0167395136092584 0.758335576188549 0.130998604859064
-0.0278697029342968 0.010187989955881 0.334610335533454 0.791515344733041
0.00537314867155609 -0.0477047569148582 -0.182297942444316 0.531730217029161
0.0324446291120349 -0.0474486485435299 0.112766565151016 -0.027360823184369
0.00462003511147592 -0.0132105359066542 0.0525041646225155 -0.634587492461327
-0.024364599874072 -0.000623059592512618 -0.666702868921534 -0.52821781437768
-0.042088719366465 -0.00728128124912758 -0.726138537221351 0.33508828079929
-0.0758234729960867 -0.0197806167428093 -0.0239394408173127 0.626618119363535
-0.0310080329798332 -0.0222866610163707 0.330077442894675 0.228874486171056
0.0302944555741392 -0.0176439782475354 0.196136476257745 -0.0678046833852958
0.00894151364563069 -0.00250236333997195 -0.0528822612778676 -0.166272945974204
-0.0074714679465079 0.0175447928243769 0.033688478950466 0.107725290913836
-0.0188839339504531 -0.0251901254194731 -0.161025399624071 -0.0999546551180463
-0.0230661300716175 -0.0480430811397456 -0.171504940898427 -0.474582352497818
-0.00706855935763456 -0.0384245154738265 0.361295610113748 -0.459852037926669
0.0397521142178011 0.0203673279033303 0.746035180572982 0.219680731914343
-0.0136386548329462 0.0324187862010606 0.271184710354438 0.835125174326851
-0.0101566930719675 -0.00974949732798148 -0.199994110837307 0.510152996939716
0.0097664514080786 -0.0108092743223263 0.126560157885878 -0.0496309972032763
0.00798117389208282 0.0214517279610443 0.0203369362319578 -0.640594125308455
0.000549459829317055 0.00958838150748637 -0.705756686415823 -0.464326707651141
-0.02452441706143 -0.0167430486060577 -0.698727495090403 0.400717775997865
-0.0657023388529272 -0.0244762880565922 0.011516157887963 0.6159256519426
-0.0279249559109 -0.0135735847492474 0.333983961312538 0.188329201936434
0.0207920482011237 -0.0088897638708914 0.199083112486187 -0.0925950790715381
-0.000100063639929556 0.00601863622638003 -0.0486244319906662 -0.166493375387998
-0.0137990981408045 0.0219853465525332 0.0353608299291132 0.10639015268306
-0.0271157228400327 -0.0158797940781608 -0.158003321031771 -0.109312587836817
-0.0159632879570509 -0.0414988388481337 -0.169468921787906 -0.480828933108371
0.0162171149949723 -0.0454242057919046 0.366665654969837 -0.442409099938633
0.0674122860175957 0.0200956551852588 0.742613925983213 0.249984491736438
-0.00197931367468163 0.0607801697472005 0.254494604608467 0.854094708430271
-0.0308172387226749 0.0344968173179509 -0.204095655539057 0.507097205986609
-0.0164669971937769 0.0299243479013789 0.130624708965876 -0.0522938593637527
0.0126053749478274 0.0560837376736415 0.0096289683185521 -0.636668482573628
0.0293334726101307 0.016118450153046 -0.713835784623196 -0.439919023440743
-0.000744471019108722 -0.0298216565543097 -0.695468789515351 0.421200722187001
-0.0516473675885519 -0.0279082762740912 0.0158560400140366 0.612282817418886
-0.0263720171582932 -0.00248798109129367 0.331634205165272 0.175935130816232
0.00707094114751877 0.000462598014793918 0.205675259125862 -0.101046391025465
-0.00855157029666306 0.0132710516920046 -0.0419100193401226 -0.166074959414433
-0.0193737447034424 0.027215941546073 0.0397022956805024 0.106254587213717
-0.0346262148869969 -0.00359401451188807 -0.155449860026444 -0.101092639303466
-0.00880749453314559 -0.0310631869812911 -0.181788902624164 -0.469247851011002
0.036428114894672 -0.0540053479280906 0.344461687121499 -0.448219868715145
0.0924428812566214 0.0127262202793315 0.74667096113706 0.225435558345862
0.0127542356485732 0.0856513573139517 0.287867542543482 0.843889739901692
-0.0501361561440488 0.0781892469952444 -0.194184016379519 0.520692601017727
-0.0419873522786926 0.0680189789352157 0.121356950992911 -0.0368668381777862
0.0149590375155967 0.0881119230285553 0.0286591190419931 -0.62649013676217
0.0547906388033311 0.0217846848697692 -0.694524277452802 -0.463530481033839
0.0244252669827372 -0.0424770152592094 -0.716652414001452 0.398426101797394
-0.0321120771319091 -0.0309932794342482 -0.0123044939985231 0.616028541240258
-0.0248403734574794 0.00935799247958299 0.325631967026695 0.188624005681741
-0.00795799177214019 0.00941588949913258 0.214252059635572 -0.0928817511200753
-0.0157565566625147 0.0181116703952961 -0.0375691661091049 -0.166262878430846
-0.0204508061514767 0.0302862671702799 0.0439752522669211 0.110349757092056
-0.0386405126510301 0.0102382935674278 -0.152278715532391 -0.0781430042525298
-0.00284489564902039 -0.0166598746865136 -0.210357732823926 -0.442310108211196
0.0495015369463036 -0.0611086887158935 0.292489254605844 -0.473306682652622
0.11066381868704 -0.00395598004958154 0.754336479354251 0.139822716010992
0.0315203736744263 0.0976443105562128 0.364522429463581 0.808335859686915
-0.0584894804735829 0.110385111895661 -0.167756303101492 0.548544011224772
-0.0646154066837548 0.0967628136067512 0.101730454170261 -0.0033135324629254
0.00866236119270912 0.113787184608125 0.0684855503745537 -0.606387135911821
0.0719169891968603 0.0302113732208847 -0.642335690295096 -0.525910150194112
0.0508393585029265 -0.0504183573567374 -0.75652602224499 0.32835513486065
-0.0116782000753608 -0.0352409977743888 -0.0726217651269223 0.630814134031225
-0.0227720283679797 0.0187939487836601 0.312565472130958 0.229684420821703
-0.0207442550134042 0.01753651930101 0.223263231255589 -0.0707606754430922
-0.0204485363342661 0.0205730751613498 -0.0337991207191169 -0.16551437243046
-0.0201572319681092 0.0323862771823075 0.0478335147633157 0.112984943165278
-0.0399157299940671 0.0210837156151296 -0.149660315084039 -0.0442049327130599
0.000861116073450432 -0.00249825592121268 -0.244383896686414 -0.398180473463182
0.0555940649570371 -0.0624120962450148 0.22213180232157 -0.504417295194509
0.118652604277535 -0.026811416513262 0.75118092644564 0.0181888923551046
0.0509394606639488 0.0944278237202921 0.465583460106192 0.742292463269948
-0.0516809101005902 0.128904631501327 -0.12694341910799 0.583837219637044
-0.0789597636499413 0.11260969927487 0.0762925384128695 0.0417982831460048
-0.0055934925226687 0.130836618824404 0.122474762111603 -0.577930532186989
0.0761409944170082 0.0408527418760565 -0.561480387156261 -0.617760298668469
0.0697335059260087 -0.0517556536894088 -0.801865445515752 0.212424773974155
0.00982537621434036 -0.0392936462418458 -0.15473123603985 0.635289956741533
-0.0189178997496005 0.0258392202397621 0.291393194433746 0.289940052756473
-0.0294735077292997 0.0241079819206938 0.231150386925926 -0.0331901577556717
-0.022449689537719 0.0194787512722549 -0.0306277035832895 -0.163770706085911
-0.0173619782013825 0.0309314276742984 0.0494288069835558 0.118400774018069
-0.0392785339705287 0.028684955315237 -0.147011243146956 -0.00451407206333656
0.00259714335438997 0.0105839272058119 -0.274168067854966 -0.343270053292581
0.0537801107740766 -0.0585933451142633 0.145603803077806 -0.528001737622787
0.114464018818522 -0.0486180040102739 0.732705567429485 -0.118277601411886
0.0639349749425006 0.0758447767610182 0.568868866827552 0.649167365070017
-0.0370781134830187 0.126130059354356 -0.0720434328351918 0.61878839947618
-0.0826120922413046 0.111735182682952 0.047295490316193 0.0899359285496758
-0.0238931142881027 0.131108768955321 0.175846374219287 -0.53986904419237
0.0657089858960868 0.048863012328552 -0.454195086738227 -0.710100417823291
0.0790156754248149 -0.0485287126308749 -0.834756537436061 0.0685334279120871
0.0253875851264759 -0.0429267750279011 -0.251421137778231 0.624850972703823
-0.0138064486411978 0.0287249240896777 0.261356941368823 0.354902568184693
-0.0312005750928154 0.0274099887674415 0.233945024196611 0.0112704855593018
-0.0197961411781148 0.0153549475401168 -0.0295447841779879 -0.161100358854533
0.00537590280839802 0.00780501008591484 0.0329848673340468 0.113531292492701
0.00167603120607891 -0.0320521587884141 -0.16821745651507 -0.0410979897362123
-0.0283211961795741 -0.0512034739615055 -0.219287553456301 -0.40624793781984
-0.043231503585382 -0.0262849985302394 0.274196869556398 -0.527030274402884
-0.00951110809038302 0.0120552972945638 0.756234291950129 0.0100010065627599
-0.042985486953352 -0.00470699715357866 0.420917581163166 0.722614166768064
0.00849076457661342 -0.0753931120943601 -0.147856199380684 0.5555230422607
0.0474755898387673 -0.075578565762153 0.0893497403888574 0.00464167916092357
0.00716562371871139 -0.0442101582625799 0.0984649642665464 -0.611446890140931
-0.0419239781788634 -0.0147211622853401 -0.594135789433494 -0.611110916864671
-0.0544674502128678 -0.00234711714582319 -0.759075985426916 0.232884175024874
-0.0803051078954956 -0.0144471684768651 -0.0838423893732054 0.626577810182201
-0.0341810440567436 -0.0240440989790767 0.318195032825138 0.281749532733636
0.0346970605344123 -0.0227128858533746 0.196139798608552 -0.0312051635577252
0.0152151847756793 -0.00930031452987059 -0.0566699148789077 -0.163829285627714
-0.000799935969245899 0.0126953699063747 0.032164293388121 0.109397831517993
-0.00756822090514463 -0.0307613807003974 -0.164740836577901 -0.0755892306069224
-0.0274831328612859 -0.0509875212602592 -0.191648242330744 -0.446970227914523
-0.030264882416166 -0.0306953344672659 0.323840238861506 -0.489962823416992
0.0129624245789505 0.0168564953303904 0.750079843557891 0.130286901014349
-0.0270184660768955 0.010255875301695 0.332858243305621 0.786883879259598
0.00504122903966795 -0.0472122514878379 -0.179433639202665 0.526540199429156
0.0319747992022385 -0.0475098998356808 0.111549209019889 -0.0280257278182919
0.00456566921684753 -0.0131597366637725 0.0518135704055039 -0.62852464553993
-0.0250204550714583 2.16287848560162E-05 -0.660104580273995 -0.524206985926894
-0.0420150425036787 -0.00666287747236438 -0.721675875953108 0.333591855946262
-0.075427496717245 -0.019045835925574 -0.0215671392409394 0.62132765407448
-0.0296750278541062 -0.021602048803926 0.327129069718562 0.226633796542275
0.0301388725876013 -0.0172145842467697 0.194625150630156 -0.0670930894478445
0.0086394833558702 -0.00253326331397444 -0.0529749083232976 -0.165134395388354
-0.00725196047488813 0.0180192957401935 0.0334683153226034 0.107215770009868
-0.0183574831700699 -0.0246375660824738 -0.160222809489587 -0.0998743043754488
-0.0222606218948812 -0.048023311641436 -0.171844151480953 -0.471072624071874
-0.00751940684791709 -0.0373167058880995 0.357512760356015 -0.455576141927735
0.0391657680213434 0.0201076628913361 0.74032467472925 0.216730029177412
-0.0138429454285567 0.0328522140161901 0.269298340123606 0.828541562300159
-0.00987916589968883 -0.00982551950897718 -0.198029202869912 0.506547303363569
0.0105525588891059 -0.0108294111037369 0.126565774445737 -0.0487456614178072
0.00859720432301851 0.0204089403455439 0.01988423856575 -0.635749777585796
0.000736664550253861 0.00984022148375881 -0.69969131913401 -0.459775080432702
-0.0249151417665078 -0.0171827674111085 -0.69335814428293 0.398573752839952
-0.0645041023518403 -0.0234947638578388 0.0119975407115547 0.610478338034703
-0.0275039344943614 -0.0143178639133324 0.331440036991745 0.187647677021784
0.0203436861407204 -0.00988081194506725 0.197061524712709 -0.0911135408634028
0.000164070229610493 0.00485765392030497 -0.047606572951589 -0.164488443108496
-0.0141741265650528 0.0228174791014456 0.0354378285012385 0.10507725763555
-0.0268870045612833 -0.0150878067116016 -0.157837633641446 -0.106455469053087
-0.0156850046478406 -0.040745278626653 -0.170589445985216 -0.475936978574879
0.0155282198169239 -0.0454969353753217 0.362598317794077 -0.439133960318925
0.067069179101882 0.01947444810564 0.735968153188931 0.247898044705896
-0.00164332132907524 0.0602337285655854 0.253499595854631 0.845509231570454
-0.0299338756579013 0.0338813465572632 -0.201129906081231 0.501509385517282
-0.0161539637736457 0.0293777671937042 0.128486809246635 -0.0518484610858603
0.0132261044123227 0.0555104515018206 0.0101649183859866 -0.632946670758005
0.0283484899670078 0.0154602849266188 -0.707106332698545 -0.434962182063642
-0.00198849199233453 -0.0297286899934734 -0.688329466949463 0.42098754326479
-0.0500548924694615 -0.0273491866329456 0.0164360958160767 0.606303115386825
-0.0257552747779634 -0.00258627618490171 0.329204419679053 0.173941129197781
0.00686033127966504 0.000108157496993198 0.204649594463712 -0.0997016499553613
-0.00860907971202953 0.0132760808851378 -0.0426519795826543 -0.164193415458978
-0.0181400730943424 0.0270145991084061 0.0386075089000315 0.105474287836782
-0.0337842153830984 -0.00313636136639324 -0.154473419793955 -0.0998580356166644
-0.0080005039589951 -0.0306095946914289 -0.182934958136772 -0.466163401377124
0.0350842117845965 -0.0534007057484998 0.338548214420084 -0.44422957538996
0.0910520550168386 0.0118474578420981 0.742441682399568 0.221653396842438
0.0132239554500475 0.0844611034137797 0.285597080861605 0.836889919235321
-0.0491121262864037 0.0769740974919799 -0.191939296077877 0.51550075471165
-0.041711317302607 0.066297786542622 0.121312019723161 -0.0367590696515748
0.0151377730079701 0.0879185151197721 0.0270439508534576 -0.622037822816256
0.054394584938477 0.0215014686687446 -0.688944492814828 -0.459989238355025
0.0239925985368363 -0.0430260109396403 -0.710887984662533 0.397931167351657
-0.0323423179997069 -0.0295769130989918 -0.0108236280616412 0.612651121597966
-0.0241033936835595 0.00880901269118446 0.323229434475236 0.18790506255477
-0.00861307398168555 0.00939199418776833 0.21283752673014 -0.0926289965769476
-0.0152271971406566 0.0183917492918772 -0.0376387755337769 -0.164809888399626
-0.0204539534002345 0.0312121197041557 0.0430275817915431 0.108923254620506
-0.0390871491831626 0.0102223553165601 -0.151914480614276 -0.0782677985561929
-0.00291325663768878 -0.0172197810434903 -0.210193194630361 -0.437781044724705
0.0490410461405589 -0.0598055747423208 0.290098410016284 -0.469523070353509
0.109107871293114 -0.00379736431750012 0.747407669690186 0.138754297637082
0.030333287171893 0.0967872392302036 0.362858820757482 0.800046944736891
-0.0562685643829793 0.111631316865025 -0.166817786991228 0.543674165568191
-0.062863523884165 0.0960713671669206 0.101407065936152 -0.00370808507105832
0.0107127651869912 0.113958517343117 0.067728145950931 -0.601975207744939
0.0706304257748445 0.0302173081278228 -0.638398631028249 -0.521845447039049
0.0491007803144289 -0.0492803173309278 -0.750554783118458 0.325029702018756
-0.0104097126867462 -0.0338486460164817 -0.0731237620754696 0.625033546354185
-0.0233147378327208 0.0200118935521472 0.312068580191489 0.228093940772711
-0.0210209653444173 0.0187776465550596 0.222198033331064 -0.0717774308392439
-0.0210422739991665 0.0218197624603024 -0.032793711094474 -0.164786419019345
-0.0200222553660988 0.0325393396656204 0.0464116975530104 0.11235551480703
-0.0405658434788095 0.0216312862590207 -0.148485085543474 -0.044185353519488
0.000780041225301867 -0.0025052028447286 -0.244869280222122 -0.394705463014396
0.0539611526520618 -0.0621764087652223 0.219603022262277 -0.501013567042084
0.11689586228977 -0.0275929718826127 0.745892199398131 0.0181266926222776
0.0503949735202908 0.0934351075033268 0.461912199969126 0.734198713490758
-0.0509818509113589 0.127321891329947 -0.127963746558699 0.579648323796913
-0.0774301180561663 0.111447321394003 0.0761174150818504 0.0403277329912061
-0.00404102902094656 0.128887492448023 0.120082270752312 -0.573906163548964
0.0748214467372992 0.0402122887004271 -0.557988151499055 -0.609524631973459
0.0686192034625436 -0.0517776575622533 -0.795772608142771 0.21255897892016
0.00968518254107712 -0.0390854714243204 -0.154943554118755 0.631509407280857
-0.0191805554337275 0.0261600926829995 0.289095866240355 0.287039002721022
-0.0297655390524717 0.0234278793441206 0.229277751607073 -0.0334735238197218
-0.0220383582463049 0.0196348858682732 -0.0314442850436318 -0.163245705684333
-0.0171303209569316 0.031310489267338 0.048798029799287 0.116311580288679
-0.0389479270000141 0.0287304286555282 -0.146615104199086 -0.00478761092215465
0.0015836389156496 0.0112686992117554 -0.273192429842663 -0.339509799324364
0.0522573333883232 -0.0585271211379585 0.142331238414345 -0.523824834114497
0.113711009940065 -0.0476559868736387 0.725095994324378 -0.11812498902974
0.0638436151166796 0.0755115317177994 0.56455259517786 0.643719510281792
-0.035081926612908 0.126106990275356 -0.0713593643801378 0.612878469610905
-0.0826003757826231 0.111392475457557 0.0467445398630236 0.0890442197602884
-0.0227259741572494 0.130308382693459 0.175404957463896 -0.535307149372409
0.0656655807191426 0.0485113720313973 -0.451837068088324 -0.703853286431577
0.077741183258774 -0.0484759215108928 -0.827028820144927 0.0683755269338362
0.026256032265823 -0.0431527871794699 -0.24898603865359 0.621946004108953
-0.0137899864942862 0.0288118212232496 0.25932247961393 0.351570736661382
-0.0323602690850507 0.0265681033054175 0.232654628130877 0.0110389118115154
-0.0202630963099113 0.0162335343062401 -0.0292310784841961 -0.160233369007562
0.00572642875112626 0.00834896266723039 0.0318869516960323 0.112925583047244
0.00220254410106875 -0.0317677151114432 -0.167832922069761 -0.0414752311425592
-0.027024258619386 -0.0505777765469749 -0.219519708198892 -0.404231732958465
-0.0434725221610409 -0.0253717579354943 0.272022423999302 -0.522929903524608
-0.00971617457147891 0.0115560881561884 0.751060945204127 0.0107297649264107
-0.0427578765300417 -0.00470419818264381 0.417440032394272 0.715035904481379
0.0080510495235798 -0.0749592806645092 -0.148204451490427 0.550570023541288
0.047739453707661 -0.0756905389313638 0.0895035344883733 0.00485759089558453
0.00794703832932516 -0.0429807412367578 0.0983330516338633 -0.607385640775708
-0.041495008635479 -0.0145866116617531 -0.59237675761309 -0.607655864954332
-0.0544840452081954 -0.00268003320796603 -0.754489167405109 0.231357508343097
-0.0795073316319949 -0.0142997214039754 -0.0808347155479372 0.62199604466037
-0.0339005674288316 -0.0242423388233463 0.316419024771482 0.280473359491395
0.0344113713001836 -0.024024729175406 0.195661929287012 -0.0314262888983478
0.0156228230445619 -0.00879280978245059 -0.0558227390512158 -0.163213734828462
-0.00102377386551296 0.0128409321088284 0.0320229305871513 0.10886175322585
-0.00832323546275657 -0.0301530692745557 -0.162427308724747 -0.0753032100595991
-0.0271174880496761 -0.0511271221983197 -0.191300643098971 -0.44344165972839
-0.0290218140910634 -0.0304423260416683 0.323042653206429 -0.486920507405272
0.0132416368615086 0.0163017976493176 0.745815819299364 0.129185992895797
-0.0274343887674968 0.00923357719158594 0.33087260207459 0.780456367796458
0.0047547979723101 -0.0466702509531756 -0.17852092138449 0.524065501337289
0.0316346987008079 -0.0474452777781902 0.110656712281963 -0.0278980575268879
0.00530189854415477 -0.0139009858756746 0.0511128704565754 -0.624350474363516
-0.0247591093538526 0.000426924502652609 -0.65695502462361 -0.520693376215384
-0.0421016945922931 -0.00710460865500183 -0.715617078064028 0.3316261053309
-0.0744148881298681 -0.0189336446264512 -0.0211924721076578 0.617732659527836
-0.0298662377720971 -0.0220301455506173 0.325652042449007 0.226277285384828
0.0296516172053195 -0.0172627843126852 0.194594005171778 -0.0663740388446581
0.00831242074299198 -0.00210355658254793 -0.0526276207169765 -0.163451560080566
-0.00717525403942792 0.0183740064490187 0.0323645334497802 0.106550508986548
-0.0176790639296765 -0.024040301282242 -0.160176753873823 -0.0994832880918556
-0.023435163762872 -0.0470924846524733 -0.172952831332192 -0.467637149178262
-0.00822257757860421 -0.0362719377464812 0.35451138432228 -0.451644929229041
0.0392112793168232 0.0204146154338525 0.734770115404853 0.216951655035091
-0.013770676239349 0.0314833255332513 0.266910559181166 0.822535352393473
-0.00962956730397196 -0.00889881245626653 -0.195955965772035 0.503857985883865
0.00979069671230717 -0.011159371938876 0.124863816740207 -0.0484530285994272
0.0084059485835047 0.0207107698043422 0.019868482766693 -0.631244518101621
0.000978428714314198 0.00990667906368103 -0.695366023768515 -0.458591012819285
-0.0240470340588659 -0.0172631761711468 -0.688566066694776 0.394749517353391
-0.0644011191577887 -0.0229928298172184 0.0148156018745709 0.607357499635315
-0.0267531623117381 -0.0141890723200611 0.327866419630758 0.187265623658424
0.0193911319445952 -0.00925634310077838 0.19651202407144 -0.0924420536004601
-1.793532805228E-05 0.00603917581351006 -0.0468020882240922 -0.164142332948744
-0.0131279916480626 0.0231652295208338 0.0338838733033424 0.104159727846586
-0.0266337097327665 -0.0142545095841385 -0.156469093752621 -0.106872417856863
-0.0151748811584262 -0.0396683628666727 -0.168798250719945 -0.473341015318702
0.0152292452461117 -0.0437920438128708 0.359295752068728 -0.435405390841555
0.0659832094046938 0.0194062239022197 0.729773660804542 0.249414237670515
-0.00229342331951021 0.0591821845183 0.249966288026032 0.838223685043102
-0.0305151993855223 0.0347287685567736 -0.200792266072284 0.497679456519336
-0.0160347557229674 0.0278966096271163 0.12864709078804 -0.051229797846199
0.0130563128687428 0.0554619147157777 0.0116805105416966 -0.629011507264437
0.0280233740788153 0.0161665558875029 -0.702518427669668 -0.432464093497117
-0.00164566654678622 -0.0298846770461825 -0.684283002271337 0.415734645676057
-0.0495965291603373 -0.0268352205695007 0.0176933383836392 0.604454733002731
-0.0253341479423565 -0.00318756471502619 0.327830023487149 0.173517863586155
0.00526775433884998 0.00050425044904288 0.204349083322066 -0.0998411560761688
-0.0084780490296496 0.0138006878433768 -0.0415884724476584 -0.164574396933451
-0.0180508699383638 0.0272152965153219 0.0378737775584783 0.104051150197041
-0.0337164989879197 -0.00290543132728737 -0.154202196972648 -0.0986564952265496
-0.00931388646200826 -0.0305798556499044 -0.18218021858534 -0.463247841058753
0.0358005593905937 -0.052697330728525 0.336567859444355 -0.440616582290881
0.0903408643457435 0.0116397114611319 0.736611900018049 0.223979748827025
0.0120416759797481 0.0837735148352039 0.282673563824665 0.830328076599233
-0.0494721916115352 0.0769425581002032 -0.190636370644515 0.512356450014771
-0.0413802826796762 0.0660622967858054 0.119357179951799 -0.0361214312047657
0.0151126536437574 0.0873712893374078 0.0282344981752168 -0.617424359728762
0.0538892143708326 0.021919215830139 -0.683234402625303 -0.456992009597154
0.0232671531439475 -0.0411753581160689 -0.70603500483544 0.393393427155157
-0.0314106202717027 -0.030383746728647 -0.0113358426342236 0.609096173916808
-0.0240019366889735 0.00879981632848468 0.321989250378795 0.186960883479015
-0.00853913567111051 0.00986981263778295 0.212625326610481 -0.0933065106927389
-0.0169086865265483 0.0192445424870645 -0.0358756078409215 -0.163854564499029
-0.020017505114737 0.0309557912902981 0.0421092815761015 0.107976086209344
-0.0376836535599038 0.0105439979241937 -0.151628523151764 -0.0768888775139425
-0.00301840955176059 -0.017433641773745 -0.209333284223384 -0.435536964488248
0.0480130143794209 -0.0588307106605333 0.289002419303109 -0.466062503891507
0.107720313391977 -0.00432162070948909 0.743354231493905 0.139075288053783
0.0299285128693279 0.0960769890285859 0.358751555982616 0.795662764203052
-0.056682610999397 0.109990720045437 -0.166888328636942 0.540199636136563
-0.0637518180051007 0.0949171064530911 0.100284489453227 -0.00476077392712594
0.0100160741869317 0.112943231566501 0.0695356750781437 -0.598038212851468
0.0708055109716119 0.0299658639269427 -0.633235871515628 -0.519227018344112
0.0488644738327492 -0.049241726182849 -0.745677687628114 0.322656107230387
-0.0104464965523987 -0.0341812405886538 -0.0701050132929101 0.621063967602149
-0.0218585107671622 0.0192828097313995 0.309388389748915 0.227335412995749
-0.0218309820710429 0.0173592746820383 0.221261168842063 -0.0693974198465554
-0.020742215820586 0.02071465780084 -0.0333027915113901 -0.162386478277376
-0.0199695276362682 0.0328521643967181 0.0460419960777893 0.111057686713012
-0.0405062837619013 0.0219399664300483 -0.148710818699623 -0.043580244177248
-0.000181723328177959 -0.00242341263411796 -0.243502142931973 -0.393035033935712
0.0526245756643953 -0.0620491085382258 0.217335736427068 -0.49622511869288
0.116554052229697 -0.0263154485969161 0.743363920089656 0.0198775532631834
0.0501015435308609 0.0930637737973054 0.458835471948339 0.729535557513207
-0.0499776927485746 0.127170821965859 -0.125138612584008 0.576235534964734
-0.0774841176604226 0.109987702290958 0.0747143212828201 0.0390175950419684
-0.00420557410909131 0.128239283993904 0.121500911673526 -0.570358488249766
0.0750115597069982 0.0403990372932002 -0.552491140418216 -0.608317623465665
0.0681283361811027 -0.0513249196320576 -0.791006063144095 0.210903922816519
0.00971154881599341 -0.0387386723168484 -0.151457649962963 0.62853783440854
-0.0183370167758352 0.0254333745493978 0.287287516985801 0.285551481405006
-0.0294977329538976 0.023740153611427 0.228623879975726 -0.0325408166585791
-0.0220015602714097 0.0202174254738969 -0.0302582854469345 -0.162824955209841
-0.0164605285311148 0.030645198159658 0.0478870065019881 0.115601699040677
-0.0394123733020864 0.0285071929159384 -0.146464704253375 -0.00517999198647836
0.00197496482435666 0.011021142538259 -0.272056529443157 -0.335834450283682
0.0522962952403967 -0.057867729935005 0.141475398601293 -0.520099132602888
0.112448796561905 -0.0477289720951146 0.722705444267309 -0.117430037598773
0.0626868064502914 0.0743861905724937 0.560155401480493 0.638246963047369
-0.0359399932758218 0.124333376818383 -0.071766760864174 0.608010748144663
-0.0814486584571983 0.110224799092893 0.0466804856075036 0.0886221626538811
-0.0227120522942849 0.129135719091327 0.17289060460141 -0.532169874830416
0.0643473737287221 0.049145105950317 -0.447999594267182 -0.698622220058568
0.0768065351554912 -0.0475206684283744 -0.823327199935677 0.0671596394744778
0.025385747839637 -0.04310279191007 -0.247569275680535 0.618213648409896
-0.0137911680158368 0.0282687360888693 0.258423966850338 0.350741234435559
-0.0324245019071102 0.0266140953083483 0.231496236730855 0.0116560410828786
-0.0201304793882702 0.0173441345277971 -0.0282042109658838 -0.15936727670787
0.00549593532213498 0.00875757397911085 0.0315522884414214 0.11286408807822
0.00186306301386727 -0.0308192357472872 -0.16695331690559 -0.0414971192400759
-0.0269924247394297 -0.0500004745872953 -0.218910302196887 -0.401985890668841
-0.0436144762856617 -0.0258715674564353 0.272164783040701 -0.519478057112179
-0.0097199887139843 0.0110609195007864 0.747341988093439 0.0123044045702735
-0.0425403599371668 -0.00471421880470497 0.415139940715828 0.712631001814865
0.00847372314268739 -0.0743177051076654 -0.147689011770473 0.547020978918895
0.047935793619932 -0.0760221391993702 0.0889476796233385 0.00411881679422048
0.00850679141719604 -0.042566215082099 0.100228418525166 -0.603380298716675
-0.0411606178665881 -0.0139910738917819 -0.587924051006603 -0.607434129596723
-0.0546993038981108 -0.00164295794351596 -0.750927864210005 0.229791771252839
-0.0793845140457489 -0.0144193174628096 -0.0816290016483426 0.62136327373826
-0.0331036388529824 -0.0242789872788571 0.314720242586855 0.278713721739929
0.0339011166008663 -0.0228643326478373 0.195026207830565 -0.0302650178969834
0.0149982098665367 -0.00856436170768226 -0.0553093036734493 -0.162416172799792
-0.000692957902586764 0.0127940349162114 0.0315822648706012 0.108730276963949
-0.00795857597724514 -0.0299892061270703 -0.162820153331043 -0.0760142693399062
-0.0273602347914886 -0.0506655558481551 -0.19231957052792 -0.441077102208201
-0.0299729527603589 -0.0302936128880021 0.321764436459859 -0.483897729116832
0.0126146429373752 0.0162361453557179 0.742787412835607 0.131326929171606
-0.0275713904566039 0.00973717337609803 0.32834690318582 0.77802992327611
0.00502366175730113 -0.0461207150676351 -0.179245684995279 0.520520621313748
0.032494609214428 -0.0477813697161557 0.110672895151328 -0.0278946207576872
0.00537101362384768 -0.0127638082188149 0.0550466856146627 -0.621252308073103
-0.0245638806556658 0.000537170448210798 -0.653810677336125 -0.519856214065803
-0.0428986313163183 -0.00648234895389347 -0.712553525415531 0.32822353451372
-0.0736185061195985 -0.0192900796440846 -0.0217840395739911 0.615072325306751
-0.029744117116766 -0.0222079776144666 0.323540629166504 0.226409747703484
0.0287989739475154 -0.0180028381964992 0.194144805152627 -0.0651804594252982
0.00819819492975696 -0.00173319435040826 -0.0514058542716502 -0.162938397601982
-0.00678790819627102 0.0184727896370123 0.0312459553152387 0.106434723375317
-0.0176045611663988 -0.0237658157232374 -0.159490503284702 -0.0991527707456084
-0.0232132277147945 -0.0470593454132732 -0.173727001568851 -0.465804114589059
-0.00865555601347456 -0.03633313315084 0.353633111866754 -0.448920673452385
0.0387091725579825 0.0185417434759552 0.73267845445957 0.218423779290642
-0.0140717081604481 0.0320307377290418 0.266426589662196 0.820539413305345
-0.0092907235408292 -0.00932225422508179 -0.195982320173542 0.499644074877774
0.0103438789553821 -0.0117756162802991 0.124529987824212 -0.0490449272390371
0.00892851158819179 0.0205954143273146 0.0221748023716119 -0.628757884106864
-0.000295971731632604 0.010195345608128 -0.691484758037329 -0.456147465695141
-0.024815524066857 -0.0164153654813832 -0.686035127283234 0.392992704861101
-0.0644985652245855 -0.0237931233699387 0.0153091798751796 0.605360670713028
-0.0268355205194114 -0.0147939063739266 0.328114958780808 0.188220471613476
0.0196353969713267 -0.00944570284645739 0.197121848418364 -0.0905313049848321
-0.000564327105222915 0.00592703705596708 -0.0466102234674407 -0.163433186617186
-0.0127641589883047 0.0230714554165577 0.0327452596323099 0.103575661159207
-0.0269397259633732 -0.0144610580962403 -0.156238860038649 -0.106723497769549
-0.0155883441302593 -0.0397501319622052 -0.169576626395053 -0.47099190978026
0.0146258004705525 -0.0441272907275095 0.35742535813562 -0.43290070215047
0.0647739705333006 0.0190092012044808 0.728135826427486 0.249581001032431
-0.00209381693993361 0.0595288553298622 0.248049150382995 0.834176552310616
-0.0306616562386904 0.034040644055807 -0.200384955491397 0.495851377530003
-0.0153576964514108 0.0280354235978112 0.127369440636267 -0.051675802541249
0.0141282191509382 0.0553028680113745 0.0136601423043824 -0.624633436871068
0.028254152691606 0.0166304504828841 -0.697329443860397 -0.432955429601279
-0.00213301756447101 -0.0290486395830293 -0.683253588753185 0.413062621705163
-0.0488240633120926 -0.0271934412938628 0.0164657401882579 0.602676984715431
-0.0252364033637 -0.00351089590569521 0.324743904967468 0.173940314398243
0.00552783337755223 0.000260128660554158 0.202544467724858 -0.098367552379203
-0.00847256613057655 0.0149924763541792 -0.0416611741615907 -0.164406678871299
-0.017406114223974 0.0271333726642369 0.0363337954629795 0.104533243331627
-0.0333753634883323 -0.0023777419036354 -0.154771789619539 -0.0993925643265649
-0.00834769482069066 -0.0299392555997016 -0.18217762310888 -0.461237299647219
0.0343759948534557 -0.0521346723668493 0.33487415665114 -0.438316864878025
0.0894013673668223 0.0122426204986632 0.733119453093232 0.223263246780654
0.0120477334386567 0.0842962869220718 0.280307750327666 0.827648692431289
-0.0486190711664259 0.0773070005800612 -0.191961592480083 0.507175072373852
-0.0415484444797717 0.0647314967197981 0.118934762062623 -0.0365598969289122
0.0161979784920947 0.085957483342578 0.0298401683630536 -0.61507304189938
0.0531143252942407 0.0219492381866324 -0.67951420333858 -0.455271938518001
0.0235336167850408 -0.040450809099296 -0.703354040133126 0.389944861572879
-0.031051133615509 -0.0306285704859129 -0.0105011156441977 0.607663285823047
-0.0239806143751928 0.00867242173391525 0.320246838088592 0.187088340001103
-0.00906805971155276 0.00965685332696356 0.212497876682288 -0.0916359711347862
-0.0159323838382684 0.0195775799325747 -0.036347618080874 -0.163795817259888
-0.0201648909455245 0.0310499706195867 0.0402877872587808 0.106706411428826
-0.0380740319546829 0.0110477383502536 -0.151236675166724 -0.0769975673798779
-0.00305289886444373 -0.0168821873255807 -0.208889899905739 -0.434927623708263
0.0482838430388399 -0.0590835384758328 0.28661025237515 -0.462249677853077
0.10781571315817 -0.00538493325428386 0.739081469452975 0.140936645281854
0.0301359921177976 0.0962164749701149 0.356141487708992 0.792260520311083
-0.0561175943708725 0.109201337134348 -0.16613878083975 0.536651202650128
-0.0630521698607402 0.0943733276938808 0.100561108836662 -0.00467353958763281
0.00997089527038396 0.11216056227542 0.0699884640358373 -0.59618431368697
0.0701603426668014 0.0306304309424205 -0.629546360157283 -0.518213311085898
0.0482848979772849 -0.0483137726761471 -0.744014377504461 0.32189929952438
-0.0094768787801107 -0.0341274751610958 -0.0687723496652597 0.619655907830283
-0.0227202833160064 0.0190862253844879 0.308522225464481 0.227763232598148
-0.0225723431451799 0.0174698969857884 0.222057327831559 -0.0688210714053215
-0.0208037822158423 0.0217385004257177 -0.0318021454710406 -0.163105778156319
-0.0193663161784402 0.0333664647531803 0.0453679967277754 0.11017174990317
-0.0406725107813736 0.0222783841373156 -0.149698769292334 -0.0441859659102172
0.000444326835883943 -0.00176437364522489 -0.243153880174149 -0.390893572596012
0.0532928593451028 -0.0611139335037613 0.216928479652422 -0.495243113299741
0.115275166993681 -0.0265262025698242 0.738260256559524 0.0190022046268267
0.0492882170441162 0.0929262330475276 0.45625900088624 0.725889894278807
-0.050549145083742 0.126311147295291 -0.126696149443756 0.571423589018175
-0.0768287634967021 0.108985623335259 0.0738969701752855 0.0393085242088369
-0.00412046264410811 0.128033851500539 0.120805456672816 -0.568538956850161
0.0742538144411983 0.0409441818278636 -0.549025033132391 -0.605433376956368
0.0666798568271683 -0.0503212512652793 -0.78739695711643 0.20762973254825
0.0106907221370695 -0.0391888771583085 -0.153838405521376 0.626596211749477
-0.0192303181652585 0.0256945393933193 0.287087597155356 0.286502275301935
-0.0311988954247435 0.024299439071252 0.228509902835917 -0.0332228164074901
-0.0212976193000729 0.0203895647382599 -0.0296294320782911 -0.161768976919808
-0.015817356880076 0.0309389304202986 0.0472893914275541 0.115038707323482
-0.0392334591691196 0.0286155981602617 -0.14468965924582 -0.00516611767540168
0.00167791474688223 0.0112687399513592 -0.272616858951811 -0.335726366228215
0.0515945620740106 -0.057484707526186 0.140864509827142 -0.518010085559713
0.11203128658565 -0.0474833031043929 0.717148916818974 -0.114498752184686
0.0624046718387385 0.0748392080959322 0.557299812374525 0.636906505203687
-0.0357861573684621 0.124528721781964 -0.0735726293633502 0.604899764831916
-0.0815723410831417 0.10871247384515 0.0459665127016433 0.0869425616972987
-0.0223503890378834 0.128016630473996 0.175664394606038 -0.527945194689013
0.063953885010572 0.0490632859146837 -0.444459612882262 -0.697805620945218
0.0762136767319566 -0.0462907445659331 -0.818909094648616 0.0649318737225418
0.0257854924322266 -0.0422116175348965 -0.246931485753176 0.615449711501585
-0.01500451090075 0.0274125565313338 0.257965567351217 0.350430575410337
-0.0331949658795197 0.0266058852253038 0.232516417115782 0.0112442142350851
-0.0203658045875593 0.0161189711140069 -0.0284056051888504 -0.158737548253217
0.00621716155329392 0.00889346836977603 0.0299399209823464 0.112453349040423
0.00171286779589495 -0.0303822631744069 -0.167156858593999 -0.0418507273780634
-0.0271087399050201 -0.0496675296133638 -0.217817484668086 -0.40056255115648
-0.0429725342491235 -0.0265131250571049 0.271525602790878 -0.519090858325917
-0.0101147375650831 0.0108505402880482 0.746439678481441 0.0151817673291005
-0.0425421224787573 -0.0042847352785215 0.412275596840245 0.710284626309319
0.00865922857632652 -0.0737569177992809 -0.149045968247454 0.546072841512261
0.0477457437395976 -0.0760241770002803 0.0890078087694881 0.0043790973381088
0.00840724418749091 -0.0426616659427214 0.101335991160222 -0.60300214924759
-0.0421393820354763 -0.013981301343764 -0.586907927313323 -0.606668626262517
-0.0543421670354678 -0.00235926435248105 -0.749217666770494 0.225689717915105
-0.078920046016393 -0.0147491431664894 -0.0809133612243314 0.619407829205671
-0.0328980901210116 -0.0249269971114657 0.313520530095797 0.280619411407635
0.033357387549541 -0.0237760248932475 0.195298792322931 -0.0297096585070438
0.0138059193502062 -0.00817712809019054 -0.0539304324281079 -0.161399013382652
-0.000662022561394742 0.013585768676248 0.029381077721028 0.10834524196094
-0.00811063824296654 -0.0294010153919357 -0.163507775152451 -0.0760496735382808
-0.0266659504508484 -0.0505616171713957 -0.191571899907224 -0.440645533859052
-0.0296549466735672 -0.0302256390511967 0.321856082616597 -0.481312034730904
0.0119737556672605 0.0160704455673099 0.740762399066781 0.13285304643359
-0.0273258995933979 0.00965964336091016 0.325983769640264 0.776745736167919
0.00498515820037875 -0.0456481521634477 -0.1791364948765 0.51782809640847
0.0320040205728754 -0.0480238869759827 0.110482817775976 -0.0282654472305771
0.00598820587247632 -0.0128277216336296 0.0550075657484019 -0.61927151497273
-0.024678806222519 0.000702264584488528 -0.649385331859837 -0.520828837913352
-0.042754787354436 -0.00597653735664878 -0.712775183334815 0.326531883262678
-0.0733233472302723 -0.0196206397904088 -0.0218073011329167 0.613969763384548
-0.0297267575115549 -0.0217522253506871 0.322683315784091 0.227178962204352
0.0291459913303423 -0.0183967053311824 0.193820774956872 -0.0652807116351808
0.007481824352995 -0.00149155828595063 -0.0507894157340138 -0.162955448042518
-0.00666848986081889 0.0186976292068341 0.0305456918019291 0.105908441684242
-0.017880771581863 -0.02406898783382 -0.159525628251694 -0.099491067148233
-0.0228632464951986 -0.0467900711462297 -0.173099591755414 -0.464230740681777
-0.0081964270982619 -0.0355367548272741 0.353981791724226 -0.448104079286225
0.0378466236100646 0.0191260944307576 0.728864553028949 0.219351300087383
-0.0149787082014135 0.0321861212788719 0.262854985683597 0.81740808698594
-0.00916256933905497 -0.00936974664625092 -0.196063240991582 0.49773236547231
0.0104860713151541 -0.0122534778007111 0.124861567133281 -0.0483013021529737
0.00953044371527269 0.0199304741505247 0.0228818638922188 -0.625381743316532
-0.0010200295003946 0.0107086795998757 -0.68873943824819 -0.457586853178429
-0.0256632174952417 -0.0159645826757144 -0.684431833162279 0.389585465536864
-0.0633312310418824 -0.0236462934630717 0.0130706387198582 0.604270508724759
-0.026954673847546 -0.0153623540337172 0.326972266206487 0.188885654408235
0.0189990946369852 -0.00993118060491626 0.196058577351316 -0.0895308047507566
-0.000170092438651584 0.0067741545259856 -0.0457846497106884 -0.164134853998085
-0.0131821782783022 0.0230946490920924 0.0322233355214454 0.103351930643766
-0.0273361233156548 -0.0139073366685807 -0.155785979648175 -0.107280709468113
-0.0159118753192846 -0.0398827294864339 -0.170307796994421 -0.469659438925317
0.0141830579020295 -0.0435340608804722 0.357381832064661 -0.430122246035911
0.0643002432905634 0.0190176042509821 0.726649942631843 0.252238070940015
-0.00290970411108287 0.0598544779583858 0.246906031193344 0.832894102570855
-0.0305023297179654 0.0350663192750559 -0.201256094927624 0.49259648217886
-0.0159279980383963 0.0277307611847728 0.12744169286048 -0.0519617309630696
0.0139885158801444 0.055065165629366 0.0160414198635015 -0.623952668101228
0.0277484792858698 0.016816432944416 -0.696276135836946 -0.433229261483945
-0.00291185913203109 -0.0289645710805411 -0.68122913960185 0.409816865002781
-0.0485307622589826 -0.026653966588628 0.0161371918989619 0.600314398709758
-0.0251202177651224 -0.00334140688870677 0.325412802867315 0.174546481330016
0.00537993893860575 0.000180135602852807 0.202801589957063 -0.0985724403412596
-0.00854800687706882 0.0148837081672887 -0.0405342350546139 -0.163509891007463
-0.0177482324107154 0.0280525912303159 0.0366814007168342 0.104225116019308
-0.0340188411550717 -0.00150320039217334 -0.154444800322414 -0.0988385686241837
-0.00866241221764927 -0.0294574484852207 -0.182494673885688 -0.458184088720713
0.0348695220657115 -0.0518060849644945 0.335275629385831 -0.437258636093273
0.0884495081396363 0.0118409589095505 0.729768823772138 0.226321979514366
0.0116174918521981 0.0836064665016866 0.277737366144922 0.824030539990207
-0.0489114456317853 0.0761748626653221 -0.191214677580635 0.505836119118224
-0.0410174138765058 0.0644668762937999 0.118540081759082 -0.0359258510356672
0.0160867769517443 0.0862542725124869 0.0306057192892093 -0.614153153767514
0.053562848874943 0.0232492934543184 -0.676696460870845 -0.457243833238842
0.0227706857391553 -0.0406662433957479 -0.701558237959146 0.388078450671194
-0.0303142457872584 -0.0307320531409286 -0.0120862862460767 0.605166639436019
-0.0240307634520355 0.00764412933178198 0.319381745484471 0.188452231388858
-0.00977742042540619 0.00938938860143123 0.211562158242242 -0.0920289903030241
-0.0155938002793894 0.0197080704566947 -0.0360848860550765 -0.163372429936107
-0.0193964912371968 0.0321395974560501 0.0398107919709443 0.105926741817508
-0.038702698486189 0.0108483376025422 -0.151339836546822 -0.0769162672060634
-0.00347613187780373 -0.0165812918640202 -0.209131857634863 -0.43345020418556
0.0476601685800474 -0.0591455012486008 0.285733345706916 -0.461784522601079
0.107135396624637 -0.00363089212577289 0.738648232817021 0.141447597636246
0.0296903177447025 0.095840746243921 0.353820671481963 0.792638460761216
-0.0559441147952274 0.109628673560649 -0.168151135600312 0.534373050730897
-0.06319067282451 0.0938844846485111 0.0997759572311342 -0.00401786623977839
0.00980565673375879 0.112111028989267 0.0714004005180297 -0.593493553495692
0.070796611963158 0.0309909264813109 -0.626723635238269 -0.519891438788702
0.0477000194208767 -0.0479625101186244 -0.741699026480412 0.317620703708543
-0.00980305154732531 -0.033904633315063 -0.0709769788329957 0.618696710563355
-0.0224264995697924 0.0180728363933327 0.307250496134646 0.228472297933232
-0.0225601560067331 0.0174417683216924 0.222233124094075 -0.0699524134929925
-0.0204688032289073 0.022282792319278 -0.0317608865297189 -0.163060250420737
-0.0187010653494615 0.0327191104833083 0.0441541719313389 0.111045392636134
-0.040462934528837 0.0227369678838021 -0.149115720075996 -0.0437418601182476
-0.000269029808654039 -0.00161295837737453 -0.242705852657049 -0.389009287512411
0.0524077346750822 -0.0610152951660706 0.216868644244912 -0.491751551465011
0.11459086802798 -0.0259451762395245 0.737010651349924 0.0224042722855505
0.0487598540338599 0.0926158654977395 0.453721123567555 0.725472100917845
-0.0499733374826692 0.126297742390821 -0.127543128919933 0.56897125135563
-0.0771272306351003 0.108185439162346 0.0736574042581141 0.039015872401037
-0.00434659114677017 0.126618403002814 0.122736980944386 -0.564103303122939
0.0742927264508254 0.0419537916084638 -0.54544942256976 -0.606974778187303
0.0673908599346172 -0.0492037089952615 -0.78617215111604 0.206540424838054
0.0101597444717199 -0.0385381258205067 -0.153216986736237 0.625188522538204
-0.0190489599046212 0.0246456040580773 0.28532309866705 0.286457722920036
-0.0319915071173678 0.0234390543844836 0.229409460810795 -0.0325731386745583
-0.0223536007895921 0.0207356490423726 -0.0285032115383485 -0.161702656138756
-0.0154575552482701 0.0314373230338103 0.0458396488329492 0.114803778910213
-0.0386936004425197 0.0297685927945924 -0.144291157854276 -0.0061198599517201
0.00109987924217266 0.0110702929383277 -0.270853170428413 -0.335074589321189
0.0512184208807381 -0.0575870437071734 0.141225798911596 -0.515926030688836
0.111249577558396 -0.0472838077572869 0.715306095833223 -0.112376365962916
0.0618972043244264 0.0750524201235103 0.554067090429795 0.636402147298471
-0.03675636743006 0.123589339870109 -0.072746871195883 0.602989435032959
-0.0818854616411432 0.10753361845896 0.0456416425750004 0.0867291412308969
-0.0227574507827618 0.127986130659413 0.175481976044207 -0.52689411222803
0.0643042672880641 0.0494977908346823 -0.441394386264871 -0.69883213459572
0.0758473104775343 -0.0464835515790653 -0.818904989170065 0.0641276423343498
0.0258279603929282 -0.0425458502729641 -0.246575854208194 0.61513184425999
-0.0146930799290249 0.0274042003747187 0.256492825609819 0.351643040630806
-0.0349463546278094 0.0264176489329035 0.231910386369576 0.0128253917201525
-0.0202286287432069 0.0171689730298823 -0.0272312132283068 -0.158092523673227
0.00693426548321525 0.00913118155089319 0.0297697859509076 0.111991098841885
0.00262100279062316 -0.0303895097173332 -0.16723041573576 -0.0429613296076091
-0.0269070652153773 -0.0506436175323831 -0.217877391856869 -0.399733417170709
-0.0430961180347913 -0.0256926255325589 0.271026327563394 -0.515289708398124
-0.00989471324618122 0.0103111346879208 0.745274788249274 0.0182477736316312
-0.0424157327723221 -0.00474231771213603 0.411356628950793 0.711299804487833
0.00854143674011118 -0.0741257282003089 -0.149122379194722 0.54335374629625
0.0484090213422529 -0.0759634711083788 0.088613342097625 0.00466097301079145
0.00935884139044149 -0.0427983285335798 0.103708304545747 -0.601079980681584
-0.0417253583005348 -0.0135711008618881 -0.583029919704817 -0.608086781598253
-0.054861727443155 -0.00211432909033524 -0.751204344690486 0.223454279103712
-0.0783576249277247 -0.014660655468236 -0.081734478407242 0.617975176096761
-0.0321686480584943 -0.0248647303171284 0.312019236004373 0.280510374180678
0.0327971836388439 -0.0233080803338657 0.195559869267484 -0.0295939670038878
0.0143921826985171 -0.00758957858554701 -0.0532618516431576 -0.161350149311075
1.16622847493395E-05 0.0131866627865589 0.029163969043216 0.10830388302762
-0.00832212415906372 -0.0288513553556789 -0.162805139905059 -0.0762030969801934
-0.0266157011896732 -0.0501214902623868 -0.192404071183554 -0.440293328988898
-0.0296520306945083 -0.0297200023159817 0.322543545778277 -0.479470315037103
0.0116023503637181 0.0152340294898536 0.737664078640884 0.134251264348241
-0.0277051321335081 0.0100399656675041 0.323248863495269 0.774319337177602
0.00567577407837787 -0.0461595416399331 -0.180652426999647 0.51625041051943
0.032915242668868 -0.0482986894806711 0.110307001591961 -0.0281660800719865
0.00680857476389822 -0.0132283992734817 0.0568263025285553 -0.619121509633409
-0.0248517918626621 0.00156179799160697 -0.648122360339215 -0.521526154800708
-0.0428721592070399 -0.00638800661258055 -0.714004580471102 0.324624902154323
-0.0726200153954204 -0.0193070441487558 -0.022038707498379 0.613878580586617
-0.0292563607268197 -0.0227408633626223 0.322152898145155 0.228028769362965
0.029076835777336 -0.0180925303923263 0.193948338954126 -0.0646179827950172
0.00739933416880599 -0.000537170882104712 -0.0500106185063686 -0.162887443237531
-0.00715189208078336 0.0183609155236182 0.0297691332559625 0.105693524450634
-0.0179364846116135 -0.0235209769776054 -0.159516722324236 -0.0999130505534497
-0.0226129429729687 -0.0473711049503539 -0.173474382607592 -0.465835836636508
-0.00791387817013864 -0.0354258513193334 0.354411717971186 -0.445211600323795
0.0374966067298199 0.0187713581682826 0.72643153056842 0.221578023135164
-0.0145040127156199 0.0324434579204254 0.259412438514032 0.816309902361614
-0.00898071581428971 -0.00933106230319848 -0.198163288981197 0.496256029195839
0.0104416576796633 -0.0127579053773537 0.123848680831033 -0.0483139228656724
0.00932732929705109 0.020926086628616 0.0254904284654866 -0.626122459603641
-0.00123069917473526 0.0111975254962869 -0.686938748201689 -0.459300457700018
-0.0248153380995745 -0.0162553780053914 -0.686611099312414 0.388214914876079
-0.0623440222341588 -0.0232555211662806 0.0141098267994312 0.60361105878655
-0.0262297764082786 -0.0152159069189366 0.326256502906972 0.189035001887345
0.0183087625415458 -0.00999527267702687 0.196927344624814 -0.0891845308196809
-0.00130914440969816 0.00732075973915044 -0.0452356182339687 -0.163420786874193
-0.0129735039905505 0.0228863483979109 0.0316385400310491 0.103195217718874
-0.0268077204830097 -0.0142331929605823 -0.15754735824295 -0.107124268736663
-0.0154507915085839 -0.0398902049940828 -0.169563055796516 -0.469131712490643
0.014640047389382 -0.0433372447671263 0.35883370661332 -0.429299102232878
0.0637245792980992 0.0188528615133172 0.724196767440674 0.252567769474057
-0.00288128327605927 0.059621301889517 0.242744830990038 0.83262188629068
-0.0301632455261027 0.034192653901431 -0.202578634721622 0.490842235178316
-0.0154391382330661 0.0269707350293569 0.126779077912573 -0.0512313650505967
0.0146383202554205 0.0540882379111318 0.0169407781149959 -0.622690841711446
0.0277724289043036 0.0171623542939869 -0.694814877348506 -0.435420823424572
-0.00268468303044248 -0.0274056757969195 -0.682422524435476 0.410134397620591
-0.0485837221902881 -0.0269694022427264 0.0168536982387105 0.600689340842496
-0.0245456835556454 -0.00386298751853128 0.325343854188988 0.176516736447316
0.00466426363671153 -0.000307519116592391 0.203676670345747 -0.097993524389807
-0.00871308242070482 0.0147928102777207 -0.0400771180281615 -0.16369078460633
-0.0179082761809764 0.0271898194829465 0.0349073734635755 0.104146830027298
-0.0332280460981199 -0.00151013580018925 -0.154736889804481 -0.0990759021603857
-0.00871314301781689 -0.0289235399931054 -0.181724508379024 -0.459156165664209
0.0343739430083678 -0.051225927988901 0.333657964061799 -0.434968787972729
0.0882530692677866 0.0117679231982342 0.726085085135366 0.227023600154396
0.0112762684265854 0.0841973717094607 0.27566705682136 0.825072784609666
-0.048722766966308 0.0761984031464304 -0.19266024282069 0.504201019716912
-0.0419184977728709 0.0640018632779736 0.118595722424189 -0.0365242842202569
0.0158876665872752 0.0858972715453972 0.0323393757894583 -0.612795876312685
0.0532288424891845 0.0235349903755933 -0.674822015475405 -0.458439283827543
0.022694871787737 -0.0401762011275135 -0.701619678635029 0.386183547984707
-0.0301721816557986 -0.0303542291032435 -0.0118785591605941 0.606306177298441
-0.0237919994691877 0.00747857968067903 0.319653645254355 0.188818014037962
-0.0102211996828369 0.00919408928998277 0.212818063497281 -0.0912080393708969
-0.0160970433091933 0.019855439915735 -0.0347990497259693 -0.162650891111894
-0.019418787559757 0.031865777637584 0.0390251475806063 0.106255050573304
-0.0388426500006886 0.0111140752052947 -0.150996003827756 -0.077026166437418
-0.00261958700512 -0.0162551449890158 -0.208817213266007 -0.43201614977552
0.0475122270787921 -0.0583739563507888 0.286134536665563 -0.460251208356323
0.106671286573384 -0.00317548960929221 0.735196676110443 0.145218937755864
0.0287925326913383 0.0961293585200824 0.351349675025152 0.790718790078999
-0.0566179268834479 0.108193527727428 -0.170023354665165 0.53293130074438
-0.0636932030207271 0.0924402209099733 0.0996524983689957 -0.00455022535040123
0.010408393157235 0.111193949913314 0.0718748033821811 -0.592467518889348
0.070395627682206 0.0310485036505857 -0.625215578359105 -0.518991684328213
0.0473358996081283 -0.0470472834774713 -0.742563573911786 0.316641521703897
-0.00989591628653634 -0.0338154636401992 -0.0712820926054249 0.618166536996438
-0.0232955649965339 0.0179749253481657 0.307299559117964 0.229253309132769
-0.0232908996506008 0.0177784486958277 0.221729481659676 -0.0688700303830604
-0.0208666545046719 0.0227390451852561 -0.031121559268996 -0.162974260535891
-0.0186963921576691 0.0323273280622431 0.0436519227646313 0.109945121414598
-0.0404039094765567 0.0229401728324075 -0.14904914195805 -0.0434575707301553
-0.000326357687186788 -0.00239497895442795 -0.241951520608112 -0.388910062243893
0.05315156270783 -0.0606874050091572 0.217658372610814 -0.490736519413405
0.114473676025493 -0.0254298294641459 0.735781383867007 0.0236705199405352
0.0487119389841144 0.0933499753212997 0.449431112223331 0.726119392314877
-0.0505087226988948 0.125421556537862 -0.129315612703183 0.567386989850717
-0.0777085253297414 0.107381843589077 0.0734461641627202 0.0388168035067005
-0.00408028750385347 0.125728203297084 0.124075353089882 -0.564419740447272
0.0737396156549189 0.0420081007422187 -0.543611821281342 -0.607565951378165
0.0667702506735601 -0.048746430351118 -0.785869986194223 0.202221881772719
0.0105461780017177 -0.0396405730050069 -0.15448108741798 0.62504012569298
-0.0198760532216388 0.0251521296887579 0.286335608626316 0.287774440054899
-0.0322860197904635 0.0237761565323973 0.228709477413181 -0.0320533461448104
-0.0215552103939907 0.0216283682164114 -0.0288200457862834 -0.162547756577215
-0.0151810507673252 0.0311786989902631 0.0456881792910773 0.114629762283223
-0.0392067366372787 0.0293464282063076 -0.144653897737279 -0.00620788680940512
0.00151416176414484 0.0110679966642705 -0.271901706096755 -0.334694270364252
0.0513009420126007 -0.0567198341666386 0.140081933445686 -0.515474530363503
0.11044597372781 -0.0466940838955211 0.714778799419862 -0.109510277309347
0.0618346273866786 0.0757329177575426 0.550246363248056 0.635756065093683
-0.0363679143866212 0.123720607682287 -0.0736005463049824 0.599941262559861
-0.0821020240045869 0.106990251468873 0.0447891075059503 0.0863355809559401
-0.0220646456404907 0.127149696161177 0.175481255898005 -0.525340551470317
0.0634016555744329 0.0501135020959247 -0.437615806450692 -0.698636734982891
0.0758901987812204 -0.0451796565683646 -0.817923544130217 0.0610236526217904
0.0259771539355731 -0.042278332288205 -0.247577257340207 0.615291146745441
-0.0147463801977889 0.0280211708868897 0.256546680123189 0.352578936510465
-0.0350654271903241 0.0270469252653889 0.232088737582833 0.0120416226886154
-0.0207531869939574 0.0166884628169934 -0.0268607197018523 -0.157196448615632
0.010453308944493 0.00384568030267255 0.0731135377313923 0.0904278053116549
-0.0080310341331417 -0.0258278548304972 -0.172206099351289 0.0318857397899943
-0.0464055328238963 -0.028602926988957 -0.370807577368316 -0.267673624072485
-0.0578079612545145 -0.00243043847849421 0.0225584702483499 -0.583092766624613
-0.01330459452875 0.00486444971924934 0.679205564797629 -0.305872504917955
-0.0378749049934077 0.00750871117883775 0.674872910845947 0.467282401084303
-0.0231001275011509 -0.0693171275822772 0.0938892311371731 0.556675235356053
0.0132294836562495 -0.0910065075940304 0.0823886769428407 -0.0337763151160485
-0.00769484307355502 -0.0460290620834604 -0.166078497972128 -0.590149650856452
-0.047330208269452 0.00606018521341996 -0.78995542705795 -0.300503158058611
-0.0537118373891572 0.0253726960885644 -0.580212823178278 0.517533144017201
-0.0762467324102804 0.0283968403362232 0.185285044172716 0.589633704758347
-0.0378246647857626 -0.00563803142839574 0.401633847229943 0.119739441823502
0.0228785483914834 -0.0360311268667965 0.166066523573549 -0.106652106073907
0.00819338667125057 -0.0139352491739659 -0.11455671440933 -0.124595958221549
0.00688154961475009 0.0114309437513736 0.0709226147219768 0.0865732055979326
-0.0165908969168195 -0.0196299101919085 -0.183212527016373 9.29351086433501E-05
-0.046767734675535 -0.0282269953218594 -0.363119806852418 -0.315429150415959
-0.0477830706041195 -0.0125582929398455 0.0846491206738916 -0.572224924563799
0.00923121081238789 -0.00151424482950408 0.725422404774571 -0.196153461632449
-0.0169530005998806 0.0141304136358455 0.624408049577522 0.562545803496241
-0.014345098261171 -0.0427253737286215 0.0551791484752512 0.545362910365773
0.0097412877518424 -0.0588006040689122 0.0885232001506012 -0.0730187106804997
0.00222411497040008 -0.0167830391252392 -0.214408715539664 -0.585816597968317
-0.025710840657811 0.0126029369446565 -0.811758365975222 -0.192365403088921
-0.0433766783418476 0.0169051874747765 -0.504093834642939 0.593917570018809
-0.0728440910844879 0.02137423299619 0.23821188074829 0.559205954520487
-0.0335578737584489 -0.00573160651025779 0.386198617519623 0.0670148030154807
0.0206375564470917 -0.02909069224784 0.150551889662346 -0.138361983432261
0.00595666119715942 -0.00488821483176258 -0.114146179368666 -0.128020063288352
0.00296538228140934 0.0180684207066387 0.0699375118111619 0.0845623270870768
-0.0238046730813338 -0.0103489004936066 -0.188823846772658 -0.0230039102309057
-0.0416122544962545 -0.0274611868040098 -0.355624503158969 -0.34642286372197
-0.0310516455771116 -0.0269839791268095 0.128674073789456 -0.556434168040791
0.035236588861225 -0.00869268658727683 0.753497405961825 -0.114475211056813
0.00439215304208629 0.029393348121407 0.585956284240401 0.626829209025059
-0.0118404858391968 -0.00404100941839675 0.0317343111326901 0.537199408824913
0.00326299393648837 -0.0165008706784561 0.0914701665643563 -0.097378997679633
0.0182384540213421 0.0122346899996675 -0.247250289607317 -0.577118950226683
0.00108341216959078 0.0115979448906288 -0.818517199336133 -0.120231856419491
-0.0310788765872125 0.00017998618151556 -0.453382883086443 0.63884552970151
-0.0647252574044258 0.0132271776045462 0.267131794427197 0.535584990989018
-0.028011585954688 0.000140050993105292 0.373659786751659 0.0309040091955475
0.0150580477512701 -0.0173971725213085 0.141997153327626 -0.163047332400799
0.0023863719499074 0.00650796920533739 -0.109391069268466 -0.130495435478133
-0.00130490253331135 0.0245425491760845 0.0713869084920142 0.0823863704735836
-0.0286344538827665 0.00184561429491934 -0.188011733296741 -0.0301002008553883
-0.032604263566214 -0.0231510596628589 -0.354518037982922 -0.351542557563203
-0.0122895828429177 -0.0425949502107694 0.14046030733296 -0.543818149593939
0.059688540011014 -0.019347672577405 0.764746304408554 -0.0845717987711563
0.0265979378134059 0.0497740404009715 0.578161526758627 0.650075767998735
-0.0131657436149761 0.0439086570700037 0.0254386709002784 0.534401291473926
-0.00475190403578162 0.0307535548414114 0.0924904846752168 -0.101818815202563
0.036732487024242 0.0415568637407498 -0.254502280819526 -0.571332586999758
0.0294282687964679 0.00544687357373577 -0.815819861197572 -0.0930663568883717
-0.0149081014643801 -0.0208593936086626 -0.440775840472376 0.658105251107783
-0.0529250620615806 0.00344961504634936 0.268326866592595 0.53187439423933
-0.0219515559846276 0.00898556281044407 0.365945035274924 0.0202091757648169
0.00613127989917053 -0.00241023968004006 0.144354835256653 -0.173666094142769
-0.00276124375455223 0.0166529809134917 -0.104558119535384 -0.13388211387698
-0.00383262532079909 0.0304649093527682 0.0754127065033801 0.0816624557038222
-0.029596654928991 0.0145875258124567 -0.182693560738896 -0.0240872849144524
-0.0230545278721025 -0.0165340067921111 -0.360720129263884 -0.336134935638453
0.00190533123681344 -0.0584521437575807 0.116530828598311 -0.541412020444802
0.0780261569453614 -0.0352148273038522 0.758192470229206 -0.112014829816931
0.0490444493734001 0.06598779105156 0.605730937719573 0.628450137420494
-0.0136403007596232 0.0886519348657132 0.0392775696645608 0.54543229170721
-0.014030554072574 0.0756099892020633 0.0909934617052148 -0.0835255304096948
0.0515244950428186 0.069489211800252 -0.23527113268788 -0.569106152521067
0.0557332729565585 0.00152066436524402 -0.808018257411265 -0.121653899942343
0.00356342428715669 -0.0418001042530607 -0.468424205821135 0.64726437661671
-0.0384806626905564 -0.00677333120271278 0.245025331571786 0.552110989274672
-0.0161862331409369 0.0195661201224955 0.36782354500323 0.0346317381808048
-0.00300204670468256 0.0129670246809545 0.153836186814907 -0.171101473603668
-0.00623053806969966 0.0251909555240909 -0.100045484985545 -0.136286828715435
-0.00532197993969862 0.0347710331522769 0.0800582079996192 0.0825938422914937
-0.029414270200426 0.0276856991380135 -0.170638088301884 -0.00459652899310408
-0.0124932847944548 -0.00593897368928884 -0.371728720707035 -0.302221903465279
0.0105453033772752 -0.067912302942849 0.062844052471978 -0.54358896632375
0.0868938992213489 -0.0560459308827663 0.728878580756182 -0.190116799226022
0.0700823034046381 0.0687602948403645 0.659201412929367 0.563875044951679
-0.00668036389915799 0.121661274790503 0.0731695782344178 0.561129430181043
-0.0224659839039472 0.110670271179938 0.0874012032270775 -0.0459571520370747
0.0556780966980384 0.0961402367330555 -0.191195808546609 -0.566203606875337
0.0747472347075404 0.0014480147776255 -0.790095731466906 -0.199357153083222
0.0231448610759169 -0.0596355592947502 -0.533366447750014 0.601987151035959
-0.0214445647771242 -0.0189312573657649 0.198013233445584 0.587730884943444
-0.0105161216742077 0.0285299031419027 0.373442626370637 0.0756582774176855
-0.0116197640716668 0.0261437599634291 0.171380829702363 -0.155574263268163
-0.00917956001482042 0.0288541126768445 -0.0969044077347645 -0.137865194144882
-0.0034373198432456 0.0349758646608106 0.0854145650760862 0.0840943812984531
-0.0263880343183243 0.0389614108607136 -0.152603047613872 0.0245794344097321
-0.0029651465761182 0.0057970420832578 -0.383723907613425 -0.249381299835028
0.0146132797173725 -0.0722610049735249 -0.0143955086297913 -0.542935354856173
0.0838042000363548 -0.0778838407289992 0.676463652082146 -0.298635873216625
0.0854486148244057 0.0578046416808749 0.720449944793414 0.462842793304113
0.00508421306292601 0.135347086827096 0.125832890338824 0.57790026397088
-0.0290824987751431 0.131023670467709 0.0823635404574425 0.00372922465904769
0.0491753023274918 0.116088083593392 -0.131562974307805 -0.56444991791606
0.0830822034446896 0.00961084185863717 -0.754207573609845 -0.313614978368203
0.0401087494761988 -0.0694202232699503 -0.618776711634324 0.52142623615932
-0.00676309732955247 -0.0310940964943406 0.128207351944783 0.629610451433645
-0.00564549081790515 0.0350498807374004 0.378424754738038 0.136955032245667
-0.01703258150044 0.0365667093598345 0.193780155359777 -0.12701645217889
-0.0109392391301821 0.0289816738897695 -0.0937002036443843 -0.137399684304095
-0.000162097957039077 0.032408721068257 0.088934301106263 0.0870024301194255
-0.0215572852741006 0.0438589420338949 -0.134559039856674 0.0558613170497609
0.00500007207396982 0.0160740796954438 -0.386433856871903 -0.186790618780409
0.0154612432002457 -0.0661334237038756 -0.0929936598732119 -0.531383546463993
0.0712103864638918 -0.0943647598475811 0.598273838622341 -0.4140819091029
0.0890499355459232 0.0367368065512723 0.773977031736972 0.336804539217562
0.0174204191791775 0.127125967149369 0.190220058652027 0.582286461649445
-0.0336377985020282 0.132277765697403 0.0773719995759644 0.0592548987836789
0.0331379925179719 0.12475185380952 -0.0682037757396558 -0.552079938301992
0.0762816557314696 0.0198414286013999 -0.698897505167121 -0.440054376055958
0.0495939470666644 -0.0703573357965804 -0.706325390609998 0.40672141863542
0.00460010086895936 -0.0401648291904462 0.037906756267654 0.661442137806676
-0.000501495900850822 0.0366943763356987 0.379069649241082 0.207369180915464
-0.018158545359988 0.041087594489253 0.215008782090071 -0.0881581178548155
-0.011322067509511 0.0242936173101335 -0.0912543166651223 -0.134597377917927
0.011703232446221 0.00470544744361639 0.0722587369911099 0.0903428641244165
-0.00773084594908502 -0.0258391777184601 -0.173015873218009 0.0314695098842056
-0.045783089770108 -0.0285345377107619 -0.371443886949629 -0.267582433487415
-0.0576179458714586 -0.0020441440395577 0.0209550851724041 -0.58489385045399
-0.0136623345672521 0.00460104633533018 0.680652827912669 -0.305390210745983
-0.0379784415234557 0.00756682033544489 0.67594479761197 0.469011494792246
-0.022443147964484 -0.0691667982416647 0.0956540173215642 0.557343788144968
0.0136469602203009 -0.0917260847938508 0.0825490291740169 -0.0342342617309088
-0.00681973189519458 -0.0455027245939005 -0.164952142566649 -0.591334480953392
-0.0471421294263213 0.00638024625576205 -0.792260490588021 -0.30171302598271
-0.0535053952375922 0.0254532563031898 -0.58427317233591 0.518519543943286
-0.0762291662736322 0.0279718326934187 0.186513580736499 0.592859546727038
-0.0377130378572936 -0.00656527133667088 0.402030162313095 0.119651256635027
0.0226368436008482 -0.0358907651109223 0.167434808926682 -0.107345575104889
0.00920210675000287 -0.0137432867879185 -0.115383742083426 -0.125539733312624
0.00667321156256918 0.0111819469154074 0.0703172191417504 0.0878408956243086
-0.0168380056541417 -0.0198809453185529 -0.183920780089395 -0.000336908374838634
-0.0469056863579734 -0.0291865173571576 -0.364823231826648 -0.315149912747857
-0.0474765999569902 -0.0122514020394506 0.0834204905511633 -0.573175218064687
0.00927613401612462 -0.00142314553201602 0.728161302779306 -0.196256094194546
-0.0176179037306077 0.0146467217594025 0.625798037872271 0.565102300082928
-0.0135998445015685 -0.0427805448259792 0.0547721208089091 0.546689154977957
0.00986448888453006 -0.0597549657846505 0.0884578458213797 -0.073415358711747
0.00320033391418945 -0.0179970835207937 -0.214140551487419 -0.587396718469679
-0.0258853459114167 0.0132138471662855 -0.813836870421793 -0.194777469024656
-0.0435797964595246 0.0167378354368985 -0.506218784805802 0.594191268070094
-0.0731561850081744 0.0212484473116774 0.23973172399323 0.561421419017221
-0.0337032821831647 -0.00586095642352684 0.388334127597515 0.0678967164284914
0.0199260351324737 -0.02902429969645 0.151873718595556 -0.138609592130454
0.00565815610538735 -0.0040901258451485 -0.113327274141633 -0.128244920680554
0.00314179428803889 0.0180843016514531 0.0697962928831925 0.084715856874304
-0.0236323766852638 -0.00998684238504646 -0.189728356893105 -0.0233152991209903
-0.0421635435219063 -0.02627030308979 -0.356599652097582 -0.344787593868067
-0.0305713751469974 -0.0261503597072166 0.128611862597346 -0.556993207564773
0.0343000563710467 -0.00863699562293733 0.75590131746411 -0.116110719078024
0.00461448998435779 0.0295101305433049 0.588075798119576 0.630967867359719
-0.0111702108166545 -0.00378242780453093 0.0306951610386955 0.535985912533104
0.00319118535377295 -0.0173040038703102 0.0913400459979599 -0.0978888704615086
0.018746455596752 0.0112124352717155 -0.247484296375934 -0.580182859402342
0.00140928819640675 0.0120297077562269 -0.821764859886661 -0.120976770433117
-0.0306815787125628 0.000404862077639994 -0.453563640842427 0.640833416350994
-0.0648283333025433 0.0129986938623577 0.266806067581495 0.53717506400253
-0.0276948224920913 -0.00110385923669843 0.375888838404961 0.0314307821693841
0.0142724006043383 -0.0174436997513882 0.142376409381421 -0.162821341004231
0.00157508846963061 0.00759406609929967 -0.109202206691642 -0.131502053060791
-0.00103474392426744 0.0249466038210164 0.0712586095958472 0.0827427054859074
-0.0286830432712968 0.00202170112679487 -0.190011017270805 -0.0304859027350871
-0.0327043835873728 -0.0229423789025585 -0.355574471220701 -0.351395183092998
-0.0131618056079952 -0.0428293026904691 0.139697355739343 -0.545698843656866
0.0596662394206143 -0.0200041699397382 0.767751063696559 -0.0835747424991119
0.0267846822595533 0.0503042511683449 0.577795754350603 0.650954118643927
-0.0142669421009277 0.0445243751360822 0.0245874533679254 0.535572873404112
-0.00491485882569497 0.0304946268502341 0.0926742243135434 -0.101656573529903
0.0366310464137051 0.0410613138272669 -0.254459625965174 -0.572369177563195
0.0296804197400663 0.00628089541202295 -0.816717417608936 -0.0929336348029501
-0.0157909877424622 -0.0201829809289127 -0.442583539765541 0.660313232411874
-0.0530033866352212 0.00360498429958999 0.26942301993602 0.534216950479075
-0.0217302317730132 0.00879147831820524 0.368001285709245 0.0203392518452849
0.00621426508667278 -0.00211046212484917 0.14433126860617 -0.174943945330503
-0.0015463558128113 0.0173980060006761 -0.105252688259074 -0.134782320717544
-0.00352462311118333 0.030147418728449 0.0744617134287935 0.0819260197454427
-0.0300888756047617 0.0152680107420154 -0.183721098872863 -0.0242752000639038
-0.0222587087445068 -0.0163177844909457 -0.362655288159582 -0.335746501408328
0.00150526313632153 -0.0575328112822754 0.1181192722439 -0.540337749672707
0.0779353312310094 -0.0355168558763259 0.760007671200749 -0.11003962171486
0.0485400164982447 0.0662891679683772 0.605831741479563 0.631523711630167
-0.0131616986260958 0.0890850695370464 0.0397302243841038 0.545997733550892
-0.0140078915519116 0.0760201002084913 0.0911185750142876 -0.0844976228735597
0.0514482556952406 0.0703410764894247 -0.234353106831248 -0.571276006863554
0.0558368132931377 0.000617799414568777 -0.811796893922096 -0.123754123219036
0.00337102988443572 -0.0422545566641043 -0.468630250941029 0.648697836895909
-0.0387679029261701 -0.00672972606063637 0.246505233939557 0.554092249962632
-0.0166746718687581 0.0194380603148997 0.369786809222466 0.0357718792615059
-0.0038314962121932 0.0134854528385897 0.154944288688777 -0.172605877005078
-0.0058606490701584 0.0259906554121953 -0.100992555842382 -0.1371141810884
-0.00433624311135047 0.0346448551457673 0.079991076722892 0.0831620664501535
-0.0289054046231356 0.0280838625113353 -0.17164564842444 -0.00385000472627876
-0.0122422402056685 -0.0062984058965765 -0.373687434932352 -0.302650072291382
0.0110687273480879 -0.0679631550248375 0.063688678569932 -0.544814307624212
0.087115629713336 -0.0560909403982824 0.732600954453742 -0.191186865431748
0.0696004411914661 0.0698647698971047 0.660609916901958 0.56766500628684
-0.00632732596367349 0.12175399984362 0.0740166993690643 0.562415137743023
-0.0234538440158643 0.110997352296134 0.0871522768601189 -0.0465571335876279
0.0563116664596282 0.0953786494066738 -0.191818147897589 -0.569138093876306
0.0753276857189257 0.00165238958143381 -0.792748972477031 -0.202757786658982
0.0238032970006469 -0.0591435634575224 -0.533751807155653 0.602520808747453
-0.0222538090886141 -0.0195196806793256 0.199002843334284 0.590852445006392
-0.0114055742668485 0.0289897173420149 0.375109612009429 0.0760370519009897
-0.0122849491542182 0.027210830090921 0.172374319881293 -0.156978715965032
-0.00815644631943175 0.0293178400373172 -0.0973528696097746 -0.13867659880214
-0.0025576695148922 0.0353469668258727 0.0855809797177078 0.0845768362150006
-0.026684202529788 0.0386751910142818 -0.154642412713687 0.0242068604847891
-0.00297587450287868 0.00544648953557649 -0.386099968165485 -0.247166926690079
0.0142754379293442 -0.0721851925890565 -0.0150058702864278 -0.543267003497274
0.0838216461431529 -0.0775505836955795 0.678553475522517 -0.301753021229402
0.0856557702725206 0.0583061414684206 0.722396796930038 0.465362507800539
0.00565695689420814 0.135097615889673 0.125387324982299 0.577949336648482
-0.0293788411746491 0.130519698888769 0.081678585057833 0.00341679798127536
0.049548867948432 0.11542753214799 -0.13107000948001 -0.565877575845847
0.0833948133919194 0.0098189597473471 -0.755872588862357 -0.31507407652615
0.0406363181526323 -0.0689748208582491 -0.623044441023591 0.522233071712643
-0.00664460817122695 -0.0312779774191631 0.128626981736672 0.630794305129542
-0.00599364742695145 0.0347722132554836 0.38058748756285 0.137457501371755
-0.017883799221878 0.0367506498005078 0.194151330814384 -0.127693891348098
-0.0104760224636935 0.0289455320655104 -0.093711689591194 -0.138695431109735
-0.000794399628558129 0.0327136362357671 0.0889829797750158 0.0874032491917788
-0.0221835772100212 0.0441236997877415 -0.134866306202557 0.0574967171510689
0.00512371755758693 0.0165952716335151 -0.388568005721274 -0.187180159786397
0.0151786690829825 -0.0663653826460067 -0.0935078494434495 -0.532633797424633
0.0716889141764563 -0.0937221114761906 0.601486219941145 -0.414517019603634
0.089258390976437 0.0369876934983296 0.775082333364567 0.338236407451231
0.0179436622558601 0.127626926570284 0.18998310372175 0.585970865557331
-0.0337603829338498 0.131957828003821 0.0761393409958984 0.0594978760043126
0.0333059457882999 0.124843775848298 -0.0679610231125325 -0.553815197340751
0.0768608735735954 0.019946654140217 -0.700689096992306 -0.442538618440911
0.0492895692077658 -0.0704355707128226 -0.712477816831717 0.406441115426635
0.00486276942515028 -0.0409886471299084 0.0385272658740837 0.662931397671976
-0.00126401612901451 0.0366610523385741 0.380040019178246 0.20890263000332
-0.0187361237910054 0.041500186604043 0.216035525127825 -0.0878744248257345
-0.0116844244898524 0.0253065575518538 -0.0905713949913025 -0.134868068214349
0.010975229585601 0.00435857721935339 0.0725545533861197 0.0907765183923129
-0.00802653171136134 -0.0256833814719952 -0.174978664568496 0.0316974046176632
-0.0464115892241574 -0.0289002213955929 -0.374077326484521 -0.267091665500832
-0.05802288914585 -0.00165669189399953 0.0214112464781931 -0.585333048666311
-0.0143204707159201 0.00416789828604715 0.683455991524097 -0.30575606045932
-0.0380274776575136 0.00790124068735281 0.679527944231983 0.471731707999554
-0.0223797522138455 -0.0699943651743985 0.0958055977570904 0.558840763490707
0.0136294233809135 -0.0924423810668616 0.0828171656336794 -0.0351698002581361
-0.00618113117367359 -0.0460365743918548 -0.165939534467699 -0.59439188036712
-0.0477473076163479 0.00716186348845744 -0.797170486500288 -0.303125984958381
-0.0543461181623708 0.0259041157753754 -0.585334104912778 0.521691528687192
-0.0760495542046034 0.0276359301709554 0.188508831406448 0.593350278512151
-0.0377402318622672 -0.00633256387609229 0.405124442723984 0.121017130551638
0.02222017998261 -0.0361460613998136 0.168569105383673 -0.107629257551126
0.00862461463357749 -0.0131165968878287 -0.116418504046026 -0.125735969021607
0.00736565273663405 0.0112411426932394 0.0705824953202376 0.0879225544145756
-0.0167995152033881 -0.0201762980876386 -0.18460449798588 -0.000441207376815184
-0.0473256079387033 -0.0285317628568255 -0.366780856777326 -0.316090233446544
-0.0469814503603819 -0.011564620105484 0.0832577120128121 -0.575389228970279
0.00931789230869848 -0.00064198326962308 0.729911642865353 -0.195819674953687
-0.0178034446930879 0.0148599812586888 0.627880211378959 0.566587919949719
-0.0136409364450548 -0.0435515106728177 0.0552487155864772 0.548194182310349
0.00968105827382487 -0.0596368634570378 0.0885602224264792 -0.0744718873672119
0.00345762303570331 -0.0179682311136538 -0.21542445190236 -0.58921312207357
-0.0255728036170185 0.0144294705328941 -0.817542448498269 -0.19438186536979
-0.0444372757429157 0.0176570311154543 -0.509402216926696 0.597614638968489
-0.0724177858929984 0.0215898772912882 0.241599304069923 0.562872779113259
-0.0337485580489396 -0.00635034705007835 0.391954267939496 0.0675874661588326
0.0200659199496099 -0.0292514892061424 0.15135561177863 -0.139279576292286
0.00565751074729138 -0.00345371933724216 -0.113518018544289 -0.129351601111897
0.00328559939708714 0.0186293538200823 0.0700922880710566 0.0852411527611651
-0.0237914295015449 -0.010035694710722 -0.191146133117743 -0.0226799410257705
-0.0423537970288333 -0.027833236884113 -0.359631620094644 -0.345870269110073
-0.0305444244846455 -0.0258572712032944 0.128847373357847 -0.55934110136235
0.03448637341614 -0.00872837791980778 0.760772770253883 -0.113541369190829
0.00408774183216141 0.0301168100024916 0.588988642855489 0.630457884827465
-0.0115919996190447 -0.0036110713118746 0.0306507833343164 0.539177072616172
0.00261075065549374 -0.0173103223854444 0.0925449377040013 -0.0979046250629771
0.0188144167837421 0.0113590468851211 -0.247791213957683 -0.580855826591289
0.00220021358763885 0.0129379680363423 -0.824707062645648 -0.121951970207154
-0.031024100838273 0.00147444723499042 -0.455386246608241 0.643299601161594
-0.064476465910264 0.0132817549344211 0.270037931020121 0.54011206956728
-0.027695870544777 -0.0011243939558304 0.378447930198142 0.0318588742076934
0.0149372322397527 -0.0177116339325208 0.143200429051389 -0.163656855009839
0.00201223358855339 0.0075269339560989 -0.109794641712834 -0.1327729231561
-0.000843861976010047 0.0249838323019839 0.0710275780617284 0.083041308234458
-0.0281634868225645 0.00191156703003218 -0.191523136176692 -0.0303358339222058
-0.0333638473612625 -0.0233307816106723 -0.357811604595192 -0.351854801795455
-0.0126834775827285 -0.0426734498543218 0.141377574318015 -0.546240053289995
0.0595344648405559 -0.019060395881825 0.770986215846926 -0.0841578370544488
0.0264108274283863 0.0498589164873111 0.58153019291665 0.65356508178407
-0.0130470897509233 0.0439798662714223 0.0258212825046828 0.53765055010557
-0.00537999253225588 0.0304119146122722 0.0930088902500791 -0.102422789151254
0.0369767867329104 0.0419060791590227 -0.256189978223139 -0.573386819023152
0.0304328458654353 0.00685451078480567 -0.820595612832316 -0.096178843307445
-0.0152710768396746 -0.0202031526529212 -0.441967863759746 0.662674403600684
-0.0529392939659958 0.0035765009369236 0.273108805039997 0.536372176191818
-0.0225761905403886 0.00865131003658021 0.372025886635472 0.0199750270005159
0.00593135695992437 -0.00168557566716697 0.145441399999723 -0.175897180706508
-0.00222691874118108 0.018114115326301 -0.106159191671003 -0.135755466121011
-0.00310670203993831 0.0303253648176309 0.0739007401146955 0.0826853732105001
-0.03005108342758 0.0150082620653681 -0.185430578648547 -0.0232092227016483
-0.0228718265628372 -0.0167181377998989 -0.365084146620915 -0.337165849371615
0.00198521842137762 -0.0577962930362152 0.117382347024658 -0.542902086748922
0.0784239700048734 -0.0354337095421464 0.765486287579049 -0.113501586433336
0.0484331446054798 0.066951913010513 0.609644050619022 0.632367549923267
-0.0135474964326021 0.0895103478905594 0.0378993067999616 0.548328595624397
-0.0137507070812762 0.0751583029507317 0.0906253623517792 -0.0850203284134532
0.0513653773813049 0.0695282311141969 -0.234999226189281 -0.57264308033943
0.0565988819257124 0.0015082796314019 -0.812670443198976 -0.123770650427302
0.00369893494646367 -0.0415566224766907 -0.472480438942748 0.649324311072964
-0.0385684722173188 -0.00679738407111138 0.248439868835233 0.555258171107806
-0.0170169651953353 0.0193886257602728 0.371400484592857 0.0352066124033189
-0.00412960325179652 0.0138225837841119 0.155568403873247 -0.173320259519148
-0.00608070234234546 0.0261491621247009 -0.101308911295704 -0.137715807893593
-0.00447772281437096 0.0346293314581792 0.0798737707173384 0.0828692663332081
-0.0292113252242245 0.0289731457179865 -0.172161664080541 -0.00455932109222334
-0.0125246728465198 -0.00690227972292667 -0.378081139746504 -0.302214475773785
0.0110980669968282 -0.0685554722222168 0.0629639148234802 -0.546869584457114
0.0867863832278412 -0.0563423340410548 0.735800953705866 -0.191178792486159
0.0702650676476213 0.0705561228385878 0.662915523939398 0.567781588657241
-0.00597879073487551 0.122286471171425 0.0733227994745803 0.564909369076038
-0.0230462349430045 0.111268325751309 0.0869737816313995 -0.0469942659015692
0.0565986714223484 0.0960180499305518 -0.192206036410894 -0.57114855588058
0.0757030749245195 0.00210415092361564 -0.794413693956637 -0.202850372153002
0.0242324566596001 -0.0595380791387871 -0.538523073557126 0.606430017869162
-0.021692036583483 -0.0196836014021738 0.200834241353754 0.593814898561859
-0.0124619301901563 0.0290940748433047 0.377727469094123 0.076446435629339
-0.0127294564574537 0.027293499985151 0.172861999555835 -0.157064274389054
-0.00920094137205063 0.0299954412249654 -0.0975395069516902 -0.139354757907136
-0.00279412058407208 0.0359171653556478 0.0850151452082233 0.0856591453691383
-0.027019752046588 0.0386202998650564 -0.155041753192048 0.0237774485840226
-0.00302495620130518 0.00526100390081214 -0.388326573343315 -0.248371531730135
0.0154093993424023 -0.071152322033283 -0.0135374420535448 -0.544924971738702
0.0838901923934001 -0.0784821030938047 0.681404064731885 -0.301572650960193
0.0856499916835419 0.0587488522174319 0.726182306553756 0.466941986807101
0.00552873311328651 0.135369159225224 0.126224044260988 0.582562395644671
-0.030200704803954 0.130731835333802 0.0816497630917043 0.0031543392994417
0.04929300852076 0.116163688767224 -0.131224794308382 -0.567759660800393
0.084012947373247 0.00958173303494633 -0.757593807498894 -0.317135300978021
0.0409430740583386 -0.0688669267618429 -0.624593490483716 0.523768013691169
-0.00666307923110739 -0.031597023024459 0.130249306417912 0.63534852611592
-0.00654486510384111 0.035350217436795 0.38348694406093 0.138444215895975
-0.0180529739143456 0.0370421932765615 0.19449307419684 -0.129039014927128
-0.0106685847165318 0.0290853744723414 -0.0945147404939492 -0.138405131814825
-0.000334068507970727 0.0323804989222529 0.088900976886557 0.0877345743474766
-0.0226569501770394 0.0441363794827139 -0.135641283090005 0.0576552198819541
0.00481466874649163 0.0166730598325446 -0.390848836376503 -0.18718804776204
0.015349594857587 -0.0659661509718608 -0.0956605022839862 -0.533742338604079
0.0715416283102908 -0.0939739021505247 0.603583918235086 -0.415203675444579
0.0903394176284304 0.0377526168889091 0.779954994531706 0.338436832429899
0.0178329800786617 0.127983468479064 0.190480868219726 0.588060106518386
-0.0348939697094087 0.131924636713148 0.0772008545742088 0.0599334333569545
0.0340486633424187 0.124126777100419 -0.066157077177471 -0.555346818092602
0.0784216857275542 0.0207825303679819 -0.702341024967814 -0.446012812618693
0.0496723061306669 -0.0699859775811629 -0.7153527615538 0.40964494655785
0.00459727299284592 -0.0421277928633124 0.0418947501988205 0.66643385022351
-0.0016646770706604 0.0371324058961171 0.384550329795072 0.208536938950617
-0.019023124894374 0.0416859860595756 0.216563356701505 -0.0898992161667693
-0.0114064371953041 0.0248726185292793 -0.0907346613757097 -0.135973065436933
0.0121028622333562 0.00414946988384698 0.0717928945702026 0.092369966157239
-0.007853235154817 -0.0254283439538575 -0.175779674868731 0.0322320149353609
-0.0466375774018096 -0.028779625771142 -0.37674239055246 -0.267224985411607
-0.058811056823162 -0.00128589157971818 0.0191299872251431 -0.588952949935866
-0.0144499715475779 0.00505728035398119 0.687679301771447 -0.305841964755016
-0.0379400325711545 0.00863026594652666 0.683867260008136 0.473259284830769
-0.0227201604075685 -0.0698105650741741 0.097669477417558 0.56220081762081
0.0134951539469948 -0.0938934361307099 0.0830920503528048 -0.0356434798538702
-0.00641439142997213 -0.0460721984978354 -0.167632281209114 -0.596817587174301
-0.0476614760618481 0.00746641086463497 -0.801518682944498 -0.304078718817566
-0.0553756365139265 0.0269309395964042 -0.587729370965741 0.526709908973844
-0.0766894226850401 0.0281314821374296 0.190877268253382 0.596597929493781
-0.0380244504760595 -0.00666149469820769 0.407497271353299 0.121276562780933
0.0226466311832126 -0.0360343154713738 0.169358409544626 -0.1091283110461
0.00910095832728316 -0.0126969154751697 -0.1165351232999 -0.126777812173523
0.00752722088588377 0.0115917827911722 0.0705016339945408 0.0879599953279731
-0.0162706098576067 -0.0197493391154148 -0.185849740842092 -0.00010501066701934
-0.0480688740255474 -0.0289360460867316 -0.368810096811068 -0.31490361976486
-0.0480275338257212 -0.0111943392273585 0.0821584440770657 -0.577357754634145
0.00845753788623316 -0.00104525212934787 0.735272449680737 -0.197178356188999
-0.0180299801702167 0.0151457937768786 0.633596098976444 0.569449408428513
-0.0131751184987201 -0.0434154969385398 0.056863727799143 0.55194426305671
0.00945681206960096 -0.0607918720630208 0.0885362342436382 -0.0742795820954885
0.00274195721519378 -0.0183938395824361 -0.217433991862437 -0.591402046880628
-0.0268522669167073 0.0144320287672333 -0.821256770328019 -0.19589015177696
-0.0437223612636549 0.0180570145997003 -0.51006349246056 0.601370575507714
-0.073375196300973 0.0217281150157452 0.245585377790462 0.566862497880494
-0.0347353175877097 -0.00674633071164305 0.394020831193243 0.0674676084715097
0.0195509943368585 -0.0303305767581501 0.152527815181066 -0.14106576640581
0.00574085980538115 -0.00342933674165517 -0.114719623420829 -0.129948685995456
0.00403773948005767 0.0181570010610067 0.0696894916906814 0.086160997403087
-0.0234100724243741 -0.0106396004478883 -0.192106971148623 -0.0222394039161122
-0.0424946954967083 -0.0273749243259432 -0.362744107661053 -0.344864786808257
-0.0313399483997602 -0.026277800914926 0.129600525125685 -0.5611059220818
0.033883929722773 -0.00859852152535759 0.763906459637395 -0.114597240165526
0.00471291574649497 0.0302792339100919 0.593487320032565 0.633244140354589
-0.010573329538414 -0.00313197615851067 0.0312856882094348 0.540257422982158
0.00351671451398953 -0.0175786528184343 0.0919584167342 -0.0998804332987055
0.0194590747800887 0.0113202992162915 -0.250689274041793 -0.583516173433687
0.00125873422943532 0.0131828768762372 -0.829749296561561 -0.119755095389072
-0.0314165180074845 0.00152659401452417 -0.457358792230201 0.648197912491444
-0.0653082797686444 0.0130518960954181 0.273259236074168 0.54320185332657
-0.0283353219197368 -0.00111774131435386 0.381637987760369 0.0310869351212746
0.0145203660612491 -0.0177082654920431 0.143574440857119 -0.16483161082297
0.00245800278538645 0.0080961809584211 -0.111254393101154 -0.133278821539505
-0.000487560916552551 0.0257558122063931 0.0711109990768674 0.0834433888047573
-0.0278881517198183 0.00196923276095782 -0.193400720376342 -0.0294860576501372
-0.0334446796112201 -0.0226489777088136 -0.361876686765859 -0.352161299535017
-0.0134001009436611 -0.0416566196801991 0.141264497211408 -0.549125202259501
0.0595937850990502 -0.0204753444617956 0.775128888706999 -0.0859649230222289
0.0263328079564645 0.050862597368843 0.58616680744664 0.656600495637763
-0.0132349159112167 0.0445267419561256 0.0242795763304043 0.54089919798568
-0.00508147166960118 0.029721388157113 0.0929979617698042 -0.104421682769867
0.0373055942421546 0.0407935221484424 -0.257570599625346 -0.577376285811569
0.030635352558948 0.0074526603231276 -0.825872084174193 -0.0960500882663418
-0.0153102758942198 -0.0197571940489739 -0.444603220603903 0.666646891909268
-0.0526309049308257 0.0033354177512334 0.275624334095687 0.540766568410583
-0.0231115869129008 0.00820651592650641 0.37289897233047 0.0203093148188488
0.00593269769879969 -0.00190987031038689 0.14623702114001 -0.176840703569135
-0.00155636490249013 0.0187292776375062 -0.105626046457307 -0.136050786868579
-0.00366302577338271 0.0308619281118801 0.0744044580725391 0.0825942984784983
-0.0301241594764252 0.0151069746516143 -0.187088423510726 -0.0233888402990137
-0.0230552628095832 -0.0161718473019054 -0.368538096241371 -0.337753657424396
0.00208311262010567 -0.057403880751062 0.116512613597652 -0.545966511250866
0.0776482902484246 -0.0349619548460476 0.768419496826503 -0.113352445425751
0.0493393416733899 0.0671687544700774 0.613113020148215 0.635029903676928
-0.0127817897804424 0.0897825888804295 0.0407339739023011 0.550197696430207
-0.0139132241812042 0.0754791334982289 0.0915018235868915 -0.0855281516131847
0.0525352765856273 0.0699744282875065 -0.236773420358516 -0.574504508648343
0.0568217087760481 0.00157225856324945 -0.81796996917404 -0.12295243407634
0.0036231830679905 -0.0406410447857692 -0.473010284250296 0.654909490839467
-0.0382807231853501 -0.00749692312465078 0.253018853552379 0.557650524332027
-0.0166068920008391 0.0193277376919441 0.375092855049949 0.0349808829803913
-0.00484921642989621 0.0140298719958788 0.156761877358188 -0.174393432350927
-0.00500580961966447 0.0266008183907035 -0.101872935078955 -0.138633226710235
-0.00356929165273489 0.0345176930338714 0.0798796445673524 0.0842759021749708
-0.0288832742971171 0.0287583902080393 -0.173743492812577 -0.00454091505134168
-0.0119958959520594 -0.00708330037763428 -0.380118057350453 -0.302549372577681
0.0113306919216883 -0.0680647582465714 0.0620944259127966 -0.54967213816625
0.0871421041748656 -0.0570092878266715 0.739649555807419 -0.194875907185484
0.0706916294005799 0.0709734516070669 0.667069974704198 0.570827843034991
-0.00605549637599138 0.122891131786338 0.0743198915321824 0.56786008367286
-0.0231169789133971 0.111478434741008 0.0885130678173017 -0.0471083997656605
0.0576904963294944 0.0954715989943213 -0.193169030999464 -0.573857880310581
0.0775891645782668 0.0022664214329102 -0.798766484008813 -0.20252156343901
0.023975634590816 -0.0588564895669421 -0.538105943940285 0.611951053650034
-0.0219794434409834 -0.0196068090236776 0.204650177573189 0.595204719765692
-0.0126095493006075 0.0288478477530488 0.380549002450081 0.0771311960089376
-0.0133046726573524 0.0279456436675052 0.174652175657125 -0.158771174126987
-0.00855089131916257 0.030262975024177 -0.0988061152418941 -0.140409878404366
-0.00199399349037456 0.0358453518418025 0.0854241532993887 0.0849849126036708
-0.0261414825136552 0.03996963214963 -0.156067309333919 0.0252743752097319
-0.00212540027428909 0.00502637970438887 -0.392565513065818 -0.248110604160325
0.0151688379483504 -0.0714380397563406 -0.0145570519083019 -0.547351180445754
0.0844218640397367 -0.0796144390477856 0.684698212834491 -0.303634960355221
0.0867588521875104 0.0592513532533957 0.732140209164933 0.467831895692401
0.00634855160758765 0.135317362527219 0.128306592013975 0.583807206252971
-0.0302163516785169 0.131366046593646 0.082196394660649 0.00319797850455783
0.0501566928621064 0.116213931490873 -0.134217383157331 -0.570357618505411
0.0849441818196241 0.0101150220872514 -0.763622543819805 -0.319316498759564
0.0408553468746588 -0.0686825909893002 -0.628373229705144 0.528220485116438
-0.00646904259274168 -0.031719677124152 0.133062526190184 0.637404490778267
-0.00627123906843327 0.0348144517384805 0.3864288835653 0.139065085204625
-0.0190739839192443 0.0380638947419666 0.195373836146768 -0.129813926946569
-0.010557262640994 0.0302048573148982 -0.095545772769833 -0.139850174395404
0.00054209694736894 0.032209130387485 0.0897273253617964 0.088436626160276
-0.0222953044460507 0.0455759614722374 -0.135978463820759 0.0576880957705247
0.0046264393132663 0.0173465915083244 -0.394120108686828 -0.186719944894701
0.0165686834737831 -0.0666302777116885 -0.0964242203910445 -0.535004270937483
0.0710314551092456 -0.0947917240886859 0.605896619789004 -0.41806971062931
0.0909167101247308 0.0374268116342832 0.784471159893208 0.338706927822373
0.0186977283350163 0.128496495203761 0.192022165250429 0.591337266471493
-0.0339957493780162 0.132794196930397 0.0765978938722049 0.0594311777636624
0.0345513079058471 0.124925514466051 -0.0685356207319079 -0.558350278204504
0.0784934354050864 0.0214095550719688 -0.707260122702409 -0.447497804878653
0.0499765606125828 -0.0699445181680912 -0.719527491279194 0.412572097986321
0.00485779721884607 -0.0411974993925034 0.0430451906174836 0.67140351698115
-0.00102831291988552 0.0369464762039247 0.386001418559226 0.210774857558753
-0.0196754272341767 0.0433342287628894 0.218659930599935 -0.0907481498191737
-0.0108570466767803 0.0255582969898299 -0.0920619394742113 -0.136501260544158
0.0126773929749997 0.00403196134091936 0.0726926532871397 0.0922493052346625
-0.00726004303069054 -0.0252866115214876 -0.177475976992594 0.0326213751429077
-0.0472054301122944 -0.0286148593531927 -0.381512148622644 -0.266635264426542
-0.058869947323404 -0.000676873665162031 0.0183499991231669 -0.591989526660036
-0.0148630103356242 0.00484004240799575 0.690621879036748 -0.312388823910387
-0.0382742192554983 0.00917030848080251 0.689330124388145 0.474183086930679
-0.0226099363682287 -0.0701218247812195 0.0996776704148108 0.565235626204373
0.0135316384223597 -0.0948477748476633 0.0830442846677944 -0.0360122757688651
-0.00694158380350068 -0.0473519648167357 -0.16987271239929 -0.600074127079758
-0.0483379317779204 0.00838429170561851 -0.807422986102646 -0.304899825670389
-0.0544368860153059 0.0277229132615195 -0.591673366197063 0.529771845590436
-0.0770436687270958 0.0286507454871011 0.197363352154476 0.599958094661205
-0.0382200072361437 -0.00734790899552202 0.41201498779787 0.120037144470194
0.0217147574473466 -0.0362204808449514 0.170011128105563 -0.110812783868097
0.00886017870606209 -0.0126111276860042 -0.117738925952524 -0.126641792129926
0.00810074169252475 0.0105947132481709 0.0704569237613857 0.0887235147887376
-0.0167951435500866 -0.0197315332394202 -0.188454785598259 0.000347273639182094
-0.0475148115730412 -0.0292216535043381 -0.376549116152903 -0.315358163122193
-0.0480937757227926 -0.0111496267204287 0.0821538710316172 -0.58046905173402
0.00792237112664337 -0.000749699176040838 0.738466863736045 -0.200222952475899
-0.017910022043997 0.0155567902371717 0.638560876087478 0.570933439146342
-0.0127329533107485 -0.0442206168155078 0.0589614846173401 0.554897117308129
0.0101324088551906 -0.0619694126757874 0.0885209087799439 -0.0753242103294351
0.0033273745607791 -0.0191497074402175 -0.22124741780562 -0.594857802116491
-0.0260261899023789 0.0151155330492402 -0.829274707972295 -0.194275437420476
-0.0445347243277702 0.0186370926120248 -0.512823749530032 0.606929712444237
-0.0726038932156632 0.0210538271100518 0.24867832103803 0.568057792552571
-0.0337788945442007 -0.00732528209107699 0.398059085438259 0.067239616652856
0.0192139942241573 -0.0301628485248206 0.153495716999097 -0.142330368658848
0.00646218051886805 -0.00354324983557006 -0.115627989827272 -0.130239526510871
0.00387900592267638 0.0185778359632571 0.0706791163346685 0.0859415374557081
-0.0240504380253478 -0.00979435718305423 -0.194866856196923 -0.0223467487361125
-0.0424274327302319 -0.0272741701224977 -0.367341732566471 -0.345852865148289
-0.0314152024311434 -0.0257704004976422 0.127753842989057 -0.563753185495533
0.0345280941388328 -0.00831331856787713 0.768620120965533 -0.117197298209414
0.00392644488197514 0.0303298297577739 0.599979376993686 0.638280697816105
-0.0117400463121843 -0.0039316009085974 0.0327964182259792 0.544514431391145
0.00359052474894097 -0.0183240947888264 0.0918782178747383 -0.101106810843472
0.0194737871118112 0.0108909017829788 -0.251889957396692 -0.586324700943595
0.00146338425319689 0.0137383499305263 -0.836311127242238 -0.118791370414276
-0.0320831201451395 0.0017345627577278 -0.458645588207214 0.654546099574971
-0.0659106205670444 0.0128583275135448 0.277361264541617 0.545606124571147
-0.0283286735909831 -0.00049388329471111 0.385040247116293 0.0296800085653067
0.0132775919145531 -0.0169890356892867 0.145137313667165 -0.167679842373225
0.00285108113586515 0.0086055643594597 -0.111235315437488 -0.133886929844676
-0.000239331958042433 0.0250298300200978 0.0710582809779915 0.0836411260021462
-0.0286198018344363 0.00163118731980828 -0.194437592921792 -0.0291485353124118
-0.0339209399465737 -0.0231997969660172 -0.365681234468261 -0.35351378327505
-0.0128102068825565 -0.0423595644590109 0.139257531829287 -0.553893046674177
0.059570813238853 -0.0196964862724454 0.780548314706181 -0.0875476881090342
0.0267667833910361 0.0511723969666698 0.591434581801685 0.658619726099282
-0.0129325329630686 0.044510364559595 0.0273273658857196 0.543334936014171
-0.00512355745326371 0.0301854653645328 0.0925374052764844 -0.104577937697343
0.0376589748598405 0.0413308838105211 -0.259285167213601 -0.581088798938169
0.0308377472069707 0.00730550394036252 -0.832419456483338 -0.0934863055709256
-0.015253348887736 -0.0195447157106225 -0.445374592932408 0.672226368242755
-0.0530616078046246 0.00383257009920519 0.279556321330976 0.541466954010883
-0.0229327528400683 0.0082471529445808 0.377163441361793 0.0193611991504267
0.00553046394489978 -0.00205048609644477 0.146079022705323 -0.178895157351227
-0.00111616653155885 0.0197504997904453 -0.107358332544424 -0.137922196329977
-0.0029420151075542 0.0310366063783295 0.0741839164678715 0.0833066888683078
-0.0309043390069538 0.0160187301287542 -0.188216969797193 -0.0220646604645532
-0.0226951990671664 -0.0165441292452637 -0.373000569671437 -0.338329921958388
0.00170727163260291 -0.0580771677978191 0.116663295053548 -0.549282906961558
0.0779370234427582 -0.0359529743620464 0.774816605578609 -0.11698659452634
0.0502598141648947 0.0677513765396391 0.6198780897384 0.637798358844817
-0.012426614533113 0.0904730172519815 0.0403050003447666 0.553596634523217
-0.013748808362106 0.075814911718971 0.0905112758882348 -0.0853087636989419
0.0522447932263615 0.0693970947567803 -0.241233667966241 -0.577552804703251
0.0577156955983165 0.00199608580046221 -0.823315593384473 -0.120933657100764
0.00353963060563955 -0.0411687396854202 -0.474369448010269 0.662248615864395
-0.0390423702175915 -0.00752525238310611 0.258472122408921 0.560835927188304
-0.0174982098809302 0.0196322691918234 0.378986808848196 0.0337104307814015
-0.00509065635237523 0.014659936325792 0.157088732451629 -0.176787138683503
-0.00456672398937566 0.0274988502294941 -0.102679985959709 -0.139260361104837
-0.00334843175416498 0.0347878531843363 0.0800999040392174 0.0841748364259451
-0.0301037612404998 0.0295364192668691 -0.175341160546501 -0.00378161764252541
-0.0125343710207189 -0.00692218451979633 -0.3846715031309 -0.302694169923724
0.0111843658438306 -0.0690174516893564 0.0604090828107751 -0.551619043473444
0.0862962039458119 -0.0571452934392576 0.745265827912886 -0.196277604412627
0.0716414231608468 0.0710728408649801 0.67313372373363 0.572403922924116
-0.0045760388434557 0.123341505757493 0.0753323971597527 0.57109643481314
-0.0231676528703388 0.111287572038347 0.0868146336118139 -0.0485001221046882
0.0574739872761429 0.0956556539691215 -0.197321781501208 -0.575696032850161
0.0772282392798749 0.00261701397275392 -0.806260852022834 -0.201856420817424
0.0244998974084794 -0.0592205029389162 -0.539371412550084 0.615750214313066
-0.0230364046647494 -0.0191706205925274 0.209179876745133 0.600475698539566
-0.0119163106249387 0.0290173632819575 0.385469310865506 0.0753739443775527
-0.0138671429617239 0.0282914562873878 0.174530316987903 -0.16144489598491
-0.00758079812038165 0.0311134496694711 -0.0996199843811096 -0.140605078457726
-0.0013227856061444 0.035678935059962 0.0858423878622332 0.0857255622953736
-0.0267333482447225 0.0405176282287033 -0.157128173329094 0.0259718488753207
-0.00239150749632347 0.00537592535781361 -0.395798288542772 -0.246754932039493
0.015643422489067 -0.0718455373459577 -0.0158442661426205 -0.548441351306282
0.0840557191297944 -0.0789187047646331 0.689640804236636 -0.307392575575375
0.0873095136860554 0.0596291024029912 0.73606935094458 0.467781676025291
0.00660556724415714 0.136200922387777 0.131035832830205 0.586102886130004
-0.0298962292401359 0.131878267152195 0.081624597470725 0.00331875966837809
0.0513198886662106 0.116377520654834 -0.135813188234652 -0.57451969721835
0.0859802298029125 0.0102692243489562 -0.769780276077512 -0.320394197637365
0.0409030756959597 -0.0694344153481728 -0.632770293283627 0.533981286369916
-0.00614655809529763 -0.032159626857897 0.136126451993516 0.643400657200366
-0.00651566380397324 0.0352094201566277 0.390482293641363 0.138046099497962
-0.0189123535361879 0.0387939816840813 0.196377986972693 -0.131833925933679
-0.010069726537639 0.0301007025317812 -0.0961319348757167 -0.140228188137634
0.00046112245809222 0.0332203622622335 0.0899466828547133 0.0888254046739774
-0.0226164327825041 0.0463878815346878 -0.137548202943649 0.0586732428404593
0.0052218990656141 0.0167398393436229 -0.399182688229395 -0.184885735460218
0.0154638187221147 -0.06707529908979 -0.0981100161243721 -0.53758882999911
0.0706986557471287 -0.0947630526036334 0.609371148187888 -0.422778515266816
0.0908830475805254 0.0380989972634451 0.789908291563101 0.338834635572426
0.018352353711183 0.128979951867912 0.194266826899453 0.593347624889581
-0.0344896514599252 0.133299599093943 0.077629971546915 0.0594814045937202
0.0344243838091001 0.125315106964671 -0.0707000985530318 -0.562838472278426
0.0788972026089781 0.0218735880937989 -0.714977897020314 -0.44866961898839
0.0505564763896598 -0.0704382192635302 -0.72426363093926 0.416558086436616
0.00425267416088286 -0.042448627758282 0.0459387522841158 0.675924248296575
-0.00169622291169725 0.0373970919063091 0.391447418824861 0.211457849161908
-0.0206558717327862 0.0433393669781646 0.219922279822039 -0.0919296930510307
-0.0104344195539834 0.0255146177290498 -0.0933597173718228 -0.13785905084021
0.012321397920167 0.00329610322822669 0.0731875210098164 0.0924239090414359
-0.0074249481701754 -0.0253914291067191 -0.178529483481928 0.0344803831428006
-0.0476354221099749 -0.0285617632150554 -0.385722508743991 -0.26521817429375
-0.0588945223199415 -0.00015988175033883 0.0140936958674095 -0.594144988421491
-0.0150922072072862 0.00565073136749359 0.693055725936826 -0.314947148704395
-0.0381510652978086 0.00856738172455622 0.696997605385104 0.472383556410645
-0.0220233552750639 -0.0711450034330295 0.103350976218302 0.569490492384805
0.0128805691701193 -0.0960114381120546 0.0832152257702827 -0.0368639766948247
-0.00587829093851587 -0.0483379547884696 -0.173789244543559 -0.603285465750565
-0.0486778110837732 0.00826088374244371 -0.815610629245357 -0.30044374775444
-0.0549049096143877 0.0282061335472845 -0.59247620444108 0.538342682892583
-0.0766579997344255 0.0280977541029712 0.201833198203884 0.603538671590316
-0.0383801260531953 -0.00701595793469627 0.41577458139362 0.118866243777426
0.0218361865879025 -0.0374241111158127 0.171405735104589 -0.113229800325123
0.00909205172036023 -0.0121736949962654 -0.118572032759203 -0.126822608475079
0.00872469827669202 0.0112148041706466 0.0710088187900509 0.0897458259033963
-0.0167556821484408 -0.01993837739479 -0.190783234047073 0.00176125453239614
-0.0479401513061145 -0.0289522904060082 -0.380143939851522 -0.314813092788885
-0.048143445315518 -0.0107833220395472 0.0792602189848547 -0.584340408858994
0.00795832853630081 -0.00109562920667601 0.742247721044083 -0.204922980596749
-0.0169143306896057 0.015937293477962 0.645980176269612 0.571451841781007
-0.0132858886697213 -0.0442503595627254 0.0619771135452417 0.558664914200165
0.008726566372751 -0.0620534601743833 0.0888475187416287 -0.0762882727693305
0.0040298375846611 -0.0192598823490943 -0.225125084944371 -0.59892577198287
-0.0264685895622388 0.0160087031103979 -0.834201625642255 -0.192283248355276
-0.0447429905244496 0.0196722693388263 -0.513129982235099 0.613122826390151
-0.0736054413939495 0.0221106123365666 0.255844562323168 0.572143065293851
-0.0342571112092862 -0.00763891842609644 0.40169183228957 0.0656990262817247
0.0190637893487616 -0.0293874504974202 0.154351434488218 -0.145165259789635
0.00644629784903955 -0.00206027744925987 -0.116777851314508 -0.131231239049815
0.00432771566350151 0.01811995204471 0.069996686891497 0.0869414417864517
-0.0243898234190187 -0.0100395684433612 -0.196764909654822 -0.0213202940963369
-0.0430760423357839 -0.027000015273576 -0.372590373016114 -0.344517229986888
-0.0314611941622461 -0.025934329235844 0.125888107820424 -0.568000112741359
0.0354003724199376 -0.00876215459994253 0.774449501607996 -0.121725235355386
0.00453781097530664 0.0313257399552717 0.607063971029784 0.637951133242574
-0.0107771274229501 -0.00405247891211496 0.0362057336870848 0.547939895840493
0.00262638467917285 -0.0191033016281182 0.0914885413383967 -0.101014112931496
0.0200386556315934 0.0101349714655683 -0.258370431486624 -0.589374350699739
0.00203935244083531 0.0146909028000043 -0.842065026726181 -0.115905678452333
-0.0315255790959731 0.00268457812815947 -0.459510499129224 0.661325107290963
-0.0655552258714606 0.0138091877047397 0.283831131741904 0.547395832838118
-0.0285047205925936 -0.00140405399666459 0.386919946282675 0.028952170594229
0.0136590163899681 -0.0171859166385779 0.144812366689725 -0.169132442318233
0.00290071220788461 0.00850455332786462 -0.11343812515641 -0.13362349672556
0.000423226455579732 0.0257857307635584 0.0717176953522304 0.0849023997851526
-0.0289695138689465 0.00263034018619752 -0.19716172139313 -0.0281997295822651
-0.033665796196625 -0.0232810454720169 -0.370309137418501 -0.353193591067778
-0.0130714834950628 -0.042379382972959 0.137218488700694 -0.556259782287179
0.0596553824322002 -0.0199294919960975 0.786962310785992 -0.0932205339531758
0.0271895948660401 0.0514643326364044 0.600051171630093 0.659891752477587
-0.0122294515336127 0.0443466321911221 0.0297020352130385 0.54650443921499
-0.00522020667203653 0.0304626325751914 0.0918837409038827 -0.105094794482732
0.0385337910666763 0.0400720287641926 -0.264604530083761 -0.583525665544511
0.0308808076410541 0.00815360640953532 -0.837547054592771 -0.0899401678735131
-0.0144651231528685 -0.0186726922731034 -0.445998461551982 0.679560572580371
-0.0535645475978933 0.00317367040595714 0.285849379239443 0.543746635285688
-0.0231166408273927 0.00820474013163341 0.380831613790772 0.0168992571032508
0.00503127212302273 -0.00142807230516559 0.146642494553072 -0.181320597812585
-0.000962423950902022 0.0193356004048465 -0.108992652093165 -0.137835466828589
-0.00256871737437357 0.0317490773154392 0.0747794468538422 0.0827318220782702
-0.0307119540899344 0.0166954901803783 -0.190268939019205 -0.0216744010362519
-0.0228975624360591 -0.0170743883724481 -0.377396313918005 -0.337894480004339
0.00188790276463091 -0.0578356049025568 0.115531738080374 -0.552622579662233
0.0784605670226222 -0.0366022968187746 0.779802660048766 -0.120502963401158
0.0499972021630678 0.0679384634127436 0.62755442914862 0.637773037469943
-0.0119583427179038 0.0906749930292548 0.0449917835499831 0.557010762407747
-0.0144926881573849 0.0762221188861391 0.0907799829444876 -0.0864448068545721
0.0526131246573886 0.0694963267661595 -0.244932928470219 -0.580193918103439
0.0578530757127812 0.00246206729823355 -0.830059400176708 -0.119340647116836
0.00396996147334242 -0.0409572558147696 -0.476300197583641 0.670274409323495
-0.0391280804057397 -0.00800430688586569 0.263091866794537 0.562663083724143
-0.0181712953342094 0.0196434271623109 0.381966210649133 0.0324997178621601
-0.00432698467124041 0.0150816901762736 0.156328715240421 -0.179086572602057
-0.00427884119262015 0.0272103366731535 -0.104322299626767 -0.140241292933764
-0.00289410116523337 0.0347354460238699 0.0807555500889232 0.0845730209095669
-0.0303253149216095 0.0301763108415268 -0.177288708997984 -0.00246376006678563
-0.0122325106953336 -0.00661889193968172 -0.389576126743234 -0.302235689384226
0.011977118620623 -0.0696293585043508 0.0578253744861743 -0.55585146305186
0.086956348661711 -0.0581797729702963 0.749129046077505 -0.203384046404007
0.0729278716349041 0.0713643503151467 0.681845989789157 0.573396950163349
-0.00508356653095008 0.12374295175607 0.0787490393533389 0.572866045055574
-0.0224518171455391 0.112339856710281 0.0865558734198735 -0.048562383363763
0.0592156984213092 0.0965268983567436 -0.199752164567937 -0.579944167635825
0.077994425700659 0.00215355824365976 -0.81234113768876 -0.200312913256243
0.024483921177353 -0.0597972488391091 -0.542292003406762 0.622734103909884
-0.023055064045379 -0.0200363243813098 0.21482662093048 0.604731715917436
-0.0128051014872043 0.0295033622993865 0.38884064076782 0.0735739298752062
-0.0134153739791434 0.0296183612236929 0.175539212239013 -0.16397347937988
-0.00653226871315746 0.0322728261867734 -0.10158876893283 -0.141235641963791
-0.000569699857303086 0.0358826473595254 0.0866371344092158 0.0856955448118524
-0.0269637694286414 0.0406518380367075 -0.158605652067529 0.0264670601709676
-0.00325332620157472 0.0051560042975382 -0.401141114573589 -0.248033095078194
0.0150939197248116 -0.0724724845461328 -0.0190229565430053 -0.55317357556816
0.0845524125174225 -0.0802212623094371 0.692020279190214 -0.313903326647147
0.089005080673597 0.059849826110918 0.746104895617199 0.467044503391877
0.00777185086977686 0.137038790856724 0.132135787225274 0.590183609074763
-0.0301790326603348 0.132647928732397 0.0822471848024408 0.00301248739121503
0.0517632223152322 0.116638740964134 -0.139001371712536 -0.57632095597885
0.0868088693499995 0.0107018322816435 -0.77608902880535 -0.318845149453964
0.0409093063084974 -0.0694812612592045 -0.633181557803122 0.541815711697998
-0.00627863693429562 -0.0326917924939518 0.143141261309162 0.646750713192542
-0.00678380113720848 0.035020445014055 0.396021319764002 0.137214876041601
-0.0192126571690385 0.0397070645179803 0.197676107502298 -0.134431735154788
-0.00952950355980407 0.0308678175674419 -0.0983966501514884 -0.1406921843872
0.00186313932959872 0.0329059653984223 0.0904879815305049 0.0881132038692286
-0.022075242305937 0.0470870013550693 -0.137610317009165 0.0603993449870413
0.00569360725618265 0.0172025017818509 -0.403052741308932 -0.184351984904417
0.0161726561052957 -0.0673916415045651 -0.101839474883613 -0.54038535563711
0.0705748050038234 -0.0957142765966012 0.610332760813891 -0.429382427133876
0.09217028683938 0.0380555864865055 0.798030316034244 0.33772738712547
0.0204250688267937 0.12857707934704 0.198288359939494 0.595468263662546
-0.0336007266755552 0.134425011715455 0.0772417687696559 0.0593312214555963
0.0362475671517063 0.124737514444845 -0.0730897700993376 -0.564516072174826
0.0806371760666788 0.0219644098700044 -0.721404440821419 -0.450425493639878
0.0503803407468985 -0.0706925477513867 -0.72611628069345 0.424410150792245
0.00532386666207781 -0.0434654725155596 0.0499698724960656 0.681155957723749
-0.00206862979511168 0.0380723243281681 0.39663418645543 0.208598669540893
-0.0196758092304768 0.0444855190966448 0.220961863858241 -0.0947561376504203
-0.00973761982348209 0.025665138291539 -0.094034781559606 -0.137669348198391
0.013345401588751 0.00353184950146719 0.0742592804608132 0.0933526584542967
-0.00783896432406836 -0.0254569286735913 -0.180360707232204 0.0355805718127348
-0.0475470981793716 -0.0285438218723241 -0.391495042125443 -0.263059135786409
-0.0593914014775164 0.000623593528500787 0.00960469981067346 -0.597967622132692
-0.0153891193797047 0.00599847878143943 0.696302635697786 -0.323316831853774
-0.0385364718947702 0.00944837029332633 0.704200913465906 0.471620549476479
-0.0217449741686116 -0.0716386139960076 0.108369948708783 0.570561353391232
0.0116949667370607 -0.0964797624125889 0.0828717412621773 -0.0373493052404391
-0.00691766849897525 -0.0489225506541079 -0.178905860449387 -0.604553249063213
-0.0482898428617632 0.0104032635806981 -0.822779478224822 -0.296672270483519
-0.0545632556492073 0.0288440277476243 -0.592299318034124 0.546401496338723
-0.0772711875868285 0.0294909051064467 0.207957733920183 0.60470489614536
-0.0388288646954796 -0.00646619340435283 0.420839051148815 0.116619802928951
0.0203844034299136 -0.0372662319211482 0.172011656843394 -0.115136633330776
0.00928392879337306 -0.0122371420952432 -0.120116610378523 -0.126995840539032
0.00839149854251684 0.0112030810468007 0.0722258265704057 0.0900420229234631
-0.017055904115742 -0.0197239002450676 -0.192119463730676 0.00313943356582147
-0.0485853416577573 -0.0282762829427412 -0.383917546353758 -0.311841584776211
-0.0486050957284442 -0.00996653971631246 0.0754511023799984 -0.587840933335105
0.0081236618137981 -0.000845804268019517 0.746529868612376 -0.211370192382174
-0.0176802237112819 0.0167058971586262 0.655499924199634 0.569375542087419
-0.0130796516570526 -0.0447769870437413 0.0661009299946352 0.560495001605272
0.00906254129380134 -0.0633736020010073 0.0880830797080832 -0.0774160944465248
0.00414028621777575 -0.020089519519472 -0.231258546938626 -0.600217864028694
-0.0254437505001111 0.0160027446514736 -0.842672148994667 -0.187028220187341
-0.0443992011098303 0.0201703229733642 -0.512705091288581 0.623539998948539
-0.07355623090078 0.0226489522183608 0.26317193492999 0.573886318571939
-0.0341786339751483 -0.00740326734799506 0.404645737562148 0.0629039271921902
0.0192863104332835 -0.0307388740957218 0.154704715914753 -0.147585879705017
0.00646826515236178 -0.0024470695553569 -0.118808804443042 -0.131249442115362
0.00463753135802945 0.0187297198256896 0.0712641925647259 0.0871983866081699
-0.0236996852816454 -0.00909596992633356 -0.199129409680317 -0.0194220567274931
-0.0429113080046657 -0.0267270196143437 -0.377912950376934 -0.343666198882277
-0.032091289226738 -0.0249594113662976 0.121914381075973 -0.57359863270075
0.0341106571920637 -0.00910620895210823 0.780154098084344 -0.12823326122358
0.00428499541164049 0.0317458505620189 0.617457141262197 0.637283797998154
-0.0111273517352528 -0.00408858812572277 0.0400098963476085 0.55151379453948
0.00285810861734055 -0.0195014811747361 0.0907673936792678 -0.102894112350392
0.0203305281267498 0.00994498488019236 -0.262530501329719 -0.591902530047485
0.00211419861069459 0.0144247967737472 -0.84825388495532 -0.110309745994655
-0.0317118217947757 0.00350920152955381 -0.457477574023792 0.669107788506892
-0.0653730730461216 0.0131717674076898 0.29233058676986 0.548904244869056
-0.028832294784342 -0.0017236599925083 0.392736596402135 0.0250178759029648
0.0128396901482066 -0.0174319120908311 0.145048158409535 -0.172340853765396
0.00352009658769324 0.00911083640581148 -0.115184205119531 -0.135305407041664
0.000975702917160922 0.0255973723101439 0.0718303546653304 0.0849416012485762
-0.0288194832747968 0.00233494412528208 -0.199078739829213 -0.0261772685985146
-0.0340612491581026 -0.0230597806191628 -0.377935696178309 -0.351961859654939
-0.0126504720667202 -0.0421248949496737 0.135501571220147 -0.559999533544228
0.0588006237114939 -0.0194985243603785 0.791830330434142 -0.0991571644256993
0.0279351187315197 0.051561891971496 0.608217097185534 0.660376511012562
-0.0114422229258169 0.0443020893563677 0.033392449911623 0.550802877443372
-0.0052015655589713 0.0296752536527267 0.09163710211903 -0.106487926125925
0.0387624721342889 0.0395542239034411 -0.271311714960814 -0.584926680428002
0.032101046708372 0.00871790148881727 -0.844780222758986 -0.0836865655706709
-0.0147572395620048 -0.0191687516645871 -0.443009410783166 0.689268752238876
-0.0545402585086284 0.0033892411173737 0.29242092767531 0.546041600144974
-0.0235331909113864 0.00820720481781874 0.383668308871421 0.0131500610187655
0.00484613888798267 -0.0015671030339781 0.14609804721753 -0.184189811431499
-0.000700673804092992 0.0194447273805762 -0.110280671571314 -0.137583423241197
-0.00152899723770608 0.032395575599047 0.0759985256614604 0.0834715613980973
-0.0312412862955104 0.0172149515739518 -0.192225138155192 -0.019660513379155
-0.0234651719763867 -0.0167417687059814 -0.383214684158997 -0.336828582221564
0.00115486609945658 -0.0583497128673525 0.110653671945069 -0.55752239730879
0.0788156928804339 -0.0372358061462467 0.786229706338223 -0.127518713470592
0.0518553011735324 0.0684051858975658 0.636761268552406 0.63675056309393
-0.0114086452523152 0.0909119774485306 0.046967568700272 0.55964335342516
-0.0135387766494906 0.0764369511328065 0.0904568033518636 -0.0880667561653417
0.0543402026591828 0.0690175332652253 -0.25015244206877 -0.583396703515917
0.0592676753027366 0.00230369875091489 -0.837805560451611 -0.114205299332054
0.00329410180736189 -0.0407410110231204 -0.471127231181561 0.6755663835574
-0.0396279186647703 -0.00754527161174484 0.269588519036098 0.565138628149257
-0.017489112817188 0.0199634718084407 0.38543500026987 0.0291794720923526
-0.0053133199232939 0.0149593598886446 0.15668472349941 -0.182305674249317
-0.00406175190723641 0.0279003237837428 -0.106150963074395 -0.139968612460679
-0.0016496558524532 0.0356726792289609 0.081988255119355 0.0843606416969378
-0.0289916864811623 0.030443549485588 -0.178424240984896 -0.00117783582409993
-0.0126629654748359 -0.00657502360381941 -0.39570899912337 -0.300860539409557
0.0112646581761481 -0.0696934074366318 0.0541676465385477 -0.559809241825221
0.0874096165509638 -0.0584456864563384 0.753700999425495 -0.209233936321882
0.0733832445973111 0.0716146122371681 0.690592955899417 0.571185510236536
-0.00379325425484052 0.124232665852138 0.0844663079965152 0.57739075341241
-0.0221588740797809 0.112858431156109 0.0865875631441299 -0.0507352648659931
0.0596760974162784 0.094647528423651 -0.205714337092253 -0.581919770252198
0.0794687873208518 0.00230091793652432 -0.819409376521268 -0.195593190193046
0.0243227801035813 -0.0589623218642622 -0.540881314815298 0.632037946336425
-0.0226432865902639 -0.0208069687035714 0.223202913216917 0.605616854762268
-0.0124595740194783 0.0294914370486464 0.393497654070283 0.0711000715207537
-0.0141200923399542 0.029536576761229 0.175961669163185 -0.165544892654545
-0.00650213856598321 0.0319707722139208 -0.102415701198461 -0.14169440219644
-0.000985657104908424 0.0359228637809846 0.0880637425679213 0.0856569959193652
-0.0267962231462015 0.0414697151285812 -0.159715319141552 0.0277415530047715
-0.00229682774654934 0.00578946688984477 -0.407064128941803 -0.2454255934392
0.0147948549601608 -0.0731776037609737 -0.0245872332292015 -0.55558851467065
0.0840673553349347 -0.080937749775503 0.696611516645697 -0.319158009246092
0.089884204655321 0.0598056629652399 0.753193479329368 0.46389635931483
0.00936872999549877 0.137773054123093 0.13652570526988 0.59312159213757
-0.0294144827861388 0.133198656075224 0.0819004995943382 0.00142130142441248
0.0535580701616175 0.116101508480806 -0.144875045037472 -0.580174609808714
0.0874483776056674 0.0102718318908966 -0.784677935132588 -0.314746126811392
0.0412419497318745 -0.0700310720948837 -0.633731584995595 0.550084949831946
-0.00697644864015064 -0.0338026872497859 0.150150742904074 0.651395715503993
-0.0066489303964517 0.0359457047942469 0.400734455779623 0.134740172135479
-0.0196495964744734 0.0404492503199533 0.198388997218347 -0.136269319730903
-0.00918057330422446 0.0308775943863548 -0.100204850953948 -0.141753761746421
0.00221530771201355 0.0327949274581635 0.0909817963692479 0.0886974923234964
-0.0234643900643373 0.0468065952429124 -0.137924986041474 0.0612648705747645
0.00592290109848031 0.0173235766265969 -0.407750692632666 -0.181755320875332
0.015579934044392 -0.0680556707837482 -0.106634720840926 -0.542645980899487
0.0697506888226754 -0.0970831145549703 0.612174749717448 -0.435849396231504
0.0932866691867298 0.0371198523522105 0.804538058076031 0.332485006990948
0.0213354753970408 0.129513823989526 0.204434904389093 0.599419090193005
-0.0335261817234892 0.135098589823256 0.0781388455860148 0.0597048729657369
0.0369269917367601 0.125261810521976 -0.0769305452640743 -0.566974332358137
0.0813531600902693 0.0221842995582014 -0.730186655358076 -0.448828219436754
0.0501051579397608 -0.0718912239738985 -0.730337465344771 0.433201995926052
0.00503920530205367 -0.0435609302813508 0.0570205637191364 0.685429682901159
-0.00167962453843374 0.0379101665943578 0.402299269631336 0.207871090667983
-0.0200719237393087 0.0451345179642392 0.222416072422243 -0.0967475859337547
-0.00946043676200285 0.0263139746763987 -0.0959033091349062 -0.137466021455349
0.0134407913541573 0.00345800656994917 0.0738205842059287 0.0933467976442643
-0.00765018286414019 -0.025431898054379 -0.181643990742313 0.0373986105837786
-0.0479572077676255 -0.0284735293519438 -0.397953966317426 -0.259455756933987
-0.0590764570820915 0.00120454397064151 0.00358027619295752 -0.601438448230342
-0.0155879786727551 0.00628852823694635 0.698012646510014 -0.331401432999489
-0.0387425183405955 0.0102758127902488 0.714240302643362 0.466856242363088
-0.0242376242846426 -0.0716189629840919 0.113787971505492 0.573120536597273
0.0108675877095627 -0.0984084649753443 0.0826175931501502 -0.0384847169959078
-0.00662655204113226 -0.0494067006898993 -0.186555925521082 -0.606633825939616
-0.0489704131886854 0.0113304065857772 -0.829351267815392 -0.290390335139928
-0.0546880509605974 0.0303031063938194 -0.592334773434282 0.554516042741207
-0.0766253164256614 0.0302881645024632 0.216592314749752 0.606810082336978
-0.0392054361710085 -0.00725908378555225 0.425048774493067 0.113585601965038
0.0196114410901566 -0.0379406703557551 0.172763722773412 -0.117957221425355
0.00872632773075566 -0.0113706485817781 -0.122026531238278 -0.126429889228243
0.00884931412031733 0.0112021157373811 0.0720541018197523 0.0896094607575553
-0.0174388776376396 -0.0192432993422383 -0.193426324113653 0.00420295383544891
-0.0484473485648322 -0.0284266966126881 -0.391250097290994 -0.311098709538498
-0.0483283621855965 -0.00955938666017069 0.0708936075223916 -0.591335101464848
0.00720678383829269 -0.00119825993616056 0.750482247623235 -0.21878527251846
-0.0175516109053219 0.0169559031863309 0.665260421519578 0.567899194434213
-0.0130568284359444 -0.0448019869722138 0.0705706506292016 0.562874209066975
0.00781649240427054 -0.0644528549114493 0.0871904525333716 -0.0784824730764628
0.00410252002021572 -0.0202523307925305 -0.237243463613876 -0.602769527114488
-0.0257903373241752 0.0178076171213618 -0.849417300728627 -0.180299469977758
-0.0446442964575222 0.0210883233777673 -0.510647923048964 0.629264999866973
-0.0731095323307502 0.0228053059504555 0.269559171079705 0.575439620088343
-0.0345259049586246 -0.00700307726697544 0.408819300028289 0.0602941257172157
0.0183638624056696 -0.0304285760498977 0.154088736776856 -0.150251989723224
0.00576118536128485 -0.00236306972142532 -0.120007969396417 -0.130704724803234
0.00557507367464524 0.0193538925725612 0.0726655509391995 0.0872598457794351
-0.0247197893751861 -0.00902566284670417 -0.200742369478191 -0.0172774225889477
-0.0434904979118951 -0.0272211913753989 -0.385623501531876 -0.342465601950453
-0.0319565373115147 -0.0243987686239397 0.118670592164413 -0.576626123071941
0.0337469517217307 -0.00963332919439272 0.783669302750001 -0.135376545207477
0.00505948068068008 0.0316519391644154 0.625302287955608 0.635456819554058
-0.0107172448894424 -0.00435499641858646 0.0444116781185193 0.553343696536662
0.00229721583885287 -0.0199634198898835 0.0899435413178227 -0.103826225825154
0.0209814443716357 0.00939842602871592 -0.269606056535983 -0.593157918918362
0.00311116512385694 0.0152937596104599 -0.854982220244928 -0.103653171425271
-0.0318855303605914 0.0037849051827678 -0.452460199662319 0.678524061207214
-0.0663185211259482 0.0137749629822967 0.299106888527978 0.549863720759282
-0.0295890945191273 -0.00135948707804447 0.396187139776386 0.0222005898900343
0.0129899020702239 -0.0179139918247318 0.143928061738789 -0.174082829568147
0.00290696333604172 0.00883600751011982 -0.116977700736214 -0.134641878452607
0.000835645194458062 0.0261679340978198 0.0734045238293186 0.0848054060326243
-0.0299207774703338 0.00308169555751747 -0.201025460483821 -0.0248437466066868
-0.0344118355716665 -0.0231505188240489 -0.383720651122335 -0.348632798633734
-0.0130669468427847 -0.0428054373074003 0.129517102666095 -0.564853702132251
0.0593998637858662 -0.0213026808125634 0.797250286704217 -0.105789940639664
0.0285431254008877 0.0524080854466869 0.618607580885129 0.659171793202327
-0.0114718326324481 0.0443113748977417 0.038433964081563 0.553512200413015
-0.00564711273327248 0.0292616185914335 0.0916753952465238 -0.108215294560184
0.0399286475273248 0.0399504248951104 -0.277554734582942 -0.586012661474958
0.0317687270156349 0.009006683539527 -0.850403908850791 -0.0780196541111908
-0.0154221504974606 -0.01769482403826 -0.43865869616239 0.694644950271792
-0.0550584491792442 0.00373801351867068 0.301448348067822 0.544491075316127
-0.0236973528935253 0.0081167177764227 0.388336928004737 0.0100766841006125
0.004392662077565 -0.000656407269320923 0.145238189427482 -0.186236392122847
0.000558839649843492 0.0199630117908496 -0.112508489833666 -0.137864849322911
-0.00140787629104604 0.0323036980594079 0.0760516697704272 0.0828765360146376
-0.0306205393256032 0.0173746892085811 -0.193584581246114 -0.0183862199618849
-0.0239059837829674 -0.016012487499765 -0.388930474488658 -0.334127182697781
0.00154583870818398 -0.0584298059192311 0.108105982327968 -0.559809493097681
0.0786405965638945 -0.0378771394666653 0.789314534944677 -0.133270385872525
0.0521121434405387 0.0688831791194597 0.645187240981836 0.634617824337675
-0.00999782379227332 0.0915663817666643 0.0531554988820505 0.563661704554838
-0.0133493812925773 0.0770991069767242 0.0901427217719857 -0.08900996067717
0.0553808377025442 0.0686659261772682 -0.256341208679154 -0.584560419171372
0.0595308344694145 0.00197944628544905 -0.843737942176203 -0.108205213406385
0.00269242745583994 -0.0403855521513872 -0.46690459374438 0.687486465635027
-0.0391273265842741 -0.00750739244502974 0.276857543846253 0.566232585634599
-0.0180773875940538 0.0195496994056825 0.390098330074352 0.0252260406683917
-0.00442326780601913 0.0158898491443852 0.155373840175068 -0.184536291814182
-0.00318631556298559 0.0280228565557893 -0.108981064604973 -0.140453098185324
-0.00133539492628028 0.035375558801282 0.0812558555047563 0.0833217024156702
-0.0294041344901574 0.0309143489627293 -0.17942606950181 0.000603247138009383
-0.0128306027752031 -0.00568054717184741 -0.402273624193847 -0.299133655068237
0.0103183793429415 -0.0695369890156202 0.0498000414153777 -0.561712684116352
0.0867607533702471 -0.0596081770995405 0.757790804091721 -0.217075435501666
0.0749941661325503 0.0720019393726287 0.700270716061978 0.569849070266985
-0.00218383756836923 0.1252982092722 0.0895328430586151 0.579635394697879
-0.0211821850655085 0.113382654900536 0.0861210565728625 -0.0509387465891807
0.0616028980306877 0.095131118369186 -0.211349736032956 -0.58360637799587
0.08020719320341 0.00208624027596289 -0.827586669398558 -0.189833497302013
0.0237568898040749 -0.0592903542612562 -0.540359176813665 0.642341120823806
-0.0232534173183562 -0.0203191319182048 0.230415184677845 0.608348292641403
-0.0125582282766552 0.0295987629251917 0.396538489663116 0.0678911747699849
-0.0138757926101508 0.0311367031575256 0.175291893610449 -0.168214461110569
-0.00591003879220049 0.0317707532392257 -0.104813218888146 -0.142704979883241
-1.22473374049436E-05 0.0364461516576996 0.0878970282258301 0.0858698189396005
-0.0270361931305096 0.0424581710201726 -0.16008735993197 0.0297090325202085
-0.00268747987428902 0.00511668540136796 -0.412008144052443 -0.242778404945427
0.0151116098884911 -0.073667542200935 -0.0297738913249197 -0.558175098596761
0.0834586224334611 -0.0815279724562342 0.697194811081413 -0.328818097029689
0.0910646916126039 0.0601637031000192 0.762163258493026 0.46086648881444
0.0107363704120961 0.13791768647732 0.14272970768029 0.594849251878958
-0.0282481954659427 0.134188053263138 0.0826605371936732 0.00100701164430885
0.0541822764364916 0.115745971854754 -0.149865854799385 -0.582026172000763
0.0886938593121466 0.00943868456649517 -0.79204701137996 -0.308290687228227
0.0410376505910734 -0.0710628869936198 -0.634593392392354 0.559628017091822
-0.00756274217846996 -0.033944879167028 0.156856340196203 0.654170486970652
-0.0074098821386902 0.0363303332213739 0.405320194962894 0.130709659184842
-0.0192500953709345 0.0414693151307956 0.198527153631955 -0.139470163517579
-0.00814946366454032 0.0311977424684694 -0.101303869024335 -0.140946276722805
0.00314788655072152 0.0330688535398668 0.0919998247395179 0.0882908951096856
-0.0225729944611928 0.0478859785664567 -0.138780010998908 0.0625512844326851
0.00556514026008487 0.0169063745578203 -0.412697061841156 -0.178230194528493
0.0157216249042805 -0.0682062898166127 -0.11344478365504 -0.543522174475893
0.0692569421645023 -0.0979488384197283 0.611787790334952 -0.443814426937818
0.0945134890457371 0.0373968365987577 0.812656348752458 0.325971695920811
0.0227073832522857 0.12941725226678 0.211176058087296 0.600568385513467
-0.0328269833059995 0.136108865719344 0.0784214904637545 0.0585572120283939
0.0383533750148218 0.125825582677305 -0.0831875561694426 -0.570952532045169
0.0827771213646593 0.0213649698414295 -0.738502708947786 -0.443294346945468
0.0510076465012898 -0.0717556397552697 -0.73006151239154 0.442306388223363
0.00371703878508049 -0.0440986216609308 0.0658112513473824 0.689479345919733
-0.00188165012997805 0.0383082726508504 0.408672484140568 0.20508621249802
-0.0203256648760775 0.0470032558146373 0.223178240330855 -0.101351170110233
-0.00900514605560167 0.0267985136787973 -0.0975958599275533 -0.1387896539231
0.0135406664218056 0.00365619636789347 0.0749934781734407 0.0927297157357743
-0.00805252496862102 -0.0255697633591053 -0.182815550541095 0.0388380449002508
-0.0486641581256696 -0.028360695535243 -0.402439577605637 -0.257801951666023
-0.0585726866821586 0.00201362454289829 -0.00268734190039563 -0.602082209826628
-0.0154756292221694 0.00634497599394868 0.696442886439114 -0.340392206289011
-0.0385425502018905 0.0108504397414163 0.721259967748827 0.461721146549564
-0.0237675282306813 -0.0718878889191653 0.119203401699625 0.575326643819471
0.00981475006322746 -0.0989287820306319 0.0819315125295911 -0.0393914699263334
-0.00676265741579499 -0.0500815260645699 -0.192160208688393 -0.607198403716792
-0.048284143584886 0.012388603633528 -0.838790464230398 -0.284822608190504
-0.0544138919296742 0.031253160401504 -0.589859250849941 0.563898089110574
-0.076780248083168 0.0307851524930419 0.224597513580293 0.60772083816164
-0.0392208671642457 -0.00670851039513953 0.429758875215011 0.108730291301714
0.0197049938528169 -0.0390643714925288 0.171903564529013 -0.120615909157791
0.00867079718309873 -0.0119875828050032 -0.123920702800262 -0.125692664483958
0.0101283080701982 0.010639678913102 0.0733190866100151 0.0895953258529262
-0.0172947733086678 -0.0192548662732284 -0.194641882266574 0.00738006583725666
-0.0494300911820002 -0.027866169315851 -0.397551661467003 -0.306943119787486
-0.0481374671254942 -0.00871186366177229 0.0633573250078101 -0.594990419182509
0.00729544194121911 -0.000512530519248306 0.751374155746007 -0.228529775993508
-0.0172252172471061 0.0174985522390138 0.672385865092152 0.563393851181697
-0.0133219314792504 -0.0452934422535023 0.0774398115835065 0.565251765324434
0.00698988443596544 -0.0650153478352283 0.0873140565152856 -0.0807405636333434
0.00426847903759735 -0.0207920892089444 -0.243875942350141 -0.602388802175607
-0.0256598136070523 0.0187299514034141 -0.855444568235933 -0.17063386417322
-0.044538616726751 0.0219131102594227 -0.505521616883269 0.63940507165375
-0.0738657618983371 0.0238655575157428 0.280032353237253 0.574055531689602
-0.0353768363809987 -0.00688566422997774 0.412921200552615 0.05476891230957
0.0178326508965678 -0.0314270654985129 0.15211293932687 -0.153202982938115
0.00644232188108826 -0.00129171219358582 -0.121873662528562 -0.130682115424696
0.00659137948069059 0.0187019683690392 0.0729054095161298 0.0876964970995262
-0.0247548249813534 -0.00951723170539364 -0.20235538773442 -0.0150280504137911
-0.0444495577671528 -0.0270054551086645 -0.390900749545832 -0.338426164286644
-0.0314787298209912 -0.0244421978754016 0.110891856023523 -0.58013696127751
0.0337789628534705 -0.00973523279861528 0.785367796345104 -0.144138699684328
0.00542102697998027 0.0318990108853426 0.636227252969756 0.63056892197725
-0.00992651862702182 -0.00550652931651868 0.0518778688368616 0.555887393337499
0.0022162442948087 -0.0207646226918447 0.0894874343286703 -0.105351275070349
0.021509858092013 0.00861998618210235 -0.277048726483271 -0.593687587548301
0.00327999842715125 0.0163471051861941 -0.85997135371629 -0.0962521664898959
-0.0320341865565318 0.00483657247009836 -0.447211512501067 0.685945382740882
-0.066503690083715 0.0149214213085703 0.308648375677651 0.549238004647528
-0.0292884101843309 -0.00137709935513559 0.399089319912966 0.0169656505386224
0.012820188693539 -0.0172703572482559 0.142973958831014 -0.176575688464219
0.0036971725573112 0.0097006952406248 -0.119084944835586 -0.13489480875211
0.00210590491482463 0.026441363203863 0.0731950416585142 0.0849468915470313
-0.0296244367799884 0.00335324479346918 -0.201788088029467 -0.0229939819320104
-0.0351104688865835 -0.0230554359575764 -0.389768199905675 -0.346145840546836
-0.0132867401497323 -0.0419567615222635 0.12517669691844 -0.568296721047875
0.0590259816497577 -0.0210017906560356 0.7987144903012 -0.114825980061428
0.0290576582737599 0.0523860481064125 0.628017163412673 0.656123574140104
-0.00970810419587409 0.0443070592405574 0.0434617559952485 0.554551063619598
-0.0046909477226123 0.0290214280970404 0.090428600686731 -0.108963386670085
0.0404879184416914 0.0387621746965291 -0.28530476450427 -0.585729858439294
0.0324388745283977 0.00925311051895433 -0.856125354328384 -0.0697934276880584
-0.0161375881093469 -0.0168098851270423 -0.432946125160239 0.703347423292931
-0.0538498596257292 0.00432574159839192 0.309215239415323 0.544892104091799
-0.023072523430163 0.00903547202034724 0.391275693576803 0.00573211945306401
0.00361551684282628 -0.000548030788802129 0.143807055590018 -0.189589837630779
0.000555943782515984 0.0207588936049948 -0.114300966554704 -0.137425702944716
-0.000705882783477984 0.0319169784513453 0.0766584517245182 0.0834101379460443
-0.0315862696098821 0.017810774871748 -0.195719599950235 -0.0154572923203356
-0.0234725809436991 -0.0161619311384024 -0.396444692231626 -0.330945880039312
0.000952429565951738 -0.0587235748758142 0.102166286570091 -0.56386892443399
0.0784913443973141 -0.0383171768018366 0.791634437522513 -0.144443767776153
0.053310509367075 0.0687323687575118 0.657242697057813 0.630563065758056
-0.00879462235719459 0.0919118469866565 0.060665295732274 0.565366730731598
-0.012516386640042 0.0768838806668837 0.0887357202397727 -0.0909258337934488
0.056336968938969 0.067909864192393 -0.263296392897842 -0.584525456589968
0.0604389440585604 0.0019311300786783 -0.848935788918052 -0.100540504297555
0.00341418490088638 -0.0406908957616754 -0.465008248718816 0.693116979429729
-0.0405403689051575 -0.00771810127132512 0.286617937052741 0.567100291891228
-0.0182916363262212 0.0206772636792757 0.393038681820297 0.0205631468101645
-0.00552763179936057 0.0160192981070849 0.154478397876809 -0.188254923738048
-0.00278276110630849 0.0284138208929725 -0.111064305113111 -0.140637442352139
-0.000343264650175205 0.037126827857172 0.0816975079946879 0.0840804440456687
-0.0300936338110161 0.0313408809614198 -0.181230659908071 0.00335776923042699
-0.0129223008356546 -0.00598995808115897 -0.406541789377095 -0.29333782525506
0.0101735870555185 -0.0707354251419445 0.0441338287971314 -0.564245968838109
0.0862413186692246 -0.0602926691274274 0.759469367352857 -0.225230839202962
0.0767335635720779 0.0710721084391893 0.709845645210029 0.562669140414508
-0.000250979918088132 0.125099330753171 0.0951684152541617 0.581125108867242
-0.0203485945881879 0.114321378811528 0.0857954241044744 -0.052366832182842
0.0619013326684114 0.0943965936648371 -0.217052855711337 -0.584239224494587
0.0809842466310766 0.00235009854147386 -0.831917695212116 -0.18167250315922
0.0232934835892191 -0.0597166834368597 -0.534613073698575 0.651205900212077
-0.0238566667140243 -0.0201272709540225 0.237779779649672 0.607433923744933
-0.0124942335240222 0.0300640406330039 0.401831900729722 0.0626124327932281
-0.0136891692829208 0.0321847141753315 0.173913141032813 -0.172650613311914
-0.00565128353780472 0.0324542580457734 -0.106759995935478 -0.141325634318699
0.000114250637215221 0.0363550774392117 0.0888239415148357 0.0850928201019951
-0.0265271209641465 0.0433573721304136 -0.160925376923372 0.0319813762427922
-0.00283323427271211 0.00593909937847099 -0.41616055958424 -0.237414891310877
0.0141957960768156 -0.0738185508015677 -0.0351867560614852 -0.559841258182731
0.0827754717752644 -0.0828778244847107 0.699235411480931 -0.3390763540776
0.0919645800193092 0.0591136799745675 0.770866041783634 0.45429864930779
0.0128056920739707 0.137664662976419 0.151692062260246 0.595617115228764
-0.0273540269983039 0.13517847884853 0.0829221359883036 0.000863007167894423
0.0562357083313865 0.11546915678788 -0.155141478286981 -0.583779151137563
0.0893727549297886 0.00929840277724464 -0.799730995546399 -0.303632118093767
0.0406576580893364 -0.0715283483337558 -0.63056310242512 0.568979662478397
-0.00828177459393547 -0.0336160003721101 0.166447364694321 0.655386993195251
-0.00697094419422309 0.0360043830065415 0.411426651633732 0.127881885550782
-0.019337945132075 0.0424540115129152 0.197510875187736 -0.142793647899759
-0.00751689220321254 0.0315045972650042 -0.104150569649978 -0.140993119154925
0.00343741580513051 0.0325382067290278 0.0930818496150218 0.087071171688301
-0.0227284174919463 0.0484492009199129 -0.13794899554779 0.0638626640599025
0.00618916204203222 0.0172742134501669 -0.416268008732017 -0.175092942911311
0.01472753676486 -0.0691311488335644 -0.11835117881069 -0.545738006080478
0.0685588640884916 -0.0984663322282858 0.610721332315988 -0.454330925891192
0.0963469639708695 0.0370848657665407 0.820050360101712 0.319440774648708
0.0244399980831481 0.13008253055335 0.219228089920635 0.600718553609919
-0.0326734381485091 0.136553919223783 0.0795924184135834 0.0586710764785869
0.0407378949729883 0.124940369708136 -0.0891222732025891 -0.571821434442463
0.0841638502365883 0.0214029359030927 -0.745843484033224 -0.439663350324112
0.0501225389217618 -0.0720792756790766 -0.729424596731723 0.453823458451217
0.00282845078221228 -0.0444253389650655 0.0739179116931109 0.692605083490309
-0.00162147858245788 0.0387790813321071 0.414487096537141 0.201680143739405
-0.020281272024198 0.0471439866890111 0.223035258511791 -0.10278295850811
-0.00863825003835166 0.0266793349493253 -0.0999643846711594 -0.1376139520153
0.0139390012184197 0.00317101297861107 0.0769378335333495 0.0927328161079619
-0.00816296353265847 -0.0252943881457998 -0.183424315086133 0.0417864091121151
-0.0488294856383362 -0.0275303650446176 -0.406512199954183 -0.251290629053721
-0.0587318173953807 0.00325214408017213 -0.00982478195199797 -0.6038173139581
-0.016284282799528 0.00662650072643802 0.696095220654939 -0.349845497310481
-0.0387380276612957 0.0116025659759516 0.729268967569674 0.453079296912986
-0.024226727418429 -0.0715996221523165 0.127699213676986 0.575331554056696
0.00869273506905266 -0.0997084753279439 0.082090822511926 -0.0399877014082726
-0.00717196890248117 -0.0510210322721026 -0.200912960393402 -0.60757355887919
-0.0482674356185275 0.0141363377193119 -0.845103537813874 -0.275713562038556
-0.054052359517848 0.0326500203362036 -0.584388104340162 0.573792021397138
-0.0768750848163955 0.0323339687986615 0.235382176353101 0.606857997629613
-0.039193700716385 -0.00648724166082214 0.433515380603612 0.103975700189266
0.0190651252343913 -0.0385348812308101 0.171014235123945 -0.123371750024868
0.00923599638202307 -0.0115319117426803 -0.125234779096444 -0.125183920212323
0.0100163754864177 0.0109362147511188 0.0741438273033381 0.0895318621431434
-0.017960264112241 -0.0189130695796685 -0.196474181438572 0.00913258166576842
-0.0506741496859781 -0.0277867049177077 -0.403390488184808 -0.301836579957605
-0.0487853940246306 -0.00814681998538412 0.0568456584920059 -0.596734324215001
0.00734424960367637 -0.0011063836045883 0.752428446775163 -0.237205607218019
-0.0171420180575571 0.0175478541330953 0.68321022993327 0.556400341633193
-0.0143548104020626 -0.0452563259038362 0.0848338760361878 0.565079041623717
0.00624052246126814 -0.065726129369755 0.0858709098247296 -0.0818097760865733
0.00371439459482075 -0.0218210038794434 -0.252783747113653 -0.600614860330264
-0.0249804716566667 0.0193965960818765 -0.860493073077598 -0.163341734391744
-0.0441567606812416 0.0226400941866438 -0.500230554568186 0.646918487081482
-0.073973030971276 0.0242152834713929 0.289165189663746 0.573415986998418
-0.0351774650577569 -0.00687834001693107 0.415339293125846 0.0494047277010054
0.0172607971624088 -0.0313454326308462 0.151546472215784 -0.155587992717413
0.00747671986098158 -0.00132621190213085 -0.12459539309622 -0.129898732536735
0.00592356363473293 0.0191526813487631 0.0745454628240088 0.0864284891316232
-0.0244345555919177 -0.00932806957025116 -0.20458018954753 -0.0127874971279778
-0.0452689912467108 -0.0259384240628807 -0.397152781323556 -0.334174023549106
-0.031812539096321 -0.0235184452626876 0.105054840371337 -0.583142341693348
0.0341162926415278 -0.010054945424062 0.788494159778692 -0.154853047305287
0.00570270787269198 0.0324152499676929 0.646006206810979 0.625965531636614
-0.00943882771715521 -0.00388948469277304 0.0580698988154718 0.556104849205543
0.00147931123948284 -0.0206378453715263 0.0883894715313051 -0.107659824859273
0.0207986872050115 0.00826822250206187 -0.285232985661472 -0.591238405519633
0.00342503476382095 0.0168972575943177 -0.863345856998634 -0.0852822417616521
-0.0314401894128875 0.00568712236288148 -0.441739110053322 0.694048814521338
-0.06651424215542 0.0153014015729428 0.316384161766789 0.548241529178214
-0.0298940710704333 -0.000943681062861617 0.401004314572566 0.0120916118924112
0.0117336831032596 -0.0179655562941417 0.140441618376953 -0.179345069141223
0.00405416789057323 0.00962511093262458 -0.121090884878008 -0.133067742713504
0.00195768576793034 0.0267840034011542 0.0739772198635459 0.0844639165723923
-0.0301392547765094 0.00479917797012771 -0.204276838438156 -0.019588635851643
-0.0347613963274188 -0.0227917823611955 -0.396010326166034 -0.343009293291539
-0.0144262448041696 -0.0413798122536532 0.11945719521889 -0.570765554438909
0.0599088902157753 -0.0218416966263387 0.80297574701851 -0.125836863218638
0.0299691669030723 0.0528689360873003 0.639495953182149 0.649718440164289
-0.00917107183375797 0.044368259022784 0.0516564263765371 0.556376718836615
-0.00436486602590692 0.0286220819531997 0.0881734297733491 -0.110698577715329
0.0411971553127954 0.0377052792306929 -0.291510798009417 -0.583585842799503
0.0337208198190079 0.00894071027906392 -0.859029828240974 -0.0587266758998275
-0.016159268971612 -0.0175475713968918 -0.426723373748848 0.713342736486178
-0.0539611303907566 0.00485605464650153 0.318129860687112 0.541403246163723
-0.023686203016192 0.0091172333121024 0.393094252307182 3.21389062334943E-05
0.00335404704403899 -0.000382850861620808 0.141680616752857 -0.191834307535602
0.000801712827999905 0.0204894679589592 -0.116771825045078 -0.136896323753584
0.000242124217525717 0.0321597762583207 0.0780513326784722 0.0831853550820712
-0.030992519218446 0.0182279084201688 -0.195636373144982 -0.013262774601303
-0.0244585921070025 -0.0159626864525938 -0.401661921526596 -0.324584830200425
0.000423344695379701 -0.0590324834279193 0.0968576254634799 -0.567413967238819
0.0777708261998072 -0.0394600993067464 0.792928260170451 -0.154717319759039
0.0554527561906854 0.0684924106953086 0.665880688446366 0.62634317179192
-0.00769665591913431 0.092389625576771 0.0655886228252755 0.565920738633657
-0.0127709946294828 0.0770709046746838 0.0870365290361911 -0.0922612353511303
0.0575288711474551 0.0670063539558761 -0.27109432790097 -0.583513535886193
0.0615762751327279 0.00190928919424342 -0.852951430814946 -0.0888436053773084
0.00236033427972281 -0.04095732973572 -0.45759887632761 0.702683756907593
-0.0406181235300981 -0.00766319608217032 0.295795237600476 0.564095122610638
-0.0185991456973839 0.0213256659837297 0.395765185474781 0.0151875887504643
-0.00585472724962249 0.0172046882496886 0.153081541901401 -0.190269662643086
-0.00208567183198358 0.0279549963797074 -0.113526917511053 -0.138649031289447
-0.000748919762051087 0.0361936784602489 0.0834363750709394 0.0834445590058318
-0.0302464313137988 0.0328885336048187 -0.181699650243677 0.00471868733713812
-0.0129742649787424 -0.00622554106683173 -0.413935146388452 -0.289467282473848
0.00858032825067501 -0.0708430617268649 0.0383638940732366 -0.567819713586421
0.0870742008514407 -0.060898667662205 0.760206649589208 -0.237149163007217
0.0774202062652855 0.07141100520564 0.718833165169005 0.557544336286205
0.000243863464192981 0.124995093477139 0.102053055309399 0.581663375745802
-0.0194062937501649 0.113754071123599 0.0856137614221397 -0.0530049344223365
0.0634484324960912 0.0940618710411544 -0.226095418941244 -0.58389630003313
0.081602058499256 0.000919113596509105 -0.837111996815298 -0.172895076164399
0.0222650523975843 -0.0597310003973785 -0.530555277447796 0.659336445632558
-0.0236742242552947 -0.0206535393716606 0.248366478161332 0.607474182067541
-0.0131274596385843 0.031006615997423 0.405638374654245 0.0579938290087119
-0.014507261200245 0.0325446476064089 0.172057942628633 -0.17521583463546
-0.00563826241390842 0.0332334553210024 -0.109105357991726 -0.139810711297149
0.00110191270889148 0.0359252458420555 0.089118351052381 0.0851473852352981
-0.0267174195855186 0.0430927025811445 -0.161368670427961 0.0338440020600354
-0.00273598068744019 0.00571769222956323 -0.421611275452554 -0.232911620979588
0.0135050890225444 -0.0753119379681056 -0.0409983571082841 -0.560493423573597
0.0820006472500183 -0.0828317433556491 0.696192210868197 -0.347360974600312
0.0930445753946537 0.0576712838904267 0.778971665667322 0.445203170079408
0.0139264198937133 0.138209156009816 0.160297353642594 0.596405656246369
-0.026780822823698 0.135546589668821 0.0828703002514998 -0.000118150988383683
0.0577007364738025 0.115009902045444 -0.162962150288732 -0.582662077657194
0.0911886426271064 0.00927854369820933 -0.806406116956925 -0.294112950676744
0.0401914498494514 -0.0710356300440611 -0.625136617277276 0.580008628457898
-0.00838357363538693 -0.0345442767345304 0.176674944994989 0.656511858300526
-0.00684276376459155 0.0371630492386192 0.415022184253587 0.121178399411679
-0.0191545423612873 0.0426089029156061 0.196914266205188 -0.145673371404011
-0.00673374272533631 0.0323587202793582 -0.105812168052278 -0.140598023569563
0.00399158634681498 0.0330159417558506 0.0946478965968316 0.0874083228693062
-0.0226113457343746 0.049095180463721 -0.138034171732469 0.0656952034583111
0.00639258769418064 0.0172350604136574 -0.421132327241638 -0.167937057942331
0.0142360284554021 -0.0699244828334854 -0.124243825838025 -0.543787597100209
0.0677376814211806 -0.0999549236801197 0.608948257010297 -0.463360880393498
0.0979102792597564 0.0359749415965662 0.825783203523058 0.309135387106335
0.0267776882466621 0.129809697446695 0.226327889215477 0.598379315760377
-0.0306139729281694 0.137193489016337 0.080147595804683 0.0573158289915463
0.0417748928178136 0.125289287443493 -0.0966509503786903 -0.572734694400553
0.0853377217728904 0.021342112255305 -0.756855519274305 -0.431856300015531
0.0493467930915809 -0.0731914720044371 -0.728096009001494 0.46590563328002
0.0017160509991477 -0.0449753020369098 0.0841851379676108 0.6952602445378
-0.00143838033453533 0.0397660088020137 0.418750700490566 0.195910581597888
-0.0195228954225233 0.0479608906306146 0.222151055625287 -0.106378378932229
-0.00756010591650253 0.0272372907370513 -0.102088836568726 -0.136738355601608
0.0139636949551992 0.00302858059059409 0.0768600292840827 0.091829081062961
-0.00908741739123392 -0.024972194840496 -0.184467479947339 0.0436686443285668
-0.0492437509435241 -0.027100421994305 -0.4127203936843 -0.245813640447694
-0.0579831183745522 0.00416759088869413 -0.0193666472355583 -0.60417288082774
-0.0157674344832401 0.0073660235746142 0.691809120288495 -0.357866083771144
-0.0384441961634863 0.0117378551307835 0.737234620093209 0.444871507339383
-0.025712601248788 -0.0724895006562398 0.134124585895844 0.574095659231526
0.00730057673753223 -0.100006409725993 0.0816971927138141 -0.0413531118360438
-0.00789795114813106 -0.0510954433013383 -0.207742407404379 -0.605531813599331
-0.0480443618273801 0.0154616185454932 -0.84954871519822 -0.264614468680431
-0.0537100688364845 0.0341229245064118 -0.580499891762692 0.583051161670711
-0.0762682785837338 0.0325625916916912 0.245043350874083 0.6055478658722
-0.0392849201868637 -0.00634767503310593 0.436009515598081 0.0986016081176266
0.018529665995587 -0.0388440164264779 0.16986061936617 -0.126663965717555
0.00887946727793007 -0.0105671755316417 -0.127832766196831 -0.124463501319139
0.00983934243223141 0.0112503487394386 0.0747864851927669 0.0885475741838055
-0.018226613067167 -0.0186026380357147 -0.196707474322273 0.0124938061163909
-0.050666959021972 -0.0275089797703763 -0.407891225128194 -0.296554179455024
-0.0488726247149396 -0.0070613288896859 0.0489012977606603 -0.598795308299382
0.0075402814496055 0.000644933492275642 0.750769503883552 -0.248039014206136
-0.0165842709047278 0.0175139631460972 0.692228373182887 0.5491278895785
-0.0143487848165021 -0.0450128682629329 0.0920709575944863 0.566065782502225
0.00474181240173854 -0.0655144422226017 0.0846541213644196 -0.082057820054148
0.00286850470887662 -0.022490807294078 -0.259924556003518 -0.599331996415937
-0.0245137992458911 0.0204375723347312 -0.865405060475878 -0.152391302320387
-0.0435111548785496 0.0247918873863567 -0.493381782024671 0.656846343853145
-0.0735447891197245 0.0253267304273584 0.297502720710137 0.569052198869185
-0.0352965077975164 -0.00650804329767944 0.417689217733734 0.0438102941314126
0.0161663121452618 -0.031270221266344 0.149852384607472 -0.157289524075805
0.00658922452547152 -0.000812235624875225 -0.125792417645251 -0.128460083388341
0.00658915876647008 0.0179554381820608 0.0738467753015796 0.0861927679066281
-0.0256925791565483 -0.00851503349499234 -0.205456330069868 -0.0106826355617604
-0.0458391551669779 -0.0254405220921339 -0.403145753059961 -0.328945403747263
-0.0317727386031917 -0.0237070614896768 0.0969115042318491 -0.584953719881388
0.0339358023290885 -0.00907178896503981 0.786758946157737 -0.164815524967282
0.00538252413831556 0.0325400748571903 0.656482843909923 0.618798042581306
-0.0102243837433214 -0.00591029738470815 0.0640609992454753 0.558076721897042
0.0016929621636669 -0.0213043766512842 0.0868628263163472 -0.107480174419264
0.0207826340753936 0.00748808342583863 -0.293220557231324 -0.587816436021779
0.00442013676018711 0.0178595147063606 -0.86738335471902 -0.0748309559988561
-0.0311083839791457 0.00658156166019907 -0.433751138951479 0.699901792393827
-0.0657716736827147 0.015582746141383 0.32539340565357 0.54341638747712
-0.0306059717047478 -0.00152789219715613 0.403466365874516 0.00746191073708969
0.0117548342146625 -0.0171150395951676 0.139070568590764 -0.18242041564229
0.00393560033514335 0.0106093862897989 -0.122351226740351 -0.132544336604719
0.00311730019050087 0.0256983602717691 0.0751698570870896 0.0837152110991202
-0.0296157972799312 0.00471091952679961 -0.206098965345588 -0.0167409105550496
-0.0357754606964918 -0.022266868779483 -0.4035614435232 -0.336920980729805
-0.014308164271934 -0.0421056244115846 0.112249755115468 -0.573378327254445
0.0581764066421789 -0.0221096988349328 0.801839132432841 -0.136328871569775
0.0302959853754854 0.0527771624617914 0.64889379602797 0.642366517069634
-0.00902058096594406 0.0449930845629544 0.0574701108670418 0.556720007319632
-0.00388412358089732 0.0292264987920183 0.0873943448353871 -0.11135336728652
0.0416258953575877 0.0373191348863162 -0.298883452119438 -0.582173084529664
0.0340078912907549 0.00910718845010687 -0.861189203400535 -0.0481766214607934
-0.016276446792109 -0.0160915983034937 -0.417896883782763 0.720814242582466
-0.0550111094904014 0.00493559552611393 0.327423846660291 0.539303687288487
-0.0236099706516125 0.00932189599737964 0.394321295596965 -0.00599024889939343
0.003819042607483 -1.59896916085232E-05 0.140118454358325 -0.194836689929999
0.0014017713751101 0.0203583106286567 -0.119486680241971 -0.13512091075692
0.000788003427669135 0.0324507223188814 0.0783073701133173 0.0826178641790644
-0.0312603959815589 0.0195076674603778 -0.197726702268602 -0.0105536758673885
-0.0245604941197459 -0.0159904232094795 -0.409476036385653 -0.321238032991583
-0.000748034901165442 -0.0596785134666957 0.0894398824475149 -0.569844281488212
0.0777333255615335 -0.0404541876866425 0.793961340645906 -0.164288230004949
0.0556099358826706 0.067913179866005 0.676164189737824 0.620327752700048
-0.00567838775510708 0.0914045153929733 0.0734476482930896 0.564753484545279
-0.0110965072706652 0.0763199090346212 0.0872124686185618 -0.0936363998739439
0.0584171800661203 0.0664199979924978 -0.277902448408419 -0.579872571449173
0.0619864497125472 0.00104399547731999 -0.85496055708787 -0.0797571253629094
0.00316650559723308 -0.0411404170368739 -0.449992383675141 0.708684065450618
-0.0406408989855231 -0.00739748057821486 0.305271815719797 0.560760862806822
-0.0190312027347145 0.0207114729695719 0.398164459354802 0.00936618616843559
-0.00534001412585869 0.0180061602106419 0.150316526167063 -0.194082404979079
-0.00140896001089464 0.0294735404617772 -0.114451260973558 -0.138922909080006
-0.000201973445430986 0.0358418811210111 0.0849250120667536 0.0814308899024247
-0.0294228353562629 0.0333628381618141 -0.181557718200405 0.00819242735809583
-0.0120919421871516 -0.00601166475414711 -0.418696603333123 -0.283898095993596
0.00876751844907636 -0.0716504347801356 0.0316514143403292 -0.568763508457034
0.0853818428582169 -0.0620359133933773 0.757044310941327 -0.247553042265301
0.0788369199259559 0.0711850531728067 0.72780804499948 0.546720735356548
0.00216742666851957 0.124848864204998 0.10981717129484 0.580117556113157
-0.0186406220801429 0.113952444591858 0.0845961782438651 -0.0552645329981128
0.0653717642749753 0.0934126726224335 -0.232304213345044 -0.581356073883926
0.0827349572495832 0.000484293650825009 -0.839448192255981 -0.163024563155368
0.0225984036001572 -0.0598324563448626 -0.522116946610061 0.668802975779485
-0.0241906292504035 -0.0209735621870233 0.256430974346503 0.604684779862709
-0.012746560816585 0.0307214039554524 0.406682042002903 0.0521868700356582
-0.013132824035027 0.0332187896547113 0.170902798003895 -0.178220644203081
-0.00409082615036174 0.0322609682461484 -0.111498988170188 -0.139517968393368
0.00219645124908421 0.0367220763738555 0.0908594140108579 0.0837679439770236
-0.0264912969816429 0.0442622396688462 -0.163097073261092 0.036325445685523
-0.00241405732024828 0.00570982905095995 -0.427428549002595 -0.227488628684094
0.0132753392380314 -0.0753793726207548 -0.0472391054929838 -0.561853090362679
0.080399185964937 -0.0851564901457355 0.694532020296082 -0.358776970841716
0.0938598767540167 0.0575762215312297 0.786773663694421 0.436861932973296
0.0164538356954475 0.137361914608223 0.166923367027993 0.593651743744213
-0.0248272599377282 0.135299292805487 0.082612332715387 -0.00107363954389973
0.0586097124151626 0.114278331222628 -0.170682855863761 -0.580972674703584
0.0912222588128482 0.00769166450889956 -0.812343872374374 -0.286255194014974
0.039491290887167 -0.0722531242407677 -0.621529405849582 0.589094780735944
-0.00937436676441642 -0.0347950684696626 0.186156147962424 0.65442895307633
-0.00702095585634404 0.0369209073734592 0.417760735265975 0.116768720775046
-0.0185175303811226 0.0432705111058939 0.19508840292004 -0.149588852654123
-0.00599982772236203 0.0318634185100565 -0.107346061997968 -0.13926408623395
0.00472595655212671 0.0326921773596766 0.0951881962400193 0.0858334687871082
-0.0222877541677097 0.0498668888363654 -0.138442447311071 0.0675240130749693
0.00583448590568395 0.0165137903831196 -0.426895833223023 -0.162511415637728
0.0133180939187615 -0.0707114778835938 -0.133032235187236 -0.543999370017268
0.0658169191527093 -0.100009392819467 0.603951466139023 -0.470839967587762
0.0975018220608751 0.0340721314674674 0.833176138023693 0.30041455455184
0.0278040388281337 0.128994448696416 0.233412702959016 0.598647927200534
-0.0289614748995432 0.137616212718814 0.0808547241873736 0.0563502348486579
0.0428326537843296 0.124313291026238 -0.103560251774666 -0.572342771718104
0.0855296918115092 0.0199898839246516 -0.763681309685997 -0.423415742006355
0.0497007615469575 -0.0739911334117481 -0.723340556211579 0.47488395105022
0.00169958965894881 -0.0459040401834868 0.0951239558321966 0.69541765132527
-0.00139282158915134 0.0396027756658049 0.422412548536123 0.189458888829951
-0.0189335509080045 0.0487360647562628 0.221476298439004 -0.110910395614253
-0.00714254822644434 0.0285864096419797 -0.103417471794176 -0.135266887685799
0.0142832696248634 0.00368628656650322 0.0783738802274785 0.0911259606949188
-0.00861814048214838 -0.0252720646696007 -0.183729580535565 0.0457350733000388
-0.0499008698003986 -0.0268571042448772 -0.41689696643101 -0.239471166314146
-0.0578905036720048 0.00440692225245534 -0.0261593606426518 -0.604348607095063
-0.0161317461263225 0.00713900458132902 0.688385925923384 -0.367692707170642
-0.0380408986607461 0.0128426594344052 0.744358905378106 0.435392657356657
-0.0254810305225119 -0.071677516235276 0.142022204326617 0.571423667510931
0.00601337372458932 -0.100513160259396 0.0807626912190837 -0.043139795826743
-0.00869577735139847 -0.0513362584523821 -0.21510660125657 -0.602405182673056
-0.0472019894115098 0.015895189358079 -0.853960682113572 -0.252232653685703
-0.0529790145043471 0.0339533237380517 -0.570278906242923 0.589453693957546
-0.0760587894066392 0.0339557280140054 0.253857679707244 0.602127101329626
-0.0398820968811885 -0.00685461282451367 0.437439083508567 0.0922312826554216
0.0176737556760738 -0.0391153412838446 0.168853659094372 -0.129714427525492
0.00949867970460669 -0.0117162577363773 -0.128616812715765 -0.122680760480841
0.0107248402924521 0.0103189132519392 0.0758186169254633 0.0879864346987042
-0.0184212190086562 -0.0186943012752617 -0.196957553759101 0.0150910166419309
-0.051497888784279 -0.0268347527694113 -0.413090900183103 -0.290098572937516
-0.048820153983735 -0.00625511853423891 0.0414861609506872 -0.598787219486313
0.00725096479745334 -8.02005088310076E-06 0.748055506515224 -0.258329006134028
-0.0167586174452575 0.0181970907937802 0.695666593372955 0.538746683274956
-0.0144397347625413 -0.045886104216745 0.0999946726200139 0.56422570038479
0.00403982757351152 -0.0665799972301423 0.0834305665286692 -0.0834774711510944
0.00303858139946011 -0.0227802041478772 -0.267125050021918 -0.595089837676522
-0.0237109403578413 0.0210579422397129 -0.867130626309531 -0.139458532910324
-0.0433401343514128 0.0248686604035 -0.48193301872624 0.663033987731688
-0.073128269471768 0.0261777433187237 0.305053919507176 0.564629549996702
-0.0354516572236854 -0.00614213461903398 0.419051924966967 0.0371476352620189
0.0160281135176116 -0.0308410785732733 0.148752470237301 -0.160835707411918
0.00642580428438486 -0.000754674435378954 -0.127581539213228 -0.126139039443651
0.00745901122355393 0.01831720506268 0.0756461073290082 0.0847571659703555
-0.0245273309160627 -0.00799107538431667 -0.205085156787081 -0.008430702656528
-0.0462672886285155 -0.0250267171743904 -0.408313512351717 -0.322511364507013
-0.0314520443220601 -0.0238926566619377 0.0907726420717472 -0.584723864295824
0.0336159212129708 -0.0105553581347291 0.786028780391154 -0.175287258559869
0.00666538713054064 0.0330411160304994 0.664650283470989 0.610879286358721
-0.0100522360385879 -0.00587833299995554 0.0728644637830332 0.55499579714215
0.000913490871884612 -0.0218806985620287 0.0857191201683925 -0.108609361807815
0.0211413808763346 0.00682306110529488 -0.302247598415949 -0.58415146928584
0.00553371329370322 0.0172077568208945 -0.867416204381914 -0.0618654269823816
-0.0310450952624583 0.00738328042285673 -0.42445756181087 0.705580387140113
-0.0660856131919524 0.0157233549952092 0.332879186896937 0.537216171049804
-0.0291632521139617 -0.00138297095270101 0.403695678475411 0.000183256316146358
0.0108420186040728 -0.017367848450965 0.135797499080023 -0.18443695578721
0.00485786524075737 0.0105462210643819 -0.124359645675853 -0.130186132705214
0.0037365827726422 0.0255953053948113 0.076431467580628 0.0819482084452208
-0.0295460129511221 0.00573150360559928 -0.204967144388397 -0.0140889356652115
-0.0365009161899553 -0.0209417111125766 -0.407763160070672 -0.330857373239395
-0.0145907682560902 -0.04202559302259 0.105252882709851 -0.575364249391624
0.0590868329463689 -0.022666440370448 0.800679381432133 -0.147368251691549
0.0316688269624507 0.0524938971483573 0.657567202133494 0.632486937814267
-0.00817621325165961 0.0438299332637529 0.0660549140753557 0.554882934335212
-0.00382896611060081 0.0290071654079108 0.085127628897525 -0.11339398940822
0.0414638098692772 0.0362781760251081 -0.307363635796714 -0.576082473004899
0.0352572367799137 0.00859212239686837 -0.862038410828064 -0.0380982806940634
-0.0160534127754382 -0.0168957906346782 -0.407064251479824 0.725528436670249
-0.0552605426566764 0.00505128090195498 0.336148915449711 0.534932666662518
-0.0239747805607124 0.00893978065145237 0.395751186469129 -0.0121347079126499
0.00336689913568554 0.000422595658589715 0.136931405452863 -0.197275442589864
0.00222787623102809 0.0210665703413275 -0.120445964927891 -0.134155513315336
0.0013301693817978 0.0325724319130331 0.0801707524629218 0.0812833977085471
-0.0308707419927075 0.0200422331429131 -0.198595409788257 -0.00704109019292722
-0.0252541542296267 -0.0149227393429712 -0.412814691516486 -0.313540934946956
-0.000318491549260788 -0.0596241696986589 0.0823203205280545 -0.570354204451283
0.0767446619205459 -0.0405405268152739 0.793327124078675 -0.176918798227348
0.0570662746466214 0.0678745981944037 0.684674929961237 0.608279731859565
-0.00445375882535167 0.0912054966506201 0.0804479600680512 0.563914302440419
-0.0103884259138972 0.0763925495836331 0.0859588905601984 -0.0942012106895946
0.0587151897047165 0.0642587938957462 -0.285269639977387 -0.576219205194261
0.0629935997747005 0.000613335517491639 -0.856743479713974 -0.0688791135534716
0.00187840356134176 -0.0401798003444969 -0.438390101541681 0.716813546240637
-0.0402836526259352 -0.00630733274314157 0.313583895577093 0.555434576127031
-0.0182933927177997 0.0204914913977531 0.39825003721406 0.00400168361504037
-0.00552538811210296 0.017979527938277 0.147021640800217 -0.194658694362984
-0.000722618073224814 0.0292293264891286 -0.116672610742184 -0.137102372910736
0.00150808958314567 0.0358439497354062 0.0849472062584905 0.0817438059013154
-0.0293885396515112 0.0336908570706836 -0.182120779149246 0.0101064472477167
-0.012934107206057 -0.00540997373250957 -0.423493368490787 -0.276237289661399
0.00867330647407657 -0.0712051224223056 0.0239186715683379 -0.56790693734849
0.0844393165940444 -0.0627084905640849 0.756068575295089 -0.258955744272435
0.0800318623317925 0.0698002653067935 0.735066151851351 0.536538519395793
0.00472143766233548 0.124260885439802 0.117904831081072 0.579497311079313
-0.0163162259856274 0.114361498779154 0.0838837775739646 -0.0556633019398555
0.0655352296970451 0.0923291836439252 -0.240215722581206 -0.57906408954561
0.0818160212906652 -0.000929554511882195 -0.84431834826194 -0.153211365591333
0.0220575289135513 -0.0592261156938557 -0.512470076485058 0.674301317058082
-0.0251137555302923 -0.0200306372328623 0.268102294619989 0.602252045697848
-0.0122125767581406 0.0308294397459025 0.40885149276012 0.0448595800742936
-0.0132029522055512 0.0329826720383382 0.167044205482545 -0.180419622610747
-0.00369624505262803 0.0331548392951259 -0.113176182168997 -0.137792480675445
0.00300271253255698 0.0355423622489764 0.0914767274395269 0.0826610679614334
-0.025191188059553 0.0443425131201515 -0.161160584951045 0.0373344529743277
-0.00280203184439088 0.0048772573180443 -0.43003343851438 -0.221078600292601
0.0111017553095815 -0.0754118355092165 -0.0555385912659226 -0.559958576507819
0.0798037296295714 -0.0860809539092247 0.68931098520081 -0.368045197696116
0.0955349425109776 0.0560776084230543 0.790723006390033 0.423694677925097
0.0181167581679768 0.136898489245214 0.1759681394732 0.591863380784467
-0.0226108061753104 0.136086689342482 0.0827804808292515 -0.00170260321956593
0.0598577342238679 0.113060877761621 -0.177745327994432 -0.579198898771511
0.0920556224747969 0.00618053083837199 -0.817508786638792 -0.27335166762251
0.0390357834835745 -0.0729700421810318 -0.613322280621362 0.59963861436675
-0.00950452238019591 -0.034653641190948 0.196705849284554 0.65215537353177
-0.00617116796904973 0.0380532499276448 0.419287385804307 0.109720829070655
-0.0171979005944211 0.0452595687552103 0.194262422400047 -0.152043621951312
-0.00517157294214272 0.0315637331509807 -0.110535004999196 -0.136417606179054
0.00576344619846425 0.0318587097510032 0.0957157991592348 0.0845942084769769
-0.0212829969002168 0.0507128346975675 -0.137957846858188 0.0696390902592348
0.00629450417090859 0.0174386708902693 -0.428939851881629 -0.156204778013474
0.013040256939773 -0.0700704194559928 -0.139616779463377 -0.541238026491079
0.0638699762796412 -0.100753732006804 0.598203007732445 -0.478783501486111
0.0988271667504924 0.0333341676997022 0.837066720931172 0.289075138340328
0.0294042613922447 0.128181532160971 0.243057317544797 0.593207083466229
-0.0272861379806811 0.137884761671878 0.0814036004174871 0.0555708007650919
0.0443676820577976 0.122679661216434 -0.11126129724698 -0.572058539064369
0.0870633598782925 0.0182281538442435 -0.770063418865675 -0.413986257833904
0.0483323475946829 -0.0742270722408322 -0.717648269177001 0.485472742168812
0.000454624455685511 -0.0453654251919047 0.105253182505898 0.694277676893284
-0.000570588196498828 0.0398435568996102 0.427934977507675 0.184379659163038
-0.0186647012348951 0.0497938890514883 0.220050982207696 -0.114002023200297
-0.00634303650863092 0.0276062667139057 -0.105221514242725 -0.134908016430551
0.0144931532881715 0.00174718808236102 0.0783956303550891 0.0899852431049508
-0.00894034036497411 -0.0248183149574366 -0.1833317545487 0.0487150415474273
-0.0505927243375006 -0.0259261383480581 -0.420418144407514 -0.232829874053201
-0.0574911796679845 0.00582107760462343 -0.0343410100290951 -0.602730744940396
-0.0164981646466018 0.00818256971737116 0.683336222936982 -0.376769287369523
-0.0375673749707149 0.013224472460935 0.747717742889688 0.424215452317653
-0.0272411186860458 -0.0726455001657955 0.150180113353998 0.569525283792162
0.0046881899745703 -0.100483097429838 0.0789042945527723 -0.0435597117431917
-0.00898940526486277 -0.0515275093251135 -0.221661761971962 -0.599226428820393
-0.0466134967874922 0.0169644035586018 -0.854783806401009 -0.241729517263639
-0.0521356150512627 0.0356217207789925 -0.562554072889784 0.598798650978928
-0.0750809478248389 0.0340394733725702 0.262054478857971 0.597361859373333
-0.039938722063863 -0.00524029115296155 0.439079918717353 0.0846417420166822
0.0165655756807519 -0.0388246529211727 0.1666533949624 -0.131010760405741
0.00821926922722044 -0.0109846142708761 -0.130272535967742 -0.12018884672386
0.0106998203537248 0.0106145010789548 0.0755441219216575 0.0866887685969375
-0.0179437309953763 -0.0174565619522205 -0.19695691383804 0.0181998586070043
-0.0511926095616333 -0.0255862369496265 -0.416681248497015 -0.283649886225993
-0.0481652590504354 -0.00584986814237874 0.0339662429983487 -0.596939552628803
0.00690068878878337 7.46758204929008E-05 0.744480864976674 -0.268076231363452
-0.0162343489999242 0.0188842541376055 0.703229089054195 0.528772661788907
-0.0150134581582626 -0.0458546730694328 0.106967860811865 0.56087568221317
0.00285127494957585 -0.0664289045604142 0.0819971041046787 -0.0840416349048001
0.00302837541989283 -0.0233272908480504 -0.274910822219012 -0.589458421246048
-0.0228760527888014 0.0223934939002937 -0.866403678304169 -0.128086436729469
-0.0431564502209855 0.0258953397341817 -0.475055988559842 0.667703090719136
-0.0723915847862072 0.0261722663594765 0.313833827971205 0.558795169755274
-0.0349152625949754 -0.00534124584651323 0.420230417489789 0.0311840816043526
0.0147912140148857 -0.031630946471422 0.146513567826164 -0.161857321888585
0.00672810401683199 -0.000745048882926508 -0.129078115569232 -0.124651738114479
0.0075835584326239 0.0181507517809689 0.0758038035711022 0.0843268042407788
-0.025336526380246 -0.00712256246289553 -0.206420509681371 -0.0038454969535139
-0.0461235308937425 -0.024117496358825 -0.413044571037072 -0.315098624037876
-0.0319411720300764 -0.0218176194931604 0.0830649096698452 -0.584769253020662
0.0331343522671829 -0.00995878171540515 0.782445456943057 -0.187818093147601
0.00649847607756677 0.0328524005180512 0.670780680046412 0.598257153796227
-0.00913448537018362 -0.0052387332693373 0.0785138111475023 0.553078490178275
0.00070974158026325 -0.0216813843266775 0.0825477610897037 -0.109024652591571
0.0206964903614001 0.00634193617792044 -0.307790024624041 -0.577457458428461
0.00644370503593842 0.0174362150432519 -0.868180083177059 -0.0513402937577409
-0.0302065718942693 0.00693406614874014 -0.413548889648448 0.711490186165193
-0.0663670191435774 0.0179226961719262 0.344125988781618 0.532117319152134
-0.0302548164747737 -0.000729869271063402 0.403410006906215 -0.00550563093866863
0.0109494454226912 -0.017467998388162 0.131890120597318 -0.185653824247723
0.00517146071190209 0.0103549176888862 -0.126325983364316 -0.128863581884121
0.0043197433702139 0.0259440456102001 0.0773360912384903 0.0822007992455921
-0.029575197450617 0.00538057315477386 -0.206131281823762 -0.0114767446924632
-0.0372219613323573 -0.0209572564507075 -0.411601172554374 -0.32327982285741
-0.0151170359538536 -0.0415606673838363 0.0966443806967016 -0.575416362443859
0.0580242707115069 -0.023373730178971 0.798207498607418 -0.158093918534585
0.0317889916395165 0.0518143313219252 0.665428006548717 0.622298286854589
-0.00734060418338218 0.0438147113519479 0.0728376005062537 0.553354930013107
-0.00396759815192525 0.0278942269085631 0.0837595213928001 -0.114232310061698
0.0423524887420607 0.0356988825451006 -0.312083497237061 -0.57222257168604
0.0352837235264812 0.00896779779769007 -0.860880722121812 -0.0253467944256216
-0.0159180605678577 -0.0153798106144089 -0.397879219351059 0.730506124374976
-0.0551375683855176 0.00609399804332212 0.343515468287267 0.529787264189532
-0.023718893695659 0.00990404436110347 0.39594223178331 -0.0180581892240991
0.0040307402190755 0.000373700963375797 0.133092011015973 -0.197850378825479
0.00251898559163849 0.0207106289721898 -0.1228679334782 -0.132790399291566
0.00220211519636327 0.0320772593941462 0.0796507744758836 0.0808214217081991
-0.0304340614800214 0.0200992222538874 -0.197471681513195 -0.00593694510523261
-0.0259168663979019 -0.0158566951177918 -0.417780312727542 -0.306913210497548
-0.00166438268394928 -0.0591587874878334 0.0732992024598213 -0.569540679756377
0.0767020517337429 -0.0411553889137413 0.789388241269457 -0.1861659593267
0.0572193012730358 0.0669572338225836 0.690061050392697 0.597781664975145
-0.00265773828829296 0.091024495857072 0.0878111785543179 0.561488257800445
-0.00973971813290543 0.0766191388193718 0.0838332605225024 -0.0951473350991205
0.0594912572585887 0.0634208245753473 -0.29268127851618 -0.570764132613224
0.0613391667098962 -0.000551427018977431 -0.856504795830274 -0.0557950953736104
0.00212909100757076 -0.0397275280174278 -0.429620514121706 0.722079188579014
-0.0405639340612407 -0.00701095775622668 0.320696591900078 0.551258543049871
-0.0187074394013633 0.0213607942121768 0.398509950823857 -0.00304535396409255
-0.00530741944926482 0.0183919733104101 0.144278187172323 -0.19636927002163
-0.000553638661679538 0.029235388762938 -0.117679404097937 -0.134543029082427
0.00303615092359806 0.0354302466710918 0.0860805692046807 0.0813058002795011
-0.0282022704349507 0.0345200684704689 -0.181927387568433 0.0125661760569482
-0.0130635161421977 -0.0057317785666338 -0.426244353719768 -0.2702007451171
0.00657334026633746 -0.0721416512479864 0.0169709285352357 -0.567995100539756
0.0831700204265257 -0.0635425804970526 0.750135708003593 -0.268143887425692
0.0805773681309522 0.0684052765716116 0.74117857228148 0.52374415332386
0.00621049548228793 0.124280800012095 0.124007076270506 0.576783888866486
-0.0158817278874681 0.11362786243882 0.0821065906650442 -0.057037041692442
0.066199487074682 0.0895159562587845 -0.247484882407307 -0.572355725267451
0.0830470472030274 -0.00193397027746336 -0.843320665913762 -0.140685557531228
0.0215106250839708 -0.0597643741070563 -0.502538443101943 0.681762012356533
-0.0254057715892834 -0.0198031254905833 0.276364496603454 0.595675116954789
-0.0123894951889344 0.0319401938912207 0.409487395787587 0.0383058652179444
-0.0120124433017421 0.0343900423742528 0.163876846513759 -0.183647632449705
-0.0029505343870725 0.0333773809296406 -0.115625540227436 -0.136868593454938
0.00350250538272637 0.0357836728132975 0.0923791205688921 0.0814920610503668
-0.0252025133416162 0.0452425684072204 -0.160454339844828 0.0394288185364028
-0.00241315164876615 0.00609861951826234 -0.433772375485859 -0.213496932801476
0.0112821143691418 -0.0757600260582886 -0.0620761588965218 -0.558795959010347
0.0776987663241024 -0.0859574912930952 0.682370925019961 -0.377925385108055
0.0975996153733864 0.0547488564467789 0.796156140649654 0.412869934970332
0.0192825488611606 0.135946513390901 0.181631420357407 0.586820996540918
-0.0212125315056451 0.135439466222801 0.0820827292644367 -0.00250502091530081
0.0614646684769153 0.111911319158506 -0.185905767210707 -0.575790810268491
0.092258777201612 0.00583851445861685 -0.819069750206704 -0.263194290613565
0.037664305641841 -0.0724965331279123 -0.602709381782909 0.607665944107098
-0.010912522539907 -0.034353121839616 0.206475171703734 0.649946729135775
-0.00568909761183987 0.0375139426122013 0.420942464046111 0.102857548519443
-0.0176834444645129 0.0448099683504923 0.189896758161358 -0.15549521916436
-0.00419697623844337 0.0321045439354034 -0.111277061962165 -0.136185021547856
0.00657946117863489 0.0322247324297401 0.0965943891136812 0.0848187744225936
-0.0213481993575407 0.0520227571057164 -0.136941382865096 0.0701881289173696
0.00585930664562048 0.0170974554286221 -0.43028781310338 -0.148307202184382
0.0126360918465072 -0.0706784646034399 -0.146639413597618 -0.53732207608442
0.0635816537702176 -0.101976912608915 0.589075316467378 -0.485042623252493
0.0989728338872896 0.0318220825393268 0.838852393713261 0.274564217274047
0.0306795754075688 0.127976209342369 0.248034495176537 0.589279880008813
-0.026216306727923 0.136915128740412 0.0812326043676387 0.0543678175217205
0.0458335314171633 0.122213807550965 -0.116556735519305 -0.568412324602766
0.0872073832669941 0.0177774020126253 -0.773529128397512 -0.403106190280928
0.0475287349825103 -0.0741009363025249 -0.710152630153872 0.495319198534404
0.000564055666492459 -0.0453273801052437 0.11754198833599 0.69059418873909
-0.00035251572207088 0.0395294858953056 0.431138455944071 0.176878426107194
-0.0182230315826125 0.0498868120032146 0.217659422444313 -0.116638797379641
-0.00510692609880532 0.0281221372675165 -0.107115521851172 -0.132716128803896
0.0142933523897233 0.00216444138113334 0.0794725551016383 0.0891788089739212
-0.00955597879226906 -0.0245293901996448 -0.182438457926275 0.0512634610720392
-0.0500932715449151 -0.0249353279770109 -0.419483189692583 -0.224870644173631
-0.0570107279701799 0.00618413301376817 -0.0417748451690194 -0.598583632238068
-0.0165423190812882 0.00876359129765402 0.674583265029157 -0.38163625048088
-0.0370323978311463 0.012972033129437 0.749319576871702 0.412451192410818
-0.027034477524093 -0.0714629755702536 0.157714150046871 0.562913961122136
0.0027750597375744 -0.100543314721344 0.0781062886541766 -0.0443929354202367
-0.00995066877829888 -0.0507994017417822 -0.22893385265204 -0.592642486242899
-0.0453668717406183 0.0189281083359834 -0.854405168461764 -0.229585611194527
-0.0514082620339856 0.0367409302163612 -0.55046968690393 0.603639979498254
-0.0753068398167446 0.034897805995202 0.269748396461866 0.589469953745564
-0.039261996319235 -0.00566675851201488 0.438555743705005 0.0775847156815965
0.0160561733942635 -0.0388108638258808 0.164213811790007 -0.133473104848525
0.00847089488852556 -0.0106228106117319 -0.1313443686516 -0.118527071043106
0.011778938201325 0.0107697562695651 0.0771968037134508 0.0852091053406801
-0.0184397968203727 -0.0179842223477951 -0.196809994810428 0.0204097108095931
-0.0516097512487246 -0.0252092833971038 -0.418618619244289 -0.276751516356507
-0.0477994483135263 -0.00562055894120493 0.0257096543689111 -0.595005275409755
0.00706116244178196 0.000169951283789858 0.737756323125601 -0.274628297438472
-0.0159423349902509 0.0188551945380987 0.707276727906719 0.516082073400518
-0.0153913883480903 -0.0457624960502734 0.11368058613601 0.5568164839773
0.00231450647009621 -0.0666650649163981 0.080657809754363 -0.0838205575972646
0.00253093283908759 -0.0237098912401762 -0.281834441184762 -0.582793634465172
-0.0218612359105014 0.0222366408647714 -0.866498857304501 -0.11752367657221
-0.0414284567783608 0.027148422429127 -0.463343216734865 0.672384950955183
-0.0725815036939133 0.0271559608386864 0.322446519377815 0.551933035634437
-0.0358820950785427 -0.00659937074722809 0.419182225961876 0.0259744232784934
0.0146795217964898 -0.0315567091695028 0.14300707880626 -0.163567609697202
0.00686550019681564 -0.000282567669580548 -0.129373727512418 -0.122450096911533
0.00854265567624714 0.017938341851524 0.0765103783628374 0.0834678119872895
-0.0255094595156792 -0.0070056224714607 -0.206456225770263 -0.000546327772854806
-0.0465832518969615 -0.0237626788975824 -0.414258588744234 -0.307364488542279
-0.031494458909846 -0.0223132250250736 0.0751350580595519 -0.582910391233483
0.0330875661162113 -0.00952635348098386 0.777473963413467 -0.197776949204577
0.00670225244507318 0.0319952194476868 0.674812660520822 0.587774460849428
-0.00960712965249298 -0.00602150538598339 0.0861010908469286 0.549027736901146
-0.000399384226963758 -0.0226750544396486 0.0815044133801134 -0.110256222903742
0.0212803095169461 0.00580886178705049 -0.314162523501832 -0.572760930900858
0.0059891253808796 0.0173786977865248 -0.86376974103945 -0.0397402959046624
-0.0309252674810832 0.00815764402059952 -0.401830890100192 0.714020261063388
-0.0652876563635983 0.0177383826545334 0.34809965906591 0.52477943359913
-0.0294750004624239 7.61513859124409E-05 0.401618199224253 -0.0116862008292582
0.0102595345971754 -0.0169204335415959 0.130338757671131 -0.187650063028938
0.00526147135974956 0.0103833450248989 -0.127263297590603 -0.126057574758848
0.00465133527112925 0.0262837532497598 0.0777228860995121 0.0810150879112105
-0.029094207842363 0.00651657940306502 -0.205017404599607 -0.00837818654602213
-0.0367576803938262 -0.0208183789877468 -0.415087795678626 -0.315402649526854
-0.0141002063676129 -0.0416761027491769 0.0891951770366386 -0.573855705868442
0.0568703145809951 -0.0238004801962044 0.793294671208452 -0.168288602975769
0.0329052473179511 0.05141600644716 0.669063979210933 0.61000161013498
-0.0068893331319115 0.0433178264349437 0.078245014104411 0.549547353678353
-0.00421316131956022 0.0279134022082194 0.0802926825866928 -0.114658294531686
0.0423457236115837 0.0334691135573447 -0.319236519648921 -0.564549770433388
0.0355405369286638 0.0078072700229424 -0.85788776411462 -0.0154348890567747
-0.0162883309393989 -0.0149236684678356 -0.386967803121327 0.732443344495076
-0.0543330397643793 0.00691678653209655 0.351204371771471 0.521570982427369
-0.0243841254476957 0.0102385245744719 0.394586496869304 -0.0236282810920539
0.00298797404216716 0.000616159249777813 0.130451104451998 -0.199328318014851
0.00343091857390564 0.0209399460519884 -0.123266518440365 -0.130733521954187
0.00306746606909472 0.0319557189538188 0.0803337331942069 0.0786289700545951
-0.0302356252878839 0.021308335055197 -0.197016036315903 -0.00238405511212053
-0.0259107688995208 -0.0146024394506595 -0.422334475717659 -0.299722614729958
-0.00293098077778944 -0.0592738609761367 0.0664417525076078 -0.567731292197746
0.0752260566291001 -0.0424749697578676 0.784912378294508 -0.198615183145971
0.0580828332160095 0.0659786964375684 0.695651410808782 0.583699194447337
-0.00235775938366776 0.0898284394223817 0.0945463303068972 0.557953396007877
-0.00809839632481976 0.076017631477004 0.081213479888502 -0.0954696554239257
0.0595692903316892 0.061431303371665 -0.296993914932886 -0.565121409686283
0.0629555173453209 -7.46485545670764E-05 -0.853494038801182 -0.0456651616469685
0.00283284387005384 -0.0393460808078006 -0.418090437979182 0.72563632427559
-0.0411493375862649 -0.00571493217122221 0.328418797536661 0.544620689341652
-0.018214761770609 0.0214314986042514 0.397702414266811 -0.00863806119791842
-0.00529605905873655 0.0182602933914209 0.140668528170965 -0.19841218393223
0.00105026689178488 0.0289323148750163 -0.120594511853973 -0.133159380739869
0.00296160555323982 0.0357359238700651 0.0860197152279973 0.0788362078962766
-0.028240679346412 0.0348242457144582 -0.18133808768491 0.0146090626854119
-0.0130182846257166 -0.00557647302808737 -0.430683541795747 -0.2635082067988
0.00647468079027622 -0.0718427374485017 0.0104258544358541 -0.564856848078556
0.0818096180752972 -0.0646981454065947 0.743708041698358 -0.278171917390863
0.0812002012639535 0.0675191245430308 0.745656089887221 0.512158314369037
0.00781265367487191 0.122124974632292 0.130017359904091 0.57080456710153
-0.0143958846308467 0.112977921083899 0.0809264563752397 -0.056534471175365
0.0679928644364583 0.0880491228574808 -0.253434755357193 -0.568318677150579
0.0825123237362429 -0.00288270155330698 -0.843363610432093 -0.128516702075603
0.0210887930807921 -0.0597945673320498 -0.491575588138783 0.686943766576827
-0.0253312599416739 -0.0205956299587605 0.2824156254258 0.590776646795605
-0.0114389693963623 0.0314461574383274 0.409192405553256 0.0328149598637846
-0.0123452275377894 0.0345355919561532 0.161748175376675 -0.184761195022573
-0.00211777802598287 0.0325406889527095 -0.116898833638188 -0.134106936321513
0.00486931305543358 0.0356214493960635 0.0927566248008731 0.0797230617092357
-0.0249388157795112 0.04575062087892 -0.159881997697989 0.0408882834143087
-0.00245983774810947 0.00600676278164616 -0.436228744575707 -0.205286923726743
0.0104122509693057 -0.075712770907252 -0.0698356610511846 -0.555471662934329
0.0767780500009443 -0.0867522868315411 0.677584548587498 -0.38491868711663
0.0972965145448547 0.0531281894644058 0.79732506920736 0.399378847852277
0.0216648443050206 0.134656337003123 0.189134620040794 0.581718090959096
-0.0198572304020969 0.134444355693982 0.0815039596058196 -0.00419835181273503
0.0616333583857869 0.109347716067698 -0.190843468244367 -0.570213005710648
0.0934611510443232 0.00487630512914321 -0.818883710721409 -0.252777905530728
0.037721304035762 -0.0728187160187199 -0.592238074791249 0.612419657502481
-0.0118927523138408 -0.0342741325677587 0.215618590771231 0.643146585533119
-0.00503607139635614 0.038107640103606 0.422569541414569 0.0966107250614994
-0.017140389400261 0.0451642573507709 0.188936175565994 -0.157339817900464
-0.00297765782615218 0.0318058726331893 -0.112940035994594 -0.134269812323152
0.00680417076695122 0.0314106899145726 0.0969878989829681 0.0821608377270982
-0.0200738963734778 0.0517275211919351 -0.135783910466298 0.0717193283546073
0.0068076949384632 0.017193370080829 -0.431778084115613 -0.141485553826584
0.0111116105868793 -0.071090571251532 -0.154171152292099 -0.533247296142134
0.0609617154435781 -0.100340381350711 0.580644915049959 -0.492445458400804
0.099520455012309 0.0303686066734452 0.837263684585749 0.263445220836604
0.0327519766917325 0.125602764444523 0.254691814188598 0.582469807497573
-0.0241779447702324 0.136912615717864 0.0815122026452821 0.0528634320555178
0.0466813802155098 0.120121476791827 -0.123962968791783 -0.564634992188006
0.0885748513424342 0.017642018772396 -0.776452115161788 -0.391873288828506
0.0458878954465379 -0.0742742984467056 -0.700534463037656 0.503469821601598
-0.000401994597615009 -0.0462548627710842 0.125507703021506 0.685905655338767
-0.000550159833925694 0.0396412045101842 0.431297790291754 0.167962528087519
-0.0173307901920406 0.0507844237096369 0.215923549476262 -0.119583394650416
-0.00509296143474337 0.0278640113630394 -0.108161441877447 -0.130883816926172
0.0148670410504353 0.00169165978915377 0.0801370756540118 0.0875716445459702
-0.00946188194981491 -0.0238939757007652 -0.181796585627274 0.0527682105339223
-0.0503154053367365 -0.0241585520505551 -0.42179058504526 -0.21748007905723
-0.0563008453062022 0.00666909766627877 -0.0485933712761741 -0.594567684830587
-0.0164061345857989 0.00877717851796971 0.666360681082565 -0.389245099438031
-0.0365061813963419 0.0138882460939705 0.749895227982002 0.399881630375701
-0.0277090409184404 -0.0712389508480162 0.162676305340014 0.556825418127285
0.00137188837243143 -0.100282068414684 0.0777338656400676 -0.0446622795641636
-0.0104355758430947 -0.0513188067679951 -0.234757587501301 -0.585495862420257
-0.0444934473740395 0.019526607112018 -0.853233274510487 -0.217204911463072
-0.0509076556912749 0.0374124638435531 -0.542158964115069 0.60670425607339
-0.0740841970614317 0.035844270184375 0.275212768207694 0.581700415623563
-0.0392063048509576 -0.00492564689133001 0.438235594775452 0.0719133452664367
0.0157275724677709 -0.0391343446457334 0.161078466598657 -0.134253898658727
0.00883562011740739 -0.0108690563298771 -0.132623228639676 -0.115652393491642
0.011737274602859 0.010134801390064 0.0771118364177989 0.0842329540839511
-0.0187562504175261 -0.0169624898787829 -0.196387412624574 0.022599488513568
-0.0516684692921029 -0.024195662459395 -0.418975612654891 -0.267979884353288
-0.0471111976101533 -0.00522102684034963 0.0199825389062441 -0.592602466228988
0.00706092069227241 0.000692468716463434 0.730112821905554 -0.282597989381935
-0.0160001223449139 0.0187861887877229 0.708000466352583 0.503950912319979
-0.0157394492477986 -0.0454977898453846 0.119072960249992 0.551458653792238
0.00141378895946487 -0.066676762059371 0.0786630546397706 -0.0852421436289794
0.00244038089886197 -0.0235805766468683 -0.285186120854967 -0.576270743437014
-0.0218473146151906 0.0237428384847772 -0.861882634329292 -0.106028118684377
-0.0411844797978668 0.0269238414543415 -0.45242936202267 0.67392357423971
-0.0719481109332389 0.0277026495367819 0.327145460357728 0.544462735524776
-0.0355708330388283 -0.00521332229871987 0.416821707493747 0.0190959900008713
0.0139004717609536 -0.0318114501127393 0.139902824986264 -0.16428493740969
0.00688799235891573 -0.000882284290521356 -0.131210744203422 -0.120754257772514
0.00862122323627581 0.0175192652300477 0.0761361025656396 0.0825427331941661
-0.0251450546630656 -0.0062526739224896 -0.203971978095852 0.000713702323194299
-0.0463211725596715 -0.0232963880594184 -0.417591276674997 -0.300723510464666
-0.0315942122279311 -0.0222108974444575 0.0680337635723131 -0.581371285910697
0.0327779570459533 -0.0101527610824838 0.770816083402734 -0.205993132793264
0.00796642067532692 0.0322458973110479 0.678942435044389 0.576340246604631
-0.00907061361742735 -0.00619436008875355 0.0909576686683277 0.543940973117015
-0.000633602971480062 -0.0229105354203857 0.078819803305909 -0.110033937385442
0.0218410289914176 0.0048612264904432 -0.318515874706366 -0.564158248486121
0.00644702056745006 0.0179941615762316 -0.861271995876376 -0.029504809935683
-0.0297386453934447 0.00969026734433696 -0.391050168577944 0.715680641472699
-0.0643924301526806 0.0179287876517549 0.355313985529309 0.517275241272883
-0.0301653882358013 0.000167031483677523 0.401324869195419 -0.0176821632701573
0.0097289610805456 -0.0168469307317477 0.127133437473079 -0.187445890964361
0.00538004326427504 0.0105870113428121 -0.128181813991192 -0.125399630595824
0.00619911013200232 0.0252412731774502 0.0773838509392115 0.0806360645994347
-0.0296050162710157 0.00650036551396309 -0.20469828513411 -0.00542477073617142
-0.0371422967876676 -0.0201844041152322 -0.416567162767807 -0.306776877401045
-0.0151865200935934 -0.0416484814399598 0.0830263939975949 -0.571914499969585
0.0575372283478341 -0.0238752765527418 0.786834034598322 -0.177686333323224
0.0330958354632799 0.0511377922349508 0.674295030997071 0.598685922643183
-0.00609482794073011 0.0426864059902572 0.0851828731000672 0.543813716275841
-0.00425915504144389 0.0270539935150609 0.0786273373515758 -0.113938385054927
0.043054735526932 0.0331923015409128 -0.322977616349576 -0.557169955959254
0.0364433151879925 0.0080895944495349 -0.854204210310388 -0.005638530871086
-0.0158929571540903 -0.0141015880085917 -0.373928303152294 0.732803661608438
-0.0541636098970641 0.00676252736277305 0.354502964726216 0.513771076134886
-0.0240062359812512 0.0097642264563806 0.393656513121429 -0.0294543005452592
0.00291573149049737 0.00121345396535297 0.127054303119064 -0.199274959889836
0.00324972659050737 0.0207047185843184 -0.124342675235071 -0.127746457302863
0.00331176499366368 0.0316581985722007 0.0802989011022184 0.078044696105511
-0.0301703828786269 0.0220974049523722 -0.196699245638519 -0.000283242099593489
-0.0253435267986571 -0.0136563143918788 -0.423575418566217 -0.290125194430168
-0.00219460281512735 -0.0596252037673628 0.0597539345354371 -0.565458475289824
0.074572880438998 -0.0422741465665745 0.777569738780276 -0.206158887239064
0.0581947409223558 0.0650131138504919 0.699368360092776 0.572806922300591
-0.00157401713134787 0.0883852985387442 0.0991600493836147 0.55279236729716
-0.00861484337808788 0.0753972759977048 0.0799675123772718 -0.0953736381470721
0.0593828018253455 0.0599292142326207 -0.302311454499548 -0.556105988116301
0.0623015099064377 -0.000323489337721063 -0.848758880608022 -0.0353384000654664
0.00145801014302784 -0.0393124986676322 -0.405517399573424 0.727307597507233
-0.0414988099560502 -0.00601833965920463 0.333848251594913 0.537461362293195
-0.0178879505804357 0.0209989075563087 0.396563473266866 -0.0146575806183929
-0.00479346060902007 0.0192034369491059 0.1372366902754 -0.199374556351823
0.000797341976096682 0.0287003433017962 -0.121176769373198 -0.131592372800366
0.00399339071550908 0.0351248105545599 0.0867889648150277 0.078189799605185
-0.0273665245118917 0.0360450120887736 -0.179860667132677 0.0173974168192427
-0.0130481436873428 -0.00474269215361195 -0.4321020686094 -0.254027664223072
0.00519006973189196 -0.071276924478898 0.00314217579591582 -0.56294493392103
0.081540078705975 -0.0643775769949452 0.738433149030594 -0.287223575379836
0.0823039195449708 0.0664094259659236 0.746953950103181 0.501472645476163
0.00823311991591428 0.121312839721848 0.13833616149582 0.56562528960945
-0.0133817738370289 0.112469536935126 0.0795666936797403 -0.0573492374353092
0.0683472476475011 0.0861178105191815 -0.258975379048934 -0.562457217992433
0.0832430895094236 -0.0033179182185881 -0.842304451843163 -0.117868144579813
0.0201069735972556 -0.06024643107397 -0.479169746131801 0.689571293180496
-0.0262020940223754 -0.019861110853033 0.289737969017306 0.583287368757595
-0.0118484126217726 0.0317558091944848 0.408525829761599 0.0262774323142109
-0.0116870410295517 0.0352765673388601 0.157604655475841 -0.185359670614859
-0.00129288833747377 0.0323340100646644 -0.116707858460044 -0.132521587835054
0.00611674419433909 0.0348727683840509 0.0930404554495537 0.0786824278507564
-0.0240381615117615 0.04619296416069 -0.158141092117809 0.0422017453035068
-0.0024963518239108 0.00641393578882644 -0.436918185311825 -0.199468267733083
0.00845624137502866 -0.0761352965020481 -0.0769786508769367 -0.552317616772612
0.0757835690781552 -0.0876882328719769 0.666856513284769 -0.391852511737794
0.0983032667762117 0.0514264814698478 0.797485769167839 0.387075440122218
0.0230028139782473 0.132981242336417 0.193473905135667 0.57684138603062
-0.0188820036663115 0.134030338392742 0.079923480437614 -0.00546649724523529
0.0630683684081946 0.107097421180499 -0.197000940780763 -0.563825645688062
0.0933796269842783 0.00306463757969551 -0.817604946405039 -0.24135855581903
0.0364308895488955 -0.0720812440500251 -0.583055530227649 0.615699125808116
-0.0112914883762156 -0.0346801432628885 0.222636421122964 0.636019229905744
-0.00555600037008355 0.038186007904435 0.421974042051529 0.0901407124532081
-0.0168039312889643 0.0455372031431927 0.18412047979531 -0.158603959166708
-0.00332259324889338 0.0320012570325814 -0.113789725612634 -0.131577879139962
0.00774834456455054 0.0312032840110387 0.0970782231284621 0.0804222746839477
-0.018947092037412 0.0519264348697241 -0.133079553547724 0.0732415269745379
0.00563684127921357 0.0164516895331684 -0.430878517788155 -0.134211449582842
0.0106409898646329 -0.0712261680323761 -0.159187051811123 -0.528126994573809
0.0606482806352059 -0.101556829354692 0.57066711894259 -0.499301159371253
0.0998297137801582 0.0293145731536684 0.835849827938615 0.252343378048911
0.0330468364574621 0.124071462653935 0.261386972552895 0.57698412005565
-0.0230614578749124 0.13584039623164 0.0816552351698273 0.0515645086852825
0.0478529053890841 0.118357769364623 -0.129062771929123 -0.558118649136818
0.0879974127649981 0.0150004219467663 -0.776039940481998 -0.380427118642755
0.045480599002649 -0.0745107937679883 -0.689347102921254 0.508303751083077
-0.00242616189436951 -0.0462079195241987 0.134451675693486 0.68323220697393
0.00051142670701728 0.039742675692642 0.432185382862171 0.163299531820022
-0.0170855628937212 0.0509738167591843 0.212653265155648 -0.122160582292458
-0.00433027227211322 0.0272543315539007 -0.109004625870019 -0.128931124447325
0.0149193875016861 0.00120993406517889 0.0801173519425531 0.0872217985409249
-0.0094072190810631 -0.0233680841187916 -0.180427934453063 0.0547554054620887
-0.0502396220457608 -0.0240794399281264 -0.42154578538556 -0.211456851223025
-0.0556929647142865 0.00690515363157483 -0.0555723919455801 -0.589366417773344
-0.0163591698420775 0.00984685502106396 0.657123856757856 -0.394230207451347
-0.0365933718003655 0.0146048168239288 0.750097977010831 0.388850774945988
-0.0275233217641333 -0.0707399116965743 0.168466320965539 0.549848306225901
0.000151261830186595 -0.100336441268213 0.0762954501500857 -0.0449929878357452
-0.0115923242997552 -0.0512320501699118 -0.237717564222504 -0.578209420369382
-0.043248072428423 0.0197696748679457 -0.85042452985496 -0.206611115956546
-0.0502819749170288 0.0380646690728115 -0.530202450629293 0.608884435057699
-0.0736345054723951 0.0363085762516063 0.28183128658499 0.573769212343545
-0.0394959989931137 -0.00494270407159418 0.436078217464594 0.0648137364035771
0.0145938860584042 -0.0381470854986512 0.15858524418248 -0.136075834888081
0.00779275471329066 -0.0107061365121749 -0.132106646634406 -0.113016051678972
0.0121349229844254 0.00945729223730944 0.0776221092206294 0.0838390726951298
-0.0189482971609802 -0.016058665184656 -0.194875938145529 0.0246719731020765
-0.0514373953483727 -0.0236162572170282 -0.420924283653238 -0.261533853175893
-0.0469026407085186 -0.00465618155571697 0.011916789101284 -0.586524372924927
0.00724459465505969 0.000230541563462461 0.724059285121052 -0.290359053788535
-0.0151079464791573 0.0199232439801146 0.709492164784125 0.493836442282521
-0.0155073774435766 -0.045121844610253 0.124396336726835 0.546294099707156
0.000830491933845747 -0.0669202856611641 0.0763726368967721 -0.0845288062054034
0.0016852484103625 -0.0230256074672583 -0.288898745681667 -0.569488582976683
-0.020241283752581 0.0235586980275569 -0.857268986100829 -0.0949774188947639
-0.0403471934647569 0.0285414305664991 -0.442074096448132 0.673756694104476
-0.0712486370989306 0.0283588179799251 0.331902769394282 0.537213475362936
-0.0355689060251019 -0.00525160449069726 0.414768970989329 0.0133357779266908
0.0139353193157809 -0.030684341143694 0.136895778185237 -0.164864788741417
0.00764989246056243 -1.53474321856577E-06 -0.131479131078306 -0.118845029289156
0.00862730073749165 0.0172450444436277 0.0760516003696966 0.0804115232994106
-0.0255605099745026 -0.00554142679584589 -0.203776651805918 0.00367079526475708
-0.0461441737916151 -0.0220840493791116 -0.418558483832184 -0.292616213223642
-0.0319476167516856 -0.0223996318465122 0.0621874811364198 -0.578489308632934
0.0326425896339654 -0.00988675853874236 0.763728870951357 -0.212429629064974
0.00780055197099941 0.0326200188959147 0.679847404122097 0.564168014217686
-0.00788399561540519 -0.00672425743672505 0.0964012092600173 0.537726429257588
-0.00116296172102022 -0.0227623931867163 0.0768143589326661 -0.110593924118088
0.0211335072420065 0.0041905813845893 -0.321910888641158 -0.556403674475994
0.00719506444902131 0.0178795748028449 -0.855897602819415 -0.0181052620318149
-0.0295277990831119 0.0097464093326326 -0.380550459591303 0.714959188136183
-0.0638749148026391 0.0177887120564463 0.357287108651989 0.509496408559561
-0.0291041943506463 0.00111218981213155 0.397294735776078 -0.0218441600604451
0.0098817355699957 -0.0172293968284908 0.123690963576937 -0.188257745688163
0.00641792674564466 0.0106630906528741 -0.128769722950475 -0.123231308386598
0.00671843040106794 0.0246877489319698 0.0783486692723917 0.0773541395310787
-0.0281956157578628 0.00762115004327547 -0.204577485596409 -0.0034530222089356
-0.0367804402902315 -0.0196366142444428 -0.418936620224335 -0.299053828039469
-0.0159081518460978 -0.040720060908241 0.0760329460160904 -0.568926559741214
0.0565705487779424 -0.0242002870135096 0.781784091785738 -0.185599940094001
0.0342814346254215 0.0502746239901717 0.676836138445517 0.585393910886285
-0.00646199011282579 0.0416846002096618 0.0901391153523261 0.538814537795322
-0.00354253995065882 0.0271426274923279 0.0775236185357829 -0.113989937358283
0.042074725625423 0.0319168525636205 -0.327055277775307 -0.550067791845924
0.0373372216563803 0.00744531710751065 -0.848198779131277 0.00339928616290805
-0.0159770040433766 -0.0144959334498095 -0.363683565262826 0.732191167605307
-0.0539973337665073 0.00763531006294717 0.359774161813676 0.50535597451674
-0.0237649596845653 0.0105047816544684 0.390140298826053 -0.0333105275790445
0.00331368395601005 0.000823537315695493 0.122576860561079 -0.1989586566183
0.00375402920259913 0.0204361748852408 -0.125005229080154 -0.12613444524914
0.0037644339506908 0.0305972761824744 0.0808810665448562 0.0768019355419084
-0.0296465115586342 0.0219184644224896 -0.194505444705379 0.00252078772059902
-0.0254529605737351 -0.0132223987448267 -0.424758186162628 -0.284245841082222
-0.00332132697522222 -0.0585221912510849 0.0529653972460767 -0.562894515490732
0.073121321277471 -0.0417949182170874 0.770770375767388 -0.213710827341724
0.0590033518747887 0.0641770751580163 0.700722443589652 0.562613876224982
-0.000189776602370661 0.0880358077115169 0.105652214249727 0.548522409404904
-0.00782731948285351 0.0740352255608931 0.077562640872194 -0.0959917069376073
0.0601271684403352 0.0590727702046061 -0.305909225216235 -0.55004244893229
0.0631914646911012 -0.00161816732060797 -0.843529330444503 -0.0270637023871445
0.00080137693396673 -0.0382490437232889 -0.395158335756365 0.725549194708045
-0.0406134873044229 -0.00531350644244907 0.339735442209383 0.529457879211995
-0.0175286473981617 0.0215404767587332 0.393277363992414 -0.0188311389002833
-0.00465108545323275 0.0192144465503719 0.134533935153614 -0.198935884515422
0.00223190794667701 0.0279638492359096 -0.122176092965497 -0.129188773671537
0.00409210179847888 0.0344902204637351 0.0863618470422638 0.07608907301903
-0.0273221101113723 0.0364705495595774 -0.17852888942578 0.018466492060429
-0.0132630156336485 -0.00490499235084254 -0.431290033153257 -0.24718014142578
0.00478557075945661 -0.0715659958211054 -0.00430564020400564 -0.558073957448374
0.079939565163851 -0.0645747414611675 0.729581810213177 -0.292483948690176
0.0826311951170786 0.0648039398678233 0.746601180262918 0.488846505527424
0.0101222809762377 0.120341119754325 0.141637635442601 0.560297918384597
-0.0122805781812461 0.11121023089501 0.0772174478859379 -0.0575808757215759
0.0688729711602888 0.0849816795178589 -0.261987454659646 -0.555748343582734
0.0831879883111745 -0.00386354163763281 -0.836071078690303 -0.110117022024369
0.0192151563277841 -0.0594501647377847 -0.468976912164173 0.689624868988825
-0.0262396277797305 -0.0195756738273164 0.295428617690285 0.577487425070937
-0.0110372973247203 0.0323909859908927 0.406181140713071 0.021772367698525
-0.0107581120326762 0.0347457494800496 0.155040446742209 -0.185674636823669
-0.00017134549480416 0.0316982908854466 -0.118500541111863 -0.130224842228301
0.00617639597522846 0.0340444442164031 0.0931771849837756 0.0764632900028095
-0.0236480316811794 0.0466829217115411 -0.157385790621877 0.0439431079499469
-0.00272522025075519 0.00575124061056381 -0.435096640994863 -0.192050873835988
0.0076339718988282 -0.0758174468302441 -0.0823200915849924 -0.546575463717508
0.0738065713261089 -0.086309648740789 0.659006919465088 -0.394142039247322
0.0972191373590737 0.0506472247050013 0.797567969096879 0.375275236779658
0.0236287947133484 0.131630226185302 0.198248815594488 0.57034479734748
-0.0173968883384887 0.132155852100084 0.0796348100964151 -0.00598022828924246
0.0636353601811646 0.106110187490535 -0.200709709846089 -0.558725266562752
0.0924732823323308 0.00284891034226122 -0.814763344812187 -0.230823852521094
0.0351597847962737 -0.0718223378170482 -0.570947571401931 0.619273977378189
-0.0130932451063513 -0.0349652411907628 0.227984695114357 0.629141818908554
-0.00497628192933772 0.0382957696027698 0.421318558564781 0.0836035993781456
-0.0161748661024089 0.0463550340028733 0.181282132090299 -0.159515358445743
-0.00249312858834772 0.0318264392307476 -0.114407040717387 -0.129827242506455
0.00873064819905871 0.0300052994370277 0.0977147843109853 0.0795585292119771
-0.019015964100992 0.0519571641950509 -0.132167941644664 0.0735346340532872
0.00620590777990643 0.0169638197093203 -0.430358571365483 -0.12810266264434
0.00912688135615272 -0.0713301824142918 -0.163301082757353 -0.523357176249157
0.058854667952264 -0.101303766957166 0.562680751364298 -0.50144677288212
0.0995989358891077 0.0274733949898325 0.832607831282114 0.241248616329908
0.0342698758086675 0.122438052634526 0.265495852192198 0.569021372784707
-0.0217939482123454 0.134794762034793 0.081214035725946 0.0501231855350176
0.0481883587648714 0.117045948782983 -0.133842494808802 -0.553671779154061
0.0885698947454784 0.0147065804176032 -0.775965759953776 -0.369183228049045
0.0448932286938817 -0.0743011368008209 -0.680655939983328 0.513359681395236
-0.00248311397724738 -0.0463716030835237 0.140683550915783 0.675392102598535
0.000272748101237019 0.0397613544274303 0.431206615861008 0.156577169976151
-0.015431870080069 0.0519135186099651 0.21042028707252 -0.123886544434924
-0.00391795231399513 0.0268301256500795 -0.110590948966294 -0.126570586304066
0.0146599498396733 0.00128879724214887 0.0801498870079378 0.0854843890684573
-0.00981790278880395 -0.0225765405188465 -0.178379729818584 0.0563304107652041
-0.0500376670299412 -0.0231957484568778 -0.421124657813707 -0.203537326594122
-0.0551438263908816 0.00690737339671052 -0.0601348591179215 -0.582870383617215
-0.0161337159969687 0.00981573854934135 0.649034292097667 -0.397558874985008
-0.0352903227035174 0.0152729363939146 0.748045226779755 0.377194601736034
-0.0281961382425188 -0.0707699074592152 0.173296297354439 0.543801348091224
-0.000994438725104352 -0.0993640418828195 0.0759160832787896 -0.0452909544050666
-0.011162264427298 -0.0513079528266491 -0.240067951687766 -0.571674956744492
-0.0425886062963423 0.021027624430992 -0.84427504482866 -0.198773052770825
-0.0490492979184831 0.0377931732029705 -0.522624758901252 0.609453305939247
-0.0728229624554351 0.0357775219909437 0.285094019690289 0.56739306760694
-0.0393618456526532 -0.00458900448870076 0.433884770972155 0.0601497986891795
0.0146605343003548 -0.0381150283341781 0.156091512292205 -0.136845846404208
0.00823865179025275 -0.010278601137482 -0.131764900000204 -0.111497666543082
0.0120538297078112 0.00933534837841796 0.0770960176806882 0.0820754312977501
-0.0185172588006363 -0.0158616089851044 -0.194220295668906 0.0266058000628798
-0.051013468074564 -0.0227671109789002 -0.421199651362834 -0.253498542533437
-0.0465950256330849 -0.00434113454329801 0.00597373775797886 -0.583378554653498
0.00617451412565479 0.00105883159742149 0.715354731635898 -0.29472986965413
-0.0142762194000519 0.0192194965274194 0.709242152263536 0.481723108060034
-0.015771151678903 -0.0457535943732241 0.127993742784127 0.539039438494651
-0.000741805837039959 -0.0664173937411442 0.0753515727605009 -0.0851631631484669
0.00204187484825485 -0.0242181925416858 -0.292059505510437 -0.561362982870292
-0.0190933938149801 0.0238122155314599 -0.852159885666457 -0.0871456375546992
-0.0396832383316872 0.0283994870679749 -0.430415029060176 0.672699719735947
-0.070515291602331 0.0283632960207429 0.335239943475106 0.529624298798143
-0.0358984653378322 -0.00547690855833614 0.412151707859193 0.00923223474452159
0.0129289819659843 -0.0308908261816155 0.133924044374978 -0.165351974919529
0.00730607008146488 2.70225969177893E-05 -0.130858635658727 -0.115695416053768
0.00896707791402805 0.0173708472242484 0.0769740960614135 0.0788045940159993
-0.0252225688528707 -0.00499162084133159 -0.203113725807323 0.00613605332102627
-0.046406708397936 -0.0215716272713095 -0.419374720723037 -0.284134746597396
-0.031956116793898 -0.0212388199381654 0.0566922140484639 -0.574174513537347
0.0319236939336647 -0.010307558803702 0.756703324171703 -0.218597903484339
0.00876689365024332 0.031902115808455 0.678780742281737 0.552691757868837
-0.00911141155600977 -0.00663480775151193 0.100647669984593 0.532135662928785
-0.00151714750726662 -0.0233763783986142 0.0747941040170162 -0.110382537891544
0.0206348062599593 0.00346932606168218 -0.322579078174925 -0.548051343609104
0.00827556337344189 0.0186234396029651 -0.846496651479923 -0.0131551509236716
-0.0286921178590865 0.0101293396246556 -0.369990091814217 0.712987760146077
-0.0633405523159155 0.019499934758548 0.361424923347237 0.500618001338721
-0.0293351079939341 0.000682422124151445 0.394986948159985 -0.0282007675656173
0.00909183189006956 -0.0164903196231423 0.121815192281638 -0.186976922036562
0.00576146287383823 0.0106641541287122 -0.129285241138717 -0.120639514420465
0.00692565672492021 0.0246744377062166 0.0770958925257265 0.0771474903645939
-0.0289497466447529 0.00864493419529654 -0.20198847500189 -0.00165980342681102
-0.0372901065723792 -0.0180492303140687 -0.418640533814412 -0.292990025984217
-0.0167771575674708 -0.0412050810026875 0.0715326024140592 -0.565254479295641
0.0562530643096781 -0.0238137284212519 0.772126306647431 -0.191523158340108
0.034442763533666 0.0497565976746163 0.674347243608056 0.574461161713431
-0.00536322051403639 0.0410738426423091 0.0936749343894877 0.534059907351909
-0.00386695009624513 0.0262699789744524 0.0747893894272884 -0.113714579635405
0.0422765458799539 0.0303921569756717 -0.328363348267507 -0.543521918331702
0.0371095607305909 0.00791907770906879 -0.839933749009046 0.011046587041839
-0.0150266802305225 -0.0135530594027225 -0.352378633470736 0.728831048418146
-0.0541002650044102 0.00788214140719849 0.361688974865519 0.498330129670844
-0.0233611117909411 0.0103235439690693 0.387426789787438 -0.0382229627474837
0.00300084174757247 0.00141212233546277 0.119871357452725 -0.198768809293913
0.00400849377921621 0.0204538543206137 -0.125396991857868 -0.123765704783393
0.00432668837667638 0.030854318858887 0.0800384660801371 0.0761998719357265
-0.0286497743826303 0.0225074460690675 -0.193401365905206 0.00314222362166193
-0.0252439034896889 -0.0131260275042895 -0.423937138950391 -0.277200037099846
-0.00435794518791008 -0.0584081571216865 0.0481012651244629 -0.558309138667455
0.0721032482673231 -0.0423014178762794 0.762643714636633 -0.22127111663042
0.0596409998801657 0.0628934865068284 0.699554806269627 0.548110159218039
0.000198646315992795 0.0861657076209543 0.10844279165588 0.541720083210797
-0.00686328182285199 0.0732376540537167 0.0763017872484003 -0.096084776950971
0.0593528308420071 0.0574179970713175 -0.307138226947131 -0.543452154375531
0.0636105957579855 -0.0021690665274547 -0.837913749613599 -0.0186897075344321
0.00168999496764854 -0.0383164719396485 -0.383687735140201 0.724785468863188
-0.0412016625294952 -0.00490166880071964 0.342245881325868 0.520589085630372
-0.0170669396508283 0.0212470555685069 0.390361696633053 -0.0232933398991032
-0.00387425257426191 0.0187280911397785 0.129927593783665 -0.198712630859225
0.00204859592230058 0.0278802693445259 -0.121219343642093 -0.126203078249143
0.00559694597827888 0.0333728171247245 0.0864032328343786 0.0752005859972318
-0.0270209389742442 0.0367289725017099 -0.177751534401381 0.0197845470400499
-0.0139933955128942 -0.00445473075057406 -0.432133948538906 -0.240011328123803
0.00403271692937056 -0.0709344138799853 -0.0092587670877992 -0.554955657483862
0.0787321448011486 -0.0644915028392969 0.720618870404505 -0.296176521821458
0.0822488857078457 0.0634703818628758 0.745776963498676 0.476516309297863
0.0114329941746127 0.11744133801192 0.144216280130459 0.554385699452769
-0.0117135450782205 0.110913528947315 0.0763637015955493 -0.0580786466894907
0.0680374862943041 0.0825174544209932 -0.263939707954026 -0.548678488033372
0.0833695431821163 -0.00397810235180254 -0.830367604057602 -0.100885718088383
0.018620894182239 -0.0587844114824996 -0.461045928499993 0.689385222407649
-0.0259046843701025 -0.0192953530601687 0.299787585174889 0.566731601587013
-0.0111313923341622 0.0308607004150525 0.403382123304688 0.0158760459148983
-0.0107606487409337 0.0350655519410111 0.151658595164497 -0.18600435051027
-0.000499838627489715 0.0313929409004838 -0.118667871529276 -0.127444025306665
0.00691076490937622 0.0333110847501718 0.0919156316936646 0.0764522537150478
-0.02318451676506 0.0469168458018831 -0.155472866420538 0.0453541219243495
-0.00296735383979815 0.00609566019458384 -0.434463628392874 -0.185517533967121
0.00744486682504309 -0.0749758067986049 -0.0858732113125393 -0.543115948048406
0.073026509648467 -0.0866055747719983 0.648814429432848 -0.399743443202801
0.0976202991684185 0.0488689523911637 0.794201936286256 0.364176627724247
0.0253373898696667 0.129253634915911 0.202175908948203 0.562898404301026
-0.0159263444503459 0.131450955500324 0.0780764584443752 -0.0060463869140734
0.0640372838492186 0.104839516146434 -0.204653029294753 -0.552169122137175
0.0923836409890172 0.00112633470989373 -0.809473293136287 -0.220875756403897
0.035223450623262 -0.0714703413274755 -0.560779356248621 0.62013957698353
-0.0134499349305522 -0.034215539471547 0.233574776302189 0.622515978951971
-0.00462364814556087 0.0376160827231608 0.418077746079923 0.0772276696467774
-0.0152134538366707 0.0464457532578333 0.178438071886375 -0.160173191502083
-0.0022309759064311 0.0316224951278621 -0.115723879557711 -0.127150155027463
0.00905997980197381 0.02933795521699 0.0974711758588992 0.0774430791761569
-0.0180511437827496 0.0522954459736533 -0.131404279134708 0.0738329577722504
0.00668793089320593 0.0170863124683343 -0.429334610812316 -0.121659113359649
0.00854382261743268 -0.0706627553781214 -0.165772933520461 -0.517382653922856
0.0575785928298867 -0.101317525554375 0.554635603015172 -0.504583700991606
0.0992870332742202 0.0268487879647727 0.827220384227213 0.229452501586415
0.0349863298192731 0.120997134031687 0.26871149749365 0.559812716923954
-0.0200717472135831 0.134499260569462 0.0809257891671366 0.0485165535367617
0.0491791380330534 0.114935336234577 -0.137490431159129 -0.547276688348478
0.0881694905736458 0.0140139407336618 -0.773222034171357 -0.360400011777164
0.0434244090232884 -0.0741810169662165 -0.670531752881456 0.516160597064777
-0.00371711655160425 -0.045537345653647 0.148944769232855 0.667312331420802
0.00102152650545308 0.0396631575304058 0.429712423054803 0.149558404455455
-0.0152923051274329 0.0517254058124619 0.207359136819559 -0.12434726574443
-0.00306110093550114 0.0263659999992996 -0.11076164006875 -0.124000762979548
0.0154719289734065 0.00132218373836731 0.0797084428383871 0.0847005862644158
-0.00983376209015167 -0.0225140127762514 -0.177259041593368 0.0566187293613108
-0.0498747749858387 -0.0222641183438424 -0.419486655661742 -0.198435218765391
-0.0547663839171174 0.00793852758763685 -0.0645002547069418 -0.577881236846289
-0.0160163975171194 0.0099147704989485 0.639292224296992 -0.397735380076716
-0.0354228009943436 0.0154901043677827 0.743993040089446 0.37029719039271
-0.0286687818440579 -0.0705156922809504 0.173338542263513 0.538387816461737
-0.00180568546876252 -0.099999129542298 0.0734617829998028 -0.0455742113619096
-0.0117723891548672 -0.0502889456291053 -0.24413691810191 -0.565609456860975
-0.0409160030131923 0.0208773864665072 -0.839339963789965 -0.189854572015413
-0.0481985995735736 0.038526004354111 -0.512417367945666 0.605878804138111
-0.0715034742910358 0.0362400404390098 0.287604663231275 0.560245382732826
-0.0394785951678306 -0.00397777938163187 0.431101333802046 0.0565148224622517
0.0142337678993683 -0.0375491187228835 0.153601959111517 -0.136747514132432
0.00831956952770744 -0.0101223740604267 -0.131967777252306 -0.109433854332141
0.0121875824495221 0.00881483282501754 0.0767659169564566 0.081057649721295
-0.0182433118137599 -0.0154738526584296 -0.192147674883697 0.0272476573498068
-0.0509425159692605 -0.0220900594468564 -0.42091730811547 -0.249439292814346
-0.0461641736956607 -0.0042435978609729 0.00208088718966919 -0.575728210213599
0.00680571675590901 0.0008569848730471 0.706032780495439 -0.298221058722327
-0.0143271598176915 0.0190205887438235 0.704600254936477 0.474692222177214
-0.016066617545794 -0.0456809324562569 0.131005368255854 0.532237842569015
-0.00114518663098395 -0.0657727225458469 0.0735655873243315 -0.0845919872886033
0.00149955983250583 -0.0237088504790394 -0.292729338771511 -0.552994190390302
-0.0184394547451015 0.0243811057873977 -0.843042670894849 -0.0821242613437547
-0.0391207711748677 0.0284303156861485 -0.421456713280053 0.671082139123918
-0.0697611008950889 0.0284564115061292 0.337755221711564 0.520947556611786
-0.035145521541479 -0.00501569464151535 0.408925890774064 0.00599693436350337
0.0128223918792294 -0.0300910027312631 0.131796731842689 -0.16527307989621
0.00750486521304849 -0.000891421595293675 -0.131308116172435 -0.115067579111835
0.0100302773303583 0.0163531424375215 0.0758205827935833 0.0781454808557374
-0.0245101409068051 -0.00534934997491074 -0.201875468740773 0.00691593867171444
-0.0457237066785258 -0.0206578483775295 -0.417970200715387 -0.279956661409929
-0.0322502666287668 -0.0212620912266097 0.0503805637891534 -0.569848905649376
0.0314244346108239 -0.00997667171313763 0.748242428100778 -0.222557593196251
0.00941358122579661 0.0320555351419106 0.677313703813705 0.541342874536652
-0.00898884157466986 -0.00712474364715301 0.10176924229573 0.528066196894034
-0.00168659106957481 -0.022225202382547 0.0735579799242603 -0.109317275810297
0.0204535476382769 0.00325598875488178 -0.323377074224072 -0.540819291275129
0.00938173563357684 0.017863759846138 -0.839607701365193 -0.00840548315875472
-0.0281048192434073 0.0101993966097456 -0.362054329818633 0.709076365068333
-0.0637661961255996 0.019322142645125 0.362045151522942 0.494523038612913
-0.0297799783952685 0.000682759373403494 0.39116083131105 -0.0305916897923625
0.00876631518043255 -0.0165945925085335 0.118748201722813 -0.186778887597894
0.00555575822031894 0.0109134475851573 -0.128534624307691 -0.11843895727311
0.00748649425793765 0.0240257406068575 0.0766199715069704 0.0761523778375388
-0.0288232237080998 0.00825733605636846 -0.20071845901388 -2.03377454767361E-05
-0.0374107834173733 -0.0176305267562138 -0.419046749736247 -0.286564480655985
-0.0165158433678472 -0.0405257452766474 0.0657289545374102 -0.560263416565276
0.055236575797648 -0.0239887867021902 0.764661331337719 -0.195370817071439
0.0347466361508464 0.0497647910385557 0.672460340777541 0.564035971451962
-0.00388182987083477 0.0394446923834529 0.0966667805579572 0.527592970521404
-0.00415586278712948 0.0252374467335487 0.0737917990510992 -0.112833111574398
0.0420798287614891 0.0296170685865424 -0.329099976911953 -0.535691526110699
0.0371042752926541 0.00756374292214514 -0.8336687538394 0.0171291865940812
-0.0151471635581741 -0.0129046835631606 -0.343862177405301 0.727445315997856
-0.0539000010633162 0.00781179338247739 0.36300928793096 0.489887246365714
-0.0234369010768049 0.0105598718824795 0.383685196556204 -0.0412819922391145
0.00308554195081572 0.0016661332159314 0.117948406893037 -0.198056055706345
0.00433662922567058 0.0206634368140052 -0.125324965813187 -0.122028991678284
0.0059262349229268 0.0302808055870917 0.0796665375587237 0.0741940746517431
-0.0287776577154365 0.0226331176292293 -0.192290353766956 0.00569829035877605
-0.0258954854142221 -0.0128421878436966 -0.42284284171106 -0.270637475732112
-0.00430594936572888 -0.0574661589614582 0.043611788433319 -0.554993225191357
0.0720613259335664 -0.0429879509447614 0.754391088147041 -0.223118940118638
0.0600001344744983 0.0621889034605923 0.697831081549243 0.539917856397305
0.000853991405084995 0.0849492738720484 0.112063782620351 0.53621093948775
-0.00670737929912744 0.0724203996685011 0.0745378104643433 -0.0943330248222585
0.0592034683058827 0.057065634778144 -0.307849333886234 -0.536026026294654
0.0629193856827003 -0.00318672091127203 -0.830279343378126 -0.0131423296388356
0.00141036994592751 -0.037379582605541 -0.377838228401354 0.72005194992539
-0.0404077223595331 -0.00481733864006858 0.344832677058314 0.512819798844575
-0.0170344992593376 0.0215844396127957 0.386769829813174 -0.0271498739880043
-0.00394074548621929 0.0192849683248993 0.128230027127266 -0.1978120450909
0.00254630320875275 0.0269025698982583 -0.122453779621557 -0.124185486830445
0.00558009225364193 0.0329386997201238 0.0862956262720359 0.0731273291200717
-0.026442670668952 0.0368747610041648 -0.176919658509949 0.0212829884367485
-0.0129696202835363 -0.00430486833896933 -0.431083954579406 -0.234930203417784
0.00325544134497538 -0.0704491921502063 -0.0119430421376464 -0.550395402651458
0.0783322474766547 -0.064419493977874 0.711223431266875 -0.299575054909115
0.0825312529214482 0.0622566542612773 0.742384644853068 0.468973587872621
0.0115753670926841 0.117025840506971 0.148259774101541 0.546951432589431
-0.0108736907515833 0.108534214624386 0.0753378745763043 -0.0584743633481427
0.0672968188194525 0.0815593736135478 -0.264466124131098 -0.542293242707088
0.0829579127019838 -0.0050477811038909 -0.824938406878894 -0.0931402607522355
0.0181569514727917 -0.0585039369476063 -0.450335468076561 0.686896358764604
-0.0267252075409383 -0.018973999966666 0.302139272335674 0.560612492879416
-0.0103130791459177 0.0313803366434438 0.400124935494322 0.0116303603086963
-0.0108205648255238 0.0346373210785517 0.149240340956879 -0.185617649074001
0.000468944438053856 0.0313593563350651 -0.118273955270932 -0.125949939417515
0.00760342354635636 0.0329088073917535 0.0918386225771766 0.074553848702437
-0.0216308157279975 0.047359424646813 -0.154047632815954 0.0448004374152789
-0.00286458982741108 0.00605438608942746 -0.434308761741197 -0.179139808672854
0.00699840470741037 -0.0747809297758476 -0.0895337174616532 -0.536358018319165
0.0715140299560686 -0.0869861042719969 0.642609541395292 -0.399780231643651
0.0967109926966603 0.0481041852880214 0.790337491533535 0.353972902995268
0.0255014642891012 0.128639576878415 0.204040808957734 0.556833592588489
-0.0157925988482272 0.130227954350841 0.0767989609085789 -0.00697345818720586
0.063965963275934 0.102558179437957 -0.206775539560362 -0.546684430120446
0.0923805909746967 0.000411550540739783 -0.805547429075455 -0.214339959888665
0.0342404944946635 -0.071287462236359 -0.55274967398677 0.621177387567652
-0.0129708624217453 -0.0334897231824316 0.237232200673086 0.615340137523982
-0.00411914479986354 0.0376760603392544 0.415193011349622 0.0733396839985592
-0.0140274921358027 0.0461916191288677 0.175140595258766 -0.160123970316083
-0.00190990850079693 0.0310274627749473 -0.114671108936715 -0.125345153180422
0.00910518958939088 0.029077101773298 0.097084869046425 0.0763108326330692
-0.0174672325254558 0.0524631177369325 -0.129051903523868 0.0735392230822785
0.0067592440906029 0.0169480264562844 -0.427196905154914 -0.117388144270643
0.00870947186552431 -0.070283929216041 -0.168613200825572 -0.511369741769236
0.0558242878101871 -0.100540636725162 0.545864107086607 -0.502918437144916
0.0989122748901088 0.0255417054774889 0.822267050929764 0.222623118568355
0.0359745229111956 0.118987118517991 0.269219453467186 0.552158897956304
-0.0196806949039501 0.132442346320837 0.0803657375562491 0.0476508926109147
0.0493989348595106 0.113319032482802 -0.139678264537327 -0.541583883454455
0.0883165933672472 0.0129860195780628 -0.768541495768064 -0.350720318333139
0.0424534214887826 -0.0740710818257222 -0.660408535689999 0.517058799056126
-0.0039419824899921 -0.0454864462474353 0.151431398105653 0.661392637281346
0.00112724750922097 0.0399377480235389 0.42827990843308 0.143661954318679
-0.0151762566530376 0.0511267028920668 0.205334363774857 -0.124430611136294
-0.00329748229842037 0.026487063909296 -0.111321056036902 -0.122464109679852
0.0146951830106376 0.00130903044375699 0.0792651468825592 0.0837914776837453
-0.00939393005793928 -0.0224450568967137 -0.175284504888405 0.0577153620322875
-0.04983152683896 -0.0213822426412604 -0.418063490623547 -0.193937081277495
-0.0533990105185462 0.00742427474233464 -0.0655958873900252 -0.571793047145136
-0.0155191505651689 0.00991914474191971 0.632721299365112 -0.398126582556149
-0.0347250108241676 0.0152235038039262 0.73804280773531 0.362440749554875
-0.0285490304380317 -0.0699591826465385 0.176546171838188 0.531598205808705
-0.00269883686557294 -0.0984041233921232 0.0726709770716829 -0.0452492888139717
-0.0112131047000004 -0.0504365917743531 -0.243432984782335 -0.55661472946612
-0.0405428283600549 0.0211492682085588 -0.832124849006564 -0.183954868917873
-0.0474122995548313 0.0385726656655653 -0.505815783976764 0.606323365781101
-0.0715783626685059 0.036586488588027 0.288990464947744 0.553164926843675
-0.0390627972255788 -0.00464924996031043 0.427337787490459 0.0520384817232243
0.0134282612467714 -0.0379315056192947 0.15178010315973 -0.136244391373838
0.00826888844555624 -0.00960572632622166 -0.130366423270706 -0.108901229503801
0.012293201965817 0.00835817010646414 0.0767717964557563 0.0796558381729112
-0.0177850316572219 -0.0150171488098511 -0.190743300070865 0.0282081400569579
-0.0499360754672817 -0.0213818200541491 -0.417442327212842 -0.241447935099371
-0.0453933205987627 -0.00391745416079293 -0.000568282554681294 -0.57300380962005
0.00688283503953338 0.00120916764034078 0.698113428624203 -0.299460855350399
-0.0137862107190569 0.0191540616790896 0.701893496929077 0.465888080326465
-0.0162736766795696 -0.0456578770012876 0.13307104940933 0.527197378275552
-0.0017132894943661 -0.0660041029022979 0.0723048856395972 -0.0839316612493241
0.0013330394240909 -0.0237891883894788 -0.291614197257195 -0.549246605861494
-0.0164659190434206 0.0246965992585664 -0.835955789113566 -0.0753481561919525
-0.0388343602599963 0.0289871437136535 -0.414892433838777 0.6669124703549
-0.0687486876886601 0.0286983268847302 0.337967918180958 0.513764757303744
-0.0346753401815852 -0.00453790496132331 0.405776709010963 0.00208027794335804
0.0127250583810569 -0.0294670890452277 0.129369051194422 -0.164545560324394
0.00709380529047039 0.000138620256163666 -0.130622976754954 -0.11360211629809
0.00960608358859342 0.015967415037573 0.0750667427311367 0.0776434986726211
-0.0243479313592291 -0.00424771506408554 -0.201079857735032 0.00869336885826306
-0.0461998837244701 -0.0208004463566071 -0.416895431103225 -0.272636663342383
-0.0316624139719517 -0.021746378628416 0.0478324789773349 -0.563928543851785
0.03126814448043 -0.0098944203680459 0.739840021637762 -0.225309199033993
0.00957618611054148 0.0320515502022373 0.673854774455385 0.532683163694474
-0.0093642845370179 -0.00717979724328324 0.103934315241959 0.521159985544764
-0.00288204787144544 -0.0232700177518108 0.0713852579704469 -0.107442639787898
0.0199523497840135 0.00332442034620793 -0.322157486219935 -0.534721479882817
0.00966990351707206 0.0177815354919859 -0.831928885440022 -0.00140576680816296
-0.0278292361470908 0.0105036386405908 -0.354925895453386 0.705129838513875
-0.062476137232441 0.0191887879253684 0.362556278444691 0.486981642138964
-0.0295783215136974 0.00084152547963243 0.388153391668811 -0.0328608700123406
0.00881696068490603 -0.0160677002164111 0.115869418368776 -0.185822388118208
0.00582412888307397 0.0101307911115045 -0.128129437730112 -0.117694605908597
0.00756841469377658 0.0240975588593494 0.0764743468785109 0.0753676405204149
-0.0275187763534066 0.00889055779963959 -0.199486874322406 0.00138527556598058
-0.0367504107063223 -0.0171889187899995 -0.417880360352374 -0.280373844212165
-0.016696068159316 -0.0398474289729763 0.0641745470035777 -0.556647081698638
0.0552361758801389 -0.0240274797882321 0.75706084842064 -0.197693827933291
0.0344533952813182 0.0484156043097219 0.669843640677247 0.555228836388638
-0.00473428704747639 0.0389371278111964 0.0992324266220769 0.52293010382036
-0.00343297243545488 0.0250501632143858 0.0723121521493146 -0.112545893945926
0.0413549367746157 0.0291915496267203 -0.326642812094723 -0.528574220302897
0.0378207213792675 0.00677289306293288 -0.826771609244031 0.020882417506807
-0.0150112444868225 -0.0127449879994103 -0.339139964783122 0.721290968699865
-0.0534691153794181 0.00792253500790286 0.364940307526144 0.484282787996068
-0.0233616958496289 0.0101467914401168 0.379897601176593 -0.0434727013329547
0.00317688016517866 0.0015786241474156 0.114934357444413 -0.196504013136535
0.00462090313165293 0.0204379152017081 -0.124295574720197 -0.120491116888469
0.00580209039544502 0.0294196289179988 0.0797488405093859 0.0733804266481781
-0.0276638527347015 0.0232325845049403 -0.190070908333888 0.00585357934625675
-0.0250516497145811 -0.0117598315208814 -0.420619949356834 -0.264311221023115
-0.00450105986219989 -0.0577481523490667 0.0406555187789853 -0.549764361257877
0.0707166097594693 -0.0420494212868877 0.746289131315768 -0.226142577326987
0.0602666413115253 0.0613420627780296 0.693797375086601 0.532048485181628
0.000986115345432808 0.0833845427327904 0.112478617550372 0.530217363889778
-0.00738037908837081 0.0711489626179843 0.0721705704865036 -0.0944327976023536
0.058815893092048 0.0548414217052498 -0.308540528256594 -0.529467805206381
0.0634456411272128 -0.00257703410063699 -0.822266654202215 -0.00835151800583862
0.001088332580143 -0.0364500949374616 -0.36928206304627 0.716062285987528
-0.0406541846933736 -0.00532900122692785 0.343810096737855 0.506864105144935
-0.0170807617192814 0.0212924573461973 0.383445000156851 -0.0299758728952688
-0.00445162223508281 0.0197828157971081 0.125931990626571 -0.195986280349656
0.00203750743067669 0.0267346599436314 -0.121475080579859 -0.12306984122318
0.00687243820423852 0.0323794627035415 0.0849129503605074 0.0722793080786843
-0.0265217496220816 0.0366588172803493 -0.175227445075264 0.0217407856813872
-0.0137096170637807 -0.00429514107552509 -0.428558361347351 -0.228685042866934
0.00233962797020635 -0.070205859178878 -0.0147243830828414 -0.54568133312469
0.0765752673515554 -0.0639192647310757 0.704439617035973 -0.302066248988301
0.0824661432877748 0.0617735042691916 0.738020999423449 0.459275454196752
0.0114404376099147 0.114665056900878 0.149274320053207 0.5414451578667
-0.0106354704533873 0.107452915399785 0.0738379350688916 -0.0571056290337296
0.0677734313825991 0.0800919880042948 -0.264245981148714 -0.534786318888344
0.0827162908116826 -0.00575948336179603 -0.817825771197195 -0.0885160912235901
0.0181776910280247 -0.0572573966153563 -0.442231861481968 0.683137163048653
-0.027513808347652 -0.0188529356287687 0.303198120918199 0.554190687750102
-0.0108005368231743 0.0308796247848855 0.397514025802895 0.00863273746870616
-0.00995821260129614 0.0357959555038398 0.145865174629287 -0.184307482703295
0.000104672956856572 0.030857238019248 -0.11804103126566 -0.124441626510187
0.00796026591448786 0.0318687008670368 0.0913758361664739 0.0729520328858022
-0.0219086744051977 0.0478309597524811 -0.153107674791689 0.0463215768264193
-0.00224378260282283 0.00627592330645707 -0.429796892121033 -0.17312733105789
0.00630409723840667 -0.0747541545014218 -0.0915349669416112 -0.531297626179113
0.0711975277765452 -0.0853098584743547 0.633694740265109 -0.400900882291156
0.0971780226601425 0.0470499226070359 0.783608397346287 0.347059181457065
0.0250670820757721 0.126176416986105 0.204752503242792 0.550207216305238
-0.0149148549317912 0.128313706743328 0.0755663557719891 -0.00714764631722384
0.0634035400480291 0.100522851088024 -0.204361652818708 -0.539328727034541
0.0929249110570041 0.000239822646845918 -0.798459391310161 -0.207458806844964
0.0335700398333346 -0.0706635165219124 -0.540873317435748 0.617383127904746
-0.0145846027949433 -0.0337709211846859 0.23873569181316 0.607419866535575
-0.00404026866678507 0.0377443648394336 0.412183963869519 0.069055317318069
-0.0144296369803467 0.0461422591471611 0.173197238096058 -0.159426819582106
-0.00154101504972403 0.0303001557133486 -0.114614402453511 -0.122903050026579
0.00995574533930778 0.0274766716777569 0.0964258866523214 0.0751027908696778
-0.0171884080332402 0.0514365428269995 -0.128516716694297 0.0731878890127648
0.00682964857533407 0.0160543321559044 -0.424990812354954 -0.112579473286803
0.00795478248319099 -0.0695318705228822 -0.169462322511884 -0.506485139111926
0.0553839585128556 -0.0989937296001551 0.537151117275786 -0.500039390627611
0.0981052711193727 0.0249829595265569 0.815411805112979 0.216160764882789
0.0362387791021417 0.116624434635833 0.268857325657977 0.546236179846925
-0.0196510733160933 0.131321539088206 0.0792570444838839 0.0470420340307585
0.0491489298325355 0.111624001858356 -0.140781278725446 -0.535060086665115
0.0881932213519288 0.0126874247094379 -0.764572689457134 -0.342318752754677
0.0428247717278776 -0.0733812539619562 -0.650126888171562 0.517847941322482
-0.00446142601229759 -0.0452108004073589 0.154656292363705 0.654800743894001
0.00118854500878405 0.0389559425898554 0.42536374492788 0.140058188474348
-0.0143734633016254 0.051532682212336 0.202605657087174 -0.125212609950257
-0.00273401191764127 0.0266469960838148 -0.110286929754093 -0.120842246423989
0.0147500258821896 0.00110520872770053 0.0786698393958189 0.0828786924142649
-0.00969754982326422 -0.0217182598409284 -0.174437325130694 0.0578903398417105
-0.0490361636063124 -0.0212976924478764 -0.414004624300289 -0.189781233650843
-0.053440973446178 0.00782660978400685 -0.0670560681702593 -0.56595370562721
-0.0149003589460841 0.0104802886278132 0.625924229294022 -0.396385166854012
-0.0334402901046127 0.0160301194912064 0.731881719888591 0.35610318562852
-0.0281953476192843 -0.0692305360638774 0.174614863296289 0.524613914786452
-0.00382856787469546 -0.0986230886364143 0.0716083716722498 -0.044942954014708
-0.0116319420979432 -0.0495183978773028 -0.242385076560926 -0.551732198967376
-0.0394268521657291 0.021224650879962 -0.826508931030151 -0.178845428524966
-0.046681521655105 0.0383891989422787 -0.498277498085532 0.60021552976787
-0.0698972459771429 0.0365993786142418 0.289580878154458 0.546505472406178
-0.0385563286985683 -0.00362038786908475 0.423500547943969 0.0496005995646965
0.012839768533837 -0.0376038850590293 0.149908769636468 -0.135936411001589
0.00770736607198275 -0.00901544987183607 -0.129990447309936 -0.106632606824239
0.0123444540363314 0.008710198216521 0.0755561038235756 0.0782380751350315
-0.0179139188189453 -0.0146791245116491 -0.189117673738781 0.0296339718815395
-0.0504170296290196 -0.0210632177933167 -0.415587375457431 -0.238647044280634
-0.0456121297131557 -0.00390404097631388 -0.00195212574357493 -0.567056871704016
0.00671922990356817 0.00142322280760208 0.690605048760664 -0.299171264146333
-0.0134566256397617 0.0193720272966255 0.69654089560406 0.456134141342206
-0.0163260590979947 -0.0454348192299843 0.133435119786094 0.521745505967796
-0.00202371564237128 -0.0651492600971129 0.0712432609620919 -0.0836282283886899
0.00147910834103571 -0.023778674657924 -0.290528665444537 -0.542237074238142
-0.0166601308286504 0.0237841727193471 -0.830147309239475 -0.0731731750531681
-0.0381279640163442 0.0294901358386411 -0.409503209185274 0.660760995109339
-0.0685186025665803 0.0292762200068214 0.337518353106844 0.506599302930817
-0.0348819193641964 -0.00437611575902902 0.401479625193953 0.00028143651456074
0.0114955106665473 -0.02969411937571 0.127717373519433 -0.163414669583222
0.00725201835507253 6.86455022512102E-05 -0.129863213623763 -0.111899932727193
0.0101542733822375 0.0160920780911405 0.0748732544571564 0.075911923139979
-0.0235160321663666 -0.00354590144027014 -0.198814096985515 0.00896282132818688
-0.0450602903894499 -0.0203690535768717 -0.414626146868982 -0.267338651210257
-0.0317966809788696 -0.0206386663196824 0.045887566204438 -0.559096240554219
0.0315085208138697 -0.00947241394112882 0.732512661483785 -0.226116541639045
0.0103973421262758 0.0313047641979889 0.667912728017168 0.525321734309382
-0.00865872451433083 -0.00830379934178117 0.104819732570751 0.514697861295998
-0.00255955011272462 -0.0228936702183569 0.0707007348774724 -0.107882024385408
0.0200464226143751 0.00235396481208852 -0.320854270701862 -0.529137587955302
0.0100624731391612 0.0178795052710353 -0.825378521427635 1.00733479588158E-05
-0.02757547400105 0.0113653144600038 -0.349530049388191 0.699611554126096
-0.0633116175876715 0.0193569802775029 0.361097375575621 0.480581751501086
-0.0288667287723936 0.000371364693000968 0.385058294927461 -0.0354001176605618
0.00843234670527019 -0.0158865884005716 0.1144761628419 -0.184245972114574
0.0063452466375743 0.0101016767624703 -0.127505260123853 -0.115888376139204
0.00796336791210583 0.0231976658662353 0.0757521726630635 0.0738384432223936
-0.027617909573704 0.00912211855167314 -0.198211359837097 0.00200731646174534
-0.0366154129527281 -0.0171069824905821 -0.413955284025588 -0.274702077009284
-0.0172246479826594 -0.0395633114051229 0.0587870661781844 -0.550831010439408
0.0545385322500998 -0.023969051702407 0.747661428285548 -0.201442530860413
0.034547461482823 0.048387295044446 0.666740382068329 0.547165160344521
-0.00473228012985626 0.0385829639685473 0.0981991546310744 0.51699963741493
-0.00445096710621872 0.0243821628691425 0.0710908416595509 -0.110928369892557
0.0411942970120908 0.0285565570220936 -0.326917553420457 -0.522502914618436
0.0386520642650542 0.00721549619168078 -0.818953151891146 0.0239496665525207
-0.0149911727515576 -0.0120005677369652 -0.332308261122175 0.71620880554933
-0.0533652530707116 0.0081824070211338 0.363464281808532 0.477268805723318
-0.0232664335481116 0.0106132838954802 0.376037045332968 -0.0455073197786475
0.00272048832304639 0.0020173220159866 0.112688818528087 -0.195883910443239
0.00556733467720479 0.0195174339927688 -0.125047331405281 -0.119096253007695
0.00623693457669137 0.0291512472133124 0.0783501550596289 0.072392838665391
-0.0278388084222705 0.0234486608005017 -0.190380546954148 0.00650589032768894
-0.0248557818244988 -0.0117833856847951 -0.420198582160195 -0.258924957154174
-0.00547034320244745 -0.0571467173527948 0.0384545606108294 -0.545526999194921
0.0701248201697207 -0.041891270397405 0.737540029330189 -0.227321440611423
0.059700499428223 0.0603067669809823 0.690269237816931 0.522139173270782
0.00123223113789438 0.0831333213111955 0.111934281141095 0.524506586709871
-0.00681867266299467 0.0702896758857344 0.0703336694371818 -0.0929315084970633
0.0575798027499992 0.0543768311818086 -0.306071772907986 -0.522517665365783
0.0628036852754292 -0.00270746924176597 -0.814770356980784 -0.00576949599828244
0.000775841625744782 -0.0362822318112084 -0.363691855659289 0.709748562547031
-0.0411460520369214 -0.00468323790547565 0.343708995995723 0.501026349940848
-0.0167558993101964 0.0212063329132016 0.381096183322486 -0.0316153256297053
-0.00387207295673641 0.0197756416176501 0.12427216914801 -0.195374342405846
0.00195980003506654 0.027161766443674 -0.120893844156523 -0.121527377255691
0.00682834268373884 0.0318111707714807 0.0841944195470841 0.0712071524664051
-0.0251834990080146 0.0374187322503892 -0.174202559652216 0.0226372906193175
-0.014127344867969 -0.0036911088818213 -0.427731458466939 -0.223481623496205
0.00230192091693059 -0.0696478567165478 -0.0172612160825083 -0.540171964571871
0.0766251342953737 -0.0636976612794873 0.696864390570208 -0.301433519751462
0.0820076826209614 0.0601010057710437 0.732674090197553 0.452211245545431
0.0121785604915246 0.112949874572542 0.148974773722923 0.534978277339888
-0.0103470420532479 0.106690709263071 0.0726004208973337 -0.057459131777159
0.0664977813143074 0.0789659120539694 -0.263135430003725 -0.530548886848054
0.0828823638900087 -0.00617811064096911 -0.809948624583335 -0.0836130145438786
0.0182648734695699 -0.0573021924139455 -0.43616829182122 0.678074837696915
-0.0273195261367765 -0.0195674546033483 0.303331914737852 0.546699051861103
-0.0105952440866011 0.0316713234877482 0.393741453658447 0.00651854179732094
-0.0100658812738716 0.0355713197229554 0.144249299378311 -0.182943752742471
0.00077897024594023 0.030041949381089 -0.117997232703943 -0.122095080624469
0.00817530069765152 0.0307812513700364 0.0908021458420767 0.0718630340102413
-0.0213749445284642 0.0467699338653967 -0.152189654347442 0.0458444489136609
-0.00254964061538991 0.00652161802640028 -0.429062984002984 -0.16929510268376
0.00549315914040205 -0.0741305956981082 -0.091664877537828 -0.526766216993541
0.0705926393901572 -0.0846798838331545 0.627200005924222 -0.401345918564751
0.0965496183429789 0.0466360055912433 0.777060191419925 0.339594525599832
0.0256890805253806 0.124071601059227 0.20454982736445 0.5436751173472
-0.0143384529897308 0.127301265368365 0.0746478111873863 -0.0072897695788178
0.0624033000823901 0.0999868037092441 -0.205948376350451 -0.534330599467169
0.0920475601751403 0.000112538517638504 -0.793050595450034 -0.203986800259413
0.0335198078090586 -0.0701832066709382 -0.534548528725834 0.614005127511307
-0.0136196553980126 -0.0336217749085952 0.240659242863963 0.599418522472741
-0.00437587132873719 0.0369824114342685 0.409264164151975 0.0659004754154169
-0.0130450159843861 0.0457775551704341 0.170571047426666 -0.158270264984663
-0.000995214511738937 0.0301981924027088 -0.114049471588653 -0.121828018079644
0.0102234102623375 0.0269460558182336 0.0954426960067749 0.0742369956631574
-0.0169718947104247 0.0520847198160765 -0.126948240243107 0.073131195660837
0.00655438289456776 0.016635581130293 -0.422475595254241 -0.108621827741125
0.00677498946889651 -0.0693802130960243 -0.16970877645014 -0.501060662649193
0.0545534275134621 -0.098420665645577 0.52943102268321 -0.498035595483439
0.09800391659471 0.0246383697273563 0.80972179025197 0.210164487895161
0.0358881780503176 0.115735760971492 0.267936676629026 0.538875163255684
-0.0190095039287277 0.129832732540858 0.0775268777202874 0.0466902983134237
0.048389666082526 0.110467611459988 -0.141517641621157 -0.529924053521007
0.0876823349337821 0.0123799863754112 -0.757721669766152 -0.337816846398882
0.0417656533129574 -0.0724231788556277 -0.644092497159716 0.514549240768374
-0.00489308330514614 -0.0448327865152473 0.156972158600089 0.647937342105675
0.00135263207744319 0.0388024448592924 0.422590372561774 0.13524190909537
-0.0138188354329535 0.0507467656233268 0.199504820425864 -0.124426484163692
-0.00226187249779649 0.0263921741320954 -0.109739896070578 -0.119670539293442
0.015055203334152 8.94050903974789E-05 0.0723862370938321 0.0863061208169707
-0.0061932337015042 -0.020853192437509 -0.175958544536752 0.048305566710177
-0.0489422271558403 -0.0188710781657369 -0.397181595002581 -0.204076778506518
-0.0584267207074019 0.00707862761172846 -0.0398203169979511 -0.557904457012759
-0.023949645726081 0.00572389145934148 0.63064536556262 -0.362582724839657
-0.0329488598359557 0.00813683008677802 0.699242169580764 0.379654432210153
-0.0230457685763146 -0.0663457898477545 0.150867059351888 0.524862917643714
0.00250224111699935 -0.0991533884668062 0.0719646725375031 -0.0434459904513465
-0.0117062115088866 -0.0561814232010641 -0.21870635636047 -0.555372111897996
-0.0461039723362857 0.0216777934684681 -0.809606829041115 -0.203740784811667
-0.0493313425656506 0.042652904752659 -0.514742839011926 0.570875005727997
-0.0629301321774721 0.0402239463724285 0.257994893152284 0.549117947195027
-0.0323006521112183 -0.00528094497905251 0.412325977649704 0.0677702209038482
0.017101622244368 -0.0383100339106086 0.154965030562423 -0.125490461995029
0.00616261064189929 -0.009518151757244 -0.120973698824102 -0.112868315672467
0.0125534828520887 0.00793126077836018 0.0708564123850091 0.0828062876595885
-0.01527551679167 -0.0139304743738282 -0.190090179695649 0.0198506279760709
-0.0501365438936757 -0.0180944226698432 -0.3957221870448 -0.250865011847559
-0.0492273635002138 -0.00450441513103717 0.0230124214160029 -0.555337592587266
-0.00129090247751956 -0.00303565740101573 0.690024741184423 -0.263034767811144
-0.0119014314797048 0.0127300794823001 0.661701666000139 0.477254982244346
-0.0131083852788679 -0.0415437976097515 0.109249116513055 0.518405477798919
0.0015056312561323 -0.0667125119341212 0.0721482762661537 -0.080639757805601
-4.25067177666147E-05 -0.0294416618519359 -0.268519801448086 -0.546695464576985
-0.0230147756425109 0.026237319152115 -0.818660801126593 -0.0982937262451277
-0.0393556630936698 0.033468053030396 -0.42953003439751 0.635807424242241
-0.0603268827393428 0.0322462362126789 0.306579849555157 0.512445115836569
-0.0290502152975212 -0.00555601857544009 0.393848173593583 0.0182064683669269
0.0155854947838051 -0.0313011821856983 0.134716452544604 -0.153911227941556
0.0052072157768453 0.000238871068730306 -0.119984356704334 -0.117007790263216
0.00927337009434611 0.0150023435593997 0.0704751121371103 0.079833216661772
-0.0217644376655417 -0.00331106149285269 -0.197650946804737 0.000279548339804595
-0.045609093071103 -0.017105976458939 -0.392539781036243 -0.280991115907544
-0.0347318385032651 -0.0205968923295542 0.071020048704281 -0.549007371222811
0.0242172855026747 -0.0135896023730997 0.727125416545907 -0.191597036277016
0.0109286170560728 0.0260451779178415 0.630879621600899 0.543281159264216
-0.00789617072048879 -0.00385491605477204 0.0830300657746446 0.51246933722953
-0.00111524835154237 -0.0242365307149085 0.0726971119137414 -0.103300732447287
0.0166603605738403 -0.000485773286357491 -0.298049907673439 -0.534195639176024
0.00424689295604651 0.0216225880323274 -0.815810541098661 -0.0246924115023536
-0.0279077349866508 0.0161280713820721 -0.370390709439701 0.674406589988411
-0.0531658573528103 0.0222167618645717 0.332662506516849 0.486069608840728
-0.0232651982810204 -0.000387533003497774 0.377128270317942 -0.0164981559721877
0.011774607742954 -0.017067770160372 0.122782021878604 -0.174586982686164
0.00416676416685611 0.0104269682688979 -0.11814851122291 -0.120491890161019
0.00679233518078623 0.0227260105807162 0.0716063231103939 0.0774525285939077
-0.026093436619805 0.0090469157852853 -0.196089171267401 -0.00789318527798951
-0.0376589633892601 -0.0130601476823087 -0.391871087797673 -0.288821890879164
-0.0197199499442885 -0.0390386801902303 0.0835624612844622 -0.541021299864238
0.0479591281213667 -0.0264207302842788 0.7433533507856 -0.168212065836612
0.0347638989699883 0.0441425803565228 0.626858098858797 0.562935784928438
-0.00605909927954518 0.0421812406418817 0.0777229795960368 0.513374557182844
-0.00559641294782917 0.0234301522533627 0.0735902044469432 -0.106645867340292
0.0369910637473223 0.0259148126005206 -0.305864697040398 -0.528429873287005
0.0330003091466625 0.0112147607981303 -0.808693224244897 -0.00127852502078298
-0.0139895028755758 -0.0068763483810653 -0.354068577994427 0.692055890277347
-0.0439344790887207 0.0117935358713806 0.333900197121319 0.483420611524961
-0.0178648007093216 0.00943041250174511 0.370673206375416 -0.0278830517698429
0.00537416026414651 -0.000781740934194449 0.120983879746297 -0.186262574165474
0.00160491800753492 0.0198064164976055 -0.114743551199132 -0.124349671659115
0.00504275365434281 0.0279031091753527 0.0743155204911315 0.0765923394646729
-0.028086633556341 0.0231622719400094 -0.187161716672554 -0.00243880870263551
-0.0259107285887674 -0.00775971333660922 -0.398142479642908 -0.274748355729174
-0.00735658060871702 -0.0555223102611733 0.0614011466908948 -0.536976827488235
0.0647700558147442 -0.0432099870647469 0.734338161794546 -0.197230731149064
0.0590828058763937 0.057937205918316 0.652365428715688 0.540746308583897
-0.00273981962387095 0.0857228104216619 0.0922461489142591 0.522718768966775
-0.0113507323047545 0.0701954888748234 0.073294201798454 -0.0891841183515776
0.053232312752773 0.0520809093399584 -0.285154040109712 -0.527720839035109
0.0586522839034227 0.00229856911917425 -0.805375884297947 -0.0306560270974055
0.00294464470291603 -0.0307023371979768 -0.384475938767788 0.684820992864045
-0.0316788841815991 0.000462021421167372 0.315923794640717 0.507210089706328
-0.0119788910429105 0.0210224408503058 0.373205477974122 -0.0136276289998905
-0.00196734684045945 0.0170907908556392 0.131080116287982 -0.185406482471619
-0.000237451432412944 0.0264607084935817 -0.111644806417588 -0.126042852953997
0.00523330697873707 0.0304205303238742 0.0809671536789805 0.0754757022399926
-0.025991036825318 0.0367314161469353 -0.171641893213255 0.0132225673776556
-0.0145609375059743 0.00181850105894872 -0.406974970335652 -0.239913562324869
0.00107292522744821 -0.0665999112945622 0.00661496292753298 -0.535629898853058
0.0710523697649783 -0.0632971759410288 0.695503890055554 -0.273078250102065
0.0803612859491342 0.0581473468041511 0.698535625800517 0.471208183877944
0.00611316026180558 0.117715989614177 0.12782568239016 0.535970167083884
-0.0168322149371071 0.10641082023279 0.0732862720441828 -0.0523395901282483
0.0601863178516978 0.0777657276407319 -0.243226360750513 -0.530569357246844
0.0786556910103963 -0.000651154120508771 -0.797472533184893 -0.110361292632033
0.0207930317651069 -0.0521315523620808 -0.451872972736605 0.650054561291408
-0.0177901235632894 -0.0126129919854367 0.275443242597852 0.548583885347296
-0.00573658045437907 0.0314842824632455 0.384286871853219 0.0253468965307026
-0.00788096155048235 0.0327371765101059 0.150000304809243 -0.172166059903208
-0.00201227157394664 0.029759033724051 -0.108588398204865 -0.126767114926431
0.00666889968679538 0.0303657412419674 0.0873655210482172 0.076196237872284
-0.0231760380681681 0.0466868691469082 -0.151457738506069 0.0379183286249745
-0.0037966665663073 0.0120774113860795 -0.410645884079465 -0.187620878813784
0.00503327563600396 -0.0692444093358104 -0.0679905169183381 -0.524450351491215
0.0655651007164083 -0.0833480967152422 0.629988852002253 -0.372703044337659
0.0938153498224115 0.045205615605924 0.748750530374024 0.36479001755752
0.019404328101095 0.12875193447848 0.18304608916042 0.546137564064047
-0.0226401468955233 0.127476963108035 0.0736782984185846 -0.00273587958193033
0.0569830921877101 0.09727839550612 -0.187460450518713 -0.534481776597609
0.0866140808488683 0.00393142920608883 -0.775940979916092 -0.226136422463952
0.0351702153068003 -0.0640118662472637 -0.546624475505594 0.584868829017679
-0.00558672035403907 -0.0253092123236554 0.210785252279476 0.599821113351609
-5.21529683028231E-05 0.0390445258883007 0.396795351671177 0.08510027523685
-0.0126963834166879 0.0432507241836656 0.175538942833174 -0.146782265826213
-0.00343967081000355 0.0289567757845121 -0.104838592801171 -0.126143736463457
0.00854929434291613 0.0261929628203727 0.0911406754482958 0.0790881974096257
-0.0183768552907428 0.0513887705255237 -0.127810633451804 0.0645468831250168
0.00580646900339924 0.0222909777042849 -0.406858072171052 -0.128381148401096
0.00656346383107509 -0.0646028430269998 -0.145586197463926 -0.503156941447787
0.0513708388311589 -0.0960986990114659 0.539755107780414 -0.473374439129695
0.096269542184853 0.0228213227855129 0.782704517424745 0.239088877639932
0.0303096525665582 0.120574455022912 0.245419974994616 0.544327392178884
-0.0266508163448309 0.130253827720931 0.0752511331143045 0.0507818656127991
0.0429347879192608 0.107435052831292 -0.123153444207467 -0.528359542605401
0.0821353831320208 0.0147453354030459 -0.737734562439996 -0.356944555906646
0.0429449324577428 -0.0664151395203394 -0.64898594703823 0.482135920340169
0.00278302197792722 -0.0343981114904473 0.128923313482293 0.642760300251153
0.00553470190456886 0.042134478608785 0.406302579402866 0.153770858882312
-0.0120117866443585 0.0489309689259507 0.201682028784763 -0.111727476332377
-0.00446794543899143 0.0255342793554658 -0.0999991011748401 -0.123109194834343
0.0147771503031968 0.000133690690946026 0.0720781879612774 0.0854300159800807
-0.00582028112455478 -0.0205300489115268 -0.176028285545629 0.0479745208105342
-0.0479994124977995 -0.0182540781335601 -0.393943385089327 -0.200515381468466
-0.0575570186788971 0.00585653020352914 -0.0396248724943971 -0.553817353042373
-0.0242119187830141 0.0053685563092939 0.625760308626698 -0.360577526021085
-0.032669633048557 0.00845444487506723 0.694150089144823 0.376334683870161
-0.0236167135460302 -0.0660741169996449 0.147522442513872 0.519507952717509
0.00195283399170358 -0.098661014760441 0.0707703470974269 -0.0424095508638066
-0.012064264886348 -0.0556211823639947 -0.216561707017006 -0.550309993492683
-0.0452046975496929 0.022090368273437 -0.8047163765126 -0.203360807695244
-0.0489784688099451 0.0425634167441988 -0.512603364325161 0.56676243000749
-0.0625901783083569 0.0409384014022778 0.256342101570334 0.54440798561082
-0.031901786386309 -0.00512698837099252 0.41062065302496 0.0664122870627059
0.0171766797109911 -0.0373416135505461 0.154699160572314 -0.124826602048994
0.00614769576306213 -0.00819120875454211 -0.119623328954261 -0.111546401674087
0.0123921473704504 0.0078062420092313 0.0707953494470628 0.0821085401876563
-0.0143512607146721 -0.0132745139368102 -0.18892213176245 0.0202765594272774
-0.0498076870680681 -0.0175979888335549 -0.394586308889943 -0.249795504835374
-0.0495402720630186 -0.00471413300214676 0.0239132275619127 -0.551873527730722
-0.00167203840020501 -0.0028953709521577 0.685708121515228 -0.262503991086418
-0.0114197868026818 0.0127946104320533 0.65517523788918 0.472706710274584
-0.0136072081567166 -0.0412237474875662 0.107577838322263 0.513265897992517
0.000619022449407903 -0.0661377407245954 0.0714981059951242 -0.0790737768269392
-0.000548672513326548 -0.0290757552803444 -0.265625222578573 -0.541812430908401
-0.0216824346621304 0.025867976252951 -0.810431649642123 -0.0981184847744564
-0.0391652484788646 0.0329029893644904 -0.426825728694657 0.631101074239801
-0.0602112039142026 0.0320533899405141 0.304195504574869 0.508248935565519
-0.0279656498939425 -0.00598289380094853 0.390260064011169 0.0174620846152349
0.0152942322884245 -0.0303499846451474 0.133351150711943 -0.153011283221719
0.00547937980558849 0.000533973405322113 -0.11930213712597 -0.11628293912022
0.00929811163611284 0.0147629355881358 0.0698840433257844 0.0791568353623907
-0.0214652736348803 -0.00356005154081365 -0.196588228482373 0.000172544369891639
-0.0459949818095673 -0.0169189946248048 -0.389758871334537 -0.279062925960021
-0.0347638909107117 -0.0205694941418485 0.0701589684809517 -0.544790638464227
0.0244144671355555 -0.0135112292604904 0.722369540433189 -0.191633362519128
0.0111711720041329 0.0264183659587763 0.62703886838869 0.537312205926997
-0.00797450655312661 -0.00503396010387424 0.0812378985736672 0.50857088536167
-0.0013734961515456 -0.0250182749585581 0.0716735790707658 -0.102928636938175
0.0162499454781862 -0.00144535049489318 -0.296091989376884 -0.530174411161934
0.00498581168185191 0.021267722237545 -0.808063660535574 -0.0252692321217586
-0.0272630098064218 0.0160767404161294 -0.369096126302735 0.670432132520491
-0.0532203007045336 0.0219684462051735 0.330524753816813 0.482119228343396
-0.0226559567314634 -0.000284998715002201 0.375398801640102 -0.0162988199028245
0.0113751760843696 -0.0172349201176985 0.120751403212543 -0.173657904536926
0.00386860348433332 0.0101287453918147 -0.117714420922121 -0.120230980597144
0.00712159499061429 0.0221305187263142 0.0708260009138968 0.0768655845093299
-0.0264454203618856 0.00943249084448661 -0.193859539843917 -0.00758490461787972
-0.036782414929521 -0.0133458011684305 -0.389593928944295 -0.284814579900565
-0.0189285115311719 -0.0385118728503356 0.0840094002644736 -0.537620297017557
0.0476921886867029 -0.0257972645491731 0.739151284518083 -0.167367887079803
0.0348535336652066 0.0440675577434401 0.622457959702003 0.558757398271739
-0.00655132436032316 0.0420017349914029 0.0748628149026566 0.508854814860805
-0.00587025202299702 0.0234928834668955 0.0723628084152038 -0.10629018797098
0.036060178028013 0.0255929684281083 -0.302586374096552 -0.522948483827553
0.0326854304405933 0.0116085668268175 -0.801627674744545 -0.00409290921842221
-0.014154769774237 -0.00638157098787148 -0.351566941366453 0.687205668126438
-0.0440596228432022 0.0117661637331665 0.332872427789802 0.479605011472336
-0.0176838991307717 0.00886939214067662 0.367832592556916 -0.0278904719505636
0.00554109403368432 -0.000534879163053061 0.120091815021579 -0.184548794540748
0.00169679501120437 0.019596128912648 -0.114463961908099 -0.123325909540287
0.005503857753522 0.0272556647164313 0.0747691960637886 0.0753960027777379
-0.0268050665646938 0.0241210866838526 -0.186094681307431 -0.00318429262263977
-0.0258521073044715 -0.00701553644215091 -0.395082792003977 -0.271152795109984
-0.00690328290322828 -0.0544555308645682 0.0601928774165408 -0.531970531118815
0.063750452747577 -0.0424478543414859 0.729721333004997 -0.196942476117262
0.0585746873471843 0.0579508317167262 0.649046280020678 0.534870491841144
-0.00275424204831283 0.0848606652110872 0.0922782832310781 0.519073859183741
-0.0108589277416033 0.0692206932029235 0.0724444920286725 -0.0884444898790292
0.0523620298541015 0.0515364735642751 -0.282729744881764 -0.523583816196594
0.0588039419080074 0.00220500441458021 -0.797958692658811 -0.031163321119915
0.00266857910700012 -0.02987572804112 -0.380752275753444 0.67845789905636
-0.0323693706385166 3.2470570401788E-05 0.314163954842721 0.502031426719142
-0.0116396930248707 0.0213623754644898 0.370542935892872 -0.013917098880782
-0.00197689333045196 0.0174402276228406 0.129979331808038 -0.183858531304371
0.000352357993488661 0.0266272458157143 -0.111149525457722 -0.125056404280277
0.00571317458369164 0.0300252724485321 0.0801260315626171 0.0748063928281526
-0.026567588173488 0.0363179314939757 -0.170958502253544 0.0126658127041163
-0.0131256987283843 0.00144408756260398 -0.404929997817847 -0.23721794256912
0.000915686853359128 -0.065840175166138 0.00629571456101865 -0.530692486495968
0.069982993019537 -0.0628588382903147 0.689809984521653 -0.27177382863252
0.0795889095994127 0.0579466238524998 0.693227117560965 0.46834282751873
0.00605956712023035 0.1159335598477 0.126060316678013 0.530845478405268
-0.0172237736101842 0.105280302233806 0.0728867685862929 -0.0514182089529838
0.0604229056530826 0.0765818871041212 -0.241686362446413 -0.527983887406976
0.0776227942028329 -0.000872706656530164 -0.790345083891154 -0.109222591952867
0.0199983755313444 -0.0511088848952525 -0.447511726071961 0.647927783781925
-0.0180781797052496 -0.0116927278972747 0.27446643476217 0.546278390243622
-0.00575375985897307 0.0314730250487985 0.382412578545303 0.024554339339668
-0.00820603976697724 0.0315763104733258 0.148853602694322 -0.171557672606365
-0.00190911140312732 0.0296556123478776 -0.107964697619063 -0.126046874351769
0.00639437567155129 0.029451703793183 0.0857280510495247 0.0754228079066608
-0.0222225289349341 0.0471247314649379 -0.151035596168726 0.0373821222085873
-0.00303807415936214 0.0117464450826238 -0.408854766793865 -0.185360150191158
0.00420822700210224 -0.0698301564255367 -0.0687356480487659 -0.520768466459552
0.0653146357913187 -0.0826862210813831 0.624426465789126 -0.370570570848128
0.0933399418707763 0.0443567116826625 0.741611004017191 0.362269237113937
0.0190890766975541 0.127521197977082 0.181717077390326 0.541092611939513
-0.0234290332778098 0.126165969180118 0.072420816161325 -0.00237582767303692
0.0552038270662567 0.0973487571518569 -0.183732471973346 -0.529408489895483
0.0867489839405346 0.00458931234439733 -0.770831228550763 -0.223389180768299
0.0353910067386092 -0.0628652998095398 -0.543375753153578 0.580516950187493
-0.00636544845332911 -0.0245002367695845 0.210790055202411 0.595958649965061
0.000639961893783963 0.0386400219378251 0.394572397972243 0.0846178258315964
-0.0119365009039569 0.0430475368014039 0.174258385137431 -0.145100497261614
-0.00288875109238639 0.0284154696898204 -0.104385921374403 -0.124882582778792
0.00865396152712546 0.0252711294038195 0.0907845538317774 0.0788102382611209
-0.0179509930606399 0.0514366178899063 -0.12692248332098 0.0636069636579847
0.00525359753055542 0.0222877566351852 -0.404655742198598 -0.127266015422031
0.00627412525673651 -0.0641835645075078 -0.146474807218118 -0.500793574863866
0.0504069010700807 -0.0949295388940698 0.534136993389282 -0.467927321492417
0.0951640459640571 0.0226555684751583 0.777626932516897 0.236632777882058
0.0294601184514638 0.119415857139467 0.243274418803317 0.53999393750331
-0.0276422215070675 0.12835337078231 0.0728621257481251 0.0499518595330783
0.0419061361921299 0.107273388740433 -0.120884357783801 -0.524453624563148
0.0813399207893978 0.0143505500455929 -0.732485012854898 -0.353238075071985
0.042244715994942 -0.066214763309086 -0.647276711636031 0.479518779368527
0.00204213097724771 -0.0337963114429136 0.129123712843607 0.638562088168218
0.00576823810567688 0.0411691382497038 0.403998400952742 0.151982461319877
-0.0122917663932316 0.0487030165719473 0.201061292624831 -0.111166478179907
-0.00511118560529556 0.0251132211498895 -0.100167481519064 -0.12227879108935
0.0148928386421124 -0.000491553089143497 0.0712937358680195 0.0849881307651502
-0.00530362232031483 -0.0200768656921208 -0.174440535806649 0.0475652038596098
-0.0478551081257916 -0.0181649941702817 -0.39233964394062 -0.200118140999586
-0.0571294522993992 0.00616296722999337 -0.0393153962479823 -0.54965935467676
-0.023659317791472 0.0058249624549303 0.623037495835138 -0.356211049355671
-0.0314354858918302 0.00825127692822702 0.688388290944638 0.375507622035143
-0.022885758330515 -0.0659455070343442 0.145737688948332 0.515495906958708
0.00186432573909258 -0.0986893571981558 0.0702303565264514 -0.0418585361451149
-0.0117803193395375 -0.055612729635673 -0.213276754795248 -0.546508659020023
-0.0439847698644977 0.0214522998342564 -0.798710518194135 -0.203632571002659
-0.0486723234767157 0.0424631168716828 -0.508719221179972 0.562505420065644
-0.0625256932149681 0.0395869467672844 0.254750600806187 0.540872447838873
-0.0315926278605691 -0.00427454427330191 0.406942054266136 0.0654737367110385
0.0167356285110231 -0.037192557330188 0.152834490358962 -0.12389139233316
0.00614751283271499 -0.00824640402948717 -0.118739600446154 -0.111403529090343
0.0127650299072312 0.00750948113140062 0.0689175190813675 0.0815295633095279
-0.0138524488006724 -0.0137571037204907 -0.187776810570842 0.0193231246535151
-0.0494101931091138 -0.0176448766949611 -0.391275994695884 -0.2466172601953
-0.0490339112503311 -0.00419059661624038 0.0236181359004684 -0.549162860508726
-0.00130065519346064 -0.00277673921985959 0.681921314534798 -0.258680305776764
-0.0113713875989117 0.013118401038298 0.649568204967105 0.472349591607611
-0.0127889319354939 -0.0420774324221081 0.106092757961141 0.511094515839783
0.000745684530763393 -0.0662917162083655 0.0713213159996512 -0.0779655204399607
-0.000513581500763142 -0.0293802483363364 -0.261063793278479 -0.539935218952269
-0.0218230084076813 0.0255949556359386 -0.805906243145957 -0.099163756582622
-0.0391107776022627 0.0331416120090752 -0.425026718303802 0.625450032705557
-0.0604373755630184 0.0311963179400797 0.301211027256949 0.503321812079906
-0.0284893787889658 -0.00582317021028362 0.387633050350738 0.0172836281140509
0.0146646979027108 -0.0304941368308321 0.132901619694237 -0.150867569159252
0.00511768578871797 0.000925745591743727 -0.118307258960022 -0.116243632067808
0.00999791517488758 0.0143004657943483 0.0689322079885645 0.0791473020773659
-0.021070917663759 -0.00372467408048477 -0.195789406574829 -0.000455195119401441
-0.0449564647035711 -0.01685547468651 -0.387625214555838 -0.274891150584566
-0.0349653140656876 -0.0207482510615351 0.0696351903879083 -0.541561943225703
0.0239720495997423 -0.013159470175426 0.719414116094155 -0.188260084431629
0.0109889821444617 0.026211848573252 0.619065682735604 0.535078349864033
-0.00856486979236217 -0.00486989344526736 0.0793913835780374 0.503940385747829
-0.00217871947928801 -0.0248159893586313 0.0722093236277453 -0.10214893824751
0.0163970382377729 -0.00195051537466937 -0.291656452866662 -0.527808345883298
0.00581887533987973 0.020685463593355 -0.804779949866691 -0.0283014621452524
-0.0272206088378175 0.0154359183452019 -0.366635138579144 0.664311082284545
-0.0534169910227011 0.0217179789712904 0.327354495458432 0.478644635315435
-0.0229829400211628 -0.00093106066694228 0.372644433416482 -0.0167286416168107
0.011344453949446 -0.0170132801196656 0.120798409076521 -0.171976401003138
0.00397219389532503 0.0103919760101616 -0.116259581779976 -0.119602930605987
0.00711980999730125 0.0219983333200761 0.0700906236315483 0.0769431495635225
-0.0257867057029076 0.00943377405091186 -0.194007684317949 -0.00751952468819321
-0.0357461822554545 -0.0126329499911463 -0.387803487553481 -0.283588510853238
-0.0194438328080994 -0.0382616937786719 0.0828056044268008 -0.533035039686766
0.0483350264891546 -0.0254964395076042 0.732477332210757 -0.165347363973744
0.0345461178063577 0.0434375028028272 0.617605252738331 0.556084149246172
-0.00677849411049147 0.0408393654533472 0.0753151894346544 0.505366454340788
-0.00581384495874385 0.0225577251876488 0.0722062466696742 -0.104668087292257
0.0360845947534385 0.025133976637456 -0.29706032374636 -0.522115845079741
0.033110329006564 0.0121938085630561 -0.7968909087288 -0.00412246560929455
-0.0130278587992069 -0.00657826192666168 -0.351545759359038 0.68114569347717
-0.0440996993256272 0.0111033424037037 0.329858689264751 0.476518176741338
-0.0169118095109945 0.00937388762722381 0.364765008618228 -0.0269488093194062
0.00479724255154127 -0.000283024119869947 0.119911803943535 -0.182867555329434
0.00220145789962502 0.0191638648211779 -0.113225337572795 -0.122337309797155
0.00507656791768846 0.0265625090131027 0.0734018921034982 0.0750157095986292
-0.0270571823363808 0.022975493056297 -0.184151112359805 -0.0035180366983142
-0.0256387702197776 -0.00718939645550424 -0.391889663319227 -0.269572177641644
-0.00640611356562994 -0.0542735245257512 0.0603664270944189 -0.527992881254935
0.0645146708429758 -0.0423380241317498 0.723378206521254 -0.194777871948265
0.0581547662598146 0.0568921184412082 0.642110866423263 0.531162459921782
-0.0038320851579998 0.0838968930596649 0.0886348907381358 0.514831597030103
-0.0120771294127213 0.0682038521081479 0.0717576740553578 -0.0869674195425585
0.0515334981926117 0.0512174264523213 -0.278728837815684 -0.521396960735688
0.0585367719540148 0.00196506519969227 -0.793888810221445 -0.0325219513735818
0.00283076820984988 -0.0294739788953742 -0.379334510225055 0.67537835783164
-0.0312982679728212 -0.000103327308371905 0.312096765062977 0.497950257817658
-0.0121031451907162 0.0204429260274927 0.368024499729392 -0.013835830748518
-0.00225892884640772 0.0173005678515419 0.129112660082689 -0.181956366349899
0.000223280595067788 0.0257567532369272 -0.110732671501611 -0.124515855449747
0.00499022455052359 0.0290583780597816 0.079053659876702 0.0747812279032552
-0.0253480811379671 0.0359859009020737 -0.170310186344492 0.0126327381529363
-0.0131281455487624 0.00144884270718537 -0.401593162901782 -0.235420587754083
0.000857215509849917 -0.0654074370812631 0.00623103468367895 -0.527530254126676
0.0707640668897522 -0.062231281861034 0.68621793139236 -0.268356233367255
0.0795769856790448 0.0577820866352534 0.688034817349372 0.464149332942476
0.00524761028799813 0.115347567281524 0.124466585408895 0.526626708911999
-0.0177697944657779 0.10383960614585 0.0717380981794525 -0.0511079388406872
0.0589298561396515 0.0757365316305578 -0.23791637706097 -0.52547534212112
0.0776688145282485 -0.000948117206208458 -0.785282043580635 -0.111110393559969
0.0205322471186962 -0.0500378482230466 -0.447941130768786 0.640872837497026
-0.0186199817042152 -0.0123792123885708 0.272354914509162 0.541142080863591
-0.00574379380366455 0.0315285170512814 0.378465060584203 0.0246546993367862
-0.00844043772562354 0.0323825388742274 0.147972702059492 -0.169375609205277
-0.00148013147239596 0.0292395141326224 -0.107286455640294 -0.125242857524227
0.00651328210669827 0.0285930050934346 0.0855136206369577 0.075665444493775
-0.0225624017483059 0.0467074436232057 -0.149904525250165 0.0361376478583085
-0.00334720610956097 0.0120827288854155 -0.406382263378545 -0.183282529522492
0.00430658722766929 -0.0694515061591753 -0.06641605275724 -0.518884161990418
0.0652815429220398 -0.0815300189741196 0.620337623083928 -0.366756266054504
0.0933782505842591 0.0446231486152836 0.735416784046877 0.359309350868717
0.0173199001500645 0.126397613821725 0.178225877130406 0.538431215695182
-0.023436150083776 0.125065097877543 0.0716982043805163 -0.00289915253100724
0.0545874948868254 0.0962438259173838 -0.179538106800738 -0.526344255284843
0.0861218966404517 0.00401262972622699 -0.76426549994362 -0.225661497157289
0.0354159090691619 -0.0627405995193903 -0.540797920804052 0.574527646123756
-0.00631990553634892 -0.0246755869724463 0.208732407195223 0.592216213707964
0.000369762520946738 0.0382304501576353 0.390757173092296 0.0831044198845473
-0.0119578265483687 0.0432986534731502 0.172805738989353 -0.143968802927282
-0.00306148059924419 0.0285186249575686 -0.103873543128702 -0.123871068550008
0.008756902233785 0.0241904924811183 0.0899783982274047 0.078035236822076
-0.0180902594652209 0.0513474732800925 -0.126469769780342 0.063232578230107
0.0058604586481411 0.0221623183009993 -0.402035375445421 -0.124572019624346
0.00629799838020029 -0.0642686941719589 -0.144678749079261 -0.498172285052215
0.0511502777480176 -0.0939733832439941 0.53328595837021 -0.464433265078703
0.0945303590509138 0.0225653059513439 0.772256088582601 0.236257231549884
0.0291651954258477 0.118772306851996 0.240113249745028 0.536643303184747
-0.0267582398376544 0.127701075616994 0.0726411836637583 0.0499421581881974
0.041080487196869 0.105533101940698 -0.119151689221665 -0.521636518135997
0.0817402428013376 0.0158286361433511 -0.727137256412272 -0.352448683953674
0.0424445026758433 -0.065215038002269 -0.641516754709476 0.476106066113384
0.0015322065251545 -0.034670426407114 0.125974181384428 0.633098408658117
0.00569842794840467 0.041359563867741 0.400495395434989 0.151534156274151
-0.0117854980716035 0.0491406545580357 0.199600884879241 -0.110602913339273
-0.00441833784442547 0.0242439909115408 -0.0996045892386309 -0.121215121058635
0.0158304852403415 0.000274662517058294 0.0706574119019801 0.085126731362675
-0.00523014764431492 -0.0205803184688437 -0.174190887640073 0.0464280745390652
-0.0477206854256118 -0.0183702582906712 -0.390989361619199 -0.198839148853624
-0.0576003016421182 0.00639326124589407 -0.0363977446530054 -0.54626669838009
-0.0235411492835027 0.00579216308745844 0.620728179908684 -0.351190139404349
-0.0312520088490727 0.00758937926756698 0.683348986333385 0.376761818331394
-0.0229253866063595 -0.0665781495684848 0.143580291578244 0.514006418379309
0.00180658792165539 -0.0983008802120699 0.070775724937301 -0.0406700733560443
-0.0114871809230671 -0.0560692134636379 -0.209655554488291 -0.544601139535226
-0.0435113510225222 0.0216456944727495 -0.793244433305229 -0.204485175746304
-0.0485413852493461 0.04247915942386 -0.508978665209081 0.558235114785678
-0.0627456085685718 0.0394535630579839 0.251496615577293 0.538598738556174
-0.0316443679591306 -0.00587338771775593 0.404618780662177 0.0672636066543911
0.0171083139003997 -0.037305982242233 0.153285720083461 -0.122415346884753
0.0056376843742944 -0.00831171485387962 -0.117840544670706 -0.111099721716418
0.0127429433069791 0.00711305302090323 0.0683609536149979 0.0817805985816884
-0.0140374106405062 -0.0130229166810201 -0.187741131667396 0.0191345261652487
-0.0491502734391248 -0.018125053920231 -0.388421596008005 -0.246504535499898
-0.048791698485291 -0.00487846612654118 0.0266397646742082 -0.546265209156541
-0.000887151796427109 -0.00226246393724837 0.677779559496728 -0.255383281699266
-0.0116074436109221 0.0131546449326789 0.646454288872523 0.470593531620915
-0.0130842000267329 -0.0424421626392423 0.10176261953195 0.508846662385356
0.00111207812137028 -0.0663557673110693 0.0712216601930757 -0.0773379873557336
-0.00101416341771907 -0.0296398384188112 -0.256989795873909 -0.537447646571671
-0.0204344337214202 0.0249995798591196 -0.803160707556062 -0.101383192533525
-0.0380106526404154 0.0331764957047662 -0.424888610840721 0.620439436643262
-0.0602142709884757 0.0307895822528708 0.299556523611877 0.502619236138746
-0.028044003081487 -0.00599632350729566 0.386398990815078 0.0183818362330912
0.0148562195458276 -0.0305390179604399 0.132774505159654 -0.149528353561134
0.0046805115298612 0.00103126658047252 -0.117753205959848 -0.115540810678595
0.00981768501855092 0.0139718909891361 0.0679396608310682 0.0781728280951654
-0.0213010423481165 -0.00366662035390829 -0.194992322384725 -0.000964381248750142
-0.0444948624209087 -0.0162811760904099 -0.385105572787405 -0.274978013547714
-0.0346347056242813 -0.0205793669929933 0.0710929291837802 -0.53817903299079
0.0245696056181054 -0.0129136920576198 0.716403295223567 -0.183966058316955
0.0106349752965157 0.0260039688378934 0.61599889429824 0.534792703261313
-0.00852846933671523 -0.00418398136061062 0.0779995341167027 0.502023575451769
-0.00225652299893963 -0.0251162612473784 0.0724187026991078 -0.100780788236852
0.0157791165078186 -0.00226794297581961 -0.28770763981645 -0.526377842943467
0.00560772252318863 0.0217377818640288 -0.801179074625192 -0.029844280174772
-0.0264340128710838 0.0161525869395128 -0.366378524729573 0.660103329204826
-0.0542367805715612 0.0216626384282456 0.326150032048872 0.477808158777162
-0.0228473594789762 -0.000435909462531626 0.371382744178911 -0.0167066229414946
0.0113196831471921 -0.017267521719255 0.120211691103154 -0.170992424117227
0.00387037210714597 0.0105340122120895 -0.115848847621844 -0.119806335594633
0.006969344605242 0.0213472055772651 0.0687281940807128 0.0763462991747422
-0.0254067430350317 0.00914658384250596 -0.193809380036027 -0.00892669960790012
-0.0358278394565974 -0.0128571999136304 -0.387212553097302 -0.282433723410019
-0.0193497100748441 -0.0382480332900502 0.0842108459628838 -0.530858358462424
0.0479598627283058 -0.0249900060389632 0.730123734679458 -0.161980238618164
0.0349075382743416 0.0438586780870042 0.613279189669056 0.555397953143326
-0.00667132905996268 0.0413654029510226 0.0732215633196169 0.504989254530951
-0.00724150382791595 0.0227154968164436 0.0723427851165522 -0.103466157081913
0.0347417992550562 0.0245348230389882 -0.294928061727649 -0.518289946778465
0.0337775438913638 0.0111249408978737 -0.793444715069465 -0.00587789718682083
-0.0128642894040746 -0.0059516745124898 -0.35054875857181 0.67685728057498
-0.0439879878946651 0.0105993076773606 0.327476078843325 0.474594705921901
-0.0175769026018347 0.00828920488460134 0.364014332658887 -0.0264339685865703
0.00482723737989576 -0.000275415012835688 0.118818135287205 -0.180804259139884
0.00241768559709896 0.0189856921081984 -0.113480166134896 -0.122372262721764
0.00494484850521885 0.0262446707003737 0.0724647210559248 0.0758449113772728
-0.0265644562908958 0.0242333884766264 -0.184524871338974 -0.00336652684568697
-0.0245517693212861 -0.00739481979706211 -0.390356140958868 -0.26784437313033
-0.00684078237538946 -0.0544280319865968 0.0619566794178488 -0.527313803358696
0.0644668818181613 -0.0416692239586464 0.720719124464582 -0.191420221026031
0.0582669045024716 0.0568897427048514 0.6358749021557 0.531607367008664
-0.00363912524585262 0.0828100005022025 0.0862534031261867 0.512632920516086
-0.0127514765505147 0.0678422256012866 0.0710523199315536 -0.0853175498813995
0.0508193531480645 0.0514175775124937 -0.275575183593311 -0.520789733907016
0.0590824679749098 0.00208037352742073 -0.790396966718837 -0.0348908098445523
0.00339972702363253 -0.0291454505160047 -0.378756745711018 0.671854547112193
-0.0319121099867034 0.000120870270374177 0.310804518200002 0.496102119435708
-0.0121168659705254 0.0203052152903079 0.36723823230211 -0.0130905714772979
-0.00212784126434544 0.0170767727457564 0.129613973719835 -0.180583390228559
3.11280180353458E-05 0.0251739007314828 -0.109861790204853 -0.123915662936371
0.00553481331669691 0.028898002444663 0.0783010310524442 0.074685339304713
-0.0259095984663784 0.0367896999110299 -0.169834783834704 0.0120033676902713
-0.0140607541285899 0.00182401031830559 -0.399951279301213 -0.233594778794511
0.00100039592417311 -0.064893377619535 0.00870391292352295 -0.526272300083745
0.0707284547351312 -0.0617584801713232 0.682975824236647 -0.265988441048681
0.0791433377815041 0.0575843062170038 0.683300007918739 0.465039731574428
0.00323520162478257 0.113904081249122 0.120833787742336 0.524944493092173
-0.0183051428047468 0.103269090363685 0.0712058640878036 -0.0498858478264458
0.0582894890752277 0.0755908095646405 -0.235230248021071 -0.523301396404448
0.0784219401931029 -0.00043552150659093 -0.781549496288167 -0.112981648096988
0.020862593794189 -0.0495780418727264 -0.44612369177284 0.6376457621349
-0.0194851157247104 -0.0121635319636425 0.268408669496671 0.539608363721318
-0.00640995231186482 0.0309785629956722 0.377613432191918 0.0242000393757651
-0.00873543508527558 0.0322362037847265 0.147706518243157 -0.167871218239684
-0.0015975549659781 0.0296233036899259 -0.107196321570623 -0.124906858818902
0.00641462671896205 0.0287144537487253 0.0842453373746834 0.0752286393995503
-0.0226839645164143 0.046826058916019 -0.14967493142105 0.0350580703319261
-0.00294503498311567 0.0123588178480095 -0.404183720655992 -0.183208928406703
0.0043694154946715 -0.0687574798153254 -0.0647143103715502 -0.517672863045453
0.0650564503227569 -0.081140209099772 0.618786183785489 -0.363732256050014
0.092874177577927 0.0446170114063454 0.732591214144476 0.361508596287719
0.0171286324217095 0.125151487147277 0.175016789389845 0.536061621453052
-0.0240666644246012 0.123980892726881 0.0711961563295948 -0.00187002955475757
0.0535696775428901 0.0957753215296977 -0.177964032265239 -0.524642631876278
0.0870811084006556 0.00427241845350255 -0.761734587436059 -0.226267958910582
0.0354515038827221 -0.0627539137392624 -0.53943027501298 0.572345817146873
-0.0069406691283297 -0.0244960590587404 0.206506551450679 0.588906937553713
0.000369717940035715 0.0383859334590925 0.389105930606952 0.0832050043409399
-0.0118905408406509 0.0427142091215135 0.172872719414543 -0.142819434868821
-0.00333365068585537 0.0285312462132364 -0.102885053381107 -0.123749496287539
0.00852356301455336 0.0241867236271907 0.0895390251140117 0.0773160389843715
-0.018373237096008 0.0511134709098895 -0.126748935765489 0.0619244556431087
0.00575472838150084 0.0224771131665213 -0.400534224257516 -0.123795163485617
0.00606844907919294 -0.0638845926289942 -0.14069746564 -0.493623339502786
0.0510428493452441 -0.0942854443189487 0.530681797812024 -0.461348782742502
0.0945142236028112 0.0232021889410839 0.767042246289546 0.236459980487521
0.0280228615327741 0.117624400838045 0.238787206226668 0.534965951620139
-0.0284936879765475 0.126547142389112 0.0719250959425386 0.0502845078299116
0.03955986017573 0.104735229970247 -0.116718037134115 -0.518825012436258
0.0823412732765163 0.0152361161829539 -0.723262012768425 -0.355464145158135
0.042635379262782 -0.065584947467289 -0.64164160385537 0.472227592121591
0.00208421831030267 -0.0336608382040016 0.124967019436095 0.629771526363029
0.00549229776612623 0.0416372582153155 0.3989636668931 0.151067470147963
-0.012291998523859 0.0482338488685545 0.199159503929024 -0.108716817838691
-0.00494047030555718 0.024167068610501 -0.0985187964546471 -0.120850970790886
0.014696282191387 -0.00040635057338401 0.0704584708498614 0.0853171240635505
-0.00513742795074254 -0.01999951169739 -0.174628344765731 0.0460479668176069
-0.0471396448472179 -0.0179933609561426 -0.390373604688867 -0.199076273368344
-0.0571409541495202 0.00608593735360112 -0.0364354052103037 -0.546462494406802
-0.0235974996172706 0.00614761464566939 0.620210824840738 -0.350175111546996
-0.0311596508942251 0.00754332216191038 0.681480976708337 0.376986250628797
-0.0228262290055661 -0.0656538954500593 0.140650430004642 0.512531242049665
0.00129321191374457 -0.0983243886290187 0.0699623871431789 -0.0403949087322681
-0.0109567034674621 -0.0569497735663918 -0.207388413702219 -0.54370147968318
-0.0426122336554091 0.0210676630771209 -0.790232644394415 -0.20742656633184
-0.0484840130937791 0.0424849650788419 -0.50851888307641 0.554995054137759
-0.0626559703117502 0.0390332500312289 0.250112960983066 0.536676661286715
-0.0315904751102786 -0.00504398559278105 0.403512120442447 0.0679369229259422
0.0170671027078193 -0.0371473903842216 0.152894718703796 -0.120884193140945
0.00597484409869863 -0.00742678741489999 -0.117260823626717 -0.111058715322045
0.0123357881815753 0.00686714308968964 0.0678843325332914 0.0815161273217471
-0.0137032505909365 -0.0134017390928764 -0.188227011918986 0.0186093378235033
-0.0482030427104996 -0.0174404139017478 -0.386863810907197 -0.244980859760794
-0.0485752214296938 -0.00467943130699573 0.0274133530808236 -0.542851152015549
-0.00139315038303393 -0.00186372155595165 0.677797676298027 -0.253628627986776
-0.0111100229279009 0.012693223924092 0.641653693206943 0.47402305844649
-0.0127436677554257 -0.041490760898447 0.0993472671135864 0.506241982322881
0.000698594143545051 -0.0665602591708309 0.0712887501422427 -0.0763322231214538
-0.000554776468581375 -0.0299254209769179 -0.253699069473866 -0.535903010023151
-0.0201025954225649 0.0260720809350226 -0.798788671485342 -0.102901795125097
-0.0388009389295176 0.0331423807186161 -0.424459948390791 0.617597751155753
-0.0605168051745245 0.030706704997734 0.298100341177353 0.501325598534875
-0.0276422529675169 -0.00638328459805225 0.384822909033557 0.019081661503687
0.0150001491466886 -0.0302950753859198 0.133000566949443 -0.147959674471721
0.00511013726021264 0.000829269023719478 -0.117780835239777 -0.115571075998091
0.00995432464767842 0.0139144704324298 0.0675738886198157 0.0789599845932092
-0.0208453526262004 -0.00347654929988469 -0.19454453077605 -0.000844246256783453
-0.0439751765011514 -0.0163588035291719 -0.384074635823879 -0.274014564872782
-0.035147406022634 -0.0205461373506515 0.0737303334443786 -0.536898395205546
0.0246256685072437 -0.0123147302008589 0.714207422481914 -0.182168277926714
0.0116533260460143 0.0259632958548974 0.613668128112564 0.53492884114178
-0.00909565046492176 -0.00566849396245382 0.0739760927073381 0.500930002512026
-0.00290003242072066 -0.0244859164228066 0.0712670804709151 -0.0996966043224248
0.0161296038799702 -0.00209355448895498 -0.284000792059547 -0.525683311877012
0.00639881574217802 0.0207055054202564 -0.798160731447531 -0.0333113953779488
-0.0263384129343073 0.0159748340758438 -0.370237142660053 0.655600981479107
-0.0540653094005085 0.0216130579558335 0.323595777498431 0.476894674531877
-0.0230305387462825 -0.00127862271103098 0.369968393424275 -0.0148918480009031
0.0109772981358646 -0.0170431511534279 0.120387978039221 -0.168878788062551
0.0041609330499179 0.0104284952140631 -0.114853597121257 -0.119599806309508
0.00674339202420322 0.0212207289448025 0.0681674841363622 0.0776070643347468
-0.0254303358160734 0.00966642879815129 -0.193411605527888 -0.00909397085396411
-0.0356744861482901 -0.0131154749817945 -0.384502146711427 -0.282892437459951
-0.0196414715933386 -0.0382747932025215 0.086616034362856 -0.52886452958295
0.0480180083193987 -0.0252024549263373 0.72747424949993 -0.159420993990625
0.0345517781518255 0.0426426690665373 0.609323885385559 0.553850025188885
-0.00758266854279921 0.0394969647803345 0.0682964890418961 0.502037022912241
-0.00716568446594374 0.0220210612938769 0.0716290347710701 -0.102786225771728
0.0338376123076821 0.0246973361535398 -0.29102723577425 -0.519919020855849
0.0337478273940817 0.011236084046147 -0.792457253019676 -0.0105894997420751
-0.0124325878922566 -0.0057480297914163 -0.352827907228944 0.673994204271655
-0.0439732779136343 0.010902100419574 0.327300199135647 0.474023919968566
-0.0177953451770463 0.00880027611638094 0.363258041687296 -0.0253313696282076
0.0046659405386922 -0.000779069787760831 0.119522508737746 -0.180651463171321
0.00140691587586188 0.019256081396546 -0.1117067309183 -0.122142513624742
0.00527888834980444 0.0257994165176622 0.0709732114480947 0.0755008552698966
-0.0270024453998354 0.0236656395757245 -0.184856442895877 -0.00446155407073178
-0.0242793874145949 -0.0068691753696187 -0.38964432327665 -0.266244582622353
-0.00664756023923799 -0.0544558494558684 0.0642139735166745 -0.525209090834156
0.0654214789642873 -0.0407320709703935 0.719412464649138 -0.18739893875839
0.057797825921506 0.0568393112833096 0.634953465584751 0.532671451884361
-0.00447656106866303 0.0819148550065282 0.0846741628202888 0.510094717293211
-0.0130672984863043 0.0667313484184526 0.0708898366253931 -0.0856275813968607
0.0503385035619968 0.050929906728047 -0.272717792868799 -0.520562763811295
0.0592927316039933 0.00201199069780924 -0.788961869092903 -0.0388332749950572
0.00364518935898116 -0.0295539311181107 -0.380757501235787 0.66810699568791
-0.032473725462791 0.000552429611854234 0.308618901464757 0.496365493448545
-0.0118888325343186 0.0207733119738325 0.365606799990974 -0.0122490269744218
-0.00207127103868757 0.0171742421147611 0.12942290725342 -0.179143668270129
0.000146292135996466 0.0254732287489325 -0.109021575399587 -0.12441376997029
0.00512036564803366 0.0280030283624304 0.0771130040209326 0.0743312561631687
-0.0262538773582945 0.0365293925212185 -0.1701803528987 0.0113087059361951
-0.0135980965028266 0.00156329014667669 -0.398703637311834 -0.233084789706535
0.000491899073580714 -0.0650975331484144 0.00910693621023088 -0.524078664781439
0.0714530395988001 -0.0612776353851007 0.683575899271578 -0.261124977386836
0.079261933026452 0.0576074049883628 0.679461549251794 0.466082608998864
0.00338816891315816 0.113591163921063 0.118555193220411 0.523973098716889
-0.018896771365911 0.102288422815002 0.0702629047610883 -0.0502251815671327
0.0566900736343447 0.0750816700997575 -0.230745975227656 -0.523307907763384
0.0788888909366257 -0.0015697975618963 -0.779699725107013 -0.116519472337475
0.020193808008624 -0.0487413384550848 -0.450199039710796 0.634325530618285
-0.0190606072275898 -0.0122968834743451 0.267317486690416 0.53927747193911
-0.00560441110215098 0.0308293495124972 0.376785452559558 0.0255700545232669
-0.00860165068400389 0.0332761810321344 0.149026768730656 -0.166744271927113
-0.00155027098482047 0.0292676251646953 -0.105803057276059 -0.125017390762036
0.00625094049499503 0.0270836268008047 0.083354784172321 0.0754750355489153
-0.0225737696800322 0.0472073526282299 -0.149383212451357 0.0341239062540703
-0.00316330534766913 0.0123663185962589 -0.402714870596175 -0.183238445569824
0.00448415401065193 -0.0686242482545466 -0.0630284940307692 -0.514744110011584
0.0658575623217366 -0.0804221692870871 0.617625814958618 -0.361706900793322
0.0926866141559083 0.0441549300997161 0.727234563598167 0.362469371971011
0.0157956917397339 0.124770036240418 0.172368204899062 0.534417120121311
-0.0245720477145831 0.12337602212019 0.0710731318763306 -0.00181187213017327
0.052659774241236 0.0952804086050805 -0.175207907707509 -0.523785603420322
0.0871908619478861 0.00459151865802065 -0.758695635704383 -0.229215198332278
0.0357924034699725 -0.0616876170383403 -0.540379091735449 0.568588643146982
-0.00694361211954037 -0.0243635333042984 0.205595273424903 0.588025958211822
0.000447785373812126 0.0385979615285977 0.388127356470213 0.0833082634277327
-0.0123231063747869 0.0431458903153652 0.173148083453396 -0.141496311084569
-0.00358004844258163 0.0286886251737755 -0.102197279814572 -0.123787190091305
0.00789765855899963 0.0234017760164777 0.0872425900927315 0.0777267999613139
-0.017456897292828 0.050933019460289 -0.127338529463019 0.0604665959129569
0.00544176702004722 0.022433445906104 -0.39946529771643 -0.123742976410796
0.0058542724043025 -0.0634860653432903 -0.140493942605286 -0.494601453150216
0.0511218209035287 -0.0927360289298099 0.530196429000071 -0.458577594031856
0.0941488041839492 0.0228789819902584 0.763783354526753 0.23833567624298
0.0271243201029133 0.117139375050681 0.235321433591416 0.533519353309212
-0.0289142834545394 0.125993000704441 0.0708923085785625 0.0509202564931116
0.03920860663928 0.105286212496435 -0.113354374685861 -0.51774681382355
0.0831789524883968 0.0154492323280132 -0.720698643680042 -0.355742428404352
0.0425490698652184 -0.0650022465399515 -0.640218169472069 0.46998910152227
0.00165639584820076 -0.0333870482113573 0.123366719076407 0.627268201136045
0.00561620155418223 0.0419955334405253 0.397443421163523 0.150780160938135
-0.0122871863556494 0.0487153466237269 0.199616901014369 -0.107493485129803
-0.00436938537879721 0.0246532998542206 -0.0975707616823171 -0.121161230216666
0.0147346055730189 -0.000518750152386045 0.0693383951542397 0.0854447344602093
-0.00547620167645284 -0.0203130889073486 -0.174856017884618 0.0452231525127876
-0.0463640663236981 -0.0179020174648108 -0.387879873921147 -0.19887494063582
-0.0568752879694555 0.00611112784250232 -0.0308097492438133 -0.544589337162267
-0.0234452341844621 0.00598576089174518 0.621979004215266 -0.34636777184246
-0.0313676454227567 0.0074132571664247 0.676888454525506 0.380949552167536
-0.0227272914094006 -0.066538807724017 0.139092624893916 0.511349704923259
0.00203719640867663 -0.0984471578014065 0.0700115144433302 -0.0400171446560477
-0.0109244664726486 -0.0566457561910927 -0.20389805555012 -0.544596750681142
-0.0420040448029785 0.0209232957605473 -0.788780372143666 -0.211810690630454
-0.0485650355719334 0.0421893851416987 -0.511493908672007 0.553674019234703
-0.0630864948404294 0.0388272843208531 0.247877130564372 0.536686777804404
-0.0313852863274655 -0.0056257317783125 0.403759217049231 0.0696976441542556
0.0169024318408066 -0.0372928565041241 0.152611395395526 -0.120244647353142
0.00627880285907833 -0.00747687987014108 -0.116411101777322 -0.111721656077971
0.0128153477765072 0.00681324588253736 0.0677064467584626 0.0813681825593289
-0.0141235595936603 -0.0131724057568096 -0.188120091685651 0.0174092697148318
-0.047671587403085 -0.0173315231628444 -0.386368239141979 -0.244350624577151
-0.0482445191711883 -0.00488297162503161 0.0303913445706347 -0.543071031419005
-0.00092743323316383 -0.00213187078580952 0.678463752388621 -0.24981564662662
-0.0104218948327029 0.012660745622199 0.6397541002833 0.474114852586064
-0.0129079703170727 -0.0428201670791009 0.0981290657837494 0.506998259878184
0.000517329508556251 -0.0665157003597626 0.0713449422247451 -0.076480242288044
-0.000904523730256162 -0.0298948046426804 -0.25090274321911 -0.537785184185054
-0.0198990489935705 0.0254158176600892 -0.799334817352787 -0.108311450722998
-0.0379614462146359 0.0336893810340795 -0.428904999799902 0.614781495570054
-0.0604247782761349 0.0313247486488593 0.296105352988415 0.502419895656428
-0.0276773130091162 -0.00609387590421978 0.384088671967866 0.0194686603327838
0.0151010363065636 -0.030593949691083 0.132296707788508 -0.147610362715237
0.00475362302260562 0.00115318789538084 -0.115816300843419 -0.115911408035672
0.0091333110958629 0.0143235181394111 0.0662006755163239 0.0790401079975989
-0.0211711989065288 -0.0030121998696278 -0.195754085698138 -0.00138539825908177
-0.0443044767704624 -0.0161864755380739 -0.382419692598974 -0.273922184472607
-0.0345388153782904 -0.021232947455448 0.0754619729349672 -0.535187094597019
0.0248427974664401 -0.0121508307202366 0.713291610103963 -0.180436049297012
0.0112130224127339 0.0264206710100473 0.611378251801989 0.535822315992164
-0.00873659094655048 -0.00594276938706979 0.0725459227244669 0.499153319266817
-0.0028629589495362 -0.0252955990673898 0.0717309849938319 -0.0991441346603732
0.0156628899431997 -0.00208910600914228 -0.282108219958745 -0.525715810390522
0.00657478128220932 0.021104745849177 -0.796793140807691 -0.0381323425267761
-0.0262105288005622 0.0164830921697966 -0.372424489922476 0.654172966878838
-0.0542038587170054 0.0209801819361945 0.321951977646176 0.476811237355954
-0.0226981639102092 -0.000978853525567418 0.370515701234699 -0.0138381416693489
0.0115665341213198 -0.0168322740179629 0.121210604285453 -0.168093423580101
0.00345072241916807 0.0102823593953174 -0.114552432979418 -0.119854261913254
0.00697698427037352 0.0207965313230805 0.06800011280428 0.0759613011130375
-0.0255764574170162 0.00983786146882461 -0.193472010996618 -0.00965167983637717
-0.0360091445366698 -0.0129755272099858 -0.382945793114704 -0.280053107890944
-0.0189919870164049 -0.0378098803353094 0.0873177804973837 -0.527694690258267
0.0484197478563471 -0.0245964483439762 0.727681383226472 -0.156635680796045
0.034953048367757 0.0432645468939625 0.606611317092433 0.556189379476909
-0.00814349214484042 0.0394023428897351 0.0685020141124266 0.501699836699287
-0.00742278393921255 0.0223256380377129 0.0717878608084587 -0.102051518499932
0.0340447290317736 0.0248455602932987 -0.2864236092269 -0.520190535590503
0.0343303560184728 0.0113282658973323 -0.789849738518912 -0.0140224928013678
-0.0123165880971085 -0.00565811755245047 -0.354843866294919 0.67091763080704
-0.0442203249351563 0.0110411798080836 0.325722947448013 0.474246251888202
-0.0175342562510682 0.00897147919656089 0.362594002043949 -0.0251413156790548
0.00480234708531163 -4.83827529292203E-05 0.120763153264502 -0.179532381780705
0.00190170153575555 0.0191840623331685 -0.111178034237723 -0.1230379646616
0.00586766844047298 0.0254293811972646 0.0706851369810338 0.0750431661407491
-0.0270672309112172 0.0239456826080472 -0.185927209902684 -0.0044395573811068
-0.0238033815708812 -0.00693923599409675 -0.389265628968571 -0.267993940361338
-0.00706495883158493 -0.0536815479082042 0.065773090452532 -0.523664721748047
0.0651115592993572 -0.0408187232508798 0.7188896561379 -0.186122531026089
0.0574333523150587 0.0569753248382184 0.631980119623098 0.533625559134852
-0.00531391454976588 0.0823799440878586 0.0820836733026304 0.510486724118254
-0.013478172035448 0.0665072513057909 0.0707856100690634 -0.0847395646337443
0.0497427813483796 0.0504105567525339 -0.268983671638931 -0.518961375754492
0.0596791891141264 0.0021205676836186 -0.787277455014867 -0.04085803586778
0.00413190454294146 -0.0284158542978892 -0.383147265423311 0.665985471137962
-0.0323391384418709 0.000126604708379767 0.306217748156163 0.495994369456537
-0.0124276895932243 0.0207742235490439 0.365732636128937 -0.0117178057164323
-0.00281525691589307 0.0176715232026687 0.130373854832888 -0.178044279958363
-0.00016336173675619 0.0257173846536428 -0.108503111246497 -0.124788630718486
0.00445184898595457 0.028232882360184 0.0770061553601792 0.0743541416527572
-0.0253080242388136 0.0369780128793057 -0.169705111440567 0.0105553609357327
-0.0125792213645358 0.00175089262661702 -0.397267780264579 -0.232997965666448
0.000823828623331908 -0.0654966770832956 0.0124440371497358 -0.523404170274478
0.0716821556166809 -0.0610805440050484 0.682612024968642 -0.26045473635762
0.0787226653087078 0.0581282330180179 0.674680462970426 0.468681362608991
0.00292234265366468 0.112808571151024 0.115636290359032 0.524952249743546
-0.0197862158540282 0.102617639647084 0.0702252608028077 -0.0487820827903696
0.0562355205098322 0.0753284318667265 -0.227688445585604 -0.523271603710393
0.0790667290819082 -0.00065307471223798 -0.778853825459682 -0.119677900126512
0.0210721715276882 -0.0489493733524823 -0.449802895698567 0.631362264609602
-0.0192949912197751 -0.0120788534749143 0.267039085931889 0.53929053021406
-0.00579824394506793 0.031531418207357 0.37551390347533 0.0258748654900327
-0.00924472155946085 0.0323196124049314 0.148820530288553 -0.165439879885277
-0.00141527050147015 0.0287489888197634 -0.105393038924306 -0.124702565696551
0.00688670081305201 0.0262033297913573 0.0826603482137937 0.074887569562075
-0.022449230283209 0.0469264065215224 -0.150353927295543 0.033572605572165
-0.00243244195555161 0.0121203786676611 -0.401634171469076 -0.181979736241775
0.00555861525712264 -0.067741954243883 -0.0625985475321496 -0.514196083230657
0.0662823468996232 -0.079823148744881 0.618414922700468 -0.358710358739538
0.0926597101001934 0.0443375441770986 0.726241496594771 0.365044377881161
0.015153235269457 0.124879378789329 0.169657970984258 0.534193175221179
-0.0254736611645727 0.123318041208242 0.0699139750498421 -0.000195484132479532
0.0516358863007514 0.0952097987324614 -0.172860384958542 -0.525198175632295
0.0872635216401993 0.00431814342110908 -0.757039605206163 -0.231329061090677
0.035674348262309 -0.0618476245030763 -0.543253320718421 0.565218043511938
-0.00755423698002745 -0.0248051396366334 0.202334799772635 0.587244072904136
-0.000106077753855752 0.0390574485614055 0.3872659451456 0.0837260521334265
-0.0130205337007234 0.0433261892488479 0.173105596012752 -0.140797985867149
-0.00350495804488406 0.0279900988260259 -0.101450406501567 -0.123620119126238
0.00838472735321127 0.0227498500397533 0.08690571642074 0.0776028462734509
-0.0186538367954751 0.0512824062262679 -0.128050942508631 0.0598176023102629
0.00570248641096573 0.0222624594792201 -0.398132853078035 -0.123834127481029
0.00612721289207677 -0.0641219305048063 -0.139037238915471 -0.493676278080387
0.051716552249698 -0.0924821771962304 0.531804748876304 -0.457366553445777
0.094029213157335 0.0232134403859411 0.761182310427773 0.242098740476598
0.0267040382330163 0.116821775607247 0.231595269698719 0.532490593945828
-0.0296741757504266 0.125642177282182 0.0705122139016857 0.0505740289431715
0.03827462825963 0.104523869194708 -0.111735292441958 -0.517686819225612
0.0827516262925277 0.0152447682454745 -0.717255246356651 -0.359532118063268
0.0434076708347001 -0.0641332267599604 -0.641554274478053 0.46646102758582
0.00155443268330387 -0.0340731569464595 0.12083078301143 0.627498774691893
0.00470111412197614 0.0412968820480061 0.395807888853429 0.15150499675018
-0.0131519272334973 0.0489206385533121 0.199428317492679 -0.106369028608681
-0.00461390454488283 0.0245280646421485 -0.0970293829903123 -0.120746256067764
0.0147670192154827 -0.000864221266118243 0.0687818965636486 0.0856410618906142
-0.00481510691442962 -0.0199482941897917 -0.176017025800734 0.0442583022811333
-0.0462049027687528 -0.0184027846161612 -0.387758514727841 -0.198951967603273
-0.0567859202378524 0.0056158772202342 -0.029769919007057 -0.545733376972769
-0.02282051803916 0.00641075283388342 0.622628910874657 -0.3434945420396
-0.0311049842404255 0.00700424163145958 0.677300004303271 0.383148758651015
-0.0225431419306475 -0.0661331812864559 0.136443887587204 0.510849556975993
0.00173809264077687 -0.0986466371190786 0.0698864898176648 -0.0394360162972504
-0.0104478419848175 -0.0565037610913578 -0.200802601345885 -0.545279300105447
-0.0412037173413333 0.0207951359640187 -0.788207067008376 -0.21542244062612
-0.0488119711646843 0.0419291477853089 -0.515225228573349 0.549464151548164
-0.0633162955780379 0.038349775229187 0.247458441045633 0.538531910674883
-0.0309252467214168 -0.00569323474019105 0.402432837236596 0.0702194338025344
0.0169110115969651 -0.0367314059885602 0.153733782792597 -0.120247997696116
0.00595875764867564 -0.00723950316619793 -0.115845523492648 -0.111511686306651
0.0126357789938736 0.00611259149547468 0.0674718503846335 0.0822214382319207
-0.0126362390964681 -0.0129561021817794 -0.188630600990657 0.0173698778632837
-0.0484469577461861 -0.0176030698536952 -0.38606240623572 -0.245904661784527
-0.0489237323431061 -0.00457920604790487 0.032103436663783 -0.543252640474502
-3.54270426815677E-05 -0.00199016590354278 0.679982452869104 -0.24716036825762
-0.0104669345518767 0.0124745357582131 0.637628600792947 0.477222079799281
-0.0132095916223453 -0.0423926070515198 0.095363862653129 0.505903629037787
9.39140182010891E-05 -0.0670335358893925 0.0718864428961681 -0.0749476990753958
0.000113329108611053 -0.0301213582646583 -0.246493079148964 -0.538630734475077
-0.0187554393910476 0.0254210445331185 -0.797552693412806 -0.109690954014086
-0.0382082482970344 0.0326241406066671 -0.431949041629323 0.612675357611994
-0.0608337522715308 0.0305996004178015 0.295132275562141 0.502526848120355
-0.0276335407420628 -0.00628883444400008 0.384398985214887 0.0209687484757053
0.0149754938917559 -0.0305605640197474 0.134287943653339 -0.147227532078411
0.00467336277023855 0.00118930410146775 -0.115131093909748 -0.117286213073685
0.00916482887552937 0.0132634390449918 0.0656211941834058 0.0786700643354438
-0.020432957024885 -0.00315395005977308 -0.195491531692807 -0.00247593954120505
-0.0432339637346717 -0.0167267032800296 -0.383657476053448 -0.273424446308791
-0.0345173189249221 -0.021292910066453 0.0774481210265819 -0.535486101619457
0.0251624053294751 -0.0119812058679602 0.715151665012394 -0.175964246182427
0.0113347709061262 0.0254937271066664 0.608389804816578 0.538953847793006
-0.00914985107066573 -0.005501237887781 0.0701856326055916 0.500433947328401
-0.00322528875186787 -0.0256851632512077 0.072103750032811 -0.0987762448763091
0.0155651145608239 -0.0030564893649801 -0.279182645307858 -0.527990267150112
0.00701142529965915 0.0212894758685376 -0.796986251983282 -0.0404049588327128
-0.0260558859047356 0.016940093680461 -0.374707415457946 0.65200953710184
-0.0543551285810486 0.020894545453943 0.320751814270756 0.477500731154662
-0.0229814097067394 -0.000920603917848945 0.370563353345115 -0.012510108648059
0.0111543979651378 -0.016272020673817 0.121772599664074 -0.167382734989213
0.00314307491120551 0.011471609397264 -0.113741248388598 -0.119943237008262
0.00669005033333059 0.0202944595572819 0.0668134818225161 0.0771178321230567
-0.0250302042552082 0.0099681179185575 -0.193825287980781 -0.0101015976175632
-0.035105673114194 -0.0127344230296678 -0.384166337110184 -0.28297092924093
-0.0189196321564558 -0.0389617327029763 0.0902195888297859 -0.528472416164794
0.048780514067589 -0.0243287756002488 0.72710001877111 -0.154801755072564
0.0348372078996363 0.0437097309206706 0.603458634817836 0.558211375138366
-0.00817743267574312 0.0395240896373392 0.0639928979665988 0.501196148276231
-0.00781531385706871 0.0204323604450003 0.0718258576844577 -0.10152938347243
0.0327764225009249 0.0245578035352675 -0.285746417359968 -0.521409608986569
0.0347455000244021 0.011377747676621 -0.790553869779209 -0.0187608949994344
-0.012122292486646 -0.00596149290114008 -0.359291883404765 0.669517200249264
-0.0453381105061638 0.0109627142181939 0.324820097827808 0.475288756888695
-0.0170723129202699 0.00929128282276397 0.363802599109093 -0.0245152461879792
0.00549209556165449 -2.92848851208283E-05 0.121209309091224 -0.178429258506079
0.00131303182924389 0.0194147260906614 -0.111580173772231 -0.123387937947292
0.00494090795276166 0.0253425842550588 0.0701026980594387 0.0750683079909102
-0.0267650960716146 0.0235047694021595 -0.186514157500047 -0.00559648850887858
-0.0245909877716564 -0.00701886532773934 -0.387946479533374 -0.267309586817239
-0.00639204121670104 -0.0532403401963124 0.0675356822945899 -0.524254070717045
0.0658254174497961 -0.0406881312129814 0.720501901021622 -0.183992119349973
0.0577989164562508 0.0567832409359596 0.62840395359804 0.535624189229682
-0.00549891494925918 0.0821946646646184 0.0798286295385127 0.51059830888309
-0.0142507828538817 0.0665836091527644 0.0715050198247674 -0.0838842854400279
0.0492135047048712 0.0506004188894074 -0.266136519613539 -0.522783677695459
0.0600849475733077 0.00234623006636272 -0.787887995557867 -0.0462998834735863
0.00458681201019086 -0.0285824410182362 -0.384715355210594 0.665049897435609
-0.0331612015587824 -0.000757749471767724 0.30629001617264 0.496363169125667
-0.0121856562271185 0.0204334565784835 0.365850534156713 -0.0110170515296816
-0.00222219977556293 0.0174573359863494 0.130744431873274 -0.176734039664963
-0.00033516417860372 0.025952313079487 -0.108313868543222 -0.12457967598306
0.00477873636303527 0.0268785940850347 0.0759323290069727 0.0747020686376161
-0.0266010337596867 0.0371120409261696 -0.170660717670576 0.00942790275063902
-0.0128139913419899 0.00133029256785839 -0.396502743144194 -0.233954356053642
0.000965918699912639 -0.0645964841107556 0.0133101271845011 -0.522248069812238
0.0719644211534551 -0.0607980973106464 0.680829617758077 -0.256924481749
0.078557250934634 0.0576700699009633 0.674937432232601 0.471040111406837
0.00237082301714868 0.112750469355416 0.113993609804807 0.524316077759112
-0.0218018074539269 0.102265859849477 0.0705769485292897 -0.0486973342794017
0.0554425705422068 0.0754374618105511 -0.225626242416365 -0.52376689172033
0.0791480879119723 -0.00116752386584058 -0.77816017652266 -0.12125658008836
0.0222161827118342 -0.0481322042738189 -0.453638151319809 0.629595240648443
-0.0192584523323781 -0.0120996950401291 0.26541562180896 0.539035720802296
-0.006013999569088 0.0304737431188733 0.375927867440679 0.0267688124499198
-0.00863165453390476 0.0329330761855115 0.149489161803469 -0.164667558513469
-0.00207367284864248 0.0289557414541172 -0.105191592153221 -0.125947309142227
0.0062527172456403 0.0265501872543997 0.081885074376453 0.0756229807843729
-0.0232261050751949 0.0464171046241975 -0.150961182949162 0.0329223309993045
-0.00187805462310461 0.0122714861536373 -0.401727894723718 -0.183050611877597
0.00491017715831624 -0.0687493519552715 -0.0597565726080063 -0.514079870047291
0.0674413168794501 -0.0801303269782101 0.619670189472209 -0.355778792387996
0.09264134633235 0.0448268004789172 0.724299652526212 0.366421567171175
0.0145780692967545 0.124414892303534 0.166978111068641 0.533530166118876
-0.02635200062279 0.12234399416108 0.0697745768778488 -0.000836664873806147
0.0513794182647096 0.0954890631199398 -0.17046956807518 -0.525252950714059
0.0878547608161062 0.00432936316376732 -0.754741034295776 -0.234349273804431
0.0364895235180118 -0.0616878957802131 -0.544492949472932 0.564028931618381
-0.00671317833568609 -0.0241847998626705 0.201932891321482 0.587817354734113
-0.000243939971375871 0.0387599728946866 0.387281388766881 0.0853437703278696
-0.0134083807850447 0.0433556521345938 0.173387785857239 -0.139298020337404
-0.00375961912958114 0.028229959687623 -0.101167105262501 -0.123883973093507
0.00736082414352471 0.0216289436496838 0.0869194244062657 0.0774083207523237
-0.0190488878264126 0.0516905550016699 -0.129199833856344 0.0595103465875002
0.00588894638136488 0.0230463567433786 -0.398101801153732 -0.12466216591456
0.00646114483298102 -0.0641162564120208 -0.135393668623184 -0.494709064639814
0.052410389833191 -0.0918499519767309 0.532120487903599 -0.454403331528131
0.0942641014596348 0.0235923080571308 0.760506796052425 0.243569585900238
0.0261189522329368 0.116430255621194 0.228681958997189 0.533332228451585
-0.0304037798926014 0.125103254440465 0.0697286219143432 0.051252160813518
0.0374845835479464 0.104374883594314 -0.109513161376229 -0.517888728640798
0.0830550463246552 0.0142761768139959 -0.717850017015085 -0.362188392050775
0.0437396616066816 -0.0639620712403621 -0.642999351239324 0.463159751077342
0.000946296112756158 -0.0334534231417987 0.117862551651669 0.628593963805669
0.00555677860984102 0.0407566478452047 0.396146654302967 0.153022292870405
-0.0131235437516223 0.0484064409540881 0.199670229596041 -0.105677690475843
-0.00536857227279373 0.0245911616975061 -0.0961739540401534 -0.120387044266596
0.0147234928951144 -0.00107135227872849 0.0687262029319523 0.0856628818995948
-0.00408799762258333 -0.0201719107028389 -0.176378024046033 0.044291342591223
-0.0466449931472509 -0.0184636253853098 -0.3882514984242 -0.200851493172374
-0.0575777533658179 0.00592505690863996 -0.0296534665990311 -0.547892326953365
-0.0238391577611589 0.00627110206614944 0.624870410967798 -0.342670997559871
-0.0307390876459857 0.00700903112244895 0.676165688644228 0.385144992393038
-0.0221461329334417 -0.0672483866137519 0.134851330553394 0.513563644728132
0.00208941786659112 -0.0984132273536689 0.0701201497749621 -0.0393694279714387
-0.0106916145873328 -0.0574744964300559 -0.197415115687115 -0.547613186482318
-0.0410216831929442 0.0207600523102476 -0.789372263762785 -0.218873927603019
-0.0483979019661519 0.0425943143933971 -0.517350231898542 0.550605618866394
-0.0644369679786278 0.0384599398856033 0.24489087062613 0.538983393135825
-0.0315669542437496 -0.00539248660615693 0.403963810078483 0.0712939908621396
0.0163666065931593 -0.0364065579218571 0.154746219142129 -0.11962796897937
0.00613662541812223 -0.00693351339516341 -0.115869856982162 -0.112370844284994
0.0118136684382684 0.00624586392198288 0.0662461892194788 0.0820506291309735
-0.0134074016726673 -0.0133565960849942 -0.189154442282662 0.0166624915447125
-0.0482022986994432 -0.0179807969972563 -0.38579577976469 -0.2473310323547
-0.0492921568003154 -0.00535572892792438 0.03418089555641 -0.544832367108003
-0.000660227105675615 -0.00234310138722608 0.682075345516661 -0.246562485914976
-0.0108612902317702 0.0118093271805084 0.637718741965915 0.481930490879774
-0.0119786100165812 -0.042972905053734 0.0932606376634137 0.507125377498205
0.000490329360704124 -0.0674565657809941 0.0719303095203041 -0.0755967614372937
-0.000580348181913489 -0.0308614977221685 -0.245796715983887 -0.540997669731477
-0.0189635359880707 0.0257614432635551 -0.798660843213645 -0.114244523776516
-0.0385014222719258 0.0336413767774794 -0.43511141031116 0.612837490483902
-0.0621963860134405 0.030916691675366 0.295138515323157 0.503805521640976
-0.0280228558169316 -0.0070164375250167 0.386079020436075 0.0227970102048193
0.0148857767089157 -0.0297948664277109 0.135120299381233 -0.14670214700156
0.00485569156806286 0.00120070864695328 -0.116287143226299 -0.117904356883001
0.00950553789403574 0.0135330575833169 0.0656659159983676 0.0788742977132079
-0.0201446080003271 -0.00280080669717998 -0.197853762948506 -0.0023724756230315
-0.0436802988701868 -0.0167195295454127 -0.383311498844229 -0.275767722601923
-0.0348683035544276 -0.0209639945061249 0.0787136920264299 -0.537316940881129
0.0260084054529169 -0.0120577439593066 0.718899111331168 -0.175537867635038
0.0117389463252403 0.0252851900651173 0.607026820679527 0.542615676254741
-0.0089545867570461 -0.00682440604295299 0.0678787332974357 0.501308012058429
-0.00386328833624467 -0.0252465489981564 0.0726376416260431 -0.0981150753456381
0.0148528781009553 -0.0029050686902958 -0.27551039545567 -0.529273866072007
0.00721110665263151 0.0212993986875801 -0.798331334089367 -0.0439475225816301
-0.0264846981721982 0.0164727340865871 -0.377317468543995 0.653008170070305
-0.0544881057830737 0.0208379919827386 0.321486485272298 0.479634134471882
-0.0229697290498951 -0.00149621303941275 0.370468638392899 -0.0119195592913571
0.0112897279179026 -0.0174294156558005 0.122672941132737 -0.167312711323579
0.00341682799725805 0.0107862889658484 -0.114058889012377 -0.120770892016751
0.00669737665474069 0.0200991896847514 0.0673974292603874 0.0768929806769243
-0.0254562489739548 0.00935660347832185 -0.195715604338287 -0.0117180111907931
-0.0345557333683485 -0.0128873212411023 -0.38400581986643 -0.282574649496396
-0.0188239397092456 -0.0379168014922382 0.091579476858988 -0.528509928508379
0.05006305693579 -0.02457153660952 0.730254339859301 -0.153969060387815
0.035402399332983 0.043737319715886 0.604581891073172 0.563036308640411
-0.0090099681197973 0.0394493804497082 0.0623472402241048 0.502654162003938
-0.00873652242725703 0.0216124610868877 0.0719467940213684 -0.101167958486886
0.0339173558209434 0.0248410709006298 -0.282728195250776 -0.525764452893876
0.0356063815209586 0.0115845411781123 -0.794272176189751 -0.0206034019187789
-0.0121144727959182 -0.00552928955712716 -0.362312864343725 0.671217158342694
-0.0449637332694618 0.0105751611259204 0.324541312031059 0.474969480421401
-0.0175260700734978 0.00888277427252219 0.364305283216541 -0.0236640446138361
0.00430414087590115 0.000599052914726849 0.122074521653996 -0.178416979827007
0.00192463150807908 0.0194829397663307 -0.111210628247438 -0.123633219555414
0.00508821510519873 0.0252045320347885 0.0706294507541407 0.0756149301747543
-0.0270453312740881 0.0239033497009249 -0.186439661005624 -0.00552760565547221
-0.0243567629722244 -0.0066895416101068 -0.389991749169136 -0.268011104947101
-0.00635933457263611 -0.0540902151042162 0.0689989864633024 -0.525854302234926
0.0665378932153562 -0.0403993006687276 0.722804255328345 -0.180534828209566
0.0579788827085054 0.0567227561849883 0.627489113447088 0.538452256375431
-0.00687446219216705 0.0823421293791719 0.0770675099299015 0.512089900591498
-0.0155076856135802 0.0662312583147209 0.0711028271472147 -0.0832546234384123
0.0488413833955003 0.0504814287511525 -0.264339854071413 -0.525610655300669
0.0609744648456878 0.00163046228334449 -0.789488320967084 -0.0499439989047104
0.00476400741153316 -0.0294086640723069 -0.388967959221009 0.664594001557841
-0.0326461487587353 -0.00066815298623156 0.30415439784422 0.498582086391049
-0.0124371334253463 0.0204494335887015 0.3678037461382 -0.00944654706639688
-0.003416386599747 0.0181143210220682 0.132933351501505 -0.176351075099294
0.000121254755662792 0.0256960467295091 -0.108159724326221 -0.125584392164493
0.00479035661514806 0.0268068941357062 0.0758499267452767 0.0753311904810209
-0.0260868554249561 0.0371482742204025 -0.172202339165232 0.00873910999213122
-0.011569328367518 0.00214035881087478 -0.397592595233605 -0.235545687958613
0.00181375517285725 -0.0653724446259445 0.0167134737154201 -0.525672819111919
0.0732012339957796 -0.0600953473936399 0.684189977927958 -0.254607871905661
0.0789868386455299 0.0578442622392742 0.67506237822121 0.474231304454835
0.0014670305213801 0.113145559332841 0.111443566035545 0.525146326305025
-0.0217474491939275 0.101981027574867 0.0712997641108867 -0.0471119058877702
0.0556001283403496 0.0760228462528344 -0.222986045945188 -0.526723834834189
0.0800828377169883 0.000146668310776449 -0.781136067064358 -0.125842602061094
0.022732181470569 -0.0487218330019273 -0.455286680469512 0.630545108598143
-0.0195927389129162 -0.011307973888351 0.263716920975276 0.541911057503367
-0.00594404870825088 0.0311872217202077 0.37654960337144 0.0291408815019491
-0.00860303451804613 0.0327042021149043 0.150466893307115 -0.16433980785261
-0.002011521709385 0.0289659241971445 -0.104431102282423 -0.125928345085702
0.00656474401975204 0.0260658531289997 0.0825413703215872 0.0755443391212558
-0.0228863911443489 0.0467449989272068 -0.151833182958084 0.0320273726013436
-0.00224418988085419 0.0125184185541203 -0.404040323356472 -0.183377258183416
0.00517761649303211 -0.0688756478897355 -0.0569147686849326 -0.516522284349199
0.0682451071687209 -0.0794416487593492 0.620927660101098 -0.354559661617152
0.0927660023705216 0.0448009458815971 0.723683981433679 0.370339115476649
0.013450144604027 0.125060994506679 0.164972678012942 0.534640653423575
-0.0277899515173161 0.123222772940209 0.0712111012196044 0.000364774740039615
0.0503864853698536 0.0955776711180144 -0.167268140976534 -0.527027506341076
0.0888992936062102 0.00376020053954946 -0.75696853780964 -0.238153518874745
0.0372270202515474 -0.0614549946294803 -0.5492759955966 0.562256252550481
-0.0075356071483593 -0.0242926125968259 0.200734655869249 0.589919566255365
-0.00102182994538141 0.038817227065621 0.387764253971216 0.0871288379385069
-0.0135576382989859 0.0426939305815805 0.175277678431298 -0.138369422767059
-0.00346974865601833 0.0284342959801891 -0.100976970122977 -0.12488417929088
0.00777898053808484 0.0215425697377898 0.0870259519935654 0.0786427752424
-0.0188543798302456 0.0519600383118983 -0.129313237300219 0.0580727093938941
0.00609501938857542 0.0226828155934369 -0.399654301652485 -0.124571494587038
0.00658645179786895 -0.063770833500247 -0.135622605641496 -0.495163953473603
0.0530912422403512 -0.092597281042467 0.534079002722887 -0.453277284739479
0.0945118671647438 0.0229058712120203 0.761795532685933 0.247381533471105
0.0241027989696926 0.117950063958738 0.226708805945198 0.536657048154156
-0.0322700955377844 0.125530448270706 0.0693777152381984 0.0520384209294981
0.0367742413272814 0.105343072752376 -0.10725578936736 -0.519158715909373
0.0834162840538334 0.0151686737832037 -0.718363402903282 -0.366283321708735
0.0445498844316876 -0.0638631038326994 -0.647311595588151 0.461733659699258
0.00121758375345031 -0.0336771938076199 0.118047099693221 0.629631735305737
0.00477474130930728 0.0423236153789962 0.394701791642955 0.153675086544849
-0.0129393570348903 0.0488475747609674 0.201744893047769 -0.104370215307264
-0.00494751764751012 0.0238867688194413 -0.096533521201929 -0.12136881173864
0.0141864291789192 -0.00112911921378514 0.0686691452066632 0.086029589667909
-0.00407552896030803 -0.0202621829994599 -0.17819900308892 0.043511002997128
-0.0461057177185371 -0.0187402884220891 -0.390383920881261 -0.20256852828714
-0.0583744765538853 0.00538526203514052 -0.0268536263962533 -0.55021439050565
-0.0234766593999879 0.00617635035809439 0.627017414539267 -0.343037828331442
-0.0309162594845181 0.00708995088455988 0.679083334995155 0.390836506348863
-0.0219940896642499 -0.0679210134271779 0.133179787994328 0.514377603789193
0.00148619834007025 -0.0989790831898595 0.0706572506478443 -0.0386395767929205
-0.0102038336572766 -0.0579591709063886 -0.196287650793243 -0.550854284997795
-0.0402476616435204 0.021490440739175 -0.791280561341593 -0.222820616157141
-0.0483666963727475 0.0428876095640331 -0.522463390512117 0.54798711404615
-0.0643437607690885 0.0385692864985061 0.242873585190426 0.541406593032791
-0.0316999345554146 -0.00547567883036639 0.405143097004925 0.0720865972235031
0.0169310014128779 -0.0371650383322811 0.156531859593652 -0.118627455698212
0.00584101859310782 -0.00681653664161566 -0.115177914476003 -0.114013677833639
0.0112751941389862 0.00606531344822051 0.0667273494812681 0.0833980785217506
-0.0127273323509286 -0.0131125376610338 -0.191246107893357 0.016937724939186
-0.0478484384297449 -0.0179463679642775 -0.386628421485609 -0.247710616469319
-0.0489086365370963 -0.00528379730102052 0.0358604966333353 -0.546178023923147
-0.000782776254949588 -0.001895375144483 0.685421345993049 -0.246263464700332
-0.0105096731100796 0.0121562663932212 0.638549864931336 0.482806723699009
-0.0118309811303042 -0.0437145603821986 0.0915027730930157 0.507784849527608
0.000202696004244706 -0.0672045053699201 0.0723096874883015 -0.0755594379560666
-0.000320055942277381 -0.0307779358337654 -0.244234392061123 -0.544353179348895
-0.0178235374127873 0.0249167256118392 -0.801943408947637 -0.118349308434772
-0.0393462813573701 0.0341785627564689 -0.438344107402099 0.613439677349441
-0.0626639811391058 0.0302700702355293 0.294227039559337 0.508040824235097
-0.0276176347219669 -0.0074101847799144 0.387310254868351 0.0237573948360962
0.0147947379758796 -0.0293398015579632 0.136011221323545 -0.146986459991369
0.00417484987582835 0.00189879616784843 -0.116249968201155 -0.117500517045045
0.00901685880099063 0.0124688542343794 0.0654097649286364 0.0792493735912322
-0.0204156680762526 -0.00304631601645505 -0.19801963944972 -0.00284236155550412
-0.0423959109583912 -0.0173296496640276 -0.383902834268277 -0.276294773397472
-0.0351791899417501 -0.0205839350553404 0.0817790032246621 -0.538599411646806
0.025759797265568 -0.0120705461459133 0.719308057800523 -0.174248070198445
0.0119537622841179 0.0258531818703164 0.609058441709039 0.547484666605356
-0.00913150905339306 -0.00686965864101258 0.0660085124464278 0.502477176752869
-0.00464901507526266 -0.0257724810472067 0.0738603350851917 -0.0985675579492225
0.0156608285110992 -0.0025103020274627 -0.274013884799231 -0.533562897577214
0.00862520548678729 0.0213980432157659 -0.801992984835549 -0.0491480521467225
-0.0257574132556463 0.0171573543818477 -0.381093371298989 0.652521101302291
-0.055693332088401 0.0211630512349673 0.320290901842294 0.481366888854934
-0.022798817556095 -0.00210438381312868 0.372458945360224 -0.0112313240503686
0.0105228226116469 -0.0166691295578625 0.124450849026783 -0.167159663805812
0.00336225640870562 0.0105600201099513 -0.115171088255394 -0.121184616901007
0.0064380430082409 0.0197701276987706 0.0663853831459293 0.0775628208607759
-0.0251071461124783 0.00901057054458966 -0.197718909004121 -0.0125762926587242
-0.034734453902603 -0.0127087239823192 -0.384480768466199 -0.284094938441265
-0.018467614545824 -0.0383158146439834 0.0936012018959549 -0.530873231949116
0.0509430680082864 -0.0239233666809785 0.732003968191616 -0.150923676999259
0.0350756595641061 0.0428501542846284 0.602900243112002 0.564934561923053
-0.00958498457631556 0.038948926476241 0.0587720833609107 0.504783285820029
-0.00954516184920871 0.021096908775392 0.0723791462679829 -0.100145296221551
0.0327245093584544 0.0241873078917198 -0.281086616605355 -0.527341899992788
0.0360223578603684 0.0110686135393544 -0.797165141593579 -0.0251862334913198
-0.0116318783514396 -0.00573461870393064 -0.365421281790674 0.670857503276236
-0.0455142058900493 0.0108723465318095 0.322915188825949 0.479914268519203
-0.0172411483188352 0.00812138213091611 0.366077784551514 -0.0221320653986618
0.00449329466097133 0.000540972316074102 0.124015055249565 -0.17766387722047
0.00143753797662072 0.0199968925262616 -0.110755279678279 -0.125698481640203
0.00463945778035031 0.0247786036135419 0.0700773708632427 0.0760255805982872
-0.0265481221193424 0.0235316465449882 -0.187362632525956 -0.00678806964461724
-0.0239088590830832 -0.00686866576806846 -0.390971611044739 -0.268570999216136
-0.00573546549767382 -0.053973263897952 0.0732027226619047 -0.526288029207275
0.0665266708099604 -0.0402703775992952 0.724300272701337 -0.179345692926934
0.0575434832715255 0.0574216285018431 0.628158656796932 0.541994963880595
-0.00652868679850087 0.0821285198735165 0.0753867890727995 0.512566765698695
-0.01480483803625 0.0672635954814137 0.0722381544337685 -0.083184743227008
0.0488845827685853 0.0513069689346588 -0.263327494629037 -0.52764015273413
0.0611954335252728 0.00229773783332273 -0.793584348690303 -0.0532657738209069
0.00532569608656582 -0.0289393455712476 -0.392462491179119 0.66503063945643
-0.0337129471819938 -0.000812158878147402 0.306042964758516 0.501669195907991
-0.0125064354705005 0.0209747431006865 0.367949071716494 -0.010245633700525
-0.00217718729809712 0.0175738086755973 0.133465902214603 -0.176105334381822
0.000235564989381143 0.026148612742461 -0.108267330860073 -0.126379421346313
0.00490198593052658 0.0274886331104928 0.0758368313256853 0.0749475962659031
-0.0263674289190008 0.0364360932835966 -0.17338315924775 0.00855407154722851
-0.0127725677604981 0.00174248285778368 -0.399162675948001 -0.2343743993748
0.00126796363541425 -0.064737995896339 0.0170538504707992 -0.527832638414407
0.0741926866433325 -0.0596390245039177 0.687162514000198 -0.25433196334416
0.0792968598790035 0.0588419797443345 0.673559689606212 0.477699667173368
0.000618604167073357 0.113481454689196 0.111073945663227 0.527288760331086
-0.0218080621803231 0.102438278188363 0.0703731393674431 -0.0470887293119034
0.0550079847752604 0.0763132022564538 -0.222228780811702 -0.529542948109443
0.0808439366951775 -0.000381687982359984 -0.784751320087954 -0.129505759292589
0.0229102346000799 -0.0485768246154237 -0.459792543107065 0.631864094628429
-0.020657642912219 -0.0124146857540581 0.264540179450971 0.544434443674108
-0.00568605907439011 0.0311385772530511 0.378188477387528 0.0287182717933353
-0.00966689604406572 0.032738445367681 0.151832515599396 -0.164222087277476
-0.00221409010139171 0.0297315596018258 -0.104926906747101 -0.126415256335776
0.00565618186526662 0.0264756340490984 0.0819815837315466 0.077103425613394
-0.023651376549191 0.0467269672749312 -0.153013516708299 0.0312425500550077
-0.00260300331849094 0.012242081746901 -0.404984280565887 -0.185366343612312
0.00527626213586898 -0.0686282125994014 -0.0566899264346032 -0.519470653031781
0.0691137598626501 -0.07987826429643 0.625093608283127 -0.355189801534238
0.092802078128307 0.0452324267086385 0.724907233716703 0.372811707428748
0.0130076555235679 0.124912589621128 0.164176981385051 0.537918493367177
-0.029392651160995 0.122986440256435 0.0697010445716981 0.00085985094813997
0.0500824725967117 0.0962775616640644 -0.166128810806611 -0.531015404519597
0.0895905058772208 0.00475562075473583 -0.75836707518244 -0.243011879973039
0.0382606215151045 -0.0616851383096073 -0.553602237794665 0.563970633851057
-0.00737416037888818 -0.0244780642309109 0.199502121837422 0.593724214792227
-0.000479946963631336 0.0386614919704772 0.389099292796635 0.0881299264148395
-0.0145567439755003 0.0434951333358728 0.177035820292852 -0.138023467802817
-0.00335506609724068 0.0274093278710284 -0.101040032127344 -0.125572115967084
0.0074773659374464 0.0209547626977816 0.0855293116398938 0.07855381159861
-0.0189235265215166 0.0524648687954645 -0.131900453435127 0.0579412552367444
0.00669559304692084 0.0220355751116107 -0.40086689407764 -0.125222439302451
0.00723065512103173 -0.0641385078442398 -0.135498191380413 -0.499221906639528
0.0541711772367363 -0.0932122915521736 0.538417151332157 -0.453343399620108
0.095070488847635 0.0238227203884567 0.764480320099544 0.249924489492286
0.0250523003532677 0.117568470303271 0.224567262904981 0.538713907741424
-0.032386699165723 0.12588668700916 0.0692976226996439 0.0534294075385299
0.0360029593542622 0.105420092484474 -0.104264152797423 -0.521891376463405
0.0841601251854883 0.015409974138509 -0.718936799785138 -0.37077459798331
0.0454456073467772 -0.0640459021313866 -0.651820632798014 0.46275580378091
0.00182011024645416 -0.0343028574061031 0.115910504970609 0.632480966494354
0.00521932033517305 0.0411194761691774 0.397000472698646 0.155478331160893
-0.0137582863404159 0.0489304768238868 0.203821589779446 -0.103453737883103
-0.00467173432129771 0.0243131701059162 -0.096257790666064 -0.121767068595116
0.0144887913799272 -0.000891804965759904 0.0692230618975726 0.0874646628434498
-0.00426841733356405 -0.0193086673667886 -0.179476965546635 0.0437715530759384
-0.0465366799444017 -0.0197297222724877 -0.39103754536904 -0.20320575847866
-0.0582499901313071 0.00581093119280354 -0.0251332494934559 -0.552075571524713
-0.0236902978495737 0.00696261611237397 0.632680502538505 -0.341965887783331
-0.0310569761226632 0.00630941184580994 0.681772099472701 0.394283226749051
-0.0220206240354589 -0.0677095703365385 0.130544663559117 0.517061401677292
0.00150174289865233 -0.100037280558118 0.0710813257143022 -0.0380794127972341
-0.00985846097531701 -0.0583011867551185 -0.195960788494839 -0.552974347502581
-0.0399364658879839 0.0207467183506945 -0.795188961286988 -0.226366299079889
-0.0495203145834065 0.0432189323516908 -0.525883730490392 0.552882483631921
-0.0656468116157568 0.0394705338404855 0.245290936295359 0.544309299498946
-0.0317875860616548 -0.0070267937160685 0.407943982390963 0.0728096882537506
0.0164709096193354 -0.0374738364326694 0.156195413316713 -0.119456344306479
0.0062277504425437 -0.0064332584430707 -0.116937828504401 -0.114596057198062
0.0116318109811127 0.00599837427609321 0.0669332820469287 0.0835297280537485
-0.0130678808061957 -0.0132569923512549 -0.192919581382647 0.0163240470767947
-0.0478280942049867 -0.0187013104661986 -0.390264703931335 -0.248884099924599
-0.0496804754921419 -0.0056292373483451 0.0377614256194789 -0.550151533258237
-0.000432144687803943 -0.00189598797971359 0.688939876475388 -0.245122225202937
-0.0106726353967547 0.0114797282825903 0.640948728867255 0.486875504627604
-0.0126763060231761 -0.0437131845922449 0.0917616746637539 0.511521752303069
-0.000223809474045375 -0.0678029198216268 0.072683546324126 -0.0745794628104841
-9.6568611296196E-05 -0.0307302875398929 -0.242681694450797 -0.547505220367106
-0.0172217080728099 0.0252147150670068 -0.807352116353897 -0.121174437515515
-0.0385886862180777 0.0343424949458875 -0.443189927127491 0.61576417960694
-0.0622754383244974 0.0301623785309006 0.295697400306741 0.509598263204164
-0.0279664851404459 -0.00768642827232982 0.390410457532546 0.0240031346725598
0.015167722199232 -0.0297619574711296 0.137663315375707 -0.146337052586706
0.00477109664580048 0.00276031610046637 -0.117238679406359 -0.118620871252663
0.00885881898903651 0.013329774647992 0.0652773861905093 0.0796385196974818
-0.0201367065312894 -0.00284024310761424 -0.199550573370828 -0.0044060076901553
-0.0430642623822604 -0.0170957247577359 -0.385088654531114 -0.276757394057804
-0.0346621741022926 -0.0210418699175867 0.0830472259302517 -0.542267524617562
0.0262695732558918 -0.0117460085475854 0.724371886087235 -0.173223416411959
0.0121975054278016 0.0258868785795742 0.608824902110416 0.550614008834562
-0.00943514796631032 -0.00597329062551442 0.0647271942700784 0.505467375912929
-0.00403140584776668 -0.0269849251203147 0.0736338496084448 -0.0978431669467143
0.014819371026211 -0.00327033266211456 -0.274364430183219 -0.538701770390649
0.00878172476022718 0.0204411345700797 -0.80602084118644 -0.0516697915343505
-0.0266397660974731 0.0173813468631983 -0.38523829288059 0.657191140991995
-0.0563909331817697 0.0213541069743618 0.320599633857299 0.484570776881178
-0.0233006680167737 -0.00198222366976183 0.374646208432647 -0.0104988821114025
0.0105839375564745 -0.0166209049771895 0.125461948846279 -0.167508374436585
0.00318526641915775 0.0118876043169771 -0.114215429149213 -0.122575957105417
0.00711649078815214 0.019965083830361 0.0667491048528828 0.0778470038917584
-0.0252269132808157 0.0105581355720409 -0.197832560108799 -0.0117307741918278
-0.0344427942119817 -0.0133589855951968 -0.386635330558935 -0.284696525140844
-0.0190331415595925 -0.0379543411538953 0.096436654986153 -0.533938646708046
0.0512620707196678 -0.0236878767715379 0.737449128660398 -0.149877021347415
0.0348076170819789 0.0440969352202715 0.605061773581989 0.569410632307091
-0.00989360279149875 0.0396623079689377 0.0598367110514167 0.506677351936181
-0.00994562215631395 0.0207780892461441 0.0735055079407641 -0.100748894059626
0.0330835729744229 0.025053415950792 -0.281722280309947 -0.532935465746402
0.0367355856829012 0.0111846450375555 -0.801082513918481 -0.0273607022019786
-0.0111472204753635 -0.00554228955523569 -0.369266899272058 0.674248887912112
-0.0462839689774764 0.0105365959756613 0.323045755368867 0.48351974525297
-0.0177801531268568 0.00805529210204401 0.367651659244594 -0.0224686204344667
0.00419872948524565 0.000629456592856891 0.125166789094061 -0.17801006017419
0.00138310919960958 0.0205775672988349 -0.1117685232587 -0.126443336190483
0.00446286758367534 0.0248717168896045 0.0693734240820204 0.0768881823292006
-0.0270401599300127 0.0245070447334495 -0.189757963117228 -0.00658978331488559
-0.0236677260369684 -0.0070580339035477 -0.392786415758557 -0.271667335613593
-0.0064290404312894 -0.0543003353586877 0.0727950793255655 -0.530882316091077
0.0674462287912915 -0.0409070585001581 0.729225205642358 -0.178605543099634
0.0586478614045038 0.0574336098167854 0.630457822125146 0.547811234259046
-0.00828239046383534 0.0823974684837643 0.0742731630787604 0.517144788229511
-0.0169981815734405 0.0668120309246516 0.0731400164292944 -0.0828363907606588
0.0481522574415658 0.0517834251502149 -0.26386902892899 -0.530257057833637
0.0619967043448944 0.00190599163793392 -0.794698195169641 -0.0541458753025017
0.00575459117658579 -0.0291803046895719 -0.396336815848044 0.667738039495574
-0.032728882975421 0.000224665717239725 0.305220637411911 0.504580979362899
-0.0118035307149362 0.0209108697629995 0.37017219976002 -0.00886046780360267
-0.00292231609597975 0.0180138240105875 0.134866263184675 -0.177255321521202
-0.000240047630861549 0.0265827121431564 -0.108668775543087 -0.127403502145421
0.0042120939829823 0.0264980039736954 0.0747759654631312 0.0753114706912196
-0.0265498354945243 0.0379604500177349 -0.174104813813507 0.00810019430179899
-0.0121210903032638 0.000880144995688611 -0.400708466137043 -0.237013718535496
0.00248627388437299 -0.0662302633297739 0.0188801843392409 -0.53040814951027
0.0748894407143359 -0.0604593816883316 0.691855131930601 -0.254222686967248
0.0794341013107782 0.0588667135183205 0.676580869599487 0.483161712658434
-9.70114510496119E-05 0.114106983422185 0.109233959291863 0.528941583908299
-0.0237416211211888 0.102942065832546 0.0716235158685705 -0.04732315329671
0.0541212996982135 0.0763529452766594 -0.221447455065009 -0.532993608342285
0.082040114095827 -0.00134043741743757 -0.787055608048882 -0.131379452810917
0.0230686109907674 -0.0488813453683742 -0.465397252950278 0.634396236735153
-0.0207457326696411 -0.0129935199830175 0.264461664475341 0.548190665272522
-0.00656095244391295 0.0317847898070133 0.380160065552772 0.030117485661414
-0.00898151863786565 0.0319263295532596 0.152930807331552 -0.163956886074184
-0.00247469770979284 0.0297947545901599 -0.105767322201668 -0.127282575772928
0.00535274832833448 0.024853646159802 0.0810830947337022 0.0769714946473607
-0.0232147589758805 0.047974991813016 -0.155404003683779 0.0308852379526793
-0.0019838733530872 0.012378230194114 -0.406416922312684 -0.185639358901662
0.00493516059356896 -0.0694718794370394 -0.0569476147122719 -0.521933866295721
0.0697349318728841 -0.080203846662832 0.62764954633809 -0.35458003906244
0.0936372578923096 0.0451357881211513 0.727571291887704 0.376496658805106
0.0124614628162478 0.125374410517369 0.16247727079846 0.541253924739145
-0.0291820213715189 0.123353794757434 0.069386855296682 0.00118937384495734
0.0491971027751531 0.0961421425710993 -0.165700923687001 -0.533356004157778
0.0897157319629223 0.00348295659946681 -0.76455786523119 -0.245525097637585
0.0387657620445058 -0.0611187124939564 -0.557940802391917 0.564804283884657
-0.00779307593913277 -0.024779299909477 0.199292290460846 0.595810343683144
-0.000250609280646224 0.0387722534962231 0.39037195603421 0.08869014596129
-0.0139429008215691 0.0438197618375336 0.178263905339908 -0.138226036385438
-0.00410714335928444 0.0285064999489561 -0.102134627565158 -0.126084900776729
0.0071122291222527 0.0211574387388637 0.086780641741248 0.0784575059783736
-0.01894484514711 0.0517557002086375 -0.132446735404549 0.0576663565089844
0.00638873505014117 0.0222944430192686 -0.402225345198577 -0.126400801472927
0.00620148185203113 -0.0644052494165109 -0.134815729537644 -0.501913623116946
0.0548406844645074 -0.0936440175283479 0.541369865811524 -0.454766073427727
0.0959768242616584 0.0238266247010497 0.767734619092392 0.252675129100173
0.0232031474834955 0.11831833639037 0.225098597786767 0.542343255266169
-0.0337399851357094 0.126536843651486 0.0689846878545512 0.0534317485778321
0.0360946906752827 0.105446702067366 -0.103904828078335 -0.524598256436868
0.084725210173782 0.0146487975107848 -0.722767964422082 -0.374122311825566
0.0460425840755517 -0.0640026339477989 -0.654095326130931 0.462951484244268
0.000966596454389339 -0.0339680535846081 0.117170376546014 0.635298849604517
0.00522025066574281 0.0424026221408155 0.398069044949977 0.15771541794603
-0.0139595640818429 0.0493632410768333 0.205292242374244 -0.104210158629883
-0.00505505192724133 0.0245411521025702 -0.0958614248194305 -0.122629098450999
0.0144824726852852 -0.000868620511778906 0.0698604027835852 0.0883415785494293
-0.00351394522902396 -0.0207653343773882 -0.181537377584726 0.043446717812207
-0.0466381674804015 -0.0188816320774873 -0.393578313604323 -0.203419382110001
-0.0585645937657941 0.00505475334599616 -0.0249881743223465 -0.55759083645101
-0.0231242546467493 0.00712015593747696 0.638484806724207 -0.344376970592376
-0.0310986083423292 0.00663910486739307 0.684843259038935 0.398050997435119
-0.0218893216668114 -0.0688961319078874 0.131588705647256 0.521117332283435
0.00183329190397374 -0.10066226997632 0.0717877135681834 -0.0384520232471731
-0.0110912138465472 -0.0587821791262246 -0.195183736142103 -0.560119065121703
-0.0396603165253692 0.0205795399252153 -0.802284252804109 -0.229230069268726
-0.0492667682935279 0.0438191027209879 -0.529790766966825 0.556882180011276
-0.0656375064019012 0.0391990065602046 0.245041047732572 0.549629160205407
-0.0317127400385935 -0.00704207272969893 0.410790907954666 0.0748734545788384
0.0171362192215395 -0.0375262228687214 0.158547977990206 -0.11985524346254
0.00557848479068078 -0.00592275673794734 -0.116620265630608 -0.114818949471765
0.0124510340073101 0.00678019061368217 0.0662628531633218 0.084525956390304
-0.0126469657723325 -0.0142188711592945 -0.193792423588718 0.0167858120609255
-0.0477853020209612 -0.0184271970374661 -0.390737164430398 -0.250932063063019
-0.0500535932669169 -0.00442312701784425 0.0384428537428743 -0.554046091467661
5.46040786154577E-05 -0.00138173408641159 0.69492916600879 -0.244937846326209
-0.0109921719450887 0.011766942945845 0.643663462203254 0.493389267824468
-0.0129026512460841 -0.0445686324558794 0.0899554488831478 0.515705137821882
-0.000351593211369026 -0.0689082699900338 0.0731619955741673 -0.0751185620943145
-0.000270042849293127 -0.0317427936264931 -0.243914351118163 -0.552304798171654
-0.0173023104081763 0.0247950476510815 -0.813621070968486 -0.125300236008146
-0.0385801822835649 0.0344953041363725 -0.448199727679345 0.621175049971428
-0.064097223723169 0.0305431788747604 0.296506803550264 0.514327893071847
-0.0283049904293245 -0.00806327860530315 0.392379358737479 0.0255278072078832
0.0149047359153787 -0.03017108034844 0.138693585460878 -0.146619977934658
0.00484779868216184 0.00294760358762045 -0.117386870043709 -0.119988028154053
0.00882613047664809 0.0124775691968849 0.0657337981464135 0.0799155433527515
-0.0203857403288606 -0.00307714238760336 -0.202436636409849 -0.00379784467090272
-0.0430952867763834 -0.0167867789745058 -0.389670682227351 -0.27888393950748
-0.0350018937415569 -0.0205819081480139 0.0837043898772271 -0.546193892876507
0.0263363146233768 -0.0119533598984861 0.728480684989004 -0.173114467153215
0.0126227891519917 0.0259304548785802 0.613771884852944 0.555187015445328
-0.0101926732157608 -0.00618445089339692 0.0654392763436809 0.508650180181697
-0.00436397975268616 -0.026991550073562 0.0742327705877393 -0.0984538300073919
0.015231260237121 -0.00335853988349693 -0.274373658436917 -0.542764725944366
0.00940116064529503 0.0206255746564505 -0.814500971771611 -0.0533521030778471
-0.0262427354592787 0.0177494243205324 -0.389775531129898 0.66132350048695
-0.0571571359089461 0.0211627859924861 0.324739417209219 0.48844567012336
-0.0235689750403288 -0.00292101447110331 0.377929009423988 -0.00975939707421079
0.0110118458129207 -0.0171228786088145 0.126689167616538 -0.16779970553107
0.00306308308146283 0.0118479266959967 -0.11533523218302 -0.123841053491915
0.00662697661790889 0.0196544093841546 0.0667016321268824 0.0787285426097681
-0.0252209786732249 0.00965501575328047 -0.201392113273231 -0.0110113303941546
-0.0346302170625157 -0.013518589891803 -0.388825395211698 -0.286335890037981
-0.0199825182988721 -0.0381035400874441 0.0968778074277679 -0.536988900869717
0.0509128968510115 -0.0245863784499103 0.741765320017539 -0.149411143886965
0.0349626011394992 0.043649492938616 0.607560662510958 0.575753002825005
-0.00943983158916695 0.0385017687948712 0.0586327524233115 0.509864087098716
-0.0109973112283852 0.0214130418630536 0.0738168457068653 -0.100234975658822
0.0333893651363379 0.024512217606605 -0.282357361758317 -0.536321903751114
0.0365704479049612 0.0106315111730924 -0.807001779864659 -0.0292045013099254
-0.0105731265217846 -0.00543257515647977 -0.373374567505497 0.678933563032031
-0.0475777935886632 0.0105846892617645 0.327389395228665 0.486049703524789
-0.0181581241584402 0.00837282781274766 0.370436745920132 -0.0211027170772967
0.00371151129482708 -2.5549622980018E-06 0.126369754375216 -0.178533676403642
0.0012502425866906 0.0207309431888452 -0.112410588329454 -0.126325731854723
0.00417769688797769 0.0242914063336351 0.0704301174572669 0.0769147599740255
-0.0280133182496033 0.0247601946368105 -0.19219557698617 -0.00808449846585573
-0.0232419417235976 -0.00771493914081835 -0.39477551576586 -0.273062887329342
-0.00656856885240126 -0.055251281886511 0.0752391611519442 -0.533217339525438
0.0681167327763487 -0.0410143532859072 0.734303072443837 -0.178409107961529
0.0582141482629031 0.0573698426990986 0.634227749518762 0.552431120661178
-0.00836718935556842 0.0829129187833064 0.0732005373805885 0.519056464565575
-0.0174086149255371 0.0663928357090833 0.0729260075956639 -0.0828671709083479
0.0483574892370446 0.0517673480860671 -0.262850657432893 -0.535531718107659
0.0632769487392572 0.00164381782801423 -0.804690305079808 -0.0584666724508348
0.00643158691662174 -0.0295061768856278 -0.400731449749143 0.672494792953915
-0.0338150355600377 -5.09264598340387E-05 0.308367929384888 0.507744815556642
-0.0121436786199834 0.0193620898155746 0.37374092540661 -0.00697688064794123
-0.00285301983951216 0.0186633331540122 0.136835239949538 -0.178177302587886
-5.27997230395181E-05 0.0263362669773407 -0.108829446140333 -0.128831252477454
0.00412610672917928 0.0263035393830015 0.0757065887658053 0.0773256799991335
-0.0263208053212401 0.0378348191284433 -0.175935132057456 0.00886158125757145
-0.0114325265549437 0.000911078729765108 -0.402978064203615 -0.236876430369202
0.00182241655677684 -0.0663548335902119 0.0189747991820524 -0.53535267454503
0.0761159570989838 -0.0611674300431347 0.695681324532375 -0.254369015659592
0.0803115152045916 0.0589258391333913 0.680543586305854 0.486401709493863
-0.000676256802329347 0.113838297424142 0.10820754572544 0.532809950628674
-0.0237476825451005 0.103823829562846 0.0713293684369345 -0.046959121250342
0.054063934439162 0.0771409533845922 -0.222359364681415 -0.537185852848585
0.0829101536598884 -0.00166973429006672 -0.793744504338523 -0.135900550142362
0.0239743179759384 -0.0492693374213678 -0.469139920713332 0.637203665060893
-0.0216862111433653 -0.0118217380786195 0.265245210335795 0.551341972483104
-0.00626135171776541 0.0317257305735357 0.383586454544095 0.0308573125622643
-0.00979333464332717 0.0338244977957508 0.154929584290727 -0.165525983733993
-0.00156489141732598 0.0287831693859646 -0.106831252352128 -0.128752293346588
0.00497524892754752 0.0250909939250969 0.0819694243335053 0.0780663705717407
-0.0237803869830567 0.0481668274208815 -0.156872490892418 0.0311466676029726
-0.00190146112522551 0.0116153775419785 -0.408621940439149 -0.185849402734151
0.00578048881646956 -0.0697488941179445 -0.0570151920718951 -0.526018687675795
0.0712251629607671 -0.0808135335792321 0.633443660740788 -0.35545710039124
0.0937510766727563 0.0451257103777445 0.732052961108861 0.380564439670098
0.0116880932118971 0.125837904974519 0.162452435506719 0.545393438763475
-0.0309833083264618 0.124450608870613 0.0696255647226781 0.00156867558795951
0.0496300006645005 0.0976635404545605 -0.16622239371539 -0.538483712809098
0.0915388057055753 0.00417069284351973 -0.768198008877821 -0.252119703883482
0.0388426778518403 -0.0620553139258964 -0.563530148711459 0.56820099944248
-0.00800219162402419 -0.0242660931612544 0.201653169107485 0.599590405324373
-0.000232791194289627 0.0391894882576589 0.393122718788785 0.0898275499670691
-0.0147763777060781 0.0438995546435299 0.179673166500629 -0.139467721945064
-0.0038553555598064 0.0284105453320411 -0.101730396367232 -0.126838752668438
0.00681862897532844 0.0200872369853331 0.0877758092499259 0.0802031092241449
-0.0197749318222365 0.0531541053747274 -0.134725026550575 0.0576422935520162
0.00625475718926929 0.0235012040729832 -0.406408176351128 -0.127125962937557
0.00676824382126607 -0.0653818780256551 -0.133200832908128 -0.503683193196558
0.0553876425990922 -0.0941281134595235 0.546186360032491 -0.455980238384651
0.0962597826604697 0.0240834902697969 0.773563938527502 0.256733420019039
0.0224108531380326 0.11839011166612 0.225429834200923 0.545706772304375
-0.0344540729570534 0.127803483520276 0.0695128013503433 0.0538865693134928
0.0351274380037061 0.107086494461387 -0.103280494497369 -0.528561192401005
0.0854976581727115 0.0154144452047735 -0.727078055139479 -0.3796494774453
0.0459407401402651 -0.0651503039401683 -0.660756871082355 0.466580973315074
0.000616956407954984 -0.0344991580411852 0.115227215812241 0.640902473807525
0.00445901066626391 0.0421433663075094 0.401366957151937 0.15911603207805
-0.01455458346436 0.0499354278689778 0.207327301090919 -0.104027653203034
-0.00510642175871277 0.0245028025941556 -0.0968999897155605 -0.123779693048901
0.0136812387185595 -0.00094225394119282 0.0699927238110852 0.0886857822876369
-0.00336777274476591 -0.0204779769067959 -0.183778129800211 0.0431129001393514
-0.046391701172229 -0.0191340630327684 -0.39786730397681 -0.203980192125997
-0.0595656654603834 0.00608935850264792 -0.0241799352492536 -0.561210458054437
-0.0233080963393239 0.00734192940728449 0.643652658552435 -0.346207022251015
-0.0314042092748814 0.00581918576321177 0.689331372387983 0.400956188506432
-0.0227630582422785 -0.069436458543049 0.132334201763358 0.525002811843146
0.000909531751735009 -0.102054304746584 0.0721878542135118 -0.0377377104268445
-0.0104983574912561 -0.0597003059523697 -0.197465085476222 -0.563210564302862
-0.0399801764542764 0.0204269588879895 -0.809179468419943 -0.230726067833448
-0.049849559757262 0.0446034970170502 -0.536769898329811 0.560355652646297
-0.066418519916906 0.0395995377201575 0.249417142834516 0.553201295848758
-0.0318706311218734 -0.00702134142543261 0.41454464731694 0.0757132557521739
0.0168242691695186 -0.0378448723529515 0.159974601216281 -0.119742158966594
0.00722133637805566 -0.00569408029055601 -0.117304424747132 -0.11589798592379
0.011767695351259 0.00639020147486691 0.0668072573212553 0.0840468107905078
-0.0126785352957322 -0.0134819640271513 -0.196511120063369 0.0165227726935374
-0.0482556944203295 -0.0191530137872256 -0.393715765863903 -0.251843071487217
-0.0505012858686459 -0.004905353324821 0.0389776225776566 -0.558212300319882
-8.21603974279425E-06 -0.00133163582668593 0.699522307116539 -0.247754606863454
-0.0105784350186214 0.0117832511884142 0.648337782889757 0.495658221553448
-0.0130118535221977 -0.0449563528596871 0.090002261153366 0.519001178338204
-0.000933635548109152 -0.0699889369471785 0.0739054444964894 -0.075190439174229
-0.00106701310227021 -0.0322690347873466 -0.244820236052186 -0.558997081800494
-0.0175968615356656 0.0246570409306996 -0.81866318273472 -0.124909846885402
-0.0392728874416438 0.0348484622814542 -0.4520201042698 0.625745062368113
-0.063707391155843 0.0312755649774601 0.299820797156192 0.518437130677952
-0.0282172780808044 -0.00794710091102812 0.396304867482236 0.0245376330855647
0.0151453330936474 -0.0302037296387504 0.139533374835311 -0.148257571767088
0.00489652275818481 0.00321002257163183 -0.117966900770719 -0.121181787542244
0.00887117053992378 0.0127743107477461 0.0653770735616967 0.0812842151186012
-0.0201002830197838 -0.00259876384265745 -0.20380100855149 -0.0036023456203773
-0.043185090568887 -0.0174164766809101 -0.392027597225566 -0.280863714999419
-0.0357527087234865 -0.0209593478780319 0.0856552594035589 -0.549609407323975
0.0272363750030458 -0.012127323948609 0.735030490730589 -0.174530061840713
0.012250863305699 0.0255634525949523 0.618977696785093 0.560661455141698
-0.00962013405503289 -0.00672168942049603 0.06495019876403 0.513668882362314
-0.00586949642120095 -0.027368405316448 0.0744339550545305 -0.0979715204745027
0.0141987765003743 -0.00327616445379753 -0.275441166874335 -0.546423685374883
0.0103005752178962 0.0205551654292311 -0.820138897561648 -0.0546516647201029
-0.0251902916297194 0.017606102838078 -0.392698628524163 0.66613897684556
-0.057168058018235 0.0217676665400293 0.325689604931346 0.492499311303958
-0.0230269701370495 -0.00218068393881219 0.380991345785478 -0.0107792417133332
0.0103667873695714 -0.0167242806727018 0.1277257690974 -0.168243564578391
0.00291343865268599 0.0123473497168629 -0.116458261381285 -0.124668336030178
0.00566647804138574 0.0198063185373895 0.0671932875524597 0.0793418682846185
-0.0258211253713536 0.0106934445030779 -0.202909267678727 -0.0116354199475054
-0.0345169610933643 -0.0141566456069569 -0.391669794188075 -0.288093074960451
-0.0197036228279731 -0.038436060253718 0.0987995825818357 -0.543415687538819
0.0520808693656015 -0.0245354491098864 0.748333725612844 -0.150805963204268
0.0364956005796589 0.0440406566819555 0.614757502612546 0.580099109217131
-0.00964642271433021 0.0386775943549085 0.0577237508085364 0.514088476263871
-0.0109501624761908 0.0207336884909549 0.0741764647435958 -0.101695596355692
0.0334772307815084 0.0241624018135508 -0.283649949452844 -0.541304759480348
0.0382533747603437 0.0102237419650287 -0.814318321645365 -0.0294285286259286
-0.0102827997966912 -0.00524135063258524 -0.37708238516391 0.685650745616454
-0.0470412841041038 0.0116245683118501 0.33021430179006 0.489935268126968
-0.0183446496751506 0.00800223597548752 0.373721658945164 -0.0216713243680322
0.00429093885278276 0.000381105588962424 0.12715218772233 -0.179286872900353
0.00199341301914923 0.0207563382915878 -0.114048495827928 -0.127701910226633
0.00465391794656333 0.0243804313231119 0.0703997407653034 0.076901001611783
-0.0278128398927037 0.0244596221071623 -0.193726273490517 -0.00758496846348362
-0.0236077827488012 -0.00776130021008528 -0.399566212966573 -0.273122137589373
-0.00606613025200841 -0.0550134899391215 0.073502691592528 -0.538095413709219
0.0699950395078648 -0.0408759157572676 0.740423686528945 -0.179298201837245
0.059069847840784 0.0576545314607658 0.639537823957974 0.555296895319351
-0.00843577679361795 0.083933488819588 0.0744507128867162 0.523719293014872
-0.0181198529892993 0.067530807648859 0.0731156454783288 -0.0831393276482973
0.0483168401760016 0.0525965637857593 -0.264918328690012 -0.540253061753877
0.0639014761353395 0.00160439344567129 -0.811476369160794 -0.0590220609749447
0.006649868576332 -0.0283813310109058 -0.406496740500003 0.67841780910401
-0.0348442758346419 0.000136827775439941 0.311386398716473 0.511125785330057
-0.0125842232401835 0.0208171905306717 0.37594809877871 -0.0084184646895126
-0.00367868033601458 0.0187618750068872 0.137145863862315 -0.1790669322848
-0.00060799248702711 0.0270395514538145 -0.109578947746421 -0.129503078082139
0.00420221418048301 0.0263858677642226 0.0757447241780447 0.0766981378150359
-0.0267055813315966 0.0394157472813973 -0.178813431890014 0.00845298806636638
-0.0116798375300657 0.000444385943851469 -0.406819986455299 -0.237359755896288
0.00151272098053445 -0.0666261515370534 0.018324547541122 -0.538036685046405
0.076749324491875 -0.061178627052802 0.700715082160776 -0.257019765397601
0.080285479014777 0.0593664622864641 0.686806559256792 0.488649003660655
-0.000627118566912235 0.115346282800835 0.10996495416125 0.537511382717477
-0.0252335801677829 0.104587305754066 0.072076683952756 -0.0473963444463835
0.0548299412409693 0.0773182367162561 -0.223851439888219 -0.543424210606859
0.0828404111352148 -0.00141424930645453 -0.797643240119234 -0.137120427451612
0.0248580295686275 -0.0499249080239556 -0.474663840001751 0.642296231365608
-0.020922239898765 -0.0116755269518729 0.267726797376019 0.554359234263676
-0.0064441912310472 0.0313092376950647 0.386059496301545 0.0308975078104101
-0.0107981913412808 0.0347224101620257 0.157924436257432 -0.165150629081594
-0.00266055356445899 0.0299772709856436 -0.10662359880828 -0.128685224391805
0.00579930581189722 0.0250545382077218 0.0809589314083053 0.0780982529772856
-0.0234367600355002 0.0486305106264233 -0.158753745172785 0.0301831423912681
-0.00175576109582388 0.0123954673470487 -0.413281945764274 -0.185793280987913
0.00503613578425079 -0.0704578037820584 -0.0571986274175672 -0.52921894959008
0.071014209923762 -0.0820323362135172 0.637919819557849 -0.35811987812152
0.0948691634280739 0.0459532588317254 0.738678454855609 0.384332125268306
0.0115476410225359 0.127163998064387 0.16351257963712 0.5486525233586
-0.0309921254462372 0.125319842691512 0.0702200619741358 0.0018782058549334
0.0496823074964398 0.0984585823145893 -0.166624542645896 -0.541997669245671
0.0919616381381784 0.00404431573968592 -0.776170106902406 -0.253196101833751
0.0398535470701214 -0.0634903820311066 -0.568692186906997 0.572967524348474
-0.00794209953748745 -0.0244690193689044 0.202773916457127 0.605016294830264
-0.000246062865043518 0.0390644413312219 0.396899220512578 0.0905319319429749
-0.014266982365178 0.0451493083405295 0.182383095619951 -0.139594657937561
-0.00429411544527048 0.0294873899655396 -0.102174602837176 -0.128078522323909
0.00714261169928441 0.021212388504818 0.0870727919737686 0.0795520896047405
-0.0194821375011605 0.0529936421118116 -0.136588378861659 0.0581691043074927
0.0064925045034626 0.0230169365941492 -0.409278968516855 -0.126166805105628
0.00652796025547167 -0.0663362616131956 -0.137453763020221 -0.510148818956768
0.0565313753558283 -0.0951810598839897 0.550108396588887 -0.461186258461749
0.0974142755180948 0.0235198388601423 0.779138066615111 0.258047389407102
0.0230187144497753 0.119898831541428 0.226600867851067 0.548869032951452
-0.0354719700812851 0.128390291673449 0.0691149455487966 0.0554319834391936
0.0359626126908796 0.107406336203768 -0.103510877815347 -0.533697053050778
0.0867642080176444 0.0144632866182379 -0.731812762749057 -0.383931600166942
0.0463427284589697 -0.0653140143756851 -0.667213735595892 0.469569650810857
0.000718824250485847 -0.0345779804324388 0.116944936272313 0.644622362848378
0.00494569207746508 0.0432897028161148 0.405182706272584 0.159581233448126
-0.0140016458332731 0.0507602079529849 0.209810657353721 -0.105054208820435
-0.00473581917137586 0.0248962104942246 -0.0977657291185464 -0.124581515672953
0.0136256519476719 -0.00140833158242507 0.0703354527341146 0.0885270287527414
-0.00346838704609175 -0.0207453242556524 -0.185733033646269 0.0457720685655886
-0.0474492310389253 -0.02016664118671 -0.402098692290919 -0.203731866892186
-0.0602381915161656 0.00574897125197864 -0.0256940034083602 -0.565541487909102
-0.02444470848706 0.00715599514616181 0.649436375146737 -0.351739047110353
-0.03120295607134 0.00584283644831344 0.697593876171198 0.402567072553894
-0.0229634245735621 -0.0710740650031456 0.133091263384919 0.528490918030593
0.000989451452283036 -0.10235800959399 0.0721182128115832 -0.0381879604395766
-0.0109217035411298 -0.06072610532574 -0.197905319174215 -0.568159089195113
-0.0398336986729582 0.0206972837100118 -0.816057821557915 -0.232648989213458
-0.0499136814232991 0.0449384726378172 -0.542268299146508 0.565544336250351
-0.0674276736312694 0.0398629025869328 0.251920748407517 0.5590446673294
-0.0330811943517748 -0.00750237368237031 0.418731890426116 0.0750805680710394
0.016995945315805 -0.0383585530031907 0.16192123278726 -0.121364707648473
0.00623266706046059 -0.00500841097064622 -0.119302977342455 -0.116665220136965
0.0116507960266875 0.00618740054219809 0.0680389536177778 0.0854814077887653
-0.012401955957752 -0.0141409020697631 -0.199016756117808 0.0177062919157255
-0.048200991647632 -0.0198762241864158 -0.3994337713217 -0.250984463386464
-0.0509662934981404 -0.00539476225346931 0.0387188175706446 -0.564532287734755
0.000164453854986016 -0.00143324650200254 0.705679213082389 -0.249132804748475
-0.0112144135879984 0.0111154205235301 0.654491420436056 0.498795142821214
-0.0129666507040531 -0.0455428767894249 0.0917821658027798 0.523222872226238
-0.00145538154080391 -0.0702249835878793 0.0739243000292687 -0.0750907414166007
-0.00105705605595766 -0.0335215586219184 -0.246573216796197 -0.563226858105967
-0.016296862634364 0.0247689857082535 -0.826836804978133 -0.128018123272821
-0.0388625398571164 0.0352734548878319 -0.455652326515769 0.631389642124951
-0.0646730415640619 0.0315231704453316 0.30317139436834 0.520839669339554
-0.0288646413300422 -0.00794334669697632 0.399950714291106 0.023477393583345
0.0146985820986607 -0.0308641852015479 0.141231996796907 -0.148972526257907
0.00496545058697277 0.00267331837973858 -0.120311384417449 -0.121209648782515
0.0089744112559844 0.012972531671118 0.0663964966640857 0.0818157589079554
-0.0204767407937339 -0.00266079927460809 -0.20611359323666 -0.00169231755705591
-0.0436933466408245 -0.0178635420267739 -0.396603328087396 -0.2814023492019
-0.0353849449419666 -0.0215338305146048 0.0852151581540025 -0.555821093019319
0.0272028975603102 -0.0120277450162681 0.742479736599746 -0.177382678408515
0.0127903092876459 0.0266322755514571 0.62481093615569 0.562287098318837
-0.00956661536704379 -0.00767627596147217 0.0653978575036837 0.517287566568164
-0.00539200758656784 -0.0273943933652811 0.0755449709797866 -0.0989854062212287
0.0152567180238236 -0.00398523682453327 -0.278890752889275 -0.551954597209441
0.0103808899337652 0.0207645690597027 -0.829374804183012 -0.0529940005001902
-0.0263854243676907 0.0182499059165647 -0.397109886355735 0.672444467352762
-0.0579231167434862 0.0215082599265295 0.331348517028202 0.495524603906346
-0.0236628143006536 -0.00330566725479159 0.384933095508554 -0.0109735918809576
0.0113360509213288 -0.0166993903499502 0.128903777332709 -0.170702835383946
0.00384174239599203 0.0126808980095391 -0.117174704028413 -0.126021637193566
0.00683083159632757 0.0190108954064471 0.0672292326701761 0.078699315366029
-0.0257586734934479 0.0100998060726224 -0.205082154611887 -0.0109878686896371
-0.0347190472676337 -0.0141062966371118 -0.396727524124564 -0.288096582357631
-0.0200156017648605 -0.0387334083527598 0.0973876926992181 -0.545981595624588
0.0525229441737223 -0.0245973430085481 0.753821106587248 -0.154354244431456
0.0367565162387809 0.0441868192668867 0.62061653227545 0.58397858436062
-0.0110112656886424 0.0385381368395151 0.0583996808701971 0.518237813619577
-0.0122975176406168 0.0208013920845269 0.0746917058432315 -0.101842536932602
0.0336831665372065 0.0242413866727181 -0.28695492732588 -0.547012265168658
0.0387141152547983 0.0106214224044362 -0.822234057030584 -0.02991317338344
-0.0103994091650443 -0.0047773717764918 -0.379640598045882 0.69204168014255
-0.0477919657294272 0.0122005069229315 0.333612413901634 0.494075222216569
-0.0186637565514384 0.00864483952784322 0.376744957405195 -0.0229046506034698
0.00445488789498084 0.000843516102754953 0.12829535161163 -0.181511307818131
0.001557065039316 0.0213871090530023 -0.115204648719905 -0.129181008621084
0.00468034963414117 0.0237901706779826 0.0711594277384811 0.0777095643494576
-0.0274837724419758 0.0254172669163026 -0.19651352227336 -0.00740486314320113
-0.0231412573574554 -0.00820168527196367 -0.402547383225959 -0.272834419135469
-0.00709971183635271 -0.0562472645135227 0.0741345850153381 -0.543574704728016
0.0700535456697842 -0.0418202041762565 0.743339919939179 -0.182524887753199
0.0602913082839395 0.0584815297114211 0.645859431953145 0.560474876969545
-0.009118766377307 0.0839949543035386 0.0748190678736486 0.528437814231216
-0.0188576727285011 0.0678089661796032 0.074392787277474 -0.0841521464247635
0.0485232038913022 0.0531288707557381 -0.267365457039451 -0.545375600398064
0.0649470091604513 0.000662925669571587 -0.819036604310099 -0.0569291541139402
0.00665900793833446 -0.0291169759983 -0.408081414385827 0.685740312159909
-0.0354990086598424 0.000335517225901735 0.314285561934921 0.515262442309006
-0.0124153824370999 0.0201263560249823 0.379619586007774 -0.00886152188988085
-0.00319342199851252 0.0195317924550138 0.139873810320423 -0.18050254531065
-0.00032750362157979 0.0277264899059945 -0.111729953481512 -0.130155598359722
0.00406741729046495 0.0263344792416607 0.0757415739766291 0.0770196957961088
-0.0262393906257358 0.0391445545716664 -0.180496478429252 0.00820584472367432
-0.0120551812304102 0.00146321938687531 -0.411054476111125 -0.239443885417487
0.00146202313565302 -0.0671226996778839 0.0169209439703604 -0.541797410550539
0.0770953880004663 -0.0627029547804341 0.707290080352222 -0.26006900562005
0.0809632281735861 0.0597334716368124 0.693999866596972 0.491904049409739
-0.000431224304269109 0.116233288294673 0.109076948160574 0.542190705587428
-0.0261045390378033 0.105463710642811 0.0726044585114348 -0.0469743508758853
0.0550280289951273 0.0785663894344352 -0.226075289995565 -0.547623654590689
0.0847288757550199 -0.00244774394650765 -0.806619862613374 -0.138008215593687
0.0257706315423604 -0.0495074313848365 -0.477564006011893 0.648905240110576
-0.0214980223538845 -0.0128203524547749 0.273614159362268 0.559480487569989
-0.00692118742597988 0.0325393590365398 0.390228689758257 0.0309950730319831
-0.00998213754562473 0.0346166783655448 0.159659024499892 -0.167400055282001
-0.00203995472376192 0.0299796889349176 -0.107618420342532 -0.130110697151215
0.00485688622719858 0.0244745508425867 0.0828791185073314 0.0774350633875153
-0.0233549494831621 0.0495622904383955 -0.161453785581488 0.0319181638639071
-0.00130469582899641 0.0132039819929713 -0.417203863651133 -0.183963261908249
0.00423526743318063 -0.0710715295429842 -0.0594136738669923 -0.534070324018488
0.0721449704425382 -0.0832825391786096 0.642115372590601 -0.362590759530347
0.0958862081756091 0.0453088340887254 0.746919768776833 0.38537600327872
0.0119777746050298 0.129159288216111 0.166616117256342 0.55330653033447
-0.03201695190444 0.127108425992969 0.071242017181136 0.00316736842434691
0.0504831673452953 0.098725372611618 -0.168848871109614 -0.546900260342158
0.0944372218757471 0.00349903823887872 -0.783546029803613 -0.254062663107121
0.0408011686355718 -0.0631820777559487 -0.571301211101543 0.578903033756966
-0.00837487511084931 -0.0246922492465476 0.20620101100979 0.610576807019468
-3.23830900025076E-05 0.0395354633553654 0.401001856581931 0.0909688665613195
-0.0143839578914161 0.0463250245742606 0.185158590602943 -0.141469558479893
-0.00443296481711888 0.0294566007533813 -0.103697951403575 -0.128684584518781
0.00683343580892126 0.0205983332495533 0.0872828472142647 0.0797895621448924
-0.0191477566437052 0.0551169512807586 -0.138269867518811 0.0574886759996802
0.00660621981567591 0.0234284225144459 -0.413685149387041 -0.124901177731882
0.00616598555791813 -0.0669334027184535 -0.138315626439135 -0.514740106173608
0.0563733241449495 -0.0963100610716404 0.554800906076995 -0.465283282897409
0.0979621608727232 0.0232456910918741 0.78574672971789 0.258999926369318
0.0229119313819713 0.12067851812143 0.228769817414555 0.553536177138905
-0.0362575093046026 0.130363572257144 0.070526438509789 0.0550767273750474
0.0353910662422201 0.108455169139438 -0.105861987255325 -0.538247838109248
0.0887999052260904 0.0139430045615362 -0.740517179577998 -0.38699572387625
0.0472408225657578 -0.0661810406029919 -0.673229092539762 0.475077306123993
-8.82756086686975E-05 -0.0341675641310409 0.121473138121041 0.652549137046751
0.00555610934092493 0.0425100567529858 0.408596485571839 0.161556225398462
-0.0150574635699027 0.0518983546269179 0.212113554567668 -0.106547070652427
-0.00532773908097781 0.0252140679143039 -0.0986270451591326 -0.125268483554055
0.0142105705423786 -0.000448290660700183 0.0713359533152811 0.0898971633243078
-0.0037827238144216 -0.0212065461547388 -0.187523260746542 0.0462521797754565
-0.0468384338150544 -0.0199908858613406 -0.407486264345734 -0.204033003505582
-0.0606305988986009 0.00564792202612192 -0.0282039945336151 -0.572897051261512
-0.0234611838814791 0.00744017347142079 0.653812630772779 -0.358328398678435
-0.0314543753017483 0.00599688561548122 0.707785667270137 0.404639158826785
-0.0238439830166945 -0.0717316665724327 0.136057447489593 0.53366788255174
-0.000213670073030574 -0.103545898391966 0.0727959702100603 -0.0384753594117569
-0.0111302645431676 -0.0618703333842781 -0.202090494262614 -0.57370178776222
-0.0396941337295959 0.0204460671008716 -0.824516723900357 -0.233199348081708
-0.050452771215513 0.046220265220316 -0.544258835528448 0.572457588706799
-0.0687875679602316 0.0411211944147795 0.255926243694661 0.562350458899606
-0.0327815242020339 -0.00744565110411036 0.423017738989631 0.0738720848885005
0.0165438086973668 -0.0391615978276285 0.162980832716341 -0.122817424485799
0.00575143439832031 -0.00584264070413505 -0.120385558471449 -0.116965454269687
0.0118393114662432 0.00604543835062326 0.0680871395087676 0.0854767522230894
-0.0127977007973679 -0.0139901428787083 -0.20174449177044 0.0184553104378682
-0.0488660577510015 -0.0191996685592283 -0.403602354094166 -0.250869841722258
-0.0522770538557892 -0.00461404030581327 0.0362830826878599 -0.570817651717831
0.000625936408235162 -0.00181702945334443 0.713240366153031 -0.255394295054499
-0.010836174478276 0.0112463582007122 0.665183732769429 0.502594714310239
-0.0138760448725808 -0.045969907975012 0.0941075428039739 0.526508665333267
-0.00221078733296535 -0.0708206791313867 0.0743483899417373 -0.0760330068637117
-0.00114149698634746 -0.0336187006843773 -0.248998755289375 -0.566769344106984
-0.0160682883169132 0.025099112221305 -0.835479185935134 -0.127124366783029
-0.0394479415917021 0.036410968172106 -0.45811423581993 0.64023418082212
-0.0657395344424171 0.0326169848612482 0.307892688024093 0.52423930480118
-0.0293375876403723 -0.00765540079912537 0.405239216306334 0.0236297770273903
0.0154726003780087 -0.0311909008930605 0.142651907825149 -0.151372850522226
0.00455673364797704 0.00418234304719714 -0.120984161458301 -0.121729824540527
0.00873249896702671 0.0129027462475752 0.0677969147294369 0.0815743366077424
-0.0199088680271246 -0.0024382746669856 -0.208951802788335 -0.000727094716218317
-0.0439432017076528 -0.0178395723389194 -0.401193350746104 -0.280758776472017
-0.036174543629903 -0.0212639153839028 0.0830325815878389 -0.560931465366445
0.0272595609025982 -0.0126666601724188 0.748203286269404 -0.181756018572871
0.0128973673882469 0.0261988335328165 0.632774527182771 0.5684166281452
-0.00914479624966416 -0.00696468056231307 0.0685479157838049 0.521355615243405
-0.00615016396540256 -0.0275248206252029 0.0745851960996487 -0.100028618691138
0.0149629356557743 -0.00422083149500108 -0.284347881890924 -0.558529370572347
0.0117216026825301 0.0208069918761427 -0.834785648228728 -0.0509159023452552
-0.0254668843761252 0.0186829019238589 -0.397718649687055 0.682422346145046
-0.0594323587647938 0.0222992437482551 0.336213460891882 0.500174181566668
-0.024199725713191 -0.00215384836035053 0.389089081336852 -0.0136599902474029
0.0101810199485068 -0.0173810441478415 0.130742719186798 -0.172193010315482
0.00359450469534392 0.0134601476091771 -0.119867079046901 -0.126876841587819
0.00631069986994471 0.0193566641903183 0.0680861344025002 0.0796815171547025
-0.025650166381263 0.0108679480116694 -0.207797100928867 -0.0100554814027027
-0.0346256064487402 -0.0142661455129421 -0.402483638289083 -0.288812818688399
-0.0201306263765114 -0.0396118011419977 0.0951968748562941 -0.552152585904354
0.0527789017421413 -0.0251754399321395 0.76176899852736 -0.158148435795972
0.0373969285868404 0.0447440057103487 0.628150040872558 0.586684927575128
-0.010953384068811 0.0395351301255748 0.0610843318951904 0.523147852215365
-0.0130864647797603 0.0213222984018977 0.075175849480548 -0.10375236207682
0.0343092800851231 0.0242336912518821 -0.290858164601725 -0.55202209518834
0.0404259305475178 0.0102624913242586 -0.829941640654357 -0.0275879200223107
-0.0107904316798695 -0.00500104057946849 -0.381878180028535 0.700537527569903
-0.0487296359934218 0.0119290666239103 0.339925043484506 0.498046163080961
-0.0177127160734903 0.00878794024490039 0.380298989370978 -0.0251243377265753
0.00314914280611507 0.0015808111701816 0.129607927977644 -0.183754332732494
0.00238376773201812 0.022264619210749 -0.116002067442576 -0.129500012228437
0.0047684103457127 0.0251317373814775 0.0716977675330751 0.0769424903962121
-0.0275913726245166 0.0255522339892911 -0.198347442207085 -0.006244474850271
-0.02326187100351 -0.00821438490383081 -0.406566471633799 -0.273612976962691
-0.00674554468283194 -0.0560190141976795 0.0715419295504687 -0.549482569180636
0.0712854198989734 -0.0420150130890028 0.752418182484195 -0.18791835029093
0.0608295754835055 0.0587910196994936 0.653780576528378 0.562331686335087
-0.00915136361383125 0.0849642067117993 0.0769859671796657 0.531954740576342
-0.0190296365158827 0.069110615671836 0.0745337610780879 -0.0847574409239607
0.0489472009171535 0.0523717144970135 -0.270692821980665 -0.548641022001784
0.065541332534357 -9.23797336121329E-06 -0.828607678808842 -0.0561277590738783
0.00707670892593478 -0.0295710499375721 -0.411473371690438 0.694291795456193
-0.036209607784547 0.000277162811706373 0.32045988227218 0.519054727264485
-0.0119285804884973 0.0211071626090387 0.383573164403373 -0.01122256080049
-0.00389134111632094 0.0201264294015148 0.141108362420057 -0.181912050704295
-0.000966186101312656 0.0286657789949945 -0.11308216809983 -0.131268990810344
0.00356805338288351 0.026900684148723 0.0763469111458191 0.0778439967849017
-0.0261587102958444 0.0397680875621017 -0.183390518930371 0.00884756190338701
-0.0115968234687822 0.00064205205613738 -0.416903086423433 -0.236665366763459
0.00097947159132754 -0.0680830098653128 0.0143424838645441 -0.549774110439453
0.0774747559989518 -0.063401204124928 0.713771499105162 -0.26531395888522
0.0832349834642092 0.0593837420347321 0.702310529291081 0.494049676317963
-0.00165166171984441 0.117108859784223 0.113144765010821 0.546013427184716
-0.0260393041290803 0.107106579471619 0.0733287702738931 -0.0467783094099676
0.0561454731551416 0.0791756887011442 -0.230204453749116 -0.552321576565488
0.0860972023274986 -0.00312757660139374 -0.816560183711652 -0.136884687860866
0.0251961570362555 -0.050622225435916 -0.478215689885969 0.657991135582792
-0.0225328443954931 -0.0120226468930968 0.277784409880555 0.563753740695447
-0.00553069179089325 0.0324778696101692 0.393139136399949 0.0288265317164037
-0.0104997583635762 0.035826576033837 0.160574620936081 -0.169604363737306
-0.00145773333570348 0.0304291723519675 -0.109858595808007 -0.130970724929416
0.00546558679084014 0.0247937090051576 0.0834242998904243 0.0787382672032967
-0.0239571073164168 0.0500009003614856 -0.162962646917709 0.0325360876998936
-0.00192602969679958 0.0118308599026403 -0.421473840106382 -0.184311252682812
0.00479510564847058 -0.0723556165324283 -0.0616337820025663 -0.538912091812142
0.0725078073306234 -0.0843517225196639 0.647644921309802 -0.369631296809192
0.0972994730071274 0.0449042317368299 0.756159406180126 0.387384493198451
0.0118958600658638 0.129387446066285 0.169560560499121 0.557681107036863
-0.0318360223236062 0.127996765310963 0.0718837526229003 0.00265174208058645
0.0498722840967565 0.0994418521604442 -0.173314938561879 -0.55252586827213
0.0943499733519778 0.0027412471318918 -0.793243010865612 -0.253766268988795
0.0407946450364282 -0.0637509648233252 -0.57702027766891 0.588785960272293
-0.00933509392831636 -0.0249860569895908 0.211300742898718 0.614831270237363
-0.000297829078589841 0.0404347228119569 0.405488676817449 0.0889855301470735
-0.0145977621332937 0.0462614675205992 0.186503335414507 -0.143126925644778
-0.00457802707269531 0.0293392892303702 -0.105157654841642 -0.12911546819334
0.00679760295849241 0.0195195231131208 0.088294540286918 0.0806566331050651
-0.020298650544697 0.0556530066038421 -0.139681025704325 0.060064700671202
0.00693384401792584 0.0228601332219247 -0.417282988449637 -0.123875497879361
0.0061794945491769 -0.0673084154626528 -0.142767177241917 -0.518256138270938
0.0574988680439114 -0.0981253729893014 0.557799682550036 -0.471783423738988
0.0992998484333609 0.0236536922823201 0.793739268724773 0.257325456448232
0.0233990294694543 0.121542552895283 0.232242676658792 0.556580138118941
-0.0365296226129109 0.131314266966803 0.0705540090953389 0.0561532583490728
0.0361179407785083 0.109346174610727 -0.109760852048545 -0.542872759883277
0.0893267409827796 0.013390254948125 -0.750425716544937 -0.387962790370969
0.0483808752623603 -0.0666512395563928 -0.67967205651538 0.482231565634267
-0.00136604406266592 -0.0337065971876068 0.124364382363723 0.657694367141895
0.00580444260016132 0.0436595003294658 0.414569705621496 0.159603625932621
-0.0150278652663737 0.0522082258915795 0.213429044809325 -0.107936601418007
-0.00400160221634792 0.0265067128295432 -0.100556873856791 -0.125668816239844
0.01397593709686 -0.00177283512183407 0.072778576794331 0.0890651853093489
-0.00361122950631279 -0.0213125210281455 -0.189605742031033 0.0479633266399784
-0.0479110735035822 -0.0200947281429825 -0.412777378593826 -0.202900979846138
-0.0614680003280631 0.0067175334676972 -0.0328154788278607 -0.577354558690891
-0.0235337360340872 0.0075716505000049 0.658069036168835 -0.366138273253664
-0.0318081887206821 0.00607333603412574 0.716308342671923 0.404714801461688
-0.0236135603578332 -0.0726487754012912 0.139150157036638 0.537190677875405
-0.0013194140340543 -0.104885148917912 0.0737418640549238 -0.0390490515791869
-0.0115521242788672 -0.0623273466539796 -0.207361314812909 -0.580947659046034
-0.0389133273640659 0.0207335824683797 -0.83555025429386 -0.231408958588721
-0.0500477602619229 0.0465194232469246 -0.547285798988166 0.582169468795063
-0.0691856527767758 0.0420684048565336 0.262834862034138 0.566085671113706
-0.0335104084223253 -0.0070452109172834 0.428163210495644 0.0722325206252017
0.016598183660342 -0.0397240977314752 0.164831381090459 -0.124946535688801
0.00655650696988537 -0.0047393084976136 -0.122557306373162 -0.117533533063989
0.0112357849086186 0.00628589177019021 0.0696619951501832 0.085448774603639
-0.0126908993034625 -0.0132728433177556 -0.203914431341692 0.0201310592863702
-0.0490895292178642 -0.0194549067890345 -0.410171525986732 -0.251550411866095
-0.0525670391912588 -0.00450001028668846 0.0334000292744022 -0.575344559844678
0.000439696657774028 -0.0010664474447309 0.718791867397474 -0.262124896640043
-0.0107099934816821 0.0114193517038388 0.673048847046756 0.502980266306267
-0.0137682510497019 -0.0468716909425946 0.0986395178009838 0.531424136769963
-0.0024494907257206 -0.0713412926672939 0.075380546520358 -0.0765131278483148
-0.00186850204328688 -0.0338353259970232 -0.257900981092651 -0.572587852678623
-0.0159172146858173 0.0251288763464489 -0.846676339033577 -0.121127666722656
-0.039060698688115 0.037392615057768 -0.459664750933299 0.649356888273637
-0.0661882623147858 0.0339696913441195 0.315567500802372 0.528489935256678
-0.029557635242202 -0.00818178341299415 0.408625602044158 0.0209139084341826
0.014514382629374 -0.031157564362823 0.142913959626767 -0.152758240662141
0.0050475464967082 0.00393525979914223 -0.123343682712102 -0.122150797726814
0.00887595680333787 0.0122404752077237 0.0678226017595096 0.0827549093721238
-0.0205243161648399 -0.00213457798834829 -0.211586321288434 -0.0001369558800586
-0.0443086663505287 -0.0185760378036527 -0.407870441576797 -0.280953001960414
-0.0368212606248085 -0.0212907434153534 0.0828137479319554 -0.56663369363965
0.0278392819137366 -0.0123591424851345 0.754354466119876 -0.18687942970233
0.0130134853044321 0.0251395460252516 0.64253976004937 0.570093756195268
-0.0103936550695698 -0.00748834554030988 0.0708844341687458 0.52565938287717
-0.00705323833201804 -0.0282063666161358 0.0761147801415885 -0.101134931229425
0.0147080714534726 -0.00485007538027993 -0.288891934593903 -0.560544699523229
0.0117996710021692 0.0208171655373302 -0.846053618624867 -0.0482917898254231
-0.0261925775572443 0.0193910072161156 -0.398175060464565 0.69213130876684
-0.0594043413041806 0.0236975402679248 0.344004389457674 0.502124487482617
-0.0243231791711929 -0.00215772233004717 0.392811326670687 -0.0160143338261449
0.010391491987619 -0.0168888525364517 0.130669229147696 -0.174578078141204
0.00295724329675433 0.0134925586773224 -0.122700116576474 -0.127361641221449
0.00602389437528002 0.0194785702749134 0.0696572289818337 0.0798359502929557
-0.0256401774278604 0.0117239316458688 -0.210296729612669 -0.00812995458211891
-0.034796445349823 -0.014327052655406 -0.407604912762381 -0.288109359069732
-0.0203033928797655 -0.0400256254879568 0.0929046021115753 -0.559215234458333
0.054064411227882 -0.0257756958165245 0.767934159852746 -0.162676537737756
0.0375469200521084 0.0447015528637245 0.637830490852634 0.588906830266635
-0.0109296767249707 0.0394145240772743 0.0647849388063272 0.527286818485274
-0.0136411041995618 0.0214839489991231 0.075555907163767 -0.104171591445165
0.0347016978006268 0.0248213023446386 -0.295846459042639 -0.555576321025252
0.0403835851704528 0.00914232152539241 -0.840103922183041 -0.0222354165749053
-0.0106709454003109 -0.00448470414853028 -0.381076653407088 0.710049823757147
-0.0492954147571077 0.0120657627930664 0.346800491277171 0.499279376457461
-0.017927898680616 0.00821649754541839 0.384981354748954 -0.0277268376862881
0.00332767061189743 0.00151845922882783 0.131077370356294 -0.185414573864187
0.00219343758800299 0.0215948880129594 -0.118734283320186 -0.130339914910106
0.00434497099074054 0.0238910751844828 0.0724953414069027 0.078030354504589
-0.0274604670618075 0.0259318576073274 -0.202471399649133 -0.00494539944775353
-0.0234840805813909 -0.00846983921114547 -0.415343002985529 -0.272795512255425
-0.00741118528364401 -0.0574206452880838 0.0689893274323532 -0.554442139527048
0.0715704736810936 -0.0436237067256574 0.757249834317004 -0.193300257810711
0.0619909153737993 0.0590829657367444 0.664060742246001 0.565749696171798
-0.00876917006896899 0.0855487790259505 0.0793756288880118 0.537314840357123
-0.0197034090489057 0.0692842012665235 0.0755381500630793 -0.0853810888058684
0.0502570856884321 0.0529492908224209 -0.275715302059719 -0.554680547654546
0.0672353006447164 0.000482019926043513 -0.836857760123356 -0.0519200067300643
0.00724351777207268 -0.029421243926789 -0.409490392725823 0.70474105673388
-0.0352773285370315 0.000897782273494095 0.326591235228844 0.522305207357389
-0.0129349837777624 0.0211652428515273 0.387678733442415 -0.0130399443697471
-0.00384795586685847 0.0200210378157576 0.141809155430722 -0.184006815297254
-0.000166496690240984 0.0286239359526879 -0.114155356725041 -0.132110725173906
0.00342714990273094 0.0259646370319918 0.0775576653686911 0.0769673939637687
-0.0269712231500984 0.0409755280392824 -0.184744650136391 0.0106193172333355
-0.0119755383558642 0.00125523006523626 -0.422619646243438 -0.236435192367494
0.000670000256429674 -0.0688128329488195 0.0114765862523789 -0.555525023921543
0.0785205271722111 -0.0647051464723556 0.719726150855607 -0.271573706311828
0.0833390400338304 0.0590959066123826 0.71160944637547 0.495288495901808
-0.000338998150745739 0.118301109766052 0.116999736714041 0.551558859960138
-0.0266408443148634 0.107280838597156 0.0732449227515211 -0.0484331546189405
0.0556979814712132 0.0785737014690007 -0.234267253006301 -0.555967945802465
0.0867760559061526 -0.00370155408993394 -0.825888979496148 -0.135046768023518
0.0254998338295848 -0.0506121675859931 -0.481737766068964 0.668919594009076
-0.0224307765929493 -0.0114321919644784 0.284930088985403 0.568461578847274
-0.00608403114247323 0.0327414817478891 0.398920713175028 0.0260633133410875
-0.0103268637147123 0.0362699829540419 0.161449135084888 -0.170806163742144
-0.00147141387819811 0.0320366561637467 -0.111210904017609 -0.131669793833574
0.00545480504093075 0.0250306601192553 0.0842456904065016 0.0780873486248393
-0.0232536117404615 0.0515511074700435 -0.16497861773709 0.0344220628733524
-0.00158404514586302 0.0121660465997502 -0.42876399832699 -0.183134295827448
0.00363467612939079 -0.0731904170060041 -0.0656913591323842 -0.544448220836767
0.0734182330964808 -0.0855512824708876 0.653100447971816 -0.375591236184629
0.098053630372181 0.0459867355178246 0.766114177691435 0.386000911742247
0.0118370150599784 0.130410539981275 0.172346673828455 0.561209837372509
-0.032612519654052 0.129803297338265 0.0730130311808665 0.00385610171692036
0.0512371594977327 0.100422150153623 -0.176737821968513 -0.556372257620608
0.0956164832592719 0.000956705094227572 -0.803246141414682 -0.251717862515094
0.040734283545022 -0.0643112029913048 -0.578587376274846 0.598339722574527
-0.00987947294935952 -0.0248460552197478 0.217863888087154 0.620004998820652
0.000510866734891265 0.0402580181928752 0.409208028159147 0.087960762536873
-0.0151421489302998 0.0479850787756024 0.187847662190418 -0.145540783312807
-0.00322389468536888 0.0296633429740802 -0.107298360941116 -0.12912488370287
0.00787657881355629 0.0203343559949031 0.088788834478511 0.0808410491427736
-0.0194029706558379 0.0560587867078611 -0.141712037113544 0.0612258394474685
0.00734135229759372 0.0226444665689442 -0.422568361070723 -0.121033599065185
0.00577412993612381 -0.0681521127392248 -0.145913095846334 -0.523172449269437
0.057003631951185 -0.0995594344876559 0.561038056242685 -0.48046374578328
0.0999456387642523 0.0223303117118891 0.803916504829491 0.25699259104265
0.0236078046602222 0.123131057653682 0.237325045712299 0.56282055901532
-0.03644791874634 0.132325372804882 0.0713337783587498 0.0562218729186737
0.0357700177160568 0.110689310229823 -0.11430304810285 -0.548313463180207
0.0905009827981212 0.0126247746512781 -0.760229517367061 -0.388271476222338
0.0492494093389475 -0.0678023395744116 -0.683025724953417 0.489475250058153
-0.00039066179932859 -0.0343941378804615 0.129561943699857 0.663016278165363
0.00616188166735625 0.0437667474051814 0.419290385365887 0.158787590644487
-0.0149585779285775 0.0528079162950438 0.216026160664665 -0.109989733491996
-0.00444605021717946 0.0266213804861187 -0.101385865547282 -0.125972239074997
0.0142110533321466 -0.00076162376098312 0.0737170601658879 0.0897474375024826
-0.00389227890268276 -0.0208002695960349 -0.192058709452055 0.04992669638686
-0.0486076313912176 -0.0198477994817565 -0.418936000947778 -0.199563051047463
-0.0617781832372271 0.00765438489018693 -0.03706679516681 -0.582761326189491
-0.0232325509894889 0.00830321503039587 0.66366441427954 -0.3729307628254
-0.0329554232582461 0.00684103859635448 0.726307899096003 0.403291653364108
-0.0250888484284503 -0.0733428069695827 0.145710844626974 0.541751778294667
-0.00209950394101646 -0.106039761443339 0.0743754721130983 -0.040009655717125
-0.0121074055756469 -0.0631778974642552 -0.212248330779889 -0.584348630994906
-0.0389935241885368 0.0211897609754781 -0.846807165022388 -0.228696406163987
-0.0500348385692859 0.0479613680256611 -0.549280380953657 0.592831677242235
-0.0694614193805274 0.043528510361442 0.270346702426891 0.569799036720246
-0.0345274405873073 -0.00708312641437023 0.433493043471519 0.0686377812766371
0.0160300114592623 -0.0396929201867665 0.166581569765633 -0.126554540504261
0.00548411912450204 -0.00464092900352778 -0.124484045184928 -0.117582197655784
0.0116588202751893 0.00602415409731373 0.0702182480556292 0.085457294785939
-0.0127104694804804 -0.0139932262191672 -0.206113069799165 0.0217212458034014
-0.0492352458034849 -0.0195021989803293 -0.417161158091525 -0.248461886826547
-0.0533440909902073 -0.00459693993674568 0.0290376829499985 -0.58286937050274
0.000729789243560753 -0.00163541053280653 0.723152375625544 -0.270842603479253
-0.0113515757487222 0.011675304430519 0.684579292411844 0.503641748785381
-0.0146851847427616 -0.0476542228638995 0.100831853154102 0.535300879780104
-0.00394640425407507 -0.0723224936528645 0.0764480590534758 -0.0777510831120401
-0.00168180133681403 -0.035037520154814 -0.263720334162562 -0.576525480628574
-0.0150825916761309 0.0249783989175441 -0.85477759529404 -0.117524409357688
-0.0385504478503059 0.0379070947765925 -0.460349727221044 0.660175228703283
-0.0678149647456966 0.0354016913315005 0.323105160694279 0.53046766404782
-0.0297099618020114 -0.00912260884707531 0.413846302640419 0.0175191990832889
0.0142998814010932 -0.0323533141591876 0.14408153807512 -0.154284285400482
0.00462263884062734 0.00406023967587294 -0.125491473674092 -0.121936843487528
0.00892920885719659 0.0128307756719936 0.0682740542391649 0.0822726227784543
-0.0207344504742756 -0.00304231252243312 -0.214344928423469 0.00248534966423243
-0.0439998785746423 -0.0182895606199622 -0.412067960389236 -0.278105871753084
-0.0378124446292034 -0.02097869648699 0.076922888377729 -0.573667392836512
0.0291314764564854 -0.013751856065065 0.762136437537144 -0.194194401531389
0.0134027332384262 0.0255845158128077 0.654132686058069 0.570819820218463
-0.0114011337158838 -0.00850165419262552 0.0751653271877554 0.53187252537139
-0.00735125675025887 -0.028836590276861 0.0757292293175138 -0.101780913270169
0.0147810983326121 -0.00515414872033159 -0.297216141796066 -0.565082654508143
0.0123573917752738 0.0198566275484046 -0.85453656484109 -0.041098273512891
-0.0259024609453461 0.0199600191344734 -0.39588246429551 0.701719737346788
-0.0610484566448254 0.0247484526539617 0.350764216612381 0.505177748712347
-0.0251901439847118 -0.00283831528654738 0.396443788365192 -0.0184222307362862
0.0105311471930965 -0.0170085394483471 0.130722415891115 -0.175855835024299
0.00357246274188329 0.0141657325643051 -0.123819010854564 -0.127464127915878
0.00685232162905551 0.019395292853101 0.0702193176885247 0.0790982289402584
-0.0259080991805779 0.0115432692373079 -0.213108797697249 -0.00702476613183838
-0.0352143235975404 -0.0151922866559486 -0.412910910695592 -0.286141169927608
-0.02117456770885 -0.0403610122567682 0.0904936735004913 -0.5656509890043
0.0546222341171075 -0.026612220264585 0.773966237533134 -0.171282393930424
0.0372553984261995 0.0443723911911628 0.646812358258238 0.589483983799018
-0.0102129182526049 0.0398655553013896 0.0684017538128587 0.531200328068828
-0.0135609913858541 0.0224823439264957 0.0757588774702961 -0.104368942026074
0.0337490043052707 0.0246219539705197 -0.303785998121664 -0.558996631762779
0.0414546786189159 0.00916770089420749 -0.84930331836652 -0.0146641791043013
-0.010159636849743 -0.00417144374601589 -0.379348861109158 0.719716621789503
-0.0508124055921324 0.01370164281848 0.355491189164166 0.501208149476372
-0.0190398395222565 0.00890291392063623 0.389316806888239 -0.0306610582100594
0.0024702335415714 0.00138677010521137 0.13035648642154 -0.188526110773161
0.00173682413381035 0.02258980153481 -0.121169247086898 -0.130632229026288
0.00358008630636884 0.0243776735937056 0.0728468194006349 0.0776058895340379
-0.0278901599097467 0.0270042251167248 -0.202947996423114 -0.00293499836651401
-0.023750900401062 -0.00886581520445641 -0.419472735174788 -0.27029834940704
-0.00844695106591003 -0.0567185937297753 0.0655683227408263 -0.561319803585335
0.0721281678634674 -0.0447924234361613 0.763785171211678 -0.200699411284
0.0631845215415783 0.0590687979533984 0.674911674083459 0.564444558618282
-0.00834465670388406 0.0866386916301398 0.0847272737728663 0.540202618469621
-0.0206271282379232 0.070738834751524 0.0742078631644273 -0.0858922908629282
0.0503865897790138 0.0522931030841143 -0.28374678317807 -0.557749785460063
0.0676791527163649 -0.00168934328714201 -0.846091406675986 -0.0473727726087731
0.00769936310689917 -0.0299406821775007 -0.409882892796085 0.71630923382666
-0.0369614281806751 0.000917253992127554 0.335285656399469 0.525009157887585
-0.0120552916182682 0.0216430899056182 0.391925526947249 -0.0158483731051266
-0.00398913490567696 0.0207189600982477 0.141838881409171 -0.18754706666792
-0.000200274741281491 0.0284375720228587 -0.116969220706043 -0.131876003890559
0.00427818413702519 0.0264711590047723 0.078599464191788 0.0773946931517642
-0.0261550122162127 0.0410118665774982 -0.188556991406884 0.0123019519026263
-0.0121652956635582 0.000377913779840461 -0.428907705605243 -0.234439293398239
-0.000370228661057815 -0.0700377928445955 0.00803672668088798 -0.559933922692934
0.0794845828145941 -0.066176698421718 0.72589120280748 -0.278891556232235
0.0848948101594801 0.0593942861759686 0.723377855184211 0.493654235852066
-0.000320258562077201 0.119368900437914 0.120255958295104 0.554926742660412
-0.0257686796646577 0.109555109605052 0.0741055377397715 -0.0483217017529926
0.0572253548904439 0.0798275110797561 -0.240196749967575 -0.56016716325428
0.0875378981808493 -0.00472659561265846 -0.836913788209172 -0.129000786195092
0.0252568051649422 -0.051815544423174 -0.480317304596741 0.678973545905627
-0.0235083550972911 -0.0119974577409407 0.292543603023035 0.571468533871622
-0.00613348780375148 0.0332788125248823 0.401992537095656 0.0234821623174534
-0.0101704322699017 0.0364428236498426 0.162347545766471 -0.173287934276067
-0.00191042050691013 0.0319448959869204 -0.113350718966446 -0.13206078506041
0.00488375241919062 0.0243319715771897 0.0857160929384007 0.0782422018544646
-0.0235381562447871 0.0530309250917236 -0.167489511143016 0.0360114800423336
-0.000857523326483881 0.0113533228427904 -0.43196962331857 -0.179501052541958
0.00396800417599484 -0.0739188668393146 -0.0709685791655679 -0.548532115349282
0.0737630719854001 -0.0867559953016803 0.654358053240481 -0.383543233192099
0.0993611031881137 0.0449124520137284 0.773759043306155 0.38449475663235
0.012872830199588 0.132337071480279 0.17667670790627 0.566351146300344
-0.0321611204877521 0.131656846007263 0.073986636304308 0.00232079450098035
0.0524214387147099 0.101558329264777 -0.182508105678383 -0.560412700642257
0.0966354242903904 0.000571448444672128 -0.81299594344812 -0.248305709462945
0.040779940475547 -0.0658379890631266 -0.579406327548092 0.609031713007736
-0.0100649133465324 -0.0246155739671988 0.225353508235969 0.624746078518692
0.000935252783457843 0.0413056702180362 0.414916544428935 0.0859437068191614
-0.0142151109751887 0.048362556053468 0.190400757089059 -0.149478733865725
-0.00279543902901686 0.0299948679287018 -0.109147307073053 -0.130194698108258
0.00682366306575423 0.0199494286852464 0.0908296932329926 0.0793089558230594
-0.0193626631333898 0.0574301381661178 -0.143739868613672 0.0616451782321502
0.00728128618468643 0.0232752335055902 -0.427161258666066 -0.118005808708433
0.00452124008787889 -0.0688858821858559 -0.153248673228062 -0.526165486940149
0.0569959313743312 -0.101899212412943 0.561658178728291 -0.487762718157801
0.101161112944581 0.0219745388124427 0.814546477533942 0.252717792315774
0.0251029008304287 0.124496593713479 0.243923591508545 0.564593386615409
-0.036578518723661 0.134629884772593 0.0718663513203016 0.0568212440704264
0.0370387360940653 0.112091765622502 -0.118412567868591 -0.552280243164828
0.0911576729531292 0.0120649965328779 -0.772583951075219 -0.385105881068496
0.048949251312739 -0.069238171331196 -0.68727139922355 0.499665213255947
-0.00118525062424463 -0.0351474297209512 0.136918984986908 0.670607400351887
0.00646784057379709 0.0447155966810295 0.424956657148781 0.156685968595059
-0.0142545407743019 0.0547203403005972 0.218360322762899 -0.113351111013888
-0.00409105374885884 0.0269670127182033 -0.104102997104203 -0.126793970257285
0.0138785356973421 -0.00115616952825116 0.0756026472032266 0.089014375828728
-0.00407928069615636 -0.0213405207740605 -0.193767811326414 0.05180325018794
-0.0480003355617829 -0.0199178708016001 -0.423545332192083 -0.197421148350327
-0.0628904170874653 0.00794747312846011 -0.04322437520122 -0.589509736558803
-0.0241175573559448 0.00880678103806957 0.66555112977888 -0.383487936133065
-0.0327525183878036 0.0066581762176003 0.736621975702572 0.400436911890332
-0.0264419210257301 -0.0739756767257724 0.15057239092517 0.544680777231866
-0.00330259013230978 -0.106508108359249 0.074480891374317 -0.0406779051523363
-0.0134842838627668 -0.0639768183598716 -0.219966198357179 -0.586879545168868
-0.0388342139084523 0.021138542575201 -0.85645143385393 -0.222938441866897
-0.0502747949329924 0.0491202760259335 -0.549948742903841 0.604112685367571
-0.0703518481366536 0.0441806063822402 0.278420861430008 0.572101259830882
-0.0341211922763507 -0.00676341422513499 0.439000366114179 0.0654235640807895
0.0151729098558783 -0.0403852614939684 0.166660578282793 -0.129403130328073
0.00657235318863272 -0.00451686958075335 -0.126579437421403 -0.117871591267005
0.0114322851635486 0.00611507661307229 0.0720416642523674 0.0860996655466921
-0.0130102697954353 -0.01409101468668 -0.209001763501821 0.0246715569187294
-0.050404036657789 -0.0199511638595209 -0.421428888446562 -0.244785269991493
-0.0535762860028803 -0.0035645734875787 0.0233117973932432 -0.588843025832933
0.00130577670708425 -0.00163555541077951 0.728696037240471 -0.280016903482876
-0.0111641542739271 0.0114987114800323 0.695802008237864 0.500822428886897
-0.0155759879327394 -0.0482934391490045 0.108116759421426 0.537975437296382
-0.00503008538804912 -0.0734015486055175 0.0762307296376474 -0.0789151759216492
-0.00221742935652445 -0.0351412086341804 -0.270165691870139 -0.579737957836073
-0.0147154928013743 0.0251899395831087 -0.865473541991515 -0.111611608211309
-0.0388341916055309 0.0395555882211649 -0.459051159170415 0.670231493970296
-0.0670877660861758 0.0359582382777622 0.332718808221686 0.532481272782081
-0.0303988210353049 -0.00805326598310756 0.418393471653286 0.014306440889712
0.0138890837934585 -0.0321612209976956 0.144260899543045 -0.15838291779305
0.00521780232148709 0.00469709993059022 -0.127892571543874 -0.121967659290019
0.00883634087831136 0.0126601432398131 0.0702683135634771 0.0822810268914156
-0.0204396984588987 -0.00258531459676573 -0.216472530874925 0.00468232016258217
-0.0455598367451075 -0.0180681310374953 -0.419602816251992 -0.275796191479347
-0.0390992755987917 -0.0212155495637322 0.0738202254412493 -0.579783465442001
0.0286238476603888 -0.0130784991470432 0.765561440700006 -0.204548470245024
0.0129805737438538 0.0253850465648514 0.664216106179982 0.568906462296831
-0.0118846717353342 -0.00797591009903289 0.0789905055166678 0.53432753888472
-0.00899220179782401 -0.0286845089163694 0.0755886338672328 -0.103727870090409
0.0141359599468828 -0.0052271962466925 -0.303381744402974 -0.569806664169409
0.0125697032802073 0.0199641815512607 -0.864130800883376 -0.0337619211235735
-0.0253278522507563 0.0206897226584327 -0.39571877568751 0.712107678131123
-0.0612983598291873 0.0251443804394628 0.36080009265466 0.506889325205659
-0.0254257287632262 -0.0034139250907668 0.400378025184101 -0.021968466401205
0.00928483652603585 -0.0175670891483056 0.130788881245366 -0.179498921876963
0.00425581528412737 0.0144962539937779 -0.12622855547617 -0.126674704321406
0.00642701962802267 0.0197429278102981 0.0704440503582835 0.0797786978725544
-0.0260113546734429 0.0121277392561203 -0.215787184249194 -0.00553082618382965
-0.0354038292754698 -0.0147510255174073 -0.420414272607653 -0.283971303258382
-0.0215585134292676 -0.0397014646279899 0.0861441967073469 -0.57103831424808
0.0555939694996721 -0.0280937896207336 0.781089274061612 -0.178127604144378
0.0383781638131905 0.0445934895407025 0.660704748611027 0.588586190012488
-0.00991918828129286 0.0407465587258196 0.0731247929303529 0.535615150248717
-0.0141322241781746 0.0223380854340432 0.0748495901122597 -0.106181763665497
0.0343395730775711 0.0248427623659567 -0.310579779122074 -0.562557086373429
0.0420481958722173 0.00848730464277851 -0.858744403068962 -0.00990709795009325
-0.00934152351988958 -0.00436043639411731 -0.378431310181768 0.730180359310424
-0.0503246897879598 0.0139773838774065 0.363149282662545 0.503398559194864
-0.0190618431564796 0.00821809305365858 0.391834627988102 -0.0348043441129649
0.0034840721747893 0.00195413206250736 0.130507579637889 -0.191060579411896
0.00184387179943992 0.0219929968198964 -0.123293180614263 -0.130067128494005
0.00440119161162769 0.0241410315187152 0.0741491507789394 0.0780147019213169
-0.0271271255529879 0.0272137278474803 -0.206547343436112 -0.0008344252062439
-0.0243960966005672 -0.00824995008966827 -0.425208662002028 -0.269380871959364
-0.00858935439886534 -0.0576918965897358 0.0609840031219688 -0.566601412041673
0.0730382322188342 -0.0462474745888154 0.769208662377544 -0.209599761656991
0.0639491176655659 0.0582005254999514 0.686056953719097 0.564892866455093
-0.00828959085341143 0.086188831214811 0.0904450315977786 0.546005050097478
-0.0194118245244691 0.0710610942698939 0.0739194083821076 -0.0867391301467727
0.0501239148609198 0.052804674750966 -0.292557968789072 -0.56058163257826
0.0692599996628578 -0.00243438334241333 -0.85611585248507 -0.040286262603725
0.00747094404826128 -0.0306691821120093 -0.406346257133648 0.726814101277352
-0.0364726726685626 0.00271939876798737 0.344837428701761 0.526938618057804
-0.0122941129751596 0.0218637926943341 0.394600961250716 -0.0207432895618366
-0.00435266005282667 0.0207734575183025 0.143059135039991 -0.189219055462764
0.00033805313675193 0.0297935133226301 -0.119154107471518 -0.131882325164453
0.00447421455943981 0.0259464234490376 0.0798739030909328 0.0766422120439429
-0.0263698677299909 0.0422706037161248 -0.19031862181185 0.0147354514648323
-0.0115622810991589 -5.33968924603615E-05 -0.434102865394544 -0.230873526655436
-0.000630712977200009 -0.0700522026579216 0.00275541105268013 -0.563992710050427
0.0792275443078412 -0.0685576853504656 0.729771082509482 -0.289518532665755
0.0865761748410732 0.0587348850352018 0.733658401508226 0.492117201050424
0.000254480438463871 0.119738428611645 0.126974259632735 0.559005408805805
-0.0263298281800809 0.110188036227271 0.0745876825661768 -0.04947413183226
0.0579306912582712 0.0797864405942281 -0.249390513742744 -0.563570892579952
0.0886259779436619 -0.00676855480099297 -0.847055584119651 -0.121289265491587
0.0258333878399706 -0.052430575287888 -0.480197306236508 0.691022242331336
-0.0236162619673358 -0.0118461829823975 0.300458903491837 0.573801538079286
-0.00542752319255142 0.0335396637434702 0.407025190136002 0.0213966370595005
-0.0107852076793958 0.0375429688919729 0.162887152804641 -0.177536224505094
-0.00120075519278697 0.0316852148590711 -0.11644783289396 -0.131660134562791
0.00499530463499948 0.024684742434301 0.0864202499256077 0.0779230414577878
-0.0232164893469882 0.0538185747625658 -0.169167559991913 0.0375331688190046
-0.000988726746037241 0.0117625048377343 -0.439125340075017 -0.177774036345561
0.00229949280479175 -0.0750931783017601 -0.0775110877268467 -0.553419780083053
0.0733099497055598 -0.0900744396234772 0.658820928360849 -0.394133729366075
0.100117550612293 0.0442223937466877 0.787963928336293 0.379253206115185
0.0137252572481101 0.133549398669118 0.183400308750887 0.568190173397386
-0.0319996297766179 0.132862527470136 0.0743360312799804 0.00138633587380165
0.0531465649000687 0.101282017133946 -0.189236103854338 -0.564554835773458
0.0976001272980806 -0.000649011912425064 -0.82469111803852 -0.243155742451491
0.0412733404661142 -0.0664966699902948 -0.578944194239909 0.620142927191164
-0.0107724839596503 -0.0246229934853977 0.233771455204867 0.627903000009452
0.000203047332887655 0.0415906642286991 0.420423740888097 0.0818885018880497
-0.0144118177974008 0.0490711469523215 0.190884517741963 -0.15146058058807
-0.00230073239539403 0.0311906000408363 -0.11064435252367 -0.130047098195414
0.00699678402156297 0.0198873119253757 0.0919170366346009 0.0790353651072494
-0.0188988881105865 0.0581924450240299 -0.144945426157182 0.0640302182223514
0.00752009770896083 0.0226714221249285 -0.433086714751884 -0.114552980656983
0.003733116626536 -0.0700591896396347 -0.160866371935977 -0.530813572184764
0.0574304400717629 -0.103336965278275 0.56493961391657 -0.496468369546161
0.102246924596949 0.0208653814754774 0.823148264489199 0.247780291678369
0.0254830560969866 0.124590868841188 0.251299350182375 0.566274843515468
-0.0362888073034474 0.136839765019976 0.0740360853247178 0.0578166343842206
0.0376111334593431 0.111988420436003 -0.124143826158922 -0.557953564583413
0.0930127754446326 0.00959211981377577 -0.783511509063387 -0.383309927776145
0.0491309318513543 -0.0705559598454167 -0.687784859981614 0.513419069409588
-0.00245754863586192 -0.0347900072479037 0.145130446987977 0.67359323538867
0.00711639968864232 0.0450990447090838 0.430909265636355 0.15436083521692
-0.0145303664118341 0.0549878227758734 0.220085297306798 -0.115968579436244
-0.0030664512738129 0.0267384260484457 -0.105249054064577 -0.12632382920366
0.0137003105531003 -0.000870018201530099 0.0766337597693881 0.0895338321920489
-0.00409262489238382 -0.020935460759295 -0.195122073503536 0.0554542879320115
-0.0493019677136732 -0.0195192149481707 -0.429287365516888 -0.193169261092816
-0.063507526085734 0.00838745197331481 -0.0509994313064066 -0.593572433213404
-0.0239264393219378 0.0093759516929244 0.666958467945864 -0.393608072138334
-0.0330799333472373 0.00693098058888501 0.74763534110315 0.394236220433101
-0.0269933944453449 -0.0743143469744485 0.157651176306273 0.548047272685157
-0.00451787782046201 -0.107987463183202 0.075458724063557 -0.0412771111943219
-0.0146313847590554 -0.0644153695063839 -0.225543811865267 -0.590182179995582
-0.0388811478716544 0.021784329137319 -0.867232869414326 -0.215991443000975
-0.049442553027391 0.0510505576588219 -0.546932779590194 0.615176127564321
-0.0703342254740599 0.0461843999058645 0.289178472928661 0.574671360899709
-0.0349423616980442 -0.00685064362805485 0.444245260763668 0.0613035527580995
0.0149722376952059 -0.0411317921530098 0.167220576655043 -0.13188911220387
0.00599034365457267 -0.00446030054146848 -0.128554585222778 -0.117061195053793
0.0114477694066593 0.0056819445592549 0.0730294315885055 0.0853908780342687
-0.0132068612892643 -0.0140632599270243 -0.20918202433709 0.0273662709549587
-0.0510023859848441 -0.0193860826605744 -0.429146670173957 -0.241626779740774
-0.0547560600217304 -0.00257844942474629 0.0166621880322865 -0.593301307606133
0.0012392255158392 -0.00170527489381703 0.732262999838066 -0.291676662728003
-0.0110787719858946 0.0116943425526688 0.70824346033286 0.497669906259214
-0.0158092275411374 -0.0488268339555183 0.113532776913771 0.54290460204902
-0.00628408994399103 -0.0733241117922056 0.075993677576433 -0.0807212897736219
-0.00325071910678564 -0.0360857593729689 -0.279192036341853 -0.581821389518552
-0.0146475846180234 0.0247142320358608 -0.874518997849811 -0.103067286758608
-0.0380806381269385 0.0410239960947142 -0.455600148406265 0.681540231882214
-0.0676613326751112 0.0369426295918998 0.340539446259409 0.533305821356984
-0.0314543734254802 -0.00792472224414106 0.422592334792112 0.00891814158005315
0.0132636704917416 -0.0325524135053678 0.144817297013705 -0.160351524748985
0.00542696912705481 0.00508604350753407 -0.129386685351904 -0.122114982132656
0.00844439300891084 0.0133535451117021 0.0716277622492726 0.0813123718730085
-0.0205770446351758 -0.00195626029792494 -0.21805070859549 0.00746131223325191
-0.0459447506579071 -0.0174563725098329 -0.427419502740401 -0.273144932662554
-0.0380312671157696 -0.0198444653394169 0.0660631924776273 -0.584293370802344
0.0292716433659447 -0.0143701173671435 0.770866977437775 -0.213910560065256
0.0138702089677032 0.025391328584264 0.678182727161483 0.56649651931858
-0.0114124268577205 -0.00871917383926369 0.0878464817206663 0.534973213335833
-0.00942785038768511 -0.0281321293105254 0.0747792158836749 -0.104206618259451
0.0141668164687663 -0.0065018928926313 -0.311427442227985 -0.570608008184625
0.013847340485985 0.019334506354771 -0.872360853505877 -0.0255630585203029
-0.025253419899207 0.0213831539998965 -0.392164651434641 0.725500442587066
-0.0611334320287518 0.0264403920836151 0.369078611047273 0.506048108403732
-0.0253917433208984 -0.0021338715488518 0.404880287970898 -0.0274690122547199
0.00962067780073574 -0.0169550355162747 0.130641790876849 -0.182745424472494
0.00455136782317677 0.0146802488496948 -0.128412858601014 -0.127261998530898
0.00632843563691633 0.0188351895575188 0.0721098246404448 0.0788885852183615
-0.025820504864687 0.011737812471703 -0.218430062733166 -0.00214594637572302
-0.0357147190741601 -0.0143257272368022 -0.428036296851227 -0.279378410112342
-0.0223981285161278 -0.0397714616172212 0.0797872185626256 -0.575933440484636
0.0555509905898779 -0.0283670295226412 0.785449486345255 -0.188878932184432
0.039914518392802 0.0434985193340544 0.671039789233506 0.587055246625794
-0.0106384192257818 0.0412996665613743 0.0804856985269724 0.538094479420798
-0.0138353564109024 0.0230017087831493 0.0748261743126113 -0.107404052214533
0.0343439884681174 0.0240241521479126 -0.318432405210661 -0.563389502495932
0.0428600906224166 0.00808649672817242 -0.865939969525978 0.00101393595489037
-0.00967501837023755 -0.00410996702025843 -0.373276857007961 0.742860832863047
-0.0515756062674906 0.0147647913805682 0.373305144676275 0.502515100908202
-0.0185749254459003 0.00828786604138269 0.395929043136408 -0.0394371217017372
0.00295031973260041 0.00194000313269331 0.131119733756834 -0.193152322471426
0.00282705970210636 0.0239050579082338 -0.126297849133667 -0.13066890807085
0.00460660099758138 0.0238708545392898 0.0753544132400933 0.0775039188781853
-0.0277494263476598 0.0284338142260546 -0.210586724470799 0.00197615000781433
-0.0239245545715153 -0.00922740177416152 -0.432768837851357 -0.264712644463058
-0.00940521978187138 -0.058456010105256 0.0543395874574099 -0.571728178386091
0.0735043563474791 -0.0470801026132697 0.772873244821539 -0.219387106607398
0.0651952655751463 0.0578828836040223 0.698015371388675 0.559994142980675
-0.00731044422773667 0.0881341893718405 0.0962387422659724 0.550613338467861
-0.0199684222440019 0.0725171487529474 0.0745070056087257 -0.0881672649615348
0.0512043699982922 0.0530980793123182 -0.29919845484761 -0.563361427644292
0.0697202627971583 -0.00403551191012173 -0.863364496995246 -0.0303315440372987
0.007351224770572 -0.0308748115169558 -0.403294258958693 0.73831589261601
-0.0386515819437232 0.00381266257719544 0.353731692451927 0.527954438162224
-0.0124239774452814 0.022050472398022 0.398211007974111 -0.0259192067219479
-0.00404103025304265 0.0218820052723661 0.142197761950593 -0.193289211067056
0.00131938171257674 0.0299754754474459 -0.122498836768614 -0.131821313769747
0.00420992103232062 0.0262429504877218 0.0813383875845535 0.07682988151729
-0.0260009183632458 0.0429639637220077 -0.192410974999031 0.0172104181014998
-0.0121721046315709 0.000218142319225543 -0.440232634512599 -0.227015651448844
-0.00205311520422839 -0.0705582331265669 -0.00509722162827162 -0.568810544069596
0.079906371853553 -0.0701709149320952 0.730853064278007 -0.300764313383404
0.0871658164203381 0.0586960853174426 0.745509538426528 0.486049920711154
0.00134024943984787 0.121459845409684 0.134406337835439 0.561432492353313
-0.0256529961690967 0.111965210537563 0.0746950898320623 -0.0501030242560772
0.0588309636632041 0.0798291724715101 -0.256452228455283 -0.565778467478559
0.0895224986400201 -0.00814446840456249 -0.854932329220607 -0.114174738770779
0.0259903401098424 -0.0534675287626743 -0.47602258394344 0.70184998626838
-0.0244465956038468 -0.0106117908243662 0.3107786785113 0.57383507182442
-0.00516773358053208 0.0335307815614844 0.410293898344086 0.0165055693703414
-0.0096764769617367 0.0382143526622319 0.162775965573549 -0.181225584536037
-0.00127920825531392 0.0325339058961554 -0.118106636492986 -0.131178656920603
0.00538210789563222 0.0246184139825054 0.0879836230038456 0.0774452075895242
-0.022823723977579 0.054638304840266 -0.170688387899948 0.0402464426673739
-0.000988059306794407 0.0119324392754515 -0.442751831660947 -0.170815997288802
0.00122184651965514 -0.0756552170498442 -0.0851295997230017 -0.557165752977873
0.0730874427186284 -0.0922631650719004 0.657845793864163 -0.405393348624703
0.102337241236715 0.0432479201453593 0.798152754802091 0.374032625957286
0.0152363895947475 0.133832946402438 0.191446976617616 0.572034557798193
-0.0306496530404287 0.134149960396526 0.0744728050723628 0.00151063240328649
0.0542879945012791 0.10090930560238 -0.196424074779036 -0.56666081918269
0.099385718696178 -0.00209919646895504 -0.833804547518923 -0.237476908303204
0.0408250928660054 -0.0685998529989857 -0.578268670049586 0.631840956073604
-0.0110862415190963 -0.0251438988242382 0.243871892798908 0.631510497514687
0.00204661774548024 0.0419879852067667 0.425197930793714 0.0781966185336663
-0.0142280503796716 0.0497209228007539 0.19120500041059 -0.154998168212449
-0.0025506980986436 0.031251738922379 -0.114585045147848 -0.129696024634456
0.00755954986145968 0.0198376104805023 0.0942450383668138 0.0795420444057209
-0.0186896834178952 0.0593652759539006 -0.146579579978308 0.0665925264892794
0.00808495289787299 0.0226661507757262 -0.438154212781144 -0.1088676728281
0.00257077014519728 -0.0706738330426702 -0.166352819061679 -0.532247266419231
0.0571062217611035 -0.1055656203965 0.563322161949737 -0.50851172743826
0.102944683803156 0.0198672391594284 0.833096566925697 0.238567013967752
0.0264397060148878 0.125322127462072 0.258022529932941 0.570416859161445
-0.0352960671024676 0.138323411391945 0.0751804517194948 0.0575288324318685
0.0394924916562883 0.111736068827277 -0.131745711393732 -0.560289273565745
0.093460019669495 0.00873386606358436 -0.7948777467665 -0.377318363976969
0.0484751611465276 -0.0710984455054164 -0.687481379821267 0.525356720817343
-0.00216927890569733 -0.0353469060407147 0.154055146727637 0.679412092661983
0.00767227647994418 0.0455739185818208 0.436744382767932 0.151055473224206
-0.0140842942831379 0.0553071786146144 0.220891323320497 -0.119359816678277
-0.00365761495702784 0.0267207257533615 -0.107538817623067 -0.125789196281097
0.0137554217984558 -0.000740122243822696 0.0781926333589872 0.0887272852230734
-0.00465285987158438 -0.0217506315828286 -0.1958925654973 0.0589235761998169
-0.0497648479998614 -0.0189449639949424 -0.434831716029011 -0.188271738617787
-0.0647196075980583 0.0104639635832054 -0.0596666091860981 -0.597093841185801
-0.0235632846950364 0.00947206441360121 0.667874819543603 -0.404864719400906
-0.0338881240402093 0.00737122324574994 0.75943451319283 0.388055581538864
-0.0280977791976365 -0.0751220333003029 0.165446610911484 0.54906692869414
-0.00662379097433378 -0.108452113703312 0.075756356066282 -0.0425837641049222
-0.0158378388370373 -0.0650843776746624 -0.237046629983723 -0.592767508536872
-0.0382863701991232 0.0217913874204362 -0.874682927702906 -0.20634522008069
-0.0491714957050428 0.0523407521590482 -0.544181914463175 0.625280788554879
-0.0696575437698522 0.0477038231543467 0.300176034792084 0.57477328951665
-0.035314249992759 -0.00717655920135463 0.448516898866924 0.0559783032324357
0.0147053642097931 -0.0409647098644032 0.16705041246109 -0.135522099067001
0.00667746086842815 -0.00428331972828494 -0.13103718077185 -0.115992075660256
0.0116767581175313 0.00615171308816456 0.0740335623091258 0.0850988605535942
-0.0125446472542241 -0.0137972949771747 -0.211787492678305 0.0308056421889468
-0.0511621227063807 -0.0187965625743101 -0.434951614380161 -0.236513150323312
-0.054780283153452 -0.00183796788664749 0.00944013459581331 -0.597639896312987
0.00204970155240857 -0.00153043462402551 0.732670994951291 -0.302765931415315
-0.0112562425215147 0.0114697353524725 0.719200450152231 0.490720924947127
-0.0169946201399834 -0.0490172397789802 0.121315147614311 0.543384422639076
-0.00764844594187966 -0.0740955003711267 0.0752864072388048 -0.0817839150979385
-0.00370276576387293 -0.0364461142881341 -0.288524163192601 -0.584180480045013
-0.0145448775514172 0.0255373053886981 -0.883011417615125 -0.0932429754983753
-0.0372907088736085 0.0417549235840999 -0.450556890635563 0.694149903354657
-0.0679269449944155 0.0389100819780798 0.351280895640924 0.531738643830442
-0.0319566474181002 -0.0082030045656287 0.426494463646981 0.00275779911831464
0.0128160340080003 -0.0329478121518617 0.144735102032734 -0.162378687308098
0.00515067753732882 0.00577008286407922 -0.132509935989407 -0.120920767768891
0.00844289477602371 0.0123225555605117 0.0724654429448795 0.0817198079788573
-0.0201234489731432 -0.00209941229110339 -0.220727924350006 0.0106980919284416
-0.0461226632796541 -0.0179396580882888 -0.43289713528892 -0.267805551975596
-0.0397531822067846 -0.0195331631061941 0.0582178588615925 -0.589860833774487
0.0298917442222499 -0.0153520535965081 0.774283482929884 -0.224590591908147
0.0142375557371325 0.0253570819037272 0.688784171989705 0.559178214914107
-0.0119065776409004 -0.00862186715250602 0.0928287839125509 0.539928826873131
-0.0100802015490517 -0.0284003579967104 0.0744272010288648 -0.105824841545431
0.0136582445734716 -0.00656006589834156 -0.320966004116063 -0.571966166289427
0.014337328108222 0.018527267681183 -0.879871952490559 -0.0154640562600324
-0.0248955082788686 0.0218051724624887 -0.387133608114703 0.735300290142274
-0.0617348984710121 0.0280635587200847 0.377494164957494 0.504762771417366
-0.0257221257527319 -0.00221581391084072 0.407538963774766 -0.031864052952197
0.00970430146331167 -0.0181303076995727 0.130254881492041 -0.184052404354492
0.004300704653191 0.015021641716355 -0.131489403679392 -0.125557507191496
0.00674515481630322 0.0193852804250976 0.0726499450308878 0.0791510534188434
-0.0257813922848521 0.0124060620852275 -0.22051082721256 0.00154236304881469
-0.0361663403289045 -0.0144308337532978 -0.433661497169411 -0.274771018701011
-0.0243570995878415 -0.040013438375578 0.072349174073357 -0.581149586679076
0.0545742518900276 -0.0292412706309627 0.786701162122952 -0.199795535414143
0.0407138613277515 0.0437980433880204 0.684023163049257 0.580819621511012
-0.00990560986297097 0.0411356550087438 0.0874444783221281 0.540876643595509
-0.0143338595479763 0.0233198734249281 0.0747825377596741 -0.108633546099434
0.0347652827242729 0.0237563842805776 -0.327707901776895 -0.565440452174401
0.0431711955156673 0.00672442145508276 -0.873218679668351 0.00935639385679893
-0.00976022517152782 -0.00366864080541258 -0.365625740147139 0.752705847566124
-0.0510033866572487 0.0157068196083621 0.38250589256062 0.500201922050544
-0.0193315930982032 0.00833554981325367 0.398555076739428 -0.0440074905519795
0.00300750947574674 0.00240521523267048 0.129768992282133 -0.197079905539862
0.00298751807906619 0.0240483320948063 -0.128414612720623 -0.129321252697177
0.00429695515239777 0.0242311029434954 0.0762966966014116 0.0771872987673825
-0.0267493036840605 0.0284535495848595 -0.210942049478358 0.00407658283418769
-0.0246028592326265 -0.00821673368177224 -0.438967294090262 -0.25964214998952
-0.0103516004707939 -0.0586481773934136 0.0475619458482393 -0.577752062598752
0.0729586766066086 -0.0495678075465027 0.776325777783471 -0.229925158949868
0.0660232335859309 0.057390243594581 0.707780006936927 0.555754624955399
-0.00654509635307497 0.0881891310168718 0.103239296256091 0.551175697760028
-0.0196554911902369 0.0731513222888996 0.0738555430571694 -0.0890353975059377
0.0518813421359947 0.0525772341641058 -0.308064146596512 -0.565743068361631
0.0699807867837842 -0.00498508565313894 -0.868975463809637 -0.0200360897155687
0.00687787532632896 -0.0306898065825694 -0.39580992627428 0.74823180672605
-0.0392362498457442 0.00384643325625714 0.364816273977172 0.525262175245882
-0.0130305454918312 0.0217275176206125 0.401821347004328 -0.0311304919435869
-0.00308132294293137 0.021685224916066 0.141179774106229 -0.196265878315128
0.00172051589375159 0.0300308680368787 -0.12540123170452 -0.131233953140394
0.00482462391322225 0.0259908114709167 0.0821345954030484 0.0755462722328733
-0.0258979472584293 0.0434140048576506 -0.194479124409873 0.0207191132756139
-0.0124843227633821 -0.000205268276138136 -0.445643544886451 -0.220658349789999
-0.00257172408712896 -0.071563392640767 -0.0126400314077147 -0.572637758355379
0.0794526375464465 -0.0722787979965956 0.731586188069018 -0.308701198479744
0.0883392181271632 0.0573867388546658 0.756757607128233 0.481323360089061
0.0023933368928646 0.121460100049177 0.142622133038398 0.563000416329179
-0.025044857256884 0.112857726268047 0.073668172672145 -0.0506727706070773
0.0601621812059305 0.0787934231985073 -0.265464239393634 -0.567096976541393
0.0899004618101956 -0.00925002731408416 -0.862777930826375 -0.103897589370964
0.0257855823083783 -0.0548174093309442 -0.470170310791428 0.715532143236889
-0.0250437550188543 -0.0103856522682708 0.321264703370635 0.575738327189318
-0.00521814881093937 0.0340066071791631 0.413953056477035 0.0108332284408911
-0.00980295698059037 0.038834369316721 0.163329900324189 -0.184404843020631
0.00100643479396625 0.0331435823597174 -0.121373428155957 -0.131358045100616
0.0052862770494113 0.0247725807686055 0.0885730264406269 0.0760409924819052
-0.0222428478023263 0.0535470896616473 -0.172443115386444 0.0428509270157281
-0.000176261340806432 0.0115658358765102 -0.448211332104897 -0.166480830520958
0.000219227663710991 -0.0749346897488529 -0.0927856214812029 -0.560243217594974
0.0727478347590339 -0.0936403758966902 0.658725196092396 -0.415116391631784
0.103364172189585 0.0421782683233248 0.807727637111715 0.366641779477227
0.0167929696177068 0.135088187121174 0.199303909350925 0.573415613636979
-0.0296372805191857 0.135728209535004 0.0751324773940831 0.000591389377720247
0.0553833310117891 0.101135747477815 -0.204392552171859 -0.568758358471004
0.0995737295173793 -0.00498491363148985 -0.843419142141424 -0.229348800486888
0.041015450119726 -0.0690545003082511 -0.574043388413744 0.645058462543241
-0.012430966007711 -0.024704731506904 0.253100570929418 0.63276779321445
0.00188216145867029 0.0414776543101613 0.429149976846673 0.0731549812609259
-0.0140145959385501 0.0504627941397431 0.190322432213491 -0.158640517696559
-0.00122902395209597 0.0320259857697224 -0.116425873419251 -0.129584207100004
0.00670381088331896 0.0192069037588583 0.0940338817121261 0.078509465913037
-0.0175768684571039 0.0595662821816893 -0.14727408531293 0.069235440759234
0.0086432382907614 0.0227405982949671 -0.440782029018363 -0.102703990804344
0.00241359247667121 -0.0715877504735638 -0.175684395420949 -0.533316441980933
0.055593980898748 -0.107856250788715 0.561718392643628 -0.519404619470998
0.103917855671094 0.0185076433583343 0.84330648834074 0.230307561174453
0.0280208557510191 0.125840020976634 0.266815403968611 0.570604361915275
-0.034552187394854 0.139446191276091 0.0760231224851983 0.0573080105046692
0.0412565017540088 0.111845020447736 -0.140106717821533 -0.562420134407331
0.0943887406379127 0.00740205916537353 -0.802341299932158 -0.370473408511301
0.0481808459178598 -0.0720317968009063 -0.687386464609758 0.538694463151963
-0.00347559009531898 -0.0350566857215256 0.164604740091419 0.682027083428435
0.00790617080194759 0.0458403047034471 0.441090710288051 0.146846854570777
-0.0139610006835132 0.0569865425096596 0.223371630548353 -0.122501285595547
-0.00304795617694262 0.0272852298248235 -0.110302886007877 -0.125288312736073
0.0137989811689783 -0.000765289886275155 0.0786113079993605 0.0882415557645492
-0.00453832282105742 -0.0220186869150376 -0.196959499743188 0.0619473906302556
-0.0504097798848126 -0.0188624625491082 -0.440147196358227 -0.180732798992457
-0.0651552505762448 0.010367098537922 -0.0683518200192447 -0.600667407691207
-0.0232177514269535 0.0099772843882572 0.665826673537792 -0.417250922733109
-0.0335826615562664 0.00791502067326778 0.768610979786935 0.37842373429841
-0.0296132121225614 -0.0750222809778613 0.174536850577111 0.547848145896784
-0.00857257581988576 -0.108307560457637 0.0750687346670512 -0.0439837967045054
-0.0166604441228865 -0.0658473678876695 -0.247023608864803 -0.594248418030313
-0.0385410440111746 0.0222563202516385 -0.882717716367924 -0.195406136403122
-0.0488905521229426 0.0534162241451779 -0.539135220497135 0.639176690608919
-0.0700424511527908 0.0501245851011656 0.308491068596767 0.573737917622502
-0.0358026090631324 -0.00575077329199592 0.451533003203262 0.048848546513557
0.0136652224523546 -0.041974587645108 0.166404864647699 -0.137578294360106
0.00725278045566382 -0.00388656197164837 -0.133784473493247 -0.115048437807698
0.0114341295094263 0.00593510333324987 0.0747264981876037 0.0842826891062222
-0.0128405413333183 -0.0140708946264246 -0.212775928481398 0.0339370100082219
-0.0516945084333433 -0.018876728237496 -0.440052707155443 -0.230926705306907
-0.0557862850128827 -0.00105461963684494 0.000292026388655433 -0.601157438137402
0.00181812010042496 -0.00183008582556204 0.732639780820632 -0.312673175198277
-0.0109395124201092 0.0119982675719388 0.730180989109549 0.483352664382666
-0.0179745581001446 -0.0486594006936326 0.128776549455491 0.545074827461418
-0.00908429823971396 -0.073943585215366 0.0744475907930124 -0.083242191613739
-0.00373492441633207 -0.0368578211844998 -0.298172033146312 -0.582431723194319
-0.0140764312727555 0.0259004983175313 -0.887036954627155 -0.081920960796856
-0.0377382986241657 0.0428282441824562 -0.443218128891971 0.705071865654592
-0.067098754009647 0.0405383948987187 0.360404701258788 0.530461716711143
-0.0320099355907802 -0.00786492547725689 0.428682265755406 -0.00214782974070904
0.0124199666246699 -0.0328877656570106 0.143274613180001 -0.165438441578525
0.00531828131200466 0.00538720272266558 -0.134462708521662 -0.119689570059154
0.00902891842974578 0.0130043674056547 0.0732508292730172 0.0804919295295981
-0.0206240006595314 -0.00161386755983073 -0.222242139566007 0.0140185765586893
-0.0464363974590417 -0.017237673368804 -0.43837564292446 -0.262906493807994
-0.0407607765027792 -0.0190536857090268 0.0502680476434015 -0.594047813537612
0.0301348549417087 -0.015271173699604 0.774373785438479 -0.235582685136426
0.0143334935902774 0.0246442408120646 0.699742261544812 0.55362458993881
-0.0125436883225869 -0.00895829421660866 0.100916915639158 0.539421692958218
-0.0108968022141961 -0.0286358001075615 0.0743508457536716 -0.107522348041084
0.0139905662949059 -0.00682084030610771 -0.330109581421021 -0.570500640662745
0.0151649719627076 0.0183400073107128 -0.885860853740231 -0.00402844570305045
-0.0252169772417284 0.0223381160535225 -0.376346834614483 0.745586841110736
-0.0620392207569483 0.028978227782789 0.387628793520736 0.501426082953212
-0.0262171682942013 -0.00207414357456042 0.408902619235195 -0.0397453204904925
0.00900733427039251 -0.0174021241144989 0.12864080793826 -0.186360191979627
0.00462503732454778 0.0151794112100051 -0.134569257827628 -0.124538876791579
0.00645781709755987 0.019213099238311 0.074549778860519 0.0771462033390785
-0.0258787077745932 0.0131318774113275 -0.221895790038845 0.00501672477175886
-0.0371072124845752 -0.0134599206368931 -0.440995320055315 -0.269677063262615
-0.0239920457638042 -0.0399574486411289 0.063109761126046 -0.587681554696991
0.0551534223090313 -0.0316748391706899 0.789877470588179 -0.213262834226028
0.0409354128828377 0.043446838568123 0.69598520748452 0.576540260878339
-0.00973399965890719 0.0417686009455611 0.0946066514325676 0.543763496352693
-0.0142269312326059 0.0231755840206606 0.0737229765427981 -0.110551113327623
0.0348471563148448 0.0232890676030678 -0.336697092567693 -0.562639738323235
0.0438340917328457 0.0057399379370601 -0.879232059020431 0.0215028794777744
-0.00910773197958687 -0.00389911941294243 -0.358036080645561 0.7614897773337
-0.0523442085266838 0.0167177619079652 0.392143916365834 0.499259277375765
-0.0190260087630564 0.00841088157130935 0.400334044473073 -0.05160273351704
0.00310843319376589 0.00282674838599611 0.127600446868761 -0.199543566391102
0.00258941905455724 0.0247569696781605 -0.131635332473555 -0.128013364249568
0.00509277354436127 0.0241562482893633 0.0778175694613777 0.0766082004239098
-0.0267383598176779 0.0298247826085598 -0.21298068632978 0.00780210353435719
-0.0244426377021987 -0.00912537668070964 -0.444663413926027 -0.253522123626676
-0.0117915583252324 -0.058649591236429 0.0386238136405449 -0.57997461161494
0.0731344452921409 -0.0505616724617807 0.776407138102537 -0.243324802488693
0.0667228200839795 0.056904996597526 0.722168812343919 0.548046921329741
-0.00584976837267182 0.0892792719032276 0.111813716614814 0.5507919621935
-0.0182268233300773 0.0729688196787233 0.0730369444415318 -0.091081603240227
0.053294283500696 0.0523010402614099 -0.317875525643542 -0.562620112162818
0.0711806162096111 -0.0058665707766117 -0.875834436026334 -0.0101123290735618
0.00783912711664717 -0.03130862509188 -0.3891684599687 0.758772046250503
-0.0396149067859256 0.00353402650342608 0.375357276597854 0.524023535799195
-0.0121487167943823 0.021598123187612 0.404170638834011 -0.0369263320108639
-0.00390463261930178 0.0227734121704212 0.139171349403888 -0.199668528463228
0.00153556366139061 0.0305935408788239 -0.127309755166446 -0.129302320015816
0.00438258426031815 0.0262371457122583 0.0833239632769621 0.0742400387854828
-0.0242617490881001 0.0443982061222041 -0.195916167335201 0.0229555132517961
-0.0129361682465132 0.000417678024608528 -0.452513030711641 -0.215544976687836
-0.00369561645969482 -0.0715898963191402 -0.0209587466821027 -0.575579850321725
0.0790028217421192 -0.0733669248206211 0.731293289466779 -0.321345381361318
0.0893894290472335 0.0565398847305829 0.767056196427386 0.472230129387194
0.00345810952298744 0.122611529923609 0.14987841792505 0.564339033783912
-0.0239348846965433 0.113489773925563 0.0736021887453682 -0.0513958500900565
0.0613456658352454 0.0793467374245581 -0.274578666146249 -0.567035905589883
0.0909057534008287 -0.00998293911368452 -0.869071022844676 -0.0927692158926379
0.0253418092549911 -0.0552313191543843 -0.464188844093024 0.724834340757605
-0.0251455159686044 -0.0100379651664044 0.331055121578716 0.574086765061345
-0.00548167137891791 0.0338595840387652 0.417335517330971 0.00509329623479193
-0.00949569180866881 0.0398003879091129 0.162114683783657 -0.186921402774615
0.000577134280406841 0.0334858761613051 -0.123639781158013 -0.130587120659061
0.00554454441676525 0.0242716973150453 0.0896744430192321 0.0743912572857948
-0.0223052306649664 0.0558682038288995 -0.172673289497361 0.0455411445265143
-0.00089690177270906 0.0113313715041108 -0.452739693542834 -0.159318030821237
-0.00172941659061198 -0.0758994383943949 -0.103335378111961 -0.560879692342959
0.0712365694432729 -0.0956792133299806 0.656205663229206 -0.425763034474205
0.104230687048481 0.0406198113493512 0.817261784349722 0.356983426606808
0.0177398765086171 0.134712220799235 0.210041052829789 0.573284912633354
-0.0287749880377727 0.137336597430998 0.0753602573292908 0.00192834774737435
0.0565036039935099 0.101293952326919 -0.214111744400215 -0.566917162853174
0.10028290603247 -0.00603957732596232 -0.852718035258813 -0.218378191344503
0.0401667340674084 -0.0701181828393943 -0.569328644745265 0.657489484062337
-0.0121864224044325 -0.0247754385589675 0.263989352780501 0.632979480616161
0.00215405141522437 0.0424346550529474 0.432695680612628 0.0686925712511481
-0.0136393069385297 0.0518618508390723 0.190095030344734 -0.161637558251354
-0.000912891533643482 0.0320421317610396 -0.118535315275508 -0.127852197498476
0.00689445907033673 0.0190575595775294 0.0962009581548455 0.0764538465788487
-0.0174603566724733 0.0610886288720027 -0.147890066747205 0.0722855629941
0.00891025132068186 0.0227556412353586 -0.445574884729646 -0.095838072482648
0.000837008084808327 -0.0717722469104586 -0.185622958352388 -0.534418430279732
0.0544558193107095 -0.109385548020512 0.55571980616787 -0.527630844515127
0.104746349426268 0.0164093836796597 0.851677067289334 0.219588616585234
0.0293636500400168 0.126292830246157 0.276266148582993 0.569078665760798
-0.0334764799515016 0.140667498340799 0.0768144458256011 0.0565102217403012
0.0420741415503783 0.112240480019622 -0.148100877405495 -0.56275300315975
0.0943690633787912 0.00642233918683475 -0.815076467579136 -0.360889759533942
0.0475065096706354 -0.0735205444171126 -0.685390945863306 0.551507512620626
-0.00387944743733783 -0.0350130478675631 0.173856258108362 0.684205141525016
0.00869713045553688 0.0457888935488802 0.445124233122454 0.140551644897377
-0.0130032169621335 0.0571741438155413 0.223110250719327 -0.127295573022682
-0.00299550329887641 0.0273727552646549 -0.111807519158042 -0.124753008007992
0.0126160385159108 0.00410274011597505 0.0282089156542686 0.115389956239244
0.010258086310925 -0.0206378601736093 -0.205219323307239 -0.0390164626595646
-0.0333548127861386 -0.0350391724927516 -0.300063420723471 -0.367705062375744
-0.0676194072341161 -0.0147974039856787 0.224501006992386 -0.563319067841469
-0.0349267300072874 -0.00913132498295431 0.787941472815066 -0.0492078259022007
-0.0303275832848563 -0.015552151039042 0.492222115021084 0.705814755816265
0.0121934331920108 -0.0762657631205618 -0.113981341553068 0.565159835949778
0.0449195904655649 -0.101740265689998 0.0861756429079765 -0.00418662399382869
0.0107521947691897 -0.0677615973141856 0.0607376332050492 -0.63582375590431
-0.049796071087605 0.00479561421808232 -0.681263418509059 -0.58209238079395
-0.0694852549420079 0.0300118093698722 -0.776169608427649 0.307573815907706
-0.077539539115394 0.0173327182941641 -0.00657225194342322 0.648665433685903
-0.0245582337150099 -0.0218433141151853 0.374439037396508 0.26429646038973
0.0340093195254595 -0.0321033509601956 0.218014435810022 -0.0376297390011857
0.00608812341476958 0.000240793055426287 -0.0585126012029725 -0.169826779534398
0.00745481266352078 0.00931309042025993 0.0274786667508018 0.110352112698907
-0.00229900372055911 -0.0174058310132532 -0.20515041560939 -0.0711170693612927
-0.0356181239064487 -0.0347240364364108 -0.276674580660895 -0.412114725704155
-0.055265372243793 -0.0220323163071173 0.286031227087634 -0.531324866250648
-0.00653479371160399 -0.00825168302004872 0.797629070184196 0.0718152257332042
-0.0121067071478233 -0.00021908525391381 0.40770122539863 0.777655752581522
0.00941299424809457 -0.0473931164519516 -0.151140912287144 0.538098790455381
0.0280827062096664 -0.0711822996568194 0.104172421566704 -0.0379020682201002
0.00860088459597596 -0.035431506507181 0.0110579947654391 -0.651283988786601
-0.0295039016086663 0.0194652443016967 -0.737928214113256 -0.485509591180846
-0.0532386546366876 0.0258217427669569 -0.721800340733289 0.409239417603473
-0.0704454351790579 0.00980106028350755 0.0593381836599131 0.637070107620974
-0.0194980063975148 -0.0223561221702434 0.379701301670562 0.206066259935631
0.0285449240419991 -0.0252429110609607 0.210705878871185 -0.0747401380895604
0.00202001978396741 0.00809793607031022 -0.057077369065395 -0.174556039626455
0.00241038890105778 0.0143209991222223 0.0261128399988013 0.106424646107704
-0.0139193565683777 -0.00981102249878518 -0.204292101711578 -0.0931632873164713
-0.0314390975294645 -0.0305117489972181 -0.259783904851301 -0.438589505470283
-0.0332449239127198 -0.0318789646475586 0.326751826170947 -0.501076506834608
0.0260417511555168 -0.00757069718642787 0.797385389897384 0.159757080047857
0.00462748183271693 0.0240146132665286 0.347318428965372 0.825027661851025
-0.00494616461324409 -0.00885583413733705 -0.172098998718887 0.522250391316504
0.00390336786487491 -0.0317869168775965 0.114538447662135 -0.0595608242159517
0.0108403527504005 -0.000500050630720839 -0.027000776837956 -0.653907446324742
-0.000797378759816961 0.0268950388071929 -0.772032028565225 -0.413765374343435
-0.0315278050441122 0.013709375166687 -0.683106279391801 0.474131003082117
-0.0592716437220896 0.00184812086297082 0.0989734498969211 0.624784150520867
-0.0173105710133699 -0.0142366792945087 0.380901814327787 0.165788266833611
0.0181353300607483 -0.0133878112603515 0.208662771927147 -0.10139623631472
-0.00366355823422802 0.0166374172546655 -0.0541338631659122 -0.178669460787274
-0.00349368173504324 0.0191222474598973 0.0286702240600836 0.104710319735407
-0.0260889533807743 0.00184080346954589 -0.199001883755086 -0.101969017228582
-0.0245345016926637 -0.0229298828929704 -0.258085751019767 -0.447315183641766
-0.0100798953902236 -0.0416790416445217 0.334888575663144 -0.489040327992374
0.0561352219813558 -0.00952601584842802 0.799063972631679 0.185784644799754
0.0191821029718006 0.0522851231146702 0.333841932292728 0.841260423361609
-0.0273219029427409 0.0367717464070355 -0.179065498929779 0.520106981525466
-0.0253825962776014 0.0132339912525883 0.115821789279753 -0.0628196746440391
0.0143155118488379 0.0358996188726114 -0.0344144379018535 -0.651686597478557
0.0312869065849569 0.0295729686204864 -0.776880954159053 -0.388470302365501
-0.00600208575342296 -0.00248510492047321 -0.674674084950276 0.501664637374278
-0.0446429160524488 -0.00380283319544842 0.102827161285536 0.623369841784845
-0.0164027942821453 -0.00192085548733717 0.37746758676808 0.150248574238294
0.00389016476839929 0.00121731813384982 0.213267904527721 -0.113366848871968
-0.00858642579663699 0.0237012484532509 -0.0493341335953031 -0.180720438809924
-0.00714629814078602 0.0230868968101663 0.0320420049946029 0.104688235267392
-0.0349916703104777 0.0153677807831983 -0.192837980007978 -0.0936423773196287
-0.0161313928271308 -0.0123162414871191 -0.269421271561438 -0.435099542410739
0.0107017680662438 -0.0518640010655186 0.30931257963133 -0.496711661405576
0.0810112613928351 -0.0175970445428122 0.800449588162547 0.152159242931724
0.0364704587728096 0.0766815700638185 0.369815172701623 0.827937120499721
-0.0462530460394715 0.0802494511605983 -0.168222920380424 0.537512484980885
-0.0532419823287312 0.0560101536458176 0.106725383629861 -0.0450990173973597
0.0173168521133673 0.0702532204728015 -0.017257798802187 -0.643577198199685
0.0602377890583692 0.030595864417333 -0.761437542678827 -0.414580177811111
0.0219611571050716 -0.0193584219470207 -0.69718414501204 0.483376588424808
-0.0280692484255204 -0.0105393622780473 0.0746449849971231 0.640158604149103
-0.0180475065467244 0.0134241795103197 0.373730008963251 0.165151790691959
-0.012291258356028 0.0150012391406225 0.222520209479454 -0.107571155896732
-0.0134930166592295 0.028675034554647 -0.0462129546694714 -0.180239445893498
-0.00869089383873524 0.0233332529425302 0.0373942506871563 0.106444053166544
-0.0407833562721871 0.0293673040316991 -0.183518449006329 -0.0743096203941862
-0.00892285146117751 0.000992219026812253 -0.294302966738892 -0.404786362531716
0.0249290867432576 -0.059898257122603 0.253987046711299 -0.520362050643962
0.096131219289971 -0.0344634340377045 0.797623099910796 0.0617733066915527
0.0562778577033523 0.087267769848286 0.447665413375489 0.784484776588802
-0.0525629812215731 0.115019200105977 -0.139253243281569 0.567712827885701
-0.077404311298145 0.0897597484387242 0.0893194061936335 -0.0100441058177618
0.0119065576724306 0.0970523510287678 0.022298453577136 -0.62457120264794
0.0801282293374935 0.0353284356523325 -0.716395419485262 -0.484595304632147
0.0486966704463514 -0.0317474781310362 -0.747756174430519 0.418440175489786
-0.00962684440415943 -0.013828915693001 0.0145747621789232 0.65978823391372
-0.0169232460334016 0.0277652104503769 0.365132123296584 0.208021343345854
-0.0247134545995336 0.0281797937199982 0.236259670975705 -0.086029258751447
-0.0156690333273663 0.029903019742213 -0.0421626125045858 -0.177624901662779
-0.00675537193929891 0.022829393839755 0.0439131967261618 0.109553323969765
-0.0429949893512543 0.0406211773279438 -0.174796501240723 -0.0435612381948305
-0.0036176434294524 0.0162969570370423 -0.321791595983405 -0.358152977357357
0.0293371511686439 -0.0614762524311422 0.175372498980276 -0.546963731484986
0.0997344865244791 -0.0555386845120681 0.780785997708082 -0.067863858966598
0.0761233225883428 0.0801055933007638 0.546204068763859 0.706527803903701
-0.0466443709941115 0.132727790251651 -0.092612427555768 0.602602246347432
-0.0924054766444359 0.108737266109699 0.0663638048466462 0.0364036788159524
-0.0016267480909697 0.115044439139872 0.0757750644930934 -0.598680289849258
0.0861633961053685 0.043901824561471 -0.641846562075433 -0.585040383939793
0.0685271135035854 -0.0386132587524567 -0.807014877266305 0.308913621087001
0.00749550610436581 -0.0188389818903921 -0.0724940278224174 0.679486841736298
-0.0137138929637572 0.0394226015169576 0.347899592030327 0.272421587376665
-0.0329153864695868 0.0371896670438763 0.249148666276919 -0.0499491385651196
-0.0165574572130486 0.0277432196148333 -0.0391497147645946 -0.173856882189855
-0.00356874021207018 0.0181522282275439 0.047991827167725 0.114618561080666
-0.0416680112463916 0.046648620884229 -0.164895292719907 -0.00864742695352955
0.000464168653092815 0.0296749910175669 -0.34645704494909 -0.298743550220322
0.0297130592638142 -0.0568333824171981 0.0868915822816444 -0.562331060804721
0.0898882556691622 -0.0738329751001482 0.739053228096153 -0.206483220653431
0.0857753634769564 0.0587478457159465 0.641391684721799 0.602819169244071
-0.0308389412816101 0.130613113144007 -0.0320090094203473 0.63043181950416
-0.0978046642190508 0.110715885742661 0.0415444129899647 0.0870462782254052
-0.019600001041402 0.118047660310976 0.132164558382939 -0.563495300421316
0.0751856997483547 0.0510455399716305 -0.542680624841771 -0.693453228312999
0.0755279020645951 -0.0381483617429673 -0.856956156766199 0.162908994524797
0.0192204106342119 -0.0236170605907103 -0.173072342782 0.682602203564351
-0.0101149387329476 0.0470055022723607 0.322923560844442 0.344102527618796
-0.0362280777617396 0.0431544571286564 0.260629199081202 -0.00314006268816343
-0.0154409669885758 0.0230037750382405 -0.0354049496383241 -0.16697341870387
0.0121232157537143 0.00449990371943537 0.0299256900617677 0.11522446716081
0.00964205836178659 -0.0210018665555785 -0.20661685762045 -0.0355286176868219
-0.0338644867869664 -0.0342717290754893 -0.305596892724095 -0.363789458709461
-0.0684133490847666 -0.0141019421099399 0.216655535588451 -0.567677676492701
-0.0347277600485594 -0.00777144898731803 0.789332974297449 -0.0625697568543055
-0.0310957335315469 -0.0151707201412802 0.503436837339952 0.699345839034575
0.0107942606686421 -0.0765224142146382 -0.105558688960179 0.567764570137729
0.0426230343343277 -0.102701248008886 0.0857194723399037 -0.00424134633379292
0.0103169160947694 -0.0674364880635724 0.0524248272447856 -0.63795088047348
-0.0494597019278948 0.00558977599020401 -0.690530849339816 -0.574855191970371
-0.0689355135149744 0.0315663465463035 -0.774518503500091 0.317543466216404
-0.0772823101911395 0.01862319141925 0.00395236231508595 0.651381348419285
-0.0239797007088055 -0.0213493640217465 0.380222943548373 0.259189761257137
0.03403762474968 -0.033250150757734 0.218610561954023 -0.0405644567063682
0.00686655998553364 0.000235073918736162 -0.061583702781119 -0.168473231533171
0.00715365680087797 0.00944648287163673 0.0279871837924537 0.110185302713423
-0.00189139299353911 -0.0175035264792253 -0.207889572847751 -0.0680167818884203
-0.0362384524631615 -0.0342364892647064 -0.284505757910621 -0.40748667094772
-0.0551238448266899 -0.0212981650856633 0.27837538754768 -0.537731113447112
-0.006059351719572 -0.00764946437546741 0.800497153588357 0.0608191050528437
-0.0118399697594633 -0.00126690391208877 0.419438841620929 0.774905417501341
0.00876732884156745 -0.048543999916046 -0.143319836868738 0.540710805147364
0.0264494977984395 -0.0722336825845389 0.103950388340336 -0.0401817546078463
0.00751565597218676 -0.0366821560532703 0.00212756735966454 -0.651795214090629
-0.0284689942402901 0.0204849297704148 -0.747690760688047 -0.476012975123553
-0.0529756121536214 0.0272032034965797 -0.718206056306251 0.421416300654247
-0.0711420962236714 0.0108208685517268 0.0701472197132683 0.638204114126485
-0.0205681902622505 -0.0215466635065523 0.383372535635046 0.201644318121664
0.0274409826355279 -0.0257508360708546 0.210524225092627 -0.0779979592989276
0.00170798495514464 0.00866349480042141 -0.0601727537124863 -0.174331245325761
0.00181982145167638 0.0146419544763357 0.0274955553756485 0.105827031745751
-0.0139863449845499 -0.00930536120212209 -0.205953680598646 -0.0900203150496476
-0.0322869758130738 -0.0300488901524372 -0.267458705200477 -0.434200087302189
-0.034157587957313 -0.0312793501547368 0.319630369934184 -0.506011918028986
0.0259079743403512 -0.00794637246967304 0.803191140195934 0.1468298251223
0.00522345494984828 0.0235216123835002 0.361048807379611 0.822416893794422
-0.00534819826961207 -0.00949267925933442 -0.165609627692705 0.524659318251947
0.00253675504153566 -0.0317983059614787 0.114311573970509 -0.0615668725404813
0.0100975930259465 -0.000148507180897244 -0.034288419527417 -0.655834392036777
-0.000294372129371553 0.0271127161667616 -0.779955037836304 -0.403410531526606
-0.0311351244354332 0.0143795368871962 -0.677756756123275 0.486404147844917
-0.060031824815445 0.0034819471573985 0.108966747838049 0.625856763525664
-0.0173534183722857 -0.0148230056587226 0.384631987818961 0.159605889009006
0.0172292817249145 -0.0135177902025735 0.208196544748518 -0.104965985265724
-0.00334599266914983 0.0175850070846798 -0.0574476302097574 -0.178280171762386
-0.00324687072940419 0.0193174391336836 0.0299308333066234 0.104245883584734
-0.0260177155318735 0.0023147115188381 -0.202124706190881 -0.0988207201920027
-0.0245049261164368 -0.0231745176733052 -0.264373249004733 -0.44317008836856
-0.0100269601433151 -0.0411093244978604 0.326768214601843 -0.493449786437114
0.0564718632467231 -0.0112486983198729 0.802004053639706 0.173320957011646
0.0207274726843335 0.0526013729894564 0.344247767320329 0.838894078227438
-0.0264768766089617 0.0363388300659249 -0.17231382199668 0.522658621440181
-0.0246630947681474 0.0138577331868616 0.11485161415355 -0.0635266058726875
0.015029713654499 0.0358230758465443 -0.0421599312069027 -0.652984300871328
0.0321427765475602 0.0288289366700223 -0.785967522387199 -0.378090944995983
-0.00565098696279984 -0.00206111367143053 -0.669919743625035 0.512279565108791
-0.0448808338764263 -0.00325835055015959 0.113456491666029 0.623046500520248
-0.0170385828099953 -0.00162912138813503 0.381904592754444 0.144549487905987
0.00403346775593503 0.000608750662766571 0.212173528135314 -0.116048457047525
-0.00872936749613384 0.0247629012216946 -0.0532922751732816 -0.179989021560129
-0.00700098669085561 0.0219722145998899 0.0335805625878616 0.103747045902956
-0.0350450003854934 0.0152727947021485 -0.194665715213572 -0.0925366810442248
-0.0164760818725752 -0.0124757909267967 -0.277636801360473 -0.431074326575745
0.00972200517294419 -0.0523643907967562 0.30207548689256 -0.50028202725327
0.0807661794388486 -0.0192089691568136 0.80541261295797 0.140459602671977
0.0377599924400559 0.0763260441815797 0.3827970318708 0.824608166840251
-0.0454883357073278 0.0808688072798852 -0.160263692540907 0.540364138891387
-0.0529274297009444 0.0565052976153222 0.105964270420022 -0.0458112182270188
0.017384776786867 0.0696790125678013 -0.0268682959854149 -0.644223671763817
0.0613002974463206 0.0293244277246486 -0.768923893113885 -0.405126029463439
0.0221428237444525 -0.0194341827599773 -0.692684348955918 0.495458344455427
-0.028126757048513 -0.00805967041907552 0.0860492089915982 0.639347198186742
-0.0173439363491442 0.013675527642554 0.37733570251607 0.159916460087028
-0.0112369638028207 0.0156994685467021 0.222373574360866 -0.111242788573349
-0.0128637483439748 0.0292893480183641 -0.0491038653936132 -0.179982724577022
-0.00796003819333192 0.0236336610412424 0.0384009530672768 0.104935815002256
-0.0405668003507944 0.0293671433495167 -0.186159219735388 -0.0715165641783015
-0.00895864306047038 0.00111042331714702 -0.300338743335103 -0.401605314789916
0.0227184038715144 -0.0600420551590477 0.246420589934548 -0.525193134279865
0.0965184037414769 -0.0358743917194945 0.80022929481177 0.04853806702521
0.0577630034149228 0.0859220984419476 0.458789506060448 0.780347892005469
-0.0518664694203172 0.116448893034898 -0.131451687716779 0.569302243353702
-0.0761125724449559 0.0907324135729134 0.0894535064709678 -0.0112293794660514
0.013040668143536 0.0972463296148506 0.0129447457976179 -0.626311984168802
0.0810370834888816 0.0344296738325379 -0.724458790401934 -0.476141887810596
0.0486798972501572 -0.0329195164544873 -0.743720347769066 0.43081619258143
-0.0100937909097001 -0.0139581512533696 0.0268171059081122 0.662794025210862
-0.016435706295796 0.02799864610887 0.370075286919264 0.204129924917165
-0.0245410259360907 0.0288647032723947 0.236322966582078 -0.0897129035441179
-0.0148898544886548 0.0300719747487674 -0.0458507445807442 -0.177436806129224
-0.00707300877512834 0.0223909296825227 0.044702250521903 0.108789953950812
-0.0427412527566644 0.0414353861938142 -0.176503016599812 -0.0411134000602499
-0.00342521321515606 0.0160245462910655 -0.32820277996185 -0.352574344280817
0.0280791673290896 -0.0623403453117262 0.166247209522382 -0.549528881942255
0.0995161354307812 -0.0573845839231104 0.780645305692985 -0.0784434920435387
0.0768463077983524 0.0786173021574873 0.556581117446989 0.699072406295212
-0.0448635319556032 0.13369953352206 -0.0842232469040806 0.604952778249162
-0.0918117512732773 0.110086344718212 0.0673437402199561 0.0362296895827295
-0.000686564722625266 0.114940390502079 0.0674492749191292 -0.601558109138592
0.0864791562459627 0.0419022392418574 -0.653088400315011 -0.576830319438
0.0683731473209673 -0.0401031788491311 -0.803929026959195 0.323437880495574
0.00665877712445839 -0.0195760452257895 -0.0613398653674957 0.683767940443909
-0.0139621126157934 0.0393739561491493 0.353533710042054 0.267271807471351
-0.0325259091246564 0.0379506406881588 0.249630860482842 -0.0533783200388753
-0.0164325459302922 0.0282747837128958 -0.0416281968427983 -0.173540721239788
-0.00296705442911183 0.0189080878983536 0.0499292213051541 0.113323123777711
-0.0411967301609676 0.0478450507742613 -0.165474969754256 -0.00671160740118199
0.000785118608300945 0.0299062217214687 -0.351434511691874 -0.292775259245539
0.0281339181895875 -0.0571537065077064 0.0783337517618424 -0.564238817632256
0.0899620195297919 -0.075739615795084 0.737872821008323 -0.216269913234999
0.0884029331426897 0.0572272140999732 0.652214554763579 0.592488710526991
-0.0291948218580343 0.131260814373481 -0.0228372993949309 0.632242377342015
-0.0971101799321205 0.111003499545336 0.042799838701084 0.0870742275477087
-0.0175159607285227 0.117803914626552 0.12392268613393 -0.566128905177175
0.0765832620696778 0.0494913782942355 -0.554647462303554 -0.687152313579646
0.0753115332531504 -0.0397959077828812 -0.857367538305288 0.175190309360165
0.0183103861354884 -0.023456213672474 -0.163095697234164 0.685178833107277
-0.0091202368122312 0.0468170154249629 0.329754628335318 0.339927058357852
-0.0355517147965941 0.0441196214145239 0.261844836125628 -0.00663363237030808
-0.0153695389100707 0.0234802514725685 -0.0375618901892811 -0.166410670618408
0.0116244243124826 0.00493443110695516 0.0317332334269536 0.113740853613296
0.0101853029585389 -0.0219093198591351 -0.207538614899158 -0.0330651065527219
-0.0347838894614908 -0.0339648049834782 -0.311501304899555 -0.35822013145419
-0.0699147319214992 -0.0135941233320954 0.207421352431548 -0.572996778347421
-0.0350456305942013 -0.00846423735351471 0.787420002207507 -0.075073839463989
-0.0324012597727019 -0.014864985967148 0.514181954697962 0.691103672770825
0.00839637331774206 -0.0776563995541579 -0.097996916052348 0.568878538897608
0.0415878190740659 -0.104524518394936 0.0849876854363656 -0.0064550902618015
0.0079181406219778 -0.0688231246222173 0.0426769601670123 -0.639364432202248
-0.0499722967548796 0.00457736931630876 -0.701746566494637 -0.564525234364351
-0.0672847122562818 0.0321389551822596 -0.769481531796605 0.332031353888064
-0.0760725679254955 0.0205199273537442 0.0128386988260841 0.651085844430434
-0.0234783321317109 -0.0209404001129694 0.385000899174723 0.253537073329296
0.0325933841476924 -0.0349040197128885 0.21745473926566 -0.0439471967346176
0.00587837717250983 0.000371584741702314 -0.0649209706329051 -0.168192157724343
0.00818069632597672 0.0102162433456029 0.0314471586446399 0.108702344230528
-0.0025840406976724 -0.0159956532369533 -0.207331462063543 -0.0654045052692379
-0.0369261076666787 -0.0349473325307631 -0.29060475698964 -0.401704900689566
-0.0577987043938385 -0.0199256277289787 0.26919463962767 -0.540928024348201
-0.00705148072301656 -0.00888142646289954 0.801937180204229 0.047480030919685
-0.0129645766949538 0.000992934481468929 0.429671100354779 0.76781245352625
0.00948192634594075 -0.049514581924282 -0.135256632489016 0.542953993536174
0.0256539132247448 -0.0723967063939639 0.103335677004555 -0.0395296009742511
0.00610413993860932 -0.0378689836223099 -0.00796161462437732 -0.653597429288653
-0.02712099033315 0.021906716735857 -0.755337623763666 -0.465688307251282
-0.0511744444010095 0.0278851660910218 -0.712881273404177 0.433677832794051
-0.0714769080997658 0.0107730760522312 0.0800109107319542 0.636693552500479
-0.0200091643598195 -0.0226140570311918 0.387432421558659 0.196925658859199
0.027181820064253 -0.0280815703266864 0.210042545638279 -0.0790098557515815
0.000632434399490143 0.00862295625880877 -0.06405280849492 -0.172060618627942
0.00254120693336478 0.0158824480468401 0.0282372148736766 0.105949922615135
-0.0139352900500785 -0.00828613010644356 -0.207956914980855 -0.0847293624898866
-0.0308656345388837 -0.0312327143234448 -0.272919121785206 -0.428861203272876
-0.0333959195992414 -0.0304632750609899 0.310598173929941 -0.514037663374951
0.0250017489456994 -0.00826255319714049 0.802539904667915 0.133398892340779
0.00517665810997124 0.0228087168274183 0.373990975015284 0.816530683389828
-0.00681160370656194 -0.00957462000042437 -0.158442938018037 0.526471904427361
0.00257112299631189 -0.0324219158964127 0.114262975334715 -0.0612561684921627
0.0103339688759735 -0.000117640471230598 -0.0442377833834685 -0.656329064934242
0.00143828858287899 0.0270702357554633 -0.785690215699083 -0.39145933980074
-0.0317340913773183 0.0141554978009509 -0.670864762016427 0.495864700148931
-0.0615050006550333 0.00538941882385244 0.120707173513246 0.624205527111603
-0.0172740137690378 -0.0133705695223143 0.388374474002161 0.152959222235075
0.0162770590401586 -0.0126611288514936 0.207587857703505 -0.10736578390341
-0.00251471036814112 0.0162685047197071 -0.0598034913974188 -0.178606299044572
-0.00413601646166852 0.0199547679025844 0.0304445244316956 0.101626063130698
-0.0268093440721466 0.00298645323544938 -0.205193658008637 -0.0970826338455904
-0.0252132232043465 -0.0219873049369969 -0.274094857066666 -0.436477577807947
-0.0110818439310335 -0.0405533415520683 0.31875921602474 -0.500348978226721
0.0557867575397223 -0.0121068539522944 0.805386875811498 0.161428275965455
0.0224010360958115 0.0512319544962288 0.359459057657904 0.832440287938582
-0.0274060328293048 0.0377569229423272 -0.163641141990158 0.525114380237889
-0.026426341680692 0.0140875564699651 0.114496990729784 -0.0657380345936492
0.0145390458097341 0.0347425560667974 -0.0528939382829474 -0.653835608397256
0.0338884213478149 0.0293553944222751 -0.792148980552141 -0.366826012069762
-0.0065136253912401 -0.00117856304834407 -0.661465768673272 0.52208749918672
-0.0449182062885558 -0.00303825628199539 0.123544890854842 0.623343167409318
-0.0161145827195196 -0.00171045976252492 0.385194304830976 0.139751310641471
0.00238953771944824 0.000112424772392268 0.21258292382391 -0.117546590345301
-0.00871474963732298 0.0230965116494757 -0.0567773693468468 -0.178377151040696
-0.00574825237100577 0.0219210177360382 0.0351466625539538 0.10445367750487
-0.0350684622568273 0.0178059318971313 -0.198289571881152 -0.0903881944538611
-0.016362701622055 -0.0109909483710001 -0.284820273303023 -0.425007633792207
0.0100876598748416 -0.051531699041061 0.292166027970342 -0.50670859086333
0.0829319645333701 -0.0209759343395508 0.806833893699507 0.130019027035335
0.0385989943208935 0.0745622779485514 0.396642822889768 0.817372705820148
-0.0450384445433058 0.0817940317245895 -0.151625829392923 0.542907149995715
-0.0526708878835133 0.0587190254512572 0.106190014080526 -0.0484397474055873
0.0175073789828042 0.0702505012529862 -0.0350394402956143 -0.646200628555461
0.0626296197422238 0.0289396977250093 -0.776392876847176 -0.391043857427556
0.0206831768490812 -0.0184998111052366 -0.686089583222105 0.50723452607061
-0.0300204608016661 -0.00820094643737571 0.0979059779638374 0.636999338411449
-0.0162340496152132 0.0146806767111083 0.380899331599802 0.152831775719361
-0.0128894359938728 0.017485287369883 0.221206633913372 -0.11290128315712
-0.0113434308380766 0.0280911367986179 -0.050748723832221 -0.177949435546739
-0.009573212568316 0.0231779943543992 0.0417717599708833 0.103658381227947
-0.0406713243249604 0.028524101042981 -0.189722666520731 -0.0678473877411919
-0.00771244541355364 0.00116450026111814 -0.308901009340353 -0.395995089388559
0.0219390916021306 -0.0589746180902031 0.239277620444535 -0.530526031553667
0.094843819319375 -0.0385613157038325 0.799992598895234 0.0351106461781141
0.0593358114590887 0.0839097990068855 0.470829134030057 0.770830682148865
-0.0516734953076504 0.117043578393914 -0.123907470125964 0.572710881776169
-0.0750846304523655 0.0937323232703247 0.0892788306899357 -0.0140853305181578
0.0157038963032666 0.0980307664647331 0.00398929348326829 -0.625583289752409
0.081466834688304 0.0307388368457713 -0.733539777963748 -0.462808891492488
0.048606355405158 -0.0351145305484593 -0.736404716215113 0.4428306303626
-0.00959750372782573 -0.012087477835256 0.0363888652151392 0.661550691302045
-0.0149027766154792 0.0292241361701436 0.374104534849124 0.198407942179216
-0.0233739391559441 0.0302729547013264 0.235282725764416 -0.0918539139980411
-0.0132055003009219 0.0319652892058315 -0.0479613490445269 -0.176212088828171
-0.00649191332103895 0.0230549474206399 0.0451253571346291 0.10762608444102
-0.0420651188310481 0.0435879691847805 -0.177510558398011 -0.0369797849972516
-0.00126706182307972 0.016171867372485 -0.333887149030604 -0.347682112686177
0.0277871352109511 -0.0642397394946522 0.157610330025943 -0.551251884473955
0.0975242792445161 -0.0585765329726124 0.77844964851518 -0.0908636795809477
0.0795135340324336 0.0772874723137282 0.567292676108972 0.688409627977961
-0.0422831499261798 0.132316083515254 -0.0737945370121864 0.603634204802021
-0.0908455428651347 0.110575761006244 0.0687827232078538 0.0358026445924616
0.000975975369149385 0.112963976158087 0.0584962007724935 -0.600088840282363
0.0869866860544175 0.0420398629057027 -0.659252525978769 -0.56856506597095
0.0657122237839717 -0.0415177860871175 -0.802207583513438 0.335943539268429
0.0074588194645571 -0.0188420857643888 -0.0507661029580591 0.683577970935848
-0.0137727132034493 0.0390797303689763 0.357872496826958 0.261853273680527
-0.0342572895826902 0.0391331242211001 0.249462631052367 -0.0553202525068611
-0.0151112029810366 0.0268635567624976 -0.045576485497572 -0.171368973362251
-0.00420960085549669 0.019434714344203 0.0522274305487537 0.114001499591008
-0.0412129013343224 0.0484825915093344 -0.167524645275522 -0.00388194104349378
0.00181415938382914 0.0288907825736041 -0.355532038082714 -0.285778812323773
0.0285528974829725 -0.0574182519866796 0.0686079319792379 -0.563742055614983
0.0887581553002433 -0.0780388520253095 0.734952592987314 -0.227808368898921
0.0880802201972016 0.0537269474792149 0.661763318495138 0.582801696355448
-0.0279216406968988 0.132574811681701 -0.0124768017741554 0.6342969803821
-0.0969389160367448 0.114120804266765 0.0449153505053778 0.0857788282150992
-0.0183863918657935 0.118010257666913 0.113912475628785 -0.565082022538306
0.0788593582171105 0.0479155285573461 -0.567196089136537 -0.679008638122302
0.0734248871363252 -0.0405896422544995 -0.852898296418718 0.190273573260923
0.0197600642885479 -0.0242820939475226 -0.152884162542786 0.687445573294314
-0.00771932395858735 0.0470409047140152 0.334358208178593 0.334325961400875
-0.0335863952456156 0.043773836616959 0.26302967939025 -0.0117736116449488
-0.0161090896101057 0.0240563728644853 -0.0394689285989591 -0.164579844421535
0.012481460431001 0.0040568153428273 0.0323457240713418 0.11379048141179
0.0101298550112276 -0.0211169293188494 -0.208902929795753 -0.0295909790922598
-0.0352318798641205 -0.03352909014136 -0.31708507418024 -0.351785694086177
-0.0698831432437075 -0.0112389533520261 0.199437327315727 -0.575062202979469
-0.0347169422329444 -0.00698271078561401 0.78836369391673 -0.0853567010890993
-0.0318223030667837 -0.0138550677657175 0.524763666621868 0.68140942921502
0.00828459493532964 -0.0778266636649452 -0.0898445273166264 0.568935592363469
0.0391909123311362 -0.104535177294404 0.0856079019930254 -0.00634947008864411
0.00806241725350129 -0.068690610917486 0.0330235598653596 -0.640087874069222
-0.0488045637193232 0.0065125909762603 -0.708384641543479 -0.553904337330194
-0.0674149444783157 0.0341869189902103 -0.764726786276873 0.342239502893415
-0.0772879355215207 0.0211643823356938 0.0247509144668586 0.649210346336056
-0.0249130661304132 -0.021007344953428 0.388591362418118 0.24672837708945
0.032098380306245 -0.0341475415699013 0.218298518995969 -0.0470443839119193
0.00654833643061534 0.00151185805283918 -0.0662567583097573 -0.165981236627106
0.00730002616828175 0.00937017816872157 0.0303555287223307 0.107923281469529
-0.00181392236626255 -0.0175270032996455 -0.210110062585491 -0.0603910313025735
-0.0369508797064959 -0.0343181680073833 -0.296757401818905 -0.398089770912912
-0.0573383228845746 -0.0188936405867681 0.261767716678064 -0.546689110008475
-0.00605505356965999 -0.00833512566830602 0.802064388306718 0.0352477825588075
-0.0123901163913386 -0.000140971824477847 0.443285100118794 0.759283291639533
0.00754982037138979 -0.0489666474760637 -0.128493658301748 0.544464579129243
0.0229410533538322 -0.0729068097571797 0.10238188869258 -0.0421047061065769
0.00654028894653722 -0.0370749100170124 -0.0164332682756847 -0.652233805129615
-0.0276678653743944 0.0209574312149326 -0.762254103461899 -0.453456843421405
-0.0516604450845924 0.0294249528529893 -0.707158210460228 0.443336439889116
-0.0708869849161609 0.0131313553920726 0.0903818629117458 0.634976872351502
-0.0213637228583126 -0.0214179330424112 0.391697274678636 0.189371233957694
0.0262043641381009 -0.0269285059580668 0.209195709311745 -0.0836193641238222
0.00185210403685497 0.00903327919084603 -0.0650901919609486 -0.17144515167103
0.00103644182595025 0.0147904861929681 0.0303370935053846 0.104039284827176
-0.014636679771999 -0.00956774984498072 -0.208882790428131 -0.0837096767597364
-0.0329840073212408 -0.0302282552741651 -0.282242621022123 -0.424644740326709
-0.0355327209255087 -0.029615285419501 0.303393668194051 -0.517740468658966
0.0259752288048036 -0.00869401263903228 0.805898016402988 0.122887253912631
0.0058934652244801 0.0229598872484833 0.38493122704019 0.808634431949185
-0.00624632903738926 -0.00952650193760213 -0.150923396061107 0.528756060175758
0.000555640817272859 -0.0319734102590528 0.112306013620826 -0.0635143123984138
0.0100434399643005 -0.00120243678171747 -0.052801033392675 -0.655355654968557
0.00156700950983474 0.0270755007100204 -0.791057785216108 -0.381386432207953
-0.0305597621737018 0.0160970671836662 -0.662420643144421 0.507094889189655
-0.0598390520680384 0.00498099867087841 0.12844865443416 0.62134929104367
-0.017864447401977 -0.0146335206304806 0.389716233129887 0.148765310170495
0.0165710934470413 -0.0146185262114088 0.206449950347586 -0.109838926624251
-0.00361406534560569 0.0178952741142938 -0.0624777202190699 -0.176492537091768
-0.00314357494267811 0.0188026874307577 0.032058878575264 0.101866143292229
-0.0255826214162214 0.00295015747774401 -0.205360234963284 -0.0922326471001147
-0.0250549074175389 -0.0226084865962193 -0.27849048257443 -0.43337760497144
-0.0119361302796908 -0.0413113353094526 0.312289797106499 -0.503449781380186
0.0564079057619467 -0.0127987412145167 0.806380632946927 0.150231999356844
0.0218865980358141 0.0512118813077443 0.372367933037137 0.825972967471094
-0.0259471627610305 0.0366591011975221 -0.157144925033494 0.526806441149992
-0.0259787007964689 0.0141880590409408 0.113477010888115 -0.066192275527002
0.0164219147082585 0.0346904569537265 -0.0612588221367071 -0.650607080044251
0.033825813053053 0.0272741960372502 -0.796788075758851 -0.357185402561684
-0.00520361982482949 -0.00221746609123129 -0.652940341886385 0.533874722624551
-0.0457739837978622 -0.00154131082259892 0.132839132599025 0.620229547141087
-0.0175689186624648 -0.0014672667894093 0.387468293569984 0.133949428498068
0.00251750085290267 0.00121978044859935 0.209958759252728 -0.122071000323486
-0.00824474695236164 0.0253353275578482 -0.0585892544516827 -0.178198963158589
-0.00702461793622975 0.0220739667000532 0.0358663653577743 0.101873739278992
-0.0346557742559886 0.0165937739695812 -0.198187184102128 -0.0859517998080744
-0.0161729113185714 -0.0123403888901432 -0.289992083866499 -0.421427656189993
0.00805131848555746 -0.0526501462857199 0.285694842593346 -0.509544524212529
0.0813722656503736 -0.0221142805703128 0.809397242153308 0.117478659902699
0.0396656899702342 0.0749365979122177 0.407367527107629 0.811619441723319
-0.0434510414946749 0.0822092270567807 -0.146399494034115 0.543709752016206
-0.0520626860321948 0.0582095981001897 0.105631744208241 -0.0486144512679394
0.0196405157656531 0.0692023782291168 -0.0438566970162258 -0.643547523288836
0.0628510153855506 0.0278496462718054 -0.780494286588593 -0.381707032429387
0.0218341334406266 -0.0201538923066415 -0.677840881333945 0.515916036890494
-0.0288500435986451 -0.00678028245418448 0.106751194384732 0.636666128977491
-0.0171481749017043 0.0137723035725233 0.382422621734953 0.149554213052458
-0.011291948949614 0.016999663457103 0.219665101612099 -0.117129929247253
-0.0112093919723428 0.0298067560639751 -0.0551392200228408 -0.177747484541052
-0.00763899518852905 0.0235143934022069 0.0414024656937389 0.103461236919798
-0.0397195980909915 0.0311018266913603 -0.188948143194761 -0.0659801909465928
-0.00862874841504726 0.000897522771354868 -0.314280422992754 -0.389745599985237
0.0208283564406009 -0.0610444608076656 0.228157300972274 -0.53266692963374
0.0955368138788222 -0.0402274979942654 0.800917345375122 0.0265299998807734
0.0593248948195245 0.0844341525972128 0.482474005446044 0.765705151546848
-0.0483168055569383 0.117240283338692 -0.114314867418975 0.572609957525222
-0.0742239738556289 0.093441010282848 0.0890684767118673 -0.012469778865873
0.0156155257176581 0.0962425608169577 -0.00335216378211597 -0.627288946767458
0.0825639737321516 0.0304480571214478 -0.740905970421351 -0.453895942018753
0.047581137371723 -0.0341262800232403 -0.729636339951291 0.452397736943489
-0.0110144445834256 -0.0126960345588016 0.0494280389954104 0.662231441192758
-0.0163255338533804 0.0282805375681277 0.376431710041734 0.191931843335252
-0.0239376431561606 0.0294178717077453 0.234269125744921 -0.0963649546595729
-0.0135950694664788 0.0315416899014787 -0.0512802271131604 -0.175062420715821
-0.00618709333201213 0.0224080438820501 0.0477798082508564 0.106664542425673
-0.0413712567437559 0.0429856825815711 -0.179076518564861 -0.0359555959983574
-0.00352234498291323 0.0167200126752078 -0.338622490657895 -0.340309362731733
0.0258050858137492 -0.0635021575908364 0.14875642591363 -0.55438703212026
0.0979042169133363 -0.0612668122327773 0.779290473074822 -0.102143745667285
0.0784105858422131 0.075505782514819 0.578716800454495 0.681252401590003
-0.0417636298288252 0.134286016576325 -0.0664946359808028 0.605142261663726
-0.0901017849448212 0.113064113527163 0.0683420386580512 0.0348698807902111
0.00244798686255013 0.11468476500739 0.0494801555365631 -0.601707511616529
0.0884937579162108 0.0383449309169933 -0.670007512337849 -0.558867686452346
0.0671431514590133 -0.0414088620011315 -0.796284479855735 0.344932600691629
0.00605675104475997 -0.01947379953986 -0.0406146273796958 0.685130393907804
-0.0130469980957451 0.0403156617687384 0.362395795740028 0.256908330071785
-0.032671901821247 0.0398389012925456 0.249977919266709 -0.0605854595252069
-0.0146900286422262 0.0289012451230525 -0.0469855378892018 -0.171822770513099
-0.00290925869538 0.0180736277421676 0.0520521840092523 0.110757330761207
-0.0399610102003014 0.0487872439679623 -0.167460772028906 -0.0020232098114565
0.000776830027671641 0.0296010900948712 -0.36090375003245 -0.280201893424326
0.0262797316569315 -0.0578847792358875 0.0617063698642355 -0.56567301783677
0.0874919700707043 -0.0790736845961105 0.732019107787867 -0.238583251895765
0.0887364331123333 0.054385940779619 0.668287865788323 0.571402828259679
-0.0264382200922285 0.131085603083693 -0.00503225787322475 0.631452403490721
-0.0947401228831669 0.114361723528675 0.0447829796405316 0.0857820284370826
-0.0153052746629382 0.118188569289551 0.108588522561017 -0.567253173545271
0.0779089553850679 0.0466247244910628 -0.575475859196545 -0.667680261878935
0.074738467585738 -0.0424994278383483 -0.852916257125204 0.202646651595748
0.017728780467967 -0.0236820579267568 -0.142669914872911 0.690822957265011
-0.00842984778148596 0.0472410545477663 0.340040512248065 0.32981709275074
-0.034912317990411 0.0463845014243421 0.263529850013602 -0.0142150459390132
-0.01412097377606 0.0246519981890257 -0.0425410705164314 -0.165318856390614
0.0120264984374775 0.00399266513642441 0.0336091253041637 0.112927655311189
0.0100471875520697 -0.0216306308957778 -0.208765609861214 -0.0270500344791739
-0.0353551941385459 -0.0332471254944728 -0.321803037403779 -0.345579355404608
-0.0701735788581405 -0.010245994255082 0.189447708574029 -0.576297509392298
-0.0345928722112196 -0.00633608256002264 0.781835878397923 -0.0976181177346903
-0.0319278296910948 -0.0135640987928622 0.531394637095881 0.673011646945877
0.00782089375766696 -0.0778267252090682 -0.0813155003074961 0.567662714027102
0.0368825880529929 -0.104557375362783 0.0854638921133768 -0.00770819832781891
0.00730279945823616 -0.0691123650503103 0.0261505396292255 -0.637503395074638
-0.0483782956735517 0.00734220384117219 -0.715011796929546 -0.541665383574415
-0.0666865450957011 0.0351974728675736 -0.760787089038824 0.351477576496252
-0.0773318438273526 0.0226859422389781 0.0341270986161665 0.647438388924035
-0.0251450518490438 -0.0214578072382249 0.391716804328759 0.240568666004582
0.0308658759371546 -0.0341759296638314 0.218115200808302 -0.0492684394581225
0.00600302604464916 0.00118284489518993 -0.0680176209140928 -0.164714310612957
0.0074150431833358 0.00923269347995336 0.0320617893933553 0.10695064200946
-0.00275372360596309 -0.0172394413276879 -0.210292805077684 -0.0584150306412363
-0.0374757692087598 -0.0329533458749297 -0.301167063891803 -0.390727305614234
-0.0569400233995399 -0.0171770284275469 0.253622065084778 -0.546757910459118
-0.00608578153959531 -0.00761680247802074 0.799743007301858 0.0249729989825621
-0.0122296866329672 -0.00014458319848431 0.452763562210101 0.75175767693601
0.00656667434306395 -0.049682710272779 -0.121566272622441 0.543996627118547
0.0220691968149519 -0.0734085919197785 0.101122553705739 -0.0429664012136715
0.00561016627271708 -0.0374610603089823 -0.0255059080880893 -0.649431486883326
-0.0269160329979091 0.0204693287753085 -0.766250302906519 -0.44215650987934
-0.0507103040171948 0.0306278878125533 -0.699506211865217 0.451727110102069
-0.0707225904889093 0.0143819353660589 0.0995215640734028 0.63161243590082
-0.0211361430274282 -0.0219876836337108 0.393780051512638 0.183731649158929
0.0262453340442374 -0.0269689386552417 0.208091980016056 -0.085982494425513
0.00209572333102662 0.00979666004362283 -0.0680673423790697 -0.169652713971127
0.00219391432561486 0.0147589016421014 0.030770003450256 0.102772139829297
-0.0145976311445196 -0.00958767515936712 -0.2102888469136 -0.0800986815804804
-0.0330976789791725 -0.0299129681076169 -0.286509704184482 -0.419951413705993
-0.0359301782019991 -0.028700927932841 0.29504291319224 -0.517565896935072
0.0259805339243593 -0.00984979811639964 0.806301930295888 0.112601462085643
0.00523272285408029 0.0234566629342095 0.395510616693139 0.802180068649539
-0.00603475710071686 -0.00969389125046513 -0.143413298346768 0.527849242995219
-0.000218670241576424 -0.0316775828154041 0.111242898659818 -0.064897152595666
0.0101415974580022 -0.00174040312590092 -0.0609216392228447 -0.650382894069819
0.0024331185590263 0.0270788867370132 -0.7941252209997 -0.369295934274685
-0.0299486491500173 0.0169884623219225 -0.654980430010586 0.5164696411251
-0.0600792896921604 0.00633430745706226 0.136616600049561 0.616784827997299
-0.0184147567729916 -0.0135560316591095 0.39143199878525 0.142448222954217
0.0160759727211553 -0.0141355668494595 0.204258636819413 -0.111975558465528
-0.0031837047862901 0.0176912148417335 -0.0647115591067664 -0.174540646685051
-0.0033227708950094 0.0184518715855967 0.0334526626260701 0.100671316091944
-0.0253820308592639 0.00303629543702961 -0.206670836374009 -0.0887327792234958
-0.0251073342437348 -0.0230189470452118 -0.285219072678149 -0.426655806341991
-0.0127457307731324 -0.0402916535832853 0.302422386605653 -0.505194207010637
0.0563838312520838 -0.0136517178257858 0.80666594475867 0.138369041004878
0.0231659558248127 0.0508011399571037 0.381584485986459 0.817201143837016
-0.0256614392220203 0.0370016511432915 -0.148476508456974 0.528275314287358
-0.0260056093498867 0.0141056742555574 0.112543437888599 -0.066909444440903
0.0161868422468471 0.0342003475273182 -0.0716280731723314 -0.648139504432522
0.033779703747549 0.0270485333723686 -0.799780221150292 -0.342751152442304
-0.00608242578456595 -0.00233522276794822 -0.644622096021994 0.54308891194288
-0.0454461662767272 -0.000344219813077935 0.141647133642556 0.615466030378263
-0.0172118345025462 -0.00203235951062876 0.387353905955771 0.127439331156235
0.0028396366666683 0.00123331743907596 0.208271349337172 -0.123630757904289
-0.00746637189116525 0.0258325160192356 -0.0609912518133239 -0.176845831692064
-0.0067503466369915 0.0228170005331742 0.0367336737183689 0.0999954601912786
-0.0342573134229996 0.0174062528062683 -0.199494636635923 -0.0836798413286857
-0.0167222618073433 -0.0126730719868055 -0.296637924324509 -0.415565836521236
0.00659816177434046 -0.0523303051503517 0.277131893998247 -0.511762465250607
0.0803994311692346 -0.0234583935745777 0.805324324636333 0.105230812694219
0.0407854575984896 0.0742547644155893 0.416697216327878 0.802330178762399
-0.0423465837084064 0.0815746294781357 -0.137825012129253 0.54288168328711
-0.0517711198151963 0.0591901340878957 0.103648901067848 -0.0495081220861804
0.0196209865032903 0.067921122156223 -0.0525656665809173 -0.639393831777222
0.0631021158303232 0.0264719317129078 -0.783812076175241 -0.370693929227026
0.0217019804093689 -0.0205826441442879 -0.668008504277961 0.524479218572703
-0.0290406830695537 -0.00685595639945787 0.115756919222086 0.6328054513
-0.0168804059554066 0.0139254262724388 0.383876647439187 0.142844868855464
-0.0114906277466739 0.0169524480425262 0.218618360150174 -0.119401357623221
-0.0109594167945285 0.0304454403487327 -0.0574490790247837 -0.176530338797044
-0.00788404396734328 0.023108804132315 0.0414531560286067 0.102070547333874
-0.0387871694376881 0.0317919347587396 -0.189280046561133 -0.0625589698581882
-0.00922953026977076 0.00110801869252654 -0.318974806899671 -0.382985657699517
0.0187942642386969 -0.0609858362716166 0.219993681672459 -0.533153122226398
0.0955477381905563 -0.041540468354588 0.800783660794155 0.0154805974233121
0.0608517161480478 0.08271542952104 0.492104080146027 0.755437789096543
-0.0467037259617894 0.11701873855832 -0.10820755652811 0.571146260311652
-0.0738303472722883 0.0930575029912109 0.0882036591980003 -0.0133067303171902
0.0163672438454136 0.0963658299148163 -0.0136344899520902 -0.625314648068131
0.0825448506684034 0.0291522752901144 -0.744379287563518 -0.442323792310961
0.046910648472321 -0.0346099725375544 -0.72118408908412 0.462409046517793
-0.0113838790702934 -0.012417859036767 0.0565494735637669 0.658875432995705
-0.0153758902094815 0.0287356139391702 0.377551215061538 0.187192130413137
-0.0236944917673397 0.031072273206689 0.232831528694136 -0.099448479711943
-0.0129176861280986 0.0313322261879526 -0.0532439882915484 -0.174460807637985
-0.00629238313486513 0.0215314421922096 0.048129684748114 0.105554772749509
-0.0407094339388364 0.0434116619771947 -0.179702835047853 -0.0331531693337095
-0.00337422927486717 0.0158515195258683 -0.343086756997212 -0.334066980067988
0.0250083364971971 -0.0628236885378403 0.138621721676939 -0.553656531060274
0.0961649771953745 -0.0631396343691259 0.774643022728005 -0.113222673511743
0.0798121336473242 0.0746729378452676 0.587255139572328 0.671774378431292
-0.0398360580657065 0.134309823899233 -0.0575220758501543 0.603185894272668
-0.0885512216653581 0.113565038050073 0.0680338973441088 0.0338286890938211
0.00361070944349149 0.113748000547536 0.0419748111975247 -0.600223098089563
0.0887241846363495 0.0375357765336575 -0.676458955587721 -0.547276391071824
0.0666206402837788 -0.0428865295795592 -0.787769468766228 0.357609200490541
0.00581430771172981 -0.0197186746246403 -0.0296740480571099 0.684075781113486
-0.0115628866312724 0.039885551711653 0.364601338102013 0.251515189156026
-0.0316342087134893 0.0398056259436641 0.248232293163464 -0.0634169448185946
-0.0147478002003653 0.0295262961482315 -0.0498897218424597 -0.169971555259896
-0.00284001469362857 0.0176036098441647 0.0532806450195257 0.110339764175331
-0.03890978960643 0.0493494913543488 -0.166393613397082 -0.000375213466957792
0.00155940584572924 0.029553100140742 -0.363432509169814 -0.273267504485342
0.0245946589815732 -0.0578794244566704 0.0526475530685561 -0.565103457573271
0.0852102865418047 -0.0812505742761726 0.726517666054583 -0.250240932773507
0.0894973485915121 0.0529807951181739 0.675069747292875 0.561132205428853
-0.0249173415847582 0.130532684150357 0.00325887741112506 0.629128146287652
-0.0930718200699618 0.11575716079929 0.0458264182647338 0.084627973884726
-0.0145745112259558 0.118158839417447 0.0985913180249498 -0.567513198700393
0.078577887724157 0.0452869167852344 -0.582311674288688 -0.660220603459131
0.0736461535238865 -0.0425738853506521 -0.846506985447072 0.212674930978289
0.0169290878306074 -0.0242642857985203 -0.131816625612324 0.6908970779409
-0.00808658428780334 0.0470538904975332 0.34481738318833 0.324092863917228
-0.0341073467713999 0.0459843880998957 0.262891197062636 -0.0179538540253348
-0.0134175596660776 0.0246068299588387 -0.0447708370081804 -0.163408946277283
0.0118741040584795 0.00445037723956494 0.0341984254578674 0.111783580998576
0.00939130123616397 -0.0217872966197868 -0.208515117319779 -0.0236751302454865
-0.0353235280411944 -0.0326684836702502 -0.325356421020555 -0.341579740097923
-0.0701924684993131 -0.00873410862684552 0.17965725154796 -0.576311571005819
-0.0355531883295402 -0.00608664053152141 0.779253191465413 -0.107136387590681
-0.0326113707213772 -0.012706606497826 0.539950304609474 0.664019833225652
0.00609213425181586 -0.0785876404540969 -0.0759512627389988 0.567387775206148
0.034879842840533 -0.104652070387871 0.0848929537289214 -0.00846904972059241
0.00661941284291743 -0.069078310655243 0.0171456511954419 -0.636541558287658
-0.0471185984241014 0.00810957182730213 -0.719691093721614 -0.531882932428714
-0.0650651527679519 0.0362332878454989 -0.752566358710288 0.361743060567475
-0.0768960415776738 0.0236088091137987 0.0440894950638817 0.64498637499641
-0.025989382137636 -0.0210825967649552 0.393393162988749 0.235009656504043
0.029922731432979 -0.0347034244316601 0.217488492055286 -0.0516049650386355
0.00610764243911935 0.00209918847485234 -0.0700798492170674 -0.163421029382226
0.0068215102034623 0.00977371706266147 0.0324467881979781 0.10526331303594
-0.00213103004327338 -0.0174983034139792 -0.211234516963153 -0.055934937304579
-0.0374109974889912 -0.0329272908899165 -0.30473528931752 -0.38420442494325
-0.0578823010321768 -0.0165055939952717 0.242705904790225 -0.546215246552926
-0.00647337480373103 -0.0072504688305167 0.797771803908221 0.0137520487726085
-0.0126948861848635 4.14730325308536E-05 0.461516915893403 0.741930729931835
0.00554374321676155 -0.0491801200520954 -0.112577788937086 0.542855213796441
0.0203555717670172 -0.073366637907287 0.100600914770851 -0.044417459629738
0.00402708530759097 -0.0371293934776891 -0.0332836603374628 -0.648180184990074
-0.0262766958546456 0.0210943293246435 -0.769219182703174 -0.43052325003388
-0.0503641465297589 0.0315448792904763 -0.689711019293245 0.461569235218859
-0.0700260103610406 0.0157979817215842 0.109082214767078 0.628427989849883
-0.0217857659877528 -0.0216074093260437 0.394409773293054 0.178321833934456
0.0248268132947651 -0.0278168011375315 0.207019900283808 -0.0879719912556499
0.00237725420252183 0.00882612314252626 -0.0695914109118762 -0.168252422807741
0.00203291372923224 0.0146846805812222 0.0321411928710443 0.101841871399714
-0.0148672943697703 -0.00965889325577768 -0.211478501745005 -0.077041143903187
-0.0337933077143817 -0.0291565387554603 -0.291108560018096 -0.411313519681481
-0.0364967526995951 -0.0277093039666986 0.28626496477963 -0.521554423706277
0.0264304257154366 -0.00972310257580238 0.803642304017244 0.099809729786476
0.00599793460891122 0.0226910903438083 0.404193767178096 0.794627955580275
-0.00634025715192045 -0.00989001004102778 -0.137856628944875 0.527995829543718
-0.000241599635130723 -0.0325239484473853 0.10985166577283 -0.066140173143492
0.00982330121266872 -0.00207084184010619 -0.0679451937018025 -0.650391333626659
0.00262922179456563 0.0261887251541534 -0.797160267649564 -0.358585775021337
-0.0291112182105482 0.0167613026579428 -0.645676161636383 0.52410589111914
-0.0598047962399716 0.00698710276985396 0.145129505102448 0.613729433115146
-0.0189318197925401 -0.0141678153596935 0.391897551154617 0.136771052944688
0.0153777931792637 -0.014398990057984 0.202563373821852 -0.114208196675298
-0.00161715021014929 0.0182060592759506 -0.0673268601327857 -0.172643745761101
-0.00266104526695614 0.0188608023952984 0.033453688305051 0.0991970341843526
-0.0253286002901832 0.0030009470638771 -0.207941126172717 -0.0856698117275192
-0.0251828854583857 -0.022096523057073 -0.289026414720832 -0.418492739323068
-0.013594085687256 -0.0405789036261357 0.295995794018256 -0.507228668770332
0.0561939881178866 -0.0145377591603251 0.804734813098438 0.127904665164501
0.0232681261032931 0.0493543459463169 0.39036852588906 0.808679697762115
-0.0244865060239694 0.0369836686814102 -0.142522602202265 0.527809165856407
-0.0262292302202086 0.0134876689640638 0.110366591982566 -0.0679492736193039
0.0161333183220293 0.0341263944801875 -0.0785521808743617 -0.64545357519976
0.0344442924058198 0.0258593280105258 -0.802429034857769 -0.33240284883639
-0.00511111736883091 -0.00147886602167073 -0.63584186233038 0.547556719504887
-0.0461219426429494 0.000535116930769332 0.151502568955886 0.612554653157615
-0.017308208812141 -0.00232220440428516 0.388223387347167 0.122069737453821
0.00262512629274161 0.00167030192399155 0.206453467603656 -0.12617245777552
-0.00704009662528246 0.0255214504820217 -0.0634242835404009 -0.174630221931264
-0.00682600850581644 0.0222935618769474 0.0376322396408791 0.0994748363781089
-0.0333178411385924 0.0174293278102898 -0.200127024551643 -0.0793225876638625
-0.0165950172243457 -0.0122816944906619 -0.300325583051707 -0.407434923623577
0.00626646789357625 -0.0522806046030077 0.26917266670483 -0.512755692101608
0.0798940168781084 -0.0242864880276411 0.806717588131251 0.0943058751021045
0.0406093024780432 0.0730006697568583 0.424342001435413 0.792091016427442
-0.0422157912677321 0.081640244427249 -0.130431727385982 0.543013451764544
-0.0510532680496098 0.0591950691224793 0.103203330106156 -0.0496914311000419
0.0202145815365383 0.0668818498605658 -0.0600642986824673 -0.636609131896271
0.0636575958179284 0.0244253184236732 -0.787182936622647 -0.3580299516883
0.021251713113701 -0.0202696950509235 -0.65791521797658 0.532671149230972
-0.0294893375030489 -0.00616922639142023 0.122689840302942 0.628610617123117
-0.0163065215638281 0.0143294339676031 0.384152893196505 0.13797301775877
-0.0121635076209246 0.0178019514771961 0.216555676499332 -0.121786333611736
-0.0106993663883222 0.0304280823139518 -0.0598661154128068 -0.174890065770835
-0.00773268805043425 0.0225310989207788 0.0436549793554051 0.100434568405426
-0.037065077602641 0.0316035719369236 -0.190932245104068 -0.0601592437870489
-0.00924879673462492 0.00110323222917335 -0.322541018463967 -0.376778839240045
0.0183192431489214 -0.0605205703735802 0.211680637864924 -0.534306972279602
0.0940914229775817 -0.0424362450023395 0.797228180222086 0.00379391515270267
0.061601433450767 0.0819217738566499 0.499555423834738 0.746169118348763
-0.0456685421734217 0.117170020659826 -0.100379800775414 0.570294995409934
-0.0725398871032527 0.0944311593426592 0.0884438216301968 -0.0141313839076838
0.0180433421362196 0.0948757162444631 -0.0223204556991824 -0.622934905424599
0.0833085178799078 0.0275019638947665 -0.74834118442532 -0.431426316911002
0.0470560990266854 -0.0360663628905994 -0.713103285760848 0.471616577335849
-0.0114009497687354 -0.0121114857612609 0.0661048646585658 0.657195672363957
-0.0151721443514566 0.0279596612804999 0.379720625875123 0.180881315255739
-0.0236238238114451 0.0314698954375737 0.231479680677612 -0.1029944735292
-0.0125344216347414 0.0310133202814272 -0.0557695548430491 -0.172654118754721
-0.00647566532645508 0.0224358875369453 0.0490042101562272 0.104078229348575
-0.0393936399710521 0.043867961750845 -0.179847587170959 -0.0307794358053554
-0.00247579688259253 0.015890307304409 -0.347647939908208 -0.326736339471238
0.0234371453599621 -0.0631089750905084 0.130514969092334 -0.551264244742406
0.0957696962102357 -0.0643595318103626 0.770380834975549 -0.122214703470547
0.0798960741058857 0.0727781096905116 0.593686397994419 0.659766899991587
-0.0383301154234389 0.134537471255509 -0.0509316513591278 0.60300617373343
-0.0867029052911382 0.115061545538158 0.0684092273514235 0.0331361515996982
0.00504019355853568 0.113522318649812 0.0352444132789891 -0.598741101705508
0.0902287029936885 0.034806626458436 -0.681691260967131 -0.536251400490106
0.065790558093796 -0.0433822405036902 -0.780384610129238 0.366147396098304
0.00537182570965387 -0.0190530059634809 -0.0187260603236062 0.682456413021706
-0.0114733383267407 0.0399283924612708 0.367727410619625 0.246157030961812
-0.0317570270294335 0.0410551866901706 0.248131803281409 -0.0662869694216912
-0.0135585184872861 0.0298323913255841 -0.0516544293992841 -0.168518791589638
-0.0027730945990637 0.0183860527139786 0.0543127528901915 0.108977291994352
-0.0382548796024075 0.0505418936016712 -0.166505389169489 0.00189372980824508
0.000976742370076466 0.0293082891788007 -0.366439601823396 -0.266572959580111
0.023392909894595 -0.0580143124785138 0.0443081327218832 -0.56305820588162
0.0841679861356533 -0.0814367503835969 0.719220189844576 -0.257224769638929
0.0894513971630417 0.0510415628176762 0.680511899053839 0.549948843147546
-0.0230335230901864 0.131335543424318 0.0115240506838269 0.627637543619763
-0.0924894016088123 0.117025517062202 0.0471091974131294 0.0846900846964765
-0.0138639779194091 0.116305693338003 0.0926818596552479 -0.565649828498378
0.0789807004883846 0.0443002655207052 -0.59033036264245 -0.649442055160108
0.0736020273486003 -0.0442476605974982 -0.84289984434493 0.223622525929005
0.0163257330219794 -0.0234168947811485 -0.121189107074027 0.689401969890468
-0.00709475924250466 0.0478000740968095 0.349046907500817 0.319394228039368
-0.0330596255173986 0.0472920037109796 0.261908502297656 -0.0213204749286891
-0.0134278394369181 0.0251550131904411 -0.0470948683294365 -0.162547222406608
0.0119139173215477 0.00390487565153834 0.0353211621363501 0.10983973379329
0.00930831642602489 -0.0218896480388715 -0.207196972838422 -0.0220437947403176
-0.0360737089060421 -0.0318979959458143 -0.327997692300407 -0.333242520220666
-0.070206561119832 -0.00754527180910103 0.173333954981639 -0.575256931988835
-0.0344694313524796 -0.00544496884476199 0.774090119036606 -0.117210366558985
-0.0324683373527938 -0.0123904725999487 0.546308044332948 0.653208154017937
0.00525687536038259 -0.077909143953264 -0.0674209062317013 0.565059490763014
0.0335840273033264 -0.104481253020303 0.0840316250806808 -0.00902257280215569
0.00553163682467215 -0.069427755320149 0.00802037394319313 -0.632283101371875
-0.0471535530995012 0.00854182059734838 -0.722477087095225 -0.519665176321948
-0.0651182415004115 0.0375062651846807 -0.745807662259087 0.37044475809969
-0.0761551127265868 0.0245082377811747 0.0517711556053142 0.642286617644909
-0.0264129331652526 -0.0206913486336068 0.395657185408442 0.228379701279561
0.0290238010794527 -0.0348654211319598 0.216014355902848 -0.0539186872882328
0.00641710428098122 0.00172526550728716 -0.0722185777102171 -0.160894574836107
0.00728373210032704 0.00971840314491374 0.0335076062661609 0.104633101098222
-0.00282196660173659 -0.0179971122013478 -0.210769187069922 -0.0519061826339869
-0.0383590059089782 -0.0318111793234418 -0.307924107304309 -0.378270520561678
-0.057327080227563 -0.0153856899758008 0.2351493340764 -0.546382933929857
-0.00579559761993132 -0.007740851711198 0.794773082475378 0.00236274637208693
-0.0128916800589712 -3.49415724463006E-05 0.466995095311418 0.732750605575506
0.00495558306137434 -0.0501279082433036 -0.108327026951293 0.542453198118204
0.0183205988358217 -0.0729562442995026 0.0988907143007158 -0.0444502588042962
0.00423341864512744 -0.0374074757011127 -0.0398091886114569 -0.644553512526563
-0.0260949457652149 0.020575099586471 -0.771829458094288 -0.418308999087633
-0.0492576734220746 0.0320784396869245 -0.68322739537058 0.466282163646971
-0.0702159491951573 0.0162008949154908 0.115500128607977 0.624452902969281
-0.022001649539798 -0.0214540995238011 0.396200318060542 0.171904517704407
0.0247238653619995 -0.0270453118825026 0.20511362664185 -0.0902576121618449
0.0020451961807419 0.0101606390773497 -0.0715202918600414 -0.16626901294295
0.00167404942063774 0.0150627462721569 0.0321744554028775 0.0996912452466269
-0.0136830678968222 -0.00926125629960438 -0.210908735414496 -0.0742169406014901
-0.0328831667796074 -0.0285713628849401 -0.294280770802528 -0.405074610745776
-0.0367620011765142 -0.0262088726466394 0.278843395320316 -0.521059501941715
0.0257903631386301 -0.0103157082234377 0.800389228186154 0.0885904468512363
0.00619957607082874 0.0230615134363368 0.412725245187721 0.782881046147003
-0.00652853811603308 -0.0109642975883681 -0.129860975408114 0.527516306758578
-0.00192888503468683 -0.0318533617411714 0.108063588826325 -0.0658870236286472
0.00983114900692808 -0.00299272840531269 -0.0763191679584738 -0.646287656317099
0.00327499981066598 0.0262623289653655 -0.799048460649536 -0.347033545667383
-0.0288563344535602 0.0174911936587208 -0.637479996484774 0.529643278119064
-0.0598118291813549 0.0084166779843195 0.151801314590969 0.610061775026563
-0.0188353753761181 -0.0146756373843856 0.392530115721965 0.131877729798163
0.0149647466955542 -0.0143535057388439 0.201204914480461 -0.116070657433999
-0.00222762627884735 0.0190776156039304 -0.0700844671692308 -0.170700763627596
-0.003591967788906 0.0196330977224113 0.034293349189172 0.0978872139993206
-0.0252348440317426 0.00286672485095507 -0.208172966330328 -0.0825369144978277
-0.0262671568807317 -0.0220339802600381 -0.293617782606881 -0.413644658608858
-0.0140118953712672 -0.0394504908066012 0.287554535890577 -0.508261180282755
0.0557497798430859 -0.0151239865037032 0.803422468182581 0.117726404588069
0.023274093513268 0.0498157898005117 0.399585389390516 0.799604116953478
-0.0253842079284167 0.0372446230171806 -0.134777859689216 0.526127401171555
-0.0263948063826818 0.0155330245836952 0.10939750058253 -0.0696406176509294
0.0169571053708229 0.0333403487686121 -0.0845541605459483 -0.64219958046514
0.0350444045323944 0.0248303609820751 -0.802370662400332 -0.320710878087747
-0.00513307036398497 -0.00147813146330213 -0.625731144698549 0.553776265249912
-0.0466636055692473 0.00108481745406604 0.15826349452899 0.607879757678994
-0.0175959036561189 -0.0012770423321279 0.388825219292498 0.116909327721887
0.00185292000062853 0.0020912475405318 0.204047961945097 -0.127713218069084
-0.00666944719619097 0.0256700268585597 -0.0661915151270315 -0.173966285289187
-0.00640969215725115 0.0221857061316313 0.0379225473517691 0.0982037958775586
-0.033527125174936 0.0183590027798115 -0.201576655034977 -0.0763281908575339
-0.0172863467984266 -0.0124121582712901 -0.30367599694523 -0.400482697466209
0.00574037356961396 -0.051721229746104 0.261056838690259 -0.515176430477979
0.0797489426528722 -0.0265214906800965 0.802370197410518 0.0852757193672372
0.0420707795325325 0.0719393184370717 0.432455359310921 0.785383234260932
-0.04016462793633 0.0819116384725595 -0.123425554017617 0.542276570909047
-0.0506617981291135 0.0599260406939899 0.101577207570346 -0.050836446474501
0.0213113175670472 0.0661173557829139 -0.0678060616564576 -0.633671547740439
0.0629142231731612 0.0233198762646238 -0.78787523956346 -0.348395205300383
0.0215137790238825 -0.0207175852282272 -0.649439464276884 0.539332527388862
-0.0294725337389073 -0.00539376594153269 0.131664927469634 0.624245297116129
-0.0163767171541056 0.0137920867455703 0.385585219504368 0.131544596198169
-0.0113929563663843 0.0175188378588494 0.214368073815987 -0.124206827694451
-0.00923824376714519 0.0306690461931731 -0.0613066521643883 -0.173830423911227
-0.00741532844394733 0.0233609341969183 0.0432401845989064 0.0992502610092779
-0.0381501604849358 0.0325697827526125 -0.191119599671031 -0.0571115489071454
-0.00885013800331217 0.0011556761435224 -0.325067637161752 -0.369643558793595
0.017753759004296 -0.0599322197465504 0.20407975862517 -0.533307607786394
0.0932985027231775 -0.0440392157857689 0.792586463883317 -0.0051167116395673
0.061457619299024 0.081388652549097 0.505548235289193 0.734933426779653
-0.0447954096372005 0.117067069780497 -0.0945550964747489 0.56758864778274
-0.0719867954108851 0.094795220624348 0.0875878261919551 -0.0150184488046449
0.0179407274948395 0.0942048958475884 -0.027840978701742 -0.618730755863951
0.0832070220887798 0.0262313629254027 -0.750174539897199 -0.419354447520866
0.0466397434485055 -0.035915310525328 -0.705287710073475 0.478417880398211
-0.0110917360691134 -0.0117034129052796 0.0733293930896535 0.652501309331337
-0.0146046701424333 0.0287371861354336 0.38053569616651 0.174913195690994
-0.0234081938706298 0.0315340825485688 0.22995981799644 -0.104029712387196
-0.0118023575831746 0.0314299076836454 -0.0583127096664237 -0.170979934963129
-0.00617327647719224 0.0217554184871559 0.0493170162747677 0.10262926684622
-0.040091492096217 0.0437004946342239 -0.179782965645095 -0.0281001398740572
-0.00206100162464223 0.0160617868851197 -0.349346267168722 -0.318989926067285
0.0218909701324948 -0.0634110634552115 0.122191236805494 -0.551460136325237
0.09403324967968 -0.0654082428180116 0.764247462360625 -0.131028156422802
0.0803699270918877 0.071302968588305 0.595983096301338 0.649464836254678
-0.0362588804560964 0.134000364888029 -0.0442990947383717 0.598595879807853
-0.0862066390836529 0.114914632762023 0.0681940918767828 0.0322020876712313
0.00609528673532411 0.112590374898675 0.0271059065141611 -0.596521194667057
0.0892654148338442 0.0334579173921518 -0.683707450997815 -0.526339818447757
0.0651412461050384 -0.0445225978555656 -0.772356776948071 0.37548297162753
0.00464875162472687 -0.0184984956001073 -0.0103351161172925 0.679158634936032
-0.0113585589535488 0.0401919789266541 0.369532972709201 0.240623368296364
-0.0311319120073141 0.0414311288357134 0.246458606846551 -0.0700278835273103
-0.0134704087066632 0.0295363771891122 -0.0532705105223469 -0.167456268864138
-0.0029140597031639 0.0166440542036715 0.0539234167509969 0.107565077809629
-0.0376067905282262 0.049862935305536 -0.167093342020618 0.00472040274566302
0.00194499790147138 0.0290462042762038 -0.367732864660707 -0.259220853005928
0.023429859958248 -0.0576827465045281 0.0373564042824243 -0.560391189040639
0.0828099624414136 -0.0827402334506826 0.712229619502616 -0.266013871687413
0.0889762375509555 0.0493676292037401 0.683859502022646 0.537741055403101
-0.0215446537180849 0.130346139731816 0.0178296859950773 0.621062228970349
-0.0904923425100679 0.116746455466683 0.0476946328245027 0.0836607653245959
-0.0114547683256797 0.116878226238822 0.0839043909720643 -0.565133377140436
0.0785380010795486 0.0412495800877477 -0.595882450252968 -0.639393465983034
0.0723443907708526 -0.0447703870774333 -0.834591429623817 0.23324564664551
0.0156976863351211 -0.0239451080709335 -0.113711186174106 0.689273339482555
-0.00628342138845612 0.0477200182981674 0.351966984795724 0.312333813109686
-0.0326296948494757 0.047216111211117 0.261567481652583 -0.0247285897245958
-0.0125403055758604 0.0245588546409139 -0.0489809615887244 -0.160714821559746
0.0119721423046338 0.00378149370382647 0.0365204785063874 0.108264460098177
0.0091957625968973 -0.0221825717286965 -0.206460657806401 -0.0188814172971179
-0.0366709401822894 -0.0316899953168407 -0.330069007284171 -0.326444783965362
-0.0706002782839616 -0.00626547190282381 0.164069909055807 -0.573768888083329
-0.034442007715014 -0.0045208366107178 0.7672883280183 -0.124620393275131
-0.0321349621831565 -0.0118571420585528 0.549228345179894 0.642974965767065
0.00401855806807968 -0.0779150179270913 -0.0614676629910532 0.560660108833642
0.031182174950712 -0.103897538663255 0.0837664520712141 -0.00980407528882396
0.00470967670231981 -0.0695432320255813 0.00191100946390043 -0.628159737558352
-0.0464667729183497 0.00861233079246503 -0.725470077988543 -0.509762773170822
-0.0634706273428821 0.038754384320717 -0.738269998611476 0.375691070864497
-0.0750996212076557 0.0258470358183236 0.0586616984366599 0.638711263302196
-0.0261508601906663 -0.0201060322787593 0.396377933075614 0.22256527574345
0.0279275226218771 -0.0350446954879356 0.215279688056697 -0.0560359469860461
0.00616169526833873 0.00288906874016422 -0.0726624608355177 -0.158850191831976
0.0075005635858895 0.00945034908238161 0.0338932621284283 0.10306164508214
-0.00261334048465149 -0.0183306229842939 -0.210777247361588 -0.049213863582158
-0.0381338217532317 -0.0314821842597612 -0.310950976022571 -0.372533754594197
-0.0571957968479013 -0.0138510143780491 0.226692514636759 -0.547042704846319
-0.00583464050616001 -0.00756909254865873 0.788756496568612 -0.00458808678362849
-0.0129227456769039 0.000612343064667095 0.473396808828159 0.724073065027069
0.0041283057344474 -0.0497684743188046 -0.100686052021691 0.539901464278973
0.0166091727442134 -0.072579572292189 0.0981682529625368 -0.0456855634228632
0.00381819538767116 -0.0377784276675717 -0.0455355518022763 -0.640227312449614
-0.0253896569799087 0.0205422295184695 -0.774621230668632 -0.407941793393375
-0.0482199057311896 0.0334240137774419 -0.672419699767131 0.47135940477012
-0.0695800858651683 0.0170078994484689 0.122262573199317 0.618439886327882
-0.0224344414790127 -0.0210534897000478 0.395499687479563 0.166048915569035
0.0234068583727532 -0.0278279573203108 0.203566534283846 -0.0916361319409355
0.00201741693704883 0.0102374754517462 -0.0731469004746349 -0.164630758262226
0.00132253548613289 0.0151009920488421 0.0332131280669119 0.0991893966521322
-0.0147455728385795 -0.00926546143441145 -0.210429258503377 -0.0707474083784213
-0.0331914130113549 -0.0280797631580907 -0.298273348785319 -0.399061330946189
-0.0373484446017699 -0.0254049436859996 0.270341628862877 -0.521317121420331
0.0257727612912135 -0.0103153399202632 0.799253453821815 0.0805098784099333
0.00681883975947275 0.0221928292628827 0.418591649549241 0.77223193392745
-0.00652908892659342 -0.00985813222158672 -0.124094425559217 0.524657607949365
-0.00320840335232525 -0.0314750720069975 0.10740655262331 -0.0669059101497321
0.0092797297059342 -0.00312318156671391 -0.083778935582691 -0.641055837472749
0.00392658900239932 0.0253039874640769 -0.799236681366164 -0.336909353771388
-0.0281088561559668 0.0183636302532343 -0.629406774913066 0.533884011777403
-0.0598735468973548 0.00942495175674499 0.158861182043752 0.604966443683259
-0.018957260201355 -0.0141386552962782 0.392778503950852 0.125763637442006
0.0144574664748259 -0.0142440246554346 0.198766660676539 -0.117230078658694
-0.00146063753801642 0.0190710635847762 -0.0712492374597285 -0.169695053075886
-0.00338606169904709 0.0194772985461054 0.0348477623517144 0.0965926224181372
-0.0255258229959353 0.00274275848503204 -0.207744383650785 -0.0793551640384801
-0.0259123688407173 -0.0221913736110475 -0.295779778769594 -0.406299011476784
-0.015041776638971 -0.0387239470142886 0.279371429812533 -0.50806790862935
0.0552171747347404 -0.0165188149488691 0.799100087339371 0.106707883408721
0.024226561562353 0.0487923173322799 0.404191609501402 0.790559055938939
-0.0246675742623963 0.0363478084207138 -0.129167070238529 0.524570414150813
-0.026363245851641 0.0153161614913891 0.108151113000093 -0.0691503193220934
0.0169038897455758 0.0322483936033766 -0.0926509961314268 -0.636237220630657
0.0351792940737012 0.0246521709950556 -0.801608754072428 -0.310603065328993
-0.00456339113156994 -0.000522506192076016 -0.61616145689184 0.55766934114439
-0.0460472797777298 0.00184264005101292 0.165029305570615 0.602126528816373
-0.0177598414204358 -0.00138674475929165 0.388800216998891 0.111527595111705
0.00191628090343537 0.00162085914802486 0.20192213411161 -0.12927979585387
-0.00634277070820012 0.0263314164413617 -0.0681748436338513 -0.171843367417641
-0.00625710280504609 0.0218841623729582 0.038251018761841 0.0963404216732909
-0.0329762241743003 0.0178954341508427 -0.201120698116834 -0.0734990145574535
-0.0168442348761446 -0.012720014485109 -0.307913683678981 -0.395526150638983
0.00398480273174355 -0.0516064779397223 0.253763834102668 -0.512299575550413
0.0789432984303937 -0.0273613146864224 0.799041588615336 0.0754422169750481
0.042652250195491 0.0715454944816407 0.436942818641392 0.774439541034338
-0.0393033583038333 0.0817462246921152 -0.116741236292661 0.540268128522253
-0.0504877846292202 0.0599971745673739 0.100465438078496 -0.0510645494723615
0.021413500825424 0.066133165363184 -0.0764542286861739 -0.628062914323841
0.0633212409929421 0.0222963611808748 -0.788124898896478 -0.336783011686315
0.0219635130150809 -0.0208590793151366 -0.641933537782731 0.54304216628953
-0.0300201591013622 -0.00553719436614426 0.138042392749188 0.619356332858088
-0.0161904505166183 0.0133687685198979 0.386465101841226 0.126477978823661
-0.0116659583654167 0.0180205829889302 0.212700823226875 -0.124769718662392
-0.00910050180851647 0.0304879847211485 -0.0629693502200288 -0.171394515898868
-0.0069058195841732 0.0230894708706474 0.0429962026153354 0.0971895455621617
-0.0374592298379289 0.0333246308177851 -0.191245997937763 -0.0550090640587802
-0.00851745027899198 0.00174079472921048 -0.328298725381822 -0.36364006504336
0.0162270637327862 -0.0599268274697106 0.196259734724162 -0.530546561022417
0.0923711483536395 -0.0451675267997219 0.788541044181341 -0.0139179626038484
0.0625899482024112 0.0790614396781586 0.509443261405206 0.725569272699982
-0.0433430324706913 0.11604351284282 -0.0867181784554352 0.566070629213502
-0.0709609115995996 0.0953047580477749 0.0866046609953979 -0.0155445091583736
0.0182812960185498 0.0934266501240027 -0.0338810619263749 -0.615564631274262
0.0831583240795617 0.0250083982140651 -0.751574702068543 -0.409043520702785
0.0463648002016299 -0.0359522184630243 -0.693918525645187 0.485907477503503
-0.0124738106747262 -0.0117230844120513 0.080769178474405 0.649115551348133
-0.0146312111937472 0.0289411565421944 0.381218364538224 0.169642933937847
-0.0231622396354872 0.0320586406551193 0.227956266536175 -0.10572815286556
-0.0114384852404073 0.0318660997918853 -0.0595953699972472 -0.168915897179539
-0.0059002886348784 0.0214090079495222 0.0499551946443414 0.100848592491939
-0.0389812459390236 0.0444678179305182 -0.178580942788173 -0.0266345255173879
-0.00258083964964545 0.015150069328668 -0.3508845470122 -0.314115569852169
0.0211959045665534 -0.0627127242482839 0.116359321283222 -0.550655086984011
0.093371372836724 -0.0672848921925171 0.760751098608173 -0.138041553195325
0.0807104278464651 0.0706966160399628 0.601214611015285 0.63922592544339
-0.0349048505698436 0.133594983701056 -0.0374277994319336 0.596612282514299
-0.084720292157813 0.115491570212624 0.0685058048741847 0.0319963404601702
0.00661572975414922 0.112033892918817 0.0209178181135293 -0.592774095009076
0.0892892468106169 0.0320280355826539 -0.687212183149027 -0.515775187286989
0.0654487906158675 -0.0448261320445962 -0.766848870331218 0.382813766073072
0.00464578052808121 -0.0182729005984631 -0.00120421802161463 0.675649541973882
-0.0104405761364198 0.0399435881097765 0.370649271147439 0.234788378560824
-0.0306906594341081 0.0427726160836778 0.24511541901515 -0.0714501971368176
-0.0123429968343012 0.0298849840122397 -0.0549646770859038 -0.164998847030339
-0.00315537952310047 0.0176277652403215 0.0552265400521575 0.105985955124727
-0.0361040574894908 0.0503580316873778 -0.166080301736496 0.00646508897610412
0.00225013224318533 0.0287094805289299 -0.36907896560046 -0.253659207901641
0.0214117726810328 -0.0580973620459752 0.0298120290778339 -0.557603466706986
0.081942269570346 -0.0840357068009884 0.708244891391605 -0.272119225147867
0.0899873144204777 0.0483065564675781 0.684786611826991 0.526827174371218
-0.0200477879524652 0.130545874246702 0.0244237186016703 0.620483398105049
-0.0888090041673323 0.117059649067168 0.0483616605486889 0.0825319375325852
-0.0109946976028555 0.115972989535133 0.0774034056358127 -0.561750283702002
0.0794421906361078 0.0401977588677841 -0.599354496627371 -0.629956422634255
0.0716907077272455 -0.0452096285362469 -0.82612608165195 0.243019785621856
0.0157920726701976 -0.0234809869898116 -0.102369971086967 0.687250533583596
-0.00524882709339168 0.0471176374625137 0.354141034800931 0.307754746996396
-0.0321261015744054 0.047654217206746 0.260308342037843 -0.0280968693491295
-0.0127642880394548 0.0252935049201574 -0.0502888649520654 -0.158117777461225
0.0117759243899344 0.00406529935017252 0.0366562480980746 0.107889449029949
0.00882819675683886 -0.0232543499062793 -0.206832814430945 -0.016779402008378
-0.0362187212126714 -0.0313997045310906 -0.331667216287858 -0.320602094803378
-0.0701709096283578 -0.00481311877467612 0.155858559689524 -0.570404611770121
-0.0340589645517345 -0.0048859922650391 0.762436468745314 -0.131685097964199
-0.0323828204754756 -0.0113125478892623 0.552039265936312 0.633367570687512
0.00273118056020572 -0.0774670571763004 -0.0562905387056654 0.559087446409244
0.0295697843492908 -0.103454940825178 0.0827824002374297 -0.0108166687687681
0.00368332792655493 -0.0694357388412767 -0.00266862535636054 -0.625657869763008
-0.0466038783520792 0.00784904513388256 -0.726424832481284 -0.502708742424443
-0.0629506997053223 0.0390176613865127 -0.729631693660162 0.379907296845351
-0.0753877612569441 0.0266019201322785 0.0650151367776475 0.633706439854416
-0.0261518230768939 -0.0206125063073231 0.396954732901103 0.21703147835329
0.0273866084960953 -0.0354722117174304 0.213810163099515 -0.057839307582211
0.00595050527411519 0.002316199946545 -0.0737033394290535 -0.157693731765878
0.00693846534810364 0.00966367184492758 0.0345298737344163 0.101988624843488
-0.00276806208134997 -0.0184331982613217 -0.210319972157207 -0.0477963763504902
-0.0380071657946611 -0.0312912000323679 -0.312623364596186 -0.365648565341955
-0.0577619630574788 -0.0129717753278299 0.21917226841521 -0.545507496078425
-0.00592389816571461 -0.00716904055482584 0.785813021192526 -0.0136144275870992
-0.0123226826014464 0.000471031107486893 0.478449299689882 0.712263508036857
0.00306456073830055 -0.0497599353953822 -0.0944185241550915 0.537169073846568
0.0168434490796374 -0.0719230708671908 0.0976380293889368 -0.0464916571989067
0.0031311281391727 -0.0374557783265133 -0.0535837977173735 -0.636086809309229
-0.0248043059775685 0.0206329834121848 -0.772035891782794 -0.39935271293395
-0.0484075000374525 0.033775182879643 -0.664252922200665 0.477121606882661
-0.0692427191609056 0.0186941787617026 0.12821143729563 0.614652091690689
-0.0223734382634154 -0.0206945341268952 0.396646153537923 0.160777835958931
0.0230059868824875 -0.0280922883606392 0.202427455185841 -0.0925046036010926
0.00279681135469331 0.0109179225150536 -0.074001756546629 -0.162524399666207
0.00152541277891396 0.0148640582314558 0.0327049924746321 0.0976886534353995
-0.0143713987153249 -0.00911219728497975 -0.211073802775275 -0.0677075943228589
-0.0340307297204495 -0.0279060800228239 -0.299088477166151 -0.39187772528214
-0.0373181744956938 -0.0248930907267186 0.263851643514062 -0.519840730261085
0.0254155211096772 -0.0114479976127356 0.792508979797642 0.0704189638718764
0.00579726571443335 0.0224854790440869 0.424216638931809 0.76489742593243
-0.00750630097183351 -0.0100140773112353 -0.119049151008974 0.521628069221088
-0.00332539399734662 -0.031002064137467 0.106235102766757 -0.0671194073063139
0.00828478297872266 -0.00370978324245111 -0.0882379742017473 -0.636811581650841
0.00431872577868894 0.0251306174985213 -0.797594766633875 -0.325303473069186
-0.0276167775639273 0.0190169341837527 -0.619307289759344 0.537221201736501
-0.0587580236924563 0.00983052763694448 0.164955874562362 0.597765069437529
-0.0200061420091328 -0.013938941768489 0.392063802599313 0.121802087325029
0.0138412105405485 -0.0145562427535738 0.197042017489822 -0.118757411817546
-0.00163750750627338 0.0190229280562907 -0.0727691835263278 -0.16729443283859
-0.00302404764678545 0.0185648843105748 0.0345541207833976 0.095145203961023
-0.0251369600908609 0.00320215335336993 -0.207646811649338 -0.0765448139019789
-0.0257070609226575 -0.0217137132845341 -0.298618602254429 -0.400914911320925
-0.0147931865305362 -0.0380683937221188 0.272661677979142 -0.506523122269587
0.0550933572590501 -0.0172882853100979 0.795485225486482 0.101647161550425
0.0237150921939244 0.0489471861187478 0.411441833236365 0.780194601159772
-0.0240839367380806 0.0365541020559624 -0.12473938589608 0.522580117037586
-0.0265476335695402 0.0143201339970027 0.105123338512166 -0.0691051907970934
0.0167459692560362 0.0320539981101599 -0.0978537655496601 -0.631121567891273
0.0352501946546033 0.0235308085496491 -0.801039651947237 -0.301010876530343
-0.0039750816242161 -0.000442063191556168 -0.606503437985034 0.56194641787829
-0.0459420292222917 0.0016957106514685 0.170391859017762 0.596549647730039
-0.0180477341678614 -0.00172948052246494 0.387862819108112 0.107755789870494
0.00148622985276815 0.00255878258195129 0.200516591854002 -0.130547140397837
-0.00562053333045688 0.0260103479707708 -0.0693366966557166 -0.169814534684525
-0.00676992026566498 0.0226288094816103 0.0379823064967346 0.0953564785497011
-0.0330096525967936 0.0177586636204812 -0.201077375214275 -0.0710966336813092
-0.016221233751322 -0.0120685167976378 -0.309655501600418 -0.388215557092626
0.00357883673197594 -0.0505824380775395 0.247083024059863 -0.511183778945033
0.078129476962343 -0.0282590551325219 0.79365273713087 0.0670183678230903
0.0428670968743359 0.0700499861174837 0.443662788486802 0.765770736867533
-0.0390955782827991 0.0811708124056593 -0.112286305553243 0.53787616081121
-0.0501758497581102 0.0606795220134004 0.0990782311385319 -0.0512922015774092
0.0220849392877103 0.0651931833220161 -0.081231713222661 -0.624754090604841
0.0632941585674779 0.0216552397234462 -0.787910878008113 -0.326192987521545
0.0213332537122323 -0.0199145217592603 -0.631682521596542 0.547133246331817
-0.0300827406376817 -0.00449797803885606 0.145094981186261 0.615440365583848
-0.0171294665022835 0.0129855674171515 0.385924025028707 0.121798449512776
-0.0110439574078809 0.0180950398096418 0.210402634245001 -0.126995017981159
-0.00877922366291308 0.030829883575458 -0.0651193706530112 -0.169807356368981
-0.0076445693645085 0.0231688249235467 0.0435900911057268 0.0958525568675009
-0.0373982344798538 0.0325764377341002 -0.19018129533751 -0.0541490348835384
-0.00919195861229384 0.00118191131838153 -0.330873492328306 -0.356715498550429
0.0155788638596843 -0.0594244088242967 0.19083630731955 -0.530071258957124
0.0913590738094107 -0.0468478393620492 0.782559757328008 -0.0222752830566579
0.0635746506145688 0.0789209982302507 0.515207951899389 0.716752111523836
-0.0420239084033114 0.116276605198723 -0.0819189338438818 0.563032815194856
-0.0694648787319482 0.0955050493326454 0.086810686067071 -0.0160399894257433
0.0190037535770722 0.0935777814477475 -0.0404985452654983 -0.610980084185312
0.0827622112368317 0.0232611324652633 -0.749785885621834 -0.400289026725551
0.0449158293777261 -0.036456123965189 -0.686400984993015 0.489942118139385
-0.0120640311542521 -0.0112992352219547 0.0876560181463354 0.643895313561732
-0.0142171591914168 0.0282772566954661 0.381282269860371 0.164343091531092
-0.0225276189896706 0.0322965475260707 0.226490324714444 -0.108499483678711
-0.0115059692931893 0.031432041109167 -0.0615361667561799 -0.166722281372978
-0.00593977485538202 0.021492798647025 0.0505544605287372 0.0996818026033743
-0.0383007419407834 0.0448223850176604 -0.179135939370371 -0.0238743708637291
-0.00200376511617813 0.015103571058063 -0.35244017288485 -0.307975197991377
0.0207737533211495 -0.0626522305245441 0.110770819300234 -0.548595255162239
0.0921661150115342 -0.0682603388670768 0.752605805241814 -0.144336295968554
0.0805807719879531 0.0691881578037029 0.604069156803801 0.629401271288519
-0.0343481107631166 0.133913945314966 -0.032709649702746 0.592179075581852
-0.0837524341567636 0.115836424418486 0.0685485208758444 0.0308260118080248
0.00714506848297337 0.111540767785069 0.0157148181691687 -0.589463672568511
0.0890426774049727 0.0310069037519982 -0.687731911049077 -0.507077453424657
0.0643076270193734 -0.0451101331469483 -0.75750148903672 0.388893874185158
0.00393564783921477 -0.0184170305071851 0.00284169216403087 0.673686004192324
-0.0108483337936586 0.0401482785605102 0.371504459702271 0.230046262940952
-0.0304511087401727 0.042678107428043 0.243271316480408 -0.073139956657211
-0.0120835587801433 0.0294199525706473 -0.057249996153072 -0.163151237638191
-0.00335583940666056 0.0169402112304971 0.0553716133362287 0.104680976795932
-0.0363128955097448 0.0507234327208515 -0.165619435374877 0.00746552273528033
0.00217303819432481 0.0284338498015263 -0.368862402571736 -0.247567576435715
0.0203991339833782 -0.0569533117179674 0.0226009946305022 -0.5527279426927
0.0799769059998404 -0.0854184620653032 0.699749688004585 -0.276016031329213
0.0888850980222892 0.0476540815890682 0.685714268517042 0.516191067368158
-0.0198922431230925 0.128960726983166 0.0305245494522483 0.614596958235987
-0.0878966478013026 0.118348437243613 0.0488762509910081 0.0821664034226567
-0.00952945081566094 0.115600606570386 0.0735041135402571 -0.559317221847593
0.0790361127952206 0.0390944505059721 -0.601009203379392 -0.620626055741463
0.0709006436178543 -0.0462860368884167 -0.818984836021963 0.248813446793328
0.0154415894043716 -0.023237161331433 -0.0953440210377154 0.685390593924301
-0.00560679957412159 0.0469568372797425 0.355629607633589 0.30219882508459
-0.0323279273151164 0.0486436920980066 0.260208606212829 -0.0299610718693053
-0.0119754896481566 0.0252907242189775 -0.0512140825797649 -0.156656062289369
0.0113214280947556 0.00480996521099676 0.0378161001192764 0.10657128804045
0.00883629614528185 -0.0237925151154814 -0.205967301598656 -0.0158652531355175
-0.0363182217293779 -0.0302891190600599 -0.332070290873383 -0.315526708292162
-0.0698649949858851 -0.00401778362763209 0.152238987795018 -0.568780771229509
-0.0344938672980034 -0.00429996239400949 0.75579469244053 -0.13964177843923
-0.0333288992042359 -0.0106370734423739 0.556054007216067 0.62469048035365
0.00239739869319601 -0.0777252985793318 -0.0525445559262372 0.555642838359515
0.0287024671637706 -0.104012330789972 0.0829311923317844 -0.0115977312270098
0.00274280296873601 -0.0691390559632014 -0.0109818857491296 -0.61985400605153
-0.0461556600096729 0.00876434251968294 -0.725608613363689 -0.490883704737359
-0.0628007692598841 0.0404586980113486 -0.721816300054174 0.385253773905765
-0.0744297475246808 0.0279789616775269 0.0700923811304231 0.629458929134352
-0.026594659000224 -0.020201703296268 0.397561177747034 0.211397394169654
0.0269135484829984 -0.0354142272231853 0.212420715886458 -0.0589384928190689
0.00702266576701488 0.00207309453828586 -0.0753119220586909 -0.154754672745862
0.00638592921415387 0.00981396401345163 0.0357331183090479 0.100791882738258
-0.00245964912893434 -0.018309479460649 -0.210515908296793 -0.0455818698213413
-0.0377820264802663 -0.0305827539863547 -0.315271971795662 -0.361104823484949
-0.0572975102697125 -0.0109832400301422 0.213772725401712 -0.544510945816605
-0.00663577775567115 -0.00805574534512207 0.780191478410236 -0.0201314287066999
-0.0129338244600909 0.00105131188334758 0.481727060703989 0.70484155902132
0.00323890148159046 -0.049781864756217 -0.0891188605698622 0.535306282318766
0.0148160444903821 -0.0709993305708276 0.0974353953767514 -0.0452969136900682
0.00201077947709108 -0.0383538137692327 -0.0583180160617858 -0.632438144014685
-0.0236659805804285 0.0202423066216481 -0.773271489985736 -0.389257729104247
-0.0477296902954261 0.0336188194212714 -0.656519790978933 0.480938220475693
-0.0677344624597421 0.0191937525728721 0.132844219217565 0.609410101396127
-0.0225423628384844 -0.0208637195213298 0.395553608573228 0.155669823677435
0.0216893934982707 -0.027958091358101 0.202191331544238 -0.0943003625243297
0.00311681210536334 0.0117770138493606 -0.0768005945692441 -0.161158771099418
0.00127755545829902 0.0153508908023136 0.0338557051436022 0.095927220164628
-0.0146469211419594 -0.00851078448624161 -0.209880917046973 -0.0662878426175131
-0.0334707560844081 -0.0271951284888933 -0.301217566366841 -0.386990511141361
-0.0370078888463315 -0.0237311512993704 0.255838970067771 -0.51817252998011
0.0256968671323892 -0.0115165070879192 0.788358771998439 0.06436005072898
0.0064100792863773 0.0220196915008854 0.427073564177871 0.756114429486366
-0.00743164958699158 -0.0103485568705722 -0.113934296852563 0.520481990573235
-0.00416196939044288 -0.0317428754693401 0.10517880186598 -0.0669590820695375
0.00830502741485969 -0.00264099384633457 -0.0913899187411166 -0.632759666209905
0.00454832407619696 0.0240979241169133 -0.797142306626204 -0.318103581412011
-0.0278727004919324 0.0180839313250206 -0.611680562872839 0.541449679069805
-0.0593573190099045 0.0104054879789047 0.170229731931559 0.592482410035624
-0.0204819943986138 -0.0148318526957411 0.392329599643404 0.118108037632681
0.0129406547136712 -0.0140696430312884 0.195505204377021 -0.119500470909392
-0.0018132188995632 0.0196585517589185 -0.0733547824812294 -0.165441924611448
-0.00328803601660196 0.0201206229845974 0.034813842975545 0.0951061061041738
-0.0249444570008502 0.00361709416026132 -0.206228155553241 -0.0743066929144003
-0.026637605524925 -0.0209845721712884 -0.301170711324237 -0.393107236194218
-0.014213823784366 -0.0370165403479664 0.265449316431726 -0.504326691636019
0.0549149477983934 -0.0176832829479107 0.791276669913778 0.092149629657142
0.0247294827237904 0.0488579002382096 0.417310883039005 0.772006525422323
-0.0242708153598669 0.0369438186222186 -0.118832902430635 0.521183579352182
-0.0268737801362989 0.0160008804119586 0.105494098915481 -0.0687653992764929
0.0169261324228357 0.0306865162652114 -0.100531610635964 -0.628603663801088
0.0344631072440709 0.0233183309568225 -0.798307238446272 -0.292112841706127
-0.00368457282544074 0.000177009124378593 -0.600190201786249 0.565247918924237
-0.044796632533349 0.00278809736436419 0.176975981573602 0.592497017758023
-0.0173071725328075 -0.00136958010681042 0.387847042633288 0.101891306399703
0.00184287018082999 0.00278978505323186 0.199339844373528 -0.132085021490965
-0.00557884475604016 0.0271947530142808 -0.0708523443882964 -0.168118784573175
-0.00610658864972719 0.02289963457316 0.0389455865599327 0.0955841193336658
-0.032262199652394 0.0180204210944502 -0.201303929727895 -0.0679623791457795
-0.0175581017214887 -0.0120158222228905 -0.310481123545591 -0.381825478275704
0.0030427038101713 -0.050010282635072 0.240761349235968 -0.509051133342187
0.0788799862682516 -0.0283935920498345 0.79063355307453 0.0585694752326128
0.0424175219415999 0.0685004398810876 0.447166237390276 0.756491387124589
-0.0384895180085297 0.0804449868394294 -0.107585767936791 0.534264561290115
-0.0491289132877462 0.0607580755871437 0.0983577095697771 -0.0521140533984011
0.0222368617566563 0.0652960540721754 -0.084309106151378 -0.620044382158078
0.0631682565193986 0.0209478082637946 -0.785636540776457 -0.318092918131546
0.0198782008805479 -0.0200576073807612 -0.623529929947998 0.549338268061124
-0.0301393026858355 -0.00475700731619071 0.149804094185519 0.609864867962776
-0.017038120058932 0.0146729934276813 0.383976730168982 0.117212677872434
-0.0119963150783235 0.0172853472028268 0.209202171109773 -0.127575309563238
-0.00713964121754248 0.0318665990559166 -0.0669438687973477 -0.168949626645789
-0.00733761173714066 0.0231009863133049 0.0446648880341365 0.0961174975307477
-0.0369392904024223 0.033157475119786 -0.189784636980124 -0.0506511479973436
-0.00861544786794908 0.0007302112250478 -0.332223835139534 -0.350589918339525
0.0147663889031185 -0.0599096516013467 0.184424625571123 -0.527927057410571
0.0913615391012788 -0.0472275774834708 0.77663538624123 -0.0282348131320947
0.0633201649666378 0.0781078336301321 0.518458569278031 0.7063800389404
-0.041129929521735 0.1163978050324 -0.0790179889538644 0.559583888126374
-0.0693896334536118 0.0957005818003594 0.0852776464509638 -0.01687627973965
0.0202112378806637 0.0920100917313156 -0.045307520042921 -0.604204261564409
0.0827370297997628 0.0220075333957864 -0.748983676457997 -0.390364536798902
0.0465527187682109 -0.0360006936156198 -0.680163144296312 0.493856019199512
-0.0132560546720725 -0.010821242118196 0.093891804034734 0.640545314648731
-0.0135700499455912 0.0283185087233598 0.381438517540984 0.159803892433747
-0.0217252836266303 0.0334177770554295 0.225333139901957 -0.109743497070827
-0.0125498032203966 0.0320559152262991 -0.0616466874413369 -0.165366315499767
-0.00653045063232911 0.0219813120199585 0.0500668126270868 0.0982894625480886
-0.0374184638301049 0.044913339211122 -0.178591789096435 -0.0220857407051937
-0.00261983012073003 0.0149776351759652 -0.35408352918251 -0.301914610883114
0.0196608477659375 -0.0622634867844314 0.105821460464104 -0.544681470045448
0.0903424971307108 -0.0687423599996651 0.74779895984257 -0.149766787711321
0.0810053491193133 0.0684278446921366 0.606126033299554 0.619036955155362
-0.0329454992175962 0.1320869784926 -0.0288314827243721 0.588132579601077
-0.0814392933095004 0.11646447688619 0.0677736539171609 0.0302403675747388
0.00835827033055543 0.109858678521439 0.00923233022819952 -0.586430413422602
0.0879157609948351 0.0298511939702553 -0.687676961653931 -0.497677031769505
0.0636193718067245 -0.0462214602048537 -0.74773126488778 0.39433163876266
0.00443366102794839 -0.0178600701378457 0.0130553114722179 0.668214784559197
-0.0101863858381775 0.039868421352848 0.372845769377095 0.224191357407539
-0.0291280568584828 0.0436523734758195 0.241638174846152 -0.0764734678164729
-0.0110277149230832 0.0291571806717643 -0.0586209059542716 -0.160911443016165
-0.00245999824202736 0.0176626504046688 0.0553242503972959 0.103382565270356
-0.0346228281916636 0.0512050978807969 -0.165568117488155 0.00745721430165439
0.00358453202731789 0.0275792917462156 -0.369001312120156 -0.240475618731823
0.0201302935369023 -0.0563543647014803 0.0164682770510424 -0.549526181326108
0.0789427610455835 -0.0869855495734206 0.692576313672853 -0.282217084389132
0.0887045088968216 0.0464522926639585 0.685610329909625 0.506564999839881
-0.0203086097918339 0.127411661332213 0.0331711094098355 0.608905185597187
-0.0868614143219437 0.11885952538424 0.0488460037790433 0.0805412462197277
-0.00862438572690149 0.115282771339332 0.0666241128265013 -0.556068440193791
0.0779914503547598 0.0366052509208595 -0.606136445878473 -0.611113966114756
0.0699498494040931 -0.0463663868635833 -0.814254215895039 0.255781038869139
0.0162254304258284 -0.0231057274553116 -0.0870146500575896 0.681393570646716
-0.00441877955685376 0.0469750197073819 0.355513926006161 0.296411412906519
-0.0312928464478122 0.0482884368089829 0.25857282641332 -0.0307437620165141
-0.0109887917393257 0.0254702156081558 -0.0527696686278104 -0.156085621306519
0.0120278076525374 0.00395609469330697 0.037555947460227 0.105515190042686
0.0084164838915531 -0.0230590232415487 -0.20472856355899 -0.0137827629174356
-0.0362132837320498 -0.0308844380271428 -0.332591021139416 -0.310085876450951
-0.0695304596642518 -0.0029689878090704 0.144584885510694 -0.567321312287063
-0.033759879196504 -0.00407298057584719 0.750196420624648 -0.144541842930014
-0.0327879198798086 -0.0105473415823057 0.557061023242166 0.614677385154122
0.00138609339903816 -0.077787988431758 -0.0471762037946111 0.551459491652294
0.0269316802992163 -0.102922835686276 0.0824239970649673 -0.0118436192224569
0.00233749016150972 -0.0690174658045279 -0.0126198693781721 -0.615922296708697
-0.0448084048967592 0.00875525539041667 -0.727333795453462 -0.48332507373858
-0.0612072265691852 0.0409118336680422 -0.715965569225874 0.389359911712669
-0.0740940383905429 0.028016598853141 0.0757728483886857 0.626361226104093
-0.0270127377631572 -0.0197754217935466 0.397565754669829 0.207529254816481
0.0259937340206133 -0.0351214803359241 0.212107981019527 -0.060270599699202
0.00635159177591079 0.00328001787273977 -0.0754974662997323 -0.15414730104341
0.00691596162252604 0.00974468595176966 0.0343222493844883 0.100084691571548
-0.00327255047486511 -0.0186152571679755 -0.208983763104181 -0.0430335205627194
-0.0380604100581915 -0.0306415237152075 -0.314830481261994 -0.355179906549971
-0.0571797617132484 -0.0110155452053332 0.208517080278222 -0.541957880068702
-0.00607037440929117 -0.00692585992149934 0.776305905540086 -0.0270229755073589
-0.0126152564158326 0.000996075181330494 0.485195772562814 0.695624304338168
0.00243277071176699 -0.0498043620671969 -0.0855949441860709 0.533191382337058
0.0149521522546833 -0.0713748568936646 0.0954780345711226 -0.0464833882885013
0.00281115204141022 -0.0383748764140231 -0.0615675198106089 -0.627764666608011
-0.0240820537774628 0.02052805652006 -0.771603810634975 -0.38139890496651
-0.0463568410842786 0.0346193429014615 -0.649956893267052 0.483978342612939
-0.0680392275303625 0.0195771205957948 0.138337825911595 0.604826006393058
-0.0237843739638275 -0.0210353905021986 0.39508830403274 0.151628628438877
0.0215516215063737 -0.027648231444726 0.200326505560219 -0.0953200922959739
0.00218190345994381 0.0108748333336741 -0.0764032461275341 -0.159376713704746
0.0016154248554352 0.0145598244164118 0.0332932617609725 0.0955319532474383
-0.0151746459552418 -0.00970382776850465 -0.210076993636166 -0.0639637385491536
-0.0341661530864608 -0.0275102865296806 -0.303966319152182 -0.381219827990568
-0.0381393539511624 -0.0234711168123478 0.250981177813908 -0.517093049124812
0.0255105099312125 -0.0120687833393372 0.784693077172143 0.0585626685042986
0.0064780734798669 0.0220518393527409 0.430776298974053 0.74841855590304
-0.00819075055522886 -0.010607337816566 -0.109274843336006 0.517738016697175
-0.00450113290458069 -0.0304390630680559 0.10375545013725 -0.0675859238149622
0.00763794254658274 -0.00440571393806135 -0.0969511166670617 -0.628602614698745
0.00559200943543932 0.0240280891835818 -0.793747369928558 -0.310041862383555
-0.0269830501265651 0.0194598834207943 -0.605168824184863 0.542432917747141
-0.0588384475280723 0.0109208897861053 0.173692212109412 0.589724702502926
-0.0201393478558762 -0.0139244570043969 0.390809062718269 0.114526283523063
0.0132609076561499 -0.0142913083089864 0.193916726722638 -0.119893752836131
-0.00101017669432301 0.0201682171453519 -0.0749599134600678 -0.164177278069546
-0.00239015081169048 0.0189305635499034 0.0347992664487782 0.092870290759402
-0.0249010948079984 0.00353969715682519 -0.207801955724586 -0.0736406656667564
-0.0257456149128964 -0.0219782373455112 -0.302433124409509 -0.389449273636958
-0.0158961011500126 -0.0369531737390654 0.260679323068016 -0.504137930772924
0.0539362644232669 -0.0180111873036438 0.788045402612717 0.0863959556737376
0.0245537965214086 0.0466900362137606 0.418874059574427 0.76495372274216
-0.0240300341300404 0.0353822988908765 -0.116176084073333 0.517663311957992
-0.0276910515578675 0.0158032331896691 0.104503823801201 -0.0698310656057439
0.0157931191082859 0.0309134494721435 -0.105676850826044 -0.62264555793351
0.0354788063449646 0.0217037434912517 -0.799395386751963 -0.284028597882173
-0.00367839448254801 -0.000551025720207675 -0.591061281570669 0.566705304213056
-0.0455838418113644 0.00345333231978339 0.179573571414419 0.587890096719066
-0.017908545187823 -0.00137071622007977 0.386521767507791 0.100303154372736
0.000999064042550983 0.00197330062347237 0.197244832229519 -0.132111201955558
-0.00455169672290275 0.0266148886765263 -0.0718171825496002 -0.166861926143847
-0.00693905810045341 0.0218467731886124 0.0378696869308148 0.0931026386023083
-0.0328979167962331 0.0191326981800848 -0.202085647641258 -0.0672400539397792
-0.0171823239481837 -0.0114496336157537 -0.311522335608591 -0.375425231437602
0.00259731082055458 -0.0495955319824008 0.236080576464112 -0.507808764162679
0.0773337955718072 -0.0301905588698736 0.785621741141958 0.0538425622243492
0.0429201340301236 0.0687104509592061 0.450103774662291 0.750561818595629
-0.0373593670343994 0.0805746661129859 -0.103151755881011 0.532648865278852
-0.0495389550585114 0.0602369340638304 0.0974791530096464 -0.0518549217521548
0.0217888672018631 0.0633539768356958 -0.0884025016602725 -0.615176656079766
0.0629950039992756 0.0194418240427897 -0.782904612203004 -0.311199334640979
0.0212091811568081 -0.0211847644319213 -0.616646714521838 0.552139800088915
-0.0301663050132765 -0.00383500866296391 0.153122909009248 0.605703783916383
-0.0163188924763518 0.0144168953625405 0.384806280946122 0.115083626815269
-0.0111478799921531 0.0194463488932899 0.207336700246997 -0.128495405360991
-0.00826389297206676 0.0313921579927676 -0.0677425687214 -0.165591320619206
-0.00712184882164788 0.0229344493641114 0.0450479235820091 0.0943237458177965
-0.0365659241465254 0.0323400258459078 -0.190712312720524 -0.0482596727143018
-0.0086373665595274 0.000778406150535258 -0.33236072745284 -0.345955038469387
0.0146081278398102 -0.0587574551938735 0.179147316310678 -0.526115852343209
0.0893678554261422 -0.0477009898638318 0.774123001976023 -0.0343093579258523
0.0632610655891079 0.0765315548631944 0.518532372368479 0.697843410024999
-0.0406454353748181 0.115900500580929 -0.0733489710364764 0.557443294619636
-0.0681047094373197 0.09571924191969 0.0841467332999652 -0.0165805606547604
0.0196009643734085 0.0908715713044078 -0.0483189009778965 -0.603317764540643
0.0824086912431178 0.0211410664229245 -0.748904473385549 -0.382169763595115
0.0451321420110713 -0.0366777733773952 -0.670766457104789 0.496074278424536
-0.0118641543694968 -0.0109456441850796 0.098899706218687 0.635149811627417
-0.0134362649671282 0.0285369461304271 0.381695203920784 0.157319745856827
-0.0229553815532174 0.0334596409844136 0.222975699878049 -0.109977556017095
-0.00985782124254944 0.0319409601376313 -0.0630570558207694 -0.163570780100601
-0.00632208316521336 0.0211619063249496 0.0499312731777226 0.0968731156451648
-0.0377462671200375 0.0456486863307945 -0.177546014271085 -0.0210284506021526
-0.00229468656791968 0.0149179531021307 -0.353340453595122 -0.297420878174014
0.0192386833551649 -0.0612563101003964 0.0984276150816236 -0.540551562690434
0.0895195055738834 -0.069728972928855 0.743314395038571 -0.156276443218692
0.0810900927410094 0.0673393338783273 0.607884034288857 0.612339465174514
-0.0326804012519352 0.13224717021298 -0.0243488700260608 0.585702283294036
-0.081473390098189 0.116627673353509 0.0678636931501218 0.0301335669648425
0.00755238046207508 0.109953765211391 0.00575023233674223 -0.583390024933297
0.088123254753283 0.0287583865383185 -0.688774356414221 -0.488453028967016
0.0626420916693261 -0.0457428198843977 -0.742911402889918 0.397814213874045
0.00338097974450733 -0.017908376112452 0.0147235470225716 0.665460384699211
-0.00997714073392885 0.0395312477770021 0.372478639009371 0.220275340584677
-0.029724658959581 0.0433122494223807 0.241060560244174 -0.0767669190764978
-0.0113675919283064 0.0291193780524746 -0.0589396230255642 -0.159497462565123
-0.00275004012311136 0.0162090143668388 0.0557677960483777 0.10130100430117
-0.0358196719549115 0.0509204925758311 -0.164515316421398 0.00954148329052378
0.0022633945347112 0.0286523421091891 -0.369553665977181 -0.237377179472115
0.0193849709841724 -0.0567179868971637 0.013625290559737 -0.545646338479303
0.0769037045621743 -0.0863236074961329 0.68612457045363 -0.284462797198205
0.0893543237231284 0.0449911092747438 0.686140132844313 0.500096254384876
-0.0176984105811005 0.127407464267373 0.0374718413714054 0.606101111126165
-0.0858212958725761 0.118146362764854 0.0492924815681455 0.0803139450169141
-0.00874537077512092 0.114171783123064 0.0629976888186639 -0.552435768308772
0.0786517769870636 0.0372983573662827 -0.605466719251048 -0.603208440290622
0.0695299421998243 -0.0473738707885679 -0.808941276825767 0.260610017684193
0.0146256347479615 -0.0237286985716798 -0.0825153537154677 0.67822653177009
-0.00438176137986302 0.046473584155868 0.357041843547356 0.292545927723787
-0.0319018540032005 0.0492012090601783 0.258278195028708 -0.0344890729718732
-0.0107931501413728 0.0250362416095784 -0.0536309441682076 -0.15367272646087
0.0115902358520927 0.00368984833541499 0.038087384276628 0.104217418954341
0.0077168835691999 -0.0240513636743418 -0.204285780931087 -0.0124722816134507
-0.0366481396150848 -0.0299672144610625 -0.332693243446943 -0.30452296612374
-0.0695930914467104 -0.0023585516283581 0.13916909056643 -0.56406224510148
-0.0335097993249432 -0.00399910558565695 0.745763549212018 -0.148193887144178
-0.0323517347225274 -0.0101595586540361 0.558909269792541 0.609792490421399
0.00103959400559344 -0.077552435149241 -0.0440323859675718 0.548776261087456
0.0259887705351865 -0.101519821098534 0.0815221220110595 -0.0120120681467795
0.00192996410297533 -0.0691657660913828 -0.0180338448355268 -0.613677969247213
-0.0447539018731873 0.00877761218143919 -0.727195487572117 -0.476153903912332
-0.060656016595374 0.0414199241902338 -0.710905343978138 0.392467963763491
-0.0738939305655722 0.028907178297902 0.0805336415546596 0.621261425200792
-0.0278117753830432 -0.0196741586351733 0.396962080057728 0.203148795120148
0.0251735475021693 -0.0356350925490666 0.211420274183156 -0.0611422425790314
0.00642091537625337 0.00361872492022338 -0.0765425822247504 -0.152094620955856
0.00679990918392059 0.00988005124176431 0.0350888298282337 0.0985704522641619
-0.00387980480300656 -0.0191542208267927 -0.208319157852014 -0.041621060950507
-0.0379254345104624 -0.0303226794852608 -0.316452289266458 -0.349432256948581
-0.0572572953429227 -0.0104370592078493 0.202937255524461 -0.540397558765684
-0.00606921888694 -0.0077197666497766 0.769796395481366 -0.0317974361025406
-0.0132430976648751 0.000803938871006229 0.486126987446976 0.689794271315577
0.00150826552934934 -0.0497660447737833 -0.0829657709827613 0.529668617889611
0.0134080503568115 -0.0708315316056455 0.0952560969338615 -0.0461961956668488
0.0014886243757282 -0.0382178736825528 -0.0652371296220433 -0.623656129912102
-0.0228619376914713 0.0203994867029906 -0.769539743024108 -0.375217971437361
-0.0456575019577282 0.0351422455277099 -0.64275044893149 0.484568632023015
-0.068145294044331 0.0200600257617169 0.140630748427885 0.602220228947392
-0.0240018796089474 -0.0203175939454409 0.395248359634863 0.148708957547686
0.0207212579932787 -0.0278817366080228 0.198558116245019 -0.0955274538196838
0.00147694551861346 0.0115544372825349 -0.0763793621716648 -0.157866275768322
0.0014948355591032 0.0152988591745887 0.0335928635933062 0.0950960217214788
-0.0154425894428898 -0.0102666787633787 -0.208828953822648 -0.0618650595379767
-0.0334910294852729 -0.0273399163990327 -0.303561145344439 -0.375878511724804
-0.0375303186328949 -0.0220742265096212 0.246663441614648 -0.514609397787341
0.0249250460966062 -0.0121974172059799 0.781292898835861 0.0520360814403668
0.00630760319327692 0.0211562926293727 0.433030445825272 0.741041045809188
-0.00785104586386674 -0.0107381061751999 -0.105123668545879 0.514666159658135
-0.00513171571014554 -0.0296817196355237 0.10272985082695 -0.0669726208234867
0.00807162517292032 -0.00440699477209955 -0.10072492098757 -0.624658615703473
0.00531581047637305 0.0233857011388344 -0.793254886940283 -0.303485530193144
-0.0267095243396507 0.0197429622583579 -0.597009641283502 0.543658528791856
-0.0582141616727911 0.010991527755756 0.178452532499601 0.584532327174768
-0.0206442344529895 -0.0133359301288131 0.391343479636134 0.11023866645593
0.0125040022257237 -0.013865788490995 0.192188283168229 -0.121012937912891
-0.000613414453439867 0.0193565924011352 -0.0756744359618053 -0.162638112196457
-0.00271092155597524 0.018762058717875 0.034411190798033 0.0921400505280218
-0.025104432503776 0.00297313220982962 -0.207562443690907 -0.0701187236290495
-0.0258825924476005 -0.0214392304673687 -0.304251282700364 -0.384263559492607
-0.0159436948122832 -0.0355495545531879 0.254921333676961 -0.502014841219057
0.0537818738989827 -0.0181798182427044 0.784194042307917 0.0800895388323832
0.024067504000174 0.0467691092089134 0.422561027711796 0.757959133274657
-0.023848296597279 0.0358394924119508 -0.111078137017675 0.516432431684441
-0.0276016578262026 0.016665525427304 0.103446470784192 -0.0697072600102985
0.0158576590623226 0.0303834075573406 -0.110270905723448 -0.618245055504155
0.0359313770850852 0.0209454353039694 -0.796526355127918 -0.278078188820167
-0.00327114698052025 -5.13407231280509E-05 -0.58495333685662 0.568237210933549
-0.0453002478434974 0.00374163997916782 0.183494415261016 0.584023162326635
-0.0175091483450181 -0.00172204779400773 0.38558763120576 0.0970008318880705
0.000860105851716746 0.00299627311601818 0.195691378052949 -0.133249880350078
-0.00454269347680724 0.0266740503759303 -0.0719609901918937 -0.16525153849596
-0.00621290851161416 0.0220561798926536 0.0376417519058235 0.092107820719775
-0.0322993251516064 0.0177713223201604 -0.201030114245107 -0.0649199058057966
-0.0167163092123123 -0.0118392224915629 -0.313302833097777 -0.371875129662124
0.00267090886776606 -0.0495994948511323 0.230171965503883 -0.504499847757193
0.0767174365769378 -0.0307887218465841 0.781063275169836 0.0482778805891185
0.0434260021393904 0.0679664336087204 0.453864653171223 0.741056122667384
-0.0368392709423162 0.0813187683790441 -0.0993985521042487 0.529775051529031
-0.0494960829630555 0.0608262408145825 0.098152268465418 -0.0519205146109003
0.0212454651788526 0.0630916342296473 -0.0922242352985512 -0.611825484339362
0.0631770554724786 0.0183570582058621 -0.781281108043314 -0.303910141980227
0.0211021423067111 -0.0202605820003408 -0.610427117635855 0.554830825790213
-0.0291952934081168 -0.00315697798414395 0.158383312851179 0.601376164569252
-0.0163124920545607 0.0144309279963658 0.383256363084857 0.110455855461953
-0.0118537474560397 0.0191227230929349 0.205320774060307 -0.128976555584255
-0.0072694247323891 0.0312994563562608 -0.0685784952133708 -0.164727099073122
-0.00762031265434216 0.0227229076600167 0.0426187218319828 0.0931429089311694
-0.0366692934204633 0.0332821325522407 -0.189951947972548 -0.0470778027286654
-0.00843097642411446 0.000375546853534412 -0.332490732965413 -0.340881158759493
0.0136215617529889 -0.0587043835624768 0.174996188810303 -0.522837670181556
0.088578272140504 -0.0495568144686946 0.769891965907602 -0.0377818042011575
0.0632002672318514 0.0750041088417197 0.522221358300672 0.692289409416452
-0.0394661000242676 0.114657816881717 -0.069956792927101 0.554181318511094
-0.0679554596564088 0.0955085485139786 0.0843475192984958 -0.0164790746865795
0.0198653120817421 0.0908161209555047 -0.0523256831311137 -0.599575529812065
0.0823373055516845 0.0202617755560006 -0.748961221081116 -0.376137153518126
0.0445953531892413 -0.0370828218810262 -0.663825436774722 0.497437718794069
-0.0128620720932593 -0.0109075204954747 0.102924781700941 0.631636042735064
-0.0138394272182697 0.0281297425896975 0.381171247743579 0.153963997036699
-0.0223982083622955 0.033221017176278 0.22236862377925 -0.11149904107351
-0.00999999614646611 0.0320896241821473 -0.0645809657146421 -0.161719402574346
-0.00617441884257464 0.0215869176360871 0.0491043931060626 0.0953839458673222
-0.0367595417495022 0.0451719546105508 -0.177969259202916 -0.0202241204439927
-0.00148701790842018 0.0149621191274572 -0.353519194094403 -0.291424623411087
0.0183234503172863 -0.061160797055721 0.0951669556193343 -0.538821103972282
0.0886704807627783 -0.0695687805662003 0.73852783618923 -0.157724970328051
0.0806209699105336 0.0658202932415912 0.606868025838896 0.603535565457181
-0.0317368393267332 0.132056295731665 -0.0191426606395861 0.582369614275286
-0.0805003058203686 0.116059290128038 0.0674218054751489 0.0299052842705997
0.00873958822162245 0.109212566361904 0.00116111804696384 -0.578159426662472
0.0882084595767636 0.0277520272411969 -0.688086083173858 -0.481243224175102
0.0622156965896396 -0.0462436698533233 -0.736460944095544 0.399390134454385
0.00387140797856557 -0.017505864504572 0.0217962408338252 0.661593539798961
-0.00949761085218842 0.0395139432329813 0.372447192265741 0.217019482100259
-0.0296151444516307 0.0437297809241323 0.240000499657372 -0.078429095772996
-0.0106469017472271 0.0297926598717842 -0.0597431968111406 -0.15761503464241
-0.00309448570000732 0.0164559349896696 0.0553770601518806 0.0996023271185613
-0.0353163314667213 0.051160697252908 -0.164233704389307 0.0108648787336088
0.00251255315622167 0.0277011369128949 -0.368362117534917 -0.232635857164257
0.0183687339191007 -0.0569289537610801 0.00957673081416942 -0.541068899672779
0.0765975739248866 -0.0862284937215075 0.681499411910542 -0.286128145375526
0.0881388617430309 0.0443778613583299 0.687080526771444 0.491809312582712
-0.0170780382982381 0.127362496099499 0.041759136313725 0.602137725515418
-0.0856262932280963 0.118699377321536 0.0508250332647075 0.0800318499435973
-0.0086837382421128 0.113402077629778 0.0591817641620471 -0.549308216850786
0.0785704119367637 0.0353389974616181 -0.606711186561981 -0.596327679160197
0.0684770710141863 -0.0479333328500634 -0.801875932323702 0.265308891138185
0.0135819179042246 -0.0223800081885804 -0.0753702367003698 0.675951280090216
-0.00429288545818379 0.0467513578811809 0.357466441502785 0.289008427518027
-0.031390661429675 0.048660041137515 0.257772795368146 -0.0359725863358216
-0.0108748662173448 0.025149420543623 -0.0541770059025061 -0.152043628064187
0.0115008191243755 0.00426714663416619 0.0380531295824368 0.103200153534459
0.0073555900929253 -0.0241196312256544 -0.204278643081167 -0.0113657253923761
-0.0360028767156307 -0.0304131481289016 -0.332657983629491 -0.300413876197625
-0.0694557642348293 -0.0011158102538734 0.135315748189903 -0.559883002809443
-0.033870027141665 -0.00307592525820682 0.741845873408506 -0.152255093671984
-0.0327277702431601 -0.00959571716661478 0.559019536030455 0.601386086465465
0.00016006451929701 -0.0771333189122119 -0.0403289640579599 0.547053932561529
0.0246827460741548 -0.101365477428343 0.0819299487237004 -0.0118421835333836
0.00148869828754343 -0.0686482115949961 -0.0200093214414613 -0.610349372336216
-0.0438055084528949 0.00859997078419018 -0.725221445381784 -0.4689695817613
-0.0599320816373978 0.0419303479953592 -0.703408205042556 0.395890862477432
-0.0735737690946364 0.0299641354652789 0.0854392455752515 0.617637899798833
-0.0272355233902626 -0.0197436402249946 0.396629736144753 0.200118141464209
0.0247367476741326 -0.0352234187921948 0.210074955970195 -0.0622345025250781
0.00661777074760359 0.00358969106868765 -0.0765906005327492 -0.150729142183087
0.00702123798098914 0.00979546974797019 0.0337018336316904 0.0981939675114124
-0.00376832878065902 -0.019369394182539 -0.208060279456974 -0.04031568358476
-0.0381482404652938 -0.0298960398717439 -0.316523527810732 -0.344855265330775
-0.0571203621061116 -0.00959580594013834 0.197687936010875 -0.537789545735405
-0.00651950571302005 -0.00727829962241791 0.76613055767986 -0.0354639851371242
-0.0134035085033934 0.00167763932094346 0.488028218642306 0.682617510503922
0.00140822585866496 -0.0496292816952849 -0.0779746339248325 0.528335047050412
0.011802447845384 -0.07069413006727 0.0944984777522595 -0.0465548756195896
0.00128078425118386 -0.0386421329680369 -0.069600636515012 -0.619287314162621
-0.0224877697415345 0.0200308208450719 -0.769798791022814 -0.368363465264729
-0.0444788918787496 0.0355723083909469 -0.636896272143573 0.487429884238849
-0.0674279277597051 0.0207209071852308 0.146473296943517 0.59711988550538
-0.0235246135913633 -0.0210146042243201 0.394355159269663 0.145433978194447
0.0200673770467861 -0.0271910710249519 0.197897540061627 -0.0963248881572204
0.00215463257573965 0.0119814905827927 -0.0768381896129435 -0.155728934436839
0.00179953007757876 0.0151440549238017 0.032685586617862 0.0933225854104159
-0.0149947994609675 -0.0104672278048548 -0.208821622057206 -0.0605819760392567
-0.0335178775894849 -0.0269568934263958 -0.304466142053014 -0.372086983260535
-0.0368499378164638 -0.0215030340013905 0.242419205598283 -0.513778838564483
0.0247542810487925 -0.012283084243244 0.777718661798736 0.0463969130897365
0.00576287087235503 0.0213500321357678 0.4356857609305 0.733037234076015
-0.0081416981578008 -0.0113146941087034 -0.10215691752325 0.513442161102348
-0.00607797458552479 -0.0294577467323992 0.102869674263135 -0.067707271430143
0.00786596248383264 -0.00434270164597443 -0.1034281906911 -0.618458501563044
0.00495368899376857 0.0238188683366722 -0.789881505920921 -0.296083827522263
-0.0261349275742849 0.0206045836585751 -0.591753200540196 0.546154803115018
-0.0583735097648751 0.0121903819621344 0.181764200333746 0.580920107121684
-0.0208958831399596 -0.0142707032011987 0.38988219460779 0.107222837360021
0.0119012357748992 -0.0139175510003705 0.190810489504471 -0.120764714411107
-0.00177210929524639 0.0206084506028915 -0.0760152557527204 -0.160868141614266
-0.00187271103403073 0.0189035292391928 0.0345916479108896 0.0916775094223173
-0.025245843332686 0.00308728216848199 -0.206316252131194 -0.0685659678694854
-0.026373414447836 -0.0212058620630055 -0.30451940501053 -0.378327754257449
-0.0163345036137083 -0.0360214765944371 0.251790892293697 -0.501019018809034
0.0535536947898495 -0.0192426888422342 0.780083857784878 0.0757296523808673
0.0243768027772113 0.0464023080023491 0.424292856329092 0.749420936878044
-0.023586215004369 0.0360326778274815 -0.108726978016679 0.513937513492507
-0.0274234234503973 0.0166452775285568 0.102916604860276 -0.0691468225051354
0.0160524859558042 0.0298097629882023 -0.11132030709168 -0.614261842058396
0.0360827215323786 0.0209274312006937 -0.792815185661031 -0.270442697428444
-0.00337142564901828 0.0001174682702223 -0.579249949996873 0.570597448584063
-0.0448369606457861 0.00469119968475342 0.187424123498547 0.579274236366643
-0.01782792609047 -0.0010302564895558 0.385127672635162 0.0929987413162355
0.00124781614761881 0.00287167823101227 0.19484310872025 -0.132737662725516
-0.00420688447906491 0.0271199031592218 -0.0731866647641354 -0.16335334128318
-0.00548697478815862 0.0224078851991201 0.0381118966840077 0.0910104550584524
-0.0322315028552458 0.0182881359216597 -0.200502470273137 -0.0632466119669503
-0.0173383377523674 -0.0126867235524935 -0.31410034278512 -0.366047142574573
0.00150446263297152 -0.0487339404565162 0.227105126872318 -0.503535374551752
0.0755857876815125 -0.0318256603337049 0.779502772081755 0.0452946336690019
0.0435907683006041 0.0673907906199279 0.45670564143312 0.735702456333515
-0.0364589247303053 0.0799784305947485 -0.0969326632321857 0.527579804579489
-0.0495633414205796 0.0611772051042637 0.0969558960195414 -0.051306584313095
0.0221044869200665 0.0626083482709204 -0.0955992565789321 -0.606170489728265
0.0629070297911908 0.0178937093863268 -0.780627571777256 -0.296638071400628
0.0214822541095837 -0.0206515565301669 -0.603592632052784 0.556985801748376
-0.0297369771079318 -0.00270048278379639 0.163019312987505 0.597023293382347
-0.0157360573764394 0.013727130190783 0.382729669500063 0.107802148997639
-0.0115786293376864 0.0193118752377376 0.204395852442386 -0.129534879588102
-0.00765324194196069 0.0305873164101203 -0.069355587520207 -0.163080929965116
-0.00715828606564769 0.022474700019488 0.0433607568906803 0.0923915795095681
-0.0362376452147204 0.033614270211919 -0.189852806180427 -0.0459913156880411
-0.00843955077170209 8.66444908683424E-05 -0.33440638324284 -0.336186971422659
0.0129454228585652 -0.0586824650625842 0.169852587957504 -0.521405721436171
0.0880256026808764 -0.0502074455619911 0.766529321344944 -0.043112871378944
0.0634172474647661 0.0745865643239026 0.524908828603048 0.684388189009795
-0.0390520907205046 0.114516615856578 -0.066764193033419 0.551300182024812
-0.0665535250213849 0.0956951661288264 0.0838076414879033 -0.0175739056088779
0.0201058393651573 0.0898624557267974 -0.0556775471141183 -0.59566959356962
0.081469239057657 0.0187623790016256 -0.746820294056585 -0.369397360317602
0.0441770155377325 -0.037521545979945 -0.658345975373041 0.502428782002091
-0.0123026821594076 -0.00991168330552634 0.107555382469156 0.628069925278715
-0.0131840593681275 0.027654353739794 0.37960409283929 0.150130515295202
-0.0226345423329527 0.0334365917701503 0.220293867111404 -0.111615243437816
-0.00963958577831793 0.0313065572956568 -0.06518409714488 -0.160440050917907
-0.00537843552371346 0.0210152251563212 0.0496210166454293 0.0952141953396133
-0.0368873546581872 0.0451438315021783 -0.17689859901172 -0.0188590775305596
-0.0011071956440357 0.0148603015270964 -0.354895337883448 -0.284860796102821
0.0182064577792269 -0.060500423752029 0.0906062667221161 -0.53402519334748
0.0869098866210157 -0.0709527708203661 0.731928393484466 -0.161885522023881
0.0808039619235272 0.0650779626009645 0.607842594432526 0.59656793044345
-0.0316501262395283 0.130429025061785 -0.0173715346185901 0.578843989415933
-0.0797571571960173 0.116487825468276 0.0673202968793923 0.0285403068710327
0.00889919806148031 0.107635070411097 -0.00239847023059993 -0.574924314131567
0.0877599208287996 0.0262540991391497 -0.687766518513583 -0.475431343958746
0.0617929246800397 -0.0462247607551423 -0.729226890131339 0.403965876641203
0.00387995681422173 -0.017044571272744 0.0269964816103578 0.657471370458654
-0.00971653442403614 0.0394844428383048 0.372818207513898 0.213076841443657
-0.0291895443588184 0.0441554487454391 0.23992657703418 -0.0803592943367454
-0.0100540397118565 0.02916190398941 -0.0607743517500096 -0.156331389081382
-0.00361098519073449 0.0166914504548469 0.0548509159307857 0.0990302028174061
-0.0344316613885836 0.0510809166774106 -0.163790998999883 0.0113838567667015
0.00311321102508142 0.0283088518630134 -0.368376203991763 -0.227843224471797
0.0178675603796975 -0.0560350603766305 0.00600284922645945 -0.537871064055555
0.0747615083796062 -0.0867914352135657 0.676707182725569 -0.291590956735285
0.0879451515570012 0.0438748157111578 0.686106578586101 0.484015074650419
-0.0166675084803012 0.126646796601545 0.0444470729314224 0.59804271227491
-0.0846679123783128 0.118847076194266 0.0507411372250286 0.0787822989901062
-0.00789901005775911 0.112232367175157 0.0551707834644717 -0.545555421025224
0.0780692587140327 0.0346297661552497 -0.607976741411648 -0.58975143484835
0.0683534758102267 -0.0480462907161034 -0.796664836184403 0.269843609099478
0.0139254932081814 -0.0228952458117684 -0.0717451535185245 0.672384670831341
-0.00460867799049547 0.0467055197129195 0.359249904506346 0.285426003602567
-0.0318557234047838 0.0497831604251972 0.256782809899693 -0.0372315494169565
-0.0104779810702702 0.0252315450242567 -0.0549437476831923 -0.151416021862035
0.011486480681437 0.00401863161891629 0.0377861047825781 0.102611852984556
0.00708857039492364 -0.0242527737572084 -0.203132266891929 -0.0102420806970255
-0.0363096408920843 -0.0295696068467498 -0.332885696362774 -0.297271603348684
-0.0696049976163905 -0.000687815580741451 0.131252117776154 -0.558296455140979
-0.0338473666581937 -0.00299291287347227 0.734165784900252 -0.154752009523632
-0.032796550209351 -0.00980460019513486 0.559134194626962 0.595958294954467
-0.000288012976159014 -0.0769222516104521 -0.0374998198004839 0.544991176209232
0.023420524386376 -0.100924640423214 0.0814622598505909 -0.0116186472763823
0.000739471703674392 -0.0688748693824163 -0.0232108187088572 -0.607972297183665
-0.0429752370840992 0.0086704085959895 -0.725549042696736 -0.463263256475498
-0.0582100309136583 0.0428187825842206 -0.698061989040543 0.398037112736395
-0.0730323540423017 0.0308116473319958 0.0881130816361293 0.612923913443909
-0.0272687720384355 -0.0197124732527355 0.396910847743009 0.196052041350653
0.0232224853681657 -0.035516716158453 0.209436996120999 -0.063138555066931
0.00515895646552868 0.00381824342223274 -0.077167147848999 -0.148624505864299
0.00670093328682948 0.00966752328891056 0.0343942700595403 0.0963121946380634
-0.00398413231695266 -0.0195087146454973 -0.207953987450485 -0.0391703089511052
-0.0376156764418117 -0.0299359871261409 -0.315949531150398 -0.34181914808942
-0.057131179660138 -0.00857136006460836 0.194227102866477 -0.535080631155154
-0.00610528215185629 -0.00736089479343374 0.762354593105689 -0.0392144731900927
-0.0131785094538035 0.00113231060128221 0.489290241235255 0.675023302063372
0.000874291979439171 -0.049286919231358 -0.0759274263683158 0.524663744856931
0.0112351089237394 -0.0701632510427295 0.0932897334662307 -0.0463915489591833
0.00108189086429916 -0.0382294094874718 -0.0719165688874669 -0.616240028206796
-0.0225434815389248 0.0199425987980372 -0.766494601326867 -0.361718765974318
-0.0440772624883836 0.0357458955568851 -0.632048267088187 0.489252761885601
-0.0669346018903743 0.0208003376022282 0.149180396874564 0.593134566650375
-0.0240075853612254 -0.0200476520052354 0.394118442838418 0.141874703889054
0.0197330625181831 -0.0268851085593048 0.197107351530375 -0.096881650325765
0.00217920649790468 0.012003261072298 -0.0778061256193574 -0.154741866810339
0.00213504549342072 0.0152244358559739 0.0327146951821854 0.0920070537033842
-0.0150637972467455 -0.00990681945445973 -0.208588996865636 -0.0592908100101928
-0.0337555037821542 -0.0273939598030932 -0.305415303309743 -0.369465187911991
-0.0373553468535403 -0.022086855357357 0.237564695925741 -0.510774794878778
0.0253362595784354 -0.0129917178601447 0.772609052929469 0.0412401123291035
0.00629040122708122 0.0211293457935104 0.437750397087405 0.727489906071606
-0.00807268114148231 -0.0105880785723789 -0.0988033135069338 0.511590736921167
-0.00706756214467298 -0.029630181557783 0.102002684771379 -0.0672835959235528
0.00693925296275935 -0.00540124480836431 -0.106779675686432 -0.616161116060323
0.00561993553163082 0.0220654588261616 -0.790104402574599 -0.290289739997458
-0.0247486356568268 0.021230711621408 -0.585605806900104 0.547198072804891
-0.057561131200078 0.0131502788477548 0.184760817875815 0.578275853760889
-0.0202848103139753 -0.0136365134888531 0.389220248678348 0.103692027286924
0.011802966302929 -0.0132613694977796 0.19015768529583 -0.121734651871211
-0.000613781089254966 0.020087948206849 -0.0771005468196188 -0.158677414414325
-0.00270760629917617 0.0194654848227691 0.0334870658709056 0.0907788061100117
-0.025700808138042 0.0034565341216608 -0.207094766455222 -0.0671308552707076
-0.0259951560680804 -0.021024637906084 -0.303850556077091 -0.374271292803679
-0.0163354140452636 -0.0354844598701367 0.247651643205373 -0.498646796926989
0.0533113686162878 -0.0198649146876392 0.777862552249281 0.0704998262883197
0.0245945393954702 0.0456330441196084 0.425787059642759 0.745218937977809
-0.0234778319464156 0.0348758435202339 -0.10672187283747 0.511936350403156
-0.0278499681355941 0.0161041105500486 0.102683614692546 -0.0692525121420158
0.015370496750896 0.0294875033707343 -0.114551774269473 -0.610776484534076
0.0351003375800483 0.0196356643129946 -0.792055484532552 -0.264966111768908
-0.00326696180670478 0.000751859220339943 -0.57200932257977 0.571411391776993
-0.0453190052124651 0.00446508973657161 0.189920649197956 0.576352134723829
-0.0186167230303182 -0.0015486724311259 0.384641994842068 0.0903908397774189
6.3169877373875E-05 0.00274051728952845 0.192855226388715 -0.1339614295341
-0.00441246708548027 0.0269690434562454 -0.0737600441396423 -0.160999110562358
-0.00591773647375447 0.0224964501092788 0.0369162726483188 0.0900127650165201
-0.0322347787701715 0.0188687289622156 -0.199744973372292 -0.0619040247315484
-0.0174560961508474 -0.0121546520614299 -0.31521875620582 -0.360617930530089
0.00172807090099234 -0.0481002058316076 0.222267573219581 -0.500891031570528
0.0757326192698139 -0.0316864863391622 0.77533230501661 0.0408334692705078
0.0433580831827134 0.066823665777099 0.457274266605365 0.727548655061664
-0.0359282207759398 0.0799220678949149 -0.0933355258284917 0.52398873366672
-0.0496714526824638 0.0614487842879066 0.096377254162072 -0.0527477303362705
0.0219880885863336 0.0619539002694482 -0.0977243865918614 -0.604897931494034
0.0626064996878365 0.0164421614865721 -0.777652202254531 -0.291959533082057
0.0200416612317209 -0.0207051303524791 -0.59633565571406 0.55703587048098
-0.0295772452655404 -0.0030971532219577 0.1642383536935 0.593803157543202
-0.0162837447530606 0.0139873172217915 0.382421325784134 0.103882247362204
-0.0108075760704709 0.0198302260329767 0.203196626909396 -0.130590556296773
-0.00743803017904817 0.0309340553607597 -0.069731469055073 -0.160759619272658
-0.0073845139316038 0.0235176385266631 0.0429524293127502 0.0909941654175536
-0.035620946619567 0.033723041033487 -0.189455724982099 -0.044968646574574
-0.00871868178691 0.00117539804039854 -0.33329165816143 -0.330491470995024
0.0122344982985737 -0.0579900987866169 0.164927384793608 -0.518336326300716
0.0872427606281806 -0.050025955556941 0.761758221187401 -0.0470233667630274
0.0628534925697883 0.0740138515058398 0.524272827107521 0.676573188522451
-0.0386286137065694 0.114536672828456 -0.0621089455719171 0.548917546616786
-0.0664484127748676 0.0965102487662601 0.0842167157074853 -0.0168884036348051
0.0198056538733612 0.0894332073037019 -0.0572360351748275 -0.592074902090979
0.0813199633382259 0.0185382462635146 -0.7439700770142 -0.363689960457691
0.0439353433529979 -0.0378168711695032 -0.652652438070691 0.502282762551241
-0.0125944393020769 -0.0106037446402372 0.110720181633877 0.624025912564098
-0.0135988104955985 0.0281995472344868 0.379547147893026 0.147477536809638
-0.0219064224230824 0.0347038432048855 0.220157104010213 -0.113032453319569
-0.00897024745883278 0.0318451308374497 -0.0655240571813424 -0.158704328259914
-0.00584255455696457 0.0208073980527802 0.0495454900227978 0.0945275728258911
-0.0367748305060088 0.0455480514163749 -0.176652282845564 -0.0186059045944496
-0.00200038632354751 0.0142785654314203 -0.354524722737997 -0.282593370768995
0.0169198712861275 -0.0609294723161738 0.0875830536127827 -0.532011795870537
0.0864826024155343 -0.0718272548340616 0.727976735075772 -0.164683187525222
0.0801872763262419 0.0640321986721286 0.607675619524136 0.588454578956007
-0.0309312897010318 0.129755025608326 -0.0142835116753861 0.576459433680628
-0.0785482298002925 0.117015960585314 0.0682050170217937 0.028451904606511
0.0092218258195106 0.10771089238416 -0.00415039774266577 -0.57258174744749
0.0876570311516995 0.0251156298665227 -0.688593778184838 -0.468324293021122
0.0618065594378324 -0.0468119812371309 -0.725948059248411 0.406670820657319
0.00312078239623731 -0.0167078649671966 0.0300728125398524 0.655289776660569
-0.0091606731372111 0.039718572982208 0.372854839822826 0.210072545808925
-0.0295112315500245 0.0444963789397462 0.238014315182044 -0.0807432036981437
-0.00901100900137707 0.0294166103231289 -0.0609519864254987 -0.154503285973013
-0.00326940858733958 0.0161528790318822 0.0553319808334508 0.0979018201263488
-0.034448080623621 0.0513668765560285 -0.163005191125595 0.0122517680960104
0.0034588497536681 0.0277077117046487 -0.367274566806394 -0.223038020159325
0.0170691196914812 -0.0550482233014789 0.00341952140344718 -0.535537258036018
0.0740451592912491 -0.0875847584633201 0.671048821708824 -0.291600501750545
0.087254297510711 0.0433944072649581 0.684781966910675 0.477891216679782
-0.0162921171564675 0.125287861038732 0.0453385950955233 0.595544736058681
-0.0837039625950356 0.118910699395939 0.0502057373107361 0.0777163623429491
-0.00850415970487259 0.112338782175963 0.0527188427473031 -0.543764754708465
0.0782195024009823 0.0340334928440458 -0.607119628639683 -0.584068112103046
0.0675207282448293 -0.0481598813073669 -0.790227235362373 0.272412332422872
0.0138430335826012 -0.0229355730807618 -0.069296291754551 0.671443841722076
-0.00395178220807682 0.0465325644848564 0.360555046351084 0.281659642354078
-0.0309506919971241 0.0499125470478608 0.256152377449133 -0.0390466007156901
-0.0100442919267868 0.0251083564663893 -0.0553141315486953 -0.149380493936151
0.0115708031511912 0.00393090482166505 0.0376978598737421 0.100433958388233
0.00617944274921742 -0.0242957311041571 -0.203068791788053 -0.00998525927463652
-0.036758873578341 -0.0299163911378591 -0.333293693168543 -0.293042496825352
-0.0689390656485131 0.000235545580502093 0.128367358330963 -0.555314584861674
-0.033172180177585 -0.0029471148570909 0.731063283816086 -0.158347300774809
-0.0329409273155781 -0.00920969886518883 0.560225293622453 0.588432331042822
-0.00106598659759623 -0.0768855404771576 -0.0362549339772855 0.541898757860197
0.0229049967842101 -0.100555538353202 0.0811604362776337 -0.0123669415416597
-0.000303492193077445 -0.0688055443276303 -0.0272223611161582 -0.604492779126151
-0.0429357511187164 0.00837842732457578 -0.726200592582583 -0.458253499095049
-0.0577948034073489 0.0431579289107451 -0.694193063430311 0.400488906210947
-0.0726308266223618 0.0303669421512791 0.0913532699761266 0.611541222168202
-0.0275167370200881 -0.0195205549546836 0.397694447154814 0.19299019907775
0.0229079817992971 -0.0353511527682732 0.20882153983256 -0.0635251287614015
0.00578899053998803 0.00443038309175641 -0.0780712807451726 -0.148258228699999
0.00765064339669707 0.0100705210503664 0.0345061765863538 0.096191342494697
-0.00460119573187247 -0.0196081650877299 -0.207181539733938 -0.0379529887474781
-0.0385635422818463 -0.02980789046325 -0.318692026391512 -0.33784262899546
-0.0566641359487425 -0.00817776296701852 0.191216207324569 -0.533951595584954
-0.0060362088742162 -0.00778719154713692 0.757515232163631 -0.0428649037523205
-0.0127508466096013 0.00155253526292353 0.48927896383495 0.670316449981718
8.42423471898515E-05 -0.049878083492914 -0.073347011824402 0.523129864819147
0.0103557496733221 -0.0695213375870303 0.0931029772460362 -0.0462438990793401
0.00101090463231162 -0.0380865012024297 -0.0755753826843855 -0.613344788976821
-0.0216318006082945 0.0199000251682739 -0.765579497757789 -0.359087301065316
-0.0438024747038175 0.0361998182745275 -0.627587331891517 0.492218009961638
-0.0672032670910262 0.0218616145478549 0.152247533451615 0.589744209313009
-0.0242993581088862 -0.021228058010841 0.393857465930027 0.139961972140933
0.0195741764420198 -0.0279119023393711 0.195787643301797 -0.0977236882468824
0.00247905991462656 0.0123036900999534 -0.0784478185741095 -0.153667682801752
0.00175143827384233 0.0150186190229369 0.0326719037480506 0.0920043735436844
-0.0155571989605436 -0.0100918687866751 -0.209262703518392 -0.0580074356425126
-0.0336609034129487 -0.0271656382237684 -0.305959686287773 -0.364027035726462
-0.0376859272688295 -0.0209271815652492 0.232902204182083 -0.509020469971979
0.0241041439219145 -0.0126229234007697 0.770395144921974 0.0391592152332746
0.00631849880612509 0.0213248117618321 0.438704215774897 0.721338014647332
-0.00845921147121713 -0.0107531132065326 -0.0959119808854431 0.509513921888202
-0.00661107477086368 -0.0291859945241859 0.100814037994471 -0.0672102184801381
0.00687004978745343 -0.00505911575206661 -0.108011639959771 -0.611072143828166
0.0052046579270598 0.0220388447643913 -0.788078291690394 -0.286904367949386
-0.0250485219094488 0.0210055402501079 -0.58146220207327 0.548554532557019
-0.058234561089906 0.0133408693425202 0.187846072482855 0.575020726289141
-0.0208979193576764 -0.0137420076452554 0.389158214702043 0.100929253389381
0.0114074214019359 -0.0130486817640817 0.189395630140058 -0.121744607239645
-0.00128738777430775 0.0198818040285268 -0.0777801568746 -0.157587973352155
-0.00311722469992408 0.0194423883458098 0.0335812623302675 0.0897362534276159
-0.025623881665577 0.00399754927116808 -0.205910892710142 -0.0657241861608822
-0.0256278736323795 -0.021208343021371 -0.305288708326689 -0.370198060927309
-0.0162404605052837 -0.0342639645797669 0.243885589801383 -0.497187405519994
0.0527124711348868 -0.0201275171536086 0.775629784338717 0.0684100126774022
0.0244189789153873 0.045809034591965 0.427993649145437 0.738782870725467
-0.023479128130371 0.035407315898068 -0.102839493652975 0.510538834285231
-0.0285961457448938 0.0167198011898174 0.101293372312157 -0.0694616419815092
0.0158163251743603 0.0294301746609699 -0.118484746583689 -0.608518575371172
0.0356049265386347 0.0197999871690014 -0.789987148773955 -0.261452500838543
-0.00278905910201962 0.000201280771708811 -0.565963453390411 0.571925964103258
-0.0446736473006742 0.00550342194640552 0.19382281383913 0.573034840625372
-0.0183833687001583 -0.0014048568537743 0.384296926294911 0.0883094176452503
-0.000262983495565796 0.00288066148606416 0.192059907181802 -0.13350981546942
-0.00436263014344765 0.0266819381097277 -0.0751524277041295 -0.15989953404595
-0.00628510531269744 0.0227952404493693 0.0364378561484318 0.0895395015256293
-0.0320638539181424 0.0191808568316927 -0.200502800437968 -0.0607439701510056
-0.0168678309727222 -0.0113811338234478 -0.316022023033262 -0.357715503832456
0.00121270931945283 -0.0482483007033395 0.219512140977696 -0.50075162322526
0.0744334592717337 -0.0327720017977903 0.772364642045719 0.0354099442619243
0.0438889574730342 0.0664340776893665 0.459326372137816 0.723709626335911
-0.0354816717125179 0.0797857571119503 -0.0903660453292696 0.52357075027721
-0.048893501428893 0.0613604100141096 0.0955052456370904 -0.0515787927366534
0.022002983026167 0.0624125007969076 -0.100349566421829 -0.600742428049938
0.0632588295205651 0.0162948087244585 -0.777194079875817 -0.285820257452594
0.0208034170008056 -0.0206718865786672 -0.590892838945759 0.558693146460078
-0.0297369574333311 -0.0024604683018712 0.167657013936159 0.59028832513748
-0.0167054334199472 0.0133794362775254 0.380571313086247 0.102578699299824
-0.0118444839243393 0.0204134787634284 0.202579413335647 -0.13092987390252
-0.00648035410728426 0.0314101381732992 -0.0708662006704845 -0.160443286807955
-0.00759403131554998 0.0233866540120007 0.0424167478684721 0.0902025345185596
-0.036316464390224 0.0334143635693617 -0.189534670028876 -0.0430235260969002
-0.00899391073385173 0.000180490559938293 -0.334163398203764 -0.327284539417864
0.0120641481502478 -0.0575022788035259 0.1629407936067 -0.515174385187192
0.0861849121139287 -0.0506833420330784 0.75837068252727 -0.05002239431754
0.0631986846368481 0.0731924265818086 0.526653175624796 0.673178717567389
-0.0377964076760193 0.113568476070185 -0.0598695555428641 0.546486166972307
-0.0668050681654857 0.0970871055896155 0.0834301890309673 -0.0172316367875843
0.0201061194108893 0.0880822732545597 -0.0598327883222964 -0.588535977522411
0.0811389575900418 0.0175239580303967 -0.743550021321675 -0.357762242100858
0.0436311686339639 -0.0376214967966034 -0.646177902232478 0.504398964300577
-0.0128311142358908 -0.0101800954927162 0.114138409772292 0.620394415915158
-0.0136856619300341 0.0281989083650281 0.380338218938199 0.14378117498001
-0.0219206734766047 0.0341964250693136 0.218624268452045 -0.114426382276322
-0.00888590487974691 0.0317145604550512 -0.0664141104214651 -0.157683212038588
-0.00594683236866259 0.0216314972740776 0.0491531510226932 0.0933751366292832
-0.0361342624412357 0.0461133655081176 -0.176615479446497 -0.0168177138335688
-0.00181618878769453 0.0141554547023999 -0.354640740704772 -0.279780822618983
0.0165882921409052 -0.060603316909588 0.0843971807747524 -0.530722901726535
0.0853254979207259 -0.0726659763226327 0.724117385743394 -0.168434336882366
0.0804992595184526 0.064157421790312 0.609172308656834 0.583991691199176
-0.0301850618711646 0.129022506621553 -0.012417567304168 0.573998080038413
-0.0782546602966797 0.117238717092435 0.0675164063017903 0.027538197922574
0.00818720690845104 0.106974097020135 -0.00716651216126558 -0.569038093232862
0.0871382465835838 0.0239687766551599 -0.688174099573481 -0.463397541237789
0.0608491759713833 -0.0468572860285134 -0.719783349962262 0.408855486093864
0.00317319340640608 -0.0177396453769532 0.0347308815852075 0.65297904809199
-0.00923714816516211 0.0399994491572708 0.372979951569907 0.20695784019814
-0.0287388364507402 0.0450803543631751 0.236986665389597 -0.0827545005591809
-0.0101923882240481 0.0298701419451267 -0.0610971503368954 -0.154046524245853
-0.00276407519416666 0.0158561990526186 0.0548647552852194 0.0971732124136629
-0.0343059202200829 0.0517515734118955 -0.162856373225723 0.013117340252135
0.00387255803136772 0.0277991953499061 -0.367473622244224 -0.220509478354218
0.0166091669050157 -0.0550471407039852 -0.00150103415895037 -0.534462411632999
0.072311755047614 -0.0878760373664639 0.665023406126722 -0.2951768571614
0.0874087324396448 0.0422955309893549 0.685162634327321 0.472859513773094
-0.0168889051798531 0.125519987176052 0.0500840797827607 0.593189377699622
-0.0832607345967877 0.119119665180305 0.051092855977652 0.0779818816671932
-0.00702189719013624 0.111397186351621 0.0491902055756453 -0.540808692128864
0.0779350195123923 0.0324453962856398 -0.608445315234487 -0.577597541638333
0.067230986236228 -0.0482994222039401 -0.785191844662243 0.274196040593446
0.0138602440059074 -0.0224476919882674 -0.0631358032831739 0.667693833611827
-0.00359462405943591 0.0460538753211769 0.361004442238096 0.27774509448535
-0.0303267680405751 0.0503631862351616 0.255373240990745 -0.0407600120895582
-0.0100971426027134 0.0251881693995192 -0.0562196775121587 -0.147435976574442
0.0118164264438672 0.00405343110456502 0.0373578028136191 0.100144872356757
0.00652795296197336 -0.0247103634300508 -0.202587748134766 -0.00929557067509124
-0.0364893318529184 -0.0298136016234614 -0.333640090607057 -0.289658637720997
-0.0690270256365176 0.00122671644661266 0.12295086884147 -0.553644521705304
-0.0336052122973616 -0.00246730252856465 0.72803400193308 -0.1629023968884
-0.0329930400489695 -0.00863195289427248 0.560546913818002 0.582684024252603
-0.00186783403924926 -0.076845161656886 -0.032217474029895 0.539542827941459
0.0218327864180337 -0.0995242422111431 0.0802682750315181 -0.0131403468587754
-0.000468110845453396 -0.0691509942827275 -0.0291908541625761 -0.602171256726585
-0.0424264482116852 0.00876864499513614 -0.725069673306578 -0.451679742260141
-0.0578713300869312 0.0430818942503743 -0.688555359910947 0.402739055872829
-0.0724003848972659 0.0312885322105365 0.095770012043589 0.608277932052311
-0.0273975427642882 -0.0194594809550757 0.396922062839596 0.189882193067047
0.0221804438113154 -0.0350147913782071 0.208640274911578 -0.0650732958245991
0.00536663806397754 0.00468776969916999 -0.0778973531271724 -0.146244004824538
0.00699399967742605 0.00977364197806981 0.0347251588136408 0.095958592379
-0.00467734541577157 -0.0199294783130087 -0.207425519046953 -0.036900949365491
-0.0382884476960812 -0.0297267250660965 -0.317998348283284 -0.335364990816213
-0.0564437035167551 -0.00722711143474949 0.186691084206296 -0.531767749005493
-0.00653465385080357 -0.00770318526770909 0.754338543139799 -0.0471310751113008
-0.01319064591382 0.00228864561158351 0.492540773269024 0.663573191246533
-0.000376800222449035 -0.0502328976538686 -0.0705262490044048 0.521479179606994
0.00989967766174199 -0.0693140338022388 0.0924504275055058 -0.0458540890756944
0.000179500025636943 -0.0387124464236228 -0.0757684070562376 -0.610049099487504
-0.0209873778186812 0.0189152967017794 -0.766844433774446 -0.351591284339115
-0.0429606001100927 0.036491246003569 -0.622045938946193 0.493608265630951
-0.0667958537366941 0.0229352722706315 0.155628075597465 0.587280198419028
-0.0242401028114586 -0.0204957678931377 0.394113158405032 0.136344676469031
0.0189087213986251 -0.0271228504544018 0.19579887225334 -0.098145049386694
0.00230283034102289 0.0130052788728586 -0.0794097006300069 -0.152210297191076
0.00235377973848543 0.0152848442954624 0.031640958192516 0.0915203389504225
-0.0158246362415254 -0.0100500398904886 -0.208807415984149 -0.0566456412573138
-0.0335565079630839 -0.0270607162070077 -0.306427336724693 -0.360088646492583
-0.037596736098783 -0.0196536900911425 0.229737721061416 -0.507873568649193
0.0246533578395621 -0.0132028475423195 0.768409209093281 0.0360152849983597
0.00604640155246127 0.0211845332642832 0.440346409999358 0.716239671005112
-0.00852038974403542 -0.0105650781885135 -0.0957142409945138 0.50764635678773
-0.00805425674817931 -0.0291507366451436 0.100177921579985 -0.0674066897535647
0.00598573154009403 -0.00547268256881807 -0.111158485393525 -0.609274917608237
0.00579703336494922 0.0216448547852727 -0.785512548624111 -0.280051116249807
-0.0246684418388656 0.0213425270045001 -0.575760780464118 0.549136539621334
-0.0589815754381602 0.0132399799754961 0.191479705858616 0.571815431048423
-0.0215470857073078 -0.0133897054978644 0.388584717965853 0.0983827232595359
0.0109405694847574 -0.0130243135406768 0.188764537556979 -0.122492477121291
-0.000800647036243046 0.0200812475438664 -0.0780252771652042 -0.156733018428209
-0.00260899143839335 0.0190862363223216 0.0336999005985021 0.0893544579918829
-0.0257930969852416 0.00337453907674014 -0.207150348453205 -0.0652345468223206
-0.0258281649891349 -0.0214538820513849 -0.306660643507347 -0.366583150889543
-0.0172338924982388 -0.0336518449200726 0.24000758894473 -0.496548958214966
0.0518206443853667 -0.020840573423238 0.771416045967206 0.0639684202974115
0.0246325642937263 0.045976760102585 0.430236353012438 0.732288678635314
-0.0230093725245256 0.0342441248002715 -0.0997793584663664 0.508899742973723
-0.0280711551296094 0.017203556816128 0.101272371135466 -0.0698491878627801
0.0153892981924747 0.0287998209976951 -0.119189481219129 -0.606267102626574
0.0356889136664556 0.0180817035445035 -0.788542728765192 -0.255237466143147
-0.00298710809547101 0.000406955443520058 -0.559925444297018 0.573960728328338
-0.0445125686567663 0.00550572689388499 0.195007591497265 0.568731664458864
-0.0186696854927641 -0.00153430451504274 0.383501432934825 0.085430536501491
0.000608797431222403 0.00380130513430091 0.19104708276718 -0.134959235467801
-0.00371941818106384 0.027449102726811 -0.0749052250456337 -0.158757270410656
-0.00583223025603398 0.0222252644309919 0.0371650805592591 0.0890025784664297
-0.0324649179519899 0.019268365145837 -0.201042201926177 -0.0590692765602885
-0.0168155960281955 -0.0121051912951803 -0.316341551847136 -0.354201981800623
0.00108705836428498 -0.0479403911675059 0.216749139874278 -0.497688679352989
0.073981922708778 -0.033013370888652 0.771318190470032 0.0320311383046305
0.043292987289628 0.065577601539438 0.460879950915906 0.718801813703889
-0.0354579778210247 0.0797416478356203 -0.0884996778703989 0.520989725029572
-0.0489184215536741 0.0615234535191516 0.0948485086705506 -0.0523885480143358
0.021325523893854 0.0611104752503749 -0.102611265833527 -0.5974537663843
0.0624175487912153 0.015199313891684 -0.776759262134758 -0.281822991839969
0.0212555163152442 -0.0205524739951883 -0.584629384873819 0.561763055273287
-0.030468352794459 -0.00170505570141719 0.172831764521103 0.587311773755634
-0.0163511519591203 0.0139194526679656 0.38234278858503 0.0995866802551547
-0.0113084151521351 0.0207799016855392 0.201635977439903 -0.131520988372411
-0.00680425461508203 0.0311693989910251 -0.0709485624660103 -0.15852595326363
-0.00667079202447333 0.0228614587724402 0.0425593413486221 0.0903285205417201
-0.0356838945419858 0.0339941790534659 -0.189660666863131 -0.0420437481986774
-0.00856696932129623 6.26528781697518E-05 -0.33545290545578 -0.322824872362933
0.012021565441988 -0.0567630103113687 0.160687028413021 -0.515174219991713
0.084930618040699 -0.0513128709747675 0.755843528974199 -0.0524702372032565
0.0634658709496712 0.0727692774316686 0.526404529425072 0.665812794875508
-0.0374949241569477 0.113282530740377 -0.0573420837409587 0.546024195058082
-0.06640274709806 0.0965598794738648 0.0837312543281751 -0.017737606110474
0.0196161217218403 0.0878725312969728 -0.0629604013257394 -0.585443303310007
0.0806301204037621 0.0164379357620851 -0.744681683917076 -0.352820571045538
0.0435754464697702 -0.0381908189545619 -0.640865782755934 0.506687492672605
-0.0126650388921373 -0.00933129496119027 0.117833931113951 0.618526065531158
-0.013538761498006 0.0280910345535903 0.380566640240236 0.141607020927818
-0.0224688223791795 0.0348340814120391 0.218043172980573 -0.115141913166614
-0.00845118858650374 0.0319464633599377 -0.0671826239313716 -0.156746775331634
-0.00597795328685016 0.020814520124072 0.0490079577589159 0.0924903753245387
-0.0360737609046329 0.0467855761642682 -0.1771807383326 -0.015815762988771
-0.00167083420973891 0.0143449125138768 -0.353793824211512 -0.273900209332255
0.0164063109460455 -0.0595855686092159 0.0806454263785596 -0.527303938885742
0.0845699976436291 -0.0725109079061536 0.72281784700713 -0.171822419299857
0.0802341899631405 0.0631694979230886 0.609725313668228 0.57848685384541
-0.0303437988837522 0.129692352088943 -0.00912559028092253 0.572082647253162
-0.0785705700280741 0.117174710962099 0.0675853726794413 0.027712443231179
0.00846537493665857 0.10619343781869 -0.0103527056850222 -0.566214532001595
0.087095779596078 0.0230022101681797 -0.68843676888283 -0.456660487262696
0.0605943193917078 -0.0472933369970044 -0.714911903792184 0.411519184765822
0.00239740871085586 -0.0172783770933906 0.0375679522362229 0.650458214318824
-0.00827176909611699 0.0391664764539953 0.373643060335586 0.203303046782669
-0.0285504299917672 0.0454901905909845 0.236903486757227 -0.0841550505022294
-0.010191072416887 0.0300543610122637 -0.0623325421810585 -0.1521669357077
-0.00332545362001066 0.0168452455623315 0.0545171901260983 0.0968385831980612
-0.0341309365907198 0.0523615462392392 -0.164134884961704 0.0140650078942108
0.00368972212483412 0.0275077161499697 -0.36810903187255 -0.216540015319797
0.0164330512298241 -0.0550091408608475 -0.00323638609113069 -0.530891960597708
0.0715764987287732 -0.0885394436054665 0.662170831136804 -0.298362278099524
0.087364921338263 0.0420598111453611 0.684236534918127 0.465482281181914
-0.0162548434266326 0.125235478021188 0.0515231616367712 0.589515945272486
-0.0826357087037738 0.120013141341094 0.051199937208288 0.0770697495721819
-0.00712263969188734 0.11180422830941 0.0457683964848481 -0.539463217801014
0.0774141353740847 0.0322342874234282 -0.608176997348039 -0.573253809027576
0.0666378711234834 -0.0484353955447294 -0.783432900167861 0.278605034205233
0.0133854884211309 -0.0222192665400065 -0.058917067893848 0.665907964657712
-0.00335795575632017 0.0460576051380532 0.360613706428215 0.27512544078535
-0.0305150326964666 0.0505790601014002 0.255100921272183 -0.042625245849481
-0.00984366825017548 0.0251595997953604 -0.0561344923647303 -0.146541773523688
0.0120228152343401 0.00364553225561283 0.0370107245289956 0.100137812021371
0.00472396502199388 -0.024264142998007 -0.201432529598912 -0.00853368121338239
-0.0370325274439466 -0.0296515700734666 -0.336141628096953 -0.287600164980136
-0.0685940520940396 0.00211823033231111 0.120376133734246 -0.552443686625269
-0.0346712080785069 -0.00160089218517755 0.72644648485324 -0.166150608181993
-0.0329179690284646 -0.00783103485295041 0.561711547122739 0.579880454537303
-0.00229396091485535 -0.0758661926180695 -0.0283741540297457 0.538983041000483
0.0223397771885493 -0.0977323875967938 0.0795095410722913 -0.0119353398490296
-0.00146825685568113 -0.0693710925558938 -0.0320671040097724 -0.600032466628698
-0.0426368704065359 0.00816542992831826 -0.727390266058851 -0.449175953627602
-0.0565520139637059 0.0437275143305484 -0.684927376232734 0.408709188998164
-0.0729284422037157 0.0326971899236827 0.0976791974768356 0.607642932421294
-0.0283180531017648 -0.0204288070103871 0.398985204244025 0.188005822997505
0.0209885257323524 -0.0351758240362393 0.209243457198508 -0.065331635052257
0.00682759061196695 0.00538962282730205 -0.0791638979769627 -0.145348513818033
0.00726760039296595 0.00989027364080126 0.0341703132026795 0.0950536073829122
-0.00606592879181734 -0.0203425593759434 -0.207028929590918 -0.035411508799094
-0.0378450529436727 -0.0298913484189185 -0.317536123493596 -0.333084279938059
-0.0566046944645922 -0.00562172619120488 0.185282899200076 -0.531800872002178
-0.00616673679858498 -0.00636789940216708 0.751934963870432 -0.0533677818527162
-0.0130168526590024 0.00148171107972399 0.492216131522743 0.660442684844437
-0.000586618998155835 -0.0502541045831472 -0.0686086111706581 0.518722447367796
0.00814612470199413 -0.0688634317611142 0.0936449303158717 -0.0464320745882689
-0.00114982731645194 -0.0385992420851402 -0.079221345060802 -0.608592848525263
-0.0219782855515137 0.0201642112421458 -0.764873900596291 -0.347391812580132
-0.0421086901722139 0.0372931946955265 -0.61955281123265 0.496390104979035
-0.0666227794314255 0.0225354200496053 0.158966715941186 0.585696007879774
-0.0246260298924996 -0.0201533503780372 0.394496770715852 0.132586163881887
0.0178360621048974 -0.0283082948963293 0.195038576934535 -0.0991599099249844
0.00213875858652551 0.0140899205188411 -0.0799635501426522 -0.151814281354142
0.00185852864956564 0.0154555945723497 0.0319002530644234 0.0913361282986084
-0.0167360703197166 -0.00961999016434372 -0.208942031189039 -0.0558769614879877
-0.0338250935110979 -0.0267272266752767 -0.308231209321458 -0.35716382139732
-0.0376461464565896 -0.0184686866197676 0.227732542964101 -0.508992777930988
0.0240834623898657 -0.0134476680518794 0.765261444007748 0.0324375300706211
0.00607678794414106 0.0216523536009625 0.443345503310369 0.713091984769327
-0.00917862014757212 -0.0110984892147127 -0.0932897449136518 0.508329909472234
-0.00850247972000683 -0.0283047319430081 0.0997900288666468 -0.0670564053588572
0.00648708037778215 -0.00509151970213081 -0.11349098036765 -0.609545663414859
0.00602704689352671 0.0211847777790222 -0.786297361927086 -0.277189710095916
-0.0241799217792869 0.0216601283174009 -0.571290885130965 0.554008479824825
-0.057375629660768 0.0144432187752479 0.193549549332403 0.56787026419062
-0.0209649929767978 -0.0137990504584562 0.388951007808794 0.0967718476832778
0.0104846272997951 -0.0134179349309666 0.188328478029257 -0.123018513012943
-0.000710813553221896 0.0208074483077478 -0.078622487851062 -0.155918980739913
-0.00281117859532121 0.0193281893922478 0.033176927065116 0.0895457655537564
-0.0261522241195342 0.00401694883549718 -0.207846725508264 -0.0634496679061484
-0.0261065190332093 -0.0210134171481497 -0.307841319123296 -0.362556694780038
-0.0169836042248371 -0.0335256668587573 0.237790168499991 -0.496139039816228
0.0521831704996759 -0.021379354450416 0.770760300309331 0.0606142546913631
0.0249441467263103 0.0451518640167894 0.433290343958548 0.731476492208678
-0.0236375794891068 0.0351124607887183 -0.0974825334227171 0.50779683419636
-0.0285138467240691 0.0178786104107162 0.100534321089814 -0.069692999011247
0.0149227230594716 0.0290684668576576 -0.122001705007182 -0.604334545698679
0.0355951561445702 0.0180989570657926 -0.789471773978853 -0.251848279805904
-0.00206809946522682 0.000335176741916953 -0.556891104924958 0.576740149036585
-0.0449610493584879 0.00616402431977697 0.199524645314141 0.566987833516259
-0.0191415005716864 -0.00162130336511705 0.384744505789418 0.0834955326506912
-0.000277668804869673 0.00436772967100804 0.190373702139547 -0.134351556420196
-0.00326776779478977 0.0283058084470576 -0.0756391189185515 -0.158179959342722
-0.00553725209861394 0.0223649747991652 0.0368220296328062 0.0893269189363633
-0.0330854363080619 0.0198191034265032 -0.200917182566791 -0.0587962655123435
-0.0170572359535877 -0.01209881690479 -0.31739103679743 -0.351489683960614
0.00083167860360952 -0.0471765217168384 0.213014609783364 -0.498973402768589
0.0742455695634028 -0.0338103979439697 0.767653522990883 0.0277808701345783
0.04331454899322 0.065330823685902 0.463724253699586 0.715158504774054
-0.0353577836257478 0.0794632004390637 -0.0866056167162788 0.519834946269054
-0.0487648633036874 0.0624923997444662 0.09417969993884 -0.0521499905313789
0.0214660102156053 0.06063366853107 -0.103677919349631 -0.596000837033239
0.0625494592908446 0.0142679264387128 -0.777803540785354 -0.276882091494766
0.0211060186054955 -0.020731948218541 -0.583295801238303 0.560254766323385
-0.0301466064080679 -0.00239678489147379 0.174754099748116 0.584338367124354
-0.0166203471410573 0.0138789617876205 0.38179117618917 0.0973449690791193
-0.0115558632792514 0.0215871721989068 0.201289339027299 -0.133101271142928
-0.00590868010146725 0.0314517260749483 -0.0722981842116745 -0.157810181815872
-0.00748334385680151 0.0225574320554265 0.0419798625248863 0.0893084569927082
-0.0359338147441051 0.0345225951570878 -0.190653300317607 -0.0413751375159297
-0.00840966188079858 0.000411699850795448 -0.336425090471397 -0.318159982362375
0.0117093260257763 -0.0568532654571515 0.158886385530082 -0.514758063861049
0.0846613678691093 -0.0527273293025222 0.754105133301782 -0.0564920716837174
0.0635559122349119 0.0725860838609118 0.530521193661962 0.662514956212976
-0.0382614870512824 0.113682384645001 -0.0560249099009693 0.545056898617203
-0.0665127913985032 0.0973337100738509 0.0833945283053726 -0.0179579468929363
0.0196281217185403 0.0876741459178685 -0.0644865011177398 -0.583653076832516
0.0813652099995082 0.0158272882146151 -0.743508484970014 -0.351645214435677
0.043842042539685 -0.0377955384713596 -0.636872778017938 0.507915130806772
-0.0127188583843593 -0.00877736422659234 0.122673715812487 0.616211199039613
-0.0134692381201856 0.0286782599129244 0.381127342085012 0.138166287633256
-0.0223143742040042 0.0355641791554634 0.217190592416596 -0.11588256571164
-0.00831580642160098 0.0314896827413869 -0.0673590356066589 -0.154794496332615
-0.0054799396768094 0.0210818179002527 0.0486386660126075 0.0923062083085467
-0.0362913942304836 0.0467622008190589 -0.177604230005954 -0.0150924278856443
-0.00173295070463706 0.0146329985167127 -0.355229660738798 -0.271864488624395
0.0162592790230597 -0.0599019932658674 0.0793092671357193 -0.526286370899069
0.0835201781107891 -0.0730198229487077 0.717627624898284 -0.175501720904917
0.0804133452322143 0.0631384348984343 0.611312748120941 0.574574423433665
-0.0292059842849513 0.12957270357257 -0.00742157934593925 0.569980813963055
-0.0775283373562738 0.117880999089411 0.0681541119968185 0.0271211341348542
0.00896250393334361 0.106425228450391 -0.0116152071811468 -0.566520350861121
0.0868276158137383 0.0227049832968223 -0.689611285239752 -0.456578939564278
0.0604918265108764 -0.0474042957909271 -0.71136311086149 0.412018972901983
0.0030840672569511 -0.0163601483178499 0.0437897972734165 0.648956755874479
-0.00901486935965661 0.0399147735591389 0.375782096670712 0.202489820020896
-0.0289913432486 0.0458984363839197 0.236235575968997 -0.0849474618844273
-0.00919983677329131 0.0297913995547082 -0.0623045467984376 -0.152057571274862
-0.00344373078830238 0.0158481671084444 0.0541148782752789 0.0967560853145857
-0.0338998423941861 0.0534397250389973 -0.16341312000768 0.0143737935613053
0.00370504665007782 0.0274624488337556 -0.368317340280691 -0.215407130299127
0.0162846622428391 -0.0550559739976953 -0.00508687298969143 -0.529991584628179
0.0706330034403878 -0.0891105224659165 0.661134869021415 -0.300275198782749
0.0875254110280102 0.0419762278902644 0.684869410749638 0.460082954384616
-0.0157121078182331 0.125132086386026 0.0521173815733437 0.58874149084854
-0.0816090349382144 0.120418717954572 0.0515318142136625 0.0765537731963638
-0.00760947557653116 0.110952784948243 0.0439611019931481 -0.537809754572503
0.077757098057324 0.0313096274183258 -0.611547446635312 -0.568312151385822
0.0668355281075324 -0.0489927150871781 -0.780434542137999 0.284122614997594
0.0131439724580159 -0.0219579282261052 -0.0553913942063277 0.66492633142623
-0.00270318035833131 0.0459955907552204 0.363231600238973 0.272581167467221
-0.0310997826060385 0.050727686453841 0.255803758368059 -0.0436192407986443
-0.00938483362479833 0.0254437873731279 -0.0567747102680428 -0.14562046937251
0.0130161944487859 0.00479069711504127 0.0377602833417197 0.0983946198282962
0.00467087963431153 -0.0249643832081494 -0.202911313529645 -0.00736077584237109
-0.0373870113620242 -0.0297450922426617 -0.334239828609069 -0.284634551109916
-0.0698368584820596 0.00361018509200224 0.115769008218626 -0.550609816054255
-0.0334356032992606 -0.00201968841280371 0.720616789855578 -0.168007192662183
-0.0339674312993081 -0.00724131882014053 0.563297318676352 0.575279505396366
-0.00270387595817659 -0.0760401914841365 -0.0282287357613862 0.53845856982266
0.0201223233014711 -0.0995145658777395 0.0807914994570589 -0.0124177307236154
-0.00123127733842923 -0.0691023930480438 -0.0349191992752918 -0.597904150417456
-0.0421004887487727 0.00831413399232554 -0.726741036585756 -0.444774288765236
-0.0560828479425491 0.044342445274404 -0.683360938670736 0.409228071816814
-0.0718248091345602 0.0325754549513639 0.100430786074011 0.604584935333033
-0.0274932185956049 -0.0196766884625451 0.399207951688632 0.185694591329093
0.0216910301399161 -0.0349195422624579 0.20758162791722 -0.0667103700541038
0.00528624490599679 0.00667528192819531 -0.0801206316627921 -0.143291648939753
0.00690177724618563 0.0104313583022653 0.0341650442059261 0.0945783518936921
-0.00636411356446524 -0.0203408760810203 -0.208812174475989 -0.0344842628599746
-0.0392417377190072 -0.0298161170983066 -0.321862751324751 -0.32839517015369
-0.0568656609265986 -0.00627376710249074 0.181858071635227 -0.531063954591567
-0.00664320358755521 -0.00767296064701957 0.749083606499004 -0.054051414655807
-0.0134820376412792 0.00245326953468618 0.495530064356609 0.655060280137444
-0.000449464937970979 -0.0492997635803273 -0.0652967982414257 0.51906417037667
0.00929707537735802 -0.0691400467392477 0.0923094768288967 -0.0464874454650512
-0.000773648688807173 -0.0385958087733127 -0.0827669323894734 -0.606866395499814
-0.0207447148037596 0.0186960544060919 -0.765560107226843 -0.345474059225252
-0.0417147618887406 0.0373351200569082 -0.614825610410326 0.496989890786128
-0.0672216513970557 0.0227094174388858 0.161837089226846 0.583714785321416
-0.0244912606495434 -0.021182397646828 0.39532560595857 0.131148383854058
0.0184606924598025 -0.0268999480914941 0.195487417017442 -0.0994904505356372
0.00199053549419424 0.0137425615910847 -0.0806907499309582 -0.150818409891334
0.00220105044040572 0.0155012316734687 0.0326503804798327 0.0917639808065154
-0.0175761995429718 -0.00989180626590266 -0.209624263864876 -0.0542183623761215
-0.0347795783068946 -0.0274415351663274 -0.309066633273987 -0.354302279814344
-0.0371752408678155 -0.0188626585857982 0.22457740952819 -0.508269012447967
0.0243336187938611 -0.0133981762188451 0.762360692545294 0.0297671992269506
0.0063928611907229 0.0206649700919369 0.444313398739765 0.709705798299584
-0.00897064246963785 -0.0108372129614215 -0.0901991458318872 0.507751028944301
-0.0086717960878523 -0.0281118625031173 0.0994241569185538 -0.06754786748736
0.00577765238551144 -0.00579937433541006 -0.115710449479373 -0.606118702088927
0.00646870122606305 0.0207378074128003 -0.785935618307266 -0.271716168481886
-0.023885276360131 0.0219834128337134 -0.567128431917689 0.554801890500694
-0.0579719220467967 0.0145623698871626 0.196027205954573 0.565398156001352
-0.0216336224882038 -0.013755271366746 0.388718749273709 0.0939166738595121
0.0102269075505813 -0.0127536323473115 0.188175031865298 -0.123885442358896
-0.00038179865345876 0.021650672736148 -0.0791634484205864 -0.154873477981954
-0.00244030343660721 0.0188427591785372 0.0324954838494422 0.0883953733043486
-0.0266114468482954 0.00367639301017999 -0.207176461473493 -0.0624833848453535
-0.0265092033277812 -0.0212100626715579 -0.308411656884879 -0.360149443580056
-0.0167798502540235 -0.0328243276036745 0.235614068547013 -0.493859147192315
0.0521707952535286 -0.0216427216322208 0.769355446889324 0.0579156624943839
0.0240981599213763 0.0459395642081428 0.436680691399155 0.725160102940925
-0.0233558660062952 0.0348046810433554 -0.0956150478733844 0.506663089294637
-0.0293585653866651 0.0181242502249665 0.0997445896007243 -0.0695879357763559
0.0143643594170824 0.0287942591889483 -0.124253009237335 -0.600509292758606
0.036008536386306 0.0174584183615064 -0.788575705601908 -0.247197189549003
-0.00218439559447047 0.000512450165848031 -0.554530238322344 0.578350577949103
-0.0452643555799832 0.00675144052731963 0.202124405910401 0.56396974014401
-0.0184927171792588 -0.00068134475482548 0.384741183629847 0.0802226824354431
0.000249999997200842 0.00422170041068794 0.18975248995385 -0.134967711987882
-0.00400765163835399 0.0279073313692325 -0.0761253180973127 -0.156190601969076
-0.00605882711278143 0.0222689583411437 0.0364921199842672 0.0884955548256575
-0.0326822723947511 0.0190120172171866 -0.201941258476539 -0.0575428413840802
-0.0173055198737938 -0.0120355619320817 -0.319337500803254 -0.348329175173512
0.000429977114536616 -0.0465660938583773 0.210475630719366 -0.498050824766564
0.0732025867126375 -0.0342359045944183 0.766194262365724 0.0254400315198971
0.0435513944867196 0.0648984006787507 0.466421463614267 0.707810504440124
-0.0353706676465735 0.079523173788486 -0.0843332300963446 0.519188190921915
-0.048475894690028 0.0617939424361627 0.0937701482150122 -0.0520356544677585
0.0215342454780088 0.0604961299724046 -0.107177617685663 -0.594871090084466
0.0623807079921764 0.0135600664645446 -0.7754314597244 -0.273015919167661
0.0211475510538686 -0.0206970485787832 -0.577595832747434 0.563366080698954
-0.0303539879252956 -0.00132096922692393 0.177602591212993 0.581917457248006
-0.0168378793782865 0.0140492348699856 0.382710521117839 0.096461639009426
-0.0119315891534502 0.0207838152725865 0.200338593930651 -0.133707357532739
-0.00562913177568301 0.0319816383410823 -0.0727583808877469 -0.156284683334385
-0.00685890768967038 0.0229502017756685 0.0414778287072087 0.0895467961375757
-0.0360295906821072 0.0345372875961416 -0.190622103256946 -0.0397170812181016
-0.00905911579710136 0.000292758331908774 -0.335688831820393 -0.316342343646021
0.010905027107685 -0.0567305283080354 0.155743457334252 -0.512495853242957
0.0837436161969954 -0.0523667329767325 0.751700588325684 -0.059641088710078
0.0637759456343077 0.0720548188139828 0.529475220499634 0.658000633098627
-0.0375920664023222 0.112655255428279 -0.0534577178642359 0.543541908377307
-0.0652502627527484 0.0981414633619011 0.0830305205958227 -0.0188845568338433
0.0198798847661572 0.0872622139593483 -0.0669949102104794 -0.582392898552888
0.0809496058956981 0.0153479127205227 -0.744123750599296 -0.345457663537953
0.0441761309903039 -0.0377036413698781 -0.634466477014396 0.510818677788919
-0.0126145056255717 -0.00926430529713124 0.126801372730593 0.613543198548948
-0.0137033741081783 0.0286172115314862 0.381999958928983 0.135112346058247
-0.0217405338515069 0.0359845085261865 0.216533799641125 -0.117352374702791
-0.00752958496029576 0.0325574118483745 -0.0682248688598171 -0.154504185143567
-0.00620805062460662 0.0204932613186444 0.0485123933889259 0.0914164671885245
-0.0361437801109441 0.0464563648418027 -0.176808302472537 -0.0141260142608308
-0.00158864931772103 0.0139552276309799 -0.355943363841398 -0.269334658440062
0.0159418163701246 -0.0586226162868508 0.0772333322104288 -0.52410718950995
0.0827977014897679 -0.0734844521852704 0.714837274841274 -0.176728012483993
0.0803141795203895 0.062224423612959 0.612298852923091 0.570900471309708
-0.0286773187919222 0.129535486654659 -0.00390814228715081 0.568276639737063
-0.0771004603338159 0.118048638079454 0.0681267267473397 0.0274360559692937
0.00911956043263916 0.105525681278177 -0.012846173100718 -0.565117920164972
0.086189575474207 0.0220392396116518 -0.689425623755809 -0.451028037438068
0.0605218087261616 -0.0479159849211208 -0.708776118858433 0.415089561986081
0.00274556435883364 -0.0166819069304798 0.0467338613418092 0.647024881633493
-0.00771864383620683 0.0397848917783141 0.376429726473035 0.199235461291711
-0.0289393079312989 0.0461342436754984 0.236177785445175 -0.0857718385076214
-0.00904585735141626 0.0304127748170434 -0.0620345336232799 -0.150275573727201
-0.0034649819589449 0.0157990416720704 0.0549535222263284 0.0956026921633123
-0.0340154219635929 0.0535640489897371 -0.163884316934122 0.0143615401253545
0.00292409225418519 0.028348581769255 -0.367795946094838 -0.211819382173211
0.015156932266658 -0.0543543880486462 -0.00699246825244522 -0.527049238605876
0.070375257596136 -0.0897090359468784 0.657075437088883 -0.302510312160977
0.0867149196747506 0.0405779880673942 0.685514022636527 0.456549893130573
-0.0156969744483891 0.124401516769239 0.0557661492958115 0.587368929169669
-0.0815079145679212 0.120872893286743 0.0525663089477804 0.0758143225865103
-0.00734246809861672 0.110423693851382 0.0417847038105917 -0.536632073722619
0.0774576485814124 0.0301851864040101 -0.612423114984762 -0.563324900566926
0.0665639242915042 -0.0495942305488146 -0.775826278234493 0.287576913261608
0.013252584983625 -0.0225903605400443 -0.0497937764677088 0.662857022570752
-0.00232649047926807 0.0468024805777381 0.364691774608902 0.268208656258316
-0.0302639777607528 0.052064874940678 0.255268823692344 -0.0447515306108651
-0.00914232921560779 0.0252321043299878 -0.0573672588318604 -0.145284741836749
0.0108922617575388 0.00490033133540331 0.0377240187538803 0.100221207730292
0.00416405596515372 -0.0256454438091929 -0.203326360669117 -0.00615677424625207
-0.0375601374307086 -0.0295055255966299 -0.337974244295142 -0.279414410780813
-0.0683079839520139 0.00387344359285775 0.112671204768197 -0.551491354040161
-0.0334353151512047 -0.00182552222408585 0.716355291108367 -0.170604602638436
-0.0325277016625208 -0.00761441683109751 0.564363830456732 0.568732962854074
-0.00253305424809039 -0.0769992678806677 -0.0265333604435897 0.53636091462281
0.0194948737962283 -0.0982876094815246 0.0802735499171537 -0.0128141260146084
-0.00200241602478627 -0.0690022780568097 -0.0370358131973766 -0.597504506146111
-0.0420661895109496 0.00739077219725392 -0.72631937784096 -0.438460703619707
-0.0561935416273311 0.0445901254620751 -0.678369791621156 0.411447282724614
-0.0718025165141772 0.033196254083902 0.103467413799703 0.604678108034668
-0.0282471243073535 -0.0191355517388036 0.399696632005644 0.183222353134523
0.0208432340904745 -0.0341157431914956 0.208439755825365 -0.0676085444464569
0.00590772956737124 0.00571080096576812 -0.0809898330093938 -0.143399452312785
0.0067064904046183 0.0108738152869711 0.0339179956246219 0.094289567387656
-0.0061676811201962 -0.0202099379095709 -0.209725796417291 -0.0341281094352083
-0.038768843570971 -0.0281667944723019 -0.322020229500698 -0.32503620656478
-0.0563991666295073 -0.00426671829499503 0.177383588662491 -0.528678859765551
-0.0066882985719298 -0.00651855198898873 0.746287747725058 -0.0586136784464796
-0.0138518610640847 0.00201183290381451 0.49695101010731 0.652205634781062
-0.00109290991441407 -0.0499345284850218 -0.0633373445165361 0.517035606448988
0.00736378857040198 -0.0684835112800284 0.0917142114790072 -0.0466942213307616
-0.00119454480648097 -0.0384979429113313 -0.0854041287306561 -0.605233450392746
-0.0210357338909064 0.0182709425530624 -0.767511069640332 -0.34010776834426
-0.041203827521318 0.0376825908884493 -0.610391999740272 0.499224265731875
-0.0669854104881215 0.0241869840210933 0.165795629904314 0.580572650833783
-0.0260454607120881 -0.0210512449507601 0.395608423827904 0.128698218531352
0.0173803506772432 -0.0274131617503246 0.194015139079672 -0.099522445307073
0.00341891015633568 0.0138212572377592 -0.0820310556558759 -0.149311981814039
0.00306344920547891 0.0156862963354492 0.0325212946949741 0.0910767329201966
-0.0177178542265638 -0.00937705153859296 -0.209738251049623 -0.0533639693849991
-0.0348560206272217 -0.0259955923413355 -0.310625115136737 -0.351325326169801
-0.0373631178018218 -0.0170409031466792 0.222665709987456 -0.504975365675434
0.0235107116192597 -0.0132315478844675 0.761214230374274 0.0245367060035306
0.00647652801065811 0.0210885834772278 0.44775807593021 0.701862684884495
-0.00880037737420842 -0.0110708616794703 -0.0881855866103222 0.50555178664537
-0.00889056061540081 -0.0277411957470342 0.0997207473232817 -0.0670370726601025
0.00562332400764709 -0.00577281649660751 -0.118148983114297 -0.602830164556379
0.00676687427243586 0.0206592010223613 -0.785833460429593 -0.266626556245505
-0.0234336378420698 0.0220520004647464 -0.561383617630337 0.557807625916998
-0.0574355423529691 0.0149271320402375 0.199696790054626 0.563634459081499
-0.0218773970487448 -0.0136790959440845 0.38846719226177 0.0919375370894203
0.0102682087358904 -0.0130404369967859 0.186455660112221 -0.12436954224228
-0.000944638004078452 0.0216997065244404 -0.0804289050822156 -0.153471072843925
-0.00255197197956975 0.0196190582653209 0.0327296939684588 0.0886939256927367
-0.0269643519569406 0.00337339832410028 -0.208165036423609 -0.0602128599090019
-0.0271734568859564 -0.0214345348610762 -0.310643716729065 -0.357213397307537
-0.0167385806310486 -0.0322115845157524 0.232608123295002 -0.493618647148484
0.05125113369907 -0.0215626009898824 0.76696800835386 0.0548863198715987
0.0245605841451668 0.0450222747491159 0.437744161135885 0.720522634464633
-0.023467834905742 0.0352563656916058 -0.0932241868002505 0.505809909344728
-0.0296850058966973 0.018706151350566 0.0995486274237286 -0.0702222786201778
0.0138068957506315 0.02833238281303 -0.127348521616554 -0.598567959054705
0.0351651305758213 0.0168381862203682 -0.788029612161938 -0.242010854371477
-0.00197825061104368 0.000694292648447208 -0.549329332319753 0.58026563491809
-0.0448882478203978 0.00720695599883853 0.204685336399469 0.562320170036497
-0.0189637425973322 -0.00086482943856685 0.385431410276553 0.0770407019827247
-0.000546530590574603 0.00444160716532756 0.189510466551825 -0.136260480000607
-0.00330848451647862 0.0285485682655864 -0.0773260087250449 -0.155848753220273
-0.0054793069605585 0.022603553082451 0.0365394418946803 0.0876686099263783
-0.0329854901877537 0.0199075965261986 -0.201265822383444 -0.0552931425369513
-0.0177375765245319 -0.0123126282748197 -0.319710798439827 -0.344521840761379
0.000138301328637113 -0.0466819637410494 0.207247176095481 -0.496819627305645
0.0726339231044922 -0.0348763474637148 0.764409053262449 0.0227555720988388
0.0438157901197917 0.0649489576161083 0.469583967905433 0.704726106288972
-0.0349497529792925 0.0792274831327946 -0.0800711064739777 0.518208177353758
-0.0485543929143469 0.0623686819114185 0.0937124830062363 -0.0530322718525711
0.0208227732975489 0.0598409363654725 -0.110189453848924 -0.592016805652486
0.0617928482270919 0.0129081628438029 -0.774023406458012 -0.266725562603985
0.0212684466651343 -0.0207990098167531 -0.574154743599862 0.56559113201557
-0.0297560621386965 -0.00138532432459538 0.180118809863804 0.578986115378612
-0.0165824087447855 0.0138437980040378 0.38224311118302 0.0927324717700251
-0.0117466915283614 0.021822231800652 0.199547070714865 -0.135091249791943
-0.00548422073320888 0.032247183101461 -0.0732510498551439 -0.155487658171051
-0.00647833541843689 0.0226471751644083 0.0408949678916511 0.0888225190164838
-0.0364480318254074 0.0360288998226489 -0.19060106626599 -0.0379623829093579
-0.00918887099874704 0.000123576125444912 -0.338525909172426 -0.312225802273408
0.0112160004407593 -0.0557987302118841 0.151693280704163 -0.511526983258288
0.0831759169167808 -0.0536198548778368 0.748644828369141 -0.063596308796748
0.0632327711579975 0.0711689905326681 0.532122669668232 0.652047845951317
-0.0366193207560212 0.113244172315237 -0.0509842637200648 0.540944579882091
-0.065322383430226 0.0971307764498658 0.0826395056270353 -0.0184951701184571
0.0201672884433807 0.0873904320815298 -0.0718901913774659 -0.581134925949428
0.0809354281584103 0.0142677567823616 -0.743700383496088 -0.34197346557643
0.0430441951980498 -0.0379864371591309 -0.62848946189814 0.512216535940584
-0.0131089367707519 -0.00935597730632952 0.129909615785662 0.612728666544825
-0.0130682785159715 0.0285639042082479 0.381730681717859 0.134248758679438
-0.0218325621696214 0.0365243961139732 0.216022064577214 -0.118184988866994
-0.00721978931058376 0.0317190582526972 -0.0694583256132198 -0.153961007043399
-0.00516375134313991 0.0206502957023674 0.0486116524317535 0.0909994061979383
-0.0356393471090772 0.04699781550485 -0.177743607468983 -0.0131117488487881
-0.002215175544165 0.0147248321039405 -0.355556155033488 -0.264675645307647
0.0154266521960022 -0.058947008597038 0.0739832217570534 -0.523690953057087
0.0818193870268289 -0.0742763235643502 0.712570365290859 -0.179986024559042
0.079988171219237 0.0621646372049463 0.613963620165864 0.565118726947327
-0.028705896819384 0.128825488552192 -0.00180892813423781 0.56644557834482
-0.0765510278348265 0.118593318283218 0.0681220991776048 0.0261817224799407
0.00997981701395574 0.105634538355774 -0.0172742052658153 -0.562356439458742
0.0857439806078576 0.0215290083272875 -0.689823416648989 -0.445448560672438
0.059417014367342 -0.0484264711543135 -0.702871555698053 0.41734937404877
0.00290945729715443 -0.0160566766823902 0.0507507293502004 0.644594826339035
-0.00766824972808621 0.039629994035923 0.376236533664446 0.195962220019236
-0.0283884497761415 0.04666783557277 0.235635254093675 -0.0872356074838109
-0.00900232224399421 0.0306184684070385 -0.0634374874706934 -0.149073648379228
-0.00321689361815746 0.0166261217738745 0.0549586673988729 0.0952066883332366
-0.0344243068502459 0.054041024843261 -0.163734746043546 0.0162013062482363
0.00333385864116534 0.027420521414686 -0.368185605364552 -0.207665135569257
0.0155149141441161 -0.0543001903381102 -0.0115637837143906 -0.524183786842271
0.0690190422036593 -0.089985224086399 0.654426421650652 -0.305693785960685
0.0861844672725206 0.0400622417192257 0.686163548970638 0.451896556722956
-0.0152548541864833 0.124595405678458 0.0573330234729447 0.585198447816747
-0.080841231785722 0.121071349452053 0.0527144672315304 0.0751636608085372
-0.00642733816102412 0.110284863167612 0.0379528585577157 -0.535042250009795
0.0769011270436599 0.0296634120259836 -0.616496300301108 -0.559433013476263
0.0661846596483448 -0.0497243287250599 -0.772637905383934 0.291047773933654
0.0142250894584651 -0.0224201213824478 -0.045732062603022 0.661314078504318
-0.00158395590109026 0.0462359044830222 0.364837654203786 0.26454476802245
-0.0299048862026831 0.0524770922130334 0.25360192057007 -0.0469642207312141
-0.00974915617981979 0.0252928193692808 -0.0580440106510395 -0.144074769881179
0.0125098931587871 0.00510839107438334 0.0385699304945899 0.097064336468545
0.00308188991745741 -0.0257640711284845 -0.202419418227722 -0.00638215354169957
-0.0373828594932477 -0.0285168822457633 -0.338537446166679 -0.277427101917187
-0.0684773055246459 0.00483854412912651 0.11179527699515 -0.547179476249739
-0.0334140042691852 -0.00226088199560389 0.714359508461838 -0.17506053543746
-0.0328142699075973 -0.00645724861139129 0.567708301157189 0.562274967343372
-0.00452398818012913 -0.0749541471801093 -0.0235566938871659 0.530830329958327
0.0180179693428655 -0.0983251614132694 0.0795801061676013 -0.0114627177685496
-0.00190121573333289 -0.0685971449482956 -0.0400029675266059 -0.59316649300982
-0.0419503711851547 0.00971661836578707 -0.727241555278137 -0.433661498869492
-0.0562860604049732 0.0466561678253667 -0.677080307098149 0.415270854753042
-0.0694124302682445 0.0339561906065628 0.110044490942858 0.599213605608789
-0.0291841453754968 -0.0198381231344244 0.398963121559477 0.180866057466386
0.0203404597477903 -0.0358501139497785 0.207892936140456 -0.0681992229271279
0.00639036978742265 0.00704034598776337 -0.0822676742122958 -0.141146917878552
0.006496557863075 0.0105894173553453 0.0338914090966324 0.0934223363635401
-0.00794031513753523 -0.0206022666349642 -0.209352540968005 -0.0325822218698203
-0.0390749793561794 -0.0298262732657419 -0.322787965693059 -0.321497082944358
-0.0544044872138099 -0.00483750722033996 0.175233521885716 -0.52796773596809
-0.00757920962539226 -0.007061291849152 0.744669576959962 -0.0626297889383514
-0.0135010321862627 0.00205426851779283 0.498635489488582 0.645718160305634
-0.00250056452287885 -0.0506432199077688 -0.0623063445842963 0.516250638949346
0.00834410630664701 -0.0675713519103973 0.091752345741908 -0.0466247205415102
-0.00153009761520793 -0.0385350724927159 -0.0885962532282262 -0.602387239404828
-0.0213165761026811 0.0181570849684113 -0.763618485683993 -0.333501649042198
-0.0406877294855008 0.0393872089336463 -0.605787225031438 0.502620373549417
-0.0660184139481049 0.0256526218643783 0.16751622206906 0.577645109848046
-0.026588008183044 -0.0208460319734773 0.394757933003029 0.126066861551306
0.016738696549816 -0.0262206389076053 0.193507218076324 -0.100074107806481
0.00233953551677134 0.015365455968736 -0.0817723697910604 -0.148155460053595
0.00306943754292621 0.0152876658802525 0.0324180298474108 0.0907069683650692
-0.0179975294151202 -0.010338570760534 -0.210850764848233 -0.0518853046964122
-0.0353123806994879 -0.026667348044026 -0.312032758804036 -0.348341883177533
-0.0376885131930619 -0.0166838946322169 0.218894998514052 -0.504778060201986
0.0238217152309706 -0.0141174368216223 0.758614169242388 0.0210691858379142
0.00675069514317019 0.0211674710916814 0.449034378868655 0.698232899212964
-0.0102407302442215 -0.0114363050937685 -0.0844872060943192 0.504961810829903
-0.0096752910144208 -0.0267550179353301 0.0987482520086884 -0.0673987388610191
0.00515591537233922 -0.0059537012313718 -0.120865749970903 -0.601191781842031
0.00664538125597322 0.0203259292914468 -0.786247525695521 -0.262445316391486
-0.0223056717760864 0.0224425855970741 -0.55840844598683 0.560925474052904
-0.0571920849189492 0.0154677029620802 0.203275144637834 0.560304498139635
-0.0218125236499534 -0.0136794649380843 0.388395784505306 0.0892525589892984
0.00928021775011796 -0.0124026647196663 0.186008280223755 -0.125089671214333
-0.000690157266114599 0.0223516714420152 -0.0809507475495717 -0.152525396863831
-0.00203910011619059 0.0193102185767971 0.0327456944319906 0.0874693672850877
-0.0270856605277708 0.00449044362705267 -0.207893514174436 -0.0589920619142717
-0.0264200284276595 -0.0209922410268677 -0.31229980879881 -0.354806106574382
-0.0170565366589897 -0.0316126413659581 0.228885960667066 -0.493110211347932
0.0511497990902433 -0.0224999064033403 0.765588673415937 0.0505128999053959
0.024094080971 0.0446206581229153 0.442342222909827 0.717409716354226
-0.0238272996004613 0.0346758163510733 -0.0899214093266922 0.504434179587346
-0.0293738760839299 0.0194403297811479 0.0995760915295553 -0.0697953030669759
0.0145514363707014 0.0279377008359646 -0.129621152651088 -0.596660789588558
0.0354450031860362 0.0159658563966544 -0.787465631448949 -0.236663762140995
-0.00214312001777339 0.000480813718353099 -0.544152880235319 0.580784547421585
-0.044596033013986 0.00751546246013982 0.207381835195725 0.559514359963464
-0.0193418913968915 -0.000981888693004109 0.384618968389804 0.074141980970207
-0.00074075101912623 0.00510479745279632 0.188727628123012 -0.136385009147973
-0.00382935362124948 0.0281501813541286 -0.0778192574205408 -0.154275073406889
-0.00484518254522512 0.0227698681344172 0.0360396160102333 0.0874545040324736
-0.0330971165544983 0.0196525846819951 -0.202421214140028 -0.0536984023375895
-0.0181695943052343 -0.0122316553236163 -0.321828493608267 -0.341166614891455
8.24983569012588E-05 -0.0457788160112473 0.204985448476977 -0.495901992383934
0.0719609343869495 -0.0352419912372689 0.762627961706584 0.0184214754648719
0.044115731813331 0.0644750620941091 0.470953658679196 0.700020848725568
-0.0349940593560244 0.0793060198291789 -0.0791492699923366 0.517171318459479
-0.0487574234474444 0.0629093400080137 0.0936505341623526 -0.0529030211999497
0.0208506501620311 0.0598034590205971 -0.112176895852513 -0.589658150735647
0.0621653436421264 0.0124312203405385 -0.773831010430737 -0.263220074626695
0.0209790370882915 -0.021319995972611 -0.571228841736214 0.566535472969303
-0.0298729406597766 -0.000404241194382218 0.18373934357767 0.578498355272606
-0.0167362371109219 0.0136656811506815 0.383321629317586 0.0913572679862277
-0.011964687774732 0.0219844187578689 0.199659470152353 -0.134784036017614
-0.00551096350892601 0.031499999599571 -0.0734801676990487 -0.154180605885172
-0.00715964070206355 0.0236590853435453 0.041298616744356 0.0880789014870496
-0.0362622327068225 0.0357492061983672 -0.19229531525208 -0.0372265419156312
-0.00935055099830057 -6.56465346992345E-05 -0.338282745166899 -0.308088396969652
0.011175814635417 -0.0557758879561957 0.15083418946761 -0.510765924141025
0.0821659941735198 -0.0537835764206607 0.747115541935698 -0.0677671571758787
0.0641202160863661 0.0711025319670988 0.534654265965936 0.648663397671524
-0.0367749400980295 0.113111524073331 -0.0492288767301652 0.541120342708639
-0.0644036896264008 0.0981502619479827 0.0817292458122995 -0.0186512503729576
0.0203691686618215 0.0874277027434849 -0.0727094417918913 -0.577626173278609
0.0795088587125697 0.0133623258885976 -0.744107925493002 -0.336020740972572
0.0431822177885785 -0.037554074533765 -0.62574299620262 0.515094038671417
-0.013426736332699 -0.00768262192936998 0.131813691667572 0.610050983592786
-0.0129680162372746 0.0281187360011279 0.3825533092019 0.131671391664086
-0.0224944403195919 0.0374245315108352 0.214910995103742 -0.119224222358373
-0.00781837053174357 0.0325821867328672 -0.0701200654344167 -0.15195530762703
-0.00599696108400367 0.0210766184664976 0.0474555894757478 0.0910764086069304
-0.0352728696562171 0.0474565537078933 -0.178179233271792 -0.0121111472260021
-0.00167540867424837 0.0145081886487933 -0.355724076417494 -0.261619235634649
0.0154673017437375 -0.0587056895283247 0.0705378786398646 -0.522397706759195
0.0808470197229189 -0.0740614508098662 0.711681455925446 -0.183518207517242
0.080106036325148 0.0610377102460565 0.61541287460819 0.560114025081486
-0.0280636360497359 0.128843847361075 0.000920917587916463 0.565198511943232
-0.0755782646128225 0.119161445841202 0.0679272770605309 0.0257780926621154
0.00951184610178946 0.105023139463495 -0.0203872707928147 -0.56010879801501
0.0859523340091509 0.0197685014988524 -0.690812765191105 -0.439387184075322
0.0601556957874519 -0.048031499601782 -0.699221925724623 0.421444142436169
0.00282557207621548 -0.0166182338626963 0.0552229882742419 0.642921167810611
-0.00742010355168576 0.0400975436066628 0.378441343746756 0.193810344624528
-0.0286810295986759 0.0475556608233692 0.234713433951193 -0.0881967122331463
-0.00893794334628548 0.0305346176009577 -0.0639933344674081 -0.148239159621334
-0.00291054374293281 0.0153259533535929 0.0549911913379781 0.0946215659651237
-0.0337657552905858 0.0540406473235121 -0.16429131575809 0.0167325165898417
0.00389206714221864 0.0270905184244404 -0.368064307459935 -0.205427847720249
0.0146001276377287 -0.0545594098328927 -0.0118944393531652 -0.523124455879353
0.0683322370295111 -0.0906514950388669 0.651539411820584 -0.307393602540321
0.0865418163802977 0.0402731940899925 0.68539539879678 0.44781939779781
-0.015619916061328 0.125340470974247 0.0619969424884191 0.581985198325334
-0.0797598695623294 0.121482971315427 0.0525866251547763 0.0744719243333808
-0.00657506628695829 0.110828412344754 0.0348477536410818 -0.534643990893112
0.0772664527290586 0.0285821723090844 -0.614890165357361 -0.553301871277141
0.0657501876029076 -0.0499280706011056 -0.768510744758395 0.294582742000806
0.012761053755094 -0.021907447555107 -0.0423938489614961 0.660658737236516
-0.000414239154174427 0.0465325316403639 0.365572064329547 0.263792821474877
-0.0297323300815707 0.0538548443992456 0.254932621156824 -0.0491388529252634
-0.00944585625788151 0.0253817214127079 -0.059117046175112 -0.142752797043698
0.00833900120349593 0.00680813338850327 0.0179287410376248 0.105278650573275
0.0106098777200906 -0.0263038581545116 -0.197339918732675 -0.0458808843515737
-0.0241768128586028 -0.0380477912583659 -0.270953027625871 -0.339074038777783
-0.0620010520572707 -0.000742390601058366 0.218707790817957 -0.514011200172606
-0.0408059817762558 -0.00196482576833208 0.732395340176266 -0.0247902330384167
-0.0344509103869433 -0.0178909233278862 0.434701926496814 0.671605832227629
0.0146137112972614 -0.075846743359564 -0.138439482664486 0.522659060992521
0.0378199918594277 -0.0930435138442793 0.0801961280563245 0.00546921871289392
0.0133426655048659 -0.0650844792630613 0.0902886159756312 -0.587936349509604
-0.042836087120154 0.00126507626708786 -0.609929326203717 -0.579045207534678
-0.0639145834841913 0.032611731690648 -0.74775623728323 0.260599431339926
-0.0708591820371303 0.0163236399377576 -0.0307156085785313 0.613434043955431
-0.0211198924824047 -0.026407058259727 0.356183979834545 0.262289242312827
0.0274901450703771 -0.0319181326747545 0.223003979468481 -0.0230814018546159
0.00339097570041708 0.00573364241898633 -0.0495534014975738 -0.161990490674155
0.00368116115901179 0.0100557838035066 0.0147214173490859 0.0997486315414375
-0.000123672865235387 -0.0227456593780598 -0.198779502223589 -0.0741356342764163
-0.0255732034452592 -0.0376026454212798 -0.245274743584161 -0.380098911764435
-0.0496922275574352 -0.00837829876341644 0.279432841492553 -0.479295694334778
-0.014080822791742 -0.00289485457987693 0.737243349136946 0.0901562159752473
-0.0165256255553565 -0.00556754605924813 0.352633489639045 0.737894113509245
0.0116592120217264 -0.0487334086965969 -0.175517119306137 0.493235973805304
0.021043525849256 -0.0641901613288054 0.0991597641205983 -0.0257930082625938
0.00684775971909445 -0.036311511045156 0.0441759838929456 -0.604367173421108
-0.0236705984081526 0.0155882268899848 -0.668631307651637 -0.491499973775211
-0.0472939770650462 0.0286503326266628 -0.699299630635029 0.360818598875691
-0.0637356156746276 0.00901396684005129 0.0344973343814729 0.604560624867177
-0.0173538146630408 -0.0275587417937426 0.363516289698129 0.20687815090668
0.0224127540802538 -0.0249181720301871 0.216280301203701 -0.058958272864538
-0.000199551273106964 0.0153667678917935 -0.0484387506488749 -0.168007710523887
-0.00222688743094942 0.0147868728402848 0.0131667634051258 0.0957057172919263
-0.0131386617344146 -0.0149210678694097 -0.196816665526197 -0.0929627892202578
-0.0217738602064029 -0.033306701147374 -0.229356555734158 -0.401890146374598
-0.0301849181558291 -0.0162705228259924 0.318217490933605 -0.447899809863388
0.0146430820906632 -0.00534680500666388 0.735888455717052 0.173716437911629
-0.00120897876094657 0.0163156960650844 0.294086636478305 0.779945344336241
-0.00494915010936788 -0.012954850908179 -0.195616759052457 0.478716028089928
-0.00472996570510745 -0.0280987229741863 0.110025921096825 -0.044498329109411
0.00594732784469581 -0.0031563029985022 0.0119168429388485 -0.612012875452096
0.00231060998536712 0.0244585858312159 -0.701940687174497 -0.425718406945113
-0.0259783868424523 0.0173030031702544 -0.663205777554098 0.426288829531318
-0.0538585323568665 0.00202584379659511 0.0742597230163383 0.593312864350353
-0.0155647701190776 -0.0197288708956419 0.365372690796687 0.171212867957828
0.0115651645212674 -0.0125010284214796 0.213128820567893 -0.0846968901751117
-0.00544989069665003 0.0217112196252796 -0.0457991080544291 -0.171283286000628
-0.00709533980193196 0.0182565869104466 0.0142388339814621 0.0932090584010881
-0.0246940987722286 -0.00245465760446099 -0.193594120908265 -0.100305641163005
-0.0150348960540578 -0.025521339142208 -0.227910080834191 -0.407172181636289
-0.00770203044165491 -0.0263514854807948 0.326046858320368 -0.432721478104787
0.0433880365554464 -0.00766955611342409 0.735535162445239 0.202950871916699
0.0114568651140673 0.0427783388611828 0.279873954985111 0.797043150566506
-0.0279157501616951 0.0296672982813595 -0.200707077648939 0.47665361348534
-0.0337075435105308 0.0124787210020262 0.111378492576911 -0.0458489383175218
0.0078727436023892 0.0320372731916867 0.00236642044082753 -0.6083612521433
0.0309459508598547 0.0256635206516742 -0.708787372208965 -0.401036530424049
-0.000922447324744648 0.00175210528589457 -0.654159817839459 0.44977059195391
-0.0399329687676405 -0.00339838528775311 0.0790827345907643 0.593774872533684
-0.0159452629679953 -0.00774756651264729 0.364205365913465 0.156001981584309
-0.00186876326333978 0.00315100786838407 0.217527418604129 -0.0960085197821457
-0.00985547291558108 0.0280032880080721 -0.0422645031423705 -0.173753567762623
-0.0109143534220787 0.0204182321577604 0.0176470189378188 0.0931649202313552
-0.0335063006605552 0.0117169530858101 -0.18822428407196 -0.093766214375336
-0.00767041175911358 -0.0158102617508812 -0.241927854612096 -0.397409060534252
0.0115289696421294 -0.036515147103549 0.30220351207296 -0.441593490260846
0.0658180846151654 -0.0152142305006626 0.737253825170243 0.172843580441158
0.0251716955381185 0.0661932095089565 0.313069070567444 0.78553681075626
-0.0472940432534856 0.0697827830149388 -0.19320980176603 0.491883968838028
-0.0619607615297967 0.0518448011864276 0.103098510102038 -0.0306279780498192
0.00770104394424221 0.0635407300284388 0.0166914042725644 -0.596068327462337
0.0578380642883492 0.0281543212272177 -0.692061244502983 -0.422369317223706
0.0256519128084473 -0.0150584550666212 -0.674117153978715 0.428552823290737
-0.0236199975713083 -0.00771324573278877 0.0525614022557168 0.605523998032922
-0.0169904129859575 0.00912403560115748 0.357427412818864 0.170803049510595
-0.0168800348627331 0.0167974166611522 0.228027583710081 -0.0915919507541495
-0.0127541723190177 0.0305623744121167 -0.0383291686979072 -0.172385780369306
-0.0125704577981789 0.0197990096201064 0.0219374417429036 0.0954586915559443
-0.0389068380786642 0.025571370248842 -0.18093915685988 -0.0769507243536493
-0.00195689333194011 -0.00246324891642169 -0.265664482084154 -0.369536651212643
0.0236799533694138 -0.0437514511185732 0.252138034899871 -0.466158374626455
0.0810989052179769 -0.0303301089678772 0.740390013223151 0.0848530767465561
0.0432225646585414 0.0766864679728323 0.386508044320212 0.7485776667036
-0.0554897485867135 0.102008447384888 -0.168337234085299 0.521228466285629
-0.0856763652141624 0.0833719757088709 0.084456544466791 -0.00126135339785532
-0.0003381669045584 0.09032909377432 0.0523931660523338 -0.578307940730749
0.0748817194252981 0.0327883976765572 -0.643262477023745 -0.48788198008952
0.0510405020460418 -0.0273756309648885 -0.715909671585274 0.366286912429241
-0.0054981206934095 -0.010553414406701 -0.0052553088155805 0.626416213487794
-0.0167906367087802 0.0239544688208337 0.34868436367998 0.211244213693191
-0.0289287543625522 0.0299469442731056 0.240713469654062 -0.0727878099008938
-0.0145463720179186 0.0303728511024441 -0.0353090102886616 -0.168645725404786
-0.0112525510926901 0.0184543149550016 0.0288794626796359 0.0994936171517319
-0.0419834180319389 0.0373579233729476 -0.174157224977307 -0.0484614099038549
0.00126183245304031 0.0121371466237188 -0.291422414780518 -0.327417387955146
0.0291832229902005 -0.046365753476233 0.178131029653208 -0.492674989020287
0.0849572513373115 -0.0495919839773069 0.727721474058291 -0.0329858914982025
0.0599224388902381 0.0714948947411351 0.482750066165474 0.679385506339433
-0.0506161356439896 0.11962082843309 -0.126394454300169 0.556790853867446
-0.100697011572981 0.101154214742608 0.0608306666113885 0.0406660070202577
-0.0149609651090284 0.10600648737487 0.100276165054125 -0.548968803446828
0.0782268232759322 0.0397804480360026 -0.57058501433885 -0.578598606154431
0.0701338279094721 -0.0332098511572477 -0.767471220904155 0.258313656911523
0.0115266723413161 -0.0139081281131565 -0.088177211795752 0.640765725296814
-0.0138629948811239 0.0369994971495941 0.332512248625905 0.271870568903422
-0.0381598366886884 0.0379632057051803 0.253142190667754 -0.0373987357633708
-0.0147844253450206 0.0286886551165149 -0.0307105771191987 -0.163791262455434
-0.00801724397827626 0.0141948282019172 0.0347957221923404 0.103341502729633
-0.0405085904418932 0.0434417001111446 -0.165892469872445 -0.0182547962584708
0.00374422888207731 0.0246309062792325 -0.316991636033621 -0.274483426965881
0.0292600823571857 -0.0428963921591428 0.0952857446315094 -0.511510703884594
0.0763427951742787 -0.0653454965956213 0.695977741850734 -0.167564534493617
0.0702151729877025 0.0535826114481876 0.577319625953565 0.583519902015699
-0.0378073352574824 0.117382656884498 -0.0705948131156963 0.588166065560654
-0.105382976152984 0.102856281833708 0.035333768756965 0.0833114009072253
-0.0313806599520298 0.107215026388998 0.149242907845525 -0.510592433929181
0.0670708219719497 0.0466815969389181 -0.472712730335478 -0.670537987833637
0.0753346589970837 -0.0329216336310968 -0.808394087808595 0.121194433555583
0.0236399995563517 -0.0164382424933669 -0.187414647232281 0.637516787974279
-0.00929798332442798 0.045241444367972 0.30710137955043 0.339325232000354
-0.0404096914501231 0.0435739736032475 0.263733550582117 0.00618559029766139
-0.0137083160087122 0.0237912814594029 -0.0258006647125612 -0.157677584918507
0.00853636338017722 0.0067583731647504 0.0177913671604056 0.104388879057926
0.00936286034867035 -0.0259670067960966 -0.198695666488021 -0.0447899926777037
-0.0245576696384684 -0.0364979649911091 -0.270729532000644 -0.335742744068865
-0.0626273840255684 -0.000776855151518346 0.215447146827838 -0.511201224727714
-0.0405387970150313 -0.00279923010436402 0.729695883231101 -0.0297137480382249
-0.0342254895966427 -0.016489359127518 0.438207249924596 0.666623026989681
0.0137247926997406 -0.0746492692560852 -0.135389006432553 0.519804881641777
0.0370175411163275 -0.0913367850018954 0.0804731384569024 0.00433261757461778
0.0122554961645087 -0.0674109431246771 0.0859166486203873 -0.586444551681097
-0.0417864919617207 0.00177840435095372 -0.613393172719358 -0.57330764885498
-0.0617644586062152 0.0335165575049134 -0.744864818517838 0.265225502992624
-0.0709722008389481 0.0177971248026208 -0.0236142093822323 0.609695931147139
-0.0207381828560956 -0.0268999364061767 0.356352677372383 0.258042919232087
0.0280737909566767 -0.0313228178455824 0.224245768187278 -0.0251388279657184
0.00451058823772108 0.00739695703157757 -0.0493897772824889 -0.160247303986999
0.00336980638436361 0.0110397126595274 0.0153467803157113 0.0979114817748472
-0.000678653298415098 -0.0224021998904041 -0.199469628022961 -0.0714472881852101
-0.0249916372629026 -0.0373751647358677 -0.248014225312198 -0.376175550338461
-0.0503984394312268 -0.00661365747831713 0.274662219894662 -0.479069281167478
-0.0146842128728564 -0.00402556151726092 0.735558427411665 0.0841619062123001
-0.0168859131741691 -0.00561868636086368 0.354742888245277 0.734796376100132
0.0109186871633966 -0.049284052947952 -0.170642330471302 0.494477146155125
0.0192296321325954 -0.0641449531146686 0.098057561858708 -0.0268480692397204
0.00613054476905327 -0.0368045238416242 0.0419219950524281 -0.603645850992707
-0.0228305080038235 0.0164800441963201 -0.669995358825713 -0.486111073881913
-0.0470690265895924 0.0295228172224631 -0.693536414252917 0.364729769316907
-0.0645535045961594 0.00993666005524508 0.0388846826956401 0.601603206841736
-0.0173568519005139 -0.0267405686574641 0.365693513765717 0.203632441179936
0.0218902218405876 -0.024008655693082 0.216416532611594 -0.0599842579164876
-0.00069577238899211 0.016811316867737 -0.0478176553808745 -0.166824253054036
-0.00119590758787205 0.0147134191990176 0.0133100338175724 0.0946099218549887
-0.0139895506994551 -0.0145664041449846 -0.196912545049221 -0.0914155107865244
-0.0217575859920216 -0.0325833242939205 -0.232412332247658 -0.399362825491868
-0.0302311384251422 -0.0156617185663955 0.314058354260307 -0.447176485104905
0.0151625256063783 -0.00536016580021605 0.733941005781325 0.170070788595894
-0.00148904433828652 0.0159875947513877 0.298076944951775 0.775531731386472
-0.00503515732561276 -0.0129778701038374 -0.191594437539533 0.47815214920873
-0.00532808047792786 -0.0288220508095725 0.110117564325268 -0.0446054452172047
0.00588945859793642 -0.00331124420049203 0.00907178607951872 -0.607855876342514
0.00250126832285114 0.023118077172476 -0.703445591742393 -0.421105647735986
-0.0258424393785506 0.0176381672990714 -0.658609097718767 0.43044641026307
-0.0536443239023357 0.00266770276369781 0.0774677199799458 0.591925791536929
-0.0162262970046072 -0.0203676910404491 0.365154016198226 0.166534935472556
0.0108971944031388 -0.0112250505220775 0.213381682000056 -0.0856464156084351
-0.00547908848057653 0.0230328230606598 -0.0467388012448832 -0.170871058940168
-0.0073334683610073 0.0182227471154778 0.0147324618461787 0.0931858905077147
-0.0242334497573893 -0.00281155886738788 -0.194492092917815 -0.0982693763114644
-0.0159775001259602 -0.0260582768379317 -0.229494846947164 -0.40371656055106
-0.008215605996295 -0.0256796529741982 0.322686400000768 -0.4328043825463
0.0430766445471635 -0.00841263911692913 0.735438253481912 0.199650139004278
0.0112052689776758 0.0422590136864815 0.283288028198699 0.789934086877956
-0.0279427233095827 0.0289329863842978 -0.197786786819338 0.477224839740844
-0.033677276067281 0.0132248130690562 0.111142980909086 -0.0464262520639003
0.00760423124901817 0.0315816272242564 -0.000969743357757701 -0.606458280165237
0.0309715238904403 0.0257480443556331 -0.708813288387256 -0.395968740625583
-0.000295323301339665 0.00103647637863967 -0.649740244472888 0.451481406889038
-0.0403365836760847 -0.00294791198154879 0.083822954240052 0.591848847386587
-0.0160129866778898 -0.00639473941059684 0.364209634890469 0.153113197632022
-0.00219437115755478 0.00359638819147734 0.216825016325843 -0.0971765328581884
-0.00953462319341845 0.0274990536435791 -0.0437773452263961 -0.172153398523841
-0.010325070140037 0.0201648248691749 0.0170835818443699 0.0932058019559268
-0.0344100789532038 0.0119973195535135 -0.187972377502947 -0.0927835501402754
-0.00864198813064494 -0.0154422589171625 -0.243284156342118 -0.394678183290708
0.0109570006406289 -0.0360576552885158 0.298930617186532 -0.441620666981484
0.0660036954342523 -0.0168110812364383 0.736095439350214 0.167554341933279
0.0256646735636715 0.0651242120157797 0.316179225971646 0.781108447899232
-0.0478540844440192 0.0698138319319885 -0.189991209432198 0.491517932830364
-0.0620899471939754 0.0521029384738164 0.101824031895062 -0.0307076688360119
0.007282540027081 0.0631795432823881 0.0131377379903102 -0.595039167786
0.0572174560642236 0.0276054645244028 -0.691638902812991 -0.416957780260029
0.026316872675741 -0.01458818066922 -0.670231893117397 0.431078084782395
-0.0227840293081686 -0.00649469302995242 0.0567281632132186 0.604401541482665
-0.0171028592609784 0.0085234426949913 0.359135707430097 0.167740111348623
-0.0166487690234496 0.0178130546669449 0.227254247504056 -0.0930673997454095
-0.0125414466205464 0.0313827173916351 -0.0394079183772095 -0.171318104689894
-0.0126901143258603 0.0203732247456521 0.0222664216465713 0.0952554433461204
-0.039732419896196 0.0263621557214403 -0.182876520501723 -0.0742511406033547
-0.00175104936699637 -0.00254378557774235 -0.26705451709344 -0.366535487093914
0.0238047731475243 -0.043693413712701 0.247807097118948 -0.465622275192405
0.0801072089759125 -0.0310737875460338 0.73978426357134 0.082366623370991
0.042610584105582 0.0760860981905656 0.391070114142784 0.744802004521792
-0.0548336132843116 0.101402093036879 -0.164748556481297 0.520411124721037
-0.0854021186669151 0.0836003969480547 0.08455380985927 -0.00131088501024156
-0.000457761691004982 0.0901564134099705 0.0491649310764882 -0.576669837286953
0.0746866888702466 0.0309370522338061 -0.645966790341264 -0.482751792986458
0.0513381522162642 -0.0275074442315006 -0.710492866410578 0.370447580781666
-0.00573390180902787 -0.00980624150816823 -0.0020387458526294 0.624004321797474
-0.0166694865013183 0.0242204681955382 0.351152658470332 0.20947250642023
-0.0291194883019756 0.0302694681317164 0.239076289339279 -0.0728376720637358
-0.013506181599491 0.0322113655367736 -0.0362679961225666 -0.168180767336191
-0.0116912042187698 0.018966740567245 0.0298326888386615 0.0985200019124114
-0.0417105049540395 0.037942220023588 -0.174921486787391 -0.047491993822939
0.00231003269127304 0.0118525857662984 -0.293349963833423 -0.323826323210266
0.0294241338426013 -0.0454351858705058 0.174188495195847 -0.49155290575176
0.0836147929504731 -0.0502921738337749 0.725855394914889 -0.0390996770062753
0.0605200908665842 0.0706525852641361 0.4859589359355 0.673801014538467
-0.0504081987544206 0.119358556301699 -0.122765336351967 0.555536437592555
-0.100382869130045 0.101154954552864 0.0606315802337449 0.039764138999221
-0.0145569568103372 0.106230512876669 0.0971545447349857 -0.547754599713661
0.0780872252377221 0.0390860681773295 -0.571604448377306 -0.571888867708053
0.0694048325852322 -0.0340750015297609 -0.76365874824144 0.264577055791609
0.0113926072974226 -0.012986616492857 -0.0844449583680302 0.639468438331364
-0.0136979203871163 0.0365297510646337 0.332966136597868 0.269164822038773
-0.0375809096340516 0.0383786987118604 0.252389776517272 -0.0391718306301728
-0.0142819928609383 0.0289695315781557 -0.0309043009865857 -0.163030150587362
-0.00800217528713252 0.0135668067617519 0.0340831121828659 0.103963052752773
-0.0414272254273486 0.0434565472627373 -0.166634082590056 -0.0170886711670921
0.00397543892679619 0.0250806421982396 -0.31756127839783 -0.269926403578918
0.0290234673243683 -0.0429100208104639 0.0925368448820645 -0.511308709048079
0.0750353627391066 -0.0662873262620407 0.692835357648988 -0.171154385843056
0.0706348223750935 0.0528600410642937 0.579028798525606 0.578957073910579
-0.0364558765977289 0.117281699091954 -0.0675319832701908 0.585529854610189
-0.104908666462995 0.103384910354842 0.0353126440919573 0.0827889188602706
-0.0314284116869657 0.106776028844784 0.14603106345088 -0.509721853345792
0.0672179005062247 0.0460109868831309 -0.475848834663466 -0.665039442311769
0.0756529466427544 -0.0332425586524899 -0.807048902715212 0.124042194882604
0.0220785052140009 -0.0154939673065147 -0.18158348914896 0.636756050744946
-0.00931766157174662 0.0452981306387171 0.308182289717758 0.335315017034662
-0.0406754922303262 0.0440991359452854 0.263776012953516 0.00471445529609959
-0.0138853341304799 0.0241880913146621 -0.0264526778242999 -0.156245503338843
0.00864204800588996 0.00610609449532246 0.0195279189336993 0.103148630459773
0.0103916154473829 -0.0259347684023405 -0.199204372241565 -0.0420492008364727
-0.0246633786347869 -0.0356795081889141 -0.27176215738268 -0.333814506557009
-0.0618558102984583 0.000525226177012835 0.213454257440902 -0.510621748207762
-0.0404348768205576 -0.00304074242938769 0.72695334029916 -0.0337619797002492
-0.0352735883957118 -0.0161818412895418 0.438817324631551 0.662177382790753
0.01253661445422 -0.0745047303861592 -0.133509332911519 0.517725920210525
0.0359967644008291 -0.0918311368695198 0.079808259703642 0.00314783342384879
0.0118636061489885 -0.0659661300061148 0.0811607183075705 -0.584707060351488
-0.0408821410502088 0.00101468098777457 -0.611307760805197 -0.568692904557721
-0.0599899853685544 0.0343901070301487 -0.741509918372683 0.268973380744106
-0.0700378662241884 0.0187302156798924 -0.02136669353283 0.606998003363241
-0.0210806715075323 -0.027650588240808 0.358747181701799 0.255130934007557
0.0273304493772897 -0.0323087322581494 0.223638502972216 -0.025254188010432
0.00347074703140494 0.0110925281819166 -0.0499538085345075 -0.159265360683025
0.00377115163241518 0.0106546543269111 0.0157126452873028 0.0980175717904034
-0.00310506012967207 -0.0219882114460156 -0.19923466488218 -0.0702224775291246
-0.0279348048921219 -0.0363556413071595 -0.250305549063266 -0.372673040582867
-0.0490698093425641 -0.00583030360218958 0.272113786094386 -0.480007531782326
-0.0146772041910662 -0.00413674492291802 0.733040874884951 0.0809214616124404
-0.0171166158715005 -0.00484918373546825 0.358955264366171 0.730044899252408
0.00919595550747154 -0.0479876753440333 -0.168623525678642 0.493568104911849
0.0176915535818364 -0.0630779922213593 0.0983086729887195 -0.0258163144002694
0.0065573411210775 -0.0365118124352139 0.0362937980488718 -0.600980245051709
-0.0234700584807206 0.0157593637671175 -0.671690504222254 -0.481063565483628
-0.0461260365664302 0.0305179902630612 -0.690521817078083 0.366003179398154
-0.0641229433765914 0.0103913933694987 0.0439997856786582 0.598526887724652
-0.0175328062667276 -0.0277566401570702 0.36555839189986 0.200507015411911
0.0214639536463429 -0.0245675303590041 0.215245745729042 -0.0605832378509288
-0.000206524438033741 0.0157333919633251 -0.0499455057784543 -0.165360915336032
-0.0018406368425557 0.0153232729394131 0.0131332373687024 0.0956199583629331
-0.0142549396712655 -0.0144380791457411 -0.197628620996621 -0.0898495402538337
-0.0228464135020587 -0.0328442708084493 -0.234582973454536 -0.396413940813748
-0.029949507142335 -0.0147508229978393 0.310285481507843 -0.446793980917388
0.0147794736158517 -0.00585288002115395 0.733350331307162 0.16542115674198
-0.00150935255902166 0.0165748661668652 0.301195129538529 0.770173701044201
-0.00604437626474802 -0.0125241648599049 -0.18813333023378 0.477373081238917
-0.00542312481606963 -0.027977283171496 0.108899175860792 -0.0455187185399907
0.00546334626897778 -0.00364403682377628 0.00504601970789871 -0.607205874665921
0.00305730771176495 0.0227455783509636 -0.703067625282323 -0.414933103912893
-0.0252499922132756 0.018218992800392 -0.653744734372289 0.431809906670457
-0.0536934375193138 0.00301673533965514 0.0802751298198554 0.589891006741097
-0.0161980298511108 -0.0200515744953792 0.367012534029461 0.164035817646069
0.011236752733258 -0.0108267386220389 0.212545453628825 -0.0867472715026475
-0.00533523284196313 0.0235877471439332 -0.0483306073279224 -0.169515319345616
-0.00752771662821772 0.0182516882326749 0.0139411799920718 0.0927033505010107
-0.0248992655945033 -0.00178356449734257 -0.194418429600773 -0.0970212787130711
-0.0158277483654132 -0.0261337125088925 -0.233029053392932 -0.399583014889071
-0.00855345897960799 -0.0251467237719083 0.317979867006204 -0.432622873998986
0.0427652483423674 -0.0090253631146154 0.732974657089701 0.194970961703121
0.0117655518904267 0.0425080213060652 0.288557024581947 0.786952210543134
-0.0277918850077067 0.0294286638615471 -0.193564703674765 0.475221642905029
-0.0343762747433075 0.0138747957125372 0.109555592362929 -0.0461340808218423
0.0072368073262668 0.0310688983478023 -0.00331139058175832 -0.60318213559042
0.0318702551908041 0.0255948996814332 -0.710839595356059 -0.390692049710031
-0.0002957593726386 0.00210591121719663 -0.644918672636505 0.453138331735943
-0.0405563281390305 -0.00215091669129203 0.0867309446769517 0.58978980004283
-0.0169725879296482 -0.00714320788042409 0.363988445039768 0.148640458823113
-0.0023838293241471 0.00413363024450477 0.215851237942095 -0.0970939085948918
-0.00955864742126928 0.0286188017296839 -0.0450311528804791 -0.170434546012043
-0.0111240980339267 0.0207670984102718 0.0173930171885766 0.0929899992786738
-0.0332406890416602 0.0124637473095171 -0.189407662330706 -0.0913260925416881
-0.00768824124659761 -0.0157094512822452 -0.244616031150448 -0.388685103430059
0.0112052313178762 -0.0352162721438948 0.295856901241046 -0.439929266672494
0.0652066238461332 -0.0171587490976238 0.736788156453594 0.164064313710228
0.0259435580555862 0.0652511741316714 0.319344353176199 0.7773991969454
-0.0462916585710262 0.0698625712223896 -0.185967184270762 0.490937812029254
-0.0605436614158852 0.0531629467412354 0.101471854033885 -0.0313334715239716
0.00802722263690914 0.0631956126723061 0.0103929321505865 -0.592318401807599
0.0574067208337855 0.0262292025873374 -0.691632488734748 -0.412668336466222
0.0264054867598183 -0.0155126436432331 -0.665353480030009 0.435736659361362
-0.0236178815580989 -0.00654742365999884 0.0590832714102923 0.602576665807773
-0.0166054057845618 0.0086935042915786 0.359225916212082 0.164831716075847
-0.0166102597103501 0.0177988248262462 0.226317858244123 -0.0938875462580642
-0.0115676139665277 0.0311510037567038 -0.0413873597680407 -0.170062818191904
-0.0124455663484234 0.0208726857950917 0.0231843094575113 0.0947731688356556
-0.0398850805087213 0.0263649599227713 -0.182858385048929 -0.0738429409654095
-0.00225612422001604 -0.00330780520982433 -0.268377660718488 -0.36142572739082
0.0229129251198586 -0.0434798218714747 0.24508964216022 -0.465694093310545
0.080030837580141 -0.0320444141860897 0.736877417407298 0.0794360516359101
0.0439471884264817 0.0756711225528715 0.391273027125357 0.738705573711093
-0.0557688404193582 0.10216940231889 -0.161020178840119 0.519761009118634
-0.0850338373490759 0.0841454776553922 0.0834607780270168 -0.00162974464273623
-0.000171354145355376 0.089547809471569 0.0474337637285465 -0.574653480954936
0.0747653851795136 0.0305348254684014 -0.647008910399041 -0.475890082094632
0.0511148735273197 -0.0280488601094726 -0.706035418460993 0.373256148236245
-0.00528317265721784 -0.00986627875143504 0.00126554072819309 0.62189217952394
-0.0163922779725323 0.0246684388409855 0.352426395974798 0.204122838552796
-0.02913759035448 0.0311378734253654 0.239212701137466 -0.0752156165400231
-0.0139793601094614 0.0316761598437184 -0.0370178590299682 -0.16682382109656
-0.0110161875440833 0.0189792360187847 0.0288698254806683 0.0988739074118193
-0.0417292596265023 0.038576811161317 -0.174549634131146 -0.0464169884125672
0.00128080000854539 0.0115844376707026 -0.294587515814171 -0.319448743303921
0.0290359668159791 -0.0463983187202507 0.170410346932817 -0.491003569369433
0.0824062159556839 -0.0513003374166604 0.724229595858704 -0.0420937080127379
0.060558071775534 0.0704615332662139 0.487653318085839 0.669100624154166
-0.0500658979904672 0.118978042845072 -0.119196826916216 0.552789564387127
-0.0994599576195673 0.101354748712423 0.0600413410737869 0.0386854504268348
-0.0144049460006992 0.105203596583022 0.0939525529774308 -0.545401775861023
0.0775224668076488 0.038166805860271 -0.574409713749468 -0.56612364548586
0.0689088913899072 -0.0342141243622431 -0.759431856283721 0.265965337471769
0.0112852033174765 -0.0132303645213043 -0.0795479809714481 0.637881457220258
-0.0137901206714224 0.0376821525071812 0.334744653233314 0.265844345909324
-0.0369094435748865 0.0402445698471591 0.252668749163018 -0.0413465705880418
-0.0143239360868764 0.0284887298723852 -0.0321938212360582 -0.161801529508538
-0.00863579158437236 0.0140186928679746 0.03472961437457 0.103324261206844
-0.0412003929513675 0.0441649007453287 -0.16619748671082 -0.0160671081117721
0.00433095045358288 0.0254951008911904 -0.318745693821515 -0.266322163774748
0.0288389795122495 -0.0420094854527696 0.0898059414622886 -0.508336890789538
0.0739690893925909 -0.0662405623421075 0.689689691314736 -0.174473213664702
0.0709418803773259 0.0519089993609506 0.580116089559631 0.571738140350481
-0.0361092718907676 0.117104051712853 -0.0640610077185216 0.583959371974023
-0.104061191281209 0.104089840272435 0.0357820132457059 0.0820739391339158
-0.0308232752962921 0.106898353795382 0.142105757592892 -0.50809937263489
0.0674122592048829 0.0447159407954297 -0.477085770579224 -0.660497381076962
0.0751915059054049 -0.0343450027140626 -0.802789333165799 0.129252830525841
0.0226965559094025 -0.015899139677166 -0.17639340019546 0.634017948791455
-0.00856634051543502 0.0454443752826429 0.309536893931734 0.33341072905752
-0.0393437439240055 0.0449465897183138 0.263458216816209 0.00173157670501539
-0.0140427732312372 0.0244955706688855 -0.0278074837893371 -0.154438780638652
0.00828604461658613 0.00718709255246432 0.0191543390801746 0.102186057935505
0.00825492852570271 -0.0261521705459471 -0.199175523129309 -0.041550662208974
-0.024742847691362 -0.0361420346981426 -0.274638809590115 -0.328115552582693
-0.0615077360176463 -0.000244348975477092 0.208492913281552 -0.510257911331424
-0.0401924889229002 -0.00214476811447086 0.722963655805422 -0.0392278902568146
-0.0347005037452679 -0.0171508278683432 0.442565847570197 0.656403106728553
0.0131576161685782 -0.0760852511388349 -0.128465559467291 0.516068684492619
0.0361376597542106 -0.0905970916540633 0.0796352231809942 0.0032493543026052
0.0120109348535635 -0.0651036526100326 0.0800630727477813 -0.582842288881574
-0.0406475443113077 0.00133114760892361 -0.614602605129609 -0.563359341752437
-0.0600038075453899 0.0349246618350369 -0.735034776578286 0.271721456600834
-0.0720572278627658 0.0185612451076102 -0.0174913300731252 0.606396570843587
-0.0212656998341376 -0.0268142555759431 0.357325523227892 0.251387663622053
0.0262957528521306 -0.0325764515380265 0.222928371702306 -0.026700064040006
0.00395772626834825 0.00983281975120169 -0.050738790331928 -0.159445090287289
0.00365109833098331 0.0110042009369851 0.0152579991230758 0.0979565818900718
-0.0031659608292347 -0.021594393165487 -0.200608450920925 -0.0676988534373633
-0.0264977587272277 -0.035304182802972 -0.250632350709315 -0.368914109696573
-0.0486652887123337 -0.00493761137204736 0.268938439796872 -0.476112348020189
-0.0141303795592117 -0.00440880121502942 0.731331553746186 0.080308028509343
-0.0174361453842082 -0.0036308500335162 0.36155779659062 0.723709882966992
0.00892068116212917 -0.0477350366540612 -0.163583583985364 0.493011451480901
0.0173744636320971 -0.062963484801319 0.0977893598871788 -0.0266447823715497
0.00473119451962128 -0.0377956063677881 0.0358352475078488 -0.597417671196326
-0.0225522111386632 0.0155456523193636 -0.671022457571797 -0.473789719916968
-0.0445353472848028 0.0305157321128236 -0.686132557929593 0.369608819887063
-0.0650153294174789 0.0111601414651253 0.0475616410615296 0.595841725864152
-0.017893281021656 -0.0285247763726309 0.365952550711619 0.198664097112799
0.0198908312050289 -0.023967270815869 0.214538395029992 -0.0624601984882893
0.000128597086180193 0.0174419800279795 -0.0502610636607229 -0.164053954565246
-0.00216386854138103 0.0153609807454789 0.0141822481684239 0.0945279919211671
-0.0144340417407997 -0.0141487172876956 -0.197300843657419 -0.0888370327997924
-0.0222486892941331 -0.0322455760078621 -0.23555282025148 -0.39153660089132
-0.0298569811837213 -0.0144078552781893 0.307099154821561 -0.447498161685475
0.0148489721379231 -0.00553148118094581 0.731175268762427 0.160447130114292
-0.00132342899485583 0.0156632433090138 0.303394791014892 0.765848772673799
-0.00534626143946608 -0.0126245072956035 -0.185584227621289 0.475281682487394
-0.00656146495972194 -0.0274436125328431 0.108558953031918 -0.0450457721311082
0.0047477378110549 -0.0039782377110344 0.0022264072772957 -0.603639006814545
0.00270245674845609 0.0226529149636076 -0.70350988716856 -0.408655582157206
-0.0250186917292891 0.0188046845529784 -0.64889741971334 0.435149165961596
-0.0540028303404397 0.00325346397038863 0.0840651145628661 0.5870090944784
-0.0172338845901193 -0.0199824080127848 0.367812844598521 0.161371202267688
0.0117343012986039 -0.010475396227383 0.211477086649333 -0.0881836286847291
-0.00481968980381327 0.0235169506980184 -0.0488602267422497 -0.168221841864373
-0.00725824396611986 0.0188938184458077 0.0140261610151723 0.0921325638476163
-0.0256297427951766 -0.00118499252416216 -0.194429611848898 -0.0943258789243692
-0.0156943875327123 -0.0256454532667645 -0.233664436999671 -0.395597566082787
-0.00826544824089342 -0.024616565651865 0.3156853670364 -0.431893830337252
0.0424193040672084 -0.00930771092722453 0.73140659232917 0.190646183113028
0.0121516610582055 0.0417455292529106 0.291171694862241 0.781682893214484
-0.0275933381735386 0.0290459119601046 -0.191088305100731 0.474340750454978
-0.0339615462572976 0.0136256457687679 0.110232609030169 -0.0475228748234738
0.00733577126426997 0.0302013612332442 -0.00713114200306704 -0.601705193787208
0.0315891315947767 0.0246525356255345 -0.708812343746549 -0.385445521766848
-0.000249970283714492 0.00125413829968567 -0.638607467806353 0.458792603552918
-0.0406628128448668 -0.00164722101621287 0.0907297836018997 0.587623802715187
-0.0163359459150545 -0.00684433798691701 0.364843872210326 0.146114334625246
-0.00317837316678166 0.00422805328409534 0.216147422614967 -0.098132231957796
-0.00904255258566576 0.0294124689012603 -0.0453371700250537 -0.17015523449879
-0.0109311795519022 0.019933686856329 0.0174296703853756 0.0923980566760348
-0.034456900581939 0.0126285050768368 -0.18976995215943 -0.0887885621122506
-0.00854935408539951 -0.0152329337104548 -0.247308949387986 -0.384179583777929
0.0107767930419661 -0.0356129917567154 0.29243691503854 -0.439270220653965
0.0643903209778838 -0.0178263595962069 0.734912308317714 0.1589861864345
0.02567468728339 0.0643514998255382 0.32069979748916 0.771595677802075
-0.0466750311463337 0.0697978141226678 -0.183676811565025 0.490768210572358
-0.0614828379095459 0.0535532059416733 0.100610483198459 -0.0321252970082808
0.00710087860467841 0.0633173332775273 0.00651036765710067 -0.590344484582314
0.0575150360329293 0.0258960640561511 -0.690870443654928 -0.406553006084008
0.0266645410069536 -0.0150738951079606 -0.659844989435412 0.438865116325051
-0.0239122691497839 -0.00613835910467553 0.0623150415203488 0.599112964140827
-0.0173542146690231 0.00813438505802136 0.359362809778481 0.160687771852182
-0.016662435271934 0.0184399944906052 0.225059012923574 -0.0951772082288801
-0.0112884624425992 0.0320984262258152 -0.0421843287513154 -0.169165752442882
-0.0116649217184442 0.0205476907991372 0.0231226921259669 0.0946973637919704
-0.0393870438797041 0.0270506381678284 -0.183295556838243 -0.0714565330193143
-0.00281223487368343 -0.00286638026168197 -0.269164936756089 -0.357438526934884
0.0226778768535342 -0.0429702089226283 0.242911850073924 -0.464293506181953
0.078714298161442 -0.0330906080989042 0.735295681041385 0.0740809088990388
0.0429906416976362 0.0754755773586053 0.394352847939824 0.734097368309012
-0.0550031409992988 0.101332693630131 -0.157172429151999 0.51718235605345
-0.0839980668440198 0.0853111371890459 0.083559521510906 -0.0018252112965405
-0.000678132132689148 0.0893474293950331 0.0426151148179681 -0.572025563187581
0.0740293742782193 0.0299720277140737 -0.647245006900786 -0.471531570656468
0.0509507647346871 -0.0279256137296922 -0.701362435365673 0.376188696723447
-0.00607305955586942 -0.00987397449014376 0.00826742059210777 0.619833974352182
-0.0158179851141443 0.0247546679699842 0.352469748002249 0.20104203837809
-0.0285083305060554 0.030971355386602 0.237742744544536 -0.075310399702494
-0.013223590664144 0.0318642858851191 -0.0378881130075772 -0.165355774078301
-0.0107189987119476 0.0184598691758007 0.0290614024196907 0.0981454186079927
-0.0415637264568381 0.0389422639320921 -0.174996649352623 -0.0440324613669939
0.00199608259575188 0.0110993703051681 -0.296049328908729 -0.315264911036149
0.0286775073549453 -0.0461222111308698 0.168728552958256 -0.490405359880868
0.0811935553597284 -0.0512275708797346 0.721865492942149 -0.0467311265979452
0.0606955944498149 0.0703809466793878 0.4895810056038 0.664598329655125
-0.0493531264679265 0.119072306565219 -0.115019324088218 0.551524540340765
-0.0988222924482669 0.102223040043086 0.0613101095279004 0.0384797066757903
-0.0138641198948003 0.105171604102483 0.0901269585350079 -0.544399354022955
0.0778515871144152 0.0373018684267751 -0.576203425127705 -0.561214851187893
0.0682630865772638 -0.0344654290095662 -0.75522141883173 0.270255378759923
0.0109309671692028 -0.0135516975208688 -0.0759187766580826 0.636285536869726
-0.0127130112780881 0.0367496191258194 0.33495707277392 0.26340264346837
-0.0374790645206891 0.0401522489211496 0.251713285127371 -0.0432761760139951
-0.0137232186941662 0.0295706709051699 -0.033166833410566 -0.16017309941981
-0.00780335357114317 0.0138859054341186 0.0347380439402506 0.102606520622032
-0.0407594024562777 0.0448004668601764 -0.166534898927584 -0.0151966837015675
0.00434648623478538 0.0255960100969673 -0.317863146181871 -0.262952378739418
0.0288186728217355 -0.0417922259398591 0.0860402069943273 -0.506802011813439
0.0730884019855208 -0.0673322062228839 0.686291381920678 -0.176941470442817
0.0698405249104142 0.0513401070464985 0.580598593804126 0.566173147532323
-0.0354411812975589 0.116754273576975 -0.0606695276863497 0.580384714231235
-0.102908696049433 0.10520855236358 0.0364540741790357 0.0812558212313604
-0.0303510249543552 0.106297450863471 0.13804794138461 -0.505415177252384
0.0664833094133457 0.0437131380466889 -0.479596397583165 -0.655445065048069
0.0742119270949841 -0.0349460715444521 -0.800440834252904 0.132936935511241
0.0229437324128897 -0.0159541282063186 -0.173202885489456 0.633362641383794
-0.0081353576251605 0.0453297905354441 0.31170088576293 0.327980644862689
-0.0397795229384727 0.045735837134355 0.263359505519905 0.000371372660581711
-0.0137218530953384 0.025525287535747 -0.0275062142247742 -0.154160534831145
0.00881294145490732 0.0062223540736667 0.0192954242933904 0.102569884511232
0.00789115709218793 -0.0270685700992536 -0.199798328340926 -0.0397737076028459
-0.0257438543194887 -0.03544913564698 -0.274817772007837 -0.326194420993101
-0.0618741662602133 0.00176145664802165 0.20487578314633 -0.506070336296295
-0.0396687737262898 -0.00180491559386108 0.720033768542591 -0.0417920589289819
-0.0349449854598925 -0.0159097513968478 0.443916809409173 0.652886213897364
0.0120151990928065 -0.0758738707821464 -0.126195886255274 0.514868711343156
0.0346405655360885 -0.0896546490594953 0.0802314313186345 0.00248987885053883
0.00927318615697106 -0.0665298511973047 0.075966390042305 -0.577873016147333
-0.0424568353674005 0.00111680583605933 -0.616340397579327 -0.557811571876592
-0.0594605152149903 0.0361662074037701 -0.732583992996749 0.274404805749155
-0.0714038591168383 0.0197720024180954 -0.0135581995783246 0.602120267659693
-0.0208908051744188 -0.0263460610689575 0.358081982226998 0.247460316523033
0.0243640003911682 -0.0313286688067904 0.222439264041062 -0.0273676299671585
0.00278128620129636 0.00966911432209873 -0.0505943817411847 -0.157501301765449
0.00430830103611384 0.0109159671222281 0.015276135109825 0.0978790054542146
-0.00399212871420721 -0.0230055160385128 -0.200012671096326 -0.0671257510525486
-0.0270071174863003 -0.0360047747148323 -0.25389490198926 -0.365130201971616
-0.0485178620473437 -0.00421359812357563 0.265337456999799 -0.476466356053782
-0.0147469607854604 -0.00418901736430133 0.727701801646801 0.0746117846700651
-0.0168259455687948 -0.00366519830915336 0.362925383869028 0.718789424854976
0.00848971414887308 -0.0482986245801503 -0.160929889844779 0.489790394994217
0.0177714931891202 -0.062138688275464 0.09699588037115 -0.0263515745768899
0.00485726660296195 -0.0374240837237668 0.0309483562463181 -0.596906902226957
-0.0234197673410969 0.0150968728172992 -0.669939608587082 -0.468202149145589
-0.0446428123508722 0.0312618519389638 -0.682091370497782 0.372363271614489
-0.064193844084195 0.0109506584149578 0.0503277730547046 0.594050437737235
-0.01910557857738 -0.0274113180265863 0.365866531740512 0.195464715985391
0.0193905681167882 -0.023246246205598 0.213553863915566 -0.0632793772448825
-0.00030960136142165 0.0173403732270984 -0.051195377900351 -0.163099422569422
-0.00177780109986348 0.0143211391685112 0.0139213320581945 0.0941034163124707
-0.015352229363711 -0.0138101161775209 -0.197716762651506 -0.0862175031897856
-0.0229540198715897 -0.0327843864154855 -0.238300077647211 -0.388737985664606
-0.0296574458361956 -0.0137237983374367 0.304562647900147 -0.446265164388246
0.0146609757404777 -0.00626036177372986 0.728467000171136 0.156831908785507
-0.000663688198967168 0.0162083973147838 0.305729416829159 0.759398809563708
-0.0057692474449373 -0.0123838961396451 -0.182432633998111 0.474989584968339
-0.0064480749390118 -0.0265935113326692 0.107430243349867 -0.0445588856128461
0.00562071556977161 -0.00374117108914504 -0.00149688476971443 -0.600631170829863
0.00311009741796481 0.0219347067202229 -0.701720513343199 -0.404323327801131
-0.0240302608366484 0.018710134557404 -0.644655602898726 0.435526103688797
-0.0537360568391273 0.00455070914048028 0.0884761815736517 0.583041256918116
-0.0166201762595014 -0.0202910886682297 0.365626480053752 0.158155597862806
0.0103976247940952 -0.0103927810587771 0.210954264738719 -0.0879737899464208
-0.00449932782927531 0.0248091982583605 -0.0496860458858219 -0.166950482660125
-0.00730407818595618 0.0183176252216602 0.0146027631609219 0.0920296911034222
-0.0257100356545464 -0.0014811338554997 -0.195245823596087 -0.0927046662503248
-0.0161500195609405 -0.0257024904217388 -0.234404320264878 -0.392107763048889
-0.0083260991314379 -0.0244220022344331 0.312369826405983 -0.430871713419328
0.0418556187305893 -0.0098684284757664 0.728463998658196 0.186066596870284
0.0120660773061735 0.0423077438044238 0.294731576230893 0.776595455977613
-0.0277881373077112 0.0293480046766962 -0.187894195391881 0.472115974650079
-0.0340292228037101 0.0143708454372434 0.108870099017828 -0.0470009980057217
0.00723167996717202 0.0305740401623619 -0.0104145670340909 -0.597449915733317
0.0312669969575975 0.024083707573778 -0.708098462280446 -0.378920200230162
3.78622763865452E-05 0.00145047874280973 -0.633960409672505 0.458085975194295
-0.0405095347864601 -0.00189308334698071 0.09308236636112 0.583583667012294
-0.0162472531034885 -0.00753164355147988 0.364175564186941 0.144435747000112
-0.00245229678356111 0.00434410117987744 0.214483054988671 -0.099267928397138
-0.00832352107719041 0.029595082987188 -0.0467035591852441 -0.169174521566316
-0.0108311779111001 0.0200466156365417 0.0178237784101377 0.0930866252020353
-0.033750398219469 0.013211825178136 -0.189846102461714 -0.0870198812681552
-0.0087122394699968 -0.0149800248298125 -0.248425326081424 -0.380305600073976
0.010229165248447 -0.0350197118296086 0.290169278154709 -0.438721240890817
0.0641478839844373 -0.0176301973458419 0.732057715835189 0.154477859631141
0.0262249700853085 0.0640229581078486 0.32434687590176 0.76704685047507
-0.0461580372595325 0.0693432390323895 -0.180277209501094 0.489393799035073
-0.0608618168310859 0.0539573734239028 0.100690781478625 -0.0316466045835431
0.0068403195117423 0.0620470074931821 0.00450101819495503 -0.58744549998561
0.056328471206569 0.0252761716157339 -0.690357758134901 -0.400686942002995
0.0265528252398946 -0.0152171407374017 -0.654733787239635 0.439917415587324
-0.023585192056281 -0.00574808218082164 0.0666529243345096 0.596472157255266
-0.0175117045345381 0.00842729355819503 0.360444143007192 0.158870202064656
-0.0164607273606398 0.019470810170416 0.224200334688935 -0.095828990235699
-0.0117867211069719 0.0324293547802946 -0.0425786907019691 -0.168026100907843
-0.0118704290861495 0.0205431344483548 0.0237872431770103 0.0943818724923109
-0.0392931697870746 0.0274684124818879 -0.183507955111064 -0.0699546157123882
-0.00195595062508018 -0.00296741929328346 -0.271285994637609 -0.354138832877068
0.0228593614088834 -0.0431307116192317 0.239221821154084 -0.463203491821242
0.077725254816543 -0.0328848481986584 0.732854282810237 0.0713831998131299
0.0437289570276244 0.0741284433092218 0.399555705316685 0.729411721550449
-0.0548245109016492 0.101231255128276 -0.157144944374007 0.516381721322618
-0.0834396033331868 0.0857615584125377 0.0831251395628739 -0.0021544470319578
0.00101488537807169 0.0882609141366207 0.0395607992111631 -0.568758815482118
0.0742055860080509 0.0283508697474255 -0.646778655047661 -0.464610350246981
0.0507474398995717 -0.0280049914300537 -0.698099253289644 0.378961856523838
-0.00600043383087232 -0.00986836609746563 0.0112764822950582 0.617339949825351
-0.0156143652336735 0.0237486607604378 0.352228997630663 0.198790106395174
-0.0287955812786948 0.0315464438089668 0.237108238523103 -0.0770134953680334
-0.0131567395842676 0.0324829977383704 -0.0388115621746921 -0.164353681618487
-0.0110646610428753 0.0181824276270629 0.0290943470726342 0.0981090227227293
-0.0418020423535943 0.0392984698558992 -0.175210388241704 -0.0441997055258625
0.00181294129455574 0.0129013793790096 -0.296805517941358 -0.311318451149866
0.0291006704541493 -0.0460485402155873 0.166233709335084 -0.487380834984919
0.0803063697745584 -0.0519365868218599 0.719376579022373 -0.04977955018591
0.0607666016181493 0.0694228852002072 0.492532524565824 0.659074962174079
-0.0490269035640319 0.118921930987254 -0.112037969059706 0.550067660742565
-0.098540933566201 0.103678706772532 0.0608028520117754 0.0373438653757351
-0.0133141732348167 0.104407035297306 0.0877330260756975 -0.541880014935737
0.0776923084389612 0.0362075193065578 -0.575606208574802 -0.556284170922907
0.0688170372152671 -0.0351426866971258 -0.751259175851231 0.273028112035709
0.0115998234554812 -0.0132433447988594 -0.0724649530444803 0.634099960442035
-0.0121257630191368 0.0370700930096244 0.335928041406662 0.259133832050929
-0.0368568945609972 0.0404996875411407 0.250973111660572 -0.0441809450380064
-0.0131659273378018 0.0297408705269577 -0.0345380981680158 -0.159035734392891
-0.00787810668766994 0.0137269212596483 0.0352596272007619 0.101824952577784
-0.0406441713345265 0.045947684716385 -0.167496455106642 -0.0135210244356996
0.00432831817584186 0.0250318929941407 -0.318412028140355 -0.259047801426643
0.0282053751709981 -0.0421160076545718 0.0840073845468678 -0.503050131661491
0.0721241630315697 -0.0677059664764223 0.682777371355675 -0.179655718074001
0.0705578233067842 0.050581331181618 0.581925549879187 0.561518522029782
-0.0354940736683514 0.116525768070327 -0.059381244586016 0.579262202101486
-0.103071232130667 0.105165116762215 0.0361760013330655 0.0807232528468438
-0.0303177507995289 0.106119778641677 0.136159488507366 -0.503520824086918
0.0669297738479917 0.0428894800946097 -0.478815045270592 -0.64877438647242
0.0745288654742638 -0.0354523041273681 -0.794364888587034 0.136391922404633
0.0224195852253413 -0.0160557479229254 -0.169082324795542 0.6330328029338
-0.00753393442292713 0.0451908687286423 0.312479645144683 0.325082212160485
-0.0396207280769305 0.0456047223048403 0.263528416882638 -0.00153001017797449
-0.0128912219397514 0.0258755781534864 -0.0295215821217414 -0.152892787318467
0.00758896316774829 0.00622389192457 0.0195202382369867 0.101577795175208
0.00684861977421124 -0.0246035883150595 -0.199763124415076 -0.0392926423268022
-0.0242956165738936 -0.0350098212790481 -0.274811004609069 -0.322791802199468
-0.0606308900046413 0.00204509707590861 0.201286237580511 -0.504411091245178
-0.0402066557901724 -0.000711946507152358 0.715244451714115 -0.0453577465145383
-0.0336186172800384 -0.0151315524037011 0.443657107635773 0.645375799821697
0.010634538902952 -0.0753759607011999 -0.123625259103421 0.512324371185566
0.0335433827075744 -0.0906355674216279 0.0788645067576599 0.00169531382786159
0.00949424805264524 -0.0659985036678144 0.0719771358489617 -0.57558611534243
-0.0403839282137785 0.00110535280284639 -0.615768128923377 -0.549650747939125
-0.0583980175421151 0.0355442559413798 -0.728689462048749 0.279239232065749
-0.068660223605556 0.0201841019881136 -0.0103897662578983 0.59929913686736
-0.0209329542581852 -0.0261612513879356 0.358627418111443 0.245108740948779
0.0246176833676828 -0.031533836897665 0.220944864159965 -0.0289441607099356
0.00447500128457847 0.0117975820917116 -0.0529133963313131 -0.157353530983711
0.00400983562383009 0.0106291296767869 0.0155490189218432 0.0978847194164945
-0.00375171683941176 -0.0220116216710827 -0.199253423986531 -0.0647675294136581
-0.0268364871769749 -0.0366640493532988 -0.25430428518921 -0.361100747234684
-0.0492950279237586 -0.0029255335211037 0.259927896468289 -0.476531912070176
-0.0144893055075267 -0.00364756051207975 0.724188327253768 0.071474721992151
-0.0159646023832897 -0.00304832425401781 0.364482939549733 0.712327315185177
0.00866433426775744 -0.0481180091962677 -0.158424660991007 0.489069668852999
0.0168537519082522 -0.0614386277953442 0.0971108972911916 -0.0266259979183979
0.00509620998069117 -0.0375424972692248 0.0281000533683886 -0.593016996926745
-0.021497778725937 0.014264286800133 -0.669835668572655 -0.463739666765042
-0.0439244426794956 0.0304109778542887 -0.675462904879732 0.376114079213127
-0.0646438954758772 0.0125624789534212 0.0545758597980375 0.59025519351984
-0.0184386750106223 -0.0274398015632128 0.366309167796578 0.190500028423669
0.0186179740458681 -0.0239715523360264 0.213018452689845 -0.0633101184104752
0.000133576245010912 0.0184412827400248 -0.051828728817791 -0.161977734291204
-0.0020362158017249 0.0156600964420182 0.0143681965169518 0.0930517313893998
-0.01506777498984 -0.0139351380317637 -0.197687405067537 -0.0841854480581493
-0.0226906777343213 -0.0318617866936453 -0.238461753910858 -0.38501028207354
-0.0295726115365068 -0.0130316272174921 0.300842953396785 -0.443548252387628
0.0144143365493993 -0.00607106669451242 0.724835318489487 0.154748468017233
-0.000978318453069766 0.0161120435233987 0.308144290794909 0.755908159950617
-0.00592814238804343 -0.0128440298371668 -0.177976953376847 0.472338318579841
-0.00739656527762615 -0.0261376135677685 0.106840628472767 -0.0455309306472875
0.00447561043923106 -0.00362402937629244 -0.00358113290799078 -0.599780147704111
0.00290342378079505 0.0217803784596495 -0.702740544010484 -0.397473431600504
-0.0234299680339285 0.0190271406375246 -0.639515218696821 0.437938765533926
-0.0530252673876731 0.00408505373705008 0.0918102610846304 0.579774096276201
-0.0171757773179687 -0.0201993793689784 0.365767642857888 0.155441801137809
0.00994346079204464 -0.0101608987847129 0.209595994559966 -0.0901163189319414
-0.00388029862061164 0.0249640271359232 -0.0502296482466998 -0.165279964183424
-0.00716405170169788 0.0183016832868155 0.0144918121698831 0.0911944626350241
-0.0256787809809331 -0.000563221275206849 -0.19516132034321 -0.0912598785524538
-0.0157373559277304 -0.025377125063452 -0.237281403743218 -0.388649500782648
-0.00838333784008687 -0.0238691727061444 0.309041673081381 -0.429377149619372
0.0408422940989138 -0.0105484376036612 0.726971353856389 0.183480101840862
0.0124383861953162 0.0414963805876383 0.296391382137293 0.771382354721225
-0.0272127543113628 0.0291286056779116 -0.184747059475572 0.471788105120822
-0.0342568741178277 0.015050031804784 0.107866643252109 -0.0466483674814097
0.00653538044119627 0.0298554892724703 -0.013273750909045 -0.594439678994613
0.0316467171928732 0.0242385680103959 -0.70771422084755 -0.372605069711108
0.000164409213972896 0.00203418487865954 -0.628943033874007 0.461118135782615
-0.0401081874966326 -0.00145093506461344 0.0966437099430025 0.579544460533666
-0.0164859145360899 -0.00656000124815765 0.363469353669127 0.139105890707624
-0.00229113034991411 0.00461074541393066 0.213474458253996 -0.100165583809406
-0.00790373537018004 0.0307963474852003 -0.046978766643438 -0.166487426384304
-0.0102055407243626 0.0204959420634061 0.017989124368405 0.0920264955875006
-0.033452295775301 0.0137362982686283 -0.190487757964066 -0.0846604826655105
-0.00902205703275716 -0.014914088954745 -0.249168374258597 -0.376529164829121
0.0109668757525528 -0.0343181549799171 0.286838912260607 -0.43825691336659
0.0634200747788096 -0.0188623553868244 0.729917572733247 0.150631222651521
0.0271862602316661 0.0633343438222647 0.327936793025997 0.760770845121169
-0.0458584722555647 0.0698991768002954 -0.17650490309888 0.486843231181936
-0.0600973141262436 0.0544868107595444 0.10078230219953 -0.0321406767082007
0.00665921379699183 0.061896571073353 -9.35387617880873E-05 -0.583610886917205
0.0569806168330373 0.0240088382841008 -0.689322379048593 -0.396508113279593
0.0259337223624337 -0.0145001043099696 -0.649025900711921 0.442312710161986
-0.0238543668315048 -0.00617737254576475 0.0708240423273251 0.592944129326418
-0.0167692861625643 0.00786222841324083 0.358653980824908 0.155634931521953
-0.0157228490190473 0.0196409610546371 0.223164934842009 -0.0971014041343164
-0.0100367929729489 0.0331019465464913 -0.04336873637049 -0.166969351828666
-0.0121328372418408 0.0206170991719032 0.0234203572901472 0.093880255281327
-0.0386263584720698 0.0283484569468001 -0.182968685465748 -0.0676835307095368
-0.00178140826531806 -0.0025785441764506 -0.271455471543116 -0.349457721139717
0.022405625633763 -0.0424122546826171 0.236793828213889 -0.46116336130903
0.0771293794113759 -0.0338108954613008 0.730793441290788 0.066189489090666
0.0442672897400769 0.0735709844720165 0.399405886092561 0.723841385558787
-0.0535545863075034 0.101430874865426 -0.152700660997318 0.514834556285178
-0.0829428122795479 0.0858710896972266 0.0834822845424833 -0.00221778361235117
0.000649284087064134 0.0878775877675988 0.0383601719788714 -0.566355775295988
0.0739703648849709 0.0278689854651698 -0.645169993729419 -0.461963275116347
0.0503947330408745 -0.0283407665803718 -0.693143424676901 0.379825868362067
-0.00545052519647175 -0.00912043504395707 0.0143918587255658 0.614884126870012
-0.016276687629451 0.0241490146559821 0.35143529236727 0.196130097304257
-0.0288134230341638 0.032549185351002 0.236163606320609 -0.0778498684376601
-0.0121460063308946 0.0324280647467901 -0.0396213035075255 -0.162610954406513
-0.0107630221315244 0.0186469413709112 0.0299515243957917 0.0976048601854404
-0.0414082216777187 0.0401696723105995 -0.175235545748658 -0.0429516085429485
0.00244946598128913 0.0123904022542205 -0.296290044476838 -0.307777825964572
0.0281012431098132 -0.0446992587496802 0.161583268642693 -0.48508540620098
0.0790020636074183 -0.0526029355448421 0.713846012374841 -0.0524011680667354
0.0605799419942645 0.0685439374579559 0.491615287806049 0.650363593299189
-0.0487213304408588 0.117909635525207 -0.109677963783625 0.548035541980025
-0.0969521025499457 0.102999178771406 0.0605663058484963 0.0374598011664626
-0.0135701374523079 0.103800311114725 0.0846537289019792 -0.539436846457212
0.0768269534469399 0.0358394487182875 -0.573832498707417 -0.550563279207166
0.0679038698883817 -0.0352158886725054 -0.746979045495029 0.276671207312973
0.0107427093977235 -0.0130193462529294 -0.0664215843667311 0.631680160470259
-0.0122485738901295 0.0369114517702643 0.335928005219921 0.25655285740106
-0.0366270551790389 0.0418344834161975 0.249966466628175 -0.0460901891148726
-0.0136876103811808 0.0299374273776639 -0.034915482840995 -0.157697294629948
-0.00775146753484921 0.0127971243323606 0.0360006355611827 0.101851887981792
-0.0403851421886173 0.0468198357674192 -0.166261189229445 -0.0131152199093112
0.00471743665721932 0.0253809637799631 -0.319541941697455 -0.254689324743341
0.0279968402584608 -0.0421975286745745 0.0804672941447347 -0.501150956431535
0.0706259213412185 -0.0677211692381831 0.677706730204319 -0.182352040246382
0.0699306958868264 0.050421745900485 0.581156211405305 0.555228468424029
-0.0345698649962105 0.116160801659966 -0.0548998295325154 0.575949838463025
-0.101717988246736 0.10568325369384 0.0362414009932463 0.0800546786638705
-0.030031655152196 0.105953815795089 0.132609097374678 -0.502247776022294
0.0666590594267727 0.042732633033961 -0.482635456963694 -0.644231182418653
0.0734441394487035 -0.0352489845753231 -0.790818326381203 0.141152853366261
0.0229134256115289 -0.0165836658347264 -0.164386594442047 0.630397842130809
-0.00726399214071208 0.0458150492697444 0.313346157522421 0.321702315456733
-0.0397211609224147 0.0460342717520088 0.262278853450356 -0.00373534228985087
-0.0126123362137932 0.0258458286112982 -0.0295844300111664 -0.151875565268237
0.00893988008463748 0.00709894519844848 0.0189057938963907 0.100127626715236
0.00565202509260648 -0.025872062481062 -0.200260480656866 -0.0356853464341868
-0.027728753328591 -0.0349659045432676 -0.275728528357606 -0.318184296722726
-0.0608381268564716 0.00445843560069628 0.198393798768013 -0.504075511871704
-0.0376912373644713 -0.000513972475326797 0.713106113296313 -0.0460952314063094
-0.0341131494688177 -0.0143451623540767 0.444834597857719 0.640469387511059
0.00994370343061319 -0.0736807606814305 -0.122563868757516 0.508964317061454
0.0332664739040839 -0.0904479167755967 0.0784654515384743 0.00243132209159409
0.00801899301214179 -0.0656920693300081 0.0690679424492727 -0.571111505634716
-0.0393562464604031 0.00213821820348422 -0.616560539903762 -0.546812181044704
-0.057828652505135 0.035351022459038 -0.723065909684371 0.279833569429966
-0.0696132022854752 0.0193158997831725 -0.00609615240290258 0.596697881701634
-0.0231236496205586 -0.0254033177361376 0.359066707566239 0.239852716733151
0.022945116822941 -0.0312048044680817 0.221025713546987 -0.0297979220400304
0.00517816055290839 0.0106800940521436 -0.0521261272387083 -0.154569177247799
0.00423197591061801 0.0130461568464191 0.0167723104448427 0.0962317673261186
-0.00649218061790565 -0.0215779355704964 -0.200677255256252 -0.0658598438326133
-0.0273740272759901 -0.0352139392090961 -0.255418124138722 -0.357998334587512
-0.0494428631232949 -0.00351302798092618 0.258272191287909 -0.471242508074475
-0.0146894272667901 -0.00166246610745217 0.7192843705766 0.0677730028864765
-0.0154630681826772 -0.00309185701285515 0.365185177045925 0.707929478208489
0.00891848242427567 -0.0484980351522803 -0.156275647526698 0.489359679788117
0.0168412041531396 -0.0592386838214606 0.0963570980095584 -0.0271411278431672
0.0040901148922119 -0.0370746626789435 0.0259713534967555 -0.588838537974417
-0.0221196753077781 0.0149550655416893 -0.670370152764269 -0.460011793358815
-0.0431979013419473 0.0322494194935919 -0.673442486808387 0.376246547781546
-0.063924550386047 0.0128584530147105 0.0575681130175497 0.587304981849652
-0.0189578968472068 -0.0278007296555468 0.367177012157141 0.188788813952068
0.0177913568512832 -0.0236680654043076 0.212292839840952 -0.0643409522247454
-0.000633177306144018 0.0183895016779721 -0.0522096398028974 -0.161312461904659
-0.0015223677620799 0.0158563824588026 0.0144251223202274 0.0931244737563449
-0.0161486320408586 -0.0131623154315963 -0.198684149774866 -0.0828310319123029
-0.0229412828311696 -0.0320569023213958 -0.239699370532441 -0.380467076918991
-0.0297964877765415 -0.0118705985682547 0.296908471448674 -0.442131871613562
0.014252941583667 -0.00626942557692188 0.722762414580965 0.150555590994382
-0.00137221184386023 0.0166058602655463 0.308908988938596 0.751171023210058
-0.00639793607017215 -0.0129235074385602 -0.176331662375839 0.472453617519127
-0.00669557709886692 -0.0250660350660633 0.106569780757883 -0.0453708177581536
0.00399699110076089 -0.00448681329397355 -0.00548038837604331 -0.594916610260149
0.00369868205672281 0.0213843981139861 -0.699622407857916 -0.39188647969771
-0.0229295208199959 0.0193621686521862 -0.633347942146069 0.440762289786752
-0.0537707968453626 0.00488066387663084 0.0938284507239816 0.575776476025625
-0.0168019327511665 -0.0196465091523295 0.365799253189998 0.152213571018241
0.00888985881558771 -0.00989637853546766 0.208083057330743 -0.0893667561100675
-0.00354714847958582 0.0248015365269726 -0.0518183274183878 -0.164320625301299
-0.0066778834842515 0.0182031150996571 0.014407764967302 0.0911835349168725
-0.026871245606537 -0.000598946948439904 -0.195895526353865 -0.0896441735323859
-0.016030731728313 -0.0255684215501432 -0.237370139706499 -0.384291984721519
-0.00783233797908897 -0.0240460666898293 0.306388149129579 -0.429394726462941
0.0413981371263305 -0.0103515108335555 0.723580614861784 0.179966770849323
0.0126246610384934 0.0414741587737573 0.297673808013562 0.765463888387982
-0.027045766335204 0.0288804089760096 -0.181226478603373 0.469443300132457
-0.0343652519498678 0.0156648049172257 0.108353289499466 -0.0469956011591992
0.00667103588198802 0.0297800461408277 -0.0141840519003662 -0.590705537125234
0.0313253670385373 0.0231450126235231 -0.705270892162781 -0.369417623927522
0.000616919060194648 0.00237777800730042 -0.62326859703075 0.462242171260869
-0.0407580660120669 -0.00103272264508561 0.0987489340113852 0.576457338823021
-0.0171498794596502 -0.00629682467287098 0.362641133116091 0.137504879424713
-0.00307077914430209 0.00601988259796668 0.212519162683444 -0.100372422769709
-0.00784403021252015 0.0305478324918847 -0.0474169626842197 -0.165587294411715
-0.0100942681065249 0.0205075827813147 0.0181475227419357 0.0918635566048939
-0.0334780345131372 0.0145389069072874 -0.190349652643158 -0.0847028172776249
-0.00820877993953555 -0.0153212705084043 -0.250112174312765 -0.373558056994816
0.0102608625652861 -0.0349113314688743 0.282913855462754 -0.436902859547631
0.0628609693401962 -0.0180480347636929 0.726914145888388 0.14751851523835
0.0270211434898964 0.0631404847569697 0.328980725505794 0.755432355358585
-0.0454232519512827 0.0694399371707866 -0.173369708154879 0.48454939375913
-0.0599797107952967 0.0548421618172746 0.0995605468164622 -0.0325780724613952
0.00650910575125902 0.0616447710906969 -0.000915007158735291 -0.58046738352515
0.0562102450893208 0.0236479966490151 -0.687148593455571 -0.391546607993844
0.0261957205687807 -0.0150886482880869 -0.644105780189803 0.444290656563981
-0.0241492526645566 -0.00576171838960697 0.0727940335356602 0.58944769720795
-0.0166145538801212 0.0089346420605501 0.358745094624335 0.153685619866193
-0.0170473340899801 0.0205392968960538 0.222604113108348 -0.0973109228158554
-0.0101008102629075 0.0341218308869856 -0.0431249387520442 -0.166677422882082
-0.012226146995206 0.0202520361945638 0.0229301672852654 0.0937112782568051
-0.0389343535550222 0.0288213023712241 -0.181726002060757 -0.0651750057498824
-0.00156184292580268 -0.00259027621426206 -0.27150066995915 -0.34533966488262
0.0223606965958703 -0.0424265664635793 0.233835121379728 -0.457943898895111
0.0764906729154034 -0.0333647056847077 0.72710041157835 0.0645993551750045
0.043856661460957 0.0734768457295214 0.398990751226813 0.71604080486458
-0.0536664024473275 0.101948222979739 -0.149108648030902 0.513257275921423
-0.0822591975113657 0.086039514652816 0.082490262200859 -0.00320572917739729
0.000671744886242462 0.0883496991079286 0.0331144808047209 -0.562215978141656
0.0730131637324128 0.0276157842077518 -0.645390265463605 -0.454033869397941
0.0497239176629773 -0.0291810549701223 -0.687926578612571 0.382623269331865
-0.00624900398793731 -0.00859329627722117 0.0172724738740153 0.609969013892006
-0.0145050325376256 0.0244470128093845 0.351357462690886 0.192198321473616
-0.0282480958997697 0.0330097995837873 0.234914051692423 -0.079498552877354
-0.0115764823555111 0.0333491046218367 -0.0400159840072228 -0.162197673326016
-0.0107560773780321 0.0182447825542457 0.0297576085903007 0.096505275566765
-0.0405858570657505 0.0409250617640117 -0.174386160374339 -0.0407860959345967
0.00223694948801996 0.0128615233410313 -0.296652063851238 -0.304218925390835
0.0279036185376247 -0.0454899761604231 0.160216963383529 -0.484492399705354
0.077842965012243 -0.0533199215384924 0.71094178615098 -0.05504709631689
0.0602233235216634 0.068058246616839 0.493871848716191 0.646387076496149
-0.0473096378651027 0.118593924005353 -0.108067301077981 0.547098737265487
-0.0969901878389794 0.104475920590613 0.0600079105861873 0.0369107504116133
-0.0137123236955726 0.103718051758765 0.0820816262530119 -0.536354127492375
0.0765254611777614 0.0348460196941196 -0.575996749063355 -0.546017233869253
0.0678725051203887 -0.0356849603815891 -0.742079439439471 0.277997191348604
0.0109539193925755 -0.0128727495612147 -0.0628816402146194 0.628805539536303
-0.0113672151581036 0.0377343680240181 0.336248366050029 0.2521539335707
-0.0359231130710946 0.0423721299978778 0.249007806925496 -0.0476066658184058
-0.0123077032965652 0.0305066840458721 -0.0361946693411706 -0.156262226941034
-0.00725934281627811 0.0135845347184245 0.0361579784659363 0.100674427441664
-0.0399331965884719 0.0466395680189817 -0.166418936479105 -0.0114159363704615
0.00508622581657813 0.0253828312617842 -0.319397459628251 -0.251375918716752
0.0278701123914514 -0.0417484556693901 0.0784461492249656 -0.497935686450485
0.0701921414384565 -0.0693036312565408 0.676723997887977 -0.184995204371086
0.0693663057748209 0.0505173953092086 0.583522088582124 0.550782586796558
-0.0344146515861556 0.116138756870415 -0.0528274731144602 0.573370556174019
-0.101421630712089 0.105861968542031 0.0359220061781686 0.078917235013573
-0.0302764178282931 0.105961352929585 0.129584268896506 -0.501354229835666
0.0662721183758869 0.0418874284774509 -0.481336488838333 -0.639087646979994
0.0737873469098783 -0.0352678602639733 -0.787160755970927 0.143314127401241
0.0222091477941954 -0.0160989906125339 -0.159418975515551 0.629713155645131
-0.00628998017704958 0.0448026162871633 0.313283278919988 0.318747742433788
-0.0386034643800607 0.0474117366536765 0.261293840104729 -0.00464135269035184
-0.0132880101050709 0.0254998727959686 -0.0300397800943935 -0.150500251711081
0.00865540701514443 0.00726694187479304 0.0192368768651832 0.100722791523867
0.00546595507147354 -0.0269101901088188 -0.198793165639417 -0.0352035223255946
-0.0259988758856831 -0.0356637830709006 -0.277017551348957 -0.314832936577419
-0.0611516299756311 0.00431303949988202 0.19653337168301 -0.502047350288895
-0.0403666443224506 -0.000539044842605363 0.707407935093785 -0.0478208081930716
-0.032845680493119 -0.0149692345123739 0.443782779025727 0.635817496609182
0.0103001613627224 -0.0741407002735984 -0.118532474472024 0.509405879731504
0.031549242769116 -0.0877470585354531 0.0769046766016072 0.00230557113089235
0.0102290286010086 -0.066615694436706 0.0667692343456463 -0.571210871929397
-0.0399563442874785 0.00190600184637754 -0.615672288902194 -0.541168393898436
-0.057524163000822 0.0375603064333131 -0.718638440754856 0.28107785124861
-0.0694271130068451 0.021339890884613 -0.0042126497827755 0.593310983604245
-0.0221064182922522 -0.0250630179037936 0.358159828354343 0.236768986566975
0.0240836026851757 -0.0314388883848754 0.220253315356826 -0.0299008866274935
0.00367279598538853 0.0122369575958271 -0.0530828099661206 -0.153265617389587
0.00399584574568038 0.0112648874023306 0.0175486918466396 0.0961439307689108
-0.00450968448132246 -0.0213903933338805 -0.199122084683957 -0.0635950536090883
-0.0269233886297346 -0.0354540771763593 -0.255349028529633 -0.353774767611087
-0.0481763543875146 -0.00202076780911706 0.256487907258867 -0.47140366480679
-0.0144951287967113 -0.00217110010575912 0.717811134666559 0.0668597478963114
-0.0160508082127472 -0.00283715792842259 0.367331278783531 0.703884756194954
0.00752990960097104 -0.0469653310691214 -0.153777526032905 0.484006591416736
0.015535125085227 -0.060405625993183 0.0957618693266485 -0.0277572130400879
0.00414002216666118 -0.0368525561910874 0.0231983273979966 -0.585120994027645
-0.0207420193779127 0.0148750483350137 -0.6675895410188 -0.453295005987414
-0.0417746477062526 0.0326158551248333 -0.667095129520165 0.377015349846562
-0.0635091882766883 0.0128053655844371 0.0580975595879236 0.583216892085132
-0.0189383906145504 -0.0271088573816678 0.363692677020809 0.184673764261488
0.0175651825888158 -0.0232595484671781 0.211489611401647 -0.0641029842496756
-0.000306016542634169 0.0197466576687916 -0.0518568118425006 -0.158708764253548
-0.00143742897626791 0.0155934380199167 0.0140304630187451 0.0933709789713882
-0.016051896640963 -0.0129745316834971 -0.198285003716189 -0.0817682169139241
-0.023453021225908 -0.0321669623875772 -0.240805862010497 -0.375687027944874
-0.0288919761689239 -0.0121367578350777 0.29514035669069 -0.440370498773323
0.0141166299347989 -0.00659867876571223 0.719573657881683 0.147442953720028
-0.00101058867894512 0.0163009013563246 0.310276371467538 0.745568243903808
-0.00590580234460904 -0.0123725634796505 -0.174594678439326 0.47018014258181
-0.0079335422318394 -0.0251955187804324 0.106384420847831 -0.0455599259198157
0.00380289400183605 -0.0037537952455529 -0.00737465845758856 -0.590674913864098
0.00358070572039511 0.0210477089394696 -0.698365669044715 -0.388707351353633
-0.0233235357359358 0.0199704803185093 -0.629516648899019 0.438721256469283
-0.0534351005158042 0.00517128737699326 0.0953018364951461 0.571977222061452
-0.0175552918066446 -0.0201005669614941 0.363645836487355 0.148925310136279
0.00955868386301502 -0.0101664798401816 0.208845506028348 -0.0888658870568972
-0.00313853650354891 0.0260851054443859 -0.0512693369619548 -0.162947868239563
-0.00658192263052372 0.0180709018639734 0.015029096753135 0.091920127243049
-0.0266783596899572 0.000180052567339629 -0.195635463265989 -0.087814708402549
-0.0162231338526782 -0.0250482908846034 -0.237372168788807 -0.38100329617008
-0.00783280698468249 -0.0230218640241818 0.303835454542737 -0.427301169925413
0.0409277981241512 -0.0108817964331092 0.721290088095284 0.176141606478218
0.0122134335096708 0.0407971590865956 0.298539857025563 0.761579258390562
-0.026567986321378 0.0289554629812143 -0.180264665280071 0.467615953009638
-0.034348773557043 0.0166793636296962 0.107515633956816 -0.0473863905736465
0.0064967711152772 0.0302305510282995 -0.0165370102829834 -0.589324203227521
0.0311617052397889 0.022144775966033 -0.702285131522751 -0.365410147358973
0.00128822512673691 0.00230753698101191 -0.619440178532688 0.463317351609909
-0.0401440645167684 -0.00092758930331676 0.100088343384807 0.574535736244193
-0.0166939192298992 -0.0072604118827915 0.360974812188092 0.135256522871319
-0.00329488421750139 0.00510353208353767 0.211585345686181 -0.1008613431318
-0.00641783677507041 0.0309167986055231 -0.0488815701618249 -0.165357258206942
-0.00980533166764013 0.0208446375499787 0.0186989089293596 0.091282001362351
-0.0341654797126114 0.0152907111856108 -0.188995694421264 -0.0824349285570149
-0.00831036796607107 -0.014956951307954 -0.250846913162224 -0.369344203827567
0.0102975271576487 -0.03463771781152 0.28195980347533 -0.434858462429221
0.0619549227589025 -0.0196333986162735 0.724736071763382 0.14515933069243
0.0269304070143911 0.0625890637922002 0.33046650878803 0.750670951388387
-0.0456135286386032 0.0693384799249932 -0.173131395178664 0.482987958421812
-0.060666401294225 0.0559851999902611 0.098782601279008 -0.0327240963721502
0.0063656560905489 0.0615997511083234 -0.00394098377784415 -0.577297473428609
0.0560966035964902 0.0229472700230845 -0.686453541379403 -0.388516443229495
0.0266623329136785 -0.015938154184639 -0.640023346768482 0.444690528919068
-0.0237947778405133 -0.00465768155214559 0.0760164103111691 0.586435716974685
-0.0168438961962835 0.00837050917630273 0.357958541150835 0.150719833759922
-0.0162744603028062 0.0208101429936929 0.221720709492846 -0.0985135244046502
-0.00958894789099307 0.0337065137196788 -0.0449859558089954 -0.164236924908363
-0.0119744818628312 0.0206079130846114 0.0237720961129271 0.0923744904663291
-0.0383304053220369 0.030175596005141 -0.182655888596464 -0.0653431540403166
-0.0020026289099433 -0.00249875832407081 -0.271965208643796 -0.34065766877577
0.0228906017381686 -0.0420742653898943 0.230866145253017 -0.457697185510075
0.0745279364176674 -0.0345327279328514 0.72478127577802 0.0613830387859506
0.0438368432644891 0.0723084453736868 0.402402058245162 0.712387891163882
-0.0523485843025173 0.101050208321275 -0.146864271398645 0.509419339033141
-0.0815783227895999 0.0861762552208142 0.0818801857926809 -0.00304105818941626
5.02876434270456E-05 0.0868057187188352 0.0332063056559564 -0.559112500113035
0.072361615128292 0.0263950812510854 -0.643214338536711 -0.450504543147061
0.0501797200572964 -0.0286958180212877 -0.68390311769974 0.383687782064202
-0.00598119333846128 -0.0092328759584133 0.0206414649339591 0.607578017656932
-0.0148019464128312 0.0240238143618583 0.349831671557549 0.189636315032936
-0.0276729159978513 0.0329919254528796 0.233847856942607 -0.0796747157582977
-0.0116452348010863 0.0332923263916366 -0.0413481312232134 -0.16095461708574
-0.0107459954746059 0.0178418336285111 0.0301906426432889 0.0960392549217187
-0.0404179033601098 0.0409064581045908 -0.174953449253707 -0.0399923136600944
0.00294641481219866 0.012070762514655 -0.296359650317445 -0.300525193153447
0.0276793001303513 -0.0443501807852335 0.158275677306454 -0.481692268200095
0.0782210946432863 -0.053024301985763 0.708006869658506 -0.0558528939306831
0.0604757911726694 0.0666734210277884 0.494500217309874 0.641834413453208
-0.0476153113025068 0.118117587756422 -0.104565195815706 0.543802442881939
-0.0963670211028965 0.103596057223982 0.0599172660041726 0.0358389496155048
-0.0133919653741181 0.102710229642341 0.0797453362745958 -0.532522910941929
0.0754860556967325 0.0338925909369755 -0.574784544357575 -0.540910275830127
0.0679230507997068 -0.0353138642612522 -0.738255535781688 0.280521381847744
0.0112710290620294 -0.0126531504155967 -0.0610545682339323 0.626724567947986
-0.0112980018942466 0.0367108828993647 0.335058650351421 0.249777460678903
-0.0362509743330473 0.0419455545735145 0.248639267283914 -0.0469584026743916
-0.012162430940926 0.0310671986032686 -0.0364497682584641 -0.155597181979252
-0.00806172879570584 0.0134361092384459 0.0365074524852746 0.101552077080785
-0.0402051442870169 0.047238272657164 -0.166180366519078 -0.0102306585372432
0.00478408218650198 0.0252426547554427 -0.319209702249042 -0.247974326742304
0.0274695319342303 -0.0414221496443362 0.0761276637055704 -0.496154901584476
0.0692334554501519 -0.0683634220149672 0.671051836352532 -0.18516947029081
0.0701224586483085 0.049382556487706 0.581075343450709 0.547007180068038
-0.0345020483000288 0.11588459903461 -0.0518080287868782 0.57095800285853
-0.0997896819711874 0.106297201658741 0.0362486094834967 0.078209685792931
-0.0289532249772648 0.10554417751468 0.129241399854313 -0.498046270780127
0.0653454955347567 0.040656650287135 -0.481188125621657 -0.634523631150581
0.0730818955193512 -0.0359744677517054 -0.782201361634143 0.145392386340958
0.0229389445507331 -0.0157265632465657 -0.157487332763893 0.625416150310731
-0.00582967655161848 0.0450082951058577 0.313837917184279 0.316356173097767
-0.0386238785878718 0.0479143873499783 0.261193913443741 -0.00653700908263578
-0.0110106874555865 0.0267598644528642 -0.0305771498653687 -0.149359624717471
0.00822629114090988 0.00755789980017782 0.0196979981996604 0.100572832968073
0.00575559757452941 -0.0253548196473434 -0.198988607935431 -0.0365450888651593
-0.0265056935227903 -0.0357835956611216 -0.277356191941771 -0.310629764652892
-0.0598620261416369 0.00472390983757845 0.195332344551138 -0.497311535259374
-0.0398278258804623 -0.000346708893934628 0.704781328092865 -0.048657021752536
-0.0335090617006905 -0.0134398800979224 0.443271563441406 0.630002492334275
0.0101859970780186 -0.0730637325346435 -0.118634921615136 0.505085348324861
0.0322454477728498 -0.0866064000643378 0.0776913190378102 0.00189952971951275
0.00781081652104087 -0.0652181105130251 0.0665212268533423 -0.565583079923468
-0.0395931111867842 0.00159454681139585 -0.613435738967464 -0.53805444780183
-0.0560364832456465 0.0366039093038093 -0.715610891632842 0.281391713202593
-0.0684801102521714 0.0221633008111949 -0.00305424341989615 0.590871113219178
-0.0210351458589489 -0.0274261543596466 0.357866659011909 0.23674509350514
0.0223064693334164 -0.0303795909475201 0.21953865726574 -0.0312059839346663
0.00388407664811304 0.0126768080663019 -0.0523278896178775 -0.152970104013124
0.00419351381616194 0.0112982003829604 0.0163757686704006 0.0955730723660898
-0.00471611263638136 -0.0217994326801089 -0.20016571183772 -0.0604959639439779
-0.0266818415551335 -0.0345355794692551 -0.256753722892201 -0.351295040628889
-0.047596187047034 -0.00215401240322506 0.25366318201807 -0.467078282980028
-0.0149527477581314 -0.00317560798492355 0.715118250178259 0.064037354788346
-0.0165178455883946 -0.00309966669461297 0.365981939547767 0.698428827194734
0.00782501097268981 -0.0476475546174906 -0.151814474813423 0.482660846928879
0.0156640754101085 -0.0596743170349461 0.0955774454170215 -0.0272498968563848
0.00343128370495361 -0.0368780847677624 0.0218138552960426 -0.581767907397616
-0.0216844055430973 0.0137197836917572 -0.666241567278757 -0.448953282159122
-0.0407614567456453 0.0336477140231725 -0.664130618704854 0.376718741275185
-0.0630889667092563 0.0130761294318659 0.0593696892350598 0.579815454763644
-0.020630323806963 -0.0271771344510395 0.363221995025903 0.183825719132928
0.0177937467032161 -0.0228827867263148 0.211687175666259 -0.0649682818617199
0.000782940514403412 0.0198438149257053 -0.0538833446982684 -0.158097336258907
-0.00111848444821161 0.0153564910885584 0.014747589409664 0.0924671703816508
-0.0160208879386932 -0.0125977283509454 -0.197742020734177 -0.0799797661993219
-0.0229113771041355 -0.0314786581756391 -0.239254959894101 -0.372346904797962
-0.029120066926848 -0.011499091905849 0.293112937752963 -0.438846430853275
0.0135562123172952 -0.00606244710110776 0.717644888480966 0.145663725939371
-0.000733577559973735 0.0162853977447432 0.31098553057762 0.740095567496878
-0.00659796767540183 -0.0126496856666212 -0.171835523568905 0.467302616557914
-0.00740741732530135 -0.0240986303630808 0.105530540781366 -0.045113620318308
0.0029391260332405 -0.00465044843717817 -0.00791013542811995 -0.587043029762978
0.00298728500667077 0.0200154659268045 -0.695819982263915 -0.384288527369291
-0.0222388689617182 0.0202331803444348 -0.625352003488252 0.439395811771424
-0.0537309845424753 0.00581509381785567 0.0972552209042805 0.569422328163136
-0.0172492214316237 -0.0205825281208509 0.363250348657399 0.147215986127836
0.0096787865294657 -0.00985430877864129 0.206686802059416 -0.0899882039513301
-0.00391740900524736 0.0263123083020837 -0.0522534239380155 -0.161865245584436
-0.00614270590489288 0.0190848280139722 0.0145677798668874 0.0906207173888488
-0.0258856009129324 0.00098732581347217 -0.194165081746318 -0.0863912637954811
-0.0154357194992025 -0.0248788620739899 -0.238419523462061 -0.377113035829966
-0.00781474589298865 -0.0226922683992773 0.301856126910409 -0.425267207803652
0.0400942121690745 -0.0111116868132621 0.718503827324009 0.174209952968947
0.0119468458697716 0.040636807103902 0.299370027762779 0.756947187827445
-0.0264089890119592 0.0286423907034164 -0.178511181596741 0.466954005472699
-0.0340425142821846 0.017182231605213 0.105914794863586 -0.0476200333727755
0.005977904645883 0.0297847119196867 -0.018352483421987 -0.584456184704193
0.0304772729338043 0.0212103936186767 -0.700563791557725 -0.361582918603211
0.00148202602723637 0.00263987016083533 -0.615222236268315 0.461784389005868
-0.0396590618386546 -0.000311661707924397 0.102528085568071 0.568854114089501
-0.0172825747139292 -0.0070387529310234 0.361218839216585 0.133271472723486
-0.00346889500039269 0.00558536920555899 0.21043821209818 -0.101241691013804
-0.00648578884461033 0.0311097446184051 -0.0489924634136843 -0.162946507767687
-0.00974290857826257 0.0201136855056096 0.0189487390621048 0.0909106693981493
-0.0342427869245546 0.0152894718749464 -0.189662219540859 -0.0810524914612091
-0.00813211851244421 -0.0156303833379207 -0.249932301891268 -0.365147461742567
0.0106093604314055 -0.0337839868353479 0.27901824942203 -0.432518620439447
0.060836897607681 -0.0200595753632509 0.720750388824494 0.141974717969923
0.0272351459090333 0.0618764463584486 0.330889599080789 0.746425063362645
-0.045191888076922 0.0685931451964303 -0.169184762568746 0.480499401245677
-0.059522906705371 0.0555597910299865 0.098373478389855 -0.0322253369360504
0.00634663256700603 0.0614257528426625 -0.00310862203653162 -0.574967997892932
0.0550864264300543 0.0227444942371527 -0.682092573866169 -0.383313536894948
0.027531676966202 -0.0147992685284519 -0.634939051422109 0.443378093068467
-0.0239476291706656 -0.00459067896438157 0.0764395069931533 0.583765365427711
-0.0163864063776387 0.00869410957274968 0.355871785163101 0.148687074812653
-0.0166210773982514 0.021101215896982 0.219721547300354 -0.0982230885394772
-0.00926197911985755 0.0336871804821839 -0.0448853788279113 -0.162883386787036
-0.0115177851126113 0.0211334371095606 0.024192958833985 0.0929762187915866
-0.0388108097922427 0.0308570486662166 -0.182677433626679 -0.0639373329830515
-0.00155879900001432 -0.00189345899794181 -0.270575886934778 -0.337845611941412
0.022329441347719 -0.04166930964981 0.229092166332376 -0.454644191489886
0.0739186841230821 -0.0344791470507131 0.719236597583342 0.0609694920933028
0.0436624621608832 0.0718885524054351 0.401165413646024 0.708066345291396
-0.0525647398212888 0.100346743609268 -0.147116084109554 0.508952383912102
-0.0816017873311525 0.0868120974715908 0.0809948520653033 -0.0035311454750838
0.000413986693639182 0.0871000548069101 0.0317677568364626 -0.557355738101141
0.0720738703484138 0.0260562695469677 -0.64185962971614 -0.44731633542636
0.0497226032741579 -0.0287329469712783 -0.679608778595915 0.385858895955513
-0.0057920735288211 -0.00920195489500075 0.0223169928938979 0.604479770008065
-0.0154418393295385 0.0248274969177699 0.35031589113412 0.187813418864102
-0.0281238217550885 0.0342328145638979 0.232698340161624 -0.0803032710817516
-0.0107120656026254 0.033960656168788 -0.0411021268975456 -0.160500756862827
-0.0102357882021097 0.0181259162922165 0.0305802538434773 0.0956484094676961
-0.0401221447140089 0.0419348190929206 -0.174854428110152 -0.0399135891731839
0.00282571038941423 0.011803078673501 -0.297197182688288 -0.29688015184695
0.0274639468489255 -0.0448330292206567 0.156605307837978 -0.478891799084288
0.0762215223473108 -0.0537927241354582 0.704779236930088 -0.0583343142998234
0.0610398284525661 0.0664174329721271 0.491873734585116 0.637505544766834
-0.0471548639835518 0.117075382174301 -0.104717602111471 0.540661241822871
-0.0951880368013144 0.10376756947206 0.0590400303473011 0.0354586834500865
-0.0130909617850581 0.102307278304265 0.0791375555921416 -0.530971011891283
0.0756004058883002 0.0331219568976732 -0.572646547180584 -0.535714521074696
0.0670837157319056 -0.0357061311264657 -0.733103025405291 0.280990950118046
0.0102348482174818 -0.0128029233665112 -0.0585737503028311 0.623255249898595
-0.0109216488313656 0.0367566831578112 0.335275794270359 0.248173512762949
-0.0357574887990197 0.0431266707034004 0.247333511182609 -0.0480263235257069
-0.011368993472625 0.0307708554513319 -0.0362579510987136 -0.155133126363488
-0.00834834426075339 0.013768287712554 0.0368700968838398 0.0999049819390128
-0.0395339077985772 0.0480726673320893 -0.166053420323381 -0.00946592772405676
0.0055852414771137 0.025122517584131 -0.317529924617806 -0.244865172024916
0.0276468296886051 -0.0411228176896547 0.0757752121448063 -0.493951304760428
0.0678398952053789 -0.0683339945332242 0.668740957809718 -0.185097726822506
0.069410662625916 0.0491235301830288 0.578809661231539 0.540277619667633
-0.0347114693356219 0.115060208289067 -0.0509716792825123 0.568555967705812
-0.0999759254718464 0.106778079506855 0.0360740835355409 0.0780642329014081
-0.0300053666710699 0.104887133188199 0.126006441450219 -0.494092636429981
0.064913602140684 0.0402811737660063 -0.480986626902107 -0.63041058797075
0.0730712668983831 -0.0364798544719561 -0.778721949646867 0.146641885076119
0.0227329314427861 -0.0163067178105671 -0.153889612399338 0.623323120857639
-0.00553092400934161 0.0446925317262715 0.313324496983215 0.311618249764148
-0.0381379808036748 0.048952314793999 0.260558155923124 -0.00708045945959015
-0.0111864130479301 0.0261741340554537 -0.0314404755563927 -0.1485855851322
0.00951686863470723 0.00690784227029637 0.020463802655232 0.0999690574420261
0.00578979858569026 -0.025232253257241 -0.199029974524309 -0.0351746185409752
-0.0261517558261523 -0.0349714963115368 -0.277930833695428 -0.307518678360465
-0.0592462368631972 0.00500483223629433 0.192143665529208 -0.495096092078599
-0.0393639934265193 3.57030648599193E-05 0.701218615504602 -0.0512477179192261
-0.0336076169340504 -0.0141222084534816 0.441456270215621 0.627208171271242
0.00966106125065678 -0.0735635632532132 -0.117041581588951 0.502626833185738
0.0310668364984084 -0.0857082115865793 0.0773376849556535 0.0028422753839496
0.00702260117108361 -0.0662242009206126 0.0654530262698779 -0.564490469734168
-0.0393710898185471 0.000749562392717878 -0.610959308373999 -0.533398636120461
-0.0567805917910577 0.0377191500816638 -0.710906560714315 0.281655462146109
-0.0692721851106955 0.0232051645015462 -0.00106566462523506 0.587248143199797
-0.0225076241949227 -0.0261134502730392 0.356924031944177 0.233673471588179
0.0215520657830586 -0.0307158092714681 0.2176545626272 -0.0322908596895792
0.00501410019702284 0.0138628222320554 -0.0523563883777641 -0.151223382898734
0.00396587892833076 0.0116477452377101 0.0162836789235658 0.0963343876486767
-0.00582621784009604 -0.0204577666498216 -0.198728298072356 -0.0591839046971681
-0.027040691337467 -0.0349450146483577 -0.255679377102455 -0.347044057484236
-0.0478431011739179 -0.00129171438153199 0.252914079503198 -0.464958597762077
-0.0143079013134963 -0.00312193347030642 0.711659556401556 0.0643281700540166
-0.0158193066424063 -0.00251406124713907 0.365417284966887 0.695241100112966
0.00734763468215615 -0.047063534309183 -0.149545592010347 0.480255298503423
0.0148152635256355 -0.0587716771453327 0.0940511419040209 -0.0268372517862616
0.00266739132165146 -0.0369621079636998 0.0221210515430318 -0.579833591252895
-0.0226182554613198 0.0133983014595635 -0.663449187462058 -0.446878497459137
-0.0414881369765412 0.032647092246794 -0.658745450843167 0.377100938455666
-0.063062521181351 0.0144435064613677 0.062357625464243 0.576603405574634
-0.0197472507300372 -0.0272541863444745 0.362364866548485 0.179765675148825
0.0173619878085024 -0.0227294586399906 0.210257595840497 -0.0642906050262473
0.0012436028713457 0.0209731559728791 -0.0539546190536693 -0.15665957714099
-0.00128599660268284 0.0157360932580724 0.0144846886400412 0.0923133469848922
-0.0168748715555953 -0.0120907372102181 -0.197483666283996 -0.0794004346162239
-0.0234938128986658 -0.0308857222549523 -0.239826309032715 -0.369686863313354
-0.0287729207228471 -0.011057929065664 0.290947420352643 -0.436828915650965
0.0130595235553375 -0.00681123630974446 0.712179791315615 0.144414259645
-0.000636489454709253 0.0163071053044795 0.312459300211727 0.735794562946811
-0.00590354533396935 -0.011809407813165 -0.171414544259824 0.464710684765245
-0.00782117244517012 -0.0230326239726058 0.105007482430255 -0.0446187840593322
0.00230051591198525 -0.00439359561534115 -0.00894064748023762 -0.585166999696279
0.00347349776229334 0.0192718833195814 -0.693312521104239 -0.382046203103921
-0.0220087371646819 0.0205795899778466 -0.620291379761935 0.439775811028296
-0.0529983617089446 0.00628607680807915 0.0974013930345586 0.565646926212307
-0.0176858064411375 -0.0202784499062648 0.361339486212595 0.145153853358917
0.00891532872211808 -0.00947657689258488 0.20680678374399 -0.0898151350552533
-0.00217456883348197 0.0274383952019051 -0.0526218948945723 -0.161358099024011
-0.00627338446330573 0.0187741954079442 0.0145270591231342 0.0908560793328365
-0.02642164395727 0.00123273990459913 -0.194266948660054 -0.0843645802658522
-0.0161494632501612 -0.0252577026054373 -0.237373914794722 -0.3740835944443
-0.00767689036567125 -0.0223819047542191 0.29995525910986 -0.423090309147372
0.0397496369370121 -0.0110443382006842 0.715559385917641 0.172647127232823
0.0121182464316235 0.0402052888049193 0.299898030768812 0.752236250080768
-0.0266442414958763 0.0283779203524942 -0.175952001849131 0.463336601141059
-0.0342793981433583 0.0168944399553472 0.106613851776786 -0.0466584292234902
0.00559952855006158 0.0299987298593721 -0.0192830738007991 -0.582034097957848
0.0310929607583262 0.0213523834328711 -0.700237053853571 -0.358248847821156
0.00166670817747573 0.0029331703520585 -0.610910474417688 0.463389337598349
-0.0404489144322563 0.000254773099778425 0.104574485001392 0.567620341729349
-0.0175275732545123 -0.00771281620972048 0.36037878374115 0.131161318700545
-0.0033754337639754 0.0057882876735291 0.210213011466617 -0.100430722425559
-0.005950591691966 0.0310969136214204 -0.0498312557883783 -0.162927402850623
-0.0101315087172574 0.0208737799432297 0.0186329011448956 0.0908614434030682
-0.0336729581634086 0.0163439360637302 -0.188933671311763 -0.0795618387948023
-0.00851034726329036 -0.015078695073536 -0.251006224106554 -0.362866304945971
0.0103649551144468 -0.0341127465666123 0.278412445311587 -0.430209752393508
0.0610957811587357 -0.0199773215312753 0.71789715003926 0.143106748772962
0.0266099415641889 0.0617010444426866 0.330199311556628 0.742299095204013
-0.0450196771020786 0.0687591995891373 -0.169606138461764 0.478476973895767
-0.0595644549098075 0.056047714360799 0.0979135972811506 -0.032145847208594
0.00570710972362733 0.0605019488078537 -0.00453639955534776 -0.571389663808581
0.0548540194037303 0.0219216665907542 -0.681093411171627 -0.378982779777582
0.0270497644115491 -0.015122718259478 -0.630816143932772 0.443846486906813
-0.0243422092698211 -0.00430622787821134 0.0787799743224359 0.581406205904837
-0.0170544582551069 0.00829088689922759 0.355317165380462 0.145595952790305
-0.0166305383706602 0.0212840420328985 0.21926211981829 -0.0986257726434359
-0.00855451674936964 0.0343015836061235 -0.0455890267372293 -0.162127027199966
-0.0112268494867568 0.0203689525719589 0.0232579907251668 0.0924542143585821
-0.0390584507104428 0.0308270186706231 -0.183020931959649 -0.0626360763027968
-0.00228547602467131 -0.00201461424150812 -0.271958697264983 -0.3350085004796
0.02199482784992 -0.0414813604655028 0.228694545853959 -0.452943279836561
0.0737969341126218 -0.0353048026271963 0.71726770045597 0.058151592416115
0.043433735254946 0.0711225095354882 0.400613991417519 0.703060136805547
-0.0526478623639551 0.100030760248711 -0.143217008361678 0.50533334926131
-0.0812145656782654 0.0868596796768891 0.0813547861974427 -0.00300926304937194
-0.000138832442438633 0.0859942297248681 0.030806839814138 -0.554596291988226
0.0718700059095065 0.0253742339594429 -0.640238129286283 -0.44312406564123
0.0502088436505132 -0.0286791015268426 -0.674970772416461 0.383042886619988
-0.00579373570432644 -0.00918957982672221 0.0230435527846575 0.600545387756333
-0.0143946899686497 0.024352132684027 0.349286050235602 0.184473770790614
-0.0274950682873359 0.034341189780067 0.232334761590239 -0.0803768707073969
-0.00975225858269962 0.0334611596767238 -0.0419126418614115 -0.158360682700675
-0.0109483357825612 0.0184418480638195 0.0308952559186246 0.0961784926802003
-0.0399065894777027 0.0429699787773155 -0.174109225850833 -0.0385917607988944
0.00306443374731331 0.0130094466511534 -0.296479184804526 -0.294843821647013
0.0274439648228181 -0.0445588758196507 0.154915570212605 -0.47735950251224
0.0761866264208594 -0.054327638496637 0.701202932066477 -0.0584923099861323
0.0603387604208649 0.0662386185996193 0.491696843061246 0.632366187797991
-0.0470939621932209 0.116118419569267 -0.102274987789509 0.538878240445795
-0.0945822885085632 0.104468492619639 0.0599558549637329 0.0356895239664722
-0.0134063042375452 0.102200651779335 0.0777203227977757 -0.527186564783522
0.0742540747548452 0.0321513985841689 -0.572249717844643 -0.532326407452343
0.0675494867251104 -0.0355961330514238 -0.729334607103534 0.280763835488482
0.011247380015689 -0.012460107768614 -0.0565772107187525 0.619186513348061
-0.0117336800919464 0.0367149889229188 0.333941454734448 0.245379689639878
-0.0348274140888095 0.0435989212430592 0.246799511239143 -0.0492026091853958
-0.0107492140580736 0.030959031567867 -0.0365333453781124 -0.153423605612128
-0.00805514090859845 0.0138778465339847 0.036282353431857 0.0996412513409323
-0.0394553057673444 0.0484343804543683 -0.16542923059189 -0.00955493989256006
0.00571360023074265 0.0254033823918509 -0.316656121730997 -0.241709703052755
0.0272687732372196 -0.0410082039407308 0.0748068850978332 -0.491038053876968
0.0669288144622943 -0.068775882164372 0.66300865372835 -0.186204178890569
0.0693531004424851 0.0484494736978254 0.578910526395523 0.538364069301207
-0.0343658205972041 0.114637361639416 -0.0481068591089418 0.566913498985257
-0.09943426411937 0.106855646208365 0.0364438678382246 0.0771845713616824
-0.0298552543806773 0.104496137487729 0.124193474830164 -0.491893914041395
0.064736697631383 0.0395831170315375 -0.478609583866661 -0.62581157367013
0.0722406309787184 -0.0358123038420318 -0.774465017584543 0.146290614324502
0.0222831705442939 -0.0159560288518463 -0.1523993221437 0.621028773706039
-0.00558120282655242 0.0445921996620399 0.311687912974672 0.310754525050524
-0.0375807343073081 0.0491230538767247 0.258926428524865 -0.00815841152779643
-0.010539742273057 0.0265246447802067 -0.0315784042741265 -0.147602897238641
0.00829437336763192 0.00790036641117485 0.0215956494104316 0.0993857560346624
0.00557118034654072 -0.0252544386526236 -0.19844958993195 -0.0344275701905978
-0.0250095765550426 -0.0339360397844081 -0.276453956228588 -0.30407296267379
-0.059851149818887 0.00525123204728005 0.190931220494571 -0.492522448869259
-0.0392345376313924 0.000928698930799393 0.697243380010426 -0.0482141497938645
-0.0326784532358537 -0.0136867432369047 0.439383753902263 0.625731924494769
0.009967829768135 -0.072897466442804 -0.116119569856098 0.500965260387771
0.0318484072876466 -0.0851716229640511 0.07702903649055 0.001894885228053
0.00752065482785079 -0.0652734307190806 0.0642523317603691 -0.561265989398292
-0.0390443617683937 0.00126788506424704 -0.610515013483205 -0.532527965440414
-0.0548553683942391 0.0383393044117743 -0.708467080456384 0.282116156042681
-0.0687525030841102 0.0224827617331247 -0.000144363984216317 0.584111461856835
-0.022415529618335 -0.0279337163177416 0.356708761085338 0.232528171473302
0.0219321687073297 -0.0309625822020241 0.218795555886301 -0.0309212552657402
0.00598302943718631 0.0138673960030617 -0.0536949425788591 -0.150024224178302
0.00403276138772179 0.0121332866486682 0.0169809844274838 0.0957153885318104
-0.00606655362883414 -0.0216133049710791 -0.200179047790556 -0.0583246885666895
-0.0270091944065801 -0.0349251134495836 -0.255079588689402 -0.345074433419213
-0.0471936033849062 -0.000213283158397848 0.250471550316323 -0.461147809634889
-0.0148527967975321 -0.00313534882681263 0.707103565203347 0.0614163760566615
-0.0155447849610243 -0.00278997572746289 0.36487604640504 0.691515449507911
0.00721694743166939 -0.0469004153544167 -0.14870949082403 0.478023642638397
0.0155130207354877 -0.0576753162710788 0.0933702315269532 -0.0275262936924067
0.0036021361683792 -0.0366535398472109 0.0198844734909668 -0.577431837756892
-0.0217237137708786 0.0135624212921715 -0.66236013865008 -0.444629844001989
-0.0413330732879741 0.0331860620382827 -0.654915763180104 0.3752937332783
-0.0629649097848433 0.0141377477187919 0.0623691231412434 0.574801645055755
-0.0196714901959899 -0.0276923485287489 0.361751418799195 0.178851633518016
0.0169651413344675 -0.0219679871117165 0.210465203930206 -0.0654401689574113
0.00249483438398005 0.0218135425088143 -0.0536051701164059 -0.157322785813729
-0.000822521836982442 0.015421749165915 0.014563479747377 0.0920327530331594
-0.0164105737925309 -0.0117194143787631 -0.197746933061786 -0.0777120449656484
-0.0232036251569313 -0.0318958034571369 -0.241354124459356 -0.365999316678534
-0.0284684175585554 -0.00970907858040624 0.289885007110433 -0.433692310589792
0.0130078140774062 -0.00686923191974489 0.709508774201786 0.144289263396697
-0.000424622345689461 0.0162924787653516 0.31069055574473 0.734025141575808
-0.00603299944287732 -0.0124245836597731 -0.171036824182994 0.462959377658222
-0.00721259721153926 -0.0224424767697175 0.104676723563642 -0.0447203557204004
0.0028177455114488 -0.0047321476039282 -0.0102720152373154 -0.580630705824707
0.00331215248891491 0.0203489510431689 -0.69072023641968 -0.378948184586582
-0.0210139997008115 0.0205230281033957 -0.618034750897699 0.437079328471305
-0.053493471068395 0.00631163018468533 0.0974493748583843 0.563858894842342
-0.0182942532290139 -0.0209746858492737 0.358965391626452 0.142797363120405
0.00818700546443383 -0.00887140053297949 0.205452409374355 -0.0900365607968879
-0.00192102294473726 0.0274032233682003 -0.0523398863161483 -0.159857173591017
-0.00637408016150617 0.0188734546106768 0.0151725387222273 0.0907504831792757
-0.0267694426898812 0.00148324515186822 -0.193941976364845 -0.0838762250731648
-0.0161125158555779 -0.0249034306804158 -0.237858425647981 -0.369966151471577
-0.00728060808183232 -0.0222030241228999 0.299016838949275 -0.420427955924956
0.0388834387987832 -0.0114869085869848 0.711789306827101 0.169993461350993
0.0129138840059315 0.0406690967608872 0.297918602369848 0.748617906113804
-0.0266899007518703 0.0280899616675903 -0.17636961429958 0.461320955734305
-0.0335774399027574 0.0173566145116631 0.105527200333278 -0.0464172235830471
0.00488166892972518 0.0300298431897254 -0.0187693836182432 -0.57877719891225
0.0302742480905983 0.0210826499133262 -0.695941109322451 -0.354710928137206
0.00198831679715394 0.00261926336811326 -0.608826906573838 0.458849917836851
-0.0397936977502216 -9.22418584925026E-05 0.104010712998224 0.563550847124945
-0.0169964681201203 -0.00761983382788377 0.358541734257612 0.128635448228893
-0.00312692992040572 0.00662820694892124 0.208441002755333 -0.100899622917695
-0.00529428886948658 0.0318814577432563 -0.0502685577730904 -0.161668805199347
-0.00971237424107427 0.0207425947775401 0.01806314286231 0.0911928431054103
-0.0338812242143566 0.0166653644746102 -0.188922846655446 -0.0784139383931942
-0.00811816006950964 -0.0156509615313225 -0.249150227276207 -0.359241705087984
0.00987082289935965 -0.0340166623991463 0.277368947001709 -0.427484223821678
0.0601500455771086 -0.0209359183841971 0.714463350059016 0.139804049941455
0.0262678592092796 0.0608108390766981 0.329502744940192 0.73848460483924
-0.0440874938458178 0.0680120272682684 -0.167408917102786 0.475340741727749
-0.058909264427161 0.0559712514815997 0.097482307870418 -0.0318061052727998
0.00515376789809926 0.060615075862756 -0.00417848954650073 -0.568679495640804
0.0543370881734917 0.0210935342583242 -0.678831855481272 -0.37726817943168
0.0274717455155169 -0.0147676094887628 -0.628864346213454 0.442850227488798
-0.0240977196719296 -0.0047669744164125 0.0791351377181585 0.578236295619088
-0.0164020402241598 0.00773395909855542 0.353742791909021 0.145108987279764
-0.0163568538765259 0.0216593163501105 0.219467934256229 -0.09793798721475
-0.0080006150348325 0.0346203380175793 -0.0457082932669033 -0.161059330484904
-0.010841374911519 0.0211385314107618 0.0239155915168198 0.0921406968824454
-0.0383997447095482 0.0312726279675574 -0.181307761694352 -0.0614613105842295
-0.0013562221780374 -0.00187095325040461 -0.270900228373856 -0.332095315639872
0.0221541397656727 -0.0413148395855399 0.228517013342641 -0.45003996660135
0.0736730530032925 -0.0352400977370676 0.714532007945183 0.05763626045491
0.0435218230777205 0.0712064198280508 0.400359577062877 0.698804592818083
-0.052205588757506 0.0991918933988429 -0.142825184019237 0.502041683120634
-0.0802229559426793 0.0874202944435456 0.0814067419547383 -0.00302131261749612
-0.000126702241332466 0.0859648827401428 0.0303589719743738 -0.551508320872851
0.0702830138097345 0.0243645739007571 -0.63706391193614 -0.440400499436306
0.0502994463173823 -0.0285692981437159 -0.672339927800338 0.384463714529921
-0.00542665796386437 -0.00916622116295046 0.0256598026350651 0.600065876367396
-0.0140887270945634 0.0239281580497384 0.347729018022757 0.1844200991976
-0.0281458965311433 0.0350467996869551 0.230705899093833 -0.0807154423507604
-0.00927768651730634 0.0334321450191281 -0.0419930491331189 -0.158147420456038
-0.0101481317252958 0.0177079101717622 0.0308286459940983 0.0952800288896127
-0.0399011549256879 0.0428637812929523 -0.173703909564153 -0.0373261123434561
0.00332615272610518 0.0120767894777012 -0.294711333717734 -0.29125320782113
0.0276506406837552 -0.0439662806457082 0.154441951147258 -0.474462645640939
0.0744301970966906 -0.0536247576595049 0.698243743173573 -0.0583838396103364
0.0602163087814419 0.0654749539131058 0.48931971879689 0.62993546213468
-0.0465909811797788 0.116283054981229 -0.101506582106722 0.536309438858353
-0.0931394535782385 0.104307043447874 0.0593981227016032 0.0356056832343446
-0.0137609920189782 0.101910450741722 0.0776748879653268 -0.52386408406365
0.0735438167350968 0.031774877618594 -0.569068002308207 -0.529215059627836
0.0671328009944305 -0.0357603039125785 -0.726940980999351 0.28098105435676
0.0121338118803602 -0.0125068342636837 -0.0549740441844437 0.617435799290744
-0.010198414179684 0.0362993139462607 0.333885127537761 0.243439211084787
-0.0354462471768888 0.0445793211498535 0.245722898335193 -0.0492686546372026
-0.0111491759132062 0.0311618957600912 -0.0368747284503662 -0.152658658590026
-0.00761760655334944 0.0138189948138976 0.0369837414141018 0.098971399287126
-0.0386106485836382 0.0488786117260466 -0.165284389272825 -0.00877875463134085
0.00622955763511315 0.0253967450459978 -0.315519066774169 -0.239638585169173
0.0276882254588495 -0.0406750532780974 0.0761921221436832 -0.488338185574291
0.0657607999059142 -0.0685894019476774 0.661035019972411 -0.185567735301235
0.0689713093286016 0.0483680549439085 0.575941541890585 0.534170259995712
-0.0346023999404551 0.11453730688486 -0.0481120938515323 0.562217163540924
-0.0986106199272258 0.107022564353644 0.0362146489832164 0.0761546007191867
-0.0297194693974103 0.103815123689542 0.124817854267318 -0.489445453514306
0.0636359935082344 0.0384124111970422 -0.478316961912835 -0.621851657971763
0.0722519104824005 -0.0367214654316754 -0.770880746541995 0.147385332355083
0.0223851225447455 -0.016045244781713 -0.149575387886617 0.619713107143401
-0.0050324215054118 0.0446249771958693 0.312292506015454 0.309337352850856
-0.0379332369367284 0.0491784950761137 0.258840032525213 -0.0089781445641322
-0.0100785287400788 0.0274732299105877 -0.031520748854041 -0.147188861609836
