TRXV5
3
4
4
9
string Extension=J
integer IsArchMeasurement=1
integer IsSpherical=1
string Generator=SPM
string GeneratorVersion=1.3.1 Dev
double ArchRadius=0.449999988079071
integer FrequencyAxisIndex=0
integer AzimuthAxisIndex=1
integer ElevationAxisIndex=2
Frequency
5 109 690000000 960000000 LIN
Azimuth
7 8 0 2.74889357189107 LIN
Elevation
7 15 -2.74889357189107 2.74889357189107 LIN
Polar H Real Part
13
Polar H Imaginary Part
14
Polar V Real Part
13
Polar V Imaginary Part
14
Polar H Magnitude (dB)
12 0xC0000002 0 1
Polar H Phase
7 0xC0000003 0 1
Polar V Magnitude (dB)
12 0xC0000002 2 3
Polar V Phase
7 0xC0000003 2 3
-0.00345802307128906 -0.0190029144287109 0.217376708984375 -0.000381469726562501
-0.00651645660400391 3.81469726562395E-06 0.169647216796875 0.0322265625
-0.00144553184509277 -0.00427341461181641 0.0898590087890625 0.108749389648438
-0.00508642196655274 -0.00864076614379883 0.00984191894531249 0.18798828125
-0.00138568878173828 -0.00589752197265625 -0.0882110595703125 0.168716430664063
0.0151748657226563 -0.0118703842163086 -0.16412353515625 0.102447509765625
0.00460720062255859 -0.00699281692504883 -0.207366943359375 -0.013214111328125
0.0112638473510742 -0.0102996826171875 -0.201904296875 -0.14251708984375
0.0184364318847656 -0.00238990783691406 -0.20062255859375 -0.220947265625
0.0173616409301758 0.00639724731445313 -0.1690673828125 -0.230606079101562
0.00503921508789063 0.0155420303344727 -0.1224365234375 -0.17193603515625
0.00432467460632324 0.00153017044067383 -0.0572891235351562 -0.127670288085938
0.0146799087524414 0.00260066986083984 0.0093994140625 -0.152359008789063
0.017329216003418 0.00790119171142578 0.07415771484375 -0.234725952148438
0.0202274322509766 -0.0148067474365234 0.153839111328125 -0.3060302734375
-0.0929641723632813 0.0471038818359375 0.209884643554688 0.0140533447265625
-0.103607177734375 0.0620346069335938 0.160064697265625 0.0478973388671875
-0.0977554321289062 0.0280227661132813 0.102386474609375 0.117874145507813
-0.0989151000976562 -0.00984191894531249 0.02276611328125 0.192596435546875
-0.0880279541015625 -0.0362701416015625 -0.0730743408203125 0.175857543945312
-0.0764083862304688 -0.065277099609375 -0.157135009765625 0.113693237304688
-0.081268310546875 -0.0715408325195312 -0.19940185546875 -0.00314331054687498
-0.0567855834960938 -0.0872726440429688 -0.192169189453125 -0.126937866210937
-0.0459060668945312 -0.0832443237304688 -0.191696166992187 -0.214630126953125
-0.0438346862792969 -0.069305419921875 -0.165283203125 -0.22674560546875
-0.0529022216796875 -0.04736328125 -0.115692138671875 -0.17437744140625
-0.0690841674804688 -0.0356979370117188 -0.056671142578125 -0.128196716308594
-0.0623970031738281 -0.0240669250488281 0.016143798828125 -0.154220581054687
-0.0747528076171875 0.0210189819335938 0.0759429931640625 -0.226394653320313
-0.0660820007324219 0.0329475402832031 0.1485595703125 -0.29730224609375
-0.166351318359375 0.10076904296875 0.179656982421875 0.0570068359375
-0.187026977539062 0.112838745117188 0.1387939453125 0.0862655639648437
-0.180404663085937 0.0551605224609375 0.116340637207031 0.1373291015625
-0.180221557617188 -0.011199951171875 0.0454864501953125 0.199417114257813
-0.16448974609375 -0.062774658203125 -0.0362701416015625 0.18634033203125
-0.157272338867188 -0.112319946289062 -0.117843627929688 0.128997802734375
-0.1541748046875 -0.127883911132813 -0.155776977539063 0.0177001953125
-0.116073608398438 -0.153839111328125 -0.15252685546875 -0.0930938720703125
-0.10400390625 -0.155120849609375 -0.1588134765625 -0.187469482421875
-0.105377197265625 -0.137260437011719 -0.145294189453125 -0.21038818359375
-0.11468505859375 -0.103675842285156 -0.1033935546875 -0.180404663085937
-0.144775390625 -0.064697265625 -0.0595932006835937 -0.140296936035156
-0.139068603515625 -0.0405731201171875 0.013336181640625 -0.166259765625
-0.16229248046875 0.03997802734375 0.0574951171875 -0.2174072265625
-0.144393920898438 0.0772552490234375 0.116424560546875 -0.277755737304688
-0.217391967773438 0.132476806640625 0.13348388671875 0.118675231933594
-0.244247436523438 0.138320922851562 0.104995727539062 0.138206481933594
-0.235977172851563 0.063934326171875 0.123138427734375 0.162551879882812
-0.235260009765625 -0.0212860107421875 0.069061279296875 0.205062866210938
-0.214889526367188 -0.0895843505859375 0.011444091796875 0.194122314453125
-0.211196899414063 -0.1497802734375 -0.0547027587890625 0.147201538085938
-0.200927734375 -0.17010498046875 -0.083831787109375 0.0490341186523437
-0.157440185546875 -0.200225830078125 -0.0881881713867188 -0.0455169677734375
-0.15155029296875 -0.203628540039062 -0.09918212890625 -0.145553588867188
-0.16259765625 -0.182052612304687 -0.0990447998046875 -0.185516357421875
-0.176651000976563 -0.138992309570313 -0.0768585205078125 -0.18670654296875
-0.213714599609375 -0.0724639892578125 -0.0620269775390625 -0.157760620117188
-0.207962036132812 -0.038848876953125 -0.00125122070312499 -0.180908203125
-0.232177734375 0.0659027099609375 0.0203094482421875 -0.199569702148438
-0.202468872070313 0.115142822265625 0.0568084716796875 -0.243377685546875
-0.234893798828125 0.136886596679688 0.0715789794921875 0.1876220703125
-0.265548706054687 0.135360717773437 0.0597991943359375 0.1898193359375
-0.250839233398438 0.0511322021484375 0.116165161132812 0.182723999023438
-0.248565673828125 -0.0387268066406251 0.0859222412109375 0.205123901367187
-0.225173950195313 -0.10888671875 0.0604248046875 0.200332641601562
-0.225128173828125 -0.171524047851562 0.0227203369140625 0.1683349609375
-0.212860107421875 -0.189300537109375 0.00476074218749998 0.089813232421875
-0.173797607421875 -0.2183837890625 -0.00859165191650392 0.010624885559082
-0.177200317382812 -0.220962524414063 -0.0205001831054688 -0.0972976684570313
-0.198318481445313 -0.192276000976562 -0.03057861328125 -0.15576171875
-0.21746826171875 -0.141693115234375 -0.0363006591796875 -0.193634033203125
-0.253433227539063 -0.057525634765625 -0.059356689453125 -0.174392700195313
-0.247726440429688 -0.02069091796875 -0.02532958984375 -0.186080932617188
-0.269088745117187 0.094268798828125 -0.0316925048828125 -0.166732788085938
-0.23016357421875 0.138473510742188 -0.01947021484375 -0.196868896484375
-0.217315673828125 0.116043090820312 0.00547790527343748 0.2498779296875
-0.245452880859375 0.107177734375 0.0107879638671875 0.227249145507813
-0.222976684570312 0.0229034423828125 0.092620849609375 0.190460205078125
-0.214691162109375 -0.056243896484375 0.0883331298828125 0.19512939453125
-0.191253662109375 -0.114730834960938 0.0964202880859375 0.202285766601563
-0.195327758789062 -0.169219970703125 0.094268798828125 0.190567016601563
-0.188690185546875 -0.18115234375 0.0926437377929687 0.135841369628906
-0.163482666015625 -0.203399658203125 0.0746994018554687 0.06500244140625
-0.172927856445313 -0.20245361328125 0.0659065246582031 -0.0530357360839844
-0.197845458984375 -0.167587280273438 0.0501556396484375 -0.131278991699219
-0.2164306640625 -0.115997314453125 0.0127105712890625 -0.198577880859375
-0.24420166015625 -0.0330810546875 -0.051666259765625 -0.184494018554688
-0.24176025390625 0.00120544433593751 -0.052825927734375 -0.176437377929688
-0.260177612304688 0.108230590820312 -0.0873947143554688 -0.120674133300781
-0.21990966796875 0.138427734375 -0.101577758789063 -0.140151977539062
-0.165069580078125 0.0785064697265625 -0.0567626953125 0.295318603515625
-0.188827514648437 0.0692901611328125 -0.035186767578125 0.242568969726563
-0.15826416015625 -0.00158691406249997 0.0630035400390625 0.179977416992188
-0.149627685546875 -0.0590972900390625 0.0797119140625 0.1778564453125
-0.129829406738281 -0.0963134765625 0.1162109375 0.20196533203125
-0.135055541992188 -0.138336181640625 0.149658203125 0.2113037109375
-0.134918212890625 -0.1444091796875 0.1650390625 0.17828369140625
-0.126312255859375 -0.159454345703125 0.146560668945312 0.109100341796875
-0.137298583984375 -0.156478881835938 0.141342163085938 -0.020904541015625
-0.15643310546875 -0.120101928710937 0.121368408203125 -0.117561340332031
-0.171310424804688 -0.076446533203125 0.0543365478515625 -0.202285766601563
-0.18780517578125 -0.0115966796875 -0.0423736572265625 -0.1883544921875
-0.190399169921875 0.0155487060546875 -0.0765380859375 -0.157379150390625
-0.207427978515625 0.100387573242187 -0.134941101074219 -0.0720443725585938
-0.173202514648438 0.110458374023438 -0.171432495117188 -0.0861663818359375
-0.0873565673828125 0.0351181030273438 -0.102294921875 0.320770263671875
-0.10894775390625 0.0350799560546875 -0.06591796875 0.240768432617187
-0.078094482421875 -0.00839996337890627 0.036163330078125 0.161468505859375
-0.0753326416015625 -0.0384140014648437 0.0681610107421875 0.159683227539063
-0.0633163452148438 -0.0535430908203125 0.120269775390625 0.198898315429688
-0.064361572265625 -0.08154296875 0.180999755859375 0.22772216796875
-0.0655364990234375 -0.0847396850585938 0.211273193359375 0.2105712890625
-0.0683746337890625 -0.09283447265625 0.197311401367188 0.136825561523438
-0.0750961303710938 -0.0910110473632812 0.19488525390625 -0.00436401367187501
-0.0849685668945313 -0.0626602172851562 0.171356201171875 -0.115447998046875
-0.094757080078125 -0.0367279052734375 0.08184814453125 -0.204803466796875
-0.101127624511719 -0.00270843505859376 -0.035614013671875 -0.1898193359375
-0.107009887695312 0.0146484375 -0.0946502685546875 -0.138259887695313
-0.1220703125 0.06658935546875 -0.16851806640625 -0.035675048828125
-0.101188659667969 0.0587539672851562 -0.22314453125 -0.043914794921875
-0.00717926025390625 -0.0185260772705078 0.21917724609375 -0.0243377685546875
-0.00627851486206055 0.00257444381713867 0.177536010742187 0.0132293701171875
-0.0016016960144043 -0.00338554382324219 0.105445861816406 0.098663330078125
-0.00639820098876953 -0.0078740119934082 0.03375244140625 0.186370849609375
-0.00226783752441406 -0.00523710250854492 -0.0709381103515625 0.17633056640625
0.0131521224975586 -0.0138654708862305 -0.156509399414062 0.114776611328125
0.00315237045288086 -0.00721263885498047 -0.211715698242188 0.000701904296875035
0.00829219818115234 -0.0111494064331055 -0.220428466796875 -0.12982177734375
0.0164546966552734 -0.00466728210449219 -0.227752685546875 -0.2069091796875
0.0186977386474609 0.00421524047851563 -0.1961669921875 -0.2149658203125
0.00735187530517578 0.0151500701904297 -0.14337158203125 -0.160446166992188
0.00390291213989258 0.00190997123718262 -0.0723190307617188 -0.120780944824219
0.0140190124511719 0.00118637084960937 -0.0051422119140625 -0.149322509765625
0.0186748504638672 0.00612449645996094 0.05316162109375 -0.241729736328125
0.0185871124267578 -0.0169143676757813 0.127044677734375 -0.326171875
-0.0914459228515625 0.0582427978515625 0.21209716796875 -0.00982666015625
-0.0984268188476563 0.0753021240234375 0.169235229492187 0.0299072265625
-0.0975799560546875 0.03900146484375 0.119224548339844 0.105491638183594
-0.102447509765625 1.25457871392264E-17 0.04583740234375 0.190216064453125
-0.0937118530273438 -0.0291290283203125 -0.0550537109375 0.182830810546875
-0.08612060546875 -0.0602264404296875 -0.147979736328125 0.126907348632813
-0.0909347534179688 -0.0654373168945313 -0.203201293945313 0.010986328125
-0.0687713623046875 -0.0832443237304688 -0.209686279296875 -0.1160888671875
-0.056854248046875 -0.0815658569335938 -0.218490600585937 -0.200286865234375
-0.0513916015625 -0.0673866271972656 -0.190277099609375 -0.211669921875
-0.0582389831542969 -0.0435409545898438 -0.136947631835938 -0.163421630859375
-0.0749588012695313 -0.0286026000976562 -0.0717620849609375 -0.120941162109375
-0.0671310424804688 -0.0180511474609375 0.00158691406250001 -0.152267456054687
-0.0745162963867188 0.0282058715820312 0.054962158203125 -0.233291625976562
-0.0646743774414062 0.0407752990722656 0.123291015625 -0.3170166015625
-0.161773681640625 0.120498657226562 0.18603515625 0.0370941162109375
-0.177871704101563 0.135986328125 0.151275634765625 0.071258544921875
-0.179061889648438 0.0733795166015625 0.133712768554688 0.122978210449219
-0.186264038085937 0.00636291503906254 0.0691070556640625 0.194717407226562
-0.174270629882812 -0.0494384765625 -0.0160369873046875 0.189254760742188
-0.173095703125 -0.101333618164063 -0.105171203613281 0.139297485351563
-0.171310424804687 -0.116790771484375 -0.15643310546875 0.02899169921875
-0.13525390625 -0.146041870117187 -0.166488647460938 -0.0855712890625
-0.124710083007813 -0.150222778320313 -0.183380126953125 -0.175247192382812
-0.120880126953125 -0.130729675292969 -0.168869018554688 -0.197128295898437
-0.127494812011719 -0.095123291015625 -0.125656127929687 -0.170700073242188
-0.155181884765625 -0.05029296875 -0.0756454467773438 -0.132545471191406
-0.148056030273438 -0.0279388427734375 -0.00250244140625001 -0.165390014648438
-0.161376953125 0.05572509765625 0.0383453369140625 -0.222946166992187
-0.140495300292969 0.0931015014648438 0.092071533203125 -0.2940673828125
-0.210968017578125 0.158203125 0.144134521484375 0.104095458984375
-0.233627319335938 0.168411254882812 0.12152099609375 0.126907348632813
-0.2353515625 0.0879974365234375 0.142333984375 0.147232055664063
-0.243804931640625 0.0018310546875 0.0929412841796875 0.1973876953125
-0.228927612304688 -0.07196044921875 0.033233642578125 0.193496704101563
-0.231277465820313 -0.13543701171875 -0.0378265380859375 0.152984619140625
-0.223236083984375 -0.155517578125 -0.08062744140625 0.0549850463867188
-0.182876586914063 -0.18951416015625 -0.0965423583984375 -0.041168212890625
-0.17767333984375 -0.195571899414062 -0.119049072265625 -0.139129638671875
-0.183837890625 -0.171661376953125 -0.119598388671875 -0.176193237304688
-0.194290161132812 -0.124557495117188 -0.100173950195313 -0.179962158203125
-0.226776123046875 -0.0513153076171875 -0.080535888671875 -0.150192260742187
-0.218017578125 -0.0201416015625 -0.0198822021484375 -0.180252075195313
-0.229751586914062 0.0896148681640625 0.0019683837890625 -0.201980590820312
-0.196441650390625 0.138717651367188 0.0352783203125 -0.252975463867188
-0.228347778320313 0.163818359375 0.0876617431640625 0.17974853515625
-0.25506591796875 0.166580200195313 0.0803070068359375 0.1837158203125
-0.252334594726562 0.07568359375 0.135757446289062 0.167831420898438
-0.258712768554688 -0.0155181884765625 0.108734130859375 0.195205688476563
-0.240692138671875 -0.091552734375 0.0836639404296875 0.194473266601563
-0.247604370117187 -0.156051635742188 0.042999267578125 0.167739868164062
-0.23748779296875 -0.174331665039063 0.0136032104492187 0.0894546508789063
-0.20166015625 -0.204971313476563 -0.0093364715576172 0.00977039337158202
-0.205596923828125 -0.21002197265625 -0.0337142944335938 -0.0963897705078125
-0.222137451171875 -0.178970336914062 -0.04766845703125 -0.153457641601563
-0.23663330078125 -0.124191284179688 -0.0599365234375 -0.190521240234375
-0.266021728515625 -0.0323944091796875 -0.080596923828125 -0.166915893554688
-0.256805419921875 0.00196838378906248 -0.0458221435546875 -0.18408203125
-0.265121459960938 0.1219482421875 -0.0483856201171875 -0.164459228515625
-0.221298217773438 0.164657592773438 -0.0373992919921875 -0.197540283203125
-0.211563110351563 0.140869140625 0.0265960693359375 0.249221801757812
-0.238021850585937 0.136032104492188 0.032501220703125 0.22613525390625
-0.22601318359375 0.045074462890625 0.11199951171875 0.177764892578125
-0.226974487304688 -0.0359649658203125 0.1094970703125 0.184814453125
-0.206985473632812 -0.100006103515625 0.121185302734375 0.193191528320313
-0.217056274414063 -0.156723022460938 0.118362426757812 0.183639526367188
-0.21185302734375 -0.16766357421875 0.108154296875 0.128684997558594
-0.189712524414063 -0.191268920898437 0.0805816650390625 0.0592117309570312
-0.199752807617188 -0.192138671875 0.05841064453125 -0.0592727661132813
-0.219451904296875 -0.1539306640625 0.0374069213867187 -0.136360168457031
-0.232925415039063 -0.09906005859375 -0.0108642578125 -0.200393676757813
-0.254241943359375 -0.00901794433593749 -0.074951171875 -0.17803955078125
-0.2490234375 0.0235748291015625 -0.0733642578125 -0.1722412109375
-0.254318237304688 0.1361083984375 -0.099853515625 -0.111778259277344
-0.211135864257813 0.16424560546875 -0.115364074707031 -0.131828308105469
-0.161361694335938 0.096771240234375 -0.0316162109375 0.3033447265625
-0.18414306640625 0.0906982421875 -0.013763427734375 0.246429443359375
-0.162399291992188 0.0130157470703125 0.0793609619140625 0.170074462890625
-0.160003662109375 -0.045318603515625 0.0981597900390625 0.167098999023437
-0.141571044921875 -0.087066650390625 0.14031982421875 0.189544677734375
-0.15179443359375 -0.130844116210937 0.176345825195313 0.1990966796875
-0.153488159179688 -0.135421752929687 0.1868896484375 0.165512084960938
-0.14727783203125 -0.149948120117188 0.159698486328125 0.0985260009765625
-0.158798217773437 -0.147506713867188 0.13983154296875 -0.0323715209960938
-0.172698974609375 -0.109710693359375 0.109878540039062 -0.129203796386719
-0.182754516601563 -0.0626220703125 0.0304718017578125 -0.208282470703125
-0.194061279296875 0.00764465332031254 -0.0661163330078125 -0.183425903320312
-0.1947021484375 0.0337371826171875 -0.095977783203125 -0.150253295898438
-0.20013427734375 0.123489379882813 -0.143814086914063 -0.0576171875
-0.165771484375 0.13092041015625 -0.181228637695313 -0.0690765380859375
-0.0861434936523438 0.0447463989257812 -0.07525634765625 0.33447265625
-0.10687255859375 0.0471725463867187 -0.046478271484375 0.2471923828125
-0.0813980102539063 -0.00243377685546875 0.0496673583984375 0.15411376953125
-0.0819473266601562 -0.0321426391601563 0.084625244140625 0.14971923828125
-0.0699272155761719 -0.0501251220703125 0.143768310546875 0.1861572265625
-0.074462890625 -0.080047607421875 0.209136962890625 0.2120361328125
-0.0765914916992188 -0.0811309814453125 0.238204956054687 0.194366455078125
-0.0809097290039063 -0.0876235961914063 0.21380615234375 0.12347412109375
-0.0886001586914062 -0.0866622924804688 0.19635009765625 -0.0204010009765625
-0.093902587890625 -0.0575714111328125 0.160415649414063 -0.131607055664063
-0.0996780395507813 -0.0291824340820313 0.058685302734375 -0.213516235351563
-0.104248046875 0.00728607177734376 -0.059539794921875 -0.185546875
-0.109535217285156 0.024871826171875 -0.1131591796875 -0.129196166992188
-0.116203308105469 0.0807647705078125 -0.174072265625 -0.017791748046875
-0.0974807739257813 0.0704116821289063 -0.2293701171875 -0.02117919921875
-0.00842857360839844 -0.0170412063598633 0.208419799804688 -0.0429534912109375
-0.0043644905090332 0.00442123413085938 0.1737060546875 -0.0048065185546875
-0.000705957412719726 -0.00292587280273438 0.113136291503906 0.0828018188476563
-0.00661325454711914 -0.007049560546875 0.05072021484375 0.173446655273437
-0.00171518325805664 -0.00492143630981445 -0.0536956787109375 0.172286987304688
0.0106134414672852 -0.0141563415527344 -0.143936157226563 0.119735717773438
0.00214147567749023 -0.00688982009887695 -0.206573486328125 0.011444091796875
0.00628471374511719 -0.01031494140625 -0.226150512695312 -0.113418579101562
0.0137529373168945 -0.00567913055419922 -0.238601684570313 -0.183074951171875
0.0177574157714844 0.00195503234863281 -0.207077026367187 -0.190704345703125
0.00897502899169922 0.0147933959960938 -0.152603149414062 -0.141021728515625
0.0027008056640625 0.00254130363464356 -0.079742431640625 -0.106552124023438
0.0132675170898438 0.000506401062011719 -0.0145721435546875 -0.137374877929688
0.019073486328125 0.00456619262695313 0.0328521728515625 -0.233856201171875
0.0156154632568359 -0.0176200866699219 0.098236083984375 -0.324981689453125
-0.08502197265625 0.0643157958984375 0.202713012695312 -0.027923583984375
-0.087310791015625 0.082305908203125 0.167922973632813 0.01263427734375
-0.0914077758789063 0.0452423095703125 0.126556396484375 0.088592529296875
-0.100349426269531 0.00832366943359376 0.062835693359375 0.1756591796875
-0.0935516357421875 -0.0215301513671875 -0.0370941162109375 0.177154541015625
-0.0897064208984375 -0.0529403686523437 -0.1329345703125 0.130805969238281
-0.0942001342773438 -0.057373046875 -0.19757080078125 0.021820068359375
-0.0746536254882812 -0.0745468139648437 -0.215011596679687 -0.100341796875
-0.0637283325195313 -0.0759735107421875 -0.2293701171875 -0.1771240234375
-0.0557098388671875 -0.0628814697265625 -0.200485229492188 -0.187530517578125
-0.0589103698730469 -0.0378456115722656 -0.147430419921875 -0.14404296875
-0.0758743286132813 -0.020477294921875 -0.0789794921875 -0.107215881347656
-0.0679168701171875 -0.0120048522949219 -0.00921630859375 -0.14178466796875
-0.0699005126953125 0.0335006713867188 0.0363922119140625 -0.227294921875
-0.0607109069824219 0.0447540283203125 0.0950927734375 -0.315704345703125
-0.148590087890625 0.1314697265625 0.179428100585938 0.0188446044921875
-0.1590576171875 0.147476196289063 0.153427124023438 0.0537109375
-0.168212890625 0.0850830078125 0.140777587890625 0.10400390625
-0.18170166015625 0.0208282470703125 0.084228515625 0.178955078125
-0.174072265625 -0.0359954833984375 0.00166320800781251 0.180816650390625
-0.177017211914062 -0.08721923828125 -0.089385986328125 0.139984130859375
-0.17633056640625 -0.10150146484375 -0.151229858398438 0.03643798828125
-0.144805908203125 -0.1297607421875 -0.171188354492188 -0.0730743408203125
-0.134796142578125 -0.13677978515625 -0.19329833984375 -0.155197143554688
-0.128250122070312 -0.119407653808594 -0.17767333984375 -0.175704956054688
-0.130783081054688 -0.0824508666992187 -0.137283325195313 -0.151809692382813
-0.155624389648438 -0.0350189208984375 -0.0843276977539062 -0.117530822753906
-0.147140502929688 -0.0152587890625 -0.0147705078125 -0.155487060546875
-0.1522216796875 0.0674285888671875 0.0202789306640625 -0.21661376953125
-0.128852844238281 0.102828979492188 0.0673828125 -0.29144287109375
-0.193435668945313 0.170852661132812 0.143829345703125 0.087249755859375
-0.210800170898437 0.183151245117188 0.128730773925781 0.110588073730469
-0.2220458984375 0.103515625 0.14971923828125 0.126312255859375
-0.237945556640625 0.0214080810546874 0.10687255859375 0.179107666015625
-0.228485107421875 -0.05303955078125 0.0496673583984375 0.180679321289062
-0.236770629882813 -0.116668701171875 -0.0224609375 0.1484375
-0.230484008789063 -0.135116577148438 -0.0748519897460938 0.0572967529296875
-0.194061279296875 -0.168731689453125 -0.099853515625 -0.0342559814453125
-0.190536499023438 -0.177398681640625 -0.12841796875 -0.124122619628906
-0.192718505859375 -0.154022216796875 -0.129501342773438 -0.159011840820313
-0.198989868164062 -0.107223510742187 -0.114028930664063 -0.1624755859375
-0.225387573242188 -0.0300140380859375 -0.0904541015625 -0.13385009765625
-0.215164184570313 -0.00254821777343753 -0.0333099365234375 -0.168792724609375
-0.216476440429688 0.105270385742188 -0.0128173828125 -0.193161010742188
-0.179168701171875 0.15118408203125 0.0151214599609375 -0.246856689453125
-0.209869384765625 0.178207397460937 0.0952911376953125 0.165328979492188
-0.231582641601562 0.183639526367188 0.092315673828125 0.1690673828125
-0.2396240234375 0.09307861328125 0.143142700195312 0.146102905273437
-0.254745483398438 0.00630187988281249 0.121063232421875 0.17584228515625
-0.242080688476563 -0.0713653564453125 0.0988311767578125 0.177261352539063
-0.253936767578125 -0.135528564453125 0.0580291748046875 0.156524658203125
-0.246078491210938 -0.152557373046875 0.0198516845703125 0.0840530395507813
-0.213119506835938 -0.18316650390625 -0.0114450454711914 0.0093708038330078
-0.219390869140625 -0.189651489257813 -0.04296875 -0.0886459350585938
-0.230377197265625 -0.158126831054688 -0.0579833984375 -0.142669677734375
-0.239471435546875 -0.103469848632812 -0.0767974853515625 -0.175552368164063
-0.261734008789063 -0.0089874267578125 -0.0925445556640625 -0.149566650390625
-0.25177001953125 0.0217132568359375 -0.0598602294921875 -0.171539306640625
-0.247772216796875 0.1396484375 -0.0581207275390625 -0.153060913085938
-0.201370239257813 0.1790771484375 -0.0505218505859375 -0.187835693359375
-0.194854736328125 0.154449462890625 0.041748046875 0.237472534179688
-0.2174072265625 0.15216064453125 0.0480804443359375 0.213912963867188
-0.216598510742188 0.0601043701171875 0.120101928710937 0.157241821289063
-0.224136352539063 -0.0170745849609375 0.119827270507812 0.165191650390625
-0.209259033203125 -0.0826416015625 0.134124755859375 0.172958374023438
-0.224441528320313 -0.13848876953125 0.132431030273438 0.166961669921875
-0.220748901367188 -0.14849853515625 0.115135192871094 0.115280151367187
-0.200836181640625 -0.170272827148437 0.081146240234375 0.051910400390625
-0.212173461914063 -0.172622680664063 0.050018310546875 -0.0589179992675781
-0.226531982421875 -0.134674072265625 0.0244903564453125 -0.132286071777344
-0.234466552734375 -0.0790863037109375 -0.0303497314453125 -0.1890869140625
-0.24884033203125 0.012786865234375 -0.0888214111328125 -0.1610107421875
-0.2420654296875 0.0418395996093749 -0.08642578125 -0.15869140625
-0.23516845703125 0.152694702148438 -0.104995727539063 -0.098541259765625
-0.191497802734375 0.177825927734375 -0.120437622070313 -0.116920471191406
-0.149566650390625 0.1075439453125 -0.010040283203125 0.294342041015625
-0.16961669921875 0.103271484375 0.00326538085937497 0.237152099609375
-0.157073974609375 0.024627685546875 0.08648681640625 0.152938842773438
-0.160003662109375 -0.0307464599609375 0.106475830078125 0.148574829101563
-0.14495849609375 -0.0748291015625 0.151885986328125 0.168121337890625
-0.15948486328125 -0.118087768554688 0.189102172851563 0.17681884765625
-0.161956787109375 -0.12139892578125 0.195037841796875 0.1455078125
-0.156753540039063 -0.133499145507813 0.161880493164063 0.085418701171875
-0.168594360351563 -0.131973266601563 0.131095886230469 -0.0385894775390625
-0.177154541015625 -0.09429931640625 0.0952911376953125 -0.130813598632813
-0.181991577148438 -0.04766845703125 0.00955200195312497 -0.19989013671875
-0.189239501953125 0.0226287841796875 -0.0812835693359375 -0.166702270507813
-0.18780517578125 0.04730224609375 -0.107551574707031 -0.135154724121094
-0.183029174804687 0.136199951171875 -0.143218994140625 -0.0428619384765625
-0.1502685546875 0.141082763671875 -0.179092407226563 -0.0514068603515625
-0.0802764892578125 0.0500869750976563 -0.049530029296875 0.328155517578125
-0.0987548828125 0.054290771484375 -0.029296875 0.240509033203125
-0.0800094604492187 0.00295257568359377 0.0564117431640625 0.139869689941406
-0.0828399658203125 -0.0241775512695312 0.0912246704101563 0.132484436035156
-0.0718994140625 -0.043975830078125 0.154678344726563 0.163986206054688
-0.0801849365234375 -0.0738067626953125 0.221038818359375 0.186172485351563
-0.0831527709960938 -0.0738525390625 0.247467041015625 0.170333862304688
-0.0872421264648438 -0.0786285400390625 0.217697143554688 0.106613159179688
-0.0952987670898438 -0.0772705078125 0.187545776367188 -0.030548095703125
-0.0964813232421875 -0.04974365234375 0.14276123046875 -0.136978149414063
-0.0988311767578125 -0.0213470458984375 0.0360565185546875 -0.207321166992188
-0.101730346679687 0.0147781372070313 -0.07568359375 -0.1697998046875
-0.104881286621094 0.03277587890625 -0.122451782226562 -0.113494873046875
-0.104377746582031 0.0879592895507813 -0.16943359375 -0.00125122070312497
-0.0886154174804688 0.0765228271484375 -0.221160888671875 -0.00112915039062504
-0.00867557525634766 -0.0159626007080078 0.19793701171875 -0.04937744140625
-0.0022435188293457 0.00518274307250977 0.168670654296875 -0.0141754150390625
6.79492950439455E-05 -0.00268650054931641 0.113594055175781 0.0717315673828125
-0.00628948211669922 -0.00619363784790039 0.0572967529296875 0.160293579101563
-0.00113344192504883 -0.00443792343139649 -0.04559326171875 0.164337158203125
0.00980854034423828 -0.0141086578369141 -0.136512756347656 0.117073059082031
0.00201511383056641 -0.00568485260009766 -0.200881958007812 0.013519287109375
0.00501298904418945 -0.00824594497680664 -0.223526000976562 -0.105316162109375
0.0112066268920898 -0.00565052032470703 -0.236557006835937 -0.169723510742188
0.017155647277832 0.000772476196289062 -0.204788208007812 -0.174911499023438
0.0103235244750977 0.0144863128662109 -0.152542114257813 -0.126983642578125
0.00287961959838867 0.00310397148132324 -0.0798568725585938 -0.0956039428710938
0.0126399993896484 0.000615119934082031 -0.01531982421875 -0.125930786132813
0.0192737579345703 0.00401496887207031 0.0258941650390625 -0.223175048828125
0.0139904022216797 -0.0172004699707031 0.085296630859375 -0.31622314453125
-0.080291748046875 0.0657501220703125 0.192337036132813 -0.03411865234375
-0.0799026489257813 0.0825271606445312 0.163619995117188 0.00344848632812501
-0.086761474609375 0.0458984375 0.125740051269531 0.0768890380859375
-0.0965423583984375 0.01141357421875 0.0685272216796875 0.1630859375
-0.09027099609375 -0.0185546875 -0.02880859375 0.168350219726563
-0.0893783569335938 -0.0494613647460938 -0.124595642089844 0.127334594726563
-0.0933456420898438 -0.0522689819335937 -0.192276000976563 0.0237579345703125
-0.0749359130859375 -0.068206787109375 -0.213775634765625 -0.0929718017578125
-0.0659027099609375 -0.0717010498046875 -0.228469848632812 -0.163467407226563
-0.0561561584472656 -0.0593338012695312 -0.198471069335938 -0.172821044921875
-0.0573806762695313 -0.0347023010253906 -0.147262573242188 -0.131271362304688
-0.0741958618164062 -0.01641845703125 -0.078857421875 -0.0961761474609375
-0.0664825439453125 -0.00886154174804687 -0.0103225708007813 -0.130699157714844
-0.0659599304199219 0.0351638793945312 0.0296478271484375 -0.21685791015625
-0.0572090148925781 0.0458793640136719 0.0826416015625 -0.306671142578125
-0.140296936035156 0.132392883300781 0.171401977539063 0.011566162109375
-0.147064208984375 0.147415161132813 0.150421142578125 0.044036865234375
-0.16064453125 0.086944580078125 0.139762878417969 0.0906906127929688
-0.175399780273438 0.02618408203125 0.0883941650390625 0.165740966796875
-0.169586181640625 -0.0307159423828125 0.00830078125 0.170364379882813
-0.17572021484375 -0.0803985595703125 -0.0808944702148438 0.134506225585937
-0.175399780273438 -0.0924835205078125 -0.146148681640625 0.0375213623046875
-0.144393920898438 -0.119781494140625 -0.170974731445313 -0.0664825439453125
-0.136878967285156 -0.12847900390625 -0.19268798828125 -0.143173217773438
-0.128044128417969 -0.112617492675781 -0.17626953125 -0.161819458007813
-0.128189086914062 -0.0769500732421875 -0.138816833496094 -0.137657165527344
-0.151687622070313 -0.0268096923828125 -0.0841293334960937 -0.1055908203125
-0.143600463867188 -0.009735107421875 -0.0175018310546875 -0.144760131835938
-0.145339965820313 0.0705413818359375 0.0142364501953125 -0.206375122070313
-0.12060546875 0.104522705078125 0.0562744140625 -0.281707763671875
-0.182846069335938 0.17315673828125 0.138641357421875 0.0790863037109375
-0.195083618164062 0.18389892578125 0.128128051757813 0.0992813110351563
-0.212005615234375 0.105392456054688 0.147689819335938 0.1121826171875
-0.230438232421875 0.02825927734375 0.108978271484375 0.165817260742188
-0.223785400390625 -0.0462188720703125 0.054473876953125 0.168777465820313
-0.234054565429688 -0.107772827148438 -0.01446533203125 0.140121459960937
-0.229095458984375 -0.124496459960937 -0.0724334716796875 0.0561294555664062
-0.19293212890625 -0.1552734375 -0.100318908691406 -0.0305328369140625
-0.191726684570313 -0.167068481445313 -0.129310607910156 -0.114265441894531
-0.191787719726563 -0.144317626953125 -0.129348754882813 -0.147491455078125
-0.19500732421875 -0.097900390625 -0.116714477539063 -0.147994995117188
-0.219192504882813 -0.0204010009765625 -0.0904922485351562 -0.120475769042969
-0.210205078125 0.00471496582031246 -0.037384033203125 -0.157852172851563
-0.205963134765625 0.109542846679688 -0.017852783203125 -0.1832275390625
-0.167404174804688 0.15301513671875 0.00819396972656249 -0.237625122070313
-0.19830322265625 0.18115234375 0.093505859375 0.15570068359375
-0.21588134765625 0.184310913085938 0.0943450927734375 0.157318115234375
-0.230026245117188 0.095794677734375 0.141006469726562 0.131881713867188
-0.24627685546875 0.014984130859375 0.121536254882813 0.16143798828125
-0.237075805664063 -0.062713623046875 0.102035522460938 0.163925170898438
-0.251602172851562 -0.12579345703125 0.0635528564453125 0.145858764648438
-0.24462890625 -0.140701293945312 0.0209808349609375 0.0802459716796875
-0.212936401367188 -0.168502807617188 -0.0127677917480469 0.0106592178344726
-0.22052001953125 -0.177978515625 -0.045654296875 -0.0812301635742188
-0.229293823242187 -0.147476196289063 -0.0608367919921875 -0.133583068847656
-0.235000610351563 -0.0933990478515625 -0.0817413330078125 -0.162078857421875
-0.2540283203125 0.00111389160156251 -0.0943145751953125 -0.135169982910156
-0.245315551757813 0.0291595458984375 -0.06390380859375 -0.160018920898438
-0.234756469726562 0.143356323242187 -0.0604705810546875 -0.143692016601563
-0.187667846679687 0.1810302734375 -0.05291748046875 -0.178085327148438
-0.184356689453125 0.156494140625 0.04461669921875 0.227554321289063
-0.202529907226563 0.154327392578125 0.052703857421875 0.203018188476563
-0.2081298828125 0.0640411376953125 0.1177978515625 0.143173217773438
-0.2177734375 -0.00814819335937497 0.118667602539062 0.150955200195312
-0.205947875976563 -0.0744781494140625 0.13519287109375 0.15838623046875
-0.222793579101563 -0.12933349609375 0.135513305664063 0.152969360351562
-0.219863891601563 -0.137252807617187 0.1148681640625 0.108016967773437
-0.200393676757813 -0.157058715820313 0.078857421875 0.0496749877929688
-0.212997436523438 -0.160247802734375 0.0451812744140625 -0.0545730590820313
-0.223663330078125 -0.125106811523437 0.0193328857421875 -0.126014709472656
-0.22906494140625 -0.070892333984375 -0.037353515625 -0.176162719726563
-0.240936279296875 0.0208282470703125 -0.0911712646484375 -0.1463623046875
-0.234634399414063 0.0482025146484375 -0.0901336669921875 -0.146774291992188
-0.22186279296875 0.156158447265625 -0.103721618652344 -0.0901336669921875
-0.178146362304687 0.178878784179688 -0.117759704589844 -0.107940673828125
-0.141677856445313 0.10968017578125 -0.00329589843750003 0.283905029296875
-0.15875244140625 0.10498046875 0.0096893310546875 0.22686767578125
-0.152511596679688 0.0279083251953125 0.0846405029296875 0.140716552734375
-0.156204223632812 -0.023773193359375 0.104774475097656 0.135017395019531
-0.142593383789062 -0.068817138671875 0.151504516601563 0.15264892578125
-0.160247802734375 -0.111312866210937 0.189346313476563 0.161270141601563
-0.162796020507813 -0.113006591796875 0.193191528320313 0.134521484375
-0.15655517578125 -0.122711181640625 0.159164428710938 0.0805816650390625
-0.169601440429688 -0.122650146484375 0.124176025390625 -0.0372085571289063
-0.175552368164062 -0.087158203125 0.0869598388671875 -0.126007080078125
-0.177276611328125 -0.0417327880859375 0.000900268554687487 -0.18804931640625
-0.183273315429688 0.0281982421875 -0.0847930908203125 -0.152374267578125
-0.18194580078125 0.051513671875 -0.109931945800781 -0.12384033203125
-0.171676635742188 0.13800048828125 -0.139472961425781 -0.0352630615234375
-0.1402587890625 0.142044067382813 -0.171875 -0.0426025390625
-0.076568603515625 0.050384521484375 -0.03948974609375 0.317718505859375
-0.0920333862304688 0.0555572509765625 -0.0228118896484375 0.23175048828125
-0.0783767700195312 0.00469970703124999 0.0546188354492188 0.129585266113281
-0.0810165405273438 -0.0201568603515625 0.0891189575195312 0.120033264160156
-0.0708465576171875 -0.0405731201171875 0.153640747070313 0.148422241210938
-0.0818328857421875 -0.0699310302734375 0.219696044921875 0.169754028320312
-0.0845718383789063 -0.068695068359375 0.245391845703125 0.156723022460938
-0.08831787109375 -0.0721054077148437 0.215087890625 0.0998687744140625
-0.0966110229492187 -0.0716934204101563 0.17999267578125 -0.0305023193359375
-0.0952072143554688 -0.0459671020507812 0.132133483886719 -0.132980346679688
-0.0959854125976562 -0.0185470581054688 0.0257568359375 -0.195892333984375
-0.0984725952148438 0.01763916015625 -0.08056640625 -0.155746459960938
-0.10162353515625 0.03533935546875 -0.123550415039063 -0.10235595703125
-0.0962066650390625 0.0886383056640625 -0.162857055664063 0.00517272949218749
-0.0832748413085938 0.0769882202148437 -0.210723876953125 0.00700378417968753
-0.00918483734130859 -0.0158319473266602 0.195816040039063 -0.052032470703125
-0.000550746917724609 0.00473594665527344 0.167510986328125 -0.0189208984375
0.00094914436340332 -0.00335979461669922 0.115379333496094 0.0666351318359375
-0.00578594207763672 -0.00561285018920898 0.0611419677734375 0.1553955078125
-0.000418663024902344 -0.0047459602355957 -0.0445098876953125 0.1617431640625
0.00927257537841797 -0.0139322280883789 -0.136375427246094 0.1156005859375
0.00289487838745117 -0.00487661361694336 -0.203262329101563 0.0119781494140625
0.00543308258056641 -0.00664520263671875 -0.227203369140625 -0.107940673828125
0.00974464416503906 -0.00425434112548828 -0.23870849609375 -0.168746948242187
0.0164957046508789 0.000329971313476563 -0.20526123046875 -0.171463012695312
0.0111732482910156 0.0138225555419922 -0.152725219726563 -0.12152099609375
0.00289416313171387 0.00416183471679688 -0.0786819458007813 -0.0913314819335938
0.0131435394287109 0.00145530700683594 -0.012725830078125 -0.1209716796875
0.0201930999755859 0.00402069091796875 0.0260467529296875 -0.219482421875
0.0139713287353516 -0.0170040130615234 0.083465576171875 -0.315582275390625
-0.0805435180664063 0.0669021606445313 0.1904296875 -0.0369110107421875
-0.077392578125 0.083038330078125 0.163894653320313 -0.0012359619140625
-0.0861740112304687 0.0459747314453125 0.127197265625 0.0711746215820313
-0.0972671508789062 0.0122833251953125 0.07122802734375 0.15850830078125
-0.090911865234375 -0.0185394287109375 -0.02752685546875 0.166336059570312
-0.090850830078125 -0.0500259399414062 -0.123130798339844 0.125282287597656
-0.09417724609375 -0.0509262084960938 -0.19403076171875 0.0231781005859375
-0.0746688842773438 -0.0660400390625 -0.21673583984375 -0.093475341796875
-0.0681304931640625 -0.07073974609375 -0.23004150390625 -0.162094116210938
-0.0569267272949219 -0.0599937438964844 -0.198684692382813 -0.169570922851563
-0.0568046569824219 -0.0352287292480469 -0.147903442382813 -0.124435424804687
-0.07415771484375 -0.01416015625 -0.077239990234375 -0.0908584594726562
-0.0672149658203125 -0.00741195678710938 -0.00825500488281251 -0.126312255859375
-0.0647506713867188 0.0362014770507812 0.0290679931640625 -0.213592529296875
-0.0560379028320312 0.04681396484375 0.08172607421875 -0.30584716796875
-0.140495300292969 0.134864807128906 0.16961669921875 0.0102386474609375
-0.14447021484375 0.148635864257813 0.1514892578125 0.039764404296875
-0.161026000976562 0.08770751953125 0.140975952148438 0.08587646484375
-0.176345825195312 0.0277252197265625 0.0906524658203125 0.161376953125
-0.170928955078125 -0.0300750732421875 0.00927734375 0.167587280273438
-0.178054809570313 -0.082000732421875 -0.0793228149414063 0.131881713867188
-0.1776123046875 -0.091400146484375 -0.148544311523438 0.03753662109375
-0.14483642578125 -0.117538452148438 -0.173599243164062 -0.0659027099609375
-0.139694213867188 -0.128067016601563 -0.195159912109375 -0.141265869140625
-0.12969970703125 -0.112953186035156 -0.1771240234375 -0.159225463867188
-0.128028869628906 -0.0766830444335938 -0.139266967773438 -0.131507873535156
-0.152099609375 -0.0245361328125 -0.0822525024414062 -0.100013732910156
-0.145767211914063 -0.00750732421875002 -0.0164337158203125 -0.140640258789062
-0.143508911132812 0.072998046875 0.0144805908203125 -0.203323364257813
-0.118682861328125 0.106559753417969 0.055877685546875 -0.280807495117187
-0.182861328125 0.176788330078125 0.137222290039063 0.0791473388671875
-0.192062377929687 0.18621826171875 0.129119873046875 0.096099853515625
-0.212921142578125 0.106597900390625 0.147796630859375 0.107086181640625
-0.231277465820313 0.030731201171875 0.1099853515625 0.1617431640625
-0.225250244140625 -0.0455780029296875 0.056365966796875 0.165206909179687
-0.237640380859375 -0.1087646484375 -0.0128555297851563 0.136825561523438
-0.232406616210937 -0.123016357421875 -0.0731048583984375 0.0571136474609375
-0.193344116210938 -0.152847290039062 -0.103103637695313 -0.0287399291992188
-0.195831298828125 -0.1661376953125 -0.131019592285156 -0.111099243164062
-0.194488525390625 -0.145294189453125 -0.129989624023437 -0.145095825195313
-0.195205688476563 -0.0977020263671875 -0.117523193359375 -0.142044067382813
-0.219528198242188 -0.0174560546875 -0.0895614624023438 -0.114570617675781
-0.212448120117187 0.00657653808593748 -0.037139892578125 -0.153640747070313
-0.204696655273438 0.113372802734375 -0.0185699462890625 -0.180953979492188
-0.164840698242188 0.156021118164062 0.00836181640624997 -0.236923217773438
-0.198440551757812 0.185333251953125 0.0926361083984375 0.156112670898438
-0.212905883789063 0.18701171875 0.0949554443359375 0.154632568359375
-0.23138427734375 0.097686767578125 0.14044189453125 0.127296447753906
-0.248077392578125 0.017608642578125 0.121002197265625 0.1573486328125
-0.2386474609375 -0.06201171875 0.103271484375 0.159927368164063
-0.25543212890625 -0.126708984375 0.06640625 0.141921997070313
-0.248504638671875 -0.138702392578125 0.0209884643554687 0.0808792114257812
-0.213775634765625 -0.165969848632813 -0.0138473510742188 0.0130538940429687
-0.224395751953125 -0.176788330078125 -0.0469818115234375 -0.0781326293945313
-0.231491088867188 -0.1483154296875 -0.0608367919921875 -0.130943298339844
-0.236160278320312 -0.0931854248046875 -0.083343505859375 -0.15570068359375
-0.254928588867188 0.00424194335937501 -0.0936508178710938 -0.129081726074219
-0.247390747070313 0.0313720703125 -0.0653839111328125 -0.15582275390625
-0.233078002929688 0.1478271484375 -0.0607147216796875 -0.14111328125
-0.184768676757813 0.183517456054688 -0.0516815185546875 -0.176513671875
-0.184066772460938 0.160064697265625 0.0442047119140625 0.228622436523438
-0.199432373046875 0.156112670898438 0.0535888671875 0.20111083984375
-0.210037231445313 0.064971923828125 0.116256713867187 0.139518737792969
-0.218475341796875 -0.00524902343749999 0.11688232421875 0.1468505859375
-0.207305908203125 -0.0742034912109375 0.136138916015625 0.153640747070313
-0.226303100585937 -0.13037109375 0.137863159179688 0.149490356445313
-0.22454833984375 -0.136337280273437 0.115180969238281 0.108306884765625
-0.2020263671875 -0.154754638671875 0.0789413452148437 0.0524139404296875
-0.217208862304688 -0.160064697265625 0.0443458557128906 -0.0512619018554688
-0.226333618164063 -0.125015258789062 0.0183181762695312 -0.124008178710938
-0.230133056640625 -0.0707855224609375 -0.0394134521484375 -0.169967651367188
-0.2418212890625 0.0237274169921875 -0.0915985107421875 -0.139556884765625
-0.237701416015625 0.050537109375 -0.092498779296875 -0.142471313476563
-0.219879150390625 0.15899658203125 -0.104377746582031 -0.0874862670898438
-0.175155639648437 0.181732177734375 -0.116119384765625 -0.106002807617187
-0.141952514648438 0.1116943359375 -0.00338745117187498 0.28497314453125
-0.156768798828125 0.106826782226563 0.01007080078125 0.225814819335938
-0.15399169921875 0.02838134765625 0.0817489624023438 0.137245178222656
-0.156158447265625 -0.0218048095703125 0.101860046386719 0.131134033203125
-0.143829345703125 -0.068328857421875 0.15155029296875 0.147720336914063
-0.162811279296875 -0.1121826171875 0.19140625 0.157119750976563
-0.16644287109375 -0.11126708984375 0.195175170898437 0.13397216796875
-0.15802001953125 -0.1201171875 0.160293579101563 0.0835113525390625
-0.172866821289063 -0.12164306640625 0.124198913574219 -0.0331954956054688
-0.17724609375 -0.0872039794921875 0.0858154296875 -0.123794555664062
-0.1778564453125 -0.0418853759765625 -0.0020599365234375 -0.182754516601562
-0.183975219726563 0.0300445556640625 -0.086669921875 -0.14569091796875
-0.183364868164062 0.053680419921875 -0.112785339355469 -0.119583129882812
-0.16876220703125 0.140823364257813 -0.139228820800781 -0.0325164794921875
-0.137863159179688 0.143478393554688 -0.16973876953125 -0.0406494140625
-0.0770645141601562 0.0513381958007813 -0.0382080078125 0.31829833984375
-0.09130859375 0.056976318359375 -0.0225677490234375 0.231155395507812
-0.079864501953125 0.00490570068359375 0.0514907836914063 0.126663208007813
-0.0812301635742188 -0.0186767578125 0.0861968994140625 0.115852355957031
-0.0714797973632813 -0.04071044921875 0.152587890625 0.143478393554688
-0.0844573974609375 -0.0707855224609375 0.2205810546875 0.165328979492188
-0.0869903564453125 -0.0680694580078125 0.24725341796875 0.155426025390625
-0.0897598266601562 -0.0702285766601563 0.218246459960938 0.102005004882813
-0.0988006591796875 -0.0708084106445312 0.180374145507813 -0.0268707275390625
-0.0966415405273438 -0.0459823608398437 0.130447387695313 -0.130538940429688
-0.0962600708007813 -0.0185470581054687 0.02294921875 -0.192214965820313
-0.0996322631835938 0.018524169921875 -0.08209228515625 -0.149688720703125
-0.101799011230469 0.0361785888671875 -0.12615966796875 -0.0978240966796875
-0.0940704345703125 0.0901260375976563 -0.162765502929688 0.00779724121093748
-0.0820236206054688 0.077392578125 -0.20849609375 0.00863647460937501
-0.0104551315307617 -0.0155372619628906 0.1995849609375 -0.059906005859375
0.000655651092529297 0.00443315505981445 0.173294067382813 -0.0273895263671875
0.0012357234954834 -0.0037848949432373 0.121376037597656 0.0615005493164063
-0.00581264495849609 -0.00548267364501953 0.068939208984375 0.154586791992188
5.17368316650393E-05 -0.00413060188293457 -0.0411224365234375 0.166091918945313
0.00879287719726563 -0.0146141052246094 -0.138839721679688 0.121498107910156
0.00452852249145508 -0.00504684448242188 -0.212005615234375 0.0148468017578125
0.00662708282470703 -0.00571489334106445 -0.24114990234375 -0.108474731445312
0.00840234756469727 -0.00369691848754883 -0.25274658203125 -0.170501708984375
0.0167255401611328 -0.000458717346191406 -0.215347290039062 -0.1707763671875
0.013117790222168 0.0133695602416992 -0.160186767578125 -0.117996215820312
0.00338315963745117 0.00552082061767578 -0.08184814453125 -0.0881500244140625
0.0141305923461914 0.00172615051269531 -0.0117568969726563 -0.121231079101563
0.0227108001708984 0.00322532653808594 0.022735595703125 -0.225021362304688
0.0136032104492187 -0.0183773040771484 0.07916259765625 -0.328460693359375
-0.0826339721679688 0.073150634765625 0.194442749023438 -0.043212890625
-0.0767669677734375 0.0878753662109375 0.169677734375 -0.00897216796874999
-0.08880615234375 0.0500869750976562 0.134628295898438 0.0670318603515625
-0.100433349609375 0.01611328125 0.079986572265625 0.159072875976563
-0.0953750610351563 -0.017059326171875 -0.02349853515625 0.170852661132812
-0.0971603393554687 -0.0502395629882812 -0.124702453613281 0.130622863769531
-0.0986709594726563 -0.0500946044921875 -0.201614379882812 0.0269317626953125
-0.0778274536132813 -0.0655899047851563 -0.230255126953125 -0.0926971435546875
-0.0737991333007812 -0.0702362060546875 -0.243179321289062 -0.162765502929688
-0.0612411499023437 -0.0615081787109375 -0.209442138671875 -0.169265747070312
-0.0592842102050781 -0.0352363586425781 -0.155349731445313 -0.12188720703125
-0.076873779296875 -0.0109024047851562 -0.0798263549804688 -0.0883255004882813
-0.0702972412109375 -0.00430297851562501 -0.00793457031250001 -0.127067565917969
-0.0641326904296875 0.0399971008300781 0.025665283203125 -0.218536376953125
-0.0557785034179687 0.050750732421875 0.07720947265625 -0.318695068359375
-0.1429443359375 0.14617919921875 0.174972534179688 0.00645446777343751
-0.144149780273437 0.158432006835938 0.158126831054688 0.03369140625
-0.166000366210938 0.0946502685546875 0.149078369140625 0.0817413330078125
-0.182540893554688 0.0344390869140625 0.0996551513671875 0.161483764648437
-0.179214477539063 -0.027557373046875 0.0155181884765625 0.171173095703125
-0.189834594726562 -0.081634521484375 -0.0786819458007813 0.135566711425781
-0.186859130859375 -0.0898284912109375 -0.153610229492188 0.04290771484375
-0.15179443359375 -0.117080688476563 -0.18389892578125 -0.0631103515625
-0.150405883789062 -0.129180908203125 -0.20556640625 -0.141006469726562
-0.138710021972656 -0.114471435546875 -0.186111450195313 -0.158676147460938
-0.134757995605469 -0.077117919921875 -0.1468505859375 -0.128005981445312
-0.158248901367188 -0.0192718505859375 -0.0845413208007813 -0.09716796875
-0.152252197265625 -0.0026702880859375 -0.0184173583984375 -0.141387939453125
-0.144973754882813 0.0810699462890625 0.0102691650390625 -0.207656860351562
-0.118766784667969 0.113945007324219 0.05206298828125 -0.29180908203125
-0.18572998046875 0.191131591796875 0.143234252929688 0.07855224609375
-0.1932373046875 0.199386596679688 0.136016845703125 0.093231201171875
-0.220779418945313 0.1165771484375 0.155975341796875 0.103485107421875
-0.240234375 0.038848876953125 0.118560791015625 0.161941528320313
-0.23663330078125 -0.04217529296875 0.063873291015625 0.166748046875
-0.253402709960938 -0.108139038085938 -0.00864410400390625 0.139419555664063
-0.24566650390625 -0.120452880859375 -0.0747604370117188 0.0614776611328125
-0.20343017578125 -0.152587890625 -0.108856201171875 -0.0252532958984375
-0.2091064453125 -0.1676025390625 -0.139198303222656 -0.110069274902344
-0.206832885742187 -0.146377563476563 -0.137802124023438 -0.14544677734375
-0.205322265625 -0.0979614257812499 -0.125015258789063 -0.13848876953125
-0.228866577148438 -0.010772705078125 -0.0927810668945313 -0.111114501953125
-0.222015380859375 0.0144805908203125 -0.040557861328125 -0.1546630859375
-0.20758056640625 0.124755859375 -0.0221099853515625 -0.1834716796875
-0.164535522460938 0.167327880859375 0.00428771972656252 -0.244033813476562
-0.20147705078125 0.199691772460937 0.099090576171875 0.160690307617187
-0.213882446289062 0.200439453125 0.102935791015625 0.155654907226563
-0.239730834960938 0.107452392578125 0.147842407226563 0.125076293945313
-0.257293701171875 0.0256958007812501 0.128662109375 0.157119750976563
-0.250686645507813 -0.0588226318359375 0.110946655273437 0.159927368164063
-0.272323608398438 -0.12713623046875 0.07318115234375 0.141952514648437
-0.263214111328125 -0.13690185546875 0.0241317749023437 0.0842056274414062
-0.225494384765625 -0.16546630859375 -0.0144729614257813 0.017125129699707
-0.239898681640625 -0.177581787109375 -0.0506210327148438 -0.0773391723632813
-0.245742797851562 -0.1483154296875 -0.0659027099609375 -0.132278442382813
-0.247406005859375 -0.092437744140625 -0.089935302734375 -0.153030395507812
-0.265243530273438 0.0126190185546875 -0.0979385375976563 -0.1258544921875
-0.258529663085938 0.0411376953125 -0.0707855224609375 -0.15594482421875
-0.235549926757812 0.1612548828125 -0.0658416748046875 -0.14141845703125
-0.184112548828125 0.196014404296875 -0.056488037109375 -0.180831909179688
-0.187698364257812 0.172988891601563 0.0514068603515625 0.23651123046875
-0.201614379882812 0.16851806640625 0.0602569580078125 0.205352783203125
-0.21759033203125 0.0735931396484375 0.122238159179687 0.138740539550781
-0.227920532226562 0.000564575195312525 0.123046875 0.146942138671875
-0.2181396484375 -0.071624755859375 0.144546508789063 0.152267456054688
-0.241500854492187 -0.130844116210938 0.147384643554687 0.14715576171875
-0.238494873046875 -0.134063720703125 0.122802734375 0.110305786132813
-0.213577270507813 -0.15362548828125 0.0840682983398437 0.0560760498046875
-0.231597900390625 -0.159881591796875 0.0450935363769531 -0.0504951477050781
-0.2403564453125 -0.124893188476562 0.0161895751953125 -0.12652587890625
-0.240859985351563 -0.069366455078125 -0.0450439453125 -0.170074462890625
-0.250946044921875 0.0317840576171875 -0.0968246459960938 -0.136909484863281
-0.246826171875 0.0607147216796875 -0.10015869140625 -0.141876220703125
-0.221755981445313 0.173492431640625 -0.109146118164063 -0.0851669311523437
-0.175155639648438 0.193115234375 -0.120964050292969 -0.105880737304688
-0.145156860351563 0.12103271484375 0.00372314453124997 0.2962646484375
-0.158187866210938 0.115997314453125 0.015533447265625 0.232559204101563
-0.16094970703125 0.033782958984375 0.0859832763671875 0.137855529785156
-0.1632080078125 -0.01788330078125 0.105430603027344 0.130088806152344
-0.151336669921875 -0.06768798828125 0.158828735351563 0.146026611328125
-0.174835205078125 -0.1129150390625 0.202682495117188 0.154312133789063
-0.176971435546875 -0.110137939453125 0.2059326171875 0.134201049804687
-0.167068481445313 -0.119522094726562 0.170623779296875 0.0853424072265625
-0.184524536132813 -0.1209716796875 0.128929138183594 -0.03375244140625
-0.187591552734375 -0.0866851806640625 0.0858840942382812 -0.127593994140625
-0.186248779296875 -0.040740966796875 -0.00691223144531253 -0.183929443359375
-0.191452026367188 0.037139892578125 -0.092529296875 -0.143463134765625
-0.190277099609375 0.062042236328125 -0.121208190917969 -0.11712646484375
-0.169174194335938 0.151809692382812 -0.144088745117188 -0.0274810791015625
-0.138046264648438 0.153060913085937 -0.1744384765625 -0.03668212890625
-0.0797882080078125 0.0558853149414062 -0.03143310546875 0.331878662109375
-0.0919036865234375 0.0623321533203125 -0.0193634033203125 0.239730834960937
-0.0841445922851563 0.00747680664062501 0.0530471801757812 0.127662658691406
-0.0850677490234375 -0.0163803100585938 0.0874786376953125 0.115104675292969
-0.0749893188476562 -0.0409088134765625 0.158767700195313 0.141998291015625
-0.0914382934570313 -0.0719223022460938 0.231475830078125 0.162734985351563
-0.0936431884765625 -0.06719970703125 0.261383056640625 0.154891967773438
-0.0952911376953125 -0.0688400268554687 0.231063842773438 0.103408813476563
-0.106285095214844 -0.0699462890625 0.187744140625 -0.02838134765625
-0.102745056152344 -0.0457916259765625 0.131752014160156 -0.134429931640625
-0.100532531738281 -0.018035888671875 0.0177154541015625 -0.194595336914063
-0.103790283203125 0.0224533081054687 -0.0893096923828125 -0.147628784179688
-0.105560302734375 0.0410919189453125 -0.134552001953125 -0.094482421875
-0.0928726196289062 0.0958633422851563 -0.168136596679688 0.0153656005859375
-0.0828857421875 0.0830764770507813 -0.213241577148438 0.015838623046875
-0.0125112533569336 -0.014622688293457 0.200180053710938 -0.078643798828125
0.00207757949829102 0.00375652313232422 0.176177978515625 -0.0437469482421875
0.00133895874023438 -0.00459384918212891 0.130104064941406 0.050689697265625
-0.00600767135620117 -0.00550317764282227 0.0841064453125 0.151123046875
0.000673532485961914 -0.00437045097351074 -0.02996826171875 0.172958374023438
0.00703048706054688 -0.0157747268676758 -0.135566711425781 0.133377075195313
0.00540876388549805 -0.00550746917724609 -0.220077514648438 0.0287933349609375
0.00784921646118164 -0.00572395324707031 -0.260467529296875 -0.0959930419921874
0.00864315032958984 -0.00300264358520508 -0.274658203125 -0.158905029296875
0.0167570114135742 -0.00234127044677734 -0.233200073242187 -0.1597900390625
0.0152215957641602 0.0121726989746094 -0.171737670898437 -0.107040405273438
0.00377655029296875 0.00623273849487305 -0.0884017944335938 -0.0819778442382813
0.0153112411499023 0.00118160247802734 -0.0159378051757813 -0.121391296386719
0.0246162414550781 -0.000133514404296875 0.00961303710937498 -0.231430053710937
0.0125350952148438 -0.0202732086181641 0.058319091796875 -0.34405517578125
-0.0801315307617188 0.0834426879882813 0.197113037109375 -0.05975341796875
-0.0726852416992188 0.095855712890625 0.173904418945312 -0.025177001953125
-0.0890121459960938 0.0576324462890625 0.144088745117188 0.0556640625
-0.102188110351563 0.0234756469726563 0.0955810546875 0.154251098632813
-0.0991897583007813 -0.0113067626953125 -0.011138916015625 0.1748046875
-0.105316162109375 -0.0453948974609375 -0.120849609375 0.141265869140625
-0.105133056640625 -0.0449676513671875 -0.208099365234375 0.0419769287109375
-0.0842971801757813 -0.0629043579101562 -0.246978759765625 -0.0796966552734375
-0.0826416015625 -0.0662994384765625 -0.264541625976563 -0.152755737304688
-0.0692024230957031 -0.0601005554199219 -0.226898193359375 -0.157989501953125
-0.0623283386230469 -0.0340080261230469 -0.166275024414063 -0.111297607421875
-0.0795440673828125 -0.00454711914062499 -0.086212158203125 -0.0818328857421875
-0.0724029541015625 0.001312255859375 -0.0145111083984375 -0.127021789550781
-0.0613327026367187 0.045379638671875 0.01312255859375 -0.2244873046875
-0.0536575317382813 0.0561676025390625 0.05828857421875 -0.33380126953125
-0.13763427734375 0.164276123046875 0.1798095703125 -0.00701904296874999
-0.136642456054688 0.174057006835938 0.165435791015625 0.0210723876953125
-0.1658935546875 0.110443115234375 0.160247802734375 0.06982421875
-0.186187744140625 0.0486297607421875 0.114700317382813 0.15545654296875
-0.18743896484375 -0.0154571533203125 0.0283050537109375 0.173385620117188
-0.205184936523438 -0.07098388671875 -0.0723419189453125 0.142257690429688
-0.199752807617187 -0.0789794921875 -0.15643310546875 0.05450439453125
-0.163818359375 -0.1099853515625 -0.196197509765625 -0.0511322021484375
-0.166046142578125 -0.121826171875 -0.22320556640625 -0.130355834960937
-0.152511596679688 -0.109466552734375 -0.202835083007812 -0.149490356445313
-0.1444091796875 -0.07135009765625 -0.1578369140625 -0.117416381835937
-0.163848876953125 -0.006591796875 -0.0915679931640625 -0.0901565551757813
-0.157470703125 0.010223388671875 -0.025726318359375 -0.141921997070313
-0.140914916992187 0.0939788818359375 -0.00222778320312501 -0.213333129882813
-0.113410949707031 0.126312255859375 0.0340576171875 -0.30450439453125
-0.178482055664063 0.214126586914062 0.152664184570312 0.0709228515625
-0.1842041015625 0.2203369140625 0.147140502929687 0.08428955078125
-0.221282958984375 0.137115478515625 0.168807983398438 0.092376708984375
-0.24554443359375 0.0572509765625 0.1341552734375 0.155120849609375
-0.248565673828125 -0.0267639160156251 0.0780792236328125 0.165756225585938
-0.273910522460938 -0.094757080078125 -0.000534057617187518 0.14141845703125
-0.263381958007813 -0.106765747070313 -0.0724945068359375 0.0700607299804687
-0.219650268554688 -0.14288330078125 -0.114509582519531 -0.0158462524414063
-0.23077392578125 -0.157196044921875 -0.151947021484375 -0.103408813476563
-0.226150512695313 -0.137115478515625 -0.152664184570313 -0.138290405273437
-0.219879150390625 -0.0882415771484375 -0.136566162109375 -0.129791259765625
-0.236587524414063 0.00802612304687495 -0.099761962890625 -0.103843688964844
-0.229476928710938 0.03326416015625 -0.0518341064453125 -0.153640747070313
-0.201522827148437 0.14453125 -0.0340728759765625 -0.185226440429688
-0.156585693359375 0.184295654296875 -0.0109405517578125 -0.251388549804687
-0.193832397460937 0.2249755859375 0.113815307617187 0.159515380859375
-0.205169677734375 0.224746704101563 0.115997314453125 0.151870727539063
-0.241622924804688 0.12957763671875 0.16082763671875 0.115707397460938
-0.264083862304688 0.0460205078125 0.142974853515625 0.1505126953125
-0.265594482421875 -0.0430755615234375 0.125640869140625 0.1546630859375
-0.29388427734375 -0.1121826171875 0.0851364135742187 0.138114929199219
-0.283355712890625 -0.1214599609375 0.0318832397460937 0.0865020751953125
-0.243072509765625 -0.154678344726562 -0.0126399993896485 0.0218276977539062
-0.262619018554687 -0.165481567382813 -0.0574569702148438 -0.0740432739257813
-0.266586303710938 -0.137313842773437 -0.0766830444335938 -0.130226135253906
-0.264114379882813 -0.080291748046875 -0.10174560546875 -0.147293090820313
-0.273269653320313 0.0333557128906249 -0.106277465820313 -0.118911743164062
-0.26580810546875 0.0630798339843751 -0.0844573974609375 -0.152435302734375
-0.228683471679688 0.184799194335938 -0.076873779296875 -0.138717651367188
-0.1744384765625 0.216537475585938 -0.069244384765625 -0.181472778320313
-0.182540893554687 0.195892333984375 0.070770263671875 0.241531372070313
-0.19482421875 0.189041137695312 0.0756683349609375 0.206466674804687
-0.222427368164062 0.093048095703125 0.134819030761719 0.131629943847656
-0.234054565429688 0.0185394287109375 0.134178161621094 0.140457153320313
-0.231964111328125 -0.0584716796875 0.158905029296875 0.1446533203125
-0.263427734375 -0.118911743164063 0.1617431640625 0.138076782226563
-0.256973266601563 -0.1204833984375 0.135757446289062 0.106422424316406
-0.229904174804688 -0.143035888671875 0.0931930541992188 0.054840087890625
-0.253814697265625 -0.1485595703125 0.0439414978027344 -0.0527114868164063
-0.258697509765625 -0.11407470703125 0.00831604003906248 -0.129631042480469
-0.255355834960938 -0.0568237304687499 -0.0568695068359375 -0.167144775390625
-0.258346557617188 0.0526885986328125 -0.107688903808594 -0.130119323730469
-0.252517700195313 0.0824127197265624 -0.114616394042969 -0.135963439941406
-0.21240234375 0.196014404296875 -0.117256164550781 -0.0768585205078125
-0.164932250976563 0.21197509765625 -0.130149841308594 -0.0999832153320313
-0.142044067382813 0.137588500976563 0.026580810546875 0.305511474609375
-0.15374755859375 0.131805419921875 0.0319976806640625 0.238937377929688
-0.165481567382812 0.0475006103515625 0.0957260131835937 0.134590148925781
-0.16937255859375 -0.00547790527343747 0.114234924316406 0.125106811523438
-0.162429809570313 -0.0598907470703125 0.172271728515625 0.13653564453125
-0.192138671875 -0.104766845703125 0.21881103515625 0.142349243164063
-0.191818237304688 -0.099853515625 0.22406005859375 0.124298095703125
-0.17999267578125 -0.111007690429688 0.185394287109375 0.07916259765625
-0.201141357421875 -0.1114501953125 0.132331848144531 -0.0406494140625
-0.201034545898438 -0.077056884765625 0.0800094604492188 -0.13580322265625
-0.196014404296875 -0.03070068359375 -0.019927978515625 -0.184844970703125
-0.195541381835938 0.0522918701171875 -0.104476928710938 -0.136589050292969
-0.193389892578125 0.0794525146484375 -0.134208679199219 -0.108619689941406
-0.1610107421875 0.16864013671875 -0.150390625 -0.0152587890625
-0.130722045898438 0.168258666992188 -0.180419921875 -0.0247802734375
-0.079376220703125 0.0641021728515625 -0.00747680664062502 0.344573974609375
-0.0900039672851563 0.0710220336914063 -0.00323486328125 0.24835205078125
-0.0874557495117187 0.014617919921875 0.0607070922851562 0.126953125
-0.0889968872070313 -0.0100479125976563 0.09381103515625 0.110984802246094
-0.0807876586914063 -0.03729248046875 0.171981811523438 0.1322021484375
-0.101905822753906 -0.0676956176757812 0.249298095703125 0.14923095703125
-0.102607727050781 -0.0610733032226563 0.2822265625 0.14129638671875
-0.103157043457031 -0.0631179809570312 0.2503662109375 0.092559814453125
-0.1163330078125 -0.0645065307617188 0.194107055664063 -0.0392608642578125
-0.110580444335937 -0.0396041870117188 0.127243041992188 -0.145721435546875
-0.106178283691406 -0.0135498046875 0.00509643554687497 -0.198379516601562
-0.106704711914063 0.0308837890625 -0.102386474609375 -0.141403198242187
-0.106040954589844 0.0506744384765625 -0.147003173828125 -0.08428955078125
-0.0861053466796875 0.10565185546875 -0.1727294921875 0.0302276611328125
-0.0801849365234375 0.0911712646484375 -0.2169189453125 0.032318115234375
-0.0134334564208984 -0.0122556686401367 0.188232421875 -0.0951385498046875
0.00259709358215332 0.00351214408874512 0.168121337890625 -0.0609283447265625
0.000684261322021485 -0.00540637969970703 0.132652282714844 0.0357742309570313
-0.00540924072265625 -0.00450515747070313 0.0968170166015625 0.137283325195313
0.00157642364501953 -0.00524663925170898 -0.0145721435546875 0.17022705078125
0.00568485260009765 -0.0160484313964844 -0.123275756835938 0.14208984375
0.00518512725830078 -0.0071415901184082 -0.216766357421875 0.04620361328125
0.00801849365234375 -0.00628805160522461 -0.268661499023438 -0.0733642578125
0.00880146026611328 -0.00144386291503906 -0.287628173828125 -0.13604736328125
0.0161323547363281 -0.00345611572265625 -0.242050170898438 -0.138153076171875
0.0156984329223633 0.0103569030761719 -0.175643920898438 -0.088653564453125
0.00529336929321289 0.00717449188232422 -0.0903854370117188 -0.0696487426757813
0.0161457061767578 -0.000523567199707031 -0.0219039916992188 -0.116447448730469
0.0244064331054688 -0.004058837890625 -0.008575439453125 -0.225616455078125
0.0095367431640625 -0.0208740234375 0.028717041015625 -0.342803955078125
-0.071441650390625 0.0919113159179688 0.186920166015625 -0.0771484375
-0.0621490478515625 0.101860046386719 0.168716430664063 -0.041168212890625
-0.0841064453125 0.06451416015625 0.147979736328125 0.03857421875
-0.0995025634765625 0.0311279296875 0.108062744140625 0.140174865722656
-0.0984344482421875 -0.00366210937499998 0.00497436523437499 0.17193603515625
-0.110221862792969 -0.035369873046875 -0.108139038085937 0.148147583007813
-0.107063293457031 -0.0363922119140625 -0.202560424804688 0.0579833984375
-0.0870437622070312 -0.0544357299804687 -0.252487182617187 -0.0577239990234375
-0.0875167846679688 -0.0578384399414063 -0.2764892578125 -0.129318237304688
-0.0739669799804688 -0.053192138671875 -0.23614501953125 -0.137435913085938
-0.0655708312988281 -0.0283889770507813 -0.1707763671875 -0.093048095703125
-0.0784072875976563 0.00414276123046875 -0.0876235961914063 -0.0706634521484375
-0.0704879760742188 0.00796508789062499 -0.0205078125 -0.122520446777344
-0.0545883178710938 0.0482292175292969 -0.00424194335937499 -0.220291137695313
-0.0480155944824219 0.0595207214355469 0.02996826171875 -0.332855224609375
-0.120681762695312 0.177474975585938 0.176132202148438 -0.0222320556640625
-0.119049072265625 0.185150146484375 0.163848876953125 0.00456237792968751
-0.156845092773438 0.123336791992187 0.16400146484375 0.051361083984375
-0.179977416992188 0.0636444091796875 0.128120422363281 0.140251159667969
-0.1865234375 -0.000610351562500025 0.04376220703125 0.166061401367188
-0.211318969726563 -0.0530548095703125 -0.0609893798828125 0.145339965820313
-0.203765869140625 -0.0623321533203125 -0.150680541992188 0.067291259765625
-0.169204711914063 -0.096160888671875 -0.198837280273438 -0.03271484375
-0.1748046875 -0.105499267578125 -0.2340087890625 -0.110336303710938
-0.161605834960938 -0.0953826904296875 -0.212615966796875 -0.130599975585938
-0.149749755859375 -0.059234619140625 -0.162811279296875 -0.0998992919921875
-0.16204833984375 0.00888061523437497 -0.0943603515625 -0.0786972045898438
-0.153762817382813 0.0251922607421875 -0.034271240234375 -0.134994506835938
-0.1282958984375 0.1041259765625 -0.017669677734375 -0.207000732421875
-0.100685119628906 0.133369445800781 0.00961303710937502 -0.302581787109375
-0.15673828125 0.230972290039063 0.156707763671875 0.0565643310546875
-0.16094970703125 0.2354736328125 0.151260375976563 0.068817138671875
-0.209030151367188 0.155624389648438 0.173538208007813 0.072174072265625
-0.2384033203125 0.0778656005859375 0.14544677734375 0.138626098632813
-0.248504638671875 -0.00634765624999997 0.0918731689453125 0.154373168945313
-0.28192138671875 -0.0703125 0.0104217529296875 0.137954711914063
-0.26885986328125 -0.083221435546875 -0.065399169921875 0.0751800537109375
-0.227157592773438 -0.123138427734375 -0.113075256347656 -0.004119873046875
-0.242156982421875 -0.135238647460938 -0.1595458984375 -0.0890655517578125
-0.235748291015625 -0.116973876953125 -0.161300659179688 -0.123733520507813
-0.226486206054688 -0.069732666015625 -0.143157958984375 -0.11328125
-0.233428955078125 0.0297698974609375 -0.104743957519531 -0.0916900634765625
-0.2232666015625 0.054443359375 -0.0617218017578125 -0.144119262695313
-0.1837158203125 0.15960693359375 -0.047454833984375 -0.177627563476563
-0.137588500976563 0.19390869140625 -0.0306243896484375 -0.247085571289062
-0.171615600585937 0.242889404296875 0.125167846679688 0.147415161132813
-0.181610107421875 0.241134643554688 0.12774658203125 0.139076232910156
-0.229049682617188 0.14990234375 0.167373657226562 0.0962066650390625
-0.257522583007813 0.0681915283203125 0.152023315429687 0.133743286132813
-0.26641845703125 -0.019989013671875 0.137130737304687 0.139862060546875
-0.304351806640625 -0.0849304199218751 0.0937118530273437 0.127334594726563
-0.290130615234375 -0.0954589843749999 0.0391464233398437 0.0830078125
-0.251739501953125 -0.132797241210938 -0.00819778442382814 0.0248050689697266
-0.275390625 -0.140945434570312 -0.0631599426269531 -0.0671844482421875
-0.276657104492188 -0.11260986328125 -0.087493896484375 -0.121307373046875
-0.26922607421875 -0.0578460693359375 -0.110443115234375 -0.133506774902344
-0.26885986328125 0.0587005615234375 -0.113021850585938 -0.10565185546875
-0.257080078125 0.0867767333984375 -0.095306396484375 -0.139999389648438
-0.206298828125 0.201080322265625 -0.0849609375 -0.128005981445313
-0.152786254882812 0.227706909179688 -0.0820770263671875 -0.1728515625
-0.16278076171875 0.2120361328125 0.090118408203125 0.231918334960937
-0.173736572265625 0.20526123046875 0.092803955078125 0.196640014648438
-0.212753295898437 0.11212158203125 0.142501831054687 0.115554809570312
-0.230926513671875 0.0381622314453125 0.141891479492187 0.125411987304688
-0.234664916992188 -0.0384063720703125 0.167160034179687 0.126754760742188
-0.274261474609375 -0.094390869140625 0.16912841796875 0.120468139648438
-0.26422119140625 -0.0967102050781251 0.144378662109375 0.0933074951171875
-0.237274169921875 -0.122238159179687 0.0995330810546875 0.0485305786132812
-0.26434326171875 -0.124954223632812 0.0400428771972656 -0.0547866821289063
-0.266555786132813 -0.0907745361328125 -0.003082275390625 -0.126907348632812
-0.259902954101563 -0.035888671875 -0.0691680908203125 -0.156570434570313
-0.252334594726563 0.0756683349609375 -0.115005493164062 -0.115692138671875
-0.242584228515625 0.104217529296875 -0.123748779296875 -0.12091064453125
-0.190170288085937 0.210418701171875 -0.121376037597656 -0.063873291015625
-0.14483642578125 0.222640991210937 -0.13427734375 -0.0877456665039063
-0.129302978515625 0.15032958984375 0.052337646484375 0.2991943359375
-0.138427734375 0.1446533203125 0.052337646484375 0.232192993164063
-0.160202026367188 0.0619354248046875 0.104476928710937 0.121742248535156
-0.168350219726563 0.00863647460937502 0.119186401367187 0.11297607421875
-0.16607666015625 -0.044952392578125 0.179275512695313 0.118911743164063
-0.201812744140625 -0.08697509765625 0.226089477539062 0.120452880859375
-0.1981201171875 -0.0821990966796875 0.23223876953125 0.104522705078125
-0.185791015625 -0.09429931640625 0.194015502929687 0.06414794921875
-0.209136962890625 -0.0928192138671875 0.129531860351563 -0.0490646362304688
-0.207351684570313 -0.0599822998046875 0.0673980712890625 -0.138092041015625
-0.198165893554688 -0.0154571533203125 -0.03411865234375 -0.177200317382813
-0.190704345703125 0.0695648193359375 -0.11334228515625 -0.122261047363281
-0.184829711914062 0.0954437255859375 -0.142257690429687 -0.0927886962890625
-0.141586303710938 0.179412841796875 -0.148696899414063 -0.00105285644531246
-0.1141357421875 0.176895141601562 -0.178665161132813 -0.0085906982421875
-0.0736465454101563 0.0717086791992188 0.02264404296875 0.340087890625
-0.0814895629882813 0.0789031982421875 0.019287109375 0.24481201171875
-0.0859832763671875 0.0224227905273437 0.0685806274414062 0.118385314941406
-0.088409423828125 -0.0023040771484375 0.0975570678710938 0.101150512695313
-0.0829620361328125 -0.0305633544921875 0.17840576171875 0.114227294921875
-0.108078002929688 -0.0585556030273437 0.257003784179687 0.124298095703125
-0.106697082519531 -0.0511550903320313 0.291290283203125 0.115753173828125
-0.106315612792969 -0.0532455444335938 0.259017944335938 0.071380615234375
-0.120712280273438 -0.0531005859375 0.191207885742188 -0.052337646484375
-0.113784790039063 -0.0308456420898437 0.113189697265625 -0.151473999023438
-0.106605529785156 -0.00524139404296875 -0.01171875 -0.1917724609375
-0.103179931640625 0.0404815673828125 -0.112190246582031 -0.126365661621094
-0.100296020507813 0.059326171875 -0.15185546875 -0.0675201416015625
-0.0740737915039063 0.110031127929688 -0.166656494140625 0.0460357666015625
-0.0714950561523438 0.0970840454101562 -0.20947265625 0.0506134033203125
-0.0126495361328125 -0.0108709335327148 0.173797607421875 -0.100372314453125
0.00311851501464844 0.0025177001953125 0.156707763671875 -0.0687408447265625
1.95503234863285E-05 -0.00516462326049805 0.128158569335938 0.0254669189453125
-0.00503730773925781 -0.00433206558227539 0.10015869140625 0.121658325195313
0.00205373764038086 -0.00603437423706055 -0.00502014160156249 0.161666870117188
0.00389957427978516 -0.0150146484375 -0.111648559570313 0.140029907226563
0.00409269332885742 -0.00844526290893555 -0.206253051757813 0.0541534423828125
0.00846242904663086 -0.00677919387817383 -0.264480590820313 -0.057098388671875
0.00856256484985352 -0.000501155853271484 -0.285919189453125 -0.1160888671875
0.0143756866455078 -0.00381183624267578 -0.237548828125 -0.121322631835937
0.0159912109375 0.00887203216552735 -0.16973876953125 -0.074676513671875
0.00644159317016602 0.00780963897705078 -0.0860519409179688 -0.05963134765625
0.0156841278076172 -0.00229930877685547 -0.023101806640625 -0.108963012695313
0.0233955383300781 -0.00684165954589844 -0.0177764892578125 -0.213241577148438
0.007293701171875 -0.0199069976806641 0.011383056640625 -0.329345703125
-0.0626907348632813 0.092926025390625 0.173904418945313 -0.08233642578125
-0.0537796020507813 0.101188659667969 0.1580810546875 -0.0503082275390625
-0.0784759521484375 0.0663986206054687 0.14300537109375 0.0255889892578125
-0.093994140625 0.0352630615234375 0.111038208007813 0.124237060546875
-0.09417724609375 0.00076293945312499 0.0138702392578125 0.161788940429688
-0.109199523925781 -0.0286026000976563 -0.0971527099609375 0.146087646484375
-0.105339050292969 -0.03094482421875 -0.192062377929688 0.06463623046875
-0.0844192504882813 -0.0493392944335938 -0.24676513671875 -0.04241943359375
-0.086669921875 -0.0504989624023437 -0.273849487304688 -0.10980224609375
-0.0740203857421875 -0.0474472045898437 -0.232421875 -0.121017456054687
-0.0646934509277344 -0.0246620178222656 -0.16534423828125 -0.07891845703125
-0.0733795166015625 0.00972747802734373 -0.0835647583007813 -0.0606460571289063
-0.0663490295410156 0.0111579895019531 -0.0223159790039063 -0.11474609375
-0.04998779296875 0.0474357604980469 -0.0127410888671875 -0.2086181640625
-0.0437545776367187 0.0598335266113281 0.013092041015625 -0.320709228515625
-0.105758666992187 0.178970336914063 0.166290283203125 -0.029693603515625
-0.103286743164062 0.184310913085938 0.156494140625 -0.00526428222656249
-0.14599609375 0.12762451171875 0.159469604492188 0.035858154296875
-0.171142578125 0.06988525390625 0.129142761230469 0.124526977539062
-0.179428100585938 0.00732421874999999 0.051116943359375 0.15472412109375
-0.208343505859375 -0.0392608642578125 -0.0518341064453125 0.141983032226563
-0.199462890625 -0.0507049560546875 -0.140884399414063 0.0717620849609375
-0.165573120117188 -0.0857086181640625 -0.191848754882812 -0.0211334228515625
-0.1739501953125 -0.0922393798828125 -0.231536865234375 -0.094390869140625
-0.160659790039062 -0.0836181640625 -0.209320068359375 -0.114395141601562
-0.147857666015625 -0.050048828125 -0.158554077148438 -0.086151123046875
-0.154022216796875 0.0187530517578125 -0.0905227661132813 -0.0684127807617188
-0.145614624023437 0.031829833984375 -0.03729248046875 -0.126167297363281
-0.117088317871094 0.103981018066406 -0.0257110595703125 -0.195785522460938
-0.0893707275390625 0.133026123046875 -0.00442504882812502 -0.289794921875
-0.136856079101563 0.23236083984375 0.15252685546875 0.0468597412109375
-0.14068603515625 0.234939575195313 0.14813232421875 0.0571746826171875
-0.195022583007813 0.160919189453125 0.169357299804688 0.0556640625
-0.22674560546875 0.086761474609375 0.145401000976562 0.122894287109375
-0.23907470703125 0.00558471679687505 0.095733642578125 0.141036987304688
-0.277740478515625 -0.0521392822265625 0.015777587890625 0.131278991699219
-0.263473510742188 -0.0675811767578126 -0.0586700439453125 0.075469970703125
-0.223526000976563 -0.109664916992188 -0.107070922851563 0.00265502929687498
-0.240585327148438 -0.117874145507812 -0.159271240234375 -0.0770263671875
-0.234573364257812 -0.100677490234375 -0.1607666015625 -0.109619140625
-0.22283935546875 -0.0560302734375 -0.14019775390625 -0.0997467041015625
-0.222259521484375 0.0424957275390625 -0.101089477539063 -0.0797805786132813
-0.211639404296875 0.06427001953125 -0.0650787353515625 -0.132293701171875
-0.16656494140625 0.159683227539063 -0.0526885986328125 -0.16583251953125
-0.121612548828125 0.192398071289062 -0.0401611328125 -0.23529052734375
-0.150238037109375 0.245010375976562 0.127716064453125 0.135025024414063
-0.159103393554687 0.241531372070313 0.128654479980469 0.125495910644531
-0.214797973632813 0.156646728515625 0.164077758789063 0.07916259765625
-0.24578857421875 0.0782928466796875 0.150405883789062 0.119216918945313
-0.257156372070313 -0.00680541992187495 0.137954711914062 0.125213623046875
-0.3004150390625 -0.065948486328125 0.0951309204101562 0.117149353027344
-0.284515380859375 -0.077667236328125 0.04266357421875 0.0776596069335938
-0.246856689453125 -0.117080688476562 -0.00376510620117189 0.0251750946044922
-0.27239990234375 -0.121856689453125 -0.06475830078125 -0.0600051879882813
-0.2730712890625 -0.0955352783203125 -0.0893325805664063 -0.110740661621094
-0.264312744140625 -0.043121337890625 -0.109977722167969 -0.12030029296875
-0.254684448242187 0.0716705322265625 -0.110282897949219 -0.0923538208007813
-0.242279052734375 0.0974273681640625 -0.0976333618164063 -0.126701354980469
-0.185455322265625 0.200668334960938 -0.0866928100585937 -0.117042541503906
-0.134368896484375 0.2255859375 -0.08477783203125 -0.161544799804688
-0.144210815429688 0.2154541015625 0.0989990234375 0.217239379882813
-0.1536865234375 0.206787109375 0.0989532470703125 0.182464599609375
-0.200103759765625 0.118377685546875 0.140403747558594 0.0997772216796875
-0.221099853515625 0.04791259765625 0.138755798339844 0.112403869628906
-0.22747802734375 -0.025482177734375 0.166061401367187 0.112396240234375
-0.2708740234375 -0.07574462890625 0.166793823242187 0.106857299804688
-0.259521484375 -0.0798187255859375 0.143798828125 0.08258056640625
-0.232925415039062 -0.106887817382812 0.101753234863281 0.0425186157226563
-0.260543823242187 -0.10662841796875 0.0357246398925781 -0.0520553588867188
-0.262557983398438 -0.0742645263671875 -0.00891113281250002 -0.120391845703125
-0.25360107421875 -0.02252197265625 -0.0719757080078125 -0.14434814453125
-0.238998413085938 0.0865631103515624 -0.113471984863281 -0.101974487304688
-0.228546142578125 0.11273193359375 -0.124931335449219 -0.106056213378906
-0.169891357421875 0.208877563476562 -0.118011474609375 -0.0541305541992188
-0.126571655273437 0.220993041992188 -0.131370544433594 -0.0768890380859375
-0.114822387695313 0.154037475585937 0.06610107421875 0.282806396484375
-0.12310791015625 0.146560668945313 0.0620574951171875 0.2183837890625
-0.151153564453125 0.06842041015625 0.103866577148437 0.108535766601562
-0.161468505859375 0.0172271728515625 0.1162109375 0.102447509765625
-0.1617431640625 -0.03497314453125 0.175949096679688 0.103790283203125
-0.200637817382813 -0.0730133056640625 0.2198486328125 0.103561401367188
-0.195327758789063 -0.0687255859375 0.228363037109375 0.08856201171875
-0.18218994140625 -0.0823211669921875 0.19281005859375 0.0526275634765625
-0.206298828125 -0.078521728515625 0.122848510742187 -0.0512542724609375
-0.203781127929688 -0.0474395751953125 0.0585479736328125 -0.134056091308594
-0.193756103515625 -0.00619506835937502 -0.0398101806640625 -0.165328979492188
-0.180206298828125 0.0773162841796875 -0.112525939941406 -0.107833862304688
-0.172958374023438 0.100692749023437 -0.141159057617188 -0.0786285400390625
-0.124832153320313 0.176406860351563 -0.141036987304688 0.00814819335937504
-0.10076904296875 0.176010131835938 -0.169189453125 0.000671386718750035
-0.0668258666992188 0.0748214721679687 0.039154052734375 0.322601318359375
-0.072235107421875 0.0800628662109375 0.0302734375 0.2313232421875
-0.081939697265625 0.0268402099609375 0.0689163208007813 0.107421875
-0.0856704711914062 0.00251007080078124 0.0942916870117188 0.0921630859375
-0.0812225341796875 -0.0255661010742188 0.174041748046875 0.099853515625
-0.109077453613281 -0.050079345703125 0.250015258789063 0.106109619140625
-0.105224609375 -0.043670654296875 0.285369873046875 0.096466064453125
-0.103965759277344 -0.0462417602539062 0.25494384765625 0.0552215576171875
-0.119216918945313 -0.043914794921875 0.182540893554688 -0.0572052001953125
-0.111900329589844 -0.02398681640625 0.101593017578125 -0.148391723632813
-0.104415893554688 -0.0008087158203125 -0.02044677734375 -0.179840087890625
-0.0979537963867188 0.0444869995117187 -0.112350463867188 -0.111595153808594
-0.093353271484375 0.0614776611328125 -0.149078369140625 -0.0544891357421875
-0.0641708374023438 0.106758117675781 -0.15625 0.0542144775390625
-0.06396484375 0.0975570678710938 -0.196746826171875 0.058837890625
-0.0120964050292969 -0.0107011795043945 0.166213989257813 -0.0989837646484375
0.0029456615447998 0.00243806838989258 0.150375366210938 -0.0697174072265625
0.000135898590087891 -0.00446939468383789 0.124664306640625 0.0205917358398438
-0.00430822372436523 -0.00443363189697266 0.098052978515625 0.114349365234375
0.00227928161621094 -0.00737285614013672 -0.00361633300781251 0.1551513671875
0.00279140472412109 -0.0140190124511719 -0.107940673828125 0.135871887207031
0.00354909896850586 -0.0087127685546875 -0.201614379882813 0.05303955078125
0.00864553451538086 -0.00695276260375976 -0.261123657226563 -0.053436279296875
0.0087590217590332 0.000366687774658203 -0.282989501953125 -0.109954833984375
0.0139102935791016 -0.00312709808349609 -0.232589721679687 -0.117843627929687
0.0158329010009766 0.00840282440185547 -0.164276123046875 -0.0707855224609375
0.00815486907958984 0.00881481170654297 -0.0810470581054688 -0.0555267333984375
0.015416145324707 -0.00284290313720703 -0.019561767578125 -0.105270385742188
0.02166748046875 -0.00754356384277344 -0.016571044921875 -0.205078125
0.00654983520507812 -0.0181961059570313 0.008758544921875 -0.3203125
-0.0593948364257813 0.09185791015625 0.166778564453125 -0.08233642578125
-0.05047607421875 0.0998458862304687 0.152633666992188 -0.05120849609375
-0.0767745971679688 0.0666046142578125 0.138618469238281 0.0202484130859375
-0.0924224853515625 0.034698486328125 0.109123229980469 0.116744995117187
-0.09222412109375 -0.000473022460937488 0.0151519775390625 0.15533447265625
-0.108680725097656 -0.0254364013671875 -0.0933990478515625 0.142333984375
-0.104217529296875 -0.029998779296875 -0.188064575195313 0.063629150390625
-0.0832366943359375 -0.0489578247070312 -0.243362426757813 -0.0393218994140625
-0.085296630859375 -0.0476303100585938 -0.271865844726562 -0.103744506835938
-0.0738143920898438 -0.045074462890625 -0.228103637695312 -0.116912841796875
-0.0638885498046875 -0.0238189697265625 -0.159744262695313 -0.074554443359375
-0.0696983337402344 0.0109596252441406 -0.0782623291015625 -0.0565032958984375
-0.0649604797363281 0.011505126953125 -0.0205307006835938 -0.109733581542969
-0.0484886169433594 0.044769287109375 -0.01220703125 -0.200912475585938
-0.0420188903808594 0.0590171813964844 0.011444091796875 -0.311981201171875
-0.099456787109375 0.1773681640625 0.160568237304688 -0.030792236328125
-0.0973358154296875 0.181869506835938 0.15191650390625 -0.00796508789062499
-0.14263916015625 0.127227783203125 0.154083251953125 0.029205322265625
-0.168533325195313 0.070159912109375 0.126411437988281 0.117874145507813
-0.175613403320313 0.00703430175781249 0.0511932373046875 0.148117065429688
-0.206985473632813 -0.0353240966796875 -0.0495986938476563 0.138618469238281
-0.19696044921875 -0.0485076904296875 -0.136772155761719 0.0703201293945313
-0.162460327148438 -0.084197998046875 -0.187774658203125 -0.0191192626953125
-0.171646118164063 -0.0887298583984375 -0.229782104492188 -0.0887603759765625
-0.1593017578125 -0.0797271728515625 -0.20538330078125 -0.110061645507812
-0.146713256835938 -0.0473175048828125 -0.152969360351563 -0.081695556640625
-0.14892578125 0.0216522216796875 -0.0845565795898438 -0.063568115234375
-0.14263916015625 0.0329742431640625 -0.0353164672851563 -0.120506286621094
-0.113471984863281 0.100425720214844 -0.0247039794921875 -0.188064575195312
-0.0858306884765625 0.130958557128906 -0.00558471679687498 -0.282684326171875
-0.129592895507812 0.23016357421875 0.148223876953125 0.044097900390625
-0.132110595703125 0.232009887695313 0.144561767578125 0.0527191162109375
-0.190460205078125 0.160964965820313 0.163009643554688 0.0482177734375
-0.22283935546875 0.0872039794921875 0.141754150390625 0.116775512695313
-0.234466552734375 0.00614929199218751 0.0949783325195312 0.13446044921875
-0.27496337890625 -0.0466766357421875 0.016082763671875 0.128311157226563
-0.259628295898438 -0.0637969970703125 -0.056365966796875 0.073822021484375
-0.219100952148438 -0.1075439453125 -0.103294372558594 0.00339508056640626
-0.237442016601563 -0.113357543945312 -0.157684326171875 -0.0714874267578125
-0.231689453125 -0.0965576171875 -0.157867431640625 -0.105209350585937
-0.220596313476562 -0.0525665283203125 -0.135444641113281 -0.094818115234375
-0.215530395507813 0.045806884765625 -0.095367431640625 -0.0750579833984375
-0.20703125 0.0653228759765625 -0.0634384155273438 -0.126457214355469
-0.160308837890625 0.155532836914063 -0.050628662109375 -0.159561157226563
-0.116943359375 0.189376831054687 -0.03961181640625 -0.22930908203125
-0.142425537109375 0.242706298828125 0.125473022460938 0.130424499511719
-0.14971923828125 0.23858642578125 0.126708984375 0.119285583496094
-0.2100830078125 0.15673828125 0.157562255859375 0.071319580078125
-0.241058349609375 0.0799560546875 0.146163940429687 0.11456298828125
-0.2523193359375 -0.00520324707031247 0.135879516601562 0.119430541992188
-0.29718017578125 -0.059539794921875 0.0929412841796875 0.113945007324219
-0.280364990234375 -0.0738525390625 0.0420379638671875 0.0756149291992188
-0.242462158203125 -0.114120483398438 -0.00159263610839845 0.0237503051757812
-0.269149780273438 -0.116943359375 -0.0646018981933594 -0.0560379028320313
-0.270095825195313 -0.0902252197265626 -0.0881118774414063 -0.106460571289063
-0.2615966796875 -0.0398406982421875 -0.106376647949219 -0.114456176757813
-0.247787475585938 0.0745849609375 -0.105010986328125 -0.0863189697265625
-0.237289428710938 0.098052978515625 -0.095916748046875 -0.119720458984375
-0.17913818359375 0.195571899414063 -0.083831787109375 -0.111473083496094
-0.128570556640625 0.221466064453125 -0.0830841064453125 -0.156707763671875
-0.136459350585937 0.214126586914063 0.0978240966796875 0.210067749023438
-0.14495849609375 0.204193115234375 0.0971221923828125 0.17523193359375
-0.1951904296875 0.119583129882813 0.134780883789063 0.0918807983398438
-0.216903686523438 0.0501556396484375 0.134117126464844 0.1090087890625
-0.223159790039063 -0.023284912109375 0.161697387695313 0.106887817382813
-0.2685546875 -0.0700531005859375 0.16278076171875 0.10369873046875
-0.255996704101563 -0.0755767822265625 0.141510009765625 0.079193115234375
-0.228500366210937 -0.10443115234375 0.101829528808594 0.0396347045898437
-0.256820678710938 -0.101715087890625 0.0347671508789062 -0.0486946105957031
-0.259262084960938 -0.0706634521484375 -0.00964355468750001 -0.116157531738281
-0.2510986328125 -0.0200042724609375 -0.0701141357421875 -0.137825012207031
-0.23284912109375 0.0891571044921876 -0.108428955078125 -0.0954132080078125
-0.223602294921875 0.113006591796875 -0.122795104980469 -0.0994338989257813
-0.163864135742188 0.203384399414062 -0.113899230957031 -0.0500030517578125
-0.1214599609375 0.217330932617187 -0.127220153808594 -0.0743484497070313
-0.109176635742187 0.15325927734375 0.066650390625 0.27362060546875
-0.115966796875 0.144943237304688 0.061737060546875 0.209823608398438
-0.148117065429688 0.069305419921875 0.0991287231445312 0.101669311523437
-0.158401489257813 0.01953125 0.111099243164062 0.10028076171875
-0.158843994140625 -0.0334625244140625 0.17083740234375 0.0998077392578125
-0.199295043945313 -0.067779541015625 0.214080810546875 0.099853515625
-0.1925048828125 -0.0655975341796875 0.224136352539063 0.08441162109375
-0.178909301757813 -0.080291748046875 0.190780639648438 0.0482940673828125
-0.2030029296875 -0.0749969482421875 0.120307922363281 -0.0485153198242188
-0.2012939453125 -0.044921875 0.056396484375 -0.129425048828125
-0.191741943359375 -0.00456237792968747 -0.0393829345703125 -0.158355712890625
-0.175918579101562 0.078887939453125 -0.1082763671875 -0.100685119628906
-0.169204711914063 0.100387573242187 -0.138694763183594 -0.0724334716796875
-0.119979858398437 0.171035766601563 -0.136184692382812 0.0108261108398438
-0.0969696044921875 0.172744750976563 -0.16357421875 0.00231933593750003
-0.0638580322265625 0.0748977661132813 0.040771484375 0.3118896484375
-0.0674667358398438 0.07916259765625 0.0311737060546875 0.222854614257813
-0.0799789428710938 0.028045654296875 0.0648422241210938 0.101837158203125
-0.0837936401367188 0.00420379638671874 0.0900955200195313 0.0902633666992188
-0.0800933837890625 -0.0247116088867187 0.168243408203125 0.0960540771484375
-0.109169006347656 -0.0469741821289062 0.242843627929687 0.101547241210937
-0.104698181152344 -0.0416641235351562 0.279739379882813 0.091583251953125
-0.10186767578125 -0.0446243286132812 0.251861572265625 0.0511322021484375
-0.116912841796875 -0.0418319702148437 0.1793212890625 -0.0557403564453125
-0.110588073730469 -0.02203369140625 0.099151611328125 -0.143386840820312
-0.103584289550781 -0.000320434570312481 -0.0209808349609375 -0.17242431640625
-0.0958633422851563 0.0453567504882813 -0.108512878417969 -0.10400390625
-0.091339111328125 0.0605697631835938 -0.146408081054688 -0.0492401123046875
-0.0610733032226562 0.102371215820312 -0.15069580078125 0.055389404296875
-0.0621414184570313 0.0965347290039063 -0.189971923828125 0.0591583251953125
-0.0126276016235352 -0.0108060836791992 0.166397094726562 -0.101577758789063
0.00354456901550293 0.00292134284973145 0.151885986328125 -0.072296142578125
0.000943660736083984 -0.00441217422485351 0.126312255859375 0.0187149047851563
-0.00438117980957031 -0.00505781173706055 0.0998153686523438 0.111984252929687
0.00151968002319336 -0.00850772857666016 -0.00341796875 0.156112670898438
0.00258159637451172 -0.0124397277832031 -0.110763549804688 0.137275695800781
0.00245904922485352 -0.00853919982910156 -0.206771850585938 0.052978515625
0.0086522102355957 -0.00745201110839844 -0.268783569335938 -0.052947998046875
0.00973320007324219 0.0014801025390625 -0.29144287109375 -0.109130859375
0.0137872695922852 -0.00268268585205078 -0.23797607421875 -0.119430541992188
0.0163564682006836 0.00834560394287109 -0.165786743164063 -0.0703582763671875
0.00960254669189453 0.00957584381103516 -0.0786590576171875 -0.0545196533203125
0.0149040222167969 -0.00368309020996094 -0.0171127319335937 -0.105751037597656
0.0209064483642578 -0.00849342346191406 -0.0147247314453125 -0.207077026367188
0.00678253173828125 -0.0174446105957031 0.00903320312500001 -0.32598876953125
-0.0596084594726563 0.094818115234375 0.168212890625 -0.083709716796875
-0.0493927001953125 0.102684020996094 0.154220581054687 -0.0540313720703125
-0.0782699584960937 0.0693817138671875 0.13934326171875 0.0172348022460938
-0.0947265625 0.036224365234375 0.1107177734375 0.1151123046875
-0.0954513549804688 -0.00141906738281251 0.01605224609375 0.155548095703125
-0.111824035644531 -0.0237960815429687 -0.0949249267578125 0.14410400390625
-0.107902526855469 -0.0299453735351563 -0.19232177734375 0.064239501953125
-0.0854339599609375 -0.050506591796875 -0.249343872070313 -0.03900146484375
-0.0881576538085938 -0.04803466796875 -0.279434204101563 -0.103118896484375
-0.0760726928710938 -0.0449981689453125 -0.233367919921875 -0.118606567382812
-0.0659255981445313 -0.0234718322753906 -0.160903930664063 -0.0744476318359375
-0.0695304870605469 0.0131072998046875 -0.0759201049804687 -0.0556411743164063
-0.0666999816894531 0.012359619140625 -0.018157958984375 -0.110466003417969
-0.0504112243652344 0.0456657409667969 -0.0103302001953125 -0.20196533203125
-0.0424842834472656 0.0610923767089844 0.01092529296875 -0.317626953125
-0.099151611328125 0.182357788085938 0.162277221679688 -0.03228759765625
-0.0958709716796875 0.18670654296875 0.153533935546875 -0.00991821289062499
-0.145919799804688 0.132522583007813 0.154098510742188 0.025299072265625
-0.173171997070313 0.0734405517578125 0.128463745117188 0.116783142089844
-0.181488037109375 0.00625610351562499 0.0529632568359375 0.147506713867187
-0.21295166015625 -0.032623291015625 -0.0497589111328125 0.14068603515625
-0.202865600585938 -0.0478973388671875 -0.139701843261719 0.0716781616210938
-0.167312622070313 -0.086456298828125 -0.192520141601562 -0.018280029296875
-0.176132202148438 -0.0895233154296875 -0.236572265625 -0.0877532958984374
-0.163818359375 -0.07977294921875 -0.2100830078125 -0.111846923828125
-0.150726318359375 -0.0469512939453125 -0.1541748046875 -0.0817718505859375
-0.14971923828125 0.0244140625 -0.0826644897460938 -0.0629348754882813
-0.14569091796875 0.035980224609375 -0.0344772338867188 -0.120216369628906
-0.115875244140625 0.101890563964844 -0.0235748291015625 -0.189361572265625
-0.0861282348632812 0.1339111328125 -0.00527954101562498 -0.28814697265625
-0.128631591796875 0.236709594726563 0.150741577148438 0.0441436767578125
-0.130447387695313 0.238372802734375 0.146148681640625 0.05218505859375
-0.194595336914063 0.167068481445313 0.162689208984375 0.0439453125
-0.228652954101563 0.091705322265625 0.143768310546875 0.117156982421875
-0.241043090820313 0.00596618652343746 0.0973739624023437 0.134315490722656
-0.28363037109375 -0.043975830078125 0.0171279907226562 0.13037109375
-0.267562866210938 -0.0634613037109375 -0.0572280883789063 0.0756683349609375
-0.225143432617188 -0.110305786132812 -0.105537414550781 0.00349426269531248
-0.24462890625 -0.115066528320313 -0.162460327148438 -0.07025146484375
-0.238082885742188 -0.0960540771484375 -0.161956787109375 -0.10638427734375
-0.22662353515625 -0.0519256591796875 -0.1368408203125 -0.0949630737304688
-0.218475341796875 0.0498199462890625 -0.0936737060546875 -0.07415771484375
-0.211746215820313 0.06927490234375 -0.0631637573242188 -0.12603759765625
-0.163803100585938 0.157730102539063 -0.050445556640625 -0.160507202148438
-0.116943359375 0.193450927734375 -0.0399627685546875 -0.2337646484375
-0.140838623046875 0.24981689453125 0.128776550292969 0.131263732910156
-0.147735595703125 0.244491577148438 0.128265380859375 0.119415283203125
-0.214645385742187 0.16357421875 0.15679931640625 0.0677032470703125
-0.246719360351563 0.0838317871093751 0.147262573242187 0.114913940429688
-0.259170532226563 -0.00506591796875004 0.139015197753906 0.118804931640625
-0.30615234375 -0.056671142578125 0.09539794921875 0.11590576171875
-0.287933349609375 -0.0731201171875 0.0434799194335937 0.0771255493164063
-0.248214721679688 -0.116607666015625 -0.000961303710937514 0.0237350463867187
-0.276199340820313 -0.1185302734375 -0.0666961669921875 -0.05487060546875
-0.278152465820313 -0.089935302734375 -0.0906448364257813 -0.10748291015625
-0.269561767578125 -0.0380401611328125 -0.107109069824219 -0.115081787109375
-0.252029418945313 0.0790710449218749 -0.103729248046875 -0.0854949951171875
-0.24346923828125 0.10321044921875 -0.0970611572265625 -0.118301391601563
-0.18145751953125 0.198623657226563 -0.0836639404296875 -0.111358642578125
-0.128952026367188 0.225997924804688 -0.0828094482421876 -0.159576416015625
-0.13568115234375 0.220260620117188 0.0997772216796875 0.212020874023438
-0.142684936523438 0.208816528320312 0.098602294921875 0.17626953125
-0.199462890625 0.124862670898437 0.133079528808594 0.0894622802734375
-0.221878051757813 0.053802490234375 0.134750366210938 0.110527038574219
-0.228424072265625 -0.0232696533203125 0.16485595703125 0.107192993164063
-0.276596069335938 -0.0670013427734375 0.165924072265625 0.106170654296875
-0.263015747070312 -0.074676513671875 0.144561767578125 0.08087158203125
-0.233749389648438 -0.10693359375 0.105056762695312 0.039276123046875
-0.264068603515625 -0.103561401367188 0.0359916687011719 -0.0475349426269531
-0.267135620117188 -0.0700378417968749 -0.01043701171875 -0.116950988769531
-0.258697509765625 -0.0184783935546875 -0.0706558227539063 -0.138504028320313
-0.23760986328125 0.0933837890625 -0.107978820800781 -0.0939254760742188
-0.229644775390625 0.118118286132812 -0.125099182128906 -0.0970001220703125
-0.166015625 0.206512451171875 -0.1146240234375 -0.0486297607421875
-0.12225341796875 0.222015380859375 -0.127761840820313 -0.0750732421875
-0.107955932617188 0.157958984375 0.0685272216796875 0.27630615234375
-0.114486694335937 0.147750854492188 0.0624542236328125 0.211151123046875
-0.150726318359375 0.07293701171875 0.0972213745117187 0.100044250488281
-0.1617431640625 0.02197265625 0.111259460449219 0.102394104003906
-0.162582397460937 -0.0335845947265625 0.174041748046875 0.100494384765625
-0.205535888671875 -0.06524658203125 0.2176513671875 0.102127075195313
-0.1982421875 -0.0648193359375 0.228836059570312 0.0861358642578125
-0.183059692382813 -0.0815582275390625 0.195907592773437 0.048431396484375
-0.208724975585938 -0.075958251953125 0.12457275390625 -0.0475845336914063
-0.207122802734375 -0.044403076171875 0.0572280883789063 -0.130691528320313
-0.19818115234375 -0.00311279296874999 -0.0397796630859375 -0.158798217773437
-0.180038452148438 0.0829010009765625 -0.108207702636719 -0.0991287231445313
-0.17364501953125 0.10400390625 -0.141983032226563 -0.069732666015625
-0.122161865234375 0.1729736328125 -0.137184143066406 0.0135269165039062
-0.0976409912109375 0.177322387695313 -0.164398193359375 0.00283813476562502
-0.063690185546875 0.0772323608398438 0.041595458984375 0.316192626953125
-0.0662612915039062 0.0800323486328125 0.0308074951171875 0.223953247070313
-0.0812225341796875 0.029754638671875 0.0629348754882813 0.101219177246094
-0.0850296020507813 0.00634765624999999 0.090087890625 0.0929031372070313
-0.082427978515625 -0.0250701904296875 0.170669555664063 0.0969696044921875
-0.113166809082031 -0.0451736450195313 0.24639892578125 0.103897094726563
-0.108146667480469 -0.041168212890625 0.285858154296875 0.09283447265625
-0.104202270507812 -0.0456390380859375 0.258331298828125 0.0508880615234375
-0.120109558105469 -0.0419235229492188 0.1846923828125 -0.055023193359375
-0.114013671875 -0.0219650268554687 0.100921630859375 -0.14471435546875
-0.10736083984375 0.000701904296874999 -0.0207672119140625 -0.172439575195313
-0.0985107421875 0.0478363037109375 -0.108634948730469 -0.101760864257813
-0.0941619873046875 0.0620269775390625 -0.149490356445313 -0.0469818115234375
-0.0627365112304688 0.10296630859375 -0.151824951171875 0.05938720703125
-0.062713623046875 0.0998992919921875 -0.191207885742188 0.061370849609375
-0.0136003494262695 -0.0107851028442383 0.167327880859375 -0.112640380859375
0.00464725494384766 0.00309181213378906 0.154022216796875 -0.0828704833984375
0.00165843963623047 -0.00483798980712891 0.131233215332031 0.0121688842773437
-0.00501489639282226 -0.0056757926940918 0.107444763183594 0.109519958496094
-8.58306884765693E-06 -0.00974845886230469 0.0022125244140625 0.1610107421875
0.00265407562255859 -0.0113639831542969 -0.111328125 0.145980834960938
0.00139760971069336 -0.00803184509277344 -0.21502685546875 0.0619049072265625
0.008636474609375 -0.00753545761108398 -0.284576416015625 -0.04315185546875
0.0109901428222656 0.00256633758544922 -0.310943603515625 -0.0992431640625
0.0141677856445312 -0.00229358673095703 -0.254348754882813 -0.114639282226562
0.0172414779663086 0.00768947601318359 -0.1739501953125 -0.06561279296875
0.0117979049682617 0.00918292999267578 -0.0801162719726563 -0.0521087646484375
0.0146484375 -0.00414848327636719 -0.0188522338867187 -0.108802795410156
0.0199909210205078 -0.00970458984375 -0.0207061767578125 -0.213104248046875
0.00657463073730469 -0.0178413391113281 -0.00366210937499999 -0.339508056640625
-0.0574798583984375 0.101325988769531 0.16986083984375 -0.094390869140625
-0.0457687377929688 0.109107971191406 0.157806396484375 -0.0643768310546875
-0.0788497924804687 0.0769271850585937 0.143875122070313 0.00918579101562501
-0.0982513427734375 0.0418930053710937 0.119361877441406 0.112678527832031
-0.101921081542969 0.00191497802734375 0.022491455078125 0.159042358398438
-0.1182861328125 -0.0178985595703125 -0.0944671630859375 0.152755737304687
-0.114768981933594 -0.0259323120117187 -0.198867797851563 0.0740509033203124
-0.0916900634765625 -0.048980712890625 -0.263656616210938 -0.0293121337890625
-0.0937957763671875 -0.0453872680664062 -0.29779052734375 -0.093109130859375
-0.081390380859375 -0.0427398681640625 -0.249099731445313 -0.113388061523437
-0.0699348449707031 -0.0209503173828125 -0.169876098632813 -0.070037841796875
-0.0704193115234375 0.0170211791992187 -0.0774002075195313 -0.0539627075195313
-0.0692100524902344 0.0165138244628906 -0.0205230712890625 -0.112953186035156
-0.0521888732910156 0.0492820739746094 -0.0166473388671875 -0.20892333984375
-0.04132080078125 0.0652542114257813 -0.000122070312500021 -0.331573486328125
-0.0938720703125 0.195068359375 0.166702270507812 -0.040496826171875
-0.089752197265625 0.199127197265625 0.158401489257813 -0.0176849365234375
-0.147079467773437 0.146469116210938 0.158355712890625 0.0167388916015625
-0.178619384765625 0.0844879150390625 0.138031005859375 0.11419677734375
-0.191558837890625 0.0133819580078125 0.061065673828125 0.149093627929688
-0.224746704101562 -0.0230560302734375 -0.046356201171875 0.147430419921875
-0.21533203125 -0.0409698486328125 -0.1434326171875 0.07989501953125
-0.1790771484375 -0.08367919921875 -0.20294189453125 -0.011077880859375
-0.188995361328125 -0.0855255126953125 -0.251617431640625 -0.0790557861328124
-0.175445556640625 -0.07489013671875 -0.2249755859375 -0.107284545898437
-0.159744262695312 -0.0415496826171875 -0.163467407226562 -0.07806396484375
-0.153411865234375 0.033050537109375 -0.0845870971679688 -0.0611572265625
-0.151168823242187 0.0451812744140625 -0.0380859375 -0.121498107910156
-0.1171875 0.110710144042969 -0.0294189453125 -0.194671630859375
-0.083526611328125 0.142868041992188 -0.016387939453125 -0.30010986328125
-0.122467041015625 0.254348754882812 0.1571044921875 0.0390472412109375
-0.122604370117188 0.253662109375 0.153045654296875 0.0473175048828125
-0.196517944335937 0.18536376953125 0.166748046875 0.03607177734375
-0.235855102539063 0.107208251953125 0.153945922851562 0.114471435546875
-0.253524780273438 0.0154571533203125 0.107093811035156 0.132789611816406
-0.2989501953125 -0.0308837890625 0.0237350463867187 0.134063720703125
-0.28265380859375 -0.054107666015625 -0.0572662353515625 0.0812759399414063
-0.240386962890625 -0.10577392578125 -0.110328674316406 0.0076904296875
-0.261764526367187 -0.1092529296875 -0.173141479492188 -0.0640411376953125
-0.254074096679688 -0.088836669921875 -0.173980712890625 -0.103744506835937
-0.24029541015625 -0.042724609375 -0.145584106445313 -0.0924835205078125
-0.22381591796875 0.0630340576171875 -0.096771240234375 -0.0724105834960937
-0.218643188476562 0.0841827392578125 -0.0691680908203125 -0.125282287597656
-0.164276123046875 0.170852661132812 -0.0566558837890625 -0.163360595703125
-0.112625122070312 0.206298828125 -0.0498199462890625 -0.24273681640625
-0.134506225585938 0.267669677734375 0.137985229492188 0.13104248046875
-0.139434814453125 0.260772705078125 0.136405944824219 0.118354797363281
-0.216751098632813 0.182052612304687 0.160964965820313 0.0609588623046875
-0.255111694335938 0.10003662109375 0.156875610351562 0.113357543945313
-0.272384643554688 0.00453186035156254 0.149505615234375 0.1158447265625
-0.32366943359375 -0.04376220703125 0.105255126953125 0.116767883300781
-0.304656982421875 -0.062347412109375 0.049041748046875 0.0792999267578125
-0.265304565429687 -0.112411499023438 0.00013351440429686 0.0248126983642578
-0.295654296875 -0.112396240234375 -0.0709915161132813 -0.0518341064453125
-0.295166015625 -0.08135986328125 -0.0998382568359375 -0.107223510742188
-0.284210205078125 -0.02667236328125 -0.11614990234375 -0.114166259765625
-0.258895874023438 0.0956268310546875 -0.108116149902344 -0.083038330078125
-0.250579833984375 0.12066650390625 -0.104751586914063 -0.115730285644531
-0.181442260742188 0.214126586914063 -0.0895614624023438 -0.111045837402344
-0.12359619140625 0.241165161132812 -0.0919342041015625 -0.1640625
-0.1298828125 0.236007690429688 0.112228393554688 0.216018676757813
-0.136550903320312 0.223129272460938 0.107559204101562 0.178741455078125
-0.202468872070312 0.140426635742188 0.137138366699219 0.0847320556640625
-0.229751586914063 0.067779541015625 0.144134521484375 0.10980224609375
-0.240859985351563 -0.0154876708984375 0.176620483398437 0.10260009765625
-0.292510986328125 -0.055023193359375 0.177932739257812 0.104171752929688
-0.278945922851563 -0.0653076171875 0.154556274414062 0.079071044921875
-0.249984741210937 -0.102691650390625 0.111892700195312 0.036773681640625
-0.281707763671875 -0.09765625 0.0366706848144531 -0.0488204956054688
-0.282745361328125 -0.060516357421875 -0.01605224609375 -0.120559692382813
-0.272430419921875 -0.00650024414062496 -0.0784683227539063 -0.139694213867188
-0.243667602539062 0.109573364257813 -0.112785339355469 -0.0913848876953125
-0.235687255859375 0.134918212890625 -0.133865356445313 -0.0920867919921875
-0.165496826171875 0.220855712890625 -0.119583129882813 -0.0446014404296875
-0.117538452148438 0.236785888671875 -0.134574890136719 -0.0740509033203125
-0.105010986328125 0.169677734375 0.0821533203125 0.283782958984375
-0.109664916992187 0.157684326171875 0.071502685546875 0.216217041015625
-0.153671264648438 0.0838165283203125 0.100738525390625 0.0981597900390625
-0.167129516601562 0.0313720703125 0.118988037109375 0.103034973144531
-0.171707153320312 -0.0285186767578125 0.184890747070313 0.09661865234375
-0.218231201171875 -0.056671142578125 0.231948852539063 0.0984649658203125
-0.210556030273438 -0.056915283203125 0.243301391601563 0.0815277099609375
-0.195556640625 -0.078094482421875 0.206924438476563 0.0418853759765625
-0.222000122070313 -0.07049560546875 0.129486083984375 -0.0526275634765625
-0.21923828125 -0.0368804931640625 0.054351806640625 -0.137130737304688
-0.208602905273438 0.00643920898437503 -0.047393798828125 -0.1612548828125
-0.184112548828125 0.09552001953125 -0.113578796386719 -0.0958099365234375
-0.177978515625 0.11737060546875 -0.150314331054688 -0.0631256103515625
-0.120864868164063 0.184600830078125 -0.140510559082031 0.0213775634765625
-0.0938568115234375 0.189865112304688 -0.169204711914063 0.00990295410156254
-0.0626907348632813 0.08331298828125 0.05609130859375 0.3258056640625
-0.0636749267578125 0.0847244262695312 0.0389251708984375 0.231399536132813
-0.082550048828125 0.035003662109375 0.0656204223632813 0.101387023925781
-0.0873031616210938 0.0110092163085938 0.0958175659179688 0.0938186645507812
-0.0873947143554688 -0.0230865478515625 0.181106567382813 0.093505859375
-0.120658874511719 -0.0403900146484375 0.26104736328125 0.099578857421875
-0.115081787109375 -0.0366973876953125 0.303070068359375 0.0858154296875
-0.110832214355469 -0.043487548828125 0.272232055664063 0.0422821044921875
-0.127548217773438 -0.0387344360351563 0.192916870117187 -0.0631866455078125
-0.120880126953125 -0.0174484252929687 0.0996246337890625 -0.152877807617188
-0.112678527832031 0.00628662109375001 -0.0277862548828125 -0.1754150390625
-0.100608825683594 0.0554656982421875 -0.114898681640625 -0.0985336303710938
-0.0965652465820313 0.0694580078125 -0.15777587890625 -0.0392303466796875
-0.061676025390625 0.108428955078125 -0.1536865234375 0.0692138671875
-0.0606918334960938 0.107673645019531 -0.194427490234375 0.0720062255859375
-0.0155324935913086 -0.00947761535644531 0.159286499023438 -0.126541137695313
0.00592422485351563 0.00242376327514648 0.148391723632813 -0.0973358154296875
0.00216388702392578 -0.00491762161254883 0.133560180664063 0.00029754638671875
-0.00591754913330078 -0.00499391555786133 0.1168212890625 0.099639892578125
-0.00175952911376953 -0.00938606262207031 0.013885498046875 0.161895751953125
0.00290298461914062 -0.0102519989013672 -0.103836059570313 0.156143188476563
0.000643730163574218 -0.00740575790405273 -0.216094970703125 0.0784149169921875
0.0087122917175293 -0.00771045684814453 -0.2945556640625 -0.019439697265625
0.0121068954467773 0.00197887420654297 -0.32476806640625 -0.0734558105468751
0.0143642425537109 -0.00345230102539062 -0.2681884765625 -0.0960845947265625
0.0178585052490234 0.00670814514160156 -0.180023193359375 -0.051727294921875
0.0141324996948242 0.00835609436035156 -0.0810470581054688 -0.0467300415039062
0.0137262344360352 -0.00510215759277344 -0.0239944458007812 -0.108596801757813
0.0180625915527344 -0.0113430023193359 -0.0354156494140625 -0.213638305664063
0.00481986999511719 -0.0182113647460938 -0.030242919921875 -0.34405517578125
-0.0503005981445313 0.108451843261719 0.163177490234375 -0.108657836914063
-0.0358505249023437 0.114356994628906 0.153640747070313 -0.0782623291015625
-0.073638916015625 0.08465576171875 0.14447021484375 -0.00398254394531249
-0.0973587036132813 0.0516357421875 0.129127502441406 0.102157592773437
-0.105079650878906 0.00984954833984373 0.033935546875 0.157577514648438
-0.121025085449219 -0.00748443603515628 -0.0852508544921875 0.1611328125
-0.119224548339844 -0.0164413452148438 -0.198440551757813 0.0897369384765625
-0.097259521484375 -0.0424575805664063 -0.272003173828125 -0.00749206542968751
-0.0990447998046875 -0.0382766723632813 -0.311126708984375 -0.0689392089843749
-0.0861434936523437 -0.0361862182617188 -0.263320922851563 -0.0946807861328124
-0.0727157592773438 -0.014923095703125 -0.176620483398437 -0.0570526123046875
-0.0685462951660156 0.0233078002929687 -0.0786285400390625 -0.0490264892578125
-0.0689926147460938 0.0233726501464844 -0.0261383056640625 -0.112037658691406
-0.0498161315917969 0.0542488098144531 -0.030731201171875 -0.209625244140625
-0.0365257263183594 0.0691642761230469 -0.0267333984375 -0.33758544921875
-0.0789947509765625 0.20660400390625 0.163589477539063 -0.0534820556640625
-0.072265625 0.208633422851563 0.157989501953125 -0.03131103515625
-0.137649536132813 0.161392211914063 0.158462524414062 0.00234985351562501
-0.176681518554688 0.1015625 0.1483154296875 0.10205078125
-0.19622802734375 0.0285797119140625 0.0722808837890625 0.143768310546875
-0.230133056640625 -0.00389099121093747 -0.036041259765625 0.152359008789063
-0.222549438476563 -0.0237579345703125 -0.140571594238281 0.092132568359375
-0.189132690429687 -0.071258544921875 -0.207534790039062 0.00569152832031249
-0.200088500976562 -0.0711822509765625 -0.262619018554688 -0.058502197265625
-0.183837890625 -0.06158447265625 -0.238189697265625 -0.0908050537109375
-0.165664672851563 -0.028106689453125 -0.171035766601563 -0.0653076171875
-0.151535034179688 0.046844482421875 -0.0866928100585938 -0.055450439453125
-0.149337768554688 0.0594635009765625 -0.0450592041015625 -0.118865966796875
-0.110977172851562 0.121734619140625 -0.042724609375 -0.194900512695313
-0.073028564453125 0.150955200195312 -0.04058837890625 -0.304595947265625
-0.102081298828125 0.268630981445313 0.160995483398438 0.0275421142578125
-0.100509643554688 0.266265869140625 0.157211303710938 0.035736083984375
-0.18511962890625 0.205307006835937 0.1671142578125 0.0213623046875
-0.23211669921875 0.129623413085938 0.164108276367188 0.101715087890625
-0.25994873046875 0.0361328125 0.1171875 0.123428344726563
-0.30682373046875 -0.00588989257812494 0.034912109375 0.133224487304688
-0.291717529296875 -0.0310363769531251 -0.0514907836914063 0.0871963500976563
-0.253280639648438 -0.0895233154296876 -0.111587524414063 0.0173263549804688
-0.276031494140625 -0.0896148681640625 -0.180892944335938 -0.049530029296875
-0.265289306640625 -0.0690765380859375 -0.18597412109375 -0.0906982421875
-0.247207641601563 -0.0228729248046875 -0.154617309570313 -0.081298828125
-0.22119140625 0.0829925537109375 -0.100128173828125 -0.0654830932617188
-0.215118408203125 0.104934692382812 -0.0774993896484375 -0.119743347167969
-0.154205322265625 0.186325073242188 -0.067840576171875 -0.1607666015625
-0.0976104736328125 0.21710205078125 -0.069488525390625 -0.243606567382813
-0.11285400390625 0.28350830078125 0.148849487304688 0.121734619140625
-0.116958618164062 0.273849487304688 0.146102905273438 0.10919189453125
-0.206497192382813 0.203399658203125 0.162155151367188 0.0475311279296875
-0.251129150390625 0.12310791015625 0.167236328125 0.101776123046875
-0.278854370117188 0.0261993408203125 0.15924072265625 0.103012084960938
-0.33245849609375 -0.01556396484375 0.116661071777344 0.1097412109375
-0.315643310546875 -0.03790283203125 0.0567474365234375 0.0774917602539063
-0.278839111328125 -0.0939483642578125 0.00261306762695311 0.0254898071289062
-0.31158447265625 -0.09014892578125 -0.075927734375 -0.0460128784179688
-0.3070068359375 -0.058135986328125 -0.111160278320313 -0.100395202636719
-0.29132080078125 -0.00277709960937497 -0.12628173828125 -0.105148315429687
-0.254196166992187 0.119354248046875 -0.1129150390625 -0.0747146606445312
-0.244430541992188 0.145309448242188 -0.113433837890625 -0.106697082519531
-0.168228149414062 0.231475830078125 -0.0972442626953125 -0.105110168457031
-0.105728149414063 0.253585815429688 -0.105087280273437 -0.160354614257812
-0.111312866210938 0.250778198242188 0.129425048828125 0.209381103515625
-0.1168212890625 0.235137939453125 0.12164306640625 0.172332763671875
-0.194488525390625 0.158889770507813 0.140068054199219 0.073699951171875
-0.227676391601563 0.0879211425781249 0.152938842773438 0.100082397460938
-0.247909545898438 0.00331115722656254 0.18585205078125 0.0885467529296875
-0.30194091796875 -0.030120849609375 0.190277099609375 0.09112548828125
-0.2886962890625 -0.042633056640625 0.164443969726562 0.069000244140625
-0.262374877929688 -0.0848388671874999 0.116966247558594 0.0284271240234375
-0.2960205078125 -0.076751708984375 0.0346870422363281 -0.0510902404785156
-0.293212890625 -0.038970947265625 -0.0272064208984375 -0.119735717773438
-0.278228759765625 0.0163421630859375 -0.09002685546875 -0.133743286132813
-0.238372802734375 0.132797241210938 -0.118804931640625 -0.0823135375976562
-0.229476928710938 0.157958984375 -0.141159057617188 -0.079742431640625
-0.150909423828125 0.237075805664063 -0.122543334960938 -0.0353775024414063
-0.0991058349609375 0.24853515625 -0.141281127929687 -0.0655975341796874
-0.091552734375 0.181365966796875 0.104202270507813 0.279937744140625
-0.0962371826171875 0.166671752929688 0.0874481201171875 0.21368408203125
-0.149276733398437 0.097381591796875 0.104377746582031 0.0901870727539063
-0.166854858398437 0.046295166015625 0.127189636230469 0.09552001953125
-0.178054809570313 -0.0151214599609375 0.194869995117187 0.0814666748046875
-0.22607421875 -0.03839111328125 0.244644165039063 0.081939697265625
-0.218475341796875 -0.04022216796875 0.25506591796875 0.0642852783203125
-0.2052001953125 -0.0637969970703125 0.214401245117188 0.0264129638671875
-0.2330322265625 -0.054351806640625 0.12933349609375 -0.0629425048828125
-0.226333618164063 -0.0194091796875 0.0437774658203125 -0.141525268554688
-0.21148681640625 0.0241851806640625 -0.059600830078125 -0.158203125
-0.179367065429687 0.113677978515625 -0.120094299316406 -0.08685302734375
-0.172637939453125 0.134902954101562 -0.15631103515625 -0.0486297607421875
-0.108810424804688 0.196319580078125 -0.139144897460938 0.0331573486328125
-0.0787811279296875 0.200042724609375 -0.169326782226562 0.022613525390625
-0.0563812255859375 0.090118408203125 0.081298828125 0.324737548828125
-0.0566024780273438 0.08953857421875 0.0556640625 0.2308349609375
-0.08099365234375 0.0416030883789063 0.0700836181640625 0.0966110229492187
-0.0869903564453125 0.0183258056640625 0.102798461914063 0.087860107421875
-0.0917282104492188 -0.0162582397460938 0.190536499023438 0.0794219970703125
-0.125785827636719 -0.0298614501953125 0.273727416992188 0.081512451171875
-0.119697570800781 -0.0262603759765625 0.316009521484375 0.06396484375
-0.116722106933594 -0.035064697265625 0.28131103515625 0.0218505859375
-0.133346557617188 -0.0291595458984375 0.193359375 -0.077545166015625
-0.124427795410156 -0.00744628906250002 0.089141845703125 -0.160446166992188
-0.114082336425781 0.0161590576171875 -0.040496826171875 -0.173599243164063
-0.0974655151367188 0.0660476684570312 -0.121696472167969 -0.0885238647460937
-0.0933609008789063 0.079010009765625 -0.16204833984375 -0.0238494873046875
-0.0547866821289062 0.114944458007813 -0.149063110351563 0.08306884765625
-0.0521621704101562 0.114730834960937 -0.189361572265625 0.0886077880859375
-0.0167903900146484 -0.00820827484130859 0.143753051757813 -0.132919311523438
0.00677824020385742 0.00130462646484375 0.137016296386719 -0.106475830078125
0.00191450119018555 -0.00585460662841797 0.129043579101562 -0.0106353759765625
-0.00658035278320313 -0.00448369979858398 0.119125366210938 0.0863723754882813
-0.00327634811401367 -0.0086369514465332 0.02374267578125 0.155426025390625
0.00333213806152344 -0.00964260101318359 -0.0923614501953125 0.159500122070313
0.000575542449951172 -0.00632715225219726 -0.2078857421875 0.09039306640625
0.00792074203491211 -0.00810337066650391 -0.289764404296875 0.00253295898437503
0.012974739074707 0.00129604339599609 -0.32244873046875 -0.047698974609375
0.0134134292602539 -0.00426959991455078 -0.268356323242188 -0.075469970703125
0.0179252624511719 0.00512123107910156 -0.176605224609375 -0.037353515625
0.0154600143432617 0.00655269622802734 -0.07861328125 -0.0408782958984375
0.0123405456542969 -0.00519275665283203 -0.0279006958007812 -0.104804992675781
0.0158672332763672 -0.0111370086669922 -0.0460052490234375 -0.205276489257813
0.00349617004394531 -0.0175056457519531 -0.05230712890625 -0.33270263671875
-0.0416412353515625 0.109123229980469 0.14910888671875 -0.115982055664063
-0.0260543823242187 0.112777709960937 0.142974853515625 -0.0877532958984375
-0.0661392211914063 0.087890625 0.138435363769531 -0.0146026611328125
-0.09271240234375 0.0571441650390625 0.131378173828125 0.0875167846679688
-0.103538513183594 0.01715087890625 0.04241943359375 0.149688720703125
-0.118293762207031 0.00244903564453127 -0.073516845703125 0.162521362304688
-0.117462158203125 -0.00733947753906252 -0.189651489257813 0.100311279296875
-0.097503662109375 -0.035186767578125 -0.266693115234375 0.0119476318359376
-0.0998764038085938 -0.0301437377929687 -0.308349609375 -0.044189453125
-0.0867843627929688 -0.0292739868164063 -0.263778686523438 -0.0741119384765625
-0.0713653564453125 -0.009613037109375 -0.17449951171875 -0.04278564453125
-0.0633125305175781 0.0270233154296875 -0.0760498046875 -0.0434188842773437
-0.0652198791503906 0.0285873413085938 -0.0302047729492188 -0.107627868652344
-0.0456962585449219 0.0561637878417969 -0.041839599609375 -0.201950073242188
-0.0314140319824219 0.0694961547851562 -0.04852294921875 -0.326995849609375
-0.0615386962890625 0.207305908203125 0.153823852539063 -0.062744140625
-0.0543060302734375 0.206924438476563 0.150650024414063 -0.041595458984375
-0.1241455078125 0.168289184570313 0.150482177734375 -0.00920104980468749
-0.166046142578125 0.1119384765625 0.14947509765625 0.087371826171875
-0.192001342773437 0.0416717529296875 0.0780563354492188 0.132804870605469
-0.224807739257812 0.0131988525390625 -0.0258941650390625 0.150177001953125
-0.218902587890625 -0.00727844238281254 -0.132087707519531 0.0989303588867188
-0.189239501953125 -0.057373046875 -0.203109741210937 0.0202484130859375
-0.201736450195313 -0.05572509765625 -0.260574340820313 -0.0376739501953125
-0.183685302734375 -0.04705810546875 -0.240203857421875 -0.0712738037109375
-0.162673950195313 -0.015106201171875 -0.17010498046875 -0.05108642578125
-0.142623901367188 0.0559234619140625 -0.0842514038085938 -0.0495986938476563
-0.14068603515625 0.0693359375 -0.0492324829101563 -0.112777709960937
-0.101142883300781 0.125961303710938 -0.0530242919921875 -0.186492919921875
-0.0608978271484375 0.1507568359375 -0.060028076171875 -0.29486083984375
-0.0792694091796875 0.269363403320312 0.156982421875 0.016204833984375
-0.0773468017578125 0.264373779296875 0.154830932617188 0.02392578125
-0.166900634765625 0.21405029296875 0.159286499023438 0.00889587402343751
-0.219146728515625 0.143447875976563 0.1651611328125 0.086517333984375
-0.253753662109375 0.05316162109375 0.120689392089844 0.109733581542969
-0.299835205078125 0.0170288085937499 0.0430068969726562 0.126213073730469
-0.28765869140625 -0.010040283203125 -0.0444717407226563 0.0882415771484375
-0.253128051757812 -0.0709075927734375 -0.1077880859375 0.0248184204101562
-0.277633666992188 -0.0682678222656251 -0.180221557617188 -0.0343017578125
-0.263809204101563 -0.0492706298828125 -0.189453125 -0.074615478515625
-0.242996215820312 -0.0040130615234375 -0.155624389648438 -0.067352294921875
-0.207931518554688 0.096893310546875 -0.0985031127929688 -0.0572967529296875
-0.201095581054688 0.1185302734375 -0.0811386108398438 -0.11016845703125
-0.138900756835937 0.191986083984375 -0.0755767822265625 -0.1524658203125
-0.0799713134765625 0.216476440429688 -0.0845794677734375 -0.233917236328125
-0.088714599609375 0.284210205078125 0.151962280273437 0.107879638671875
-0.0921783447265625 0.272216796875 0.148696899414063 0.09674072265625
-0.188140869140625 0.2138671875 0.155288696289063 0.03466796875
-0.237716674804688 0.139083862304687 0.167816162109375 0.0868072509765625
-0.272369384765625 0.0449218750000001 0.159957885742187 0.0868072509765625
-0.325531005859375 0.00881958007812494 0.121475219726562 0.097137451171875
-0.310150146484375 -0.015350341796875 0.0614242553710937 0.071563720703125
-0.279006958007813 -0.0742950439453126 0.00406837463378905 0.0245609283447266
-0.311920166015625 -0.066558837890625 -0.07696533203125 -0.0381546020507813
-0.304229736328125 -0.035614013671875 -0.116683959960938 -0.089019775390625
-0.28375244140625 0.017974853515625 -0.129554748535156 -0.09271240234375
-0.238327026367188 0.134902954101562 -0.111541748046875 -0.0652084350585937
-0.228347778320312 0.15972900390625 -0.115165710449219 -0.0943756103515625
-0.1497802734375 0.23675537109375 -0.100418090820313 -0.09588623046875
-0.085906982421875 0.25262451171875 -0.112945556640625 -0.150283813476562
-0.089599609375 0.252410888671875 0.138885498046875 0.194076538085938
-0.0954437255859375 0.2342529296875 0.128952026367188 0.159759521484375
-0.17938232421875 0.169342041015625 0.135093688964844 0.0623931884765625
-0.216140747070313 0.1024169921875 0.153656005859375 0.087493896484375
-0.24322509765625 0.020751953125 0.184906005859375 0.071380615234375
-0.296417236328125 -0.00769042968750006 0.192520141601563 0.07421875
-0.284088134765625 -0.0218505859375 0.166946411132812 0.0560760498046875
-0.261520385742187 -0.0660552978515625 0.116287231445313 0.019866943359375
-0.296478271484375 -0.05401611328125 0.0312728881835937 -0.0514335632324219
-0.28912353515625 -0.0177001953125 -0.0356521606445313 -0.113189697265625
-0.270263671875 0.035400390625 -0.0970687866210938 -0.122459411621094
-0.222625732421875 0.147232055664062 -0.1180419921875 -0.07183837890625
-0.21270751953125 0.171783447265625 -0.14093017578125 -0.0653076171875
-0.132171630859375 0.240707397460938 -0.120147705078125 -0.0259170532226563
-0.0795135498046875 0.248001098632813 -0.14117431640625 -0.0552520751953125
-0.075286865234375 0.183853149414063 0.119125366210938 0.264739990234375
-0.0805206298828125 0.166305541992188 0.097991943359375 0.202072143554688
-0.139053344726562 0.104644775390625 0.102500915527344 0.0810165405273437
-0.1591796875 0.0569000244140625 0.128189086914063 0.084564208984375
-0.176025390625 -0.00192260742187503 0.193389892578125 0.0646514892578125
-0.222885131835938 -0.0204315185546875 0.245376586914063 0.062042236328125
-0.215240478515625 -0.02301025390625 0.254730224609375 0.045654296875
-0.205001831054688 -0.0489959716796875 0.21173095703125 0.0115966796875
-0.232864379882812 -0.036895751953125 0.123695373535156 -0.0688858032226563
-0.222427368164062 -0.00354003906250003 0.0328750610351563 -0.13848876953125
-0.204864501953125 0.037841796875 -0.0675048828125 -0.147506713867188
-0.166305541992188 0.124008178710938 -0.119712829589844 -0.075439453125
-0.159210205078125 0.1448974609375 -0.154373168945313 -0.034576416015625
-0.093963623046875 0.198287963867188 -0.131942749023437 0.0419387817382813
-0.0631103515625 0.199752807617187 -0.161514282226563 0.03253173828125
-0.0487213134765625 0.0923995971679688 0.100311279296875 0.309539794921875
-0.0483322143554687 0.0895462036132813 0.0678253173828125 0.220993041992188
-0.0762710571289063 0.0458984375 0.0703125 0.0895156860351562
-0.0832977294921875 0.0242080688476563 0.103874206542969 0.0794143676757812
-0.0913162231445313 -0.008758544921875 0.189468383789063 0.063323974609375
-0.124671936035156 -0.0192642211914062 0.273635864257813 0.0600128173828125
-0.117935180664063 -0.01690673828125 0.314239501953125 0.04095458984375
-0.116065979003906 -0.0264816284179687 0.277236938476563 0.0023651123046875
-0.1328125 -0.0190658569335937 0.185394287109375 -0.0879058837890625
-0.121871948242188 0.00118255615234373 0.076934814453125 -0.15960693359375
-0.110198974609375 0.0232925415039062 -0.0499420166015625 -0.16351318359375
-0.0899887084960938 0.0719985961914063 -0.121597290039063 -0.0766372680664063
-0.08599853515625 0.0842666625976562 -0.158294677734375 -0.009796142578125
-0.0462722778320313 0.114799499511719 -0.138107299804688 0.0917282104492188
-0.0426788330078125 0.115570068359375 -0.176559448242188 0.098419189453125
-0.0174112319946289 -0.0069265365600586 0.134147644042969 -0.131057739257813
0.00653219223022461 5.29289245605469E-05 0.128021240234375 -0.106826782226562
0.00190067291259766 -0.00683689117431641 0.124000549316406 -0.0155410766601563
-0.00741195678710938 -0.00388383865356445 0.115837097167969 0.0772857666015625
-0.00422954559326172 -0.00819110870361328 0.026702880859375 0.14898681640625
0.00420570373535156 -0.00919437408447266 -0.0861663818359375 0.157989501953125
0.00048828125 -0.00574827194213867 -0.201904296875 0.0924835205078125
0.00782299041748047 -0.00820732116699219 -0.28179931640625 0.012420654296875
0.0128726959228516 0.000698089599609375 -0.314422607421875 -0.03558349609375
0.0128335952758789 -0.00469779968261719 -0.263900756835938 -0.065521240234375
0.0176353454589844 0.00448036193847656 -0.170547485351563 -0.0312957763671875
0.0160837173461914 0.00498676300048828 -0.07342529296875 -0.0390777587890625
0.0113611221313477 -0.00525283813476563 -0.0270919799804688 -0.101226806640625
0.014063835144043 -0.0105514526367188 -0.0478363037109375 -0.198287963867188
0.00236606597900391 -0.0166034698486328 -0.05938720703125 -0.32080078125
-0.0369186401367187 0.107795715332031 0.139541625976562 -0.114555358886719
-0.0211563110351562 0.108383178710937 0.135177612304688 -0.0891647338867188
-0.0624618530273438 0.0869598388671875 0.1314697265625 -0.01953125
-0.08953857421875 0.0586624145507813 0.128379821777344 0.079071044921875
-0.102302551269531 0.0197601318359375 0.0440673828125 0.142410278320313
-0.114120483398437 0.00555419921875001 -0.067535400390625 0.159317016601563
-0.114341735839844 -0.00376892089843752 -0.1832275390625 0.1016845703125
-0.0960159301757813 -0.032501220703125 -0.2598876953125 0.0204315185546874
-0.0981903076171875 -0.0265274047851562 -0.301055908203125 -0.032806396484375
-0.0850753784179688 -0.0258331298828125 -0.259750366210938 -0.064697265625
-0.0690689086914063 -0.00735473632812501 -0.168014526367187 -0.0357208251953125
-0.0591316223144531 0.0272293090820313 -0.0714797973632813 -0.0418930053710938
-0.0622024536132812 0.0297050476074219 -0.0294570922851563 -0.104095458984375
-0.0434112548828125 0.0568275451660156 -0.044219970703125 -0.1947021484375
-0.0293235778808594 0.0682868957519531 -0.056427001953125 -0.3157958984375
-0.05352783203125 0.203140258789063 0.145294189453125 -0.06390380859375
-0.045654296875 0.2000732421875 0.14373779296875 -0.04449462890625
-0.116668701171875 0.167312622070312 0.14239501953125 -0.0135345458984375
-0.159820556640625 0.114501953125 0.145782470703125 0.0784454345703125
-0.1873779296875 0.0461578369140625 0.0776443481445312 0.125755310058594
-0.217910766601563 0.019622802734375 -0.0219879150390625 0.145492553710938
-0.213272094726562 -0.000930786132812481 -0.126411437988281 0.0992431640625
-0.186203002929688 -0.0517578125 -0.197158813476562 0.0257110595703125
-0.19866943359375 -0.04864501953125 -0.25445556640625 -0.0278472900390626
-0.179840087890625 -0.0404205322265625 -0.236053466796875 -0.0615692138671875
-0.15765380859375 -0.0102386474609375 -0.164901733398437 -0.0437469482421875
-0.134414672851563 0.0579833984375 -0.079833984375 -0.0475082397460937
-0.133384704589844 0.0717391967773438 -0.0484085083007813 -0.107521057128906
-0.095367431640625 0.125526428222656 -0.0543365478515625 -0.179885864257813
-0.0562286376953125 0.146636962890625 -0.0672607421875 -0.28466796875
-0.067626953125 0.263137817382813 0.150955200195313 0.0115814208984375
-0.0657806396484375 0.256195068359375 0.149566650390625 0.01934814453125
-0.157363891601562 0.214248657226563 0.149642944335937 0.00405883789062501
-0.210067749023438 0.146713256835938 0.160247802734375 0.0781402587890625
-0.247146606445313 0.0591583251953125 0.117431640625 0.10186767578125
-0.2906494140625 0.02520751953125 0.0443344116210937 0.120033264160156
-0.2796630859375 -0.00202941894531244 -0.040985107421875 0.0862350463867188
-0.248825073242187 -0.063385009765625 -0.104423522949219 0.027191162109375
-0.27349853515625 -0.0589141845703125 -0.176620483398438 -0.027587890625
-0.2579345703125 -0.0403900146484375 -0.187286376953125 -0.0663909912109375
-0.23468017578125 0.00186157226562499 -0.151519775390625 -0.05975341796875
-0.197097778320313 0.100189208984375 -0.0935211181640625 -0.0546188354492188
-0.191375732421875 0.12109375 -0.0792312622070312 -0.104087829589844
-0.129898071289063 0.190078735351562 -0.07598876953125 -0.145477294921875
-0.072509765625 0.21075439453125 -0.08795166015625 -0.225418090820312
-0.075958251953125 0.278030395507813 0.148941040039063 0.0999908447265625
-0.08050537109375 0.26397705078125 0.145538330078125 0.089752197265625
-0.177505493164063 0.213943481445313 0.14599609375 0.0303955078125
-0.227340698242187 0.142807006835938 0.162918090820312 0.0793609619140625
-0.265151977539063 0.051788330078125 0.155044555664062 0.0783233642578125
-0.316619873046875 0.018829345703125 0.120773315429687 0.0893783569335937
-0.301910400390625 -0.00668334960937499 0.0619430541992187 0.0672950744628906
-0.27386474609375 -0.0659942626953125 0.00513267517089842 0.0239448547363281
-0.3067626953125 -0.056121826171875 -0.0760345458984375 -0.0344390869140625
-0.296478271484375 -0.026885986328125 -0.117088317871094 -0.0816650390625
-0.275146484375 0.0248565673828125 -0.127456665039063 -0.0847625732421875
-0.226089477539062 0.13775634765625 -0.10626220703125 -0.0612640380859375
-0.2166748046875 0.162017822265625 -0.112419128417969 -0.0872573852539062
-0.139511108398437 0.234024047851563 -0.098663330078125 -0.0900344848632812
-0.07666015625 0.246063232421875 -0.113616943359375 -0.14373779296875
-0.0778656005859375 0.246856689453125 0.13848876953125 0.184112548828125
-0.0844268798828125 0.226821899414062 0.127517700195313 0.151885986328125
-0.170318603515625 0.169937133789063 0.127037048339844 0.0572967529296875
-0.206283569335937 0.10675048828125 0.149307250976563 0.08062744140625
-0.2371826171875 0.0279998779296875 0.178466796875 0.0627593994140625
-0.28826904296875 0.00210571289062495 0.189804077148437 0.0653076171875
-0.276687622070313 -0.0128631591796875 0.16375732421875 0.0491790771484375
-0.256668090820313 -0.05865478515625 0.113906860351562 0.0163803100585937
-0.291778564453125 -0.045135498046875 0.0291481018066406 -0.0502777099609375
-0.281829833984375 -0.00994873046875005 -0.0382614135742188 -0.106666564941406
-0.2613525390625 0.0412445068359375 -0.0960235595703125 -0.113876342773438
-0.21014404296875 0.149337768554688 -0.113212585449219 -0.0665435791015625
-0.202117919921875 0.173233032226562 -0.136810302734375 -0.0581512451171875
-0.123214721679688 0.237884521484375 -0.116058349609375 -0.0214691162109375
-0.0706787109375 0.2418212890625 -0.138023376464844 -0.0511398315429687
-0.0663299560546875 0.180068969726563 0.121124267578125 0.252426147460938
-0.0727386474609375 0.161102294921875 0.0988006591796875 0.19366455078125
-0.132987976074219 0.105979919433594 0.0963287353515625 0.0763092041015625
-0.15216064453125 0.0602874755859375 0.124130249023437 0.07958984375
-0.171676635742188 0.00390625000000002 0.186843872070313 0.055816650390625
-0.216781616210938 -0.012725830078125 0.239898681640625 0.0521240234375
-0.209335327148438 -0.0169677734375 0.249801635742187 0.0363311767578125
-0.200469970703125 -0.0431976318359375 0.207000732421875 0.005767822265625
-0.22821044921875 -0.029937744140625 0.118972778320312 -0.0698928833007813
-0.216781616210938 0.00225830078124996 0.0282821655273437 -0.13311767578125
-0.198333740234375 0.041412353515625 -0.0683364868164063 -0.138916015625
-0.157394409179688 0.125579833984375 -0.115058898925781 -0.0692672729492187
-0.151077270507812 0.145553588867188 -0.14886474609375 -0.0272216796875
-0.0872650146484375 0.194732666015625 -0.125869750976563 0.044464111328125
-0.0557861328125 0.194717407226563 -0.154617309570313 0.03460693359375
-0.0435409545898438 0.091094970703125 0.10308837890625 0.2965087890625
-0.0439910888671875 0.086181640625 0.0699920654296875 0.212677001953125
-0.0734405517578125 0.0457229614257813 0.0658721923828125 0.0855636596679687
-0.0794143676757813 0.026641845703125 0.100791931152344 0.074981689453125
-0.0892715454101563 -0.00511932373046874 0.183364868164063 0.0552825927734375
-0.121047973632813 -0.014434814453125 0.267135620117187 0.0496978759765625
-0.114761352539063 -0.0131378173828125 0.307464599609375 0.030609130859375
-0.113777160644531 -0.02264404296875 0.27056884765625 -0.00537109375
-0.13037109375 -0.0146865844726563 0.179656982421875 -0.0900421142578125
-0.118431091308594 0.00463104248046878 0.0714874267578125 -0.1544189453125
-0.107147216796875 0.024871826171875 -0.05059814453125 -0.155120849609375
-0.0844650268554687 0.0729598999023438 -0.117034912109375 -0.0702285766601563
-0.0817794799804687 0.084930419921875 -0.1527099609375 -0.00358581542968748
-0.0429229736328125 0.112480163574219 -0.13006591796875 0.0927810668945313
-0.0377197265625 0.113113403320313 -0.166458129882813 0.099029541015625
-0.0185356140136719 -0.00593948364257813 0.131362915039063 -0.130928039550781
0.00673103332519531 -0.001129150390625 0.126327514648438 -0.108596801757813
0.00115203857421875 -0.00822257995605469 0.122993469238281 -0.0178604125976562
-0.00828886032104492 -0.00343656539916992 0.114646911621094 0.0745849609375
-0.00524425506591797 -0.00705242156982422 0.027313232421875 0.147918701171875
0.00530624389648438 -0.00992393493652344 -0.085968017578125 0.158920288085938
0.00128602981567383 -0.00516080856323242 -0.20562744140625 0.094085693359375
0.00806331634521484 -0.0087738037109375 -0.2838134765625 0.0154113769531251
0.0129270553588867 0.000685691833496094 -0.3160400390625 -0.0315856933593749
0.0126352310180664 -0.00494098663330078 -0.26654052734375 -0.0626678466796875
0.0187759399414063 0.00409889221191406 -0.169281005859375 -0.0302886962890625
0.0159749984741211 0.00393772125244141 -0.0714187622070313 -0.0404586791992188
0.0118303298950195 -0.00495624542236328 -0.0253753662109375 -0.102622985839844
0.0139379501342773 -0.00999069213867188 -0.047698974609375 -0.198348999023438
0.00154876708984375 -0.0161218643188477 -0.061737060546875 -0.32086181640625
-0.0365371704101562 0.108718872070313 0.137199401855469 -0.114547729492188
-0.0200119018554688 0.107490539550781 0.133865356445313 -0.0909271240234375
-0.06304931640625 0.087799072265625 0.129440307617188 -0.0213699340820312
-0.0906219482421875 0.0606842041015625 0.127037048339844 0.0761795043945312
-0.103912353515625 0.0213241577148438 0.04443359375 0.1417236328125
-0.113792419433594 0.00593566894531248 -0.0676116943359375 0.1595458984375
-0.114982604980469 -0.00295257568359374 -0.185531616210938 0.102615356445313
-0.0977401733398438 -0.0324859619140625 -0.260498046875 0.0230712890625
-0.0997848510742188 -0.0256881713867187 -0.302947998046875 -0.0297851562500001
-0.0854339599609375 -0.02587890625 -0.2615966796875 -0.06121826171875
-0.0683250427246094 -0.00750732421875 -0.167266845703125 -0.0343017578125
-0.0580024719238281 0.0269699096679687 -0.0689620971679688 -0.0434226989746094
-0.0613021850585938 0.0303115844726562 -0.0279693603515625 -0.104927062988281
-0.0436859130859375 0.0576324462890625 -0.043975830078125 -0.1956787109375
-0.0298004150390625 0.0678672790527344 -0.05889892578125 -0.316253662109375
-0.051177978515625 0.204269409179688 0.144012451171875 -0.0638427734375
-0.043060302734375 0.199127197265625 0.143386840820313 -0.045867919921875
-0.116958618164063 0.169845581054687 0.138771057128906 -0.0148468017578125
-0.160232543945313 0.117279052734375 0.144973754882813 0.0761260986328125
-0.189849853515625 0.0485992431640625 0.0769882202148438 0.12451171875
-0.218841552734375 0.0212860107421875 -0.021270751953125 0.145065307617188
-0.21441650390625 -3.05175781249633E-05 -0.127571105957031 0.0995330810546875
-0.188430786132813 -0.052001953125 -0.197952270507812 0.02813720703125
-0.201217651367187 -0.0463104248046875 -0.256210327148438 -0.024444580078125
-0.181365966796875 -0.0397491455078125 -0.238616943359375 -0.0587005615234375
-0.156661987304688 -0.010650634765625 -0.164016723632812 -0.0420379638671875
-0.13262939453125 0.0583419799804687 -0.0774688720703125 -0.0495223999023437
-0.132453918457031 0.0730209350585938 -0.0473785400390625 -0.108283996582031
-0.0947494506835937 0.126792907714844 -0.0548858642578125 -0.179931640625
-0.055938720703125 0.146942138671875 -0.069854736328125 -0.285125732421875
-0.0644989013671875 0.263946533203125 0.150039672851563 0.011322021484375
-0.06268310546875 0.25439453125 0.150039672851563 0.0180511474609375
-0.15740966796875 0.217971801757813 0.145706176757813 0.00354003906250001
-0.209793090820313 0.150436401367187 0.160049438476563 0.0762176513671875
-0.24969482421875 0.061920166015625 0.116432189941406 0.100372314453125
-0.292266845703125 0.0277709960937499 0.0449447631835937 0.118400573730469
-0.2818603515625 -0.000457763671874967 -0.0413360595703125 0.0861282348632813
-0.251022338867188 -0.0642242431640624 -0.10443115234375 0.0284957885742187
-0.27691650390625 -0.0568084716796875 -0.17803955078125 -0.025421142578125
-0.259796142578125 -0.0390777587890625 -0.189559936523438 -0.0635833740234375
-0.235076904296875 0.00297546386718745 -0.150833129882813 -0.058013916015625
-0.195220947265625 0.101516723632813 -0.091217041015625 -0.0564804077148437
-0.190383911132813 0.123580932617187 -0.0785980224609375 -0.104171752929688
-0.128875732421875 0.19207763671875 -0.07574462890625 -0.14581298828125
-0.072174072265625 0.210601806640625 -0.0908050537109375 -0.22576904296875
-0.0721588134765625 0.27850341796875 0.148269653320313 0.099334716796875
-0.077423095703125 0.26226806640625 0.145782470703125 0.08917236328125
-0.177993774414063 0.217376708984375 0.141220092773438 0.0308074951171875
-0.227371215820313 0.146469116210937 0.162139892578125 0.0783843994140625
-0.267486572265625 0.0548553466796875 0.153335571289062 0.0770416259765625
-0.3170166015625 0.022369384765625 0.120841979980469 0.0866851806640625
-0.304229736328125 -0.00466918945312502 0.0625152587890625 0.0664024353027344
-0.276473999023437 -0.0655212402343749 0.00535011291503904 0.02386474609375
-0.3115234375 -0.0539855957031249 -0.0772552490234375 -0.0328826904296875
-0.29901123046875 -0.025360107421875 -0.118820190429688 -0.0789871215820312
-0.276168823242188 0.0256195068359375 -0.126960754394531 -0.0823287963867187
-0.223861694335938 0.140151977539063 -0.104743957519531 -0.0624542236328125
-0.215988159179687 0.16510009765625 -0.111656188964844 -0.085662841796875
-0.1392822265625 0.235687255859375 -0.0979232788085938 -0.0897674560546875
-0.0762176513671875 0.245162963867188 -0.114913940429688 -0.144546508789062
-0.0745086669921875 0.247161865234375 0.138168334960937 0.183029174804688
-0.081756591796875 0.224929809570313 0.127883911132813 0.151947021484375
-0.17095947265625 0.173324584960938 0.122726440429687 0.0585861206054688
-0.206436157226563 0.109832763671875 0.148681640625 0.0811004638671875
-0.238540649414062 0.0307159423828125 0.17706298828125 0.0613555908203125
-0.289276123046875 0.00509643554687494 0.189743041992187 0.062286376953125
-0.278106689453125 -0.010894775390625 0.16510009765625 0.0474395751953125
-0.25982666015625 -0.05780029296875 0.115165710449219 0.0155792236328125
-0.29541015625 -0.042388916015625 0.0289535522460937 -0.0495223999023437
-0.284271240234375 -0.00869750976562505 -0.0397262573242188 -0.104866027832031
-0.262863159179688 0.0422210693359375 -0.0955963134765625 -0.111732482910156
-0.2088623046875 0.15185546875 -0.111076354980469 -0.0671310424804687
-0.201950073242187 0.176315307617188 -0.136856079101563 -0.0562667846679687
-0.122039794921875 0.239273071289063 -0.115501403808594 -0.0202865600585938
-0.0691375732421875 0.241561889648438 -0.138214111328125 -0.0513839721679688
-0.0639801025390625 0.180252075195313 0.12158203125 0.251190185546875
-0.0710296630859375 0.159927368164063 0.09844970703125 0.193283081054688
-0.133689880371094 0.108154296875 0.0923995971679687 0.0775909423828125
-0.15106201171875 0.0624847412109375 0.123291015625 0.0800323486328125
-0.171737670898438 0.00650024414062501 0.185653686523438 0.0548248291015625
-0.217544555664063 -0.0100860595703125 0.2408447265625 0.0488739013671875
-0.210678100585938 -0.014892578125 0.25164794921875 0.0341949462890625
-0.202545166015625 -0.0423736572265625 0.208969116210938 0.003662109375
-0.231903076171875 -0.0282135009765625 0.119728088378906 -0.0698699951171875
-0.218673706054688 0.00354003906250004 0.0277786254882813 -0.130912780761719
-0.199752807617188 0.0422515869140625 -0.0678558349609375 -0.137435913085938
-0.155899047851563 0.127609252929688 -0.113609313964844 -0.069061279296875
-0.151168823242187 0.14849853515625 -0.148727416992188 -0.02459716796875
-0.0871734619140625 0.19580078125 -0.124176025390625 0.0463333129882813
-0.0545806884765625 0.1954345703125 -0.153533935546875 0.0349273681640625
-0.0424880981445312 0.0912628173828125 0.103668212890625 0.29486083984375
-0.0433425903320312 0.0854721069335938 0.0701141357421875 0.21282958984375
-0.0745315551757813 0.0468597412109375 0.0632095336914063 0.0864181518554688
-0.078155517578125 0.0274734497070312 0.0998382568359375 0.07550048828125
-0.0892257690429687 -0.00311279296874998 0.182174682617188 0.054046630859375
-0.121353149414062 -0.0128707885742187 0.2684326171875 0.0466766357421875
-0.114990234375 -0.01220703125 0.3099365234375 0.027496337890625
-0.114997863769531 -0.0220947265625 0.273223876953125 -0.007659912109375
-0.131889343261719 -0.0137252807617187 0.181411743164063 -0.09088134765625
-0.119125366210938 0.00537872314453127 0.072479248046875 -0.15283203125
-0.107925415039063 0.0253372192382812 -0.050079345703125 -0.15313720703125
-0.0838470458984375 0.0738677978515625 -0.1153564453125 -0.0697250366210938
-0.0816802978515625 0.086578369140625 -0.152679443359375 -0.000823974609374989
-0.0432586669921875 0.11279296875 -0.128524780273438 0.0952682495117188
-0.0364990234375 0.113967895507812 -0.16461181640625 0.099578857421875
-0.0201244354248047 -0.00433540344238282 0.130882263183594 -0.13677978515625
0.0071868896484375 -0.00170755386352539 0.126304626464844 -0.11700439453125
0.00040149688720703 -0.00917816162109375 0.125656127929687 -0.0235671997070312
-0.0091552734375 -0.00199604034423828 0.118431091308594 0.07220458984375
-0.00556755065917969 -0.00594186782836914 0.031982421875 0.151229858398437
0.00599479675292969 -0.0111141204833984 -0.0852508544921875 0.166961669921875
0.00198125839233398 -0.00596284866333008 -0.212890625 0.103363037109375
0.0077667236328125 -0.00965309143066406 -0.29425048828125 0.024993896484375
0.0136785507202148 0.000273704528808594 -0.32855224609375 -0.022979736328125
0.0128097534179688 -0.00568866729736328 -0.278030395507813 -0.056854248046875
0.0190753936767578 0.00233078002929687 -0.173812866210938 -0.0267181396484375
0.0169897079467773 0.0026702880859375 -0.0721282958984375 -0.0417022705078125
0.0119915008544922 -0.00564956665039063 -0.02703857421875 -0.107177734375
0.0141286849975586 -0.0102901458740234 -0.053466796875 -0.204986572265625
0.000967025756835938 -0.016291618347168 -0.072479248046875 -0.3299560546875
-0.0349197387695313 0.113906860351563 0.1376953125 -0.120536804199219
-0.0166473388671875 0.110504150390625 0.135177612304687 -0.098846435546875
-0.0637969970703125 0.0932540893554688 0.130859375 -0.0264663696289062
-0.09271240234375 0.0671310424804687 0.131919860839844 0.0738601684570313
-0.108299255371094 0.0262680053710938 0.04913330078125 0.14398193359375
-0.11761474609375 0.00852966308593747 -0.06689453125 0.16644287109375
-0.119270324707031 -0.000236511230468756 -0.192138671875 0.11199951171875
-0.102706909179688 -0.0322341918945312 -0.270050048828125 0.0318756103515625
-0.105010986328125 -0.0235061645507813 -0.315277099609375 -0.02056884765625
-0.0903701782226562 -0.023956298828125 -0.274429321289063 -0.0551300048828125
-0.07061767578125 -0.00713348388671874 -0.172592163085938 -0.03118896484375
-0.0583381652832031 0.0281906127929688 -0.0702438354492187 -0.0454444885253906
-0.0624504089355469 0.0333709716796875 -0.0304489135742188 -0.109169006347656
-0.0434722900390625 0.060882568359375 -0.0498199462890625 -0.201278686523438
-0.0297393798828125 0.0717620849609375 -0.06964111328125 -0.32568359375
-0.0470123291015625 0.21319580078125 0.146026611328125 -0.0692291259765625
-0.0379791259765625 0.205413818359375 0.146759033203125 -0.0529937744140625
-0.117172241210938 0.180953979492187 0.140533447265625 -0.0193252563476562
-0.163467407226563 0.128372192382813 0.150619506835938 0.0735321044921875
-0.196823120117188 0.057098388671875 0.0826492309570312 0.125717163085938
-0.225830078125 0.027984619140625 -0.018707275390625 0.14947509765625
-0.22283935546875 0.00535583496093754 -0.131217956542969 0.106689453125
-0.197982788085938 -0.0502166748046875 -0.204849243164063 0.034576416015625
-0.212142944335938 -0.0419464111328125 -0.267181396484375 -0.0171661376953125
-0.189361572265625 -0.036285400390625 -0.250076293945313 -0.0525360107421875
-0.16278076171875 -0.00770568847656252 -0.169265747070313 -0.038787841796875
-0.134010314941406 0.06329345703125 -0.0798416137695313 -0.0517425537109375
-0.134849548339844 0.079498291015625 -0.0501861572265625 -0.111785888671875
-0.0946731567382813 0.134445190429687 -0.0605010986328125 -0.185134887695312
-0.055633544921875 0.153366088867188 -0.080291748046875 -0.29315185546875
-0.0581512451171875 0.275039672851563 0.153854370117187 0.00819396972656252
-0.056549072265625 0.262664794921875 0.155776977539062 0.014129638671875
-0.158218383789062 0.232177734375 0.147003173828125 0.000991821289062514
-0.21380615234375 0.16455078125 0.165847778320313 0.0747222900390625
-0.258590698242187 0.0725250244140625 0.122108459472656 0.100204467773437
-0.302947998046875 0.037750244140625 0.0486831665039062 0.120330810546875
-0.2926025390625 0.00677490234374994 -0.0412750244140625 0.0904083251953125
-0.26397705078125 -0.060150146484375 -0.108306884765625 0.0325088500976562
-0.291351318359375 -0.049957275390625 -0.185791015625 -0.0197601318359375
-0.27178955078125 -0.0337829589843749 -0.199813842773438 -0.0584716796875
-0.24310302734375 0.00810241699218751 -0.1563720703125 -0.0550689697265625
-0.197708129882813 0.109695434570312 -0.0943374633789063 -0.0586700439453125
-0.193618774414063 0.134170532226563 -0.0824661254882813 -0.105628967285156
-0.128875732421875 0.20318603515625 -0.0811920166015626 -0.148590087890625
-0.0707244873046875 0.21905517578125 -0.100601196289063 -0.231491088867188
-0.06549072265625 0.28948974609375 0.153945922851563 0.0987396240234375
-0.0718536376953125 0.27099609375 0.153457641601563 0.088134765625
-0.178573608398437 0.233200073242188 0.143234252929688 0.0303192138671875
-0.231185913085937 0.160614013671875 0.169235229492187 0.076995849609375
-0.276596069335938 0.0655212402343751 0.159759521484375 0.0755462646484375
-0.32867431640625 0.032745361328125 0.127021789550781 0.0845413208007813
-0.315826416015625 0.00335693359374998 0.0664291381835937 0.0670204162597656
-0.290069580078125 -0.0611572265625 0.00626373291015623 0.0246810913085937
-0.3272705078125 -0.0466003417968751 -0.0814743041992188 -0.030364990234375
-0.3115234375 -0.0183715820312501 -0.126449584960938 -0.0762100219726563
-0.2860107421875 0.033203125 -0.132423400878906 -0.0806732177734375
-0.226577758789062 0.151077270507813 -0.108161926269531 -0.0640106201171875
-0.21942138671875 0.178558349609375 -0.116844177246094 -0.085113525390625
-0.1376953125 0.248992919921875 -0.102981567382813 -0.0899276733398438
-0.0731201171875 0.255477905273438 -0.123733520507813 -0.14678955078125
-0.0686798095703125 0.257415771484375 0.146575927734375 0.185440063476563
-0.0776214599609375 0.232986450195313 0.136032104492188 0.153472900390625
-0.17352294921875 0.186843872070312 0.123779296875 0.059783935546875
-0.210235595703125 0.12127685546875 0.15484619140625 0.0810394287109375
-0.246078491210937 0.039398193359375 0.183639526367188 0.0589447021484375
-0.299774169921875 0.014129638671875 0.197952270507812 0.05718994140625
-0.28936767578125 -0.00430297851562501 0.172760009765625 0.0444488525390625
-0.272216796875 -0.0537872314453125 0.119979858398437 0.0127410888671875
-0.310333251953125 -0.03558349609375 0.0289268493652344 -0.0510063171386719
-0.296539306640625 -0.00216674804687506 -0.04425048828125 -0.104171752929688
-0.272354125976563 0.049285888671875 -0.100234985351563 -0.112228393554688
-0.211257934570313 0.1629638671875 -0.115463256835938 -0.0682144165039062
-0.20465087890625 0.19024658203125 -0.14202880859375 -0.0528411865234375
-0.120849609375 0.25250244140625 -0.118621826171875 -0.0175933837890625
-0.06610107421875 0.251480102539063 -0.144271850585938 -0.05029296875
-0.0599822998046875 0.187332153320313 0.13043212890625 0.256546020507813
-0.0686798095703125 0.165603637695313 0.107009887695312 0.198150634765625
-0.13616943359375 0.117233276367188 0.0938568115234375 0.079803466796875
-0.154327392578125 0.0695343017578125 0.128776550292969 0.0807571411132813
-0.177154541015625 0.01220703125 0.192291259765625 0.0521392822265625
-0.225601196289062 -0.00381469726562499 0.2506103515625 0.0420379638671875
-0.219039916992187 -0.010040283203125 0.26226806640625 0.0268707275390625
-0.212387084960938 -0.039581298828125 0.217544555664063 -0.0023193359375
-0.243576049804688 -0.02227783203125 0.123489379882812 -0.075225830078125
-0.227401733398437 0.00904846191406251 0.026092529296875 -0.134307861328125
-0.2073974609375 0.0482177734375 -0.0719375610351562 -0.138999938964844
-0.157913208007812 0.136795043945313 -0.117378234863281 -0.0696640014648437
-0.153045654296875 0.15960693359375 -0.154403686523438 -0.01934814453125
-0.085357666015625 0.20635986328125 -0.125335693359375 0.0524520874023437
-0.0514678955078125 0.203994750976563 -0.1572265625 0.0388946533203125
-0.040679931640625 0.0953521728515625 0.114044189453125 0.30255126953125
-0.042755126953125 0.0888137817382813 0.077667236328125 0.218841552734375
-0.0771865844726563 0.0510025024414062 0.0645217895507813 0.0891952514648438
-0.0790481567382812 0.030242919921875 0.104362487792969 0.0773162841796875
-0.0912246704101562 -7.62939453124807E-05 0.18829345703125 0.0511932373046875
-0.126441955566406 -0.00933837890624999 0.279220581054688 0.038726806640625
-0.11981201171875 -0.00920867919921876 0.323516845703125 0.01861572265625
-0.119911193847656 -0.0199508666992188 0.28369140625 -0.01641845703125
-0.138839721679687 -0.0102996826171875 0.18756103515625 -0.0989227294921875
-0.124221801757813 0.00781249999999999 0.07281494140625 -0.15802001953125
-0.11224365234375 0.0286483764648438 -0.0531768798828125 -0.155853271484375
-0.084014892578125 0.07916259765625 -0.119285583496094 -0.0694427490234375
-0.0830917358398437 0.0927886962890625 -0.157470703125 0.00535583496093751
-0.0421905517578125 0.118263244628906 -0.12841796875 0.102729797363281
-0.033966064453125 0.119331359863281 -0.165817260742188 0.105972290039063
-0.0210304260253906 -0.00200843811035157 0.124755859375 -0.147232055664062
0.00689983367919922 -0.00312042236328125 0.120880126953125 -0.130455017089844
-0.000887870788574219 -0.0105752944946289 0.126014709472656 -0.0334930419921875
-0.00884819030761719 -0.000426292419433594 0.125129699707031 0.06475830078125
-0.00558662414550781 -0.00492525100708008 0.04345703125 0.151702880859375
0.00589466094970703 -0.0132408142089844 -0.077056884765625 0.178054809570313
0.00213336944580078 -0.00693082809448242 -0.215133666992188 0.123779296875
0.00749969482421875 -0.0106229782104492 -0.302825927734375 0.047821044921875
0.0143871307373047 -0.00052642822265625 -0.3406982421875 0.000671386718749955
0.0122098922729492 -0.00677871704101562 -0.291961669921875 -0.0379333496093751
0.0195541381835938 0.000177383422851563 -0.179244995117188 -0.01629638671875
0.0177745819091797 0.00046539306640625 -0.07537841796875 -0.0403518676757813
0.0116567611694336 -0.00681972503662109 -0.033111572265625 -0.109458923339844
0.0131464004516602 -0.0114221572875977 -0.0680084228515625 -0.208023071289063
4.57763671875007E-05 -0.0158977508544922 -0.0975341796875 -0.334075927734375
-0.0278396606445312 0.121177673339844 0.132461547851563 -0.132095336914063
-0.00891876220703126 0.113510131835938 0.131576538085938 -0.112602233886719
-0.059295654296875 0.10186767578125 0.13140869140625 -0.0365447998046875
-0.0908889770507813 0.0775299072265625 0.139724731445313 0.0667343139648438
-0.109489440917969 0.0357666015625 0.060455322265625 0.143020629882813
-0.120994567871094 0.0160751342773437 -0.0584869384765625 0.176055908203125
-0.12298583984375 0.00700378417968751 -0.193283081054688 0.130477905273438
-0.109100341796875 -0.0268478393554688 -0.277328491210938 0.05364990234375
-0.110595703125 -0.0158538818359375 -0.32672119140625 0.00222778320312505
-0.0956192016601563 -0.0194625854492188 -0.287628173828125 -0.03546142578125
-0.073486328125 -0.00376129150390626 -0.178192138671875 -0.020538330078125
-0.05718994140625 0.0317840576171875 -0.0742111206054688 -0.0450897216796875
-0.0616416931152344 0.0386276245117188 -0.0365753173828125 -0.111160278320313
-0.0409431457519531 0.0666694641113281 -0.0635833740234375 -0.204681396484375
-0.0263900756835938 0.0766143798828125 -0.09521484375 -0.329986572265625
-0.0330963134765625 0.22314453125 0.143936157226563 -0.079620361328125
-0.0243072509765625 0.212371826171875 0.1473388671875 -0.065765380859375
-0.108383178710938 0.197052001953125 0.140594482421875 -0.0289459228515625
-0.15997314453125 0.145919799804688 0.1595458984375 0.0648040771484375
-0.199462890625 0.07275390625 0.0932083129882812 0.123054504394531
-0.232452392578125 0.0445556640625 -0.0108184814453125 0.154510498046875
-0.230422973632812 0.020477294921875 -0.129615783691406 0.120964050292969
-0.208892822265625 -0.038421630859375 -0.208908081054688 0.05206298828125
-0.223175048828125 -0.0268707275390625 -0.277297973632812 0.00259399414062501
-0.199249267578125 -0.0241546630859375 -0.26220703125 -0.0346832275390625
-0.168411254882812 0.00190734863281249 -0.17535400390625 -0.028350830078125
-0.132820129394531 0.073394775390625 -0.0846405029296875 -0.050750732421875
-0.133033752441406 0.0919113159179687 -0.0587234497070313 -0.111885070800781
-0.0881500244140625 0.14605712890625 -0.0741119384765625 -0.1864013671875
-0.0477142333984375 0.162017822265625 -0.103546142578125 -0.296356201171875
-0.040557861328125 0.286895751953125 0.157760620117188 -0.00119018554687498
-0.0390777587890625 0.272018432617188 0.160720825195313 0.00253295898437502
-0.14642333984375 0.253585815429688 0.1480712890625 -0.00701904296874998
-0.209365844726563 0.186203002929688 0.175735473632813 0.0643310546875
-0.262130737304688 0.093994140625 0.131752014160156 0.0943145751953125
-0.310211181640625 0.060333251953125 0.0576248168945312 0.119125366210937
-0.3021240234375 0.0272216796875001 -0.0372772216796875 0.097320556640625
-0.2779541015625 -0.04443359375 -0.1092529296875 0.0412445068359375
-0.306854248046875 -0.029571533203125 -0.194137573242188 -0.00567626953124997
-0.283477783203125 -0.01605224609375 -0.210372924804688 -0.0436859130859375
-0.250946044921875 0.023590087890625 -0.16278076171875 -0.0458831787109375
-0.194366455078125 0.125991821289063 -0.100303649902344 -0.0559921264648438
-0.189407348632813 0.152801513671875 -0.09136962890625 -0.102798461914063
-0.118209838867188 0.219146728515625 -0.0922088623046875 -0.147369384765625
-0.0592498779296875 0.230392456054688 -0.120162963867187 -0.232467651367187
-0.046417236328125 0.3031005859375 0.164077758789063 0.0924072265625
-0.053955078125 0.28118896484375 0.163955688476563 0.07940673828125
-0.168258666992188 0.256210327148438 0.146148681640625 0.0236663818359375
-0.226211547851563 0.183502197265625 0.178604125976563 0.0679779052734375
-0.281646728515625 0.087921142578125 0.168716430664062 0.066619873046875
-0.336944580078125 0.0567016601562499 0.135604858398437 0.0769195556640625
-0.326263427734375 0.02508544921875 0.0732345581054687 0.0646438598632812
-0.304962158203125 -0.044097900390625 0.00802421569824217 0.0252590179443359
-0.3436279296875 -0.023040771484375 -0.086578369140625 -0.02435302734375
-0.3243408203125 0.00198364257812507 -0.1357421875 -0.0669326782226563
-0.29364013671875 0.051910400390625 -0.139968872070313 -0.0736007690429688
-0.22210693359375 0.171249389648437 -0.115455627441406 -0.060821533203125
-0.2132568359375 0.2010498046875 -0.125740051269531 -0.07867431640625
-0.124526977539062 0.267288208007813 -0.110397338867188 -0.0852737426757812
-0.0588226318359375 0.267669677734375 -0.13751220703125 -0.143630981445312
-0.05242919921875 0.269119262695313 0.161941528320313 0.181716918945313
-0.063201904296875 0.2431640625 0.150802612304688 0.148666381835938
-0.16558837890625 0.207382202148437 0.128204345703125 0.0553665161132813
-0.207000732421875 0.140304565429688 0.164291381835938 0.07354736328125
-0.250823974609375 0.0583038330078125 0.192123413085937 0.0479278564453125
-0.308349609375 0.036163330078125 0.206619262695312 0.0433807373046875
-0.299652099609375 0.016204833984375 0.181503295898437 0.033721923828125
-0.285858154296875 -0.0372619628906249 0.125343322753906 0.00457000732421875
-0.3260498046875 -0.0129394531250001 0.0263290405273437 -0.05328369140625
-0.30767822265625 0.0184936523437499 -0.0516433715820313 -0.102096557617188
-0.279891967773438 0.06915283203125 -0.109550476074219 -0.108085632324219
-0.205917358398437 0.182525634765625 -0.122932434082031 -0.0636978149414062
-0.198013305664062 0.212692260742188 -0.149551391601563 -0.042999267578125
-0.106643676757812 0.269699096679687 -0.12091064453125 -0.00970458984375
-0.05181884765625 0.264007568359375 -0.151321411132813 -0.04290771484375
-0.048431396484375 0.196670532226562 0.150146484375 0.2552490234375
-0.058685302734375 0.173934936523438 0.123397827148438 0.197189331054688
-0.132850646972656 0.131881713867188 0.0991058349609375 0.078125
-0.15264892578125 0.0828857421875 0.138313293457031 0.0755767822265625
-0.181289672851563 0.024993896484375 0.2001953125 0.0403594970703125
-0.232803344726563 0.0132598876953125 0.259445190429688 0.0232696533203125
-0.227157592773437 0.004791259765625 0.273483276367187 0.00909423828125
-0.223052978515625 -0.0258636474609375 0.225067138671875 -0.0178985595703125
-0.255569458007813 -0.00486755371093753 0.12359619140625 -0.0851821899414063
-0.235504150390625 0.0247802734375 0.0198516845703125 -0.137741088867188
-0.212356567382813 0.0635833740234375 -0.0813446044921875 -0.136970520019531
-0.152755737304687 0.151611328125 -0.124603271484375 -0.0649642944335937
-0.1475830078125 0.177017211914063 -0.159332275390625 -0.0073089599609375
-0.0738983154296875 0.219635009765625 -0.123214721679688 0.0631027221679688
-0.038787841796875 0.213302612304688 -0.157623291015625 0.0500335693359375
-0.035675048828125 0.100364685058594 0.136138916015625 0.303466796875
-0.0376052856445313 0.0943756103515625 0.09429931640625 0.220809936523438
-0.0767898559570312 0.0589675903320313 0.0698776245117188 0.088836669921875
-0.0784759521484375 0.0364761352539062 0.112449645996094 0.0733108520507813
-0.0925674438476562 0.00580596923828125 0.196563720703125 0.040069580078125
-0.131240844726563 0.000335693359375006 0.28973388671875 0.018798828125
-0.124382019042969 -0.00117492675781251 0.33599853515625 -0.0045166015625
-0.125717163085937 -0.011932373046875 0.29290771484375 -0.0380859375
-0.144821166992188 -0.000244140625000012 0.188858032226563 -0.11468505859375
-0.128486633300781 0.016937255859375 0.0671234130859375 -0.166580200195313
-0.115501403808594 0.037078857421875 -0.063385009765625 -0.15606689453125
-0.0811386108398438 0.0869064331054687 -0.126579284667969 -0.0640640258789063
-0.0799026489257812 0.102653503417969 -0.161758422851563 0.01873779296875
-0.035858154296875 0.125724792480469 -0.122261047363281 0.114921569824219
-0.0263900756835937 0.125648498535156 -0.16204833984375 0.118927001953125
-0.0213909149169922 0.00095176696777344 0.111770629882813 -0.153091430664063
0.00702714920043945 -0.0048670768737793 0.107307434082031 -0.139778137207031
-0.0024261474609375 -0.0103492736816406 0.120712280273437 -0.0443115234375
-0.00780916213989258 0.000951290130615234 0.128135681152344 0.0532989501953125
-0.00481462478637695 -0.00344991683959961 0.0544891357421875 0.144943237304687
0.00435066223144531 -0.015019416809082 -0.0608978271484375 0.182052612304687
0.0018310546875 -0.00811767578125 -0.2059326171875 0.142654418945312
0.00588417053222656 -0.0110054016113281 -0.2955322265625 0.0741271972656251
0.0157022476196289 -0.00177192687988281 -0.337554931640625 0.030426025390625
0.0106058120727539 -0.00764369964599609 -0.293212890625 -0.01123046875
0.0190563201904297 -0.00262451171875 -0.1768798828125 -0.00286865234375004
0.0178699493408203 -0.00176048278808594 -0.075714111328125 -0.0364456176757812
0.0106792449951172 -0.00787162780761719 -0.0410842895507813 -0.107322692871094
0.0115232467651367 -0.0120162963867188 -0.0826263427734375 -0.201797485351563
-0.00130748748779297 -0.0145397186279297 -0.12384033203125 -0.323333740234375
-0.0165557861328125 0.123336791992188 0.119888305664063 -0.138946533203125
0.000564575195312508 0.111907958984375 0.120262145996094 -0.123100280761719
-0.0508041381835938 0.107376098632813 0.125007629394531 -0.0464553833007812
-0.08282470703125 0.0855560302734375 0.142959594726563 0.05316162109375
-0.105667114257812 0.0453414916992188 0.0709228515625 0.135887145996094
-0.119491577148438 0.024932861328125 -0.0440826416015625 0.179275512695313
-0.123573303222656 0.0161361694335938 -0.1822509765625 0.148223876953125
-0.111663818359375 -0.01739501953125 -0.271133422851563 0.07818603515625
-0.111213684082031 -0.00577545166015626 -0.324432373046875 0.032562255859375
-0.0965423583984375 -0.0109481811523438 -0.287933349609375 -0.0103149414062501
-0.0737152099609375 0.001129150390625 -0.175888061523437 -0.006988525390625
-0.053375244140625 0.0350074768066406 -0.0760116577148438 -0.04052734375
-0.0578880310058594 0.0432319641113281 -0.0443191528320313 -0.107994079589844
-0.034454345703125 0.0702438354492188 -0.0790863037109375 -0.19842529296875
-0.020233154296875 0.0783233642578125 -0.121429443359375 -0.3193359375
-0.0133819580078125 0.2242431640625 0.135108947753906 -0.08721923828125
-0.00579833984374999 0.20977783203125 0.139045715332031 -0.0778274536132812
-0.0907745361328125 0.20733642578125 0.13507080078125 -0.038665771484375
-0.1451416015625 0.159423828125 0.162490844726563 0.05084228515625
-0.191970825195313 0.0897216796875 0.101814270019531 0.112388610839844
-0.227615356445313 0.0631103515625 0.00166320800781249 0.153076171875
-0.2283935546875 0.037750244140625 -0.119224548339844 0.132034301757813
-0.212188720703125 -0.0207672119140625 -0.20330810546875 0.0703582763671875
-0.224227905273438 -0.00643920898437503 -0.27532958984375 0.0276336669921875
-0.200302124023438 -0.00729370117187501 -0.263031005859375 -0.0098876953125
-0.167648315429688 0.01409912109375 -0.174545288085938 -0.01513671875
-0.124580383300781 0.0828170776367188 -0.0874176025390625 -0.0447616577148438
-0.123771667480469 0.102806091308594 -0.066253662109375 -0.106193542480469
-0.07452392578125 0.15228271484375 -0.08685302734375 -0.179122924804688
-0.0341339111328125 0.16534423828125 -0.127288818359375 -0.283935546875
-0.015533447265625 0.2877197265625 0.155120849609375 -0.0117645263671875
-0.01580810546875 0.270095825195313 0.159378051757813 -0.011199951171875
-0.123641967773438 0.266326904296875 0.143905639648438 -0.0169525146484375
-0.19061279296875 0.204330444335937 0.178970336914063 0.0490264892578125
-0.253677368164063 0.115386962890625 0.138229370117187 0.0818328857421875
-0.302978515625 0.08624267578125 0.0651626586914062 0.112777709960938
-0.299163818359375 0.051177978515625 -0.0287094116210938 0.100082397460938
-0.281890869140625 -0.02105712890625 -0.104400634765625 0.0518341064453125
-0.308441162109375 -0.000976562500000029 -0.192626953125 0.0128936767578125
-0.284454345703125 0.00805664062500006 -0.211563110351563 -0.0233917236328125
-0.24871826171875 0.0428314208984375 -0.163284301757813 -0.0323028564453125
-0.181838989257812 0.1400146484375 -0.10394287109375 -0.049041748046875
-0.174026489257813 0.168197631835938 -0.0981674194335938 -0.0930709838867188
-0.098114013671875 0.22784423828125 -0.101982116699219 -0.138710021972656
-0.040435791015625 0.233139038085938 -0.138168334960937 -0.220352172851563
-0.020843505859375 0.3031005859375 0.16815185546875 0.079681396484375
-0.02935791015625 0.280029296875 0.1685791015625 0.065277099609375
-0.144119262695313 0.271270751953125 0.143966674804688 0.0147247314453125
-0.207855224609375 0.20147705078125 0.182815551757813 0.053192138671875
-0.271316528320313 0.110748291015625 0.17205810546875 0.0511016845703125
-0.329925537109375 0.0848388671875001 0.139122009277344 0.0642318725585938
-0.32293701171875 0.0515441894531251 0.0781707763671875 0.0585250854492187
-0.30743408203125 -0.0186767578125 0.0106315612792969 0.0256004333496094
-0.34503173828125 0.00848388671875005 -0.087860107421875 -0.0147933959960938
-0.323089599609375 0.02923583984375 -0.139755249023438 -0.052490234375
-0.28955078125 0.073974609375 -0.143218994140625 -0.0612945556640625
-0.205337524414062 0.187469482421875 -0.119010925292969 -0.0520553588867187
-0.194244384765625 0.2186279296875 -0.129776000976563 -0.0657424926757812
-0.100631713867188 0.2763671875 -0.114501953125 -0.075927734375
-0.0369720458984375 0.270965576171875 -0.147674560546875 -0.1318359375
-0.0291900634765625 0.270278930664063 0.173843383789063 0.168746948242188
-0.041900634765625 0.2435302734375 0.161407470703125 0.135238647460938
-0.146438598632813 0.221511840820313 0.128761291503906 0.0475997924804688
-0.19232177734375 0.1572265625 0.16851806640625 0.059783935546875
-0.243194580078125 0.0787811279296875 0.193817138671875 0.030609130859375
-0.302490234375 0.062530517578125 0.206588745117187 0.0245361328125
-0.29644775390625 0.0405883789062501 0.183486938476562 0.0180816650390625
-0.287353515625 -0.0128173828125001 0.124992370605469 -0.00499725341796875
-0.326019287109375 0.0165100097656251 0.0226936340332031 -0.0531234741210938
-0.30615234375 0.0439453125 -0.0588455200195313 -0.0945968627929688
-0.274627685546875 0.0908660888671875 -0.115501403808594 -0.09765625
-0.189285278320312 0.197784423828125 -0.127082824707031 -0.0536956787109375
-0.177505493164063 0.229537963867188 -0.1505126953125 -0.02777099609375
-0.0834808349609375 0.277801513671875 -0.117988586425781 -0.000343322753906257
-0.0299072265625 0.265914916992188 -0.152389526367187 -0.0316314697265625
-0.0316619873046875 0.1983642578125 0.167739868164063 0.242279052734375
-0.0434112548828125 0.175521850585937 0.13836669921875 0.185287475585938
-0.120376586914063 0.144439697265625 0.101806640625 0.0714950561523438
-0.14337158203125 0.09381103515625 0.142959594726562 0.0640411376953125
-0.176132202148438 0.038970947265625 0.201004028320313 0.0234375
-0.229507446289062 0.0330047607421875 0.257965087890625 0.000778198242187502
-0.225921630859375 0.023590087890625 0.272308349609375 -0.0146942138671875
-0.223556518554688 -0.00711059570312497 0.222381591796875 -0.0370330810546875
-0.2552490234375 0.01800537109375 0.116256713867187 -0.0944976806640625
-0.234161376953125 0.0442047119140625 0.0104751586914063 -0.136642456054688
-0.208404541015625 0.0804443359375 -0.09039306640625 -0.128669738769531
-0.1395263671875 0.162811279296875 -0.128929138183594 -0.0543212890625
-0.131851196289063 0.190414428710938 -0.157379150390625 0.008758544921875
-0.0548858642578125 0.224609375 -0.114456176757812 0.0719451904296875
-0.0205535888671875 0.215087890625 -0.150726318359375 0.0608978271484375
-0.0273971557617187 0.102325439453125 0.158355712890625 0.289825439453125
-0.0286941528320313 0.0959014892578125 0.111114501953125 0.211013793945313
-0.0719680786132813 0.0659713745117187 0.0736083984375 0.0840301513671875
-0.0746612548828125 0.04144287109375 0.11724853515625 0.0649566650390625
-0.0906906127929688 0.0128555297851562 0.197402954101563 0.023712158203125
-0.128768920898438 0.01171875 0.28680419921875 -0.006805419921875
-0.123550415039062 0.00897216796874998 0.333343505859375 -0.03466796875
-0.125732421875 -0.00112915039062502 0.287841796875 -0.0626220703125
-0.144561767578125 0.0130767822265625 0.180099487304688 -0.130035400390625
-0.127616882324219 0.0277099609375 0.0557403564453125 -0.16986083984375
-0.112319946289062 0.0466079711914063 -0.07330322265625 -0.148727416992188
-0.0734786987304687 0.0932998657226563 -0.1298828125 -0.053192138671875
-0.0703048706054687 0.109123229980469 -0.157028198242188 0.0340423583984375
-0.0255508422851563 0.128440856933594 -0.109405517578125 0.12347412109375
-0.0149917602539062 0.126815795898437 -0.149261474609375 0.129745483398437
-0.0205154418945313 0.00362586975097657 0.0992431640625 -0.150924682617187
0.00650215148925781 -0.00537729263305664 0.09423828125 -0.139884948730469
-0.00302314758300781 -0.0104160308837891 0.114288330078125 -0.0484237670898437
-0.0063929557800293 0.00174474716186523 0.125572204589844 0.0438003540039063
-0.00372529029846191 -0.00326991081237793 0.0602035522460938 0.13482666015625
0.00271797180175781 -0.0152568817138672 -0.0489349365234375 0.178787231445313
3.81469726562466E-06 -0.00743198394775391 -0.190414428710937 0.151931762695313
0.00449752807617188 -0.010554313659668 -0.28057861328125 0.0917510986328125
0.0153465270996094 -0.00246238708496094 -0.32421875 0.0499267578125001
0.0100536346435547 -0.00762557983398438 -0.28369140625 0.00656127929687505
0.0176429748535156 -0.00439453125 -0.1688232421875 0.00549316406250002
0.0169954299926758 -0.00347042083740234 -0.0737762451171875 -0.0330810546875
0.00996112823486328 -0.00788021087646484 -0.0429840087890625 -0.102622985839844
0.0107583999633789 -0.0114765167236328 -0.0901641845703125 -0.190811157226563
-0.00231361389160156 -0.0132865905761719 -0.13623046875 -0.304473876953125
-0.00928497314453124 0.121269226074219 0.108146667480469 -0.136650085449219
0.00624084472656251 0.107040405273437 0.108024597167969 -0.125434875488281
-0.0426101684570312 0.107040405273438 0.117904663085938 -0.0506820678710937
-0.073883056640625 0.0882492065429687 0.140350341796875 0.0415191650390625
-0.099517822265625 0.0498123168945312 0.07501220703125 0.125015258789063
-0.115615844726562 0.0304031372070312 -0.03289794921875 0.175628662109375
-0.118995666503906 0.0221176147460937 -0.168045043945313 0.154800415039062
-0.108940124511719 -0.00995635986328123 -0.255905151367187 0.0925445556640625
-0.107398986816406 0.00170898437500001 -0.311370849609375 0.0510253906250001
-0.0950469970703125 -0.00511932373046876 -0.278366088867188 0.00820922851562495
-0.0716400146484375 0.00321960449218749 -0.169036865234375 0.00215148925781253
-0.0492897033691406 0.0359611511230469 -0.07489013671875 -0.0373458862304688
-0.0529212951660156 0.0453681945800781 -0.04693603515625 -0.102241516113281
-0.0286865234375 0.070556640625 -0.0852813720703125 -0.187698364257813
-0.0153961181640625 0.0775375366210938 -0.134674072265625 -0.300079345703125
1.33334024623101E-17 0.217758178710938 0.125953674316406 -0.0901641845703125
0.00592041015625 0.20111083984375 0.129302978515625 -0.0822982788085937
-0.0750732421875 0.206878662109375 0.1268310546875 -0.0419235229492187
-0.130645751953125 0.163253784179688 0.1591796875 0.03826904296875
-0.18145751953125 0.0978851318359375 0.103965759277344 0.101348876953125
-0.217422485351563 0.073272705078125 0.00886535644531247 0.147857666015625
-0.220184326171875 0.0499420166015625 -0.108444213867188 0.136306762695312
-0.207427978515625 -0.00857543945312497 -0.191207885742188 0.0811614990234375
-0.217941284179687 0.00791931152343745 -0.263442993164062 0.044891357421875
-0.195159912109375 0.00482177734375003 -0.253036499023437 0.00694274902343749
-0.16241455078125 0.0214691162109375 -0.167251586914063 -0.00602722167968753
-0.114639282226563 0.0855255126953125 -0.0861358642578125 -0.0407791137695312
-0.11236572265625 0.105850219726562 -0.0673599243164063 -0.0983428955078125
-0.062347412109375 0.151809692382813 -0.09259033203125 -0.169357299804688
-0.0250244140625 0.16156005859375 -0.137985229492188 -0.267959594726562
0.00190734863281248 0.278778076171875 0.148605346679688 -0.0169219970703125
-7.62939453125089E-05 0.258834838867188 0.15264892578125 -0.0191192626953125
-0.102432250976563 0.268112182617188 0.136024475097656 -0.020294189453125
-0.172149658203125 0.208999633789063 0.174896240234375 0.037109375
-0.238479614257813 0.125595092773438 0.136985778808594 0.069671630859375
-0.28936767578125 0.099884033203125 0.067962646484375 0.104995727539062
-0.28802490234375 0.066680908203125 -0.0209579467773438 0.0999069213867188
-0.273880004882812 -0.00584411621093754 -0.09637451171875 0.0568313598632812
-0.298675537109375 0.01812744140625 -0.185302734375 0.025634765625
-0.274627685546875 0.0236053466796875 -0.204437255859375 -0.00819396972656247
-0.238983154296875 0.0541381835937501 -0.157913208007813 -0.0226287841796875
-0.165802001953125 0.143692016601562 -0.102584838867188 -0.042388916015625
-0.157791137695312 0.172286987304688 -0.0975494384765625 -0.08380126953125
-0.0808563232421875 0.2265625 -0.104537963867188 -0.129417419433594
-0.0274200439453125 0.227706909179688 -0.145111083984375 -0.204132080078125
-0.00244140625000003 0.292755126953125 0.1669921875 0.0701446533203125
-0.0126190185546875 0.26983642578125 0.165725708007813 0.0543212890625
-0.122329711914062 0.272598266601563 0.137466430664063 0.0101547241210938
-0.188140869140625 0.207107543945313 0.179428100585938 0.0410614013671875
-0.255996704101562 0.121368408203125 0.168319702148437 0.0392608642578125
-0.3135986328125 0.101226806640625 0.1357421875 0.05401611328125
-0.311370849609375 0.06884765625 0.0793838500976562 0.0531158447265625
-0.299285888671875 -0.000915527343749972 0.0128631591796875 0.0245037078857422
-0.333892822265625 0.02972412109375 -0.0849761962890625 -0.00722503662109375
-0.312835693359375 0.0469970703124999 -0.136116027832031 -0.0406875610351563
-0.27789306640625 0.0875091552734376 -0.139892578125 -0.051666259765625
-0.18743896484375 0.19189453125 -0.117652893066406 -0.0440597534179687
-0.174026489257812 0.223480224609375 -0.126724243164063 -0.0540237426757813
-0.080474853515625 0.273208618164063 -0.111961364746094 -0.0676651000976562
-0.0216827392578125 0.26373291015625 -0.148605346679688 -0.119369506835937
-0.0120697021484375 0.26202392578125 0.175994873046875 0.155014038085938
-0.025970458984375 0.234359741210938 0.1632080078125 0.121994018554688
-0.126922607421875 0.224945068359375 0.12408447265625 0.0419464111328125
-0.175811767578125 0.163040161132812 0.167083740234375 0.0489501953125
-0.230316162109375 0.0882110595703125 0.1881103515625 0.0189666748046875
-0.28826904296875 0.0777587890625 0.198806762695313 0.01165771484375
-0.285888671875 0.0562133789062501 0.178924560546875 0.00677490234375
-0.27978515625 0.00355529785156253 0.121269226074219 -0.0118179321289062
-0.31524658203125 0.0361328125 0.0201873779296875 -0.0507469177246094
-0.29461669921875 0.0603027343749999 -0.0597000122070313 -0.0858917236328125
-0.262527465820313 0.102615356445313 -0.114959716796875 -0.0876693725585938
-0.171005249023438 0.20166015625 -0.125373840332031 -0.0447921752929688
-0.158706665039063 0.233230590820312 -0.144332885742188 -0.016387939453125
-0.0640106201171875 0.273880004882813 -0.112091064453125 0.00602722167968751
-0.0152740478515625 0.257598876953125 -0.148300170898437 -0.02362060546875
-0.01971435546875 0.1929931640625 0.175308227539063 0.22576904296875
-0.0310821533203125 0.169509887695313 0.14276123046875 0.171600341796875
-0.106979370117188 0.14788818359375 0.0988845825195313 0.0664138793945313
-0.132179260253906 0.0994110107421875 0.14111328125 0.054595947265625
-0.167190551757813 0.0463409423828125 0.194412231445313 0.01123046875
-0.218460083007813 0.0454559326171875 0.246566772460937 -0.0145111083984375
-0.217193603515625 0.036041259765625 0.263015747070313 -0.0302734375
-0.216995239257813 0.00537109374999998 0.212615966796875 -0.0484619140625
-0.24639892578125 0.033538818359375 0.108940124511719 -0.0960845947265625
-0.22503662109375 0.0561676025390625 0.004608154296875 -0.131065368652344
-0.198638916015625 0.0895843505859375 -0.091949462890625 -0.119049072265625
-0.125152587890625 0.165908813476563 -0.126976013183594 -0.045501708984375
-0.11572265625 0.192108154296875 -0.1497802734375 0.0201416015625
-0.0400848388671875 0.221588134765625 -0.104293823242188 0.0744171142578125
-0.00907897949218748 0.208465576171875 -0.14166259765625 0.0646209716796875
-0.020721435546875 0.0995635986328125 0.167556762695312 0.27288818359375
-0.021240234375 0.0927810668945313 0.119064331054688 0.19775390625
-0.0657844543457031 0.0693130493164063 0.0728683471679688 0.0785675048828125
-0.0690994262695312 0.0443992614746094 0.116157531738281 0.055511474609375
-0.0855941772460938 0.0162887573242187 0.190444946289063 0.011505126953125
-0.123756408691406 0.0184402465820313 0.275405883789063 -0.0232086181640625
-0.12005615234375 0.0159149169921875 0.3204345703125 -0.054107666015625
-0.121467590332031 0.00534820556640626 0.27410888671875 -0.07830810546875
-0.13946533203125 0.0215682983398438 0.168060302734375 -0.135604858398438
-0.122604370117188 0.0342636108398437 0.0471343994140625 -0.166702270507813
-0.107719421386719 0.051910400390625 -0.0764083862304688 -0.139625549316406
-0.0655517578125 0.0938796997070313 -0.127586364746094 -0.0438385009765625
-0.0618820190429688 0.110458374023437 -0.148727416992188 0.0439453125
-0.0176315307617188 0.126152038574219 -0.0964584350585937 0.123870849609375
-0.00704956054687499 0.123062133789063 -0.135643005371094 0.129890441894531
-0.0188026428222656 0.00533866882324219 0.0951385498046875 -0.146636962890625
0.00634288787841797 -0.00647449493408203 0.0876235961914063 -0.138572692871094
-0.00416183471679688 -0.0100889205932617 0.110015869140625 -0.0505905151367187
-0.00479412078857422 0.00159549713134766 0.123283386230469 0.0384292602539062
-0.00281834602355957 -0.00296306610107422 0.0604400634765625 0.12872314453125
0.00141716003417969 -0.0142393112182617 -0.04345703125 0.1748046875
-3.33786010742112E-06 -0.00732088088989258 -0.181976318359375 0.15533447265625
0.00489902496337891 -0.0101556777954102 -0.269393920898438 0.0983428955078125
0.0148334503173828 -0.00324821472167969 -0.31512451171875 0.0577392578125
0.00892448425292969 -0.00700283050537109 -0.277389526367188 0.014129638671875
0.0163211822509766 -0.00512123107910156 -0.1649169921875 0.00759887695312502
0.0161447525024414 -0.004119873046875 -0.0716934204101563 -0.0334091186523438
0.00950050354003906 -0.00727558135986328 -0.04296875 -0.100929260253906
0.0107517242431641 -0.0105972290039063 -0.09222412109375 -0.185134887695313
-0.00189304351806641 -0.0120754241943359 -0.139129638671875 -0.2935791015625
-0.00559234619140624 0.120246887207031 0.104667663574219 -0.133720397949219
0.009185791015625 0.102798461914063 0.101821899414062 -0.124595642089844
-0.0386199951171875 0.106544494628906 0.114410400390625 -0.0514450073242187
-0.069305419921875 0.0885772705078125 0.1375732421875 0.0368576049804688
-0.0955657958984375 0.0509796142578125 0.075347900390625 0.118537902832031
-0.11309814453125 0.0336074829101563 -0.0286102294921875 0.17071533203125
-0.116744995117188 0.0252838134765625 -0.160140991210938 0.157699584960937
-0.107452392578125 -0.00667572021484376 -0.245559692382813 0.0988922119140625
-0.10565185546875 0.005218505859375 -0.301788330078125 0.0590515136718751
-0.0931320190429687 -0.00127410888671877 -0.271011352539063 0.0170440673828125
-0.0715560913085938 0.00475311279296876 -0.16351318359375 0.0038604736328125
-0.0465278625488281 0.0356559753417969 -0.0731048583984375 -0.0368423461914062
-0.0499114990234375 0.0457038879394531 -0.046112060546875 -0.0994338989257813
-0.025482177734375 0.0698738098144531 -0.0873260498046875 -0.182037353515625
-0.0134429931640625 0.0768356323242188 -0.137054443359375 -0.2896728515625
0.00651550292968752 0.213775634765625 0.123062133789062 -0.0873260498046875
0.01055908203125 0.194808959960938 0.124473571777344 -0.0834579467773437
-0.0666656494140625 0.205123901367188 0.122901916503906 -0.0418548583984375
-0.122314453125 0.164215087890625 0.15618896484375 0.0329437255859375
-0.175674438476563 0.100311279296875 0.102058410644531 0.0951309204101563
-0.212722778320312 0.0782318115234375 0.010711669921875 0.14398193359375
-0.215347290039063 0.0549163818359375 -0.101730346679688 0.137557983398438
-0.203414916992188 -0.00323486328125 -0.182693481445312 0.0845489501953125
-0.213027954101562 0.01495361328125 -0.255523681640625 0.052154541015625
-0.190750122070313 0.00973510742187504 -0.246917724609375 0.014892578125
-0.159469604492188 0.0240020751953125 -0.16229248046875 -0.00292968750000003
-0.108863830566406 0.0847549438476563 -0.08404541015625 -0.0392913818359375
-0.10601806640625 0.106491088867187 -0.065673828125 -0.09478759765625
-0.055511474609375 0.150360107421875 -0.0926361083984375 -0.163131713867188
-0.0211639404296875 0.15850830078125 -0.14013671875 -0.257843017578125
0.0092620849609375 0.273056030273438 0.14630126953125 -0.017333984375
0.006591796875 0.25146484375 0.14874267578125 -0.0220794677734375
-0.091766357421875 0.266311645507813 0.132301330566406 -0.020355224609375
-0.16070556640625 0.209274291992188 0.171539306640625 0.031219482421875
-0.23052978515625 0.129257202148438 0.134407043457031 0.063629150390625
-0.280792236328125 0.105911254882812 0.0672988891601562 0.10076904296875
-0.28179931640625 0.073394775390625 -0.017333984375 0.0995025634765625
-0.268951416015625 0.00155639648437505 -0.091583251953125 0.059112548828125
-0.291748046875 0.027587890625 -0.17901611328125 0.0314483642578125
-0.269287109375 0.03106689453125 -0.199020385742188 -0.00115966796874999
-0.233718872070313 0.058074951171875 -0.1533203125 -0.0196380615234375
-0.157989501953125 0.144317626953125 -0.100418090820313 -0.0404052734375
-0.14862060546875 0.17315673828125 -0.0947723388671875 -0.0787887573242187
-0.0718536376953125 0.223785400390625 -0.102996826171875 -0.124427795410156
-0.0224151611328125 0.223434448242188 -0.145965576171875 -0.197372436523438
0.00537109374999999 0.286651611328125 0.165725708007813 0.0667266845703125
-0.00512695312499999 0.260894775390625 0.16357421875 0.0500335693359375
-0.110595703125 0.271316528320313 0.1337890625 0.0105056762695313
-0.1773681640625 0.208160400390625 0.175689697265625 0.0354156494140625
-0.248016357421875 0.12518310546875 0.164138793945312 0.0338287353515625
-0.30462646484375 0.1070556640625 0.132637023925781 0.0499191284179688
-0.303680419921875 0.0758056640625 0.0803604125976562 0.0506820678710938
-0.293365478515625 0.00665283203124998 0.0149059295654297 0.0241966247558594
-0.326202392578125 0.0397338867187501 -0.0816802978515625 -0.00299072265624999
-0.305816650390625 0.05438232421875 -0.132026672363281 -0.03448486328125
-0.271041870117188 0.0926361083984375 -0.136390686035156 -0.0478439331054688
-0.17767333984375 0.191513061523438 -0.114921569824219 -0.040496826171875
-0.163955688476563 0.223495483398437 -0.122184753417969 -0.048065185546875
-0.07012939453125 0.270172119140625 -0.109542846679687 -0.0643692016601563
-0.016815185546875 0.25762939453125 -0.147598266601562 -0.11383056640625
-0.00549316406250002 0.255966186523438 0.176666259765625 0.149505615234375
-0.01922607421875 0.226943969726563 0.162551879882813 0.116104125976563
-0.116531372070312 0.225021362304688 0.121238708496094 0.0423507690429688
-0.165756225585938 0.163406372070313 0.163543701171875 0.04364013671875
-0.223037719726563 0.0911865234375 0.18255615234375 0.01385498046875
-0.279495239257813 0.08349609375 0.192047119140625 0.00697326660156251
-0.279022216796875 0.0631866455078125 0.176300048828125 0.0026702880859375
-0.274169921875 0.00941467285156249 0.119796752929687 -0.0143814086914062
-0.3084716796875 0.045135498046875 0.0195770263671875 -0.0487823486328125
-0.28802490234375 0.0674133300781249 -0.0584182739257813 -0.081024169921875
-0.256744384765625 0.107467651367188 -0.112495422363281 -0.0830154418945312
-0.161911010742188 0.201416015625 -0.122795104980469 -0.0410308837890625
-0.148422241210937 0.233016967773438 -0.138771057128906 -0.00988006591796872
-0.054443359375 0.270263671875 -0.107078552246094 0.0070037841796875
-0.00933837890624998 0.252517700195313 -0.1455078125 -0.02117919921875
-0.01422119140625 0.188446044921875 0.176651000976563 0.21820068359375
-0.02496337890625 0.163726806640625 0.14398193359375 0.165084838867188
-0.10003662109375 0.148712158203125 0.0957183837890625 0.0655059814453125
-0.125617980957031 0.100074768066406 0.138336181640625 0.0502471923828125
-0.162109375 0.0479888916015625 0.189254760742188 0.006317138671875
-0.21270751953125 0.04962158203125 0.239028930664062 -0.020538330078125
-0.213134765625 0.04144287109375 0.256576538085938 -0.0375213623046875
-0.212615966796875 0.00994873046875 0.207656860351563 -0.0526275634765625
-0.24114990234375 0.0406341552734375 0.105415344238281 -0.096343994140625
-0.22021484375 0.060943603515625 0.00411224365234373 -0.127189636230469
-0.193572998046875 0.0931549072265625 -0.0904159545898438 -0.1142578125
-0.118743896484375 0.165313720703125 -0.124305725097656 -0.04052734375
-0.108551025390625 0.191665649414063 -0.143295288085938 0.0255584716796875
-0.0321197509765625 0.21881103515625 -0.0981597900390625 0.0740203857421875
-0.00320434570312501 0.203826904296875 -0.136322021484375 0.06396484375
-0.0184326171875 0.097869873046875 0.170578002929688 0.263015747070313
-0.0176315307617187 0.0888519287109375 0.11993408203125 0.19097900390625
-0.0625076293945313 0.0712738037109375 0.0695877075195313 0.0781402587890625
-0.066375732421875 0.0448646545410156 0.11346435546875 0.0516891479492188
-0.0825881958007813 0.016571044921875 0.185073852539063 0.006378173828125
-0.119956970214844 0.0209808349609375 0.266632080078125 -0.02978515625
-0.118148803710937 0.0187606811523438 0.31146240234375 -0.062713623046875
-0.118980407714844 0.00831604003906248 0.266143798828125 -0.084381103515625
-0.136550903320313 0.0248031616210938 0.162445068359375 -0.137039184570313
-0.1195068359375 0.0368576049804687 0.0453033447265625 -0.163726806640625
-0.105308532714844 0.0539779663085938 -0.0758514404296875 -0.134407043457031
-0.0626373291015625 0.0934906005859375 -0.124778747558594 -0.0391845703125
-0.0570144653320312 0.110130310058594 -0.141921997070313 0.0489501953125
-0.012939453125 0.124488830566406 -0.089447021484375 0.12200927734375
-0.00367736816406251 0.119972229003906 -0.129562377929687 0.126899719238281
-0.0178260803222656 0.00767326354980469 0.09429931640625 -0.147384643554688
0.00635576248168945 -0.00726699829101563 0.0841217041015625 -0.140670776367188
-0.00533866882324219 -0.0100431442260742 0.110176086425781 -0.053680419921875
-0.00388312339782715 0.00167393684387207 0.123992919921875 0.0344085693359375
-0.00210046768188477 -0.00334620475769043 0.061737060546875 0.127006530761719
0.00117301940917969 -0.0133142471313477 -0.0413970947265625 0.175994873046875
-1.3828277587891E-05 -0.00632715225219726 -0.179183959960938 0.162017822265625
0.00479412078857422 -0.00929641723632813 -0.265853881835938 0.105941772460938
0.0149269104003906 -0.00370597839355469 -0.314056396484375 0.066375732421875
0.00901699066162109 -0.00632667541503906 -0.2786865234375 0.0224761962890625
0.0149850845336914 -0.00553226470947266 -0.165985107421875 0.0098876953125
0.0156841278076172 -0.00527477264404297 -0.0722198486328125 -0.03472900390625
0.00970935821533203 -0.00784778594970703 -0.044281005859375 -0.102638244628906
0.0105247497558594 -0.0105495452880859 -0.096466064453125 -0.185455322265625
-0.00223445892333984 -0.0112514495849609 -0.144744873046875 -0.29217529296875
-0.00177764892578125 0.122344970703125 0.1051025390625 -0.134437561035156
0.0116653442382813 0.102043151855469 0.0993804931640625 -0.127830505371094
-0.0361557006835937 0.108749389648438 0.114036560058594 -0.0540847778320312
-0.0661544799804688 0.0909194946289063 0.138908386230469 0.032501220703125
-0.0954132080078125 0.0535736083984375 0.076141357421875 0.116287231445312
-0.113555908203125 0.0372467041015625 -0.0268707275390625 0.172088623046875
-0.117630004882813 0.0295791625976563 -0.156204223632813 0.164031982421875
-0.108558654785156 -0.00370788574218751 -0.241241455078125 0.105606079101562
-0.106002807617188 0.00852203369140624 -0.30157470703125 0.0684509277343751
-0.094268798828125 0.00121307373046876 -0.271804809570312 0.024993896484375
-0.0728302001953125 0.00545501708984374 -0.16412353515625 0.00610351562500001
-0.0456428527832031 0.0358543395996094 -0.073028564453125 -0.0378265380859375
-0.0482292175292969 0.0473365783691406 -0.0469741821289063 -0.100761413574219
-0.0226211547851563 0.0707855224609375 -0.0908660888671875 -0.181564331054688
-0.0123214721679687 0.0788345336914063 -0.14312744140625 -0.28857421875
0.012481689453125 0.21630859375 0.12384033203125 -0.0885848999023437
0.014984130859375 0.19384765625 0.123863220214844 -0.0865478515625
-0.0611419677734375 0.209716796875 0.123573303222656 -0.0437164306640625
-0.118316650390625 0.168411254882813 0.15753173828125 0.0280303955078125
-0.174835205078125 0.10479736328125 0.103561401367187 0.0918731689453125
-0.212493896484375 0.0835418701171875 0.0121307373046875 0.145004272460938
-0.216644287109375 0.0618743896484375 -0.097808837890625 0.141586303710938
-0.205322265625 0.00231933593750004 -0.179092407226563 0.090118408203125
-0.214370727539063 0.0217437744140625 -0.254592895507813 0.060516357421875
-0.192276000976563 0.0147247314453125 -0.246536254882812 0.022003173828125
-0.161346435546875 0.027740478515625 -0.162857055664063 -0.00128173828124996
-0.106826782226563 0.087005615234375 -0.0845870971679688 -0.0394515991210937
-0.103012084960938 0.109710693359375 -0.0654983520507813 -0.0940170288085938
-0.0504608154296875 0.152587890625 -0.0959320068359375 -0.162933349609375
-0.0187225341796875 0.160964965820313 -0.145584106445313 -0.256881713867188
0.0166778564453125 0.274459838867188 0.149093627929688 -0.01873779296875
0.0122833251953125 0.250045776367188 0.14996337890625 -0.0254974365234375
-0.0839691162109375 0.270904541015625 0.133193969726563 -0.0206527709960937
-0.155105590820312 0.214370727539063 0.172927856445313 0.0266876220703125
-0.229568481445312 0.134521484375 0.134956359863281 0.0605392456054688
-0.280471801757813 0.112655639648437 0.0682907104492187 0.100395202636719
-0.282867431640625 0.0817260742187499 -0.0137557983398438 0.101112365722656
-0.271347045898438 0.00801086425781253 -0.0880966186523438 0.0619277954101563
-0.2933349609375 0.03631591796875 -0.177490234375 0.03790283203125
-0.271560668945313 0.0379638671875 -0.198348999023438 0.00465393066406249
-0.235992431640625 0.0634002685546875 -0.153717041015625 -0.017608642578125
-0.1544189453125 0.147872924804688 -0.100967407226563 -0.0398406982421875
-0.143478393554688 0.178176879882812 -0.0934906005859375 -0.0760498046875
-0.0645751953125 0.226806640625 -0.104866027832031 -0.123825073242187
-0.018829345703125 0.225662231445313 -0.1505126953125 -0.195510864257813
0.012969970703125 0.2879638671875 0.1697998046875 0.0648956298828125
-6.10351562500254E-05 0.259292602539062 0.166763305664063 0.0467987060546875
-0.1024169921875 0.276824951171875 0.134902954101563 0.0109710693359375
-0.1717529296875 0.21356201171875 0.177108764648438 0.031585693359375
-0.2470703125 0.130844116210937 0.164825439453125 0.0298614501953125
-0.30401611328125 0.115203857421875 0.132560729980469 0.0477676391601563
-0.305084228515625 0.0848388671874999 0.0834426879882812 0.0490188598632813
-0.295928955078125 0.0126037597656251 0.017557144165039 0.0239582061767578
-0.328155517578125 0.0498046875 -0.0803680419921875 0.000495910644531244
-0.3072509765625 0.0621643066406249 -0.131576538085938 -0.0303802490234375
-0.27313232421875 0.0996856689453125 -0.13677978515625 -0.0459136962890625
-0.173324584960938 0.196975708007813 -0.115188598632813 -0.0388412475585938
-0.157913208007813 0.230148315429688 -0.119972229003906 -0.04443359375
-0.062103271484375 0.273529052734375 -0.109245300292969 -0.0636138916015625
-0.0123748779296875 0.260055541992188 -0.150650024414063 -0.1129150390625
0.000717163085937494 0.256927490234375 0.182266235351563 0.1473388671875
-0.0140533447265625 0.225265502929687 0.166854858398438 0.1131591796875
-0.109222412109375 0.230072021484375 0.121482849121094 0.0439300537109375
-0.161163330078125 0.168838500976563 0.164840698242188 0.0405120849609375
-0.22198486328125 0.0957489013671874 0.1834716796875 0.00970458984375001
-0.279327392578125 0.0908355712890625 0.191421508789062 0.00318908691406251
-0.280548095703125 0.0711212158203124 0.178329467773437 -0.0017547607421875
-0.275909423828125 0.0158538818359375 0.121406555175781 -0.017364501953125
-0.31036376953125 0.054595947265625 0.0208320617675781 -0.048736572265625
-0.29022216796875 0.0743713378906249 -0.0579605102539063 -0.0792617797851563
-0.257919311523437 0.11444091796875 -0.113174438476563 -0.0817413330078125
-0.15802001953125 0.206817626953125 -0.122848510742188 -0.0386428833007812
-0.143173217773437 0.239715576171875 -0.136024475097656 -0.00482177734374999
-0.0467071533203125 0.274276733398438 -0.10546875 0.00799560546875002
-0.00485229492187502 0.254806518554688 -0.146728515625 -0.02008056640625
-0.010284423828125 0.189193725585937 0.182998657226563 0.2161865234375
-0.0214080810546875 0.161972045898437 0.149032592773438 0.162765502929688
-0.0950775146484375 0.153472900390625 0.0962142944335937 0.0678634643554688
-0.122467041015625 0.103225708007813 0.139358520507813 0.0479736328125
-0.161666870117188 0.050750732421875 0.189346313476563 0.0024871826171875
-0.212295532226563 0.0543975830078125 0.237411499023438 -0.0252532958984375
-0.214385986328125 0.04754638671875 0.256637573242188 -0.04412841796875
-0.214202880859375 0.0148468017578125 0.208206176757813 -0.0583648681640625
-0.24249267578125 0.047821044921875 0.1064453125 -0.0990219116210938
-0.221282958984375 0.0670166015625 0.00424194335937498 -0.1273193359375
-0.194259643554687 0.09893798828125 -0.0916366577148438 -0.113143920898438
-0.11572265625 0.169769287109375 -0.124946594238281 -0.0376739501953125
-0.103439331054687 0.196990966796875 -0.140251159667969 0.03106689453125
-0.025848388671875 0.220947265625 -0.094940185546875 0.0753021240234375
0.000900268554687511 0.205245971679688 -0.136428833007813 0.0640335083007813
-0.0171737670898437 0.0987319946289063 0.17852783203125 0.2611083984375
-0.0151748657226563 0.0870437622070313 0.124908447265625 0.18902587890625
-0.0600204467773437 0.074920654296875 0.0694351196289062 0.0805892944335938
-0.0648727416992188 0.046356201171875 0.113983154296875 0.0501937866210938
-0.0831146240234375 0.0171890258789062 0.185195922851563 0.002349853515625
-0.120437622070313 0.0236892700195312 0.265426635742188 -0.035980224609375
-0.118911743164063 0.0233078002929687 0.31097412109375 -0.071990966796875
-0.119735717773438 0.0110015869140625 0.26556396484375 -0.0914764404296875
-0.136993408203125 0.0296554565429688 0.161880493164063 -0.14227294921875
-0.120094299316406 0.0401229858398437 0.0444488525390625 -0.166229248046875
-0.105216979980469 0.0576019287109375 -0.0766448974609375 -0.134429931640625
-0.0604248046875 0.0963058471679688 -0.125694274902344 -0.0360870361328125
-0.0548248291015625 0.113136291503906 -0.139251708984375 0.0550537109375
-0.00920104980468749 0.125839233398438 -0.0858612060546875 0.123153686523438
-0.00115203857421876 0.120018005371094 -0.127815246582031 0.126861572265625
-0.0163812637329102 0.00982952117919922 0.0913848876953125 -0.153228759765625
0.00589370727539063 -0.00947666168212891 0.0777130126953125 -0.147186279296875
-0.00651168823242187 -0.00948524475097656 0.109336853027344 -0.06109619140625
-0.00268220901489258 0.00111269950866699 0.126663208007813 0.0274810791015625
-0.00160574913024902 -0.00398111343383789 0.066680908203125 0.125434875488281
0.000666618347167969 -0.013422966003418 -0.0348968505859375 0.18121337890625
-0.000133037567138672 -0.00625038146972656 -0.173248291015625 0.175704956054687
0.00481605529785156 -0.00918865203857422 -0.26214599609375 0.12127685546875
0.0149803161621094 -0.00440692901611328 -0.315643310546875 0.0856018066406249
0.00848865509033203 -0.00618219375610352 -0.281951904296875 0.03948974609375
0.0134382247924805 -0.00666332244873047 -0.16888427734375 0.0179595947265625
0.0149297714233398 -0.00666332244873047 -0.0751419067382813 -0.0344772338867188
0.00925254821777344 -0.00820255279541016 -0.0495681762695312 -0.104835510253906
0.0106697082519531 -0.0111408233642578 -0.107696533203125 -0.183639526367188
-0.00249290466308594 -0.0103311538696289 -0.1614990234375 -0.290283203125
0.00628662109374999 0.125350952148438 0.102325439453125 -0.140960693359375
0.0165863037109375 0.101181030273438 0.095001220703125 -0.135093688964844
-0.0310440063476563 0.1131591796875 0.113533020019531 -0.0609207153320312
-0.0617218017578125 0.0954666137695313 0.141693115234375 0.023956298828125
-0.0946884155273437 0.0587615966796875 0.081329345703125 0.1136474609375
-0.113983154296875 0.04400634765625 -0.02069091796875 0.17718505859375
-0.118698120117187 0.037139892578125 -0.149703979492187 0.176040649414063
-0.110794067382812 0.00164031982421874 -0.237579345703125 0.119674682617188
-0.107772827148438 0.0154571533203125 -0.30194091796875 0.086944580078125
-0.0959930419921875 0.00708007812500002 -0.274276733398437 0.0408630371093749
-0.075653076171875 0.0096282958984375 -0.167068481445313 0.0129547119140625
-0.044830322265625 0.0377349853515625 -0.0764007568359375 -0.0375823974609375
-0.0456924438476562 0.0504112243652344 -0.0513153076171875 -0.10150146484375
-0.0182876586914062 0.0725479125976563 -0.1015625 -0.180740356445313
-0.008758544921875 0.0821914672851563 -0.159637451171875 -0.286590576171875
0.0250244140625 0.219406127929688 0.125 -0.0949325561523437
0.02490234375 0.19366455078125 0.122032165527344 -0.0953750610351562
-0.0503692626953125 0.2169189453125 0.1240234375 -0.04986572265625
-0.110137939453125 0.177383422851562 0.160781860351563 0.01953125
-0.173492431640625 0.115234375 0.108192443847656 0.087921142578125
-0.212387084960938 0.0968170166015625 0.01763916015625 0.147842407226563
-0.218032836914063 0.07562255859375 -0.0908966064453125 0.149948120117188
-0.209228515625 0.012481689453125 -0.174957275390625 0.1002197265625
-0.216796875 0.0355224609375 -0.2542724609375 0.076171875
-0.195297241210938 0.025604248046875 -0.247817993164063 0.0362701416015625
-0.164535522460938 0.0362548828125 -0.165390014648438 0.00561523437500003
-0.103317260742188 0.0925979614257812 -0.0873489379882812 -0.0378570556640625
-0.0980682373046875 0.116455078125 -0.0687484741210938 -0.0934906005859375
-0.04193115234375 0.156875610351563 -0.104217529296875 -0.161834716796875
-0.01141357421875 0.16583251953125 -0.160812377929688 -0.254165649414063
0.0317535400390625 0.278762817382813 0.153366088867188 -0.0259552001953125
0.0251007080078125 0.250274658203125 0.15234375 -0.0344390869140625
-0.06903076171875 0.280792236328125 0.135322570800781 -0.0256423950195312
-0.145294189453125 0.22650146484375 0.176971435546875 0.017333984375
-0.227874755859375 0.148391723632813 0.139205932617187 0.0542068481445313
-0.280288696289063 0.129837036132812 0.0726318359375 0.100173950195313
-0.284423828125 0.0988159179687501 -0.00720214843750002 0.104095458984375
-0.275909423828125 0.02166748046875 -0.0841445922851563 0.0665283203125
-0.29681396484375 0.054901123046875 -0.1776123046875 0.049163818359375
-0.274444580078125 0.053314208984375 -0.19964599609375 0.015777587890625
-0.2386474609375 0.07623291015625 -0.15679931640625 -0.01153564453125
-0.148406982421875 0.156967163085937 -0.103523254394531 -0.0365219116210938
-0.13555908203125 0.188446044921875 -0.096099853515625 -0.073455810546875
-0.0523834228515625 0.232269287109375 -0.1112060546875 -0.121971130371094
-0.00933837890625003 0.231658935546875 -0.162628173828125 -0.192657470703125
0.028106689453125 0.291717529296875 0.17840576171875 0.058258056640625
0.01348876953125 0.259979248046875 0.173126220703125 0.038055419921875
-0.08660888671875 0.287689208984375 0.138168334960938 0.00756072998046877
-0.162033081054688 0.225509643554687 0.181427001953125 0.022613525390625
-0.245941162109375 0.144683837890625 0.16839599609375 0.02178955078125
-0.30401611328125 0.1331787109375 0.135612487792969 0.0437240600585938
-0.3057861328125 0.10357666015625 0.088653564453125 0.045806884765625
-0.30023193359375 0.0278625488281251 0.0207843780517578 0.0229244232177734
-0.3314208984375 0.06927490234375 -0.0798110961914063 0.00584411621093749
-0.311004638671875 0.079315185546875 -0.133064270019531 -0.0237350463867188
-0.274948120117188 0.115234375 -0.140960693359375 -0.0413360595703125
-0.165237426757813 0.2083740234375 -0.118148803710938 -0.0350341796875
-0.147369384765625 0.242355346679688 -0.120613098144531 -0.0392227172851562
-0.04656982421875 0.2808837890625 -0.112754821777344 -0.0610733032226563
-0.00041198730468749 0.26605224609375 -0.159469604492188 -0.109298706054688
0.01373291015625 0.260940551757813 0.195114135742188 0.140731811523438
-0.00332641601562499 0.226043701171875 0.1761474609375 0.105575561523438
-0.09674072265625 0.240249633789062 0.125663757324219 0.0417861938476563
-0.153762817382813 0.17840576171875 0.16937255859375 0.0330963134765625
-0.221389770507813 0.107208251953125 0.18646240234375 0.000564575195312507
-0.279006958007813 0.106475830078125 0.193328857421875 -0.00506591796874999
-0.28216552734375 0.088287353515625 0.181900024414062 -0.0108642578125
-0.2803955078125 0.0294952392578126 0.123779296875 -0.0248489379882813
-0.3134765625 0.073822021484375 0.0203514099121093 -0.0502510070800781
-0.29193115234375 0.0908203125 -0.0599594116210938 -0.0778579711914063
-0.25830078125 0.1307373046875 -0.117843627929688 -0.0787811279296875
-0.149627685546875 0.218551635742187 -0.125350952148438 -0.033538818359375
-0.1314697265625 0.25238037109375 -0.134323120117188 0.00244903564453129
-0.0304718017578125 0.280075073242188 -0.104698181152344 0.0116195678710938
0.00714111328125002 0.259979248046875 -0.151092529296875 -0.015411376953125
-0.00135803222656251 0.19329833984375 0.198379516601562 0.209716796875
-0.0147552490234375 0.162017822265625 0.160003662109375 0.157363891601563
-0.086669921875 0.161178588867187 0.100273132324219 0.0682220458984375
-0.1180419921875 0.110206604003906 0.1435546875 0.04241943359375
-0.162200927734375 0.0583343505859375 0.192031860351563 -0.00732421875
-0.212661743164063 0.0664215087890625 0.238479614257813 -0.0369110107421875
-0.216079711914063 0.0613861083984375 0.258773803710937 -0.0589752197265625
-0.217437744140625 0.0258941650390625 0.20867919921875 -0.0706787109375
-0.244766235351563 0.0627593994140624 0.104782104492187 -0.107337951660156
-0.223007202148438 0.079315185546875 0.000984191894531226 -0.131027221679688
-0.194290161132812 0.111358642578125 -0.0967483520507813 -0.111900329589844
-0.108184814453125 0.17913818359375 -0.127204895019531 -0.0318069458007812
-0.09417724609375 0.206863403320313 -0.13671875 0.0398330688476563
-0.013275146484375 0.22589111328125 -0.0910797119140625 0.079010009765625
0.010467529296875 0.208740234375 -0.136375427246094 0.069488525390625
-0.013519287109375 0.101722717285156 0.194320678710938 0.25579833984375
-0.011871337890625 0.0864028930664063 0.136260986328125 0.185760498046875
-0.0559616088867188 0.0801925659179687 0.0738296508789063 0.0823898315429687
-0.0624847412109375 0.0495452880859375 0.117218017578125 0.0465087890625
-0.0838241577148438 0.0199203491210937 0.187393188476563 -0.006317138671875
-0.121253967285156 0.0301284790039063 0.265960693359375 -0.0497894287109375
-0.120094299316406 0.0309982299804687 0.31085205078125 -0.091094970703125
-0.121612548828125 0.017486572265625 0.264755249023438 -0.107528686523438
-0.138328552246094 0.0379180908203125 0.1591796875 -0.154617309570313
-0.120697021484375 0.0466079711914062 0.039886474609375 -0.172958374023438
-0.104820251464844 0.0646133422851563 -0.0826339721679688 -0.134231567382812
-0.0565643310546875 0.101951599121094 -0.128486633300781 -0.0299148559570312
-0.0493240356445313 0.118606567382813 -0.135269165039062 0.063720703125
-0.00189208984375 0.127998352050781 -0.079498291015625 0.127410888671875
0.00482177734375001 0.122207641601562 -0.125221252441406 0.13299560546875
-0.0142679214477539 0.0114002227783203 0.0818939208984375 -0.157318115234375
0.00421428680419922 -0.0115718841552734 0.065521240234375 -0.150314331054688
-0.007720947265625 -0.00846433639526367 0.103500366210938 -0.0693206787109375
-0.00213253498077393 0.000972747802734375 0.125526428222656 0.0164642333984375
-0.00146055221557617 -0.00477743148803711 0.0724258422851563 0.119361877441406
-0.000216484069824219 -0.0130090713500977 -0.023834228515625 0.182601928710938
-0.0003662109375 -0.00596761703491211 -0.157943725585938 0.18701171875
0.0046234130859375 -0.00932788848876953 -0.247650146484375 0.137313842773438
0.0144233703613281 -0.00484371185302734 -0.303924560546875 0.1085205078125
0.00854778289794922 -0.00598382949829102 -0.27520751953125 0.06097412109375
0.0115375518798828 -0.00678825378417969 -0.1661376953125 0.0294952392578125
0.0140619277954102 -0.00814533233642578 -0.0773239135742188 -0.0310134887695312
0.00861120223999023 -0.00877666473388672 -0.0564041137695313 -0.101959228515625
0.00979709625244141 -0.0115423202514648 -0.120285034179688 -0.17431640625
-0.00281333923339844 -0.00881099700927734 -0.1793212890625 -0.277420043945312
0.0163116455078125 0.123710632324219 0.0947418212890625 -0.146347045898438
0.0224838256835938 0.0971145629882813 0.084014892578125 -0.140670776367188
-0.0221786499023438 0.11505126953125 0.108428955078125 -0.0681838989257812
-0.0535507202148437 0.0982513427734375 0.140327453613281 0.0119705200195313
-0.0902633666992188 0.06427001953125 0.0860366821289063 0.106521606445313
-0.110214233398437 0.0521926879882813 -0.00959777832031252 0.178451538085938
-0.114784240722656 0.0458297729492187 -0.134262084960937 0.18572998046875
-0.109115600585937 0.00978851318359377 -0.223861694335938 0.134323120117188
-0.104667663574219 0.024261474609375 -0.2901611328125 0.10882568359375
-0.0947952270507812 0.0146255493164063 -0.267425537109375 0.0617523193359375
-0.0755386352539063 0.0153656005859375 -0.164810180664063 0.0240478515625
-0.0415458679199219 0.0396194458007813 -0.07861328125 -0.0341567993164063
-0.0410423278808594 0.0523262023925781 -0.0572967529296875 -0.0992813110351563
-0.0120086669921875 0.0722274780273438 -0.11328125 -0.172012329101562
-0.00331878662109375 0.0834579467773438 -0.177597045898437 -0.27362060546875
0.04156494140625 0.215591430664062 0.119537353515625 -0.102851867675781
0.037139892578125 0.187408447265625 0.114021301269531 -0.103607177734375
-0.0326995849609375 0.218765258789062 0.11968994140625 -0.057373046875
-0.0951995849609375 0.183074951171875 0.159042358398437 0.00608825683593751
-0.1646728515625 0.125869750976563 0.111152648925781 0.0791778564453125
-0.20440673828125 0.111434936523437 0.026763916015625 0.147323608398437
-0.210739135742188 0.091064453125 -0.077667236328125 0.15533447265625
-0.2060546875 0.026885986328125 -0.163131713867188 0.110214233398437
-0.211578369140625 0.052459716796875 -0.243865966796875 0.094696044921875
-0.192184448242187 0.0404205322265625 -0.241180419921875 0.0541839599609375
-0.1617431640625 0.047882080078125 -0.163284301757812 0.0164337158203125
-0.09478759765625 0.0971450805664063 -0.0890045166015625 -0.0335540771484375
-0.0871353149414063 0.121414184570313 -0.072967529296875 -0.0897369384765625
-0.0289764404296875 0.15655517578125 -0.114212036132813 -0.153488159179687
-0.000518798828125013 0.166336059570313 -0.176681518554688 -0.241317749023437
0.0520477294921875 0.273178100585938 0.15264892578125 -0.0368499755859375
0.0406646728515625 0.24285888671875 0.14849853515625 -0.046051025390625
-0.046295166015625 0.283111572265625 0.132713317871094 -0.033660888671875
-0.126068115234375 0.233062744140625 0.175460815429688 0.00418090820312501
-0.216903686523437 0.162078857421875 0.14013671875 0.0432815551757813
-0.269073486328125 0.148330688476562 0.0778884887695312 0.09637451171875
-0.274688720703125 0.11981201171875 0.00155639648437499 0.103477478027344
-0.271377563476562 0.0406341552734374 -0.0768508911132813 0.070220947265625
-0.289215087890625 0.077606201171875 -0.16943359375 0.0619964599609375
-0.269088745117188 0.0722503662109375 -0.194488525390625 0.03009033203125
-0.232589721679688 0.0929412841796875 -0.156356811523438 -0.00169372558593746
-0.134170532226563 0.16424560546875 -0.1044921875 -0.0310134887695312
-0.118942260742188 0.195388793945313 -0.0970687866210938 -0.0673370361328125
-0.0333709716796875 0.231613159179688 -0.117782592773438 -0.114738464355469
0.00642395019531251 0.23138427734375 -0.17498779296875 -0.180191040039062
0.04888916015625 0.28619384765625 0.183212280273438 0.0442962646484375
0.0297393798828125 0.25274658203125 0.174118041992188 0.024444580078125
-0.06292724609375 0.2899169921875 0.137992858886719 0.000183105468750018
-0.142333984375 0.233383178710937 0.180404663085938 0.00946044921875001
-0.233978271484375 0.159500122070313 0.167098999023437 0.00924682617187501
-0.291412353515625 0.1529541015625 0.13653564453125 0.0360183715820313
-0.296356201171875 0.12567138671875 0.0926589965820313 0.0388946533203125
-0.2960205078125 0.04840087890625 0.0234508514404297 0.0196075439453125
-0.323211669921875 0.094696044921875 -0.076751708984375 0.0117263793945312
-0.30364990234375 0.101165771484375 -0.131340026855469 -0.0144424438476562
-0.26617431640625 0.13372802734375 -0.141799926757813 -0.0326080322265625
-0.14739990234375 0.216583251953125 -0.117958068847656 -0.0279998779296875
-0.12646484375 0.250213623046875 -0.117988586425781 -0.03167724609375
-0.0247039794921875 0.278778076171875 -0.114280700683594 -0.05462646484375
0.016845703125 0.264785766601563 -0.166397094726562 -0.0985565185546875
0.0318145751953125 0.257354736328125 0.203994750976563 0.123886108398438
0.0105133056640625 0.220474243164062 0.182144165039063 0.0914764404296875
-0.075897216796875 0.243728637695313 0.128364562988281 0.0360641479492188
-0.137496948242187 0.185516357421875 0.169387817382813 0.0206146240234375
-0.212692260742187 0.120285034179688 0.184173583984375 -0.012939453125
-0.269317626953125 0.124557495117188 0.189743041992187 -0.016387939453125
-0.27227783203125 0.109085083007813 0.179443359375 -0.024169921875
-0.275543212890625 0.0481872558593751 0.121490478515625 -0.0345840454101563
-0.30499267578125 0.0977783203125001 0.018524169921875 -0.0518836975097656
-0.28466796875 0.110504150390625 -0.0627365112304688 -0.0738677978515625
-0.2484130859375 0.14764404296875 -0.121360778808594 -0.07110595703125
-0.13116455078125 0.226470947265625 -0.125022888183594 -0.0249862670898437
-0.110397338867188 0.25897216796875 -0.128288269042969 0.0109939575195313
-0.00895690917968749 0.277587890625 -0.10162353515625 0.0159759521484375
0.0240325927734375 0.257186889648438 -0.151641845703125 -0.00688171386718748
0.011932373046875 0.191482543945313 0.2117919921875 0.192596435546875
-0.00456237792968748 0.157791137695313 0.169219970703125 0.143753051757813
-0.0724029541015625 0.165390014648438 0.10455322265625 0.0640792846679688
-0.107330322265625 0.116012573242188 0.144149780273438 0.0326080322265625
-0.156890869140625 0.0673065185546875 0.188751220703125 -0.0211639404296875
-0.206039428710938 0.0799102783203125 0.231826782226562 -0.051513671875
-0.208740234375 0.0775604248046875 0.251251220703125 -0.076812744140625
-0.213607788085937 0.04095458984375 0.201370239257813 -0.0850677490234375
-0.237960815429688 0.081146240234375 0.09722900390625 -0.114593505859375
-0.216400146484375 0.0948333740234375 -0.00569915771484375 -0.131095886230469
-0.185653686523438 0.12469482421875 -0.102432250976563 -0.105728149414062
-0.0934906005859375 0.18511962890625 -0.126853942871094 -0.0230178833007813
-0.0772705078125 0.211883544921875 -0.128684997558594 0.04888916015625
0.004364013671875 0.222412109375 -0.0830917358398438 0.0817947387695313
0.0238494873046875 0.206497192382813 -0.13201904296875 0.0758132934570312
-0.00734710693359375 0.102981567382812 0.209732055664063 0.2384033203125
-0.00722503662109374 0.0839462280273438 0.147476196289063 0.173812866210938
-0.0486679077148438 0.083740234375 0.0786666870117188 0.079833984375
-0.0575904846191406 0.0526046752929687 0.118415832519531 0.0386428833007812
-0.0822372436523437 0.0242080688476563 0.183990478515625 -0.0194549560546875
-0.1177978515625 0.0385284423828125 0.2578125 -0.067169189453125
-0.116462707519531 0.040771484375 0.29937744140625 -0.1126708984375
-0.119171142578125 0.0260772705078125 0.252487182617187 -0.124847412109375
-0.134727478027344 0.0485992431640625 0.146499633789063 -0.166244506835938
-0.117683410644531 0.0549545288085938 0.0295257568359375 -0.175994873046875
-0.099456787109375 0.0720748901367188 -0.089599609375 -0.128196716308594
-0.047698974609375 0.10491943359375 -0.127586364746094 -0.0204238891601562
-0.0400848388671875 0.121185302734375 -0.126144409179688 0.0728912353515625
0.0078277587890625 0.125328063964844 -0.0686721801757812 0.128997802734375
0.0129547119140625 0.120521545410156 -0.116897583007812 0.138412475585938
-0.0117969512939453 0.0117454528808594 0.0730743408203125 -0.154998779296875
0.00168132781982422 -0.0122194290161133 0.0547027587890625 -0.146499633789063
-0.00842189788818359 -0.00747394561767578 0.0951461791992187 -0.0725479125976562
-0.00126838684082031 0.000397086143493652 0.119400024414063 0.0090789794921875
-0.00137615203857422 -0.00456428527832031 0.0737533569335937 0.111709594726562
-0.00055408477783203 -0.0116767883300781 -0.014739990234375 0.1781005859375
-0.00046682357788086 -0.00551939010620117 -0.1412353515625 0.188262939453125
0.00406265258789063 -0.00919246673583984 -0.22857666015625 0.142684936523438
0.0135021209716797 -0.00488471984863281 -0.2845458984375 0.120361328125
0.00791740417480469 -0.00549983978271484 -0.259933471679688 0.0741119384765624
0.00957679748535156 -0.00625705718994141 -0.157974243164063 0.0371856689453125
0.0123090744018555 -0.00859832763671875 -0.076385498046875 -0.02850341796875
0.00732040405273438 -0.00926113128662109 -0.0605392456054688 -0.096923828125
0.00901126861572265 -0.0115385055541992 -0.12408447265625 -0.161422729492188
-0.00256109237670898 -0.00740528106689453 -0.185592651367188 -0.258407592773438
0.0225982666015625 0.118217468261719 0.086181640625 -0.145126342773438
0.0245819091796875 0.090301513671875 0.0726165771484375 -0.13897705078125
-0.0153350830078125 0.111610412597656 0.100616455078125 -0.0717849731445313
-0.0458984375 0.0965728759765625 0.133674621582031 0.00332641601562501
-0.0839767456054687 0.0660018920898438 0.0859451293945313 0.0979385375976562
-0.103813171386719 0.0563201904296875 -0.000946044921874994 0.173446655273438
-0.108047485351563 0.0508575439453125 -0.118255615234375 0.18560791015625
-0.104484558105469 0.0149078369140625 -0.205581665039062 0.13812255859375
-0.0990524291992188 0.0299224853515625 -0.270614624023438 0.119354248046875
-0.0902023315429688 0.0198287963867188 -0.251617431640625 0.0736846923828126
-0.073272705078125 0.0189285278320312 -0.157440185546875 0.031280517578125
-0.0377922058105469 0.0389823913574219 -0.0779876708984375 -0.0310440063476563
-0.03656005859375 0.0513648986816406 -0.0599136352539063 -0.093963623046875
-0.00779342651367188 0.0690498352050781 -0.1170654296875 -0.160247802734375
0.00141143798828124 0.081390380859375 -0.183975219726562 -0.254623413085938
0.0517120361328125 0.205093383789062 0.111923217773438 -0.105552673339844
0.0427703857421875 0.176116943359375 0.104347229003906 -0.105789184570312
-0.0194854736328125 0.21209716796875 0.112098693847656 -0.0607070922851562
-0.081756591796875 0.17962646484375 0.15142822265625 -0.00311279296874999
-0.15325927734375 0.128768920898438 0.109329223632812 0.0701675415039063
-0.191375732421875 0.1181640625 0.0330810546875 0.142257690429688
-0.197769165039063 0.09918212890625 -0.064910888671875 0.153228759765625
-0.197067260742188 0.0355987548828125 -0.149459838867187 0.111831665039063
-0.199691772460938 0.062957763671875 -0.227203369140625 0.103424072265625
-0.183151245117188 0.0495147705078125 -0.227386474609375 0.0648956298828125
-0.1541748046875 0.05438232421875 -0.156478881835938 0.023193359375
-0.0855484008789062 0.0960922241210938 -0.0877761840820312 -0.030487060546875
-0.076568603515625 0.119575500488281 -0.0736770629882812 -0.0843124389648438
-0.0194549560546875 0.149826049804688 -0.11700439453125 -0.143173217773438
0.007904052734375 0.16143798828125 -0.181686401367187 -0.223983764648438
0.064422607421875 0.259963989257813 0.146682739257813 -0.043701171875
0.0485382080078125 0.228240966796875 0.140464782714844 -0.052642822265625
-0.029296875 0.273544311523438 0.126678466796875 -0.037384033203125
-0.10943603515625 0.228897094726563 0.167572021484375 -0.00553894042968749
-0.202224731445313 0.165969848632813 0.135353088378906 0.0341262817382813
-0.251541137695313 0.156524658203125 0.079803466796875 0.0911712646484375
-0.25732421875 0.129852294921875 0.00856781005859374 0.09893798828125
-0.259506225585938 0.05157470703125 -0.0689201354980469 0.0693511962890625
-0.272613525390625 0.0915985107421875 -0.157424926757813 0.068023681640625
-0.25604248046875 0.084259033203125 -0.184326171875 0.037933349609375
-0.220733642578125 0.101333618164062 -0.150421142578125 0.00451660156250001
-0.11981201171875 0.162094116210938 -0.101737976074219 -0.0275344848632812
-0.103134155273437 0.1920166015625 -0.0946197509765625 -0.0624618530273438
-0.019622802734375 0.222091674804688 -0.117889404296875 -0.106285095214844
0.0170135498046875 0.223724365234375 -0.177444458007813 -0.165618896484375
0.061737060546875 0.272872924804688 0.178543090820313 0.0327301025390625
0.0380401611328125 0.238357543945312 0.168563842773438 0.01361083984375
-0.044464111328125 0.2813720703125 0.133537292480469 -0.00463104248046873
-0.124847412109375 0.22906494140625 0.17303466796875 -0.000305175781249986
-0.218429565429688 0.163467407226563 0.159530639648438 -0.00018310546874999
-0.273574829101563 0.161605834960938 0.133155822753906 0.0300674438476563
-0.2774658203125 0.136383056640625 0.0923309326171875 0.0317840576171875
-0.2823486328125 0.05975341796875 0.0242023468017578 0.0160579681396484
-0.303741455078125 0.109832763671875 -0.0710525512695313 0.015228271484375
-0.28851318359375 0.113189697265625 -0.125282287597656 -0.00824737548828125
-0.250274658203125 0.142547607421875 -0.138214111328125 -0.025848388671875
-0.129928588867187 0.213775634765625 -0.114204406738281 -0.02301025390625
-0.107955932617187 0.245681762695313 -0.112236022949219 -0.0263671875
-0.00852966308593749 0.266571044921875 -0.111686706542969 -0.0497970581054688
0.02911376953125 0.255157470703125 -0.165283203125 -0.0874786376953125
0.0435943603515625 0.24603271484375 0.202545166015625 0.107879638671875
0.0182647705078125 0.2083740234375 0.178802490234375 0.077850341796875
-0.059112548828125 0.236679077148438 0.126136779785156 0.03082275390625
-0.122177124023438 0.182876586914062 0.1632080078125 0.011566162109375
-0.199844360351563 0.12469482421875 0.1748046875 -0.0219268798828125
-0.25323486328125 0.132843017578125 0.18121337890625 -0.023101806640625
-0.255783081054688 0.119461059570313 0.172317504882812 -0.032867431640625
-0.26287841796875 0.059326171875 0.115074157714844 -0.0399856567382812
-0.287261962890625 0.111175537109375 0.0162086486816406 -0.0511245727539062
-0.270462036132813 0.122161865234375 -0.0625038146972656 -0.0691413879394531
-0.233062744140625 0.15496826171875 -0.119636535644531 -0.06396484375
-0.113479614257813 0.222900390625 -0.120628356933594 -0.0195083618164062
-0.0921478271484375 0.254013061523438 -0.119651794433594 0.0153961181640625
0.00621032714843752 0.2645263671875 -0.0959625244140625 0.017303466796875
0.0351409912109375 0.247634887695312 -0.147750854492187 -0.00045776367187498
0.0205078125 0.184860229492188 0.212005615234375 0.172622680664063
0.000518798828125008 0.149826049804688 0.16876220703125 0.128753662109375
-0.059326171875 0.16162109375 0.104881286621094 0.059417724609375
-0.0966033935546875 0.114723205566406 0.139793395996094 0.0247421264648438
-0.149032592773437 0.0705718994140625 0.179336547851563 -0.0302581787109375
-0.193862915039063 0.08734130859375 0.21893310546875 -0.058685302734375
-0.1959228515625 0.086151123046875 0.237213134765625 -0.0863494873046875
-0.202987670898438 0.04913330078125 0.188705444335938 -0.0921630859375
-0.22406005859375 0.0920257568359375 0.08770751953125 -0.116004943847656
-0.20489501953125 0.102493286132813 -0.0106277465820313 -0.127342224121094
-0.173721313476563 0.129547119140625 -0.102363586425781 -0.0980377197265625
-0.0792388916015625 0.181640625 -0.121833801269531 -0.016510009765625
-0.0629119873046875 0.207794189453125 -0.118301391601562 0.0518112182617188
0.01593017578125 0.212203979492187 -0.07513427734375 0.0797653198242188
0.03314208984375 0.19775390625 -0.125114440917969 0.0783462524414062
-0.00210571289062499 0.101455688476562 0.212356567382813 0.216476440429688
-0.00534820556640625 0.0792617797851563 0.149337768554688 0.15948486328125
-0.0410614013671875 0.0831527709960938 0.0806884765625 0.0760498046875
-0.0526275634765625 0.0522727966308594 0.115135192871094 0.0323867797851563
-0.079437255859375 0.02581787109375 0.174896240234375 -0.028228759765625
-0.111663818359375 0.0427703857421875 0.24267578125 -0.075714111328125
-0.108818054199219 0.0457229614257812 0.280624389648438 -0.123016357421875
-0.112663269042969 0.0307846069335938 0.235137939453125 -0.132766723632813
-0.126930236816406 0.054656982421875 0.132186889648437 -0.168411254882813
-0.111236572265625 0.0591583251953125 0.02093505859375 -0.173126220703125
-0.0922775268554687 0.0742721557617188 -0.09088134765625 -0.120185852050781
-0.039642333984375 0.102493286132813 -0.1217041015625 -0.0137100219726563
-0.0322113037109375 0.118896484375 -0.114768981933594 0.075439453125
0.013946533203125 0.118850708007813 -0.059234619140625 0.124542236328125
0.0181732177734375 0.115386962890625 -0.108024597167969 0.137214660644531
-0.0106391906738281 0.0115900039672852 0.071014404296875 -0.14990234375
-0.000449180603027345 -0.012089729309082 0.050567626953125 -0.140762329101563
-0.00821018218994141 -0.00633096694946289 0.0906753540039063 -0.0718154907226563
-0.000673890113830566 -0.000569999217987061 0.113349914550781 0.0059814453125
-0.00121831893920898 -0.00513982772827148 0.0706100463867187 0.107078552246094
0.000287055969238282 -0.0108261108398438 -0.011932373046875 0.173843383789062
-0.000307559967041016 -0.00537490844726563 -0.132064819335938 0.18438720703125
0.00432872772216797 -0.00803184509277344 -0.217010498046875 0.138809204101563
0.0134792327880859 -0.00435256958007813 -0.270965576171875 0.119293212890625
0.00806951522827148 -0.00528526306152344 -0.248550415039063 0.07647705078125
0.0083155632019043 -0.00493144989013672 -0.152008056640625 0.0379791259765625
0.0112438201904297 -0.00857830047607422 -0.0751571655273438 -0.0283737182617187
0.00691986083984375 -0.00936698913574219 -0.0601272583007813 -0.0943832397460937
0.008636474609375 -0.0109882354736328 -0.121978759765625 -0.153961181640625
-0.00194025039672852 -0.0059661865234375 -0.182479858398438 -0.248519897460938
0.0249481201171875 0.114494323730469 0.0836944580078125 -0.14178466796875
0.0225448608398438 0.0861892700195313 0.0682144165039062 -0.135208129882813
-0.0128936767578125 0.108207702636719 0.0962753295898437 -0.07049560546875
-0.0428543090820312 0.09307861328125 0.127120971679688 0.000373840332031256
-0.0811309814453125 0.064697265625 0.0827865600585938 0.0940399169921875
-0.0992355346679687 0.0564956665039063 0.00152587890625001 0.170211791992188
-0.103416442871094 0.0506362915039063 -0.109588623046875 0.181594848632813
-0.101043701171875 0.0159835815429687 -0.194580078125 0.1339111328125
-0.094268798828125 0.0318145751953125 -0.257110595703125 0.117889404296875
-0.0866928100585938 0.021270751953125 -0.240509033203125 0.0751800537109375
-0.0713348388671875 0.0207138061523438 -0.151443481445313 0.0321197509765625
-0.0361175537109375 0.0367050170898438 -0.07647705078125 -0.0312118530273438
-0.0342178344726563 0.0494155883789062 -0.0590286254882813 -0.091583251953125
-0.00612640380859375 0.0658149719238281 -0.115188598632812 -0.152816772460938
0.0030517578125 0.0796966552734375 -0.1812744140625 -0.244796752929688
0.0534515380859375 0.197769165039063 0.108604431152344 -0.104118347167969
0.0412445068359375 0.168014526367188 0.0992355346679688 -0.104278564453125
-0.015380859375 0.205459594726563 0.108375549316406 -0.0599212646484375
-0.0763397216796875 0.173126220703125 0.145004272460938 -0.00596618652343749
-0.147811889648437 0.126388549804688 0.104560852050781 0.065948486328125
-0.183761596679688 0.116928100585938 0.0342941284179687 0.139579772949219
-0.189300537109375 0.099609375 -0.059051513671875 0.148223876953125
-0.190689086914062 0.036590576171875 -0.1412353515625 0.107650756835938
-0.190048217773437 0.0651702880859375 -0.215347290039063 0.102081298828125
-0.17626953125 0.05145263671875 -0.216964721679688 0.065338134765625
-0.149688720703125 0.055419921875 -0.151199340820313 0.023590087890625
-0.0809173583984375 0.0919876098632812 -0.0855484008789063 -0.0304946899414062
-0.0717697143554687 0.114845275878906 -0.071624755859375 -0.0824050903320312
-0.0161285400390625 0.143417358398438 -0.114448547363281 -0.1375732421875
0.0101776123046875 0.1571044921875 -0.1783447265625 -0.21441650390625
0.0664825439453125 0.250732421875 0.14215087890625 -0.045501708984375
0.0473175048828125 0.21826171875 0.1343994140625 -0.0538330078125
-0.023712158203125 0.264663696289063 0.1224365234375 -0.0364303588867187
-0.1024169921875 0.220870971679687 0.160598754882812 -0.00859069824218748
-0.195358276367187 0.162582397460938 0.129531860351563 0.0311050415039063
-0.2418212890625 0.155288696289062 0.0789718627929687 0.0893402099609375
-0.246307373046875 0.1298828125 0.0112152099609375 0.0943679809570313
-0.250961303710938 0.0524749755859375 -0.0646018981933594 0.0655975341796875
-0.260848999023438 0.0938568115234375 -0.149337768554688 0.0674285888671875
-0.246780395507813 0.0864715576171875 -0.175674438476563 0.03875732421875
-0.213485717773438 0.101348876953125 -0.14599609375 0.00576782226562499
-0.113632202148438 0.155487060546875 -0.099334716796875 -0.0271377563476563
-0.09613037109375 0.185836791992188 -0.09075927734375 -0.0607986450195313
-0.015625 0.212738037109375 -0.114723205566406 -0.102951049804687
0.0194091796875 0.21734619140625 -0.174560546875 -0.158477783203125
0.063629150390625 0.26385498046875 0.173858642578125 0.0277862548828125
0.03692626953125 0.228378295898438 0.16290283203125 0.00993347167968752
-0.0380859375 0.271316528320313 0.130195617675781 -0.00431060791015623
-0.117263793945313 0.220748901367188 0.166275024414063 -0.00270080566406249
-0.211441040039062 0.159698486328125 0.152633666992188 -0.00239562988281249
-0.263214111328125 0.1597900390625 0.129539489746094 0.0296707153320313
-0.265579223632813 0.136093139648438 0.0911636352539062 0.0284042358398438
-0.27264404296875 0.06036376953125 0.0243587493896484 0.013671875
-0.29156494140625 0.112152099609375 -0.066741943359375 0.0148696899414062
-0.278488159179688 0.114852905273438 -0.12060546875 -0.00721740722656247
-0.24200439453125 0.141983032226563 -0.134071350097656 -0.0241012573242187
-0.122222900390625 0.205337524414063 -0.110519409179688 -0.02252197265625
-0.100418090820313 0.237991333007813 -0.106651306152344 -0.0261459350585937
-0.00396728515624997 0.2550048828125 -0.108207702636719 -0.0492095947265625
0.0310516357421875 0.24761962890625 -0.161911010742188 -0.083282470703125
0.046173095703125 0.237838745117188 0.196563720703125 0.100387573242188
0.0174560546875 0.199356079101563 0.17352294921875 0.07177734375
-0.052978515625 0.229232788085938 0.123733520507812 0.0305709838867188
-0.1158447265625 0.1761474609375 0.156997680664063 0.00990295410156251
-0.193511962890625 0.121261596679687 0.16729736328125 -0.0238189697265625
-0.243255615234375 0.132003784179688 0.175140380859375 -0.022064208984375
-0.2440185546875 0.119430541992188 0.166900634765625 -0.034759521484375
-0.2535400390625 0.059600830078125 0.110694885253906 -0.0409774780273437
-0.274124145507813 0.113128662109375 0.0155258178710937 -0.0500068664550781
-0.261154174804688 0.1226806640625 -0.0607490539550782 -0.0673446655273437
-0.224884033203125 0.153427124023438 -0.116378784179688 -0.0615921020507812
-0.1068115234375 0.214691162109375 -0.116157531738281 -0.0186767578125
-0.084869384765625 0.245941162109375 -0.112991333007813 0.0144500732421875
0.010040283203125 0.254150390625 -0.0924453735351562 0.0153121948242187
0.0364532470703125 0.2398681640625 -0.144195556640625 0.000595092773437539
0.02313232421875 0.1795654296875 0.205856323242187 0.162811279296875
-4.57763671874916E-05 0.1434326171875 0.164657592773438 0.12139892578125
-0.0539093017578125 0.156448364257813 0.103515625 0.0583572387695313
-0.0912094116210937 0.110137939453125 0.134689331054688 0.0230331420898438
-0.144866943359375 0.068603515625 0.17144775390625 -0.031280517578125
-0.187271118164063 0.086761474609375 0.210311889648438 -0.057373046875
-0.187225341796875 0.0861968994140626 0.228225708007813 -0.0872955322265625
-0.195327758789063 0.049530029296875 0.18017578125 -0.092010498046875
-0.214263916015625 0.0936279296875 0.0833053588867187 -0.113533020019531
-0.19830322265625 0.103134155273438 -0.0111465454101563 -0.125015258789062
-0.167327880859375 0.127838134765625 -0.10009765625 -0.0949478149414063
-0.073883056640625 0.175155639648437 -0.116706848144531 -0.015380859375
-0.0576934814453125 0.201461791992188 -0.110969543457031 0.0502700805664063
0.01837158203125 0.203033447265625 -0.0721359252929687 0.07513427734375
0.0340576171875 0.191543579101563 -0.121971130371094 0.0765228271484375
0.000389099121093759 0.100379943847656 0.206130981445313 0.206298828125
-0.00656890869140624 0.076385498046875 0.145675659179688 0.152053833007813
-0.0372161865234375 0.0807418823242187 0.080413818359375 0.0748291015625
-0.0497322082519531 0.0501976013183594 0.111045837402344 0.0312347412109375
-0.0780563354492188 0.0249710083007812 0.167205810546875 -0.028778076171875
-0.108169555664063 0.0432586669921875 0.232803344726563 -0.0749053955078125
-0.103446960449219 0.0464553833007813 0.268310546875 -0.122634887695313
-0.107841491699219 0.030670166015625 0.224136352539063 -0.130096435546875
-0.120925903320312 0.05584716796875 0.124008178710937 -0.164718627929688
-0.107955932617188 0.0598297119140625 0.0185546875 -0.169479370117188
-0.088287353515625 0.0729827880859375 -0.0885848999023438 -0.116920471191406
-0.0362014770507813 0.09912109375 -0.116348266601562 -0.0120315551757813
-0.0292816162109375 0.115707397460938 -0.107337951660156 0.0739669799804688
0.0146255493164062 0.11334228515625 -0.0558853149414063 0.118629455566406
0.0186233520507812 0.111396789550781 -0.105194091796875 0.133224487304688
-0.00985908508300781 0.0125894546508789 0.0746002197265625 -0.150543212890625
-0.00239849090576172 -0.0116872787475586 0.051544189453125 -0.139762878417969
-0.00869321823120117 -0.00603294372558594 0.0909576416015625 -0.0720291137695313
-0.000503301620483399 -0.002066969871521 0.111778259277344 0.00605010986328125
-0.000762462615966797 -0.00597381591796875 0.0689315795898438 0.108642578125
0.00118350982666016 -0.0109996795654297 -0.0120697021484375 0.175613403320312
0.000136852264404297 -0.00483942031860352 -0.130416870117187 0.1844482421875
0.00481557846069336 -0.00742912292480469 -0.215423583984375 0.13616943359375
0.0140409469604492 -0.00384140014648438 -0.270111083984375 0.1182861328125
0.00853490829467773 -0.00524806976318359 -0.247421264648438 0.077178955078125
0.00790739059448242 -0.00418615341186523 -0.151565551757812 0.0379486083984375
0.0107326507568359 -0.00900554656982422 -0.0763092041015625 -0.0309600830078125
0.00593185424804688 -0.00935745239257812 -0.060882568359375 -0.0957717895507813
0.008392333984375 -0.0106630325317383 -0.12274169921875 -0.154434204101563
-0.00116491317749023 -0.0046849250793457 -0.183303833007813 -0.250289916992187
0.0260238647460937 0.115303039550781 0.0861358642578125 -0.143081665039063
0.0204238891601562 0.086669921875 0.0690078735351563 -0.135749816894531
-0.0130081176757813 0.109466552734375 0.096649169921875 -0.0710372924804687
-0.0429458618164063 0.0922622680664063 0.125709533691406 0.000152587890625006
-0.082275390625 0.063873291015625 0.0807037353515625 0.0948410034179688
-0.0991439819335937 0.0567855834960938 0.001678466796875 0.172012329101562
-0.1029052734375 0.0513916015625 -0.108016967773438 0.1810302734375
-0.100837707519531 0.01605224609375 -0.1943359375 0.130935668945312
-0.0928497314453125 0.032867431640625 -0.256134033203125 0.1175537109375
-0.086761474609375 0.02197265625 -0.240066528320313 0.0752105712890625
-0.07275390625 0.0217514038085938 -0.151702880859375 0.0316314697265625
-0.0363616943359375 0.0356788635253906 -0.0780181884765625 -0.0335617065429687
-0.0348930358886719 0.0484504699707031 -0.0594558715820312 -0.0931549072265625
-0.00623703002929688 0.0652351379394531 -0.11492919921875 -0.15374755859375
0.00383758544921874 0.0815658569335937 -0.182113647460938 -0.246475219726562
0.05511474609375 0.198837280273438 0.111068725585937 -0.105575561523437
0.038970947265625 0.168563842773437 0.0998992919921875 -0.105453491210937
-0.01568603515625 0.206375122070313 0.109245300292969 -0.05926513671875
-0.0769500732421875 0.172470092773438 0.143783569335938 -0.00617980957031249
-0.15032958984375 0.12615966796875 0.102775573730469 0.0667877197265625
-0.184707641601563 0.118316650390625 0.0352325439453125 0.141952514648438
-0.1895751953125 0.099822998046875 -0.0575408935546875 0.147857666015625
-0.19140625 0.0361328125 -0.141021728515625 0.105194091796875
-0.188507080078125 0.066802978515625 -0.213943481445313 0.101242065429687
-0.176925659179688 0.052734375 -0.216567993164062 0.0650634765625
-0.151138305664063 0.056640625 -0.15203857421875 0.0225830078125
-0.0813827514648437 0.0897598266601563 -0.0873565673828125 -0.0330657958984375
-0.0718002319335938 0.11370849609375 -0.0714111328125 -0.0841751098632812
-0.016204833984375 0.1419677734375 -0.114646911621094 -0.1390380859375
0.010284423828125 0.159271240234375 -0.179702758789063 -0.216552734375
0.0682373046875 0.252227783203125 0.143707275390625 -0.04656982421875
0.044647216796875 0.218185424804688 0.135009765625 -0.0551376342773437
-0.02325439453125 0.265426635742188 0.124229431152344 -0.0355377197265625
-0.103424072265625 0.220108032226563 0.159820556640625 -0.00857543945312499
-0.198150634765625 0.1624755859375 0.127906799316406 0.0314712524414063
-0.243972778320313 0.156097412109375 0.0812606811523437 0.0920333862304688
-0.246917724609375 0.1300048828125 0.0126800537109375 0.09344482421875
-0.252426147460938 0.05145263671875 -0.0645523071289063 0.0633811950683594
-0.258941650390625 0.0956115722656251 -0.148452758789063 0.066619873046875
-0.248092651367188 0.0879669189453125 -0.175872802734375 0.0380706787109375
-0.216217041015625 0.102340698242187 -0.14697265625 0.00457763671874998
-0.114593505859375 0.152877807617188 -0.100631713867188 -0.0290756225585937
-0.096710205078125 0.184783935546875 -0.0894851684570313 -0.0631942749023438
-0.0158843994140625 0.211166381835937 -0.114654541015625 -0.105125427246094
0.01983642578125 0.219970703125 -0.175735473632812 -0.16021728515625
0.0655364990234375 0.265151977539063 0.17413330078125 0.0268707275390625
0.0340728759765625 0.228103637695313 0.163299560546875 0.00907897949218751
-0.037567138671875 0.27215576171875 0.132148742675781 -0.00266265869140623
-0.118759155273438 0.219696044921875 0.166305541992187 -0.00239562988281249
-0.215408325195313 0.159286499023437 0.151718139648438 -0.00204467773437499
-0.26519775390625 0.160385131835938 0.131309509277344 0.0322113037109375
-0.265548706054688 0.136459350585938 0.0926132202148437 0.0272445678710938
-0.275009155273438 0.0589447021484374 0.0242652893066406 0.0117893218994141
-0.289947509765625 0.113555908203125 -0.0664215087890625 0.0143623352050781
-0.280410766601563 0.117080688476563 -0.120262145996094 -0.00843048095703126
-0.245010375976562 0.142486572265625 -0.135116577148438 -0.026123046875
-0.123748779296875 0.203094482421875 -0.110992431640625 -0.0247421264648437
-0.100006103515625 0.237503051757813 -0.105133056640625 -0.0285491943359375
-0.00477600097656247 0.254104614257813 -0.108367919921875 -0.0516433715820312
0.0302581787109375 0.250167846679688 -0.163742065429688 -0.0848541259765625
0.0473480224609375 0.239959716796875 0.196212768554688 0.100128173828125
0.0146942138671875 0.1990966796875 0.173675537109375 0.072113037109375
-0.0522918701171875 0.228988647460938 0.1256103515625 0.0325851440429688
-0.11669921875 0.174209594726563 0.156768798828125 0.0108184814453125
-0.197189331054688 0.120697021484375 0.166824340820313 -0.0232086181640625
-0.24530029296875 0.132675170898438 0.1766357421875 -0.0196533203125
-0.24468994140625 0.119461059570313 0.16827392578125 -0.036041259765625
-0.255477905273438 0.0579833984375 0.110671997070312 -0.0419387817382812
-0.273483276367188 0.114395141601562 0.0161819458007812 -0.050384521484375
-0.263504028320313 0.124984741210938 -0.0601463317871094 -0.0688362121582031
-0.228179931640625 0.154006958007813 -0.117233276367188 -0.0636672973632812
-0.107498168945313 0.212966918945313 -0.116355895996094 -0.020233154296875
-0.0853271484375 0.246490478515625 -0.111038208007812 0.0121688842773438
0.0095977783203125 0.252288818359375 -0.0930862426757812 0.0125579833984375
0.036529541015625 0.242721557617188 -0.14654541015625 -0.000167846679687509
0.0253143310546875 0.18133544921875 0.204376220703125 0.163925170898438
-0.0024566650390625 0.143463134765625 0.164260864257813 0.122100830078125
-0.053009033203125 0.156524658203125 0.105484008789063 0.060089111328125
-0.0918350219726563 0.108566284179688 0.134872436523438 0.0242767333984375
-0.147994995117188 0.06805419921875 0.171127319335938 -0.0307464599609375
-0.188461303710938 0.087249755859375 0.21142578125 -0.0555419921875
-0.186264038085937 0.08685302734375 0.228652954101563 -0.0877227783203125
-0.19647216796875 0.04779052734375 0.180557250976563 -0.0912628173828125
-0.213058471679688 0.0949249267578125 0.0834274291992187 -0.11383056640625
-0.200714111328125 0.105010986328125 -0.01043701171875 -0.127197265625
-0.169342041015625 0.127914428710938 -0.099945068359375 -0.0971298217773437
-0.0746612548828125 0.17431640625 -0.116050720214844 -0.016448974609375
-0.0576324462890625 0.202499389648437 -0.108955383300781 0.0488204956054688
0.0179595947265625 0.202392578125 -0.0726852416992187 0.0726318359375
0.0334930419921875 0.1934814453125 -0.124603271484375 0.0763015747070312
0.00261688232421876 0.102149963378906 0.204147338867188 0.207183837890625
-0.00804901123046875 0.076873779296875 0.14520263671875 0.153076171875
-0.0363388061523437 0.0816192626953125 0.082122802734375 0.0761260986328125
-0.0499343872070313 0.0493850708007813 0.111274719238281 0.0328140258789063
-0.0802688598632812 0.02471923828125 0.16729736328125 -0.028167724609375
-0.108596801757812 0.0438232421875 0.232986450195313 -0.0731964111328125
-0.102622985839844 0.0471649169921875 0.267791748046875 -0.122650146484375
-0.108039855957031 0.02978515625 0.2236328125 -0.128707885742187
-0.120101928710937 0.056182861328125 0.1241455078125 -0.164947509765625
-0.10906982421875 0.0612564086914063 0.0189056396484375 -0.172821044921875
-0.0895538330078125 0.0728225708007812 -0.0876312255859375 -0.119522094726562
-0.0363006591796875 0.0983963012695313 -0.115303039550781 -0.0125274658203125
-0.0291900634765625 0.116806030273438 -0.105552673339844 0.072662353515625
0.0143203735351563 0.11260986328125 -0.0569992065429687 0.116622924804688
0.0179824829101563 0.11224365234375 -0.108009338378906 0.133140563964844
-0.00829315185546875 0.013880729675293 0.075347900390625 -0.15863037109375
-0.00357913970947266 -0.0109233856201172 0.050567626953125 -0.145599365234375
-0.00915145874023438 -0.00558662414550781 0.0920257568359375 -0.077362060546875
-0.000329971313476563 -0.00337076187133789 0.113456726074219 0.00323486328125
-0.000874996185302734 -0.00789737701416016 0.072509765625 0.111488342285156
0.00217628479003906 -0.0117855072021484 -0.00755310058593751 0.182540893554688
0.00104618072509766 -0.00476837158203125 -0.1273193359375 0.192855834960938
0.0063786506652832 -0.00740432739257813 -0.217437744140625 0.142196655273438
0.0157384872436523 -0.00411701202392578 -0.274459838867188 0.127273559570313
0.00877809524536133 -0.005523681640625 -0.251434326171875 0.08697509765625
0.00778865814208984 -0.00346040725708008 -0.154525756835938 0.0425262451171875
0.0102319717407227 -0.00928878784179688 -0.08074951171875 -0.0317916870117188
0.00513648986816406 -0.00973320007324219 -0.0662002563476563 -0.0983123779296875
0.00856304168701172 -0.0110855102539063 -0.130706787109375 -0.15570068359375
0.000393152236938476 -0.00358772277832031 -0.196929931640625 -0.254608154296875
0.0319671630859375 0.118865966796875 0.08758544921875 -0.151718139648437
0.021759033203125 0.089569091796875 0.0680999755859375 -0.142364501953125
-0.0100936889648438 0.114143371582031 0.0983428955078125 -0.076080322265625
-0.0421981811523437 0.0947647094726563 0.127975463867187 -0.00328826904296874
-0.08441162109375 0.067840576171875 0.0842208862304687 0.0966415405273437
-0.100791931152344 0.061431884765625 0.00775146484374997 0.179428100585937
-0.104461669921875 0.0561599731445312 -0.104965209960938 0.188339233398437
-0.103538513183594 0.0193862915039062 -0.19610595703125 0.13629150390625
-0.0927200317382813 0.036956787109375 -0.260711669921875 0.12628173828125
-0.08868408203125 0.0262069702148437 -0.243453979492188 0.084381103515625
-0.0749130249023438 0.0254287719726563 -0.155685424804688 0.036224365234375
-0.0369071960449219 0.0367851257324219 -0.08331298828125 -0.0345611572265625
-0.0351676940917969 0.0502395629882812 -0.0640792846679688 -0.0961380004882813
-0.004669189453125 0.0666999816894531 -0.122695922851563 -0.155776977539062
0.007598876953125 0.0857391357421875 -0.195327758789063 -0.2510986328125
0.0644378662109375 0.204254150390625 0.113143920898437 -0.113510131835937
0.0424957275390625 0.173355102539063 0.0999832153320313 -0.113082885742188
-0.00939941406249999 0.214309692382812 0.112236022949219 -0.0637359619140625
-0.075714111328125 0.179153442382813 0.146713256835937 -0.010589599609375
-0.154891967773438 0.134429931640625 0.106407165527344 0.0672531127929688
-0.188461303710938 0.12738037109375 0.0421600341796875 0.147430419921875
-0.19305419921875 0.108184814453125 -0.054107666015625 0.152328491210937
-0.197006225585938 0.0420074462890625 -0.142440795898437 0.109222412109375
-0.190261840820313 0.074920654296875 -0.217636108398438 0.108673095703125
-0.180923461914063 0.0602874755859375 -0.220687866210938 0.0728759765625
-0.155593872070313 0.0640106201171875 -0.156982421875 0.026519775390625
-0.0824661254882813 0.092742919921875 -0.0925216674804688 -0.0338287353515625
-0.0715713500976562 0.118560791015625 -0.0753402709960937 -0.0871200561523438
-0.0130615234375 0.145523071289063 -0.121566772460938 -0.141204833984375
0.01611328125 0.166519165039062 -0.191970825195313 -0.220123291015625
0.079193115234375 0.258132934570312 0.147750854492188 -0.05352783203125
0.049224853515625 0.224044799804687 0.137825012207031 -0.0615386962890625
-0.015838623046875 0.275787353515625 0.128715515136719 -0.0392837524414062
-0.101593017578125 0.229019165039063 0.163864135742188 -0.0131072998046875
-0.2034912109375 0.173599243164063 0.131843566894531 0.0297927856445313
-0.248367309570312 0.168533325195313 0.088165283203125 0.0945968627929688
-0.251251220703125 0.141082763671875 0.0168991088867187 0.0945968627929688
-0.259979248046875 0.0588531494140625 -0.0650138854980469 0.0649070739746094
-0.26226806640625 0.105682373046875 -0.150466918945313 0.07159423828125
-0.254409790039063 0.09930419921875 -0.180206298828125 0.0432281494140625
-0.221771240234375 0.112625122070313 -0.153076171875 0.00765991210937502
-0.114822387695313 0.158493041992188 -0.105842590332031 -0.0297317504882812
-0.094635009765625 0.192169189453125 -0.093231201171875 -0.0651168823242188
-0.0107421875 0.21630859375 -0.121078491210937 -0.107315063476563
0.0265350341796875 0.228729248046875 -0.186065673828125 -0.16180419921875
0.076416015625 0.271865844726563 0.180328369140625 0.0226287841796875
0.0388946533203125 0.234466552734375 0.168548583984375 0.00379943847656251
-0.03076171875 0.281524658203125 0.138008117675781 -0.00515747070312498
-0.117904663085938 0.228240966796875 0.1712646484375 -0.00700378417968749
-0.221588134765625 0.170135498046875 0.155517578125 -0.00558471679687499
-0.270660400390625 0.173492431640625 0.139205932617187 0.0318374633789063
-0.27044677734375 0.147750854492187 0.097198486328125 0.024658203125
-0.282958984375 0.066680908203125 0.0251140594482422 0.0102291107177734
-0.2939453125 0.1253662109375 -0.067474365234375 0.0158767700195313
-0.287353515625 0.130340576171875 -0.124275207519531 -0.00639343261718752
-0.2520751953125 0.1553955078125 -0.141525268554688 -0.0239410400390625
-0.123733520507813 0.211181640625 -0.116111755371094 -0.0240020751953125
-0.0970916748046875 0.247314453125 -0.107513427734375 -0.0293426513671875
0.00186157226562499 0.260787963867188 -0.113838195800781 -0.0529708862304688
0.038238525390625 0.260208129882812 -0.17291259765625 -0.083953857421875
0.0577239990234375 0.246444702148438 0.20440673828125 0.0982818603515625
0.0182952880859375 0.204818725585938 0.1807861328125 0.06884765625
-0.046722412109375 0.237533569335938 0.132194519042969 0.0315475463867188
-0.116439819335938 0.181472778320312 0.162429809570313 0.00753784179687501
-0.20404052734375 0.1295166015625 0.170974731445313 -0.0280914306640625
-0.251235961914063 0.143768310546875 0.184097290039062 -0.022369384765625
-0.247848510742188 0.130355834960937 0.173080444335937 -0.042236328125
-0.263290405273438 0.064697265625 0.112541198730469 -0.0468063354492188
-0.277740478515625 0.125823974609375 0.0160179138183594 -0.0524673461914062
-0.269332885742188 0.13824462890625 -0.06365966796875 -0.0707931518554687
-0.23358154296875 0.166839599609375 -0.123695373535156 -0.0638427734375
-0.106842041015625 0.221450805664063 -0.120658874511719 -0.0190963745117188
-0.0806427001953125 0.257339477539063 -0.112152099609375 0.0133819580078125
0.016082763671875 0.259475708007812 -0.0961990356445313 0.0127105712890625
0.043914794921875 0.251846313476563 -0.152816772460938 0.00326538085937503
0.033660888671875 0.18634033203125 0.214187622070313 0.164199829101563
-3.05175781249932E-05 0.1478271484375 0.172210693359375 0.121658325195313
-0.0491180419921875 0.162826538085938 0.111923217773438 0.0605316162109375
-0.092559814453125 0.113258361816406 0.140174865722656 0.022369384765625
-0.153518676757813 0.0738067626953125 0.175125122070313 -0.0353851318359375
-0.193649291992187 0.0964813232421875 0.218597412109375 -0.0607757568359375
-0.188934326171875 0.0948638916015625 0.233551025390625 -0.0969085693359375
-0.202529907226563 0.0527801513671875 0.182952880859375 -0.098175048828125
-0.216400146484375 0.103546142578125 0.0834808349609375 -0.119522094726562
-0.204910278320312 0.115966796875 -0.01434326171875 -0.132858276367188
-0.173553466796875 0.137924194335938 -0.106063842773438 -0.0998916625976562
-0.073699951171875 0.1806640625 -0.119796752929688 -0.0149765014648437
-0.0536956787109375 0.21160888671875 -0.109336853027344 0.0511322021484375
0.023345947265625 0.206893920898438 -0.0741500854492188 0.074249267578125
0.0397186279296875 0.200698852539063 -0.128242492675781 0.0820693969726563
0.00833129882812499 0.10552978515625 0.214935302734375 0.209564208984375
-0.00727844238281249 0.07977294921875 0.153457641601563 0.154708862304688
-0.0333786010742188 0.0850067138671875 0.0884475708007813 0.0772476196289063
-0.0504608154296875 0.0515251159667969 0.115760803222656 0.031829833984375
-0.084259033203125 0.0277175903320313 0.171646118164063 -0.0328216552734375
-0.112136840820313 0.0492706298828125 0.239501953125 -0.079925537109375
-0.10369873046875 0.0514297485351562 0.271942138671875 -0.132797241210938
-0.111328125 0.0323638916015625 0.226425170898438 -0.137298583984375
-0.121200561523437 0.060943603515625 0.123260498046875 -0.172897338867188
-0.111305236816406 0.0674819946289063 0.0149688720703125 -0.1810302734375
-0.0919570922851562 0.0779342651367188 -0.0938491821289063 -0.123298645019531
-0.0354080200195312 0.101737976074219 -0.118141174316406 -0.0106964111328125
-0.02679443359375 0.121971130371094 -0.10540771484375 0.0765914916992188
0.0170059204101562 0.114639282226562 -0.056976318359375 0.120048522949219
0.0218276977539062 0.116539001464844 -0.109420776367188 0.141372680664062
-0.00513362884521484 0.0143270492553711 0.0683135986328125 -0.169601440429688
-0.00501441955566406 -0.0104904174804688 0.0423126220703125 -0.152557373046875
-0.00916767120361328 -0.00470924377441406 0.0887527465820313 -0.0858230590820313
-0.00134372711181641 -0.0049901008605957 0.114295959472656 -0.00426483154296875
-0.00183486938476562 -0.00951004028320313 0.0807723999023438 0.110427856445313
0.00164985656738281 -0.0136995315551758 0.0052947998046875 0.188095092773438
0.00163745880126953 -0.00542974472045899 -0.115921020507812 0.204086303710938
0.00738048553466797 -0.00859785079956055 -0.211944580078125 0.155105590820312
0.017268180847168 -0.00539016723632813 -0.271194458007813 0.147979736328125
0.00889110565185547 -0.00593852996826172 -0.248947143554688 0.106216430664063
0.00772237777709961 -0.00270175933837891 -0.154266357421875 0.053253173828125
0.00936508178710938 -0.010650634765625 -0.0872421264648438 -0.0287704467773437
0.00368881225585937 -0.0100154876708984 -0.0747451782226563 -0.0970001220703125
0.00772571563720703 -0.0116405487060547 -0.143447875976562 -0.149566650390625
0.00194191932678223 -0.00309920310974121 -0.220046997070313 -0.247360229492187
0.0427398681640625 0.118766784667969 0.0810089111328125 -0.163360595703125
0.027435302734375 0.0907363891601563 0.05950927734375 -0.151504516601563
-0.00188446044921875 0.117874145507813 0.0958786010742188 -0.0846176147460937
-0.0375137329101563 0.0988845825195313 0.129013061523438 -0.0124053955078125
-0.0835342407226563 0.0743865966796875 0.0913238525390625 0.09442138671875
-0.09918212890625 0.0691680908203125 0.02178955078125 0.18408203125
-0.102798461914062 0.0643539428710938 -0.092987060546875 0.197540283203125
-0.103561401367188 0.0254974365234375 -0.190460205078125 0.148269653320312
-0.0898361206054688 0.0438003540039062 -0.256820678710938 0.145126342773438
-0.0883026123046875 0.033355712890625 -0.24212646484375 0.102676391601563
-0.0748291015625 0.032684326171875 -0.156875610351563 0.04681396484375
-0.0359535217285156 0.0387916564941406 -0.0892791748046875 -0.031280517578125
-0.032623291015625 0.0533256530761719 -0.0721054077148438 -0.0953521728515625
0.000102996826171881 0.0676231384277344 -0.135589599609375 -0.150924682617188
0.015777587890625 0.0880355834960938 -0.218246459960938 -0.2431640625
0.08209228515625 0.203598022460938 0.109298706054687 -0.12542724609375
0.0541229248046875 0.174453735351563 0.0940704345703125 -0.123664855957031
0.00616455078125001 0.220169067382813 0.111434936523438 -0.07275390625
-0.0666961669921875 0.187118530273437 0.1475830078125 -0.02069091796875
-0.151779174804688 0.148223876953125 0.111656188964844 0.0621566772460938
-0.184280395507812 0.1429443359375 0.0557708740234375 0.149093627929688
-0.1898193359375 0.12335205078125 -0.04376220703125 0.1575927734375
-0.198562622070313 0.0552825927734375 -0.138282775878906 0.118110656738281
-0.186920166015625 0.0888519287109375 -0.214340209960937 0.124588012695313
-0.179962158203125 0.07550048828125 -0.2198486328125 0.0886383056640625
-0.15509033203125 0.07666015625 -0.159271240234375 0.0374908447265625
-0.0787734985351563 0.09820556640625 -0.0992431640625 -0.0292739868164062
-0.0650177001953125 0.124778747558594 -0.0828704833984375 -0.0854644775390625
-0.00335693359375001 0.147750854492188 -0.13311767578125 -0.136817932128906
0.0299224853515625 0.17022705078125 -0.212310791015625 -0.212631225585938
0.100936889648437 0.257553100585938 0.148361206054688 -0.0660400390625
0.0637969970703125 0.226211547851563 0.135955810546875 -0.0738449096679687
0.00375366210937497 0.283294677734375 0.130561828613281 -0.0478591918945312
-0.0898284912109375 0.239852905273438 0.16571044921875 -0.0244293212890625
-0.200042724609375 0.192398071289062 0.135215759277344 0.0217361450195313
-0.243606567382812 0.189407348632813 0.0997467041015625 0.0922393798828125
-0.2471923828125 0.160797119140625 0.0247573852539062 0.0939407348632813
-0.262680053710938 0.0761871337890625 -0.0627937316894531 0.0686187744140625
-0.258773803710938 0.126419067382813 -0.148330688476563 0.0821075439453125
-0.252517700195313 0.120513916015625 -0.180801391601563 0.055145263671875
-0.220458984375 0.13177490234375 -0.156814575195313 0.0177001953125
-0.108367919921875 0.16766357421875 -0.112159729003906 -0.024505615234375
-0.0836029052734375 0.201828002929688 -0.0992202758789063 -0.0625228881835937
0.00389099121093751 0.219467163085938 -0.131034851074219 -0.102569580078125
0.044891357421875 0.234390258789062 -0.202438354492188 -0.153167724609375
0.099090576171875 0.271560668945312 0.186004638671875 0.0101318359375
0.0538787841796875 0.236862182617187 0.171646118164063 -0.00865173339843749
-0.01141357421875 0.290283203125 0.142471313476563 -0.01348876953125
-0.106048583984375 0.240249633789063 0.17425537109375 -0.0180206298828125
-0.21820068359375 0.190048217773438 0.157943725585938 -0.0163421630859375
-0.265899658203125 0.196502685546875 0.147964477539062 0.0247039794921875
-0.266815185546875 0.169281005859375 0.101753234863281 0.0171356201171875
-0.286102294921875 0.0860290527343749 0.0256099700927734 0.00800895690917969
-0.28997802734375 0.1473388671875 -0.0672683715820313 0.0204315185546875
-0.284576416015625 0.154632568359375 -0.127433776855469 0.000839233398437505
-0.248641967773438 0.176971435546875 -0.147506713867188 -0.015472412109375
-0.113937377929687 0.221954345703125 -0.121627807617188 -0.0180282592773437
-0.081939697265625 0.259353637695313 -0.110786437988281 -0.0251922607421875
0.0193939208984375 0.26397705078125 -0.120109558105469 -0.0487289428710938
0.058624267578125 0.265701293945313 -0.183319091796875 -0.0742340087890624
0.077606201171875 0.24591064453125 0.215240478515625 0.0870819091796875
0.0302734375 0.207794189453125 0.188735961914063 0.0578460693359375
-0.0299835205078125 0.245529174804688 0.138893127441406 0.0248336791992188
-0.1077880859375 0.191787719726563 0.1666259765625 -0.00291442871093749
-0.202896118164063 0.14703369140625 0.171707153320313 -0.039886474609375
-0.247573852539063 0.16546630859375 0.189987182617187 -0.0339813232421875
-0.244720458984375 0.149398803710938 0.174530029296875 -0.05548095703125
-0.266265869140625 0.0825347900390625 0.111351013183594 -0.0550003051757813
-0.273284912109375 0.1470947265625 0.0136032104492187 -0.0547866821289062
-0.26654052734375 0.161941528320312 -0.0702323913574219 -0.0695457458496094
-0.22998046875 0.1884765625 -0.132339477539063 -0.057647705078125
-0.09613037109375 0.232803344726563 -0.125045776367188 -0.0125350952148437
-0.0647735595703125 0.268600463867188 -0.112403869628906 0.0188674926757813
0.03369140625 0.2615966796875 -0.0984039306640625 0.0175704956054688
0.06341552734375 0.256881713867188 -0.157089233398438 0.0137176513671875
0.0488128662109375 0.187179565429688 0.229736328125 0.154541015625
0.0086822509765625 0.15106201171875 0.1834716796875 0.112884521484375
-0.0376129150390625 0.169097900390625 0.119880676269531 0.0547561645507813
-0.0875244140625 0.120651245117187 0.14544677734375 0.01361083984375
-0.154464721679688 0.0867767333984375 0.176315307617188 -0.0478515625
-0.19134521484375 0.113128662109375 0.221282958984375 -0.0753326416015625
-0.1864013671875 0.1092529296875 0.231491088867188 -0.114822387695313
-0.204666137695313 0.06646728515625 0.179901123046875 -0.11102294921875
-0.213043212890625 0.120025634765625 0.07720947265625 -0.127090454101563
-0.201873779296875 0.134353637695313 -0.023956298828125 -0.136482238769531
-0.170150756835938 0.154067993164063 -0.116386413574219 -0.096221923828125
-0.06427001953125 0.18939208984375 -0.123321533203125 -0.00818634033203123
-0.039825439453125 0.220352172851562 -0.106727600097656 0.0576629638671875
0.0373992919921875 0.208297729492188 -0.0718231201171875 0.0787353515625
0.055328369140625 0.204086303710938 -0.126998901367188 0.0925140380859375
0.0174331665039063 0.106597900390625 0.233627319335938 0.201126098632813
-0.0028076171875 0.0825424194335938 0.167022705078125 0.148757934570312
-0.0262680053710938 0.0885391235351563 0.0966339111328125 0.0731887817382813
-0.047882080078125 0.0552940368652344 0.120979309082031 0.0256118774414063
-0.08612060546875 0.0351409912109375 0.17254638671875 -0.0448760986328125
-0.111228942871094 0.0594863891601563 0.240478515625 -0.096832275390625
-0.101303100585938 0.0595169067382813 0.267333984375 -0.153045654296875
-0.112319946289062 0.0392532348632813 0.221267700195313 -0.152755737304688
-0.119232177734375 0.0703277587890625 0.113876342773437 -0.184112548828125
-0.109031677246094 0.0780715942382812 0.00187683105468749 -0.187667846679688
-0.0894775390625 0.0863037109375 -0.104843139648438 -0.121879577636719
-0.0301055908203125 0.105964660644531 -0.120407104492188 -0.00413513183593749
-0.0181427001953125 0.12689208984375 -0.101531982421875 0.0837326049804688
0.0240859985351563 0.115425109863281 -0.0513229370117188 0.124412536621094
0.0310592651367188 0.119026184082031 -0.103378295898438 0.151962280273438
-0.00250720977783203 0.013646125793457 0.055145263671875 -0.172760009765625
-0.00607585906982422 -0.00987148284912109 0.0308685302734375 -0.153228759765625
-0.00943946838378906 -0.00441741943359375 0.0813140869140625 -0.0915908813476563
-0.00273418426513672 -0.00587701797485352 0.110237121582031 -0.011871337890625
-0.0039529800415039 -0.0104379653930664 0.0865097045898438 0.103630065917969
0.000877380371093751 -0.0145292282104492 0.0204010009765625 0.18463134765625
0.00207233428955078 -0.00614547729492188 -0.097442626953125 0.205795288085938
0.00802421569824219 -0.0102615356445312 -0.197128295898438 0.1630859375
0.0174341201782227 -0.00723457336425781 -0.254623413085938 0.163665771484375
0.00831508636474609 -0.00625514984130859 -0.233993530273438 0.122116088867187
0.00752449035644531 -0.00189733505249023 -0.146820068359375 0.062896728515625
0.00741386413574219 -0.0112094879150391 -0.0892791748046875 -0.0226058959960937
0.00227832794189453 -0.00969600677490234 -0.0812301635742187 -0.0901031494140625
0.00745296478271484 -0.0114145278930664 -0.150726318359375 -0.13568115234375
0.00458621978759766 -0.00330734252929688 -0.236007690429688 -0.22528076171875
0.0529098510742188 0.111518859863281 0.067169189453125 -0.168212890625
0.032928466796875 0.086761474609375 0.0466461181640625 -0.153305053710938
0.00791931152343749 0.115386962890625 0.0888824462890625 -0.0904922485351562
-0.0306854248046875 0.0984344482421875 0.123382568359375 -0.0210494995117187
-0.07843017578125 0.0790786743164063 0.094970703125 0.08685302734375
-0.0916671752929688 0.0752410888671875 0.0372772216796875 0.1793212890625
-0.0949172973632813 0.070098876953125 -0.075439453125 0.198272705078125
-0.0988693237304688 0.031585693359375 -0.1766357421875 0.154998779296875
-0.0829925537109375 0.0489273071289063 -0.2396240234375 0.15960693359375
-0.0829849243164063 0.0400009155273438 -0.227157592773438 0.117599487304687
-0.0704574584960938 0.038787841796875 -0.149871826171875 0.0572509765625
-0.0330047607421875 0.0391921997070313 -0.0919952392578125 -0.0247573852539062
-0.0281715393066406 0.05419921875 -0.0781021118164063 -0.0893020629882813
0.005462646484375 0.0655517578125 -0.142349243164063 -0.137802124023437
0.0245819091796875 0.0850830078125 -0.232421875 -0.221893310546875
0.0973052978515625 0.192001342773437 0.0976028442382813 -0.133438110351563
0.064483642578125 0.167388916015625 0.0816574096679688 -0.129562377929688
0.0235595703125 0.215560913085938 0.105033874511719 -0.079132080078125
-0.05267333984375 0.187606811523438 0.141555786132812 -0.0309600830078125
-0.140106201171875 0.157318115234375 0.112319946289063 0.0540847778320313
-0.17041015625 0.15478515625 0.06866455078125 0.142181396484375
-0.176254272460937 0.135116577148438 -0.0304718017578125 0.155441284179687
-0.190765380859375 0.0674285888671875 -0.1275634765625 0.122634887695313
-0.17413330078125 0.100112915039063 -0.199951171875 0.136749267578125
-0.16961669921875 0.0889739990234375 -0.208175659179688 0.102432250976563
-0.146209716796875 0.0881500244140625 -0.153533935546875 0.04833984375
-0.0714111328125 0.0999755859375 -0.101402282714844 -0.0225143432617188
-0.0544891357421875 0.125862121582031 -0.0876998901367187 -0.0792999267578125
0.00752258300781251 0.143035888671875 -0.139495849609375 -0.124977111816406
0.0445709228515625 0.165130615234375 -0.224578857421875 -0.192398071289062
0.119094848632813 0.243423461914063 0.140045166015625 -0.0771560668945312
0.0772247314453125 0.216964721679687 0.126434326171875 -0.0833587646484375
0.0266265869140625 0.277191162109375 0.12615966796875 -0.0561370849609375
-0.0721435546875 0.241256713867188 0.15948486328125 -0.0357208251953125
-0.184539794921875 0.204635620117187 0.132911682128906 0.0124359130859375
-0.22564697265625 0.205307006835938 0.108543395996094 0.0831069946289063
-0.23089599609375 0.17645263671875 0.0317840576171875 0.0880203247070313
-0.25286865234375 0.093231201171875 -0.0568923950195313 0.0702438354492188
-0.241012573242187 0.1416015625 -0.138572692871094 0.0908889770507813
-0.237091064453125 0.138519287109375 -0.172927856445313 0.0671234130859375
-0.206619262695313 0.146926879882812 -0.153106689453125 0.0291290283203125
-0.0947113037109375 0.169876098632813 -0.113571166992187 -0.01641845703125
-0.06689453125 0.20306396484375 -0.101844787597656 -0.0563278198242188
0.01904296875 0.2120361328125 -0.135887145996094 -0.0927276611328125
0.06353759765625 0.226959228515625 -0.210250854492188 -0.135589599609375
0.117950439453125 0.257125854492188 0.18304443359375 -0.00442504882812498
0.0685882568359375 0.227813720703125 0.166305541992187 -0.021484375
0.0125732421875 0.28460693359375 0.140533447265625 -0.0230255126953125
-0.0873870849609375 0.242324829101562 0.168670654296875 -0.03033447265625
-0.202301025390625 0.204193115234375 0.152114868164062 -0.0268096923828125
-0.247039794921875 0.21466064453125 0.150421142578125 0.013275146484375
-0.248626708984375 0.185623168945313 0.1014404296875 0.00769805908203126
-0.275970458984375 0.104278564453125 0.0252342224121094 0.00576019287109376
-0.271026611328125 0.165115356445313 -0.0636672973632813 0.0247039794921875
-0.266998291015625 0.174560546875 -0.124977111816406 0.00901794433593753
-0.231369018554687 0.193603515625 -0.146881103515625 -0.00431823730468749
-0.096832275390625 0.224639892578125 -0.121917724609375 -0.00935363769531248
-0.06072998046875 0.259628295898438 -0.110443115234375 -0.0190887451171875
0.03778076171875 0.254486083984375 -0.12200927734375 -0.0412139892578125
0.0795440673828125 0.25665283203125 -0.18548583984375 -0.0603790283203125
0.095428466796875 0.233963012695313 0.216888427734375 0.0692596435546875
0.0441131591796875 0.200439453125 0.188232421875 0.042327880859375
-0.00987243652343747 0.241409301757813 0.139457702636719 0.01409912109375
-0.0922393798828125 0.194854736328125 0.162826538085938 -0.0150299072265625
-0.190322875976563 0.160491943359375 0.164138793945313 -0.051544189453125
-0.230606079101563 0.182388305664063 0.18682861328125 -0.0468597412109375
-0.228317260742188 0.164260864257813 0.167129516601562 -0.0679473876953125
-0.256607055664063 0.0997467041015625 0.104690551757813 -0.0611953735351563
-0.256057739257813 0.1632080078125 0.00955963134765623 -0.0548439025878906
-0.24847412109375 0.180511474609375 -0.0745773315429688 -0.0635910034179688
-0.21270751953125 0.203170776367188 -0.135078430175781 -0.04693603515625
-0.078094482421875 0.234176635742188 -0.124000549316406 -0.00359344482421873
-0.0424957275390625 0.268173217773437 -0.108489990234375 0.0243072509765625
0.051361083984375 0.251174926757813 -0.095916748046875 0.0216522216796875
0.0833282470703125 0.248016357421875 -0.153762817382813 0.0240020751953125
0.062744140625 0.17755126953125 0.236419677734375 0.134552001953125
0.018463134765625 0.146957397460938 0.18719482421875 0.09710693359375
-0.02288818359375 0.166702270507813 0.121910095214844 0.0450897216796875
-0.0770797729492188 0.123085021972656 0.142929077148438 0.00311279296875001
-0.146957397460938 0.097808837890625 0.167831420898438 -0.0601959228515625
-0.178848266601562 0.126708984375 0.213714599609375 -0.08984375
-0.173782348632812 0.120895385742188 0.218276977539063 -0.129226684570313
-0.197647094726563 0.0791168212890625 0.167938232421875 -0.120269775390625
-0.198760986328125 0.13201904296875 0.0662384033203125 -0.129814147949219
-0.187347412109375 0.148300170898437 -0.0345916748046875 -0.13299560546875
-0.156661987304688 0.16546630859375 -0.122177124023438 -0.086669921875
-0.0498809814453125 0.189773559570312 -0.121025085449219 4.57763671875303E-05
-0.0220489501953125 0.218902587890625 -0.0995254516601562 0.0622406005859375
0.050811767578125 0.199554443359375 -0.0658493041992188 0.0803909301757813
0.0711822509765625 0.196624755859375 -0.118545532226563 0.0994949340820313
0.02655029296875 0.101821899414063 0.24334716796875 0.180023193359375
0.00334167480468751 0.08087158203125 0.17425537109375 0.1337890625
-0.01763916015625 0.087615966796875 0.0998001098632812 0.0641021728515625
-0.0424308776855469 0.0569648742675781 0.120597839355469 0.0160446166992188
-0.0833053588867188 0.042633056640625 0.1651611328125 -0.0578155517578125
-0.104240417480469 0.06842041015625 0.22943115234375 -0.11285400390625
-0.0944976806640625 0.0658950805664062 0.249954223632813 -0.168609619140625
-0.108100891113281 0.0459671020507813 0.2056884765625 -0.163055419921875
-0.11114501953125 0.0768508911132812 0.0970611572265625 -0.187606811523438
-0.100639343261719 0.0859375 -0.0133819580078125 -0.18524169921875
-0.082061767578125 0.0926055908203125 -0.112617492675781 -0.113204956054687
-0.02191162109375 0.105911254882813 -0.117691040039063 0.00342559814453124
-0.00778961181640624 0.126304626464844 -0.0927276611328125 0.0876388549804688
0.0312271118164062 0.110382080078125 -0.0427474975585938 0.123695373535156
0.0402297973632813 0.114730834960938 -0.0912933349609375 0.15631103515625
-0.00100135803222656 0.0114555358886719 0.046539306640625 -0.169845581054688
-0.00662040710449219 -0.00901985168457031 0.0240631103515625 -0.14910888671875
-0.00902462005615234 -0.00423526763916015 0.074615478515625 -0.092620849609375
-0.00380134582519531 -0.00636148452758789 0.104110717773437 -0.0155563354492188
-0.00560951232910156 -0.0103511810302734 0.0865097045898438 0.0973892211914063
-0.000254631042480468 -0.0147495269775391 0.0287322998046875 0.177352905273438
0.00204038619995117 -0.00725221633911133 -0.0846405029296875 0.198959350585938
0.00786209106445313 -0.0116643905639648 -0.1846923828125 0.159637451171875
0.0174732208251953 -0.00883674621582031 -0.237762451171875 0.165115356445313
0.00812435150146484 -0.00616073608398438 -0.217987060546875 0.12567138671875
0.00812292098999024 -0.00152587890625 -0.138206481933594 0.0650177001953125
0.00587081909179687 -0.0110740661621094 -0.0890045166015625 -0.0192184448242188
0.00105953216552734 -0.00896644592285156 -0.0825729370117188 -0.0845413208007812
0.00771522521972656 -0.0115232467651367 -0.1485595703125 -0.124740600585938
0.00639200210571289 -0.00411319732666016 -0.235641479492188 -0.20733642578125
0.0560760498046875 0.103187561035156 0.058013916015625 -0.16583251953125
0.0344009399414062 0.0822601318359375 0.038177490234375 -0.150146484375
0.012725830078125 0.110443115234375 0.0827560424804688 -0.0915908813476562
-0.026947021484375 0.0955734252929687 0.116714477539063 -0.0248260498046875
-0.0740966796875 0.0797576904296875 0.093475341796875 0.081329345703125
-0.0859909057617188 0.0757598876953125 0.04541015625 0.17071533203125
-0.0885848999023437 0.0706634521484375 -0.0643768310546875 0.191009521484375
-0.0938796997070312 0.0324783325195313 -0.165390014648438 0.152175903320313
-0.0756607055664063 0.0488204956054687 -0.2239990234375 0.161514282226563
-0.0765304565429688 0.0427398681640625 -0.211944580078125 0.12103271484375
-0.0652427673339844 0.0407485961914063 -0.141403198242188 0.05987548828125
-0.0314254760742187 0.0380134582519531 -0.0912628173828125 -0.0202178955078125
-0.0255546569824219 0.0528144836425781 -0.079376220703125 -0.083892822265625
0.00763702392578125 0.0617141723632813 -0.14111328125 -0.127456665039062
0.0289306640625 0.079833984375 -0.233261108398437 -0.204559326171875
0.102066040039063 0.178558349609375 0.0883636474609375 -0.133430480957031
0.0676116943359375 0.157791137695313 0.072021484375 -0.128341674804688
0.032501220703125 0.205947875976563 0.09954833984375 -0.0810928344726562
-0.044647216796875 0.182571411132813 0.13385009765625 -0.0348129272460937
-0.1309814453125 0.158599853515625 0.108970642089844 0.0487518310546875
-0.157974243164063 0.156173706054688 0.074493408203125 0.133583068847656
-0.164169311523438 0.137115478515625 -0.022613525390625 0.147918701171875
-0.181564331054688 0.071258544921875 -0.119087219238281 0.120101928710937
-0.160736083984375 0.1014404296875 -0.186187744140625 0.137741088867187
-0.157089233398438 0.09271240234375 -0.194671630859375 0.10577392578125
-0.136665344238281 0.0916519165039063 -0.145660400390625 0.0519561767578125
-0.0656509399414062 0.097625732421875 -0.10009765625 -0.0175399780273438
-0.047943115234375 0.122482299804688 -0.08831787109375 -0.0744094848632813
0.0124130249023437 0.135391235351562 -0.138267517089844 -0.116676330566406
0.0514984130859375 0.155670166015625 -0.22418212890625 -0.176498413085937
0.125686645507812 0.227508544921875 0.131172180175781 -0.0804672241210937
0.0818328857421875 0.205276489257813 0.116981506347656 -0.08587646484375
0.03765869140625 0.264373779296875 0.121101379394531 -0.058685302734375
-0.0614776611328125 0.2347412109375 0.150909423828125 -0.0404052734375
-0.172027587890625 0.206451416015625 0.126655578613281 0.00797271728515626
-0.208023071289063 0.2076416015625 0.111152648925781 0.075042724609375
-0.2147216796875 0.178909301757813 0.0345535278320312 0.0813064575195313
-0.241119384765625 0.0983123779296875 -0.052520751953125 0.0677261352539062
-0.224349975585938 0.144256591796875 -0.128753662109375 0.0920333862304688
-0.220611572265625 0.143783569335938 -0.164047241210938 0.0704803466796875
-0.19305419921875 0.14996337890625 -0.146865844726562 0.0338897705078125
-0.08642578125 0.165939331054688 -0.111213684082031 -0.0113906860351562
-0.0566558837890625 0.196624755859375 -0.100425720214844 -0.0515213012695312
0.0254364013671875 0.200607299804688 -0.133659362792969 -0.0858306884765625
0.0726318359375 0.214813232421875 -0.208847045898438 -0.12274169921875
0.12451171875 0.240936279296875 0.175186157226563 -0.0119476318359375
0.0734405517578125 0.21551513671875 0.157867431640625 -0.027984619140625
0.024261474609375 0.2720947265625 0.136253356933594 -0.02703857421875
-0.0763092041015625 0.236465454101563 0.160430908203125 -0.0352783203125
-0.189254760742187 0.207290649414063 0.143890380859375 -0.0310516357421875
-0.227890014648438 0.218246459960937 0.14862060546875 0.00573730468750001
-0.231521606445313 0.188934326171875 0.0980758666992187 0.00199890136718751
-0.263381958007813 0.110595703125 0.0243587493896484 0.00375556945800782
-0.252822875976563 0.167877197265625 -0.0596771240234375 0.0259780883789062
-0.247817993164063 0.180313110351563 -0.120185852050781 0.0134201049804687
-0.215316772460937 0.197067260742187 -0.142562866210938 0.00177001953125003
-0.0858306884765625 0.218368530273438 -0.118820190429688 -0.00448608398437501
-0.0484771728515625 0.250579833984375 -0.1070556640625 -0.0161819458007812
0.044586181640625 0.24114990234375 -0.11920166015625 -0.037200927734375
0.0880889892578125 0.243484497070313 -0.181991577148438 -0.05145263671875
0.101882934570313 0.219512939453125 0.2110595703125 0.0573272705078125
0.048583984375 0.190032958984375 0.1815185546875 0.033294677734375
0.000930786132812519 0.230804443359375 0.135894775390625 0.00888061523437502
-0.0824432373046875 0.190261840820313 0.155593872070312 -0.020294189453125
-0.178878784179688 0.164382934570312 0.154220581054688 -0.05584716796875
-0.213668823242188 0.186553955078125 0.180526733398438 -0.0534515380859375
-0.212478637695313 0.168365478515625 0.158218383789063 -0.07281494140625
-0.244659423828125 0.105545043945313 0.0985488891601563 -0.0619583129882813
-0.239303588867187 0.165802001953125 0.00723648071289061 -0.0522308349609375
-0.230316162109375 0.184967041015625 -0.0754623413085938 -0.0588302612304687
-0.19805908203125 0.2054443359375 -0.133232116699219 -0.0401763916015625
-0.067596435546875 0.227523803710938 -0.119903564453125 0.000892639160156245
-0.030242919921875 0.259384155273438 -0.103057861328125 0.025726318359375
0.056640625 0.237533569335938 -0.0930252075195312 0.02191162109375
0.0915374755859375 0.234725952148437 -0.148361206054688 0.028564453125
0.068084716796875 0.16729736328125 0.2320556640625 0.119308471679688
0.0227508544921875 0.13909912109375 0.183135986328125 0.0863494873046875
-0.013946533203125 0.159622192382813 0.119430541992188 0.0394363403320313
-0.069610595703125 0.120864868164063 0.136520385742188 -0.00225067138671874
-0.138412475585938 0.101814270019531 0.157546997070313 -0.064697265625
-0.165985107421875 0.13092041015625 0.20361328125 -0.0953826904296875
-0.161712646484375 0.123931884765625 0.204360961914063 -0.132583618164063
-0.18829345703125 0.0842742919921875 0.157516479492188 -0.120452880859375
-0.18572998046875 0.134078979492187 0.0589065551757812 -0.126106262207031
-0.1729736328125 0.15142822265625 -0.0400390625 -0.126930236816406
-0.144882202148438 0.166122436523438 -0.122230529785156 -0.078643798828125
-0.0413360595703125 0.1842041015625 -0.116195678710937 0.00421142578125002
-0.0117340087890625 0.211578369140625 -0.0932769775390625 0.0617752075195313
0.0544891357421875 0.188430786132813 -0.0617141723632812 0.0780487060546875
0.07745361328125 0.18597412109375 -0.1114501953125 0.0997390747070313
0.0300064086914063 0.0958175659179688 0.2413330078125 0.16339111328125
0.00623321533203124 0.0770950317382812 0.1728515625 0.122161865234375
-0.0123672485351562 0.0838088989257813 0.0984268188476562 0.0577621459960938
-0.0388717651367188 0.0555572509765625 0.115943908691406 0.0110931396484375
-0.0790481567382813 0.045867919921875 0.154937744140625 -0.0616455078125
-0.0958938598632813 0.0716018676757812 0.216964721679688 -0.117645263671875
-0.0874481201171875 0.0674362182617188 0.233444213867188 -0.171188354492188
-0.103401184082031 0.0483856201171875 0.192718505859375 -0.161361694335938
-0.103935241699219 0.0774078369140625 0.0861053466796875 -0.18218994140625
-0.0927505493164063 0.0874481201171875 -0.0218658447265625 -0.1778564453125
-0.0763473510742187 0.0926055908203125 -0.114028930664062 -0.105239868164063
-0.017120361328125 0.102439880371094 -0.112472534179688 0.00686645507812502
-0.00228118896484376 0.121719360351562 -0.0853042602539063 0.0869522094726563
0.03265380859375 0.104148864746094 -0.0377044677734375 0.119239807128906
0.0441513061523437 0.108673095703125 -0.0826568603515625 0.153640747070313
-0.000162124633789062 0.0104894638061523 0.044403076171875 -0.167449951171875
-0.00687122344970703 -0.00897789001464844 0.022216796875 -0.146804809570313
-0.00899696350097656 -0.00426578521728515 0.072296142578125 -0.0931396484375
-0.0045022964477539 -0.00688934326171875 0.101486206054688 -0.0158309936523438
-0.00675582885742187 -0.0100803375244141 0.0856399536132812 0.0967254638671875
-0.000615119934082031 -0.0150747299194336 0.031890869140625 0.173370361328125
0.00237846374511719 -0.00829839706420898 -0.0808563232421875 0.1934814453125
0.00746822357177734 -0.0129241943359375 -0.182403564453125 0.15435791015625
0.0180110931396484 -0.00984001159667969 -0.2310791015625 0.162887573242188
0.00864410400390625 -0.0060429573059082 -0.210433959960938 0.123916625976562
0.00861740112304687 -0.00121831893920898 -0.134376525878906 0.0638198852539062
0.00501346588134766 -0.0110177993774414 -0.0894546508789063 -0.0180892944335937
0.000586986541748046 -0.00797224044799805 -0.0831527709960937 -0.0829544067382813
0.00813484191894531 -0.0120792388916016 -0.146377563476562 -0.12127685546875
0.00761651992797852 -0.00568771362304688 -0.233932495117188 -0.200119018554687
0.056732177734375 0.0996551513671875 0.0551300048828125 -0.163818359375
0.0340194702148438 0.0798797607421875 0.034912109375 -0.148178100585938
0.0142593383789063 0.10791015625 0.0814285278320312 -0.09228515625
-0.0262603759765625 0.0938568115234375 0.113304138183594 -0.0253982543945312
-0.0735549926757813 0.0804443359375 0.0921478271484375 0.0811233520507813
-0.0829315185546875 0.0756301879882812 0.0486602783203125 0.166412353515625
-0.0854721069335938 0.06976318359375 -0.06121826171875 0.184707641601563
-0.09185791015625 0.0322418212890625 -0.163040161132813 0.147354125976562
-0.072479248046875 0.0468978881835938 -0.216827392578125 0.158584594726562
-0.0728530883789063 0.0422515869140625 -0.205184936523438 0.1192626953125
-0.0629005432128906 0.041259765625 -0.137886047363281 0.0597991943359375
-0.0310859680175781 0.0369186401367188 -0.0919876098632813 -0.0194168090820313
-0.0248336791992187 0.0519943237304688 -0.0800857543945312 -0.0821914672851563
0.00828170776367188 0.0584869384765625 -0.139610290527344 -0.124908447265625
0.0308303833007812 0.0762863159179688 -0.230850219726563 -0.197784423828125
0.10247802734375 0.172210693359375 0.0847854614257813 -0.1322021484375
0.066802978515625 0.154296875 0.0684890747070313 -0.127197265625
0.03509521484375 0.200897216796875 0.09869384765625 -0.0815658569335937
-0.0430450439453125 0.179641723632813 0.12994384765625 -0.0353622436523437
-0.128692626953125 0.159133911132813 0.106475830078125 0.0488967895507813
-0.152450561523438 0.155364990234375 0.0772323608398437 0.1287841796875
-0.159042358398438 0.136245727539062 -0.020721435546875 0.143356323242188
-0.17767333984375 0.071441650390625 -0.117294311523438 0.116157531738281
-0.155059814453125 0.0996246337890625 -0.179946899414063 0.135894775390625
-0.150741577148438 0.0931549072265625 -0.188751220703125 0.10406494140625
-0.132514953613281 0.0914840698242187 -0.14263916015625 0.05206298828125
-0.0647735595703125 0.0948257446289063 -0.0996627807617187 -0.0163421630859375
-0.0460128784179688 0.119285583496094 -0.0879592895507813 -0.07305908203125
0.0126571655273438 0.129920959472656 -0.137176513671875 -0.114479064941406
0.0531768798828125 0.15106201171875 -0.222671508789063 -0.17071533203125
0.125625610351563 0.22027587890625 0.127113342285156 -0.0809860229492187
0.0806732177734375 0.200088500976563 0.112358093261719 -0.0858688354492187
0.0408172607421875 0.25787353515625 0.1207275390625 -0.05963134765625
-0.0588531494140625 0.2308349609375 0.146865844726563 -0.0402984619140625
-0.16876220703125 0.20660400390625 0.123489379882813 0.00839996337890626
-0.201370239257813 0.207122802734375 0.112716674804687 0.0705795288085938
-0.207870483398438 0.178390502929688 0.034698486328125 0.0772933959960938
-0.236053466796875 0.0982818603515625 -0.052032470703125 0.0653343200683594
-0.217193603515625 0.142074584960938 -0.124710083007813 0.0906143188476562
-0.212051391601562 0.144134521484375 -0.159515380859375 0.069610595703125
-0.187179565429688 0.149856567382812 -0.144317626953125 0.0347900390625
-0.08502197265625 0.16229248046875 -0.110305786132813 -0.00973510742187499
-0.053375244140625 0.19287109375 -0.0997161865234375 -0.0508499145507812
0.0253143310546875 0.194046020507812 -0.132499694824219 -0.0853958129882813
0.07421875 0.208877563476563 -0.207412719726562 -0.119094848632812
0.124603271484375 0.233444213867187 0.171112060546875 -0.014373779296875
0.0722198486328125 0.209609985351563 0.152984619140625 -0.0290679931640625
0.0274505615234375 0.265106201171875 0.134918212890625 -0.0274200439453125
-0.07366943359375 0.232696533203125 0.1563720703125 -0.0354461669921875
-0.18597412109375 0.2080078125 0.139442443847656 -0.0298843383789062
-0.21978759765625 0.217605590820313 0.148681640625 0.00239562988281251
-0.223190307617187 0.188720703125 0.095916748046875 -0.000816345214843738
-0.258209228515625 0.110458374023437 0.0233821868896484 0.00312423706054688
-0.244873046875 0.165374755859375 -0.0574493408203125 0.0254974365234375
-0.239212036132813 0.180038452148438 -0.119010925292969 0.0142669677734375
-0.210678100585938 0.196182250976562 -0.140533447265625 0.00396728515624999
-0.084075927734375 0.214187622070313 -0.116844177246094 -0.00287628173828126
-0.0446319580078125 0.24591064453125 -0.105377197265625 -0.016082763671875
0.0436248779296875 0.2335205078125 -0.118453979492187 -0.0375823974609375
0.08953857421875 0.236862182617188 -0.180908203125 -0.0495147705078125
0.102035522460937 0.213150024414063 0.206405639648438 0.0540771484375
0.0484771728515625 0.184799194335938 0.17669677734375 0.030548095703125
0.00450134277343748 0.224960327148438 0.134521484375 0.00807189941406251
-0.080169677734375 0.186660766601563 0.151214599609375 -0.020782470703125
-0.175323486328125 0.165008544921875 0.1494140625 -0.0550537109375
-0.20526123046875 0.18646240234375 0.178741455078125 -0.0554351806640625
-0.205108642578125 0.167984008789063 0.153915405273438 -0.074066162109375
-0.240554809570313 0.105499267578125 0.0965652465820312 -0.0614852905273437
-0.2318115234375 0.16363525390625 0.00725173950195311 -0.0510444641113281
-0.222152709960938 0.184249877929688 -0.0756683349609375 -0.056793212890625
-0.192428588867188 0.204620361328125 -0.131805419921875 -0.0378265380859375
-0.06622314453125 0.223236083984375 -0.117645263671875 0.00135803222656253
-0.027313232421875 0.254074096679688 -0.101097106933594 0.0243988037109375
0.055908203125 0.231109619140625 -0.0922470092773438 0.0205307006835938
0.092742919921875 0.228729248046875 -0.146942138671875 0.0283660888671875
0.0686492919921875 0.16168212890625 0.227981567382812 0.1151123046875
0.0226974487304687 0.135398864746094 0.179733276367188 0.082916259765625
-0.0110626220703125 0.15478515625 0.117813110351563 0.0375595092773438
-0.0677719116210938 0.117942810058594 0.133323669433594 -0.00315093994140624
-0.135604858398438 0.102821350097656 0.1519775390625 -0.0638580322265625
-0.159103393554688 0.13177490234375 0.199325561523438 -0.0966033935546875
-0.1561279296875 0.123733520507813 0.19842529296875 -0.132110595703125
-0.185287475585938 0.0838775634765624 0.154296875 -0.11761474609375
-0.180938720703125 0.13226318359375 0.0577468872070313 -0.123176574707031
-0.16705322265625 0.150726318359375 -0.0418548583984375 -0.124130249023437
-0.141677856445313 0.165695190429688 -0.121406555175781 -0.0759963989257813
-0.04022216796875 0.180633544921875 -0.113716125488281 0.00489044189453128
-0.00967407226562499 0.207763671875 -0.090789794921875 0.0602264404296875
0.052642822265625 0.183517456054687 -0.061767578125 0.0750350952148438
0.07818603515625 0.181198120117187 -0.109954833984375 0.0983657836914063
0.0310592651367188 0.092620849609375 0.236587524414063 0.1572265625
0.00597381591796875 0.0748367309570313 0.170364379882813 0.118408203125
-0.0103378295898437 0.080352783203125 0.09674072265625 0.0562667846679688
-0.037689208984375 0.0538291931152344 0.112358093261719 0.010284423828125
-0.077484130859375 0.0471725463867188 0.149337768554688 -0.0613555908203125
-0.0913848876953125 0.0722579956054687 0.21051025390625 -0.118118286132813
-0.0837860107421875 0.0671005249023438 0.226409912109375 -0.168975830078125
-0.101776123046875 0.0485153198242188 0.188674926757813 -0.157211303710938
-0.101921081542969 0.0763626098632813 0.0839691162109375 -0.177902221679688
-0.0888214111328125 0.0869903564453125 -0.025054931640625 -0.17401123046875
-0.0744781494140625 0.0920944213867188 -0.113906860351563 -0.1025390625
-0.0165252685546875 0.0999679565429688 -0.109786987304688 0.007171630859375
-0.000640869140624989 0.119926452636719 -0.0824966430664063 0.0847244262695313
0.0304183959960937 0.102256774902344 -0.0373382568359375 0.116668701171875
0.044891357421875 0.105422973632813 -0.0811004638671875 0.15093994140625
0.000766754150390625 0.00930976867675781 0.0439453125 -0.171218872070313
-0.00725173950195312 -0.00902938842773438 0.0201263427734375 -0.1500244140625
-0.00937080383300781 -0.00426387786865234 0.0716705322265625 -0.0975341796875
-0.00524330139160156 -0.00735807418823242 0.101974487304688 -0.0169601440429688
-0.00786209106445313 -0.009979248046875 0.0888595581054688 0.0987472534179688
-0.00124835968017578 -0.0158815383911133 0.0367431640625 0.174331665039063
0.00239467620849609 -0.00917530059814453 -0.080230712890625 0.194168090820313
0.00753307342529297 -0.0144424438476562 -0.186233520507813 0.15594482421875
0.0188827514648438 -0.0119113922119141 -0.232284545898437 0.167022705078125
0.00951004028320313 -0.00651741027832031 -0.2108154296875 0.12646484375
0.00964641571044922 -0.00122451782226563 -0.134925842285156 0.0662307739257812
0.00426292419433594 -0.0108737945556641 -0.0922470092773438 -0.0172576904296875
9.15527343750003E-05 -0.0072026252746582 -0.0870742797851563 -0.0829010009765625
0.00863742828369141 -0.0126523971557617 -0.149490356445313 -0.121841430664063
0.00874900817871094 -0.00747346878051758 -0.240203857421875 -0.199050903320312
0.059722900390625 0.0985870361328125 0.054107666015625 -0.16766357421875
0.0348052978515625 0.0811004638671875 0.03253173828125 -0.151580810546875
0.0164108276367188 0.108940124511719 0.0817337036132813 -0.0970001220703125
-0.0260009765625 0.0957565307617188 0.113746643066406 -0.0266876220703125
-0.074951171875 0.0837783813476563 0.0946426391601563 0.0831222534179688
-0.0834197998046875 0.0777359008789063 0.05419921875 0.166336059570313
-0.0851058959960938 0.0716323852539062 -0.0600433349609375 0.185958862304688
-0.0934677124023438 0.0327072143554688 -0.16595458984375 0.148773193359375
-0.0715713500976563 0.0470123291015625 -0.218017578125 0.162841796875
-0.0714035034179688 0.043548583984375 -0.20562744140625 0.122222900390625
-0.0621528625488281 0.0430641174316406 -0.13885498046875 0.0618209838867188
-0.0324668884277344 0.0373954772949219 -0.0944366455078125 -0.0180282592773438
-0.0248069763183594 0.0533523559570312 -0.0839157104492188 -0.0830535888671875
0.00867462158203124 0.0576133728027344 -0.1431884765625 -0.126068115234375
0.033172607421875 0.0756454467773438 -0.238388061523438 -0.19671630859375
0.10693359375 0.172409057617187 0.0845947265625 -0.136238098144531
0.068267822265625 0.15557861328125 0.0660018920898438 -0.130477905273438
0.0394287109375 0.202789306640625 0.100746154785156 -0.085845947265625
-0.041839599609375 0.18304443359375 0.130645751953125 -0.0371017456054687
-0.129348754882812 0.165679931640625 0.108589172363281 0.050048828125
-0.152328491210938 0.160324096679687 0.0826034545898437 0.127731323242188
-0.1580810546875 0.140594482421875 -0.019256591796875 0.14349365234375
-0.1802978515625 0.0738067626953125 -0.119674682617188 0.117416381835938
-0.154632568359375 0.100906372070313 -0.180618286132813 0.138687133789062
-0.149276733398437 0.09619140625 -0.189834594726562 0.107177734375
-0.132591247558594 0.0952911376953125 -0.144195556640625 0.0548248291015625
-0.0658493041992187 0.0962295532226563 -0.10302734375 -0.0148086547851563
-0.0451431274414062 0.121772766113281 -0.0913162231445312 -0.073516845703125
0.0130538940429687 0.129913330078125 -0.1412353515625 -0.1162109375
0.056549072265625 0.151260375976563 -0.2301025390625 -0.169906616210938
0.131378173828125 0.220626831054688 0.127861022949219 -0.0843582153320312
0.0830535888671875 0.201797485351563 0.110870361328125 -0.0884933471679687
0.046173095703125 0.260665893554688 0.123542785644531 -0.0635223388671875
-0.05810546875 0.235382080078125 0.14837646484375 -0.0426788330078125
-0.169784545898438 0.215576171875 0.1251220703125 0.00897216796875001
-0.200424194335937 0.21392822265625 0.117927551269531 0.06793212890625
-0.207138061523437 0.184402465820313 0.0352249145507812 0.0763168334960938
-0.239791870117188 0.10296630859375 -0.0529518127441406 0.06597900390625
-0.217453002929688 0.14459228515625 -0.124740600585938 0.0924835205078125
-0.211349487304687 0.14892578125 -0.161651611328125 0.0724945068359375
-0.188613891601563 0.155929565429687 -0.146453857421875 0.03759765625
-0.0858917236328125 0.164642333984375 -0.1129150390625 -0.00798034667968749
-0.0520477294921875 0.195846557617188 -0.102455139160156 -0.0514068603515625
0.026397705078125 0.194869995117188 -0.137062072753906 -0.087188720703125
0.0784759521484375 0.21014404296875 -0.2135009765625 -0.117904663085937
0.130889892578125 0.233688354492188 0.172470092773438 -0.01641845703125
0.0741729736328125 0.211090087890625 0.15313720703125 -0.03131103515625
0.03314208984375 0.26690673828125 0.138900756835938 -0.030303955078125
-0.0728302001953125 0.237045288085937 0.1573486328125 -0.0374908447265625
-0.186721801757813 0.216323852539063 0.140518188476563 -0.030487060546875
-0.218612670898437 0.22406005859375 0.153152465820313 -0.00109863281249999
-0.22259521484375 0.194671630859375 0.0968475341796875 -0.00355529785156249
-0.262176513671875 0.115509033203125 0.0238723754882812 0.00282859802246094
-0.246047973632812 0.169662475585938 -0.0570945739746094 0.0261573791503906
-0.237945556640625 0.185882568359375 -0.121063232421875 0.0157241821289062
-0.211898803710938 0.203506469726563 -0.14385986328125 0.00610351562500002
-0.0845184326171875 0.217758178710938 -0.118865966796875 -0.00144195556640621
-0.0423126220703125 0.24993896484375 -0.107460021972656 -0.0162811279296875
0.0446929931640625 0.235458374023438 -0.122726440429688 -0.0390548706054687
0.09454345703125 0.239044189453125 -0.186447143554687 -0.04827880859375
0.107147216796875 0.213668823242188 0.208953857421875 0.052001953125
0.049346923828125 0.186431884765625 0.17840576171875 0.029510498046875
0.00874328613281248 0.2261962890625 0.138107299804688 0.00599670410156251
-0.0795440673828125 0.19036865234375 0.15234375 -0.021759033203125
-0.176025390625 0.172515869140625 0.14990234375 -0.0561370849609375
-0.203475952148438 0.1929931640625 0.1826171875 -0.060455322265625
-0.203628540039063 0.1734619140625 0.154693603515625 -0.0780029296875
-0.244384765625 0.110916137695312 0.0976638793945312 -0.0629043579101563
-0.233612060546875 0.168838500976563 0.00818634033203123 -0.0518455505371094
-0.221832275390625 0.190048217773438 -0.0784988403320313 -0.0561370849609375
-0.194503784179688 0.2122802734375 -0.13525390625 -0.035919189453125
-0.065765380859375 0.227401733398438 -0.119621276855469 0.00339508056640625
-0.0237274169921875 0.258560180664063 -0.1025390625 0.024932861328125
0.056549072265625 0.233810424804687 -0.095672607421875 0.0197677612304688
0.09735107421875 0.2314453125 -0.15093994140625 0.0305328369140625
0.0727996826171875 0.1619873046875 0.231124877929687 0.113876342773437
0.0232391357421875 0.136154174804687 0.18292236328125 0.08258056640625
-0.008270263671875 0.155502319335938 0.120941162109375 0.0372314453125
-0.067626953125 0.120071411132813 0.133926391601563 -0.00355529785156249
-0.136947631835938 0.108451843261719 0.151947021484375 -0.0657806396484375
-0.156997680664063 0.1363525390625 0.2020263671875 -0.10186767578125
-0.153976440429688 0.12744140625 0.199417114257813 -0.136489868164063
-0.188018798828125 0.0883941650390625 0.156967163085938 -0.119537353515625
-0.182388305664063 0.136581420898437 0.0577316284179687 -0.125099182128906
-0.16644287109375 0.155609130859375 -0.04534912109375 -0.12469482421875
-0.14288330078125 0.171600341796875 -0.125701904296875 -0.075714111328125
-0.0397186279296875 0.183883666992187 -0.115005493164063 0.00579833984375001
-0.0059661865234375 0.211380004882813 -0.091278076171875 0.06146240234375
0.0529327392578125 0.186752319335938 -0.0636672973632812 0.0755844116210938
0.0820465087890625 0.183456420898437 -0.112503051757813 0.101127624511719
0.0337600708007812 0.0919265747070312 0.240707397460938 0.156646728515625
0.00604248046874999 0.0753555297851563 0.174514770507812 0.11834716796875
-0.00862884521484374 0.0806732177734375 0.0986557006835938 0.0561904907226563
-0.0379867553710938 0.0541915893554687 0.1131591796875 0.00999450683593751
-0.077301025390625 0.0506668090820313 0.149154663085937 -0.0634765625
-0.0893707275390625 0.0754241943359375 0.211074829101563 -0.123123168945313
-0.0823974609375 0.0689773559570312 0.226776123046875 -0.173110961914063
-0.103187561035156 0.0506439208984375 0.19189453125 -0.159744262695313
-0.102821350097656 0.0791778564453125 0.083587646484375 -0.18072509765625
-0.0882110595703125 0.0895767211914062 -0.028961181640625 -0.1756591796875
-0.0752334594726562 0.0952224731445313 -0.118377685546875 -0.103080749511719
-0.0165023803710937 0.101577758789062 -0.111068725585938 0.00818634033203126
0.00191497802734374 0.121772766113281 -0.0826034545898438 0.08624267578125
0.0302505493164063 0.104537963867188 -0.0383682250976563 0.117813110351563
0.0471420288085938 0.106369018554688 -0.08197021484375 0.154327392578125
0.00183439254760742 0.00834894180297852 0.0369873046875 -0.17852783203125
-0.00856971740722656 -0.0087890625 0.0121002197265625 -0.155349731445313
-0.00993061065673828 -0.00419902801513672 0.067291259765625 -0.105712890625
-0.00653457641601563 -0.00804233551025391 0.10296630859375 -0.0227203369140625
-0.00955772399902344 -0.00915718078613281 0.0969467163085938 0.09844970703125
-0.00183677673339844 -0.0159597396850586 0.0479888916015625 0.174880981445313
0.001922607421875 -0.0100650787353516 -0.07342529296875 0.200485229492188
0.00671958923339844 -0.0157203674316406 -0.186676025390625 0.167068481445313
0.0188274383544922 -0.0146579742431641 -0.229141235351563 0.181365966796875
0.00997066497802734 -0.00768661499023438 -0.208206176757813 0.13897705078125
0.0107641220092773 -0.00137710571289063 -0.13427734375 0.073455810546875
0.00323772430419922 -0.0106277465820313 -0.0969161987304688 -0.0125885009765625
-9.15527343750006E-05 -0.00622272491455078 -0.0952377319335937 -0.0802230834960938
0.00839710235595703 -0.0141811370849609 -0.159561157226563 -0.117721557617188
0.00922775268554688 -0.00950241088867188 -0.257125854492188 -0.190093994140625
0.0664520263671875 0.0965042114257812 0.04730224609375 -0.175460815429688
0.0387725830078125 0.08135986328125 0.02362060546875 -0.15673828125
0.0226974487304687 0.110336303710937 0.0784835815429687 -0.105453491210937
-0.0225601196289063 0.0991592407226563 0.114265441894531 -0.032989501953125
-0.07305908203125 0.09161376953125 0.101959228515625 0.0822906494140625
-0.0808944702148438 0.0842132568359375 0.0658721923828125 0.166122436523438
-0.08282470703125 0.077178955078125 -0.052825927734375 0.191192626953125
-0.0941848754882813 0.038055419921875 -0.165771484375 0.1593017578125
-0.0699882507324219 0.0496826171875 -0.21453857421875 0.175689697265625
-0.0695762634277344 0.048004150390625 -0.203262329101563 0.134490966796875
-0.060546875 0.0475845336914063 -0.13861083984375 0.0698318481445313
-0.0322456359863281 0.0397682189941406 -0.0994338989257813 -0.0129165649414062
-0.0228271484375 0.056304931640625 -0.0913009643554688 -0.0799789428710938
0.011199951171875 0.0576210021972656 -0.153671264648438 -0.12310791015625
0.0381546020507813 0.07489013671875 -0.255477905273438 -0.187652587890625
0.118484497070312 0.16937255859375 0.0794525146484375 -0.144454956054688
0.07672119140625 0.15594482421875 0.0590438842773438 -0.136222839355469
0.0512237548828125 0.205337524414063 0.0997161865234375 -0.0954513549804687
-0.034759521484375 0.189697265625 0.131217956542969 -0.0440826416015625
-0.124801635742187 0.179153442382813 0.114044189453125 0.0482177734375
-0.1470947265625 0.17254638671875 0.0935821533203125 0.124519348144531
-0.153976440429688 0.15167236328125 -0.0134124755859375 0.145675659179688
-0.18170166015625 0.0843048095703125 -0.11859130859375 0.124885559082031
-0.151763916015625 0.10882568359375 -0.177871704101563 0.149765014648437
-0.146148681640625 0.105545043945312 -0.189208984375 0.118865966796875
-0.130455017089844 0.105377197265625 -0.145050048828125 0.0628814697265625
-0.06390380859375 0.10137939453125 -0.10736083984375 -0.00917816162109374
-0.0400009155273437 0.126914978027344 -0.0984725952148438 -0.070648193359375
0.018035888671875 0.130783081054688 -0.151580810546875 -0.113433837890625
0.0658416748046875 0.151565551757813 -0.245834350585938 -0.160919189453125
0.146392822265625 0.217529296875 0.125984191894531 -0.0929489135742187
0.093658447265625 0.202056884765625 0.107040405273438 -0.0956192016601562
0.06146240234375 0.262725830078125 0.124855041503906 -0.073028564453125
-0.0481109619140625 0.244400024414063 0.149124145507813 -0.0501556396484375
-0.163726806640625 0.232284545898437 0.128471374511719 0.00498199462890626
-0.193115234375 0.229476928710937 0.126602172851563 0.06146240234375
-0.201065063476563 0.199172973632813 0.0393905639648437 0.0747909545898438
-0.241302490234375 0.117462158203125 -0.0521507263183594 0.0694313049316407
-0.214370727539062 0.157821655273438 -0.122917175292969 0.099761962890625
-0.206451416015625 0.162109375 -0.162628173828125 0.082366943359375
-0.185317993164063 0.170486450195312 -0.148910522460938 0.046478271484375
-0.0819854736328125 0.172256469726563 -0.11712646484375 -0.00226593017578124
-0.04339599609375 0.202972412109375 -0.108421325683594 -0.0473785400390625
0.0334625244140625 0.197723388671875 -0.14666748046875 -0.08392333984375
0.09112548828125 0.211715698242188 -0.227127075195313 -0.109375
0.146331787109375 0.231475830078125 0.175201416015625 -0.0258331298828125
0.0846405029296875 0.212615966796875 0.153945922851563 -0.038909912109375
0.0484619140625 0.270523071289063 0.142044067382813 -0.03955078125
-0.0635986328125 0.246475219726563 0.158782958984375 -0.04461669921875
-0.181442260742188 0.234298706054687 0.142593383789063 -0.0361785888671875
-0.210342407226563 0.241470336914063 0.159027099609375 -0.0110626220703125
-0.2161865234375 0.210464477539063 0.0981826782226563 -0.00933074951171874
-0.263671875 0.131881713867188 0.0241928100585937 0.00128364562988282
-0.242965698242188 0.185440063476563 -0.0566482543945313 0.0285530090332031
-0.233154296875 0.201812744140625 -0.124038696289063 0.0227737426757812
-0.207656860351563 0.220947265625 -0.147476196289062 0.013885498046875
-0.07806396484375 0.227783203125 -0.122543334960938 0.00499725341796876
-0.0302581787109375 0.2584228515625 -0.111343383789063 -0.0115814208984375
0.055023193359375 0.23883056640625 -0.130111694335938 -0.0357894897460937
0.109359741210938 0.2415771484375 -0.195648193359375 -0.038970947265625
0.121627807617187 0.211807250976563 0.2159423828125 0.04339599609375
0.05804443359375 0.18743896484375 0.183303833007813 0.02178955078125
0.02093505859375 0.229202270507813 0.142868041992188 -0.000579833984374986
-0.072418212890625 0.198455810546875 0.15435791015625 -0.028411865234375
-0.172271728515625 0.188278198242188 0.149856567382813 -0.06280517578125
-0.19677734375 0.207870483398438 0.18585205078125 -0.0725860595703125
-0.197616577148438 0.186904907226562 0.15386962890625 -0.0874481201171875
-0.245040893554688 0.12640380859375 0.0983505249023437 -0.0687255859375
-0.230987548828125 0.183624267578125 0.00643920898437498 -0.0546760559082031
-0.216217041015625 0.206436157226563 -0.0843505859375 -0.0531387329101563
-0.189590454101562 0.229461669921875 -0.141281127929688 -0.0291290283203125
-0.0582122802734375 0.237289428710937 -0.122100830078125 0.00916290283203127
-0.01043701171875 0.266876220703125 -0.103675842285156 0.0298843383789063
0.067169189453125 0.2376708984375 -0.0996475219726563 0.0233917236328125
0.111770629882813 0.232742309570313 -0.1558837890625 0.0395355224609375
0.0831146240234375 0.159698486328125 0.241744995117188 0.105377197265625
0.0288543701171875 0.137603759765625 0.19134521484375 0.0760040283203125
-0.000244140624999997 0.157363891601563 0.125747680664063 0.03240966796875
-0.0638351440429688 0.125778198242187 0.136421203613281 -0.00842285156249999
-0.134140014648437 0.120445251464844 0.151260375976563 -0.0730133056640625
-0.1514892578125 0.147369384765625 0.202102661132812 -0.11572265625
-0.149017333984375 0.137359619140625 0.197158813476562 -0.149337768554687
-0.188491821289063 0.10052490234375 0.156936645507813 -0.1297607421875
-0.179946899414063 0.149154663085937 0.054046630859375 -0.131149291992188
-0.161666870117187 0.167999267578125 -0.0535202026367188 -0.124801635742188
-0.138763427734375 0.184814453125 -0.133575439453125 -0.0704421997070312
-0.03271484375 0.190826416015625 -0.117156982421875 0.0112762451171875
0.00555419921875001 0.217254638671875 -0.0899658203125 0.0665283203125
0.06231689453125 0.189315795898438 -0.0640029907226563 0.0793914794921875
0.093597412109375 0.184616088867188 -0.112625122070313 0.109588623046875
0.0398406982421875 0.0911026000976563 0.253616333007813 0.14898681640625
0.00944519042968751 0.0765914916992188 0.185272216796875 0.113128662109375
-0.00395202636718749 0.08123779296875 0.103157043457031 0.0538177490234375
-0.0367355346679687 0.0569076538085938 0.1151123046875 0.00659942626953125
-0.0762100219726562 0.0576095581054688 0.147811889648438 -0.0714111328125
-0.0857391357421875 0.0815963745117187 0.208770751953125 -0.136749267578125
-0.0790557861328125 0.0739517211914063 0.223556518554688 -0.187408447265625
-0.103446960449219 0.0574111938476562 0.1915283203125 -0.171478271484375
-0.101669311523438 0.0864105224609375 0.077545166015625 -0.188827514648438
-0.0850830078125 0.0955810546875 -0.0398712158203125 -0.177749633789063
-0.0732421875 0.102684020996094 -0.128105163574219 -0.10015869140625
-0.0124359130859375 0.104721069335938 -0.112831115722656 0.01275634765625
0.00853729248046874 0.124992370605469 -0.0797958374023438 0.091827392578125
0.0352401733398438 0.107261657714844 -0.0351791381835938 0.12164306640625
0.054290771484375 0.107078552246094 -0.078216552734375 0.161972045898437
0.00278854370117187 0.00691509246826172 0.0236053466796875 -0.18115234375
-0.00967788696289063 -0.007415771484375 -0.00119018554687499 -0.154129028320313
-0.0109157562255859 -0.00284862518310547 0.0566940307617188 -0.111663818359375
-0.00843620300292969 -0.00821876525878906 0.0994415283203125 -0.030242919921875
-0.0109777450561523 -0.00757980346679688 0.105354309082031 0.0911788940429687
-0.00296783447265625 -0.0156698226928711 0.062347412109375 0.168426513671875
0.00130844116210937 -0.0109119415283203 -0.05908203125 0.20269775390625
0.00566577911376953 -0.0168905258178711 -0.176254272460938 0.178878784179687
0.0175724029541016 -0.0176315307617188 -0.213607788085937 0.196762084960938
0.00978755950927734 -0.00854301452636719 -0.195144653320312 0.152816772460938
0.011326789855957 -0.00249767303466797 -0.127647399902344 0.0822372436523438
0.00188922882080078 -0.0104141235351563 -0.0985794067382813 -0.00424957275390626
-0.000326633453369141 -0.00456953048706055 -0.101646423339844 -0.0707855224609375
0.00726127624511719 -0.0155582427978516 -0.167465209960937 -0.104293823242188
0.00891971588134766 -0.0107517242431641 -0.269622802734375 -0.16717529296875
0.0736846923828125 0.08905029296875 0.0334320068359375 -0.178482055664062
0.0434799194335938 0.0782318115234375 0.00973510742187502 -0.156463623046875
0.0310516357421875 0.107719421386719 0.0690078735351562 -0.113258361816406
-0.0166778564453125 0.100044250488281 0.110176086425781 -0.041259765625
-0.0656509399414062 0.0985336303710938 0.10906982421875 0.0761184692382813
-0.073211669921875 0.089813232421875 0.0794525146484375 0.157211303710938
-0.075653076171875 0.0822525024414063 -0.0392303466796875 0.192108154296875
-0.0909576416015625 0.0438919067382812 -0.155487060546875 0.169174194335938
-0.0653915405273438 0.0526924133300781 -0.19970703125 0.189651489257813
-0.0641937255859375 0.0522003173828125 -0.191650390625 0.147674560546875
-0.0557937622070312 0.0520591735839844 -0.132110595703125 0.0787353515625
-0.0297508239746094 0.0419540405273438 -0.100563049316406 -0.00460815429687501
-0.0183601379394531 0.0581130981445313 -0.0976638793945312 -0.0708389282226563
0.0141029357910156 0.0554122924804688 -0.1624755859375 -0.1103515625
0.04443359375 0.0709457397460938 -0.2685546875 -0.16473388671875
0.131103515625 0.15740966796875 0.067413330078125 -0.14996337890625
0.086761474609375 0.149612426757813 0.0460586547851562 -0.138603210449219
0.067169189453125 0.19903564453125 0.0916519165039063 -0.105110168457031
-0.0213623046875 0.191268920898438 0.126380920410156 -0.0528030395507812
-0.110580444335938 0.190475463867188 0.118331909179688 0.0411605834960938
-0.1324462890625 0.182907104492187 0.103858947753906 0.113914489746094
-0.140090942382813 0.161788940429687 -0.00358581542968751 0.144378662109375
-0.17449951171875 0.0969696044921875 -0.110000610351562 0.1319580078125
-0.142181396484375 0.118011474609375 -0.165069580078125 0.16082763671875
-0.135414123535156 0.114852905273438 -0.179153442382813 0.131393432617188
-0.12091064453125 0.115386962890625 -0.139450073242188 0.0734710693359375
-0.0576171875 0.105148315429687 -0.1080322265625 -0.00037384033203122
-0.0300674438476562 0.129196166992188 -0.103622436523437 -0.0616378784179688
0.02593994140625 0.128196716308594 -0.160964965820313 -0.101654052734375
0.0780487060546875 0.145858764648438 -0.2567138671875 -0.138595581054687
0.16204833984375 0.202850341796875 0.117118835449219 -0.102241516113281
0.106521606445313 0.194137573242188 0.0969161987304688 -0.101699829101562
0.08111572265625 0.255218505859375 0.1190185546875 -0.0838241577148437
-0.030181884765625 0.246780395507813 0.143707275390625 -0.0599822998046875
-0.144012451171875 0.246414184570313 0.129241943359375 -0.00257873535156249
-0.173095703125 0.242904663085938 0.132118225097656 0.04815673828125
-0.182846069335938 0.21209716796875 0.0439186096191406 0.070281982421875
-0.230987548828125 0.1339111328125 -0.0475921630859375 0.072021484375
-0.200241088867188 0.171279907226563 -0.1143798828125 0.107131958007813
-0.19134521484375 0.1763916015625 -0.156021118164063 0.0942840576171875
-0.171371459960938 0.185195922851562 -0.144607543945313 0.05743408203125
-0.0697784423828125 0.177169799804688 -0.116737365722656 0.00693511962890624
-0.027191162109375 0.204818725585938 -0.111320495605469 -0.03857421875
0.046112060546875 0.193389892578125 -0.154647827148438 -0.073211669921875
0.108062744140625 0.203781127929688 -0.235580444335937 -0.089263916015625
0.162857055664063 0.216552734375 0.17144775390625 -0.0390472412109375
0.098175048828125 0.20458984375 0.148193359375 -0.0488739013671875
0.068115234375 0.263656616210937 0.139076232910156 -0.0516510009765625
-0.044769287109375 0.249588012695312 0.154525756835938 -0.054656982421875
-0.161544799804688 0.249542236328125 0.139053344726563 -0.0445556640625
-0.189727783203125 0.2557373046875 0.158676147460938 -0.0261993408203125
-0.196990966796875 0.224441528320313 0.0961685180664062 -0.0172576904296875
-0.252243041992188 0.150955200195312 0.0245780944824219 -0.00102233886718749
-0.227203369140625 0.201522827148438 -0.0540924072265625 0.0315322875976563
-0.214859008789062 0.218246459960938 -0.122688293457031 0.0324935913085937
-0.19012451171875 0.23809814453125 -0.146194458007813 0.025726318359375
-0.0623626708984375 0.232025146484375 -0.121726989746094 0.0143051147460938
-0.010101318359375 0.259552001953125 -0.11181640625 -0.00350189208984374
0.0696868896484375 0.233734130859375 -0.135238647460938 -0.0265350341796875
0.128341674804688 0.232208251953125 -0.199478149414063 -0.0223541259765625
0.137420654296875 0.198135375976563 0.21673583984375 0.0269927978515625
0.069366455078125 0.181365966796875 0.182830810546875 0.00897216796875001
0.038360595703125 0.22393798828125 0.14276123046875 -0.0118865966796875
-0.0572662353515625 0.202224731445313 0.151260375976562 -0.0380859375
-0.155960083007813 0.20269775390625 0.14447021484375 -0.0715789794921875
-0.177261352539063 0.220748901367188 0.179794311523438 -0.088348388671875
-0.180160522460937 0.199493408203125 0.145950317382813 -0.09906005859375
-0.2349853515625 0.144073486328125 0.0931015014648437 -0.0760345458984375
-0.215713500976563 0.199874877929688 0.00241470336914061 -0.0549087524414062
-0.198898315429688 0.220809936523437 -0.0889053344726563 -0.045501708984375
-0.171859741210938 0.24517822265625 -0.143234252929688 -0.017333984375
-0.0411529541015625 0.2403564453125 -0.120391845703125 0.0182113647460938
0.01092529296875 0.265914916992187 -0.100776672363281 0.036834716796875
0.0826873779296875 0.232284545898438 -0.100082397460938 0.0295562744140625
0.130111694335937 0.224075317382813 -0.153884887695313 0.0523529052734375
0.094818115234375 0.150405883789063 0.247222900390625 0.086578369140625
0.0375442504882813 0.133995056152344 0.195831298828125 0.0615692138671875
0.011962890625 0.154434204101563 0.127616882324219 0.0234222412109375
-0.0542144775390625 0.12939453125 0.134559631347656 -0.0160903930664062
-0.123008728027344 0.131736755371094 0.143798828125 -0.0819091796875
-0.136978149414062 0.157379150390625 0.192367553710938 -0.13037109375
-0.135848999023438 0.14605712890625 0.18365478515625 -0.16192626953125
-0.17987060546875 0.113815307617187 0.147476196289063 -0.140350341796875
-0.16790771484375 0.162200927734375 0.0443496704101562 -0.134796142578125
-0.14752197265625 0.178955078125 -0.0639724731445313 -0.1190185546875
-0.125091552734375 0.196868896484375 -0.138923645019531 -0.0594711303710937
-0.01898193359375 0.192169189453125 -0.114997863769531 0.019622802734375
0.0231781005859375 0.216110229492188 -0.0842132568359375 0.0719757080078125
0.074493408203125 0.185501098632813 -0.0597381591796875 0.0828857421875
0.108108520507813 0.17742919921875 -0.105453491210938 0.118537902832031
0.046539306640625 0.085540771484375 0.263076782226563 0.129180908203125
0.0143280029296875 0.0746383666992188 0.193405151367188 0.0984954833984375
0.00229644775390624 0.0792694091796875 0.106239318847656 0.0466384887695313
-0.0323867797851563 0.0588531494140625 0.1148681640625 0.000617980957031253
-0.0704269409179687 0.0641021728515625 0.140296936035156 -0.079925537109375
-0.07659912109375 0.0866470336914063 0.1961669921875 -0.1513671875
-0.0715255737304687 0.0771102905273438 0.207794189453125 -0.201736450195313
-0.0983352661132813 0.0645294189453125 0.180068969726563 -0.184112548828125
-0.093994140625 0.0938873291015625 0.0633697509765625 -0.192611694335937
-0.0770797729492187 0.101203918457031 -0.054168701171875 -0.172622680664063
-0.0650787353515625 0.108375549316406 -0.135826110839844 -0.089385986328125
-0.00521087646484375 0.105316162109375 -0.110527038574219 0.020172119140625
0.019439697265625 0.123863220214844 -0.07183837890625 0.0962142944335938
0.0422592163085938 0.105880737304688 -0.027618408203125 0.122688293457031
0.0630416870117187 0.102378845214844 -0.0673370361328125 0.16766357421875
0.00278329849243164 0.00528717041015625 0.0128326416015625 -0.17437744140625
-0.00998687744140625 -0.00571155548095703 -0.0104217529296875 -0.144866943359375
-0.010798454284668 -0.00175666809082031 0.0456466674804687 -0.110404968261719
-0.0103416442871094 -0.00716209411621094 0.091583251953125 -0.034332275390625
-0.0108785629272461 -0.00569725036621094 0.1072998046875 0.0822372436523438
-0.00298976898193359 -0.0148239135742188 0.0695343017578125 0.155319213867187
0.000940322875976562 -0.0108432769775391 -0.0467987060546875 0.194931030273437
0.00433921813964844 -0.0175228118896484 -0.161392211914063 0.179901123046875
0.0152759552001953 -0.0194587707519531 -0.19287109375 0.198379516601563
0.00920677185058594 -0.00907039642333984 -0.177108764648437 0.155349731445313
0.0108852386474609 -0.00256443023681641 -0.11676025390625 0.0846176147460938
0.000760078430175781 -0.00910854339599609 -0.0951385498046875 0.002593994140625
5.07831573486331E-05 -0.00301575660705566 -0.1015625 -0.06024169921875
0.00609397888183594 -0.0150632858276367 -0.166290283203125 -0.0896759033203125
0.00811767578125 -0.011631965637207 -0.265899658203125 -0.14227294921875
0.07452392578125 0.0791397094726563 0.021484375 -0.171875
0.0451736450195313 0.0727691650390625 -0.00099182128906251 -0.14715576171875
0.0356369018554688 0.100944519042969 0.0572891235351563 -0.113807678222656
-0.01190185546875 0.0970077514648437 0.101715087890625 -0.0445175170898437
-0.0571060180664063 0.0993118286132812 0.110122680664063 0.067413330078125
-0.0641555786132813 0.0898895263671875 0.085418701171875 0.143218994140625
-0.0668106079101563 0.0819168090820313 -0.028594970703125 0.183990478515625
-0.0846633911132813 0.04620361328125 -0.142105102539063 0.169540405273438
-0.0595169067382813 0.0519790649414063 -0.179946899414063 0.190383911132813
-0.0570755004882813 0.0527572631835937 -0.174606323242187 0.150726318359375
-0.0496940612792969 0.0537490844726562 -0.121383666992188 0.0818405151367187
-0.0268363952636719 0.0420303344726563 -0.0967788696289063 0.00236511230468749
-0.0135726928710938 0.0566940307617188 -0.0975875854492188 -0.0607681274414062
0.0154762268066406 0.0520095825195313 -0.161819458007812 -0.095916748046875
0.0471420288085938 0.0647621154785156 -0.264129638671875 -0.140350341796875
0.1329345703125 0.1405029296875 0.0545501708984375 -0.146759033203125
0.0898208618164063 0.1385498046875 0.0339508056640625 -0.131866455078125
0.0754547119140625 0.18560791015625 0.0804214477539063 -0.107444763183594
-0.01153564453125 0.185012817382813 0.117347717285156 -0.056610107421875
-0.094085693359375 0.189849853515625 0.116806030273437 0.03460693359375
-0.114791870117188 0.181365966796875 0.10626220703125 0.0999526977539063
-0.123764038085938 0.160293579101563 0.00316619873046875 0.137443542480469
-0.161087036132813 0.101409912109375 -0.09979248046875 0.131629943847656
-0.128921508789062 0.118629455566406 -0.149139404296875 0.161224365234375
-0.121299743652344 0.116592407226563 -0.164260864257812 0.134963989257813
-0.10833740234375 0.117744445800781 -0.129768371582031 0.07769775390625
-0.0503463745117187 0.10357666015625 -0.10382080078125 0.00638580322265624
-0.0208816528320313 0.124969482421875 -0.102310180664063 -0.0520553588867187
0.0299072265625 0.120704650878906 -0.160415649414063 -0.0877838134765625
0.0842361450195313 0.134384155273438 -0.252670288085938 -0.115951538085938
0.165618896484375 0.181976318359375 0.104904174804688 -0.104019165039062
0.110931396484375 0.180267333984375 0.085784912109375 -0.0994415283203125
0.09222412109375 0.238555908203125 0.108573913574219 -0.089080810546875
-0.0166015625 0.238235473632813 0.134231567382813 -0.064056396484375
-0.123504638671875 0.245742797851563 0.124580383300781 -0.00799560546874998
-0.150497436523438 0.240859985351562 0.129264831542969 0.0354080200195313
-0.161163330078125 0.21063232421875 0.0447273254394531 0.06439208984375
-0.213546752929688 0.140472412109375 -0.0424652099609375 0.0708389282226563
-0.181503295898437 0.173171997070313 -0.103546142578125 0.107063293457031
-0.171371459960937 0.1787109375 -0.14447021484375 0.099273681640625
-0.152740478515625 0.187942504882812 -0.135398864746094 0.0631561279296875
-0.0586395263671875 0.173019409179688 -0.111289978027344 0.013885498046875
-0.0140228271484375 0.196990966796875 -0.108573913574219 -0.0305023193359375
0.0527496337890625 0.182907104492188 -0.154067993164063 -0.0619354248046875
0.116012573242188 0.188674926757813 -0.2298583984375 -0.069854736328125
0.167327880859375 0.194656372070313 0.15997314453125 -0.046295166015625
0.102767944335937 0.190139770507813 0.137435913085938 -0.052581787109375
0.0802154541015625 0.24591064453125 0.13043212890625 -0.0578536987304687
-0.0303192138671875 0.241378784179688 0.144989013671875 -0.058929443359375
-0.139373779296875 0.24951171875 0.131332397460938 -0.0484542846679687
-0.164810180664063 0.25335693359375 0.150772094726563 -0.0363616943359375
-0.174407958984375 0.223251342773437 0.0901412963867187 -0.0216827392578125
-0.233367919921875 0.15753173828125 0.0228614807128906 -0.00322532653808593
-0.205795288085938 0.204483032226563 -0.0502166748046875 0.0324516296386719
-0.191925048828125 0.219741821289063 -0.115928649902344 0.0394668579101563
-0.168487548828125 0.239990234375 -0.139190673828125 0.0331954956054688
-0.048492431640625 0.225326538085938 -0.115310668945312 0.0201873779296875
0.00608825683593751 0.247833251953125 -0.106452941894531 0.00266265869140624
0.0781707763671875 0.220657348632813 -0.133201599121094 -0.0184326171875
0.137451171875 0.215316772460938 -0.192535400390625 -0.00817871093749995
0.141357421875 0.178558349609375 0.20758056640625 0.0141448974609375
0.07421875 0.169342041015625 0.1748046875 1.52587890625104E-05
0.04949951171875 0.209945678710938 0.136116027832031 -0.01904296875
-0.04461669921875 0.196319580078125 0.143310546875 -0.0421905517578125
-0.136505126953125 0.204360961914063 0.134140014648438 -0.074676513671875
-0.154754638671875 0.220108032226563 0.167160034179688 -0.0963287353515625
-0.159271240234375 0.19793701171875 0.133255004882813 -0.101753234863281
-0.216537475585938 0.149581909179687 0.0854873657226562 -0.0783309936523437
-0.1942138671875 0.202682495117188 -0.00114059448242188 -0.0530319213867187
-0.176437377929688 0.22149658203125 -0.0880050659179688 -0.0371322631835937
-0.1505126953125 0.24676513671875 -0.138969421386719 -0.00823974609375001
-0.0271453857421875 0.232437133789062 -0.114044189453125 0.0233306884765625
0.026519775390625 0.25335693359375 -0.0936737060546875 0.040283203125
0.0904541015625 0.219100952148438 -0.0973358154296875 0.0338592529296875
0.138595581054688 0.207138061523438 -0.145477294921875 0.0600433349609375
0.098419189453125 0.1357421875 0.240264892578125 0.069366455078125
0.0415725708007812 0.125312805175781 0.190475463867188 0.049102783203125
0.020233154296875 0.14453125 0.123466491699219 0.0161666870117188
-0.045074462890625 0.125808715820313 0.12896728515625 -0.0199661254882812
-0.109092712402344 0.133819580078125 0.132987976074219 -0.0838851928710938
-0.119781494140625 0.156463623046875 0.176589965820313 -0.135818481445313
-0.120513916015625 0.144195556640625 0.166976928710938 -0.164291381835938
-0.165512084960938 0.118301391601563 0.13421630859375 -0.142547607421875
-0.151031494140625 0.16375732421875 0.0343170166015625 -0.130821228027344
-0.130523681640625 0.17889404296875 -0.068145751953125 -0.108787536621094
-0.108078002929687 0.197113037109375 -0.13690185546875 -0.048736572265625
-0.00843811035156248 0.185562133789063 -0.108352661132812 0.0238265991210937
0.0353546142578125 0.204925537109375 -0.0762100219726563 0.0723114013671875
0.0815582275390625 0.175033569335937 -0.0554428100585938 0.0820770263671875
0.115127563476563 0.1634521484375 -0.096160888671875 0.120140075683594
0.0488510131835937 0.0771636962890625 0.257904052734375 0.108795166015625
0.0168876647949219 0.0698890686035156 0.190582275390625 0.082122802734375
0.00691986083984375 0.0736007690429688 0.104103088378906 0.0402984619140625
-0.0278778076171875 0.0574798583984375 0.111099243164063 -0.003204345703125
-0.0623245239257813 0.06610107421875 0.128761291503906 -0.0822601318359375
-0.0669326782226563 0.0862808227539062 0.1781005859375 -0.1546630859375
-0.0635833740234375 0.0760269165039062 0.187423706054688 -0.20269775390625
-0.0904617309570313 0.0665054321289062 0.16387939453125 -0.185958862304688
-0.0843582153320312 0.0949935913085938 0.0495452880859375 -0.186477661132812
-0.0675201416015625 0.100967407226563 -0.061981201171875 -0.160079956054688
-0.056610107421875 0.108604431152344 -0.135795593261719 -0.07733154296875
-0.000114440917968749 0.100593566894531 -0.104484558105469 0.0242767333984375
0.02606201171875 0.116622924804688 -0.0633468627929688 0.0951995849609375
0.0460586547851563 0.100448608398438 -0.0219345092773437 0.117889404296875
0.0668182373046875 0.0937957763671875 -0.057159423828125 0.163528442382813
0.00189995765686035 0.00433540344238281 0.0107574462890625 -0.166275024414063
-0.0102014541625977 -0.00510597229003906 -0.0112533569335937 -0.135635375976563
-0.0105991363525391 -0.00111770629882812 0.03961181640625 -0.105911254882813
-0.0120134353637695 -0.00536060333251953 0.0857086181640625 -0.032806396484375
-0.0105352401733398 -0.00466156005859375 0.105506896972656 0.07708740234375
-0.00305080413818359 -0.0145711898803711 0.068756103515625 0.1456298828125
0.00096416473388672 -0.0111351013183594 -0.0432891845703125 0.18560791015625
0.00341892242431641 -0.0174102783203125 -0.154525756835938 0.173675537109375
0.0132045745849609 -0.020050048828125 -0.181930541992187 0.189926147460938
0.0088653564453125 -0.00905132293701172 -0.166091918945313 0.14947509765625
0.0110311508178711 -0.00242996215820313 -0.110183715820313 0.0818405151367188
0.000560760498046876 -0.00805854797363281 -0.0916213989257813 0.00452423095703125
0.00118374824523926 -0.00224804878234863 -0.0973129272460938 -0.0542449951171875
0.00545883178710937 -0.0146923065185547 -0.1593017578125 -0.0829925537109375
0.00822734832763672 -0.0116510391235352 -0.253997802734375 -0.131301879882813
0.070831298828125 0.073394775390625 0.0178070068359375 -0.163970947265625
0.043212890625 0.0693893432617187 -0.00273895263671874 -0.137664794921875
0.0352554321289062 0.0959930419921875 0.0510025024414062 -0.109855651855469
-0.0119400024414063 0.0940933227539062 0.0952224731445313 -0.0430068969726562
-0.0524368286132812 0.096710205078125 0.107673645019531 0.0636825561523438
-0.0597152709960938 0.0858383178710937 0.0836944580078125 0.133224487304688
-0.0623703002929688 0.0777511596679688 -0.026214599609375 0.175323486328125
-0.0806808471679688 0.0440521240234375 -0.135604858398438 0.163482666015625
-0.0566291809082031 0.0488929748535156 -0.169113159179688 0.182601928710938
-0.0528373718261719 0.0508689880371094 -0.164321899414063 0.145294189453125
-0.0454292297363281 0.0524444580078125 -0.115188598632813 0.0794219970703125
-0.0254669189453125 0.040863037109375 -0.0928268432617188 0.00457000732421876
-0.0112533569335937 0.0548896789550781 -0.0933609008789063 -0.0552825927734375
0.0149612426757813 0.0492935180664063 -0.1566162109375 -0.0884857177734375
0.04681396484375 0.0606613159179688 -0.252792358398438 -0.12896728515625
0.127433776855469 0.130805969238281 0.0494918823242188 -0.139564514160156
0.0866241455078125 0.13153076171875 0.0304794311523438 -0.123184204101562
0.0738372802734375 0.17608642578125 0.0731353759765625 -0.104759216308594
-0.00920104980468751 0.17803955078125 0.11083984375 -0.0545425415039062
-0.086639404296875 0.184738159179688 0.113906860351563 0.0318832397460938
-0.106414794921875 0.173934936523438 0.102821350097656 0.0910186767578125
-0.11541748046875 0.15313720703125 0.00390624999999999 0.130470275878906
-0.153335571289062 0.097900390625 -0.0959091186523438 0.126296997070313
-0.121841430664063 0.11328125 -0.140640258789063 0.154251098632813
-0.112831115722656 0.11212158203125 -0.1549072265625 0.131332397460938
-0.100418090820313 0.115280151367188 -0.122970581054687 0.0758209228515625
-0.0478439331054687 0.0996932983398438 -0.0995101928710937 0.008697509765625
-0.0174789428710938 0.119171142578125 -0.0976486206054687 -0.0471878051757813
0.0292739868164062 0.114845275878906 -0.156158447265625 -0.0811767578125
0.08331298828125 0.126396179199219 -0.242050170898437 -0.105712890625
0.15875244140625 0.169387817382813 0.0974578857421875 -0.0990142822265625
0.106658935546875 0.171218872070313 0.0797805786132813 -0.0933074951171875
0.091339111328125 0.225509643554688 0.101165771484375 -0.0875320434570312
-0.01336669921875 0.228713989257813 0.127738952636719 -0.0613250732421875
-0.113540649414062 0.2388916015625 0.1204833984375 -0.00828552246093749
-0.139328002929687 0.23052978515625 0.1239013671875 0.0293121337890625
-0.150650024414062 0.201309204101563 0.0426597595214844 0.060791015625
-0.203033447265625 0.136734008789062 -0.0409736633300781 0.0674858093261719
-0.170745849609375 0.166763305664063 -0.0979995727539063 0.102851867675781
-0.159805297851563 0.172042846679688 -0.13653564453125 0.0974502563476563
-0.14190673828125 0.183547973632813 -0.129463195800781 0.0625152587890625
-0.0552978515625 0.166610717773438 -0.107032775878906 0.01513671875
-0.0100860595703125 0.187881469726562 -0.102943420410156 -0.0271377563476562
0.0516357421875 0.174423217773438 -0.150100708007813 -0.05596923828125
0.114883422851563 0.178085327148438 -0.220458984375 -0.06170654296875
0.1607666015625 0.180984497070313 0.151016235351563 -0.044921875
0.098724365234375 0.180618286132813 0.129989624023438 -0.0499038696289062
0.07928466796875 0.23272705078125 0.122886657714844 -0.0573806762695312
-0.026153564453125 0.23150634765625 0.139122009277344 -0.0568923950195312
-0.128173828125 0.242660522460937 0.126174926757813 -0.0468597412109375
-0.152542114257813 0.242828369140625 0.14312744140625 -0.03973388671875
-0.162155151367188 0.21282958984375 0.0850982666015625 -0.0215377807617187
-0.221359252929688 0.152847290039063 0.0210552215576172 -0.00383758544921874
-0.192840576171875 0.197113037109375 -0.048583984375 0.030853271484375
-0.179290771484375 0.212158203125 -0.110877990722656 0.0398330688476563
-0.156600952148438 0.23388671875 -0.133171081542969 0.0347137451171875
-0.044891357421875 0.21673583984375 -0.110435485839844 0.0210723876953125
0.00988769531250001 0.236251831054688 -0.101036071777344 0.00382995605468751
0.0764617919921875 0.2108154296875 -0.129806518554688 -0.0157546997070313
0.13653564453125 0.203094482421875 -0.184814453125 -0.0036163330078125
0.135604858398438 0.1658935546875 0.197509765625 0.0115203857421875
0.0712738037109375 0.160491943359375 0.16680908203125 -0.00050354003906249
0.0496826171875 0.19744873046875 0.12921142578125 -0.0199203491210937
-0.04058837890625 0.187789916992188 0.138076782226563 -0.0405044555664062
-0.125930786132812 0.198776245117188 0.128570556640625 -0.071868896484375
-0.143646240234375 0.210433959960938 0.15838623046875 -0.0968170166015625
-0.148941040039063 0.188323974609375 0.125694274902344 -0.0986175537109375
-0.20489501953125 0.145477294921875 0.0805587768554688 -0.076324462890625
-0.1822509765625 0.195938110351563 -0.00265502929687501 -0.0510177612304687
-0.164459228515625 0.214370727539063 -0.0848922729492188 -0.0328903198242187
-0.139556884765625 0.240005493164063 -0.133567810058594 -0.00485229492187497
-0.0242919921875 0.223037719726563 -0.109046936035156 0.0236892700195313
0.029998779296875 0.24151611328125 -0.08868408203125 0.0389251708984375
0.08953857421875 0.209381103515625 -0.0951004028320313 0.0336227416992188
0.137939453125 0.195205688476563 -0.139198303222656 0.060699462890625
0.09356689453125 0.125999450683594 0.228775024414063 0.0633087158203125
0.0394058227539062 0.118812561035156 0.1826171875 0.044097900390625
0.021209716796875 0.135459899902344 0.118385314941406 0.0146865844726563
-0.0412216186523437 0.119789123535156 0.124458312988281 -0.0192642211914062
-0.100807189941406 0.1302490234375 0.126678466796875 -0.0809173583984375
-0.110519409179687 0.14935302734375 0.16619873046875 -0.133041381835938
-0.112747192382813 0.136451721191406 0.156570434570313 -0.158248901367188
-0.157089233398438 0.11431884765625 0.127616882324219 -0.137924194335938
-0.141387939453125 0.158233642578125 0.0307235717773437 -0.1246337890625
-0.121566772460937 0.172409057617188 -0.0673141479492187 -0.10150146484375
-0.10052490234375 0.191848754882813 -0.132308959960938 -0.0434799194335937
-0.00692749023437499 0.178115844726562 -0.103775024414062 0.0235214233398438
0.037506103515625 0.19500732421875 -0.0717315673828125 0.0691986083984375
0.0802764892578125 0.167709350585938 -0.0542755126953125 0.0789260864257813
0.113784790039063 0.15325927734375 -0.0914230346679688 0.116935729980469
0.046478271484375 0.0710678100585938 0.246383666992187 0.0999298095703125
0.0158767700195313 0.0660285949707031 0.183135986328125 0.0750885009765625
0.00749588012695312 0.0682258605957031 0.100860595703125 0.0380401611328125
-0.0255165100097656 0.0545806884765625 0.108238220214844 -0.00293731689453125
-0.05706787109375 0.0646018981933594 0.121864318847656 -0.078643798828125
-0.0612640380859375 0.0821762084960938 0.166885375976562 -0.149490356445313
-0.0598068237304688 0.0712051391601563 0.176620483398438 -0.195068359375
-0.0858612060546875 0.0640029907226562 0.155502319335938 -0.17987060546875
-0.0788497924804688 0.09149169921875 0.0452728271484375 -0.17681884765625
-0.0629119873046875 0.0971603393554687 -0.0623626708984375 -0.1505126953125
-0.0525054931640625 0.106056213378906 -0.132034301757813 -0.0714187622070313
0.000495910644531246 0.096038818359375 -0.0997314453125 0.0234222412109375
0.02740478515625 0.111007690429688 -0.0591583251953125 0.0907363891601562
0.04620361328125 0.0962753295898437 -0.021209716796875 0.112754821777344
0.0659561157226563 0.0874710083007813 -0.0539398193359375 0.15765380859375
0.0010988712310791 0.00410604476928711 0.013458251953125 -0.163619995117188
-0.0105867385864258 -0.00477504730224609 -0.00865936279296874 -0.132270812988281
-0.0104942321777344 -0.000554084777832032 0.0378952026367188 -0.103309631347656
-0.0133085250854492 -0.00376987457275391 0.08343505859375 -0.0303268432617187
-0.0102024078369141 -0.00403594970703125 0.104698181152344 0.0766983032226563
-0.00250339508056641 -0.0149087905883789 0.067169189453125 0.142166137695313
0.00104713439941406 -0.0117788314819336 -0.045501708984375 0.181640625
0.00311470031738281 -0.0178470611572266 -0.157150268554688 0.170303344726563
0.01165771484375 -0.0206737518310547 -0.18182373046875 0.184188842773438
0.00876903533935547 -0.00900173187255859 -0.164840698242188 0.145095825195313
0.0114202499389648 -0.00241756439208984 -0.10980224609375 0.0782699584960938
0.000744819641113281 -0.00688362121582031 -0.090972900390625 0.00459289550781248
0.00190353393554687 -0.00120007991790771 -0.095672607421875 -0.05316162109375
0.00526237487792969 -0.0148696899414063 -0.156387329101562 -0.0823974609375
0.00887680053710938 -0.0124006271362305 -0.248977661132813 -0.1314697265625
0.067779541015625 0.0725631713867188 0.0195770263671875 -0.160690307617187
0.0412979125976563 0.0693550109863281 -0.000679016113281238 -0.132469177246094
0.0338592529296875 0.095184326171875 0.0487289428710938 -0.107818603515625
-0.01336669921875 0.0945968627929688 0.0938720703125 -0.0404586791992187
-0.0524749755859375 0.0961456298828125 0.107551574707031 0.0632705688476563
-0.0598068237304688 0.0832901000976563 0.0810623168945312 0.130035400390625
-0.0624618530273438 0.0746688842773438 -0.02825927734375 0.172286987304688
-0.08056640625 0.0419387817382812 -0.137771606445313 0.160049438476563
-0.0567779541015625 0.0461158752441406 -0.169662475585938 0.1768798828125
-0.0515823364257812 0.0485954284667969 -0.162567138671875 0.141494750976562
-0.0438728332519531 0.0512733459472656 -0.114509582519531 0.0768051147460937
-0.0262069702148438 0.0406303405761719 -0.0926666259765625 0.00469970703125001
-0.0105781555175781 0.0539093017578125 -0.091094970703125 -0.0543594360351563
0.0135307312011719 0.0480995178222656 -0.15374755859375 -0.088226318359375
0.0466384887695313 0.0584487915039063 -0.247146606445313 -0.128509521484375
0.122428894042969 0.129035949707031 0.0496673583984375 -0.136093139648437
0.0829010009765625 0.131370544433594 0.031646728515625 -0.117919921875
0.0712890625 0.17364501953125 0.0714492797851563 -0.10296630859375
-0.011474609375 0.177230834960938 0.110015869140625 -0.0521316528320312
-0.085968017578125 0.182693481445313 0.113906860351563 0.032806396484375
-0.107208251953125 0.169158935546875 0.100685119628906 0.0882949829101563
-0.115310668945312 0.148193359375 0.00201416015625001 0.128570556640625
-0.152984619140625 0.094085693359375 -0.0980148315429687 0.123527526855469
-0.120979309082031 0.109512329101563 -0.14111328125 0.14971923828125
-0.110527038574219 0.108108520507812 -0.15411376953125 0.127517700195312
-0.0984039306640625 0.112823486328125 -0.122291564941406 0.0736465454101563
-0.0489578247070313 0.0982589721679687 -0.098846435546875 0.00865173339843748
-0.017425537109375 0.117141723632813 -0.0949554443359375 -0.0467910766601563
0.02685546875 0.113143920898438 -0.154327392578125 -0.0808563232421875
0.082489013671875 0.124038696289063 -0.237960815429687 -0.105728149414063
0.152572631835938 0.167526245117188 0.0960769653320313 -0.0950927734375
0.101974487304687 0.169830322265625 0.0798873901367188 -0.087890625
0.0875701904296875 0.222152709960938 0.0992050170898438 -0.0861129760742187
-0.0154876708984375 0.226577758789063 0.12713623046875 -0.05877685546875
-0.11260986328125 0.236358642578125 0.120773315429687 -0.00701141357421874
-0.13934326171875 0.224761962890625 0.121849060058594 0.0272750854492188
-0.150405883789062 0.195541381835938 0.0411109924316406 0.0605735778808594
-0.202667236328125 0.131881713867188 -0.042877197265625 0.0665359497070313
-0.169677734375 0.161407470703125 -0.0996475219726563 0.0998306274414062
-0.157485961914063 0.167190551757813 -0.136306762695313 0.0957565307617188
-0.139724731445313 0.180938720703125 -0.129318237304688 0.0613937377929688
-0.0572662353515625 0.164108276367188 -0.106033325195312 0.0149688720703125
-0.0105438232421875 0.1844482421875 -0.100227355957031 -0.0274887084960937
0.0485687255859375 0.172409057617188 -0.149307250976563 -0.056304931640625
0.113601684570312 0.17486572265625 -0.217910766601563 -0.0619659423828125
0.154067993164063 0.17816162109375 0.1483154296875 -0.041412353515625
0.0934295654296875 0.179428100585938 0.129653930664063 -0.0452194213867187
0.0761260986328125 0.2281494140625 0.121879577636719 -0.0560302734375
-0.028350830078125 0.228363037109375 0.139114379882813 -0.0543594360351562
-0.127456665039063 0.24017333984375 0.126541137695312 -0.0448379516601562
-0.152420043945313 0.236358642578125 0.1414794921875 -0.040374755859375
-0.16253662109375 0.206314086914062 0.08380126953125 -0.0200271606445312
-0.220947265625 0.147964477539062 0.0198268890380859 -0.00371932983398437
-0.19189453125 0.192428588867188 -0.0495986938476563 0.0299835205078125
-0.1778564453125 0.206619262695313 -0.110244750976563 0.03936767578125
-0.154525756835937 0.232040405273438 -0.132965087890625 0.0344619750976563
-0.047393798828125 0.214218139648438 -0.109939575195313 0.02020263671875
0.00869750976562498 0.23297119140625 -0.098968505859375 0.00234985351562499
0.0730743408203125 0.209091186523438 -0.130828857421875 -0.0158615112304687
0.1343994140625 0.199630737304688 -0.183319091796875 -0.00411987304687501
0.13037109375 0.163162231445313 0.193161010742188 0.01446533203125
0.066802978515625 0.159255981445312 0.165237426757813 0.00273132324218751
0.04669189453125 0.1929931640625 0.128273010253906 -0.0186767578125
-0.0413360595703125 0.184844970703125 0.138725280761719 -0.0382919311523437
-0.124298095703125 0.196151733398437 0.128829956054687 -0.0692214965820312
-0.142486572265625 0.204925537109375 0.156906127929688 -0.0960693359375
-0.148834228515625 0.182266235351563 0.124931335449219 -0.095611572265625
-0.204986572265625 0.14068603515625 0.079833984375 -0.0748519897460937
-0.181060791015625 0.190536499023438 -0.00345230102539064 -0.04962158203125
-0.163345336914063 0.209426879882812 -0.0843658447265625 -0.0317153930664063
-0.138778686523437 0.237716674804688 -0.132888793945313 -0.00477600097656251
-0.0269012451171875 0.221054077148437 -0.108375549316406 0.0225372314453125
0.02886962890625 0.23748779296875 -0.08709716796875 0.0365371704101563
0.0867462158203125 0.208282470703125 -0.0968551635742188 0.0328750610351563
0.13568115234375 0.191970825195312 -0.139259338378906 0.0597000122070312
0.0892257690429688 0.123550415039063 0.223724365234375 0.0648040771484375
0.0356903076171875 0.117080688476563 0.179962158203125 0.045928955078125
0.0189590454101562 0.13128662109375 0.117561340332031 0.016357421875
-0.041748046875 0.116851806640625 0.125480651855469 -0.0175704956054687
-0.098236083984375 0.128440856933594 0.125900268554688 -0.0774383544921875
-0.10943603515625 0.144439697265625 0.16424560546875 -0.130950927734375
-0.113189697265625 0.131660461425781 0.156295776367187 -0.15435791015625
-0.156723022460938 0.110519409179687 0.128135681152344 -0.134979248046875
-0.140380859375 0.154464721679688 0.0307540893554688 -0.121910095214844
-0.120834350585938 0.168914794921875 -0.0659561157226563 -0.09893798828125
-0.100067138671875 0.190383911132813 -0.131317138671875 -0.0431289672851562
-0.00921630859375 0.176239013671875 -0.103279113769531 0.021881103515625
0.0369873046875 0.192123413085938 -0.0708770751953125 0.0666656494140625
0.078033447265625 0.166885375976562 -0.0569915771484375 0.0774612426757813
0.112152099609375 0.150741577148438 -0.0932846069335938 0.115341186523438
0.0433845520019531 0.0696258544921875 0.24078369140625 0.100067138671875
0.0137405395507812 0.0651016235351563 0.180862426757813 0.0749359130859375
0.00628662109375 0.0655555725097656 0.0997238159179688 0.03948974609375
-0.0254440307617188 0.052764892578125 0.108840942382813 -0.00128936767578125
-0.05511474609375 0.0633506774902344 0.1212158203125 -0.0758438110351563
-0.06005859375 0.0792617797851562 0.164749145507813 -0.145675659179688
-0.0606346130371094 0.0678062438964844 0.175521850585938 -0.19061279296875
-0.0857467651367188 0.0616531372070312 0.156906127929688 -0.1763916015625
-0.07830810546875 0.0894927978515625 0.045989990234375 -0.172500610351562
-0.0627288818359375 0.0952606201171875 -0.060577392578125 -0.146743774414063
-0.0525588989257813 0.104866027832031 -0.131019592285156 -0.0707168579101563
-0.00109863281250001 0.095428466796875 -0.0987625122070313 0.0219192504882813
0.0269012451171875 0.109291076660156 -0.0590362548828125 0.0882110595703125
0.0458984375 0.0960235595703125 -0.0244216918945312 0.110359191894531
0.0647659301757813 0.0857009887695312 -0.05670166015625 0.155746459960937
0.000546455383300781 0.00408720970153809 0.0133514404296875 -0.16754150390625
-0.0112085342407227 -0.00396251678466797 -0.00787353515625001 -0.133262634277344
-0.0106792449951172 0.000785827636718751 0.035888671875 -0.104141235351563
-0.0142307281494141 -0.00146102905273437 0.0839462280273437 -0.030029296875
-0.0107870101928711 -0.00353240966796875 0.108695983886719 0.0766067504882813
-0.00330543518066406 -0.0161495208740234 0.069366455078125 0.142715454101563
0.000422477722167969 -0.013401985168457 -0.0467071533203125 0.184539794921875
0.00204086303710938 -0.0191402435302734 -0.162063598632812 0.1759033203125
0.0104351043701172 -0.0219001770019531 -0.185287475585938 0.188369750976563
0.00906085968017578 -0.00987815856933594 -0.166656494140625 0.148483276367188
0.0120601654052734 -0.00282955169677734 -0.111557006835937 0.080047607421875
0.0005035400390625 -0.00592279434204102 -0.09344482421875 0.00611114501953124
0.00298142433166504 -0.000817775726318359 -0.0972137451171875 -0.0522918701171875
0.00482177734375 -0.0153942108154297 -0.16046142578125 -0.0824432373046875
0.00924301147460938 -0.0139913558959961 -0.25457763671875 -0.132034301757812
0.068267822265625 0.0736465454101563 0.0196533203125 -0.163528442382813
0.0418472290039063 0.071197509765625 -2.28881835937346E-05 -0.133529663085938
0.035186767578125 0.0972366333007812 0.0465545654296875 -0.109970092773438
-0.0130996704101562 0.0986251831054688 0.09490966796875 -0.0410232543945312
-0.0521392822265625 0.0996017456054688 0.111312866210938 0.0631561279296875
-0.0608673095703125 0.0848617553710938 0.083740234375 0.1295166015625
-0.063446044921875 0.0751266479492188 -0.028472900390625 0.175247192382813
-0.0834274291992188 0.0425949096679687 -0.142227172851562 0.165008544921875
-0.0589561462402344 0.0463790893554688 -0.173583984375 0.18115234375
-0.0513648986816406 0.0490379333496094 -0.164779663085938 0.145401000976563
-0.0431251525878906 0.0526161193847656 -0.116859436035156 0.0789718627929687
-0.0268821716308594 0.04193115234375 -0.0947113037109375 0.00655364990234374
-0.00926971435546875 0.0551300048828125 -0.0922775268554688 -0.0537796020507812
0.013031005859375 0.0485038757324219 -0.158721923828125 -0.08795166015625
0.0484237670898438 0.0575103759765625 -0.252914428710938 -0.128509521484375
0.123443603515625 0.131187438964844 0.0502548217773438 -0.137542724609375
0.08441162109375 0.133781433105469 0.0330657958984375 -0.118003845214844
0.0742645263671875 0.176620483398437 0.0695343017578125 -0.10601806640625
-0.0106353759765625 0.1826171875 0.111953735351563 -0.0534820556640625
-0.0854339599609375 0.188949584960938 0.117881774902344 0.0319290161132813
-0.108413696289063 0.172637939453125 0.102867126464844 0.0869598388671875
-0.116668701171875 0.150787353515625 0.00263214111328125 0.131103515625
-0.1572265625 0.096282958984375 -0.101493835449219 0.127410888671875
-0.123153686523438 0.110992431640625 -0.144912719726563 0.153564453125
-0.110687255859375 0.109825134277344 -0.156326293945312 0.132049560546875
-0.098052978515625 0.115997314453125 -0.125465393066406 0.0764007568359375
-0.0501708984375 0.10113525390625 -0.101325988769531 0.0105667114257813
-0.0156021118164063 0.119132995605469 -0.0963058471679688 -0.046600341796875
0.026580810546875 0.11480712890625 -0.1590576171875 -0.0808868408203125
0.0853347778320313 0.123954772949219 -0.244140625 -0.1053466796875
0.15447998046875 0.169082641601563 0.0974884033203125 -0.09588623046875
0.103897094726563 0.17340087890625 0.08245849609375 -0.0881118774414062
0.091156005859375 0.225234985351563 0.0997085571289063 -0.0891265869140625
-0.014129638671875 0.232589721679688 0.130668640136719 -0.06121826171875
-0.111618041992188 0.244064331054688 0.124687194824219 -0.00845336914062498
-0.141311645507812 0.229827880859375 0.123428344726563 0.0240859985351563
-0.1524658203125 0.199005126953125 0.0427169799804687 0.0618057250976563
-0.207305908203125 0.135086059570313 -0.0450286865234375 0.0680122375488281
-0.172256469726563 0.16485595703125 -0.102294921875 0.10260009765625
-0.158157348632813 0.170913696289063 -0.138565063476562 0.0993423461914063
-0.139358520507813 0.186569213867188 -0.1324462890625 0.0644989013671875
-0.0585784912109375 0.168746948242188 -0.108695983886719 0.0171585083007813
-0.0078125 0.1873779296875 -0.101799011230469 -0.02777099609375
0.0500640869140625 0.1756591796875 -0.155303955078125 -0.055694580078125
0.11822509765625 0.175399780273438 -0.223876953125 -0.0602874755859375
0.156204223632813 0.180099487304688 0.151046752929688 -0.041412353515625
0.095550537109375 0.18280029296875 0.133087158203125 -0.0450363159179687
0.079254150390625 0.230117797851563 0.123764038085938 -0.0586166381835937
-0.027191162109375 0.234176635742188 0.143173217773438 -0.0569915771484375
-0.126632690429687 0.247207641601563 0.130096435546875 -0.047119140625
-0.154205322265625 0.241256713867187 0.143020629882812 -0.044921875
-0.165176391601563 0.2105712890625 0.0859603881835937 -0.0207672119140625
-0.226394653320313 0.1517333984375 0.0189247131347656 -0.00409507751464843
-0.1942138671875 0.196456909179688 -0.0520210266113281 0.0315132141113281
-0.178436279296875 0.21160888671875 -0.112968444824219 0.0429611206054688
-0.154205322265625 0.238540649414062 -0.13629150390625 0.0372467041015625
-0.047821044921875 0.220046997070313 -0.112159729003906 0.02252197265625
0.0126190185546875 0.236251831054688 -0.100082397460937 0.00255584716796875
0.0766754150390625 0.212646484375 -0.136207580566406 -0.0143814086914062
0.140274047851563 0.20068359375 -0.188995361328125 -0.00137329101562497
0.130935668945313 0.164825439453125 0.196990966796875 0.0150909423828125
0.067138671875 0.162399291992188 0.169647216796875 0.00241088867187501
0.0483551025390625 0.1947021484375 0.131736755371094 -0.02001953125
-0.04071044921875 0.188034057617188 0.14306640625 -0.040618896484375
-0.123153686523438 0.2017822265625 0.131607055664063 -0.0709915161132812
-0.143600463867188 0.2088623046875 0.157913208007813 -0.10107421875
-0.151565551757813 0.185272216796875 0.127296447753906 -0.0983963012695312
-0.209381103515625 0.144821166992188 0.08062744140625 -0.0771636962890625
-0.182952880859375 0.195236206054688 -0.00468444824218751 -0.0494041442871094
-0.164566040039063 0.2152099609375 -0.0869369506835938 -0.0300827026367187
-0.138229370117188 0.245758056640625 -0.136672973632813 -0.00212097167968749
-0.026885986328125 0.226791381835938 -0.110374450683594 0.0242462158203125
0.03289794921875 0.241714477539063 -0.088043212890625 0.0369873046875
0.0906219482421875 0.211685180664063 -0.101646423339844 0.0344696044921875
0.141220092773438 0.193222045898437 -0.143585205078125 0.063140869140625
0.0902252197265625 0.124473571777344 0.22882080078125 0.065887451171875
0.0357208251953125 0.119430541992188 0.184829711914063 0.045440673828125
0.0190658569335937 0.131683349609375 0.120803833007812 0.0160446166992188
-0.0416488647460938 0.118263244628906 0.130203247070313 -0.0193557739257812
-0.096923828125 0.132026672363281 0.128211975097656 -0.0796127319335937
-0.109832763671875 0.147369384765625 0.166168212890625 -0.135482788085938
-0.115776062011719 0.133842468261719 0.158523559570313 -0.158447265625
-0.160812377929688 0.11285400390625 0.130241394042969 -0.139198303222656
-0.14166259765625 0.158172607421875 0.0302200317382813 -0.122467041015625
-0.121597290039062 0.173309326171875 -0.0688552856445313 -0.0987548828125
-0.0991668701171875 0.196563720703125 -0.135498046875 -0.0416793823242187
-0.00840759277343749 0.181137084960937 -0.105552673339844 0.023406982421875
0.040496826171875 0.19525146484375 -0.071380615234375 0.0677413940429688
0.081939697265625 0.170059204101563 -0.0603408813476563 0.0792922973632813
0.116302490234375 0.151596069335938 -0.0961380004882813 0.119743347167969
0.0435142517089844 0.0701179504394531 0.245071411132813 0.101028442382813
0.0131721496582031 0.06671142578125 0.184906005859375 0.0742950439453125
0.00610351562499999 0.0652503967285156 0.10333251953125 0.0401992797851563
-0.02557373046875 0.05255126953125 0.113212585449219 -0.00308990478515625
-0.0535888671875 0.0650100708007813 0.122779846191406 -0.0773849487304688
-0.0597381591796875 0.0804595947265625 0.166641235351563 -0.149810791015625
-0.0628890991210937 0.0686225891113281 0.17791748046875 -0.19476318359375
-0.088531494140625 0.062591552734375 0.160430908203125 -0.182052612304688
-0.0792694091796875 0.0913543701171875 0.046417236328125 -0.174163818359375
-0.0629653930664063 0.0976028442382812 -0.0632476806640625 -0.147552490234375
-0.0528488159179688 0.108779907226563 -0.135414123535156 -0.0695648193359375
-0.00140380859375001 0.097930908203125 -0.101631164550781 0.0229415893554688
0.029632568359375 0.111007690429688 -0.0594940185546875 0.0901031494140625
0.048309326171875 0.09820556640625 -0.0268020629882813 0.11248779296875
0.0663833618164063 0.0855789184570313 -0.0595245361328125 0.160369873046875
0.000138998031616211 0.00417304039001465 0.00833129882812502 -0.172515869140625
-0.0119295120239258 -0.00316047668457031 -0.0111236572265625 -0.135345458984375
-0.0102052688598633 0.00207424163818359 0.0305557250976563 -0.105789184570313
-0.0142974853515625 0.00104236602783203 0.0839385986328125 -0.0328445434570313
-0.0111303329467773 -0.00289726257324219 0.114433288574219 0.0722732543945313
-0.00475597381591797 -0.0169153213500977 0.07666015625 0.140731811523438
-0.00101947784423828 -0.0152130126953125 -0.041412353515625 0.188461303710938
0.000102996826171876 -0.019775390625 -0.16009521484375 0.186798095703125
0.00778579711914062 -0.0227127075195313 -0.182464599609375 0.199447631835938
0.00876140594482422 -0.0109748840332031 -0.1632080078125 0.1572265625
0.0125703811645508 -0.00375461578369141 -0.110801696777344 0.0848846435546875
0.000453472137451172 -0.00528335571289063 -0.0953826904296875 0.0108871459960938
0.00377225875854492 -0.000732421875 -0.100601196289063 -0.0478744506835937
0.00370979309082031 -0.0160417556762695 -0.166915893554688 -0.076629638671875
0.00884056091308594 -0.0159215927124023 -0.264602661132812 -0.123016357421875
0.07147216796875 0.0728378295898438 0.01483154296875 -0.167083740234375
0.0449600219726562 0.0716476440429688 -0.00279235839843749 -0.134552001953125
0.040283203125 0.0981826782226563 0.0413894653320312 -0.112464904785156
-0.00888061523437499 0.102989196777344 0.0948104858398438 -0.0451507568359375
-0.04852294921875 0.10394287109375 0.117385864257813 0.0584640502929688
-0.0594482421875 0.0881729125976562 0.0904006958007812 0.126670837402344
-0.0624313354492188 0.0780105590820313 -0.022430419921875 0.17864990234375
-0.0849227905273438 0.0459060668945312 -0.140548706054688 0.175430297851563
-0.0588340759277344 0.0486564636230469 -0.1702880859375 0.191696166992188
-0.0495452880859375 0.0505180358886719 -0.161529541015625 0.15447998046875
-0.0405616760253906 0.0546722412109375 -0.116180419921875 0.0847549438476563
-0.026031494140625 0.0442962646484375 -0.096466064453125 0.0115432739257813
-0.00605392456054688 0.0557174682617188 -0.0954513549804688 -0.0501861572265625
0.0141563415527344 0.0485496520996094 -0.165771484375 -0.0820159912109375
0.0517921447753906 0.0549812316894531 -0.264053344726563 -0.119705200195312
0.129989624023438 0.129005432128906 0.047149658203125 -0.140762329101563
0.0904083251953125 0.13385009765625 0.0317535400390625 -0.119735717773438
0.0832672119140625 0.176712036132812 0.06488037109375 -0.110382080078125
-0.00279235839843748 0.187713623046875 0.111663818359375 -0.0591964721679687
-0.0784912109375 0.196487426757813 0.122383117675781 0.0269012451171875
-0.104156494140625 0.18035888671875 0.107177734375 0.0819625854492188
-0.113784790039062 0.157546997070313 0.00814056396484375 0.132942199707031
-0.158233642578125 0.10382080078125 -0.099456787109375 0.134719848632812
-0.121253967285156 0.116943359375 -0.142471313476563 0.162139892578125
-0.106857299804687 0.115180969238281 -0.153823852539063 0.141830444335937
-0.093109130859375 0.122085571289062 -0.125198364257812 0.08306884765625
-0.0479583740234375 0.104888916015625 -0.102684020996094 0.016204833984375
-0.00968170166015626 0.120384216308594 -0.0987930297851563 -0.0438613891601563
0.0308456420898437 0.115394592285156 -0.167205810546875 -0.0746612548828125
0.0924835205078125 0.120460510253906 -0.253829956054688 -0.0957183837890624
0.162796020507813 0.166702270507813 0.0967636108398438 -0.0998458862304687
0.111892700195313 0.173446655273438 0.0824966430664063 -0.0911712646484375
0.10205078125 0.224395751953125 0.096343994140625 -0.095428466796875
-0.00439453124999999 0.2381591796875 0.130790710449219 -0.06829833984375
-0.10223388671875 0.25360107421875 0.127960205078125 -0.0146484375
-0.134933471679688 0.239517211914062 0.125663757324219 0.0173492431640625
-0.147842407226562 0.207901000976562 0.0466842651367187 0.0608978271484375
-0.208053588867188 0.14569091796875 -0.044281005859375 0.0720596313476563
-0.16851806640625 0.173812866210938 -0.101295471191406 0.109481811523438
-0.152252197265625 0.179031372070313 -0.137199401855469 0.108200073242188
-0.132965087890625 0.196319580078125 -0.1329345703125 0.072235107421875
-0.05364990234375 0.174591064453125 -0.10955810546875 0.0231552124023438
0.00122070312499999 0.189682006835938 -0.103591918945313 -0.024688720703125
0.056976318359375 0.176437377929688 -0.162460327148438 -0.0491180419921875
0.128509521484375 0.171539306640625 -0.231369018554687 -0.0507659912109375
0.164505004882813 0.177642822265625 0.152679443359375 -0.046844482421875
0.103286743164063 0.183059692382813 0.135871887207031 -0.049957275390625
0.0898284912109375 0.230712890625 0.123153686523437 -0.0648956298828125
-0.0181121826171875 0.238937377929688 0.144454956054688 -0.065155029296875
-0.116363525390625 0.257583618164063 0.13153076171875 -0.05401611328125
-0.147445678710937 0.251785278320313 0.14276123046875 -0.0540313720703125
-0.159988403320312 0.220321655273438 0.0874404907226563 -0.0246505737304687
-0.225830078125 0.163604736328125 0.0184707641601562 -0.0045642852783203
-0.188934326171875 0.206924438476563 -0.0526046752929688 0.0354690551757813
-0.171646118164062 0.222305297851563 -0.113388061523438 0.0501556396484375
-0.145355224609375 0.250640869140625 -0.137809753417969 0.0456390380859375
-0.040679931640625 0.226913452148438 -0.112754821777344 0.0280685424804688
0.02471923828125 0.23858642578125 -0.100608825683594 0.00542449951171878
0.0857086181640625 0.21380615234375 -0.142318725585938 -0.00834655761718746
0.151947021484375 0.196807861328125 -0.193283081054688 0.00788879394531247
0.138626098632813 0.16241455078125 0.201507568359375 0.00897216796875001
0.073486328125 0.162872314453125 0.174163818359375 -0.00323486328124999
0.0562896728515625 0.194305419921875 0.133285522460938 -0.025909423828125
-0.033660888671875 0.191619873046875 0.14544677734375 -0.04827880859375
-0.114456176757813 0.210479736328125 0.131690979003906 -0.0784912109375
-0.13720703125 0.217239379882812 0.15594482421875 -0.111312866210937
-0.14727783203125 0.194549560546875 0.125663757324219 -0.105361938476562
-0.2091064453125 0.155258178710937 0.0792388916015625 -0.0817718505859375
-0.177734375 0.205215454101562 -0.00736236572265626 -0.04840087890625
-0.15802001953125 0.225830078125 -0.090179443359375 -0.0247039794921875
-0.12933349609375 0.25732421875 -0.139747619628906 0.00578308105468752
-0.0187530517578125 0.233444213867188 -0.1112060546875 0.0297088623046875
0.0457305908203125 0.243576049804687 -0.0872421264648437 0.0398101806640625
0.101089477539063 0.212142944335938 -0.104820251464844 0.039794921875
0.15277099609375 0.189407348632813 -0.14532470703125 0.0722503662109376
0.0943374633789062 0.123245239257813 0.235519409179688 0.0587005615234375
0.0393142700195313 0.12066650390625 0.19097900390625 0.0387115478515625
0.0242385864257812 0.131057739257813 0.124526977539063 0.0112686157226563
-0.0377960205078125 0.120101928710938 0.132896423339844 -0.0263900756835937
-0.0911102294921875 0.138023376464844 0.127738952636719 -0.0863723754882812
-0.104476928710937 0.153488159179688 0.162490844726563 -0.146072387695313
-0.113784790039063 0.1407470703125 0.155410766601563 -0.167724609375
-0.160537719726563 0.121337890625 0.127029418945312 -0.1475830078125
-0.13739013671875 0.16619873046875 0.02606201171875 -0.124298095703125
-0.116104125976563 0.181900024414062 -0.07440185546875 -0.0955810546875
-0.091949462890625 0.206405639648438 -0.140495300292969 -0.0344696044921875
-0.00167846679687499 0.18548583984375 -0.106109619140625 0.028076171875
0.051300048828125 0.195877075195313 -0.0691986083984375 0.0710678100585938
0.0906982421875 0.169631958007813 -0.0611801147460937 0.0838546752929688
0.124847412109375 0.148269653320313 -0.09552001953125 0.127861022949219
0.046112060546875 0.0693511962890625 0.253280639648438 0.093048095703125
0.0152587890625 0.0676918029785156 0.191635131835938 0.067169189453125
0.00803375244140624 0.0647659301757813 0.10784912109375 0.0365676879882813
-0.0244216918945313 0.0531387329101563 0.116249084472656 -0.0088348388671875
-0.0497169494628906 0.0678367614746094 0.121757507324219 -0.083343505859375
-0.0561294555664063 0.0836715698242188 0.162765502929688 -0.159133911132813
-0.062225341796875 0.0725021362304688 0.172897338867188 -0.206253051757813
-0.0891342163085937 0.0672607421875 0.156829833984375 -0.192642211914063
-0.0766220092773437 0.095672607421875 0.0418701171875 -0.177078247070313
-0.0598907470703125 0.102073669433594 -0.070587158203125 -0.14532470703125
-0.04876708984375 0.114120483398438 -0.142044067382812 -0.0637054443359375
0.00251007080078125 0.100616455078125 -0.102439880371094 0.0271148681640625
0.0365371704101563 0.111221313476563 -0.0564498901367187 0.0933914184570313
0.0543975830078125 0.0980300903320312 -0.025665283203125 0.1160888671875
0.0703506469726563 0.0839920043945313 -0.0565185546875 0.167709350585938
-0.000119686126708985 0.00424718856811523 0.00111389160156249 -0.1722412109375
-0.012202262878418 -0.00161552429199219 -0.01544189453125 -0.132987976074219
-0.00899505615234375 0.00259685516357422 0.0240402221679687 -0.104606628417969
-0.0128107070922852 0.00298881530761719 0.0812530517578125 -0.0355224609375
-0.0118122100830078 -0.00189208984375 0.117149353027344 0.06463623046875
-0.0065145492553711 -0.016937255859375 0.0830459594726562 0.133262634277344
-0.00312614440917969 -0.0158596038818359 -0.033050537109375 0.186813354492188
-0.00191307067871094 -0.0203895568847656 -0.15106201171875 0.194534301757812
0.00502967834472656 -0.0225791931152344 -0.1710205078125 0.206222534179688
0.00830268859863281 -0.0119905471801758 -0.153076171875 0.161956787109375
0.0123128890991211 -0.00468730926513672 -0.106071472167969 0.088836669921875
0.000486373901367188 -0.00492954254150391 -0.0937957763671875 0.016326904296875
0.00501346588134766 -0.000736713409423828 -0.100799560546875 -0.041412353515625
0.00239181518554688 -0.0163068771362305 -0.169204711914063 -0.066009521484375
0.0074310302734375 -0.0175237655639648 -0.268325805664062 -0.107803344726563
0.0733718872070313 0.06903076171875 0.00819396972656252 -0.165740966796875
0.0474586486816406 0.0693550109863281 -0.00696563720703125 -0.132415771484375
0.045562744140625 0.0949478149414063 0.033447265625 -0.111610412597656
-0.00269317626953124 0.10321044921875 0.0910720825195312 -0.0486907958984375
-0.0428390502929687 0.105331420898438 0.1190185546875 0.0508575439453125
-0.0554275512695312 0.0897216796875 0.0950469970703125 0.118568420410156
-0.0590286254882812 0.079071044921875 -0.0136871337890625 0.176254272460937
-0.0832901000976563 0.0493927001953125 -0.131744384765625 0.181564331054688
-0.0572738647460937 0.05029296875 -0.159896850585937 0.19781494140625
-0.0460281372070313 0.0507392883300781 -0.151840209960937 0.160430908203125
-0.0367431640625 0.0555763244628906 -0.111053466796875 0.0888900756835937
-0.0239524841308594 0.045196533203125 -0.0946273803710937 0.01690673828125
-0.00208663940429687 0.0541191101074219 -0.0956573486328125 -0.0446243286132813
0.015533447265625 0.0468215942382813 -0.168472290039063 -0.071990966796875
0.0533447265625 0.0498619079589844 -0.266693115234375 -0.10394287109375
0.13421630859375 0.122200012207031 0.041229248046875 -0.140945434570313
0.0951156616210938 0.128219604492188 0.028289794921875 -0.119369506835937
0.091888427734375 0.169937133789063 0.05718994140625 -0.111190795898438
0.00753784179687501 0.186614990234375 0.107337951660156 -0.064453125
-0.0666961669921875 0.198577880859375 0.122703552246094 0.0190505981445313
-0.094757080078125 0.183013916015625 0.109214782714844 0.0737686157226563
-0.104888916015625 0.1602783203125 0.0151596069335938 0.129989624023438
-0.15289306640625 0.110992431640625 -0.0930862426757813 0.139122009277344
-0.115036010742187 0.120033264160156 -0.133544921875 0.168304443359375
-0.0990524291992188 0.117294311523437 -0.144668579101562 0.147689819335938
-0.0843582153320313 0.124794006347656 -0.120254516601562 0.089141845703125
-0.0424270629882812 0.106231689453125 -0.100212097167969 0.0214080810546875
-0.00243377685546874 0.117416381835937 -0.098541259765625 -0.0389633178710938
0.0350189208984375 0.112472534179688 -0.170455932617188 -0.06402587890625
0.0973358154296875 0.112197875976563 -0.255279541015625 -0.0801544189453125
0.168075561523438 0.157012939453125 0.0925369262695313 -0.102073669433594
0.117965698242188 0.16607666015625 0.0800399780273438 -0.0933074951171875
0.112472534179688 0.2154541015625 0.0891647338867187 -0.0981826782226562
0.00819396972656248 0.235687255859375 0.12591552734375 -0.0748291015625
-0.086578369140625 0.256423950195313 0.126075744628906 -0.0218963623046875
-0.12188720703125 0.242965698242188 0.124481201171875 0.00875854492187502
-0.13629150390625 0.211868286132813 0.0497932434082031 0.0571937561035156
-0.200347900390625 0.154693603515625 -0.0409698486328125 0.0737838745117188
-0.15875244140625 0.17852783203125 -0.09515380859375 0.114082336425781
-0.140472412109375 0.182418823242188 -0.130096435546875 0.115547180175781
-0.119140625 0.200164794921875 -0.12811279296875 0.07977294921875
-0.0452117919921875 0.175430297851563 -0.106452941894531 0.0285797119140625
0.0118560791015625 0.184890747070313 -0.102371215820313 -0.0206832885742188
0.06427001953125 0.170806884765625 -0.164932250976563 -0.0388031005859375
0.135589599609375 0.160934448242187 -0.231796264648438 -0.0366058349609375
0.1702880859375 0.167678833007812 0.150466918945313 -0.0518798828125
0.109375 0.176116943359375 0.134429931640625 -0.0553359985351562
0.0996551513671875 0.221481323242188 0.11785888671875 -0.0697021484375
-0.00555419921874999 0.235992431640625 0.139762878417969 -0.072296142578125
-0.100448608398438 0.260498046875 0.128204345703125 -0.0604019165039062
-0.132339477539063 0.255233764648437 0.137496948242187 -0.0622177124023437
-0.14678955078125 0.2252197265625 0.0860595703125 -0.0292892456054687
-0.217056274414062 0.173370361328125 0.0174674987792969 -0.00521469116210936
-0.176055908203125 0.21258544921875 -0.0505790710449219 0.0392227172851563
-0.1572265625 0.22674560546875 -0.109237670898438 0.0574722290039063
-0.129013061523438 0.255722045898438 -0.134117126464844 0.053985595703125
-0.0295562744140625 0.226806640625 -0.109077453613281 0.0336761474609375
0.03765869140625 0.231475830078125 -0.0984420776367187 0.00858306884765628
0.09490966796875 0.20635986328125 -0.143325805664063 0.00112915039062498
0.160491943359375 0.184783935546875 -0.192245483398438 0.0200653076171875
0.143280029296875 0.15350341796875 0.201004028320313 9.39906304889917E-18
0.07891845703125 0.157974243164063 0.174041748046875 -0.0116119384765625
0.064727783203125 0.187301635742187 0.130943298339844 -0.03192138671875
-0.024017333984375 0.189620971679688 0.14129638671875 -0.0564422607421875
-0.1002197265625 0.213607788085937 0.126693725585938 -0.084625244140625
-0.123321533203125 0.220458984375 0.147064208984375 -0.119522094726562
-0.136398315429688 0.199569702148438 0.11962890625 -0.110862731933594
-0.20068359375 0.164108276367188 0.0739898681640625 -0.0852508544921875
-0.1654052734375 0.210693359375 -0.00926971435546876 -0.0458145141601562
-0.143035888671875 0.229888916015625 -0.0894546508789063 -0.0176849365234375
-0.112884521484375 0.26153564453125 -0.137680053710937 0.0146560668945313
-0.00712585449218752 0.232147216796875 -0.107589721679688 0.034881591796875
0.0591583251953125 0.235702514648438 -0.0831146240234375 0.0419921875
0.1102294921875 0.204025268554688 -0.104438781738281 0.0463485717773438
0.160659790039063 0.177413940429688 -0.141525268554688 0.0805816650390625
0.0980377197265625 0.117111206054688 0.235885620117188 0.04718017578125
0.0434188842773438 0.117294311523438 0.191757202148438 0.0289459228515625
0.029327392578125 0.126449584960938 0.124481201171875 0.00533294677734376
-0.0322113037109375 0.118843078613281 0.130256652832031 -0.0334091186523437
-0.080810546875 0.139289855957031 0.122406005859375 -0.0916061401367187
-0.09381103515625 0.155914306640625 0.1522216796875 -0.1531982421875
-0.105377197265625 0.144805908203125 0.14544677734375 -0.173477172851563
-0.15460205078125 0.1280517578125 0.118942260742187 -0.152923583984375
-0.127609252929687 0.17047119140625 0.0209503173828125 -0.12188720703125
-0.104217529296875 0.184829711914063 -0.0775527954101563 -0.088287353515625
-0.079132080078125 0.210067749023438 -0.140434265136719 -0.0250396728515625
0.00686645507812499 0.184249877929688 -0.1025390625 0.0330047607421875
0.06207275390625 0.189132690429688 -0.0643463134765625 0.0720291137695313
0.0990447998046875 0.163192749023438 -0.0595932006835937 0.087249755859375
0.131011962890625 0.138534545898438 -0.0895614624023437 0.132957458496094
0.0480232238769531 0.0664100646972656 0.2550048828125 0.080108642578125
0.0171127319335938 0.0663681030273438 0.192718505859375 0.055755615234375
0.0101165771484375 0.0621719360351563 0.109230041503906 0.0306320190429688
-0.0220260620117188 0.0519790649414063 0.114784240722656 -0.0152435302734375
-0.04400634765625 0.0682296752929688 0.116622924804688 -0.088409423828125
-0.05010986328125 0.0842132568359375 0.151504516601563 -0.165481567382813
-0.0586090087890625 0.0750350952148438 0.160552978515625 -0.2119140625
-0.08612060546875 0.0713272094726563 0.146530151367187 -0.19866943359375
-0.0709457397460938 0.097625732421875 0.03448486328125 -0.17523193359375
-0.0535202026367187 0.103713989257813 -0.076263427734375 -0.137847900390625
-0.0416946411132812 0.116531372070313 -0.1436767578125 -0.0539093017578125
0.0066070556640625 0.0996780395507812 -0.0992202758789063 0.0321273803710938
0.0428085327148437 0.106300354003906 -0.0506210327148438 0.0941314697265625
0.0589523315429688 0.0937576293945312 -0.0224380493164063 0.116950988769531
0.0733642578125 0.0786895751953125 -0.049591064453125 0.1712646484375
-0.000114202499389649 0.00424933433532715 -0.00187683105468751 -0.1695556640625
-0.0126504898071289 -0.000810623168945314 -0.0160140991210938 -0.129989624023438
-0.00757884979248047 0.00251531600952149 0.0208740234375 -0.100128173828125
-0.0111684799194336 0.00394630432128906 0.0781097412109375 -0.0353775024414063
-0.0116424560546875 -0.001068115234375 0.11566162109375 0.0594100952148438
-0.00809288024902344 -0.0164852142333984 0.0839996337890625 0.125450134277344
-0.00503730773925781 -0.0166492462158203 -0.02911376953125 0.18157958984375
-0.00360488891601563 -0.0196552276611328 -0.143508911132812 0.194992065429688
0.00260162353515625 -0.0219573974609375 -0.16253662109375 0.204925537109375
0.00737285614013672 -0.0120582580566406 -0.144943237304688 0.160476684570312
0.0121755599975586 -0.00491523742675781 -0.102127075195313 0.0887908935546875
0.000766277313232422 -0.00425481796264648 -0.091217041015625 0.0188674926757812
0.00603103637695313 -0.00129175186157227 -0.097930908203125 -0.0376663208007813
0.00134944915771484 -0.0160293579101563 -0.165969848632813 -0.0595703125
0.006378173828125 -0.0182819366455078 -0.263748168945313 -0.097564697265625
0.07305908203125 0.0655899047851563 0.00584411621093749 -0.162582397460938
0.0465774536132813 0.0670394897460938 -0.00674438476562501 -0.128997802734375
0.0479736328125 0.09051513671875 0.029510498046875 -0.107521057128906
0.000762939453125007 0.100791931152344 0.0871124267578125 -0.0491104125976562
-0.0392837524414063 0.104545593261719 0.117218017578125 0.0459365844726563
-0.0527420043945313 0.08856201171875 0.0952835083007813 0.110336303710938
-0.0565414428710938 0.0772628784179687 -0.01007080078125 0.1707763671875
-0.0811538696289063 0.0503692626953125 -0.124954223632812 0.181594848632813
-0.0558547973632812 0.0497398376464844 -0.15155029296875 0.196212768554688
-0.0431632995605469 0.0489501953125 -0.143630981445312 0.158294677734375
-0.0337867736816406 0.0542335510253906 -0.107177734375 0.089141845703125
-0.0223426818847656 0.0446510314941406 -0.0913162231445313 0.0190582275390625
0.000125885009765629 0.0511550903320313 -0.0926132202148438 -0.0417709350585937
0.0151901245117188 0.0450973510742188 -0.165847778320313 -0.064483642578125
0.0524749755859375 0.0456581115722656 -0.261871337890625 -0.0931243896484375
0.133049011230469 0.116439819335938 0.0395660400390625 -0.138130187988281
0.0948867797851563 0.123069763183594 0.0273361206054688 -0.116737365722656
0.0946044921875 0.162124633789063 0.05255126953125 -0.108108520507812
0.0125732421875 0.1810302734375 0.102378845214844 -0.0645904541015625
-0.0605316162109375 0.195144653320312 0.120018005371094 0.0146026611328125
-0.0888824462890625 0.180130004882813 0.107414245605469 0.06658935546875
-0.0986480712890625 0.15704345703125 0.0181503295898438 0.124885559082031
-0.147872924804688 0.111587524414063 -0.0877914428710938 0.138832092285156
-0.110000610351563 0.118659973144531 -0.126922607421875 0.166946411132813
-0.0928573608398437 0.114448547363281 -0.13690185546875 0.147537231445313
-0.078094482421875 0.122215270996094 -0.115516662597656 0.0897293090820313
-0.0394973754882813 0.104820251464844 -0.09686279296875 0.0233917236328125
0.001220703125 0.111892700195313 -0.095428466796875 -0.0369338989257812
0.0353622436523438 0.107780456542969 -0.167755126953125 -0.056884765625
0.0966644287109375 0.104629516601563 -0.25091552734375 -0.0701904296875
0.166854858398438 0.149566650390625 0.0901947021484375 -0.101280212402344
0.117523193359375 0.159423828125 0.0788650512695313 -0.09295654296875
0.115127563476563 0.205764770507813 0.0847015380859375 -0.0967025756835937
0.0140228271484375 0.228912353515625 0.120361328125 -0.0761947631835937
-0.077484130859375 0.251861572265625 0.122489929199219 -0.0255203247070312
-0.112808227539062 0.239349365234375 0.120010375976563 0.00308227539062501
-0.127639770507812 0.208404541015625 0.0509567260742187 0.0533638000488281
-0.192596435546875 0.15545654296875 -0.0387802124023438 0.0739593505859375
-0.149658203125 0.176177978515625 -0.0901641845703125 0.114059448242188
-0.131256103515625 0.178817749023438 -0.122734069824219 0.116645812988281
-0.10968017578125 0.196868896484375 -0.123100280761719 0.0814285278320313
-0.0408172607421875 0.17236328125 -0.102439880371094 0.02996826171875
0.0169525146484375 0.17626953125 -0.0985794067382813 -0.0198822021484375
0.06573486328125 0.16448974609375 -0.163421630859375 -0.032196044921875
0.13525390625 0.151092529296875 -0.226531982421875 -0.0281524658203125
0.16876220703125 0.159957885742188 0.14764404296875 -0.0538787841796875
0.10943603515625 0.169097900390625 0.132347106933594 -0.0575790405273437
0.102066040039063 0.211288452148438 0.113822937011719 -0.0707550048828125
-0.000152587890625021 0.229080200195313 0.133903503417969 -0.0746612548828125
-0.0904083251953125 0.2554931640625 0.123527526855469 -0.06298828125
-0.12255859375 0.251022338867188 0.130546569824219 -0.0662765502929687
-0.137222290039063 0.221603393554687 0.0843353271484375 -0.0314712524414062
-0.208633422851562 0.174331665039063 0.0168733596801758 -0.0046396255493164
-0.167144775390625 0.208755493164062 -0.048004150390625 0.04046630859375
-0.14593505859375 0.222824096679688 -0.103912353515625 0.0600128173828125
-0.11767578125 0.251510620117188 -0.129241943359375 0.0571136474609375
-0.0239715576171875 0.222274780273438 -0.104598999023437 0.0347137451171875
0.0429229736328125 0.22198486328125 -0.0941543579101563 0.00814056396484377
0.0966033935546875 0.198455810546875 -0.141311645507813 0.00584411621093751
0.160049438476563 0.173187255859375 -0.187088012695313 0.026123046875
0.141921997070312 0.146575927734375 0.197189331054687 -0.00373840332031249
0.0786285400390625 0.152542114257812 0.171249389648438 -0.0160064697265625
0.0662078857421875 0.178863525390625 0.127326965332031 -0.03411865234375
-0.02001953125 0.183273315429688 0.1365966796875 -0.0588607788085937
-0.0912628173828125 0.208831787109375 0.121841430664063 -0.0861587524414063
-0.113937377929688 0.216323852539063 0.138679504394531 -0.12139892578125
-0.127410888671875 0.19677734375 0.114532470703125 -0.111419677734375
-0.192962646484375 0.165390014648437 0.0700836181640625 -0.0844039916992187
-0.156112670898438 0.207855224609375 -0.00912094116210939 -0.0428390502929687
-0.132675170898438 0.226226806640625 -0.0863723754882813 -0.012969970703125
-0.101852416992187 0.258148193359375 -0.133598327636719 0.0195083618164063
-0.00187683105468751 0.226913452148438 -0.102699279785156 0.0356674194335937
0.0644683837890625 0.224899291992188 -0.079498291015625 0.0405044555664062
0.112335205078125 0.195968627929688 -0.103233337402344 0.0492095947265625
0.160507202148438 0.167098999023437 -0.136741638183594 0.0844039916992188
0.0970993041992187 0.111961364746094 0.231918334960938 0.0401763916015625
0.04345703125 0.113632202148438 0.188934326171875 0.0227813720703125
0.0300445556640625 0.120674133300781 0.122795104980469 0.00199890136718751
-0.0298614501953125 0.114326477050781 0.126296997070313 -0.0362396240234375
-0.074005126953125 0.135597229003906 0.116592407226563 -0.092041015625
-0.0862579345703125 0.151718139648438 0.142745971679688 -0.153396606445313
-0.0984649658203125 0.143096923828125 0.137359619140625 -0.172332763671875
-0.148529052734375 0.12890625 0.112533569335937 -0.151657104492188
-0.120361328125 0.167434692382813 0.0190200805664062 -0.117668151855469
-0.09600830078125 0.18157958984375 -0.0760040283203125 -0.0823974609375
-0.0702056884765625 0.206756591796875 -0.136940002441406 -0.0194091796875
0.0107879638671875 0.179946899414062 -0.0981521606445313 0.0338211059570312
0.06640625 0.180007934570313 -0.0601577758789062 0.0693092346191407
0.100250244140625 0.155670166015625 -0.0583648681640625 0.0874710083007813
0.130531311035156 0.130699157714844 -0.0853500366210937 0.1343994140625
0.04754638671875 0.06390380859375 0.250198364257812 0.0720977783203125
0.0176963806152344 0.06439208984375 0.189544677734375 0.0488433837890625
0.0106582641601562 0.0587730407714844 0.108039855957031 0.0274429321289062
-0.0216217041015625 0.0498771667480469 0.111541748046875 -0.0182113647460938
-0.0402183532714844 0.065765380859375 0.110931396484375 -0.0877838134765625
-0.0450363159179688 0.0811386108398437 0.141769409179688 -0.164352416992188
-0.0551300048828125 0.0750961303710938 0.150497436523438 -0.209686279296875
-0.082977294921875 0.07147216796875 0.138442993164063 -0.197784423828125
-0.06707763671875 0.0960845947265625 0.03167724609375 -0.169586181640625
-0.0479660034179687 0.101516723632812 -0.0761642456054687 -0.130340576171875
-0.0364837646484375 0.114944458007813 -0.140853881835938 -0.047576904296875
0.00843048095703124 0.09759521484375 -0.0949478149414062 0.0330276489257813
0.0451507568359375 0.100532531738281 -0.0468368530273437 0.0914459228515625
0.0601882934570313 0.0895919799804688 -0.022216796875 0.11566162109375
0.0728836059570313 0.0744476318359375 -0.0459442138671875 0.17041015625
-0.000477313995361328 0.0047144889831543 -0.00128173828124999 -0.17041015625
-0.0124950408935547 -0.000130653381347659 -0.0133819580078125 -0.130378723144531
-0.00712966918945313 0.00203990936279297 0.0210647583007812 -0.0974502563476563
-0.00985240936279297 0.00367355346679687 0.0777664184570313 -0.0337448120117188
-0.0121173858642578 -0.000138282775878906 0.115020751953125 0.0584869384765625
-0.009246826171875 -0.0163793563842773 0.0832595825195313 0.121871948242188
-0.00689506530761719 -0.0168256759643555 -0.0306243896484375 0.179275512695313
-0.00486564636230469 -0.0193614959716797 -0.14276123046875 0.19525146484375
0.00127220153808594 -0.0209236145019531 -0.161529541015625 0.203323364257812
0.00715160369873047 -0.0128374099731445 -0.144393920898437 0.158187866210938
0.0119800567626953 -0.00524616241455078 -0.102264404296875 0.08746337890625
0.000924587249755859 -0.00367021560668945 -0.09063720703125 0.0187149047851562
0.00691032409667969 -0.00190258026123047 -0.0963058471679688 -0.0371856689453125
0.000805854797363282 -0.0157670974731445 -0.164627075195312 -0.058319091796875
0.00564765930175781 -0.018798828125 -0.262420654296875 -0.0958709716796875
0.0721588134765625 0.0656814575195312 0.007843017578125 -0.1632080078125
0.0455245971679687 0.0672874450683594 -0.00415039062499998 -0.1292724609375
0.0478515625 0.0889053344726563 0.029449462890625 -0.10540771484375
0.00136566162109375 0.09979248046875 0.0861740112304688 -0.0472564697265625
-0.0389251708984375 0.104255676269531 0.116363525390625 0.045074462890625
-0.0535430908203125 0.0885162353515625 0.0936050415039063 0.106941223144531
-0.0575332641601562 0.075439453125 -0.010986328125 0.167999267578125
-0.0817794799804688 0.0497283935546875 -0.124374389648437 0.181427001953125
-0.0568962097167969 0.0490608215332031 -0.150726318359375 0.194778442382812
-0.0429763793945312 0.0470809936523438 -0.142074584960937 0.15679931640625
-0.0328407287597656 0.0528564453125 -0.106979370117188 0.0889511108398437
-0.0221290588378906 0.0443687438964844 -0.0908432006835938 0.0187225341796875
0.000743865966796878 0.0490226745605469 -0.0904922485351563 -0.04205322265625
0.0139389038085938 0.0445022583007813 -0.164779663085938 -0.0630035400390625
0.0510902404785156 0.0437850952148437 -0.259994506835938 -0.0919647216796876
0.132057189941406 0.115982055664063 0.0415573120117188 -0.138351440429687
0.0928192138671875 0.12298583984375 0.0304031372070313 -0.116958618164063
0.09393310546875 0.1590576171875 0.0528182983398438 -0.10650634765625
0.0127410888671875 0.179351806640625 0.101173400878906 -0.0638427734375
-0.0592041015625 0.19451904296875 0.119247436523438 0.0143280029296875
-0.088775634765625 0.178970336914063 0.105979919433594 0.063720703125
-0.0986175537109375 0.15411376953125 0.0181884765625 0.121994018554688
-0.147918701171875 0.111343383789062 -0.0876007080078125 0.138725280761719
-0.109611511230469 0.116493225097656 -0.126022338867188 0.166122436523437
-0.0919876098632813 0.111099243164062 -0.135116577148438 0.146453857421875
-0.0761337280273437 0.120193481445313 -0.114936828613281 0.089447021484375
-0.0395431518554687 0.104293823242188 -0.095245361328125 0.0228652954101563
0.00156402587890624 0.108139038085938 -0.0933456420898438 -0.0384445190429688
0.0342254638671875 0.106544494628906 -0.1676025390625 -0.0547637939453125
0.0948104858398438 0.102119445800781 -0.248992919921875 -0.068450927734375
0.165847778320312 0.148391723632813 0.0923233032226563 -0.10076904296875
0.114669799804688 0.158843994140625 0.0813064575195313 -0.0931930541992187
0.113845825195312 0.202194213867188 0.0844879150390625 -0.0954818725585937
0.0132598876953125 0.2261962890625 0.119140625 -0.0756683349609375
-0.0758056640625 0.249542236328125 0.121406555175781 -0.0257186889648437
-0.112655639648437 0.23712158203125 0.118110656738281 0.00107574462890626
-0.12591552734375 0.205001831054688 0.0512237548828125 0.0512504577636719
-0.192169189453125 0.154510498046875 -0.038543701171875 0.0736312866210938
-0.149688720703125 0.17303466796875 -0.0901260375976563 0.11431884765625
-0.129104614257813 0.174774169921875 -0.12078857421875 0.11676025390625
-0.10699462890625 0.194198608398437 -0.1221923828125 0.0819473266601563
-0.0409698486328125 0.171218872070313 -0.101318359375 0.0290756225585938
0.0167083740234375 0.17120361328125 -0.0970306396484375 -0.0220794677734375
0.0638427734375 0.162551879882813 -0.163131713867188 -0.02984619140625
0.133285522460938 0.147613525390625 -0.225173950195313 -0.0257720947265625
0.167465209960938 0.158920288085938 0.148483276367188 -0.0536346435546875
0.106292724609375 0.168777465820313 0.133804321289063 -0.058074951171875
0.100341796875 0.207901000976562 0.113731384277344 -0.0696487426757812
-0.000946044921874989 0.225906372070313 0.132972717285156 -0.07379150390625
-0.0879058837890625 0.252426147460938 0.122398376464844 -0.062835693359375
-0.121047973632813 0.248260498046875 0.128097534179688 -0.0669021606445312
-0.135162353515625 0.21807861328125 0.0847320556640625 -0.0323562622070312
-0.20831298828125 0.1729736328125 0.0165023803710937 -0.00450611114501952
-0.166000366210937 0.206558227539063 -0.0471382141113281 0.0411567687988281
-0.143798828125 0.218597412109375 -0.101669311523438 0.0608901977539063
-0.115020751953125 0.2493896484375 -0.127769470214844 0.0581588745117188
-0.0243377685546875 0.221206665039063 -0.103263854980469 0.0335617065429687
0.04290771484375 0.216201782226562 -0.0933303833007812 0.005096435546875
0.0952301025390625 0.195816040039062 -0.142379760742188 0.00799560546875
0.15802001953125 0.169891357421875 -0.185943603515625 0.0283660888671875
0.140289306640625 0.145477294921875 0.197708129882813 -0.00386047363281249
0.076446533203125 0.151931762695313 0.17218017578125 -0.017120361328125
0.0641632080078125 0.175018310546875 0.127395629882813 -0.0340576171875
-0.021697998046875 0.180618286132813 0.1357421875 -0.058441162109375
-0.089447021484375 0.206146240234375 0.120071411132813 -0.0856094360351563
-0.112274169921875 0.212783813476562 0.135757446289063 -0.121330261230469
-0.125320434570313 0.1942138671875 0.114273071289062 -0.111030578613281
-0.192977905273438 0.164337158203125 0.069488525390625 -0.0838088989257813
-0.155242919921875 0.205169677734375 -0.00749206542968751 -0.0413818359375
-0.130477905273438 0.222000122070312 -0.0841140747070313 -0.0116043090820312
-0.098480224609375 0.256195068359375 -0.132072448730469 0.0208206176757813
-0.00238037109375 0.226394653320313 -0.101280212402344 0.034027099609375
0.0637664794921875 0.219375610351563 -0.0784454345703125 0.0371932983398438
0.110916137695313 0.193557739257812 -0.104766845703125 0.0512237548828125
0.158737182617188 0.163909912109375 -0.136283874511719 0.0863647460937501
0.0959701538085938 0.111495971679688 0.231353759765625 0.0403594970703125
0.0416183471679687 0.113441467285156 0.188262939453125 0.0210113525390625
0.0282211303710938 0.117866516113281 0.123031616210937 0.00166320800781251
-0.0314483642578125 0.112152099609375 0.125358581542969 -0.03594970703125
-0.0723037719726563 0.13311767578125 0.115234375 -0.0915069580078125
-0.0843505859375 0.1484375 0.138992309570313 -0.152542114257813
-0.09716796875 0.141204833984375 0.136962890625 -0.171310424804688
-0.1480712890625 0.128402709960937 0.11212158203125 -0.150833129882813
-0.119827270507813 0.165374755859375 0.021514892578125 -0.115715026855469
-0.094635009765625 0.178466796875 -0.0740203857421875 -0.0799942016601562
-0.06842041015625 0.205169677734375 -0.13555908203125 -0.017608642578125
0.00978088378906249 0.179855346679688 -0.0969772338867188 0.0322494506835938
0.06585693359375 0.175521850585938 -0.0595703125 0.0665245056152344
0.099365234375 0.154144287109375 -0.060821533203125 0.0893325805664063
0.129104614257813 0.128898620605469 -0.0853958129882812 0.136489868164063
0.0471267700195313 0.0631217956542969 0.248001098632813 0.0717620849609375
0.0166053771972656 0.0643424987792969 0.188430786132812 0.047088623046875
0.00958251953125 0.0571250915527344 0.108741760253906 0.026092529296875
-0.0230789184570312 0.048675537109375 0.110824584960938 -0.0184783935546875
-0.0385856628417969 0.0635414123535156 0.109565734863281 -0.0870437622070313
-0.0439682006835937 0.0778579711914063 0.138961791992188 -0.16278076171875
-0.0540695190429688 0.0740814208984375 0.149139404296875 -0.20758056640625
-0.0832061767578125 0.0716781616210938 0.13800048828125 -0.196762084960938
-0.0668716430664063 0.094970703125 0.0352020263671875 -0.167526245117188
-0.0471420288085938 0.0996017456054687 -0.0741729736328125 -0.128135681152344
-0.0349197387695313 0.114875793457031 -0.139366149902344 -0.045501708984375
0.0077972412109375 0.0979766845703125 -0.0937118530273438 0.0312728881835938
0.0451889038085937 0.0974578857421875 -0.0462188720703125 0.0889205932617188
0.0598297119140625 0.0887451171875 -0.0252609252929687 0.116836547851562
0.0718841552734375 0.0737075805664063 -0.0468292236328125 0.172256469726563
-0.000526428222656249 0.00520849227905273 -0.00169372558593751 -0.177200317382813
-0.0132846832275391 0.000886917114257814 -0.012481689453125 -0.13519287109375
-0.00720548629760742 0.00151491165161133 0.0221176147460937 -0.0986785888671875
-0.0095968246459961 0.00376033782958984 0.0803070068359375 -0.033843994140625
-0.011937141418457 0.000667572021484376 0.118980407714844 0.0588302612304687
-0.0102262496948242 -0.0155582427978516 0.085662841796875 0.120628356933594
-0.0095510482788086 -0.0170879364013672 -0.03204345703125 0.182968139648438
-0.00606727600097656 -0.0195198059082031 -0.144729614257813 0.2027587890625
9.91821289062492E-05 -0.0206718444824219 -0.165390014648438 0.210128784179687
0.00673389434814453 -0.0140628814697266 -0.147247314453125 0.162490844726562
0.0127477645874023 -0.0059661865234375 -0.104888916015625 0.0904998779296875
0.0013120174407959 -0.00327324867248535 -0.0930557250976562 0.01959228515625
0.00795888900756836 -0.00273370742797852 -0.09747314453125 -0.0374069213867188
0.000534057617187501 -0.0161514282226563 -0.168655395507813 -0.0573272705078125
0.00506782531738281 -0.0204296112060547 -0.269638061523438 -0.0955657958984374
0.074798583984375 0.0676116943359375 0.00848388671875001 -0.169647216796875
0.0470657348632813 0.0695381164550781 -0.00238037109375001 -0.13421630859375
0.04986572265625 0.0893630981445313 0.0306243896484375 -0.107154846191406
0.00262451171875 0.101547241210938 0.0883636474609375 -0.0482559204101562
-0.0389633178710938 0.108238220214844 0.119964599609375 0.0455093383789063
-0.0547637939453125 0.0912017822265625 0.095947265625 0.106033325195312
-0.0599746704101562 0.0769729614257812 -0.0112762451171875 0.17071533203125
-0.084869384765625 0.05181884765625 -0.125564575195313 0.18768310546875
-0.0590057373046875 0.0506477355957031 -0.154129028320313 0.200958251953125
-0.0437889099121094 0.0467529296875 -0.144744873046875 0.16119384765625
-0.0321502685546875 0.0533218383789062 -0.109207153320313 0.0919647216796875
-0.0223045349121094 0.0456771850585938 -0.0927886962890625 0.0199813842773437
0.00124740600585938 0.0478324890136719 -0.0925369262695313 -0.044219970703125
0.0133857727050781 0.0453643798828125 -0.168991088867188 -0.0621337890625
0.0519943237304688 0.0435523986816406 -0.267196655273438 -0.0911865234374999
0.136528015136719 0.118209838867187 0.043670654296875 -0.144195556640625
0.0949249267578125 0.126121520996094 0.03338623046875 -0.12188720703125
0.096893310546875 0.160858154296875 0.0543441772460938 -0.108383178710937
0.01416015625 0.1832275390625 0.103958129882813 -0.0651016235351563
-0.0584564208984375 0.200164794921875 0.122978210449219 0.0142288208007813
-0.090362548828125 0.18426513671875 0.1082763671875 0.0624923706054688
-0.100921630859375 0.156784057617188 0.0194473266601562 0.122795104980469
-0.152053833007812 0.114852905273438 -0.0882568359375 0.143447875976562
-0.112846374511719 0.119697570800781 -0.128005981445313 0.171478271484375
-0.093292236328125 0.111907958984375 -0.136962890625 0.150360107421875
-0.0760116577148437 0.122238159179688 -0.117988586425781 0.093597412109375
-0.040435791015625 0.106842041015625 -0.09747314453125 0.024017333984375
0.00167846679687499 0.107215881347656 -0.0954666137695312 -0.0411758422851563
0.0339202880859375 0.108421325683594 -0.172271728515625 -0.0534820556640625
0.0965576171875 0.102729797363281 -0.25518798828125 -0.0668182373046875
0.170989990234375 0.151153564453125 0.0965118408203125 -0.1051025390625
0.117523193359375 0.162750244140625 0.0855865478515625 -0.0975799560546875
0.11700439453125 0.204376220703125 0.0869216918945313 -0.0980072021484375
0.0145721435546875 0.230697631835938 0.122451782226563 -0.0776596069335938
-0.075469970703125 0.256576538085938 0.124824523925781 -0.0270843505859375
-0.114181518554687 0.243194580078125 0.119606018066406 -0.00127410888671874
-0.128036499023438 0.208450317382813 0.0539054870605469 0.050018310546875
-0.196731567382813 0.159896850585937 -0.0385055541992188 0.0763320922851563
-0.152740478515625 0.177505493164063 -0.0908660888671875 0.118446350097656
-0.131195068359375 0.17706298828125 -0.122085571289063 0.120323181152344
-0.106842041015625 0.198211669921875 -0.124954223632813 0.0857620239257813
-0.041839599609375 0.17657470703125 -0.103118896484375 0.0298538208007812
0.017486572265625 0.17138671875 -0.0994338989257813 -0.0254058837890625
0.0649261474609375 0.165756225585938 -0.168533325195313 -0.0281829833984375
0.136428833007813 0.148834228515625 -0.230758666992187 -0.023284912109375
0.172256469726563 0.16131591796875 0.154541015625 -0.0566558837890625
0.108489990234375 0.173065185546875 0.13934326171875 -0.0616378784179688
0.102676391601563 0.209640502929687 0.117179870605469 -0.0724411010742187
-0.00100708007812501 0.230377197265625 0.136314392089844 -0.0762252807617187
-0.0874481201171875 0.259170532226563 0.125106811523438 -0.0653228759765625
-0.122467041015625 0.253662109375 0.129280090332031 -0.070709228515625
-0.136825561523438 0.222091674804687 0.0877532958984375 -0.0357284545898437
-0.21234130859375 0.178558349609375 0.0172939300537109 -0.00458335876464843
-0.169296264648437 0.21124267578125 -0.0473785400390625 0.0433921813964844
-0.145263671875 0.22265625 -0.1026611328125 0.0636978149414063
-0.114501953125 0.255203247070313 -0.130325317382813 0.0619735717773438
-0.0250396728515625 0.227569580078125 -0.10546875 0.0338516235351563
0.0443572998046875 0.216888427734375 -0.09576416015625 0.00200653076171877
0.097503662109375 0.199676513671875 -0.147781372070312 0.0113372802734375
0.16217041015625 0.171829223632813 -0.190322875976562 0.0323333740234375
0.143417358398438 0.147689819335938 0.203948974609375 -0.00579833984374999
0.07763671875 0.156463623046875 0.178176879882812 -0.02020263671875
0.06524658203125 0.176849365234375 0.131820678710938 -0.0359268188476562
-0.022552490234375 0.183486938476563 0.139007568359375 -0.0607376098632812
-0.0886688232421875 0.209747314453125 0.122795104980469 -0.0880889892578125
-0.112991333007813 0.216659545898438 0.136161804199219 -0.1251220703125
-0.126937866210938 0.197402954101563 0.117256164550781 -0.115547180175781
-0.197006225585937 0.169845581054688 0.0708999633789062 -0.086517333984375
-0.157989501953125 0.210037231445313 -0.00647354125976563 -0.0417633056640625
-0.131805419921875 0.226470947265625 -0.0848007202148438 -0.0100936889648437
-0.0974884033203125 0.262542724609375 -0.134490966796875 0.0240097045898438
-0.00180053710937502 0.233352661132813 -0.103294372558594 0.0337295532226563
0.06671142578125 0.220260620117188 -0.080718994140625 0.0350570678710938
0.114089965820312 0.197128295898438 -0.109306335449219 0.0560226440429688
0.163253784179687 0.165863037109375 -0.139297485351563 0.0919113159179688
0.0978469848632812 0.113304138183594 0.237869262695312 0.0399322509765625
0.042205810546875 0.116600036621094 0.194183349609375 0.0190887451171875
0.02813720703125 0.118881225585938 0.126983642578125 0.000366210937500007
-0.0336456298828125 0.113754272460938 0.128738403320312 -0.037689208984375
-0.072235107421875 0.134979248046875 0.117210388183594 -0.0937652587890625
-0.0850677490234375 0.149642944335938 0.138931274414063 -0.1563720703125
-0.0975799560546875 0.143966674804688 0.1387939453125 -0.1761474609375
-0.151885986328125 0.132415771484375 0.114303588867187 -0.15570068359375
-0.122222900390625 0.1693115234375 0.0239486694335937 -0.118247985839844
-0.09564208984375 0.181610107421875 -0.0749969482421875 -0.0803604125976562
-0.0668487548828125 0.210983276367188 -0.138504028320313 -0.015777587890625
0.01141357421875 0.18572998046875 -0.098663330078125 0.0318679809570313
0.0683135986328125 0.176071166992188 -0.061279296875 0.065643310546875
0.102371215820313 0.156875610351563 -0.064361572265625 0.0949020385742188
0.132568359375 0.130241394042969 -0.08782958984375 0.143157958984375
0.0479736328125 0.0638313293457031 0.255233764648438 0.0721893310546875
0.016632080078125 0.0662689208984375 0.193206787109375 0.045379638671875
0.00885391235351563 0.0571136474609375 0.111747741699219 0.0253219604492188
-0.0250396728515625 0.0493888854980469 0.113594055175781 -0.0197830200195313
-0.0386505126953125 0.0637016296386719 0.111366271972656 -0.0892791748046875
-0.04412841796875 0.0772628784179687 0.139297485351563 -0.16632080078125
-0.05450439453125 0.0758514404296875 0.15118408203125 -0.212890625
-0.085113525390625 0.0748138427734375 0.140213012695313 -0.203338623046875
-0.0687942504882813 0.09735107421875 0.038299560546875 -0.172027587890625
-0.0473785400390625 0.101051330566406 -0.0753936767578125 -0.129379272460938
-0.0336227416992188 0.118019104003906 -0.142532348632813 -0.043975830078125
0.00862884521484375 0.10162353515625 -0.095916748046875 0.0316009521484375
0.0466537475585938 0.09747314453125 -0.0473251342773437 0.08935546875
0.061614990234375 0.0904769897460938 -0.0274658203125 0.122817993164063
0.0741500854492188 0.0753555297851562 -0.0477294921875 0.179595947265625
0.00793428847455619 0.0178381213464576 0.155221444092723 -0.104697611528106
0.0145059613665239 0.0228279609162817 0.127627978935512 -0.0823007171049861
0.00617136858299106 0.0157464005405926 0.107197488487485 -0.0326800408493903
0.00267901347329872 0.0093721005419522 0.0726549930925526 0.055217081961731
-0.00323060562066752 0.00291851443055079 0.0141819090485605 0.144231638126914
-0.0117702609519998 0.00452168400923682 -0.0660570370210093 0.129965237547424
-0.00671442293645653 0.00815939684262616 -0.185407010569977 0.0332093311524826
-0.00139549539841014 0.00237197404866155 -0.269410522378229 -0.0419841470220961
-0.00101680794978408 0.00167896855195909 -0.268149488284255 -0.066330963366168
-0.0100451947086318 -0.00656404228233599 -0.211210741162419 -0.0476570134822138
-0.00812782346175044 -0.00927520694422821 -0.140105225180701 -0.0522038550345087
0.00168273899742734 -0.000631263099725708 -0.0663519151796897 -0.0774283319907783
-0.003096836618536 0.00160412429381418 -0.0229211244771639 -0.102040050302818
-0.00349165578707218 0.013265487298171 -0.0348607883472376 -0.175917490563725
-0.00531802403738532 0.0096014652221582 -0.0906554584333534 -0.264611435789262
0.0173822718061572 -0.0786425983444124 0.140025983544223 -0.0873381039204257
0.0316313564966796 -0.0718248782355692 0.112699054640283 -0.0711541673828056
0.0454431502574738 -0.0845702151746824 0.0931429617421099 -0.0257985709064694
0.0793357802731459 -0.0703331487320099 0.0624723468557949 0.0461911763499209
0.0966304519767838 -0.056134578293932 0.0118650233325876 0.130874430143797
0.0983767048822459 -0.0279658996070591 -0.0607855874333358 0.119820076518724
0.10348868018252 0.0048493282125971 -0.167128343685283 0.0321471969305247
0.101129324463528 0.015811960806179 -0.247124800926191 -0.0416561052958271
0.0949875446927337 0.0119243775189394 -0.255618899073386 -0.0708546089281139
0.071100196563858 -0.00586176772513992 -0.207939065122372 -0.0568462426543912
0.0671118764886558 -0.0163565796693854 -0.144675040951782 -0.0666146862607307
0.0596944922979875 -0.0104179293692608 -0.0677281744288769 -0.086161716418298
0.035534914488379 -0.029090121359701 -0.0167971442937994 -0.105970018963737
0.0358665376369629 -0.0326466302703043 -0.0361259764780031 -0.184083766881761
0.0213329196821756 -0.0588528608612777 -0.0979271860446219 -0.266164878051003
0.0209937769855324 -0.158685366063215 0.126325664637514 -0.0369213746772069
0.0440641434887219 -0.149184239560484 0.103558705491766 -0.0305086367119289
0.0759700483419572 -0.165966550051647 0.08617197459749 -0.00250173084048054
0.142105025213861 -0.1369440543562 0.0635415309141861 0.0439451058361887
0.179072802832277 -0.106521223780349 0.0293624082670949 0.109627248871849
0.191707684219782 -0.055501741636027 -0.0270775554315619 0.0998997291817418
0.195531615020006 0.00236827935371241 -0.111445228416294 0.030450543355965
0.189065135303355 0.0284263230367754 -0.187990410231603 -0.0360331489358568
0.18423736436564 0.0206926353836792 -0.217728290009055 -0.069629686176821
0.154688248067432 -0.00850964916337676 -0.196032209040482 -0.0670851178755344
0.148856975350845 -0.0310128843299003 -0.152211074709278 -0.0849448628909307
0.124942040327547 -0.0331676547968572 -0.0775648621465237 -0.0980502256142701
0.0756540658622582 -0.0718522964960772 -0.0248571966814101 -0.112326647628736
0.0722857186732927 -0.0864332534003794 -0.0509424542882273 -0.188236343938074
0.0442806729415932 -0.125216514159961 -0.114764396560552 -0.248237698735931
0.0229140140607647 -0.207562357380329 0.115487662805943 0.0337046760423593
0.0546983820613256 -0.192168686889727 0.0978766205748114 0.0299194495747259
0.09742782696243 -0.208845331550449 0.0817978255581702 0.0346697286683521
0.182315994287236 -0.170042339503781 0.0715983646615558 0.048259455503225
0.233611494059338 -0.131232077511884 0.0605897167871256 0.0835289583364
0.250120022503547 -0.0685665923133056 0.0289817730447182 0.0747361217867633
0.253888658407827 0.00377559680853883 -0.0295108171088512 0.0290754426914208
0.248801078363656 0.0370694135854491 -0.0994269192983189 -0.0252209029977981
0.254483575116325 0.0244179545618143 -0.152348474338063 -0.0647559955215417
0.231499947993059 -0.0188281551566582 -0.163871308255168 -0.0795874221993504
0.227661271993823 -0.0596735564541206 -0.153247608943577 -0.105873117991499
0.187216431765035 -0.0758228555107212 -0.0924458059802133 -0.110226945978813
0.108849409951987 -0.129437367462896 -0.0461524621658339 -0.110807869309229
0.0967884487418281 -0.145852775094728 -0.0777139179340442 -0.176355609183386
0.0592272762723662 -0.181800226564579 -0.137307562672539 -0.207078000798239
0.0234591106583028 -0.218386120338141 0.104616538294428 0.111444702269808
0.063077107846582 -0.193596452384051 0.090238553842773 0.0967664326717523
0.108163173409642 -0.200792166218996 0.0745869547293763 0.0728334509303272
0.191794337395392 -0.155481786091722 0.0803650843586557 0.0576617002994058
0.244792911902782 -0.119896470804422 0.0960980093977087 0.0592175769375218
0.261567849376193 -0.0616211949134323 0.0948071898288499 0.0503511404486443
0.268140383130305 0.00873946968779552 0.0647281053610283 0.0292631649920969
0.270341583698925 0.0425103203666351 0.00659336074381216 -0.0123990806774391
0.289588466031843 0.0233777689718303 -0.0638454516823221 -0.0591190722108178
0.276953380838608 -0.0338979218848883 -0.108314534511074 -0.0960802004634968
0.275933988331776 -0.0930939689005035 -0.13776002801875 -0.12979028272866
0.221859708432722 -0.123996386733366 -0.104976153761928 -0.115332300362062
0.120719686676845 -0.182923459930084 -0.0726737974997461 -0.0937248431434024
0.102706956883639 -0.194055598992009 -0.107911507430656 -0.140046218398225
0.0618518858015148 -0.215929732124903 -0.159514428471867 -0.144236500031317
0.0212924603364626 -0.192925643413823 0.0924579957955023 0.181388554892362
0.0643817960405385 -0.159078735677451 0.0761613947834541 0.15201077585141
0.100785725751661 -0.151478343083969 0.0603702135379992 0.101289170433681
0.166650268107946 -0.103288133349606 0.082201801204048 0.0683694611164511
0.209460810005612 -0.0789025778210064 0.123460026856122 0.044911910264282
0.224114906025292 -0.0381988742980256 0.151841698961128 0.035366008583074
0.238383711218208 0.0172919103911039 0.152499254278295 0.0334043861080073
0.250125567810276 0.0428751035536587 0.113393059002977 0.00205516348389985
0.277453298553144 0.0193460565683749 0.033767535108983 -0.0548552977672886
0.271666718156199 -0.0429590787357168 -0.0372569266606005 -0.115428120515026
0.270604122270094 -0.108808578831196 -0.10632136876105 -0.151768966246756
0.212511990924609 -0.148074671104502 -0.107543261473651 -0.111922911752482
0.106777444112458 -0.203775628194044 -0.0941046963144576 -0.061398578262092
0.0887236167925512 -0.208251375316994 -0.129957316144131 -0.0828329401369043
0.0537270077714869 -0.216440295895265 -0.175326217717776 -0.0681390376628534
0.0129218130267721 -0.141109899324859 0.0803049628069581 0.234396681951875
0.0521319690964339 -0.107450651531247 0.0576360823555451 0.185878163094013
0.0728380957880306 -0.0888256585538216 0.0401390897074128 0.114743940524218
0.113810684725596 -0.045664530586704 0.0753969064112352 0.0757647038498101
0.141632632823177 -0.0346276537008353 0.136667780571784 0.0415377378862776
0.153108043778981 -0.0139315065936408 0.18838844566123 0.0331034611478106
0.173318518989022 0.0227515944767551 0.218882144044551 0.0423367050435659
0.191013249263394 0.0386353232409121 0.204319834268466 0.0161994425612245
0.217113724966454 0.0158747803391291 0.120476325375928 -0.0514636830224929
0.213358750772158 -0.039027582714162 0.0280922944509226 -0.132045493392482
0.210539738919705 -0.0945790165327035 -0.0690380443261605 -0.166720093384336
0.161983982954448 -0.129688137838699 -0.0999447560969872 -0.101024025482771
0.0742393364277031 -0.17552894124518 -0.106017656303528 -0.0241889224007882
0.0626045674183019 -0.177601187810774 -0.138659454205684 -0.0199558175773469
0.0390885048059148 -0.177809568465867 -0.181212486377266 0.00678750154673142
-0.00335751681123528 -0.0768301450683397 0.0721642943760189 0.265562125755142
0.0256312378088457 -0.0561012750026995 0.0431935526459424 0.200738024281313
0.0323611753474862 -0.0391131421752809 0.024127708031187 0.116134900270315
0.0527674967489091 -0.00893125705640906 0.0668487136827727 0.0813300050214372
0.0646229663546311 -0.00664494466824198 0.138296729296612 0.0458798290133632
0.0699685055112952 0.00148252001602192 0.204386903964536 0.039744610967332
0.088069598450997 0.0217013652386175 0.259121934754228 0.0541692024260841
0.103807838424948 0.0305003288415554 0.266536268149809 0.0274639222165634
0.119871817028388 0.014511657867754 0.179288235677946 -0.0489813809321638
0.117678588789636 -0.0215739873241386 0.0722736246086486 -0.142149417885796
0.118063891174977 -0.0535810356201539 -0.0382839154061421 -0.172195446696591
0.0903253137412956 -0.0741073801717795 -0.0886899581720787 -0.0879046563752204
0.0367076986642293 -0.106150353511574 -0.111545472426943 0.00563069708367005
0.0339093260733893 -0.108191397917892 -0.137115382422849 0.0313011726091525
0.0229185356326961 -0.105689473449648 -0.178992891405648 0.0654138356664933
0.00901643404744106 0.0166648104321824 0.151528309942954 -0.11654200860538
0.0162373169525034 0.0216129158685516 0.126639653244453 -0.0909651298554635
0.00659948833834605 0.0156984102865617 0.107406001782157 -0.0371447530690015
0.00229967429998228 0.00977151385654371 0.0776497784408383 0.0528339923118001
-0.00375180401360358 0.00189028616965408 0.0248123225165833 0.144654964139972
-0.0113138465038649 0.00531128936640403 -0.0568667980841925 0.131491322507099
-0.00418440276095499 0.00952428289617708 -0.184952603296402 0.0424494539898613
-0.000718249589695817 0.00277139635159111 -0.273510192448488 -0.024484937918254
-0.000289050835472976 0.00148940049602799 -0.275069022918076 -0.0489512032087879
-0.0104249889640934 -0.00504415252492219 -0.215792088780527 -0.0340033709795627
-0.00965756047110727 -0.00866875324831113 -0.144988643620861 -0.0438757141022559
0.00146058475526615 -0.00150204946612283 -0.0726732479712592 -0.0740826901246901
-0.00376747448523544 0.00269125621089572 -0.0283052100627187 -0.101538184000004
-0.0024414619976505 0.0140010697223265 -0.0467551563231994 -0.174119067950663
-0.00482374154987049 0.010816539989177 -0.110120270412801 -0.259158406209545
0.0121796460809088 -0.0812071217922475 0.13780702374141 -0.0971378541828666
0.0283567261337249 -0.0745934753353991 0.112529208299416 -0.0789100412190285
0.0403750205662231 -0.0868680171704996 0.0939197804073764 -0.0307759425053658
0.0754641701700736 -0.0752059370711385 0.0665719970957556 0.0434576841994548
0.0929472112628873 -0.0635815796749666 0.0219197234765584 0.131267794826811
0.0980654481855867 -0.0344991029218459 -0.0521890264834479 0.120976104951777
0.106222638179467 -4.82406714668003E-05 -0.165702667606004 0.0406122412518042
0.103972113815083 0.0109382112518895 -0.25150531791642 -0.0256391574223057
0.0969434736206645 0.00658380119023852 -0.262549481814135 -0.0550353188803342
0.0705021534686581 -0.00918384848120598 -0.213459904579766 -0.0440038833093524
0.0644789618677714 -0.0201808750987404 -0.149950793157484 -0.0576547440593248
0.0592586138082559 -0.0149599748409936 -0.0741607204640816 -0.0826353073859535
0.0331037347979666 -0.0289286633827442 -0.0219781591765058 -0.107030863797822
0.0345739421268926 -0.0345241072616621 -0.0486909145120332 -0.182443452802624
0.0174708000614471 -0.0596418079462392 -0.116438567575648 -0.260334957221459
0.0111897428391854 -0.161264498687752 0.128043029105353 -0.0451319692026703
0.036523825946281 -0.152354725367673 0.105967824246831 -0.0374552471495459
0.0659640109094792 -0.170248027610782 0.0883273821075195 -0.00683455128975925
0.134303459180634 -0.146173767943153 0.0681506884627271 0.0411224435526385
0.173104079337103 -0.118588487011172 0.0383631868647223 0.108952895075338
0.189831936014977 -0.0676989431193618 -0.0193440596884857 0.100186372972871
0.197385049033871 -0.00783910854178527 -0.108270291485829 0.0360986572365743
0.193293778531851 0.0179282288578579 -0.191050408754998 -0.0239856847133888
0.186944861483783 0.0100957486278807 -0.223738649766766 -0.0560560063088009
0.154363915438711 -0.0167815035277061 -0.201625710119924 -0.0548728106202774
0.145534677666403 -0.0402725021249658 -0.158963196409181 -0.0747735112401924
0.123879982014198 -0.0410968721029848 -0.0840850239711162 -0.0947409241181303
0.0709073577669965 -0.0732895226586477 -0.0301251204928674 -0.113858780379599
0.068553469636855 -0.0908439972768179 -0.0643813825091661 -0.185409798576836
0.0361493123625584 -0.127308929344199 -0.131850697102422 -0.240979922810614
0.0105160811810797 -0.211061832209696 0.121584153136949 0.0269109482469616
0.0450653448810312 -0.196730416306361 0.104119223209367 0.0241872078579751
0.0852796079263338 -0.214163966119972 0.0870558633891139 0.0297341194738312
0.173493385423064 -0.180946247980714 0.0772150508083674 0.0448766510999124
0.225412207947852 -0.147460312173311 0.068334933127805 0.0807174217265521
0.247937566481783 -0.0844216405899332 0.0348994812466364 0.0713470332249763
0.255138068120742 -0.00994456212487123 -0.0247692997746463 0.0303191491523936
0.254070841546579 0.0234831278383993 -0.100919961286616 -0.0190264446237768
0.258081001327915 0.00958128474543898 -0.157840924088483 -0.0552630835315155
0.231072985774377 -0.0319399277651279 -0.169745394437756 -0.0688170845332422
0.223301195838959 -0.0739940645428784 -0.161630483796984 -0.0961330619022392
0.184480859053666 -0.0889395191431426 -0.100041816034147 -0.106416078358909
0.100840837980721 -0.133122543593247 -0.0514758737713738 -0.112387413551954
0.0903108637699307 -0.151950869418626 -0.0915386373519545 -0.171565205379362
0.0476483763933737 -0.185421068612978 -0.153105518763718 -0.198437431178144
0.0101958413640242 -0.221281593643006 0.115358003170648 0.106392925573377
0.0534234009018174 -0.198576800726495 0.0998550060494544 0.0921384208070394
0.096785993514446 -0.206628666379921 0.082022818423544 0.0691944253228718
0.18511166807533 -0.166097797770921 0.0863638406855715 0.0536180994904747
0.237429320172295 -0.135033479631143 0.102348620560011 0.0542485527799372
0.259376839642843 -0.0769647588509993 0.0996649800588346 0.0431112307012234
0.269694791150337 -0.00509844906119571 0.0699436350040434 0.0248030731714744
0.275723482936913 0.0278145216511373 0.00651603766197966 -0.0126113500307077
0.292969579162409 0.00654423480024454 -0.0676919513730105 -0.0545219934623804
0.275644585574711 -0.049714778142921 -0.114861659443481 -0.0885704382064444
0.270611970160221 -0.110548038298714 -0.147777510750695 -0.120723037669355
0.216286973528139 -0.139602782756638 -0.112644299790271 -0.110889459364177
0.11004607574465 -0.187582475322556 -0.0773462238617081 -0.0940394416668863
0.0926217721494201 -0.201186449603267 -0.120458072160615 -0.13391007135882
0.0480405482577051 -0.220553313810333 -0.171549852669109 -0.13355263967073
0.00985751352947302 -0.195281151557746 0.106512035559733 0.177266406990399
0.0576349172115754 -0.164030771440481 0.0888762882386028 0.147451366479695
0.0925841897959751 -0.155602024904008 0.0689337822539687 0.0982499872102942
0.163067702897481 -0.111871378306847 0.0880507232936816 0.0633183302000379
0.204150738649264 -0.0910694915987419 0.1283979341043 0.0381218157756225
0.222470680356484 -0.0513692739713407 0.154759724441195 0.0255159986410419
0.239901805676112 0.00439051169703468 0.157965247860199 0.0243156591007306
0.255056402507974 0.0288118857577991 0.114693234670384 -0.00484797633428778
0.280844276435935 0.00265341540633781 0.0310637787894044 -0.0563547263307566
0.270547467472526 -0.0587085128942298 -0.0449793235120607 -0.112583152958127
0.264669891790386 -0.126822567076882 -0.117568098515204 -0.145041334611423
0.205590929956892 -0.163537848336437 -0.114804863863016 -0.107620464848373
0.0950871129676862 -0.207819799442206 -0.0974972836146735 -0.0596160080786698
0.0777988897404837 -0.215151401996017 -0.139565098482076 -0.0745894304370164
0.0401302900478045 -0.220949675498616 -0.18268856387743 -0.0557206443775172
0.00515003913598581 -0.142689257582359 0.0970602418516592 0.230797116228308
0.0479404274970719 -0.111134040956197 0.0716745036863285 0.182362364667163
0.068656175978241 -0.09125877848348 0.0496013316520821 0.112562815984289
0.113366986017723 -0.0505693740445704 0.0815693964708872 0.0718199822647435
0.139138941265287 -0.0418438357603881 0.13995209363875 0.0337028053944375
0.152454207636311 -0.0216402056798036 0.190595138648663 0.0211630583735529
0.174870854749973 0.0132855116875223 0.2242188713491 0.0296212385816049
0.195550941012116 0.0278335405675967 0.206973546499298 0.00374195256950181
0.22025142762802 0.00349446063740858 0.119566764977528 -0.0585848606893331
0.21155951987149 -0.0509571008760435 0.0202177288878713 -0.133189988274803
0.205154773858715 -0.108228196194418 -0.0807705806253663 -0.162609065970563
0.155889373338385 -0.141578622880983 -0.106187611143483 -0.0972869441864083
0.0638110161724203 -0.178579145042913 -0.107937485097802 -0.0207814810943791
0.0529204828428302 -0.182971884445914 -0.144777865902957 -0.0105462099055756
0.0274941501364631 -0.1811747375349 -0.184297557744396 0.0201529548476979
-0.00718349905513348 -0.0767584722652848 0.0906015263432388 0.262367474230018
0.0240011832797675 -0.0583994000802782 0.0574576115002011 0.197631411294678
0.030940675784683 -0.0394722172961294 0.0330164809917984 0.115354559006095
0.0536946305898988 -0.0110218636771853 0.0729783269500656 0.0781079375279934
0.0639698555131046 -0.00919364394637136 0.14167854929898 0.0379737734301725
0.070019122849679 -0.00095057723779586 0.206705763440018 0.027698333464794
0.0897527971872345 0.0167189148021125 0.263569166364619 0.0387021089258548
0.107283916252042 0.0241834680371799 0.269572317915168 0.0107100436105773
0.122396838934218 0.00770791797176302 0.179991976784412 -0.060182827920596
0.116972162457614 -0.0282856288400762 0.0634339739217944 -0.146015021111651
0.115169650367018 -0.0617285082648464 -0.0507233510055792 -0.169495860928613
0.0871667978106644 -0.0815271348766765 -0.0946758107555374 -0.0851344776561506
0.0300529679522309 -0.106919397013549 -0.111637210513515 0.0104341239116414
0.0278063561531882 -0.111597867110342 -0.139949478829063 0.0411837015529585
0.0162625198745205 -0.10788677986532 -0.179214915120845 0.0789508807454177
0.0132719462687621 0.00994104576140109 0.100386509172663 -0.161208247478625
0.022923504993848 0.011733497644049 0.0869867566672437 -0.1283867623096
0.0120643806731264 0.0115663605913487 0.0872056495259829 -0.0707480878367543
0.006099458760903 0.00881797699736767 0.0903790299186471 0.0220563718880965
-0.00296865909699567 0.00425367343059004 0.0731125200042443 0.123336709606501
-0.00830941368746923 0.0101291922357099 -0.00663570150884679 0.135668481671613
0.00021537363957082 0.010381711204601 -0.155305646574877 0.103931232811645
0.000211135123572751 0.00280614238712934 -0.256274121833738 0.0754207796773404
0.00121503235506184 0.000549532129042313 -0.268556816329492 0.04973796893896
-0.0102421936954803 0.000870783631306216 -0.208158837194851 0.0416320520425152
-0.0122894037678405 -0.00379924323618076 -0.14640489823216 0.0103365998804474
0.000435631707216198 -0.00225699496293924 -0.0918782773159413 -0.0438331868732266
-0.00312857139237338 0.00514308130649999 -0.0591361606375562 -0.0842543670436974
0.00300718398604361 0.0152403099179938 -0.100643188358696 -0.142840434833107
0.000449430426883656 0.0134135228356096 -0.183572012116046 -0.198107496834878
-0.0194221038448705 -0.0824506917392977 0.0981540455621595 -0.136247963086914
-0.000924255786131728 -0.0815288642936421 0.0826045210968443 -0.10945700734401
0.00582614733602398 -0.0948885872817209 0.0823010541222985 -0.0565448441410875
0.0409540880742376 -0.0958314088395384 0.0810344844366743 0.0224173299879006
0.0620136140687473 -0.0889420276405608 0.0675568653692831 0.117282605301194
0.0771962504036111 -0.0636270640425022 -0.00587872274168685 0.129668013626134
0.0990414488248736 -0.0360341260196623 -0.140136573581113 0.0955285088504905
0.0979575794793074 -0.0248571926920024 -0.237748476465236 0.0683734918747789
0.090455195317525 -0.0276665875176351 -0.258952525199418 0.0414709332951891
0.0618353866434254 -0.0303104323047628 -0.210442298240637 0.0329832646148919
0.0508256850698258 -0.0398788986284288 -0.156976483127626 0.00185230965422957
0.0486215676624891 -0.0337256950770363 -0.0969177529832368 -0.0506573545422948
0.0206382828565833 -0.0352227009117078 -0.0564341908294483 -0.0920948348935661
0.0211209176546078 -0.0420163291629904 -0.10643943624041 -0.149877761538561
-0.00228700184802414 -0.0587590312483871 -0.19197100876117 -0.196724235722545
-0.0496510183236643 -0.157067962097999 0.109954523167946 -0.0828118423708402
-0.021930583846227 -0.156813793098651 0.0940194763854605 -0.0659545749494644
-0.000961552789839084 -0.180140500014346 0.0896695616437279 -0.029826757208187
0.068792888901774 -0.182676266983883 0.0841397781678666 0.0240818786449145
0.116023485487717 -0.16758149267711 0.0768157759574633 0.0952217245934338
0.149153718280465 -0.125921481389254 0.0173603096715639 0.102546104884907
0.181982152572479 -0.0749209902646205 -0.0910841519748875 0.071669741985091
0.182052900399291 -0.0479551571863951 -0.182974651682393 0.0499154785424839
0.173457714749834 -0.0547109832444124 -0.224353541213285 0.0280960448677653
0.135288840899029 -0.0654318423100118 -0.204175342304446 0.0206226911358884
0.117743309443686 -0.0856204995688252 -0.172469276287741 -0.00901744286474753
0.0992467804696602 -0.0802769581731995 -0.111073272564961 -0.0575603196060584
0.041380641992534 -0.0873430813006639 -0.0677739572590628 -0.0964341169752952
0.0334365622898049 -0.105087874870888 -0.123279178652433 -0.147434257312263
-0.00713116856737181 -0.128223782830382 -0.201380298450363 -0.172999247182377
-0.0677984350607218 -0.201869266901236 0.131003510489558 -0.0129587849344448
-0.0292281706988761 -0.200521881649478 0.114707309704448 -0.00698580802571891
0.00207691762424903 -0.227031882402543 0.103314650156095 0.00549583743635221
0.0917990647158084 -0.229187999304434 0.0949943657533219 0.0273435062125356
0.154782087959272 -0.211693845848151 0.0951657752716252 0.0618580333921446
0.196278001388738 -0.16077711683773 0.0576786865100943 0.0605040185219223
0.234646095256547 -0.0973510215377442 -0.0180216653899005 0.0367420614519836
0.23905487993526 -0.0630432374696548 -0.100412994786995 0.0234328626416142
0.2369481876388 -0.0792052482605457 -0.163473062029259 0.0075927221946165
0.199531847800919 -0.105471925067098 -0.181704732763218 -0.000838677258828846
0.176776136251479 -0.143401741366156 -0.183100881933454 -0.024890528147684
0.138790090558249 -0.144945407311244 -0.129769114927855 -0.0613327267719696
0.0492117273777865 -0.151497155220926 -0.0879329610042334 -0.0875911480219266
0.0319121257788128 -0.169478263559858 -0.145815093304231 -0.125293574329284
-0.0160990413994492 -0.185784776275073 -0.208038576200368 -0.127103255447093
-0.0706859730839753 -0.211098329090518 0.152496588148694 0.0626082928190922
-0.0209038516818661 -0.205068858850206 0.133619192868668 0.0568741150819362
0.0157036230392669 -0.223453869169727 0.111528764634482 0.0437327970337091
0.108173221312164 -0.219347775643845 0.105886147006171 0.0327519327380731
0.169473688286823 -0.203928155054332 0.116208701540542 0.0269245162633691
0.209415464593903 -0.158183913355952 0.105949906626941 0.0134924427142328
0.249712370370377 -0.0982099225133407 0.0669832054431529 -0.00127763236088119
0.260232539161241 -0.0669821530034421 -0.00111346453114233 -0.00827674683903998
0.268903374345125 -0.0943883633330312 -0.0814369302822676 -0.0222974075645517
0.234840783693465 -0.137710321891084 -0.13833885756106 -0.036283172611205
0.207571818032992 -0.19291861228721 -0.17900707217464 -0.0500451797014744
0.150937621568227 -0.202931929285642 -0.143177035105924 -0.0606805754431254
0.0392035543394452 -0.203969238905163 -0.106189021817738 -0.0615977394449958
0.0175522506944848 -0.215538843079136 -0.160532471808478 -0.0795221570465285
-0.0279196389123961 -0.219086255484569 -0.205245393168042 -0.0612215500765321
-0.0599829622289093 -0.185999974704759 0.167827537822236 0.130420814958252
-0.00398875437295476 -0.174374827169952 0.140345547404265 0.111219588605956
0.0310397807032491 -0.17529118697567 0.106251888874946 0.0743258798355907
0.108997863251961 -0.161055375902761 0.107991452374065 0.0391608778472277
0.155160548886495 -0.152418370974317 0.132514223727063 0.00120751587578688
0.185808753165342 -0.122025828875757 0.149397022721307 -0.022944850998954
0.225507754053269 -0.0785838553477424 0.147190898994993 -0.0329304554447439
0.243067559419595 -0.059157319759981 0.100094217478991 -0.0401164488395827
0.256269447782772 -0.0932697197967739 0.00891132477147492 -0.0579284513339921
0.226272411390825 -0.144203472596014 -0.082367124468507 -0.0817380083833006
0.196561752985317 -0.206206076245111 -0.159457021334155 -0.0816838896927451
0.1326085903895 -0.221108005840061 -0.143964239943078 -0.0566118405501293
0.0184571299449814 -0.217790836644385 -0.113790285086747 -0.0228788140824251
-0.00164010013449691 -0.224129829803273 -0.158986129377949 -0.018391718303926
-0.0353242919381281 -0.217604604744462 -0.191322906446785 0.0132691549581837
-0.0447574905965886 -0.134759647798433 0.174646947115316 0.181747953420667
0.00704793598579853 -0.121233893411951 0.133497887073081 0.147078903646891
0.0322496726050175 -0.107242520333697 0.089311810778123 0.0911503664560137
0.0866218669449836 -0.0871587926767486 0.10186475790757 0.0453549676089531
0.113387019402358 -0.0847809792320454 0.140189308356166 -0.00976847736957314
0.132815598257146 -0.0701028522877727 0.180280757178379 -0.0414521147910588
0.168399166308762 -0.0475056033066068 0.211076487142562 -0.0523120434097574
0.188879063023084 -0.0408321398872811 0.187275947665134 -0.0662933557980103
0.201728130083554 -0.0718231726270547 0.0895531160983677 -0.0909809164641972
0.175183615888792 -0.117678569363802 -0.0291375353584285 -0.123389464218044
0.148999908746112 -0.169718980358981 -0.131586204196029 -0.111698509607637
0.0941628241580284 -0.184631256144812 -0.132021048254462 -0.050904022711442
-0.000482593301511905 -0.181478008468978 -0.109428929082588 0.0173588905419099
-0.0133760946488086 -0.186248193931324 -0.142159402726277 0.0421477337331603
-0.0338547651504703 -0.177424019399308 -0.16759424417942 0.0821892174111389
-0.0317036414594902 -0.0687843757016352 0.176682142064067 0.211481356933943
0.00359167000236447 -0.0633161552048204 0.122673367635076 0.163367408615251
0.015882791309447 -0.0463309135927135 0.0719901108044539 0.0964542270418804
0.046709569181011 -0.0298290177044091 0.0935400129623834 0.0511228789436605
0.0565733269251802 -0.0287076191933822 0.142257741368468 -0.00969949314649755
0.0660505261472406 -0.0230240081033622 0.196881583514856 -0.0433055850143319
0.0913578798864911 -0.0149992739746902 0.252185760210104 -0.0587225074999465
0.107312590585202 -0.0149178107066118 0.247718650229107 -0.0840418131751686
0.114848461723115 -0.0343753093940408 0.14515693109197 -0.114155678029175
0.0966724849155323 -0.0646780359723771 0.00769094579180964 -0.151501864167263
0.082865587511608 -0.0962951671728565 -0.105856871626559 -0.131582644496195
0.0512585723448661 -0.105304483859936 -0.116180611919751 -0.0448372282717767
-0.007881545863619 -0.10595997571734 -0.101017673991675 0.0477082816403648
-0.012207493711007 -0.112993342002083 -0.119168169272895 0.0879277012375864
-0.0205793093927319 -0.106264584675115 -0.142414625189054 0.133063611675023
0.0118105723596756 0.00999163848493638 0.0964101679551377 -0.161751724471507
0.0223032836250453 0.0107009950591432 0.0844959361224634 -0.129817665991134
0.0117795896165974 0.0108997957791954 0.0860367293804278 -0.0712498530229008
0.00631777829090399 0.0083790250545399 0.089451538786304 0.0197107900432701
-0.00382387022180704 0.0040246858394312 0.0751552210656744 0.118494108008003
-0.00744421099300382 0.00951987368633491 -0.00531142808951529 0.130099552766407
0.00220774981631769 0.00956207746929921 -0.15112707971001 0.104437568716216
0.00124283732013679 0.00262840210278883 -0.247975394073071 0.0801996056688015
0.00187844790597839 -5.88201703010903E-05 -0.261044440590985 0.0560508104706414
-0.00920175471771723 0.00160864715000325 -0.202466591306044 0.0457144517598479
-0.0125837949887856 -0.00280666282994703 -0.142922413882486 0.0142459866607579
-0.0002479775175386 -0.00264447566126808 -0.0924251868549117 -0.0402394040151814
-0.00289710298545276 0.00616371720163174 -0.0593800965731559 -0.0821923287910188
0.00414480760760154 0.0148727442686223 -0.101909689677375 -0.136972485448771
0.000800469013325667 0.0138019188911352 -0.184827818339411 -0.188249007046008
-0.0227061753145209 -0.0796904760481093 0.0954000716252661 -0.137214396336498
-0.00293588990210419 -0.080556252709919 0.0811939046809638 -0.111420672633249
0.00390607389220974 -0.0922070289170791 0.0810390469578409 -0.0580365356323919
0.0390451105718718 -0.0949127444882182 0.0802190049134409 0.0198488302669314
0.0580781063934969 -0.0885184656018266 0.0701350892046328 0.112305841730915
0.0744732646148004 -0.0641829561307053 -0.00384212604960418 0.12424554805618
0.0977977537153627 -0.0379292845818442 -0.135327881321321 0.0947510643861561
0.0967475601269485 -0.0268126251408726 -0.230247733813168 0.0718809909882835
0.0883704635313618 -0.0293145438953942 -0.252247433429482 0.0476925358356832
0.0601468352796044 -0.0299619221706059 -0.204248579700561 0.0378034900815632
0.0478668005737691 -0.0385246451072773 -0.152583122401978 0.00654902477628114
0.0465935555568013 -0.0340578883437245 -0.0965784821178344 -0.0473054383452146
0.0205979944048513 -0.0325826428711084 -0.057479461757395 -0.0912160208040479
0.0207813106981747 -0.0415117843411327 -0.107792345430577 -0.143353772370104
-0.00340119673106418 -0.0564177086390336 -0.192010635675374 -0.185915986686989
-0.0536192935457474 -0.15243672048698 0.108564237506793 -0.0855235700159783
-0.0247929523110339 -0.154024915920896 0.0937106646009448 -0.0688285320182609
-0.00428409797407821 -0.175445295946991 0.0893386539366238 -0.0324722471384944
0.0646595683571067 -0.180359701830348 0.0833348892965053 0.0207253596319241
0.109528116839478 -0.166264215247322 0.0789850003258259 0.09011254889522
0.143573904169514 -0.126475609127197 0.0188980030103665 0.0973943608659533
0.177410930936253 -0.0764544159416688 -0.0864724766287777 0.069257124514573
0.179012014657808 -0.0510355778080727 -0.177108622062852 0.052591018756404
0.168060321565387 -0.0574155441439987 -0.218879292450482 0.0338786890198832
0.130629488799429 -0.0656413623829286 -0.198500171843622 0.0260200107137488
0.112238234208339 -0.0849483503991727 -0.169056110051169 -0.00361053681016052
0.0949997249305367 -0.0808615647071542 -0.110571842841729 -0.0539093051751864
0.0403373865885522 -0.0834209877532301 -0.0688043841661345 -0.0960487287115255
0.0314190692265041 -0.103808309656413 -0.125316558761278 -0.139861224458954
-0.0100588850590069 -0.124190210042194 -0.200967743394996 -0.162388488730385
-0.0719034637583069 -0.195786413097923 0.130727112161936 -0.017149604657148
-0.0323225436745364 -0.197039355388531 0.115538342365612 -0.0117807271310229
-0.00246050052866826 -0.221484994923683 0.102538057977443 0.00206280457063714
0.086638457890883 -0.22612164862152 0.094160432534871 0.0235309136935808
0.146255479581916 -0.210062682399993 0.0961559794346658 0.0570384953989803
0.188891547672069 -0.161414265100637 0.0573332231254264 0.0554082262250769
0.228203617073143 -0.0988326807402144 -0.0148173832373346 0.0335182825196878
0.234941313690202 -0.0670817663716087 -0.0968440466337568 0.0253507264680188
0.230189975798305 -0.0830861466649127 -0.159688163650609 0.0121651681629008
0.192611890798099 -0.106457000640309 -0.176805876533911 0.00426062838568878
0.168695254330528 -0.14305180101454 -0.179231454793142 -0.0183036725267007
0.13244559116161 -0.145338837114525 -0.129113004937255 -0.0581361831935461
0.0468490508223146 -0.145901471046405 -0.0891683609520342 -0.0874526465811996
0.0285061708005371 -0.166546720156052 -0.14676755008372 -0.11770198639946
-0.0197680629240101 -0.180158506925652 -0.207046858579393 -0.117316639382303
-0.0740255220571293 -0.204687162004585 0.153235783498653 0.0566706052454574
-0.0235324373487735 -0.201787751435856 0.134820916072377 0.0510894231558272
0.0123927999673544 -0.217619420535794 0.111559578639135 0.0383636630567352
0.103760461362821 -0.216724034804931 0.105131762402534 0.0285295574800526
0.161206772164462 -0.202565964700512 0.116413216956554 0.0227587861371809
0.201341761148609 -0.158837394449816 0.103936044576308 0.00882929166075704
0.242729313785277 -0.0999248095669564 0.067540028855818 -0.0056588427391373
0.255140621040901 -0.071297949870216 -0.000259849893276149 -0.00795704627221441
0.260448364680767 -0.097963637931281 -0.0800658206291252 -0.019099739441675
0.225906546003628 -0.138844122141007 -0.13543312341907 -0.0308367864786971
0.198039327397833 -0.192777975474867 -0.176588140559219 -0.0426905255086642
0.143280289806613 -0.203410881754549 -0.141958434486959 -0.0575705922063698
0.0362047107789424 -0.19721401798103 -0.107082693458515 -0.0615698538847798
0.0130507392825179 -0.21231961619041 -0.161015862431624 -0.0724447431994178
-0.0321571434463314 -0.212581789053044 -0.202780357509709 -0.0531860423960993
-0.0631882275531052 -0.180407264720995 0.169437604436588 0.123090412493799
-0.00660296652830853 -0.172025504898729 0.141568580631881 0.104163666972408
0.0287170608784299 -0.170973579356022 0.106860634208457 0.0683994098865026
0.105404603276549 -0.159913135863473 0.107514221896988 0.03588562333589
0.148799310851856 -0.151243512641851 0.131332174621111 -0.00193966708018656
0.178970010376622 -0.122624959352638 0.145397713641695 -0.0264729197972304
0.219024701744313 -0.0804644710894199 0.145480749823465 -0.0379317451548194
0.238603820665613 -0.0634354377136785 0.0975458020463397 -0.0414177635605554
0.24885549545904 -0.0970055583215041 0.0078301416867548 -0.056250462428439
0.217888778447693 -0.145731488262387 -0.0815960669033448 -0.0761822005901022
0.18676260802681 -0.205640907883776 -0.158084026099549 -0.074496295235796
0.124180784741516 -0.220771816440576 -0.142419879784791 -0.0538089685007806
0.0155243157326808 -0.211092120242195 -0.113669631205859 -0.0228790618639867
-0.00599906145492367 -0.220172067735512 -0.158012079575208 -0.0120596549351419
-0.0403089044574139 -0.211779822488434 -0.188203091812849 0.0194045826105895
-0.0461399987965598 -0.130941741011048 0.176338784469131 0.173097557297779
0.00531169574401188 -0.12049606479209 0.13488323733896 0.139328506502314
0.0306979119749264 -0.104409444605711 0.0903152135762507 0.0858896964383281
0.0853448423022719 -0.0872613704926218 0.101139093980819 0.0427325327407708
0.109138430194021 -0.0837792687078602 0.137785906230218 -0.0117171101415666
0.128288140361045 -0.0703946106101993 0.174771685884308 -0.0441603698663831
0.16375646128831 -0.049277299505776 0.206737521975773 -0.0575024178341738
0.185420051287316 -0.0443197287084639 0.182169223184351 -0.0692415360598336
0.196508195583785 -0.0748425379701073 0.0864382014654461 -0.091243072630027
0.169318297601293 -0.118284719023644 -0.0305337259093086 -0.11878379264636
0.141302272835446 -0.16893367432802 -0.130949451221656 -0.104392588548911
0.0877436372376268 -0.183835798121381 -0.130719098236368 -0.0486355896117838
-0.0027257009604963 -0.175346870319003 -0.108021912138087 0.0167889854658481
-0.0171814856801592 -0.183213712316561 -0.140369993587097 0.0473275964569708
-0.037460715485148 -0.172433508729631 -0.163700769815773 0.0865069495898792
-0.0323068091607516 -0.0665780454102917 0.178501638876479 0.202214983758685
0.00276290897329793 -0.0632802445749208 0.124059218620074 0.155675253521106
0.0155841018422641 -0.0445305354236306 0.0731195270886671 0.091785023484546
0.0465798221331407 -0.0300523136440405 0.0933598539515847 0.0481100577854852
0.0550592141769534 -0.0281204411631868 0.139067017725437 -0.0117174137004071
0.0647603923764633 -0.0230074248411373 0.190809143785316 -0.0460624790552916
0.0883543593506343 -0.0162803140998877 0.245733010984842 -0.062910756221998
0.105888503167742 -0.0176786627688663 0.240195879630022 -0.0876919162026091
0.112586536648338 -0.0366557938389592 0.140805224416884 -0.11548664457666
0.0929194235984773 -0.0646983266592163 0.00476015174727377 -0.146670025983307
0.0784257829319697 -0.0957782111615731 -0.106790707064449 -0.12483004852927
0.0475653990805263 -0.105546810655237 -0.115644143143324 -0.0427533557808433
-0.00886765157171579 -0.101403374878152 -0.0988927545657438 0.0477803663205571
-0.014961691288262 -0.110998791570384 -0.11661489241412 0.0913437790270563
-0.0230707879247802 -0.10354652375549 -0.138277593653859 0.136147333616088
0.0111608549339599 0.0112847675995718 0.0958969377102766 -0.166141301364393
0.0224277597033449 0.0101571669770944 0.0852455908889895 -0.133701513675263
0.0118908384422981 0.0105303927155711 0.086611188441259 -0.0727413231591134
0.00680539864116033 0.00830218180574139 0.0900869517921841 0.0191095134290195
-0.00462023428977679 0.00414728899096883 0.0774341050817562 0.117430389761456
-0.00676346165987975 0.0091806171352203 -0.00567714472618998 0.128169382225423
0.00378816051217883 0.00793461560016334 -0.150756551086245 0.105430359337339
0.00266494830756512 0.00206831248468556 -0.246092079872029 0.0839297172947664
0.00187241809781931 -0.0011563488867856 -0.260566298683082 0.0613113353706508
-0.00838451724809203 0.00171004672433109 -0.201092338697649 0.0494368086402123
-0.0127806507209487 -0.00152548017336815 -0.142618937513138 0.0166360160733045
-0.000737129253591511 -0.00259360599165844 -0.0947972895742205 -0.0388028572589304
-0.0025536377850252 0.00733199733554772 -0.0610624426334894 -0.0826592264211754
0.00476457075180915 0.0146561021664674 -0.105390010797647 -0.134656416832722
0.000822142943808033 0.0147054947607363 -0.187759365438592 -0.183206526296826
-0.0249928716704231 -0.078734350351179 0.095682236263703 -0.140928455664099
-0.00380028211195764 -0.0812170124989298 0.082209366044444 -0.115675237928944
0.00255515750372855 -0.0923363780616715 0.0817921291802639 -0.0601074647995779
0.0382853637008058 -0.0962015641426051 0.0804695480398657 0.0189375424645542
0.0565195066515632 -0.0893269446064286 0.0729798585957119 0.110611832575162
0.0738500956029581 -0.0658931919124569 -0.00390840603567412 0.122060150015186
0.0986029508341727 -0.0397373962486614 -0.134494141852418 0.0952366259603462
0.0980945109572196 -0.028642138647926 -0.228661105634752 0.0750885544026655
0.0878894236517598 -0.0313902131362757 -0.251848169971563 0.052447199265517
0.0600486922942404 -0.0303316835762135 -0.202770136447715 0.0416930112171247
0.0469653755308919 -0.0377849843930865 -0.152615923483914 0.0090659111417811
0.0455802366330779 -0.0348725244823156 -0.0989639046201166 -0.0459451431358487
0.021424727804182 -0.0311959674795478 -0.0598186591768269 -0.0925955683733652
0.0210058034429082 -0.0422340129782139 -0.111052527136303 -0.140637311850434
-0.00382164711157633 -0.0552979486560021 -0.195057127133535 -0.18102691855222
-0.0566196221445759 -0.150747399707293 0.109921382928556 -0.089059895356221
-0.026174022734196 -0.154960988356947 0.0957675459186242 -0.0731770080065724
-0.00620431395362375 -0.175478985608896 0.0897965430440814 -0.035227899636214
0.0635108823349263 -0.181673946768292 0.0838519497584514 0.0191558740449999
0.107348663441461 -0.168119359762388 0.0814532056151993 0.0880928112911156
0.141966221280702 -0.128959133790446 0.0192763176523645 0.0947919658414069
0.177494272367557 -0.0786431128672809 -0.0853071705342387 0.0679785023080523
0.180081838902279 -0.0542230447954883 -0.175384327716899 0.0548375455191686
0.166948932754434 -0.0601789486695224 -0.218243203789702 0.0384748966131567
0.129283995291474 -0.0666775208233224 -0.197212098342957 0.0298869124287342
0.110196650422079 -0.0847053798911527 -0.168780556267259 0.000223565204051092
0.0933114726533463 -0.0822513095522126 -0.112762133529269 -0.0527928673343792
0.0414938763750649 -0.082161522570646 -0.0720445922071827 -0.0975761877675777
0.0308868754785351 -0.104756815615186 -0.128105253349184 -0.137250004843372
-0.0114119423688489 -0.122883958669072 -0.203603328452932 -0.157799215538681
-0.0756835022290012 -0.193741182232672 0.133363738612302 -0.020920201923472
-0.0343973525752306 -0.197830054855854 0.118149006369163 -0.0155755287805708
-0.0036940856316815 -0.221020064658767 0.103898058251749 -0.00121181687137831
0.0857971473145551 -0.228296105328007 0.0955634590393703 0.0214400737237481
0.144122257210628 -0.211500490406964 0.0986974660562463 0.0541700652352401
0.186483639227035 -0.164350912587417 0.0577412169911815 0.0524917957220679
0.228138595318694 -0.101160025402072 -0.0131533019994376 0.0303909966419123
0.235693243875142 -0.0708431915412335 -0.0956241540157784 0.0259436754509095
0.228924278480889 -0.0861534749097695 -0.159746079550828 0.0154835857849546
0.190958309908969 -0.108687519582704 -0.175952936922257 0.00813620046801562
0.166170574631485 -0.144166549472959 -0.179882262026452 -0.0144576926870556
0.130147176786151 -0.147998252452736 -0.13133682535131 -0.0571076383912839
0.0480815148068204 -0.144476678303741 -0.0925404865477727 -0.0899202705208214
0.0272047857047182 -0.168014325906405 -0.150170256196676 -0.113798121572011
-0.0227730013369038 -0.178624760471185 -0.209330339289613 -0.112311997959517
-0.0776888301317229 -0.202771252495074 0.157000095732206 0.0530961239695981
-0.0259389852839485 -0.203123948163396 0.138082081133197 0.0471131835689927
0.0111354131830867 -0.217787649633311 0.113579537935863 0.0353019825984866
0.102612899891401 -0.219002732397893 0.106526560558978 0.0264251157412106
0.159275822290702 -0.20399526840421 0.117752773029185 0.0198111226809217
0.199703760802289 -0.161453033988808 0.103606488092213 0.0056798995737158
0.24253377438797 -0.102468576734159 0.0689197369318468 -0.00999353086944976
0.256746244916703 -0.0759254798359787 0.000146933586696154 -0.00843935545980508
0.258744825464624 -0.102200858516685 -0.080211597832895 -0.0167350956460036
0.223863523805244 -0.1410679697865 -0.134934518607069 -0.027424196755841
0.195083074225738 -0.195134731446916 -0.177454361314054 -0.0387206732390425
0.139801026625362 -0.206811951442241 -0.144407400445075 -0.0565720353340957
0.0367113383943448 -0.196001258343743 -0.110658971264931 -0.063974094388585
0.010155743576878 -0.213266891916525 -0.163910224691299 -0.0675912722506872
-0.0361925283025501 -0.211791894945145 -0.204651712463749 -0.047756110797765
-0.0654020358128203 -0.178512568776502 0.173155572352651 0.119352895297684
-0.00829378878781563 -0.173917753540397 0.145385966095376 0.100506657384782
0.0282741052994078 -0.170686715711641 0.108806579930488 0.065042295774992
0.106515002586681 -0.161805736256381 0.109213440883588 0.0336789153806921
0.147527536535751 -0.151888199373695 0.132116688726579 -0.00440810981478535
0.17752845868477 -0.123694639965571 0.144544890630635 -0.0298065969660177
0.218259824363349 -0.082299013657751 0.146483538566071 -0.0427832203305156
0.239422403246842 -0.0679522907181357 0.0978078241642095 -0.0429773872781852
0.24831803425931 -0.100756316839046 0.00699174323422777 -0.05595487334919
0.216119128130995 -0.148122857533853 -0.082088589084786 -0.0735538854470262
0.183533349999972 -0.208146835671734 -0.158908060982445 -0.0702705260371879
0.120764947629003 -0.223884552817577 -0.144042498830241 -0.0531628810078284
0.0155658740785535 -0.209968885765024 -0.116276916117672 -0.0247445070685899
-0.00868373647628747 -0.221353477434978 -0.160305192778535 -0.00684224885588802
-0.0441099549057056 -0.210235956156703 -0.188922081937757 0.0251510638342587
-0.0481643902322953 -0.130243481894552 0.180430211446397 0.170079461615313
0.00367697502543411 -0.122586804237339 0.138112393515024 0.136452610973327
0.0312697743066312 -0.103812741647932 0.0921662883280884 0.0831273582747698
0.0865430669642479 -0.0882515420219842 0.1026071545501 0.041300526883985
0.108525051789185 -0.0835891013371001 0.138470386311483 -0.014217311199992
0.127300284213108 -0.0710180901453726 0.174290678308993 -0.0465709946151582
0.162887996991102 -0.0504457592265826 0.206669860073691 -0.0619282186083558
0.186211185436756 -0.0480346405277125 0.181649530565134 -0.0714108156550251
0.195467839508009 -0.0776538213916618 0.0859534972465371 -0.0917868102754719
0.167460055475318 -0.119884692185062 -0.0315352620337352 -0.116139367449422
0.138627027577322 -0.171254314445559 -0.133011521822407 -0.100765195384293
0.0844616725305289 -0.186502072892472 -0.132105452445854 -0.0480681946129846
-0.00288136845319785 -0.173976367228186 -0.110089404809583 0.0165761344127345
-0.0206037732096603 -0.18348767463364 -0.141245329598738 0.0525522647762497
-0.0413045972076259 -0.171484645315757 -0.164304236611956 0.0921338069377435
-0.0331865916793479 -0.065647681417585 0.182033045507965 0.198892376407686
0.00156411443364347 -0.0650115779769653 0.12697818877139 0.152689291030688
0.0163395301291533 -0.0437175006614266 0.0747604556487331 0.0896491155387856
0.0480686680647943 -0.031113779618198 0.0950228793906656 0.0474838083607006
0.0550764446763653 -0.0279487180980012 0.139814014503989 -0.0138902120991925
0.0649571367910964 -0.02293503079907 0.189481982626006 -0.0486566022641177
0.0886190131993231 -0.0169699113973509 0.245094711029142 -0.0673104734999804
0.106234214607523 -0.0203075548222256 0.239365874260669 -0.0909422700227318
0.112350916065598 -0.0388586052815678 0.139566206310439 -0.117363685913996
0.0929007630792072 -0.065087521166252 0.00355266301646631 -0.144878258458968
0.0765028759715799 -0.0969632649503575 -0.108606213014067 -0.121502874795697
0.0453660580925953 -0.106534043392053 -0.11697262722219 -0.0422884968777775
-0.00863668157935637 -0.100646861283794 -0.0995945296517379 0.047863663693364
-0.0173126991114805 -0.111374423351823 -0.117026417270878 0.0961409811860633
-0.0254350178514746 -0.10289036229095 -0.138573792131057 0.141175726017139
0.0114977880511797 0.0121352547086966 0.0923692027865413 -0.173754217865387
0.0238475223105433 0.00905998627902868 0.0825469223610413 -0.141216902531685
0.0118728209782626 0.0108125138848411 0.0870084284522084 -0.0779780823137644
0.0071024727719145 0.00774767314165444 0.092650969188303 0.0167135251241692
-0.00479231153705465 0.00454488564687925 0.0843996611109363 0.116110771935943
-0.00652117333858082 0.00896169376579897 -0.00301909132603945 0.128984886845907
0.00525894333797079 0.00624229574863511 -0.150257260742785 0.111388822149426
0.00353511863180367 0.000908884198554089 -0.245212768965402 0.0934424596310044
0.00194119856403819 -0.00231873627287303 -0.261010095851781 0.0733822305330074
-0.00706396385478294 0.00170426453494214 -0.201173407258851 0.0577836553856953
-0.0130159934133951 -0.000122652845783645 -0.143309030099167 0.0225304231984971
-0.00153480169485535 -0.00300624879489646 -0.0987387993943451 -0.0345709764388005
-0.00166472701285191 0.00790606533502445 -0.0657511818587871 -0.0821100821231913
0.00573449265724069 0.0146181490698086 -0.112113069087406 -0.13107785092183
0.0017317910362186 0.0157616656600539 -0.19696327306074 -0.176289761685833
-0.028407416369221 -0.0778142311723122 0.0938167599659051 -0.148329574852272
-0.00670239444502416 -0.082666889061139 0.0809468242305699 -0.123024571375993
-0.000486926281645686 -0.093156695434311 0.08203651384321 -0.0647071430809561
0.0357291560793288 -0.0995657751594087 0.0824371026651754 0.0167875577092765
0.0540373300341149 -0.0921099807633937 0.0788324441586326 0.108344942554304
0.0726728047777285 -0.069845653135407 -0.00123126665210036 0.122257494346845
0.099630849505792 -0.0441248024345909 -0.133843718791692 0.099354405514073
0.100341930623418 -0.0336940070528489 -0.227953704505805 0.0837793423161533
0.0874495839725989 -0.0352247996264844 -0.252545483312665 0.0642762021949528
0.0600581174314636 -0.0322051774588816 -0.20262272783779 0.0500646884488487
0.0459122002139751 -0.0387131512585112 -0.153872657249516 0.0154536463489472
0.0443748122948425 -0.0369891986004555 -0.10331595159688 -0.0421299220719894
0.0223400899499684 -0.031379600584184 -0.0657770078038711 -0.0930850421118171
0.020312740508656 -0.0434712295133989 -0.11871810216188 -0.137046140711888
-0.00553133328931142 -0.0548618704063995 -0.204497734316289 -0.174006165449187
-0.0633667332190097 -0.150023845524753 0.110346279008764 -0.0963347208191503
-0.0314458225010245 -0.156627919249589 0.0966911625945306 -0.081228589089094
-0.0117323358789988 -0.177373535217437 0.0904679153438466 -0.0401524385474446
0.0587857952693846 -0.188417507091886 0.0861657627808404 0.016639140009287
0.102746833475002 -0.173445312208817 0.0873669281860561 0.0843609700927545
0.139636323579904 -0.135908826156633 0.0212496604396154 0.0935935271558507
0.178772342196293 -0.0861482957060893 -0.0847166180459543 0.0694285693720444
0.182246289644898 -0.0628859976461187 -0.174966760262637 0.0606095713772849
0.16613499240875 -0.067112581998683 -0.219538592711346 0.0484896813235565
0.12846555139985 -0.0714098114624935 -0.197215667862061 0.0381389514529745
0.108137387293118 -0.08852293875522 -0.170714080023985 0.007235573135352
0.091332826437963 -0.0868146205506965 -0.117568265265634 -0.0492969871145909
0.0421316411212711 -0.0831600188441952 -0.0787769321883053 -0.0983386734868488
0.0281639286627296 -0.107386072131002 -0.136388824450537 -0.132693919524017
-0.0158179742503964 -0.12278914809046 -0.21232336998781 -0.150031125920705
-0.0836135345220178 -0.192512895969857 0.136777263476608 -0.0284052774770643
-0.0413831946237846 -0.20029170667803 0.12160268186264 -0.0229776086588729
-0.0111682694785697 -0.223564025953562 0.105814469016403 -0.00638788243089563
0.0801627976548921 -0.235784305944676 0.0979050762484074 0.0180245219516912
0.138705893782704 -0.219304683842917 0.102949790173233 0.0495682408985999
0.183453895406062 -0.172515427123273 0.059399990361446 0.0492027296582028
0.228487908212263 -0.110014831829193 -0.0123357233243343 0.0281169792901884
0.238344417362297 -0.0815827922340477 -0.0948845185382813 0.0289154549261967
0.227653483050903 -0.0955779985187163 -0.160663614093648 0.0235132578689527
0.188863801125183 -0.115141444704476 -0.176412962740967 0.0162431329854136
0.163165145826015 -0.150752795387393 -0.18261875849048 -0.0064829644621158
0.126477366627585 -0.154540131089381 -0.136384438544296 -0.0535150411482452
0.0472918767998339 -0.146830983115968 -0.100050863751322 -0.0900715502388573
0.0218658346918803 -0.171632260090659 -0.157881668283574 -0.107524984945151
-0.0297757869841849 -0.179021226448502 -0.216550120295547 -0.103279642170659
-0.0851316554999285 -0.201482798633882 0.163192621656889 0.0458387081988987
-0.0329963687677576 -0.206568068718588 0.14383083537061 0.0400829587830199
0.0051225217036758 -0.220885616305786 0.116368115976752 0.0300444294045553
0.0986165067530926 -0.227102612669243 0.109571264598896 0.0225275717809938
0.154854017103641 -0.211252394715904 0.121183838814668 0.0137910941603877
0.196664431242709 -0.170008954074041 0.104332779166853 0.000783592402412868
0.242226867743171 -0.110722567962905 0.069876614395907 -0.0158841167173807
0.258741445572708 -0.0867716630591235 0.000987165351686243 -0.00943793185017299
0.257968294176955 -0.113049142095282 -0.0818505894354421 -0.0129419186663152
0.221374141639457 -0.149736561876981 -0.136049399165447 -0.0214045373159195
0.190050505208562 -0.203949565192469 -0.18107106178152 -0.0306382978359112
0.133991016332838 -0.214925114706166 -0.149411179519195 -0.0528307613667754
0.0339198153885065 -0.198957489741712 -0.117662694576881 -0.0632136051287159
0.00288250390401306 -0.216869074670718 -0.169625795002498 -0.0595303844578163
-0.0442560279606717 -0.211672704987166 -0.209760902694034 -0.0383265832035385
-0.0719208598873524 -0.178054591545478 0.182091238651953 0.1135044655863
-0.0144537716752327 -0.177396968782947 0.152854613108353 0.0944558574522598
0.0248296772661048 -0.173566655500366 0.112480535248675 0.0607564321839239
0.104571788968905 -0.168635775942905 0.112654425314957 0.030331724915174
0.144538854115261 -0.157639105960581 0.13478714466273 -0.0103474303134913
0.175077863555104 -0.130901884326821 0.144786979282372 -0.0358188092980737
0.218587619871454 -0.0897906875814986 0.147141023251772 -0.051218685524777
0.241482275136065 -0.0785243541027654 0.0983849599748857 -0.0473141617564333
0.246798741468205 -0.111229243754515 0.00552225296200527 -0.0558416335860307
0.214002078546763 -0.15638066415713 -0.0840519467188261 -0.069800587483184
0.178870277655933 -0.217226367412098 -0.163849135184642 -0.0632811178991928
0.113453369978147 -0.23168349892913 -0.149215702342648 -0.049750730913006
0.0115067564366826 -0.212202845375357 -0.122281543506521 -0.0227108084201687
-0.0181209839114893 -0.22479972007499 -0.163767670085921 0.00226938297881855
-0.052534771925863 -0.209505826553036 -0.191477672710347 0.0350574170610584
-0.0523797750558669 -0.129161307300796 0.190324830893721 0.164496131089075
-0.000980072335601188 -0.12575053444103 0.14665639694829 0.131445788077143
0.0302611400061753 -0.106051043857821 0.0960016696321662 0.0797895564178683
0.086632038858499 -0.0936639701325667 0.107237322912923 0.0384859448023113
0.107892109175737 -0.0872882667491069 0.140541478582529 -0.0196518139296856
0.126746061394697 -0.0755284624615458 0.173114118993194 -0.053902245110871
0.164080633266215 -0.0558838789527 0.207016367178835 -0.0721545282225637
0.187261456267463 -0.0559684157383153 0.182300522745186 -0.0794182062902188
0.195347489743878 -0.0869955424471947 0.0838005244137471 -0.0952553115573656
0.16605813234372 -0.126873426874536 -0.034618930759249 -0.115098466499496
0.134021619861254 -0.178177404053122 -0.138006242012227 -0.0953750904763876
0.0782312766530049 -0.192539409631931 -0.136580026122054 -0.0450224588995745
-0.00638133184045411 -0.175507946620277 -0.112984308776948 0.0188398735543373
-0.0280458703003831 -0.185930359840489 -0.142268364693223 0.0609034113460333
-0.0485496867593625 -0.171014121981885 -0.164571418745047 0.10261142228771
-0.0352576255440257 -0.0649521460750699 0.192616997523157 0.194074631317183
-0.00163616998526289 -0.0671264057994773 0.134980664181714 0.149221822322304
0.0163728770158952 -0.0448779175619038 0.0787570724612041 0.0873010226204368
0.0488094160232527 -0.0341534420101518 0.0993007629745437 0.0462593843408195
0.0554706044447836 -0.0287287023239157 0.141860436518544 -0.0190723282602355
0.0652679572859423 -0.0248889055785626 0.189316727851868 -0.0552925140888509
0.0899178643061933 -0.0199196486263839 0.244687885909969 -0.0785763653582445
0.107352076807093 -0.0251476197482176 0.239359610664758 -0.101560457496462
0.11265597947729 -0.0444377944687405 0.138197296171369 -0.12431903197733
0.0923911315452903 -0.0691815053821696 -0.000224045376550553 -0.145499227113716
0.0740647989585024 -0.100765242290455 -0.113986488964656 -0.117054186537031
0.0419073034909409 -0.10984637160546 -0.121137181827271 -0.0398148635365989
-0.0106565750674175 -0.100989840222987 -0.100239340167729 0.0515423037071258
-0.0221951489541382 -0.111704106575903 -0.115779727015082 0.104071308606479
-0.0299609520207081 -0.102429680253639 -0.137351055301113 0.152145970327209
0.0133487623732291 0.00658872697724603 0.0625271714181258 -0.18560700912638
0.0247981672495272 9.69776185736145E-05 0.0577249163789367 -0.153151477611664
0.0139816144194306 0.00671710650026866 0.0732143755047521 -0.0907703049587262
0.00991273622532192 0.00539517308718859 0.0938853162736498 0.00202198856268522
-0.00158617643101561 0.00695347768629566 0.102955689810939 0.0998181553740299
-0.00333002219789467 0.0118772800593176 0.0152500163803157 0.124787997545112
0.00576261165189495 0.00638934061513815 -0.131624975895491 0.131872580315825
0.00245827869310346 0.0025450753674 -0.2234863788772 0.127333926706812
0.000697682403812264 -6.68700356230081E-05 -0.245123084390816 0.109094606490327
-0.00491192775371429 0.00537702961065258 -0.190562433619643 0.0841721377976803
-0.0115843081767868 0.00427040581595965 -0.1376172846609 0.0416539707453936
-0.00256852561970519 -0.0014459556143963 -0.102949175867979 -0.0198248893842066
-0.000415278932488035 0.00951446225371251 -0.077434294865726 -0.072726076108585
0.00810921105887639 0.015044410282986 -0.129309854096173 -0.113343920931959
0.00378534048863453 0.0186701736976267 -0.214335427387581 -0.14717886446977
-0.0414213249682056 -0.0736716068577634 0.0724803962051474 -0.160897422422183
-0.0207938435167469 -0.083496804602097 0.0634545432144659 -0.135554553355102
-0.0163316712897615 -0.0928703991665517 0.0754467439465522 -0.0755593411522904
0.0184626159955152 -0.105144720327734 0.0879983967788491 0.00783318327278025
0.0401046355153116 -0.0974983511523787 0.0992951646206309 0.0961748209407498
0.0614816906339694 -0.077056204989005 0.0181270059641477 0.121188066646275
0.0920086004417773 -0.0598354887747027 -0.119805050624764 0.119203840399115
0.0912313305088991 -0.0454145293219268 -0.208119152360281 0.116476576688493
0.0792401336860444 -0.046081731987173 -0.23803107391329 0.0994427013984552
0.0554124343664807 -0.0385599929144734 -0.193627521595859 0.0772371705057428
0.0392937541442659 -0.0422759268207233 -0.149343057556783 0.0369769437299648
0.0373788728241914 -0.0422548674767997 -0.109314643853349 -0.0258366407244688
0.0181695738196651 -0.032525689099396 -0.0803984665113072 -0.0828330567747534
0.0143298279038801 -0.0441771482585236 -0.137945831052642 -0.118521071864359
-0.0137369371639306 -0.0501312560669252 -0.222540291067956 -0.142381044691374
-0.0879318509821212 -0.137660156395355 0.100629136957243 -0.112443064406018
-0.0580835758756407 -0.150492719473372 0.0895394862393802 -0.0968307270654322
-0.0417023927671035 -0.17309174919929 0.0916162618106293 -0.0518022775014227
0.0254631269651291 -0.196049084076179 0.0947441930504855 0.0103701561805185
0.0749755046404986 -0.186057173318939 0.105624488749536 0.0736353221708012
0.115936550792882 -0.152409460116546 0.0370544929714597 0.0925324256545365
0.163964936743696 -0.115395400446795 -0.0787902853679472 0.0836280867301442
0.167917530142842 -0.0863111198078146 -0.160445220590999 0.0872483493770269
0.151972929423337 -0.0900065502155007 -0.208144968511228 0.0801208609798979
0.116212973343646 -0.0875493365499153 -0.190349830910047 0.0667525438593024
0.0918042883552281 -0.100808447494631 -0.16758253353706 0.032752810581096
0.0754447211917379 -0.0984802823723527 -0.125717360248047 -0.0297377055488045
0.0305861626231428 -0.0860433742829624 -0.0955218656889504 -0.0859439643628714
0.01254767884943 -0.108017831954328 -0.156694779189584 -0.110240815666609
-0.0330187790360666 -0.115297598371626 -0.228888783269761 -0.116669701207685
-0.113868023802438 -0.175297467480586 0.139553223531194 -0.0503244278749881
-0.0746631602784424 -0.19081218993734 0.125624576472171 -0.0437959987832434
-0.0480060543166269 -0.218556706238563 0.114442258810165 -0.0199298776026503
0.0384831948167143 -0.246459373320228 0.108801410553615 0.0115102655286764
0.102559207478464 -0.236578060395508 0.116974351093901 0.0388238115621262
0.152958513065059 -0.19646363413277 0.0677768159194984 0.0454592619677193
0.209583393500148 -0.149010443772823 -0.0159808026853011 0.0331418429445509
0.220287279260156 -0.114480792386051 -0.087837010640815 0.0452717926294604
0.207633321079694 -0.129086559188043 -0.154219980678064 0.0477799308384947
0.168223828422003 -0.14079874330592 -0.173100558757788 0.0433320422480154
0.13508459356685 -0.170144434721509 -0.181334593071319 0.0232454709824981
0.0992056327506598 -0.171685438706493 -0.145754256441952 -0.0301007133533835
0.0264372177660421 -0.149272514897985 -0.117028715490424 -0.0731232160509746
-0.00304146323741172 -0.16978722067926 -0.176387532461587 -0.0817109599288555
-0.0544844197258336 -0.168911783875625 -0.228339547533714 -0.0690880379159177
-0.115307102015326 -0.183094775822409 0.177532326886913 0.0180005911853002
-0.0658679694590576 -0.197251152442494 0.158102666134501 0.014845722555742
-0.0309319639466815 -0.218135560854579 0.12982538821158 0.0151618476459549
0.0585634089774026 -0.241015206111415 0.120565466364075 0.015011527323054
0.119370936728241 -0.232786029730843 0.128583220043529 0.00162124322197569
0.166655692778847 -0.197405967129909 0.103785330696341 -0.0078729506729174
0.223650193783315 -0.152963890549958 0.057326605953005 -0.0225685971726716
0.240219680348378 -0.124244487057931 -6.31204730130409E-05 -0.00574184170268181
0.235051379300249 -0.152515275863991 -0.0814527978394907 0.00189646123566913
0.19426366043915 -0.180778999826273 -0.138405358792707 0.00192707036372533
0.153583400933679 -0.226821097920612 -0.183066371801954 0.000452474676536516
0.0967514483973759 -0.232041095799961 -0.158962438228428 -0.0269838128735139
0.00627636848586479 -0.198639174372063 -0.130729477531878 -0.0425570984960885
-0.0286725121550698 -0.21214297719474 -0.182536203029719 -0.0321155365320356
-0.0735219876545224 -0.199296958077635 -0.215168255305335 -0.00450031049212807
-0.0966443445318144 -0.161459365772725 0.204661041052428 0.0807819904430197
-0.0427442066488069 -0.171546434218023 0.173334185465155 0.0674767073992387
-0.00290574378221835 -0.17531019333409 0.127836709133518 0.0457955695257592
0.0757805718441786 -0.185208126539941 0.122297759686186 0.0208860016494407
0.119488906030631 -0.178059475498613 0.135650798405705 -0.0249370981458268
0.152387098911239 -0.156895539840796 0.136325614078578 -0.0503581763927151
0.204113024987623 -0.129060639071797 0.127492472374164 -0.0699793710773888
0.224751356970355 -0.114055835306488 0.0887466964550157 -0.0572951407676197
0.224708866666897 -0.150422726172327 -0.00148020244969237 -0.0527873262404515
0.185111219593304 -0.187003086419372 -0.0933352926962799 -0.05302184033306
0.139369300204971 -0.23856922311144 -0.169169042761234 -0.0337842398836878
0.0742160402362362 -0.245817361678812 -0.157865054037917 -0.023544638038316
-0.0172443428667451 -0.208633700273606 -0.128622634324659 -0.00157371695692224
-0.0498475942973574 -0.216037197128946 -0.168664818932795 0.0288948340089778
-0.0811992483732881 -0.197230743961265 -0.187977552686826 0.0654854914253444
-0.067825338075003 -0.116864753627009 0.217673083462049 0.129143513304537
-0.0201482646055737 -0.12195533758025 0.170891493462703 0.104886771543798
0.0147392644730392 -0.109652975089249 0.11069885977358 0.0659258429979433
0.0712304887597137 -0.108777768592307 0.114705574092181 0.0273834981453569
0.0944672689810566 -0.103572843246008 0.137633497308621 -0.0367095017911677
0.114495935640053 -0.0958817578055478 0.160318325476076 -0.0735495800607858
0.156026089240544 -0.0873715465899359 0.184020561134504 -0.10035622515528
0.176270260329399 -0.0857181379249893 0.165189059393997 -0.101963200600359
0.178113179731916 -0.119126666057005 0.0702085254016852 -0.10315942951491
0.142218303638417 -0.150966539725875 -0.0493912995306931 -0.104954691338153
0.101772195218203 -0.194149481432779 -0.147998085610123 -0.0697095995949991
0.0456437487410125 -0.201582506113928 -0.144053113245713 -0.0218410963383963
-0.0290424212773946 -0.170377283107745 -0.113031538154923 0.0375747850853478
-0.0538011239017287 -0.177594943410212 -0.138290364589438 0.0848711429191562
-0.0705234701204181 -0.159850839729046 -0.152625452183956 0.128760471961463
-0.0398173630777806 -0.0563058631096995 0.221733106520309 0.15686802145896
-0.0105975234916175 -0.0643264427961226 0.159554679486959 0.123229118783696
0.0115258473421471 -0.0471056666723523 0.0919757603326694 0.0749291334014767
0.0438915438522201 -0.0436964215821914 0.107021442292293 0.0323250189868881
0.0524871780852631 -0.0386776366812057 0.137484211670532 -0.0393314740911422
0.063566044506293 -0.0376989556765719 0.174413534270749 -0.0791612509605797
0.0885237177926652 -0.0395622428561675 0.222526047703538 -0.114180358529032
0.1020537286868 -0.0446047025063985 0.218284226518146 -0.132598540808977
0.10319304305117 -0.0645975481448101 0.120438683547572 -0.140204728799735
0.0788133880673647 -0.0825293398485189 -0.0181907222978913 -0.14061914664419
0.054946554510225 -0.108793182811513 -0.126787248879182 -0.0959473658240591
0.0230554510919923 -0.114277121024335 -0.126587288346214 -0.0208418353770056
-0.0221215926085415 -0.0967382790836444 -0.0941861189250683 0.0660440141423197
-0.0371705427139176 -0.106134263467923 -0.10406836810611 0.122284714639473
-0.0419935474627865 -0.095263595778209 -0.119065952452959 0.172761193003864
0.0139815309507538 0.00646848351522959 0.0537697221369072 -0.183795130217304
0.0236991773578837 -0.0019390873457863 0.0503412655906513 -0.151909716604535
0.0141214393633928 0.00576692357397613 0.0679058735092166 -0.0920766177773401
0.00925379734392915 0.00502862959426335 0.0916440026396029 -0.00178755987872919
-0.00163803724048026 0.0065331255657107 0.103955342637463 0.0908580576471443
-0.00299408261422049 0.0108045216909628 0.0181289757234377 0.119065967189244
0.00594108075406762 0.00417837192106095 -0.123026091283737 0.131711109642962
0.00235387122588729 0.000799915067146917 -0.210274792323121 0.130343348743954
0.000744149542736455 -0.000462402137792655 -0.22980004609121 0.115213071641558
-0.00393607122113082 0.00472320835311107 -0.178920397822259 0.088831545032665
-0.0102080244157944 0.0050884743790429 -0.131067498303994 0.0458367312622316
-0.00320886342745244 -0.00127148860893749 -0.100462742006047 -0.0133953983290929
0.000535864464522832 0.00914549844298282 -0.078814053503684 -0.0669230721404373
0.00892932694600885 0.0134489016736685 -0.129654250153042 -0.102208226562375
0.00528677228170608 0.0182989390147248 -0.211892351265151 -0.130983150513117
-0.0424326456050329 -0.0693293316919355 0.0645350279950012 -0.160514146606392
-0.0229678026898969 -0.0805606862847015 0.0564634056137294 -0.136072783467553
-0.0187260920828198 -0.08869167733271 0.0699886462142067 -0.0775115020210233
0.0140036317003456 -0.102754376591431 0.0859875138299995 0.00381952498257084
0.0356655629659297 -0.0958637586453497 0.0994084335515143 0.0870262875212982
0.0562188286242591 -0.0770799350892256 0.0204399198056942 0.115366627721507
0.0867644259385955 -0.0622159822079278 -0.112530809309096 0.118361432237567
0.0869046297524166 -0.0489516552765014 -0.195776852351517 0.118711029817222
0.074401121132046 -0.0473675284697828 -0.223663800233567 0.105677747688418
0.0523574033870829 -0.038891117161411 -0.181737376777062 0.0823602375587321
0.0366999348696008 -0.0413686470183376 -0.142011190365997 0.0420837336052085
0.0339016744861279 -0.0419383628740684 -0.106817794999705 -0.0194551697290293
0.0178336048650152 -0.0325610188563083 -0.08265066275553 -0.076325745462687
0.0128243719655111 -0.043559993106529 -0.138102095250469 -0.105902846031545
-0.0135840730761142 -0.0469197344493574 -0.219360905925341 -0.126371309006794
-0.0895005299967149 -0.128622703821327 0.0938369076474932 -0.115563157233293
-0.0611958229066554 -0.143838551098864 0.0820312205185477 -0.10024723586677
-0.0458739286226316 -0.165069233535255 0.0866233166758725 -0.0551722967032859
0.0173647093267229 -0.191069306473193 0.0922905034998413 0.00567215972136546
0.0654639165399233 -0.182408459171973 0.103849949887807 0.065126166912748
0.106547478357769 -0.151812328810822 0.037611607450973 0.0869657376136348
0.154070725010063 -0.117578555809356 -0.0736139854486944 0.0815654814236062
0.159131029698521 -0.0915158603976528 -0.15169619965486 0.0891499478691375
0.141890684651177 -0.0923286447465069 -0.195790018487622 0.0861763106533289
0.108320920767273 -0.0880048931965734 -0.179439933500241 0.0712556519819251
0.085050914117342 -0.0996550072840328 -0.159905441446585 0.0391919924849665
0.0686666563421614 -0.0977646338851877 -0.123238839717406 -0.0228499087852886
0.0281710519557159 -0.0845544678496871 -0.0981026322546652 -0.0790867889590584
0.0090968621845903 -0.104801744113615 -0.155727034779999 -0.0976711444670623
-0.0347544392450139 -0.108961572006019 -0.224389808396716 -0.101516219724348
-0.11541384290748 -0.164311579495935 0.133896984137311 -0.0565585842615483
-0.0787081450093716 -0.18152934611172 0.119861405351391 -0.0509147057277497
-0.0531061501163955 -0.208988531124645 0.109320431941773 -0.0249516652341254
0.0282420887094171 -0.240553903990002 0.105731787102346 0.00617159518426125
0.0906612690323003 -0.232405775424352 0.113066354252224 0.0310837282000392
0.140541631917843 -0.195933815339911 0.0651889478609359 0.0402857209267864
0.197086064522257 -0.151392521081678 -0.0152923672002604 0.0298871610366317
0.208381685976506 -0.120524969871377 -0.0827705655054515 0.0455929748004126
0.194367800898228 -0.131412877024595 -0.145349710477654 0.0530470248626173
0.156052803366927 -0.141030800209098 -0.163426048643753 0.0481814766304372
0.12445142533701 -0.16833095646127 -0.173480275758975 0.0307573704572591
0.0884095997718016 -0.168612948786957 -0.142375153015231 -0.0226571152679905
0.0225553058748305 -0.145369411274284 -0.118483398912635 -0.0661091909493225
-0.00834145881517006 -0.163734639406074 -0.173583156132876 -0.0693387830022604
-0.0577227918991939 -0.159105755680357 -0.222097160820325 -0.0551426717600614
-0.117297430390433 -0.172061496225278 0.172584736917348 0.00764407747545039
-0.0707881061346125 -0.18856822234219 0.153163545742782 0.00493086419930997
-0.0365255318397579 -0.209595224011998 0.1255532069414 0.00834270988756929
0.0488992284679701 -0.236811933139157 0.117155756617409 0.00899683938517331
0.107717567107038 -0.228669219399441 0.122631734043971 -0.00495578242482938
0.152921657637603 -0.196243499529656 0.0985300490627408 -0.0123347352958825
0.210605474081237 -0.15545084784271 0.0531740575464014 -0.0269974049416699
0.227880872593686 -0.130110458920289 -0.000612808474395536 -0.00686473670564839
0.219222327243842 -0.154470536076117 -0.077376488409067 0.00604913389800915
0.180117656746865 -0.180532392990948 -0.131913999901097 0.00717583245167212
0.139407983886317 -0.224070515962852 -0.175788426492711 0.00920949874444001
0.0840686661421651 -0.227109365504398 -0.154703386649128 -0.0197072936077907
0.00128500813337704 -0.192193898825619 -0.130587076320466 -0.036247015455759
-0.0349473600829055 -0.202787409225862 -0.177788244348815 -0.0209002680677046
-0.0772887947387617 -0.187425354670902 -0.206783402742283 0.00664069335910782
-0.0983156012630169 -0.152794664318966 0.200953781230051 0.0673700857726998
-0.0475469693041036 -0.163938822942548 0.170747146683606 0.0553967813421089
-0.00820588515345236 -0.168922598089787 0.124850951832412 0.0382756712200965
0.0667618499028067 -0.183840246708651 0.119933259289126 0.0147456720212715
0.109570441675386 -0.176344824539772 0.129036560512474 -0.0301419888411382
0.141063442680749 -0.156228381400509 0.128078184571401 -0.0535755836372505
0.192467690806795 -0.131795801097304 0.119194891696046 -0.0742232267297794
0.213347074381988 -0.119369271046183 0.0832768274198904 -0.0595598769791237
0.209546885034754 -0.152470061648544 -0.0026112517193061 -0.0493907820013891
0.170907521395526 -0.186124834230382 -0.0899705578891011 -0.046657132611586
0.125716773660686 -0.235353629617523 -0.163316236013184 -0.0243722782489024
0.0615798244012652 -0.239712319919214 -0.153853881419431 -0.0170233119746474
-0.0219178340546053 -0.201134978536692 -0.126556922918902 0.00278823944619943
-0.0561564898610778 -0.206435175086486 -0.161505479957462 0.0376909653934445
-0.08453698313206 -0.185375622921975 -0.178222010561428 0.0740505317596225
-0.0692967102007599 -0.110586996257269 0.215675859407345 0.113197562925895
-0.0248005154943311 -0.116802353312526 0.168782837741767 0.0913845745863444
0.0108028912922527 -0.106683507310171 0.108916071902231 0.0593448985573967
0.0651826532756526 -0.108885007544709 0.113518072648445 0.021335561837188
0.0887645071185725 -0.102841758158577 0.13097044712505 -0.0417606080875688
0.106712645772031 -0.0960615595364374 0.150330172412871 -0.0762328581448336
0.147070531190517 -0.0902985639434043 0.171913660000597 -0.10479342601701
0.167313321455667 -0.089783982876292 0.155263212684396 -0.105099809455032
0.166014270497759 -0.120573015236954 0.0646912404437054 -0.101262188576393
0.131520944647053 -0.150494154266941 -0.0497165863865881 -0.0986027897305723
0.0908325901423418 -0.191124447711075 -0.143807721662672 -0.0599313191441099
0.0359395321833832 -0.195382399005808 -0.14063388797838 -0.0158060687822028
-0.0325974901712368 -0.164039138827455 -0.109390076958814 0.0403294553590689
-0.0587655273791894 -0.168825598515912 -0.130227619134998 0.0895646171617041
-0.073171218861392 -0.15049163534397 -0.141792942771391 0.133852386341434
-0.0393326777679771 -0.053170615193033 0.219538719169766 0.140575490583112
-0.0135814339032003 -0.0604639619537235 0.159050020086134 0.11033722169968
0.00962566206049932 -0.0461691012454152 0.0916493586882817 0.068946245931584
0.0407709212420091 -0.0446546322555245 0.106891516478771 0.0268739130292552
0.0504398511623314 -0.0381198009753383 0.130560605704717 -0.0431250544804221
0.0599784118163632 -0.0381848419977791 0.164547720384277 -0.0819957547338418
0.0839384507975154 -0.042095001747172 0.208131731303669 -0.118287957277758
0.0970223539148043 -0.0469988763351709 0.204768992557902 -0.13640513637921
0.0959500236106846 -0.0663632980346302 0.111502406411765 -0.139149357014651
0.0726429351211607 -0.0824280215625826 -0.0213868992327157 -0.13399395929896
0.048775575896691 -0.10733911675326 -0.125026987491671 -0.086475390135102
0.0173683229905189 -0.110807485571007 -0.123671540796088 -0.0155182927165345
-0.0239610090169128 -0.0929768345291985 -0.0891591880836912 0.0671644775491415
-0.0396920173783444 -0.100666297013135 -0.0960836436152031 0.123943027798874
-0.0434488962060804 -0.0898713862162837 -0.107953171266545 0.175231986495568
0.0143849336760043 0.00665537570816106 0.0520670904600507 -0.180063921389506
0.0230450073786009 -0.00357527087578158 0.0483212868645546 -0.149468423609307
0.0138665033321772 0.00569718214585556 0.0653753354518589 -0.0907704862649088
0.00910596545914776 0.00483252956657406 0.0890793119489851 -0.00251489718815885
-0.00211530991513554 0.00649278390015101 0.101401547002149 0.0863411982586877
-0.00304974247176018 0.00997923608054588 0.0164874826936643 0.114444807670061
0.00576653789288707 0.00265135108887305 -0.120461637405254 0.127447984636417
0.0023492024122034 -0.000503447193296659 -0.20232318267756 0.125377560860663
0.000629597574747395 -0.00122746106474783 -0.219647892447679 0.111237992168749
-0.00292532941042522 0.00389209354744356 -0.171500855004977 0.0860470274034173
-0.00908587196668238 0.00514386948732814 -0.126402929843502 0.0442710011597591
-0.00399320989897155 -0.00124688063514284 -0.0976020376064623 -0.0116652602849566
0.000693884352247886 0.00871014696322724 -0.0775210373697716 -0.0640020806890802
0.00926433844936038 0.0123655504744198 -0.125980486072571 -0.0962296029383672
0.00633412054997382 0.0178511540545836 -0.203855631412901 -0.124556298487083
-0.0407125696058501 -0.0665758846082669 0.0631884076115874 -0.158328110167264
-0.0218020003509075 -0.0796205562280204 0.0536036697008306 -0.134504528165705
-0.0178169790804702 -0.0860043811694546 0.0672591535089444 -0.0765410004372008
0.0137936554054974 -0.0999709322791993 0.0832464560487875 0.00290858182335282
0.0341921757712025 -0.0931521527972355 0.0960778220415702 0.0825366013770629
0.0543574502068133 -0.0750871439262257 0.017946233773859 0.110514900152524
0.0844150179600881 -0.0609593297833488 -0.1098965252973 0.113277697746354
0.0842234175316617 -0.0491360754849057 -0.189593371264023 0.113930580133581
0.0719653713047985 -0.0454343981689203 -0.21407037857596 0.102108372040729
0.0504319481653299 -0.0376620769568578 -0.174416926661465 0.0792215461285266
0.036068017715079 -0.039657619223908 -0.137847948947278 0.0412089228285905
0.0323584807086548 -0.0398785465191583 -0.103958240228856 -0.0179557903114968
0.0182334610425352 -0.0315102545261891 -0.0818565891503977 -0.073460911142362
0.0134684334632248 -0.0428487293962778 -0.133857479733665 -0.0997994728099949
-0.011654076769291 -0.0446975100654879 -0.210975777781845 -0.120004424116336
-0.0865278631916021 -0.124633283117433 0.0916519789716433 -0.114650582829723
-0.0582848310781042 -0.140871537369513 0.0789574146783017 -0.0997501268978179
-0.0433061874000967 -0.159506113745838 0.0831221390517208 -0.0544170663498391
0.0172454263044605 -0.186118148654521 0.089007368808733 0.00471783469245082
0.0642715229218589 -0.177288472115154 0.0991043265385596 0.0615576505274089
0.102572761931109 -0.146942480042696 0.0348063947872134 0.083217490363244
0.149371368736611 -0.11401211114993 -0.0722633578210101 0.0764083591512643
0.154365174009005 -0.0899799529682351 -0.147055312150936 0.0848742062929036
0.136867110988431 -0.087902319834027 -0.187451305043059 0.0834133926498954
0.104741835643797 -0.0841054246200106 -0.171301819126757 0.0688080547341564
0.082741077717896 -0.0956748013244602 -0.154186843949744 0.0385948533859383
0.0659029948596051 -0.0937152336943213 -0.118895150374738 -0.0216127095892631
0.0290394648203338 -0.0815619843383179 -0.0970104481365287 -0.0758852605217937
0.0102377327814745 -0.101849852476492 -0.151192939900105 -0.0916497720964169
-0.031954888537389 -0.104473376316027 -0.215684647448625 -0.0952194345054718
-0.110983967936772 -0.15881259954798 0.130167640448769 -0.0580443295759169
-0.0752562599256703 -0.1773644044914 0.115326487945469 -0.0525482202907395
-0.0502313691979484 -0.202043252073196 0.105390100194742 -0.0257307711904976
0.0282762270576421 -0.2345632380798 0.102115273394877 0.00505594432513506
0.0886135387673163 -0.225252734801353 0.107393623048483 0.0287020509401076
0.135835507385395 -0.189214910255094 0.0611825023872968 0.0379448851816473
0.191021576167331 -0.145586109517478 -0.0155964196099459 0.0261127245935723
0.202380332277479 -0.117591027610979 -0.0804524825535912 0.0429254973116351
0.186715829751278 -0.125684532825479 -0.139065535477244 0.0520174650368777
0.150294832214793 -0.134806272386029 -0.156234011231794 0.0460690602792807
0.12083024393395 -0.162286943022495 -0.167430113554617 0.0309285046986187
0.085617691070042 -0.162336544544391 -0.138274414528116 -0.0219351548233538
0.0238301932805886 -0.140355133995992 -0.116592061016539 -0.064122457734679
-0.00711453827433799 -0.158559442981247 -0.168189613221818 -0.0636895120824222
-0.0541028556068308 -0.152787053074691 -0.213953360256985 -0.0511195960367466
-0.112986436713955 -0.166714574894733 0.167662724748079 0.00438125982668506
-0.0675606074796278 -0.182654183273017 0.147400153066652 0.00102184772368032
-0.034403432165888 -0.202233205873547 0.120929945211922 0.00636831368314379
0.0479320718147552 -0.230867868957152 0.113801041867874 0.00741071686008506
0.105918106716703 -0.221727953140209 0.116861484379559 -0.00562545875751373
0.147781677986462 -0.189665824434507 0.0935426490389939 -0.0121777221908983
0.203439910714895 -0.149865173092486 0.0505446268279263 -0.0284624723075788
0.220968091059172 -0.127438172572504 -0.00126062457388894 -0.00752725956918644
0.211436632575072 -0.147963731927482 -0.0734545694886048 0.00689832244925341
0.173156360962264 -0.172888663142161 -0.125918678131358 0.00691012409179268
0.134756026553386 -0.216574392339054 -0.169394612986711 0.0106432520365273
0.0813497111389368 -0.219281764570631 -0.150709563750356 -0.0191502835275596
0.00369295698197012 -0.186513755543472 -0.128848992093144 -0.0353791343446581
-0.0334320800949871 -0.196378294095168 -0.171780731132549 -0.0166346226513495
-0.0732933732950374 -0.180125969561829 -0.199139104503975 0.00942688878617621
-0.0941837552260218 -0.148255084206966 0.195279494469194 0.0621857755924503
-0.0454281758122246 -0.15816797101837 0.164945778846573 0.0498240138862149
-0.00646673646388822 -0.163262787585145 0.12042898350656 0.0360537116189043
0.0651466117673874 -0.178691131296146 0.116963946224532 0.0129341788922253
0.106986665492447 -0.170255271021015 0.123705004828665 -0.0304654568944365
0.135838898892896 -0.150195780953272 0.122628670803877 -0.0516346891490523
0.185425753305932 -0.127626604050653 0.113826458643972 -0.0733311788996443
0.207495815684004 -0.11654139825845 0.0796208486896581 -0.0580031177648097
0.20231786620526 -0.145990204674779 -0.00128423678900705 -0.0467932986657059
0.164484852809529 -0.178415216131524 -0.0852089994561388 -0.0454274703989323
0.12188898936966 -0.227709030268882 -0.157402166724401 -0.0217534800194198
0.0590598208609663 -0.231396772387837 -0.149826774729013 -0.0165103653625241
-0.0196455246946488 -0.195106911236359 -0.124511992471308 0.00275264680255521
-0.0539369589311014 -0.199316049056651 -0.156381605238921 0.0393207051239142
-0.0803851885146171 -0.178250778260795 -0.171486954433248 0.0748026688378492
-0.0663511120742027 -0.108009751819941 0.20869578013619 0.107330537328626
-0.0232816933764713 -0.11199591339185 0.163617721637767 0.0850814487133054
0.0112844581191774 -0.102882711072524 0.105558513201342 0.0571806444019337
0.0633566676240681 -0.106655500255053 0.111613743471906 0.0197089066662646
0.0869362534300859 -0.0991561829974583 0.126026425834742 -0.0413370529261315
0.10338666585601 -0.091921063251501 0.14455785042392 -0.0729896401013006
0.141376311955728 -0.0874550880428273 0.165072287556565 -0.102000108441282
0.162502152268167 -0.0879535101213394 0.149633416945272 -0.101842051219442
0.160111078666095 -0.115612246952836 0.0633949977171176 -0.0968703938134852
0.126796510773531 -0.144780396460268 -0.0462697033130397 -0.0947635129449159
0.0875957515245124 -0.184973564705922 -0.138344593669562 -0.0561882989591145
0.0341550142583668 -0.189133247804484 -0.137218721165786 -0.0158346841778406
-0.0302817815044691 -0.159146177523116 -0.107218025038369 0.0387345636985385
-0.0566810577594122 -0.162843539540888 -0.12585049799829 0.0894056101965034
-0.0699581599560381 -0.144824141130233 -0.135988667537902 0.133058895753172
-0.0375764953264279 -0.0522525796849961 0.212039207008045 0.133783597745426
-0.0126230817971177 -0.0575252390340024 0.153836963368247 0.103754534852186
0.00952957843127847 -0.0442133600700254 0.0888398625119787 0.0670190412010517
0.0391482316305882 -0.0443204269868694 0.105592031673935 0.0251475444864943
0.0498528825391948 -0.0364259703456216 0.126043093371455 -0.0428523222716549
0.0584231529206928 -0.036178677263683 0.158584816619644 -0.0786354632907219
0.0803409382851051 -0.041527378592207 0.19939706276044 -0.113941336904911
0.094143758098329 -0.0462117635510838 0.196920727643353 -0.132082884161758
0.093033888262926 -0.0632421783944439 0.107737251298806 -0.134016545313032
0.0707282759112186 -0.0794986196088892 -0.0189521937483086 -0.129189195442028
0.0469961054269786 -0.103751529466095 -0.120046393668627 -0.0824038124044614
0.0170080127694258 -0.107245928573059 -0.120695994163451 -0.0153996172446149
-0.022022312053277 -0.0906817119768128 -0.0872459813563798 0.0644862629382644
-0.0379735728927756 -0.0967948774532278 -0.0938193852581177 0.122230362672846
-0.0406451257505498 -0.0866111519145306 -0.103749223367584 0.173197376869731
0.0149408951790187 0.00738071274091306 0.0559142469385307 -0.182679806191402
0.022882206049753 -0.0038812121404305 0.0513542739426184 -0.151642438823602
0.0141211891984643 0.00585864464566504 0.0674706163613742 -0.0906675194255634
0.00940438458303335 0.00473196010807066 0.0894120871116108 -0.001233832365896
-0.00258807784591297 0.00678481668535981 0.100459165339726 0.086840073419671
-0.00394445740241211 0.00974249816921546 0.0131185229633798 0.114631232086554
0.00544531086172736 0.0016554585342846 -0.124117341533155 0.125550345122375
0.0018734837964218 -0.00165047470074695 -0.204584392709104 0.12012921435664
0.000780069195276345 -0.00187480976077837 -0.220481457252958 0.106686254085459
-0.00251651859912465 0.0032975297762669 -0.172302127708225 0.0826855562127272
-0.00834064170412989 0.00522092706926291 -0.12723883863549 0.0421667410569895
-0.00390199103039629 -0.000947534681558862 -0.0981496665373309 -0.0130033331412658
0.00133985455616024 0.00880900464990612 -0.0773357154357103 -0.064894411310266
0.00975666444131799 0.0113126621487258 -0.124234299273338 -0.0962866149516498
0.00729661191077428 0.0180714583500373 -0.200956455663169 -0.126618608126886
-0.038888248856494 -0.0672873712556915 0.0669501233579716 -0.160643787086089
-0.0202525427850645 -0.0816771503924901 0.0557554261101293 -0.136391267423704
-0.014792235794613 -0.0868422762153103 0.0680566200255222 -0.0768830064284884
0.0160863957151737 -0.100695015077701 0.0831068736134455 0.00379124867149973
0.0360237195317711 -0.0930307421718049 0.0938670972792345 0.0834606653319395
0.0559888700808091 -0.074119167073237 0.0142695579782159 0.110511833923939
0.0859246239801861 -0.0597970370483928 -0.113594661132012 0.110177390979435
0.0854158578780451 -0.0489330764051538 -0.192337119683576 0.109150908791566
0.0727297506541404 -0.0438573174355295 -0.215093493099317 0.0969265569502189
0.0517665054675272 -0.0364643342296694 -0.174676362350621 0.075834332279948
0.037702701757759 -0.0382180461725317 -0.138057570851099 0.038947639265451
0.0330328575404073 -0.0386662852412061 -0.104121918372016 -0.0192796232074599
0.0198624019596093 -0.0309876812874115 -0.0817122438045632 -0.0748367097203181
0.0154545956199944 -0.0440837047263696 -0.132230223634885 -0.0993096985225734
-0.00935045805103413 -0.0451213420864261 -0.208067623563429 -0.122391993631704
-0.0837296656332196 -0.125965037139319 0.0949909117427384 -0.116048295174524
-0.0551022275105615 -0.143662390468765 0.0799876714803539 -0.101828548306989
-0.0387289485977231 -0.160641085991747 0.0835430857373572 -0.0546176370466299
0.0217249665884179 -0.187123854708959 0.0884983593618696 0.00536798004754007
0.0684738043744349 -0.177232303659222 0.0962358351157944 0.062678361488026
0.105746038914267 -0.145203273936472 0.0316509181216563 0.0833281236466493
0.15270587074628 -0.111027392030856 -0.0756970530307726 0.0733291659565889
0.156689859897379 -0.0884667213454075 -0.149207104305218 0.0812539969327435
0.138962517450574 -0.0841788884839328 -0.188010069695406 0.0801472201864374
0.106293705742171 -0.0811558460594015 -0.171812405135167 0.0649538168824292
0.0851244724917231 -0.0932360297942044 -0.155542091524258 0.0367293020310043
0.0678634472016459 -0.091319795161495 -0.119580618744963 -0.0236665481223269
0.0321923417647405 -0.0811496366314095 -0.0972314040467374 -0.0781203574373066
0.0133123409309711 -0.10270808132947 -0.149680111292161 -0.0915139562450017
-0.0279649950833133 -0.10493495975564 -0.213749239503732 -0.0979950937457357
-0.107826156738501 -0.161629480124403 0.132437924009279 -0.0587237896099544
-0.0705696619135657 -0.180222474387651 0.115189798360937 -0.0539567520830425
-0.0448957702944072 -0.203324325606988 0.105102259226442 -0.0251578890533471
0.0339624015108883 -0.235549284544048 0.101899865691561 0.00560199730540672
0.0945991285445289 -0.225103321934652 0.105153227459578 0.0303960283036553
0.139434801288643 -0.186724054941039 0.0590532615174542 0.0392333906687352
0.194866806475938 -0.141748055324019 -0.0174845112614906 0.0227394829169963
0.206170927866638 -0.115334503266088 -0.0824665172309726 0.0407564080773423
0.189583654801467 -0.119791707193916 -0.138931971039978 0.0492482781891458
0.153916416721398 -0.129994522272598 -0.15645642378181 0.0425235111866302
0.123912501585858 -0.159302788524243 -0.168039760305818 0.0291742717767642
0.0887290757924187 -0.159692941463038 -0.139175857589796 -0.0244542098716019
0.0290950043151398 -0.140662203235639 -0.11806993807975 -0.0667683812520879
-0.00259996716094522 -0.159450134259493 -0.166961982445251 -0.0637708869318452
-0.0492085642051402 -0.153337372066632 -0.212014659146094 -0.0526634132567303
-0.10986595591943 -0.169451728230651 0.168343493389851 0.00462480405091021
-0.0630046943045202 -0.18516713051464 0.146899783700897 0.000611197597535941
-0.0287125627209041 -0.203526946064093 0.120487680153887 0.00754023169866157
0.0537307102048253 -0.231990305051142 0.114052128908425 0.00782326910205094
0.111756366731143 -0.220675433551531 0.115658937493575 -0.00394579340618628
0.151474294334815 -0.18574803855013 0.0924544361937824 -0.010530370213286
0.20684636227223 -0.145169287785728 0.0495301765835265 -0.0301718532120279
0.224442738380747 -0.124575368958752 -0.00225208489420313 -0.00819293154047353
0.214198863932134 -0.141984098132151 -0.0724846942126019 0.00590778407847678
0.177240694340656 -0.167602518669844 -0.124619881709257 0.00383460415199546
0.139705674189617 -0.214115346492048 -0.169681098295499 0.00877791045467301
0.0862584655084458 -0.216843280767295 -0.151360588402782 -0.0225138615252859
0.0101309695321652 -0.18686153155291 -0.130785589586943 -0.0387689756375131
-0.0280812224575496 -0.197750044203909 -0.171251711598443 -0.0166915759148595
-0.067930443198832 -0.181389279351592 -0.198410536238109 0.00780943551753689
-0.0912015581947111 -0.150917421738711 0.194336289320712 0.0636637057645375
-0.0411716374615321 -0.159890953734148 0.163742639902765 0.049728632255277
-0.00159883055960333 -0.163464723733939 0.119979506631466 0.0377495592180764
0.0695807433791569 -0.17894085138599 0.11815777195808 0.0137791698899503
0.112096830521452 -0.168695471987472 0.12329632065427 -0.0287023828283165
0.139075146522754 -0.146671949951952 0.12288188867412 -0.0491467747327242
0.187760439485407 -0.123108007467475 0.113845384407329 -0.072986425089189
0.210649477065457 -0.114230428454413 0.0799663385017915 -0.0573348736443128
0.20550627126451 -0.140310798079609 0.000876344062465595 -0.0458164825950937
0.169507079252881 -0.174382249458234 -0.0830324208828326 -0.0475364365309075
0.126485708884118 -0.225297236055436 -0.156339016164627 -0.0236362347585951
0.0646543272637484 -0.230004538108333 -0.150828185475887 -0.0204546075653234
-0.0128606810432296 -0.196273234278594 -0.126944637983171 -0.00119851757795816
-0.048918914852178 -0.200686065202147 -0.156835216086097 0.0391266328822375
-0.0757634056197234 -0.179515335073171 -0.172302868703134 0.0742177986514417
-0.0642881557775287 -0.110180136234101 0.206377010509346 0.109871538643164
-0.0201212341744906 -0.112154047892982 0.161242043359871 0.0852972443826762
0.0143418918112628 -0.102368179936946 0.104933119872035 0.058108453745111
0.066081583313179 -0.106402287305888 0.113269108308422 0.0200099882259033
0.0903190444973188 -0.0976355765493254 0.126277079937797 -0.0393531059524441
0.105408770323909 -0.0887467695542546 0.145976904387117 -0.069641962304326
0.142610725120352 -0.0839299984118551 0.165593038495248 -0.100307915874689
0.164918024950218 -0.0863141689384609 0.150833924119205 -0.0991131979935948
0.16267634349971 -0.111684497824653 0.0666049740477823 -0.0952602802182241
0.130125357448997 -0.141626474118646 -0.0433506180614386 -0.0961988625220101
0.0920991139854538 -0.183658029479823 -0.136035490942395 -0.0581733982056858
0.0382948374512899 -0.188244171200726 -0.137865363889375 -0.0190728008079099
-0.0254374543367274 -0.160443012813634 -0.109982571867389 0.0352671058006762
-0.0529127477161141 -0.164061149110828 -0.127803492729523 0.0893023864138341
-0.06576300896445 -0.146193482972952 -0.138523745151791 0.133973388198598
-0.0368303141414393 -0.0537004297547502 0.209616831361065 0.136058517232307
-0.0109290843072897 -0.0565397218580786 0.151232048266919 0.103841526660685
0.0111219224934147 -0.0436617311043298 0.0887307550980999 0.0681814697214982
0.0396725013136157 -0.0436494662144643 0.107655160937365 0.0251108573938667
0.0521964935759738 -0.0351673619492285 0.126395856234787 -0.0413762786976123
0.0595876751415237 -0.034731920024378 0.159523800990088 -0.0742669203289927
0.0802951791954544 -0.0398525029608441 0.200508248637224 -0.10973010568747
0.0952879222405298 -0.0448226687165266 0.199097750518047 -0.128528622642306
0.094276748035903 -0.0608669541405025 0.112531609570474 -0.131832957267376
0.0725441951356746 -0.0775033755217169 -0.0148504748748329 -0.130007583142814
0.0495081377704558 -0.102744729971968 -0.117569506327808 -0.0839003941230126
0.0188039838270567 -0.107051851853099 -0.121533824077778 -0.0181376089135275
-0.0192461618072455 -0.091607952024653 -0.0897812889427456 0.0617362408933353
-0.0360230413019473 -0.097304286796169 -0.0964954375720985 0.122649465997871
-0.0380645883528728 -0.0875310169766059 -0.106535230429201 0.175239255041192
0.0150635470931322 0.00411486307730359 0.0512340218698305 -0.193323564938305
0.0202102093194994 -0.0093556572988546 0.0460704757241143 -0.159574418295373
0.014365169410921 0.00283202948403521 0.0640988451528833 -0.096980243533241
0.0111366868918514 0.00289063319705726 0.0920712398079652 -0.0051564336563141
-0.00033004951299797 0.0076852963425882 0.108610288408679 0.0826064492240039
-0.0016385875907467 0.0112532936110863 0.0170385543229356 0.116616269632289
0.00526342179719951 0.00114760382041302 -0.121767025474388 0.137649108259584
0.000801744264316489 -0.00109539636307991 -0.20446697163712 0.13602740302866
0.000771609280376381 -0.0026138074218507 -0.225196998415697 0.124019859750383
-0.00160217822485131 0.00114290357504451 -0.177753285071502 0.0970158347047015
-0.0073778119831941 0.00409360554474175 -0.132951006103548 0.0517911773476461
-0.0032098450952167 -0.00160545030616002 -0.106059066274188 -0.00767102626541102
0.00383622171352632 0.00778966935939868 -0.0874838779464805 -0.0645137030875164
0.0136468692005965 0.00868456519082701 -0.137655316679919 -0.0936882790783601
0.0117188090344163 0.0162892436807084 -0.215574064540452 -0.125930450529685
-0.0471661223126129 -0.066133307344071 0.0689412463466886 -0.17443242939984
-0.0290994098213001 -0.0849410198897749 0.056057110530583 -0.146444158413205
-0.0234628072584482 -0.0891931892337677 0.0735811870600509 -0.0840597398102133
0.00779941356103822 -0.106237177387605 0.0933628083936783 0.00289003733168853
0.0320742457789031 -0.0986978189457167 0.107366572025815 0.0832494610969173
0.054044479616236 -0.0788010563788065 0.0223207516162505 0.116366249394121
0.083626016727397 -0.0692045567074544 -0.114228580644171 0.127474168784023
0.0839256353140219 -0.0540465492611565 -0.191370079949006 0.125429416286727
0.0711085677255141 -0.0504618357798705 -0.219535166472283 0.11431950576461
0.0512528182965121 -0.0429882594535313 -0.181802723573271 0.0906328524154614
0.0361544789965506 -0.0434036447857488 -0.144668474502815 0.0506045815416412
0.0320844951694545 -0.0429723238598761 -0.113640362356868 -0.0126418408045085
0.0210708008475511 -0.0343812329481706 -0.0932873982592696 -0.073372289455935
0.0167612372522452 -0.0499568031196297 -0.148229164723125 -0.0940637419902453
-0.00881845965893481 -0.05060450326703 -0.224927051760512 -0.116939974623179
-0.0975499962397372 -0.12187572631291 0.10490249104954 -0.132993453130367
-0.0689442806434329 -0.145691081958455 0.0861846759113828 -0.113618019300861
-0.0541417166959497 -0.162917225670421 0.097013391275316 -0.0628294215381318
0.00545415825476774 -0.195663132771904 0.106154406906471 0.00622206844377784
0.0582130700590266 -0.187981223504832 0.114552732034858 0.0646094101829177
0.10046450214263 -0.154915308510724 0.0419969892632606 0.0903836397191404
0.148933356422029 -0.128199867025371 -0.0787619331567672 0.0919121321167035
0.15519702521466 -0.0991629418418757 -0.147533892979308 0.0942904988542103
0.135817393751452 -0.0967408367027789 -0.19283642607139 0.0941285404641105
0.104578720449974 -0.0922140910467292 -0.180261949604053 0.0798225204014627
0.0807270257105367 -0.103464591869856 -0.162440172914385 0.0509786184217511
0.0639700969976373 -0.100675982980029 -0.130282962020057 -0.014250078654905
0.0312028917077329 -0.0878392220499165 -0.110724516546416 -0.0740761527210639
0.0114034082794189 -0.11245982745518 -0.168037836161539 -0.0815604112067526
-0.0320449268396236 -0.112943765268897 -0.230748905478177 -0.0873413650264946
-0.124341645030248 -0.15579902044334 0.148719011767475 -0.0759133305975676
-0.086345621164336 -0.181644988860708 0.126679540992039 -0.0666239584644042
-0.0632577338175873 -0.205728073274406 0.124248979665988 -0.0340294803825522
0.0136415270296539 -0.247266656587487 0.12400655472168 0.00746524993806612
0.0818459563989366 -0.239287691240575 0.124452480279466 0.0327342854019709
0.132047438896533 -0.200270292580997 0.0705691836100455 0.045789267388939
0.190163395683875 -0.16429019182239 -0.0227316687029094 0.0400527082858766
0.204103962897796 -0.129855961402021 -0.0801473834889594 0.0487079483695048
0.18499258972996 -0.136697986706716 -0.14296954492449 0.0600472082984358
0.149779859348816 -0.145455186439399 -0.16523393199208 0.0569052453181505
0.115884954154662 -0.174186357645293 -0.17609024863358 0.0460700990815178
0.0809475151969206 -0.173860253740034 -0.150311030269181 -0.0119775905668949
0.0244020834233001 -0.149358726076167 -0.131651345416922 -0.0586240540648755
-0.00914116605236355 -0.171446617296552 -0.186169599071201 -0.0473688269471106
-0.0574786345452212 -0.16310278255603 -0.228812458141912 -0.0361174195092534
-0.125699442998756 -0.164156030523779 0.188545067758865 -0.0107522878363699
-0.0779082969605816 -0.186940563796441 0.162560852442006 -0.0118753581353254
-0.0456626174712542 -0.207366581843097 0.14182593058574 0.000500034082080965
0.0344361800654403 -0.244453818977282 0.136034163765619 0.0103484078997902
0.0988470018252519 -0.236583351046044 0.132947350267456 -0.00183068353930165
0.143797018824137 -0.200706686258811 0.102658237463491 -0.0060934628438274
0.201843425729972 -0.168701461975938 0.0439366184876362 -0.0182029922744883
0.223294513277637 -0.14068572925231 0.000702057251342085 -0.00629452820261578
0.20883099945196 -0.160796157093418 -0.0751046421937076 0.0108005892536114
0.171618181266634 -0.185256802425185 -0.133620482165726 0.0151005649672864
0.128592674053494 -0.231087106882262 -0.177415455159578 0.025842462973549
0.0735120005953009 -0.232977085586806 -0.163444536753857 -0.00776824151429143
0.00081189928390153 -0.196910861811888 -0.143241463196367 -0.0268648014550489
-0.0394698023742283 -0.210641610885378 -0.188361388175885 0.00571698522067522
-0.0804169242272866 -0.191575589550398 -0.211833167886395 0.03020447713654
-0.10454151018999 -0.147554560997256 0.215669509861287 0.0508793646269742
-0.0523796131378124 -0.161954140148907 0.180025977743374 0.0394156104792828
-0.0143185444879701 -0.16847020935947 0.139006998804136 0.0338671561152431
0.0563122067272991 -0.192168090401847 0.136425305723827 0.0155200293565761
0.103731189507774 -0.184193577258052 0.136368566212567 -0.0282299202652467
0.133581673798562 -0.160098404868368 0.13033359893188 -0.0481249939742034
0.184330183981842 -0.145061128076013 0.107482596490898 -0.0678977959325881
0.209845935694614 -0.129683394509517 0.0822011413084733 -0.0626726130196453
0.199801985380219 -0.158930693182517 -0.000438420064649872 -0.0483378405993449
0.162713432876252 -0.191093650529701 -0.0917575940470201 -0.0416579695236665
0.114075349605283 -0.241931184728918 -0.165260927250584 -0.00888686043819473
0.049904863639677 -0.244853594087807 -0.161221693403349 -0.00536954544560188
-0.024707180081492 -0.205442273485572 -0.136164154443093 0.0134141401085269
-0.0634325451674704 -0.212317750253279 -0.168653038629129 0.0659323010357687
-0.0890086802493037 -0.18914300277252 -0.181604397712623 0.100150352042856
-0.0728378459512201 -0.108656540987328 0.226163824708962 0.0998356751824912
-0.026310482588945 -0.114494540958418 0.176571785635936 0.0774805480510658
0.00797532816656794 -0.106535576825396 0.120273258388954 0.0566786128045725
0.0589682138940152 -0.116923099209418 0.126411629405913 0.0202480747096266
0.0876994401321019 -0.109276600308332 0.133789705877923 -0.0418739241601261
0.103033492258538 -0.0994681207296706 0.150775304269971 -0.0718935251078813
0.140486839704659 -0.100829799877243 0.159690536739634 -0.101833759987227
0.164625818454244 -0.0990442767836301 0.152118078578551 -0.110679115132828
0.15863451579756 -0.126677891834833 0.0659172865214293 -0.104149720238889
0.125649373445893 -0.154436533789151 -0.0508861970075888 -0.0967992496733033
0.0815917920311765 -0.196274547656997 -0.145390561403988 -0.0481629168896958
0.0259959389686854 -0.199559802946731 -0.147405898534552 -0.00677007403218432
-0.0363054888447821 -0.167115496796221 -0.115423044809648 0.0489410979154214
-0.0663108781405933 -0.173426272525011 -0.134080685156075 0.115600067420142
-0.0780390814980899 -0.154375206407426 -0.143513746966902 0.160027417448555
-0.0394378354299636 -0.053783444704792 0.225583938468736 0.129130267051978
-0.0121208915047791 -0.0576264029385962 0.163312406690624 0.0980463471854724
0.00972370145633366 -0.0458026463972645 0.099373937574997 0.0668803067600398
0.0379649208368708 -0.0497775601962214 0.11649004297732 0.0218894379041075
0.0533090207442376 -0.0429202143635225 0.130113194708783 -0.0469216681288053
0.0597187655829239 -0.0417921301601977 0.162201334131582 -0.0807317580474971
0.0795244630687428 -0.0499695394166439 0.196479307433848 -0.118292822059742
0.0952950209466179 -0.0533309028313764 0.199221452921864 -0.144373178751944
0.0924861847602004 -0.0697019113245952 0.11183476743775 -0.145795589713341
0.0706665130444707 -0.0845687593263703 -0.0221717179886027 -0.136169818349242
0.0442358170660733 -0.11039216324403 -0.127170431870435 -0.0789143235881361
0.0124554500539108 -0.114072593813248 -0.130543160155878 -0.00959130490261203
-0.026568412678511 -0.095440688380756 -0.0923462251158228 0.0733919881567427
-0.0446498340745349 -0.103611435890995 -0.0988672941333522 0.144994944577565
-0.0464295431566586 -0.0935622725764958 -0.10691404041942 0.19957346775318
0.0165482531663991 0.00362181788751576 0.0439994735274458 -0.20834874849206
0.0193017024638217 -0.011601558052899 0.0411585689555937 -0.17157421847442
0.0148365523659326 0.00224119954140035 0.062373092328898 -0.105616141948852
0.0119265495508742 0.00182709616316771 0.0959567754233319 -0.00961411012924008
0.000159720007956742 0.00830786812650315 0.117285276829219 0.079154796812745
-0.0013928047643658 0.0115732128158404 0.0222003305165867 0.120920612077913
0.00476261128700794 2.51153515707422E-06 -0.12159128455188 0.14991078678876
0.000219976653620618 -0.00195988041216939 -0.206632880109402 0.149516895584761
0.000955921949479924 -0.00300545749056793 -0.22769024346151 0.139712359669875
-0.00111937509249044 0.000399967431357584 -0.179528191228603 0.109593032560812
-0.00649961829167125 0.00485533712451666 -0.136498209567041 0.0604139503586552
-0.00384795568277733 -0.000829900666798676 -0.112222484995534 -0.00161657043096933
0.00451881086489503 0.00777024679564475 -0.0954614812161441 -0.0623610144492587
0.0139042491899028 0.00720899129729345 -0.146820426546876 -0.0883495598624976
0.0139777056289404 0.0162726124687706 -0.229773749876206 -0.119614882096983
-0.0517154009878313 -0.0669276624355555 0.0640188556087805 -0.190145282021021
-0.0358822808488345 -0.0891077579032855 0.0504127173998787 -0.158525778528619
-0.028622620736397 -0.092116077315435 0.0725747685930728 -0.0918851875810629
0.00330744107433256 -0.112300703650655 0.0968457587424471 -0.00182437463595927
0.0286886151853326 -0.105103175778056 0.115571466391324 0.0816162853841245
0.0529577443864807 -0.0847490238950268 0.0273854240885789 0.120042916618276
0.084665279797944 -0.076549821149914 -0.115029745666245 0.137597613241777
0.0844668797540182 -0.0613468195467292 -0.193757856222221 0.137655733197514
0.0725552934614174 -0.0560785007788768 -0.222467497011442 0.128872833704956
0.0520290554310644 -0.0474891514348054 -0.184227299744846 0.10257190366719
0.0366782164488255 -0.0468254356968424 -0.148634913380185 0.0600891761077073
0.0319297777517886 -0.0456207492527978 -0.120561346899471 -0.00656667645835647
0.0216266244332248 -0.0371971276840889 -0.103013808007009 -0.0718392773117613
0.0150326380651621 -0.0546289742297683 -0.157797734729846 -0.0882711220431344
-0.0103424814864068 -0.0521130897160266 -0.239145520453995 -0.110129088583983
-0.107055689194047 -0.122545721689623 0.10319263295735 -0.148647132899546
-0.0788366459254445 -0.151234084237854 0.0831349547920239 -0.125691334261943
-0.0638686269656475 -0.168298863815621 0.0976175525648271 -0.0708339292736103
-0.00342263320036503 -0.206674862054738 0.110558025842958 0.00123188653718864
0.0523894057030137 -0.200253668214166 0.121052663106175 0.0625491984658886
0.0976899072913727 -0.166421742893127 0.0465831132373951 0.0926694510905464
0.150928682304908 -0.141096130152515 -0.0806916626719841 0.0979570053121575
0.157216176413476 -0.112164627624246 -0.149712798215278 0.104465075976745
0.138105312383683 -0.106664673397444 -0.195481156616997 0.106702963438119
0.105281135010715 -0.100465958739195 -0.183232871717362 0.0913530702679561
0.0804613101153916 -0.110890941078925 -0.167451525621524 0.0612860506331883
0.0635210874069847 -0.107143285968374 -0.138216238987123 -0.00864592703016447
0.0308335124679719 -0.0933840798865775 -0.122584225240586 -0.0723481189519228
0.00700526951670448 -0.119764673080788 -0.178018932664706 -0.0742296387196699
-0.0375320998626118 -0.116643226271571 -0.243879319406999 -0.0781250794692548
-0.137033515940052 -0.156918248623739 0.151507301461813 -0.0910642435701935
-0.0985888478308922 -0.187776048684383 0.12754364712148 -0.0782660428910455
-0.0740779847636357 -0.212725740105299 0.127265746932133 -0.0416804804177068
0.00314013353288373 -0.260679709703531 0.128184333419729 0.00117940196955622
0.0744181018061369 -0.255515741547179 0.129766200066148 0.0289911345812022
0.12848206923023 -0.214457285323304 0.0745174766033744 0.0447497534788209
0.192006425476002 -0.179508314096687 -0.0250425368874715 0.0403089285908746
0.206980295023354 -0.146463512615413 -0.0818607575663031 0.0540049484829164
0.187979540286078 -0.149936446489991 -0.145235629486813 0.068713762331891
0.1500845974999 -0.157732729622501 -0.169225616301679 0.066996665530693
0.114137528976923 -0.186911444465866 -0.181669770825173 0.0569090889172248
0.0772039317641516 -0.184250915829959 -0.159715669385272 -0.00538287043177846
0.0213022092725666 -0.157810782821184 -0.144259300642536 -0.0557711166947872
-0.0174038560878263 -0.180357945008649 -0.19492221481481 -0.0379690448998867
-0.0659797440729426 -0.167457025399051 -0.239152299884528 -0.0251590050101113
-0.139119716615777 -0.165688701978 0.196352309817053 -0.0242272271982728
-0.0888059769296943 -0.193807843308465 0.167539663800175 -0.0225312814029097
-0.0558230244794931 -0.214843975565675 0.147097324750342 -0.00631576701434947
0.0254511571169133 -0.258840707790644 0.142138068093445 0.00261358933187178
0.0930073187711375 -0.253366600549602 0.137118200341364 -0.00744991487455536
0.141146673032669 -0.215176967073629 0.106221838420348 -0.0104760523990723
0.20379067222273 -0.184959600158001 0.0413087824948135 -0.0232117125655137
0.227129076551937 -0.158518008822323 -0.000253175242085062 -0.00721844342040743
0.211989739330647 -0.176196301336635 -0.0766814713635566 0.0144220904919051
0.172006564561602 -0.200357226208132 -0.138537717527484 0.0212422823438926
0.124172624810662 -0.246934101271471 -0.183874556398751 0.0366754387812122
0.0671359405102934 -0.246266477900509 -0.172465295942753 -0.000342325501167939
-0.00527100231504851 -0.206774683439797 -0.15526693840745 -0.0219760372164978
-0.0504063976225029 -0.219061232119308 -0.194999576075505 0.0170496290241196
-0.0909929931411124 -0.195857403501005 -0.219058751420499 0.0434551796219212
-0.116546961653154 -0.148983939875275 0.227730779668297 0.0387297184270624
-0.0606175081802262 -0.168242826319473 0.187993170561887 0.0297808968510027
-0.0207555565829117 -0.175651744674663 0.146577346160993 0.0281489043329482
0.0504358521078364 -0.204817787556437 0.1431102991155 0.00744366805982737
0.100596763004492 -0.198922872927469 0.139067857686909 -0.0352974473935006
0.133152743215376 -0.172414462397378 0.133535993419731 -0.0554897010191234
0.185721188254872 -0.158972177348383 0.105944860698371 -0.0778815697552553
0.212899382345802 -0.146816043774284 0.0819383176245849 -0.0693026700734676
0.203128832533977 -0.173980004980858 -0.00142584885045505 -0.0504963383919619
0.162339370126198 -0.205832518184854 -0.097376669922702 -0.0399583637480702
0.10891150150735 -0.258367913945509 -0.172227749942675 -0.000433145701323767
0.0421801942087808 -0.257767558211483 -0.170789643466809 0.00136846318480948
-0.032455222580722 -0.214344079062672 -0.145761527242145 0.0193591634879019
-0.0754862510300624 -0.219797664716923 -0.171981910350014 0.0787790230982385
-0.100509423683877 -0.193718257645679 -0.183703585487791 0.115276131149204
-0.0817887425827305 -0.11002235557327 0.241274696881541 0.0906122604988253
-0.0313548857463005 -0.118896735387266 0.185674563341353 0.0704888736292587
0.00504599919449987 -0.111600878114131 0.128307840188407 0.0529173524530416
0.0564340942642081 -0.125441596539875 0.13324711928305 0.0121713137879088
0.0874782628481504 -0.119586613016976 0.136590665835469 -0.0498346723510621
0.103323695485275 -0.107600953169046 0.153838350463482 -0.0815012861193118
0.141375073317974 -0.110777009721961 0.159822084834942 -0.114167024249456
0.167778424258928 -0.111950693403131 0.152550381373872 -0.122334325834381
0.160978587907028 -0.138733314400846 0.0652607849322271 -0.112352827191301
0.124611773367917 -0.166425543702689 -0.0573773500762676 -0.0993443092445914
0.0769456156297226 -0.208881544913769 -0.153475882464366 -0.0425649263493391
0.018455250962679 -0.209389156880019 -0.155893303229834 -0.000566808416652609
-0.0436532174674391 -0.173877213880338 -0.122156877397751 0.0559966025116064
-0.0764827944942423 -0.178200017639013 -0.133990432266219 0.12899692776236
-0.0880386306604615 -0.157291032575283 -0.140541047261329 0.177218593136443
-0.0441969273572132 -0.0544530029649762 0.24117773999793 0.122280101073857
-0.0138979623103666 -0.0598116187076166 0.173828791532233 0.0918537708362316
0.0089793466767266 -0.0479352272981131 0.107215954968226 0.0642412891421103
0.0374867022205668 -0.0538247650310069 0.123140288488486 0.0140909888078337
0.0546635747256504 -0.0484961914657903 0.131693124644159 -0.0554923888125867
0.0612938290206407 -0.0460069019264343 0.165822357289231 -0.0909466462536398
0.0800726412502616 -0.0552566531652768 0.19738755930559 -0.132051101282425
0.0971810411395572 -0.0609167368689816 0.199972490895716 -0.159474613313357
0.0945048124055271 -0.0770851500287939 0.110615415988046 -0.15808227734283
0.0702040252715507 -0.0908755496314936 -0.0286457071670425 -0.141559858677139
0.0413265100157312 -0.117374721894448 -0.135850453193461 -0.0761479302871634
0.00768176598046262 -0.119423488769508 -0.137415968289092 -0.0038044148596885
-0.0308571406709828 -0.0991705421513599 -0.0959160761108832 0.0798849661180508
-0.0515962673957048 -0.106218827287093 -0.0963311044461992 0.158101088637998
-0.0523783288819846 -0.0958161633020099 -0.100660899246612 0.217542820494409
0.0177475542327595 0.00141117965704006 0.0284136318304616 -0.21599310393101
0.0171198582606954 -0.0134715738841427 0.0281957513392092 -0.178509403683958
0.0148385831735252 0.00155699806333482 0.0552989142990902 -0.1115921073112
0.0116059355921451 0.00126509633891529 0.0965861332697154 -0.0170013506802529
5.11198556475902E-05 0.00859319307793609 0.123362040194817 0.0696301252740937
-0.00086442273266395 0.0118358804800893 0.02936664581507 0.119450900598023
0.00388491266955288 -0.000886839662810085 -0.112356114987816 0.159693619048246
-0.000822362137514973 -0.00200121987910862 -0.197170934844061 0.162897538031232
0.00103089581967472 -0.00412342439776462 -0.217042309375831 0.154983266555162
-0.00110059953617389 -0.000149624485091778 -0.170584343176549 0.122224590051901
-0.00495540363902391 0.00529373377419999 -0.133262708154088 0.0708430396206602
-0.00387101511323679 0.000392440877296962 -0.113662499868278 0.00789456439477582
0.00590961478536326 0.00732221809218035 -0.101644953853998 -0.054848593222087
0.0134318865843775 0.00541665370103499 -0.151441616195843 -0.0757077151112251
0.0156570236687311 0.0150241501511608 -0.238557648631457 -0.10198758541995
-0.0564896120078816 -0.0634794921406234 0.0499575964559999 -0.199993731942158
-0.0429767814113089 -0.088364420337477 0.0387054243216071 -0.165384521496121
-0.0354232709832009 -0.0907394879519353 0.0661601266287627 -0.0987698244103965
-0.00481859251560263 -0.113982947735844 0.0971360169146824 -0.00862745937425134
0.020972521901125 -0.108054938138153 0.121237901708571 0.0729637108776475
0.0472482250802867 -0.0888385248063205 0.0344555841550218 0.118540737808848
0.0800608188138412 -0.083704205162248 -0.108358370229246 0.146084694121704
0.0797920932011267 -0.0687243101281785 -0.184940486013247 0.15043232832658
0.0693977119098987 -0.0615033053164541 -0.212771157453556 0.144248690967695
0.0485054828126147 -0.0513680448195614 -0.175940215109358 0.115288895552477
0.0341764156383391 -0.0492670022248106 -0.145347156728979 0.0711646733892375
0.0295171847877897 -0.0470557538851597 -0.122309535642132 0.00268383835897471
0.0206090363077627 -0.0392357869799239 -0.110542417067344 -0.0635744598869168
0.0105207297967625 -0.0569560875693839 -0.162794780558201 -0.0751882825347328
-0.0130916320745985 -0.051830460982278 -0.246691064245444 -0.0917176419660233
-0.11655077118327 -0.115527283968816 0.0922631133689797 -0.160753454781621
-0.0908371143828032 -0.14804014791352 0.0730068301625465 -0.134784320121126
-0.0753184180172145 -0.165299349437365 0.092574049996248 -0.0783578093413825
-0.0177920161515456 -0.208067403716443 0.109822071210263 -0.00690942361529383
0.0382306987235255 -0.205717252024468 0.125297685134796 0.0551806714084807
0.086796433303027 -0.173857985910795 0.0520198974826316 0.0900382397375952
0.141916507867353 -0.152448043425732 -0.0773498259862799 0.103041662439945
0.149345457634703 -0.124599436150453 -0.143681953198209 0.113948154768956
0.132214816887161 -0.116180342851963 -0.18713076691643 0.120598237343752
0.0988413104603044 -0.107621686094006 -0.176394393855433 0.103956601308279
0.0741333968883025 -0.116947684424698 -0.164047418261063 0.0746838145670085
0.0569703841598482 -0.111193196738656 -0.140869884953412 0.00206937811206786
0.0265010339978805 -0.0966843923086245 -0.131266910283612 -0.0629913920421582
-0.00161728525635456 -0.122097793900103 -0.181848711889275 -0.0595614336585058
-0.0444723594577622 -0.114721304617028 -0.24943698805679 -0.059725482350529
-0.148863931551967 -0.147937293347264 0.144822238043584 -0.106319767851774
-0.112531125272731 -0.184420215695109 0.120791377797213 -0.089925115810659
-0.0888715025509747 -0.209705603583796 0.124240945292097 -0.0515124276797776
-0.0149357424763186 -0.26385885452798 0.128153031035469 -0.00835993121027261
0.0562005407359597 -0.263895761019783 0.131553495074851 0.0213740475633707
0.114420800980468 -0.223867480233405 0.0770587241527448 0.040075006679448
0.182174456261564 -0.193791054437382 -0.0263661965724955 0.0408270374846275
0.19754083557863 -0.163076854984314 -0.0790111975875126 0.0588566030975137
0.179446282892806 -0.163063331031254 -0.139622562946369 0.0786892469619879
0.140679608964155 -0.167738596411258 -0.164872952190922 0.0785445758919498
0.102986093407741 -0.19547006558286 -0.178366106260381 0.0712704001365477
0.0655795599897239 -0.1903420871366 -0.162214934488343 0.00581895899309926
0.0128934262620557 -0.161552149729863 -0.153060449506107 -0.0449778557613624
-0.0300192637710078 -0.181249113667648 -0.195996349269408 -0.0223108932701659
-0.0768164794461155 -0.164400104704326 -0.24110513364004 -0.00680345081626819
-0.151718428047979 -0.156781634814678 0.194749330134984 -0.042854142854996
-0.102978438906617 -0.190878954822029 0.164477926117977 -0.0368899571909285
-0.0699236380045654 -0.213362569797441 0.146821606036353 -0.0176752025511815
0.00762659911100902 -0.263778874847254 0.141637055181024 -0.00861832514505495
0.0761152308606622 -0.262652593131824 0.136438652745397 -0.0157747910981514
0.126887658619575 -0.225218922200732 0.105277566661428 -0.0177296249487894
0.193035800673392 -0.199485469528619 0.0357154647984223 -0.0280191881863052
0.216491056262935 -0.176912970910752 -0.00172129253999039 -0.00762218075821392
0.201483040834509 -0.191429706238391 -0.0746807875967773 0.0193766110765364
0.159477755772003 -0.21183684999279 -0.137457150249976 0.0306565536803834
0.109122163108752 -0.257445710752623 -0.181475879799627 0.0512944644605411
0.0515225660820576 -0.252202766411241 -0.175352216299432 0.0118993546777804
-0.0164857928453874 -0.209418327532772 -0.162582844631003 -0.0101511690995724
-0.0659455987812773 -0.217613516732267 -0.192338429622002 0.0333823133038002
-0.103412113997031 -0.190669232244924 -0.215804570452102 0.0612825268810768
-0.128042197686691 -0.141783616136544 0.230443577881769 0.0195521358950848
-0.0721497956834685 -0.166596967474759 0.188423621793046 0.0151578931784303
-0.0317033620012 -0.175834687605753 0.148903477989411 0.0174586184812254
0.0365733263762641 -0.210666395988822 0.143524147186337 -0.00468732708077944
0.0871651802609427 -0.208358728917102 0.136355929885399 -0.0444060570738481
0.121305635387016 -0.181249250463395 0.130155368989496 -0.0644758438117379
0.176061773190045 -0.171078118475767 0.0979216488801797 -0.0866601699880649
0.204322734821358 -0.163524352273307 0.0764528339955953 -0.075273629000643
0.193060957931146 -0.188692251576063 -0.00398100715568718 -0.0506458946250308
0.150092841709894 -0.217272201308256 -0.0999869333066992 -0.0337577153250564
0.0926127228837231 -0.26799247028143 -0.171912906622809 0.0125599838379456
0.0249296761772443 -0.262170759993409 -0.173084355984397 0.0133898297626469
-0.0451484187185094 -0.215201359685428 -0.150530645862615 0.0303884675051934
-0.091412138105667 -0.216344240777914 -0.165561565216791 0.0931670237052704
-0.112845158226493 -0.187761943013632 -0.175205619681264 0.131209814636109
-0.0904561379375929 -0.104784898911833 0.247471303520903 0.0709055339597878
-0.0382045826765917 -0.118679180937636 0.188972109570593 0.0552581911791934
-0.00124358784053674 -0.112960151372141 0.132516129297784 0.0430369190020979
0.048132733369116 -0.131021257097727 0.133916033540742 0.00016670780597033
0.0800207739019009 -0.127723723230012 0.131661081296023 -0.0594645232005352
0.0970347494719065 -0.114396548572992 0.148372403230212 -0.0917436962167034
0.134228595206499 -0.119971828005172 0.15016110745679 -0.125796610024029
0.160837313233184 -0.125842241013722 0.144052949590134 -0.133328493635047
0.153790652284541 -0.15057910358129 0.0589345920303829 -0.118051657414793
0.114857715685772 -0.175038417998922 -0.0640068069698838 -0.0967043075569968
0.0636816577069801 -0.216114686826339 -0.156321292454678 -0.0320224275595919
0.00469922018722051 -0.212119523121458 -0.158409423873804 0.0102341640612083
-0.0535196971931931 -0.173293048070093 -0.123673789682631 0.0654362805698818
-0.0896354651747478 -0.174265666628468 -0.124732467517119 0.140834985858875
-0.0985066074780226 -0.153102161696092 -0.127216083427555 0.191339304768135
-0.0485535668788478 -0.0513857754528268 0.250021581254567 0.103504546999927
-0.0169949076685114 -0.0603353554423625 0.178779636040273 0.0781857677323782
0.00715373592746466 -0.0488815268320723 0.113250139898687 0.0557168924952275
0.0336603380157743 -0.0568134221323134 0.12472779998679 0.00252418051632749
0.0518564804863287 -0.0538650301769727 0.127169880409203 -0.0646936485135928
0.0591983840940576 -0.0501459579118668 0.159741599500667 -0.102197177285967
0.0756267123350205 -0.0600832842240155 0.187637720573617 -0.145403147673992
0.0933846275644455 -0.069020393104379 0.188261425515898 -0.173531200607153
0.090156242074216 -0.0843614868396749 0.100771124158205 -0.167041347822459
0.0650697862523793 -0.095763798013936 -0.0377908687184026 -0.140483811621874
0.0340203158144407 -0.121253342327976 -0.140479004355277 -0.0666936061650853
-0.000507755766806705 -0.121173985759006 -0.140100241113373 0.00542425497729049
-0.0367486498789052 -0.0982035910638539 -0.0944489579195946 0.0879199356316397
-0.0593172601658512 -0.103856169670972 -0.0860227832286125 0.168803045228724
-0.0591401487882456 -0.0934853207998412 -0.0841844127189852 0.230158160992176
0.0177666869864985 -0.000290886347795857 0.0166479614140008 -0.215612569218326
0.0145782523344405 -0.0136797004002095 0.0191340898915298 -0.17798709575968
0.0142597678814367 0.00112943211285599 0.0487727656075952 -0.11317707021164
0.0109087060744556 9.70017803837899E-05 0.0942536618863962 -0.0214441841820362
0.000311997251897579 0.00965601585478607 0.122655023435912 0.0602115167867747
-0.000418365622972268 0.0115557530195508 0.0326233058104108 0.115056107559586
0.00292283062364715 -0.00158993786746813 -0.102564468066229 0.160997122967951
-0.00197552487076988 -0.0016785683228279 -0.184515743189208 0.165609228314247
0.000488305452612699 -0.00509271313546882 -0.202823716194266 0.158962664597295
-0.00152552873017137 -0.00114227305742071 -0.158903868917576 0.125511855540168
-0.00395698310685553 0.00454404787332647 -0.126785652126275 0.0758820974000654
-0.00344406393559609 0.00120747096895309 -0.111172980916923 0.014940248870606
0.00635953196336082 0.00699124343981084 -0.102533043780594 -0.0472490680672969
0.0123257521070145 0.00433654654281368 -0.14866631009215 -0.064674526884401
0.0166263988495209 0.0140807140586896 -0.235313314453726 -0.0872690428010485
-0.0577856389228656 -0.059747691365067 0.0379186902977977 -0.200899368219028
-0.0476980385722767 -0.0847781057867494 0.0285074691505173 -0.165450855951139
-0.038573941683141 -0.0868682823402563 0.0600323033783279 -0.099927656418525
-0.0104120474879194 -0.112293163891438 0.0942343253500452 -0.0124427834840657
0.0151247574726284 -0.106135995955138 0.121012400010092 0.065200500957676
0.0420744440105328 -0.0885932588509446 0.0375553775206887 0.114403059805183
0.0741828942651933 -0.0852482429042789 -0.10078131126804 0.147360771365965
0.0742704747487372 -0.070327608816827 -0.17361666151358 0.153280242651755
0.0646220989755494 -0.0642724973876664 -0.199014546271693 0.148876994875294
0.045434072422622 -0.0520032327499182 -0.164940729651001 0.119142166107973
0.0319209474266624 -0.0499287785055851 -0.138513986777053 0.0767379850379802
0.0275324840444665 -0.0466068458016037 -0.120259680211333 0.00947774417241052
0.0198891487954262 -0.0395702162491929 -0.112564745202669 -0.0553829096668167
0.00692206330425167 -0.0566195190751903 -0.159424498510291 -0.0641527456387467
-0.0139781239736543 -0.0501388215703261 -0.242928646578246 -0.0774222285363178
-0.118764120708574 -0.107308198978886 0.0805514678209897 -0.165532574678596
-0.0965708600410257 -0.142156341708193 0.0632728860828124 -0.136483308750178
-0.0807986341755234 -0.158126501330885 0.0862562321125408 -0.0815466357354012
-0.0272709090316526 -0.204609750579134 0.106248191762214 -0.0111032803151889
0.0269676993138252 -0.203352058559377 0.124757593879591 0.0489344923081331
0.0768972041405763 -0.173427030337718 0.0535060581404429 0.0858498142830241
0.132494718287089 -0.15509427232684 -0.0740390117447037 0.103858435656291
0.139600787304228 -0.128640378617425 -0.13504976705443 0.115595712449301
0.123909117962583 -0.1193937560916 -0.175535034126085 0.124199928193553
0.0919541452747766 -0.108638015918801 -0.166616965016655 0.108186086261486
0.06784932701986 -0.117589785986798 -0.156448778453693 0.0807494032917427
0.0514444778522969 -0.110343143872784 -0.138250271323993 0.0092932985855184
0.0239582157084247 -0.0967975001367964 -0.133698899751493 -0.0544012307366917
-0.00761606081310898 -0.119603714354818 -0.177346618402756 -0.048161524604869
-0.0468247899307817 -0.110098769317049 -0.244155498608341 -0.0462070780055613
-0.152195913016913 -0.137148544131733 0.134980344030754 -0.114613381041563
-0.118589062210735 -0.177389989771111 0.11171339642644 -0.0949168715887559
-0.095153088339679 -0.201107316767469 0.118606424587577 -0.0561927649975365
-0.0265441139006128 -0.259171638870841 0.12362708659399 -0.0141883575552385
0.0426562305453359 -0.260630798804493 0.128774710945417 0.0167569865273965
0.102331049444069 -0.222880248241964 0.0759264992928797 0.036091245120043
0.169059294810229 -0.196241303224986 -0.0280445943460026 0.0404993606126143
0.185140447672906 -0.168692579940017 -0.0749048927356427 0.0601993310702664
0.168521832219231 -0.166972360204838 -0.131204133779516 0.0824347581584383
0.129906507511442 -0.168441876674329 -0.15625886287661 0.0829065468079123
0.0925481768558359 -0.196186720809002 -0.170545231500985 0.0790371097639356
0.0572001472911669 -0.187944237922885 -0.159421111205946 0.0140080686991971
0.00802312859545884 -0.160034938372521 -0.155297942195113 -0.0351744889367129
-0.0378367443464273 -0.175864073869478 -0.189612321943324 -0.0112350105426894
-0.0801894819460462 -0.156434162666054 -0.233829216219527 0.00591371402070587
-0.155141126028551 -0.145359864079307 0.186079370483437 -0.0542169554933969
-0.109404347396397 -0.183662139158472 0.156393744535801 -0.0448902480569109
-0.0764195148434132 -0.205605008808099 0.142043428546772 -0.0240528992302677
-0.00413044464903496 -0.259444724829979 0.136275802315706 -0.0153378039670886
0.0616370371435623 -0.260895412096073 0.131817199841567 -0.0197376273524501
0.114285518021166 -0.224141132084765 0.101526085354294 -0.0212579944285034
0.179237829099883 -0.202488878557469 0.0295376062465522 -0.0291327020982035
0.202576999118712 -0.182922421108124 -0.00264859306381113 -0.00766959368452847
0.188979976629265 -0.194905889586152 -0.0706740879742334 0.0219659495574547
0.146969456673619 -0.212445773670273 -0.132272595093561 0.0353416407767098
0.0957295479035993 -0.257494673113966 -0.174866816574603 0.0593474213898928
0.0396902357694261 -0.247897698503668 -0.172213134235422 0.0196710339555476
-0.0232326422720459 -0.205635480077057 -0.163699408365911 -0.000828138232229178
-0.0740331388527198 -0.209700570907412 -0.183797028370246 0.0422581974997252
-0.108088890438405 -0.181845876152878 -0.206561886728311 0.0715194519840028
-0.131933690334936 -0.131275074293775 0.223898338860799 0.00511964964827509
-0.0778028792162777 -0.16067725525066 0.182393230206221 0.00412224182222719
-0.0380266849865682 -0.170823479556992 0.145630478676734 0.00934352972348042
0.0260438824026879 -0.209159750063439 0.138449312606479 -0.0124385837437804
0.0757648916755277 -0.207854830647607 0.130178703536489 -0.0478376340974174
0.110656837022126 -0.180735022272285 0.12387870048011 -0.0679555584742024
0.164313957737028 -0.173906570524791 0.0880560255733396 -0.0884576770958159
0.191364276754534 -0.170303323014224 0.0701663944135298 -0.0766601119903485
0.180398493715886 -0.1921521471344 -0.00480560979713023 -0.0499494726910523
0.13739365767975 -0.217176285083556 -0.098930176609313 -0.0287149543391872
0.0788156654084135 -0.267112469804161 -0.166486996722009 0.0207462379276192
0.0139893665733871 -0.257341946076231 -0.170397598366756 0.0206130040414018
-0.0512442349655904 -0.21020965819242 -0.150238698461417 0.0388923874001313
-0.0988721365830807 -0.207075206142448 -0.155392376845708 0.0999533610961062
-0.11750683440692 -0.178402957462486 -0.163679915133803 0.138842502089444
-0.0937160848924312 -0.0978882689060543 0.243346360393309 0.0555527453423499
-0.0420891269830192 -0.115365181955047 0.184811904462623 0.0439246933488091
-0.00526900578233582 -0.110419124531986 0.130748198707464 0.0351556352322156
0.0410005365386074 -0.130625518555127 0.129396459868293 -0.00768941804585739
0.0715550681675626 -0.129461432676492 0.125081922864318 -0.062508174988813
0.0898525016395561 -0.115250051883548 0.140470069684373 -0.0952004472571445
0.125393692790497 -0.121792952489031 0.137892683387813 -0.128503337220725
0.15071594197654 -0.131187109757416 0.132561400124189 -0.136284990774934
0.143793512426313 -0.153867987077191 0.0525493587568593 -0.117843917235241
0.105085841146062 -0.174693588060257 -0.0664564069507652 -0.0913444472235715
0.0528413636952373 -0.215174580614475 -0.152939504026745 -0.0237903032298551
-0.00414788884335696 -0.207213139719149 -0.155610231526737 0.0169139658701825
-0.0581351946775703 -0.168472066409877 -0.121696021178458 0.0712387230213756
-0.0951374629841733 -0.166330207003428 -0.114608961028917 0.145199812991323
-0.101826111022393 -0.145085811972541 -0.113903238642258 0.195068917195424
-0.0498570093382242 -0.0470867656187902 0.246465316641333 0.0873885043097206
-0.0187028037348036 -0.0585560177953809 0.176174751935332 0.0672804002665543
0.00570092200994915 -0.0479790230769043 0.112761640658639 0.0474275974369024
0.0303188437598857 -0.056998602391803 0.120974148183009 -0.00583475717852316
0.0480195576148781 -0.0560971932370348 0.119479636356734 -0.0681713576975593
0.0558552848152994 -0.0514655533216723 0.150998698692977 -0.106184086357159
0.0708697646748054 -0.0610016124765944 0.174504688937339 -0.148771928778011
0.0877273051164349 -0.0723114224358593 0.174722662697004 -0.175381737861381
0.0842836380895514 -0.0865377057746782 0.0911659780359552 -0.167642940002343
0.0603277292685141 -0.095998404857394 -0.0428547076055228 -0.13609950056011
0.0277998574241994 -0.120455828971946 -0.139599709953857 -0.058805863724801
-0.00551977991411217 -0.118234884371709 -0.137237373883513 0.0114346838858753
-0.0389888535529455 -0.0953497557127019 -0.0914838960225097 0.0914393924805329
-0.0630564402502511 -0.0988604360525905 -0.0757460407714273 0.171531659678152
-0.0616196696884174 -0.0891158344777738 -0.0698336157689889 0.23200410980478
0.0161160804079279 -0.00507409272533626 -0.0289357059376989 -0.22185977493293
0.0076833473843307 -0.0158984483409563 -0.0163950604086128 -0.184656774067932
0.0129285427364663 -0.00199537648518754 0.0262298180341756 -0.122300465894865
0.0105356029966222 -0.00333961811547749 0.089261079133346 -0.0396047531550127
0.00436173604542451 0.00868049513946106 0.130839707715094 0.0333797265547789
0.00303424065728895 0.0110271089276777 0.0525517857126298 0.10751004190756
0.00175710088072928 -0.000787334991638298 -0.0692429898515391 0.175758220253242
-0.00325969748999049 0.000251093302568777 -0.147072235620863 0.194875052460615
-0.00288493663843424 -0.00437132298917949 -0.166384466914466 0.195768499480589
-0.00352338357491873 -0.000225527392221065 -0.129741862062878 0.15596835610019
-0.004075955678467 0.00492568122382614 -0.108919607903023 0.102565183171067
-0.00354007272248376 0.00119798067257564 -0.106915454630216 0.0400893365062261
0.00732792198503487 0.0033833766798888 -0.11237322147974 -0.0229129365099797
0.0113149869472751 -0.000559712868309861 -0.159724301526087 -0.0301583248749022
0.0173340347867088 0.00713911832751421 -0.250603463775293 -0.0378419861273637
-0.0648199401103987 -0.0454319853646422 -0.00563436936466896 -0.217936424750249
-0.0649864640957948 -0.0709278727800117 -0.00340765882924163 -0.178170650158399
-0.0539608804169652 -0.0740505697137027 0.0424678091082428 -0.119187030554431
-0.0339829897838261 -0.103844554484904 0.0990103375309219 -0.035300901701929
-0.00568721560914915 -0.103719926384384 0.138062826625626 0.0350122649040464
0.0243767224912207 -0.0923053237505284 0.0632187583685011 0.10460016462673
0.0515483332428478 -0.0947352866706862 -0.0635095868334722 0.166324302626025
0.0571936976629899 -0.079273826232996 -0.138664835112904 0.180834793531679
0.0473272606181534 -0.0710986463912224 -0.165541624367789 0.185295457416637
0.0312113007206143 -0.0572836593986799 -0.137381299561919 0.153099380022381
0.0194941404864726 -0.0528382358782894 -0.119508414322558 0.106690397571768
0.0163906810128687 -0.0499399251943045 -0.116496664284882 0.0379272433328548
0.011325231188453 -0.0433605175536672 -0.123548645314773 -0.0269159253668922
-0.0066734646749992 -0.0581504420414116 -0.168098441386043 -0.0243020741020465
-0.0252972973777622 -0.0487596345725008 -0.252702832177133 -0.0245050220008195
-0.130379137251672 -0.0774136902100087 0.044306612120891 -0.195592731182498
-0.122388252749464 -0.115600370947594 0.0377913434082069 -0.15905652573816
-0.107447747151973 -0.132193647883034 0.0746156447701718 -0.111769082688029
-0.0691196508528419 -0.187490334021042 0.116619931004651 -0.0402353670690604
-0.0136842657228559 -0.198206589605313 0.14428926941245 0.0148688140381823
0.0409202808311203 -0.179327092213973 0.0790570596289168 0.0718367376295952
0.0916649306302562 -0.173049897833569 -0.0402038481916865 0.123217168741774
0.109376792699579 -0.147366203011549 -0.10805675054976 0.138309791037767
0.093160243021929 -0.134146311669531 -0.14820738080403 0.157933672741387
0.064910841292851 -0.118807157994907 -0.141594039312714 0.144580074488901
0.0402077274083325 -0.122516295900345 -0.135697223288079 0.115420582347296
0.0274072016895349 -0.115286808093592 -0.133774883392244 0.0418911415963715
0.00414191199669136 -0.0984016898827393 -0.142511028226659 -0.0197570700741185
-0.0337945564358659 -0.1159421200031 -0.179597420324302 -0.00284237341160783
-0.0690113381367905 -0.0996625449392567 -0.243705821410425 0.00847875084934654
-0.166945440630497 -0.0983630627194663 0.108637689600035 -0.158333727072671
-0.149814997117212 -0.144575931622527 0.0942606604215676 -0.128884168553341
-0.12908518281465 -0.169909710353752 0.112901523715997 -0.0962480323127279
-0.0807850329006512 -0.238935829923218 0.137004434841067 -0.0486838755237757
-0.0113057141473001 -0.256031396878896 0.146225882584993 -0.0195478863446233
0.0551500118147616 -0.2314429274328 0.0952906244882886 0.0185156607964138
0.118033394127093 -0.220140496440886 -0.00371108311833333 0.0551231352862795
0.145237239095575 -0.19389443733103 -0.0607316943813563 0.0730965545565255
0.126894015136218 -0.187811864939779 -0.114727804748567 0.108325822083331
0.0905519873346432 -0.183488042226452 -0.137140878409174 0.11970185680665
0.0490974427650448 -0.200816000807335 -0.148616651577143 0.117246158323304
0.0175980826261857 -0.19021602749286 -0.152436641931544 0.0513729045977268
-0.0230849790075373 -0.156295481138842 -0.157646938763259 0.00424604111351616
-0.0743923000393711 -0.16327365172415 -0.180812900770715 0.0382883836148018
-0.110994155798432 -0.138254453139159 -0.22036484038046 0.0592093045913306
-0.171363881232526 -0.105055037909665 0.17206620273495 -0.109264586758248
-0.141090891606971 -0.152941828080783 0.149375248475973 -0.0872766740242016
-0.111940743168905 -0.178363952894275 0.144192910859081 -0.0675270062573983
-0.0590776376585593 -0.245147642320708 0.149916277170047 -0.0511128988399571
0.00608292946248061 -0.260697213594473 0.142415491247882 -0.054741863955837
0.066222149389716 -0.234853561238349 0.109156918229827 -0.042182255302829
0.126089107911864 -0.227997422783709 0.0394205407200362 -0.0223906059407485
0.160090731387757 -0.211120950051921 -0.00361252687134775 -0.00646088600285946
0.1420789439346 -0.218684174917918 -0.0673910769521134 0.036884392374973
0.0995761491615753 -0.228715847029752 -0.122521451442304 0.0690617834713502
0.0410445735342192 -0.258777629414619 -0.155221635278266 0.0984515035849251
-0.0105090070126826 -0.244027686645103 -0.16267913241641 0.0594560474239858
-0.0618652132409959 -0.192959162766448 -0.156108141787698 0.03993051059648
-0.116569945369546 -0.187691937850878 -0.16058686546011 0.0903527580855467
-0.142846159242094 -0.155687999900153 -0.177449191554023 0.119025236150725
-0.147152132200829 -0.0969358766456768 0.223553971813074 -0.0552785938049986
-0.105940570490374 -0.138933619997311 0.185278656341722 -0.0412680425219144
-0.0679229392929687 -0.153453251741707 0.153548846693923 -0.0313753954298059
-0.0199225315561694 -0.203794857874611 0.14891006684175 -0.0453656036401628
0.0296574717818272 -0.214178402159797 0.133236377450788 -0.078232898524556
0.071159016576966 -0.19338874714491 0.120098714698825 -0.0909531978372365
0.11727072769248 -0.198147769754033 0.0825689145054913 -0.0914974698047793
0.151476154500669 -0.198029053768521 0.0529612188613828 -0.0867446288845579
0.135791567027306 -0.215030194215182 -0.0169878051330375 -0.0463927502271414
0.0901472467868891 -0.232355201811465 -0.102966171642543 -0.00136362983705496
0.0230991885932592 -0.265595045518224 -0.155051833338786 0.0585056998865118
-0.0372470207203633 -0.248141751019357 -0.160636640454483 0.059761075761897
-0.0898045608553195 -0.191619966940743 -0.134342805884897 0.0748083624383271
-0.13996359301099 -0.179083717636486 -0.119514573256573 0.140313380778751
-0.151338705481188 -0.14878933037905 -0.120622311682813 0.177226226649219
-0.105120032119564 -0.0721325272563578 0.252914284521681 -0.00529005968793899
-0.0625722165129346 -0.102609636325413 0.195174603691947 0.00055309250719126
-0.0249827274905088 -0.103459057472042 0.142165331746703 0.00164077740216277
0.0111625014392213 -0.133263515929489 0.1359696194129 -0.0358014993691003
0.0411454915135694 -0.138899392674552 0.120330877272481 -0.0880548123629764
0.0632123033560616 -0.128002029901296 0.128054429534221 -0.119944076398572
0.0915840422937545 -0.14121169297692 0.119926492471493 -0.141329480399718
0.119412385867094 -0.153860182085946 0.10209295910147 -0.155760219840931
0.107955783935322 -0.17353006771076 0.0266059578853607 -0.125278370053213
0.0679553992717144 -0.186760039760124 -0.0836120201776404 -0.0718972709241734
0.00793449193770549 -0.212891628087749 -0.151650210578494 0.0107400870138079
-0.0450969636506576 -0.197630700561653 -0.14752283998136 0.0522770813497958
-0.0885757729487106 -0.149421004523526 -0.100641040600239 0.0999950539386887
-0.128908746622883 -0.139659429675908 -0.0704614417492538 0.175577741687772
-0.130025850232868 -0.119244565246581 -0.0610898767720626 0.222557983772985
-0.0545433667206283 -0.033684981831379 0.262465115529775 0.0305187702890084
-0.0284639512395718 -0.0540379224146729 0.188680673165826 0.0285996685016308
-0.00262509780779724 -0.0468390709116323 0.12307312275876 0.021088973001461
0.01727466064637 -0.0613976717011559 0.121865537212527 -0.0310994877089563
0.0334175842271308 -0.0654126566046582 0.108983047005533 -0.0902961910189639
0.0421769437320263 -0.0618890724808634 0.131642907642539 -0.132174147079565
0.0530370437601402 -0.0727195936386067 0.147105057249092 -0.171074887272547
0.0694371847493395 -0.0864711089040851 0.135055968508066 -0.202672543327169
0.0644676610078948 -0.0994424901174777 0.0545813966160301 -0.18268625780727
0.0400019994279398 -0.103934582826841 -0.0696396334972595 -0.123431769924213
0.00240867405730781 -0.11942142740351 -0.14714979569387 -0.0280561684351066
-0.0295730236182639 -0.112318008487265 -0.13216064679085 0.0415958490787353
-0.0562433427174703 -0.0835669228561013 -0.0690748623394493 0.112956776155993
-0.0838286766351474 -0.0811241926200035 -0.0303765904642944 0.19165560173932
-0.0804017425392775 -0.0723677331089403 -0.0135571184765321 0.249136933111702
0.0159661734013184 -0.00607975856812715 -0.0354074970264929 -0.228700443119007
0.00634902558879926 -0.0148801878894753 -0.0217561361327413 -0.191959707231689
0.0133028853221601 -0.0017717067154087 0.0237013399870035 -0.126860973084488
0.0102968598255627 -0.00349184877976602 0.0902248703894283 -0.0423497182747393
0.00507981953397702 0.00953789643757147 0.132069448904644 0.0315292220814069
0.00294299198839862 0.0111287996146555 0.0542378831653994 0.109703024262615
0.000813442305526414 -0.00140492046394843 -0.0681264456080285 0.180334553078436
-0.00313376663339339 0.000706738909681575 -0.147894671833417 0.19835557539042
-0.00413775864128252 -0.00484239592523181 -0.164968617207432 0.199458799030973
-0.00374798801158858 -0.000664043681617031 -0.128972254363607 0.158948983310503
-0.00362718481335517 0.00396795265551979 -0.108807270017505 0.107145630462873
-0.00288544078285744 0.00111816067801089 -0.108547996057098 0.0447040762923852
0.00797587894790371 0.00298965673056994 -0.115116219722419 -0.0194847242610603
0.011215559759372 -0.000409438683331053 -0.160900905495294 -0.0279878820298456
0.0187063515310515 0.00656825105871834 -0.254192074640912 -0.0335680474845354
-0.0669607986163187 -0.0449884948500189 -0.0113596182528289 -0.226157783210247
-0.0687730918757018 -0.0711427333289751 -0.00836020623253153 -0.18448646199897
-0.0556403066194956 -0.0743933905959793 0.0401588165077657 -0.123411976432046
-0.0369546279794875 -0.105746596926473 0.100313648499143 -0.0371778919357694
-0.00729792470718657 -0.105199642632236 0.140214453747811 0.0337203599127568
0.0233820034583894 -0.0937313720950819 0.0658628720624743 0.106418236877994
0.0504770763409477 -0.0976176301136405 -0.0631579146303838 0.171762567294985
0.056285309277252 -0.081267502009492 -0.139530425082524 0.184265835299979
0.0466567624853772 -0.0733480527916861 -0.165178325725082 0.188535609103966
0.0307239206358468 -0.0582045155901398 -0.136445228473443 0.1557869726159
0.019246854374337 -0.054970775062213 -0.119518608958904 0.111675195920205
0.0172243700305939 -0.0512988508875423 -0.118856364331514 0.0423568534147264
0.0113103016081324 -0.0458720377709798 -0.127071555119581 -0.0227587830025998
-0.00784753427700269 -0.0591950635115014 -0.169436599519067 -0.0220305980240747
-0.0253875569317682 -0.0506349238160786 -0.256546051164843 -0.0199593871745612
-0.133818687933543 -0.0765795701594615 0.0389378803281164 -0.204075324249002
-0.128158711544914 -0.116288085583836 0.0336266941488291 -0.165013884438432
-0.110758046838731 -0.133546371595917 0.072991805239158 -0.115927281513255
-0.0746137016640326 -0.190892184446793 0.118524762512959 -0.0423323985432281
-0.0170145496122515 -0.201695018928574 0.147967790368374 0.0135575805824135
0.0397013057235843 -0.18236317738412 0.0816109605104429 0.0729227297122723
0.0912429345199684 -0.177573575808282 -0.0411838278602483 0.12743953257656
0.108679640183139 -0.151303385095391 -0.10952129363375 0.14063778447592
0.0925629575276478 -0.137618065000269 -0.148073584417711 0.160527600304154
0.0648536894014683 -0.121524158157759 -0.14117793964851 0.147697721975664
0.0390809584065913 -0.126391586840198 -0.135945086870502 0.121254700321379
0.0272425009538166 -0.117904640564738 -0.136690289092845 0.0463163875546161
0.00362230384956495 -0.102703922997155 -0.146916426552648 -0.0139839781760264
-0.0361561281415977 -0.117815976913292 -0.180814206761239 0.000292866017091362
-0.070426970760049 -0.102372073128022 -0.247384840390568 0.0136947768193914
-0.171374461419652 -0.0965502854141906 0.105040481784928 -0.16737836986414
-0.156163351738955 -0.146283531070127 0.0922066577530303 -0.134566230574056
-0.133334717255767 -0.171763885848481 0.112725261701838 -0.100006417997639
-0.0873073134307323 -0.244225791243725 0.138741812706592 -0.0506857637646725
-0.0156988677602229 -0.261500667990231 0.150158350460441 -0.0205340707227115
0.0534958150002087 -0.235639942599394 0.097585811568964 0.0183853503203202
0.117541876082124 -0.225162350432384 -0.00578458822125731 0.0583487125168762
0.144410006686122 -0.199960346844566 -0.0619038329021858 0.0738304547393218
0.126907774024564 -0.192493389978054 -0.113935674154688 0.109951301592497
0.0905320255866997 -0.18676900153994 -0.137841007678496 0.122695861575303
0.0464961220067754 -0.205792271955516 -0.148383340573681 0.123260519146043
0.0167222836448109 -0.193938824313926 -0.155673378300229 0.0561862090136922
-0.0248103765205109 -0.161594257838478 -0.162519027437406 0.0109829746613344
-0.0781155434250963 -0.165744819821032 -0.181333946799455 0.0416167504936743
-0.113859676530362 -0.140654763810611 -0.22234857113403 0.0656860512215442
-0.175410016966243 -0.103584289363573 0.171030992724814 -0.11714672696267
-0.147149318024821 -0.155412916840078 0.148641093873987 -0.0925237336747385
-0.115790781963799 -0.180852796049833 0.145205337456398 -0.0716767909598588
-0.0656317562762464 -0.250501586503842 0.151127114043575 -0.0540098913623148
0.00201652892471822 -0.266330703838965 0.146179969691441 -0.0562565635180356
0.0647828828133711 -0.239072978335466 0.111545566669612 -0.0434924809067661
0.125396671879815 -0.232768414999897 0.0369696010869975 -0.0211565033106775
0.158987754235877 -0.218416438461817 -0.00493373059290049 -0.00678850383449006
0.142592708709762 -0.224209076831894 -0.0675198509464018 0.0367941327508622
0.0993717384933694 -0.232581699256894 -0.124042247436517 0.0716038592615499
0.0369032997098364 -0.265128746139594 -0.155336274202979 0.104395601522514
-0.0129753823065302 -0.249869698486253 -0.167103036856972 0.0645372246231289
-0.0652413819245896 -0.199401391505555 -0.160830819328775 0.0477899881605136
-0.121031680831769 -0.190115699827135 -0.160735656311849 0.0946748725193511
-0.146344145562741 -0.158098116283697 -0.177548487612996 0.126094090856221
-0.150725744693059 -0.0949877708230409 0.223724797545634 -0.0623558973213569
-0.109914294303078 -0.140885235561255 0.185512937485241 -0.0462242322834187
-0.0704177541116643 -0.156398221939327 0.155360946463826 -0.0340845532213409
-0.024377552904212 -0.208677778916187 0.150114031567301 -0.0482478700657496
0.0266249166481307 -0.219254939403859 0.135741154401805 -0.0807419273577447
0.0702176735108315 -0.197446044925566 0.121860681025038 -0.0932165056224977
0.116653778144113 -0.201195866688161 0.0803405467343486 -0.0924589442145569
0.150085089209778 -0.20507053564863 0.0518166812790371 -0.0889748022653447
0.135158083130687 -0.220682072831946 -0.0176822899389557 -0.0486887807188632
0.0899940982279334 -0.237461761555156 -0.104456293650998 -0.000451237828559591
0.0186580898378315 -0.272422294770698 -0.155632405694959 0.0630778549599894
-0.0407355543887211 -0.253515810596143 -0.164671824417101 0.0642714638056353
-0.0942289622286599 -0.197511073880764 -0.137667849532921 0.0832648547693712
-0.144840062539978 -0.18074189104344 -0.118012235812511 0.145748041354665
-0.156168466536632 -0.151290735566809 -0.118464481303841 0.18521897351903
-0.107686640254675 -0.0702351756628807 0.254540716132853 -0.0110538147189119
-0.0650630610714828 -0.1044437408597 0.196443157081811 -0.00315979632072615
-0.0258054239126153 -0.106250167278055 0.143544326052932 -0.000609813740412607
0.00837426443690378 -0.136725762484417 0.136260787501193 -0.0391837957920441
0.0387997477314729 -0.142922716578553 0.122242185842593 -0.0902599267692826
0.063334579746749 -0.130774754263495 0.129604235268001 -0.122815007223821
0.0914562877375753 -0.143242764586307 0.118254480869821 -0.143383024956002
0.118670987014487 -0.158862593506342 0.101050276132042 -0.158724742376022
0.107857382889949 -0.177983063826116 0.0251335397806888 -0.129400630694726
0.0680427614845557 -0.1908956725461 -0.0857629621668326 -0.072534667108223
0.00446072280249068 -0.217664325360012 -0.153687970177643 0.0135929161642124
-0.0486280838221257 -0.200868638767439 -0.151349022721483 0.0557387083916657
-0.0929796760509345 -0.15424413906652 -0.102388069009288 0.107550228891066
-0.132961618752537 -0.140582776197768 -0.0677467202339554 0.181624804042476
-0.134621969334555 -0.120664975283623 -0.0564761417424097 0.23097783950901
-0.0556421011751741 -0.0323259794981756 0.265215378485742 0.02565055005474
-0.0296201817606652 -0.0554653017582733 0.192035578345149 0.0250854673727528
-0.00219708127660919 -0.0484281366423914 0.12453915581995 0.0193430231720892
0.0163101348802688 -0.0633065232659555 0.121659518387175 -0.0345410604678307
0.0321985764622526 -0.0677789926251851 0.109785647612663 -0.0929373971360771
0.0424010510413841 -0.0637481713630427 0.13216758618095 -0.135075616814141
0.0532559973804568 -0.073637322370949 0.146371824086372 -0.173676577786092
0.0688938959650715 -0.0894713349118507 0.133548530784275 -0.206190632254087
0.063770092594904 -0.102657515525203 0.0528103786632102 -0.187624671831281
0.0403724979804175 -0.106924608458284 -0.0722168176746346 -0.124760785077997
0.000400761078769682 -0.122272105439729 -0.149825256578081 -0.0264942185276301
-0.0316991293893281 -0.114544216370658 -0.135126562779709 0.045106147014548
-0.0589386008201132 -0.086001996592927 -0.069229996065404 0.119157237312292
-0.086503528906247 -0.0809841074089426 -0.0259117521728283 0.198582960728018
-0.0833102602389848 -0.0734724716081814 -0.00616925725318578 0.257390909674649
0.0153910565992828 -0.00685280722912736 -0.0528457460482179 -0.237408359516386
0.00486220278246243 -0.0143908636261367 -0.0363911605153506 -0.199356924548585
0.0142204671690124 -0.00196396772740817 0.0152702021678573 -0.132893868290353
0.00981119325219197 -0.00438394499084563 0.0907175879995859 -0.0486533421375472
0.00661756837626311 0.010373057035708 0.136819077982131 0.0256020569044116
0.00370474963555665 0.0121965893983269 0.0616146020553039 0.110318367183461
-0.000611830695293568 -0.0014612909670735 -0.059697478109293 0.188758708867718
-0.00366406164696154 0.00101870205447681 -0.142901982147658 0.209447440263584
-0.00599580222743547 -0.00490037466196756 -0.15820380568194 0.211565784360084
-0.0043660772779571 -0.000775500468373417 -0.123040932413663 0.167746589314207
-0.00352223671799661 0.00344435265883581 -0.105050957919802 0.117269667031994
-0.00222176043680858 0.000845724938430594 -0.108211232559231 0.0549826026171773
0.00834170611537937 0.00169796903949917 -0.119212484871348 -0.0115665150583055
0.0108817961522914 -0.000737079969386302 -0.165296449097605 -0.0190066220064825
0.0203941447581601 0.00469644761491303 -0.26199880843138 -0.0181573990116358
-0.0715782304459201 -0.0420395509354508 -0.0289853430175754 -0.235803532740409
-0.0759617365599279 -0.0685110500234744 -0.0217826129671648 -0.192219315151955
-0.0609617723005398 -0.0732681673660127 0.0332485943446201 -0.130238909570201
-0.0449369977125578 -0.107371817104207 0.101224070509637 -0.0432063115027448
-0.0128922221778827 -0.108103022237964 0.146634867594477 0.0270734984275099
0.0193298505738625 -0.0970836579806616 0.074055259165854 0.106798169296879
0.046009942252662 -0.103399409501126 -0.0557351244099722 0.180814670224606
0.0529700429394792 -0.0866765432004327 -0.135405681452027 0.195356353364194
0.0425178933318603 -0.0775759952954625 -0.158515703691707 0.20041782107907
0.0283348878738767 -0.0607827129527722 -0.131088186500628 0.164967637886289
0.016073243821723 -0.0582326525232384 -0.116103529412324 0.122871254757368
0.0155302342606463 -0.053967090360656 -0.119226443313938 0.0527492323794409
0.00934165916096597 -0.049419370166613 -0.132216496746883 -0.0132111399510987
-0.0117126834350861 -0.0605139597561312 -0.1735216638078 -0.0129666992300155
-0.028364481346605 -0.0518575682000586 -0.263497673913843 -0.00430977816353464
-0.141437484141966 -0.0697695938529156 0.0246648064880674 -0.216218834383881
-0.139365443220018 -0.112831584770924 0.0223753325657787 -0.173971339967538
-0.120494999816791 -0.132108969023775 0.0673549658219742 -0.124289109749714
-0.0888896318465649 -0.192752906055512 0.119719292375034 -0.049514247229682
-0.0296035746261381 -0.207414106692934 0.154063620271217 0.00622024540269777
0.0314627395367714 -0.189131069269109 0.0887525497383506 0.0713224252491168
0.083964582637427 -0.187129837025695 -0.0360955462923354 0.135363385576226
0.102331713199138 -0.162298141327518 -0.106601965233644 0.149619568591475
0.08719169122968 -0.146044556287307 -0.143074822624808 0.171088152562224
0.0603460585284859 -0.127541645353412 -0.136768745520542 0.158116898606199
0.0325654337474477 -0.132650596634915 -0.131727893712774 0.133726474862792
0.0225210446241396 -0.123478452761538 -0.138630188029144 0.0575843570775602
-0.00152690859189141 -0.108137106101431 -0.152595843099043 -0.00247441320541629
-0.0438825231067827 -0.119049560219273 -0.183897553823009 0.0106997850830678
-0.0778963062093048 -0.10294939322147 -0.252184696394435 0.030055213494363
-0.181002023161439 -0.0890363549404718 0.0945731167645559 -0.181288219056291
-0.170498453710114 -0.142455078865874 0.0844294419718242 -0.145285299824189
-0.146098540750407 -0.17121741061206 0.109532416084767 -0.109868663921285
-0.104496175145068 -0.247276055764488 0.140002731569768 -0.0592389022078133
-0.0310625062136266 -0.268907843505927 0.154733729869099 -0.0289703584362513
0.0432102461830483 -0.243850813175975 0.102953424910407 0.0143463525994003
0.108533615060998 -0.237563060937191 -0.00417555361725553 0.0627509887011643
0.136716422731045 -0.213497654407572 -0.0614568759847964 0.0783498504363542
0.12008005999614 -0.204186433950526 -0.111353223140749 0.11754343271159
0.0836822846871456 -0.196309927714615 -0.13455429663042 0.132834515474218
0.0353185127566188 -0.215568806242866 -0.144258071576036 0.136485783782366
0.00732486874822371 -0.201167878838889 -0.158417847253599 0.0685810750639935
-0.0348894735885892 -0.168080757906814 -0.16744476732994 0.0246749883189518
-0.089442257434443 -0.166609937935194 -0.182725838278111 0.0535198846493953
-0.124603423781289 -0.140285066655816 -0.222693488045662 0.0820701435978864
-0.185930824528485 -0.0949950487562149 0.165750145547392 -0.133642972125855
-0.160511588160507 -0.152174603192186 0.145347766079778 -0.105621562800893
-0.128219827969093 -0.181214462423296 0.144030905875159 -0.0816403840634269
-0.0829852187755823 -0.255461707489127 0.152852043583572 -0.063361708210084
-0.0137036358444025 -0.275184020026688 0.149032975593201 -0.0654975431643319
0.0548004081102329 -0.24772711029818 0.114102149425712 -0.0501764729240545
0.117117865805171 -0.245364719429792 0.0353383245369866 -0.0212827531149484
0.150712916801507 -0.234207288882377 -0.00710782871674465 -0.00663161550215488
0.134537449661796 -0.237204849758597 -0.0674480440308678 0.0402378613575747
0.0905822170303627 -0.244358314690347 -0.123744252093952 0.079808653528035
0.0221209335164303 -0.276415144088486 -0.152155860496475 0.117616227573642
-0.025894545094881 -0.256627224185561 -0.169739993610668 0.0772865615430909
-0.0786918354411236 -0.204782316662059 -0.163620467247791 0.0626033571621744
-0.134578035895561 -0.189482035484129 -0.157825009123226 0.106369199774543
-0.159439454682454 -0.156234800307173 -0.17369287087694 0.142252672310803
-0.159723209646071 -0.0881071557883554 0.223435425285336 -0.0799673956789837
-0.121824332629193 -0.13988099036116 0.185808816196517 -0.0589186249051248
-0.080253774815863 -0.158520851670903 0.157088533844891 -0.0442223958473352
-0.0379764756085679 -0.214377139127591 0.150758107981722 -0.0578378018978284
0.0137698967593954 -0.228032727521761 0.136909993995807 -0.0895822028805849
0.0624857164242295 -0.20592359668847 0.12217252946856 -0.102069429843668
0.110163744107288 -0.211350949827673 0.0760117626596485 -0.0964863154569671
0.141620808402382 -0.219633550721518 0.0472206523047284 -0.0933724233498038
0.127807448961636 -0.234018353303573 -0.0213567245777511 -0.0506726772777169
0.0809257544668955 -0.248928459806048 -0.10800414782187 0.00488488151835205
0.00312294255360256 -0.281958005564493 -0.154964021189638 0.0745374176745022
-0.0555835102802896 -0.259288661085952 -0.167910605142958 0.0767073393553203
-0.109153516904451 -0.20064979686449 -0.13734206486891 0.098839812797302
-0.158113891957898 -0.178235290679426 -0.111885247316423 0.156585328398491
-0.169284937526293 -0.148797568585092 -0.108315469375884 0.200098826307618
-0.113500817521789 -0.0653783303631879 0.257723479821685 -0.0275724116077842
-0.0731366667411554 -0.105538628543012 0.199956356393047 -0.0153059672046199
-0.0313663596336229 -0.108695068534063 0.146675925090714 -0.00865858708394905
8.43394386072782E-05 -0.142224180983759 0.136862253869418 -0.048224258348006
0.0307828675042729 -0.149937878817436 0.121598694410364 -0.0993375857751311
0.0583650718523345 -0.137431462892393 0.127637848177487 -0.132941751885857
0.0865481891120605 -0.150121853933908 0.112270710594678 -0.151231585555955
0.111640046591849 -0.170750471931093 0.093964144573649 -0.167528535918468
0.101277645822708 -0.189339288047887 0.0177739616736843 -0.135011951572366
0.060360037792415 -0.20034973441388 -0.0920064409022434 -0.070182653013624
-0.00837664388350905 -0.224914394035929 -0.155316721581493 0.0234280252271155
-0.0604068247786739 -0.205286789956026 -0.154482215601588 0.0668495275860106
-0.105175336439411 -0.155760684679037 -0.0994325079492612 0.12087537319222
-0.144553823584343 -0.137334755417148 -0.0574799493466803 0.1918591719416
-0.146107972651286 -0.11800970479137 -0.0408008264614277 0.244768156748693
-0.0582233975123224 -0.0295139323260859 0.271514888376636 0.010049682559216
-0.0336740223548208 -0.0560654635900206 0.196595729577087 0.0144153303222311
-0.00413442592796788 -0.0506046870215535 0.128254675157747 0.0127583304666331
0.0123619449947033 -0.0666710534971894 0.121824019587657 -0.042445144380692
0.0279036235800966 -0.0720088472392938 0.107860951458615 -0.101627152174963
0.0401094711816163 -0.0681141631618432 0.128339970208327 -0.14534719088134
0.0512429570766885 -0.0762070306692848 0.140296578778295 -0.183644915195674
0.0649883940007544 -0.0960792120067232 0.12569643738263 -0.217941960619194
0.0602621026069371 -0.109383320004931 0.0426293479372568 -0.195877641948172
0.0364792216409425 -0.112471139250302 -0.0810992610477301 -0.12485070241257
-0.00719948067887772 -0.126298432098181 -0.154986390432241 -0.0185223331088639
-0.0395254442730515 -0.116272726865513 -0.137863748488064 0.0547126339996964
-0.0659423557655681 -0.0866281932532389 -0.064676492973183 0.12986098700114
-0.0928989336963182 -0.0783361123174369 -0.0141757697515651 0.208201999459889
-0.0905625851734145 -0.0716401216263833 0.013137156054444 0.268608355899212
0.0138914702610606 -0.00769341851276551 -0.0760559550863753 -0.23188169644965
0.00297180106142208 -0.0128768931935088 -0.0571085500383198 -0.196202946697175
0.0144510297409565 -0.00223842152383018 0.00228963669813674 -0.133377373735649
0.008591882579116 -0.00491648887313054 0.0851250206415827 -0.0553998233542946
0.00812058854858573 0.00946193427751875 0.136497601599108 0.0135206281402102
0.00506456675087754 0.0123094191082819 0.0705448018889237 0.103995344013974
-0.00221681574835738 -0.00107874205627941 -0.0418744158961468 0.190451659665482
-0.00353830851677598 0.00148875308830749 -0.124495574889009 0.217067196014233
-0.00784255314504015 -0.00395651233520621 -0.136676631992299 0.219159612138754
-0.00493523373073969 -0.000864337452165115 -0.106667999684686 0.173153141392811
-0.0038351362408555 0.00320170710887635 -0.0920435014181227 0.124837498815316
-0.00191810206099005 0.000870430633281124 -0.100698630320168 0.0660498929745111
0.00827781905902818 0.000410146130690505 -0.117796934211672 0.00080889835836224
0.0102702515348922 -0.00177449958360153 -0.162664500778195 -0.00411560037953573
0.0210480589128831 0.00186622790146509 -0.258876045220598 0.00618102574324985
-0.0738514648061663 -0.0347311359835763 -0.0531146419200628 -0.232432701454557
-0.0816686679694674 -0.060399160662496 -0.0419206078298525 -0.189277148274328
-0.0658430444699046 -0.0671737679102682 0.0196441648230269 -0.131431623830407
-0.054479704775665 -0.10188270442376 0.096775800463533 -0.0506650065602734
-0.0217386573564127 -0.105618373636693 0.147025264481414 0.014250995939245
0.0114653282854819 -0.0968237397321162 0.0829375242201534 0.0990307222773483
0.0359107284180261 -0.105424932468992 -0.0391550614231655 0.183515135353027
0.0444231283319049 -0.0897311616723479 -0.118487480978887 0.202242994744478
0.0344409700736818 -0.0791889691897568 -0.138616334162694 0.208289882660024
0.0225177681657205 -0.0625346911019435 -0.115423131664945 0.171906402600907
0.0100503117598308 -0.0590253747814729 -0.102116786117197 0.132156226599159
0.0110690474813356 -0.0550531666053436 -0.11215358672837 0.0648209900339893
0.00492544876786481 -0.0506061630944042 -0.130810442640397 0.000780781913911103
-0.0171701327365816 -0.0585714879057508 -0.16973718237127 0.00302638075456542
-0.0323022119955672 -0.049795538546845 -0.258181748701266 0.0202353716155348
-0.144555650174349 -0.055859205081335 0.000803985210350388 -0.217548328446486
-0.148543830001299 -0.0989822457001479 0.00393024665956512 -0.175182074493737
-0.129467332870426 -0.120475438679415 0.0543385024887862 -0.128520077253676
-0.104857261341113 -0.182517604242371 0.114696246649324 -0.0583507040786259
-0.047065910847851 -0.202611360322463 0.153575008543809 -0.00709689510132079
0.0160422291521908 -0.188113528391018 0.0952314508092198 0.0626206423808678
0.0675740519728135 -0.191374501265837 -0.0242060911361008 0.137811827906522
0.0868910727528883 -0.168062187847717 -0.0944679185695822 0.155476028746095
0.0729109417167638 -0.150321351437862 -0.126279046747398 0.1784761714767
0.0491758939504093 -0.129524649130933 -0.121829502526109 0.165745235540377
0.0196579355672506 -0.133745460510084 -0.116495499830874 0.144280005304281
0.012278264555326 -0.123863863790263 -0.130959980376004 0.0712183320308846
-0.0114323064213733 -0.108111870952254 -0.149913873064497 0.0137600293930082
-0.0534873999456207 -0.113994441545858 -0.178137473106518 0.026642940670806
-0.085691732033423 -0.0963036487681438 -0.243652669393625 0.0534742693078894
-0.184671270633868 -0.0709028515408683 0.072814041202439 -0.189818033799676
-0.180578865930081 -0.125963603911683 0.0677210829292797 -0.151427811373264
-0.157607285314364 -0.15704101861279 0.0972885607477746 -0.117521011749353
-0.126043966930451 -0.235485545599793 0.133877686427272 -0.069754755490411
-0.054753939506273 -0.263009250320519 0.151981140700865 -0.0422504927447892
0.0227226496615677 -0.243438137185731 0.104628915814384 0.00456787683611896
0.0882612297199741 -0.242782496672496 0.000828050883690366 0.0641261650589459
0.115357934281534 -0.222297552019744 -0.0552339814470843 0.0825264224015204
0.100845074181456 -0.20998576923061 -0.0997693481603947 0.123122094667174
0.0667558064653219 -0.199015870461177 -0.121851505822627 0.140815283911992
0.0149902013414168 -0.215461512621025 -0.128081059369006 0.148652453639346
-0.00914812372798357 -0.199631270758129 -0.150902296473281 0.0832359776697462
-0.0491666944376311 -0.164877638007918 -0.162568447354057 0.0427295554505641
-0.101911407503691 -0.15747717662579 -0.173298812733392 0.0681323326188906
-0.134720353679004 -0.128667439904022 -0.210048271335749 0.101756478699776
-0.189854393226063 -0.0765369177869703 0.147205927628261 -0.14787002346616
-0.172371757745854 -0.137597263765018 0.130829232484915 -0.11662801180351
-0.141135852624856 -0.169024605554521 0.134395582250124 -0.0927613065763826
-0.105361963489988 -0.245189913424166 0.145582951065859 -0.0750998673740492
-0.0384524781606092 -0.270716128890637 0.143478783141002 -0.0774279435030625
0.0345194940986965 -0.248347510558722 0.110327946398973 -0.0596765698454505
0.0953273429295551 -0.249821869475693 0.032239871721274 -0.0216203314242244
0.126788748671304 -0.243301051252694 -0.00875898766688789 -0.00544112426945428
0.11225155416154 -0.244739353121436 -0.0637904789436606 0.0438462607733629
0.069485506476579 -0.247535349012199 -0.115434393467301 0.0881977694974968
-0.00332499315820011 -0.274572306570229 -0.137569156076111 0.130245735999762
-0.0471072986810304 -0.251791036390823 -0.161785053046531 0.0930490906409502
-0.0962970108359543 -0.197743829162268 -0.15522079859339 0.0802453459807575
-0.148310915148844 -0.176191342730114 -0.144916566742398 0.118373590732558
-0.17102373170815 -0.141553727861964 -0.155206924310455 0.157321104921292
-0.163543452636523 -0.0720294495788963 0.20855024549857 -0.0998067552352951
-0.133050877112678 -0.128790916170864 0.175306763094551 -0.0748093870197189
-0.0917964645241559 -0.151111642472304 0.150106961025571 -0.0566964543080894
-0.0577860697736381 -0.208786767077065 0.144127311779154 -0.0697521745667909
-0.00768329484166913 -0.225107211784627 0.129034617400405 -0.100407565431968
0.0452630985756341 -0.207504597621628 0.113077741853823 -0.111193765545361
0.0913039500733095 -0.215859350495922 0.0666261463414697 -0.0987296853647768
0.119606718086836 -0.227811755192421 0.0380028714658955 -0.0948566949634939
0.106346265891781 -0.240908709854483 -0.0262756238522098 -0.0489088606314497
0.0599727661270762 -0.251456736450164 -0.10599198053975 0.0133132350157627
-0.0229597699015366 -0.278957028893372 -0.144284047351306 0.0877934722610539
-0.075956472277732 -0.251803445171969 -0.160374388028234 0.0916226606761576
-0.125886020788709 -0.190806869540369 -0.126292489024137 0.112818686652579
-0.170937644886823 -0.163125625197208 -0.0949771291911479 0.164633326169871
-0.179988729011239 -0.132630701814577 -0.0856184094179307 0.209055754983007
-0.115950622228178 -0.0536147311592411 0.247890623031583 -0.0508310857237621
-0.081711826524359 -0.0986473757548008 0.193270233499373 -0.0326539345204986
-0.0399377181808713 -0.106229804988569 0.143579763237412 -0.020825672128017
-0.0139261095159099 -0.139895829657006 0.130682516287047 -0.0593041021758497
0.0156189845883911 -0.150366539491407 0.112335448323986 -0.108719395584054
0.0467831851130965 -0.139809373070743 0.114778242244929 -0.141673566604243
0.0744184965998133 -0.152926632297442 0.0983138970399253 -0.156233481660264
0.094729287736682 -0.17736014763658 0.0781998811947031 -0.17099919064939
0.0839303188498794 -0.194925340949998 0.00522373695388004 -0.134973803487959
0.0438294458964219 -0.202734917463942 -0.0967663885040079 -0.0620301712768182
-0.0285126397386064 -0.22127515050396 -0.149393610460318 0.0368037587111843
-0.0769444974355983 -0.197375202875579 -0.147815570684663 0.0805626797450213
-0.118193504533679 -0.146442489461241 -0.0866631319396883 0.131279501529103
-0.152971582752446 -0.123513800758301 -0.0383958705040112 0.195045722953376
-0.154704889931164 -0.104594514942312 -0.014695336658885 0.24690621197212
-0.0589372501548847 -0.0237944638696966 0.26533055074153 -0.0136106312663961
-0.0391275117831502 -0.0534399355601622 0.193449394032914 -0.00385648028635691
-0.00814125754057182 -0.050699103247628 0.127274753346898 0.0013698928986601
0.00554246227874487 -0.0663902360012093 0.115745660121106 -0.0530498171459729
0.0200002485812991 -0.0732474829075912 0.0980234417336255 -0.109543888067831
0.0341979357304934 -0.0702478129643692 0.114418879757933 -0.154403499362586
0.0455150794209192 -0.0780200703579981 0.123197442799191 -0.190040719057142
0.0550234428448983 -0.099783405432005 0.106080281178495 -0.221645849904521
0.049827792821583 -0.113222444843777 0.0244543228388892 -0.196144613687099
0.0271984891658981 -0.113949470936208 -0.0902201199542034 -0.116754727036961
-0.0189978264438749 -0.123578590449758 -0.153233552679525 -0.00457723240255784
-0.0485192490033684 -0.111063687351787 -0.132204470350634 0.0661160250572616
-0.0734962080773422 -0.0804774814671825 -0.0520605208312532 0.135867684915323
-0.0976164550794935 -0.0692950825280213 0.00659107577780686 0.208356764105937
-0.0961518462159412 -0.0634705527207356 0.0413222727575181 0.265724121128828
0.00680539684126201 -0.0107450002394526 -0.11966186068763 -0.198514713293054
-0.00263274828802713 -0.0105619319111655 -0.0958878300144384 -0.171908394655408
0.0117246507330679 -0.00497477274850488 -0.0238083887137777 -0.122900272325552
0.00554762736429762 -0.00746572511254604 0.0705058261874502 -0.0677248057118535
0.0103646080331856 0.00436326617841169 0.129466232976864 -0.0130697374380244
0.00809605415077006 0.00943817393110536 0.0852852433693624 0.0840879029362951
-0.00138982887459998 0.000726013939288426 -0.00588367283980717 0.186279937678211
-0.00233886562233045 0.00345433579975846 -0.0795469187690968 0.22184303384225
-0.00738728418875041 0.000129229419493298 -0.0867890591234682 0.226631810640504
-0.0050234414703143 0.00137875532128739 -0.0661892391496863 0.180146732322922
-0.00327173157503508 0.00394456515220816 -0.0593632067620996 0.133753860064394
-0.00264464302065438 0.00109888556684313 -0.0779611419012554 0.0816684969185167
0.00629440418482262 -0.00141190456807461 -0.106942385539468 0.0249885571168921
0.00619627695415159 -0.00353207382663762 -0.147247146739662 0.028258581019471
0.0160582700054241 -0.000845345356336036 -0.232935051965531 0.0518910735965116
-0.0751700197577526 -0.022355942252948 -0.102521663785499 -0.204393728230447
-0.087314484617459 -0.0404735201821164 -0.0828594817724866 -0.170433154778224
-0.0709252331767439 -0.0511201803683965 -0.0113599801024954 -0.130427625995839
-0.0681870925127761 -0.0834014034192266 0.0819623706312786 -0.0734152278878688
-0.0360895653347599 -0.0942842534922864 0.139159618196666 -0.0218789880356999
-0.00272182595209579 -0.0914944296920416 0.0961698540676799 0.0726793442989239
0.0164495359174071 -0.100885928501505 -2.56862790752754E-05 0.176028782348101
0.0280929181973658 -0.0875121393170634 -0.0748076303237527 0.208009457672727
0.0196962306797629 -0.0759505134606824 -0.0905765929123237 0.219699172754982
0.0107135650397936 -0.0588966072148973 -0.0729602568655771 0.18130165611746
-4.27127863708628E-05 -0.0538753369917276 -0.0666324019854588 0.142861816683167
1.46432166854395E-05 -0.0524371269310119 -0.089187975784631 0.0835766248870644
-0.00441719527476887 -0.0476475390588827 -0.118250713981165 0.0275703956501
-0.0282984337871352 -0.051218091399098 -0.151366798147158 0.0362030116214523
-0.0410368396227541 -0.0405160288509327 -0.229952269402418 0.0646349770638211
-0.141420913477985 -0.0316165203128199 -0.0538702418609405 -0.203389195188015
-0.154162239278663 -0.0650237716979292 -0.0394516709316583 -0.167516810009468
-0.137093399011202 -0.0898153374940363 0.0180313681566929 -0.139066005720154
-0.127907154978085 -0.147879438085065 0.0971281965217617 -0.0909351043130729
-0.0759125430257939 -0.178258614190285 0.140450450217822 -0.0498221961635406
-0.0130205510723395 -0.176168848935875 0.101775780064315 0.0318898083436424
0.0303972809435669 -0.184455799337983 0.00885836581706567 0.128070271865056
0.0548337291510187 -0.165908126386927 -0.0596214942195783 0.16046644056799
0.0438591614489373 -0.147306505833749 -0.0842821442194972 0.191435876841108
0.0248715487477839 -0.125077786110678 -0.0789118167523375 0.178630027163538
-0.00230155292729782 -0.122870182482911 -0.0771564387117201 0.157394830057928
-0.00971384614228781 -0.116304556902332 -0.105595620080615 0.0946991193656262
-0.028315000516683 -0.0977511140942137 -0.132794259229506 0.0428750778023273
-0.0708266606773939 -0.0956573597171348 -0.153006845857834 0.059282430430216
-0.0975726155329483 -0.074943726501342 -0.209975806090072 0.0921896153502024
-0.177847452264243 -0.0393862928341728 0.0161965645816533 -0.192540939168595
-0.187661657223059 -0.0857561283876949 0.0236491323866453 -0.159098816409827
-0.168387999779986 -0.11988800600697 0.05883344836829 -0.13978393131776
-0.156240087833019 -0.191823704930969 0.113318244434401 -0.109112746065916
-0.09373766124899 -0.231962015554891 0.133177302427204 -0.0861349044007603
-0.0154410347859011 -0.227871760216737 0.100647500163686 -0.0266699796790154
0.0409833307712466 -0.234507115435368 0.0218623149878713 0.0533450075649093
0.0721315172463515 -0.220461760106613 -0.0353925415745653 0.0866287758962192
0.0602994380278911 -0.206982168213952 -0.0696218983813864 0.136809029116045
0.0301228543190334 -0.192343694489645 -0.0819967489175431 0.156815982928851
-0.0180807667293505 -0.19769956369593 -0.0873663025515467 0.164038453275657
-0.0424980514965333 -0.183258404841095 -0.12073054120887 0.11118504254963
-0.0719351722167149 -0.143679686444797 -0.138285363736234 0.0715746754339387
-0.122065059325423 -0.127244732254692 -0.139282492033793 0.0958440496381993
-0.147778741011312 -0.0969736087508294 -0.170067115579032 0.13039388969134
-0.181779503146001 -0.0450613971004863 0.0921103105801779 -0.169011349158762
-0.18110202047032 -0.0986038649410593 0.0899286358140639 -0.139752471528445
-0.155014210480019 -0.133541008019688 0.0988282778337941 -0.124303606409584
-0.139676485718965 -0.204396529062307 0.124948637715764 -0.115797536258984
-0.0809768130055274 -0.240791652496905 0.119028580139009 -0.118108768956023
-0.00676912077825739 -0.234233232152309 0.0949414083535279 -0.0879968460391569
0.0466229787775356 -0.242051770073245 0.0371373702789648 -0.0322998801945234
0.078824586014922 -0.241701452897074 -0.00718267992424136 -0.00302730514270538
0.0652330387221388 -0.241682526766056 -0.0508753227355802 0.0572529993949393
0.0253454798127129 -0.238401599532939 -0.0848858868098639 0.107640383705255
-0.0432204021547332 -0.249535803189381 -0.0986787108848877 0.148638050065966
-0.0853686515249499 -0.225008963822057 -0.128331572240928 0.122487253375714
-0.119388586232764 -0.166648484241752 -0.124282708673188 0.103372645616598
-0.166700654181111 -0.136132761518701 -0.10243195345701 0.135773351581566
-0.182133825138156 -0.103180407323327 -0.109786701891188 0.171358364018766
-0.1552491506267 -0.0443346149462753 0.159710434344222 -0.136282410201799
-0.142865674841247 -0.0980065158610118 0.14123589155262 -0.109094767465236
-0.10670865088913 -0.12518716138512 0.123563951382047 -0.0917167424862607
-0.0901843463852295 -0.179382819728877 0.125823847713863 -0.106975702193584
-0.0466049761387096 -0.204508960811461 0.102694576488356 -0.133417054757433
0.00866512285077541 -0.197917951298886 0.0889046116580314 -0.134098505941932
0.0486539367668363 -0.211094837397977 0.0550187597855793 -0.109074468278651
0.0740893832858179 -0.227079390383576 0.0209175540789103 -0.0932781547783224
0.0592617711397887 -0.238872432780584 -0.0332881767313781 -0.0357301319550159
0.0154794661873212 -0.240831793948031 -0.0904447784577161 0.0362690442899517
-0.0617146007973457 -0.251012406603899 -0.113257548164278 0.11061599421102
-0.112653798616178 -0.220583164170309 -0.127668042174242 0.121048850735957
-0.145212727372633 -0.155706395125235 -0.0916132964652697 0.127568586287629
-0.184636783306755 -0.119763617892475 -0.0483884265694934 0.168135314667395
-0.188553198965003 -0.0931079939678716 -0.0363782698732016 0.20639605410141
-0.109076149569286 -0.0350676388924797 0.208317513851023 -0.0981555079525887
-0.0909419578248371 -0.0794560765605007 0.168191733400581 -0.0722883465305623
-0.0520983450914366 -0.0926277878490681 0.127055298909033 -0.0539428278087774
-0.0387891647867644 -0.124741929179569 0.114274702658717 -0.0888994980005945
-0.0136058816584073 -0.139755112657269 0.0854574846604429 -0.13256070144831
0.019656924940162 -0.136694482167075 0.084447412396992 -0.159420621567493
0.0432610310534135 -0.151247978306212 0.0728401160689602 -0.166012572810752
0.0587305396857098 -0.177115509193124 0.0451748775710402 -0.170313440810251
0.0454612779071203 -0.193361483284955 -0.0200562634195187 -0.12230794817477
0.00808601931501947 -0.194038618958616 -0.0975743567597446 -0.0361067347298368
-0.0598224056313383 -0.19752263269443 -0.128797976590747 0.0638818817053135
-0.104501058529181 -0.169645806115593 -0.118912315467482 0.106616946419834
-0.131113413618065 -0.115244649543411 -0.0526084979528538 0.13707054032956
-0.16101544723595 -0.0859440834690505 0.00832685703501744 0.18488902937431
-0.159455610556678 -0.070504346765685 0.0355198649981745 0.228822777915491
-0.0521842395486196 -0.0160930573988188 0.234974620366708 -0.0664117103312462
-0.0438732972329719 -0.0452721503108697 0.175564004510068 -0.0440930858514394
-0.0144670285434993 -0.0468957641025614 0.118092518207906 -0.0261381676620543
-0.00806620799957897 -0.062149740901973 0.100015991374456 -0.075639953067361
0.00297622635932004 -0.0706610402285403 0.0709817371580842 -0.125242079648861
0.0182962855705701 -0.0711282358427715 0.0801623281794907 -0.166992300185206
0.0282779515477733 -0.0788471384140499 0.0881675902777502 -0.200278363819717
0.0334812320690918 -0.100357037263496 0.0618743175706574 -0.222177768468092
0.0258889871629606 -0.112614178002732 -0.0140066270863946 -0.184051663762435
0.0059927870025906 -0.11028207621909 -0.104512164213708 -0.0901355769623579
-0.0362363080636861 -0.109836853624294 -0.140639188370278 0.0258900187715783
-0.064404196339433 -0.0948301927629069 -0.108705782169867 0.0887422166903257
-0.0799339246977428 -0.061450710160137 -0.0203432009238253 0.135201038678983
-0.100772880072851 -0.0448955331033967 0.051304880151315 0.18895569755811
-0.0981664522651587 -0.040768327419299 0.0901822314961638 0.236511061442103
0.00677429218964173 -0.00903070393218169 -0.113736255714923 -0.187223401772045
-0.00157543548708361 -0.00889129162802754 -0.0917621875046972 -0.161122021187078
0.0119138622962315 -0.00499305739414633 -0.0220862254080234 -0.114949082424581
0.0044852677902316 -0.00634967651519397 0.0672887587783956 -0.0628443779937466
0.009637874973115 0.00379884680200551 0.12065387151795 -0.011460330083389
0.00777975190820575 0.00892567092901628 0.0795304231633555 0.0787971527526842
-0.00219646008878628 0.00200248324950323 -0.00706114261700435 0.172391414754114
-0.00228773266251916 0.00330056887742383 -0.0777170830246584 0.205326893119208
-0.00726306639160104 0.000939406020747212 -0.0835351398272463 0.207635276820732
-0.00555074221893723 0.00127082713471658 -0.0634853939252574 0.165184689731611
-0.00374815019197435 0.00378995368960424 -0.0552105419743303 0.12444493512434
-0.00254415156330399 0.00102896733313885 -0.0715566814323972 0.0763532152585887
0.00559248516298589 -0.00175780615314411 -0.0993662266457528 0.0235444489279602
0.00493113541600064 -0.00292689906617049 -0.135097365121071 0.0255474774257579
0.0149759976136149 -0.00157637094526566 -0.214934161040771 0.0475437123139028
-0.0697274992103148 -0.0211017644763306 -0.0985115098054726 -0.192600360928164
-0.0812995912939346 -0.0374992249344389 -0.0796018932442369 -0.159843353851817
-0.0649150837304798 -0.049232759287643 -0.0106185210221427 -0.121472621127474
-0.0634882322463753 -0.0777308648544311 0.0784281546741994 -0.0687301706179264
-0.0332145832094481 -0.0884277610598802 0.130652876291902 -0.0198768468188448
-0.000866622501033301 -0.0853059533541987 0.0897443778581872 0.0671894755324
0.0159944080211008 -0.0927712514905624 -0.00148668064823353 0.163708727710627
0.0265759180566673 -0.0812275667540636 -0.0738228521308986 0.192733632323042
0.0187592496445833 -0.0691708780454456 -0.0868446484083078 0.201161502601061
0.0103679501744599 -0.0539741778619081 -0.0700065100919231 0.167123542335837
-0.000321554760633331 -0.0498212176207566 -0.0611154673237808 0.13294583490807
0.000937166609338552 -0.0491777880268978 -0.0820045174998929 0.0783041135702889
-0.00453227080387026 -0.044883629422134 -0.109721468453666 0.026385249463242
-0.0266437026478525 -0.0480034485723462 -0.139748051562792 0.0325807569878174
-0.0385767096357772 -0.0387281073875771 -0.2120700815565 0.0590211396633107
-0.130269796686116 -0.0303546841950295 -0.0529930703293182 -0.191006277949972
-0.143990241648211 -0.0622172919759355 -0.0385064561739825 -0.15631527480835
-0.126717712205121 -0.0859061386277195 0.0172722476861065 -0.129006801582926
-0.119492997620148 -0.138250812249834 0.0934526439220773 -0.0843048454116873
-0.0701956143915697 -0.166467892644134 0.132727415858668 -0.0463780569352796
-0.00940957467462146 -0.165003903414359 0.0954155454856598 0.0288952928747686
0.0310015608755763 -0.171324339615256 0.00785210784814442 0.119341456603158
0.051862501082415 -0.154136604010827 -0.0581957540274381 0.149177717819091
0.0431076973932731 -0.135513835889884 -0.0812230639224938 0.175758492770094
0.0247766754326836 -0.115401199115635 -0.0756370354706578 0.164760307053454
-0.00231533878848277 -0.113901473241926 -0.070985039401573 0.146836168127163
-0.00783906813051636 -0.109031585378902 -0.0979365486973699 0.0885652136922687
-0.0261477664409514 -0.0922429151596368 -0.123116380061861 0.0410932608817936
-0.0657512486405087 -0.0902362787527957 -0.140881197094601 0.0540980417892053
-0.0913169359481103 -0.0711376912806174 -0.193805273605038 0.0843621022567043
-0.164027206309949 -0.0385615374280657 0.0117119491003101 -0.180167336325695
-0.175625881395012 -0.081272543070571 0.0211613262093684 -0.147884749609526
-0.156175678328543 -0.114365835010334 0.0557842325982047 -0.129473030163959
-0.145326584374111 -0.179462572677693 0.108295380583006 -0.101521855698413
-0.0869329681910762 -0.21660413066813 0.126023106165751 -0.080885407606287
-0.0111262006635705 -0.212670299645626 0.0950068741445775 -0.0261133168848733
0.0410305856316909 -0.217788017822232 0.0206971985451531 0.0507416783286366
0.0682884306415521 -0.204741944366665 -0.0346866238722227 0.0809747132364074
0.0585198516189816 -0.191279470294457 -0.0673092467887967 0.126048175910281
0.0310896322672004 -0.178366754755276 -0.0785754383940189 0.144963687874898
-0.0162211840099539 -0.183450601559631 -0.0799291242476319 0.152176769574648
-0.0376069022206936 -0.171555905749789 -0.112919114544811 0.104433384447954
-0.0667993800865271 -0.135573144402347 -0.127909981645713 0.0678635197334342
-0.113240597507541 -0.120382744747851 -0.129211190433006 0.0884095167142458
-0.137725458489602 -0.0920618567720724 -0.156221498519871 0.121229833570604
-0.167180116308485 -0.0433933640228706 0.0836073526542432 -0.157175357371879
-0.169352861495096 -0.0937306763769081 0.0834539733695809 -0.129410552105387
-0.143324990227008 -0.127443664966122 0.0932444719772651 -0.114758439278728
-0.129826464493271 -0.190820805543411 0.118576899296533 -0.10816683304725
-0.074927465784862 -0.224478861150463 0.113235108210906 -0.110325861899915
-0.00300059619684585 -0.218583501988384 0.0902656985877492 -0.0836511842271433
0.0473701781672254 -0.224669423435876 0.0357039921685819 -0.0288013815436139
0.0750380983095998 -0.22437115648785 -0.0069462805078086 -0.00153601839695944
0.0636063324676323 -0.223924792139656 -0.0488594542530953 0.0530236209405683
0.0274568037100227 -0.221529743127646 -0.0810373743330698 0.0996979394955667
-0.0396189216100621 -0.23194442870946 -0.0903350324987013 0.137814429071746
-0.0775199040594282 -0.212050831110246 -0.120992891116826 0.115167311945031
-0.111640472169217 -0.157684014063106 -0.114818448609497 0.0981288462491254
-0.154610515867902 -0.128870192668386 -0.0955652103701302 0.125818294669084
-0.169925139749663 -0.0980249196228521 -0.0996940116775958 0.159523504633128
-0.142535439619972 -0.0422507524819063 0.146658733554199 -0.125741278392423
-0.133211566040709 -0.0927268997202196 0.130899227372291 -0.100044616418121
-0.0988066438981801 -0.118893580873127 0.116628052162451 -0.0842624343931121
-0.0837888386504709 -0.167057648053517 0.118698960697469 -0.0992527550391971
-0.0429596204265921 -0.189806317180495 0.0975871191790677 -0.124354892588762
0.0107885317652243 -0.184483616545589 0.0849596676009038 -0.126152121279547
0.0489282282642757 -0.195711623246311 0.0534310968901178 -0.0995914174521514
0.0701097468634822 -0.2106222389459 0.0206486552008292 -0.0851529410916394
0.0574425391424048 -0.2213247821408 -0.031379141482997 -0.0331482485339746
0.0180707033283889 -0.224284715162005 -0.0848609181670268 0.0334346170133969
-0.0572845961937308 -0.23386271419964 -0.104030163209365 0.102001519158772
-0.102783601293686 -0.207538383305184 -0.12031857746905 0.113559175422623
-0.135451188212836 -0.147245767663065 -0.0847129271092106 0.120270581034357
-0.171033480382975 -0.114603129001698 -0.045029700252585 0.157010732934535
-0.175910236093375 -0.089053625584237 -0.0313835186928737 0.193085323626517
-0.099314652110448 -0.0334410201252396 0.192637898191276 -0.0894656620135397
-0.085242597698364 -0.0749352854165318 0.155820770196745 -0.0658949013756697
-0.0482471606571826 -0.0879183857296466 0.119698289029852 -0.0488249773513615
-0.0357276624161191 -0.115345449559974 0.107342609763563 -0.0830565851185653
-0.0128102362192157 -0.128514912758754 0.0808533526210521 -0.123562697220196
0.0204112295172608 -0.127220213075282 0.0806123038425349 -0.148935538045814
0.0438573182553691 -0.140414151474225 0.0711083989731047 -0.152490095040656
0.0552499315101067 -0.164038530538127 0.0449110169119407 -0.156351982009426
0.0445017243305101 -0.179467833507069 -0.0182351913455469 -0.113073155476338
0.0103293709187599 -0.180723729155057 -0.0909150382457366 -0.0348095323121951
-0.0547723342966745 -0.184577869351852 -0.11833308568166 0.0578480024341625
-0.0956831450234316 -0.160463516540251 -0.112655614450477 0.0992895335266625
-0.121920331063893 -0.109384671054258 -0.0490201231520725 0.129132192156628
-0.149472964083719 -0.0832963172159993 0.00804294498729616 0.173669949403104
-0.1493132390334 -0.0671483381948469 0.036130564323181 0.21457536797322
-0.0473526587957469 -0.0153371005276371 0.217252742987561 -0.060272682107781
-0.0417294493984792 -0.0422410866092958 0.162701145223757 -0.0400964903275369
-0.0133239868854117 -0.0446200873856363 0.110290002767119 -0.0237144003327262
-0.00781164726372706 -0.0569302821679419 0.0933899932057277 -0.070698270174615
0.00243214534184952 -0.0645968403886671 0.0665480889080389 -0.116622990965973
0.0174085875378053 -0.0663951252001874 0.0761871017343721 -0.154853399199838
0.029193028811457 -0.0728257831609557 0.085243275762216 -0.184357163095403
0.0321356790870059 -0.0927041998171134 0.0611356005376781 -0.205059745429263
0.0252021994704863 -0.104422667246084 -0.011421121164007 -0.170369061277161
0.00734056760786961 -0.103509436634365 -0.0971273190216518 -0.0848145521363607
-0.0335201699119485 -0.102393366933506 -0.130301090832153 0.0225271852236174
-0.0591916266527838 -0.0889756857197264 -0.103233426462512 0.0826217165989938
-0.0743037513076765 -0.0580721277040831 -0.0195391792292723 0.127371605795799
-0.0932125916519436 -0.0437207434888048 0.0485644322907041 0.177992665194022
-0.0923334934329178 -0.0390926697744853 0.087210930226606 0.221480950846647
0.00753054606023806 -0.00819450268148911 -0.107680710627367 -0.189316341228921
-0.00036112972500215 -0.007825542872342 -0.0864575500791895 -0.162273844750647
0.0126784889188338 -0.00487180753480682 -0.0166269343098384 -0.113642698985967
0.00442456974319314 -0.00524033186233793 0.0702175264811386 -0.0597783995682885
0.009526273781579 0.0046432555310363 0.11913977257323 -0.00618280983109522
0.00755905270334139 0.00913207574330763 0.0743098325623567 0.0803103997775423
-0.00279104153807615 0.00308527921536093 -0.0149638099031043 0.167315726975602
-0.0034514996861288 0.00319562384201362 -0.0878309574435751 0.196939833728834
-0.00784056613034721 0.00172182902000409 -0.0926494102463605 0.196715377445766
-0.00591566728642817 0.00117532655353991 -0.0705113507098913 0.157757569051416
-0.00429412707151769 0.00378731050844039 -0.0585079053371649 0.119321894422022
-0.00263957794684506 0.000706748467063089 -0.0717001098272934 0.0726509160749853
0.0050179836018612 -0.00171764678638249 -0.0976259891282334 0.0198147176977124
0.0044060553385527 -0.00209978510843462 -0.131869650906334 0.0190416245952283
0.0142552378694277 -0.00154011828569694 -0.210604334186183 0.0371899943250109
-0.0658840260156991 -0.0237575426239155 -0.0924409991458264 -0.194211529030669
-0.0781055519576873 -0.0398830037606697 -0.0739082912927357 -0.160484736115394
-0.0608251741636467 -0.0522358201205921 -0.00506443281685823 -0.11926955080603
-0.0592335657108617 -0.0785921474332907 0.0821427146603645 -0.0643448887991343
-0.0286476573085855 -0.0877154101001002 0.129226558338985 -0.0144163059012766
0.00361338629568878 -0.084301046115011 0.0850813451598861 0.0691344272848276
0.020393058798381 -0.0896545208743188 -0.00879943587631948 0.159117327579221
0.0293530073304534 -0.0779314111577725 -0.0825945953447292 0.185181058719513
0.0219502406415354 -0.0653506320255949 -0.0957224389930381 0.190291321989897
0.0130450024713055 -0.0520892888301308 -0.077034254143832 0.158966645849769
0.00110306345271763 -0.0477694203874667 -0.0639562983884984 0.126837551770058
0.00299760838570462 -0.0483640108585135 -0.082563692807923 0.074348050866731
-0.00266077896135441 -0.0446655172226253 -0.107941494201738 0.0223833212460575
-0.024623558727036 -0.0475558200992887 -0.136100768756651 0.0259030947800673
-0.0362438159529584 -0.0400763345263461 -0.207595627881189 0.0482256309938898
-0.124697201447785 -0.0360442112842173 -0.0476314920349577 -0.189879394856864
-0.139259531474268 -0.0674909777034669 -0.032812294816789 -0.155085436607315
-0.120010597242705 -0.0919152827118439 0.0226614142619319 -0.125112522620704
-0.111128912643213 -0.140845253368371 0.0974435335824092 -0.0792794042956243
-0.0614574496622953 -0.165975845438509 0.133188866837543 -0.0403787044855209
-0.000683223973657916 -0.162492503435599 0.0920653924380051 0.0313980709361374
0.0389942173395271 -0.165135874560631 0.00227162528795861 0.117238253444389
0.057491047648169 -0.148351190464747 -0.0654201640324003 0.143461162873102
0.0488324289818538 -0.129065858104742 -0.0884114059253928 0.166954065708225
0.0305590109085468 -0.111115561526008 -0.0822632105605183 0.157066210665352
0.00194672305756154 -0.110626772174258 -0.0736188236384903 0.14026768243964
-0.00241236662794267 -0.107415327348963 -0.0991758247839483 0.0834328132892293
-0.022271866281834 -0.0919686234928347 -0.121378979859503 0.036117845981353
-0.060930222541072 -0.0917608684233604 -0.13887559436353 0.0467457812678522
-0.0866968125639668 -0.0745414793155262 -0.190767936169256 0.0745220972087414
-0.15751964290678 -0.0460204849109199 0.0154469676174954 -0.176425762299059
-0.169239035698415 -0.088319725880803 0.0255166745844744 -0.143812433674947
-0.147547784469701 -0.121572532432905 0.0610035377115708 -0.123750837071048
-0.135272568202585 -0.182264092584996 0.113036585329633 -0.0953847661103541
-0.0753736895737189 -0.216068894963268 0.129109999423436 -0.0745746044630745
0.000633213386047158 -0.209535586607422 0.0946790681680041 -0.0231346182643504
0.0524659111635142 -0.210883366121683 0.0183211500633104 0.0512043304415299
0.0760732921608974 -0.196928715119917 -0.0382375944435551 0.0783289971187961
0.0675279923176659 -0.183264751516611 -0.072257560886271 0.11894739540108
0.0401758892111755 -0.172305890736216 -0.0844219564690993 0.138583256347702
-0.00838189399407611 -0.179310277397333 -0.0825180144734116 0.145144242402318
-0.027708196429103 -0.170591806524287 -0.115483822828034 0.098147822462122
-0.0604192674422456 -0.136918075187026 -0.127129065984384 0.0625625617441196
-0.105396417603371 -0.123533142671918 -0.128469944367025 0.0805680864097838
-0.131455351242008 -0.0974142395279872 -0.155409259823182 0.111836579274078
-0.159856589882363 -0.0508204541285981 0.0851658112973073 -0.150765002367579
-0.162691484806057 -0.100014881539813 0.085644716594432 -0.122199078142208
-0.134547425862817 -0.1335680852902 0.0975885677328121 -0.107516455987136
-0.11961997060914 -0.19210007988835 0.122823805773682 -0.101453496681858
-0.0636350471952895 -0.222332073919554 0.117791072343657 -0.103808562496575
0.00895786358765631 -0.214693783606353 0.0929339108057804 -0.079265688657407
0.0594116439012764 -0.217309337916296 0.0373992586246391 -0.025256261312648
0.0832661801114602 -0.216103825761866 -0.00684625388173857 -0.000991439067076842
0.0744014837506693 -0.214874941143259 -0.0512337144905902 0.0490969753331517
0.0390593184062151 -0.215166568433541 -0.084559562323112 0.0936939007475143
-0.0291187150324646 -0.228784788241892 -0.0921921459286986 0.130539749939323
-0.0656518441326592 -0.211887602126926 -0.124140714068248 0.108134654109206
-0.103045651623336 -0.160495855825923 -0.116056229971759 0.0929630936106581
-0.146175011123773 -0.135607758064754 -0.0978688173401785 0.119022015248651
-0.162859735661297 -0.104336486074541 -0.101128847976207 0.152527771997216
-0.135312424768499 -0.049247468865143 0.146836899979918 -0.116997003517282
-0.12757335416765 -0.0973833779809053 0.131807469378349 -0.091781222329768
-0.0915856601969601 -0.122976889300137 0.118798523886944 -0.0764942978718387
-0.0752024116852376 -0.165859600053417 0.122136432901736 -0.092828758686118
-0.0344592074220479 -0.186733259641442 0.102111206502827 -0.11830516194392
0.0206033272633925 -0.18059172950726 0.0894219674186807 -0.120866522162945
0.0595920352471895 -0.188875955637948 0.058192376664092 -0.0937531055795107
0.0778981186633356 -0.202604523486447 0.0253226060725069 -0.0812430412672724
0.0685845372796257 -0.213158295853059 -0.030159485398705 -0.0331348615619938
0.0303064307328723 -0.219152037709257 -0.0851154288710956 0.0291441698642371
-0.0461347113726594 -0.2314661469748 -0.104128725649051 0.0939695857886181
-0.0904456374837752 -0.209308296987186 -0.123908289734501 0.106931329052878
-0.127258145833918 -0.151664770283404 -0.08720046153922 0.115743832576187
-0.162749225096587 -0.121968061613468 -0.0495388148025306 0.152181165105324
-0.169386170172726 -0.0949060071306981 -0.0352795968162503 0.188533886132684
-0.0939642000944769 -0.0379438606501358 0.189945919353229 -0.0791369020635502
-0.0806385616097673 -0.0772712240398219 0.154737825806194 -0.0578667718014969
-0.0432997710582849 -0.0895327019126993 0.120544378981974 -0.0417446981382387
-0.0304917890831318 -0.11316976120641 0.109743198026672 -0.0776006565553087
-0.00735191781229086 -0.12487870117092 0.085091101291083 -0.117693578162602
0.0263880547336681 -0.123835552641987 0.0863934432705309 -0.14235014999637
0.0511354057106633 -0.135517211727076 0.0786542812826733 -0.144892729506091
0.0616557215199576 -0.157350491406157 0.052919531918938 -0.149367957947621
0.0529516710389007 -0.172926631720738 -0.0130171653687394 -0.110077065897266
0.0202664519983665 -0.177220752808036 -0.0875301078766207 -0.0376382595637216
-0.0458423091030738 -0.183410231335766 -0.116896236177863 0.0504185392385479
-0.0858717178941334 -0.162971279297725 -0.116015810775275 0.094139054682981
-0.11528156977478 -0.113182843048061 -0.0525045828840155 0.125682002175061
-0.143194511568468 -0.0898904231416636 0.00216872424932106 0.172007372898022
-0.144619597215744 -0.0723910194970398 0.0302552839563662 0.212430521600315
-0.044236460059764 -0.0178795077428485 0.213298542837266 -0.0493016002886781
-0.039738033805351 -0.0428637620062083 0.159879865839361 -0.0331737855323941
-0.010989711839277 -0.0454233458654535 0.110587791007306 -0.0173835111263735
-0.00498910436564547 -0.0550289088686583 0.0947111203881852 -0.0660796293763979
0.00474579785973679 -0.0618348104052582 0.0694450343898028 -0.111006998281689
0.0201122538202208 -0.0643836690064016 0.0826381047263946 -0.147390809998481
0.0337607680242563 -0.0705905086090752 0.094056222304189 -0.175262696633378
0.0354011506442135 -0.0887986061933788 0.0724247932735001 -0.196634790599259
0.0298661248996119 -0.100684816649737 -0.0030432005229836 -0.166023860442122
0.0129365159232756 -0.1017447950693 -0.0909903429306295 -0.0875922780830559
-0.0285560053814743 -0.101469332290544 -0.127758211867227 0.0150586050521539
-0.0533857105184318 -0.0907542872961969 -0.106148942995011 0.0776219568201818
-0.070281699409361 -0.0607313877217562 -0.024294768052495 0.124948768411406
-0.0895802490709378 -0.0487589236804406 0.0417654705501772 0.17828684776559
-0.0903715309837332 -0.0418997140230885 0.0801371405977561 0.221641167134211
0.00850147143378717 -0.00799146155194812 -0.11001640806736 -0.20142402776308
0.000706550609016457 -0.00799398862411534 -0.0881779351676843 -0.171508131356775
0.0139254126432021 -0.00530197427346162 -0.0138818015352997 -0.119590041053295
0.00457742994546959 -0.00407993281300958 0.0765645367683398 -0.0610220640214469
0.010275317865206 0.0051489265280128 0.124833614610074 -0.0029686966835023
0.00767160037564125 0.00917705056978604 0.0749185185995699 0.085793824888219
-0.00354130149817028 0.00420819627838067 -0.0220272528734173 0.172291596261612
-0.00405653527141453 0.00370256714007064 -0.0999308642071566 0.200985936140702
-0.00859576538548115 0.00298775537895776 -0.104985654674804 0.198432451280478
-0.0065679211660841 0.0012550931350117 -0.0794186468370062 0.160433655698234
-0.00506253869686904 0.0037678736642357 -0.0629450622772686 0.122029111036098
-0.00305441882365227 0.000872795575334057 -0.0755520449612128 0.0743634353376433
0.00503294376808581 -0.00184784767093352 -0.10219189409388 0.0188837761089218
0.00392521048993304 -0.00109380024724916 -0.136025959210773 0.0152045602037169
0.0145261623992797 -0.00136418700118265 -0.217533359560867 0.032702783375733
-0.0671829700774253 -0.0275159726069858 -0.0940759896610279 -0.205679677648997
-0.0799636108381601 -0.0444994376028984 -0.075227742885443 -0.168803622759115
-0.0616281034309521 -0.058093546284337 -0.000956426852860704 -0.124602595959746
-0.0593153591328013 -0.0827655815729482 0.0893288173263926 -0.0659952199822843
-0.0267353920502806 -0.092402732220622 0.136325665422294 -0.0110198066094902
0.00751778083963574 -0.0883488246448969 0.0864933710081603 0.0734546655836432
0.0248601118369459 -0.0915744612239866 -0.0150557824735643 0.164740185466074
0.0329009477898464 -0.0802934933918616 -0.0944885898522409 0.189716120194684
0.0258457094452314 -0.0659161317104529 -0.107503697191329 0.192569128567471
0.0154305536939222 -0.0529912860215883 -0.0864240809211207 0.161700042531217
0.00218016994549847 -0.0492599605311758 -0.0690922143118815 0.129122079589905
0.00499046602015305 -0.0503580651269847 -0.0872827918828027 0.0755923965888054
-0.00180670699715597 -0.0471183155625334 -0.112180957898116 0.021571101533344
-0.0246399248639169 -0.0502727923770258 -0.140362675759389 0.0223010691425033
-0.0372786745217661 -0.0432067891535903 -0.215102475508115 0.0437881552748516
-0.127820077150326 -0.0431620332816431 -0.047855581467831 -0.200108324809212
-0.143213673702158 -0.07506429258011 -0.0318993944918261 -0.162077868387225
-0.122014951482971 -0.101862641243267 0.028588687082266 -0.129644348604793
-0.111365781191332 -0.149637229221018 0.105524819360158 -0.0808112484725221
-0.0586317842475096 -0.174851426652173 0.141441578533318 -0.0384943829642406
0.00629224811169349 -0.170146517503019 0.0950764345772916 0.0341577147525989
0.0477366216152706 -0.170564842841924 -0.0014302499818039 0.121417581813093
0.064541310022833 -0.15235397736202 -0.0738636899897964 0.14702208817891
0.0565571553232045 -0.131258274214192 -0.0988495952175816 0.168377594946833
0.0368350387706325 -0.113993317089633 -0.0919036944848457 0.15979097549548
0.00528823778653911 -0.114349305887796 -0.0790323798965423 0.142872040455239
0.001301237420925 -0.112731911711361 -0.105798304375563 0.0851518086727025
-0.0206919310305869 -0.0975652204728141 -0.127021466420321 0.0359647220054148
-0.0613175316511517 -0.0977940720342413 -0.144177572856918 0.043864978721178
-0.0882735912623988 -0.0806363687389741 -0.198628126941766 0.0712602453058056
-0.160762517885622 -0.0548496147999956 0.0175242649038017 -0.183192058896819
-0.174676903315067 -0.098669861408321 0.0291215443550944 -0.14849513883775
-0.149960574889542 -0.133700756774641 0.0688184948197988 -0.127014646015097
-0.134886813650053 -0.194094004641765 0.122504073011367 -0.0970330442285471
-0.0717801882337246 -0.226911410381611 0.138267111162695 -0.0747116463828608
0.00878197517432948 -0.219123327897997 0.0995884910329777 -0.0225460267311464
0.0635340750007145 -0.2172784245877 0.0176314947931111 0.0536213797209089
0.0854445180439782 -0.20208999498694 -0.0424414259001929 0.0806410326351214
0.0781800620710558 -0.18736213659688 -0.0805952852524719 0.120831616973507
0.0494995884837717 -0.177480279620268 -0.0936690274398152 0.140904333184597
-0.00383578494347333 -0.186105161957217 -0.0880524095569953 0.148125214262416
-0.022929340112564 -0.179828129771063 -0.123757675389686 0.0993530293735812
-0.0584505185394925 -0.145555468350053 -0.13370567685541 0.0630977292877693
-0.106239041698445 -0.133569279555427 -0.134519972912156 0.0794805948307097
-0.134244008900411 -0.106046230590179 -0.1624179315526 0.111555168017123
-0.162600650916845 -0.0598393038494879 0.0895949520619396 -0.154112015367364
-0.166783874359718 -0.110327398667398 0.092116695220559 -0.124443605377659
-0.135922313631933 -0.146036620367151 0.106782325679271 -0.108404638877155
-0.118608669564375 -0.203808035453299 0.133155706846268 -0.103591006773511
-0.0593615668859628 -0.233067761696881 0.127362985362833 -0.105610108572179
0.0181766180074338 -0.223972285801625 0.100243685349695 -0.081755681866019
0.0711442410448831 -0.224047018402595 0.0405360422713877 -0.0249096308331592
0.0935968532953105 -0.221411921713416 -0.00637196124366179 -0.000221447451845182
0.0867387822471056 -0.220625079236003 -0.0558868160332132 0.0498185627573264
0.0504943928410583 -0.223020705661441 -0.0914155306446281 0.0953741397296805
-0.0233126702826192 -0.237823444439379 -0.0973533631120178 0.131349532356972
-0.0600961836008268 -0.225051034204291 -0.133697276677898 0.110657279579041
-0.102760795656496 -0.171871033642864 -0.122430171997491 0.0946952113126627
-0.148371157617679 -0.147262158489688 -0.103944095121096 0.1212782321177
-0.166854246670726 -0.114507558768496 -0.106830537311468 0.155976149606526
-0.137077836865615 -0.0574383327101164 0.15294097445843 -0.116221097444692
-0.129994675109334 -0.106415040289805 0.13923033227523 -0.0908068571487487
-0.0917718912010591 -0.133139871590157 0.128487606463741 -0.0752901178784265
-0.072828952437906 -0.17450845382917 0.131352647447314 -0.0943627072913344
-0.0298533433602696 -0.193689123576016 0.111461417889419 -0.120795841810163
0.0288098374909221 -0.187671738594273 0.0980264492333332 -0.124390224630521
0.0703712225317577 -0.194665175800325 0.0655204831681326 -0.0952004711424782
0.087359546721221 -0.207362489241561 0.0303432740335265 -0.0822273375787705
0.0805629254356899 -0.219033895355477 -0.0309300132363351 -0.0344651315945103
0.041453034259891 -0.228090711098242 -0.0904649337534119 0.0280523980579785
-0.040741226831893 -0.241943768425323 -0.108769507587832 0.0931794982900645
-0.0862122833936702 -0.223050969825997 -0.133483436177743 0.10892371363087
-0.128192389758635 -0.163567712929936 -0.093399688580446 0.119274381694142
-0.166318225665945 -0.134743841439636 -0.0551980611161522 0.157546818014854
-0.174307925316887 -0.105040084797792 -0.0383826744268872 0.195544198071999
-0.0945843761612245 -0.0441527637032403 0.197438240258767 -0.0762239432626401
-0.0819655400890811 -0.0832217684780119 0.162211352962681 -0.0554296060752195
-0.0424583919884443 -0.0959247184027174 0.129283736809068 -0.039391951672886
-0.0274985597650083 -0.117598060789822 0.117731837628481 -0.0787017058685186
-0.0034513692092576 -0.128655022092839 0.0925632968050324 -0.119679069761165
0.0316014191405243 -0.128419018784977 0.094948001398251 -0.145431694317278
0.0600857021088822 -0.140094227957353 0.0880630490593338 -0.147463894805708
0.0692863400516475 -0.161584316145037 0.06258346923325 -0.152813625082403
0.0620981629867318 -0.178118923228615 -0.0097504382771152 -0.114165143290604
0.0292666315091721 -0.184977142229067 -0.0899834237837495 -0.0417582919246577
-0.042439061599227 -0.191589369739857 -0.121060065199946 0.0468141165146142
-0.0834854917578318 -0.174249506133426 -0.125213634111266 0.095203367353487
-0.117071839256618 -0.122831477094211 -0.0582715097950065 0.130572318699357
-0.146796835377005 -0.100623433731712 -0.00187774985994439 0.180287173140054
-0.149332966334466 -0.0799026044320121 0.0294848006314044 0.222345628173502
-0.043606519452872 -0.021081638547951 0.221502311587598 -0.0440191175409903
-0.040259284129701 -0.0452918588307088 0.166755646411014 -0.029527832381997
-0.0101774863514634 -0.0484047150399604 0.117468594983229 -0.0152947666699463
-0.00287820733651896 -0.0560646992907282 0.100842378989391 -0.0674388155696593
0.00697533288980525 -0.0627109954770597 0.0759001860061883 -0.112557652530179
0.0225812792965466 -0.0667573344663436 0.0916032141371919 -0.149865445389065
0.0385392051196776 -0.0734642732030642 0.105575909126426 -0.178177449971348
0.0400310755692384 -0.0908041212109167 0.0845784845247251 -0.201409318078007
0.0348704481820943 -0.103896196282246 0.00318091007293091 -0.17116648949426
0.0179480636522309 -0.106415310456917 -0.0921170746329568 -0.0939515631398089
-0.026698234210496 -0.106468139544356 -0.132118562751566 0.00964322588261951
-0.0521956798229164 -0.0971232177908615 -0.114734586848543 0.0780299266355997
-0.0713078266901957 -0.0664957700130159 -0.0296260622541004 0.131251676396488
-0.0928497942587675 -0.0555245700631516 0.0398936504886129 0.189355224320621
-0.0940102679163856 -0.0458279076261967 0.0820164439101742 0.23377287557446
0.00614423436399669 -0.00715645683997473 -0.0760069544087656 -0.232427959971127
-0.000387358016152807 -0.0071704451619497 -0.0629589627480323 -0.197331775149916
0.0141849481082277 -0.00420350024284195 0.0100648538734202 -0.128380437443055
0.00475640774942297 -0.00330626241642272 0.0948404709347438 -0.0511774241874572
0.0104199297135935 0.00489530170274938 0.13361439716563 0.021222272686085
0.00730162632421129 0.010517623163352 0.0627685925474061 0.104493155220622
-0.00434500621435173 0.00566432106810459 -0.0583258760836048 0.17723482593897
-0.00562674213587259 0.00500762316099079 -0.149835019742985 0.19000015333689
-0.00935755561975083 0.00248689609732413 -0.152521692591831 0.186139488069967
-0.00810123078154355 0.000820731274593466 -0.115385714225764 0.152821649398019
-0.0073601599632548 0.00380339373602005 -0.0881514625447597 0.115318369098046
-0.00464059337463256 0.000146896301891255 -0.0928831219381218 0.064128556770909
0.00446154402305743 -0.00195179449551861 -0.111122899595473 0.00166499831278288
0.00174877154287908 -0.000314312636539396 -0.143275239474615 -0.0111702525273618
0.0133158025730391 0.00205427556791867 -0.234371275303788 -0.0129463257766674
-0.0672737626891113 -0.0451843296778655 -0.062143542053167 -0.235355236908921
-0.0759917269357165 -0.0620117281085946 -0.0511640417041446 -0.193508884875329
-0.0521149415096676 -0.0755037433549079 0.0202025122747356 -0.134689561693418
-0.0444407305058175 -0.0975387464630571 0.107848809884284 -0.0600491516518167
-0.00677893810965929 -0.103097079317491 0.145518657619649 0.00895206418150729
0.0296585048388788 -0.0916784430702839 0.0776632983250947 0.0914591589132021
0.0457643104532503 -0.0880185707391141 -0.0463409034450511 0.168677092897126
0.0529619018509796 -0.0735203490007829 -0.139783224725048 0.179882948857703
0.0421032697635145 -0.0617239615948637 -0.153563748335488 0.181649294068755
0.0275621279445658 -0.0510429288603561 -0.122921592052613 0.154142990250393
0.0129094104378055 -0.0495793511770554 -0.0956217678892249 0.123726699357255
0.0143018090324204 -0.0521052893378417 -0.105170637794452 0.066638282591906
0.00771256440767849 -0.0511793783612197 -0.122294397374943 0.00469993874015362
-0.0174095703175336 -0.0589229911426758 -0.148164315878689 -0.00223493323275544
-0.0324272799630552 -0.0550737701956313 -0.232208579678466 0.0028909383229827
-0.125000819478633 -0.075883278323921 -0.0179175774853962 -0.220760132157026
-0.135116129522256 -0.108313980492011 -0.00819090547749744 -0.179152321556689
-0.104703648529579 -0.134731056230996 0.0488125527635448 -0.136672754841968
-0.0849338536081825 -0.177338364390116 0.127015324059149 -0.0786248359559007
-0.021965080427932 -0.195700496927291 0.15468232452238 -0.0239240057256113
0.0459231222575085 -0.177634254306501 0.0948650628693738 0.0488629814581155
0.0868123778606839 -0.165496512177598 -0.0203316738621468 0.125063390129264
0.103451984710635 -0.141210574755461 -0.108751269356297 0.139819844161394
0.0897231375239736 -0.122777459804163 -0.138965266033171 0.159734033952413
0.0640084295783486 -0.109975725983009 -0.12739222395884 0.153024776502729
0.0318056166853974 -0.116972822715569 -0.108783357647802 0.138287049275018
0.0244093464468652 -0.118978943483541 -0.125432714367746 0.0763163585470375
-7.5491364684814E-05 -0.109022910774128 -0.139342533206431 0.0182837226414189
-0.0448621872123151 -0.117348778440472 -0.15386359962744 0.02142324134445
-0.0782826437639852 -0.107397699553402 -0.21811795937153 0.0388054646585919
-0.154151703311357 -0.0964860583810151 0.045539708236895 -0.190444317711022
-0.161290763177515 -0.139586293733131 0.0527417673368957 -0.15358499591139
-0.125901939919544 -0.174463681821784 0.0898472096836019 -0.127676166715434
-0.100186969673596 -0.227948126722176 0.147989095508589 -0.0964066931283131
-0.0256743292893876 -0.251827276881764 0.157305584959326 -0.0656653665959826
0.0593518657862091 -0.229043964760561 0.11135135485004 -0.0118120094192848
0.113320151058314 -0.211261574161497 0.0160000451137129 0.056725924547077
0.137367847608948 -0.18888126366165 -0.0618361813085698 0.0763866803414168
0.125080483302947 -0.176257107120381 -0.109544442487351 0.115243997505002
0.0924725671249407 -0.173712680349918 -0.124747954390585 0.135063239324681
0.0399370796100431 -0.194782396894058 -0.118782313089309 0.14429052468136
0.0131859954955719 -0.19586975329637 -0.144848074823435 0.091850616238186
-0.0281940305062827 -0.16945024357418 -0.150198395391855 0.0470906581833911
-0.0846810600655506 -0.166163758471016 -0.149591703759371 0.0629966520809869
-0.121291658860358 -0.145943278088881 -0.187494064313712 0.0915431863310541
-0.153330148472363 -0.10347386299507 0.114162702315595 -0.145155221860217
-0.150441052730148 -0.151293713622526 0.115097036398529 -0.116354286548045
-0.108616534628615 -0.184189329049845 0.127088230513416 -0.101683112640661
-0.0813334314338326 -0.234314064483153 0.162022754513366 -0.100734839048355
-0.0116885284093356 -0.254484697635776 0.152334142575978 -0.100596216272396
0.069158889406423 -0.231611286653334 0.123963442343983 -0.073745279482112
0.123084731688147 -0.216960989950143 0.0565092123940372 -0.0220311639564727
0.150053257209052 -0.207191389530289 -0.00549740069298057 -0.00145230045650052
0.141997986456202 -0.209252964529672 -0.0690814342829209 0.0462539030991742
0.104199269930897 -0.221893566013801 -0.113066350761152 0.0887173215702102
0.0313091003414042 -0.254842715506416 -0.125060247776834 0.126539602883775
-0.016668170868347 -0.251559791281895 -0.155507142570574 0.103020835188322
-0.0687056933802337 -0.207852631546708 -0.144301803746429 0.0836099389988261
-0.125051277921393 -0.190338478881238 -0.124303988932876 0.112945398322408
-0.15408563622897 -0.162514241373699 -0.137059483989105 0.151094965759921
-0.12603644722441 -0.0957295494371095 0.173053321268784 -0.0929231146587245
-0.112807545426885 -0.139414635664231 0.15882489716607 -0.0720382597246273
-0.0655809918365235 -0.160690174553899 0.146560699112205 -0.0622114773439332
-0.040505994145415 -0.194509812639579 0.15951928874873 -0.0889927724795792
0.00959667532862072 -0.20776377479466 0.139719563781413 -0.117026307754838
0.0712130636928177 -0.192026011014617 0.13047504098587 -0.117461490477774
0.1159566981009 -0.187053945087445 0.0965690027647844 -0.0905575843585041
0.141198726309539 -0.194843207807862 0.050728615991497 -0.0801691626936198
0.134911016124282 -0.210101007820024 -0.0253227606587375 -0.0368855732099999
0.0962831318693943 -0.230584868543952 -0.0979952503408255 0.0180038209905036
0.0143176297377011 -0.264249079712629 -0.129071703041264 0.083572431424645
-0.044862861274552 -0.2561182736068 -0.153672436494752 0.100594894535168
-0.0969364367287941 -0.204607635622644 -0.117840092129571 0.114889490983505
-0.147365031768721 -0.180754477820865 -0.0797852759148027 0.160600855933897
-0.164024355944647 -0.153555825109568 -0.0723408980735225 0.207306583668248
-0.0831777089497279 -0.0728206675115923 0.213422682335465 -0.041533332973796
-0.0670998606927632 -0.10550667255623 0.177352238118137 -0.0300218444178118
-0.0223223408206949 -0.111369789170793 0.142895329510078 -0.022440952104961
-0.00481723064654945 -0.126551729814524 0.142506530305276 -0.0697311639203826
0.022300762809481 -0.134057145994525 0.121049319840581 -0.115194181249347
0.0600418573380607 -0.12922490327512 0.131621640392312 -0.138091053069864
0.0932783167891625 -0.133211421166916 0.129571987840006 -0.13968663504761
0.110649719011353 -0.152101691650054 0.099478432946111 -0.147598708538144
0.106572057657159 -0.171825231555569 0.0130329925017744 -0.11742017809731
0.0732751707319323 -0.189055022235979 -0.0848992211805105 -0.0570850696299201
0.000545690618110569 -0.211961499163572 -0.13367056620785 0.0308964378185208
-0.052039684546425 -0.203662284590704 -0.143674734239234 0.0848909872932
-0.0944709191322552 -0.158833153743285 -0.0835459048754241 0.132271297299047
-0.13461223137246 -0.139463106826612 -0.0287603468240116 0.194777138061625
-0.14270954720594 -0.11955979763858 -0.00658954016785561 0.249125245814039
-0.0359785218662209 -0.0372552278873318 0.23356767274268 -0.00197667543906941
-0.0312803694635803 -0.0572167481206899 0.178066639599094 -0.00108201907651124
0.000364551927011209 -0.054677632475418 0.128034092786967 0.00294823627194675
0.00791435627963362 -0.0589113469178053 0.12189410470396 -0.0567604611868362
0.0192140106449109 -0.0638268739495118 0.1017315282252 -0.106925101554758
0.0367552639838956 -0.0667986349986788 0.127363520748397 -0.140877298418851
0.056498158270786 -0.0696366828531187 0.152410693123018 -0.167850874247698
0.0631502997993365 -0.0861289925162968 0.133105016029644 -0.194039840048371
0.0606056553063573 -0.100584746580099 0.0383078434629185 -0.176913229067164
0.0423443190588278 -0.109261503815824 -0.0778772249627967 -0.113904520129277
-0.00309985961418427 -0.11876388548377 -0.139107783083437 -0.0131612216800207
-0.0359611466551487 -0.114865504023482 -0.131965632049861 0.065198391164392
-0.0601612085606608 -0.0873945662575031 -0.0545351595636749 0.136323070767499
-0.087159323330144 -0.0785486023757193 0.0105393967806623 0.209960269217266
-0.0900116091873577 -0.0689799213822868 0.0439555816658418 0.268725392146879
0.00624695659027149 -0.00776848058121185 -0.101405846018508 -0.232271601819762
-9.51967645421166E-05 -0.00723715346310394 -0.0836689528648238 -0.195602717515934
0.014421139617426 -0.00649900751395234 -0.000104792873692657 -0.132952650645847
0.00538670732485008 -0.0026237507400732 0.0936230943877971 -0.0621686725241169
0.0119646248873299 0.00394883096472296 0.139275736086407 0.00977341227882991
0.00820308521822411 0.00983271985431769 0.0732684279217114 0.100159840203569
-0.00385389339786918 0.00767946938457463 -0.0464306608724839 0.184659480705365
-0.00580116500888897 0.00618186386806329 -0.140834388729754 0.205940456447161
-0.00880776090254338 0.00417248205050096 -0.144243306720443 0.199985196597491
-0.00859661932633731 0.00163136970919538 -0.107268574071598 0.164496970252276
-0.00720215610640719 0.00468531111843316 -0.0793508314361342 0.125003240329933
-0.0046992082405039 0.000151676202631074 -0.0888559902057398 0.0749677494865888
0.00406028467285411 -0.00277987002827191 -0.112680610414305 0.0131615484802248
0.00139434657707988 0.00058188677168405 -0.145898574194454 0.000688936572973616
0.0136480098354481 0.00107651905091138 -0.238554731775535 0.00588569068701914
-0.0719528656048908 -0.0415916839424408 -0.0879991269006309 -0.236358737303088
-0.0832286883530454 -0.0577105403353623 -0.0712298903722056 -0.192935461492064
-0.0600073133239771 -0.0749979139060649 0.0103761494502373 -0.140317617910809
-0.0526090882592529 -0.0958520109130859 0.106595246648807 -0.0728938908059152
-0.0147117045267317 -0.10554054018616 0.151022124945195 -0.00373713971984814
0.0227780782698708 -0.0972296171888787 0.0870268028270432 0.0855336604677421
0.041350502059612 -0.093399266007489 -0.0349278938784842 0.175624569671875
0.0481115749267729 -0.0787425555677392 -0.131546756346262 0.194453807255902
0.0393964888655221 -0.0649986437962967 -0.145157706130744 0.195597479717962
0.0244489323373088 -0.0535469342361559 -0.114225699975557 0.166451034553031
0.00884010716436115 -0.0510566517527845 -0.0865444171956819 0.133563957070091
0.0107956028421214 -0.0551954943634145 -0.101555145576599 0.0785146980389784
0.00335604467864402 -0.0535155012871681 -0.123604869328275 0.0169427948197815
-0.0235957229978543 -0.0583049863639217 -0.149714324896518 0.0101095988896663
-0.0375824256025006 -0.0534748494226995 -0.235176302186634 0.0221484149315359
-0.133456375593786 -0.0694876143912612 -0.0414255788139114 -0.225022371622375
-0.147791233615624 -0.100439786992785 -0.0257421070253317 -0.182030803648582
-0.119163679551242 -0.132369822430401 0.0402394498394366 -0.144847818858126
-0.101011314941355 -0.174967731948632 0.125583950528723 -0.0935819574375193
-0.0377495637151784 -0.198836430022031 0.158361820124622 -0.0384781348706555
0.0339109773754519 -0.187339882893707 0.101210653186185 0.0402904544791169
0.0777788204989182 -0.176290700474291 -0.0115048288833984 0.129222350689171
0.0947909126316601 -0.151975464638377 -0.101801595135305 0.150884792526976
0.0837473246435233 -0.131893847083397 -0.132630519540222 0.17326023954183
0.0574415411348398 -0.117180271566828 -0.119437632341418 0.16642728732518
0.0221501535160808 -0.120722954772096 -0.0980367893011062 0.14897780102864
0.0158267406539484 -0.124861090540978 -0.122243225357855 0.0901525222401415
-0.00987386890669313 -0.11267656350206 -0.139600870033306 0.0328279943881688
-0.0562364199510425 -0.116371369090481 -0.153974075772007 0.0348353286031351
-0.0890035172644127 -0.103686644485847 -0.217934100125172 0.0571139844441518
-0.165467774628388 -0.0887237854343576 0.0261372679058259 -0.198840521212385
-0.178334843613846 -0.130683563464491 0.0399146310307863 -0.161026214649967
-0.144659060114152 -0.171378951351863 0.0834879987214456 -0.139231654816347
-0.120234282158887 -0.225061270694473 0.145507089004228 -0.113647172479104
-0.0456752308971468 -0.255847772716596 0.157951864330414 -0.081946011262284
0.0437195015701368 -0.239940650112692 0.113326221694561 -0.0236691538189673
0.101517240401878 -0.225533927320944 0.0206633870002595 0.0565420688966565
0.125317542006416 -0.203171771004403 -0.0578626142714871 0.0826023850416679
0.116665182880233 -0.190442246910441 -0.105356790282595 0.125792621302303
0.0823099883996284 -0.185686424527514 -0.117570536259215 0.148797441676169
0.0247168019734513 -0.201072037336053 -0.108061798198951 0.155779262583914
-0.00138495837020736 -0.203153728041585 -0.14187298015211 0.10761086080995
-0.0436329189537558 -0.17224301716266 -0.149036042503427 0.0626412714936712
-0.100960299961425 -0.164026849202007 -0.14582324660061 0.0756004171839668
-0.136687014177534 -0.139364154842018 -0.180578856510259 0.108660510238166
-0.164454032120076 -0.096919358451858 0.100835518512329 -0.15756678051982
-0.167587947712091 -0.144019019064442 0.10706661845116 -0.127754558507647
-0.127696472311795 -0.182273916361784 0.124191719431573 -0.115711208248518
-0.101630624881038 -0.232988771499762 0.158932709552529 -0.119245749502138
-0.0317650356769267 -0.259695182549866 0.150115155714945 -0.117889201309863
0.0533790209598261 -0.243876539979139 0.121418457211267 -0.0883489905745401
0.110809760404316 -0.232742204345867 0.0565096812718063 -0.0265557042760806
0.13718361360021 -0.223070429013598 -0.00540402247983437 -0.000646805363357646
0.130442768767891 -0.226133781588322 -0.0685119411268934 0.0537266424083771
0.0912921728250352 -0.236540921214222 -0.109383386014614 0.100773341538672
0.0116866689464109 -0.262370718068229 -0.115838624176361 0.137227169356517
-0.0366724473598422 -0.259034139562163 -0.151853283992399 0.120394320698124
-0.0880275179061932 -0.208414554937368 -0.138915348778989 0.0990504843199579
-0.14538703160629 -0.186108196881707 -0.115911955950379 0.125785996792386
-0.171220712598851 -0.153626391833766 -0.123915260710432 0.165974253154263
-0.135787730182257 -0.0910444193145144 0.166514229206425 -0.108481781889022
-0.127127976561109 -0.134732343657645 0.155962494789937 -0.0862584354949897
-0.0807990637354576 -0.161574710530615 0.147529085285281 -0.0771253125555209
-0.0563412893657539 -0.195305393496322 0.157556624232113 -0.107221020279094
-0.00632220423069823 -0.212148483418261 0.135575052729375 -0.132881817584866
0.0582299632816365 -0.202437600486096 0.124792502941363 -0.133058289714266
0.106022873112203 -0.201409998000073 0.0924932608190456 -0.0995335156448192
0.128419477692536 -0.210204665121233 0.0467372959379971 -0.0855274569951541
0.123442845579335 -0.226743521044052 -0.0296625579298993 -0.0344374702596376
0.0817404057866127 -0.245147828410628 -0.0989761461557156 0.027290845235088
-0.00613225722762122 -0.27105043996976 -0.123958667384966 0.0932132191566752
-0.0660819187685251 -0.261713004048302 -0.151217280398022 0.117486471320089
-0.116672578016041 -0.203056963396321 -0.110348756718271 0.128929902940073
-0.166621091186635 -0.174791100715087 -0.0661268179050083 0.171960548314679
-0.181107247462442 -0.142875872943647 -0.0524996355931303 0.218740115831081
-0.0899756307891837 -0.0704870561304175 0.212046787404801 -0.0591869294081848
-0.0774573250820652 -0.103128778225342 0.177776467989327 -0.0453970078668207
-0.03278927358056 -0.113524616945961 0.147304798367191 -0.0368049067658715
-0.0147223058263296 -0.128241360979478 0.140597502897734 -0.085992985928077
0.0126635638631213 -0.137652752793372 0.115158739733255 -0.128851078499125
0.0512071359871318 -0.136963406240119 0.124333229778018 -0.152997438762299
0.0864149608371461 -0.144445455734673 0.123288582714079 -0.152747135348365
0.101250570631026 -0.163927615486536 0.0916438022188676 -0.1589016641285
0.0962925411779652 -0.185376302031653 0.00361647906962921 -0.119317080463286
0.0614937600182528 -0.201090514481452 -0.0913202962675299 -0.0509175390435995
-0.0161165560776276 -0.21667505157297 -0.133644320864089 0.0395460465805064
-0.069358580941217 -0.206497207990955 -0.142054144266906 0.100398836818778
-0.110724099154268 -0.156514780950389 -0.0736313774486465 0.143919738922537
-0.151206354849485 -0.133568647211799 -0.0109704158306578 0.203413493391792
-0.155876705080429 -0.109975986689732 0.0184795401406068 0.255404411260013
-0.0387463984296331 -0.037458492036098 0.236112779237765 -0.0208530600806947
-0.0363952276109358 -0.0560191088680765 0.180469310077106 -0.0172266901755588
-0.00472623915645578 -0.0568259868728327 0.133719184038142 -0.00964340306299429
0.00426774418875884 -0.0601873872756402 0.119667857292204 -0.0706166365152258
0.0146987601930992 -0.066100348208013 0.0961710498545311 -0.118098352371302
0.0311893989700366 -0.0709161927177588 0.120349442839542 -0.154809247675835
0.0533523964588506 -0.0764604148050036 0.143929044504268 -0.183734307484023
0.0579765672496007 -0.0928401643182344 0.122593387296471 -0.208248461265577
0.0546167339056749 -0.1084826004004 0.0253694020945963 -0.181909572715925
0.0352683580943962 -0.116770429939848 -0.0889457762375513 -0.110101536061938
-0.0124330643002881 -0.120967718580022 -0.143751902141476 -0.00473176681743759
-0.0464748865071378 -0.116246698429395 -0.131349736961985 0.0784758477134755
-0.0687074748590144 -0.0859086877009336 -0.0443814351440615 0.145879625312805
-0.0978169709600811 -0.0742614629336773 0.0316963096610289 0.216561479379073
-0.0983560991986862 -0.0619184607221642 0.0728555031306506 0.271489386101882
0.00581473709983298 -0.00815081878532116 -0.117120899042791 -0.218243611948905
0.000150729381074164 -0.00729777211671006 -0.0955624790112471 -0.18224444970092
0.0134099548699525 -0.00771841489301604 -0.00822889092001077 -0.129830591876646
0.00608932029180909 -0.00222493525286949 0.0868824719507011 -0.0679803653108803
0.0121588917267718 0.00271038639638104 0.135341887194333 -0.000858463808667447
0.00818801966491908 0.00859259770998876 0.0763758995492165 0.0901621442690255
-0.0021471677625234 0.00859841723623605 -0.0345462780754254 0.18045447686136
-0.00539284482258697 0.00729470813045989 -0.12637943386147 0.207245864275542
-0.00707516349878367 0.00521788902327062 -0.130731306200551 0.20088833571044
-0.00877082099746575 0.00246298525975263 -0.0939224350129117 0.164948495548375
-0.00641688151574702 0.0049181387649563 -0.0681614886135332 0.125186985432917
-0.00451924597679173 -5.05702594285505E-05 -0.0800861428079747 0.0797505050855362
0.0031400166039371 -0.0032602931600356 -0.107478822050455 0.0222794826516011
0.00105933412929436 0.00175087180382215 -0.138834684973164 0.0104697390346944
0.0136276580938017 0.000104425753017402 -0.227488423081536 0.0211447230503757
-0.0720294402653279 -0.0368430216683637 -0.104436411870209 -0.222616167218072
-0.0843378371451978 -0.0510341484108602 -0.0833390685795869 -0.180197886975589
-0.0634199111743726 -0.0701426991602586 0.00192655336917651 -0.137356030149381
-0.0565365114235918 -0.0894179153737821 0.0987154768379322 -0.079507846632052
-0.0203559561720671 -0.101794470762619 0.146792065383453 -0.01501333045608
0.0159338738914281 -0.0962205902587178 0.088622300287608 0.0753718762060638
0.0355701905874328 -0.0932025767878998 -0.0240474772301378 0.171310793382197
0.0416153442173183 -0.0784520223237976 -0.117237112125064 0.195625921980483
0.0353977321337696 -0.0650218586234565 -0.131734564549824 0.197359241247775
0.0202495059760766 -0.0530281609976636 -0.101063382674117 0.167509616386442
0.0054821994291539 -0.048712902053223 -0.0737298221823828 0.133169942186201
0.00693107395691641 -0.0546769118894173 -0.0925025848645651 0.0840102101585617
-0.000689379464647098 -0.0522153759730895 -0.11702730158972 0.0267909721250291
-0.0264860529572091 -0.0532820582523266 -0.142152944741942 0.0186536259805198
-0.0389192867169954 -0.0492150732190506 -0.223151040954208 0.0360822282185212
-0.133361288517114 -0.0606564980407553 -0.0588115394465158 -0.214239054252154
-0.150663683097293 -0.0882232830443226 -0.0383267704631748 -0.173209330279915
-0.125092432033273 -0.122340965963269 0.0307364663731343 -0.144235945305006
-0.107969865588294 -0.163402984220452 0.116106683190558 -0.101524027104417
-0.0488125028150794 -0.190138671145408 0.15214668650597 -0.0493945043179272
0.0213398051977064 -0.183644506382229 0.0991411922492139 0.0307180412190023
0.0664523126922869 -0.176461695771189 -0.00406273026692444 0.125611540808182
0.0819651639886134 -0.15210984744207 -0.0911026725118997 0.151809702710605
0.0742227459989172 -0.132550734150292 -0.119918662579597 0.175158723867001
0.0486933074770561 -0.116139321693331 -0.105878536423263 0.168041553337345
0.0145685607026872 -0.116665976546152 -0.0844921155932876 0.148373477786213
0.0074963624562232 -0.122829012266192 -0.112130594210571 0.0970032377303244
-0.017032442193963 -0.108387837183504 -0.131708535216577 0.0426420400604127
-0.0621244449794115 -0.10795210373035 -0.144760709472917 0.0424928952447769
-0.0921100581276999 -0.0946800384335704 -0.203714302784886 0.0688817843723155
-0.165360589486255 -0.078023459724426 0.0089664084078873 -0.192581004306981
-0.181690493734221 -0.115897056023303 0.0272723962822301 -0.157244052504631
-0.152459139026425 -0.158401513155238 0.0731751747675311 -0.141185011090432
-0.130136881247124 -0.210942134173559 0.133743971987214 -0.12281282706736
-0.0598856654359076 -0.24494487598798 0.149198194698948 -0.0922025368548856
0.0278774116042078 -0.236020878825884 0.107309920741667 -0.0325097734320867
0.0859804273005272 -0.225605276900528 0.0230224412971975 0.0538362627895821
0.109008272127646 -0.203261512477676 -0.0513872661262912 0.0828193943355066
0.103059401244137 -0.191244806228116 -0.0962366697484347 0.129053276579465
0.0693743581982277 -0.184448473131281 -0.104949387909147 0.151132399009506
0.0112886391295381 -0.194243922076971 -0.0935985579029871 0.154854705112724
-0.0138967051132876 -0.198344735133313 -0.130691195769289 0.115246037933291
-0.05410921345646 -0.164312087272638 -0.13769898578718 0.0716510901050174
-0.108760038515033 -0.151609744402523 -0.134096975912678 0.0817878858680427
-0.140349744031254 -0.126180568100149 -0.164894214517679 0.115979361798243
-0.165360362007414 -0.0861727568915772 0.0838824948808181 -0.15788353072304
-0.172018592583209 -0.12939570337376 0.0944385010984629 -0.130400397404545
-0.136520764747857 -0.170390892359753 0.115062007286806 -0.122024809930074
-0.112557023281505 -0.219371175266073 0.146620647312336 -0.129435808751884
-0.0465684719707501 -0.248322768542944 0.139290252703079 -0.126667140403614
0.0369315465384179 -0.239516139969367 0.111186162639453 -0.0952427686069684
0.0948746162491712 -0.232305519248891 0.053519044989976 -0.0284936276491823
0.119188545613997 -0.223306140522576 -0.00534800877734782 -0.000379465070855926
0.113776928078593 -0.22693426946065 -0.0640209457109995 0.0575834032615702
0.0751984138476711 -0.234865692788648 -0.0993414584546009 0.105001545384373
-0.00545810191600886 -0.252854133495865 -0.102596878248971 0.137413286113874
-0.0512829331327418 -0.251261879524599 -0.140822793597692 0.128128470289044
-0.0993088875548237 -0.197117809081856 -0.126258260227036 0.105762437458305
-0.153122553460205 -0.171121659599609 -0.10209514030129 0.127818263229246
-0.174868209134989 -0.137237402838207 -0.105627405072432 0.167894769999592
-0.136803722042925 -0.0828305137268135 0.150549909710483 -0.114652724668475
-0.132231188967167 -0.122645824093494 0.144575642438656 -0.0938543903816404
-0.0898394876761038 -0.15261768330996 0.140356104211228 -0.0863437305332371
-0.0657255040459121 -0.185039565938915 0.145624753257636 -0.117238225443878
-0.0191232733747763 -0.203707643419784 0.123013883585798 -0.139379759075361
0.043319555182634 -0.199078227336287 0.112346538031038 -0.138533456235485
0.091980184226509 -0.20204311985078 0.0840025445633141 -0.101544515911998
0.111810968756604 -0.209693939152036 0.0408174832627549 -0.0854162361681354
0.106520333688591 -0.227994231062762 -0.0313245075661719 -0.0293220402006425
0.065600306134047 -0.243720247985382 -0.0938602864717486 0.0331753826229052
-0.0227598264830971 -0.260378556555919 -0.113383062095656 0.0950285798450363
-0.0807754148031303 -0.251979700429359 -0.14025144490782 0.125446037183426
-0.12689920386291 -0.190210849541553 -0.0965144924559011 0.132323472856775
-0.174347025114902 -0.159064172515239 -0.050666102768078 0.169895307207245
-0.183534664640359 -0.126523866039259 -0.0329155244282784 0.214096193238744
-0.0918131524214537 -0.0660764945834778 0.198598975638671 -0.0696397120369388
-0.0821161376004747 -0.0949389737889253 0.168141385540545 -0.0558878203136375
-0.0401399609242214 -0.108563335604878 0.142012291176019 -0.0477918550238679
-0.0208928310792843 -0.122782903644231 0.130245527896266 -0.0952104706941561
0.00393470804716371 -0.132554721499191 0.103842462054323 -0.133108733931857
0.0402693182766498 -0.134480499702043 0.111037977979443 -0.157021369951007
0.0760234395352531 -0.14594270061895 0.110806902114659 -0.154418258690674
0.0884751869883362 -0.164101736620919 0.0802486004539765 -0.158302502198535
0.0828872455642482 -0.185455515978234 -0.00315421858323361 -0.113066562749717
0.047263168288141 -0.19970582295879 -0.0912257874656579 -0.0428161473885447
-0.0290968014931444 -0.207941766596264 -0.127311175897431 0.043522640557746
-0.0806740545660762 -0.198254032111197 -0.133013466542823 0.107888699191397
-0.117664333174815 -0.145561083163959 -0.061049985727476 0.145105140919181
-0.156428836793739 -0.120045192807065 0.00499868021939584 0.19729820199877
-0.157404805789576 -0.0952142427011615 0.0385560170883368 0.244408278720065
-0.0398852729932862 -0.0363687476608714 0.223780451138628 -0.0348046094124446
-0.0391846715768566 -0.0521157437042228 0.172448205693946 -0.0293194442702385
-0.00917448685774804 -0.0549814788351779 0.129946147190312 -0.0215367508643074
0.00121255229368899 -0.057880205117259 0.10992082524363 -0.0795436233275241
0.0100933046763303 -0.0638357129622353 0.0851974498010894 -0.121123750161206
0.0247185953173959 -0.0694623648389994 0.107052048521006 -0.15748367835791
0.0470193641422023 -0.0784260468828221 0.128727693522817 -0.185384481046447
0.0508875932134222 -0.0928740328430404 0.10794293917608 -0.208360503698874
0.0464388277717757 -0.108416792499755 0.0142339048584591 -0.17517608745783
0.0272184823418061 -0.116494018511614 -0.0923519996274281 -0.10012639818113
-0.0193579560609214 -0.115744552287869 -0.140552317904339 0.00230116223318477
-0.0522900747461642 -0.111123397246232 -0.12396633242338 0.085302904817944
-0.0726069931648035 -0.0794785402378871 -0.033036642753055 0.145333674114887
-0.100717013608083 -0.0659376688177323 0.0482545836132731 0.207880339370408
-0.0987888237048682 -0.0520932051721519 0.0925842590760154 0.256534395623427
0.00595418630810612 -0.00800880524966683 -0.117968887854954 -0.208259770798936
0.000197856205251975 -0.00719070670479894 -0.0954758487954938 -0.172712549919638
0.0128386286786786 -0.00820791540313078 -0.00906349486823704 -0.126352005240287
0.00680864819237906 -0.00235098010297611 0.0825109476076368 -0.0682112449302949
0.0118185289235834 0.00166682812557469 0.130126000513634 -0.00429761085543112
0.00755851088710471 0.00834055236497364 0.0734351494061353 0.0848441350844385
-0.000881452892796702 0.00812734446504993 -0.0321997036641601 0.172329616145448
-0.00496797867195634 0.00775232496099399 -0.122319107285183 0.200565909699679
-0.00590077114622079 0.00530181902183027 -0.127268705880935 0.194011870186175
-0.00883420879745855 0.00267920794728425 -0.0899353471393122 0.158595693578769
-0.0059389173555022 0.00534109195035599 -0.0639805723491053 0.120241293330781
-0.00398138744708352 -0.000226221111612208 -0.0745895692918914 0.0793583123832854
0.00245934305740392 -0.00356385478002277 -0.102009625672806 0.0250325189530846
0.00162722648166324 0.00255940785322038 -0.132232524010298 0.0122275356284472
0.0135880562407201 -0.000283871331118291 -0.215703566701579 0.0231717235544768
-0.0696866694647679 -0.0356616106195267 -0.10641052432483 -0.21228356614188
-0.0825060173941343 -0.0481381631759614 -0.0829748578828682 -0.171574725121496
-0.0628023242394773 -0.0676260988162954 0.000165615984578985 -0.133542123603758
-0.0542381802559787 -0.08616957121778 0.0938566638320241 -0.0798987006703403
-0.0204650136051613 -0.0984449484292 0.14119343651194 -0.0186761419871438
0.0144994608264512 -0.092336094861606 0.0846653760703918 0.0701330376103805
0.0345593115756565 -0.089974003042284 -0.0228027064457013 0.164427902634944
0.0398974136006088 -0.0751442051692232 -0.112981477601035 0.18890462728313
0.0347132663793482 -0.0623934433194772 -0.127693491779505 0.190503661132672
0.0190985953140538 -0.0510512840940689 -0.0961604781717435 0.161260846344601
0.00472379325671381 -0.0459954082799058 -0.0691409973068526 0.127379127932761
0.00578628167130294 -0.0530934637481782 -0.0870071255315828 0.0834712095880131
-0.00183729619137566 -0.0502366194675331 -0.110945858050329 0.0291280364553011
-0.0253868420112403 -0.0498645242178726 -0.135238829762926 0.0197133384151807
-0.0374727555532301 -0.0474546591137861 -0.21163434948045 0.037610947535482
-0.129305404694699 -0.058543325800965 -0.0626237597654357 -0.204102446705352
-0.146467598925952 -0.0834609887835318 -0.0394335302394073 -0.165665807516831
-0.123159755648234 -0.117254891395409 0.0283316873449458 -0.140837825120753
-0.105140927767737 -0.157084318938006 0.110363232260426 -0.101526956108499
-0.0486885658810574 -0.182940618790645 0.146092087580725 -0.0522136838313135
0.0191780214375571 -0.177031811984162 0.0945788944296463 0.0265078657207738
0.0636599778255901 -0.170935284414963 -0.00295263127526032 0.120802306990729
0.0780031991379333 -0.146596969126889 -0.0879028893016359 0.146502010203427
0.0720614249670044 -0.128212543461742 -0.115934595407635 0.16978645111893
0.0464531268293019 -0.111927093828547 -0.101031346303788 0.162545367308789
0.0127421460469063 -0.110633844173408 -0.0791588020235216 0.142071708608423
0.00557969830618394 -0.118962485959781 -0.106447220009862 0.096126780060043
-0.0183019451760563 -0.103909195809793 -0.124568230890492 0.0437165225196735
-0.0605528798858791 -0.102671253047704 -0.137402362225422 0.0421360028020065
-0.0883809867290764 -0.0900703145234368 -0.192688487923475 0.0680962243061119
-0.160508179930804 -0.0754692864301584 0.00254819498382174 -0.184268048833542
-0.177165056816863 -0.110081163698149 0.0236240762783763 -0.152404853751763
-0.149994314122867 -0.152238191925558 0.0695358309367055 -0.139478473483271
-0.127183941199546 -0.202775073945448 0.126793703850987 -0.122383538688881
-0.0594574842725462 -0.235129376344265 0.142731211421919 -0.0935764600931075
0.02516514100774 -0.227003880093945 0.10114686260273 -0.0342709777544561
0.0826481533661841 -0.21858822743379 0.0224796673139173 0.0510358460468906
0.103242565688677 -0.195338864860884 -0.0498990974929529 0.079667498449829
0.0985089905801137 -0.184308837583267 -0.0929257142268038 0.125820983619674
0.0663158644154227 -0.177776942819608 -0.100378388176615 0.146935589648948
0.0088078966815777 -0.185355894608634 -0.0879524185634238 0.148060070181803
-0.0156991704843027 -0.192498360894555 -0.125100578403494 0.114595948499188
-0.0545520612316762 -0.15724742400923 -0.130357107201094 0.0712643781281927
-0.106328543361119 -0.144604848964469 -0.126885981132969 0.0790044155273715
-0.135395825577939 -0.120236720845212 -0.154305873232971 0.112782361887345
-0.160647969702044 -0.0837519104863636 0.0753872353544907 -0.151439816574858
-0.167922603226615 -0.123191643179453 0.0888671994803385 -0.126806500260634
-0.134944230838702 -0.163737051242943 0.110168223307243 -0.121371934725645
-0.109629034427389 -0.210327196994953 0.138730401751454 -0.129397928482518
-0.0472316132231637 -0.237973162250262 0.132567259692611 -0.125886124811779
0.0338515849544983 -0.230058742897552 0.10510996435183 -0.0947515078294199
0.0905897262412679 -0.225068998311353 0.0511911885280883 -0.0276647525773269
0.11267144349154 -0.215111462707435 -0.00527343502806651 -0.000478130381819936
0.109069405945848 -0.21969001780751 -0.0619122976344212 0.0576541923169295
0.0712371427802059 -0.227280796415769 -0.0945852922556495 0.102355131542311
-0.00737870070462656 -0.242319976676782 -0.0972113860003324 0.130724617660415
-0.0525623840399942 -0.243681807613767 -0.135033704761049 0.127517518348587
-0.0983006962045995 -0.188824803876815 -0.119470389649623 0.103354499622818
-0.149989909346125 -0.163193768436876 -0.095844660023972 0.123038848422968
-0.168687173722588 -0.130135791449861 -0.0963177809926024 0.161974131247899
-0.133442124567686 -0.0808619310248821 0.140459559661291 -0.110969000448027
-0.129266130714912 -0.117548042948885 0.136917203159263 -0.0924181312487455
-0.0896219924889716 -0.146939042865218 0.134647330966581 -0.0883669302694572
-0.0639179852106302 -0.177683903728369 0.137598667662253 -0.117826957811526
-0.0195236818524935 -0.194889412910162 0.116862534854185 -0.13771790375429
0.0395963140962038 -0.190629589582231 0.105813458592699 -0.13585823652246
0.0874088830211668 -0.195548341902791 0.0804108096869007 -0.0978431164738227
0.105926265548535 -0.201751862435601 0.0391318748325072 -0.0824181959309787
0.101640445186709 -0.22049221766447 -0.0298116898061092 -0.0254642588424622
0.0619366481622345 -0.235873847962865 -0.0896605958958977 0.0332847680350412
-0.023914796550166 -0.24954167218725 -0.109120100277181 0.0895760973628788
-0.0804114752708489 -0.244824838060429 -0.135125503355006 0.125247007404017
-0.124424264047323 -0.182369551667855 -0.090555218975555 0.128593794447633
-0.170350688635084 -0.151718500840341 -0.0452750653433962 0.163330362408504
-0.176809179334836 -0.119204288836046 -0.025310612657425 0.205090527795216
-0.0901601683063993 -0.0649984069655482 0.187270948932319 -0.068455849513436
-0.0802204161668338 -0.0910822575351341 0.159729232648401 -0.0568164525966745
-0.0409923584800975 -0.104386662141262 0.13687175243573 -0.0518216947243637
-0.0204471397798344 -0.117851313966394 0.122075971729959 -0.0964887154704072
0.00269241771918461 -0.126509203119456 0.0979698076277234 -0.131155996229163
0.0366020321768766 -0.128337299431355 0.104830540215208 -0.153208977855205
0.0722068889895923 -0.141875088098191 0.105915810736819 -0.149253706934592
0.0839816395056287 -0.157757093401828 0.0773820631060854 -0.152179488963075
0.0783823313131328 -0.180437221745238 -0.00295617944302277 -0.106244272734843
0.0446797487556596 -0.194157237561402 -0.0881340600956548 -0.0393876506437005
-0.028979734372157 -0.199554095189492 -0.1235694216128 0.0405033515620205
-0.0809685291292015 -0.192235987428366 -0.128631311960608 0.107343968204634
-0.115751987877133 -0.13993774202015 -0.0570011656384237 0.14100030015794
-0.153134312336204 -0.113763431598775 0.00976100015729054 0.189128967824523
-0.151536160957119 -0.089277717514161 0.0439680970140316 0.234176869304347
-0.0398720123315776 -0.0368977693840804 0.212537224473227 -0.035127084596244
-0.0382277926438251 -0.049596592556426 0.16348610985149 -0.0321464889408778
-0.0103189866849682 -0.0527049490193314 0.124920133903539 -0.0265601799884282
0.00114825871845966 -0.0558472621182903 0.102923560241699 -0.0805127029770195
0.00952713143133773 -0.0607514430454856 0.0794110965581406 -0.118449782318237
0.0219482856684225 -0.0656364283765205 0.101600925898377 -0.152651505732152
0.0442657723479596 -0.0765214228913452 0.123347778426767 -0.178558023268031
0.0489925441841466 -0.0892525687766933 0.104174244134495 -0.200694972919341
0.0439098463129944 -0.105393905284857 0.0138757487932802 -0.166011600645873
0.0251657240089792 -0.11352560668213 -0.090157030402002 -0.0944060358702472
-0.0190740132649939 -0.110936887862477 -0.137061383363749 0.00202420867718192
-0.0522376946064414 -0.107309725100182 -0.120163531465178 0.0855120222346098
-0.0714152598211627 -0.0768659604538549 -0.0292633043919071 0.141799166547658
-0.0986199671256545 -0.0618649099738839 0.0518068547370546 0.199303955384794
-0.0945312477211149 -0.048191161934198 0.0957374137279661 0.244683670055412
0.0016769449316242 -0.00544978318814331 -0.195394352015828 -0.142946797741975
-0.00306993727396713 -0.00355386530375566 -0.159314322456881 -0.11772423644877
0.00662419993528225 -0.011482800307694 -0.0613744820820207 -0.113719688748127
0.0037708372236263 -0.00542767548558277 0.0460178557863657 -0.0981074554534831
0.00909684904789128 -0.00503438729326572 0.115540665649063 -0.0603612391987667
0.0102725110755697 0.00362190846183355 0.100538559038885 0.045746410371281
0.00301350491431474 0.00761369621571982 0.0403018290255198 0.17120804502022
0.000304204166560765 0.0086836692042738 -0.0305312377072261 0.235618289543889
-0.00330479742569059 0.00746674644803039 -0.0368220689833831 0.230777330741986
-0.00691444375175044 0.00747546982511689 -0.0163108835464906 0.18155740158814
-0.0029070345953205 0.00736474101115993 -0.00829248476423666 0.135482478728695
-0.00461004345404195 0.00228031656498979 -0.0334166442317589 0.103484425616411
-0.000879889763099353 -0.00422533147935357 -0.0797539941683971 0.0660994045347188
0.00180370962000141 0.00185465059253173 -0.114146590681256 0.0642192715376222
0.0109618388175017 -0.00645130037728715 -0.186922367192354 0.108207318880541
-0.079174796916867 -0.00268970761286753 -0.188787883176112 -0.149100131711186
-0.0938694067127614 -0.00870363351891124 -0.149719847597545 -0.119654533673039
-0.0856153071752518 -0.0365584512715423 -0.0597418005319708 -0.121752482685254
-0.0836721985374853 -0.0570890839638197 0.0460559534340731 -0.114778113897083
-0.0589314527682598 -0.0829133554356539 0.114789735595015 -0.0789086304406806
-0.0230928713082444 -0.0913742686656296 0.102243229912351 0.0257668663990143
-0.00381124420723318 -0.096541075873462 0.0462034068818592 0.156188704375366
0.0093116601212812 -0.0864017325323491 -0.0263589731512546 0.22069486951592
0.0076352189548995 -0.0718284435237177 -0.0373889343478628 0.228963379427127
-0.00182438821044621 -0.052918502736966 -0.0197607071542182 0.186496421319161
-0.0134486316568579 -0.0438517679664101 -0.00841646376892797 0.143521942619462
-0.0179939612161819 -0.0498212834000211 -0.0394436743339864 0.112207774986547
-0.0236302724065211 -0.0457355999940281 -0.084316701953872 0.0725309482832813
-0.0450034396892566 -0.0353152090018673 -0.111273332156899 0.0708629597019248
-0.057081536638107 -0.0283362045975478 -0.174124216610736 0.116812029990055
-0.143674330393724 -0.00244477277173649 -0.147436442605177 -0.157959842717236
-0.166731359961546 -0.0167125076675361 -0.109066865418488 -0.131745991893604
-0.160930820495294 -0.059445587058703 -0.0400178829033695 -0.137789290647424
-0.157425676503957 -0.100193359812646 0.0466046704270397 -0.142412820454337
-0.117822329818755 -0.149003930544584 0.101152517579707 -0.113033084214852
-0.0526416021461045 -0.170667427254397 0.0913574533414869 -0.0195223248941953
-0.00856583720905288 -0.181875935633782 0.045741021579241 0.10462723385086
0.0173570652418046 -0.167837017814111 -0.0199820947972493 0.170679443752375
0.0165639501360579 -0.147541347683595 -0.0337054381595258 0.205661876774827
-0.000761881677022421 -0.121228592693335 -0.0217954556833861 0.189627416434712
-0.0318160635894796 -0.107025399846853 -0.00925111868630122 0.16046397570177
-0.0459898806172017 -0.109953782044857 -0.047977417047953 0.129930615296983
-0.0613316539673764 -0.0890193920705313 -0.0888620124156329 0.0898846965837793
-0.0995146289989206 -0.0692025274841904 -0.102679194622911 0.0898498903255567
-0.123977178955771 -0.0461527521388117 -0.141360085735752 0.135475225326351
-0.179497945217217 -0.00799130448686484 -0.0801295560534786 -0.164515759312757
-0.205861645751841 -0.0298343606557348 -0.0462585122838487 -0.145139082015951
-0.199586653452776 -0.0813353996666536 -0.00437478911454187 -0.153381439246576
-0.195302948232399 -0.132779993056894 0.0509505611391348 -0.169950551887788
-0.14848856909191 -0.191070227272639 0.0788276213330509 -0.149888648813252
-0.067659804668291 -0.218649799582846 0.0707899188015647 -0.079153323804605
-0.00920583125920295 -0.232525656926504 0.0409859057600448 0.0289193263423464
0.0216240209700658 -0.22342171078592 -0.0114840687052069 0.0932596933654331
0.0190773380169337 -0.210999968470294 -0.0288539188901045 0.155913137125846
-0.00861865811063433 -0.19092009349899 -0.0257016922062848 0.174743481921587
-0.0650665343656948 -0.17534553924481 -0.0120649794225449 0.168721148428055
-0.0961043287158551 -0.168335785404404 -0.0538918169520975 0.150970736123054
-0.116856759128618 -0.124563718909008 -0.0814287692909208 0.115245602522509
-0.159550226554225 -0.0893699431170443 -0.0761608584418873 0.116737064325002
-0.179847747541429 -0.0538272169456376 -0.0859583719971547 0.158811493246413
-0.183820427253118 -0.016777894940771 0.000394808301322437 -0.163912894045366
-0.202909095003816 -0.0464509355830107 0.0235181070588189 -0.149771679666219
-0.189760389790811 -0.0982300554883406 0.0390829029393318 -0.155209914400323
-0.182597856912523 -0.146468063936771 0.0583935499480084 -0.181752066829368
-0.138503649250316 -0.198031040567453 0.0556154094546954 -0.175332575278031
-0.0612764236937832 -0.224142095347282 0.0496267694383893 -0.136070507018241
-0.00514151141356298 -0.242056929272691 0.0349424874261449 -0.056015229801415
0.023026959132198 -0.244892093323242 -0.00325787054468793 0.000743107007298917
0.0152563449673691 -0.248043980637514 -0.027770234072812 0.0805007650558696
-0.0241683171090329 -0.239364592741691 -0.0373447557904954 0.131451860136517
-0.102971282611342 -0.22217626430323 -0.0261237656662916 0.15566123530667
-0.150843271848413 -0.200186734616819 -0.0563886764953663 0.162766216181613
-0.170782981508722 -0.136222994239928 -0.0581147071950818 0.137059341706363
-0.20779147862814 -0.0881365967834229 -0.0291108355496585 0.142139233131698
-0.215563199872006 -0.0481359926080766 -0.0116778170092934 0.178124747723759
-0.158150155432467 -0.0257416620281741 0.077054096853259 -0.153501364800665
-0.166113261561741 -0.056808484446649 0.0818610412255269 -0.139410430237031
-0.141602764379348 -0.0997695827886026 0.0759804101887459 -0.137128518539602
-0.128849333049657 -0.134637014617281 0.0646310655859109 -0.170764321114805
-0.0953916112569723 -0.168211399699275 0.0387895192410566 -0.178739135174913
-0.0399379719061694 -0.189666980464814 0.0347139814618515 -0.172944716298985
0.00315210819151291 -0.214021456315186 0.0337759306252036 -0.131763164429052
0.0212265039202675 -0.23025575413467 0.00398851729915918 -0.092641047618164
0.00764445635607765 -0.245209503437411 -0.0325057412901399 -0.00930059140025143
-0.0363757415799415 -0.244358063932896 -0.0612874311023532 0.0659236962556416
-0.122994090836765 -0.223080711592904 -0.0543487792431935 0.123316136947522
-0.177252846343821 -0.190108315577941 -0.0589260676654771 0.159170728731019
-0.19370365262234 -0.119314294461155 -0.0222795792147199 0.147882034782435
-0.22217106863131 -0.0678389955556699 0.0329822397098561 0.156981669014481
-0.217202452580335 -0.0335342379796408 0.0710253581919924 0.188594839402663
-0.112373885498565 -0.0279320894168523 0.138295493412161 -0.134657515760755
-0.111344868229169 -0.0523854349950294 0.117784530344745 -0.117633089772192
-0.0800450955139213 -0.07975567113361 0.0946788579776372 -0.106842386360297
-0.0661142659265288 -0.0979047088538625 0.0631964952809963 -0.144494645070166
-0.048225573652795 -0.114483809399351 0.0269575487578695 -0.163472480767745
-0.0181792001717593 -0.130423371242322 0.0286198815879595 -0.186418506326067
0.0094743686351416 -0.158670262875557 0.0364778786143721 -0.186936201503102
0.0171131131202941 -0.180154973184783 0.0102638549577437 -0.172952447365523
0.00165237541046917 -0.199256250109138 -0.0412968141120867 -0.0943314883262036
-0.0364458179218309 -0.198933064675547 -0.0915245978016206 -0.00126601802045873
-0.107811878220172 -0.174629566473056 -0.0898220879212761 0.0850247324275117
-0.155485516476532 -0.142096493883419 -0.0636318407344119 0.142069573128211
-0.167062015015819 -0.0830478234823194 0.0120507036805813 0.145534883738615
-0.189448891512702 -0.0388281735694631 0.0924838703858553 0.159441725836782
-0.179892696048002 -0.016183612879971 0.144915894932414 0.188113518838668
-0.0553551312912163 -0.0216890817404479 0.176609620277437 -0.114512671280824
-0.0564273949817341 -0.0310181107666557 0.131895654185529 -0.096372493140331
-0.0317373886803679 -0.0446867114868741 0.096949664000574 -0.079313573991582
-0.0225568575483967 -0.050812730784739 0.0546739329964258 -0.120188293434218
-0.0168331152166923 -0.0575017606188656 0.0183584512921751 -0.142286470591912
-0.00667343079069244 -0.0669933302955106 0.0273181558552955 -0.182827869268626
0.00979287267156033 -0.0879490451384553 0.0403501190160593 -0.21875355238291
0.0101641743150989 -0.102305426554481 0.013840298320112 -0.227976153553883
-0.00101243872890103 -0.115808182170749 -0.0521515709104573 -0.156681113858456
-0.0231022103486681 -0.115776650378779 -0.118235753820417 -0.0493790296411907
-0.0633182627447286 -0.0961948456927228 -0.12115725699833 0.0574759490188298
-0.0941392737006574 -0.0756130231734122 -0.0696585858452913 0.123036125579485
-0.0996253181312557 -0.041732455253086 0.0354259448211875 0.137682717092043
-0.117221193154081 -0.0126559376173039 0.133081351904447 0.15444601627872
-0.107370574940417 -0.00232481633061189 0.193825945904435 0.179751774467261
0.00238887924845364 -0.00584344855525984 -0.207638461102087 -0.144859059441215
-0.00369264147698043 -0.00357266443904328 -0.168178246040409 -0.120215486770381
0.0063520634914979 -0.0126201950510713 -0.0668203565605534 -0.119138374129138
0.00416658613084514 -0.00646024865838705 0.0461350336521519 -0.1039406249538
0.0092107016017979 -0.00576839252911287 0.117602159168383 -0.0650850674084126
0.0107982048594329 0.0036906504598223 0.103263080639622 0.0459825291376233
0.00338145639963246 0.00754332031126613 0.0421929242070973 0.177972490890395
0.000938116792041386 0.00916011012032949 -0.0319450716183161 0.247165476128293
-0.00295532987468372 0.0075690312874455 -0.0380927882015985 0.243168493800786
-0.00648128986086577 0.00856678783178159 -0.0163711639200475 0.18902785930609
-0.00282699351738829 0.0071647384022316 -0.00673295292002006 0.141047812851258
-0.00511888945400566 0.00225642556857723 -0.0308200303364692 0.109343717436421
-0.00150070784034288 -0.00426074258634952 -0.0795068676333564 0.0708115447517255
0.00288581689642753 0.0026559207207081 -0.116076645264165 0.0680226257958944
0.0112011476731441 -0.00812915276114995 -0.190806053490486 0.11339377381676
-0.0822820490628394 -0.00233303689359953 -0.201219109865898 -0.151138488952562
-0.098897178239326 -0.00789947167495377 -0.158198359609607 -0.122863506702273
-0.0909256234419652 -0.0378806938467997 -0.0660425836746366 -0.12788242359865
-0.0884080225654165 -0.0592996344219533 0.0451410442823443 -0.12116629481474
-0.0626265243040393 -0.0866083587165593 0.117242777267162 -0.0850050098470299
-0.0242422126981293 -0.0953212095322448 0.104638065591505 0.0256881944374357
-0.00414908559037137 -0.101212408205474 0.0485304245265982 0.161673265279508
0.0097601686758969 -0.089617320184489 -0.0278660355558491 0.231188692504243
0.00807398235933213 -0.0753631236139477 -0.0377935870711559 0.239831620639267
-0.00172123555626517 -0.0545013476032516 -0.0197749216956296 0.194512125783029
-0.0137682906221743 -0.04523096482312 -0.00708546196584576 0.150007546311132
-0.0201318899191746 -0.051938454004912 -0.037114071507678 0.118138817027226
-0.0253342494415771 -0.0469351475763208 -0.0848580328031299 0.07753356908291
-0.0460262140767428 -0.0360302746673945 -0.113362238120961 0.074584507624851
-0.0598252370351829 -0.0304081126269475 -0.177610840406168 0.12228326848768
-0.150382904433897 -0.00132957712419998 -0.158654374241516 -0.160170332702349
-0.175083442917774 -0.0149691190316368 -0.116348502951727 -0.13598620303068
-0.169877436925295 -0.0601046971872012 -0.0454866078376986 -0.145129925553108
-0.16592221613314 -0.103819740474943 0.044820981142268 -0.149858500197904
-0.124232142108243 -0.154697592510195 0.102055951648966 -0.120315015903737
-0.055612040073119 -0.177981170947756 0.0929148531125003 -0.021471921984668
-0.0101592765983347 -0.19066703772579 0.0482074404050251 0.108825025651781
0.0174013830701013 -0.174632516331621 -0.0211214157523401 0.178655039380377
0.0170130345500227 -0.15442851750591 -0.0338724454100344 0.215649271258787
-0.000738564592152741 -0.125535669610986 -0.0215635404007754 0.197775456187918
-0.0337046477550457 -0.110077027191855 -0.00822154987395165 0.166721576903329
-0.0498672668170557 -0.114327297163554 -0.0461215747901001 0.137511200429108
-0.0645373348806355 -0.0917008941043957 -0.0897696058429457 0.0955734982285076
-0.103698063384961 -0.0711318849743302 -0.104611330924273 0.0942972978066143
-0.128929635001471 -0.0480202082151272 -0.143396015324873 0.141211700045429
-0.188823416827892 -0.00654451009356265 -0.0885022936912037 -0.168235977681247
-0.215963140323119 -0.0288821025706329 -0.0514243636781806 -0.150991380986516
-0.210416448797033 -0.0823825749159271 -0.00867683127039603 -0.161749079804282
-0.205456033338116 -0.137343214221757 0.048132221363063 -0.178749104945197
-0.156188064674 -0.198123896113453 0.0783431364398438 -0.158108595679241
-0.0706890949314573 -0.227838673178606 0.0709850580608014 -0.0830618355782676
-0.0118846600150046 -0.243957029118547 0.042966271185119 0.0292456312781312
0.0210746468826898 -0.232858887840474 -0.0124341830527614 0.0977306088863969
0.0197286033009805 -0.221043613067416 -0.0289230912651769 0.163526711083871
-0.0094678177953752 -0.19883689739533 -0.0253869132989493 0.182975116813463
-0.0683222173415176 -0.180899424051324 -0.0121474173436391 0.175080507371434
-0.103609798633051 -0.175657930364518 -0.0531447874588832 0.16049159208355
-0.123022762141965 -0.128174585010992 -0.083119888867847 0.121338439505334
-0.167034216657831 -0.0918691150078793 -0.0780340722524302 0.122314974169221
-0.187824015508 -0.0556173827927609 -0.0849549542426215 0.164125308294072
-0.193466589963092 -0.0161109013367033 -0.00447892319340151 -0.168318605972768
-0.213383011469196 -0.0461764965911472 0.020887739755126 -0.156754135593364
-0.200733678034921 -0.0998693439552402 0.0366682889040202 -0.164266004545742
-0.191933244018966 -0.152016456471996 0.0556839871915296 -0.191351786827399
-0.145099583657434 -0.204807364301309 0.0537009269610787 -0.183852958077701
-0.0638582469066508 -0.23286397572946 0.048100973221006 -0.14236692489757
-0.00673727631858396 -0.253716268715057 0.0368366684472052 -0.059332050509721
0.022838753535431 -0.255018267224987 -0.00424366597295316 0.000947121220684478
0.014373191156988 -0.259189872918206 -0.0269052593177424 0.0853049257558924
-0.0267070494822254 -0.249829897570219 -0.0376175817767465 0.137715500951206
-0.108649974418187 -0.229627052227773 -0.0276927721971333 0.161839414266013
-0.161512038828574 -0.208706637783047 -0.0558034071935875 0.174079835689602
-0.179891408958362 -0.140178498119023 -0.0590635840336685 0.144086092074655
-0.217789295482238 -0.0901427339275402 -0.0287756231681202 0.147990697298332
-0.224587213511122 -0.0492838259033134 -0.00710616434716032 0.183678015542147
-0.167309178528029 -0.0255465594595405 0.0760097025235072 -0.15840952098262
-0.174555888596814 -0.0576462600939649 0.0811790973766146 -0.146489934117696
-0.14983736573153 -0.102561664639547 0.0746044681056543 -0.146539526413696
-0.135005276491969 -0.13979804042682 0.0617736851149523 -0.179913667058756
-0.100226121943213 -0.17336653214 0.0361713154128262 -0.187320093867585
-0.0414304794525276 -0.196203121601124 0.0326901367165612 -0.180682235468743
0.00110231198221341 -0.223589652359687 0.0346241175493859 -0.137703995813588
0.0206525429269359 -0.240149770439656 0.00362508695716149 -0.096674698516304
0.00629566507179715 -0.256833907916758 -0.0316932184541136 -0.00863659121784187
-0.0400288906723964 -0.255113565448015 -0.0628241120366947 0.0701981881597687
-0.128850853146493 -0.231073316213432 -0.0578507276664953 0.128776624284378
-0.188950288160695 -0.197279081089284 -0.0584928837749144 0.170158704194795
-0.203279231535882 -0.122429675950075 -0.0219199832590424 0.15489903456046
-0.232404552231003 -0.068814914258422 0.0364115136545438 0.162764579540329
-0.226496981890228 -0.0343805000709206 0.0795399883549885 0.193469850910767
-0.119328809505945 -0.0281594428945432 0.140165469933129 -0.139295110231763
-0.116491215334653 -0.0534405477828594 0.118215209534834 -0.124282067936588
-0.0849492125105161 -0.081964760552627 0.0943154438612274 -0.114872509485406
-0.0692353875481407 -0.101405020976904 0.0603367553986176 -0.152154382239313
-0.050617738531552 -0.117887169254558 0.0244149179150324 -0.170526769313839
-0.0184169788463209 -0.134599767200499 0.0270612719234017 -0.19430662131696
0.00812442281047416 -0.165409663009895 0.0373158994135794 -0.195698769546084
0.016329597893295 -0.188138079354707 0.0103383903556434 -0.181083453446941
0.000260701541228993 -0.20884242849627 -0.0413677696229791 -0.0977973227384187
-0.0402795997943645 -0.207645486539105 -0.0948903680482698 0.00052761953534961
-0.113473435035065 -0.180859615109921 -0.0956011851684963 0.0902818820689881
-0.165708428735778 -0.147759803594824 -0.0641764943386459 0.152574263887351
-0.176158597428672 -0.0846683951767183 0.0144434665879356 0.152037823110757
-0.198726652295945 -0.0387211824164084 0.0988952532536868 0.164041178640282
-0.18735658064046 -0.0164535932300938 0.157033633832813 0.192023449136043
-0.0594056352670181 -0.0217933827939454 0.179621338586169 -0.119038249513144
-0.0590418758462743 -0.0315043139798201 0.132646478754702 -0.102486297485911
-0.0340453127000329 -0.0454270945195235 0.0956855813703227 -0.0865970424647733
-0.0235946348765896 -0.0530677501836573 0.0517115643670458 -0.126016104406605
-0.0174669709127823 -0.059130617787798 0.0157625204406318 -0.147351719929736
-0.00676793755858028 -0.0681054040308276 0.0262037394689383 -0.18993860007468
0.00803813512799112 -0.0915312898151675 0.0414551061024694 -0.22851115518155
0.00978892279841375 -0.107429614686002 0.0144813373164157 -0.238717288072704
-0.00231604879623436 -0.121006438132229 -0.0524634531154762 -0.162788584839657
-0.0259215469433787 -0.120568193418143 -0.122945458210475 -0.0490554613126472
-0.0663886636990259 -0.100069618158506 -0.12839580828784 0.062818960153672
-0.0997077254466867 -0.0779470713058739 -0.0716045850028565 0.132139633969108
-0.105340468468427 -0.0423725532689852 0.0393677670980869 0.144416682192063
-0.122626600730538 -0.0114949102582603 0.142646224262919 0.157760844824536
-0.111249131696447 -0.00234671280779323 0.208013274749026 0.181840923811905
0.00267965385990477 -0.00716423832536645 -0.226518548470518 -0.13556213371178
-0.00422152082360825 -0.00307707238848536 -0.182333401561442 -0.114650359630599
0.00498519969517485 -0.0140624539982834 -0.0791321914731655 -0.120546180109753
0.00375607419992504 -0.00701461039895909 0.0400681234342073 -0.111208616226827
0.00834372951110017 -0.00631924798334761 0.115817161181296 -0.0745424073626025
0.011254543494235 0.00298333218286585 0.107274300672211 0.0415201251020804
0.00381489630396275 0.00719184250384819 0.0523938199874951 0.180519196482037
0.00210547385087104 0.00942274485643156 -0.0202237633491514 0.258668648668187
-0.00237245426878257 0.00753057461467753 -0.0259662392782604 0.254345558259463
-0.00546057819628015 0.00953216583315711 -0.00668389226937173 0.196313729456837
-0.00260593042714213 0.00722154415016704 0.0025886222717263 0.146223697901443
-0.00569689379955574 0.00210766594823502 -0.0221178360244635 0.11469242223272
-0.00188203217971871 -0.00413108850791989 -0.0751280675895087 0.0791806564125029
0.00414869877163923 0.0023415818495228 -0.113535642099612 0.0774664826085946
0.0104994375427737 -0.00988153721534577 -0.187316725818387 0.127221896465992
-0.0852094043693055 0.00189561516493228 -0.220078911521647 -0.141599066831376
-0.103582644615217 -0.00210211965094067 -0.17243096564307 -0.117719724993695
-0.0973069995981026 -0.03441207114659 -0.0776622637241592 -0.129282204759714
-0.0955280793281836 -0.0564875872564979 0.0373729586175785 -0.128696286027084
-0.0701010900068732 -0.0862882576464981 0.113696944600261 -0.0956332002374195
-0.0301982385627506 -0.0978364743524345 0.108247041445797 0.0204588376839365
-0.0100348275332515 -0.10539644586363 0.0585934538523465 0.164429486915553
0.00533393533569663 -0.093198859819498 -0.0174515426251725 0.241598121421638
0.00440785272599382 -0.0787589584382745 -0.0263138745921814 0.25083386064119
-0.00415405445733852 -0.0555220635744743 -0.0100315510093115 0.202240019817662
-0.0166176491492093 -0.0456495822160179 0.00189030576743799 0.154969784107883
-0.0242864867229128 -0.0524065236040998 -0.028623992084097 0.125068663293477
-0.0290627322815014 -0.0463486959707534 -0.0804261038846111 0.0861985684072744
-0.048796616957969 -0.0351493528384926 -0.11110288338775 0.0838755526176859
-0.0643303221524779 -0.0290319494142203 -0.173699007161834 0.135880002730986
-0.1560280274502 0.00670635575769122 -0.176613408300082 -0.153641209515477
-0.183264047022743 -0.00519313912099212 -0.130204178271516 -0.133865879621095
-0.180462986852262 -0.0523605752330717 -0.0581921219309373 -0.148370004922274
-0.178474596260258 -0.0989478541232007 0.0348968673589686 -0.158385988229786
-0.137726470826433 -0.15284956707656 0.0961166648591781 -0.131467676072833
-0.066618852316224 -0.181542518027559 0.0925850008911334 -0.0268121841012226
-0.0214378885729248 -0.197785555653435 0.0552826730987316 0.109095500387848
0.00839810147013625 -0.181558163008473 -0.013606975192073 0.187122899597437
0.00910957340803553 -0.16166972456126 -0.0224959238778813 0.226091450412296
-0.00690235230156736 -0.129534125545931 -0.0118115074996312 0.206724864219058
-0.0401893745950805 -0.111064974000107 0.000930957690465937 0.172607376119139
-0.0595595022807935 -0.115307361774369 -0.0368908383227247 0.146817968902731
-0.0718679372316183 -0.0902407213382014 -0.0853893389128619 0.105083586455157
-0.110795521225995 -0.067751392815576 -0.101472065364586 0.103796135495725
-0.136614313065174 -0.043298518337123 -0.136980788059401 0.1528482474969
-0.196768472751692 0.00367684784343163 -0.103804907102357 -0.166314162604176
-0.22652756750426 -0.0168189457588583 -0.0645826218344437 -0.153622786210807
-0.224481799817862 -0.0728187090964343 -0.0207996849412979 -0.167937495989818
-0.221661617641394 -0.131663856399588 0.0363082367286736 -0.188212289641809
-0.173221249104235 -0.19531559115904 0.0690474766709595 -0.169002136568095
-0.0845291106157037 -0.2321028118511 0.0667680360188773 -0.0900929680953193
-0.0259462461273376 -0.252398814772259 0.0458780523692768 0.0277164769056222
0.00962201874976762 -0.241829692440859 -0.00846635797976333 0.102962806287638
0.0076681491828766 -0.230638449453556 -0.0193094261850439 0.171923352898955
-0.0202825553067775 -0.204866243300957 -0.0161051073789174 0.191239649279842
-0.0803197985448617 -0.182424640363418 -0.00346554312328002 0.181617503555468
-0.118975487574706 -0.175852198401638 -0.0425959923799114 0.171426281584019
-0.13484560680458 -0.125424393961462 -0.0785847644785835 0.131841191355831
-0.177826893103638 -0.0850596618386186 -0.0724780946002999 0.130290833023737
-0.19797580770618 -0.0474692808226295 -0.0757423939254495 0.17310050137716
-0.20243551419406 -0.00530014667116088 -0.0170487462791572 -0.17143108498665
-0.224962282922099 -0.0352664685369538 0.00924462425704803 -0.163142679049576
-0.215064594707823 -0.0913268185380952 0.0253909432680258 -0.17421708258414
-0.208367218468967 -0.146693191809678 0.0430293548229506 -0.201926761979525
-0.161140476135564 -0.203116384674813 0.0428891956185277 -0.194480559441943
-0.0772619871269296 -0.237644280226748 0.0396974696272591 -0.149852916856498
-0.0219131346543547 -0.26227075035858 0.034975242054106 -0.0639250032051663
0.00946086156889446 -0.26535047813539 -0.004975302060028 0.00188432765600817
0.000664750176960502 -0.270061472538847 -0.0214914739285739 0.0908805997374093
-0.0412189991922036 -0.257393824548127 -0.0308717030842888 0.145947627144483
-0.125105575825762 -0.231436023884399 -0.0207824807997566 0.169681156294215
-0.181861155482017 -0.207208006534969 -0.0447631969905151 0.186067420071552
-0.194482553729199 -0.134839836297089 -0.0528040130723428 0.15416596640995
-0.231470860823072 -0.0803725793112989 -0.0203828947425237 0.15416801015742
-0.235956305996492 -0.0396392554375032 0.00641464732243638 0.188037156568536
-0.176377129549622 -0.0165302910290924 0.0666126176159773 -0.165550384660656
-0.185158418215594 -0.0492066780586216 0.0716921970357308 -0.156420381136374
-0.161810033492768 -0.0964299208578495 0.0647088714808883 -0.157566726140915
-0.148166272533189 -0.136832840901803 0.049723103375538 -0.18993596414138
-0.112823727137487 -0.173382121042273 0.0243516953244927 -0.195458410837081
-0.0518868720976571 -0.200553474180083 0.0217094081206265 -0.188267962367333
-0.0122449701571437 -0.231404073222907 0.0289463649275526 -0.144931004699896
0.00771633868010869 -0.249665603664948 -0.00177973313096558 -0.100502376292644
-0.00762736132341319 -0.266990844155181 -0.0308505715176585 -0.0062102602269196
-0.0555432061810125 -0.262619296343123 -0.0607283956649287 0.0775115419579642
-0.146075176951149 -0.231316287537494 -0.0541810443126588 0.137750192666651
-0.210053040700674 -0.193889221585038 -0.0486516865447645 0.182956082536091
-0.218535133608499 -0.114958226715233 -0.0139896992188069 0.162708964603871
-0.245692868974744 -0.0576313493702219 0.0478693789220796 0.165904367562125
-0.237101814139699 -0.0236547265128275 0.0970302610726296 0.192296896300698
-0.126537520265685 -0.0218785341066726 0.133858578784188 -0.149672623044596
-0.124792886782756 -0.0480543973586606 0.111062626367124 -0.135219219582158
-0.093265301366658 -0.0785307069113782 0.0857858499030953 -0.126173138876625
-0.0773749461437907 -0.101079580537159 0.0491387698484003 -0.160337591011145
-0.0577946509217629 -0.118311157281724 0.0137793211355008 -0.176614667277003
-0.0248055449997738 -0.136861197828424 0.0158256705278774 -0.201543317608898
-0.00227487904728314 -0.170805219754214 0.0278407384055918 -0.204558075496733
0.00559901704735285 -0.19590953975307 0.000642139406146489 -0.188206690127279
-0.0120210592185712 -0.216877872819463 -0.0454446628099277 -0.0981303838804494
-0.0540476905806489 -0.213068526288671 -0.0970119140363673 0.00725317443422036
-0.127541476979636 -0.181364608540558 -0.0954066242877646 0.100870848385983
-0.182658775142226 -0.143526036408486 -0.0557656053228672 0.164825496852309
-0.187956023782428 -0.0772125832867634 0.0240324564055031 0.15794433406996
-0.208609723346546 -0.0280893255198416 0.113455651911121 0.163014986306502
-0.194921528755029 -0.0066222366419732 0.177238115506722 0.184779882529434
-0.063671173170076 -0.0184282752691183 0.17613073695846 -0.131082652848249
-0.0631559094786971 -0.0291349864044677 0.126802980776682 -0.113407878490387
-0.0378138291292024 -0.043941042839776 0.0894041757717799 -0.096580105363292
-0.0273080161392284 -0.0534308440531698 0.0421214185460364 -0.132581423687097
-0.0208302210241162 -0.0598071850468987 0.00628440303244688 -0.151715220114061
-0.0087724174509513 -0.0687981896166493 0.0157874927693425 -0.196992343148673
0.00239171009930117 -0.094087381658557 0.0298608707619805 -0.23857158472556
0.00302415875493187 -0.112060360162597 0.00196326733686604 -0.248712611879666
-0.0100804252905255 -0.125571308637238 -0.0606363672054842 -0.165103529235423
-0.0341924128976341 -0.12343905086211 -0.129038570772702 -0.0424833693573915
-0.0744819222074251 -0.0999720265334191 -0.130320086960936 0.0743909765371991
-0.109169824361599 -0.0749887090014317 -0.0651268395931987 0.143874502418617
-0.11218498126352 -0.0374604186979279 0.0501558229067739 0.148137106145899
-0.127042499318213 -0.00405736952623798 0.1584724118625 0.153471422073094
-0.115386878205201 0.00277713581658109 0.229744668385987 0.171979906803063
0.0026435975274146 -0.00867962534693261 -0.235664353263395 -0.116407129899248
-0.00473795753903274 -0.00217779260287976 -0.190619670579965 -0.0998236623668366
0.00303096448450265 -0.014360599566499 -0.0895048897397156 -0.113709126959344
0.00255367821978261 -0.00676842794638223 0.0297196240686568 -0.113668552077266
0.00760355647067698 -0.00668826089787913 0.107930522419164 -0.081797433597657
0.0112320570852866 0.0023971711617273 0.107132904841749 0.0336111025780136
0.00448952733395679 0.0066138843047561 0.0623212793797049 0.174133565921357
0.00329182144755269 0.00891473723490594 -0.00413919780401907 0.258244708782965
-0.00119765292884771 0.0065901386508578 -0.00908047462324897 0.253604887669326
-0.00400327725940816 0.0100367114384436 0.00606021411136271 0.194693583981195
-0.00257934118888683 0.00699902343796558 0.0142097137321427 0.14356856898445
-0.00604851509053699 0.00242273374280522 -0.0110194280353665 0.114386319805477
-0.00219495184494585 -0.00390409413995957 -0.0652574085294721 0.0835352925570859
0.0046601488587015 0.00217119353546687 -0.103620979488004 0.0842834254244754
0.00865964384039967 -0.0110834342004643 -0.173039011624092 0.137284087906877
-0.0838194713332268 0.0068720504452984 -0.230268281771446 -0.122535498893581
-0.102937466762173 0.00571677396747671 -0.181145075171918 -0.103569516269325
-0.0996188954025466 -0.0264495648739621 -0.089046444791501 -0.122703590562221
-0.0986737066999 -0.0493390707710133 0.0266545704908778 -0.130432360390042
-0.0753545082771732 -0.0798306575654016 0.103797678583776 -0.102315226072402
-0.0360387241492442 -0.095379453975121 0.106268202224037 0.0135674560245249
-0.0172130849237921 -0.103776594754057 0.0676454867179819 0.157659626810525
-0.000474828255451466 -0.0923807241621754 -0.00236435882200968 0.241643852507771
-0.000389705345811866 -0.0788450047511635 -0.00876325003052215 0.250027271775217
-0.00662947200618305 -0.0542120415633757 0.00328702739766411 0.200554649885151
-0.0191507470056349 -0.0430185338611959 0.013592424977029 0.152318070911877
-0.0283245350233767 -0.0497256976434179 -0.0158786114623978 0.12563771033334
-0.0315090998171822 -0.0438880321429155 -0.0710572275997913 0.0913961512665424
-0.049895961367953 -0.0310937827393798 -0.101482636547755 0.0900526437489398
-0.0661342170597767 -0.024724510463023 -0.159200231495867 0.144483679836593
-0.153871453592067 0.0172006024092178 -0.18790504391772 -0.136698456510565
-0.181962743441067 0.00816323614917172 -0.14121015265994 -0.122118062865361
-0.183520571064829 -0.0384847455951471 -0.0708646983094811 -0.143029582999445
-0.184100701558868 -0.0852867654056294 0.0213213516126851 -0.159631139069173
-0.146854646550983 -0.141622018463928 0.0842446477637367 -0.136778079415309
-0.0774785812204567 -0.176409323859223 0.0884489252463323 -0.0328413511133221
-0.0350947812466464 -0.194609401645426 0.0615772468932041 0.103642798612269
-0.00362839032134583 -0.179624537821751 -0.00202070897019176 0.187376470768346
-0.00121924047795245 -0.160615959355299 -0.00714037272408039 0.225338471380238
-0.0143852015469475 -0.126734490404752 0.00174304480806547 0.205192379849353
-0.0466451188920489 -0.105580304603222 0.0135605062215176 0.170023343488331
-0.0678636159684286 -0.109200385102827 -0.0231282844621686 0.148381045385311
-0.0770440806108618 -0.0839297313477662 -0.0752747486711574 0.111047078754965
-0.113521514625893 -0.0592935106460343 -0.0911478989209107 0.108996454421562
-0.138971325928657 -0.0343200242971283 -0.122020958045651 0.158883337671216
-0.194866823073862 0.0166836290195841 -0.117434820948337 -0.153787588764197
-0.226122102081464 -0.000393690627763288 -0.0778692563533233 -0.14600622850578
-0.22836992378662 -0.0557003866729683 -0.0358217358789006 -0.165141186622154
-0.229340879176182 -0.114347933309605 0.0200226357940133 -0.189023948367656
-0.184500257844161 -0.181494503709414 0.0544166184956926 -0.172194988347226
-0.0980405932538596 -0.225273700422297 0.0580215257451193 -0.093196644115345
-0.0432921877191654 -0.248114535314982 0.04695987344685 0.0231900255202216
-0.00674539083781781 -0.239377046247748 -0.00300078851406833 0.103594609789517
-0.00777502021444019 -0.228300958348983 -0.00661737800658736 0.171692268118656
-0.0325785499093878 -0.200688497825862 -0.00270480143517512 0.190874884653426
-0.0907545827455008 -0.173204382692387 0.00922039696787501 0.179685893698859
-0.13143895978386 -0.165463595946363 -0.0269658250478761 0.174112414102252
-0.141489263586421 -0.11384066323438 -0.0668817278766976 0.13695769313525
-0.181826121611091 -0.0720738296215707 -0.0618731404628716 0.133788544048872
-0.200337419368974 -0.0344149238355607 -0.0603506628115749 0.173751411660346
-0.201433227708444 0.00867071733297695 -0.0313422580085102 -0.164981145155844
-0.226015665230968 -0.0189298394105368 -0.00553425367263682 -0.161427956793659
-0.220063224369692 -0.0745373764655244 0.00954016577507134 -0.173889613709129
-0.216839569974261 -0.131014410963952 0.0250354731855149 -0.201815327825138
-0.172905175577223 -0.18960680211056 0.027202829516126 -0.194837333777227
-0.090982216467944 -0.230391809628305 0.0278213705897727 -0.149914111992449
-0.0393335151654926 -0.257637713200623 0.0301239131348024 -0.0655995982531602
-0.00872863936813223 -0.26243361599899 -0.00580182362980034 0.0029823919936456
-0.0182576748024398 -0.26711349419512 -0.0130072347259605 0.0914689698247059
-0.0569606456839909 -0.251767119703695 -0.0202296007653183 0.147256854457025
-0.138269298714342 -0.218771114166829 -0.00990560726640341 0.169919849584794
-0.196405461020354 -0.191976082334636 -0.0280005890300891 0.189592927468943
-0.201711599895717 -0.119177846195314 -0.0408757040976519 0.157631499049465
-0.234782161554377 -0.0638417485465406 -0.00859216142317264 0.15346796883261
-0.236739929429058 -0.0238542672320819 0.0218106490941212 0.182088160935751
-0.176327819379964 -0.00378242582033406 0.0524068845761388 -0.16539687878537
-0.187248877121039 -0.03510030352611 0.0565306419347212 -0.158700398902118
-0.167420585963542 -0.0830839102193514 0.0489626869332207 -0.160422744232154
-0.156679508617085 -0.125078018222794 0.0322598994335641 -0.190248998809733
-0.122526880523952 -0.163075731596682 0.00925525954473209 -0.194127511840762
-0.0626168577825347 -0.194615794237953 0.00838299521027687 -0.186627266433317
-0.0277659212163758 -0.227130773363771 0.0185603280939017 -0.145312825974023
-0.00935986389072326 -0.247084178934286 -0.00871916836391779 -0.0986717822337219
-0.0259856757761525 -0.263609134710787 -0.0288446381956511 -0.00432312387686963
-0.0725509742416841 -0.255982258574277 -0.0536856387689463 0.0816883378337228
-0.159844543293978 -0.218235639352681 -0.045095613714678 0.140882933717655
-0.223676390683002 -0.176889806459047 -0.0321119443010456 0.187039571740148
-0.224310039685402 -0.0983883437282162 -0.00206327971663248 0.164333455832608
-0.247218139912076 -0.0398603251617898 0.0597711824582091 0.15963386340725
-0.236527989942772 -0.00793535284131275 0.112224311362892 0.179563839424098
-0.1276351228467 -0.0120993282329859 0.120230732276168 -0.154409781517541
-0.126763428964062 -0.0383213336456562 0.0965514246105393 -0.140681478739433
-0.0975561058219157 -0.0701669138411635 0.0713845364068302 -0.130632085751943
-0.0836544323003134 -0.0945174591175474 0.0337197474421592 -0.160754542129069
-0.0641171456596305 -0.112060141317997 0.000332906591209643 -0.173873142546469
-0.031406775343962 -0.132809270366486 0.00200832058331242 -0.198795749446982
-0.0140267947651578 -0.167427062382526 0.0136344321154784 -0.203857190595141
-0.00785798259745955 -0.193670009335466 -0.0121734227550383 -0.186035038195596
-0.0273500724200466 -0.213207246540276 -0.0489563036882258 -0.0943152621624379
-0.0677869510892381 -0.207569603748401 -0.094151272880313 0.0146686515145782
-0.138840398108431 -0.169877432001461 -0.0883726688271182 0.107979701763501
-0.192525827821265 -0.129334858304198 -0.0412356143107794 0.169864395078528
-0.191693470216377 -0.0633504795339581 0.0353197443640346 0.156661891094411
-0.208371768982867 -0.0127918110415604 0.124792818100727 0.151788672058063
-0.193547698184963 0.0059400608824972 0.191158398834618 0.166457472356663
-0.0650217525723559 -0.0133114434044946 0.163264286138604 -0.138785585612616
-0.0642726457849779 -0.0239777155512347 0.113474192578921 -0.11986204991648
-0.0400423063556338 -0.0400908380124718 0.0765435731454558 -0.101409002952777
-0.0309183105600347 -0.0505295247219045 0.0288881359582772 -0.132669045318939
-0.024025132698006 -0.0570505377038157 -0.00423696319065074 -0.148546854864283
-0.0113776353940774 -0.0666854493238081 0.0030153835488153 -0.194605861127143
-0.00463012446623675 -0.0918031951914632 0.0143479500021384 -0.237333285976046
-0.00536196397125475 -0.110786965675616 -0.0140171565163791 -0.246294931244822
-0.0194195082957991 -0.122956546862126 -0.0683815612363499 -0.15925289808756
-0.0425813340001133 -0.119598395960028 -0.128919899934119 -0.0323033190504752
-0.0808917584442407 -0.093607670655422 -0.123702741863847 0.0851954202171489
-0.114457419402186 -0.0663799121250785 -0.0524622961461518 0.149547029488668
-0.114529348292249 -0.0289979547858073 0.0615689490337495 0.143968411088182
-0.126115771551442 0.00494014412766352 0.169713893302543 0.138806925116836
-0.114339698153486 0.0104392804441203 0.242099441969649 0.149624670469642
0.00307838071620401 -0.00630045050797149 -0.227955912250369 -0.115856502799773
-0.00376917974614307 0.000737376832142383 -0.183436816457606 -0.0988227411916315
0.00160511650032815 -0.0123399986510722 -0.0864807552008514 -0.110309261132597
0.00179060527324566 -0.00567785583602432 0.0281258454516503 -0.108906751538934
0.00567855555742653 -0.00633470777086389 0.101888275649847 -0.0769647628038644
0.0105188150744756 0.0014015350424219 0.0997880535904588 0.0333855387169645
0.00387190235667704 0.00790191088715137 0.0566411489336193 0.16654911268644
0.00298302979165576 0.00912432204181247 -0.00537604742998561 0.249090780555908
-0.00134442465979125 0.00817945071775818 -0.00957788947852525 0.244101759477814
-0.00258470021264261 0.0107570599991512 0.00548636472848475 0.186657110179417
-0.00199849046967536 0.00751966948522563 0.0140562991682054 0.136241861433996
-0.00559407726194202 0.00429378927682254 -0.00905105443283817 0.108265527887933
-0.00323107707029846 -0.00256535032470864 -0.0602999341183988 0.079119590782234
0.00327632460543498 0.00267519584078539 -0.0977367078289833 0.0783577527669799
0.00673884794458039 -0.00856091136522188 -0.165317343490296 0.124439665476872
-0.0826518958312691 0.00574032502326482 -0.222964313222545 -0.117307193385225
-0.0997295810803138 0.00570127445460359 -0.173942396734951 -0.0984848636063317
-0.0977710121532272 -0.0270456650508817 -0.0861238969718011 -0.113809345534753
-0.0944330695542644 -0.0485275032015858 0.0203739463798024 -0.122307406913081
-0.0715564383179697 -0.0791828472362827 0.0928453278740568 -0.0955621937311901
-0.0327424465031469 -0.0943970952679947 0.0969573067129119 0.013836670541426
-0.0139824526860929 -0.0992526857545899 0.0600563351323479 0.149100908746656
0.00224396671065181 -0.0898935454330038 -0.00391645091306483 0.231967551395323
0.000347496207740952 -0.0749572652831324 -0.00825727373531174 0.240052230933756
-0.00410797499273523 -0.0514902791098609 0.0035853884669816 0.191905993995773
-0.0174386293537533 -0.0406784366094253 0.0142441232980432 0.143777913398139
-0.0276526659456437 -0.0454150906136721 -0.0134190920406171 0.116805250280434
-0.0308493155870089 -0.041462161865519 -0.0651932221331863 0.0847165499449992
-0.0493443591734024 -0.0292513731422385 -0.0946506381285671 0.0826686278740358
-0.0654920020815074 -0.021700738692102 -0.152152240980865 0.129833734644378
-0.152633144116577 0.0132699636935249 -0.182576959441656 -0.1269540936794
-0.177412782489302 0.00518905739708408 -0.134716384510624 -0.113242430677971
-0.17901039842285 -0.0415270441976153 -0.0686658084851129 -0.129217441397446
-0.175713492991526 -0.0849075294986379 0.0126001164437088 -0.148179366022517
-0.138402059794746 -0.139141023137586 0.0703008282454892 -0.127702808956203
-0.0706612676403399 -0.173154568691426 0.0778909888566894 -0.0305656641017322
-0.0288818015585216 -0.187493833348013 0.0527714480191202 0.0959540445737991
0.000810500136238391 -0.175561290591695 -0.00352863904780419 0.178957456247009
0.00048972073877654 -0.154945345837122 -0.00412474240248546 0.215656391726436
-0.0107912257324381 -0.122336887004251 0.00322207607689613 0.19558821888567
-0.0432409431670749 -0.101598384348669 0.0153212973626019 0.159453466007082
-0.0650432050615364 -0.101609132304166 -0.019980532515159 0.135824413910265
-0.0742234240136686 -0.080807970697422 -0.0703228580023739 0.102240127128021
-0.110589886907395 -0.0569469435447052 -0.0851137029556219 0.0989809844275169
-0.134994920037595 -0.0306271736133288 -0.117604464705239 0.141649686705312
-0.193207213282042 0.0113286263772939 -0.113948189678529 -0.139504746799526
-0.220909092589857 -0.00440096397404161 -0.0738596084692494 -0.133440557393536
-0.222522355366752 -0.060053102538384 -0.0357189840381673 -0.147692854629866
-0.217960334532804 -0.113949700899649 0.00936881202589946 -0.175390125527296
-0.173259724034983 -0.178012323732319 0.0404816011482976 -0.161547420408872
-0.0897699305993759 -0.220325531244721 0.0488489156050263 -0.0883280871890863
-0.0352831285705183 -0.240117929889657 0.0387863230502269 0.0182335175285151
-0.000883867364693204 -0.233817566136501 -0.00393532118847068 0.0975859646938596
-0.00466993850998819 -0.221412827813844 -0.00281882179984036 0.164272156038713
-0.0286951716647498 -0.194926769813384 0.000579999468532209 0.181510527550756
-0.0857307223036666 -0.168086994655302 0.0121206792011055 0.167215681044264
-0.125631768799279 -0.155371508411098 -0.0242278726265388 0.1573451381468
-0.136492602739697 -0.110470941373079 -0.0634492403372947 0.125238368618678
-0.176323288331222 -0.0689749048699975 -0.0581635202511008 0.12104312605427
-0.193861569490134 -0.0304795945478802 -0.0592006676415038 0.155882180311125
-0.200629123751101 0.00242510000431223 -0.0310059031763009 -0.148249935269263
-0.220969405980645 -0.0228943401126679 -0.00513095227980457 -0.146701003353685
-0.214016199357146 -0.0784078102612851 0.00643458831787817 -0.155708383988297
-0.205422870312265 -0.129120175365038 0.014033784195124 -0.188023209489161
-0.16145551709602 -0.185049449794408 0.014946600168554 -0.183109703093775
-0.0818917427168241 -0.224751110899387 0.0208832185722972 -0.14293122081558
-0.0315716055083917 -0.249457702717118 0.0237778655472463 -0.0673512747719008
-0.00221660916079321 -0.256435912709216 -0.00585886417920351 0.000720553327047424
-0.0146798982480722 -0.259534097664466 -0.00782893154529095 0.0865480870959098
-0.0525887437991051 -0.245845778895091 -0.0154781821351751 0.138895191943542
-0.132267887917255 -0.213055974182386 -0.0053622976987137 0.155754207209527
-0.188616472430028 -0.181571307689466 -0.0271152461042648 0.169944299381395
-0.195106721644428 -0.116178566194399 -0.0406290406729642 0.144238875058253
-0.227475420052745 -0.0606800927688403 -0.00890775697277047 0.139075477079909
-0.228457519784438 -0.0204656737996438 0.0181593498959786 0.164069216416276
-0.17606398186879 -0.00925965355088522 0.049351677628386 -0.14762872137644
-0.183395604508292 -0.0386745123957232 0.0533730853750762 -0.144342950985831
-0.161918438070746 -0.0850308986039528 0.0426280721334096 -0.143672639414984
-0.1479440112502 -0.122594471321659 0.0227361140766951 -0.178817075117757
-0.113481872725436 -0.157844163126788 0.00049172143321046 -0.183608749073838
-0.0553917149473457 -0.189250592346916 0.00459851955909171 -0.177979466099988
-0.0208719635391801 -0.219410633321645 0.0144738779037939 -0.143593210247355
-0.00369546345553579 -0.24144320599148 -0.00850615040695013 -0.0963206558631653
-0.0235771875142991 -0.257366982685951 -0.0224334534612862 -0.00542775613614106
-0.0688605936534331 -0.250648552002738 -0.0467692888891606 0.0753050465892612
-0.154387796179008 -0.213327453073729 -0.0397017682864282 0.128300307362191
-0.214907757837332 -0.167569027122348 -0.0325489462126821 0.167259483013437
-0.217168221411962 -0.095910631255316 -0.00503336115919085 0.150613408605759
-0.238963575593467 -0.0370463608088944 0.0554140869311967 0.14586031872727
-0.22761130614695 -0.00575467499552477 0.103239448009679 0.163525825152028
-0.127879129558896 -0.0164645396105378 0.114872174854095 -0.13787094464838
-0.124417554589423 -0.0401122342172828 0.0907545527867383 -0.128230853631165
-0.0939416676352381 -0.070638321944812 0.0635941251640397 -0.117693131009808
-0.0791709355107772 -0.0915841181907475 0.0268415428166591 -0.152070754079752
-0.0592485763179091 -0.107117680079948 -0.0043517926560204 -0.164748105409672
-0.0266775045513116 -0.128492346671186 0.00133693816025893 -0.189117597638795
-0.00909111929812249 -0.161677452095095 0.0124942458147464 -0.19809672817839
-0.00413398757019743 -0.189633310393445 -0.0106202433750655 -0.18005876172492
-0.0256758644504372 -0.209007914288375 -0.0421627371667074 -0.0922373914724592
-0.0657762141526337 -0.203204084221676 -0.0863370768442504 0.011683330758852
-0.134302040888682 -0.165852056153808 -0.0815909907313409 0.0979524181055629
-0.185246097783355 -0.121197805917462 -0.0418803888380106 0.153214590434525
-0.185366410249324 -0.0612473706452776 0.0304164325499935 0.145075167438575
-0.200210829126993 -0.0104087792564141 0.117845872475742 0.140728409457607
-0.185273946343696 0.006708229579564 0.179219299317738 0.1544786309274
-0.0661502818251455 -0.0158529989521496 0.157788741691961 -0.124564570879507
-0.0635128717511971 -0.0249398796548735 0.106678988022622 -0.109799562639323
-0.0382676048944345 -0.040245710275557 0.0688641949259935 -0.0925907938904422
-0.0296986894356189 -0.0481865028237948 0.0244975940745523 -0.125483591102785
-0.0219643043973287 -0.0537336241360247 -0.00553110915470382 -0.139993859708517
-0.0089934714999383 -0.0639504268660478 0.00462384462198003 -0.184650709678652
-0.00213422305382079 -0.0887202675740707 0.0151244492636093 -0.228810975600459
-0.00316117595147213 -0.108535587824009 -0.0129474092502349 -0.236825495530525
-0.0189160710304892 -0.120959676043084 -0.0616616790470878 -0.154280159647471
-0.0421495275474525 -0.117203643234571 -0.120682595728147 -0.0316923694240586
-0.0792347067032614 -0.0912178764611876 -0.116307317001774 0.0789707348593159
-0.110681495206689 -0.0613161043836423 -0.0520787820157173 0.138313703568027
-0.109634289062586 -0.0271362283458187 0.0563395167552323 0.135595475837442
-0.119658193357068 0.00704871832355822 0.160345140879316 0.130524854822123
-0.108404683847961 0.0106370270581981 0.228082735370808 0.141888520355552
0.00264624208267695 -0.00698603777608351 -0.225928481178116 -0.111766763721424
-0.00301007542964461 0.00132431472145941 -0.181600948871612 -0.0957136091337059
0.00105831807395102 -0.0116633224313932 -0.0869059870385243 -0.1070496929025
0.00231532351671672 -0.00536877563605065 0.0263238879521191 -0.106069935515165
0.00547322864464392 -0.00607849528601665 0.0988630317173984 -0.0747720674311374
0.00986651557389554 0.00103992988859399 0.0962119014211492 0.0332415237127659
0.00401667704226382 0.00777586880811301 0.0525701878139354 0.162842635382808
0.00313345138535801 0.00856703370483253 -0.00774578176451927 0.244350672780391
-0.00104870825091928 0.00756289641690876 -0.0112843525510704 0.237837560070274
-0.00195246893533736 0.0101515017164426 0.00420437398397299 0.182094491894099
-0.0018980246200174 0.00756859521994266 0.0144620047154118 0.132311615892879
-0.00610310468104183 0.00407961998588666 -0.00664688085721836 0.10522075525401
-0.00378120156364009 -0.0029316736536921 -0.056225018826915 0.0766870263766667
0.00365130543203308 0.00261196598424268 -0.0924898757776317 0.0757405539253267
0.00568785348950158 -0.00813776482553787 -0.159306680978772 0.119157967856352
-0.0813304072686378 0.00467987135203556 -0.220807524755928 -0.112532410949021
-0.0973692374238153 0.00604894309211311 -0.17273254284974 -0.0953270794446302
-0.0964201113073443 -0.026396997859381 -0.0864539687202494 -0.11044136125334
-0.0920633402301589 -0.0475822214893605 0.0188851484985681 -0.11891788727751
-0.0695919665772819 -0.0778720637487823 0.0903669741008366 -0.0931317225725359
-0.0317861631800242 -0.0937304470962373 0.093951795501074 0.0137193009304844
-0.0132779516265238 -0.0973340479835304 0.0563570599974937 0.145435009322675
0.00268936919266677 -0.0878435580011011 -0.00584423487874558 0.228250800008092
0.00075368796693503 -0.0731753510337214 -0.00931453269827628 0.234296982693354
-0.00287790727699281 -0.0504864446980174 0.00221200295672034 0.187692378518639
-0.0162069122134852 -0.0390541852009101 0.0147284114488643 0.139387340857263
-0.0268856743817081 -0.0436942221893918 -0.0105311253247514 0.113842511556427
-0.0301480700568172 -0.0409959755924231 -0.0612088892583959 0.0836843756215126
-0.0477109283177605 -0.0292079843914926 -0.0902170399309633 0.0800940714232145
-0.0645950256760276 -0.0213102246096997 -0.146516582991296 0.124261056399937
-0.150309334937746 0.012204629962078 -0.181276708259307 -0.121210439501356
-0.174140709303198 0.00578286810696478 -0.134575302099776 -0.109658315690546
-0.176058878643264 -0.0408416869354772 -0.0688720516957462 -0.12577803962093
-0.171455457760891 -0.0835403870735316 0.0112743446354656 -0.14442728214103
-0.13463550383539 -0.137274953071774 0.0682517391740768 -0.124513657677223
-0.0684334569804009 -0.171377331407655 0.0754167124178912 -0.0302247452545289
-0.0272253984066883 -0.183934538342251 0.05005643286307 0.0932103324090391
0.00205172928276588 -0.170952579277125 -0.00480354456756986 0.176675458423279
0.00107079024885646 -0.150838652248279 -0.00548196126081764 0.210421453252609
-0.00890490034394568 -0.119426149667514 0.00244110306327124 0.192083300690992
-0.0406902254804867 -0.0980738887634887 0.015268147984073 0.154783898271687
-0.0638928827679755 -0.0986930073652418 -0.0169532850620517 0.133016179686895
-0.0718082078064977 -0.079701434599616 -0.066295232205117 0.100881670646809
-0.107756280996415 -0.0563521443195238 -0.0812237210588994 0.0957853615152954
-0.133087401244577 -0.0299987907228876 -0.112544316526096 0.136353966619021
-0.190511385657535 0.0109447446334977 -0.11420683767659 -0.133264449148969
-0.216765305535571 -0.0039266237755078 -0.0746455060376446 -0.129108416341601
-0.218139661389199 -0.0592425202886587 -0.0365660805433867 -0.143872218303014
-0.213506627394991 -0.111872074760012 0.00780657662043165 -0.171148202081038
-0.168755861048232 -0.175527612236642 0.0394665610035442 -0.157626834101123
-0.0860866189154857 -0.21799178533767 0.0474364077969909 -0.0865145141980538
-0.0328895553669028 -0.234757510132953 0.036856479732514 0.01710412342103
0.000694678712733011 -0.228280029400698 -0.00455296649446933 0.0970391213229506
-0.00440889108633256 -0.216548115447327 -0.00252003240207119 0.160620880985762
-0.0258096116326783 -0.191031240994044 -0.00029187558840184 0.178344272167747
-0.0822827694377252 -0.163376038016039 0.0113175766274675 0.163249042193711
-0.124009475054281 -0.151124362118889 -0.0207474473611055 0.15438321415142
-0.132972930535079 -0.108952810736227 -0.0605529687021997 0.12473262472128
-0.172665172381336 -0.068262932325967 -0.0550123218751811 0.117361547755257
-0.190159217900553 -0.0303739698521593 -0.0559473398602764 0.149231287105717
-0.197380298464142 0.00234806491639806 -0.0325313191750754 -0.141532538075326
-0.217282558680904 -0.0221575174767467 -0.00793774409118296 -0.141688081745963
-0.210060835787388 -0.0764078995768169 0.00456831787830697 -0.151193830479049
-0.200779979839095 -0.126890313285974 0.0122113540328379 -0.183785883307106
-0.156168592860359 -0.182059114847029 0.0146661196924852 -0.179020543981121
-0.0782393628151845 -0.221553296497646 0.0209077205094453 -0.14030301585525
-0.0292976221201827 -0.243488435213009 0.0229303884757664 -0.066873030162592
-0.000735714767927388 -0.250678614176026 -0.00557896959448886 0.00209256531052261
-0.0128737651304857 -0.254027054771333 -0.00665588886559177 0.0848624107436375
-0.0492015024534498 -0.24108235715209 -0.0148847010986969 0.136984310997874
-0.127083330584883 -0.208412874207047 -0.00592181646625298 0.152454243127183
-0.185488889453415 -0.177575997141471 -0.0236165221567031 0.167069730158533
-0.19039305651065 -0.114717590600129 -0.0382888597365877 0.143520891451854
-0.223026419109073 -0.06020735781445 -0.00725614672334007 0.135186504849993
-0.224553137802122 -0.0208654821182297 0.0197417982743797 0.157917365032969
-0.173305739861878 -0.00873566542391943 0.046903108250825 -0.141511131003366
-0.180150053303024 -0.0370902634760017 0.0491002989491425 -0.139247516554509
-0.158042749061528 -0.0832093092720559 0.0396509976094395 -0.139507736324364
-0.144417943796424 -0.119491244613449 0.0201071270087581 -0.174251623853753
-0.109314549194855 -0.154489843731974 0.000397536851701394 -0.17946495801337
-0.0520425415812525 -0.186102148048088 0.00547439223907246 -0.174652853805659
-0.0182220260135083 -0.213848628827266 0.0151580172990281 -0.141004434427251
-0.00261123411306318 -0.235325985079819 -0.00710448365481862 -0.0931482493035217
-0.0219058342101711 -0.250885859865352 -0.0200401525553393 -0.00554177203805254
-0.0658007650576035 -0.245896075134707 -0.0447040499019403 0.0746723013807516
-0.14923963087643 -0.208574251980789 -0.039496666841666 0.126205720767626
-0.211452542495053 -0.163665754467013 -0.0294448905332137 0.164503644692229
-0.212377744515642 -0.0950695303827681 -0.00354790992814392 0.150097550802596
-0.234585234407188 -0.03666262943838 0.0554251609007435 0.14234266793631
-0.224263551721388 -0.00644675599278862 0.103482305056606 0.156990310428432
-0.125768051777948 -0.0157007465542333 0.11094148256972 -0.131505530932026
-0.122108344691956 -0.0385082346673729 0.0853273027689043 -0.122901316193514
-0.0914336804033551 -0.0686537124011414 0.0591113432555691 -0.113879663491135
-0.0766817613182741 -0.0889221394896569 0.024258955926347 -0.147550188453187
-0.0558000727806353 -0.104501221969367 -0.00380330481246132 -0.160500123321473
-0.0236952422901625 -0.126398668738485 0.00273728008083453 -0.185814923031284
-0.00729040503492166 -0.156827011826811 0.0137643322481386 -0.194646319495496
-0.00339931687009253 -0.184699389658129 -0.00865680190835662 -0.174920183344455
-0.0241232657490436 -0.204028493445708 -0.0385268220876238 -0.0908312768402782
-0.0629469854753933 -0.199480486713108 -0.083148288953362 0.0121178493628831
-0.130274661517296 -0.162243000851109 -0.0799900394708298 0.0973839472771423
-0.182748659631545 -0.118267177385372 -0.0383169124579294 0.151337270911644
-0.181827081594279 -0.0608548579289944 0.0314286478459688 0.144382627152942
-0.196273035897695 -0.0108486713319046 0.116527884023424 0.136767606609254
-0.182070080059925 0.00604148423088401 0.17721196282261 0.147256324336131
-0.0651389080337698 -0.0151396650627606 0.153212643488756 -0.118633607088296
-0.0622971415416647 -0.023672851623466 0.10010131875177 -0.104891569797315
-0.0368884069582928 -0.0391701144805536 0.0640643881733697 -0.0892614528322122
-0.0286339529355736 -0.0464454913791348 0.0215064740259349 -0.122043955153652
-0.0211393932346029 -0.0516664639838212 -0.00508376842185996 -0.136242010604675
-0.0072435141626763 -0.0631003222532446 0.00630909674637622 -0.180843503851191
-0.000870013133177425 -0.0858460329796923 0.0165439254064436 -0.224073883774543
-0.00338589231066022 -0.105209573045629 -0.00997571727073046 -0.2307252960837
-0.0185507456775836 -0.117798246273383 -0.0570298148886461 -0.151431999975948
-0.0412714898386565 -0.11476300752049 -0.116085057588058 -0.0307967225501784
-0.076608007902845 -0.0892037125023897 -0.113299254336933 0.0790211548321895
-0.108948852529045 -0.0595956421040977 -0.0491913177092852 0.136957059841554
-0.107955637789435 -0.0269025041778055 0.0565607705787781 0.133955255257607
-0.117216412535337 0.00655635637349142 0.159001547434571 0.12680175274388
-0.106583267288495 0.0106843231841304 0.225595635834595 0.134945985902306
0.00234179525867658 -0.00785357320905497 -0.231286361276617 -0.113173193101816
-0.0026338222042831 0.00199331687261385 -0.1876934873977 -0.097154621467624
0.00045656487925981 -0.0117162164390979 -0.0903121728917866 -0.107676076216658
0.00308104706284778 -0.00517652529587514 0.026285674059637 -0.107141333496051
0.00565677106445843 -0.0060526121996456 0.10017824228247 -0.0747647935307359
0.00966619253445932 0.000871627200588344 0.096495427341596 0.0343579335299934
0.00420716492750212 0.00840381258204244 0.0495631712593537 0.165570005435992
0.00346209510307828 0.00842750778162984 -0.0117618775010419 0.249290606974362
-0.00129993181722187 0.00741816343292212 -0.0149597823293006 0.24141581680464
-0.00166741995268149 0.0097036658999655 0.00162355195334654 0.18512199713808
-0.00165430692592807 0.0075841209553825 0.0147116026066382 0.133551775733207
-0.00621764080666177 0.00392649979374095 -0.00470655727571272 0.106210721100207
-0.00453525125013272 -0.00288381391842358 -0.0547808172916656 0.0769947697433199
0.00407846107094805 0.00275600618827146 -0.0912953393671101 0.0751697418930644
0.00539247218330419 -0.00845394923405448 -0.159404898865933 0.117391432639329
-0.08327219556077 0.00367930868599586 -0.226832988590502 -0.112601677673527
-0.0989517350656928 0.00629755955629866 -0.177386460409414 -0.0969745563547683
-0.0983710027744864 -0.0272352457266972 -0.08851193626738 -0.111566088709157
-0.0927175704924222 -0.049366169171784 0.0189054088922109 -0.120050697097523
-0.0702189338498803 -0.0801501680203046 0.0919397116772402 -0.093383294274019
-0.0318768909830716 -0.0963080124218905 0.0943097777688571 0.0144636468964843
-0.0119654729343517 -0.0987423859179213 0.0534755946761085 0.148080289358786
0.00384024130397027 -0.0889956428444945 -0.00956670900828061 0.23346875528048
0.0018965632652542 -0.0745020432074453 -0.0129535546703372 0.237555634959991
-0.0014172951669078 -0.051393000917889 0.000184496613621327 0.191418699763936
-0.0155899718422131 -0.0390584557730009 0.0144335322263598 0.140682748641212
-0.0271763691166055 -0.0439130618850289 -0.00884993303039438 0.114980112030645
-0.030478942801811 -0.0420180653047392 -0.0596350339505001 0.0846033961298752
-0.0477177601513703 -0.0299514635975034 -0.0890042389608042 0.0792475473019316
-0.0661852042809889 -0.0221664426163232 -0.14637816166553 0.122947752093946
-0.153131120864876 0.0106932709067599 -0.185901991296224 -0.12081376608036
-0.177545050149719 0.00574020484863938 -0.138459217979986 -0.109642524864112
-0.179538403108737 -0.042906060445616 -0.0712773424010541 -0.127607794171522
-0.173967273231462 -0.0863584873173935 0.0108766103805058 -0.146384862347064
-0.135884205298162 -0.141338802961112 0.0696052177684356 -0.125757025577644
-0.0676198678706357 -0.176757394590777 0.0764027197905166 -0.0304236549471978
-0.0255674694744894 -0.186803848015686 0.0481488223415742 0.094614856926664
0.00412399601241546 -0.174049342779867 -0.00716498856153304 0.180495673377668
0.00298659834430481 -0.152981342632466 -0.00734149854758785 0.213669561426086
-0.00662623829773387 -0.121922961140526 0.000149608824494154 0.196565548418546
-0.0390642205682776 -0.098885384205886 0.0140435031822565 0.156998184021416
-0.0645630106815984 -0.0998359812750889 -0.0149360414314724 0.134681807559295
-0.0728486962141087 -0.0819970552755601 -0.0649563242203588 0.103275834673192
-0.108775168092715 -0.0577869470001497 -0.0806090944170732 0.0952096494117353
-0.135416190104213 -0.0318949184613684 -0.112552781141562 0.134566857776127
-0.194250656453332 0.00980686278524908 -0.117065738217186 -0.131970017796967
-0.220797767212359 -0.00493907910772532 -0.0778249363384407 -0.128612529427233
-0.222412959083353 -0.0613771909866481 -0.0375892765345051 -0.145747853803712
-0.217016518692113 -0.116595473841929 0.00784657297546945 -0.173402784305609
-0.169419448551166 -0.180008857209618 0.0407221537078301 -0.159952590947335
-0.0847194203124342 -0.223809110919798 0.0484750657495973 -0.0886809089178259
-0.0304270015006594 -0.238843172891031 0.0363916566693993 0.0173681956542055
0.00371752798575038 -0.231072386621911 -0.00531406562156269 0.0998904966197896
-0.00125582320854884 -0.219522155175919 -0.00337740820175514 0.162489556059403
-0.022979881053658 -0.195028044504608 -0.0015492641935383 0.182457641606864
-0.0800355525381543 -0.165869433054235 0.00993138704014134 0.16568813410684
-0.125248341732609 -0.153518729558478 -0.0193283557494244 0.157203380453266
-0.134870195579863 -0.11226831182436 -0.0593378339446525 0.12804213579507
-0.175077628449939 -0.0706464498572055 -0.0549436763490481 0.117405800854775
-0.194298003098567 -0.0322951044414461 -0.0553753384248077 0.148674006491685
-0.201296862107352 0.0009961384973018 -0.033964363598421 -0.139758288662744
-0.221533725865879 -0.0230422633827629 -0.00993212216873295 -0.14123095182433
-0.2134833130857 -0.079450049383095 0.00375625327037951 -0.152661615823032
-0.203206748447075 -0.130475966879789 0.0119024496432141 -0.186398416139832
-0.156244739789893 -0.18643869944038 0.015958869170398 -0.181754978470647
-0.0765953017298099 -0.227668004611055 0.0223765769693219 -0.143544222579485
-0.0257577667818735 -0.247198379934783 0.0234523258973447 -0.0684224898262318
0.00220738400495014 -0.253591288919396 -0.00481607891423031 0.00351384585300311
-0.0106792307910809 -0.257844631963938 -0.00621509310077625 0.0855930225222738
-0.0463712934633167 -0.245758850051262 -0.0152563328493581 0.140354633458401
-0.125711192961165 -0.212325435305173 -0.00792040515872293 0.155655958242581
-0.187839883732183 -0.180922519252076 -0.0222841358285388 0.170720520626551
-0.193230176329344 -0.118952302575888 -0.0372295323148855 0.148049280454533
-0.226472614110896 -0.0623633722346883 -0.00715085400854646 0.136474156037913
-0.229810101261227 -0.0226946837776568 0.02218723339858 0.157434058646414
-0.176718289902078 -0.00894233168747113 0.0467345319696146 -0.139691139329597
-0.183464225678112 -0.0379153396242392 0.0480666853974875 -0.138163031314693
-0.160772875169144 -0.0851863312324291 0.0396147308033683 -0.140299453708399
-0.145342876131579 -0.122691268641582 0.0197131314373568 -0.17633634835693
-0.108060487525928 -0.157933659336676 0.001763008760818 -0.18204591484456
-0.0491993154219213 -0.190811368771988 0.00739331046922193 -0.178498136755679
-0.0146170955239769 -0.21682228450853 0.0162987588313278 -0.144085658031377
2.85554948793454E-05 -0.238227459778322 -0.00498100534839476 -0.0935996347870328
-0.0196040882878142 -0.255703800846884 -0.0184087472901657 -0.00607640677648902
-0.0635043610069046 -0.251389366947422 -0.0451281756107219 0.0761375524860014
-0.148218472860437 -0.213212680825513 -0.0416261354722153 0.128848710379905
-0.214769187648701 -0.167383586904675 -0.0283343073778657 0.168131140727759
-0.216461126887369 -0.099321867045288 -0.00223449102194456 0.155596667753183
-0.238738148182476 -0.0390222727895047 0.0566782449313136 0.143711434391654
-0.228807697407833 -0.00808128014338182 0.106647058450875 0.156475160180549
-0.127659847832737 -0.0157212752001043 0.112300139797658 -0.129872334865232
-0.123967023784146 -0.0385879816217551 0.0839001395501157 -0.12178443969092
-0.0918616303779535 -0.0700881548832895 0.0585273288106223 -0.113598773342338
-0.076636041107741 -0.090213499656297 0.0232482629893753 -0.149387907681202
-0.0546592340769078 -0.106213230405145 -0.0028681968961307 -0.162579553044292
-0.0212983933955927 -0.129379242123928 0.00481346453315237 -0.189625853853624
-0.00394437432119422 -0.158448217248731 0.0156909564501269 -0.198004871283653
-0.00165441483568269 -0.186568290070965 -0.0053770454570622 -0.177654880932559
-0.0230744312654393 -0.206767634438743 -0.0355118692169153 -0.0930915604335712
-0.0622014923750592 -0.203630454358419 -0.0825601097459959 0.0124579899278612
-0.12992236376053 -0.166137940630785 -0.0819483460180607 0.0997571380478302
-0.186129126261903 -0.120946764101394 -0.0380196542988806 0.154895308892279
-0.18519235130332 -0.0640750962407354 0.0331205316350064 0.149134265422594
-0.200288417559123 -0.0123368374307324 0.119015231820524 0.138304652536389
-0.186330699983717 0.00528544683102214 0.181430341779897 0.147047267473049
-0.0658317358489442 -0.0148556104704107 0.154909207420827 -0.116504329535963
-0.0630292257646073 -0.0236965061949555 0.0986511258763646 -0.103362219873019
-0.0365758683923755 -0.0397592452142022 0.0627316669747118 -0.0888085071839024
-0.0283466414126602 -0.047052137789439 0.0204983696747564 -0.123138723515315
-0.0197641591248638 -0.0521677623680435 -0.00445402717318904 -0.138073659728242
-0.00532308558364953 -0.0647435807914351 0.00847258560766761 -0.18459033773362
0.00103782395939945 -0.0860036624675868 0.0200065421818806 -0.227883677675382
-0.00227007515815907 -0.105772516156583 -0.00586245835401015 -0.234610589044904
-0.0177611227745422 -0.118721860871274 -0.0535388436425768 -0.155249866802243
-0.0405748549351692 -0.11750670835761 -0.115527131621399 -0.0317452346890038
-0.0769858238631846 -0.0908523733446146 -0.114282241285598 0.0811757375487179
-0.110861768961947 -0.0604148866774036 -0.0492772427994479 0.139874670833898
-0.110219748906058 -0.0283883967959396 0.0584806823354627 0.137163408078731
-0.119880385823838 0.00598081846087517 0.162397565375986 0.127813942017587
-0.108833856239226 0.0102773329824655 0.230301806381196 0.134735663340041
0.00196588217498493 -0.00919335517330692 -0.246628443613622 -0.109828126624461
-0.00192451262946311 0.00320335426669317 -0.200016908587726 -0.094612136340755
-0.000213608654692213 -0.011786566704457 -0.0981387888097786 -0.108250251206012
0.00399004493284283 -0.00590165875258362 0.0243378124031006 -0.111710566436055
0.00573674827841655 -0.00646595757634968 0.101881986874373 -0.0800752738854029
0.00920700323226854 0.000772848027311221 0.0994171468249497 0.0334331625673601
0.00470198215950903 0.00874700605055549 0.0526393760461301 0.170820157937646
0.00367757193695524 0.00846605499889828 -0.00796556115727392 0.261564559659519
-0.000936833741603122 0.00767593178483993 -0.0118357099637823 0.251605907506662
-0.0011727868334383 0.0100543616956437 0.00573062359767091 0.192925740831542
-0.00174660579106302 0.00766322204533116 0.0188198399869178 0.137348783837146
-0.00722312627939076 0.00454144100340782 -0.000186129011712781 0.10961468668617
-0.00495185322441263 -0.0029084960318218 -0.0527319182765547 0.0809480319932794
0.00519265669779297 0.00259539139179682 -0.0894068986043774 0.0783351202259903
0.00492969642282083 -0.00859929629174601 -0.160572735192365 0.123718529284087
-0.0870068307262458 0.0051133423186142 -0.24088645550396 -0.108815713235463
-0.102366487732357 0.00926012607343215 -0.189156149373044 -0.0935493307965434
-0.103846546086067 -0.0261528055378781 -0.0967286042487776 -0.112534915259371
-0.0977032421093362 -0.0493944263127298 0.0162756816465795 -0.125212091963631
-0.0751034939972979 -0.0820622447642681 0.093103190723995 -0.0995028333961243
-0.0360253715920595 -0.100220016206703 0.097255051460575 0.0119648741760158
-0.0138129471125625 -0.102672486494811 0.0568618815241656 0.152683735333166
0.00243275355767564 -0.0928689915657015 -0.00600006248468348 0.244370907764295
0.000706405598109104 -0.0769962847132261 -0.00896442528383146 0.247589563966311
-0.00171825986804239 -0.0541881929144381 0.00381157012058862 0.199569712861866
-0.0158246986385017 -0.03995193823132 0.018239088433333 0.144666474867965
-0.0296492775789184 -0.0440817375618223 -0.00359804953825894 0.119385907715811
-0.0331804717665479 -0.0431340073024277 -0.0573909437271345 0.089590897032786
-0.0497536121794854 -0.0304395245835409 -0.0876732261754811 0.0830316247592428
-0.0697990406879788 -0.0213962735679452 -0.146960943083869 0.128329080985497
-0.159846379321621 0.0142942433426897 -0.198394574555282 -0.116744593235647
-0.184626941354074 0.0104667788607634 -0.148992811032585 -0.108267460422449
-0.189286867713927 -0.0402342223732896 -0.077945602700745 -0.130309957140482
-0.183351650420355 -0.0868390377173057 0.00690486435961915 -0.151838613659446
-0.144646469455005 -0.144600601270544 0.0694452286228349 -0.132804581176701
-0.0743029603139103 -0.183847279140445 0.0780267433663784 -0.0341989897668815
-0.0295008772270128 -0.194672192632788 0.0504750357335317 0.0972916275239565
0.001569081367725 -0.18045687770616 -0.00356255123330759 0.18936582314144
0.000400650111908985 -0.158667446497106 -0.00301116504189019 0.221320889684983
-0.00794259912260791 -0.126929186744383 0.00522308743970651 0.204811267832759
-0.0414310883817815 -0.100989505793876 0.0181972771682444 0.162226314829735
-0.0694799508318429 -0.101183851910617 -0.00988682964501456 0.14038208843659
-0.0777598631626559 -0.0839510495118668 -0.0615385320162122 0.109488814839379
-0.114476363976845 -0.0576650654211628 -0.0793749262185379 0.0992606675875566
-0.142578080240037 -0.0294383759281214 -0.110943108198235 0.139637487200684
-0.202777475473561 0.0143332327250854 -0.126528034271066 -0.130276237389334
-0.231170108672198 0.00131966228845793 -0.0862963670037704 -0.12979884933089
-0.234069661636534 -0.0578546944555536 -0.04341039365754 -0.149741333366716
-0.228437291478831 -0.116108945330122 0.00240541459336371 -0.179696957272263
-0.179891909170928 -0.185094181643267 0.0386874029477046 -0.168172504056424
-0.0934724316564544 -0.2332117152834 0.0479634972928868 -0.09419647708712
-0.0354053169021236 -0.248243427745206 0.036924435390963 0.0170828518095584
-0.00083358126143799 -0.23999990677527 -0.00239506591354038 0.104992313358044
-0.00553539719022441 -0.228309556716328 0.000252011972795429 0.168777301110439
-0.0269978517269592 -0.202476750981276 0.00317788733464887 0.191269695718661
-0.0849870394901705 -0.170059180928633 0.0139640646091067 0.172420887681077
-0.134534760257866 -0.155335941985342 -0.0134113386598928 0.164298507462817
-0.143466817284356 -0.114530339089723 -0.0547831507025715 0.136134511594252
-0.183625541128902 -0.0693607081083875 -0.0524301919593439 0.121810586749751
-0.203744937761008 -0.0284825153969542 -0.0511795982005939 0.152278006439413
-0.210080589882756 0.00623975302824606 -0.0398110432644373 -0.140575896545564
-0.231674251760411 -0.0171663693439824 -0.0155210638238604 -0.14366685875298
-0.22478265771623 -0.0770763704805857 -0.000902152379172222 -0.158432541447214
-0.215071150414795 -0.131908413274852 0.00598214412445402 -0.193562961021804
-0.166200689097993 -0.191850548606855 0.0123564664984302 -0.190362335339813
-0.0835170553153048 -0.237199815493429 0.0191432308332742 -0.151157104195242
-0.0305143710466633 -0.256796871659404 0.0223331533983745 -0.0719960575050371
-0.00265020768322311 -0.262890434782706 -0.00333888487953779 0.00403902774801168
-0.0157707582182718 -0.267894457579358 -0.0034089434023723 0.088984986685128
-0.052635664305339 -0.256230250870706 -0.0114324910078356 0.147462852047445
-0.133126035575959 -0.217681173615798 -0.00493487068279739 0.162957252394701
-0.201061090322557 -0.183084115311859 -0.0166098513681747 0.178376018424768
-0.205712037732361 -0.119970188643 -0.0316304257467622 0.157456729355715
-0.23804376380465 -0.0600795046849373 -0.00251584682394007 0.140408614790537
-0.240266611214013 -0.0176343427862007 0.0292260844455836 0.158983329883183
-0.183818301831234 -0.00488444888314909 0.044243959043545 -0.142416263018141
-0.192251012770421 -0.0334258792958925 0.0439886284964806 -0.141455380843919
-0.16902593484774 -0.0843100587325068 0.0355265584776767 -0.146013338425236
-0.154141281229967 -0.124079747120022 0.0141558333604006 -0.182753719595617
-0.114941943292461 -0.162294389539806 -0.00226321541993561 -0.189592600668173
-0.054047341999271 -0.1985831047711 0.00344637993617805 -0.187408404195022
-0.0183270327767532 -0.224441249100222 0.0133682668806415 -0.150301158571727
-0.00443782196456582 -0.246923281665658 -0.00570530255109987 -0.096910556231621
-0.0252793951199416 -0.265345595828892 -0.0169410084758442 -0.00642397615297293
-0.0706431291908441 -0.261246448333731 -0.0433143914503768 0.0813446927801866
-0.156950327193409 -0.218280359220192 -0.0405573021359597 0.136804379532366
-0.228931492347968 -0.168724201454424 -0.0227583893817187 0.176594348511648
-0.228794243766455 -0.0993277791768445 0.00458708081356813 0.164251108932553
-0.250073903078608 -0.0347306502451396 0.0637154809832163 0.14647363747371
-0.238901306987532 -0.00166494490205146 0.117025856291327 0.15498534082468
-0.133033767555577 -0.0126289938850749 0.112464277001861 -0.133824103860346
-0.129578423738106 -0.0360755884096157 0.0814953982051785 -0.12551728401348
-0.0970002706650504 -0.0704080821859861 0.0560624361211576 -0.118493486629449
-0.0813460098464444 -0.0916069804979172 0.0177059543202147 -0.154584184557564
-0.0574301956092342 -0.109704009107684 -0.00669032892904581 -0.168610821329633
-0.0233263594846589 -0.134896654946478 0.000862822397334093 -0.198400796939618
-0.00620321503742791 -0.164069906203654 0.0123252487131099 -0.206630325026107
-0.00475401429794108 -0.19304256187156 -0.00761250819681938 -0.184407462008228
-0.0281945898586242 -0.21393433727469 -0.0362224495529051 -0.0968311055451508
-0.0686211331139342 -0.211435629687929 -0.0836437020883601 0.0150508942838032
-0.137300903004186 -0.170644671472412 -0.0824823853860023 0.10715374790778
-0.197131337604411 -0.120566656474182 -0.0337014505085506 0.162611278629404
-0.195255344084937 -0.0625592736765641 0.040870299168471 0.15623452928247
-0.209422002697209 -0.00722935577166132 0.128600392608222 0.139406659639429
-0.194290971828439 0.0106282911358209 0.194446201083385 0.143472110668586
-0.0685712454715948 -0.0134751735349132 0.157182946943848 -0.12079599554033
-0.065698507143957 -0.0222156912730416 0.0968050152725231 -0.107245423957256
-0.0387271237929192 -0.0405837986404805 0.0603210162644882 -0.0923670158323146
-0.0298260559753935 -0.0476460459089357 0.015716199069768 -0.127906684638681
-0.0203461437890115 -0.0544258596560897 -0.00819032731227649 -0.142952624759853
-0.00585090308297927 -0.0677962526222676 0.00449325424490839 -0.193067739547056
0.000863308402682101 -0.0889994070251621 0.0160255956137738 -0.238174202202906
-0.00424996100914951 -0.108824819723348 -0.00856282748154168 -0.244094622430173
-0.020919563077362 -0.122044756648904 -0.0558702959299196 -0.160815197207967
-0.0453059986011562 -0.121359441522474 -0.118506261499133 -0.0300532787170578
-0.0809369678703958 -0.0937492698277684 -0.116069968426254 0.0879942659355406
-0.117116871754895 -0.0592472059740664 -0.0455815692481318 0.147317865983795
-0.115934844238682 -0.0266723005952093 0.0666707000021245 0.142456338333775
-0.124734664786913 0.00926077438231914 0.173690165532593 0.127140353011709
-0.113115749607 0.0135576261563624 0.244286457110387 0.129330924330528
0.00663094386006772 -0.00482714201046746 -0.184947832144617 -0.212958322395571
-0.000310940985044441 0.00579577520517599 -0.146724931156002 -0.17594576759909
0.00466558338760606 -0.00873272288515235 -0.0437752052948853 -0.142433330108475
0.00556242935404459 -0.00288318864517781 0.0715156111096015 -0.0926450255948773
0.0061978151277079 -0.00394431676858513 0.129527795897727 -0.0299398632578839
0.00702489879167624 0.00439244947133228 0.0752984441866426 0.0742209145455187
0.00151470304787137 0.0118430876802112 -0.0308344525514971 0.179070078360275
0.000408374369493474 0.0102503993920179 -0.123553524025651 0.236608852024701
-0.00251699862567509 0.00740419172082578 -0.12217473132106 0.225101661348623
-0.00378865610474999 0.00928741750499294 -0.0796181973344724 0.178631452360396
-0.00450972518598607 0.0065217997923751 -0.0422100957556918 0.133509374138034
-0.008358560197879 0.00240469874637571 -0.0468866643281552 0.100921041879674
-0.00510758395397254 -0.00423939478055281 -0.0824768172659764 0.0515355208939263
0.00311338811902653 0.00623773841364748 -0.115052936654005 0.0312025307033137
0.00793512588761658 -0.00468255161650858 -0.203322728078461 0.0353474355028181
-0.0830765807661599 -0.0325300530625795 -0.179239265180097 -0.205891833546541
-0.0978410854552923 -0.0333663857136757 -0.134483366464265 -0.168611509315644
-0.0860512605207517 -0.0686789047185155 -0.0381424548590802 -0.142393501073939
-0.0683691584498531 -0.0880271743985933 0.0683251668942106 -0.105865677280946
-0.0340105995889586 -0.110225933820174 0.125979918579329 -0.0478157746942398
0.0111750463773309 -0.110516857142528 0.0798828091656643 0.0555409242032436
0.0341427658556303 -0.100407782454058 -0.0199960305134287 0.164378317046679
0.0454178176319514 -0.0847393318181819 -0.113559210550999 0.221266278136446
0.0366055992121449 -0.0694384006463284 -0.116559648145613 0.222256156907169
0.0238215934810917 -0.0493402502460547 -0.082475627558496 0.18368990899316
0.00368011816630583 -0.0430418508040328 -0.0445685802430391 0.139216785369757
-0.00793073884176716 -0.0506977091418036 -0.0541107963591655 0.106481402883362
-0.012558271195301 -0.0541243502731998 -0.0898811644676035 0.0568118892652906
-0.0331948196304339 -0.0484792799671736 -0.114917972139718 0.0349513122760677
-0.055537291533842 -0.049119838335056 -0.192323693431306 0.0452828924348639
-0.155541382500583 -0.0567908064605348 -0.135124556711346 -0.191670782765069
-0.175934095122467 -0.0690647550793564 -0.0884858347642074 -0.162087813960882
-0.160340516820767 -0.120281906270611 -0.0122530299663016 -0.148114677772705
-0.130810967708018 -0.159748917910863 0.070392263820133 -0.132233730266432
-0.0701496640513443 -0.198702923563869 0.115363408333663 -0.0866639494984639
0.0128214172567806 -0.205211227266896 0.0814301108434122 0.00488734096441392
0.0613499732163391 -0.193205777404757 -0.00158976281356128 0.111177456543568
0.084396636737022 -0.167104230646643 -0.0873512197673223 0.171640256540363
0.0721345518261367 -0.144957585672199 -0.099019033052075 0.201862734765547
0.0499800649736814 -0.119827607276237 -0.0824286367216651 0.189427989955352
0.00752305878787351 -0.110163584440383 -0.0519140463896278 0.153684669960452
-0.0197499920078688 -0.119906760645144 -0.0681759343176985 0.121360925623838
-0.0356887307219837 -0.1117215435924 -0.102452587788759 0.0726506670626016
-0.0808212099366532 -0.102171678464647 -0.113720679215343 0.0527878976750102
-0.118751972212511 -0.0890198067416664 -0.164419671268649 0.0720387569396331
-0.196319527762369 -0.0761077723119487 -0.062040606217877 -0.169949367533487
-0.216365499951392 -0.0988739012037416 -0.0190323338922828 -0.152729606810033
-0.194142418673081 -0.158178275633518 0.0286694739430694 -0.149593558179975
-0.159892420369241 -0.206292720207406 0.0772762868670484 -0.159139267949386
-0.0840448059770557 -0.251362397298071 0.100299701988177 -0.131655545304173
0.017804925039089 -0.259533105355801 0.08016370101953 -0.0630555021602452
0.0800913380454538 -0.246591861383769 0.0222363569573508 0.0314157631478459
0.109135870952259 -0.223304324036287 -0.0495200306999303 0.0946494926011609
0.096706493721045 -0.211478025972966 -0.0712958902688573 0.155624988927221
0.065825802359895 -0.198362661961579 -0.0771033995832352 0.17617569361105
-0.00225599522622587 -0.193119369553512 -0.0595009810948129 0.15925561058333
-0.0548791829455439 -0.198215922916887 -0.0827275680375468 0.139475279697171
-0.0818831827297192 -0.169553597507368 -0.107989716880007 0.0990439629638116
-0.139780770142508 -0.143303652054241 -0.0990896262911309 0.0842547057445009
-0.175824113923 -0.115396793763287 -0.113914302036932 0.111279851865231
-0.199916409570067 -0.0877920524977573 0.024113780160251 -0.139824485238381
-0.209194214838855 -0.116524768526796 0.0521810540138098 -0.133847745045832
-0.176811848760778 -0.171141110069775 0.0711117217107067 -0.138231352456739
-0.140715825936984 -0.213943350188944 0.0857467784044336 -0.170578793316441
-0.0676725636258341 -0.249550407797644 0.0857390627386637 -0.164577249565453
0.0278895564333637 -0.258049695590412 0.0797271417495256 -0.128466803901636
0.0884201342798312 -0.25233708488393 0.0490558978239148 -0.0565145723095674
0.117872638954408 -0.246092313849411 -0.00590790353253922 0.00141701316494931
0.10460466991352 -0.253082314661862 -0.0387273469266862 0.0807396518824373
0.06437941150384 -0.259904954440045 -0.0703399415835289 0.129312920721588
-0.0256962123183431 -0.259459104510763 -0.0726275943205323 0.14127366921263
-0.103555808023124 -0.251992125958126 -0.0925931073815525 0.149175075641179
-0.135915342132913 -0.202819296786091 -0.0971325940452226 0.127940708823523
-0.193163120534431 -0.158313871462594 -0.0617718583982629 0.123287681119624
-0.214101381098543 -0.12182839882258 -0.0432359234869233 0.155021681456588
-0.170765522214969 -0.0864277363827519 0.102877908201163 -0.104166308300406
-0.165466203424019 -0.114581394239751 0.105228850662043 -0.105396895716809
-0.121621768952989 -0.153196460719815 0.0973456068398769 -0.111148188426057
-0.0876013776433193 -0.179859518147745 0.0880486481029137 -0.158891618969567
-0.0329626478362295 -0.199747315632412 0.0738503910948316 -0.172355494643199
0.0388381588007767 -0.208540910342971 0.0828393618195101 -0.169692840916823
0.0848863424325894 -0.217025108090311 0.0772595054552232 -0.132471365284623
0.108504744257171 -0.23129067586992 0.0373596161633901 -0.0922117835207289
0.0935740540570864 -0.254243452474044 -0.0087905354120981 -0.0126776299182575
0.0491456961264994 -0.272725523363085 -0.0703019713537788 0.0551755906411856
-0.0477492947354129 -0.271868990362733 -0.0936906564820088 0.101643979734048
-0.135635172608048 -0.251070497530041 -0.0990120988633323 0.1442683132976
-0.166954747424774 -0.193618808224676 -0.0678730767183311 0.149975125979999
-0.215195297311948 -0.14044369035613 -0.00349070224593581 0.159417048249384
-0.219998703105244 -0.106788193464561 0.0392117413359518 0.193271474377991
-0.119910635682356 -0.0712580310379263 0.162633290186694 -0.0676967754015608
-0.106263085973915 -0.0891621280571012 0.130841653285583 -0.0743796359445796
-0.0601848422962853 -0.108093818860443 0.101730809420973 -0.0792714585964334
-0.035417741275444 -0.118236997098285 0.0792571600353245 -0.13327171425105
-0.00422939421967135 -0.125117153447397 0.0629355771850637 -0.157188761561401
0.0386335614887194 -0.135518110924842 0.0872830285674584 -0.182167198451896
0.06922029192404 -0.156059683115172 0.102603750838235 -0.184785941566553
0.0831391410438 -0.181701964010256 0.0748745276820467 -0.172551331699751
0.0683297639464347 -0.208701933135021 0.012571513962152 -0.104717940984745
0.0284360507294823 -0.226035985069324 -0.0785300478218861 -0.0229287997721962
-0.0518814888558105 -0.218142924593165 -0.119851838188233 0.0578227816106441
-0.127378640038459 -0.194110329176199 -0.103802249829502 0.128418154924695
-0.151893961868105 -0.145086941220732 -0.0318047353421163 0.160068947893874
-0.18886204568865 -0.0969279668557414 0.0588639040942103 0.183375549237822
-0.183726838695444 -0.075418742160776 0.11610769252268 0.219785825730619
-0.059781581320428 -0.043851038619661 0.198830778189766 -0.0371197376670418
-0.0530890748265838 -0.0482724776414777 0.134464951112321 -0.0527351903487968
-0.0192990560012653 -0.0550251069816176 0.0934863854578954 -0.055967890398432
-0.00673924544889984 -0.055506771110859 0.0660424733765409 -0.110734467737339
0.0050946913138387 -0.0575615906749684 0.0524381952404525 -0.134838980756953
0.0244308832703292 -0.0654781940321969 0.0898279266574413 -0.175886463288807
0.0412930181794942 -0.0837995959334505 0.121353304760958 -0.211143524865549
0.0452659742683865 -0.10331848355086 0.100524784167234 -0.227675021376731
0.033742035827227 -0.121162465719385 0.0225467686853297 -0.172164947027965
0.00989887717065167 -0.13194284378305 -0.0915305927435869 -0.0789904395867748
-0.0341743780222172 -0.122015543556694 -0.143050132555582 0.0277166141639993
-0.0812121339541511 -0.102694870572095 -0.108294131722505 0.112186763794764
-0.0942409369616074 -0.0754862042679443 -0.00192532060215772 0.160881505293973
-0.117228224495084 -0.0439305928851038 0.105915102549055 0.193859743539807
-0.109648068294797 -0.0369017179231244 0.168260681775547 0.231872101923178
0.00523213252260316 -0.00590679396764592 -0.200172656101398 -0.196791592689302
0.000979649999925678 0.00660231765682358 -0.15887835540484 -0.162175322929291
0.00323832681387746 -0.00820764693537973 -0.0538424439870179 -0.136357167375545
0.00560326995738776 -0.00338814582866018 0.0642654856880344 -0.0959924800832123
0.00533899627558869 -0.00361752682381185 0.125087342239243 -0.0378370335128222
0.00596246537405507 0.004611054211163 0.0771573426223097 0.0675200259053444
0.00199641348094259 0.0117026621215674 -0.0221349359860753 0.178043511503267
0.00072543208802109 0.00991147115467633 -0.108230648114367 0.241741077785097
-0.00200181264341984 0.00714376303200266 -0.107415641094048 0.23031634182294
-0.002871198705167 0.00866552735567655 -0.0669016540059528 0.181498784548163
-0.00438156919956402 0.00656350825819663 -0.0314843069147602 0.133446035536944
-0.00877286270995875 0.0029942416927431 -0.0368783888310275 0.102456311167753
-0.00625590499596213 -0.00365971516473617 -0.0753213650280842 0.0570247318304637
0.00392544162345487 0.00569117323811082 -0.106995014394739 0.0373923638840396
0.00746282031193276 -0.0048743795308782 -0.194571103254351 0.0451638370134237
-0.0848451834222135 -0.0276820751047911 -0.193404172525438 -0.189428434714098
-0.0980845733460515 -0.0262416161719167 -0.146363789786766 -0.155386111678117
-0.0902317025982134 -0.0618816004478373 -0.0486279447801844 -0.137164052711209
-0.0727875656353961 -0.0833714563097609 0.0602375870758554 -0.108532313412036
-0.0405950870267233 -0.106820082828755 0.121406235620488 -0.0568333192109373
0.00346150485973685 -0.109423251851022 0.0809826303219085 0.0479054911033599
0.0280476106709324 -0.101477543125714 -0.0115679228708016 0.16273755846892
0.0399340655024721 -0.0860582230492418 -0.0991569302533032 0.226058404148222
0.0321372031499847 -0.070496229029958 -0.101681143727443 0.226334302891975
0.020907206638613 -0.0506315739319477 -0.0696548609991326 0.186631841692411
0.00101962842553548 -0.0418610478501419 -0.0344899547309291 0.139094467086154
-0.0118212586309717 -0.0486720155089378 -0.0432212627242951 0.108796041510912
-0.0169028953734631 -0.0522338120377839 -0.0812936041891882 0.0629485835898967
-0.0351486978224874 -0.0456331787095284 -0.106946583839531 0.0407419778844583
-0.0577325873967607 -0.044491612086181 -0.183247873608159 0.0543163233517012
-0.157720526780965 -0.0466620980967838 -0.148706139816358 -0.176958564362627
-0.178288596751288 -0.0560590970989679 -0.10005058533718 -0.15169975625936
-0.166340816776344 -0.108296720870019 -0.022603735795066 -0.144391780984934
-0.139916881359026 -0.15015357162243 0.0600469679708743 -0.134136910320661
-0.0815181224736037 -0.192093620816722 0.108567430266461 -0.0943454080407607
-0.000932854358507841 -0.20384305453541 0.0796504881334856 -0.00191601413643635
0.0492888188498595 -0.19465368891044 0.00385561382840408 0.109369188722517
0.0730183717858083 -0.169006712916841 -0.0757729207366862 0.175175897298425
0.0623445040161559 -0.146681942627467 -0.0849693965153136 0.204919604633803
0.0423899185278172 -0.121487428089475 -0.0693525560461148 0.193355618662234
0.00147597709910607 -0.108160157861875 -0.0408297943860074 0.154462473139556
-0.0277890462375239 -0.115560488375171 -0.056476520029463 0.124614361627338
-0.0426968230875853 -0.107938762331955 -0.0927572663703678 0.0797258739389646
-0.0858015984065313 -0.0950005427988438 -0.105373836301514 0.0577419105124843
-0.122435305482011 -0.0796551502302643 -0.153551137656331 0.0790996964908644
-0.199258835285077 -0.0631570555509089 -0.0740124379180692 -0.15968689616766
-0.219864793835818 -0.0829014161391428 -0.0309784641949579 -0.146687710407788
-0.203206792705343 -0.143523280394754 0.0175782315467439 -0.14910818927395
-0.171439509286828 -0.194227219895404 0.0648181385910914 -0.16125555229341
-0.098712008010753 -0.243116178372956 0.0913269589981168 -0.137734152023241
0.00127946816771371 -0.257941045097889 0.073880406936715 -0.0691963179714591
0.065024561199194 -0.248260505971564 0.0232081867625796 0.0292613135497175
0.0942887136567272 -0.226563310442161 -0.0423631688246438 0.0966447700558699
0.0827855102875028 -0.21343882085577 -0.0592660927597385 0.15714994918972
0.0537076122595392 -0.200126050217938 -0.0637852773559275 0.179888617701702
-0.0128015791022227 -0.189381989281607 -0.0490537759651327 0.161353649086402
-0.0677731468476195 -0.190666315542723 -0.0702996000481347 0.143804544039899
-0.091909527274578 -0.162155673223441 -0.0962205936270616 0.10656492913321
-0.146582671126449 -0.132480834073607 -0.0901652882055324 0.0881531270839795
-0.180785590090138 -0.101751679151555 -0.101925100535962 0.113932559763082
-0.20309274127776 -0.073524141240116 0.0125943096457288 -0.135616188233797
-0.21452977434271 -0.100944553277059 0.0403635213061807 -0.132850639480316
-0.18630573358635 -0.157677920272883 0.0599751870893096 -0.14040007925802
-0.152478068804149 -0.203104339734769 0.0719398975411847 -0.17337149559993
-0.0822369169442058 -0.242882526899518 0.0741984061293573 -0.169018290687456
0.0132143442330812 -0.257433591275434 0.0698654985566048 -0.133355198688032
0.0732319105482607 -0.254163480496333 0.0442022794935677 -0.0588095200799668
0.101705399675527 -0.248155804941478 -0.00506179501659602 0.00241955166985744
0.0879681892439939 -0.25470495887521 -0.0314220854094166 0.0822619760136335
0.0491103582138858 -0.260898342657007 -0.059769709793112 0.133283952692281
-0.0395533063231127 -0.254317149885616 -0.0630581864494524 0.144855785464167
-0.118849424729943 -0.241649895836357 -0.0797804788380263 0.153694313477117
-0.147931188952228 -0.191737660158128 -0.0833394740299634 0.134511091132664
-0.201006161156491 -0.143291967045482 -0.0513244730664622 0.124213823848245
-0.218971617719899 -0.106148930092204 -0.0296152425109452 0.151796569891654
-0.173963548243079 -0.0744455549222655 0.0931640740626042 -0.106008210097816
-0.169932222820297 -0.101102366183134 0.0941403591033382 -0.108232059109486
-0.129856057750539 -0.142968177584836 0.0869352732495199 -0.115509494057814
-0.0979394332725809 -0.172086488236338 0.0745750048539486 -0.161721672460161
-0.0439189360413998 -0.194959287565899 0.0620006336542661 -0.175117321637718
0.0264381467993502 -0.208967126225653 0.0706692969689814 -0.174354040462054
0.0725335988909919 -0.218823709490031 0.0677329938167146 -0.135667153206945
0.0929637402931316 -0.233930201228186 0.0326713086857492 -0.092710747943524
0.077803740442039 -0.255996619724553 -0.00755679920787112 -0.0118389771972566
0.0332555589139198 -0.273188640084153 -0.0642954086629923 0.0597304061083025
-0.062804473387583 -0.265212804273906 -0.0863140160413428 0.10729325630506
-0.150811066747704 -0.238634883743557 -0.0867921213813547 0.149497271357265
-0.177694778872099 -0.181324010550092 -0.054023257837728 0.154679657654739
-0.221072666761331 -0.124485031549085 0.00776393061742702 0.155791212357029
-0.223346514721327 -0.0904767721961083 0.0542154875355341 0.183864313459949
-0.122403221903312 -0.0625312294064314 0.15447994202952 -0.0741875173894282
-0.110504192692301 -0.0799540430456267 0.120246254273497 -0.0795020702641197
-0.0659323562114467 -0.102447337795975 0.0929720965144987 -0.0836689204108784
-0.0416074100795628 -0.114112108300389 0.0671233055218518 -0.136107541294025
-0.0107220418224021 -0.123154146293495 0.0512247406825893 -0.158795166692198
0.0310987921869742 -0.136459734175939 0.0744605098164241 -0.186136460975068
0.0601601865393369 -0.157120096462393 0.089612923434015 -0.187857907564944
0.0713919216791562 -0.182637929113982 0.0646260635115261 -0.174640082936491
0.055222400143551 -0.209362633184241 0.00853870033584423 -0.103369882161015
0.0150568655955334 -0.225113119893995 -0.0767548085788591 -0.0164883069799896
-0.0636782692590911 -0.213018634018097 -0.114241722588848 0.0658033359499816
-0.138267426715602 -0.182429591634635 -0.0929660835894699 0.134534045136518
-0.160064769160664 -0.133920345806548 -0.017913926341863 0.161969279614912
-0.192530229061942 -0.0833723963436733 0.0713320891876711 0.175209875231732
-0.185093593118111 -0.0621939275501397 0.13051019824081 0.205343569673046
-0.0613589920022524 -0.0393426032392269 0.191782026365968 -0.0471617667243209
-0.0547655948668083 -0.0432356098219419 0.124979550118109 -0.0583407215245293
-0.0221480652055511 -0.0527343218768614 0.0854345009904621 -0.0604305532049118
-0.0102247079260456 -0.0543398769116654 0.0546704936160295 -0.113338504682902
0.00230601917016505 -0.0574065199585926 0.0421243813148313 -0.136398685289693
0.02119164830761 -0.0665586958107151 0.0771617555566862 -0.179875019616363
0.0365663391309621 -0.0846239621641459 0.106706645343951 -0.215605929667827
0.0391253846344565 -0.103080536932894 0.0869294078997225 -0.230377923432669
0.0261417658140067 -0.120435429989326 0.0145764051008856 -0.171215384436718
0.00192729290844214 -0.130661187904378 -0.0927998488999967 -0.0713615460309812
-0.0407704835639006 -0.119070802768921 -0.138391801724691 0.0380904901661516
-0.0863806685086949 -0.0954637694205709 -0.0984780707137434 0.118410860683319
-0.0983176321983059 -0.068865693040715 0.0107103404043101 0.159620361132341
-0.118642711464929 -0.0356508560338735 0.118805295175538 0.181767065978519
-0.110162626398028 -0.0287185165008234 0.18308720969553 0.21438965711663
0.00389090260883995 -0.00674430703157441 -0.205310950226476 -0.181649566234864
0.00253501220042127 0.0067816485368106 -0.163014204230315 -0.148853984623395
0.00229418001748208 -0.00793116009140832 -0.0574513150869623 -0.128783091856394
0.00547152596593174 -0.00407735650717106 0.05879808056318 -0.0955644329461318
0.00539787696371016 -0.00357843261169718 0.119429082503149 -0.0422034768149371
0.00555983401953475 0.00522748885086537 0.0755300904916257 0.0617874977629608
0.0024816590520983 0.011334561840152 -0.0174966302716406 0.172753179433183
0.000880418612554475 0.00935326669421769 -0.0974397137065644 0.238534463745349
-0.00149870291112608 0.00636904221280724 -0.0973620926504944 0.22660594703695
-0.00236505411627008 0.0081691992672513 -0.0578378797250039 0.178020215770882
-0.00404739281798461 0.00635400230286627 -0.0243396725751406 0.129245806831891
-0.00904274347962644 0.00368362932869199 -0.0294240141387292 0.100920727846297
-0.00696044960590119 -0.00316900968540946 -0.0674186414571712 0.0588222730932711
0.0047079867095554 0.00557120596945161 -0.0984662755005993 0.0388172386825451
0.00752148307521053 -0.00427851849183664 -0.184097856719512 0.0492822293933272
-0.0843403382275369 -0.0244269448818452 -0.198427182400627 -0.17366139535554
-0.0957135665884266 -0.0212312020728445 -0.149690718838573 -0.142339313361425
-0.0903855330576432 -0.0570345078160922 -0.052366129597375 -0.130404908779871
-0.0741236341921093 -0.0784798367064652 0.0546663706935754 -0.107124079144397
-0.0433060328853069 -0.102308048489344 0.115318754158153 -0.0603088807031826
-0.00106648234962941 -0.106043420032262 0.0787177431169418 0.0428414278953522
0.0240282663081099 -0.099461253288751 -0.00801717365260062 0.158091108902271
0.035622702840417 -0.0843975158934418 -0.0886007937780443 0.223530228111445
0.0287916226618475 -0.0696028333115569 -0.0913014574307294 0.223298292216417
0.0188428925494712 -0.0500478919118507 -0.0603575196166248 0.183997978163542
-0.000244291441649214 -0.0401900469018094 -0.0275678545709406 0.135133015642544
-0.0137372428521696 -0.0456721652468505 -0.0349724441565116 0.107703688223922
-0.019056563953659 -0.0497122197841752 -0.0730499722807105 0.0651494149632971
-0.0353102269986494 -0.0425865397001271 -0.0988239790589317 0.0419784877550717
-0.0567637577886593 -0.0406537380962242 -0.172456807486534 0.0575885564379681
-0.156244969140185 -0.040492926967721 -0.152915656911287 -0.162717360282037
-0.174835816214471 -0.0476960417489873 -0.104536383978879 -0.140717382195665
-0.16616405066661 -0.099035899366927 -0.0280266269548403 -0.139221689989198
-0.141580383763027 -0.141517134054889 0.0530950853880351 -0.131965614108533
-0.0863834142208583 -0.183879424776988 0.101798476071705 -0.097188529565345
-0.00803987172385928 -0.1980704837865 0.0753476616178129 -0.00624605966802555
0.0417948979608956 -0.19100175811633 0.00642708291070434 0.105569230500674
0.0655437439757801 -0.165996225385868 -0.0672576390803857 0.173536749504541
0.0558858426192804 -0.144047787950204 -0.0753648844668261 0.201597970349701
0.0378026028476917 -0.119649923392858 -0.0594776750814551 0.190131722457858
-0.00170807778198434 -0.103955621343827 -0.0341961358102133 0.151034000526082
-0.031778260249992 -0.1098234364203 -0.047444094112443 0.123829093363611
-0.0460415563092484 -0.102620934315348 -0.0827476868043243 0.0816704069962614
-0.085988997711508 -0.0892627871729238 -0.0973614176380906 0.0583827210161897
-0.121362689234212 -0.072697497817482 -0.143233382840646 0.0797437530275553
-0.19674529627704 -0.0540463211226585 -0.0794919735993356 -0.148010049007154
-0.216650465896264 -0.0720447922985009 -0.0370676468159591 -0.138161740050088
-0.203109463938256 -0.131679608481698 0.0109825927213155 -0.144679657015028
-0.173442765055733 -0.183323370254259 0.0562129447734984 -0.158658377226316
-0.104339883571215 -0.232702733329057 0.0833416099415141 -0.138612527432261
-0.007489008453138 -0.25118971160639 0.0676607002255593 -0.0719441068386663
0.0553277284675598 -0.242875555909372 0.0221305622357568 0.0278168610091086
0.0842742961166689 -0.22167267627898 -0.0376048721915082 0.0956227353953439
0.0739794867230792 -0.209124723529602 -0.0516211905412865 0.154629564450276
0.0462236016124793 -0.196732831863071 -0.0544282417650504 0.177632436463
-0.0181258867704651 -0.182674149680169 -0.042115816346684 0.15915211863607
-0.0728015873670789 -0.181494758219166 -0.0595895387466875 0.142494268028884
-0.0955519625086793 -0.15376938404044 -0.0855126510559422 0.107351902037506
-0.146618334568302 -0.122874941689098 -0.0825073994064537 0.0870111369376163
-0.178042821449781 -0.0918515153692626 -0.0919035961849622 0.111431171996501
-0.200400277850199 -0.0637182817530998 0.0057460003323539 -0.129196635875743
-0.211472312095807 -0.0893314593851983 0.0326117063851839 -0.126768683514754
-0.187000772012617 -0.145680255870246 0.052120100878384 -0.137969323485843
-0.155528413833257 -0.191722897040211 0.0619492346687817 -0.170358656073915
-0.0876350658184627 -0.232979481548979 0.0662498106366271 -0.16835866114759
0.00406575825177244 -0.250934457276329 0.0619208474716911 -0.134042895887907
0.0636147890171214 -0.249227361340337 0.0400899033914947 -0.0590482938476357
0.0907473964252195 -0.243545047622037 -0.00352707747533446 0.00263853592619235
0.077629798884181 -0.249917622469814 -0.0263169559731845 0.0801889702661978
0.0401753419531553 -0.255471919233452 -0.0519215413109704 0.132757357818888
-0.0461830185079024 -0.245127952458601 -0.0567607167157109 0.144634279386808
-0.124911588811312 -0.229236151254261 -0.0696569934582946 0.1533056255896
-0.151294034261766 -0.180807070217116 -0.0722190199757609 0.135202836768704
-0.199697821151097 -0.131686161994786 -0.0444359943950334 0.120510578661194
-0.21560080336463 -0.0940494778163967 -0.020607901549169 0.144654169354716
-0.171284824473629 -0.0654039263560086 0.0847344627691155 -0.103348503378528
-0.168812300911518 -0.091022909373475 0.0844091967658909 -0.105295066809308
-0.131014054218261 -0.133428781697536 0.0788415056994866 -0.114239762968093
-0.100861544398575 -0.163764274323623 0.0635856192740449 -0.159725345763444
-0.048627760919041 -0.18808018816273 0.0535125698160008 -0.173342710222547
0.0201345569501195 -0.20418117446878 0.0612429848900435 -0.173192373263981
0.064136420699241 -0.214467145280052 0.0603054037217204 -0.133868549408104
0.083075127245953 -0.229102591272513 0.0296565658176421 -0.0909909911195367
0.0674083240884338 -0.250662766963282 -0.00539218746904779 -0.0113397576620853
0.0236786103397159 -0.266694768200737 -0.0584334860543574 0.0612093651111661
-0.0688347216730586 -0.255576800725929 -0.0800767081967795 0.10908654357707
-0.15504227123268 -0.225690752578886 -0.0771785560541859 0.149428185936612
-0.179973932992769 -0.169751538164209 -0.0432784937685753 0.153667673300098
-0.219227739231376 -0.112173449441566 0.0142361142078588 0.149262986234194
-0.219085684496876 -0.0796375373150892 0.0613997036016571 0.172990976198335
-0.120536264606943 -0.0563543659882953 0.145370782281717 -0.0750514676520453
-0.10890527090258 -0.0727458768967701 0.110297955725349 -0.0786236249843901
-0.0674660681522066 -0.0969023454626892 0.0849081096431924 -0.0836400901067495
-0.0442962165021318 -0.109046350337341 0.0569690828026387 -0.13405238699984
-0.0141593075129281 -0.119148797159731 0.043624719105869 -0.156067961285072
0.0264287210766335 -0.134231947043268 0.0645096708659166 -0.184692806939317
0.0544269325602236 -0.154308412777094 0.0800308068150173 -0.185313480292233
0.063627873380181 -0.178306196372711 0.0580443566801374 -0.171706232657544
0.047261455062967 -0.204123177063984 0.00701051432278066 -0.100543661837561
0.00755603319718784 -0.219490493466215 -0.0732987021827736 -0.0126291679447675
-0.0684640816078083 -0.205376899401962 -0.108535413830411 0.0699104714030165
-0.141067650711455 -0.171788522789629 -0.0835990680368227 0.134495657148822
-0.160633154993442 -0.124638323834295 -0.00833823079995097 0.158930359926064
-0.189545187649269 -0.0734589395739367 0.0766044989147879 0.165196063601967
-0.181782393250545 -0.052819098788786 0.136707853399822 0.18993753031598
-0.0601697337299879 -0.0361821569303897 0.182944497212792 -0.0501676110414285
-0.0536406703222068 -0.0389536142863192 0.115513973743348 -0.0581103134959978
-0.0236343344693341 -0.0503885039384502 0.0774824023644532 -0.0603053827886964
-0.0117102639679811 -0.0520252271085217 0.045704953588102 -0.111568672176745
0.000229142427392275 -0.0563738685289193 0.0345399300411937 -0.132804722655194
0.0192150958377638 -0.0657007355740611 0.0676962276614907 -0.177768890916119
0.0334823149423062 -0.0830712733052395 0.0958387524910477 -0.212280450268417
0.0346725030244487 -0.100683822773039 0.0781276581697209 -0.226330733335806
0.0217204429252793 -0.117177532710856 0.010833141129874 -0.166150529988061
-0.00278007953639974 -0.12702407089094 -0.0904562806021054 -0.0653302390003925
-0.0435225590813646 -0.114573748412339 -0.131891951858038 0.0432775938044306
-0.0864445276549418 -0.0892355924404196 -0.0902611984591705 0.119851436078145
-0.0981982138431031 -0.0638224857944705 0.0187754020188666 0.155250811086132
-0.11615928039444 -0.0295905314112301 0.123656314059358 0.170439985948301
-0.107050414452606 -0.0236848151158426 0.188055029715037 0.197495798169907
0.00245795500512398 -0.00645490417522708 -0.208362057058338 -0.172813435120266
0.00357175010556571 0.00637796549923595 -0.163533465171332 -0.140422886993658
0.00176230406291068 -0.00728101757815897 -0.0590014626629186 -0.124674392413637
0.00556647147996403 -0.00447489971181374 0.056112415917159 -0.0945107479554569
0.00531350200887135 -0.00350785004109321 0.115878086655666 -0.0441259219554742
0.00528634264678584 0.00613723044576676 0.0732314078763593 0.0589256567653822
0.00255893145484825 0.0113902437133095 -0.017667401230827 0.169440091625607
0.000651844185977683 0.00930411070457054 -0.0936145712525846 0.235996260442673
-0.00129265325576864 0.00590149311275412 -0.0930765550156947 0.222986620522807
-0.00210773333211133 0.00770369637243271 -0.05347389140612 0.175035911662387
-0.00393886836905131 0.00606082753597109 -0.0203999788817681 0.125739773695541
-0.00909141153914469 0.00428028671137699 -0.0240451355655676 0.0996235051781136
-0.00732966934876548 -0.0020836679702354 -0.0618302059085522 0.0588729208535752
0.00538365170309489 0.00525605550295448 -0.0919708626640162 0.0377548607291795
0.00758626466101217 -0.00499630411398119 -0.176597800279518 0.0495181887053225
-0.0843623963485272 -0.0227323631315605 -0.200040311191808 -0.164249023649701
-0.0934160155974999 -0.0192594753184165 -0.150479030040665 -0.13366254095486
-0.0899040509821377 -0.0543033006542035 -0.0538147671183671 -0.12625174242042
-0.0739336102119423 -0.0769000962533735 0.0516071940471761 -0.105504891753727
-0.0444366885278802 -0.0996975312719307 0.111868434136338 -0.0616200856869819
-0.00273483176858954 -0.10418146381473 0.076233765000835 0.039435811878712
0.0224165238353468 -0.0982188505138081 -0.00777844450590317 0.154576394219964
0.0342551089801702 -0.0831833911121689 -0.0848523025146188 0.220476766741146
0.0278311298353909 -0.0683283706852733 -0.0872106864550864 0.219426758976038
0.0181719316986545 -0.0498250644887955 -0.056061137989143 0.181686645494365
-0.000529216374373155 -0.0389058091851582 -0.0243820293728579 0.132072596063521
-0.014697200392769 -0.0436663727634228 -0.0297523263123343 0.106207769987496
-0.0196696255819218 -0.0477562532836765 -0.0668715090230933 0.0654875233034101
-0.0342467936202202 -0.0412846589335605 -0.0928898928469273 0.0410097688376302
-0.0552551504126408 -0.0399286675776056 -0.165179251676084 0.0571713070289941
-0.154970849054773 -0.0372652389822163 -0.15426543844176 -0.153912862835491
-0.172082192290114 -0.0435616735484287 -0.106071801584934 -0.13269427946436
-0.165490435517071 -0.0944899886795964 -0.0299285692100411 -0.134953103073303
-0.141305319343831 -0.137329039329564 0.0496864214938738 -0.130562214047393
-0.0876999830102565 -0.179972373721533 0.0983258894078728 -0.0979499495271063
-0.0108601743170682 -0.194762669864919 0.0719273585548254 -0.00908393451347227
0.0387924239051987 -0.18791346189637 0.0058021253074426 0.103151626294553
0.0624539664190959 -0.162984401411511 -0.0644956669104182 0.170457578531568
0.0537575070896266 -0.141531662206205 -0.0710629670995126 0.197933317103628
0.0357904290957511 -0.117791580050549 -0.0546884327580374 0.188277194241358
-0.00240388213809178 -0.100803693201518 -0.0314009569623973 0.148589194618851
-0.0334117485991825 -0.105465506593262 -0.0417097815814808 0.122580861153001
-0.0476878947728722 -0.0994106029059995 -0.0756034652424199 0.0816692939069748
-0.0845653259355455 -0.0858935913548496 -0.0920784209412007 0.0571180928396237
-0.118943188160096 -0.069483608654471 -0.136475879198776 0.0780429169782884
-0.194804755741353 -0.0499338051582511 -0.0819394845109529 -0.140396587943155
-0.213569325911725 -0.0665868089925637 -0.0399754775559718 -0.131266216082868
-0.201869818732647 -0.125729085911927 0.00782242855717564 -0.142138203172074
-0.173789309530659 -0.177687546588559 0.051839164218085 -0.156376208888946
-0.106129853921761 -0.227668949781931 0.0794019261258078 -0.138985545843563
-0.0105070263200855 -0.246581059396899 0.0634273289971576 -0.0733057603191841
0.0518599093883941 -0.239295437404606 0.0210148861616661 0.0262738933947598
0.0806500803887982 -0.217421566358337 -0.035577667037951 0.0933406563616523
0.0703757662643993 -0.205610790611822 -0.0474680630985798 0.151395897834793
0.0440571595217892 -0.193474251981116 -0.050024745990939 0.176087925124007
-0.0186712641173777 -0.178169538265805 -0.0398464097600721 0.157430213211909
-0.0747160719989706 -0.175628737231651 -0.0539510156107592 0.141349601402072
-0.0971120970942545 -0.149303129847706 -0.0777778019951109 0.107528727458437
-0.14457435579562 -0.117903985049627 -0.0780426824340138 0.085112914805769
-0.17562017908626 -0.0874668257449844 -0.0860440087768626 0.107862993495805
-0.197723284983588 -0.0590741663553876 0.00243763699240144 -0.122971664936769
-0.208327965445476 -0.0833516660325004 0.0283633946063694 -0.12158842496509
-0.186244857948958 -0.139821263646283 0.0477481859997228 -0.135276227302146
-0.155728141070204 -0.185718814038716 0.0569369181953534 -0.167929292105494
-0.0895239781747534 -0.227664620409911 0.0620240150190706 -0.167231624135253
0.00159712277019549 -0.247287941501664 0.0573854754679339 -0.134169303114974
0.0601150025654287 -0.245122258909616 0.0377068208383187 -0.0583621287508311
0.0864366410955333 -0.238461880209313 -0.00315233605897977 0.00227619212631905
0.0740471422908686 -0.245150907910989 -0.0234353110651902 0.0783760089998425
0.0370355023486652 -0.251393263159089 -0.047516937994635 0.131566248298749
-0.0474921049368633 -0.239206512376297 -0.0542390543344941 0.144285792649193
-0.125916854516615 -0.22246793436291 -0.0635177598790884 0.15252963409748
-0.151913800349525 -0.175959891918002 -0.0647709426870543 0.13382039560967
-0.196453361545054 -0.12593998090466 -0.0409607149880863 0.117723114897088
-0.212070200224508 -0.0888711803318521 -0.0154776370439592 0.138810574259238
-0.168565336008305 -0.0611042747609461 0.0802426684184426 -0.099696241435411
-0.16579571505958 -0.0856350549843881 0.0792330318778992 -0.101078049968113
-0.131206623643148 -0.128973752739135 0.0740717442369247 -0.1126616735543
-0.101710144910202 -0.158726575552706 0.0578378028834295 -0.157107697052607
-0.0499866840128615 -0.183954907902496 0.0495112013655035 -0.171200802903125
0.0175683969442644 -0.201447013613819 0.0559647849299964 -0.172538894936993
0.0615232423926214 -0.210521549055262 0.0563424575819475 -0.131479599235289
0.0795043093833849 -0.223945268203269 0.0290049164744742 -0.0894284871797333
0.06419728351659 -0.246044665792959 -0.00323593461700874 -0.0116148867052729
0.0201925426495111 -0.263006779249364 -0.0545483732734625 0.0618563063895195
-0.0700944848403636 -0.250070719285118 -0.0773781330414198 0.110183363703161
-0.156011572059909 -0.219226334623021 -0.0716764092683978 0.148918052089221
-0.179947855471311 -0.164394678413985 -0.0361882104689949 0.151853460716388
-0.216035970843563 -0.106657523845239 0.0165513841237824 0.144476284863598
-0.215889398945046 -0.0746695857023549 0.0645260416309755 0.164839037943571
-0.118586201542887 -0.0529827454189417 0.139503436841619 -0.0731312370493559
-0.107095143446931 -0.0689902003197237 0.104137903294374 -0.0756651182880057
-0.0677138530288676 -0.0936450106712338 0.0797061053936657 -0.0821090669722689
-0.0449527334451922 -0.105322768206069 0.0505457716203071 -0.131368456182409
-0.0152272874627004 -0.116990474918393 0.0391129684461219 -0.153065574894344
0.0252052193301721 -0.132791892098707 0.0595586538608157 -0.182850776024836
0.0524463140926857 -0.151694034920686 0.0753934092916468 -0.182363236496965
0.0611488931914421 -0.174183624900247 0.055930849876065 -0.169102175479333
0.0447973409495745 -0.200565815426026 0.00834876450335253 -0.0994129371364979
0.00521728467660457 -0.216625722244034 -0.0700921436548027 -0.0105219398419926
-0.0690576614005738 -0.201184705843939 -0.104988323545798 0.0711901452042827
-0.141201091691854 -0.166373666462218 -0.0790183151708452 0.134168880973718
-0.160565938853069 -0.120748244581507 -0.00264329268271754 0.15662687076043
-0.186768591198775 -0.0689637941058598 0.0779873373708039 0.159339671300592
-0.177952915180588 -0.0495053010569023 0.138734098475552 0.180553876207053
-0.0588329652650032 -0.0350760719561282 0.176823487487577 -0.0499478741052679
-0.0521289407959899 -0.0370268577197513 0.109759184985111 -0.0556904923689402
-0.0240930976585999 -0.0492233603817658 0.0731194762517446 -0.0593817943803731
-0.0126039995697451 -0.0505538191560918 0.0400997349177474 -0.10910169327845
-0.000563510261133619 -0.0555306379364738 0.0306982648941757 -0.130216237700999
0.0185956298594999 -0.0655487238502033 0.0624510637369091 -0.175562872274118
0.0325865730776015 -0.0817747789497775 0.0912128643826746 -0.20832258037219
0.0334490476631943 -0.098485187041472 0.0747490071183989 -0.22291724536328
0.0212000852968418 -0.114609868393387 0.0115882631237873 -0.16389481565585
-0.00424754027237091 -0.124583028568724 -0.0871990330017475 -0.0618607618546803
-0.0440439707091676 -0.112334974498785 -0.128073347443464 0.0450797930165827
-0.0860245466942627 -0.0865983085893488 -0.0861659542493985 0.120408639615581
-0.0976525531318474 -0.061704012416892 0.0234549930867014 0.152268186873676
-0.11403845502904 -0.0266673495298811 0.124352307068727 0.162440832263352
-0.104750503804732 -0.0214840635426924 0.189433850567515 0.187506148300758
0.00655348392587143 -0.00639965270973895 -0.175817859937497 -0.2080478018367
0.00698800118146796 0.00548929039364369 -0.136091638927083 -0.16672028922886
0.00477655068846977 -0.00569094763080828 -0.0326351136640755 -0.131999984913733
0.00616898826049545 -0.00198980402877795 0.0729397659397925 -0.0813289478563073
0.00469147555850144 -0.00112419045806396 0.121186961670546 -0.0212951541866376
0.00312893832521403 0.00750478106355791 0.058150349231619 0.0713936201513558
0.000788039174667422 0.0114479871633818 -0.0559930475452732 0.162486146095788
-0.000591362836032243 0.00925352278672246 -0.139919655996376 0.209088650708751
-0.0019490175854907 0.00441099759476229 -0.138005594327059 0.19743320863443
-0.00312239296314103 0.00649591132355857 -0.0887591717938205 0.157824583319862
-0.0052897142810312 0.0048887632182 -0.045521949886607 0.117400672094346
-0.00982297434876235 0.00286842285539071 -0.0417330896507606 0.0934078879315018
-0.00780744178498453 -0.0031341329555418 -0.0699894308785984 0.0462435223880543
0.00471458241009604 0.00697504317134412 -0.0955878648303869 0.0174286469548405
0.00944078475392975 -0.00385580185165726 -0.184833888304715 0.00870906199699744
-0.0738109200405014 -0.0391484974182914 -0.1691666931063 -0.197938757072547
-0.0815631872917194 -0.0361767914294933 -0.121681871883432 -0.160738648218051
-0.0748127414357471 -0.0688445699029683 -0.0257261956690444 -0.134643968293257
-0.0554501521485949 -0.0854405636069448 0.0726978312570373 -0.0942564321904847
-0.0236208710732917 -0.103397743165197 0.12135443073562 -0.0384835061908166
0.0177154218098344 -0.100802223832605 0.0666121236530941 0.053557741737923
0.0424384477893978 -0.0907876501349541 -0.0415169999409874 0.149939217802871
0.0519173852371604 -0.0742500753483687 -0.128594348232993 0.196251721212388
0.04218686268867 -0.0608918367417924 -0.130442577117633 0.194554376604071
0.0286375617082081 -0.0446146753236842 -0.0915848258947023 0.16271415838076
0.0083971127242028 -0.0370370116098309 -0.050291383119885 0.121333863787763
-0.00412306232348137 -0.0433503296103294 -0.0489406151392509 0.097232737274747
-0.0100100974745553 -0.0500760607107854 -0.0762638305001583 0.0504061152107056
-0.0232514858111264 -0.0470447435980296 -0.0977418815755761 0.0201122193594364
-0.0445194568840235 -0.0515038549241131 -0.175995760220426 0.0190965618587558
-0.139041204012582 -0.0667596498933052 -0.126283411946064 -0.179012592826935
-0.153574830752707 -0.0733985153824052 -0.0762505938454331 -0.153540112765819
-0.139821740715897 -0.121800642944898 0.000794693346478697 -0.140471324310244
-0.107108449421767 -0.155836065238108 0.0769148285004886 -0.119735779280202
-0.049466343145683 -0.188461730054244 0.116483922554709 -0.0755533167874407
0.0282157821779961 -0.190490157288904 0.0743514396472858 0.00628214634665446
0.075599337419851 -0.174767976888943 -0.0151785145185175 0.101646436694371
0.0962706678972675 -0.146951419325551 -0.0986156974351638 0.151536845104765
0.0833299892571886 -0.125205468682459 -0.108746962133906 0.176278434291336
0.0605767216391771 -0.106188178402674 -0.0907148737317713 0.169164562744787
0.0203360145141654 -0.0974543935170949 -0.0606410303119596 0.134386501646018
-0.00799119152785391 -0.10634004554516 -0.065079979425838 0.108863736038399
-0.024481691576737 -0.107034854731459 -0.0888647787290906 0.0630182780794741
-0.0619168848901806 -0.101151188216846 -0.101316663475974 0.0344719157167217
-0.100021047108589 -0.0944950598011727 -0.151903968139203 0.0467526751541627
-0.174647361848012 -0.0864039154654629 -0.0571726052162048 -0.15275727390776
-0.189073016948521 -0.102610304117789 -0.0109887860212044 -0.140583727744928
-0.169036443805406 -0.158566001223866 0.0402758029623795 -0.141012120108367
-0.129894892356012 -0.199702410427997 0.0842292310992234 -0.145343976428683
-0.0568425327730657 -0.237833314552806 0.105647059841055 -0.117959428294134
0.0392735222160134 -0.240409496153306 0.0801983765114565 -0.0576163820617915
0.0988284702921238 -0.222232983554038 0.0168857827945033 0.0294635702022439
0.125321770804697 -0.196244492561546 -0.0546400894284642 0.0832038656359151
0.113430863738253 -0.183353167585807 -0.07530236655763 0.136349512784497
0.0840450442161002 -0.178316019473457 -0.082840045411344 0.157867026618898
0.021935619883566 -0.17602128426734 -0.071661037652543 0.139875002053785
-0.031878800868499 -0.182847201248302 -0.0835289331769895 0.1227900777416
-0.0608240268599425 -0.167516597786814 -0.0981052798123193 0.0863885354332805
-0.113934538658053 -0.145588115195679 -0.0941608188557313 0.0640148990700481
-0.151271214514211 -0.124398161060227 -0.108264013806027 0.0868702073034048
-0.176585966253667 -0.0945510002646314 0.0220315703001223 -0.119133650822497
-0.182258641796715 -0.116718207538087 0.0538381645388586 -0.118428082465872
-0.151721928957857 -0.167987635257641 0.077431757266329 -0.126375149468831
-0.111118710887846 -0.203524997514511 0.0903140280379357 -0.155504017152513
-0.0397660834726877 -0.235130481312574 0.0940098026881886 -0.14943780358659
0.0520743640643167 -0.23784582601151 0.0860427280438008 -0.118365133146259
0.108544467276605 -0.22552193750679 0.0514441045498873 -0.0495791638525835
0.135979618818145 -0.214899986325807 -0.00404168236735563 0.00132668869145931
0.125911783453092 -0.221211552087614 -0.0354156240176748 0.070785591981104
0.0899824500639525 -0.23615742800202 -0.070780779179983 0.114611696222098
0.0076513705351735 -0.242249278538794 -0.0839353246298388 0.122824025672097
-0.0716101019771139 -0.240081124159304 -0.0975968961655214 0.130444222560134
-0.108527619196425 -0.206433964505607 -0.0929308364124558 0.114704808376402
-0.162145644092691 -0.16481200619258 -0.0645662578070342 0.10365582413765
-0.186809476084763 -0.134085461938171 -0.0453567139226133 0.133541983866212
-0.148933627708413 -0.0902703167426865 0.0937337945418434 -0.0822237710009131
-0.141437067351122 -0.110440349716926 0.0994320191823463 -0.0868597454896587
-0.100419941525245 -0.146678211792012 0.0971354937729128 -0.0971784981708338
-0.0648189094948538 -0.166516230957829 0.0885735913574766 -0.143448000802713
-0.00997830563916659 -0.184077485149584 0.0811021029031547 -0.155281279063614
0.0583403720988653 -0.190155862239542 0.0920586757566452 -0.15665634293229
0.102035676364464 -0.19146498762253 0.0859286511277115 -0.117221826070149
0.125979852256111 -0.201804910412052 0.0466015241101471 -0.0806698296048595
0.116132945950407 -0.223721480160743 0.0030394853125108 -0.0127899043815379
0.0763873383713601 -0.250759431533126 -0.0624406261581142 0.0453292918992676
-0.0132203477979816 -0.258201530248965 -0.100495989144497 0.0853122315190323
-0.100124435964421 -0.243677507336524 -0.105423314428631 0.125295048691064
-0.138722417187591 -0.202379815260186 -0.0695380690344501 0.13861670640179
-0.185119482438172 -0.150005103955164 -0.0136839072128524 0.142766952094832
-0.193130707500026 -0.120192609878775 0.0296290048718115 0.177301554173231
-0.102670080124 -0.0726380026706478 0.147902627754008 -0.0447653195559655
-0.0878840901450712 -0.0830288284179182 0.11792390551779 -0.0549680304896696
-0.0468381432200394 -0.100957988379027 0.0951845276891389 -0.064298797999528
-0.021910095265258 -0.105938478168262 0.0747138608800897 -0.118557606487523
0.00957919699085487 -0.112915286236499 0.0665964389060321 -0.139813385771995
0.0517607731550359 -0.122224740149542 0.0958186765754141 -0.16606075287034
0.0814454008946405 -0.135742803872999 0.114581837854837 -0.162357510958247
0.0973645016593236 -0.157321539256332 0.0899673133460918 -0.151358316306255
0.0877137972306909 -0.183759493784713 0.0327908826738416 -0.0954081139347051
0.0507840413018039 -0.208513859829508 -0.061729385090594 -0.0277970625261403
-0.0228445282600281 -0.210786438949234 -0.119006792615322 0.0432823500345863
-0.0974583781003507 -0.190733275985735 -0.110394056833964 0.111475421016184
-0.129221325069577 -0.15512750338843 -0.0369701161759906 0.151103077509607
-0.164222506315014 -0.107179937824083 0.0439359135744588 0.170211191052839
-0.162992829879101 -0.0882218997295292 0.100891422433378 0.210543867570393
-0.0498540197452791 -0.0437385143224026 0.180377140111005 -0.0144298945661608
-0.0416210593693081 -0.0426556769727324 0.11648847141652 -0.0330854206094189
-0.0140418730965493 -0.0500472281120062 0.0823009276869083 -0.0429966702272375
-0.00158673511244213 -0.0483272040805691 0.05789325647969 -0.0981433585381082
0.01064942981503 -0.0513327650631172 0.0532076557229572 -0.120086510628762
0.0310945604526183 -0.0592293412086742 0.0965558612944763 -0.158545672539893
0.0475125094557724 -0.0730662688131755 0.135454756333937 -0.184593146840611
0.0537017024545837 -0.0888506085149827 0.120322358699303 -0.200167504972796
0.0457318677056235 -0.105839678383473 0.0495114668590515 -0.15707764471341
0.0225365824250806 -0.121186637516932 -0.0677710236287841 -0.0795747944966982
-0.0179868671733821 -0.119235065231081 -0.134172429838265 0.015816682590154
-0.0617839181530277 -0.101906718298893 -0.111923484661372 0.0983927075497526
-0.0816521129884814 -0.0830171379045243 -0.00852795326807689 0.153592090452629
-0.103089586442341 -0.0504432268014153 0.090130290357906 0.184237181898769
-0.0975651241824034 -0.0441767032533959 0.150153315497549 0.228107498155934
0.00641669861683822 -0.00620001282703264 -0.181627042979225 -0.201240909896669
0.00797721810594549 0.0046368898938693 -0.139019129360302 -0.160584792739958
0.00393466499543779 -0.00541853872059327 -0.0358480728950037 -0.130374323023791
0.00564634945190732 -0.00260377783234502 0.0707773939898083 -0.081819502180832
0.00406790969103926 -0.00103826598700923 0.119254212633486 -0.0238828313634151
0.00344540610767312 0.00841316294012789 0.0575334332810187 0.0685791500703876
0.00119653182622632 0.0113795711829541 -0.0559416931547636 0.161836345959343
-0.000498601807894078 0.0092281239021974 -0.137008145978059 0.210220497446746
-0.0023147528335603 0.00405301676081454 -0.134300291137627 0.19812095978313
-0.00284036378091111 0.00555831309122157 -0.0848131175447876 0.158077016472983
-0.00513745152228488 0.00495591063802863 -0.0418648218466849 0.116849399041119
-0.00996959663509311 0.0038676291184862 -0.0360378191177366 0.0935222795814314
-0.00836208390798279 -0.00211883755890371 -0.0652019800201796 0.0477129146809532
0.00577060570303179 0.00668410091113205 -0.0908139191290373 0.0176374633549453
0.00958380436689079 -0.00494318828012191 -0.179213790281235 0.0109001638648073
-0.0744119508772792 -0.0374968505852907 -0.174232344522748 -0.191070161655569
-0.0809220199743299 -0.0351853442146919 -0.124817207877747 -0.155326388636252
-0.0761703723952496 -0.0667359610142974 -0.0278272184421833 -0.133404301941913
-0.0566733485482349 -0.0850886409155261 0.0706992758588946 -0.0954612887219631
-0.0258620591596892 -0.102157182815516 0.119879415758811 -0.0415454661617583
0.0164737060203084 -0.100170024115103 0.065155516385671 0.050469889739813
0.0414079556208529 -0.0904290814327898 -0.0414075451411356 0.149371203098624
0.0507636147893958 -0.0741015177302797 -0.125760239055014 0.196594422825187
0.0412746151335069 -0.0609623636563479 -0.126541066657248 0.194917533893801
0.0281563029735877 -0.0448282014537223 -0.0872761665382364 0.163423808521719
0.00818377355158265 -0.0365435630962617 -0.0475034011134914 0.12145547513898
-0.00532154365629335 -0.0417209012236287 -0.0433480117357522 0.0977310367100189
-0.0109233466027726 -0.0485148129465534 -0.0707616809478294 0.0516184300987235
-0.0227802917508421 -0.0464127286491912 -0.0936280990683881 0.0204649997956484
-0.0449237153679078 -0.0513984239231355 -0.170916924594978 0.020955666750821
-0.139577420450248 -0.0641692039090825 -0.130615189938171 -0.172469015741857
-0.1530018751456 -0.070665541789306 -0.0785812204108934 -0.148761441387237
-0.141831391195463 -0.118209949016302 -0.00182304185190584 -0.140033056304304
-0.109363092646401 -0.153423357389806 0.0738836225384471 -0.120753213176984
-0.0518494241084167 -0.186880469973782 0.113306122143672 -0.0786139216931202
0.0257397586245871 -0.189891261131624 0.0715634328245314 0.00285884007878353
0.0738469793733213 -0.17459084173727 -0.0155261770357383 0.100621482482192
0.094350106967235 -0.146238800518205 -0.0962767298302105 0.151172678340979
0.0812089620578181 -0.12471198639593 -0.105407331811589 0.175554096973134
0.0584121238267846 -0.10626524496517 -0.0866387363062587 0.169799144672934
0.0193679621700128 -0.095972389925274 -0.0585515385749892 0.135547158557653
-0.0101777489397815 -0.103861301754769 -0.0602726533452281 0.109994537225571
-0.0271042150301581 -0.104916841170262 -0.0833424556366209 0.0646397326484462
-0.0619058439114971 -0.099554974477145 -0.0977320588525698 0.0350370481173076
-0.100221459300366 -0.0931521670014382 -0.14600210352016 0.0470561274636696
-0.175573710713077 -0.0823267287065043 -0.0612555068217842 -0.147750147704545
-0.189144049452363 -0.0981151671223631 -0.0140064761023465 -0.13707796116057
-0.171196640466411 -0.154126366801034 0.0367695337641883 -0.141150930224977
-0.132776303776108 -0.1969093262126 0.08053196258515 -0.146314375628831
-0.0595586813151288 -0.235178269911695 0.102584229566827 -0.120863530538486
0.0369069744824051 -0.239900637528997 0.0762546290515293 -0.0610353193929788
0.0960937967215109 -0.221476724425885 0.0161109632956585 0.0289938708993392
0.123257493742376 -0.195773947244722 -0.0542752709004849 0.0826835771484665
0.110569446950168 -0.182877029446133 -0.0723339716127832 0.13486251354488
0.0816660571467662 -0.177707061600248 -0.0789131951307432 0.158732020671561
0.0202397921478427 -0.174864228664229 -0.0688475208162815 0.14185034841206
-0.0351944039898362 -0.179856072209708 -0.0782503421766847 0.124584256441599
-0.064057087192859 -0.16437300548405 -0.0921082970966366 0.0873999246738016
-0.11385820819706 -0.142969097518228 -0.0911611293848882 0.0643688842273654
-0.151148930938416 -0.121785213392093 -0.103276592104134 0.0860496942644884
-0.176599323058244 -0.0907992166621315 0.0184078890880799 -0.116282878111112
-0.182513860448412 -0.112415677088998 0.0511845790817752 -0.115628168449183
-0.153548564505068 -0.164126034368436 0.0741136552144476 -0.127154052118904
-0.113987573458812 -0.200426319808644 0.0855412892808713 -0.156275926915067
-0.0425310573752518 -0.232428945074411 0.0900012282629376 -0.151553113064711
0.0491872136593413 -0.237776222066407 0.0809679829319441 -0.120989531925743
0.105570801871953 -0.224507024666648 0.0499263835280605 -0.0498702868197942
0.133034958081772 -0.214216871112927 -0.0043302759152879 0.00114365058181867
0.1225446278687 -0.220576092791129 -0.0333798266184846 0.0694037510937894
0.0865109785773924 -0.236122083519902 -0.0670490310995334 0.115975692444342
0.00503745025009851 -0.240662154602671 -0.082256373478087 0.125730015836122
-0.0751915402577835 -0.235916377290381 -0.0929743137312071 0.132627192512448
-0.111904019792878 -0.202587953902647 -0.0867548330109411 0.115823206141719
-0.162903576882958 -0.161688281863137 -0.0623717338433624 0.103553924451119
-0.186736383247246 -0.130218288035033 -0.0403125699931358 0.130460506809387
-0.148641748432786 -0.0874443719911562 0.0898669552899611 -0.0811677777334324
-0.140902697222296 -0.106620888607274 0.0959631852308941 -0.0856642309617244
-0.102138272401862 -0.143137898713281 0.0937797226629129 -0.097964830018172
-0.066631279298881 -0.16329037793046 0.0824993846957481 -0.144117363135005
-0.0127661094726192 -0.182191468561636 0.0768181154123118 -0.156430263829495
0.0566245011443557 -0.190866168332394 0.0867653924101755 -0.15851687722147
0.100725502244192 -0.191089822910132 0.0830325340710785 -0.117053565114543
0.123408901549677 -0.201389796156882 0.0450484228563721 -0.0806705119992397
0.112869988529487 -0.223452513906636 0.00454877639523099 -0.0133704281032044
0.07291154129464 -0.25078557740245 -0.0592058176995576 0.046493774487772
-0.0154138550205082 -0.256835146438327 -0.0981935759215289 0.0884796339519844
-0.104195769651194 -0.24004707657679 -0.101931709894692 0.127705229553225
-0.141928047790009 -0.198654734621399 -0.0634996078131754 0.139615525022339
-0.185025476539443 -0.146638600609703 -0.0115809531412643 0.141047195935679
-0.193140352670315 -0.116950407448346 0.0347570319166978 0.172396952329801
-0.102285370089273 -0.0707411902747229 0.143982528022918 -0.0450826766028791
-0.0874016385667276 -0.0804924552583008 0.113857555295417 -0.0545113943145276
-0.0478975363800098 -0.0987059846551284 0.0917812776750108 -0.0654165504860049
-0.0227236771030272 -0.103715397708234 0.0690983753773356 -0.118362556735331
0.00780491907311445 -0.111590455225808 0.0619945278490833 -0.140501742283186
0.0505797711240242 -0.123163198474284 0.0905158304669615 -0.167675055337879
0.0803057590148829 -0.135885792259884 0.11131215378113 -0.161813201366477
0.0953887252136372 -0.156709172684721 0.0877650564762571 -0.151050013405209
0.0856296577802341 -0.183027615827792 0.0332356289089618 -0.0957900190255832
0.0484742824215873 -0.207863645160925 -0.0595164392165148 -0.0255938202611221
-0.0257544495074339 -0.209825695003193 -0.1171453921374 0.0471032363745189
-0.100191130662081 -0.187592908757559 -0.106544721560456 0.114024447192395
-0.13166123970165 -0.152273713090134 -0.0314987614913608 0.150697126588119
-0.163580021401899 -0.10436039689414 0.04655247955839 0.167185195205739
-0.16229079268485 -0.0853922402661885 0.105740105912427 0.204701788745622
-0.0498619615176769 -0.043368137219191 0.176562040786693 -0.0158953414574181
-0.0409502665673893 -0.0415684443300101 0.112419874812939 -0.0328509265575522
-0.0150206516560326 -0.0488363525097097 0.0789353470095079 -0.0435232954590872
-0.00225488457523969 -0.046904291153133 0.0525852385869201 -0.0972397480427015
0.00958753612402229 -0.0506065755470301 0.0486902372087019 -0.118978271156126
0.0301840372188227 -0.0601465716509399 0.0914787814091865 -0.159844131396931
0.0469621006555266 -0.0727327202797031 0.131617244990611 -0.184235531634533
0.0531820877964907 -0.0879753175669451 0.11829443261247 -0.199331570239696
0.0447950975147693 -0.105829116837459 0.0490665859162585 -0.156838888090202
0.0203735886824311 -0.120676089049769 -0.0659514718045401 -0.0770456529599524
-0.0200567281786684 -0.118258778028684 -0.132244870656693 0.0195226886427003
-0.0627831816312568 -0.100270828399962 -0.109249010641009 0.10120896712683
-0.0833781997661305 -0.0814574849407376 -0.00395800321806675 0.152817052161928
-0.101923387633982 -0.0482305843068495 0.0931903854517252 0.179982470405987
-0.0961087336842809 -0.0429510869340761 0.156334870983465 0.221526145413815
0.00574918314217187 -0.00639815987782741 -0.186122605192453 -0.195339652126146
0.00836879352942227 0.00396894048085837 -0.139765596933802 -0.156672353519271
0.00359473780917457 -0.00491414993136165 -0.0369867584111239 -0.129155968211669
0.00567497702651624 -0.00247929339212363 0.0699920536294425 -0.0821435714947778
0.0042044413971086 -0.00111318293663553 0.118068663968088 -0.0268243189349599
0.00369260171691234 0.00898099944519162 0.0545133454492099 0.0660260090121128
0.00167150220308295 0.0116872541210612 -0.0572249897662094 0.160711338175449
-0.000117293065792492 0.00941079207025164 -0.136292874116815 0.208723775572079
-0.00228678250705731 0.00338428850607264 -0.132871549574701 0.196892285371644
-0.00287035432842564 0.00499417360956423 -0.0825836870311286 0.157612144897278
-0.00498438788649235 0.00478451355690425 -0.0397138527967015 0.115246687197559
-0.010124942632093 0.00479602276942605 -0.031436140123073 0.0934627565113855
-0.00909611197823379 -0.0014121110555223 -0.0609124244562461 0.0479615721900795
0.00662624390719932 0.00603283621149373 -0.0860135368956302 0.0167913687464666
0.00888709914925429 -0.00642238819758966 -0.17315733536077 0.0104968398295293
-0.0742177620055752 -0.0369750688014907 -0.176879458444458 -0.186259618803802
-0.0802076118907668 -0.0352794253498914 -0.125107502620979 -0.151095152513381
-0.0765139708518236 -0.0655335599427714 -0.029760475986544 -0.132394812836591
-0.0571320930073587 -0.0843484252856089 0.0698706561866024 -0.0949535096814945
-0.0255372480007363 -0.101375448041539 0.117470444929839 -0.0435436916226479
0.0164740864000686 -0.0993057934257 0.0619914066510012 0.0481380810390371
0.0412196002250257 -0.0900609763333245 -0.0421680102864184 0.147818027555484
0.0511479709504066 -0.0735286418538269 -0.125408125372594 0.195035217639482
0.04083785296562 -0.0600468490981883 -0.125327094810681 0.192415364132636
0.0275822605579808 -0.0446912098842343 -0.0845632870376615 0.162768109019621
0.00807417004583759 -0.0356466233457678 -0.0454760431508193 0.120087725603586
-0.00593881219576893 -0.0395678080578675 -0.0392537902023628 0.0978908083476872
-0.0122467489494343 -0.0467712331567119 -0.0660660905661735 0.0512555708375362
-0.0217258383526761 -0.0468081317093478 -0.0896828477553171 0.0199093803826038
-0.0447949500685908 -0.0518855967935178 -0.164770492709058 0.0202257290918144
-0.138864047418626 -0.0625905310784797 -0.132253777384542 -0.168396296134175
-0.152390760022168 -0.0692441876924479 -0.0797154668464013 -0.145408379607163
-0.141915509509556 -0.116230727144714 -0.00321778967514384 -0.139469217663891
-0.10948584272667 -0.152159528586196 0.0724021141477184 -0.120566160950317
-0.0521746053082951 -0.184551236840471 0.111154766334351 -0.0804441506511977
0.0256401157547658 -0.188930437701223 0.0678990364261041 0.000478206476700559
0.0738714937161073 -0.173485819512288 -0.0167918409443037 0.0999433713123888
0.0941491263289383 -0.144596069299342 -0.096627106476411 0.150636654134525
0.0807282601644923 -0.123108723631409 -0.104562215508877 0.173032389461171
0.0578927979051487 -0.105472291277565 -0.0834196756244886 0.169585752510616
0.0195004832316239 -0.0940119059322115 -0.0563892501425861 0.13511619385617
-0.0108876073707858 -0.100681373401828 -0.0554771346102156 0.110146167336125
-0.0278106145271672 -0.102350368642692 -0.0788379842454914 0.0641059792326417
-0.0607299022963756 -0.0988829943763185 -0.0943416698580169 0.0348273672386571
-0.0990050799910234 -0.0927545163349514 -0.141183376500487 0.0455809876189703
-0.174167078410021 -0.0811022137886901 -0.0626100414587008 -0.143920589626822
-0.187980023102327 -0.096595584202746 -0.0153021836445981 -0.134318623057375
-0.17127441363675 -0.151458687116919 0.0350412593391584 -0.141288176759452
-0.132700472841384 -0.194153116350565 0.077878682889472 -0.14587517488383
-0.0598474181138803 -0.232363361294529 0.0997575286725001 -0.122850024696548
0.036837149819129 -0.238828166562496 0.0722329471590576 -0.0632439594959606
0.0960410540536494 -0.219304292227466 0.0147153426041388 0.0284444906380849
0.122691846357668 -0.193296028064107 -0.0540575022178896 0.0823665813026425
0.110163801970039 -0.180021560743242 -0.0712921688228779 0.132235482107078
0.0803531626572656 -0.176859572094401 -0.0757133619828732 0.158751224773922
0.0204124020786388 -0.172330841739757 -0.0674178951137699 0.14220659800733
-0.0364797973190953 -0.175560983029225 -0.0738932670935641 0.125216800208805
-0.0648565438849347 -0.161968324873752 -0.0876335225584799 0.0868035843856675
-0.112272072397201 -0.14158341769153 -0.0885981989229684 0.0641739059692387
-0.149886219980444 -0.120032276153019 -0.0986128825521186 0.0834705864979189
-0.175504881567642 -0.0891118223829968 0.0161666003335077 -0.113398833687656
-0.181091736496228 -0.110645270156679 0.0487215306952798 -0.113341218542747
-0.153551860525367 -0.161501721070001 0.0720448566531453 -0.1270327258657
-0.113555421061875 -0.197049809953697 0.0816038912470927 -0.155807856111638
-0.0428472902257715 -0.229491338531924 0.0869925780418811 -0.152704214970091
0.0493772204173028 -0.236901019834965 0.077021255511087 -0.122675953082781
0.10669988097831 -0.222752674344308 0.0488569573021499 -0.0498440831462331
0.133177501417485 -0.211930910641145 -0.00456917223437172 0.00133444555170849
0.121804460926671 -0.218771097049077 -0.0320585321626863 0.0675730975872241
0.0856218007517468 -0.234554356154514 -0.0643655812322425 0.116189542958463
0.00529858485089442 -0.238242863299311 -0.0804641225871957 0.127083926787908
-0.0761009313391065 -0.232181387517067 -0.0894082366355796 0.133219997830098
-0.112723287074036 -0.199706475327174 -0.0822591672387209 0.114584374938437
-0.160607600379766 -0.159811688895181 -0.0609395311625484 0.10275788499966
-0.185214118683761 -0.128030830712288 -0.0362096231161285 0.126751922205065
-0.147246467315459 -0.0860015116362313 0.0869819138292675 -0.0792407312260211
-0.139626944455129 -0.105223060989171 0.0924234953835543 -0.0835338388106855
-0.102483957919124 -0.14074817638745 0.091109973793075 -0.0985977429298094
-0.0667210414171185 -0.161212619378465 0.0781226688190928 -0.142292977785065
-0.0129738509824137 -0.180531929156963 0.0740413016963038 -0.156869358355014
0.0558057837018431 -0.189609742427804 0.0825543561084421 -0.159189474886968
0.101198651722099 -0.189261565286637 0.0813929300295402 -0.115921810272207
0.123904063721782 -0.198955270984874 0.0442043263417375 -0.0797609772720215
0.112207331724867 -0.221307379698948 0.0058416365972207 -0.0145471026545147
0.0721207522754458 -0.249219772306548 -0.0568590228037143 0.0472151113567727
-0.0158908588930031 -0.254712607571287 -0.0964486999661341 0.0905333136793038
-0.10458564799832 -0.237281038905927 -0.0991501311308585 0.128322956912203
-0.142709198048898 -0.195833440950756 -0.0592914360630662 0.138009130468403
-0.182974304124662 -0.144882948510681 -0.0109470455076117 0.139545569002111
-0.191696455225324 -0.115242415234373 0.0379853092759744 0.167677075255889
-0.101556467256455 -0.0705041795692773 0.140630024862617 -0.0446010588925874
-0.086080965018047 -0.0793981057379424 0.110226654748511 -0.0526163834607014
-0.0477078443250361 -0.096919505783775 0.0892341325929381 -0.0652518875642982
-0.0229725373222275 -0.101621867180816 0.0649059005434002 -0.117202737431172
0.00751953791302722 -0.110179529250791 0.0588000587591247 -0.139280981265769
0.0497298460445852 -0.123141852690016 0.0858480281663949 -0.167249967256339
0.0811255987055059 -0.134559063513802 0.109659530767135 -0.160397802092149
0.0959741849130488 -0.155110309027576 0.0867678380702619 -0.148898779966653
0.0849298413993768 -0.182364373274895 0.0349569870218709 -0.0958912176902342
0.0475323277782764 -0.207364277915698 -0.0570772690747762 -0.0247995439135353
-0.0256997873618419 -0.208765836152697 -0.114912848526172 0.0494712693783949
-0.100586708212569 -0.185724147746191 -0.104595468555798 0.115042359934072
-0.132775799356516 -0.150220528215078 -0.0283705830176031 0.149651999152255
-0.161903548863622 -0.10307487149387 0.04684145868716 0.165113739223946
-0.160806271214826 -0.0842947749728875 0.108878142182463 0.199005015238603
-0.0496402292089719 -0.043649719697775 0.17193519309024 -0.0160716794542418
-0.0400158142610748 -0.0413681163045459 0.108717783176293 -0.0319401806949389
-0.0150672877667495 -0.0477313430947214 0.0762768717748332 -0.0436958173040711
-0.00217788832130589 -0.045797373881689 0.0487163489689559 -0.0961487649106715
0.00956722343345118 -0.0500871528637392 0.0456405658799337 -0.117309243661058
0.0290753623873898 -0.0603335673884888 0.0876458330002675 -0.158298237584906
0.0470064327716379 -0.0720328825727479 0.129859701173107 -0.183093741853094
0.0537733792038836 -0.0868422817781545 0.117501588895975 -0.1969257134492
0.0449716128760518 -0.105016127658483 0.0506398022020158 -0.156350060634162
0.0201010377046715 -0.120234243423231 -0.0631032168896357 -0.0763579722762686
-0.0200964139583969 -0.117608926568195 -0.129928155925682 0.0219068102903261
-0.0633789028212975 -0.0993427539776649 -0.106980774056796 0.102725359966633
-0.083914668145554 -0.0798800926663582 -0.000888522482168573 0.150996741317195
-0.100387877600721 -0.0476566600613098 0.0934175233510758 0.176539357639357
-0.0946275294307707 -0.0422142154807548 0.159247760703752 0.216155307359225
0.00587906076180401 -0.00694989926277214 -0.189098172525304 -0.19642471082411
0.00866995072765255 0.00326923175622003 -0.14078651984738 -0.157304910795059
0.00331557712108139 -0.00453375949628826 -0.0375446346898752 -0.129861363445223
0.00536600755499472 -0.00251176874648663 0.0717105712943295 -0.0821828626935157
0.00436316439481996 -0.000936614809672375 0.118377646963873 -0.0265550341094122
0.00401280706719348 0.00962174879954914 0.0526515452256213 0.0657024908834758
0.00174793794233801 0.0121231427964493 -0.0616702465764566 0.161826903286245
-0.000131811985711172 0.00912677786525773 -0.140965511672365 0.209399915483213
-0.00279027015533327 0.00293228140206383 -0.1363972450113 0.196972043031015
-0.00340856370491123 0.00497868928318794 -0.0841841796575239 0.158134487393886
-0.00522733457143059 0.00462046964563159 -0.0398353744625857 0.115197939345543
-0.0100302574524984 0.00482532790851555 -0.0283709207523369 0.0936656737582632
-0.00970485576173625 -0.000357317927396955 -0.0579619655990706 0.0479906656734242
0.00748631238469003 0.00550158790851417 -0.0828987433781189 0.0147712427142166
0.00832097164888482 -0.00703571815147886 -0.170028066651238 0.00745499956619942
-0.0751152895998906 -0.0380382614307418 -0.179124693668417 -0.187083840261355
-0.0807472429032813 -0.0370907073663953 -0.126219880748567 -0.152427006693637
-0.0771720294185143 -0.0666232467796864 -0.0297967962647606 -0.133500549309369
-0.0567587759530667 -0.0858578778313511 0.0710968602494921 -0.0956640821575039
-0.0244603331948139 -0.102272437711978 0.118214712070844 -0.0441594046183764
0.0181768733916975 -0.100061250402103 0.059117145330021 0.0473380706147023
0.0438818204503496 -0.090025295941027 -0.0463599352681011 0.149023733906346
0.0534180469182002 -0.0734471462055606 -0.129759165829426 0.195203964500919
0.0423583897418856 -0.0597986705398344 -0.129704207547349 0.191631792926108
0.0281333210563566 -0.0447793781197218 -0.0856316593358579 0.16310500933984
0.00874138103190854 -0.0347607244046336 -0.045857616196217 0.120643555858337
-0.00539142313271046 -0.0384463431681268 -0.0359741603069264 0.0983714236063825
-0.0120780757232205 -0.045769662499823 -0.0636355838968099 0.0518493040177869
-0.0207315467946269 -0.0477297934723491 -0.0867416583821116 0.0184480268829071
-0.044985790808605 -0.0537721248398248 -0.16206659152437 0.0174034596854338
-0.140221491920326 -0.0641027962645684 -0.133619417284736 -0.168735265879509
-0.152583308612638 -0.0720558483516591 -0.0797194583229783 -0.145744094792575
-0.142755977299666 -0.118015697033799 -0.00318299781961455 -0.141114066104366
-0.109823831866109 -0.154744125061899 0.0736812042676018 -0.121773680024086
-0.0499548071738584 -0.186712745544987 0.111831989748185 -0.0817100609816935
0.0283781103725008 -0.190824958390187 0.0652947533327362 -0.000120404380977511
0.0776350660148377 -0.173973296032803 -0.0201090189206347 0.100527177077833
0.0979714197817812 -0.144724585849922 -0.0999837071298502 0.150791185409968
0.083544033074207 -0.122180764237728 -0.108145419337086 0.171983303031916
0.0599708300313807 -0.105217970190553 -0.0844845275668242 0.170486849306772
0.0213968024151485 -0.0939964352917808 -0.0576158160779576 0.13583791047793
-0.00995669943007601 -0.0996529970786616 -0.0533679034830028 0.110968326422153
-0.0272412576439436 -0.101912614824113 -0.0764979503818088 0.0639840760274017
-0.0590709272851904 -0.101179498714708 -0.0927379540435108 0.0339597951935646
-0.0987336554220972 -0.0953608318523612 -0.138949858933053 0.042574582743529
-0.174877779150433 -0.0830026418028694 -0.0634054355304411 -0.143741872294133
-0.188653742042603 -0.0993408324221761 -0.015378013951557 -0.134589665915005
-0.171823059296371 -0.153736818543632 0.035359446878381 -0.142832566443965
-0.132286673405282 -0.197440972409894 0.0782301657676043 -0.147052274789113
-0.0573576709881106 -0.235082983647289 0.100370145575958 -0.124754788479334
0.0404882256151508 -0.241396337640221 0.0699067481654547 -0.0645793017789125
0.1017648089331 -0.220226524565069 0.0134779411931274 0.0288362198664778
0.127853038063516 -0.193381065292494 -0.0565872278272612 0.0825366246548787
0.114119847925407 -0.179579785690966 -0.0746528106600306 0.131501584390402
0.0837165061956698 -0.176861725477808 -0.0764854892756742 0.159546794480363
0.0235832403072485 -0.172776716603806 -0.0691072269846452 0.144740313798568
-0.0351293614771618 -0.176161734983661 -0.0732893175884914 0.126435681682498
-0.0643238353882453 -0.162689837189911 -0.0859546324109224 0.0868387525868905
-0.110758873926796 -0.144519362011649 -0.0886905640487007 0.0632803951684335
-0.149063995968047 -0.123315482363291 -0.0967753755727278 0.0811886824028386
-0.175442133050205 -0.0919314493797369 0.0153495967723305 -0.112855702500592
-0.181240959578144 -0.11331978960036 0.0489161539385894 -0.112539445546394
-0.153407545275502 -0.163765688532305 0.0719864119367345 -0.128565940264012
-0.112317969833886 -0.200175623676971 0.082124927130916 -0.156531129094371
-0.0398685270045867 -0.231973746510599 0.0877498984975414 -0.154309669562535
0.0530033247952432 -0.239130777821268 0.0758672360427687 -0.124584344246107
0.111888857002462 -0.22301169189331 0.0493780027973314 -0.0490468492335773
0.138197299349559 -0.211372156511709 -0.00567640639599511 0.00172071936859299
0.126861120471964 -0.217224496313297 -0.0332109116674563 0.0661381916010165
0.0900167742120817 -0.235662144781025 -0.0643728905342314 0.117115046386178
0.00868559738860846 -0.239435434140632 -0.0811256198263232 0.130176036314086
-0.0742494099157143 -0.233902046808824 -0.0889692039715094 0.134852982324468
-0.112236982978557 -0.201602515255364 -0.0810050571400191 0.114702525508601
-0.159552487194477 -0.16342019285273 -0.0610432512733776 0.102494536146883
-0.184653674879582 -0.131728495596597 -0.0352834876113588 0.124990093709836
-0.147567545349344 -0.0883021379585908 0.0861635428590486 -0.0773860838913799
-0.139317365403864 -0.107648234877599 0.0924878592307062 -0.0818869057360722
-0.101777458481961 -0.141720563365682 0.0917106609578197 -0.0988444416058967
-0.0652946079876985 -0.162556525680151 0.0780560106971274 -0.143237390046388
-0.010339602611182 -0.181502692837987 0.0739952079052909 -0.15854220588877
0.058837361805172 -0.19201671208979 0.0817820494629983 -0.160708942322843
0.106537000935209 -0.189837747770309 0.0827619047365075 -0.115445234664298
0.128908582212411 -0.198270194120277 0.0456396122455455 -0.078671768214398
0.117311176270879 -0.22098600271639 0.00680401047599756 -0.0158328086948863
0.0762336428954952 -0.251135249768456 -0.0558817360579152 0.0475419484540028
-0.0119450040052187 -0.2574124869042 -0.0975573842993567 0.0934430428354407
-0.104231154147058 -0.239902998547063 -0.0990571454019279 0.130338258881096
-0.142899833073015 -0.198404898845263 -0.0587954070312575 0.138486640076449
-0.182198001368548 -0.149125354068203 -0.0119442211651495 0.14105669390341
-0.190932528312439 -0.118739004030262 0.0391735926786284 0.166558536460221
-0.101854187709048 -0.0723727345329269 0.138482444688095 -0.0422627238663538
-0.0854409245790815 -0.081589555851809 0.109101662852745 -0.0509314406316311
-0.0474892766099474 -0.0971236970761306 0.0890214689649662 -0.0656871926138494
-0.0215922257773102 -0.101650012778063 0.0637011217999607 -0.117016798947996
0.00866571895929579 -0.110399910921451 0.0592347447672121 -0.13958476534117
0.0514255374242281 -0.124056148342061 0.0863196351186325 -0.168072834323376
0.0849588719870393 -0.134814361505436 0.112368115275122 -0.160017135638753
0.100419409267537 -0.154750279216387 0.0908776237015525 -0.148387961646524
0.0887609119668539 -0.182511681564755 0.0374587285076581 -0.0969223660549448
0.0508969057281254 -0.209100309076829 -0.0550042665274901 -0.0255827909482126
-0.0232252616285625 -0.210899738164916 -0.115381418346458 0.051280589962593
-0.100369311128015 -0.187876834059052 -0.104988658553474 0.117186557049149
-0.133075072109742 -0.15241664012537 -0.0272217675991465 0.149987260717706
-0.161298611206593 -0.106361868579161 0.0459115585665458 0.166646875263143
-0.160092417230777 -0.0873701179691246 0.109984756149835 0.199126771787938
-0.0504606843231451 -0.0455127218048263 0.170914216883018 -0.0134484498572845
-0.0391319208985485 -0.042736988257864 0.107158446422038 -0.0292380340140853
-0.0145195075811662 -0.0476925115058773 0.0752800721303311 -0.0437863367896121
-0.00142277573236211 -0.0455421923655242 0.0471587142813906 -0.0965120169870565
0.00951453186966635 -0.0500764864659852 0.0451648599291043 -0.116820832857447
0.0295338328436136 -0.0610253369296985 0.0876408326351057 -0.158548563039339
0.0494605368955566 -0.0722488460679103 0.133760349228318 -0.182388409072433
0.0565458494459782 -0.0870311672174234 0.122941709314799 -0.196762566280304
0.0470671871789296 -0.105296673867895 0.0554743309288537 -0.157553690379383
0.0222345774259731 -0.12141777423539 -0.0601971761399693 -0.078066215162176
-0.0192297308040633 -0.118937756685919 -0.129931534107457 0.0223239479319935
-0.063070669585209 -0.101456955663211 -0.10739258852602 0.104649115409173
-0.0844402899368884 -0.0808769014286982 -0.000202054647600348 0.151377470553493
-0.100079565725363 -0.04957045651635 0.0931452941274711 0.178115953718033
-0.0947469986898211 -0.0446809412409949 0.161376694257533 0.21737053847298
-0.00164885848242603 -0.00944862514882343 -0.27971765502927 -0.0425648292636097
0.0079231981980874 -0.00242282034926225 -0.213017148650764 -0.0419737504746013
-0.000578572696187526 -0.00540400639847667 -0.110879543520093 -0.0851097518263132
0.00235978309959131 -0.00552493671090386 0.0101962622986486 -0.113740814333705
0.0022435964354846 -0.00358761937859601 0.0803807737194319 -0.094801351202539
0.0092057411314533 0.00505127606581366 0.0809942875698359 0.0233525462830815
0.0100728954113446 0.00822979583168895 0.0481760236349635 0.175644829051095
0.00601194618755207 0.0081941644632274 0.0100120221015829 0.261214195057861
-0.000397422439308757 0.00587098965778596 0.00722637541494802 0.249475383708365
0.000228469175651461 0.00662095943602152 0.0276721643963142 0.183117157318625
-0.00125558003627987 0.00813747605518 0.0394023075636192 0.118823793570222
-0.0039648357330378 0.0113089069544676 0.0374974008834802 0.0928353305448637
-0.00829052525385668 0.00798220684003182 -0.014667549803428 0.0739860659327752
0.00901703139492233 -0.000609734458868486 -0.0569387530327916 0.0620737769374904
-0.000650456671659751 -0.0113081566216664 -0.135462140520956 0.111873029652617
-0.0880118561406121 0.0101083451381408 -0.26654484701024 -0.0350202338457093
-0.0889146912071183 0.016028769344644 -0.201470396851042 -0.0456220240390706
-0.104231845284506 -0.0103280705723925 -0.11127280842523 -0.091892783091882
-0.096836358638378 -0.0389116878724111 -0.00404017161848219 -0.124671207200556
-0.0803901007904094 -0.070971984847121 0.0670534797826261 -0.110359762032719
-0.0439891298995731 -0.0943678560566369 0.0742185040643798 0.00110173526575585
-0.0170399614869406 -0.102093435084002 0.0515960988117719 0.153197536751572
0.000513108744095904 -0.0943292992538039 0.0109517463266678 0.243547595620403
-0.00054344041803774 -0.0754335195289668 0.0102260416248348 0.240650191047744
-0.0034200582593967 -0.0542304035292273 0.0301826178329203 0.189298137408078
-0.0134282072118396 -0.0337518586265021 0.0369974185646446 0.128639671045963
-0.0263370661340283 -0.0277487287416283 0.0346484679808422 0.10217486008359
-0.0389179289021421 -0.0295530899955606 -0.016810290948651 0.0810696761568666
-0.0482550895238563 -0.028162090870243 -0.0567905693279883 0.0668513825324242
-0.0765128352341352 -0.0172659566839858 -0.119251581967091 0.113898129202231
-0.157873362512126 0.0246414611632289 -0.218325555622803 -0.044285005155634
-0.167854502323106 0.0283445518875738 -0.162584437707147 -0.0674447631421239
-0.189211590323466 -0.0150394257206591 -0.0975247197794601 -0.112760604948945
-0.179988018876788 -0.0658277578819289 -0.0228644845661867 -0.14734150080969
-0.150995276454548 -0.125777584925475 0.0358924192619291 -0.138165321536979
-0.0898851294038175 -0.176331446661552 0.048912384499601 -0.0451035536550865
-0.0391592015312948 -0.191979608807195 0.0432240928817679 0.0944283396565837
-0.00565565753949032 -0.18182344861756 0.00833624221325746 0.188297684625754
-0.00323487461815212 -0.154152279251076 0.0159724723181432 0.211984202376343
-0.0140604707000676 -0.125021028560689 0.0359423279317588 0.194584117266229
-0.0386615411668909 -0.0912463820084827 0.0368300009537447 0.149809792737378
-0.0678222391314455 -0.0769833509022194 0.028208168132508 0.125263342457536
-0.0882701157429115 -0.0679700313096124 -0.0195627171226969 0.099976369492032
-0.115446319959783 -0.0483689076034848 -0.0510307812903334 0.083315488585361
-0.149454848247549 -0.0180703519430421 -0.0812278891385841 0.119453438234335
-0.197390575021072 0.0286149409564053 -0.145323375777759 -0.0643812819147623
-0.213548724631425 0.025906514603297 -0.104247673718367 -0.0975935668483219
-0.234038982557347 -0.028044504587913 -0.0687167332544955 -0.137313110865548
-0.222762709235354 -0.0880421379629248 -0.0373831359474097 -0.17119621262971
-0.185273138963595 -0.161621632979782 6.52800251536742E-05 -0.166583822685493
-0.110920793290647 -0.225340681420025 0.0129925238443082 -0.102672892342003
-0.0471472271102687 -0.244571831509841 0.0261700244945326 0.0120547983621814
-0.00996444401555033 -0.240926453780096 0.00299566226832487 0.104837751009184
-0.0120487994817706 -0.221882062191132 0.0193941599037536 0.157379490160399
-0.0381442370775962 -0.200321586173571 0.0362570738907751 0.181246937213717
-0.0856722607899639 -0.159886567592099 0.0322169302479454 0.165200859935092
-0.136483811136034 -0.127176035292065 0.0221088461496736 0.151586270655149
-0.158819454997709 -0.0964817022354758 -0.0128867938047059 0.125203143705391
-0.187074081944345 -0.0526376951517192 -0.0275127394847353 0.104291672612177
-0.21028183957848 -0.00956362527875856 -0.0193213552380848 0.123662678748509
-0.202323100194067 0.0216257040105308 -0.0615634520003076 -0.0869397305530577
-0.214477157651847 0.00974011357331858 -0.0378751524385232 -0.118910922218342
-0.223167359954909 -0.0466580805869716 -0.0288525315081168 -0.148270912038601
-0.207257479999467 -0.101040864427953 -0.0401172608948008 -0.181548574826584
-0.168308826043161 -0.168948213966488 -0.0283003467635583 -0.183390483283729
-0.09908916593634 -0.230719911324921 -0.0183544846350692 -0.156218213346494
-0.0405844068706698 -0.25306762891826 0.0079643341656672 -0.076163736657959
-0.0119663287723581 -0.263139152001773 -0.00312773459982551 0.00633045132979017
-0.0246888936147793 -0.261991016023032 0.0145942682356494 0.0771483034931374
-0.0694288957054816 -0.254451455130101 0.0206572135080348 0.138138925498108
-0.140912160835725 -0.208833863593617 0.0128260626354114 0.162250633698494
-0.206572500267986 -0.152075922722216 0.01403546052576 0.170116585222604
-0.225721431018514 -0.101051351215937 0.00965937588858698 0.146064801181329
-0.240250866350648 -0.0377137041879377 0.0203819927178727 0.119379751103093
-0.245489127081276 0.00665935964990865 0.0619808409469419 0.119248595181745
-0.176163877009349 0.00784367754720294 0.0179478745048968 -0.102851620610502
-0.176185753124972 -0.00979156335521471 0.0186188002792214 -0.120556003308699
-0.167097678741026 -0.0596343284524739 0.00716797343172006 -0.136486748289482
-0.146185607598275 -0.0967135678250567 -0.0329569433100255 -0.167997424723511
-0.114719207237411 -0.143360668308485 -0.0396134124752464 -0.177050104332654
-0.0661604201631702 -0.194623023543608 -0.0339892012954426 -0.187840355560691
-0.0255433855910397 -0.221720230024839 -0.00327774634416824 -0.152843335951512
-0.0123164702096958 -0.246653805150938 -0.00852782800855271 -0.0927348473265706
-0.0359502182407758 -0.260613203930693 -0.00176110012207421 -0.016359903477605
-0.0914099478496743 -0.259938178695518 -0.0150853637058968 0.0746079805246759
-0.170706711364447 -0.211555237553013 -0.0228151337289628 0.141534280909413
-0.236498081953845 -0.139340545032581 0.0028065266433489 0.173877298299038
-0.249995916637267 -0.078339009750461 0.0431096009353169 0.151425301810238
-0.249860093307301 -0.0114829906779755 0.0847396797805306 0.118689341302555
-0.241263426052693 0.021963760744721 0.15086343754464 0.106698033756742
-0.127891799089191 -0.00453110386946593 0.0833537055663224 -0.108825793294666
-0.116561961615878 -0.0191826027571796 0.0537111857046011 -0.105758789717122
-0.0950139710328777 -0.0531894807412072 0.0278433383529608 -0.10783050257029
-0.0757880821982634 -0.0717221110434207 -0.0260224893492109 -0.137199775223038
-0.0578634262987377 -0.0958092411513896 -0.0389393248380467 -0.151158560115286
-0.0326611848297357 -0.133323109289101 -0.0332810321192136 -0.194327414034747
-0.0114507454289051 -0.163186893957832 -0.00574782559429265 -0.207144950835554
-0.00995890241651484 -0.192735201797289 -0.0135411205842091 -0.178965427642608
-0.0368061600533296 -0.210233845020347 -0.0256340294834723 -0.103882999043904
-0.0874200851528357 -0.209078723114285 -0.059577633231334 0.0122998647138745
-0.152464414020567 -0.164587954080564 -0.0627550912771863 0.117381505952652
-0.201972950972964 -0.0984240702996978 -0.0107382035059692 0.16577250736877
-0.212227475360768 -0.0446084840731819 0.0755974330510683 0.140557443061381
-0.204179583451272 0.0121947624943854 0.148276961377443 0.10376565459722
-0.193379805946752 0.0297877229844382 0.229449874407477 0.0886197573343241
-0.0687474789156007 -0.010259866930155 0.128282346740493 -0.108272677393256
-0.0562876573323191 -0.0136915549491915 0.067355817284093 -0.0860271770047684
-0.0393700437105456 -0.0308196978211141 0.0325962699168248 -0.0812171926121349
-0.0274535594738162 -0.0366643383380398 -0.0241172061486637 -0.108861698134624
-0.0218728779108274 -0.046315113455157 -0.0350165473843689 -0.122604432088716
-0.0131127262081243 -0.0674748230265518 -0.0255118911576664 -0.184784799369586
-0.00350229687717713 -0.0898215388131655 -0.00156648013428638 -0.237610831000492
-0.00584340416454694 -0.109073709809959 -0.0160245852221405 -0.239984381447245
-0.025496321435176 -0.119456376009875 -0.048985164257247 -0.166864745828299
-0.0579539912174692 -0.116716733758113 -0.0966039976834166 -0.0295126011571063
-0.0914070759712819 -0.0886599081675038 -0.09168425893871 0.100769973863246
-0.116469994245505 -0.0465914375987334 -0.0214458370152842 0.156078779750912
-0.12388866867901 -0.0140694410118466 0.097696338395781 0.124626196278899
-0.11421626116606 0.0213870418253312 0.193366734311577 0.0844114108438033
-0.108771289886858 0.0245196795027844 0.282920946192343 0.0721493106202536
-0.00278496612254409 -0.00959836144299476 -0.298521724504586 -0.0304786215287574
0.0079398767171203 -0.00388675140646801 -0.227346547795682 -0.0343612598905538
-0.000689774636007657 -0.00472208496347261 -0.120014306271057 -0.0841475304826175
0.00260473275765315 -0.00639224475949402 0.0070676785714853 -0.121669887122916
0.00198438705369848 -0.00393739847069114 0.0797944938995524 -0.103850006840014
0.0106347778906333 0.00510464727356297 0.083439427976264 0.0232884129629241
0.0111118534960337 0.00852332553144497 0.0548065109389938 0.185262837144327
0.00674371987656169 0.00812986771592797 0.0185627424424986 0.276644375799235
-0.00088882095396643 0.00593642042534905 0.0160459588531088 0.263224131082998
-5.6326313885414E-05 0.00710153013550315 0.0359547620531898 0.191493070076926
-0.00151908900644543 0.00849352441901144 0.046900998401628 0.123050390806653
-0.00341857222443768 0.0122529054102722 0.0463161040851382 0.0936167750466264
-0.00748824860882095 0.00947395660885041 -0.00989771978992893 0.0764546605247769
0.00927874850991591 -0.00196651722787909 -0.056285002487715 0.0631687511393662
-0.00219631597664186 -0.0117112904463259 -0.137060371062232 0.117091896975204
-0.0939108600859673 0.0141954912369172 -0.284821433238451 -0.0243841645013305
-0.0936083548709984 0.0195509251890287 -0.214876422053487 -0.0388491999086947
-0.110528037696396 -0.00627749477653239 -0.1211797158535 -0.0924006912517368
-0.104209989129403 -0.0374233905165585 -0.00871935822620487 -0.132207399275105
-0.0874610571348576 -0.0726378125485998 0.0658372615057671 -0.119910545709528
-0.0498171077221545 -0.0988101186299501 0.0755122665325377 0.000189163461348764
-0.0206687675201016 -0.107857779612832 0.0583595078446286 0.162242680902987
-0.00243676534678624 -0.100846618479482 0.0180962336421894 0.257767317702401
-0.00269167441646989 -0.0798281133750117 0.01785328290548 0.255087273261124
-0.00563480036811642 -0.0565197813482534 0.0390670852132033 0.197355490534284
-0.0147403479779517 -0.0347541848398752 0.0446082269169541 0.133714677351396
-0.0276832071605767 -0.0273892583858184 0.0434951141248454 0.10363998382431
-0.0409910511157589 -0.0286774078101862 -0.0125751699407359 0.0838317496733871
-0.0523147845958849 -0.0297280304942162 -0.0551660140676772 0.0692021758145381
-0.0823756852099937 -0.0159105082661911 -0.120296436954126 0.119503012832538
-0.166639075436086 0.0319826021649617 -0.232804392824102 -0.0357289411783205
-0.177246377923098 0.0356891027846543 -0.174803341714779 -0.0637806118907071
-0.200987975512155 -0.00839553597301864 -0.107776458470196 -0.115046150958052
-0.192583776571981 -0.0631809674156313 -0.0298622436256427 -0.15533971454344
-0.163276462690661 -0.128737566635883 0.0324220413426429 -0.147979635244893
-0.100612494187373 -0.184401632589908 0.046476008545394 -0.0472495555401307
-0.0465798655683548 -0.202859472079181 0.0478410323487022 0.0995023536569638
-0.0113756542165673 -0.193125696170667 0.0136376061304079 0.199312964175127
-0.00740745000172024 -0.162938859654158 0.0223530556774586 0.22449139736019
-0.0179436664463767 -0.130507809447929 0.0450188421419913 0.203214419432127
-0.0422177194961617 -0.0946399258408697 0.0449185073396751 0.157244770094431
-0.0721854394236789 -0.0771823136558652 0.0376539368369584 0.128179923700256
-0.0936443435859877 -0.0675221697824939 -0.0146957150470317 0.103456565314566
-0.123817739307948 -0.0488291293430677 -0.0483106763392194 0.086476051868954
-0.15934309646936 -0.014511892440579 -0.080103473191363 0.124328561050285
-0.207780729043673 0.037678501669571 -0.156485198430258 -0.0606086523267095
-0.225016851996214 0.0340716901177543 -0.11392154752325 -0.097583986576403
-0.248299200656718 -0.0205155943524919 -0.0789556632834516 -0.141930170144243
-0.238262174874648 -0.0848601579911712 -0.0464518132583858 -0.179054929160377
-0.200676519913149 -0.165254617585813 -0.00709024380890398 -0.1772379958264
-0.124298883276529 -0.23545086844546 0.0070707369886795 -0.107375261795786
-0.056801405683238 -0.258755411103691 0.0275330547980878 0.0126378735386701
-0.0175808679170445 -0.255567614771386 0.00630779237516036 0.111556140051732
-0.0180741525640091 -0.234379798068573 0.0244082231544202 0.166498988460965
-0.0455600341158354 -0.210329506313006 0.0454709550073037 0.189274886553861
-0.0942195965532619 -0.166278354719472 0.0421992311405861 0.174230456373303
-0.146293821489036 -0.128265856928702 0.0316941257892399 0.157610122359581
-0.169084619592612 -0.0966850097198122 -0.00731080040235155 0.130747187462131
-0.200349561348781 -0.0508855976347245 -0.0234502676525228 0.10902474459169
-0.22307229789463 -0.00363143367358646 -0.0146319734244192 0.126473822808718
-0.212916525890377 0.0292816644939215 -0.0690482305967039 -0.086895048548296
-0.226501669036838 0.0174972635298229 -0.0444842309296802 -0.122407769396231
-0.237148954396527 -0.0412392145512424 -0.037897130335423 -0.155479807411066
-0.222047301168354 -0.0999945488969733 -0.0507641882530393 -0.189180071144105
-0.182723838017821 -0.173338146170783 -0.0373920532844253 -0.193759253395326
-0.111763237700626 -0.242080116057625 -0.0277569350497737 -0.162455082029262
-0.0494389750025957 -0.26793324953537 0.0061088400632389 -0.0807478330345255
-0.0199303766566232 -0.279442232427215 -0.00287423896550782 0.00740912168256561
-0.0330948391816686 -0.27680388561979 0.0173111481897887 0.0817085874127224
-0.0809742391497418 -0.266882574161062 0.0274841594498092 0.144434327937141
-0.154410878198665 -0.216724102483441 0.0215432261007774 0.172179758026754
-0.222371701164959 -0.152566113052336 0.0235849528360893 0.178050332127385
-0.24069782733448 -0.0983073374106879 0.0167393851039373 0.151475085722538
-0.255806043257481 -0.03353135431828 0.0272652871539845 0.124058480254956
-0.260085248672076 0.0139880612061981 0.0704935829700416 0.119595532705508
-0.185404129593107 0.0138805918164545 0.0141752971602987 -0.10535222808915
-0.186892064667576 -0.00435857138294165 0.0149430671610841 -0.125557395557912
-0.17751220902845 -0.0564108274605662 0.000573456503792032 -0.143710961185139
-0.156778302485164 -0.0972131680800637 -0.0424280577737429 -0.173801929804351
-0.124682010640946 -0.147513852028432 -0.0490178134681187 -0.185803276451788
-0.0759414134197265 -0.204289862510444 -0.0451391493939496 -0.195004482989539
-0.0330698014641603 -0.235144020174527 -0.00833749801089126 -0.161233336599778
-0.0196535654502247 -0.261416154572334 -0.0108802237071188 -0.0977871561554776
-0.044994643177431 -0.274578561193294 -0.00209962001072999 -0.0175392890004923
-0.104535685927054 -0.272769328597425 -0.0120411905969186 0.0782313547517247
-0.186929797049332 -0.218619949090382 -0.0160697961630336 0.151569564147921
-0.254894671474625 -0.138694372952119 0.0122668844097065 0.18253282246743
-0.26673571831871 -0.0739259590788059 0.0521636416058138 0.156706689665065
-0.264944432371137 -0.00543208343786679 0.0952892073561791 0.122194314804536
-0.255614580897934 0.0304181000535895 0.164583385995898 0.10345765613342
-0.135540615784785 -0.000712127195187136 0.08271126277499 -0.113936631746659
-0.123634692466052 -0.0162296873760152 0.0530399444288772 -0.110367276543866
-0.101445967896371 -0.0520598034252357 0.0235646354436423 -0.113787746760405
-0.0814482134086307 -0.072148203327482 -0.0340674352199421 -0.141645162327986
-0.0635679206207311 -0.0983726150580892 -0.0461788042538775 -0.1570550360082
-0.038947008364738 -0.139750273744864 -0.0434928388499207 -0.201595877686341
-0.0161659526219343 -0.173305452158811 -0.0123432908735677 -0.218168936967783
-0.0155547334238854 -0.204612991700462 -0.0178311501387559 -0.189164150501867
-0.0449213105977924 -0.22149674386463 -0.0293648419515177 -0.110960172741545
-0.0995006480474636 -0.218218514068359 -0.0610364180995931 0.0135003954449391
-0.16668310790936 -0.169685220085103 -0.0595059994910467 0.127050721372027
-0.21720276784782 -0.0969952032224512 -0.00289940709546073 0.17547614957341
-0.226060377177803 -0.0395692145613655 0.0863971202200479 0.144281251200492
-0.215780558600337 0.0175353045908301 0.161307769727598 0.104603410017554
-0.205367258327487 0.0373558968570941 0.247649691586054 0.0813425093507836
-0.0732430087760674 -0.00825543967245607 0.12995870897528 -0.114248913404319
-0.0597873161671028 -0.0128632630443958 0.0675923095910686 -0.0905214501314242
-0.0417077704974186 -0.0304480365640954 0.0291655658663848 -0.0854353975200866
-0.0295522296547623 -0.0369671219804783 -0.0324528142654163 -0.111125583913084
-0.0244083716410563 -0.047202448422185 -0.0410394194436921 -0.125993601940524
-0.0166871273442937 -0.0702999472646865 -0.0332770750952738 -0.192002593272299
-0.0062128219336495 -0.0956217614265732 -0.00900578240586229 -0.250833556300445
-0.00898802221046534 -0.116570134962156 -0.0224806874647293 -0.254600291848613
-0.0302839453194022 -0.125667456435241 -0.0546978094834318 -0.176942155235427
-0.0655075764856889 -0.121360302453506 -0.101752753423899 -0.0296549566964772
-0.100340180297877 -0.0909551371244714 -0.0913353971516689 0.109972036324922
-0.125239635967604 -0.045064257657313 -0.0152828619216857 0.165811501261308
-0.131513682541942 -0.00975951616063627 0.108128769974806 0.126405896790681
-0.120200995945174 0.0251066905842477 0.206988315253635 0.0822129954246167
-0.115184148248922 0.0278843652424877 0.303530090462503 0.0615062522354615
-0.00467069535336538 -0.00897628218355088 -0.312590318764082 -0.00319360254068671
0.00765664278974413 -0.00502635429057593 -0.238355820670919 -0.0160365383594165
-0.00018212588010476 -0.00443205114703398 -0.129978295747288 -0.0771049907831256
0.00192227716823934 -0.00625898016763128 -0.00216384684434808 -0.128091573663373
0.00172694558404438 -0.00388462764292623 0.0735856011736134 -0.1142291966757
0.0118277367102441 0.00479230001089591 0.0851517226631798 0.0200175220734351
0.0124394941525159 0.0075508321662318 0.06919592529218 0.189630485004261
0.00717337599963216 0.00760231118338854 0.038105328957585 0.286092380846776
-0.000713993133607472 0.00623154435675208 0.0354008568740169 0.270945892983283
0.000159971099831109 0.0070267210430525 0.0514662928221309 0.194276795734942
-0.00087659038192693 0.00932326693251334 0.0588972993425707 0.122280528061067
-0.00256589794055572 0.0133466163965351 0.0574309823618318 0.0893531528148149
-0.00625705770409012 0.0108274426755128 -0.00206059411985699 0.0770117409396869
0.00853190760940502 -0.00407906133474003 -0.0514492656413932 0.0647577584044173
-0.0042226017628194 -0.0110229906470678 -0.130743926035738 0.125725787948165
-0.0971117744917106 0.0222830368387127 -0.297193916772572 0.000386097113331616
-0.095986721938141 0.0268068796203597 -0.225829441828987 -0.0213450656932748
-0.114217431840506 0.00259784794888749 -0.132082400756566 -0.0846132867715888
-0.110929747535343 -0.0310752830024611 -0.019436202832224 -0.137417839053611
-0.0958306807309341 -0.0689216997752603 0.0573214968236808 -0.130044654163047
-0.058057997205172 -0.0991202287851811 0.0750279419809677 -0.00274106354712932
-0.0292191868648449 -0.110940021759011 0.0713982632695646 0.164831205791959
-0.00974908655478404 -0.104475731766537 0.0374317634535572 0.266682802877627
-0.00822500058045831 -0.0821140863082628 0.0367938582872721 0.262861698710046
-0.00891723497089091 -0.0569467621443045 0.0553412023677651 0.199723738070695
-0.0168188066868855 -0.0340488857977844 0.0573671763634087 0.134612633011116
-0.0292746604311246 -0.025133438588767 0.0556324599378526 0.0999709871506124
-0.0429398098352212 -0.0252440303962026 -0.00329611449451139 0.0846570950195761
-0.0568530181803253 -0.0279686857577378 -0.0501458705358527 0.0713517891036659
-0.0876968469466381 -0.00997371635938942 -0.113482795818801 0.126600430811235
-0.170807905716607 0.045729833781869 -0.245226146024838 -0.0163280694961494
-0.181322616796278 0.0502566414322928 -0.185754500471039 -0.0502432639139575
-0.2077489941745 0.00651095639467832 -0.121155366378645 -0.110197298795121
-0.204758776575181 -0.0510013310998671 -0.0433647632453439 -0.158985698981603
-0.178333065984693 -0.121407979810946 0.0207102028722057 -0.157705651041542
-0.117565269363582 -0.184406761696905 0.0418121201570877 -0.0495989031170374
-0.0629877931931981 -0.207266844238154 0.0557229459405536 0.100410720935561
-0.0250604579219671 -0.199466517831249 0.0277016043813617 0.206345210938421
-0.0181336416359799 -0.168151253410885 0.0390402040808961 0.232234935892545
-0.026967663169213 -0.133063075878405 0.0625292241645433 0.205222413818501
-0.0492669429831244 -0.0941362600652512 0.0600230308680998 0.159542444482736
-0.0787519917806691 -0.0731828243664146 0.0514461338966233 0.126227656748741
-0.0998448656894713 -0.0621189754789367 -0.00489132486042965 0.105730654529892
-0.132166454044258 -0.0427673918200756 -0.042546191973636 0.0894987641324892
-0.167882197497396 -0.00300121665999734 -0.071677569992981 0.128641897726244
-0.212672363709535 0.0538616306647519 -0.168213370630224 -0.047373003725388
-0.230778090016676 0.053096065305462 -0.125282684994962 -0.0900085673785862
-0.25782045680469 -0.0027103217445143 -0.0932773454135934 -0.140111122593669
-0.253184241140262 -0.070227500719455 -0.0628988477684834 -0.181729508254764
-0.219238050647566 -0.1570810645296 -0.0226936860035085 -0.184452215047807
-0.145740425939057 -0.23635152133771 -0.00375720081542247 -0.108927038253974
-0.0772911494316076 -0.264933542740203 0.0288248801078293 0.0111301034450256
-0.0358889265187631 -0.263812946610092 0.0146444352336184 0.116037293715083
-0.0342343887092944 -0.241589908562422 0.0371788959512002 0.171313129300201
-0.0608191831145477 -0.213799870925452 0.0616748718714359 0.190940199284345
-0.10814031109642 -0.165349370408801 0.0585273343215421 0.178536532728866
-0.159030815920491 -0.120413640687895 0.0473179757858157 0.157447675044008
-0.18035760637681 -0.0868338631634661 0.00448089634696144 0.133057589558774
-0.211276814280983 -0.0399182519113492 -0.0143663253678601 0.112180700581203
-0.232870266323156 0.0125058215101688 -0.00433311319005551 0.126156907327572
-0.218239749861075 0.0460829507757868 -0.0792051437354497 -0.0808784746619659
-0.232670929228215 0.0352227167863862 -0.0555725672639157 -0.12099093172714
-0.247287654513729 -0.0244972235409548 -0.0525788603955184 -0.157335712951878
-0.236304732493136 -0.0862900655762734 -0.0673828335742953 -0.190430018427765
-0.201253930067347 -0.165767007742869 -0.0546285533150354 -0.199150614188128
-0.133530059937797 -0.243973198527546 -0.0429607219937016 -0.163605673427553
-0.0701021337838523 -0.275539916051942 7.81075878681093E-05 -0.0836661580145373
-0.039690174893384 -0.288244337729033 -0.00117019106993837 0.00827565415624643
-0.0526381551085297 -0.284652448428285 0.0239481387789132 0.0841208310131966
-0.102472972913372 -0.270617539833287 0.0404093210944859 0.146295153025768
-0.174686036397734 -0.213711829710166 0.0385153147592055 0.177788729221278
-0.240506782346847 -0.140526650133966 0.041068118026281 0.180427876311055
-0.255148465762731 -0.0832012371380145 0.0302612243541184 0.15353048397376
-0.268794048482915 -0.0174728007535226 0.0396769542353622 0.12468942704213
-0.269423826542745 0.0331771548801529 0.0832453242153746 0.113632269125727
-0.190852451045386 0.0280910376430071 0.00584417593353856 -0.105854804541137
-0.193372888084006 0.00939669874338209 0.00640910305062082 -0.128445884167447
-0.186309051224047 -0.0450285160930875 -0.0116592554809711 -0.147648869054206
-0.167860966147345 -0.088758358411539 -0.0584163111489506 -0.174321821781724
-0.139084378142123 -0.143650528493751 -0.0656935508834046 -0.188693105652756
-0.0937694615479694 -0.206445930068497 -0.0618077913067742 -0.195723247933628
-0.0506970264359994 -0.243120211086322 -0.0202939568395358 -0.166098971658371
-0.0387622096647919 -0.270124360101536 -0.0169796208378783 -0.100363927500838
-0.0651086335330575 -0.282091432485934 -0.00257927059914457 -0.0180906288169679
-0.127377753999228 -0.275226110020231 -0.0055158925574812 0.0808411324681625
-0.2086760183533 -0.21360438855562 -0.00210830081124198 0.158924110064027
-0.273489951051228 -0.124311802048039 0.0282327129701075 0.186803706271131
-0.280824102225969 -0.0565252910737536 0.0673089747113168 0.156676701280956
-0.27633920545177 0.0128346327595018 0.10988259840508 0.118371634272139
-0.263835566003008 0.0503320665380774 0.178906608011795 0.0891892709107235
-0.140196285587529 0.00936339798898061 0.0757242080133698 -0.119041053176639
-0.128918963731644 -0.00784495859273629 0.0459246881033402 -0.115630031162476
-0.107114565601028 -0.0458227530306641 0.0138015899942221 -0.118198450551941
-0.0881505678724746 -0.0681605351135931 -0.0475677145801025 -0.140605962035635
-0.0719581010399919 -0.0966009482298187 -0.0599491058476657 -0.158655024187659
-0.0502159490440514 -0.141589445190208 -0.0599524791190458 -0.202773610678539
-0.0291037620102096 -0.179618683331197 -0.0286839118774431 -0.224907693466137
-0.0305498772772525 -0.212483957192311 -0.0303594720368265 -0.196193596329593
-0.0619536735381518 -0.226734210460771 -0.0371156363047626 -0.11404872482465
-0.119328522574913 -0.219239318946725 -0.0608922849339042 0.0173529539757649
-0.184773021687985 -0.163975812766894 -0.0488993481302923 0.135998809083582
-0.232596884269153 -0.0833871248737737 0.0120762586421305 0.181091111047922
-0.236294851709585 -0.0235494985560121 0.100952686833571 0.141548377896058
-0.223693557666452 0.0331736075332684 0.176930275452585 0.0958414623577531
-0.211115885811174 0.0533320251119936 0.264221602972102 0.0595333648433728
-0.0768198191970859 -0.00330068604700999 0.124414910360812 -0.123671956792855
-0.0628274303618705 -0.00916677263244166 0.0620566843765977 -0.0959739975802701
-0.0439144043030195 -0.0279269838179693 0.0214146569818549 -0.0890774447538147
-0.0323381315100474 -0.0351376509994688 -0.0440507459644599 -0.108677551099509
-0.0279047116288092 -0.0457450717534613 -0.0520693427759984 -0.125879372261813
-0.02205761141815 -0.0707492317786616 -0.0489432797410463 -0.19372990885148
-0.0135292489544439 -0.0992351962511342 -0.0271193599052753 -0.258608381991392
-0.0178229545483508 -0.121190869255989 -0.0403130714260239 -0.263206940603717
-0.0398919982732908 -0.127849477583237 -0.0686267865101921 -0.181925403528984
-0.0764590315440626 -0.120201530414701 -0.106267615272938 -0.0248098718987236
-0.110277698415299 -0.087140478134858 -0.0834658993929128 0.119876066226509
-0.133321750485884 -0.0372229475018401 -0.00159240676015963 0.171749430532148
-0.1369895334526 -1.64406562226434E-05 0.121490953834182 0.12172775731864
-0.12351951576892 0.0336263498898255 0.22199786573315 0.0693716893338784
-0.119094152562806 0.0376159875682635 0.320618642844145 0.034057886756296
-0.00591056431138422 -0.00753948555632797 -0.311290019274413 0.0263795781631413
0.00665074084833481 -0.00608858873849969 -0.236176181107542 0.00663413655779765
0.000516565027286319 -0.00391734220246112 -0.133554848710685 -0.0650932688602965
0.00144999420692431 -0.00639376644593985 -0.0134338274962355 -0.128658018731784
0.0012025898281592 -0.00378126992866171 0.0619143344269895 -0.119596437348704
0.0130312889673945 0.00403393679081475 0.0834535958100662 0.0159438241423778
0.0132823882698234 0.00613494843737008 0.0820559614541432 0.184009806072985
0.00713834208989064 0.00655598173034526 0.0586544667758333 0.281578573758478
-0.000840806794784767 0.00641391096304964 0.0552739531321554 0.265310419661448
0.000513589288061448 0.0071265326549261 0.0664538669385069 0.186978679319717
-0.000526248446579518 0.00914049741634926 0.0688484017024044 0.115391997420055
-0.000577152925147177 0.0134395998357611 0.0663557618098976 0.0798361122227986
-0.00462866999883326 0.0115102035924028 0.00685155978124203 0.0730522008155271
0.00713038955527007 -0.00580820518091436 -0.0453163231184964 0.063081688830482
-0.00609452594197032 -0.00987420604370417 -0.11869984170639 0.128012780020594
-0.0954112787150768 0.0305462688511014 -0.296494171522 0.0284682723297118
-0.0935415158743152 0.0337378716584121 -0.225318190936772 -0.00159169189446579
-0.112161487119673 0.0114931555839868 -0.137230359229401 -0.0731193176464501
-0.112192048533047 -0.0220651327922107 -0.0309711620674003 -0.135814198039884
-0.0999307796859706 -0.0608472803934484 0.0438866322934617 -0.135191927437413
-0.0647745347436588 -0.0945760207875906 0.0719467869646321 -0.00539739669726244
-0.0367502585363427 -0.10830931070113 0.0825947530263781 0.159248068908028
-0.0174357190693864 -0.10323136520332 0.0553053491557054 0.2629639671154
-0.0139416973669516 -0.0809426973924716 0.0555158373797023 0.257660459595011
-0.0121590663558787 -0.0556240315346991 0.0698874330386315 0.19194025333363
-0.0183590576343082 -0.0318482339585908 0.0687671969648002 0.127954553814765
-0.0295782572716444 -0.0217322722260618 0.0643320247366502 0.0908076236566591
-0.042773879112131 -0.0213967436856645 0.00549320153647098 0.0812599003724461
-0.0596924301869012 -0.0241641000262282 -0.0431262516418583 0.0699341269467364
-0.0889992150609792 -0.00252755976364272 -0.101251030955616 0.12741080030388
-0.166275876775748 0.0593322336189809 -0.246136387625034 0.00720501273816625
-0.176222329113236 0.0641254882819972 -0.188089097869495 -0.0329384094589122
-0.205187258801328 0.0229363003806113 -0.129235509406058 -0.0986363850264789
-0.206586758844458 -0.0342140213964192 -0.0562723005834166 -0.154481572529999
-0.185555113952574 -0.106866443113568 0.00502761376115258 -0.159817332856244
-0.130292788230651 -0.174828937823963 0.0352903027588999 -0.0496069320258463
-0.0770142492719563 -0.201964840862423 0.0618969856681612 0.0956561253412216
-0.0396773104306158 -0.196682646111045 0.0431632908907244 0.20352700964712
-0.0301148560862503 -0.165175061045656 0.0561172747495571 0.227465554928858
-0.034893012037805 -0.1295117567334 0.0768868687271833 0.196664372198014
-0.0536396313232044 -0.0888828529218399 0.074453718697323 0.153133129808436
-0.0810077504546909 -0.0658585637019292 0.0629573958720886 0.117245339981672
-0.10155723910369 -0.0539159673859686 0.00546093163348322 0.102119169746129
-0.135113382516887 -0.0329868202245521 -0.0340341823926958 0.0880768070259937
-0.167188230438814 0.0103618839940364 -0.0599572655960307 0.126750930144861
-0.207083438301315 0.0704827408281533 -0.170692690867706 -0.0297551172871685
-0.224777400428415 0.0704465504211054 -0.131436480166474 -0.0774643291850439
-0.255144298042955 0.0172591570093772 -0.105461159377879 -0.130968398462388
-0.255833114428442 -0.0499387614214435 -0.0773503377803178 -0.174807381007565
-0.228463368225209 -0.13990473033831 -0.0400665439435741 -0.183149810877798
-0.162594487722479 -0.224560639369506 -0.0137157323099077 -0.104705819997173
-0.0958070191470686 -0.258388716440313 0.0283229211238116 0.00948632789142926
-0.0547509193547156 -0.259240686666469 0.0233173842675638 0.114361671902203
-0.0510389836759862 -0.236760501943272 0.0499928119973937 0.167882789023434
-0.0743244626078172 -0.207165201940884 0.0757920334810898 0.18281643695977
-0.117571508858532 -0.155168570878992 0.0751537831145493 0.172769786938164
-0.164481351277404 -0.106474556840989 0.0616733815430294 0.149236352342595
-0.18374027267733 -0.0718291066701114 0.0163643590934616 0.128651058844874
-0.21398996092492 -0.0244703489457893 -0.00455200323873486 0.109171154520195
-0.230787671325683 0.0305823991865371 0.0060271983601455 0.119091678367087
-0.212869717102428 0.0620011140701151 -0.0856524066154253 -0.069790057434456
-0.228493933717772 0.0534031684250285 -0.0643233590041651 -0.113178288403077
-0.246167747587818 -0.00523751638548584 -0.0659796484540544 -0.150562518667062
-0.239753132696448 -0.0676507577441471 -0.0824370024675914 -0.181880960960265
-0.210642679033302 -0.149905984991315 -0.0723156781631721 -0.19392325989019
-0.150628152344984 -0.231923105986649 -0.0564687201340994 -0.156021357120228
-0.0900043371899269 -0.269165047279291 -0.00669138529713547 -0.0825698414548329
-0.0601676104129952 -0.283581391437636 9.23684281896821E-05 0.00810414470018266
-0.0720261664903406 -0.278880971781111 0.0302355858394468 0.0816096785294805
-0.119772459763961 -0.260631199060466 0.0512602912439359 0.14066879211265
-0.188341887436452 -0.199838773228413 0.055615543132161 0.173340647802417
-0.246974390621446 -0.120197722431871 0.055777322604954 0.173276731656791
-0.257892219680153 -0.0638245641223172 0.0436005350149449 0.147914874782483
-0.268936302695462 0.00139982708028156 0.049929748136845 0.118790855882142
-0.266069979828526 0.0533331211092037 0.0914342802361706 0.0999465258115867
-0.187500145417024 0.041886865328673 -0.0024158601608611 -0.100343451795296
-0.190976320513823 0.0240855198632762 -0.00453628456698062 -0.125532832979895
-0.186341868209731 -0.0302466039074689 -0.0250789090641073 -0.14354247804038
-0.17160079291681 -0.0744487537317922 -0.0726843537073479 -0.165150623765452
-0.146974173182058 -0.131556800052755 -0.0809050310662229 -0.182119127842885
-0.108677350192258 -0.198192779393424 -0.0766259587796209 -0.186414440870876
-0.0680074803365671 -0.238360294811267 -0.0327516714787885 -0.162599539026152
-0.0575446867608007 -0.266148744733319 -0.0228348374872605 -0.0993022948540275
-0.0842579579699195 -0.274687644985841 -0.00277895594009433 -0.0187176184978798
-0.146088273818067 -0.263308744929717 0.00139541581419954 0.0792219189955774
-0.222476261475398 -0.197106593761642 0.013496210264343 0.157901043717395
-0.279632288764128 -0.101473990878108 0.0445492867405321 0.181313358340294
-0.282474905058075 -0.0353036282994673 0.0799268486425521 0.147840068572684
-0.27453706601375 0.0322635159684472 0.119964299430056 0.107867171309561
-0.259383507621133 0.0700421440849806 0.184211232684805 0.0685813038420151
-0.138867985483919 0.019450217124659 0.0655646021929095 -0.119201568984938
-0.128449148938501 0.00206277719116097 0.0355034756113035 -0.115822761494964
-0.108192527437859 -0.0373454323338042 0.00255727069516901 -0.116252304604105
-0.0904878420924135 -0.0600471100521592 -0.059224980785848 -0.131521654352502
-0.0763820215375709 -0.0891174418959992 -0.0720596510213818 -0.151368445777758
-0.0608901162459006 -0.135928594953475 -0.0747604749668879 -0.193854400164971
-0.0426190317060383 -0.176908489863038 -0.0447931016565066 -0.220596764338548
-0.0462630702280958 -0.208993959588801 -0.0431517274958733 -0.193463795506653
-0.077459646790459 -0.220041929573513 -0.0440204721368309 -0.111605483230842
-0.133968472314963 -0.207889479585937 -0.058013793100915 0.0204023785436846
-0.196281741568479 -0.149580087614276 -0.0347342735716879 0.137697530321501
-0.236941579638592 -0.0643288602319026 0.0281220739304228 0.177583423231882
-0.236006139742923 -0.00517163073297145 0.112346295278064 0.131156907036541
-0.221313452144757 0.0486097334657203 0.184767915187672 0.0805224721696969
-0.207177219032203 0.0695930828513986 0.266502789383087 0.032067022040147
-0.0768844034717648 0.00208989236826832 0.112768350926146 -0.126743362837843
-0.0628232442023263 -0.00445713896528225 0.0533030230514558 -0.0970024624055879
-0.044649229490789 -0.0245272658235398 0.0119511867874887 -0.0880232491170539
-0.0329223136918805 -0.0315486846230172 -0.0532617371118002 -0.100067183683989
-0.0298827307672716 -0.0419477986774557 -0.0611458262061147 -0.118805449924384
-0.0274721084699468 -0.067671859328483 -0.0623547325770901 -0.186135276954182
-0.0211537078047336 -0.09793914565638 -0.046110800715274 -0.253541940895582
-0.0268246533581338 -0.119166571577782 -0.0582832519714033 -0.260145349615167
-0.0483243250773367 -0.123963049380581 -0.0805171522845135 -0.177563434757628
-0.0845147972404604 -0.113094458578156 -0.106021767966498 -0.0182020024974687
-0.116835174056485 -0.0778897593053219 -0.0711008108075505 0.124259277764977
-0.135365692905844 -0.0264259072124963 0.0137801427407744 0.170301201960252
-0.13506739774683 0.0110253256055075 0.130549009741005 0.109993479524688
-0.121317653510462 0.0418067003034115 0.226915870192057 0.050387767716651
-0.116368006190881 0.0469454712048426 0.321211326470967 0.000818968432213257
-0.00385624544644869 -0.00850818666532629 -0.294403318836859 -0.0881609476197527
0.0084930687631764 -0.00288357797703064 -0.217127451121728 -0.0813077648180578
0.00236651567123153 -0.00309652572714694 -0.0951382583496457 -0.110148916875038
0.00329861131329816 -0.00454676708290422 0.0351902976972775 -0.124114523765812
0.00166370779462479 -0.00170407545389365 0.0986749114646881 -0.0857705586575173
0.0101875419475899 0.00853540919017458 0.0659999629807062 0.0472086174097402
0.0101102070049357 0.00972049626837906 0.00255063013381693 0.19748343871918
0.00357262240683107 0.00883783793908621 -0.0548784048224986 0.273949873805035
-0.0020532865977762 0.00671243820796366 -0.0511840983530111 0.257128250478387
-0.000606714954693277 0.00620399106304691 -0.0103860169043874 0.191770310676875
-0.00194521388012322 0.00804962684443509 0.0191785320842436 0.126927424073769
-0.00393266195684606 0.0118402091548658 0.0319502084315258 0.0934058805618522
-0.00658199805863688 0.00981886767444283 -0.0185696641609166 0.0654206154145478
0.00778368106239222 -0.00220018822486497 -0.0607464678194752 0.0357470739289817
-0.00446261905125861 -0.00832912759673041 -0.150555793445508 0.064782205992468
-0.100731142988524 -0.0106578656070569 -0.275205586170498 -0.0725418963087897
-0.0961638377270043 -0.00747200758193015 -0.201368817369003 -0.0783422696886229
-0.104323444008231 -0.0333855076591624 -0.0962529582981415 -0.111341575966918
-0.089691733656093 -0.0636362600528902 0.0187082769332775 -0.13039822080109
-0.0648529594999187 -0.0919966917331076 0.0841045884285282 -0.102199554239995
-0.0204652533365609 -0.107979434028369 0.0589667967059786 0.0239754520327144
0.00932114798883871 -0.110031355709392 0.0102346907036094 0.173559052904853
0.0225308678986222 -0.0995880344645893 -0.0498364046752002 0.256232581153148
0.0184381695640236 -0.0764495058880483 -0.0456375112391726 0.250414952270716
0.0112635117716081 -0.0537388612031782 -0.00872481355881927 0.196793585855593
-0.0026908754201231 -0.0343206104495631 0.0148314551637691 0.13842075873346
-0.0156782180430124 -0.0290749629134367 0.0267376035746818 0.101266739066225
-0.0294374646284317 -0.0332647158387529 -0.0217413373732165 0.0709562112556766
-0.0462481145684728 -0.0414755276126218 -0.0611342626313231 0.0400047868116976
-0.0823528191347966 -0.0292135957805267 -0.133937932559811 0.0668070429354378
-0.17805091649954 -0.014836891876041 -0.216664467134727 -0.06607235321692
-0.181041610353635 -0.0140927445280631 -0.155224056270461 -0.0893808001638843
-0.191845082677453 -0.0595666257344208 -0.0797638335446328 -0.125638982373107
-0.16725924413483 -0.111916724187422 -0.000263776311659351 -0.15117257530292
-0.121203813537346 -0.16595874155854 0.0550920829607033 -0.135995351911832
-0.0473619140201285 -0.204628475032525 0.0392825222726432 -0.0290140057843528
0.00861373944066657 -0.20832953469433 0.0144443091633426 0.108241516146103
0.0376308515194016 -0.191078401931653 -0.0387929846837309 0.199061755206782
0.0356465768098792 -0.157795239114548 -0.0323807447711768 0.223245150536666
0.0182398468199266 -0.127325687708512 -0.00360334169283553 0.203487171099914
-0.0133439999785501 -0.0980272004927249 0.0103417833938268 0.163841207853496
-0.0463607357940801 -0.0866883182878239 0.0150777382620993 0.12440977182218
-0.0716945616427742 -0.0827220427850463 -0.0300096395532878 0.0879906508939498
-0.111600207351617 -0.0754906929975816 -0.0603414603905409 0.056833998259995
-0.158704989718105 -0.0441023942095604 -0.0959159686379569 0.0774926056278322
-0.219021162564127 -0.022202334454476 -0.132844203436644 -0.0673999491732096
-0.227352022276325 -0.0275797937260155 -0.0876306037164456 -0.104878454541489
-0.233643891177362 -0.0842878308875711 -0.0467131292922477 -0.142260148336551
-0.20382523500643 -0.14449663903499 -0.0136178082826337 -0.173955791877483
-0.14571158093805 -0.211195137949662 0.0212437847301771 -0.17282487483181
-0.056624272351001 -0.261043534033111 0.0137499576312449 -0.0973288588074128
0.0140549579971687 -0.264875389001268 0.0166868947990495 0.0166776510630742
0.0480324318669204 -0.25375776638765 -0.0228838027285047 0.111719870513491
0.0433478455153971 -0.230440385381151 -0.0142111784805041 0.167646650460154
0.0111456610671777 -0.211735873420061 0.00208583427229884 0.189751191778813
-0.0464574041911793 -0.18100252555841 0.00467377852754695 0.181095979703348
-0.106005708530434 -0.153224821047963 0.00161071819458483 0.151474708903502
-0.140682973290518 -0.128349324360993 -0.0313625914271294 0.114317628213121
-0.184499157225376 -0.0948489214140953 -0.0435459188238378 0.0835902373667632
-0.222986207539505 -0.04718314969918 -0.0337733662272859 0.0923875910301692
-0.221157627161767 -0.0327918436845196 -0.0411809303571588 -0.0691398615009863
-0.222802167699793 -0.0446615419836273 -0.0147614689913 -0.111262641835897
-0.216521458123165 -0.101927736982255 -0.00596177810111762 -0.144878433051324
-0.182213308980267 -0.153583210685453 -0.0168252879187584 -0.182797011363708
-0.12538743979466 -0.213392427009206 -0.00357956347898719 -0.194454539290057
-0.0434784203126067 -0.263289627072265 -0.00419030519610548 -0.160167879839778
0.0234390118742275 -0.27259344482637 0.0203097066037535 -0.0802883037767558
0.0529795648000961 -0.277526408073337 -0.00274537226415688 0.00776587763572858
0.03968868719463 -0.276379300925653 0.00252881321389537 0.082292355866012
-0.0103549181727075 -0.276421360069564 -0.00254115011508963 0.141971714521918
-0.0948527005359236 -0.246491710696947 -0.0126346112713614 0.174281253945446
-0.175128672387824 -0.196490830170678 -0.012945746202435 0.170405908083955
-0.211383500148406 -0.147157741748659 -0.0155376022071092 0.140270538525527
-0.243920343748611 -0.0911964557275344 0.000623412563852627 0.11069120060662
-0.261599364796176 -0.0382902873899502 0.0493503071069711 0.10474557780501
-0.188639066540393 -0.0406740538575401 0.0419072973855414 -0.0678892570380989
-0.17813003594714 -0.0550381788227653 0.0416952619156985 -0.101681050101312
-0.153561763431303 -0.100151312477464 0.0270890128894828 -0.127063650027548
-0.119354123502322 -0.131892497131723 -0.0135932749755172 -0.166516691202496
-0.0761268109299996 -0.171201826170668 -0.0132025491788765 -0.189079186306264
-0.0189328621807375 -0.215923884254125 -0.0070955775478363 -0.195484968393915
0.0301618788412906 -0.236981594338118 0.0280822830727464 -0.160755461988668
0.0477628224918427 -0.261767071201983 0.0180113159805499 -0.0968019675451202
0.0261981997650621 -0.277860735570618 0.0102735197773653 -0.0200704217574293
-0.0345898604912166 -0.288581406200213 -0.0237966932236865 0.0674111522896156
-0.127899045909235 -0.256405261234258 -0.0439131506802746 0.144100356413867
-0.212437087953225 -0.191020324473407 -0.0276471563710188 0.174380199881124
-0.244416601864008 -0.12994484671657 0.0154954127636705 0.154425310731277
-0.258511591974799 -0.0661118856971236 0.0659376380327061 0.127388333755328
-0.260405331936984 -0.022026145489529 0.144166266169396 0.11175489806073
-0.135646434505704 -0.0411122689621176 0.106360597572057 -0.0628276691635493
-0.113839366503999 -0.0491919876006669 0.0725340258811966 -0.0816694469545132
-0.0803549943030982 -0.0759087992569754 0.0407980550422105 -0.0963811564734488
-0.0537850809911407 -0.0874637285370582 -0.0120007774135521 -0.134775130038103
-0.031031358459848 -0.105976821806377 -0.0135384382607019 -0.159491327150222
-0.00127264357868713 -0.14237242555705 0.00110851686910395 -0.20085024386235
0.0294020161620569 -0.172350267784244 0.0412220895293617 -0.216499341959062
0.0368574861551788 -0.205907212885982 0.0354820558299973 -0.189693535889346
0.0113577057746906 -0.227162931513785 0.00793709027765359 -0.119181383504179
-0.0446716414059471 -0.234151248634343 -0.0556769948197827 -0.00754711182586248
-0.122660880698264 -0.204302957637546 -0.0800922913819751 0.107965057299194
-0.188068992648099 -0.142187501464698 -0.04150278232615 0.165608304014004
-0.212114079559201 -0.0866945134256074 0.0497493322530955 0.152863698713019
-0.215329762946525 -0.0334855704194723 0.134098200354858 0.129046505396315
-0.211638275032203 -0.00619951513620903 0.231900329263417 0.110803180182232
-0.0718828559465357 -0.0307486844601885 0.148527718000632 -0.0582546000797056
-0.0537000705159456 -0.0292450371095379 0.0805851352783195 -0.0614087685271526
-0.0287927554695765 -0.0390801052792119 0.0397532020859639 -0.071321719828799
-0.0150616352294522 -0.0400964548949513 -0.0160634251409446 -0.105942937976346
-0.00871839555448321 -0.0466673352384067 -0.0121122658236953 -0.127334157935457
0.00180138802896992 -0.0688338302747463 0.0127036525437622 -0.188561350180815
0.0179694366742597 -0.0940599483625351 0.0535411713873742 -0.246382306297566
0.0198573822571101 -0.118609053862761 0.0472922922790139 -0.254950233288532
0.0014280048724178 -0.129875275062892 -0.00131331677717353 -0.191633324066741
-0.0348489080037455 -0.129996348910127 -0.0854777169247131 -0.0595948163751869
-0.0768333346644892 -0.110489168275432 -0.107292834069347 0.0830417345202039
-0.111186193503814 -0.0718304705328513 -0.0513648332629814 0.15558343075384
-0.124914979749434 -0.0368659149995549 0.0743204329855822 0.143152151246302
-0.121532287345791 -0.00661883617758615 0.184463587730221 0.121710999379151
-0.119909329565061 0.00305207492923499 0.292090800109203 0.10690280397332
-0.00432381831180947 -0.00708245683838096 -0.295281060980794 -0.074024103268016
0.00864673114000888 -0.00351253258090839 -0.21638448279054 -0.0720601885065332
0.00298365069033452 -0.00317224337331576 -0.0966761609710356 -0.10667399510593
0.00312666747592295 -0.00446942245601599 0.031090106579268 -0.124493264129841
0.00107905880591913 -0.00158257668264747 0.0925783111843166 -0.0881950453256739
0.010866003314985 0.00792388591565225 0.063946914615084 0.0466115418405714
0.0104848140383595 0.00886969238978355 0.00564956710483302 0.195473182003646
0.00350213791552996 0.00828001459294016 -0.0490394418767317 0.271085687542413
-0.00236058029388122 0.00665550257512434 -0.044856972544223 0.253925282555052
-0.000173581867981585 0.00656214112719706 -0.00590584893984321 0.18810073018271
-0.001414498856592 0.00825318982327625 0.0234826847587327 0.123160341233816
-0.00264134901000325 0.0120053657365198 0.03703165577817 0.0877582108065165
-0.00540756672756451 0.0103658557877154 -0.0130828007390608 0.0625898788366298
0.00660181738902436 -0.0034024067481106 -0.0571424942775055 0.032012186280232
-0.00570946702370723 -0.00743567585586874 -0.143734224136255 0.0606510549546371
-0.100428953850398 -0.00748837634349284 -0.276207330439698 -0.0597252465922525
-0.0950983163485721 -0.00573199613381371 -0.201809659794577 -0.0702054297454858
-0.103364929810019 -0.0305936014688374 -0.097901060530984 -0.107224500076412
-0.0902425101006249 -0.0608792064128171 0.0144042037084271 -0.130627649329214
-0.065627283247405 -0.0898993048867574 0.0772174479038398 -0.104635403304131
-0.0219531488220914 -0.106825078404705 0.0562944594128212 0.0236524131024081
0.00732342965570011 -0.109606933296757 0.0129559761598828 0.172122113281157
0.0201600211308003 -0.0982826415381192 -0.045240849810315 0.2543870591446
0.0170996400287723 -0.0755959385803395 -0.0396938668772486 0.247605832464811
0.0108118912927945 -0.0527109645209246 -0.00386554781514375 0.19294606554459
-0.00228366898933117 -0.0325326327329287 0.020535003379762 0.135070551276242
-0.0148480807444974 -0.0275032562068136 0.0315370086616815 0.095677988473175
-0.0286628192554215 -0.031507362401793 -0.0168477552001599 0.0681374391207219
-0.0475879238921729 -0.0405522576456137 -0.0570794057681306 0.0363522142711257
-0.0828052283844801 -0.0255391883862039 -0.127791510403536 0.062201499310789
-0.176594124109604 -0.0092718555639959 -0.217742315817437 -0.0554236122509894
-0.179215727340145 -0.00989600862929662 -0.156473638830979 -0.0819192781358398
-0.190034552402595 -0.0550580215010888 -0.0829951831618664 -0.121652484806133
-0.167650109605807 -0.106604454314388 -0.00502962980753826 -0.150018642795394
-0.12267742755172 -0.16269760980444 0.0474335907711508 -0.137516065018913
-0.0506700438410587 -0.202309460477329 0.0359762948320968 -0.0277714991027586
0.00487505480409313 -0.205744320364017 0.0162254922058524 0.106893646932009
0.033663637191433 -0.189603677046603 -0.0351867383206012 0.197720744992567
0.0333700548046052 -0.155650216648235 -0.0270105531756644 0.220911743203395
0.0168591670589489 -0.125915171720478 0.00159299756571637 0.199937537524153
-0.0137661929841669 -0.0955350051913553 0.0176974791574727 0.16119658778818
-0.0454533899321142 -0.0830303497151259 0.0206065171383913 0.118820231646118
-0.0709705116075062 -0.0794097572517465 -0.024702908064656 0.0846869514797091
-0.112732963979999 -0.072673165277099 -0.0558666831131312 0.0538350186661559
-0.158192956128389 -0.0386207526003664 -0.090450836241594 0.0714800689652842
-0.217453223220183 -0.0160907121592324 -0.1350474099397 -0.058877553434808
-0.224714687398406 -0.0224301296941193 -0.0903794331128266 -0.0984658935402022
-0.232032683600021 -0.0781709585723244 -0.0510599598074001 -0.138114689688277
-0.203574089546859 -0.138725160135429 -0.0191004519468831 -0.171165572837561
-0.147219819329903 -0.206177922003638 0.0128911114343862 -0.172269691953885
-0.0611932564705893 -0.257923130849256 0.0101116774992696 -0.0947444174735342
0.00925669304603944 -0.262048457678681 0.0160349093036662 0.0162949400040275
0.0425641298572843 -0.251698143117164 -0.0203880166091968 0.111018797614717
0.0400743862236161 -0.227360338974 -0.00965519130007977 0.165288836705649
0.00890350515294524 -0.209628938300751 0.00608432556439214 0.186808215997201
-0.0483553327123992 -0.176737015774747 0.0128597790241216 0.179128180252402
-0.106098993840082 -0.147496508975693 0.00788131277073407 0.147250841443939
-0.139686312498651 -0.123878017499001 -0.0259452594794786 0.11108775263245
-0.185996533192264 -0.0908082491866894 -0.038010809778146 0.0807837927286466
-0.221917247086406 -0.0406978478594614 -0.0289850209775526 0.0854277743879989
-0.219401072019967 -0.0275243118191448 -0.0440756571208039 -0.0625619587553803
-0.220851782867537 -0.0389678816350112 -0.0189909079448144 -0.106431912508772
-0.215226744427314 -0.0964306532543166 -0.0115176139963969 -0.141364284356637
-0.181990260971753 -0.14768750902146 -0.0222286201342076 -0.178607976839545
-0.127266105233569 -0.208052936242869 -0.0115389054900895 -0.193298846718819
-0.0484927796425065 -0.259586844098807 -0.0085388408221676 -0.15546088224556
0.0184960940564509 -0.269743971514043 0.0178084491876273 -0.0787022630372912
0.046456610618459 -0.275369753128069 -0.00218134861085892 0.00782443335187407
0.0357508281721418 -0.273018841789049 0.00549931499832711 0.0811705252916373
-0.0140673954139343 -0.273202383476147 0.000850111649018698 0.140174923454992
-0.0971849862138472 -0.24123360042588 -0.00467137123617288 0.173304858997655
-0.176122976761568 -0.189019608140267 -0.00608292436605055 0.167167727226493
-0.211066884666379 -0.141733889122221 -0.00986616367065056 0.137254914431931
-0.243852062882794 -0.0858733915454182 0.00554746658114018 0.107294851902698
-0.26024050082704 -0.0310640578922429 0.053457535508656 0.0961715393092007
-0.188018822476862 -0.0361627279282974 0.0378443531486906 -0.0622204198663296
-0.176454823101407 -0.0499532453491709 0.0360493463526323 -0.0983324073056392
-0.152426714023913 -0.0963563986315467 0.0204452241822872 -0.12444492785328
-0.118017669878352 -0.127725587918763 -0.0181296847668682 -0.161866814033442
-0.0774818221896776 -0.167333875224549 -0.0196292630283696 -0.186611538415134
-0.0239219441789082 -0.212283432171154 -0.0114853497902655 -0.190883970009835
0.0257490162490113 -0.234429672789798 0.0248785414978056 -0.158626634547789
0.0425151217647985 -0.259340344591239 0.016629298664903 -0.0966292554680749
0.0224171924192561 -0.274418092518222 0.0117221877984961 -0.0206945010061774
-0.0388992939027442 -0.284704825419542 -0.0211230075145417 0.0673386828362466
-0.131838861888838 -0.251070927452564 -0.0357924653229363 0.144417945467003
-0.213006244576324 -0.182919376906667 -0.0207876721291931 0.172391100443329
-0.243201375019296 -0.123704121307093 0.020739549725585 0.151103961114678
-0.259222294185786 -0.0608001291963727 0.0706661636626808 0.122403488003664
-0.258821798301437 -0.0153052967069735 0.146664927256559 0.100117934155067
-0.135260935637778 -0.0375635648651499 0.10146650832553 -0.0586426403821621
-0.112643528558881 -0.0457893042397771 0.0663639079915032 -0.0787879442989095
-0.0796054951615615 -0.0731245035023501 0.03483851586373 -0.0942983930983221
-0.0528775853083419 -0.0848026637373808 -0.016525137733646 -0.129421798783298
-0.0312298147303085 -0.103500569646465 -0.0181573114481969 -0.156450454491541
-0.00404733521124648 -0.139215699067123 -0.0027542492221716 -0.196200041888577
0.0254138749738674 -0.170118647441815 0.0365525577985633 -0.213673920376794
0.031740549353802 -0.204375081359669 0.0325070964158017 -0.188434504870169
0.00829847950089264 -0.224192557334681 0.0074909221605614 -0.11949758710908
-0.0475466760572051 -0.230870565413438 -0.0540425583017948 -0.00633980420308439
-0.125579187617511 -0.199217082094004 -0.0728416135952995 0.109114586743127
-0.188797312850325 -0.1357321560303 -0.0347955356735401 0.164537977402632
-0.210787262070366 -0.081271716871827 0.053588070197689 0.148903778136134
-0.215024944172597 -0.0298014257913335 0.137813973496112 0.122409887280944
-0.210638871166542 -0.000166288337396321 0.233384925191812 0.096543800976892
-0.0729168361776738 -0.0285246910611279 0.142266203915137 -0.0547883136791401
-0.0531476968375909 -0.0273469414032607 0.0746983343377215 -0.0589219829382697
-0.0280967427750016 -0.0380045419004335 0.0336230046205864 -0.0695218285398161
-0.0141334673771865 -0.0388776664332481 -0.0201983431214083 -0.100676596810393
-0.00875182043563219 -0.0450447602827785 -0.0150848811805038 -0.124120265914205
0.000248623250916009 -0.0663962986631023 0.00862989199783815 -0.184656524275296
0.0157173048604244 -0.0929010868082371 0.0480840068474228 -0.24289894696089
0.016941872710278 -0.117892364659541 0.0417703727854637 -0.253888822695309
5.28587732722095E-05 -0.128065510053856 -0.00359949682777426 -0.191176738490327
-0.0363406159716444 -0.127640262844266 -0.0840962551062833 -0.0573563465681604
-0.0780930920946548 -0.107955103265637 -0.101351205361041 0.083566122509058
-0.111412618583383 -0.0680945314914675 -0.0449887488344764 0.154543416424009
-0.123272079766272 -0.0336739861218062 0.0772757540607876 0.13913315120595
-0.121796851018359 -0.00456262114390067 0.186987715440147 0.11377839751377
-0.120102909831566 0.00700900894407798 0.292200464786814 0.0908505138190486
-0.00483578230541239 -0.00564764363371962 -0.301530588146969 -0.0580912484291012
0.0079786133409106 -0.00477991748040462 -0.220264533895271 -0.061311310310157
0.00338850547785713 -0.00312808538795505 -0.101072711166305 -0.103954055990692
0.00305645608609533 -0.00436145872558216 0.0251281262560928 -0.127278849687816
0.00102675523962615 -0.00123393869781082 0.0870019656864566 -0.0927152835802944
0.0118982359976149 0.0075143046155522 0.0642305163289646 0.0464424820439566
0.0111566541916639 0.00757457570805349 0.0114553258054114 0.196147384610378
0.00355917009454134 0.0084077804928052 -0.0421027941910445 0.273939203297636
-0.00220082206260622 0.00699344417133464 -0.0386254620568643 0.255839900616626
-0.000533373010283708 0.00634369266040245 0.000643498079532934 0.187773114961822
-0.000972081303262262 0.00850921279258489 0.0300759648852001 0.120676661188055
-0.00213148204363709 0.0125268965998729 0.0424261787354877 0.0825230175836213
-0.00449728565855704 0.0108819471109531 -0.00822435690470956 0.0608765745861917
0.00559388728253602 -0.00385471133295065 -0.0542985484990166 0.0300425439928277
-0.0064836194783818 -0.0057650266494445 -0.139859433168395 0.0582348260115714
-0.101808622190995 -0.00291311165328648 -0.282116765561097 -0.0445311542859724
-0.0957582792875799 -0.00302396781527561 -0.205882422306717 -0.0599610909400574
-0.104898832393901 -0.027416162688892 -0.102747879940592 -0.104531355454432
-0.0924200661071471 -0.0580587684132881 0.00820123207968396 -0.131999199847566
-0.0686929138832623 -0.0883045860908615 0.0707716378207194 -0.109113390828074
-0.02507749291515 -0.107298456671413 0.0559972110608179 0.0236123412873505
0.0046393033587052 -0.111031506909701 0.0180931148092503 0.172628456137329
0.0168257482490869 -0.0995698355612498 -0.0380837831944729 0.256750915532112
0.0152034275953939 -0.0753237233171212 -0.0325178796268903 0.248976937587529
0.00996265285804652 -0.0533087654597326 0.00234634623918792 0.192629896064661
-0.00249506257700014 -0.0317808280220038 0.0277757892899939 0.133528384657593
-0.0143052427705936 -0.0257041252913332 0.0372646425299666 0.091203668156848
-0.0282319307122678 -0.0297830586890181 -0.011417273414734 0.0660396831073117
-0.0504690558272359 -0.0394568715060828 -0.0541907932205495 0.0341436146318448
-0.0849538737790772 -0.0213577023145888 -0.123875635146239 0.0595099422571066
-0.177583155983097 -0.00259554233546665 -0.223063050944382 -0.0433938668264854
-0.180257323248181 -0.00465571137668606 -0.16118254133201 -0.0729464354905324
-0.192376097382814 -0.049036382437172 -0.0878407407835195 -0.118369682796576
-0.171650578760021 -0.102728158960338 -0.0114710995293207 -0.150393780490124
-0.128184508271115 -0.159616158547103 0.0390048024512491 -0.140700257425251
-0.0568917102908638 -0.2022753711296 0.0338455319480979 -0.0278596590125641
-7.56379345167103E-05 -0.207936714336447 0.0190074694904054 0.107515952965701
0.0278432986275085 -0.191334051324793 -0.0295917554822162 0.199998023053837
0.0295424957385594 -0.157090830324738 -0.0196013063444618 0.222089692557273
0.0150328029422923 -0.126877405517173 0.00828220779875226 0.199913932072248
-0.0151556424089673 -0.0939630601579355 0.0268141594275814 0.159921819121466
-0.0460374806650482 -0.0804757438457021 0.0277296480488249 0.115014595052909
-0.0722845298706111 -0.0770824704956191 -0.0194150145395881 0.0835830029325874
-0.116641322853311 -0.069598295271394 -0.0524880471578054 0.0521516761654758
-0.160668375718029 -0.0323736609731617 -0.0863951479942886 0.067548284168572
-0.220097713629051 -0.00898476616803853 -0.139277366408379 -0.0491564487017225
-0.226256987702109 -0.015088227435719 -0.0948390160913288 -0.0920177085534241
-0.236181544854551 -0.0721071727365217 -0.0572286131622169 -0.135723636097921
-0.208417412385258 -0.133579477431477 -0.0263053180546171 -0.170514222227104
-0.153728261912999 -0.203429948235507 0.00354910475555449 -0.174962747244492
-0.0695162101940694 -0.25731812308719 0.00586565829961551 -0.0936743650760778
0.00236971111411719 -0.264573525242142 0.0163478843559617 0.0164336927809371
0.0356656725491376 -0.253936331930541 -0.0173682838219697 0.112645850225588
0.0348968831709141 -0.229731179821066 -0.00386330791727336 0.165936278024066
0.0043054073549693 -0.210683427102329 0.0125743424708381 0.187769735229521
-0.0519927061207626 -0.175556882957805 0.0229769244656071 0.178800353562653
-0.109182160414846 -0.143549002255396 0.015244423912465 0.145155167140905
-0.143453288994182 -0.119886118149614 -0.0196019413199295 0.110145290919145
-0.191230880300202 -0.0852272662146471 -0.0336003933981384 0.0785323979849334
-0.224293442444067 -0.0321125189349 -0.0248524534602322 0.078903617560514
-0.22162135846184 -0.0201902529390364 -0.0481060168800174 -0.0556212907869565
-0.222992109855389 -0.0327513922566329 -0.0247851016836929 -0.101883182270918
-0.219110104232139 -0.0905339837919554 -0.0182382131172484 -0.140127439853866
-0.186484669031769 -0.143588450060308 -0.0295480845794627 -0.177462335834158
-0.132916618968701 -0.205982191108518 -0.0213134603603334 -0.194344315964739
-0.0564303438946664 -0.259251155058787 -0.0138856416701035 -0.155070378882361
0.0110805219221107 -0.271854788192091 0.0152109669950425 -0.0786754248957505
0.0385188596562855 -0.277419374596478 -0.00138705353531653 0.00768716336441228
0.029257384249744 -0.275142137575364 0.00908515587929643 0.0808594377211443
-0.0211500218994238 -0.275005803957432 0.00634123242835823 0.141032238805942
-0.104322453895858 -0.239149248468247 0.00595052113157895 0.173600312557044
-0.181265945794254 -0.183194958282639 0.0017755190746219 0.166618519012242
-0.21596934690047 -0.135840868445764 -0.0032804298617602 0.136360537696486
-0.250466970335663 -0.0791762014079942 0.0116401384246463 0.104781852068508
-0.263570699036547 -0.0217937986766914 0.0583830706033123 0.0873066443317709
-0.191465142618539 -0.0299259550381478 0.0343519693892263 -0.0574271499578334
-0.178033682317869 -0.0446963390769253 0.0310256292992819 -0.095538123324683
-0.155250942161024 -0.0920623555831411 0.0145880440266831 -0.123372525835734
-0.120891353290464 -0.125652234818986 -0.0249856055914605 -0.159575810489807
-0.0809137784272108 -0.165549009353238 -0.0283454670195353 -0.186680521223852
-0.0299391482126812 -0.2122638479237 -0.0176171200781401 -0.190209014607799
0.0197848007482305 -0.236597466459394 0.0199885606380741 -0.159243169601703
0.035376225640808 -0.261623657100228 0.0146909790127507 -0.0983069097660316
0.0156815284351833 -0.276625678723944 0.0125784733499816 -0.0224617147769501
-0.0461481365979234 -0.285724627029264 -0.0174217478122019 0.0691147568246252
-0.140075481379206 -0.248597075893167 -0.0264409157556526 0.14532875348425
-0.219383606237169 -0.177150661752257 -0.0132699651335348 0.172775554494552
-0.248545086915054 -0.116854933402427 0.0276114031663192 0.149384164133147
-0.265236832488681 -0.0531847090431506 0.0774264181971614 0.118495222514398
-0.26159047842309 -0.00510207947547979 0.151926612506007 0.0881780899992393
-0.138728092746188 -0.0331973565272144 0.0981314346737395 -0.0554831645708904
-0.114020056442696 -0.0426381392015792 0.0605211037506144 -0.0761150533506355
-0.0809510415420761 -0.071010584225582 0.0292873123466306 -0.0934015691342665
-0.0538078450968915 -0.0836303247875413 -0.0220135466833296 -0.126430004292521
-0.0328202953429034 -0.102288445558358 -0.0244903718857814 -0.155744987743014
-0.0085261321619764 -0.138668342434767 -0.00915725137206796 -0.195637597780112
0.0206725940114029 -0.171797903889077 0.0296402814260968 -0.214798050069631
0.025790599760587 -0.20650773222155 0.0274926362170116 -0.191599688597609
0.00297423080552102 -0.225609265664482 0.0050830866195727 -0.121699176923485
-0.0543374513883719 -0.231205259332356 -0.0525077342336249 -0.00467145919736143
-0.131719342835629 -0.196405087526069 -0.0656780417852143 0.110856270012294
-0.193662812262098 -0.129898568035544 -0.0277862601118009 0.165912556114385
-0.21451908173088 -0.0752038120746096 0.0606755420556928 0.147145058376894
-0.219576312994773 -0.0227752328773336 0.145278482677186 0.11575028738266
-0.212522212405637 0.0083847616029412 0.238301121463332 0.0814246404713296
-0.0757490640599319 -0.0259190833135462 0.139128182553904 -0.0528558518319914
-0.0535565107532317 -0.0262269404901785 0.0690629316993087 -0.0569687374779127
-0.0282840305954079 -0.0376383032678434 0.0284719554539751 -0.0689718697742479
-0.0143683548659424 -0.0387823997468332 -0.0248748325624966 -0.0975354268014945
-0.00905447039395969 -0.0446330693279125 -0.0201182878971856 -0.122841803082624
-0.00170236098787804 -0.0654729529154869 0.00260607405778756 -0.184206978646128
0.0133250223889431 -0.0935584442490597 0.0407740120888853 -0.244756587738112
0.0129312755244601 -0.118792084612435 0.0353788349969665 -0.25731619437218
-0.00282797855071674 -0.129070116384595 -0.00909880625574602 -0.19396429891982
-0.0397365108497144 -0.127750208294223 -0.0851755063922697 -0.0553032100339015
-0.0827336654678633 -0.105918623797797 -0.0958209024139762 0.0868166665759275
-0.114178225164676 -0.0645755951286059 -0.0390650974364021 0.156619577475958
-0.125034540039881 -0.0302389778288246 0.0831133169332259 0.13640023421239
-0.124132049765298 -0.000257305747211745 0.193631550023967 0.105430902404867
-0.121561646189889 0.0121462672202016 0.29720565740812 0.0721343269024918
-0.00498105888744993 -0.00407531889915178 -0.303432200411942 -0.0333390794042456
0.00688048469575652 -0.00573289284650715 -0.221932307873827 -0.0441831768831563
0.00365040250528059 -0.00342636156309365 -0.105981728008188 -0.0973956793664136
0.00286961250539036 -0.0039716074723196 0.0160618019335272 -0.128420449239923
0.000784076136000253 -0.0006717280647612 0.0776325798906793 -0.0972674447781635
0.0130465728057216 0.00672248615647681 0.0637603451744248 0.0434905899040175
0.0112141111559104 0.00622430791510695 0.0210680619545564 0.193665413937674
0.00317405500698374 0.00822853597120568 -0.0278224346947639 0.27416155219786
-0.00238710247024376 0.00737802542787292 -0.0250305530160009 0.25463833618532
-0.000176267328048153 0.00608140980637645 0.0119825232802398 0.184954814060292
-0.000228773766993585 0.00827189835791453 0.0388898273496395 0.115151044229542
-0.000440576150056665 0.0129380963082652 0.0490553281518924 0.0746405661908002
-0.00348013073183488 0.0115354360325374 -0.00135764490934676 0.0577544537167521
0.0043426420305967 -0.00461728841700434 -0.0507477371225207 0.0274950689388056
-0.00683900955922568 -0.00404320743266128 -0.133328158459595 0.0577536877908483
-0.101096611443494 0.00459484303068781 -0.283906465198885 -0.0218837256382174
-0.0957841977517503 0.00178797976721577 -0.207800840617038 -0.0438821703401426
-0.10575107943269 -0.0212779644102253 -0.108294921793233 -0.0979191642671967
-0.094934878027584 -0.0524410263946739 -0.000164348756403497 -0.131559228962845
-0.0728321579922922 -0.0839593788048251 0.0599561163115174 -0.112806917499344
-0.0299527532043572 -0.105453085776793 0.0549291791649247 0.0209526486682835
-0.00122109673470111 -0.11116121312105 0.0267887688864758 0.169988175638663
0.0110308264625049 -0.0989892455823801 -0.0242499464111896 0.257383539739646
0.0117445564210411 -0.0751665256735765 -0.0192030562035341 0.247900922302767
0.00797059062251941 -0.0532374200436168 0.012950279852613 0.189599437194189
-0.00267816023962384 -0.0308280217874302 0.0375694462286766 0.128429809806307
-0.0137898409582782 -0.0237453198429466 0.0444321345666179 0.0838192439010367
-0.0284287429759885 -0.0270893360738662 -0.00422170905370633 0.0632383969691055
-0.0531655570299201 -0.0359827459602721 -0.0502736916208207 0.0320788297457379
-0.0854164524338663 -0.014549308391869 -0.118125797815389 0.0583145937137298
-0.177196055260115 0.00853911081356143 -0.225764081540906 -0.0236767952579268
-0.17973016621222 0.00510180394390396 -0.163127929717022 -0.0591644514417655
-0.194486484159938 -0.0381518244608954 -0.0947593528985821 -0.11172494189736
-0.175986239975096 -0.092050132225575 -0.0215725467603968 -0.148375076379787
-0.135548533754295 -0.151840691178126 0.0265442651354175 -0.141693790861132
-0.0669562945485175 -0.197842781029989 0.0302817574697894 -0.0284530073272159
-0.0107790380116423 -0.207082334699858 0.0242917769495428 0.105094182843539
0.0174139561346519 -0.190017900300934 -0.0185429586832634 0.200232559115443
0.0222081537700426 -0.156784328611182 -0.00757985920844985 0.219750588019782
0.00914561537222112 -0.12657531245318 0.0193102977157979 0.197003632329447
-0.0185414034848746 -0.0915124970775365 0.0389816548887735 0.155243520431474
-0.0480347997262671 -0.075855786171247 0.0360380861224275 0.108728718407519
-0.074583159773937 -0.0714830738917292 -0.0113998621332104 0.0813386391816725
-0.120816748650313 -0.0622880167795872 -0.047115823963036 0.0501696716053293
-0.160525062482944 -0.0211167429834138 -0.0805731052139602 0.0643986745238939
-0.218722373235763 0.00470247486156286 -0.142137547822867 -0.0351760964336112
-0.225506071210585 -0.00294336290718712 -0.0991582469240163 -0.0810700241644847
-0.238759034521027 -0.0583912938009676 -0.065839383615433 -0.129899785036067
-0.21425163408094 -0.12163677946718 -0.0369787000978255 -0.166629609189468
-0.163104975274648 -0.194044753998711 -0.0107820164181724 -0.173297278941208
-0.0827174032960289 -0.252311291313312 -0.000748533676045463 -0.0930485960101517
-0.0114591272985239 -0.263337594310468 0.0172969367236344 0.0160026584792396
0.0219488011866978 -0.252462736820946 -0.0111702292630461 0.112361437973859
0.0240997177661679 -0.22886314487971 0.00566801915945398 0.16384896684283
-0.00504641104900418 -0.209619317323818 0.0237479399051224 0.185509034121806
-0.059644271047206 -0.170222779287739 0.0367198171432589 0.174313287925819
-0.113777363911488 -0.13544296637812 0.0255969806698494 0.139698105478675
-0.147668019989037 -0.110993964719533 -0.0105649404247263 0.108430578066831
-0.195725408431383 -0.0737262322113715 -0.0272113716243932 0.0761359511345878
-0.224490833284211 -0.0176958933129389 -0.0189234628722485 0.0721824839495349
-0.221549599928714 -0.00640721617349115 -0.0511797792980664 -0.0464908365675537
-0.222892198847134 -0.0202310951137838 -0.0302414667355987 -0.0949278902428093
-0.222320913370027 -0.0775950593806793 -0.0270388942958808 -0.136050024872899
-0.191927969239667 -0.133125755775091 -0.0406331981234022 -0.172127466579368
-0.142108275913591 -0.197417489686014 -0.0359500795986719 -0.190826187906906
-0.0701674577923448 -0.254101550701916 -0.0234173058880739 -0.151984570205947
-0.00279365110793545 -0.270689933727599 0.0116341281344784 -0.0783235896982695
0.0238803917461828 -0.276489378927732 -0.000520182612543 0.00794496344775125
0.015783166657477 -0.274793170193812 0.0140288910099802 0.0788399142639897
-0.0343904934619736 -0.272238213119196 0.0154925334789296 0.140209203678016
-0.115067603891339 -0.231550073010982 0.0199866147060506 0.170495665136804
-0.188424388855883 -0.171595561375907 0.0138520511880639 0.163481741479632
-0.220874213797075 -0.122616069913845 0.00716561875660543 0.133366627654629
-0.254469801120095 -0.0637917748044999 0.0192554611407242 0.0993951917978823
-0.262205830899831 -0.00476159090888505 0.0632685209177238 0.0761044114684353
-0.191987821562116 -0.0187426590064109 0.0304385173618893 -0.0527901853717642
-0.178540202751411 -0.0346981623225214 0.0243052905233025 -0.0909708383928268
-0.15812421198448 -0.0830835940746451 0.0060620858425124 -0.120413643273284
-0.125934703649552 -0.117859596831123 -0.0353339189970753 -0.154566585395599
-0.0883778500997655 -0.159631209496462 -0.0410759442204017 -0.182623024409895
-0.040855247906382 -0.208157142130087 -0.0281676348937603 -0.186570490320652
0.00750105322485957 -0.235554078086821 0.0119882258727255 -0.157616662158734
0.020613541638867 -0.260844981026956 0.00988410760149779 -0.0983436828598117
0.00219325883776528 -0.275588936454926 0.0123880874242397 -0.0240881628341845
-0.0602011589687602 -0.282394755757281 -0.0113939527352723 0.0691729121999521
-0.152064966650589 -0.238382285784749 -0.0140979053592859 0.144419529198956
-0.226467307747837 -0.163118856141306 -0.00114061326982987 0.170956203975275
-0.252781374113235 -0.102208470556478 0.0384002545128128 0.145442496248419
-0.267927392880135 -0.037774781341396 0.0859205593444427 0.109670890244651
-0.260175561503061 0.0108392186422744 0.156335231847145 0.071438277304334
-0.140314924055887 -0.0239957014236315 0.0937117682301911 -0.0537337088193636
-0.114193989539334 -0.0362423404647972 0.054262015815308 -0.0731713748633859
-0.0833579573520776 -0.0662038135870117 0.0215189125619832 -0.0913535299714894
-0.0564907394024769 -0.0801509734440545 -0.0304429582665482 -0.121646659243362
-0.0370172952458793 -0.0987971230200621 -0.0343054394057704 -0.151336846116376
-0.0152179320946664 -0.135303650743752 -0.0199269085788108 -0.192244167086677
0.0127042994639223 -0.170796828542001 0.0183355275142741 -0.213016676500114
0.0144246638280929 -0.205379742576353 0.0176107507399322 -0.191466212315767
-0.00814075545696851 -0.224568611178016 -0.000448367819076645 -0.122615835039975
-0.0654853206603503 -0.227426779991751 -0.04992767885218 -0.00175482687569591
-0.142114276904313 -0.187245657438678 -0.054940336407905 0.112356264307857
-0.199057426879779 -0.118035359848484 -0.016671872086529 0.16518953118007
-0.217032860268828 -0.0631423794923777 0.0700537581665264 0.140943313686372
-0.221165708008414 -0.0101911105575182 0.151936409615681 0.1036374705519
-0.210756212060448 0.0226131208128284 0.240863425376973 0.0593290231439147
-0.077441728927359 -0.0197147186756812 0.134383383581595 -0.0535397857370064
-0.0538992190830934 -0.0230157850324646 0.063271948176057 -0.0542624518402
-0.0294284592037627 -0.035891403584536 0.0214821718578452 -0.0670336700582021
-0.0159237991126503 -0.0380755521606756 -0.0318456748130725 -0.0920815254329445
-0.010600502052422 -0.0427922026948004 -0.0279155991772389 -0.11921068808299
-0.00423219630354332 -0.0634345706328439 -0.00745676311255191 -0.18119337953742
0.00807522815990682 -0.0933608172148319 0.026934969612733 -0.243675218793949
0.00589303301347018 -0.118009210781273 0.0216466372752777 -0.257411366121426
-0.00905127600257121 -0.128207591552518 -0.017949373895871 -0.193344160972785
-0.0452673879724864 -0.124935419740595 -0.0846586099142713 -0.0510053234251348
-0.0881960595107077 -0.0995988894391734 -0.0871141983012357 0.0899950764331432
-0.117116812709609 -0.0574759113216516 -0.0282171509354199 0.15735385108939
-0.125264536930266 -0.0230885943834164 0.0915824927851405 0.129060578573291
-0.12437212385072 0.0071173184716426 0.199521507742395 0.0901550833143735
-0.120210932080493 0.0206265512273369 0.298363390984662 0.046358391010262
-0.0067073857478821 -0.000929138771659196 -0.292581719094827 0.0183716809547872
0.00383982257569492 -0.00591677708810882 -0.215312743263472 -0.00647677849877986
0.0022311397149949 -0.00385035645580607 -0.1155788913533 -0.077056394992252
0.0027555968760244 -0.00400369717424071 -0.00672977812489868 -0.124949272566967
0.00155014952519303 0.000127412701132312 0.0560762586692072 -0.10310651516099
0.0133578586627877 0.00387272903356967 0.0643730230877735 0.0333775204424158
0.0116731340214123 0.00461241345551072 0.0459614324625343 0.182338111015016
0.004345740954749 0.00802935550915527 0.00988596975533441 0.261307423446825
-0.000334702080717788 0.0072275561885546 0.00973791201004138 0.243635345250014
0.000613553486383438 0.00452629751836143 0.0369840811330707 0.171358652562062
0.00066553603881069 0.00641097997053481 0.0530676054826742 0.101037106345809
0.00245753639600192 0.0109258775090134 0.0581403015723432 0.0599344543249713
-0.000258140133875521 0.011008077674106 0.00899318800481717 0.0516473664304041
0.00321649810253566 -0.00433496568949829 -0.0428842086346269 0.0283565382053596
-0.00542467711840309 0.000219164701599185 -0.119849604562124 0.0654801260078712
-0.0987005362381291 0.0219692507501273 -0.263073212290659 0.0239777399644849
-0.0923542449223296 0.0141810598976473 -0.198248108862594 -0.00848885719800691
-0.103704019962342 -0.00630150292494593 -0.112755623790778 -0.0750475963449652
-0.0956816101827866 -0.0388139406986896 -0.020244210900896 -0.121526617658811
-0.0782777647504501 -0.0696123299232226 0.0378652102547282 -0.110831065874304
-0.0411700578838036 -0.0967044322815981 0.0509521535508458 0.0170076613101824
-0.013550405600295 -0.104779570383361 0.0443158199899535 0.158231226169011
-0.00233726802114749 -0.0937705542856295 0.0107164358304764 0.24482760630182
0.00224028614751742 -0.0727171729622027 0.0136392420058945 0.235124088575235
0.00114907103379346 -0.051716052382218 0.0386947814512795 0.175250780688553
-0.00543838176038386 -0.0285404004768549 0.0536138441409102 0.113605733806451
-0.0136925483616594 -0.0207714855034126 0.0542060204400215 0.0695810765660109
-0.028352606208631 -0.0213271103556336 0.00552165676266189 0.0575156371202762
-0.0535735480419501 -0.0249577565326726 -0.0447777255983099 0.0327750934727151
-0.0791118302538501 0.00160523233634612 -0.106981135127473 0.0632863557958889
-0.171648797163118 0.0376205752504912 -0.201468788654951 0.0108558506133446
-0.171534645454341 0.0277779508224788 -0.155489103288305 -0.0296222685692041
-0.190432843888108 -0.00982227366239034 -0.0979373477880718 -0.0890372891977478
-0.177060286964079 -0.0668052669767809 -0.0401993825933346 -0.129866922581229
-0.145931304886026 -0.126998221569625 0.00266107358272159 -0.12941225102031
-0.0875412928781641 -0.179899358980495 0.0190620575480789 -0.0241077478835982
-0.0346732242889995 -0.193553097267839 0.03059483912042 0.0961875201098898
-0.00764498283572277 -0.180329923085826 0.00860540507141149 0.189914654741341
0.00211038991554353 -0.151116123874048 0.0191571877487145 0.205877551001347
-0.00713189464194493 -0.120387507169385 0.0445278424661746 0.18056622314539
-0.0273999469568415 -0.0832370435628692 0.0569581773861338 0.139019237638271
-0.0512933392358767 -0.0650911020379026 0.0477513852984125 0.0952745680136738
-0.0777335144543938 -0.0563078042448544 -0.00067220484489229 0.076528919310561
-0.119075849362074 -0.0399387337939382 -0.0430333658147187 0.050426292065998
-0.149603936625454 0.00637373907794943 -0.0731175980034763 0.0639060998233522
-0.212306439835657 0.0388190214313675 -0.120169665778979 -0.0117783202765015
-0.21553438610063 0.0254519315734234 -0.096731890938255 -0.0590806266198267
-0.234833219468751 -0.023936232668799 -0.0710530079474334 -0.109252246960471
-0.216025332856288 -0.0903603309385668 -0.0574456557728128 -0.14246017655007
-0.176849466478554 -0.162947942671866 -0.0368564843720848 -0.151589048351901
-0.109272861205529 -0.228767881653009 -0.0195410077370518 -0.0792655615287328
-0.0417336200081421 -0.246111604583898 0.0100610020703342 0.0111922814856325
-0.011143338189848 -0.240072810705706 0.00387602583587521 0.106202337685569
-0.00591481530969809 -0.219549416970655 0.0239960313430509 0.149627804439206
-0.0312363085183382 -0.196335122418092 0.0462190892353666 0.167948338048884
-0.0761681209916104 -0.152600971675617 0.0561112282052956 0.158882551140574
-0.120213284994434 -0.112967628333075 0.0401444963103634 0.128432282249964
-0.15162513654185 -0.0823590804722763 0.000822459322341232 0.103460802216714
-0.190711372320528 -0.040977699394696 -0.0233204721077298 0.0743404580431278
-0.208347085243856 0.0184332574432096 -0.0151704327344255 0.0630714874765186
-0.216853197420808 0.0279673164456716 -0.0348842484370058 -0.0342100885800856
-0.214527582731543 0.00819803340713765 -0.0333023446553294 -0.0806107353334355
-0.221843402136931 -0.0446349500383743 -0.0362607108116665 -0.118900837186447
-0.196152387633201 -0.103294812320406 -0.0622830484852517 -0.147167232223749
-0.156102442851599 -0.169553047149476 -0.0633004039873529 -0.16440620665088
-0.0970417453396542 -0.231753093388069 -0.0482784249585765 -0.133025741658872
-0.0349580051892006 -0.255053992507422 -0.00759174689174754 -0.0779016542380204
-0.013051229893645 -0.262753588990029 -0.000378996504688041 0.00627197768768012
-0.0194135861156383 -0.261351814341441 0.0207000952543448 0.0674196684151961
-0.066506121875183 -0.251248235503731 0.030870810703712 0.12600729984521
-0.137163097034071 -0.201680959461533 0.0381561744737265 0.158821542284429
-0.195090388176787 -0.136837506719753 0.0300719238690469 0.154211465543668
-0.223186504907416 -0.0839677529591516 0.0189135242240588 0.127288742214643
-0.244133141496359 -0.0250110448597131 0.0216909697172528 0.0921076809853632
-0.241625543389713 0.0342550898283335 0.0623269687072838 0.0554908829039471
-0.188609240985527 0.0116602577509432 0.0396046172098552 -0.0500224010444966
-0.17396162411795 -0.0115697985200392 0.0173552685758217 -0.0830954493396265
-0.161320213222881 -0.0583996466478321 -0.00561090140089146 -0.108650192006516
-0.131418053150438 -0.0971771173585899 -0.0560724178352092 -0.132675365187471
-0.100859208503065 -0.14008935947323 -0.06742910593294 -0.157911129919969
-0.0639859450807058 -0.1907709002089 -0.0570855363955335 -0.166941610183999
-0.0216053380696208 -0.22250373556478 -0.0165575367549725 -0.154338990079061
-0.013880939508164 -0.247342991174005 -0.0045822461821447 -0.0956971358662824
-0.033880787197668 -0.260282834822729 0.00547711707206425 -0.0292407040299107
-0.0923956817626955 -0.256644811497497 -0.00494511473359602 0.0627960340324046
-0.17296818711654 -0.203669699467335 0.00240345677126284 0.138640628005923
-0.230267506450471 -0.123827180291799 0.016344982986109 0.165611500069264
-0.250088571322851 -0.0606662957039428 0.0497516282924817 0.135835285204035
-0.252878170998855 0.000602503466523593 0.0858038648957078 0.0931440847725003
-0.236973378858256 0.0487278367674037 0.149940387653437 0.0386516794271851
-0.1396870634405 -0.00112369581634711 0.0946977896700739 -0.0577865268189291
-0.112897346060008 -0.0207096273809447 0.0452072147931541 -0.0702133086839962
-0.0874129079846338 -0.0524127362260614 0.0089376152296784 -0.0838000789531296
-0.0619791023766432 -0.0690395376112808 -0.0485021470269347 -0.103376128103449
-0.0448244324070257 -0.0882865095953704 -0.0564274431953738 -0.132374452047259
-0.0305700446375127 -0.125037264876839 -0.0474239762819265 -0.175805824748655
-0.00980493949389186 -0.163240708539841 -0.0156566079626608 -0.207876135485578
-0.0140030281606368 -0.194989239440729 -0.00915930498210862 -0.183925014822037
-0.0375165649840461 -0.210684873574371 -0.0189624308451222 -0.119872377119441
-0.0907963183817188 -0.203930696416851 -0.0498986890715111 0.00129772435478797
-0.15754659545849 -0.156329300915216 -0.0395935501116701 0.113522289681639
-0.199967607061229 -0.0853558387825023 0.00259295559172035 0.163039235421508
-0.211706470332352 -0.029276294718807 0.0809858250504617 0.1272262996027
-0.206303923043554 0.0191452290029801 0.15003230650506 0.0778068379580601
-0.190121444114622 0.0501479071481523 0.229846930130022 0.0154134117707075
-0.0779566672232971 -0.00707404570465028 0.127412627412599 -0.0619529696569208
-0.0538404839149416 -0.0161401087125653 0.0541634263645688 -0.0535547329903396
-0.0325181619718056 -0.0311161674298563 0.00964840260019919 -0.0624891379692805
-0.0191394276910306 -0.0344279065333933 -0.0463607597825916 -0.0775094956869954
-0.0137286050297211 -0.0389344015486832 -0.0450623658415044 -0.105265537367752
-0.0109556781715245 -0.0581958041708741 -0.0326112421046666 -0.168371291834138
-0.00422102098295703 -0.0892732000342392 -0.00904290954365746 -0.237117453800696
-0.0106130062295053 -0.111466478294835 -0.0141518241493439 -0.245982986888985
-0.0262411305968193 -0.119896146926031 -0.0442781322872927 -0.183560418553965
-0.0585331587021651 -0.111014216101006 -0.0881746238508929 -0.0388725968141554
-0.0948631168911877 -0.0812097458668989 -0.0712882888648274 0.0961243122136363
-0.1152956336373 -0.0390859393719396 -0.00714477996037239 0.155612749703526
-0.119424703643538 -0.00505516778373826 0.101932392862737 0.112065004254563
-0.114524455770983 0.0212052621285997 0.195934897946714 0.05646811217487
-0.106920285497612 0.0346368900886362 0.285217967071229 -0.00529299032142234
-0.00624795237256832 -2.25170069909578E-05 -0.274976123760953 0.0244592260325202
0.00298943014011539 -0.00538785333075726 -0.201247173349125 -0.00384222682499696
0.00247856632534573 -0.00289792205435945 -0.109178067910869 -0.0730331487463604
0.00288681393083679 -0.00372396949386901 -0.00707345854511671 -0.117665318141424
0.00183359517023489 0.000975633025937226 0.0505147832058314 -0.0964155520752784
0.0126257985360779 0.00321466846480315 0.0580803666586669 0.0331398242098852
0.0107984649008548 0.00350667440049074 0.040053631799089 0.171199012508803
0.00388424060275543 0.00808862850025233 0.0064477666076825 0.246156655095514
-0.00062180392945091 0.00730871005203454 0.00607877759816757 0.228917965681708
0.000303011920568187 0.00424682040427419 0.0343165405621097 0.159772338913736
0.000711737413611806 0.00653908782273456 0.050185597867181 0.0921474779999863
0.00325585697049527 0.0100387564037806 0.0553247880393205 0.0520974727234108
0.000474962191931525 0.0103402380969458 0.0108376594736722 0.0450379147672464
0.00230180832750791 -0.00388789138942199 -0.0401492035296817 0.020861363029208
-0.00453615198190476 0.00103156822593682 -0.113730145568978 0.0532507901623385
-0.0927246208673441 0.0216373248617961 -0.247793361480568 0.0287409913902704
-0.0885281894109805 0.013228572857184 -0.184867619078641 -0.00624337137364975
-0.0975789245321396 -0.00640292142943452 -0.106555450878388 -0.0708013195222487
-0.0898059152298512 -0.0371901064522185 -0.0194583366215281 -0.114391031043878
-0.0730653477619217 -0.0663564724320128 0.0324437219433582 -0.103379363115439
-0.037825892737332 -0.0920062185348308 0.045426902668611 0.0176803370363269
-0.0124934022247115 -0.0997314331887951 0.0396105958246697 0.148548086610677
-0.000983656312219475 -0.0876188546829854 0.00766172515375666 0.2306415710244
0.00379361157140449 -0.068079576992078 0.0102394491557825 0.221022148449851
0.00148173831366251 -0.048868184755039 0.036040877521913 0.163795879071324
-0.00330690913037068 -0.0265702353682396 0.0508522618011281 0.103733015320732
-0.0108545509430451 -0.0197845187347766 0.0516241048320995 0.0615694024246515
-0.0254187102681942 -0.0201045680912803 0.00757452771557724 0.0506829658958345
-0.0510133969913522 -0.0235789696928498 -0.0418470589529303 0.0256541251607328
-0.0738051794762824 0.00208585393218514 -0.101625838408473 0.0513753756923868
-0.161183196717997 0.0358249075710212 -0.190032329840773 0.0164851422083775
-0.162368850740501 0.0255467644565649 -0.144598901928815 -0.0258123428625836
-0.179233642969146 -0.0100962737816162 -0.0931662286834785 -0.0833894464546825
-0.166570702985959 -0.0643658750376485 -0.0377102772727114 -0.122447291508424
-0.136274195142216 -0.121305630177384 3.24819647082815E-05 -0.121260193458227
-0.0813553211859233 -0.170424627593621 0.0160020416342135 -0.0213741350565689
-0.031196061999316 -0.183662016729431 0.0274328217253877 0.0900262418339203
-0.0048967404154265 -0.169303769177212 0.00610360526352307 0.179172708495329
0.00438609109976164 -0.142382940550857 0.0163373362139384 0.193495516279967
-0.00461879059678673 -0.113721761591854 0.0423923545966335 0.169402249613749
-0.0229918640657047 -0.0779547220751925 0.0554653417117767 0.12856765177565
-0.0455381172993565 -0.0610895461200342 0.0458598683497966 0.0867136419168966
-0.0710241341530205 -0.0533246441742729 0.00146204262578051 0.0684901087540347
-0.112797306361722 -0.0379459957156628 -0.0403991531031456 0.0428874192880619
-0.140008782491155 0.00599801202575901 -0.0704073862128325 0.0525817401059783
-0.199627424941729 0.0366183544619019 -0.113001583381233 -0.00549557024158221
-0.204317687790133 0.0230105071232965 -0.0886926111530528 -0.0529463507207414
-0.221609036837353 -0.0236782402190249 -0.0674378130199214 -0.102108048541294
-0.203110432849674 -0.0868546491514689 -0.053806615334911 -0.133677527836444
-0.165506658606473 -0.156652566381348 -0.0371678240718203 -0.141842667793765
-0.100798009248774 -0.217074761602872 -0.0198709705099046 -0.0745009264306982
-0.0369370182169284 -0.233701564159336 0.00926216219133956 0.0103142922982431
-0.00838972649524568 -0.225540244712479 0.00310822577823486 0.0999737617518294
-0.00167055074412171 -0.207239033489906 0.021599673028728 0.140991777007334
-0.0269887446331109 -0.185497621183057 0.0437809256284754 0.157968547293949
-0.0681194663259969 -0.143805168114388 0.055257367736054 0.147230383520194
-0.110017591569684 -0.106888467919606 0.0383909285685022 0.118350993809996
-0.140725858260112 -0.0790251250047952 0.0029275782974443 0.0940610324913907
-0.179587462548482 -0.0390222270313288 -0.0216029457381947 0.0658322934975688
-0.195113733631426 0.0174055040871603 -0.0158120651793934 0.05180648615921
-0.204462545168428 0.0260898415216347 -0.0318227730932484 -0.0270915908305835
-0.202898879143674 0.00662640082950699 -0.0289118257617594 -0.0719596392436926
-0.208552883521495 -0.0431525497228553 -0.0347139810473672 -0.111121608039317
-0.183941184104474 -0.0999357996467714 -0.05898269488218 -0.137274034558405
-0.145370033330945 -0.161495732345182 -0.060780559198863 -0.153950013862099
-0.0890882593316402 -0.219630152626058 -0.0460189424180864 -0.125330361896843
-0.0298599066784448 -0.241750601245508 -0.00635879105378999 -0.0742378955996989
-0.00885056606567951 -0.247513458674328 -9.48405935064248E-05 0.00559508521897923
-0.0144690691521571 -0.247191297866348 0.0194726531670816 0.0630651015077027
-0.0600852837966909 -0.237781541810828 0.0303685394671427 0.11829549335582
-0.125583647316499 -0.191220113913114 0.0387388741761901 0.146514153866454
-0.181652091824167 -0.130285059327596 0.0289627789729295 0.143802235741411
-0.209245527175465 -0.080874714669098 0.0192613870670105 0.117155092156589
-0.230817661592815 -0.0241143098045742 0.0200916482851453 0.0836017764496781
-0.226425315505997 0.0323252397618047 0.0570783018762137 0.0454944104992021
-0.177627889137446 0.011320033955439 0.0390085406123925 -0.0414509651302664
-0.163615758535871 -0.0118796416295637 0.01820845583508 -0.0735118070704731
-0.151215310576469 -0.0561388622701123 -0.00654861640032178 -0.10029714369974
-0.122124044222286 -0.0936457159328906 -0.0527999802810082 -0.122178288277887
-0.0930539888647107 -0.132938443886708 -0.0637871462913108 -0.147621107001081
-0.0577733309594964 -0.180249013597032 -0.0527392121680476 -0.157357308588052
-0.0178541485329728 -0.210699843666965 -0.0134674442971944 -0.14584654334349
-0.0101684915891309 -0.232726473215327 -0.00285335360197345 -0.0905655625811586
-0.0282398909494194 -0.246401530181957 0.00617949306382876 -0.029062286279484
-0.0845269018669439 -0.244071646252829 -0.00264769669662179 0.0581351478350112
-0.160574882652062 -0.193512439379193 0.00427172141506926 0.127912460671816
-0.215758167239038 -0.118431084995117 0.0163492886802977 0.155031245148915
-0.235470852851586 -0.0593304888183932 0.0481180244038452 0.124981476905057
-0.23980617304542 -0.000221760681997961 0.0806558800814869 0.0850402917848282
-0.223143505590997 0.0459104580867905 0.139028837106716 0.029420056423734
-0.130729033604189 -0.000957827208843986 0.0912565296624595 -0.0481065480642227
-0.105992393459576 -0.0200609512063025 0.0443686474971092 -0.0607936003748404
-0.0817528251043668 -0.0497281978545434 0.00745277429090041 -0.0765323373930365
-0.0571111234860793 -0.0662798936952634 -0.0459495607898734 -0.0945507653660626
-0.0401546864400482 -0.0834465164952698 -0.0531686786946675 -0.124057381941826
-0.026074170805508 -0.116989888923322 -0.0434474308330751 -0.16520938265907
-0.00718307222659731 -0.153716713852078 -0.0124338037931853 -0.195484932435328
-0.0108374448048537 -0.182988761651949 -0.00634123571431803 -0.174376730294701
-0.0322393861559287 -0.199209070389077 -0.0162150329933719 -0.114663745044687
-0.0841482711293748 -0.19430474242082 -0.0451787204288472 -0.000331677700548307
-0.147116957658766 -0.148392406816967 -0.0357166740015802 0.104664090863223
-0.187738658476896 -0.0812634959327537 0.00288368274752769 0.153045134663768
-0.199443569208534 -0.0293078114733015 0.0771265133229587 0.117964780395698
-0.195393282736184 0.0178955604850969 0.141132977662821 0.0705966287093211
-0.178298743395607 0.0478643949090867 0.214070851665559 0.00766980976023402
-0.0730029791264529 -0.00535075707779679 0.122042711084214 -0.0512245300006791
-0.0507869857615058 -0.0152983217664411 0.0517477920658293 -0.0450923372829728
-0.0301034188724776 -0.0297115005203105 0.00714074913668387 -0.0556960516120564
-0.0175750813862422 -0.0326505097091197 -0.0440128243890425 -0.0699642101061636
-0.0114039912016404 -0.036122803673636 -0.0429081318272747 -0.0975219645260054
-0.00827786651875137 -0.0538509845376315 -0.0289081880120768 -0.157464416544914
-0.00298077184672837 -0.0836833905254523 -0.0060702357390237 -0.222439362548133
-0.00929742350423653 -0.104482928530762 -0.0105413479253298 -0.233234768491235
-0.0232304633927129 -0.11359798805605 -0.039478033101271 -0.174609481788246
-0.0539333837877223 -0.105542605220564 -0.0810114189591478 -0.0391869747857081
-0.0885995943751003 -0.0769304262965535 -0.065550794707915 0.0877525409673847
-0.109035835481151 -0.0375603338492994 -0.0060762063717724 0.14614997655596
-0.112694741752139 -0.00593505016127133 0.0966085658987913 0.104534834753825
-0.108756412443402 0.0200282550985719 0.184119119791344 0.0514218796624078
-0.0995532259146682 0.033615732443012 0.26605751107015 -0.011680298142964
-0.00558270759249883 0.0007466452623827 -0.269250744177685 0.0182551115961701
0.002313441845115 -0.0049034272104985 -0.194946319843443 -0.010581662566814
0.00308714111599975 -0.00296539170023552 -0.104334015538838 -0.0759659932214616
0.00326265640234945 -0.00349526349360094 -0.00198387306041199 -0.115580134445476
0.00225892965696572 0.00140819331286397 0.050923778508599 -0.0910267507103269
0.0122390447148002 0.00294907637612676 0.053244405210577 0.0371604275933674
0.00962570395054928 0.00335527872962358 0.0293864495250657 0.169367641204564
0.00420518764819962 0.00869524401021404 -0.0079760607473095 0.241450712027776
-0.00056467393058468 0.00738487119214055 -0.00673433299583915 0.22469520994745
-6.03743170033083E-06 0.00434244114263858 0.0251641844358271 0.156836751779265
0.000757149848272423 0.00668710594569783 0.0455975139330611 0.0898213459772635
0.00313571720173323 0.00948081765399191 0.0524791403781999 0.0496252428850184
0.00089055645711968 0.0105209960598575 0.010442686374916 0.0409158358303771
0.00132285218149549 -0.00319354692088981 -0.0403987320568829 0.0139270770222819
-0.00361001203289805 0.00169208756139301 -0.115189250432701 0.0384286995642218
-0.0910424825869166 0.0172789480233016 -0.243865534382978 0.0223803719960683
-0.0880436504044556 0.00887046684255244 -0.179450799365046 -0.0125591403420552
-0.0946216069528504 -0.0105276415784237 -0.102011530372374 -0.0739995723217129
-0.0861665262705362 -0.0413552856177608 -0.0138944727258703 -0.11295492162694
-0.067727010373942 -0.0687450136191712 0.0338369464058289 -0.0989337953442984
-0.0322437793419504 -0.0927970679235244 0.0416394653556152 0.0208924575240216
-0.00719370098854129 -0.0991805699243835 0.0295204932142922 0.146876349407805
0.00456322817105732 -0.0850390040693956 -0.00549747906228378 0.226174244795517
0.00769525753451249 -0.066149193933417 -0.00260213834421328 0.216219692352141
0.00459385008606872 -0.0471649564472814 0.0274384564662282 0.160494043968748
-5.62363687555632E-05 -0.0258233057732113 0.0459780488339609 0.101302238905842
-0.00781657286796047 -0.0199977902201731 0.0487798250606336 0.0588106761784176
-0.0225791709143166 -0.020433022722831 0.00723325969255396 0.0458929172293518
-0.0492531500427897 -0.0251726287038845 -0.0419760058471018 0.0184653517537089
-0.0703311676454369 -0.00126347688162119 -0.103776548264253 0.0369788087794309
-0.159073506760304 0.0279358716559763 -0.186220380576033 0.0133805221640517
-0.161624042767373 0.0176487109990779 -0.138872768684279 -0.030232794058917
-0.175614096412404 -0.0190178402293804 -0.0878893031837536 -0.0854614023137542
-0.160403817356951 -0.0721609167777056 -0.0320424989244106 -0.121334158235717
-0.127370747079464 -0.126724513770202 0.00241380141991699 -0.117657463776948
-0.0710135345792451 -0.172232441773732 0.0145709636020085 -0.0191024335632626
-0.0205997135608115 -0.183301983569068 0.0212086070982653 0.0889736799159209
0.00478038597684796 -0.165811043325754 -0.00465976198732089 0.175746483641888
0.0129517658613509 -0.138989568244381 0.00546078028897152 0.190111469665825
0.00226018940096002 -0.111454842020548 0.033249584631529 0.1672704094853
-0.0155326321744857 -0.0770792562167294 0.0497346977546302 0.125287296355698
-0.0392669578699561 -0.0622090565057061 0.0417158601209468 0.0834001223407624
-0.0649684322187037 -0.0557255665940129 0.000328090566064721 0.0633326234796047
-0.108410644358845 -0.0422170180317095 -0.0410134369116281 0.0356338555341919
-0.136006343216087 -0.000661097811772065 -0.0727124856875251 0.0401595911887162
-0.196346601535162 0.0266692930093449 -0.109971408561072 -0.0054419153370248
-0.20198159911178 0.0127290255827557 -0.0823779902664987 -0.0534789517959066
-0.215885383374148 -0.0340485617456639 -0.0624202497079793 -0.102188742846687
-0.194888249017307 -0.0964259246295074 -0.0468029213169971 -0.132669711098238
-0.153239560582962 -0.162588769811404 -0.0327882618897868 -0.139826596130665
-0.0869987945005381 -0.218604263892611 -0.017611882667962 -0.0732923689979865
-0.0233343682895976 -0.232553809381616 0.00863801349296751 0.009483785968377
0.00565534461532533 -0.220912613200222 -0.00275205258204463 0.0981827483903459
0.0105049704927032 -0.203519454447581 0.0139859438338309 0.13872627380216
-0.0150045247119673 -0.183705238576896 0.0360008965742737 0.155663206092165
-0.0567659462038835 -0.144058950548511 0.0491910193767931 0.144133415088561
-0.101124682588075 -0.109896203815557 0.0336927118007434 0.114779453152039
-0.133254237670544 -0.0849219444735467 -6.95222609801066E-05 0.0892770692669953
-0.174583317170251 -0.0471268909765065 -0.0247603389679466 0.0595275582339412
-0.19034572203269 0.00779850000920797 -0.0198366443962635 0.0421286645054462
-0.200644831624449 0.0163998504600058 -0.0287296422558158 -0.0224388642564974
-0.199747807412816 -0.00319542439818515 -0.0226599179574419 -0.0693634725264375
-0.202492280113672 -0.0528561830309823 -0.0302222176310844 -0.109335210983168
-0.174800534401455 -0.10797189596201 -0.051013444626166 -0.135662290767822
-0.133352047370729 -0.167129792059813 -0.0547034788694653 -0.153244083051985
-0.0748265002637427 -0.220230997783761 -0.0404510320174924 -0.125440398011301
-0.0157154750839563 -0.23947067454235 -0.00231576972925185 -0.0736811188096569
0.00575188703179882 -0.242284844368004 -0.00010339985530925 0.00505941662036441
0.000271025846309823 -0.243859876926084 0.0159885771191585 0.0617907241612898
-0.0448040249806564 -0.238014447904856 0.0252260808165912 0.116511137859395
-0.111780015720106 -0.194709431177302 0.0331787353489508 0.142634552479156
-0.170272213970036 -0.13698084716284 0.0229391507215736 0.140560535792266
-0.200286782831146 -0.0903455868182988 0.0148025661562241 0.112687178342836
-0.225418034290653 -0.0347194204864131 0.0155878796644312 0.0788397991126209
-0.222409953090883 0.0219811104392134 0.0519563456044046 0.0395344886850859
-0.174239434819892 0.00350793016112905 0.0419996020409539 -0.0324933775318863
-0.160239142725195 -0.0193453228825491 0.0236330301681367 -0.0676358744058166
-0.145255395195513 -0.062051318324067 -0.00245398875994137 -0.096442902156362
-0.114599842785193 -0.0983595853969385 -0.0465617493690996 -0.120545877627686
-0.0825191043968583 -0.135864856683424 -0.0571040661451316 -0.146682238153457
-0.045746974142905 -0.179158785797444 -0.0444740240852856 -0.15747747335094
-0.00544494051430728 -0.207979337997822 -0.00510810335164759 -0.143202473902983
0.00367211400645143 -0.22813200422596 0.0025656202732371 -0.0896555301547821
-0.0131176130016831 -0.243597197122168 0.0082527657382344 -0.0292706594769447
-0.0692647412998236 -0.244715296884645 -0.00357018613056716 0.0557254987801896
-0.145883332883327 -0.198394639112386 0.000481509538784607 0.122853007710945
-0.204710956971159 -0.12720719546071 0.0101515777889604 0.151516572078242
-0.227861662847304 -0.070534763135946 0.0422586752026978 0.122956009539484
-0.235904129663746 -0.010996389537293 0.0750181597645108 0.083586604910176
-0.218903408567583 0.0352370885935114 0.133147162069476 0.0278671367789191
-0.127607671860868 -0.00567265934536893 0.0935379858375348 -0.0367150951303603
-0.102789228463631 -0.0248801204759944 0.0476804739922266 -0.0532094590406001
-0.076804822000359 -0.0529573539979462 0.00911046573079607 -0.0720391814045487
-0.0516822298870026 -0.0682384437145898 -0.0409895242786217 -0.0924869066054008
-0.0332651370427586 -0.0836938557716098 -0.0473200943735565 -0.122312603309788
-0.0178707250620926 -0.115409985280593 -0.0341544539622652 -0.163470531510743
0.00162911492895938 -0.150667334746292 -0.00126146559298324 -0.191219706298244
-0.000132082897720233 -0.178922057088692 0.00370687126890908 -0.172188684737607
-0.020375940181586 -0.197642117368618 -0.00875278905480408 -0.114358775977692
-0.071601284839246 -0.195896963292562 -0.0423938274569688 -0.00452795255781272
-0.135718664052893 -0.152737300512982 -0.0381804233104065 0.0977713304682907
-0.179865889047232 -0.0895051770786465 -0.00302282004971172 0.149736819064445
-0.194344971105186 -0.0395279314777436 0.0704165794875185 0.117110429695449
-0.19345332796087 0.00861909428923265 0.134075800345576 0.0731946812737161
-0.175389687722331 0.0392079146003894 0.207477482198758 0.0100651497464247
-0.070622477473867 -0.00736707843896737 0.123880169051082 -0.0376441684266654
-0.0493059974791024 -0.0171956827778142 0.0535675352785097 -0.0371309785399252
-0.0276305304726682 -0.0303686017307676 0.00720763902062067 -0.0514575970903167
-0.0150490401528812 -0.0330406224136295 -0.0412693972016203 -0.0670738074958082
-0.00828212362641612 -0.0355449978281823 -0.0381267518065331 -0.0958475965383655
-0.00341540197680888 -0.0530177277452732 -0.0206046717546077 -0.154640190506086
0.00136444314750597 -0.0819432954249114 0.00650842073884143 -0.216504001596945
-0.00308018094029169 -0.101993398482884 0.00242057916357695 -0.229230261209184
-0.0164751094281689 -0.113510507023551 -0.0284321745084248 -0.17456279302173
-0.0474406857483773 -0.106923659843984 -0.0759925759360968 -0.0438309250917456
-0.0824984054418523 -0.0792786003406878 -0.0671907052414215 0.0802559189649426
-0.10499319654806 -0.0420728523661115 -0.0122112026117771 0.142825412352626
-0.110370968699264 -0.012281058335947 0.0898684100671732 0.105220474288497
-0.107743350628405 0.0144623726395648 0.177103287724636 0.0559735152518311
-0.0978857270499373 0.028956754177948 0.258944931040937 -0.00639590108491586
-0.00536511497015254 0.00131074384042202 -0.279833216293438 0.0145494427794236
0.00188027874552766 -0.00415574621368069 -0.20129904554635 -0.0170015108788564
0.00352549790039047 -0.00327034049370789 -0.105185043488165 -0.0839703999509166
0.00404402420230152 -0.00384194183994701 0.00296105960719509 -0.121330324581395
0.00293064925586944 0.00204843931064737 0.0540866947065078 -0.0913326106792164
0.0125657280922697 0.00364635104690018 0.0519055918033837 0.0433981020161086
0.00891995342798731 0.00358213384879155 0.0193989091491995 0.177203956851065
0.00391379502322683 0.00952209191922277 -0.0226335553133609 0.252198067413828
-0.000333381942560565 0.00784700264095456 -0.0188755394291248 0.233840641869468
-0.000739138822708513 0.0048890219821207 0.0185105961981616 0.163324686377585
0.00086902192222408 0.00680472618215718 0.0434787265682535 0.0922684259866464
0.00343797657907586 0.00930950383386334 0.0527568726037618 0.0498329247035186
0.00104875421023837 0.0108345750042251 0.0111848569602824 0.0392700533067264
0.000633582994585261 -0.0029509245612658 -0.0423717871633823 0.00690989459719745
-0.00279194942460594 0.00181876284711593 -0.124511870155777 0.0261008950102174
-0.0953809143498034 0.0143868918359934 -0.254115597793795 0.0203401412887467
-0.0931450000232135 0.00600436159566585 -0.185046951394082 -0.0191285885272572
-0.0985763179281558 -0.0159076299557742 -0.103527900049165 -0.0810156283920175
-0.087776383023764 -0.0479200241229811 -0.00982766354336144 -0.1184927450101
-0.0666606392728535 -0.0755380848781764 0.0364581697721508 -0.0997638478910116
-0.0284641277712247 -0.0990673213250831 0.0399723599177105 0.0261458564863851
-0.00262679232396154 -0.10457773146631 0.0216805118261463 0.154032194258233
0.00977665469097515 -0.0878563482230587 -0.0196653252225883 0.236049200354045
0.0127069091723794 -0.0685717059982925 -0.0150480135359005 0.225567180203513
0.00802715169402872 -0.0488551755895053 0.0203146689228774 0.167073014343304
0.00278232102805793 -0.0264080760494659 0.0442161625177556 0.104418595660419
-0.00546530264170686 -0.0209381794838741 0.048539891482808 0.0595713576223324
-0.0206706539458088 -0.0227461410781487 0.00760315600438946 0.0446234688852308
-0.0499578827716603 -0.0276809888998736 -0.0445992554027177 0.0121096987646497
-0.0726060173083735 -0.00431043928006437 -0.111969894624029 0.0252251774093825
-0.16623630912742 0.0218038199126894 -0.194258371046235 0.0115838297367936
-0.169964380773823 0.0110474374149699 -0.142164168843744 -0.0358694734847902
-0.182042549985144 -0.0280933498127972 -0.088800349045926 -0.0928103727484265
-0.163961514315051 -0.0836394248187656 -0.0277192949633556 -0.127456668075284
-0.125837381399989 -0.139564198464112 0.00423833895250703 -0.121767666869632
-0.0642211850576416 -0.184406147727249 0.0138563110659595 -0.0177962380394458
-0.0122819854513865 -0.193545237287266 0.0157555331336434 0.0931597823445166
0.015177678243937 -0.172234827652727 -0.0147510116420201 0.183642912030604
0.02281405954585 -0.144761669255673 -0.00484128582701558 0.198423027669116
0.00989600906676509 -0.116124363328018 0.0267701118409591 0.17445327665749
-0.00949354993146178 -0.0806194551196661 0.0474061500296319 0.130061166246869
-0.0351771126509521 -0.0666563249283863 0.0406497402329886 0.085162399882304
-0.0635165484619737 -0.0612224401951304 -0.000713133837880166 0.0625969741442819
-0.111152918082899 -0.0488775668782565 -0.0443799614258199 0.0305045796950248
-0.139741131902338 -0.00669047258685715 -0.07997271948421 0.0298519708062242
-0.2057343598529 0.0191210486666235 -0.113061008653115 -0.00484047641254762
-0.212056664258754 0.00379322118451129 -0.0817130031727808 -0.0578614461064439
-0.223457452527187 -0.0457756690826115 -0.0615891285186292 -0.108860075488989
-0.198489555098427 -0.111425244498843 -0.0426392064368636 -0.139553425587334
-0.151334179328535 -0.179487174144587 -0.030550852409824 -0.14642625828511
-0.078933278651942 -0.233923319342118 -0.0167263003478916 -0.0762799753070961
-0.0123349935389039 -0.245164115767039 0.00695826173883205 0.0102972076385526
0.0192482711708986 -0.229492152775039 -0.00883393985587388 0.102285404126058
0.0240612844070783 -0.212207404169081 0.00677817659872047 0.145193171851443
-0.0048142194161688 -0.193213648190262 0.0306127340428689 0.16383109776639
-0.0489884778057536 -0.153359462380715 0.0460406404701957 0.149360080985724
-0.0973629571538165 -0.119659068869317 0.030837735432854 0.118365536361127
-0.132898743586674 -0.0956640071578728 -0.00261415349091197 0.0892596536567942
-0.18008912819525 -0.0574763437017208 -0.0286824493958793 0.0563795368232255
-0.197271990125693 -0.000707046775733061 -0.024888660591835 0.0343230772408641
-0.209229733454172 0.00800843987369909 -0.0272015882417278 -0.0184603348567849
-0.208224389492457 -0.0131269168789104 -0.0190813910013254 -0.0700090631139784
-0.207951536391612 -0.06498304002146 -0.0276270297880211 -0.113515846276143
-0.17667795068469 -0.122576365350908 -0.0478602722023844 -0.142649484665249
-0.129277379281754 -0.182269601654441 -0.0521561545247061 -0.161344024823647
-0.0656259387903521 -0.234487529512542 -0.0372828566717509 -0.132199843323762
-0.00325199350699519 -0.251559790208928 0.00111530778850102 -0.0778866943714183
0.0209134262152195 -0.251839920531789 -0.000376205585842395 0.00470841121874759
0.0156617461047279 -0.254886980937084 0.0137615920001024 0.0646260446981737
-0.032923293675757 -0.251860374509192 0.0222495715209584 0.121951884636461
-0.103789565101166 -0.208849734398174 0.0295362719064261 0.147432845226621
-0.169442181304761 -0.151378689265484 0.0188310306114438 0.14579849600492
-0.204222455569647 -0.105347996003655 0.011178583661233 0.114698672755223
-0.234671177759855 -0.0475031528915221 0.0127985002365766 0.0788954336428834
-0.23093820636999 0.0114730938948436 0.0497742774608192 0.0353024584605416
-0.180678216352371 -0.00420811194474416 0.0467985643411159 -0.0265291485973539
-0.165939550335583 -0.0281588075759132 0.0291267177648415 -0.0653203929411861
-0.147628822746406 -0.0718112503709093 0.000201352589057609 -0.0985101844648678
-0.113633498071826 -0.108784514309974 -0.0436583345293461 -0.125452478100739
-0.0771381041595388 -0.146895535464795 -0.0539577286581521 -0.154248546388366
-0.0365344819889662 -0.189263305360587 -0.0394586448456162 -0.166357281563978
0.00630442359523557 -0.21740264133109 0.0023612160148103 -0.150404225659293
0.0168564502905552 -0.237230923149904 0.00757844975999846 -0.0940786449301773
0.000856315682257739 -0.255663558081689 0.010906766634259 -0.0314285221672244
-0.0586217957277816 -0.260428901441561 -0.00506372175076646 0.056786603516832
-0.140788787978044 -0.214976171711318 -0.00340432235689641 0.124810755526292
-0.206636937427775 -0.142870382789223 0.0043654168296431 0.157435829356042
-0.234752709987989 -0.0860134119511601 0.0392071413976086 0.127262455562163
-0.246162869194562 -0.0233754148327062 0.0737337159196269 0.0871410460671747
-0.22848020546475 0.0257778320193709 0.134719868172899 0.0275968519864066
-0.131996323242117 -0.0109152699051573 0.101044999597936 -0.0275932510670146
-0.105787456248425 -0.0309300523750527 0.0534687197894856 -0.0485026302647631
-0.076423528416194 -0.0589094984305769 0.0101003197827286 -0.0719023833890828
-0.0493095844693745 -0.0738448562272422 -0.0401134748049219 -0.0957184441378841
-0.0285739170965042 -0.0890491793988862 -0.0444153516884381 -0.128078332749595
-0.0103134693464286 -0.121112067041008 -0.0274260442611289 -0.171899890478513
0.0103159741913364 -0.156862873964099 0.00946280556421969 -0.19893677901892
0.0097256464712814 -0.186421514993211 0.0130399768698108 -0.180202559902338
-0.00964947102296836 -0.20827715950579 -0.00243051846319346 -0.121476766311429
-0.0642671554217758 -0.209568343199179 -0.0418002439853157 -0.00829655378559029
-0.132730154166697 -0.167041611067817 -0.0430391222915019 0.097264896581603
-0.18317406237288 -0.101626579920607 -0.009032706284985 0.155540995684527
-0.201143629539173 -0.0513236777135058 0.0680261202915911 0.122749574824338
-0.202724010760631 -0.000232731719218315 0.13605604012179 0.0796124847729445
-0.183245096362197 0.03222439144665 0.212857154713569 0.0126579691939454
-0.0726164884235468 -0.00976949055075437 0.132512767532176 -0.027175282425239
-0.0500125574307074 -0.0204983096888236 0.0583671568127366 -0.0309223864555372
-0.0267824974842781 -0.0336865509569249 0.00675130941063311 -0.0499084259886541
-0.0139723933900804 -0.0347981906690544 -0.0416186086878484 -0.0686717567924325
-0.00530056155426541 -0.0372840448225033 -0.0365090918919557 -0.0991412087445541
0.000813255144670363 -0.0553261482817397 -0.0132660004261803 -0.161683966750693
0.00641416619390377 -0.0848590677885023 0.0175269895408214 -0.22493717059242
0.00183960315654203 -0.105895448579763 0.0154347732257697 -0.239970232929749
-0.0111624382114991 -0.119697334794606 -0.0198965825617964 -0.185167056837349
-0.0435921013922682 -0.114918220446393 -0.0755338606002814 -0.0513860396430928
-0.0812772970942964 -0.0871693509667782 -0.0728564027729007 0.0777981808290251
-0.1075726315657 -0.0482685793762966 -0.0180488546401743 0.148299325605093
-0.114526498502727 -0.0188061371854143 0.0889742067324075 0.112427070228066
-0.113530929902831 0.010423385145719 0.181046650827574 0.0644423241276791
-0.102099635233481 0.0255577579356054 0.266758793169186 -0.0019824919400622
-0.00279754790893891 7.30005708608388E-05 -0.301465159677016 0.0630950851439551
0.00278386248041564 -0.00567403566341298 -0.219885735278909 0.0109013391787056
0.00518292869383232 -0.00372600151268808 -0.12692161485736 -0.0770642446993935
0.005209664661955 -0.00402241168905239 -0.0166959618940275 -0.132273779513074
0.00535545004682466 0.00292234494917744 0.0428071277099336 -0.105395562545
0.0133649807572845 0.00248188490951682 0.0598654430873442 0.0434989161229906
0.00880165231936684 0.00254812410639832 0.0429068982133551 0.192412524608598
0.00400966207208057 0.00896855871653117 0.00338392577200242 0.276053452864737
-0.00121558644080639 0.00836678756576324 0.00580828420591839 0.257383929797386
-0.00122193803905205 0.00520252290803766 0.0390063874181413 0.173564222644474
0.00111891138020547 0.00700629432572954 0.0578781237384494 0.0916205844461557
0.00512053210848144 0.00901423248666495 0.0638200616138549 0.0423314822917848
0.00371590840877857 0.011355028519175 0.0190915579881093 0.0366912748358509
0.000212475873685001 -0.00239303694808367 -0.0462806535870199 0.00684613330075347
-0.00113034389431391 0.00270696142416216 -0.137014585631928 0.0339806095670351
-0.100125645079926 0.0277423025167067 -0.267549623839007 0.0582762090701953
-0.0999360389060616 0.0161497874758681 -0.199242636512158 0.00393666796221417
-0.108214265193897 -0.0059490321281877 -0.118587853790889 -0.0761901464744043
-0.0994646235639591 -0.0428770357405093 -0.0241023669216511 -0.125106752670625
-0.0783807929459783 -0.0742510933216095 0.026253895050388 -0.107979613896013
-0.0417532788853333 -0.106006185055351 0.0467590583637598 0.0304058997506505
-0.014722450974689 -0.114317848713437 0.0411618544052515 0.169713260848964
0.000580574448922538 -0.0974714337875416 0.00593557286573806 0.258292320748348
0.00504983421254464 -0.0755500297977519 0.00954971167109534 0.247869870187445
0.0026180747024314 -0.0534945566206535 0.0415533067816787 0.177623968677508
0.00068657789074943 -0.028877704392147 0.060380213780235 0.105433010707344
-0.00648698337554684 -0.0224938501858133 0.0604374921778807 0.0547134316998511
-0.0228955245846237 -0.0219551299372303 0.0153842470003618 0.0436123061186977
-0.0564963908596386 -0.0234023199452685 -0.0482492057473779 0.0144560627422731
-0.0757492479635365 0.00390099668854032 -0.123835956741546 0.0322517172160254
-0.178678886781883 0.046189575414185 -0.19907812493837 0.0351341189196519
-0.183840225623002 0.0308072700476543 -0.151879745050803 -0.0225975800633088
-0.200947078094378 -0.00917683614883655 -0.0990826924877277 -0.0919494076500089
-0.186034628338265 -0.0742727847208299 -0.0403598684691971 -0.130818833088028
-0.14845597201721 -0.138427022611752 -0.00817915008744519 -0.124122994969743
-0.0898369784642284 -0.194275545125199 0.0143898981805084 -0.0101069823553513
-0.0330262739732747 -0.209860447635862 0.0255420641281396 0.105296959738115
-0.00194332967039764 -0.188736663652476 0.00430982619519881 0.201859296619167
0.00791644700031037 -0.15883906613858 0.0173420875765864 0.216688821476386
-0.00240817389946293 -0.126225591835397 0.0492359150958297 0.184997907183316
-0.0180573082080911 -0.0863235902721503 0.0670047567730944 0.134502060922316
-0.0425584364884271 -0.0687321366302657 0.0555135761358994 0.0857887068150221
-0.0731290126240269 -0.0584735052217642 0.00818168170298097 0.06544902351187
-0.123731582207585 -0.0392696503812905 -0.0465434865719527 0.0363086081300762
-0.147753546261159 0.00944331016623023 -0.0892935568194387 0.0329449941621653
-0.223232133897615 0.0487984271014582 -0.109045780164124 0.00351570766138775
-0.231128575296761 0.0282758331895997 -0.0859020130084913 -0.0551653964351052
-0.248651794677298 -0.0228891580372507 -0.0692660948691356 -0.112742727160291
-0.22620623758795 -0.100727836312545 -0.0571941018002572 -0.139477102994787
-0.179776058160514 -0.178927374203502 -0.0472828015863309 -0.143836362588138
-0.109745310145687 -0.246559287989272 -0.0260305842692485 -0.0686861381114934
-0.0376956979481604 -0.266011762762264 0.00398732218542613 0.0158262953456154
-0.00235361100368999 -0.251701528783469 0.00208501534457167 0.113513835479882
0.00195414882810929 -0.232600305523135 0.0234417358181984 0.157488042900457
-0.0263455038438916 -0.208544530634966 0.0522119425812363 0.172963595631302
-0.0685038133054754 -0.160497872218293 0.0689149409153718 0.157350093140226
-0.115190255012374 -0.120079864309647 0.049412840547261 0.124911253480098
-0.152853662178388 -0.0865790953279066 0.0089216971457946 0.0971733006956981
-0.199494363640211 -0.0408144486556462 -0.0267383343370512 0.0648503344083233
-0.208300212132992 0.0217846262126673 -0.0291460015577272 0.032492260100683
-0.228875874742828 0.038140529996596 -0.0158269297347516 -0.0237919049381126
-0.229163224405012 0.00955508018825213 -0.0184820567157681 -0.0762045282780366
-0.233727076396802 -0.0456584561151958 -0.0337726075780549 -0.120226671310737
-0.202865129099876 -0.115649662657411 -0.0640220492173561 -0.140143877802247
-0.155666747834038 -0.185567032987 -0.0735855714348301 -0.156789012284458
-0.0947088536330953 -0.247831643372399 -0.0558202909759422 -0.127935026873081
-0.0281999147875794 -0.273628093466339 -0.0138198334824039 -0.0797988033255402
-0.00319723065561372 -0.275583071281677 0.000163828911959297 0.00683925518057333
-0.0118551357881674 -0.277795881117645 0.0219785075623722 0.0680321012450239
-0.0638783542237516 -0.268099871248465 0.0377682513044126 0.128813180421113
-0.134716014798514 -0.214106841860588 0.0514794923922826 0.157683967912269
-0.196964641821811 -0.146898170187779 0.0402087009822905 0.15903529563402
-0.231830973932465 -0.0890316211551299 0.0275985235710581 0.125375963725322
-0.256750128618307 -0.0236872044668867 0.0213541741674565 0.0865992308295062
-0.243640625529998 0.0393755218724337 0.0527672636119535 0.0248380925311521
-0.19907761002583 0.0219355052855847 0.0638983043968178 -0.0397921208092161
-0.183987213707504 -0.0116387543709418 0.0335916308637828 -0.0742463211670194
-0.168088040437204 -0.060935038420614 -0.005017610769414 -0.104589438817958
-0.132376316742841 -0.107012188112973 -0.0603647143575009 -0.121297984638118
-0.0946394894415797 -0.151530046554414 -0.0769862943507861 -0.150947410605279
-0.0573186874795154 -0.201426319349805 -0.0630865674389572 -0.166845275346879
-0.0140439024750391 -0.236984625265252 -0.0215742206510542 -0.160800143494201
-0.00518768264004816 -0.258727555540164 -0.00235194045626216 -0.10181394572144
-0.0270053158813196 -0.276742622669235 0.00809105964096788 -0.0366786751244946
-0.0923206326452025 -0.275167490745337 0.00103099816299006 0.0607481800145135
-0.175194281888268 -0.216670904083195 0.0125036275994454 0.13751311629024
-0.237317862467858 -0.133362615997119 0.0271074496515082 0.175126852635656
-0.263173438118503 -0.0636698598464714 0.0601198706523049 0.135928147337926
-0.267731607436839 0.00254772789211698 0.0893741467034471 0.088586213510047
-0.239599494938611 0.0532462758612722 0.144813999167515 0.00644311525662971
-0.146380880606132 0.00823937635193906 0.120423701417301 -0.0448673020708166
-0.11865161990419 -0.021464756177751 0.0598844035940985 -0.0564730566204976
-0.0887148650918592 -0.0548346384678882 0.00565035573730905 -0.0747208215048704
-0.0591761970681989 -0.075104358529218 -0.0557060798730202 -0.0900800811282574
-0.0364199889963057 -0.0939215415461891 -0.0652234069568136 -0.125792604914746
-0.0209072005267316 -0.129564229511078 -0.0513764708058793 -0.177408406970893
-0.00341508011643052 -0.170901703631161 -0.0190488342039814 -0.216491302015248
-0.00728100225123276 -0.202057911491543 -0.00632954546019849 -0.195626883175736
-0.033970146594589 -0.224965061760179 -0.0167548881268569 -0.134240347274331
-0.0926777657418337 -0.219603503576963 -0.047057517662162 -0.0052885528934764
-0.161338002690703 -0.165272679415161 -0.0344541164095424 0.111314456194683
-0.207970346170618 -0.0911181625759015 0.0122191195627523 0.173462498734771
-0.223666423558112 -0.0303230857132687 0.0911361654708934 0.127511455845511
-0.218809064878878 0.0220955123026564 0.156424071087696 0.0714091980499804
-0.191325111491745 0.0550891764744757 0.228824601161773 -0.0189221585549064
-0.0808736040444943 0.00177416470553519 0.151070455760605 -0.0448971807149773
-0.0569210289231027 -0.0160713925456177 0.0648886682872005 -0.0372489879238759
-0.0323335924009948 -0.0331454702672934 0.000748363221537505 -0.0494730312851899
-0.0171558280475736 -0.0362182584101244 -0.0558566195170044 -0.0623494155098569
-0.00684390686032312 -0.0397211944803709 -0.053940832402646 -0.0973117176086046
-0.00242246902583917 -0.0598619116007373 -0.0347126837075614 -0.170626576534877
-0.000729620164466006 -0.091971551491427 -0.0114645522834356 -0.247094532535017
-0.00737284711347058 -0.113357155411329 -0.0109022152181868 -0.260550472912761
-0.0252265317166317 -0.128981663510763 -0.0429457238243301 -0.201422633234888
-0.0589996380077909 -0.119977786680837 -0.0875805304050061 -0.0490862072113031
-0.0974448916401939 -0.0850273443226108 -0.0696943062843298 0.0933142134963409
-0.121124376294787 -0.041695560339989 0.000563921575717373 0.165662128744826
-0.126784581520959 -0.00655863752588763 0.111237106673481 0.111777201167238
-0.121876392431119 0.0234970862690085 0.203236395426627 0.0478156614921585
-0.105626662710414 0.0381154493162071 0.285525658189611 -0.042030281084419
-0.00192174772442581 0.000834913662008982 -0.309102566312496 0.10371117647636
0.00303982330029162 -0.00574563766497109 -0.230583038119166 0.0344495351325558
0.00568290883481325 -0.00445237941009439 -0.143093125857585 -0.0696969154317954
0.00519023551225486 -0.00497501798391393 -0.0315630747341724 -0.140397440013424
0.00686390314261186 0.00265733964212703 0.0336320800356233 -0.113215998161017
0.0146249414086552 0.000810143691958946 0.0661202540787569 0.043749707415098
0.00856048919007073 0.00222795866085355 0.0591165792393604 0.20146848553994
0.00610237035657525 0.00930531480992451 0.0254698786810317 0.295225099274602
-4.75400229896896E-05 0.00914297624836288 0.027746862154986 0.274144229807451
-0.00100058001048712 0.00589923684077916 0.0568829882246899 0.180286945718204
0.00175543545042247 0.00712898701441235 0.0688105474536241 0.0891600990490305
0.00690121391814758 0.00841721427756508 0.0710665519648503 0.0345302863666551
0.00585452618403274 0.0109678264671744 0.0250680507415708 0.0317226732166506
-0.000674199445553732 -0.00206793745242122 -0.0509685473850005 0.00518252089147063
5.23809554938501E-05 0.00259835128756187 -0.149922435106393 0.0410549239392006
-0.103475523053571 0.0388254673222901 -0.275389572606592 0.0951826890471179
-0.104698169416991 0.0263520404151798 -0.210507404113476 0.0249105956960811
-0.115433424361133 0.00305623217750896 -0.133928341399498 -0.0697356505892553
-0.110396072195462 -0.0369083368780132 -0.0378254269294093 -0.132087748023101
-0.0892300478374479 -0.0740085022820678 0.015535360612422 -0.115137271188441
-0.0534641764884392 -0.110719403753682 0.0510554126003805 0.0311784076387804
-0.0261999205244784 -0.12112969120944 0.0551560985959692 0.177225617476024
-0.00602326607319534 -0.10439152533481 0.026421846292544 0.276482406548211
2.6733996675043E-05 -0.0813776162916101 0.0308637236312673 0.263689984604597
-0.000914960447555439 -0.0573306857760289 0.0593958443156043 0.184063503736785
0.00083267002338922 -0.0315927982580179 0.0736442768936087 0.103472634241986
-0.00671748768402387 -0.0245783558731046 0.068214958836346 0.047318744938174
-0.0240214272835471 -0.0224522129851657 0.0213637578560905 0.0394704721333418
-0.0620174573261773 -0.0197484657500012 -0.0521723822329801 0.0143248663524304
-0.0787009989552554 0.0105199451042854 -0.136285990981932 0.0378942871750567
-0.185039426786705 0.0655713675090305 -0.204664067757061 0.0641494950008983
-0.193479376715981 0.0500605862338104 -0.161781509672503 -0.00801772310650237
-0.215395198302589 0.00815374233422331 -0.114882649274525 -0.0874284147544469
-0.205612329239996 -0.0634301473001937 -0.0560259739719855 -0.13551920235209
-0.170832083640834 -0.136453695116873 -0.0226876133380367 -0.129082074327248
-0.11243369036482 -0.201730483204334 0.0124165065446566 -0.00963888438449519
-0.0535216513880519 -0.222066343600857 0.0338875388943882 0.110461057216873
-0.0161826692982217 -0.201401067234023 0.0211808668565946 0.215238174864686
-0.0035771953108567 -0.17116309546234 0.0363166359506324 0.229899850723276
-0.0118533853762188 -0.13563607855095 0.068390253188444 0.191087112415178
-0.0230526256220631 -0.0914678452816008 0.0838885454574261 0.133475114128377
-0.0486257445794301 -0.0704005211001335 0.0662846032403024 0.0815693221845475
-0.0807303783573665 -0.0573856583822737 0.0154312489398897 0.0635853500732908
-0.135210156000311 -0.0305059394347223 -0.048163517839387 0.0378096913878896
-0.154873681318353 0.022220346129081 -0.0985241250902831 0.0350987761379722
-0.231895553441669 0.0719776139484267 -0.1127772085273 0.0212319711160448
-0.243820082128667 0.0513014123967999 -0.0949091617325338 -0.0484452627793061
-0.267115353514304 -0.00233693615510012 -0.0851903605724165 -0.111525516364761
-0.251404391095081 -0.0882946309679434 -0.0739967837721044 -0.143329714111077
-0.207185434879852 -0.177675258371566 -0.06656783067144 -0.146602379740222
-0.138098870277753 -0.255680526565905 -0.036403865681448 -0.0691594472085976
-0.0624576651811546 -0.281962868006209 0.00351106477178775 0.0163296351794268
-0.0222355524113014 -0.268995924777021 0.0110258064384597 0.121363676050757
-0.0158827148698483 -0.250240470877723 0.0382565640532624 0.165423145671666
-0.0442712079773915 -0.221126469334719 0.071503768716581 0.179016906694896
-0.0832781126659155 -0.167789106183304 0.0877836261460602 0.158374150458778
-0.130209746566407 -0.118457517215818 0.0643256883431603 0.125432858108461
-0.169688654848141 -0.0806427793006614 0.0188841816930127 0.0979081985707103
-0.215897617462205 -0.0260379318378153 -0.0242179082496801 0.0670641741487926
-0.218509814865185 0.0406779335560031 -0.0344545670966923 0.0287795450798781
-0.239321501023357 0.0617958782453301 -0.0153129273300645 -0.0169705992167898
-0.243429843558611 0.030976516857655 -0.0238098787887171 -0.0769691621087038
-0.252922506587149 -0.027766046610297 -0.047885455166033 -0.122051491281742
-0.226973786151607 -0.106890578163062 -0.081193762556032 -0.141395766997446
-0.181505923160214 -0.186324020237933 -0.0948319930857212 -0.158474453217064
-0.120957124282627 -0.258704948022545 -0.0732417900673239 -0.130551380561667
-0.0526637769164425 -0.291222996127792 -0.0229294779436024 -0.0843495421892756
-0.0242198112490755 -0.294766305748932 0.000305495357610223 0.0072099962756884
-0.0344273631107986 -0.298085161111769 0.029075676919796 0.0700668161905226
-0.09000500826578 -0.283275779164166 0.0532237298225557 0.132600235115485
-0.159719813388126 -0.219481876980336 0.0695869703807105 0.160815130097735
-0.220620762315679 -0.139487441811041 0.0582732384158845 0.16312708629759
-0.254466095794279 -0.0756812318710558 0.0410018884962474 0.127149550318582
-0.277395686948268 -0.0024307864114368 0.0283976560515639 0.08626622018198
-0.254870687396416 0.0617286233350993 0.0517352146823208 0.013316210875833
-0.20876229145127 0.0412221178557439 0.0689882037215845 -0.041521951059714
-0.197416375553646 0.00406211194090711 0.0324036349157641 -0.0797035559152516
-0.183668285410343 -0.0501980689221083 -0.0160062107303987 -0.107049290251404
-0.149985668332795 -0.103978913618914 -0.0760712978804326 -0.120819698589097
-0.112879323500318 -0.155721581392262 -0.0972419441431441 -0.151452910822388
-0.0767006076405489 -0.212109927319181 -0.0840343699801673 -0.171495014523024
-0.0336985926257138 -0.252204334869154 -0.0369550679649703 -0.170392601884588
-0.0255283961738512 -0.275793106628558 -0.0111669393485877 -0.108622611350372
-0.052014366741393 -0.295280290673784 0.00523517922456004 -0.0415403472863181
-0.121563840800963 -0.287553986113318 0.00759012419785339 0.06247056533414
-0.204047969705099 -0.217716080885293 0.0262466988991199 0.142901932769671
-0.263800084827324 -0.122026124610893 0.0454408108004426 0.182573976799935
-0.287069047685074 -0.0457359867864376 0.0755693174469047 0.135999860159004
-0.286838556683216 0.0272660325974997 0.101525069665327 0.083335174725219
-0.249211303193946 0.0771307664572897 0.148166387588469 -0.0151273025942193
-0.153392782724242 0.0223452004347182 0.128714964003688 -0.0525877465244668
-0.128412412582074 -0.012122204856639 0.061823694953462 -0.0624535261853361
-0.0990908031198016 -0.0516005251238029 -0.00193448348784674 -0.0748750934243684
-0.0684270202999818 -0.0748366340646843 -0.0678766243884033 -0.0864920852494182
-0.044739951703905 -0.0982133979245926 -0.0812820876625606 -0.124935175179397
-0.0310841368181547 -0.13793780601611 -0.0712782999937866 -0.183954940833846
-0.0162908646260396 -0.18216480241384 -0.0388393992148676 -0.229173008249901
-0.0231942206584603 -0.214642592413929 -0.0230567382961657 -0.209120244589366
-0.0548864144998219 -0.238660276621871 -0.0299702462527809 -0.144007541743059
-0.117484622340935 -0.227633415949305 -0.0494905536519845 -0.00466521442086129
-0.185973053307345 -0.163858187063016 -0.0262337476190301 0.119552705985503
-0.229213899025402 -0.079229043693883 0.0292812933386761 0.18318367594332
-0.241360074816813 -0.0141428542075192 0.107723789249104 0.124885026322695
-0.232286583406797 0.0443733083037092 0.171215783663216 0.0594811572601515
-0.198353919426058 0.0750062533296523 0.235493156656454 -0.0500863680471973
-0.0840689822781648 0.0097014939898988 0.161816700117525 -0.0546331604870834
-0.0621155869432778 -0.0118740898416642 0.0682701607218168 -0.0412809457124382
-0.0372353631551887 -0.0331310445285847 -0.0049074811827934 -0.0470221472388758
-0.0207698609503084 -0.03656929959808 -0.0652228421642163 -0.0559614445430932
-0.00905499267971296 -0.0425695255550146 -0.0659210753629784 -0.0948339948749313
-0.00573724069284698 -0.0646922037094405 -0.0517892320293548 -0.177633016313796
-0.00750142976947863 -0.0970916330906645 -0.0326658157428548 -0.261664887641893
-0.0163971002401939 -0.119309455611619 -0.0331715033487154 -0.277819811851548
-0.0377508926129842 -0.135781297659312 -0.0633498803099763 -0.212813562937785
-0.0740061337139911 -0.123484470402075 -0.0971370615939916 -0.0471571287600141
-0.110657788540684 -0.0825792719853073 -0.0661585675412271 0.103172749326843
-0.132697276096516 -0.0334169314438445 0.0166475943355308 0.176336091542833
-0.136976197915848 0.0041666890020798 0.127929291064544 0.106833730743516
-0.12809104968103 0.0357483843488808 0.21875386777612 0.0304146507563651
-0.108758978548761 0.0495208578223072 0.293690218656723 -0.0793422098044044
-0.000897139841929019 0.00122471130636189 -0.285821846049819 0.141925275383068
0.00272493341304414 -0.00552899104684635 -0.219907457267716 0.0602537898111376
0.00561493202738388 -0.00465980813712089 -0.148380070100071 -0.052931339271062
0.00482486069813971 -0.00560416256488069 -0.047292293767146 -0.13504277073117
0.00796004094662119 0.00120964434870239 0.0191388979632277 -0.112449590184106
0.0138886956152133 -0.000877898624957296 0.0686543331821467 0.0397182005255903
0.00785409825457316 0.0019306448792236 0.0747189180921307 0.193829635661292
0.00746313399144182 0.00826680907848192 0.0516098734601129 0.290281175082853
0.000714186292375224 0.00864579998033899 0.0538235713621379 0.269091095669373
-0.00056326754895083 0.00542095314973762 0.0729111683966707 0.170886219718324
0.00309709307790325 0.0061968561657486 0.0756439355299093 0.0775351833724867
0.00789628608327284 0.00656749843853064 0.0719462249041685 0.0221604171311313
0.008053833192435 0.00899486145592772 0.0283222871130042 0.0227361202794236
-0.00140774729803712 -0.000868782581351017 -0.0523319187846856 0.00453904035208476
0.00110053353187502 0.00199718170637812 -0.150755288421616 0.049126128136389
-0.0965418409141346 0.0488887380969205 -0.254184773645743 0.129887179922526
-0.100287925475773 0.0366069917818357 -0.202028705728978 0.0487296135746768
-0.113532745597694 0.0145231022889616 -0.139554587896924 -0.0534180512981993
-0.113237169625549 -0.0257260633494541 -0.0524031387585041 -0.126826399713029
-0.0953390218245906 -0.0649834569338941 0.00156450018962258 -0.111990250818701
-0.0643390526066752 -0.105420509086783 0.0521382249501088 0.0287630594512207
-0.0379183541497984 -0.117560121464474 0.06930034504504 0.169808184139482
-0.0146296677087929 -0.102821599526969 0.0511971915230711 0.271665739811566
-0.00677564351786462 -0.0816183654294065 0.0551520487709586 0.257755522550055
-0.00542761625780695 -0.056767799120104 0.0762040350675102 0.174803226023476
-1.28329191814202E-05 -0.032356806880191 0.0818530823141771 0.0906046725337614
-0.00675581666970367 -0.0245917712560075 0.0710966768527076 0.0352881723999577
-0.0243025018516663 -0.0214697405764263 0.0255851543782945 0.0307388479183659
-0.06308458337664 -0.0127366365241767 -0.0525909590526436 0.014089711035247
-0.0753090186423932 0.0172970993879289 -0.137833417112962 0.0448905687144181
-0.174297891570089 0.0829667237651417 -0.18894392833371 0.0912404819641651
-0.185309875721817 0.0687041846520402 -0.158188304148585 0.010633129917005
-0.211153888700297 0.030008013196783 -0.122492635967248 -0.0722638203818393
-0.209863697831354 -0.0424763038518562 -0.069923889223733 -0.128619182448023
-0.182027528730853 -0.119635039680077 -0.0379617280660702 -0.121457660736751
-0.130581851917442 -0.190317634229848 0.00910218303089666 -0.00804863384575684
-0.0745858520935489 -0.214882191829876 0.0413952069703944 0.105684654135539
-0.0333351986333928 -0.198867416334028 0.0408405595118753 0.211672025056513
-0.0186617977903179 -0.170054776720305 0.0576020728503652 0.223114021331211
-0.0236227415850303 -0.13305989580093 0.0866497434447869 0.180387840516392
-0.0287793665698518 -0.0899615244277499 0.096176846604639 0.119667231183318
-0.0512031414751527 -0.0656812149123728 0.0728867367079009 0.0691805842970028
-0.0832059556454304 -0.0504823122417792 0.0215694268737706 0.0554289162431804
-0.135636876678631 -0.016590431088416 -0.0462466363975641 0.0372526757612961
-0.14909391971397 0.0361934977810609 -0.101658326909604 0.0383679298761497
-0.220537755239169 0.0946182075972311 -0.103608436446718 0.0392880938116049
-0.234773651984911 0.0754458122546178 -0.0964336422848451 -0.0365702254614492
-0.263546008776208 0.0238662948428948 -0.0959569322336637 -0.0985765023446923
-0.257471615221545 -0.0629867176614719 -0.0880410449036809 -0.132458969062034
-0.222632257614855 -0.157637469798068 -0.0824800760135192 -0.134745638713222
-0.160908142999871 -0.241490332777206 -0.0449514439759059 -0.0622514570227197
-0.0889669556545264 -0.273298139438505 0.00304768379770399 0.0157115142059574
-0.0458042387201381 -0.264381231330735 0.0222210886023012 0.119365850231886
-0.0386822906188774 -0.246872344901189 0.0536342588859165 0.159274623788078
-0.0641997056041157 -0.216011655027041 0.0894053427242138 0.16755985139312
-0.095976077439561 -0.159149258405591 0.102921514405463 0.143450830350643
-0.136696079880131 -0.105440240058857 0.0755921150071878 0.113775467229011
-0.173669380533627 -0.064443318757911 0.0286806051940357 0.0894870341330527
-0.215167206114904 -0.00380134383192376 -0.0200643875693262 0.064444247723443
-0.209828917981054 0.0604614301152339 -0.0396860341998615 0.0253365017306755
-0.228275141447183 0.0837531740610754 -0.0116541942582616 -0.00858230594970347
-0.236403593860376 0.0547486371482295 -0.0289149908404769 -0.071429101067547
-0.25153878650101 -0.00289080331968098 -0.0602895754083435 -0.111788452640365
-0.234439329177508 -0.0839398615609439 -0.0945865848052381 -0.129066459491224
-0.197183672201635 -0.168615021561568 -0.110801336743501 -0.143325465323157
-0.143835664583123 -0.246159847176622 -0.0875521904728835 -0.119979119871473
-0.0790503061304934 -0.283653437695085 -0.0321021061532935 -0.0814052833430827
-0.0496891073146721 -0.289934660840826 0.000604493783558051 0.00727125795944003
-0.0615313257408621 -0.29212882987807 0.0353400094686215 0.0653371283863719
-0.115985320144344 -0.272659794076685 0.066347526815963 0.123698796485238
-0.177390946923816 -0.204199313976716 0.0855101237825051 0.148623582506502
-0.228968924085373 -0.118240260701494 0.0740442369784474 0.152101107050225
-0.258312232816137 -0.051060485037719 0.0527923357397043 0.116817820708679
-0.273427851090655 0.0252731658009276 0.0343872017889201 0.0789008438774026
-0.244150956579852 0.0856322265243737 0.0436480057452632 0.000649538888774128
-0.200306881597814 0.0613103666949039 0.0689896564864218 -0.0420169720541012
-0.19364186708939 0.0241218841166525 0.0271869328550956 -0.0797536562809728
-0.185198044299196 -0.0317849502249367 -0.0265686357650118 -0.0990546793658761
-0.157437625453758 -0.0885746411629205 -0.0867696851680442 -0.108316235793838
-0.125245625698369 -0.144273606899628 -0.111736115921445 -0.136243719510039
-0.094337574397964 -0.203737361751749 -0.101663309501603 -0.160174768697735
-0.0566756241078153 -0.247521865171305 -0.053818574346435 -0.164596099818766
-0.0494159522867503 -0.270522035351868 -0.021563120434666 -0.106598376468956
-0.0789569261936601 -0.288246851005075 0.000652961004997897 -0.0431555107337131
-0.147819027225818 -0.273709428137928 0.0146063158072162 0.0586486564759669
-0.222340538234694 -0.197078644142576 0.0407278861701936 0.135835173828269
-0.270685050276023 -0.0947056475568366 0.0644524712660237 0.173548473690289
-0.288290827421579 -0.0176817927413006 0.0872916301482263 0.123453318890606
-0.280401761553872 0.0561380161493969 0.10626840291807 0.068801842047698
-0.237996935044028 0.100218236797121 0.135606906134369 -0.0371324761893943
-0.147186928440568 0.037240731868717 0.128079656073711 -0.0585978347629494
-0.12720902224965 0.000902306211519161 0.0574753560804544 -0.0649576316210055
-0.1013586025895 -0.0411537335974112 -0.00969602158209943 -0.0685431286113172
-0.0738844548838301 -0.0677742977216741 -0.0751307761804438 -0.0738498650893252
-0.0521162182200066 -0.0939054015428099 -0.0923464487244829 -0.11197569720295
-0.0424859877826335 -0.134696965519624 -0.0891292402102562 -0.17389450230304
-0.0323315470370071 -0.178792874211483 -0.0598245054901767 -0.222203699914873
-0.0416643887286003 -0.209815007330792 -0.0429505287182334 -0.204565159141284
-0.0766470316535742 -0.23104706143914 -0.0438810103268063 -0.14069715378756
-0.138437250654336 -0.214140501575789 -0.0484325262130136 -0.00216244359733658
-0.199118832566548 -0.144877907273642 -0.0142470867600943 0.118451328636114
-0.234011089172661 -0.0554034196351871 0.0483387384871049 0.176669345910472
-0.240690898182782 0.0100318552939972 0.116984092334372 0.109430383726919
-0.22540291018613 0.0667172282065666 0.172414391734104 0.0388780509746777
-0.187327735068764 0.0923701247829423 0.217738780677728 -0.0802813163075852
-0.0806342641613028 0.0183835992618532 0.159947170382388 -0.0647820279319409
-0.0625831379901456 -0.00489633726100118 0.0661282411894613 -0.0441576180816933
-0.0404202770021203 -0.0289981567159654 -0.00985775508806182 -0.0400696388036402
-0.0231676613838707 -0.0340198641371434 -0.0694993072253197 -0.0426630977011657
-0.0116119957289171 -0.042045177649861 -0.0732826781159601 -0.0826525844483359
-0.0109263034430241 -0.0649176832107602 -0.0687236595748446 -0.169004242325998
-0.0158460603466019 -0.0949437722302448 -0.0565142596775701 -0.253907537462606
-0.0261223583097628 -0.115879172249413 -0.0587261737241534 -0.271253590674371
-0.0509443001684355 -0.130689505738084 -0.0834883604844267 -0.205661947976938
-0.0850864820849443 -0.115257544216809 -0.100838266599392 -0.0390669229336614
-0.117023563839572 -0.0717607906885884 -0.0547104399371521 0.106987946543148
-0.133862144474761 -0.0193912587653932 0.0355596310137165 0.171659629121698
-0.135245743310946 0.0169610936736736 0.135687764561639 0.0904501762227962
-0.123455993537032 0.0483600460752194 0.216633391696077 0.00616264159380266
-0.102591860863626 0.0588201033917909 0.271942811397863 -0.116157836859164
0.000307103559152655 0.00133700971572274 -0.255305012251357 0.151940761013451
0.00251088147572605 -0.00587240852509892 -0.202140521224691 0.0687107021110578
0.00571579018886633 -0.00512871953766899 -0.142873816844264 -0.0426532432921211
0.00437996313934633 -0.00544646253453697 -0.0529079845965039 -0.125543937598875
0.00797930482062647 0.000192738232844784 0.0121145702530491 -0.104359283773247
0.0127540787446567 -0.0013988050107984 0.0670583975685285 0.0375121966354487
0.00700271613770331 0.00179365917976119 0.075454514100045 0.182889140550553
0.00737998156888711 0.00703134341271326 0.0589405773254437 0.275621211622948
0.00140857014055439 0.00816618787292882 0.0621259713106498 0.253460257745013
-0.000127366592569819 0.00554099145624928 0.0759340464070505 0.158623510415835
0.00344020859617177 0.00541865864841319 0.0731194038530046 0.0678727805081198
0.00783780143206045 0.00516238765318618 0.0673329586890329 0.0132079213071878
0.00860103299191632 0.00668912264766621 0.0270788199849147 0.0142310752703112
-0.00155292338476218 -6.90085733828119E-05 -0.0536155559958742 0.00139788993108023
0.00211221262602852 0.0011044574995059 -0.148915644641294 0.0487712029194796
-0.0883980364602583 0.0501417658212268 -0.227319050102054 0.139914630998856
-0.0937897583425007 0.0388951216005866 -0.186396903646805 0.057190807334775
-0.106557026091317 0.0184943998460548 -0.134898096530181 -0.0434538688736645
-0.108697951229758 -0.0199688819277562 -0.0565841509670861 -0.117908134387686
-0.0935643927527977 -0.0596229822326672 -0.00509197773236648 -0.103224998394128
-0.0655120906107812 -0.0988814097301666 0.0497364440720037 0.0277274974516247
-0.0411763942290461 -0.109989218011967 0.0698712490400722 0.159556841739423
-0.0167969225719804 -0.0975439334348645 0.0581563956854472 0.257548373898927
-0.00888394290843113 -0.0775902816964433 0.0616022688017431 0.242458676496973
-0.00644424169105658 -0.0542735984763976 0.0789067958730555 0.161667538455178
0.000414577202324718 -0.0320501698030681 0.0802500208040589 0.079324058062207
-0.00539346087392917 -0.0247416024215313 0.0672409979489704 0.0262119436559472
-0.0225199107869202 -0.0212972212684435 0.024978550660289 0.0221805705898324
-0.0596889706019792 -0.00922616600227662 -0.0525402043305489 0.0107734785608707
-0.0694656162332015 0.0183660371024034 -0.13658687120754 0.0439283699094539
-0.16071630192246 0.0860229838867883 -0.168970014636083 0.100231953255843
-0.172674058845544 0.0725785965202945 -0.147379600833136 0.0191188092968523
-0.199177219461612 0.0371804298604016 -0.119628564573125 -0.0610858193931306
-0.201525000785262 -0.0318007066473264 -0.0727462198145262 -0.118448288281019
-0.178361899237109 -0.108461737854608 -0.0427314905165767 -0.111068390949271
-0.132140758616222 -0.177756389623844 0.00705696921776442 -0.00532186678422548
-0.0792922275143967 -0.201242711352635 0.0415266204336391 0.0994908397079304
-0.0375218077325502 -0.18875631468195 0.0460154187873252 0.200855464317339
-0.0232701122112347 -0.161929319740947 0.0633943309744999 0.209208046153243
-0.0261604720626029 -0.126596590686884 0.0899269171723115 0.166717811379536
-0.0281804704467014 -0.0868589645393702 0.0955719534620129 0.105845168368491
-0.0488201593957328 -0.0623461929303233 0.0711625153432213 0.0583317019895931
-0.0795747811520486 -0.0468995529838791 0.0223440296813002 0.0467633335251096
-0.128816556632419 -0.0100712936125488 -0.0453149085470161 0.0325845824956954
-0.139078850153862 0.0388931742611908 -0.103227209889906 0.0361222743742242
-0.203825144315817 0.0989984198165672 -0.089586824985077 0.0473175284645243
-0.219791869366986 0.081223443677555 -0.0911854166350839 -0.028554827706216
-0.249048474730439 0.034032709889818 -0.0953226092517576 -0.0867559134150323
-0.247191231024485 -0.0492614791761083 -0.0894399399573207 -0.121557048626848
-0.218628010419819 -0.14314071114539 -0.0852167541435134 -0.12159113868263
-0.162943793979017 -0.225912126485507 -0.0478534968671203 -0.0547138616320172
-0.0945180468807812 -0.257613957089474 0.00157040092411344 0.0149723176475643
-0.0520000890143295 -0.250678788064037 0.0252119453871418 0.113662593082728
-0.0445437585699912 -0.234852774762587 0.0568625235935395 0.148439658965909
-0.067986876574289 -0.204211902555697 0.0918597029827446 0.154491251788637
-0.0950798811433588 -0.149937203040914 0.104171215103461 0.128687099409961
-0.131846754260707 -0.0964519545422864 0.0763198951286515 0.101045176184631
-0.166693391277273 -0.0560032419768467 0.0300133754728089 0.0789646297404924
-0.203992532468769 0.00530806596159369 -0.0187228336160782 0.0578518435478775
-0.196211986274548 0.0652086891679572 -0.0457176955667771 0.0209813528789249
-0.211722215209242 0.0890034128029736 -0.00539877141643882 -0.00254775301175467
-0.22181068283763 0.062594609875583 -0.0277737347033723 -0.0650641276985234
-0.238162301520119 0.00750459346170792 -0.0620287632664549 -0.100093231969856
-0.226061394681561 -0.0708601189610724 -0.0953914227111436 -0.116191961376261
-0.194871557839475 -0.154716673609815 -0.112381252857074 -0.128691569581141
-0.146495825676802 -0.230245386149326 -0.0903849231797436 -0.108383725299592
-0.0856056431153301 -0.267867574946169 -0.0351015728875368 -0.0762127282939306
-0.0570188841755065 -0.274627552951708 0.000926424518439014 0.00763005712899036
-0.0687190153588185 -0.277446907725761 0.0354586136747839 0.059771905478426
-0.119180096248351 -0.256616966981621 0.0685893974764745 0.113442189784794
-0.175437888112231 -0.189573690338214 0.0877898771560305 0.134444403736651
-0.220891455643058 -0.104160854518205 0.0775959236230116 0.138764538959716
-0.247592819336683 -0.0386236885624857 0.0540096442312166 0.104640626707777
-0.259048474637221 0.0351456438037129 0.0333333973374016 0.070498267781891
-0.227608950857743 0.0901070814084618 0.0325741920347419 -0.00644141015668163
-0.186464223783471 0.066239158297219 0.0698591444912412 -0.0379108360130207
-0.182208514987492 0.0303825205822919 0.0247074351816118 -0.0745437980019046
-0.175885967854306 -0.0232645097435607 -0.0294785559568995 -0.0884127123081825
-0.152483392164478 -0.0790726407755703 -0.0860617706698018 -0.0951169561155208
-0.123886162111194 -0.134616543986934 -0.111367966446724 -0.121799703467913
-0.0971008353751178 -0.192870399657453 -0.104621318828647 -0.146487640667673
-0.0620668995414848 -0.233798577268487 -0.057813714944342 -0.154005413779692
-0.0551506716105308 -0.256533777572819 -0.0245422862772233 -0.100254534805208
-0.0855674948379283 -0.272591301070702 -0.00173060552911788 -0.042069445193617
-0.151683562970158 -0.256488519711176 0.0171124667453601 0.0534518448875701
-0.219023554279304 -0.180865696842762 0.044843083357371 0.124721002639433
-0.260531299780656 -0.0799798709123895 0.0694145268549534 0.160410054280097
-0.275613006949864 -0.00626096097095999 0.0861520696503322 0.109794171899021
-0.264720121114273 0.0654089740257991 0.101110153739259 0.0585062419357955
-0.220938646114724 0.104241181722046 0.117437179485989 -0.0468167301294906
-0.136476328653069 0.0410584954089293 0.124922979459159 -0.0567997104148845
-0.120056623198886 0.00643687610082813 0.0546812827767088 -0.061122351628553
-0.0973409882413502 -0.0353775199802516 -0.0114762683469967 -0.0590860320758469
-0.0715811366576708 -0.0622826920773881 -0.0734312127476834 -0.0625349807258447
-0.0517282600297158 -0.0891591166086147 -0.0910025712485396 -0.0990734509517261
-0.0440024458240665 -0.129057763787253 -0.0927646767940578 -0.160238282478585
-0.0358669455629662 -0.169554619308742 -0.0647382579636006 -0.208307153244673
-0.0453526960018308 -0.198805704051314 -0.0476082125434194 -0.193069565804239
-0.0815229883062719 -0.2175083645067 -0.0480898914579449 -0.133609706627213
-0.139753943671299 -0.19925498940697 -0.0461496560849116 -0.0019079291601318
-0.195346064545046 -0.131290740519177 -0.00812643538949736 0.111532175353221
-0.223713371511088 -0.0431244698849083 0.0545918932737115 0.16494940827534
-0.22930378451825 0.0185218720145366 0.113545597028979 0.0969677971605291
-0.212181161246607 0.0727304202298353 0.163277432490723 0.0276548221110074
-0.173711983992701 0.0950007186995867 0.192322944671998 -0.0918564405346777
-0.0741437415558051 0.0208136027180289 0.156117359216431 -0.0639368535209044
-0.0584242811277856 -0.000996991406751609 0.0627640907976301 -0.0416177824202739
-0.0394266595158306 -0.0258301801918212 -0.0102513310367924 -0.0319786795208005
-0.0225069664980409 -0.0314326803271753 -0.066676455676091 -0.0325827140054645
-0.0116203165123608 -0.0403390813588226 -0.0711957206866513 -0.0718800934902766
-0.0119924343686825 -0.0631549661857686 -0.0715721858454407 -0.156914858094916
-0.017224647817562 -0.0900229924396798 -0.0625114509542419 -0.238632946049887
-0.0275447918649729 -0.109442847398214 -0.065140688848837 -0.256056668851852
-0.0536273675411696 -0.122166269164885 -0.0876567258523774 -0.19328470635574
-0.0856604615120159 -0.106674434733109 -0.0968894454905648 -0.0351151991035158
-0.113623537981512 -0.0638170076112575 -0.0466353190543341 0.102627236934375
-0.128069155686696 -0.0128714372847786 0.0414575350186231 0.161170046661899
-0.128958877805167 0.0215422796482479 0.130166095513546 0.0793630783834338
-0.115705615843479 0.0512216390438359 0.204074385077938 -0.00518050415083745
-0.0943747571446054 0.0600804472031836 0.242324387851602 -0.128236197970493
0.00161365318747046 0.00036522357963786 -0.258580986758406 0.120220018347788
0.00307842587963465 -0.00595677423595911 -0.202214459760258 0.0430160133225874
0.00739846460496734 -0.00437713483252626 -0.1337693335731 -0.0587807768210274
0.00558457544056418 -0.00435171945583646 -0.0367651562540684 -0.126799183895101
0.00843529607447318 0.000716027505901425 0.022832082677944 -0.0964338506863546
0.0119947620131328 1.76123244815191E-05 0.0598320650211985 0.048511413610037
0.00687200390080954 0.0038641153630803 0.0468732560196807 0.188952748988734
0.00741437869113464 0.00903252732614273 0.0133382345470391 0.276256874092057
0.00270499072698863 0.00971434562189382 0.0207700615118916 0.255473356291678
0.000183335512264174 0.00598303741640875 0.050165482046292 0.163679312599501
0.00369008928849534 0.00479349582804756 0.059623405372244 0.0740404370086523
0.00712878194670862 0.00396180885931383 0.0621312781839977 0.018319190555936
0.0074744772276244 0.00643062965631452 0.0243304523103747 0.0118831300248189
-0.00140108336869756 0.0016143800346558 -0.0555890826156877 -0.0114797819662914
0.00236802116636441 0.00280127286557352 -0.160355482256469 0.0191655333506038
-0.0902166236071603 0.0359803759114515 -0.230796489232019 0.105605627590534
-0.0960281119220028 0.0231078698279734 -0.185278420414041 0.0279763590759369
-0.104694417928868 0.00247484290196297 -0.12278534514481 -0.0644914178149125
-0.10057799059939 -0.0364523745128945 -0.0365375191439005 -0.122072286091668
-0.0791823297673995 -0.0737909709345446 0.0120293404016237 -0.0966859742717196
-0.0486217293668485 -0.106591479242589 0.0490323548111982 0.0384437670200955
-0.0220235819159414 -0.113564538051343 0.0443385948990185 0.168120771474873
0.00135121665851007 -0.0969309953748393 0.0154612853196448 0.258767586185792
0.00677972826469999 -0.0748929942814793 0.0222520256908694 0.243939081315605
0.00438875950180524 -0.0526757087485108 0.0515709272421729 0.166883944319657
0.00829255870734534 -0.0324535899667883 0.064021727018511 0.0863800829364048
0.000722426223739482 -0.0274392996965846 0.0603006097260331 0.0315063093236311
-0.0168646276817472 -0.0258048787625883 0.0205085586191395 0.0202053549382357
-0.0553107108559686 -0.0168857563122826 -0.0553431034735454 -0.00103065083540534
-0.069377475108951 0.00731385106213492 -0.14771552002004 0.0163519079748386
-0.164437202605861 0.0621639843579727 -0.169253123863244 0.068702518826948
-0.177316259401437 0.044797258219638 -0.141521188815847 -0.00810419785001531
-0.196161887760708 0.00656243415104649 -0.10400140048082 -0.0848721871940975
-0.187894968344508 -0.0628742841131225 -0.0474151208241497 -0.125853323725083
-0.152909789009521 -0.134719287058024 -0.0190281167112508 -0.108211160313395
-0.100663018032466 -0.193266007618623 0.0155586477918773 0.00112711238430354
-0.0444520584690772 -0.209651764707289 0.0253446087361214 0.107611487890699
-0.00481280466885939 -0.18859129407583 0.0132300337293969 0.20189648071289
0.00635346288166498 -0.158360081669055 0.0272646706383441 0.212897486160728
-0.00232113293735303 -0.125308491577339 0.0595723959717853 0.173882732104864
-0.0088786643019818 -0.0892965216469863 0.0753839482093097 0.114546889696291
-0.0328190980901882 -0.0706228877130118 0.0598914930369731 0.065037179337046
-0.0671039059134619 -0.0584620881776008 0.013858371348255 0.045009344981029
-0.121190935746641 -0.0290484367179796 -0.0509042615980202 0.0243075333378769
-0.139143697858711 0.0156154912339758 -0.112884404014571 0.0146039273826
-0.20837341181124 0.0690008787320785 -0.085932162170362 0.0239383991989003
-0.22358066092592 0.0461245833212356 -0.0795709230298049 -0.0491652906756413
-0.243300408368047 -0.00271811941576519 -0.0747478619976931 -0.108098604860314
-0.228628778405009 -0.0875027011442587 -0.0604326010202065 -0.130676138082076
-0.185418481179697 -0.174518865367024 -0.0563499383097468 -0.123561884725032
-0.122744928420906 -0.244314206516805 -0.0287011647577376 -0.0541106518426499
-0.0505832081218827 -0.266655556294212 -0.0019688993722499 0.021105294208107
-0.0077620055825669 -0.252374502417928 0.00740250218152804 0.113578762629627
-0.00295138382091381 -0.232749727196418 0.0296695750680206 0.152919491995041
-0.0309969681022312 -0.206934078231161 0.062679734361175 0.163604443266953
-0.0630700253947436 -0.160797788676086 0.0801117039437153 0.139420495572012
-0.106795619261526 -0.116978671309328 0.0598810054012148 0.109391006409319
-0.148930657315719 -0.0806536090485174 0.0166221165071099 0.0801670910199055
-0.195953471173668 -0.0264985160960542 -0.0270402942925975 0.0547590749537779
-0.198570135924449 0.0302879855052205 -0.0538442754567153 0.00865653421707368
-0.214523246561031 0.0585138043497144 0.00385159708605326 -0.0144616877496006
-0.222141075863438 0.0278238546863185 -0.0124612525536324 -0.0757055607124592
-0.229674498387897 -0.0272361455710804 -0.0389930972130198 -0.113965714625459
-0.204315892549514 -0.104401046423314 -0.0662509745612272 -0.124029581460473
-0.160141026196562 -0.182282100787473 -0.081556085058221 -0.133336798350753
-0.105183641957717 -0.246273574024248 -0.0636220470373926 -0.111880708135009
-0.0399475694803294 -0.276067099994261 -0.0255073143843041 -0.0726392444667329
-0.00970183654873337 -0.27714417936338 0.000137420449669149 0.00703618188430866
-0.0202069951161414 -0.277439304587575 0.0224377203524854 0.0629186862095076
-0.0732040363872168 -0.266142563386947 0.045359471427415 0.121012183576173
-0.134847538342674 -0.21027496817244 0.0635172905817122 0.14501269165405
-0.191509573411101 -0.138249749595074 0.0571205784602986 0.147856436671384
-0.229750693163089 -0.0763496646923404 0.0358821924123848 0.110968199557072
-0.253440191060062 -0.00689216316328809 0.0235828311688218 0.0760297810442492
-0.233048860939187 0.0487522536986377 0.0268855771891052 -0.00572957864076342
-0.187203198079237 0.0401792641931115 0.0816107982605544 -0.0369061517442427
-0.179101910514141 0.00361672656766041 0.0403990198473274 -0.0749625432598541
-0.164887096669156 -0.0475176324553596 -0.00884688849530216 -0.0936054028892963
-0.13185740663583 -0.100894527247674 -0.0621291847442265 -0.0989286853314661
-0.0948785112669721 -0.151469482541421 -0.0842605659892288 -0.125923387064045
-0.0626407651283782 -0.20173014239885 -0.0744813613414931 -0.151845973821275
-0.0227460769023276 -0.238434215502516 -0.0361830667340611 -0.152815917304738
-0.0111206580749183 -0.258914453181539 -0.00774987901765169 -0.101100065017952
-0.0382697968828947 -0.275917533787626 0.00201313514810426 -0.0419290541544367
-0.104528811820581 -0.27024017059018 0.00428630398672165 0.0547900483216222
-0.178552277118883 -0.208188583040343 0.0236171438927385 0.130206337432096
-0.233893085746291 -0.120666348643371 0.0470125599116157 0.168997803312364
-0.262212679000168 -0.0489172280487953 0.0668771533026253 0.122575415742234
-0.264066148667659 0.0193852679757858 0.092019597894003 0.0757093303361059
-0.22907363717305 0.0620967111636072 0.115995678261715 -0.0319235440750671
-0.135638906593031 0.0226086516832342 0.13744371741145 -0.044850560092706
-0.115510261492135 -0.0103953338752827 0.0668972150047586 -0.0543621829787422
-0.087612397865351 -0.0480552126693316 0.00234507669256063 -0.0573831142393662
-0.0573770700250816 -0.0717455976234534 -0.0574435648608601 -0.0638072763288606
-0.0331634301636879 -0.0956194638387408 -0.0701587755004859 -0.101374491442491
-0.0217510123685415 -0.131574064117478 -0.0638729955407172 -0.164531993973076
-0.00820736779735915 -0.171939894862336 -0.0350294262733122 -0.208205696358759
-0.0113181420343618 -0.201042178122343 -0.0149174703078088 -0.194409251436978
-0.0454409205621613 -0.222055468123175 -0.028177303053711 -0.138152919170216
-0.103322701413878 -0.213367241526454 -0.0473764309550816 -0.00836586543306738
-0.164117479426218 -0.156041661709118 -0.0252035569922553 0.108854691102551
-0.205191335926096 -0.0782213548124807 0.0318610587490677 0.171261836680092
-0.221666139401398 -0.0176969991893206 0.0954248623842769 0.114150286917965
-0.214611264132485 0.034567260590364 0.156991045958258 0.054713976937713
-0.183143019394613 0.0604309926626746 0.196569587500513 -0.0646902748982087
-0.072813210842997 0.0109737824642128 0.166817370635396 -0.0427322285070733
-0.0550733500230955 -0.00850974042217801 0.07070580023254 -0.0303915846940572
-0.0336438710802187 -0.0298794193364774 -0.00316119311460249 -0.0281422010238782
-0.0157848997018085 -0.0337180147011383 -0.0578521245718316 -0.0334725307863695
-0.00329176404265127 -0.0419309505673679 -0.0566034040892416 -0.0735638270600753
-0.00161864764635041 -0.0634403798632343 -0.0458322460576926 -0.159474730393137
-0.00268535567284523 -0.0913037924753691 -0.0278586703776053 -0.237734503626838
-0.00867091287269346 -0.111642055464986 -0.0222881458647812 -0.257672116910499
-0.0342480864046984 -0.125975484857722 -0.0559408162828162 -0.202058421462664
-0.066549847972095 -0.115370941449049 -0.0894101300082585 -0.0486736595479917
-0.097255668772298 -0.0775892343197884 -0.0610774488470322 0.0927237883868031
-0.118257332591881 -0.0330699020006626 0.0191402766087595 0.164074339428503
-0.125240621513627 -0.000236395068803294 0.113236407018588 0.0983962608460329
-0.118991309684476 0.0280679514994419 0.199898087338743 0.0268735352081787
-0.1015772256027 0.0392594539899895 0.248842990961888 -0.0923662145651944
0.00231542245424083 0.000218504818352599 -0.25675617591195 0.126362511097741
0.00272010455041342 -0.00578064046115609 -0.203174035125824 0.0441369873286868
0.00781802188990284 -0.00477580207636612 -0.136577365520606 -0.059881173151706
0.00585059370049058 -0.00467238614338256 -0.0389612033331276 -0.130110135677262
0.00844314567627927 0.000390857822148242 0.0227869582889484 -0.0956309850197978
0.0120560762315716 -7.06269654449476E-05 0.0605145959984534 0.0513603324824087
0.00640586222497064 0.00492945731161861 0.0430104810074114 0.194888383874062
0.00805407727961555 0.00865306744760844 0.00913989582880856 0.285917597145223
0.0028813338999279 0.00943365788551778 0.0192876329604332 0.262870976747956
0.000166274086869432 0.00629886995208394 0.0505623280881464 0.167028440440061
0.00420886224936619 0.00379035499492169 0.05910586665515 0.0736736065652496
0.0072883917964639 0.00309519666394125 0.06186078586061 0.0144199941760999
0.00757460463831423 0.00571922724593204 0.0233347637567615 0.00610112196019344
-0.00096125569450794 0.00242065727367477 -0.0604811268564465 -0.0161181431846286
0.00215275944827941 0.00195203301307381 -0.171371700431602 0.0139240393265288
-0.0918607188047491 0.0364632461876519 -0.228542871475486 0.111537838849772
-0.099034446467211 0.0232660907342166 -0.187030894976292 0.0305990691397956
-0.107126241166749 0.000888910123577238 -0.125695647583211 -0.0654911907426053
-0.103418481459881 -0.0383518851858237 -0.0379081448832057 -0.125390165896743
-0.0817351702578851 -0.0774296078040261 0.0114184844889486 -0.0967786710959933
-0.0498671885632666 -0.111280411039217 0.0490572935020249 0.0419654112280454
-0.0220214734229372 -0.116931019439831 0.0405326917622183 0.17328490763652
0.00320467629435205 -0.100835655733485 0.0121431224173638 0.268008234359165
0.00857337612992669 -0.0778540301003698 0.0196767148201835 0.251101209569181
0.00575794963854454 -0.0542404005795734 0.0514418146318795 0.170406061387208
0.0102682381388256 -0.0347896623967255 0.0644423597670897 0.0858017854707303
0.00234918931203677 -0.0296135101625865 0.059978393415823 0.0281681840233556
-0.0166817942057968 -0.0280762895757777 0.0200415710469286 0.0149189496621136
-0.0561439311131623 -0.0172318910893592 -0.0600728357026749 -0.0052489522059058
-0.0709206803612509 0.00557954405697336 -0.158984671982004 0.0119508105911752
-0.168244531549195 0.061546345634507 -0.165696558144429 0.0754027108077454
-0.182628711194997 0.0451712026600432 -0.142949346619191 -0.00596217659520298
-0.201531094065668 0.00540114701893882 -0.106284244158169 -0.0860904733367346
-0.193353626763254 -0.0664449852398872 -0.0487350651843405 -0.12944051787008
-0.157156972428563 -0.140901356631947 -0.0201270179826319 -0.109039334172549
-0.102675400273647 -0.201081663177712 0.0142837991647077 0.00416352542392859
-0.0436310087520514 -0.216762830874675 0.0224877700853816 0.110745491283186
-0.00111044469994418 -0.195043565590314 0.0109127488894894 0.208895342783793
0.00924047672504648 -0.16436755759472 0.0260065620591017 0.219241609215474
0.000175004506112625 -0.130258283695885 0.0603706197332007 0.177814833029557
-0.00614259499362468 -0.0945281629512858 0.0759716471459379 0.114773331410139
-0.0311043752946063 -0.0754151758012024 0.0603983636851566 0.0626864042891515
-0.0676632354518697 -0.062541179647777 0.0132933096471184 0.041009626924644
-0.12356857542534 -0.0313262765885504 -0.0551749473893123 0.0203860614811894
-0.142597238579559 0.014050807487118 -0.123964362977611 0.0100350346385301
-0.212642327785757 0.0679815570353463 -0.080990915133754 0.0299316537841768
-0.229675968431277 0.045859591524652 -0.0790184804768341 -0.0483560198301694
-0.249589474755148 -0.00576880969437798 -0.0757984603672104 -0.108585945385258
-0.234847689259244 -0.0926393336551843 -0.0614597360590467 -0.133290828991424
-0.190057879208304 -0.183285966865398 -0.0587198850858119 -0.125152628729014
-0.124693367267095 -0.254073368526663 -0.0315476676144529 -0.0526919096269017
-0.0498278505168661 -0.275722478711759 -0.00415371215246855 0.0216898214478459
-0.00379456312770403 -0.260616346448349 0.00601624456398698 0.117672206574884
0.000581108952829755 -0.24091316058069 0.029036031178171 0.157366486527795
-0.0288933787801846 -0.215100228377489 0.0638109028524224 0.166722775523246
-0.0611299425758212 -0.169064467169347 0.0817555856638529 0.140675453858409
-0.106451715920261 -0.123605626965695 0.0609471109594194 0.10854496402975
-0.152880502745037 -0.0860390404817438 0.0156014365481549 0.0781631468724707
-0.201102380693064 -0.028902167466831 -0.0307044120556159 0.0525402426242107
-0.203374944650659 0.0284958957233537 -0.0643759380185103 0.00437610921130936
-0.219451142739244 0.0575585843877563 0.0103321854162786 -0.00966297907340362
-0.228229601760652 0.0271853282629082 -0.00971378885553795 -0.0752959210781659
-0.234677686847613 -0.0300136931843406 -0.0386107511176507 -0.113473528821104
-0.209817588637905 -0.110124342527717 -0.0667964450196461 -0.125008748789512
-0.163346315207534 -0.19088277198854 -0.0841843909204745 -0.135295144114491
-0.105858365227764 -0.256705891308998 -0.067235315074806 -0.112883588269838
-0.0384178958774221 -0.285135029147868 -0.0266526578561682 -0.0750555036341062
-0.00465642919812193 -0.286973847653466 0.00037683260951084 0.00802567300132281
-0.0172479559200159 -0.287135904303794 0.0221406070870689 0.0643340597754641
-0.0722279797547623 -0.276378888783651 0.0467184822230666 0.122639513800542
-0.135454922238657 -0.220228521527305 0.0657113538961853 0.146213112984695
-0.194133165210711 -0.145365881960375 0.0584797915835647 0.1493627477598
-0.236089508055184 -0.0818187787574598 0.0349488496132058 0.111030599099699
-0.260985853424072 -0.0090723118414716 0.0214252066968956 0.0757340757257569
-0.239536336237639 0.0480884282614733 0.0180798822118255 -0.0105904445211668
-0.190528026417553 0.0386137590911307 0.090555144602888 -0.0326608057586906
-0.182759461332824 0.00253356087475816 0.0449612665169042 -0.0739181382179584
-0.167674800204746 -0.0511995401930263 -0.00766522167429418 -0.0910258258045397
-0.134743210965818 -0.1061952616556 -0.0625559507155355 -0.0980782986299647
-0.0957698429957905 -0.159114933296955 -0.0851781537392866 -0.12760671602498
-0.0624397421460341 -0.21045910107466 -0.0769187734308848 -0.153868735330599
-0.0199161891884024 -0.247232855532081 -0.0362840169327199 -0.157281689016033
-0.00665381727758995 -0.268019433544853 -0.00583338315186038 -0.103591456231198
-0.0362518657224281 -0.28515242842101 0.00193033824901862 -0.0436337705183924
-0.104950030409993 -0.280175897376656 0.00543085605989258 0.0546977534233355
-0.181306236763244 -0.218170485169721 0.0246574171761939 0.131010449976106
-0.238441007206112 -0.127138351899075 0.048611061289446 0.172010658935361
-0.269678138975829 -0.0527843289904325 0.0661266920207294 0.124512802342666
-0.272963131006091 0.018272420022951 0.0922194631366786 0.0760741593056765
-0.235233037148619 0.0621332244615688 0.109384626643503 -0.0367458544018005
-0.138145573740818 0.0209005281876972 0.147447733098421 -0.0401414500803407
-0.116795126723204 -0.0111567786404725 0.0711922107829922 -0.0512497866187173
-0.0882747448536219 -0.0503842375043206 0.00362582386650431 -0.0536815613857361
-0.057561471970853 -0.0752861622394053 -0.0573537194180414 -0.0606362434783106
-0.0323288075882402 -0.100579318144216 -0.0699825972379841 -0.10204514716087
-0.0209759185876071 -0.138071317206774 -0.0647477113996937 -0.16747163710791
-0.00537337707740085 -0.177356300670809 -0.0337893692214331 -0.213659082300196
-0.0081385520906005 -0.20778464117126 -0.0120815752304968 -0.199587844361869
-0.0438073229876213 -0.229618013377491 -0.0278798437258583 -0.142922031227248
-0.104976321125259 -0.221882015828548 -0.0474300169015224 -0.0111695471018685
-0.167785280692126 -0.163026225577258 -0.0251615610257444 0.109125475511213
-0.209847714499399 -0.0831697350388844 0.0332561346599488 0.174774404744575
-0.22887943996834 -0.0205145076773111 0.0953761373334586 0.11697495956212
-0.222070988420007 0.034181237356579 0.159196287492906 0.0550802042247609
-0.187987772295031 0.0614083766913546 0.190714947470866 -0.0698515576361536
-0.0733548119497782 0.00985411502247679 0.177431445085851 -0.0384629032958988
-0.0544766100000795 -0.00906480111279909 0.0749370999286727 -0.0264057802648611
-0.0336521671293771 -0.0311648723743755 -0.00204056047930526 -0.0230328259990284
-0.0153519843164967 -0.0348290058958645 -0.0574577513137933 -0.0295480116316227
-0.00280111405084098 -0.0444257413385089 -0.054904114195477 -0.0728218050436593
-0.0015601795587844 -0.0668182909078568 -0.0454552846165422 -0.16302378453262
-0.000792757452168552 -0.0944723548568563 -0.025476352910432 -0.244546734486561
-0.00628831476859148 -0.115794749055178 -0.0182835467309746 -0.265366160120724
-0.0342298614376286 -0.129329783704274 -0.0555563757384656 -0.209155633954905
-0.0679549808219463 -0.11998785183976 -0.090850395853036 -0.0524575316424456
-0.0994874601815224 -0.0816919955316914 -0.062329410839124 0.093627796769792
-0.120929168907647 -0.0351263077487948 0.0203295768039359 0.16824310766424
-0.129495935102438 -0.00110040731290306 0.113982058641128 0.102003376420806
-0.12305884104413 0.0277463555642539 0.203707702638063 0.0266932503872968
-0.104209208441993 0.0399424473496513 0.244210107237726 -0.0978235721649342
0.00300302310100646 -0.00024185085604406 -0.252398457957741 0.145935706377883
0.00241918893126534 -0.00533276035213666 -0.205559515445383 0.0558444514424154
0.00856010894029542 -0.00552221978871362 -0.144899528257852 -0.0552649751198285
0.00578931839696971 -0.00522954136032287 -0.0478712302147099 -0.133610392827215
0.00898940128296924 -0.000714004834799908 0.0186512003748429 -0.0980498504586667
0.0123065050933935 -0.000595324109348295 0.0647374065830279 0.0528125289814233
0.00666673157054155 0.00562017450728341 0.0493518511071955 0.203235601892095
0.00866751587775354 0.00796545388854256 0.0199470304992124 0.300554731466393
0.00364561059949855 0.00924347297822725 0.0304860976558099 0.273846889995449
0.000262271684279813 0.00629711542750313 0.0599298982884962 0.170967343725089
0.00422359103461799 0.0031380778562671 0.0629432312887489 0.0719196242817472
0.00750037786436688 0.00183850168282163 0.0632233099842521 0.0075968214069746
0.00757203759173019 0.00460042751765864 0.0232236741981431 -0.000399299106600817
-0.000700657970274108 0.00359698490323713 -0.068367488736072 -0.0180213830779555
0.00160878764259193 0.000734098687154809 -0.185850020375649 0.0189225514952865
-0.0941741375206376 0.0411156489179231 -0.224551873853169 0.129735959062655
-0.103279836050579 0.0288358383961234 -0.189687189372195 0.0423014356073818
-0.111956518581287 0.00522545637714176 -0.134501751725992 -0.0611397260901766
-0.109710350580742 -0.035755116695998 -0.0469051787935004 -0.129284431190399
-0.0891055480905215 -0.0787393828779635 0.00610139851732761 -0.0986876443335932
-0.057691847475306 -0.115648906447632 0.0522144211776693 0.044090096811565
-0.0274368923269012 -0.12139381078233 0.0466499610487167 0.180224776376026
0.000435057142618968 -0.106897967159985 0.0223740592592584 0.281851407985507
0.00690146503031939 -0.0823718101912594 0.0309356874573852 0.26227437339924
0.0044846636543761 -0.0576594744626263 0.0609966251397178 0.173953308720061
0.0106706463931807 -0.0390673458612008 0.0697902034617541 0.0840810401751288
0.00195063972569895 -0.0332339793559605 0.062656953092923 0.0225366835823877
-0.018634233035324 -0.030153992400004 0.0201163324530774 0.00935704632336276
-0.0587531467581068 -0.0155121416061821 -0.0667752018268278 -0.00744138431895677
-0.0744660814831579 0.00812639716915364 -0.17309525392105 0.0162885607991547
-0.173045834479194 0.070057278569294 -0.161127578099534 0.0903751567893231
-0.189279249229391 0.0550345015181658 -0.146024618304326 0.0027606645325982
-0.210288127833638 0.0129618855145175 -0.114780768789261 -0.0828663461447268
-0.204971801502347 -0.0620463193607936 -0.0576696430479415 -0.132951134086747
-0.171772652104058 -0.142825028872054 -0.0274343941558488 -0.110338821897087
-0.11716681145939 -0.208637188482115 0.013803472298065 0.00700637614960263
-0.0543949967018871 -0.226096737698959 0.0250711234136085 0.115339133711359
-0.00808126752777243 -0.206568147835482 0.0191359997429684 0.219783900956369
0.00422747453226007 -0.173779656088294 0.0351389149965257 0.228095756687146
-0.00419002167137461 -0.137149137144124 0.0703889405254145 0.181551382004248
-0.00874761837529177 -0.101447387420439 0.0838157820542032 0.113042776907524
-0.0342801518258966 -0.0799313746600859 0.0643468733213649 0.0588142976435308
-0.073274900648224 -0.0645073121305746 0.0139843901483182 0.0376291914668185
-0.13062568527967 -0.0273521225519432 -0.0599254057697886 0.0198805450761725
-0.14800278361466 0.0195850604444875 -0.137628975547473 0.0131016040048442
-0.219186904987204 0.0788744280223005 -0.0752070677400844 0.039418042527373
-0.238217903901154 0.0580459224595925 -0.0817648102139401 -0.0444767763756134
-0.260634349361445 0.00393078444147653 -0.0835712403665474 -0.106253456679481
-0.250061336916612 -0.0879372171549095 -0.0709881134601002 -0.13521400513971
-0.207835888080583 -0.185745048878886 -0.0675356877016825 -0.126266941926239
-0.142006424522453 -0.263858931282863 -0.0368426186724027 -0.0495457657377874
-0.0624414827374368 -0.288261536139951 -0.00591041290489664 0.0230157689710376
-0.0123439313491071 -0.274550378613719 0.0113371436961688 0.124083944935042
-0.00847897930426541 -0.254058475547656 0.0364250123804609 0.16355427117089
-0.0378624479803097 -0.226074809923545 0.0741021188013477 0.16986558374733
-0.0691789835104226 -0.177851762247326 0.0912799881513058 0.139180780496915
-0.114779315183057 -0.127695483372303 0.0679867624641743 0.106858073631436
-0.163156265784908 -0.0854215285255837 0.0182716876578431 0.0768456664885598
-0.212182471029188 -0.0218903039704912 -0.0326596312752895 0.0531257520746648
-0.210520364689673 0.0379580299363937 -0.0764713692354657 0.00460892387429555
-0.225818918131556 0.0677438287353824 0.018245814344346 -0.00571532859990332
-0.236743608356423 0.0377366635386268 -0.0100248385732832 -0.0759700379871812
-0.246282782058534 -0.022716301834653 -0.044047384631397 -0.112703937474015
-0.224337877286964 -0.10848392915062 -0.0744786161738902 -0.125253315663479
-0.180093501304772 -0.195764577082763 -0.0942498913290817 -0.135750599146908
-0.122487247612019 -0.267350380225632 -0.0764465148916729 -0.111517793809246
-0.0510509309879841 -0.298930408935962 -0.0328703094006764 -0.0775785241534198
-0.0151207403522622 -0.301858251470344 0.00159250586227311 0.00926315593723263
-0.0282677182074198 -0.30253950903548 0.0256110921137659 0.0670862800105734
-0.0862283593108229 -0.288032284831632 0.0550384558986735 0.124332048790904
-0.149268066542605 -0.228574622737149 0.0756065078035022 0.146528048099232
-0.207689348286847 -0.147173786596535 0.0683359965649153 0.150182735743901
-0.251788394546224 -0.0771294287248708 0.0397303305865157 0.111673768232269
-0.274981190467677 0.00151497538064664 0.0226964885360116 0.075305899856416
-0.247601818874668 0.0599163334023639 0.00817803250410913 -0.0144805822573534
-0.196309682074773 0.0471477789037439 0.100700373188245 -0.0333780817727434
-0.189760317950262 0.00988059287327439 0.0472570678681609 -0.075826180242781
-0.176370835855415 -0.047360517046464 -0.0104197413990961 -0.0899804293776385
-0.144654684131253 -0.107094384556126 -0.0680556284229115 -0.0964149924717206
-0.107441625641422 -0.164717329801185 -0.0935108016447184 -0.128113835586881
-0.0739070823073951 -0.220469830289093 -0.0887371064846429 -0.154582229601491
-0.029803456180156 -0.260068933273815 -0.0449609663693018 -0.163549843553322
-0.0157479291033179 -0.282760588236394 -0.0090481263060407 -0.108588678199702
-0.0483826427276015 -0.299033766966896 0.000105217108746697 -0.0459155357321715
-0.121510712754401 -0.291222271424151 0.00854035527294393 0.0549296884762544
-0.198370940302305 -0.223062216635184 0.0320613086583852 0.132492004972971
-0.254525786689277 -0.125381816229808 0.0592019356488953 0.175336939627747
-0.286264513830706 -0.0451175852665026 0.0728963870532985 0.125690246226407
-0.285879670186557 0.0311112115200921 0.0974258273375749 0.0732006475066218
-0.243117903331597 0.0745195037663441 0.101592148163502 -0.0462904020169176
-0.141658434680976 0.0266302306524625 0.159019948883732 -0.0446637298945341
-0.120360788007279 -0.00784135662229526 0.0757918481713551 -0.0530800553397629
-0.0932595985582742 -0.0500991391314194 0.0033045916306336 -0.0503262505202327
-0.0627291092101238 -0.0768452154750007 -0.060497398173357 -0.0558223349463718
-0.0380714913206471 -0.105939062310425 -0.0754624892454891 -0.101729870317322
-0.027428591819337 -0.145831305077886 -0.0747785916002409 -0.170947681881205
-0.0117227928592923 -0.187065620010321 -0.042923724858303 -0.222747145635892
-0.0148679360664357 -0.219536174843966 -0.0193868402534019 -0.208774367159772
-0.0547700681154409 -0.23955680958791 -0.0345675307943533 -0.149156542778567
-0.119143594099517 -0.22873359091694 -0.0495171220488733 -0.0115751136315314
-0.18203083936853 -0.165829158610088 -0.0207324191780196 0.112740190458288
-0.222702633160118 -0.0792509082811027 0.0443882837611551 0.180447973225242
-0.242496964600794 -0.0121970997447646 0.103647871511958 0.117867225032913
-0.232683259534513 0.0457187617897258 0.166503070795727 0.0483708077045013
-0.194131074470755 0.0720663157248039 0.184593038483915 -0.0839367666916429
-0.0745921568959759 0.0125095192816508 0.190328591603455 -0.0443181961483782
-0.0549898376488342 -0.00745423501731098 0.080458532576106 -0.0268282866868768
-0.0358856699780128 -0.0311370132782593 -0.0015307084529205 -0.0176782428901986
-0.0169293553598921 -0.0356043004387581 -0.0594249151891714 -0.0229699130212886
-0.00440006371380595 -0.0475507172747348 -0.0578495135870263 -0.0708115349684444
-0.00475829482955181 -0.0715623443041324 -0.0540874997694055 -0.167023212121388
-0.00400532821785957 -0.0994050252275446 -0.035390941032437 -0.25421301811382
-0.00959831552653208 -0.121722985009266 -0.0279681780257924 -0.277862376549291
-0.0400474987785755 -0.134530640039628 -0.0665567928771783 -0.217128706083487
-0.0767158197283113 -0.122904901861662 -0.0971355554503405 -0.0532767465687292
-0.107147106167591 -0.082621241856421 -0.060318711432021 0.0983937402756958
-0.128002669852526 -0.0318010608120415 0.0299879960100858 0.174177454523665
-0.137137661004943 0.00447993777288226 0.122274648623723 0.102449426242241
-0.129251300937183 0.0341115210100817 0.212159083129868 0.0172552411879274
-0.106364757052769 0.0462161079097898 0.238941955790824 -0.115657587501521
0.00374917576451704 -0.000433664086803249 -0.23107594659785 0.166224470833378
0.00209247117853045 -0.00494381227552662 -0.195645015014958 0.0722168504610641
0.00865294561359764 -0.00690742585957977 -0.148978920244718 -0.0427486759785656
0.00597624974821133 -0.00566955407926931 -0.0603227815252567 -0.12857131688561
0.00880827473695273 -0.0015715819924657 0.00955029108130312 -0.0965367123095111
0.0117792298217155 -0.0013229328563744 0.0678544633924905 0.0493558529581091
0.00742744829464837 0.00588518356663024 0.0604408213347719 0.201634665534954
0.0090147387538268 0.00634547708527558 0.041685599757346 0.301791146305701
0.00445457863080486 0.00852619668798334 0.0512137576909083 0.271737823521793
0.000793450480987452 0.00644023632961393 0.0731689968968928 0.164880104614087
0.00390255347633711 0.00174593054165706 0.0667802568935801 0.0648121593424856
0.00710940325152384 0.000498049689967186 0.0608042983624158 -0.00200139556188765
0.00773260759056814 0.0033923541485228 0.0203676610025685 -0.00792393541553891
0.000458372249769458 0.00375430732272856 -0.0739400643474853 -0.0159899643145651
0.0013585354849371 0.00047333577449773 -0.191835752112614 0.0308989144363759
-0.0902277842800559 0.0476192591901968 -0.204467194911145 0.149950864081203
-0.100880749806529 0.0370785928664787 -0.181584763601029 0.0578066664167727
-0.112049780168103 0.0135053971535676 -0.138135357286932 -0.0486844289681769
-0.113171487502453 -0.0279668093982438 -0.0584026803690876 -0.125773718772011
-0.0966657163583971 -0.0727321929024422 -0.00276683317693136 -0.0966857188436573
-0.0677382920422105 -0.111814625748216 0.0552459469809877 0.043121492262236
-0.0361214455332831 -0.119568654039351 0.0563920144409327 0.1785503492953
-0.00745312580374416 -0.108418972932556 0.0432600567557418 0.281553634510081
0.000981990888238388 -0.083767074004322 0.0504738521524092 0.259863515993258
0.000752278120388852 -0.0585106122019581 0.0747567979131984 0.167795911715909
0.00811103969816751 -0.0426313807117504 0.0742725344496563 0.0751134115609205
-0.00043218725273744 -0.0353888225237021 0.0612003857071542 0.0126183701164969
-0.0209769283608901 -0.0301564283189615 0.0183684397647217 0.00257792361655399
-0.0600942014351344 -0.0109114863980471 -0.070973549925618 -0.00535357229887376
-0.0736651514116793 0.0133224313075812 -0.179288620168244 0.0282517681734821
-0.167249693724914 0.0824217755910326 -0.145191979837309 0.105448475219521
-0.185471224068822 0.0691777044615663 -0.141259842314118 0.0159744809009877
-0.20986259198326 0.0288835066411628 -0.119473370333368 -0.0714581924902129
-0.210512241936174 -0.046559683263513 -0.0690887365598805 -0.128310437683012
-0.184429307109525 -0.130842376731941 -0.0373197865477453 -0.106554245292182
-0.134870949068235 -0.201256403102826 0.0137923589028154 0.00926577776824567
-0.0713320501115695 -0.222090529627758 0.0307338388806488 0.115009013539037
-0.0223401476311807 -0.207894813057456 0.0357664553131904 0.220007192875273
-0.0077962596188729 -0.175296570649489 0.0530553743926721 0.225677775511971
-0.0138442991587381 -0.13870313974043 0.0847454317343443 0.174355919321666
-0.0156462831129581 -0.104204522366234 0.0913838516441859 0.102766065358756
-0.0394764768606525 -0.0800903899979479 0.067405467367311 0.049045079553036
-0.07854450382238 -0.0607362031244771 0.0156583673899421 0.031748221184661
-0.132305842117095 -0.0177976205944239 -0.0618390044514455 0.0216001442359265
-0.145916657736711 0.0301306579269233 -0.14438192819808 0.0223644028352679
-0.212840235533646 0.0943128709474397 -0.0637497257775443 0.0482033593526948
-0.233859357617334 0.0754443073543764 -0.0814201947220643 -0.035655107144335
-0.260744735185501 0.0230981055284515 -0.0903114600846463 -0.096732118327236
-0.257894297550195 -0.0695188369521611 -0.0819698668664099 -0.128949077837611
-0.224465087644603 -0.171659855866676 -0.079316851406029 -0.119109665873754
-0.164314600216985 -0.255390608678141 -0.0418203910584592 -0.0432466413212703
-0.0836823142580789 -0.284846331125412 -0.00628036384330503 0.0242549904231196
-0.0320797011157834 -0.276979218353541 0.0214877894761544 0.124624137109004
-0.0265422134190282 -0.255418511862757 0.0490120572481879 0.160699990898252
-0.0543926200019266 -0.225202746828206 0.0877351698877927 0.162398723114722
-0.0823289489782344 -0.1764754139914 0.102200666653421 0.128388073594593
-0.123878019621128 -0.122474469997307 0.0750450053626134 0.0979244592227838
-0.170749301662804 -0.0748862967021935 0.0222854875286226 0.0717855382686334
-0.214485844095584 -0.00589150748666227 -0.0324376841961064 0.0526440178299294
-0.206823264835658 0.0533942418313398 -0.0848819557004308 0.00908227229581273
-0.220140740234063 0.083274287577026 0.0257504008574639 -0.00369742019136489
-0.23337486596658 0.0554662379629436 -0.0127621086533809 -0.0721993368393521
-0.24771100627802 -0.00476792575168133 -0.0512583846853422 -0.104878369616873
-0.232871072249467 -0.0924377562599547 -0.0837077756017301 -0.117648762866621
-0.196852417099436 -0.184236850316436 -0.105185225134486 -0.126898007143202
-0.143647878760281 -0.259989574665941 -0.0866841086042069 -0.102011242430409
-0.0731701406612885 -0.297235402348954 -0.0403261976512998 -0.0745725428640504
-0.0363695868906217 -0.303374928642376 0.00282596832273506 0.00937254441325819
-0.0500033003512666 -0.303122017800466 0.0306569959172975 0.0649777997637895
-0.108546743504 -0.284215360824882 0.0653120804011714 0.117932916684747
-0.166978738707628 -0.220678961099479 0.0864695675506494 0.136704447689699
-0.219210207360442 -0.134028253857389 0.0794946495897407 0.142151423528613
-0.259211249284334 -0.0591044953668531 0.0469916591557506 0.106135193422264
-0.276509712911218 0.0229964082499626 0.0257369280365358 0.0711658695289666
-0.241872986011595 0.078295870987467 -0.00327602293424104 -0.0162191037277326
-0.192413542937637 0.0599203516467973 0.105799629778917 -0.0380495241517771
-0.187914136041674 0.0234138608554208 0.0451511964784195 -0.0769788356115282
-0.17962997079357 -0.0355660460787216 -0.014943193120614 -0.084338962738073
-0.153227061234284 -0.0967083016163089 -0.073490058408699 -0.0873429268744676
-0.120602370678619 -0.158319557219691 -0.103530567273854 -0.119296634774124
-0.0915717083371457 -0.217277113819646 -0.101158716019474 -0.14488321451174
-0.0487737663249962 -0.259616061160827 -0.0576558783239616 -0.159910687132812
-0.0362777516114963 -0.283859047620413 -0.0162412807490904 -0.107937389456146
-0.0701355938083063 -0.297904376194288 -0.00301133733764184 -0.0464715557054707
-0.144730891957977 -0.284717866755524 0.0133721746299595 0.051923158104062
-0.216141677494185 -0.211440738574801 0.0424822997556978 0.12659551910006
-0.264286373567468 -0.108187925571657 0.0735320651153167 0.169136852850623
-0.292168024323356 -0.0237229002976519 0.0817531297518595 0.11866750306901
-0.28527441808679 0.0536619901752377 0.1007317791739 0.0635008469773601
-0.236891653511818 0.0928853996139728 0.0868505499656062 -0.0549478540066814
-0.138783095322833 0.0353488493260539 0.162655568153976 -0.0541009307076822
-0.119386395401913 0.000110579888887996 0.0752930295599937 -0.0553129705776265
-0.0965888497910006 -0.0442041668718662 0.00263347010277998 -0.0447664205341692
-0.0680459579934222 -0.072892101871918 -0.0620545063335376 -0.0470165492509556
-0.0460596847795545 -0.104153944938082 -0.0817833611592521 -0.0940784821831326
-0.0397051453960192 -0.145489476516009 -0.0885106264886074 -0.162654672086401
-0.0254463420099693 -0.187600223112327 -0.0599458737352673 -0.219171334442427
-0.030191913368519 -0.220257490742331 -0.0337552832881481 -0.208341528735239
-0.0723331930702643 -0.237024845963503 -0.0459399710970162 -0.146851158761656
-0.137468469849492 -0.221179288499181 -0.0501399466970738 -0.0098330663466154
-0.195784440775701 -0.153899357106619 -0.0114049859231596 0.111142293575613
-0.229442890411271 -0.0629495841148632 0.0594355083332689 0.17557809596334
-0.245285755798419 0.00670990182200679 0.111912880780138 0.110370485200565
-0.230359171618665 0.0642636917259672 0.167866979418628 0.0328770417756557
-0.186674746751939 0.0868317529259875 0.16638793147961 -0.0984934942255351
-0.0727379596585171 0.016760359762564 0.194172341625909 -0.0562680946077354
-0.0541491908996488 -0.00519835720632177 0.0821626713808259 -0.0290120964364709
-0.0379772104174236 -0.028542903843051 -0.000133745696848158 -0.0117672663242097
-0.019105611684197 -0.034488071222109 -0.0577602817181428 -0.01295759664746
-0.00803638720542692 -0.047971877364728 -0.0609311235568237 -0.0652400021692042
-0.0116671856441938 -0.0718621607966142 -0.0666460947936009 -0.161685311423823
-0.0106135260926466 -0.100322057923463 -0.0536014562986236 -0.251556816953778
-0.0182256919695402 -0.122396554686395 -0.0471571028817023 -0.276863892050145
-0.0500341823174134 -0.131613970033143 -0.0821159180443819 -0.212929439675137
-0.0865678362649043 -0.118001388697125 -0.101119873858002 -0.0471803041886168
-0.11375987799675 -0.0753711345132978 -0.0522825147985943 0.100230773821344
-0.130052090688664 -0.0224451051419928 0.0448395858538604 0.170896379286299
-0.13776141202773 0.0156580261363983 0.129521801332008 0.0933208063576687
-0.127686072802961 0.0452888737159196 0.210761230276549 -0.00193840206641073
-0.101451115962496 0.05464124972847 0.217302550006151 -0.134924886161456
0.0043755013240981 -0.000853647572822012 -0.218040648386622 0.139645206439616
0.00253496326438244 -0.00410852574281334 -0.184050737780298 0.0531959385099477
0.00904488059999355 -0.00568916131248837 -0.133980767537708 -0.050868511257307
0.00715373951941509 -0.00496505148769577 -0.0469269838426139 -0.122292641743701
0.00898365165124999 -0.000678727125635465 0.0158472494688963 -0.0859636646599227
0.0102072576537657 0.000185655723385544 0.0590013865056966 0.0531716430600287
0.00718032087167258 0.00662882164135466 0.0370078585686179 0.196976887325856
0.0086686334963633 0.00685058850210258 0.0117359640446602 0.291446518894568
0.00458419832794378 0.00696083694694914 0.0253218904894996 0.263342868987876
0.000494278375016521 0.00536855912356369 0.0556973142656298 0.161594923851799
0.00304882726801333 0.00120920106895361 0.0570528787805734 0.065850236181838
0.00527888794431042 6.01576553892557E-05 0.0565403184756608 -0.00129219797304373
0.00665519651397578 0.00345517274056935 0.0175390233677478 -0.0106333752059372
0.000981655579723158 0.0044529763783118 -0.0737901189291229 -0.0243598652694941
0.0019305449498708 0.000517630783955894 -0.196316462517821 0.0124854916255453
-0.0874236925622824 0.0354011063725013 -0.197663719953665 0.122477091019014
-0.0972785575916467 0.0246784965761329 -0.174565848079452 0.0391476994712332
-0.104638193200308 0.00094505918619742 -0.127655880349135 -0.0601484368396746
-0.102522043145873 -0.0399195417672989 -0.0440250199507733 -0.124470450666437
-0.0827584238519947 -0.0805907191054563 0.00908379421603672 -0.0908048044523588
-0.0533914608005423 -0.11233310685192 0.0510193439289393 0.0427603187304617
-0.0229850590669146 -0.117237479649569 0.0367735725277808 0.175979931222615
0.0035786915242922 -0.10556834928277 0.0143154474435142 0.272387745715308
0.0104566785339985 -0.0818192726187144 0.0240911157857972 0.253923278788438
0.00711664370725073 -0.0574894994432866 0.0553182156928173 0.165934752480247
0.0117366544392713 -0.0419771620941655 0.0621377399366819 0.0775484413086289
0.00240120331102544 -0.0356212324513021 0.0563673573628166 0.0141019873223749
-0.0177960905369538 -0.0315054990397267 0.0161653594903557 0.000479680979632461
-0.0553874686806583 -0.0149968364534121 -0.0690219823623829 -0.0132474062734119
-0.0706619206931577 0.00659171931488542 -0.181387072813611 0.00889203191085551
-0.161729343137689 0.0603567892667233 -0.144102495169995 0.0825819684094121
-0.178270546293974 0.0455272966344344 -0.138013610969562 0.00101153038655128
-0.197975448829293 0.00559652652657076 -0.111370617939638 -0.0834002534380956
-0.191964928098892 -0.0689876825778868 -0.0521203771621722 -0.131649692569074
-0.159092382119973 -0.146291497987479 -0.0193354458303396 -0.104456956302715
-0.107595162767505 -0.203359184003429 0.0182979260281268 0.00631879851336658
-0.0471026659271068 -0.218699819384503 0.019236545251943 0.114517680247824
-0.00107140937964094 -0.202653570353691 0.0128039973618853 0.21187960364452
0.011074697330995 -0.170050471317871 0.0288797938413159 0.223265138815334
0.000264988976214735 -0.135473089752093 0.0645611308732495 0.176256910432672
-0.00414258135586625 -0.10471207071209 0.076980311694495 0.107608479765546
-0.0300590106758753 -0.0836472197084234 0.0603737511149181 0.0510899096503106
-0.0699947840621431 -0.0663890222140571 0.012738929718834 0.0299253708588705
-0.125185014626152 -0.0275994613829563 -0.0589828906562532 0.012929820987469
-0.141840412005246 0.0167155613375641 -0.145754698305246 0.00403742626936194
-0.205719965443221 0.0668204406826712 -0.0660961552546974 0.0334335708137787
-0.223813331504752 0.0468653079075161 -0.0797392482016577 -0.0449577246098479
-0.244990596181912 -0.00492407288915432 -0.0822440634423291 -0.106910963585726
-0.233702823688903 -0.0956469491167879 -0.0620755031376809 -0.134862859649556
-0.192113624697862 -0.189264376622832 -0.0547150423583536 -0.120631075672614
-0.129249653458626 -0.25798692896573 -0.0282106633844278 -0.048755918982674
-0.0543040447047083 -0.280406186882919 -0.007383610248704 0.0263765657061511
-0.00429623867587954 -0.270730391905363 0.00738814222506878 0.11976729387652
0.000670606816328491 -0.248442754120262 0.030348796186883 0.161539076972213
-0.0295407694134742 -0.221648470111418 0.0685894616380975 0.167473747070225
-0.0610081789253398 -0.180618069937394 0.0867653717231438 0.135236515013146
-0.107656866945437 -0.132759536719615 0.0676322159142735 0.100558845901066
-0.15772366983973 -0.0871952757236942 0.0198511723927949 0.0711519647273145
-0.204314583506599 -0.0230026995035627 -0.0288927735749034 0.0445770469598822
-0.201577628772012 0.0343872888512704 -0.0855170379803594 -0.00618288413033537
-0.211649022310972 0.0561219772885718 0.0210317356994473 -0.00903201095321811
-0.221276007389971 0.0272343507649508 -0.0117028305647548 -0.0743638021681235
-0.229332673675752 -0.030397577422546 -0.0424531877643504 -0.11111939916408
-0.207677635762161 -0.114818185383445 -0.0625799572528871 -0.122592322656045
-0.164069334205615 -0.197914458217795 -0.0779020791381289 -0.128835150463042
-0.109002893516803 -0.260453129764462 -0.0656331796526799 -0.106601703038068
-0.0421791339871217 -0.290322956326512 -0.0304869200197045 -0.0694745649227902
-0.00571519608096442 -0.296830521646009 0.000193335714985488 0.00832301320005256
-0.0182806113113377 -0.295864128969281 0.0213152935247239 0.06968833632299
-0.0764888650109307 -0.282910634868624 0.0511127016721137 0.125951701984209
-0.13768331426808 -0.231098125710886 0.0742133392307596 0.145103740732756
-0.198491123997766 -0.153785844082507 0.0718016137526593 0.145341484667282
-0.244637443614395 -0.0794376777827197 0.0437254924207361 0.107996569884551
-0.267126520644662 -0.00020873879576823 0.0281787429319593 0.0656953309011429
-0.238469517913113 0.0546813202897422 -0.00450574419217883 -0.0254664521058562
-0.183461559587772 0.0369078521982136 0.0993255088795025 -0.0342317720251456
-0.175105933926746 0.00177893706428432 0.0450253623322023 -0.0732328015742393
-0.162948379805463 -0.0521712019406494 -0.00642442089168759 -0.0849999761668917
-0.131766822223878 -0.109598983050675 -0.0543819931217117 -0.0895332755724131
-0.0945410102829267 -0.165003704176064 -0.0779527522691256 -0.119116095043117
-0.0634503630113104 -0.214217606940313 -0.0769339122729885 -0.146880577170986
-0.0226582186973348 -0.252064661659504 -0.0405563714638657 -0.152497955904297
-0.00743572597736607 -0.277768661776287 -0.00732134905951296 -0.104703332040373
-0.0383577519846519 -0.291434343288485 -0.00101633406598052 -0.039881592909346
-0.110750172009025 -0.285590996673788 0.00798528335379853 0.0589105450384053
-0.186187691463863 -0.225453361134776 0.0350567370413882 0.13185166501021
-0.244539874151161 -0.13217658901208 0.0663055106235676 0.170541748664566
-0.278883432009923 -0.0473992585771788 0.0773245249952987 0.123481860717302
-0.279238724302097 0.0282475277472219 0.101479193244841 0.0628043056377662
-0.235128878587234 0.069978491733729 0.0854461592214335 -0.0555620167454182
-0.131255084021438 0.0193384751684252 0.156458200751319 -0.0423505988695302
-0.109048339024068 -0.0129332818173788 0.0753009308227538 -0.0479999162912872
-0.0846409034331056 -0.0518144135811137 0.0089425660433207 -0.0423290157656739
-0.0545169082678974 -0.0768665423716147 -0.0475895727594702 -0.0465726455819367
-0.0311751685547898 -0.105200377650511 -0.062130487994026 -0.0921330724828116
-0.0214895912468548 -0.141068562317554 -0.0652001757024901 -0.160378489346024
-0.00677407724198874 -0.181628832786718 -0.0371063659766085 -0.209374198741982
-0.00803480273768878 -0.215885621693176 -0.013580388587803 -0.202078766161004
-0.0463832126186727 -0.232163894280306 -0.0323278239881093 -0.140553116469374
-0.110271485901713 -0.224168230493554 -0.0463722338235566 -0.00696880387212065
-0.171745077556347 -0.16734577556181 -0.0159262835166602 0.110736654353343
-0.214613629457475 -0.0853279315774983 0.0505879510468065 0.175175781480789
-0.23689519364394 -0.0151330508673868 0.105857107587257 0.1169939023899
-0.228169327030624 0.0428595074360951 0.166230279190636 0.0392895562194352
-0.186848088938784 0.0683302375629885 0.164113535033546 -0.0907049890927035
-0.0684887519237771 0.00790458347719102 0.187790199071556 -0.0388239281003309
-0.0481392333920891 -0.0115957292202297 0.0817232688153769 -0.0195894425267462
-0.0320433178619027 -0.0308353950277583 0.00467910124070685 -0.00813422886187255
-0.0137476953206766 -0.0342266864456011 -0.0482143767731261 -0.0128963206351657
-0.00212186525133939 -0.0466293852492929 -0.0468924871546381 -0.0632308034083657
-0.00365024015963459 -0.068026033395937 -0.0469675779349772 -0.156731833336879
-0.00113824377908883 -0.0964653003885435 -0.028792393916671 -0.240513930021972
-0.00566371560266158 -0.12083847012521 -0.0187324741145131 -0.268191930180283
-0.0358136171616885 -0.128836280080907 -0.0601216374775298 -0.209571486561628
-0.0709899300732815 -0.119846401404744 -0.0910972775714899 -0.0503509080526497
-0.101127230705165 -0.0840610092522844 -0.0557733394185031 0.0934951983327001
-0.123039665725727 -0.0358610687226258 0.0346834293203002 0.168918474092566
-0.134032718018332 0.00198912620589351 0.121528077676719 0.102006283399122
-0.128133081330021 0.0327666893270194 0.205431971902875 0.0101844572226748
-0.102457263941513 0.0440815711286888 0.213801868434209 -0.117617585591982
0.00467071578331609 -0.000813303550878804 -0.201107191661098 0.130188693544129
0.00269670059464984 -0.00313166872264727 -0.171798621118369 0.0474191560293537
0.00962258933371046 -0.00587944244961201 -0.126779110190949 -0.0494376753322034
0.00690443696253691 -0.00501774668423895 -0.0451796627957434 -0.116392733098856
0.00802648056260718 -0.0012217168217157 0.015548001015958 -0.0798747162264576
0.0100649407418221 0.000567807166935996 0.0544631500229591 0.0527459239382843
0.00746221173760392 0.00665867257106106 0.0292080538773605 0.191459613462932
0.0078234233009535 0.00613696285876575 0.0056848963607613 0.280255559687701
0.00418429905393857 0.00640870813177107 0.0196460290851052 0.251981433237166
0.000415913143750411 0.00478129249679723 0.050867488170033 0.153091497242437
0.00213891339366915 0.000867268182429569 0.0519327239398866 0.0615965830792469
0.00486977262027269 -9.1796841428272E-05 0.0508525170190083 -0.00496061270774922
0.00640544793756562 0.00284573246680109 0.0140460901403069 -0.0145356123896561
0.00147222726763951 0.0043950998121469 -0.0740243088794592 -0.0272359913755473
0.00126898801667437 0.000409594376603303 -0.193978402693743 0.00725112675178286
-0.0839594767804657 0.0318960144548398 -0.18186691891852 0.116226350441799
-0.0935425208804609 0.0223061199989136 -0.162595182819712 0.0354475524553618
-0.100099511400232 -0.000927286230671377 -0.119761211161065 -0.0574824386517417
-0.0974177398450143 -0.0397694917969633 -0.0424677261660595 -0.118288819236534
-0.0789732617493829 -0.0788483361708665 0.00744248065121024 -0.0843343136371577
-0.0507411795377499 -0.108832260770845 0.0477059322001214 0.0434948950529236
-0.0194887623053385 -0.11280891408177 0.0291471160374114 0.170457570805192
0.00570294765459632 -0.102186735724568 0.00950436453131074 0.261618802573464
0.0116662860402768 -0.0788564382269486 0.0189775357613083 0.243451743860171
0.00762781610825871 -0.0552707752643705 0.0502800152681116 0.157762328799106
0.0118426339184911 -0.0417207442107392 0.0566033803392572 0.0728298370695815
0.00327698659197089 -0.0355981053359224 0.0509880590809981 0.00977464068826583
-0.0165909671533899 -0.0311606298413089 0.0132422697327538 -0.00410753213648959
-0.0522903158868882 -0.0153927374340541 -0.0686963098306797 -0.0168153383063686
-0.0675380334481442 0.0043579308314061 -0.179473159500707 0.00404928834947639
-0.155460228897621 0.0547502000079637 -0.130436277576173 0.0796018971911556
-0.171595335307138 0.0407895096743408 -0.128289579943926 0.000127801507599439
-0.189332438467236 0.00247756986195989 -0.104090152999199 -0.0788315432656508
-0.183860090173458 -0.0689786480042722 -0.0501170949100764 -0.125533682144368
-0.152108516742379 -0.143017482978837 -0.01942901623644 -0.0981146205504316
-0.101438940261632 -0.197330841164937 0.0165615574666416 0.00894018449713416
-0.041161301588552 -0.210722225928411 0.0138324897423598 0.110938867920557
0.00304961134176977 -0.196200907258893 0.00896033924664236 0.204000965122379
0.0140057220959252 -0.164378657388832 0.0243212149838613 0.21358834208719
0.00323786828276841 -0.13048345648829 0.0592282656636663 0.166715385750647
-0.00204730033565324 -0.103009805692416 0.0700251774072257 0.100910768536829
-0.0273398421899329 -0.0827455999975532 0.0550708275171419 0.0457090655714829
-0.066211770707198 -0.0653325497639369 0.0104751763228686 0.0245353075693455
-0.119056711667322 -0.0280978798355696 -0.0593641047892536 0.00841405555149127
-0.135158742284 0.0130678952720971 -0.146477109453567 0.000309570327139988
-0.19768284033486 0.0599775415141332 -0.0557077062984899 0.0341505527550799
-0.214963041876883 0.0408264173204481 -0.0715567785244335 -0.0418278589867553
-0.234212326125664 -0.0084662851705071 -0.0753154765678621 -0.100397531435109
-0.223680804144052 -0.0956980649672701 -0.0581416473223956 -0.128940008996803
-0.182720894987224 -0.185019224038388 -0.0527816384275066 -0.114146291989839
-0.12127291233947 -0.249882852459525 -0.0266766930749035 -0.044132091844212
-0.0464872771657952 -0.270054243673338 -0.00987949837830177 0.0259661898362503
0.00144763848651602 -0.261124031769288 0.00528390093679079 0.115063309999632
0.00554261020715787 -0.23961379824657 0.0269041694588857 0.155109066805344
-0.0244429598866907 -0.214359188514864 0.0633198557524672 0.159270049398751
-0.0550551508776961 -0.176872886597237 0.079999719209648 0.127846305741061
-0.100758486867179 -0.131331188865062 0.0622107256277835 0.0935910094262625
-0.149471545597792 -0.0865764388103647 0.0166884222149769 0.0644818721231631
-0.196014367475426 -0.024848419715695 -0.0312792676954658 0.039403410629785
-0.19305163581356 0.0281159208705916 -0.0894943849959494 -0.00840481084446844
-0.203301239894909 0.0491572023082926 0.0281422477629341 -0.00547262337757604
-0.2118324191844 0.021744171606588 -0.00676983248490528 -0.0692544030980797
-0.219137319714748 -0.0331934240788696 -0.0356910401112598 -0.103464355445692
-0.198656452773427 -0.113593315424167 -0.0576745675756197 -0.115864604224574
-0.15519162991547 -0.193467668877517 -0.0748378181955793 -0.122887821828472
-0.101547546727441 -0.252597474495392 -0.0616824086376227 -0.0997210813701035
-0.0350542747907941 -0.28057392959558 -0.0301523857311014 -0.0661308667976912
0.0001706704762755 -0.286501778234149 0.000795019205934186 0.00808507007466453
-0.0114309652599248 -0.285555117557051 0.0198054544097431 0.0665759097196802
-0.0685783100610673 -0.274410848781864 0.0474938047402661 0.119138958418608
-0.128083678193579 -0.225994965250438 0.0679863349496481 0.135666014065907
-0.187413011308504 -0.152211237314132 0.0668302613723817 0.137115534337425
-0.234006449830093 -0.0798967856491871 0.0394545391680343 0.100870069928917
-0.256275548001433 -0.003472360471521 0.0237433745225801 0.060328206215085
-0.227266223949649 0.0478905350782317 -0.0120724316165682 -0.024991391184683
-0.175839050243302 0.0314590599813007 0.102975310359696 -0.028856316233656
-0.166951671983946 -0.00241135548497189 0.0478481828660038 -0.0669342522332723
-0.155185425798768 -0.0533836653074701 -0.00135441830045509 -0.0775345323723464
-0.125014756298438 -0.107903722211655 -0.0497998148360622 -0.0835325910131718
-0.0888993891406259 -0.160834810505063 -0.073212909300714 -0.113091776730527
-0.0585492579773222 -0.20765779853084 -0.0716272652437187 -0.139013992351664
-0.0173949796734677 -0.243356535641593 -0.0370966500329999 -0.145721256705071
-0.00145923351752186 -0.268956541855383 -0.0033455975329187 -0.100642123294812
-0.0307828719347507 -0.281384812046996 0.000214777689025986 -0.0383600059829984
-0.101813171299799 -0.276749344808843 0.00716904241943557 0.0546346347432454
-0.17536387205519 -0.220273239303137 0.0310517946797076 0.123422927598106
-0.232517227425044 -0.131702647870351 0.0612311980188607 0.162373825742845
-0.268358283650588 -0.049204653498849 0.0719610382835617 0.117086987842186
-0.268480549160321 0.0237310815901662 0.0932669554470409 0.0591663429740723
-0.224150105225707 0.0624740226445676 0.0727740522008561 -0.0522970545740019
-0.125145416948356 0.0157851127368916 0.156965619808037 -0.03586415687069
-0.103007514552343 -0.0153197853147882 0.0767093103424538 -0.0420132951664293
-0.0798401662573457 -0.0514213098953983 0.0127960436458579 -0.0364175712697007
-0.0510801616649506 -0.0744236229268828 -0.0429012900008516 -0.0416532804621541
-0.0277609060414969 -0.101743334987136 -0.057241016909642 -0.0876820513966691
-0.0196728525848115 -0.136157317442666 -0.060148493380301 -0.152608348655895
-0.00297315736422178 -0.174950338560044 -0.0327256568642006 -0.200797856233177
-0.0037357997884897 -0.208810291781506 -0.00841732116278503 -0.194026434571243
-0.0398079440346878 -0.224138228121839 -0.0279749759891681 -0.135565579571062
-0.102203348888167 -0.217273059637707 -0.0441615066356317 -0.00915886753002024
-0.162027928165113 -0.163879150810618 -0.0170925410266455 0.102818474965677
-0.204443650671689 -0.0854155400584092 0.0475915542017826 0.167578237602213
-0.227874175303387 -0.0172793266091401 0.0992377063022282 0.112884847996364
-0.22007856461797 0.0390434725791544 0.155854116673934 0.0377792647454683
-0.178570846939549 0.0613708963409859 0.147840688407594 -0.0842902821242404
-0.0645712932102371 0.00584905827249286 0.1865265808767 -0.032108334236156
-0.0448872222277278 -0.0132770610570219 0.0823006855562197 -0.0143199866402859
-0.0299702458570313 -0.0303695805090531 0.00802308342296344 -0.00357849568903537
-0.0120171824734728 -0.032567422563659 -0.0433151418354417 -0.008787423035949
-0.00134144555673276 -0.0450103322352502 -0.042654003064122 -0.0600506480240334
-0.00341478213371582 -0.0649546228745788 -0.042491298432943 -0.149490199876763
0.000498269084939051 -0.0929988967579758 -0.0239013002334875 -0.229686121024556
-0.00288837398572277 -0.117001273106118 -0.0124226668430191 -0.258246079407125
-0.0313204507104705 -0.123557605617773 -0.0526777804786671 -0.201505157534493
-0.0666011756018479 -0.116609793398683 -0.0860569072466032 -0.0504779342461495
-0.0956462168455247 -0.0827649986403547 -0.0548552386021876 0.0863540623754155
-0.117070565590869 -0.0367400390139707 0.0321880053278257 0.160731332074238
-0.129472436860743 0.000555142981779933 0.114604071132782 0.0989071987720265
-0.124060874680556 0.0304145376575619 0.193121829362832 0.0106464234988283
-0.0975373885960436 0.0399056820902632 0.195966797518522 -0.109052617415495
0.00527189343569242 -0.00130340507912302 -0.199711078478556 0.123487257383525
0.00318278205624703 -0.0030867225648676 -0.17084730254783 0.0394622245784651
0.0107235796414059 -0.00601813878563557 -0.125292020255359 -0.0543652889639511
0.00724223124513286 -0.0053054765029116 -0.0419978891537641 -0.117898423003759
0.0079359873911349 -0.00101158059321908 0.0171399849564255 -0.0781401505167754
0.0100739890139155 0.00113655239832015 0.0510443936518123 0.0565909962325159
0.0080193282132983 0.0075042690423356 0.0170772612224188 0.19756870449183
0.00746064558463286 0.00609301908847073 -0.00776943104658805 0.284508525474684
0.00379923579580984 0.00657771785611453 0.00888800441861613 0.255748827471184
0.000135282342320445 0.00515144033484974 0.0446861257003906 0.154794296700085
0.002048389952935 0.000730288732572806 0.0488952260314507 0.0631253047045007
0.00449998412768928 -0.000660384521977987 0.0484294577750165 -0.00699244488165589
0.00639440605856364 0.00341084536486979 0.012291353465325 -0.0186289211324017
0.00183164974656002 0.00473240212936467 -0.0771418982724942 -0.0335729333125015
0.00113730768838417 0.000651169592910917 -0.202249891821817 -0.00311895191643189
-0.0854232428097511 0.0280421254463659 -0.17914088907969 0.110707172669419
-0.0954668107325265 0.0185883230086261 -0.161458436930326 0.0288685016575785
-0.100926212330858 -0.00522906196286252 -0.117003033192605 -0.0623786502421332
-0.0977493312273942 -0.0444337479140606 -0.0394902074110733 -0.120701526395553
-0.0775234479427119 -0.0836433395684298 0.00919537774217858 -0.0828919196319837
-0.0470162035163011 -0.112310220749798 0.0454107490037179 0.0478449008943329
-0.0140468704669652 -0.115126527476319 0.0183663941062165 0.174932405114003
0.010356810840091 -0.104257290085097 -0.0028740574017673 0.265827353749498
0.0156367299170288 -0.0798076312148533 0.00898856411135684 0.24605139383735
0.0110142633902319 -0.056045761948096 0.0442664093938584 0.159388282958667
0.014211213031805 -0.0428843770216639 0.0529858992107951 0.0736707622737123
0.00506659156375828 -0.0370923319271286 0.0486359783138541 0.00856727338048077
-0.0151018328254794 -0.0329868695885642 0.011240177060664 -0.00776629951713085
-0.0518092070688445 -0.0170900522021147 -0.0719839091332022 -0.022782034360481
-0.0680435350417139 0.00122488756789572 -0.187343784543576 -0.00538182528821228
-0.159394315497224 0.0485638954128884 -0.126142660971051 0.0768457970512823
-0.175459118927355 0.0335017334695328 -0.124914222988268 -0.00396356526001104
-0.19166186215947 -0.00555201100321264 -0.0999594266050478 -0.0822766991588739
-0.183953527966695 -0.0776605593843927 -0.0467861689185088 -0.128288214199673
-0.148808625609592 -0.151335679425569 -0.0181844244709799 -0.0975679296873864
-0.0947938915515575 -0.204614990184775 0.0155529472026121 0.0124372120033861
-0.0313926567364377 -0.215780483625482 0.00616612645349954 0.113868462723464
0.0123727725968628 -0.200252342454798 0.000251871912436421 0.206940329856644
0.0218723789549429 -0.167097597124504 0.0148802194504141 0.216525131258954
0.00951038721979216 -0.132931391208255 0.0524766020566172 0.169540774175373
0.00270371210451071 -0.106728071707023 0.0652221589494999 0.102184778533486
-0.0232919026081721 -0.0861030341848383 0.0516486263148776 0.0446013750485037
-0.063983318231921 -0.0697915929383875 0.00768478462789801 0.020810995968119
-0.119038647504704 -0.0333092538131401 -0.063725381490981 0.00335065064972819
-0.136180787112204 0.00596568334520923 -0.15419278397412 -0.00764672177741155
-0.202105153020041 0.0515733975679953 -0.0486486767716535 0.034650497691225
-0.219502697267961 0.0314487733129413 -0.0668244281927136 -0.0438393770370333
-0.237156039377637 -0.0193623331695039 -0.0691185445309823 -0.102073200877866
-0.223140032302707 -0.106771349234863 -0.0544097015887649 -0.131382542269661
-0.178612467565548 -0.195385681295646 -0.0503441340123983 -0.114941301799487
-0.113260038047357 -0.258844910565265 -0.0251112286731723 -0.0423592475523906
-0.0343083869366895 -0.276790241230619 -0.0137206136029582 0.0270601539741043
0.0130221311562081 -0.266072360707962 0.00114695512373786 0.117095208903146
0.0168444267794483 -0.244424990437545 0.020251187952446 0.157760883506965
-0.0158073630393161 -0.219445216019887 0.05729980668288 0.161968665811488
-0.047839939927017 -0.183988660858775 0.0738485166286903 0.129458779021188
-0.0958830617570864 -0.138850669314418 0.0580961720508801 0.0934519767865881
-0.148183493759962 -0.0948961212370718 0.0130387578376651 0.0616908927989714
-0.197334781077946 -0.0324743888650151 -0.0359333842272536 0.0355785175887623
-0.194806819910376 0.0189342932868602 -0.0975432911928097 -0.0127041786259207
-0.207597049815901 0.0402860828765164 0.036809066545629 -0.00144752954485751
-0.215017395092053 0.011864181244822 -0.000191746406164528 -0.0684148818529775
-0.220587921184098 -0.043552786529256 -0.0291195330666273 -0.1028256026554
-0.196351411270361 -0.123820828082483 -0.0532879463315686 -0.117753340006486
-0.149920930239325 -0.202773438499786 -0.0714055947151153 -0.12466174145869
-0.0929496005789004 -0.260801379488737 -0.0582004604095683 -0.100235276415336
-0.0225740077138588 -0.285963548116319 -0.0291197306429246 -0.0671489401166136
0.0128552392689613 -0.291689201246094 0.00140357070367305 0.00823985416002553
0.00204321731610824 -0.290551605350393 0.0176319316550547 0.0682807346227522
-0.057921439331649 -0.282037683496141 0.0431959431659687 0.12104790830137
-0.120590971350358 -0.236528423803008 0.0621629859954332 0.13735049179196
-0.182628914227798 -0.163126355325748 0.0613864688281321 0.13842326855491
-0.234510730320641 -0.0907421670339189 0.0346499835410243 0.100608684027985
-0.259878798613815 -0.0135141473654751 0.0182914393344126 0.0597786097451603
-0.230841903301719 0.0369243984110815 -0.0197107866537891 -0.0264085503639876
-0.178107495950443 0.0234087532967296 0.112965334416388 -0.0223438438409932
-0.167959967428959 -0.0106840199352888 0.0549507506856723 -0.0635592086277171
-0.154480207200764 -0.0616931292262243 0.00542134964244838 -0.0748206355617717
-0.121652097841528 -0.114737908619553 -0.0451842686300884 -0.0837138555078357
-0.0834566494175877 -0.167428893530833 -0.0697453701468183 -0.1159591384667
-0.050741371990496 -0.213472686099069 -0.0668265142936372 -0.141160884901862
-0.00597054647165596 -0.24865336954528 -0.0327003020628043 -0.148200996585151
0.0104112948004311 -0.273395751022009 0.00199644566867309 -0.102276786014804
-0.0183803532103399 -0.287584122210029 0.00259158185723765 -0.0390866005823371
-0.0910327360242766 -0.285772373789634 0.00539043243424628 0.0540203452471727
-0.168061194256262 -0.232399650278895 0.0254616837964687 0.123301844804138
-0.22992053638562 -0.144040223077067 0.0565350695586734 0.164607059824668
-0.27089275358547 -0.0612985314498776 0.0666358197388726 0.119809291974754
-0.273678698286824 0.0145693689645125 0.0888880589870053 0.061455303253579
-0.228005579355383 0.0523429903495441 0.0664724942824883 -0.0498970325455568
-0.126442258031419 0.00923520785837855 0.166255639634711 -0.0268953696602578
-0.102478927242665 -0.0222945399514274 0.0833649541812545 -0.036726708359641
-0.0785382459977537 -0.0557938008534958 0.0186079669483045 -0.0325439262056227
-0.0475865604716209 -0.0773117974169394 -0.0395355501140344 -0.04019701004443
-0.0239695426444893 -0.105006571537638 -0.0535545783334359 -0.0892360671453987
-0.0142736376764104 -0.138739194171318 -0.0541593198904635 -0.154882754427044
0.00515994010919406 -0.178266701387151 -0.0246360417873794 -0.203068974745761
0.00591194840041814 -0.213326144702591 0.00168028619460892 -0.197637713174918
-0.0293756888668446 -0.229292202053999 -0.0209647729478335 -0.138227519528197
-0.0946623482203485 -0.224769644767212 -0.0432287124142876 -0.012635078193594
-0.157441637672765 -0.173793061915883 -0.0220497796071988 0.101126246619517
-0.203443553286717 -0.0954386199755908 0.042434572355361 0.169674868510813
-0.230851807604749 -0.0259624307961402 0.0951396777983929 0.116688988204906
-0.225078070217302 0.0315936923079955 0.152627025556301 0.0424755135810636
-0.181879677449798 0.0533918317922349 0.143020845814959 -0.0781399769826182
-0.0650581743374761 0.00204260919329302 0.195571021514937 -0.0220829935774715
-0.0440400097449448 -0.017276102536863 0.0881077605807076 -0.00825164758148608
-0.0292018120430421 -0.0314284283157191 0.012105668334132 0.000501470481499089
-0.00981581675585306 -0.0324146548602051 -0.0411065729367532 -0.00637063277815461
0.00101144757312742 -0.0459085592931077 -0.0392312465582947 -0.0606055601707185
-0.00103478006684453 -0.0654155959979923 -0.0368878204655649 -0.151643986798367
0.00511014138616209 -0.0942846432036049 -0.0134496783162209 -0.23275137975221
0.00250902461829292 -0.120192839775203 0.0010638149384904 -0.262470937795737
-0.0250482779833462 -0.12682505721445 -0.0430289552554951 -0.206334383993816
-0.0622772709954333 -0.120468961305046 -0.0839312337597431 -0.056272476565634
-0.0934882343295743 -0.0883655337425755 -0.0595660548466346 0.0832704399064563
-0.11650634232813 -0.0422570459572835 0.0273317721953154 0.162876315965312
-0.13186668802433 -0.00410089971897751 0.111138697260539 0.10400029274615
-0.127125394195041 0.0268128146265128 0.190915651442675 0.0166912700758874
-0.0989727106568764 0.0345956403483424 0.192059769186034 -0.100947335811542
