TRXV5
3
4
4
9
string Extension=J
integer IsArchMeasurement=1
integer IsSpherical=1
string Generator=SPM
string GeneratorVersion=1.3.1 Dev
double ArchRadius=0.449999988079071
integer FrequencyAxisIndex=0
integer AzimuthAxisIndex=1
integer ElevationAxisIndex=2
Frequency
5 201 800000000 900000000 LIN
Azimuth
7 8 0 2.74889357189107 LIN
Elevation
7 15 -2.74889357189107 2.74889357189107 LIN
Polar H Real Part
13
Polar H Imaginary Part
14
Polar V Real Part
13
Polar V Imaginary Part
14
Polar H Magnitude (dB)
12 0xC0000002 0 1
Polar H Phase
7 0xC0000003 0 1
Polar V Magnitude (dB)
12 0xC0000002 2 3
Polar V Phase
7 0xC0000003 2 3
0.044820771150748 0.0329038642201893 -0.0294762333084706 -0.10645000636302
0.0474232873725672 -0.00331547058250938 -0.112364980275681 -0.0224822477378261
0.0105181430081953 -0.033819767083905 -0.0894312540279717 0.10395468482264
-0.0213392347117744 -0.0258985153140305 -0.012884020077021 0.130692123225449
-0.0315075323090422 0.00923440243916456 0.0424433003368297 0.107261011969462
-0.0125490866772662 0.0307097708501915 0.0509569339946996 0.0681355539733316
0.00379608043896263 0.0310056265175688 0.0325569045194953 0.0533075663987229
0.00778478665965911 0.0255955047710456 0.0052240715683977 0.0629982373814107
0.00647968522391696 0.0264271772474172 -0.0428692874598611 0.0724377117791375
-0.00843356467422374 0.0178200424063854 -0.0932961571858048 0.0382563394294697
-0.0132348789811546 0.00252392472660846 -0.130138615859283 -0.0520330371282283
0.00763397318647073 -0.0196320243855268 -0.066320385872596 -0.14783340517912
0.0331949305869807 -0.00427284289203998 0.0471555520807749 -0.166082970938798
0.0317758468484812 0.0231385562598737 0.105905265648647 -0.0971329872775554
0.0192181801688617 0.0450948166877101 0.0801445056952508 -0.0617249670593306
0.0394617503971025 -0.00643541752566332 -0.04847866163487 -0.0944612399506109
0.023389919787053 -0.012769903881982 -0.099699064172326 0.00756339473491895
0.00516176246317778 -0.0167408677726117 -0.0449029848034702 0.103866246301093
-0.0035838779286179 -0.0167519453388169 0.0185358379167849 0.104087064702145
-0.00998709101463743 -0.00789750778163208 0.0512074972127411 0.0793701456097802
-0.00505555176903154 0.00102163859427998 0.0535159493759062 0.0517716566192614
0.00307064735842908 -0.00119048015814408 0.036751914331692 0.051064509646094
0.00835750191761889 -0.0032702814822508 0.0096209608734637 0.0675604441988514
0.0133780877065398 -0.00207770390272079 -0.0473382454871333 0.0734038547434252
0.0108074924478064 0.00281585239155446 -0.100938757014148 0.0216786564910564
0.00721626286096738 0.0101181872942836 -0.11971237236951 -0.0907390838574673
0.00611226741994776 0.00508196973724797 -0.0199082258820347 -0.176903900779783
0.011803975093811 0.0053230923164109 0.11162933872131 -0.16139611952159
0.0194868758311093 0.0085655893577873 0.145221454500958 -0.0725027992190187
0.028005818994519 0.0159392829372968 0.087512853961034 -0.0599075549572995
0.0242560308235502 -0.0402389918834331 -0.0612064196708306 -0.0702154172464552
-0.00374151460015325 -0.0135124482002956 -0.0780080736184682 0.0354607302900869
0.000220851391033158 0.00145259880219872 -0.00429442652736713 0.0924200252532678
0.0120927910503615 -0.0100497007212363 0.0413721515938623 0.0705044024207658
0.00494250489576896 -0.0245050364371188 0.055433262375998 0.0447679329000377
-0.00361989082573029 -0.0242465905732704 0.0528212781426078 0.0287279415460602
-0.00124297460101027 -0.0296347710648059 0.0380791518066831 0.0386527921889346
0.00778744180973864 -0.0307914649292608 0.0126571868948916 0.060577298060282
0.021597030893766 -0.030896375274826 -0.0475487533143673 0.0656444674005725
0.0331149606600477 -0.0121534826722343 -0.097097318492945 0.00443521997113107
0.0285054059548622 0.0212432602676202 -0.0947170794738209 -0.114391248597715
0.00204267670774486 0.0304350402704352 0.0254426555454831 -0.178013658319185
-0.0112639862464688 0.00905027457678401 0.157536020136433 -0.132494313822859
0.0123880969677765 -0.0113259698319332 0.162343229045442 -0.0402098617936579
0.0378676004352997 -0.0132122609601543 0.0843641837737 -0.0494025980384311
0.00518291187181373 -0.0658471590707435 -0.0625778022524651 -0.0386984473006388
-0.031210848453588 -0.0119008652521905 -0.0528677961021445 0.0579566632061254
-0.00701576089413563 0.0213254464192699 0.029426727578672 0.0791189172808543
0.0219046119522752 0.00221885102528569 0.0607172576381433 0.040384652875568
0.0181422744262428 -0.0314806179565335 0.0579055423035363 0.0127724944025514
-0.00095763761959883 -0.0422827222143431 0.0501682897913778 0.00422426771631748
-0.0045910303551384 -0.0515439374937119 0.0370810947053587 0.0208594665445571
0.00681310082190309 -0.0536705364418148 0.0149997359326182 0.0432210298584857
0.028471616796845 -0.0573339829331443 -0.0415099015398116 0.0484328471268445
0.0525454931648382 -0.0279464767365383 -0.0803093829369119 -0.0121981074323553
0.0500723311794739 0.0265435953186931 -0.0618757928166823 -0.120859258957983
0.00250954737325978 0.0519334548840476 0.0576068784803607 -0.156866636301685
-0.0299261359599813 0.0137528564240309 0.173201894770095 -0.0952982521881864
0.00222862062428303 -0.028932154477036 0.157661189113289 -0.0111804112744476
0.0428225144123027 -0.042465759683673 0.0658772043139862 -0.0327736452031992
-0.00982133022156351 -0.080893577617743 -0.0605425316664714 -0.00769705199212291
-0.0504683913544752 -0.012625394314298 -0.0345395516549292 0.0760333283449489
-0.0175562732319836 0.0350451833199316 0.0517625578151549 0.0746925561603523
0.0246243670736392 0.0162842283273984 0.0775466397225166 0.0256788840122537
0.0280990353173673 -0.0303328183869792 0.0659518223269105 -0.010217322697107
0.00322978244510707 -0.0509536970451156 0.0506317480732515 -0.0184147366475329
-0.00549957576965393 -0.064721790765068 0.0340536231409796 -0.00156122534419441
0.0049916833000892 -0.0677945003149932 0.0143342124042999 0.0185940466063438
0.028638894776571 -0.0765378568925355 -0.0331637114116828 0.0246193431182027
0.061852172500259 -0.045276863848608 -0.05969111098773 -0.0286369200432566
0.067840707331166 0.020626035590119 -0.0340431461057272 -0.120317571070372
0.0131368649330927 0.0643627436839995 0.0731499923426021 -0.135332500451712
-0.038682330337682 0.0224356411953791 0.169859982799941 -0.0692016312938469
-0.0115183677636175 -0.039763180248465 0.138956746251415 0.00714625427851568
0.0384156727387786 -0.0656750741583893 0.0412747456926408 -0.0114396816111892
-0.0190605427841808 -0.0854293767880541 -0.0588329127809895 0.0211261352596312
-0.0610544402012147 -0.0193057149309885 -0.0290153085822188 0.0930307998849378
-0.030516234842 0.0405147315098642 0.0623925652084466 0.0854816380214354
0.0204281485855272 0.0310718093254638 0.0949715585149072 0.0307369778079738
0.0354861908047186 -0.0213029638159651 0.0823360785323352 -0.0197901258463023
0.00926122593595168 -0.0513652280460206 0.0572996348040288 -0.0373108017103249
-0.00419380794911379 -0.0682441850874582 0.0330539016369771 -0.0252738534924503
0.0028940365295605 -0.0718680046056692 0.0114708728715102 -0.0101305030593266
0.0222261478725932 -0.0842259399620722 -0.0259214415557702 -0.00359094090903208
0.0576027710182948 -0.0598000949935809 -0.0423560527622726 -0.047221749137715
0.0743712855781602 0.00418426797729418 -0.0155225203988041 -0.123002972788809
0.0284838440560669 0.0632602111356777 0.0759218906985719 -0.12577749375105
-0.0376256331468576 0.0326485466100634 0.158270148368181 -0.0624359438495324
-0.0289985128531293 -0.04003502042778 0.122593636733241 0.0158856294876826
0.0210633364006068 -0.079274288374472 0.0188965414849666 0.0160286965851562
-0.0213158566870314 -0.0804117445080841 -0.0625299431286102 0.0437670044705371
-0.0600937742951959 -0.0299855859193861 -0.0432641857451531 0.106770124166513
-0.0437724718509626 0.0351893699907244 0.0521704082555702 0.114492349416515
0.00917420692466842 0.0401719741024125 0.106287676920523 0.0613146962105252
0.035419280515482 -0.00729018454214737 0.105553914774393 -0.0106105630299637
0.0142119646339834 -0.0430021251588432 0.0720921756269394 -0.048065405529035
-0.00088771226908267 -0.0615961950876378 0.0344691791050013 -0.0474025938336711
0.00037607421110971 -0.0649958166640221 0.00743361370517153 -0.0375434032827409
0.0127579064998385 -0.0776270632359508 -0.0237938606800913 -0.0307752264852326
0.0419458189892042 -0.0631134816083761 -0.035095480078535 -0.0650350081428199
0.0648460977340753 -0.0123692831255058 -0.0121342233775944 -0.126966594148068
0.037194971219027 0.0492494907425358 0.0654094159234194 -0.128865179067836
-0.0293919188281522 0.0398106585194202 0.141703544222811 -0.0726340054472116
-0.0432359135237564 -0.0301587469374245 0.112903239316537 0.017853620581968
-0.0018045414593016 -0.0769324977352628 0.00772301751289982 0.0460361443159833
-0.0220535680239011 -0.0648958985385859 -0.0705610376026224 0.0569690953064933
-0.0488508762265973 -0.0369877612493427 -0.0744320229560514 0.11036529221517
-0.0493563188568475 0.0189393115082955 0.013493923710493 0.151173924903858
-0.00594787014004003 0.0360238886218586 0.0993698308045098 0.110977872540282
0.0242191254225898 0.00353181933369067 0.127789432453062 0.0194551807371962
0.0119796489370638 -0.0286442561343851 0.0917952841258541 -0.047142266943677
0.000164090728127294 -0.0450635281735871 0.0402735658804326 -0.0649255844725542
-0.00140609847071458 -0.0473218968752747 0.0023922254901851 -0.0593961693277997
0.00367127243839835 -0.0569606598795953 -0.0273524944286318 -0.0512672002662037
0.0227223788031767 -0.0502823532388066 -0.0378443580585907 -0.0751270329848184
0.0439343529516112 -0.0171348930969478 -0.0222225049878366 -0.125949098209417
0.0306309607273647 0.0326949774207806 0.0429806616316698 -0.13360341893942
-0.0210114980390374 0.0377780231676027 0.115901645000553 -0.0912731360283797
-0.0454698813419198 -0.0158177345379725 0.108019976299786 0.00939436146011728
-0.0210923464095623 -0.0585029424441266 0.00920558835097241 0.0709053112533856
0.0459185129322853 0.0324352913773277 -0.0316466818217871 -0.107373408101014
0.0474040670418857 -0.00401293395804844 -0.114507813775797 -0.0206319784029057
0.0102124886425405 -0.0343612248853776 -0.0893795593221859 0.107294343717711
-0.0220327990304605 -0.0255104836046842 -0.0106732711305702 0.133155128307415
-0.0318459969716939 0.0100744421675746 0.0448859994831346 0.108535996054418
-0.0118013349461896 0.03113938562616 0.0529210753792045 0.067762201653309
0.00473837012997531 0.0314995346062035 0.0334952010388143 0.0537745750161427
0.00825951150162911 0.026023506905578 0.00616845089226931 0.0637606350759865
0.00726784091216891 0.0266922870050708 -0.0421769821038553 0.073612269672502
-0.0080156938369708 0.0182366492826233 -0.0943134082408544 0.0390594693250024
-0.0132457385813936 0.0033356268656885 -0.131964191674123 -0.0508194389311914
0.00737103792759569 -0.0196718851858501 -0.0687581552848889 -0.149944035384289
0.0331253946109877 -0.00466873424564731 0.0460686963831852 -0.169698653188895
0.0317863249558171 0.0230910988486189 0.106229645826275 -0.0999529976221015
0.020039250261187 0.044840910460117 0.0806181832489471 -0.0633824639351756
0.0397997427458854 -0.00723365781190245 -0.050568671513791 -0.0946179786519998
0.0229246331021676 -0.0130394953803514 -0.100928982589176 0.00964991023572243
0.00518779384770251 -0.0167584753446629 -0.0436358501649263 0.106268310979797
-0.0038742779253278 -0.0169428307393828 0.0208142627048786 0.105153586716722
-0.0100047468152022 -0.00759558178744555 0.0534662818232533 0.0794592243096874
-0.00482149226670224 0.00128319899546549 0.0551201334456899 0.0518479458292926
0.00293234515802657 -0.0008761629939206 0.0378973620649326 0.0510966687337913
0.00876982546202688 -0.00350896112864728 0.0104179246229949 0.0677879289377584
0.0134438246628762 -0.00212803032879879 -0.0466472452300079 0.0751570479131801
0.0111400352467814 0.0027402952226332 -0.101965774277877 0.0228201670971769
0.00735256819760297 0.010906766029288 -0.122442546292505 -0.0903782823080879
0.0064246039364267 0.00502701095028783 -0.0229452102590101 -0.179702362482626
0.0114914433510399 0.0056731208234282 0.111710383035364 -0.165039515581741
0.019863643474758 0.00818626232312638 0.146090279758513 -0.0757786644665161
0.0280242724783432 0.0156037776580228 0.0882659152424005 -0.0610454534061419
0.0242095790501202 -0.0409147569294585 -0.0634331566360111 -0.070133928779124
-0.00389585016635934 -0.0136976894589132 -0.0785822177039549 0.0370831442403046
0.000531538812360153 0.00213629429288654 -0.00280525014879335 0.0936536886486837
0.0116054615641781 -0.0104741129086077 0.0438964143138603 0.0708433249286278
0.0048613460941568 -0.024495425914535 0.0572172435943156 0.0449095430932172
-0.00361240166141075 -0.0246131235564627 0.0541051588717258 0.0281486095484764
-0.00143255559623614 -0.0299603174656094 0.0387340623635455 0.0386150128821189
0.00750278221209752 -0.031494568508803 0.0139122286922684 0.0607563211119992
0.0217943830878708 -0.0319487510970581 -0.0471080274030136 0.067409496752338
0.0332089832162933 -0.0125332673609298 -0.0980077452331011 0.0058296750850784
0.0291452283604751 0.0212708592934983 -0.0974557411845715 -0.115017117470206
0.00195060803195505 0.0306213982032345 0.0236454419733133 -0.180939734889136
-0.0117680126229093 0.00909403209806709 0.158603649187672 -0.136423026297656
0.011991969497528 -0.011858715592257 0.164706658307247 -0.0426191295268848
0.0380942570861791 -0.0138258372512594 0.0849368515978028 -0.0503485905980744
0.00441529453724873 -0.0665827562027996 -0.0639498426078128 -0.0379028709767272
-0.031320664823283 -0.0113222771024078 -0.0527764212463355 0.0593332465306285
-0.00694938541759565 0.021854315440614 0.03123794098209 0.0799781065342832
0.0214633273556943 0.00199110605877086 0.0625908208086562 0.040194827027148
0.0177090739857573 -0.0325966285611142 0.0592389751748728 0.012292658920194
-0.00183438803028156 -0.0425487957641071 0.0514279207962449 0.0036496655657811
-0.00502677000660739 -0.0520880670755417 0.0381859398080214 0.0202369135956734
0.00631951185755288 -0.0541229970790471 0.0157660314373238 0.0431750347526967
0.0279938133987295 -0.0583200938656063 -0.0409529690642062 0.0493949937368053
0.052982702375304 -0.028807572443989 -0.0816118661050642 -0.0112733052524159
0.0511052452946015 0.0269620722805358 -0.0645642183600979 -0.121914139362963
0.00313922856635297 0.0526702890453403 0.0567981501983765 -0.160096307960708
-0.0303260694810851 0.0144647113822183 0.175284768047768 -0.0988496712676239
0.00176454210223582 -0.0290560304500678 0.160353344955225 -0.0129081888645338
0.0429609059699456 -0.0432965162482099 0.0664072308252101 -0.0333890706511532
-0.0106341140507549 -0.0817592901345486 -0.0613987510722289 -0.00652224210823617
-0.0508344399683118 -0.0123148473065887 -0.0336555999395315 0.0777751089533347
-0.0173392286369716 0.0362600852034609 0.0540491530227749 0.074847284441863
0.0251962485328526 0.0165552795649274 0.0793329362010308 0.0248957744523348
0.0283206460509958 -0.0311924028363856 0.0667031772894241 -0.0110920429538504
0.00289976008946243 -0.0517232170059015 0.0513027131181278 -0.0199227921545528
-0.00651687617642088 -0.065355850417479 0.0349170407385614 -0.00200442763567087
0.00415708845792827 -0.0687746081827173 0.0146291790740139 0.0185793430047787
0.0276874052144972 -0.0776198350691569 -0.0326523904639222 0.0254143916127827
0.0618226698479708 -0.0465405136670434 -0.0607973702321859 -0.028128492419557
0.0687313217984566 0.020247222922895 -0.036171063231895 -0.121495739012559
0.0143108189128496 0.0648578891793689 0.0724437992454017 -0.137974324551874
-0.0395322941241803 0.0232482203999236 0.171534189499303 -0.0731794326932669
-0.0118570158896881 -0.0402594055800773 0.141326661801257 0.00577285880072089
0.0377660689531147 -0.0667575053943675 0.0419876781564652 -0.0115596702078121
-0.0198831036076149 -0.0861066779931712 -0.0592426666949766 0.0222988521361181
-0.061766383787141 -0.0186944942193681 -0.0284056844211618 0.0947849930778081
-0.0307591327182683 0.0415568816083662 0.064735974415663 0.0864106936432686
0.0214367787516469 0.0313558593897678 0.0972871586179477 0.0298279035855115
0.0351031304281789 -0.021716694604322 0.0834103108296582 -0.0210297986667446
0.00843742188326495 -0.0519022221225714 0.057716496082211 -0.0386923570362679
-0.00499267745533205 -0.0687066733970277 0.0335083054076409 -0.0260763501405439
0.00151033525300469 -0.0728773903370424 0.0120489625757628 -0.0103006338387182
0.0215592545817715 -0.0855066650513944 -0.0260538445844635 -0.00348132112779649
0.057269475667566 -0.0611187994051432 -0.0438418147464065 -0.0471788429100859
0.0752573486667237 0.00341621945670036 -0.0182644502411006 -0.124286480852875
0.0295348903183462 0.0636217672744576 0.0752281446889127 -0.128937552975303
-0.0371860897229632 0.0339490556761006 0.159869223622536 -0.0657693205071691
-0.0301442786580906 -0.0399407807826704 0.124842793197889 0.01444667012115
0.0200948053465086 -0.0802486369737006 0.0196570159863488 0.0163554458565949
-0.0227359332357917 -0.0806247011258678 -0.0627207267258004 0.0451135502342548
-0.0608728219181116 -0.0298565005091329 -0.0423140350451496 0.109028981289962
-0.0436916095021052 0.0357492509466014 0.0541352119738489 0.116139067260561
0.00959861001300203 0.0405268929005341 0.108467789846582 0.0607818935926099
0.035456124554927 -0.00808689982286132 0.106990091216285 -0.0115488335400076
0.0134564640911683 -0.043636255317524 0.0726078934359169 -0.0493890230679873
-0.00212999867273857 -0.0619270500008007 0.0352100546776152 -0.0487274874939436
-0.000768543374570877 -0.0661327699586442 0.00737000081286086 -0.0379265235116836
0.0120085995978906 -0.0789014429604114 -0.0242272975516496 -0.0308832525111156
0.0411477127143138 -0.0642946535184037 -0.0360632209921441 -0.0655844639640314
0.0656949912603297 -0.0135125565121967 -0.0147995766376566 -0.128789243963595
0.0378838724464535 0.049668866292427 0.0647179155499875 -0.131955940995904
-0.0291136328987421 0.0404233228928917 0.142850453504277 -0.0765002748345129
-0.0439665964699412 -0.0298511251955146 0.115143969087804 0.0162259620421135
-0.00308045419791901 -0.0776077000360056 0.00899824801195832 0.0464805446701049
-0.0228580430040861 -0.0652064444834062 -0.0709412019631511 0.0583621325300486
-0.050009778730396 -0.0365059957731879 -0.0743889054355001 0.112758935817349
-0.0495160998137944 0.0197823345340372 0.0155758314256832 0.153256986173501
-0.00549275902388332 0.036367164725885 0.102310915770687 0.11161544839945
0.0243291443867944 0.00300528134216933 0.130173950456906 0.0186552596993285
0.0114418377401663 -0.0291409220194716 0.0926429832223029 -0.049291792011602
-0.000595064113390407 -0.0455566010423252 0.0399197350112541 -0.0661676363818832
-0.00254796373350509 -0.0483162857664247 0.00177441969007381 -0.0602579438489206
0.00239229996634481 -0.0573100292764219 -0.028208524659837 -0.0514359394400446
0.0219038002175376 -0.0511780124177541 -0.0391918068583298 -0.075616702074365
0.0438389564150918 -0.0181069192626314 -0.0250742875483412 -0.127456511011757
0.0320425263696914 0.032647040330453 0.0411431096696948 -0.13598952769646
-0.0206414630712686 0.0385756624402111 0.115857667583997 -0.0946180027437106
-0.0461225116076883 -0.0146159840039476 0.109886918991336 0.00764433134815381
-0.0220592748739035 -0.059074245769301 0.0110648967195377 0.0718632370373269
0.0464362678757631 0.0316548424107 -0.0341046425088886 -0.108076483280668
0.0478446991189425 -0.00521490546043101 -0.116706934360956 -0.0184526304958024
0.00971995305027124 -0.0346961179167802 -0.0886940260879293 0.110529440623934
-0.0232456227574776 -0.0254179798720254 -0.0089549406387204 0.13585406351293
-0.0318547030194919 0.0112632180964907 0.0478224778570493 0.109540796932348
-0.011192562572073 0.031924957079093 0.0546345362578413 0.0677044295894359
0.00507166823786103 0.0315112191366293 0.034469454582772 0.0540621294402039
0.00927949307154457 0.0260819303655936 0.00718101688047005 0.0643498388318996
0.00800965952167104 0.0266704971320703 -0.041931681824231 0.0753077915710009
-0.00773213278620699 0.0187196720485193 -0.094961885373494 0.0408418479060137
-0.0132551040834644 0.00343956430151714 -0.135404988873187 -0.0504215651397643
0.00703413038682148 -0.0200009876146548 -0.0721097005026462 -0.15075845663391
0.0331442793216114 -0.00513497122989805 0.0446542897430254 -0.172184368111132
0.0325285966918114 0.0226686614594864 0.106868940521975 -0.102529800229369
0.021131804584916 0.0447584807094431 0.081037598027959 -0.0646076625093893
0.0402258089285969 -0.00818413352160043 -0.0524521842743484 -0.0949477727163146
0.0231689401123037 -0.0138737872003447 -0.102369619239458 0.0117436687439089
0.00459422090701681 -0.0171064519992778 -0.0426697384677179 0.10892059150149
-0.00366510138723375 -0.0169000681818628 0.0224648550732821 0.106796543986615
-0.00986974023234767 -0.00754335674555722 0.0555863307279094 0.0796937946125391
-0.00451320875244999 0.00147308862844594 0.0568107205951709 0.0513177460165759
0.00337018601824057 -0.00141669641258714 0.0391725709193833 0.0506570021896758
0.00883273000148931 -0.00343219638592229 0.0121527142226358 0.068502316563791
0.0142075047899907 -0.00256509658330588 -0.0462794379624334 0.076425907205925
0.0112102135343691 0.00260052861850512 -0.103137218306759 0.0246476851110164
0.00757086432017863 0.011246799484159 -0.125448912988478 -0.0905040649975662
0.00602677205088002 0.00519050877151514 -0.025340723469265 -0.182130198078174
0.0119395102025698 0.00531360902867607 0.111011462124279 -0.169354081242576
0.0201099959317862 0.007921902048389 0.147858024843944 -0.0782534897308476
0.0286558871602662 0.015364824407828 0.0886039931414819 -0.062314521958277
0.0235487161259578 -0.0417270823587053 -0.0652708515733419 -0.069574700608109
-0.00422846393514588 -0.0141833599743593 -0.0791473287425497 0.0387323341355627
0.00041444977882198 0.00232606793910606 -0.000481274805418318 0.095604473254596
0.0116233533348859 -0.0105898379941618 0.045052569261616 0.0711321754353901
0.00420636979594486 -0.0247968189377167 0.0589193032816298 0.0448043421483979
-0.0036612901530664 -0.0249009016769196 0.0550379286882937 0.0276364036209282
-0.00170223741819846 -0.0302622007035687 0.0403191627142188 0.0383115408126505
0.0074262150805675 -0.0321514616132536 0.0151161315279282 0.0612222068145839
0.0219020872464178 -0.0328015117799514 -0.0461925936351707 0.0682198649327446
0.0335617214990065 -0.0125987620766394 -0.0992176233258517 0.00745459569875391
0.0294184769422277 0.021844506276552 -0.10062304078641 -0.115100172022976
0.00233783265860632 0.0309685615165957 0.021879271698499 -0.183563643922729
-0.0119274425851191 0.00926963014383096 0.1590557031437 -0.140747454209275
0.0116519514576743 -0.0119686482445621 0.166672607358481 -0.0449734497777865
0.0384505928282048 -0.0147803855201901 0.085746856254657 -0.0517058564067269
0.00362291305568597 -0.0671936031525287 -0.065428752980206 -0.0373493043719912
-0.0320431053413649 -0.0110280204934478 -0.052022976884812 0.0610214697526365
-0.00655297667337428 0.0224377434863601 0.033428146665238 0.0807108397280004
0.0221887586668035 0.00224170879732738 0.0645966994182226 0.0401834478536024
0.0172942804530947 -0.032927737034344 0.0608631183918627 0.0112073905733471
-0.00182301381979983 -0.0428936885189138 0.0519895748408645 0.00254164311660269
-0.00560162358195926 -0.0523240305407458 0.0391932756464703 0.0198068938680966
0.00548571707304087 -0.055078408761768 0.0167103984844048 0.0435280061675827
0.0277711034283525 -0.0590934650646407 -0.0407212711995852 0.0509046961504359
0.0529287942926516 -0.0293282193806641 -0.082318756499944 -0.0102341283575756
0.0520094964325135 0.0267778070118078 -0.0670123292048523 -0.123144252821093
0.00340274117050919 0.0534236518414139 0.0554673474471475 -0.163245257068997
-0.0307052241407819 0.0151790314461601 0.176538321443619 -0.10311050594902
0.00128182872474794 -0.0296512199663629 0.162653659582641 -0.0153145269852107
0.0427334887811856 -0.0445972869993329 0.0673983180177274 -0.0345414914662307
-0.0120043784197186 -0.0822832187556221 -0.0624170692011382 -0.00559682964606117
-0.0514047218649945 -0.0114493382982516 -0.0331287892243366 0.0795999718945851
-0.0167717320304263 0.0362859026220758 0.0556422415122942 0.0752145511987427
0.0257381673113761 0.0164350354229524 0.0810182786538617 0.0240966963965421
0.0281242991599071 -0.0317156377535487 0.0676760233419447 -0.0126092636465443
0.00143764094877023 -0.0520539937346575 0.0521928071812585 -0.0208799473866119
-0.0072280580795843 -0.0655674352538109 0.0355583330336838 -0.00280684088756374
0.00330973455150583 -0.0697718420793391 0.0153834275565532 0.0184397897006981
0.0270435184835824 -0.0791244403480411 -0.0326250226860004 0.026092621453236
0.0621737898079244 -0.0476572125561708 -0.062035629334842 -0.0278729923292355
0.0696880929806978 0.0200497465167933 -0.0385472652851402 -0.122996497244464
0.0151263065805366 0.0657687925457435 0.0718685844737368 -0.141040671270356
-0.0393060035739202 0.0241947643261117 0.173378074621811 -0.0766843017470155
-0.0130902493290307 -0.0401435574442348 0.144192968071493 0.00365363368320667
0.0369337818155887 -0.0679694288030388 0.0426295881081666 -0.0117603568583424
-0.0215023138212319 -0.0866679062498826 -0.0596468611781056 0.0233668310808191
-0.062442000952033 -0.0177590362422726 -0.0271809906619546 0.0965749969377222
-0.0302432700947818 0.0428922375081584 0.0670154863486965 0.0863676925094661
0.0218036271797519 0.0319358840269451 0.0992348555439913 0.0289610972284851
0.0356260993892185 -0.0229350378141848 0.0843568698630693 -0.0225280828826763
0.00793119101019272 -0.0526333620718633 0.0584147114685671 -0.0403456273782405
-0.00616224511196561 -0.0693626205222673 0.0336483054590227 -0.0269873462735465
0.000564008843520288 -0.0740425539229907 0.012423131650655 -0.0105841911291011
0.0204431581772221 -0.0869941504132935 -0.0262512810071876 -0.00295621607101589
0.057018392020107 -0.0630077365041019 -0.0449209839603285 -0.0472811166281256
0.0761069366449087 0.00251073153265882 -0.0206967434187313 -0.125986789446381
0.0306316852808392 0.063543201853194 0.0746076630207995 -0.132361401069904
-0.0371419829075436 0.0346968692452215 0.16151836797655 -0.0698121052808275
-0.0308325011054185 -0.0398208454550207 0.126978920511993 0.0127945421335144
0.0190253170523887 -0.0811176647934512 0.0208315053203487 0.01705231578928
-0.0239027842996961 -0.0809170438029218 -0.0630540144492738 0.0465372128937321
-0.0617717848935157 -0.0288919187754515 -0.0410696198287166 0.111215684710843
-0.0436213485362457 0.0367221891863645 0.0562574881213014 0.11694187557951
0.0102092325125032 0.0409373920302597 0.110925814942178 0.0600031459431223
0.0353204380585901 -0.00865904483001893 0.108775505156306 -0.0135716081815155
0.0130028290056109 -0.0445324328880089 0.0731931468221585 -0.0507788012168133
-0.00341886403849726 -0.0627435927616628 0.0351647009733965 -0.0496030295656077
-0.00156851035278878 -0.06657259255675 0.00727285832463443 -0.0385189951193811
0.010558173766623 -0.079977606439558 -0.0248149408401496 -0.0308494633928183
0.0409205557821323 -0.0658836460776527 -0.037793644655291 -0.0656975646773223
0.0660570628085474 -0.014596909852986 -0.0169754631054066 -0.131029281386888
0.0392818980657766 0.0491059264077579 0.0636150409735035 -0.135161537162406
-0.0288531670893695 0.041150159542574 0.143609324661086 -0.0803594038753073
-0.0448070269859936 -0.0291477728554643 0.117275675730971 0.0147183565296649
-0.0039810617801498 -0.0785034795797582 0.00992253956845868 0.0471630196421885
-0.0239801319036276 -0.0651791767367763 -0.071257460488166 0.0596699377827118
-0.0504415001239047 -0.0360210786038985 -0.0739767152681002 0.115351175953352
-0.0495660138226664 0.0205462700997265 0.017816414464124 0.155012592705765
-0.00502825627725916 0.0368075658478003 0.105026434622793 0.11192066723054
0.0242023144815602 0.0026365256919707 0.132407943564606 0.0171144828909652
0.0107313586635469 -0.0296987491440307 0.0937192888665645 -0.0508461266861661
-0.00145558436503024 -0.0457401675313801 0.040106074323585 -0.0676961200781025
-0.00337423003356775 -0.0484559101044896 0.00100703907985007 -0.0613859366802046
0.0016785353404222 -0.0579796639959426 -0.029086448012222 -0.0511345015198473
0.0215078520109754 -0.052098891060635 -0.0407252196474989 -0.0756322576757358
0.0440497124205349 -0.0193042361793201 -0.0277204542216634 -0.12913153115684
0.0331103656404214 0.0322665055375209 0.0396002202225099 -0.139236831991452
-0.0199717368010228 0.0391857375624253 0.115871743835492 -0.0984287521967518
-0.0468916500874648 -0.0140778305383219 0.111902561317349 0.00619358282426663
-0.0232429247871143 -0.0591950857660911 0.0122341758521665 0.0723700108054137
0.0471382739742889 0.031255457497846 -0.0363310191715913 -0.107939949577878
0.0481212261451269 -0.00582109637399523 -0.118270814973922 -0.0165210055646501
0.00935542160735612 -0.0349989596227166 -0.087285383814975 0.113077903483178
-0.0232303795802756 -0.0247575801018202 -0.00644106442440083 0.137582867652748
-0.0317240781848665 0.0117504638946435 0.0503398869069659 0.110009681409609
-0.0102670726610889 0.0326930638874299 0.056312137878725 0.0673634232230653
0.00619132751648037 0.0315318191097229 0.0356326494783713 0.0538258329304214
0.00976600856020014 0.0263132207199021 0.00799684407046223 0.0650130729093422
0.00885457605842014 0.0272825192045497 -0.0410299988651854 0.0765443680846797
-0.00756372467938788 0.0192173295603551 -0.0953919524915078 0.0425055973657402
-0.0128613294611782 0.00398229843105412 -0.137286704431967 -0.0495020379247912
0.00672701666658337 -0.0205772423236911 -0.0750690462950109 -0.152117697122059
0.033180027129589 -0.00591864167661639 0.0428978073760425 -0.175722921071014
0.0328081477786476 0.0227197844375301 0.107129419595703 -0.105309385052383
0.0218236964994113 0.0448950897304146 0.0809910248602471 -0.0662963112892337
0.040457281165868 -0.00912892942474461 -0.0552777558910516 -0.0947306080232164
0.0229110334473163 -0.0141207638739863 -0.103169251351575 0.0138415434325757
0.00449209920225297 -0.0170414759689174 -0.0411618005069661 0.111063562289195
-0.00427552669768473 -0.0166513487941858 0.0250933766189257 0.107833760587859
-0.0104168518547785 -0.00731724290271527 0.0583503808880175 0.0798613806304363
-0.00439666874084771 0.00140000535156229 0.0582238978140077 0.0511361825137076
0.00394501917669368 -0.00110268016581039 0.0404132819564103 0.0508195832476081
0.00911609737744602 -0.00377978022857572 0.013199691247103 0.0689414200598495
0.0147148434231334 -0.00242339302386615 -0.0453885691787791 0.077892701173182
0.0117385114799474 0.00338995437526793 -0.103639272791976 0.0257152873093538
0.00791988010129042 0.011456443238258 -0.127848026183573 -0.089175948236854
0.00606437845493633 0.00519656063486276 -0.0284498195061216 -0.183816624501663
0.011446990000757 0.0051092289408035 0.109861218264477 -0.173171304055378
0.0199582023415369 0.00772913717986454 0.148473291035298 -0.0811897011147727
0.028770823898098 0.0145930222290019 0.0886194249190519 -0.0638110409762965
0.0236489476743158 -0.0432095916414384 -0.0670968036171413 -0.069192900296816
-0.00439229993765411 -0.0136984730435481 -0.0787651241672177 0.0411424575855333
0.00020654850947493 0.00235822835489206 0.00110203732734247 0.0970382825621118
0.0113966928370338 -0.0104522283438926 0.0477995912453137 0.071380889017754
0.00410810964824902 -0.0246000260760253 0.0607813284559468 0.043925652128456
-0.00438725578889478 -0.025130507155011 0.0559502640272182 0.0272546603126935
-0.00109589690244434 -0.0302084372791552 0.0416842234758996 0.0375689552213966
0.00673947330967947 -0.0325137839835056 0.0157436320291164 0.0620784131756309
0.0215412378607045 -0.0332243432548108 -0.0459485208388684 0.0698667316028488
0.0338142627245043 -0.0130502431147303 -0.100317056086714 0.00841117247026269
0.0302529732265803 0.0218814908980615 -0.103312949311615 -0.115313067191935
0.00201227870966088 0.0314963822181466 0.0195651765919013 -0.186699272784712
-0.01233244035084 0.00937150226071947 0.159309836303556 -0.145014313707412
0.0117687814647816 -0.0120911310745481 0.16849773276429 -0.048113991246554
0.0387246443811195 -0.0157243144953274 0.0858433258776685 -0.0526374870984973
0.0026541695577485 -0.0681463367526256 -0.0668328502383201 -0.0364498923804856
-0.0323211423688007 -0.0105990464156656 -0.0515747768923424 0.0634431334247752
-0.00630330299033168 0.0228796720060049 0.0352399564333249 0.0814290682993263
0.0224780312164323 0.00181979241705457 0.0659219802676216 0.0394926090486372
0.0171064062723892 -0.0335752904954534 0.0616046330236217 0.0102314458743104
-0.00253206262595602 -0.0435727383927266 0.0525821839846774 0.00161982693469601
-0.00644270208155141 -0.0530659430821113 0.0400802155973029 0.0190971156414757
0.00509716873024588 -0.0557439331355395 0.0179050933445131 0.043573564474604
0.0271526255311937 -0.060022280362467 -0.0402070459374268 0.0517135570636034
0.0533265647450674 -0.030323186442119 -0.0833830517681816 -0.00941539259284698
0.0528408664101418 0.0265956739090305 -0.0698973395193465 -0.123207561461463
0.00400385457458683 0.0540276057372017 0.0539565375343614 -0.166046947827626
-0.0309553172320292 0.0158483984263976 0.177617013970336 -0.10734826560091
0.0006974910368191 -0.0300271241198296 0.164399024221624 -0.0177704902916779
0.042154025030706 -0.045535359105032 0.0677192358333055 -0.0346935336479992
-0.0132675112936545 -0.0832060274705196 -0.0633368019224707 -0.00489623364209985
-0.0518816976955546 -0.0108302567308422 -0.0318959529589983 0.0812270075205823
-0.016418168481957 0.0373802705775538 0.0580923599107376 0.0752835014106726
0.0265043513996699 0.0162373554077603 0.0821898521487488 0.0226453441528472
0.0274249610675779 -0.033005304369722 0.0690486126821683 -0.0136503565063386
0.00134112869461421 -0.0526636969674552 0.0524374777025793 -0.0222354379928338
-0.00830260717430879 -0.0662177309438283 0.0359521751656763 -0.00350319343063278
0.00240331452396949 -0.0704077761577328 0.0159166562778011 0.018411689152217
0.026131188840474 -0.0799687032526021 -0.0321750732968321 0.026854773254732
0.0620908869868264 -0.0491740933912405 -0.0630437433995279 -0.0268223307475507
0.0709018931435372 0.0189425044316804 -0.0413110639635572 -0.123893618619936
0.016251773084971 0.0658861483753256 0.0709120336814102 -0.144169190287504
-0.0394792221824524 0.0250420224463595 0.17499048605047 -0.0807799981409873
-0.013883936633455 -0.0399208740240468 0.146584995859798 0.00182632570519723
0.0362939510249285 -0.0689743188600692 0.0433656755801876 -0.0117757234114772
-0.0228006265376051 -0.0866100872434608 -0.0600752737002132 0.0243724638415722
-0.0632860990827889 -0.0170764921165228 -0.0258639724225181 0.0985610942975445
-0.0293350903978226 0.0437163829520463 0.0689449713563018 0.0867482349036863
0.0228361821644573 0.0322192452580843 0.101521207419987 0.027572399406989
0.0354446115135731 -0.0232793687913054 0.0854051623997213 -0.024229576206712
0.00737524376460309 -0.053053844970487 0.0590645420456835 -0.0419374269423878
-0.00746039476436764 -0.069443530233173 0.0342463378117657 -0.0280805573405916
-0.000736274020055412 -0.0747003092298102 0.0125390366658295 -0.0110416583568734
0.0191916251778053 -0.0883048769233902 -0.0259342467750042 -0.00223012945929619
0.0567059550059634 -0.0639887278599154 -0.0459446531714494 -0.0470223589652996
0.07717227822287 0.00112999094211762 -0.0232048476179773 -0.127066994693137
0.0318983258198086 0.0642625437900413 0.0735602082738972 -0.134949119535336
-0.0372451592185422 0.0356537396011002 0.162648137274563 -0.0736403865458191
-0.0315144263228431 -0.0396190849654386 0.129718187338777 0.0108888177369831
0.0182448537385721 -0.0820791567806791 0.0218290746884731 0.0169496531403773
-0.0247685491059893 -0.0809851426361546 -0.0631320720532213 0.0479249732599204
-0.0625992961436096 -0.028084118319892 -0.040324141608673 0.113096266509885
-0.0434768620425398 0.0375827889860972 0.0583157939636126 0.118188451737953
0.010987536842167 0.0411546515758495 0.113426506757613 0.0593832696075768
0.0358777188281604 -0.00929825794426289 0.109878831837588 -0.0150321557685956
0.0120194153242064 -0.045009625905946 0.0735601154364024 -0.0524203058820888
-0.0045590169800763 -0.063028661520912 0.0346825376049155 -0.0509599200881055
-0.00305600172828852 -0.0675915434488967 0.00679719179848366 -0.0388572639097137
0.00924180997027377 -0.0806782890055461 -0.0254208249140029 -0.0301817655356149
0.0397863296298775 -0.0670823705809219 -0.0392044721060378 -0.0656597528067988
0.0666503570520099 -0.0159581236498548 -0.019767505312545 -0.131676071126285
0.0403553891367752 0.0489119719651256 0.0621248534267134 -0.137830662671658
-0.0280388083645666 0.0424989973919828 0.144421703067305 -0.0841826194326294
-0.0454764349684481 -0.0285814713698865 0.119270615357764 0.0125507931058561
-0.00516644193049344 -0.0784782411200704 0.011604736585736 0.047625122026635
-0.0247449548073746 -0.0650402958250275 -0.0712703315246308 0.0613961033284822
-0.0513244548652065 -0.0355402547127232 -0.0732350296033655 0.117846486886061
-0.0493096458455631 0.0215328235999527 0.0196386740199297 0.156797322752148
-0.00462067089502603 0.0369739453377047 0.107949518552582 0.11218638550147
0.0242421276934604 0.00219370446806724 0.134558351552674 0.0153168498132967
0.0100375338301604 -0.0301846113404409 0.0940953858434977 -0.0526398475924921
-0.0026872210789259 -0.0459771376267409 0.0395352602892965 -0.0685781817732753
-0.00414643664911672 -0.0489812875296488 0.000164686533260207 -0.061400378849522
0.000583705058707098 -0.0588765819406895 -0.0303625830928844 -0.0510389134055425
0.0205106548894765 -0.053043404893461 -0.0427491763680742 -0.0759506513717249
0.0441671755597809 -0.0203314941037099 -0.0305211807864887 -0.130024255537496
0.0335942098052095 0.0320733737494358 0.0375557805304115 -0.141696253208062
-0.0188402070365782 0.0396778349181568 0.115411772868204 -0.102156130060041
-0.0472464115643745 -0.0135124050774946 0.113450818316484 0.00388313038740793
-0.0244074925369428 -0.0589293814904089 0.0141616331443275 0.073432008679163
0.048208139401567 0.0302597085969365 -0.0386640751322284 -0.108135402496872
0.0483802029422282 -0.00650487338964232 -0.119947642018902 -0.0141175369820902
0.00843051169304445 -0.035339736946741 -0.0868876884567237 0.116187519818731
-0.0241315625219393 -0.0249848850290629 -0.00380030390919684 0.139327599239183
-0.0317923721859248 0.0129933541999349 0.0531486953518692 0.110351136719481
-0.00995252230555064 0.033266587372274 0.0583172839909917 0.0672170146189913
0.00704572232778972 0.0317145001069326 0.0368674240004168 0.0537417430977287
0.010685071585417 0.0260890154366431 0.00882502078316661 0.065509639242646
0.0096910000209462 0.0268063006942176 -0.0405049116188344 0.0776899138392433
-0.00689094648434871 0.019569418904728 -0.0955699109007599 0.044227141229737
-0.013091681045027 0.00451435524067833 -0.139702597061708 -0.047623516593751
0.00614668991961174 -0.0207315956311832 -0.0782253473630221 -0.152559259318952
0.0330007155561006 -0.00659879937020461 0.0406268630812301 -0.178050032972636
0.0335313911059092 0.0220668917252209 0.106958969034531 -0.107704195269749
0.0229228130653078 0.0442540842733009 0.0808060773681812 -0.0676472163660697
0.0403859904499255 -0.00998926753045262 -0.0567702239109285 -0.0939240870466412
0.0228680808905085 -0.014561356164244 -0.1036860451383 0.0161741220950604
0.00377525915764634 -0.017064600541874 -0.0394546875209894 0.112935975563562
-0.00489965494085245 -0.0165205096466113 0.0275069741591073 0.108683603697358
-0.00981873512195371 -0.00712054393180607 0.0603356555866957 0.0796025628070274
-0.00402342331598089 0.00161073249437144 0.0597734971932767 0.0508626919178748
0.0041465842071709 -0.00112215771609371 0.0413748187077326 0.050905314639448
0.00944155183589988 -0.00417073322605518 0.0144625184597196 0.0692611972317094
0.0150218696102085 -0.00307093231497424 -0.044477851447214 0.0792548225106724
0.0119535494929852 0.00331158417412575 -0.10404388683348 0.0274699902092849
0.0083322691941738 0.0115187771095398 -0.13094631117954 -0.0890768004890828
0.00588807172162246 0.00534549785234113 -0.0313031281566667 -0.185532876454826
0.0112071559450635 0.00494849432741253 0.109438234265123 -0.176924880983848
0.0201769803405827 0.00743712381363538 0.149492943751287 -0.0839796377237961
0.0292621722159383 0.0141324321818432 0.0890337792081788 -0.065452205690658
0.0230627458981833 -0.0439342859869741 -0.0687306804133545 -0.0681827914832758
-0.0047768185698611 -0.0135568663208936 -0.0789447384158096 0.04265027689129
0.000353262861489309 0.00284262153390237 0.00334178468187175 0.0980227417435524
0.0120626731324504 -0.0101004264707413 0.04943825110463 0.0710263980092376
0.00386155219687907 -0.0250103364857246 0.0623137868103151 0.0435654855298103
-0.00432109693783692 -0.0249914675731246 0.0578321697929279 0.0258884022765552
-0.00217164057054747 -0.0306951718670785 0.042580953726046 0.0377370449976078
0.00691834763099778 -0.0324319528518174 0.0178898903377305 0.0623079710465916
0.0214274601539275 -0.0333218549366121 -0.0449701965369848 0.0710049049681542
0.0340379344261771 -0.013198417074239 -0.100753260458335 0.00993035519292294
0.0306469691239974 0.0219981825795276 -0.105855287193499 -0.11512685710808
0.00245431653378462 0.0317230768699722 0.0168946482999994 -0.18886066469926
-0.0128683398780325 0.00988725931544162 0.159644886092596 -0.149431808964268
0.0116724911695942 -0.0128720177474188 0.170257166763429 -0.0511533872583495
0.0382925709349681 -0.016423981798752 0.0861212993044494 -0.0533362089063236
0.00153276676843311 -0.0689562409044645 -0.0679929809109555 -0.0355507306001499
-0.032549238046331 -0.00993969995778869 -0.0506909684603163 0.0646339423876911
-0.00584976117342842 0.0229920205416452 0.0373381329502768 0.0816126717828026
0.0224886854664318 0.00125900517818983 0.0675416977584253 0.0387582751118093
0.0164728263419485 -0.0343887739303619 0.0628936705763473 0.00953143897110829
-0.00308948967169887 -0.0437284489280161 0.0533993327733312 0.000232047445796096
-0.00760874234316381 -0.0529745229157818 0.0407144901539334 0.0185919956669832
0.00436173182198499 -0.0563202631831409 0.0188689562106499 0.0435676473562062
0.0267940992710711 -0.0610281085814715 -0.0395594768901077 0.0528255740911488
0.053243799009372 -0.0311212356253674 -0.0839816349910609 -0.00814673882994257
0.053649388617185 0.0262238841163663 -0.0721496741109331 -0.123928432534567
0.00452238807752946 0.0548079038420666 0.052511957830094 -0.168778012509459
-0.0312467979266337 0.0163568419603255 0.178262916211827 -0.111741434763123
0.000125235177265181 -0.029658738982595 0.166672576259358 -0.0199177180140388
0.0415787725126844 -0.0463561262144866 0.0682289307833278 -0.0355326338077963
-0.0142456589050989 -0.0834489923067113 -0.0642045306194376 -0.00349215919620292
-0.0522562542438696 -0.00988078074840509 -0.0306217872541934 0.082328956043109
-0.015886228976077 0.0382879135836146 0.0602524966303962 0.0753990000967589
0.026798441005815 0.0160638488794895 0.0837907624809351 0.0221361410340391
0.0270128876469929 -0.0335111312018481 0.0695753654893919 -0.0151545564660869
0.000206169861654068 -0.0532766097554221 0.0526550956771942 -0.023267986373293
-0.00922399910007128 -0.0664574692794383 0.0367647779562932 -0.00437660586860801
0.0012639926811818 -0.0713172593884863 0.0170594582750598 0.0181822357635306
0.0252465825417673 -0.081131165870554 -0.0319535127013372 0.0277116746532882
0.0615263925366415 -0.0500850028917163 -0.0638767370995346 -0.0265952849177491
0.0713669801841093 0.0183873426797302 -0.0434494735548797 -0.124528694411721
0.0170771203688649 0.0661690614679633 0.0692694475924009 -0.147111135529049
-0.0396593198504972 0.0258305511980642 0.17589153448549 -0.084713073268062
-0.0147123084099536 -0.0400393032401643 0.148376748920766 -0.000471577945875624
0.0353660137109937 -0.0698217099365882 0.0442334575124588 -0.012088746094553
-0.024076191000005 -0.0874627589294213 -0.0606859574665454 0.0259330150804769
-0.0636387832554317 -0.0158864620311255 -0.0247830687168284 0.100003172636801
-0.0289385901332108 0.0444963891314788 0.0711665716049582 0.0870684651898275
0.0232130187790782 0.0320840544142717 0.102420993810859 0.0264325741346064
0.0351437666864421 -0.024027547881489 0.0860259534070691 -0.025751425941528
0.00642109697018454 -0.0536293773191985 0.0586987629912855 -0.0427850174216513
-0.00846553334915505 -0.0698469066152809 0.0344785852051221 -0.0288058098051595
-0.00184709007239932 -0.0754468082713846 0.0126166708201355 -0.0114551214483873
0.0177277613672555 -0.0889518895974953 -0.0260984600135597 -0.00194665352367493
0.0561621869170416 -0.0654201669884199 -0.0469450473929473 -0.0469653780008181
0.0774977611158324 0.000171506208702506 -0.0257625283184472 -0.128320871798884
0.0329560417526428 0.0640004527161441 0.072232647834405 -0.137333907201888
-0.0368523845601096 0.036641916180665 0.163244915622508 -0.0776755211321165
-0.0329446119241936 -0.0390770477840194 0.131852836195172 0.00914608587630573
0.0168796443024029 -0.0827527082555519 0.0228727092916116 0.0173253132087856
-0.0258236621038911 -0.0811680298281116 -0.0634665161725876 0.0491763430426621
-0.063440602216095 -0.0274802315993772 -0.0391886495420936 0.114938510160043
-0.0428467529571149 0.0389147070990175 0.0609144974326811 0.117949120046235
0.0119028527766997 0.0417585974659511 0.115869926869576 0.058071456013248
0.0355888962407638 -0.00999412580852745 0.111620339788806 -0.0173148600700841
0.0116247034165326 -0.0452555414825325 0.0735199943954594 -0.0548936440258867
-0.00552445462050818 -0.0632547577124692 0.0346391761933761 -0.0517692769168699
-0.0041582345306189 -0.0676300693453709 0.00660189390942753 -0.0394076549425961
0.00781138193974648 -0.0817926346432291 -0.0255468332305896 -0.0302132882214386
0.0392612256236951 -0.0682287324634285 -0.04052524614527 -0.0658402635784179
0.0669626666707014 -0.0174220147101929 -0.0227131218627804 -0.132731806901327
0.0417637382974663 0.048678844958839 0.0606790791877532 -0.141275132698403
-0.0275046450050417 0.042726602564065 0.144328590437559 -0.08777865112665
-0.0462760501007965 -0.0279642794037346 0.121735554742663 0.0106264248702541
-0.00679668126112984 -0.0788948375201129 0.0128591078487121 0.0485221448924701
-0.0260684284341294 -0.0649734644377765 -0.0713086443645386 0.0624137396959459
-0.0518044518676143 -0.0348966610624575 -0.0722988888193939 0.120231741728128
-0.0494683835514075 0.0223914313041105 0.0220400296575224 0.158742503203119
-0.00410328978104258 0.0377660571804017 0.111468209466904 0.111747064742862
0.0241562495064061 0.00180218368274938 0.136346414504467 0.0135755375460259
0.00937087433872646 -0.03035493661509 0.0949344783610256 -0.0545936920667409
-0.00382704906982554 -0.0460249688312848 0.0391456515524 -0.0701085269326119
-0.0053306271856146 -0.0494327792422384 -0.000554139280614413 -0.0623383294942401
-0.000242057905930227 -0.0592381221204864 -0.0307989875343322 -0.0511455730662887
0.0198839826841519 -0.0537242141871783 -0.0443740796907074 -0.0764806751133101
0.0442922010661354 -0.0214904223863387 -0.0336744518088996 -0.130975207888011
0.0345330028201607 0.0312859431563961 0.0352429132583602 -0.144196329747714
-0.0186358156225197 0.0402690445126759 0.114801096622727 -0.10573763613259
-0.0476456792612778 -0.0123737682859669 0.114777869708134 0.00153211859183066
-0.0255162633682555 -0.0591015128199492 0.0158950687757478 0.0736079143230972
0.048768047918239 0.0292019012008552 -0.0414082081692295 -0.107970057328337
0.0483104043652025 -0.00735920999383926 -0.121087607427471 -0.0122066334966751
0.00752066952800569 -0.0356509220195971 -0.0856900632712233 0.119213170891212
-0.0245965857663593 -0.0246460126074271 -0.00151410798939514 0.141069641733328
-0.0316279599492887 0.0137613109276221 0.0557970087352342 0.110306748679116
-0.0088540358641037 0.0335881689258241 0.0599147061311541 0.0670155993013328
0.00817413515675817 0.0319150886898893 0.0379160758028184 0.0533216178939099
0.0117351587298864 0.0261418131833722 0.0100057726568101 0.0656664012754501
0.0104712600995986 0.0268588820600592 -0.0394676389690166 0.0784598552100248
-0.00642778070094767 0.0199271390968037 -0.0958530593760803 0.0458529566313308
-0.0132538095328437 0.00494906632773149 -0.14126112146823 -0.046430395184169
0.00543639228202106 -0.0204846433219269 -0.0812045992426114 -0.153215207610159
0.033383117584119 -0.00684606762889585 0.038458129645712 -0.180358485436
0.0334770752884085 0.021526242039098 0.106732537067378 -0.110387253617616
0.0234308859622049 0.0442405733278914 0.0805861253164483 -0.0692103205920716
0.04034475046533 -0.01099422405215 -0.0597518327676672 -0.0936252167152676
0.0231634064446498 -0.0153836163542033 -0.103995914445624 0.0182367723065701
0.00344794308737225 -0.0169969329440251 -0.0375938230612182 0.114870706208693
-0.00512492339382254 -0.0162585842386928 0.0297503134138351 0.109453265754787
-0.0104584400338765 -0.00666319721188359 0.0625560787584782 0.0792946256472452
-0.00357617305094093 0.00181048449772131 0.0612864720595198 0.049671292957714
0.00421814087771343 -0.00132545638329329 0.0428586420328204 0.0504758596980145
0.00986203535482 -0.00413623356117693 0.0156251881875808 0.0697227288516122
0.0156967937254221 -0.00347433394942018 -0.0436869572865004 0.0801412965979089
0.012337564252061 0.00322978611432496 -0.104505346231517 0.0293764974440069
0.00889511709258793 0.0119615601252679 -0.13351975455114 -0.088334396567525
0.00571731129189013 0.00537253626618578 -0.0338631222552978 -0.186861549135828
0.0113547026827787 0.00479347140083382 0.107990620423154 -0.180479399982379
0.0201940805594284 0.00694452725033536 0.149783741960908 -0.0869227049638173
0.0291904571399057 0.0136530898102309 0.0890731026847796 -0.0664973910918798
0.0221034197112897 -0.0449270671526975 -0.0703308307253915 -0.0673092085865816
-0.00492942844660403 -0.0141452817516203 -0.0785552506827251 0.044989802661405
0.000105447374936344 0.00282866775364782 0.00509834752079725 0.0985619014855262
0.011045474129882 -0.010527010505385 0.0510329232079197 0.0711269728115629
0.00345331864244024 -0.0255799539602552 0.0639033870371397 0.0430061166063011
-0.00417543853904091 -0.0251061694905899 0.0585866816845198 0.0250106151005297
-0.00226957394849508 -0.0302302547360078 0.0436219492385902 0.0372183934792375
0.00653501230525025 -0.0332660389643447 0.0187278752934655 0.0619551734395656
0.0217568941367234 -0.0339215268400724 -0.0440091220572446 0.0720691878914483
0.0345204518926338 -0.0134941848720111 -0.101492088605911 0.0114824860006616
0.0315847748349408 0.022100717542847 -0.108614399825431 -0.114704031597952
0.00258816063555075 0.0323162244998378 0.0146515266661238 -0.190478858087271
-0.0130319670409578 0.0101837626971878 0.158626809711046 -0.153351826987782
0.010989635712817 -0.0130439351335243 0.171266868772997 -0.0532938490937428
0.038100817269836 -0.0171134401903915 0.0863035861423414 -0.0545057663107246
0.000874473616999957 -0.0694883084894727 -0.0691916463105412 -0.0344353413069536
-0.032857760736662 -0.00959191357184197 -0.0497655354905695 0.0662670972318068
-0.0053470933670155 0.0235889182018848 0.039212260982378 0.0820741733119919
0.0231910379363024 0.0014910387152179 0.0694733254080198 0.0379700951044449
0.0160460059046599 -0.0347195420955013 0.0639770378192136 0.0084722038169161
-0.00356582052065 -0.0442742639847121 0.0539444967842225 -0.000456425128186128
-0.0079407411363334 -0.0531362484681168 0.0417539329569691 0.0173318455013784
0.00335337590580064 -0.0570056135071156 0.0201896200272764 0.0439142001946667
0.0259963430409588 -0.0619805180620629 -0.0386740497987431 0.0537769225481628
0.0536696175336068 -0.0318627864127617 -0.0850702150193422 -0.00722644383883286
0.0546895512235297 0.0259160789928203 -0.0749616461038999 -0.123960618770982
0.00486618322866505 0.0548528603978203 0.050331258883163 -0.170775150433503
-0.0320529873869679 0.0170114993178249 0.178631501997417 -0.115318277797487
-0.000475454548090315 -0.0301156199851188 0.168281302551903 -0.0226455387537989
0.0411368238482008 -0.0471691240347479 0.0684132556500587 -0.0359801012293385
-0.0153495566642427 -0.0833506776743239 -0.0646782060112039 -0.00235636716426199
-0.052621408295015 -0.00914028447909688 -0.0295964113962042 0.0838204496534905
-0.0149741081553889 0.0386010303578502 0.0623641442667361 0.0750865237286752
0.0275954323380745 0.0161173564503589 0.0855610209606404 0.0210800146166534
0.0266764019227195 -0.0338478856238197 0.0702516927636321 -0.0163481681280397
-0.000359277449070133 -0.0534843029510284 0.0527228375992816 -0.0246515920261226
-0.0107439938915992 -0.066634665118584 0.0373179361952338 -0.00487400075736912
0.000199016644292041 -0.071970730106657 0.0174938680187287 0.017988642043404
0.0240065324289151 -0.0819480569124656 -0.0313168330905067 0.0285069397318145
0.0613124767546044 -0.0510082444218148 -0.064269034437784 -0.0256354779200119
0.0720292001197987 0.0173115326484891 -0.0459812396634728 -0.125002715741132
0.0178524925459427 0.0667272145174138 0.0678560228669745 -0.149137176134731
-0.0393885640882983 0.026780256107356 0.176266802956054 -0.0889145676365822
-0.0153688164257772 -0.0402516340048748 0.150442324433247 -0.00255036238980625
0.0340672245871512 -0.0703827905665611 0.0447048053321412 -0.0123664625636636
-0.0254309731493622 -0.0871972168587811 -0.0606706078488187 0.0271694734250747
-0.0642510298242515 -0.0153870793033298 -0.0233088807125608 0.101484683829201
-0.0281714374717895 0.045280908908548 0.0734804889380982 0.0869947157047592
0.0239739547363109 0.0322035142631675 0.104575849855489 0.025068590021993
0.0348671396082342 -0.0249661179990294 0.0867320031318469 -0.0270927433257186
0.00552780558107548 -0.0539375475617216 0.0584072452298245 -0.0447716155012557
-0.00985231303309752 -0.0702371633208949 0.0344059894958599 -0.0299397215590331
-0.00304261682930938 -0.076054335349603 0.0128114581812952 -0.011468926141298
0.016595374383811 -0.0897263425697866 -0.0260250134128037 -0.00161029930371078
0.0552548197545895 -0.0666300081875217 -0.048302433957047 -0.0467184213641975
0.0781881775453231 -0.000927758172380885 -0.02807774386557 -0.128922911727062
0.0344232843610679 0.0636925640362598 0.070362421781349 -0.140383648376568
-0.0365562962839674 0.0377399511561399 0.16427768010911 -0.0812478604169985
-0.0331675846533017 -0.038814452102768 0.133370368392456 0.00699021012937277
0.0153847792404955 -0.0834593446994231 0.0236184157215809 0.0173285747988611
-0.0275240118619363 -0.0811826866111207 -0.0635995548291951 0.0504392289973444
-0.0641222902532027 -0.0263352201092123 -0.0371921315711178 0.11666597909386
-0.0424589483699296 0.0398804068745299 0.0636373051048623 0.118461491611028
0.0122546264996312 0.0417147966170907 0.118075325010192 0.0572957675724947
0.0355018316717758 -0.0106212965790551 0.112282952106506 -0.0186778216009613
0.0105469043651314 -0.0455126677526717 0.0738615086937519 -0.0563534778176241
-0.006968091346544 -0.0632808407420331 0.0344648941745647 -0.0528796398961441
-0.00530558687645127 -0.0685539069577857 0.00605094063664111 -0.0401084232536828
0.00655830496327897 -0.0826295129452012 -0.0264933824158516 -0.0298761434489178
0.0378196001991152 -0.0686752713513971 -0.0419608557592811 -0.0655898709368379
0.0670199301414621 -0.0180354066327604 -0.0254887564833876 -0.133721643491541
0.042668102099426 0.0480681315326872 0.0587515958832181 -0.143380846708913
-0.0271595554325707 0.0435883107460679 0.144726879188647 -0.0915170034291482
-0.0468617295807975 -0.0271478428343693 0.122728444170188 0.00853659825995221
-0.00792573625479049 -0.0789797014165502 0.014066904995396 0.0486440909746071
-0.026831606292948 -0.0649544992793543 -0.0712453907333881 0.06421412128761
-0.0528587286381082 -0.0341278220492226 -0.0715129723816881 0.121930363032566
-0.0491405899423202 0.023553257827907 0.024570737963345 0.159593747347796
-0.00326084462969332 0.0377175165423994 0.113722098175664 0.111180105270336
0.0241226207136059 0.00145338730485329 0.137806941073526 0.0119601267060561
0.00858157063618525 -0.030346737182762 0.0953992930451293 -0.0568301226115465
-0.00479778404972856 -0.0461078630346549 0.0387999236929394 -0.0711697036297662
-0.00665021547231298 -0.0496681227191996 -0.00110124579253549 -0.062492779172417
-0.00163785824053816 -0.0596688963415253 -0.0318323565646053 -0.0510284398904608
0.0184538420319858 -0.0543350224458049 -0.0462014548888868 -0.0759300812886222
0.0441516812532122 -0.0223305585916262 -0.0367954623444067 -0.131698045103471
0.0352003976737941 0.030721974328759 0.0326846371420454 -0.146238911862409
-0.0177719562485071 0.040785298958907 0.113817352409715 -0.108878689737174
-0.0478003514776097 -0.0115372471807687 0.115819489013862 -0.000811951544443828
-0.0263873833601999 -0.0586259947319703 0.0178388787359371 0.0736384455920674
0.0492097301170967 0.0285500497044542 -0.0432933900223879 -0.107591401136513
0.0482021454086756 -0.00851356133084359 -0.122313726317697 -0.00973942324575518
0.00709476192000191 -0.0357992312355723 -0.083906318177294 0.121916959806926
-0.0253949945524869 -0.0238142633220377 0.00110957793691864 0.142271412754349
-0.0318524338610174 0.0146213307644886 0.0582205075613322 0.110415813213016
-0.00812301873312004 0.0341749283851464 0.0615961293222777 0.0663731708222948
0.00899956976216607 0.0318358067789749 0.03877615771542 0.0528367317515714
0.0123881881537324 0.0263367398812598 0.0113821057725568 0.0658915066090412
0.0113854662653658 0.0266892861087726 -0.0388377513578282 0.0796031765022197
-0.00579820394958491 0.0202636645812845 -0.0961062135199139 0.0470706193187001
-0.0130823129471551 0.00550754695168298 -0.143404093655066 -0.0447043420940838
0.0051101684502094 -0.0206207690359238 -0.0840996006738379 -0.153022543805036
0.0327125877203715 -0.00720565091301889 0.0367458418793881 -0.182525290185003
0.0339872088441241 0.0208216269639278 0.105890581645177 -0.11234157428354
0.024169755081448 0.0432524995020853 0.0802235597357758 -0.0701615693695917
0.0403007233370344 -0.0118805511306671 -0.061186658255695 -0.0929217435665986
0.022510359166948 -0.0156349988458513 -0.104868831204806 0.0202450865729041
0.00308788285640725 -0.0172709644049468 -0.035584869806397 0.116965100497815
-0.00499936559925478 -0.016169817328193 0.0319762994698346 0.109691955574038
-0.010517277408567 -0.0058409021754362 0.0649534833860294 0.0787750586997387
-0.0034894230045353 0.00194162301134087 0.0623741638403024 0.0493236817216251
0.00465931406075766 -0.00123684280018868 0.0438330603464799 0.0495607543911155
0.00973959219826314 -0.0044871081506346 0.0172223621939263 0.069815342545807
0.0160509219954406 -0.00331558590053847 -0.0427818251658769 0.0812631791604907
0.0122532027032947 0.00309391281625421 -0.104922964120496 0.0307675286490933
0.00871758864731134 0.0124917300988453 -0.136314348745657 -0.086883673400344
0.00570297729348647 0.00585661436990587 -0.0368859100051846 -0.188237066405969
0.0111731103153555 0.00470665515720085 0.10625191813363 -0.183636886294204
0.0199452636393102 0.00662153066597671 0.150158905485033 -0.0896315393625291
0.0297563467420561 0.0130280564352016 0.088850615421512 -0.0679428560799698
0.0217633349831791 -0.0453938404295532 -0.071939421577485 -0.0662461467280429
-0.00521455264629907 -0.0135282137666243 -0.0781978424954443 0.0467046370685937
0.000336801819877504 0.00266298219079584 0.00679156190282975 0.100113426872933
0.0116296519951633 -0.0103064815766949 0.0532747799314336 0.0709257474985883
0.00318193606679917 -0.02555909180997 0.0656094692656176 0.0420208246878634
-0.00429465615581931 -0.024998844110634 0.0592843193848703 0.0242604618149341
-0.00262535584519771 -0.0304977699189246 0.0450631628176412 0.0362189841028041
0.00627043170240797 -0.0335112551696134 0.0200320523149235 0.0618419038411699
0.0210933327566168 -0.0343637281355914 -0.0430547616279052 0.0731182188795476
0.0345869476952078 -0.0139935255498443 -0.101565258462225 0.0127786076408049
0.0316273243169587 0.0216016659820828 -0.111520766566705 -0.113809783278905
0.00234459283252626 0.0326052494898008 0.0125012172080509 -0.192433391305688
-0.0132878592176894 0.0108090833143363 0.157979741689479 -0.156614336170785
0.0109202755550065 -0.0130313943431398 0.171949911823006 -0.0564429362705453
0.03777232495734 -0.0179901006553039 0.0865829629419058 -0.0553681546005248
-0.000385358787098978 -0.0698220739737506 -0.0702971610558592 -0.0335562532105117
-0.0330247497924151 -0.00909364581483484 -0.0489143251653172 0.0674912854559602
-0.00510198934920736 0.0238026238467925 0.041004547632712 0.0820241615932985
0.02300730241202 0.000994840327590498 0.0706895751728826 0.0372493583382418
0.0157530038492283 -0.0349827291643098 0.0647989112923004 0.00712994502701335
-0.00445111363124978 -0.0444938384473052 0.0541959382692983 -0.00157033517870382
-0.0085239954761972 -0.0532504387924965 0.0423784845866088 0.0169464549879139
0.00286117734497248 -0.0574382734415858 0.0208031541323579 0.0438083735721734
0.0254440927825817 -0.0625468102302339 -0.0378732292365381 0.0545992549391601
0.0530964467687939 -0.0324292032128288 -0.0852110308169566 -0.0062348196690917
0.0551879863334794 0.0256226904435529 -0.0775546140270024 -0.123845898385378
0.00560708351143055 0.0554311054915493 0.0486715583994885 -0.173109275402415
-0.0315430817439059 0.0176439573513243 0.178560769671805 -0.119531098357903
-0.000867411004276691 -0.0302059814164534 0.169366194912718 -0.0251871815526836
0.0405365272872931 -0.0480415375074214 0.0688674153272165 -0.0366407114140623
-0.0167617567895604 -0.0838736067136734 -0.0654414679499545 -0.0011119498488479
-0.0526619595350539 -0.00789026300268501 -0.0278954040901658 0.0850882759410218
-0.0143613605122938 0.0392660376893899 0.06365920907054 0.0749977387378462
0.0277103866600096 0.0159260980558334 0.0869131729875157 0.0199663965883451
0.0260303478836142 -0.0349570016567478 0.0707920099408416 -0.0176789479080431
-0.00143727262272069 -0.0540567451901263 0.0527386818314506 -0.0259450531356792
-0.0117519715312666 -0.0662233762630657 0.0374162075773762 -0.00578085053220308
-0.00114162483485371 -0.0723133531848017 0.0180737650545698 0.0180384779897184
0.0231563974651779 -0.0824983263165877 -0.030554978732093 0.0289042187657415
0.0608223967688753 -0.0520020360475801 -0.0654132821601686 -0.0247191197626493
0.0728832824244989 0.017080376939952 -0.0485200622188508 -0.125152867360771
0.0187909867902513 0.0665108017294336 0.0663943754349589 -0.151651995092862
-0.0392904372244382 0.0274725697928564 0.176671837002418 -0.0923088501672355
-0.0160630620066268 -0.0397196987650025 0.151897097868529 -0.00484748234762416
0.0332513206343684 -0.0712543258035997 0.0453568383539751 -0.012531794167446
-0.0267350315214506 -0.0875097926781638 -0.0610315802681783 0.0285239113774694
-0.0645338292299281 -0.0145173141717224 -0.0217718938298026 0.102715210190045
-0.0270893707126978 0.0459257413502043 0.0754254762229322 0.0864936910084539
0.0250187633475262 0.0317366776669365 0.105754128892565 0.0239495422066654
0.0345324446787498 -0.0254038827370175 0.0871469581854405 -0.0293157540837278
0.00455925427726675 -0.0543574253598672 0.0587961628020887 -0.0460997153498091
-0.0111015628009523 -0.0699400523160973 0.0345569484883289 -0.0306419050050929
-0.00465294827413016 -0.0765158133395496 0.0130584112531764 -0.0120509774741089
0.014840596638853 -0.0903771632973534 -0.0255317576637395 -0.000928955096414583
0.0543287817142999 -0.0676100756407632 -0.0491704804276956 -0.0459904940732173
0.0783219559076937 -0.00224760513178672 -0.0311033199534335 -0.129257170745198
0.0354233991106854 0.0633343265485854 0.0685392261678691 -0.142975337020112
-0.0362013711381392 0.0385235800228023 0.164298911062067 -0.0852117170805964
-0.0340190461177444 -0.0381343978784841 0.134813677003522 0.00510069721381982
0.0144097072810901 -0.0837756248989516 0.0246674035727337 0.0176042430878365
-0.0285284263222572 -0.0808939906383112 -0.0629161015795165 0.051888763225806
-0.0640863352537416 -0.0256132416504531 -0.0363792683480485 0.118377499690634
-0.0420171602717026 0.0403657687859501 0.0653319484156662 0.118808748421317
0.0136517254301224 0.0423676300076382 0.119884544307045 0.0561311507733708
0.0351532162997043 -0.0109097642957775 0.11338708424536 -0.0208136563736591
0.0098957867182771 -0.0459225767944708 0.0734988484774293 -0.0579167615180328
-0.0078772431674174 -0.0632980121715405 0.0342917305575917 -0.0539261718327901
-0.00637826811755118 -0.0689974891859487 0.00583609937153886 -0.0400823976478194
0.00472098107351241 -0.0828855991471768 -0.026638365079124 -0.0295003820741434
0.0371591939446219 -0.0700420318876556 -0.0434360099344298 -0.0655831577477391
0.0671471428264722 -0.0195548525123919 -0.0282557291998428 -0.134202916240919
0.0440574149108514 0.0474134737153631 0.0568627294184805 -0.14579517489505
-0.0260619187333659 0.0445993778117829 0.144070726531456 -0.0952772234915267
-0.0473133308127602 -0.0261429688375193 0.124497249189374 0.00588614615891169
-0.00908320984740994 -0.0790265862412829 0.0156717347849596 0.0487348942085385
-0.0277128577221004 -0.0646035237906674 -0.0711829538229007 0.0655227912196049
-0.0534942754227802 -0.0332217511901614 -0.0700036689759977 0.124339677654771
-0.0490038243914247 0.0244171247958419 0.0266860064075381 0.160076967055194
-0.00274088952991601 0.0383181169573349 0.116599161767129 0.11025972712909
0.0241715097763721 0.000866992137929217 0.139341944383903 0.0100076980779593
0.00780371418766311 -0.0307497465390271 0.0947558661232853 -0.0583334357848897
-0.00615714695829659 -0.0458501399064775 0.0383685217437998 -0.0719806503462037
-0.00755996878833321 -0.0499472778824574 -0.00225149756903798 -0.0628213744687491
-0.00273244757136301 -0.059818191411118 -0.0326808927056998 -0.0508258309506355
0.0176586516966243 -0.0548107470782636 -0.0477973803905437 -0.0756836662310317
0.0438085548241269 -0.0233765248244995 -0.0392207811686576 -0.132104844873723
0.0359187878030547 0.0302472162614409 0.0306962726130281 -0.148328421616563
-0.0172325333689939 0.0414670550816561 0.11313752018026 -0.112200689663409
-0.0480019497968198 -0.0104461125335015 0.11695423367227 -0.00308534641894168
-0.0277792578259568 -0.0580082663784009 0.0196724804917445 0.0740550262240942
0.0498986123798381 0.0276319875747964 -0.0453124559999347 -0.10740721553418
0.0480268301147379 -0.00936071789669383 -0.122799011051351 -0.00756291803899849
0.00622397738835088 -0.0358664964467496 -0.0822493704527732 0.12428962844667
-0.0260565961597016 -0.0230556117883941 0.0036218556983383 0.14334380471412
-0.0314043258400766 0.0153235693767017 0.0610288411928421 0.109941115612324
-0.00701567893358069 0.0347012655902725 0.0630053388340249 0.0655368162385712
0.00999880873462388 0.0317736925248583 0.0399879045005733 0.0527044483829982
0.0128409210295527 0.0262573317073601 0.0120281153949101 0.0658599296309725
0.0121341882705668 0.0267425763184292 -0.0380000634968306 0.0804415578911791
-0.00508812080015506 0.0205351778089027 -0.0954689822444512 0.0488377688582928
-0.0130941818951394 0.00570644197216552 -0.144916872114431 -0.0431163712607852
0.00436763030591972 -0.0208356407330576 -0.0866339032882091 -0.153398954857684
0.0326002427735905 -0.00749011482517706 0.0342700026755544 -0.184231873178221
0.0338755696057139 0.0206497437902784 0.105353310359479 -0.114585130211595
0.0252166612527784 0.0431591936837875 0.0802275889468018 -0.0711107806306371
0.0402690962788808 -0.0128162858752584 -0.0630054552801347 -0.0923971015658514
0.0224539087955181 -0.015919296277988 -0.104469037700626 0.0224966331133076
0.00298276533825394 -0.017018063420474 -0.033703664495095 0.11814346118747
-0.00492300910742397 -0.0160463767610472 0.0340478538570368 0.109775505696213
-0.0103197167427118 -0.00607826053710428 0.0667433134024751 0.0784050098877082
-0.0030515586077409 0.00222654076403637 0.0636110706869995 0.0482100977211746
0.00516614750238307 -0.0011112506386406 0.044876361878963 0.0491536725245805
0.0102577264204971 -0.00456367061906906 0.0183301781615923 0.0696490077449081
0.0163854619698464 -0.00357159923514366 -0.0416779004156067 0.0820272701395178
0.0133277158707618 0.00323493782412222 -0.105123982730608 0.0319782300503004
0.00920208072909465 0.0124538502325987 -0.137992056692841 -0.0858190412505981
0.00525624794822268 0.00603968573778827 -0.0395420055028842 -0.188923722659807
0.0109119582773681 0.00494302433279965 0.105002818203151 -0.186423427599455
0.0202416643175564 0.00644516751063033 0.149956152296302 -0.0917890963936748
0.0300221238646542 0.0121668671706915 0.0889619615427998 -0.0687846273911701
0.0211369811813579 -0.0458685007739482 -0.0736007135036881 -0.0651512610295004
-0.0056423698799857 -0.0140583697031988 -0.0775792537149296 0.0489088763357082
0.000511139380448293 0.00289128338549779 0.00906163661829702 0.100860739878017
0.0115483462193674 -0.0106638693251591 0.0547112747226217 0.0703725593686332
0.00278831893926352 -0.0260144025074597 0.0666704275145048 0.041516068215874
-0.00455045618406634 -0.0252682591969327 0.0599001952198809 0.0229615665968247
-0.00288811795593115 -0.0308238335620891 0.0457787048222881 0.0358195508781224
0.00602547459646236 -0.0340829604243827 0.0210627719497462 0.0619406007763596
0.0210962325171382 -0.0347229028793072 -0.0417719970611393 0.0737073881899615
0.0346505270092706 -0.0140279317322298 -0.102126440157366 0.0142216817219456
0.0320537735196552 0.0220118706575334 -0.113662126734766 -0.113067083669755
0.00281455019270023 0.0329642252604426 0.0095110355190408 -0.194050012976206
-0.0135270513518155 0.0111293112933506 0.157220857734397 -0.160564718462494
0.010730968748884 -0.0135296446710314 0.17243331756963 -0.0586034008440363
0.0381915913100996 -0.0189684062404056 0.0866703505606602 -0.0566190600915139
-0.00141178735787481 -0.0702635613813566 -0.0708536090497242 -0.0318764802697674
-0.0328083930044488 -0.00871504794354804 -0.0481585951722715 0.0692260362862312
-0.00482154481695013 0.0244462555119901 0.0432206525528983 0.082371713546816
0.0232511395607435 0.00117037629223579 0.0715873721121656 0.0365366443760963
0.0151309659741077 -0.0354180254091098 0.0652422972862935 0.00616153220514507
-0.00485667148682957 -0.0445105474802735 0.0552384700025824 -0.00281861961028364
-0.00932107468225253 -0.0531243748509037 0.0436408189264393 0.0161590203576627
0.0019333080014419 -0.0579201152896587 0.0220432137964793 0.0436566152629115
0.0245486449379047 -0.0631377204248406 -0.0369860235271497 0.0554526148066617
0.0528541318053521 -0.0333634787046562 -0.086127187712646 -0.00472642247200161
0.055807064873444 0.025644021916149 -0.0797790240763983 -0.123441207518514
0.00586495778098021 0.0557373108195807 0.046747188717688 -0.174817981545567
-0.0320893510090265 0.0182654339890846 0.1787227499094 -0.122955192050831
-0.00160666931555645 -0.0303737473892739 0.170479242443452 -0.0274440397678727
0.0399197307765455 -0.0486207268848459 0.0689348913081661 -0.0369639916910216
-0.0179414186581392 -0.0838830901993396 -0.0657721500401598 7.66144815877602E-05
-0.0530524199306005 -0.00744653475312119 -0.0265102364560686 0.0862401500008742
-0.0138188673571361 0.0395839320473077 0.0658545558748074 0.0747010071571791
0.0285018764249611 0.0155307609969562 0.0876659992312508 0.0183419773543503
0.0255368219846536 -0.0348436793202828 0.0708900460649575 -0.0187422129243661
-0.00210599772111654 -0.0540039815600447 0.0528720697008127 -0.0272401592993837
-0.0125172234985082 -0.0663936363724672 0.0379396402664967 -0.00700281286270155
-0.00208775660589496 -0.0728014538521894 0.0189508675550361 0.0176999663295757
0.0221352790767232 -0.0831146557097953 -0.0298369864696057 0.0299254160720629
0.0602475046291283 -0.0530191681693855 -0.0660702948866936 -0.0241885342265469
0.0734149667128071 0.0161449536709319 -0.0508761739771527 -0.12539492245434
0.0194916553234661 0.0668726940658365 0.0652172978375372 -0.153655503582412
-0.0394211809356958 0.0283008152304911 0.176991182902602 -0.0962303786191005
-0.0166986348916838 -0.0397074170933691 0.153621259998653 -0.00689763120309206
0.0321756291623422 -0.0719590369299908 0.0461369974581502 -0.0124009354192464
-0.0276862023836803 -0.0869576447035456 -0.0607365029660533 0.0295946326588676
-0.0647714684032495 -0.0131934743469698 -0.0202208532501042 0.103487259762072
-0.0269805284564824 0.0468520442523708 0.0772467315014808 0.0860224120207722
0.0256053257995867 0.0318628783345107 0.10713773879454 0.0224970043138759
0.0338718317989126 -0.0260096184471746 0.0875002271537965 -0.0302622232351422
0.00386670847817507 -0.0542321864499815 0.0585134943380442 -0.0473690120441407
-0.0119337838149835 -0.0700685693370282 0.0346060637442804 -0.0317742507986155
-0.00555005547597548 -0.0768976155849809 0.0134949580122809 -0.0118855896843125
0.0137512003268356 -0.0911362011359132 -0.0254384631988179 -0.000718777674573832
0.0537058461235543 -0.0685642420177828 -0.050234364343155 -0.045754854247898
0.0789241646220818 -0.00335874387027131 -0.0332351952271066 -0.130006270310726
0.0365306965354826 0.0634506686847636 0.0673060078572352 -0.14457025783239
-0.0359748579267021 0.0391704555231812 0.164129284150386 -0.0884372884011186
-0.0348502985097632 -0.0375385990977278 0.136670875476156 0.00296576308185949
0.0130001210399797 -0.0840231765317448 0.0253528829533131 0.0180864325915867
-0.0292333694829604 -0.0803262916128613 -0.0629228442838538 0.0527823293354368
-0.0649107205665293 -0.0247572700788056 -0.0344887768131138 0.119901419718181
-0.041099095896528 0.041320955992232 0.0675702775995112 0.11849700003435
0.0135399813598842 0.041622343235191 0.121248238914083 0.0546114401162529
0.0351658161506485 -0.0117180880725677 0.113530992099948 -0.0221430084336173
0.008982917975421 -0.0460266201366661 0.0733484111089577 -0.0594024744424131
-0.00880088459437519 -0.0630190488251285 0.0342574636827681 -0.0546366912121234
-0.00793448709972214 -0.0691586181254202 0.00538626431093907 -0.0404213588765736
0.0037615401970172 -0.0833249742765602 -0.0268905362224009 -0.0293030834493859
0.0358788403487564 -0.0705652011201822 -0.0444645421262403 -0.0652265871107002
0.066705303146207 -0.0209494452772516 -0.0308989874331506 -0.134943130756787
0.0449055984937328 0.0468228753255816 0.0546683929324095 -0.147733348787812
-0.0257075821814841 0.0449512844389164 0.143824478439861 -0.098504714631709
-0.0480678106166661 -0.0254142813409117 0.125694087861749 0.00412994880895678
-0.0109453406072091 -0.0788174881139114 0.0168352602539783 0.0490823434727472
-0.0284893827746459 -0.0640326107632176 -0.0705814011795426 0.0665794784825255
-0.0539509851703388 -0.0325504704376982 -0.0690020716609171 0.125523361554399
-0.0484237381696161 0.0249441209443775 0.0287441050285025 0.161266427548864
-0.00221533248864923 0.0381372226762662 0.118973813818027 0.109910971082111
0.0240834947366321 0.000586257258392993 0.140836622033392 0.00786779107101693
0.00742679845890679 -0.0309603708485406 0.0946351627164063 -0.0596884404228047
-0.00707528278116655 -0.046073634064216 0.0376123083356683 -0.0731022926022832
-0.00824318874005395 -0.0501851078488596 -0.00274169318368684 -0.0629717084226555
-0.00389450531195735 -0.0600219849644562 -0.0338453758351322 -0.0502946053870793
0.0170156819382901 -0.0556514528098406 -0.0493853921472343 -0.0756790347234572
0.0436221441842651 -0.0241927139560209 -0.0420502688142476 -0.132497062417012
0.0365636865439869 0.0292580080564321 0.0285653391727227 -0.149785585908885
-0.0164425463920638 0.0417269319840416 0.111528925973645 -0.115168929044022
-0.0482638385994947 -0.00979289669551564 0.118042469787872 -0.00498465518756078
-0.0286802370357319 -0.0579161817224447 0.0211865359354831 0.0739469812760049
0.0500736037604228 0.0266722408919233 -0.0475632229499238 -0.106792341088112
0.0482146159882972 -0.00994069451412406 -0.124079620866602 -0.00544233762237174
0.00540488695540491 -0.0358265272960801 -0.0809328887715889 0.126570939652286
-0.0265347228542255 -0.0227927353317895 0.00597133758935201 0.144056387171111
-0.0310702123450616 0.0161066739598448 0.0632350611562515 0.1099927561864
-0.00642994122387725 0.0349520374621006 0.0645511217798909 0.0649914098624585
0.0106752305011036 0.0321444242065099 0.040693144770103 0.052362036623297
0.0136077921750447 0.0259462811493968 0.0131768144522478 0.0659999152578885
0.0127961367519062 0.0268173932176432 -0.0367760959779708 0.0814597908789195
-0.00451621820371361 0.020882673959089 -0.0957249216873265 0.0495921663971904
-0.0129625700850696 0.00621774427141493 -0.146267161373942 -0.0419555350760602
0.00424444348017874 -0.0206976320844306 -0.0889579079959208 -0.153082937711466
0.0323436589768316 -0.00841444854436979 0.0321712569029537 -0.186095852235192
0.0341253780041271 0.0201815268373335 0.104912580316369 -0.116840515260426
0.025650969887664 0.0424509052351553 0.0799334358407195 -0.0724898746424571
0.0401360929926982 -0.0134625239541909 -0.06494000499735 -0.0909488103824312
0.0222921127956641 -0.0165815266752603 -0.105195918757916 0.0241952450038283
0.00238795502094991 -0.0173184545884481 -0.0318637787504439 0.120112622667324
-0.00583455735420981 -0.0156050778916462 0.0361104846683013 0.110265140477599
-0.01030708048594 -0.00536846175018431 0.0687065260820525 0.0772703628818192
-0.00275175273753788 0.00177501103660778 0.0642466821439022 0.0475778096189788
0.00552407618495682 -0.00151661297468187 0.0455675944327864 0.0485472516362082
0.0102152895622671 -0.00472711863698373 0.0194150896499435 0.0697638573162225
0.0168153964435 -0.00386338365672952 -0.0406493120635428 0.0830564037465563
0.013545709373844 0.00300003129144175 -0.105148278014381 0.0333055087509813
0.00969290884918324 0.0128401230332626 -0.1395850353545 -0.0847229455085969
0.00489173855631502 0.00592258686241294 -0.0422498425310113 -0.189983823916525
0.011105649712239 0.00451609140398739 0.102767672117938 -0.189067777127429
0.0201672554001428 0.00612137037068156 0.150141863577503 -0.0939240762776364
0.0299568919276594 0.0117341016024671 0.0885832257957182 -0.0694845689834439
0.0205637855302501 -0.0468814478210925 -0.0745244924255071 -0.0640686801973503
-0.00551090119123224 -0.0135602322736035 -0.0772669700754892 0.0499755997794236
0.000599682555024435 0.00352183209585839 0.0105703927148982 0.101024794598194
0.0115349021446229 -0.0106049659425629 0.0561039236375325 0.0701843705771246
0.00226206924034418 -0.0254660235564756 0.0683084398395946 0.0405781165205913
-0.00487633062162308 -0.0254248381466503 0.0610876058747302 0.0225520704472783
-0.00314614475100258 -0.031004054509904 0.046698833447638 0.035233603373295
0.00543450518760144 -0.0342180029746655 0.0223096643120749 0.0620097080161327
0.0212408818457192 -0.0356187494884768 -0.0411604435694221 0.0749566957231521
0.0346400890117115 -0.0145125144906188 -0.102259949909689 0.0154871985790538
0.0327431444081741 0.0217767714735676 -0.115582179071561 -0.11261903768402
0.00285916048681109 0.0332742363978606 0.00762478943424986 -0.195760529989359
-0.0136980483788648 0.0116208812350276 0.156095557623727 -0.163597358526376
0.0104146210131211 -0.0139263625961361 0.173276235653744 -0.0612036017776777
0.037605858517509 -0.0194882581316181 0.0864376778108167 -0.0568348277804642
-0.00226262915208708 -0.0704045385508132 -0.0718590283855096 -0.0308312273374438
-0.033050253402352 -0.00802436288607594 -0.0471588482982994 0.0701654895885579
-0.00415004477382193 0.0243996542538596 0.0448957766614062 0.0820844819297437
0.0235792088784851 0.000863926927534787 0.0729010977326885 0.0357728744131384
0.0147858955601186 -0.0356534148491161 0.0660785754442158 0.00536612080008165
-0.00532273204733985 -0.0446715135892111 0.0551214041978878 -0.00371959922747119
-0.0096468470821868 -0.0531172983316479 0.0438193067969658 0.0153469970195457
0.00127709508120917 -0.0583807457728706 0.0232798526956607 0.0434403454367415
0.0242196260957514 -0.0633626468232124 -0.0359794522219091 0.0559224089924733
0.0529556794608933 -0.0336997493497055 -0.0861443357114287 -0.00381882954402677
0.0560731022745016 0.0251820836141536 -0.0817092015096517 -0.123048904022339
0.00635795186403369 0.0559065271712764 0.0453984084870466 -0.17619342320218
-0.0322133369572669 0.0188862446021498 0.178241869889889 -0.126301057099833
-0.00208774328918033 -0.0301860457347477 0.171711422140136 -0.0300983244274057
0.0394172206958814 -0.0490098683841049 0.0694074544868001 -0.0374916850190542
-0.0191835225514041 -0.0840622998768963 -0.0663325241069439 0.000949667372324296
-0.0533745678116792 -0.00656023187321429 -0.0255681942574861 0.0875611525011602
-0.0131585894653442 0.0400283423478482 0.0676128770050564 0.0742900732198551
0.0287983098653647 0.0156081800688901 0.0885323878316417 0.0174794012783346
0.025578199934953 -0.0355785896087904 0.071068329092677 -0.0201974477900992
-0.00262002959598439 -0.0540352520116267 0.0526027189991396 -0.0283824174899395
-0.0135981123759582 -0.0662978259896624 0.0388068157342236 -0.00795609804837794
-0.00312376540700407 -0.0732245171112253 0.0194479991662085 0.0175089751101445
0.0212056696828951 -0.083881902134129 -0.0294939739968616 0.03009265405538
0.0598321609881199 -0.0540303171374718 -0.066682318603277 -0.0233560071308657
0.0739904829225068 0.0155178813954934 -0.0529585936582831 -0.12515063269553
0.0201748781967006 0.0667846312095167 0.0631788357637316 -0.155489062235261
-0.0393632621382942 0.0288531769539653 0.176855034328953 -0.0990619202186494
-0.0171810458772576 -0.0398110306117456 0.154295990878556 -0.00875660576285646
0.0313125632159338 -0.0722526438746979 0.0464908341196132 -0.0123940700870603
-0.0284835837189518 -0.0867827859747881 -0.0607179984818835 0.0304207877251155
-0.0651340979950762 -0.0123307678732498 -0.0188112317693282 0.10491753746964
-0.0259580349496979 0.046894036499079 0.0787382067007029 0.0859101631098517
0.0261598495616004 0.0317814608546312 0.108257156927244 0.0209636442423146
0.0338031532528452 -0.026504739623336 0.0878624195022852 -0.0318767994752334
0.00299408808241652 -0.0545064529700145 0.0578829346239291 -0.0481772570260566
-0.0129535306158039 -0.0700989536313075 0.0348136827878344 -0.0325159389678481
-0.00695512844876686 -0.0771056060654263 0.0132197557601777 -0.012470386175344
0.0125128937740783 -0.0918488253044331 -0.0254303001384821 -4.97371571075281E-05
0.0526678250960128 -0.0695330647658249 -0.0510246603085058 -0.0449967940336921
0.0788988640940033 -0.00436962183299777 -0.0357411818691873 -0.129786930806693
0.0370697857330089 0.0626805775657419 0.0661527713029247 -0.146703172318229
-0.0356187514854043 0.0396472160281957 0.1641033729633 -0.092005618039161
-0.0353167140901547 -0.0370349478995241 0.13781100333184 0.000970587465482305
0.0117085073822853 -0.083878489555961 0.0266513296247177 0.01815370030628
-0.0303715692969153 -0.0804564414499595 -0.0628845950387539 0.054028392896664
-0.0652510442653157 -0.0240893657590893 -0.0335854611774859 0.120941864902656
-0.0402128603533944 0.0420382909050931 0.0694293915438642 0.118624355090191
0.0143992390191058 0.0419975353165249 0.123136376790314 0.0534501065191006
0.0345119987779772 -0.011639805784453 0.114900868213229 -0.0237538369884518
0.00818446033892238 -0.0464953085578078 0.0730013659192168 -0.0607675047663896
-0.0101258987963223 -0.0630015441980651 0.0338983498929529 -0.0557872237355515
-0.00888651258292353 -0.0696600458720514 0.00495032495794445 -0.0409047016108605
0.00217979508791601 -0.0836122017564856 -0.0270066765096832 -0.0290371587048902
0.0352062684781968 -0.0713298188227605 -0.045821537004458 -0.0649623673821896
0.0668721903504752 -0.0219149557367465 -0.0335740084910734 -0.135059705263635
0.045218893302679 0.0464612987516301 0.0531485358923222 -0.149579833811863
-0.024950934020048 0.0453492922768987 0.143134986602009 -0.101984558972519
-0.0481817083239873 -0.0248368383075589 0.12669603238784 0.00231403089609619
-0.0118837143681796 -0.0789219504739862 0.0183408904664866 0.0494278203343378
-0.0291839795331348 -0.0637860814953243 -0.0706336998251854 0.0675470954857326
-0.0539810430105877 -0.0321735209908021 -0.0684121529639799 0.127311962621559
-0.0481414431958643 0.0257835363362498 0.0310790955828548 0.162610368068447
-0.00143964488210289 0.038774465120505 0.121194677457029 0.108581841873434
0.0240670990181473 0.00060339329445515 0.141949203711096 0.0064557999819356
0.00670051201015275 -0.0309558655571338 0.0950441182277966 -0.0617227356228111
-0.00748778708908884 -0.045990662298284 0.0373358577065315 -0.0735764699262881
-0.0092993695471473 -0.0501747959213587 -0.00350483944701957 -0.0635047671212023
-0.00484654840875208 -0.0601600753420871 -0.0340339442761846 -0.0498292223291018
0.0160734994088333 -0.0559439264357019 -0.0504274773599836 -0.0752885299130907
0.0433715284557679 -0.0248963700141234 -0.0449181651825425 -0.13219763619643
0.0371423225035123 0.028846595148393 0.0261418861952511 -0.151573855984232
-0.016030027135907 0.042010740496071 0.110167065661454 -0.118268244371506
-0.0483671409301254 -0.00884474918825071 0.118906781226529 -0.00663741190155711
-0.0293604348069662 -0.0573692258960864 0.0227137908830469 0.0741178005974511
0.0503428246870476 0.0261582842263331 -0.0495052850005179 -0.106307418430773
0.0479845069065293 -0.0107695556909963 -0.124865765228258 -0.00383994679176602
0.00477165776510729 -0.0358823941503318 -0.0795388437007383 0.128464524084766
-0.0269298665358235 -0.0222930966476597 0.00808866965812563 0.145574168773655
-0.030792977032681 0.016848345683735 0.065639240171373 0.109816586574694
-0.00587108523565219 0.0354862042096077 0.0660901780390454 0.0640360498195633
0.011772253004771 0.0317884229634167 0.0416271719139964 0.0520889800804802
0.0140785273454009 0.0261167660333016 0.014169719539259 0.0658603871052565
0.0136328209097678 0.0261496693226472 -0.0360384472322459 0.0820604591499507
-0.00440287230639233 0.02104655203607 -0.0955064047203575 0.0509799546138508
-0.0126954024222012 0.00660769183575469 -0.147851075035643 -0.0406830715751456
0.00341395740607901 -0.0209279692805227 -0.0916242473313789 -0.152788619967124
0.0322602571296591 -0.00869815521460368 0.0302304190177848 -0.187623698697282
0.0344349492926315 0.0197337610612193 0.104422047114562 -0.11824363403469
0.0258518192067065 0.0420711108678779 0.0795751901066129 -0.072916353290376
0.0398865785141072 -0.0144840462692621 -0.066625995068972 -0.0900228351165574
0.0219756559033927 -0.0165445600501401 -0.105203129705879 0.0264273126758186
0.00185029447369543 -0.0169202100967807 -0.0299506234885119 0.121233385344873
-0.005868082719846 -0.0155218560906825 0.0384965564954575 0.110622949044991
-0.0104092095271775 -0.00495214794764442 0.0705476668477548 0.0767499855634269
-0.00255407470772796 0.00217697427456209 0.0655584639737935 0.0471726796483982
0.00564321752067 -0.00157190970393974 0.0466309688049582 0.0482460940759235
0.0107118876534598 -0.00489072484999061 0.0205182033766056 0.0697078478663273
0.0165998362321816 -0.00426279645580965 -0.039800241481511 0.0838019856789186
0.0139300892673098 0.00337436840089405 -0.105119897344115 0.0346212450660054
0.00967068933085548 0.0130638471659514 -0.141407435004503 -0.0837078404228103
0.00473193608981477 0.00623568750563579 -0.0441383092570337 -0.189969108346291
0.0104544084636736 0.00466705802463704 0.102243177035991 -0.191343843904841
0.0197127467801833 0.00526942870656502 0.150081887764127 -0.0963596016133496
0.0301749021764898 0.011573936794468 0.0884209903048048 -0.0702772380307364
0.0200192342939024 -0.0470926293883893 -0.0758129633173337 -0.0631901745223184
-0.00580323276960516 -0.0139186951752752 -0.0768318703033935 0.0517430535277396
0.000515288437602427 0.00319725564744736 0.0124914132928499 0.102054955061484
0.0115749052262771 -0.0102519158400529 0.0579452147789748 0.0699352377757871
0.00218177947983226 -0.025250361415397 0.0695609858227819 0.0399279348373342
-0.00517917676705621 -0.0254356470034123 0.0616606991833504 0.0219115153655328
-0.00312423861792639 -0.0310416589214255 0.0468973629217364 0.0344441927053731
0.00555856046759617 -0.0346451274269286 0.023445244005814 0.0618787019408741
0.0208674626010268 -0.0356350837392243 -0.0398555668033671 0.0755432855233412
0.0348151889085507 -0.014544997378417 -0.102125876899186 0.0167389773116991
0.0334286301029666 0.0223999165785365 -0.117463545467912 -0.11223412228392
0.00288815441344355 0.0340952805760535 0.00604395723137808 -0.196800669830658
-0.0140712754974831 0.0118660640281435 0.155544365213107 -0.16682693145747
0.00943201983483551 -0.0141016369073532 0.173522029496687 -0.0632652340620174
0.0371317498572906 -0.0197461700148609 0.0868193143310398 -0.0570212316965784
-0.00286938800817845 -0.0704889135588169 -0.0723569224729784 -0.03005394011104
-0.0333293853360443 -0.00771290526685941 -0.0461805287827851 0.0713689446986083
-0.00367115294717576 0.0244051556201917 0.0463128554592479 0.0824685868822903
0.0236226215469727 0.00077652663144696 0.0743337454280503 0.0347342215216459
0.014232697220405 -0.0356209005298969 0.0669763291163232 0.00435336636773902
-0.00592257480546573 -0.0447662945467065 0.0551480411463453 -0.00484261971002457
-0.0104652174260268 -0.0535457283295952 0.0444244211068815 0.0147334008496749
0.000283621704902943 -0.0585104808620395 0.0235940811781374 0.043442493548494
0.0235268883901833 -0.0642342052794606 -0.0352293602203173 0.0565391279313801
0.0528240562220812 -0.0342517387693041 -0.0863254003219742 -0.00308876092981616
0.0566331602765037 0.0248526045508798 -0.0840394450018954 -0.123238903525201
0.00648992621918907 0.0563948281740603 0.0436554593177011 -0.178586928645085
-0.0322873007721029 0.0192225317074613 0.178055919300746 -0.129469703553712
-0.00272446773842264 -0.0307374591667838 0.172984543891934 -0.0317719408486596
0.0386446775048226 -0.0499847279957521 0.0693142161328118 -0.0374985216753516
-0.0200820036880625 -0.0839874783171873 -0.0664550728784082 0.00209059149639579
-0.0532204466124382 -0.00595900669132905 -0.024110964285113 0.0882264104830055
-0.0125819036823075 0.0402874234720622 0.0691086268718255 0.0742364781026422
0.0290500026057468 0.0151931427493868 0.0897353981401166 0.0161388743152731
0.0249596920952264 -0.0356923851222893 0.071960079976296 -0.0212351201701183
-0.00330535903333798 -0.0541439201619632 0.0531674710151777 -0.0292867377684551
-0.0141824457709717 -0.0664188189524032 0.038809287298336 -0.00847760241023929
-0.00413990516250147 -0.0736043214945295 0.0201371257121151 0.0172519612540375
0.0202092112066324 -0.0844187200690415 -0.029033238694121 0.0304595522759799
0.0591966768520178 -0.0546335744892094 -0.0670574848518085 -0.0226674321434703
0.0743275035677544 0.0146601343958228 -0.0551515747153195 -0.125429837346899
0.0206537382812983 0.0667084956930132 0.0620564302721096 -0.157102775042507
-0.0393157501891758 0.0294320298293817 0.177004466709079 -0.102280288700962
-0.0181477666780734 -0.0394795023412322 0.155878768045643 -0.0105689654304271
0.0304395004857622 -0.0728323598533577 0.0473266888246256 -0.012657031968385
-0.0296316106227907 -0.0866442934666527 -0.0609093874596838 0.0313899208247329
-0.0650280313423718 -0.011692064510785 -0.0175165411432991 0.105577330610209
-0.0252132501722504 0.0477487909985926 0.080558542582339 0.0854319140378518
0.0268000444700285 0.0314426270296321 0.109285071974764 0.0198857687722658
0.0335790119719117 -0.0269870231134035 0.0883417018096757 -0.0332542207596458
0.00229671868580124 -0.0545649024605163 0.0580187148488036 -0.0498553240002965
-0.0140886375113899 -0.0699412904221966 0.0345998372340737 -0.033315581828654
-0.00786555717202718 -0.0771749979608302 0.0138255577124762 -0.012652281663804
0.0114114909854426 -0.0919902486830207 -0.0251467555526184 0.000260725560467816
0.0519352576499744 -0.0704481765506893 -0.0518248689532613 -0.0447588728774153
0.0791789171808449 -0.00510541771162667 -0.0377860771041694 -0.130094984034098
0.0380555931696086 0.0626370121441976 0.0643419276367857 -0.148589422826519
-0.0353407991317116 0.040107940823734 0.164135548128503 -0.094743818758697
-0.0356650768343737 -0.0364837215442938 0.139189272808287 -0.000811227084666844
0.0109062178658334 -0.0840514345933323 0.0275149934859656 0.0182011777541363
-0.0312011333088171 -0.0796636865938934 -0.0626284537881553 0.0547875175034445
-0.0656799679879357 -0.0232106937612515 -0.0321231428480369 0.122083232260064
-0.0398854265464407 0.0430273102091341 0.0710246333669792 0.118450040793819
0.0151821496236802 0.0419897419262603 0.124497847577793 0.0526859796760511
0.034752853468983 -0.0124760698471196 0.114994807855796 -0.0254249108412592
0.00754106700438145 -0.0465291775362982 0.0732014932395031 -0.0621335813874834
-0.0112315583056994 -0.0628066337526547 0.0338103094384542 -0.0561433823050586
-0.010154080775585 -0.0697086424909728 0.0049123310226008 -0.0407598141375984
0.000959834209282878 -0.0839286283808392 -0.026998767609013 -0.0287864525630911
0.0341879217500417 -0.0719608297458954 -0.0466837020599118 -0.0644178358552346
0.0667049675684917 -0.0231613541917798 -0.0360279759187103 -0.13547416084578
0.0460949330565139 0.0456120309687232 0.0514321269033758 -0.151564878756886
-0.0243770798670536 0.0456664126392259 0.142671388909164 -0.104820413461706
-0.0486894427628215 -0.0239938042933124 0.127613405572701 0.000207736200592284
-0.0128867293329086 -0.0787903309559105 0.0193049354350533 0.049496898737371
-0.0298184174994114 -0.0629674330832406 -0.0699499196267046 0.06823268216785
-0.0546478071384366 -0.0315139582250376 -0.0670085175524787 0.128816897314207
-0.0476415027086909 0.026604386098852 0.0325706304697186 0.163043635303041
-0.00106186159798098 0.0382660958518607 0.123142951581917 0.10879742844467
0.0234657690718165 8.09888595875129E-05 0.143194600767295 0.00528879179749789
0.00606626687456358 -0.0308761234871923 0.0952296084019395 -0.0630028205086135
-0.00880710134402967 -0.0456103585407795 0.036783150474655 -0.0747349586422545
-0.0102927663040598 -0.0503946007307726 -0.00407267264701068 -0.0635541850438219
-0.00602679626212384 -0.0603488726611772 -0.0346563461167617 -0.0497213953717918
0.0148744107067822 -0.056362970768172 -0.0518717426660568 -0.0747638251989354
0.0429058174282412 -0.0258266983062268 -0.0470140436489961 -0.132283611269036
0.0379362370051894 0.0286655540721892 0.0238891220515696 -0.153029496850085
-0.0148448461149032 0.0422929133594433 0.109170792551921 -0.120696176172476
-0.0485082400496393 -0.0081175737917525 0.119323918414413 -0.00867015724196826
-0.0301105471406492 -0.0570169406739477 0.0243196695367486 0.0741027396413485
0.0563540862445496 0.00754671793020494 -0.0827870965503245 -0.0847030779715868
0.0413575305071447 -0.0260372601955681 -0.121976123882393 0.0387166284917901
-0.00686040398582524 -0.0345096359283223 -0.032808980542526 0.149597698349211
-0.0326958480022923 -0.0105808562010285 0.0557406147523368 0.13612200542205
-0.0227601015486155 0.0271523700161481 0.0975535806940591 0.0827783850714228
0.00712708871965441 0.0358702198608205 0.0820562174869002 0.0390158658657523
0.0221565616411109 0.0270040742080937 0.0558657961251529 0.0348341050636943
0.0216342390434204 0.0201564594276084 0.0342171318656888 0.0574623994920821
0.0210512061741804 0.0206170825779118 -0.00911998939191171 0.0888863359909544
0.00332642685499074 0.0216907345554347 -0.075698452712279 0.0770745633932216
-0.00948324102610554 0.00992809000404983 -0.151755064295298 0.00761912129952759
-0.00321782407438648 -0.020508553502517 -0.133324876099042 -0.117224374466716
0.02735200414416 -0.0178174056317085 -0.0294544746234659 -0.188598629497498
0.0379797187122257 0.00906142189024515 0.0641933772782674 -0.145094602777707
0.0373077571513988 0.0330276465022629 0.0550589732288931 -0.09352098914457
0.0326262650995165 -0.0273532629243309 -0.0924649665295283 -0.063483270506344
0.0149078969301851 -0.0228514686129909 -0.09197545295379 0.0598597054466378
-0.00333532740379959 -0.0160687877852294 0.0104214701246475 0.126437821543027
-0.010340259735223 -0.0117604543304914 0.0735180153108163 0.0945106099116511
-0.0105999093458885 -0.00083933563767463 0.0919589026419525 0.0509975697845841
-0.000220747084873722 0.00351445606430706 0.0775963092118552 0.0230187151118177
0.00574671167386042 -0.0034155638927092 0.0603066479064539 0.0304857724657284
0.0088631704439049 -0.00787058704049395 0.0421388543189165 0.0592011307516515
0.0149642118153563 -0.00909557575706659 -0.0112472293153507 0.0914571950939048
0.0148426771168628 -0.000952805668177497 -0.0897873348992237 0.0647886632583638
0.0138245048481971 0.00918090009664776 -0.160573577118579 -0.0349926114834072
0.00617415597061146 0.00511805487429027 -0.10045290974094 -0.167480607234987
0.0104726679170851 0.00100788710370367 0.0374563531770295 -0.214171510153652
0.0190923534350038 0.000118928100026155 0.114273686096426 -0.137618230188182
0.0321199009694144 0.00212384404725998 0.0633597717186747 -0.0925674347945555
0.00227620456292907 -0.052508119696303 -0.0911801480119185 -0.0340814509608747
-0.0101710886329873 -0.0102638475473516 -0.0560875756994807 0.0741626062674675
0.0024320966149803 0.00338135428550167 0.0442463876859122 0.0937880228632165
0.00764445671426779 -0.0136306589014566 0.07847325866071 0.0500647962689159
-0.00492191954887244 -0.0247488436624494 0.0799155986013365 0.0164837681897068
-0.0116479694635388 -0.0222830852314416 0.0664845131463628 0.00101687824681926
-0.0122628373431547 -0.0287882744798143 0.0570310258290587 0.0178318907658317
-0.0050266085168069 -0.034012993333172 0.0431468197568929 0.0508490604248235
0.00835769365219382 -0.0402076482074672 -0.0140312033359928 0.0843171559332541
0.028997994795825 -0.0241073275151969 -0.0929272720686399 0.0475883016471759
0.0387571240781374 0.0103308774212628 -0.147284959599234 -0.0686278240601148
0.012739240225269 0.032031715018415 -0.0546791498231538 -0.188534827822588
-0.0104651720939352 0.0153105451231352 0.0971939040725401 -0.207096806453366
0.00321635614172129 -0.0160470363321737 0.146864593633592 -0.113286980720026
0.0292261910101824 -0.0298323281602116 0.0645761509481331 -0.0795544014741948
-0.0272607473428793 -0.0675676371695557 -0.0767016839173067 -0.00391787881715521
-0.034213971221142 0.00481959210843916 -0.0199459226200216 0.0823172294590713
0.00552777462751436 0.0247095775253931 0.0692290678368528 0.0635814516272108
0.0231938582361814 -0.00762619124297424 0.0820765653969111 0.011702673822562
0.00258884935307916 -0.0387798162747215 0.0669584547899731 -0.0156124421853379
-0.0188868952369613 -0.0403517336337448 0.052815423972433 -0.0218952123742098
-0.0268363550160358 -0.0482113952387492 0.0480673658267915 0.000747754944861501
-0.0173998920537572 -0.0550729182678786 0.0379412123932501 0.0332788409373479
0.00197179640176833 -0.0676980957658964 -0.0147007905018929 0.0652671037316713
0.04005283173798 -0.048537228283497 -0.0837549167165117 0.0249545213111717
0.0620019570832078 0.00559649770371067 -0.119639479067085 -0.0889917153544384
0.0232883935985174 0.0521831828249858 -0.0134877406514249 -0.183286178368329
-0.0253558720996559 0.0279166305496047 0.131068267483089 -0.179054846384193
-0.0138021191851552 -0.0279190256466586 0.155246278621066 -0.0822427066613448
0.0216166768541601 -0.0590758454605123 0.0533717036570833 -0.0555160261600176
-0.0478847898468916 -0.0743595862491857 -0.0596178082174888 0.0244972513492579
-0.0520629307347129 0.013233114922841 0.00641024270825689 0.0901597387963118
0.00255423686990201 0.0425382107415566 0.0878349146119027 0.0474467837832538
0.0335159961007748 0.00442504847904382 0.0904468892977687 -0.011385537854126
0.0127334975123063 -0.0421891983559749 0.0633082918258192 -0.0414134831299343
-0.0194893106690062 -0.0501314734514005 0.0428439249123981 -0.0447044836116063
-0.0344355298001701 -0.059511526332074 0.0353975456274655 -0.019359369295661
-0.0266180561944174 -0.0679957451613945 0.0264652742034819 0.0100281958810011
-0.00739678793447624 -0.0858806593906049 -0.0167969765200834 0.0386237724680824
0.0394201518741257 -0.0699349676552518 -0.0711310010967829 0.000631441869921918
0.0752191204695318 -0.00953231678137544 -0.0932967542584727 -0.100604894748406
0.0402352083079477 0.0572661645736007 0.010233013376026 -0.169680393098156
-0.0287091604110229 0.0394577535552311 0.138431787488804 -0.152602830566429
-0.0306918285771958 -0.0314142121634218 0.145328418325366 -0.0566440048932792
0.00694039133408224 -0.0784357846931195 0.0392644346602552 -0.0248221526885592
-0.0575587827178803 -0.0732897245256552 -0.045282299487161 0.0505032613750718
-0.0655666800812646 0.0117568605587611 0.0188457421324321 0.10496431624005
-0.00715067525212942 0.0537678723738272 0.101934013634312 0.0545205447671127
0.0368395586024945 0.0200802609406208 0.109158233032246 -0.0143326729379196
0.023740253117045 -0.0369107678306175 0.0751368919531661 -0.0577142531592974
-0.0143926093076583 -0.0526225020444397 0.0414236234819336 -0.0659641495248011
-0.0356919647087597 -0.0627169911811966 0.023461162583502 -0.0413825729969482
-0.0314830756370975 -0.0703484493338355 0.0107667969121929 -0.0157104858540273
-0.01823347414379 -0.0906963536940813 -0.0224418273965939 0.00836086206742626
0.027199468747389 -0.0823118655107574 -0.0628365028619966 -0.0243799437208692
0.0734893109081313 -0.0298387778470118 -0.0785415251770197 -0.109321455228386
0.0557095790987639 0.0478630252026224 0.0148686019511224 -0.162020009394174
-0.021161343977676 0.0485649768166929 0.127862017490153 -0.14227135342341
-0.0466976708249494 -0.0231865974144823 0.132520215041568 -0.0420411003716893
-0.0150915066532373 -0.0840170741842494 0.0296105457588847 0.0105211349754131
-0.0567769012981806 -0.0660906265106253 -0.0394506349073877 0.0731383340637109
-0.0697999826977652 0.000960107192567795 0.0102103464123422 0.12536249981181
-0.022571655303669 0.0540486617288648 0.103504804621013 0.0882456885405147
0.0299938548668242 0.0341515273339771 0.133743331496981 0.0114247581264246
0.030046589561438 -0.0234989981747277 0.102312458539575 -0.0585832728881019
-0.00718559470039895 -0.0465873079686624 0.0511337357845156 -0.0815221964957524
-0.0309840967640521 -0.0576882118402634 0.0148766069168853 -0.0629723136411073
-0.0308507458029304 -0.0626077473951301 -0.00670880314804894 -0.0398094075726345
-0.0252724576483037 -0.0797458073772914 -0.0333750669846623 -0.0183201394210834
0.0094871624337247 -0.0785452314591781 -0.063711460986142 -0.0452298861401308
0.056219927629886 -0.0429553860809785 -0.0775910521763835 -0.114967743856366
0.0585057565264518 0.02954146258027 0.000780019149084114 -0.160780165427629
-0.00917479790085192 0.0506984660899466 0.104275258770278 -0.145374155454922
-0.0546500233406496 -0.00779232554077127 0.122496217838044 -0.0379573042213233
-0.0360961366696387 -0.0716893698737151 0.0314526467690765 0.0424302474787686
-0.0497250624981543 -0.0502671774817898 -0.0430147673541477 0.0879012646262658
-0.0623727317413498 -0.0102871952524851 -0.0212594952977245 0.143135292751964
-0.0352384324636062 0.0414128486447619 0.0813593957473212 0.142348054690442
0.0134546375365721 0.0367191376028194 0.15033745505364 0.0649576066225916
0.0237165126292692 -0.00778452603925305 0.138223433694172 -0.038664928013176
-0.00291264008720855 -0.0315948026257539 0.0714254863578563 -0.0898162945271171
-0.0232658909894196 -0.041787204328638 0.0116655664186522 -0.0819896308857309
-0.0254365035885459 -0.0444158884721933 -0.0236105778933831 -0.0586716306440032
-0.0245608938692518 -0.0552270172155396 -0.0476549477351743 -0.0361816679861822
-0.00346557160566937 -0.0578176758079967 -0.0717351222885781 -0.054350218966799
0.0325086826189734 -0.0382917317556009 -0.0868587251897463 -0.108593367588491
0.0446798073695324 0.0151679754367399 -0.0254358864941928 -0.153021344004816
-0.00153135230248115 0.0445400641336433 0.0673051996235161 -0.150244199752838
-0.0499279981538215 0.00783628997740626 0.111703861146795 -0.0444186425026453
-0.0464900651787751 -0.04591045504163 0.044025539858821 0.0641900849672306
0.0561746223164819 0.00694629422383179 -0.0840791657741361 -0.0837383653916928
0.0410337878483385 -0.0263488269474161 -0.122157125582389 0.040408830256607
-0.00745966347482097 -0.0344474826567132 -0.0314939623737944 0.151099910050519
-0.0328147868949255 -0.0097236005595587 0.0583746693273645 0.13651263805463
-0.0224869054225829 0.0275069415892962 0.0988803545427232 0.0820407988287321
0.00775306410717467 0.0357952171323123 0.0830500271549086 0.0379316900152199
0.0227103898996982 0.0271264597580929 0.0567146326221343 0.0344741213814522
0.022367577951015 0.0198201702261093 0.0348904708811095 0.0576498819838831
0.0216642201269029 0.0201950386621758 -0.00820491574767264 0.0894199664880741
0.0039214491787762 0.0214057848519739 -0.0754326422277332 0.0779537663447764
-0.00909897100027742 0.0105953293348273 -0.153087245275804 0.00893985376099549
-0.00359160177946925 -0.0203132945522735 -0.135118045839927 -0.116381018601579
0.0270055047873503 -0.0182387375896482 -0.0320015436306059 -0.189543282923788
0.0376542736458074 0.00857237655464096 0.0632900628433598 -0.146509386707276
0.037651520097851 0.0325064080270322 0.0548751956785336 -0.0938094142130322
0.0323818152610727 -0.0279199088222091 -0.093656506567706 -0.0622112646482214
0.0146612056927838 -0.0232980118033335 -0.0920138768747362 0.0614661748238889
-0.0033971416262187 -0.0159838749326527 0.0125872905250947 0.127094012665154
-0.0103862097225847 -0.0114492297934684 0.0748486041222121 0.0938883228623223
-0.0104408598713118 -0.000428340776938065 0.0936899427261844 0.0502217289164307
6.03235419953186E-05 0.00334932924004876 0.078263219928777 0.0223820979703109
0.00582268881848123 -0.00345335475483365 0.0605184056366775 0.0300698365206502
0.00894725221701721 -0.00772330803500377 0.0428737624931173 0.0587369586276022
0.0148183989133168 -0.00956009258454016 -0.0106315982056836 0.092095925986496
0.0149364617675805 -0.00062699899041346 -0.0897151819845533 0.0657226855292372
0.0143456055755999 0.00941259277901381 -0.161355153223916 -0.0334443217848915
0.00603368156963937 0.00546920570966203 -0.102431850215292 -0.167254860940827
0.0103569932685452 0.000838688164205148 0.035712720979187 -0.215691203994896
0.0189898393406064 -0.000317073932260818 0.114342997933302 -0.139344971326224
0.0318110866716925 0.00176219041693942 0.0632516145310379 -0.0929168146921481
0.00163902408974524 -0.0527840913836674 -0.0917664656302088 -0.0327357793862277
-0.0102331842519176 -0.0102142713596706 -0.0552159936723967 0.0752151158040768
0.00240858634182685 0.00362750785384524 0.0457925831514264 0.09341062730341
0.0077717788055426 -0.0133912296567158 0.0796947678268759 0.0490049833376747
-0.00519076515193426 -0.0242021005916015 0.0811065106538548 0.0153873941951115
-0.0118246197815796 -0.022159163659508 0.0669349338306661 0.000122533583177378
-0.012176394341 -0.0287882065553165 0.0572994001472232 0.0170057191804167
-0.00544477631201208 -0.0339704080590898 0.0440851322252807 0.0503442707353921
0.00860914026188571 -0.0406163749483301 -0.0129764049605676 0.084633297940942
0.0291458422505812 -0.0246220696325329 -0.092832145813069 0.0479988752846179
0.0392906410655681 0.0102473631345548 -0.148403043542918 -0.0676538510948934
0.0128864944890721 0.0320611499935204 -0.0568880068669672 -0.189611248617529
-0.0105582737308237 0.015862354223491 0.0956405437104327 -0.209185621956091
0.0028094499761903 -0.0161806197524962 0.146998644148801 -0.114829959319454
0.029015697389787 -0.0304246322129869 0.0648391218318579 -0.0800197632108689
-0.0278632840527271 -0.0673355657160989 -0.0769302064036254 -0.00266128334660726
-0.0341925662568503 0.00514950555405386 -0.0191454208981152 0.0831239558690592
0.0057827753604322 0.0249837229330221 0.070589985640516 0.0631395744655862
0.0233802497387971 -0.00780596420117869 0.082969798660897 0.0102580236006658
0.00247253929098498 -0.0386967166766626 0.0672962811916303 -0.0168509473495269
-0.018808294611824 -0.0403476868917716 0.0528183797646119 -0.0232385214793966
-0.0269857679677185 -0.0478097936184561 0.0481212047607252 0.000308945164963257
-0.0177770210896108 -0.055217290935957 0.0386797330298211 0.0331889848618052
0.00141637658305137 -0.0680756037762043 -0.0138520299413339 0.065507861546202
0.0395944905601454 -0.0489071678001715 -0.0839083790246131 0.0256576633325567
0.0620827149827873 0.00543263330440999 -0.12089684340648 -0.088339550012617
0.0239755895520141 0.0523371405418905 -0.0150092822510145 -0.184583371943346
-0.0254715871713702 0.0283473284464311 0.13009345498718 -0.180943125643171
-0.0143151246494587 -0.0276132846283574 0.155742071162218 -0.0838780420639486
0.0213149249381981 -0.0589889928881091 0.0539369690327883 -0.0559823986549326
-0.0489444082815015 -0.0736377204714382 -0.0596451140914075 0.0254624584454103
-0.0521862109577028 0.0136736118415419 0.00802966735534277 0.0909299796078255
0.00312230221129015 0.0425855067245593 0.0890282379444197 0.0471894782135007
0.0339644465236358 0.00406860815075278 0.090781662514572 -0.0124025554339504
0.0122417328569446 -0.0424997555497631 0.0632938162383269 -0.0418392851673989
-0.0200674545390562 -0.0501501702119339 0.0427669492397726 -0.0453752622343397
-0.0353543978554522 -0.059133480444416 0.0354798433403576 -0.0200812369953681
-0.0273060125374374 -0.0679588293046697 0.0271123556529102 0.00958275552426495
-0.00809515889318302 -0.0858627881443553 -0.0158246152365603 0.0387348088833051
0.039045407088948 -0.0703237386456585 -0.0710292648185954 0.00126779892608938
0.0754435474111891 -0.00991776612245091 -0.0950369592682671 -0.0991287187732671
0.0408172947073948 0.0571858914645291 0.00882748780571795 -0.170604004676798
-0.0286664857841459 0.0403235810948144 0.137424289645753 -0.15530926825398
-0.0315737218831748 -0.0313439666102706 0.145617016884623 -0.0586794053705485
0.00615069483771705 -0.0782319581189278 0.0398674614091601 -0.0244454259092089
-0.0584004350732716 -0.0733123832833593 -0.0446942303675689 0.051517037636625
-0.0650122500914145 0.0126006332007373 0.0201401998019351 0.105017203667212
-0.00664463076892992 0.0539290970300785 0.103137023459703 0.0536548225386889
0.0376865773281407 0.0205829192308009 0.109715506695768 -0.0156799673960916
0.023490248162613 -0.0370212179251799 0.0750775804475694 -0.0585655805302901
-0.0150312094736299 -0.0525339223871454 0.0407435905058309 -0.0666452307057345
-0.0366721803407433 -0.0623020028227085 0.0233902032168923 -0.0422828944049603
-0.0322618809368005 -0.070203819667801 0.0107993996254002 -0.0160755876424314
-0.0191986047970064 -0.0904568847189958 -0.0220025337681741 0.00884062575365202
0.0261772152023855 -0.0830091643821813 -0.0636728275897366 -0.0240034316663676
0.0732303030129311 -0.0309188526119442 -0.0804449055436223 -0.108664939977353
0.0562434930933 0.0473353551146968 0.0129328215894361 -0.163243469886629
-0.0206414377915463 0.0490405414598624 0.127220371056799 -0.145018826635265
-0.0468679369709047 -0.0228678052639761 0.133432110224714 -0.0442537476325546
-0.0156821999860626 -0.083631518977709 0.0306488590361076 0.0104496969330852
-0.0572588405334426 -0.0654712144749286 -0.0392479596157728 0.0738426629811644
-0.0696092632816894 0.00186118968044072 0.0116381974774669 0.125607499824729
-0.0220076734674415 0.0545022776583729 0.105073297270843 0.0883031248097709
0.0306204141320218 0.0342457220673036 0.134718599677627 0.00992832032179345
0.0295634187693043 -0.0232185431523568 0.102728458097705 -0.059840970701588
-0.00722062506696059 -0.0463526766431976 0.0509360141102725 -0.0828037991120828
-0.0315984478215704 -0.0568835225740615 0.0142223807943514 -0.0639902334784067
-0.0319705665773408 -0.0622998799200501 -0.00717341567738252 -0.0401218047985096
-0.0264740644392661 -0.079423988590077 -0.0335050436023814 -0.0181322032043274
0.00843956263096654 -0.0787862468490951 -0.064550376798494 -0.0447025375046584
0.0557106825060909 -0.0437575790059175 -0.0800378257611101 -0.113973870629963
0.0589519462685007 0.0287321951094348 -0.00131177265314502 -0.161232789529295
-0.00870259044709112 0.0505986732446423 0.102059070651308 -0.147895252352469
-0.0546643172474897 -0.00671741119298974 0.123156907799726 -0.0398738865606425
-0.0371251796435 -0.0714054627554561 0.0328702236148445 0.0425085850391229
-0.0497918329346155 -0.0496691144801761 -0.0424603628754471 0.0883917444320544
-0.0621393016062391 -0.00955289664451919 -0.0201195252072836 0.144221402333787
-0.0346517224929262 0.0417590786820163 0.0833693475046182 0.14277236485128
0.0138343893869799 0.0367381956707619 0.151888047599583 0.0639237286912284
0.0238278165225965 -0.00776561775591109 0.139296627555331 -0.0401595826272076
-0.00370094154460873 -0.0313187455255596 0.0710943053451057 -0.0911476325626051
-0.0236735492126887 -0.0411818184565794 0.0113179424182329 -0.082377549242075
-0.0260434496064319 -0.0442517695138746 -0.0239395743034892 -0.0586811101261324
-0.025936846337624 -0.0549910005943507 -0.0479908316102145 -0.0354285354966338
-0.00445614290140024 -0.0577754406403548 -0.072714064086931 -0.0531160561697553
0.0321491677973046 -0.0391803434044366 -0.0893079325319842 -0.107908973084505
0.0452557295441406 0.0145341097166512 -0.027805308408339 -0.153727735924856
-0.00101398422749098 0.0442506113136893 0.0647816023555033 -0.151548418319562
-0.0497269138893546 0.00838643213554758 0.111750906981136 -0.0460693821999204
-0.0468654526739695 -0.0451410017902088 0.0455905701696455 0.0638679083765259
0.0563300386981446 0.0063080749926562 -0.0856230667125339 -0.083062560308933
0.0408108554525938 -0.0269265188598404 -0.122000731239823 0.0421854506516677
-0.00800062561032008 -0.0344592560372263 -0.0298318893412753 0.152633737377291
-0.0332569356943981 -0.00958318389875958 0.0603006017416746 0.136732698750975
-0.0215375007381908 0.0286038438075537 0.100946736346524 0.0808339999639046
0.00852975809655126 0.0355748939904636 0.0841204787412526 0.0371493211701987
0.0234671033166289 0.0264315678272616 0.0570342887247425 0.0338548318637101
0.0227988350757914 0.0194971622106922 0.0356356789601402 0.0574129957648642
0.02229645155073 0.019787932752739 -0.00744979178252392 0.0895076146907989
0.00407980236235087 0.0218432535852078 -0.0748993872662879 0.0791693188943877
-0.00917639366223565 0.0106338835339599 -0.15371440223597 0.00987609428978401
-0.00410667392560025 -0.0199511945383048 -0.137071634107003 -0.116514657505976
0.0266146750753554 -0.0185226556700784 -0.0331405105338614 -0.190287841361441
0.0376977385311459 0.00858471086868819 0.0630090766503941 -0.147665705266117
0.0376766318930497 0.0316992213522112 0.0544900094280876 -0.0946375296008912
0.0318684471420767 -0.0284412983562815 -0.0947368811906078 -0.0613965596921686
0.0144556949207894 -0.023097188347106 -0.0915797637804687 0.0631346138696458
-0.00316174644175925 -0.0155435432047124 0.0144074615858427 0.127324777898615
-0.0103828016036038 -0.0110274609941281 0.0767140576645506 0.0937752563843527
-0.0102898702896568 -0.000322644922534972 0.095224764176181 0.0495865741352576
0.000268915094759776 0.00337571759873371 0.0787481468388746 0.021615348204372
0.00601314821792318 -0.00367082451520294 0.0613185931129595 0.0291816237929975
0.00894323628649538 -0.00831137039063459 0.0436622305940911 0.058693263305086
0.0153017601450745 -0.00983189092595069 -0.00977378735724838 0.0926778846425695
0.0153764339441653 -0.00073906875795621 -0.0893201749708093 0.0666010784787019
0.0144616835991895 0.00941904121248928 -0.162819628659057 -0.0322278485101342
0.00606740587471549 0.0057159254753865 -0.104151611969361 -0.167637448707529
0.01021750619876 0.00137906782367376 0.034333865835597 -0.21768277287571
0.0190662845161315 -0.000474423086601642 0.113766876021092 -0.14122735601424
0.0324260124364425 0.00126404277022611 0.0631308351132106 -0.093920502219371
0.000975239269102561 -0.052784872580823 -0.0923892587495872 -0.031698885376075
-0.0100755198148631 -0.0103940570786134 -0.0543281389947647 0.0764755554294858
0.00293746287124608 0.00355907880536573 0.0473447822037753 0.0934976147751396
0.00769734417455746 -0.0137627508262787 0.0806681684866436 0.0485688623546524
-0.0052162887272686 -0.0244950751773921 0.0819666367158021 0.0146022487992602
-0.0119863105440076 -0.0221698486285004 0.0672370579523799 -0.000816592011500074
-0.0125598467227057 -0.0290100161030136 0.0576950647090318 0.0162711855187558
-0.00584236620667875 -0.0343826274277632 0.0447779170321108 0.0500168652501763
0.0134112636845607 -0.03801176889291 -0.011787054263371 0.0842324344116372
0.0295569407649472 -0.0248645423994292 -0.0927652737643851 0.0491560528945142
0.0396149790318348 0.0102431539266071 -0.149951089946843 -0.0669183852157037
0.0127081895015411 0.0325459060283104 -0.0583513164488837 -0.190126843266855
-0.0106772908093542 0.0158323334966295 0.0947115202847031 -0.211798016694739
0.00247085888935857 -0.0159035675021311 0.146966724500337 -0.116552839921351
0.0282885275991716 -0.0307588532373718 0.0651867066311564 -0.0800530677287423
-0.0287937544590857 -0.0670092250373611 -0.0768932412561056 -0.00186587643224002
-0.0338750170747365 0.00516396827123991 -0.0180887482460572 0.0837225052969554
0.00613955914366725 0.0251387579204322 0.0717774751577078 0.0629019319173331
0.0233435035150405 -0.00782094645202483 0.0835867131173163 0.00985109107494745
0.00206017714134218 -0.0384989553412681 0.0674165736187121 -0.0177667361864992
-0.0193192596357902 -0.0402482794551435 0.0531873288001212 -0.0239162703596267
-0.0276904725258112 -0.0479538512891557 0.048838796160604 -0.000994422422090317
-0.0182901538087264 -0.0554182595348969 0.0392445277991508 0.0324735474636904
0.00109326563576661 -0.0682685326043102 -0.0130962179111883 0.065294469184233
0.0393361205780002 -0.0493178499429376 -0.0840498301087704 0.0262830047820255
0.0628461180350769 0.00489528186527426 -0.122353741895995 -0.0879317551410683
0.0240937017613372 0.0528056495507713 -0.0164452457605256 -0.186098241064437
-0.025545053092693 0.0287088982897491 0.128937531686674 -0.183704095671733
-0.014737423725986 -0.0275787636493367 0.15612012649408 -0.0858689861242718
0.020791904637141 -0.0592842101984044 0.0544378312933751 -0.0560674594223529
-0.0493080663633693 -0.07375496830187 -0.0595443061911533 0.0263106500514482
-0.0519910434074958 0.0145582169760598 0.00926649642986778 0.0909512004447979
0.00373484372238922 0.0428442198471564 0.08984961400326 0.0466459491392913
0.0340026877100033 0.00368121953578795 0.091720300120484 -0.0133152202906793
0.0115311618438408 -0.0424880203325273 0.0636473194395376 -0.043551636964705
-0.0206526428533557 -0.0501934243351947 0.0424586067091399 -0.0460953346591324
-0.0359095133162969 -0.0591892721017863 0.0353984753414704 -0.0207940301190899
-0.0277422937450021 -0.0679646559946467 0.0274191729601798 0.00943749603779448
-0.00949393639643704 -0.0862063303615862 -0.0153998458924102 0.0390291472059768
0.0379790275079608 -0.0707728130805061 -0.0716711301202108 0.00199111293996959
0.0757112314324868 -0.0106547915492861 -0.0963435248517714 -0.099087438539372
0.0414053303194894 0.0573007951657893 0.0072660523619988 -0.171561903307574
-0.028481012029269 0.0406404304740743 0.136549343607381 -0.157870940825492
-0.0318438220428643 -0.0309148709795694 0.146672558915598 -0.0603539167556141
0.00534428340447808 -0.0784291665141574 0.0404161842731085 -0.0246373707453802
-0.0591635165796929 -0.0726784116314365 -0.0446922154908669 0.052283804540985
-0.0651933015853593 0.0133628388023616 0.0218354436655113 0.105705539724302
-0.0060200168634854 0.0541767420826929 0.104123123403912 0.0534409781788095
0.0382897133490111 0.0199004285820615 0.110097383273697 -0.0169916483144742
0.0229072355610646 -0.0372364546333974 0.0747578296127605 -0.0600058050453267
-0.0157680661368253 -0.0524870240822215 0.0402584314353873 -0.0670921503915444
-0.0372382261661348 -0.0622201356278377 0.0230655751845797 -0.0429263452107772
-0.0332623400518756 -0.0703864185512035 0.0112860211084157 -0.0163800791946216
-0.0202805492280511 -0.0902663322470953 -0.0216800260942761 0.00859536720675268
0.0257856442900496 -0.0833692328519094 -0.063757271684194 -0.0234879912744599
0.0730024332422201 -0.0316691039079825 -0.0819954921947946 -0.108530909326794
0.0565944832644263 0.0471440390589436 0.0113999138807772 -0.164433389615049
-0.0202032669573755 0.0495920642626839 0.126181383484622 -0.147463775146872
-0.0471304128876587 -0.0223997918223955 0.134281644664166 -0.0457809219609997
-0.0168125375036591 -0.0835355181051776 0.0314065200683136 0.0105818980864102
-0.0578703651629618 -0.0650748312996646 -0.0387752475387299 0.0742911860365668
-0.0698517861505935 0.00242354778590029 0.0129382051270065 0.126610622237598
-0.0212739625161725 0.0545870799881483 0.106311120180936 0.0878359077600437
0.0312246734698813 0.0340960802409738 0.13573921880506 0.00871662178358941
0.0292411282626524 -0.0236008026359459 0.102747943431911 -0.0614551362573596
-0.00794636952147601 -0.0466140594130061 0.0505359687572581 -0.0836856607936537
-0.0322439073660207 -0.0564174429353137 0.0139306680717808 -0.0643160045356912
-0.0329188062969846 -0.0620696430094362 -0.00745127995837598 -0.0398353811736714
-0.0273707218792808 -0.0794512332128797 -0.033650763746754 -0.0181462338916161
0.00765794309839681 -0.0788765660790822 -0.0653153504714336 -0.0443315322694921
0.055300456338372 -0.0446051502499694 -0.0818270367225437 -0.113185272188743
0.05901297134003 0.027886737780868 -0.00324388915255135 -0.162366961269897
-0.00772009288099705 0.0508432424822911 0.101206916382749 -0.15023967957605
-0.0547014349143759 -0.00597589387783196 0.12357205570188 -0.0412671068382212
-0.0378598927314541 -0.0706389449271024 0.0340015668991317 0.0424508242132689
-0.0504853293008152 -0.0491702413521143 -0.0424438002625944 0.0890784362920709
-0.0625372763498455 -0.00910734078589077 -0.019527299308519 0.144994778010783
-0.034030323178945 0.0420499831697822 0.0850813620619358 0.143072774158971
0.0145209425364423 0.0366057077414917 0.153015666906402 0.0630215650231868
0.0233175134718029 -0.00780728094800552 0.139741939797635 -0.0416595662702875
-0.00415821022716456 -0.0312171198344405 0.0710278073489291 -0.0926169750199979
-0.0240937284406716 -0.0411979078851313 0.0104984304185241 -0.0830506737316215
-0.0268829171450767 -0.0440664134505256 -0.0242267896356856 -0.0582455493355501
-0.0263980366913221 -0.0547472520522298 -0.0484056427964036 -0.0354206746661626
-0.0050867207043383 -0.0576684771776976 -0.0735144625467828 -0.0528827318411157
0.0318617772302151 -0.0398201302348579 -0.0915543072865421 -0.107274485701354
0.0454226656443025 0.013729290248283 -0.0296961133008839 -0.154499593016965
-0.000276216411599861 0.0440515691676803 0.0633858702418119 -0.153597219627593
-0.0494143494540527 0.00858278958422806 0.112139380228025 -0.0479793659356753
-0.0475219969937626 -0.04444418926861 0.0467251925160772 0.0632999982710191
0.056386967361168 0.00543135462534415 -0.0867628037469835 -0.0821432056139628
0.0407719899387231 -0.0270782417823251 -0.122148435375962 0.0439428914424799
-0.00825896167244201 -0.0339412412572469 -0.0277786391155914 0.153574211757556
-0.0332821471266557 -0.00879516824688043 0.0622185076197123 0.137024415260219
-0.0212763325759792 0.0288917820926363 0.102818937573942 0.0802636167959796
0.00884735863245611 0.0357980128998951 0.0847582107807799 0.0367263980134999
0.0236801490393288 0.0261798933028445 0.0579798747251537 0.0337963071149937
0.0231697759344322 0.019371091927472 0.0363421863859193 0.0573805478602216
0.0225527379927247 0.0194847586347334 -0.00642058601753806 0.0900974441454601
0.00476616721674184 0.0218720739644855 -0.0748392765388475 0.0797559435716213
-0.00871387072586291 0.0109180794184254 -0.154324095644697 0.011049103882235
-0.00441571776821521 -0.0199115792453157 -0.138809560053544 -0.116201144899201
0.0263473662144069 -0.0185391752176538 -0.0350831936221004 -0.191512451127308
0.0381077943824609 0.00802337000809066 0.0624706213071023 -0.148967200646371
0.0376621385683611 0.0311295811785572 0.054458089153096 -0.095100643295176
0.031557142038403 -0.0291402350519595 -0.0955490101088772 -0.0604222366310379
0.0143481374946665 -0.0235228284603779 -0.090849240880788 0.0644022432295686
-0.00365583273054913 -0.0152040153780616 0.0164045097855576 0.128156973429968
-0.0104445622704199 -0.0110525146937276 0.0778428623391411 0.0934465445025829
-0.0101130362370943 -4.90799255565746E-05 0.0964503794409372 0.0485331711790695
0.000581576633364565 0.00323605551679016 0.0793778595049332 0.0203919954740012
0.00620332185244022 -0.00397699380000893 0.0619460797047324 0.0287188047017035
0.00935641598521077 -0.0083776275164115 0.0447568445257928 0.0582895856144795
0.0151261607991202 -0.0100145441895867 -0.00893345976617733 0.092785799750464
0.015544146652203 -0.00098486650564656 -0.0894661762047943 0.0675177816035955
0.0147231275475309 0.0096942468336165 -0.164068917696439 -0.03154506321963
0.00589521102057952 0.00597690936148313 -0.106237128448473 -0.167955745412717
0.00971234449150935 0.00119120212012487 0.0327568300506363 -0.219230989642935
0.0187850827318702 -0.000660830435793205 0.113622080702806 -0.142661680373356
0.0317930279327744 0.00107687234201348 0.0634978175488239 -0.0943293976674171
0.000654172279570025 -0.0532658066976625 -0.0926578591959667 -0.0307179188316412
-0.0105548268794857 -0.0102891219537033 -0.0535536062586706 0.0773857716483758
0.0027519407396821 0.00374968858924052 0.0488384082309702 0.0941494812669739
0.00760404919121037 -0.0133763458153749 0.0823933805397647 0.0480859369402178
-0.00544505902278658 -0.0243395363171901 0.0823934101071155 0.013945742657732
-0.0121770697256212 -0.022385886000534 0.0676431622673889 -0.00145351854928321
-0.0127236171336633 -0.0292396228572339 0.0583879560733152 0.0156589885918362
-0.00603244428968076 -0.0344372698733732 0.0457645097769875 0.0498129183383843
0.00777957864520486 -0.0408876903447205 -0.0112641298724397 0.0851751679124375
0.0294647089807956 -0.0249028557160628 -0.0925247060725276 0.0500941163105933
0.0400680950302544 0.0102464458306552 -0.151456635189488 -0.0662210887083767
0.0131381948388239 0.0327250375453025 -0.0603902215426212 -0.191312787637884
-0.0112047557373709 0.0160902191474483 0.0932090148267351 -0.213898828080737
0.00195787807078231 -0.0160510696614007 0.147487384503848 -0.118218892838245
0.0280841132319906 -0.030959950264653 0.0651918183186248 -0.0808162051684876
-0.0292374726038397 -0.0671063577556063 -0.0772094971063357 -0.000718804988149566
-0.03377933206535 0.00558533618418607 -0.0170396462786202 0.0842052287998837
0.0066348045558927 0.0252091233604211 0.0732948230887105 0.0622013014892444
0.0237743144430583 -0.0079967350601203 0.0842295340853585 0.00869852308059713
0.00176017106976096 -0.038554252667152 0.0681232702943048 -0.0187215962959007
-0.0196791315710546 -0.0404177297635368 0.0530395968241085 -0.0243907637320297
-0.0275463803023058 -0.0479556485330266 0.0491981560766012 -0.00171558913225428
-0.0191047805391331 -0.0554621605866899 0.0402569181034268 0.0319731393459934
0.000951921538773786 -0.0684828956188276 -0.0122709824953859 0.0657490847350461
0.0391220805856096 -0.0494135694184109 -0.083941400101318 0.0271092720552138
0.0630846543743438 0.00514873848203203 -0.123623157587792 -0.0876481128609253
0.0246751209523405 0.0528258378782517 -0.0180676303023344 -0.186400331729323
-0.0258597264546241 0.0293931989069135 0.128197070144834 -0.18623941221421
-0.0152571085426783 -0.0272901729752319 0.156592463625665 -0.0875460577132267
0.0200710721812667 -0.0593331875612017 0.054834602896476 -0.0561762238633248
-0.0500946672016494 -0.0734450412949069 -0.0595554553625759 0.0272432327180666
-0.0519087909922209 0.0144229555135851 0.0102443961511371 0.0918458398087426
0.00413202196702932 0.0429448489118273 0.0915106354794608 0.0462193363975328
0.03444029729046 0.00378240737363974 0.0920826659949713 -0.0144202332264219
0.0115576072449296 -0.0431291429140314 0.0635944166667309 -0.0445772692328521
-0.0209955133798535 -0.0499672422619581 0.0422483217765224 -0.0471327659477159
-0.036115577026703 -0.0586464688533647 0.0357615754927158 -0.021769134519662
-0.0285578504171408 -0.068024294355151 0.0277519036644552 0.00906358783716506
-0.00979891816110875 -0.0863179393436334 -0.0146431730313823 0.0387436568753603
0.0379385670966336 -0.0712416857089888 -0.0714809785984416 0.00235370695933902
0.075719795662039 -0.0112479684064309 -0.0981408677109839 -0.0986421050189261
0.0417931538260847 0.0574969099305374 0.00599677328903453 -0.173208002931958
-0.0282504531737892 0.0410980477473914 0.135854300387919 -0.160495074321172
-0.0322086079548666 -0.0305612547234193 0.147694983564653 -0.061975400323802
0.00469398729549447 -0.078471406939106 0.0412474513225014 -0.0248291312051231
-0.0597041254279973 -0.0720324806983136 -0.0439568570081677 0.0531474436751508
-0.0650428460555944 0.0138566863733708 0.022750557401808 0.106062764938158
-0.00524910609820013 0.0542000617623236 0.105731838429751 0.0527404737551797
0.0384381670591327 0.0197136032876145 0.111178368041917 -0.0183385488681103
0.0226569633516374 -0.0372903299996276 0.0746730529155392 -0.0614835478640901
-0.0161363618757559 -0.0524967109277901 0.0398674774219741 -0.0679006887912681
-0.0375939127453581 -0.0619154286567268 0.0231681172013251 -0.0437828707921653
-0.0341467372592322 -0.0702720324072298 0.0112905308055985 -0.0167906360694737
-0.0212219089941119 -0.0908045138643969 -0.0216787163322138 0.00873995849072333
0.0249557884287588 -0.0836136227915877 -0.0641448685340979 -0.0229848284420791
0.0732535958717487 -0.0323076753645576 -0.0839102137108652 -0.108080551751318
0.0573759800316354 0.0464232181080575 0.00985746840283099 -0.165775340781651
-0.0198385271262666 0.049737935388875 0.125539904535311 -0.149843342545283
-0.0474799414526166 -0.0217300373904997 0.134723228841619 -0.047408978260637
-0.017272559409081 -0.0832587158947059 0.0323130483949072 0.010200332253162
-0.0581096169400142 -0.0650102174583901 -0.0386913876191765 0.0751282092599844
-0.0695233230074389 0.00284617507694602 0.0139204024102535 0.127020185222626
-0.0208868424580975 0.0550749015121066 0.108085336580162 0.0874541824549806
0.031990166392043 0.0339157142779466 0.136909171009472 0.00758384888607097
0.0289692844427256 -0.0239499142884154 0.102944067779095 -0.0627056902889406
-0.0084120118734344 -0.0464260644980647 0.0501159294417287 -0.0849101901194337
-0.0327250104612428 -0.0562417214968929 0.0137710778040744 -0.0653339753717626
-0.033839168727347 -0.062287165454864 -0.00726929760267539 -0.040438841576545
-0.0286289553987741 -0.0792955948744033 -0.0336257785695645 -0.0174361112788083
0.00682479732440723 -0.0794425386845953 -0.0659498805167114 -0.0435893577395535
0.0550819417668243 -0.0453918966770935 -0.0835849721454093 -0.11311711956499
0.0594768844401332 0.0276481503124933 -0.00487029780086091 -0.163558812906391
-0.00736614049859508 0.0508128346135774 0.0999937282514717 -0.152267880275221
-0.0545269697838149 -0.00550611784842616 0.124014381985322 -0.0429524990851999
-0.0384818701395097 -0.0702008793674599 0.0355324177439487 0.042224675532518
-0.0504710613642212 -0.0485153833903725 -0.0419593119933864 0.0898070831896274
-0.0624130583464624 -0.0085346278778347 -0.0181682545523138 0.1463762605675
-0.0341763159828986 0.0422749874708882 0.086422837837267 0.1434904025354
0.014964921481932 0.0365908629410563 0.154742669647632 0.062265434182945
0.0230871594653032 -0.00792219740661993 0.14076134645255 -0.0430715642620825
-0.00446148922311755 -0.0309364383406513 0.0710671140781624 -0.0940109179871439
-0.024625378429515 -0.040616833401554 0.0104037135294201 -0.0839632862208251
-0.0276670123486663 -0.0438599027633653 -0.0247723062857787 -0.0584527762325349
-0.0271665463098422 -0.0545491636892098 -0.0484381601568628 -0.0350477701233581
-0.00592351497971071 -0.0580203297633061 -0.0745190661149533 -0.0521181569760336
0.0313160924688242 -0.0401100880533195 -0.0931677198083845 -0.106693833519126
0.0459120085396204 0.0132219813659284 -0.0318757411222092 -0.155109245491195
0.000161774222173598 0.04440739100951 0.0618755628739674 -0.155311145096931
-0.0496908868182031 0.00944294503002297 0.112259326282693 -0.04967671066525
-0.0479015064620457 -0.0438162771681046 0.0481261546861384 0.0630570501963879
0.0561436155630623 0.00493026723139554 -0.0876978283566922 -0.0813697406565564
0.0402980198229023 -0.0280279358929608 -0.122523522703854 0.0459122143147083
-0.00881580236824818 -0.0338905217767578 -0.0264510955388836 0.155388783245888
-0.0334250029226575 -0.00852689107840448 0.0643237071881474 0.137492113902163
-0.0210749548954802 0.0291857477534668 0.104456627980001 0.0798459063546785
0.00989392433685408 0.035707085457164 0.0857119293773895 0.0359071075340695
0.024444039118929 0.026090232229082 0.0584112160942123 0.0333575189109762
0.0238999346164706 0.0191909499353959 0.0367817422319712 0.0570705871509422
0.0231568547113575 0.0193030255756298 -0.00622153225361676 0.0904517073670335
0.00480475534875178 0.0215695391301881 -0.0746279835626202 0.0807421389363734
-0.00865346527551207 0.010821076390278 -0.155534132992743 0.0124086157744099
-0.00447806894046935 -0.0196619138173691 -0.140482324443861 -0.116183455745284
0.0258684564488764 -0.0187740860789101 -0.0368572791073545 -0.192544210139658
0.0376972453094418 0.00753702172353998 0.0618192675275946 -0.150454857715321
0.0379651601280342 0.0309445264046356 0.054919357110184 -0.0955599026437821
0.0312873255344382 -0.02963568080042 -0.096378286579847 -0.0594851614003891
0.0140087202871738 -0.0235613040134407 -0.090351637255611 0.0655384655833137
-0.00378836039659327 -0.0151179883832982 0.0177292181268205 0.128979513075607
-0.0104526706648848 -0.0112979126980369 0.0792522786988063 0.0936325097164293
-0.0101256110992639 3.69123627904306E-05 0.0977425574398554 0.0478015956747234
0.000433641952959453 0.00292958846034258 0.0806701397477175 0.0198125412472035
0.00696245414222548 -0.00435877785135351 0.062376168670129 0.0284758774517721
0.00948079854739326 -0.00855616539881893 0.0456036975695814 0.0580944649871701
0.0157156687177873 -0.0104832330976215 -0.00854868802217758 0.0928914754283328
0.016110611568907 -0.000979252053346698 -0.0895347102384966 0.0684883566684474
0.0148681055646954 0.0100736807350547 -0.165174800120044 -0.0306258829338876
0.00570884860358633 0.00655256068795158 -0.107723252608239 -0.168331234972198
0.00963520315225351 0.00124292308801352 0.0317471743152342 -0.221107791101725
0.0187511794513951 -0.000971278917342689 0.11385687837648 -0.144183465265844
0.0320673703828773 0.0008399541197234 0.0635512298697648 -0.0941953935650348
-0.000171033572731721 -0.0533242831383208 -0.0932165154185977 -0.0296161794306111
-0.0105779365305099 -0.0104295639981771 -0.053069806502651 0.0783340455015893
0.00281491162011828 0.00390501931670871 0.0505586602260199 0.0940218671873647
0.0080102164734556 -0.0137519462329509 0.0835428598866022 0.0475445940783427
-0.00573834151176775 -0.0244007996010505 0.0833461706295223 0.0128430434053482
-0.0122113600140436 -0.0225134974455152 0.0679293061999224 -0.00236908207871248
-0.0123557177344768 -0.0293284461337451 0.0587131931091597 0.0152634439869884
-0.00602580724169064 -0.0346620559889611 0.0466586826218946 0.0492673337094901
0.00812467890893802 -0.0413087057924678 -0.0106484972781408 0.0854387271062309
0.0295849490736505 -0.0254530610675901 -0.0930910416921179 0.0506441229567096
0.0403312731598275 0.0106350128200169 -0.153005630431495 -0.0659731696448361
0.0130943204519474 0.0339115231913695 -0.0619203904311844 -0.192029298048313
-0.0113038065526661 0.0163113691890141 0.0928414998326529 -0.216023407513369
0.00167017346422298 -0.0160542782986104 0.147630830308979 -0.119975313662661
0.0278635798857513 -0.0314511108089357 0.0654269330661735 -0.0808835130697316
-0.0298925266181369 -0.0676886172515519 -0.0774612075997252 0.000383343595226608
-0.0335952969817287 0.00611156439798821 -0.0160295196542862 0.0847979288745319
0.00730998540598239 0.0250924912597738 0.0744767288330749 0.0620983338853641
0.0236989761016757 -0.0084638631132696 0.0854180874271706 0.00830637451063094
0.00154349194412053 -0.0390272454937227 0.068598726870171 -0.01954014946993
-0.0200336678577062 -0.0405305227207151 0.0532945090515495 -0.0248560458131632
-0.0280657880495662 -0.048027410252627 0.0495596739460339 -0.00230825901113027
-0.0190655528722604 -0.0557087618384938 0.0363206445880212 0.026474995165031
0.000304777270094217 -0.0688682563181355 -0.0118293104306407 0.0659589989988547
0.0389097096983778 -0.049966756743534 -0.0839186375434528 0.0277023875154165
0.0634223239057943 0.00490164575529354 -0.125209318227364 -0.0871291520357155
0.0246894707814085 0.0532835428590681 -0.0196731044485269 -0.188057575980241
-0.0258604110607555 0.0296532541886311 0.127538475911054 -0.188920800980151
-0.0157413389671024 -0.027516413146114 0.157377739104367 -0.0891539017919948
0.0194854148848578 -0.0596286981450965 0.0556570388491753 -0.0561845138360052
-0.0504540571362047 -0.0733722935499632 -0.0598470057315994 0.0280040110774558
-0.0516045197338209 0.0147350276358898 0.0111629374540115 0.0919393422975339
0.00462676685542891 0.0429735684867308 0.0928773763948255 0.0458251818953519
0.0347315912804129 0.00318898435178006 0.0928726055786279 -0.0155819223781262
0.0108688820983181 -0.0431715549894463 0.0638641898250215 -0.0456118628037557
-0.0215931826249506 -0.0499377888994426 0.0420779126794795 -0.0476735961042299
-0.036628439864203 -0.0587164823279667 0.0357183832049157 -0.0225573294457814
-0.029653163426812 -0.0680951477942963 0.0283607392223022 0.00872930609138176
-0.0103280767124153 -0.0865862355809339 -0.0141267754429396 0.0395818021421149
0.0372046453968129 -0.0717702429862199 -0.0721095552088134 0.00308413303875937
0.0762129989720587 -0.0112124732434288 -0.0993807128408361 -0.0983192338516787
0.042156432961488 0.0575021453319498 0.00425216198589002 -0.174401927180661
-0.028212019287822 0.0416987870193581 0.136170623153908 -0.163049128274645
-0.0327388688916447 -0.030525465906194 0.14834479406722 -0.0635295699166721
0.00433079603222287 -0.0786576262365192 0.0420442525907977 -0.0252168296233181
-0.0602154318513686 -0.0719010010299631 -0.0440417390878849 0.0538662249175988
-0.0649013506522454 0.0143319277006038 0.0241073603217603 0.106678250833026
-0.00477084607200514 0.054290720258405 0.106554098129568 0.0526204466619791
0.0392916967734168 0.019767327889206 0.112164148479565 -0.0191599047864813
0.0226827564862358 -0.0375350051486386 0.0753425051663474 -0.0622205233193776
-0.0165689076562404 -0.0524065068240036 0.0401132180426386 -0.0694891245750962
-0.0379195472281835 -0.0619269030314201 0.0227503211625959 -0.0444712624520989
-0.035219318030487 -0.0705945119112507 0.0116117121157497 -0.0168707270989479
-0.0223068930949416 -0.0909284406575293 -0.0211049524894566 0.00903716130864486
0.0240665906416975 -0.0841355332066078 -0.0648334886406236 -0.0226614148461171
0.0734712852009412 -0.0330676518298725 -0.085677677512359 -0.107734645755884
0.0574652557838887 0.045722702114397 0.0085919478097511 -0.167014692398733
-0.0195729515290134 0.0499761195786997 0.124694385831564 -0.152164353230347
-0.0479119429098085 -0.0211994070468269 0.135551156990487 -0.0490550461652946
-0.0183858622895346 -0.0829820748229499 0.0331351808198431 0.0104022998524357
-0.058794958045576 -0.0642825533391731 -0.0382992029098909 0.0757781157891078
-0.0697670841829528 0.00354152280446638 0.0152470598097531 0.127868084749234
-0.0201917326352105 0.0551400418567757 0.109100767293083 0.0876594312088716
0.0323270703975501 0.0335753341971014 0.137662553340119 0.00700194667036311
0.0289021909946238 -0.0240163248262503 0.103602800891778 -0.0638686247761904
-0.0088961989094306 -0.046382976533945 0.0500525400685072 -0.0859441821736219
-0.0333146401165753 -0.0562165790955127 0.013499044193355 -0.0658455712950476
-0.0345960869207353 -0.0623343240046578 -0.00764089977148071 -0.0403492166379966
-0.0293841670214912 -0.0795357528613541 -0.0331926472209818 -0.0176875696844118
0.00591503954162305 -0.0793922225141656 -0.0667347981425465 -0.0435569321696453
0.0549285291150753 -0.0460041038515331 -0.0858320888895035 -0.113134736073369
0.0600425380805436 0.0268802368176755 -0.00635484212679395 -0.164803921993822
-0.00688054989055365 0.0511909957902017 0.0993041537524631 -0.154670695847748
-0.0548966164909379 -0.00481600287017525 0.124748750900224 -0.044793488120973
-0.0387734172688764 -0.0698774069705105 0.0365059686478199 0.0417845035042745
-0.0506030787613276 -0.0482384766134607 -0.0416709339174237 0.0903448180286024
-0.0627553297658272 -0.00819668659617553 -0.0172530705787669 0.147529436678411
-0.0335670074132447 0.0424545481127106 0.0881940698062652 0.144343824220107
0.0154319010681252 0.036115917600411 0.155907878389412 0.0617269991614467
0.0231724972335321 -0.00802791471316498 0.1414926923455 -0.0441553460965067
-0.00521844126995997 -0.0308663968502033 0.0707778658393498 -0.0947334539477292
-0.0252171967466921 -0.0402542226313031 0.0102339973011188 -0.0845717823992666
-0.0282556056456695 -0.0439327296646212 -0.0251475626662152 -0.058753014549785
-0.0279875266873534 -0.0547628180642461 -0.0487864957846085 -0.0346381537479617
-0.00710440045555761 -0.0580673965663307 -0.0755224907361304 -0.0520544173616388
0.0306366319547918 -0.0407662435163025 -0.0949344010173527 -0.106403440221751
0.0460132455507616 0.0129062754967966 -0.0338028080051649 -0.155938660163893
0.000626116960237566 0.0444883398675143 0.060527654082277 -0.157479705779619
-0.0494026575824471 0.00983965152140108 0.112915806601251 -0.0511144709169206
-0.0483486230469817 -0.0434539861216755 0.0491767767140115 0.0628563307191227
0.056069977534046 0.00468597849787566 -0.0888811097951122 -0.0806392850283773
0.0403546239941397 -0.028293910058221 -0.122687546252996 0.0477079982016938
-0.00926451533385772 -0.0340734018469966 -0.0248895334281171 0.156955270172721
-0.0337907089752932 -0.00788920040844157 0.0661769032209068 0.138049165460768
-0.0204399993970708 0.0298134093302772 0.106076929336155 0.0795729770579988
0.0103818913897436 0.0357450472906677 0.0867388469900756 0.0354860603980382
0.0251349010564356 0.0257441927323033 0.0588188128600284 0.0328399764027974
0.0245145232416272 0.018910802068311 0.0373815363812829 0.0571182044479872
0.0236365588107285 0.0190970408652783 -0.00555776437294631 0.0906712845268289
0.00556421892994964 0.0219614232965564 -0.0753180249440689 0.0813329002046535
-0.00840886926649186 0.0114477165298055 -0.156996777828628 0.0135913859110665
-0.00535437142153833 -0.0192081949628088 -0.142524923883986 -0.116113800291696
0.0257574838928357 -0.0186846059705294 -0.0381892235302757 -0.193625734774205
0.0378892484448618 0.00768628131698096 0.0614862877563663 -0.152187289801349
0.0382997643789604 0.0307715259789466 0.055056375970656 -0.0966509278909915
0.0311289668547357 -0.0299533421548759 -0.0968451588192651 -0.0584337574274291
0.0140345006284385 -0.0241137468425395 -0.0905536317180393 0.0668474784347549
-0.00331625427291523 -0.0154956332060376 0.0187895688874113 0.129961142807782
-0.0103665604461729 -0.010499306046391 0.0815227883628675 0.0933404441207724
-0.00963770767923242 0.000224059794359947 0.0992832536128374 0.047182105637204
0.000993448569442056 0.00292343809799176 0.0808975742143854 0.0196943760885144
0.0069681208556366 -0.00458402014565012 0.063378223705829 0.027812970301521
0.00965493713251684 -0.00921644321284164 0.0461417753575609 0.0575469276300276
0.0161867918409668 -0.0107996617929943 -0.00800656493983708 0.0931127052290097
0.0162101361422823 -0.00118197809550849 -0.0897320341535405 0.0695819236841988
0.0154324542758881 0.0101905879123876 -0.166713642337524 -0.0298809941918334
0.00528978453007842 0.00705435839870692 -0.109836770971425 -0.169510239248519
0.00934693625007964 0.00167310561682663 0.030550345152989 -0.22316803250727
0.0183324349702114 -0.00092084110241164 0.11421585971895 -0.14606901110595
0.0317674199082712 0.000218193711321616 0.0638429133676996 -0.0951444800576277
-0.000412725090564776 -0.0538933472298118 -0.0940933832277967 -0.0290521326192591
-0.0107510873614782 -0.010088915344912 -0.0517904157154702 0.0793884465580122
0.00310673783126385 0.00406713045936122 0.0522208358402547 0.0941373633869759
0.00813538318368132 -0.013824031222398 0.0846177407020854 0.0473439659114427
-0.00569999169834346 -0.0244243261006192 0.084001150470876 0.0120983322532387
-0.0120722589964803 -0.0227746432466815 0.0684477966009993 -0.0027215153618978
-0.0125333393307268 -0.0295009842149251 0.0589523861803748 0.014580021098166
-0.00640008743437456 -0.0348314808825034 0.0471703566364656 0.0487847189059837
0.00828416608379771 -0.0417257575106219 -0.0102034219545852 0.0859317020112426
0.0295541566153572 -0.0255862687118566 -0.0933752356223005 0.0514664853004764
0.0410212058269133 0.0106988441542932 -0.154291674193711 -0.0647192705209181
0.0130526479348306 0.0340034603330377 -0.0631978850840338 -0.193238301941289
-0.0109591935854349 0.0169582674384611 0.0917721339245218 -0.218612933921764
0.00129433589404659 -0.0162651383590464 0.148673959518218 -0.121744534366548
0.0277513701090214 -0.0315369399989457 0.0661317463965595 -0.0814269539109089
-0.0307789713424276 -0.0672076065699106 -0.0774878941918676 0.000948178906197137
-0.0337325464272474 0.00573255886190977 -0.0152606351292679 0.0860509807332409
0.00752598300435574 0.0253869814174841 0.0760594781259117 0.0622741480170728
0.0238289211605547 -0.00824970903070838 0.0864415278063409 0.0074374546908482
0.00125877914562545 -0.039061465684829 0.0691662843811462 -0.0204928377620403
-0.0204837030180308 -0.0406298057218853 0.0532717278558263 -0.0257486280851334
-0.0282070276260928 -0.0485338175019186 0.049433710056463 -0.00281401910588769
-0.0200632158427031 -0.0560871077187646 0.0416624273187934 0.0318260869722287
-0.000204926731482125 -0.0694046741557653 -0.0110424036028172 0.0663541310002578
0.0391347101690309 -0.0502466820181766 -0.0846371898600186 0.0284970654471088
0.0639865692986992 0.00481280157578075 -0.12664814710825 -0.0870815796855302
0.0248663865821074 0.0537064630808378 -0.0205832787735951 -0.189465656035213
-0.0258427325127781 0.030337808541957 0.12787326147055 -0.191369408623907
-0.0160238055178461 -0.0277607012269551 0.158619086783365 -0.0909886398182774
0.019198845824242 -0.0599235276575738 0.0564189451127249 -0.0568353876572243
-0.0514920550041782 -0.0735343434804313 -0.0598859804091893 0.0289317219013231
-0.0518019113705154 0.0153875257614582 0.0125246889327965 0.0928376527660913
0.00544767759932862 0.0433358505841403 0.0939007606314516 0.0451629142574217
0.0350962072241909 0.00303574718497471 0.0930180789836716 -0.0163237292068602
0.0111685180824218 -0.0434257955194588 0.0637851746670749 -0.0463575628895163
-0.0221101753183834 -0.0500233377897571 0.0419368268497406 -0.048620910501098
-0.0371949381129702 -0.0592545626200231 0.0358903913794653 -0.0230433416939669
-0.0305461105603334 -0.0682305336080133 0.029004126066572 0.00838506630656061
-0.0115530523929221 -0.0870803306380915 -0.0139301812641598 0.0396472006954399
0.0372444451273197 -0.0722142616339616 -0.0723215737385825 0.00321249296016215
0.076365154195405 -0.0118921439473124 -0.101125852488122 -0.0983851314237185
0.0427771693241542 0.0577644950887882 0.00384918438363603 -0.176132073315992
-0.0278792144730387 0.0422650805974988 0.135843396910461 -0.165693903797376
-0.0329744713610848 -0.0305504149188111 0.149351459017368 -0.0648489026524521
0.00369496243057233 -0.0786551712501457 0.0428881271970011 -0.0252055420637986
-0.06045619596712 -0.0720007795564544 -0.0443630353495988 0.0546249645936227
-0.0650376258565162 0.0144604710701168 0.0251626273464771 0.107647309502482
-0.00405176047811203 0.0549387458426525 0.108526277113717 0.0521978499163313
0.0394421913109319 0.0191697850073879 0.112915850377563 -0.0200661813098826
0.0224236607360889 -0.0379133057514792 0.075488441666369 -0.0634908177579642
-0.0171042336853835 -0.0524344577223891 0.0400119925992635 -0.0702068130949276
-0.0385751175382361 -0.061739326481077 0.0231530660587695 -0.0451601801295307
-0.0359974736483753 -0.0703404982516352 0.012001598749326 -0.017310859479463
-0.0229502799047493 -0.0914284159629139 -0.0211364392275196 0.00922172506497868
0.023770622893212 -0.0850035114271007 -0.0654262529440094 -0.0224425415688128
0.0735334874550836 -0.0337892057550667 -0.0869412637428795 -0.107560994745528
0.0586652471080722 0.0466768380807287 0.00742075201948965 -0.168825575162263
-0.0193429020493693 0.0502606859149995 0.124707717394862 -0.154862777802005
-0.0483425365839587 -0.0208869036774109 0.136904781982303 -0.0508688788858814
-0.0188193169944432 -0.0830594718978172 0.0346204788231898 0.0100991368148964
-0.0590928216668961 -0.0644316940824532 -0.0380568692480025 0.0768245320153199
-0.0702020852792569 0.00389596695750063 0.0159895905857646 0.128978584076945
-0.0200731597557338 0.0557616223348947 0.110941068098069 0.0880016443208258
0.0327354017026608 0.0334195800644739 0.138910145387833 0.00589136450176603
0.0289288004382978 -0.0242844260910034 0.104357141117478 -0.0655562742162481
-0.00918366544349865 -0.0459666757612359 0.0501660960939243 -0.087176392682076
-0.0338772969182782 -0.0556270700358194 0.0135611486573 -0.0670290235058189
-0.0354871157456068 -0.0622379276236193 -0.00741930454197046 -0.0410944807193733
-0.0306218776641022 -0.0803575112946012 -0.033429871515154 -0.0174134476257604
0.00538743082081912 -0.0800893396206361 -0.0674504131904813 -0.0431522918228514
0.0549499648395845 -0.0469308020906966 -0.0874788212877106 -0.112772076900842
0.0602926680655511 0.0264960246124687 -0.00832530672957093 -0.16600088216436
-0.00671959554730054 0.0515425540861498 0.0985301960492107 -0.157069448226481
-0.0549234001129996 -0.00458887868264246 0.125867028986753 -0.0462192276029826
-0.0394884915917437 -0.0696268039211155 0.0376159900970299 0.0419155510188329
-0.0509850313315434 -0.0483586777887793 -0.0420484081200351 0.0912626423748859
-0.0628855826508954 -0.0078120078447922 -0.0164941859356826 0.148544500882786
-0.0332894878646426 0.0429523796505697 0.089335112056774 0.144849961575596
0.0158359747875312 0.0362931416493659 0.157970216916695 0.0610313578257529
0.0229768360821135 -0.00827213813182068 0.142476735067112 -0.045920450518279
-0.00522452102291811 -0.030901884403486 0.0707852510575489 -0.096139763726199
-0.0257478258599977 -0.0399692831329532 0.00969525086197072 -0.0852103069537303
-0.0293129787655455 -0.0439073232531075 -0.025470933366238 -0.0587054716546927
-0.0288194459218615 -0.0545561101303428 -0.049312739350747 -0.0344882388767431
-0.00741713686691238 -0.0585086954387975 -0.0761548650728027 -0.0517241884841858
0.0303310147896295 -0.0413433115759178 -0.0972037942339703 -0.106049844602645
0.046343847181461 0.0123950079811873 -0.03572718067857 -0.157784429123452
0.00123438869075387 0.0442636541113764 0.0591664463334375 -0.159326258123302
-0.0496416556206416 0.0105293055778428 0.113098789964118 -0.0529891804663809
-0.0488699346739428 -0.0433277557639725 0.0501868711652401 0.0625934376208623
0.0564830083117446 0.00363445829655462 -0.0904194626690298 -0.0801311823054215
0.0401757975065448 -0.0287699232301216 -0.123053348209131 0.0491049358445257
-0.00951068249324822 -0.0339380726878523 -0.0237133413805227 0.158560772694954
-0.033839293952835 -0.00748175231230582 0.0682923124495469 0.138729112082115
-0.0204807168940437 0.030333046673074 0.108189069775035 0.0791265153139927
0.0111553738655247 0.035913460625614 0.0875575256280631 0.034806335463843
0.0255322873086293 0.0254789741313164 0.0594560891156368 0.0325964123745527
0.0250357518331874 0.0188491984346746 0.0382890451192383 0.0570792200360224
0.0241015976461686 0.0185301782217141 -0.00465535845386894 0.0912105856785071
0.00608459120102135 0.0222240992330169 -0.0751928426993261 0.0824046172141687
-0.0082119311469223 0.0116137831487327 -0.158218403289302 0.0142036382343492
-0.0057723838604941 -0.0191945989732474 -0.144889122741272 -0.115790020514974
0.0255537717050027 -0.0188808467544562 -0.0394222418792061 -0.195026962650469
0.0377151551752182 0.00743285127663701 0.0616728706440047 -0.153742260475791
0.0387944358664606 0.0303594014660361 0.055079710372292 -0.0975828568002835
0.0307673620296246 -0.0305897713944638 -0.0981797543942731 -0.0577747499158651
0.0139511105167783 -0.0241151080204144 -0.0904744588597133 0.0685010930494173
-0.00400670086084176 -0.0152026385759208 0.0206877137489115 0.13115717795953
-0.0110746862825299 -0.0105397614596412 0.0833315116872869 0.0940763748465447
-0.00985066236574585 0.000419803742304773 0.100469874534949 0.0466595873192169
0.00162963682137038 0.00277945282418252 0.0815312818568111 0.0189367487300028
0.00724356012775546 -0.00468927482335659 0.0637620758097493 0.027844215484228
0.0100346776930735 -0.00918142282888308 0.0467067518546126 0.057830875478841
0.01601052829565 -0.011045165305091 -0.0068245484083494 0.0941173332668074
0.0166969933786597 -0.00122463633043334 -0.0900267774424055 0.0702236072346349
0.0159516403873626 0.0104866841398769 -0.168253511874104 -0.0292066824248496
0.00540955209670976 0.00707221836030865 -0.112059422976961 -0.170143279502108
0.00928541839047587 0.00160724919676083 0.0296917382682597 -0.225078475498098
0.0180375345632824 -0.0010599425099726 0.114499435737001 -0.147689981099862
0.032045579159682 2.06849344706146E-05 0.0647393057121044 -0.0962544472858167
-0.000905171806310378 -0.0543402214539872 -0.0946006708221211 -0.0279545472687164
-0.0107679263102023 -0.00995266389471821 -0.0516899344501791 0.0800762490295474
0.00356862029817899 0.00425639607099676 0.0537254731973082 0.0942186299826409
0.00842892744504896 -0.0135723360598314 0.0858892860912815 0.047039899907691
-0.00573492708072706 -0.0244073542123404 0.0855808633063312 0.0111649618335092
-0.012153970984158 -0.0227091064597433 0.0690628402776719 -0.00347335653926976
-0.012510837498429 -0.0299062658011904 0.0597392830828851 0.0141052254943342
-0.00632863827352245 -0.0354795167885705 0.0481785227955196 0.0489106921665648
0.00777990357521516 -0.0417887862306464 -0.0090384530466767 0.0862283870908546
0.0301003775892826 -0.0256072374759754 -0.0936193068986037 0.0522947737276021
0.041611185040272 0.0105050314610431 -0.15639404807515 -0.0647213712953547
0.0133152739577605 0.0342250412016411 -0.064999304384002 -0.194612687820017
-0.0116917747589 0.0173781748507501 0.0915097098708107 -0.221384480132502
0.00116248924104184 -0.0163431364047631 0.149285770656524 -0.123427458223611
0.0277167395604337 -0.0319617292758503 0.0666188874346283 -0.0820080460907932
-0.0310948269344571 -0.0672824226854106 -0.0783014912725713 0.00213144478366529
-0.0338796942969463 0.00602108988139024 -0.014183751783734 0.0865873131028641
0.00769859718500641 0.0255863227805567 0.0777037904685694 0.0618708100752008
0.0240600752070055 -0.0088271796908824 0.0869456411338354 0.0069827898216083
0.00114145911088444 -0.0391912682679504 0.0696875570606402 -0.0212736497675194
-0.0205486079325198 -0.0408252636492354 0.0532993593585668 -0.0268051995825981
-0.0286315430964013 -0.0484220400458073 0.0499277846498497 -0.00362101216153227
-0.020660571376684 -0.0565016251465678 0.0426008274995733 0.0310978238108685
-0.000665017170671017 -0.0695471959483572 -0.0107429586025897 0.0664609887701998
0.0390890977043866 -0.0506257469573486 -0.0848354136260294 0.0291788148813548
0.0646657689316171 0.0044156892617396 -0.12872518947794 -0.0866043784858976
0.0250411856798152 0.0542829201040394 -0.0221372414020536 -0.190952548803078
-0.0262488298801065 0.0306860223052115 0.127524647837033 -0.193343715852824
-0.0164463959918081 -0.0274411218140911 0.159551462601653 -0.0926877987325514
0.0190549674311966 -0.0602574557163305 0.0571230330587762 -0.0568413830988538
-0.0521900251957805 -0.0734617054402104 -0.0595929920686959 0.0295247906424343
-0.0518013591811327 0.0154883586215465 0.0131526793512593 0.093663645084695
0.00565012226462835 0.0432030319193438 0.0953235615379459 0.0449406006339768
0.0352990703186442 0.00254361630824321 0.0942415491228649 -0.0169933841485492
0.0106860854657557 -0.0437700739097256 0.0645355967568123 -0.047549399030868
-0.0224819177088766 -0.0505457385653387 0.0420346247458947 -0.049466144301572
-0.0377170058825097 -0.0589133444609115 0.0360444838685009 -0.0238514536522429
-0.0310056765816582 -0.0687420303573212 0.0295444785515568 0.00794219215366685
-0.0122327286908543 -0.0875045647325911 -0.0132149237458976 0.0397403149013727
0.0367600489081106 -0.0727572061042854 -0.0728612623179385 0.00427090992477388
0.0770401913531414 -0.012360848968426 -0.102748666932508 -0.0983903771118436
0.0430294135809129 0.057908932745827 0.00246170019615048 -0.177786471433608
-0.0281212263768316 0.0423952509045718 0.136031075834859 -0.167979834952034
-0.0334092301426661 -0.0300699501060249 0.150916661501408 -0.0663311411547057
0.00316927731195088 -0.0788945752007491 0.0439937961391256 -0.024900998212218
-0.0612549271509397 -0.0717311287657415 -0.0439340600229128 0.0553276295992238
-0.0646792694138941 0.0151487236776509 0.0259947913496676 0.108058523255461
-0.00354905168796004 0.0548808710452439 0.109579918294986 0.0521544890602395
0.0400523809698312 0.019102082708592 0.113536815431722 -0.0207793981552596
0.0221839757660707 -0.0380560562181079 0.0755781284230917 -0.0648840649011317
-0.0174738406046049 -0.0526714101264609 0.0392307763363029 -0.0708414754161479
-0.0393494777645772 -0.0621192743989568 0.0228747365298528 -0.0459447638268929
-0.0369227725697566 -0.0710002569815735 0.0117480971900497 -0.0178265592634661
-0.0238499422481384 -0.0914811737020292 -0.0205133166807675 0.00891366920222413
0.0232769154323021 -0.0855957824076162 -0.0660521794193266 -0.0221688821867929
0.0736694761615324 -0.0346381885238214 -0.0888029989569717 -0.107810348480012
0.0590876074110907 0.0460164222014222 0.0062702446474726 -0.170432451349065
-0.0190247088410831 0.0508104861639592 0.124316130050806 -0.157500683513475
-0.0484314107233303 -0.0205641408353358 0.137643527324985 -0.0520949042482945
-0.0193251617110266 -0.0828331058477371 0.0357356381428348 0.0101119316632903
-0.0594765047161577 -0.0641671664333004 -0.0380703033843821 0.0774162816241817
-0.0701199973903694 0.00441702770577811 0.0173621313342936 0.129985931049414
-0.019483225522384 0.0563240281458875 0.112752526515045 0.0878235248379626
0.0329874968869538 0.0337380414915403 0.140272486182622 0.00548345178400541
0.028863513855934 -0.0244802261496126 0.104638687815555 -0.0667198287451567
-0.00974402927121877 -0.04616184148598 0.0499616232790086 -0.0881687634177444
-0.0347250972010083 -0.055658808147535 0.0132273862268115 -0.0673013013764426
-0.0363165193490932 -0.0623500972249827 -0.00756984191568706 -0.0409317335216367
-0.0315028548214008 -0.0799194621857865 -0.0336154198676849 -0.0172770232597911
0.00449141996106504 -0.0804909569877425 -0.0682787335916517 -0.043011222622083
0.0544241785084309 -0.0475584134492052 -0.0893558935338032 -0.112946197256507
0.0610691689266296 0.026004931213192 -0.00992835944140852 -0.16781302528501
-0.00598945534399108 0.0520553708712813 0.0979361407887192 -0.159373814856618
-0.0555124798405798 -0.00404796537773568 0.126239126958967 -0.0478872118064168
-0.0404139103905378 -0.069667352881423 0.0386746448320964 0.0420363856802366
-0.0514860964542683 -0.0478564372338153 -0.0414092106640156 0.0921095901113689
-0.0630855130245428 -0.00742876223491308 -0.0158717822164604 0.149627684047929
-0.0332388424538982 0.0433767119409572 0.0912891584686522 0.146069083016394
0.0161534937455161 0.0363070691720787 0.15945724771366 0.061303680320274
0.0230390143704585 -0.00822014960498588 0.143678029163422 -0.0466421230655003
-0.00582512085044722 -0.0303059444426874 0.0712790548352384 -0.097554871112152
-0.0263788319881062 -0.0398675968862315 0.00936042519774171 -0.0858227442660869
-0.0299646518562949 -0.043815052204105 -0.0255859070540116 -0.0587918065294574
-0.0298595538219646 -0.0543404859309878 -0.0494506201860898 -0.034017152633455
-0.00838757154100755 -0.0586447427752064 -0.0773067255412765 -0.0509318720371128
0.0302587543454898 -0.0416741326225977 -0.0992300015891682 -0.106014304267173
0.0465469724391513 0.0117564830742741 -0.0376805021993265 -0.158218175431967
0.00174228882602928 0.044425922357682 0.0581472393141074 -0.16116907716274
-0.0495390070175248 0.0106107849670231 0.113567301910789 -0.0543725272332097
-0.0494130427381452 -0.0426055133282078 0.0517839282068507 0.0624057109861431
0.0565287596529676 0.00290544454360848 -0.0916143765435184 -0.0798570162133355
0.040016101116539 -0.0296220874588959 -0.123330532815248 0.051175678281068
-0.00994154333218593 -0.033615888358305 -0.022192832426595 0.160159728999431
-0.0341077443228972 -0.00703123469572832 0.0701923070805822 0.139800974288423
-0.0200618504257237 0.0311461271285746 0.109833891186886 0.0786144844053722
0.0116970802036109 0.0357913925365356 0.0887488508282882 0.0345556109757607
0.0264751754768269 0.0255751255694039 0.0601846692981763 0.0324607881619644
0.0250941039539814 0.0185583569685461 0.0389161997309667 0.0571851128368083
0.0245981087580776 0.0184126252883613 -0.00435310713356627 0.0921626961390753
0.00631385688623313 0.0223890666699373 -0.0753960090067227 0.0833144567762755
-0.00769574327448459 0.0119828194070056 -0.159696113497152 0.0152140073283564
-0.00605394882706168 -0.0192361905695914 -0.146469222474504 -0.116450386174996
0.0254039903447319 -0.0188506982490892 -0.0412749262847512 -0.197323245205496
0.0379824116563047 0.00737672098326421 0.0615783860825441 -0.155499211340906
0.0388299291416868 0.0300222627108314 0.0555409854391115 -0.0984327905624651
0.030497542724158 -0.0311144431307507 -0.0992883535044779 -0.0568328970793356
0.0136256019412374 -0.0244727578044972 -0.0900727129089212 0.070099789883768
-0.00399524381226738 -0.014862347137435 0.0226988310306048 0.131811718684563
-0.0106501462528536 -0.0103271086134613 0.0852934115624544 0.0942786591696742
-0.00975359806396529 0.000406511572583293 0.102582245064687 0.0461208700694308
0.00178199037322499 0.00284173151982119 0.0827166749777257 0.0186093481647815
0.00745036286295177 -0.00515283847820101 0.0643057870642755 0.0271377440762432
0.00998087028122219 -0.00992886798194617 0.0477790003288468 0.0575966635629227
0.0164867111949863 -0.0112602369211819 -0.00662859870509231 0.0947794111136425
0.0171433113758232 -0.00117894192814385 -0.0904825610996895 0.071261354042552
0.0162321459593316 0.0103546594357663 -0.169766644908246 -0.0285107262081722
0.00504012634203321 0.00744984084866287 -0.11370314920869 -0.170828703586848
0.00878569061762528 0.00183738580193101 0.0278865729483451 -0.227652613399801
0.0180562810809264 -0.0010491944666264 0.115179197931052 -0.149612397466815
0.0320880706335505 -0.000325615098858663 0.065107122091848 -0.0968441090434765
-0.00143590934676075 -0.0548327945233016 -0.0954698456665942 -0.0270512475861294
-0.0105603917155108 -0.0102880798464897 -0.0514010192079544 0.0813324759673586
0.00324086817203052 0.00466929839886685 0.0552962105401419 0.0948667900699292
0.00825703461379681 -0.0139459509727912 0.0873838006034393 0.0468906024671573
-0.00549816390847377 -0.024539811317574 0.0864918427515939 0.0104329677640385
-0.0120953715267023 -0.022979993479046 0.0698246243652907 -0.00445531232699813
-0.012915081873856 -0.0301567750579401 0.0607984496785768 0.0135161471893274
-0.00662440165902796 -0.0359212268979296 0.0493221010951594 0.0485599845364076
0.0081948419914714 -0.0423567165938022 -0.00846616204358634 0.0869443786540745
0.0301959963841806 -0.0256051369173843 -0.093779482801283 0.0530935815034727
0.0421720170260102 0.010640280054501 -0.158136720052641 -0.0641026834440136
0.0131940346920978 0.0350140513504224 -0.0662117053076523 -0.196172398046598
-0.0120091577152676 0.0174448498541328 0.0905635410809519 -0.223982766901392
0.00127777566413293 -0.0163530638223741 0.150546171807682 -0.125963923207071
0.0276007889704015 -0.0324974487325542 0.067575399276793 -0.0830201966330652
-0.0315381992597547 -0.0678989991361514 -0.0788357924920299 0.00289224688863041
-0.0337261004347041 0.00628449543997418 -0.0134331509556157 0.0874046451958683
0.00827096623653116 0.0253416445420395 0.0785665611736489 0.0619226701666397
0.0245234689136181 -0.00897904240669408 0.088299673049874 0.00633025442479294
0.000812325321313448 -0.0397231062709715 0.0699768404875815 -0.0220481381782314
-0.0209324397018928 -0.0411417089493101 0.0538974301825001 -0.0271313958865082
-0.028947097775503 -0.0486842876890758 0.0503129318765728 -0.00465639393943191
-0.0208573873631321 -0.0567942462184242 0.0430117216567571 0.030769834743937
-0.00119492551031255 -0.0701309287591021 -0.00983787125498699 0.0673102767699321
0.0393601106990188 -0.0510880688378991 -0.0850859034643314 0.029771819605209
0.065176936383494 0.0042290859563332 -0.130839206363815 -0.0864533101912029
0.0251369417395335 0.0549504171156283 -0.0235031758788088 -0.193039832864566
-0.0264517450897107 0.0310636424081805 0.127719997559415 -0.197138574947485
-0.0167353350130585 -0.0272989439238893 0.161001671775989 -0.0943971001683831
0.018399654859707 -0.0605536538065849 0.0578356181278306 -0.057569988305048
-0.0526142561361205 -0.0735937520676233 -0.0599336639773249 0.0305602393933108
-0.0517780729108832 0.0160095123295532 0.0148483015008072 0.0945991355713993
0.00599182155220466 0.043396348941205 0.0965520586397113 0.0450630943792038
0.0357533571487533 0.00270856680437748 0.0954377397104637 -0.0183119246526415
0.010670177312302 -0.0440370672881558 0.0648705874255781 -0.0488364843394848
-0.0228813703836545 -0.0504433628047378 0.0420243606041315 -0.050323351709165
-0.0384156683298848 -0.0591361665360223 0.0364011782310767 -0.0244717219930137
-0.0321952566550265 -0.0688255495313102 0.0303142928938634 0.00741795035180845
-0.0125727384868668 -0.0878038154287656 -0.012867659103925 0.0399407083278825
0.0370547968756086 -0.0734939747531875 -0.073541638287456 0.00445855534547661
0.0775862207054996 -0.01273151860293 -0.10462484514553 -0.0981780391988402
0.0433717736629774 0.0582978176040083 0.00128083486295669 -0.179325473327034
-0.0285331915661078 0.0431566051621588 0.136273094725173 -0.170705845818098
-0.0338875476489024 -0.0298582564741161 0.152235283017247 -0.0684469831851172
0.00264426906363277 -0.0791592043249042 0.0448026493220219 -0.0253578347158343
-0.0617524223256804 -0.0721833336290444 -0.0441820091903263 0.056181900502459
-0.0653850819288088 0.0155248625945945 0.0273117894876326 0.108978554205525
-0.00298151212039139 0.0552826309070436 0.111197199065339 0.0519357956017508
0.0402925655074087 0.0189398776484197 0.114856839461941 -0.0219266813723392
0.0219072518253732 -0.0385710200433007 0.0762334546567367 -0.0660522919522535
-0.0181429900830085 -0.0525432691724343 0.0396431151269774 -0.0717688949007757
-0.0400155748204955 -0.0619657912926619 0.0229615124220548 -0.0466675577754138
-0.0376472702017831 -0.0710758514606799 0.0122686473879137 -0.0181911177157499
-0.0252826416935801 -0.0920185172768751 -0.0204641236374033 0.0095690906902727
0.022405187226595 -0.0860773692819847 -0.0664383158974616 -0.021870405015207
0.0741277942932981 -0.035076061003471 -0.0904749002553406 -0.108108693814676
0.0594575807759919 0.0460406559754386 0.00490788941423854 -0.172028589431363
-0.0187562731881448 0.051685538553215 0.124340019339399 -0.160713243888905
-0.0489049237481351 -0.0202317019239043 0.139083441495991 -0.0540186660510389
-0.0198190532332666 -0.0829817594772166 0.0368016265707578 0.0103093296538886
-0.0599476460487647 -0.0641023185423212 -0.0379636400575301 0.0785524951814375
-0.0701406347163304 0.00474824144588859 0.0184516417763851 0.130619062338514
-0.0191739683372204 0.0565174207207914 0.114184415957598 0.0879924002155296
0.0339612239155878 0.0338018420377893 0.141498044099127 0.0042818801329263
0.0288435645748791 -0.0247888720907255 0.105508488616929 -0.0683897772216604
-0.0104013020420995 -0.0463992383265645 0.0498858066963401 -0.0896828538390839
-0.035217086684925 -0.055866487748475 0.0133305706083046 -0.0683530859045382
-0.0371944338763431 -0.062587905068426 -0.00762762312689946 -0.0414167346210951
-0.0323241979097437 -0.0801703884449018 -0.0336964515551207 -0.0173628480542541
0.00349645782162443 -0.0809977475012768 -0.0693066971459312 -0.0430567139380015
0.0545039198426247 -0.0480594321908342 -0.0914182293066535 -0.113196935784161
0.0614961244991579 0.0256643743870849 -0.0114442545505072 -0.169519386857063
-0.00584392177705241 0.0520565733147811 0.0973983077174119 -0.161702186084054
-0.0555213263237775 -0.00349063905683068 0.127676268266557 -0.049803980796376
-0.0409559703945766 -0.0694700754206887 0.040120328239751 0.0419366553502306
-0.0516379385319606 -0.0474081007917685 -0.0413826997474806 0.0929831513972305
-0.0632329250999517 -0.00698847376210497 -0.0149223803659854 0.151262095474704
-0.0330963852969046 0.0438901478498117 0.0925638825116218 0.147186960097136
0.0161201103090045 0.0366063579370662 0.162151417122571 0.0604865220274862
0.0229584045626263 -0.0086527018241296 0.144695263503599 -0.0483587492707941
-0.00618888991691232 -0.0304270473265535 0.0710795778453839 -0.0988020996411978
-0.0272628566870791 -0.0397889299060676 0.00904657552708661 -0.0868231237772781
-0.0308996939258313 -0.0441857022966356 -0.0264041557535637 -0.0592179103823124
-0.0302889763998372 -0.0549534107355079 -0.0497303705216427 -0.0347050585878423
-0.00901985889981753 -0.0589368289011259 -0.0783203502796161 -0.0511336518523429
0.0297520329099444 -0.0425323766031538 -0.101118093129608 -0.105870848863078
0.0468780291972222 0.0117274809869397 -0.0398490112137775 -0.159511690866008
0.00215358821075847 0.0446209053234219 0.0565601071436513 -0.163492146341051
-0.049701563514882 0.0113454553233233 0.114116729987027 -0.0562664274136182
-0.0499888645533064 -0.0422241604630218 0.0530632500545489 0.0620943563130094
0.0567730378173111 0.00252111386324637 -0.093327061174524 -0.0792619682046962
0.0394773239998694 -0.0305610375041635 -0.124388500377935 0.0528910219832056
-0.0104531435846637 -0.0334218059144094 -0.0208889438812676 0.162267826703537
-0.0342979503812101 -0.0066207885056632 0.0728705495680279 0.140634589140164
-0.0197301810165672 0.0315657123535845 0.11284424382724 0.0780264198503968
0.0124400716342929 0.0359332499162534 0.0900454179762527 0.0341402481528188
0.027143742873023 0.0247807035414525 0.0605207240878643 0.0320999794119445
0.0260541605974715 0.018672417764629 0.0393145654329701 0.0572308710488915
0.0251225187586401 0.0183764599024125 -0.00374360751093011 0.0928167477025289
0.00671041704589217 0.0224542443795763 -0.075714511259465 0.0847136934374565
-0.00749712649074859 0.0122400671950642 -0.16099292182071 0.0164664640388785
-0.00644419347468233 -0.018919906489587 -0.149032851179054 -0.116762157008058
0.025099525112029 -0.019314819094521 -0.0432466509265289 -0.198905152395291
0.0378955413965777 0.00701676808608154 0.0617426073077368 -0.157331825199043
0.0392718630351959 0.029758955187169 0.0558180943626288 -0.0993214793285319
0.0309944245762508 -0.0316053910394038 -0.100596383446302 -0.0566243549549519
0.0132366600048187 -0.024854573287234 -0.0905538753365202 0.0717365972833703
-0.00394556888308433 -0.0151155988233905 0.0239141771034701 0.132700013671277
-0.0106313192311677 -0.0102859634422106 0.0870106447768064 0.094362400821147
-0.00937400173648223 0.00107411303626465 0.104359992545802 0.0456197245969605
0.00189983143782578 0.0026165525366572 0.0837208610049721 0.0177167896752425
0.00795649167885312 -0.00524847131540575 0.0652177206330532 0.0270568550431774
0.0100379427467321 -0.00988255158583659 0.0487115008443276 0.0576187825134955
0.0165656179406014 -0.0116039546564905 -0.00595273908080183 0.095105293895173
0.0173080124156341 -0.00123483309586766 -0.0909348544574721 0.0721555676388312
0.0165072415171519 0.0109599232560794 -0.172194682466327 -0.0278892846661595
0.00482030378391523 0.00793378033300027 -0.116561171906856 -0.172410775325869
0.00871026797995209 0.00214561495049955 0.0266070426187781 -0.230434887744233
0.0178029802808881 -0.000684896600231678 0.115857801178817 -0.151808172440376
0.0321624282361228 -0.00064026748396618 0.0654203453373071 -0.0976979404559198
-0.00215753519198901 -0.0551018689259641 -0.0962924055757823 -0.0263662204416824
-0.011178045189989 -0.010057898048508 -0.050668265148218 0.0827560174975121
0.0036200708018863 0.00471422624864091 0.0569063360669033 0.095251779955667
0.00877070088325711 -0.0135233048160012 0.0889547933952925 0.0462192177128434
-0.00598398854598985 -0.0247405216845683 0.0875354513926679 0.0100112042367721
-0.0120574858386242 -0.0235578030309477 0.0705263871587371 -0.00491204245203414
-0.0128808010705075 -0.0301055182446884 0.0611353588052534 0.0131152274320229
-0.00674269921572386 -0.0364386087474229 0.0498133888298902 0.0484992128421308
0.00798402302326375 -0.0428488247571697 -0.00776648490607167 0.0872534792852135
0.0304338701841366 -0.0259778538139445 -0.0946322238492238 0.0537534505964856
0.0429135914890191 0.0107669714312565 -0.160184792616292 -0.064319477570431
0.0132700531990739 0.0357600891468371 -0.0686348033304661 -0.198466034643366
-0.0123256791378636 0.0181322641188065 0.0906600051175723 -0.227244085616686
0.000306609503029941 -0.0163627804296444 0.152120024747169 -0.127512682010504
0.0274637082236136 -0.032970005125034 0.0679826876629574 -0.0835360462443067
-0.0323645766207608 -0.0683772825992685 -0.0791839322988536 0.00395787330417396
-0.0339737659928123 0.00657494214690615 -0.0119995772629286 0.0886368409710865
0.00882812295681116 0.0255891655480301 0.080259748174834 0.0619569234879958
0.025084990209614 -0.00967799744448905 0.0891911273422856 0.00536191331814589
0.000569430742042163 -0.0400885820307292 0.0711448734405355 -0.0216351119537973
-0.0211941386979618 -0.0414987355265201 0.0539009508407574 -0.0281278385161846
-0.0295686346153126 -0.0490217172326292 0.0509616085893918 -0.00443028362947823
-0.0215623440347263 -0.0553032044972372 0.044100606143274 0.0302515170066844
-0.00130844203095318 -0.0706354888026597 -0.00918516457445209 0.0677834573376258
0.0395247482336868 -0.0514739055788718 -0.0860394722514748 0.030276910973584
0.0658293399626101 0.00421115214939484 -0.132517353691401 -0.0862487303010477
0.0256293189692205 0.0554666175280116 -0.0249022867352646 -0.194887182492047
-0.0263698490341404 0.0315723260539471 0.127532987085146 -0.200078354227404
-0.0173538160386586 -0.027558832100812 0.162360537043438 -0.0962722685977073
0.0183696522313967 -0.0608775617558225 0.0589621486962889 -0.0579090269194117
-0.0535359229683773 -0.0738588096671954 -0.060111998139601 0.0318934083828761
-0.0519415491463204 0.0163853930909223 0.0156698719027466 0.0952060176721738
0.006972422289158 0.0438314789088176 0.0983574221498662 0.0444912598758189
0.0365282946118819 0.00254126493579775 0.0960593044795876 -0.0194283971111765
0.0103008653371847 -0.0445523192436294 0.0652162655959855 -0.0500345187789146
-0.0233720003754364 -0.0508083972220053 0.0417439515521341 -0.051362265826768
-0.0390715733185915 -0.059547364420365 0.0365205651981671 -0.0249779914755059
-0.0327345143232346 -0.0695482566540085 0.0308639821627516 0.00712375198919356
-0.0138436048427119 -0.0885801717880059 -0.0122735918544961 0.0401508747848618
0.0360390823686893 -0.0739232455992932 -0.0737213383714288 0.00521110343603334
0.0782356046913239 -0.0132902849840943 -0.106338799796706 -0.0985213180606657
0.0438403255534403 0.0588528747519619 0.000102147721282738 -0.181531875323111
-0.0284034395001042 0.0439263936762018 0.13609222116081 -0.174515032846097
-0.0343795430882192 -0.0299004571541478 0.154121162296874 -0.0700062868708942
0.00227230836829093 -0.0793731993144117 0.0460336390566353 -0.0253380393608072
-0.0628715579797088 -0.0718899136653009 -0.043933253979762 0.0576341598967134
-0.0657389452743461 0.0160434694576117 0.0289089606150206 0.110018784613597
-0.00241373407078855 0.0557654788119389 0.112805713442075 0.0506546031793251
0.0415844360216178 0.0187676167334736 0.115800854536989 -0.0231097562071351
0.0217458940086849 -0.0389433405433801 0.0765792285199335 -0.0676218401999437
-0.0185508960610354 -0.0529884061777027 0.0392475271167956 -0.0730823809882678
-0.0406354190819734 -0.062329597987224 0.0230711334427177 -0.0476334628353385
-0.038642069325833 -0.0712586320254359 0.0125070969933485 -0.01865339409841
-0.0257319962179793 -0.0924185898011052 -0.0202050876947939 0.00934476082710587
0.0221754318147578 -0.0865761178901442 -0.067242256653222 -0.0214784416408663
0.0745083767178122 -0.0361525365755386 -0.0957377619418104 -0.112549678998268
0.0605979718262835 0.0461616219415583 0.00340856458078505 -0.174425521890403
-0.0185908856854179 0.0522168415738151 0.123950313312148 -0.16372117383325
-0.0492806043238728 -0.0199384421190353 0.140762655392355 -0.0556286174788651
-0.0209434618471021 -0.0829835304799185 0.0379917981826154 0.0101204865527644
-0.0602553860823528 -0.0643809451881708 -0.0376791237492947 0.0795810054108605
-0.0704539155655444 0.00545102352134482 0.0195601772042561 0.131676857745066
-0.0185890414551321 0.057327451254383 0.115909010213025 0.0887981048913751
0.0344353748125491 0.0340357194895804 0.143257017065994 0.00354982346069456
0.0285478512762135 -0.0250695977625727 0.106401662680472 -0.0697007130612711
-0.0107821926096665 -0.0462940192066351 0.0498135914204673 -0.0907188679621649
-0.0354746296807254 -0.0561702510361611 0.0127095609392356 -0.0694650871227848
-0.0386036352073462 -0.0629572100102774 -0.00771881878804139 -0.0418691706059982
-0.0334759468719955 -0.0805939312870098 -0.0336932123060327 -0.0174305546707369
0.0030829005820675 -0.0819615841026838 -0.0702479816443744 -0.0424607251743801
0.0544252434574027 -0.0493241886796364 -0.0934589273324924 -0.112854528470008
0.0623141804016414 0.0254724936615712 -0.0135839409977189 -0.17117198819496
-0.00545992182907776 0.0525909622665686 0.0967610334531997 -0.165043052163106
-0.0558683679589842 -0.00322123303694244 0.128429538665054 -0.0515407563127084
-0.0413721082646685 -0.0688961330549768 0.0415887647830954 0.0415380495571738
-0.0522363241739079 -0.0477862693663063 -0.0414073070946559 0.093753935690446
-0.0639106569026634 -0.00645432982069722 -0.013958227199991 0.153046760059516
-0.0327037183013408 0.0442236505112751 0.0948597558515347 0.148136163960166
0.0169685006975153 0.036441494299503 0.163782219732583 0.0604349116744253
0.0230473092472782 -0.00877327614421938 0.146117186058962 -0.0498153778238667
-0.00645593627825832 -0.0303866260989016 0.0711258849434898 -0.10019130881348
-0.0277923652318081 -0.0398271377167153 0.00888803488536792 -0.0880963104162271
-0.0318694176070161 -0.0438081247905785 -0.0263971146055446 -0.059861147936203
-0.031405230286739 -0.0549234063553254 -0.0502607678278121 -0.0342748177176818
-0.00990116413209866 -0.059625350871953 -0.079555008009774 -0.0507536220265707
0.0295189033554661 -0.0433534567516919 -0.103540777463821 -0.10560103386276
0.0472918465661097 0.0110964194287746 -0.0421024778222619 -0.160969432331056
0.00265557691833595 0.0447788721975214 0.0556349977496201 -0.166150070161406
-0.0496186975398579 0.0118765972457617 0.114887672823988 -0.0583972022050588
-0.0507554151417651 -0.042028413590334 0.0546916433127763 0.0615233843093145
0.0570574654984638 0.00187553671899178 -0.0949696796785262 -0.0790014691448898
0.0394117596062243 -0.0307600946525441 -0.125168373749151 0.0550040776774468
-0.0109199525812205 -0.0337784770548374 -0.018984747656029 0.164740014103828
-0.0345392200570686 -0.00630312067499563 0.0753474478284681 0.141515877668054
-0.0194629821025219 0.0322256444619993 0.114410716999155 0.077758017549349
0.0132711399784677 0.0358940180621526 0.091243512262174 0.0332921677489404
0.0278494409510065 0.02478935773963 0.0617048069627412 0.0320483629500057
0.0267095794054942 0.0179560130662221 0.0404930899079159 0.0572870824301175
0.0256584231681179 0.0180166869759545 -0.0032414113985868 0.0933661971187332
0.00759969452565962 0.0226011105472036 -0.0758968540560968 0.0856100510404785
-0.00743381919411893 0.0124738624858687 -0.163210152234323 0.0182055063589649
-0.00628590103839861 -0.0186971060151483 -0.151384418740926 -0.117214452376172
0.025131137012223 -0.0195219500206324 -0.0447998927203731 -0.200740633403445
0.0383223802545033 0.00673810241149609 0.0608951583451539 -0.16005485162453
0.0396554748289894 0.029531447624986 0.0562068485579707 -0.100485496155291
0.0303554676444269 -0.0324288101595574 -0.101792051761012 -0.0559662204436374
0.0132455158950723 -0.0253354767494612 -0.0903190527036555 0.0730683764256141
-0.00383055385383186 -0.0150740679355702 0.0253591222499851 0.134316136233139
-0.0109269689902622 -0.0100880991448704 0.0896018469172281 0.0949193309694352
-0.00956798262163032 0.00100691473249659 0.106273769241821 0.0446976607374157
0.00198539118995546 0.00227397175059454 0.0853727512707498 0.0171950457966461
0.00802437200213831 -0.00595174569914688 0.0657574743795901 0.0262613898119631
0.0102064558671515 -0.0104558800026313 0.0496898907099123 0.0574441692739619
0.0169106311660166 -0.0118305899460047 -0.0051398748576427 0.0961295966262835
0.0181445002544458 -0.001134660182337 -0.0917885949641911 0.0734867457217736
0.0174296124006781 0.0105281016418275 -0.174554138673989 -0.0266785345895686
0.00508223051405689 0.00842922762548907 -0.119602704974913 -0.173117344530906
0.0086946056815353 0.00218732022403767 0.0256091186189949 -0.233905640999865
0.0180789735111657 -0.00125364110017199 0.116362012520793 -0.154325830734881
0.0323493073297223 -0.00118248187262889 0.0661438791225419 -0.0987659804031326
-0.00224603927659068 -0.0558949916302734 -0.0969519359484893 -0.0256451745749918
-0.011350033488531 -0.0104756953618262 -0.049977938703447 0.0842499034215546
0.00355648122597809 0.00430674806095481 0.0586999668087059 0.0956245270064439
0.0084154162827075 -0.0140409804055733 0.0909866742040643 0.0456541718319065
-0.00577317072438835 -0.0248889385586254 0.0892420284428078 0.0087503526055233
-0.0123746750579693 -0.023562670518406 0.0712900426325501 -0.00591945381979016
-0.0131691612569798 -0.0310010529853025 0.0617576646900129 0.0124479943893311
-0.00741032713067403 -0.0368587150812203 0.0511702318032145 0.0483782203630659
0.00807907876497179 -0.0433812437695843 -0.00726097235481056 0.0880970812358259
0.030675873729126 -0.0265253353471995 -0.0952041255718515 0.0553924472106487
0.0438297438594206 0.0109815086990454 -0.162911900941056 -0.0635200816846498
0.0132895044590483 0.0361979239094842 -0.0712516951448907 -0.199812632381174
-0.012391117951676 0.0186844818464269 0.0900773573817299 -0.231038895612507
2.04743522928593E-05 -0.0164529503814536 0.152886413148625 -0.130093674240101
0.0275581088461319 -0.0332201113930447 0.0690640513829968 -0.0842656364542444
-0.0333330506871397 -0.068799310281312 -0.0796475131253307 0.00503431831566663
-0.0340060933945755 0.00700608379134676 -0.0117909830905865 0.0893790042984884
0.00908424878441747 0.0261875261375223 0.0823556747950663 0.0617980689016924
0.0249067516543521 -0.00959347539132836 0.090723246535503 0.00494162396812525
0.00051448046615471 -0.0404645631270076 0.0716837884545596 -0.024238357614005
-0.021578889249539 -0.0418705615102931 0.0545463617700308 -0.0292280095299882
-0.0297467365242635 -0.0490830374119468 0.0510855623917097 -0.00582361107534423
-0.0224868717675736 -0.0574646544520404 0.045293377659815 0.0302393855395163
-0.00179385621287672 -0.0711466013695665 -0.00823186026900684 0.0681178588382171
0.0396225052838545 -0.0522256432328012 -0.0863346403072022 0.0311086864031828
0.0669857439408128 0.00371452639536937 -0.134471329466538 -0.0864678816480027
0.0259949830136276 0.0561740477172552 -0.0268017230229722 -0.197241495430833
-0.0270608352003353 0.032192137826256 0.127536045021808 -0.203801105428669
-0.0181084272161142 -0.0276116825966236 0.164229432635463 -0.0982722607692053
0.0179141720142356 -0.0617134956622352 0.0598700009442572 -0.0587824017263093
-0.0541032998358484 -0.0743010429978851 -0.0602830809195585 0.0325778134517699
-0.0523331631293474 0.016723932418561 0.0174331623901649 0.0966053664974143
0.0075839998627536 0.0443551133055606 0.100250170417832 0.0442250256879041
0.0371053588261431 0.00184561032141063 0.0973729105094378 -0.0203620036135379
0.0102733612444163 -0.0449235824584358 0.0657905187690788 -0.0514398046569925
-0.0235501179137512 -0.0514579578190403 0.0416281649467197 -0.0522937239434952
-0.0393620038939636 -0.0599342209492805 0.0367666456911055 -0.0262201290585123
-0.0338525071012608 -0.0701767066046419 0.0317343356375503 0.00673804668341295
-0.0146015155347596 -0.0894540499700971 -0.0119960854921723 0.0408219733209878
0.0362093556175394 -0.0746869068426712 -0.0745306474625348 0.00557092389274058
0.0788146347054983 -0.01409430865541 -0.108889914424273 -0.0985438405337508
0.0450574568564603 0.0589463529709543 -0.00119933356763401 -0.183609938642077
-0.0284359480742861 0.044358621273268 0.136617435513529 -0.177642365636868
-0.0351055051125764 -0.0297390816376908 0.15535430796355 -0.0723546132483693
0.00169935762704667 -0.0800393037128559 0.0470555702810896 -0.0260186977719403
-0.0635062862380576 -0.072036190267713 -0.0439665619555435 0.0582613996937424
-0.0659624327915111 0.0164434786421177 0.0299423752485713 0.110984155063353
-0.00196577735321695 0.0564250708427537 0.1152392132236 0.0517264652246627
0.0420837731819168 0.0188568140067554 0.117467102987962 -0.024131557431315
0.0216556575445276 -0.0391734966735684 0.0770289168726334 -0.0693981781634329
-0.0191864980367649 -0.0529701105979354 0.0393919807060989 -0.0748304322799587
-0.0413714216333942 -0.0622076491242911 0.0229441521133789 -0.0484450696757918
-0.0399737835607681 -0.0719745769559519 0.0129859589870227 -0.0188254996049367
-0.027369158653319 -0.0933269222873602 -0.0200941166185675 0.00970318913958024
0.0214998962023742 -0.0879725950381197 -0.0680281536121292 -0.0212866238946541
0.07457023441311 -0.0367524878865963 -0.0952542013776996 -0.108088424563352
0.0614268741854746 0.0461184705837053 0.00139691904388877 -0.176685105443251
-0.0182288815053998 0.0525973849886145 0.123980755659658 -0.167015224683843
-0.0499952710634912 -0.0192770185833591 0.142568072094204 -0.0576715345271283
-0.0212484439193344 -0.083418806701864 0.0389811597345625 0.00991866853269243
-0.0614158641737042 -0.0643564852460309 -0.0374403642328372 0.0803854323511276
-0.0708551398587589 0.00585080605583717 0.0208724101112677 0.133093705114902
-0.0180571264236703 0.0573835907498856 0.118072999991788 0.088766534570832
0.0350721569321351 0.0331809333457449 0.145348707996822 0.00251831695007805
0.0286244821311615 -0.0255755223789738 0.107014898319375 -0.071597847246034
-0.010946607843386 -0.0466979050734645 0.0501434204865505 -0.0928040841798729
-0.0369709603247319 -0.0563065663988481 0.0125701542731873 -0.0700783831883437
-0.0396507506617818 -0.0631338286492537 -0.00789774450058767 -0.0426291808353865
-0.0347693886344494 -0.0813067352177322 -0.0342214036763075 -0.0170024148026018
0.00205641643464397 -0.0826939458836684 -0.0714346783816644 -0.0424841949029053
0.0541041926183273 -0.050074485831495 -0.0957944965563311 -0.113195628114466
0.0630548488000312 0.0248314843344379 -0.0154149288832343 -0.173441167951335
-0.00490532997621967 0.0533536249870544 0.0959876787526117 -0.168175343655862
-0.0565438724148115 -0.00259366068295079 0.129582209640032 -0.0535956434631392
-0.0423214738348298 -0.0689274859776986 0.0430887391974204 0.0415556455105809
-0.0525531879944083 -0.047181401147787 -0.04145762289384 0.0948305969597813
-0.0645063569993678 -0.00623081235591125 -0.0132046023680647 0.154758656918262
-0.0321310741535867 0.0446707137424674 0.0966106156779537 0.149703730104606
0.0173404998310632 0.03671535788362 0.166680973269276 0.0599273757041537
0.0228590049061905 -0.0088562813602403 0.147492775833175 -0.0515389354583855
-0.00683794064525462 -0.0307770063941472 0.0713581506977508 -0.102163965605314
-0.0279595769227924 -0.0397465759798666 0.00853713665919449 -0.0891572628495417
-0.0327994615312334 -0.0441710134068418 -0.0272217276735794 -0.060069256994248
-0.032480878207859 -0.0552705171867699 -0.0509250051287083 -0.0338205900859664
-0.0107437338717552 -0.0596056988736734 -0.0808688983712934 -0.0506239455258949
0.0290727596929094 -0.0440045758060807 -0.105978880916878 -0.105352244396861
0.0478828435262364 0.0106763959471276 -0.044321687373386 -0.162329007414798
0.00312536815310513 0.0450724711768462 0.054092383124334 -0.16858944783596
-0.0499823306182811 0.0124628298373851 0.115524082550437 -0.0602518690883651
-0.0514013826400231 -0.0414000374553963 0.0561939053853152 0.0615984162205823
0.0572879008482915 0.00173159469225878 -0.0962454991013605 -0.0785886806032771
0.0395376387265182 -0.031329495210291 -0.125948744682071 0.0575530774297049
-0.0115101235453535 -0.0336989514278193 -0.017297721869775 0.167011833615645
-0.0349515189485444 -0.00565913668269829 0.0781972824046225 0.142985963961754
-0.0190495390687455 0.0329915927955175 0.117362424146269 0.0775360271232656
0.0140702817872901 0.0361836714702823 0.092888247371357 0.032739934499023
0.0285542000773266 0.0247054642849395 0.06272488331128 0.0316362311047458
0.0272201627640193 0.0179466937959109 0.0414801282749771 0.0573573534844302
0.0266464949158226 0.0178400828590865 -0.0026169392770348 0.0941923461588457
0.00768525143462738 0.0226772966508837 -0.0763433169430193 0.0871936339638161
-0.00692823061780479 0.0127971294101898 -0.164848701190576 0.0190217521836354
-0.00692749174965409 -0.0187303196825051 -0.154987334488943 -0.117308213501769
0.025411368965803 -0.0199997915055551 -0.04792056088927 -0.203249673540841
0.038379808302751 0.00668260897792419 0.0612926320341833 -0.162005229582638
0.0400630404956098 0.0291947744245714 0.0563115513380394 -0.101866036529489
0.0303815560369551 -0.0330600637913672 -0.10349064460543 -0.0552691894636186
0.0134162564453021 -0.0255823299355475 -0.0901015402437782 0.0754552268464028
-0.00436348303720917 -0.0146733443310556 0.0285063719998669 0.136451417052525
-0.0107501505172722 -0.0103136046401159 0.0913674944010767 0.0956428467949621
-0.00924560930036648 0.00104302328633172 0.10770091664252 0.0441983644672146
0.00233458390839771 0.00184070502341605 0.0861143281436688 0.016676108649545
0.00831597577150224 -0.00610117202748711 0.0671945927310483 0.0261063807971678
0.0103308569439745 -0.0106003120356752 0.051054644112291 0.0570475881221066
0.0171487784710213 -0.0121659246028925 -0.00429905782457301 0.0968909581375848
0.0186261689775204 -0.0015981645173244 -0.0920591933196622 0.0753304630693281
0.017539429788931 0.0111662849536766 -0.177015981264883 -0.0256623370571687
0.00507264697062475 0.00883968254557317 -0.122249096113247 -0.174689951435275
0.00865845088055706 0.00188606731231544 0.0238494236300163 -0.237049876686422
0.0177612962004453 -0.00155318811270105 0.116362131495623 -0.157541398842519
0.0327208860107669 -0.00131508591385888 0.0664944835577053 -0.100258397408475
-0.00289153599732193 -0.0566005014590686 -0.0984776662479064 -0.0244979844913052
-0.0114755419608276 -0.0105570949213801 -0.0493707422486986 0.0858789050394034
0.00399722469546783 0.00466264808105755 0.0607361424736858 0.0967138616020736
0.00914709694324805 -0.0142527378883711 0.0927085305710768 0.0458938681319586
-0.00601393306144462 -0.0254110954974478 0.089968472229794 0.00778578939807062
-0.0123975634214978 -0.0236163284653783 0.0719839429149074 -0.00673584249217688
-0.0135479770879623 -0.0315674744411663 0.0625844502581603 0.0118370148359264
-0.00763682872364154 -0.0372467632346948 0.0524131190536336 0.0479664319945436
0.00752575704759294 -0.0441655065405459 -0.00622432551173204 0.0885665289504495
0.0307028774324926 -0.027137658803593 -0.0954645757039606 0.0563187631375449
0.0444138172923003 0.0108881298675974 -0.165087824431852 -0.0631181396145167
0.013893312590446 0.0368254932923513 -0.0735642630669882 -0.201510111018409
-0.0126957025669169 0.0189536906859602 0.0890106352430556 -0.23388303388975
-0.000443331002529881 -0.016307786537981 0.154081195232409 -0.132772417652563
0.0277174242624856 -0.0340125066672474 0.0695616572183523 -0.0854998366032653
-0.0342523573032815 -0.0691339361598857 -0.0802349376849287 0.00596748063775325
-0.0341636266923557 0.00758349630874499 -0.0100026826541681 0.09076106301211
0.00973699660839254 0.0261573947167284 0.0844293562440708 0.0617925958752382
0.0256764500804259 -0.00975790789871423 0.0921720730182735 0.00388011881278021
-4.3657076421308E-05 -0.040582584653318 0.0725782146914809 -0.0252939528907526
-0.0222058648625062 -0.0418639198911578 0.0548700195416145 -0.0300333282655776
-0.0304376452843437 -0.0498993875934922 0.052099308630729 -0.00650981243719395
-0.0227866623040261 -0.0582031915590455 0.0462052493500276 0.0296008418047208
-0.00250806927167241 -0.0719671190425477 -0.00777198047950889 0.0687536754892575
0.0394582256789153 -0.0528248371220578 -0.0870430094874655 0.0322601926225714
0.0677800360975207 0.00363927941940785 -0.136991599410618 -0.0860914257610654
0.0268380954416559 0.0567708620200754 -0.0283839997681923 -0.199205733986472
-0.0274583664875792 0.0330279771898602 0.127418844752334 -0.206942755883902
-0.0183306864488715 -0.0275637544036177 0.165955459614785 -0.101416932301118
0.0175429243860749 -0.0623617881122263 0.0606134167739835 -0.0592197066487789
-0.0555862425887518 -0.0749380303918905 -0.060606665058908 0.034243663097487
-0.0525944348457714 0.0171722284163975 0.018118341884681 0.0975302403758173
0.00814383188223453 0.0444973297150444 0.102233925640761 0.043777170074967
0.0373966971746868 0.00157364237798041 0.0983394768935357 -0.0211870010731082
0.00989552887050288 -0.0452165754575364 0.0659681687367417 -0.0527428096174548
-0.0244821989713559 -0.051409839375839 0.0421436590299362 -0.0533642686412207
-0.0402480217040153 -0.0603393251815138 0.0371652150295937 -0.0269929295152296
-0.0350142660054442 -0.0703082823569 0.0320912711041561 0.00626063311350583
-0.0155510431022345 -0.0899600566190237 -0.011038168034216 0.0411473784153744
0.0360734319551967 -0.0756690468381432 -0.0752220688991771 0.00623204280400885
0.0798150599605685 -0.0147233005521054 -0.111028555069638 -0.0989637556187778
0.0456417416306338 0.0597232905263493 -0.00272975257271975 -0.186653652076816
-0.0285181973015466 0.0450194066891928 0.136239335805034 -0.181000232917758
-0.0360282112996875 -0.0296131126514521 0.157338259009464 -0.0744446568810523
0.000776971924405795 -0.0804561968656572 0.0483147180458427 -0.0263024594943603
-0.0645936688436496 -0.0722292327237015 -0.0439051905193767 0.0598025662175671
-0.0663545599530364 0.0174582082522948 0.0321280711786301 0.112266427996347
-0.00128718630662808 0.0571086464286207 0.117100825655141 0.0509415354479797
0.0426098318497497 0.0186631235174342 0.118811118074823 -0.0257310600473114
0.0218474273210798 -0.0397415436784345 0.0770651510972062 -0.0710533552075114
-0.0194670360985237 -0.0534354625270256 0.0392873437828708 -0.0762741930953236
-0.0424248879773346 -0.062652247040074 0.0227913063253894 -0.0495465916867252
-0.0411809205910895 -0.071987491620316 0.0130481832861947 -0.0197477473287772
-0.028531599280327 -0.0938842334440919 -0.0200118481349281 0.0100133418004461
0.0207438037646563 -0.0888870284964679 -0.0689922639692943 -0.0208622963103754
0.0750552103119249 -0.0379636718069453 -0.097491866022462 -0.108371978205406
0.0622855463482008 0.0463273865098218 0.000194573275857565 -0.178489751424776
-0.0181220711510477 0.0532714381900631 0.123957675878714 -0.169992976829572
-0.050639318096863 -0.0190695909345277 0.144115246683198 -0.0601242565378751
-0.0222449266203731 -0.0835925604318345 0.0404306880977844 0.00979937051193575
-0.0623323230086639 -0.0640104545483097 -0.037570610537373 0.0817347527192849
-0.0717441735317851 0.00619389658952439 0.0224656767001598 0.134563730887754
-0.0178912759243162 0.0580685093204951 0.120116327315732 0.0889614411548698
0.0362292670463297 0.0332545149903665 0.146990716907382 0.00128033831536238
0.0289029527198232 -0.0261516981095951 0.107740748118142 -0.07354911837007
-0.0119626098854038 -0.046653421416882 0.0497690031870898 -0.0940420878056166
-0.0376839308558474 -0.0561650815319215 0.0122689760425361 -0.0710421166052588
-0.0406767293644672 -0.0638176507586364 -0.00784448936610287 -0.0429687559163783
-0.0358310027215369 -0.0813967282667424 -0.034175491228438 -0.0169512493004613
0.00106666394523357 -0.0836006387941112 -0.072908518552344 -0.042001037085349
0.054283131302177 -0.0515908379669363 -0.0984501212394633 -0.11323684885896
0.0640402513072827 0.0246263573617657 -0.0174234424203438 -0.175718980486029
-0.00406953260127703 0.0536764266863047 0.0955020447349618 -0.171486511089883
-0.0568403679406767 -0.00166622526901468 0.131035887883415 -0.0557991774364075
-0.0432608395704679 -0.0685578067550399 0.0443858440426216 0.041873899173164
-0.0531252652222888 -0.0472742326878972 -0.0412609704679232 0.0959599455693962
-0.0651686867852372 -0.00552286108436395 -0.01170879140679 0.156974802760238
-0.0320635676904936 0.04562849718948 0.0991435890125514 0.150579891659897
0.0178762322829826 0.0366516381144048 0.169242006807769 0.0593783912493316
0.0227967823831538 -0.00896749089927171 0.149197260322284 -0.0536205805924057
-0.00739658456920121 -0.0306042761226748 0.0715392519846534 -0.103707838037389
-0.0287653789387792 -0.0397135893045395 0.00783374605774508 -0.0905609845940897
-0.0335839684731499 -0.044242809934471 -0.0274669430893025 -0.0604685448306776
-0.0336313959524643 -0.0555348032930885 -0.0514781820915891 -0.0337746378830217
-0.0114532908994371 -0.05992121879185 -0.0823582348216569 -0.0501909409682678
0.0286719529413272 -0.0445083787591652 -0.108578670561161 -0.105640827671118
0.0483546902427241 0.00997586357214524 -0.0477433618908211 -0.164068961325123
0.00351640613029872 0.0454233212292882 0.0527730400836333 -0.171499020538338
-0.0501117128570361 0.0132045812465635 0.116476925114251 -0.0626877860118418
-0.0520757962123469 -0.0410309863750729 0.0581271546322249 0.0614811092754033
0.0576372572512802 0.000518638035654794 -0.0983144060381068 -0.0779317074916817
0.0395922061382126 -0.0319813447312036 -0.126732280364925 0.0596507696475449
-0.0118387581929059 -0.0338071067695873 -0.0155101322566228 0.169818680062621
-0.0354756861945852 -0.00503210639219165 0.0812947883083078 0.14397188111259
-0.0188131621691515 0.033846831470735 0.119661147139433 0.0769256757376367
0.0150756677435886 0.0361741659376635 0.0942378713836331 0.0319505235592112
0.0292756901215155 0.0240061921847743 0.0637252993036476 0.0314656301917824
0.0277750950607833 0.0175672427069798 0.0425524442185445 0.0576381205492154
0.0270084635218711 0.0172501398973419 -0.00155471338237372 0.0952026447145156
0.00844931120800271 0.0226276368907337 -0.0767603027294633 0.088901605843633
-0.0066936354640076 0.0132541484756386 -0.167036474228688 0.0207935159050021
-0.00748533113250013 -0.0181092846083538 -0.158159566870826 -0.117534963471259
0.0249686881432498 -0.0203494562645277 -0.0499678594562573 -0.205187929470551
0.0386342167992659 0.00655886737680114 0.0604406445230347 -0.164617848219838
0.0406641572585855 0.0289199472017692 0.0563153628667562 -0.103735289095208
0.0300543637901753 -0.0337939895636611 -0.105001377685732 -0.0540162511617821
0.0130709241334976 -0.0260281412771198 -0.0908646227814267 0.0774161185655109
-0.00466969921200534 -0.0147124799792138 0.0305434036269686 0.137707129844279
-0.0107100976393628 -0.00979363818297018 0.0943950589864294 0.0950344162008474
-0.00896052060282855 0.00118878930129736 0.109836811810896 0.0434074028905164
0.00241838959135865 0.00193326384760775 0.0876171851194498 0.0157198406986526
0.00853063138287882 -0.00630802949585059 0.0679676488911957 0.0252910017923185
0.0107178523591541 -0.0111854962723942 0.0518941896151841 0.0569933469926568
0.0171886423779146 -0.013022721709086 -0.00323893400279886 0.0980460014986446
0.0188958924796037 -0.00152038594327068 -0.092673244213094 0.0769479614062911
0.018396290339922 0.0112670797096416 -0.179474337740892 -0.0246802271564471
0.00487442905062409 0.00926182003303064 -0.125285024443439 -0.175795299651694
0.00843671561045048 0.00233335542479498 0.0220349115605061 -0.240057723708654
0.0181672177042942 -0.00148339526777852 0.117058484620211 -0.159935667904869
0.0328557041884876 -0.00234505254876232 0.0668907209114957 -0.101807057276171
-0.00381687022388106 -0.057163397602354 -0.099235169550926 -0.0234041330593481
-0.0114941213803531 -0.0103432987714135 -0.048815382763645 0.0875316382437451
0.00411912426210421 0.00480197437794464 0.0633032611687049 0.0973209411366266
0.00900112073463205 -0.0149331207102472 0.0949067126733101 0.0458093947630608
-0.00599204065531231 -0.025579307738947 0.0914141316307839 0.00689560158413073
-0.0126198412961628 -0.0240770051047487 0.0727855986521966 -0.00732172857492607
-0.0130452860292939 -0.0317876330071567 0.0636236298023591 0.0109267162409258
-0.00799317313581927 -0.0373480607156607 0.0536616596496039 0.0475815924464497
0.00767202706417141 -0.0445874625562561 -0.00530617107305966 0.0896548932232519
0.031343843108947 -0.0272548998663807 -0.0961357444640967 0.0581441526600338
0.0459730869402336 0.0107664718678772 -0.168081650734179 -0.0624999347100337
0.0143450345704387 0.0379821142128657 -0.0767769050405298 -0.203635413377869
-0.0128265777584825 0.019074576712089 0.0875307574042262 -0.238563362743898
-0.000381954065681672 -0.0168258949082989 0.155380045152319 -0.136009186157422
0.0272925378600719 -0.0345611564522511 0.0705002949152623 -0.0868712826561038
-0.0350494511152894 -0.0694999066133303 -0.0809594364117303 0.00749127686278946
-0.0342333484114936 0.00735093884807116 -0.00928398232748649 0.0918776978898197
0.0104654316558145 0.026223197949448 0.0863506339749532 0.0614747729153896
0.0256676820110572 -0.0101529123703604 0.0932595656388405 0.00280544951109284
-0.000205276161515327 -0.0410601389578668 0.0729554063780459 -0.0267901215109126
-0.0226764997451857 -0.0421584616049838 0.0553560876011577 -0.0313681384573553
-0.0313722450239051 -0.050572509259559 0.0524100482041657 -0.00724356607351991
-0.0238553356689878 -0.0586937131017301 0.0470713828747047 0.0291573577850701
-0.00316540526297114 -0.0723926221505594 -0.00688451525766171 0.069406442822956
0.0397792786035907 -0.0535804121520239 -0.0876195763393709 0.0335031395955444
0.0683942716998592 0.00318393269813497 -0.140016156927155 -0.0858694995588829
0.0272721398612279 0.0576946976878621 -0.0311019881344418 -0.201799725571552
-0.0275590859537332 0.0338307774998505 0.127089841384471 -0.211521418666794
-0.019042264618934 -0.0275335581612716 0.167087594848319 -0.104065610313919
0.0171239275500239 -0.0631783007109357 0.0615884384505866 -0.0601202327583185
-0.0567834337676312 -0.0746122095538197 -0.0606030500349561 0.0351843676398663
-0.0528044491673122 0.0181375166788022 0.019792565661524 0.0987142375025483
0.00903937907976455 0.0448203786562304 0.104140150525324 0.0433569184643154
0.0378430540375892 0.00117335646064327 0.0996819017411905 -0.0227252082600427
0.00934245741990011 -0.0456001248288134 0.0665352716841175 -0.0544151271135974
-0.0252187911798839 -0.0519288344053409 0.041937525855876 -0.0547052135797127
-0.0414711534464116 -0.060183863990125 0.0372203821147825 -0.0278569935765594
-0.0361812813780971 -0.0708633804576271 0.0331075143017997 0.00556328223132267
-0.0163609653275044 -0.0905461367365331 -0.0107267588703973 0.0412962650740071
0.0356613051024501 -0.0766709825630387 -0.0759524749499613 0.00694132336647541
0.0804829357353837 -0.0157176286642951 -0.113567703760274 -0.0987941455140082
0.0466072531996546 0.0597605762505604 -0.00489339689776087 -0.189276326031991
-0.0284298316995099 0.0459095793490471 0.136070212694703 -0.185394316376164
-0.0364208207797874 -0.0292846886408541 0.158970008805088 -0.0768855499600464
0.000328500808751383 -0.0807886767918003 0.0495787105886019 -0.0270082403817198
-0.065551748878216 -0.0720861475370423 -0.0436638921943032 0.0608653535725936
-0.0663976891714256 0.0181534960128655 0.0335707142051224 0.112829075804787
-0.000407128360856209 0.0570940268959379 0.119171542327815 0.0507527442351751
0.0432400244038982 0.0181694646456483 0.120112869129641 -0.0271337399194129
0.021547109766514 -0.0406105992952772 0.077654844253952 -0.0727377605578579
-0.0203147671676302 -0.053699088137531 0.0385617481400478 -0.0776100134894629
-0.0433309684104232 -0.0627330416532503 0.0226469280754609 -0.0510427402092147
-0.0426745893865933 -0.0727953676237829 0.0134626438784546 -0.0201737422820794
-0.0298709317187045 -0.0945456150870051 -0.0195181441601615 0.0104630251437445
0.0199882657793697 -0.0897212215994246 -0.0705267100508081 -0.0198119783310609
0.0757015108510093 -0.0390624255450077 -0.0998079739483984 -0.108626616297979
0.0631123951317294 0.0460142681024651 -0.00205988120294827 -0.181180327247873
-0.0177272264619499 0.0543666380540757 0.123928369549573 -0.174363094215827
-0.0513551024133741 -0.0186762652852049 0.145854105209516 -0.0624789088405601
-0.0229316975620164 -0.0837579156279429 0.0422499241432672 0.00937427637573754
-0.0631920596642751 -0.0638991346530925 -0.0374358761692264 0.0828836275254234
-0.0723240543513857 0.00700644806250765 0.0244461428401103 0.136293820238482
-0.0172751328404704 0.0589173303954625 0.122854538099473 0.0894775094004163
0.0366584882653033 0.0332171335634033 0.149033631169743 -9.10234748630401E-05
0.0284034704025117 -0.0261940863455787 0.108495360203479 -0.0756891672106543
-0.0124941934798239 -0.0468367632730417 0.0493067154425264 -0.0958926646227091
-0.0386371779235894 -0.0564344414737228 0.0118404438447395 -0.072631546792464
-0.0423125075741855 -0.0634933290321108 -0.00828706289016396 -0.0435664431860674
-0.0373660538571496 -0.0817370832148006 -0.0345774538351249 -0.0171471533166969
0.000430523281497908 -0.0840877163216921 -0.0740380317806531 -0.0416368283904725
0.0543087597633879 -0.0524978722692513 -0.101588082529242 -0.113313653903231
0.0647996341315913 0.0240288618066106 -0.0200834036246147 -0.177780784783193
-0.00363843341771993 0.0541681052555481 0.0940911642948217 -0.174846519771096
-0.0573287574994333 -0.00111764063728079 0.132673718585671 -0.0584549981267214
-0.0442405441065541 -0.0690373457547848 0.0462132641450437 0.041583914832555
-0.0538610544344745 -0.0473427897021872 -0.0407356454480196 0.0975519250576443
-0.0651993952298139 -0.0053297520567559 -0.0105122944139335 0.158440557844297
-0.0318543862499769 0.0459989940877959 0.101142868274947 0.151905177763305
0.0187279016789405 0.0364458886872213 0.171699571423891 0.0586902683188133
0.0228123108866086 -0.00934328366883959 0.150919304286284 -0.0559548544466082
-0.00796843880678183 -0.0305756971008918 0.0714574317246306 -0.105926738652486
-0.0297223095461519 -0.0399286512024225 0.00742987593096439 -0.0914467109495156
-0.0349404401829327 -0.0446096205886192 -0.0284567464207824 -0.06106957413926
-0.034905509342843 -0.0554633125457155 -0.052709692274893 -0.0338450693425599
-0.0125300984608787 -0.060765315673366 -0.0838847580362752 -0.0499894977804767
0.0285200823961367 -0.0456930132588316 -0.111648550299263 -0.105288332857895
0.048818203246023 0.00949126204081298 -0.0502619730496642 -0.165887581613382
0.00430653741071953 0.0458516107013029 0.0509921007673215 -0.174211896991425
-0.0507370097784515 0.0136442582496809 0.117458125677934 -0.0647007113624784
-0.0528115908789042 -0.0407106224797715 0.0597113939179838 0.0614139417408694
0.0582083616883453 -0.000372880694459985 -0.100249144277824 -0.0775662476874567
0.0391944671305868 -0.0331935502915709 -0.127589962557631 0.0620659638183835
-0.0123214545537363 -0.0337947210236835 -0.0132044771448638 0.172142465259056
-0.0356747270933397 -0.00516978209566117 0.0842625825535629 0.145112971677463
-0.0183030210674871 0.0344304758985458 0.122793928580831 0.076368365126116
0.015963248478373 0.0364020475028267 0.0959404836449919 0.0312869757241404
0.0302167841416854 0.0240621274948751 0.0649483552809492 0.0308507116672457
0.028488009419258 0.0174747869848767 0.0434466198588514 0.0576513217887435
0.0277446200566901 0.0172552011278356 -0.000628206416853345 0.0963833173316883
0.00889994448862095 0.0227925929404985 -0.0768859969208693 0.0906318353958928
-0.00669004386429549 0.0136731181125501 -0.169381419824694 0.0227361879282822
-0.00815734831359631 -0.017994193083592 -0.161911614726102 -0.117721462521282
0.0248553584009326 -0.0204629330397428 -0.052695984926608 -0.207440906104367
0.0386953042216924 0.00628014487487325 0.0602824953777447 -0.167692997523976
0.0410011482947052 0.0282351448073424 0.0565986159746576 -0.105194186784418
0.0293273018179866 -0.0348132629909593 -0.106788555879074 -0.0531126305336167
0.0129755839855572 -0.0265610378849244 -0.0900409449233185 0.0798506863652415
-0.00453698811864046 -0.0150282569544264 0.0326919982633931 0.139032815379533
-0.0111991450579667 -0.009469835421356 0.0971748726987057 0.095123136076326
-0.00879323648758471 0.00171131871403213 0.112188055927001 0.0418986756747256
0.00304513596791911 0.00152612482772031 0.0893174126271319 0.014632281441575
0.00871144743282288 -0.00741493623436826 0.0690382658379377 0.0247465400967445
0.0109499502076199 -0.0116307938247204 0.0535201162595906 0.0573750811953472
0.0175811437874192 -0.0135024267948777 -0.00251119657174239 0.0991098127223132
0.0189769123270831 -0.00183081269813744 -0.0929236206609235 0.078659852528972
0.0195203811093147 0.0113850743606095 -0.182735148756431 -0.0233068549021897
0.0048174450689073 0.00952452540301238 -0.129223586883827 -0.177074897972455
0.00828926165334453 0.00230174690974622 0.0199510085539913 -0.244163150198543
0.0182330837385183 -0.00187201702957234 0.117287346822763 -0.163224397393668
0.0329891546400877 -0.00265341098946665 0.0675102660993201 -0.103496547503303
-0.00448962662621641 -0.0575474817501859 -0.100828882355858 -0.0225619325432675
-0.0116781580480742 -0.0104588896831394 -0.0479846069977755 0.0888115697360498
0.00488779018156285 0.0052499178697691 0.0657272817968391 0.0968833382216966
0.00897797010690324 -0.0151008883800235 0.0965781955670299 0.0447287127936484
-0.00635330583079487 -0.0254652604912977 0.092983838449941 0.00542220804814495
-0.0128626869724556 -0.0244984593131568 0.0737213189052256 -0.0088166749820663
-0.0146999495387269 -0.0324545155327449 0.0644465629494688 0.0101604027382501
-0.00857123665913316 -0.0382326733061115 0.0553230341103954 0.0474410253512065
0.00715674381177242 -0.0454068552917327 -0.00445906562199718 0.0907187719090484
0.0315412879841415 -0.027796122112091 -0.0968334135102121 0.0601459544363015
0.0461430287645679 0.0107368996826669 -0.171086991524525 -0.0616244578527361
0.0143564736382497 0.038390037393223 -0.0791698741115543 -0.206027163494851
-0.0131770437862447 0.0197836831741587 0.0862810400338158 -0.242840404289886
-0.00106083020297221 -0.0163192665108177 0.156470777314811 -0.13928539752263
0.0269697911969616 -0.0354804577211544 0.0708446701915399 -0.0881490399567495
-0.0359494344422957 -0.0701750475600503 -0.081871803150199 0.00874467749162173
-0.0344534294403694 0.007965403115598 -0.00740264497301942 0.0935632547022444
0.0110638547764085 0.0262351177226107 0.0883508540642287 0.0611425924604421
0.0260180278491813 -0.0110319336257884 0.0948968829699169 0.00189144624734607
-0.000568920269397125 -0.0414535098810639 0.0741532257128608 -0.0280776789763669
-0.0234057931435688 -0.0423788020912899 0.0555479497851306 -0.0323113440421985
-0.0324335674482084 -0.0510434459893127 0.053032761653147 -0.00804463504198033
-0.0251115811761713 -0.0592459183629761 0.0480908245858571 0.0285478456380093
-0.00380185261584322 -0.0732423333000022 -0.00567276870447641 0.0701860503138362
0.0392742318858843 -0.0547048555310171 -0.0882129975474532 0.0345339427657395
0.0695983245366974 0.00267835437634917 -0.142837905440647 -0.0853993421808353
0.028130825267365 0.05810404212629 -0.0332590300951249 -0.204632970410264
-0.0276886617833725 0.0342698879219727 0.126398117455697 -0.21614974182655
-0.0198166715652552 -0.027447962026956 0.168584676102107 -0.106809938812375
0.0168652330225318 -0.063608449496614 0.0625892390975484 -0.0612063925179282
-0.0582938406318299 -0.0746666674485583 -0.0608557909422777 0.036574021370261
-0.0526498810122957 0.0185836517720802 0.0218343987781992 0.0995600452488085
0.0095210265590057 0.0453921227911735 0.106516618411838 0.0428244300366488
0.0386414736787691 0.000586236110531112 0.100984736715414 -0.0241030301786576
0.00889819407290041 -0.0462670401545016 0.0663859658524658 -0.056068481911302
-0.0259090930166705 -0.0521358529040362 0.0418054502157114 -0.055758043053798
-0.0422824283683739 -0.0609537763042519 0.0370251449849815 -0.0292358447148943
-0.0375281978981321 -0.0713607633120548 0.0341059232210294 0.0048084500835717
-0.0176868334270075 -0.091885504531739 -0.0100164684122676 0.0421106041025636
0.035138654774589 -0.0779370436106778 -0.0768073314625718 0.00789971470132603
0.0811884759518858 -0.0169317840997318 -0.116543859019748 -0.0988820827044546
0.0478499573116675 0.0603371480026067 -0.00691529927629483 -0.191434792334769
-0.0283658760582263 0.0466155862464961 0.135922756592634 -0.189901188486875
-0.037045107795374 -0.0289475688156729 0.160788648619141 -0.0798655289043503
-0.00033052474164326 -0.0815794972512997 0.0507352686456003 -0.0276155733133756
-0.0672198831361971 -0.0723562726497536 -0.0437242776743607 0.0622859712874111
-0.0670066311252298 0.0190321573902728 0.0354927495979957 0.114193095999294
0.000373790692274929 0.0576578604935375 0.121532886775985 0.0505445721661729
0.0442574222798815 0.0179990883955845 0.121554945840535 -0.0288291726518315
0.0212682235739895 -0.0411677861778564 0.0779134065903309 -0.0751911657122229
-0.0211276878759865 -0.0538975038206036 0.0387320035783324 -0.078652632402861
-0.0448492653677993 -0.0629146851302956 0.0224710400537904 -0.0520525116657902
-0.0441307889418891 -0.0731392994182779 0.0137107826707475 -0.0206961526427951
-0.031344569375211 -0.0952128144154848 -0.019629375611997 0.0102005586452722
0.0189339102276789 -0.0904158976752459 -0.07119077808147 -0.0196183402054664
0.0758534375490566 -0.0404239534822996 -0.102522248495145 -0.10855969380322
0.0642802899430545 0.0458179739728567 -0.00460549098281138 -0.183848011501561
-0.0171412078005009 0.0547371492065453 0.12366935427414 -0.178239426134282
-0.0520145396172206 -0.0176451833651447 0.147108483463561 -0.0651657890174316
-0.0240955321911562 -0.0842071285282092 0.0436022513873579 0.00909415160205649
-0.0646008627903684 -0.0639440413414166 -0.0369816139599937 0.0845609707205343
-0.0729724662111194 0.00755701004003685 0.0262663880045749 0.1378890851461
-0.0166932269202012 0.0595993372383578 0.125629074978487 0.0894464524584204
0.0375727501797355 0.0328372100925781 0.151039534186369 -0.00149528145101108
0.0287546916516725 -0.0267674243526922 0.109285108116497 -0.0780136957673821
-0.0124612361945273 -0.0468912145171014 0.0491480483928354 -0.0977193878447011
-0.039457434061596 -0.0563487024973692 0.0116613361119591 -0.0738577129059894
-0.0437707025046192 -0.0637801730223768 -0.00827069322498104 -0.0441861921730004
-0.039017726461198 -0.082263843542324 -0.0348190603455586 -0.0168633896398196
-0.000877643816433285 -0.0851721968357347 -0.0755598518437175 -0.0412401265821911
0.0537751066006202 -0.0540795698420859 -0.104453486811651 -0.113578465022266
0.0655601576852539 0.0238288945531069 -0.0224698771217339 -0.179415035723265
-0.00322685213554433 0.0544683293323805 0.0926287274610935 -0.178303697397835
-0.057600123166149 -7.58029034803581E-05 0.133853437527804 -0.0612350053873736
-0.0450029372969193 -0.0688251738554036 0.0478270782085511 0.0413868912436526
-0.0548637261022043 -0.0473027652045868 -0.0407361603997732 0.0990696675228544
-0.0664240691067935 -0.00483730129723429 -0.00926208182149019 0.160840067834332
-0.031363273636382 0.0470359736098242 0.104563886418009 0.153234669279847
0.0195325679569837 0.0366198405530747 0.17428053240378 0.0579580220174434
0.0227930210914145 -0.00948505922781498 0.152470210847365 -0.0581991088888223
-0.00801478655955997 -0.0308311118058684 0.0713722529093224 -0.108874296870748
-0.0302874160354717 -0.0396735137809286 0.00671010623716871 -0.092748420488138
-0.0364818424854047 -0.0445523696683151 -0.0291501288721054 -0.0616663927229304
-0.0360867294775376 -0.0555159925016895 -0.0529782394819936 -0.0336585741753369
-0.0140038623487577 -0.0612438833211125 -0.0854002095904427 -0.0493204526742496
0.0283954711342327 -0.0469707228102858 -0.114552948047156 -0.104569204841706
0.0496715965569062 0.00906395756002972 -0.0538144446976129 -0.167435985340066
0.00436680095427807 0.0463012745750637 0.0493977569411044 -0.177743492456734
-0.0505685027113912 0.0149761635536122 0.118337305542017 -0.0677016672366242
-0.0533857323101164 -0.0402703883283401 0.0615649707006806 0.061198242341159
0.0580894182350703 -0.00114516790957122 -0.102514362654612 -0.0762655114286964
0.0394931739005246 -0.0340285840143038 -0.128335421754536 0.0650408222628261
-0.013017194024819 -0.0342153844098291 -0.0106615257007875 0.175376665369793
-0.0363303628643179 -0.0043924793525272 0.088180849348598 0.146036988486448
-0.0176115670533073 0.0352861940968605 0.125492682945388 0.0754661906145821
0.0168605304310965 0.0362655723192517 0.0978174400333881 0.0299455927163418
0.0308940852899944 0.0236638761762988 0.0660926913604549 0.0304683751841698
0.0295673310341725 0.0168032669398973 0.0446149070887995 0.0576949773217811
0.028282271236419 0.0163795292359762 0.000261222428502117 0.0970140994086979
0.00959507348982198 0.0229449444858346 -0.0762791571915683 0.0926297761458575
-0.00636486820716389 0.0141070570771108 -0.170958024066932 0.0252112801621855
-0.00831566674948614 -0.0175570450001507 -0.165347315669558 -0.117516700067778
0.0245613917208536 -0.0208011760752005 -0.0554689298710327 -0.209939803523326
0.0393362019257446 0.00550417742569208 0.0587619081692996 -0.170350046372176
0.0418600698765341 0.0280529767266833 0.0564385704490215 -0.107162642182046
0.0294083483573602 -0.0352245137669443 -0.108476211371997 -0.0520468105826735
0.0123005976981544 -0.0268308352681615 -0.0903182679997794 0.0819779944732356
-0.0046495084684025 -0.0150188807896716 0.0355088410854428 0.140087417049364
-0.0108598890005513 -0.00986419212951388 0.100682331887636 0.095226518820455
-0.00864218590312727 0.00176192319287085 0.114458137891165 0.0410083017548998
0.00368361920785011 0.00164626962962865 0.0901701881741967 0.0132628500503941
0.00867691444934033 -0.00742874148671775 0.070405616141437 0.0241161056067989
0.0109035133649004 -0.0121445738431179 0.0546749706539418 0.0570785896262005
0.0179822777805938 -0.0142144449363501 -0.000804197579878087 0.0998784448314258
0.0200675437203843 -0.0019847039943299 -0.0934572171627148 0.0798625901320846
0.019568429404096 0.0112372741017343 -0.184976097764039 -0.0212805024946537
0.00499541835192149 0.0100197524711109 -0.132966939744147 -0.178085568433931
0.00789003218837527 0.00236150195950889 0.0168724446894854 -0.247311373852214
0.0180574358517963 -0.00192345635088446 0.116648164849503 -0.166897492507966
0.0332970526244953 -0.0032463754034941 0.0673861634100899 -0.105294351182072
-0.00541161396005878 -0.0580345268033713 -0.101672762909863 -0.0208795098049392
-0.0118843326262358 -0.0106244466530748 -0.0470377235352015 0.0909358280258725
0.0049453694613308 0.00475108390316844 0.0675928784646598 0.0975391695825975
0.00924230087917549 -0.0154440103379925 0.0990550806914809 0.0445317927388406
-0.00664028955871185 -0.0260269518522208 0.0940107716549461 0.00446826857113383
-0.0133029198104042 -0.0246843397912856 0.0744510600109675 -0.00923082284220229
-0.0142294025692329 -0.032934517264105 0.0651760718383891 0.0088991548968769
-0.00858672974584121 -0.0385953604882151 0.0561664397592852 0.046610119507294
0.00754012636757081 -0.0460109560837668 -0.00330574119045956 0.0915660170255726
0.0318688074152276 -0.0282974840675407 -0.0970157881573169 0.061316453628785
0.0474415139381673 0.0106134632660917 -0.174323987815404 -0.0602393645159449
0.014869881706776 0.0386932179053595 -0.0836451667362565 -0.207071043847894
-0.0132655102077774 0.0203156697997709 0.0847967589572599 -0.247402730803228
-0.00180874604566283 -0.0170571492269194 0.156710150286996 -0.14246395067731
0.0269671522797078 -0.036145766377578 0.0712950648638502 -0.0895433121292749
-0.0378396735745572 -0.0702918270203253 -0.0822231434970707 0.00964674423530848
-0.0347855863058884 0.00826972215540541 -0.00644768187626275 0.0941014019230428
0.0115031527136184 0.0265003328410233 0.0907988996372311 0.0608862849148067
0.0266716630233566 -0.0115038367041895 0.0965730725729836 0.000611162842410944
-0.0012312740367166 -0.0421639819115154 0.0744444561801343 -0.0297492867266008
-0.0243966539904866 -0.0427228989229601 0.0556197850631683 -0.0331086613457152
-0.0331233356306496 -0.0504394098478756 0.0537628741877619 -0.0094591844151314
-0.0258175251720845 -0.059698828400365 0.0493628573107049 0.0278873600474394
-0.0044996931600033 -0.0741318141987265 -0.00506389143321871 0.0704995397234092
0.0393596965183626 -0.0554233873965352 -0.088872088413162 0.035776853159081
0.0706504148871863 0.00213220619016709 -0.145950423852158 -0.0848049120628709
0.0289954234725069 0.0589102944524817 -0.0361976073267136 -0.206449951716901
-0.0278011107536585 0.0354060749249049 0.125364086722904 -0.22072764945118
-0.0207048973298249 -0.0275423717490005 0.170087885424014 -0.109996987214279
0.0162543007198627 -0.0644817932731247 0.0634056026038638 -0.0625098910744699
-0.0594515091073534 -0.0746900060347017 -0.0609406038731755 0.0378551449198892
-0.0531230063554795 0.0194096720707085 0.0235938374061249 0.100359079874072
0.0108921613887269 0.045678495816893 0.108414475454895 0.0418400399302742
0.0392810992579919 -8.32235616775312E-06 0.102209518894025 -0.025771354627582
0.0083410845822971 -0.0471049133807638 0.0665544872469027 -0.0578419206636251
-0.026788923803038 -0.0524591328917109 0.0414589137037584 -0.0572831883290159
-0.0437076148650814 -0.0611358515009524 0.0371672379465103 -0.0305999923063887
-0.039008218817397 -0.0719847798465115 0.0342043765061366 0.00478483910829589
-0.0190699725737243 -0.09209590542991 -0.00955325488801617 0.0423198922452485
0.0344141224447541 -0.0791523454251431 -0.0779021732264998 0.00905851561312708
0.0818654394299243 -0.0176953186701654 -0.119315032001228 -0.0978989862852954
0.0488096170317798 0.0607588432838667 -0.00973381389461666 -0.194418610375964
-0.0283665756159692 0.0478963594565095 0.135344318407035 -0.194098403949203
-0.0380800249729368 -0.0286836192245732 0.162072319634234 -0.083310930733238
-0.00106469724402194 -0.0823567605955972 0.051510754786262 -0.0283868275902244
-0.0684832570058012 -0.0723117761529281 -0.0433158128423645 0.0637263706652735
-0.0672787927572006 0.019581185713149 0.0377165982568961 0.114825414433778
0.00139388608318069 0.0584718748631806 0.12371481536816 0.0489618856698307
0.0449149233821212 0.0171480850230832 0.122864747863278 -0.030544415349033
0.0207841408423101 -0.0415629502935606 0.0780517609379572 -0.0768024174238469
-0.0218920238281222 -0.0539893862839065 0.0377252343637789 -0.0805327595954032
-0.0458625617629859 -0.0631623344276579 0.0222132132064704 -0.0530711644745377
-0.0461827882973372 -0.0732623645276665 0.0141582298348271 -0.021448334326116
-0.0333109906233912 -0.0959770315128343 -0.0191835277461671 0.0104904355640407
0.0177186982690441 -0.0918260599167479 -0.0722785458083343 -0.019176581390874
0.0761246717780075 -0.0417097282618596 -0.10587189297533 -0.108145702293497
0.0657705682886982 0.0455903935938281 -0.00722687548814198 -0.186165532629607
-0.0169389941249444 0.0558325282640392 0.122326322420694 -0.182915297184582
-0.0529405293191751 -0.017454889072762 0.148267566350681 -0.0677300534353098
-0.0252315625981521 -0.0843888258116914 0.0449137196307567 0.00890964645787447
-0.065246342595932 -0.0641307813953799 -0.0365193648389091 0.085630466952761
-0.0738360494048272 0.00886778880007552 0.0281790697574123 0.138564745989167
-0.0158046381093242 0.0603591804423219 0.128637855143778 0.0891647290926676
0.0386752740623167 0.0328552614045547 0.15347998233228 -0.00286205970285708
0.0286679058684034 -0.0271346839091718 0.109814071697776 -0.0807456201523181
-0.0136278686635866 -0.0471227266359652 0.0484997860022263 -0.0998680188594706
-0.040574554311328 -0.0565969944893674 0.0109747729704853 -0.0755568098998855
-0.0453041654061987 -0.0641674746751872 -0.00910729663096897 -0.0447630341167636
-0.0410152114044722 -0.0824248980085372 -0.0353796770988825 -0.0168755838334487
-0.00268131807124423 -0.0860570666615586 -0.0767687913308767 -0.0407955293263486
0.0539404196924578 -0.0553962566686217 -0.107029330636726 -0.112855427525979
0.0671846306655987 0.0226135944235277 -0.0261223023671799 -0.182039611147099
-0.00236663136516584 0.054935677064535 0.0914820379534798 -0.182376494030768
-0.0583585726213778 0.00112814135909069 0.134907073774281 -0.0641482091743981
-0.0459718399633304 -0.0686151097514447 0.0496426972021698 0.0407394099117804
-0.0556540753096858 -0.0468129063697467 -0.0401025306308098 0.100799509086481
-0.0669251296988422 -0.00383116971763852 -0.00707248214195281 0.162727427499332
-0.031023200516879 0.0475279003889131 0.107461308525126 0.154421469044304
0.0195428131540168 0.0364938415128216 0.177847537762864 0.0569007260280114
0.0228961590361792 -0.00962155790918498 0.153876161428158 -0.06152905906891
-0.00895814147344042 -0.0304218050891101 0.0711318609794136 -0.110972026739874
-0.0314164903227368 -0.0395101603927307 0.00576633094185748 -0.0943926943129911
-0.037475160451871 -0.0442664604712106 -0.0299586069331319 -0.0616150298723221
-0.0376181282433375 -0.0559513111500053 -0.0539152129221321 -0.0334387653346543
-0.0147341044432992 -0.061655031312775 -0.0875090184313946 -0.0486858397984577
0.0277628259701266 -0.0479894394321676 -0.117954725701581 -0.104088811056351
0.0503823705496043 0.00825874435597976 -0.0571452882866036 -0.168613386076263
0.00515954657037505 0.0464962276503577 0.0471471843259848 -0.180324086149529
-0.0510844643120162 0.0161158952219726 0.118632636244625 -0.0703588180340067
-0.0542885979533707 -0.0397422880451906 0.0634587490967282 0.0604055446067027
0.0587947947665197 -0.00198374462057699 -0.10451427419223 -0.0755985357438297
0.0384900759916538 -0.0347588386210792 -0.129087276977018 0.0679245267774919
-0.0136708837726561 -0.033692290188388 -0.00784268124198303 0.177347492403795
-0.0370574707142944 -0.00384468009028218 0.0921596886809655 0.146421152507218
-0.0170355284362635 0.0362485544477408 0.129073067812684 0.0737352264283551
0.0176670241718298 0.0362305045271571 0.0997554044183926 0.0293330821047292
0.0316459417260602 0.0230220629998053 0.0672371269342097 0.0299472843496107
0.0302814222722277 0.0162586590758096 0.0458885754735643 0.0570916957763305
0.0292972730279742 0.0159239644184042 0.00159218028380197 0.0981018536397677
0.0100291324583284 0.0231070144336343 -0.0761205078409873 0.0945400311064133
-0.00592760218383573 0.0137884244902739 -0.172940957134613 0.0275058610535461
-0.00853753032598425 -0.0176656061675338 -0.168870957331689 -0.116341413106605
0.0245053071231538 -0.0215403853448035 -0.0596715291620935 -0.210988847236712
0.0397964321130772 0.0053611779583127 0.0577008283363174 -0.173095959852156
0.0422326167280538 0.0275708605105653 0.0556419770089507 -0.108556593588168
0.0288436862094859 -0.0362974639084866 -0.110760119609566 -0.0503373298513293
0.0120840013584241 -0.027295600178288 -0.0894574763014442 0.0845952411320485
-0.00531961012320433 -0.0149051917064059 0.0383417007384854 0.141624736439471
-0.01116944663444 -0.00966618367963997 0.10292957991627 0.095210502863943
-0.00902834807441916 0.00199057618438747 0.116912040776442 0.0393601091665432
0.00369118120593755 0.00133896820790027 0.0916881624077878 0.0124662289519963
0.00864799623208041 -0.0082987906435272 0.0716228118115741 0.0231028586575508
0.0107774542320462 -0.0124812236301496 0.0561752859839419 0.0563258089282045
0.0181798902073313 -0.0147703062980313 0.000279165368719865 0.100588147449144
0.0199460138966835 -0.00202438162220789 -0.093095091449652 0.0821425327184967
0.0204134729749878 0.0113770739217696 -0.187939218570241 -0.0190261901844004
0.00505055156611349 0.0107509434086793 -0.136227762749669 -0.178819029542471
0.00805081394821398 0.00220698322210076 0.0136911654375432 -0.250580867850308
0.0180956892700508 -0.00235281859019196 0.116290799018394 -0.170384742279711
0.0333499840583372 -0.00386845738130298 0.0675644685133597 -0.10665640738848
-0.00655213484871549 -0.0587192660809027 -0.102706723463005 -0.0191720469456596
-0.0125220193102966 -0.0103387742358115 -0.045811389652623 0.0927826808869536
0.005787593415699 0.00506565911525171 0.07067243013726 0.0975897214873637
0.00908921903454685 -0.0153754846940116 0.100943652594772 0.0433794640829704
-0.00707541569169787 -0.0258494172500204 0.0954950133467251 0.00287166775388348
-0.013627925412139 -0.0251710164411694 0.0752960745150371 -0.0106722923673917
-0.0149795133675316 -0.0334499812904148 0.066383295871011 0.00839229911324749
-0.00923730650565528 -0.0391420036664943 0.0574810816554762 0.0459074121564888
0.00696653407868288 -0.0463456266059096 -0.0018548840065864 0.092170303752436
0.0320335621129961 -0.0292831904615653 -0.0973825499353664 0.063130718224566
0.0479576909686428 0.0100061136164275 -0.1775610478765 -0.0583303804015793
0.0157512588506486 0.0396663972770631 -0.0865879723484946 -0.209763926740711
-0.0137651419831081 0.0207893248079011 0.0818064033766722 -0.250748353545781
-0.00197760549781054 -0.0168514799602015 0.157519814596555 -0.146531743456977
0.0266242688441615 -0.0368116667441081 0.0719076498996972 -0.0913162142016342
-0.038931113773276 -0.0704816101474213 -0.0824933949737178 0.0112318858281912
-0.0349033881892255 0.00852497445637323 -0.00447941448106149 0.0955629897072088
0.0122420066586501 0.0265225538183092 0.093152296896909 0.0597868445812767
0.0265540918438585 -0.0118694795076441 0.0979050818701702 -0.000481811709898474
-0.00187643357456321 -0.04268814777359 0.0745831908689616 -0.031314028180389
-0.0247596654385566 -0.0432000349090768 0.0559203951918868 -0.0347451909183209
-0.0341335317825135 -0.0511103893131872 0.053941929214808 -0.010528581137864
-0.0271130657664068 -0.0602625824481883 0.050155857472935 0.0278721055707094
-0.00558125107940572 -0.075031803737645 -0.00402638102602652 0.0715312722344603
0.0389797929396949 -0.0565318269666673 -0.0895645472933034 0.037736023143466
0.0716362159053593 0.0011425256078571 -0.149187079979908 -0.0836967880830946
0.0300156126583955 0.0594362685603909 -0.0393642929144561 -0.208880510622048
-0.0278189582450919 0.0362194909353454 0.123928458875723 -0.225094467391865
-0.0213386235822336 -0.0273636445596924 0.170599125660608 -0.114057362622014
0.0153129496469987 -0.065477921670411 0.0637901988307833 -0.0636544188900578
-0.0604999115956737 -0.0750489678310295 -0.0611134337534047 0.0392987732869995
-0.05313742240017 0.02020393406919 0.0257452049995219 0.100854715823183
0.0119635469900786 0.0454051043351134 0.110375975506375 0.0408347258220548
0.0398448612203507 -0.000722781092664519 0.103460258161859 -0.0278426608548784
0.00790721234723288 -0.048091463165767 0.0662380189767863 -0.0596915236841044
-0.0276625247468254 -0.0526882845008358 0.0411348797403586 -0.0586279311054459
-0.0448420795970119 -0.061334409686727 0.0374313080024999 -0.0319476527048534
-0.0405706451938452 -0.0718649084371525 0.0349223593130335 0.00374079187239832
-0.0204081176622443 -0.0929472983224007 -0.00870225503623656 0.0426389670248262
0.0337761879528031 -0.0800612178976748 -0.0781619715030252 0.0101435515906615
0.0827955247648306 -0.01899209295925 -0.122388015776138 -0.0976473891227275
0.0502062162110043 0.0606744973184154 -0.0127508880328684 -0.19623334059834
-0.0280781077888572 0.0487233014411456 0.133784490640642 -0.198975912595538
-0.0390569506749475 -0.0284048174655001 0.163643762314737 -0.0864360724231627
-0.00248180551678228 -0.0828039826191031 0.052951241665768 -0.0291882704240553
-0.0698061608630612 -0.0721607483826029 -0.0428771649281614 0.0649312246988153
-0.06747437646689 0.0208035695122929 0.0403107759508554 0.115933155337866
0.00258719628208027 0.0588834825856544 0.126026612337477 0.0486890415835557
0.0458461463449321 0.0166344699898343 0.124056982082746 -0.0325851025963006
0.0204831105863846 -0.0422602466009504 0.0779613223149114 -0.0790827207999603
-0.0228709013593012 -0.0542840531567544 0.0371338373404045 -0.0827612433058126
-0.0470453950547929 -0.0635094972283158 0.0219841707621984 -0.0544669830754422
-0.0475921075433999 -0.0734095822147795 0.0139586423519217 -0.0223243953301329
-0.0352664063616597 -0.0960925310370241 -0.0190616442861717 0.0109353192694131
0.0168484357775951 -0.0930847154697654 -0.0732354848366347 -0.0182408767210774
0.0765242459529397 -0.0429123194992082 -0.1088480002253 -0.107829983588465
0.0671954316159289 0.0449581812215772 -0.00992351402852238 -0.188329272327216
-0.0163039511575469 0.0565057465173194 0.121204930871748 -0.187006370404043
-0.0533325947889272 -0.0164640582123161 0.149818322119225 -0.070769236301778
-0.0264980423422547 -0.0845137573933685 0.0464020187000508 0.00828559515454724
-0.066998464600899 -0.0638615972109886 -0.0355856204678665 0.0872138061407999
-0.0742954486677443 0.0100333911026736 0.0306047440267272 0.139909305824535
-0.0150862696930922 0.0611819749360259 0.130974549451306 0.0888251453236923
0.0392147835948593 0.0329673780701399 0.155175925032931 -0.00500937927621138
0.0284157717766873 -0.0278947673545969 0.110064346005431 -0.0830769178743792
-0.0147221059733149 -0.0472717032942008 0.0474370181100358 -0.101893486659477
-0.0419220121547635 -0.0565474495271411 0.0101855228182309 -0.0764825170347954
-0.0469392414732194 -0.0640685319995561 -0.00931983372511188 -0.0454822870290356
-0.0427053021151522 -0.0830100589938812 -0.0353389491952522 -0.0161686901905276
-0.0038844248062722 -0.0868706424862081 -0.0783698003696877 -0.0398512120366242
0.0535747433319794 -0.057088408711453 -0.110776941347773 -0.112521512426443
0.0677236074183006 0.0218405531649638 -0.0298069963594756 -0.184256139778312
-0.00180901291200176 0.0555478690505089 0.0896335625013619 -0.186412061028014
-0.0586763283596931 0.00180716954513978 0.135995789818482 -0.0668666115726565
-0.0474507971913928 -0.068502207461967 0.0512349342132607 0.0404291779444846
-0.0563489009511233 -0.0464450116896902 -0.0392084105961005 0.101844339246102
-0.0677882625489874 -0.00288405091275271 -0.00476882246252812 0.164988868760742
-0.0304334034749342 0.048257573970991 0.111058123546689 0.154749366601526
0.0206556044593989 0.0365055986670315 0.180863577479418 0.0553990511277514
0.0229595299059495 -0.0101606838003842 0.155181438335911 -0.0642511625061616
-0.00968834597709251 -0.0306722903329262 0.0705034631424259 -0.1129439781574
-0.0324914595069273 -0.0394842265220513 0.00495175067242089 -0.0957180213722072
-0.0389508602301992 -0.0442076866161852 -0.0306918797696212 -0.0626256004592736
-0.0387668329136283 -0.0559075826076661 -0.05437921681291 -0.0332313824831394
-0.0164588767438753 -0.0618025743093637 -0.0888895463895335 -0.0478179253829025
0.0268038516774536 -0.0483051653730521 -0.120996728175716 -0.103355400386295
0.0509715316839261 0.00748589042662268 -0.060776866239223 -0.170078509300249
0.00617020889838602 0.0468369301390206 0.044351256050139 -0.18364619738574
-0.0511056708649877 0.0170504664476322 0.118991197210312 -0.0734389204960883
-0.0548571155305163 -0.0391187395115526 0.0655450233880006 0.0595137960600214
0.0589006663395484 -0.00306700871342815 -0.107408653607786 -0.0743300239945692
0.0382769996207734 -0.03617457195478 -0.129240834838372 0.0717312943065526
-0.0141609804590004 -0.0336758463882198 -0.00391512441885049 0.179186909619254
-0.0370045491976947 -0.00279264261076674 0.0958304210091045 0.146677486110495
-0.0159883594735464 0.0369002494580629 0.131406115218648 0.0723164065541058
0.0188375111324045 0.0360985073985606 0.101303394149729 0.0276836675463832
0.0326248987714437 0.0224919152823628 0.0682711380799552 0.0286398615313789
0.0308067359307857 0.0159384501341975 0.0472211683062577 0.0568332543123231
0.0300573360052742 0.0154905147784499 0.00282284754475839 0.0989413321010805
0.0107680857441885 0.0230638406727623 -0.0756669920092382 0.0967487812184893
-0.00567294596358173 0.0144101517058461 -0.174561130692492 0.0301493993451599
-0.00940347071335566 -0.0176952990628129 -0.172536320628008 -0.115140122250844
0.0237600497952829 -0.0218024449789842 -0.0632323613134288 -0.213792849801815
0.0397600115918712 0.00466703464010072 0.0563985063329968 -0.175946898746489
0.0430101535393645 0.0267193891235763 0.0553850971417022 -0.110627064273924
0.0284231829033776 -0.0373767178566344 -0.112019004434555 -0.0492065737857894
0.0112546882703401 -0.0282053057527671 -0.0890971069191322 0.0873584011854265
-0.00520638002300023 -0.0148749087771213 0.041265034084325 0.1424109174986
-0.0112950902177203 -0.00915802183626861 0.106816091869348 0.0942061789588604
-0.00856929076852083 0.00227713964637932 0.118697905019053 0.0376620327199806
0.0040714840757749 0.000759783529053175 0.0927451440325653 0.0114200056254049
0.00930994627236086 -0.0084610810165788 0.0724553029449883 0.0218420524314183
0.0109981092080203 -0.0130353255865832 0.0576768483603668 0.0557306332584974
0.0185371909261375 -0.015448351503112 0.00142047224721975 0.101755014481631
0.020439081123504 -0.00212452981331667 -0.0929767651168369 0.0842949436543633
0.0210406226379791 0.0115578131238984 -0.190343087145694 -0.016416663709947
0.00505815747659819 0.0107694038483801 -0.14141566787117 -0.178533607811771
0.00796005459038095 0.00262301902363886 0.0104910027242806 -0.253927887637384
0.0178880121532893 -0.00261921547137057 0.115273933194757 -0.17373146079043
0.0336247598949764 -0.00463608348681775 0.0670641811498484 -0.10839658977286
-0.0073326671232985 -0.0590531672221338 -0.103946325549221 -0.0177918216705167
-0.0126218897809369 -0.0104311369186114 -0.044697989966032 0.0942021024154829
0.00552773816232067 0.00454092231467087 0.0731990767010844 0.0975584707281885
0.0088635284353829 -0.0157310650059225 0.103696058052075 0.0418947009867615
-0.00728111848004175 -0.0258622026978529 0.0970928509917345 0.000633161401471786
-0.0138237033682215 -0.025537322606877 0.0760903299709584 -0.012213188929649
-0.0156033907738425 -0.0333674654401186 0.0669141236802316 0.00722194362405459
-0.0101974737565951 -0.0394139805489578 0.058882504985812 0.0455568938701047
0.00616189150129253 -0.0468246519531556 -0.000269531349629282 0.0929991797003197
0.0323951850576546 -0.0296469278024154 -0.0975393120819763 0.0649341772273701
0.0491725763210509 0.00960069296933836 -0.179935027795017 -0.0571592076492742
0.015965559851107 0.0402021503831315 -0.0910459562749268 -0.210571959685709
-0.0137577225267474 0.0215337122259686 0.0796055102258659 -0.255531150256069
-0.00214673134001641 -0.0170124477733945 0.1574788591126 -0.150439484449087
0.0262330207714173 -0.037591703979891 0.0720141339445329 -0.0930595633502165
-0.0404990168121422 -0.0710230153023956 -0.0832112371261782 0.0128569223536879
-0.0350262652999697 0.00924365705044649 -0.00284149700695525 0.0966879747889376
0.0132703388925756 0.0263386174574156 0.095188963187586 0.0594452412650811
0.0271827763879641 -0.0126132648049018 0.0991959212989156 -0.00260427579404794
-0.00260937964780264 -0.0429270545096015 0.0752119795033473 -0.032735463354694
-0.0257821469155295 -0.0431553300213732 0.0561017043427129 -0.0362681186237849
-0.0348208646851872 -0.051258239356284 0.0542753537628152 -0.0117902036291658
-0.0282843205563022 -0.0602911214148991 0.0513698783189694 0.0265301394891872
-0.00675756671188003 -0.0756523658099857 -0.00258140767372597 0.0720316136695369
0.0387977504383956 -0.0575349276720323 -0.089473011480961 0.0392765361946971
0.0725090443708543 0.000412207670611503 -0.152548941988085 -0.0822532355318122
0.0307736306262204 0.06006532466565 -0.0432238908055948 -0.210789727872188
-0.0279159973436659 0.0368292807783619 0.122034442029731 -0.229782239178589
-0.0221734632779175 -0.0270508316406505 0.171576881528094 -0.117549536452478
0.014730728193221 -0.0661728546096777 0.0647153865240217 -0.0650761541696729
-0.0626754155946695 -0.074577970249208 -0.0606420414867303 0.04085700003121
-0.053249878427937 0.0209536851008498 0.0276792077343898 0.101692092400331
0.0128271402982795 0.0457264939363813 0.112597661716914 0.0396046743915946
0.0404426484719119 -0.00149981356455957 0.103840533508477 -0.0295204236861219
0.00729857939825878 -0.048114201458663 0.0664093022843819 -0.0615255255991082
-0.0288235964880875 -0.0525315925046171 0.0406169838074105 -0.0601785623639106
-0.0462708578993463 -0.0611142752569123 0.0373644863342511 -0.0328417823915833
-0.0422642115335084 -0.072166646732908 0.0357715795008215 0.00298542536160814
-0.022169916509273 -0.0936401228570577 -0.00781752565619603 0.0427884242045469
0.0331038446278304 -0.0814613275412032 -0.0786763883852548 0.0112881764925866
0.083263836816087 -0.0201211926517676 -0.125457693655104 -0.0963310608003164
0.0514870011943403 0.0606852880157491 -0.0159492178241156 -0.198719654095405
-0.0279442020171044 0.0497092462971748 0.133390047454091 -0.203169843000469
-0.0397989766855852 -0.0279386004215174 0.164854728272273 -0.089894678162371
-0.00353117381430896 -0.0836557805142693 0.0537435279161938 -0.0300950926191083
-0.0713779745022337 -0.071565152408393 -0.0421681612880927 0.0664574685705771
-0.0675337389026098 0.0217400996207073 0.0423526145233216 0.1159901579772
0.00368657345752592 0.0589268936889135 0.128528751012256 0.0472244436020309
0.0470197751224104 0.0160433668818024 0.125025718440902 -0.0350608890368283
0.0200523045513731 -0.0429275624413005 0.0777757144709526 -0.0817960053332567
-0.0242200514360366 -0.0545562324541635 0.0365895238095864 -0.08410222961323
-0.0486465300782112 -0.0628649334879143 0.0214654118852393 -0.0555446269229312
-0.0496929393409641 -0.0733861508085063 0.0142402863525273 -0.0229651445262085
-0.0371461246676466 -0.0966362429219422 -0.0186744352454779 0.0109839172497656
0.0153367789743398 -0.0943740006303837 -0.0744279065257602 -0.0172730054484226
0.0763470967835786 -0.0449099350376259 -0.1124424442075 -0.107046013615831
0.0682970249095262 0.0444935216609287 -0.013479107134016 -0.190639145658749
-0.0155641151116294 0.0572776325507583 0.119701574382117 -0.191564471150643
-0.0539658462455678 -0.0159201336576212 0.150324567114481 -0.0746213692218189
-0.0277219251537751 -0.0847120850105905 0.0476472281856102 0.00757965809995396
-0.0684104631159931 -0.0634176703850592 -0.0348927628133905 0.0885866867926647
-0.074754738134322 0.0114563275227026 0.0335413676733112 0.140914527617114
-0.0138588428393662 0.0616200581563112 0.133988716751814 0.0876210786804991
0.0400947947374933 0.0320506833256613 0.157159319860594 -0.00757548909498881
0.0281220479293475 -0.0284065923368491 0.110294126910642 -0.0855559572853376
-0.015398476148721 -0.0475577746828257 0.0464933441976332 -0.103850284254978
-0.043124856026942 -0.0559542806730379 0.00930917329174971 -0.0779463910544369
-0.0487312335819182 -0.0639111924874087 -0.00967175192564296 -0.0461451594233225
-0.0445621309406365 -0.0827228619604226 -0.0360759878783347 -0.0160202064492246
-0.00551803563163375 -0.0874676031894061 -0.0797892728374662 -0.0393153717082232
0.0531814924228525 -0.0585532822455837 -0.114362123218416 -0.111712303088252
0.0690128271540006 0.0208929764427093 -0.0330991009247913 -0.185571033769127
-0.000463337589368967 0.0561556383544283 0.0873342428699964 -0.190623797762963
-0.0589892679594341 0.0030744400772226 0.13670962028335 -0.070787455346899
-0.0486923980982596 -0.0680391231005743 0.0532213264089197 0.0400972378319309
-0.0568370271124721 -0.0460896168207702 -0.0385133784166067 0.103428070689037
-0.0683750533420912 -0.00206567961066257 -0.00232667203694053 0.166332851007057
-0.0302565385845718 0.0491483785316347 0.114721877387218 0.155373438655113
0.0211227337332841 0.0361349247537334 0.184247128976739 0.0531125740535163
0.0227884839856175 -0.0105167577519312 0.155729179228178 -0.0676259823429184
-0.010080878628422 -0.0306138078649822 0.0697954087104734 -0.11561355178844
-0.0337921106127685 -0.0388737392953862 0.00361113808549875 -0.0968440496778693
-0.0402367417906197 -0.0436740564693855 -0.0320308788956476 -0.0625587917824487
-0.0404785344082519 -0.0556375975770912 -0.0554469499490026 -0.0323837499945079
-0.0176217717943611 -0.0621647644191548 -0.0904606211866201 -0.0468157692013796
0.0263336324530564 -0.0497979016951625 -0.124672857635991 -0.102041566194342
0.0519300115458917 0.00673777849712078 -0.0649901024726118 -0.170739861415531
0.00702481332995869 0.0465845932313302 0.0415880656186866 -0.186989294935866
-0.0513555629461996 0.018205158561713 0.119310367174995 -0.0763998741037818
-0.0559087964521319 -0.0382309609474513 0.0676308912978601 0.059082167918616
0.0588074069354592 -0.00428835118676661 -0.109435016141234 -0.0725897633070677
0.0373980485531052 -0.036693127199305 -0.128858979715518 0.0748395656596484
-0.0151930216802703 -0.0334156296385575 -0.000318855951885696 0.181500046182559
-0.0371205970196772 -0.00190728830245956 0.099867552409495 0.146625103851371
-0.0152800414356749 0.0376255761605051 0.13476275891443 0.0703868877189981
0.0201306060713489 0.0355288741906907 0.102097136850517 0.0259099346429994
0.0334749974160545 0.0219093249696636 0.0694609382341988 0.027724716607305
0.0314149508694353 0.0153739540246862 0.04810606763698 0.05664343413228
0.0307887842022027 0.014879304526951 0.00466405285047223 0.0995826332896156
0.0115458619531683 0.023151982929938 -0.0751148982714784 0.0986078840507828
-0.00504610749644598 0.0146426132325002 -0.176178187378308 0.0333166419868683
-0.00944222509746053 -0.0171668515818961 -0.176537700436893 -0.114029272030149
0.0237834325378843 -0.0222701000173338 -0.0674807861518986 -0.214629583116615
0.0400973827155859 0.00424879417089727 0.0543278218572191 -0.178915988986918
0.0436961056483214 0.0258937847674941 0.0546491666490624 -0.112296257373275
0.0277103591185744 -0.0378806030065503 -0.113537981856291 -0.0471374017537705
0.0111296681037756 -0.0282976043984854 -0.0884635278276208 0.0898050634473166
-0.00496440370429316 -0.0145556714887526 0.0448416862630912 0.143338338657101
-0.0112735228071968 -0.009204061102486 0.109787967917295 0.0935352775874436
-0.00799741524305961 0.00246013091007712 0.120896658613247 0.0355450912694577
0.00431805622122414 0.000874557829483619 0.0942928202979874 0.00904030958677778
0.00941285369826658 -0.00888356781607787 0.0734511596516293 0.0208593837248684
0.0112358509840896 -0.0133296407761836 0.0588080481643649 0.0551820325881943
0.0187931451945028 -0.0161507387864625 0.00311656516267219 0.102127342896004
0.0212253753787691 -0.003022968499347 -0.0927231709596022 0.0864496448590054
0.0219004238318135 0.0113753713788613 -0.192758889554249 -0.0137290123108434
0.00540225804226639 0.0114543569243246 -0.145924453115903 -0.178105684922302
0.00815852635641161 0.00250345034539577 0.00671281299995638 -0.256547060954577
0.0180079089892403 -0.00255731591700012 0.114655242457159 -0.176849904434402
0.0335720121291384 -0.00585031598891109 0.0661312917670719 -0.110431297848638
-0.00865203478320094 -0.0596778684564866 -0.105062137147601 -0.0160280174244932
-0.0130503357532921 -0.0102393775582873 -0.0430459422872184 0.095724716124073
0.00612656308218909 0.00509278972828603 0.0760574069301953 0.0973577091446908
0.00912482997306566 -0.0162692003482504 0.105759386852136 0.0405680290153149
-0.00822595658786945 -0.0261929140041482 0.0978601842071779 -0.000957568227273866
-0.0141253059582586 -0.0255296695428934 0.0766258853269574 -0.0136549585071331
-0.0164351875470196 -0.0339038186140307 0.0678361918733965 0.00596454527290306
-0.0109009968409821 -0.0397908509988419 0.0604081142841112 0.0445611999253393
0.00593730382521672 -0.047923379141632 0.00131403323974814 0.093521450277571
0.0323643539268492 -0.0301395840856192 -0.0975863525530685 0.0669696299125808
0.0500564007023237 0.00915303605298722 -0.182987654131135 -0.0542184456150443
0.0171690133170292 0.0405116345495934 -0.095369445660147 -0.211969981884662
-0.0133536006382615 0.0222234779541333 0.0762367732929818 -0.25967284851359
-0.00284682595225558 -0.0168404822008794 0.156604867886501 -0.154334691992561
0.0252930633548331 -0.03868564752561 0.0714993755871626 -0.0942240463276504
-0.0417734895952802 -0.0705039201125552 -0.0836357122799184 0.0148127442374494
-0.0350896949862921 0.00980827701795866 -0.000847498292596129 0.0978115166702866
0.0138670498753424 0.0265556923449183 0.0975767407518453 0.0580225819838305
0.0267718443094808 -0.0135258788984409 0.100605916830784 -0.00360486442617207
-0.00295468024703186 -0.0438231714949078 0.0755189983672293 -0.034941813322179
-0.0263678011406671 -0.0433256190555674 0.0557551179340636 -0.0377299129245862
-0.0360354176707694 -0.0513033236989187 0.0545634161230659 -0.012993359102345
-0.0297852901457833 -0.0607147224076552 0.0523765900414035 0.0252080750175089
-0.00753762003929493 -0.0762630054955515 -0.00151947601462886 0.0724205453529967
0.0385096324132882 -0.0580515612302715 -0.0898421841258277 0.0410058797950666
0.0736254095492129 -0.000391714354843819 -0.154915174010095 -0.0807274663118945
0.0320588705484193 0.0605503895797675 -0.0468423996606071 -0.212570080015025
-0.0278304623943856 0.0380545593243709 0.119870799875967 -0.233877559746038
-0.0227203383179538 -0.0268158735256261 0.172181153057887 -0.121092265463302
0.0136770296742419 -0.066575365713887 0.0653307264208623 -0.0662152625659077
-0.0647139785103965 -0.0744684558974541 -0.0606276217118936 0.0421167691206715
-0.0531389449290416 0.0219575330536558 0.0299012396530411 0.102270056168542
0.0143261196617981 0.0457419178758769 0.114585890740886 0.0379992210414589
0.0410666852088008 -0.00220627434381577 0.105033840977444 -0.0314909388464633
0.00646212265108582 -0.0486889287359854 0.0659176615088397 -0.0632062962961546
-0.0297268539513493 -0.0527779942826943 0.0398415394735038 -0.0615281399167291
-0.0478843792644748 -0.0613726036634596 0.0374996978123366 -0.0340459913147499
-0.0439192452278925 -0.0720675072914004 0.036557171471704 0.00201663034063779
-0.0239132507279191 -0.0939622787833048 -0.00681016210393979 0.0432804263514849
0.0318411964866028 -0.0821634768014762 -0.0795146097501979 0.0127295071909177
0.0840158897657838 -0.0215006936356258 -0.128943972749469 -0.0954190707033983
0.0524682768376136 0.0606350143266078 -0.0191719502700213 -0.200708455290752
-0.0273339242562944 0.0505797094318488 0.130972382421925 -0.207904935782388
-0.0403202247939159 -0.0272042646817089 0.165272398272493 -0.0938314919883649
-0.00488359847131816 -0.0840393443998448 0.0543986226388201 -0.031228800837061
-0.0731327795956258 -0.0715188606153166 -0.0417530052718084 0.0678749899900786
-0.0676246753623738 0.0226883168915069 0.044732214714887 0.116766864330889
0.00472766923079251 0.0591224075662821 0.130850335008405 0.0457568166132438
0.0476724783015759 0.0153821335197113 0.12607214835878 -0.0370997154641888
0.0196962406137483 -0.0435338267013325 0.077241847327318 -0.0839286788887878
-0.0250159373951202 -0.0547033013136477 0.0351620525213785 -0.0851184300960934
-0.0499496451259278 -0.0628857415078574 0.0206578597831454 -0.0570696739763165
-0.0512761445002181 -0.0736473395153277 0.0139405263961599 -0.0238511102915706
-0.0387840727084265 -0.0965015942107651 -0.018208771777117 0.0112676539612802
0.0136592013627462 -0.0950100111965441 -0.0755045208863151 -0.0160732249607828
0.0765684557171612 -0.0466990730107475 -0.115447671645493 -0.106013840071894
0.0695148387160476 0.043939754376045 -0.0171840491108514 -0.192391692239719
-0.0147162654424202 0.0582633502752961 0.11736130283984 -0.19572616641815
-0.0544824946459857 -0.014750288122102 0.151538117325878 -0.0782740937347209
-0.028636970930209 -0.0847417093875321 0.0490278095810761 0.00657871737551319
-0.0693765215468026 -0.0626220598397185 -0.0333751252330329 0.0896173158146375
-0.0752870673326219 0.0121744295460189 0.0358436874780386 0.141655377196186
-0.0126302820830019 0.0619909073290706 0.136887429593407 0.0867103098438277
0.0412743394023701 0.031666950519345 0.158899527521323 -0.00993618777278171
0.0281316405418178 -0.0282873011677037 0.110098669315334 -0.0886869603431766
-0.0163066427659138 -0.0471773243445045 0.0457485304332659 -0.105766300944976
-0.0445167627768027 -0.0555390343348703 0.00812773617803306 -0.0788124416966205
-0.0509121471767847 -0.063500350930229 -0.00973377757105406 -0.0458847836238171
-0.0467496612999615 -0.0826901499357143 -0.0361647437254532 -0.0159788795923573
-0.0072725969513116 -0.0876588912922109 -0.0810506568860106 -0.0381798886313633
0.0523962395285642 -0.0597547673593035 -0.118116294620893 -0.11024555853429
0.0701067917764231 0.0201647971067407 -0.0373802341139814 -0.186596206757884
0.000278512627623238 0.0566882838880678 0.0851456131744075 -0.194161249386203
-0.0593391051558301 0.00395194091387317 0.136789877528905 -0.0739208946153472
-0.0500082758791582 -0.0676104147459116 0.0551663493307476 0.038902019713716
-0.057771958253873 -0.045505274087748 -0.0373163997128767 0.104725914924443
-0.0689371724264567 -0.000947996782037802 -0.000445540519273097 0.167774368675064
-0.0292338704638639 0.0496180107007772 0.118175435966589 0.155314398018601
0.0222151108965776 0.0363714276548516 0.187090756233287 0.0516671612367919
0.0228523431931595 -0.0106219941641897 0.15697636661452 -0.0707355843012437
-0.0107164067250594 -0.0305032657467025 0.0690543612206295 -0.118637318177235
-0.034660272531375 -0.0386707352443231 0.00260043929434997 -0.0984586506309179
-0.0414788859077312 -0.0434740335972154 -0.033099634713899 -0.0627394361778942
-0.0420231936650795 -0.0556255101180688 -0.0563476742536044 -0.0320863942254093
-0.0192573330164677 -0.0627519733808234 -0.0924821255051846 -0.0459342308306752
0.025599684708567 -0.0507351186627846 -0.128739371482785 -0.10086081207644
0.0521364099869548 0.00527529812369714 -0.0692615511263369 -0.171504019466746
0.00777436605724895 0.0469512693923063 0.0382603536895029 -0.18937780464953
-0.051351816132498 0.0195459271832772 0.119174356207589 -0.0797496798651074
-0.0568810755904091 -0.0375690421111694 0.069750894055773 0.0577216339439802
0.0590431093218235 -0.00604559471078785 -0.111537905670333 -0.0707838358445871
0.037331552051611 -0.0374899516810334 -0.12840206037125 0.0777092788347356
-0.0158445148799031 -0.0336961580935494 0.00264444794848623 0.183651736961647
-0.0378744691210536 -0.000916795189893915 0.104287302584956 0.146673560082394
-0.014891550457102 0.0380977562665175 0.137475090546022 0.0687347747109927
0.021129612913574 0.0356447137952599 0.104584690189363 0.0243648828820302
0.0343309133601643 0.0211556467556315 0.0705587337585485 0.0267622222872644
0.0321504939516149 0.014810857199865 0.0492738248396888 0.0560577914893477
0.0311592537291163 0.0143682597659769 0.00619129400336574 0.100023138316296
0.0123556270571933 0.0230561536073256 -0.0742319714160579 0.10059319985572
-0.00476231193560638 0.01487548815572 -0.177525301969942 0.0366457811796858
-0.0100803204889645 -0.0165659242311003 -0.180111080581245 -0.112563979346267
0.0234205761554318 -0.0228277416434243 -0.0714925043672386 -0.215426581840927
0.040215590387709 0.00352858344515692 0.052190586330054 -0.18103945615567
0.0442841001852693 0.0251817461814533 0.0535114835511219 -0.113669786023071
0.0271148338964608 -0.0388815944281692 -0.115079970414646 -0.0458361475133003
0.0103602741381977 -0.0287400780829247 -0.0875949542106424 0.0923303658596689
-0.00522170741999027 -0.0149091278561778 0.0477641461947917 0.143696710680746
-0.0119510828015867 -0.00939830550449512 0.11357278063438 0.0928015448273329
-0.00826950475277734 0.00285240551007163 0.123395818469481 0.0337305271210637
0.00421361233119707 0.000616608828987129 0.0956047347199829 0.00780989992081576
0.0092771663659033 -0.00938145703185587 0.0747064711982159 0.0195741393629837
0.0110311998883534 -0.0140448768859162 0.0603898984879241 0.054097356670689
0.0185735325390247 -0.016289877199891 0.00511625860380092 0.103111422160479
0.0216364362145566 -0.00310777856357379 -0.0922499713909514 0.0887660387262974
0.0220147530030786 0.0109301224336124 -0.195078446987057 -0.0106031324924922
0.00557880359484777 0.01198929967182 -0.150305120135076 -0.177763812664288
0.007891161495016 0.00274405811521558 0.00176049149094435 -0.258664883599572
0.0183422082391592 -0.00283656485082897 0.113185228559103 -0.181345374560384
0.0337539257641693 -0.00610855333591302 0.0655599795010372 -0.112189852580753
-0.00987837933933902 -0.0602798884933029 -0.106381705491569 -0.0140862022799224
-0.0131730611937242 -0.0105035473713728 -0.0416559589991743 0.0974620175022153
0.00642163444274793 0.00492367298342833 0.0788325202611762 0.0961959395738892
0.00883116394853248 -0.0168242403254788 0.107594232411231 0.0392924173740023
-0.00792796245060672 -0.0262817022944538 0.0992043954281016 -0.00298282723666084
-0.014710368074087 -0.0259479793231309 0.076878267958756 -0.0154545286691501
-0.0169618952344551 -0.0340233520987431 0.0685191277946697 0.00447897533288553
-0.0113998171165743 -0.0401771384061877 0.0615891943770041 0.0429436224826953
0.00563638781348395 -0.0481505892719546 0.00301298576711355 0.0935563357333904
0.0326724435010418 -0.030990255127655 -0.0971997485079792 0.0691653585020067
0.0511332939801164 0.00856574017968912 -0.186011381500711 -0.0520810931710845
0.0173936983423122 0.0416328178492785 -0.0996195523570492 -0.211948681628336
-0.0133834719013401 0.0227919246664514 0.073085761077847 -0.263704307218013
-0.00294988251683375 -0.0170764263983764 0.156143965083003 -0.158369352066551
0.0250125178345193 -0.0394007502241303 0.0715123293724622 -0.0961317256910643
-0.0430302123494321 -0.0703760503282219 -0.083662180243893 0.0160228903331357
-0.034994388174303 0.0101150969739117 0.000845060029450382 0.0984737047261427
0.0150514538358006 0.0260136588007675 0.0996675511239449 0.0570399124859736
0.0271752325633197 -0.014126478772219 0.101716219863462 -0.00606081450308906
-0.00354960145294311 -0.0438697044398335 0.0752826906646725 -0.0367484637838785
-0.0271144256531586 -0.0434887600335731 0.0557552603446725 -0.0390330641558884
-0.0374038226997762 -0.0515497236075683 0.0546448064194651 -0.0146297464407711
-0.0309049823640877 -0.0607627823159223 0.0535322458223109 0.024512498312814
-0.00907529065353122 -0.0769123446923413 -1.2092156112979E-05 0.0727058042846643
0.0379166850648618 -0.0592578645872923 -0.0899025268757584 0.0428455893444797
0.0744110470689458 -0.00156178579848099 -0.158189032880092 -0.0788395787851063
0.033109952593988 0.0606244355949094 -0.0508139384359774 -0.213915179982179
-0.0275642113729196 0.0384398170755948 0.117060309074461 -0.238757357198463
-0.0232491177755671 -0.0267433128065489 0.172216361964898 -0.125253741596062
0.0125814076651562 -0.0677314702948601 0.065127556663992 -0.0676255074187415
-0.0657357134667297 -0.0738267346693558 -0.0601798856406441 0.0439227143707315
-0.0529797636937567 0.0228510828312496 0.0321386867217668 0.102414046221418
0.0148506840771591 0.0454850994580321 0.116732078229128 0.0367741060559227
0.0414207652660247 -0.00286998112206781 0.105761326005866 -0.0333351491436735
0.00607031566678928 -0.049208207755436 0.065345517637536 -0.065304234943672
-0.030899153164398 -0.05268370172032 0.0393163858195808 -0.0628083940759881
-0.0490657680426233 -0.060938377219659 0.0371289793322796 -0.0352160743113165
-0.0455375920226592 -0.0720780466298885 0.0367803515062739 0.000651531471267803
-0.0259576922410536 -0.0940985427672342 -0.00618181520588673 0.0434431670127323
0.0308184444033375 -0.0833348388349692 -0.0799701778995699 0.0142668841481997
0.0844423364786192 -0.0230691493521817 -0.131662944534753 -0.0940878362440831
0.0537666600199732 0.060480001764282 -0.0228057152794366 -0.202337055211385
-0.0268997709326645 0.0514724890751145 0.128962035693815 -0.212177760386919
-0.041120898148286 -0.0266567512074978 0.165870378197778 -0.097545306365562
-0.00606744267386154 -0.0844350544374187 0.0551896520424305 -0.0318666371677234
-0.0742883250220607 -0.0705061106573485 -0.0408569862851992 0.0688592716893607
-0.0675764483929827 0.0241859093839619 0.0470490673707686 0.116702415392312
0.00626576864857953 0.0594236018813778 0.132941651254708 0.0445949594526566
0.0483568277156178 0.0147775384962822 0.127313256940147 -0.0398191506959667
0.0191224540184901 -0.0444555632714579 0.075830509522367 -0.0860267877613674
-0.0258918930813066 -0.0546323065834612 0.0338648449323214 -0.0872738602797966
-0.0512384003894188 -0.0624008709039145 0.0199147500096345 -0.0580844619377447
-0.0532012118309407 -0.0729794348985563 0.0140708814764579 -0.0244837941705347
-0.0410415460939515 -0.0969315468383624 -0.018162741555419 0.0115171740621091
0.0121776038373116 -0.095976602128622 -0.0763683101309507 -0.0149528087386007
0.0760276754142637 -0.0482686798384073 -0.118473547058459 -0.104584714890111
0.0710486600813068 0.0425163991239425 -0.0207354938630596 -0.194009477601093
-0.0139064335538588 0.058757716733777 0.114754082925633 -0.19958577114217
-0.0550428478074857 -0.0137048933541858 0.15187901573384 -0.0816187156214403
-0.0305657660606856 -0.0846920511019441 0.0504336357861533 0.00613294726391325
-0.0703438468320355 -0.0620817554915576 -0.0324269512981548 0.0909612166653649
-0.0746559710499852 0.0135170676032435 0.03876134599074 0.141659385883838
-0.0116478521553538 0.0624558716851942 0.139420021366495 0.0858366953450821
0.0423679785291157 0.0307803940976219 0.160497310321054 -0.0123784787384635
0.0277952799331902 -0.0295118622476891 0.109383706029832 -0.091849953827619
-0.017151039677161 -0.0476859189802656 0.0440110901307734 -0.107791972487474
-0.0459163450616135 -0.0555814542317992 0.00683655260598666 -0.0798887585714137
-0.0523025808191191 -0.0629909949219179 -0.010806329976156 -0.0469324060615245
-0.0484347560518807 -0.082448455934386 -0.036323169021481 -0.0157332589377884
-0.00909811324294887 -0.0884247117362045 -0.0826587084581929 -0.0368334366234207
0.051837605883891 -0.0612697573332479 -0.120612842557677 -0.108968057672803
0.0707763472401853 0.0188190166471449 -0.0412232851135325 -0.187686457595292
0.00127457797856698 0.0566698452543779 0.081977511514859 -0.1979330983066
-0.0594325227973236 0.00546191850680171 0.13743411071281 -0.0773377821246147
-0.0510656498771601 -0.066804062536929 0.0567850244042993 0.038089933557217
-0.0592082913942714 -0.0446559184165446 -0.0358076053221066 0.105668169963806
-0.069567933663527 0.000214951464999519 0.00218398188883938 0.169282024189337
-0.0285134755442139 0.0503787380123015 0.122145857444919 0.155185780308016
0.0227480142687538 0.0362021600855145 0.189877351628728 0.0490049267197559
0.0228203099228564 -0.0109529686986386 0.157061689312051 -0.0738428388392927
-0.011545313775075 -0.0303418868414532 0.0675408662092326 -0.120553426134725
-0.0357538346851214 -0.0384756694828196 0.000756786211132847 -0.0991161400360185
-0.0433262282543576 -0.0427383820290105 -0.0341173822036857 -0.0632343486071908
-0.0434191803845065 -0.0550267061828794 -0.0569661288709826 -0.0312222628472535
-0.0206317704916364 -0.0624085428149951 -0.0939958772232531 -0.0442962866490345
0.0244681234800795 -0.0513664930975634 -0.13123365345268 -0.0987823884250646
0.0525146952692411 0.00418556466376706 -0.0734035422197272 -0.171568239553369
0.00913462711432111 0.0468782984736987 0.0347039418051395 -0.192344289703979
-0.0512144064919861 0.0203367570619426 0.118895631871632 -0.0836250278451582
-0.0575045003471958 -0.0363962355399881 0.0715818765973064 0.0567881761597028
0.0594160939603763 -0.00686086982561992 -0.113150224148077 -0.0693007091952076
0.0365849756896851 -0.03841783656672 -0.127921144650852 0.0814092697639304
-0.0163339963404072 -0.0332962482662695 0.00635511147805548 0.185283291941297
-0.0377822842995742 -0.000647117447675255 0.107917312072814 0.145674941843509
-0.0137708349146396 0.0390758388463082 0.140287464505248 0.0660383035370787
0.0218701048081707 0.0353617052764202 0.105664158550752 0.0224928697686736
0.0349937968183786 0.0203815856783431 0.0712578574411441 0.0257365340834909
0.0327080154105244 0.0138727999473487 0.0504025661145255 0.0555691842915215
0.0317986931875658 0.0131698928814437 0.00754480873788949 0.100719818335955
0.0133060859483211 0.0227466727025497 -0.0734602756739493 0.102357043020005
-0.0043236093306456 0.0151097237112172 -0.178027568183526 0.0399639313000682
-0.0105484357949349 -0.0161058988091018 -0.183711577394593 -0.109989766760223
0.0229083589930669 -0.023058468045452 -0.0757756510175577 -0.216187072774551
0.0406210324007847 0.00281183572236447 0.0499236605968638 -0.183929096170052
0.044878910399182 0.0241397926984935 0.0523963711192531 -0.115470219791809
0.0262784952479419 -0.0395348808535138 -0.116114656497788 -0.0433381224474212
0.0100844137806832 -0.0292934282721958 -0.0859685319858124 0.0945097702800085
-0.00551047874759422 -0.0146672223265254 0.0513713549826969 0.144278989595362
-0.0119894345937897 -0.0089819714604469 0.116592871716804 0.0912874745582509
-0.00788813478824318 0.0029020366101348 0.124828523906469 0.031908170147396
0.00473727105624312 -0.000125566809242392 0.0958228399650201 0.00585817216435609
0.00918139210158279 -0.0099422201863002 0.0752451577876952 0.0183671179231528
0.0109539288827511 -0.0143021291744462 0.0617924092422264 0.0531781544160761
0.0187303721320508 -0.0174347953043041 0.00685381561644737 0.103227918824582
0.022326182237297 -0.00343147327670897 -0.0914697345183369 0.090904075518049
0.0230648428445949 0.0109773318059211 -0.197042037933155 -0.00757763325060999
0.00544292413487997 0.0121140969993269 -0.154199014896296 -0.176697601888466
0.00768293340761747 0.00263779503646457 -0.00195467004333132 -0.261617780182329
0.0174020938989216 -0.00356672481344377 0.111658062786547 -0.183920176770282
0.0337179895303799 -0.00752715765863948 0.0647776863732939 -0.113913495546854
-0.0105814600841766 -0.0602769520023162 -0.106426934058601 -0.0122284300642683
-0.013413199323233 -0.0101909845366207 -0.0401461395610122 0.0991687949658571
0.00689585496193194 0.00413987528858161 0.0809903644572219 0.0964113737389311
0.00898784097887512 -0.0169891935980283 0.109904123554208 0.0377774652352624
-0.00823331611052375 -0.0262149554517954 0.0998516138644795 -0.00486614983728725
-0.0148692056349326 -0.0260841101253085 0.0773206575529187 -0.016835689905595
-0.0171731238857209 -0.0342503737739481 0.0688767976212613 0.00324279778070036
-0.0120386582581525 -0.0402993852911577 0.0624772609897417 0.0424348763026702
0.00458769548098568 -0.0491559145506425 0.00443094329394828 0.0945429577357407
0.0321090016484531 -0.0312867101542676 -0.0968592018685496 0.0710295590697942
0.0517557208309586 0.00808088134981262 -0.188430849068388 -0.0492548869640785
0.018346285553588 0.0418023531471933 -0.104335617686713 -0.21237060877356
-0.0135217474960854 0.0226728081472238 0.0694127634462488 -0.266899862383379
-0.00351993261390436 -0.0165776814789293 0.155177862867531 -0.161757631048756
0.024416356366524 -0.0399937842031249 0.0708361755140498 -0.0977408935620223
-0.0444570514187136 -0.0701878384098415 -0.083762014157549 0.0184017434386154
-0.0349919742606405 0.0104445921456629 0.00281520909102768 0.0990297530935476
0.0156127835208757 0.0254148665050916 0.101773033056269 0.0556338972748635
0.0269690808545386 -0.0147156499548387 0.102761723964878 -0.00708122364467991
-0.00439477834352171 -0.0438863971542366 0.0750765301285866 -0.0385463731768432
-0.0279988129342676 -0.0434279363997197 0.0554860741194832 -0.0405243806853015
-0.0383471805482057 -0.0510778088380169 0.0551955590185311 -0.0156899350609496
-0.0321643230042271 -0.0603348404281166 0.0545800388984029 0.0235920579245239
-0.0101586745671943 -0.076959362684906 0.00135730452998772 0.0728724236984193
0.0374125469598019 -0.0598869076825984 -0.0899795215022234 0.044462081809007
0.0748065136781759 -0.00291901282218317 -0.16118377036901 -0.0763154023763884
0.034161803801415 0.0607407299915384 -0.0554480830376954 -0.214907997281136
-0.0276465016621651 0.0392919514123604 0.114376264662024 -0.242631719244106
-0.0240810207365558 -0.0265758412449174 0.171507837853843 -0.129131500175337
0.0116584830329801 -0.0681405971963348 0.0652227421897345 -0.0691390418815111
-0.0673293222911233 -0.073266509933714 -0.05998912553036 0.0453026385332665
-0.0529264361410489 0.0238486211489056 0.0340944043975879 0.102551222086815
0.0163094175969727 0.0454176595791583 0.118280981190251 0.0351632520717535
0.0416371255574196 -0.00395924798503839 0.106358814630802 -0.0357569467480352
0.00491882474838169 -0.0499603028858219 0.0646020525301894 -0.0670382209354441
-0.0318563836039862 -0.0526191161049003 0.0381621903651295 -0.064231991834478
-0.0504966885743524 -0.0604080996427896 0.0365904399048488 -0.0363998310051787
-0.0470500242046082 -0.071711295381153 0.037168570085608 -0.000496713083513958
-0.0273763920570327 -0.0941643598435886 -0.00528692713173724 0.0437489064919559
0.0296287321031421 -0.0844812577611132 -0.0802910118173821 0.0155955342700251
0.084726620393345 -0.0246200009662183 -0.134508282234515 -0.0922895691151513
0.0551551968127616 0.0599403270504175 -0.0263940910034162 -0.203514512305015
-0.0262512813176401 0.0523088261638237 0.1260515803033 -0.216301599924221
-0.0416051641062003 -0.0258325516446305 0.165909493121593 -0.100989459114525
-0.00707462941806925 -0.0845631317033488 0.0557554051244931 -0.0329336121387402
-0.0755373521822928 -0.0696587654471147 -0.0397136158836463 0.0700313851607128
-0.0678388003821961 0.0254028414460671 0.0498883171041004 0.116818058679988
0.00750803932182911 0.059834686040851 0.135228403397573 0.0422875764912917
0.0489470755369176 0.0134261385796784 0.127780778543704 -0.0419173454613198
0.0185123307596872 -0.0450552518569209 0.074934361513339 -0.0882986597986471
-0.0269720889746024 -0.054477501455601 0.0325359017284064 -0.0888853293698701
-0.0527479238009415 -0.0617378571710195 0.0194239722606773 -0.0593083415950867
-0.0554471375583958 -0.0726586630503548 0.013994094432591 -0.0251271669355013
-0.0431643261127179 -0.0965976906582025 -0.0176445890923893 0.0118170846373307
0.0104633008367276 -0.0961511502727705 -0.0767878682015644 -0.0136665787599134
0.0758897521821492 -0.0496238923448234 -0.121643529462324 -0.103317120739733
0.0719219834623164 0.0419696323850372 -0.0242985594781792 -0.195095935533058
-0.0130093774621833 0.0592173998457417 0.112121747692435 -0.204115308679909
-0.055618311391659 -0.0126294241944473 0.152339957232013 -0.0852033277843721
-0.0319850975095617 -0.0842499797230729 0.0518981630748159 0.00521002694553553
-0.0719986845814134 -0.0610128234429261 -0.0313713931351072 0.0921929295254059
-0.0754494507162391 0.014875961360653 0.0412306800788106 0.142785801443646
-0.010437691207451 0.0628615163257516 0.142296131173217 0.0844355331538092
0.0431316458701365 0.0307997004370529 0.16192773921113 -0.015097161408353
0.027365992880743 -0.0299053085175883 0.10889403199807 -0.0940394822221907
-0.0180319311365808 -0.0470018124158784 0.0428411017636107 -0.109534196440642
-0.0471134074601693 -0.0544449098444236 0.00580939694909021 -0.0811974513519443
-0.0540186488193767 -0.0624941463288395 -0.0117453352758624 -0.0469584382459009
-0.0505187425655849 -0.0820109393182975 -0.0369509395236157 -0.01560808614476
-0.0108985135168541 -0.0887141005591229 -0.0836828376993981 -0.0356201814546433
0.0510505602370388 -0.0624890109035563 -0.12418714430777 -0.107286842204851
0.07126484566168 0.0177154226941779 -0.0454060376755145 -0.188438012783965
0.00228087772890508 0.0572929446786979 0.0790196299580504 -0.201076362309203
-0.0593889943234592 0.00666943774480029 0.137070221196368 -0.0806114987494258
-0.0523224599593194 -0.0660194497147488 0.0585507681426645 0.0373515550492818
-0.0597752073541553 -0.0441094596990832 -0.0352366333655182 0.106703103299755
-0.0698283983394764 0.00162600459237151 0.00571610731800171 0.170807517021604
-0.0278189844222861 0.0503286789364997 0.125084721566097 0.154987907400868
0.0232905852519545 0.0358523496613182 0.192431137445246 0.0464290708716511
0.0223686404614088 -0.0113390553955026 0.157016154063904 -0.0774705583117388
-0.0121690537310997 -0.0302102081796448 0.0658866228382477 -0.122210804245733
-0.0369297339302712 -0.0376921490508566 -0.000759423651048635 -0.100077515718273
-0.0446057083528206 -0.0423378315165357 -0.0354837271078231 -0.06310712020963
-0.0453499484574434 -0.0544206940206235 -0.0580202914632373 -0.0305599214586951
-0.0223820522537838 -0.0623299465629643 -0.0956376755713885 -0.0429410258980455
0.023631114063189 -0.0522440257448831 -0.13463527031565 -0.0968572261644276
0.0529199789684837 0.00321715489516773 -0.0778141357983063 -0.171604809128326
0.00992074813374546 0.0471476092574046 0.0314748125583956 -0.194523559263612
-0.0507847821569356 0.0215097110158657 0.118143480381848 -0.0858002394003859
-0.0581761668558571 -0.0356064648464861 0.0734632485604973 0.0554424288053705
0.0587330262248118 -0.00786428052325997 -0.114933080377179 -0.0668468604455134
0.0357345847833593 -0.0389333401094078 -0.126995458159551 0.0845758623002071
-0.017202329613461 -0.0329215872338226 0.0106101376098897 0.186487294390838
-0.0380779638886261 7.39941099692732E-05 0.11210258318758 0.144692650178465
-0.0126453963978195 0.0393030838745288 0.142550524275732 0.0636797219373338
0.0231656815436788 0.0346240305129174 0.106814269365355 0.0204622343089655
0.0354725457047714 0.0197579692349657 0.072180670514516 0.0248731279758214
0.0332075669704402 0.0129971724096778 0.0517993582499589 0.0547343288863693
0.0321028239560442 0.0123494439772854 0.0097590953661672 0.101053328816201
0.013923119218946 0.0223004176106334 -0.0717842318436563 0.104498355184464
-0.00370136554854897 0.0153401950910242 -0.179247192584675 0.0430973751063521
-0.0108432732730281 -0.0159280002556059 -0.18682628085605 -0.10731919348673
0.0224845823384311 -0.0233870058841728 -0.0799015417900234 -0.216108567522385
0.0405444810626672 0.00213103998358411 0.0474385182714118 -0.18555156662968
0.0451848753386554 0.0234552301053929 0.0515411044764828 -0.116943036890696
0.0257553131216123 -0.0404423128189931 -0.117816005114986 -0.0411943192464119
0.00943248400588914 -0.0290039757812416 -0.0846319604279468 0.0969491337021908
-0.00580477990233171 -0.0149987487986248 0.0548446276989642 0.144229009534686
-0.0118389627762235 -0.0090279334202668 0.119323334702304 0.0897784009429225
-0.00766009371586865 0.00302656391923522 0.126763278316813 0.0290446396963161
0.00500674560452543 -0.00042678893296454 0.0968593448726369 0.00431077391860693
0.00937985068507812 -0.0104120145439016 0.0758363124667837 0.0170928190152938
0.0111536882964626 -0.0147495324421156 0.0624909672487387 0.0522870286480272
0.0187716352868195 -0.0178245719365166 0.00842832721249825 0.103362369714954
0.0225774995768817 -0.00365968352229411 -0.0903101632641577 0.0922863022791276
0.0235372733215099 0.0105530255903965 -0.198386886075967 -0.00471280659678131
0.00583455094688543 0.0128856399126185 -0.158082415212661 -0.175108894111595
0.00728695404952038 0.00255318319620995 -0.00685523070409164 -0.262975890437227
0.0179617593349306 -0.00380251382468102 0.1090359068306 -0.187158088367613
0.0335071889516794 -0.0079954478791045 0.063978105742597 -0.115136287627446
-0.0126927848114872 -0.0605703334761155 -0.107202185052486 -0.00965927655878654
-0.0133548485343688 -0.0100174954748522 -0.038254753096195 0.10010338078062
0.00760726110602735 0.00421062827701773 0.0836078745469332 0.0949700808796814
0.00870555325637455 -0.0173252063055211 0.111666041337421 0.0355915258676381
-0.00858713082366986 -0.0260068817489229 0.100459464019283 -0.00680481659733825
-0.015545662098956 -0.0262678466163148 0.0773855248297219 -0.0182625354081512
-0.0179324262238125 -0.034322248182295 0.0693354548142572 0.00159031352466151
-0.0127363615355229 -0.0403923892141124 0.0636955838950907 0.04107527994795
0.00462307343100522 -0.0492871577857017 0.00586653623101638 0.0946018737301245
0.0323439859099402 -0.0320499598191212 -0.0964431687583295 0.0727732638884916
0.0523400837370345 0.00710551404024921 -0.190487027213059 -0.0458505184026913
0.0190463039552669 0.0419289831926697 -0.108340990938134 -0.211864130509577
-0.0134621196285548 0.0237706860481395 0.0646553215759673 -0.269982159655895
-0.00405733673430202 -0.0161714514503369 0.153789535409819 -0.165859896613784
0.0235865052060866 -0.0409579087308603 0.0705853606881909 -0.098924417541022
-0.0463298408069054 -0.0698123509648586 -0.083617127457615 0.0200851973768397
-0.0349542956447059 0.01120568762789 0.00475013628119389 0.0996912986076228
0.0164631126194848 0.025115914724544 0.103703629900833 0.0542787149922512
0.0271075140038123 -0.0156898172401321 0.103541131634329 -0.00923039866198144
-0.00528814706722984 -0.0436070025323678 0.0753396116909756 -0.0402225789263145
-0.0290293077938204 -0.0432457131987363 0.0548736987439312 -0.0418432637289138
-0.0395549359834432 -0.0506639154047208 0.0549350621347066 -0.0170658059736126
-0.0337437200154993 -0.0603741029850835 0.0556643436580261 0.0218548941409253
-0.0116132264218035 -0.0772246406563452 0.00245841951496076 0.0728711851652445
0.0368296792790162 -0.0605809577740193 -0.0894718645417755 0.0462209721400243
0.075600396817566 -0.00392507975486334 -0.163950896369411 -0.0739909639009184
0.0352029043596866 0.0607564983310204 -0.0592175413641321 -0.215573880771816
-0.0271257282990705 0.0401076946915932 0.110896983533678 -0.246759000274585
-0.0245789012693815 -0.0258545987212926 0.171270108443688 -0.133262483694468
0.0105556192486466 -0.0687145842415987 0.0653858435764813 -0.0702134958992266
-0.0691307048824844 -0.0722266842372565 -0.0586170291528355 0.0466970760896527
-0.0524401155557095 0.0247707778880984 0.0365587128973978 0.10193282775344
0.0173975456202237 0.0451638430962335 0.12005001692523 0.0331578378245161
0.0418175515751648 -0.00458326880191381 0.106521246810059 -0.0376463935499435
0.00415177526787033 -0.050216323767433 0.0633838569478252 -0.0688751155441575
-0.0326449786789129 -0.0523192709458738 0.0372569237461054 -0.065733650392125
-0.0517721086517097 -0.0599558848042485 0.036679835230727 -0.0375956732888088
-0.0492580494139409 -0.0713547722795802 0.0374914332787047 -0.00115900968012717
-0.0292760026308717 -0.0938105495612247 -0.00406149492367402 0.0433927678773142
0.0285751488720637 -0.0848706159856007 -0.0805101254163939 0.0169177691581229
0.0847417043970221 -0.0258253864515556 -0.137175649759859 -0.0897445695718666
0.0565345889879627 0.0595587536275677 -0.0304824092709646 -0.204776630879791
-0.025656030635851 0.0529491118015394 0.123023613291851 -0.220964941845708
-0.0422839133878101 -0.0251029706826301 0.165499491780236 -0.104611157149542
-0.00887575136802922 -0.0848807072081541 0.056274111735391 -0.0339774252054132
-0.0771862392432772 -0.068828018668452 -0.0387708643258859 0.0713435082778711
-0.0674628274982934 0.0269244598506235 0.0525153502616002 0.116312884830744
0.00865056121879357 0.0593712120048365 0.136924842015348 0.040253628251113
0.049557899977901 0.0129581000045678 0.12810016410597 -0.0445457544278231
0.0177538104293 -0.0448656196864899 0.0742040650991266 -0.0903150099819491
-0.0278721355228044 -0.0540768257054695 0.031255430257784 -0.0899807797535015
-0.0542451964305046 -0.0611087882886896 0.0184294312176176 -0.0602369613594543
-0.0570517731751662 -0.0717375030481323 0.0136647014690781 -0.0259219207010183
-0.0450602083094374 -0.0958436160473808 -0.0176497330490938 0.011688408467357
0.00859229090266632 -0.0967212994802907 -0.0773777717771065 -0.0122918866796632
0.0755114315608254 -0.0515350567242266 -0.12454801787366 -0.101202861160891
0.0731720536227309 0.040943255647622 -0.028404657282617 -0.196349042513661
-0.012102738411155 0.0601129332108998 0.109360370302621 -0.207463319301358
-0.0556007380620646 -0.0115822701875353 0.151880843808378 -0.0887199279221978
-0.0332330373346039 -0.0838721399764592 0.0529451488947983 0.00396956488495681
-0.0733992213270525 -0.0599970395223942 -0.0294969019965252 0.0931465469100081
-0.0755976889001254 0.016321404160245 0.0441400012864603 0.142458650512388
-0.00910782342142853 0.0631005705989363 0.14474098492871 0.0827193217914766
0.0443366278838316 0.0300435018327364 0.162465086391338 -0.0181155580415153
0.0265364091409564 -0.0308005904626301 0.107737701520083 -0.0970499980361054
-0.0189351110569484 -0.0465994971478817 0.0413030414881774 -0.110977982178682
-0.0483452726234915 -0.0539946821424784 0.00468028216101383 -0.0818576433651934
-0.0556612922752877 -0.0615953290556492 -0.0123699827553542 -0.0474616011661531
-0.0524470236430843 -0.0815437245146253 -0.0369106529316611 -0.0151278386723848
-0.0127569974433653 -0.088799595465324 -0.0849554242405379 -0.0343138494875358
0.0499938453515727 -0.0639336878036893 -0.127403830905185 -0.105367992460298
0.0721978821276884 0.0158901994143573 -0.0496168769972512 -0.188794088483262
0.00357735161473202 0.0573620467772051 0.0755600123551013 -0.204106708363851
-0.0594689570665224 0.00788485669023066 0.13645206650393 -0.0843968824241786
-0.0532364865451046 -0.0651569631880889 0.060004302304984 0.0359019076498893
-0.0605090044249615 -0.0431776282711361 -0.0335586594316291 0.107886998767962
-0.0699794656634653 0.00263775663984308 0.00828251372610837 0.171136647053361
-0.0268568677617004 0.0511996963401298 0.129156190710419 0.153779797417341
0.024521816022118 0.0350930602844598 0.194745467621156 0.0436034937966558
0.0221316094588522 -0.0120737846615216 0.156717402944638 -0.0807110015754916
-0.0124764175731468 -0.030068055199887 0.0642910039833525 -0.124448331664176
-0.0377217406004918 -0.0369936961602438 -0.0022763670058492 -0.100948826501695
-0.0459195912247104 -0.0414348014287253 -0.0362688531118604 -0.0627261585418892
-0.0468740663342398 -0.0543355392102143 -0.0585202645634893 -0.029483354705442
-0.0237312188543492 -0.0620811892682489 -0.0966840024552125 -0.0412783216410779
0.0222016376979728 -0.0533043569858046 -0.137649750892054 -0.0944099162987569
0.0535697585815622 0.00187263820904999 -0.0820949829786081 -0.171211740785809
0.0107095796232492 0.0470680155030356 0.0277028670292937 -0.196248969013932
-0.050646772964799 0.0229906984520134 0.117237615478212 -0.0895351226196489
-0.0588090007288816 -0.0346525946606276 0.0753298742870172 0.053936692617752
0.0542963389683273 -0.016700059726951 -0.122750283842089 -0.0495004846996058
0.0281719929188513 -0.0403535897044268 -0.113948913798503 0.102623341097907
-0.0195557699736839 -0.0275212960016064 0.0362753095743655 0.183545330626773
-0.0345266704887259 0.00776690834199945 0.131319421719906 0.128085701467538
-0.00346975885227926 0.0408977827898307 0.149545380587132 0.044229739859569
0.0298605806944596 0.0302585024501983 0.106379298914513 0.00757510723858574
0.0400900426942803 0.0142683843124546 0.0729142910699463 0.0147768876730013
0.0357529336171959 0.00925809150006262 0.0568898316666571 0.048149408137054
0.0350279375613803 0.00903392986503403 0.0190910092759764 0.100093646007836
0.0183952576615356 0.0216280995039015 -0.0636836325018347 0.110979557481394
-0.00115197273792174 0.0178245984484157 -0.174892342054278 0.0599313544225872
-0.013467038330528 -0.0113688849592794 -0.196690248578448 -0.0903965893769983
0.0169720314592879 -0.0232760673049806 -0.101740451017879 -0.2080064355033
0.0383679745964419 -0.000923080837116114 0.0295422108653598 -0.192419742855881
0.0464394572744964 0.0179318268976896 0.0413930024565157 -0.122017598476656
0.0172400644937931 -0.0432630577307297 -0.11978204140575 -0.0241815814263218
0.00445892533627331 -0.0272867655237477 -0.0703734752742626 0.10765917354122
-0.00497008257316539 -0.0119224911091065 0.0734376285253127 0.135920071737908
-0.0101109058563416 -0.00629609673603495 0.131556421784812 0.0739951791113331
-0.003716571914537 0.00380595406488271 0.130527621085296 0.0128849424070907
0.00729226880196725 -0.0024075150197968 0.0960286079242626 -0.007601200936711
0.00933778822576336 -0.0128153332150395 0.0772569406193024 0.00779678236703991
0.0103878165981335 -0.0160507634047054 0.0678466741884557 0.0444968810321893
0.0179351421933951 -0.0199122372637123 0.0185455752837523 0.102242073385963
0.0235306083543818 -0.00558077184378803 -0.082673559079329 0.101908548815962
0.024882502059663 0.0101579850268329 -0.198838003860446 0.0150004281098579
0.00569837888656753 0.0153439456969732 -0.175197309776251 -0.161613927172389
0.00397194304991294 0.00375689547315608 -0.0319518181855972 -0.263632477212407
0.0142990303146373 -0.0047874895431161 0.0920881703835915 -0.19867038947194
0.0311763058599383 -0.0121956437466509 0.053775642533124 -0.120078212099433
-0.0227429993152306 -0.0571689935036065 -0.103445465725912 0.00400126882884298
-0.0144697118569111 -0.00562776433212512 -0.0246430415874682 0.103863998117218
0.0103552471812672 0.00370037245122871 0.0950890577121711 0.0837956536114869
0.00831703619568149 -0.0188591359894658 0.116661959138 0.0227001902319751
-0.00995733066413593 -0.0261957361958479 0.100862499432548 -0.0193248166554711
-0.0169182896645009 -0.0257126563160762 0.0754392139905715 -0.0281176041731756
-0.0221571298195487 -0.0326891507605276 0.0697254836117309 -0.00604949175512844
-0.0161035469141673 -0.0387984406727482 0.0682580063020854 0.0329238856548191
-0.000836488395586563 -0.0498745210320697 0.0155929149745476 0.0937312617434506
0.0300459715060959 -0.0347438114951918 -0.0905810686522466 0.0828309983416723
0.0519814644272427 0.00294794184747595 -0.196195045330916 -0.0267666252061034
0.0223070584836317 0.0426459736034433 -0.128898729030556 -0.203685252093558
-0.0151159174732227 0.0259489633726668 0.039840154321184 -0.277370329802394
-0.00903901027938298 -0.0163874368593179 0.138961158740743 -0.181390734737532
0.0186042684025205 -0.0442362487367503 0.0605274010931844 -0.104574381539669
-0.0574238537145934 -0.0614146753471062 -0.0760428388082949 0.0299580715653133
-0.0310488349988761 0.0179770596895673 0.0177219675447022 0.0959648635923472
0.022226229551994 0.0225361863587925 0.108351327807595 0.0407039450386964
0.0267288407266133 -0.0205739518318334 0.102289923835509 -0.0205426482193303
-0.0098883203542562 -0.0445906325270932 0.0721798148722193 -0.0489097780680355
-0.0333015946936334 -0.041380602012895 0.0506394752433491 -0.0486448299978786
-0.0461310162474265 -0.0470711658702656 0.0542578251153316 -0.0225638005107247
-0.0391711952648869 -0.0562247449669007 0.0583150002929164 0.014943574897343
-0.0202463240526498 -0.0757375694197645 0.0107312805727845 0.0724657570655671
0.02999883280128 -0.0641548065905146 -0.0859738080992555 0.0561041991529207
0.0736558980103852 -0.0114181058246481 -0.171790282608524 -0.0572287048019498
0.0403333559264975 0.0586586764606082 -0.0800118266213457 -0.211658958855756
-0.0268692816806522 0.0432249915555112 0.0884882391356114 -0.258828773691667
-0.0301538465471186 -0.0232516492748157 0.159226035736276 -0.149561327712867
0.00266228328005298 -0.070290042735919 0.0577087333015027 -0.0745819779152159
-0.0790593208593669 -0.0606451864177638 -0.0479618004723692 0.0524069571335876
-0.0460257300914592 0.0333973750016946 0.0488874696857017 0.0940956882455105
0.02626566525894 0.0410471870614972 0.120631523686025 0.0176091367318787
0.0426611866845738 -0.0123834584747703 0.100727168683144 -0.0487348767347775
-0.00136048677696115 -0.052124624658733 0.0572674647033009 -0.0756101166088745
-0.0385967988407483 -0.0499478682322399 0.0310681379500472 -0.069928360253435
-0.0607542133511255 -0.0547810436058141 0.0341837402575655 -0.0402023294858972
-0.055947266312906 -0.0655318005211159 0.0384239883714169 -0.00642850543239597
-0.040338527676579 -0.0903903066025164 0.000992687612546942 0.0437271579699554
0.0183757086286719 -0.0873364590038747 -0.0788477956665587 0.0264739336299254
0.0798277352345357 -0.0349978598053779 -0.146882228018151 -0.0746972244193
0.0616799962657238 0.0540910343575942 -0.0513084558011756 -0.204159057892644
-0.0235037483535179 0.0558784375036417 0.102921745414423 -0.234415984669879
-0.0471281398226052 -0.0207427433004013 0.156349074175516 -0.120451830443269
-0.0181269057286508 -0.0846050842418018 0.0518495541064984 -0.0373138029218577
-0.0867449861992494 -0.0554154915712258 -0.0252697599837337 0.0737200786167458
-0.0601720353956178 0.037815427463785 0.066705004753478 0.105450547581716
0.0195666613471882 0.0563899310996379 0.137477840013899 0.0220665049959224
0.0529226332818997 0.00337684654583532 0.120372546997015 -0.0582721650085998
0.0124634791473067 -0.0495263153026021 0.0645764815375825 -0.0979909780541565
-0.0344722620455041 -0.0527047338542729 0.0219482072352815 -0.0926780527552819
-0.0638871285181347 -0.0552468111276443 0.0137944163083264 -0.0600462039780971
-0.0646361284715601 -0.0651218599356472 0.0119231927299194 -0.028192179648473
-0.0576807683341462 -0.0903126059568173 -0.0150344292141041 0.0130443884766011
-0.0035222691955636 -0.0968449227197218 -0.0786973381267909 -0.00318173756335598
0.067309425389849 -0.0591104961955169 -0.135213646105888 -0.0873648614862813
0.0763202531611082 0.0332765640937642 -0.0488681373908738 -0.195689131892355
-0.00900414721001745 0.0609282378214269 0.0902853584425963 -0.220449539099083
-0.0587068803402394 -0.00571478652763636 0.14450025811203 -0.103282901498935
-0.0421947871593521 -0.0812856969797741 0.0518063829242796 0.00114135635437818
-0.0799591195173628 -0.0476756826934389 -0.0145150336692726 0.0937582335002838
-0.0693159134715771 0.0294537278829638 0.0622386646293144 0.132528260624782
0.00258377805654408 0.0636727051977851 0.150954950913578 0.0623771108880987
0.0510101939110774 0.0216082912254398 0.157820219333103 -0.0366346532379879
0.0241143534134907 -0.0366911868814063 0.09683678907843 -0.108680997337028
-0.0247094833500639 -0.0470312857759418 0.0289108586979131 -0.114606411902079
-0.0575862457899229 -0.0490803189039781 -0.00271407704640671 -0.0803627137613089
-0.063048297970522 -0.0547394313248173 -0.0162878427757409 -0.0463811834146441
-0.0634146743832121 -0.0746633271534567 -0.0374158651968542 -0.0115300797699683
-0.024350685497622 -0.085935840885238 -0.0877192720650887 -0.0253458347234364
0.0401394359487107 -0.0684679019947856 -0.137870774048602 -0.0907708050969394
0.0724165853922755 0.00863061557858439 -0.069348511252416 -0.185515628475287
0.00681919824931714 0.0569437663976748 0.055661316028788 -0.213877846608773
-0.0599445157431737 0.0144044455020961 0.129996935186645 -0.0970431359720955
-0.059869477959119 -0.0603108041557037 0.0626299427192373 0.032119142961112
-0.0655635110703243 -0.0317149922887129 -0.0173363589463503 0.108903868049722
-0.0664037731178744 0.0166896315404507 0.0303852589405231 0.165792971829823
-0.0159363849707205 0.0554639537841419 0.145170077686955 0.134153265642427
0.0329924881719469 0.0305178290596776 0.197066125123057 0.0197765931640054
0.0229999013082752 -0.017860352900647 0.146650044786553 -0.098667489139745
-0.0162301925967614 -0.0314194996818282 0.0499720234849939 -0.131150707451458
-0.044143395657514 -0.0332204121017033 -0.0124835310876427 -0.098985706742744
-0.0511917019595804 -0.0361815926948091 -0.042141988498018 -0.0585607862725527
-0.0546820770458409 -0.0476323009065169 -0.0608627963815706 -0.0243320052528465
-0.0326979262222722 -0.0579469420347115 -0.100437522615367 -0.031276955335705
0.0140743232281088 -0.0543611627952098 -0.146483926017022 -0.0790117506126106
0.051650440517876 -0.00255204960505098 -0.100418544041377 -0.163576145291562
0.0132501895363288 0.0463459060740332 0.00792229297016552 -0.200795351548995
-0.0493154759067907 0.0287250830280779 0.11024999606612 -0.100468566272194
-0.0620217915333174 -0.0291042627362704 0.0796321622037892 0.0489109728423501
0.0539310379081885 -0.0171889499722969 -0.123512332558225 -0.0469133967874578
0.0272903045524973 -0.0406334785276951 -0.112561509299589 0.104961835515098
-0.0202886355642303 -0.0275081786942759 0.040168401054119 0.183416692625107
-0.034221972466134 0.00856462285739252 0.134952813135937 0.125830079276016
-0.00235183746021086 0.0411655284043558 0.150822311552904 0.0412018417621988
0.0304630347360503 0.0291413167734261 0.10652574610643 0.00605269837641373
0.0403584024893312 0.0134033430149861 0.0731307302784243 0.0136558386720854
0.0361990249394769 0.00838822810378883 0.0577319638188695 0.0474185387167585
0.0354765704516492 0.00802418401748587 0.0207482352125092 0.0998812030360681
0.0190187658713707 0.0215131857758412 -0.0615725849303774 0.112204721598463
-0.000523472815724184 0.0179703427839363 -0.17451451990304 0.0631352837409153
-0.0137949438915793 -0.010793018982387 -0.199078151410121 -0.0872707429029071
0.0164182577395452 -0.0235383814759542 -0.104884747657264 -0.20753364258552
0.0384115885404928 -0.00196765126944785 0.0275133883914361 -0.193860665387563
0.046438025594822 0.0168579166808726 0.0399435928456757 -0.122684415886931
0.0162636975320345 -0.0434314598458602 -0.120034981110858 -0.0218255683841751
0.00418990365186649 -0.0275416266314923 -0.0682884097492125 0.109444219668744
-0.00533900932667032 -0.0120175975942096 0.0764893383824258 0.134844847111037
-0.010205636765164 -0.00607854761522003 0.133558782024074 0.0715254241862629
-0.00360475770012082 0.00346143571660188 0.131428271108608 0.0102995041601355
0.00761453456989382 -0.002838217133108 0.0961695598470331 -0.00940799852928666
0.00888423388356507 -0.0128646521599985 0.0773945640076582 0.00658569888861271
0.0103602476545887 -0.0165700870937386 0.068408932692079 0.0428869982360792
0.0176456961539558 -0.0203102165131929 0.0203042774574362 0.102075693531978
0.0239142941252536 -0.0058249484989766 -0.0811855649114919 0.103038519560764
0.025423224935199 0.00984081618377014 -0.199463036415665 0.0182633477854741
0.00582627643539203 0.0156150781424503 -0.178601385214469 -0.159173160457775
0.00343604403315742 0.0040868490493836 -0.0365245725421692 -0.263489662498094
0.0141273824018597 -0.00526931457866624 0.0896994358927644 -0.200842485188417
0.0308911703198815 -0.0128019620431079 0.0525393066574272 -0.121383346230596
-0.0235147232280047 -0.0568926521518491 -0.103879901554212 0.00592379752777593
-0.0146443110776645 -0.00510395545684502 -0.0222963455815969 0.104393304262385
0.0103800676910676 0.00348377757106137 0.0969187300578539 0.0825235117503789
0.00839707885647645 -0.0188829024902967 0.117981708744227 0.0201052988667235
-0.0103821000810744 -0.0257830345230466 0.100510741441812 -0.0213551809364208
-0.017186621261237 -0.0255778790162028 0.0749380675381604 -0.0290476642804173
-0.0224986616243401 -0.0330572693437243 0.0699706361076748 -0.00755017983674507
-0.0167128635935219 -0.0385227667699972 0.0688274750542166 0.0312930262150079
-0.00159681183513396 -0.0497661191186699 0.0170671683338698 0.0933192449042505
0.0299425628524223 -0.0351741620245287 -0.089129272013718 0.0844267357025623
0.0530103988184075 0.00215810693743194 -0.197031392535431 -0.0239602449481793
0.0227515356250748 0.0426990919841711 -0.132354783212454 -0.202275592247935
-0.0148687051834111 0.0266774318077626 0.0356222957530528 -0.278942765762635
-0.00903217929473884 -0.0157688482004657 0.136914110137039 -0.184223063864449
0.0174817852652559 -0.0445316199698934 0.0598538485244634 -0.105763656815419
-0.0581722572738013 -0.0604913945678352 -0.0755670555003829 0.0310927392435977
-0.0311492379786028 0.0185880609551611 0.0195875127559398 0.0959677631717164
0.0227621309990055 0.0219857107375424 0.109400551080849 0.0388092109801174
0.0269354875298502 -0.0210637127363781 0.102543372755593 -0.0227014613786557
-0.0102395884377901 -0.0444396181992743 0.0714450154587474 -0.0502465729047653
-0.0336651891948318 -0.0408463112650158 0.0499184409920358 -0.0496278514796027
-0.0472709493294166 -0.0463749068219685 0.0543949071723004 -0.0237584282687093
-0.0401393486910596 -0.0553855324105448 0.0586133818415566 0.0133798496530716
-0.0214639596642256 -0.0754006560364752 0.0117052704004753 0.0722427508488647
0.0293400719943849 -0.0647504360332072 -0.0853001639534576 0.0574878429595469
0.0737736950564647 -0.0124738957359665 -0.173395104258005 -0.0540221870211742
0.0414494486086051 0.0583415901579959 -0.0837953652018601 -0.211118594217371
-0.026528046319842 0.044028522143448 0.0847190691777025 -0.261050696660723
-0.0305667299306474 -0.0227300079752235 0.157883007293311 -0.152716819886593
0.0015001688519484 -0.0706315362737032 0.0573022448544286 -0.0753462111409477
-0.079292878483007 -0.0593580932075726 -0.0473404771530967 0.0534572622873945
-0.0452057957028184 0.0344520837974834 0.0509783424810589 0.093450071811596
0.0273361634826089 0.0405319667486095 0.121577495102677 0.0152589094281392
0.0428532093594509 -0.0134158638748712 0.10036136448681 -0.051053813631392
-0.00233990157600438 -0.0522813596223472 0.0557149082250821 -0.0769621425606912
-0.0394302590989344 -0.049400469234118 0.0296531435110305 -0.070857198248872
-0.0614446436646964 -0.0534760910520714 0.0334505898014132 -0.0414365947010089
-0.0574484396379253 -0.0643190691382736 0.0384850411977284 -0.00768630752446381
-0.0424825550977907 -0.0898634161879937 0.00202163716323765 0.0437386764305888
0.016881725435001 -0.0877159487325244 -0.0789770384918216 0.0275188138310869
0.0793512826886313 -0.0363004082572817 -0.149177203783409 -0.0727254391614436
0.0624301819994711 0.0535496569627286 -0.0551654770618874 -0.203602346304585
-0.0228168299842733 0.0560389952907107 0.0991935184173083 -0.237255328845491
-0.0476847383070345 -0.0196360751911614 0.155444720877218 -0.123493231018838
-0.0193360077748955 -0.0844079556901804 0.0525736183204938 -0.0385462201387774
-0.0869127240718698 -0.0543266730596107 -0.0238329919885385 0.074370389896822
-0.0595312333305985 0.03883430560182 0.0688222967854635 0.104622707293403
0.0206814720919363 0.0561826329869241 0.138391446485962 0.0197580780571466
0.0535712685128314 0.00216409745235905 0.119409084327273 -0.0606066001461385
0.0117661173715079 -0.0501093632457954 0.0629018176420867 -0.0995660094179067
-0.0353989621598849 -0.0517397138739275 0.0206558018022151 -0.0938234782045508
-0.0646077718264253 -0.0543985045793666 0.0126266473343723 -0.0613180257182511
-0.0660551328850302 -0.0636832052809454 0.0116958918811943 -0.0288648598600989
-0.0592416931903604 -0.0896256110572128 -0.0148686479386237 0.0133322101827287
-0.00521048138204547 -0.0968648244612636 -0.0790618780462738 -0.00212424939945086
0.0663248460898485 -0.0605853380070187 -0.137480452516212 -0.0845625575297154
0.0766149338175835 0.0318193754569801 -0.0527746970722385 -0.194696575190603
-0.00771374403248273 0.0611179024559016 0.0863526876059257 -0.223191764988721
-0.0587310419038247 -0.00431959561681581 0.14396866194207 -0.105915762454895
-0.0431900193781897 -0.0803647565656939 0.0529415104458952 5.09118906610537E-05
-0.0805814623243429 -0.0462220582258368 -0.0128852579634782 0.0940468847988395
-0.0687074366562983 0.030976248852088 0.0649221252901836 0.13105257936767
0.00378798123910272 0.0633664666432179 0.152422227390458 0.0600840437796358
0.0513655378620218 0.0206393855318042 0.157865957693104 -0.0397246833188782
0.0235663178053083 -0.0369766237351131 0.0954202234202864 -0.110468931031974
-0.0253958552390647 -0.0463027570094822 0.0272061103947701 -0.116011083352204
-0.058358479573149 -0.0479364322660939 -0.00406584588240264 -0.0810174125054911
-0.0636820193575086 -0.0538413978689065 -0.0170348072630624 -0.0462103844523331
-0.0652875806650027 -0.073720744517429 -0.0377045404503085 -0.0111141919292166
-0.0260517547248286 -0.0857840309329309 -0.088434425930702 -0.0235521322558686
0.0389009402654746 -0.0687452344088798 -0.140105704710343 -0.0879288243016549
0.0722893009150758 0.00701716954347672 -0.0735740446021902 -0.183893781926203
0.00768419599220647 0.0568530132338095 0.0517992073506102 -0.21564120426402
-0.0595616492455801 0.0158076161257416 0.129084211085973 -0.099817018693994
-0.0609410845438176 -0.0591139763503243 0.063943221032437 0.0312376329183935
-0.0656883229812399 -0.0309320394339226 -0.0158032562881927 0.109139542691897
-0.066217102131786 0.0178632503086295 0.0327639823805488 0.165406753954682
-0.0151468632978902 0.0557293279042241 0.147874131061064 0.132860828009713
0.0335239438349396 0.0293404854678841 0.198295297798167 0.0164984374643347
0.0229458487474924 -0.0179473070410912 0.145746756498599 -0.101399811198408
-0.0165789979125597 -0.0311932581202251 0.0475826988185275 -0.132511605107156
-0.0453497392246562 -0.0325409080254622 -0.0140518641988493 -0.099523219882198
-0.0526454884505596 -0.0350123649529069 -0.0430601055877267 -0.0580993550938021
-0.0558647365462186 -0.0463759083686955 -0.0610545492745133 -0.0233614022813585
-0.033281721782059 -0.0573603105713219 -0.101305959406211 -0.0298216128409553
0.0128509574533279 -0.0543227038486837 -0.14880651423504 -0.0764851524281622
0.0519268583943013 -0.00388021003509463 -0.104314138596736 -0.161604932313617
0.014208822758528 0.0461067888790536 0.00439994586045962 -0.201952271547813
-0.0487053324035128 0.0294318763410802 0.108594014029797 -0.102964921645645
-0.0621603606375452 -0.0279696591851478 0.0810321544461315 0.0466672349928553
0.0532548415057804 -0.0185124868294535 -0.124130108365482 -0.0449877195608182
0.0265436001928074 -0.0411875331366648 -0.110652076131359 0.106821751196498
-0.0206585343806791 -0.02680142498755 0.0437912290854776 0.183487776836042
-0.0341757761019273 0.00930299467120904 0.137860220683844 0.123673092782468
-0.00134345625127306 0.0412487202811369 0.152256410479977 0.0382708045336211
0.0311580118575242 0.0287430939531314 0.107216202977643 0.00371693486762401
0.0410803383612579 0.0125821065366401 0.0733635560586567 0.0124220711952555
0.0363317064188931 0.007496449897669 0.0582600347796269 0.0464217674200928
0.0356962641842276 0.00718400709966328 0.0219171353880711 0.0996432245990677
0.019516432680706 0.0208750268167744 -0.0600317038920023 0.113262734937336
7.5416879641692E-05 0.0178131170569586 -0.17363088662068 0.0660037349223162
-0.0143288863393235 -0.00993146144531814 -0.201306597231326 -0.0842648367316018
0.0158335855155591 -0.0236050790129245 -0.108793993881678 -0.20615149956291
0.0383020755619921 -0.0023894496082105 0.0245911727359187 -0.19426834919816
0.0464337570004046 0.0159797400503899 0.0383674022080291 -0.123249948457197
0.0152511152080964 -0.043878714619334 -0.120572667703235 -0.0195730121345753
0.00308015560353949 -0.0274548122816218 -0.0663569851859629 0.110597842172276
-0.0050893643210267 -0.0121999447572462 0.0794495859978515 0.133463896763967
-0.0104586702778989 -0.00613539392133192 0.135610273790622 0.0695816586867901
-0.00331228735157965 0.00374986080285303 0.131759714839794 0.00773674601015893
0.00774434693492436 -0.00311533964570725 0.0962971355321146 -0.0112189381727811
0.00884993761026348 -0.0134568109975207 0.0773682552983535 0.00516495825797115
0.0100333758098577 -0.0171583139412006 0.0694136751729717 0.0420795389215058
0.0176022098260847 -0.0210532779485307 0.0216443429523514 0.101528997431425
0.0243457669768506 -0.00631083760086317 -0.0798787198524104 0.104292790919231
0.0258345497206622 0.00947531949026354 -0.199788140864587 0.0216048880003597
0.00639890454781321 0.0157382193761357 -0.180937141510803 -0.156790033878855
0.00348424582893675 0.00397152127151133 -0.0402295368034632 -0.263727376189039
0.0143652487530329 -0.00561653436401782 0.0867017493198585 -0.20304853517869
0.0303498460277506 -0.0132769660401206 0.0511984034164893 -0.122473743959304
-0.0251394486976532 -0.0564331783091057 -0.103072135948382 0.00818761198319639
-0.0142929736869373 -0.0048392617034927 -0.0204475274287064 0.105058076698646
0.010627862913073 0.00248183942775892 0.0987822152331004 0.0808974463687902
0.0087421833508749 -0.0190570016684564 0.118427505279746 0.0179094783505671
-0.0108559434094818 -0.0259853824176734 0.100612088385484 -0.0228911953636499
-0.0181477240122817 -0.0258897848627677 0.0744833256243823 -0.0306785048682232
-0.0227599264768058 -0.0326155531659163 0.0698841878975264 -0.00903281410575691
-0.0171206458198342 -0.038597272212163 0.0692351880369605 0.0297778065698284
-0.00210659254635201 -0.0502491218895041 0.0188363294859791 0.0929831135856702
0.0295132869330961 -0.0357616399147014 -0.0882584081202975 0.0859679580641707
0.0528755239767167 0.00101584401147043 -0.198027914669383 -0.0204656308671522
0.0233972232220561 0.0429421526397914 -0.136000222419768 -0.200401175651136
-0.0148069617687584 0.0267995163606889 0.0310135236394248 -0.279852493187697
-0.00940823001899714 -0.0156888955746719 0.134584617474938 -0.186552171916649
0.0167040608246597 -0.0452309478281409 0.0588803036154614 -0.106352316950397
-0.0585845979682952 -0.0594950967795101 -0.0745517129941973 0.0325730305637277
-0.03042276840549 0.0188957530111632 0.021189770885055 0.0957790668260579
0.0234666996093471 0.0210813184838504 0.110882716406495 0.0372473841637936
0.0263770106829517 -0.0218744516387193 0.103187349989433 -0.0247423555949316
-0.0109266404504744 -0.0442164856293571 0.0709694344897694 -0.0517691588790789
-0.0344850919490028 -0.0405319493295186 0.0491527910144587 -0.0506287261562944
-0.0479578936726646 -0.0455749537654521 0.053528955679769 -0.0247474482212752
-0.040941695252724 -0.0549803389142122 0.0586327152398266 0.011815603222741
-0.0227353077455527 -0.0753991115786882 0.0126614666433794 0.0722333186244864
0.0285645369756675 -0.0648985058535212 -0.0845122091305234 0.05869412551855
0.0737036666448681 -0.0138863393627766 -0.174833194460772 -0.051452276397265
0.0424097885421039 0.0580841183458841 -0.0876105409787773 -0.210665115134111
-0.0259682368821014 0.0445247825593705 0.0804799307809493 -0.2629888180609
-0.0310743932217185 -0.0222138034859714 0.156144729947674 -0.155142831253623
6.41671673638932E-05 -0.071137346296585 0.057052348146274 -0.0765977458124593
-0.0808195193628159 -0.0580220169303512 -0.0460318730585706 0.0543144144872322
-0.0450437855200208 0.035044527407184 0.052810177715435 0.0924926496614258
0.0277841315959555 0.0394583459010232 0.122142841672606 0.0135833292628429
0.0424312146668696 -0.0145501773863761 0.100101451792485 -0.0526269120522571
-0.00307335735757151 -0.052432879335908 0.0546325000865242 -0.0774285340355261
-0.0403200436476015 -0.0487116382327941 0.028384132493532 -0.0713075428257758
-0.0624994201684469 -0.0525382166953052 0.032305102404031 -0.0421743450453383
-0.0587077027853141 -0.0632119847929969 0.038452998145597 -0.00885812218066383
-0.0437042669466622 -0.088951320553698 0.00260319003048567 0.0432317843665486
0.0157131837519334 -0.0874697491163378 -0.0784639822974065 0.0290249881660674
0.078950139660661 -0.0377538186372931 -0.150468287047261 -0.0697777099674977
0.0630810407396222 0.0526728828712868 -0.0585496275888101 -0.202981244159266
-0.0220235292509181 0.0563596108064756 0.0957581708476613 -0.238977350799637
-0.0475292933593347 -0.0186855625299738 0.154417669837152 -0.12617275641796
-0.0205265217461011 -0.0837798427445945 0.0526978060321675 -0.0390189865605857
-0.0873169184752318 -0.0527178683277695 -0.0230137073181155 0.0745576232071557
-0.0585451678647437 0.0398602238114137 0.0702539826721929 0.103562684456774
0.0216608081324069 0.055366010024745 0.1390855281505 0.0175662767687163
0.0538401940125842 0.00119052055340853 0.119257681765296 -0.0625354131099961
0.011049909424834 -0.0500616696311317 0.061162898408883 -0.100429994611701
-0.0362215213298833 -0.0513325719934649 0.0188348806411377 -0.0946619931370893
-0.0654177282338279 -0.0532809437721068 0.0115750081983094 -0.0617940851954528
-0.0673617942637591 -0.062316835639236 0.011336201596221 -0.0297792846000589
-0.060881235115671 -0.0879851248468987 -0.0143191882694998 0.0130646935489986
-0.00654696230130699 -0.0964329336185983 -0.0789890402349019 -0.00100555747829028
0.0654842374748026 -0.0612673495890944 -0.139232035695782 -0.0819966158775263
0.0774059018938688 0.0306317560023252 -0.0566222445768357 -0.194305191136049
-0.00713580334875682 0.0613022391135891 0.0829534413824228 -0.225397998528377
-0.0584299230870922 -0.00339454759318615 0.142685436607898 -0.10873789939821
-0.0443861400210279 -0.0795568056119172 0.0537503575201865 -0.00104796577159293
-0.0817263587873283 -0.0442857274387735 -0.0118804338567656 0.0939694504785067
-0.0676524692898131 0.0320853489656513 0.0666327357435156 0.129911041215302
0.00514320204226121 0.0628728554880828 0.153991219990503 0.0580752525974908
0.0516737161720258 0.0191687632240388 0.157627004227648 -0.0417368909843018
0.0230408285424668 -0.0373274777632198 0.0934404910907357 -0.112270643056914
-0.0261524667971514 -0.0460431871860865 0.0247730563421139 -0.116505094780619
-0.0591493738255764 -0.0468651566662067 -0.00536972497676388 -0.0811758230291501
-0.0654877585527219 -0.0523146535221738 -0.0174166746217631 -0.0465742653024698
-0.0664290076220905 -0.0721453606987926 -0.0378182232193553 -0.0107882982064751
-0.0274779346086401 -0.0851127323178345 -0.0892837234315166 -0.0221971826224686
0.0376555091842575 -0.0699070680875074 -0.141710158885645 -0.0849956691334709
0.0726797437464737 0.00556536141133588 -0.0766931311064236 -0.183460339355184
0.00839919839750155 0.0562886259472704 0.0479534949392191 -0.217239365718545
-0.0588101848366138 0.0167602208943343 0.127734663072979 -0.10250136691124
-0.0614770589674055 -0.0582156215531053 0.0647901422613111 0.0296735938333849
-0.0661576703645131 -0.0298847769855268 -0.0146042974733697 0.109113235296909
-0.0658128443617902 0.0189766302735618 0.0354266914672645 0.164915225323116
-0.0140393769866291 0.0558530308985661 0.150144453066209 0.13062091574641
0.033818827152095 0.0290156295002176 0.19908427558711 0.0139422663103037
0.0225204968603352 -0.0182195638397652 0.144177040948176 -0.103732418729761
-0.0170630899311189 -0.0307486787536584 0.0455317468116781 -0.133584691740029
-0.0457265153285865 -0.0315693588498469 -0.0153651298744877 -0.099465447378294
-0.0533335962460682 -0.0340697780254815 -0.0440658234549211 -0.0576079027904702
-0.0571941965322723 -0.0454922559381853 -0.0615197416678096 -0.0222857929256977
-0.0346053273290299 -0.0562291928379628 -0.10198853553682 -0.0281760766556774
0.0121064416470576 -0.0547319283646639 -0.15067280979817 -0.0731939425981973
0.0517797422256087 -0.00490339577539762 -0.107223652177567 -0.160055855643893
0.014827649822057 0.0456484749485691 0.000139780896844948 -0.202036659699228
-0.0479709064300102 0.0305251831429502 0.106977481070093 -0.105653074480271
-0.0625818844458986 -0.0265888986617895 0.0820903558052713 0.0450418197998719
0.052559738497292 -0.0188548331841295 -0.124732332767139 -0.0424875490133314
0.0256090457743422 -0.0417679815156396 -0.108898078587198 0.109291355854585
-0.0209021637833599 -0.0264801201385903 0.0466382814013082 0.182977878243911
-0.0339449381515344 0.00965968005800942 0.140617451125623 0.121504820985818
-0.000553637408560138 0.0412407032218005 0.152924851954633 0.0357356313683101
0.0318761386322509 0.0277798760858062 0.107313596335261 0.0017886918093072
0.0413230209372971 0.011473647222081 0.0732234720494187 0.011411904705547
0.0366651682897584 0.00721693822897701 0.0589866333985102 0.0448210264569167
0.0358937459395945 0.00642966469801993 0.0237014392441809 0.0986636458074273
0.0201224224585441 0.0202423327860867 -0.0587097352208116 0.114076888905961
0.000392456296675816 0.0178817022212758 -0.173099023564634 0.068027703253876
-0.0140161196781983 -0.00957926875440541 -0.201741445723072 -0.0816620849934957
0.0151305394699585 -0.0233411978225708 -0.111266729943851 -0.204805382324127
0.0378642985397031 -0.00298622720541803 0.0222162781128571 -0.194427096056562
0.0463944804825298 0.0150867048626293 0.0372184265879513 -0.123508684060395
0.0145993019736664 -0.0439580852849732 -0.120442931901153 -0.0178287158765793
0.00273982625126614 -0.0274360818284077 -0.0646538306354834 0.112165309981512
-0.00572259685640941 -0.0123395467130062 0.0816901312957839 0.132614813316269
-0.0105536235828563 -0.00586988042982357 0.13714446851067 0.0671694408584759
-0.00307224675868074 0.003826787474815 0.132490705689004 0.00547573039352747
0.0077989271327128 -0.00372858806990681 0.0961636596573332 -0.0125688563604978
0.00902784988094458 -0.0136086669881985 0.0774285440757719 0.0038223487776654
0.00991540946516537 -0.0173530515604647 0.0696518415716078 0.0404628075359283
0.017117410947959 -0.0212125986867595 0.023105213135505 0.101204838498073
0.0244770094720853 -0.00678352436544502 -0.0787556990140234 0.105123790173984
0.0259917248824237 0.00918259352931756 -0.199758081297718 0.0244827338564042
0.00662628424393184 0.0165856636506049 -0.182889959790722 -0.154435493235027
0.00339677976531783 0.00431509792515483 -0.0438101237086777 -0.263059040702735
0.0140544168813552 -0.00565339771725666 0.0843671540528867 -0.203874599042542
0.0302444631846818 -0.0141415663648622 0.0498733520634411 -0.1227880996978
-0.0258952838792714 -0.0559595225491856 -0.10288548648245 0.00987245162479979
-0.014448852153517 -0.00502929681545683 -0.0185844833047096 0.105337194063376
0.0109073045228651 0.00247188486946457 0.100635506975252 0.0791459551393089
0.0079719034490665 -0.0193287515129149 0.119468143608286 0.0161376284790315
-0.0107012374010265 -0.0252355152056285 0.100882486989077 -0.0250546147368071
-0.0181617124204885 -0.0257926113390196 0.0740280353084445 -0.031734081664885
-0.0234872076546445 -0.0327466729729265 0.0690058879119111 -0.0102683018266898
-0.01774953511782 -0.0384328500286362 0.069817545066945 0.0284397942247318
-0.00235850978658351 -0.0503000010181489 0.0194756376590495 0.0923542963106283
0.0292147405173266 -0.0363176081461566 -0.0871915791579485 0.0869146646833623
0.0536051505249172 0.000610805937503949 -0.198186709207189 -0.0182326444093451
0.0239880404624844 0.0431136281231186 -0.138912850076734 -0.198956693303129
-0.0143895457793091 0.0274670413567673 0.0272674818790054 -0.280926103741412
-0.00943329232583483 -0.0156615818186836 0.132555865656296 -0.187947424055836
0.0157719907145535 -0.0451517611951492 0.0581124278416024 -0.106686856375569
-0.059727372983811 -0.0585398731304303 -0.0740247038455353 0.0336583601445866
-0.0299507717419197 0.0194291236014471 0.0228419506126773 0.09547109685966
0.0239067631961439 0.020415282261744 0.111679139950726 0.0352295765175952
0.0258388665334997 -0.0223365545069311 0.102800307530753 -0.0265226963919152
-0.0115520399089534 -0.043918168512483 0.0698693462402011 -0.0530580219825462
-0.0352021386074153 -0.0404622051081789 0.0482086654792873 -0.0512668023490276
-0.0484783772202956 -0.0455151285807813 0.0533454275261419 -0.0262591073218991
-0.0419623442651342 -0.0545255032866362 0.0587844076364722 0.0107616097549708
-0.0233288018215537 -0.0747645880847244 0.0143508844962725 0.071259754617343
0.0278762274106262 -0.0649843015753464 -0.0836434813008762 0.0600111902185408
0.0738531378427666 -0.0147598471336845 -0.175462724756017 -0.0485745669061955
0.0429682852329994 0.0579070509132856 -0.0906292318607734 -0.209879066254238
-0.0256283660372502 0.0451926713358181 0.0771367533713989 -0.264754004210656
-0.031234904227817 -0.0215577344479755 0.154340019629233 -0.157208122416472
-0.000954253371250918 -0.0706187697385848 0.0565894771015815 -0.0771160120223886
-0.0817061655331234 -0.0563088153091584 -0.0447887934511449 0.0545591054414311
-0.0439370751771496 0.0352691663864686 0.0540871993844564 0.0916069289546219
0.0284676596467914 0.0385961897031307 0.122902924697315 0.0121142235062931
0.0421148863777539 -0.0153614011921911 0.0992595751854986 -0.0539202311499248
-0.00391796944825625 -0.0521673898759522 0.0532399774933743 -0.078579699000968
-0.0409894639806837 -0.0485620087727191 0.0269556254286685 -0.071846042241585
-0.0631746294202022 -0.051965135654575 0.0316242982645174 -0.0430340407995509
-0.0594549057047113 -0.0623018025916294 0.0380849137407134 -0.00953852232706911
-0.0450107183901388 -0.0881428161470945 0.00336171509082689 0.0429252641045155
0.0146561513551423 -0.0873395378147859 -0.0777131313496589 0.0299683849510742
0.0785251340954786 -0.0385802938750402 -0.151668599566718 -0.0672588249163003
0.0638763344090826 0.051643529495622 -0.0616063238367584 -0.202490481920235
-0.0212362426977002 0.0569389523553222 0.0919243349707783 -0.24122553836814
-0.0477740745586197 -0.0178511894238739 0.15283829689463 -0.128685243034115
-0.0217441697393773 -0.0834762020175036 0.0528485294861678 -0.0399877528126848
-0.0883143347916314 -0.0511805651700762 -0.0215084145685506 0.0748905588969159
-0.057462402573823 0.0406187001730578 0.0719871387815797 0.102167613572189
0.0225867878278391 0.0547153941993565 0.140159673196775 0.0159767756530368
0.0537271050530858 0.000295763929170936 0.118608223648346 -0.0646176117879861
0.0105145336264399 -0.0501072856020485 0.0597525021254324 -0.101568126243924
-0.0368342973552023 -0.0506245358438709 0.0171221541429367 -0.094882043406861
-0.0662295883382383 -0.051957961006115 0.0104483346757035 -0.0619952651858521
-0.0682224205697552 -0.0612818099981759 0.0110197657750122 -0.0301571680282055
-0.0622405706092709 -0.0871648143857996 -0.0142377715069952 0.0130638384953947
-0.00830346762287869 -0.0960496113482805 -0.0787657084099896 0.000399621758669485
0.0643178046652796 -0.0625918143888455 -0.140621844120548 -0.0795442992341418
0.0775836561809277 0.029411011358563 -0.0598967773890879 -0.193697870231645
-0.00624869530500725 0.0613114409513645 0.079157412939998 -0.226761634646826
-0.0581048422967758 -0.00195840266075784 0.141170127616719 -0.110930840530709
-0.0451113595870854 -0.0788256410140058 0.0541388570291523 -0.00183722320299256
-0.0818670377591788 -0.0431445606480027 -0.0105095317484279 0.0939051190268786
-0.0675246668147192 0.0331539347347904 0.0685873443324259 0.129275776063489
0.00597546637764474 0.0625270694131881 0.154937414867228 0.0558167208118228
0.0518377878322331 0.0183161734484039 0.157499712890483 -0.0442824686939668
0.0226865402810678 -0.0373461739193646 0.0920310834381088 -0.113782764573349
-0.0266215106678724 -0.0456004005548784 0.022955977116578 -0.117310374258358
-0.0597885653877687 -0.0459885465872291 -0.00645896644496755 -0.0818537906856395
-0.0662023482195671 -0.0515078593115512 -0.0180645954227068 -0.0466356448963725
-0.0677555435980498 -0.0710049369390838 -0.0377504954327656 -0.0103116422545691
-0.0288286631542288 -0.0844205030435788 -0.08930355325408 -0.0208232557802761
0.0365270550909226 -0.0704288487046762 -0.14391620233113 -0.082791257178891
0.0722381433480099 0.00481018073693335 -0.079891698608965 -0.181730990655934
0.00905196425981761 0.0561313806323994 0.0445361439701074 -0.21783983123043
-0.0581137771739082 0.0177617761406028 0.126362721016614 -0.105002751835957
-0.0616106958891437 -0.0569511707112593 0.0655713135490078 0.0282564727886213
-0.065897457239779 -0.0288234445874902 -0.0135326946610247 0.108987504025644
-0.0654566009588229 0.0198263768562501 0.0374212922952393 0.16459162084438
-0.0134569233772445 0.0555730670939848 0.152367889071412 0.129192088821926
0.0341792110287234 0.0280866795302645 0.20000327176592 0.0111748108098001
0.0223168295797809 -0.0182651961794562 0.143261535219444 -0.105915249233189
-0.0176378371985132 -0.0304416941128071 0.043320284295253 -0.134589053193611
-0.0460011393169038 -0.030391255411381 -0.0169559510709516 -0.0995770629785947
-0.0538960849649517 -0.0330924270315297 -0.0448092186721423 -0.0573902282087921
-0.0578389711712064 -0.0444827941749812 -0.0615128179885799 -0.0220832482963827
-0.0357716060233563 -0.0555677552174786 -0.102305927745026 -0.0265542509709915
0.0110103389807503 -0.0548541659449309 -0.152111611818057 -0.0704083737365291
0.0515614779126786 -0.00620666401213142 -0.110134012756373 -0.158107638187095
0.0156394458343443 0.0453940407918144 -0.00301791778852744 -0.202506936493771
-0.0469834648133801 0.0310357013633008 0.10519117736048 -0.107393484000783
-0.0622141441049737 -0.02578960423509 0.0830497840719173 0.0429838322931558
0.0519098080043289 -0.0197278825152689 -0.124681358220173 -0.0405246249225098
0.0247233471289346 -0.0414996681422127 -0.106959756903809 0.11080169211066
-0.021283709721887 -0.026040207156471 0.0496913508287094 0.182412777083744
-0.033607448974155 0.0101041683159042 0.142937475384006 0.119366687967593
0.000680997075106059 0.0413252398114722 0.153477608350849 0.0330340726948342
0.0327301732353792 0.0272222463487622 0.107023368359257 0.000304389584082272
0.0413619242812332 0.0106836890427294 0.0734711367045327 0.0100723091345072
0.0367824099059888 0.00638054414198867 0.0587495446097679 0.0445260471585179
0.0359102805863819 0.00552939167311739 0.0243427273147608 0.0983873208903219
0.0205876144052917 0.0198585214910344 -0.0576992086240741 0.114371299866332
0.000582464981056855 0.0175656306730495 -0.171871798379186 0.0702833764453001
-0.0143202292149134 -0.00906456288761083 -0.20276338054809 -0.0790743443956173
0.0146207708847255 -0.023593996757909 -0.11382229359707 -0.204112759004531
0.0378491066316146 -0.00316701129962923 0.0205792413391158 -0.194771939256587
0.0463225043420198 0.0141804856180703 0.0356957957392892 -0.123692930135888
0.0135300597519952 -0.0442453193158952 -0.120389086549571 -0.0158457642329738
0.00260820128233154 -0.0270959652520434 -0.062615456625582 0.112537344172694
-0.00572214799229948 -0.0121209794728159 0.0838224632920944 0.131298784694692
-0.010223014041498 -0.00560584010615257 0.138697797747774 0.0651102633961956
-0.00230893395979476 0.0034560956223215 0.132367431538536 0.00288064134418264
0.00741321376578034 -0.00383300389911447 0.0957073204816355 -0.0137536459140644
0.00864602888009071 -0.0142434480880977 0.0770564855448039 0.00291592272580731
0.00959576245050101 -0.0173793148734444 0.0697874037921948 0.0396353993464829
0.0173010582810426 -0.0214856648245292 0.0241334699198201 0.100339215969672
0.0247438311737526 -0.00710512055132168 -0.077587308600415 0.105743883917901
0.0266279821404517 0.00867723406141684 -0.199250301706253 0.0265831536236936
0.00691696703449254 0.0166926042377857 -0.185023371329948 -0.152192748614179
0.00309008308855589 0.00427343998903344 -0.0471643325631299 -0.262463604381743
0.0141505075019776 -0.0059879626343249 0.082499316344964 -0.204854115821347
0.0297145525648215 -0.0143936449386804 0.0488504861843915 -0.122369982241744
-0.0263333921307735 -0.0552746510953016 -0.102538850986597 0.0114617745297677
-0.0145128974617075 -0.00473443253728979 -0.0168392274947601 0.105462239538322
0.0109008003614554 0.00224158123012953 0.101754246482543 0.077525856166603
0.00758344479091218 -0.01954082359352 0.120207823289406 0.0143246059155972
-0.0111998722434676 -0.0256508815458739 0.0999835419509892 -0.0263769062758181
-0.018286981374037 -0.025905691879788 0.0735885064778472 -0.0331248347890053
-0.0239228011967236 -0.0324221138611104 0.0690436488996655 -0.0114091796346069
-0.0181641370494427 -0.038116930548757 0.0697461378741203 0.0276011121055782
-0.00290758357485111 -0.0504635152843955 0.0208385455361439 0.0917715569165972
0.0290330159118586 -0.036849578849385 -0.0856916404403231 0.0874295363596189
0.05337413686205 -0.000282282729767707 -0.198804208661011 -0.0154935121873763
0.0244836689625715 0.0429242418398789 -0.141282061877486 -0.19702020857652
-0.0143981310893301 0.0278649243222043 0.024003235547618 -0.281256327512452
-0.0100447964162267 -0.0151646848619195 0.130710966538771 -0.189473380666865
0.0151040711096277 -0.0452040993846568 0.0576809000056005 -0.106981753145951
-0.0604658890239298 -0.0575275436183799 -0.0729971411280674 0.0347719310392733
-0.0295910066983443 0.019552935936084 0.023841352052771 0.0947187572942203
0.0241484593219116 0.0197157468590027 0.111919721117712 0.0336853854636016
0.0252500742643754 -0.0228833234311504 0.102599944696021 -0.0279916326287352
-0.0122860547565544 -0.0439847299094541 0.0690254587270763 -0.0539173996265631
-0.0354063736965746 -0.0396205286827562 0.0474110907103439 -0.0519361283698196
-0.0491528164395424 -0.0445499491079578 0.0523046493102385 -0.027128379407852
-0.0428282027996255 -0.0536122825926823 0.0588449073312729 0.00936669344442553
-0.0239962765728065 -0.0743244499700673 0.0150446079866038 0.0708554238335109
0.0270277641883915 -0.0651706249739961 -0.0827856582433447 0.0607482156453902
0.0735967729731781 -0.0154118081809412 -0.176407506155172 -0.0461410299482489
0.0437949690742164 0.0573382424801988 -0.0930026611255154 -0.208562606328954
-0.0249760504339824 0.0453139355839856 0.0733496087701708 -0.265716024684115
-0.0312122133398266 -0.0212889772323978 0.152868252889452 -0.158817748998677
-0.00155061364623713 -0.070579847180919 0.0563263770991107 -0.0773000373402624
-0.0816280471861802 -0.0554106590434995 -0.044265301217744 0.0553206856085317
-0.0429479746169807 0.0358548842157318 0.0552976657790296 0.0906975689517417
0.0291623069626178 0.0378921000907769 0.122965082386292 0.010249226477434
0.0420114236335804 -0.0157614726520706 0.0994668489357471 -0.0556805881155009
-0.00437848548203304 -0.0521670561947038 0.0524925262881829 -0.079271139753169
-0.0413261695042532 -0.0477101065911771 0.0259902004976322 -0.0719767754172687
-0.0633671138422462 -0.0506174678635458 0.0309132365557952 -0.0438569975808725
-0.0602628256484298 -0.0614999006038265 0.0378304547608886 -0.0106558042171951
-0.046112914898973 -0.0879391267759559 0.00411426554285974 0.0426314376534811
0.0133983387858718 -0.0871402891161405 -0.077465209230488 0.0305483586838042
0.07805016796192 -0.0394061253933361 -0.152823670381814 -0.0649457012504927
0.0644307116472703 0.0508625032297635 -0.0643071677183318 -0.201591778804216
-0.0206057035187161 0.0573128741676255 0.0889791326825331 -0.242471390142965
-0.0477584384158232 -0.017173950110872 0.151382306039747 -0.130506036628295
-0.0225049532034992 -0.0827403047924048 0.0529000452458557 -0.0408109269335721
-0.0884880229628335 -0.0500314334296609 -0.0207930820713675 0.0748308529554925
-0.0568423386533489 0.0411641440233377 0.0732402111672263 0.100680278932513
0.0232984798775236 0.0539797578861407 0.140569373459453 0.0139592648655021
0.0535357735962565 -0.000437319326867948 0.118059374313213 -0.0661031146564734
0.00967246140834039 -0.0499259456161715 0.0583046297100561 -0.102021041118195
-0.0374138102108135 -0.050404679390704 0.0157383733410934 -0.0948679010431201
-0.0669720366274981 -0.0512041329125106 0.00987160294536572 -0.0629569312289509
-0.0695453585273596 -0.0603876627332616 0.0105255634147363 -0.0307335511212192
-0.0631381263718866 -0.0860592064198422 -0.0140509408913213 0.0128093506977644
-0.00917848122912285 -0.0951447505927371 -0.0787849893544482 0.00109388575800298
0.0634515816792175 -0.063059559748302 -0.141870649275832 -0.077770891912561
0.07761369434958 0.0283273244247864 -0.062113563577756 -0.193022471399297
-0.00544232653162701 0.0613910727580762 0.0763039907858248 -0.228158108433816
-0.0577032558746617 -0.000926054856429518 0.140346148750712 -0.11333148810166
-0.045727415709948 -0.077916425174868 0.0546106556253398 -0.00306944428096064
-0.0812686284517188 -0.0425755419947436 -0.00976679018589676 0.0938098668735011
-0.0663664971965423 0.0339999192450185 0.0702605401246285 0.127682284422391
0.00662122593128952 0.0620146008040402 0.156027325388804 0.054112048249754
0.0521823950916796 0.0178966918277296 0.157220332292118 -0.0461749405210559
0.0223192969051709 -0.037437808446142 0.0905418678804468 -0.114628420419845
-0.0272043639346131 -0.045273165895246 0.0215542137578181 -0.117144095636736
-0.0602210683457032 -0.0448453070991692 -0.00765942512532657 -0.0815905151925976
-0.0671681478122255 -0.0499308625875902 -0.0181849369122283 -0.0464816644612888
-0.0688070117272165 -0.0696974791488979 -0.0379823010876677 -0.00971392174266789
-0.0302418500338878 -0.0833173547486641 -0.089115794347922 -0.0197684482092621
0.0354218424974487 -0.0708656035644266 -0.144846495873704 -0.0802553419733797
0.0725446650188555 0.00313519741293868 -0.0829867543232179 -0.18008352456712
0.0101717669813046 0.0559440056368285 0.0412777137434018 -0.219104388673988
-0.0573981817728774 0.0187162046647058 0.124780555757202 -0.106829942364662
-0.0620745164584509 -0.0558646539381017 0.0664620875596404 0.0271584188584363
-0.0660034371369874 -0.027631639034473 -0.0122722478156089 0.10890060714757
-0.0651457650411053 0.0209990907118435 0.0396726448583179 0.163682951313644
-0.0122729549678586 0.0550723188885702 0.153824747183896 0.127152568719724
0.0346704442436774 0.0276418628571161 0.200232471755583 0.00868898774795388
0.0221739723939179 -0.0186127257496901 0.141582225545968 -0.107528828358962
-0.018140330596817 -0.029997777888979 0.0417022662688938 -0.134387655258441
-0.0464796315667505 -0.0302369705493883 -0.0182379755651048 -0.0998219487676903
-0.0544460668006458 -0.0317409456049465 -0.045207105777946 -0.0565759930371935
-0.0587246358386582 -0.0432888416416354 -0.0614294350694301 -0.0209969028610663
-0.0364124556424685 -0.0548113190519171 -0.10240840625993 -0.0251439352005652
0.0100460155371854 -0.0549726640992501 -0.153104366696754 -0.0676758778821418
0.0514472832663664 -0.00696840867018948 -0.112881588670979 -0.156064373276465
0.015991731039847 0.0449561515463044 -0.00647905844090133 -0.202500256218694
-0.0460100457257803 0.0318782874857369 0.103700765714945 -0.109293675499433
-0.0624779080724563 -0.0248057416426326 0.0834739940403671 0.0418636574584525
0.0515625484054313 -0.0204986015899407 -0.125241624019812 -0.039125758594038
0.0238013879219033 -0.0414914570871949 -0.105300871023417 0.112752582112891
-0.021306902719819 -0.0257121984492831 0.0516865057332511 0.181232632503889
-0.033612474200459 0.0108357335470076 0.144641060602221 0.117374541475431
0.00135675276411422 0.041288868305691 0.154160991419694 0.0310625272911844
0.0327670497068614 0.026463974793653 0.107135541413036 -0.000781162936431342
0.0416118667289276 0.00976173722251755 0.0728364854665434 0.00961167282546614
0.036996319277819 0.00543514691095368 0.0590250906311872 0.0437164404021469
0.0357530260573468 0.00500983859009386 0.0252598560308609 0.0979322881272204
0.0210760241181199 0.0194948283064581 -0.0564728770306026 0.114772374509704
0.00130212846626869 0.0177511438968176 -0.17133863172759 0.0722739139351588
-0.0144276817846408 -0.00865339452511036 -0.204026722243995 -0.0771089630953199
0.0140513293773959 -0.0234065438949426 -0.115399928490971 -0.202744516301227
0.037760700857707 -0.00344551362580897 0.0193110891975851 -0.194816908136746
0.045953361486462 0.0133199021433537 0.0350022892450729 -0.12379099397257
0.0127332436956117 -0.0437836710710356 -0.120012329599306 -0.0142096787545511
0.00224338341591769 -0.0273744306230251 -0.0614881935250052 0.113543512425095
-0.00585406045523952 -0.0119947731997785 0.0855307947163657 0.130488783962754
-0.0100296884146519 -0.00561867414956033 0.139778319137835 0.0630638287400511
-0.00204165787802021 0.00332243190702067 0.132594859234191 0.00129096685291417
0.00781243928520965 -0.00435791662239438 0.095856036595161 -0.0152381701031104
0.00880164012647225 -0.0142785392500787 0.0767225924180099 0.00140700024971227
0.00979904517478369 -0.017998625298844 0.069862325007752 0.0384787291007273
0.0168019128291974 -0.021907017458237 0.0251970466472336 0.100046014376939
0.0247214616435257 -0.00727157159086142 -0.0764707538190825 0.106413472903975
0.0267047061579024 0.0087362251832507 -0.199534589210344 0.0289047162481758
0.00670496732359983 0.0166535932384837 -0.186707374690276 -0.150005672283013
0.00301816257318908 0.0042955384433051 -0.0495618466673764 -0.261904306259743
0.0139752361839834 -0.00610569300492872 0.080778784605897 -0.205506825489097
0.029406570857447 -0.0151984128590693 0.0480615829814173 -0.122945708427623
-0.0266967907001517 -0.0544762476874226 -0.101975426201228 0.0124501067242347
-0.0144797142015622 -0.00439598398932116 -0.0155975416677342 0.105169823717097
0.0111895663413147 0.00194185893311912 0.102683761268642 0.0764810819547168
0.00758206019510451 -0.019925491481226 0.120794663236006 0.0126735591662019
-0.0109458218000165 -0.0251888795076395 0.100166384816678 -0.0281140261984292
-0.0183576362833654 -0.0254313868927945 0.0731085415750401 -0.0339264890027499
-0.0238711027342125 -0.0322969048000252 0.0684288130634037 -0.0123863352208625
-0.0185460529645585 -0.0380875298230188 0.0694308328596105 0.0259031538076169
-0.00316328250365941 -0.0504948534936342 0.0215329761705423 0.0912078341184927
0.0289569508729141 -0.036904060541215 -0.0853378809406574 0.0882818494653808
0.0536639915385816 -0.00059036457951335 -0.198749934204838 -0.0130640504262188
0.0247415754164456 0.0429189327533438 -0.143392242487955 -0.196081390062242
-0.0143273508510183 0.0282508491156973 0.0211956851591357 -0.281169410541373
-0.0100253408833541 -0.0155913054899027 0.128966722045728 -0.19083799950761
0.0146957216262189 -0.0455883152662517 0.0568716607541927 -0.107330731815475
-0.0605576754271342 -0.0569595369952104 -0.0723674886093744 0.035586650013359
-0.0291691660803031 0.0197316754989925 0.0256686650978356 0.0942409570753287
0.0247084981838318 0.0190521100827652 0.112776717019468 0.0324531763590517
0.0254227738838355 -0.0231982428827558 0.103110677786966 -0.0292275563559508
-0.0127038240065859 -0.0436453575526847 0.068686366992393 -0.0545846481003381
-0.0360504915557342 -0.0395033472097955 0.0466707053563876 -0.0523411106150157
-0.0493599257571222 -0.0439295731206846 0.0519730807136078 -0.0276956158647817
-0.0430579334082894 -0.0532826596781949 0.058406611855541 0.0089792373353224
-0.0250958204728349 -0.0742085767812466 0.0157013460918606 0.0702947322395156
0.0268351766708234 -0.0649788590310884 -0.082123117529739 0.0612550422292324
0.0733906971804028 -0.0161582932203728 -0.176654298181471 -0.0442026101046955
0.0446142458134643 0.0572498169059411 -0.0947650493198004 -0.207140168819064
-0.0249558762392639 0.0461690098313169 0.0706943551864732 -0.266697730820375
-0.0312110660993834 -0.0208537059714888 0.151770036958958 -0.1607576652942
-0.00235608581947771 -0.0700807956447905 0.0563130718446143 -0.0777098665596995
-0.081029629851123 -0.0546532261055507 -0.04362833523505 0.0557656411771865
-0.0429356412198552 0.036084873867473 0.0563489049951741 0.0898769441805487
0.0295514893488715 0.0373173372218663 0.123409613122792 0.00859022147916435
0.0421598514270792 -0.0164248513807578 0.098859131244334 -0.0569887224170213
-0.00485213335055116 -0.0517466609428278 0.0514045063233558 -0.079981281532358
-0.0422056362805123 -0.0475500765981582 0.0251789314812064 -0.0722988635041706
-0.064293361741687 -0.0499725013867867 0.030499572437838 -0.0447772477102362
-0.0611362113563587 -0.060685991580877 0.0376681290063519 -0.0116756222999623
-0.0466981250493638 -0.0865395322787783 0.00451450333986071 0.0421501204062525
0.0126915474934154 -0.086982809154419 -0.0768800887882331 0.0312705092761692
0.0776344239954165 -0.0397783799096329 -0.153346479319789 -0.0629979495567747
0.0649869713097211 0.0504280687894909 -0.066053045573681 -0.200796919438378
-0.0201976840327015 0.0571580224523404 0.0865475190235751 -0.243598383808114
-0.0473782727612318 -0.0164093366200196 0.150366718781627 -0.132758078338595
-0.0231184666787078 -0.0822486530811626 0.0531455009336779 -0.0412698060394893
-0.087772455228432 -0.0491665049642435 -0.0202983749249141 0.074844109029057
-0.0559624093636155 0.0417734000519069 0.0741767156121016 0.0997524973955391
0.0239590374468644 0.0529769330435169 0.140730263952678 0.0127040928863691
0.0535068587466826 -0.00129164468044623 0.117688536437127 -0.0676461619547844
0.00921152444585363 -0.049800547152299 0.0574070532041182 -0.102962548852426
-0.037830212445657 -0.0498983973432731 0.0147258043455584 -0.09516654074011
-0.0673142914230956 -0.0506555504212838 0.00903210612533836 -0.0632351318715371
-0.0700171016096774 -0.0592834428047231 0.0104369602481265 -0.0310493399311417
-0.0640743390250898 -0.0851455329675177 -0.0136534862336009 0.0126811683903143
-0.0102500577089361 -0.095060032105585 -0.0786240921216039 0.00199785637668037
0.0624478097044442 -0.0636457322118764 -0.142601175013372 -0.0752106662931263
0.0780673286390044 0.0275649379658284 -0.0640938294496422 -0.191733373181615
-0.00468387465532565 0.0608596150316418 0.0733408512385118 -0.229583293406572
-0.057324525164681 -0.000350139577836897 0.139257149844352 -0.115049593996505
-0.0462786611280701 -0.0770050759060971 0.0553303754753453 -0.00382492379883788
-0.0815496140345917 -0.041439330245898 -0.00921522261140232 0.093865189267122
-0.0662320018563878 0.0343269543606304 0.0710137429705762 0.127132600684832
0.00734432206090162 0.0614680158684131 0.156329602423014 0.0526878101315752
0.05186224663706 0.0168127021326782 0.156590980260396 -0.0479308286083724
0.0217589258078601 -0.0374418202971956 0.0888402428560625 -0.115744170763457
-0.0276273081064574 -0.0445277557761992 0.0203952995066277 -0.117270698782643
-0.0605309943240715 -0.0440186774852632 -0.00849660687897733 -0.0823013465767583
-0.0678295923860892 -0.0487680911378466 -0.0190010827289783 -0.0465275088092208
-0.069657194554306 -0.0685730984899389 -0.0374023921226243 -0.00962773710422691
-0.0308249158769112 -0.082921190452768 -0.0895731942239787 -0.0188365655729675
0.0345482915637213 -0.0713014034894987 -0.14589486931776 -0.0787248649564888
0.0722201535213837 0.00240499007774277 -0.0856132878251104 -0.179327000353442
0.0108499060781275 0.0554777527981795 0.0381233324203508 -0.219786932859448
-0.0568204586826472 0.0193647375666405 0.12392164962907 -0.10924681929142
-0.0621779389561914 -0.0548453085937712 0.0672991513174899 0.0257446607813055
-0.0659259845700825 -0.0273374149365061 -0.0115894179431043 0.108363702070928
-0.064057120971915 0.021849950832285 0.0408540791209407 0.162553641648862
-0.012055666367829 0.0552185347362115 0.155302990565763 0.126146401470627
0.0346672505405408 0.0267682070829331 0.200077393411392 0.00659925124983233
0.0217689530481865 -0.0183270910299249 0.140532358173254 -0.109063141393879
-0.0181699446622357 -0.0295247799605483 0.0402748694767244 -0.135021790640854
-0.0468546369132981 -0.0292173925960599 -0.0191892209148234 -0.099550237567088
-0.0553675716438974 -0.0309204359548597 -0.0456246347510774 -0.0560887398223784
-0.0589922528474866 -0.0425510666824891 -0.0612871044755466 -0.0205773299926394
-0.0371667529428813 -0.0542248954105663 -0.102623038484189 -0.0238725583757921
0.00911920362947559 -0.0551842047913343 -0.154144731675523 -0.0655607636920815
0.0512556821069123 -0.00796333766621325 -0.115144088684859 -0.154263302270769
0.0164371145670964 0.0446622514473714 -0.00933452519081032 -0.202413399571486
-0.0452058516857557 0.0325350113189796 0.102118051187101 -0.110428857483797
-0.0622072380054397 -0.0239612923102447 0.0843476429750136 0.040470655628477
0.0507892047756308 -0.0207931513969848 -0.124919451472055 -0.0375206596090152
0.0236864780801311 -0.0416826546340396 -0.104098486516259 0.112855465742541
-0.0216704302125248 -0.025156787345527 0.0543248347098443 0.181104156078926
-0.0334248138286542 0.0115193357688431 0.146242626226803 0.115410507882888
0.00217738047364893 0.0411306967632531 0.154217451213137 0.029043297102979
0.0329501278528447 0.0256419507601006 0.107114507017326 -0.00225740397064419
0.0415585794252269 0.00917641676760564 0.0729977893708975 0.00914350854114206
0.0371781024779715 0.00516535003969404 0.0587564696816077 0.0429607691183669
0.0356983796900902 0.00444921824127478 0.0254588887718489 0.0970453189909001
0.0215429822556999 0.019078566424356 -0.0555386349743027 0.114751646453465
0.00166162240134902 0.0175814993919898 -0.171138920383925 0.0734683243961848
-0.0144601001087224 -0.00805489927681729 -0.204604034877528 -0.0751953757863782
0.0136535700263625 -0.0234309383852556 -0.117254974091047 -0.201309751364557
0.0372444709008669 -0.00410045743026631 0.0172356987257253 -0.194956614203962
0.0459400669338911 0.0125868438369846 0.0343784262877133 -0.123502743141353
0.0131384192788854 -0.0439428276338272 -0.119930587187427 -0.0128287137873617
0.00198889073738218 -0.0267634777254219 -0.0592828252944273 0.113715963342789
-0.00560914813079639 -0.0119238741306131 0.0874987188375572 0.129127508411377
-0.0101790467504769 -0.00538610585792857 0.140129656308367 0.0613227989667159
-0.00197596387010076 0.00348785888769464 0.132378595821836 -0.000426110241212462
0.0075966051006668 -0.00437828984667881 0.0954150860488172 -0.0163324848007828
0.00846475620797737 -0.0147282528752907 0.0767184514325904 0.00108104310501194
0.00967150459903724 -0.0180746876638491 0.0699036150484411 0.0378504164989297
0.0169517094025294 -0.0220466297758466 0.025729883312369 0.0989965833570037
0.0253859621425631 -0.00763020714963908 -0.0757509846970799 0.106543656927521
0.0272861742796102 0.00820492633926 -0.199187816916764 0.0303267714401689
0.00746702393364908 0.0172795818722957 -0.187781571690025 -0.148615870292226
0.00291821655265228 0.00469515743110229 -0.0518690217803492 -0.26171350835382
0.0134469114719586 -0.0059362871153975 0.0791803649120457 -0.206125299205056
0.0286774670852722 -0.0155799698531792 0.047559344560151 -0.122686543048597
-0.0271737456956761 -0.0545032692996034 -0.101234542634718 0.0130472416348728
-0.014559674655269 -0.00386637827814431 -0.0144361451322813 0.104824774647226
0.0113427109151073 0.00173238765578853 0.103947559169743 0.0750074700358344
0.00741714464326695 -0.0201513991002882 0.120899518966128 0.0110366627826088
-0.011043592389433 -0.0254681714350468 0.0997964446065694 -0.0287352678152854
-0.0190845250814822 -0.0257095166230325 0.0727426938735237 -0.034560495068947
-0.024176799167626 -0.0320573541616056 0.0685903742514412 -0.0128581912016856
-0.0189443775114547 -0.0377635934809646 0.069694304577188 0.0255024012362675
-0.0040215154030595 -0.0500516707622861 0.0226432848493295 0.09042040681581
0.0287126100670321 -0.0367659931960249 -0.0843049669072388 0.0888560009026157
0.0537850213764609 -0.000828723646910571 -0.19930370686952 -0.0116954191150417
0.0252738982910206 0.0433204488983737 -0.144981890117577 -0.194312430164072
-0.0147422814887847 0.0285270060278251 0.0179815054476799 -0.281459620824762
-0.0105078597904165 -0.0151568778009947 0.127520383782693 -0.191840911183322
0.0139636313071611 -0.0455098418895492 0.0566035217624024 -0.10736901334178
-0.0601782053515397 -0.0561007067174735 -0.0719578566568098 0.0363787965114669
-0.028684023501564 0.0196975832883855 0.0261949490904714 0.0937444463916394
0.0244800405200335 0.0184719786241129 0.113285382641571 0.0313006686763134
0.0254094525333365 -0.0235676877107178 0.102930719782712 -0.0305180400279648
-0.0130370679952602 -0.0435560389390682 0.0679323885926292 -0.0552085913415608
-0.0360912085444094 -0.039369794080652 0.0459691005747112 -0.0528811872375872
-0.04984496280945 -0.0435011219944254 0.0514668782510312 -0.0287361520879852
-0.0436422921207164 -0.0525995254374567 0.0585314067723957 0.00794636197786943
-0.0255220294953576 -0.0736685566105138 0.0163349842423026 0.0697716934942407
0.026652838630223 -0.0649554991916298 -0.0813375882148952 0.0616220461122204
0.0734668441516852 -0.0166451266152095 -0.176918230087276 -0.0424287301133391
0.0446963730719268 0.0572683475934822 -0.0964729650360524 -0.206347469429976
-0.0247261345788999 0.0462690370873056 0.0683834215014573 -0.267440600537507
-0.0313776402810421 -0.0202718318451975 0.15025929781671 -0.161512327165002
-0.00282218711598231 -0.0700155073242206 0.0562716167997783 -0.0780014167204626
-0.081128687305518 -0.0538841596924685 -0.0428779516238553 0.0563415674200087
-0.0421367467110744 0.0363403964439928 0.0572868919571611 0.0893615192339587
0.0296992699203179 0.036445513313969 0.123661017282213 0.00774348700515567
0.0414728656619627 -0.0172076157055953 0.0984470414326161 -0.0577597093262835
-0.0054603177246951 -0.0514112675043147 0.050461582849477 -0.0806323620353763
-0.0426197683560496 -0.0469275866914073 0.024244807932552 -0.0727665832528926
-0.0642801096478622 -0.0491267943101815 0.0297970565864371 -0.0455315375448184
-0.0619440308867208 -0.0596192928971556 0.0380191761347756 -0.0120308968708823
-0.0475752883818611 -0.0862481481217301 0.00498421413238098 0.0418419477021618
0.0119445491794383 -0.0870282884720563 -0.0765792492382105 0.0318451541484538
0.0775897945623652 -0.04102330634127 -0.15428345620511 -0.0611153313318072
0.0650538845479921 0.0499620853444408 -0.0681112251724843 -0.200206652184198
-0.0195989495230541 0.0572253121911055 0.0842166663919289 -0.244463184952111
-0.0471215747282427 -0.0159618302545414 0.149869950301939 -0.133834641590719
-0.0236187251505806 -0.0818539651342884 0.0535391896873438 -0.0416530585241122
-0.0881604971403114 -0.0481698645023983 -0.0193006765609706 0.0751339760368321
-0.0553479665616723 0.0422597189795272 0.07492745579443 0.099169949170165
0.0240940401887531 0.0525007609231294 0.141100405567485 0.011540769677875
0.0533751534546833 -0.00218993736158275 0.117535945812869 -0.0685827834519653
0.00878036118816656 -0.0496014471000455 0.0561055384910854 -0.102968987175285
-0.0382208663066968 -0.0494381064917954 0.0137330557171194 -0.0952804351648552
-0.0677012035306694 -0.0496097874107803 0.00817450607290791 -0.0637340638906789
-0.0703662886208257 -0.0582339785462523 0.00993749476063551 -0.0314885338105818
-0.0651297795549043 -0.0840874450603401 -0.0132344498338566 0.0128669187436993
-0.0112610128284515 -0.094152767815782 -0.0785004303117789 0.00281259113198537
0.0616234243237768 -0.0641397740280657 -0.143522933566629 -0.0732284181402316
0.0777196064190954 0.0267172379474323 -0.0661568270664047 -0.190817137451114
-0.00416356195840351 0.0613368111394981 0.0709757302336175 -0.230024194801385
-0.0567949902679842 1.53563844862512E-05 0.138639428401912 -0.116525659437539
-0.0465811922975147 -0.0760127398440544 0.0562584221915266 -0.00451581533853344
-0.0814535453708188 -0.0403640542555314 -0.00865630274433456 0.0934045975546221
-0.0651865034258095 0.0353587289895348 0.0722817329517573 0.12588553394292
0.00786231199335763 0.0613580070154004 0.157110511310157 0.0515243316316361
0.0519895776072756 0.0161639241874368 0.156513113424673 -0.0493140430391602
0.0213993664322836 -0.0376960225348186 0.0878635907775164 -0.116185838885664
-0.0279475546546155 -0.0437943122990081 0.0191993777957797 -0.11755459956079
-0.0609067352730783 -0.0433191891477369 -0.00935043872733162 -0.0824021070921626
-0.0683333752174354 -0.047882055491688 -0.0193783699816657 -0.0465717133829123
-0.0704708186318657 -0.0677899657531063 -0.0371057509327598 -0.00968711166155389
-0.0319394873725304 -0.0824345794586321 -0.0896908984097627 -0.0175820811684312
0.033675629192555 -0.0713418225450303 -0.146631683734513 -0.0758883908435604
0.0719919066531303 0.00160965921883851 -0.0870756922033744 -0.178371323513902
0.011305309412686 0.0554823704029144 0.0359398485867207 -0.219749399654081
-0.05592544095204 0.0198191016250744 0.122613990335999 -0.11031773902465
-0.0622010480358011 -0.0543921719189823 0.0676208087505388 0.024426366627895
-0.0654884230644623 -0.0265295190163368 -0.0112322959955983 0.108084288475274
-0.0634821740328959 0.0229567658829917 0.0420101843209327 0.161745237422652
-0.0116099700793112 0.0549961576254224 0.156422198926334 0.124875152871444
0.0346030311308006 0.026266401315633 0.200263809674149 0.00528281180272996
0.0214803148473195 -0.0189447326621528 0.139156817358227 -0.11072982799219
-0.0186183125902643 -0.0291934657641242 0.0389240366445533 -0.135441279651453
-0.0469102016492735 -0.0282164943086612 -0.0200564937723899 -0.0995127879921817
-0.055497355776602 -0.030123380164234 -0.0459351066659374 -0.0561503955745807
-0.0597347863646185 -0.0414387668064382 -0.0613881255880716 -0.019946524623722
-0.0380506859495785 -0.0535976472355579 -0.103157645453102 -0.022806987608775
0.00833221259517221 -0.0550945965134192 -0.15472602775935 -0.0635534328893932
0.0506834704853492 -0.00865923597883078 -0.116849002478098 -0.152540229167538
0.0170750746980954 0.044181877292583 -0.011341433964677 -0.202697008129304
-0.0445491754418414 0.033106494269574 0.100844914583672 -0.111877544868153
-0.0617124976444113 -0.0230938138217535 0.0844894765045741 0.0388173331399321
0.0503112570547241 -0.0213422143452444 -0.125195613135301 -0.0358305925318389
0.02347257112546 -0.0415175203632562 -0.103044036028175 0.114327582992594
-0.0217378895355561 -0.0249637725668261 0.0562433464638368 0.180519942752817
-0.0328587781000243 0.0117325667453346 0.147989240973703 0.114166375102479
0.00241287447132627 0.0413183175292065 0.154840241139049 0.0268636293716368
0.033489863226327 0.025240344784876 0.106785462083875 -0.00342513456666756
0.0418978460842921 0.00845665003162201 0.0728481886067314 0.00803109767447964
0.0371258673789829 0.00460986372642875 0.0591519592828049 0.0422348321394851
0.0357531325683988 0.00389077500963776 0.0264102352974451 0.0969855856934376
0.0217580965849737 0.018887181042702 -0.0549004231707043 0.114949593027812
0.00165293761318393 0.0174946712266679 -0.17083755813127 0.0747131591423062
-0.0142393297508326 -0.00772132047312811 -0.205031883424474 -0.0736699466619333
0.0136476002603577 -0.0232531050256583 -0.118651672175039 -0.200271623448827
0.0373363056609864 -0.00427951262043785 0.0162024566427821 -0.195141461822583
0.0457188854630255 0.0118445151301678 0.0338430376311622 -0.12335809986774
0.0118453378249816 -0.0440915328045397 -0.119081740291029 -0.0118472356935566
0.00211482907692442 -0.0271783047324218 -0.0587414602085033 0.11445416595493
-0.00542688727484578 -0.0120089032796432 0.0891859836643225 0.127984418302704
-0.00997232795700306 -0.00522995648058395 0.14172987816074 0.059636950774154
-0.0017158437564569 0.00371392262726004 0.13311219606417 -0.00173767791457943
0.00775636434120596 -0.00522751140811381 0.0951514631547326 -0.016951887094353
0.00876420137511868 -0.014844761283788 0.0765863915925077 2.24777824016531E-05
0.00954086205218878 -0.0181732031084026 0.0700577350979418 0.0368328498456758
0.0167508125857908 -0.0229280421364676 0.0258259378768238 0.0990471292052435
0.0250377576620443 -0.00794354978752101 -0.0749217267790869 0.107201771028344
0.0273058287436087 0.00819595597627527 -0.198452086126646 0.0320710522898675
0.00747001467006177 0.0175381783071807 -0.188893056138039 -0.147274985485666
0.00290559563786114 0.00463343434546222 -0.0531683481158039 -0.260994143510735
0.0131277607176183 -0.00622770036775588 0.0786863495290608 -0.20612022025985
0.028774036316612 -0.0156801865729579 0.0470649438733434 -0.122837196327583
-0.0274958740018635 -0.054211221952292 -0.100654897453128 0.0139161882234932
-0.0142506289907968 -0.00372966375866224 -0.0129978316713121 0.104869747016695
0.0110183234868734 0.00149525986221903 0.104836243908096 0.0740230368688005
0.00726690261514916 -0.0200378442335348 0.121528211951191 0.00961210249194037
-0.0112406514867338 -0.0248602245011482 0.0996685866644688 -0.0300321598355514
-0.0191560338983394 -0.0256856322640523 0.072011153665358 -0.0351472033618256
-0.0239839569240267 -0.0320099647814294 0.067787086649356 -0.0138271224577312
-0.0190636229625983 -0.0377331100078922 0.0694404859434172 0.0242275155677899
-0.00381210447495271 -0.0504360223131895 0.0230075531764604 0.0896176341493567
0.0290408850678147 -0.0370737641612873 -0.0836276518574732 0.0888215718540331
0.0544321936649049 -0.0016859839021269 -0.199019615849909 -0.010014888996601
0.025149819929499 0.0436627596388751 -0.146164774740491 -0.193018106585283
-0.0142930579078204 0.0285545444512856 0.016463554237707 -0.28167597683371
-0.0104451420208342 -0.0148317130468356 0.126855139936956 -0.192695932968671
0.0134308922137031 -0.0453075093400479 0.0564495891990857 -0.106998275299464
-0.0610370648766924 -0.0554909108437978 -0.0712706358471683 0.0367516995494192
-0.0283693610985588 0.0202509559497616 0.0274039503306835 0.0933472910218107
0.0246391371904022 0.0181770393643531 0.113782742603501 0.0301586268431619
0.0250727249919217 -0.0241620203093152 0.103037829870534 -0.0317496105375842
-0.013008119640647 -0.0434328855915578 0.0677295049967571 -0.0558865679791136
-0.0366910118883013 -0.0394297181089914 0.0453887228215197 -0.0533380647602973
-0.0498312632358562 -0.0435028992611028 0.0509161004475082 -0.0294921893548786
-0.0439952312406637 -0.0523939375959168 0.0582315024509078 0.0069589049541475
-0.025758650130022 -0.0732738600949673 0.0167309946406276 0.0692501265247193
0.0265625077541923 -0.0656516783526437 -0.0807496345217689 0.0620003656940097
0.0732533759088656 -0.016866720839385 -0.177425639247305 -0.0404461972591251
0.0449227506038722 0.0569925689350781 -0.0987746452509265 -0.206033713760104
-0.0243757468790225 0.0462768296512201 0.0660994543827008 -0.267649367953248
-0.0312949992930979 -0.0198541405040585 0.149503842987748 -0.162894479347907
-0.00348864297417815 -0.0696541735215979 0.0562669082046051 -0.078523933712884
-0.0818079527579768 -0.0528562735558961 -0.0424214358793001 0.0563765431415178
-0.0409398312664689 0.0365859553141443 0.0578938901844779 0.0881909128509661
0.029979772177276 0.0357796552225405 0.123451513040669 0.00677576975422249
0.0416910902410704 -0.0174604917508275 0.0986030370665918 -0.0590790254507297
-0.0058783476522931 -0.0511692384107653 0.0502589852615638 -0.0806760399427655
-0.0428134210002388 -0.0467379175199657 0.0235114618252831 -0.0726064561417445
-0.0645933975412552 -0.0487158547358926 0.0293265794556962 -0.0460237132569424
-0.0617871335603653 -0.0590112680114101 0.0373593870098065 -0.012807470772931
-0.0477016945189526 -0.0855802410265712 0.00540425088931085 0.0415338600737967
0.0117714110781188 -0.0867105553172927 -0.0765921845394671 0.0323198211384238
0.0771672526697828 -0.0414071288232016 -0.154595524299973 -0.0595202150228537
0.0655068688586025 0.0493645539636261 -0.0697355424711948 -0.199426728687977
-0.0193594380399463 0.0575895724732781 0.0825533182960898 -0.245782995679578
-0.0466460753923809 -0.0152917027678731 0.14910730635646 -0.135163383461537
-0.0240523448095689 -0.0809963130298234 0.0537993690980198 -0.0417709294654221
-0.0884372113799854 -0.0471736879737259 -0.0187035555288682 0.0750428661239785
-0.0548419127209805 0.0426175595538086 0.0759263548581857 0.0983210793171166
0.0245660024515751 0.0519964707681759 0.141004444500719 0.0103750343066784
0.0529814062748114 -0.00257989603487588 0.117499454200233 -0.0694737237609938
0.00824796710210322 -0.0495779828829978 0.0554242694011298 -0.103585893080875
-0.0388188388105166 -0.0487285017548966 0.0129093936713697 -0.0951354792184272
-0.0680308917435672 -0.0487703370253641 0.00768346941145401 -0.0641822935645435
-0.0711620813370629 -0.0574497633649618 0.0100691522665666 -0.0317278097976883
-0.0656517687754206 -0.0829345194574424 -0.0132388078147038 0.0122953382888727
-0.0121000426797242 -0.0938915001798737 -0.0784791519032932 0.00313923680760517
0.0612159982326826 -0.0647336673363171 -0.144124624253054 -0.0712873235292851
0.077782839105004 0.0257201510320075 -0.06789910526846 -0.190889910843555
-0.00375934283856599 0.0610714827433067 0.0690565277351825 -0.230910461806513
-0.05626469367543 0.000430419369706749 0.137779414492166 -0.118194829153523
-0.0463375945600503 -0.0757942720000338 0.056174669367681 -0.0049330089230991
-0.0813045623991269 -0.0395604233103188 -0.00825317356796659 0.0927531773247858
-0.0644776215639119 0.0359543994592229 0.0723918708812938 0.125192234934179
0.00808133373057327 0.060574254198462 0.157826050154595 0.0509697280860446
0.0523908199233884 0.0154362524964894 0.156970616439949 -0.0506821860649634
0.0214310851424715 -0.0376267644878278 0.0869892116429015 -0.116892606941848
-0.0280542288787613 -0.0437037753699057 0.0182408565081221 -0.117713215165689
-0.0613550608592178 -0.0425139076354121 -0.0101927734500586 -0.0822447209434587
-0.069008029950109 -0.0470477290740816 -0.0194374868347787 -0.0466615703121468
-0.0713001561728945 -0.0670020502410662 -0.0371165980550712 -0.00939051924820157
-0.0323965552497732 -0.0813788471052438 -0.0897815958654558 -0.017207251105766
0.0327569258580342 -0.0715721755375623 -0.147407280687975 -0.0745168614249492
0.0722558333151626 0.000784076302060797 -0.0884204503306089 -0.177630144983718
0.0119801013131166 0.0551218348969918 0.0337896998535197 -0.220837123568566
-0.0554125212790984 0.0204950540135465 0.121890708106113 -0.111580535659564
-0.0620342474407188 -0.0533769447149532 0.0681970395461449 0.0239613395896427
-0.0654678488251342 -0.0257633617720768 -0.0108003661723512 0.107989804464975
-0.0630536036851366 0.0233658740782529 0.0427041103765972 0.161136721738716
-0.0111363299380805 0.0550928592394372 0.157076307520893 0.123776075154738
0.0345632464430144 0.0262205113537184 0.200961847222934 0.00361221819679043
0.0217154116190392 -0.0185305173223311 0.138168536371294 -0.111328719785851
-0.0186683634831885 -0.0292380522510816 0.0378427535403978 -0.135337075830074
-0.0472534391954056 -0.0280318112123513 -0.0207507764243623 -0.0996699230689144
-0.0563921285673468 -0.0292573541629102 -0.0464457454478359 -0.0558377890111861
-0.06066367519581 -0.0407666031996841 -0.0616959163346914 -0.0196323213547761
-0.0382913192309567 -0.0529654472069969 -0.10324993344336 -0.0220434862090844
0.0077995139542422 -0.0552702341679104 -0.155064886272747 -0.0613970206965286
0.0506060404307009 -0.0091652517531971 -0.118356552489435 -0.151255314343094
0.0173903245123059 0.0436873463569561 -0.0135175223285409 -0.201855188614475
-0.043803083137244 0.0332054200961491 0.0993219679882332 -0.113143837473858
-0.061455044180182 -0.0225747633922775 0.0850301356354312 0.0378047594660943
0.0500707486711748 -0.0213621291230963 -0.124877580305008 -0.0354704500457462
0.0230346179892073 -0.0416239731755127 -0.102345425861957 0.11511778966499
-0.022115122481585 -0.0245727767610139 0.0578871056181935 0.180580130653006
-0.0331975109191229 0.0122270264340728 0.14894360471629 0.112929235991627
0.00334606687179388 0.0411218612072761 0.155417363751707 0.0257498480335492
0.0338562113926932 0.0246432841407487 0.106981793986241 -0.00432077822336593
0.0416895145972505 0.0082414503546127 0.0727287026806074 0.00785471229262789
0.0373389181174553 0.00423695039661065 0.05915519310752 0.0417453066487095
0.0357041079456829 0.00360919023560833 0.0263194549665739 0.0965070592378696
0.0219082656103985 0.018393698259253 -0.0545973596701369 0.114972723816099
0.00222817044133154 0.0175754270960516 -0.170568851299694 0.0754932697758107
-0.0145141779945703 -0.00707901155330801 -0.205615686168818 -0.0730106470517794
0.0130520876844286 -0.0229720827040854 -0.119273068995512 -0.20007451313411
0.036883536398531 -0.00435661557068763 0.015469018683189 -0.195025382257105
0.0452406920424988 0.0115233938367337 0.0335368859721151 -0.123169515232606
0.0117641546567983 -0.0442444346883418 -0.11919071587306 -0.0112927760589372
0.00177269499250695 -0.0268334895555721 -0.0580594036432304 0.115007131102935
-0.0056033317198909 -0.0119266656687745 0.089945140014544 0.127416729209402
-0.00993145655430416 -0.0049999495804752 0.142719597175826 0.0583851836798582
-0.00134037438458184 0.00342169932268459 0.132966065658053 -0.00267321116353156
0.00778586997629355 -0.00544970560116288 0.0950289544999454 -0.0180280472657743
0.00845184314480817 -0.0153618013485147 0.0763098827767158 -0.000483532849861637
0.0094713840690322 -0.018332520796784 0.0698658277150976 0.036648423405206
0.0165737142078206 -0.0228521849840129 0.026802576248024 0.0980882600371171
0.0256236521507275 -0.00772817088533169 -0.0743851887292424 0.106772637341467
0.027549980078626 0.0078032389350828 -0.198901111322457 0.0331687079832863
0.00763043734650188 0.0178096563327309 -0.1902380559886 -0.146103433273203
0.00234357123081099 0.00476935537720506 -0.0552826064389962 -0.261020406427289
0.0129873079763893 -0.00597104656744124 0.0776556298887002 -0.206510712810134
0.0282865138136907 -0.0162229886297125 0.0468342729139453 -0.122652369753448
-0.0277822138633476 -0.0539686252490893 -0.100715455355579 0.014499738795729
-0.013918976380471 -0.00395407868146393 -0.0127902305436259 0.104926585116641
0.0115690549909 0.000846017333567282 0.104691085049504 0.073325792481035
0.00739232588441525 -0.020298652428369 0.121940474810972 0.00866930070285821
-0.0114585721691009 -0.0252086001345349 0.0996540925252649 -0.030433794009404
-0.0190985884259126 -0.0256271712421647 0.072068328733865 -0.0356696352186167
-0.0244554210701083 -0.0315177384550937 0.0678574419902643 -0.0147603683193747
-0.0190400333377284 -0.0378826612542533 0.0691440263352794 0.0235727690836502
-0.00369250515004259 -0.0504549823909655 0.0229905056346651 0.0897139117210766
0.0291713040565831 -0.036771928507688 -0.0828467837446826 0.0888762941923725
0.0541782757732464 -0.00160432141980274 -0.19952825830939 -0.00897401178239535
0.0260841839169808 0.0438950458699232 -0.147203761653358 -0.192698806001932
-0.014340601741531 0.0293560220002689 0.0147778789812755 -0.282140911848116
-0.0104221017163754 -0.0149085198047555 0.125908676461939 -0.19290543554166
0.013024403082056 -0.0456583589919353 0.0558282323071147 -0.10687559805678
-0.0608106035122553 -0.054981722182463 -0.0708938445034373 0.0369876421973441
-0.0279384721319102 0.0196831628557125 0.0276997648823647 0.0928165227674225
0.02475269034957 0.0174368769652121 0.113969717965969 0.0295521648274647
0.0248307237441131 -0.0238359365535203 0.103007110648128 -0.0328633697109735
-0.0132232564278701 -0.0436475499283265 0.0671019271633469 -0.056324470512062
-0.0367162176911271 -0.0390703302923426 0.0449926603053457 -0.0535290375784734
-0.0503057561122657 -0.0428238054193234 0.0504836794867821 -0.0297837372139211
-0.0441045085389778 -0.0519343917674688 0.0580705837644846 0.00634801275767325
-0.0257652373449784 -0.0733014454150385 0.0170828516139033 0.0691075183371192
0.0260733848549284 -0.0653025173230083 -0.0807084654974728 0.062454439403082
0.0736521343823477 -0.017554951993946 -0.178122030352141 -0.0394562768538221
0.0454613537367923 0.0573998928410203 -0.0995817534145519 -0.205261891143007
-0.0244335137878078 0.0466714939338432 0.0650049047525666 -0.26873116462293
-0.0312483756874532 -0.0198626240349095 0.149280952179471 -0.164102300618014
-0.00417677453771966 -0.0698922678943437 0.0561057852235706 -0.0779605809199534
-0.0817993875513472 -0.0521512944559359 -0.0421886049360857 0.0560276452565136
-0.0409668986850656 0.0363905237679689 0.0586405457363355 0.0877608518559071
0.0302980957980725 0.0352940699235766 0.123802695368682 0.00596556105492669
0.041438618391388 -0.0176472759396802 0.0985274541018849 -0.0596342068764487
-0.00611078406546493 -0.0514032615459175 0.049615717727518 -0.0810621658729766
-0.0429133594052889 -0.046411906431779 0.0229645343939177 -0.0733124442435348
-0.0646203628216121 -0.0480965932247533 0.0283812729579569 -0.046351199447959
-0.0622740077883351 -0.0588721789706156 0.0370213641751787 -0.0134774075145494
-0.0485086570268079 -0.0850524703840901 0.00573047284505407 0.0411554086681001
0.0116385057926477 -0.0865951886586041 -0.0762905722664385 0.0323780589158026
0.0767466001104515 -0.0416324752143128 -0.155279220487224 -0.0587203385807216
0.0654041514747124 0.0496801345152446 -0.0707270655584913 -0.199622001730004
-0.0190663930211844 0.057656464301904 0.0809525888121028 -0.246305873633765
-0.0469200645433606 -0.0151620126307938 0.147990254964585 -0.136341871528144
-0.0244406591368425 -0.0809837109219516 0.0542689286288855 -0.0423398744871401
-0.088031005105852 -0.0469719871243185 -0.0188646404023491 0.0750508949932853
-0.0540319755540586 0.0429891803302109 0.0763959041725225 0.0973232602790447
0.0247853511094975 0.0513249030632484 0.141538881930718 0.00978578192867911
0.0531219937623303 -0.00281793923535049 0.11742340114276 -0.0702079308554872
0.00849554451695721 -0.049492045334066 0.0546612523632251 -0.10381053242351
-0.0387030722960945 -0.0486579998220307 0.0118046839584645 -0.0955644617078676
-0.0682576049977989 -0.0485041412373378 0.00677939796087763 -0.0643596593095947
-0.0714870697167121 -0.0566646303338574 0.00957899077634356 -0.0320655876347513
-0.0660466759599629 -0.0827056208660867 -0.0126912975352587 0.0121642057501327
-0.0125766380836937 -0.0934535068995942 -0.078427886021752 0.00348554522806353
0.0610454682874337 -0.0648348097050955 -0.144310539790898 -0.0701263724897331
0.0782169858700003 0.0256017572172913 -0.0689645127812449 -0.189944578291847
-0.00358697541911735 0.061067703565667 0.0677210410771593 -0.231659504471404
-0.0561254714110548 0.00114246969504056 0.137299907518649 -0.119128072940385
-0.0466101131272661 -0.0750588266771855 0.056962265747727 -0.0057455390611575
-0.081001522530606 -0.039248694586999 -0.00794965200394542 0.0927222399092225
-0.0640751777701629 0.0362028043403876 0.0732094826478259 0.124307204388765
0.00840747067590237 0.0606331807960949 0.158120534648013 0.049399389210438
0.0522236097053868 0.0152349520027797 0.156659423595641 -0.0515397665150979
0.0209769904485899 -0.037701186611618 0.0867652965340773 -0.117053673572825
-0.0286913455031241 -0.043395880586092 0.0173837074029733 -0.11779207861991
-0.0614155406026564 -0.041754809502424 -0.010741961976788 -0.0827057845097304
-0.0693805362594437 -0.0466313064298028 -0.0193944273793416 -0.047142186436266
-0.0715183513076783 -0.0662919550267302 -0.0368123137117577 -0.00958977253991738
-0.0330507274254354 -0.0810791936864966 -0.0897734432097787 -0.0167378043940791
0.032170080360952 -0.0713659012394778 -0.14822022823948 -0.0730665859857191
0.0717006042070077 0.000273678578158293 -0.0906292221572919 -0.176932303644508
0.0117618041245612 0.0548887508745799 0.0320850818102073 -0.221341667530519
-0.0545531941269606 0.0208091545993097 0.12102679552923 -0.112824081196121
-0.0622263924339929 -0.0528345307545755 0.06896580342451 0.0229716471063043
-0.065076452256267 -0.0255302174115736 -0.0109260277649134 0.107307857990329
-0.0624604413003799 0.0236430967682303 0.0433607793185813 0.160537912165552
-0.0108385740674263 0.0544791387299993 0.157855894073995 0.123288754742951
0.0344764006097201 0.0259099697030564 0.201677660656262 0.00265803504131711
0.0213085044173627 -0.0187823491254067 0.13825227519152 -0.112099317203986
-0.0191253448645196 -0.0284096802660247 0.036943473310076 -0.136217798945032
-0.0475975100973816 -0.0274201817549767 -0.0214668093308936 -0.0994773603408517
-0.0561750192038086 -0.0284931732264763 -0.0464148355903114 -0.0555491556414134
-0.0609893654556579 -0.0404106282584816 -0.0613460493104503 -0.0195414559415267
-0.0387677603708821 -0.0523200116548729 -0.103620053799539 -0.021209750657688
0.00701552561923689 -0.0551151381317957 -0.156119111220149 -0.0599063059517918
0.0507741784884403 -0.00968048631049137 -0.119922196287818 -0.150723520058539
0.0175210495337518 0.0433645016901979 -0.0161855879438972 -0.202679739268459
-0.0430348045202353 0.0337497214887686 0.0992403792116429 -0.113828801085241
-0.0610140690224975 -0.0223506900301277 0.0850964247182952 0.0365913616680778
0.0495324254896203 -0.0217248179100917 -0.125331384799105 -0.0344305169628393
0.0226793295779255 -0.0415016795338574 -0.10118376151883 0.116111870888119
-0.0221592961452412 -0.0244819145641048 0.0594332671187806 0.180218975169783
-0.032688412329505 0.0119654204832929 0.15040591293768 0.111753120074445
0.00389584652134668 0.0412023415391084 0.155955287795481 0.0243050400080719
0.0340738978619548 0.0243019905732242 0.107153377636278 -0.0045959716609258
0.0418228910011213 0.00775307885278308 0.0725705122675964 0.0076418319541694
0.0373121468577243 0.00369756371912831 0.0591265405021223 0.041945067847689
0.0359385015314462 0.00327112105452372 0.0266847097119585 0.0964168037000285
0.0224337304226986 0.0182844682161516 -0.0545903524911638 0.115259908518953
0.00231697113848593 0.0175141460209383 -0.170434244228395 0.0761161272252669
-0.0142979700124158 -0.00707452293232019 -0.206188615231104 -0.0723126634015839
0.0128269187606315 -0.0229522721856794 -0.120161104558883 -0.199945668851236
0.0369653551719925 -0.00459226309901275 0.0151787487159734 -0.195696105737378
0.0450997076061761 0.0110410447094728 0.0338016097447094 -0.123129431922531
0.0115168557480105 -0.0436563065617424 -0.119288668488225 -0.0100570004339243
0.00189431999182997 -0.0268746461419286 -0.0570377658476626 0.115111761647136
-0.00555194402646359 -0.0118687658996212 0.0908226114962857 0.127412204553493
-0.0101235138532921 -0.00522418385260058 0.143745205429803 0.0573626859305279
-0.00116291803765416 0.00362195927154919 0.133037281899829 -0.00399486768190789
0.00785242410045508 -0.005238366042204 0.0954006092842757 -0.0186646875170521
0.00881411643860506 -0.0157622657819133 0.0758338051887053 -0.000987280171173868
0.00984060637247546 -0.0185949601648444 0.0695926699076772 0.035597403814335
0.0168946182877612 -0.0231798810427353 0.026218517291927 0.0980105266197447
0.0254846508443143 -0.00841027098766985 -0.0744738669644116 0.107112603032441
0.027664266204574 0.00779145119328031 -0.198760477070984 0.0339961371875409
0.00740475012657517 0.0182767260016713 -0.190811973863265 -0.146018277705756
0.0022822910227991 0.0052343674213323 -0.0561379392320229 -0.26145972022071
0.0133695829854993 -0.00622097549413305 0.077707780184942 -0.206861133335557
0.0273366484237957 -0.0163316394160779 0.0472603724482704 -0.122404152856516
-0.0278371205749608 -0.053594682139548 -0.100190470923618 0.0153126534923628
-0.0138915186146588 -0.00390309063607362 -0.0117189919287 0.105121343686491
0.0117004923696328 0.000563698019239847 0.105949165488764 0.0726437482776732
0.00736471353863648 -0.0203814942736083 0.122179821744136 0.00775102200446119
-0.0109733866723267 -0.025218030753569 0.0997407032392841 -0.0315397461911497
-0.0192470795421367 -0.0260559717493507 0.0718208447593237 -0.0363081813170874
-0.0247028843479836 -0.0321622160428955 0.0674344560268685 -0.015302107986731
-0.0192231427202767 -0.0372571376731255 0.069239023922964 0.0233214880647707
-0.00389524522797322 -0.0505869728123968 0.0230617321987265 0.0894367259633897
0.0294128455404975 -0.0372840641127752 -0.0832722731468403 0.0893009818264659
0.0549433205346191 -0.00154857415099969 -0.199946813574318 -0.00809098555430977
0.0263539210414821 0.0438364979425598 -0.147909544168372 -0.192221071765524
-0.0144374642057571 0.0295702702756635 0.0142162417945465 -0.283064198602075
-0.00998374985229226 -0.0148761024695215 0.126440351785622 -0.193998203538651
0.0125940865285791 -0.0456135376621687 0.0568593926513109 -0.107263429163685
-0.0609153567375098 -0.0546034656930839 -0.0707649414023093 0.0372379700073448
-0.0278334411351994 0.0202451245729725 0.028629193990719 0.0927688389524315
0.0250827582982079 0.0171338721284905 0.11473296622484 0.0288496798757785
0.0250186479528285 -0.0242110744430142 0.103293837565702 -0.0333654699612405
-0.013457844991893 -0.043362012353095 0.0672389529244879 -0.0567184441219947
-0.0370483541394962 -0.0390402236657771 0.0445491996426856 -0.0534405924360049
-0.0503932003908007 -0.0430332904113071 0.0503282816619727 -0.0301860586398279
-0.0445750205301757 -0.0513545248219663 0.05800907751367 0.00556731400997079
-0.0260761052070779 -0.0728851250533783 0.0171582626243631 0.0687289516041472
0.0262866444101441 -0.0649011709256654 -0.0805508939894958 0.0621994090908211
0.073697860950825 -0.0177101675749611 -0.178289811146653 -0.0385212780876382
0.0451715451447066 0.0569560864939257 -0.100537263291139 -0.204876243924402
-0.0244183507834046 0.0467782306700439 0.0642936121484698 -0.269282491791023
-0.0311244004834508 -0.0196378520179195 0.14923707294176 -0.164485020639949
-0.0039736040308648 -0.0694474286037244 0.0567264574647002 -0.0782329949394158
-0.0813242618701256 -0.052120060519351 -0.0421819328354593 0.0567964070683915
-0.0405676513148055 0.0361569357317856 0.0583796215299628 0.0875576363925159
0.0301979598376814 0.0351234180741222 0.124200514596648 0.00508438259454238
0.0414591937502516 -0.0181532480794342 0.0983682787115065 -0.0606861502906161
-0.00589695355490534 -0.0511467637107355 0.049217932887712 -0.080994364910642
-0.0429468861294594 -0.0463380727302462 0.0224181661121719 -0.0730706276815236
-0.0650227865789973 -0.0482865750234782 0.0281591066968479 -0.0469985706063494
-0.0627794960191287 -0.0583837335439142 0.0368759891769998 -0.0139148226068514
-0.0485347187778505 -0.0848431516772143 0.00600502535522404 0.0407932219875504
0.011442863247919 -0.0865132462568154 -0.0761889752806864 0.0326315568284518
0.0765180091884342 -0.0419596700394878 -0.155751429476737 -0.0574519626000781
0.0656196622891698 0.0493025261983076 -0.0718307953992523 -0.199312689852308
-0.0192043429907155 0.05787003050216 0.0800994434277308 -0.247528524787139
-0.0469692482293615 -0.01453597437182 0.148263812648507 -0.137499520415929
-0.0246410342192142 -0.0808280042920731 0.0547240949602436 -0.0427631045453727
-0.0876598197770449 -0.0464266630664622 -0.0185596633541923 0.0746486382907367
-0.0536244483609022 0.0426726701070135 0.0765326444170865 0.0972827091585867
0.0247856420191105 0.051149770039714 0.141634004735695 0.00985117967704399
0.0532934917393751 -0.0031528273160208 0.117516150626798 -0.0711938357221077
0.00815173973510197 -0.0494622693760507 0.0541948481571535 -0.104284318096473
-0.0389740622495746 -0.0482169415778839 0.011475828131185 -0.0957153304990017
-0.0682992290706056 -0.0480048266464297 0.00645857379298459 -0.0647035694426591
-0.0718821306252972 -0.0560331385428022 0.00970273175346647 -0.0325960375546509
-0.0664989343081889 -0.082184820804809 -0.0124041632260957 0.0120481728394126
-0.0126228062212353 -0.0932505615075723 -0.0785677950784373 0.00351682336593305
0.0604984284528302 -0.0650280776332515 -0.145209774514045 -0.0691777079921282
0.0782392308044181 0.0251898585690619 -0.070465550779443 -0.189949003697093
-0.00304153177595534 0.0611783466614711 0.0664832025714026 -0.232924829760574
-0.0555106175736024 0.00175529034269576 0.137254880440211 -0.120238024026502
-0.0468667794795539 -0.0746852074900481 0.0576760142369446 -0.0061368807613033
-0.0808938826304076 -0.0390453637683298 -0.00789979293199675 0.0927843034242966
-0.0632382697861469 0.0365099434980939 0.0735166533175169 0.124163500633645
0.00833312600824673 0.0602068694961661 0.158761872437107 0.0491314017413201
0.0520725406443705 0.0151184663683208 0.157291230746315 -0.0523311084489207
0.021499298837595 -0.0373625894260366 0.0864717807332515 -0.117948634544966
-0.0284181316911242 -0.0429479019758141 0.0166944002411894 -0.118194953424543
-0.0616924873242701 -0.0411693316697271 -0.0111432744788204 -0.0831071201515884
-0.0694416286620103 -0.045596841228743 -0.019964830216276 -0.0474598821287917
-0.0719485056457779 -0.065684597314094 -0.0369807391502828 -0.00932925328110793
-0.0335395959189577 -0.0804871296798179 -0.0899424550694387 -0.0166118929789459
0.0317875720582838 -0.0718938144690949 -0.148567923316846 -0.0713600312845688
0.0715678310916685 -0.000123689926010187 -0.0913582119513049 -0.175944027660022
0.0121759944789684 0.0550463353188517 0.0308545654533948 -0.221675523867441
-0.0541965769211276 0.0214378296746984 0.120961262160703 -0.113848317476841
-0.0617522277955672 -0.0523534851826422 0.069391515094975 0.0220522692279293
-0.0648110929315389 -0.0253391086405044 -0.010803592615035 0.107449654555376
-0.0623104023437854 0.02444161077696 0.043810054708919 0.160211700950882
-0.0105928553204214 0.0544769522684777 0.158593471670209 0.122881165990846
0.0345895759700274 0.0250815263353221 0.202154521857064 0.00171991420974804
0.0216077694472188 -0.0186449332876924 0.137980381663773 -0.112748838528013
-0.0190630878380442 -0.0282911988056474 0.0366766038854189 -0.136188786621704
-0.0474953798407158 -0.0269884815584551 -0.0220885933793285 -0.100100289289433
-0.05665661249014 -0.0281372723608021 -0.0465182252474813 -0.0556064525771554
-0.0610569449099388 -0.040046335631055 -0.0613486488025656 -0.0188555804521513
-0.0388595403877614 -0.0522971634379141 -0.103476518080792 -0.0210673647446763
0.00695283327354523 -0.0550949969736277 -0.156413971270249 -0.0587457429374103
0.0504882396433378 -0.0102381237495554 -0.121247280878014 -0.149577089591871
0.0176757100312237 0.0435084849031619 -0.0165649472635374 -0.202696989737423
-0.0427234491369939 0.0340582882932396 0.0985872176848933 -0.114735336923857
-0.0611555320492994 -0.0220509240234937 0.0857869099826961 0.035819428465041
0.0493243739826699 -0.0219311648397581 -0.125530607099495 -0.0339658805513645
0.022657312191963 -0.0414568513957735 -0.100641306191213 0.117158295664868
-0.0219399933457433 -0.0240484343959611 0.0603549128198602 0.18049835236623
-0.0328391333384271 0.0123272563866415 0.151947278503873 0.110921673361786
0.0046989859807312 0.0413837105523771 0.156412942980532 0.0232327006758218
0.0343562741139006 0.023938945952932 0.107497030397812 -0.00499976963180787
0.042064115917818 0.00720793500648058 0.0727644780172877 0.00740123557998302
0.0379505404144835 0.00377760401699083 0.0591045086457468 0.0412262834892134
0.0356772481536397 0.0026443313700035 0.0267370228473516 0.096503448697278
0.0227304313392611 0.0182906072777898 -0.0544456799339056 0.115432414641834
0.00263153613161596 0.0172422985254095 -0.171012341016718 0.0770317684468266
-0.0141639899627549 -0.00666748942065213 -0.206883259839129 -0.0721328561893824
0.0131578903562717 -0.0225377956335785 -0.120821065944739 -0.200607745253415
0.0367505026438262 -0.00479841057159301 0.0151589695948964 -0.195987689696108
0.0447387945059681 0.0108231448721213 0.0338335131033188 -0.123305999046351
0.0114162399401843 -0.0437895320279048 -0.119639489861915 -0.0101402198886058
0.00159135023039702 -0.0266250009936026 -0.0563087203720612 0.115451970500798
-0.00560495377551931 -0.0122511829208215 0.0920189591566443 0.127190882676239
-0.00968779591969477 -0.00527955848732675 0.144216565118541 0.0566846252733145
-0.000934761513023641 0.00368260965534858 0.133595133292398 -0.00477079143352517
0.007804736917421 -0.00582348760191288 0.0958737663445565 -0.019363869699461
0.00904311222450457 -0.0159833774096437 0.0760643375459889 -0.00119633636676946
0.00966629471969113 -0.0187904110086689 0.0697901183081791 0.0351233831610714
0.0168044282015769 -0.0232690563836841 0.0266491931135847 0.0979460611350743
0.0261101609526578 -0.00838616450762132 -0.0744961300149663 0.107664150658617
0.0283904861925854 0.00786669876395388 -0.199833505481893 0.0343573798513874
0.00784557686983696 0.0189288996724185 -0.191306764316583 -0.146117015205918
0.00219357232403595 0.00523082675657321 -0.056726294830941 -0.261620303412487
0.0127551506739388 -0.00667240622997541 0.0774965480750107 -0.207434898427018
0.0275018601143441 -0.0169023040177405 0.0474378489143559 -0.122887445166528
-0.0278335894550808 -0.053411160197332 -0.100237914186594 0.0159597848683795
-0.0135691436560797 -0.00402191178297469 -0.0113419029461139 0.10546009252637
0.0116693195557465 0.000896570936973819 0.107059517797587 0.0718796180693747
0.00724255959203751 -0.0202725529142057 0.123420605509574 0.00690626289577587
-0.0113093167287607 -0.0253439585962247 0.100027494007115 -0.0319874737574854
-0.019168904573008 -0.026180959282108 0.0724587570292378 -0.0366166166688308
-0.024917659898514 -0.0325004311188682 0.067314034480327 -0.0152972407533645
-0.0190631481677975 -0.0378421407051657 0.0694611273109401 0.0230481390043306
-0.00398643609892101 -0.050729869384368 0.0231811576810518 0.0892894543568876
0.0297439449807442 -0.0368676448388072 -0.083351198362742 0.0898045887887475
0.054894766075257 -0.00162990296485741 -0.19959996323084 -0.00705337213186445
0.0265059649313208 0.0442862261108812 -0.149068972774242 -0.193404088595536
-0.0145838967829321 0.0296958943771123 0.0135113996292472 -0.28414790042234
-0.010424994619716 -0.0148235091630872 0.126652145600278 -0.195032812902819
0.0127432153283322 -0.045881911310718 0.0571927955030795 -0.107206411890356
-0.0606024202836758 -0.054390001061748 -0.0709185755531567 0.0373056499969933
-0.027113955649898 0.020090174535144 0.0289709726661274 0.0923272176064927
0.0249813842452239 0.0167532651218597 0.114955176292596 0.0284440871523312
0.0242653491411013 -0.0247666962270591 0.103926595548625 -0.0344386535245357
-0.0134663701073541 -0.0433010640740135 0.0672554038599396 -0.0574430651484708
-0.0372404516962408 -0.0388540743581667 0.0445629219541803 -0.0540989995480343
-0.0498762386830415 -0.0429156860913716 0.0499104071659227 -0.0310000791591108
-0.044835404767107 -0.0514947049839915 0.0580438057465927 0.00526303853216196
-0.0264772082089184 -0.0732018404012934 0.0172790788301134 0.0686546397903892
0.0264600427162238 -0.0653213882645326 -0.0806703198568264 0.0624204587781727
0.0739220076152378 -0.017703179544661 -0.178753458873837 -0.0378293140808567
0.0455049395534771 0.0573874279641639 -0.101232845121692 -0.205567751306527
-0.0241161525895426 0.0473064880644467 0.0635261632873729 -0.270457777149095
-0.0312878869524261 -0.0194400867553375 0.149642449007232 -0.165638164247131
-0.00446588538602635 -0.0695212252924214 0.0578293105702478 -0.0783426277547532
-0.0810030301509706 -0.0517796350704952 -0.0417179079553955 0.0565533952415505
-0.0404520292194308 0.0368705716419356 0.0593632184805302 0.0876085182937535
0.0304818640948508 0.0344517712591235 0.125312780497786 0.0048427930267504
0.0412591639163293 -0.0184520735200697 0.0988562941735025 -0.0613610685931204
-0.00614534085073756 -0.0513149321294678 0.0495242846030547 -0.0814974998463784
-0.043429133030853 -0.0462896646600844 0.0220954551287047 -0.0731875867119384
-0.0653365528285122 -0.0480752646535456 0.0280024665170991 -0.0476245635672392
-0.0630317084126108 -0.05830760514293 0.0367875349050975 -0.0146499338757811
-0.0491491024711673 -0.0843944444584369 0.00602468634653063 0.0407620166679099
0.0113094468764343 -0.08637464821385 -0.0763053143185983 0.0326927695550254
0.0767504256544131 -0.0423042171959811 -0.156293709675665 -0.0569559283844169
0.0657920545053198 0.0493140201045805 -0.0725259573492598 -0.199904562118276
-0.0192698478633223 0.0583798909649723 0.0790848507563124 -0.248879427824975
-0.0464280196239169 -0.0143390715379401 0.149211901455231 -0.138016418834687
-0.0251468229568666 -0.080600025103956 0.0555011098591578 -0.0425580043263646
-0.0878103511626286 -0.0461453837575591 -0.0185273967264031 0.0748164118333925
-0.0535731976328936 0.0428779196193928 0.0770872269758473 0.0970494046566244
0.0252350782840958 0.0508299672057762 0.142381936903499 0.00916418049012492
0.0529981816112535 -0.00334119111043123 0.117800507565783 -0.0721305274328869
0.00838396997119881 -0.0493850851864343 0.0543555146027941 -0.10456156922639
-0.0391335825322001 -0.0483297249074694 0.0111157084786347 -0.0959089748555093
-0.0685717807469264 -0.04763753693903 0.00607048307734655 -0.0656787652032206
-0.0724353230493353 -0.0556797565350339 0.00952351894007219 -0.0332026837403342
-0.066558346013751 -0.0819238102272037 -0.0122981513577387 0.0115283662340337
-0.0127448623301946 -0.0930696547269992 -0.0790449029637986 0.00367094344996381
0.0603905470718389 -0.0651277722695152 -0.145797021844856 -0.068454895982214
0.0784788799158768 0.0247197185650267 -0.0715370942169657 -0.190038067265149
-0.00309074343972604 0.0611423461685918 0.0656241359528991 -0.234090448245812
-0.0550338447137272 0.00206342666688946 0.137520568572096 -0.121616782455202
-0.0468074989348207 -0.0745929229506187 0.0585368670691383 -0.00701908471280234
-0.0810079935468621 -0.0385399376251496 -0.00783796272409283 0.0932192720076623
-0.0631131880800416 0.0366944579066619 0.0736269403541526 0.123724635294198
0.00816118330640033 0.0600827973550662 0.159575739008351 0.0492879618406504
0.0521983768707205 0.0148422164325746 0.158042907832952 -0.0530073085454952
0.0213068777244117 -0.0373662148418532 0.0859486668355612 -0.118340908168786
-0.0285629605032677 -0.0425964334848819 0.0163129087419582 -0.118611100372221
-0.0618742346083489 -0.0412952347785399 -0.0117514277850976 -0.0838278727468075
-0.0700837812552944 -0.0455334312426467 -0.0203204621695722 -0.0477605765767988
-0.072409133907867 -0.0649827173336916 -0.0370354208102962 -0.00987750643541075
-0.0338178776170707 -0.0801173972997906 -0.0904493488032176 -0.0162088548029175
0.03139296684757 -0.0721856635802248 -0.149705070739446 -0.0707072562678775
0.0717962258112752 -0.00097015463897699 -0.0927972804619849 -0.176019549358343
0.0127253451839034 0.0549444346896183 0.0291489785277707 -0.223086988459899
-0.0537175584547099 0.0215154547785646 0.12065959041611 -0.11505148739509
-0.0620330422416094 -0.0523320470655403 0.0703796215191301 0.0215943611130589
-0.0648946424688083 -0.0253956603656002 -0.0109716620783578 0.107314346126288
-0.061572721364829 0.0246135409808338 0.0436251996987374 0.160436810843846
-0.0107026447242884 0.0547671257396615 0.159625641477597 0.122788094087998
0.0344738251103268 0.0249986582528284 0.202806606924966 0.00126563139988207
0.0215408916043148 -0.0186424974906207 0.137843189056522 -0.113615617408162
-0.0194103804672629 -0.0283076665016231 0.0358235272863911 -0.136525369692736
-0.0478070210148133 -0.0262939112209002 -0.0225094549949078 -0.1004702160233
-0.0571731235755558 -0.0276185694683216 -0.0467084646902944 -0.055932192083263
-0.0614793313804089 -0.0389700383025963 -0.0612503478164116 -0.0192976682096679
-0.0390838426284711 -0.0520561421874305 -0.103982663908751 -0.0208445562959977
0.00655179164955547 -0.0555564778514648 -0.157326175711978 -0.0582210655316215
0.0504623316768412 -0.0103132723857833 -0.122162861294056 -0.148854514366176
0.0178158670100044 0.0434163047316071 -0.0173644115234939 -0.203482216040773
-0.0421395969646252 0.0339790656001557 0.0977677930827183 -0.115866107940854
-0.060996754971182 -0.021772304351474 0.0864260001558541 0.034706967484918
0.0492236413513147 -0.0220910804783132 -0.125610325423411 -0.0336582338634757
0.0227066930998356 -0.0414348613928942 -0.100968044564359 0.117621355333033
-0.0224043979847821 -0.0239383417436023 0.0613935113461588 0.181364961066944
-0.0331438703303117 0.0127405144410426 0.153740058344226 0.111146841156628
0.00497694953318624 0.041432557019451 0.157034733400538 0.0224696231518465
0.0344653312658702 0.0238385541621466 0.107636899719898 -0.00592288573919057
0.0425811827909572 0.00705324817798303 0.0728388604430191 0.00711303040522409
0.0378189790851798 0.0032846154760041 0.0589391763186063 0.0411380511475883
0.0361428611647837 0.00290125405220163 0.027114440064961 0.0966057708313605
0.022943302831682 0.0183145946002983 -0.0544131867813582 0.115804028497973
0.00321042948923828 0.0175944088569428 -0.171745936558058 0.0774179711826882
-0.0143608616186076 -0.00600894027033718 -0.208298182520069 -0.0720113344025171
0.0126535705345385 -0.0226002836894227 -0.122264497437411 -0.200989348315747
0.0366730311831515 -0.00474528291000548 0.0151920133507997 -0.197001714453675
0.0445554181086345 0.0104710476593876 0.0344287373239154 -0.124010678218779
0.011072465232511 -0.0438172790129776 -0.119543851307752 -0.00967492319453766
0.00217459945890567 -0.0266611442243172 -0.0561569401248971 0.116028208507588
-0.00556202568687765 -0.0122071475402979 0.0929152520218812 0.127598572100791
-0.0100617319018165 -0.00514908910211886 0.145558094201553 0.0560998215730024
-0.000775192892724512 0.00332502694639138 0.134566589596295 -0.00557800741369002
0.0074806814221618 -0.00591803625428375 0.095920225069518 -0.0188466387080582
0.0087149378825222 -0.0159355749127601 0.0760762241738467 -0.00159145068476215
0.00990751564890107 -0.0189664439955179 0.069980805599075 0.0352601079216815
0.0170682309315368 -0.0235114864158606 0.0266951592084455 0.0982666265801862
0.0260726686675162 -0.00839398544997935 -0.075077899983574 0.107623883591284
0.0284215711216178 0.00777415455253606 -0.200767191853684 0.0350593284052852
0.00790349517051208 0.0191738865896913 -0.192552487961098 -0.146400171195654
0.00230412511391713 0.00517742061710787 -0.0575776428354433 -0.263106983791478
0.0131719709041979 -0.00624067318446912 0.0778552609270594 -0.209213356942578
0.027219351415769 -0.0166355826655037 0.0481604076366875 -0.123304905918897
-0.0281083797368426 -0.0539385219362161 -0.100321809317041 0.0156560715173299
-0.0136295985784403 -0.0039880406761485 -0.0112447411831734 0.10573806796757
0.0115839731014187 -6.17687202172541E-05 0.10760314854721 0.0725113868340306
0.00797348224991663 -0.0205817642402997 0.124266261521349 0.00616206482929639
-0.011053900161848 -0.0255052278401597 0.100185266335315 -0.0329003237118014
-0.019799762562494 -0.0262007292376724 0.0722288143507784 -0.0366612113276273
-0.0247311354786974 -0.0321498057152644 0.0671810944172498 -0.0163005573969501
-0.0194979453408104 -0.0378546612489933 0.0692366550931148 0.0226744591653205
-0.00426822409370336 -0.0507359986950322 0.0236831728991103 0.0888761567342691
0.02993380563796 -0.0374602675236765 -0.0831994116966491 0.0893844876876521
0.0555771599114509 -0.00125183509427171 -0.20065246246233 -0.00665244574260285
0.0268118176005846 0.0449365948329111 -0.149818650664056 -0.193171721234417
-0.0147243459011564 0.030311003015201 0.012591298287242 -0.285473352392584
-0.0104425172641464 -0.0146617196210392 0.12666507235129 -0.195730773248608
0.0125406273279362 -0.0464010930041645 0.0576873719179466 -0.107427619110916
-0.0612433338224529 -0.0544655810555397 -0.0704507271064632 0.0375953697506016
-0.027363340352897 0.0199847480820296 0.0295101742575153 0.0926165990722457
0.0255734359041028 0.016170433811456 0.115425756999986 0.0277748652856311
0.0249578711540532 -0.0248406870280147 0.104249714434959 -0.0351765505746491
-0.0133654552908848 -0.0434006592998201 0.0672115959907171 -0.0573630512344317
-0.0374785511374289 -0.0390571175238563 0.044616745483757 -0.0549182461576227
-0.0508476520248525 -0.0428207468565933 0.0495012623418246 -0.0314222758579987
-0.0448819919990837 -0.0516749354970399 0.058052134734142 0.00455828403362574
-0.0264704986759826 -0.0732683326740032 0.0175879165827815 0.0681451029949876
0.0264898256565213 -0.0652584363890593 -0.0808054121807574 0.0628526689671825
0.074629501695933 -0.0178223269352453 -0.179801019765472 -0.0375606359721189
0.0459466590377555 0.0577730337902905 -0.101888700300953 -0.206331368426129
-0.0244975032579582 0.0477421004211037 0.0628659302432869 -0.27209631231684
-0.0311932383889263 -0.0196692697187965 0.150689399489988 -0.166437122072028
-0.00463528104760092 -0.0696421923248572 0.0583286527835895 -0.0785213230571874
-0.0815823822391862 -0.0515112791734102 -0.041427594844519 0.0571229831701551
-0.0399021116801052 0.037011066203678 0.0597162010198678 0.0871112766797929
0.030646664752604 0.0342011783335049 0.12561264763374 0.00461362754630461
0.0413388865377568 -0.0185774147934953 0.0994931052473709 -0.0620976529486588
-0.00601158201978598 -0.051744375263094 0.0490280215031498 -0.0823947141762094
-0.0440134416390046 -0.0464101044497993 0.0220185071910329 -0.0737789077285279
-0.0653796124702386 -0.0480647024676381 0.0274616820122029 -0.0481293692197395
-0.0631201489927462 -0.0578043115384149 0.0369611182620085 -0.0151222179923711
-0.0492054110916521 -0.08456485920977 0.00600147827435472 0.0405242592641482
0.011341258578989 -0.086076377096697 -0.0764882178026866 0.0328871826868537
0.0772459674693653 -0.0425743268583406 -0.15755546997565 -0.0563344806872621
0.0664379200663176 0.0494727354917981 -0.0734406782739495 -0.200755695472498
-0.0190408345179806 0.0584821320410772 0.0791840726633095 -0.250131391566865
-0.0463940294977195 -0.0142290762298863 0.14953014630427 -0.139367718674848
-0.0249435199608984 -0.0805099797032299 0.0562268406089204 -0.0436098772713157
-0.0878080595818157 -0.0458600723812617 -0.0182769686405137 0.075279638508405
-0.0530580701947833 0.0432081110373729 0.0774010245492543 0.0967832092692017
0.0250243891594995 0.050905466600735 0.14383205712566 0.00828094592302219
0.053486881474589 -0.00370569954615853 0.118411809135842 -0.0731807216969101
0.0082942138849821 -0.0494840892030673 0.0542257045066841 -0.105201671898082
-0.0394144959798366 -0.0480870881827385 0.0109291007731933 -0.0963916179076083
-0.0692837118398765 -0.0474025927382406 0.00552501048552889 -0.0662034825266551
-0.0729118457434435 -0.0557159409655413 0.0092142582116131 -0.0337965104843522
-0.067439301079334 -0.0815497136996784 -0.0123480293696641 0.011748767889536
-0.0133491358239584 -0.0931703231154586 -0.0792984145709354 0.00395006451470619
0.0605075546752036 -0.0656200211090049 -0.147153795811512 -0.0678389161070498
0.0784631726595724 0.0250293345193357 -0.071975810285978 -0.191066701146883
-0.00282761546118506 0.0615335850705004 0.064860609772693 -0.235865076085083
-0.0546538730402494 0.00196730182195512 0.138050328877068 -0.122586840952054
-0.0469001682523592 -0.0745463534527725 0.0591813610607219 -0.00683909398907348
-0.0810461830391153 -0.0387352663051486 -0.00800262213787485 0.0931575465000611
-0.0626082837476077 0.0374723634765707 0.0739579946330105 0.123641970053706
0.00864132959763885 0.0598219030318811 0.160535458678876 0.0492434126324314
0.0521059946471008 0.0146142536680509 0.158749044009557 -0.053753903727355
0.0216346555709889 -0.0376751223188921 0.0857312100583554 -0.119013744151286
-0.0286850943215201 -0.0428750862586097 0.0161494590035201 -0.11888557421008
-0.0624329764734218 -0.0406192792906197 -0.0120516075541783 -0.0842833005030071
-0.0706969726392247 -0.0450464346457316 -0.0206050650702433 -0.0478663677364453
-0.0728688538391224 -0.0649543258073036 -0.0369953348115213 -0.00991073609630086
-0.0341500982806933 -0.0803470362490256 -0.0906460966970357 -0.0159235263082121
0.0313475219579054 -0.0722316636894655 -0.150675820800526 -0.0698292140199744
0.0724916671942707 -0.00123192375246908 -0.093541046453743 -0.176933612145855
0.0125631224484304 0.055057612084009 0.0288516954180374 -0.22467977142489
-0.0531228633249457 0.0219884469883235 0.120883831169001 -0.11638688928559
-0.0616030908948156 -0.0524450359342181 0.0708291853787252 0.0208351866069799
-0.0646823772325718 -0.0251566500547476 -0.0108808787428634 0.107305056521617
-0.0610974654951145 0.0251329664328213 0.0439850460929492 0.1604130482899
-0.0103975840459992 0.0548470358208546 0.160156430902499 0.123348556175803
0.0344250673155136 0.0248138136942323 0.204246242599043 0.000633991125814555
0.0216570353022181 -0.0187128431163032 0.138406112884386 -0.113756454605487
-0.0193323242561264 -0.0281247631789822 0.0357632126954202 -0.136878014395969
-0.0481632221606389 -0.0255189224522363 -0.0222889454178942 -0.101065930650532
-0.0575189944287652 -0.0272541079290166 -0.0470776923323413 -0.0562613370546517
-0.0624279508720553 -0.038945361543506 -0.0614912542401712 -0.0192779321638706
-0.0398542791336115 -0.0516768789769423 -0.104169425698023 -0.0206433038668938
0.00592550143451387 -0.0554924378828257 -0.158319029654885 -0.0571155890834821
0.0502654617594999 -0.0110068982836827 -0.123800093423302 -0.148904545849125
0.0178666467430132 0.0434456594072877 -0.0192328827190028 -0.204279643927902
-0.0417088914605943 0.0341990681347923 0.0975516068186349 -0.11706372490139
-0.060912222913828 -0.0217095945448067 0.0868128197112049 0.034595246817647
0.049121668169213 -0.022284759437902 -0.126706772595452 -0.0334868484169933
0.0224347737268889 -0.0419093507203696 -0.101113674750648 0.118461330231263
-0.022706827918691 -0.0240876414619732 0.0632481671988878 0.182373395075088
-0.032950999308735 0.0133180584358189 0.155183332088504 0.111227767555674
0.00588045013055806 0.0416675050214087 0.158395940899801 0.0213545220513529
0.0346986111297078 0.0236269667445151 0.108823746468233 -0.00636733405104894
0.0430880008668731 0.00648306341697125 0.0728300125255157 0.00693448326915184
0.038291984930555 0.00311639463097238 0.0591560102902253 0.0414780706188283
0.0364207390336722 0.00281417295099946 0.0264384796116379 0.0968422941900597
0.0234185070634966 0.018110623073125 -0.0551032703181608 0.116206778269513
0.00305452611255297 0.0173050245648069 -0.172901917958064 0.078051951501349
-0.014107751830209 -0.00586191070400691 -0.209615063731062 -0.0725936315336867
0.0126065742389074 -0.0224736436536358 -0.12293940965752 -0.202613093182411
0.0367506047131921 -0.00522618932956048 0.0154918423110741 -0.198366971881345
0.0443435571905908 0.0103453975358942 0.0350283232123569 -0.124158013245159
0.0110199225590288 -0.0439651439454781 -0.120191419375355 -0.00945528990939727
0.0018601840486491 -0.0273251957337254 -0.0560330617695281 0.116860411299899
-0.00547674074864313 -0.0122569876858942 0.0942508171686565 0.128267445796977
-0.0101577539997263 -0.00505852629224803 0.147623539256894 0.0559655364050217
-0.000100534418518422 0.00337865703291786 0.135938663917746 -0.00614245966862753
0.00806427709017109 -0.00611271684662477 0.0968059354467049 -0.019525540045925
0.00934020142599597 -0.0165342175478945 0.0759326018215549 -0.00185994023900283
0.0102373788011374 -0.0192210962341044 0.0697741343274886 0.0352537353295251
0.0170379234161056 -0.023770615654011 0.0267659211519761 0.0988645618771624
0.0269677342754758 -0.00865658928663342 -0.0755894241611803 0.108021424235617
0.0290504279083446 0.00781825396631466 -0.201821183175929 0.0349916000831896
0.00808258974966449 0.0195789912659771 -0.19379444470808 -0.147758236770647
0.0018453922816402 0.0059695656258678 -0.0576871383865801 -0.265083870517035
0.0130074778209269 -0.00719827019651507 0.0783318941475933 -0.209715168451849
0.0270537188170689 -0.0169039066147797 0.0490075629778058 -0.123288072082599
-0.0284832957707176 -0.0538793080686861 -0.10055238073332 0.0163300720050719
-0.0136101085275043 -0.00378403477294381 -0.0110111352240779 0.10552095286423
0.01173227044978 0.000200562110541449 0.10899388822544 0.0723200853160725
0.00723113466364785 -0.0209051009381707 0.125386566687161 0.00551389940880142
-0.010589053919764 -0.0252253015488356 0.101246846163454 -0.0339171053271174
-0.019914205397525 -0.0262360934760736 0.0727610459126559 -0.0373802965126384
-0.02455267067175 -0.0328334916242417 0.067386479785697 -0.0163898288902861
-0.0193916805716253 -0.0378823537479794 0.069334564986876 0.0218860800003553
-0.0039092970998747 -0.0508906278454158 0.0240842119061797 0.0892806177771375
0.0305397511608288 -0.0376258408028469 -0.0839070405342926 0.0902866327408938
0.0562320873734339 -0.00132577270381159 -0.202103674592098 -0.00643301540602514
0.0264169295880224 0.045563798662822 -0.15056814984291 -0.194989977709747
-0.0149412834993157 0.030111977017288 0.012493971702003 -0.287552785013245
-0.0106442443573056 -0.0151014011606505 0.127977386940768 -0.196820275399145
0.0123225826868185 -0.0459515253517716 0.0588649707972678 -0.10792365687628
-0.061044148077781 -0.0545446767507379 -0.0708921171014694 0.0380568179221029
-0.0270213135025716 0.0200755988005053 0.0298720147921787 0.0927723968530469
0.0259128401287588 0.0161902019890912 0.116905322386318 0.0279980742196354
0.024544437994542 -0.0251164543593794 0.104875542041509 -0.0355415003323259
-0.0134394597173281 -0.043555301335002 0.0677893154952457 -0.058336152623996
-0.0377595288654606 -0.0393091699352682 0.0447997457842547 -0.0547938010474452
-0.0510805349341955 -0.043408817259342 0.0497758049034834 -0.0315779572744631
-0.0449096137854864 -0.0517036337856092 0.0581014536093371 0.00417737829103176
-0.0263984478528458 -0.0739315854615647 0.0182374163295946 0.0685731187004624
0.0270839798099225 -0.0652035017825552 -0.0811282012618676 0.0629927404910426
0.0749790344437972 -0.0180825390732983 -0.181137592817578 -0.0373909575551674
0.0459934068312066 0.0585574322469553 -0.103352396868827 -0.207951265902357
-0.0249686368787229 0.0478590475964417 0.0630838105018866 -0.274238701177048
-0.0313408964314323 -0.0197041449702013 0.15175689324429 -0.167673703572435
-0.00477851310233647 -0.0699215102593153 0.0591933707259032 -0.0789479361329509
-0.0814869070968517 -0.051690384642653 -0.0416744932727822 0.0569989989015333
-0.0395554367953807 0.037032378754811 0.0600797487030047 0.0875022877115931
0.0306282977326941 0.034614736169054 0.126410697483262 0.00421383903579318
0.0414947537575595 -0.0188087620330678 0.100180534551506 -0.0633220786619961
-0.00616469819979971 -0.0518063457134187 0.0493023575468804 -0.0828442677466392
-0.0442876522781995 -0.0464468376487788 0.0218669716493776 -0.0743075681830779
-0.066096307760296 -0.0479836631248121 0.0274053459182942 -0.0482674342739206
-0.0643217654280661 -0.057645429737923 0.0372245982985611 -0.0156861130023463
-0.0496381376393012 -0.0846243566811876 0.00659536625539627 0.0408028315089673
0.0115823105823274 -0.0866177581260119 -0.0771825037534433 0.0330506187629243
0.0776995737265222 -0.0426237147627033 -0.158290018050721 -0.0561905221901669
0.066599744720357 0.0499244978706156 -0.0737599818941052 -0.202144377620906
-0.0189263976551904 0.058893197502126 0.0796682065536854 -0.25253021259896
-0.0462947200052451 -0.0141345559226002 0.151180718554609 -0.140343180278071
-0.0250513847574204 -0.0807671988309405 0.0573915573198191 -0.0435469090628666
-0.088023888706455 -0.0460362217667742 -0.019010923825119 0.0754728556296724
-0.0530104446870343 0.0433122508376106 0.0776768261217861 0.0969044636828561
0.0254483904298487 0.0507739920751686 0.144942733340565 0.00848669569474243
0.0538453197454895 -0.00406646816504738 0.119295536881013 -0.0738842308910396
0.0083199683394357 -0.0497031020840221 0.0544198383850316 -0.106199790668506
-0.0399993624957451 -0.0483398677949724 0.0104475351267571 -0.0968140170706849
-0.0695015088513571 -0.0475241443999793 0.00547441825245547 -0.0668423362698109
-0.073518296499157 -0.0556050053478802 0.00946375990990509 -0.0342420254934221
-0.0678715678073443 -0.0819062221431655 -0.0123145290034899 0.011423487765837
-0.013372717700992 -0.0932815878383169 -0.079723827339194 0.00399332387341342
0.0606945051940173 -0.0661864331923735 -0.147871249460891 -0.0678172293746204
0.0788681055870459 0.0245646967974006 -0.0727839759848274 -0.191525336483717
-0.00296444616155643 0.0617721072406239 0.0650663306111773 -0.237681628454913
-0.0547609829244936 0.00219331872844264 0.139264813021443 -0.123854276796785
-0.0471891722230253 -0.0747088457947711 0.0599820159488404 -0.00742179975045019
-0.0808099722032168 -0.0384451370964123 -0.00822169040063179 0.0928459286901646
-0.0628190078288365 0.0374191303444402 0.0744889450684188 0.12439258692029
0.00904311528772053 0.0601099490195736 0.161662383347437 0.049362811230991
0.0523562372006668 0.0141764575142687 0.159580163523168 -0.0540058568779216
0.0211479115701421 -0.0376439288494456 0.0865783191307412 -0.119553465193015
-0.0289700353648837 -0.0429991417337418 0.0155004516448236 -0.119751585086469
-0.0626261013498582 -0.0408528365948035 -0.012421750542943 -0.0847733062236616
-0.0713573772487819 -0.0449065453691363 -0.0202056752913161 -0.0485827446463938
-0.0740300727595716 -0.0648619854953848 -0.0367772817320759 -0.0105425031732347
-0.0344165358489152 -0.0803072723419579 -0.091476799360794 -0.0165639913234696
0.0313450012397811 -0.0725551326860933 -0.151728314006494 -0.069948106496794
0.0722289340678053 -0.0013968300910111 -0.0952585230386589 -0.17725821274589
0.0126938504481091 0.0553954806477876 0.0283071591336952 -0.226182365956369
-0.0528423931142724 0.022034793615612 0.121784092681936 -0.11723750571482
-0.0614464181235881 -0.0523293100826623 0.07159465335826 0.0205067412477161
-0.0647532510259906 -0.0248970342729869 -0.0115740012894528 0.107362954687226
-0.0615284672765064 0.0255939659139998 0.0440135145032785 0.16113183553376
-0.0106670552157702 0.0549567956224805 0.161510011470437 0.123937801837093
0.034437084301395 0.0252954058999981 0.205337514209855 0.00103436652977432
0.0215668360743833 -0.0190962240465967 0.139377552660716 -0.114969979276479
-0.0193956266362908 -0.0276076405939721 0.0362470230596675 -0.137809693011115
-0.0486151708916023 -0.0260803261191664 -0.0231682458637409 -0.101722632068774
-0.0578640894757517 -0.0266678043739071 -0.0471242385662756 -0.0567461733145382
-0.0628521307736122 -0.0385100817594889 -0.0618309490387382 -0.0198849559432328
-0.0401245886647102 -0.0515935895277236 -0.105515993105377 -0.0204706827621191
0.00576901186557239 -0.0558682921438463 -0.159392498646275 -0.0565828967747601
0.0504685442506273 -0.011390743711786 -0.125440543615139 -0.149462191836628
0.0183695896376035 0.0438536314916424 -0.0199991113258713 -0.205789415054144
-0.041486655576345 0.0346151144554873 0.097964434739463 -0.117769376987996
-0.0608331899927843 -0.0215475879911011 0.0870785421299038 0.0340490181239068
0.0493838839170434 -0.022700159534786 -0.12725204003275 -0.0337335928042759
0.0225074216843295 -0.0414188807788518 -0.10139321854143 0.119995619500443
-0.0226750422192601 -0.0239820160765318 0.0640381680023301 0.183752594880964
-0.0329287056764085 0.0135904204978467 0.15684554307482 0.110983064758912
0.00596889138142012 0.0419467947275544 0.15971208756806 0.0212435499395808
0.035552612336438 0.0233499555224511 0.109649900071722 -0.00664388057905628
0.0429964763530766 0.00664913278155259 0.0736267414579344 0.00692018095097027
0.0386046758814554 0.00286029604133004 0.0593339642220859 0.0421697854576252
0.0362775290671694 0.00218467214173434 0.0265612459637699 0.097515992520064
0.0233561751412627 0.0177327684853146 -0.0557253465343357 0.11655827438442
0.00359882659221167 0.017858251638407 -0.174473994712453 0.0787483449532224
-0.0140535234785664 -0.00560247838037107 -0.211467505241786 -0.0729262914070706
0.0126501502816202 -0.0227971424896935 -0.123769171202896 -0.203801623923133
0.0371436916595997 -0.00534441930965174 0.0157590853887121 -0.200056216145478
0.0445347768454492 0.00990902753494516 0.0357698249572098 -0.124919589265948
0.0108977738486121 -0.0440656017063402 -0.120821011916054 -0.00920311088413127
0.00228533513767389 -0.0271560793277555 -0.0559301189234427 0.117660862048853
-0.00540226135132668 -0.0122072447882139 0.0954595434432334 0.128763009717215
-0.010427074728874 -0.00513815223108765 0.149453230321961 0.0553075998257009
-1.1040124255238E-05 0.00330175099337476 0.136581404645453 -0.00698913533396094
0.00798938736953465 -0.00635130149756606 0.0976119847324948 -0.0204675321335367
0.00908962759518479 -0.0165861292045239 0.0766695295290536 -0.00199883605683316
0.0101449303558937 -0.0193378380102113 0.0702456282623454 0.0354329830928753
0.0173533245249115 -0.0243808617878928 0.027096214654992 0.0992904295808741
0.0273035321175718 -0.00873538677157142 -0.0761647614005728 0.109094675201608
0.0294574357978569 0.00749221159409227 -0.204241120883371 0.0360991249115781
0.00809725874183349 0.020268198167279 -0.195780114337538 -0.148671714617576
0.00197785336638808 0.00628563550537675 -0.058547450498219 -0.267217469066702
0.013507631346859 -0.0070152659643935 0.0791947622567199 -0.211543815696776
0.0273373346501756 -0.0174381112037296 0.0498546919835756 -0.124049716902005
-0.027780983797151 -0.0541034880949442 -0.100598407963607 0.0160534431255234
-0.0138017523634856 -0.00405714039285739 -0.0104820184405317 0.106440356411822
0.0121723738534386 0.000353522240516444 0.109864469762764 0.0719184249980325
0.00703862407554559 -0.0210364348547124 0.126634785619965 0.0051293158858671
-0.0106716876610718 -0.0257400355041922 0.101658940684279 -0.0345066812651257
-0.0200430781624056 -0.0264630495432701 0.0728430881581273 -0.0380196894665775
-0.0248097971499721 -0.0333480690310966 0.0671150506453962 -0.0166870543077728
-0.0190870354998729 -0.0386390560424216 0.0699435554261247 0.0219143544564398
-0.00370425093743559 -0.0515648078572093 0.0242095843267464 0.0899159715501574
0.0308183651031303 -0.0376079999735271 -0.0844715997521996 0.0905738427144889
0.0569041363002094 -0.00160759641199216 -0.204044620355689 -0.00639194373484902
0.0271573991161914 0.0460782330040684 -0.152089272944092 -0.19672714996127
-0.0155946345490066 0.0307799671302352 0.013120894830243 -0.289968174995137
-0.0107626595254034 -0.0145052551290909 0.129072600719228 -0.198171346704941
0.0116561237943011 -0.0463721993251213 0.0593119741143526 -0.10881788467296
-0.0612749450877722 -0.0547634457828246 -0.0713489590278801 0.038267986492111
-0.0271864092374032 0.0198382520741467 0.0301826794476511 0.093347896232263
0.0256108262258255 0.0161982637100463 0.117861859177508 0.0279200180627588
0.0249953987632063 -0.0252172987386367 0.106354389922797 -0.0371126148197097
-0.0135987463825418 -0.0435919939833396 0.0683928605917833 -0.0591190825622882
-0.0385254314391955 -0.0395269640045272 0.0449942896797856 -0.0552282872208267
-0.0511618416074634 -0.0432585626515482 0.0497380866271063 -0.0321388327384931
-0.0456884034211925 -0.0518558477231088 0.058065310582146 0.00408736554307724
-0.0265431170854365 -0.0738356755333212 0.0180415720476525 0.0685070267336606
0.0274518612485974 -0.065611222669298 -0.0820287149740128 0.0630869996095753
0.076011195525174 -0.0182817476494564 -0.182659553104076 -0.0373560085120907
0.0466660145384142 0.0589040799401512 -0.103766946949505 -0.209588401234852
-0.0254032221187745 0.0483383366399488 0.0635844544007055 -0.276118230234118
-0.0314956206142592 -0.0196650635875635 0.152861848836131 -0.169123335981579
-0.00465209797787662 -0.0701900157468515 0.0603478020404846 -0.0795625409170807
-0.0810569655186849 -0.0522553874663484 -0.0423948759277806 0.057224602524088
-0.0396053036665008 0.0369755693846613 0.0604240528320189 0.0878141262791608
0.0310035054566697 0.0344922296701528 0.127944739462675 0.0035606980007346
0.0419697859975022 -0.0192466726036107 0.10088543776043 -0.064432557139184
-0.00615709613280953 -0.0519136597170498 0.0493626824863502 -0.0834337450211441
-0.0446477055072101 -0.0465135946278777 0.0218883226263339 -0.0751236477783313
-0.0662854759477639 -0.0479975822537405 0.0271468967092547 -0.0492561070015263
-0.0643917755752704 -0.0579558287446792 0.0370528453843981 -0.0156844100624479
-0.0496764345684103 -0.0852412859313642 0.00642587516868373 0.0400650168396515
0.0119790758475514 -0.086827208714452 -0.0774099290121124 0.0329512705273699
0.0784660503408223 -0.0430965240092723 -0.159832185581224 -0.0564210296834777
0.0673566880219795 0.0501424147973429 -0.0745538507752119 -0.203584105452569
-0.0191481976009125 0.0597035195698404 0.0791165884386386 -0.255204672714339
-0.0464190293513326 -0.0143411079876129 0.152489141284033 -0.141575914637071
-0.0251352741861549 -0.0811102449070214 0.0584198729705046 -0.043650139435331
-0.0877980361719727 -0.0467914725255655 -0.0192938566499496 0.0756542021699897
-0.052786213255571 0.0435991135749135 0.0781228337937383 0.0974104494102815
0.0256840192713436 0.0511844762687144 0.146125164470236 0.00864391712959647
0.0541604728701295 -0.00408652644325617 0.120415573951071 -0.0748646383254816
0.00823824706021299 -0.0500557834175284 0.0546107681206693 -0.106711802299186
-0.0403753812801995 -0.0482742305315208 0.0104641438729787 -0.0975797867351289
-0.0695998894836344 -0.0475910488118136 0.00501600222373854 -0.0676040345952985
-0.0740846022898808 -0.0555009384631886 0.00948970524535546 -0.0347155543269556
-0.0685618336980313 -0.0820042148238344 -0.012241181130601 0.0113370146874761
-0.0132000173680044 -0.0937228871018988 -0.0804194167923514 0.0040604800735521
0.0609559995302337 -0.0666265795336493 -0.149079460715614 -0.0673511242803226
0.0794215241622377 0.0251736047280641 -0.0739467743090118 -0.193419048728364
-0.00266199040494654 0.062361351533078 0.0650714757621203 -0.240417107896029
-0.0546252623690913 0.00220921183960313 0.140231340412941 -0.125371791596116
-0.0472934190719326 -0.0750928903425567 0.0610177825290809 -0.00768043591372602
-0.0810386316405752 -0.0385642439466451 -0.00824983985283152 0.0935083216215603
-0.0623027680552754 0.0375122459088235 0.0744711810696848 0.124703693120053
0.00845869441718223 0.0607170658255131 0.162921010231146 0.0499124052175473
0.0529012303172045 0.0141485411442733 0.161303161031593 -0.0552166559832409
0.0217016307910752 -0.0378067578265052 0.0872950791199526 -0.120726038835655
-0.0296327673637673 -0.0431947058613234 0.0159006690869126 -0.120361360550904
-0.0628047196382911 -0.0406321711968045 -0.012527625079733 -0.0857953897459045
-0.071875554549189 -0.0447471671960829 -0.0205848115297492 -0.0485737603041425
-0.0746698171423817 -0.0650612202000249 -0.0373188982696143 -0.0104427246181008
-0.0349452257651301 -0.0807154937101591 -0.0922690703279061 -0.0160650534445643
0.0314786589833954 -0.0730759354845832 -0.152995237269741 -0.0694267290637353
0.0727770250554513 -0.00123766858863377 -0.0960175237859293 -0.178421001603536
0.0128807576956087 0.0557355029133268 0.0274020957354525 -0.228008230215262
-0.0528374319416891 0.0222358880109075 0.122416984817931 -0.119513890128126
-0.0620959850132656 -0.0526427927499499 0.072332727673526 0.0204098778717451
-0.0648085223072076 -0.0251537231461093 -0.0121830820109842 0.108158131753126
-0.0612538232231581 0.025753318148667 0.0436591862288006 0.161554660989491
-0.0105966965240968 0.055214659440286 0.163388046831322 0.125208424238665
0.0348972294413893 0.0250474303037048 0.207300790830884 0.00043113999356655
0.0220548683445777 -0.019138633890662 0.140089431467535 -0.115678891596886
-0.0195736985258773 -0.0279025532273572 0.0363536073879141 -0.139266112165511
-0.0491244008291633 -0.0257007150663616 -0.0235035105467887 -0.102613916490992
-0.0587156208283204 -0.0264476962494216 -0.0475921927512731 -0.0572935050309292
-0.0633204366700273 -0.0388999212096411 -0.0620686335149238 -0.0201540563257641
-0.0406707402743935 -0.0521591483719169 -0.106478700725781 -0.0203684575831122
0.00557158322806046 -0.0559108300588804 -0.160867743311926 -0.0563302857771649
0.0505810728463072 -0.0114617138370463 -0.126431574611198 -0.149541763843563
0.0185778976542397 0.0437203633124912 -0.0210298029489886 -0.206983103828632
-0.0409920173474253 0.0352188439114144 0.0983044904629555 -0.119756044672181
-0.0610322858471255 -0.0216552283651795 0.0883184403648306 0.0340068966592805
0.0492141921817384 -0.0230504760020195 -0.128900705664094 -0.0330139130994469
0.0224628805737753 -0.0421693326915375 -0.101915022381302 0.121227314779436
-0.022951124181971 -0.024317704398922 0.0657224668926877 0.184965763646906
-0.0330781678676197 0.0141368282460413 0.159064523096783 0.111460533172997
0.00645872001862575 0.0424575801608526 0.161577081772649 0.0205842956141246
0.035929077536831 0.0235740033909579 0.110653271077765 -0.00667596416380559
0.0439901951963597 0.00609174426681567 0.0739160008163873 0.00694141452386003
0.0392452290248804 0.0027119315386851 0.0595467526732657 0.0420849266592642
0.0366935093170115 0.00175428510056745 0.0269341741634349 0.0983367892677397
0.0236891108387986 0.0181026314378792 -0.0563299975963253 0.117752803779103
0.00365413324255002 0.0176658930571048 -0.176443010767398 0.0797286602947455
-0.0143374957337787 -0.00529180035031718 -0.213553256985053 -0.073803841404057
0.0124253204147875 -0.0224325472025668 -0.125112946488875 -0.205980317977844
0.0372082541464088 -0.00503823561556179 0.0162720216163448 -0.201784444738594
0.0444715163525229 0.010071813467542 0.036748885013291 -0.12569362622717
0.0110785721505339 -0.0449394753989636 -0.121953127550625 -0.00910277646582794
0.00219104610525084 -0.0274037323404485 -0.0563435806317771 0.118789710322449
-0.00575583578033653 -0.0127334121374227 0.0969337121175707 0.12996134433405
-0.0105041247088141 -0.00495104287479706 0.151220656981951 0.0553573630277684
-8.13990609585306E-05 0.00389950217378469 0.138200887563786 -0.00735739455911183
0.00804511564113064 -0.0063103008384167 0.0986487653942315 -0.020600636575607
0.00937756937178182 -0.0175307784580342 0.0769180570425459 -0.00210437392605928
0.0103989194397814 -0.0201022421970427 0.0707146865310856 0.0354926274584233
0.0171948130574632 -0.0246492697817229 0.0269315336849062 0.0999846539231927
0.0278523139258571 -0.00877155436889968 -0.0765842085991155 0.109760958204107
0.0300930512241627 0.00803944955699478 -0.205264392991101 0.0362125400044187
0.00825676758960989 0.020898704986432 -0.197619280752356 -0.149413604358621
0.00141597962714278 0.00666893546614491 -0.0590657602746503 -0.269682608573724
0.0128674882241529 -0.00738382504361543 0.0806486367735011 -0.213512716145048
0.027079718754339 -0.0175984467038568 0.0507989496298782 -0.124606852351826
-0.0281602495507 -0.0545210947437098 -0.101980503053209 0.0164747094535537
-0.0133152837857941 -0.00424980706289639 -0.0104256521289762 0.107179264136437
0.0119393475842434 -0.000194733927437954 0.111282408900091 0.0726866750510816
0.00752705046065114 -0.0214020295332358 0.128263545924183 0.00413309732271116
-0.0113677281148003 -0.025541561246417 0.102927746984476 -0.0350658440613613
-0.0206248934812029 -0.0269565954730792 0.0739664562712806 -0.0382074223496133
-0.0250583323573029 -0.0336512577605825 0.06804549027213 -0.0170218962460195
-0.0195292469114514 -0.0388180147337721 0.0697318487986551 0.0214005942129531
-0.00367747047770375 -0.0516922236866404 0.0245402570984713 0.0904430542966903
0.0317051642772796 -0.0381287460693144 -0.0854955406796173 0.0911041735318412
0.0575275485736569 -0.00145043007079593 -0.206228662783076 -0.00621159205526735
0.0277782726153645 0.0471388959192711 -0.153561264357657 -0.198196390364232
-0.015458605151642 0.0312945749357527 0.0127160315010635 -0.292827175921791
-0.0108287879913482 -0.0151635486906534 0.130920343931645 -0.200762774233707
0.0117230018272352 -0.0471961233297445 0.0609567596830552 -0.109244370361226
-0.0616579094720405 -0.0553646398322522 -0.0714647493538391 0.0385358079665008
-0.027358038530047 0.0202206797469205 0.0304496335606567 0.0938823744584334
0.0258253691197197 0.0158590567769735 0.119182472328 0.0275654726973677
0.0250883954719536 -0.0259994654298449 0.107612539519198 -0.0374755455304371
-0.0139694048378673 -0.0441852678166929 0.0689308527612585 -0.0602661829741365
-0.0387527455801947 -0.0397116733302891 0.0450483823402191 -0.0560504522944618
-0.0512624908167283 -0.0436690406408588 0.0500135959409814 -0.0333963776071192
-0.0460882005882831 -0.0521428668429075 0.0587552710375715 0.0034876844563666
-0.026775936278363 -0.0744202426609466 0.0185588839403143 0.0691874788887586
0.0283906583837495 -0.0664542946768252 -0.082840764264806 0.0635937193301077
0.0765035812597526 -0.0182182996769818 -0.18435818440475 -0.0374258566504197
0.0472060459543747 0.0599998836764391 -0.104900481074992 -0.211337784304953
-0.0254180179555245 0.0492386648031449 0.0639391295082321 -0.279711470103742
-0.0313704637199286 -0.0198528805632384 0.154546610965431 -0.170873120846393
-0.00524405349806814 -0.0703781130724993 0.0617566104846486 -0.0798464233452056
-0.0815792257236419 -0.0527543274932498 -0.0428175582921132 0.0576295566021437
-0.0395042258046854 0.0372435422372859 0.061074530088332 0.0881609601493584
0.0310682251291447 0.0342953174987008 0.129289532681184 0.00377176195446912
0.0422895115096282 -0.0195162116517174 0.102121238695849 -0.0653517481207931
-0.00586831350302375 -0.0524030144118125 0.0498706065471546 -0.0842841500984329
-0.0449951610026371 -0.0464254267310304 0.0221134493299198 -0.0760636462564958
-0.0668193406111558 -0.0485317313777187 0.0270741735373535 -0.0499658273745773
-0.0650031481243014 -0.0584487723003409 0.0372107463741419 -0.0163271712966165
-0.0507371973269816 -0.0857239459213134 0.00697674055938516 0.0406843898011005
0.0120542133137267 -0.0875197942066186 -0.0786550691363085 0.0332922458067078
0.0788713030305756 -0.0434327862582746 -0.161085637237849 -0.0559409227860595
0.0675616247580341 0.0508326150729819 -0.0761371126800091 -0.205164186856055
-0.0198250840902672 0.060045599213784 0.0802094061829411 -0.257822950160231
-0.0466493171240866 -0.0143471437316907 0.154479547460389 -0.143597322124309
-0.0253009066570188 -0.0816832763792161 0.0594198446789074 -0.0441112250614106
-0.0885134479323767 -0.0467815407963224 -0.0192340758722043 0.0763783803820354
-0.0528355121506619 0.0441241250143542 0.079274567304396 0.0977569860988294
0.0262080978101046 0.051209432349712 0.147427175361409 0.00832145497383065
0.0544298929778507 -0.00408966156256014 0.121696411362828 -0.0763474548004118
0.00877921280127462 -0.0504907807472543 0.0552499607606425 -0.108082447693707
-0.0406715747293314 -0.0488253592464484 0.0101791237988162 -0.0985880283007691
-0.0703713039720219 -0.0476303160394262 0.00492337205688853 -0.0684471910253553
-0.0750019336027192 -0.0554398048682725 0.00939310482447027 -0.0355862708450986
-0.0693552000159202 -0.0823383202022674 -0.0119720084472817 0.0112418541528057
-0.0134278136245109 -0.0947321912841858 -0.0815119115479246 0.00371643807193796
0.0609394126148903 -0.0670977866382703 -0.150658564536934 -0.0670812906233289
0.080427800515782 0.0252058515010184 -0.075088158046089 -0.195293331300593
-0.00302842017404544 0.0632246653507715 0.0651576761866603 -0.243226630451313
-0.054534796066505 0.00224106085500017 0.141585023444586 -0.126869316380269
-0.0475859076621335 -0.0754546897672831 0.0621915558901938 -0.0081574189979638
-0.0811289714468413 -0.0395809952655583 -0.00920917416512262 0.0945751891330605
-0.0625589908562487 0.0381373263097481 0.0752445837773451 0.125263722333324
0.00876876527815957 0.060348603616484 0.165125784964241 0.0502052788146316
0.0533998034291738 0.0143549444294188 0.163261396638364 -0.0560517920542861
0.0222278430598884 -0.0384298898262921 0.0880594436926643 -0.122111607629971
-0.0293195517626415 -0.0433766009219932 0.0152303839622735 -0.122282369567573
-0.0637050064125786 -0.0408889948435489 -0.01346481914607 -0.0868247440883049
-0.0726944732240102 -0.0445828259380213 -0.0210905369351377 -0.0498020751249421
-0.0754154214913715 -0.0648304252777675 -0.0371340479404048 -0.01081257651794
-0.0356000773072451 -0.0812386400252581 -0.0936216557873772 -0.0163686677217446
0.031403577824063 -0.0734401664706174 -0.154789126710227 -0.0695267352987777
0.0734980902386984 -0.0017377420053099 -0.0981784038537227 -0.179550329842707
0.0133065897576468 0.0563194228969095 0.0267874045788566 -0.230875482840261
-0.0526064257507397 0.0224236098003166 0.123609184783039 -0.120855685293716
-0.0622572885034207 -0.0525143836910317 0.0734535378351692 0.0205159131922928
-0.0652241786537318 -0.0257460266468538 -0.012739797833802 0.108980589946948
-0.0612404316568613 0.0260224390945743 0.0440093679252962 0.162909143792305
-0.0105852015383437 0.0555970231737153 0.164869608881661 0.126119481483773
0.0349189719959422 0.0252483051055383 0.210377032381311 0.000100110484431052
0.0222833045889829 -0.0190568206073849 0.141587207040288 -0.116877865851194
-0.0198455796692978 -0.0277394095401355 0.0363344857555919 -0.140326747210764
-0.0496689054477226 -0.0254996319169127 -0.0243308166235344 -0.103680568482441
-0.0593834073308324 -0.0260976672256477 -0.0479553245959101 -0.0577422005380767
-0.0643326005203596 -0.0388479113734003 -0.0626658661597072 -0.0201383447525258
-0.041469085943257 -0.0523793093255638 -0.107584572304376 -0.0205821428421994
0.00560607944949148 -0.0564568342358106 -0.16261401276948 -0.0558899683798012
0.0509384424715596 -0.0118420464429379 -0.12811142710392 -0.151060178220747
0.0189745808538501 0.0442538978564663 -0.0223703170853943 -0.209890164887184
-0.0410705589535974 0.0353530649227832 0.0988381246178194 -0.121223166885461
-0.0611788124221778 -0.021794860860495 0.0889232287288979 0.0334688743949967
0.0499297316931889 -0.0233600172974884 -0.129954943295437 -0.0332724489308776
0.0229008165349175 -0.0418380435627635 -0.102712374394821 0.123168303885255
-0.0232524873253968 -0.0245315942100513 0.0667863756660637 0.18692129605657
-0.0334842736225106 0.0143975991115811 0.161979395673112 0.112324212909412
0.00739241906482513 0.0427791071074193 0.163474085600008 0.0200745844699079
0.0364571998981892 0.0234593682509391 0.111948119326853 -0.00738269736051391
0.0439365553745436 0.00619089285057222 0.0746111805803362 0.00704947973653099
0.039639985374105 0.00269807794671827 0.0602477604863401 0.0420150970494571
0.0369747590723859 0.00184423156260921 0.0270420834613629 0.0993418884214955
0.024400719446945 0.01810338143519 -0.0571954084425773 0.119024225193687
0.00399856297949373 0.0175373503133783 -0.178225003309278 0.0809020892815106
-0.0145798267027985 -0.00479886895818644 -0.216061668204775 -0.0746216767283039
0.0121478739130233 -0.0224245570880319 -0.126634268532891 -0.20843639969627
0.0374336972431714 -0.00563544474725164 0.0164553684868492 -0.203915424308552
0.0448333431680125 0.00975341317713898 0.0373342938289269 -0.126705742733011
0.0107934765845329 -0.0450398275973269 -0.122627425953846 -0.0090475083472203
0.00206693567102071 -0.0277059123634982 -0.0565575737782616 0.120574018223999
-0.00563381056882916 -0.0128976957091648 0.0982043027413098 0.130776280253517
-0.0101620824235921 -0.00479757988615309 0.153332675830446 0.0555392794617626
0.00049061170240867 0.00371484791138256 0.139590511709993 -0.00860893968001904
0.00808019286279039 -0.00691158358704825 0.0995127897935564 -0.0208885585264962
0.0097150606781921 -0.0177599391795213 0.0776042323620383 -0.00285025821597027
0.0104495007354212 -0.0198069174989276 0.0709758355954381 0.0355192594813915
0.0178309493399045 -0.0251291562841239 0.0270900250702697 0.100707303293329
0.0284504976680197 -0.00908680159466319 -0.0775185011490135 0.110506284963683
0.0308676400829152 0.00785082220641211 -0.208487158325927 0.0370485665184498
0.00865195781259429 0.0211044797529801 -0.199645753994419 -0.151577557448739
0.00131479082340263 0.00685529321798649 -0.0601705789925123 -0.272870871540636
0.013042988532071 -0.00718726498454773 0.0816425697818712 -0.216421392086265
0.0270259920191753 -0.0177471832400735 0.0516475031361211 -0.125484968317427
-0.0292155817723477 -0.0551018475442741 -0.102766613522177 0.0168148065017523
-0.0136190048393624 -0.00404683009852003 -0.0101390165980476 0.108306156604003
0.012261371346491 -0.000738416084213303 0.113190057937762 0.073243104518328
0.00728026085638975 -0.0214316335056839 0.12978006662222 0.00269861301600334
-0.0110881379594183 -0.0262175489660626 0.104440393467107 -0.0357731079424307
-0.0206209496413948 -0.0267310659974759 0.0750539154170804 -0.0390916778818574
-0.025702514294459 -0.033793680500934 0.0686620792004045 -0.0176110864841646
-0.0198705442546444 -0.038905413044469 0.0708981450241834 0.0216691022686977
-0.00392589282532854 -0.0527664628902746 0.0244892875067015 0.0909703996479403
0.032438220726766 -0.0387462326647586 -0.0871410629515549 0.0920902327633552
0.0582989748694244 -0.00175981984463299 -0.208638105292665 -0.00594669446239189
0.0277924868861303 0.0479538543621077 -0.155493264251602 -0.200541402577997
-0.015731000700298 0.0320796616221949 0.0128218737114119 -0.296172920084585
-0.0109391513900487 -0.0156459084598677 0.132795095281185 -0.203482468491514
0.011692459611746 -0.0473052317039655 0.0622676974894446 -0.109447584077967
-0.0621112754691287 -0.0560012711460321 -0.0723028365615763 0.0391681732931975
-0.0271870047733343 0.0201452139516582 0.0309464399485505 0.0944470107297174
0.0261243743950561 0.015801060428157 0.120709688196759 0.027797125501228
0.0253580162283061 -0.0264717557827397 0.109077240544423 -0.0391850731688294
-0.0136873453025068 -0.0446750898346196 0.0699962656967794 -0.0606449445798047
-0.0394087732423754 -0.0401784411695512 0.0456887179228143 -0.0566144903594524
-0.0520839078828091 -0.04406612044906 0.049796480291327 -0.033941142216125
-0.0466568081241686 -0.0529148847773233 0.0590043016505687 0.00308283546277838
-0.0269123979377009 -0.0751461582683046 0.019043045242626 0.0694419273497711
0.0286457065840697 -0.0672070203266582 -0.0840296044494103 0.0641586917508152
0.0776785911201669 -0.0186692901533618 -0.186429970368749 -0.0368966729133498
0.0475668851692179 0.0610656795422193 -0.106168304287636 -0.213922978533188
-0.0254324902379532 0.0499690012928453 0.0636819979528382 -0.283726325677234
-0.0318018637729482 -0.0202600850811072 0.156853193120017 -0.1726014916662
-0.00521284271693071 -0.0713111990498872 0.0629055771222942 -0.0806568455851978
-0.0820496367928651 -0.0530524973881109 -0.0429896221720631 0.0582206743150158
-0.0398520004736955 0.0375174519191345 0.0616114290353687 0.0888435624697154
0.031618318189826 0.0340950578536677 0.130696473388706 0.00327889469457012
0.0427309099632067 -0.0199838288773607 0.103617246963861 -0.066908024191616
-0.00609034214657171 -0.052389198572589 0.0503983370504377 -0.0855670299207271
-0.0456542890399536 -0.0471015918142451 0.0216466160696056 -0.0766340337208593
-0.0676707068368598 -0.0487725899734334 0.0269173503520221 -0.0510138389750965
-0.0661759397071909 -0.0586377748349648 0.0375152739314078 -0.016775387917458
-0.0509497510250547 -0.0866638934876004 0.0067627448765615 0.0406492843859374
0.0122487587595798 -0.0883038553008322 -0.0791580842122883 0.0334708345936207
0.0799557516818175 -0.0439005550382304 -0.163397259847657 -0.0561585982616415
0.0682946574391575 0.0511630293087994 -0.0771683112918603 -0.207620546667253
-0.0201386540210743 0.0610815558838783 0.0802297708554705 -0.261462666479009
-0.0467024223906269 -0.0144504119297568 0.155859894342707 -0.145783582232516
-0.02572501031945 -0.0822049495611297 0.0607503277566536 -0.0451642568350242
-0.0892051244825678 -0.0470786454943813 -0.0194467077743935 0.0766043405199422
-0.0529650355433832 0.0446656202386876 0.0798180367302644 0.0985484381918516
0.0263736798740377 0.0514737104927207 0.14951173478494 0.00797069157357883
0.0545324103387946 -0.0041678645816016 0.123603938128684 -0.0775960314880963
0.00871973799387274 -0.0510194716281401 0.0556507938071817 -0.109045615721524
-0.0410512230733418 -0.0490848220003622 0.0100435306465377 -0.0995086341155274
-0.0712676989903396 -0.0482401663832081 0.00423498173322163 -0.0694358695495465
-0.075953328998262 -0.0558010064425489 0.0094073448303876 -0.0361838589569162
-0.0704253871668636 -0.0832201363192982 -0.0120298614142829 0.0108967623903119
-0.0135606511965195 -0.0948559429075991 -0.0822868640483623 0.00410218918626169
0.0616604319371156 -0.0676846658603207 -0.152631697210799 -0.067675733986428
0.0809171341131056 0.0251502742893487 -0.0761742029111919 -0.197128341178343
-0.00288903370105963 0.0636955337653568 0.0651610011273735 -0.246426613512672
-0.054719327887079 0.00243389204651226 0.143202598323583 -0.129161295691813
-0.047860009176298 -0.0755960936760126 0.0637308616839806 -0.00857035777905503
-0.081903239287066 -0.0394775187946658 -0.00959369176705483 0.0949138043276929
-0.0631197206337899 0.0384001034511657 0.0757196117523922 0.12655121653834
0.0094772024862223 0.06133853590535 0.166308266032852 0.0508171827137425
0.0537211932401755 0.014615671975767 0.165210026661346 -0.0571601616276676
0.0222262299437703 -0.0390170883899535 0.0887655828639127 -0.123306951702409
-0.0297286267637749 -0.0431843871925598 0.015991870159537 -0.123092202925203
-0.0642255369812988 -0.0408419155472266 -0.0136647211721776 -0.087864606711023
-0.0740179576207414 -0.0442398906103864 -0.020952457012768 -0.0507352453151904
-0.076196688676404 -0.0653193664712655 -0.0375130785562475 -0.0112948572826498
-0.0357824461293302 -0.0816392776155599 -0.094743225669356 -0.0165473876762193
0.0314996803365767 -0.074569235560884 -0.1566998443933 -0.0694651760370304
0.0739112882775091 -0.00157633711129671 -0.0996421677841015 -0.18178506378143
0.0134807143551788 0.0567606874448356 0.0263307003689169 -0.234262364967763
-0.0526744221333316 0.0227387299871026 0.124996188000025 -0.122706083474581
-0.0625597692446918 -0.0533179973240817 0.0747087457008635 0.0203034895066996
-0.0655902355452463 -0.0254300152903022 -0.0132565871000781 0.109378028439079
-0.0616046555613071 0.0267380287123233 0.0436295332058877 0.164420717659228
-0.0102888509754141 0.0564305701893863 0.166693005028109 0.127744507605099
0.0353776793527636 0.0253415189924384 0.212562004621705 0.000199387325284702
0.0226993442755419 -0.0194299194187412 0.142798672607923 -0.118620695882388
-0.0199256468419257 -0.0280242030549926 0.0364652830134461 -0.142008846291336
-0.0499713195228446 -0.0255384229075165 -0.024599079408518 -0.105030946318418
-0.0602113364219681 -0.0258992539811973 -0.0485811397014487 -0.0587390987807923
-0.0652223302664113 -0.0384197701991209 -0.0628602814787904 -0.0206169617791449
-0.0419770556585552 -0.0520039517189125 -0.10890138751874 -0.0207320721100358
0.00511441024969604 -0.0571964903023956 -0.165212120019715 -0.0557146391732592
0.0515577481166986 -0.012168113750069 -0.1301767657717 -0.152251807173398
0.0192877941166592 0.044330062703988 -0.0234970923414141 -0.212736642357559
-0.0406927678750652 0.0358069647998964 0.099874778905086 -0.123646146001862
-0.0613790102329847 -0.0214787707091496 0.0900750443651086 0.0332843766821486
0.0498442938154931 -0.0234353845367001 -0.131842115781562 -0.0334024452188729
0.0229846200380571 -0.0428593705464352 -0.103785710343082 0.125645899038762
-0.0238498668198881 -0.0245530548159111 0.069377230849628 0.189438234538005
-0.033754049351485 0.0144948964445411 0.164576489714112 0.112891776564004
0.0075635596580958 0.0433887259477886 0.165809821750429 0.0189902101001573
0.0371445270417725 0.02345987128942 0.113600249633061 -0.00777020190493204
0.0448602112764388 0.00562392370578509 0.0759475312751765 0.00687427123367741
0.040539020636333 0.00206377336265268 0.0603218760994177 0.0424307062778701
0.037359288599046 0.00181529128035275 0.0273317577612642 0.100137584661001
0.0249282969078482 0.0179304208284488 -0.0580851258736764 0.120786304775746
0.0040484179433014 0.0181994206257292 -0.180917647694205 0.0819644469580849
-0.0146023461120785 -0.00463552297119673 -0.219114765273746 -0.0746510754232519
0.0124581873782633 -0.0227727856069408 -0.128921989957514 -0.210782365565236
0.0374297155089221 -0.00556630332402225 0.0169680476200451 -0.206772711130723
0.0450391583252172 0.00931665345404683 0.0382664416424339 -0.128426307082444
0.0107155490712314 -0.0456497015549182 -0.12445547240249 -0.00911280362124813
0.00209350860172187 -0.0278278600105078 -0.0567425130022468 0.122465606541072
-0.00562310921528117 -0.0127971948035563 0.100888058523457 0.132022451827305
-0.0100040525419118 -0.0047321945852478 0.156168786809082 0.0551084909180818
0.000690984760881707 0.00323669563387338 0.141613174899677 -0.00889817736390572
0.00801041829087141 -0.00723190028441215 0.100975165455032 -0.0219341742796384
0.00965579693356602 -0.0182452962726472 0.078637087703246 -0.00279762405515809
0.0108886994218254 -0.0205652815725617 0.0715847682866804 0.0357451467371024
0.0179136357639103 -0.0250835516728044 0.0278428772706985 0.10145519415275
0.0287639477826368 -0.00953036043364165 -0.0792712247858837 0.112126185466009
0.0315882862132195 0.00813162598619156 -0.210687519253281 0.0380853769261633
0.0088849532440002 0.021919557766835 -0.202709737387748 -0.153607458482836
0.00160491166391525 0.00714511996021589 -0.0609230380233448 -0.276500987952241
0.0130199163588858 -0.00737172046015698 0.0829128089763284 -0.219450220777844
0.0272703543834722 -0.0184175635241339 0.0529290959692925 -0.127282746184768
-0.0294494436667858 -0.0554852471140913 -0.103674631490696 0.017210557855147
-0.0134031012036946 -0.0045550817378137 -0.0101150396408058 0.109845496786922
0.0121466539391585 -0.000334144300071037 0.115452878596758 0.0735813560293986
0.00718229672918283 -0.0220653493768296 0.132080479308442 0.00317862619054789
-0.0108404446924123 -0.0261501049368908 0.105507766444624 -0.0371070150364189
-0.0208817849341376 -0.0273484837176196 0.0756925504004671 -0.0397210011020296
-0.0259391092502445 -0.0342714227893261 0.069223063205598 -0.0183269275695533
-0.0201505671557541 -0.0393943208114403 0.0713079965018452 0.0216405384858421
-0.00414471275769662 -0.0531135740712036 0.0250634583626598 0.0919774718580516
0.0327900111656302 -0.0388993232592265 -0.0876274146901678 0.0929401943553469
0.0592458676089037 -0.00173183404888977 -0.211465784520798 -0.00555864856461541
0.0287771023595482 0.0488429719386395 -0.158549010851033 -0.202870779654018
-0.0160129779306852 0.0324909247304865 0.0115863332910175 -0.300405078172094
-0.0110493208210863 -0.0156919683595984 0.134516483686284 -0.205770084097186
0.0114964870916561 -0.0479957908323846 0.0632287021923653 -0.111371674812738
-0.0628781925399826 -0.0562011913334724 -0.0731520512344703 0.0394102387627016
-0.0271331264030557 0.0202801106865734 0.0314979787549748 0.0959394684483789
0.0266224629143224 0.0158785649164849 0.122747032432842 0.0273543439245047
0.0254153543834387 -0.0266057404900509 0.110366608269231 -0.0401683531630166
-0.0139969260282145 -0.0450445560602279 0.0708164365629782 -0.061906173085785
-0.0401288875137414 -0.0405797686368129 0.0460137106005753 -0.0576796655516997
-0.0529325588488296 -0.0444897668705276 0.0501259625440256 -0.0347161197462357
-0.0470853647196328 -0.0533176403222913 0.0600125025274673 0.00297483420923225
-0.0276591747818748 -0.0758107034129029 0.0183673091553127 0.069988934629633
0.0290087113559122 -0.0676683829373694 -0.0849417207674417 0.0651550759193596
0.0784810426641656 -0.0187209696582347 -0.188924645154188 -0.0369586603078112
0.0484018236905056 0.0617883911729455 -0.108498065114726 -0.216596454160622
-0.0260991499645758 0.0508651796757413 0.0639054067620323 -0.287144441977752
-0.0320586065345551 -0.0201312537518421 0.1590884791776 -0.175573532974847
-0.00554347053580098 -0.072020402470011 0.0639361556122603 -0.081726170379583
-0.0835886064939736 -0.0535312016032381 -0.0435893743705034 0.0588498878214263
-0.0397347386556251 0.0380987134179244 0.0627827967645333 0.0894920411718587
0.0319896733861124 0.0344221056672713 0.132984706059399 0.00288372946742542
0.0430444563602375 -0.0203249638329986 0.104735750752185 -0.0683238773585914
-0.006235806890819 -0.0534454964644635 0.0507843475626028 -0.086618925070699
-0.0462865696414673 -0.0476218144206366 0.0214360504620882 -0.0774793623959542
-0.0680940559922325 -0.0489504121160302 0.0270305320574858 -0.0521592910215658
-0.067231218294196 -0.0591343636272555 0.0378803457161275 -0.0178298427089191
-0.0517989987165621 -0.0869696199657937 0.0075210385529198 0.0412117397906367
0.0124459526916728 -0.0890468771867535 -0.0805946570378772 0.0341626790531467
0.0808313560064983 -0.0444462229104185 -0.165469099280755 -0.0563604079728137
0.0696950438760642 0.051725816494616 -0.0787167498492626 -0.210434358771018
-0.0200305124288758 0.0621790871750787 0.0801694655120842 -0.265617512553718
-0.04687910930288 -0.0147250811460826 0.158182496654495 -0.147816248178199
-0.0262071314652954 -0.0829730838500537 0.0623931553835442 -0.0456281142565388
-0.0898987895692448 -0.0475272122311361 -0.0199751104791044 0.0776180304281057
-0.053185202069661 0.0449962043930423 0.0810124367283323 0.100097125195679
0.0266241744765575 0.0518775124279555 0.151620482070198 0.00751877123243194
0.0557788323288474 -0.00467662266384658 0.124607676723907 -0.0789251392549411
0.00901182370556369 -0.051796155911449 0.0560442631263588 -0.110538780276607
-0.0415168256741204 -0.0495017633151793 0.00979621966767331 -0.100827589360317
-0.0720651374279784 -0.0482143724289931 0.00391813653227729 -0.070901331916727
-0.0771094961110736 -0.0560359755133991 0.00974824435713436 -0.0373817366621856
-0.0713490944498996 -0.0834935115224015 -0.0119243822479543 0.0107364543909906
-0.013623499231317 -0.0959929331877748 -0.0834629963032101 0.00395330330450074
0.062861311785376 -0.0693271853262152 -0.154980778993946 -0.0681584711131799
0.0819082893998249 0.0251902982880626 -0.0774580128987189 -0.199744406581866
-0.00260990548049091 0.0646834823344408 0.0649385229884478 -0.250481728487361
-0.0549889772326017 0.00240397617536895 0.145107577820171 -0.131661882853118
-0.048476453115263 -0.0762062131673905 0.065056197305816 -0.00909391123143692
-0.0831277168681555 -0.039547349099611 -0.00950845212559854 0.0958700809589979
-0.0631324284592375 0.0392749471530529 0.0763442176629345 0.127694431732603
0.00978165503175606 0.0620187066823007 0.169197205486917 0.0508295463952132
0.0544029469428336 0.0147315900586673 0.167116006836994 -0.0590252488941617
0.0229427865483978 -0.0393810255329883 0.0898785363500383 -0.125174866759678
-0.0301401149076276 -0.0437155571450252 0.0152720431016962 -0.124700390527008
-0.0649454906387035 -0.0410963723994008 -0.0141904528219433 -0.0890157266606913
-0.0749592722311265 -0.0443825249203788 -0.0212501130898312 -0.0514452577375583
-0.0777066313355298 -0.0656464297028783 -0.0380324180402337 -0.0116658498871556
-0.0366280334830577 -0.0823343674588616 -0.0962537473537294 -0.0162733922788294
0.0312254262708398 -0.0756632991715529 -0.158987867122525 -0.0691261102265829
0.0746584088473778 -0.00255831775494061 -0.101298362613362 -0.183692332586534
0.0137659112952494 0.0574825169476081 0.0258761209494152 -0.237936170934855
-0.0527279115312591 0.0231767985611766 0.125739036787229 -0.125123700670325
-0.0631977179020038 -0.0533678666802503 0.0765642051787779 0.0195138773414336
-0.0658999540034055 -0.0260587627918546 -0.0138679109885511 0.110631224188588
-0.0617061657946184 0.0271910875203396 0.0444577481800559 0.166176190599633
-0.0107551962118434 0.0566124150625413 0.169235388148123 0.129380418165834
0.0356864813299667 0.0260329041487431 0.215300078538043 -0.000643547075848921
0.0226171872478471 -0.0196140707400437 0.144781467192787 -0.120150364276702
-0.0202709392812213 -0.0281054439398422 0.0363505871415117 -0.14366473327336
-0.0507108573014637 -0.025516755828605 -0.0255339931858947 -0.106270787875782
-0.0616135748371863 -0.025484022400995 -0.0495308649873551 -0.0595234007573917
-0.0667984650344485 -0.0387036727629721 -0.0637297661392219 -0.0206878174391921
-0.0426944594905804 -0.0526423085427573 -0.110574611388987 -0.0206525343401742
0.00490407596297842 -0.0575835102062807 -0.16758991996145 -0.0554218110428187
0.051784324234197 -0.0130999689263973 -0.133216110940783 -0.153242967248757
0.0193158768001742 0.045125779972147 -0.0250034757574047 -0.214879323239582
-0.0410431801485932 0.0363619217150166 0.100651085288251 -0.125342683160165
-0.0620663778792943 -0.0218778548667263 0.091446571293792 0.0328425903149961
0.0502152475007282 -0.0237866733554763 -0.133717951904864 -0.0327367844178152
0.0231269680559364 -0.043430496888117 -0.104351074389584 0.127735930757526
-0.0239383645840808 -0.0247704359281768 0.0713479283218558 0.191806399039548
-0.0341440343726737 0.0154884089617601 0.168179672317084 0.113604899315053
0.00882496485587411 0.0436422627012812 0.168188833123014 0.018225192369245
0.0379727850783402 0.0232562704870844 0.115374814094113 -0.00907669786696577
0.0459258204433338 0.00522787887164721 0.076445058267926 0.00673654540001296
0.0411730249267166 0.00177542490453191 0.0615059696870576 0.0430925247700962
0.0384357007468119 0.00148551682395149 0.0279993828405762 0.101298017579503
0.025659724190016 0.0178733725973451 -0.0590572675937495 0.122378503081306
0.00436603008994407 0.017969827391041 -0.183240501749281 0.0839469880844544
-0.0145126421669541 -0.00450899409511046 -0.222840536335648 -0.0756368329974865
0.0122590951696754 -0.0228395331265054 -0.131769058154389 -0.213538345209936
0.0376876089303026 -0.00583035391249155 0.0169558172808504 -0.209630339302361
0.0453046502631951 0.00964283573725353 0.038797536984972 -0.130441385556693
0.011013257061714 -0.0466088657145385 -0.126269876034892 -0.0084316023432044
0.00171610899336584 -0.0281128628782261 -0.0570660430700218 0.124244883511732
-0.00617639499562517 -0.0130276644320276 0.103458251598309 0.133817648493757
-0.0107011221997153 -0.00464416130059638 0.158957209994601 0.0544188539636093
0.00159049509662167 0.00385643704872208 0.14380598808789 -0.0104495879440178
0.00876700854708731 -0.00715890224552495 0.102597111561039 -0.0230823131643631
0.00984877936062572 -0.018407185312513 0.0794990021566712 -0.00289742221581037
0.0111972881578489 -0.0210228613762792 0.0731175772393798 0.0357124254167688
0.0182878929061047 -0.0259450041360942 0.0282966564496111 0.102896061974678
0.0298281056312956 -0.00956910553297529 -0.0797768061257544 0.113575651748677
0.032326716809042 0.00828381153109718 -0.214077075799403 0.0390797865291309
0.00877111826137403 0.0225777871331036 -0.206961075683188 -0.15485878027615
0.00135312384174352 0.00738499944658183 -0.0631868294037035 -0.280486333139811
0.0131935984788473 -0.00779452608141551 0.0842937125606873 -0.222847059524569
0.0271317310514179 -0.0185257273915784 0.0541091505117612 -0.128875352016116
-0.0298211641646716 -0.0559279908808513 -0.105266020083331 0.0176370283785481
-0.0137936189519595 -0.00441652138682059 -0.00949812256450656 0.111212390636192
0.0125970897608307 -0.000765619426807444 0.117332804113839 0.0740858244761792
0.00724405799173114 -0.0220677987557582 0.134467482190366 0.00181488451214472
-0.0107080163434147 -0.0266441685583506 0.107626190579608 -0.0381924134418887
-0.0209258249841185 -0.0275833456111485 0.0767127017537107 -0.0410660790196618
-0.0262412164332836 -0.0353340521496601 0.0696544108699181 -0.0186137022027219
-0.0203801924893924 -0.0404800489407292 0.0720775687971717 0.0213191595000751
-0.00381891026495255 -0.0538184452542079 0.0256093361515004 0.0934198505658055
0.0336340280358607 -0.0394942910080391 -0.089001690809406 0.0946842420343181
0.0604443539693488 -0.00210827789314048 -0.214853272316095 -0.00483981499231096
0.0288958746423542 0.0499457194206447 -0.161180994250273 -0.205731911119164
-0.0165819694480479 0.03361478224907 0.0110388669392512 -0.305049233520763
-0.0116417969807666 -0.0159310565043577 0.135914820301691 -0.208998363659025
0.0113692501152777 -0.0486327736417329 0.0649411299837229 -0.112838891195327
-0.0637554579717379 -0.0567855007239703 -0.074012895216969 0.0402900208725742
-0.0273859713483515 0.0207923560427082 0.0323509125199862 0.0965707810549071
0.0270582599222297 0.0158829853069424 0.125252432107617 0.0270846299537388
0.0258528483434763 -0.0271249609273934 0.111988973398172 -0.0414537211799226
-0.0141209415187512 -0.045477213087113 0.0718409019469516 -0.0632969477356437
-0.0406642484277002 -0.0409905671844879 0.0466327592974202 -0.0586463462275519
-0.0537495503758607 -0.0449527062234991 0.050183390063409 -0.0353428058644003
-0.0475558232928314 -0.0538124823977556 0.060481761570564 0.00208504107527846
-0.0277420662014572 -0.0768391449531603 0.0196757032174029 0.0707783824265024
0.0297883332305275 -0.0684213033991016 -0.0859846629790646 0.0662493050924506
0.0800290367018738 -0.0194366071350948 -0.191916652442086 -0.0370804666746519
0.0492718527694912 0.0627415540084104 -0.110655238148358 -0.219878641686638
-0.0263206579105034 0.0519954808497552 0.0639461798418837 -0.292206721495871
-0.0323228829290531 -0.0205551874610963 0.161229599104998 -0.17903559758587
-0.00593665808527313 -0.0727041024467942 0.0656721408733152 -0.0827027842550671
-0.0849022527736151 -0.0538074911256016 -0.0442643294365803 0.0596420622490488
-0.0397556825096443 0.03861959586066 0.0639480936287147 0.0902263016449371
0.0327098716941048 0.0341335779628042 0.134927482683801 0.00262825591160023
0.0435160747895709 -0.0208800446397756 0.106327791118292 -0.0703454500830128
-0.00638047067310357 -0.0539735998784271 0.0517446756406205 -0.0882075940816965
-0.0470285128309123 -0.0480960082398968 0.0217938188790499 -0.0788089867375785
-0.069589279451874 -0.0497221895019154 0.0266173320982678 -0.0527307780422498
-0.0681521326137846 -0.0594771957140788 0.0382991021815652 -0.0185660941790122
-0.0524991395405705 -0.0880032464101641 0.00748206838319638 0.0409612435504198
0.0125276945295648 -0.0898614197457425 -0.08195768744685 0.0346603955966479
0.082012700832322 -0.0450885990101259 -0.168035624790899 -0.0565380749523499
0.070533819478561 0.0526864040928042 -0.0802247992466795 -0.213333391005358
-0.0202192823815773 0.0632546937447737 0.0805319340044224 -0.270276610452226
-0.0473415082547208 -0.0144991890069169 0.160041344142255 -0.151203684072631
-0.0263989489801728 -0.083637920409735 0.0637670753790241 -0.046675771965888
-0.0913378676331966 -0.0477624327443628 -0.020113190560561 0.0788059093796352
-0.0530518866595998 0.0457757289964036 0.0820595384953668 0.100387170200939
0.0272328783225223 0.0524446718109409 0.153861232003637 0.00732128428657015
0.0562949064171806 -0.00507213406836833 0.126434734140499 -0.0809303236936898
0.00894533911812096 -0.0523125242526482 0.0569812389953764 -0.112962443014278
-0.0423644847599345 -0.0499882145916601 0.00956763023328469 -0.10215405622401
-0.0733777822117364 -0.0485128251288096 0.00350620854322816 -0.071857631600298
-0.07855465739029 -0.0559784770001533 0.00932082736923438 -0.0379020656482915
-0.0727466189791806 -0.084526432844005 -0.0120019953789635 0.0107808729346622
-0.0142880346131975 -0.0974519527632358 -0.0847718833747201 0.00462590117365104
0.062968752462087 -0.0701484469388495 -0.157714854845767 -0.0671455936971375
0.082808516419439 0.0253618402888356 -0.0800199243806541 -0.202381689269036
-0.00236559010414849 0.0653325750635589 0.0645597977881179 -0.25489489433454
-0.0553254542735317 0.00256666723347333 0.147264869638236 -0.134710212727255
-0.0492478013332466 -0.0769008127032956 0.0666670238383022 -0.00947773733416712
-0.0840313143202947 -0.039923495255313 -0.0101157030044519 0.0964460588298215
-0.0633093641772857 0.0402382496116127 0.0776667251030612 0.128437060015544
0.0098007024362277 0.0628027195292176 0.172075966191012 0.0514601381140425
0.0548945610813584 0.0146557192529112 0.169755226747077 -0.0599208356043286
0.0227735722570138 -0.0399312455806554 0.0906331219092154 -0.127615725476801
-0.0304560886595124 -0.0440196552900747 0.0149397171282761 -0.126557726397623
-0.0662090876939709 -0.0407521406466904 -0.0149350441631688 -0.0906940707983732
-0.0764786408768882 -0.0447554912508625 -0.0221767752914162 -0.0521729138088635
-0.0788401218157645 -0.0659794647706107 -0.0385311134682774 -0.0119764965418236
-0.0371636293877684 -0.0832152778929942 -0.0977130508187577 -0.0163094625599506
0.0314752622379724 -0.0768633849256948 -0.161592824791154 -0.0689993664197647
0.0756383937457781 -0.00290128113111425 -0.104016157101365 -0.185704995033492
0.0145918450850785 0.0583632902171153 0.024761104202168 -0.242094204807761
-0.0531109439476144 0.023527348504208 0.12729157985031 -0.12820718679856
-0.0640776118237622 -0.0540565993696753 0.0777796939009116 0.019274675131733
-0.0666711518595254 -0.0260147284900316 -0.0141583751255615 0.11149209019002
-0.0624160690878551 0.0278212070008375 0.0444986070551683 0.167884557885948
-0.0102285892766121 0.0575480333070954 0.171961213085383 0.130474388337739
0.0362722053573423 0.0258253669849734 0.219088977866948 -0.00148709518864725
0.0234936483364845 -0.0199562487067227 0.146587778531742 -0.122952011317255
-0.0207861780828841 -0.0283486443468997 0.0366825366231886 -0.145539882858133
-0.0520480081823898 -0.0252218771505099 -0.0263653074105241 -0.107803453955568
-0.0623698048047998 -0.0254388403889467 -0.050200940642847 -0.0600383517692431
-0.0677919218948479 -0.0388751525624465 -0.0642198355075218 -0.0209384937317171
-0.0434370552608247 -0.0530495854287053 -0.112652009903993 -0.0202801979905882
0.00431270582163219 -0.0585860875635351 -0.170475631677355 -0.055099412978017
0.0525253414896122 -0.0137819754509726 -0.13591619205846 -0.154894271509224
0.020094154449675 0.0454693115170141 -0.0269122142396408 -0.218341916319724
-0.0408745814227815 0.0371419682385847 0.101177534064631 -0.128440265344737
-0.0626636179065852 -0.0217304893180196 0.0936148809353436 0.0327616380959198
0.050539643433653 -0.0248444195992482 -0.135975879433412 -0.0329072140583867
0.0232876387688601 -0.0441585620243117 -0.10535536678844 0.130731900593971
-0.0243555025506247 -0.0247797970005112 0.074212766933054 0.194939781058308
-0.034555532081037 0.016199301185807 0.172520049724071 0.113893650726311
0.009337428051579 0.0444985937748658 0.171422913020645 0.0170926306635047
0.0386297554810344 0.0233302633966042 0.117510697981704 -0.00941415042279714
0.0467242082457233 0.0049501435219777 0.0778717883505311 0.00627492661844107
0.0420978165768629 0.00174366963074479 0.0624217433660245 0.0437176096874927
0.0389900108809176 0.00106632233312022 0.0289069966842472 0.103145075544646
0.0262204231599698 0.0183411372287753 -0.059440525475358 0.124321752143427
0.00483426904105524 0.0184687614844724 -0.186322900713351 0.0855447298013231
-0.0148042628716258 -0.00373724085125337 -0.226671095970288 -0.0759795235445797
0.0123609378299142 -0.0230797935930929 -0.134597354552284 -0.2163252324833
0.0383423090330502 -0.0061002178608258 0.0169062921985694 -0.213658881538542
0.0456688404500728 0.00932957646915088 0.0396056467299502 -0.132355372101948
0.0107737397303958 -0.0470374927407544 -0.128067242912871 -0.00768137015138584
0.00193191268134989 -0.0285579517275988 -0.0570277369573156 0.126724045230298
-0.00666294364878734 -0.0131959975816049 0.105830430530168 0.134814571263106
-0.0109212626495061 -0.00473191239380826 0.16210023062585 0.0542126768778162
0.00168253970390877 0.00359681113158875 0.146597920165468 -0.0112201508394078
0.00906049088859479 -0.00756949622347017 0.104273067580618 -0.0239739960006061
0.00970962963492818 -0.018751465953971 0.0810909261051127 -0.00387791962333987
0.0114309119792554 -0.0214038830102164 0.0740563574948507 0.0361145330247289
0.0181302482468299 -0.0266032549025605 0.0291988216365825 0.104415716766372
0.0304275644316861 -0.00959076600904335 -0.0810975892654524 0.115657033291758
0.0330526446478932 0.0083953261971829 -0.217148451038585 0.0407213326690376
0.00935078610602002 0.0235237944688707 -0.210897601770578 -0.156777166153224
0.001073092073272 0.00790188864403659 -0.0651233594100621 -0.285003526335184
0.0131328572515611 -0.00787008965144492 0.0848950541070529 -0.22657222158375
0.027088965670624 -0.0190180289671446 0.0554690784220055 -0.130513693662355
-0.0307192096055757 -0.056635180597894 -0.106753525306151 0.018403240318817
-0.0137286088534405 -0.00485376663692189 -0.00913169977644606 0.112987037851344
0.0128528171091113 -0.00124211129374583 0.120391119792346 0.0746481687908067
0.00758807329596325 -0.0222020431208804 0.136828688082855 0.000547001697608659
-0.0109010722067724 -0.0270255788441055 0.109015007342263 -0.0396716771930728
-0.0217939391277195 -0.0283059244413309 0.078005536830473 -0.0415807894024269
-0.0268237286414779 -0.0354115302071669 0.0704300493715967 -0.0195862529713009
-0.0206811614460426 -0.0407615168158488 0.0733275232167801 0.0212300880772916
-0.00379911624458805 -0.0547847948176092 0.0262217732284422 0.0941355773125744
0.0342084394218965 -0.0406088618507212 -0.0902141979349417 0.0964923550649518
0.0620019389034094 -0.0021538936940645 -0.218201410063094 -0.00379310110137915
0.0298450559945743 0.0508157077890692 -0.165093929691075 -0.208434838193446
-0.0165574629789593 0.0342786374304999 0.00931171139288215 -0.310623616238803
-0.0115457527982608 -0.0162064497552539 0.137724334915718 -0.213458577323967
0.0112427756165702 -0.0490817307742466 0.0661933559655279 -0.114579182586629
-0.0646862767011359 -0.0569934428311946 -0.074937336339035 0.0410291559889608
-0.0271242348083681 0.0209394664279102 0.0334337715245588 0.09813648869488
0.0275363107108602 0.015433253202714 0.127276299055976 0.0268948280863686
0.0259198763071125 -0.0277110036622986 0.114165998598359 -0.0432366686994559
-0.0147608127906359 -0.0464649212534802 0.0726524496165013 -0.0646482095833561
-0.0415118259884799 -0.0413546006149163 0.0471892041582296 -0.0598908034733513
-0.0545424197115508 -0.0454377415414415 0.0509043365064319 -0.0365963436408425
-0.048888585608497 -0.0541835467990962 0.0613962806616227 0.00161602328978816
-0.0284059977409152 -0.0779236046104026 0.020354362811923 0.0715168532778485
0.0302979808102692 -0.0696486634155099 -0.0871347118372312 0.0675530340331832
0.0815009904709555 -0.0198152809783325 -0.195008226737581 -0.036247870974784
0.050273967632529 0.0640394053743727 -0.113315045455142 -0.223152227747576
-0.0267179456832179 0.0530614840905792 0.0638603654572206 -0.298234476194288
-0.0328323974135433 -0.0209018940909851 0.163467202682653 -0.182955271317822
-0.00663340797952498 -0.0737267622176853 0.0670882956101699 -0.0841855025677143
-0.0854158324405518 -0.0543980394765694 -0.0445263549135109 0.061136712096058
-0.0400176060186253 0.0390411073485596 0.0650189604257314 0.0914730838751752
0.0332670080533568 0.034555820170682 0.137371660014292 0.00164360183864259
0.044041557653378 -0.0219550621953868 0.107674972237018 -0.0719530329217259
-0.00694837347055234 -0.0545766441615016 0.0520531463341235 -0.0902047486956522
-0.048127661262817 -0.048498504964984 0.0217633713071923 -0.0801970378167482
-0.0707580328969835 -0.0496210361778903 0.0266433839650806 -0.0542470328605829
-0.0694813656584031 -0.0599358333018301 0.0387244740556674 -0.0190283974594038
-0.0539696825490128 -0.0889815324612174 0.00802744771300896 0.0414985104777233
0.0127411546827813 -0.091797214722675 -0.0828703796860246 0.0353385668845663
0.0831175238952913 -0.0461480045158188 -0.171082378791365 -0.056092875008435
0.0716647281636992 0.053443392966761 -0.0825884907576274 -0.21681518959205
-0.0201656696063129 0.0645079787749338 0.0804381697544959 -0.275794352272259
-0.0480953898353196 -0.0148867756413879 0.162856944872109 -0.15424486858285
-0.0275973760550779 -0.0844321005463184 0.0660779336592159 -0.0476034135170519
-0.0925548658398522 -0.047870650837051 -0.020894838666618 0.0795886690844006
-0.0536384279557567 0.0466055720282148 0.0834132176670199 0.101681058812413
0.0275531095234529 0.0528724878527393 0.15697418511355 0.00712290643258616
0.0571223399009613 -0.00555962607425261 0.128525848711474 -0.0831021624830032
0.00882409496587666 -0.0529152661606352 0.0572954728307861 -0.115026430735786
-0.0431171169570785 -0.0503641850980456 0.00894444263243814 -0.104482533095707
-0.0745692294136303 -0.0485688868119834 0.00326961915899594 -0.0735461330187202
-0.0800454609659606 -0.0562762991030429 0.00946686432627689 -0.039179147301895
-0.074182352061656 -0.0850006889121487 -0.0119472243048157 0.0104742214127977
-0.0147251491516262 -0.0985799274478652 -0.0862782472288316 0.00502188053016434
0.0637064848463351 -0.071236146107865 -0.160534975180414 -0.0673158967931488
0.084251516732709 0.0255391211640697 -0.082292689551307 -0.205659261671501
-0.00198671284511708 0.0666480860789673 0.0640911859664074 -0.259973850185931
-0.0556487145179898 0.00279157556166461 0.149432367375816 -0.137759415345241
-0.050047077434869 -0.0776899917007363 0.0684888977493275 -0.0103764879896672
-0.0848131304526095 -0.0402946705395833 -0.0101917002552996 0.0983406377737825
-0.0638181273730682 0.040775931353136 0.07880259103668 0.130530182594356
0.0102445013969174 0.0633531590598965 0.175200841030093 0.0515183138537024
0.056148524400849 0.014654273508269 0.173153881841678 -0.0620790570110483
0.023133615760049 -0.0403064713073676 0.0918127694145567 -0.129569581655785
-0.0314206329240068 -0.0444152644458693 0.0146805331545375 -0.128572976747762
-0.0673513009501936 -0.0409136670227642 -0.0160850910970512 -0.0922790158822752
-0.0778808200123113 -0.044677067378048 -0.0220791888683041 -0.0536567370648314
-0.0806695012136224 -0.0666529663184286 -0.0389938525878485 -0.0122062630757699
-0.038445235979314 -0.0841091024936187 -0.0998591963799099 -0.0156828265343023
0.0312188563018968 -0.0786203231540308 -0.164898474136923 -0.0691378729929152
0.0767957548163239 -0.00360996961257084 -0.106556856124879 -0.188432583878319
0.0150621896626997 0.0591168223964914 0.0236102266959918 -0.246609990593589
-0.053021189825327 0.0240273966233063 0.128870985418613 -0.131309335318124
-0.0651517371745112 -0.054106901029288 0.07996154812617 0.0187255237568621
-0.0677095449523749 -0.0256551394260461 -0.0149632977369014 0.113168460570872
-0.0621929405901937 0.0286321071142807 0.0457085981902378 0.169716458790089
-0.00999708065210774 0.0585218623950527 0.17535315804556 0.132631605380061
0.0367573114810936 0.0259475825931947 0.223508037508898 -0.00280759507212924
0.0236465053171985 -0.0203745462836915 0.14870106317745 -0.124820838301594
-0.0208689828835539 -0.0286175702478601 0.0364772839776778 -0.148423432459882
-0.0525704824361758 -0.0251258042895017 -0.0274352464957293 -0.1095001771599
-0.0637796961179214 -0.0249840170618007 -0.0511824564538931 -0.0609415198801924
-0.0693158718684812 -0.038523201683954 -0.0653025879213424 -0.0215029994593399
-0.0447894598389912 -0.0534472289921625 -0.114643290365741 -0.0202544443148437
0.0041035415027975 -0.0597066568238339 -0.173888211058998 -0.0540540795814683
0.0527667811257829 -0.0143410604051096 -0.139310652639636 -0.156241445945205
0.0207853500739237 0.0464401384448998 -0.0291587610481762 -0.222548605018565
-0.0408240062953241 0.0372941606402886 0.102216479206736 -0.130906894509937
-0.06349723492506 -0.0217254963514449 0.0953337805920502 0.0323385689615332
0.0509584188448752 -0.0254506428167554 -0.138456768980856 -0.0318992247858955
0.0230626915141807 -0.0450195713410571 -0.106227824443466 0.134072641091292
-0.0251542085834135 -0.0247302610768718 0.0778566700120861 0.197172380131053
-0.0349829490370191 0.0166761586729961 0.176734127951838 0.114048063639086
0.010411436440839 0.044496047183032 0.174833183260785 0.0157785971985298
0.0395170071043002 0.0232491982107385 0.119917022429108 -0.0107342207571211
0.0476185999987253 0.00454811279392788 0.0791102880425269 0.0056290507064179
0.0428769623114081 0.0013272454754256 0.0633891288503965 0.0437392008339373
0.0396431481716594 0.000588059711061326 0.0295696760777409 0.104480385034996
0.026865960050401 0.0180273838560134 -0.0603790840128788 0.126875373179717
0.0051085898197761 0.0187476278177966 -0.188840892024204 0.0883673587883012
-0.0149725505327518 -0.00351400701199461 -0.231228827768051 -0.0759636891419666
0.0122044813983961 -0.023331382192129 -0.13789380493968 -0.219736344663056
0.0386163421389553 -0.00669654016616019 0.0161526257805779 -0.217133853156877
0.046266237268121 0.00862344250864714 0.0399242802938773 -0.134696234850054
0.0104302385273391 -0.0475594792478049 -0.130200048073674 -0.00689017446104256
0.00177344624491294 -0.0289130985584268 -0.0570859811264818 0.128780945182218
-0.0062065705165473 -0.0136124761469116 0.109428723860474 0.136217348670564
-0.0106853426072982 -0.00476786655239517 0.165982421130778 0.0534582648795663
0.00192128298647593 0.00333641476916786 0.148845120296248 -0.0132643284809919
0.00917570260653353 -0.007738266362624 0.105988404391548 -0.0252343637075575
0.010362067511269 -0.0199610156206923 0.0819868659236063 -0.00412103143079138
0.0116600900287245 -0.0220193672280046 0.0749995647865356 0.0360557427628544
0.0190241165425605 -0.0271626386705308 0.0303953635342724 0.105821958841769
0.0312088622066706 -0.0102511672926609 -0.0823060096294134 0.118010522168476
0.033605049026856 0.00826487730659428 -0.220845473689165 0.0426922290843812
0.00990302396613427 0.0239448985131379 -0.215650346118445 -0.158343205759889
0.00114887888118562 0.00792510229850021 -0.0678562503033623 -0.289573398359773
0.013107324306341 -0.00825611472023161 0.0854623565488361 -0.231207599495574
0.0274961581352404 -0.0197782165834079 0.0561840538852038 -0.133527977102244
-0.0311571286769868 -0.0569842217207303 -0.108202895229762 0.0189227730384408
-0.0133936642886598 -0.00457825897090764 -0.00845849091498123 0.114398457241253
0.0130789832825659 -0.00110804754169986 0.123243115249055 0.0746710036045864
0.00792146591015524 -0.0230705810208948 0.139090913881969 -0.000992205041075372
-0.0110784355137233 -0.0280453810907388 0.1104650072417 -0.0409832238727511
-0.0222699669060308 -0.0287890422009286 0.0791368554900057 -0.043412662828627
-0.0269827923085055 -0.0362412311455427 0.0711164138075391 -0.0207353826936752
-0.0212077004153173 -0.0414854763316997 0.0742363832407346 0.0204238639694639
-0.0042305109731341 -0.0560581376963234 0.0271006490782689 0.095424177146267
0.0351976071621734 -0.0417962462598808 -0.0918247761742258 0.0981987029994191
0.0631819057875187 -0.00285652815589886 -0.221654539620618 -0.00251784233911413
0.0303983917834987 0.0519555728475485 -0.16923898330691 -0.211506879655924
-0.0172615208223513 0.0352226428794695 0.00784249867947046 -0.316377012229303
-0.0117975125052685 -0.0168687228751503 0.139619938225458 -0.218075346095581
0.010703905943711 -0.0497060310556251 0.0671742380532249 -0.116460173562544
-0.0658470585326261 -0.0577992832296226 -0.076270555637918 0.04230025408365
-0.027256173311583 0.0210195163507347 0.0343441996136321 0.0991117649825374
0.0281477812711408 0.0154445048717311 0.130275178674052 0.0262113203116805
0.0260626331766597 -0.0284429111377769 0.11608127379109 -0.0450835278902013
-0.0150898878283715 -0.0472389888985905 0.0737782639255584 -0.0669246695900157
-0.0426175833745235 -0.0416290991977991 0.0475675168362906 -0.0612951139421538
-0.055689207677428 -0.0462100002673328 0.0514005691893298 -0.0374215001341384
-0.0497297614577687 -0.0546765034671751 0.0621133069813036 0.000864140170921597
-0.0293483092967897 -0.0791452526075995 0.0206784870832644 0.0721423372680535
0.0305827940452574 -0.0711546024317068 -0.088426382287508 0.0689337896479007
0.082893464906879 -0.0205849883751708 -0.198807139425765 -0.0351663301772151
0.0512587012749517 0.0650164248810607 -0.116760730194133 -0.226107730442273
-0.0270367649161402 0.0543481991254863 0.0632063622632148 -0.303665717067226
-0.0337885672431422 -0.0209452048335728 0.165601765239877 -0.187117441830177
-0.00706335923221462 -0.0744789525551345 0.0684870241409932 -0.0859036099101624
-0.0865896677574862 -0.0548985439534769 -0.0452710911407134 0.0619098276399346
-0.0401253902247775 0.0397472226346412 0.0664685212330663 0.0924392131734852
0.0340714218362122 0.0347558515680352 0.140343201758403 0.000463772548265108
0.0446803827751394 -0.0221756632149142 0.109554135884765 -0.0745701504889193
-0.0073702659062581 -0.0553579192968455 0.05249091658036 -0.0923510797024015
-0.0491628602869378 -0.0490970992289526 0.0215092965565623 -0.0814203748760699
-0.0718935587937854 -0.0500743736608666 0.0263157494438556 -0.0555350430156515
-0.0711203999144477 -0.0600635111187316 0.0388838514425755 -0.0202755293698175
-0.0553803569971245 -0.0900170146819749 0.00851201099408115 0.0420092258432227
0.0126672017709166 -0.0931649044438662 -0.0843055674348109 0.0363968186820671
0.0842156037781549 -0.0476424034477761 -0.174390075220843 -0.0555641735942354
0.0732703456656582 0.0539456110331819 -0.0853315906756073 -0.220244076876482
-0.0201088915054189 0.0658430955605462 0.0795997313764788 -0.281717664300111
-0.0484095648263371 -0.0151040133284759 0.165033299127175 -0.158741868942815
-0.0285820634211201 -0.0854687959886806 0.0671803808439765 -0.048629341146673
-0.0935405410239482 -0.0482858135575325 -0.0208171700024814 0.0809756948122427
-0.0538255967977253 0.047585727464914 0.0853864642415217 0.102471928691987
0.0285048291557613 0.0532547729177493 0.159668973381306 0.00589634004280719
0.0582347428228272 -0.00568761218078861 0.130681128672471 -0.0859331729859837
0.00868595213037067 -0.0538281761242797 0.0575550762163298 -0.117182579822037
-0.0441039480622193 -0.0506768025684604 0.00839678579746779 -0.105870008502232
-0.0762926168905445 -0.048627692598511 0.00238445937607541 -0.0746696812489205
-0.0818481571140143 -0.0563583894378814 0.00950104667876888 -0.0402642107835924
-0.0760653677493605 -0.085647775691185 -0.0120197643705196 0.0103255469357995
-0.0152532458807973 -0.0996052175999854 -0.0878481689821506 0.00538544378554777
0.0642643501281628 -0.0731030396214312 -0.16346934354333 -0.0670362761370963
0.0858668066519041 0.0252601590864213 -0.0845329979917044 -0.208647120242131
-0.0017129287203508 0.0681855607273186 0.0630647400820837 -0.265220057432592
-0.0560873710206978 0.00321618613363676 0.151105896928535 -0.141332542920556
-0.0514792137775575 -0.078227501593918 0.0700545147928423 -0.0112433638510675
-0.0863414280101598 -0.040264898980738 -0.010075098158822 0.0998973168951356
-0.0641771084729912 0.0415258493175073 0.080651902820609 0.132062472518981
0.0104985134568463 0.0645267414554955 0.179132973604512 0.0515759731287123
0.0572720197156999 0.0145509033009571 0.175666209415077 -0.0649817246392392
0.0234835313290502 -0.0413776118341853 0.0921098663930644 -0.132905397913251
-0.0320364529792453 -0.044708003392273 0.0141825638225286 -0.130516079616627
-0.0687301539141268 -0.04105408950587 -0.0172755329618351 -0.0940793575872151
-0.0799558093648061 -0.0442298475296026 -0.0228844284779179 -0.0540812948106822
-0.0830058727898716 -0.0668071088798308 -0.0394582948095928 -0.0122551499704901
-0.0395234812387633 -0.0849370886640017 -0.101754247589731 -0.0156442221986265
0.0314012187037143 -0.079890156472128 -0.168443449466263 -0.0683298858136897
0.0776377606123812 -0.00400703627721632 -0.110135563942122 -0.191120789573539
0.015771020936631 0.0600134950877016 0.0217093156108812 -0.251255615540617
-0.0530151387626425 0.0243874555342953 0.130147229896272 -0.134282836021808
-0.0662989029143 -0.0543715101076069 0.0815522519762971 0.017937972009291
-0.069016821926736 -0.0256974625275199 -0.0146916600861051 0.114697147493089
-0.0628434746029241 0.0294969054132906 0.0467422964363657 0.172724542280601
-0.00994095565813727 0.0593547375526264 0.179518796007964 0.133903625514125
0.0377285181517492 0.02616509529628 0.227320321746826 -0.00422463622858674
0.0238249258710548 -0.0208784213050419 0.150406027939024 -0.128094520197278
-0.0214283907796014 -0.0285270447691338 0.0366194312751466 -0.150895165240082
-0.0537830886470697 -0.024788334815571 -0.0286443750745776 -0.111349503376233
-0.0650182465651085 -0.0245067353556737 -0.0523807922246337 -0.0619245172361222
-0.0709364292569456 -0.0384621037021503 -0.0666070912288266 -0.0214332587615669
-0.046142972620954 -0.0540349235382011 -0.117308498809424 -0.0195298007744173
0.00349008695112054 -0.0603872369341646 -0.177036971609082 -0.0530726096420405
0.0538434425347169 -0.015226641462366 -0.143400461150971 -0.157806896210016
0.0216979656568263 0.0468115520268667 -0.0320998662799054 -0.226356519785996
-0.040607469534953 0.0385285821915759 0.10257771552524 -0.134187274319605
-0.0645129961406288 -0.0221928500107189 0.0969874908818385 0.0318033954994187
0.0466148377340692 -0.0283480278674491 -0.140429924012009 -0.0226293052828658
0.020237843285857 -0.0438366976725414 -0.0980518372738236 0.143170044485282
-0.0246242759080092 -0.0215945331933562 0.0923713956499208 0.192359510641502
-0.0298204768621689 0.0204042513958304 0.184782852450936 0.101504335731443
0.0170562391108185 0.0415328613822082 0.174822728990183 0.00478005306816754
0.0426426460520229 0.0187033594144256 0.11900979831915 -0.0164260568943671
0.0492692601500936 -0.000661068979175781 0.0772248651349893 0.00267738206512042
0.0439149144037534 -0.00162597505574737 0.0672994326664915 0.0407924265142879
0.0395372254417974 -0.00290328813034531 0.0367816100038304 0.1062615577835
0.0281583136195536 0.0146364932204334 -0.0563130934868014 0.135246536787304
0.00636923776067776 0.0153966141789251 -0.191571257578067 0.103336532174917
-0.0122340849549846 -0.00533962739153051 -0.245675218825135 -0.0655661637057307
0.0149955742329891 -0.0257943949442403 -0.156727232502786 -0.219015176196293
0.0431137255025408 -0.00732641185759709 0.00226335006059397 -0.228930097184443
0.0497139934018598 0.00678191811812521 0.0338298956834978 -0.142688196525249
0.00455634039691208 -0.0463786111442635 -0.128693225106595 -0.00031035801073867
0.00127945314699801 -0.0274607779167258 -0.0490584783104473 0.133923822190119
-0.00547262700344775 -0.0132037021802849 0.11966722197841 0.130612195925062
-0.00863046765124829 -0.00421556000506201 0.171633047188952 0.0432185606924804
0.0043451167469455 0.00108348849813249 0.149966089282968 -0.0231738829927107
0.00924041834006065 -0.0102058583477974 0.106138282057175 -0.0316265470429982
0.00915910552638498 -0.0217971099177601 0.0830996816008488 -0.0081712629799623
0.0109581590036433 -0.0231424286065083 0.0786421804331389 0.0308807296307119
0.0166225216805772 -0.0290205654306444 0.0372945880446996 0.106968758555483
0.0300122943379567 -0.0145173353195173 -0.0787292202195642 0.128584020669518
0.0347752112470443 0.00212279496042833 -0.228003011690211 0.0584021709937891
0.0167380210827479 0.0215030322279415 -0.234882574388686 -0.152742003749888
0.00692678795936215 0.00878200265504026 -0.0886157739149229 -0.297286210612636
0.0163105489306288 -0.00619765012563983 0.0749682740127359 -0.246467807589915
0.0286669467002447 -0.0209905320487008 0.0509746064195774 -0.1397604592619
-0.0366365966696665 -0.0518692294008419 -0.104491682713309 0.0223674874254121
-0.0118908250011096 -0.00247331722644198 -0.00235484362246288 0.115572404528209
0.0149443047877825 -0.00381608889620817 0.128868675176071 0.0688148129569827
0.00704770967353883 -0.0254748602591143 0.142480231859936 -0.00794577061340907
-0.0126432603938134 -0.0289428121902629 0.111850366401168 -0.0494743006941801
-0.024056274961197 -0.0284688748965673 0.0789755648552515 -0.0494403841670023
-0.0308608285755958 -0.0346550223930763 0.0739125571839103 -0.0248324191723118
-0.023294281530267 -0.0403244441187794 0.0772349557793819 0.0149056236366434
-0.00931416893886153 -0.0556674046922992 0.0343494609875727 0.0966387418039177
0.0317338289443643 -0.0457914359582058 -0.0902330997848346 0.108857563063488
0.0638936151385768 -0.0110323681458799 -0.231726232800513 0.0124814466460456
0.0404316044001775 0.0488408676685394 -0.190689103553802 -0.211302023293341
-0.00886150181472955 0.0393003361655467 -0.0102775415918394 -0.331168956945455
-0.0104728100368001 -0.0116109855421213 0.133693652706934 -0.235212487029855
0.00958861286011863 -0.0513884484355572 0.0623862485162233 -0.120660965618081
-0.070603719780228 -0.0491340919991889 -0.0707248165755007 0.0414873985614245
-0.0228445994072985 0.0233689930791084 0.0388504987941501 0.0968460454274809
0.0306467238406131 0.0108481504100878 0.131656586394804 0.0208693610977928
0.0239337189377786 -0.0327603430825757 0.116436158381519 -0.0500002502492174
-0.0191505311254775 -0.0475240606676515 0.0738982942729616 -0.0732829665102669
-0.046100465557596 -0.0399368434784033 0.0465727394059176 -0.0665857887080873
-0.0606372554117571 -0.0418324435410447 0.0542986256625943 -0.0422373786185057
-0.0531218412644976 -0.0520067175392873 0.0631557012699755 -0.00483683519426075
-0.036358731627472 -0.0765489875735918 0.0263234887713889 0.0730155600922718
0.0254673641209427 -0.0748700761527104 -0.0882581970394827 0.0783575043876149
0.0822896466482178 -0.0299525915716006 -0.209781866261911 -0.0223096265631236
0.0624435521033235 0.0613800729703267 -0.138602468347841 -0.230324947958235
-0.0183853407304002 0.0602282589164604 0.0470521613947004 -0.3228850606015
-0.0338487939959027 -0.0147040735984983 0.163187428312708 -0.203582558038891
-0.0106966417708104 -0.0758363917158889 0.0650823188015601 -0.0874942016816455
-0.0905456282623621 -0.0442522118996523 -0.038813974465793 0.0583770469300019
-0.0336358834398853 0.0428509885735388 0.0696426894785744 0.0872764207833467
0.0381938231494778 0.029229224744075 0.138246741321789 -0.0053824112158198
0.0427689324293591 -0.0288667953860026 0.107249169893288 -0.0778221914008991
-0.0123450537533486 -0.0566667651916068 0.0511771011449163 -0.097374489981498
-0.0534168020099969 -0.0462515459881543 0.0195284625352694 -0.0862264063931574
-0.0780376456359715 -0.0438440320437212 0.0290699249302362 -0.0591353961817743
-0.0746360427133542 -0.0557450682989656 0.0383889997579088 -0.0254952219721603
-0.0635096873258812 -0.0849995724473428 0.01131593057732 0.0424231105868144
0.00531408025723652 -0.0953177601163408 -0.0850559885621502 0.0448214214527718
0.0816869820175708 -0.0568035364558079 -0.185272699148354 -0.0439407874288453
0.08300431519111 0.0485336600676195 -0.106250987236763 -0.225101926818304
-0.0107344839331418 0.0713440689305966 0.0660309343650569 -0.301294604298661
-0.0493113815414659 -0.00755999367529464 0.165079635119574 -0.173835492088329
-0.03415354740027 -0.0861459174260414 0.0660363562908752 -0.0482188308456531
-0.0967339946910757 -0.0374710533064328 -0.0137723726561591 0.0761771677245899
-0.0461786480908479 0.0513961463733301 0.0886709099845728 0.0953380522924254
0.0348652209653605 0.0480079285585852 0.156491933328741 -0.00156784370679926
0.0580330955190725 -0.0142779436927773 0.126351994816294 -0.0898590222097695
0.00344788683435716 -0.0569130422852986 0.0549291460058046 -0.12147577040795
-0.049075566965139 -0.0486998402089507 0.00523035792639409 -0.109470838684416
-0.0822346610963353 -0.0424521367200443 0.00359015388583508 -0.0773258174027593
-0.0853736437443073 -0.0510077393202552 0.00655336908903835 -0.0433393431153209
-0.0841607120232289 -0.0787981294884622 -0.0116627491266804 0.0113010075145901
-0.023155721012291 -0.0996220479070403 -0.0904076849993656 0.0126271659012714
0.059808748908115 -0.0799130170326797 -0.173782295443623 -0.0568716180258359
0.0926281128103754 0.0180418991793468 -0.105350868111165 -0.211497851430324
0.00795118009834301 0.0717636451115924 0.0487893079662316 -0.284253999662683
-0.0557903287974883 0.0114089155235614 0.151965808879326 -0.155721965294609
-0.0577949860420654 -0.0772170737556311 0.0720859665502182 -0.00901020508624753
-0.0876617874110081 -0.0306674985956816 -0.00342349100043961 0.0953923509126553
-0.056303074959105 0.0469485748684319 0.085563387737377 0.125232769551666
0.0190423617431363 0.0612892128124004 0.17788180598015 0.0419365087784774
0.0599976189884465 0.00582055437926225 0.171383250581771 -0.0708475816000107
0.0199746772244451 -0.0457753418927206 0.0884102430162527 -0.138623152955713
-0.0364373238918664 -0.0439368839837795 0.00905427153652543 -0.134536352929443
-0.0740923717008812 -0.0353348738832757 -0.0179673882703488 -0.0951255694475544
-0.0828046808713254 -0.0391341699734118 -0.0274257047276803 -0.0555815433134863
-0.089117370057257 -0.0592749400626158 -0.0413933765817681 -0.010606260857625
-0.0464434607275935 -0.0827540628184591 -0.105310772178321 -0.00859729525288443
0.0259166506684734 -0.0838814676791114 -0.178456227006521 -0.0577480302680024
0.0819525797619223 -0.0115334139257669 -0.129441229088555 -0.190517537045753
0.0248318833731458 0.0613135085629739 0.00512167908478188 -0.265697943487464
-0.0513152705508366 0.0326457399166243 0.131323242370967 -0.148522014671768
-0.0723882218124692 -0.0513259683587064 0.0867651606486122 0.0202752590527592
-0.0687763628905833 -0.0183457112100341 -0.00825410190433352 0.111722139131154
-0.0561422496963311 0.0357744876636224 0.0541856007060457 0.167887433259681
-0.000670708649176378 0.0586706804422309 0.184245921259112 0.123647780404482
0.0429228501521889 0.0200654737111954 0.226135822487803 -0.0144309858933706
0.0227475456671672 -0.0264924344267789 0.145974720799092 -0.137163276001964
-0.0251788470957524 -0.029020270634656 0.0293316016368628 -0.155837881820795
-0.0575565934750674 -0.0201996102863232 -0.032548380704502 -0.111999140635213
-0.0671782312291568 -0.0200311870703016 -0.0576085266362935 -0.0607501826662492
-0.075013215271621 -0.031965334791141 -0.0701164597239538 -0.0181611454739349
-0.0500886798210181 -0.0508089837524618 -0.122243657866139 -0.0123200610261054
-0.000382093699611639 -0.0627226531164416 -0.186200713896212 -0.0423240348586251
0.0565830469812501 -0.0213494956230182 -0.161018098465666 -0.154042725240576
0.0295277594564079 0.0463309107340423 -0.0490257432016517 -0.235098599903037
-0.0372583100344719 0.0454792387108519 0.102263868487735 -0.147717425643694
-0.0683123024112972 -0.0172834590576621 0.104584684837946 0.0315427307109917
0.0468670595994909 -0.028895330805341 -0.142855081930536 -0.020779925383026
0.0201663498257918 -0.0447166554755321 -0.0977339754510197 0.147265614013442
-0.025363333346671 -0.0216246793158626 0.0968414566652876 0.194897443906585
-0.0299175429616923 0.0213355124666102 0.190115171441068 0.101092731316408
0.0183897784264739 0.0420966459668913 0.178382368727196 0.0026435925162092
0.0437190956261446 0.0184340539985908 0.121265868527871 -0.0185741073143228
0.0498892081486795 -0.00173834290864941 0.0791230185034602 0.00211814536186941
0.044383208021643 -0.00250183708145338 0.0686378276908052 0.0407938427776272
0.0406209558326804 -0.00333274841942489 0.0382387211179269 0.107210884301947
0.0287573922811874 0.0146370161063549 -0.0562826060488314 0.13838466601892
0.00736289648104855 0.0159257326207191 -0.194482438929503 0.107577400434188
-0.0123632648047194 -0.00495777654651893 -0.250943724734886 -0.0636643451041022
0.014963930452252 -0.0260128896918756 -0.162335131363824 -0.221716376957876
0.043793959616374 -0.00806372770143144 -2.40183702778766E-05 -0.233346425474537
0.0506619354233268 0.00623319277817868 0.033627290279277 -0.145308893215903
0.00450419405285019 -0.0470469332679186 -0.130736199897029 0.000977651347097253
0.000931143867385941 -0.0274569929747417 -0.0484515678603922 0.136922939365665
-0.00568752118948248 -0.013822586328117 0.124048926644663 0.131393477192186
-0.00869939749246554 -0.00425274143021341 0.17594445181981 0.0416797955304841
0.00480731117766706 0.00105692551490903 0.152820791942693 -0.0258307151643051
0.00926325421008829 -0.0107009558162788 0.107665989976118 -0.0334693566989728
0.00896337845468371 -0.0222745904767046 0.0845046826012615 -0.00952583516258376
0.0109526000972034 -0.0234484993302661 0.0807121443169763 0.0303906370252007
0.0164755638507131 -0.029856112531377 0.0393151863078262 0.108655377000601
0.0310190927153203 -0.0149866753429546 -0.0798158829224144 0.13119285692452
0.0354677193756368 0.00175528437221917 -0.231702179721896 0.0623273804096801
0.017184883927729 0.0222244867192505 -0.240932394646632 -0.153064099186244
0.00712233880074134 0.00902643617666656 -0.0934834489584393 -0.302427334612504
0.0166199599833635 -0.00646335978429665 0.0739460499630073 -0.252208051152576
0.0285859273198465 -0.0219229373193349 0.0507301113569514 -0.142183558459879
-0.0381963772467044 -0.0522083252233446 -0.105819179359973 0.0233152159220714
-0.0120965782180474 -0.00198903926782503 -0.000926748262010234 0.117636858916906
0.0147005106858677 -0.00422491461146373 0.132427414459961 0.0681901005303334
0.00656500185408908 -0.0255895386331798 0.145596584318568 -0.01077366146406
-0.0130001156625567 -0.0290040617445355 0.113321838239207 -0.0523600484631309
-0.024775752520711 -0.0289860198666791 0.0798949565985262 -0.0511649915484926
-0.0314541471565703 -0.0347373649670762 0.0750142345113161 -0.0262739035165865
-0.0240114632049055 -0.040750791299654 0.0782303110007201 0.0143256117762294
-0.0100495648245096 -0.0566661783055901 0.0356235728461504 0.0976095582982971
0.0323925952719056 -0.0466034937553429 -0.0908944868104422 0.111678912514468
0.0652028821806993 -0.0115518368616004 -0.235815987792638 0.0152934241256638
0.042055831669812 0.0495902882066677 -0.197346457074039 -0.213131758530726
-0.00872471142443744 0.0400273679953213 -0.0142498688140116 -0.337940738074251
-0.0109868589388506 -0.0118898771219347 0.133990518500871 -0.240783546589037
0.00894525612880265 -0.0521220654423828 0.0635775790816697 -0.123190548312082
-0.0718491783021763 -0.0490790404993244 -0.0716916474432092 0.0425666549541647
-0.0229605172901998 0.0241706586403599 0.0405840058810168 0.0979552836376363
0.031168049788719 0.0107662543068741 0.13473571770449 0.0193832491877379
0.024086292505248 -0.0338805227670209 0.117767617854355 -0.0529054370075066
-0.0197099514233159 -0.0476978146470936 0.074458334011183 -0.0761453318493774
-0.0474606234022955 -0.0399888299093143 0.0469530134966176 -0.068371072784774
-0.0618826614362455 -0.0415464259672849 0.0544535910227463 -0.043980112371403
-0.0542377586791409 -0.052329588632687 0.0640404956839285 -0.00561515831478144
-0.0378714343671758 -0.0772663110920406 0.0276927780095501 0.0738538184640577
0.0254576136194671 -0.0762333740723434 -0.0891588047953785 0.0806670540701343
0.0835736521336454 -0.0312091737490274 -0.214171647071917 -0.0206077232481078
0.0639224773686193 0.0619700667421325 -0.143930546119547 -0.23302191221953
-0.0179278102462831 0.0616117731770918 0.0444163142019984 -0.329625295411815
-0.0346473586733111 -0.0147510481390265 0.164568082725108 -0.208291525641292
-0.0115954413785439 -0.0768706035514579 0.0666292400367992 -0.0895124339079712
-0.0924548547965212 -0.0440415157876445 -0.0389705174238143 0.0594166103429851
-0.0333092107037981 0.0436584948256864 0.0715724778421052 0.0877920928774459
0.0392402938832318 0.0289453262862254 0.140819768483349 -0.00680659440362507
0.0431770200019582 -0.0298768416011078 0.108742670647252 -0.0810412067785528
-0.012668774253948 -0.057476498520268 0.0511846842853491 -0.09972498345708
-0.0551826582030777 -0.0466822876049881 0.0189199684250467 -0.087370165388339
-0.0796186994119003 -0.0440864126455967 0.0286470276144256 -0.0606359354439942
-0.0763878241987317 -0.0558983405504238 0.0384403707547239 -0.0267398992464022
-0.0651610132706701 -0.0859685780392355 0.0120287312535102 0.042593186772853
0.0047276130488841 -0.0972773809623789 -0.0863937230045341 0.0463647994585724
0.0826988214361302 -0.0584941477470712 -0.189050789336088 -0.0428866275577445
0.0849059371952701 0.0486017984462452 -0.11108676993839 -0.228375691072566
-0.0105902109276869 0.0731480008980636 0.063172840106995 -0.308008590941165
-0.0502617367490396 -0.0073465501379882 0.167043631757004 -0.179030647189532
-0.0353705550247386 -0.0867868185395115 0.0674082337944109 -0.0493877526059975
-0.0983943177003356 -0.0369914155133987 -0.013427866316997 0.0775315944565975
-0.0461753944239452 0.0524014741423282 0.0908168816379646 0.0963299455162632
0.0362387041720238 0.048423717698466 0.159756285213836 -0.00344105976346429
0.0591341778437259 -0.0148124538161161 0.127690959338528 -0.0934098616484709
0.00342311412721384 -0.0577988938456434 0.0547524825102025 -0.124786445420604
-0.0502245045629509 -0.0487925075726993 0.00389322837398213 -0.111303935634892
-0.0839617463662373 -0.0419701322476984 0.0025312682440463 -0.0790718201234387
-0.0872304921968705 -0.0510144047032112 0.00626827671475037 -0.0447828823250893
-0.0861980701828561 -0.0789698241434955 -0.0117125065764228 0.0113165031607302
-0.0249360417315889 -0.100937436963836 -0.0919036720471215 0.0137611411053326
0.0597066838727171 -0.0822145828635833 -0.17779635286695 -0.0553240330450225
0.0945999377877958 0.0174166647159585 -0.109654237423002 -0.215025562022765
0.00921281933751211 0.0730491419037528 0.0457950407381844 -0.290385925634532
-0.0564770311962748 0.0117225712490826 0.153743906202554 -0.160384463489759
-0.0595678758227194 -0.0778736581524156 0.0739123768876829 -0.0103135722794307
-0.089445966491058 -0.0302960159560462 -0.00288390137980603 0.096540452269598
-0.0564669378677075 0.0481700848205099 0.087815235565825 0.126160135102249
0.0201624412595214 0.0618537735027168 0.181223507578962 0.040911931707504
0.0613252784976058 0.00559387185950391 0.174602522843373 -0.0743194654190414
0.0196167806122129 -0.0470325646916028 0.0888087212568068 -0.141936937888805
-0.0377088480126018 -0.0441201753124327 0.0077012985856581 -0.136896071561782
-0.0754081098561398 -0.0346774110061064 -0.0194623859676282 -0.097056436750936
-0.0846445321344702 -0.0383164082894677 -0.0283063597996871 -0.0567038933739514
-0.0911728496810785 -0.059187348065898 -0.0424048959878992 -0.0107127166626634
-0.0484294097739902 -0.0838317692938114 -0.107573493838517 -0.00748843455596193
0.0255552692649576 -0.0859882652952865 -0.182222184631209 -0.0562146387397651
0.0833807426368714 -0.0125522845078985 -0.134198388128032 -0.192870156471714
0.0261146747332828 0.0621355979181878 0.00183900401526837 -0.270727584786351
-0.0512280403672138 0.0335484462282311 0.132331794203568 -0.153063775983271
-0.073587435710983 -0.0516166845555804 0.088984485151086 0.0188710824532159
-0.0699021953476052 -0.0177554595779157 -0.00790303316181592 0.11357208952407
-0.0560794196107139 0.0367394413513298 0.0564683024213961 0.170090996368461
-0.00010955910157366 0.060200368976189 0.188218249800165 0.12365656394656
0.0440512164914174 0.0198738330399132 0.230503346425412 -0.0175992976354206
0.0228907655790591 -0.0270779131985766 0.147409621696475 -0.141663555406738
-0.0257667652744728 -0.0290949208038567 0.0284207789599751 -0.1582579996989
-0.0583541890805037 -0.0196671240621549 -0.0346283259141344 -0.113778045112143
-0.0685937221814664 -0.0190776024959528 -0.0592999008011287 -0.061311537364757
-0.0766070908323817 -0.031445964163761 -0.0710836030653453 -0.0179674589487735
-0.051500698397868 -0.0513852169495958 -0.124432704651201 -0.0114637745380288
-0.00117421270197188 -0.0635487895280767 -0.190228086723796 -0.0406493878635487
0.0568277823147457 -0.0224381330101531 -0.16577581541114 -0.154201150083131
0.0308322497357921 0.0469812207262353 -0.0528480027636337 -0.239384020264168
-0.0369464323162323 0.0463991989614182 0.102413365729981 -0.151696894035134
-0.069698639740398 -0.0166917575124913 0.106479088299144 0.0309235791814508
0.0467233111604551 -0.0301273095783841 -0.145770572087242 -0.0192077036057712
0.0199848557205887 -0.0456406217289118 -0.0975179657809585 0.150904195245572
-0.0258743255861175 -0.0214792238468744 0.102026828991993 0.196930066477148
-0.0299092919778069 0.0224049990827297 0.195602941543134 0.0994803788955777
0.0194014532371529 0.0424056197369597 0.181481877892008 -6.61477341242383E-05
0.0449645461882624 0.0177415236521586 0.123135396290858 -0.0202142477003852
0.0508994599180234 -0.00248875291406428 0.0804699661029347 0.000978198181314581
0.0456379248028455 -0.00367005589797268 0.0703628231846617 0.0410356543827085
0.040861351197255 -0.00398971839932762 0.0400400108482607 0.109180664555093
0.0296526135860019 0.0143742583252607 -0.0557356994524003 0.141602260084489
0.00758933141233111 0.0157732013590961 -0.196763788365582 0.111850536675545
-0.0125608546140773 -0.00452390155439935 -0.256091885194217 -0.0619372664156901
0.0144132243946709 -0.0262657519843652 -0.167647566809038 -0.224269158054821
0.0439325960424002 -0.00893696332242491 -0.00194254025669721 -0.237768194523722
0.0508589169783447 0.00553142214720389 0.0330907888730354 -0.148124016386936
0.00378553324106927 -0.047876219087483 -0.133097310403641 0.00290258126598507
0.000701645727510199 -0.0283425590720642 -0.047692688952089 0.139949078959229
-0.0058871580098598 -0.0138695623082804 0.128543650705034 0.131807971300764
-0.00915611009836307 -0.00415176764986969 0.179623164246256 0.039546748791867
0.00519430273439839 0.000890239467599158 0.155151616279274 -0.0296733564276659
0.00971813213022496 -0.0111206454770749 0.109461618611601 -0.0354011316294801
0.00905320075619302 -0.022961869025764 0.0855871180078373 -0.0107863066037122
0.0110881462373719 -0.024421431167541 0.0819010198632578 0.0300287318629604
0.016908293517709 -0.0308229468371045 0.0411113026947205 0.109790040924264
0.0315238512413183 -0.0156885170127579 -0.0797676245704066 0.134461060251307
0.0367800315063379 0.00175172287001282 -0.235005648746176 0.0656547494198982
0.0179606991276825 0.0227207871319527 -0.247445602157647 -0.153251915636165
0.00752014777072554 0.00915544975548859 -0.0995318648634436 -0.307103495968207
0.0166140181765001 -0.00686561009723491 0.0731519052888238 -0.257342314042531
0.028755605489744 -0.0226650767305501 0.0506673511553923 -0.145171592910803
-0.0388232867964118 -0.052590631896496 -0.107322851101342 0.0250716024388977
-0.0114728125527855 -0.00247297845638362 0.000304331119660298 0.119997188436815
0.0153393523826618 -0.00481124409180628 0.13551476935894 0.0677591884056351
0.00632713623108868 -0.0262134636652618 0.148253675023019 -0.0135575867864747
-0.0128676681204716 -0.0296050410526044 0.115079701242042 -0.0551437155981265
-0.02564945444471 -0.0291688721204192 0.0807619596273649 -0.0534812785408846
-0.0325175925459674 -0.0351869061927469 0.0756199261095391 -0.0279519791704106
-0.024580973861866 -0.0411680584902717 0.0798149793497341 0.0132740983351522
-0.0105830862232699 -0.0575993022152226 0.0373314245637893 0.0986715852566372
0.0325224216416213 -0.0483313062452099 -0.0913626141933136 0.114804465126113
0.0665864101559283 -0.0124918817801951 -0.240555751194256 0.0190885340232371
0.0431123895234514 0.0506321862843173 -0.203702843307417 -0.214707524703694
-0.00883566839680367 0.0413610145773584 -0.0191170009632029 -0.343457646961118
-0.0114681551424098 -0.0123131215177672 0.133894820164641 -0.246948253192806
0.00828894548171118 -0.053082407997688 0.0641693852524196 -0.126294790970609
-0.0738487807830786 -0.0488195989330723 -0.0723013111147214 0.0444127065311644
-0.0225660267419731 0.0248465295558935 0.0423878274571163 0.0993287598913901
0.0317544432495987 0.00989600361193089 0.137191164094012 0.0181660472679993
0.0241968895907546 -0.0347704217969915 0.119923866192821 -0.0553783064749507
-0.0200898957931903 -0.0486349307178037 0.0750057585533952 -0.0785650983909302
-0.0484546567942131 -0.0403813695010728 0.0465454268868636 -0.0703194982232733
-0.0632345565163339 -0.0414666749398827 0.0547974131854737 -0.0451252295530959
-0.055738359827303 -0.0520583884826402 0.065039940782601 -0.00705573253539795
-0.0391699371576274 -0.078323359122287 0.0287988321155004 0.0744580543894622
0.0250196371029242 -0.0781522452899637 -0.0900621798059074 0.0831657228018196
0.0849647719142232 -0.0327511081409618 -0.217988912131836 -0.0176344926058464
0.0661704154720052 0.062523054559637 -0.149497313179897 -0.235947884122408
-0.0176961215307917 0.0632362674798709 0.041166018229776 -0.336282228753564
-0.0354794851221834 -0.0149219919721747 0.165618456983404 -0.214414527184595
-0.0129007831451178 -0.0774515489554953 0.0677014097627639 -0.0923348781366557
-0.0943117978354758 -0.0433563836817752 -0.0390490354088488 0.0610312465474932
-0.0330305855519751 0.0442278813660819 0.0736886512572731 0.0881119069005038
0.0399840162650171 0.0289930286952954 0.143916825940752 -0.00908059739604271
0.0436905252735617 -0.0310639116351794 0.109329090816494 -0.0843030117660479
-0.0135011957138773 -0.0584500680327519 0.051346615905069 -0.102364612080482
-0.0564463610576128 -0.0464546926149347 0.0185252690139807 -0.0892178035535625
-0.0815947699406005 -0.0436854280237323 0.0278622899753824 -0.0622092526478368
-0.0782233980918287 -0.0553511358768302 0.0388244091205941 -0.0278070394765272
-0.0674729306621468 -0.0861974037836662 0.0130504215585297 0.0428684003451482
0.00371851713254879 -0.0987998171822654 -0.0876555609935356 0.0484373584128825
0.0833622205799326 -0.0606718686102382 -0.192818500632235 -0.0406847790382066
0.0871376208776039 0.0487820881794229 -0.116423510872602 -0.23138708389094
-0.00938070262284172 0.0745261108499815 0.0600536015387393 -0.314868270778823
-0.0506537475327375 -0.00710294552684292 0.167940824104851 -0.184176629568281
-0.0370117863796546 -0.0874724895040656 0.068680709049099 -0.051634002936253
-0.0998845268493841 -0.0366985340478921 -0.0133113000920492 0.0789634468439278
-0.0459050614262026 0.053614956280598 0.0932296172696247 0.0967484683136542
0.0372368577301644 0.0490296669429084 0.163012765802814 -0.00526105675201968
0.0598206401676295 -0.016101971849715 0.129247291879988 -0.0969905486174989
0.00275914251451437 -0.0588014501770572 0.0542568801255257 -0.127425640734015
-0.0516863553939661 -0.0489744945556464 0.00287573112092611 -0.113623737886327
-0.0859659855540763 -0.0416081022722264 0.00143063234941789 -0.0803593545073688
-0.089499943829615 -0.0503077335771338 0.00579565759917823 -0.0457585643147989
-0.0887641739182454 -0.0789294941070347 -0.0115348084587855 0.0108808005458074
-0.0262207396762785 -0.10253006028756 -0.0934245602457036 0.0153394981361048
0.0598117779150687 -0.0844393931997791 -0.181652587975174 -0.0533698316442446
0.0961994233591935 0.0166344615545893 -0.114233095902949 -0.216735048548862
0.0102974464052558 0.0742412979216765 0.0418727349351611 -0.296478526033738
-0.0564649126524201 0.0125247189858964 0.154971858420437 -0.165875286221155
-0.0614383857218075 -0.0782483823180122 0.0756863703644009 -0.0116567473973119
-0.0906680252853895 -0.0294611307742526 -0.00233672382477014 0.0984230649278373
-0.0565308766918876 0.0496482872158145 0.0905473480884999 0.127306457352498
0.0211472786332799 0.0624966687326519 0.18556170274759 0.0394781814947978
0.0620757031732315 0.00489424857553464 0.176489556643098 -0.0786672747928062
0.0195248552739136 -0.0483539560774718 0.0890843056562219 -0.145397560611854
-0.0388588975055964 -0.044222955456186 0.00645625991853648 -0.139465674037978
-0.0770497294602359 -0.0341526971784686 -0.0217283826256373 -0.0987447689802608
-0.0864272685511216 -0.037603710867314 -0.0297037424281402 -0.0578950447327005
-0.0940212448041458 -0.0582531467873672 -0.0428717372674748 -0.010583681564091
-0.0500465565206568 -0.0844388059369465 -0.110281559904154 -0.00649583792867751
0.0245535207045939 -0.0875989770487292 -0.185808857097892 -0.0544613005286333
0.0846316242536688 -0.0143556219340791 -0.139383628854464 -0.194307094896956
0.0277592658364247 0.0629709172621208 -0.00259880869899517 -0.276161633704438
-0.0513063436374395 0.034565777966821 0.132516575611886 -0.158191527208715
-0.0753017045971845 -0.0512602707441587 0.090911455677443 0.0173116304399526
-0.0712301144567136 -0.0169678606445206 -0.0075795572833547 0.115562447886079
-0.0562054733675886 0.038086495205233 0.0585689477898173 0.172074862929418
0.000592228495090202 0.060798439864774 0.193611487204803 0.124363840450512
0.044977814991892 0.0193613511764049 0.234874591514291 -0.0210586312579857
0.0230505535726501 -0.0279153139651698 0.148602108615133 -0.145805477921264
-0.0266871183294482 -0.0290470509184701 0.0270742665172544 -0.161142886709503
-0.0593277754443386 -0.0192115554057441 -0.0369151580958822 -0.115817270951506
-0.0697689709655436 -0.0185981327610541 -0.0610328406350552 -0.0619534567881332
-0.0783995804573548 -0.0303061541094379 -0.0726537102001564 -0.0177717121735822
-0.0533448298197803 -0.0511741245647535 -0.127340004755948 -0.00976913869891015
-0.00216268428779047 -0.0646576115185299 -0.193929479392165 -0.0384311527840408
0.0571724431592703 -0.0238700066915702 -0.170882792691682 -0.154771300513193
0.0320183612252376 0.047366320407604 -0.0582865812895742 -0.243167239599095
-0.0364158027504052 0.0472580807644074 0.101651861734515 -0.155898551486534
-0.0708089301451953 -0.0160378550697617 0.109054513300444 0.0290340641543398
0.0472560279982935 -0.0313377974997193 -0.148880990524079 -0.0169528724102877
0.0193122945753076 -0.0468606009416963 -0.0965163022173056 0.155307868585087
-0.0265980228252087 -0.0214728603365859 0.107455268397199 0.198797590661705
-0.0298517146351102 0.0234415907882853 0.200629595124283 0.0978020953043094
0.0214938347324534 0.0427153945629156 0.184846563392874 -0.00361976584956503
0.0458988211844447 0.01714724907652 0.124928714842928 -0.0226863199544424
0.0519392053132207 -0.0037382378383465 0.0817674132985583 0.000222880983092848
0.0463635228572422 -0.00452600957855129 0.0716172399766165 0.0406112166275565
0.0414813085604307 -0.00524481165611199 0.0421782170690065 0.110260571597967
0.0306300948507864 0.0139643746073149 -0.0546846043205322 0.144777131472936
0.00800544695994023 0.0156635733318234 -0.198416008144222 0.116528238491373
-0.0130224696030169 -0.00424644285115321 -0.261858909458358 -0.0592822836191542
0.0144810745843995 -0.026661049226279 -0.173846886181627 -0.225612451782723
0.0442390562626139 -0.00973877268038247 -0.00510603079940501 -0.24163205576099
0.0513162800100402 0.00464404494197029 0.0322017119614395 -0.150690072664956
0.00312214225251222 -0.048650264776096 -0.135671659070689 0.00546829369714789
0.000395669997979129 -0.0287885267990425 -0.0459563015831424 0.143424956620148
-0.00600685264576118 -0.0138109788662831 0.133277928609732 0.131450800517534
-0.00915248497475477 -0.00367508923791753 0.183618567323297 0.0367749472649785
0.0058036723113876 0.000826745296915404 0.157598823730713 -0.0323452807196738
0.00949225738600125 -0.0118090155587313 0.111280605100632 -0.0382627965187715
0.00895689752689175 -0.0237410547762451 0.0865781506846148 -0.0124125165552892
0.0110989966026016 -0.0252287062758783 0.0836234603959777 0.0293306879259141
0.0164573340252462 -0.0314382491052428 0.0431980906308024 0.110914063085324
0.0323125102477899 -0.0164217220051353 -0.0795034835943938 0.137783836733905
0.0372489446844932 0.00112072578578887 -0.238354699820151 0.0707341872478946
0.0187672867477448 0.0229799124042762 -0.254364558948136 -0.152901425049443
0.00772631952781864 0.00956743081603877 -0.105422298438924 -0.310856716442452
0.0164419426801688 -0.00747751812349436 0.0714673005624881 -0.262822274848094
0.0285007410343378 -0.0234433709086812 0.0507722722214936 -0.148195502330388
-0.0403451994111863 -0.0528056192828485 -0.109267422740159 0.0276216687435709
-0.0120103504611394 -0.00239924162851819 0.00235741264928289 0.121805501577528
0.014740829478604 -0.00527538081894207 0.139816134363819 0.0665110307511261
0.00614217819762936 -0.0265849756018387 0.150940139048642 -0.0162285138868817
-0.0136591426168542 -0.0302141242083676 0.115989916499104 -0.0577917640190858
-0.0265281650786293 -0.0295453338837265 0.081779681929214 -0.0557807400301678
-0.0330654767041057 -0.0355142251144844 0.0759025310217352 -0.0298206731910294
-0.0254854018608484 -0.0414660296001339 0.0807135648397053 0.0124018909292258
-0.0113512165969311 -0.0581754015091892 0.0393896226427658 0.0997684210250162
0.0325781703680935 -0.049395545450419 -0.0911412786499727 0.117562503888952
0.0677008513147144 -0.0138392951718505 -0.244356443172283 0.0225157474773453
0.0446651388140954 0.05110917249299 -0.210349673946207 -0.215930631650737
-0.00830562782763985 0.042485768070818 -0.024566437255637 -0.350131373499707
-0.0120208233733785 -0.0122960120969794 0.132814879423524 -0.253488089554064
0.00747527356578001 -0.053837357245804 0.0641051495798114 -0.129037048535506
-0.0756553836162852 -0.0485645606319574 -0.0730180984512186 0.046199948402956
-0.0222390671819031 0.0254589746620007 0.0445643778982457 0.0998407855506466
0.0324848376565457 0.00921890993364606 0.140207658788804 0.0158143641355687
0.0240939478156039 -0.0356310219874559 0.121314242757223 -0.0593807800522789
-0.0211171073579605 -0.049429404537917 0.0755439044471963 -0.0811854037704712
-0.0500796314146809 -0.0398747564634384 0.0466494130988317 -0.0723686044667776
-0.0654282204197391 -0.0415357452749674 0.0546650164288359 -0.0469828915400236
-0.0574462069373264 -0.0520663614244255 0.0657897475597891 -0.00860113913819694
-0.0410264060223887 -0.0788066338190877 0.0305709702012656 0.0749975609603126
0.0247601344020875 -0.0793191588454697 -0.0904860972653827 0.0858472750936824
0.0863598740242109 -0.0343644025617313 -0.221770055462276 -0.0146626895611449
0.0681647634677198 0.0630780635350965 -0.15549264771327 -0.238214889073112
-0.0170593732549221 0.0648762625084883 0.0365908774501789 -0.342678536645883
-0.0358834102694773 -0.0143407423698256 0.165916205608718 -0.221131369190997
-0.0141920415621764 -0.078467386787208 0.0681677868044662 -0.0947272758259144
-0.0959277802073622 -0.0429777539715252 -0.039335455344412 0.0628662336719881
-0.0329561662462098 0.0453082963908315 0.075931516082328 0.0889781389930693
0.0409369860582441 0.0286128416888153 0.146272536723648 -0.0113816597593864
0.0437920371358974 -0.0322612510086071 0.110606741702786 -0.0879814073848039
-0.0147980299106834 -0.0589406886495334 0.0510020132299593 -0.104825697847669
-0.0579936596568636 -0.0466131143693399 0.01703510170464 -0.091076583998906
-0.0835055986385238 -0.0432305900194669 0.0270509343625568 -0.0639088085814379
-0.0803224122731534 -0.0550184698098372 0.0389014153809522 -0.0292852658953107
-0.0699032391818934 -0.0863235681459152 0.0140805452675875 0.0429641734322591
0.00268692055540477 -0.100412868102817 -0.0886871284531708 0.050346058772937
0.084232941082508 -0.0627322687191438 -0.196816751366249 -0.0378438679215166
0.0890751125926122 0.0484158527196833 -0.120705777904366 -0.233851973490306
-0.00855400042638229 0.0761681153497582 0.0564333925196841 -0.321997324341188
-0.0514671521266109 -0.00658917366572009 0.168673826530897 -0.190493836484589
-0.0387746507535256 -0.0880784269292698 0.0702980921257778 -0.0535549830924809
-0.10135237786547 -0.0357635866550562 -0.0130769326051631 0.080225387941145
-0.0454003010540533 0.0551791757807073 0.0953543266926727 0.0968540786501793
0.0382830487669386 0.0489355186239411 0.166083379704085 -0.00774028180375283
0.0603429757527942 -0.0172863381287882 0.130132652198337 -0.100883157118618
0.00210014148528291 -0.0600534330529186 0.0530121655463668 -0.130793972087838
-0.0531594979170944 -0.048841845310224 0.000530573273064361 -0.114819256162817
-0.0878955120987122 -0.0407198899090685 -0.000473546139540288 -0.0820888530947372
-0.091742685807894 -0.0493051254712083 0.00463682005070706 -0.0471433918358354
-0.0915652194347232 -0.0785283267181231 -0.0116076980794388 0.0109539926618447
-0.0280415512793557 -0.103566038500455 -0.0951669323656404 0.0169499998905885
0.0595387043586733 -0.0868607227803737 -0.185411228506326 -0.0508511878451959
0.0981397253119027 0.0155676062201448 -0.119368375705164 -0.219512129781734
0.0116568434181684 0.0755897652187319 0.0377876576326584 -0.302706831594951
-0.0569723095004687 0.013375035246232 0.155092864418642 -0.171491922588807
-0.0630068169582259 -0.0780745729215348 0.0777548618845351 -0.0137084193002008
-0.0920377342441666 -0.029332614910059 -0.00164042959350574 0.0997139567622231
-0.05637130228988 0.0512484227297592 0.0930751556629831 0.128535264991014
0.0223277546997594 0.06340260244164 0.18973430265556 0.0371476988981749
0.0634813531454112 0.00375299459444626 0.178743323813849 -0.0826973426387877
0.0190876874123523 -0.0490250011511872 0.0882172774451326 -0.149942497880303
-0.0401001061732256 -0.044201688914298 0.00418192914460723 -0.141781514034562
-0.078630219489801 -0.0328786208361266 -0.0234962475464587 -0.100215942094962
-0.0884107822006776 -0.0363543700417037 -0.0310872860575935 -0.0586667361368351
-0.0967946405716895 -0.0575332086415606 -0.043511404694099 -0.0106780279864424
-0.0520851485057458 -0.0847179914110439 -0.112527839721205 -0.00463171629112393
0.0235216116667634 -0.0893866211374484 -0.19012515436066 -0.0518378761515947
0.0855686140519593 -0.0159408725327116 -0.144835287449494 -0.195899778093191
0.0293439031137512 0.0635732581667561 -0.0074809042220764 -0.281316566220566
-0.0509847794870256 0.0355749768702094 0.132610041639905 -0.163750752321359
-0.0771994811502006 -0.0505910708226415 0.0934165291157244 0.0161361037564658
-0.0721735186148197 -0.015981023964005 -0.00660511299334444 0.116922781609068
-0.0559471728997339 0.0396971325450866 0.061044007213218 0.174377487075067
0.00182508149288393 0.0617621459792713 0.198774284077873 0.12352073247122
0.0458977602539805 0.0194913790497566 0.239222680930179 -0.0248966391965528
0.0230258088962763 -0.0289914034038232 0.149271465898524 -0.150571466223629
-0.027361777116716 -0.0292463235069451 0.0253501719517306 -0.164052647701068
-0.0606914190262127 -0.0183502963419824 -0.0395391889191965 -0.117075243749648
-0.0712008500190825 -0.0172695173045301 -0.0631080065414548 -0.0624774521977836
-0.0803604274306377 -0.0292763715895879 -0.0742735734036609 -0.0172691047114773
-0.0552033072768166 -0.0509555744080433 -0.130093190676729 -0.00785636815620139
-0.00343839589146897 -0.0656899964726033 -0.19793257555027 -0.0351190249959446
0.05793423512908 -0.0254518182165891 -0.176526448192509 -0.15450445687
0.0333121408028877 0.0477509308098052 -0.0638638818914794 -0.246432894160181
-0.0359266613451249 0.0485876426824881 0.100789385999615 -0.160838692606572
-0.0720303689840854 -0.0153266917016122 0.111745181899298 0.0275325770980854
0.0472714338280905 -0.0328423292772082 -0.151558245435007 -0.0143908711643412
0.0187615742274675 -0.0477220736827755 -0.0953502320371971 0.160005638463878
-0.0277829142272615 -0.0210971109859451 0.112789977762045 0.200110940620224
-0.0300821009406465 0.0247958262784302 0.206223951327146 0.095315017074815
0.0226296840001437 0.0425141517994218 0.187907519456493 -0.00741675532347752
0.0472180966432833 0.0162821257878205 0.126916850750544 -0.0258722281760014
0.0528228979657387 -0.0051725005141999 0.0828730429804965 -0.00110836723887906
0.046946907339365 -0.00546225353737878 0.0734389728284332 0.040349089592034
0.0421230899337664 -0.00574339588749321 0.0444077894527194 0.110879567140379
0.0317289191330666 0.0136431388172729 -0.0538183272120542 0.147474853949987
0.00837041280503539 0.015928638283526 -0.200458511523988 0.121962578510554
-0.0128805991384453 -0.0035288536770157 -0.267060257954323 -0.0569186567924987
0.0143825532616551 -0.0274008542571122 -0.180616642689294 -0.226913479222668
0.0447776248659875 -0.0106902533650184 -0.00834001133751895 -0.245720222871951
0.0519060731851841 0.003734399127448 0.0313037913213971 -0.153908007842892
0.00253875471333109 -0.0494873296098206 -0.13778142441067 0.00791799077594043
0.000321974144149325 -0.0293569965556469 -0.044339383993305 0.14673897205382
-0.00636311724675634 -0.0141155919050247 0.138236977667926 0.131638087017221
-0.00896355698931647 -0.00365439339755276 0.188109841889765 0.0340076171411706
0.00582726944556222 0.000181810898530407 0.160107290709329 -0.0362480533230029
0.00938934659965456 -0.0126409357648336 0.112256484255534 -0.0413197216378063
0.00900999058087255 -0.0243672060445097 0.087760190754273 -0.0141807805549863
0.0112515895713387 -0.0260526401852996 0.084865682286666 0.0283345390291599
0.0165329016611189 -0.0326518647682535 0.0456118042676954 0.111643194165163
0.0322717678649538 -0.0176473181554568 -0.0791842536965423 0.141283327813909
0.0384826978316278 0.000356843906894892 -0.241774450261843 0.076128313762631
0.0195368472921995 0.0237180538244927 -0.260517325384815 -0.150940224954223
0.00731796213744824 0.00978337946118772 -0.111580866346102 -0.314759125017933
0.0164422369302172 -0.00793360395002556 0.068808367638935 -0.268584137456255
0.0284791636563155 -0.0243473222306567 0.0499705716493087 -0.151531992813783
-0.041892171994032 -0.0527599927332292 -0.110512601089543 0.0300383591191298
-0.011993084763168 -0.00232054335233863 0.00418170785316276 0.123660385166411
0.0149476279990526 -0.00570195002943997 0.14347279387663 0.0647182927498102
0.0057979800744356 -0.0271825703465335 0.153466577448725 -0.0199029272388046
-0.0141891877468339 -0.0302101603835955 0.117474048290609 -0.0611864840923961
-0.0273247699291967 -0.0293593229251011 0.0821902349349056 -0.0579366662494357
-0.0342526746189733 -0.0358971860386895 0.0764669402754742 -0.0312750788602784
-0.0263189726151573 -0.0419462101231961 0.0825587034362536 0.0105648201373107
-0.012559733657159 -0.0588229955018979 0.0416605267636349 0.100525239783805
0.0327292771069769 -0.0507439383370125 -0.0912095997584288 0.120945900369828
0.0688192090275396 -0.0148094301942633 -0.247875842300828 0.0270726128512702
0.0463671152299522 0.0520137048782897 -0.217178258587239 -0.216451006830126
-0.00749233327105495 0.0432021958120797 -0.0306785562661616 -0.355523651815771
-0.0125289878673045 -0.012530475064137 0.131884632494637 -0.259252590897394
0.00670842063716433 -0.0549831023789981 0.0637470521161275 -0.132140811523888
-0.076921877394233 -0.0480998078216949 -0.0736261992075801 0.0483997515234788
-0.0224294409548017 0.025287983887915 0.0467950309953065 0.100849408383113
0.0327429660298389 0.00898432185012158 0.143142637618118 0.0131563484133464
0.0237407142798561 -0.0364862722309422 0.122705922933975 -0.0625824357967317
-0.0223637893892638 -0.0496933291049078 0.0752010433911944 -0.0838068344953473
-0.05132158667068 -0.0400174208945318 0.0461680612082111 -0.0743059603421268
-0.0669260410885189 -0.0411893347938826 0.0542871509519464 -0.0486125593485449
-0.0589376924374944 -0.0519797699706528 0.0661378645762013 -0.0099803177926947
-0.0426601300067484 -0.079114214742269 0.0323119900819621 0.0752594229623934
0.0241711082875854 -0.0814052571706057 -0.090898364872838 0.0884702639425235
0.0872861276320701 -0.0364375570064658 -0.225850369527335 -0.010869289104869
0.0706654319820774 0.0634595204511326 -0.161476850651831 -0.239857816978281
-0.0164641087623186 0.0662889432965165 0.0317106364165045 -0.350067046563861
-0.0367888564774469 -0.0144161261581569 0.165317792074712 -0.227553116997666
-0.0158467841770949 -0.078990460868934 0.0686809752057388 -0.0972279664207923
-0.0978520671424804 -0.042166240999463 -0.0392153269645592 0.0644439445444185
-0.0325107290787167 0.0461415688176846 0.0787082190381616 0.0887043004790973
0.0420777237431034 0.0280605465143601 0.148566224336127 -0.0143526182475232
0.0441073149263504 -0.0334162872616747 0.110798046027361 -0.0918016229613872
-0.0161085003803212 -0.0598148194885204 0.0499208064412652 -0.107824939648964
-0.0597667616590203 -0.0461852594334926 0.0157519215046785 -0.0930579590667463
-0.0855282509618632 -0.0423778118178016 0.0262505887650213 -0.0652675375243074
-0.082776075570755 -0.054138911516048 0.0389140833874993 -0.0306511860874924
-0.072589048281424 -0.0863706299321605 0.0151583141360995 0.0430196113359096
0.00142906292870974 -0.101836651433809 -0.0894077562372222 0.0525416802267766
0.0845375700813271 -0.0651869618671574 -0.200918123046613 -0.0355163910074082
0.0916546444045497 0.047910954604071 -0.127406478960727 -0.236386462626811
-0.00731662119064484 0.0775238188931461 0.0522300837937619 -0.328983667771748
-0.0520325078332769 -0.00593469224438855 0.169035450323633 -0.196328163560701
-0.0408127290450395 -0.0885113882306846 0.0713495512585738 -0.0553715161296583
-0.103291570670287 -0.0348554369427675 -0.0122790365201747 0.0818247358479234
-0.0450600320205584 0.0565148287736888 0.0985008291502251 0.097040502531577
0.039668537703555 0.0488980914960098 0.168582470778315 -0.0112031968117682
0.061208600910098 -0.0186508988428546 0.130449566347872 -0.105095905398312
0.00114636736998064 -0.0607297738999491 0.0522870298514319 -0.134007581308989
-0.0546743576313966 -0.048752888674212 -0.000909919053433643 -0.117106398290721
-0.0895347897860343 -0.0400309106445252 -0.00222212188322542 -0.0835578602015753
-0.0939999167384092 -0.0486191195770408 0.00418840589967513 -0.0483374573349879
-0.0943056966514596 -0.0781852783987331 -0.0114457306111043 0.0111293922359016
-0.0299071019636438 -0.104889894712706 -0.096643032786781 0.0188011062356607
0.0593895555371328 -0.0891881720409533 -0.189447209175736 -0.0480277592426429
0.0997683788844767 0.0140539757406531 -0.125410400385104 -0.221328978386828
0.0131162736024763 0.076500109713145 0.0330467712422928 -0.309008039629542
-0.0574201804173555 0.0142417018871915 0.155077166382306 -0.177421889273315
-0.0650762697899912 -0.0779840271982674 0.079648574956203 -0.0153190293258506
-0.0937807214888813 -0.0279534373601596 -0.000616519029517647 0.101311989626573
-0.0559126940741585 0.0527225815467511 0.0961157735182359 0.129018767064255
0.0236912542566726 0.0639679194406851 0.193588302673744 0.0351557415232007
0.0644732028088255 0.00289197087128308 0.179957645202536 -0.0873205055201438
0.0189071830581283 -0.0503929621993924 0.0873940945285846 -0.153495612975524
-0.0413077943930214 -0.044076039260473 0.00203372453962009 -0.143716453397474
-0.0804568638527477 -0.0322688371555717 -0.0258134630154619 -0.101297436807084
-0.0906544201231525 -0.0351651077490185 -0.0325652977707358 -0.0592114386682028
-0.0989826233376431 -0.0565324248102578 -0.0444133841704432 -0.0106197152378381
-0.0542596600684204 -0.085119141611789 -0.114488143490957 -0.00271913925341035
0.0222337639720762 -0.0912996858533745 -0.193975869040073 -0.0490469900496965
0.086150540117252 -0.0175810287558386 -0.150421499844562 -0.195890264193105
0.0309460776747236 0.0641712186452974 -0.0133256138131058 -0.286557266789837
-0.050993875782384 0.0366052370896267 0.131970132206282 -0.168553701387408
-0.0786376633048914 -0.0500676483975028 0.0956128828668424 0.0140636551519841
-0.073116877511253 -0.0154483454817714 -0.00596658372113619 0.118807521601151
-0.0558258472731116 0.0407905822401612 0.0637856318302169 0.176431631291418
0.00271333328002776 0.0625294009242244 0.203608513277641 0.122451415019643
0.0470062122345061 0.0188211998424961 0.242719128607469 -0.0292878945943044
0.0230623087891636 -0.0298105797581139 0.149348343316626 -0.155497474275197
-0.0280370508471465 -0.0289229554084596 0.0228810120627823 -0.167674955756217
-0.0620277589134885 -0.0171599690780135 -0.042078907123269 -0.118068499766913
-0.0729701549683623 -0.0158389572282402 -0.0651704094498889 -0.0626943187519761
-0.0823164985109439 -0.0280452230356027 -0.0756647175841132 -0.016575329467384
-0.0570365003686599 -0.0508816878485818 -0.132848091987543 -0.00563882172867293
-0.00461985537110781 -0.0671440564896198 -0.201941067529124 -0.0316534237340643
0.0582364408513843 -0.0264619843215763 -0.182307428745169 -0.15407853425468
0.034721689531727 0.0475338651190292 -0.0697522420318217 -0.249628781434723
-0.0350998253659448 0.0494032763454502 0.0993385551433149 -0.165362024100504
-0.0732782671796633 -0.0143583551572487 0.114098292496626 0.0253672270917413
0.0473446471934756 -0.0336887864562504 -0.154015760168367 -0.0120950623175994
0.0181311041995967 -0.0489293584274461 -0.0937328808006438 0.164714602694672
-0.0282910471999408 -0.0205361474139033 0.118765806547681 0.200983082130488
-0.0298576056343444 0.0254565127355485 0.211800950467536 0.0929294688213928
0.023785434295261 0.0426008024396021 0.190425407151797 -0.0113283862751631
0.048281102895703 0.015463791831566 0.128651111819028 -0.0285112611863089
0.0532577885164785 -0.00614964223601977 0.0844178791014611 -0.00268036923539718
0.0481397488836099 -0.00647669631719747 0.0748826494878637 0.0396298611438897
0.0426183901235772 -0.0066227475773469 0.046971555904674 0.111968425858476
0.0323449133706514 0.0132458984020171 -0.0525491315482158 0.150854625379555
0.00918279751266737 0.0162250310422959 -0.20132213367061 0.127349005093674
-0.0127838972850696 -0.00309848125969138 -0.272458292143934 -0.052774847497806
0.0140463006460487 -0.0278904662421357 -0.187077975614987 -0.227347376667532
0.0450076724007354 -0.0115161297304003 -0.0125207364858677 -0.249920414339496
0.0524434128960715 0.00267521767713168 0.030017550351005 -0.156305900978743
0.00144912582769941 -0.0498494033623896 -0.13960251867209 0.0108016165342278
-0.000356873531115177 -0.0297007156002497 -0.0421283911765104 0.149463075483821
-0.00716051945399064 -0.0140143971742157 0.143357920031687 0.130640676321001
-0.00896996228958571 -0.00316670947454287 0.191873515506734 0.0298084032020435
0.00654356566178567 -0.000225235990351976 0.161783298431299 -0.0396218794894226
0.00913892815116312 -0.0127381285131809 0.1140239397673 -0.043725289589697
0.0083437559888318 -0.0249911360887461 0.0891320036402656 -0.0157033982374446
0.0110997938892372 -0.0265258176007494 0.0872207377478524 0.0273732988512691
0.0158559732636341 -0.0336768174385071 0.0478955655134446 0.112867952007803
0.0327765877351717 -0.0186472198074977 -0.0778513084053262 0.144606029132245
0.0392808021359122 -0.000475479925925145 -0.243675858377769 0.0814604072323188
0.0205276434666999 0.024151674465544 -0.26677572360349 -0.149311106599375
0.0077313290477283 0.0101827886585453 -0.119251632712474 -0.317840346655984
0.0161384547898322 -0.00845163254345524 0.0659834594595046 -0.273922121543178
0.0285963309910713 -0.0251769889086187 0.0489093563413435 -0.154064584193581
-0.0432029299922091 -0.0527815773344542 -0.111438863040443 0.0323613095739265
-0.0118130006848719 -0.00246065275187049 0.00658815845299742 0.125270673531206
0.0149132240591836 -0.00615033137195754 0.14720669949148 0.0628462144565448
0.00536634123750919 -0.0275630380364847 0.155532755640786 -0.0236688070609979
-0.0148381208422617 -0.0305672383311405 0.118420732822922 -0.0651924810297907
-0.028265572633404 -0.029669017834782 0.0823340954807514 -0.0604703581864053
-0.0355206879051348 -0.0357538098253858 0.0772078823330872 -0.0333091796431752
-0.0270401501332614 -0.0421691252136659 0.0833398878535503 0.00904160583221416
-0.0136430112007171 -0.0600093790964988 0.0442536293173407 0.100812425788101
0.0324328535870576 -0.052264486819601 -0.0910357936827219 0.124474913239758
0.0698720384780076 -0.0160979634677855 -0.251312787477336 0.0317888827589783
0.0481702992014071 0.0522148357044652 -0.224180086035221 -0.216401087562487
-0.00721440811025121 0.0444611252655695 -0.0373744312279632 -0.360403879841386
-0.0131977898620717 -0.0123276291914436 0.130058501224419 -0.265132682611459
0.00567098997521417 -0.0555933462403393 0.0633627355894371 -0.134853466662338
-0.0787110852187543 -0.0474902426292396 -0.0743473181577041 0.0499252488662696
-0.0217926290328249 0.0260967040235482 0.0488906239183788 0.101802033536523
0.0332988693158926 0.00829739208346273 0.145791542783511 0.0108777818707549
0.0231210656924429 -0.0377846427188778 0.122858205329841 -0.0664726511658777
-0.0235890444528792 -0.0499061731094009 0.0751479352068094 -0.0871170390163307
-0.0531542704045484 -0.0396516917687065 0.0458115049402789 -0.0760853104140964
-0.0680927338956453 -0.0409176650924225 0.0538017026653939 -0.0505702984107854
-0.0602595021772122 -0.0516310686997476 0.0666603307637045 -0.0118171359767491
-0.0450212137661671 -0.0801573110589526 0.0340937767440476 0.0755777448907781
0.0237665841919965 -0.083152002789813 -0.0910915758681738 0.0911220674854227
0.0879001405898918 -0.0385461861575046 -0.229694364967659 -0.00706142888410447
0.0724539676193244 0.0634797388040671 -0.168318791390134 -0.241498290918022
-0.0155558454211992 0.0679819909083189 0.0254727421516315 -0.356201914803762
-0.0376174339046159 -0.0138351936679032 0.164863527044523 -0.233624476644937
-0.0174170989229684 -0.0797028486594342 0.0691103474047485 -0.0998571129181505
-0.0995861214330447 -0.0410897873713011 -0.0391962797760642 0.0659179050482866
-0.0318032194338452 0.0472429169320482 0.0811163984703133 0.0888620222572251
0.0431193293180327 0.0273942530137513 0.151245055536928 -0.0173306222091632
0.0440994306531987 -0.0348409294242897 0.111070499423568 -0.095798835092946
-0.0169633053548095 -0.0603499210688632 0.0492667298388081 -0.110525934893519
-0.0617964588032285 -0.0457737861355443 0.01432895325944 -0.0944765845839556
-0.0872439785368937 -0.041477402659623 0.0252221764151155 -0.0671856044136705
-0.0846909716888421 -0.053308430367687 0.0385362905494299 -0.0324050768117233
-0.0747825552862587 -0.0863871482759178 0.0159117287726374 0.0430343016907659
-0.00012692151876367 -0.103387614533294 -0.0900794806551202 0.0547181954373252
0.084818452856821 -0.0674884520500535 -0.204184773687616 -0.031925319196101
0.0936101779929311 0.0477099577747507 -0.132944551235798 -0.238142091901161
-0.00588428576625192 0.0790974140890384 0.0462590162803482 -0.33550874113729
-0.0529644507158207 -0.00520656128819043 0.168597889638037 -0.202667315838449
-0.0428153653408793 -0.0888777595684713 0.0722869777609971 -0.0578299567080189
-0.105620633248087 -0.0333779827015773 -0.0113949765710754 0.0834293160400259
-0.0444039191303445 0.0574296094972268 0.101181368190507 0.0968809796751355
0.0408565903135746 0.0485299771712552 0.171260477785224 -0.0135757742119692
0.0618319089335274 -0.0197464973484473 0.13090235163349 -0.109580705002898
0.000504039111005408 -0.0614829224689075 0.0506948353069876 -0.137078798901102
-0.0564855048350626 -0.0481542678603674 -0.0030812787456804 -0.118846782013938
-0.0913551971615816 -0.0387194488466307 -0.00409673822955492 -0.0847075486844747
-0.0961146615510627 -0.0471911544224844 0.00323725909030757 -0.0495674909134131
-0.0972373209547865 -0.077184585394318 -0.0112687026540072 0.0107667123535645
-0.032276601366428 -0.105830110744677 -0.0983050554506429 0.0209556192463006
0.0583853652571149 -0.0914973338135011 -0.192866155487379 -0.0450758031276315
0.101535565598722 0.0127209020506657 -0.131581434055959 -0.223030790686002
0.0146626813131149 0.0776770638419903 0.0274343106595023 -0.314715374833037
-0.0576907183655834 0.0152615306884648 0.155146178785942 -0.182936300601498
-0.0675579946159223 -0.0778895338746763 0.081031889094257 -0.0171179111638124
-0.095772562494322 -0.0266237653795951 0.000203842906931749 0.102770735865812
-0.0552576189782493 0.0541021722373397 0.0989720307085734 0.12921353995011
0.0250074184250386 0.0642850111976516 0.197661301336745 0.0325869186294802
0.0650982747031965 0.00181525742114898 0.18194882538353 -0.0923448338912656
0.0183718022992938 -0.0515643523514165 0.0865803170495495 -0.157595894447648
-0.0424871067651892 -0.0439901353224104 -0.0004631595895202 -0.146065466675507
-0.0821733289259263 -0.0308907117668149 -0.0285741015109948 -0.102666841753025
-0.0927216752373459 -0.0337425362780766 -0.034080391953473 -0.0598131325889747
-0.101813235420336 -0.0552642576049099 -0.0453444710326911 -0.0102173143196567
-0.0564161731997213 -0.0853248233586404 -0.116736282339266 -0.0003889976826509
0.0208491986339572 -0.0932517579935813 -0.197923893149574 -0.045892799614633
0.087591161000713 -0.0193058454364301 -0.156918529607382 -0.197052626023339
0.0327034259498331 0.0648722597439153 -0.0192050263756421 -0.291106516162946
-0.0503451043140034 0.0378057332242825 0.130785292069821 -0.17382489757843
-0.0807315893744002 -0.0492234860059408 0.0981512958632542 0.0119176331603219
-0.0746365465225303 -0.0141017455317183 -0.00480049511686344 0.120623758512899
-0.055431092628975 0.0425406734159099 0.0671054524048417 0.177713434647361
0.00380624917077239 0.063078537802461 0.209350875937529 0.12104898782506
0.0477284950731995 0.0185404965298233 0.246132295127355 -0.0340798408014966
0.0227348345705102 -0.0302478488842041 0.149435892877965 -0.160542771050067
-0.0291928069336384 -0.0285724506527759 0.0206713398787917 -0.170595022368379
-0.0630691165607448 -0.0156575149273068 -0.045132474250635 -0.119374481329085
-0.0742962864158525 -0.0140799388795762 -0.0672819936912858 -0.0629008289398034
-0.0847227524066984 -0.0262274320025425 -0.077312538379646 -0.0158370512026664
-0.059144405682327 -0.0501528553291643 -0.13501938023679 -0.00341384968995106
-0.00615891028761684 -0.0680228601910816 -0.205366941102835 -0.0278798880763966
0.0582938511110139 -0.0281156942622459 -0.188697674240942 -0.152888445182075
0.0365069096507164 0.0479336196503963 -0.076419596019979 -0.25243260576683
-0.0342328972738714 0.0508259795710296 0.0977530619433764 -0.169909462510041
-0.0741790424384788 -0.0134653996583043 0.116133845264605 0.0235195938254303
0.0471245772513197 -0.035211422653219 -0.156294053762168 -0.00856952803864766
0.017795223079551 -0.0496045044648628 -0.0912916881640403 0.168846503130885
-0.0293406660841954 -0.0207122280566273 0.124726225976759 0.201116623965422
-0.0296172301154147 0.0268352915843057 0.216473596482713 0.0888688697300901
0.0255771353806709 0.0425389139822463 0.193141280924722 -0.0158234289588443
0.0494850325773707 0.0141954661521758 0.130162203216579 -0.0323310708077784
0.053908358900611 -0.00748937291272651 0.0853993458314251 -0.00426692147942488
0.0488680459265151 -0.0077100550736955 0.0769654851639723 0.0385833260464359
0.0428620992181716 -0.00826235723509291 0.0495307042112312 0.112595648273463
0.0331832739775311 0.0126232624156792 -0.0508495242266073 0.153960164276528
0.00945386717715677 0.0160923103102507 -0.202304142336562 0.132968425544879
-0.0130181924834328 -0.00245781075885812 -0.277390571024428 -0.0487188783339502
0.0134274564144644 -0.0279572119651308 -0.193656093375342 -0.227036137692832
0.0453054499371434 -0.012769367419722 -0.0165192605728649 -0.25307880992535
0.0524723390895916 0.00153039771575249 0.0281435994726502 -0.158911381051769
0.000821645022179739 -0.0510506811793911 -0.141540353161584 0.0136225392119445
-0.000986716793315632 -0.0300821311941131 -0.0394745515137446 0.152786191108801
-0.00741378699226761 -0.0147100537797778 0.147649573194472 0.129432261492045
-0.00971617849884733 -0.00317978556573449 0.195337387515802 0.0263334874524989
0.00662614786231691 -0.000147894986349404 0.163220178886026 -0.0441144535749219
0.00917384271663689 -0.0135254533339918 0.114348537919595 -0.0471047682059422
0.00828520445975322 -0.0261612046771958 0.0896407835458822 -0.0177944875562293
0.0108243673144236 -0.0277232043022486 0.0881468948949673 0.0256431143379247
0.0157849505696157 -0.0342372575901641 0.0504560060455419 0.112791744909587
0.0334927150644836 -0.0194122853202033 -0.0768110484191677 0.147755260387193
0.0399127192505853 -0.00136047611358049 -0.245814775773155 0.0874175464591229
0.0212883642380869 0.0240366498959942 -0.27458439326109 -0.145893830569238
0.00847198534593472 0.010259369683199 -0.126617984562687 -0.320149995649158
0.0160874586051057 -0.00870099247737256 0.0616998223847533 -0.278702559586614
0.0279854691507209 -0.026047987312586 0.0474824907370335 -0.157276372637356
-0.0447951125823914 -0.0523364088420409 -0.112331960532025 0.0344231813958672
-0.012106132508813 -0.00234520877628758 0.00904085850207621 0.127221092765492
0.0154992393243857 -0.0068498834656311 0.151423267381379 0.0603363292702098
0.00437236312595277 -0.0279329142701923 0.157556609893777 -0.0278604633779593
-0.0154459606296654 -0.0309424471808785 0.118467576806042 -0.0688099922561461
-0.029572570843343 -0.0292381751474059 0.0824342482876534 -0.0630952262953813
-0.0367770426373562 -0.0356702778634621 0.0774036764488735 -0.0348897669301484
-0.0289233122790925 -0.0419433984000574 0.084508689063197 0.00795975346507923
-0.0145848203703129 -0.060563971678982 0.0462540162832982 0.10129881698505
0.0329112546475115 -0.0535798433013214 -0.0897024840742722 0.127332982405957
0.0703748982889969 -0.0180596304027372 -0.254403181716934 0.037863998905701
0.0497228980677255 0.0521557798148964 -0.231352511278753 -0.215303263602973
-0.0062344623113582 0.045361573842358 -0.0452022071450009 -0.365383634496488
-0.0137504386294022 -0.012629323467659 0.127796748655261 -0.271551120289587
0.00500529167074994 -0.0559822108089669 0.0626143498072742 -0.1379167595381
-0.0806463719600604 -0.0463560468150577 -0.0741316285506803 0.0524649279730938
-0.0212824893961327 0.0262704322063863 0.0518360762101011 0.101922085978101
0.0339540307225467 0.00770697852655902 0.148425050004905 0.00768441651561143
0.0224932573460733 -0.0387943838809028 0.123926146086312 -0.0702214211389567
-0.0248511226537106 -0.0501359698011722 0.0745588495804282 -0.0903955231921721
-0.0543646387159038 -0.0391702869399157 0.0448087285578255 -0.0782284316346698
-0.0695146711278911 -0.0398346934743905 0.053246152158653 -0.0523079074783395
-0.062039059082084 -0.0510909509397866 0.067520734809192 -0.01367798481589
-0.0464601408175268 -0.080310305221399 0.0357372655860397 0.0757160615314451
0.0226616501476374 -0.0845042074064683 -0.0906686452796859 0.0940200034106787
0.0887930745633911 -0.0405350312265164 -0.232857909252188 -0.00284610939853217
0.0748447414384444 0.0631779980942821 -0.175215712483298 -0.241844111515753
-0.0142851669144582 0.0693492731345987 0.0186311229208123 -0.361544454267023
-0.0383269505327162 -0.0139571720181773 0.162488900641754 -0.240173046834975
-0.0190808758546075 -0.0800532395302055 0.0691841799481128 -0.102291373267574
-0.10136159255085 -0.0394597967336639 -0.0382581136179787 0.067619725387041
-0.0309750338440255 0.0479187285498457 0.0835937594130328 0.0884323465135397
0.0439532061165656 0.0269512361153134 0.152953877903089 -0.020566207032034
0.0438140331683164 -0.0361809752567532 0.110611958537675 -0.0995012429362338
-0.0182918565349172 -0.0605477957942106 0.047778904134301 -0.112578242999001
-0.0631928791809498 -0.0449428097490836 0.0129218717735506 -0.0966864672726242
-0.0893295124534599 -0.0403326371218172 0.0237944289298763 -0.0685946762441249
-0.0864879590077887 -0.0521605232311694 0.0381125714873564 -0.0336192752382379
-0.077345691224703 -0.0861424684780015 0.0167934140922122 0.0425911043018795
-0.0017571733688006 -0.104572734267438 -0.0906469305984659 0.0573009403970605
0.0846504673537117 -0.0700079886416286 -0.207595076558909 -0.0280168962007777
0.0959728619464965 0.0467735649349597 -0.139250922186241 -0.239586635100518
-0.00477557255922739 0.080397584484514 0.0396193412772072 -0.340405404334776
-0.0533166454495428 -0.00460647103902588 0.167532346597497 -0.208556347151276
-0.0449282608685089 -0.088553347438644 0.0735735109629248 -0.0602469843919812
-0.106887137107508 -0.0317127589374468 -0.0109234299648273 0.0842080063089765
-0.0431613101331272 0.0587120043779502 0.103836917656953 0.0962569450073595
0.0422401784023816 0.048321914875477 0.174122854546807 -0.0177019884215444
0.062123041306232 -0.0214469018191869 0.13081587442154 -0.11387198877113
-0.000888353919839161 -0.0625758557058621 0.0493721454850908 -0.139664850752509
-0.0578045855334425 -0.047729321336839 -0.00532972300581001 -0.12012006746122
-0.0938639085381255 -0.0373512998217757 -0.00577594232476646 -0.0856920201563057
-0.0986051145271364 -0.0452549985314816 0.00189892562436126 -0.0506419928318972
-0.100239104272438 -0.0763825972185692 -0.0111945011090115 0.0106617139110363
-0.0342955731574657 -0.106325249771235 -0.0992334627741452 0.0232347207154738
0.0574454016135925 -0.0939675169828136 -0.195995776521429 -0.0417491740268132
0.103560399327075 0.0111139363637487 -0.138231818373399 -0.223686800259297
0.0167185112909754 0.0783783792897474 0.0202356724646018 -0.319569740928365
-0.0575763357108638 0.0164059906887302 0.153910951678039 -0.189018354883068
-0.0696835574294518 -0.0771969621167676 0.0826468191208332 -0.0198907608993652
-0.09689718527317 -0.0250502570299032 0.00173022348409305 0.104079414907563
-0.05460785064978 0.0550947273027029 0.102246454651057 0.129421163036521
0.0267113075445908 0.0641699995424371 0.200968936515733 0.0293185114752078
0.066613585623546 0.000569109595121098 0.18246475922509 -0.0973399449913139
0.0177650784721396 -0.052482301174883 0.0850307221946396 -0.161280753274478
-0.0438838730443394 -0.0438244600812463 -0.00317998890824043 -0.147672734389372
-0.0835852753891396 -0.0294858449095549 -0.0311035135744608 -0.103137555854183
-0.0944364629771242 -0.0319602645983293 -0.035759820614704 -0.0602997699635755
-0.10423694857181 -0.053841419604861 -0.0463909968607463 -0.00992947845913619
-0.0590409983784333 -0.0850120825903824 -0.118471921125629 0.00175899650282534
0.0194679344933722 -0.0948323457462272 -0.201347423726812 -0.0417592761637009
0.0878467898289867 -0.0216144372031663 -0.163617257156561 -0.195875539722574
0.0347115711359136 0.0646823963825437 -0.0261772273532193 -0.295152340287303
-0.0502408466443065 0.039049584961661 0.12960001684944 -0.179592327706732
-0.0826735174675001 -0.0481577112089849 0.099703307247928 0.00945925583900021
-0.0758033666687484 -0.0131120673959243 -0.00358292198906919 0.122283776314201
-0.0551791341522788 0.0436878143278679 0.0703642701464659 0.179365924558653
0.00511905174586469 0.0641051974000766 0.214674405495843 0.11916897966941
0.0490181848084321 0.017674735067827 0.249258017598526 -0.0395330500536606
0.0222682242898842 -0.0314886344583368 0.148094145907139 -0.165874874347343
-0.0301386149883147 -0.0282957348846135 0.0176693302351635 -0.172748976170119
-0.0642174415678105 -0.014539550024128 -0.0482447442528425 -0.120005937125617
-0.0755213117972001 -0.0123364228663558 -0.0695247192795969 -0.0625171286146047
-0.0863030170484074 -0.0246305315594284 -0.0784754114174458 -0.0145856293453058
-0.0609570688797661 -0.0496176497185492 -0.137235825848109 -0.000382463199500547
-0.00761290997658724 -0.0682006168254324 -0.208922131858474 -0.0238718583372081
0.0584626177492971 -0.0298378379868764 -0.194440916253388 -0.151388461672048
0.0381791761802593 0.0476132618491532 -0.082966126516051 -0.25428476873514
-0.0332089748983759 0.0516589581602724 0.0949018479737763 -0.174223668553288
-0.0750364445870506 -0.0120899516590406 0.118364475147715 0.0208810878151309
0.0466775585657289 -0.0362121677501623 -0.158215323412971 -0.00483686891867241
0.0164412559625305 -0.0504805251711707 -0.0884386299339788 0.172901806083552
-0.0297213068196402 -0.0201140356082393 0.130910771552162 0.201333669873986
-0.0293291852426791 0.0277420941458164 0.221624641925828 0.0850642510269342
0.0271632008787616 0.0425141308798165 0.195245970891333 -0.0205105604159426
0.0501871750830215 0.0129076118897657 0.130844186365333 -0.0354491296336159
0.0543401613197462 -0.0087486171238831 0.0865090588325898 -0.00612314428292472
0.0494360554886881 -0.00922182857896775 0.0778686160429164 0.0376674558304346
0.0433639231819195 -0.00880950818169049 0.0520840481514259 0.112876839573377
0.0339141767488982 0.0122041754402766 -0.048924263073651 0.156345626420493
0.0099490724045593 0.015624412521661 -0.202213168258447 0.138729785954163
-0.0132437822051611 -0.00199255207044288 -0.281672537270549 -0.0436386723481666
0.013285791197083 -0.0284255280260021 -0.201095355244194 -0.22665910094101
0.0453450334839657 -0.0138204047536791 -0.0212559877531228 -0.255880258141515
0.0528533160836228 0.000424939230331415 0.026181471878769 -0.161402637634159
-0.00048899479745743 -0.0510950020311856 -0.14265392400866 0.017297658172407
-0.00163558612679985 -0.030522826878789 -0.0365805603717554 0.155836524195076
-0.00743257939527935 -0.0144405444227559 0.152600399987611 0.12701771643156
-0.00955446729954016 -0.00313088775776062 0.198714604637973 0.0215271915060497
0.00687463140207382 -0.00087506436942216 0.164604333434827 -0.0486105878074972
0.00909382962120069 -0.0139447920127353 0.114995439966674 -0.0505885172587859
0.00775609842841725 -0.0265520662155061 0.0903566222397436 -0.0200049494182102
0.0104846766251215 -0.0278078096992088 0.0891790420048623 0.0240347928241601
0.0155663256853083 -0.0351221866527253 0.0534786093730402 0.113749005661273
0.0332817707794814 -0.0204063411381886 -0.0752259982547606 0.151763812036131
0.0402258476001752 -0.00227554247237563 -0.247161480262367 0.093816042685982
0.0224590387217283 0.0243516205245575 -0.280281240001668 -0.142842595366008
0.00823102633598005 0.0104178907908605 -0.134286979236774 -0.321652200572747
0.0161192656055311 -0.00940967626156352 0.0577244265592914 -0.283451271295908
0.0271039946068062 -0.0268820605801313 0.0459174863140617 -0.159565251677332
-0.0458445242916378 -0.0521634212165765 -0.113204663667548 0.0380393395345346
-0.012349792574826 -0.00251507114438079 0.0118717754807088 0.128231838312032
0.0147372295445726 -0.00756887187095932 0.153807734142899 0.0579277098244608
0.00454497506257729 -0.0285796087549628 0.159098058092843 -0.031807263504901
-0.016120096458223 -0.0311023970389892 0.118705233136033 -0.0727531255542376
-0.0306584951173979 -0.0290189836497884 0.0829135361707645 -0.0661917661902109
-0.0377129492647467 -0.0354400842125424 0.077299127400038 -0.0374280354240435
-0.0294910027204241 -0.0424099604859741 0.0857165686664223 0.00583443639861847
-0.0159547288073178 -0.0609136402925251 0.0491229246353582 0.100983105259608
0.0322717155516516 -0.0554104035944914 -0.088843752550114 0.13070260580704
0.071341541153927 -0.0196999567061198 -0.256324947209737 0.0434711389012175
0.0518727873669221 0.0518864546750969 -0.238515465468473 -0.213127921280215
-0.00561249020651428 0.0466620558682821 -0.0532348273258903 -0.368995254432173
-0.014240913334121 -0.0124873552175268 0.124293703084901 -0.277534418436426
0.00326755021406455 -0.0567592524421482 0.0616249362144982 -0.140161187132138
-0.0819980092395351 -0.0454250503895067 -0.0739487664083773 0.0545395377025613
-0.0207975696236042 0.0266046329314768 0.0539840837153524 0.101896369275579
0.034100884467587 0.00637876391078405 0.150835429098801 0.00429591095234662
0.0220439901605092 -0.0393784266290218 0.123677710815918 -0.0745800959634096
-0.0256233961943656 -0.0502766411502958 0.0736143036245853 -0.0930639264291282
-0.0559766406599593 -0.038022234128381 0.0442203408536894 -0.0798219121570515
-0.0721399409748638 -0.0391100577481869 0.0525749162026413 -0.0539695828194686
-0.0638654361538008 -0.0502622745798668 0.0677801902263199 -0.0155584374530248
-0.0483638036072432 -0.0797361253388572 0.0377343294068822 0.075192273549521
0.0213682296634888 -0.0857252809135106 -0.0898277862477057 0.0974766460577721
0.0888446678984498 -0.0429508007500594 -0.235461793087114 0.00210877137563639
0.0769877193745817 0.0627724899354159 -0.181901751671626 -0.24096342767827
-0.0131541932177598 0.0706909420133143 0.0112435432628771 -0.36668472263782
-0.0392043780793851 -0.0132510483403864 0.16042114530265 -0.246486647032405
-0.0208743227920106 -0.0803847003856123 0.0688737529081884 -0.105142852749444
-0.102882245643746 -0.0377755219386911 -0.0381416430646911 0.069025221536332
-0.030100090968143 0.0487864165260996 0.0859689241067234 0.0879410336153858
0.0449264972940636 0.0261518241086244 0.154943830329964 -0.0240234463434492
0.0436218117545819 -0.0370469418328975 0.109755729154607 -0.104101894243861
-0.0195166504977525 -0.0609504591842532 0.0458484224516955 -0.115772620219191
-0.0648097657144938 -0.0442866942263808 0.0112712221980635 -0.0976929235084346
-0.090856738475136 -0.0389199359540808 0.0221525154399241 -0.0696820489997409
-0.0884454017824705 -0.0507707793872243 0.03776529729224 -0.035636044597888
-0.080062551550868 -0.0851074270902841 0.0181620265578221 0.0424552793906431
-0.00359225868078636 -0.105837837931533 -0.0903292422856123 0.0598450265584655
0.0842641476743485 -0.0725157022187023 -0.210297319103675 -0.0239322619237317
0.0977988544543683 0.0457232204506309 -0.146277596461144 -0.23930589256331
-0.00284045988599511 0.0815798652291867 0.0322261478896951 -0.345983894242075
-0.054180596138262 -0.00367868014336731 0.165602955446049 -0.215078035047912
-0.0471098717018103 -0.0885637828927656 0.0734207161714561 -0.0627166998326064
-0.108173080054756 -0.0299870179011977 -0.00987514692848717 0.0854708910839972
-0.0423734469440963 0.0599524862183093 0.106587813523893 0.0957092350953554
0.0437159891070647 0.0480220665696548 0.175819752255867 -0.0209699620943931
0.0624987673607007 -0.0229585847167408 0.130167271373009 -0.118764817397045
-0.00216129998127422 -0.0630780845283057 0.0472235587647777 -0.142903487848561
-0.0592807103872022 -0.0470981889266591 -0.00785219292017866 -0.121087225399019
-0.095198025371383 -0.0357933555942301 -0.00828645731902225 -0.0866731382025763
-0.10020041388077 -0.0436871090748349 0.00103675245990676 -0.0518720948501568
-0.102845748762261 -0.0744739839503488 -0.0110244676579665 0.0107212606517648
-0.0368692799397397 -0.106650655158524 -0.0998367166836193 0.02557338296285
0.0558366302019912 -0.0961393536264947 -0.198907813912349 -0.0375277945665666
0.104328490552513 0.00914555317798921 -0.144242673846799 -0.223313701342955
0.0187529973684001 0.0789379950042401 0.0132913355252097 -0.324685840072946
-0.057795785669244 0.0171741355107069 0.152021360558521 -0.195068867553038
-0.0719398119326193 -0.0760603825209605 0.0836582335895937 -0.0219226089495112
-0.0979452500277284 -0.0233175798981622 0.00303436479284563 0.105006974767526
-0.0536123086868516 0.057368931091836 0.105507566140799 0.128587576622448
0.0284560908656315 0.0649104425274206 0.204294316395006 0.0253910624561153
0.0671967129944542 -0.000208059175661817 0.183297850555305 -0.102547576099779
0.0169391879545473 -0.0534548549995021 0.0828911186269414 -0.165171978666049
-0.0450364642413864 -0.0432100475571062 -0.00605159859853512 -0.14952017236148
-0.0846059738030359 -0.0284288293685288 -0.0339227313915609 -0.103939258669675
-0.0959385848287615 -0.0296920637795643 -0.037704096966949 -0.0604568678621931
-0.106864806575997 -0.0514619986780603 -0.0467731722451589 -0.0090659904147516
-0.0616489442482916 -0.085151002571186 -0.120452533341216 0.00449568696566882
0.0176168169490145 -0.0963083999452279 -0.204533971601379 -0.0369870639289095
0.0884954854792053 -0.0236254060087673 -0.169561935359175 -0.194954712974796
0.0365405762130896 0.0647042261807141 -0.0336536799019932 -0.298660791123695
-0.0494428126451163 0.0397019451431757 0.127715011843711 -0.184746558757099
-0.0837232840251778 -0.0466127587104522 0.101115571453325 0.00734729259747745
-0.0764546985766317 -0.0114221744460287 -0.00170118534904703 0.123318857768358
-0.0541700351051569 0.0451936862202843 0.0743771708714736 0.179877907235906
0.0068485183501013 0.0645189002905539 0.219872467163458 0.116944718396943
0.0498944313517611 0.0171365148450647 0.251508109921503 -0.0456223313867613
0.0221440434339525 -0.0323592625162904 0.147050103899892 -0.170561905982048
-0.0308086041392331 -0.0280324419963534 0.0148597166338684 -0.175238465589285
-0.0649084900649761 -0.0134365036590006 -0.0513753293764178 -0.119713456490322
-0.0764672559032267 -0.0103473943362243 -0.0716080504553101 -0.0621226537123941
-0.0879631186739481 -0.0229415611230915 -0.079594882209457 -0.0136147771278393
-0.0628118970613838 -0.0485156368371453 -0.138942781394083 0.00264662367823793
-0.0094805281237124 -0.0692413597640955 -0.212108629875812 -0.0191835284460523
0.0579802107626628 -0.0314879759016791 -0.200401564326173 -0.148728593319802
0.0398225853204503 0.0475543232694168 -0.0901477402381399 -0.255487448837743
-0.0323025844297831 0.0522296115664385 0.0927446821375132 -0.179143905351042
-0.0760748469519749 -0.0103777067225551 0.120439997135951 0.0179962122831048
0.0461383143959485 -0.0376585617549237 -0.159919682952468 -0.00125381228344018
0.0156107355627644 -0.0512731290901455 -0.0851802541239364 0.176969913883875
-0.0302605174128228 -0.0193102767673772 0.137096305021829 0.199925928449797
-0.0289622024557793 0.0293221950729811 0.226443755035273 0.0804922452628382
0.0286757249178181 0.0418962778524374 0.196430941678861 -0.025526909518297
0.0510168280038784 0.0118457614705711 0.131680853093356 -0.038930284971065
0.0546164436902557 -0.0104931813758789 0.087260610100934 -0.00807052330604478
0.0496924558241909 -0.0105696810612409 0.0793850885460437 0.036876833599754
0.043444300939043 -0.0100378876731753 0.0546292873590472 0.112854884911789
0.0345123997859722 0.0110002941785238 -0.0464239706750295 0.159262881759053
0.0102182341409777 0.0158973484906791 -0.201533982027642 0.14376889957725
-0.0131852107054635 -0.00123019207784118 -0.285162595849614 -0.038733541871898
0.0123515656955497 -0.0288087232971397 -0.207202502149684 -0.224167586932325
0.0450142430748276 -0.0147814717082676 -0.0261467570568002 -0.25840034724834
0.0527274419594718 -0.000824617006090103 0.0239597894186822 -0.162862814590553
-0.00124531265371115 -0.0515937416971957 -0.143273486463591 0.0203368132973887
-0.00191842441439314 -0.0309477007131266 -0.033575091227009 0.157730781136611
-0.00812604093292741 -0.0141837452112065 0.157471874427428 0.124821833911568
-0.00955942685404419 -0.00248535610368455 0.201369978217688 0.0172797171295107
0.00705234384310557 -0.000910027470889417 0.16509026169256 -0.0532920314609979
0.00932039169937841 -0.0144458801888893 0.115342244946497 -0.053630285157761
0.00723892054526182 -0.0276786613156366 0.0906953022697371 -0.0216758687610768
0.0102163443893843 -0.0286608543399264 0.0903580772483837 0.0228599022859418
0.0147506799507788 -0.036029598221685 0.0560424722760755 0.113439174954275
0.033824327164121 -0.0215313138593768 -0.0730172355467923 0.154347032532447
0.0407779384377927 -0.0031094555008545 -0.247640757992252 0.0996584027930854
0.0232653494659563 0.0248836650400219 -0.285576511979203 -0.138360356096713
0.00863432177874225 0.0106464433729081 -0.141471464882037 -0.321666443426072
0.0157389990881338 -0.00978984095215274 0.0532421552318417 -0.287699388576989
0.0263964219463303 -0.0280384982122242 0.0438345821789655 -0.1616068478114
-0.0472492764062078 -0.0517061479609885 -0.112991072277608 0.0404085664248986
-0.0119277538211153 -0.00223576501971011 0.0150388214319989 0.129433876892518
0.0149827212346506 -0.00781417765499692 0.156964639124426 0.0547016767801667
0.0042664587411795 -0.0289369990249667 0.159789413593006 -0.0362671514491976
-0.0170188167591184 -0.0311492045049382 0.118832109114173 -0.0757694059962995
-0.0317147034564559 -0.0289946696346297 0.0821454646485315 -0.068324646728789
-0.0389971238897444 -0.0355774771647844 0.0768302235154357 -0.0392629334575626
-0.0304882117075184 -0.0419215690853188 0.0861400210911158 0.00398149042794622
-0.0171782833617373 -0.0612095372486005 0.0510888976926625 0.100776412398727
0.0319548027062168 -0.056230449653042 -0.0874165881656035 0.133556993994001
0.0719885182291342 -0.02150356864259 -0.25806117712965 0.0487651655718831
0.0539667527507066 0.0521887673038371 -0.245082868826507 -0.210904514743912
-0.00439058411824172 0.0473464939675725 -0.0608564578427441 -0.371048689152779
-0.0151424822355933 -0.012649308015271 0.121041018145376 -0.28265312466985
0.00216450283107487 -0.0571590964945152 0.0604826256843282 -0.142169091104102
-0.0830144137209999 -0.0441012902963036 -0.0737111434642213 0.0563666253223217
-0.0200594599660903 0.0272548593329368 0.0567390872227826 0.10152879325781
0.0345556241488531 0.00582336992029181 0.152269072402623 0.00101834365057443
0.0215729837496074 -0.0400541851352271 0.123503113926738 -0.0782165169238145
-0.0275254232455437 -0.0504083650030523 0.0728496401937336 -0.0958258708331608
-0.0570000881487875 -0.0375194341397856 0.0424449746964072 -0.0818498204892938
-0.0734524987614655 -0.0384728371253286 0.0517850910512215 -0.0550341534904804
-0.0654673046270644 -0.0494645372156847 0.0676970101070175 -0.0169694106992837
-0.0506098375640932 -0.0792037968004471 0.0400806873527709 0.0748217575827056
0.0203915864427365 -0.0875615222224274 -0.089350699604785 0.0996967853683678
0.0891180925899296 -0.0450960889470822 -0.237149862950691 0.00715247278634482
0.079015164619631 0.0621501198683308 -0.189287740694564 -0.240254189466315
-0.0117106374441926 0.0717224533842502 0.00346364738962016 -0.370675665341632
-0.0399356165938638 -0.0124507668028395 0.157923800031037 -0.252355355506006
-0.0227481391261823 -0.0800767163603683 0.0681516647371153 -0.107311816304059
-0.103780069096278 -0.0366779474917601 -0.0371582713219588 0.070711502825482
-0.029018525296299 0.0494686569284728 0.0886584672318493 0.0872796446047371
0.0458073407887563 0.0254119505835425 0.156571115575993 -0.0279763641030595
0.0432256268152877 -0.0386942911202255 0.108797854322978 -0.107587164705682
-0.0209443105420415 -0.0613119920921619 0.0441967394824219 -0.117828857366936
-0.06638735950507 -0.04316701184259 0.00921864237441981 -0.0984548285164761
-0.0925948673975023 -0.0373092004684455 0.0204762292592731 -0.0707628247911151
-0.0902582026072994 -0.0493663948017414 0.0367354041270581 -0.0368863313093502
-0.0826789103514406 -0.0840672010389027 0.019410926013246 0.0423797194136874
-0.00553102828775417 -0.106580114493441 -0.0903578970976877 0.0621009541101087
0.0835982007763038 -0.0748233175896978 -0.212723529724023 -0.0195119749622909
0.0996326632183859 0.044037598431146 -0.152718284626909 -0.239097207031369
-0.00135007060382862 0.0822724883853493 0.0256965837915584 -0.350663959841405
-0.0545228500302346 -0.00302490708962787 0.163218830440759 -0.220863216909736
-0.0492364962249628 -0.0877215427448043 0.0741338873205683 -0.0648012889170222
-0.109484807718469 -0.028159378604729 -0.00871160730038421 0.0867204477008627
-0.0412821278832968 0.0609606170084616 0.109479679624081 0.0942899967045912
0.045045151939798 0.0471766266418191 0.177644980029035 -0.0248105546115683
0.0623228699010681 -0.0242359007288436 0.128636060676035 -0.122975969690933
-0.00304667033567335 -0.0636159328446171 0.0445309200516689 -0.145391369724262
-0.0611568885968298 -0.0460877012035864 -0.0106361400244939 -0.122732564750489
-0.0964501160241461 -0.03379696346038 -0.0103672566690256 -0.0874163159982111
-0.101971596057878 -0.0414659075564719 -0.000183040766825946 -0.0527438060181262
-0.10537079052384 -0.0730918899252533 -0.0108335181871905 0.0105831777458035
-0.0395156803528195 -0.106905510158169 -0.100829095808935 0.0279854119379992
0.0542631376642721 -0.0985069060505956 -0.201608777811568 -0.0333141065302787
0.105580781901856 0.00711116811299526 -0.150098673123246 -0.223354758044858
0.0209562889680005 0.0792557559279234 0.00678452930657836 -0.328545736222959
-0.0576347268632834 0.0184453432173082 0.149811264146382 -0.200042640247874
-0.0731808583823951 -0.0751168900172785 0.0846906306830469 -0.0246847514530412
-0.0990113131482608 -0.0217873358926939 0.00406071537588314 0.105772862640576
-0.0526308548954216 0.0582175833338147 0.108404667503742 0.127961362435376
0.0297792222720802 0.0643203989300734 0.206918909056532 0.0222925002347352
0.0680092902305565 -0.00167003555796943 0.182604090823431 -0.107613623398637
0.015859517831445 -0.0544901200402694 0.0801978247375361 -0.168402298117777
-0.0464750683150534 -0.0428368051099547 -0.00898785892026996 -0.150534234007561
-0.0862431250829004 -0.0262839952612036 -0.036301391316618 -0.10431483788402
-0.0977188923280744 -0.027818503556619 -0.0393185085675789 -0.0607475175046078
-0.109064967900135 -0.0492635199406199 -0.0474002265090692 -0.0091342134863707
-0.063830906557243 -0.0839703413447836 -0.121541114657836 0.00697483440448437
0.0154441688397115 -0.0976458406257927 -0.207143477440412 -0.0328086730547023
0.0884823292598152 -0.0258734526476459 -0.175693275134077 -0.193239947747513
0.0385460673202532 0.0642451315141933 -0.0413298939513904 -0.300800547565719
-0.0486171600576131 0.0412259581281705 0.12462687746818 -0.189409093310367
-0.0851638141367034 -0.0451191646600394 0.102951317086125 0.00448178466453713
-0.0767986355738735 -0.0101557147730107 -0.000381291243336145 0.124544405239388
-0.0533196253483385 0.0463634318934417 0.0774224467679551 0.179797094110987
0.00788206224908806 0.0646460628309894 0.224192629894367 0.11307212745842
0.050908764528111 0.0160710039199828 0.252738756304491 -0.0512547172983428
0.0219044035083763 -0.0330192478620311 0.145336832358079 -0.17494388805928
-0.0317835524812164 -0.0275822173393637 0.011746750653021 -0.177168877070239
-0.0657899654450795 -0.0117766373253636 -0.0542778066227552 -0.119940458592986
-0.0776099020792822 -0.00847548096898806 -0.0734159057843438 -0.0612943130631817
-0.0896450193926672 -0.0206486587575436 -0.0807626293273236 -0.0125485847640176
-0.0643951649580461 -0.0481772569507475 -0.141108496656978 0.00605169721038929
-0.0111438821701345 -0.069462138963272 -0.214292468112644 -0.0141310330670497
0.0579210362119085 -0.0328808272737433 -0.205693188949091 -0.144901435222975
0.0415539188785031 0.0467633613792149 -0.0973261616945582 -0.255611335792243
-0.0314081593067127 0.0531520861019095 0.0896161863475455 -0.182768678453441
-0.0766650858682844 -0.00869847463776614 0.1215995844664 0.0150473115040104
0.0455883152841584 -0.0389660856394258 -0.16084318203946 0.00231295926914091
0.014840840020619 -0.0518436232159998 -0.0821619159247596 0.180309412520734
-0.0312814395789241 -0.0190100540371427 0.14289377964824 0.198050820215478
-0.0279619370323393 0.0298019705967856 0.229891228304014 0.0758517026647351
0.0297937092533621 0.0406563968061944 0.197272186600828 -0.0304464034038574
0.0515780850829367 0.0107832599670621 0.131646510812962 -0.0425240900462594
0.0553689009378078 -0.0121535201363521 0.0876252264607311 -0.0101151903002566
0.0503653552306929 -0.0119015103809269 0.0807410569843931 0.0353652144368282
0.0435886131720032 -0.0111686871735195 0.057240752407367 0.11289819284945
0.0354032438614828 0.010325352332037 -0.0440995732926582 0.16139787806943
0.0108969017820298 0.015738994441479 -0.199948553296887 0.149367512843513
-0.0132095145832796 -0.000991713357072837 -0.288463524951561 -0.0332090974885666
0.0119343676365139 -0.0291213390147987 -0.21290011005301 -0.2221493281356
0.0447941465167184 -0.0161764637684652 -0.0306121413592093 -0.259522698358974
0.0528500447574832 -0.00207001796157557 0.021631105053594 -0.164636730533868
-0.00217197490827872 -0.0513450449978979 -0.143747471471319 0.0238750822172299
-0.00237881389803214 -0.0315545040169225 -0.030310176066657 0.160149705001071
-0.00855782371982133 -0.0143047132119711 0.161017767672107 0.122698363089026
-0.0100253154234258 -0.00259458574039223 0.203564203103606 0.0125659686241063
0.00724134053699389 -0.00169618725087416 0.165381087138893 -0.0576070324655591
0.00846997661621043 -0.0152350806729562 0.11542824467824 -0.0563990241843873
0.00635271496466659 -0.0284043770942202 0.0907763855381763 -0.0233689683992638
0.00995534654870722 -0.0296716197142742 0.091501339395283 0.0210090703912995
0.0139596448273816 -0.0368524975126491 0.058483710368462 0.112751884090419
0.0339099326791924 -0.0223940980342727 -0.0710940476333141 0.156591072202941
0.0416365249256984 -0.0039108392965392 -0.247795684940945 0.105652826847469
0.0239312329548384 0.0244913318682024 -0.291414665168386 -0.134126602478071
0.00861799734783035 0.0108051565965427 -0.150208042945727 -0.321925539204944
0.0152415603311826 -0.00999333193904884 0.049497032719628 -0.290787515223373
0.026117005522622 -0.0285337014859657 0.0417745681001901 -0.163216367824915
-0.0479543083705379 -0.0510720064792462 -0.11316524152222 0.0432676366844259
-0.01173328773578 -0.0023620589615733 0.0175697438258783 0.129893988277389
0.0151123767922482 -0.0084033144341436 0.160067128394509 0.052198173911763
0.00365810421112332 -0.0290905935451594 0.160698218025533 -0.0403686467091879
-0.0178392941838753 -0.0313878036567866 0.117771943743143 -0.079600292027145
-0.0322781083304992 -0.0288576676292617 0.0814223009395778 -0.0707177248619552
-0.0396029764369333 -0.0352987592855562 0.0768631041048941 -0.0410188769919413
-0.0309781138411169 -0.0420539153292884 0.0870498187308553 0.00205683165259065
-0.0187097136504634 -0.0616685368265886 0.0536961635396616 0.100024752102846
0.0307147928835933 -0.0574533804805074 -0.085409193061521 0.136580400452249
0.071504727495291 -0.0233009296603167 -0.258786313674703 0.0548129908745228
0.0554226966330305 0.051807953462655 -0.251467481352801 -0.208259505691345
-0.00384705731435858 0.0476305603672457 -0.0687773602555126 -0.372434702553373
-0.0154590790877796 -0.012039835121824 0.116441394126899 -0.286789622418738
0.000998989811264712 -0.0577852578700881 0.0591695772148534 -0.145358542849638
-0.0841817771206849 -0.0427330516728567 -0.0734868803796027 0.0590456829567545
-0.0196954669530522 0.0274499541207609 0.0591053553019563 0.101496176518893
0.0345671662502239 0.00476186886877832 0.154096131580447 -0.00198232171501091
0.020516481676691 -0.0412063713900789 0.122746815739283 -0.0823177617113351
-0.028472470542684 -0.0500205645133131 0.0711873100614335 -0.0982699122146511
-0.0585446542512743 -0.0364450635235171 0.0417857338934717 -0.0837022609462388
-0.0744850138176815 -0.0368301872201638 0.0509215094241641 -0.0570898701081511
-0.0663748713654335 -0.0485473524313081 0.067533876116622 -0.0188951242820103
-0.0528098740052433 -0.0791094342295386 0.0413549304181382 0.0744293567297823
0.0188966005750767 -0.0884475675036457 -0.0878994917029525 0.10240313845117
0.0890243954019493 -0.0473080740923742 -0.238849542806141 0.0126525617693086
0.0812936658412184 0.0614985455340637 -0.195009441225877 -0.238417332761122
-0.0104578722174697 0.072817262768431 -0.00414168517804913 -0.373823052179652
-0.0405985800841605 -0.0120931739974411 0.154288956742159 -0.256812148434776
-0.0242113390010303 -0.0795716495214281 0.0675286142449605 -0.109416411136729
-0.105020036480071 -0.0348263122680595 -0.0367603627948634 0.0721200508997428
-0.0277252799266864 0.049551922466207 0.090626404265293 0.0861881626687877
0.0463792925763648 0.0240702162817271 0.157156392469977 -0.0314516812841407
0.0426280343105145 -0.0398856848013627 0.107507543427493 -0.111416381479833
-0.0222274118467883 -0.0610954989966479 0.0421378020438803 -0.120107374460493
-0.067381312120005 -0.041996374498362 0.00746626152791268 -0.0996535109419922
-0.0940594009927553 -0.0357325793010125 0.0191414609868489 -0.0719008266566307
-0.0916706552706827 -0.0474535280639987 0.0360443176658581 -0.038192148565324
-0.0843917433140948 -0.0828310059945921 0.0202664051302202 0.0413953242806702
-0.00735835404470202 -0.107086759858545 -0.0897668102906188 0.0643639546442465
0.0827639367689863 -0.0773168288324203 -0.214515053765934 -0.0148263614196088
0.101417688076398 0.0427740752928274 -0.158633158375332 -0.237917658333068
0.000671261337472241 0.0829318128880186 0.0182048537806219 -0.354122685975112
-0.0546727415058614 -0.00209134231566227 0.160111986605842 -0.22611968961303
-0.0510779846951536 -0.0869216660450593 0.0741837376976286 -0.0675671008015406
-0.110287413007833 -0.0265213232990596 -0.00764575749743502 0.0877994561728484
-0.0397239016333151 0.0614713878151194 0.111391407729644 0.0930168265734737
0.0459832030575131 0.0465599159967511 0.178760965779 -0.0289635820231916
0.0624951928006398 -0.0256814627887818 0.127401303225175 -0.126282826343347
-0.00427526987647612 -0.0637431295817134 0.0424144547851584 -0.147630002740498
-0.0621274654788803 -0.0453317700219137 -0.0126131023781003 -0.123105596665736
-0.0980087599413399 -0.032269643873933 -0.0127272941192186 -0.0874212235749719
-0.103596114316803 -0.0398149344994315 -0.00190252923852481 -0.053377448848382
-0.107237634442271 -0.0710228617274608 -0.0111714655380696 0.0105809061174229
-0.0414315918193292 -0.106764906790004 -0.100950806302984 0.0305651196052121
0.0531149204433179 -0.10041454708096 -0.203645846761037 -0.0290738967304477
0.106225309876995 0.00495816610179734 -0.156491751248455 -0.221926516273974
0.0226805751529968 0.079513840378867 -0.00185962384587886 -0.331488848324101
-0.0576814454849431 0.0191889570636091 0.147057652170473 -0.205420699510121
-0.0750787286693814 -0.0740386753426946 0.0856410067728726 -0.0269384784491966
-0.099745196202747 -0.0197544914706101 0.00548135277306679 0.106343278144603
-0.0517978720360363 0.0595040493649505 0.111233833006826 0.127368162097977
0.0314042116556299 0.064282953672918 0.20912033785635 0.0180108827690387
0.0679717103889306 -0.00350188808217011 0.181714741024768 -0.112322019283123
0.0151956938394823 -0.05478323401777 0.0777110653697082 -0.171267538501577
-0.0474088227493518 -0.0422304866867354 -0.0117455719374294 -0.151340308960401
-0.0876485734581314 -0.025029411785459 -0.0390980163317298 -0.104072552568964
-0.098604927390111 -0.0255489399997411 -0.0407966800060213 -0.0605825851450758
-0.110453184586119 -0.0469663457239609 -0.0482224435857016 -0.00831564102500528
-0.0662855310998197 -0.0832615646659149 -0.122435927417521 0.00977209841704498
0.0131315844677221 -0.0985064458302287 -0.209053760317936 -0.0286177760655143
0.0883742935232871 -0.0276004179698331 -0.181386137426953 -0.191407040955746
0.0402459685651381 0.0640450270851368 -0.0485219102250775 -0.301990776336471
-0.0479666684003579 0.0419699231838479 0.121414232024003 -0.193744320172291
-0.0867290276351565 -0.0434769200790321 0.104459490603409 0.00190173455846548
-0.0774938407511636 -0.00888983376238832 0.00122599735874973 0.125243663351645
-0.0525167627539292 0.0475534215470139 0.0804876033407638 0.179929144632063
0.00928388434798704 0.0648263299033102 0.228297279276947 0.110368789431746
0.0511274274022452 0.0154806227483996 0.2538571856943 -0.056858051005384
0.0208763002414753 -0.0341754660994508 0.143211794819442 -0.179588739038759
-0.0324592175232738 -0.0271347017540604 0.00845778516756348 -0.178088154566222
-0.0666633801395101 -0.0103197548308932 -0.0572809749041913 -0.119679473632386
-0.0781583902538747 -0.00614484474352437 -0.0753439159524261 -0.0607691884990198
-0.0907337936238404 -0.0187171630142172 -0.0819017446447337 -0.0113013486206014
-0.0664753693619688 -0.046713809807015 -0.141932768411779 0.00918472732594292
-0.0129154464132089 -0.0696821444182623 -0.215627213151423 -0.00869316730850642
0.0574135389179205 -0.0346429249280483 -0.210347068285445 -0.142051294201845
0.0428067431223562 0.0462310191326181 -0.10464846583111 -0.255472814640226
-0.0298518286695968 0.0537982314464729 0.0863139279375884 -0.185776721404234
-0.0769535019028932 -0.0073252902876966 0.123139094613555 0.0120600267621581
0.0449416479314519 -0.0401611388912 -0.161799395622119 0.00584552064562583
0.0140106259654274 -0.0524437470492197 -0.0790310732616701 0.183621459473587
-0.0317492101757657 -0.0181066716866714 0.147534488302971 0.196583385754893
-0.0279594707392524 0.0311450271777013 0.233094280672072 0.0708915921350116
0.0310668099921834 0.0403488916527223 0.197751938994083 -0.0350118670684743
0.0523627830947861 0.00932502816966127 0.131740907812274 -0.045734683937066
0.0550255945081989 -0.013435227657845 0.0877594646040522 -0.0116573668646416
0.0501569529889413 -0.0132431654311399 0.0815204425362684 0.034184323943102
0.0439892991504256 -0.0121751653132197 0.059537306497276 0.112048465540565
0.0355137580332531 0.00937024368665735 -0.0417891765600969 0.163331339624762
0.0115551695055211 0.0154316078601009 -0.198995696466807 0.154296674156587
-0.0133216150339767 -0.000442921533264735 -0.290826487089754 -0.0279194703070288
0.0115899477352983 -0.0293520667666797 -0.21807492483699 -0.219663697262501
0.0443637730588728 -0.016866068610496 -0.0355249481665189 -0.260688357604088
0.0525048269168763 -0.00337975298885908 0.0198268098457141 -0.165760395343389
-0.0029148345141938 -0.0516895897730772 -0.144091329883665 0.0269460238711455
-0.00299562874199254 -0.0314761224820472 -0.0273124990617127 0.161518172044061
-0.00864646527747346 -0.0145428890985253 0.1656052979593 0.119596794474944
-0.0102037841005348 -0.00230637593719476 0.205277945269271 0.00761616552042259
0.00728877853708525 -0.00214034946563953 0.165015653313224 -0.0616080817877518
0.00863884908132421 -0.0156730254474032 0.114668294878001 -0.0596441587784575
0.00613665432809831 -0.0288009154597853 0.0910719999675751 -0.0260595205775106
0.00946388605145847 -0.0301795145936674 0.092475139812606 0.0195680868157373
0.0133821643083325 -0.0371343487614474 0.0609934167147222 0.112214336832414
0.0339647874396961 -0.023490154252889 -0.0692809547062007 0.15907247573491
0.0419108999619973 -0.00454359164100407 -0.247622814658196 0.110704325473522
0.0248011681096289 0.0245299553470621 -0.295620948806857 -0.129976347988815
0.00894985736569048 0.0105646408542777 -0.156661175619524 -0.320543696294207
0.0151558307756387 -0.0109016062905333 0.0440426083211649 -0.293151194489675
0.0253466803373704 -0.0290767268745284 0.0402395254478911 -0.165186942897992
-0.0488032672642348 -0.0502781371723752 -0.113100420265174 0.0456557572268367
-0.0118313027613976 -0.00258589582810374 0.0209430889847923 0.130279581097277
0.0141182375398974 -0.00892437274308317 0.16261527002775 0.0483183820499247
0.00287713756399935 -0.0289242178616917 0.160920410560125 -0.0445335239378281
-0.0184346872547262 -0.0307577041877616 0.117147926139702 -0.0826985500206223
-0.0329232071207638 -0.0283074879547638 0.0809382875274103 -0.0731447163845349
-0.0410901159862337 -0.034673376773328 0.076163960873336 -0.042848792511068
-0.0320565641526129 -0.0420551244780538 0.0868552566866016 -8.1831900076078E-05
-0.0200806057714649 -0.0617560467038439 0.0555785061878528 0.0997171509302745
0.0308814071197033 -0.058722657586202 -0.084142086629846 0.139178599222818
0.0722839614426717 -0.0246818881433409 -0.259108241426 0.0605199836642048
0.0573018571145158 0.0510975719209597 -0.256793919130252 -0.204876295010264
-0.0028995872123773 0.0482053298404253 -0.0768905110245522 -0.373373572053198
-0.016087485368841 -0.0118591982543671 0.112663477065927 -0.291058393873252
-0.000248868078501351 -0.0573094183340438 0.0576885846207001 -0.146858605368311
-0.0852356615256454 -0.0416753880661954 -0.072547974577713 0.0604656047849415
-0.0190021320997166 0.0272011694270267 0.0613951630957109 0.101118491803119
0.0350057750091442 0.00409013102671352 0.155370582864003 -0.00591422880489278
0.0201557687774739 -0.0413741967876982 0.122024814390064 -0.0855886633219038
-0.0293948265824583 -0.0497988271984568 0.0698946242668122 -0.100759363672174
-0.0596332747398911 -0.0354908245367275 0.0402103802688947 -0.0849692745412298
-0.0756706147536692 -0.035865890045225 0.0497867392722176 -0.0584803891864842
-0.0675750025530909 -0.0472492206617763 0.0670364331248516 -0.0206523451846555
-0.0540567526231139 -0.0785829210195128 0.043102820839076 0.0737778774671744
0.0177159206998065 -0.0889436849893646 -0.0867681201231423 0.104403890153057
0.0887018545659551 -0.04927617910434 -0.23989855433331 0.0170035762369576
0.0829075923655768 0.060776232977871 -0.20036908724541 -0.236587741453349
-0.00909390063123794 0.073229049984057 -0.0114994112373418 -0.375905106960799
-0.0408165868791081 -0.0113532458322447 0.151201298424402 -0.261539938340199
-0.0258491560014478 -0.0795895734571064 0.0668335676542781 -0.111606183777726
-0.105776451448483 -0.0327049203948248 -0.0354978007658303 0.0731234646730471
-0.0267886549466989 0.0499367040513821 0.0925218582884768 0.0849144751115719
0.046874068122986 0.0233518422932575 0.157865168077853 -0.0349606511010367
0.041981186293297 -0.0406617344603627 0.105938621260394 -0.114356096142322
-0.023547618356645 -0.0611988957218545 0.0403559728987263 -0.121577924242822
-0.0689978570865103 -0.0408469972081929 0.00568852901347161 -0.100541331179021
-0.0948623696101568 -0.0343857665860806 0.0174384056763871 -0.0724003885079546
-0.0929490398743899 -0.0457191943483666 0.0358188774077293 -0.0395555130435429
-0.0863877258755874 -0.0814250583501304 0.0212602010809025 0.0411241064110367
-0.00918283078437602 -0.107923389236525 -0.0894375740987996 0.0665930712661809
0.082081532991963 -0.0790630449889316 -0.215626605688592 -0.0108179565173578
0.102677252609671 0.0414289844996992 -0.163966006372054 -0.237399772313806
0.00207281423630145 0.0838312396320731 0.0110699803967203 -0.356941440481926
-0.0551802551714568 -0.00125635053199852 0.157668164847472 -0.230785440528321
-0.0529545380259292 -0.0859887692651661 0.0741193535872783 -0.0693564468801878
-0.111292474171236 -0.0245015697542943 -0.00643512462256891 0.0884634744929298
-0.0384950003915872 0.0622639206030048 0.113533949436903 0.0915540060537382
0.0466071091462913 0.0456837191606582 0.179369516821206 -0.0325462889910196
0.0620978117939263 -0.0269982940735512 0.125837185248738 -0.130753041518889
-0.00573605086637322 -0.0643770771927561 0.039783669618247 -0.149258552566813
-0.0633994413240111 -0.0439345460995734 -0.0148196093546048 -0.123483306470831
-0.0991250542791942 -0.0303444611386396 -0.0142975399951908 -0.0876171563247279
-0.104670892075243 -0.0376101752028124 -0.00293656629990893 -0.0537760042105137
-0.109315558837292 -0.0690726437077327 -0.0109591612695389 0.0101487988460337
-0.04375980718109 -0.106326407323125 -0.101348399030541 0.0324887199694632
0.0511644906100571 -0.101788713382391 -0.204955980049551 -0.0247788236700793
0.106928812139405 0.00323529600704603 -0.161439797383715 -0.220620489248326
0.024395215770945 0.0793114931293234 -0.00863936671433148 -0.333008764862132
-0.0573459713955782 0.0201345585698873 0.144682732295359 -0.209383948161781
-0.0771246400787833 -0.072508953848702 0.0860364158740802 -0.0291035552701204
-0.100935188130282 -0.0182218401905286 0.00688777375399513 0.107052536003782
-0.0502513745950316 0.0604135028008787 0.113571679148631 0.126035051296057
0.0322978307614677 0.0636062114404014 0.210996523280797 0.014246259407035
0.0683712887579733 -0.0045058303462925 0.180938393758634 -0.116865913538024
0.0142259218342223 -0.0557751026783898 0.0750129490706289 -0.174318470518561
-0.0483761818668775 -0.0409434189940584 -0.0150775212018944 -0.15216158149167
-0.087898715010983 -0.0230085075056114 -0.0417539442730629 -0.103867465876474
-0.0997453478037077 -0.0232793026304626 -0.0424800427511976 -0.0601414862022141
-0.112346759890087 -0.0450044639477729 -0.0490262814129496 -0.00813173924031097
-0.0675899023830702 -0.0824768870917231 -0.123147226513052 0.0125588251737546
0.0114526498597037 -0.0992441355561103 -0.211037036410171 -0.0234278481799192
0.0883458370714271 -0.0296175249693564 -0.185807679754201 -0.189509243196516
0.0420336696790465 0.0631635035473932 -0.0555024147023025 -0.302609148118793
-0.0470138747723618 0.0426240865731359 0.118927786546106 -0.197772446148335
-0.0877806585811575 -0.0420161780493517 0.104997356971168 -0.000820404507704034
-0.0777022175186504 -0.0074576277149721 0.00255616444516677 0.125511181550185
-0.0510905327988292 0.0487938622219456 0.0838421250381185 0.179667169364826
0.0105878512076371 0.0652477717901742 0.23224727619354 0.106418456949508
0.05226489026285 0.0146466262308309 0.254244169273362 -0.0623513005676296
0.020950416870889 -0.0345815834249383 0.140698310065451 -0.18336300031866
-0.032951420120954 -0.0264303463608007 0.00532774508419889 -0.17918864999302
-0.0672503894979627 -0.00905894119074694 -0.0600781739057439 -0.119068108905901
-0.0782796268631849 -0.0045694862622383 -0.0770768347713485 -0.0597338195998058
-0.0915316134062443 -0.0162240784114033 -0.082690269191278 -0.0103794893772083
-0.0673073409169795 -0.045316873414219 -0.143030449172842 0.0128827844703595
-0.014393844581117 -0.0696245393125781 -0.217615131733992 -0.00427290677969581
0.0568360974642629 -0.0358094351727736 -0.214335694401596 -0.138252323816104
0.0442223870911372 0.0455628589195511 -0.111645121657612 -0.255002565683356
-0.0289184197807028 0.0544258524222099 0.0826359744235991 -0.18919427246763
-0.0774668448057298 -0.00606213690448198 0.124004808001275 0.00939776634748243
0.0446729130806814 -0.041093315786215 -0.162293091999735 0.00959898759491469
0.0130322026507775 -0.0532932556918673 -0.0757622451727835 0.185855263690914
-0.0317357939248132 -0.0176886344676057 0.153011893195622 0.194284976667291
-0.0270662723043975 0.0318810619235593 0.235671368190978 0.0668873469386302
0.0322217524189948 0.0394987974131855 0.198098027254065 -0.0390223610057481
0.0528514695960457 0.00820371781971127 0.131759102751545 -0.0486120993378139
0.05499859245403 -0.0146534664729893 0.0883465604759166 -0.0132607959199314
0.0502377316871616 -0.0148001124919926 0.082343098020787 0.0330165438283958
0.0439483618296702 -0.0133782312131283 0.0615744030039326 0.111807525279551
0.036311464980066 0.00893698445528196 -0.0392471384870487 0.164541809124144
0.0118445781471965 0.0154671937877885 -0.196965043752674 0.157885502840214
-0.0128639974046375 -0.000202482469201296 -0.292749470882614 -0.0229325482953984
0.0110154419616674 -0.0293129489291199 -0.222906256794858 -0.216835865751967
0.0442417807563058 -0.017749963180177 -0.0392805489647497 -0.261626245929569
0.0526218734102771 -0.00444786896843873 0.017602518063715 -0.167017396420191
-0.00372875407262741 -0.052293510802219 -0.144026111094293 0.029704870786445
-0.00352810344547497 -0.0320142324746468 -0.0247841861214495 0.162164907404246
-0.00906677880756864 -0.0139509146477138 0.168544131331025 0.116506424381764
-0.0103387443192083 -0.00224017837664964 0.205877868285977 0.00379285857485454
0.00767400212430535 -0.00259671246293525 0.164849991560014 -0.065532796935236
0.00802577128875941 -0.0157645743053122 0.114508241931663 -0.0620645394980562
0.00591861465186821 -0.0293663769181099 0.0904802233682774 -0.0273937657161348
0.00951650795725428 -0.0308118930305959 0.0928795326454926 0.0180731276561205
0.01300503283829 -0.0378067975217214 0.0627763386844511 0.111618073640033
0.0336322553338455 -0.024563688288205 -0.066862340039993 0.160941050308582
0.0417040614597225 -0.0055009960293976 -0.24651783240578 0.115671496912885
0.0253689136019813 0.0246228520450536 -0.29915366894965 -0.125259163229533
0.00891258279664006 0.0110042147393488 -0.16222112390642 -0.319243572661879
0.0148434230714573 -0.0109782405488708 0.0401198673409904 -0.295515896470818
0.0242260670148482 -0.0299092714929921 0.0385751827242338 -0.166412285438996
-0.0498444926658635 -0.0496209099808529 -0.112928597634904 0.0487913494844851
-0.0117887602584094 -0.00308851934992916 0.0225182299068098 0.13081650370787
0.0146854311073958 -0.00928829268760938 0.163667479934852 0.0452313772255395
0.00195141824042597 -0.029092169205685 0.161479468081 -0.0477897093708576
-0.0187681508273448 -0.0306702818034632 0.116716142014468 -0.0858714213909456
-0.0337825146978557 -0.0284473214365889 0.0794051413523253 -0.0750059110906924
-0.041186459917551 -0.035079131382659 0.0760349251028098 -0.0443060601903854
-0.0328080455605298 -0.0411965193732111 0.0874578951614794 -0.0020473832825414
-0.0208518007482571 -0.06170960368809 0.0577690852587638 0.0988933795971929
0.0301913988411351 -0.0596564995296266 -0.0819090269407713 0.140548744595542
0.0720553762769377 -0.0259986024763043 -0.259677489578176 0.0652556169432578
0.0582531582935917 0.0510816361964747 -0.261569537081923 -0.202470802320625
-0.00221966955465853 0.0485590260857255 -0.0832313829650486 -0.374873390230219
-0.0163104235892696 -0.011833435345533 0.108817839445336 -0.294254709680453
-0.00109922655584268 -0.0573913426176499 0.0564026157258374 -0.147568188014274
-0.0856714467257114 -0.0402198604117241 -0.0723000341691526 0.0621763174263518
-0.0188248186638374 0.0272267572443893 0.0637108878566062 0.100467964111369
0.0350106326947649 0.00333579517585982 0.156359554137539 -0.00881990567676131
0.0190777075016682 -0.0421285657406873 0.120994570212643 -0.0883291587049297
-0.0306092602968673 -0.0495431830033956 0.0685002904257728 -0.102980491787617
-0.0606573132371907 -0.0346614482831313 0.0390696028363464 -0.086402938046795
-0.076379713003885 -0.0347341132892054 0.0487389769092633 -0.059435135708501
-0.0686152474583977 -0.0464873484718773 0.0667378468511806 -0.0223341527010127
-0.0559158387106932 -0.0778908140602114 0.0445499514142133 0.0729409691319299
0.0165751835313904 -0.0900429505701109 -0.0854191009986668 0.106389118299545
0.0882543645234924 -0.0510585401767812 -0.240907583269471 0.0216746226151254
0.0845064310699785 0.0595833497271109 -0.205912270799436 -0.234626795338087
-0.00802891456578611 0.0739715022694816 -0.0187033406017719 -0.377773767267067
-0.0413496968794092 -0.0109614194798483 0.148450631266536 -0.265851901944289
-0.0270388685556895 -0.0791123049113824 0.0665324026909028 -0.113525684280846
-0.106187709320521 -0.0312342320951155 -0.0351721695538626 0.0744598340726574
-0.0261969791548942 0.0500849341270806 0.0944270917349874 0.0838436860343378
0.0470914247296932 0.0222939681764524 0.158547840350296 -0.0376533472715035
0.0414191288153387 -0.0411034407402914 0.104623160802104 -0.116514688431664
-0.0249393014380948 -0.0612622951402404 0.0387757030367761 -0.123590195374966
-0.0695736582593689 -0.0396744752312164 0.00406725796233141 -0.101003874379467
-0.0963733379442473 -0.0325637665515551 0.016530716281964 -0.0727765645976946
-0.0936258698694697 -0.0444492467530283 0.0346515544745959 -0.0408388450431689
-0.0885701036445155 -0.0803703606242452 0.0218172302296943 0.0404183322956199
-0.0111528360399455 -0.108232562272269 -0.0884005630722866 0.0684775324729321
0.0810436551868098 -0.0811753468133217 -0.21673405866535 -0.00690932280447958
0.103804900427132 0.0401731460923386 -0.169039586030128 -0.235849746213017
0.00392382598882029 0.0841498917802076 0.00378447787372731 -0.358381967579812
-0.0553783006864765 -0.000414404180963904 0.1552437923041 -0.235141523282861
-0.0542916565069179 -0.0854338074832853 0.0738053903055377 -0.0714101093716494
-0.111321889089708 -0.0228384193865147 -0.00543315157603446 0.0889525818176089
-0.0377143671544393 0.0624580592207798 0.11524381801996 0.0902329348073243
0.0476622783802247 0.0447532264036511 0.179983607577512 -0.035795340097306
0.0620432926391637 -0.0280541216821106 0.123300605001196 -0.133790686185538
-0.0063325798820231 -0.0645699129070166 0.037233412086658 -0.150719592454843
-0.0645505969714332 -0.0430488415834212 -0.0170406902327126 -0.123365505441977
-0.100103594366063 -0.0287319641221033 -0.0162587988380712 -0.0879116233152897
-0.105798556187738 -0.0357635168853916 -0.00430232159614903 -0.0543680153547498
-0.111339958070579 -0.0670608934724224 -0.010767026563647 0.0101522434035847
-0.0459960513749421 -0.10621488216476 -0.101424663799489 0.0350813907505389
0.0494667689485159 -0.103168593489068 -0.206283666265973 -0.0210669036700239
0.107297909553969 0.0013003280380401 -0.166147809326684 -0.218841067292641
0.0263974991920741 0.0794576711004847 -0.0153541798488804 -0.335437214060468
-0.0568494274028402 0.0209295035158142 0.142015037602624 -0.213671370075788
-0.0779145201931416 -0.0716880295480234 0.08640181948361 -0.0308882390729664
-0.100689467869978 -0.0167855695792522 0.00821693203455783 0.108047595458256
-0.049095756651583 0.0606760883264928 0.115707945004163 0.124743953575813
0.0334557429881902 0.0640750831873119 0.212336321829195 0.0107144072711358
0.068856788961924 -0.00553352794186868 0.17924793123569 -0.120759189170992
0.0137867309650166 -0.0561939806982876 0.0721541764227324 -0.17618226495433
-0.0493162963961666 -0.0402318409989599 -0.017459252849586 -0.152114968793468
-0.0890435603199434 -0.0211220415053382 -0.0438600373350375 -0.103523214108139
-0.100449579052203 -0.0212274644475269 -0.0442198645889053 -0.0603372348323762
-0.113530272604209 -0.0428794029651321 -0.0492724663801841 -0.00782047235560124
-0.0696945811610436 -0.0816249451742914 -0.123633638576217 0.0154163372582076
0.00949731398787986 -0.100104799554356 -0.211961685845033 -0.0198170491253216
0.0879287418660689 -0.0317392227141858 -0.191047995844854 -0.187158527586396
0.0436291621375076 0.0630208236845438 -0.0620670092994598 -0.303227666298652
-0.0463132127256857 0.0430700585352436 0.115619300395898 -0.200949181093434
-0.0883927583375909 -0.0406785219480223 0.105809299794005 -0.00331239817590992
-0.0778793246279065 -0.00636245924230775 0.00391454327549476 0.125839507622425
-0.0499020603868152 0.0491134071951319 0.0862184478430072 0.17956274327948
0.0119592312269459 0.0653364874880971 0.234657710908476 0.103700268302749
0.0522764858912497 0.0139300680291085 0.254577765782102 -0.067390649625401
0.0199534064049914 -0.035143606255532 0.138191785146282 -0.18643845816781
-0.0337415966397701 -0.0260597422197038 0.00238869725149765 -0.180446064534424
-0.067323412241096 -0.00762038117045158 -0.0622407797412021 -0.118227472030883
-0.0788306905729954 -0.00278818564831061 -0.0786185439378767 -0.0587078001259058
-0.0928473945839042 -0.0143146859668931 -0.0829423299968536 -0.00908497447454479
-0.068388082294748 -0.0438244617961038 -0.143684786692583 0.0158055979570186
-0.0157912623563828 -0.0699469670085743 -0.219072839895029 -2.84607422780039E-05
0.0563052390430324 -0.0371217170346888 -0.218160438829918 -0.134602710393112
0.0456797125121335 0.044947703544262 -0.117545579548836 -0.253828015911092
-0.0276461964276575 0.0548489022119534 0.0798365860317914 -0.191043955957263
-0.077674955577951 -0.00483176834736791 0.124717069855486 0.00664092648837579
0.0438872554937819 -0.0422890837612462 -0.162839865595045 0.0124258411320347
0.0121023860978084 -0.0537442263634368 -0.0723089435407379 0.188270842712238
-0.0321774405965224 -0.0172750434562972 0.156657380910664 0.19258248346537
-0.0262627736252894 0.0323372870012104 0.238633352427084 0.0622983471508743
0.0332549468066738 0.0389321787903162 0.198025174053744 -0.0429583106966557
0.0532069820617065 0.00708787326469531 0.131847458166156 -0.0514708424668064
0.0551273270458093 -0.0157945650801787 0.0885011607011992 -0.0150450098635947
0.0506099445695117 -0.0159937956802518 0.0829093710355673 0.0320486128658935
0.0437325204856425 -0.0139238568255988 0.0631926196131901 0.111105538111108
0.0364880734618257 0.00802623574002459 -0.037431360363384 0.165744706500763
0.0122061006365751 0.0148508667303025 -0.195310495459098 0.162324686094371
-0.0123596667151734 0.000636776365254738 -0.294417519263026 -0.0190385003423091
0.0103898333599149 -0.0295866595148246 -0.227582898202583 -0.214213256279621
0.0435078180519928 -0.018858679730418 -0.0431516398297039 -0.262095965862097
0.0514698982734767 -0.00535028520924873 0.0160726946393372 -0.167098584565932
-0.00466370498414239 -0.0526629758846581 -0.144227988796122 0.0330874150097641
-0.00389640347114759 -0.0322478248144263 -0.0217205678588884 0.164203317452559
-0.00921259170028593 -0.0142558242503338 0.171668804252894 0.114322388265899
-0.00994589679381683 -0.00175909656825951 0.207386659633783 -0.000614317943495394
0.00806797647247389 -0.00273096873300493 0.164355367692357 -0.0692730051762857
0.00810130363107207 -0.0163817798810646 0.113922492024365 -0.0646020455424888
0.0053128504866868 -0.029591983075155 0.0907710837206517 -0.0289449127955281
0.00882711133116138 -0.0312983282719412 0.0933773543244558 0.0164977600975924
0.012143157625555 -0.0382996661564465 0.0647100975406363 0.110524568970169
0.0336000529547428 -0.0254563190175765 -0.0652917680645875 0.162614841565043
0.0419749048021771 -0.00666901317283146 -0.24543593517244 0.120534477876708
0.0263437469415629 0.0244815860054234 -0.302428413552929 -0.121430432459982
0.00935498175679124 0.0109079276955551 -0.168625394842557 -0.318225145444602
0.0140072520944546 -0.0115965547869275 0.0361749749749971 -0.297221821147601
0.0242067167678114 -0.0301733530444805 0.0368464805587649 -0.167690531710155
-0.050620459051684 -0.0493645238090626 -0.112271222139228 0.0507292529237485
-0.0120482936373952 -0.00253782867108185 0.025338630738186 0.130714846724006
0.0144149776839366 -0.00916741777700644 0.166133340868776 0.0418799130978618
0.00168672200710199 -0.028806504317732 0.160633875714946 -0.0518624619566278
-0.0192408924263812 -0.0308508377297837 0.115356854214138 -0.088700775051575
-0.0345985375893187 -0.0279194909828954 0.078914215966956 -0.076709830523503
-0.0424298267462145 -0.0342260642800922 0.074868932266718 -0.0453967854944455
-0.0333051921371274 -0.0410747715751342 0.0873205239614729 -0.00317036000307569
-0.0219205106421191 -0.0617951105746612 0.059098032634173 0.0978211729901951
0.0293995403541509 -0.060379264202759 -0.0803900733436091 0.142741512048805
0.0725796844851802 -0.027238935099972 -0.259738889996086 0.0696595604512892
0.0593480337607716 0.0505161428686942 -0.266201504909919 -0.198318351474616
-0.00134350470387731 0.0491934274545242 -0.0904872264948998 -0.374241042568189
-0.0166927815020721 -0.0119014685520802 0.104850703397224 -0.297733348013184
-0.00235468752479297 -0.0571419956015487 0.0549654712071349 -0.149232545496924
-0.0862287256394611 -0.0393132089738342 -0.0712762809563245 0.0636017721455104
-0.0180450092976003 0.0270508953690545 0.0654060284070689 0.100111015379519
0.0347652329703711 0.00254597569888805 0.156958436997942 -0.0117292547893263
0.0187144434290367 -0.042239987496593 0.120064766865143 -0.0907908617169247
-0.031241359879355 -0.0493446735717042 0.0673634950724923 -0.104592404767924
-0.061382627141741 -0.0334157791775398 0.0381937886586238 -0.0873726147469622
-0.0772100260528016 -0.0335127511775568 0.0476419373096989 -0.0604630886739663
-0.0694116846660959 -0.045487663951982 0.0665625517738521 -0.0234928537435384
-0.0569426542140188 -0.0773836032994505 0.0458298693325404 0.0724017670521365
0.0155200688219053 -0.0908172569152933 -0.0845164505350864 0.108573062418973
0.0879447375024015 -0.0527182197039804 -0.241666150950625 0.0262739511599677
0.0856493995405526 0.058732374193234 -0.210898592319444 -0.232695489765339
-0.00649503567236595 0.074381704116866 -0.0253284523241039 -0.379244881042907
-0.0420089691734573 -0.0103193531363552 0.145150262967026 -0.269362689457844
-0.0287403246808522 -0.0787015910717285 0.0654365226604358 -0.114564747063281
-0.106962942996673 -0.0302568196817918 -0.0342278472744256 0.0758291078165087
-0.0250709586591845 0.0506114739817682 0.0955195788891937 0.0827676578261423
0.0474243727543419 0.0216870161510093 0.158600643001179 -0.0411199401761958
0.0409094139624589 -0.0418438786974755 0.103162694341487 -0.119777231617965
-0.0258040261807662 -0.0606097027551303 0.0359564314521729 -0.125138033395235
-0.0705202292157433 -0.0387521610399406 0.0023858658110499 -0.10139821930188
-0.0970451273994995 -0.0307947221106769 0.0144258639663007 -0.0735961846749219
-0.0951077221728704 -0.0428921513586067 0.0337740489874099 -0.0414077544131623
-0.0898958902038529 -0.078859844377229 0.0224270605373903 0.0397024538494595
-0.012356461726741 -0.108388016538092 -0.0881617746913358 0.0704923465938661
0.0796116216190911 -0.0826805394900423 -0.217286479517501 -0.002369943523182
0.104868053080374 0.0383542198285066 -0.173948197424355 -0.234086395206735
0.00523590855931356 0.0843754575661949 -0.00265419253875535 -0.35993698793074
-0.0555020652486462 0.000441442820911513 0.152385343039426 -0.238795477280682
-0.0555259421236992 -0.0841922550201246 0.0741081024946746 -0.0729921266732187
-0.11171507572632 -0.0213867539194144 -0.00482435942067679 0.0894939540572058
-0.0361449393326516 0.0626238871490348 0.117079909420317 0.088906473876459
0.0487922089096308 0.0446430963896832 0.180716360301924 -0.0392127249863354
0.0615797842816034 -0.0292568196814981 0.121821383099806 -0.136443283371887
-0.00760810499299541 -0.064884667474429 0.0350360600333995 -0.152090911112461
-0.0653985218327608 -0.0421253970012529 -0.0191592559452001 -0.123727224034938
-0.100651499907316 -0.0273887873139719 -0.0181397495058159 -0.0882807759302071
-0.106699341209127 -0.0336392909388484 -0.00536924896801962 -0.0547396492443226
-0.112772854046409 -0.0653433259309968 -0.0109441910240183 0.00978574986127873
-0.0477259579585006 -0.105560437402509 -0.101239632112571 0.0368067950495324
0.0480745021364947 -0.104772620879021 -0.207142067842627 -0.0175583572844882
0.108041105831481 -0.000317032763481117 -0.171291577567108 -0.217472543261118
0.0277790989295178 0.0792274646402211 -0.0215834027550141 -0.335914118492025
-0.0565692916695681 0.0217026896972684 0.138807666010604 -0.217591854514378
-0.0793063286755388 -0.0700417191866975 0.0871528540296467 -0.033423577340328
-0.100905627161702 -0.0147139069267915 0.00923350747658595 0.107997452925459
-0.0474864478628943 0.0616886374405613 0.117434651902981 0.12363443703286
0.0347275264214511 0.0630503645833367 0.213297789997568 0.00685201886585227
0.0694093451717248 -0.00670254129234038 0.178149578247918 -0.124531071127266
0.0128977331549056 -0.0563558436541576 0.0701148925572494 -0.178249137926361
-0.0498549285666254 -0.039652874091162 -0.0200745284524165 -0.152333510597522
-0.0897690812384609 -0.0194895526620147 -0.0454918757180763 -0.102855332930815
-0.100692933138865 -0.0197517359112513 -0.0455709443357206 -0.0603345874387012
-0.114680182842032 -0.0399016672329706 -0.0496226185410126 -0.00729932438614635
-0.0713846972201903 -0.0803546104885381 -0.124002200707402 0.0175301249906548
0.00744054415112241 -0.100891809144387 -0.212578021773221 -0.0157777071853517
0.0874904321829564 -0.0335529556224659 -0.195045973275638 -0.183846595646017
0.0452822310071068 0.0618616857272562 -0.0688373596554618 -0.303833112739703
-0.0452780000365365 0.0435777331485329 0.112574720133867 -0.203798171046631
-0.0886532358363769 -0.0390532939704117 0.106752650595042 -0.00590623145632841
-0.0779492273333412 -0.00478406196490711 0.00491772274062223 0.126177225204916
-0.0495587835312625 0.0497901855078709 0.0889421175880067 0.179341642514042
0.0131729984141557 0.0648966009406243 0.237422901064302 0.100263612287842
0.0527854099530379 0.0131388570375618 0.25447658501249 -0.0716102150099103
0.0195518716432248 -0.0357591648596819 0.136044196121545 -0.189197378714654
-0.0339364981504283 -0.025192764957523 -0.000444285576986505 -0.180972675425119
-0.0679303931361102 -0.00599704510129021 -0.0647024355036505 -0.117958037757108
-0.0792974023576975 -0.00115574369929142 -0.0798172226520323 -0.0575080177834762
-0.093072982799707 -0.0123370898980625 -0.0837219893616882 -0.00808537923692002
-0.069702359368144 -0.04282631578772 -0.144059622759772 0.0185321026402991
-0.0174489798323188 -0.0697839300172543 -0.218882547979368 0.00500009292086752
0.0556761140942441 -0.0386782095130121 -0.222128996596264 -0.131179527603139
0.046556790685245 0.0440466730617689 -0.122866275270538 -0.25239933159847
-0.0268801936628764 0.0552304912876353 0.0767160055665043 -0.193861968126615
-0.0773870974455746 -0.00296222478317798 0.125111990721085 0.00388673861947983
0.0429936240899345 -0.042835333718907 -0.162830978113494 0.015505082190526
0.0113010618817596 -0.0541544205091757 -0.0693103267089259 0.190522290841524
-0.0328091161008183 -0.0165264417416985 0.161236093903101 0.190596426596334
-0.0258293196483222 0.0331408552492758 0.240807055619606 0.0578093792634695
0.0340620789008803 0.0381122227181157 0.198000046733732 -0.0469112462780409
0.0530931386180223 0.00602251087437589 0.131574919665253 -0.054081176164508
0.0547020950972999 -0.017272800261318 0.0885430045884511 -0.0160744333495041
0.0504927871820904 -0.0170232824274927 0.0835586386572039 0.0308163567414674
0.0437476920093628 -0.0150138296438903 0.0650579020945238 0.110435984249199
0.0367388023308401 0.00708717448394832 -0.0351154913488215 0.167189737571964
0.0123323907924378 0.0142964363288019 -0.193550036411036 0.166326509769059
-0.0128286513244533 0.000945423842049722 -0.296161510914937 -0.014361418342232
0.00989430176965901 -0.0297363032051779 -0.231636268090291 -0.21128669355698
0.0431014582366511 -0.0194254842437943 -0.0462763083476421 -0.262145847805928
0.0514163846318657 -0.00605486081156252 0.014358378646609 -0.168275308312939
-0.00556174770737011 -0.0526731698204083 -0.143856187159429 0.0355121914711371
-0.0047943938748653 -0.0320948503570452 -0.0181769462084548 0.164711392123251
-0.00970705286705747 -0.0140058846341372 0.1744031519394 0.111551470734295
-0.00998044276399596 -0.00155357860099872 0.209125381731152 -0.00489935938941424
0.00776358115298816 -0.00338856216015773 0.163192727121945 -0.0724181264663297
0.00801763785056281 -0.01670121713489 0.113596353972543 -0.0671168570499915
0.0049043748375652 -0.030559301758686 0.0908096148637034 -0.0305008806526691
0.00865366009307412 -0.0318480464121403 0.0936859044294615 0.0158062368134952
0.0117020408527783 -0.0384840756877992 0.0666551379601508 0.109813466520185
0.0335703431013852 -0.0260845752768903 -0.063030448912751 0.164338751649169
0.0423456551734099 -0.00734940760258566 -0.244581900290946 0.125072850314947
0.026721781603923 0.0244787313535193 -0.305622115449536 -0.116937268202564
0.00954961903245342 0.0110681833402796 -0.174070818835082 -0.316748870976537
0.0143060097546322 -0.0118523328353913 0.0320744895933915 -0.298728049917202
0.0234511126283244 -0.0301842650510652 0.0358107266729316 -0.168475085929147
-0.0515157663507361 -0.0485444033917751 -0.111670845330608 0.0525132036669212
-0.0120385388767987 -0.00300978609813109 0.027064883414944 0.130762756175552
0.0134028620672096 -0.0101981033204388 0.167646570558775 0.0394573115205248
0.00073056376265692 -0.0296021173529606 0.160467474029549 -0.0548959417001245
-0.0201411093322411 -0.0314369671373554 0.114331511054785 -0.090889568965183
-0.0348589630128545 -0.0273066859702791 0.0784876151023493 -0.0793771876075547
-0.043318500581679 -0.0336418826588876 0.0745916170516807 -0.0470634120687845
-0.0344094559192508 -0.0406157500899745 0.0870631523908554 -0.00477543923360312
-0.0228757540964845 -0.0616583252100433 0.0607319645390196 0.0971308195592597
0.0289033536625715 -0.0613702040913548 -0.0788195421327612 0.144396905459185
0.0721180476708703 -0.0287919285775323 -0.259032312666616 0.0745561861882787
0.0611020033468787 0.0501262481721674 -0.269904416554796 -0.195390372225392
-0.000641681490211588 0.0492932776106885 -0.0959774511187764 -0.374165014666387
-0.0172246661148787 -0.0112666175189484 0.101522914629778 -0.300935872426668
-0.00307798242361988 -0.0578183264259176 0.0543848555754751 -0.15079635217852
-0.0871645771263212 -0.0378346884598927 -0.0706508642886099 0.0655916205307214
-0.0175272227443538 0.0271580710857807 0.0666381451360113 0.0990556237355502
0.0347105861770028 0.00205780614545882 0.157339351946866 -0.0141294882482053
0.0176258761877472 -0.0427644369782974 0.118755538782671 -0.0938406331919013
-0.0321674215367863 -0.0487818194660225 0.0658655697436203 -0.106678311587748
-0.0620622757169273 -0.0325193303135197 0.036863678324886 -0.087898097418541
-0.0779515638106185 -0.0328825638243507 0.0465456749130491 -0.0613223289746281
-0.0698893283768219 -0.0444374732078445 0.0656786532417267 -0.0245668677614494
-0.0584015055674549 -0.076317301576028 0.0468673961806981 0.0711433202549135
0.0143944636954299 -0.0913170528666892 -0.0830967848151041 0.110091926854352
0.0872751083883319 -0.0543823186510639 -0.241183444738921 0.0299809871872772
0.0871169801614404 0.0580112778460804 -0.215300858713597 -0.230335746036449
-0.00544622443584217 0.0746970088817966 -0.0310495409796523 -0.379600271947015
-0.0423292560976921 -0.00963240307509314 0.142284502517128 -0.273152242851472
-0.0295379524263024 -0.078160454287219 0.0647621735010715 -0.116098694460599
-0.107192390650925 -0.0281620022322988 -0.0333510990281028 0.0760354664512683
-0.0244489071360081 0.0502726319100658 0.0971087449214088 0.0818185756005115
0.0477883327120331 0.0208578165450619 0.158261426103145 -0.0439381968413622
0.0401366965761137 -0.0427468749185259 0.10118025819353 -0.122368190325567
-0.0268576069854404 -0.0606300293459242 0.0348329924980972 -0.126186803872624
-0.0715326710685035 -0.0375587076891958 0.000653928780603612 -0.10157486179575
-0.0975645427462734 -0.0295984173066506 0.0135894607227044 -0.0739782410956611
-0.0956896959343093 -0.0410619673914318 0.032894661448319 -0.0424852994040698
-0.0918739018293289 -0.0775867706606144 0.0233902815474219 0.039365013117683
-0.0141620664254506 -0.108363414775191 -0.0874140591303303 0.0721475434329823
0.0787960292688785 -0.0844421994216609 -0.217609138872187 0.0012650691123996
0.105912622156212 0.0374410118253124 -0.178520757805721 -0.23276555202294
0.00670223514374971 0.0847707751090941 -0.00828971149109226 -0.361297601027177
-0.0554691726783727 0.00114896762008334 0.14930524273915 -0.241725308712126
-0.0567219533037439 -0.0833732879907687 0.0741735327119436 -0.0748702642167974
-0.111992442898232 -0.019656018782766 -0.00379416125740133 0.0900592345700582
-0.035106204560521 0.0629628257069549 0.11813719185579 0.0877819767504079
0.0491845364738833 0.0435549369468579 0.180620824422945 -0.0423132387414131
0.0615527770304285 -0.0301894715725118 0.120250686295644 -0.138765812304657
-0.00831307783251565 -0.0645827820575232 0.0328595028017839 -0.153664306055999
-0.0663307780663359 -0.0410483505169398 -0.0214859793876953 -0.123991330246546
-0.101142295235588 -0.0258532058501725 -0.0199468500202224 -0.0878569177179739
-0.107108704724714 -0.0316958704445157 -0.00644004253877268 -0.0549406096694821
-0.113960948667312 -0.063178872821121 -0.0108504283145342 0.00962138269828506
-0.0489840884001626 -0.105094818413742 -0.101013854078678 0.0383682921187522
0.0462783276067991 -0.105716633562748 -0.208046854383946 -0.0135021929557441
0.108007229048758 -0.00219998594533327 -0.175765601178398 -0.215747923017005
0.0294892262042706 0.0789672274981666 -0.0276764626552667 -0.337047752386988
-0.0562821971739907 0.0222198511810892 0.135909142019454 -0.220100803985248
-0.0801031111593639 -0.0684245775829101 0.0875157444348506 -0.0354644101546219
-0.101173498801064 -0.013810884704332 0.0101717487688445 0.108273199875397
-0.046312644527147 0.0617875969923023 0.118779867381251 0.121944865687359
0.0358794443923868 0.062668687685876 0.214569147336665 0.00457708948069755
0.0693228918528838 -0.00744599845142643 0.176808357395597 -0.128176246292716
0.0121344721018138 -0.0569326548539066 0.0673730795908053 -0.180340528503459
-0.0506412503523046 -0.0388187229764467 -0.0217297395207105 -0.152711975016431
-0.0900709636333575 -0.0186386625538587 -0.0469594646571524 -0.102266118280722
-0.101861932292053 -0.0177236790495633 -0.046404467549332 -0.0597673655816858
-0.116023596130971 -0.0382861293485415 -0.0501577326231424 -0.00669087450869215
-0.073101754907668 -0.0791139865784191 -0.124753303776316 0.0201870437811545
0.00598102107533661 -0.100930122473657 -0.213544621096635 -0.0115225196233208
0.0868239800041608 -0.0348257955557345 -0.199138779467249 -0.18159248206715
0.0464058824873681 0.0614078015145715 -0.075241641681076 -0.303170280590372
-0.0444614771926659 0.0441252997771512 0.109406441431042 -0.206983493054924
-0.0891609635358186 -0.0377522110425087 0.107017699266644 -0.00819882981308282
-0.0781106271177069 -0.00379679905615882 0.00601838739921624 0.127085012655753
-0.0483551704434286 0.0507239818512341 0.0912932515152781 0.178392503186549
0.0142684826721504 0.0646926968835767 0.239920514230342 0.0965251148952298
0.0532002212537101 0.0121593519657221 0.253976056709614 -0.0762981494350983
0.0191814241872567 -0.0358095179366996 0.133846240676278 -0.192630473073498
-0.0345099960044863 -0.0250447035216817 -0.00328500166196939 -0.181292811486103
-0.0675440007946775 -0.00495868813468972 -0.0664633995756616 -0.116984732264239
-0.0791926797447346 0.000541292468533981 -0.0812888003477898 -0.057021445620216
-0.0937680183256359 -0.0101360341567254 -0.0845232047566289 -0.00655888910955244
-0.0709342944584298 -0.0411728302199775 -0.144552638343576 0.0210474786130389
-0.0187193230828355 -0.0698427466958905 -0.219432964815659 0.00870163250205072
0.0549307410307059 -0.0398473805936388 -0.225314961967095 -0.128214928226667
0.0474669160527674 0.0432333385628104 -0.128543142338945 -0.25083988579333
-0.0254947045310661 0.0550535904660622 0.073303204002626 -0.195609738353115
-0.07741930557099 -0.00196363936336185 0.125699060212633 0.00132794023101962
0.0420960253587122 -0.0436007087646427 -0.162614191545845 0.0186168707405907
0.0105772105925634 -0.054268273481463 -0.0664131138079222 0.191459296855863
-0.0331101201442887 -0.0159671790632152 0.164599418560558 0.188567292997627
-0.0255309515484721 0.0332561402375811 0.243315908483884 0.0544366477469498
0.0351158004449881 0.0372893716531209 0.198042679645713 -0.049867924683886
0.0535705952525926 0.00517202417881024 0.130893153625019 -0.0565887186149627
0.0548901497281734 -0.0184731512347466 0.0883783143521391 -0.0175528160782826
0.0507690423205597 -0.0181656302213953 0.0841138148470671 0.0300796257442866
0.0434805045820819 -0.0159673778938866 0.0668165355208839 0.110010851272757
0.0371450803809122 0.0063567831216854 -0.0337567507520478 0.168247913097853
0.0125307283977759 0.0143351508715103 -0.191967174859183 0.169499765151688
-0.012538866894178 0.00141530700764101 -0.297148897609973 -0.0107250253679367
0.00954621089130795 -0.0300588156602196 -0.234905595267791 -0.209063200214763
0.0426810689060321 -0.0198989704825362 -0.0492956271528082 -0.26245991319104
0.0509037099435912 -0.00739833925679711 0.0134209052619225 -0.168833234830935
-0.00640432573872625 -0.0526260638908604 -0.143495145473743 0.0380328261099119
-0.00446827804642321 -0.0324278652700209 -0.0157033867997772 0.165956113975572
-0.0100026419640076 -0.0140422479863052 0.176882707705918 0.108857802619367
-0.00971480257091608 -0.00117801168872161 0.209447744600253 -0.00846824607519225
0.00794223578472315 -0.00406935129909496 0.163019821143578 -0.075318826597536
0.00736755469037919 -0.017111019550687 0.11319140387191 -0.0689063507475328
0.00454644709841497 -0.0306817374143837 0.0905109677100778 -0.0320838082352135
0.0083873746684099 -0.0324210342326468 0.0937239317564807 0.0138732872385459
0.0115452454264079 -0.039249810002447 0.0675858961849296 0.108974336596771
0.0340675358742212 -0.0266219944198544 -0.0609330729912531 0.165697834577951
0.0422310020799775 -0.00772214877201686 -0.243678446336678 0.128273262503694
0.0279882991110198 0.0245129086945766 -0.308347631862918 -0.113831137036083
0.00960782549188574 0.010825151993021 -0.179045884086949 -0.315394819769904
0.0131688695885352 -0.0122559484262547 0.0294363458237685 -0.300621307038848
0.0229518761625362 -0.0311861665484047 0.0343573956507706 -0.169223638645781
-0.0521764810266408 -0.0481855980531189 -0.111502711355522 0.054474629208048
-0.0117967474159357 -0.00332559700409318 0.0293411813269265 0.130801601429758
0.0138657133397476 -0.0102629483737755 0.169105808199513 0.0366475743423872
0.000749751250931078 -0.0291046153649034 0.160058624557683 -0.0579281044496869
-0.0206066762589288 -0.0312576772926124 0.11295826906535 -0.0930276550127563
-0.0355783996248311 -0.0267283593552957 0.077202768442025 -0.0805021794813471
-0.043567023190833 -0.033254634898645 0.0740791819758101 -0.0485122770863311
-0.0345636007143094 -0.0412231496621429 0.0865978922912319 -0.00573382383632509
-0.0241874143531651 -0.0612982881031977 0.0618459879919369 0.0967736422597203
0.0278922245863222 -0.0623980628332702 -0.0773966349965162 0.146236554433971
0.0715606699743254 -0.0298868104282351 -0.258291348354722 0.0785824193332609
0.0620422966374225 0.0500673457363859 -0.274511271135359 -0.192588561960843
3.40296460794795E-05 0.0497142507926918 -0.102053750311803 -0.373979772810426
-0.0180486703907116 -0.0117910948354995 0.0986521278133169 -0.302399139093473
-0.00425434278510799 -0.0573645040712975 0.0535525598566082 -0.151638601219311
-0.0872368738049005 -0.0373135315938938 -0.0702210558352608 0.0665227606087447
-0.0172086091174161 0.0271909812739835 0.0683679264180324 0.0983537864480624
0.0349585150991508 0.000974217959088853 0.157576915100021 -0.0169907561188425
0.017248203485855 -0.0429868800196319 0.117936083684878 -0.0964602622133049
-0.0328498365098587 -0.0488432778321799 0.0645869159956119 -0.108035520870735
-0.0628144087961058 -0.0317206408660957 0.0362049312950095 -0.0891208330285558
-0.0787404249795017 -0.031415699945087 0.0455525112927239 -0.0621718478501483
-0.0703308670241204 -0.0438545372423189 0.0650654895637356 -0.0258917348934921
-0.0596356440479006 -0.0755693677258561 0.0483446323462752 0.0704257524198851
0.013361655838433 -0.0919120892721538 -0.0820483164820792 0.111436293466088
0.0867021629730686 -0.0558455064621559 -0.241453169884329 0.0339638162603559
0.0883290729148267 0.0572660796133108 -0.218810750052656 -0.228498032874292
-0.00449438135427015 0.0749612489743158 -0.0368554234846632 -0.380140071475546
-0.0424742227549125 -0.00938750170096645 0.139283644420735 -0.275439890551612
-0.0304332386457475 -0.077877500964673 0.0645304384899039 -0.117143747812552
-0.107407656361073 -0.0272601162248607 -0.0328207184143644 0.0771308449712521
-0.023382079493321 0.0498624380517496 0.0983847689792111 0.0804883063016408
0.0479328693985261 0.0199055790841463 0.158763645926758 -0.0465769894356675
0.0398480759599854 -0.0430080122225767 0.0997337005707723 -0.124386355331896
-0.0272912456031695 -0.0601170070080046 0.0329118800888829 -0.126816809294101
-0.0720562034772312 -0.0367302354669221 -0.000610101617255036 -0.101923457173495
-0.0979217178787107 -0.0283630092590558 0.0118321093681096 -0.074237726007491
-0.0965121937891514 -0.0400662223168241 0.032427925266828 -0.0429778437768088
-0.0925889996974677 -0.0762278706815269 0.0237983854411682 0.0386443213708196
-0.0151446584274649 -0.108758586007215 -0.0867843736297065 0.0734198838616825
0.0778153945406931 -0.0857582055713899 -0.218028480627202 0.00458440739587741
0.106746163427116 0.0361570960119237 -0.182153513700568 -0.231365254125802
0.00825051769490064 0.0844856998548515 -0.0140736574693091 -0.361922404665631
-0.0555231612876812 0.00136440220900369 0.147009564087521 -0.244805560733831
-0.0578616689631882 -0.0821309929686977 0.0742930766948842 -0.0762269002528621
-0.11242365342942 -0.0184389075251626 -0.0032223560012992 0.0906992037199578
-0.034470522149212 0.0629006792717627 0.11920414914474 0.0867357733409999
0.0499166552523577 0.0430429948919603 0.181173857032409 -0.0453199601689026
0.061252006357528 -0.0311399811186765 0.11861363475184 -0.141669914292364
-0.00917138716343415 -0.0648342463440934 0.0309304029764857 -0.154343775960929
-0.0668005310698228 -0.0403241823071532 -0.0226229554753334 -0.123794365099198
-0.101509630008278 -0.0239700078753275 -0.0209896180730668 -0.0876460286733588
-0.10790379842186 -0.0300943591459345 -0.00746750776450936 -0.0556140622560632
-0.115236482142841 -0.061298280398603 -0.0108486868929072 0.00919751108394378
-0.0507775489335588 -0.104327255012699 -0.101007103811607 0.0404275189863269
0.0448404762045521 -0.106867262838904 -0.208247335942958 -0.0104057719658797
0.108118931766582 -0.00365710610171843 -0.178884206061953 -0.214183879996833
0.0308829854173289 0.0785294805738632 -0.0328188897988537 -0.337578409995328
-0.0558575421294853 0.0228300037079739 0.133370688041519 -0.223366816753588
-0.0807013374487306 -0.0674162521333911 0.0878045374271742 -0.0372855171746444
-0.101266451216954 -0.01244942790137 0.0104549174863771 0.10842390608872
-0.0458943821841796 0.0625018742624535 0.120771669033237 0.121641475303637
0.0365619047624434 0.0620168846241925 0.215508697838386 0.00112997710073386
0.0697414167322803 -0.00870670046515641 0.175579757326736 -0.130877019899637
0.0117513726287731 -0.0572379493072989 0.0653120586248484 -0.181565099432216
-0.0515910484506637 -0.0384505939755272 -0.0240077099227238 -0.152541972739078
-0.0902827639838615 -0.0170605584644104 -0.0487319196405393 -0.101873754840175
-0.101793237067696 -0.0159468372079798 -0.0473632318824064 -0.0594216909986936
-0.11694371204456 -0.0361797678486018 -0.0504201700278527 -0.00645506471739852
-0.0743714315154478 -0.0781274828620892 -0.124965115297054 0.0217614924746186
0.00423901184963356 -0.101561376391421 -0.21420873986983 -0.00850715503449455
0.0867060550546481 -0.0359007242482004 -0.202626714423889 -0.179812773955282
0.0474759263197654 0.0610167640758599 -0.0803352651640819 -0.303270999126179
-0.0440966815557532 0.0443884368078296 0.106907567622174 -0.209835055214233
-0.0896186013475297 -0.0364360882197475 0.107821574361667 -0.0100113834772539
-0.0779184135723926 -0.00280136428300614 0.00655416449175207 0.127298819779697
-0.0474017708519182 0.0509921478767373 0.0926423573445777 0.17826376485126
0.0152948171420033 0.0647540609769859 0.241882975561565 0.0940468724089456
0.0537921788539953 0.0118457311878154 0.254409517109851 -0.08065860844097
0.0190398727382255 -0.0364831639608863 0.131537636232005 -0.1950530958254
-0.0348465449543462 -0.0243002322027702 -0.00520526585896631 -0.182191469908449
-0.0678546397519977 -0.00368405166692885 -0.0681558483798182 -0.116065676485693
-0.0794707690839917 0.00208252069120993 -0.0822060992058057 -0.0562120775832049
-0.0942705573207425 -0.00843891395477755 -0.0849169439911533 -0.00613813099627496
-0.0714883409321088 -0.0403760605552704 -0.144986931494618 0.0237633856528128
-0.0202688933431365 -0.0697748352339916 -0.219948885133581 0.0125756238080866
0.0545290830544057 -0.0402140536814137 -0.227555017233253 -0.12530233395041
0.0484712333374921 0.042664260489932 -0.132712400889778 -0.249612589224792
-0.0246388913473616 0.0552167592644873 0.0706500884087704 -0.197460809069222
-0.0773108366300832 -0.00109139662006988 0.125991039856012 -0.000965822199021818
0.0414883279069166 -0.0444854032812633 -0.163178547749294 0.0207552575081699
0.0100074961459134 -0.0547491070881331 -0.0636395936239719 0.193567251639709
-0.0331918848499679 -0.015391147555607 0.168149668376475 0.186750670077493
-0.0246082391519038 0.0343550290746952 0.244390053725721 0.0511118753729576
0.0357928070826929 0.0364225376467238 0.19826602316262 -0.053323179611988
0.0534366230224842 0.00421220878087945 0.131068152208813 -0.0588090411978289
0.0546460492674485 -0.0194857685044052 0.0889623546275773 -0.01863820073879
0.0507490224741794 -0.0193537696643892 0.0845888940349513 0.0293761993412812
0.0435643090612896 -0.0166435779720724 0.0679606368350331 0.10959097869574
0.0371850002707549 0.00578044786965106 -0.0319520292723057 0.169193619369332
0.012919302171417 0.0142121981267872 -0.190721128101927 0.172534291268413
-0.0119091623847099 0.00184785642637384 -0.298305349382363 -0.00759829265187134
0.00966718647513021 -0.0298220580222917 -0.238047205799463 -0.206922470795452
0.0420210372618159 -0.0204778701137727 -0.0518671994187261 -0.263147458187418
0.05050535986717 -0.00779327693836785 0.0125318158811874 -0.169681577075453
-0.00653480919220153 -0.0525700993779594 -0.143431837028877 0.0401708450450274
-0.00529094462513518 -0.032944542288175 -0.0134032568333022 0.16635431703031
-0.0107459436855755 -0.0143168465871762 0.179307200165081 0.106494396462367
-0.0101889727191936 -0.00147605324464323 0.210257791565241 -0.0115018423526479
0.00779432246940166 -0.00403100406842562 0.163042430302542 -0.0778384598960325
0.00746643507619565 -0.0173863200971373 0.112488632048687 -0.0715295915520628
0.00416907154869662 -0.0308853426334383 0.0903251144313515 -0.033244207056305
0.00843772923004332 -0.0326611356486748 0.094440104777473 0.0129248770056285
0.0112351236725323 -0.0392532654186927 0.0690344447188007 0.108332237995879
0.0331521874945763 -0.0274843033450788 -0.0594162870970715 0.167444289794903
0.0424544642615975 -0.00856756594160749 -0.242943562288021 0.132363202281221
0.0286723593191894 0.0245600588417788 -0.310704755168861 -0.110626505213306
0.00956674923754737 0.0110913206088186 -0.183018750674923 -0.313934763463678
0.0131121789268831 -0.0123824269066301 0.0264898310725668 -0.302173868967362
0.0223180367809635 -0.0315597054798499 0.0339230838988776 -0.169989757099883
-0.0517847789960083 -0.0482137689565486 -0.110927849541686 0.056437241858382
-0.0119290567625085 -0.00339204922833313 0.0320831809402572 0.130871782093969
0.0131792479445579 -0.0108793501769874 0.169710451537482 0.034066278955141
0.000539589171170446 -0.029640481365459 0.16008261797654 -0.0605510630629543
-0.0209288197782214 -0.0309020184367153 0.112957179370881 -0.0956424412466483
-0.0358806053474621 -0.026626925593722 0.0768220375146045 -0.0818618319414233
-0.0437813221921172 -0.0334101077316915 0.0731314406742655 -0.0495033282275917
-0.0347164903496732 -0.0406864749719894 0.0871815266868744 -0.00690599278856224
-0.0243810217770723 -0.0608875080626473 0.0628259288162282 0.0954942541692795
0.02780718647647 -0.0629769983261679 -0.0757808886461486 0.147635952889745
0.0714649432519275 -0.0312308188280695 -0.258619860109692 0.0816483514095355
0.062628729602262 0.0491625888787685 -0.277310287871858 -0.189919101234301
0.000175638423255124 0.0496824795792384 -0.106712049945617 -0.37343965695857
-0.0177996281802174 -0.0109065277539128 0.0967756560779055 -0.304979065877936
-0.0047467205091002 -0.0572381423090394 0.0529053466628356 -0.15265444161023
-0.0872195924057506 -0.0365930175837497 -0.0696419776527783 0.0674095968141929
-0.017050227931254 0.0263497577174505 0.0700162087547114 0.0982217012179769
0.0347137053455327 0.000723397899604164 0.158641520691801 -0.0200913633206726
0.0169665229618432 -0.0433508655336878 0.116873403230308 -0.0990081572800022
-0.0333557816711773 -0.0487284368715436 0.0632650504418666 -0.109603637269503
-0.0634109019301474 -0.0315460712375312 0.035076907501589 -0.0899491948622826
-0.0793868979695001 -0.0308055605351593 0.0451224166148049 -0.0621368243925787
-0.0713757637862627 -0.0428735655049357 0.0651685246889935 -0.0270056360300731
-0.0607270846717839 -0.0747085003170194 0.049025849011596 0.0696035668084504
0.0126610136343814 -0.092183213560707 -0.0810729177110018 0.112642363313134
0.0864966402725898 -0.0571626285864048 -0.241429653807254 0.0369702611552539
0.0893292528509432 0.0570432111638271 -0.222663391359592 -0.227196387830155
-0.00354188145057373 0.0755637859705495 -0.0421364578737384 -0.381553987120331
-0.0425854689958055 -0.00887890835005522 0.13765520163655 -0.27824373536386
-0.031788569982868 -0.0771152026971818 0.0643700247874356 -0.118322166212213
-0.107405119263344 -0.0267629722626458 -0.0321502182784367 0.0780102622784374
-0.022718464202714 0.0498866513702043 0.0995210811246481 0.0801467893685624
0.0479843874576349 0.0193898853600075 0.158988887437608 -0.0493220911178403
0.0393595733162103 -0.0438197296633524 0.0985164734304432 -0.126542350335348
-0.0280613101384846 -0.0603589519071426 0.0311864589249224 -0.128251668868174
-0.0730836866937972 -0.0359626613274825 -0.00166008326204379 -0.102406863540943
-0.098982688874786 -0.0273004447365134 0.0109665530855664 -0.0744110235671938
-0.0968161218440553 -0.0388922879320946 0.031642665368113 -0.0436953164256443
-0.0940198167014953 -0.0747924091952312 0.0243844391521981 0.0386078607976995
-0.0167653822523464 -0.108780279642739 -0.0863176614516244 0.0750994563002248
0.0770515424154319 -0.0872367560878066 -0.218946205264127 0.00732685328868352
0.107289171816911 0.0350305615790488 -0.186314142078694 -0.230015377502916
0.00930905035837877 0.0846877206665149 -0.0185246415749875 -0.363460313250078
-0.0555470028482646 0.00221989586035398 0.145193026065573 -0.248065047384806
-0.0587394117324174 -0.0815284377502346 0.0744950527646313 -0.0774614617386436
-0.112132734023446 -0.0174367879760167 -0.0026323468246833 0.0910972616438213
-0.0335421600869511 0.0632505399824464 0.120291492558181 0.0859133278634311
0.0500338963501311 0.0423235615253983 0.181527558713982 -0.0474522565617726
0.0613631819284359 -0.0319614645273722 0.116991535248888 -0.144186121866
-0.00953776501692613 -0.0649230262088871 0.0290622747939203 -0.155599137655787
-0.0676369501101861 -0.0394345991686514 -0.0239296667446906 -0.123838109942169
-0.101928082959476 -0.0230039708386296 -0.0224490961702335 -0.0873431512388933
-0.108148641595222 -0.0286235811626552 -0.00851433911290159 -0.0557314550879417
-0.11625873026255 -0.0596091685597529 -0.010964257869595 0.00889113249392504
-0.0526325567894195 -0.104675683666651 -0.101172140849005 0.042068033399761
0.0435335292864909 -0.107927844109669 -0.208869779483542 -0.00708013708920409
0.108422298887884 -0.00465119357926436 -0.182553826965097 -0.213057859497327
0.0318058590192162 0.0784083075969271 -0.0383993647083071 -0.338556893676808
-0.0552738017660576 0.0231359103029389 0.131429665484071 -0.226224979276058
-0.0815400443054318 -0.0661500879070906 0.0882342043177617 -0.0389654560179372
-0.101168835832142 -0.0120610232911723 0.0112794148267626 0.108820443481777
-0.0451006673862023 0.0621279277502742 0.121528869668271 0.120704910502206
0.0371719787020537 0.0620746207907785 0.216607752811301 -0.00108832546504612
0.0696463204382466 -0.00918119078332432 0.174600071697091 -0.133667756734501
0.0109138172019719 -0.0573491753136678 0.0640235844064012 -0.183056754871521
-0.0522248200888268 -0.0377489895861576 -0.0255036674082467 -0.153018254217581
-0.0908484732420773 -0.016338613338291 -0.0506208781272465 -0.101353809910729
-0.102112288975055 -0.014007987706437 -0.0491065141564722 -0.0593251737744982
-0.117878637477288 -0.0339795726604307 -0.0508957140963195 -0.00624650726407053
-0.0758658909689874 -0.0779784840880275 -0.125259925360516 0.0240105468829979
0.00293259561641684 -0.102485296146889 -0.215039394298332 -0.00496123137076049
0.0863886958276113 -0.0369565463572677 -0.205969882455021 -0.177530155447485
0.0485746347536949 0.0597465965236456 -0.0850292424884814 -0.302457912046946
-0.0431407967526568 0.0444039621399699 0.105365261100529 -0.212225126736818
-0.0902745018590865 -0.0356587517654865 0.108444512218737 -0.0119106062039577
-0.0779932437456877 -0.00200248093039659 0.00691993293919949 0.127379839878
-0.0461608786158003 0.0512912957307674 0.0939855443946377 0.17772693802287
0.0164833894284851 0.064839341967906 0.243696243352346 0.0915281673876875
0.0541722990052223 0.011089621899363 0.253674009280933 -0.0832771351283851
0.0184921708060322 -0.0369580175125771 0.129543325145515 -0.196973597871886
-0.0351074216195252 -0.0238917731794654 -0.0069838097795237 -0.182242682243538
-0.0683404502310682 -0.00277295100890108 -0.0704339240164974 -0.115441040419848
-0.0793224185767906 0.00354991806368652 -0.0833560285270779 -0.0555202015087219
-0.0950293879234385 -0.00690303846105378 -0.0851235526932719 -0.0056952036286358
-0.0723154911699994 -0.039871953901031 -0.145787150939739 0.0258288687588095
-0.0212230020373189 -0.069597479697103 -0.220324632386958 0.0161756218015149
0.0543088588635146 -0.0413988962954485 -0.230816866561872 -0.122727799275665
0.0494699834316474 0.0419489066549046 -0.137510117611827 -0.24829966494382
-0.0238528042501762 0.055622754822559 0.0680824315545052 -0.199452383430853
-0.0776148983030261 -0.000160493555771152 0.126795724519596 -0.00293691390253569
0.040707140389909 -0.0451266314201762 -0.162539644601406 0.023805983615653
0.00881861771010502 -0.0551229124630894 -0.0615119747990911 0.195398958494188
-0.0335020905558833 -0.0151435196714761 0.171392351134531 0.185793466839555
-0.0244082342799313 0.0346379664076314 0.246678149739103 0.0473883302460915
0.0360837969054624 0.0363285187874293 0.198428543987121 -0.055879884368665
0.0540548557457906 0.00280005464759641 0.130811795312374 -0.0609688284791973
0.0552851785920324 -0.0207321147235868 0.0886653248456718 -0.0201464307293987
0.0509272209821149 -0.0202310735389466 0.0850584539329352 0.0282716426841504
0.0435493579341039 -0.0170582957444412 0.0690043024630061 0.109086655203288
0.0377099639233531 0.00569327433997729 -0.030170188272074 0.170612510660809
0.0133008597201363 0.0140772317361053 -0.189976978882234 0.175330292927516
-0.0118553915178844 0.00224136765701631 -0.299574645881186 -0.0042216425236315
0.0093981111075509 -0.0298012223937671 -0.240807237503267 -0.205735232605249
0.0420004911631823 -0.0215190236672116 -0.0544405340491295 -0.26406155835141
0.0501241530888687 -0.00838185028395174 0.0110153295034822 -0.170421365948236
-0.00754139424935724 -0.053153803635229 -0.143352301928017 0.0419688169368901
-0.00563571261839393 -0.0330479893800117 -0.0111011535886601 0.167265601799293
-0.0104334271766026 -0.014151614233222 0.181179122603483 0.105085620941177
-0.0101103328919982 -0.000469084965343144 0.211242609219084 -0.0150191033827969
0.00816081817569776 -0.00379347436672534 0.162332351984234 -0.0806188481052895
0.00708150890389747 -0.0179850739133388 0.112769606273044 -0.0731482906328971
0.00353814521564771 -0.0318532081273278 0.0902435879569756 -0.0345658192818589
0.00795209325226249 -0.033496122024717 0.0945713247118468 0.0118249223575903
0.0109356268497735 -0.0398617679690086 0.0707220197350544 0.108486935903829
0.0332451345633374 -0.0281711911151641 -0.0585941322407752 0.168690327969742
0.0426373377637395 -0.00900700908517176 -0.242442180079263 0.134962404977123
0.0292591023484418 0.0246371262934544 -0.312843587343094 -0.107158031485599
0.0100280011604896 0.0106383347836247 -0.187167106848689 -0.313196973763841
0.0126449656239663 -0.0125362757738588 0.0245031952622473 -0.303670215505715
0.0214603758608453 -0.0317782301491458 0.0331931835928308 -0.170763172178689
-0.0528047754477127 -0.0475049629572924 -0.110593039702433 0.0580572743656704
-0.0120973981956398 -0.00377930142400494 0.0330900519095684 0.131177967016308
0.0133301967608108 -0.0112348816447587 0.170910405632448 0.0319369203344185
-0.000137939000435107 -0.02959180751249 0.160247016038351 -0.0638857230724836
-0.021350648235817 -0.0311535592219513 0.111984931686373 -0.097335934407101
-0.036651263350774 -0.0264262927992772 0.0764512686286016 -0.0837678796096217
-0.0447615611451228 -0.0331209442979953 0.0731440755966589 -0.0505258823543114
-0.0356214398354346 -0.0405622655191013 0.0870496997767014 -0.00776894638646681
-0.024804250402245 -0.0610606910355531 0.0643186427551009 0.0950903967894818
0.0272618687837669 -0.0635845208463012 -0.0751046648531049 0.148813057788671
0.0720975229086214 -0.0319907545742902 -0.258894464254007 0.0846170971343145
0.0635730333870623 0.04936294986543 -0.280325106734536 -0.188174818164756
0.00117232141105 0.0498586273604603 -0.111085926485858 -0.374083976946095
-0.0186893474754458 -0.011373402406794 0.0934775290650587 -0.306769751997898
-0.00524924084969431 -0.057377899709334 0.0524377477652761 -0.154067187899615
-0.0874966215079917 -0.0362373413171139 -0.0696092461950517 0.0686631283901206
-0.0166333330157543 0.0261084530415723 0.0711170911176026 0.0977014564527337
0.0344802595731639 -0.000169751193222122 0.159220634626066 -0.0220997522543532
0.0167002580079051 -0.0438564224739821 0.116397184970146 -0.101076832449757
-0.0341251610739729 -0.0484008838438958 0.0627735483431028 -0.111361780021774
-0.0639733570252998 -0.0306709883351317 0.0341844986636712 -0.0914152125534337
-0.0800989719721645 -0.0301305486553131 0.0442541461473227 -0.0628064031610546
-0.0722046178828008 -0.0426092830862719 0.0645896672188011 -0.0279817430630361
-0.0616254516016101 -0.0744944071410046 0.0496913452801107 0.0691871647921829
0.0113127282835372 -0.0933544590546029 -0.0803182975977863 0.114385918219869
0.0866506691808294 -0.0582760352763737 -0.241431282479926 0.0398588014047158
0.0903320970696837 0.0562351900989203 -0.226524021801161 -0.226444404785975
-0.00263830780748585 0.0756938351341491 -0.046576184501367 -0.38219014571311
-0.0434071934508151 -0.00852241855322634 0.13546048956147 -0.280941245415696
-0.0326342655687541 -0.0766391726187951 0.0646673410307259 -0.11985220958631
-0.107962635204556 -0.0255980485911704 -0.0316789514546363 0.078892213889659
-0.0225334119748786 0.0495336163880565 0.10033806896708 0.07928618859654
0.0482025414041543 0.018850518335292 0.159301068374069 -0.0515474374159508
0.0388367342208013 -0.0444530945759068 0.0970869896810211 -0.12813797384647
-0.0289316661992082 -0.0602354492366027 0.0301890699085231 -0.129026332080777
-0.0735523677387397 -0.0351001533631882 -0.00289263858806264 -0.102854338450379
-0.099211041164271 -0.0263412619400762 0.00986322435159607 -0.074822091057455
-0.0975445962628177 -0.0377566888977331 0.0309221194729985 -0.04495802329211
-0.0946988435755431 -0.0740492012372799 0.024456246017791 0.0372804378714316
-0.0175142118689435 -0.109041321639979 -0.0859814340123991 0.0764114840461278
0.0762330103273194 -0.0886701732214798 -0.21894545406029 0.0104387470488299
0.108646190369929 0.033930839994541 -0.189639972028124 -0.229350449728087
0.0102016211706838 0.0848704642708112 -0.0237365000066582 -0.364681581959012
-0.0561678123978517 0.00240422011872782 0.143450287777181 -0.250069077903357
-0.0596435358930469 -0.0811558042368983 0.0747540372239995 -0.0788653457397847
-0.112454273452404 -0.0165198266652779 -0.00156691754801153 0.092100983692855
-0.0329959176681555 0.0629940995155523 0.121435136842866 0.0851094582771835
0.0504883745757377 0.0415810533482479 0.181361798173205 -0.049601761569016
0.0610891446015411 -0.0328151810098077 0.115718081509011 -0.145648533674625
-0.0101835851929832 -0.0649656304576507 0.0275266099739373 -0.156778434519847
-0.0679002324946107 -0.0389525236927573 -0.0255959696835679 -0.124093270188053
-0.103029496481551 -0.0216298145683469 -0.023918439608419 -0.0876950922990674
-0.108794949872509 -0.0268978201204824 -0.00903518443967036 -0.0563413797212241
-0.117783014252547 -0.058291257620877 -0.0108575454489822 0.00878303295361443
-0.0535137492405992 -0.104181566975917 -0.101515467354104 0.043892160184855
0.0422586871205214 -0.108951747383744 -0.209281987057249 -0.00424632763141143
0.1089221150639 -0.00603589804567917 -0.186379986759614 -0.211852504861863
0.0331603170441218 0.0779490415216938 -0.0426619245362921 -0.339122367121401
-0.0553201461552147 0.0236799398836433 0.129903411466189 -0.229143251503698
-0.0821991685392256 -0.0654328755372717 0.0886497098627138 -0.040612331300991
-0.101748000984777 -0.0108191156826064 0.0115375268564707 0.109667920762071
-0.0441981943820175 0.0624071803552587 0.123371542691723 0.120039720269969
0.0380872518612254 0.0616306513795144 0.217422144794122 -0.00354676082767379
0.0702817647578025 -0.010676442765928 0.173957095937715 -0.136564129967222
0.0104353179899018 -0.0580646994571238 0.0618168262935745 -0.184417374932535
-0.0524910344726212 -0.0373375704089408 -0.0276075996980698 -0.153227776455497
-0.0910829203794177 -0.0147768834295237 -0.0524859563645953 -0.101163339994813
-0.102732976989872 -0.012777858041941 -0.0499585914831228 -0.0588924264211309
-0.118574967712374 -0.0325946226991259 -0.0515439886060254 -0.00580208133623904
-0.0771290455927798 -0.0766390682872251 -0.126010781942379 0.0262190995725835
0.00156560620073535 -0.102782078514011 -0.215179646409413 -0.0022547278280273
0.0864009173785733 -0.0382382263224816 -0.20904197455382 -0.176534017405681
0.0501656933392531 0.0597414052016163 -0.0897880097349125 -0.302354096329874
-0.042779324232209 0.0448809152134593 0.103404538916863 -0.214232815589999
-0.0902805959030199 -0.0342205922424902 0.108889214681027 -0.0139888247142233
-0.0780025188498018 -0.000792647988955501 0.00772611261618512 0.127276431249131
-0.0463368733315054 0.0517157678750782 0.0958447873262934 0.17782071198034
0.0170021187370592 0.0644650293805348 0.24610340261446 0.0899846349904435
0.0547844735247808 0.0102360406375511 0.253831343071345 -0.0864142699526178
0.0181089578609686 -0.0371760563161366 0.128565718912421 -0.199270300506676
-0.0354018311973264 -0.023317215398719 -0.00883708371289416 -0.182795695298406
-0.0682138702437219 -0.00186212834332509 -0.0714111428391343 -0.11490404661901
-0.0794697021512727 0.00485343269410826 -0.08458415776589 -0.0547721794996769
-0.0952164827766852 -0.00500492907516786 -0.0865577540963807 -0.00479667280923117
-0.0734832731095603 -0.0383219013495906 -0.145640370599332 0.0281274456172594
-0.0224476772743473 -0.0697835633991663 -0.220896962671493 0.0197321598097703
0.0532274678913847 -0.042242792533505 -0.233481255871855 -0.119580028493286
0.0502448399027141 0.0409376091979116 -0.141911503097001 -0.246932815638026
-0.0229271324237412 0.0553554149846015 0.0658056851107755 -0.201046895157702
-0.0777359312156548 0.000629291122966068 0.126652768981056 -0.00480392138952358
0.0404405650550991 -0.0459574649185689 -0.162797196910596 0.0258215666508996
0.00856083461440144 -0.0551097437551183 -0.0594031752534144 0.197003732446799
-0.0338736647645063 -0.0148048682507379 0.17469021414518 0.184552890930058
-0.0239749306705075 0.0355198434306805 0.24820804463801 0.0444900563317406
0.0371855925574475 0.0352297485075871 0.198597857502665 -0.0591015554123856
0.0545185556956471 0.00227211509324787 0.130800214385381 -0.0627121834189933
0.0546208955337382 -0.0213762360573873 0.0892448702249604 -0.0206769777109087
0.0509182201865102 -0.0212539904405304 0.0859994531684041 0.028380699570059
0.0435382146158916 -0.0173396345850982 0.0705450539660806 0.108739229073055
0.0382055977063802 0.00478299771422895 -0.0292918135021975 0.171804537868332
0.0135681272735537 0.0140149118403455 -0.188845267436728 0.178027702803804
-0.0117039921475815 0.00269040505551797 -0.302001108531479 -0.000989195586759226
0.00850660768719932 -0.0301993349211972 -0.243777310031549 -0.203950408783519
0.0416091329621995 -0.0217861112426456 -0.0562802259365386 -0.265184892280622
0.0497450871693498 -0.00871852925553745 0.0109098470948 -0.171239061104744
-0.00842022070621842 -0.053372027646868 -0.143399869707586 0.0444130425683717
-0.00601967381555618 -0.033250602029074 -0.0092115723475139 0.168237851387548
-0.010797303602709 -0.0143242695459629 0.183923215952863 0.103204647640271
-0.0101655056472464 -0.000773409739243787 0.212051151078804 -0.017352864276989
0.00776344384622154 -0.00505210258637688 0.162956379845093 -0.0833685531531626
0.00665902412348778 -0.0182555289878035 0.112054998215271 -0.0752394168427234
0.00300226086243826 -0.0321115734058878 0.0900674858784516 -0.0351304656571428
0.00792471585348383 -0.0341433976586262 0.0942751967467495 0.01127416936086
0.0105575634179316 -0.0398316897451292 0.0719960999692055 0.108011866925562
0.0334133985345204 -0.0287404119134773 -0.0572375289410538 0.169839729813881
0.0426754461587448 -0.00994472281485001 -0.24233633504189 0.138287398718603
0.0296731627246774 0.0249258991309586 -0.315938462143048 -0.105579502232622
0.00994672576051994 0.0102771059986752 -0.191608021742929 -0.312805009269715
0.0126419376845986 -0.0132582983728179 0.0219188547191191 -0.304905919752441
0.0210248841912602 -0.0320200409178104 0.0327989188159886 -0.171539425265992
-0.0532589412505032 -0.0476043896984372 -0.11020443993024 0.0596729687383559
-0.012200391223976 -0.00371891869365921 0.0348123666316152 0.131143709300492
0.0133316103608704 -0.0117888504691921 0.172304573649143 0.0298045152314416
-0.000823094450067528 -0.0299675455652861 0.160190267808535 -0.0657378640921844
-0.0212749830405485 -0.0312089601592823 0.111771045692467 -0.0995115509284983
-0.0371544025690415 -0.026242550525231 0.0757373169835106 -0.0844477650343642
-0.0457699465198183 -0.0327644681133616 0.0730005032418309 -0.0510131970525
-0.0357104034112917 -0.0410541177123531 0.0870410009574218 -0.0091304985633411
-0.0255036300139568 -0.0607197766016236 0.0653327899026181 0.0945429983207022
0.0269662866837575 -0.0643384887566285 -0.0740489139043665 0.150672853692882
0.0717006648266057 -0.0330829954558839 -0.259011610477322 0.0879809294060364
0.0649567709288484 0.0491971575693715 -0.283831021821773 -0.186629877134374
0.0012159841170937 0.0498702147589526 -0.114775937079024 -0.374107427800433
-0.0187564394215953 -0.0108920914947785 0.0924599013509421 -0.309067681486786
-0.00610814271022533 -0.057319063430663 0.0523846591885745 -0.154897959679567
-0.0884117862950574 -0.035551532225891 -0.0694552826957704 0.0699304128917411
-0.0165211245894714 0.0255652943059563 0.0722734274471061 0.0977633680984813
0.0343955865954268 -0.000472660519437184 0.16006212167777 -0.0238729877580882
0.0155946637067569 -0.043838923899847 0.116104220181767 -0.103140249393376
-0.0348591677866546 -0.0483607424505518 0.0616472011739005 -0.112475357551029
-0.0645100146595204 -0.0299177867862489 0.0335902209887387 -0.0919897904177216
-0.0807619957698903 -0.0293703312624696 0.0436704473039383 -0.0638500219649069
-0.0718931444589938 -0.0420002953777006 0.0642372238156207 -0.0289667054017691
-0.0623388374923074 -0.0741529661306455 0.0506922312411837 0.0685759806978914
0.0111493222462064 -0.0939453513786312 -0.0798115604042225 0.115428582679921
0.0861072491221413 -0.0593264621374911 -0.242276398283995 0.0419264959585423
0.091658697058469 0.0559047888936328 -0.229870098260827 -0.22559802407532
-0.0017179536655262 0.075928533032686 -0.0509273461482211 -0.382787240761745
-0.0436785188755918 -0.00796809781326452 0.134347881625888 -0.283406068020386
-0.0330270969516566 -0.0763909476570724 0.0648661268108136 -0.121294389334992
-0.10830684925514 -0.025010061898486 -0.031350443349964 0.0798407745897194
-0.0219957602030173 0.0493465573518911 0.101552346136614 0.0788886968247132
0.0482696840630182 0.0184902520006622 0.159685239225761 -0.0534399547158869
0.0388373514921712 -0.045242465975561 0.0965033962254131 -0.130542128580306
-0.0294239819866168 -0.0599746676641788 0.0291797995327511 -0.130445547179614
-0.0741607067669258 -0.0343900054988893 -0.00344282094884432 -0.102891478462003
-0.100316108063553 -0.0253070018134781 0.00916424899026435 -0.0749493215499885
-0.0978943191821355 -0.0367901559608841 0.030620818298913 -0.0456898433635557
-0.096116038684414 -0.0731966356093924 0.0249436063505498 0.0372483261686798
-0.0186156239130085 -0.109443541155735 -0.0858499361450857 0.0777200510827742
0.0756713511750132 -0.0896355440536095 -0.219325856651902 0.012726442430384
0.109071705578806 0.0334704418489265 -0.193026023169481 -0.229100584961472
0.0109826952670296 0.0851037619248911 -0.0272753195751562 -0.366042256957592
-0.0560832366931588 0.00283645467560481 0.142385112624482 -0.253667990975195
-0.0600062473407689 -0.0801744923392427 0.0751497889249909 -0.0805841268737027
-0.112979355009589 -0.0153603154373443 -0.00155571323520455 0.0924231489908559
-0.0322650362728973 0.0628691409776511 0.122204691598353 0.0846737395061852
0.051393192197527 0.0414210231775366 0.182583098879765 -0.0519191011230862
0.0612194714887253 -0.0335162608138377 0.114218372282002 -0.147526333162456
-0.0105339419714998 -0.0653145073280847 0.0260811586080749 -0.157726900516975
-0.0687340310725109 -0.0381093215036366 -0.0266791984967368 -0.124129929533377
-0.103453008934875 -0.0205392753642026 -0.0246476131104239 -0.0873354370203887
-0.109375466790881 -0.0262966699303034 -0.010332836838396 -0.0566001914638582
-0.11851369773425 -0.0567413055071305 -0.0113066049436324 0.00866486506579758
-0.0546416970585505 -0.103790965371318 -0.101559717681148 0.0448947666164316
0.0414614106223604 -0.109462215651581 -0.209725546261661 -0.00189641371069825
0.109351583412862 -0.00734733164022615 -0.189778635051425 -0.211544537255337
0.0342974991644276 0.0777028115157763 -0.0468771197789066 -0.340872414991377
-0.0552676574814183 0.0237664530724244 0.128637314286959 -0.231641491503454
-0.0826908640390476 -0.0646063100873963 0.0895537598460594 -0.0420367916205443
-0.101655978184012 -0.00992409092889454 0.0116977068134704 0.109907391897111
-0.0437836082025081 0.0628019755274713 0.123622767046692 0.119274500481381
0.0386564246430183 0.062058990161911 0.218713353442487 -0.00565601018833438
0.0701569016305716 -0.0112163763167526 0.17328392172665 -0.138570747454059
0.0105114604581925 -0.0584993695699681 0.0605983462408284 -0.185448456274749
-0.0529698058521024 -0.0370757466271738 -0.0287241963724212 -0.153381837213796
-0.0916087683308599 -0.013094131898303 -0.0525519441388988 -0.100960470666494
-0.102689887519782 -0.0112655552287688 -0.0504797916563266 -0.0594690114694814
-0.119531571504845 -0.0308651711912 -0.0523412285291413 -0.00617336799121426
-0.0782842968240075 -0.0761209317706862 -0.126348037103472 0.028127064875913
3.63873975873794E-05 -0.103575199939066 -0.215991690329864 0.000180327507323282
0.0860621134110577 -0.0396662704703419 -0.212406516002774 -0.175059846069726
0.0508958695020781 0.058985863314926 -0.0944043663943769 -0.303252262561615
-0.0423821792141905 0.0448239363656595 0.101225717856936 -0.2166699741119
-0.0903254271335761 -0.0339008089985086 0.109130435706785 -0.0155608782958557
-0.0781129395011277 -0.000492874727696636 0.007516888760004 0.128425308577136
-0.0455395496174844 0.0518499913292443 0.0968966995251677 0.177898731024543
0.0179071296377493 0.0647453762755394 0.248035414574689 0.0878565076706861
0.0547457441221802 0.00982364568745834 0.254231200013476 -0.088891449327275
0.0174762417531257 -0.0379293449551274 0.126967551566437 -0.201165798743349
-0.03609957279863 -0.0232288138527705 -0.0101262595790733 -0.183398152847463
-0.0681578475216548 -0.000603012834129755 -0.0731871294504758 -0.115227489759866
-0.0793071330511356 0.0060317664281637 -0.0857976193589708 -0.0541442043685643
-0.095510714285039 -0.00384991231976062 -0.087031451814338 -0.00431660351178743
-0.0742127304274302 -0.0377831589505134 -0.146637899111365 0.0302222642585214
-0.0235982537118841 -0.0698808999118301 -0.221144216132142 0.0222456273472228
0.0530614214563898 -0.0431293481667483 -0.236063477028955 -0.118494724966136
0.0511841172644162 0.0407555203460757 -0.145862093340876 -0.245894324804882
-0.0226287719568267 0.0555286994877837 0.0639383484652785 -0.202800641242134
-0.0777871633676067 0.00174756436089839 0.127575221562236 -0.00716798589760571
0.0398702579099971 -0.0466659530744329 -0.163714331701551 0.028048485719062
0.00805880559582605 -0.0557056531070889 -0.0572295380423294 0.198917670930552
-0.0343346643766962 -0.0146294067907563 0.177572148494026 0.18384888827752
-0.0236533410401425 0.0359289262794818 0.251096292475828 0.0415769758744613
0.038061786007819 0.0347786679030736 0.199665730859327 -0.0615164524789474
0.0544585523997774 0.00121720195250701 0.13127143209884 -0.0644021499462503
0.054792472610758 -0.0224964335853882 0.0897086105194831 -0.0215985258048971
0.0508967113812333 -0.0225355013234415 0.0866516140357905 0.0278265247128626
0.0436936382631023 -0.0180279920145714 0.0713689120554618 0.109251865210082
0.0385443328993052 0.00421241952764533 -0.0288004884271979 0.173625424079941
0.0133909948264686 0.0141147396674311 -0.188716443865864 0.180926585433824
-0.0116737827931556 0.00229684264308807 -0.303923659085651 0.00110202145027792
0.008181526107441 -0.0303235759255719 -0.24670142787787 -0.20345827042983
0.0414001467831417 -0.0219578138949726 -0.0581831606755323 -0.266600803332934
0.0493181149270063 -0.009919141327338 0.0101832840265532 -0.172308567882453
-0.00830767865596824 -0.053350460094083 -0.143332887302851 0.0461205130931972
-0.00663301929485466 -0.0338974450317193 -0.00774437864475348 0.169709578612339
-0.0109490628195721 -0.0138805312307149 0.186177945113483 0.101413785807658
-0.00984210973140756 -0.000799283931654685 0.213208892899367 -0.0203574712206366
0.00840087241572486 -0.00477532515354868 0.162394170839116 -0.0856504823998737
0.00636568400268754 -0.018758042571788 0.112336156095328 -0.0768944374175339
0.00265988948420684 -0.0323900709280448 0.090631842562685 -0.0366166022951613
0.00774724997640973 -0.0345873917153642 0.0953099853822336 0.0103231146370693
0.0106505404393415 -0.0403503025009604 0.0731745380530252 0.107635538240065
0.0335700236411896 -0.0293987997894963 -0.0567099200742482 0.171471518479574
0.0426281541458969 -0.0100709731942256 -0.24271189599301 0.141641192283287
0.0305989307576745 0.0251518069001605 -0.318994552597742 -0.104079490945681
0.0101663522476366 0.0107172055676767 -0.194855739183858 -0.313277520967001
0.0121021482335797 -0.0130890779777897 0.0209530772047943 -0.307258639180006
0.0208044850051154 -0.0324041242463657 0.0325744462461538 -0.173365518742322
-0.0539180005333449 -0.0475872005677445 -0.110580098157243 0.0610858394631016
-0.0121457563021114 -0.00437458954241173 0.0359718339943067 0.132281523043467
0.0129692793114122 -0.0121075906735595 0.173663841795606 0.0281311471809621
-0.000498332843713626 -0.030032881412281 0.160778914389432 -0.0686986760918318
-0.021760470820765 -0.0314001006087474 0.110899266963944 -0.101533370188387
-0.0374398914425763 -0.0258488108247404 0.0758145451806696 -0.0864157228212133
-0.0467080903113831 -0.0332419827955754 0.0727920157869744 -0.0516097817117994
-0.0360854004541472 -0.0405021205592964 0.0871636772069403 -0.00964995089796143
-0.0264040116083782 -0.0613510791957087 0.0662646091551481 0.0943258384611086
0.0267609434201108 -0.0648636774248095 -0.073760892383156 0.151898334097631
0.0720097056075113 -0.0337055876047845 -0.258781434935004 0.0904204944116386
0.0654032417831773 0.049264149403926 -0.286971804683602 -0.186079957242749
0.00184439593104967 0.0501454194513217 -0.118938854336608 -0.375689834225589
-0.0189328368850722 -0.0108936968585888 0.0907665942747369 -0.312091654948797
-0.00709586128425297 -0.057743846686783 0.0527325765276358 -0.156500050562776
-0.0887051173789859 -0.0349709339984373 -0.0693161603762976 0.0717519283318508
-0.0166356699353225 0.0255486716697815 0.0735738104255102 0.097910049265032
0.0342529679378259 -0.000966268168334413 0.160882726393643 -0.0257505960666768
0.0153829461086976 -0.0440271974352487 0.115954620071621 -0.105177645373283
-0.0351308074083164 -0.0485788778115708 0.0607653664879382 -0.113820093488756
-0.0651602064076421 -0.0294784624830728 0.0329099438405734 -0.0925760848143426
-0.0816252935177586 -0.0295313031120457 0.0432252594285887 -0.0640680456820908
-0.0729740540410371 -0.0418678770575158 0.0639143741797925 -0.0296706228789405
-0.0634103899527073 -0.07376955962611 0.051229052821575 0.0679818447954504
0.0109794267709098 -0.0943485349774524 -0.0795726528284385 0.117251845301138
0.0861940515790807 -0.0605835951896886 -0.242601206734263 0.0446832051972513
0.0926062798594061 0.0559170202906545 -0.232679788847422 -0.22447374880018
-0.00172246825684278 0.0762578525357228 -0.0542614862397603 -0.384803404847251
-0.0438358915844326 -0.00786610760903161 0.133355862251131 -0.286613461825538
-0.0338031402603965 -0.0767676794421888 0.065325250270541 -0.122416037106852
-0.108846324315259 -0.0246399876095113 -0.0311736043831272 0.0805311875663876
-0.0221542426818927 0.0491472384875148 0.102638584679563 0.0784930222754081
0.0486600335595261 0.018161197240293 0.160208297097087 -0.055089554267764
0.0389557932202032 -0.0454743777707073 0.0955093783325741 -0.131875069108016
-0.0301757979016459 -0.0603980939481922 0.0284060256611474 -0.131768988219024
-0.0747711147618124 -0.03349872882729 -0.00422924584461684 -0.103635852689512
-0.101036861365013 -0.0248997200387085 0.00863019185260051 -0.0751724819595699
-0.0990534950736742 -0.0360958070731739 0.0298908742765096 -0.0462547772331513
-0.0973444525770414 -0.0725488478181433 0.0253913542839092 0.037200052187304
-0.0195667946433042 -0.110207023221173 -0.08584148751804 0.0791725290703872
0.0750807302545149 -0.0907830308800696 -0.220614580953206 0.0148631461755272
0.110510056279425 0.0329982051988685 -0.196026346015668 -0.22894179232327
0.012185430360688 0.085417558731649 -0.0312193505333835 -0.368185339608055
-0.0563462324162596 0.00309381018174162 0.141462273343102 -0.256753317762633
-0.0609391305436986 -0.079728599197815 0.075621980584481 -0.0820467419230801
-0.113389140544177 -0.0150454251818745 -0.00148568455012425 0.0930589878557122
-0.0322562565009749 0.062639570094935 0.123502347063705 0.0845734379318738
0.0517190746135557 0.0414887302942317 0.183661721659237 -0.053884344932712
0.0614304918439877 -0.0343283393809317 0.114190737842566 -0.150204397990391
-0.011241942933234 -0.0655406273010565 0.0252318221470692 -0.159064362488283
-0.069375150150503 -0.0378128405814039 -0.0278442286775035 -0.124819863424359
-0.103971593886873 -0.0194808311949166 -0.0257870485427065 -0.0875360433374913
-0.110470206934076 -0.0251458097908583 -0.0110309015673239 -0.0570251389415889
-0.119806122882958 -0.055810087092204 -0.0111438689985383 0.00850561688068406
-0.0560302615604285 -0.103889172407374 -0.101543049079796 0.0464264202022305
0.0405068425653136 -0.110685037203654 -0.211295495758239 -9.35057596700135E-06
0.109762069828633 -0.008024563814802 -0.192832231914633 -0.211389449770939
0.0350751300990837 0.0775625775390572 -0.0509808903891936 -0.341578520883779
-0.0555232293420451 0.0241517907113583 0.127760178150727 -0.234404179248171
-0.083097943233528 -0.0643049030315629 0.0899112573237682 -0.0436642675809481
-0.102036496314009 -0.0090608468102291 0.0121617293781487 0.110730443378681
-0.0436971363266264 0.0630707415980935 0.124955110723374 0.120387553676022
0.0396172921181382 0.0616079226512492 0.220310905852588 -0.00749578242206026
0.0708365966670146 -0.0118954423036369 0.173085410109869 -0.141017375045021
0.00969185445185825 -0.0590654507473166 0.0593206837007213 -0.187716889257834
-0.0531939124332942 -0.0364911112043425 -0.0304047936232724 -0.154104625577333
-0.0918592869510148 -0.0126262422704589 -0.0546292301528988 -0.101391681895539
-0.103546679175183 -0.0105596012720295 -0.0518068442705797 -0.0594647540193388
-0.120012492501641 -0.0293198228280284 -0.0526956359138214 -0.00599984800136842
-0.0793013662264545 -0.075617441795121 -0.127110732879447 0.0292567547281896
-0.000295988844235303 -0.103669668815603 -0.216791662447188 0.00249413845131431
0.0862372850333406 -0.0407588005808231 -0.216193173100444 -0.174020702100532
0.0517496612604382 0.058808008872738 -0.0978874234506172 -0.303461656793655
-0.0421568375575025 0.0453168948619031 0.10029482006999 -0.219246978592979
-0.0910200570135958 -0.0329779653789722 0.11033415843278 -0.0173510069293602
-0.0780598027321423 -3.95419227711543E-05 0.00767689968906348 0.128655463306979
-0.0449037153881829 0.052508812931965 0.0978900439265132 0.178887495570975
0.0188742809925415 0.064472630395037 0.249875184257799 0.0869042540687133
0.0551703200112176 0.00917625935608221 0.255202089655205 -0.0918863476829032
0.017778229383667 -0.0381278353623538 0.126459164761681 -0.203875534203112
-0.0361585470038855 -0.0228445220879114 -0.0118667914162544 -0.185082728011493
-0.0687674625568706 -0.000112476930686366 -0.0738575184847806 -0.115069193485992
-0.0796964140869469 0.00704730693293668 -0.0866065897373694 -0.0542181509739063
-0.0963781617190899 -0.00206372098956748 -0.0878619351928663 -0.00334310869590778
-0.0749710438526226 -0.0369996062473187 -0.147786450802677 0.0322769294504092
-0.0244102904506718 -0.069720688094217 -0.222420076257806 0.0247045653106149
0.053068862783463 -0.0437796931621043 -0.239074920204805 -0.116832133308865
0.0522183335572603 0.0402575650277551 -0.149313288502155 -0.245626266208781
-0.0218112411360687 0.055475873692688 0.0622140260336971 -0.204709897634477
-0.0778792957895582 0.00226669286161064 0.127860051155692 -0.00850895956901113
0.0393846492110041 -0.047356323790809 -0.163944303624135 0.0300042936835752
0.00755843310202267 -0.0563513457044109 -0.0560578095986472 0.201614488638947
-0.0345324333318382 -0.0143574286714592 0.180646157176793 0.183623386067593
-0.0234430424142899 0.0361482053078 0.253448363622395 0.0395337692946481
0.0385583458548106 0.0346090550511333 0.200082188780779 -0.0636704324160358
0.055005209297385 0.000844432443637423 0.132020382588305 -0.0667319439710237
0.0550352093995552 -0.0233856025666359 0.0899953659234152 -0.0225250978132005
0.0511364321233914 -0.0231524923777681 0.0874871495314354 0.0276804837910621
0.0438668184452893 -0.0190377463665516 0.0729387175979811 0.109267178988047
0.0387242434955606 0.00361986405740934 -0.0281832185546427 0.174667085363967
0.0136944340187665 0.0138539843397458 -0.188788034834752 0.183927215859378
-0.0114276771303734 0.00322516828843326 -0.306451572215119 0.00294818165175751
0.00815718828723065 -0.0305288856152196 -0.249585529652502 -0.203058512950263
0.0410954448920223 -0.0226592911149918 -0.0598189499176309 -0.2683620471558
0.0494352264722472 -0.0104983651987602 0.0101506976126491 -0.173716640287276
-0.00887602036771564 -0.0542812732413535 -0.144036473317989 0.0481768744188738
-0.00690932182976768 -0.0344374457686805 -0.00653785335904637 0.170740546753416
-0.0113469017418906 -0.0147011497389886 0.188228717006705 0.100816163876517
-0.00981064653787215 -0.000401785594969024 0.21476651662823 -0.0223449555900761
0.00797332230678786 -0.00567278566563176 0.163130639414628 -0.0881563539030796
0.00645649052547158 -0.0185138730289518 0.112778880629489 -0.0785510893745476
0.00221679796882896 -0.0334706840273357 0.0909388797952668 -0.0372767971724772
0.00734474652223921 -0.034898834737221 0.0964924329154806 0.00999700153083113
0.0104941585609232 -0.0411927956365543 0.0741222676043942 0.107789399966076
0.0338179147927199 -0.0303578572771993 -0.0560400887229064 0.173616543620322
0.0430449820881022 -0.0105340559283557 -0.243731482914271 0.144410551695045
0.0305019429044565 0.0251738769960716 -0.321827037519128 -0.102066814740271
0.0100598351391065 0.0110527329429997 -0.198018247545855 -0.314086731274087
0.011960217321211 -0.0132785005650574 0.0194646758965813 -0.310448138183449
0.020521550171827 -0.0329553623776077 0.0326351718769415 -0.174343340229394
-0.0538085400324215 -0.0474095116539479 -0.110970686123969 0.0630668437283333
-0.0126587502547486 -0.00485624977523636 0.0377539774643694 0.132177256091343
0.0130162230645027 -0.0124215447913506 0.175669555936896 0.0266314728760552
-0.000775635120079049 -0.0304636495326587 0.161396105372643 -0.0708688376800818
-0.0226397958667137 -0.0312242655495952 0.110955095374119 -0.103642980257862
-0.0379422306052109 -0.0256736925624051 0.0753853363018635 -0.087696334156952
-0.0467391709987638 -0.032855657385902 0.072940578725448 -0.0525485170742981
-0.0364706487484639 -0.0411525081175768 0.0875805955883332 -0.0110251141209495
-0.0262955729879025 -0.0616299663619437 0.0674044516231695 0.0941471356489545
0.0267752623516502 -0.0659468175540133 -0.0732538922825278 0.153629955107176
0.0725554746800627 -0.0343563013468018 -0.260642931927022 0.0926731970904876
0.0668936059529106 0.0490295385040337 -0.291279769528179 -0.185602467169163
0.00202181282740038 0.050590624118657 -0.122346928713128 -0.377570231084974
-0.0194551262717411 -0.0107612943163179 0.090236407463291 -0.315352196762322
-0.0066893099032147 -0.0579604746760409 0.0526710819534867 -0.157700467155871
-0.089357195469043 -0.0350165477130157 -0.0693283348393797 0.0728884485763285
-0.0163123347360444 0.025416309403726 0.0750043011459309 0.0982350079558387
0.0342684188764254 -0.00131181367037514 0.161893909962333 -0.0276473378819615
0.015181037319259 -0.0447586914420343 0.115774145130237 -0.106518366982451
-0.0360391529136207 -0.0483442170203718 0.0606022348960097 -0.115344649752538
-0.0658476782794072 -0.0291566879422285 0.0325826442161544 -0.0934210775382336
-0.0822911433253191 -0.0286066973211915 0.0432318928875734 -0.0653786277890763
-0.0735409571651363 -0.0414471850838216 0.0642789705583861 -0.0306783361463332
-0.0642276211102024 -0.0735200489662987 0.0519063200177698 0.0679340018756844
0.0101313435531912 -0.0953686762729885 -0.0796027382011406 0.118378734775943
0.0862078385639001 -0.0617367018877334 -0.244100741792917 0.0470963529133553
0.0938248979216438 0.055790839097893 -0.236951688514767 -0.224917507242053
-0.00130518570826815 0.0768868597577254 -0.0572341255658356 -0.386557378179866
-0.0441230109982331 -0.00777168287758982 0.133096143296347 -0.289934358831829
-0.0346567033493014 -0.0765068041948605 0.0660448317433019 -0.123676900740267
-0.109433323150621 -0.0244043188614799 -0.0310171671270634 0.0822002741893235
-0.0219218168518685 0.0489946842086459 0.103385890764919 0.0788619572340695
0.0489416671004937 0.0175669665188448 0.161562567334258 -0.0573739721945546
0.0386503594715753 -0.046201162769952 0.0954801373176096 -0.134147943827354
-0.0309652654855041 -0.0607908600987865 0.0274795597614087 -0.133068025770882
-0.0755975406208794 -0.0333115311374307 -0.00501686299310447 -0.104330131978444
-0.102052212228864 -0.0237804119382547 0.00802653897505525 -0.0761340584342402
-0.0996375108856355 -0.035754609147025 0.0292965188270893 -0.0471695488994205
-0.0977665772771693 -0.0718080851074077 0.02536882437741 0.0360501337336941
-0.0203799200058199 -0.111111529491167 -0.0860388689726561 0.0803365095559888
0.0747822390415659 -0.0923147297907332 -0.221690465170328 0.0167984967412796
0.111413332005926 0.0323137045418592 -0.20050288284255 -0.229539994391793
0.0127418943839546 0.0857207451094825 -0.0346442108535273 -0.369737807026967
-0.0568682035408648 0.00328824313979889 0.141204051364242 -0.260049448901622
-0.0615594825800436 -0.0798477896618467 0.0765901729195758 -0.0831264380651339
-0.11371813254316 -0.0147281745043447 -0.00148104831361908 0.0940803722608483
-0.0317114374946321 0.0631880850260481 0.124384645213711 0.0846063868159874
0.0520981093938306 0.0410103597848022 0.184513727660351 -0.055704133287708
0.0615947363512005 -0.0345643024164348 0.113975231375616 -0.152485806134157
-0.0116431730358346 -0.0661222597450402 0.0242121091996532 -0.160500221084824
-0.0699218245102518 -0.0375356949371127 -0.0291627898850901 -0.125416538592213
-0.104440353406943 -0.0189683539984668 -0.0268066610591497 -0.0881056071176911
-0.110721650911648 -0.0242701555812941 -0.0120591975155438 -0.0576168778396843
-0.121149787297876 -0.0545255414572838 -0.0115735444187416 0.00799186346989656
-0.057323872047013 -0.104265003761466 -0.102270047241822 0.0483266782899133
0.0397139688931887 -0.11205465735221 -0.212501706722542 0.00191510479123282
0.110739609371742 -0.00897936718129505 -0.197061387327971 -0.211528772306963
0.0362910727998386 0.0777015124027603 -0.0546161613362493 -0.343691025334591
-0.0554719051442248 0.0245841392881158 0.127491160833092 -0.237637942689813
-0.0843962933412967 -0.0637333659829757 0.0909637360066236 -0.0451932848465076
-0.102536568957165 -0.00890327096130719 0.0120248342158915 0.111826990751537
-0.0430176212294637 0.0633087646669079 0.12618823610321 0.120691021646426
0.0406913980318896 0.0616526181706945 0.221532863377508 -0.00908363135303042
0.0709888286862042 -0.0125655072296681 0.173726051050877 -0.143118434941498
0.00973713973099858 -0.059627504383443 0.0586983292253253 -0.190072495877079
-0.0539912709039359 -0.0363997257946058 -0.0316867096542806 -0.154604249878598
-0.0928097511958359 -0.0120676783362252 -0.0556157320740572 -0.101072577273215
-0.104121771899044 -0.00942555311230416 -0.0529295134509932 -0.059686070007105
-0.121451707978443 -0.0283774157602693 -0.0537002552897933 -0.00589824115114661
-0.0809078244845346 -0.0756672737028902 -0.127865232036058 0.0307611635085554
-0.00210993213997461 -0.104867652570169 -0.218547338702414 0.00502633394164063
0.0859679844760566 -0.0413360415639652 -0.219291603448955 -0.173558993938994
0.0529488763535721 0.0585654076172764 -0.102356820661542 -0.304893686136756
-0.0422717544771752 0.0452393484011929 0.0990215685716835 -0.221380350059784
-0.0920509566305257 -0.0322036099317869 0.111044165917162 -0.0190442898096043
-0.0787817338704209 0.00076948852542449 0.00756244849621479 0.130362522636004
-0.0449080513895903 0.0528850894693657 0.0991715475703897 0.179599520540507
0.0191686769719895 0.0647638821246589 0.252592472481735 0.0859246883595901
0.0564743270815201 0.00865479455733379 0.255913270436512 -0.0941120862203602
0.0175443435943669 -0.0386753557439262 0.126084421709062 -0.20673990632226
-0.036436051164125 -0.0227808971395685 -0.0130712049088347 -0.185888542952744
-0.0691632857302823 0.000767972575139282 -0.075408037458312 -0.114675333111199
-0.0799499607397363 0.00804417250140046 -0.0876784822934411 -0.0539896320120151
-0.0967770658090883 -0.000794377857153181 -0.0884295211430066 -0.00321802422579091
-0.0761251236722182 -0.036252132661255 -0.148470565916057 0.0338550324702053
-0.025263147865815 -0.0700915874987123 -0.223652178627612 0.0273215517581761
0.0528517397221051 -0.0446444599266415 -0.242455419420484 -0.115515277141891
0.0528573691301902 0.0397870925533258 -0.153237779468774 -0.245750285155938
-0.0216931599118533 0.0555609615792501 0.0608329367638638 -0.206567873889282
-0.0780232678966012 0.00299953012522701 0.129083095102956 -0.0101358049872278
0.0280220112033118 -0.052309831412356 -0.158010874668809 0.0644360212294725
-0.00220288623497392 -0.0549165645542677 -0.0144818501126732 0.215782529630211
-0.0339972768588517 -0.00680706038918804 0.218646389750095 0.14642781161039
-0.0114512638162345 0.037763572681488 0.260543879255743 -0.0102107349463002
0.0446044522082404 0.0223114082178823 0.189077620322003 -0.101455256317518
0.0529161002781714 -0.0120518723172755 0.121410405620363 -0.0902529406518371
0.048069872013486 -0.0349641458671868 0.088601761496798 -0.0352502520385803
0.0463693740219947 -0.032314149005987 0.0928172750730812 0.0106035939104738
0.0397646831646488 -0.0257554388681733 0.0941933328142174 0.0962621667307645
0.0375399289288532 -0.00223821986487105 0.00647777614368458 0.184811709384448
0.0125508695924698 0.0118931816594591 -0.152837279833272 0.226046333479524
-0.0137679557371048 0.00184803192801832 -0.309824040709333 0.067956392921548
0.00101431237607316 -0.0350780556134404 -0.294853854380893 -0.153466622072232
0.0385876471268154 -0.0344745188622779 -0.120438573977685 -0.257620454818473
0.0473866426905181 -0.022335812312456 -0.0255393857501532 -0.175777534639245
-0.0195551720770327 -0.0501939044841486 -0.135770225922235 0.0760383178064221
-0.011851946084406 -0.0317796350434039 0.0289751914529348 0.174624247910442
-0.0119895853987299 -0.0126284327872741 0.210564958787713 0.0624203820673902
-0.00775343362189209 -0.00131929577318026 0.213138716358542 -0.0664318812739155
0.00684276567514919 -0.00999881337923745 0.147402655895659 -0.121979861352162
0.00182765161498563 -0.0216467058531482 0.0993660809940537 -0.101336238931579
-0.0046489434576465 -0.0336210628238088 0.0864054660976336 -0.0545261013967485
0.00181378381254973 -0.0364645968801116 0.097173087872193 -0.0088373613845487
0.00359777447690239 -0.0406959821176566 0.0961690678827256 0.0950903300358377
0.0261449734603988 -0.0343011078031247 -0.0219510524998951 0.189560477180663
0.0359479226926745 -0.017491420506063 -0.215995140242162 0.197727937327575
0.03240594469644 0.0130433736069313 -0.34937000388723 -0.0356159816574111
0.0124107488906803 0.00393779337315263 -0.268083414402468 -0.27777169279692
0.012556163163451 -0.0183632792579302 -0.0470641328178028 -0.318240207362633
0.0149131123690726 -0.0388753057497226 -0.000389158263295376 -0.181357753097614
-0.061497535292536 -0.0353828365713127 -0.101104271952457 0.0832706813015073
-0.0123139661153944 -0.00286432484691608 0.0646248819132516 0.12784633546032
0.0109418463086874 -0.0154278409895947 0.183976205725344 -0.00831692084995571
-0.00645666117631856 -0.0306521013006149 0.152074489439156 -0.105083305038163
-0.0282903789798376 -0.0284142120621188 0.0916826493758707 -0.129834034293423
-0.0427296405268616 -0.0189988461573808 0.0594531242640477 -0.106065946369843
-0.0520823002667445 -0.0226147731725108 0.0648153152623737 -0.070207729973892
-0.0424167146027072 -0.03440280991622 0.0847650392222746 -0.028037530861192
-0.0360462634697536 -0.0541179785086208 0.0870287499141253 0.0825583065610024
0.0124726181300671 -0.0681869131291512 -0.0422281677136406 0.173734660227654
0.0596225649518008 -0.0459233174864332 -0.243952942893633 0.150194448728527
0.0726467927647447 0.029272384801964 -0.336229062482096 -0.125147217529035
0.0140141129967054 0.0435732072062082 -0.206117034366514 -0.358076552978061
-0.0166367246342561 -0.00889791605851039 0.0244411029771446 -0.34067428969635
-0.0166227362391269 -0.057347614691431 0.0256687193274651 -0.16810948791098
-0.0918570521016499 -0.0170921199599477 -0.0589294107075247 0.0838980426951338
-0.0099563204319621 0.0268420859451844 0.0946789512442669 0.0856435949760966
0.0329811819928918 -0.00976900649349575 0.159903781289817 -0.0580745220107264
0.00500867289292008 -0.0481960393177738 0.10060323841309 -0.13154734094692
-0.0455305684326431 -0.0414683229066767 0.0385942603007399 -0.13358203522431
-0.0705482859904805 -0.0166283809720624 0.0137637624963646 -0.104994567821339
-0.0855972545706422 -0.0110640714360288 0.0309776578513476 -0.0798868150465059
-0.0787401346107012 -0.0282765784291894 0.0577923471320388 -0.0436612740877576
-0.0750633993509409 -0.0593441922832055 0.0667997127810281 0.0591836500236113
-0.00912111070641999 -0.0942077802190233 -0.05487848107038 0.13979961172542
0.0681909325377785 -0.0749402999164164 -0.236268631700465 0.100535067709342
0.101526361175888 0.030901835692863 -0.290188407490532 -0.176393988893218
0.0167626145910059 0.0701044185998783 -0.143697811124159 -0.382350020152272
-0.0404450492928041 0.000114681608115612 0.0742834701614512 -0.3254202141948
-0.0474729311276497 -0.0696169606266984 0.0474063025409171 -0.136307953093497
-0.108687134426705 -0.00311918228265739 -0.0193209610921536 0.0849833644487975
-0.0102856384880969 0.0503943063106766 0.11896857467477 0.0609113631686805
0.050359755739496 0.00539992760864744 0.153216502677161 -0.0861067794189198
0.0263429460611308 -0.0548739505567398 0.0757406679920975 -0.153528769890325
-0.0428497390482605 -0.0538144338773411 0.00258114657670858 -0.144555447953332
-0.0809767157027087 -0.017973723274664 -0.0267762033010473 -0.108960359833011
-0.103624568958124 -0.0019900265694397 -0.00649375158042367 -0.0854449084351864
-0.103338180381162 -0.017426835995335 0.0196272667877773 -0.0533473065889277
-0.10799877399619 -0.0510344888141462 0.0341309140451029 0.0325125984661417
-0.0420026828607297 -0.103944744116656 -0.0687280474861256 0.102068044362963
0.0522197658150955 -0.102553881095814 -0.219501424113811 0.0651402613390684
0.114431901636958 0.0056709752846024 -0.253308160366129 -0.188499168873125
0.0316708628331987 0.075958857751561 -0.117842606837664 -0.368841769245655
-0.0502383020272134 0.0140354487525236 0.0892365322686837 -0.297704959096788
-0.0749701392301907 -0.0671506695491583 0.0674144546341661 -0.0981476754615948
-0.110896389443424 0.00717340777020808 0.0130378016364326 0.0918035155352531
-0.0171857333455965 0.0653291098422708 0.140138942670331 0.0629065241624994
0.0590623642845663 0.0272432989123391 0.175684505455907 -0.0878099760822726
0.0511615136722838 -0.0492660086783929 0.0901735978118601 -0.172684699643821
-0.0263022905113192 -0.0634149684632787 -0.00477461093270943 -0.171174888816352
-0.0769804463802065 -0.0230234098797265 -0.0544043472396162 -0.125097846393693
-0.10577456112164 0.00377341256577532 -0.0436905928406398 -0.0911704499570848
-0.112194329369376 -0.00439311631646814 -0.023542726090337 -0.055855474257078
-0.127132823039421 -0.0300622857143684 -0.00850469236895608 0.0113676923685632
-0.0760385137589033 -0.0905590720114371 -0.0912521435597076 0.0712424532594109
0.0151227486800834 -0.115282853787978 -0.211923193520989 0.0474555601516567
0.105331237196644 -0.0345971817308484 -0.245674401331672 -0.170505886747415
0.0527030148200833 0.0635426640369435 -0.132604602333476 -0.336638562630512
-0.0451379055108882 0.0346073397884616 0.0793632479733201 -0.273250581491947
-0.0940930266710293 -0.0461972656999136 0.0899199792735758 -0.0646437851829837
-0.0992940211700728 0.0109407056141122 0.0302102646796279 0.107896368243209
-0.0274488272755419 0.0676043247654441 0.148249780136398 0.0997427399685934
0.0522552024910575 0.0493766682741429 0.220542497676416 -0.0469997754745931
0.0656294402956111 -0.0300811176555978 0.151492355947158 -0.173555931611546
-0.00465300214715479 -0.061647320436135 0.0254656953479058 -0.206091925946637
-0.0614469450125243 -0.0249013930443544 -0.0611728930478125 -0.153296305749387
-0.0924972427535425 0.00776122557781157 -0.0750706192552531 -0.0979567618414576
-0.103425762417556 0.00931917790624928 -0.0646685747068653 -0.0492539990733504
-0.123041488217034 -0.00441582418888575 -0.0537674821454189 0.0048202469311034
-0.0938633753890962 -0.058644663821395 -0.120980447689837 0.058457930819243
-0.0236094195458443 -0.100692346210534 -0.218608331762734 0.0512839094621409
0.0751666916676422 -0.0613165819755516 -0.2592059920672 -0.127412266018826
0.064214365961154 0.0413752870271489 -0.172145535761759 -0.286087759108254
-0.0280154395740379 0.0521168844794599 0.0524107745816136 -0.251474440172799
-0.0955290092159499 -0.013167958021362 0.114071449709027 -0.0434204073375606
-0.0748874148332485 0.0160520694037378 0.0294511705403865 0.128982053369838
-0.0304652319883131 0.0585239011676007 0.13270317109246 0.164802243810477
0.0331334755776929 0.0571916663913622 0.269055378260102 0.042409621559393
0.0566896518707809 -0.0076083334130841 0.243024887845323 -0.139712625294497
0.00765892921485827 -0.0442023188604191 0.0889528583493419 -0.234507926511888
-0.0424633705831122 -0.0154961640835301 -0.0485445960649728 -0.186787274715526
-0.0670878744199788 0.0151937984541095 -0.0979068970150639 -0.106044507032095
-0.0767673779491173 0.022718727536236 -0.0980182914862631 -0.0371233590486544
-0.0941460244585525 0.0175444274576209 -0.0894454654186247 0.0147181094595726
-0.0828551735270048 -0.0210135515781186 -0.142048885145032 0.0652188045862978
-0.0398725482394753 -0.0629409218664718 -0.219085670224616 0.0746422445150646
0.040612206164215 -0.0575390596423365 -0.26977550183655 -0.0633663297093586
0.0594532770628158 0.0238321076051554 -0.211026425367149 -0.214504771270887
-0.006592161749177 0.0573631220596668 0.0155199027292716 -0.226821191789543
-0.0750432814008049 0.0190673642175581 0.132007993641129 -0.0393460368146818
0.027753240785741 -0.0533561891011414 -0.158708329913299 0.0667238243042651
-0.00309311563323841 -0.0556287120969275 -0.0124538844784839 0.218114640220869
-0.0343774181913848 -0.00690595497049556 0.22242970532993 0.145883897231164
-0.010847474024858 0.0382822206705078 0.263707287984393 -0.0135550052715993
0.0456039567236017 0.0216456354128646 0.190707194200489 -0.103998799557584
0.0532446806593117 -0.0125529197740737 0.122098575882422 -0.0926157413967997
0.048354678041771 -0.0359599255398074 0.0891452167134156 -0.0363181846001719
0.0465362049682359 -0.0336118171261472 0.0935696886636302 0.00989735348510034
0.0402299919531318 -0.0263698184532881 0.096092782254919 0.0967878677276881
0.0379892302241006 -0.00243342022362606 0.00773170671700027 0.186687116581464
0.0127300003228843 0.0121258089777529 -0.153101279925212 0.230010727788717
-0.0140479414994375 0.00180815458513454 -0.312733436334966 0.0704857639371705
0.000882833932806106 -0.0352205143881239 -0.299539298938234 -0.152836697804316
0.0384765331495582 -0.0347550936273778 -0.123098870324928 -0.260034295579621
0.0475496328058356 -0.0224001944506086 -0.0257295259942994 -0.177995668896535
-0.0197268833357445 -0.0505632691082068 -0.136057108188087 0.0780055122959183
-0.0123422627968195 -0.0318911849157986 0.0312466697005656 0.17644693056278
-0.0124886529611274 -0.0124612480129957 0.214260774277802 0.060948369501033
-0.00782833264182874 -0.000790615098694221 0.215198970146051 -0.069522645647996
0.00669004260159269 -0.010198016867746 0.147855951219421 -0.124451195389321
0.00154131501998369 -0.021655252685225 0.0997023226158707 -0.103517027846025
-0.00511821029957186 -0.0339479413335339 0.0868892808651097 -0.0558518412570349
0.00153022443672422 -0.0370477674929642 0.0980142419741357 -0.00940485413844445
0.00311719510774062 -0.0413584731296555 0.0976316684244665 0.0951948706270953
0.0263148982102065 -0.0352978691734238 -0.0208984543838992 0.191969527616806
0.0365588167881795 -0.0177428471521077 -0.216747943202248 0.201720062775143
0.0331441225155649 0.0132921957115554 -0.354013781734362 -0.0329042986242341
0.0124437762716168 0.00363723610532476 -0.272799500262558 -0.277981194306149
0.0125060985246043 -0.018823629580957 -0.050017823822369 -0.322628842589662
0.0147201182605066 -0.0391396145081104 -0.000726362189168394 -0.18373021012224
-0.0618010948799387 -0.0353686236409901 -0.100881583702945 0.0845889437150801
-0.0124492430858486 -0.00295248027747719 0.0667821643153871 0.128644266944853
0.0103608650009155 -0.0157111652088324 0.186585215756071 -0.0101535029967917
-0.00701922578538926 -0.0309788140142052 0.15260472396727 -0.107562311432265
-0.0291826305586388 -0.028342179750111 0.0917281199115612 -0.132355974241534
-0.043562854738816 -0.0188198646177601 0.0591190323331372 -0.108027111728892
-0.0528505697482263 -0.0223658690354178 0.064618285319632 -0.0713609138823579
-0.0429810267792716 -0.0347080026898385 0.0854279528937293 -0.0290355631088693
-0.0367177683586812 -0.0542068518745803 0.0887030936476675 0.0824948004519247
0.0125876063212455 -0.0692032341897646 -0.0416487333615558 0.176130371373443
0.0598982790727899 -0.0469775805700257 -0.244895594300736 0.153987029988708
0.0743105440326652 0.0297215724739668 -0.340666704882503 -0.124398372361843
0.0141983619047357 0.0434804213579241 -0.211161596382616 -0.359836945105022
-0.0170663253515707 -0.00888818584275514 0.0231798890030909 -0.345041620393856
-0.0172244580341246 -0.0577580153597601 0.0263646872203871 -0.170467668882081
-0.093015853147321 -0.0167145864069729 -0.0584978270882102 0.0849082328708988
-0.0098152308269229 0.0264853968651812 0.0959614630652363 0.08546849934876
0.033295457538513 -0.0101209294988029 0.161419678807381 -0.0601438339383188
0.00470416616537599 -0.0489109085550262 0.100249208423349 -0.134476674494649
-0.0464814172224441 -0.0416996969721942 0.0379791793840709 -0.135289591769971
-0.0713910504146484 -0.0160775573481297 0.0133004783396736 -0.106370731706611
-0.0867364520051933 -0.0103793373473414 0.0309777706910273 -0.0805518246315993
-0.0797397852807631 -0.0278229633410124 0.0577254414933052 -0.0446198509711735
-0.0759255357160717 -0.0587993401197343 0.0676425923986194 0.0589282148242034
-0.00966635808866715 -0.0953877733908841 -0.0548640988751089 0.14181389515288
0.0682415666380527 -0.0764419399312573 -0.237453371053161 0.10351564160562
0.102984242870021 0.0306252501426634 -0.294594037349062 -0.176711892944966
0.0171886875797729 0.070371079075581 -0.148136976160704 -0.384066371302317
-0.0408163566307232 0.000431965629005212 0.0735836998887898 -0.329927921536649
-0.0482110507139237 -0.0701112962510802 0.0477660473095406 -0.138764960147123
-0.109917043286195 -0.00238615197349476 -0.0192543510739016 0.0864079507429527
-0.0105669249986445 0.0502763312166408 0.120558491106925 0.0612437717952752
0.0510837831809948 0.00468729976050687 0.154798179451908 -0.0884339741293595
0.0260655841900087 -0.0554558751900749 0.0749613902182229 -0.15549810771358
-0.043873796254629 -0.0539535561386306 0.00165329125932779 -0.146568658431142
-0.0820417091023143 -0.0175949086252823 -0.027266698329203 -0.109834517695349
-0.104531496985504 -0.00119706222590911 -0.00719590376240598 -0.0859126861327502
-0.104267659134025 -0.0166147679984232 0.0190087842576482 -0.0542860729938486
-0.108866826298386 -0.0505330189441496 0.0345968522373371 0.0321018232311743
-0.042798022271397 -0.104486824041044 -0.0684392801761001 0.103540683641127
0.0516289556226009 -0.104053375596792 -0.220592624836493 0.0677746315248604
0.115847479267706 0.00500910846427099 -0.257732185529922 -0.189239947913539
0.0328189418899405 0.076229064560102 -0.121843372525886 -0.371614992488403
-0.0508284855821016 0.014397612988611 0.0887408286088803 -0.301454095112775
-0.0757041948054406 -0.0668955795933374 0.0679163165978383 -0.100634479941105
-0.112023865617083 0.00758566261457979 0.0131141506407711 0.0935401262596208
-0.0169879182651888 0.0657961208311087 0.142003665393599 0.0627768099652346
0.0593682341756537 0.026967594308628 0.176771039726328 -0.0900526157084864
0.0512064413146608 -0.0500525679792439 0.0898443785256077 -0.175154525516305
-0.0270589722655863 -0.0638679780179324 -0.00636982374102851 -0.17279729038517
-0.0776255362901506 -0.022851994133646 -0.055396364883978 -0.125931600437978
-0.106333843517184 0.00463617849099662 -0.0455386323694088 -0.0916345739485872
-0.113457719761261 -0.00328498415159745 -0.0245259335899758 -0.0564401711959715
-0.1284161490585 -0.0291398800844843 -0.00911433944986832 0.0110633228728132
-0.0778211961148263 -0.0912025394214883 -0.0917516203273471 0.0730433126257188
0.0138549605788059 -0.117011063349123 -0.214057620045691 0.0504109287655178
0.106224789263704 -0.0359476182103133 -0.249955002624577 -0.16958194827687
0.0536943664512562 0.0637386704990132 -0.1372038363723 -0.338506267273788
-0.0453631289515322 0.0351222909815751 0.0782439547964938 -0.276816264631641
-0.0949373651835376 -0.0456109687015131 0.0908410043190754 -0.066726608896573
-0.100146719989847 0.01180604983467 0.030485874318651 0.109469736927388
-0.0272034929784156 0.0683402902808254 0.150310875066982 0.100094584258819
0.053054898339892 0.0490548481414904 0.223022855930756 -0.0494047636269585
0.0661562960080198 -0.0316108313320801 0.151632440809623 -0.176750306417368
-0.00494347323319852 -0.0623653264974549 0.0233664629554421 -0.208006710060203
-0.0623486538642199 -0.0244855976295723 -0.0626487191732657 -0.154719079210162
-0.0928034297232438 0.00907899154328986 -0.0772376346502969 -0.098252892092637
-0.10407647200187 0.0107298069807502 -0.0659315344314023 -0.0499806321918711
-0.124115435325695 -0.00280166978949596 -0.0548217582110991 0.00509658501540811
-0.0956061821625543 -0.0580381564679837 -0.122090342307683 0.0607530751438703
-0.0249835547942705 -0.101585568462526 -0.21974680918013 0.0540619586404156
0.0750696981990658 -0.0628883269595166 -0.263690934108252 -0.126445496504379
0.0649265927926568 0.0412209852142019 -0.177172117463759 -0.286631156410497
-0.0276810178807948 0.0522075904965821 0.0508004323545408 -0.254386804352283
-0.0961775991739359 -0.01216010396384 0.115335285974826 -0.045396395243884
-0.0752682843201543 0.0165259245480789 0.0297758209562163 0.130616898083624
-0.0303491038699329 0.0591610556449249 0.134711610483121 0.166572943035711
0.0342031139963154 0.0571361860907258 0.272366769904005 0.0403496526704488
0.0578331599640689 -0.00762706398209058 0.244108801157447 -0.143700210815926
0.00746365265898725 -0.044568569604448 0.0883635527678647 -0.23746661532273
-0.0425801385977323 -0.0152606156023382 -0.0504991737843299 -0.18865134609251
-0.0673778345788571 0.0158927226580472 -0.099781186598409 -0.106300420231887
-0.0775821727801758 0.0235578097410098 -0.0996880622656959 -0.0360132180521449
-0.0951778994223179 0.0197103487474156 -0.0903184776733873 0.0156669066187042
-0.0840422715217346 -0.0202633632126349 -0.143169372655264 0.0676418811143843
-0.0409846570611012 -0.0633852053207365 -0.220267566821161 0.078171494793545
0.0406676948717046 -0.0583827975645213 -0.273589192389502 -0.0611739119109602
0.0605780284528327 0.0233582469842678 -0.215462349130832 -0.214700937927296
-0.00647816000250621 0.0581090045488018 0.0138719735418576 -0.228842659731673
-0.0757099432032587 0.0201879604595826 0.132989608249534 -0.0412991867628932
0.0269380294084788 -0.0540218989567595 -0.159445267210637 0.0692133611130073
-0.00337639329859444 -0.0563251591724623 -0.00994427659802312 0.220876658681441
-0.0348585665260409 -0.00652102676124176 0.227208270035538 0.145384147603127
-0.010787675351231 0.0389643579428593 0.266947497017704 -0.0165503227854576
0.0459161027355758 0.0211868029595583 0.192069663679109 -0.107601568253113
0.053664070430031 -0.0135954549430546 0.122879952179428 -0.0955031075020852
0.0484388328866496 -0.037480388087837 0.0899449999012253 -0.0379019816069169
0.0469068966699769 -0.0349285980891665 0.0949304394649141 0.00967387464751448
0.0405174430379762 -0.0272054523718069 0.0977840171160989 0.0969622343500317
0.0385580168936982 -0.00310293091710091 0.00891040100249963 0.189499736998874
0.0131204726175001 0.0120525109749447 -0.153448279944852 0.233621346858434
-0.0139177636907715 0.00207702533003032 -0.316404117080992 0.0736900626958807
0.000674879665075536 -0.035850615625824 -0.30466136983979 -0.152913291893178
0.0381284905275493 -0.0357938891741329 -0.126294564346432 -0.262758128067817
0.047176443338151 -0.0233502120208375 -0.0271568631224667 -0.180233924525111
-0.0206128124252322 -0.0510321515270825 -0.136445441946077 0.0804375418430757
-0.0129237667488983 -0.0326574875848176 0.033453033159619 0.17796268342587
-0.0130455099620771 -0.0124697403345422 0.217261693738021 0.0594739685414404
-0.00790852455257136 -0.000274980496067135 0.216711336872973 -0.0721813397437074
0.00699348323392565 -0.0109425679303157 0.149265312130525 -0.127960184792432
0.00119813740534403 -0.0220319597474563 0.100009150622466 -0.106246144482404
-0.005250630819873 -0.0343954923758078 0.0876202197788797 -0.0568247040840543
0.00120709364450734 -0.0383492649061232 0.0990508865434866 -0.010472592336653
0.00318646098726569 -0.0420183359773028 0.099230894154816 0.0950865249258377
0.0265610543054609 -0.0362378835158388 -0.0197919350134173 0.19493063156466
0.0366086803874891 -0.0182374551953625 -0.217748083926114 0.205892040930036
0.033818325281826 0.0134201276527464 -0.358472924012411 -0.0308098627197333
0.012595651474879 0.0039996239067823 -0.277850016558529 -0.279404945683354
0.0125215786934072 -0.0195842951610629 -0.0526407531925652 -0.326320689257574
0.0144855781275323 -0.0399625451679977 -0.00119067833738634 -0.185966715178732
-0.0628111849575624 -0.0356654406453203 -0.101462777879121 0.0863575252005663
-0.0126531383048853 -0.00347162336501617 0.0687323087478838 0.129949344465937
0.0104534116753676 -0.0165268223279169 0.188586931188805 -0.0122356639471017
-0.00740677002621992 -0.0317609505449918 0.153715110664592 -0.110774147257433
-0.0297560973096056 -0.0290074758645787 0.0919104305045439 -0.135413205145848
-0.0443691817789819 -0.0187556334073492 0.0587948585704718 -0.110200261280573
-0.0535688879171699 -0.0227834693544847 0.0646599553145275 -0.0731041476817335
-0.0438732694085399 -0.0353161514133418 0.0856084351206725 -0.0297701788473245
-0.0374337183325686 -0.05480061494223 0.0899880169624216 0.082472453212557
0.0124916481757395 -0.0705665302242197 -0.0408331444942714 0.17894064004852
0.0599148249242734 -0.0481214934064217 -0.246574665812247 0.157790838293889
0.0757969775102804 0.0298580149613411 -0.346059664177395 -0.12324163789906
0.0146607639421452 0.0442239482913469 -0.215853533369002 -0.361962507792322
-0.0175687714610644 -0.00889355742083459 0.0216640788825249 -0.349590468955879
-0.0176442079053603 -0.0582721650031412 0.0253448437894255 -0.173180269447941
-0.0937202686374933 -0.0164902882947313 -0.058512289991214 0.0865926650654991
-0.0101154863509931 0.0265078363966093 0.0978625704788195 0.0861529729442463
0.0331718484676198 -0.0105389577914137 0.162670888417962 -0.06312262094315
0.0045696203156148 -0.0492941203257192 0.0997755495720942 -0.137921125125474
-0.0472566030863663 -0.0419770089901143 0.0367712271189906 -0.137468098125024
-0.0725867077607832 -0.0156287177202552 0.0127395742520435 -0.108172443356893
-0.0878895087048132 -0.0102565639948384 0.0307330908134446 -0.0821161307738146
-0.0808491585447868 -0.027589666108546 0.0576169801174617 -0.0454181975398732
-0.077118069257401 -0.0588637069666467 0.0687107903287604 0.0590214876284926
-0.0106500107500639 -0.0965513171243719 -0.0538560052036582 0.144023749711073
0.068399311727268 -0.0778533872577822 -0.239142492428436 0.106672976006086
0.105133985501352 0.0302484085571039 -0.300498594032107 -0.176201989964949
0.0178057086871977 0.0711021473606669 -0.153444690274163 -0.388062221815696
-0.0412669179084846 0.000379664647669888 0.0724934606737373 -0.33465758236624
-0.0490481425028741 -0.0701240869945137 0.0483264924581985 -0.141410625923889
-0.110844843811187 -0.0017823676774634 -0.0190195381871348 0.0880350301773917
-0.0104859931989157 0.0503814879737045 0.122240198631399 0.0610079048447952
0.0516799753435083 0.00464639546632325 0.155458769055286 -0.0911424325621381
0.0260582967228668 -0.0564161610825396 0.0740906867477269 -0.158454989847074
-0.0451439359742885 -0.0544374497830831 0.000342047085164076 -0.148070129702987
-0.0830957826145538 -0.0170934046977071 -0.0286178796655462 -0.110987650344183
-0.10560763699765 -0.000180209621848282 -0.0080761301552541 -0.0866744953865455
-0.105776618825691 -0.016595127228618 0.0183293082941365 -0.055354449568481
-0.110336088713625 -0.0498147410019631 0.0349192195789624 0.0320284608120063
-0.0439757028755611 -0.105376666374253 -0.0681623670707143 0.105816619868992
0.0514629577133791 -0.105610940182042 -0.222015310244005 0.0699528671552263
0.117753783076889 0.00411540221147144 -0.26394483554135 -0.189362985641009
0.0338016204008896 0.0768774555392885 -0.127310828767085 -0.374773602453838
-0.0513834567668152 0.0146456619715297 0.0881297628164791 -0.307116487674357
-0.0768931735731239 -0.0669533446046353 0.0690740203773951 -0.103137625104803
-0.113170986631239 0.00843171096477323 0.0136964107936693 0.0951803213731461
-0.0171212333630313 0.0658932222663686 0.14396719915606 0.063341739917613
0.0604112835591174 0.0264784259480331 0.178464039436999 -0.0931261720382598
0.0516173362325421 -0.0514083175688854 0.0890862996391718 -0.179104726414447
-0.0279178944820694 -0.064268424610298 -0.00750828362162841 -0.175333769655464
-0.0782872587051446 -0.0220281039216986 -0.0571361215511268 -0.127209297440566
-0.107250666982347 0.00564182147417733 -0.0464992346134237 -0.0921231346625602
-0.114680580105042 -0.00190906655540415 -0.025678760323766 -0.056918706697541
-0.129748959717348 -0.0278518123843193 -0.00952152009805228 0.010899705604669
-0.0793599450177779 -0.0917362140922949 -0.0921196061355975 0.0750940764315063
0.0128192451564754 -0.118407965307169 -0.215730672218218 0.0527966437229216
0.107088787119401 -0.0370541768201079 -0.255282157716044 -0.169946205773185
0.0550707776076825 0.0635113566090977 -0.142114578971334 -0.341299457291348
-0.0454902488525035 0.0353405196410453 0.0765152278844803 -0.281754488898712
-0.0962251924819462 -0.0452502411864322 0.0919029819426259 -0.0686879886545977
-0.100933365372362 0.0126109604275986 0.0310398322106887 0.111082761207821
-0.0274520625460479 0.0688964882541153 0.152239694635205 0.100977062036666
0.05420830055246 0.0489844504008306 0.225387199235609 -0.0518526533880262
0.06681245583912 -0.0323528820008726 0.15168763485616 -0.180059823199598
-0.00534738170801803 -0.0635695036596839 0.0222625817852385 -0.211300993286839
-0.0630453759455138 -0.0242821395359732 -0.0646071824019033 -0.156148623356973
-0.0938664647086916 0.0101219554786415 -0.0786945478756207 -0.098761139174821
-0.104796244053813 0.0116755806330051 -0.067681956672126 -0.0498832874723646
-0.12531924490478 -0.00104231764408681 -0.0555945147605113 0.00515156503167899
-0.0973677390026312 -0.0577920153516406 -0.123047392094549 0.0627021278348646
-0.0267571653235654 -0.102269629828966 -0.221328500427027 0.0569979905269419
0.0750866995083687 -0.0644783341562222 -0.268690861982813 -0.125111736092835
0.0664140093343051 0.0408795913276052 -0.182368621367521 -0.288687188606209
-0.0277147063206004 0.0525568016338194 0.0493241227932659 -0.258531572864185
-0.0969678635182933 -0.0113394542280093 0.116397937117809 -0.0477374883752287
-0.075881117391064 0.0174368633857883 0.0298056959763551 0.1320662171941
-0.0301747998105965 0.0595308555393849 0.136578594943504 0.168224788958182
0.0351260030670675 0.0572648107920948 0.276070805677546 0.0390294104932753
0.0581938021532559 -0.00856124420467408 0.246617140961856 -0.147020114864698
0.00716137093159688 -0.0452716981355597 0.0878710272210814 -0.241686876702167
-0.0434766738567005 -0.0150047885052796 -0.0525244170880619 -0.190577051956344
-0.0680216695251904 0.0168795694853761 -0.101494843150312 -0.106004109511586
-0.0778060727976267 0.0247849724905681 -0.101286037910444 -0.0360176859197978
-0.0958877540302274 0.020849676106054 -0.0921320241213776 0.0159397078344804
-0.0851152228081109 -0.0195400742295759 -0.144667820970315 0.070322542156003
-0.0422552440093054 -0.0636853670668104 -0.221992185509982 0.0813177459481368
0.0403218414002526 -0.0594781686249673 -0.27797846120044 -0.059234637577472
0.0614526526012525 0.0227248025636538 -0.220342263479783 -0.214686089437797
-0.00608116754871976 0.0581471725804718 0.011996260917642 -0.232625698338392
-0.0759175981635762 0.0210795059989397 0.133749146635574 -0.0436670870085587
0.0266973308105776 -0.0551292943944882 -0.160732361232163 0.0720294672094828
-0.00435179947340634 -0.0568935957449235 -0.00728858546294659 0.224335310805431
-0.0349825516891831 -0.00630488594039047 0.232493621952586 0.14468362757862
-0.0103771997315957 0.0395232193610729 0.270478532118279 -0.0202095629250334
0.0470751447589481 0.0206601141110821 0.193618678535972 -0.111090570617827
0.0541451705812931 -0.0144472905426797 0.123586619678173 -0.0980354370705412
0.0488398871510856 -0.0385698548479088 0.0909475103805549 -0.0385017695367425
0.0471321325836374 -0.0365966370942252 0.0961469880283061 0.00887873873686043
0.0407898404002594 -0.028226587502446 0.100014064042691 0.0976256289760514
0.0390893345249378 -0.00361594543783965 0.0110362283313067 0.192595772289245
0.0132165424186026 0.0121635550364775 -0.152787343411606 0.238737091442116
-0.013955394018772 0.00239162795464106 -0.319889288453299 0.0778527899313994
-6.94195507951988E-05 -0.0358842087283258 -0.309676714622611 -0.15206332123281
0.0379362572019565 -0.0364525271228757 -0.130016900820855 -0.265648359022909
0.0472568784933573 -0.0242058868156909 -0.0279639808137464 -0.182800562952235
-0.0217058662332147 -0.0517817404729771 -0.137296852028607 0.0838372736370563
-0.0137101921717857 -0.0334837524870595 0.0357647752044026 0.180717198662096
-0.013363075865055 -0.0128733962125273 0.221638347026942 0.0577693849059663
-0.00796009021231961 -0.000441935491549684 0.218750884330024 -0.0762881391699361
0.00666241336611957 -0.0113461625960006 0.149676515923538 -0.131933959854663
0.000803902322074385 -0.0225525774434251 0.100486840227645 -0.109264720198778
-0.00614534680569095 -0.0348917813835992 0.0880062019547024 -0.0586092821046435
0.000838353952211203 -0.0391994180900063 0.100038772614315 -0.0116382439784115
0.00261290739638253 -0.0426495036319708 0.10138451434697 0.0954495388514127
0.0265903950536176 -0.0371136968661737 -0.0186759407814056 0.197975188438497
0.0368609315954451 -0.0190957935574617 -0.219335399771378 0.211294845350549
0.0343069215578465 0.0134530806566169 -0.362674839953842 -0.0277671566581563
0.0123554463500509 0.00371751442960276 -0.283709545614931 -0.2804339268927
0.012080190883269 -0.0195176738493413 -0.0554258624533514 -0.330837172786243
0.0138481733013445 -0.0403460325733738 -0.00165385132892459 -0.188861230883704
-0.0639696177735186 -0.0360799309800438 -0.101735245257904 0.0890353688515795
-0.0129176560614215 -0.00366891580539269 0.0708502840607793 0.131095496814334
0.00972138284073264 -0.0165302049510561 0.191116888739296 -0.0144053636312589
-0.00764791141707551 -0.031523522279295 0.154134958137914 -0.114377086304869
-0.0304146562602357 -0.029222939589265 0.0916536832565563 -0.138110421560875
-0.0455575885295737 -0.0182080367152935 0.0588396481151782 -0.11287139553997
-0.0552566225104567 -0.022567599315772 0.0647579242579051 -0.074285131951894
-0.0446754372991034 -0.0354485385371316 0.0863837276886856 -0.0312688357273917
-0.0383742060837151 -0.0552870114128133 0.0916200082458517 0.0827108335457337
0.0119154632679435 -0.0712012667241299 -0.0400297190051545 0.18175237852106
0.0606489915948882 -0.0493004776101375 -0.248373543333716 0.162459583355384
0.0774348312685609 0.0294170778843988 -0.352684497576406 -0.122065643631009
0.0150227837645347 0.0446789121675685 -0.222361472315788 -0.365513142013018
-0.0179214371656765 -0.00919237083096046 0.0188974333447412 -0.354754933960926
-0.0183937545246533 -0.0586793216555452 0.0259995134444224 -0.175959404481852
-0.0951540607955507 -0.016181156979114 -0.0583448019438633 0.0892647308441175
-0.0102149422198849 0.026175913679075 0.100189220803349 0.0869105683303786
0.0330716861669253 -0.0114476051057025 0.164413906907804 -0.0661097326899278
0.00377699413955701 -0.0501384586593768 0.0996389366389283 -0.140404733004399
-0.0485988136307187 -0.0422041478558863 0.0361782086415351 -0.140004846682764
-0.0738349555136913 -0.0147869272605732 0.0115613409993356 -0.109801703939731
-0.0891325130291047 -0.00886117888406527 0.0301004857490252 -0.0830244048396532
-0.082047371809871 -0.0274145570425744 0.0575713239976156 -0.046762426044281
-0.0783902894512724 -0.0589146411709661 0.069614410944357 0.0588866307597827
-0.0112967242920947 -0.0978535248171168 -0.0538094553876894 0.146384088726362
0.0688525609517677 -0.0796097628762134 -0.241389988937937 0.110146246242209
0.106733531396748 0.029785316091273 -0.306434939629993 -0.176022396159468
0.0187709797611741 0.071830072396832 -0.15902270810748 -0.391848352659717
-0.0422589457135729 0.000893004079525674 0.071125722107795 -0.340494032296066
-0.0499811464832585 -0.0704409151927207 0.0485797941233589 -0.143996720803192
-0.112477398100776 -0.00138165583536111 -0.0185012081767311 0.0898036319124313
-0.0101427046026193 0.0503838180828345 0.12424798288889 0.0614305078912115
0.0521646736443364 0.00397634829106005 0.157046899860779 -0.0941478690743943
0.0258961360159589 -0.0573515854197186 0.0736154923651773 -0.161407755667876
-0.045941988264049 -0.0550358512348245 -0.00134874665604841 -0.150413810016465
-0.0843387977728989 -0.0166090584584406 -0.0297139631105482 -0.112439528136827
-0.107231541208876 0.000717363892329495 -0.00909782754120119 -0.0878944120908771
-0.107217787950611 -0.0154802732512758 0.0178487946441292 -0.0559541514594957
-0.112415756859739 -0.0487877416574058 0.0353562024798141 0.0319452136575326
-0.0456388296635135 -0.106250739887835 -0.0685761266392799 0.10810100733253
0.0512506551548158 -0.107721422663131 -0.224552730054657 0.0733099258590235
0.119362114306851 0.00306122747073624 -0.269419963994406 -0.189094678249812
0.0348017210416992 0.0772783387599881 -0.132980146530293 -0.379223742240349
-0.0516557313085463 0.0154433085356817 0.0871646646785731 -0.3120607163338
-0.0784021470671151 -0.0668367923062064 0.0697357330279341 -0.105537699746891
-0.113881535857822 0.00910696840902061 0.0140849679368477 0.0966827994500922
-0.0166686941403238 0.0664193405215026 0.145999458724951 0.0632250880848301
0.0612308809919253 0.0265062054091721 0.180199263198701 -0.0963577893232195
0.0520227509244906 -0.0525163967561317 0.0887269128442737 -0.182130640641185
-0.0287984458364604 -0.0652130308358561 -0.0097775577765001 -0.177772736282421
-0.0794986152195628 -0.021574435029904 -0.058857032822616 -0.128526588314384
-0.108563881640968 0.00692073611817546 -0.0477790037434868 -0.0928032371638009
-0.116057962861605 -0.00107664664433233 -0.0270443414828685 -0.0576947953845216
-0.13159177780756 -0.0267109224363067 -0.00988598976680671 0.0109805737677497
-0.0816706555099464 -0.0920175874634002 -0.0928522812311022 0.077391977604551
0.0117057000333169 -0.120211522428012 -0.217996339641906 0.0555703270091242
0.10850089651719 -0.039256297989372 -0.261290184785952 -0.169584831960678
0.0563310437258406 0.0637510918620429 -0.148337926001184 -0.344532505042113
-0.0456000747294365 0.035743398984867 0.0753701386467909 -0.286936840285059
-0.0976324228586763 -0.0451422989145318 0.0926921140063787 -0.0711475199548517
-0.101733300750392 0.0131628060718653 0.03139837175775 0.113130200986303
-0.0270401462507572 0.0696928008727042 0.154509407900523 0.101177586163004
0.0553128589699803 0.0492390558480539 0.228109555926957 -0.054873574720142
0.0674444235670752 -0.0330816890218341 0.152661894477306 -0.184533143812958
-0.00575600954516899 -0.0644548741748846 0.0204371375717689 -0.213980391656573
-0.0640082201568401 -0.0239972636490026 -0.0670129874336466 -0.157582458346546
-0.0949536668278414 0.0112274082716699 -0.0807271077102701 -0.0992839024187019
-0.106180150686586 0.0131864481025166 -0.069252809705471 -0.0500654043410742
-0.126883180853433 0.000428119054440045 -0.056799713477827 0.00591780367153154
-0.0992439185671028 -0.0570303468364578 -0.124134780120535 0.065614802932494
-0.0282455419301435 -0.103941506073669 -0.223287622199869 0.0602390183418626
0.0753481499474026 -0.0656916411340146 -0.27407515465507 -0.123845548223121
0.0679807774924018 0.0400964411603175 -0.188135431102506 -0.290542403491914
-0.0273751774122 0.0535170516717012 0.0473067611466098 -0.263220105646325
-0.0983855774537134 -0.0108073245440827 0.117915113334645 -0.0504735837369817
-0.0768578975980763 0.0181881207192413 0.0305266190020629 0.134190552191531
-0.0299815913850553 0.060644013019688 0.139280898525707 0.169907120235154
0.0365905932941955 0.0577471820433057 0.280325803229742 0.0376982200211493
0.0592514469132742 -0.00950623285477731 0.24800820296558 -0.150944451779534
0.00668483223237955 -0.0463613776979478 0.087181625745933 -0.245410205962664
-0.0442450584232247 -0.0147134717941666 -0.0542843764775178 -0.192642099720038
-0.0684213278880096 0.0182318836938293 -0.103945019275185 -0.10723372030573
-0.0785781833493507 0.0262371963176994 -0.10290252371803 -0.0355367416044705
-0.0970267466106567 0.0227703359570613 -0.0934811759239871 0.0170101478488128
-0.086505394682416 -0.0188447231373273 -0.145765482089408 0.0733810209203464
-0.0438691228705222 -0.0638089857691381 -0.224058727467541 0.0853933473850834
0.0403857399964527 -0.0607648460122783 -0.282554774883056 -0.0572095291811464
0.0625815297767239 0.0219979793962686 -0.2263947318544 -0.214706082166771
-0.00564673386914565 0.0583465897820609 0.00970818501196211 -0.235635723015728
-0.0763790694582946 0.021838296520059 0.135210446501916 -0.045611301957962
0.0262215349363996 -0.0562254627463362 -0.161623998484088 0.0755438771233781
-0.00493670988567098 -0.0584097955989374 -0.00472202806109858 0.227671126531475
-0.0359101318009397 -0.00627575625942406 0.237827958652032 0.144191736288951
-0.00976817091737384 0.0401135277320803 0.274113037341567 -0.0242643590453239
0.047994477421385 0.0199523968780428 0.195806358978212 -0.115413337924698
0.0545452986982868 -0.015650851099259 0.124649794821178 -0.101640920546544
0.0487875837675783 -0.0400952846623753 0.092253121379185 -0.0408048804647208
0.0474925857879404 -0.0379269602970515 0.097739785358583 0.00802635668635489
0.0411545961038735 -0.0291190875824681 0.102042896726969 0.0979547042707625
0.0394209201825861 -0.0045656015043362 0.0126686113323914 0.195356118065528
0.0135918409779268 0.012036423134374 -0.153545705556959 0.24407314777397
-0.0137160455198833 0.00229647808604826 -0.32462509535869 0.082468524406929
-0.000778682252279301 -0.0367335741788723 -0.315874125595297 -0.151740651722256
0.0380618685927401 -0.0370044903993058 -0.133194428015208 -0.269519929031235
0.0473785710222145 -0.0246496950576039 -0.0285868184497808 -0.186078615012131
-0.0221539217043686 -0.0523725660006903 -0.138059379528411 0.0868503701542682
-0.0143570994054998 -0.0335962449340584 0.0385323670818342 0.182836529602973
-0.0137536669174914 -0.0132022351019631 0.225566312589852 0.0560296386968718
-0.00836621257146707 -0.000376092056451083 0.221936642961049 -0.0812864831527566
0.00655470503507598 -0.0117435206973963 0.150383428441689 -0.135716071352586
0.000667309272847362 -0.0231372790993373 0.100464620690106 -0.112647905270137
-0.0068280429700525 -0.0354585517645786 0.089098837538193 -0.0607537487352963
0.000740307554532279 -0.0400958496113172 0.101583648527261 -0.0128542218184917
0.0027611365162255 -0.0436022630180887 0.103627498822293 0.0961237365425734
0.0268078778012965 -0.0379967202757645 -0.0170988717704167 0.201783386643446
0.0372329701103376 -0.0198783290589452 -0.220129887608559 0.217169983099081
0.035483511634493 0.0132592863553989 -0.370157335993668 -0.024534778762613
0.012050576119928 0.00377034301205955 -0.290884314160902 -0.282307976677621
0.0116454015563401 -0.019907719768592 -0.0582769964304134 -0.335644786174378
0.0137144262721236 -0.0411114581429641 -0.00251230680366651 -0.191727548963452
-0.0650836163423409 -0.0360958008665691 -0.102057256887342 0.0918026970480514
-0.0132348217902271 -0.0042896177695019 0.0735176402229848 0.131820725848579
0.00985381404074312 -0.0173158223385709 0.194299388220848 -0.0177671163967835
-0.00789153400220134 -0.0321318556657102 0.155529480336964 -0.118735611790163
-0.031126605274692 -0.0294908626219196 0.0912437108627702 -0.141994637231889
-0.0460315846900312 -0.0183430349711589 0.0585314923381475 -0.115368412350258
-0.0557495381609634 -0.0225356120876924 0.0652136504389662 -0.076127303079986
-0.0460301761307643 -0.0358504048745621 0.0869246738538411 -0.0325097621438558
-0.0393265080977809 -0.0554961473395817 0.0935386870504205 0.0823799526294921
0.0111460584719023 -0.0733683657847382 -0.0389469199105764 0.184835063882992
0.0610118170130701 -0.05061710378901 -0.24984475353 0.167657369925959
0.0788735057688312 0.0289665622657534 -0.359491182727416 -0.120005276973918
0.0153678672196114 0.0449651682134617 -0.229122869059067 -0.368534474865698
-0.0183528600925398 -0.00901925848333895 0.0168035697453363 -0.36142625034771
-0.019231530582117 -0.0593177785895951 0.0259187573781401 -0.179184129376714
-0.0963953587879628 -0.0157197294428316 -0.058317261561502 0.0918178709596493
-0.0103801168339737 0.0262247022196058 0.102252865554257 0.0873117859944453
0.0332838314343835 -0.0119958011969393 0.166268557339807 -0.0689442262874139
0.00304646299584623 -0.0509039788315458 0.0998573913683991 -0.143213822271005
-0.0495004837798293 -0.0421787477331789 0.035038694527452 -0.142747979799164
-0.0750727781660264 -0.0143523230587706 0.011070004295261 -0.111550690610755
-0.0905586730826327 -0.00837731243456302 0.0301213437565496 -0.0846126969116773
-0.08332678149523 -0.0271819030755398 0.0574536687035438 -0.0482661705805754
-0.0799704132659666 -0.0590418595847927 0.0711222783565376 0.0585012502041201
-0.0124839175149548 -0.0993509163938158 -0.0533027737490436 0.149524893753278
0.0687341370755392 -0.0818387865995918 -0.244179736101498 0.114962152059634
0.10885203844807 0.0290623192180367 -0.313760221800917 -0.176362228156768
0.0197339944640886 0.0724411278683504 -0.165143691477072 -0.396139088596839
-0.0426288358301805 0.00110267006165818 0.0692920465848391 -0.346912507116984
-0.0510567194353728 -0.0710419554194189 0.0489681806067804 -0.147533014885002
-0.113747848674967 -0.000573851260602385 -0.0176853424684178 0.0921466375488009
-0.0104178964012036 0.0507207092533182 0.126672618103384 0.0611968353704926
0.0525568534355444 0.00376733907869987 0.159038337861023 -0.0975322603510787
0.0256078025944395 -0.0585051327480115 0.073034192538841 -0.165436646563673
-0.0473106994905695 -0.0554062630085099 -0.00256233830146924 -0.153054074359156
-0.0857548683313084 -0.015605473403217 -0.0317408850537874 -0.113780299041467
-0.108570370372747 0.00188921072118276 -0.0102063148404314 -0.0891938483098184
-0.108651521069936 -0.0149398696484654 0.0169443120555739 -0.0570524360400605
-0.114108310566263 -0.0486053501122145 0.0355733764772267 0.0316799409109753
-0.0473715557658562 -0.107957922999471 -0.0684509304060264 0.110753184176455
0.0503197949243587 -0.110117166350571 -0.22668086274017 0.0771347576954592
0.121215848571131 0.00164452105228037 -0.276759685307349 -0.189562279052306
0.0363069999441258 0.078125437909374 -0.138465618759842 -0.383085834713176
-0.0524136488328795 0.0158213165411699 0.0852610797074876 -0.318804020370878
-0.0795907669162577 -0.0667319411059372 0.0705788649289518 -0.108559748037241
-0.115480751009717 0.0101595534819046 0.0149419458350841 0.0987358149433022
-0.0165143466347663 0.0673106099167118 0.148795405315736 0.0629331299572063
0.062071008679636 0.0261472871005479 0.181767202055583 -0.099695100944717
0.0519172506449046 -0.0542604374835335 0.0888216651714702 -0.185691742204342
-0.0297460850989297 -0.0660626352489081 -0.0120125040561706 -0.180427382742331
-0.080909330025105 -0.0210804827334611 -0.0608816483024375 -0.129915123787518
-0.110059631778178 0.00814596493350791 -0.049874865289877 -0.0934864267423046
-0.117671423079844 0.000336786850295429 -0.0281270202230202 -0.0581942171606994
-0.133961122070957 -0.0250528359725851 -0.0102349620404295 0.0109487359875479
-0.0837021621593255 -0.092332929386766 -0.0937157797057522 0.079794281619712
0.0101098998013315 -0.122241353597457 -0.220403225484234 0.059603268861578
0.109937005588705 -0.0405478221263035 -0.267948143907915 -0.170064666241943
0.0578151104830646 0.0636362379756045 -0.155429968107223 -0.348159821126798
-0.0459267051430508 0.0367824065113395 0.0738230148527915 -0.292409243665486
-0.0990806379025568 -0.0440952446465793 0.0939084299156882 -0.0744200717255656
-0.102759800235165 0.0143855991082024 0.0323932076149144 0.114692266743909
-0.0265354169626142 0.0704347851781854 0.158315733196303 0.10197721348783
0.0567638058082034 0.0495944106434631 0.231086917979674 -0.0581881048437821
0.0680636429344194 -0.0349177166683599 0.153371373230246 -0.188677466547243
-0.006790621687113 -0.0654816606953033 0.0185192663995299 -0.217664581683115
-0.0651634608761658 -0.0232885876440905 -0.0694803956104161 -0.159430842567716
-0.095990611881774 0.012279453336444 -0.0829896598323452 -0.0997027798654944
-0.10711943059358 0.0146913170477335 -0.0714287224406868 -0.0500445728705058
-0.128801247189674 0.00226285655444711 -0.0584537446211435 0.0064998488545303
-0.100831990718429 -0.0571219353560634 -0.125692464018463 0.0679001684746325
-0.029904839263693 -0.105069571298561 -0.225823704828399 0.0636764900431285
0.0759043253112267 -0.0679057196896725 -0.281203588983371 -0.122681058930241
0.0690224565864074 0.0396789267939311 -0.195061883524633 -0.291662240410716
-0.0274023620650589 0.0539721155340585 0.0453824366143927 -0.268519786051898
-0.0992778666326446 -0.00971986610502579 0.118918218004242 -0.0532892462790221
-0.0772754384149956 0.0190810392447547 0.0311901537493057 0.137026569205781
-0.0293426864444533 0.0615067884718626 0.14218997891304 0.171604586067702
0.0376826263278945 0.05846218071177 0.285449060381512 0.0350448292778723
0.0598894256667624 -0.0105748705077006 0.250862740400609 -0.156135710062883
0.00640217262989738 -0.0473068018155251 0.0861853676958079 -0.250390992521063
-0.0451026491704403 -0.0143811360523436 -0.0571175142519289 -0.195414906907746
-0.0695170909241217 0.0193340993132764 -0.105982299992462 -0.107366412115835
-0.078902035323219 0.0274915157951041 -0.105195361889179 -0.0352555674072303
-0.0975552097113894 0.0247422149244115 -0.0950159878064383 0.0184393142056941
-0.0878883448375752 -0.0176981172163813 -0.147431378495007 0.076800687910349
-0.0457280542012469 -0.0648063978341529 -0.226524459211306 0.0892166192433401
0.040269298805232 -0.0622506247548188 -0.288305744774987 -0.0547651774539364
0.0639295955868391 0.0209972345081663 -0.232564792062696 -0.214341041098905
-0.00521243141925736 0.0590403084415794 0.00717657417559268 -0.239995556733903
-0.0771838085110572 0.022972297456315 0.136791995995948 -0.0485473072362639
0.0255058074923694 -0.0574477917860213 -0.162717472486651 0.0788188461365513
-0.0057933548188241 -0.0590796241209261 -0.00136317986848145 0.231662300376506
-0.0363990027906892 -0.00573473657384875 0.24392109208277 0.143445193497595
-0.00938742967702743 0.0411597192581793 0.279048923610078 -0.0286563080549057
0.0492446229552224 0.0194353986438334 0.197191600417412 -0.12080217415768
0.0553406557906946 -0.016632571494605 0.124975387503992 -0.105261825276858
0.0490069617365527 -0.0415999613509265 0.0934029501578398 -0.0423850463064935
0.0476422146947821 -0.0396042380490305 0.0996813150470647 0.00724280535281146
0.0415879590926457 -0.0306925422116277 0.104671003684058 0.0985794339730488
0.0403936651006416 -0.00560322796166474 0.014579064775295 0.198897330789367
0.0138742065587153 0.0122576131251793 -0.153219127732378 0.250183536494679
-0.0132692795189907 0.00293945438893928 -0.329471329637504 0.0868820625285825
-0.000887431877602242 -0.0372454062340525 -0.322703219031644 -0.15060924269928
0.0377726364741875 -0.0382509015541476 -0.138291632980572 -0.27277143839825
0.0474440858271101 -0.0257433177241075 -0.0306051826509233 -0.188903970302178
-0.0233041251449523 -0.0528783203577965 -0.138812082799141 0.0897382682905252
-0.0153006595365172 -0.03437947712249 0.0414172767380203 0.185287507492149
-0.0142006189410768 -0.0134888821322669 0.22995459466189 0.0538289055327365
-0.00840151842777881 -0.000317987904890651 0.224095306682237 -0.0860271885171926
0.00653292708263411 -0.0121557471012778 0.151128400356451 -0.140947843908796
0.000239217051596307 -0.0235628896858771 0.100916117012774 -0.116506006962931
-0.00744616984986119 -0.0363429986347996 0.0898875512867982 -0.0630846611184963
-7.27121289794861E-05 -0.0412321596689667 0.102681841049579 -0.0144596562981007
0.00253068935205037 -0.0446009653941899 0.105907346410731 0.0960838235557249
0.0268782376466099 -0.0393182373321831 -0.0151442410846999 0.204802414177927
0.0376460625502989 -0.0200656798248516 -0.220925488450222 0.223190874454163
0.0364817681267659 0.0132153403458684 -0.37677069268187 -0.0202164550134605
0.0125456984473956 0.00380640994734066 -0.299091499225052 -0.284335042000346
0.0115336251429301 -0.020597292710189 -0.0619399358563396 -0.341125317945241
0.0134578943616734 -0.0419212998331168 -0.00342166737798887 -0.195757776485229
-0.0667155220416961 -0.0361665130313191 -0.102066480398842 0.0947811238785048
-0.0144620697896339 -0.00450843199643032 0.0763211512126451 0.133139498547552
0.00943817504120591 -0.0179650512577248 0.196676355701858 -0.0207232819580214
-0.00873122781964583 -0.0323287127739696 0.156070641087156 -0.122980933334493
-0.032475584700436 -0.0298708509165756 0.0908611405671487 -0.145645157203439
-0.0472331394463471 -0.0178256112503122 0.0581230861841435 -0.118341812175986
-0.0571563935066406 -0.0216281967525516 0.0654361727946113 -0.0787801604279221
-0.0468829173619785 -0.0364261915259654 0.0878804462284118 -0.0343438065287188
-0.0404636596459305 -0.0561915412236011 0.0957186471443863 0.0825993794623113
0.0110791135409056 -0.0748171188443132 -0.0376706232992017 0.188606538486876
0.0611388842604232 -0.0526428755882696 -0.252152186848055 0.173770945207189
0.0809416794732994 0.0281768740086575 -0.366879150595234 -0.117320491617146
0.0161001711179596 0.0456599695388798 -0.237497371179575 -0.371983342488957
-0.0188695156142135 -0.00922244588172166 0.0133014112070447 -0.367824083105202
-0.0200673826514575 -0.0601700176538868 0.0248521286241611 -0.183170442854349
-0.0981675062893427 -0.015078686630633 -0.0581603335091856 0.0937371823810103
-0.0110200444209696 0.0263915705386309 0.105265130990206 0.0878248828429633
0.0338346651304876 -0.0128036913091435 0.168234434241644 -0.0727521567184796
0.00276527355965598 -0.0517434336761579 0.0994119612889192 -0.148238159712823
-0.0507449833522684 -0.0425802695964911 0.0336534499182873 -0.145870367776557
-0.0764470856023214 -0.0133988131391265 0.00958266480093235 -0.11389158244844
-0.0920520989040493 -0.00757583785863222 0.0291031029762762 -0.0863967255061804
-0.085416011318211 -0.0266582007405833 0.0575891402726879 -0.0498192958750272
-0.0818278415996031 -0.0588490115262311 0.0728746658241305 0.0581905239866085
-0.0136442660213879 -0.10107280718303 -0.0524109719942288 0.153016800722196
0.0686645478089013 -0.0836937817780261 -0.246487852007069 0.119393086415381
0.110847263999664 0.0284635874657504 -0.320536811732623 -0.174971770165776
0.0203739619310653 0.0730429971030372 -0.171926647791777 -0.400341666731569
-0.0435817325891958 0.00114983211395839 0.0667928999713059 -0.353331987594182
-0.0524281435312917 -0.0710929286489208 0.0491874100884486 -0.150780079523118
-0.115721763824644 0.000343015479449521 -0.0172970113445034 0.094063203224871
-0.0102564183817698 0.0514476136862367 0.129517710109195 0.0613912384170785
0.0531485695828986 0.0027824532217852 0.160461006087527 -0.101711806951552
0.0255741810214323 -0.0597595319570739 0.0718759962697614 -0.1688512598592
-0.0484999505955741 -0.0557954696402781 -0.0049857678182883 -0.155158563070197
-0.0871119406127377 -0.0145996098507324 -0.0333131225220162 -0.115202733480571
-0.109959126520788 0.00358652872690272 -0.0120499715037587 -0.0899678059545744
-0.110543442158705 -0.0136112161840438 0.0162932984377382 -0.0583480500361514
-0.116190672913091 -0.0475804329189338 0.0364188634223287 0.0312786458379501
-0.0496839622593562 -0.109101607639424 -0.0688050275619283 0.113420615872703
0.0496716007521081 -0.112499763677684 -0.229199804673743 0.0813950555875511
0.122904761610578 -0.000153469930581955 -0.283542963748003 -0.18865073577976
0.0374185186946326 0.0784315739609116 -0.145773733107111 -0.387448075412882
-0.0532535087912593 0.0167690001984844 0.0833962138539388 -0.325648607418884
-0.081234519685263 -0.0667939306887634 0.0705733581571095 -0.111631502144086
-0.117206426127042 0.0118876027733 0.0162123144849612 0.100862501566962
-0.016475874192822 0.0678249552951205 0.151707580152781 0.063294298247894
0.0638709288155802 0.0255699793153805 0.183782229541579 -0.103717786255368
0.0521962534607455 -0.0556590350509428 0.0873982372979865 -0.189730400840362
-0.030978635337758 -0.0671564112547783 -0.0144652536978355 -0.183049710213703
-0.0827533149742229 -0.0201713638979258 -0.0633174359115466 -0.130904806590769
-0.111747189878586 0.0100934424181042 -0.0517052397293792 -0.0943008294552565
-0.119247335823904 0.00202051590756684 -0.0294617386548849 -0.0590932656051574
-0.135950518196434 -0.0236664947228705 -0.0110077355905615 0.0111884004021773
-0.0864860050091198 -0.093143329389355 -0.0945368328374201 0.0828710919629074
0.00860440226918681 -0.124372149918059 -0.222834060571793 0.0629108427198893
0.111207944279471 -0.0428334479107985 -0.274562416804229 -0.16909439991081
0.0595255717685895 0.063328870866442 -0.162009554391691 -0.35132871895223
-0.0463784452304759 0.0373400431626674 0.0713340311934516 -0.298946653113156
-0.100637903066358 -0.043906817392146 0.0944904821391921 -0.0772705513470502
-0.104380754351541 0.015998761855969 0.0337484346348967 0.116421618791717
-0.0262668121319041 0.0717873673152197 0.161523110850603 0.102298003408259
0.0584928891752837 0.0496500240951893 0.234426392480731 -0.0616869651330657
0.069019912919207 -0.0361888229746457 0.152848494959561 -0.194100369902465
-0.00757542266599158 -0.0667911813891913 0.016287576475935 -0.22141948659223
-0.0662585815109353 -0.0232563388419061 -0.0723381127613571 -0.161325314462219
-0.0971549309799735 0.0139810371420638 -0.0852351988140331 -0.100367810506255
-0.108853214537551 0.0166432414947065 -0.0731548403490246 -0.050385682977883
-0.130263097914847 0.00451504491252598 -0.0596894454880171 0.00737913826070115
-0.103744239641466 -0.0565551614157745 -0.126795570450714 0.071456170811492
-0.0323707587610081 -0.105823387755301 -0.228685785814165 0.068006532283083
0.0762823658138874 -0.0700613792827565 -0.287413364262975 -0.120777992759885
0.0711114928029099 0.0391417913767372 -0.20235287270729 -0.294027135549647
-0.0271584614446274 0.0547360952899626 0.0426514095496457 -0.273543933595086
-0.10068588803445 -0.00889420006733931 0.119821822676516 -0.0566444149209
-0.0783821537799945 0.020487222920623 0.0320914076891096 0.139299984163055
-0.0291869554685181 0.0625942282312243 0.146109422902344 0.173748498641187
0.0390614300498252 0.0582671731829311 0.290593540194712 0.0331196754009263
0.0610615936769668 -0.01178807264295 0.253121558264983 -0.162185827385366
0.00599521419784893 -0.0480678407893088 0.0845269857338369 -0.255780344189606
-0.0460820937838999 -0.0139797710677163 -0.0608032788018576 -0.198170141819748
-0.0700948693791399 0.0208689128194643 -0.109782856570811 -0.107623883747253
-0.0795202532799911 0.0294843965634913 -0.107292241487504 -0.0347012299938965
-0.0987427725741127 0.026979913558885 -0.0964483951106985 0.0200230730551248
-0.0899545099450412 -0.0164920088545819 -0.148995646431349 0.0802175840743701
-0.047201789488289 -0.0648198443579827 -0.229193708623646 0.0940018977459545
0.0400804569831699 -0.0634646579609783 -0.294001075178926 -0.0510145445750191
0.0651745971656838 0.0204023178434615 -0.239266888450365 -0.214193916377536
-0.00437154739680536 0.0596607971003908 0.00418514185064001 -0.243936323957425
-0.0780981180858276 0.0243103280638229 0.138389166841737 -0.051660059991543
0.0250249437651189 -0.0586397764932154 -0.163847626439678 0.0825575866126937
-0.00730646795382748 -0.0600804341069839 0.00252089121433877 0.235641665786819
-0.0372036114187912 -0.0048633794570618 0.250398453355525 0.141442041627772
-0.00872623604156896 0.0421106877319662 0.283310920444355 -0.0339765276215796
0.0499978813583322 0.0185771199984068 0.199124510329073 -0.126200665522359
0.0562480218655838 -0.0181258445735538 0.125395718645637 -0.109543333034343
0.0489119682784895 -0.0433561194689353 0.0941765997061248 -0.0445455218277194
0.0479734130874317 -0.0414775723336548 0.101218541326913 0.00602470338112491
0.0419828180052382 -0.0317752767561395 0.107896510077847 0.0985739866690883
0.040658678692794 -0.00630532118392522 0.0178506282501436 0.20213485252418
0.014534131734442 0.0120738158620718 -0.152003796117918 0.256597828162504
-0.0138183800897168 0.00311828435257476 -0.333680630264582 0.094021812135988
-0.00168118599532106 -0.0378935034874167 -0.329698674405892 -0.14908486431986
0.0377240168597209 -0.0394543368833231 -0.143782028729732 -0.275902857801966
0.0474359037088704 -0.0267557868768752 -0.0327138253613721 -0.191810528095502
-0.0247614944817568 -0.0535204282995206 -0.139412217792922 0.0933354164405189
-0.0161415866417392 -0.0349831135121632 0.0457299859963148 0.187609643348424
-0.0148748181102746 -0.0133484035126984 0.235407962778435 0.0506360822859482
-0.00832678661409428 -0.000306246912295367 0.226302804338733 -0.0911476129840272
0.00596471410692037 -0.0130077274203114 0.151649024836952 -0.145464278790883
-0.000248201486297287 -0.0241849443757488 0.101068140356929 -0.119867944670434
-0.00817503601564186 -0.0366768520774431 0.0903436574671544 -0.0648374901728597
-0.00076204349309438 -0.0421882165958539 0.103738374884608 -0.0156225387918782
0.00151172686104029 -0.0458718385506287 0.10895949985679 0.0967346238306073
0.026757605860391 -0.0406412902602292 -0.0123243701400726 0.208878309187871
0.0382766383155147 -0.0214417123119566 -0.221547584106102 0.229577515373018
0.0375133464893762 0.0128856643422315 -0.383242851241979 -0.0151079128243047
0.0122565032063328 0.00378643942555454 -0.307335335074358 -0.284240303273121
0.0107306593420536 -0.0210286763488008 -0.0677347465991274 -0.346334518443837
0.0130004264127338 -0.0427209030966303 -0.00506466607078066 -0.198668551600028
-0.0678180101045314 -0.0358284606101452 -0.102350516452172 0.0982021193583036
-0.0143495992016433 -0.0046642362453546 0.0797495098965569 0.134031428969424
0.00886176357878881 -0.0186098075933038 0.199998299603451 -0.0245816241275811
-0.00984912568687787 -0.0329708024576047 0.156595013420238 -0.12799722876418
-0.0339025997156699 -0.0294328845744256 0.0905433471456751 -0.149730399079455
-0.0480838064452158 -0.0175578250149132 0.0574099971489382 -0.121449971072857
-0.0587369030387262 -0.0220185172154578 0.0654197341565126 -0.0806300702622435
-0.0482186314998823 -0.0367798110443714 0.0883782411905886 -0.0361417534362987
-0.0415565236334812 -0.0568286643854414 0.0986860980530441 0.0823489433139091
0.00989933378883118 -0.076376992395036 -0.0357227482556939 0.192835638400537
0.0613318966576514 -0.054320790412109 -0.254059676777468 0.18010318742774
0.0831811870002293 0.028077241171797 -0.375095571451979 -0.11387660613435
0.0168355210212973 0.0464688957407549 -0.246940447511822 -0.375105625677429
-0.0196344200964512 -0.0091891423597269 0.00914403988775538 -0.374969001505289
-0.0216383539521667 -0.0603783700134739 0.0243125938163952 -0.186738862198779
-0.0998647347780472 -0.0145591216503472 -0.0579274029873095 0.0965863729207171
-0.0111280909744673 0.0266396038873718 0.108405807086109 0.0880194182590364
0.0335891982364291 -0.0134852769827558 0.170355910214984 -0.0765854242162034
0.00177263456170395 -0.0526626950987592 0.09905066061342 -0.153139951062249
-0.0523716353359896 -0.0425580125354492 0.0320287622231431 -0.14907345003717
-0.077790908060879 -0.0125146058641644 0.00870179338244349 -0.116219618151278
-0.093856749868956 -0.00627850946469846 0.0282278808625627 -0.0883932783532176
-0.0868279081517533 -0.0262012782199187 0.0573758017143153 -0.0511680802740044
-0.0836407695536095 -0.0584283978121601 0.0747376003575341 0.057919490234828
-0.0154784299298334 -0.102616116614502 -0.0512775615453838 0.156787141330993
0.0681953114104297 -0.0861382301535087 -0.248520911070249 0.125413360559345
0.113654547540675 0.0273494560355925 -0.328988588801763 -0.173491420579175
0.0220178522754346 0.074176715891542 -0.180509837305493 -0.405299777883796
-0.044453460411024 0.00193958065455685 0.0638855735378945 -0.3608996436678
-0.0540886501164926 -0.0714482014934988 0.0486720639664082 -0.154355790972491
-0.117169718058097 0.00156750480022015 -0.0164217614157797 0.096711336498261
-0.0100391238333692 0.0519976468649061 0.132745252706309 0.0606830479377214
0.0538826083996148 0.00172870200623276 0.161720589880499 -0.105962091447927
0.0250066233140968 -0.0609820338895193 0.0705932689534075 -0.173468497685818
-0.050313414565492 -0.0564273441992088 -0.00747219378469257 -0.158328649110963
-0.0887307942132585 -0.0133702103743157 -0.0356513037772918 -0.116923643815382
-0.11178089429077 0.00557379218409494 -0.013375866831912 -0.0914362375549077
-0.112574249812777 -0.0122982537726274 0.0149690617590367 -0.0596780996725659
-0.118422016375913 -0.0463739372518372 0.0369784577795177 0.0307142777213281
-0.0520996616509488 -0.110268924734468 -0.0681733497436859 0.116986432116018
0.0486299448147261 -0.114925333202573 -0.231357514245888 0.0861738292542614
0.125092509744711 -0.00185544830120092 -0.291801520633556 -0.188661360112633
0.0392061424443768 0.0791159821237281 -0.153657578662037 -0.391830494263998
-0.0538098982690621 0.0171208182765068 0.0802724490610667 -0.333009990319218
-0.0831676678261099 -0.0662792602135658 0.0710681037128126 -0.115660854609122
-0.118680799031107 0.0131245981074393 0.0167828231674935 0.102338606637837
-0.0161735439603509 0.0688262141970549 0.155315212541452 0.0624451938255514
0.0652055712382808 0.0252371219352356 0.18538424781427 -0.108584136191173
0.0524406171494353 -0.0569243868487137 0.0856728774387434 -0.194863337154329
-0.0325851672639678 -0.0679383929996842 -0.0169574219183494 -0.186097436611329
-0.0840170745117262 -0.0197768884374994 -0.0661017487321904 -0.13264171413844
-0.112861961943439 0.0116074051166077 -0.0541836318853248 -0.0951169785171697
-0.121079348813564 0.00357679741618315 -0.0316788693320167 -0.059596391933707
-0.137912148170766 -0.0214913473165621 -0.0113642727490461 0.0111516633950786
-0.0897041607434243 -0.0929331724072568 -0.0944314240419447 0.0860983651648616
0.00662724651100243 -0.126592226927808 -0.225112508237027 0.0677067569235021
0.112089072173636 -0.0449588705531732 -0.283278478717217 -0.168173939441757
0.0614711025698757 0.0630022949972759 -0.169614008963384 -0.354297628707987
-0.0464485155133083 0.03831315064819 0.068619898130108 -0.305612676023005
-0.102526304893453 -0.0427945306440348 0.0954378338986463 -0.0806854673514638
-0.105443530870131 0.0172909899129554 0.0350137945150058 0.119240266258126
-0.0259805820524589 0.0727681158707712 0.164476982609289 0.102967508042636
0.0601562328510031 0.0490375620354884 0.23803528563407 -0.066003534927233
0.0698838676950726 -0.0375956970321388 0.153192937346426 -0.199370198037804
-0.00868384822220603 -0.0678738044870452 0.0139190504309592 -0.225486574250009
-0.0677312265834936 -0.022382762725754 -0.0760661478256526 -0.163042035991693
-0.0982128292387567 0.0157761782905769 -0.0885324567392433 -0.100522901036122
-0.109886621707651 0.0186393128521589 -0.0755632718363409 -0.0502087355944584
-0.131833561666751 0.00730426426068446 -0.061225360625839 0.00813635205797098
-0.106404672093936 -0.0556583639852811 -0.127958691410954 0.0748792682887384
-0.0346943134232019 -0.10716359188437 -0.231307064986982 0.0731311139316461
0.0766653969790387 -0.0724366552019206 -0.2949743288958 -0.118672815643996
0.0728196751578592 0.0380976142344125 -0.211080591864477 -0.295261180649013
-0.0265542581914663 0.0559316586362333 0.039685276014802 -0.279389757092018
-0.102406672848339 -0.00747498880674489 0.121409460962457 -0.0595682185411999
-0.079317622248382 0.0222040938234108 0.033581133331584 0.141891064940524
-0.0288122691126271 0.0638781063695253 0.14999971498739 0.176210181550767
0.0410194304026833 0.0586441092468368 0.295426141614961 0.0291128455391737
0.061493756654345 -0.0130475894589849 0.255244919896034 -0.168548545467475
0.00520823930444128 -0.0492598143170849 0.0823751408719012 -0.26089610109516
-0.046983461650177 -0.0139301770171643 -0.064204728473887 -0.200600253565057
-0.0706520436295981 0.0222172250622398 -0.112395592433061 -0.108057503540507
-0.0803978284892194 0.0311467343037559 -0.110278870029596 -0.0335253964564662
-0.0998109031345082 0.029620193234929 -0.0982982902802637 0.0217106177604267
-0.0914492412997684 -0.0151565437722383 -0.150707938969861 0.0844034012429919
-0.0496732857541103 -0.0652314901077768 -0.231076926587974 0.0997079615140747
0.0395495933799876 -0.0653935221903767 -0.301260378824134 -0.04648878899853
0.066645958384528 0.0194473911908294 -0.246840954985979 -0.213516049230488
-0.00396585379649984 0.0601417027860178 0.000226877541445052 -0.24813802881105
-0.0788002546607562 0.0261052252044927 0.139345219205641 -0.0550964450124625
0.0240111535611404 -0.0601116691559243 -0.164273196927581 0.0867482257448234
-0.00825417432339318 -0.06078459607892 0.00735556019662128 0.239512036671285
-0.03793580625993 -0.00474878925986336 0.257972548836216 0.139659392325529
-0.00816405768907098 0.0429708208678494 0.287596999286094 -0.0403832367679936
0.0510651592998201 0.0176945696009956 0.200140625907693 -0.132468048144369
0.0569003599920011 -0.019611386490463 0.125637477782808 -0.114177717981084
0.0491887079255174 -0.0450377286129724 0.0958355195100916 -0.0472331550047223
0.0476644903154839 -0.0435171092411832 0.103183303352326 0.00422709720333175
0.0424690305690735 -0.0330608782326444 0.111068598846074 0.0982519059091805
0.0416477281736231 -0.00724326477026083 0.0211276143801134 0.205330533239606
0.014955552012259 0.0119937623463659 -0.150518616245029 0.263619336737402
-0.0137717189081432 0.00335266575061656 -0.337911790024305 0.100778246500487
-0.0025337334017446 -0.038257773468919 -0.338125824914287 -0.145954429332757
0.0372806606966743 -0.0406117016482079 -0.150274256597563 -0.279473075005466
0.0472498515778971 -0.0277937060029825 -0.035906571405961 -0.195671213659956
-0.0261520228826306 -0.0546392285025349 -0.139263286991101 0.0976037810411011
-0.0173282821188812 -0.035865172483625 0.0498135290900787 0.189520775867262
-0.0157898343439692 -0.012992926463159 0.240133044914489 0.0470000396822102
-0.00855914936493224 -0.000356532548764565 0.2285177093036 -0.0974206668948361
0.00564357096913013 -0.012969646033026 0.151770399817556 -0.151235023939904
-0.000456245784753065 -0.024578686317762 0.100579888110808 -0.124729346484046
-0.00883265280371323 -0.0377581813143631 0.0909330455312989 -0.0679321452502
-0.00126801968389455 -0.0436466168622635 0.105434143601946 -0.0177969558480467
0.00108076593679496 -0.0464367067094743 0.112279204896365 0.0958105082475073
0.0268469756662108 -0.0419736872329299 -0.00904998380594047 0.213157321484572
0.0380098595481341 -0.0217182764733725 -0.221082380342417 0.237058112530585
0.0384200141875493 0.0125636887153061 -0.390860977222009 -0.00934477789037571
0.0125260666783303 0.00341994255769879 -0.316836419746977 -0.284698497088597
0.0103090754968911 -0.0217233065933978 -0.0736079625726918 -0.351556500920582
0.0118844544435117 -0.0437986580048848 -0.00711719267411586 -0.203248342540731
-0.0698810485812901 -0.0355152741952435 -0.102032600036534 0.101845813067311
-0.0151577949341071 -0.00489220554289585 0.0834987395204238 0.135185866795899
0.00846995209409834 -0.0190332713460729 0.203875006509209 -0.0289150129874721
-0.0103613999097155 -0.0330621178497141 0.157054103254023 -0.133244787096957
-0.0349682435423904 -0.0299565570701559 0.0891117987847609 -0.154609372412441
-0.0497319651378913 -0.0168501945885757 0.0559599959723961 -0.125042158977097
-0.0600806586805718 -0.0210121076178354 0.0653440567695016 -0.0828093451819223
-0.0497034469733227 -0.0366439680168732 0.0893044978276113 -0.0381871745746016
-0.042675717335742 -0.0570525572452053 0.101600740618867 0.0821985087461594
0.00937151170799004 -0.0782666127628474 -0.0332929031873705 0.197012284510877
0.0615355118955862 -0.0559695616311299 -0.254836162816366 0.187614782485313
0.0849872467943302 0.0266249362143237 -0.384285293785047 -0.10909384298941
0.0173569692038879 0.0464417468923388 -0.256519706844864 -0.376836411312269
-0.0202239900327889 -0.00922980282451171 0.00377293952699714 -0.381516480385348
-0.0229485499987923 -0.0605845548785664 0.022557263938306 -0.191046806362699
-0.101690168393042 -0.0133096849880493 -0.0572138358808173 0.0998117476122589
-0.0113013671776129 0.0267029254025087 0.11161889504489 0.0869984963381919
0.0336942047635556 -0.0141586985057012 0.171940986900069 -0.0820060844564893
0.000840604276205437 -0.0532968572484618 0.0975417960822979 -0.157293539615111
-0.0544587934609993 -0.0421343134561632 0.0300515984061096 -0.152450522142392
-0.0793010888905003 -0.0113840151649893 0.0061588760678923 -0.118713685807499
-0.0955680728984344 -0.00484305832753318 0.0271911189338811 -0.090103027362311
-0.0886622948654209 -0.0255324471423675 0.0571267141518316 -0.0527930506114836
-0.0858403665742225 -0.0580617405935252 0.0765690533426605 0.0571636935788308
-0.0171004139004402 -0.104272056838941 -0.0496404886211146 0.160348986914981
0.0683708724796806 -0.0889045075137829 -0.249861382545711 0.131254933343571
0.116237460556669 0.0258666131816011 -0.338820800133962 -0.171150292437809
0.0234540815086234 0.0748487958469159 -0.190180170256688 -0.408631633725678
-0.0453324143927545 0.00256508233324568 0.0598855209515518 -0.368299222852012
-0.0556319395779453 -0.071262595212464 0.0483280381263758 -0.158832290249747
-0.119187511385936 0.00319753984587308 -0.0150647513919796 0.0990593132288745
-0.0100327880634963 0.0523748053705307 0.135902100235692 0.0601919928551693
0.0547834293055559 0.000836955854196058 0.162639274698191 -0.110836832757653
0.0244033150958872 -0.0623793544137169 0.0690194892819237 -0.178129549606253
-0.0521915797822379 -0.0564148492379007 -0.0104672199499824 -0.16052294235282
-0.0903471974293594 -0.0120590107358577 -0.0378792120054742 -0.118388244815014
-0.113614736601907 0.00751836312909861 -0.0153054099354197 -0.0929113918250282
-0.114184085199809 -0.0106153711797802 0.0141017392761489 -0.0607883789134397
-0.121050686463221 -0.0452024057926111 0.0376728449876707 0.0308448175887566
-0.0547971975877085 -0.111448105073813 -0.0670800851681087 0.120322818527531
0.0473782965004808 -0.117857058882373 -0.233442116000224 0.0907910652134323
0.127808364634119 -0.00398118592317014 -0.300432863578481 -0.18668854007902
0.0412351916977505 0.0793364448412143 -0.162975163871827 -0.395894215352778
-0.0543537745383729 0.0180912626155441 0.076702570739208 -0.340800981735455
-0.0847970924050534 -0.066200445685603 0.0707974395432317 -0.11931083043974
-0.120835926910477 0.015401890988091 0.0189441285461245 0.105033491817964
-0.0155003953697338 0.0696741155511248 0.158230185347143 0.0618244070124339
0.0665386244228669 0.0244903419867099 0.186789997287078 -0.113369040178653
0.0520622949326761 -0.0589521432655485 0.0839849319601642 -0.200337079300945
-0.033907823553592 -0.0687248860709498 -0.0205320013429446 -0.188776422247408
-0.0859088784511359 -0.0183299810545781 -0.0695559920144353 -0.13378937304538
-0.114908592736032 0.0140825716569138 -0.0567723643123766 -0.0957064814126991
-0.122786755833421 0.00590515035331099 -0.0337360283126066 -0.0599249445473513
-0.140507999434211 -0.0188862955572722 -0.0118606231183413 0.0112493299974653
-0.0921631608694232 -0.0929935892670293 -0.0949077961918985 0.0895963638039848
0.00418160669411711 -0.129073985943823 -0.227854897588653 0.0728957100829762
0.113663934370617 -0.0478264142743373 -0.29135293774432 -0.165945186234307
0.0637739856221369 0.062969986239828 -0.179130477314168 -0.357207205081272
-0.0463693241471176 0.0391873499516412 0.0648316581132682 -0.312982455988369
-0.10455733357484 -0.0414313062458409 0.0962340753370834 -0.0844523444997608
-0.10692352506028 0.0191693227541447 0.0367934545381719 0.121205063451873
-0.0251130764506542 0.0738115584123448 0.168652403668045 0.103125088330893
0.0619281012326821 0.0488970790285594 0.24097830616224 -0.0706499439993761
0.0704550347331429 -0.0401770429839175 0.152606435930336 -0.205110826921348
-0.00961252867909871 -0.0689703085338898 0.00985176571280544 -0.229485282776337
-0.0691283936485307 -0.0218479270135899 -0.0794562390961743 -0.164439958200142
-0.0998171510209929 0.0179446865439862 -0.0915166440412309 -0.100396444885576
-0.111616526760343 0.0206026508924212 -0.0781905213744977 -0.049819747475824
-0.133535714505725 0.00991740233065821 -0.0628014913002176 0.00895057246638498
-0.109249215734991 -0.0544121039340868 -0.128682648065259 0.0791313122432265
-0.037743784001516 -0.108625297157246 -0.233243702152081 0.0786095135208247
0.076495645519488 -0.0753628804828387 -0.302759451865607 -0.114119640623754
0.0751274545094782 0.0369929288950006 -0.220146180901272 -0.296216636825514
-0.0264527102705287 0.056729150923188 0.0349763675051505 -0.285079101666898
-0.10339622089125 -0.00577572430535816 0.122193985316156 -0.0635931635363198
-0.0797520984968609 0.0236128469352518 0.0351646067433719 0.144394904552908
-0.0281324868303896 0.0650671654922461 0.154808001801532 0.177365901936623
0.0425454440959426 0.0587119817739833 0.301145050019943 0.0258441236031197
0.0626785127327904 -0.0143411658471008 0.256958022721012 -0.175540486657403
0.00468602328275955 -0.050398325435125 0.0794153068597151 -0.266772111101859
-0.0477872333851195 -0.0131716305810897 -0.0682897649676545 -0.203351534748767
-0.0709837948314638 0.0240937659580636 -0.116377782744577 -0.107835829988635
-0.0806973128796265 0.0334692100015606 -0.112639365374779 -0.0321338052425675
-0.100567225287337 0.031957751056796 -0.100555612391789 0.0236552732793283
-0.0931782580371062 -0.0132738899323351 -0.151462498578985 0.0893175078464033
-0.0515893777247324 -0.0653820338031238 -0.232953695362023 0.10608205873763
0.0389636525021863 -0.0674081008349727 -0.307358287715637 -0.0415984908536375
0.0682112380075492 0.0180129712852053 -0.254803212700534 -0.212222591300367
-0.00296268067353938 0.0613508104272566 -0.00423411127069836 -0.252316511177948
-0.0793487298351677 0.0277270947522008 0.140227067612185 -0.0591537779508623
0.0228000996562379 -0.0612107554433342 -0.165207865703509 0.0918527115231917
-0.00991159032381596 -0.0614288391268057 0.0125660974549814 0.243267105618396
-0.0387612927283634 -0.00402594185183668 0.264968322250306 0.136118899182414
-0.00683753481047572 0.0437570527422233 0.291835790152199 -0.0479679226004946
0.0522748837012618 0.0166904338546441 0.200795134634668 -0.138887100641924
0.0573442717828223 -0.0212910903086618 0.125754535821795 -0.118962396070272
0.0487966818997929 -0.0472308524060109 0.0961197336172417 -0.0499555190703109
0.0474753543163683 -0.045452016874997 0.105025426566687 0.00283556736029516
0.0423834539397018 -0.0345294271912846 0.114996372129226 0.0978732231031919
0.0425325530157476 -0.00823291831407683 0.0250324552984203 0.208573804358136
0.015448091351356 0.0120533257677808 -0.148509307169028 0.271188905722481
-0.0136412207432191 0.00388193459382839 -0.342105307167543 0.109000641717917
-0.00338540122441879 -0.0384621758456454 -0.34609505042105 -0.14360533955904
0.0368432647592315 -0.0422858093827936 -0.157328852273284 -0.28225918427754
0.0468062425224523 -0.0292959683061476 -0.0387757064716761 -0.198572933844172
-0.0276938527311257 -0.0546462699163234 -0.139405684698872 0.101740545487445
-0.0182834277184255 -0.0360593825676136 0.0546241948534652 0.192078786206313
-0.0162490964689697 -0.0131127544470242 0.245324174517459 0.0423718750086174
-0.00870360538965239 0.000249562886601815 0.230709699394923 -0.104846235751172
0.00541558157931328 -0.0138768609365984 0.151459595796675 -0.157712734155849
-0.00136027151016195 -0.0249631847436236 0.09985684055972 -0.129139891029571
-0.0102922072544299 -0.0386839009691173 0.0917552783022569 -0.0708172119039068
-0.00240148980930582 -0.0449475818125468 0.107073727824778 -0.0203333158869468
0.000239137124827852 -0.0476030204261836 0.115491677559074 0.0956488447657328
0.0266497481021354 -0.0433704957971494 -0.00568506228152213 0.216995403324385
0.0385925528370614 -0.0233588833686067 -0.220614568574277 0.246041999648919
0.0395673925501227 0.0121465333850555 -0.397475996276179 -0.00215472415175121
0.0124526974488995 0.00309809424776425 -0.327011698830098 -0.284272426637947
0.0098098344110408 -0.0219545994545823 -0.0804263576617357 -0.357394051020805
0.0112447800101871 -0.0445033942441032 -0.00968251320040034 -0.206623661930435
-0.0719357366730024 -0.0350611596193031 -0.101260724218798 0.105579003569556
-0.0159127586170019 -0.00480314411491075 0.0882270572726211 0.13547897623252
0.00812736728054823 -0.019811771086112 0.206012214131424 -0.0332949738059552
-0.0109470758850069 -0.0339255725190408 0.156967971115565 -0.139358756340995
-0.0361557269572906 -0.0296001649796201 0.0870798332951229 -0.159197821069641
-0.0508303135225074 -0.0166830705539647 0.0543916473996235 -0.128289773365114
-0.0613580873563605 -0.0202806233780687 0.064570939254742 -0.0859677489757903
-0.0509928650039385 -0.0370125622900516 0.0893290673371586 -0.0403332067448799
-0.0448927535427958 -0.0571973152897465 0.103966496999034 0.0812383419581346
0.00789029518948187 -0.0799843862467708 -0.0303934172364388 0.201436638016495
0.0617123412775259 -0.0581385327360853 -0.255257526621246 0.194769752249532
0.087046347757152 0.0259814550440666 -0.392578547693857 -0.104284994242848
0.0185176323553997 0.0471115625863741 -0.268270363882294 -0.378164482591274
-0.0212953476467788 -0.00878523655554836 -0.00185891492879642 -0.388451311992442
-0.0241023652317998 -0.0617383939677948 0.0204019414393813 -0.195209464004136
-0.103559336087285 -0.0118133835583564 -0.0558717122055689 0.102718629707046
-0.0113182642582248 0.0269842910745872 0.114836115024922 0.087028719697539
0.0339186607006634 -0.0154357733431036 0.173287004645696 -0.0868982865204586
0.000397571436503066 -0.0543773465498373 0.0958924611748077 -0.162023446697139
-0.0558980785429304 -0.0420900807891404 0.027540085835926 -0.155680553804767
-0.0805355864547539 -0.0098775592961778 0.00463974642420177 -0.121075497823693
-0.0969270015291331 -0.00267066952455508 0.0260040795394904 -0.0919997598234809
-0.0905018934884209 -0.0245909300949793 0.0565288630399676 -0.055040508062831
-0.0879918820052766 -0.0575062576103209 0.0780648213969009 0.056723305023003
-0.019481763071765 -0.105847643147485 -0.0476100004690767 0.164271741619079
0.06719468711091 -0.0917560472579692 -0.251628589947251 0.138031398977322
0.118813516812143 0.0241679625125734 -0.34821695245988 -0.167646763811984
0.0246532922736076 0.0757078688442653 -0.201714740671085 -0.411820991328017
-0.045773213316288 0.00343414724859305 0.0544785474136275 -0.376734467411968
-0.0576179382056214 -0.0716218350520429 0.0472709310311415 -0.162662755880802
-0.121037183903101 0.00529367385678484 -0.0137018487476262 0.101385464613735
-0.00940297228448437 0.0527946373615281 0.139331113288921 0.0590584887059723
0.0553674500076685 -0.000253126723225788 0.163184530933226 -0.116142593367648
0.0239581809809721 -0.0641498051652564 0.0664752765865609 -0.182503529909345
-0.0542715348243535 -0.0565809535393667 -0.0137285076819229 -0.163692102492999
-0.0920474789049087 -0.0106867965231108 -0.0408904339038939 -0.119811446231279
-0.115225114848838 0.00985294543395898 -0.0173895400364645 -0.0937428229788765
-0.116161379735581 -0.00856289405823433 0.0127862289324348 -0.061947581809995
-0.124048412178872 -0.0436001057165148 0.0384698939594445 0.030210656630882
-0.0576223162160401 -0.112301740076589 -0.0662893492190908 0.123275940573604
0.0455882243980335 -0.12038684980358 -0.235543797774889 0.0968822616788999
0.130118085169282 -0.00671418147575683 -0.309372594225115 -0.183409483813161
0.0431350998713129 0.0798007287056133 -0.173331278055468 -0.398722395459411
-0.0551958779254087 0.0191442614225404 0.0719602552603773 -0.347650749944338
-0.0874818489521147 -0.065436840770914 0.0707193367231566 -0.123324125239407
-0.122283890409376 0.0174035988807261 0.0209828025154385 0.107290657360367
-0.0146119392872039 0.0707561380221212 0.161934957686289 0.0605305619299029
0.068048932431927 0.0234833589892947 0.1883677623854 -0.119313098093539
0.0523321837399906 -0.061315847115254 0.0812415960222729 -0.205375062597238
-0.0355012245827071 -0.0692955478695032 -0.0248079525224955 -0.191882551231054
-0.0874473566528924 -0.016823419447906 -0.0728519736419459 -0.134712726084177
-0.11604591321036 0.0166284173139711 -0.0594145954239411 -0.0960300578070013
-0.124425461045215 0.00839936721962172 -0.0357045884131764 -0.0605925857974274
-0.143089141569005 -0.0166119118887804 -0.0124488502252115 0.0119643629474949
-0.0958679970315472 -0.0930360032366411 -0.0949292091563759 0.0932239193043361
0.00175364694308366 -0.130849205990937 -0.229732885029462 0.0782866692706862
0.114294251086034 -0.0510384405152977 -0.300738637703892 -0.162543638905931
0.0664412307720552 0.0623770743824667 -0.190076600585498 -0.359990750123817
-0.0466340177949661 0.0405789540802809 0.0600211057964805 -0.319793532920797
-0.106107142811391 -0.0398977398007537 0.0964360549112233 -0.0887967640966489
-0.107894285633305 0.0215712825445269 0.0389597483905309 0.123558890070517
-0.0247377857330835 0.0752888919240879 0.173302688210073 0.102574904759032
0.0638898179081413 0.0485458290522877 0.243892699766161 -0.0765039924074776
0.0710531087029028 -0.0419860550061169 0.151250147001888 -0.211595462983257
-0.0110131997437409 -0.0702141216373825 0.00623164068260731 -0.233566587289178
-0.0707371041950529 -0.020754912958795 -0.0836531813219012 -0.165861193274472
-0.100947898811166 0.0203352106485502 -0.0947481415279317 -0.100551660919137
-0.11261669123443 0.0238742932254478 -0.0808534557504399 -0.0490010662251408
-0.135122807012178 0.0134106359378676 -0.064077743643695 0.0101512232277995
-0.112424520626104 -0.0531447699452126 -0.129526623326283 0.082972138971258
-0.0408549212657827 -0.109317927690396 -0.235623518108104 0.0849825957925675
0.0763715521323301 -0.0781649923363718 -0.310785770910405 -0.110184749800005
0.0767617006324947 0.0356843524743544 -0.230174630862955 -0.29665332272832
-0.0257525802990449 0.057667805028562 0.0300847657852735 -0.291249355076181
-0.104858161183237 -0.003591405962115 0.123018032276599 -0.0674918553960288
-0.0803903255285314 0.0251966713043755 0.037438901480822 0.147382978728519
-0.0271521577010877 0.0667329931623764 0.160310881554864 0.178142484859717
0.0448288265843963 0.0589668861923648 0.306790802273145 0.020127720606244
0.0639029640137092 -0.0161951924812555 0.25783257228567 -0.183806053286506
0.00338027221742489 -0.0514790582502342 0.0757341406015147 -0.272700456775816
-0.0488282608184569 -0.0124145880839626 -0.0730426568237115 -0.205172932582757
-0.0717675845654316 0.0259188991032534 -0.120619461536992 -0.107443055228917
-0.0813055074702982 0.0359920626304638 -0.115389835411083 -0.0305525780611703
-0.100828062815598 0.0355190945094196 -0.102087910217151 0.0262465444966331
-0.0950803451790269 -0.0115651904567465 -0.152526003844018 0.094543458698795
-0.05407815952468 -0.065439295470413 -0.234108223834594 0.113013668640369
0.0380924197807383 -0.0694067641547989 -0.313944458118274 -0.0354294141664295
0.069724533808716 0.0167977486374568 -0.264136984939892 -0.210568832131297
-0.00199733688905371 0.0618443008505665 -0.00918519690599551 -0.256483196650384
-0.0802899856342127 0.0296351526443132 0.14109731162435 -0.0626182696276202
0.0217192453081972 -0.0627679709299873 -0.165129317116156 0.0969079930569745
-0.0115343614701726 -0.0624442157000825 0.0183603569939036 0.246726008722098
-0.0391799079785356 -0.00319204615425996 0.272894133954221 0.132286663699801
-0.00619050291041976 0.0448888924446201 0.295193943714976 -0.0553766374054907
0.0533682138026346 0.0157376818173847 0.201251432943236 -0.146203283733216
0.0572638936147838 -0.0232490958152697 0.125243132207881 -0.124286321313838
0.0486367794536293 -0.0491783850272711 0.0964976695276393 -0.0523375123806915
0.0471179684334084 -0.0478627940649611 0.106492060352595 0.000434660816128884
0.0421195144732404 -0.037037652772412 0.118336773120988 0.0970731029420572
0.0426331413588061 -0.00943696872650312 0.0299557483579726 0.211904148742071
0.0161906666859428 0.0119085609853102 -0.145146861498983 0.278481109201581
-0.0132705396587189 0.00434531382649971 -0.345562665909346 0.11790784265434
-0.00448130779152885 -0.0394641800638156 -0.354644009143489 -0.138330877971332
0.0359391881097009 -0.0436892384528682 -0.165570881156131 -0.283995565477564
0.0464786136482499 -0.0305106184498921 -0.0420160597195068 -0.201258247330755
-0.0288515595381432 -0.0550747083051462 -0.138794699182997 0.106395750346517
-0.0197337327904431 -0.0366040322041138 0.0599874349225984 0.194192616568973
-0.0170456163758145 -0.0131036270609334 0.250387605803759 0.0376823935598629
-0.00870531940878792 0.000574629201317343 0.232463316029587 -0.111615115960999
0.00538976769742514 -0.0148910389986281 0.150326956003912 -0.16334918288744
-0.00172439708433505 -0.0257286853787449 0.0985054482673286 -0.13386893662182
-0.0113951658013727 -0.0387507720345108 0.0919058736375302 -0.0743230755391376
-0.00378133025296129 -0.0454929304932403 0.10802937486768 -0.0228259351089121
-0.000221406456054093 -0.0488890961085216 0.119424903561022 0.0938296984527458
0.02561690353359 -0.0444838559754982 -0.0015111425668098 0.220815831294258
0.0384615052207584 -0.0247148618561106 -0.219091400835118 0.254272197061467
0.04079257988139 0.0115867865262885 -0.404327358376272 0.00570603731373164
0.0123662522510065 0.00312860361813999 -0.337929480937047 -0.281369022998212
0.00931290439383064 -0.0230524042091484 -0.0887256238334006 -0.362040136050115
0.010356296502858 -0.0453169059037228 -0.0133082280229572 -0.209992862101059
-0.0732607847693081 -0.0343350562910856 -0.10069236305559 0.109351513357944
-0.0166790228109043 -0.0052743722125438 0.0926860347421142 0.136058378810345
0.00781659492053042 -0.0203152048740809 0.208820699736522 -0.0387687850526817
-0.0120851516250955 -0.0337671963816231 0.155704026507622 -0.145777787330494
-0.0377505268109328 -0.0291021122225823 0.0855218140482869 -0.164140169411626
-0.0515397356972777 -0.0158378589678856 0.0522409578507941 -0.132230280519824
-0.0628350113543137 -0.0193862972608085 0.0636125670427921 -0.0888867524232806
-0.0529331984068765 -0.0360570682166754 0.0897093044291062 -0.0428906195082187
-0.0463146152701849 -0.057581451407211 0.107066482662284 0.0805102615359498
0.00627865270458092 -0.0813494422375525 -0.0270557107086457 0.205043805119355
0.0611047957968265 -0.0606283901271069 -0.255306107755842 0.203874348280253
0.0898949821037871 0.024227520793818 -0.401787753479306 -0.0983921567772267
0.0194870058787557 0.0474083884721634 -0.279973238958303 -0.379172993924538
-0.0219734645987312 -0.0090572520761429 -0.00941410788742933 -0.395409346363226
-0.0254806707317608 -0.0618117536108414 0.0178466728235967 -0.198757105697269
-0.105529215517829 -0.0107359295431553 -0.0551430117772385 0.105863706364713
-0.0115462885166689 0.0272798766898849 0.119373842662669 0.0856683912192368
0.0340409444269645 -0.0166126159712699 0.17401168971987 -0.0923670371746542
-0.000900741442405817 -0.0551999038557019 0.094098068950785 -0.167121944334508
-0.0579602448320559 -0.0413727611988187 0.024607770602743 -0.159323915654785
-0.0824944948317123 -0.00848670805449176 0.00178348580669323 -0.123470622482805
-0.0986158483675969 -0.000874125097967263 0.0244019382335704 -0.0940909157719213
-0.0926079914435378 -0.0230241030557324 0.0560907318154368 -0.0569525141544767
-0.0901521409502644 -0.0568925421533636 0.080392257903403 0.0557518257530893
-0.0221046238916996 -0.107404286610692 -0.0452733369066831 0.167607395844264
0.0662940428455684 -0.0940275827703396 -0.252371883909581 0.145716279944695
0.121366306798707 0.0217161345729648 -0.357583006962438 -0.162919864997754
0.0264687155389731 0.0759089154495116 -0.212198191375893 -0.41425359682637
-0.0466640258570791 0.00384005755558515 0.0480634835249538 -0.384528680764676
-0.0599662299615701 -0.0715034351678386 0.0454785311191228 -0.167080628259589
-0.122491267155793 0.00740765166908019 -0.0116855093013452 0.103928024501759
-0.00901230540189487 0.0533165362857848 0.142775994234152 0.0573649226726626
0.0559000619043215 -0.00141089751695628 0.163673265774577 -0.121487613582591
0.0227380082496486 -0.0659864290360008 0.0630420946069897 -0.186826657623603
-0.0562802128106896 -0.0563591198499559 -0.0171096035361649 -0.165698669435757
-0.0936087300214594 -0.0087066447367317 -0.0437499413494516 -0.121067999298209
-0.116551125956951 0.0124486285553637 -0.019837136231239 -0.0947509349584424
-0.118358254720634 -0.006579469414686 0.01119039075856 -0.0634458418485944
-0.126316446770361 -0.0410754152291765 0.0394120143151869 0.0298146738554661
-0.0608782651138652 -0.112610541700586 -0.064838262151769 0.127314014538356
0.0433173810486628 -0.123661407971292 -0.236887892125595 0.103956864320001
0.131719932425596 -0.00938477093054621 -0.319087827251251 -0.180316759951473
0.0450497838647698 0.0797485505364437 -0.185036930373982 -0.401615876176856
-0.0552126643303143 0.0202692011599737 0.0663966947117121 -0.356054330967482
-0.089068874439268 -0.0643630313703751 0.0698762725152276 -0.127509972375255
-0.12373877581581 0.0201073422750738 0.022714970297904 0.109092591785032
-0.014198742070198 0.0716127058148741 0.165485393117626 0.0586913339629702
0.0691833897410399 0.0223427750660548 0.188743302927066 -0.124817752862822
0.0518260592106023 -0.0632452372347061 0.0793541434369667 -0.210168962435535
-0.0377578736010037 -0.0698179517611275 -0.0289333535198817 -0.194048571420561
-0.0891291470177479 -0.0148546409977188 -0.0768186639934817 -0.135343627553547
-0.117529684788819 0.0194345767242764 -0.0627874361850698 -0.0965423499282237
-0.126281872986422 0.0116413636398014 -0.0380541507279949 -0.0607032189077919
-0.144776719649157 -0.0134080980558392 -0.0130138043721859 0.0115062684155323
-0.099226495659581 -0.0921565164610196 -0.0942269547746962 0.0973834529222295
-0.00163375860066434 -0.132964634690609 -0.231288128602664 0.0846030734558146
0.115285983527009 -0.0543661205662198 -0.308844786661726 -0.158685872448614
0.0681403869080826 0.0615345273234749 -0.200864503374125 -0.361512072070707
-0.0464831238147982 0.0419618805868804 0.0544384673124665 -0.326543910381562
-0.108110806929605 -0.038345402283176 0.09598543977506 -0.0930361711128621
-0.109141746651077 0.0242058723748202 0.0411429086723501 0.125362655459652
-0.0237315841296346 0.0766459015622486 0.177767717495093 0.101065713397002
0.0659920040332427 0.04784694377732 0.246130703749997 -0.0828461579562045
0.0708814812786522 -0.0446394247232113 0.14895876433959 -0.21823422089837
-0.0127758241977692 -0.0712177240189885 0.00127951567865052 -0.237697849926707
-0.0720555130186214 -0.0193057033894066 -0.088624307641213 -0.166538881700457
-0.101405851648891 0.0227257710082434 -0.0989577877534699 -0.100499454921837
-0.11341053401475 0.0269596932155763 -0.0836752671778314 -0.0478815529380561
-0.136693332518138 0.0168110825974807 -0.0656775684600924 0.0117277751716465
-0.115579233596949 -0.0506507008998145 -0.129652272313237 0.0881080420721225
-0.043992955850087 -0.110408330109055 -0.237164897435227 0.0911829963596893
0.0753970932043047 -0.0815519352747025 -0.318596590234039 -0.104668413299646
0.0784228929553987 0.0341846250140098 -0.240489464967064 -0.295495866609514
-0.025156562886844 0.0586049682528522 0.0243802324782997 -0.297164425818646
-0.106019320367196 -0.00159517738445943 0.123400981597478 -0.0722184799815457
-0.0811546164245308 0.0277404623904979 0.0398972223867983 0.149288557799591
-0.0263319398393619 0.0676120987070739 0.165544226713732 0.17889497813014
0.0466303512087057 0.058591267051266 0.312392638191403 0.0154022686995533
0.0643343990601651 -0.0183293958686843 0.258571939079689 -0.191832693085784
0.00234781282178285 -0.0527314134778781 0.0717935011078974 -0.27844648723229
-0.0499097518725934 -0.0114123538287559 -0.0782963303321213 -0.206847230028533
-0.0723293622573323 0.027941993682515 -0.124746587292617 -0.106149358132853
-0.081735588528652 0.0382449632651639 -0.118387312543359 -0.0283110609981538
-0.101048931307958 0.0383608620622322 -0.103808166487075 0.0288259474675137
-0.0969445992696702 -0.00911759514639722 -0.15306513960587 0.100170651483988
-0.0567822843722483 -0.0652346922232742 -0.235668854475115 0.120102932112349
0.0368000434956136 -0.0713093295447436 -0.320034045095597 -0.0283091778090994
0.0709321942489107 0.014947443656511 -0.272992575526657 -0.20740146464632
-0.000739440797652195 0.0623969946880742 -0.0150280058435414 -0.261223911544556
-0.0803449591643583 0.032005808615771 0.141879081489487 -0.0681461391304153
0.0202753821286643 -0.0635702447416239 -0.164539409873626 0.102478989758214
-0.0133738899928344 -0.0625795871220477 0.0252840653797048 0.24963292234114
-0.0393552755628046 -0.00243882666400593 0.280233774138784 0.128102964258565
-0.00469325705311994 0.0457547908438471 0.298655073376504 -0.0639493332474759
0.0544426274858205 0.01403053031931 0.200558392201009 -0.153775319732948
0.0579252841726957 -0.0252205790119959 0.124268238244759 -0.129025335389039
0.0478237366472951 -0.0507831776066702 0.0970488838731689 -0.055969703390673
0.04662801209291 -0.0500628569311148 0.107962200272518 -0.00203440705238375
0.0420266019663068 -0.0383862862867192 0.121798098061946 0.0959054381984362
0.0432334285606493 -0.0106210536108513 0.0348650302776808 0.215130795472293
0.0164893455377488 0.0116474789881292 -0.140873919572897 0.28559828528177
-0.0133417411940755 0.00474706592565124 -0.348165932328445 0.127671500778432
-0.00581219151921704 -0.0396970155369753 -0.362996551745272 -0.132606121323456
0.035718289473928 -0.0449051155731066 -0.173978972158229 -0.285500870928606
0.0462199866813834 -0.0317418161753025 -0.0466115155876449 -0.204264835324584
-0.0310278170516471 -0.0554036922507045 -0.138197349648266 0.111505425297745
-0.020550387762254 -0.0368057342934902 0.0658283576408075 0.195141325847676
-0.0174075066498309 -0.0131231037336221 0.254659850762491 0.031180540566526
-0.00900014104177749 0.000791623810495802 0.232898048170781 -0.11959082882921
0.00491844945687605 -0.0149143782638895 0.148105502992411 -0.17014457999095
-0.00238969297692854 -0.0261918071645443 0.0967825543051818 -0.138404688528641
-0.0118978190008868 -0.0391124298880941 0.0913690156720933 -0.0778866855770357
-0.00496111289350103 -0.0469575759001727 0.108389283509647 -0.0254240273952364
-0.00108889942970385 -0.0496326057457837 0.123196177584653 0.0923861899377715
0.025363337346691 -0.0464135821288337 0.00299932504874827 0.225051488449383
0.0384519348879256 -0.0252129399251743 -0.21626543402255 0.263479892059722
0.0419932837130538 0.0105869397519886 -0.410506588812072 0.0152298467577948
0.0123626738094198 0.00273786292486516 -0.349522930554861 -0.27837778227605
0.00829854793526275 -0.0238262303151039 -0.0969009431564894 -0.365794674112633
0.00920103106007386 -0.0463075494284581 -0.0168532804623635 -0.213760369664431
-0.0752206894408458 -0.0338487217674134 -0.0990569522056136 0.113680994708857
-0.0170893278630516 -0.00506854438660669 0.0969282112215585 0.135645328481517
0.00671572694753979 -0.0211475353869114 0.210512604762448 -0.0447839064887934
-0.0128251594795657 -0.0338572428421338 0.154833357106312 -0.15204252227176
-0.038859999704986 -0.0286212657367927 0.0827825436722773 -0.16880481428568
-0.0527612900445972 -0.0144229583760158 0.0499568996898027 -0.1357598352002
-0.0644367550750079 -0.0181481443900438 0.0628520760501728 -0.0917625938598584
-0.0542845374629415 -0.0361702189317185 0.0894332892098928 -0.0454323905587328
-0.0483385453096524 -0.0572855681270662 0.109952064889589 0.0789509584409501
0.00445535856399406 -0.0828286237527982 -0.0222800157401945 0.209328951236461
0.0606501001048609 -0.0623550990473922 -0.254359838410901 0.212348672263238
0.0915033751135333 0.0224957051372722 -0.409913207172499 -0.0905251284308345
0.0204526971351531 0.0476710334570472 -0.292036588655974 -0.378705901597741
-0.0223854860873226 -0.00854165492906136 -0.0178303498694773 -0.401474839692185
-0.0273867286821108 -0.0619654427348319 0.0152394685933054 -0.202649271413998
-0.107163454662265 -0.00859457100754161 -0.0527538057028209 0.108732417904232
-0.0110966435321266 0.0270723423747553 0.123090970746648 0.0849543100110881
0.0334683415391977 -0.0177256797829304 0.174574278826297 -0.097992828143504
-0.00266258247580881 -0.0558392385661742 0.0906340101349215 -0.172529905376716
-0.0599746843821839 -0.0411618548607174 0.0212287394000476 -0.162356512399749
-0.0835390515405341 -0.0061309168684885 -0.00116766705865045 -0.125900924611203
-0.099950350787254 0.00162851168055777 0.0225698261087673 -0.0957042592687236
-0.0943323182342414 -0.0215050541656131 0.0553330524731487 -0.059177922243824
-0.0924572726227337 -0.0554949895225181 0.082298527931913 0.0543016199216773
-0.0246431365875371 -0.108587435022209 -0.041572873354694 0.171628725273549
0.0649137718715602 -0.0970342888031678 -0.252408756051013 0.153711786331281
0.123622340049407 0.0195332510699617 -0.366086990581245 -0.156416921522755
0.0283925713015254 0.0767050733396262 -0.225248393432274 -0.415457431765706
-0.0471272346738719 0.00492569619562945 0.0410355638989955 -0.391738131199737
-0.0617867249602085 -0.0707346981601008 0.0432687570042328 -0.17119803192276
-0.124066650449996 0.00970822220185127 -0.00993433680810191 0.105835579399355
-0.00829662373282784 0.0539367758820903 0.145808426766406 0.0549873694133989
0.0568266574298838 -0.00307330208365751 0.162847904037347 -0.127665405978152
0.0217451616071716 -0.067185058914328 0.0596371883684885 -0.191575754909038
-0.0585820319107094 -0.0552890432641545 -0.0217256388235658 -0.168477088021918
-0.0950430340057534 -0.00661182707206802 -0.0473436131160002 -0.121974609179898
-0.117862384675481 0.0152368217045613 -0.0218458663406157 -0.0956307277946357
-0.120187921240919 -0.00381079240642245 0.0093354686837028 -0.0643547877390004
-0.12867311308729 -0.038322304197851 0.0400109924419517 0.0286779961876677
-0.0647916134471288 -0.112943030537945 -0.0627194354095365 0.130741985377626
0.0408679567822736 -0.126127227872853 -0.237942698977199 0.110914945042645
0.133771506273813 -0.0130953798330086 -0.328516159147656 -0.174737260614883
0.0477022924237865 0.079650259139555 -0.197183956706566 -0.403103766455253
-0.0559075759058726 0.0215147313398789 0.0594760386379966 -0.362993684109262
-0.0915658426406624 -0.0628931453062552 0.0689471228294292 -0.132104046338486
-0.124503170964124 0.0229437306158363 0.0251050545371018 0.110603352590428
-0.0127667053609086 0.0727680698496124 0.16902640019676 0.0564090568411904
0.0707664188775961 0.0207952767632293 0.188763128103201 -0.131610867124817
0.0513060321992885 -0.0656161225086074 0.0747471247728218 -0.215286228751965
-0.0400748788258947 -0.0702688873634441 -0.0337329991900967 -0.196288715644984
-0.0904855709216006 -0.0131752095805735 -0.081150310994418 -0.135783740284274
-0.118283418105806 0.0227784348519942 -0.0657462757708226 -0.0961116264118544
-0.127636230889898 0.0145796196039532 -0.0404306098796305 -0.0608631533460251
-0.146718414951888 -0.00985198853032634 -0.0137645090703447 0.0124246884006661
-0.102644408396822 -0.0913632531620198 -0.0935144668832247 0.101191985433327
-0.00477126189701729 -0.134890317908817 -0.232647084440293 0.090760435139623
0.115294781478677 -0.0585673698294326 -0.318026477675792 -0.152915399752301
0.0704894978320158 0.0601623615976309 -0.212137781757561 -0.361132567789926
-0.0463217035064069 0.0432126640006788 0.0477189406859399 -0.333685326690966
-0.110385691223917 -0.0363217234139136 0.0955455077196351 -0.0971638901459941
-0.109898328181348 0.0269514675596003 0.0441930604400817 0.12713727030108
-0.0218488111311424 0.0780039151488703 0.182350125746652 0.099191554705181
0.0675372631919229 0.0468515654862595 0.247719525636167 -0.0898857344590853
0.0711342358410447 -0.046687815791606 0.145883829010543 -0.225470763897839
-0.0142273192545692 -0.0719533478230746 -0.00369603525626365 -0.240830895286117
-0.0736780968384784 -0.0185466527896022 -0.0936689676096958 -0.167286330063726
-0.102124975050869 0.0255549906029097 -0.102151545403071 -0.0990269587987027
-0.114142353589454 0.0297047313079776 -0.0859493463375537 -0.0470269124434868
-0.137830194680382 0.0209016012072079 -0.0668009863575117 0.0137209966824014
-0.118126225163776 -0.0489593277567736 -0.129625247190444 0.0933934960810326
-0.0473882326593436 -0.110400969832008 -0.238361923033277 0.0984823985846685
0.0746148428758427 -0.0844746100318715 -0.326574501510621 -0.0980748376764624
0.0804811530127239 0.0325621942951995 -0.251515812811559 -0.293652076397588
-0.0238175443054385 0.0598009033949057 0.0178765109767588 -0.302417936599747
-0.107115741912202 0.000930368628184838 0.123399878081706 -0.0772685011043537
-0.0812611208720603 0.0308310669192985 0.0428182094231688 0.151732130222668
-0.0250793909533785 0.0688811819946909 0.171665906389979 0.179087439785948
0.0491955047662527 0.0580577095286927 0.317008783728331 0.00793959499151985
0.0648237344888226 -0.0200507693164344 0.257342110249847 -0.199915992377024
0.00120855573275976 -0.0538441858672725 0.0664782511944811 -0.284692723176315
-0.0510367808330941 -0.0101428712650883 -0.0840325588826614 -0.208315934845892
-0.0724331583860599 0.0303128963394277 -0.128640139609053 -0.104962903579967
-0.0813493386572929 0.0408617944835622 -0.121157395335701 -0.0262235332543459
-0.10154098842073 0.042012074889019 -0.105392552487069 0.031599150516624
-0.0984968009379507 -0.00669176137983722 -0.152683162496657 0.106376029623459
-0.0591001704811493 -0.064418937566663 -0.235705869814897 0.128075019991623
0.0356646973520664 -0.0732441703603359 -0.325677059759001 -0.0206589470484726
0.0728266773579342 0.0134774454910654 -0.282642820945465 -0.202963295558092
0.00034730384121379 0.0631329769482553 -0.0220818488230445 -0.264777294335454
-0.0804694596912164 0.0346245529060987 0.14222715894282 -0.0725902308804488
0.0183521275082798 -0.0649810285443876 -0.163530352197464 0.107688706484425
-0.0153140496153077 -0.0638925493656924 0.0317803573634733 0.252954721045952
-0.0402055749852258 -0.00106630936969849 0.28777450167718 0.121859984864374
-0.00352901188595958 0.0463925940434876 0.300465599576115 -0.0735929400023388
0.0554398559807302 0.0125537242240576 0.199400812749605 -0.162225391848251
0.0580134729807773 -0.0274316910269729 0.121959466824291 -0.135353036690761
0.0471391514606318 -0.0532911085743016 0.0971893069254305 -0.0591412157729214
0.0460617027413249 -0.0522124381601067 0.109258182588025 -0.00495189497184385
0.0421160257771918 -0.0398304873657158 0.125565774807396 0.0936934902773572
0.043426334566093 -0.012290054976654 0.0400994751947573 0.217030867255898
0.0172546471755912 0.0116418578880484 -0.135796778955085 0.293146739651597
-0.0132748572203133 0.0052571634052805 -0.349577777296771 0.137192234089826
-0.00688117325880917 -0.0397680166511743 -0.370471042946142 -0.126127325695919
0.0342786269885618 -0.0464553847420347 -0.182602822052727 -0.285220600570523
0.0456402054077994 -0.0325733397551934 -0.0507694231231626 -0.206554523945737
-0.0326287765572922 -0.0549672191146502 -0.136713683294914 0.116232774858833
-0.0226410514491527 -0.0371587149305186 0.0714046978307353 0.196174104338919
-0.0180495387478949 -0.0130823834460623 0.259209671227692 0.02535209679962
-0.00884172569823737 0.00157619224099924 0.232585494928347 -0.12824209469696
0.00478787903042301 -0.0149512405249016 0.146257287271387 -0.176897319948824
-0.00301218076240177 -0.0262106638740777 0.0945468746172201 -0.14388043902652
-0.0139192952769892 -0.0394361440870946 0.0905413811600165 -0.0810704359552784
-0.00598177306671352 -0.0476937739415062 0.109330047542719 -0.0282572628694389
-0.00196081301121515 -0.050588956302308 0.1263381821925 0.0900705433235272
0.0248767858193051 -0.0477074525449967 0.0084940335020004 0.227994073887117
0.0383855023372711 -0.0267003379559648 -0.212928560616575 0.272011042550917
0.0427409098753157 0.00979481166031825 -0.414782971601659 0.0257384699308517
0.0125308654041363 0.00306490838617847 -0.360561268453829 -0.273391852735417
0.00754219770112032 -0.024308458494593 -0.106912589211665 -0.368428071073477
0.00798823688068225 -0.0469983551357106 -0.0211294129009345 -0.217094443258803
-0.0765901079597414 -0.0321860251308925 -0.0975793424637557 0.117500154718456
-0.0177297560165038 -0.00476940143558406 0.102380193976176 0.135185074402227
0.00580944495928159 -0.0215680518759933 0.212084608261809 -0.0508133174505295
-0.0141400670796125 -0.0335893781230915 0.152710417539584 -0.158486631853969
-0.0399222829455472 -0.0284375651554674 0.0794809562143791 -0.174086471313693
-0.0541218004384754 -0.0135619815841135 0.0476092674715655 -0.139642293755352
-0.0656671950291646 -0.0171858949020013 0.0618160854068579 -0.094372448992438
-0.0565474477367637 -0.0356125632632476 0.0894167041564844 -0.0482447002368493
-0.0496177797358458 -0.0571054106653383 0.113251687735472 0.0763697247027358
0.00239598711538411 -0.0844303194923351 -0.0175408996564523 0.212694196483364
0.0605112354651461 -0.0647002554986094 -0.251884108789684 0.221714783936893
0.0931920328747624 0.0205546757074557 -0.418386592958429 -0.0804775308757887
0.021664189367583 0.0476797864339873 -0.304630705750564 -0.376543590721116
-0.0233276880598958 -0.00812269933651563 -0.0271690296310608 -0.407084816178119
-0.0290710549426913 -0.0620789101486613 0.0106962759734563 -0.206608963550683
-0.108613525657433 -0.00630442058604576 -0.0504136313146918 0.112232186427707
-0.0116575295678914 0.027602017539862 0.126560602998532 0.0831453894094602
0.0330933463884906 -0.0186237383807183 0.17484029030894 -0.103865948905604
-0.00402705359259222 -0.0567450608126204 0.0874926262296065 -0.178061616184391
-0.0618947422483314 -0.0401965981726864 0.017480190472546 -0.16521522239955
-0.0849107632351555 -0.00391499258289889 -0.00482001508576361 -0.127778769570633
-0.100836138538397 0.004271764026769 0.0207014188088022 -0.0979947094910187
-0.0957710730177019 -0.019897905840838 0.0537919979316486 -0.0614723743319062
-0.0943964763017393 -0.0537298649034781 0.0844920821532611 0.0526137401498659
-0.0278113306065853 -0.109206557324756 -0.0379409512998826 0.175640168701177
0.0632854779807812 -0.100062277144282 -0.251669408365752 0.161896400269773
0.125990858737444 0.0164482466149589 -0.376273630903323 -0.149781219161231
0.0303802934429073 0.0769229303288151 -0.23937992122343 -0.414996271271638
-0.0479759063130118 0.00569322630852084 0.0319003212088451 -0.398204316363284
-0.064056550002137 -0.0702269295602798 0.040154296622936 -0.17529704588854
-0.125184332960893 0.0128857404514201 -0.00726896027438367 0.10812650293523
-0.00776520210531047 0.0544774721383989 0.149441823309453 0.0531174081145102
0.0571845542693439 -0.0046007288627432 0.161877311722873 -0.133412825702828
0.0200486932487645 -0.0685260918975366 0.0558991433298212 -0.195747030740018
-0.0607284960899669 -0.0550470993847899 -0.0255699464737525 -0.169740757351941
-0.0961218665216941 -0.00419046320115786 -0.0511629901407966 -0.122437127116089
-0.118939449600917 0.0188549561052754 -0.0247089586809468 -0.0963793097761577
-0.121581270255754 -0.00115666190636251 0.00720209821876927 -0.0659404048015568
-0.130883463939802 -0.0359469717548383 0.0412019102062925 0.0281368673863986
-0.0682619125609914 -0.113111875391461 -0.0598428601805089 0.134539545691015
0.0382690978569683 -0.128597800987731 -0.237684450662069 0.117966605587576
0.135050857048045 -0.0164368935148588 -0.337355107356097 -0.168918296224888
0.0501415432949444 0.0790231149654321 -0.209650254226475 -0.403958505060639
-0.0560744241414881 0.023046130400086 0.052013113117574 -0.369861827461104
-0.0939074979416508 -0.0612228404064799 0.0673605992860946 -0.135655379515321
-0.125544161761418 0.0260962873406182 0.0276005965892901 0.112118822794413
-0.011412811516342 0.0733858672372153 0.172798649950993 0.0535493559782392
0.07224432173972 0.0192794410806798 0.188357148923511 -0.138315975480031
0.0502017008534163 -0.0677792859800826 0.0710904337972619 -0.220597638388287
-0.0423610199005863 -0.0699630815980367 -0.039021927471052 -0.198072853148421
-0.0917417386885883 -0.0110802634890141 -0.0852061462952167 -0.135170126879532
-0.119609705410634 0.0260023291526248 -0.0685767871393742 -0.0956571751298036
-0.128640789450438 0.0180743473832183 -0.042813542392425 -0.0604679229252108
-0.14880905926713 -0.00587168035824101 -0.0140107191771681 0.0126168767345868
-0.106975738288323 -0.0896130653486254 -0.0919483299038939 0.105509008239035
-0.00873931593943727 -0.136275523291295 -0.233005823412994 0.097733730272485
0.115410612181899 -0.0618262153704613 -0.326152966320458 -0.146933746880332
0.0728563754833539 0.0590241742714896 -0.22514173295585 -0.360610710359841
-0.0461146166382638 0.0445808624353675 0.040968473989875 -0.340091406854364
-0.111696098243861 -0.033735894894777 0.0943643772656542 -0.101719127394772
-0.110225179065317 0.0299080118303118 0.0471788511658546 0.128731979775098
-0.0208436725353621 0.0791571023846965 0.186816668019486 0.0976865890476746
0.0698256617623137 0.0453793920879201 0.249012423447212 -0.0965722428743902
0.0709603363479612 -0.0495188028059529 0.14297161429028 -0.231505630466878
-0.016909742088104 -0.0728638175830423 -0.00962401381847794 -0.244135749295308
-0.0745250289999129 -0.0159827124336202 -0.0987918028856782 -0.167276609790457
-0.102877692347991 0.0289649276920584 -0.10633252360493 -0.0978190443607216
-0.114748780009254 0.0333707820227718 -0.0887315860425498 -0.0451560291912433
-0.138742826670472 0.0254375644238858 -0.0677539051689594 0.0157145130660049
-0.120704975668792 -0.0464029565312993 -0.128781068456618 0.0976061456101116
-0.0516652991239842 -0.110668554975591 -0.238272518154145 0.106021223965061
0.0731003994285794 -0.0874252963023686 -0.33396148323048 -0.0906935500695031
0.0820565009381091 0.0305040337969882 -0.262109906950411 -0.291342825813357
-0.0233254920955749 0.0605262124963333 0.0108059599737651 -0.30772869520612
-0.108046077281869 0.004212092389596 0.122644624637528 -0.0816425103888478
-0.0809652550490887 0.0325476654550782 0.0457255455444629 0.153713135756524
-0.0238590839357497 0.0702981854845515 0.177501464706447 0.178079376852632
0.0513166654661208 0.0577397708461727 0.321360425105037 0.00121105940030163
0.0654556152432648 -0.0218613029209363 0.256632689775648 -0.209011968631741
-0.000165909609603221 -0.0546815139659062 0.0607024296951792 -0.290377451895794
-0.0517304410639048 -0.00901586486033572 -0.090063858530006 -0.208627500254108
-0.0722768172571401 0.0323513679478813 -0.133254814830044 -0.103387477535401
-0.0816018139710157 0.043835659718677 -0.123168676299273 -0.0237677292252005
-0.101389410625697 0.0455347274941701 -0.106265428634877 0.0353552111245035
-0.0998282416844933 -0.00359763528081546 -0.151544370967854 0.111908994735433
-0.0618703458149928 -0.0633710892811425 -0.235699523599423 0.13624081940238
0.0343833061090971 -0.075552366159493 -0.330734023683784 -0.0121731275918405
0.0734807301918344 0.011063400106129 -0.292085005511918 -0.197295136092224
0.00184047008777787 0.0638071622215344 -0.028577137937184 -0.267824088062292
-0.0802104498185702 0.0370813247754995 0.14174033012852 -0.077736125961129
0.016721554980622 -0.0663693685670685 -0.161843370961107 0.11344881802988
-0.0170805880571243 -0.0640362551099933 0.0393330706619885 0.254204953131447
-0.0408103985827339 -0.000209028538815898 0.294247921022973 0.114925325043173
-0.00226429441696216 0.0468954849514742 0.301495743875969 -0.0825011943916041
0.0562205239794301 0.0114267018144868 0.196899916658209 -0.169603983081199
0.057831343534535 -0.0292994066517616 0.119552483823414 -0.14008521101872
0.0464563843415634 -0.0554890544882736 0.0967151694306287 -0.0626929483836751
0.0449664652002783 -0.0544350551431546 0.11000742801374 -0.00780128600672784
0.0415105700188332 -0.0417779707758789 0.129337882779348 0.0915617969382521
0.0438257657727073 -0.0132701201020864 0.0459754837234965 0.218787143152114
0.0175073402994338 0.0115895525147062 -0.129537962883016 0.299959375241651
-0.0129818229449561 0.00563755582487051 -0.349505539569215 0.147347708698638
-0.00829012217800363 -0.0398238674674772 -0.378062407799212 -0.118064191577583
0.0328749958715914 -0.0474850505244233 -0.191370400359593 -0.285121288937135
0.0444821714826816 -0.0344866303171235 -0.0562713220332161 -0.207944392830573
-0.0343802400538725 -0.0553525274518667 -0.134014497148098 0.120272010466218
-0.0241492806864624 -0.03713709012335 0.0776453498473564 0.196256048071914
-0.0192068610304825 -0.0128242820411527 0.263143798280225 0.017841502621665
-0.00892758105613438 0.001496494664512 0.231189602568859 -0.136001711834226
0.00389344221528209 -0.0156648817425643 0.142843540354713 -0.183803037186174
-0.00413445381953238 -0.0264574429843968 0.0914497662229874 -0.148750637437591
-0.0151035857208914 -0.0400987100750558 0.089767189507927 -0.0844319297858985
-0.00790779663990729 -0.0483789879136082 0.109996126077218 -0.0317371868767167
-0.00306663988313931 -0.050991475912195 0.129553352170113 0.0878139116779375
0.0237561289913484 -0.0489673832453614 0.0145412701445869 0.230317372628081
0.0385202750010261 -0.0280499160669111 -0.207625849298534 0.280770138564222
0.0438509513888697 0.00894036103821943 -0.418698213794589 0.0368316080195696
0.0121909020779261 0.00297203283977428 -0.370670873153206 -0.267741305963532
0.00654515347121437 -0.024766496926333 -0.117376889760846 -0.371092488621844
0.00622724467407955 -0.047479763170586 -0.0258769744769137 -0.219025447673052
-0.0789572660132488 -0.0305513927638843 -0.0947162427274493 0.121667477471556
-0.0187911399046611 -0.004810539609209 0.10645153834015 0.133875929316328
0.00536087995908079 -0.0218335751655543 0.21342159011708 -0.0581635535865479
-0.0149155448055054 -0.0336890495674493 0.149671840384234 -0.164551045087841
-0.0414358454566105 -0.0268559358706389 0.0757489446460469 -0.178483359351003
-0.0550374369615171 -0.0118475850411538 0.0440543159702205 -0.143012806717305
-0.0669929127609597 -0.0148805657648877 0.0598605552219116 -0.0973904621815669
-0.0583154827224095 -0.0347918897060567 0.0884238093508922 -0.0512530290042467
-0.0523134813718571 -0.0564689117191902 0.116478019545148 0.0744909741665336
0.000442905337704805 -0.0850939019745345 -0.0127798246271667 0.215271503800385
0.0588864172941894 -0.0669740046501659 -0.248522435652115 0.230025707955593
0.0949389445802176 0.0179973437450645 -0.424592054342236 -0.0708917486055778
0.0232556241154427 0.04842657374361 -0.318585740358471 -0.37246604229455
-0.0244439830122405 -0.00811777982716378 -0.0374450053821037 -0.412208344856214
-0.0308714264832833 -0.0621395900827968 0.00733182000312683 -0.209634137745091
-0.109730282178552 -0.00402783529344191 -0.048046221312991 0.115468794416346
-0.0108709164029238 0.02828232494485 0.130047698312953 0.0807634454593254
0.0328287040107216 -0.0196941556935804 0.173587141102489 -0.109776056603963
-0.00501316454833277 -0.0570974202165426 0.0831895884449682 -0.182210136679328
-0.0637036976666604 -0.0382171565802284 0.0128037147873251 -0.167603205039715
-0.0857169659765689 -0.00199940063881825 -0.00755345183710103 -0.129035100289613
-0.101775699963852 0.00706799285344558 0.0182217913841787 -0.0997179334390357
-0.0977372929061988 -0.0177449417462538 0.0523876242135892 -0.0634524453763422
-0.0969593072421533 -0.05202351174637 0.0869385193838145 0.0513570965000525
-0.0313334084316058 -0.110141264912583 -0.033653773586952 0.178937618747496
0.0614634045245926 -0.102610408949594 -0.250015650634428 0.170204726150758
0.127964617827361 0.0135683602013157 -0.383924784225594 -0.141008609925645
0.0323192340019524 0.0763271506187741 -0.251733531829031 -0.412855267175537
-0.048420843185582 0.00703048475460283 0.0231287677813135 -0.40401225569463
-0.0661629633708838 -0.0693915770404421 0.0372197191213588 -0.17901203026554
-0.126327703610298 0.0162863181424467 -0.00474238825572165 0.110354768835419
-0.00683919183413421 0.055152102032518 0.152526802971071 0.0498988325697854
0.0577012197205108 -0.00613981427971317 0.160343920631018 -0.140188794166565
0.0185003611329575 -0.0699912686194665 0.0506819211199856 -0.19974122520713
-0.0625251843262416 -0.0540181178356076 -0.0305966291758292 -0.17114211026438
-0.0969622561642293 -0.00162647199715614 -0.054859482004392 -0.122854075700666
-0.119493744178734 0.0221240359053007 -0.0279730099739355 -0.0970714880551937
-0.122944250733102 0.00204524008660652 0.00555411851130069 -0.0663498532520115
-0.132886040830778 -0.0325410057431855 0.0414586531920643 0.0274901797953102
-0.0719229350461088 -0.112569223754972 -0.0571323069627234 0.13845381650908
0.0347950024542684 -0.130857561868827 -0.236532997198305 0.12558150548014
0.135923868052443 -0.0204831170366716 -0.346594798114447 -0.161566206232699
0.0525697840506952 0.0783885638832426 -0.222360545597765 -0.402284390629825
-0.0563007910668119 0.0241800026212082 0.0425293948617875 -0.376083696726041
-0.095982033659628 -0.0593591709226774 0.0645272842862067 -0.139919239744953
-0.125631350751205 0.0296546730853594 0.0309869661938179 0.113829200671033
-0.010035935848303 0.0742643055949647 0.176142903078929 0.0508229202378651
0.0734285885731227 0.0174932007670125 0.187078858321055 -0.145044171288722
0.0487243803933606 -0.0700142341196248 0.0649772771830559 -0.224918468105497
-0.0448208148629866 -0.0698574811338568 -0.0449456982169747 -0.199151146761076
-0.0930640207767547 -0.00898744480012333 -0.0898364785188931 -0.134361782595246
-0.119073702580936 0.0298831802080281 -0.0723671229448094 -0.0953786034542329
-0.129596079139044 0.0215896886642686 -0.0454809295786962 -0.0597805149389729
-0.149908201945997 -0.00163595169734495 -0.0144648907362509 0.0131922490692536
-0.110640055167452 -0.0872941994912568 -0.0902250431328525 0.109269630050738
-0.0128861575679144 -0.137393822480564 -0.232571001298073 0.1060442710713
0.11514466812372 -0.0661233564579097 -0.334939571094187 -0.139614300666901
0.0754281764643912 0.0570981434044194 -0.237674032002124 -0.358346854540839
-0.0454892971276677 0.0456560184536618 0.0313180179827292 -0.345341047302029
-0.113341334623584 -0.0311371569892721 0.0929216250806178 -0.106138671869906
-0.110295860509515 0.0331512779530168 0.0504655156790053 0.129472947141069
-0.018931178860945 0.0802938866103734 0.191573957091077 0.0944723849645518
0.0720466997438846 0.043992495492935 0.249851604270878 -0.104345639204946
0.0708028464415735 -0.0520746924353779 0.138567447913249 -0.238373116887338
-0.0191619923751351 -0.073195969295311 -0.016155931951108 -0.246453154241253
-0.0760871497760919 -0.0143091145924077 -0.103735144584523 -0.166108877301718
-0.102529572585767 0.0319566102905228 -0.110327440155242 -0.0960211502910308
-0.114860706663771 0.037113088740891 -0.0913556366675179 -0.0433673431827418
-0.139238554712925 0.0299014829825548 -0.0689643014026975 0.0175577426371539
-0.123797915840061 -0.0427242537464533 -0.127750217093579 0.10306102381753
-0.054989985023162 -0.110346646174929 -0.238346367288213 0.114015050127159
0.0715953135571447 -0.0908452025914644 -0.340798292083446 -0.0812299638076335
0.0838810004349571 0.0278483911355987 -0.273253135466769 -0.286420483880693
-0.0215400710013653 0.0617144516649932 0.00143580524361036 -0.31203837074875
-0.108157119052675 0.00671780064591015 0.121608449096701 -0.0863913930707287
-0.0808491215507286 0.035294863456251 0.0492906575455138 0.155254927815908
-0.0220251916103073 0.071168953293956 0.183301666809072 0.177066878934966
0.0533815261292655 0.0565323165309812 0.325029091354782 -0.00668154778193339
0.0653204611304949 -0.0242904041749602 0.253597074567909 -0.218332240188607
-0.00173299226431668 -0.0556433745994514 0.0532834821865248 -0.294924036842115
-0.0526929500355094 -0.00781673654538678 -0.0966815708747042 -0.209077194914753
-0.0720363939363634 0.0352435406244002 -0.137506581976548 -0.100710661324405
-0.0804961302115664 0.0466825508427505 -0.125554405987993 -0.0209149595316687
-0.100558112091977 0.0491241165354068 -0.106666565604057 0.0386605202990169
-0.100915146047049 -0.000572975482062182 -0.150031029187444 0.117713129058998
-0.0646538918408236 -0.0621984165200059 -0.233797399456605 0.144044045472743
0.0325371783279458 -0.077444563304593 -0.335267859070377 -0.00196770778691569
0.074640571331402 0.00930914445221184 -0.299791137111389 -0.191521642378219
0.00364645244881259 0.0642927489258856 -0.0360503778147637 -0.270476750759616
-0.0797712444466484 0.0396047617825068 0.140795435015194 -0.0832017197164036
0.0150523660705866 -0.06671927176158 -0.159377936059227 0.118649532046013
-0.0190226544240224 -0.0638657082937711 0.0468779955192801 0.25434460902676
-0.041336643795609 0.000681853981871632 0.300587071788112 0.106952937517546
-0.000568029045053486 0.04743947319605 0.302373785618225 -0.0930412092719133
0.0573683219385751 0.00968951537345523 0.193735055715906 -0.177008172555065
0.0574326479205909 -0.0312920911294432 0.116230375887979 -0.145366748092604
0.0447826611750101 -0.0575655801616048 0.0962772785369285 -0.0658445048735692
0.0435757047100902 -0.0566609606910674 0.110985040175132 -0.0112974555556949
0.040329395068932 -0.0428068636419522 0.13275307948889 0.0884063001868968
0.0436568709204947 -0.0152683998922809 0.0523918396757484 0.219295058087784
0.0178971818604414 0.0108009838267498 -0.123105924551055 0.306168064936242
-0.0128543817168932 0.00631495553431757 -0.348752678589163 0.158888370415378
-0.00959972357939403 -0.0397449498116296 -0.384787993190625 -0.109912640038892
0.0314702314874126 -0.0487987113008183 -0.200317877446436 -0.283066212081444
0.0441480323776407 -0.0352864092578883 -0.0614129523465823 -0.209213921552278
-0.0361899680618782 -0.0548525356800785 -0.132059400617671 0.125581512984151
-0.025279670790359 -0.036558955130724 0.0836044553467538 0.19475294666121
-0.0199200656779487 -0.0121519045407949 0.265592949204986 0.0101762172687189
-0.00916743114854211 0.00191699201269497 0.228786904677677 -0.145183448311761
0.00349060912828648 -0.015692921801889 0.138529702306286 -0.189905862009946
-0.00435653301186813 -0.0271639284964488 0.0876719130834435 -0.152882657504128
-0.0160369971658452 -0.0401157620680657 0.0879875686305926 -0.0881450142910248
-0.00927205771842947 -0.0489843069033203 0.110028439254446 -0.0353546704597914
-0.00462727498003338 -0.0512860141481419 0.133006560766583 0.085899735479463
0.0225676593690773 -0.0501990850827901 0.0209751335645323 0.231854015727108
0.0379385032830663 -0.0292866561341246 -0.20109663033459 0.288075936404109
0.0445018702554623 0.00777127076532199 -0.421957715414276 0.0482555631008159
0.0118763911943888 0.00243103778315316 -0.381253470097519 -0.260567825225629
0.00520763323520441 -0.0253560330557889 -0.128264941320137 -0.371173239523095
0.00515614921200201 -0.0481525400348744 -0.0307627641840361 -0.220722122074569
-0.0801944460263793 -0.0292604579433506 -0.091263058432253 0.125435541220732
-0.0195984296386525 -0.00481268709665115 0.110929508277079 0.131989276962017
0.00438022574067806 -0.0224494248249182 0.214086974276986 -0.0652167555121901
-0.0164634304347362 -0.0335647200733414 0.146521102171253 -0.171605038678022
-0.0428644211606084 -0.0265133898670107 0.0708148137302669 -0.182698553856556
-0.0554690603588411 -0.010754815204167 0.040440156372933 -0.146174285368846
-0.0678831658054363 -0.0137057072797377 0.0572512676938723 -0.100467369739129
-0.0595381556258876 -0.0337674846946628 0.0878755812545956 -0.0531884975816207
-0.0528171371559673 -0.0560263824047733 0.118250952143432 0.0711885742391787
-0.00158222720505287 -0.0862866482085118 -0.00724374844482901 0.218262600659977
0.0574181533964963 -0.0689467431066057 -0.243719668937993 0.238825052494335
0.0964826939471246 0.0160370604270854 -0.429857192429322 -0.0595886181875062
0.0241677604911995 0.0475116391023751 -0.330298471428575 -0.367575865849377
-0.024987105662892 -0.00770351785458404 -0.0484598194803427 -0.414876676263838
-0.0328799210772465 -0.0614539375939607 0.00285247810525612 -0.212326736919117
-0.110434521708558 -0.00126886553767425 -0.04530728940449 0.117490676598131
-0.0108859189339729 0.0278304467106805 0.133806429642305 0.078208333268536
0.0324159188519958 -0.0211250869821901 0.171863710643458 -0.116807188483984
-0.00700802883450653 -0.0569934003370763 0.0787732919417984 -0.186059049310593
-0.0650643518165971 -0.0368560469970333 0.00837566811291721 -0.169479684109311
-0.0862412191869797 0.000632522878629804 -0.0116230334650739 -0.12976393179138
-0.102388251122399 0.00949132441301906 0.0153913255619566 -0.101002850275033
-0.0990690205828355 -0.0151349484028561 0.0503735554373387 -0.0651717392988807
-0.098598120340355 -0.0500287767236078 0.0881101590890744 0.048728493156759
-0.0344131195586515 -0.109839645419433 -0.0289454189742384 0.181238225031251
0.0591020670550337 -0.105052017644574 -0.246943154983697 0.178124731761766
0.129600735704283 0.00971700966849826 -0.391526968510111 -0.132499001682162
0.0341462001764328 0.0760695933551982 -0.264023740593635 -0.409116559911618
-0.0488079340926985 0.00797883601354416 0.0123146251731605 -0.409167464109762
-0.0679673446794382 -0.0677177241840037 0.0338453134113834 -0.181936629946754
-0.12676702255242 0.0193026241073731 -0.00167598916952946 0.112037782072111
-0.00614886758511997 0.0553929191826384 0.154826032227462 0.0466942154178303
0.0577266475856221 -0.00782313812975328 0.157526542945675 -0.145254952549455
0.0172548209436797 -0.070597764770683 0.0454677911813706 -0.203401732443859
-0.0648296037720066 -0.0527697544584931 -0.0355866851213404 -0.171476105967572
-0.0977336529189323 0.000877681756296794 -0.0583644425684261 -0.121757193725787
-0.11952644906997 0.0258444505873013 -0.0305648730846377 -0.0969024234473162
-0.123942582162943 0.0053208000236391 0.00324244086454595 -0.0667151676209626
-0.134340635059971 -0.0291730430316292 0.0420060714181482 0.0266102632106425
-0.0753652305101492 -0.111183270582989 -0.0537331191315228 0.14085465306751
0.0312329634473557 -0.132968954876059 -0.234973733413867 0.132846676810732
0.136704996419453 -0.0244883476659645 -0.353974045630694 -0.152806432817889
0.0550760074209287 0.0775540690589946 -0.234734600506735 -0.4000793283502
-0.0560864952637192 0.0258095422089884 0.0329174944108736 -0.380961319334783
-0.0973960839901386 -0.0568778298426401 0.0618872417196614 -0.14409001040166
-0.125600020044364 0.0329479147238139 0.0340995343710765 0.114220324425822
-0.00874587490045851 0.0748291922484659 0.178321687687926 0.047051013412769
0.0743661956940415 0.0150162416498961 0.184483386521598 -0.151284855159417
0.0476009680713205 -0.0718865962868857 0.0596255863343892 -0.228531432444848
-0.0467674012404606 -0.0696162873593574 -0.0509609719762987 -0.199606541328832
-0.093843562959275 -0.0061188021815111 -0.0942460378496479 -0.13342853309648
-0.119158312740173 0.0333565533120899 -0.0759198564710596 -0.093963216877079
-0.129696253863289 0.0256974035132693 -0.0480556664607644 -0.0589924916494355
-0.150246549511309 0.00264795487757997 -0.0148875651587176 0.0134896202081422
-0.113401535563015 -0.0848060179019379 -0.0878280423728873 0.113238954465498
-0.0170965685885353 -0.138389729678329 -0.231354753437408 0.112618709520666
0.114331124012829 -0.0700917675075132 -0.341930134337711 -0.130787040478299
0.0769796760113496 0.0552339691344491 -0.249178894972426 -0.35441222023409
-0.044667248626214 0.0470842098690682 0.0224020294900035 -0.350250666678178
-0.114243278116656 -0.0278083726063052 0.0907419872089517 -0.110657304037508
-0.109922168818373 0.0363243884456785 0.0543180306033857 0.130728016974853
-0.0173433992981086 0.0809329209644713 0.194219392856077 0.0908709314562425
0.0737666965488705 0.042209184752708 0.24910727869209 -0.11199452474148
0.0698516989016251 -0.0546262484902461 0.132456127256226 -0.243485307534441
-0.0209023785897986 -0.0737434692793717 -0.0232998826859328 -0.24809954522558
-0.0768156741910519 -0.0123552681259801 -0.109500241126203 -0.164721084521647
-0.102682799639751 0.0351712405140068 -0.11339753060656 -0.0938144473622956
-0.114676791850685 0.0409912752231471 -0.0939705760912291 -0.0412254375125216
-0.138179171022657 0.0341378903284532 -0.069513806597264 0.0197274045655369
-0.125749565533164 -0.0395510208023409 -0.125463560697229 0.107851824084041
-0.0590988466731664 -0.109888898581984 -0.236835084953333 0.121924986639917
0.069607497611334 -0.0933680902332654 -0.346600656996451 -0.0724401267094934
0.0850033005292315 0.0256067896577492 -0.284794162084876 -0.280369234538976
-0.0204453480749776 0.0627929747679523 -0.00742446586408951 -0.315046858547365
-0.108941561470559 0.0101198849064907 0.120114655047209 -0.091351814580789
-0.0802550080951519 0.0381279660189143 0.0533303824475869 0.155852314048756
-0.0197901806705277 0.0724513852228307 0.189812067057613 0.174512053084709
0.0553933244920125 0.0553481200421953 0.32834566414407 -0.0160166395527637
0.0652526638520575 -0.0263391214056427 0.249625137044468 -0.226500237044057
-0.00331170885901654 -0.0563198776179317 0.0460529165324628 -0.298292199166332
-0.0532394701287701 -0.00620070435874277 -0.102821530224533 -0.208205974856249
-0.071276057037372 0.0375767091359395 -0.141082818838571 -0.0975860110661981
-0.0798340804517792 0.0495556988173808 -0.12746361927224 -0.01705652169303
-0.0996140047622798 0.0532692941980327 -0.107348694209588 0.0423806354994612
-0.10183190995785 0.00272613789044085 -0.147853452746999 0.124140560768176
-0.0668968500379859 -0.0603771632752267 -0.231476522999702 0.152594256057412
0.0305946078321266 -0.0792514510018512 -0.338169764973981 0.00842069832547036
0.0754115383618002 0.00648475746964591 -0.307609984526505 -0.183630491265682
0.00531881716536282 0.0646277389342045 -0.0439373892344742 -0.271732470459779
-0.0791099754807196 0.0424905032924229 0.139040682105499 -0.087846357696011
0.0127052620168567 -0.0677889477746951 -0.156798336636939 0.123344063657407
-0.0212616658613023 -0.0638359275867632 0.0545693678872231 0.254202737512521
-0.0412503963967201 0.00203698583012171 0.305111080322031 0.0991465201876438
0.00100670027148432 0.0481271202784778 0.301327461216379 -0.103049961806622
0.0575535526811917 0.00736927341927427 0.189761196277792 -0.184352867404675
0.0566597086179212 -0.0336132231006018 0.112816489145695 -0.149745628774715
0.0432080087715704 -0.0599922577127937 0.0945139741971916 -0.0693958124612582
0.0417439631737448 -0.058584694664499 0.111232827379215 -0.0144181196592615
0.0400390031425236 -0.0453337347244822 0.135666962779106 0.0851247278404408
0.0435571667084414 -0.0165055462695998 0.058519006514571 0.218793987665556
0.0183857030889943 0.0108149302839286 -0.114888244869196 0.310890296026538
-0.0123184984785643 0.00659943935861788 -0.346279062283136 0.168661304675099
-0.0109032311759207 -0.0391696992348137 -0.389689901640589 -0.100627631434832
0.0298933225809475 -0.0496890071575595 -0.208268817101742 -0.279355184354343
0.0428266157803335 -0.0366607068154497 -0.0658810006538322 -0.209587944582201
-0.0381667831887911 -0.0540983636660441 -0.128471897504298 0.129933722559409
-0.0266972823205732 -0.0364078561333716 0.0903735193649851 0.193848153452777
-0.0204854003268734 -0.0122120068857153 0.267339401431649 0.00192871315018706
-0.00866315598407733 0.00220718250053014 0.225918712799118 -0.153526382852494
0.00298406224752849 -0.0161956525135876 0.133644925275757 -0.19542741437588
-0.0053026391433655 -0.026689670321838 0.0838850296380371 -0.156409288356582
-0.0174159462333885 -0.0402559000802286 0.0858902444456292 -0.0910649978910859
-0.0110949471495148 -0.0493489820730756 0.108957727105883 -0.0383166513944835
-0.00612543294588062 -0.0523138431668691 0.135541096255062 0.0816427267674065
0.0219510321808695 -0.0508915504280722 0.0272014890601908 0.232621698393591
0.0376611512121629 -0.0304570071371862 -0.195099497342266 0.295071890392645
0.0452057534945359 0.00662660620023773 -0.422180904975982 0.0603001971926776
0.0119034243933534 0.00233623281434714 -0.390206383021754 -0.251406958442116
0.00420333653118572 -0.0252965230699429 -0.137050229010159 -0.371182986811572
0.00368907021776251 -0.048550285085887 -0.036162633909419 -0.222371366116086
-0.0813251310559279 -0.0274112300342571 -0.088625835322474 0.128601651922644
-0.0194463316589249 -0.00458073729453313 0.115672759324572 0.129921437418705
0.00363472179503193 -0.0230134557247341 0.212868326254787 -0.0717462732960825
-0.0170255688671649 -0.0330719115429888 0.141620505459698 -0.176551604750805
-0.0435413169153774 -0.0256788540575618 0.0660095834917593 -0.185326354703451
-0.055807088672303 -0.00917958912903583 0.0360688806961186 -0.147979896230904
-0.0684059436632062 -0.0120556396852095 0.0547215774178797 -0.102665234303968
-0.0610358146221991 -0.0320553234864477 0.0863921532296361 -0.0570103086992128
-0.0550770782591389 -0.0548344228304446 0.120373290825263 0.0684004634304103
-0.00430410519518474 -0.0869193640834499 -0.000901414798934488 0.219847631043993
0.0558573419682914 -0.0707697137597726 -0.239115616899914 0.246993002243565
0.0971130238243892 0.0136592743486989 -0.435099532701675 -0.0486496506842584
0.024977623631994 0.0471885051108477 -0.342361499601904 -0.360282542682684
-0.0258005578588696 -0.00771684303016001 -0.0593557008831448 -0.415716450825449
-0.0337645280719058 -0.0610867650509097 -0.00212777411463241 -0.214765443030099
-0.111240703212281 0.00147483434587451 -0.0424965575098515 0.119384299260169
-0.0108278213873177 0.0282689093964175 0.136598936904327 0.0747158271506232
0.0313390845042685 -0.0223014958151995 0.169099851945073 -0.122057674741114
-0.00862989432484864 -0.0572089435702941 0.0737335487391477 -0.190020941996401
-0.0665013407491842 -0.0352148823419205 0.00385628176749578 -0.171046588501929
-0.0864186632475236 0.00285338795945874 -0.0152064796386676 -0.130781315823359
-0.102527117674107 0.0125745382637735 0.0128781405897905 -0.102076380905151
-0.100151166393575 -0.012751234304184 0.048650602018658 -0.0665227473368463
-0.100233989175615 -0.0476026542274872 0.0890429323653466 0.0465548534753129
-0.0375258752146933 -0.109732133253102 -0.0240185886990109 0.182796909109752
0.0563424394996858 -0.106708458931687 -0.242451508891098 0.185472485698503
0.130246400629194 0.0064086461858076 -0.396966501399289 -0.120987963516487
0.0365080603147314 0.0752840538174626 -0.27720539745309 -0.405183282641289
-0.0490821140348543 0.00957058890538781 0.00263327337974197 -0.411566221773231
-0.0697993623690878 -0.0662603328149771 0.0302924053199181 -0.184425839218832
-0.126546417304014 0.0225829639186229 0.00152155984168448 0.113232393469735
-0.00511536300772487 0.055209933400051 0.156954610001564 0.0429899167779037
0.0571954997745659 -0.00963140544749698 0.154808875437321 -0.150995362733193
0.0152152891894807 -0.0717813187785117 0.0395452520780883 -0.206013965263031
-0.0660967992091544 -0.0514621855294477 -0.040847505069491 -0.171478554831198
-0.0979467419520994 0.00440895807596722 -0.0622995899204602 -0.121645588393885
-0.119037245196188 0.029023851368413 -0.0335877774097002 -0.0963557662092134
-0.124254512050274 0.00900588645095899 0.00103734377752764 -0.0671734925870994
-0.135167047548265 -0.0254339138449505 0.0421413082053769 0.0252667677791496
-0.0793622749571765 -0.109414507752167 -0.050148165709835 0.143475165222343
0.0274405610049354 -0.133935318762356 -0.232196597051271 0.1400044489922
0.136552049310996 -0.0286923017768019 -0.360143234300668 -0.143957445044566
0.0569608844766857 0.0759773251382966 -0.247775161733574 -0.395174028256184
-0.0556839757975002 0.0271199805453616 0.0232151780615236 -0.384796486814036
-0.0987376548693779 -0.0547861435910318 0.0585623514593708 -0.147176190607437
-0.125265212103916 0.0367589312630014 0.0370084110320687 0.114668361683776
-0.00748343168408332 0.0748029161119282 0.180786546331116 0.042903315669995
0.0750882477299561 0.0130848059032459 0.181291995117072 -0.157378155544711
0.0461284958653992 -0.0737586994936593 0.0536153832472304 -0.231217820649355
-0.0487953046102855 -0.0686512417577945 -0.0558419227290491 -0.199173602762311
-0.0939907877706016 -0.00332215217654185 -0.09808170508051 -0.131574100060078
-0.118335259568711 0.036782618002068 -0.0786985118413027 -0.0921547527135689
-0.129349819660996 0.0296957632329715 -0.050291895569916 -0.0575236777163897
-0.150611089561722 0.00739514068765088 -0.015026544306399 0.014198673897022
-0.116864671769116 -0.0817692648413113 -0.0852016410373483 0.116476174311833
-0.0213228831019192 -0.137933876519557 -0.229626964586682 0.119932893263954
0.112885339689735 -0.073758332954124 -0.347887567296777 -0.122186436539227
0.0787891404934508 0.0530560842226985 -0.260495893637404 -0.349157784353832
-0.0433913915974807 0.0482541243320654 0.0129005964975809 -0.353029899569956
-0.115083062889255 -0.0251700174214774 0.0882420240555001 -0.114576297367012
-0.109146804852843 0.0396021828226876 0.0574803009673126 0.130688054961979
-0.015482738639835 0.0817801498879744 0.198782679927739 0.0873814098786621
0.0755486038572299 0.0406259867173762 0.247588460407099 -0.118955691538477
0.0686604422394153 -0.0571605334676577 0.127044780176638 -0.248745837076514
-0.0229779153240769 -0.0736600819463653 -0.0291155520048142 -0.248741470411256
-0.0773030078417258 -0.0103419425469421 -0.113708153631349 -0.162396152179124
-0.101391467123343 0.0389697771767486 -0.116728232455226 -0.0911267171569288
-0.113091525758347 0.0439522652990306 -0.0958594543243144 -0.038922988174391
-0.137937451736476 0.0382626492916521 -0.0697796875330952 0.0225981772723033
-0.127096163218076 -0.0358328392016614 -0.122688314228002 0.112996448381004
-0.0630909571296934 -0.108109645138067 -0.234807577578497 0.129220113053348
0.0667155082687143 -0.0963349257718987 -0.350191137009363 -0.062500798284014
0.0863175441369285 0.0228746073280305 -0.293796101217094 -0.273569409816205
-0.0189832504639549 0.0632345816270946 -0.0153946364271346 -0.316825370280765
-0.108586588561217 0.0130718981645541 0.118127123148964 -0.0958839974373445
-0.0790374753526439 0.0402044344493652 0.0566865858443677 0.156355067395985
-0.0181259053193611 0.072891734149168 0.194902105801225 0.171230737155943
0.0574540659411676 0.053536769895182 0.328651920504033 -0.0249138008494376
0.064406348071514 -0.028710019894687 0.244923810841186 -0.233977922212658
-0.0052328552948152 -0.0564287455165688 0.0387418089152386 -0.301163211162144
-0.0535674648902039 -0.00462993147971936 -0.108491689216221 -0.206535550207727
-0.0704418607261714 0.0399677740682059 -0.144158296226688 -0.0944400699099314
-0.0790946708999804 0.0522511464330756 -0.128778494945521 -0.0138777078027856
-0.0978434548979688 0.0563851324039758 -0.107090629010077 0.0457268894432729
-0.102449275387515 0.00579159574535206 -0.145485696793918 0.129685046970344
-0.0694821373248842 -0.0589255891683652 -0.228234753107913 0.159874432622467
0.027651842495809 -0.0804729897598024 -0.339654747557711 0.0190285102530444
0.0758768592676951 0.00396359368962062 -0.314891841955003 -0.175584762754922
0.00672088379063882 0.0644507290900656 -0.0519793134577006 -0.272073049766635
-0.078098392533291 0.0445935622356203 0.136521280691215 -0.0925884201077071
0.0106019049951544 -0.0679154174293443 -0.152777496563594 0.127880948803564
-0.0230870296085931 -0.0631506014475279 0.0625451527701899 0.252894320235997
-0.0416493336555674 0.00335216044328873 0.309098206969922 0.0900656125752849
0.00238702981715535 0.0481388463829801 0.298219462681338 -0.112442080530502
0.0578528829001631 0.00596108700527951 0.184555955063299 -0.191370640372031
0.0553641503283524 -0.0351373203502495 0.109173775747251 -0.154320122171374
0.0414878012372989 -0.0606177823295746 0.0935808128655432 -0.0725745043925151
0.0402202153748431 -0.0605989287889379 0.111244613704534 -0.0167435628520523
0.0385832123736532 -0.046894327652719 0.137329655843992 0.0822448799664978
0.0432995165111895 -0.0176761225444971 0.0640146875994971 0.218558312761777
0.019086235874444 0.00994272670676804 -0.107198792534649 0.314763118793961
-0.011565058842416 0.00743371838460138 -0.342435103312886 0.178242565818536
-0.0121342719214913 -0.0391942001575206 -0.393275268192463 -0.0899537827645191
0.0279449361412632 -0.0503220502402555 -0.216101185266859 -0.275682852201564
0.0412876766305696 -0.0377176858737454 -0.071524160144288 -0.20909386533395
-0.039484020564464 -0.0531326712774683 -0.124370945603691 0.13343378656936
-0.0282373271327779 -0.035915919122785 0.0957059820694772 0.19100123250833
-0.0213787376987784 -0.0116324428479186 0.26788585777891 -0.00545661117098056
-0.00877456320239061 0.00261302331263767 0.222409124091927 -0.159870362025514
0.00225315884673957 -0.0166824950981111 0.127869147464444 -0.2001606244067
-0.00621766882850734 -0.0266519675360674 0.0801713742451507 -0.159924423945089
-0.018600564903417 -0.0400474896481382 0.0835216506102889 -0.0939728706263878
-0.0124215931079234 -0.0497987806645656 0.107639820166183 -0.0411624161744997
-0.0071452477232108 -0.0523124738356756 0.137679793171249 0.0782511666752099
0.0201984266708214 -0.052094838507697 0.033837464626524 0.232691811807675
0.0372622679121613 -0.0315550151586889 -0.187383611138555 0.300797653667491
0.045251465213564 0.00552319052766148 -0.422191592568576 0.0716127938881122
0.0120094199637984 0.00231777087352359 -0.398059686321769 -0.241986467977235
0.00341385478150279 -0.0256356800197086 -0.147502558343965 -0.369301121812131
0.00252516723661694 -0.0482674177874626 -0.0407978018594942 -0.222355822931803
-0.082197512249543 -0.0255090524319503 -0.085183122747395 0.130940159728024
-0.020909802276899 -0.00381612163541655 0.119545414794858 0.126532502272199
0.0025487314539482 -0.0228841181315155 0.211209920691173 -0.0773852926201153
-0.0183419489286862 -0.0325265134685326 0.137313335719283 -0.181625519828898
-0.0446548823722576 -0.0241633179119121 0.061303748500389 -0.188045611155397
-0.0565389511289738 -0.00767031941136359 0.0319718923807918 -0.150033402590434
-0.0688996836164771 -0.00958655098554564 0.0521748116831512 -0.10444508411312
-0.0618809018671069 -0.031155716488716 0.0850492473979647 -0.0588051453203054
-0.0561851141080279 -0.0533142242118178 0.122499158226079 0.0657422381159821
-0.00604511672908474 -0.0870598690393585 0.00532979613337015 0.220061401671125
0.0543371751056169 -0.0725318097759265 -0.232899862876038 0.254266075594291
0.0976098096096624 0.0109005758399148 -0.436129201387595 -0.0369306113666133
0.0260932242018086 0.0464156870416205 -0.35290113007851 -0.352763055607992
-0.0260487967160168 -0.00619008017217544 -0.0691754104436064 -0.415173881453384
-0.0353733494017115 -0.0602859409109145 -0.00650780350531455 -0.215740246046167
-0.111453648776927 0.00411631724570112 -0.0390627997231788 0.121624450826594
-0.010559919597542 0.0281071373285984 0.138983955701174 0.0721455232922739
0.0306136081519745 -0.0231747073602439 0.166580751446899 -0.127548598022929
-0.00993194766717861 -0.0574744364167477 0.0683796241852888 -0.193576162730311
-0.0678843277476544 -0.033458507570494 -0.00120482613617721 -0.172096564322294
-0.0865657518786108 0.00579339776676435 -0.0192209914898098 -0.131335786409669
-0.102271117748763 0.0158606725691107 0.00989528263088424 -0.102631888439785
-0.100407774761445 -0.0101447952006487 0.0470414137363923 -0.0678677889421717
-0.101124775166343 -0.0449854216657665 0.0905960233546658 0.0441156716341868
-0.0403775395310944 -0.108941127198533 -0.0194714418023258 0.184023578544612
0.0533580687850485 -0.108616587503559 -0.23860305132649 0.192308044102572
0.13089052964912 0.0025281955074907 -0.401686181480554 -0.111107169015085
0.038286015825189 0.0747102310818574 -0.289238399093706 -0.398599163685594
-0.048973631328654 0.0102248567784284 -0.00880714544123773 -0.413516209275371
-0.0711829319138305 -0.0642193821686627 0.0258607080721987 -0.186645374502079
-0.126095165524929 0.0258503512403904 0.00464421488424112 0.113631505612927
-0.004295132584789 0.0553950616227794 0.15867166126128 0.0397806656702322
0.0568421262902253 -0.0113273338540999 0.150760727741627 -0.155926740335746
0.0133455939839214 -0.0722587757398457 0.0340786028442712 -0.207572556920773
-0.0676577040056889 -0.0491339206374152 -0.0450636342939945 -0.170515665597888
-0.098097225824994 0.00696375604256167 -0.0657808019826571 -0.120258260477696
-0.118129899691918 0.0330703776921362 -0.0362457826841648 -0.0961234399062104
-0.124414362713564 0.0129041354044024 -0.00153469967313127 -0.0670054573606973
-0.135958406313654 -0.0220661432225981 0.0422956809548972 0.0242397819516273
-0.0821767536367486 -0.10752587879024 -0.0461988445165941 0.145415120778084
0.0236752948709558 -0.13504005162194 -0.228589783292171 0.146434013253481
0.136313264236072 -0.0323501113410747 -0.365241196868988 -0.134508717356248
0.0592223269107475 0.0743894811910197 -0.259432858150828 -0.389662212552218
-0.0552709261968788 0.0286004437888766 0.0131640197033517 -0.38692496800807
-0.0997565221490555 -0.0519660975852505 0.0558328022421513 -0.15012246946003
-0.124402447444166 0.0397069185673536 0.0401608005231115 0.115178290891975
-0.00560580574481536 0.0748689857122213 0.182892240565267 0.0390276916141902
0.0754261355112468 0.0109915741753043 0.177640187584702 -0.163251881610931
0.0443126806299976 -0.0749933886400749 0.0473053104797575 -0.233414871736337
-0.0511665451013263 -0.0677715888729602 -0.0615129532772521 -0.19809494080634
-0.0943861740512923 -0.000504375775556213 -0.101367226741506 -0.129035002271938
-0.117728354455306 0.0401688610060593 -0.0814341904391363 -0.0897027009675422
-0.128493952452995 0.0329427607801502 -0.0524922734391542 -0.0560441006596308
-0.150487802813667 0.0117156449824465 -0.0153792223883683 0.0147090920512346
-0.119298719150593 -0.0787096081769331 -0.0822268113267221 0.119806066913369
-0.0255821452827747 -0.137609319563052 -0.225916760512366 0.126372900937114
0.110397732841145 -0.0771863495257377 -0.35257121923688 -0.111859099319973
0.0805515234882943 0.0506425288069896 -0.271757096752748 -0.343137011575376
-0.0425053626980632 0.0492014603741292 0.00338384099234378 -0.354981603923067
-0.114954391606341 -0.0217420275992537 0.0855117781982453 -0.118029934418879
-0.108351439071374 0.0424372508777773 0.06088666869598 0.130078477399964
-0.0132390535839744 0.0819661090307057 0.20121455421899 0.0835429100544611
0.0762838155080911 0.0382940550532769 0.244202468655546 -0.126377089205704
0.067381763709068 -0.0595272296355889 0.120822101104379 -0.253009060846992
-0.0254897990892323 -0.0738043340965052 -0.0361948846085086 -0.248550219771799
-0.0779558187195494 -0.00794205515322072 -0.118452798198537 -0.160202287527489
-0.100729967634295 0.0411106545392315 -0.11931002822973 -0.0883514433319639
-0.11256869277779 0.0479403765009681 -0.0972654205302796 -0.035993998540534
-0.136945712107034 0.0427965977844821 -0.0698179535760953 0.024583627637959
-0.12876331871168 -0.0321708666401455 -0.120316024116839 0.117141059888933
-0.0661357851888713 -0.106469500355622 -0.231008969375257 0.136343318303343
0.0643865498685913 -0.098077507526278 -0.35402782780341 -0.0522427763561239
0.0867587264690857 0.0200982933592272 -0.302466417492424 -0.266112102081576
-0.0172266096216769 0.0634498037050783 -0.0250364991935454 -0.31816752729114
-0.107661360759033 0.015890751818692 0.114868719320803 -0.0998005475845785
-0.07803856537169 0.0426323912166533 0.0598692888457645 0.156697144286223
-0.0159370174130223 0.0737896146367363 0.199666491415395 0.16725790094241
0.0590165693532449 0.0520159554035881 0.329135156134976 -0.03290130500597
0.0639585883653705 -0.0308136928881876 0.239657496250844 -0.242496087107356
-0.00689966363588811 -0.056828983857765 0.0319707820182032 -0.303422291705026
-0.0538128335431055 -0.00313847812092678 -0.113814924570392 -0.203969242964815
-0.0691272727666778 0.0422874622225236 -0.147477831360424 -0.0906302507088241
-0.0771290267824863 0.0542592034213753 -0.13002766165885 -0.0100960472990339
-0.0959490652995358 0.0595611330525828 -0.106904789259035 0.0495331502808843
-0.102333251083795 0.00903214262166962 -0.141611853038864 0.134035796759795
-0.0717326443102333 -0.056821379398819 -0.223715089234287 0.167225605004321
0.0258121862930567 -0.0818020937577204 -0.340794694727343 0.0291786109297374
0.076193912242886 0.00179939756987862 -0.320339857486726 -0.166810529888384
0.00828857772130905 0.0641392157012127 -0.0594854319068731 -0.271906656081259
-0.0765633857796121 0.04740648751562 0.134101081903881 -0.0972018638648377
0.00909092912391254 -0.0679849451193175 -0.149022459956384 0.131848829361735
-0.0248794527445689 -0.0625918015159422 0.0688621102684712 0.25050121992767
-0.0411273941109443 0.00444386107697409 0.311605999436755 0.081091895730037
0.00393482689824798 0.047845766840837 0.295133177708393 -0.119920878112682
0.0578604883702501 0.00426023058666247 0.178755652545133 -0.19666337170605
0.0543984364279238 -0.0370678141190282 0.104623807630091 -0.157746859899577
0.0399919535867285 -0.062566949827003 0.0916468296965436 -0.0752689656501762
0.0379715378073377 -0.0619621607390759 0.110267694004894 -0.0202688456399409
0.0372071111691202 -0.0476460039378164 0.13930628919617 0.0787174063836667
0.0429053343595953 -0.019327707660184 0.0691818953506451 0.217379280947155
0.0196179466254881 0.00993685806065509 -0.0987903229284271 0.317006183047708
-0.0115740581228861 0.00770691382071474 -0.338591817704721 0.187088792078311
-0.0130888553287633 -0.0381637134710455 -0.395665477793374 -0.0811213991056437
0.0264423709818954 -0.0512035400421734 -0.222784093575077 -0.27119042672834
0.039931500464283 -0.0383540401129978 -0.0753905078797115 -0.207618874127642
-0.0410888330511916 -0.0521491722587086 -0.120916045851937 0.136545883649025
-0.0296275827983092 -0.0351356137201557 0.101179408437772 0.188440326676983
-0.0221172885069992 -0.0107845785435651 0.267916325165473 -0.0134962419561455
-0.00845647985762157 0.00271331552294161 0.217526957297154 -0.165696961637689
0.00150066014140548 -0.0162415055795847 0.123393601775428 -0.203831883276618
-0.00698834078705778 -0.0270656507178899 0.0751894019043678 -0.162971269463111
-0.0198426160808887 -0.0394142480158845 0.0813529873266191 -0.0969728940094636
-0.0142270585826895 -0.0498968751989001 0.106989332549469 -0.0445412229318385
-0.00878218881415144 -0.0524281909603702 0.13933233987926 0.0748075128897134
0.0188648560477872 -0.052840117715725 0.0388305888077916 0.232276720944794
0.036361842571297 -0.0320001956168137 -0.179800059427641 0.30585941714321
0.0454008399829256 0.00459650294431142 -0.419845720034681 0.0817778237813237
0.0114626015203634 0.00236766934383468 -0.404136794323007 -0.232801671773265
0.00214378733811072 -0.0253713366400654 -0.156090320449187 -0.366298386670822
0.000718471397074661 -0.0484941258991039 -0.0453980053865068 -0.222582648751473
-0.0828857339457098 -0.0234039113383 -0.0812464597913388 0.133118576145547
-0.0213172824533974 -0.00365526531824499 0.123120275185817 0.123198771151192
0.00181863085130787 -0.0232437116920427 0.208548652209825 -0.0843471118841257
-0.018418918984167 -0.0323348693223119 0.131374740366726 -0.185620070345784
-0.0457727485810116 -0.0224559142717072 0.0558625785153189 -0.190002892494739
-0.0565441518592991 -0.00559057963090376 0.0281247167125118 -0.151168599327242
-0.069380542430325 -0.00800945532388048 0.0495763379042286 -0.106190253589286
-0.0630775251969298 -0.030134761236345 0.0831132311791551 -0.0615345952169913
-0.0398146520288245 -0.0519477838595171 0.123157502087003 0.0602071108185366
-0.00847353979395237 -0.0872259375797517 0.0106250238999659 0.220352079260335
0.052449159449286 -0.0740071614086727 -0.225867024360555 0.259897939607627
0.0986457617418934 0.00805045706731677 -0.437740432761 -0.0246598539041464
0.0266735289950836 0.0463685396258865 -0.360414950597856 -0.343024594152337
-0.0266627655255922 -0.00559003315032115 -0.079811248503048 -0.415348710829198
-0.0368238256303289 -0.0592114213216292 -0.0108674940744909 -0.216716069400331
-0.111094737132858 0.00703859816268008 -0.0351337208952195 0.122797755028568
-0.010333641940654 0.0283433152053526 0.141132039401547 0.0684843480849425
0.0294856228487214 -0.0240423645024341 0.163571320595266 -0.132068000551704
-0.0114444895703006 -0.0569332262222921 0.062689376882366 -0.195415968834652
-0.0687165574485654 -0.0315953208712888 -0.00494873011662716 -0.172673018628105
-0.0861498166595727 0.00786422089098412 -0.0224385441873144 -0.13047935017284
-0.101556951420067 0.0185258257057315 0.00745488779641985 -0.103554749987009
-0.100818697181367 -0.00772667551684496 0.0447428235496932 -0.069105718599734
-0.102170348656838 -0.0420879911148074 0.0910330339156832 0.0417072951286205
-0.0433912310287423 -0.108115468058433 -0.0144556856756618 0.184999350567492
0.0502607013848597 -0.109952945605184 -0.23311164518718 0.198435886795952
0.130573014099018 -0.000890888368733852 -0.404230070055839 -0.100135784420089
0.0398223908209086 0.0740074695313846 -0.300141122230824 -0.391157526214819
-0.0490399956035649 0.0112019351491569 -0.0184630793958275 -0.414768868436735
-0.0722280785962647 -0.0626800346242767 0.0214604553661974 -0.187593857921622
-0.125410001282586 0.0287229543015397 0.00739267553125766 0.113979228457577
-0.00341408708642349 0.0553430951115586 0.159832504169616 0.0358057986787733
0.0561251919540521 -0.0128423039996542 0.146665848310122 -0.159843565085493
0.0111525411456769 -0.072796050523723 0.0286020369985409 -0.208799076247408
-0.069525241383419 -0.0478174826035637 -0.0495545191331415 -0.169593013073136
-0.0976037033632551 0.00958938024814006 -0.0683106996329336 -0.118402632735773
-0.117256688399661 0.0357260536750715 -0.0386462701895 -0.0947763964318538
-0.123721567803153 0.0155471064836955 -0.00339190012774441 -0.0669396853110822
-0.136215894445767 -0.0180472766055329 0.0427539118951338 0.0228742584007848
-0.085611949016972 -0.105294945736095 -0.0421626910270637 0.147109001079914
0.0200307195568392 -0.135532705676454 -0.224208691569855 0.152358989555228
0.135083909574614 -0.036426353218647 -0.369273602407715 -0.124301211223413
0.0606202727906517 0.0722965242480113 -0.269295237617947 -0.381927094599075
-0.0546747545033615 0.0293822475750823 0.00303163432054315 -0.38864767504655
-0.100444838078565 -0.0494116467408522 0.0522186377072495 -0.1520338878789
-0.123187171206123 0.0429109764441299 0.043219504295324 0.115054346403091
-0.00396942137173611 0.0748423718034323 0.183953498253576 0.0348080356478924
0.0757061898331125 0.00870990652715904 0.173553408441968 -0.167628143139445
0.0421454713772046 -0.0761795261775069 0.0410621538882745 -0.235722243268314
-0.0527616957037388 -0.0660586628424735 -0.0667371195615824 -0.19624731601448
-0.0939809341488208 0.00200323768183102 -0.104850629350312 -0.126467789823705
-0.115998501528296 0.0438263929361606 -0.0836483882278324 -0.0877048212565291
-0.127813359058095 0.0366609908748959 -0.0540351841808059 -0.0547440777278475
-0.149483412691618 0.0161545905853062 -0.0155996406246713 0.0150517132622266
-0.121431929134652 -0.0753121627233889 -0.078736498779839 0.122386001121097
-0.0296255182052565 -0.136429537897284 -0.222256406964388 0.132907356029154
0.108143782862689 -0.080089198737119 -0.356224297280454 -0.102274061530819
0.0808902842006037 0.0483093002527732 -0.281465587567501 -0.335013159073939
-0.0413736241702321 0.0499838985712063 -0.00609954605942442 -0.355829667235898
-0.114632599172494 -0.0191335230866483 0.0826900114118169 -0.121036078295201
-0.106530364717526 0.0452290957360455 0.0633158371766746 0.130256146841479
-0.0111521989992794 0.0815197493777222 0.202699910584465 0.0794900691532816
0.0778011503446782 0.0354982250907422 0.24179653333228 -0.132237045951826
0.0659356519687881 -0.0615083572827718 0.114383157051504 -0.255991681875509
-0.027544280613557 -0.0730801396644405 -0.0423376224205869 -0.24743260529759
-0.0778010055318786 -0.00575680739421154 -0.121734005794971 -0.157329340835457
-0.0990363936895964 0.0441425305511312 -0.121655207469076 -0.0844329954235431
-0.111059592330088 0.0509040935902375 -0.0990843272698466 -0.0337266372819215
-0.134942924178891 0.0469322448768338 -0.0695811025932045 0.0269386277053923
-0.129342635648651 -0.0283103754133616 -0.117421219430714 0.121022921496657
-0.0696813098086534 -0.104126949696669 -0.226654638194964 0.142936975101859
0.0614520050337311 -0.100015359331054 -0.354984578871881 -0.0421381234525311
0.0871566588851836 0.0170970941951953 -0.309655880069596 -0.257248456983763
-0.0158650519920757 0.0636406644213586 -0.033449930263224 -0.317368322160241
-0.106381668190482 0.0192256631304091 0.111629819456713 -0.103728836033481
-0.0761615545037438 0.0446778566950341 0.0641296350270692 0.156013698992955
-0.0142013925626756 0.0734710955283564 0.203577664031965 0.16360165924157
0.0605734768052685 0.0501591967691813 0.328770395975448 -0.04093326182036
0.0630057739094958 -0.0328133881233658 0.234235857136603 -0.248127995592306
-0.0087994891572197 -0.0568605360706012 0.0236682048785322 -0.30365080700871
-0.053903274255926 -0.00132987351442438 -0.118033415070937 -0.201094765152203
-0.0677118122294011 0.0440342169919174 -0.149508503132999 -0.0863682676526441
-0.0759087493926681 0.0570907631514549 -0.130133342586403 -0.00649618380838139
-0.0937536519254462 0.0624496433000271 -0.105737685764896 0.05283997900231
-0.101760857035497 0.0125077249801523 -0.137895894412488 0.138771879257963
-0.073364182796542 -0.0548414639055848 -0.218896691179258 0.173708773121654
0.0238028115619487 -0.0822978178757019 -0.339807532256985 0.0386531274311672
0.0760339312280522 -0.000635606775407997 -0.325190906839818 -0.157124949566819
0.00971778894890606 0.0639712308349595 -0.0670781139021955 -0.270709941315825
-0.0748780738096355 0.0497993247316311 0.131114711081845 -0.100582326379101
0.00674139042679695 -0.0674702599888208 -0.144934879238564 0.135149703608147
-0.0268326737726422 -0.0616527070231237 0.0754214520209646 0.248192646069403
-0.0411645782925055 0.00520438841154328 0.313057659894743 0.0726954072299036
0.00579039654789894 0.0478919299935303 0.291696882668448 -0.128706055826951
0.0578442871746932 0.00231355294958934 0.173258561546069 -0.201141660684267
0.0537214359389464 -0.038662865556292 0.0999046836442678 -0.160950662482287
0.0378286232487589 -0.0634890404547604 0.0896507975021474 -0.0774420987754025
0.0362291759591653 -0.0633479519688124 0.10964951547449 -0.0227115459382166
0.03618091837996 -0.0491636587780044 0.140889320903504 0.0749076862329316
0.041991159784606 -0.0208124654054566 0.0744628022849048 0.215480747898657
0.0201038838295721 0.00904297922616667 -0.0912621447608037 0.319339087425245
-0.0114353889466306 0.00797557329210976 -0.333181988026503 0.194836058296555
-0.0142931518597568 -0.0376380832145584 -0.396008052490222 -0.0720834142778674
0.0244871310312595 -0.0511800009360119 -0.229069506301941 -0.265639838581646
0.0386503163330705 -0.0392396830270263 -0.07994774508214 -0.206640989879569
-0.0427421295801339 -0.0511681879271046 -0.11675872699585 0.138417096304254
-0.0306342459849345 -0.0345682178961295 0.105489888346391 0.184869747603466
-0.0223910084956008 -0.0105484059931738 0.266623897855678 -0.0201978630759172
-0.00876218682059808 0.00295883666843224 0.212651716286213 -0.171740154171387
0.00113414394277771 -0.0165208393297433 0.117603842078789 -0.207047725226414
-0.00788196658969621 -0.0268315585871936 0.0703560921553722 -0.165510313806014
-0.0209150016578035 -0.0387672435168833 0.0785022351019048 -0.0989050378640128
-0.0154164307425739 -0.0492793940782787 0.104911689676206 -0.0467870223382032
-0.009874395942338 -0.0524474403990502 0.140458718511681 0.0710161882511377
0.0173964802347167 -0.0532296606807581 0.0443775466198879 0.230757334241307
0.0351950474783092 -0.0329701983148217 -0.171098858633703 0.310043929354115
0.0457634005308242 0.003533548027904 -0.417523834406111 0.0918995598267379
0.0111164996155764 0.00241082215394712 -0.408725740217566 -0.222622658180093
0.00127881851142672 -0.0254533817154023 -0.164120385590126 -0.362652790648734
-0.000321165519948461 -0.0482617816986509 -0.050058777833592 -0.221610414059292
-0.0831042665367412 -0.0216080490707771 -0.0776310029676345 0.134782404517516
-0.0220371756607887 -0.00320305948653114 0.126049555823637 0.120058331178751
0.00079029096628187 -0.0229487634813985 0.20685890706182 -0.0894077397563412
-0.0193415395506437 -0.0320803979346724 0.126483729102595 -0.188785863487635
-0.0460917371970642 -0.0216388715031655 0.0511710046550369 -0.191834937430079
-0.0565574989506827 -0.00443875593898649 0.0234147956979774 -0.152027803363144
-0.069052115338154 -0.0062651105505024 0.0464640153312413 -0.107323976244927
-0.0639524307974736 -0.0287134483025024 0.0814684166122397 -0.0630679752045449
-0.0583205002384112 -0.0512421014228688 0.124448187383478 0.0588011928691242
-0.0106539612227739 -0.0866901222896799 0.0163717082063582 0.219387728156798
0.0505868613623551 -0.074605306356362 -0.219172601913415 0.26439720196662
0.0986399136986882 0.0058887778320143 -0.436667107796238 -0.0143976903159216
0.0273166175030749 0.0458011241446248 -0.367949178993723 -0.333827446646475
-0.0271677632615711 -0.00563771999088522 -0.0893981044201221 -0.413118166966831
-0.0381992935267984 -0.0583366944884975 -0.0151242526706599 -0.215998110605263
-0.110554722415918 0.00893858590579893 -0.0323290695085485 0.122987060589892
-0.0104202259986391 0.0286054072572621 0.143034960590746 0.0650354950985383
0.0285547369474149 -0.0247763853583203 0.159172069866003 -0.136458873228414
-0.013264024678073 -0.0563243074657698 0.0577690712924204 -0.196540179464413
-0.0691765032171249 -0.0297036156945583 -0.00984790032618348 -0.171958777030901
-0.0854753031853081 0.00993412765207585 -0.0260626839701708 -0.130027427632145
-0.100607414197298 0.0209428523000259 0.00475211337700716 -0.103127397392663
-0.100757995934146 -0.00537627344006363 0.0424666298613686 -0.0698057002808621
-0.102680194427872 -0.0401331678494125 0.0913123419824757 0.03937336939618
-0.0460446642554267 -0.106457166654427 -0.00960971931953511 0.185237208887156
0.0475190314698322 -0.110568281083907 -0.227903835798969 0.203509838982773
0.130390030735706 -0.00412767144766545 -0.406374498564505 -0.0899935706460911
0.0410507207500178 0.0724879077573015 -0.307694486777687 -0.382667538198109
-0.0489356302975368 0.0120205149651186 -0.0289134600815592 -0.413333672207031
-0.0728733495388247 -0.0605045721955871 0.0182304802657614 -0.188892223157564
-0.124482172152951 0.0312789022607351 0.0103878187853994 0.114278474654887
-0.0023323364305894 0.054793464335869 0.160662502819458 0.0321186257154474
0.0555620086346366 -0.0140243542149347 0.142690304237653 -0.163904574098203
0.00964364959767808 -0.073233781963026 0.0229980489535724 -0.208926984549884
-0.0698811532829697 -0.0458979862251942 -0.0537879767117916 -0.168080548489764
-0.096736040885554 0.0121956127069065 -0.0711160719970094 -0.116675720943623
-0.115694844207191 0.0386460581404194 -0.0411226420946238 -0.0932048290996156
-0.123089624632267 0.0185458622001951 -0.00547858554702951 -0.0664473033398283
-0.135633564926756 -0.0149332324507663 0.0426887164134007 0.0219849266444104
-0.0878047701305872 -0.102685811643117 -0.0383781830297952 0.147830079249755
0.0163175899814754 -0.135496674913916 -0.220302194548368 0.156962922047526
0.133539111014716 -0.0399813863490511 -0.371583379115658 -0.115051468887706
0.0618833765905269 0.0709601988993403 -0.278703810873693 -0.3747521841106
-0.054091053682141 0.0305297077457633 -0.00607632065735641 -0.388590334823307
-0.100573049401882 -0.0467379521894437 0.0485116235205712 -0.153712902851264
-0.12152483267137 0.0453101713708454 0.0455310320204441 0.114378513409015
-0.00270130830717056 0.0748228486342266 0.184923370669749 0.0312887912492773
0.0754476022348019 0.00677241157005056 0.169150068858149 -0.171722992881495
0.0405321819651724 -0.0773081984959301 0.0353213470402199 -0.235880159822308
-0.054246023111315 -0.0645753140405865 -0.0711068905690843 -0.194373505345618
-0.0935923162949901 0.0046107789469392 -0.107458127887914 -0.123930060038598
-0.114359948604781 0.046981165749516 -0.0857200645007069 -0.0856191878327372
-0.126235730523818 0.040081478408344 -0.0557778217185022 -0.0532083368763781
-0.147979599187515 0.0201216564326015 -0.0155040299786621 0.0156797104305644
-0.123004199035736 -0.0716747733112602 -0.0752449573210089 0.124218059545604
-0.0334546879404639 -0.13509122800164 -0.218522665942523 0.137732645452789
0.105541077568735 -0.0830937880609452 -0.357714415835844 -0.0923359466543653
0.0820482707839437 0.0459690690147711 -0.289117898138294 -0.326944180994359
-0.0400171067855504 0.0504544826835047 -0.0154781934112469 -0.355829256565297
-0.114089746858597 -0.0156641351745759 0.0792746039477319 -0.12347534483797
-0.104924002577137 0.0471819168929699 0.0660986500614697 0.129218534595025
-0.00982054543561888 0.0817181057524539 0.204796524967787 0.0748664995690615
0.0786141498472157 0.0334164639497777 0.238211869143981 -0.137545259259843
0.0641807394615314 -0.0625674011251824 0.107169895916884 -0.25851078636429
-0.0289860084396618 -0.0722141421908574 -0.0477353765408875 -0.246178203801455
-0.0774324427472443 -0.00408488405140679 -0.125013388635266 -0.153733845163459
-0.0977570024966044 0.0468797090130912 -0.123109909102516 -0.081522690821024
-0.109068188477791 0.0533185171779376 -0.0998044564132579 -0.0306875044435208
-0.132491752414183 0.0502126764511332 -0.0694691266517924 0.0287379437970313
-0.129837704605031 -0.0241215685742878 -0.112845090083719 0.124373101465485
-0.0722561975789961 -0.102016426503389 -0.222152143070254 0.148257626436899
0.0583442842238128 -0.101513631650264 -0.355624689084416 -0.0322963472759625
0.0869417452989641 0.0147631000811081 -0.31587982381948 -0.248633099469799
-0.0143647822600452 0.0636726961900987 -0.0419355232037029 -0.316914944214247
-0.105341724768095 0.0217393876974456 0.108894337444744 -0.10673034859935
-0.0741315476501805 0.0466116156421559 0.0663731541392255 0.155656831016514
-0.0122542881136601 0.0733729679884336 0.206811684843437 0.159327558807579
0.0616771612691374 0.0482006082302867 0.32722052058763 -0.0482774714994689
0.0622359378112122 -0.0344777185443004 0.226476422231007 -0.252022866369154
-0.0104161823827171 -0.0564223532383786 0.0166274862939804 -0.303559086004008
-0.0534947901878167 0.000421882270589413 -0.123269378080499 -0.198168549441682
-0.0661817207963269 0.0458581145641189 -0.151403456431134 -0.0825871090350756
-0.0736048128189121 0.0586520337932713 -0.130108057923397 -0.00287213051655656
-0.0916439140146467 0.0650473516561452 -0.10440973318948 0.0558953979077837
-0.100829839247569 0.0149928154192668 -0.134106234966543 0.14301219866681
-0.0744633850365113 -0.0522328996683433 -0.214374315805573 0.178687663953251
0.0211941735299624 -0.0827703528915345 -0.33833732299435 0.0483558078681792
0.0756413769878924 -0.0032318947778799 -0.329260068545346 -0.147896163764898
0.0117132465142668 0.0636232942549276 -0.0739830972312289 -0.268999604474233
-0.0728682353280799 0.0510296622105348 0.127455483207986 -0.104393110657554
0.0051967231684005 -0.0672699306632311 -0.140856966915368 0.137186808677005
-0.0280542770770532 -0.0609949412543053 0.0809444519642427 0.245821659567374
-0.0405221351921913 0.0061615289084674 0.314325904847235 0.0639578869023697
0.00682142927451694 0.0477248073441462 0.287619151352864 -0.135779398980981
0.0573304887786267 0.001081567527881 0.167819582510168 -0.205288595336475
0.0524617337272902 -0.0399130350898548 0.0954874226032806 -0.16328215106813
0.0362824139498211 -0.064171032961584 0.0876227933751244 -0.0801574918573879
0.0345287699716522 -0.0644013093024925 0.10903075909275 -0.0254628233584543
0.0346596741105284 -0.0500008772773189 0.141492731215649 0.0716824486705497
0.0415749794973416 -0.0216385820834063 0.0782953479183949 0.213267908805786
0.0199947143387537 0.0084348075648986 -0.0840414653623823 0.320119758648264
-0.0106241306369055 0.00831752527330228 -0.328434208914906 0.200641045956112
-0.0151645681550039 -0.0371486918860421 -0.396644002087808 -0.0634452512919008
0.0230571163325442 -0.0511826200953852 -0.233838631420965 -0.261364223727133
0.0371519765655775 -0.0397123164215487 -0.0828005372748487 -0.205440396212048
-0.0432559799909296 -0.0497847637124423 -0.112767857154302 0.141443035648981
-0.0312819005106226 -0.0339002988865966 0.109176755489349 0.181739394808612
-0.0223019941603162 -0.00990018191551195 0.265684243378398 -0.0270144003628947
-0.00826738500197235 0.00318360298959208 0.207955993655165 -0.177395529058197
0.000762362303263335 -0.0166588602914861 0.111848821376122 -0.209682299849921
-0.00871645116470447 -0.0265306859904609 0.0664301490959684 -0.16650890955045
-0.0219133415166113 -0.0385175503552823 0.0764317772192608 -0.100957901767257
-0.016808412269354 -0.0496980812446562 0.103471872409345 -0.0488740213772331
-0.0110361080473669 -0.0521770915143324 0.140932848360287 0.0677235349293292
0.0164202221354097 -0.0537860578159671 0.049542532858005 0.229646478584031
0.0343601786615748 -0.0334193608002805 -0.163045374662044 0.31181186665545
0.0461197107696209 0.00247868036118962 -0.414138786046056 0.100736041355237
0.0107753776193645 0.00203490342654412 -0.410644667306001 -0.213696192144172
-0.00017227704066371 -0.0256840512128218 -0.17070575311951 -0.358477720152104
-0.00159936808098035 -0.0480519395863995 -0.0528540680952817 -0.220786697346895
-0.0830852370611418 -0.0202008449814535 -0.0739306116689202 0.136040555807662
-0.0219241716667219 -0.00332983874261237 0.127071571801216 0.11653915082675
-0.000290840299390006 -0.0227582465374157 0.203519293933473 -0.0943420949946712
-0.0202895324091358 -0.0309449279194936 0.121813050391309 -0.191259226786924
-0.0460216278746636 -0.0202748387253378 0.0455467206268753 -0.192736500661464
-0.0561436167776123 -0.00324197724001913 0.0204945211930323 -0.152251238761136
-0.0694437292336524 -0.0048602259182091 0.0435619184833331 -0.108078869871835
-0.0641729870105989 -0.0272691254548495 0.0793811124825048 -0.064824937879199
-0.0589190209391129 -0.050018485083268 0.124778202461067 0.055721221296282
-0.0127496255652366 -0.0855641801785843 0.0214675513411042 0.21881124738242
0.0487958360321702 -0.0752452065549433 -0.211638803011494 0.268047972450369
0.0982191764385073 0.00336262067744262 -0.435574105948288 -0.0044381486068995
0.027480683819252 0.0450631453198799 -0.372844742369201 -0.324761824950941
-0.0273632811141893 -0.00460695562395346 -0.0970315865092441 -0.410411370377212
-0.0394696085701365 -0.05725796922055 -0.0186026279237035 -0.2161582391957
-0.109720824141426 0.0112688319880355 -0.0292652032519523 0.123567243273656
-0.010010909338204 0.0281480462559143 0.143513057316569 0.0613799934345595
0.0280630098614498 -0.0251789349181799 0.155706210486726 -0.140033812717404
-0.0138727278189397 -0.0554038098467822 0.0530395544275427 -0.197055981614201
-0.0694520602228097 -0.0281809070549456 -0.014180514705497 -0.171542607858316
-0.0843985518840711 0.0123549655840473 -0.0287372225439524 -0.129794600276986
-0.0997336163433533 0.0231873868015034 0.00219139301842672 -0.102673283891996
-0.100656301235879 -0.00291415585709141 0.0408695224529998 -0.0708011649255734
-0.102798321794572 -0.0375337988936979 0.0916002530313394 0.0374151724025622
-0.0480944084266273 -0.105084952641444 -0.00607981162409463 0.184727512983271
0.0448783686965019 -0.110812407294094 -0.221933529752216 0.20782718151305
0.129581231161945 -0.00746270258437392 -0.407072150706422 -0.0800103292478567
0.0419938561453077 0.071381713777119 -0.313867018148969 -0.374272238409521
-0.0486656853306933 0.0131105446231694 -0.0364586706745908 -0.411896393686105
-0.0735264982534118 -0.0590618097542772 0.014610012307199 -0.189318606344683
-0.122970362601902 0.0336964346086127 0.0134559966294225 0.114165961454221
-0.00174511481123778 0.0544003590348124 0.161174658537933 0.0285696204019288
0.0548025699137428 -0.0155165726353358 0.138673288501563 -0.166689672739736
0.00822348449615881 -0.0730178421050323 0.0182227944122406 -0.209552817710534
-0.0708896660594321 -0.0439800496237003 -0.0568727669942267 -0.166842316941404
-0.0961460597825222 0.0146718244273749 -0.0739996852160878 -0.115135439996702
-0.113876395166441 0.0409500840445231 -0.0431185835152221 -0.0920923677094767
-0.121932164221737 0.0213345036130568 -0.00739075875786975 -0.0659150775072909
-0.135013679782905 -0.0120225564326503 0.0422088341013333 0.0207211947562395
-0.0898435267912883 -0.100593766479392 -0.0350858502359028 0.148388920516223
0.0130031852646299 -0.135147606299962 -0.215705019019303 0.161641824051345
0.132140034222585 -0.0424694188356674 -0.372738966833164 -0.105561782135221
0.0630022628526484 0.0692900498204821 -0.286310831714898 -0.366693605452512
-0.0534401932428494 0.0311806696138939 -0.0145765050566051 -0.387774341515877
-0.100528807875706 -0.0447732543698867 0.045437365078713 -0.154851366424834
-0.120059757125472 0.0474425150265982 0.0484233394996813 0.113903243897809
-0.00137642756326904 0.0739967095462725 0.184693153632783 0.0276833177561651
0.0754008660282258 0.00514058456736733 0.165040212598646 -0.175055296564113
0.038478544866705 -0.0778487849759323 0.0300652961732934 -0.235876361522809
-0.0556107160762553 -0.0633713127952809 -0.0746495542401644 -0.192030506762721
-0.0924027242707806 0.00675195963887707 -0.109797255423315 -0.121200999173631
-0.112534663644721 0.0486847817698152 -0.087209641194169 -0.0832471284514404
-0.124497200683339 0.0426993310846173 -0.0567867627220861 -0.0515404260794319
-0.146373691339564 0.0236063182358949 -0.0155699925475727 0.0164086849925319
-0.123867013236143 -0.0681643041474367 -0.0719115808514906 0.12572683344785
-0.0365670812076816 -0.134205728524328 -0.214383602858163 0.141594149160671
0.103078624115214 -0.0849248830835671 -0.358741206721591 -0.0835487590941162
0.0825630716667808 0.0435340504593048 -0.295642147231144 -0.31928148408454
-0.0392597215089786 0.0508762413879315 -0.0232617331697975 -0.354994069292106
-0.113624330539442 -0.0135077747388201 0.0761097113978317 -0.125552710769067
-0.102732416746814 0.0496232752433978 0.0684839837406357 0.128484246987598
-0.00818499606658531 0.081590602488443 0.20609722325132 0.0708949785409297
0.0789591048487432 0.0313640689992769 0.234572858988787 -0.142587451197809
0.0620713658627398 -0.0638060933734841 0.102006259483329 -0.260176094331897
-0.0309041338673773 -0.0712154674152598 -0.0532898976458947 -0.244156870373079
-0.0768942072704202 -0.00176033560992483 -0.128269653162195 -0.150798117775611
-0.0953234061101596 0.0490695288645435 -0.124751645492724 -0.0780665650092063
-0.10714889527345 0.0562329874550852 -0.100474451063418 -0.028531709566233
-0.130211413331313 0.0534472281641428 -0.0692231875515213 0.0305937360121727
-0.129677105447308 -0.021189836466158 -0.110324828671329 0.126860497667254
-0.0743667772137896 -0.0998897803161518 -0.218458179993347 0.152804415857317
0.0552472010782062 -0.102788972333966 -0.35526938430255 -0.0230351202357217
0.0868303691843065 0.0122614443817572 -0.321291763720896 -0.239503043688903
-0.0127154111765309 0.0636559522592121 -0.048902646663408 -0.315294426272065
-0.103349092109951 0.0239790346793144 0.105546450410529 -0.108744199599811
-0.0728218605491207 0.0480751232032268 0.0688773814059119 0.154717829355854
-0.0106791407735863 0.0730637305841066 0.209637809659308 0.155628232070929
0.0628717418091577 0.046352711523268 0.32484932016119 -0.055318508753989
0.0605714027285279 -0.0359794164959599 0.221505543937046 -0.256740706907746
-0.011784181832447 -0.0564538640490611 0.00950896036942117 -0.303205112415156
-0.0534725085872757 0.00172814694179453 -0.126486583779391 -0.195024959732349
-0.0642444993755288 0.0469419205941483 -0.152408339713069 -0.0789054731098285
-0.0718115928089467 0.060120315094611 -0.12990521839476 6.07315865442189E-05
-0.0890296444401483 0.0669307937161522 -0.103284288382209 0.0586851635782084
-0.100098602254414 0.0175332458684473 -0.130041625492931 0.146119753315837
-0.0757356852999621 -0.0502780132478198 -0.208622192038681 0.183483131279137
0.0191304321593506 -0.0828423950346508 -0.33577570352854 0.0563254171753736
0.075038150141987 -0.00530786707805495 -0.331538948611946 -0.139289811275724
0.0125407065889298 0.0629135736696842 -0.080178775367463 -0.266450954170171
-0.0712569434434755 0.0526711920115256 0.124458280170488 -0.106807669013628
0.00353792142318486 -0.0667517784864879 -0.136631768990642 0.13892517667771
-0.0292729991476987 -0.0599817650004432 0.0850132603329126 0.2421084654263
-0.0406148638696111 0.00704102336697746 0.314077513092594 0.0571452902868761
0.00803434950212403 0.0471474917775191 0.283214049616718 -0.141355863649007
0.0569157975135237 -0.000741452290516198 0.162609196483818 -0.208543087836861
0.0510101097637294 -0.0412084963051587 0.0915111571129488 -0.165198787105889
0.0346486128411679 -0.0650442612451388 0.0854236329888936 -0.0816552502401962
0.03289059901819 -0.0649482699115984 0.107848887001517 -0.0275913981826821
0.0337026464535719 -0.0506701853314929 0.141585425186641 0.0680908755386809
0.0409366975529577 -0.0224487947964062 0.0818691500454486 0.210780345447085
0.0205647445102794 0.00852235374522681 -0.0773409657508947 0.31916745541094
-0.0103119159741991 0.00849099883861996 -0.323019518842714 0.205684745716192
-0.0160232116020355 -0.0360311503823003 -0.395182569690608 -0.0561748207667452
0.0219374357279958 -0.0511604499534689 -0.237140583519537 -0.256140850006254
0.0353644302269565 -0.039977434992318 -0.0858628442989713 -0.203357193923196
-0.0442304156015133 -0.0488041077838081 -0.108773776690866 0.141949859804603
-0.0323935866750669 -0.0331221071339835 0.112031432395475 0.178738791965638
-0.0230270082929042 -0.00916184321612502 0.263445535355133 -0.0330116774295889
-0.00760961038166465 0.00362335930406404 0.20202977462498 -0.180967673881417
0.000178011651866242 -0.0161699296586211 0.10664991930513 -0.211583019642097
-0.00865262926020113 -0.0263637068360394 0.0616714019591761 -0.167694391812743
-0.0227925970987027 -0.0377690503270118 0.0740088311847925 -0.102139878018493
-0.0180000844675351 -0.0490085984301609 0.101811572420252 -0.0506884030905394
-0.0115703670082062 -0.0518124841967256 0.141405372393439 0.0642734370300182
0.0153173996987719 -0.0540031324182707 0.0541876264775026 0.227221166193976
0.0338088076330236 -0.0340666637659509 -0.156749201800464 0.313396361702238
0.0456064909136452 0.00173965048439431 -0.410102196273701 0.107301633220563
0.0102940579126247 0.00258933045223065 -0.413236152480924 -0.2047656335575
-0.000967410786902274 -0.0251231418838984 -0.175752114959348 -0.354558608760281
-0.00249172903596731 -0.048017399760253 -0.0563804171318427 -0.219519389768155
-0.0827844252396435 -0.0185570404916072 -0.0704066931559564 0.136390445874364
-0.0224460568623191 -0.00233519992242014 0.129633228962158 0.113407690901737
-0.000925541897685673 -0.0231554865452298 0.20100880227747 -0.0984692323117185
-0.0205183615092696 -0.0301321373572618 0.116904117777292 -0.193413212269642
-0.0466635182682614 -0.0190603285865594 0.0421388270175485 -0.193115337936436
-0.0557099915091699 -0.00234533164613398 0.0166724868405326 -0.152339798929867
-0.0684635315657292 -0.00320501393529012 0.041263697949497 -0.108692254079589
-0.0646311313254636 -0.0261661260037431 0.07747620414243 -0.0656763424127951
-0.0593908866704317 -0.0487652384991985 0.125133144669929 0.0531651007352711
-0.0141586728965322 -0.0857030712496333 0.02553716606805 0.217385681641411
0.047290041194968 -0.0758278455624326 -0.205494085216432 0.270499080769197
0.0980500775051168 0.00154056011751706 -0.433177375138974 0.00366912536064926
0.0284865080425052 0.0446518342393027 -0.377152291102056 -0.317167123292463
-0.0279478727487744 -0.00420957554868123 -0.104601774403843 -0.40708707873524
-0.0400364914047557 -0.0562174649584445 -0.0222009680448066 -0.214882882191292
-0.109132887438128 0.0130538007647864 -0.0264083664718277 0.124419736553534
-0.00940063933216845 0.0281762554705049 0.144001361009442 0.0583452161421741
0.0263978330507357 -0.025775768742078 0.151608193693424 -0.143020546234399
-0.0151758906956942 -0.0551199662299893 0.0480178393188147 -0.197738225969559
-0.0694511381836581 -0.0263003321965816 -0.0174470927676448 -0.170452703934774
-0.0839066204506146 0.0140336533515517 -0.0314375088603916 -0.128331248856753
-0.0984145714619994 0.0247990131627459 0.000194504017560646 -0.10231498397867
-0.10031183166544 -0.001525440718469 0.0388615261519528 -0.0706961306472662
-0.102583139935425 -0.035543397699188 0.0909708734937138 0.0349621136278687
-0.0501641944177016 -0.103875974314516 -0.00201354278155422 0.184000615103787
0.0423801993657685 -0.110792051613774 -0.216220802090039 0.21064075098182
0.128551904823208 -0.00982535529087921 -0.405974003034142 -0.072329190289744
0.0429679061892717 0.0698342204859861 -0.321208511156201 -0.366386208436016
-0.0487210177947893 0.0136394149604274 -0.0438145298297455 -0.409448550080339
-0.0738701085286772 -0.0575007943212774 0.0117110802004663 -0.189417334248736
-0.121633827490353 0.0354139873767229 0.0155562549613893 0.11414165094718
-0.00123100800441141 0.054334792056622 0.160828355516473 0.0259499590936018
0.0538932727725839 -0.0166944769857008 0.134420386477738 -0.169147375014596
0.00651324473361686 -0.072773900070364 0.0134963724110654 -0.208582790725557
-0.0712979229442659 -0.0425780078181201 -0.0595083659820972 -0.164678492073465
-0.0948284906605203 0.0164407559714308 -0.0750492669135871 -0.113163115287832
-0.112083431210245 0.0432997098543342 -0.0446841873922744 -0.0910468449075376
-0.120578182852063 0.0234971769639193 -0.00864317528667421 -0.065249878299896
-0.134335049043994 -0.00907306913309106 0.0418464607692393 0.0199062183111705
-0.09127879443652 -0.0977320139086047 -0.0315853227259022 0.14832574368423
0.0102000031903621 -0.134412964926863 -0.211127107325495 0.164716398425919
0.130243308714221 -0.0451398747977171 -0.373338898217085 -0.0975959236780259
0.0635650636819953 0.0672034151932649 -0.291334721980477 -0.358883532264055
-0.0525172428855664 0.032130993675411 -0.0219406527251884 -0.386106834177296
-0.100040516637093 -0.0425981523357121 0.0424192694440353 -0.155663331095065
-0.117787500238791 0.0494170912938857 0.0497301290498294 0.112731053694584
-0.000465319007545217 0.0736017623864765 0.184324197779033 0.0246884144728595
0.0746779388931574 0.00377000867026148 0.160758995721918 -0.177476780393431
0.0367516196518007 -0.0784023396469392 0.0248320691847178 -0.2353745936877
-0.0566495575661448 -0.0617487212672508 -0.0774905087864227 -0.18976695898388
-0.0920995263570387 0.00827185686283569 -0.11135278838925 -0.118347446073699
-0.110297750292986 0.0508272186678103 -0.0889711558342133 -0.0807177904207221
-0.122393726956209 0.0451513545349649 -0.058076239422721 -0.0498293824816899
-0.144572402019255 0.0263795955793228 -0.0158447491473858 0.0168260617827085
-0.124871076197637 -0.0651380380331586 -0.0686273958236769 0.127323959584503
-0.0392108193794386 -0.131787602377648 -0.209845513994049 0.145538503628563
0.100783553970291 -0.0867746745301996 -0.359064514767713 -0.0759892581323484
0.0824495893796075 0.0413039858300286 -0.30038105779555 -0.311367163776107
-0.0379751278512487 0.0513164086209172 -0.0297063728517969 -0.352879755784859
-0.111955220676787 -0.0113943498744779 0.0731062747734212 -0.127215166511727
-0.101144379128011 0.0508659968989674 0.0701853445665295 0.127117241063849
-0.00653809631466856 0.0806334894802372 0.206376878193112 0.0674499581762618
0.0787239411510985 0.029311207660761 0.230264184470026 -0.146146137357082
0.0604660609166126 -0.0650149124252063 0.096199529986515 -0.260473771280471
-0.0319994909239478 -0.0705647010836256 -0.0567568027467128 -0.241800165467586
-0.076315504502769 -9.01654567776536E-05 -0.129558754039845 -0.147369732081287
-0.0932822001672957 0.0505134966474819 -0.125864256782763 -0.0756970786303787
-0.105377645589681 0.0580508402039289 -0.100311789942195 -0.0258564728250962
-0.127852516490237 0.0561855929681199 -0.0683679433312685 0.0320350927410558
-0.129347915658391 -0.0178770594289787 -0.106580130965249 0.12894595234262
-0.0765023510095978 -0.0973809211806646 -0.213655078799086 0.156876716786469
0.0529435620425727 -0.103263742867402 -0.353678725152921 -0.0157960552570336
0.0864125931261231 0.0102709919829035 -0.324297941129231 -0.232154680920308
-0.0120514616294883 0.0634609503667241 -0.0552640460871422 -0.313031481773309
-0.101682492015522 0.0255601413695056 0.102431508861928 -0.111015048349558
-0.0707351783141134 0.0494890675560336 0.0713036262449027 0.153614395036433
-0.00915038226062239 0.0728176320861997 0.211711643578361 0.151929021164171
0.063448229041595 0.0445546849641563 0.322560315777113 -0.060745287846931
0.0596622712939933 -0.0373347180615767 0.214395895313089 -0.260030951426394
-0.0129013806170937 -0.05560809019275 0.00444676838892502 -0.301817924644285
-0.0530296574827051 0.00288491776499596 -0.129486754195877 -0.191670403341784
-0.0628009861545832 0.0486030498436807 -0.152598244582505 -0.0754752325088515
-0.0696516914422072 0.0617865974402178 -0.129429603985984 0.00266413802487847
-0.086318246597823 0.0686807689872475 -0.101253610126946 0.0601537931985277
-0.0992633810681302 0.0204399416193971 -0.125555427476623 0.148414814881299
-0.0765132914057565 -0.0479992239839954 -0.203591611053182 0.187234866849607
0.0170867498402007 -0.0826740976081037 -0.332936803279238 0.0638074213280243
0.0743846293379916 -0.00683993476421619 -0.331978555697167 -0.131399044064843
0.0134170324616702 0.0620426055463775 -0.0848671673466424 -0.263907747167082
-0.0691526674302612 0.0541222805930117 0.121047215051407 -0.109317642272192
-0.00487209627260935 -0.061116547684401 -0.109159095682137 0.155981294031384
-0.031837565614818 -0.0541715099032971 0.12513343504593 0.223295383577988
-0.0348145048501571 0.0073534424656955 0.317034836107788 0.00438439274940098
0.0141739005277025 0.0368805973730749 0.257841238199072 -0.1824066157702
0.0514792075657029 -0.0128692035622307 0.131377718860662 -0.233397291998654
0.0422782792958092 -0.0480265118667246 0.0676867389642575 -0.180961635753506
0.0240443650252519 -0.0695553498335218 0.0773061652741488 -0.0972409925085271
0.0241056492373478 -0.0688356372510661 0.103529546543512 -0.0433655656399014
0.0273160706576954 -0.0554272896457038 0.152890478698231 0.0471753875954387
0.0390622654409946 -0.0265146506523357 0.117123894045222 0.197559797215682
0.0220484346855372 0.00924949447356024 -0.0241730019478189 0.329700999149416
-0.0133978167927231 0.0124315246072471 -0.285421151873045 0.254411938968489
-0.0231272821644419 -0.0345005287139512 -0.399851086459417 0.00877802902748528
0.0112309378183572 -0.0575548666170863 -0.27412546024865 -0.210993674903023
0.0278534502827686 -0.0460111297537007 -0.112606269227965 -0.187829733950692
-0.0485190715287933 -0.0385540097455478 -0.0843174868199633 0.154819778313188
-0.0324543877756015 -0.0287876126952774 0.140047316611344 0.156499549813171
-0.0221067732068217 -0.0106010404097178 0.253321731920282 -0.0766241838928789
-0.00907847117329956 -0.00104383773443008 0.171542660759572 -0.211820678325201
-0.00620701943308925 -0.0190093306853179 0.071475688697474 -0.228904911555706
-0.0142385758678951 -0.0254644534511948 0.035463145513336 -0.178848650813281
-0.0279890136128684 -0.0348792616562679 0.0595843870450994 -0.116207966064838
-0.0235452323482589 -0.047210947451389 0.0934763100429542 -0.0661942599949758
-0.0174619113001034 -0.0513250700606261 0.151671663565961 0.0424349780818835
0.00877371354519118 -0.0541601408444584 0.0931254912389688 0.217981581471238
0.0302578106164733 -0.033537312397346 -0.104324586601463 0.336465854476963
0.0403984532240666 -0.00350282984851448 -0.388092065619666 0.172044958219817
0.00673309961559276 -0.00128691401895677 -0.440941614987249 -0.133964540118356
-0.00548864051259306 -0.0301344800360173 -0.230545896641421 -0.317793405322449
-0.0104858015327421 -0.0500005383511233 -0.0858963980201847 -0.208635826335553
-0.0820455766324921 -0.00526578312561846 -0.0491765189328954 0.144890205365847
-0.0196707027266023 -0.00132498008355747 0.146472171313017 0.0901003567667381
-0.00437264256980897 -0.0260199964432478 0.182374886018943 -0.132198529931383
-0.0277012619455517 -0.029689206296503 0.0851565612687463 -0.214250311255881
-0.051100323006693 -0.0135428330208386 0.00673465362294185 -0.200998213221366
-0.0569416200090001 0.00506214833400827 -0.00960116802093704 -0.155245601360887
-0.0679554722955582 0.00510662258539815 0.0229068056765218 -0.117725728901715
-0.0670695487565852 -0.0187226813642466 0.0664323739822586 -0.0773698721428645
-0.06285076734016 -0.0421615246470147 0.134044440121493 0.0335753565933293
-0.0244482520821368 -0.0809801518225715 0.0639640535547781 0.212330131250071
0.0372995728400995 -0.0761148602183764 -0.157619550911399 0.311244810945682
0.0914951195586523 -0.0117791947025164 -0.428952748454373 0.0738448037875531
0.0294847658266789 0.0365559382676256 -0.424896123834924 -0.249544306655903
-0.0282512575201401 -0.00666509735547122 -0.168507993040164 -0.382136778919137
-0.0479076582285216 -0.0540779630463133 -0.051143549475496 -0.209760290578596
-0.102806228767046 0.0276027069595965 -0.00945877603859656 0.126914114597244
-0.00475193666382233 0.0265131993794459 0.151991281976616 0.034960765739901
0.0203693882582778 -0.0315705173355744 0.129120777417824 -0.167275401311598
-0.0264754984965834 -0.0528624574564005 0.017458131159786 -0.209005197037497
-0.0744461218253981 -0.0164416969438075 -0.0495788723622457 -0.169071016871833
-0.081804605290403 0.0249434386847592 -0.0550256686029138 -0.123337000473709
-0.0931115929274065 0.0376492415501214 -0.0195662477148521 -0.105041941142772
-0.0989035700574329 0.0101655755697269 0.0271862438904547 -0.0768029128820893
-0.105100911864572 -0.0224785238569809 0.0984915861921065 0.0199970339327314
-0.0623188867360396 -0.0942053300118518 0.031942554806465 0.183452092351036
0.0288052196318266 -0.110614826152613 -0.179573627117429 0.244834326680741
0.120633204092917 -0.0281676912579712 -0.414647325019021 -0.00449374959652576
0.0475425007430107 0.0595339084238265 -0.377718283525192 -0.307706799378083
-0.045004537307099 0.0139476715150018 -0.110587002368591 -0.396283497679114
-0.0805231066039943 -0.0510337764649288 -0.0145439531740023 -0.188891342994042
-0.111899944986342 0.0500260038956991 0.028934991760643 0.11053994204945
0.00664557771035955 0.049631490128529 0.163903436315228 0.00126687647072043
0.0474740595381145 -0.0267387620807655 0.109588136697431 -0.189518047992397
-0.00852880703528272 -0.072182837450772 -0.0163120067268625 -0.214403159803082
-0.0784061482865168 -0.0312636314559449 -0.0902024740281613 -0.157650465335118
-0.0921757773893469 0.029206417801959 -0.0973607581587372 -0.100868434144681
-0.103478767312399 0.0577024985084596 -0.0643631692927353 -0.0861972007199443
-0.116147738877463 0.0375944596341554 -0.0200381394841072 -0.0641694818748728
-0.132346474838095 0.00861376655794668 0.0472318036749373 0.0118032658203542
-0.102755326987193 -0.0830073003984405 -0.00308018774937391 0.151842600084226
-0.00574814836739211 -0.130167685018522 -0.181282581171605 0.198549378178644
0.117961904498008 -0.0636439702008753 -0.386131315162864 -0.0342419925771159
0.0670789969166392 0.054220180356962 -0.347187376365706 -0.30539601505562
-0.0462255276083158 0.0325992431265051 -0.0851214696053375 -0.37577088163948
-0.104441083667161 -0.0329336651251979 0.0200811966917902 -0.160584730630542
-0.105932617450635 0.0629632595031005 0.0625077484566085 0.104738414330369
0.0104850769372099 0.0679144528381579 0.187423599476927 -0.00293874371846467
0.0703979802959134 -0.0107884778555626 0.135685425483022 -0.200200167523792
0.0189266730337916 -0.0827875792192453 -0.00704253609180259 -0.241970623453358
-0.0674999481421384 -0.0514863697672188 -0.110823573886106 -0.180760004088218
-0.0901775501263346 0.0213439795310933 -0.133014175125896 -0.100867314209258
-0.10073058915223 0.0654716211370046 -0.107293784906604 -0.0692527399539036
-0.115400251102581 0.0589569805558075 -0.0666587374123028 -0.0413156547689618
-0.138864159553319 0.0450946459780879 -0.0115372586568566 0.0175446181380007
-0.13157199007722 -0.0459287308352987 -0.0448257941993364 0.135394586479346
-0.0540738591767139 -0.122280756142722 -0.18337810391161 0.179149497835848
0.0830792209653732 -0.100620975795942 -0.367306632570766 -0.0141703553678718
0.0823697100588737 0.0270187950974517 -0.347847726146584 -0.255663388464785
-0.0292088658327961 0.0498119420558924 -0.0894230765370705 -0.342560049351082
-0.111628690038653 -0.000176984925068985 0.0536880992640411 -0.136457332320653
-0.0886786245492604 0.062517129838405 0.0853199845431398 0.115768557061205
0.00666901728380668 0.0752094416791018 0.215645020176964 0.0367139442440683
0.0788792691778673 0.0129828209071184 0.209396293335868 -0.178449218395873
0.0435499681774051 -0.0746034233089096 0.0608372904504967 -0.276504474432735
-0.0461969191468154 -0.06396050551458 -0.096408110109058 -0.236197855615678
-0.0766290850059857 0.0115271796832951 -0.155957630867982 -0.127315667232103
-0.0845261789165993 0.0631793187941996 -0.142484592264545 -0.0578503230075151
-0.0969244015611889 0.0699173414262966 -0.10472042652623 -0.0106654976465108
-0.117731126898219 0.07308978939526 -0.0624066136691068 0.0409064048147146
-0.130101975167514 0.00157220198459125 -0.0826050545036857 0.143497115011245
-0.0865551274139811 -0.0840752816982959 -0.184835921684359 0.190754880795881
0.0338272367984908 -0.109792304899397 -0.35120999570843 0.0450398297488674
0.0821812177137509 -0.00295860094895682 -0.358047776453149 -0.173243458082796
-0.00307402606129367 0.0585405406398882 -0.107627333392544 -0.298594393283313
-0.096454515305251 0.0355035291298239 0.0843016843580867 -0.125194568524607
-0.0593197047060363 0.05772921279065 0.09232463258134 0.141606851723155
0.00488014698827846 0.0685065048075737 0.234686792705915 0.118914066434526
0.0680444037950336 0.0281020746762913 0.312720523602977 -0.107279297012255
0.0480044813945825 -0.0505940266711389 0.178628797344395 -0.292033600663806
-0.0263426752630313 -0.0539224361231787 -0.0440491069457705 -0.304396793607064
-0.0541663567193928 0.0115676773879755 -0.160000564144354 -0.171472772496456
-0.0553187745312208 0.0573722947813716 -0.168434429724178 -0.0537395017565203
-0.0610893485819437 0.0699752955211829 -0.129171563824252 0.0221491486104493
-0.0752987752363207 0.0802783534468368 -0.0915573730748041 0.0749513790093185
-0.0948555792867522 0.0356055655150244 -0.0996650700282945 0.16657930170509
-0.0805511154758916 -0.0357815341949325 -0.169652955948451 0.220022139761221
0.00137952791116328 -0.0840738577401771 -0.316892302157201 0.118629629456419
0.0686924174160505 -0.0174831322955083 -0.348223451126218 -0.0738354400334378
0.0217480816754221 0.0546856905198768 -0.128931916898568 -0.244642335529509
-0.0604913038176611 0.0598414852477043 0.102040977148637 -0.125732474323761
-0.00593818629636562 -0.0604348400122529 -0.105687934928731 0.156448851448394
-0.0326365986843566 -0.0530451712676438 0.127649518745152 0.219269044142209
-0.0343220556151847 0.00782827756518299 0.315047585199356 -0.000493145499836472
0.0143992460483556 0.0368899475588635 0.253041562016658 -0.185865615162286
0.0509429484976426 -0.0137426804931163 0.126266881857505 -0.234385633047804
0.0414813654652946 -0.0487301591304891 0.063986809373424 -0.18189039807433
0.0222491496526601 -0.069300032465596 0.075146802591021 -0.0982662170241564
0.022842369632404 -0.0688039412839805 0.102317852432002 -0.0446744119938885
0.02629053955012 -0.0561984733431766 0.151276442972939 0.0449017176877311
0.0382171069908284 -0.0270070410714607 0.118934586378108 0.195169448811095
0.0225094590811657 0.00848689792972448 -0.019879441468184 0.327405229418222
-0.0129549656994068 0.0121389127692102 -0.280770287512767 0.256268480293087
-0.0238792375615485 -0.0337613164219579 -0.397176922527581 0.013675015785869
0.0103331734665327 -0.0569602737488599 -0.275486553981703 -0.206707006914116
0.0270876153777646 -0.0457956289457747 -0.114106233991841 -0.186201380283167
-0.0486456375851789 -0.0378524269698509 -0.0804397279149762 0.154817139152112
-0.0329085249025923 -0.028203700288418 0.141371129631933 0.1531772627859
-0.0222178579120559 -0.00998303651434021 0.250563310129381 -0.0807033101444572
-0.00897651411860347 -0.000749523041185382 0.167279576490476 -0.214088214078652
-0.00642954379755308 -0.0189572359693305 0.0670820267192948 -0.229221287411654
-0.0141634972942472 -0.025374835972916 0.0319668097312916 -0.178751272028116
-0.028267252550145 -0.0345881444169737 0.0571461791157139 -0.116939756978024
-0.0243528292453658 -0.0466921724655058 0.0920159680117528 -0.0671566267284111
-0.0184174321314657 -0.0508595042406737 0.151150150701261 0.040188120072119
0.00854933414499657 -0.053808506776103 0.0943605596547447 0.215991709064232
0.02935868250299 -0.0336283315294007 -0.0985467277485497 0.335313255684221
0.040251756851991 -0.00384105977823211 -0.383432971658616 0.176252798748265
0.00668603210252907 -0.00113829590884602 -0.440380429110903 -0.128311418385243
-0.00655334664995517 -0.0299632457212786 -0.233567841158995 -0.313076682191351
-0.0111339397241229 -0.049557495759584 -0.0876523325131642 -0.20724616233035
-0.0816523967622782 -0.00439470449456761 -0.0466524000083399 0.14413131730777
-0.0200675974453513 -0.000930715908656768 0.146672652760759 0.0874310917928417
-0.00506184647845286 -0.0256438298951462 0.179084827686101 -0.134371150448263
-0.0277102294463951 -0.0286040938126475 0.0806760447246113 -0.215066870498109
-0.0508752478689895 -0.0130505136290635 0.0036786642548184 -0.200453631104276
-0.0565485065228072 0.00622418838230424 -0.0121960090780664 -0.154466342220663
-0.0675654922324263 0.00580130207349349 0.0209694721478539 -0.117158427581575
-0.0668223903540688 -0.0178151985505962 0.0647093157905143 -0.0777308250530132
-0.0641882479639118 -0.0406310349796227 0.133658367440423 0.0308920477126378
-0.0252642027037458 -0.0797977876723191 0.0668730463195489 0.210520537002896
0.0363313124325867 -0.0760693535119932 -0.153093161394303 0.302720344025323
0.0903657988282187 -0.0131201672314043 -0.424864638028009 0.0794766575386157
0.0297420153826862 0.0360829616701162 -0.426265773410071 -0.242483491499836
-0.0288312605414331 -0.00653823113995406 -0.172536980542146 -0.378491182593187
-0.0481263937980382 -0.0532191246367607 -0.0533635347270463 -0.208465076799908
-0.101699823079138 0.0283954325122487 -0.0076252910910382 0.125747658446565
-0.00465577486833866 0.0258379496381795 0.151980615500016 0.0327224652461589
0.0193432964604646 -0.0317591510164581 0.125438163562143 -0.168532210281624
-0.0268849858716898 -0.0521138434357561 0.014431623170977 -0.208036999029032
-0.0741741317867176 -0.0150049651686473 -0.0516174874062653 -0.167687916605887
-0.0806735543284039 0.0259532144177046 -0.0563501389823294 -0.121730121830653
-0.0916778871083672 0.0386076100909551 -0.021501579245468 -0.103975280083421
-0.0982207585699156 0.0112665543777448 0.0253865933634666 -0.0765614663988286
-0.104512913473408 -0.020800276454599 0.0980027276512399 0.018360135624065
-0.0632659804731017 -0.0925743638644527 0.034810604065509 0.181845642106473
0.0269931871251906 -0.110013247146006 -0.174490573988471 0.245967018195087
0.119361585859279 -0.0297750637868458 -0.412690922975693 0.001326028411292
0.0476742443593961 0.0581969043947404 -0.37900554074002 -0.300577385651435
-0.0448750045174977 0.0141292742130822 -0.11529140909859 -0.391655882799884
-0.0805419676066759 -0.0496989204178379 -0.0157332185239986 -0.188468011250421
-0.110132373315153 0.0512984829858099 0.0304063997204216 0.109952068528891
0.00704536660547233 0.0491176475114765 0.162839164395991 -0.00106731086008167
0.0464757344713318 -0.0268478451190227 0.105801528908959 -0.190244240029958
-0.00949421525219278 -0.0720573653576536 -0.0193012561405457 -0.213023509478316
-0.0781255006978776 -0.0296297054656458 -0.091964293202626 -0.15562156124125
-0.0906056513799203 0.0302835917766348 -0.0976395938384534 -0.0992553829465884
-0.101954825684164 0.0583889362711744 -0.0652554368473856 -0.0845644020058378
-0.114360211794874 0.0388755463928117 -0.0209278666315823 -0.0631488888094752
-0.131212804158702 0.0103896979325289 0.0468030179148873 0.0112408319576437
-0.103360246474753 -0.0808382298045364 -0.000608245038792559 0.151144689587061
-0.00775227602519972 -0.129270628440069 -0.177511091226697 0.199659812235408
0.116128509504291 -0.0649262059695579 -0.384735601812181 -0.0281836427769547
0.067107113085933 0.0523248006896706 -0.350207097293093 -0.297056086225521
-0.0455180417513513 0.0330112659301999 -0.0898415554049275 -0.372655773930047
-0.103222464150348 -0.0317450360748159 0.0178880284953206 -0.160259261801485
-0.104108945448338 0.0636910338501089 0.0643037070071611 0.103908816093677
0.0111044397908107 0.067152232553511 0.186148406281814 -0.0051554589410194
0.0691383735246461 -0.0115766033806803 0.132026535002264 -0.201019999103914
0.0173379521413805 -0.0824242168512684 -0.00997059566193286 -0.240604096963077
-0.0674130472294408 -0.0503890066377935 -0.112734578736392 -0.178070662957357
-0.0890550862246483 0.0227691125097514 -0.133668652214997 -0.0987026055360157
-0.0988174052944742 0.066780186560307 -0.107515649702682 -0.0671429654504544
-0.113541701409049 0.0603564110806855 -0.067039056931485 -0.0397188477690238
-0.136306797657992 0.047085100493727 -0.0118211587148957 0.0175577463392049
-0.131342932228802 -0.0432888212329156 -0.041918918118389 0.135694413463422
-0.0554790895219401 -0.120228002593176 -0.179367319789839 0.180639076447643
0.0808444605097615 -0.101416589762453 -0.365578814035151 -0.00748215747893174
0.0824131092125991 0.0255184041875181 -0.349283011856298 -0.248447651352842
-0.0287785844920509 0.0495832816532724 -0.0935972380359184 -0.339836755217633
-0.110334067263283 0.0011077001678483 0.0516199878844106 -0.137182936338956
-0.08706360858003 0.0631156969384214 0.0870460814383387 0.114724075462648
0.00774000222539099 0.074668813457344 0.215021928364521 0.0341526175654829
0.0782922140606447 0.0109028586433291 0.205821157124799 -0.180049227943974
0.042275960853423 -0.0752365459402123 0.0570781634868347 -0.275884771389348
-0.0467871461478751 -0.0628030664898867 -0.0990079021536662 -0.233268813096598
-0.0755947464437732 0.0126484670370295 -0.156058612263116 -0.125194072567247
-0.082047842027941 0.0641658363663232 -0.142851090811498 -0.0557589901682309
-0.0940477739550812 0.0710534590682459 -0.104863121897244 -0.00892108668145023
-0.115283124234682 0.0746070623944852 -0.0615419271755458 0.0420008107181258
-0.129195232999729 0.00379532435702238 -0.0793365342886581 0.144104034245823
-0.0874148649047344 -0.0821138038650239 -0.180406375611264 0.192551188726665
0.0314830300658348 -0.109437025746239 -0.349328829505919 0.0499314242763999
0.0813748682312536 -0.00458929844470087 -0.35804756734257 -0.167012057428686
-0.00199765231894999 0.0580331223934569 -0.111628524706488 -0.295743259067555
-0.0947648823052472 0.0361996001910435 0.0814928790761934 -0.125685095907574
-0.0572101981650813 0.0581792550399866 0.0936539776018741 0.140774000606676
0.00604585697228406 0.067358108297118 0.234919914931037 0.116548519744376
0.0679468240789461 0.0266271519296479 0.30958649359923 -0.111180803676856
0.0464946159830831 -0.0516123993788659 0.173630521017271 -0.291949382850999
-0.0270886049194952 -0.0532431841093516 -0.0478059167634414 -0.30235153558684
-0.0536221624403257 0.012310140526892 -0.161656078143472 -0.168257452738745
-0.0537771764730776 0.057994052899727 -0.168289231707119 -0.0506025605149776
-0.0594188605426497 0.0704277306156677 -0.127993797898225 0.023910102354429
-0.073125021250394 0.0811955240208464 -0.0900102486367246 0.0760820652226033
-0.0936575350337075 0.0369736596310467 -0.0960800909053115 0.167682334514968
-0.0808936307826534 -0.0340818774642504 -0.16521626988296 0.221373200883879
-2.20569688297902E-05 -0.0833479858763117 -0.313216707812972 0.12356699691079
0.0675317237617576 -0.0186122438790892 -0.34749820773525 -0.0676342914307456
0.0220175269904226 0.0540973595934909 -0.132250842998155 -0.241275262330214
-0.0586118784234984 0.0601031506012211 0.0992898135876332 -0.126538864937903
-0.00656906691725171 -0.0595598024366614 -0.103013022597192 0.155932482602606
-0.0333366785664483 -0.0522960077800828 0.129316296361423 0.216510550724167
-0.0343267193015342 0.00814545504941035 0.313067119715742 -0.00503576175275272
0.014922736250258 0.0362860945301831 0.248922338531722 -0.189349524145772
0.0499691997002089 -0.0141501201851773 0.122263943426086 -0.2354824950434
0.0401148001978818 -0.0491697926172859 0.0610317036220085 -0.181752092074265
0.0212634004990179 -0.0694615964861963 0.0737555923267303 -0.0989845826062585
0.0214323571541431 -0.0691715074977161 0.100698736825642 -0.0457511846910007
0.0253314262936352 -0.0561095401033344 0.151146600531512 0.0427474223732992
0.0376267717749368 -0.0275031112397291 0.12002773971575 0.193227956382351
0.022258015854008 0.00813564022296252 -0.0152328034303845 0.326220979670773
-0.0125905758839752 0.0123247044285648 -0.276116963482659 0.257874823480914
-0.0240622211322117 -0.0328527298861879 -0.395182159274367 0.0176451318654548
0.00904404949280869 -0.0564607926443811 -0.276058740405592 -0.202771207301396
0.0257490096197271 -0.0456549429711734 -0.11484033365322 -0.18502683430658
-0.0490202237128727 -0.0368784285655397 -0.0782343786457227 0.154439338431109
-0.0335442629072716 -0.0274033124171513 0.142190047107075 0.150277846237449
-0.0228669086693294 -0.00978802556357498 0.247885384148709 -0.0838196808316359
-0.00886492517643203 -0.000629110104736403 0.163229801976503 -0.215842010405225
-0.00678248058293227 -0.0185789360925986 0.0636382551705387 -0.22965597195969
-0.0151105479864158 -0.0254972204056293 0.029289182401269 -0.178663515469355
-0.0287190421029416 -0.0340080018909769 0.0548980611210748 -0.117197053335524
-0.0247549459753001 -0.0466505260225168 0.0902550193274972 -0.0676229458514915
-0.018172488596806 -0.0505320598917883 0.150402745440883 0.0384065815638929
0.00770880223933778 -0.053520916053336 0.0973536523710421 0.213778408651034
0.0293866531778923 -0.0338858869866732 -0.0940378030405914 0.334153563249468
0.0397293857484554 -0.00390026757748357 -0.378401391823788 0.179247525245835
0.00646027238194748 -0.00110094897274832 -0.439778266542961 -0.121686673006466
-0.0070727122290399 -0.0291025236741789 -0.235428038934997 -0.309602392583605
-0.012035581957863 -0.0488230640475557 -0.0883725361813063 -0.206038827722569
-0.0815451785411905 -0.00360647948688068 -0.0441116533844421 0.143511122958761
-0.0208933147168583 -0.000607690824203203 0.14686210294032 0.0853209104376574
-0.0058138670468257 -0.0249702285688563 0.176061184816007 -0.136356362897017
-0.0277722549860936 -0.0282277822873908 0.0770009829167325 -0.214203832924024
-0.0511377262720522 -0.0121604228844339 0.000674166508695133 -0.199102841504931
-0.0556237590420194 0.00652574209023863 -0.014335445312267 -0.153940035436327
-0.0671007255235932 0.00684783015252818 0.0193898687230708 -0.116974036964565
-0.0667657479640563 -0.0171432993419157 0.0632684029393213 -0.0781257417228355
-0.0640817692860984 -0.0397921694587612 0.132668763931766 0.0296713524638601
-0.0262078654637489 -0.0797478670401409 0.0686436410784416 0.208816894416713
0.0351831065808841 -0.0759090513432237 -0.148662839943619 0.301857047549359
0.0895686154523796 -0.0135755586336039 -0.421066846608485 0.0829678654879937
0.0294736808512866 0.0357305317125528 -0.42637919155129 -0.235236381784201
-0.0287760351239797 -0.00588438376605247 -0.17502888024876 -0.374960241821638
-0.0483840199007143 -0.0521584697894578 -0.0540056716663932 -0.207604397772985
-0.100914031398788 0.0292073131654915 -0.00588262074993694 0.125155976300093
-0.00532819080808158 0.026001308089331 0.151383029993734 0.030785849555711
0.0186747810900227 -0.0318926884725972 0.122256939088647 -0.169471382366444
-0.0275842728971382 -0.0512925569837922 0.0114574033387222 -0.206984821177915
-0.073808402032777 -0.0140983534823723 -0.0528976984717011 -0.166410185017691
-0.0795529090584051 0.0268402152590578 -0.0578478254502658 -0.120702275271824
-0.0903686273624722 0.0397786547268837 -0.0225756493267441 -0.103112841964416
-0.0972981771092314 0.0125296358478097 0.0244022510546015 -0.0763695610425348
-0.103875991174258 -0.0197565940272169 0.0966669837293762 0.0170840456219295
-0.0641025560846581 -0.091105087568361 0.0362807037551412 0.180449367194774
0.0252224446893942 -0.109278082152063 -0.170733869048169 0.246058255747498
0.118184762128373 -0.0307508324599103 -0.409531564551202 0.00662928418161842
0.0474028382180117 0.0572295816656862 -0.379113523218747 -0.294158925698483
-0.0447283170620944 0.0144400414383816 -0.11880709317974 -0.388970592475138
-0.0801563718090635 -0.0485767068578435 -0.0176089117336355 -0.18838235446354
-0.109151203831195 0.0519207611905595 0.0317718505964891 0.10918416660903
0.0068832147190805 0.0486412046189985 0.162282599064019 -0.00265115100788254
0.0451832922388007 -0.0273392127254392 0.103044898741923 -0.190437413108878
-0.0101147930467729 -0.0710284508557299 -0.0221223162458254 -0.211098598509846
-0.0779826021508347 -0.0284467655516345 -0.0930668559162128 -0.153612170714501
-0.0895941671624463 0.0311423982555326 -0.0982119957999857 -0.0972441558718268
-0.100198297242476 0.0597717717969111 -0.0658998869048039 -0.0836142744913324
-0.11310395090686 0.0403008697733242 -0.0214351999790763 -0.0622340059551112
-0.129871096502715 0.0120088407808503 0.0463267045403318 0.010827581463579
-0.103745513144366 -0.0784506220811649 0.0012260029490096 0.150358906136634
-0.00960097534389505 -0.127858200441843 -0.173791254421405 0.200682081041186
0.114595698052866 -0.0664382871356539 -0.382996691158618 -0.0233499032752643
0.0671822280558152 0.0515463365359703 -0.351764907544909 -0.291740652291591
-0.0450953747022356 0.0332445617817656 -0.0935131413472996 -0.370276658042518
-0.102476622184208 -0.0304551632151496 0.016374796314448 -0.160910543653718
-0.102549118865369 0.0642160295985086 0.065126921888032 0.103360099077666
0.0109430947903917 0.0663603063886586 0.186081291328851 -0.00693463118074682
0.0683560009099832 -0.0124580531046563 0.128628681535197 -0.202019693049419
0.0163155979233576 -0.0821702528221467 -0.0120286535463305 -0.239255667606637
-0.0676625405977355 -0.0492343099533427 -0.113583481424809 -0.175609250248039
-0.087998734324857 0.0238249970365004 -0.133502370775993 -0.096898240722353
-0.0968306005063239 0.0672340279830329 -0.107360269559203 -0.0654828730718269
-0.112061305335094 0.0616838315813431 -0.0671598869737518 -0.0385016964273003
-0.134281307018066 0.0485217350388283 -0.0116153780961688 0.0178833551041751
-0.131273504812061 -0.0410865498112716 -0.03970165444842 0.13609516204977
-0.0569519435610788 -0.118705693711698 -0.175932484078906 0.182079746333666
0.0789309992458603 -0.102002480535317 -0.364271693584252 -0.0030055022053041
0.0813988833842705 0.023876895376298 -0.350365221483036 -0.24272348962578
-0.0281046116985652 0.0497117891564073 -0.0976360839194967 -0.336559769800304
-0.108951600508088 0.00208938840759424 0.0493579317665013 -0.137633396407554
-0.0853806278541094 0.0635855143401827 0.0875845630055935 0.113833756534768
0.00753738535302306 0.0737878778952775 0.214480241615979 0.0327384560172197
0.0775962263150175 0.0100572488964848 0.203269167635931 -0.181987896077465
0.0408461502771163 -0.0753501593848038 0.0540267671725518 -0.274385114282338
-0.0479600475932091 -0.0621503024980142 -0.101017676469961 -0.23070150357028
-0.0748675171789547 0.013487595363776 -0.156295072546923 -0.122510741199456
-0.0809572670066335 0.0647945166281007 -0.142191333206669 -0.0535190918547324
-0.0926631349979034 0.0723046560162998 -0.104203741872012 -0.00746240295344032
-0.113140708382592 0.0754771609860123 -0.0609193069172899 0.0429172720224286
-0.127674444397558 0.00610785892564369 -0.076891734269236 0.144441697156412
-0.0882668832687232 -0.079706174915022 -0.177046481639757 0.194202484104052
0.0297282474363489 -0.109552476633889 -0.34641018030499 0.054816678033466
0.0803536101083585 -0.00567689471100829 -0.358338556441709 -0.160550504081209
-0.00171044377912538 0.0575388057131958 -0.115071472747489 -0.292797422478894
-0.0929561200214698 0.0370652875699193 0.0789361722946593 -0.126542423118042
-0.0558925501337148 0.0580565206098873 0.0945267338301248 0.139625286236445
0.00708149609128224 0.066753601837793 0.235425296304253 0.114121792596149
0.0680047861745759 0.0252260032858617 0.306765003338329 -0.113706892783243
0.0452230393082765 -0.051738124711289 0.169600741850868 -0.293281893701341
-0.0281513329609865 -0.0525141097738088 -0.0510627161476083 -0.299493946154913
-0.0527478138869962 0.0131267052673521 -0.16238265525082 -0.165749929386134
-0.0519804313149724 0.0579479782084616 -0.167117586565708 -0.0482073129068662
-0.0577551251956675 0.0709368245728909 -0.127286900833894 0.0260378736565775
-0.0713146447432073 0.0819329662390436 -0.0884807825082754 0.0768972992568353
-0.0921641965106334 0.0383365296495154 -0.0929451397902932 0.16839601969411
-0.0813627292674769 -0.032407010075973 -0.160477619954531 0.221845737933491
-0.00114541125031199 -0.082860053622944 -0.309065741785325 0.127453828617368
0.0665414448155527 -0.0192250724142727 -0.346295931124809 -0.0619088918921688
0.0224877203375861 0.053593846931657 -0.13437195052539 -0.238186827124348
-0.0570689738476074 0.0604943358409838 0.0969967678495109 -0.126457693398097
-0.00718980090571308 -0.059106490775237 -0.10097703717166 0.155881161707754
-0.0342620997392653 -0.0514800013437635 0.130808551580368 0.213738802485421
-0.0340180395668262 0.00860883690058731 0.31120849229844 -0.00904576238395625
0.015662269511544 0.0359185139622908 0.245552378471819 -0.191485264293044
0.049706764915954 -0.0146731864058289 0.119094887080148 -0.235755180279516
0.0394995479976778 -0.0495602267429661 0.0584209196033517 -0.182146494860227
0.0202142231054681 -0.0697140859867431 0.0721937658824022 -0.0997045256056621
0.0203442134169956 -0.069475336837189 0.0996821616287737 -0.046457856730173
0.0245641660389003 -0.0565199666373039 0.149978614264733 0.0417268213430792
0.0372966401751728 -0.0280002305745805 0.12151154584363 0.190923842998505
0.0223476383882899 0.00826469070638988 -0.0130034995115922 0.32484554142697
-0.0115240241426982 0.0124202535629582 -0.273534556827639 0.258473938232119
-0.0242862762932569 -0.0319776628748584 -0.393029878983161 0.0211093830739675
0.00825637088712789 -0.0559749992532902 -0.27714224339135 -0.200422627901012
0.0249212020206648 -0.0450266169049053 -0.115742893590766 -0.184469463792793
-0.049735952237159 -0.0364196348950796 -0.0763460556283697 0.154008799042784
-0.0337541827111782 -0.026884744601799 0.143556430988196 0.147745646029233
-0.0226831470196294 -0.00911336587360184 0.245997059516098 -0.0865273178515549
-0.00872374125557646 -0.000377665887520011 0.15939315062201 -0.217118330792741
-0.00669313744804009 -0.0182985991077188 0.0604053437472264 -0.229639318754134
-0.0151926680267888 -0.0250409049036357 0.0267475495737081 -0.178376717792397
-0.029117675794273 -0.0332861181918786 0.0535514268982793 -0.117386679210959
-0.025833483245605 -0.0461625896311275 0.0892243499378606 -0.0680857601347769
-0.0190705199171106 -0.0504432182715835 0.149696572506763 0.0371747772975705
0.0075777150766265 -0.0537510814746534 0.0980712510607283 0.211511337859436
0.0289377833060341 -0.0336835605312952 -0.0906376685520859 0.333920338105331
0.0396478733110461 -0.00415596035211995 -0.375935976438039 0.181635550142094
0.00613145290406303 -0.000708115514310551 -0.438321322464398 -0.117806969420061
-0.00795254422710044 -0.0287129789607265 -0.23687334127453 -0.307473303058832
-0.0123334235396398 -0.0484471195594824 -0.088996920190953 -0.205188192690488
-0.0809370981421091 -0.00298136563191129 -0.0423272812268223 0.143631288533446
-0.0210546341612538 -0.000614793039305997 0.14719121953162 0.0837022222124073
-0.0063227210535213 -0.0246947606736314 0.17326320765711 -0.137751015427552
-0.0279875170233348 -0.0275985076540064 0.07357239643286 -0.214699568140538
-0.0508525428322718 -0.0112618396342385 -0.00115740619708343 -0.19908288491674
-0.0552101722649097 0.0069359697634062 -0.0161597745946198 -0.153325172468357
-0.0666017529281311 0.00716641855450384 0.018069391754863 -0.117113695613345
-0.0664604827609319 -0.0165672833789256 0.0618403119125484 -0.0784858937235175
-0.0641463901878064 -0.0388877146265323 0.131828187204581 0.0282481325723651
-0.0263615355758526 -0.0789275183390777 0.0701107057759318 0.206793790212412
0.0344328435751248 -0.0756526142494791 -0.145067379926849 0.301674399717908
0.0890394969769083 -0.0142660557432943 -0.418506806003198 0.0864109644100519
0.0296522626914852 0.0355622907846026 -0.426189744839769 -0.230778323748786
-0.0293037209927289 -0.0055365344184397 -0.177689109378279 -0.371690449305457
-0.0481605207527495 -0.0522621886244809 -0.0552571078998831 -0.207474753508105
-0.100004249514179 0.0299023639901121 -0.00432109361696839 0.124952483686496
-0.00518168148717433 0.0258654302023891 0.151343940731529 0.0294679684834532
0.0177824331276275 -0.0318618881200128 0.119552383574633 -0.170263301697643
-0.0277996450957725 -0.050690281029599 0.00902519572835405 -0.206574534370506
-0.0730531421563404 -0.0129795730418833 -0.0544369025436519 -0.165510032950585
-0.0785679507100274 0.0272683131156907 -0.0585636916472021 -0.120105782575094
-0.0895321865866157 0.0399208077270233 -0.0233600257084767 -0.102050474345369
-0.0965196292029592 0.0131207072504255 0.0232350951943429 -0.0758359683282809
-0.103144900462232 -0.0188369392525046 0.0959348836920151 0.0163132701531878
-0.064500599207224 -0.0899307435125512 0.0385399001652889 0.179168216399829
0.0239705072593933 -0.108784874547127 -0.167583846959078 0.246763769215471
0.117135955277897 -0.0317324119726312 -0.407776391575392 0.0098688143904936
0.0471253461866643 0.0567433463994956 -0.380409198029872 -0.289283090286435
-0.0446235147000882 0.0149824241266835 -0.121533559485762 -0.386034453557744
-0.0796128824952996 -0.0480105913735915 -0.0189797652822559 -0.188077327809801
-0.108127395199286 0.0521527569948824 0.0329252446474026 0.109346425828425
0.0063890511123719 0.0485495223071807 0.161572617531181 -0.00349028314761456
0.04452150574416 -0.0275917235169378 0.100549472155282 -0.191394735622878
-0.0108065955337633 -0.0708498384124528 -0.023947218229921 -0.211417161941717
-0.0779572164753177 -0.0278315210650315 -0.0939063578877208 -0.152808511802361
-0.0884622866563583 0.0316870374869728 -0.0983150519125411 -0.0960667881365676
-0.0987946537367145 0.060280365854528 -0.0664937769000322 -0.0822372216284583
-0.112060594620586 0.0409638972937529 -0.0223123478582652 -0.0618426296429866
-0.128839646676916 0.0128179543102533 0.0456982424556528 0.010495635447917
-0.103565825562729 -0.0769560510265015 0.00308558127758135 0.149773408129564
-0.0107791965883852 -0.127090837325752 -0.170933986867292 0.200811510648827
0.112602422032015 -0.0667839426081984 -0.381070174923894 -0.019137013676042
0.0666882797992506 0.0504210484411789 -0.352142834591574 -0.286003069492998
-0.0449128025735208 0.0331459293881847 -0.0969027374185413 -0.367759693278811
-0.101494532546648 -0.0296013208598235 0.0152506686859159 -0.160272300924327
-0.101205361210959 0.0644560457948742 0.0653819324450189 0.102960793580853
0.0109484568125549 0.0661977116930449 0.184899308635309 -0.00786208120187992
0.0677601856658858 -0.013160873323835 0.126019097400135 -0.201830949946126
0.0159310190864371 -0.0818693234085041 -0.0151710902154381 -0.237982210030025
-0.0680222672376506 -0.0484370936075875 -0.114623473970075 -0.174574594535816
-0.0868405832103058 0.0245567016099105 -0.133287504357217 -0.0952352988628132
-0.0957380907454087 0.0675736768333165 -0.10735921771179 -0.0638753368858698
-0.110922880510997 0.0623838266440615 -0.067631635403219 -0.0374808340363741
-0.132694069341404 0.0494796639183082 -0.0114972196408045 0.0180265501319583
-0.130692864981966 -0.039213541224384 -0.0377252679854918 0.135840835603948
-0.0581577309685957 -0.117526747254451 -0.17312448895664 0.182200178152195
0.0771094703965843 -0.102088779894892 -0.362088931363242 0.000577608838923256
0.0804898826617912 0.0230975687715281 -0.351348778458444 -0.237540784410301
-0.0274767779736675 0.0495478704463454 -0.100631129849401 -0.334433204896989
-0.107878879653382 0.00258340590969608 0.048111230987347 -0.137606575811697
-0.0841367061418507 0.0637250469892131 0.0881517842490263 0.113451971551101
0.00807480963303887 0.0733865299481502 0.214760551588616 0.0310418532427972
0.0774029026632378 0.0091790783855559 0.2004100230113 -0.182788741478256
0.0400030777703529 -0.0752812066608569 0.0513193926111318 -0.274189067366993
-0.0478896595413393 -0.0616799820838254 -0.102148586095009 -0.229349703743154
-0.074244541749701 0.0143819887381239 -0.156489960341208 -0.120840334442183
-0.0794997620301176 0.0652124054225011 -0.141991388660372 -0.0520089552105224
-0.0913748766031638 0.0729192040778199 -0.103536372447825 -0.00616444458236478
-0.110995613829141 0.0763042624308029 -0.0602365031844418 0.0431850947348362
-0.127084812798226 0.00757060633729666 -0.0744812980655374 0.145249987821561
-0.0886286499090062 -0.0782251951919136 -0.173530287039137 0.194943147525397
0.0283324550341599 -0.108957991676192 -0.343939997711199 0.0587573704210969
0.0800485913458309 -0.00621536401552501 -0.358026198082666 -0.155764782122242
-0.00077504066753098 0.0573321993443147 -0.118106604849447 -0.290817274479977
-0.091358419501992 0.0374869762438006 0.0771325607427187 -0.127231934439951
-0.0547095109072092 0.0583788427208544 0.0949547928158201 0.13952975386575
0.00703668400786229 0.066362653933295 0.235674137301102 0.112516398882966
0.0677904404595063 0.02383169443582 0.304949313311482 -0.115345181246207
0.0443161768188607 -0.0520090744149733 0.165719068060759 -0.293943604038745
-0.028716997973835 -0.0521144974427889 -0.0524795630144176 -0.297872599998689
-0.0522318897678285 0.0133830375899912 -0.162485884672854 -0.163407720354195
-0.0513266071642883 0.0585056153970246 -0.166634579879085 -0.0462115020742703
-0.0563686937347212 0.0715052408937236 -0.126298321448656 0.0270073280385742
-0.0692026609783641 0.082271932830175 -0.0875699924730668 0.0780514281086647
-0.0911031961679827 0.0396750237254318 -0.0905141399141791 0.168997443172202
-0.0809297657231977 -0.0309018495119772 -0.157643257770308 0.22303560636036
-0.00241987149091168 -0.0826138284540224 -0.306688246696978 0.130797942989319
0.0661190212296088 -0.0205963722461387 -0.344898714289697 -0.0569144428971746
0.0229156417025025 0.0531550955132796 -0.136691155756179 -0.236643783078196
-0.0560563228214225 0.0607207610114193 0.0947390826680697 -0.127323155772833
-0.0077956454056699 -0.0584883941311894 -0.0994055472451588 0.155776857319762
-0.0346680013612175 -0.0514458332309466 0.131361964427412 0.211669645137144
-0.0339307945131669 0.00865514424957292 0.309883189662484 -0.0119269668474428
0.0160892002598479 0.0358281091445798 0.243152793160287 -0.193764067147571
0.0491421937939577 -0.0151319775610563 0.116321202734567 -0.237040637139528
0.0386846427404787 -0.0495835417034961 0.0561866428958943 -0.183137922703741
0.019100791670073 -0.0699259610706627 0.0709437526165778 -0.100153339766758
0.0192755053527435 -0.0696643998404776 0.0992197635838394 -0.0468646844464188
0.0238720806740465 -0.0563327496551567 0.149390007988993 0.0404335524721701
0.0368546243548941 -0.0282260707945246 0.121775481743351 0.189365145059293
0.0224955707255249 0.00791464140491684 -0.0110418724717206 0.323810670216258
-0.0116119454649467 0.0126389821563126 -0.270860444801144 0.260156840465106
-0.0244500583369183 -0.03147168912541 -0.391766799527998 0.0229132038926635
0.0078123934428943 -0.0551408852359907 -0.277712341921058 -0.199307969283539
0.0244866554558599 -0.0448370735386676 -0.115709279528696 -0.184314556281346
-0.0496525494619618 -0.0359661811775527 -0.0742833535446717 0.153708688365874
-0.0343664290749582 -0.0268171870343531 0.143533862488209 0.146610835424155
-0.0232974487272896 -0.00907335419016272 0.244114513072179 -0.0882295667792166
-0.00831719360406401 -9.93656651156949E-05 0.157109450447506 -0.217556437692296
-0.00700645712060355 -0.0180952828391901 0.0589411998232135 -0.22985221797655
-0.015419403267684 -0.0249862744412497 0.0248241858189895 -0.178933979219556
-0.0291684189640988 -0.0335704287180979 0.0521576184029326 -0.118000579291035
-0.026191412091569 -0.0463526989712624 0.0884304413500779 -0.0679562971580134
-0.0190960811326749 -0.0504438235146189 0.148955196250666 0.0357516139547943
0.00726473672424066 -0.053705787215233 0.0990435169765005 0.210353447605553
0.0287187013604206 -0.0336269938132906 -0.0885573069069819 0.333154416977338
0.0396415485261336 -0.00402756281481178 -0.373093196675932 0.18303898813808
0.0057735994230628 -0.000155326201172031 -0.436658736800437 -0.115805266395842
-0.00836069729793135 -0.0286898411183458 -0.238275510942832 -0.305336919603158
-0.0129760382210113 -0.0485111718744292 -0.0891948309430176 -0.205383153996895
-0.0810028194385693 -0.00301538970807938 -0.0408513442413083 0.14267368379905
-0.021743700067396 -0.000441016821784533 0.146775571451104 0.0823010519226673
-0.00708548381465115 -0.0246560684673376 0.172147869825119 -0.138885574214509
-0.0278933391727061 -0.0276525588611469 0.071769198108145 -0.215367565245027
-0.0506358148844291 -0.0108275302860074 -0.00268404337540777 -0.198671166618996
-0.0549491463433012 0.00719242644103011 -0.0173106373317663 -0.153301328289937
-0.0663074026314571 0.00698757646993884 0.0166209329296566 -0.117112318492821
-0.0666674621528635 -0.016190748441152 0.0608443929538023 -0.0782198002182392
-0.0639307558078483 -0.0388531828213808 0.131360836857652 0.0273851521563932
-0.0269218169463466 -0.0781777625764438 0.0711429743462684 0.205733252328676
0.0340851831648447 -0.0752345696265698 -0.142680613956329 0.301754208274874
0.0885829929580198 -0.0145645003997076 -0.417003452942146 0.0884839262575373
0.0294514524277384 0.0354474206750349 -0.425734649741231 -0.228022523784423
-0.0295974946805852 -0.00538938802461768 -0.179313390957257 -0.371286343248571
-0.0482342079432998 -0.0515717813825754 -0.0554223901947737 -0.207242917320562
-0.099728979237152 0.0298735507274089 -0.00355201785071186 0.124489068764183
-0.0056949835976968 0.0258986107398716 0.150918081652459 0.0285189016464677
0.016958587286089 -0.0315245536043064 0.118422821250588 -0.170970148106225
-0.0279147081825575 -0.0502294010065277 0.00719964862981979 -0.20707999567476
-0.0734259727553957 -0.0124759455919651 -0.0558503355813197 -0.165078265632578
-0.0780770054168103 0.0279756432294278 -0.0590370808873041 -0.119122058941162
-0.0884897005902436 0.0404398121164604 -0.0243168195052337 -0.101937895431597
-0.0963107097256265 0.0137669876203324 0.0223531557285592 -0.0757138592782258
-0.102306060321441 -0.0179190774748588 0.095805656964744 0.0157680707566242
-0.0647439856754914 -0.0891573662558427 0.0395900316772621 0.178521112810099
0.0233099458994901 -0.108253564456823 -0.165738211103392 0.245966476740887
0.116116057460096 -0.0321957019706798 -0.405734274060353 0.0124215339420225
0.0471568898810083 0.0562841064391763 -0.381522532119401 -0.285451054964533
-0.0446788772425377 0.014672555549714 -0.123089227237876 -0.38520474558924
-0.0795545601250483 -0.0479216248774646 -0.0192578499759973 -0.188465534147392
-0.107029682730591 0.0525468141535171 0.0338388492412948 0.10853569846408
0.00619544475256426 0.0482605078858646 0.161471641813026 -0.00441906322538108
0.0437020687785146 -0.0278609321101095 0.098619835218949 -0.191123590223876
-0.0113297947900438 -0.0704342616000172 -0.0257777871768963 -0.209818458110153
-0.0776139901690878 -0.0268134768996547 -0.0940526837645041 -0.151516081827431
-0.0876011666445221 0.0321186115170602 -0.0984739624949511 -0.0953646917647766
-0.0977113267826003 0.0603774534400448 -0.0668402685054584 -0.0815372426218079
-0.111246600253896 0.0416935318937728 -0.0230997840267585 -0.0610536009324797
-0.127680934314527 0.0136958766261036 0.0451284610152252 0.0102394073108948
-0.104007253126669 -0.0759335510749799 0.00386653357818881 0.149545304389976
-0.0117911661122276 -0.126014393103102 -0.169370346038025 0.201455186274884
0.111563985850932 -0.067360408481773 -0.379846045054382 -0.0167574998465665
0.0665572091051629 0.0499203244842636 -0.352725082209265 -0.283226670233465
-0.0444545350544896 0.0331923572883941 -0.0989196516148218 -0.366831639156416
-0.100634867342302 -0.029411187052727 0.0146027769283539 -0.160857066035105
-0.100424674387483 0.0647707362698915 0.0662595048290394 0.102548916262249
0.0108317474605682 0.0657427946724915 0.184430323876755 -0.00875122872404541
0.067196222222933 -0.013503642157957 0.124254965704227 -0.202598054186146
0.0148530911780294 -0.0818648762015195 -0.0166315409401556 -0.237283590973066
-0.0680192423464014 -0.0478704147322272 -0.115309713896172 -0.173177574287066
-0.0862224763870864 0.0248960906490206 -0.13384380356049 -0.0943420334551828
-0.0940785698566625 0.0682340236503334 -0.108096520000754 -0.0630596934528834
-0.10952544734706 0.0630084162057918 -0.0673899074520045 -0.036781674744869
-0.131201059511515 0.0505989408086581 -0.0117130412500397 0.0185773426268958
-0.130535992280836 -0.0379995947904913 -0.036498571555305 0.135363739387986
-0.0589526099159577 -0.115902781043876 -0.170685029103175 0.183491166871063
0.0753907143960035 -0.102227626106392 -0.361160675896343 0.00331757248962887
0.0799974536352855 0.0221966890676151 -0.351963259502464 -0.233862045931535
-0.0272107548649934 0.0492978257898782 -0.102356501769848 -0.333459153372453
-0.106720779760954 0.00303692210686152 0.0471542114915934 -0.13851723658472
-0.0827045172679188 0.0640163284916009 0.0887399817967731 0.113658781594134
0.00767979088603042 0.0731138445657172 0.214938506697937 0.0300509952007368
0.0766674729430893 0.00826749672109685 0.199067267819531 -0.182873456792356
0.0396357667275778 -0.0755513614839192 0.0487573633311738 -0.273709762830373
-0.0483015989005108 -0.0610448893872829 -0.102865005144528 -0.228610470188065
-0.0738437971660492 0.0144705508986133 -0.156299311498456 -0.119764072225023
-0.0783160447575919 0.0653467361174401 -0.141658391951236 -0.0505392030750136
-0.090286885130504 0.0733190311452614 -0.103645666029491 -0.0046959349467896
-0.10985131892239 0.0766938337456122 -0.0597303315007072 0.0442663800600263
-0.126284658664429 0.00872057746847118 -0.0730966008832278 0.146061368915602
-0.0892028038223157 -0.0768365174450635 -0.17158251462447 0.19596673597757
0.0271480707298883 -0.108799368483134 -0.34232821475851 0.0606385464996028
0.078943489984607 -0.00728793040491253 -0.35826316808669 -0.152167764349219
-0.000888812048921019 0.0568837656924564 -0.120483531682909 -0.289518310713636
-0.0909383724375764 0.03814838388209 0.0761558918941828 -0.126944908315931
-0.0535548081919934 0.0586350207425536 0.0956596531088177 0.139477598973207
0.00733391694982718 0.0655414329953292 0.235747852091839 0.111157528883338
0.067559745403996 0.0233042534448961 0.303168047377099 -0.116605453717281
0.0439744205038125 -0.0522288876728946 0.164049989821144 -0.293289506767308
-0.0292731934412194 -0.0515978880094434 -0.0542518636283162 -0.296763892704737
-0.0517302104635719 0.0139708558628834 -0.162664904141632 -0.162891410423833
-0.0502134678313757 0.0583884644923064 -0.166689328717958 -0.0451062580284107
-0.0552917574877645 0.0713879251352433 -0.125389690579142 0.0280220519845119
-0.0678356770179956 0.0824796774240151 -0.0864488153184652 0.0792341202333715
-0.0902583914688872 0.0404074041681428 -0.0886566930151688 0.169640428239604
-0.0809270904823454 -0.0301972427106817 -0.155071553261296 0.223837540649502
-0.00268361152623625 -0.0819512033585666 -0.304405590256658 0.13301080277834
0.0655877554155971 -0.0206637395060011 -0.343755618961383 -0.054013524143662
0.0228129523599833 0.0524334123996318 -0.138172548132682 -0.234824084663263
-0.0548827639651116 0.060620445901632 0.0928934924505961 -0.127894780016052
-0.00824760403282053 -0.0583598006302362 -0.098145186079097 0.155967790803575
-0.0350239056296884 -0.050575266158815 0.132595756645372 0.210242270860299
-0.0342847206943345 0.00856751503916395 0.308942646164692 -0.0137695064543198
0.0162784070930043 0.0357475003492773 0.241215776840093 -0.195019881202897
0.0491525156814423 -0.0155752260153442 0.114845261372227 -0.23797760084306
0.0383252633457221 -0.0500889859108712 0.0544233817875951 -0.183342578650738
0.0183215535152132 -0.0699004168884573 0.069969275521234 -0.100983504988704
0.0183488434929351 -0.0698741239096252 0.0985838939154323 -0.0475770891753795
0.0235928627537314 -0.0571445017941316 0.14906199430615 0.0397611994063776
0.0369620647677369 -0.0282316148960203 0.122551999109325 0.189427952777504
0.0226396072169616 0.00757483433304404 -0.0102567475452607 0.322643442599626
-0.011166619584922 0.0129342955635935 -0.268999184021226 0.259806209018083
-0.0245947708597116 -0.0309844325950448 -0.390551816100259 0.0239624245187232
0.00725742131982974 -0.0548877325088579 -0.277890132898239 -0.197833597249655
0.0240476806469854 -0.0447686068097101 -0.115787301717297 -0.184203988858836
-0.0500612186782815 -0.0360867547713747 -0.0737536936278721 0.153690774759597
-0.0346365051999598 -0.0264482021626761 0.142863163709992 0.145163000623966
-0.0234665806999463 -0.0089198988823378 0.242851658857577 -0.0902633446460809
-0.00845116952123068 -1.03211236356471E-05 0.155376181079203 -0.219247905484099
-0.00713201161605258 -0.0179796815690256 0.0563226934759254 -0.230742327737129
-0.0154826642479752 -0.0246662909834601 0.0234986393689218 -0.178978150561025
-0.0294308498668428 -0.0337744256813214 0.0511320909241471 -0.118187612311512
-0.0268828599357292 -0.0461561497776015 0.0878343483030249 -0.0685280274294893
-0.0191526790565526 -0.0505361054240296 0.148445137923583 0.0356270976063773
0.00714569479788841 -0.0536434662867491 0.100135182580885 0.209934616288937
0.0288706926873345 -0.0333251276915475 -0.0867913159126322 0.332222199692345
0.0396461216343145 -0.00430818407057385 -0.372441105989918 0.184306004309275
0.00587895831072855 0.000187805766708987 -0.437019310250732 -0.113480690495136
-0.0090895293529635 -0.0280743291426444 -0.238333434411835 -0.304854504283249
-0.0132237218326731 -0.0482517385434025 -0.089523198131864 -0.205213168246223
-0.0808925160962796 -0.00267585289251291 -0.0402117051989814 0.142606093857068
-0.0217240101576876 -0.000527392135533696 0.147110593654555 0.081337717216748
-0.00728608676211696 -0.0245804182591504 0.170470653470474 -0.140492401960457
-0.0279747257203714 -0.0267818827099137 0.070079154149033 -0.215388389560052
-0.0505399656130006 -0.0105870477232289 -0.00404433841219269 -0.199037261502841
-0.0544192007871638 0.00764480573433856 -0.0186128931102128 -0.153361710119629
-0.0658712607570911 0.00765467417166886 0.0155364689684003 -0.11750295263264
-0.0669206851089164 -0.0158587916174745 0.0602946708588589 -0.0782435880824726
-0.0634737276764253 -0.0387589700598516 0.130572174989054 0.0267174920350399
-0.0269981057853143 -0.0779964973793797 0.0720900801936114 0.205163915790744
0.03383072687879 -0.075506448839258 -0.141488627741775 0.301067191543015
0.0886852072426249 -0.0149726914928538 -0.415510433203561 0.0901077579659227
0.0290582969055114 0.0353607104720313 -0.425998647992295 -0.225400827573442
-0.0300299699119841 -0.00482055268290929 -0.179701577248294 -0.36980961509755
-0.048454039509827 -0.0513896431151188 -0.0557302521271575 -0.207897454302349
-0.0994237091243025 0.0298956865646548 -0.00256216331490829 0.124505201832055
-0.0061005714294327 0.0260649210640769 0.150698236348176 0.0282642619995719
0.0164370666480609 -0.0315468126152309 0.116664960184051 -0.171468304666033
-0.0280719811789722 -0.0498224779395315 0.00558979313020761 -0.206939014022654
-0.0731636991036144 -0.0118902816284085 -0.0561132668686787 -0.165361226530529
-0.0776255368984756 0.0280111589319827 -0.0601942133517079 -0.119073810248025
-0.0879905564561944 0.0409479652002767 -0.0251513771099674 -0.10188730090686
-0.0963088304088766 0.01392738793506 0.0216600115959421 -0.0753754965956135
-0.102073900323291 -0.0178350463900909 0.0949191367206816 0.0155331513198756
-0.0650709515084875 -0.0882025142543967 0.0403446156889898 0.178458975171564
0.0226570441032418 -0.108067997834815 -0.16412741197117 0.246262022239463
0.115482711424924 -0.032780698318234 -0.404800418338929 0.014349299422044
0.0473379323249734 0.0560223776367414 -0.381672827781959 -0.283231629330843
-0.0448689028746747 0.014757799100182 -0.124384780707439 -0.38433618195564
-0.0792827060174474 -0.0474591850727413 -0.0195085499879323 -0.18865773274819
-0.106524029655489 0.0524228018689295 0.0344771885972738 0.108630193466976
0.00601900798342532 0.0482776632304295 0.161313202477016 -0.00471237869290694
0.0434052981443244 -0.0280483922266955 0.0972769618368127 -0.191872461374113
-0.0113359143216134 -0.0699757799217579 -0.0270074516454482 -0.21018350619359
-0.0774996316723923 -0.0264586660357129 -0.0947625414018601 -0.151494851355458
-0.0871465263594158 0.0327179782040779 -0.0990095507143545 -0.0948878038597855
-0.0970799695556042 0.0606946660181413 -0.0673073218637143 -0.0808574715044753
-0.110965017092015 0.0422225313247685 -0.0238462080517938 -0.0606239894043974
-0.126930688688757 0.0143830623451564 0.0448384757725558 0.0106258291973538
-0.103606405452097 -0.0745384607277221 0.00486457701963442 0.149099761435308
-0.0124656153993873 -0.125656145405171 -0.167456409263733 0.201629088902131
0.110792985606309 -0.0680433047883327 -0.37980506975662 -0.0139728435600023
0.0664303395675841 0.0489974647179853 -0.353972512635789 -0.280202594699689
-0.0446603054607603 0.0329977394411847 -0.100703912810771 -0.366104640712422
-0.0999887636809401 -0.0292427972153129 0.0139069118377984 -0.161664164167088
-0.0994069254010424 0.064846103069238 0.0673662448236238 0.103110567570402
0.0105614509064278 0.0654421082780478 0.184590163528409 -0.00895837980480824
0.0665284397555972 -0.0143742815810552 0.123121682501602 -0.203114828971509
0.0147908905081033 -0.0819485262695641 -0.0175325866040758 -0.236905161450351
-0.0682699357576089 -0.0473691692678565 -0.115230646296252 -0.172581620621843
-0.0855899181959771 0.0252019454078607 -0.133829728996168 -0.0936701195688126
-0.0933804940705451 0.0684005703487219 -0.10776758071995 -0.062212820707766
-0.108792790882072 0.0637353614686403 -0.0679326132418901 -0.0363376254570998
-0.129938539394446 0.0509742771728227 -0.0120595333386414 0.0191420127670638
-0.13031880747556 -0.0364770231353689 -0.0351968333271902 0.135449832897242
-0.0597302798924552 -0.115248994587274 -0.169902313193466 0.184048674339854
0.0749486089920346 -0.102634028481021 -0.360484819147233 0.0054205181313633
0.0799110790235894 0.021725700419032 -0.353419003322973 -0.231237410722221
-0.0272918082225664 0.0488102980882681 -0.104892704476029 -0.332956255977417
-0.10611056356448 0.0031231992468046 0.0459121653677584 -0.138731479940393
-0.0819200976246328 0.0641983816294844 0.0888976428348537 0.113856535529388
0.0080825114764475 0.0729078222787013 0.214878506458313 0.0299040797618861
0.0767104468713376 0.00781638034466096 0.198145644157552 -0.18395556190475
0.0387348804281764 -0.0760888617837517 0.0479803642343162 -0.273676698601274
-0.0489062901832737 -0.0604231181983539 -0.103609172694074 -0.227570706968763
-0.0731496488280951 0.0150646108248654 -0.156195636975717 -0.119375524825007
-0.0773683462555877 0.0654340404490888 -0.141646308791171 -0.0500043995266068
-0.0893444049579716 0.0740520430883792 -0.103054351726881 -0.00457913280264698
-0.108089745716242 0.0775251224834688 -0.0601394594023816 0.0450198416803598
-0.125635963626651 0.00973799935353538 -0.0717836581590181 0.146294482916109
-0.0898042203832564 -0.0757281409829898 -0.169983135388845 0.196132852009104
0.0259007619883218 -0.10867922010375 -0.341540888183197 0.0632629775549876
0.0784468160734912 -0.00792809522433954 -0.358065946491635 -0.148843259050743
-0.000811206586517094 0.0565002880589123 -0.122317827202105 -0.288267184202872
-0.0897210611213201 0.0379819645100485 0.0746011492436954 -0.127460055601784
-0.0527795347182661 0.058428480968024 0.0961676095189752 0.13971176181915
0.00768085051952067 0.0653928228491426 0.23611760717373 0.110841616395956
0.0671156809243644 0.0223269884906356 0.30257875210147 -0.118198372687296
0.0431653445716358 -0.0527872354015913 0.162478530025263 -0.293576958839425
-0.0297691729207684 -0.0515410458658958 -0.0546770820078147 -0.296795511983137
-0.0514265024729827 0.0142941907549671 -0.162914581397711 -0.162043714338715
-0.0494125557255146 0.0587816122314413 -0.165933321196673 -0.0442537140289984
-0.054647822951157 0.0723421702019809 -0.125072720093616 0.028474726019682
-0.0667967657296342 0.0825889157541609 -0.0859888550049694 0.0797062807657336
-0.08956166452007 0.0408094004809211 -0.0864076914802213 0.170917230011048
-0.0815300485220179 -0.0293410121580099 -0.152760274502164 0.224962989824161
-0.00364811303725219 -0.0817571188079542 -0.302930528307815 0.134643487612294
0.0650965860042667 -0.0211039479430022 -0.343680778675178 -0.0516172631840642
0.0233623958031051 0.0522691384815283 -0.140450452720176 -0.233409307827326
-0.0542016301906943 0.060842442449201 0.0918416753130358 -0.127722811021794
-0.00856057848933707 -0.0580684007289019 -0.0973684355116576 0.156026805730824
-0.035472235796041 -0.0507491443244428 0.133545648110148 0.209706939409929
-0.0343430700217361 0.00885535570297234 0.309212391359226 -0.0161592013906453
0.0171164024728111 0.0357309888603422 0.23968594679621 -0.196445083274414
0.0489688442722637 -0.0160380319774224 0.112771746579166 -0.23911657383718
0.0375807977876195 -0.0501322205632194 0.0533365935170658 -0.183898902701157
0.0178776579252696 -0.0701772631381707 0.069500061317217 -0.102024076583252
0.0179448657709513 -0.0703508094541732 0.0981633037034016 -0.0479208195257012
0.0234551309549455 -0.0571274808135687 0.149072676712957 0.0399328095755717
0.0366691231472334 -0.0291124013157791 0.122735230653054 0.189173626595884
0.0229494990168722 0.00766390080523451 -0.0089216995811052 0.323146029894786
-0.0108494801830214 0.0125652509129251 -0.269492646644164 0.261310357410367
-0.0246475113716968 -0.0307397896222539 -0.390874938115447 0.0243102161235863
0.00659504181868418 -0.0542973517929005 -0.278782432727652 -0.198548409859831
0.0235345028500188 -0.0446914751775263 -0.116124893456782 -0.184920296580857
-0.0500076028356011 -0.0358363734258396 -0.0732923537096896 0.153452826238416
-0.0349260280752944 -0.026427514578743 0.144339029679448 0.144344646605178
-0.023733309108181 -0.00883831312477621 0.242348437040473 -0.0922025285869712
-0.00852995948904038 0.000301037315119655 0.153823360862665 -0.220599595180653
-0.00707930794525164 -0.0179530471648811 0.0549784354376569 -0.231020313378359
-0.0153478686556607 -0.0247440092166735 0.0220022615992606 -0.179659688560273
-0.0296764318261262 -0.0335608262051307 0.050548894520038 -0.118263605824722
-0.0272368387104525 -0.0460860815356353 0.0869106636301551 -0.069025077718045
-0.0195065112106043 -0.0509039592199844 0.148201067268172 0.0347364309975759
0.00691011028135428 -0.0536752837134943 0.100752488754268 0.209570390839022
0.0288365971220304 -0.0337497325213215 -0.0858871556927203 0.332553778329788
0.0401660113083256 -0.00425528878809798 -0.372088587187985 0.185120537302763
0.00536973420758941 0.000635480258026708 -0.438265530873446 -0.112514653363565
-0.0094304886011337 -0.0278536611863919 -0.239684580096272 -0.30526706437406
-0.0132565127668928 -0.0479178375132734 -0.0895319056745688 -0.20671565452463
-0.0812210918232027 -0.00273222594110439 -0.0399129063119678 0.142647229058833
-0.022568246141965 -8.0389723828022E-05 0.147039996702063 0.0804773457354546
-0.00807075577746389 -0.0245249012002106 0.16920915633757 -0.141039134308865
-0.0278844924430911 -0.0264190511900115 0.0690256241041043 -0.216851833592168
-0.0506327570389576 -0.0103857848455896 -0.00538822770152918 -0.199504889514631
-0.0549638702095294 0.00757133386596658 -0.0195779935501558 -0.153828822182615
-0.0657802175862051 0.00801433799767949 0.0149537524348716 -0.117836837892498
-0.0675073611416059 -0.0158054302928945 0.0601378365000053 -0.0785067554586164
-0.0637504311104336 -0.0388697539768841 0.130270743127919 0.0262354654073804
-0.027246069403306 -0.0777783393892152 0.0728568931059278 0.204754352650993
0.0339734938070329 -0.0752121094795369 -0.140618066988538 0.301397235309445
0.0879299778968062 -0.0151708095100224 -0.416038019826858 0.0914791978048974
0.028720583272553 0.0356173704404991 -0.426850722123515 -0.224454814899379
-0.0303335361746653 -0.00501448002930038 -0.180551502924957 -0.370106058461294
-0.0490928528778597 -0.051345895576536 -0.0551473179943767 -0.208686951797565
-0.0992176596746623 0.0299059317037476 -0.0018614094427561 0.124706289612704
-0.00685849953219325 0.0261175607781325 0.150935114929568 0.0274653682757311
0.0161376106033351 -0.0313458972721491 0.115417944851603 -0.17241210139663
-0.0281842724310329 -0.0496206470796745 0.00427991312152419 -0.206803509548878
-0.0729475869795265 -0.0114240331443293 -0.0568932531083272 -0.165193904156394
-0.0770964549389004 0.0282872338355025 -0.0609042913600839 -0.11915573361224
-0.0875919848440919 0.0404815766505186 -0.025796881075304 -0.101795023670074
-0.0960696911510707 0.014557901890257 0.021208065942007 -0.0753014711001079
-0.101626696730778 -0.0176763767347756 0.0947009451236042 0.0152631236359964
-0.0651367038961181 -0.0875372658665329 0.0406735987796953 0.177631310797254
0.0221584404589066 -0.108203597103634 -0.162257924770783 0.246847076908178
0.114985574422768 -0.0331434725917697 -0.405463169633222 0.0160295496787241
0.0469588777928341 0.056012692517174 -0.38242316828878 -0.281805290717742
-0.0449815265276076 0.0149530201773393 -0.125648235106024 -0.384514897640224
-0.0790982294649118 -0.0477525627446446 -0.0196037338109915 -0.18957038414407
-0.106219551891873 0.0526829093297874 0.0353826091951352 0.108510234392016
0.00529614766430482 0.048272327311 0.162031355782172 -0.00516473094820772
0.0429798535246828 -0.0280152759873578 0.0962358397317245 -0.192731256035489
-0.0117473352141114 -0.0701292772040001 -0.0277467203005263 -0.210143052895446
-0.0776146566699713 -0.0261473848270036 -0.0954023711074935 -0.150855949194016
-0.0868138638053514 0.0328643990351153 -0.099207229392206 -0.095065226763271
-0.0962915699001898 0.0611390008029081 -0.0675150266136931 -0.0806175209381521
-0.110461272119807 0.0424820354972048 -0.0236455624075132 -0.0602224248611045
-0.126361173331184 0.0146691396186148 0.0446265954485867 0.0104307883363701
-0.104033143263108 -0.0737348870348541 0.00584389506796326 0.149546754036156
-0.0132769370265874 -0.125090194818457 -0.167062093861598 0.201888467171311
0.110307545150943 -0.068064836652391 -0.379576917779557 -0.0129369155139381
0.0658533538133056 0.0493190048349718 -0.354526539117974 -0.279147688581129
-0.044735012551617 0.0330164792709946 -0.101279387600399 -0.366344620009173
-0.0999992122232981 -0.0293490157246826 0.0136833221086017 -0.162357943808919
-0.0990768758757952 0.0649583102996402 0.0681429265657663 0.103387771149211
0.0102284504102425 0.0659457164338018 0.185345644976383 -0.00916454118595572
0.066155732703915 -0.0142279015608886 0.122227291904651 -0.20410609652922
0.0142745069635589 -0.0814555711583895 -0.0190012664977029 -0.237482409500513
-0.0686579086477527 -0.0472795368055997 -0.115895009107366 -0.172702450377506
-0.0850963583274893 0.0254950889798576 -0.133402794983125 -0.0935626545128645
-0.0928000059772495 0.068364191221752 -0.107838595213821 -0.0618920034495351
-0.108504767282168 0.0645050764381478 -0.0682542086316243 -0.0354741720264527
-0.129579266767164 0.0515687348931226 -0.0122879290928075 0.0193929411846267
-0.12979299627769 -0.0358126076418593 -0.0344059681443091 0.136549565476539
-0.0602933313075493 -0.11456236514932 -0.168672946474964 0.18456712555424
0.0742952606055595 -0.102548237438871 -0.360817225500025 0.00761217239478794
0.0795983780385365 0.0212953920192105 -0.353669042806141 -0.229059593464716
-0.027609547491568 0.049265965259085 -0.106311429293642 -0.332747801562909
-0.105348053393884 0.00338438813797144 0.0456689328707677 -0.139651137014815
-0.081355632430138 0.0638454130930223 0.0897259592474996 0.114308488511762
0.00795297663434605 0.072415404557835 0.215201446658536 0.0296084216741794
0.076293752371903 0.00684744361651032 0.197654368346982 -0.185207170097244
0.0382402506509167 -0.075543672634213 0.0469457156674349 -0.27416485987612
-0.0495079155501966 -0.0603084940929937 -0.103507087536331 -0.228281393953622
-0.0730383403848617 0.0152538060308053 -0.155781124625239 -0.118703720197869
-0.0767326326058108 0.0660251933073602 -0.141568718333749 -0.0492089732004199
-0.0887176436446957 0.0746640299677332 -0.103914595052651 -0.0033971720117494
-0.107442049128736 0.0780201880175651 -0.0594906556601726 0.0457025110214058
-0.125413673635258 0.0107209616416449 -0.0706293040101281 0.146703867130768
-0.0900790465693781 -0.0747479163680449 -0.168944286931107 0.197368601077579
0.0251444007576274 -0.10846264892658 -0.3417143495436 0.0660062668384789
0.0781008554976368 -0.0081303673085462 -0.359324942016023 -0.146708386441232
-0.000779624111295646 0.0566999364200322 -0.123455505792273 -0.288226793331455
-0.0889517299478417 0.0378571415122989 0.0739150578992911 -0.127842204134989
-0.0522795676036392 0.0584765429571624 0.0967109503140032 0.140711662376814
0.00789543612845236 0.0648944654791265 0.236386281860945 0.111194007634505
0.0673005658455663 0.0218636109782502 0.302677939570275 -0.118780795604408
0.0429065829118772 -0.0527192864504283 0.161824904583213 -0.293757755065048
-0.0302643615307111 -0.0514018749661848 -0.0550017585212803 -0.296972957068834
-0.051433172398132 0.0146645058085418 -0.162879142644764 -0.16149522224108
-0.0486760182761979 0.058936176204271 -0.165927763666266 -0.0435662677449618
-0.0538458179612586 0.0724169218208667 -0.125396198083624 0.029724717561135
-0.0657792867344786 0.082942181146915 -0.085688131572575 0.080143945979344
-0.0891339562094038 0.0417173258587467 -0.0855057836509224 0.171152679088809
-0.081336840710187 -0.0284654075526757 -0.15192091921527 0.225544961041299
-0.00441113990824358 -0.0814746496165313 -0.302589141530796 0.135900593758326
0.0648581782617082 -0.0213658598954983 -0.343375935922746 -0.049459987715034
0.0230812667571258 0.05229276025354 -0.14066862405266 -0.233361096136749
-0.05346638023995 0.0609953261197399 0.091093316421556 -0.128174511964785
-0.00883723108803851 -0.0580407415381356 -0.0968319292918492 0.156058738797106
-0.0358094725046818 -0.0504867869965279 0.133883871689705 0.209947690553397
-0.0343805363797839 0.0089318994328466 0.309418321061991 -0.0178426586729999
0.0173627598735543 0.0357618078021522 0.240006106093709 -0.199028657081782
0.0488446652085762 -0.0161507422506928 0.112236581467673 -0.240140250707029
0.0375854285997405 -0.0507249204228421 0.0519850934495794 -0.18540226602568
0.0177952431123945 -0.0709588086219971 0.0689203799752293 -0.102675126503865
0.0170985267711093 -0.0706973366137438 0.0982475679765139 -0.0482386877791678
0.0229956141969836 -0.0579727013624065 0.148610525009815 0.0394821747617524
0.0368067582373647 -0.0287672960690139 0.123085352251578 0.189374653000103
0.0230759950841133 0.00801444236158029 -0.00838657540298311 0.324053173490491
-0.0109665220452265 0.0130476733313815 -0.269942058694083 0.262123112141592
-0.0247879472768009 -0.0303073264216629 -0.392571089766755 0.0254737053063105
0.00645656555163027 -0.0541481309583755 -0.27961122202206 -0.199377924203873
0.0234567125058283 -0.0441597671089351 -0.116694739866302 -0.186725318441846
-0.0501304826440211 -0.035937288036813 -0.0728453446028612 0.153315685583537
-0.0361799506809175 -0.026013715576561 0.144608774958338 0.144688863222952
-0.0243018106033389 -0.00850160680241262 0.242072544555548 -0.0930199950603805
-0.0083000931843427 0.000565560857073701 0.153562221409884 -0.22194366061996
-0.00739750363869143 -0.0177076774614673 0.0538905714840647 -0.23261718471981
-0.0158062057736436 -0.0246181221621562 0.0214387840085203 -0.18023945517349
-0.0301498213530773 -0.0335509486082383 0.0501153563098882 -0.120022025791428
-0.0278654835656821 -0.0467146020326819 0.0869419345013513 -0.0690347236544184
-0.019496298623611 -0.0513604471116984 0.148026619512211 0.0351323653131966
0.00665284127322911 -0.0540559463452427 0.101551060698999 0.210639856615057
0.0287555614550917 -0.0339658559065106 -0.0856197203919436 0.333167498195378
0.0398953273583976 -0.00435046953923823 -0.373379400889695 0.1870327260614
0.00566942275972144 0.000773955819459757 -0.43902524437666 -0.112439503264098
-0.0103253019291026 -0.02746597595113 -0.239769001378669 -0.306198391634796
-0.0139160491820023 -0.047921962847938 -0.089714835684819 -0.207926394803681
-0.0815378942655156 -0.00266774008767284 -0.0393247214300946 0.143139753853515
-0.0228688132760142 0.000210696003335597 0.147659767105833 0.0806570901943491
-0.00858150606902042 -0.0242006465847268 0.169230046031839 -0.142498529372293
-0.0279436689224748 -0.0263828581101446 0.0681586744476631 -0.217317574575031
-0.0506588423951007 -0.00995257051985904 -0.0061391832370148 -0.20096251575901
-0.054578614525402 0.008252817253222 -0.0207938116042862 -0.154586628963119
-0.0659036700078807 0.00771144799163041 0.0144878472753816 -0.118098981582704
-0.0677946589368895 -0.0159199760385521 0.0594154204681091 -0.0786761528278455
-0.0634242005393247 -0.0388316780422348 0.130729844094165 0.0262005122276395
-0.0267762317127586 -0.0776622810157509 0.0739349355650573 0.205130895934981
0.0336942096643348 -0.0754659605418263 -0.139909235388629 0.302604533327523
0.088523317533941 -0.0149987708268582 -0.416266870839418 0.0920548768493984
0.0283876409063082 0.0359960293778601 -0.427979701210563 -0.223946816972642
-0.0308405204707047 -0.0045638207836613 -0.181517583956193 -0.371674008966324
-0.0490098200113525 -0.0515768314075367 -0.0554611331025947 -0.210054521047096
-0.0997423573266462 0.0296849996736319 -0.0016613572794422 0.124794280803719
-0.00732604769764364 0.0263002506916389 0.151769127753377 0.0272618090079446
0.015358786041932 -0.0314559651624622 0.11508544463355 -0.173585762782973
-0.0283062076692164 -0.0495526082634634 0.00344490828799957 -0.20785666314206
-0.0729792914739917 -0.0112200044281654 -0.0579486295136172 -0.166336319880651
-0.0768326689945125 0.0283479182484298 -0.0614011450067975 -0.119639760608912
-0.0875213184833256 0.0404386498413609 -0.0259180632586668 -0.102100194262593
-0.0963653432453578 0.0148886247797462 0.0209331578254294 -0.075594855620107
-0.10152450559763 -0.0176925875286987 0.0944476996819777 0.0151890901716904
-0.0654008827819596 -0.0879965864883601 0.0416932695443051 0.178455969567088
0.0219243684819552 -0.108177860549587 -0.163130866075428 0.246924364336093
0.114832967592012 -0.0332436356013942 -0.406930824587352 0.0170280383424581
0.0466015737192504 0.0563428334469079 -0.383124505966664 -0.281996010572407
-0.0455714189366149 0.0148919989892529 -0.126186800638783 -0.385925827168936
-0.0789938403476731 -0.0482224519940453 -0.0190919218042116 -0.190987858179833
-0.106381131109077 0.0526220575636209 0.0358486015497634 0.109511889166365
0.00492873220603647 0.0484573954616225 0.162358188041825 -0.00538732185526972
0.0428029327758128 -0.027860118471214 0.0958408600404594 -0.193673089165799
-0.0116803389368387 -0.0701370431794826 -0.0283317219153117 -0.210784586271881
-0.0777889409722249 -0.0258287116629121 -0.0956620676497455 -0.151977063982962
-0.0866696325753454 0.033300498970984 -0.0990881968208071 -0.0952829523984083
-0.095988273822631 0.0610811875656725 -0.0679045592517416 -0.0805042967758154
-0.110606903583121 0.0431874185859805 -0.0239138419215049 -0.0600476953115149
-0.126221278717453 0.0151394864612471 0.0445989963914263 0.0104338911950042
-0.104146132302235 -0.0738853948969776 0.00614632480592081 0.149859728614125
-0.0138163935429754 -0.125109421127195 -0.166602890938505 0.202495150090408
0.110024245124047 -0.0688755317444867 -0.38109408120428 -0.0118943273959107
0.0657487234150556 0.0489380698177399 -0.356513989017224 -0.278182284203338
-0.0454246087366977 0.0331780982089787 -0.102651635539509 -0.367074211243041
-0.0997210252887576 -0.0296358633980873 0.0134573062758498 -0.163391927539653
-0.0991161885218093 0.0650758187661965 0.0682318951309774 0.104047274208576
0.00987115841751836 0.0659640674822229 0.186024206027225 -0.00914052270748541
0.0661845348244687 -0.0143903227697787 0.122532758805673 -0.205061003780769
0.0141326647683221 -0.0817813746813442 -0.0193728349000782 -0.238199851932499
-0.0689481719396518 -0.0470000459432909 -0.116616777678807 -0.173193368755642
-0.0849079588447521 0.0258690612533426 -0.13396710650166 -0.0938133402017934
-0.0918284097137225 0.068818802967068 -0.108152412432263 -0.0615314209157969
-0.108085476523389 0.0647176060114897 -0.0685910498179532 -0.0351932434114789
-0.129284046452614 0.0521041647431526 -0.0125306130554135 0.0194542947027816
-0.129962935968566 -0.0351019933303263 -0.0337740333802 0.137219660219295
-0.0608994499297216 -0.114015953731937 -0.168888149249297 0.185299155676233
0.0733863524592238 -0.102898394708561 -0.361153027281122 0.008881780486497
0.0791334945245187 0.0207846926351077 -0.354902687193476 -0.22878347737992
-0.0274491530764812 0.049073338686645 -0.107170698664642 -0.333823275687766
-0.104933496242406 0.00312714920195214 0.0449908967067098 -0.140301854588139
-0.0812671053231214 0.0642435240425606 0.0909820492605334 0.115134630729213
0.00750794206250855 0.0725102650412728 0.21611188385263 0.0299359013970971
0.0761710120055428 0.00665941182153666 0.198075210748442 -0.186205966093411
0.0381533461661317 -0.076118073530274 0.0464705625837729 -0.275082789076728
-0.0494447263679128 -0.0601148080212285 -0.10397585821131 -0.228664603375844
-0.0726913034697572 0.0158829356126531 -0.156362936922883 -0.119433888467701
-0.0763042933217524 0.0660907274143661 -0.141641688946135 -0.0488467533822956
-0.0884122832502628 0.075089791501434 -0.104153441118152 -0.00298114774557228
-0.107134584787576 0.0785631570300741 -0.0599169908219487 0.046680525929638
-0.125435676180432 0.0122283673680131 -0.0698853404196402 0.147866215322346
-0.0908298438162411 -0.074094111213555 -0.168179826610121 0.198319814187959
0.0242396256168942 -0.108917886866171 -0.341975242730081 0.0672859630628326
0.0776611869413964 -0.00879821975379687 -0.360595247640437 -0.145387460480574
-0.000926723961887973 0.056642949049747 -0.124963337186191 -0.288987318547992
-0.0890172971615913 0.0378255856723139 0.0736479599980036 -0.128789201319999
-0.0518432195570189 0.0588564310413189 0.09697124843561 0.141520644088257
0.00774947894092943 0.0651804021207006 0.237357266639897 0.112197421523842
0.067558883140388 0.0213836661430306 0.303158048017006 -0.119444442495521
0.0427235649206733 -0.0531349422613703 0.162259001531607 -0.29549494641075
-0.0311333199583478 -0.0512448789983443 -0.0557622189977353 -0.297258098320623
-0.051581005634737 0.0148577738799593 -0.163347313963784 -0.162286060087524
-0.0485097526547938 0.05948305635716 -0.16633051504159 -0.042615227982001
-0.0535719210466057 0.0729245462912507 -0.125196641921789 0.0304351583481631
-0.0653412515227428 0.08311709479105 -0.0856135319698875 0.0817604700625044
-0.0887038804851651 0.0428041885202132 -0.084787746453018 0.172578117899709
-0.0819189815773121 -0.0278205958582165 -0.151126678535689 0.226354637642266
-0.00483303185262539 -0.0820341885914877 -0.302602480148304 0.138073892265058
0.0647014293576636 -0.0221158426710435 -0.34412952672556 -0.0477606160270447
0.0232682497024761 0.05221448027122 -0.142469631031535 -0.233888938519787
-0.0531732170460625 0.0613003002909919 0.0910186295258347 -0.129250235506658
-0.00914324188821286 -0.05811156598784 -0.0970947982267433 0.15669426667111
-0.0362964331788847 -0.0505306132787587 0.134645264827081 0.210108918009135
-0.0349053584172562 0.00918116789711958 0.311255689758719 -0.0189776294628252
0.0173955126553033 0.0361381495833268 0.23980256679024 -0.200704198304848
0.0488220088597849 -0.0166018767336436 0.110976799165412 -0.242801637767587
0.0373514931797778 -0.0513783353716464 0.0514615561506658 -0.187349543179721
0.0170317575381094 -0.0712790756912169 0.0688942207644359 -0.103644556157164
0.0168801640721274 -0.071720336430968 0.0984180621903567 -0.0489687655477323
0.0230053858823303 -0.0584249869511562 0.149301677735363 0.0396801266610649
0.0368352727940523 -0.0291632835752626 0.123924463909982 0.190507703089608
0.0233564395607852 0.0074583963255515 -0.00835159270808782 0.325540137812249
-0.0106778577447354 0.0133611758253366 -0.27126532257906 0.263278873719357
-0.0251752049617603 -0.030122073459507 -0.39413263017824 0.0256130418672431
0.00579177878243405 -0.0538785165501803 -0.281947753727388 -0.200496301726544
0.0234780742991608 -0.044394144121748 -0.117180754751991 -0.188792859603982
-0.0504267890223252 -0.0362131346914103 -0.0725054444443736 0.154443815199103
-0.0363823858893253 -0.0262111792304127 0.145596762544181 0.145307186879205
-0.0245897719815977 -0.00795862686951709 0.242912591699167 -0.0950875234907234
-0.00870423641532365 0.000460356609798829 0.153191512150573 -0.223636044944632
-0.00745104095944166 -0.0179616123271958 0.0533014891793661 -0.234649601706319
-0.0160434991103907 -0.0246716245979166 0.0201554888854552 -0.182270401837057
-0.0307072132680988 -0.0340139807429097 0.0497058673156091 -0.120688832410059
-0.028426939900125 -0.0464134192504102 0.0868362216877851 -0.0700212030255615
-0.0200500288511047 -0.0518793884842316 0.14875194942122 0.0345097953880153
0.00671481264472124 -0.0540117130586687 0.101580573502298 0.211452509655543
0.0294259851895234 -0.0337372136117613 -0.0857257821195501 0.334906184180639
0.0403876730154363 -0.00396480448263923 -0.374979366429889 0.187428445723362
0.00527713260049251 0.000815437442850706 -0.440540822316285 -0.11278883864623
-0.0104976776681383 -0.0270955680231994 -0.240774019851445 -0.30847519779122
-0.0142388470543098 -0.0476652651269405 -0.0891834472714686 -0.210446541826653
-0.0814861058695206 -0.00256429608348447 -0.0388216048542089 0.143774034162232
-0.0234384212913128 0.000118424080889589 0.14845291973137 0.0806919579241288
-0.00921818453604232 -0.0238413750159861 0.169036450313924 -0.143625233003258
-0.0279734276639484 -0.025881481176351 0.0667925064385208 -0.219248874654966
-0.0511706234856398 -0.0100421382546732 -0.00697473908525099 -0.202524877855217
-0.0552326523560841 0.00762494326598777 -0.0211451524296891 -0.155826517254954
-0.0664985047132459 0.00794369559353464 0.0141348198513419 -0.11937622844734
-0.068550115019387 -0.0156205830144233 0.0595634551217166 -0.0793082379497118
-0.0642090762976126 -0.0396163682621096 0.130558453592109 0.0266551774169153
-0.0269400650881553 -0.0778862638198017 0.0747090200004322 0.205834650892611
0.0337591361601631 -0.0754423592098572 -0.139539021764313 0.303530604433666
0.0886731083648781 -0.0147700722463935 -0.419121681280045 0.0939018430061757
0.0283122479226767 0.0364132594747536 -0.429848335124743 -0.225059395067479
-0.0312523923241173 -0.00471841358887937 -0.182938022265874 -0.374002227335861
-0.0489286291778507 -0.0517805582127607 -0.0552547692280113 -0.212358978383272
-0.100207822573585 0.030133175101524 -0.00133021729377663 0.12529719103645
-0.00789657702832477 0.0267248750161668 0.15246994438944 0.0271542770742863
0.0150057375417906 -0.031189391503352 0.114599602173038 -0.174993413948746
-0.0284929544342877 -0.0493747436990608 0.00236169861951445 -0.209179725206214
-0.0733602006516156 -0.0106212959125441 -0.0585219037572204 -0.167455581936244
-0.0768347677570315 0.0288047301400789 -0.0620081435200566 -0.120608155174252
-0.0873085527681326 0.0406627514604172 -0.0266692483555423 -0.102559394675182
-0.0971855782044117 0.0149252175738531 0.0206397016105695 -0.0754215359191164
-0.101798219346055 -0.0174926919156176 0.0945465683834163 0.0148683787359152
-0.0655216178773778 -0.0882110191744585 0.0427040640491167 0.179204260346005
0.0219861625728521 -0.108392649779557 -0.163197962138596 0.248249234533578
0.115388781197593 -0.0337701597099059 -0.408981040816 0.017375685456566
0.0465980580328341 0.0565772109402707 -0.385694171247146 -0.283096895547622
-0.0459237257780553 0.0156766358400164 -0.126478447738701 -0.389048793938743
-0.0794019434263676 -0.0483237067494581 -0.019023605699843 -0.192707872759323
-0.107050908004709 0.0528884563210418 0.0366625236521483 0.110370111385733
0.00447396050856455 0.0491982954704943 0.163070377070353 -0.00550091410056346
0.0422890402641567 -0.0280269222739914 0.0964921421596406 -0.195255317298967
-0.0119066007068578 -0.0705614862308918 -0.0295059175350807 -0.212167267848289
-0.0779250963082441 -0.0259079819788021 -0.0963085125327224 -0.152860042992935
-0.0865714099699369 0.0335623148299561 -0.0998147789322983 -0.095918445756476
-0.0958272804160614 0.0614839503392808 -0.0687307304039319 -0.080926558271651
-0.110686417973506 0.0433664299262915 -0.0244914824368578 -0.0602069469394658
-0.126596879937493 0.0152101516029072 0.044070254059456 0.0105308957144268
-0.104162133997981 -0.0734314940028871 0.00681730771345387 0.150408121513784
-0.0142028058887879 -0.125028822016651 -0.167146473374276 0.203742348006709
0.109915129015504 -0.0693222372351457 -0.38315219279861 -0.0111958103051658
0.0659285392127284 0.0487012450711028 -0.359067956273332 -0.278874945451286
-0.0455829767027748 0.0331864246272855 -0.103855178573258 -0.369725230825081
-0.0997082006546547 -0.0300292233787091 0.0135760933751449 -0.165415734848545
-0.099355638888569 0.0651636323544247 0.0687945109341261 0.104932018651107
0.00933481698792829 0.0662394642554779 0.187229522522115 -0.00954440835873353
0.0659291757723057 -0.0144987521135574 0.122829559479786 -0.206477657316829
0.0142221952074485 -0.0820121676416435 -0.0199323032570447 -0.239475870044842
-0.0692080852214167 -0.0474298231286146 -0.116637001280839 -0.174329047262888
-0.0851164427564847 0.0263029849654768 -0.134410769512481 -0.0944784041326684
-0.0923784459537704 0.0689999120061574 -0.109106596188613 -0.0619461444502861
-0.108255215211187 0.0654384798927691 -0.0691498127082133 -0.0348931833341579
-0.129201966073849 0.0524072983564547 -0.0126517682564788 0.0203942828397791
-0.130590742082749 -0.0342557351576523 -0.0331017353278442 0.13794132044713
-0.0618567408515642 -0.114017340128461 -0.169704584375576 0.186242174446059
0.0728850233214511 -0.103321997372443 -0.363226596181043 0.00981163988442744
0.0795307264962526 0.0207971524800666 -0.358098397234552 -0.228346317035872
-0.0277679726246067 0.0493848476372572 -0.109100423440753 -0.335913096584918
-0.105138737833818 0.00273511682862858 0.0453453278576328 -0.141768266749318
-0.0809833452809316 0.064392910577606 0.0911660535909689 0.116816272132524
0.00749350827501921 0.0730733871453792 0.217658766284501 0.0302658978723474
0.0761522740976308 0.00664859164134511 0.198232909435687 -0.187602461085632
0.0383143216656216 -0.0762617341311708 0.0464272530778423 -0.276646065510845
-0.0506178003800619 -0.0607054573767919 -0.104558944669508 -0.229549014775919
-0.0726578693538259 0.0158972197353571 -0.157014891361502 -0.120034168191183
-0.0758901178350458 0.0665394692537275 -0.142227642638044 -0.0487478283454943
-0.0881840812996292 0.075793738305658 -0.104311641403774 -0.00262243382164493
-0.106952764555911 0.0791678678759426 -0.0601814979390992 0.0470880106772475
-0.125461489968337 0.0127534683618075 -0.0690991231268157 0.149730458328653
-0.0914157984287456 -0.074501178387043 -0.169033754575087 0.200210874692526
0.0237425937574495 -0.109478713968686 -0.343627956821484 0.0681828162148077
0.0782859517720672 -0.00941013131149393 -0.362389393743144 -0.144709419916706
-0.000904041367323024 0.0569206231370803 -0.126600512343122 -0.290177885582457
-0.0890879870137453 0.0378912968870933 0.0737332414470804 -0.130129623335134
-0.0512531023479184 0.0588943325822472 0.09716403028176 0.142926300868938
0.0076830673735046 0.0651529550348047 0.239839095135461 0.112171290121572
0.0673173133117873 0.0209096897823664 0.305452708427138 -0.120159842712449
0.0425259128124748 -0.0532630858549592 0.162673202191545 -0.297242159210805
-0.0312080349138794 -0.0511985000910323 -0.0559688367096761 -0.299224695031396
-0.05157626744942 0.0151542826062467 -0.164107219766924 -0.163021163386717
-0.0481321894312028 0.0598389337581524 -0.166897390006787 -0.0430212501188449
-0.0535230069479424 0.073405330264834 -0.125774024421734 0.0307165379771096
-0.0647880492254267 0.0841228056277075 -0.0858721329096139 0.0821661595835236
-0.0885623952133118 0.0431105121902575 -0.0841663751601705 0.174385518200775
-0.0822446656584916 -0.0274084865458684 -0.150449682247353 0.228615953681415
-0.00533143134747185 -0.0823319311470584 -0.303557522702226 0.14042423941214
0.0645090317455835 -0.0228404686706672 -0.34644646754269 -0.0457271491299345
0.0235786297813171 0.0525485438621225 -0.143738804020348 -0.234462399959067
-0.0530246007380118 0.0612236051198059 0.090664553804867 -0.12989482034657
-0.00917748138783892 -0.058054183431751 -0.0969642540935288 0.157495855056884
-0.0369735667151879 -0.0507434264485729 0.136148047510783 0.211693692511834
-0.0354626154413943 0.00961465878826465 0.313453018080747 -0.0204854067402874
0.0180447004608766 0.0361719133845384 0.240858993592195 -0.203580309045921
0.0491998279931375 -0.0166615657332529 0.111002779729095 -0.244707342078645
0.0372951197546267 -0.0517227525576498 0.0502605591520793 -0.189020527182577
0.0168038710288771 -0.0723241268462166 0.0690412487099258 -0.105146392945491
0.0163220316907839 -0.0722986804497577 0.098740512975302 -0.049686824707208
0.0233244474064569 -0.0593177071645629 0.150187265520311 0.0396910642072264
0.0372422852151389 -0.0299770006563208 0.125104597284818 0.192548684364965
0.0237597282081957 0.00771198528862711 -0.00860542633097451 0.328993640458116
-0.010597606683719 0.0136608426937923 -0.273620245000276 0.265722246989445
-0.0254724277163669 -0.0300344118789204 -0.39865782236297 0.0256281859532535
0.00576022858232189 -0.054427102370724 -0.284540631334065 -0.20261724827022
0.0229187983281448 -0.0443298485594878 -0.118089631382307 -0.190822898636426
-0.0515920704674011 -0.0365156882387048 -0.0726491666054957 0.15560793806499
-0.0370214425118288 -0.0259227201621502 0.146716990974515 0.145817857574802
-0.0255824180626918 -0.00818023689978517 0.244638616541765 -0.0963746572670003
-0.00835129320807977 0.00108671363487761 0.152891458977944 -0.226776292335795
-0.00732478199205625 -0.0180739138756691 0.0536904998533779 -0.237155759054349
-0.0165582727209343 -0.0252572484974514 0.0188722254240812 -0.183984731318875
-0.0314245019407122 -0.0343152349807849 0.0496585773496724 -0.122077375896191
-0.0289634435404674 -0.0474398828058259 0.087318925508959 -0.070978514704074
-0.019553884488384 -0.0526121845023544 0.149289389062095 0.0350066854137995
0.00760315540252465 -0.0546419709944487 0.102750697370585 0.212325200132604
0.029724111731016 -0.0340168829090057 -0.0862192118925692 0.337260039367689
0.0408978007242414 -0.00429998366622648 -0.378410300990413 0.189028130292707
0.00511212225867827 0.0015971529952412 -0.443890068720417 -0.113942401536477
-0.0112168529559 -0.0269849182136681 -0.244005052455757 -0.311338149359198
-0.0142967420271063 -0.0486542700902448 -0.0902100998340034 -0.213117368583179
-0.0825584408559498 -0.00313466596546587 -0.0389429456170523 0.144476264439791
-0.0247098527424903 0.000331007366420962 0.149665126737863 0.0815520235108179
-0.00950503987688905 -0.0245031723421362 0.170017141150982 -0.145368582999583
-0.0284706417038364 -0.0261327389817479 0.0669196579888116 -0.221354446880911
-0.05124800807541 -0.00912577763132801 -0.00774018758066965 -0.20442820406525
-0.05492499774532 0.00835602847793036 -0.022122762555044 -0.157238243375119
-0.0664488434709814 0.00804110285851339 0.0135650318558455 -0.120235861605039
-0.0692601241749558 -0.0160724865585695 0.0596085612054395 -0.0792893399365948
-0.064515884927998 -0.0399023949512794 0.131119388550866 0.0265166842647629
-0.0274169188921958 -0.0782561424040576 0.0755270943645537 0.20803418603855
0.0337819562735738 -0.0759494525822616 -0.141159803520836 0.306446586565109
0.0890154678421594 -0.0153321344583528 -0.422245676163811 0.0944050160567537
0.0285470958902671 0.0369918135702867 -0.432975387317125 -0.227385358105657
-0.0323302358767268 -0.00479640072520688 -0.183955419664549 -0.377257626752663
-0.0497107611540186 -0.0527933085287463 -0.0552777091614237 -0.21512196758037
-0.100873709181626 0.0298595338218935 -0.000718145102965182 0.12731898223161
-0.00859596255112418 0.0267956987764394 0.153649297527229 0.0275584984050554
0.0146199430446139 -0.0314606528982796 0.115044754836333 -0.177031454835223
-0.0288624062779247 -0.0498650755944269 0.00160268327707355 -0.211437816062399
-0.07430137879883 -0.0108148901727481 -0.0591176907998466 -0.168987872577546
-0.0770664019911712 0.0297657120048327 -0.0628263333506867 -0.121939520676577
-0.0879976348829218 0.0409786373514561 -0.0272753433143366 -0.103063840448298
-0.0975068766979821 0.0150219914401556 0.0206581120230819 -0.0761608512725554
-0.102297626236446 -0.0179398000471924 0.0946237217944883 0.015243657959086
-0.0661517665770222 -0.0885604800605003 0.0435487404582842 0.180426024877442
0.0220689166552994 -0.108518527297415 -0.164425752705628 0.249856143232999
0.115762818137491 -0.0336637239483489 -0.411403251681498 0.0185786668003458
0.0470330718613069 0.0573979303123934 -0.388898655395202 -0.284478905662214
-0.0468162548927267 0.0153535994309347 -0.127142613695918 -0.392246813663342
-0.0796851019620157 -0.0494782183715341 -0.0188609202496963 -0.195343732703532
-0.10745267046531 0.0529026972394114 0.0370581943355673 0.111460525817789
0.00398563553981421 0.0497442791523711 0.16496159900666 -0.00512166179507927
0.0422592889335171 -0.0281886834136514 0.0964996125979107 -0.197012125089318
-0.0119972338667453 -0.0707467016618709 -0.0301441051893674 -0.214163470382189
-0.078832122121567 -0.0260140998313518 -0.0974936270442645 -0.154672577711281
-0.0868884100790494 0.0337244491802798 -0.100839613822032 -0.096649768738132
-0.0964562902460008 0.0616878077632581 -0.0692524284727324 -0.0814434881141297
-0.111446513211256 0.0442526369734454 -0.0248126161330335 -0.0604639701902359
-0.126427115867558 0.015672348779536 0.0442604289671538 0.0105369884690533
-0.105430920092509 -0.0735088214336501 0.00755726630700336 0.152073459961113
-0.014570229265711 -0.125705643620451 -0.167767994767359 0.205238500104801
0.110259946004405 -0.0695503695887543 -0.386504604597081 -0.0107636523041427
0.0662675865402701 0.0493100778753632 -0.361450281642282 -0.280577735123463
-0.0459990658958703 0.033451721923373 -0.104731685230113 -0.37360831793371
-0.0999135255782851 -0.0304441284217224 0.0139814757396879 -0.167913228798261
-0.0994213538704113 0.0654906850704784 0.0700565148724907 0.106489596584772
0.0092205089040121 0.0672014217928862 0.189088288609576 -0.00939290525044614
0.0656522873028198 -0.0146715002520431 0.123773887990757 -0.2086882209173
0.0139427820476445 -0.0829156467646849 -0.0203026890517033 -0.241259761453703
-0.0703042389618775 -0.0470398781767822 -0.117792665175678 -0.176339234995988
-0.0852084225770632 0.0265236434139716 -0.135133214448213 -0.0949903269029513
-0.0922876440254897 0.0696936118625296 -0.110079668258384 -0.062075563390448
-0.108906649017759 0.0665319678636786 -0.0693463454138399 -0.0346356785153631
-0.129184911955785 0.0530805184283194 -0.0127574623574783 0.0208191862376795
-0.131715473935752 -0.0339771677808716 -0.0330385994895682 0.139277480619509
-0.0628667265924767 -0.114205711612872 -0.169851515441303 0.18784655823975
0.0729807024384413 -0.104462441682314 -0.366533186020641 0.0109971627819449
0.0798333505150676 0.0204018231939806 -0.361083764941225 -0.229226943205518
-0.0283649439318243 0.049874976341075 -0.1102564523173 -0.338033289215042
-0.105271815100248 0.00274438362790202 0.04548212457659 -0.143263525749165
-0.0812821709762568 0.0645368054109532 0.0924838149943869 0.117851164919808
0.00689591679841491 0.0736755287953598 0.220031366926649 0.0307391307354766
0.0764294172467292 0.00676238710806255 0.200289568737291 -0.189758366604815
0.0381858101979569 -0.0771086787538817 0.0464470041770765 -0.278916507761019
-0.0506652825396734 -0.0607548015660964 -0.105154232503978 -0.231826254558253
-0.0733595573899854 0.0160041135239604 -0.158006881975695 -0.121256021022412
-0.0763116621229141 0.067305486995556 -0.143561663026528 -0.0488933376140169
-0.0885952053934822 0.0766533161145008 -0.105368513422971 -0.0021416186195335
-0.10681055572214 0.0799746752417767 -0.0607360667370746 0.0482388028463712
-0.12637220548274 0.0133613589162874 -0.0689165849837038 0.151185027681877
-0.092216168762008 -0.0738181492879299 -0.16876081856264 0.201690243945974
0.0231905419740776 -0.110381420533988 -0.346167692518714 0.0697814616625172
0.0782445910323302 -0.00954346157132349 -0.365958964822961 -0.144676911549146
-0.000636766120043607 0.0573884094083722 -0.128450893313479 -0.292211352802995
-0.0887285745729386 0.038291941249987 0.0744192741181507 -0.131190726217751
-0.0509657170506639 0.0594461853161894 0.0985646343001839 0.145412130543374
0.00794263785457956 0.0658043173558879 0.241962278112424 0.114063508679848
0.0678524384204105 0.0206011634156011 0.307563008548207 -0.121276052467737
0.0423320276442553 -0.0539427807638394 0.164168308842122 -0.29997407137372
-0.0321898044507387 -0.0514282398232147 -0.0560066042060159 -0.302362008443262
-0.051661795270199 0.0154268782071945 -0.164910995034887 -0.164748633758274
-0.0478836447293348 0.0602731019875545 -0.167827087109542 -0.0432069990002608
-0.0535133550061142 0.0740748259248553 -0.126616438510036 0.0313542820209937
-0.0650877772827888 0.0844607375386147 -0.08643494915973 0.084372268022748
-0.0889494987809571 0.0443971266739077 -0.0835064349009124 0.176747118155257
-0.0829767660228025 -0.0271507453043338 -0.150799967972967 0.231161568194305
-0.0062653060508678 -0.0826917228655758 -0.304819945148312 0.142321753608745
0.0648315070623394 -0.0227454785016498 -0.349359965607021 -0.0451958575997043
0.0238364194460937 0.052977582014888 -0.145592483320164 -0.235808410404923
-0.0524637416392472 0.0619626692956629 0.0910249848096869 -0.131067953915966
-0.00977871705557343 -0.0589071726784631 -0.0978941262479352 0.15918833147557
-0.0376572334776121 -0.0508524544803715 0.137878741743747 0.214332027443684
-0.035613960573091 0.00951928364380284 0.316567771205328 -0.0220407783294271
0.0184713068157917 0.0364587489383834 0.24254068594494 -0.207106858413437
0.0492269987746609 -0.0169551140992478 0.111155234525786 -0.248480232592917
0.0373296074324445 -0.0523278017790239 0.0499400812820386 -0.191674546924158
0.0168520866201194 -0.0733455265417399 0.0690810272992582 -0.107133736473726
0.0158529581465799 -0.0733009726344329 0.0999572595347307 -0.0504451071496859
0.0231717415872095 -0.0600329102239017 0.151549023579034 0.0402457527530622
0.0375071012834776 -0.0306313736751129 0.126266399990779 0.194340539309397
0.0242792703846125 0.00777888876886868 -0.00865424231955032 0.331481685887572
-0.0100662639382127 0.0136556180271634 -0.277541463894248 0.26901068074617
-0.0255439523499459 -0.0298644572648568 -0.402658108770828 0.0256505022077978
0.00568649974430585 -0.0544397459731472 -0.287606034195422 -0.205527955384541
0.0225306276157475 -0.0443803986237442 -0.119534242532218 -0.193965350130134
-0.0522249734323702 -0.0365079200035067 -0.073436067519116 0.156728087642436
-0.0382301884691317 -0.0261949831027898 0.148885014138653 0.147496096944173
-0.0265616900290441 -0.00800512461279692 0.246152804710833 -0.0982604128106669
-0.00775435944115372 0.000936640211239299 0.152922836064687 -0.22978951397855
-0.00733228043659699 -0.0177337285431371 0.052269342100526 -0.239849421823071
-0.0165486611680461 -0.0253402057511904 0.0181984995462897 -0.186583807753887
-0.0316812139874584 -0.0345210834659471 0.0493352179699485 -0.123868573836264
-0.0295963935837743 -0.0481773687522752 0.0877128642054827 -0.0715293723940764
-0.0201198779458949 -0.0529279116381886 0.15076281296708 0.0352783771046686
0.00748105720932177 -0.0555698211898919 0.10387045195872 0.214808510674224
0.0302717664171341 -0.0342106405746745 -0.0875060895294175 0.340321677047051
0.0413464313003423 -0.00368053306250394 -0.382302140331226 0.190685453800643
0.00512659077841215 0.00213550271535648 -0.449318004779649 -0.115479134225235
-0.0113468131969439 -0.0271172286796816 -0.246149411738217 -0.31466530723798
-0.0145341569606061 -0.0488853649759737 -0.0908401396692132 -0.216472840500358
-0.0835395288454866 -0.00331590237304018 -0.0390337847141762 0.146237787622911
-0.025263419512177 0.000512806755610118 0.151182257549529 0.0820153095436565
-0.00995446940222302 -0.0236967745874034 0.170645547575309 -0.147779651424719
-0.0284510498145576 -0.0261827416772277 0.0660723131294318 -0.224823136655285
-0.0516053744670429 -0.00930414150241054 -0.00859586848984503 -0.206705023361396
-0.05545830898889 0.00827970160151268 -0.0229943736134971 -0.159768457309131
-0.0672245711347231 0.00792592038345456 0.0138925654773491 -0.121858282750551
-0.0700167034708091 -0.0163856662225296 0.0596778541982008 -0.0808246115525766
-0.0647084800430677 -0.0404146121531157 0.131850163083453 0.0260909335412217
-0.0277095037841896 -0.0795664577957156 0.076675659917793 0.210039764406919
0.0343209233000194 -0.0766201419107911 -0.142218533049852 0.309152780791753
0.089864728845018 -0.0151389156253206 -0.426739885951773 0.096759363763923
0.0283892341714526 0.0378093379189188 -0.437432156967036 -0.228907620128578
-0.0324822749926492 -0.00435572371395147 -0.186447870742214 -0.382507040181854
-0.0503710393548228 -0.0533367204765805 -0.0561589525882402 -0.218750748638851
-0.102021268683709 0.03002042699824 -0.000218871174654564 0.128664213709846
-0.00942764805979206 0.0274638581922157 0.155681166991093 0.0275928805232316
0.0143120184421283 -0.0309613512847759 0.115717739574947 -0.179320171336596
-0.0289162234192325 -0.0498626264667698 0.00130534923405858 -0.213105526972226
-0.0743688481195769 -0.0105256539281549 -0.0600035619550666 -0.17128091135916
-0.077942235173701 0.0296796243609845 -0.0641042616972101 -0.123650080293928
-0.0886039635185836 0.0416324792026113 -0.0280407928284726 -0.104635896495713
-0.098535211647722 0.0154899557979423 0.0203343006391643 -0.0766301242458204
-0.103116259687279 -0.0182465540201572 0.0955070453393339 0.0151989796153132
-0.0667576526280688 -0.0892279347824473 0.043407704834122 0.182274114010433
0.0219391198343565 -0.109496376828259 -0.164915579378534 0.252532913824963
0.116640631301971 -0.0342809170829927 -0.415902134634219 0.0186514688892889
0.0468970453468236 0.0576530434668698 -0.392998403843406 -0.286947099842866
-0.0478487217461319 0.0154183853364311 -0.128552354955541 -0.396650191818545
-0.0801610328870255 -0.0499765214713611 -0.0188317825163725 -0.198220165010336
-0.108569560191174 0.0533500964439215 0.0378051373194933 0.113054854273108
0.00359885520664655 0.0504123327419545 0.16674269021415 -0.00499793058614561
0.0422576960587081 -0.0285681255018833 0.0965798746877589 -0.199567038588664
-0.0120810607935543 -0.0715918054156606 -0.0311349031790215 -0.216395879939342
-0.0797331536458689 -0.025917319091302 -0.098585182271956 -0.156149332067895
-0.0875786601965149 0.0341459001099056 -0.10235727921977 -0.0980897152471568
-0.0969647943593254 0.0620050920498363 -0.0702137392358272 -0.0821955123683426
-0.112709627656977 0.0448733800395598 -0.0252031355620484 -0.0608579603542437
-0.127254084810452 0.0153553682861686 0.0441098928058855 0.0105040902439896
-0.106073488147533 -0.0736855495572457 0.00823644614989039 0.153523785376203
-0.014893395797774 -0.126516276982948 -0.169313337320656 0.207332610401253
0.110684891692063 -0.0703524174946695 -0.389806091730504 -0.010535855561804
0.0665480696934967 0.0495771947144928 -0.365806370996371 -0.282192881158221
-0.0467282581053539 0.0336965711188483 -0.106321270615482 -0.377404670503213
-0.100588691914995 -0.0313404183537676 0.0144426004348357 -0.16984249138848
-0.100656814693554 0.0663557002800132 0.0717220393461946 0.107551108530418
0.00837000267420787 0.0680681882142994 0.191466973694573 -0.0091972188140438
0.0660515441980879 -0.015007429567366 0.124116112846409 -0.21144160189343
0.0140128672255799 -0.0836145120930706 -0.0208924311165723 -0.244086896112852
-0.0710490492719388 -0.0476303241791837 -0.118469045194365 -0.178154746880948
-0.0857842572845769 0.0267745005025045 -0.136725650476959 -0.0963726141432226
-0.0927488944326262 0.0701774087329 -0.110550397857502 -0.0622559432315437
-0.109303566546431 0.0671479159995442 -0.0704989955447572 -0.0348646979875711
-0.130098033248896 0.0539045202851387 -0.0129103735847378 0.0210892062735196
-0.132698052327205 -0.0333795943179745 -0.0321317876660921 0.141418884366705
-0.0635182324113146 -0.115069796825298 -0.171529281177673 0.190013279598111
0.0725455074370174 -0.105199280286038 -0.370377986997741 0.0125536788928764
0.0802976486379578 0.0207422481999271 -0.365572348039249 -0.230504526153302
-0.0285224238794709 0.0497631615591429 -0.111729628366647 -0.342312597298648
-0.105936462161647 0.00266637102664272 0.045875670425293 -0.145947336583114
-0.0818248359844002 0.0650776082736848 0.0938051412793998 0.119986287136727
0.00673522595085653 0.0740533512898876 0.223178564649881 0.0314277224735388
0.0772117057186812 0.00660778784646841 0.201699846285586 -0.191340928589592
0.0391048027935705 -0.0780793581872984 0.0473452809283287 -0.282369338925821
-0.0516562944895333 -0.0612857420556047 -0.106534756744774 -0.234553443941179
-0.0738492969722751 0.0167864554179758 -0.159738418008656 -0.122822046562141
-0.0766698518479433 0.067297036741675 -0.144761739417815 -0.0491323983307434
-0.0888483312827363 0.0778455613201313 -0.106324265827058 -0.00160414069536521
-0.107387758435368 0.0809508849864927 -0.0612344771832841 0.0494292887274321
-0.127496138847217 0.014362042664764 -0.0686539557853969 0.153327777788886
-0.0934292476642337 -0.0738713829093293 -0.170603425057331 0.203838954606273
0.0229509690026243 -0.111129167584415 -0.349988672404288 0.0724715106378074
0.0785612438367103 -0.00975302832995598 -0.368820272322755 -0.145098298067378
-0.000982919747184278 0.0574482214608116 -0.130094388687165 -0.295465327122525
-0.0892179231285553 0.0384248456828934 0.074394363205622 -0.133355718352145
-0.0509148021896863 0.0601662558930617 0.0997044284527532 0.147275352178099
0.00783073194344974 0.066420881862345 0.244925830563661 0.115619156706608
0.0682016074787156 0.0205863323111154 0.311004260455386 -0.122385779272
0.0427513712503027 -0.0541297535350032 0.165871609741035 -0.302476560344589
-0.0325152210873901 -0.0520007812703571 -0.0569681152593054 -0.304920474348677
-0.0519366994089893 0.0159111221118301 -0.16616571691825 -0.166144971401094
-0.048112816544681 0.0609704969158096 -0.169153681260039 -0.0430878650756283
-0.0533574373952303 0.0755381880636278 -0.127595777016567 0.0323101302829909
-0.0646495895605568 0.0859417115921157 -0.086697642041691 0.0853676368890916
-0.0890850265323911 0.0452708655612424 -0.0832920809554801 0.178261280423912
-0.0836593007741883 -0.0266753689063189 -0.15130896562258 0.233693283623105
-0.00674313102185526 -0.0835968145634284 -0.30718383295344 0.145415320244546
0.0654731610576249 -0.0236165813840459 -0.352283587154059 -0.0445969738587182
0.0239834746698195 0.0535311585177516 -0.147980466357351 -0.238522892258045
-0.0528219596425524 0.06251688648456 0.0914779961542162 -0.132708515603675
-0.0100914640437119 -0.0592249190996121 -0.099166017440614 0.160724499496566
-0.0382825843721128 -0.0515274085767311 0.139518568826374 0.216272994878276
-0.0363899730958911 0.010184174730076 0.320186117670533 -0.0233051557575817
0.0191423615866079 0.0370089612434181 0.2446519302415 -0.210872202033644
0.0495548397261593 -0.017462140560415 0.11189745260283 -0.25262770922729
0.0376040507830895 -0.0535640534553494 0.0493822857946719 -0.194719709409064
0.0164000193584098 -0.074212180592262 0.0691899126340353 -0.109276683619752
0.0156667743684925 -0.0746276328846515 0.100672664544238 -0.0514725076643163
0.0230516607165589 -0.0613916494530626 0.152575339163707 0.0409671632969831
0.0382354177290042 -0.0308783265052487 0.128110627749901 0.196800201520955
0.024937749306903 0.00799669735501376 -0.00841996997074055 0.335649611947462
-0.0103094000340224 0.0142454231108336 -0.28052224181056 0.273092102029339
-0.0259125113350388 -0.030351151305786 -0.408483018279899 0.0262687174045285
0.00535810770274051 -0.0545667646949452 -0.29140588342914 -0.208351966146276
0.0226596127616652 -0.0449732796938009 -0.120939339560679 -0.197674500627589
-0.0529963198992051 -0.0373169828972963 -0.0736984292157347 0.158488321396665
-0.0390718092917938 -0.0263635066155542 0.150703932790313 0.148855131722747
-0.0269248960986653 -0.00802138481220064 0.248432073564569 -0.100803464844827
-0.0082133461566281 0.00104279503602408 0.154582440092909 -0.233731217587964
-0.00768938262245841 -0.0174862816004123 0.0521321497511824 -0.243833689795949
-0.0167154518882335 -0.0254564186049863 0.0175725270943744 -0.18954502516237
-0.0320043994645682 -0.0354760623717289 0.0493474691517377 -0.125992029522491
-0.0305747558454308 -0.0485165396722896 0.0883824978001476 -0.0724512053797926
-0.0204644531514794 -0.054263759355664 0.152478005604482 0.0358606169149634
0.00746605645455965 -0.0559856133116371 0.106058391857963 0.217903949373115
0.0305363871448839 -0.0346799711590113 -0.0877678770082067 0.345683109774991
0.0415711456572433 -0.00392736017881884 -0.387558222533473 0.194076623540433
0.00495967282669632 0.00244387159632996 -0.455838323741844 -0.116334822465511
-0.0127081613076376 -0.0274093535185105 -0.250062985927653 -0.320187957932422
-0.0156125145208056 -0.0493680455458646 -0.0919012230826032 -0.220457523506182
-0.0850736724160714 -0.00321843328290413 -0.0396260871888839 0.147984394035428
-0.0262423137303116 0.00118498466419996 0.152934291845681 0.0832293691766346
-0.0109476839382046 -0.0238139654802611 0.172250929166832 -0.151383281674707
-0.0286983596811275 -0.0269072407656257 0.0664311653612807 -0.227393336229849
-0.0522511961994868 -0.00869185760148696 -0.00974516468782534 -0.210534625712606
-0.0559815828694266 0.00867402270731074 -0.0238511530835036 -0.162012520495631
-0.0682782784207848 0.00822298066131966 0.0131858502576801 -0.122691857236498
-0.0711526457105992 -0.0162235303093378 0.0600831364134306 -0.082065914384388
-0.065710983864186 -0.0408139245829975 0.133581099101305 0.0271091453812263
-0.0276910039822757 -0.0802859908915234 0.0775861468468292 0.212349189700239
0.0346619041189333 -0.0777940595429093 -0.143513453119809 0.313387195451128
0.0915178144046231 -0.0151894834480617 -0.432103553296647 0.0982840756987026
0.0282130565895282 0.0384505213808046 -0.44321648110823 -0.23166540642661
-0.0332780375620867 -0.00425500844057053 -0.188969182762204 -0.386963581122008
-0.0509221079656657 -0.0541345741602475 -0.05657314081902 -0.222497043725531
-0.103405149954298 0.0305441592178097 -0.000108812103402032 0.129613604763976
-0.0100380186195729 0.0282315890462947 0.157183298437633 0.0281026442740093
0.013837671141809 -0.0316580526987221 0.116080435186502 -0.182676849462133
-0.0290862812742942 -0.0506742195783926 0.000182329979966446 -0.216637980365916
-0.0752467720133905 -0.0102265840147275 -0.0616905882197492 -0.174441919534651
-0.0785742713182803 0.0300041694081859 -0.0648228585088102 -0.125463818175617
-0.0895452667442772 0.0422168148142485 -0.0280537852029085 -0.10548328217572
-0.0996971690477837 0.0157070368548104 0.0201364828928852 -0.0775875556754169
-0.10415241630486 -0.0185929245039554 0.0962818838351578 0.0152671258433105
-0.0673027387147321 -0.0899475619476412 0.044692011684993 0.184426122532146
0.0222832459229064 -0.11090295054761 -0.16738270160619 0.256016320165379
0.118205399818748 -0.0343905663429087 -0.421687810736852 0.0194434916870799
0.047027595087055 0.0582590594976037 -0.397668250644974 -0.290063264843547
-0.0486209374405001 0.0155007216479922 -0.131220296887354 -0.401718006342565
-0.0812895741075615 -0.0508058283240923 -0.0190549693033551 -0.201775947894116
-0.109890632355833 0.054172000195132 0.0390532036251317 0.114369720201222
0.00274785491250416 0.0513468563831372 0.169082086354298 -0.00529276921221062
0.0421245925164841 -0.028690520604808 0.0968553221848664 -0.202732529096763
-0.0124107296030889 -0.0725461858435299 -0.0325425847372279 -0.219632218189845
-0.0802219577201158 -0.0261522813559282 -0.0999410149509892 -0.15909572471657
-0.0879621530824211 0.0348559626330063 -0.103599546217806 -0.0995367225984495
-0.0979206705386099 0.0630742017229819 -0.0709433022986659 -0.0825662611105235
-0.114132866308009 0.0457652461495026 -0.0262624811404112 -0.0615451971524454
-0.129090927463576 0.016401977412298 0.0446701678977328 0.0109890454827276
-0.107608684087746 -0.0740749266889287 0.00850843649240021 0.1556228632769
-0.015584908352153 -0.127636967678899 -0.17120377682658 0.210313798186905
0.111810278820791 -0.0711810326969275 -0.396255870335233 -0.009408463764693
0.0670374272816054 0.0501031156995267 -0.370099225753744 -0.285195084933624
-0.047703413046179 0.0341003888186069 -0.10817241921551 -0.382404860262706
-0.101863233869596 -0.0318750901310722 0.0148282808749461 -0.172805531397639
-0.10123241372674 0.066548514153311 0.0726601766625142 0.109883784237703
0.00838045056783664 0.0690210906414182 0.194167371187272 -0.00917141682993747
0.0666954770639366 -0.0147762253494455 0.12537261200185 -0.214321921111403
0.0144463628105236 -0.0849298132813139 -0.0218364249072274 -0.248100506937785
-0.0717563622362757 -0.0480458747583615 -0.120021670361858 -0.180623681916563
-0.0870045018724843 0.0274937667754438 -0.137899797869244 -0.0980382513443498
-0.0934681101052681 0.0714475335701847 -0.112365006917462 -0.0626149882349079
-0.110240710698444 0.0686686434300192 -0.071637564470607 -0.0348938051197968
-0.130948239241408 0.0548315151766376 -0.0135375464282853 0.022088235698914
-0.133901238034055 -0.0332730647935752 -0.0320368777545969 0.143331387015683
-0.0647139738350422 -0.115659449324798 -0.172595272851992 0.19301713613616
0.0732847739432667 -0.106898891805572 -0.375593324961935 0.0129814700626327
0.0807024329361823 0.0207703320336498 -0.370178347625319 -0.231736260739673
-0.0292063868399146 0.0505007751225839 -0.114366292404927 -0.347299907925225
-0.107185948359919 0.00247426062251025 0.0461681600608344 -0.148032300484269
-0.0822143358241788 0.0657258511020793 0.0956096786914883 0.122683218591845
0.00613719282262745 0.0757150631279526 0.226519073986257 0.0322265587083469
0.0774679520961429 0.00653271441707605 0.20512725350293 -0.194985217788545
0.0383252720877545 -0.0786417965194516 0.0476131755327793 -0.286179821921325
-0.0528529831809418 -0.0620069972023891 -0.107821040647914 -0.237983561880053
-0.0741061379328096 0.016819191814801 -0.161316093166473 -0.125243622136442
-0.0768238824355762 0.0690257562639036 -0.146694159894857 -0.0495937710903654
-0.0895180447401215 0.0793684830285207 -0.107435290540541 -0.00119398697637201
-0.107642466543701 0.0827113846691005 -0.0621280579477545 0.0505507129647378
-0.128242675073953 0.0153893566696366 -0.0691258921635988 0.155785695279112
-0.0950436553084378 -0.0740106409849905 -0.171749168383387 0.207705906379974
0.0225944262025711 -0.112454957480644 -0.353638425689471 0.0740016618615133
0.0789641101863842 -0.0104328068963204 -0.375155674168885 -0.144814472388039
-0.00138882040418032 0.0584008724453073 -0.132993620260218 -0.298760245088247
-0.0902757199286768 0.0389841980635387 0.0752118766809775 -0.134947411701934
-0.0509069196043943 0.0607658031527649 0.100947160988383 0.150772725315188
0.00790004563666955 0.0669135835335553 0.248547218499611 0.117517442419636
0.0687175673964596 0.020159539366188 0.315488924365304 -0.124584243866105
0.0427261339185879 -0.0548866693827827 0.167232693660455 -0.30778485442418
-0.0335521149609875 -0.0525912858843393 -0.0568642925012875 -0.309940331559417
-0.052828526845664 0.0161064065833188 -0.168675052058042 -0.169229950032608
-0.0484499081767089 0.0619499881344834 -0.170788248726057 -0.0434367744851089
-0.0537171817738667 0.07640430548883 -0.1287528974577 0.0334525066725972
-0.0647899705249017 0.0870239857301543 -0.08770060455711 0.0869752138673947
-0.0899548360738926 0.0466825361950898 -0.0836655243540526 0.181607803394396
-0.0853226798561386 -0.0265100544810453 -0.152640427708686 0.237674625923932
-0.00720673212365096 -0.0845027859743381 -0.311308653229676 0.147618706916658
0.0659924711095816 -0.0241227880931193 -0.357072390706787 -0.0439034974949262
0.0244705726070528 0.0542332537762409 -0.150009341294361 -0.240843505534544
-0.0531902701198385 0.0633268479159605 0.0923709811057704 -0.13500974576109
-0.0102902558476615 -0.0599386949927102 -0.0996418901281091 0.163588252232783
-0.0391787129030465 -0.0518958940276103 0.143147137826646 0.218730146966234
-0.0371962729013773 0.010904490031364 0.32493474571368 -0.0253982434924269
0.0195993398079407 0.0372074752886095 0.247360784359688 -0.216062026967071
0.0502235924582286 -0.0178944161882643 0.111891863514761 -0.258432065921594
0.0378168135510066 -0.0543315668030239 0.0487557159540433 -0.198672402991046
0.0156429801227646 -0.0754637077915783 0.0696434326907855 -0.111310034608921
0.0150396820345239 -0.0760736927663287 0.101921780732237 -0.0527230079799877
0.0232639011693132 -0.0629118614230822 0.155284001882543 0.041371945464558
0.0389402101647915 -0.031729840026984 0.131040107801192 0.200043452125755
0.0252462430020699 0.00821758269897843 -0.00832817696072948 0.340738745843133
-0.00981254913483504 0.0145591039023375 -0.285144347863227 0.277998532971539
-0.0262743034301724 -0.0302360273917919 -0.414499406792031 0.0275427371401
0.00533341032845321 -0.0551750192672628 -0.297123343096093 -0.211876867992026
0.0224541858978428 -0.0449372998650441 -0.122814257564867 -0.201941336216899
-0.054097973114062 -0.0375367577495985 -0.0734912066776415 0.161672586133733
-0.0400381749017671 -0.0263153654537758 0.153612766053944 0.150773125974901
-0.0280292463439429 -0.00767977329636094 0.252061660781219 -0.102923060978851
-0.00786386748419175 0.00148179106245752 0.155298354298465 -0.238310462986232
-0.00809387135600927 -0.0180291472258734 0.0513639830833668 -0.249303501550468
-0.0170676968402828 -0.0258360358469096 0.0163480995277601 -0.193101774562332
-0.0327999510593454 -0.0359668580860688 0.049624912823129 -0.128785682209758
-0.0310545684171391 -0.0494782751985064 0.0891819589813418 -0.0744882758197033
-0.020868873703477 -0.0553859873735736 0.153602841690082 0.0359134621546437
0.00748266503315395 -0.0578393831263042 0.10778318664679 0.221001831591089
0.0310548080523201 -0.0352294360502141 -0.0881027206443636 0.350553727271097
0.042482524729928 -0.00339305758558805 -0.393231419892073 0.197687586777429
0.00460946788898781 0.0026039372834595 -0.462624149414065 -0.116967487115185
-0.0130188518614145 -0.0276621995497054 -0.254578896670193 -0.325346629171232
-0.0157792394126586 -0.049760106876699 -0.093668470033296 -0.225053212619247
-0.0860151899037714 -0.00366662065173111 -0.0393528993538489 0.150637995377017
-0.0271704202693909 0.0010730865165452 0.155573768400105 0.0842579692610372
-0.0115643660674403 -0.0239560111521942 0.174128846637865 -0.153853947774394
-0.0291885169814604 -0.0261637183271315 0.0657866536608384 -0.232249521635455
-0.0530306276270752 -0.00866698553518846 -0.0107111535766796 -0.214737772319503
-0.0569180103032488 0.00882487447734798 -0.0255950134787154 -0.164923905086869
-0.0688317197181128 0.00857853243412352 0.0124299618985298 -0.125922604063485
-0.0724382225719197 -0.0161937011835593 0.0607369546936223 -0.08323134043476
-0.0668146360515 -0.0418601050623136 0.135408423027002 0.0271185247968069
-0.027951285913359 -0.0817732747704194 0.0795804417380168 0.215412581220928
0.035123114873878 -0.0784018339983955 -0.145409691440744 0.317827905382707
0.0925613634772617 -0.0153037474049193 -0.438738706898201 0.0998228792292947
0.0283099014268635 0.0392915127825627 -0.450839973354268 -0.23386993778246
-0.034706508976953 -0.00393012993471282 -0.19144694676293 -0.39401585300769
-0.0518882580304683 -0.0551710287711113 -0.0574494184731123 -0.227167888919801
-0.104904025724095 0.0307786319050297 0.000234449476811627 0.132208155979633
-0.0106358203000767 0.0288420679850048 0.159984690057669 0.0281996481522435
0.0136034910713635 -0.0315702833527078 0.116972843639073 -0.18547354828387
-0.0296877909272689 -0.0513262722678932 -0.000902823806868276 -0.220215292872314
-0.0762720686008595 -0.010240017336935 -0.0637245248403215 -0.177002535165104
-0.0794246118672584 0.0307492955859169 -0.0667116865359034 -0.127299589394249
-0.0906282905659101 0.0430000628730449 -0.0293010304444038 -0.10751906689248
-0.101196751572625 0.0163893649948306 0.0202039225502688 -0.0788639230293075
-0.105528319847742 -0.0187011775853274 0.0973488899437515 0.015039250667502
-0.0684408203525252 -0.090765928500415 0.0465152327300573 0.187038923802251
0.0217980060728025 -0.112362104143291 -0.169443562243274 0.260393905606029
0.119548400323199 -0.0348344896552812 -0.428101189920138 0.0210264302534078
0.0473342455028867 0.0590684435428843 -0.405095134238858 -0.293198545019482
-0.0498302418757816 0.0161324825526093 -0.13392152004537 -0.408883160177304
-0.0824291589014549 -0.0520553710782655 -0.0194053881322143 -0.205666241919442
-0.111404107849678 0.0545762314425128 0.0402654257831164 0.116468608020248
0.00228419622941998 0.0524882471287246 0.172065008596674 -0.00544434714596994
0.0419563425061133 -0.0291409289417061 0.0974117279316927 -0.206317921632721
-0.0127161560300842 -0.0732298610084296 -0.0335914286935574 -0.223016393538426
-0.0816565901809962 -0.0261624301420658 -0.101944889611921 -0.161345671934557
-0.0889327248037189 0.0355401924054552 -0.105517521521106 -0.101338181360453
-0.0988316402030845 0.0643415083788006 -0.0727665115998946 -0.0840968881961071
-0.114918285850514 0.0466377380995655 -0.0266548351369215 -0.0618272983055291
-0.130249262356281 0.0163929420075186 0.0449500350290642 0.011196846452969
-0.109436082216991 -0.0745257647625697 0.00973133256097264 0.158134894746142
-0.0162456824805935 -0.129159481443227 -0.173327675530305 0.213413631311349
0.112796916675891 -0.0724387066910433 -0.401952022461178 -0.00816605455600938
0.0675702400465833 0.0507606668342486 -0.377001556593918 -0.28797075375108
-0.048506325996899 0.0345709963248928 -0.110746222121412 -0.388229736704451
-0.103020467444765 -0.0322725593864402 0.0151124379598568 -0.176505892307199
-0.102587048923975 0.0677223808148216 0.0745232717547157 0.111496741110718
0.00787126156205183 0.0707354009142422 0.197535904950293 -0.00957369187171719
0.0669236883845326 -0.0153547526260652 0.126441065888812 -0.218477901984408
0.0145267827192053 -0.0858602730616676 -0.0233890397322592 -0.252680767608827
-0.0731795317281315 -0.0488056190415229 -0.122239259236823 -0.184039733239594
-0.087425981028014 0.0282911850332793 -0.140438168016669 -0.0994506418162641
-0.0945229778615595 0.0726369390528463 -0.114616897094971 -0.0632906218849826
-0.11182812954543 0.0699243086373718 -0.072768817824178 -0.0349482745359936
-0.132468837387572 0.0564116215531589 -0.0136662316847201 0.0224412421398641
-0.135801255965972 -0.0326043352373979 -0.0316480495351517 0.145808910674896
-0.0665832091150338 -0.116607902594681 -0.17463867472311 0.196803603491699
0.0736382165639821 -0.108463829550724 -0.381809159632643 0.0153972115889052
0.0816310878012315 0.0203794229822541 -0.376504966779407 -0.233844052777846
-0.0296815945248274 0.0510298333929923 -0.117628859731829 -0.352229953154768
-0.107820136751971 0.00216901684006504 0.0466692647471268 -0.150988883258848
-0.0827819877353242 0.0673886794677029 0.0973890360969365 0.124357772541897
0.00669663348330989 0.0768511460550048 0.230183944665778 0.031949341970538
0.0781499153893592 0.0060069523308107 0.207213658141353 -0.198518422755651
0.0393683023461454 -0.080477263765348 0.0473173185467547 -0.290768483511454
-0.0536685214989309 -0.0624159618508935 -0.109756476749756 -0.242453476130339
-0.0749234406955402 0.0173004855385473 -0.163749490940051 -0.126979403123659
-0.0773912689344863 0.0700929113814781 -0.148444153627671 -0.0499523574105003
-0.0901045647799034 0.0804832929115101 -0.108966867371181 -0.000394062931626773
-0.108329597640611 0.0841067815257147 -0.0629534784780839 0.0522327132083491
-0.130206722604951 0.0162874534207121 -0.0682034163917262 0.158704443750758
-0.0969766401272624 -0.0743322878528932 -0.173333006201322 0.2112376389432
0.0220178797454268 -0.114291443541926 -0.359801671888972 0.0772743310831601
0.0800764915835854 -0.0110895887969384 -0.380357474033544 -0.145430850035429
-0.000811841831599377 0.0592636363125324 -0.136985062711445 -0.303594115606063
-0.0907071263936274 0.0396425634074805 0.075579261170305 -0.138261661483827
-0.0512142002084623 0.0614309390930064 0.10321169590692 0.153687552525918
0.00770406157747865 0.0681048675672031 0.252375987381422 0.119462066874487
0.0696268577246642 0.0205740958325469 0.320570266632125 -0.127672978492619
0.0431549261574362 -0.0563312183833089 0.169760743330056 -0.312849562774768
-0.0347773504962109 -0.0529041636994687 -0.0592602440293369 -0.314771219217661
-0.0532182286215456 0.0166786457695956 -0.171323541838711 -0.171661328083402
-0.0485936625340986 0.0629644467822384 -0.173618476885838 -0.0435277592947574
-0.0539954717929965 0.0777422749842332 -0.130940913647554 0.0343900582862946
-0.0647414067249168 0.0886507887149926 -0.0881835605275263 0.0895178244143121
-0.0906513425161257 0.0477832648436631 -0.0830255683949257 0.185497619231263
-0.0869215137902596 -0.0259274255912666 -0.153391909904137 0.241719269754093
-0.00775528335885074 -0.0854438284963305 -0.314819999113167 0.152055588828271
0.0666697873444922 -0.024885046375138 -0.362939151927312 -0.0418284141192548
0.0248880205256449 0.0551703991917477 -0.153987728522387 -0.244550237224977
-0.0534342382679149 0.0644038359709644 0.0930120170018673 -0.137235391976163
-0.0109524005242076 -0.0605341201913315 -0.100327911070662 0.166179432901538
-0.040410781874505 -0.0523431036336953 0.146148170922776 0.222092479922724
-0.0376909299077983 0.0110630009555702 0.32949646303098 -0.0283829034080116
0.0206254943912462 0.0380490450395089 0.249565387093627 -0.221685180027623
0.0509586694449681 -0.0184836694730247 0.11118708043514 -0.263521515713309
0.037831598013309 -0.0557372153435699 0.0472136974763986 -0.202886922613569
0.0153919209879254 -0.0771666090452691 0.0695438369583931 -0.114323003176224
0.0144086763134373 -0.0776256450718098 0.102746981604109 -0.0541138668578502
0.0230765935741263 -0.0639650582280982 0.157569536567357 0.0415121777013989
0.0393017975930502 -0.0325587487660896 0.134393613756426 0.203435992050711
0.0259203049188366 0.00809774303519029 -0.00681757822834872 0.347278137821872
-0.00998731413659543 0.0148266377299143 -0.288843547468886 0.284038715553434
-0.0271237170787786 -0.030034387567514 -0.421495667339969 0.028854880586799
0.00470761755233038 -0.0551836385025168 -0.303133835435499 -0.214874632136082
0.0228797028638387 -0.0457806534325014 -0.126383437889407 -0.205995748526138
-0.0552332683413703 -0.0382227000800199 -0.0742344981793568 0.16502150332921
-0.0411178871606224 -0.0259384644890459 0.155958271932082 0.152264195726422
-0.0284193773332933 -0.00724880334318135 0.254467985129005 -0.106552999907247
-0.0077342106376648 0.00187294673879319 0.155641334362449 -0.244254391192587
-0.00777754924192334 -0.0182377339096803 0.049894814820492 -0.254512469596086
-0.0174736498461514 -0.0264652257443204 0.0151215335481048 -0.196959442548261
-0.03380309137335 -0.0366854135274271 0.0491307251356737 -0.131276501925123
-0.0324197399645886 -0.0501758658454038 0.0900605914790081 -0.0758926968741344
-0.0217349562800401 -0.0565051889064592 0.156190246548628 0.0360492568114925
0.00766362591675587 -0.0578855146764771 0.110437242067306 0.224281718372458
0.0316468155023398 -0.0361869076964567 -0.0887481211998192 0.35769913437859
0.0433638346857095 -0.00334704297843768 -0.399539360071874 0.203709428099193
0.00469978968351205 0.00328043570949624 -0.470522216329375 -0.118602622415787
-0.0138971466902565 -0.0272835943803713 -0.259843441574402 -0.330329790471063
-0.0166689713470253 -0.0504781347263269 -0.095659136496538 -0.229978501927604
-0.0882971881035104 -0.00308189004981363 -0.0388333186266586 0.153315827014019
-0.0278836013302874 0.00172037382146539 0.159478100554501 0.0848769190355315
-0.0122826994410471 -0.0236398055213957 0.176236775828023 -0.157782674493292
-0.0293192604869566 -0.0265954240805982 0.0650054909240855 -0.236216794052183
-0.0540113971565975 -0.00855957943003479 -0.0130781987283321 -0.218397573541241
-0.0570133272039902 0.00908889735049042 -0.0273744082529491 -0.167633658831446
-0.070230426184429 0.00846281050547513 0.0115068937285355 -0.127250061753219
-0.0735152699015791 -0.0163966283958893 0.0612508272718467 -0.0850217710870988
-0.0681298092327624 -0.0421652278457457 0.136719727792707 0.0265929383416737
-0.0286089066327401 -0.0827319447899409 0.0823205956646912 0.218096146292889
0.0359522148139507 -0.0800181944209399 -0.14639137565098 0.324212174148104
0.0936698346333903 -0.0153696350061578 -0.445801498177904 0.103468505045423
0.0291914876476593 0.0401122668681064 -0.459514560882911 -0.236820055353156
-0.0353919302875234 -0.00400982725313224 -0.196405371647664 -0.40068613763599
-0.0530409492918115 -0.0555620542108922 -0.0583908805542637 -0.232244291728402
-0.106484888689437 0.0314614885333184 0.00162425048730235 0.135277441985713
-0.010988918284139 0.0300356044452713 0.162839268138774 0.0282456814711135
0.0131857767945214 -0.0320530930760005 0.117914226437987 -0.189835741066267
-0.0301677671218425 -0.0518991294404177 -0.00268984283063481 -0.224226764529827
-0.0773542572689196 -0.00995409214742369 -0.0651827605331577 -0.180355463286242
-0.0804588826514104 0.031664058891448 -0.0686480381370002 -0.129420600108134
-0.0916754760796753 0.0437309209587503 -0.0313906443468559 -0.109179513786485
-0.102959394141273 0.0171996401349842 0.0200554282470272 -0.0801828010522925
-0.106976499672505 -0.018630837626907 0.0986586044740888 0.0153640257400139
-0.0694850338018215 -0.0918212742928585 0.048567597532585 0.190301408327053
0.0219715514409799 -0.113700303798528 -0.170991112914055 0.265218466856517
0.120964539040434 -0.035819871702742 -0.435594880977729 0.0228268515486875
0.0483046044446455 0.0602698165914054 -0.412974192903701 -0.296591290040939
-0.0505966968288947 0.0163370258983753 -0.138162948665267 -0.415560776641792
-0.0840239266374685 -0.0525471530333735 -0.0197856924697266 -0.210488715497739
-0.113285553736199 0.0556683999152797 0.0418887843227861 0.118631286064578
0.0023686898636907 0.053734695544429 0.175180214404196 -0.00667457349344866
0.0424705213919378 -0.0294255040623544 0.0984464308857615 -0.210864695086914
-0.0130024509477155 -0.0743124827946905 -0.0358086115866181 -0.227393129294057
-0.0832510011701742 -0.0262784569798992 -0.104374648884743 -0.164860993650083
-0.0902660504657373 0.0364492434781335 -0.107614721593252 -0.103039741467746
-0.099789797088559 0.0655620988940972 -0.0745475769972155 -0.085212447604696
-0.117010339180296 0.0480777043847785 -0.0277634508330411 -0.0631245061485553
-0.131856282649493 0.0176719681848634 0.0455345250525689 0.0115379984962672
-0.110931557575931 -0.0751778910693034 0.0108286981634829 0.160731591667456
-0.0174277867533859 -0.130881402449536 -0.174818940528932 0.218178870858428
0.113955157765175 -0.0742037947237615 -0.409423732128697 -0.00599331733227691
0.0686870114191043 0.0511369152971872 -0.384684325898177 -0.29109259052884
-0.0496746821963999 0.0348937436559774 -0.11456605262767 -0.394839759999796
-0.104538018814958 -0.0330081620390617 0.0141951014202439 -0.180353260975766
-0.104020915522778 0.0688831820036106 0.0766871149470155 0.114033552608237
0.00796880346384282 0.0722152757683859 0.202113733639135 -0.0101330039416598
0.0676636340512992 -0.0156033032203358 0.127203445879861 -0.223333254340788
0.0143546356171192 -0.0878373942931735 -0.0242016881496517 -0.256436184904867
-0.0743648483635488 -0.0491090452531379 -0.124724399903001 -0.187231553776891
-0.088751997699221 0.0290659943230579 -0.143293643176019 -0.101252601417881
-0.0953888273180454 0.0739255401449575 -0.116482230980483 -0.0637457858957513
-0.112887256617531 0.0722042194725836 -0.0742608377175761 -0.0349846305254866
-0.133454647153812 0.057768138337529 -0.0139875442586188 0.0239315784829759
-0.138036407591808 -0.0322890361884157 -0.0314068653588993 0.148409512398684
-0.0684145562707671 -0.117689313311485 -0.176517150661307 0.201026967528373
0.0737524799950421 -0.110517765583106 -0.388482294078731 0.0175382956921449
0.0830665804122211 0.0201716494113035 -0.384736298094443 -0.234712828359145
-0.030315491514111 0.0521108344118459 -0.121497188358277 -0.357779190628256
-0.109725674743558 0.00241291573163865 0.0470130989939843 -0.154561636879712
-0.0834824739183907 0.0683029941371483 0.10051304712314 0.127381529255978
0.0067020755540983 0.0789257413752618 0.234858659659056 0.0325778300403501
0.0794571593312477 0.00600417866013301 0.2103973313464 -0.202481155929506
0.0395969952242291 -0.0821437588749394 0.0475290413711597 -0.29692859721034
-0.0553709604498189 -0.0629602577605121 -0.111855983383263 -0.246750016066937
-0.0763699600637768 0.0180720162478776 -0.167344290911076 -0.128999893620308
-0.0779962169288416 0.0718448975522299 -0.151277119771429 -0.0498489247550349
-0.0915655874776176 0.0829494433731149 -0.110973344564718 0.000200233909968239
-0.10966849702834 0.0862569221164629 -0.0634986074513198 0.0540730270413399
-0.131272732786554 0.0176212814713192 -0.0681216272896589 0.162661550404483
-0.0992970452440719 -0.0747105047043206 -0.174760920329212 0.216486460223615
0.0213506043434142 -0.11645806902949 -0.365168828645892 0.0808319178082568
0.081093075248966 -0.0120135382546443 -0.38846950895984 -0.144186011811608
-0.00141926172209734 0.0601894974861428 -0.140447236859873 -0.307549990866593
-0.0920165940195195 0.0399308553399184 0.0766966791410106 -0.140945055261356
-0.0511759797474427 0.0625757518716317 0.106081678626059 0.156636922455996
0.00839760790849998 0.0692148652630826 0.258132876745602 0.120844282253006
0.0704398796614224 0.0203171802404829 0.325943934556775 -0.131272695863935
0.0436615354628937 -0.0576188995048326 0.171372178006704 -0.318870460858799
-0.0359177706554308 -0.0534915167759978 -0.0614161795669583 -0.320371781151947
-0.0540142667814677 0.0174590590259764 -0.174863963292336 -0.174504938481098
-0.0489834322218434 0.0645298636019445 -0.176591482980355 -0.0434468295998924
-0.0538150281496631 0.0798952291992332 -0.132547246818381 0.0357247600191259
-0.065206413381638 0.0905039179295828 -0.089435618695133 0.091888508650231
-0.0916769511659297 0.0495069596445774 -0.082955674945398 0.189548093499677
-0.0881201797378861 -0.0257260994420364 -0.154025090013871 0.247863039354264
-0.00884622631294541 -0.0867403183148854 -0.319194359798043 0.157593910593392
0.0675553314080999 -0.0254809228590261 -0.367767768255797 -0.0405057341148989
0.0254169473890754 0.0559118988851114 -0.158221350825238 -0.247474326949746
-0.0535047382543625 0.0657714267328139 0.0940786038159562 -0.140245239556282
-0.0120466686527921 -0.0616625532499401 -0.101125519342644 0.170248217756501
-0.0418911616325661 -0.0528359892240213 0.149943048052376 0.225330752769495
-0.0388202109494108 0.011741505145064 0.335673987670376 -0.0316588575995226
0.0217908249744856 0.0383056087449562 0.251975369344758 -0.228483751861888
0.052093527847587 -0.0192571770760831 0.11137083092904 -0.270777314881696
0.0379121150198493 -0.0574289955424669 0.0457566924387401 -0.207556713905309
0.0151750409876938 -0.0786023422027599 0.0696567712188994 -0.117707099761704
0.0134409517851616 -0.0795327800710739 0.104252650066702 -0.0559870409377426
0.0232204975211108 -0.0656028662977978 0.160564649113276 0.0410732332994185
0.0402720566059175 -0.0338829829045883 0.137840612261554 0.20638625796119
0.0271652101329297 0.0081747705341004 -0.00525195291204095 0.354120051586624
-0.00970239826593717 0.015761497250597 -0.293973752990109 0.291716499157003
-0.0275588283137451 -0.0304639002235674 -0.429864174236274 0.032287109630186
0.00450938857244988 -0.0562704239675998 -0.311021841691509 -0.217953868082925
0.0229897264979471 -0.0464425917899561 -0.129661756042291 -0.210757716772401
-0.056842877930316 -0.0385125082114842 -0.0750826126100814 0.167463835687283
-0.0424319080255119 -0.0266603305559882 0.160400924611131 0.154622396758381
-0.02943391808855 -0.00666089834144723 0.258745241468105 -0.111204574413766
-0.00799581461696823 0.00210034796658351 0.156801364076054 -0.250899250036103
-0.00833512898760302 -0.0183066014507967 0.0482359200646233 -0.260126539851678
-0.0181455413695425 -0.0270831469460561 0.0128132665279861 -0.201577143131241
-0.0349912464149708 -0.0368834443625847 0.048740397731067 -0.134631015988639
-0.0340860315402868 -0.0513941826117571 0.0912997856883458 -0.0782577681283772
-0.022250807911913 -0.0576650236840261 0.159358691372571 0.0355402103184846
0.00770564055912967 -0.0596490285341813 0.114660437965831 0.228311688546743
0.0323695686872756 -0.0370650111691807 -0.0884170124109129 0.364327512288648
0.0447442480853829 -0.00375846416078299 -0.406551221974195 0.209408071499802
0.00489772557922576 0.00364475997408725 -0.481627975027672 -0.117256107524865
-0.0143554778179294 -0.0269615094526151 -0.266656266372144 -0.337174881293621
-0.0178438874732874 -0.0520167346150128 -0.0990222783716481 -0.234780006983129
-0.0898718730853963 -0.0031905902580267 -0.0385394195657603 0.156475670676855
-0.0293687538624004 0.00180658031928598 0.162822719916445 0.0861372062211383
-0.0133374017109826 -0.0240696754777475 0.177899287214169 -0.162136736509629
-0.0301654078156545 -0.0265036285218485 0.064410754153087 -0.241931300762243
-0.0545524534545434 -0.00841176078362219 -0.0147235538383529 -0.223956169180877
-0.0581980604880672 0.00979234855823868 -0.029929156145979 -0.171192839866709
-0.0720441752299505 0.00862949808401849 0.0107638594815756 -0.130817831272514
-0.0752275464998568 -0.0166179318882317 0.0616872954676041 -0.086885439323372
-0.0695749703910371 -0.0434010725469619 0.139550936085893 0.0262465840317007
-0.029698622401772 -0.0839412376758728 0.0846162242481935 0.222658167145291
0.0356878345304159 -0.0809065559573417 -0.146554607087211 0.331269992701745
0.0952488149332946 -0.0160978332194274 -0.455083290138276 0.108796040094071
0.029645435506361 0.0409197681656283 -0.47019094476209 -0.238901178148621
-0.0370804287565789 -0.00329329755703614 -0.203027115365102 -0.408432514494215
-0.0546546587135187 -0.0566564336309574 -0.0609243709819516 -0.237647414845877
-0.108624613267609 0.0326748375223517 0.00255054064782026 0.137917277119736
-0.0114169841897621 0.0312329591789481 0.16667181022462 0.0270564974298065
0.0127564852604957 -0.0321158317504359 0.118519404482303 -0.194392019936829
-0.0312688793910522 -0.0524184379225271 -0.00453055060649859 -0.229174499056603
-0.078556141278841 -0.00947820272926052 -0.0676749228754216 -0.183946576177811
-0.0812866718412215 0.0330259844622086 -0.0713221525557916 -0.132183746792507
-0.0927736544354474 0.0449681390312172 -0.0319723313609553 -0.11149338624906
-0.104768668424133 0.0179711006012226 0.0193997916503913 -0.0815472755255432
-0.10893229786107 -0.0182307771584769 0.100663230751054 0.0154767067954422
-0.0714628167428918 -0.0929963655829073 0.0504248284549764 0.193870772930864
0.0218978133500078 -0.115758991768471 -0.172699743054197 0.27087391486021
0.122538136050583 -0.0372959620471293 -0.444148867908824 0.0268681942080843
0.0493996965437567 0.0614210074942003 -0.422771318149918 -0.299216821557547
-0.0520285186888313 0.016853978102949 -0.142633680221994 -0.423699257894471
-0.0862318187997748 -0.0531300848763227 -0.0213500029233535 -0.215717321258283
-0.1149583075641 0.0569520828684554 0.0440630729324907 0.120975315680366
0.0021422002049613 0.0555156596587733 0.179033528726527 -0.00766361449918333
0.0427042665827843 -0.0299055206206327 0.0983518236239051 -0.215628141850788
-0.0135826549551975 -0.0757503223527982 -0.0387430741052388 -0.232039929521521
-0.084341797750152 -0.0259074978146256 -0.107641276702383 -0.167736329665626
-0.0912421837234878 0.0375686900135433 -0.110374526962787 -0.10490025585095
-0.101144111030096 0.0674227424575197 -0.0762863771940827 -0.0858973612758517
-0.118583110022293 0.0502213774519989 -0.0284619475082507 -0.063912476368675
-0.133933951333496 0.0187387306875248 0.0460217858119863 0.0119722071935273
-0.113608804905396 -0.0750802475666431 0.0126304442261711 0.164092692561737
-0.0186912453721853 -0.132797892109302 -0.177072817088721 0.223107918294009
0.115063287385029 -0.0762077102040481 -0.416981398132887 -0.00342180107940848
0.0698953308376742 0.051577378174009 -0.394466239063515 -0.294668214516466
-0.050466895128339 0.0360440015809484 -0.118801501634272 -0.402820218247111
-0.106698513386805 -0.0332907795611166 0.013817178933043 -0.18501227525691
-0.105516800014122 0.0705619508024103 0.0793123306272169 0.116467589991967
0.00823138761719888 0.0739066512737775 0.205795819896936 -0.0117696864703267
0.068438822760949 -0.0161276093355069 0.128847924068019 -0.228697149307476
0.0140513639479748 -0.0894527367544354 -0.0268194969221297 -0.261637926260832
-0.0763061292783 -0.0491949099231727 -0.128104703650463 -0.191062570344115
-0.089810977499498 0.0302824118787424 -0.146751727502539 -0.102832362116837
-0.0963110576697235 0.0757452087650957 -0.11830085027911 -0.0642000447767336
-0.114349702129506 0.0743400592721255 -0.0759526016273578 -0.0346667281379879
-0.135102249055124 0.0599845192530413 -0.0143347065958044 0.0247000866496291
-0.140301653972736 -0.0314213956984954 -0.0301609238342966 0.15193568374252
-0.0706381719848954 -0.119033878393607 -0.178725397599337 0.206261737521644
0.073724686693392 -0.112658439011051 -0.395630454442718 0.0205474244196543
0.084468649710302 0.0199175566337405 -0.394032449879669 -0.236930905176216
-0.0307905108170209 0.0532057390633714 -0.126167282510558 -0.364234526786684
-0.11135181175294 0.00277623673194414 0.0468627817956786 -0.158396843273409
-0.0847302748523511 0.0700226373817 0.103426405944722 0.129870603526915
0.00701772480753366 0.0802175647982981 0.240109466851286 0.0325630622994576
0.0806338590347282 0.00588840154917682 0.213067577638744 -0.208614934274751
0.0401535889010474 -0.0833743797319371 0.0458401446462127 -0.303375602784832
-0.0569622277626239 -0.0637470468282506 -0.115731547302768 -0.250847102298996
-0.0773730962674185 0.0191214633906619 -0.171276189900031 -0.13107192972658
-0.0789005472051386 0.0735243426469712 -0.15412743566448 -0.0498845253066043
-0.0920855738748113 0.0848328480008529 -0.112976269300457 0.00123206053900655
-0.109995697990175 0.0890105078669148 -0.064527549131841 0.0560717108366297
-0.133326999233279 0.0195133906659214 -0.0677258912627691 0.166654885086607
-0.101449330075568 -0.0752684924215881 -0.175981966702796 0.221849788875492
0.0209936225284995 -0.118144451354657 -0.371534475987283 0.0860715348342141
0.0820298829290333 -0.0127110852505584 -0.396433495328692 -0.1438677169361
-0.00093970770496573 0.0609925031761354 -0.145336817264566 -0.313524257057525
-0.0930299351944264 0.0411625059365792 0.0767887206339487 -0.144608262244698
-0.0513371327151342 0.0640090925126153 0.109711603992091 0.160236363930352
0.00885715054565352 0.0707403724746166 0.264264178329335 0.122243354810501
0.0717858288716307 0.0197673634127582 0.331324720818427 -0.135193692611486
0.0440941467849627 -0.0590527222028012 0.173473027881959 -0.325995172994383
-0.037339886263189 -0.0542153990639684 -0.063763614929013 -0.326848800301022
-0.0547961249456897 0.0186465914918829 -0.178823619535506 -0.177797856480382
-0.0487168789574634 0.0660953094401984 -0.179946153143724 -0.0429139120815635
-0.05418613841735 0.0815623127158307 -0.134566846637139 0.0378946926721212
-0.0649704424890892 0.0929523877660566 -0.0900750640895685 0.0951846554340408
-0.0923757416618428 0.0512650240584659 -0.081874013546004 0.194203858107347
-0.0900276402049949 -0.0251933022999681 -0.154988887109346 0.253803921228414
-0.01008750410956 -0.0886012823562458 -0.324793991203868 0.163510843406856
0.0689571606730164 -0.0267480279248463 -0.3752483075162 -0.0378571509019451
0.0260297482537533 0.0567901506942457 -0.162698264159829 -0.251354254977048
-0.0537603767982555 0.0675530410140573 0.0948058047668634 -0.143476273253069
-0.0127048157272174 -0.062885943604787 -0.101824348109886 0.174447585118621
-0.0436798170760896 -0.0527331836618433 0.155573418668777 0.228523840622637
-0.0395253833788206 0.0124883455391606 0.341856175734753 -0.0357630643124459
0.0230700027396427 0.038860655647267 0.255224404149844 -0.236208079857468
0.0529874264665236 -0.0205287968671496 0.10986607416279 -0.278294069229978
0.0379027257591569 -0.0591564507665251 0.0438440911928719 -0.213113613025331
0.0137489659360184 -0.0808326685100122 0.0692812290839363 -0.121485142455569
0.0128207416627687 -0.0812745127960094 0.105451226306616 -0.0582811731270724
0.0228026020640529 -0.0678681697324148 0.164113662537588 0.0409370471180693
0.0405939884651108 -0.0347310670535119 0.142112110794159 0.209818868360555
0.027956077041094 0.00793252800541513 -0.00288231737808681 0.361838765297753
-0.00951811007725579 0.0161283782167026 -0.297581972717987 0.300616750686232
-0.0287146546717433 -0.0307120101343985 -0.4393247346088 0.036766693035436
0.00380161485764564 -0.0567552920420872 -0.319366094794383 -0.221300773750022
0.0223132652286952 -0.047445031069867 -0.13460782576272 -0.215190399302155
-0.0586573706530682 -0.0392389658890155 -0.0750960616477636 0.171616229422049
-0.0440642880683999 -0.0261788320209861 0.165747411987318 0.156941256771012
-0.0306974303564801 -0.00674066389503901 0.262524929425205 -0.116159588532894
-0.00773469840033302 0.00192593624761154 0.156714847217378 -0.257324416333795
-0.00841431199978303 -0.0188394431453133 0.0461305088929871 -0.267347319025548
-0.0187694402192562 -0.0275402116791817 0.0104977318128674 -0.206201958546017
-0.036137117954114 -0.0381170280790821 0.0476118130980385 -0.13859669240409
-0.0357854385025977 -0.0521657760414922 0.0925149449519042 -0.0807045018367582
-0.0234113740270364 -0.0590362096324698 0.162266940676121 0.0344722602001438
0.00738262884728946 -0.0613858460916854 0.118872356990381 0.232656511175406
0.0329775898252612 -0.0376907944754694 -0.0865590616468857 0.373183710793557
0.0459966970370744 -0.00377391931287033 -0.413473975349336 0.217498106605302
0.0042362764707065 0.00425385814343457 -0.492785971828998 -0.116003721574694
-0.0151138294513955 -0.0273622644033189 -0.275558279441549 -0.342497591391267
-0.0184135240941649 -0.052285243335681 -0.103302481977682 -0.240702644692083
-0.0923145870987822 -0.00245556216217303 -0.0383825912565411 0.159794598988539
-0.0298033948471018 0.00295661153579753 0.167111697858077 0.0859503857941026
-0.0139682204938583 -0.0242731115606223 0.179035115476629 -0.167703388105297
-0.0310969622335368 -0.0269073579786851 0.0630047439086356 -0.24818053800075
-0.0558205762974315 -0.00768502010516219 -0.0177124857286559 -0.22929203894461
-0.0594357317603044 0.0103458115995241 -0.0322900842039633 -0.175113173450101
-0.0727355268775386 0.00969892209072627 0.00918974247691702 -0.133853256613072
-0.0772206098789031 -0.0160009990079493 0.0615826470868124 -0.0892005934851504
-0.0710081878024405 -0.0438862597267386 0.143010334346473 0.025954791387316
-0.0304930996895604 -0.0857441351855136 0.0890998326757966 0.226423161040724
0.0359838880698483 -0.0831425863979862 -0.146976947480339 0.339289843767484
0.097255704962748 -0.0170445865796846 -0.46366338132553 0.114734371360504
0.0297678538959779 0.0418260884972835 -0.482888734875692 -0.238713103435496
-0.0388731353047123 -0.00280799839330317 -0.210337096990663 -0.415514712916565
-0.0566637268969054 -0.0574518897727126 -0.0634717244488811 -0.243090706590817
-0.11049473759453 0.0337022941762956 0.00423418536678008 0.140380382528603
-0.0125713357346762 0.0320110817383036 0.170802130772669 0.0268517104634247
0.0123853715659389 -0.0326049903488896 0.118422292696392 -0.199860589024376
-0.0316084296510734 -0.0530829035983839 -0.00747487131017903 -0.234135271750137
-0.0801179784357156 -0.00865195317968566 -0.0723162394796694 -0.188394640562749
-0.0818571525417498 0.0341016137730481 -0.0750582438835887 -0.134721216334864
-0.0943976874753974 0.046675218947858 -0.0333778791241542 -0.113288416649745
-0.10681038944286 0.0197070578976162 0.0190364229605299 -0.083263803841519
-0.110912802416293 -0.0182688859199404 0.102600596751893 0.0148236426344072
-0.0734864936996228 -0.0938060758812913 0.0533401609171305 0.197149128581353
0.0209855223455964 -0.118298314282447 -0.1737932622856 0.278384802692015
0.124414407653646 -0.0385378850149767 -0.454095844930812 0.0315619659677129
0.0503524921163877 0.0622113510246731 -0.433812693283635 -0.302057559415685
-0.0532856658679188 0.0177206815216668 -0.148435805904769 -0.432298853959705
-0.0880751058940153 -0.0540216484487414 -0.0234462169896545 -0.221457844715555
-0.116598764402029 0.0588445506238545 0.04638423144576 0.123448888029835
0.00199500300489368 0.0570158454070802 0.183285289077884 -0.00935423265767449
0.0426133370871327 -0.0302299943730834 0.0972690220723507 -0.221374081539439
-0.0143100731483631 -0.0771280016585344 -0.0417802954622269 -0.236236657427259
-0.0866927100067034 -0.0258947764872303 -0.111423926291164 -0.171229535226074
-0.092157984096746 0.0392249699414204 -0.113797993107596 -0.106689124389407
-0.101783740204549 0.0695572264481111 -0.0787515248663955 -0.0871118252910388
-0.120343935349673 0.0520842490106199 -0.0301550358162409 -0.0644461029393367
-0.136040571479838 0.0200145085231429 0.0468454895548824 0.0115968484804556
-0.116244415999269 -0.0752840242273877 0.014598958071333 0.167786862990912
-0.0205885575936439 -0.134635113449542 -0.178826198528937 0.229878308487954
0.11613101016536 -0.0786805669226521 -0.42673661327552 0.000671282031110678
0.0712823335724307 0.0517719445391576 -0.404831421310558 -0.295968742937658
-0.0520534343485495 0.0372316513389007 -0.125034717759078 -0.410596871781745
-0.10920238275014 -0.0332142441128816 0.0126756813531459 -0.190043956703279
-0.106943726162553 0.0728601285501901 0.0825680166722514 0.11855047407302
0.00824947811052672 0.0758132818620266 0.210524920917548 -0.0138081528248508
0.0694643530530156 -0.0166761139858952 0.128622416531196 -0.235146600164723
0.0137514321736916 -0.0911624559214135 -0.0302269111485869 -0.267426200208223
-0.0784081842704042 -0.0496232805952787 -0.13337053463897 -0.194060709380469
-0.0909495117852876 0.0315038012535169 -0.150733328966185 -0.104045528196366
-0.0973761927748803 0.0778893432772261 -0.121760198828556 -0.0645808085518195
-0.115856451883335 0.0775374664581137 -0.0781248104976154 -0.0345101738473609
-0.1368149828976 0.0621471097209257 -0.0146893247030328 0.0254780489405461
-0.143193393803491 -0.0303342853296761 -0.0283987780832975 0.155868672586678
-0.0736759790630905 -0.120239007363988 -0.17997800246427 0.212507471342821
0.0740127754223307 -0.115674848032542 -0.404527033843939 0.0253192607679732
0.0858056137526853 0.0193429234018792 -0.40325991358737 -0.23785961923538
-0.0310604916409908 0.0547058962280947 -0.132022738104378 -0.371184158750394
-0.113285553380231 0.00356751680291115 0.046866142360464 -0.162923893557534
-0.0857154131523635 0.0711760586097158 0.107228088904509 0.13188432313119
0.00730133424526737 0.0819936211193215 0.245744373213345 0.0314971613389507
0.0815152673835911 0.00484114288472771 0.216318495045392 -0.214390594729743
0.039974922715354 -0.0858791456675674 0.0448797907388926 -0.310495191152048
-0.0590019958896798 -0.0644341387965006 -0.120853594539343 -0.256407078890726
-0.0786898825208185 0.0199456170625261 -0.175477927453704 -0.133008154036683
-0.0791637391574217 0.0754373270031149 -0.157135674610142 -0.0494847242141477
-0.0927316978346225 0.0882315040922519 -0.115505069090209 0.00272100660183858
-0.111091145164705 0.091757875568471 -0.064855462901298 0.0584111666948636
-0.135541639017386 0.0218840192157954 -0.0671003806586176 0.170611475770719
-0.104619292582899 -0.074618664397862 -0.177557605658866 0.22862318612719
0.019829498234946 -0.120516678743934 -0.378486549681355 0.0921884853617549
0.0833752447790085 -0.0139584967064913 -0.406438980517023 -0.141988639304425
-0.000589109509788258 0.0626158238744526 -0.151657814545736 -0.318128625238932
-0.0941128034491171 0.0429679688121187 0.0770280943205666 -0.148831111835531
-0.0517045458003422 0.0655242444686004 0.11303491636641 0.16358715535265
0.0092600281521813 0.0720096221209724 0.271193933933441 0.123323416953369
0.0733633635105463 0.01947239567551 0.338021205420629 -0.140844857212157
0.0442100380548388 -0.0605687413692619 0.17415431735501 -0.335895784304366
-0.0391103288326828 -0.0544812875866521 -0.0677683645194809 -0.334064459671428
-0.0556714731523462 0.0194107310718609 -0.183908037967367 -0.180446385435312
-0.0493358493426419 0.0677212274452619 -0.183641531626939 -0.0420487411424406
-0.0541668776353622 0.0839460700663261 -0.136869422709832 0.0401937150255005
-0.0653083836573326 0.095588053091099 -0.0912935906633922 0.0984462188181507
-0.0936351760195714 0.0536922403782188 -0.0807939779146725 0.200203537929731
-0.0925175461621664 -0.0247227988262873 -0.154591582245049 0.261077125081616
-0.0108697138824474 -0.0901843448816915 -0.329764677323288 0.169994329963341
0.0696011957564768 -0.0284143322126922 -0.383786687537809 -0.0341439617274905
0.0271419116642038 0.0576964657356594 -0.168901493549118 -0.255048444282593
-0.0535853182451035 0.0691444877453445 0.0955246842336264 -0.148022592201021
-0.0140451419916189 -0.063657505817699 -0.10235261775108 0.179052098728343
-0.0453096699373169 -0.0535379491178942 0.162335362217699 0.2322197699025
-0.040446469073529 0.013543009589181 0.34880199217831 -0.0413634804285975
0.0242050597369582 0.0391931279297217 0.256769176277938 -0.245929509178762
0.0535749591741134 -0.0213426865572482 0.10811714481532 -0.28634646033842
0.0381071686745622 -0.0612955393734428 0.0410319755408963 -0.218964196415012
0.0131036667782793 -0.0829400725217343 0.0691167794071957 -0.125162891304764
0.0113149292128642 -0.0836862337958849 0.106938688221396 -0.0609339218235017
0.0221045022414847 -0.0702100898998896 0.168007898831215 0.0404000349585639
0.0411867396426119 -0.036582485880572 0.147572171618941 0.21350508318362
0.0286174462823713 0.0075436987763515 0.00122402749129307 0.370400972402544
-0.00904098399325809 0.0165037120508705 -0.302005667611486 0.311611028118656
-0.0293884060150505 -0.0303891407179293 -0.449416284410152 0.041192181590967
0.00316480258670265 -0.0577698720897165 -0.329297709886047 -0.2222821635924
0.0220425761642173 -0.048225848727155 -0.139652036441695 -0.219453410833242
-0.0610329063996192 -0.0390829542983283 -0.0738967068963607 0.176359876635686
-0.0458928885606353 -0.0263616003675526 0.17137822651115 0.158435955864116
-0.0315358865476713 -0.00527554594351751 0.267144872892319 -0.122386158239298
-0.00747634097733919 0.00234054566410937 0.156148401317578 -0.265445566761239
-0.00870404291258524 -0.0185891521702346 0.0433308166259589 -0.274286751660861
-0.019555619408985 -0.0277240489380722 0.00704125059780227 -0.211906672001985
-0.0377975445874913 -0.0384460654734254 0.046938490966111 -0.142696990204651
-0.0375040617001882 -0.0527940573350925 0.0928510969777013 -0.0834066899600509
-0.0246709136244829 -0.0608130253935342 0.165649870707586 0.0346388395364655
0.00742174232806786 -0.0629926694177803 0.123720291283207 0.23668368848391
0.0339287508327986 -0.0387557518641724 -0.0850876910799893 0.382137475344829
0.0469730438471113 -0.00430397030832913 -0.420630012837899 0.228064617421374
0.00433538575825605 0.00457610938964291 -0.505622121048278 -0.11347789638893
-0.0164256843538566 -0.0273594428254483 -0.284780290415404 -0.347842850570425
-0.0197785144400923 -0.0532353461067143 -0.108115763660805 -0.246104260423195
-0.0943942650932782 -0.00182543960805998 -0.0368925520369697 0.16356733021326
-0.0312461117351222 0.00353679278122472 0.17175814479352 0.086426696459819
-0.014841524137216 -0.02343448141816 0.18097454174746 -0.174031505312473
-0.031541810426869 -0.0270202550778337 0.0602823718386786 -0.255028896774988
-0.0567135151522172 -0.00669685865194855 -0.0213105648009405 -0.234913597000703
-0.0599839324827055 0.0114549614524862 -0.0366431722575112 -0.17905763750377
-0.0741126858085416 0.0103520951623088 0.00740598643521965 -0.137135885663208
-0.079501515404769 -0.0157316159854567 0.0611239621851024 -0.0920346495334336
-0.0727235901750402 -0.0446675235911046 0.145376971570286 0.0248672534358695
-0.0320821301164552 -0.0873734819847644 0.0936440192658796 0.230239012208989
0.0360717130217979 -0.0851119965929704 -0.14695176991103 0.348256586695325
0.0988706407363091 -0.0182651449431667 -0.472802841713676 0.122997677272945
0.0309274045557811 0.0429416212438272 -0.494930008015696 -0.241198702382958
-0.0397353198573461 -0.0025197583851283 -0.218982022919699 -0.423540592948558
-0.0584272870082876 -0.0580923873476015 -0.0675762518644967 -0.249251428976239
-0.112827616105816 0.036375230004781 0.00616241917235417 0.143625688652036
-0.0125146235672406 0.0331355796068557 0.17460926610346 0.0258525385235879
0.0112837749109207 -0.0331198913866787 0.118521904949322 -0.206360458895912
-0.0328672224717704 -0.0539729239345155 -0.0117930418287805 -0.240075184531874
-0.0823699263245236 -0.00763458687495359 -0.0760146841639494 -0.192614761922837
-0.0833832634535223 0.0359563126235961 -0.0779949745157677 -0.13722474673671
-0.0956151869888251 0.0484424704015519 -0.0363648675512419 -0.115332837217287
-0.109144967032075 0.0217201645584662 0.017957781422344 -0.0856741022013124
-0.11378677563124 -0.0171171299218908 0.104461357409386 0.0141391264208047
-0.0756924594200906 -0.0948840280710637 0.0571174115332762 0.201019166995331
0.0202468005400413 -0.120652116187605 -0.174736525555064 0.286001290229319
0.126634201807911 -0.0408936373101369 -0.464453116055958 0.0381262522974666
0.0516353755497628 0.0631877834202969 -0.44718118593011 -0.304366853203207
-0.0550426668731379 0.0186705552862154 -0.156590968775504 -0.440852055243996
-0.0906077771246783 -0.0544017253246783 -0.0262562951025513 -0.226981056927298
-0.118895982879142 0.061428229924556 0.0488802092357708 0.126254259652316
0.0022106024288348 0.0588151844444167 0.187248620490309 -0.0109871331606943
0.0431980220818343 -0.0312554991796833 0.09743472341763 -0.22816193187271
-0.0153880062752351 -0.0785090856987996 -0.0459161827151119 -0.241854193828657
-0.0885910115283992 -0.0253862548489744 -0.11613370106977 -0.174164909716435
-0.0934221385026049 0.0417854384056508 -0.118075090362268 -0.108010783548603
-0.103253838433729 0.0716648721815682 -0.0820288104386041 -0.0879756946339914
-0.121921776101846 0.0551224294547598 -0.0318253359090422 -0.0653151504065413
-0.138409393091705 0.0222338251631662 0.0479385207737897 0.0119777005918499
-0.119159248824244 -0.0753213989903371 0.0169634301219664 0.171043182644398
-0.0229094879231124 -0.137280843882736 -0.180412471692609 0.237128295907533
0.11755649260417 -0.0812970170797154 -0.43620586300473 0.00598630446727854
0.0729234924808226 0.052424773885722 -0.416924394422051 -0.297917491653233
-0.05301209584543 0.0385459964373416 -0.13219795472703 -0.418734494604886
-0.111905484278442 -0.0330445682881106 0.0110987345246809 -0.194830267725118
-0.108405297547494 0.0754339240178374 0.0859975978533322 0.120563450600199
0.0092393405248603 0.0783039017463158 0.215770781846948 -0.016048361092935
0.0703187567254203 -0.0175023319078005 0.128623234556394 -0.241980173052586
0.0128395669648103 -0.09348871231311 -0.0345291853393439 -0.273572335974965
-0.080425188459928 -0.0495467738452704 -0.138414230078459 -0.197874661458994
-0.0923937351671483 0.0332570414871473 -0.15485461138857 -0.105397137204605
-0.0981943939474131 0.0806971159776021 -0.125352996971233 -0.0638827182649459
-0.117089878831252 0.0803248136758785 -0.0797819465348985 -0.0341475840822451
-0.138462052177179 0.0656387393310202 -0.0148351167341023 0.0272572217393543
-0.146349390728309 -0.0284987701090958 -0.0265098552943294 0.160224233566919
-0.0767661799756224 -0.121310658824967 -0.181734362776564 0.219440417072459
0.0735295233272839 -0.118873401745548 -0.413257665001987 0.0324502384223736
0.087248469028219 0.0185681915797523 -0.415252047572546 -0.236814001787477
-0.0317634502098336 0.0562294642047107 -0.139733482002057 -0.377930944514146
-0.115119507174738 0.00499434431106967 0.0461284505457158 -0.168196244974559
-0.0862795744659779 0.0739351688428766 0.111030774398341 0.134523210198123
0.00826733128458701 0.0842452923024354 0.252384321777098 0.029232235253989
0.0835231512270658 0.00420444273796514 0.218970608637809 -0.222406543681033
0.039382076887831 -0.0880386575225926 0.0422766259270393 -0.317768519241206
-0.0614151101072022 -0.0648217399191179 -0.125572386416715 -0.261085740612912
-0.080220051836263 0.0212538447840802 -0.181282886132662 -0.134426360682137
-0.0799067038554672 0.0779730735782794 -0.161271621930831 -0.0486103406146393
-0.0931674790168896 0.0912152524982255 -0.117867975560603 0.00413287004590549
-0.111717386371692 0.0952336606885261 -0.0655248855033238 0.0612001545282795
-0.137697597838183 0.0242415776905455 -0.0654717682016824 0.176055601054098
-0.108020209568845 -0.0745090543980827 -0.178421945656603 0.237017945397534
0.0178045609725107 -0.123428061109351 -0.386594390390359 0.0999342744291955
0.0846576873421661 -0.0155718565039981 -0.417147565167158 -0.139388967463088
0.000108899092440287 0.0642598497435638 -0.158696310732402 -0.323838042396711
-0.0953432629006813 0.0449214101420912 0.0772570032567424 -0.153672847233997
-0.0514010794582993 0.0671021364204221 0.117971670397723 0.166933545424842
0.0105356268234794 0.0739111950745024 0.279139928086186 0.1236897764162
0.0748133422069291 0.0186486877600124 0.343657548812347 -0.147336045984436
0.0441887488051433 -0.0625057029218481 0.175266281571011 -0.345108436200349
-0.0409237968313551 -0.0553684652090215 -0.0725395135771687 -0.341144440829933
-0.0564661071567586 0.0204193508909173 -0.19043536126522 -0.18296218517546
-0.0491612094471621 0.0700527440463046 -0.187587063329566 -0.0410262739068258
-0.0539650558420939 0.0870794459686934 -0.138804070108771 0.0429562369022663
-0.0646330367558366 0.098235740479747 -0.0915835106029597 0.102268638728403
-0.0944593519652629 0.0564526786739296 -0.0791835539625004 0.206299398002802
-0.0946403606750004 -0.0237094973083264 -0.154480753581868 0.26947200993517
-0.0126881517469746 -0.0915896368100386 -0.334445949028463 0.178701029586795
0.0702239539973134 -0.0300921529545927 -0.391886635734789 -0.0292870320352163
0.0285972421500201 0.0585851741416775 -0.176016698357144 -0.258606126300419
-0.0536258600700743 0.0712303586247267 0.0958698352263748 -0.152590368075201
-0.0153720233444304 -0.0647467551246772 -0.101450037296659 0.184626363001258
-0.047451243661683 -0.0537077270570593 0.169127765618135 0.235308011675758
-0.0418980809472524 0.01466432131206 0.355933911077848 -0.0475426182627509
0.0256806886434278 0.0398255334706315 0.258577252090973 -0.255941118861334
0.0547118429188836 -0.0227557578561727 0.105889207334937 -0.2957119730698
0.0375054794568882 -0.0629368289233804 0.0377934839849422 -0.225294779436595
0.0114961275582047 -0.0849105435640607 0.0680456187514446 -0.129831886453086
0.0100237894579528 -0.0858819352576777 0.108345260705429 -0.0643150410896333
0.0219265202229803 -0.0726697892382965 0.171789215229023 0.0392943111853413
0.0419053477672953 -0.0382853272911773 0.153502486404136 0.216531194915882
0.0296876792982704 0.00754630026208909 0.00581528193167331 0.3792317580036
-0.00875286785136322 0.0167245855426424 -0.305012015629607 0.323094998632621
-0.0306187502675377 -0.0306264290071646 -0.458816468296783 0.0481484047933291
0.00237447701585861 -0.0584974489487778 -0.339917708224889 -0.224899002098601
0.0220023014734217 -0.0491787579619698 -0.14697665066262 -0.22357361680883
-0.0627001730269075 -0.0391525425751065 -0.0735725601937004 0.181231604659446
-0.047694503574836 -0.0259159141617791 0.176687613822536 0.159535381649944
-0.0326957221424277 -0.00523307562658766 0.271010402868746 -0.129191245690978
-0.00750668701230001 0.002348386930086 0.155323935874836 -0.275106832332532
-0.00930589378666177 -0.0190810744954224 0.0395359207765913 -0.281837737135143
-0.0205559774320375 -0.0281008159107967 0.0034328243034484 -0.216941544107304
-0.0395091949096707 -0.0386164293817618 0.0449826778294134 -0.146295450563223
-0.0394750223110981 -0.053650687055083 0.0930240259102142 -0.0868680275130278
-0.0255294448649435 -0.0622509992364053 0.17000467995313 0.0330526889961427
0.00692255956217321 -0.0645884198077016 0.130205384700583 0.24019918006234
0.0341888504345601 -0.0403847836434275 -0.0827292881347687 0.392252844136908
0.047843984654782 -0.00465174650385764 -0.427613589573942 0.239301641286051
0.00412600180864412 0.00537999134113259 -0.517529108690237 -0.109573948514124
-0.0173477623404519 -0.0273997694904828 -0.296770370672313 -0.354001666186177
-0.0210057798335009 -0.0545249176871542 -0.113620619087605 -0.251718870618336
-0.0970580579160385 -0.000590571071352978 -0.0352343928492272 0.168178345629715
-0.0323404178392797 0.004139501718901 0.177123204643874 0.0864882439938942
-0.015898702917938 -0.0229944743713159 0.181752325290659 -0.180164144821344
-0.0325256519495949 -0.0271465088822992 0.0574130536432901 -0.261786360073571
-0.0580660708865634 -0.00645827855185704 -0.0263957796299492 -0.240796264433958
-0.0612053532486153 0.0125132633421088 -0.0408027827373674 -0.183090157989525
-0.0761066621985066 0.0116407830037982 0.00520456517617563 -0.140204422118394
-0.0818558420341051 -0.0151046394801915 0.0606772442264396 -0.0950430119416217
-0.0754522896955515 -0.0447174566860537 0.148608344678151 0.0228399612827034
-0.033707546539604 -0.0881864324546322 0.0986276510848401 0.234437639338629
0.0359936082138109 -0.0875576815433576 -0.146006869539248 0.357541417624066
0.101090773283865 -0.0199165661339681 -0.48236894813403 0.133583130140843
0.031759896067097 0.0441473281072677 -0.509375457994772 -0.238755771537093
-0.0414758493461961 -0.00188347453784458 -0.229528980488855 -0.431601770227645
-0.0613311708834923 -0.058605453306613 -0.0719750705170356 -0.255823937150655
-0.115505652960578 0.0374090375937448 0.00874763805409735 0.147981907137485
-0.0129328204297488 0.0351393931643037 0.179299136110594 0.0243530580534218
0.011123685181943 -0.0333433184377902 0.117042637239594 -0.212725061039941
-0.0343914630966904 -0.0544788974347806 -0.0150498102092814 -0.24526263948176
-0.0837270771060874 -0.00675586157254375 -0.0813747412702227 -0.196487386961124
-0.0845744783387883 0.0373450562406099 -0.0825126863535211 -0.139961614365238
-0.0971581688186732 0.0504630812659772 -0.0395723238199423 -0.117435711191725
-0.111070875613669 0.0234934490602964 0.0167891086144393 -0.0876389823947858
-0.115552957162867 -0.0161979300892714 0.106421835154994 0.0130574791854898
-0.0783442031397586 -0.0957562301586779 0.0617304423925332 0.205213959247605
0.0187696186129881 -0.122911470266148 -0.175092720381248 0.295198525370776
0.128276443396041 -0.0424908525288463 -0.474410153404767 0.0448921591572185
0.0531723754129999 0.0644074987299217 -0.46118947847597 -0.305708877806513
-0.0566983832040961 0.019930421543294 -0.165814973634344 -0.450366424439657
-0.0933995858389058 -0.0546519348679195 -0.0287202508472904 -0.233367569247547
-0.120437970714896 0.0642792909234582 0.052525050566257 0.128269378130571
0.00270700922321462 0.0607748417010163 0.191881488603554 -0.0139884466229292
0.043275619981508 -0.0322612709404768 0.0955353432922518 -0.234857307022602
-0.0163048205766132 -0.0804375127151992 -0.0507778256509239 -0.246772953656904
-0.0907019617247555 -0.024551768001634 -0.12188420717821 -0.177394551482572
-0.094440199187384 0.0434913516172276 -0.122048702076881 -0.109753991156442
-0.104182609022483 0.0747771462208587 -0.0842508610212797 -0.0888875303871021
-0.123762034867919 0.0579998872349935 -0.0336258097936435 -0.0664434495542894
-0.14082217670887 0.0244017115051626 0.048609711596972 0.0119301090734747
-0.122353528493314 -0.0750659345564876 0.0203867796180437 0.174870040916297
-0.0252675139316415 -0.139368309615383 -0.181109525017176 0.244821460067822
0.118506196419771 -0.0845081323425993 -0.447161381180035 0.0126834964226597
0.0747763673858247 0.0524334956232911 -0.431159523773774 -0.298210486801195
-0.0538483338380781 0.0402655247118817 -0.141457135979283 -0.427707584083412
-0.114358520463836 -0.0325325258697392 0.00942362952962005 -0.200680761880935
-0.109655771611213 0.0782914414653013 0.0902996895002947 0.122878693514719
0.00991274173706704 0.0803991054207149 0.220626805873197 -0.0191194872671488
0.0716410361230575 -0.0186027957649602 0.127861375529785 -0.248966722451133
0.0117558026372674 -0.095898834503799 -0.0391722980349352 -0.279365329672032
-0.0827023382214607 -0.0496889313180217 -0.143652409030255 -0.20126645654919
-0.0938308102595351 0.0352492745483318 -0.160388170524849 -0.10642962912926
-0.098414342703998 0.0838523261755443 -0.129061174286427 -0.0641688830565005
-0.118245373768145 0.0842025622936879 -0.0822255846429398 -0.0335354160854246
-0.140196493383879 0.0689565055168844 -0.0143925517171298 0.0283235805216696
-0.149466565919129 -0.0269340286904523 -0.0247169093280264 0.164528489192281
-0.0805338327301919 -0.122471286197021 -0.182950984069704 0.22742892679354
0.0728846767341 -0.122248734708382 -0.423381710532167 0.0384491617144547
0.0889692987867293 0.0177829772771015 -0.428566093210193 -0.236067994939072
-0.0315652034289276 0.0576199054757636 -0.148750850131808 -0.38535257557399
-0.117819454390114 0.00615842968813396 0.0447539988145039 -0.173248987060132
-0.0866894457369155 0.0763988619640296 0.11638145611222 0.136761389653122
0.00901931060599381 0.0869696107648146 0.25903070174017 0.0267299121661978
0.0847288688432646 0.00384557771434754 0.220794921449703 -0.231373065719342
0.0395129794868035 -0.0905273832221435 0.0389690279250296 -0.327055277082991
-0.0635375218887344 -0.0655754080276044 -0.132116252824605 -0.265973250377864
-0.0809992673106465 0.0230956126241746 -0.187104330842909 -0.135609245931817
-0.0804800614549521 0.0805983198901085 -0.165530066474966 -0.0475018785528101
-0.0938939462065569 0.0952242233896342 -0.119836538735484 0.00668596780532844
-0.111837178579611 0.0986821923387669 -0.0662763056010402 0.0640433357924401
-0.140225105146558 0.0274573424176772 -0.0634785314064543 0.181989275070462
-0.112049898397413 -0.074235930188309 -0.178356731487341 0.245243402203933
0.0162060849369314 -0.126358846232778 -0.393983814094325 0.108192845029465
0.0857033787631749 -0.0172189212241362 -0.428554731117682 -0.135387463088794
0.00068805860862918 0.0656529506715436 -0.16756919679824 -0.328938756102615
-0.0967584104255187 0.0473002361550886 0.0766142514190618 -0.159033401571304
-0.050706410829804 0.0694163814323407 0.123323546176536 0.170542055637995
0.0115188253259931 0.0752927360103114 0.287922110915368 0.124325654929162
0.0763885435892677 0.0179998219284335 0.35056485252649 -0.155916974157955
0.0442225954935718 -0.0641069337338307 0.174579455240274 -0.355089970700636
-0.0428156985638437 -0.055671892329006 -0.0789344449391472 -0.349393093227613
-0.057361954729962 0.0219684099310446 -0.19683836368409 -0.185134827421156
-0.0486984636504651 0.0723845673988109 -0.19184800304841 -0.0397469262884515
-0.0536302283758316 0.0897253032978112 -0.141268482407983 0.0459954600250479
-0.0640475290319204 0.101672143111573 -0.0918053183622921 0.106959059553194
-0.0953035519065249 0.0593699776205827 -0.0776662812625206 0.212029795363125
-0.0973227158888303 -0.0219800139341412 -0.153046403148869 0.278921746122198
-0.0144837321144798 -0.0932416266847567 -0.339339705222777 0.188403815380063
0.0715956499506552 -0.031816909203539 -0.401658310728192 -0.0229899785496118
0.0300824405430077 0.0597001320925691 -0.183843516071487 -0.261827444387551
-0.0534378846712705 0.0738828982246738 0.0956613361388728 -0.158020083656556
-0.0170907179812873 -0.0660094933675319 -0.100592871523274 0.190097403168663
-0.0492732377203722 -0.0538344682878074 0.177388120044009 0.237996299645752
-0.0421497410950752 0.0161892176636852 0.363267909330177 -0.0560695171015574
0.0272755612674516 0.0404484306783505 0.258692859646016 -0.266671395478125
0.0553118659472722 -0.0243984031896408 0.102059757503946 -0.305434536833782
0.0374417878423698 -0.0652101334826346 0.0332272887885197 -0.231519731682777
0.0102557001863822 -0.0872521208012315 0.066727980326486 -0.134254089879849
0.00809433657870105 -0.0882410129479456 0.109066841782999 -0.0678107333357759
0.020698961904324 -0.074614296746405 0.175590334030715 0.0371376224653332
0.0420766885871676 -0.0398937502218453 0.161127767601071 0.219569429629874
0.0305377209569318 0.00679547702294657 0.0122766978083329 0.388118823539081
-0.00830300341182593 0.0176427586237059 -0.307393316381111 0.336391376986124
-0.0317595223745282 -0.0304926250827902 -0.469927654143922 0.0570041795918483
0.00109541438581274 -0.0597067407547727 -0.352416189281761 -0.224776162214091
0.0213967043669874 -0.050467174795937 -0.152929785537356 -0.227549694682165
-0.0652957010038621 -0.0391936081651394 -0.0720577364700885 0.186226042275296
-0.049115364647999 -0.0249799265658076 0.183947668755395 0.160341198007854
-0.0340885537440576 -0.00388567626861451 0.27408460881424 -0.137684768990142
-0.00680293471198179 0.00292234772460512 0.153093043718736 -0.284602619298999
-0.00943319707810971 -0.0191885988255207 0.0344047005992414 -0.290348986590952
-0.0214765247877199 -0.0283699173307112 -0.00134599293553064 -0.222594681742375
-0.0409169328289529 -0.039228237117687 0.0429287301516109 -0.150717289757314
-0.0418342440862665 -0.0545256098161187 0.0935434537753998 -0.0906373104619984
-0.0279565487386612 -0.063288175557026 0.173897180500991 0.030815638169121
0.00624382894410995 -0.0660981975898517 0.136827311847107 0.243447895743957
0.0345181392665995 -0.04188753374916 -0.077767342423991 0.402629271294267
0.0493595249893238 -0.00568029848358366 -0.434516742572273 0.25245562617581
0.00442553165793036 0.00538870326278271 -0.532201247439795 -0.104032050682463
-0.0187942198532021 -0.0272733511576914 -0.309539856696359 -0.357137462678146
-0.0228045552336037 -0.0549697610234222 -0.119850941638724 -0.256866746927611
-0.0993739267468369 0.000925102999197826 -0.0323575466953562 0.172696849771918
-0.0333818052092947 0.00559121273895913 0.183067501933649 0.0854222992922737
-0.0170823403330111 -0.0232607680517222 0.182478857944678 -0.188409087641946
-0.0333675118764942 -0.0269136652803673 0.0523740628707354 -0.268943527265938
-0.0591172842823268 -0.00528203229772491 -0.0319613810903011 -0.246182217102223
-0.0625051933550262 0.0139766521095345 -0.045501261191444 -0.186810997958711
-0.0776632345792455 0.0131132152223891 0.00231783802634643 -0.144561834689077
-0.0843050708686638 -0.0137445696247828 0.0605001883868544 -0.0983025297720602
-0.0774396223957629 -0.0451205337054825 0.152098378478926 0.0213998871400595
-0.0358253792531817 -0.0903671577038411 0.105860157836116 0.238091855586928
0.0351724801640633 -0.0894894165512782 -0.142921084763242 0.368658466173651
0.102821030428248 -0.021280778011801 -0.491390678198378 0.144216754535669
0.0330611438443799 0.0450567520021776 -0.523974287651879 -0.235982175444384
-0.0430413924822878 -0.000844493097765374 -0.24293457913131 -0.43851755287778
-0.0631494088270792 -0.0592325691562045 -0.0783440326367508 -0.262302699079058
-0.117277620417459 0.04080164635816 0.0117265552265711 0.15068958936516
-0.0130722872387985 0.0368272972502857 0.184055652651833 0.0218641348619022
0.0109294375089415 -0.0338399722705687 0.116026303977796 -0.219836675883016
-0.0359312528801656 -0.0547555535621087 -0.0211763933608696 -0.25128169332627
-0.0852656920668183 -0.00541665576209274 -0.0870045554297737 -0.199990625930176
-0.0852682756888426 0.0399841412221695 -0.0866640467358618 -0.141843364039425
-0.0984269616833586 0.053155734777328 -0.0424852854228536 -0.119731865220961
-0.112900104284591 0.025692635802096 0.015564899142566 -0.0896710223704189
-0.118275604166941 -0.0148441665830665 0.108932835410003 0.0120376656630891
-0.0814164257544296 -0.0961147993561715 0.0672249900624999 0.208449365479534
0.0173990476573209 -0.125990029147721 -0.174048061878408 0.305074404050172
0.130670928230703 -0.0451286658143929 -0.484739938323978 0.0543032085791195
0.054694095298622 0.0648541345512749 -0.477565689238248 -0.303026762452388
-0.0581913619522419 0.0215200864695171 -0.176795343152805 -0.457612450151227
-0.0964819425288403 -0.0547554211164589 -0.0337474068131822 -0.239913803547195
-0.122631931996565 0.0672710793140498 0.0562233416990556 0.131105427804714
0.00340329169430614 0.06288539670068 0.195757480082271 -0.0169644372966474
0.0433362813930204 -0.0330658737697939 0.0929846661885595 -0.242391991314297
-0.0180773487288243 -0.0817214268303599 -0.0569363555281323 -0.252344410049618
-0.0929525155890812 -0.0232659366723785 -0.127846808640376 -0.180148010567365
-0.0959794649133472 0.0460066954970136 -0.127080961126828 -0.110236288248818
-0.10483570573845 0.0779330377965829 -0.0883766694116673 -0.0892067553858247
-0.125402647753905 0.061576106771463 -0.0356164462980868 -0.0671680719242324
-0.142711974986718 0.0270654988740447 0.0499637599283452 0.0115625025640012
-0.126347654378285 -0.0739453862699558 0.0243778470769397 0.178347219279555
-0.0286257496037509 -0.141522041117012 -0.180897829485316 0.2537741038465
0.119386886558947 -0.088004476141014 -0.456286327108518 0.0210502654906307
0.0769291879989288 0.052338805394748 -0.44615196932658 -0.297685923758223
-0.0552921480729788 0.0424981469539671 -0.151413247432891 -0.43553496500312
-0.117042168110909 -0.0317568147140015 0.0060744968022117 -0.207313333374217
-0.110910159243357 0.0822053314436573 0.0953604571198673 0.124599247333291
0.011187548443836 0.0827237947305757 0.226011934976165 -0.0233133361344244
0.0725668395544286 -0.0199758610327131 0.126700017902094 -0.257702047743427
0.011131513207347 -0.0984765699940037 -0.0449830713459136 -0.285821561699331
-0.0856698813946312 -0.0491541659719682 -0.150388717133346 -0.204163849968099
-0.0950503224339555 0.0373824479461136 -0.165905884799574 -0.106252009241728
-0.0989088466831527 0.0875160933735583 -0.13279328831852 -0.0633329204881392
-0.118952032499075 0.0884910855896701 -0.0849145891366942 -0.0328207825475901
-0.141478375588299 0.0734656508271659 -0.014347947870989 0.0293449159038304
-0.153027605935613 -0.0245047592376503 -0.0224717228683616 0.168759824864925
-0.0849356984597799 -0.123068821195533 -0.182649631071347 0.236056211599491
0.0722298262764043 -0.125865694152122 -0.431820919430353 0.0478385192526392
0.0909785921833856 0.0163962881965048 -0.442574271601174 -0.232452999750318
-0.0318949286265138 0.0596804527708966 -0.158148467127129 -0.391763154235495
-0.120112542814496 0.00835387882224302 0.042541358262797 -0.178926960657822
-0.0873088878132254 0.0795545889914187 0.121912899567521 0.139016242545473
0.0107990574446138 0.0888107756119917 0.265899681363098 0.0234699325739787
0.0865175653493522 0.0019676885289538 0.222565803309652 -0.239859484427425
0.0385740866765357 -0.0936721158624826 0.034000345905581 -0.335223556287204
-0.0666091726039184 -0.0654349955737721 -0.138967983133426 -0.27062134410679
-0.0822358578489714 0.0252328106576721 -0.193553480664129 -0.13579852947722
-0.0799119370595521 0.0841025791372068 -0.169685874730392 -0.046057907034631
-0.0940079439174417 0.098974725591549 -0.122437826682572 0.00861190247010595
-0.112210641536834 0.103082937486616 -0.066251505277797 0.0674009573558576
-0.142523153140966 0.0310860699108917 -0.0611701012473947 0.187484202141692
-0.115568390114507 -0.0730247563845644 -0.177413021275211 0.254050313652785
0.0141293660181286 -0.128999801668585 -0.401539525541305 0.118725088864111
0.0869205103119584 -0.0194649390295717 -0.440637053887211 -0.130415794081024
0.00185955847244304 0.066715728844604 -0.177707495888799 -0.333400652844708
-0.0973820477533002 0.0494393421570661 0.0758155740782524 -0.164289496540679
-0.0506107599443948 0.071222517263861 0.12898009298557 0.17221481322414
0.0131692177232337 0.0769968720215592 0.296511482461451 0.122181081603988
0.0779549953215715 0.0168736890389395 0.356165979003727 -0.165648950763824
0.0439110905702625 -0.0670958472965045 0.172633258872934 -0.366356181565028
-0.0451314254248957 -0.0558766047749493 -0.0863510371937535 -0.355963262638325
-0.0581662652674978 0.0236583454672417 -0.204653390878754 -0.18715826607724
-0.0482074118145447 0.0747180475010295 -0.196546640573328 -0.0369808821932864
-0.0528440997333416 0.0928410712732901 -0.143127028205629 0.0499215656765113
-0.0632994101600443 0.10527864656218 -0.0916184866662475 0.111491957016732
-0.0956823917318417 0.0625708338201055 -0.0741418939115484 0.218983496361483
-0.100264361586378 -0.0205096262668795 -0.150406580921828 0.28795040089018
-0.017113045151365 -0.0948522113379632 -0.342801787901354 0.20019468366416
0.0720687776909158 -0.0340241896522424 -0.410028701289932 -0.0154388002542059
0.0312455923286292 0.060826728987882 -0.192509535618908 -0.265071794061507
-0.0531740953419419 0.0763170537721704 0.0951289625194144 -0.163334671496515
-0.018731543096228 -0.0666872503295742 -0.0985484776053105 0.196070356505514
-0.0514898984872706 -0.0533841599116554 0.186195190145761 0.2388777716813
-0.0430142089565198 0.017329190269071 0.369600477665994 -0.0657479780078322
0.0288280798867048 0.0406264793364642 0.258618931463169 -0.278926480048466
0.05597276483617 -0.0262152516278621 0.0975128835943733 -0.3146204972775
0.036087330179737 -0.0675059921381848 0.0276981106824249 -0.237147780268232
0.00774486805939455 -0.0897530204013638 0.0646035759926088 -0.138941934979709
0.00564839492244453 -0.0902594775103337 0.109763903962624 -0.0713248990020782
0.0198649810136829 -0.0774694647285421 0.180111687948381 0.0345087355857841
0.0421844717418278 -0.0419999871530523 0.169370706912343 0.2216114875957
0.0317251171217682 0.00630657659948209 0.0203135557692885 0.397850682347239
-0.00754525745956198 0.0183885489729307 -0.307934593461227 0.350891505643451
-0.0333275967974637 -0.0301812022560573 -0.479355338108388 0.0675931506300074
-0.000120017702014405 -0.0605254781153269 -0.365515482883646 -0.222816313621142
0.0208655633187227 -0.0518705259779848 -0.162328865294684 -0.231166136228075
-0.0678289770851196 -0.0386180157188653 -0.0694746277250925 0.192014656919681
-0.0512868325989825 -0.0247352327820022 0.192269760318631 0.160348429367622
-0.0349871748030925 -0.00283646490974899 0.276503493914586 -0.146792460921639
-0.0070816332687589 0.00303279086855177 0.15023929647981 -0.294467701003219
-0.0103262643119699 -0.0191129257426194 0.027728249458799 -0.298693683100697
-0.0224178867169855 -0.028581486515692 -0.00772381782473965 -0.228008775776277
-0.0429640876804403 -0.0396427492548098 0.0395931949802301 -0.155803299371177
-0.0440029926314639 -0.0547802262315649 0.0931679792391172 -0.0944341341489473
-0.0294447426489257 -0.0652054539294377 0.177587399641583 0.0281835305797321
0.00531360007334285 -0.0682290034988426 0.145320841520754 0.246194085923891
0.0348170571134089 -0.043007678982215 -0.0714277596424745 0.413761282377045
0.0505158808744511 -0.00616938724155414 -0.438609093410488 0.266923473627068
0.00456562304608657 0.00574786084040881 -0.547157698439344 -0.0950013529441187
-0.0197940160015186 -0.0271841868178135 -0.323854131063698 -0.359714489639764
-0.0247613112130989 -0.0551420291629681 -0.128496152550428 -0.261896816800506
-0.102076563124523 0.00252804491476829 -0.0291941775215532 0.177017994474162
-0.0342353410007383 0.00677618213564817 0.188808400743425 0.083654585723541
-0.0179487482194002 -0.0226148302375782 0.181915236896218 -0.196608051539378
-0.0343256454028471 -0.026771416423558 0.0472376615210726 -0.277107282472727
-0.0603885826754971 -0.00373686133269277 -0.0390814072925349 -0.252022177867981
-0.0631775420358287 0.0153378429815645 -0.0513237574322987 -0.191048281897573
-0.078532908620373 0.0147596234990138 -0.00128578631995516 -0.147842839034703
-0.0860972493776173 -0.0121923393380867 0.058969538815415 -0.10168231201713
-0.0799636775270815 -0.0446719936426408 0.155609142047721 0.0186149191071234
-0.0381974627791048 -0.0913658347917363 0.113351407184509 0.241504348207356
0.0340850474164317 -0.092279040356349 -0.138899546300549 0.379695349077755
0.10535873717502 -0.0234440704389678 -0.499123261574739 0.157286982987217
0.0339808132643831 0.0453593466519985 -0.540944285476498 -0.231095570379929
-0.0441947851358147 0.000712727180139816 -0.257112751073358 -0.445178172099568
-0.0659769375439931 -0.0593172413852631 -0.0853490445154931 -0.267609734590583
-0.119366891480966 0.0434877418759079 0.0154990267610134 0.15441021733219
-0.0127512950760288 0.0382236967170438 0.189275096952371 0.0192759824992888
0.00985481290669313 -0.0342106998124721 0.113621944472851 -0.227187434053381
-0.0376097228694637 -0.055417983345187 -0.0275848661690585 -0.256349428933835
-0.0871065012879964 -0.00341926985967332 -0.0938445283668277 -0.203674191220396
-0.0863950535523094 0.0423702253723249 -0.0924542367248699 -0.144156596195489
-0.0991673030387896 0.0560705325329581 -0.0459521348488869 -0.121248433842339
-0.115093586571583 0.0287583402812537 0.013674227420804 -0.0923140886176085
-0.121153244154741 -0.0130773908932423 0.111465027417401 0.00976515988893518
-0.0849047991778506 -0.096534347491394 0.0728031489442137 0.211582693034129
0.0151982251529298 -0.129077808208993 -0.171725697025089 0.315462336975628
0.132743625295446 -0.0488983997189016 -0.494841600292126 0.0654883608462027
0.0568269167640759 0.0652490508214553 -0.494747337139174 -0.300953187167651
-0.0597809602707308 0.0233418108142064 -0.190335788123932 -0.465451690985201
-0.0997298162469206 -0.0537803194557305 -0.0385633205278593 -0.245709269131525
-0.124010735834298 0.0712574934128459 0.0607117355554356 0.133035121738896
0.00454280236726889 0.0650131687235027 0.200157884651304 -0.0210699990548747
0.0433442408785178 -0.0342328072041381 0.0900105432834946 -0.250166479586869
-0.019961935239503 -0.0834278780700829 -0.0636258602413393 -0.256619953053091
-0.0954485249018446 -0.0219378762324597 -0.134679523537357 -0.182700408900052
-0.0962587631400929 0.0486909380448746 -0.13265212890926 -0.110395901971096
-0.105571235652889 0.0811456723767987 -0.0925389509886105 -0.0896502456334356
-0.126843394134914 0.0659808827021349 -0.0381069404723494 -0.0678405930623377
-0.144870193091636 0.0307676428461522 0.051063726913184 0.0113084928833242
-0.129793609635312 -0.0726646978828307 0.0287167878241551 0.182087453548897
-0.0319033443080074 -0.143189839621987 -0.179759582758561 0.263409311281996
0.119729211506229 -0.0919220244550579 -0.466689387340643 0.0314458959000664
0.0792896620756245 0.0519128675173839 -0.46213461777009 -0.294036814122263
-0.0557845129511727 0.0441632814693521 -0.16357348639593 -0.443926467686702
-0.120413862940074 -0.0301653493473792 0.00226854373227286 -0.212682154234075
-0.111120689954409 0.0856862836690781 0.100459913994522 0.125876908742745
0.0128341801813113 0.0849066288936859 0.23131429466794 -0.0280862409908481
0.0731952073337722 -0.0219476853958797 0.124075805760426 -0.266068390774811
0.00948966564594011 -0.100983710235481 -0.052770167486095 -0.291686199411132
-0.0891343702575929 -0.0481266299865298 -0.158493286380843 -0.206785659033875
-0.0959238022505428 0.0400218141899137 -0.171916757493696 -0.106117862170921
-0.0990886883005674 0.0916716632561826 -0.136803114705587 -0.0620264025454113
-0.119215914685813 0.093188964830485 -0.0878102033878696 -0.0315920722165716
-0.142414593638381 0.0780721925430232 -0.0142695071421465 0.0308250980302118
-0.156454622640557 -0.0211576015829515 -0.0177552342426622 0.173206066844584
-0.0895912723350848 -0.123118416251204 -0.181646807440819 0.245481167857482
0.0702276315488927 -0.129968898535165 -0.44133293660175 0.0583908170312626
0.0926684581069044 0.0147544686292707 -0.456348261235083 -0.227956363288182
-0.0316846870585844 0.0616126207303695 -0.169902003572207 -0.397867783467826
-0.122319963829483 0.0106751880016018 0.0399081487926598 -0.184398846559767
-0.087394335617044 0.0826998352881741 0.127823702955526 0.139645411797841
0.012434267676976 0.0909264854658596 0.272817659366226 0.0182839573773846
0.0881550408233047 0.000638377743370657 0.222025182090063 -0.250049051376577
0.0376529493718191 -0.0966343249546688 0.0276782904446219 -0.344232425928044
-0.0695198733928214 -0.0657007274838087 -0.147882322504396 -0.274658130305298
-0.0837097124194815 0.0277194818607512 -0.20056877884952 -0.135578412924409
-0.0798686974885156 0.0874404033453002 -0.174338760003832 -0.043743615457852
-0.0937326556155109 0.10365656814351 -0.124899734871467 0.0118701427533649
-0.112084926588938 0.107935760142481 -0.0660692370057909 0.0706903145956041
-0.144410123385265 0.0355602860233484 -0.0574632718743983 0.193162843368127
-0.119960136982357 -0.0715971126804972 -0.176623646249986 0.263878240423672
0.011171630249698 -0.131774252020204 -0.407331007986852 0.130660183580032
0.0881793023710531 -0.0216365792182687 -0.452635586081308 -0.122975889968648
0.00253216203789846 0.0682016101414109 -0.1887848406917 -0.337890098613816
-0.0984328687934378 0.0529376485028325 0.0736198696011078 -0.16951285866086
-0.0495651575882186 0.0737485739784159 0.136012221357189 0.174891711424052
0.0147741342709759 0.0786061207983057 0.306839934665952 0.119878134191445
0.0795761993231336 0.0153332008551566 0.361817516306085 -0.177008489161708
0.0432741050180717 -0.0694151689392496 0.169016606525599 -0.379634168836791
-0.0479333924468827 -0.0556455137219793 -0.0956501937878435 -0.36338299966391
-0.0591246069963191 0.0256702097198627 -0.212612152103324 -0.188219481071038
-0.0472350809801683 0.0771603887397752 -0.201204456334963 -0.0343017040578283
-0.0517005072674982 0.0962259380340432 -0.145057939226979 0.0543609347137226
-0.061837538179338 0.109319202059408 -0.0906808711606599 0.116313417496052
-0.0959224625788817 0.0666287980341155 -0.0690177476762184 0.226455283168055
-0.102542103186367 -0.0183356957658945 -0.147279410245797 0.297927956987063
-0.0197140104515597 -0.0967314468182106 -0.346521335829259 0.211900259442345
0.0725102422835464 -0.036728363456234 -0.418782211584536 -0.00652528205078826
0.0333854931808112 0.0615702829107696 -0.202881155848816 -0.266960855176777
-0.052060053060283 0.0788458871088757 0.0937421134845212 -0.169743029702671
-0.00308906002425093 -0.0651524369943014 -0.136620962780376 0.171424722356208
-0.0349053284705012 -0.0642290152150038 0.139391672772711 0.274285639098146
-0.0440717122161174 0.00350362575546476 0.378881913329005 0.00644267124027263
0.0168345136106484 0.0391993065418911 0.315259521842376 -0.228784727114021
0.0550463879604512 -0.0172707175926908 0.158887305128704 -0.301611203106775
0.0480857844591321 -0.0614470309351241 0.074086537940266 -0.23659432970662
0.0259039085313766 -0.088134862562155 0.0946269177954867 -0.131247441431396
0.026955367495211 -0.0899935596779382 0.124162184555984 -0.0502707151966231
0.0357627398423805 -0.0731033068613227 0.176287828818868 0.0715228857848986
0.0525356008865341 -0.0320333585536517 0.128940804575096 0.256908665099908
0.0298463453310269 0.0176492997021746 -0.0553511255741787 0.40191876823041
-0.0180555559681024 0.0188042490041413 -0.377060841649486 0.290667245552186
-0.0312680137876372 -0.0418572947991318 -0.493945312979709 -0.021785454058792
0.0102109704973382 -0.0662918812244318 -0.321012364187801 -0.292170855934287
0.0316390712118364 -0.0505285356061505 -0.115577870788942 -0.266170096900658
-0.0568618474801633 -0.0491515468466751 -0.108729804953072 0.173861373586985
-0.0423728945784928 -0.0359970809920342 0.160405795139484 0.196636855760825
-0.0336988086498159 -0.014250055291747 0.302180666065519 -0.0946541768267809
-0.0117651715601892 -0.00243822548736951 0.207708583032132 -0.269429731183545
-0.011365116602073 -0.0229906943948537 0.0827121444317831 -0.297221999326316
-0.0183261380515622 -0.0348312769437099 0.0344313374355563 -0.233271689271949
-0.0348184752484113 -0.0489631143011236 0.0695967009400408 -0.153219698211496
-0.0310165082411824 -0.0658994093942981 0.11260021541659 -0.0774332471342519
-0.0153839706395004 -0.0715363222019737 0.175660166999652 0.0636261637951821
0.0208614166950479 -0.0661715753529816 0.101794416295763 0.277698673516016
0.0438051045988739 -0.0317233904092745 -0.151220131644138 0.403203422933289
0.0452922092129456 0.00421581151905004 -0.495535040960222 0.183524220640801
-0.0012083018859671 0.00191008366125047 -0.531138646536584 -0.200151467252162
-0.016104841696658 -0.0384078308921833 -0.250970205562181 -0.421693881334203
-0.014738077219806 -0.0656515344094444 -0.0731547585254368 -0.288290614889412
-0.0987286164116578 -0.0163217699596413 -0.0682666747246176 0.168687045055844
-0.032843967774561 -0.00188401029979598 0.172496732644183 0.120662971124634
-0.0145512343770858 -0.0293804004918027 0.217927295238394 -0.163554383222008
-0.0326277954948429 -0.0349604813464993 0.10011323112189 -0.273947719068577
-0.0633758449420506 -0.0168430892921012 0.00434416391033717 -0.261760436076237
-0.068703860722635 0.00126992511761018 -0.0174135587850492 -0.202373149738242
-0.080936011624822 -0.00207405707558073 0.0243762449036053 -0.151893456336763
-0.0832050364789358 -0.0334694302190807 0.0795764411935716 -0.0912814383808846
-0.0700271038435622 -0.0621219071246242 0.155532527725429 0.0486530318089208
-0.0174786742141971 -0.0984841819070156 0.0706077467254687 0.266194411432597
0.0549327095206554 -0.0816322625409263 -0.211577074850191 0.358564778595026
0.103485720758082 -0.00296775657511904 -0.536997313904794 0.0637605206959743
0.019681024102644 0.0478587344136756 -0.500143417932467 -0.336242831827223
-0.0454554056337815 -0.0164585568060372 -0.16508257255215 -0.494794744170145
-0.0558956335913234 -0.0797932797472009 -0.026543512042974 -0.283659686827403
-0.124616439745539 0.0191161467041361 -0.0197347829899373 0.15601203562605
-0.0192880204248779 0.0326416736122356 0.185680543290945 0.0562870717316087
0.0143695030439422 -0.033803106264341 0.157710461163788 -0.207755469102003
-0.0298993353768668 -0.0623715551325095 0.0213286821691386 -0.269593099112607
-0.0889474689999067 -0.0206996881935521 -0.060891211328122 -0.22396494566327
-0.0966794727652817 0.0240092711029564 -0.0685824544695039 -0.162853489600492
-0.1099417200494 0.034886378259949 -0.0269856461658148 -0.133791782728362
-0.121499500250161 0.00111563862887728 0.0314454437326725 -0.090390004594368
-0.117278002793953 -0.0393392307332954 0.112424049087983 0.0300379640664241
-0.0632074039309369 -0.113759049940308 0.0367303036623893 0.227872361895085
0.0437271945138215 -0.123671392569468 -0.232041019447068 0.288623120854182
0.136602413970432 -0.0244437126606862 -0.515641527994875 -0.0249037387477137
0.0387097267830486 0.0724563304475782 -0.439338411862053 -0.397774346245801
-0.0647049134152135 0.00264063228276091 -0.0950816458545557 -0.502158318141957
-0.0910294093981762 -0.0821824547587285 0.0172634111664177 -0.251272714298008
-0.134191266624945 0.0441873068166487 0.0285304928367302 0.145486248638663
-0.00847202803663445 0.0619208787362229 0.20507578140571 0.0196730175185784
0.0468957647079665 -0.0269138728114851 0.140464717157896 -0.234605252675794
-0.00778585453978853 -0.0855822737312861 -0.0135417152155104 -0.278230500830953
-0.0935063421311022 -0.0398499236297098 -0.106530942638194 -0.210699824351206
-0.108673092755954 0.0285465571279009 -0.115159488486682 -0.137325076954853
-0.120995365724219 0.0587882418881575 -0.0810906823906854 -0.109653017876873
-0.14182255229116 0.0355749962891114 -0.0254489311452251 -0.0758705893323191
-0.150738878348593 -0.00062712126926994 0.0512826881631156 0.018870998650516
-0.114274331373334 -0.0993477480404454 -0.00101514344781755 0.188544452894342
-0.000415515477934609 -0.149599422867723 -0.229085817731099 0.235709908707121
0.133558834770212 -0.0708901073002321 -0.479152688259287 -0.0515581989921844
0.064505275748837 0.0644253676184019 -0.409781224655443 -0.384241488892617
-0.0652057531535712 0.0249194376271691 -0.0731943813463724 -0.47642180953833
-0.117293344544948 -0.0622225332243909 0.0526094257841551 -0.210561916921477
-0.124403940353082 0.0607149536617909 0.0691355452676608 0.146856113306061
-0.00435699683795393 0.0828829496735599 0.237588361322512 0.0191259642385433
0.0735715208762171 -0.00858740259407225 0.17910938965731 -0.243352279340113
0.0234126733287223 -0.0972921910319564 0.00749554666266191 -0.311867107989722
-0.0820882036970723 -0.064164830970504 -0.125283864252765 -0.241065081885966
-0.106053569596949 0.0203637084241334 -0.15545810952241 -0.140126680890164
-0.117005150022762 0.0698623335263505 -0.131361623153303 -0.0895024212545466
-0.141189912278808 0.065227094281537 -0.0823483659787592 -0.0489933685847926
-0.157932577058145 0.0468954938947442 -0.0190004952619588 0.0262314468683759
-0.152183854789949 -0.053286337079854 -0.0463029367789717 0.169997681563101
-0.0632581407411437 -0.143103775876026 -0.225625837169902 0.217912338635263
0.091734728751736 -0.119025358847418 -0.455031900830158 -0.0183125550001478
0.0864977139485944 0.0308388248348846 -0.416061403387077 -0.316020318025292
-0.0454449614881229 0.0486175317611429 -0.0898222374297874 -0.432928978317956
-0.128401266976607 -0.02032877230355 0.0855698449445391 -0.174851139551857
-0.09937266353607 0.0623128255107335 0.0947640848593115 0.166936917145967
-0.00444976743246836 0.088236672161344 0.270520167785441 0.0745227729122939
0.0841154703341412 0.0146406234086132 0.275504141258031 -0.207425123399126
0.0494673557223379 -0.0891468383806985 0.100568643611398 -0.348043679941341
-0.0605587170567624 -0.0776830949870315 -0.100533750500013 -0.309010927015811
-0.0913558141657132 0.0111031433935219 -0.17809153443088 -0.176232370525747
-0.0970998110114544 0.0704978897956694 -0.172094970985083 -0.0775345845872102
-0.117293993101545 0.0818743810527549 -0.128653355084034 -0.0129555565518061
-0.134296854736987 0.0834532474839234 -0.0797762270754769 0.0568647511786188
-0.152009387231683 0.00610177717834567 -0.0911857134270676 0.182197353638147
-0.106421350801238 -0.0981287253806599 -0.221705114016262 0.235558194523611
0.0317328195985216 -0.131635218365027 -0.431472451782207 0.0601813578260209
0.0898849968820542 -0.00597311818542838 -0.432904485375584 -0.207881158316357
-0.0129002807521162 0.0637961741364903 -0.121567829170986 -0.376756003139585
-0.113471049506362 0.029054403544437 0.116657898598412 -0.155706974187247
-0.0594400131829778 0.0622417561606027 0.0971679200573869 0.203076914773235
0.0021211554326335 0.0764566238192199 0.285007629048122 0.181673348003879
0.0749794183804673 0.026147154083819 0.400991473359129 -0.105703075185852
0.0499120074583272 -0.0641064944589148 0.250638649096772 -0.352918685687095
-0.0429967755116231 -0.0646769506234398 -0.0290432577299546 -0.38766500391257
-0.0673843855208338 0.0139856342425137 -0.180020312670606 -0.230526955967687
-0.0632756321903279 0.0669610488487038 -0.200490734070167 -0.0727851547540648
-0.0744899195333166 0.084891593937306 -0.157280561492575 0.0261914151738658
-0.084507506312133 0.0950701651378606 -0.114379634256388 0.0989296519002608
-0.110660520787345 0.0472866497945673 -0.111305767855619 0.213092107171105
-0.101335779664394 -0.0403738879875776 -0.19924927583505 0.273434649877443
-0.00617371280599499 -0.101345600058984 -0.385106409056302 0.151328803925965
0.0780413164795555 -0.0233287045564117 -0.42118254986149 -0.0846098045967112
0.018986707503292 0.0646881564283673 -0.150866418926032 -0.308380863215035
-0.0714988295142948 0.0678361154719069 0.134802381590698 -0.152983251880397
-0.00496996263631062 -0.0663992570679505 -0.134543685892921 0.17795047352027
-0.0378689069359505 -0.0644053965338103 0.149445446810962 0.275630772478266
-0.0453695772931194 0.00517371503020829 0.385748301168253 -0.00454880955747453
0.0187304520585071 0.0391659958278322 0.314832649069121 -0.242956105008842
0.0556306745465263 -0.0194486708170391 0.153464034597055 -0.312388041532349
0.0474782058385275 -0.0643156910950681 0.0673456316528787 -0.244106065670818
0.0236927533153388 -0.0906131378673351 0.0919825743886673 -0.13718246378811
0.0243455152511531 -0.0930445613513102 0.125028366751397 -0.0549413825848401
0.0344541678519114 -0.0760486128157083 0.181493949905615 0.0684282360716784
0.0528263627593165 -0.0346150276739822 0.137556170438746 0.259274754117681
0.0313987407176288 0.0174979327328049 -0.0464085354332267 0.411568179949855
-0.0173234194002365 0.0192976505753205 -0.377638607738963 0.306208006808571
-0.0328582208156504 -0.0411164167689663 -0.504698173381515 -0.0106085093605549
0.0083144025072366 -0.0671255014842158 -0.334618512188002 -0.290021068690869
0.0303554227600646 -0.0520411558369888 -0.125195176665323 -0.269440696125444
-0.0590793549358311 -0.0485039767600325 -0.106236794423172 0.17956440293213
-0.0440328353489763 -0.0350917478630344 0.168295685697086 0.1971987322738
-0.0351098436478011 -0.0133446961159563 0.305321297109543 -0.104519981698961
-0.0118054300472144 -0.00234679114478461 0.20378714288344 -0.280795402076959
-0.0121756971727658 -0.0230871228201642 0.0762567681001408 -0.306682389453887
-0.0203526681404876 -0.0350083442892991 0.0281945121946393 -0.238760471401657
-0.0369220149343297 -0.0488384215285541 0.0662679538766717 -0.158311236425681
-0.0338418992397194 -0.0666432878615227 0.111878151357789 -0.0820406525768969
-0.0179954629174649 -0.0730950500432875 0.18029036763562 0.0604097660183952
0.0198185231962266 -0.0681141363943442 0.110788477059425 0.280923928237899
0.0444365407454991 -0.0334822496729473 -0.143910160161228 0.415290090646098
0.0465076244786403 0.00378813779663179 -0.501064710603259 0.198473254459293
-0.00190569075483128 0.00294166771984409 -0.546620857881773 -0.19165138757276
-0.0180102879244177 -0.0381910770512739 -0.266728141499104 -0.425334504220922
-0.0171190508974996 -0.0665284074385737 -0.0816872916969255 -0.29371689286476
-0.101414060966371 -0.0139490624289206 -0.064500146092692 0.173274255528376
-0.033970023358697 -0.000782415141497082 0.179318519190846 0.118532693212889
-0.0158631951986057 -0.0289842065866309 0.21739996059509 -0.172439740037842
-0.0336556312836314 -0.0344384035314169 0.0943808134405672 -0.282099112367375
-0.0645986820275651 -0.0152667717739178 -0.00303352491216729 -0.267806878040854
-0.0694280544994068 0.00325864715608979 -0.0242812797212892 -0.206862944687891
-0.0831456195791871 -0.000274812851561312 0.0205249717914796 -0.155651899869308
-0.0858255501641183 -0.0320079036055255 0.0779825185200193 -0.0949469721815212
-0.0726041551840573 -0.0617064137801509 0.159374761063226 0.0456672538643651
-0.019931399763511 -0.100088230999808 0.0794168348141666 0.269087819715355
0.0538912087265439 -0.0845034695669596 -0.20720549308661 0.371653999799922
0.105199377917264 -0.00556115672704417 -0.546894425285411 0.0788248731212804
0.021093168729669 0.0481172419271154 -0.519524098250611 -0.329538703217377
-0.0471647935220966 -0.0155565422429683 -0.181340476689926 -0.502105584522467
-0.0597495153541464 -0.0798327484060481 -0.0337879811939327 -0.289890346765805
-0.126826163262582 0.0219891866974699 -0.0156783646926421 0.159610775255741
-0.0190899775631254 0.0342953743048529 0.191106480202099 0.0531269550195745
0.0135314509533898 -0.0343340297984718 0.153854900874912 -0.215957792858434
-0.0319445661090862 -0.0630243196834014 0.014447481621372 -0.275210961289501
-0.091447804327489 -0.0187957682643504 -0.068550165130651 -0.226841689912351
-0.097749403845567 0.0267799433705034 -0.0747179382252121 -0.164470906640699
-0.110762649238479 0.0383820466292771 -0.0319170137105696 -0.13550942264099
-0.123926997151493 0.00451569050867258 0.0291828828364679 -0.0927601957564384
-0.120269524208424 -0.0375263383449855 0.114834582988635 0.0278765401143563
-0.0671676411736354 -0.113945025430682 0.0444478527342854 0.231469664620318
0.0411690621261098 -0.126924107030543 -0.229362470496378 0.300328911027599
0.138130765097963 -0.0277393689226339 -0.526423477797575 -0.0121555460873191
0.0409235293260868 0.0729703601968493 -0.458748451487128 -0.394557000377958
-0.0663837885775177 0.00449070752832029 -0.109222475837621 -0.511202805266443
-0.0949184328526076 -0.0812609730567403 0.0115097564647494 -0.258226297039691
-0.135544295507582 0.0481820460812062 0.0330118864971711 0.14762269955751
-0.00754436739062139 0.0640108182896832 0.210306758910898 0.0147889373964904
0.0468256405496198 -0.0278680192314813 0.136967666550566 -0.242652260450332
-0.0103944741539765 -0.087115059640059 -0.021294987582214 -0.284011032940856
-0.0957288366705391 -0.0381706948764569 -0.114306206156568 -0.21368728855995
-0.109194973797398 0.0318311996214782 -0.121592408752215 -0.137281439653144
-0.121309290678907 0.0628353619175491 -0.0859383189143213 -0.109987993530489
-0.143520610938055 0.0402279652407733 -0.0283641218418493 -0.0766964809282702
-0.152505012657697 0.00329283412973521 0.0523892136950014 0.0181812061635709
-0.118343252126971 -0.0978216048433792 0.00423143554027194 0.191847310254973
-0.00448538891328748 -0.151802785413878 -0.227802004431394 0.246238877892436
0.133470285954665 -0.0753845665216943 -0.491183365460765 -0.0392770231545117
0.0669987180418426 0.0639322998660942 -0.42711797211374 -0.380875177289774
-0.0666042591544119 0.0272857918345917 -0.0865477096240432 -0.483730725565262
-0.121043531234299 -0.0603746067284308 0.04898837843625 -0.216539443395248
-0.124891432946356 0.0645202793851849 0.0753170474936602 0.148642264550487
-0.00228360110476731 0.0851935915065982 0.243282854964994 0.013759380691436
0.0744398882292659 -0.0104112014277295 0.176227061062363 -0.253385718048743
0.021425871289579 -0.100007060485658 -0.000591834181478533 -0.318626896541952
-0.0851705371897354 -0.0632572768255224 -0.134775798669354 -0.243134182259442
-0.107310869532317 0.0238984321110328 -0.162319075776288 -0.139254521363332
-0.11667962878316 0.0739032328419738 -0.136946361336923 -0.0877379089800384
-0.141632861388451 0.0703267909076121 -0.0851709436898568 -0.0474132826594585
-0.159308312023233 0.0520727447329424 -0.0192310205641081 0.0281681035382807
-0.15566973625745 -0.0495305148151539 -0.0427872304096191 0.174483044796357
-0.0682466264790925 -0.143562124761603 -0.2240854735323 0.227493280405869
0.0893907745203005 -0.123292828415949 -0.464353985568673 -0.00510204733493381
0.0886828435175165 0.0288752905797846 -0.432847668321469 -0.310010110780291
-0.0453134659546956 0.0505088219417735 -0.102489984274415 -0.439834596205757
-0.130790357448771 -0.0170347788627864 0.0833025458594368 -0.181661179305343
-0.099281853623676 0.0661027582628103 0.101393675014779 0.168306417121367
-0.00283741553050915 0.0904472685352097 0.278281485193745 0.0693184679165661
0.0858683284301519 0.01336228810887 0.276188994318116 -0.218704905341924
0.0482670071632732 -0.0921810968082151 0.0937802007842446 -0.358103557494585
-0.0641931002027122 -0.0774170536109665 -0.110319066885986 -0.313569849111913
-0.0926179481622812 0.0136608577794919 -0.186469181976477 -0.175490609299236
-0.0966843295385319 0.0740327046470328 -0.177896963601642 -0.0747758177287331
-0.117408196116703 0.087220163255348 -0.130961748464762 -0.00901266480781193
-0.133901132322284 0.0892287354102957 -0.0797822086976658 0.0605849793663724
-0.154088049784894 0.0104984856432721 -0.0871338505885204 0.188102315985055
-0.110711899031385 -0.0966996148336893 -0.219553765291273 0.246056496648161
0.0287256058446775 -0.135216855466988 -0.439417185521507 0.0737838960777549
0.0908568350597284 -0.00913303798608977 -0.447019023614541 -0.19946887778832
-0.0116502876998836 0.0654440506741782 -0.134439940666572 -0.380957339079474
-0.114236241997643 0.0323798412444352 0.114224668031063 -0.162358550600207
-0.0585694332384123 0.0643779403216006 0.104164724031809 0.205726238299342
0.00442753364181828 0.0781547215103931 0.295996721980488 0.178746857560997
0.0763152528283133 0.0246932422902377 0.406213710064212 -0.117971134988537
0.0490551333263999 -0.0667609770652093 0.246732519749175 -0.366929155161135
-0.0458646437320483 -0.0643737903283 -0.0398063110346185 -0.395290715405553
-0.0684438538246474 0.0163785170487847 -0.189322624434736 -0.231271906302169
-0.0621601358118433 0.0705507438789976 -0.206001956486091 -0.0689877701050668
-0.073333004557305 0.089243265812227 -0.15910179725179 0.0310444916019745
-0.083579810439543 0.0994022966807054 -0.113522717347753 0.104731281688459
-0.111102603664597 0.0517283708131773 -0.106977673628541 0.220167001351646
-0.104252752176269 -0.0379302959733651 -0.195276725611952 0.285077450161633
-0.00940309723523058 -0.103112743263247 -0.388688874055539 0.165955630443047
0.0784229783766643 -0.0261893745249737 -0.430495890518388 -0.0736923829262101
0.0210894913121187 0.065338218978247 -0.162321779496172 -0.310110879251956
-0.0704687808594174 0.0709024715171657 0.132965590008971 -0.16024545718442
-0.00709177250313132 -0.0669876017438341 -0.132035341986404 0.184867811223674
-0.0406075388365181 -0.0638752532765806 0.160157429595708 0.276614412200299
-0.0458458930260192 0.00664730474558645 0.392682997838054 -0.016337318392083
0.0205221158844176 0.039293749477159 0.312791812821881 -0.257764461822163
0.0559205250731399 -0.0214469575059125 0.145805167317644 -0.323847624780159
0.0461114005742552 -0.066946971681998 0.0605691741572821 -0.250665615954582
0.0209804778815558 -0.0930808478763963 0.088612413789628 -0.142633304042249
0.0219775948809907 -0.0956785713112022 0.125440478678454 -0.0595725893878269
0.0325793790020972 -0.0788433570854131 0.186009018237174 0.0651260819033858
0.053250082258373 -0.0365968402130616 0.147518806838373 0.259983534542796
0.0323232527455712 0.0162731139634902 -0.0358679053366919 0.420493909659597
-0.0170245753769946 0.0203458345638913 -0.376233849103281 0.322640826676673
-0.0349145124874736 -0.0408032423516281 -0.514488662381308 0.00431961518436729
0.00677535541951551 -0.0681698163167224 -0.349293021516113 -0.286824468990398
0.0293790414744562 -0.0533391429123946 -0.135350091899783 -0.272061203886129
-0.0620717857873806 -0.0476057204190058 -0.103187877657628 0.185193756347622
-0.0462629016024142 -0.0343540671459793 0.17734283368815 0.19545482462291
-0.035946525777103 -0.0119115872570955 0.307183917252217 -0.115110325717313
-0.0119457773600038 -0.00190009099185123 0.197855927442526 -0.291658721484838
-0.0132222923551202 -0.0230807460058679 0.0665571137693314 -0.315374202563218
-0.0219081462959873 -0.0351325927382982 0.0199911297612318 -0.244780393861426
-0.0394716843482181 -0.048839162020341 0.0625978954333865 -0.162758041411433
-0.0368330606245934 -0.0670447772355762 0.111236135786068 -0.0867587369286243
-0.0203164653992103 -0.0741773592829109 0.184599154507265 0.0567628567178606
0.0185484098414145 -0.0700514595436808 0.119399211396416 0.28248755867195
0.0445505695930255 -0.0351133124725827 -0.134539942667063 0.426995368124685
0.0473850807555004 0.00252220634299535 -0.505018839973662 0.217588323902064
-0.00237474539041421 0.00281620734561978 -0.561796711830492 -0.178725869028385
-0.019596805446722 -0.0383609895695726 -0.283737283952577 -0.426168219952593
-0.0189786010366443 -0.0665625686358809 -0.0915958304881214 -0.298568474386451
-0.103857607297657 -0.0117600799932564 -0.0610210915771788 0.178713798967894
-0.0348876401361177 0.000400880179718593 0.186084922320107 0.116036117271837
-0.01702415117999 -0.0284357798718684 0.21583516003886 -0.182143942437827
-0.0353152776412893 -0.0341427235532476 0.0867488046228027 -0.290141781826639
-0.0658343325233241 -0.0138912532414673 -0.0117641056354936 -0.274193293527798
-0.0708418222921088 0.00502105090905339 -0.0314876519310289 -0.210514853303011
-0.0841298964465805 0.00158190190655703 0.0155226950978671 -0.159155086843825
-0.0883065495891577 -0.0300665899526717 0.0760128784810663 -0.0987901873023462
-0.0752570718466195 -0.0615622269766103 0.16257863641199 0.041804738351854
-0.0226455938381209 -0.101281260958713 0.088566936758008 0.271518336234739
0.0528002982197888 -0.0872606741148374 -0.200018500503836 0.383110380475667
0.107029014803971 -0.0084146427406486 -0.554188593091258 0.0957714484212344
0.0221432009857436 0.0488958522042063 -0.537482025071984 -0.320279348917609
-0.0489106945845946 -0.0142219923701331 -0.197840109837606 -0.507105099193159
-0.0625296119044794 -0.0796665785402206 -0.0428574668578312 -0.295856400841395
-0.128328284981047 0.0263247113595468 -0.0113829172721267 0.162796279124768
-0.0186636306154867 0.0363902528465193 0.196287463187063 0.0488323651151878
0.0124693341106373 -0.0349040968487554 0.150523786896406 -0.224144082035702
-0.0339142046714361 -0.0629066032837703 0.00530186431749143 -0.281242560609913
-0.0929767499625321 -0.0166153597990301 -0.0765761100169401 -0.229841276946683
-0.098039551320555 0.0300900667950571 -0.0811690865988088 -0.166184650199372
-0.111194899248565 0.0418037351394334 -0.0368427455656768 -0.137367190620231
-0.125509229564693 0.00868313969150074 0.0267846133409333 -0.0953723487915346
-0.122837425954118 -0.034818958311238 0.117484035722091 0.0251951764495166
-0.0712685325893601 -0.11402502334959 0.0523400536914211 0.234293055150099
0.0386371467272328 -0.129112773656887 -0.225091400987235 0.312122230580308
0.139302294472824 -0.0318982968993842 -0.535330358905944 0.00276847009998848
0.0427796963868188 0.0731367416260559 -0.476415465352507 -0.388450408215639
-0.0679737439681712 0.00675844080691166 -0.124628084823291 -0.52006297232124
-0.098635630218653 -0.0800819773193339 0.00553785615839708 -0.264344437255342
-0.136812670800518 0.0527988570202498 0.0385615844435526 0.149401109408489
-0.00563524044401334 0.0660412924128212 0.214719290419032 0.00950296113060561
0.0465711410193199 -0.0293003279425378 0.131346854964519 -0.25172597058915
-0.012465100293313 -0.088198999527435 -0.0308458367605158 -0.288448772547529
-0.0985485973823159 -0.0359609862290363 -0.122832634771762 -0.215155934734604
-0.109573810955543 0.0357770606418466 -0.127745207222843 -0.137020860965169
-0.121744756233841 0.0671611041376488 -0.0906451535506396 -0.109326166056143
-0.144205117927063 0.0453670753483206 -0.0309549822294517 -0.0769619210748933
-0.155066882238674 0.00796523428047375 0.0536733673362178 0.0175172984097606
-0.123068685411367 -0.095275981504262 0.0103169933189921 0.195042784651066
-0.0092988836587074 -0.153768292080392 -0.224443147208086 0.257386530269237
0.133311685883239 -0.0798137069038123 -0.500488575723661 -0.0258580030314303
0.0688406655097259 0.0630396573164799 -0.44460789358439 -0.373842428194652
-0.0671363599615909 0.0296921357766417 -0.100641098872102 -0.490989981324287
-0.124253092648617 -0.058277919835579 0.0433274652274241 -0.223115167949781
-0.124906400246758 0.0689001712128239 0.0818235692334782 0.149431403052585
-0.000176687177395473 0.0874017449988087 0.248325447465543 0.00765065040909605
0.0751054488563115 -0.0121203099773534 0.172499117339602 -0.263123479270585
0.0193176229364638 -0.102310587248516 -0.00992650275787293 -0.324288214775024
-0.088526045699413 -0.0616696622750861 -0.143671167121218 -0.245209936260254
-0.108253556640201 0.0275998373049031 -0.168732269955538 -0.138335043448243
-0.116519176701666 0.0783630814075456 -0.141292760115524 -0.0855600686236703
-0.141955653777454 0.0760922896188868 -0.0882696854783301 -0.0454559670577498
-0.159515306793652 0.0577154505780551 -0.0183191318078734 0.0296144889036622
-0.159482911146473 -0.0449471658839973 -0.0379075473912874 0.178632345990966
-0.073656515450991 -0.143194817007946 -0.22143194687824 0.238642112110565
0.0868259673893239 -0.127356295371804 -0.472876602296612 0.00864456362349638
0.0903565018196858 0.0264980608366849 -0.449139976927298 -0.301802864178424
-0.0449416962502767 0.0528846814185234 -0.116633447522792 -0.445173751477685
-0.133319048192691 -0.0139767849697132 0.0798237028448168 -0.188113914821623
-0.0988439039237951 0.0694930968120062 0.108655940776233 0.16877737041672
-1.84924583447807E-05 0.0925006744600058 0.285282300402935 0.0628413677561504
0.0873267940729522 0.0113779790292786 0.274851158839426 -0.230488468915439
0.0466672136975425 -0.0947088228401246 0.0853547074977398 -0.367664349368048
-0.0675167857095092 -0.0765611834887104 -0.120234795621155 -0.317234741777092
-0.0940382918803318 0.0167378009616947 -0.194283503571068 -0.174563187359516
-0.0958409761902753 0.0784414716331816 -0.18208472961486 -0.0713578254453658
-0.116632141210349 0.0919402342503073 -0.133394489503736 -0.00530032549621732
-0.132964084541315 0.0944479465187816 -0.0792283986377133 0.0649196973964639
-0.156151698010008 0.016034862235189 -0.0819934718633931 0.194721890257747
-0.11583244385132 -0.0943492187959629 -0.215364097893671 0.258021423518067
0.0248438136828302 -0.137917292643415 -0.444147441547696 0.0882764615988683
0.09233072993925 -0.0117084054436634 -0.460158998210055 -0.189468404073213
-0.0101966717312654 0.0668839620566385 -0.147456728203723 -0.384260041789099
-0.114563856809403 0.0365303685845666 0.112105851770728 -0.169856680048763
-0.0571884213239878 0.0668172123675606 0.112591579221414 0.207119475231079
0.00703391139063792 0.0796674990330276 0.306149379047532 0.174697430204903
0.0783756868097711 0.0228058233295922 0.411101836409084 -0.131320372879704
0.0478762658409325 -0.0694601673018781 0.240276455245611 -0.381584018730446
-0.0489798020545045 -0.0640039149037822 -0.051660158090471 -0.401652682617544
-0.0691884845000224 0.0187713061103663 -0.199058979509601 -0.230721942492916
-0.0608257178279729 0.0731427976215674 -0.21097106959487 -0.0642930556733117
-0.0715710215586446 0.0928966615142316 -0.160803562057096 0.0364085585840502
-0.0810192017345973 0.103663492108886 -0.112525393492192 0.110624148521835
-0.111095875922204 0.0562945579058724 -0.100293918933329 0.22877728817556
-0.107110673423741 -0.034991947543881 -0.18906450004223 0.296215094126118
-0.012702605251477 -0.10449644426893 -0.390383084911119 0.180758907418659
0.0786363137721812 -0.0292630457556758 -0.439777620509542 -0.061185827120001
0.0231753674779146 0.0660102974544583 -0.174100071287583 -0.311430490639445
-0.0688861802722714 0.0743962695549702 0.130481585551953 -0.168063087126722
-0.00911760471986952 -0.0675252057613909 -0.127979162299224 0.191048873962604
-0.0434387387888524 -0.0634818022695364 0.17089836199533 0.275589004577544
-0.0462245087574121 0.00840967064713362 0.397507367896527 -0.029422866410708
0.0224490745997141 0.0389310533074291 0.309119512648357 -0.271823288072849
0.0559661213460087 -0.0232307991849355 0.136545760899679 -0.333734531871535
0.0444588993335567 -0.0693079209915275 0.0524371271221672 -0.25617221148465
0.0181500202775701 -0.0955138358857267 0.084571672054688 -0.148050039211903
0.0184947820626831 -0.0978287748500494 0.124713591399857 -0.0644267933990369
0.0306717770153125 -0.081369315441743 0.190386475970869 0.0604766567801969
0.0529893213940011 -0.0395870223379993 0.157481769678765 0.260452165652464
0.0341523898824548 0.0157956613665116 -0.0243350277761269 0.428324673563471
-0.0159257006487952 0.0214066944590029 -0.372975316852434 0.339176431435722
-0.0366103207314475 -0.0401129530975377 -0.523233491832904 0.0189151773909887
0.00436486681806618 -0.0687896458263506 -0.363456087439444 -0.281586912751145
0.0282615533119772 -0.0546458233567397 -0.145549882452708 -0.273173367061751
-0.0643834254310701 -0.0460138539895383 -0.0988626471170192 0.191638112110037
-0.0480954050609247 -0.033512781881218 0.186273143048073 0.192957597577132
-0.0374479849861653 -0.0100302073628761 0.307362754311619 -0.126912216342414
-0.0115309421048616 -0.00153146929629815 0.191205408328661 -0.303036924486061
-0.0139921139709542 -0.0227847384729913 0.0577970915565291 -0.322260279502847
-0.0229872308352141 -0.034562853479507 0.0115604844260422 -0.249515953577921
-0.0411960848286924 -0.0485864121788373 0.0574805856863873 -0.168355750113906
-0.0392660605607019 -0.067313231809118 0.109544571611042 -0.0911462241369586
-0.0224123885562844 -0.0751335164016428 0.188726272468183 0.0519118991258132
0.0170199071786868 -0.0720977771914841 0.129670339289132 0.283247239295394
0.044552963393074 -0.0372293050721433 -0.124132068516909 0.43725293201011
0.0487072001576897 0.00164078466550489 -0.505328275229813 0.235589846912131
-0.00233492170924327 0.00345666472466898 -0.575673409093908 -0.164959905985143
-0.0217079036160754 -0.0377280344908634 -0.301044282731408 -0.426051986608261
-0.0218042845301007 -0.0670321355230045 -0.101867797292468 -0.301738974552924
-0.105935755608307 -0.00890650743323718 -0.0558658537990947 0.183132837377909
-0.0356705392117023 0.00192451139997537 0.193192714849871 0.112147471974501
-0.0186205898018688 -0.0273579256072391 0.213123748882261 -0.191128827852453
-0.0361665097998795 -0.0335379373840987 0.0780356645046471 -0.298362819962194
-0.0671022408647874 -0.0115432763277294 -0.0217376336596238 -0.278797146568746
-0.0713570781162137 0.00702958319030846 -0.0391667210860906 -0.21272527050913
-0.0853190562165336 0.0041040799358956 0.00999752602443915 -0.162528925049632
-0.0906324551761998 -0.027797330751853 0.0739278435186136 -0.102264057816992
-0.0782395031851207 -0.0604058676441331 0.165444285654563 0.0380225973233172
-0.0254224180050737 -0.101813474391147 0.0977146852238922 0.272816446886946
0.050782228397495 -0.0891744411128463 -0.192076413877956 0.395020852308385
0.108907697259842 -0.0109583758479782 -0.559733146633505 0.114231636948168
0.0232430906776159 0.049347508142874 -0.553188434976056 -0.309185898759257
-0.0506797327285682 -0.0130002292132454 -0.217011286979164 -0.508811992501533
-0.066109479946378 -0.0787763720946507 -0.0517129569067314 -0.300841807841615
-0.130033736936008 0.0300476554232036 -0.00628704781690227 0.165707393403932
-0.0184281982861843 0.0377247559887962 0.201068285538729 0.0438394194625836
0.0114501794607345 -0.0351452643013635 0.145192621741889 -0.232557013516905
-0.0361313928662563 -0.0629427710037843 -0.00367325807706637 -0.286445181352352
-0.0948529981462188 -0.013515480395477 -0.0858813199795059 -0.232683919561643
-0.0984667155476604 0.0334460078936134 -0.0881672351597598 -0.166481067536392
-0.111448285797205 0.0456243820621836 -0.0417205955863923 -0.138385568893643
-0.127031218477757 0.0121835672353632 0.0239473962035461 -0.0976159207107034
-0.125408949565014 -0.0317334069870991 0.119404809297856 0.0223932562060799
-0.0749065457868376 -0.112885990238312 0.0596312402447584 0.235661328582307
0.0351233921294616 -0.131605909806189 -0.218966855761438 0.324305884081196
0.140343442845753 -0.0357887611975267 -0.544610245403296 0.0189894741795358
0.0447872694408576 0.0730235275392059 -0.495205495775473 -0.378681219074651
-0.0695103073531581 0.00896145562473076 -0.141472837378903 -0.524132824742443
-0.102490955808825 -0.0789176782146158 -0.00286192754631997 -0.270254947115376
-0.137205007061151 0.0575058897811357 0.0440048174440481 0.150919219802651
-0.00412374491832473 0.0677063501883155 0.218732844515443 0.00356256991583814
0.0460797938693323 -0.0305655467787294 0.125936816455157 -0.259182515330543
-0.014887602573978 -0.0895193886190231 -0.0404199686623342 -0.292496768996607
-0.100842512336779 -0.0335599934323298 -0.132147352186354 -0.215253366370507
-0.110028723006937 0.0393922288774992 -0.133870953972991 -0.135475962555603
-0.121152302341799 0.0716396194431176 -0.0949913773697116 -0.108386380990888
-0.144902648942179 0.0509476270643102 -0.034351091572116 -0.0769904184161671
-0.156278101458509 0.0124790776230699 0.0544810226861665 0.0160093648831357
-0.12716581155052 -0.0927806030220837 0.0165759408236595 0.198030763321887
-0.014154583885749 -0.154923133114184 -0.219801714072731 0.268440400040799
0.132214347501935 -0.0847385845184099 -0.509767118561464 -0.0109559480525522
0.0708337502683064 0.0618377186769623 -0.461399120048774 -0.365340913538894
-0.0679954146738257 0.0320677145528817 -0.116920263302156 -0.496860255371895
-0.12795576173287 -0.0553093639983231 0.0385162460878938 -0.229228475813656
-0.12492819995498 0.0734645006044743 0.0874515173162008 0.149445674798461
0.00232872734956607 0.089554545506972 0.252142424172163 0.000892490365053159
0.0756263388500723 -0.0144917729396904 0.166923253558306 -0.272618649046636
0.0164816829365432 -0.104099351694424 -0.0205413392112225 -0.329683928617004
-0.0918033256825455 -0.0594813089042363 -0.15366807361358 -0.245783229230351
-0.108485987318303 0.0312295087574811 -0.175531217797059 -0.13574369028615
-0.115165466767684 0.0827541370930795 -0.145422509840892 -0.0823744711395095
-0.141189736051549 0.0816122083400347 -0.0912506438433775 -0.0435897797324624
-0.159552110184044 0.0632253904249859 -0.0179752923851367 0.0310380444556336
-0.162669511864804 -0.0404894140686956 -0.0319841966891769 0.182960713673625
-0.0798866659839954 -0.142285274372353 -0.216897849968602 0.249044987544495
0.0837662490006757 -0.131564820847417 -0.479702938403233 0.0246317199390167
0.0913798142277745 0.0240490929327748 -0.46484061216891 -0.291547424105832
-0.0443459854694578 0.0549158168332811 -0.1321419767111 -0.448977555125657
-0.135066428452242 -0.0102638354579057 0.0754040811666789 -0.194558140819338
-0.0981623922046998 0.0731971363710228 0.115647858522517 0.168645877829006
0.00228163304428389 0.0944778412049669 0.291495975686478 0.0561008180240004
0.0883843500106496 0.0087315226272221 0.271822143237428 -0.242298259114346
0.0444561790834792 -0.0980852221093191 0.0754127258058183 -0.375796524695569
-0.0710046243098569 -0.0750154867794849 -0.132345272509754 -0.318565817833293
-0.0941115791360144 0.0196714705054628 -0.202583401972871 -0.17167000633076
-0.0945796665271631 0.0821816091307209 -0.186589475895223 -0.0663011761691267
-0.114795826248289 0.0976343265448371 -0.135177518106564 -0.00111549617470875
-0.131048867122312 0.0999289861831443 -0.0784497867956366 0.0692043475480991
-0.157123371347488 0.0216393276175067 -0.0758808226040189 0.200725869427362
-0.120785993416942 -0.0912855687037926 -0.210419530729689 0.26904337510043
0.020168384924058 -0.140171168708789 -0.448259106063731 0.10452709989392
0.0925545440675112 -0.0151914392163741 -0.471490596337372 -0.176340950146057
-0.00849631374488164 0.0685723616715297 -0.161249210151172 -0.385536319201951
-0.114653043949076 0.0404248091377608 0.108461942402899 -0.176143744915453
-0.0558217338287488 0.0691962667411969 0.120450952788096 0.208199315381649
0.00931874995256221 0.0803950706249414 0.316252680926992 0.168906840483386
0.0796569492480183 0.0206142790207803 0.413317407063674 -0.145921244189898
0.0465999078623368 -0.0718029531133391 0.233226725585749 -0.394786007815281
-0.0523683387457805 -0.0627379627975528 -0.0634357438730039 -0.407524670422556
-0.0693853107836791 0.0214124148576413 -0.209047442312156 -0.228787464357787
-0.0592078987785164 0.0760173026523345 -0.215149969823285 -0.0595000001983169
-0.0696222554774099 0.0965450161096382 -0.161748804871608 0.0419789704601711
-0.0786375430252646 0.107683567111873 -0.10962455731432 0.116448747231867
-0.110590183284298 0.0607252505017774 -0.093451099829391 0.235918099029446
-0.109933386732635 -0.0317187830282556 -0.182275811109908 0.307489459822386
-0.0164981255975143 -0.105400553564363 -0.389850387781332 0.196158227432192
0.0785149043239816 -0.0321194298383682 -0.447910401988651 -0.0484054925822111
0.0252948361068461 0.0662315582707278 -0.186087989424049 -0.310690691557376
-0.0672841494390046 0.077037016759119 0.1274880574343 -0.174509332911968
-0.0118374397305617 -0.0680916004642664 -0.124136567924363 0.197523201355778
-0.0456597837883312 -0.0626552291280764 0.182370841816946 0.273676090506381
-0.0466261132192456 0.0105811686925936 0.401286865481762 -0.0425056100993691
0.0240049943841987 0.0389189085611708 0.303266084627261 -0.285322070610545
0.0560659641393826 -0.0253763314588655 0.126633160326768 -0.342887641962472
0.0422298825940537 -0.0715209334423668 0.0439231466898555 -0.262188544245769
0.0150900160783464 -0.0975393858524805 0.0801361408245573 -0.152877633276065
0.015286617133612 -0.0995235242272712 0.123672463298922 -0.0687078597273775
0.0279490297775631 -0.0836204940020256 0.193958809161031 0.0553034785082822
0.0523137604388184 -0.0417130036909363 0.167209679932885 0.258830908125637
0.0351529977656276 0.014873964275444 -0.0114501474073935 0.435412300030683
-0.0150244369044172 0.0221054712453573 -0.367748031607095 0.35509839250261
-0.0383916660230862 -0.038957104494257 -0.527863188881205 0.0352350376530002
0.0023669528980966 -0.0691558064749426 -0.376860108554267 -0.275342620576927
0.0268652742829485 -0.0560544661029902 -0.156031246742963 -0.273614832673836
-0.0669717656024227 -0.0451047886541046 -0.0942849380048834 0.197173975865784
-0.049938723382094 -0.0317466601601981 0.194345238873253 0.189649684502722
-0.0381988221281986 -0.00847334620874528 0.306881214984497 -0.138327520488673
-0.011592655773562 -0.00115511538535157 0.182894042042066 -0.313468460437461
-0.0144740096623551 -0.0222409684801133 0.0468378907449475 -0.328898457828779
-0.024354652541919 -0.0347582886742921 0.0031811640498339 -0.253392920949755
-0.0438578551850722 -0.0476189295351193 0.0519590827144246 -0.17195362026156
-0.04253298320887 -0.0668013209610319 0.107404227246329 -0.095507178133873
-0.0252220549758279 -0.0759624646260293 0.192069397331212 0.0469541908381344
0.0153416372726117 -0.0730856898989898 0.141317020720475 0.282904943419141
0.0444805558684906 -0.0386155243673032 -0.113509572093185 0.445934947298788
0.0496028875207511 0.000832296305866113 -0.505499019940809 0.254630781201272
-0.00278996358418252 0.00419964227213609 -0.587260945553265 -0.149967793244429
-0.0231370415178514 -0.0372310586501209 -0.317071445184107 -0.42302432215684
-0.0243883065064148 -0.0671297496090002 -0.112916706304514 -0.303473772919469
-0.107965900737299 -0.00583846622330373 -0.0511326464075375 0.186141684426229
-0.0364266448744052 0.00350150157551589 0.199073907207017 0.107856849737986
-0.0202424823898843 -0.0265871784483547 0.209088375353981 -0.201190024614596
-0.0373165833472485 -0.0328568935278432 0.0692405377084422 -0.30498601731209
-0.0681735251250693 -0.00945741929553984 -0.0317475708031255 -0.282800805362809
-0.0716449422956802 0.00952671231861456 -0.0474581767416304 -0.214868429460144
-0.0864220751510281 0.00638754390360067 0.00461450469798178 -0.164968434575931
-0.0928788544291023 -0.0252734278881474 0.071288568580972 -0.106247379014889
-0.0807815863635479 -0.0590671991336483 0.16840191341818 0.0339777301960742
-0.0287966233673447 -0.102430601530303 0.106939856418634 0.272912648139303
0.0492253376489778 -0.091708966345591 -0.182299647179217 0.406167433270191
0.109571521459336 -0.0138994574398055 -0.563112987037921 0.132699669109034
0.0243761118363917 0.0497597462914531 -0.569992164474792 -0.297565261163429
-0.0525101573376235 -0.0109622584453558 -0.233296761399931 -0.510094671959038
-0.069310877073237 -0.0776763378221601 -0.0616604546568396 -0.304251532183803
-0.130971720443889 0.0343211202802866 -0.000715719223898544 0.168303666057382
-0.017167674499909 0.0394945031865625 0.205119654121622 0.0389635926883746
0.010112506479979 -0.0354372115805263 0.13938416907019 -0.240434734274848
-0.0381198834351344 -0.0626932627104571 -0.0133649413999365 -0.290156511512751
-0.0961092472300453 -0.0109195100886477 -0.0952566359894135 -0.233836735047472
-0.0985740548960726 0.0366741365734123 -0.094543776106787 -0.166724613750882
-0.111153870508226 0.04918230870488 -0.0463114648644845 -0.138504423040682
-0.127687441653859 0.0166052554424102 0.0207341378698219 -0.0991119327392379
-0.127352275723789 -0.0285562462935251 0.121387208303109 0.0189419550439421
-0.0788969967097878 -0.111846959771859 0.0673288561453301 0.236410575475099
0.0314272907204262 -0.134283200369613 -0.212646040815902 0.335061753400582
0.140998610944114 -0.0400693501423097 -0.550613616463567 0.0364113091523232
0.0473523542932156 0.0730159872561919 -0.512662945709439 -0.369552049506047
-0.0705509339951635 0.0114464149029544 -0.158879006957154 -0.529101426478725
-0.106291423157383 -0.0770816332612765 -0.0110531985490171 -0.274798828247213
-0.137282261912722 0.0627403947685824 0.0496481278858533 0.151276702395686
-0.00208313720892096 0.0696226292854237 0.221851350620756 -0.0026247324472694
0.0458944763478527 -0.0319993052875839 0.118922171916285 -0.266913129615036
-0.0177177873289875 -0.0900391103491456 -0.0498113063726746 -0.295448665028724
-0.103046776915101 -0.0305865395212069 -0.140190804489253 -0.21496849768082
-0.110010388107117 0.0432010304134994 -0.140020744480059 -0.133943082545719
-0.119996659574188 0.0758187587443354 -0.0994034821656302 -0.106645920263375
-0.144318846741358 0.0557600736103513 -0.0373222874214958 -0.0770286180712657
-0.156903233756582 0.0175083672654688 0.0554875727271269 0.0151693559925316
-0.13085968049876 -0.0893475821892583 0.0233405820079292 0.199536497716154
-0.0192379746659955 -0.155855809928379 -0.214516348007535 0.277613190585126
0.130374522366379 -0.0893488713911393 -0.515721736459924 0.00555034314017139
0.073397786369072 0.0605925688993923 -0.47809092975267 -0.357173598620726
-0.0679597048886712 0.0344797832566248 -0.134138239638064 -0.499954996745457
-0.13112450091979 -0.0527382987952701 0.0315921041762663 -0.234100636080493
-0.124244814459694 0.0781413236558798 0.093848803377588 0.148991702493183
0.00501303028782573 0.0912041207570358 0.256098465397635 -0.00626497604845603
0.0759465691409409 -0.0161464327074034 0.160288621278195 -0.281050453181105
0.0138733130900382 -0.106002741620215 -0.0305543711287343 -0.333948330012738
-0.0946170467999966 -0.0574990445721355 -0.163003737644639 -0.244467774334313
-0.108584387161462 0.0345307902387532 -0.182154591232427 -0.132668155362356
-0.113641693347236 0.0870277027831068 -0.149627970900554 -0.0794712346128264
-0.139331959859276 0.0873996360490533 -0.0936881056490527 -0.0407924247479888
-0.158773431939983 0.0694111818138931 -0.0167950750938986 0.0327050299887823
-0.16521273479378 -0.0351813103515767 -0.0254769500463678 0.187022425847498
-0.0851834196963522 -0.140486769369801 -0.211628985134961 0.259349560041097
0.0802534432228148 -0.135259239497125 -0.485301717436508 0.0398273722600932
0.0927471794602035 0.0212955874265285 -0.479254469046581 -0.281115029317683
-0.0435491095748042 0.0571781292103539 -0.147339242637004 -0.451357935211417
-0.136625871374886 -0.00650856702266122 0.0705181063526059 -0.200219559674191
-0.0968161417804701 0.0767127634090176 0.122824734551758 0.167843063779039
0.00558046141320068 0.0959811310907035 0.29748809454182 0.048390073459044
0.0894065891906425 0.00659863703561782 0.268189569593783 -0.25423602107946
0.0419873950012225 -0.100559808905583 0.0652816428528903 -0.383620504918401
-0.0743982814907781 -0.0738824241317215 -0.143239880712871 -0.320393851530689
-0.0944214852543 0.0230274049083983 -0.210316379020127 -0.168446961312368
-0.0927155201635086 0.0857608601361319 -0.190318221553033 -0.0618326775460305
-0.112474382955764 0.102081996222861 -0.137194222989894 0.00316896865112417
-0.128856536188732 0.105362826385009 -0.0766157189932191 0.0725631172924677
-0.157787862127127 0.0270337474897191 -0.0695504347162231 0.205915668054703
-0.125468106733829 -0.087862305614097 -0.203441615900478 0.279452562709957
0.015934795515499 -0.142251298376068 -0.450308542391637 0.120070347396436
0.0921026608072228 -0.0183330658293582 -0.482488603886777 -0.163593577301224
-0.00678920376514339 0.0698133259126179 -0.175458728884438 -0.386147310928903
-0.114226947884484 0.0445121434413883 0.104233387019676 -0.182587687013942
-0.0535063556344586 0.0717136222237842 0.128401381167686 0.207714642162788
0.0123279152929857 0.0815046912745322 0.326318709059268 0.161800229237751
0.0809630429669487 0.0187688058803 0.415241172393365 -0.160316618328112
0.0441421066253907 -0.0743986336759907 0.224352222542285 -0.408244915182866
-0.0550789247693292 -0.061879019919075 -0.0769582208708266 -0.411420206671905
-0.0695447519555261 0.0240712523597291 -0.218712905470034 -0.226680562194946
-0.0571573608517735 0.0792594714741378 -0.219479569462726 -0.0537615188090475
-0.0668402337932298 0.100245033841524 -0.162034916996704 0.0478791478517008
-0.0755116234757102 0.111653008475296 -0.106600975048472 0.121927814507777
-0.109062817889632 0.0653031372671065 -0.0858332713062938 0.241780576111252
-0.11245421540736 -0.0280555976020724 -0.173777966917591 0.317022007633997
-0.0200875714097107 -0.105619345126604 -0.38811115438349 0.211466911815888
0.0783364350996977 -0.035299526125781 -0.453786382466861 -0.0334737877444076
0.0277225282188376 0.0668242166249882 -0.197453234833676 -0.309407926760834
-0.064781041552231 0.0804791628886683 0.123384086184295 -0.180925233756222
-0.0138189703172809 -0.068155059363255 -0.118814453511304 0.202587556171473
-0.048160118867666 -0.0616302555087947 0.192192878860054 0.271155656583798
-0.0469445675953944 0.0127481613246691 0.403131137748931 -0.056556305397504
0.0256838733858901 0.0383486677586185 0.296321529838771 -0.29789917170514
0.0554235557157912 -0.0273334457985268 0.115786945036302 -0.351589124479138
0.0403359900824512 -0.0736260780404637 0.0337257664100521 -0.265844965112566
0.0114103992533733 -0.0986607211497327 0.0754832780661436 -0.156933981575116
0.0116459285938477 -0.101320143859705 0.122158204030495 -0.0733958968591549
0.0253966259147246 -0.0858048907465087 0.197134515259168 0.0503117460885495
0.05155900662181 -0.0444856338433165 0.176821016507428 0.256891795215936
0.0364365509637329 0.0139320508990909 0.00183439756699801 0.440421374479173
-0.0139284042445266 0.0229838373694438 -0.359928660030376 0.371348137866604
-0.0400578608156361 -0.0378764624816529 -0.533197035489116 0.0510886341695664
0.000399685790191926 -0.0695191679561854 -0.389962228650483 -0.266230310599849
0.0247963411268401 -0.0571570156079643 -0.166067576547987 -0.272488321444677
-0.0695340050417255 -0.0430704085617811 -0.0884433796615671 0.201041929072216
-0.0509252975975355 -0.030570798810951 0.202183408758504 0.185368753700662
-0.0392631936689852 -0.00727181072108365 0.305070177277792 -0.150223225731506
-0.0112727492748212 -0.00073431938634738 0.173478468592855 -0.322574767035278
-0.015436895321279 -0.0220647757129189 0.034712295277377 -0.334167382560204
-0.0255305453902418 -0.0344173196221587 -0.00678980644759953 -0.256129794155995
-0.0455778928565479 -0.0469134755156378 0.046068303651592 -0.175308959295631
-0.0450424986393047 -0.0662359218073164 0.104814409165117 -0.0997075640585195
-0.0281899712617354 -0.0764447118091509 0.194607600808758 0.0422320430328575
0.0138369136505886 -0.0751754470869241 0.151000470519742 0.281205316636218
0.0438829115529601 -0.0404934568521873 -0.100330361969243 0.454410665306139
0.0505351737979208 -0.000687074470263005 -0.503667408522775 0.272073066747521
-0.00266909749350778 0.005261715037647 -0.59779150819416 -0.134316997072328
-0.0248415608216207 -0.0356075235922259 -0.334703115562202 -0.418110345507146
-0.0269169579391822 -0.0667589504621 -0.121969039921162 -0.303570217364189
-0.109340395262621 -0.0019979028563924 -0.045250918983026 0.189901992668382
-0.0367802607910443 0.00546260413382118 0.203851695828936 0.102780895886215
-0.0212291996625296 -0.025407759869481 0.203984653651529 -0.208960637753689
-0.0388415572785587 -0.0321125927522186 0.0595130780693169 -0.310017896390734
-0.0688626209878963 -0.00737933418165245 -0.0427376505395024 -0.284256909666046
-0.0716522189402455 0.0118010431585649 -0.0555701349486888 -0.215667383893505
-0.0870695324427443 0.00928152794614541 -0.00121951863880196 -0.16675701654469
-0.0947736572971237 -0.0228076159043405 0.0678997083550809 -0.109404366661056
-0.0831993866032759 -0.0573935471360647 0.170744214458774 0.0285069323169773
-0.0318103089812127 -0.102309875918606 0.116949495953732 0.272203054081786
0.0466600906212372 -0.0938752733926741 -0.17131728354627 0.415305822266736
0.110200393590498 -0.0167978218822204 -0.564589231625294 0.15272403359748
0.0256031145626531 0.0500777698729912 -0.584519898618017 -0.283299874475922
-0.0537502026940617 -0.00873252777531063 -0.251683864255606 -0.508779846163601
-0.072863010823636 -0.0764409958617679 -0.0719629754755256 -0.306185250397666
-0.13127610820539 0.0387240133095968 0.00515984807969638 0.170200478410577
-0.0162302117827757 0.0412805464892511 0.208453312991308 0.0331273359790753
0.00915733581563231 -0.0352369087766354 0.132401828134779 -0.247171531068396
-0.0406736884697544 -0.0621528101977348 -0.0236715490491046 -0.292491358989025
-0.0972401804841787 -0.00824598954607112 -0.104030554386525 -0.233571679084255
-0.0974315065432101 0.039994596408267 -0.101745208426029 -0.165280985411549
-0.110750943596687 0.052595064390891 -0.0516736647040015 -0.138499109488096
-0.128681476498277 0.0206972755120521 0.0173355263153566 -0.100473184048068
-0.129244919703578 -0.0251742142868132 0.122679295818362 0.0155223354597759
-0.0826175865167716 -0.110063343537142 0.0757134188238679 0.237030582013889
0.0278485937170748 -0.135583748836224 -0.203404148994396 0.344337669333273
0.140511668983816 -0.0440588458603317 -0.554365296821714 0.0536569555145123
0.0492093710281211 0.0727211447184015 -0.528340127633196 -0.357487874876338
-0.0711845245275458 0.0137514857929961 -0.176466523878763 -0.529533238054061
-0.109071049217139 -0.0742983627794054 -0.0185181151782957 -0.278297870578643
-0.136909388531083 0.06700106293113 0.0553032935633063 0.151408144819235
0.000258646917441548 0.0714161415214086 0.224125505763223 -0.00947772307698247
0.0447643019984644 -0.0330349110998982 0.111239926172072 -0.273202321958204
-0.0203978309738179 -0.0905658224621261 -0.0608911092106324 -0.296882606277528
-0.105176928389739 -0.0273000415455854 -0.148609055222942 -0.213743550511232
-0.109203324715124 0.0467919399307843 -0.146017497811901 -0.131003755719085
-0.118170954546916 0.0800331260100081 -0.103895197402416 -0.104783296662179
-0.143476122987502 0.0609504034577873 -0.0403384882594478 -0.0763056289100076
-0.157197813142134 0.022201611121876 0.0561266252114105 0.0138879683090912
-0.13486655056371 -0.0857256189702675 0.0303538346136086 0.20074272923596
-0.024577202173842 -0.15545911889857 -0.207352712067802 0.287703851539996
0.12859530825724 -0.0930854666833712 -0.520726271153874 0.0215595735295752
0.0748672899811851 0.0586229108381105 -0.493506403095756 -0.345258712528478
-0.0682034324957153 0.0373515062595272 -0.150396606652027 -0.502146623169735
-0.133214196395615 -0.0491679041340017 0.0249285018630056 -0.238298939453128
-0.123075849096145 0.0824190682961043 0.100246827657531 0.147663557593807
0.00824265267759903 0.0927624461843641 0.258733538952096 -0.0148449921030677
0.0759386206176421 -0.0180728610538293 0.152311524387828 -0.289916612422365
0.0104626164274897 -0.108001961669651 -0.0422681890986553 -0.336683862440682
-0.097586881359162 -0.0550581237540919 -0.171595147802139 -0.243181470932831
-0.107873180104757 0.038213670077569 -0.188400511487445 -0.129006518262825
-0.111621366503112 0.091155683672458 -0.153276836987483 -0.0754219902823056
-0.137131628994124 0.0924023974598892 -0.0956133929166077 -0.037868453914022
-0.157012601265941 0.074860407506779 -0.016038231077599 0.0341453366988646
-0.167037307919763 -0.0295592750375861 -0.0193923809170919 0.188973147414917
-0.0901133066501626 -0.13840287375861 -0.204901433009781 0.268143484856958
0.0757770720606743 -0.138393894223805 -0.48855634553571 0.0560955130246082
0.0932141574907227 0.0188132947761943 -0.492133164157275 -0.267887343420512
-0.0427803842512546 0.0595865662515946 -0.16278032869212 -0.451397771879827
-0.137532754260644 -0.00240892079968789 0.0645620352974047 -0.204948220940179
-0.0946160893161504 0.0802059395900767 0.129716132325055 0.165872182918327
0.0087383706904432 0.0976755505625487 0.303249622926049 0.0398928856309857
0.0904059624079407 0.0038375100572003 0.263231587031586 -0.265066452299918
0.0390878874179183 -0.102528341253797 0.053394525093633 -0.390048182652563
-0.0777078157149574 -0.0716593585927537 -0.154686571512567 -0.319707116938777
-0.0944645611878794 0.0263714072845581 -0.217699938548217 -0.164443484429836
-0.0903200959161626 0.089172279278088 -0.19358073657567 -0.0563069450462896
-0.109654640424555 0.106919653426991 -0.13785814510373 0.00752189016024595
-0.126010407892534 0.110381481002045 -0.0744001032169086 0.0764037924979872
-0.157342969320351 0.0328384650272584 -0.0624019462157699 0.210288993931776
-0.128883866317194 -0.0833778128347514 -0.196044652069573 0.289051245396078
0.0109319007265408 -0.143233153332904 -0.450779907095971 0.136268498536055
0.0920442668547293 -0.0214558315034464 -0.490651753843274 -0.148303902988163
-0.00494970625610294 0.0706396187141244 -0.189222975208299 -0.384481198645599
-0.113309056758079 0.0479582978206637 0.0992431833628536 -0.18851222438267
-0.0515460313242202 0.0732477824573913 0.136691192738491 0.206031894353667
0.0148975745473236 0.0821569488620316 0.334697708064582 0.154186056714688
0.0817214068313618 0.0160462722437015 0.413836791717608 -0.174462486841548
0.0422590504522268 -0.0764663512105318 0.214192674801414 -0.418657025433015
-0.0577873254937342 -0.0599908380468999 -0.0906058052541184 -0.413623759930615
-0.0690209415550856 0.0269300661235886 -0.227720846639743 -0.222345651485629
-0.0545218949678866 0.0814032825095372 -0.22241877825138 -0.0474163879009237
-0.0636162780565723 0.103503196511639 -0.16090992582531 0.0536537766984447
-0.0721519883101408 0.115084747191277 -0.103416960089228 0.12701045637161
-0.10732935973214 0.0695343131976921 -0.0780998720550515 0.246624523431357
-0.114313899881034 -0.0243512180310439 -0.164138334387051 0.326333605639319
-0.0235499575978417 -0.105658530227602 -0.38510080441638 0.227117695602007
0.0774231426434321 -0.0384055932666384 -0.458444566478279 -0.0183474733973835
0.0301247111467783 0.0663335287919751 -0.209571793432667 -0.305680651227707
-0.0624998645928459 0.0829471332286639 0.118502929394015 -0.186940267947079
-0.0165361046812175 -0.0677956458307564 -0.113306597736417 0.207226959249003
-0.0503647650929254 -0.0601228224566725 0.202588676565614 0.266217942052487
-0.0470620483981721 0.0145213443496279 0.403846964322091 -0.0700908853506979
0.0272727747962231 0.0376373587490957 0.288058979854265 -0.310363466132453
0.0551277698552971 -0.029165012223539 0.103818505229122 -0.358469977732284
0.0381758965907489 -0.0756697592080182 0.0243973307584367 -0.268795167284798
0.00823716031686286 -0.100293106187786 0.0698316704864754 -0.160812371740554
0.00764181599569509 -0.102134377789508 0.119650420156679 -0.0774763601802239
0.0226157045609215 -0.0876785996275816 0.199251481594927 0.0451965648506347
0.0503656924578537 -0.0467936675748205 0.185931565578052 0.253243526139791
0.0371617706668376 0.012738485067596 0.0156978349143377 0.443792725568256
-0.0131636181303188 0.0234270629565856 -0.352552612634063 0.385614812798673
-0.0413378599184488 -0.0367969211864368 -0.536670485321121 0.0684611433867923
-0.00222302117654511 -0.0695549568436114 -0.400652039623455 -0.256447369659635
0.0235005312662451 -0.0578734822934248 -0.175886155622243 -0.269957740632375
-0.0711706631314968 -0.0412063684565977 -0.082777797000958 0.204729020965244
-0.0528250705003841 -0.0284391469469047 0.2102612287262 0.180850442358487
-0.0397344783848224 -0.00502046024720829 0.30114985035624 -0.160430546938264
-0.0113038791637653 -0.000509682332433295 0.163767966549391 -0.330240238687343
-0.0158948991326351 -0.021742426342769 0.0232873283649357 -0.338499989330851
-0.0266509072790558 -0.033797738183689 -0.0158733924847265 -0.257899312703113
-0.0479250759091269 -0.0462191767805387 0.0400838280884106 -0.178125166150173
-0.0480407895997972 -0.0651185746861492 0.101854100989506 -0.103132308430966
-0.0308950326137994 -0.0768537710272033 0.196783965690555 0.0365443188104734
0.0116318172443969 -0.0758993313839145 0.159610529583226 0.278437169223588
0.0434017705952084 -0.0418212497177966 -0.0866004613205992 0.461076682815911
0.0509347757151464 -0.00214161057456132 -0.497608697011125 0.29000205926266
-0.0025713221231962 0.0060493956162368 -0.606581423446158 -0.1179238636164
-0.026790982215386 -0.0349025970683919 -0.348193608577415 -0.411042092831063
-0.0295869783656697 -0.0662575273255124 -0.132497601272025 -0.303433777266564
-0.110905634494019 0.00132908603072918 -0.0395896499650874 0.19261288892055
-0.0367163399557748 0.00709419675412139 0.209616466959154 0.097138406160645
-0.0220434187772128 -0.02431648026081 0.198301435091288 -0.217098201972929
-0.0397436743606768 -0.0309396874978174 0.048389013914915 -0.313945468605857
-0.0694052103966196 -0.004785863513525 -0.0529741171353999 -0.285768547671195
-0.0718076078341489 0.0140860250516806 -0.0645520559316765 -0.215672763878587
-0.0870528005897845 0.0116439189623237 -0.00649080335137906 -0.167792725377244
-0.0960266068638824 -0.0198516170115552 0.0645334110107933 -0.111179294355488
-0.0854691062723982 -0.0555329668143834 0.172095501827006 0.023766399193113
-0.0344494542983194 -0.102160558018699 0.125873982427047 0.270080750823218
0.0444910118408234 -0.0952276109800167 -0.159467082617882 0.423700786839311
0.110463768505179 -0.0197447318832128 -0.562581039831564 0.170486700910305
0.0270380038437951 0.0501417192018533 -0.597100431436554 -0.26589315426751
-0.0546568486965386 -0.00662095162228066 -0.270260690318323 -0.505711616705712
-0.0758167071115532 -0.0746283054913949 -0.0808376894486463 -0.307314886856343
-0.131011232277408 0.0431825035439717 0.0106938663704008 0.170647265944791
-0.0150978326724563 0.0423985571929514 0.211860504076976 0.027632254619266
0.00806160350304086 -0.0352086146375159 0.124899319118842 -0.252987133364859
-0.0423622129051839 -0.0612188751227638 -0.0337849408143985 -0.294621412843399
-0.0973084074845727 -0.00499961155941575 -0.11271246836533 -0.232206379477719
-0.0967026623795107 0.0434344799257339 -0.108194578343585 -0.163883903654182
-0.109338935802056 0.0564636018066134 -0.0571251590205617 -0.138102073511653
-0.128333244288887 0.0245827407411142 0.013984891795021 -0.101815715850953
-0.13020424564033 -0.0215776943929777 0.123416771361821 0.0119675308990892
-0.0857880913338553 -0.108461909393424 0.0843585290362296 0.235476810510206
0.0242531602575057 -0.136471192989155 -0.194336868965333 0.352395258872917
0.140028040776486 -0.0482072298889437 -0.556426484731941 0.0713168189775282
0.0506569446924188 0.0721217362585707 -0.53919853054343 -0.34368375334556
-0.0719060387114413 0.016547248997331 -0.193790795574308 -0.527554038028211
-0.112383331656336 -0.0713480732414439 -0.0275714456548505 -0.281055638382249
-0.135918592105646 0.0715896178301192 0.0608231062580129 0.150909027033629
0.00226755462975704 0.0725982104011335 0.225795648715577 -0.0157654500321008
0.0441369635166141 -0.034131998855574 0.103054245902557 -0.278740849954078
-0.0231309037795822 -0.0905662076206972 -0.0711597906236064 -0.297061701304567
-0.106381946552788 -0.0238659088212371 -0.157066760691411 -0.211484980139624
-0.107820514979025 0.0504199194013515 -0.151451126603173 -0.128219049372198
-0.115904332375118 0.0839586833601759 -0.107430516990163 -0.102126358643294
-0.142557447978493 0.0660446882917309 -0.0428910889474342 -0.0749668203070688
-0.156499169617605 0.0273652176843036 0.0570002308794985 0.0127171506430076
-0.13750735746624 -0.0817221590421802 0.0374007339004037 0.200856716128818
-0.029188617668731 -0.155492999566678 -0.200054193865896 0.295690928654771
0.126046580132644 -0.0974708994299672 -0.523418411010385 0.0391450359544083
0.0766320623225519 0.0572282478085018 -0.506487818573426 -0.331086282154486
-0.0679148262692859 0.0398766080304312 -0.166366167486315 -0.503142417153817
-0.135624036749447 -0.0456404155665786 0.0180891333615313 -0.241679990763706
-0.121254549219295 0.0866649280230915 0.105753021329822 0.145911974527645
0.0110032328250216 0.0936508364378285 0.260119956994044 -0.0223021747144981
0.0754285795377008 -0.0199523294501597 0.143871755729609 -0.296340922578331
0.00746163479600605 -0.108891398867347 -0.0539504461350626 -0.338622394576731
-0.0993834554048917 -0.0516434560991935 -0.180825017355095 -0.240445733848986
-0.106878144124634 0.0418429037743239 -0.193462751584108 -0.124789367491932
-0.108828348393773 0.0947352975297761 -0.156514120165344 -0.0708022171502108
-0.134861844049049 0.0977735776749735 -0.0974376541555765 -0.0352355906347522
-0.154989933617157 0.0802392131468898 -0.0150958387272886 0.0353663080768642
-0.168361784565168 -0.0238817878333108 -0.0131447201878233 0.190860588883261
-0.0950880240493181 -0.13508827041071 -0.196877613475275 0.276394191309088
0.0718411151358595 -0.141250999403884 -0.489793938980635 0.0729716546471246
0.0939043556612398 0.0161260522171975 -0.503880297581602 -0.253315473704538
-0.0413070143693796 0.0612137646284187 -0.178310455961752 -0.45015117052812
-0.138052218584103 0.00153020155444322 0.0587852844403366 -0.209493325551014
-0.0928355332932707 0.083373961596837 0.135967634020963 0.163653002928926
0.0115520849940618 0.0982268734042639 0.306865602091391 0.0318539311111338
0.0908916741127394 0.0015274156614094 0.25639045334829 -0.274788250755251
0.0359897403246143 -0.104828142608763 0.0407937137378974 -0.395261474582534
-0.0804341994769615 -0.0694185655064885 -0.165762643174351 -0.318182549899188
-0.0937554049697339 0.0297980154717209 -0.224186232823432 -0.15953912892893
-0.0876615151389478 0.0921071073720108 -0.195579859073269 -0.0510883717935891
-0.106641227351415 0.111092428762946 -0.138598365679991 0.012283183105091
-0.122038906616295 0.114676121160606 -0.0724126963534234 0.0800333396547278
-0.156466220676723 0.038788800317895 -0.054676243167055 0.213529337505
-0.132385801038816 -0.079123741456327 -0.187389328777752 0.29690570580243
0.00624323558564963 -0.143869142494205 -0.448368263344476 0.152044940821236
0.0912913889431373 -0.0245091062419687 -0.498638027828786 -0.134157341978026
-0.00249921081909889 0.0714739419104327 -0.201831156578345 -0.382226804852519
-0.111664101827275 0.0513531868535526 0.0935541828171552 -0.193426697724725
-0.0497960108030446 0.0754663124289705 0.144915653865953 0.204309461482505
0.0177456705689334 0.082562707655665 0.341854387515185 0.145448187378561
0.0827598282210982 0.0134546604861674 0.411439306115425 -0.188472623956621
0.0400530478737558 -0.0783397758631398 0.202542922416836 -0.429021924225506
-0.0601622939267133 -0.0579533995162825 -0.103434198018666 -0.415067336973017
-0.0687191570297463 0.029504747656058 -0.235952562141812 -0.217557972495947
-0.0520689543152715 0.0832768662218165 -0.224169771076384 -0.0417516496183844
-0.0605963484174321 0.105826775474506 -0.159876493787893 0.0587755421849084
-0.0680613265247817 0.117770031332555 -0.0996277292981658 0.131090219496666
-0.105046697869753 0.0740637722276613 -0.0692062654177065 0.251542219941915
-0.115635077375223 -0.0200609693983882 -0.154048796817124 0.333757072658702
-0.0274962904742211 -0.105487959880361 -0.379745798135678 0.24104336685063
0.0765466420943653 -0.0411280469453568 -0.460500110640591 -0.0039918364368772
0.0322249697203916 0.066322985056909 -0.219553870573333 -0.301939665809652
-0.0598467475353792 0.0853085850035842 0.113186188012558 -0.192529144590344
-0.0188780917008346 -0.0674309763361091 -0.107580797158447 0.211353253489125
-0.0523164241118541 -0.0586402508040897 0.211379024077928 0.260882010572839
-0.0464114016541507 0.0163288178662739 0.402928887761844 -0.0824224023443511
0.0288092901955587 0.0365478144661748 0.278131662449389 -0.320703103784368
0.0542895254436669 -0.0311976761273229 0.0918176545905595 -0.36293474392915
0.0356462382690409 -0.0768408247561984 0.0141697391656849 -0.27147791674024
0.00436117948877137 -0.100733403341595 0.0639062285688359 -0.163321559092625
0.00394463124734388 -0.102883237906472 0.117543685632667 -0.0812043036044624
0.0197784170137371 -0.0891856744084832 0.200955920918097 0.0397301066866023
0.0493117742124371 -0.0484295455195156 0.194153744613388 0.249030217773142
0.0380981538291802 0.0113558144605442 0.027922348605143 0.445850273280399
-0.0120429743537782 0.0236256046820093 -0.342484464094752 0.397681889840828
-0.0428948098806651 -0.0352109120830194 -0.536845675380861 0.08401700703819
-0.00415984022173653 -0.0693645235323567 -0.410315930214563 -0.246863754583677
0.0219356572698943 -0.0589629046891661 -0.185277582226336 -0.267223917146429
-0.0734227239419066 -0.0388535790504095 -0.0768274613122266 0.207959411572876
-0.0541389867424609 -0.0265261145057116 0.217181777072595 0.175304573081798
-0.0397887031081337 -0.0034855706489453 0.297018326314887 -0.170183845431397
-0.011345664286153 -9.42760994144826E-05 0.153157971254512 -0.337364633749704
-0.0161538454845752 -0.0209198786444589 0.011333195381069 -0.340954854704116
-0.027947746154211 -0.032798881593707 -0.0248464444271704 -0.257889361269478
-0.0493139596007387 -0.0449351674612141 0.0339890442434329 -0.179931647208677
-0.0505337765155785 -0.0643696025435446 0.0981876227134557 -0.106038101547539
-0.0332665670966951 -0.0761565847125628 0.197811571328053 0.0308010915597722
0.00962023546015442 -0.0774961411582642 0.169564922998686 0.274495132985656
0.0422915644086654 -0.0432823560582842 -0.0734165631430407 0.466138722872912
0.0516834079463838 -0.00297142565766544 -0.492010455662603 0.306363381760624
-0.00233531987700208 0.00612433032828224 -0.612076162721768 -0.10059856602375
-0.0280114785235008 -0.0342849764440403 -0.363837069753327 -0.403645235023304
-0.0316826837189762 -0.0655376202228771 -0.143169853029765 -0.30192460073018
-0.111484563946567 0.00466174870947298 -0.0335105328376108 0.194230944392725
-0.0366299073015944 0.00902680466867214 0.213276750530531 0.0912649771122857
-0.0228225574048043 -0.0232336098013057 0.191509352894742 -0.224598302845455
-0.0407712087676814 -0.0295977139598962 0.0379919590822158 -0.316566662389086
-0.0694885008870946 -0.00292906190732992 -0.062874888483296 -0.286176867017405
-0.071245014772984 0.0163366997728004 -0.0716080740692892 -0.214988156503182
-0.0870772527477264 0.0141772832942782 -0.0128121503197862 -0.167979226705111
-0.0965976216616439 -0.0173090505718543 0.06097949137368 -0.114048025481714
-0.0874648854822241 -0.0535781429256416 0.173075153629744 0.0192088403823532
-0.0370486887877498 -0.101605185409536 0.135046627489057 0.267235207507977
0.0421970764809642 -0.0967808117997216 -0.147460440896884 0.430143226201359
0.110406038619187 -0.0229330542574117 -0.561165020133884 0.188507920922427
0.0281710742757348 0.050485885701095 -0.606825052211128 -0.249813769788465
-0.0558328135335451 -0.004562513505443 -0.284988573564206 -0.501698216411765
-0.0784404789154829 -0.0728096009952128 -0.0906037022545665 -0.30786972201875
-0.130640046628166 0.0470470936035161 0.0159370726591211 0.170971844539811
-0.0142304438110038 0.0438319142509578 0.213820715441767 0.0210686365140792
0.00724618573254119 -0.0349934394121389 0.117869429939253 -0.258276739499427
-0.0442170575721548 -0.0600334795849164 -0.0432265989509198 -0.294290676450307
-0.0976104645220845 -0.00130864171433541 -0.121068839001126 -0.230868456345738
-0.0954783993091197 0.0463888084806031 -0.114318377924695 -0.161579539092435
-0.108043035119266 0.0597358895527692 -0.0614893604989074 -0.13687519476317
-0.127856472064692 0.0284458093885094 0.0105280620993668 -0.102039787335899
-0.130889972144206 -0.0182856217968875 0.123928607200506 0.00910187499376838
-0.0890684507356097 -0.105474443610768 0.0917403970074058 0.233631588147381
0.0203515443827649 -0.13710690606272 -0.184325373976164 0.359947650353076
0.138845873545777 -0.0520524755292962 -0.557036225145106 0.0877484431051095
0.0523802217298474 0.0716407639595453 -0.551597373248654 -0.329384224520428
-0.0720570090184927 0.0192120629258959 -0.209890198406081 -0.526113623241475
-0.114771942343435 -0.0683858208278966 -0.0359681744687969 -0.28307542341655
-0.134218675460331 0.0759699329255915 0.0663833368021192 0.149402670499778
0.00448831736971381 0.0732451246671677 0.226885859561705 -0.023528577017436
0.0434157389955626 -0.0347672238570119 0.094823039515927 -0.28295233027946
-0.0257420020100331 -0.0905864818281987 -0.0813328612060993 -0.297376206579714
-0.106890610081804 -0.0209851751164889 -0.164338201888163 -0.208236177827895
-0.106741553044029 0.0538385688884569 -0.15627404751409 -0.124784400598025
-0.114124704829615 0.0872764979297489 -0.11088818932008 -0.099190573240707
-0.140507672863931 0.0704089885447696 -0.0456013284953063 -0.0739382114130058
-0.155738544570435 0.0315277185449237 0.0574672768779922 0.0113931608190352
-0.139770037810431 -0.0773910257998027 0.0444069049057644 0.200441061118934
-0.0341086949731722 -0.154206904695616 -0.191511797121574 0.303172073840221
0.123061396260696 -0.101080730676774 -0.52447640145507 0.0550435771719807
0.0776933337227459 0.0552500551620456 -0.517219739422679 -0.318454094713542
-0.0678179441566124 0.0422868034214772 -0.182432430668436 -0.500000324747631
-0.137077138494171 -0.0417231487096196 0.0108965532120041 -0.245150563955198
-0.118875226598743 0.0899426637289588 0.11090060675457 0.14330125290988
0.0136213753619107 0.0943383771859851 0.261857931788401 -0.0301368905131947
0.0754211092222702 -0.0221156690881443 0.135722497268275 -0.301995332224826
0.00436864186859693 -0.109648604342229 -0.0643441752032296 -0.338338369400774
-0.101588126462906 -0.0488125031920436 -0.1892752372008 -0.237294584303843
-0.10587790232595 0.0450261000905282 -0.198721090198791 -0.120458260019113
-0.106473420355187 0.0980796477609464 -0.158790324321892 -0.0668673542015281
-0.131923311808024 0.102146579663336 -0.0986010086652139 -0.0320614766965948
-0.151931728493747 0.0848032527704209 -0.0136880078925299 0.0365179123977724
-0.168450264621744 -0.0188298478336501 -0.0062883230984024 0.191708099911622
-0.099727624672608 -0.1319350197755 -0.188862505772068 0.284812653213763
0.0666744426344195 -0.143538378520514 -0.489683644660466 0.0889096439144924
0.0936197993217515 0.0131942036164125 -0.511461155872157 -0.239592410848438
-0.0398721801650761 0.0631387487852597 -0.192225330572684 -0.447236371524952
-0.138252341278799 0.00538875621696729 0.0524203516895522 -0.213190546454042
-0.0905119416635593 0.0862351183566886 0.141969732141927 0.160147133463713
0.0149374683300029 0.0989544143213614 0.308476619802852 0.0227196343026124
0.0910755411367333 -0.000504279054888843 0.249521358793625 -0.283616085149625
0.0332213582655455 -0.10607301078304 0.0294435206463037 -0.398252502827511
-0.0829768313752287 -0.0666308053600018 -0.175634561639921 -0.315552572379383
-0.0929589214763887 0.0329969447138046 -0.230051324239564 -0.153976884713318
-0.0845120522696254 0.094719487249441 -0.198043086018916 -0.0454958177715696
-0.103000462456041 0.114878364364307 -0.138149332946202 0.0166382713601597
-0.118288553266471 0.119179879596359 -0.0696504674547036 0.0835769354864108
-0.155483216674557 0.0439426389780698 -0.0476529902055818 0.216305505599818
-0.135004314180254 -0.0746822911585649 -0.177802781740589 0.304766851566065
0.00144002659829712 -0.144308588157899 -0.445216071550379 0.167737869208962
0.0903358289847358 -0.0273232430394111 -0.503823628907625 -0.118494565312699
-0.000589901206532822 0.0720970800411405 -0.214937425933133 -0.378096783684683
-0.10983671054241 0.0550787689246936 0.0880975687676375 -0.197790378638928
-0.0470702671758279 0.0770693442349122 0.151436864403855 0.201486390632514
0.0203521822613771 0.08254328467889 0.347893015636038 0.136780504623691
0.083108298135964 0.0110776049426329 0.408001121407784 -0.202635349289251
0.0378722284918303 -0.0795016454489486 0.190710482389434 -0.437058614659813
-0.0624837166995598 -0.0557988231368916 -0.116641086469327 -0.414344128893955
-0.0680841230319025 0.0319051486537742 -0.243573339706017 -0.211962502845488
-0.0494233661381681 0.0852147475815877 -0.225914553727297 -0.0347348110573653
-0.0572743503500991 0.108227480518055 -0.158151974220206 0.064221676683151
-0.0640964737739307 0.120449817768173 -0.0952364915223862 0.135752776522167
-0.102890706653949 0.0771125794226664 -0.060031476169126 0.254433893985907
-0.116983417166443 -0.0158799860276259 -0.143311212738952 0.340241199372889
-0.0310132995048876 -0.104698626560686 -0.372358593204362 0.254605595195677
0.0747205591855588 -0.0435488815084783 -0.461106705498029 0.0107379511265394
0.034476906827525 0.0654411351463599 -0.230553123036199 -0.296478939169822
-0.056613694409684 0.0870809276223343 0.1070843246191 -0.197413526707147
-0.0208637772074578 -0.0664209086527669 -0.10150345638013 0.214878036333054
-0.0543311869204355 -0.0571538636584827 0.219094952271413 0.255471238564011
-0.0459648345989582 0.0180061396269871 0.400693590123701 -0.0944549213242456
0.0302922021294674 0.0355517528117893 0.268440064517125 -0.330128589635344
0.0532737098004888 -0.0328788688526861 0.0796711041195935 -0.366826580635956
0.03324977247845 -0.0780058237707408 0.00552918030509017 -0.27203244524148
0.00111456763953096 -0.101072645254459 0.0585596392616888 -0.165802105878882
0.00047802683997766 -0.103635001895495 0.114783390184005 -0.0849226791954601
0.0166795636339576 -0.0898563855005075 0.201985848529577 0.0348285449974365
0.0481737356837283 -0.0503838222373875 0.20142551301943 0.244701619090678
0.0388390863181188 0.0104941574568014 0.0408267293973356 0.446035246741461
-0.0109545279675151 0.0242491169716086 -0.331542906758433 0.40813567636139
-0.0437755271303376 -0.0333700179288956 -0.535164226915808 0.09940298213044
-0.00627028142917469 -0.0687885842770625 -0.41802141903792 -0.236517931461323
0.0196516733772474 -0.0587464784518062 -0.193692392725258 -0.263775693441709
-0.0751252896660858 -0.037248798699483 -0.0713047379604726 0.210555699738513
-0.0545613865883475 -0.0247292468017495 0.22237566421746 0.168979303342577
-0.0401010144532746 -0.00183006335594157 0.292600816538989 -0.179500320637269
-0.0106667260619386 0.000327919300228418 0.14228322087503 -0.34251846960347
-0.0171003680777087 -0.0200876645864086 -0.000195333055514903 -0.342428061176998
-0.0287596029210352 -0.0320856218734563 -0.0340335677114101 -0.257954087908242
-0.0509201517851047 -0.04390918500154 0.0278566102672364 -0.181347347176795
-0.0527763913707274 -0.0627376031814149 0.0951315463632563 -0.109632556513768
-0.0354982812140109 -0.0762867087897036 0.198527359492729 0.02565208377772
0.00814278397099456 -0.0777845852742735 0.177049983081409 0.27057256020406
0.041705310837096 -0.0444939092977532 -0.0600347457815321 0.469526641599716
0.0520673095113169 -0.00440381354044156 -0.485023942250201 0.320153746765468
-0.00259866843121303 0.00684370195030582 -0.616551660686124 -0.0847734790000574
-0.0290508862332509 -0.0325116382740718 -0.374582483358179 -0.395267103408322
-0.0335336062411657 -0.0644015782598865 -0.151162566034129 -0.299968729706331
-0.111644967868788 0.0074425255359799 -0.027915130471854 0.19495782080981
-0.0366647748866555 0.0103513998648675 0.216417871115569 0.085582295847496
-0.0238058200444184 -0.0220755528693006 0.185176031492611 -0.23024362548401
-0.0414161125801016 -0.0284772670443462 0.0276412969817779 -0.318719554270961
-0.0692330510792934 -0.000415941511664039 -0.0725914237257128 -0.285107498173127
-0.0707874365226933 0.0184984187352846 -0.0796126218764764 -0.213973903424817
-0.0874933639981636 0.0165432924529083 -0.0182792286008277 -0.168239115533118
-0.0977769957414116 -0.0142554321810271 0.0569233893543918 -0.115816194721743
-0.0892131844899019 -0.0520934555195078 0.173520518124074 0.0145862029413101
-0.0396429417835652 -0.100799495084346 0.142894319682888 0.263629756206564
0.040003402529805 -0.0979020720428261 -0.135869095035792 0.435987374514743
0.109904742208247 -0.0255146313687028 -0.557994383369714 0.205700993273029
0.0292526211858819 0.0501402552953301 -0.614876077230651 -0.233722834439405
-0.0563976230936584 -0.00221257506075957 -0.30041336434328 -0.497323982287014
-0.0806560069916594 -0.0703574822739604 -0.0999834276550341 -0.307029033579826
-0.129784506406845 0.0505348928872961 0.0214421448044632 0.171153410728576
-0.0124429762451712 0.044834156235863 0.215289493871006 0.0151879219981947
0.00596198501096558 -0.0347975548168759 0.109736881773147 -0.261949130509028
-0.0459232923098587 -0.0588965591301141 -0.0522045454973299 -0.294209544697259
-0.0980731257460572 0.00132285661763099 -0.129938932160736 -0.228631876214715
-0.0940357848235003 0.0494317536828892 -0.120058074093643 -0.159290799818008
-0.1065369653463 0.0622499286127922 -0.0654588747161056 -0.134793387229291
-0.126942131674533 0.0319920344003265 0.00710979853837269 -0.102202631498182
-0.131400796302672 -0.0150440439604284 0.124290483107711 0.00550518559103871
-0.091116052981794 -0.103119447600831 0.0981658980457583 0.231058674654121
0.0164570830646129 -0.137588969933144 -0.17469647676846 0.36616074752734
0.137557470789621 -0.0549641953411113 -0.555290454411262 0.105578530650029
0.0538954956055961 0.0706797718756057 -0.563467490013481 -0.314958150826176
-0.0724774612682633 0.0210969517844555 -0.225317078251194 -0.521786749629804
-0.116735466341531 -0.0656899962642012 -0.044136554716895 -0.283154630134817
-0.132339501286573 0.0799288415003233 0.0713468105406435 0.147731635765934
0.00706865404698172 0.074012381810671 0.227078282441864 -0.0289222251327831
0.0424004673840838 -0.0356057800328997 0.0865633525894731 -0.286840469499722
-0.0278658677617129 -0.0896892795447957 -0.0905228118561967 -0.295698081713797
-0.107676558355028 -0.0180347120490123 -0.172281880411906 -0.204750171413708
-0.104597832972081 0.0571735267749257 -0.160844226571115 -0.121243552231193
-0.111403771568678 0.0901692138452452 -0.114005916601446 -0.0966244390716691
-0.138172994889791 0.0746198152119949 -0.0479269277973051 -0.0725713917244135
-0.154426513422221 0.0358615337617474 0.0575173995721551 0.0103245819580137
-0.141110159073892 -0.0732577953707022 0.0501102928471626 0.199228078121448
-0.0383590520154126 -0.151996338743198 -0.182493446852165 0.309337321569946
0.120265130637735 -0.103934199914369 -0.52321952239032 0.0705267059777884
0.0787273278469371 0.0537662371179677 -0.526804505941494 -0.303537348423638
-0.0664911276825462 0.0444568857664528 -0.19727775662979 -0.496726586579868
-0.138146701182064 -0.0382134315103665 0.00427514457394236 -0.246972581354142
-0.116452048074179 0.0936632132481039 0.116238472567549 0.140787318826529
0.0169191260346295 0.0949355110458704 0.262060962828356 -0.0369896285322803
0.0749827308337144 -0.0235861962221833 0.126535839062794 -0.30647832695579
0.00156438025926397 -0.110007195140665 -0.074348597477656 -0.337792796667173
-0.102700141422979 -0.0457573144147228 -0.19742954832483 -0.232768225849625
-0.104506386545649 0.048350975961941 -0.2029655557443 -0.115605424239624
-0.103166828284573 0.101229905298963 -0.160348867233919 -0.0626666601785715
-0.128759247642373 0.106126225569119 -0.0996819221740042 -0.0290660066448612
-0.148763844684248 0.0891536446742391 -0.0127049922248267 0.0372474950877288
-0.168716046039033 -0.0132570036996752 0.000235282662948661 0.192185259862559
-0.103845875615947 -0.128069447865549 -0.180629240624832 0.290525083432689
0.0624756479183732 -0.145085048750088 -0.487960211580529 0.104080997374093
0.0939575240238525 0.0109725809098227 -0.517643763622057 -0.225566746618797
-0.0387298567219826 0.0647054226354242 -0.204649600161424 -0.444302426067902
-0.137548916780962 0.00918620130883883 0.0462968378890443 -0.215995898015982
-0.0880946314802467 0.0887835689868154 0.147368707010331 0.157762350637827
0.0179510419515799 0.0988492168324669 0.310709870391275 0.0146169051179896
0.0908208660003925 -0.0031360409957995 0.242471544197494 -0.292827170403999
0.0299673908635223 -0.107401032327713 0.0183610329606388 -0.400384456924955
-0.0852286756721299 -0.0640232871156063 -0.186034916393763 -0.312208767360825
-0.0921132005638585 0.0353363654147981 -0.234766956245499 -0.148899753741795
-0.0818301275555753 0.0972566107015515 -0.19958892078442 -0.0404733954731373
-0.0992773384586268 0.117851438237634 -0.137331324564881 0.0205716900122041
-0.113999636772057 0.122741252466028 -0.0666824121537867 0.0858804462946299
-0.153348704854988 0.0487342081829386 -0.0403321512689711 0.218219523539525
-0.137680550731711 -0.0699684779441454 -0.168530707881319 0.310307589920833
-0.00301253391794434 -0.143327282153498 -0.440991550001427 0.182067852291049
0.0890918086571666 -0.0303513923680156 -0.506370477994543 -0.102993213281182
0.00113626518935321 0.0725394966684279 -0.225845779982704 -0.372421980817399
-0.107902263492877 0.0584818165281572 0.0823931177074185 -0.20164523452521
-0.0445897526746826 0.0780517951418572 0.15763973474318 0.197718120645626
0.0231217120112003 0.081899388226321 0.353614454088349 0.12747859446924
0.0830452916218721 0.00887344625704441 0.404200564880279 -0.214220942115899
0.0354954122830187 -0.0808945693862329 0.179093464152437 -0.443260284184238
-0.0643877523858488 -0.0535224271507928 -0.128155419246793 -0.412101559262957
-0.0669337252827431 0.0343839216884774 -0.25060760786323 -0.207125788282676
-0.046708584436839 0.0866207793594609 -0.226891725788013 -0.0286197594216359
-0.0532857733347792 0.110362457311106 -0.155781122231654 0.0685746462458627
-0.0602432163641166 0.122365287200155 -0.0906218162715212 0.139743223523532
-0.100266870702681 0.0800756392352691 -0.0514198576780528 0.257253344285663
-0.117443730233381 -0.0123001909594825 -0.132173557277151 0.344768646281182
-0.0343435957094914 -0.104031109899409 -0.365935258691932 0.266920813577062
0.0731266590062033 -0.0462970479005305 -0.46119440430533 0.0252458069040563
0.0365627739984633 0.065338489611165 -0.238270802913189 -0.291114305335981
-0.0534215914896801 0.0889994940814237 0.101670072816156 -0.201155264820477
-0.0227736803882432 -0.0658286964012769 -0.0961297719173404 0.217663850455923
-0.0557582472192026 -0.0554519373669218 0.226456906375116 0.249525575075546
-0.0455362894193264 0.0194229971958183 0.397262397455468 -0.105559293941139
0.0311780633067183 0.0350270953010874 0.258227788078822 -0.337703423481221
0.0521754409437441 -0.0341895736524049 0.0680406093170125 -0.369454795238374
0.0308962063666994 -0.0788961892823953 -0.00363227258830606 -0.272558817284883
-0.00177048787885451 -0.10087029057486 0.0532834716596559 -0.167599833880797
-0.00278503630007473 -0.103297805240119 0.11225492159225 -0.0875890615041333
0.0140710709251766 -0.0915544200979274 0.202707271123629 0.0298582239504795
0.0467697617336637 -0.0519612459924895 0.20797658948877 0.239811761632009
0.0392722643749934 0.00899981634292146 0.0520624373435588 0.445209630272221
-0.00986337024714734 0.024335671966338 -0.321500366810746 0.41872825909454
-0.0447478901220129 -0.0326069185054275 -0.533260063957031 0.113610258337351
-0.00771560992820881 -0.0680114963880093 -0.425567598629877 -0.225371427137918
0.0185361624076439 -0.0593148335037002 -0.201540942279567 -0.259569795458923
-0.076247255170159 -0.0346776018212986 -0.0660244741129934 0.212150483112564
-0.0553904428777917 -0.0228464174813 0.227393209318046 0.163317998239939
-0.0401344995023275 -7.77177121714951E-05 0.286758193786979 -0.188040939171339
-0.0109035029186664 0.000506572423246757 0.132588577578599 -0.346907743212415
-0.0172144192554573 -0.0195219636086284 -0.0105017148120639 -0.343655464141268
-0.0293835225481929 -0.0313836110171563 -0.042465156643115 -0.257362371467526
-0.0527835740422658 -0.0426887547589363 0.0218204521501581 -0.182031166172299
-0.0550457630453587 -0.0612292020776548 0.0914788379985322 -0.111718807819475
-0.0375615969640664 -0.0754276018006867 0.199121662920287 0.0213364674201936
0.00631908419313398 -0.0785370433157234 0.184667079514932 0.26641902837722
0.0410391267348522 -0.0458042208951726 -0.0487535673976853 0.47142920283886
0.0523664592409656 -0.00554322835974818 -0.477266066699929 0.334287636213264
-0.00286002003271864 0.00771784035655948 -0.619883475148153 -0.0668184428125754
-0.0304786946926119 -0.0311769832529251 -0.385215869034626 -0.386220580228829
-0.0351488805670259 -0.0635380744755102 -0.160530977214014 -0.297454440957859
-0.111356627494026 0.0109979811617974 -0.0224738175764282 0.195857070660842
-0.0366288218383292 0.0114094760262809 0.219558651867505 0.0801804908594183
-0.0241107168702686 -0.0206724332159969 0.178163290419524 -0.236075535666652
-0.0417895247163379 -0.0276115562879917 0.0183048250247716 -0.320195934227155
-0.0691930590086692 0.00162191877588745 -0.0818281225319521 -0.283870977174137
-0.069861702458297 0.0205776454215647 -0.0860340817701051 -0.211360115730064
-0.0865535014767621 0.0185018462702513 -0.02294724396459 -0.167261568249416
-0.0981309459066167 -0.0118621660918119 0.0540226985497924 -0.116913622418864
-0.0903407887247565 -0.0499412819524468 0.173217805047197 0.0106987130420989
-0.0416892085975388 -0.100043372294553 0.149499746834177 0.259685387202455
0.0381223453771989 -0.0984994706984378 -0.124147314650765 0.438492331757854
0.109696516097975 -0.0275788635404892 -0.551122007578013 0.21850202172449
0.0299703445791738 0.050363433889525 -0.621752045804901 -0.21848695769959
-0.056839160777982 -0.000348669436966006 -0.312652383742556 -0.489871963816698
-0.0824218106612453 -0.0684583246661923 -0.108643093580329 -0.306123272433035
-0.128555130899984 0.0544595328259812 0.0263480421196974 0.170302244715049
-0.0110549019423731 0.0458211318254557 0.21621794015173 0.00986913753382175
0.0050341611107141 -0.0340554385715824 0.102359341726291 -0.265314747490122
-0.0472244298077347 -0.0581186364405933 -0.0612990745952241 -0.292889542240562
-0.0972381649986319 0.00425386702020081 -0.136754284412317 -0.225855688582818
-0.0924513095981077 0.0518532222754743 -0.125363461034643 -0.156023127718939
-0.10495699488804 0.0650091280587023 -0.0691951727539812 -0.133421294035645
-0.126217649284352 0.036209118670528 0.0042915864522939 -0.102214753363625
-0.131103579021173 -0.0117328120448346 0.123794939163009 0.00229267520016773
-0.0933035158847812 -0.100482013933565 0.104663474140791 0.228652071226634
0.0130739779880996 -0.137231327183124 -0.164839476705678 0.370424556027608
0.135797692985283 -0.0575534103301952 -0.552536621330669 0.119670956664458
0.0549508172756953 0.069714213630115 -0.572143307645709 -0.300041170560368
-0.0721191368848417 0.0236683916857558 -0.238003728173554 -0.518968685006226
-0.118503968281505 -0.0624790830009418 -0.0512715209978241 -0.283110439166994
-0.130137623483393 0.0834539121294559 0.0752656791757782 0.145950368817828
0.00920044957581054 0.0742887397305271 0.22693301178276 -0.0345602701100129
0.0414147345653074 -0.0358834479803289 0.078829288171396 -0.289768263738177
-0.0301096982091541 -0.0891619487823035 -0.0989621065180729 -0.293795994846177
-0.107953748683485 -0.0146810941733923 -0.178075706050685 -0.201195933617093
-0.102254192770715 0.0594284237347177 -0.164820667959802 -0.117701455569096
-0.108975115910221 0.0926834310150476 -0.116540677171676 -0.0935915573213523
-0.135523423976575 0.0783052868542194 -0.0498539262765424 -0.0708108283154665
-0.152821727476051 0.0399263532732945 0.0576385133187208 0.00887281589949258
-0.142380662927487 -0.0687575822795279 0.0563125155474584 0.197815459204064
-0.0422036471076713 -0.150419196532057 -0.174760647297676 0.314550730323479
0.116922033613615 -0.106246286722996 -0.521626066825674 0.0844458148873417
0.079286192935542 0.052137620813827 -0.534422124995523 -0.290371902288602
-0.0661209040671719 0.0466126076555941 -0.21050991141279 -0.494090485861281
-0.138878057842825 -0.0345531329100615 -0.00245100702729313 -0.248429830225934
-0.114301885333199 0.0965980176493208 0.120477529232241 0.137529876637969
0.0204033944855523 0.0949601734856251 0.26162946937218 -0.0440528991460419
0.074054840931286 -0.0249698728393165 0.118639040236097 -0.309974963198801
-0.00155199304714532 -0.110477934729238 -0.0845216866686583 -0.335973985691273
-0.103628866458144 -0.042875651856008 -0.204670379516581 -0.229157233612078
-0.102593296272473 0.0513674887815388 -0.206045413622713 -0.111027571984215
-0.10012435517397 0.103122158854809 -0.16210120268248 -0.0584502303288499
-0.125448863691958 0.109860193393758 -0.100268423124295 -0.0264909415206482
-0.145722890631869 0.0933121441833416 -0.0111650899524038 0.0384077725709095
-0.16823104627146 -0.00843681996155686 0.00611917221859551 0.192571197137678
-0.106895230404109 -0.124398804571046 -0.172205914947555 0.295932686483941
0.0585514249673347 -0.145714251619944 -0.485484841378726 0.117333749378988
0.093225274639284 0.00832106818000396 -0.52523965901179 -0.208960037306968
-0.0367589292123964 0.0660951298965171 -0.216799186758936 -0.439366657928106
-0.137092504157809 0.0130597051686723 0.0408341319786949 -0.218419789686209
-0.0859153076871446 0.0905532872253117 0.152152904144989 0.153821612348652
0.0209367063755281 0.0989171599550562 0.311547849891677 0.00604349980518533
0.0906384059639864 -0.00527717990732169 0.235069740654925 -0.298338043813192
0.0272278920358041 -0.108077124383864 0.00603016891360911 -0.401251743135855
-0.087074412027744 -0.0610707853968979 -0.19460195629494 -0.308445229314943
-0.0905007643292763 0.0381371658383072 -0.239119333747854 -0.143954775914516
-0.0789031866046267 0.0992648687817082 -0.199699483282937 -0.034910510132867
-0.0954710669175287 0.120944612059245 -0.136584135493481 0.0249368841832939
-0.110211736751802 0.12520230878668 -0.0635898880382638 0.0883647662570603
-0.151533416264475 0.0532964217229131 -0.0330212854603245 0.218972115094434
-0.13885799042529 -0.0652990218681295 -0.159786641777809 0.315148488723697
-0.0073272795096282 -0.143285566208956 -0.435390235050589 0.195197806980976
0.0875712798506573 -0.032128851550185 -0.50844449553142 -0.0898120038757449
0.00298129118542781 0.0729873551615526 -0.23723227512077 -0.367543216419679
-0.10590928571643 0.0609612414487269 0.076570418320354 -0.204434841376905
-0.0419049271203645 0.0792516725195415 0.16398836527799 0.194617629727988
0.0253620500841474 0.0816216712307176 0.357545675519984 0.119432586354644
0.0830033735397844 0.0071847181155114 0.398710510520094 -0.224738564813956
0.0334541102441852 -0.0822130634716853 0.166870842955744 -0.449863941311062
-0.0660948887153441 -0.0514602313219048 -0.138892971845202 -0.409924746278606
-0.0656832833242606 0.0361876743420739 -0.255389832880217 -0.200835206970263
-0.0442852280686831 0.0877340060586499 -0.226539994915636 -0.0228977353227422
-0.0498323336164975 0.111950274285796 -0.153892355125 0.072914956581206
-0.0561647783210511 0.123902547316686 -0.0862544713098445 0.142131148663669
-0.0975105956645858 0.0832400909331959 -0.0426644635110168 0.258453981632574
-0.117666540520317 -0.00870989574652122 -0.122369380024197 0.349136424582267
-0.036964362778293 -0.102286205987171 -0.358449236480252 0.276236724992382
0.0717584813590089 -0.0485834309559566 -0.460010073221024 0.0379799876935982
0.0383835650798903 0.0648693107512191 -0.246922332143309 -0.285456516147334
-0.0507614548936663 0.0902593851149035 0.0961616683937563 -0.204443895152106
-0.0248448563230651 -0.0651984545107962 -0.0907812911210382 0.219757674156029
-0.0567970894740451 -0.0536000959039734 0.232913660683253 0.243834141509768
-0.0446396469405685 0.02110990400432 0.394576511489508 -0.115371907324238
0.0323407234954427 0.0338372220502387 0.249174906012384 -0.344870956710337
0.0513592936313021 -0.035196918943647 0.0571065796766849 -0.371983297144457
0.0287462964176771 -0.0801494610025402 -0.0121205635074161 -0.271934328508709
-0.00476868563214132 -0.101013437249997 0.0476751955444452 -0.168765025021695
-0.00593793346919187 -0.103354522852765 0.109394805692463 -0.0903807093812082
0.0113147950769266 -0.0920952075492349 0.202858401634099 0.0255198604873168
0.0451458876386907 -0.0536414982084814 0.214187020243919 0.234809499568274
0.0398748779988513 0.00776767269017884 0.0630635672747504 0.444926195594711
-0.00895239294333809 0.0247996442380489 -0.311886591661176 0.426806265628478
-0.0457357918849012 -0.0307002603729474 -0.529694912434771 0.126712331893206
-0.00941886807889876 -0.0673873841128506 -0.431066143133886 -0.216229774572612
0.0171144818359746 -0.0597863984159836 -0.207614368789872 -0.255376410986383
-0.0772425615900325 -0.0326887716008501 -0.0604144239736426 0.214290053157787
-0.0563481469077275 -0.0211376608235863 0.231157272332637 0.157847297796519
-0.0400423598048991 0.00123058533067818 0.282079458909645 -0.194857587119343
-0.0100808005472351 0.000788738599067742 0.1225243820672 -0.350515471376143
-0.0174768414371396 -0.0192338407646346 -0.0205418965823342 -0.342984294215766
-0.029905749597457 -0.0303942200140447 -0.0504208207144647 -0.256010432788385
-0.0540710715996571 -0.0414487858345016 0.0163888889105651 -0.182705857021269
-0.0566766587802346 -0.0601813485127937 0.0886424855779781 -0.11400858617469
-0.0396833454459593 -0.074798368990568 0.199288880845752 0.016502975048629
0.00460033140124623 -0.0790012242667594 0.1897809492016 0.262004946984246
0.0404483059219422 -0.0470664041514397 -0.0372769718038668 0.473053833211991
0.0526441573953521 -0.00623388521730586 -0.468951973634672 0.346444041443933
-0.00262472906030195 0.00833889673704488 -0.620991763953843 -0.0525077215272361
-0.030792990505231 -0.029772847648999 -0.396347025036926 -0.377955497852914
-0.0371781399268821 -0.0624151332406008 -0.167914663465808 -0.294050795864507
-0.111964466641063 0.0141280488953652 -0.018001449689963 0.196306667942061
-0.0357896820777643 0.0125898479564591 0.222070859960077 0.0743310992127349
-0.024197259653553 -0.0190718560795843 0.171645488143915 -0.239816065947813
-0.042306398026861 -0.0264751012009531 0.00935350334592523 -0.320593204913878
-0.0683563958261684 0.00309065122956342 -0.0906316498322531 -0.281991751960919
-0.0690827185300888 0.0224521546329934 -0.0923332468689676 -0.209343498169267
-0.0859970843836342 0.0211042872384225 -0.0275849409874602 -0.166663129402922
-0.098099172350893 -0.00926050801429728 0.0495011697069611 -0.117588443324641
-0.09107678020862 -0.0486743966313923 0.173300911479146 0.00635258846786385
-0.0433133165105117 -0.0993733652360939 0.155817329033205 0.255926337088432
0.0357943212102636 -0.0986789737596782 -0.113368898573757 0.441679075390233
0.10965483417521 -0.0295463131244349 -0.545954652655984 0.233357960698338
0.0308264785441423 0.0501041534183383 -0.625994801945124 -0.204282043102684
-0.0573963813528207 0.00144573678391851 -0.324491331430736 -0.482127845107798
-0.0840660778792566 -0.0663835693362828 -0.115564867299528 -0.304492744924686
-0.127038160843991 0.0578780251499784 0.0308472515280447 0.169487778102134
-0.0101691465098423 0.0461372690869113 0.216709812609501 0.00440748302019329
0.00469630502676128 -0.0341797686961218 0.0953461264829788 -0.2678681325539
-0.0481861338640118 -0.0569272852124014 -0.0693933319357439 -0.291557871929641
-0.096501637226285 0.0064839396927476 -0.143744725149699 -0.22269356361394
-0.0907756247886499 0.0542252869554126 -0.130277122702453 -0.146721910447803
-0.102753912154702 0.0673643064674841 -0.0730380056955154 -0.131856470658046
-0.125079301967997 0.0392649851965306 0.00172935481585049 -0.100888030469717
-0.131159692941453 -0.00884979764286499 0.123580380639486 0.000120931517171025
-0.0950479391213196 -0.0981354892952747 0.110471217510322 0.225559704865294
0.010296799450047 -0.136542142972404 -0.156298797373624 0.374474449112515
0.13438330259335 -0.0602442747627082 -0.549554549922782 0.133158786163362
0.0561879142101259 0.0689796490308401 -0.577070441406566 -0.286298191055714
-0.0718361387250763 0.026066327858152 -0.250927651895237 -0.514092145854191
-0.119513608851888 -0.0598907658102633 -0.0582354556207699 -0.283233239209821
-0.128433910372782 0.0865999660254007 0.0792604288014984 0.143853986807803
0.011404278761531 0.0749259271279739 0.226701843899763 -0.0398389430113718
0.0407172564434378 -0.036488783714027 0.0709735875452216 -0.291177877216015
-0.0322043277638789 -0.0887428754117851 -0.107382462182479 -0.291508007955047
-0.108092604797538 -0.0120406232589513 -0.183844977032344 -0.198189648789873
-0.100957452448161 0.0620105155481901 -0.167979684903443 -0.113834642211194
-0.106884742616744 0.0951398758979864 -0.119114917870227 -0.0911819975786054
-0.133716424700298 0.0816360179254111 -0.0517593500939363 -0.0695130639629045
-0.151430790274883 0.0432883153541883 0.0582229159117237 0.00837840791535124
-0.142960349030092 -0.064669188821451 0.0612290856233846 0.195816905505181
-0.045797354847355 -0.148371765216276 -0.166288446704527 0.318812398825883
0.114006296601213 -0.108391670550121 -0.519437796892387 0.0976981939934149
0.079749453646511 0.0504341935279595 -0.540635817619494 -0.277916005725687
-0.0649917226811561 0.0487435551141805 -0.220802135138379 -0.489982671599365
-0.139180590659451 -0.0315511904530453 -0.00827819366594955 -0.249208066212528
-0.111888826052075 0.0992874334254233 0.123894890694935 0.134708694403699
0.0224979439455876 0.0948797764220124 0.260667492036315 -0.0503495364489702
0.073272332239149 -0.0267296843820612 0.111512227586925 -0.31339522989888
-0.00375419601262504 -0.110418547447383 -0.0928384117722962 -0.334516339100638
-0.105117201951926 -0.0396154483836698 -0.210564607116396 -0.225032744243264
-0.101060196782083 0.0538931675738947 -0.20910333963334 -0.10666733441006
-0.0974739569801027 0.105251270820028 -0.163877331423952 -0.0545021992655708
-0.121681221609658 0.112426380439262 -0.101212911490099 -0.0236205745782639
-0.14238039397011 0.0959883155033646 -0.0101621223278897 0.0392320856933043
-0.167553586908227 -0.00377129155258879 0.0116428868811146 0.191972832580079
-0.109510764579337 -0.121081283972484 -0.164531295026778 0.299506811367824
0.0545064830116756 -0.146059150981032 -0.48200488855045 0.12904948897429
0.0927402164177323 0.00664843297682483 -0.529746946592471 -0.197253328611511
-0.0355079374941141 0.0670921151394314 -0.227355029021901 -0.434861180728172
-0.136438756436025 0.0158034841478392 0.0353074894218294 -0.220240271117193
-0.0830832116937779 0.0924211683515346 0.155985652601989 0.149566554306379
0.0237854761596726 0.0988382104221767 0.312567108554325 -0.000439369600508024
0.090431862696031 -0.00697594450643726 0.227244585725643 -0.305224490645345
0.0247706684295885 -0.109168676112528 -0.00363501088026769 -0.402659914865498
-0.0882955293204003 -0.0587033143876007 -0.203000484757604 -0.304923846811577
-0.0894114922854776 0.0404548932003475 -0.242799714919369 -0.139053404703699
-0.075942164828986 0.100964574790981 -0.200089564880856 -0.0311290985850987
-0.0919771934438774 0.123204995540244 -0.135681636367696 0.0281395358533474
-0.106280359521092 0.12761272856115 -0.0606813167688864 0.0900739930301313
-0.149024645884679 0.0571635645409252 -0.0265285860789182 0.219977594409527
-0.14038616817997 -0.0609566628209279 -0.150350446087947 0.31912258121225
-0.0111149655613339 -0.142319093417362 -0.430413895597526 0.206392231306723
0.0860015442777772 -0.0340379082385397 -0.509755037771769 -0.0771148803882138
0.00495560855528251 0.0728751262549 -0.245534096801184 -0.362069256092848
-0.104090847278629 0.0632142177671393 0.0716323493844333 -0.207109035616103
-0.039975757398965 0.0794199503320395 0.168960579394848 0.191079272573173
0.0274949875013835 0.0811307242445607 0.361198050079653 0.110644260278154
0.0826082738200709 0.0050949155200394 0.393449202413157 -0.234994753421441
0.0309278211460047 -0.0828572509785551 0.156235984476118 -0.454374257649932
-0.0674278769670727 -0.048942121256438 -0.149117320991725 -0.408066267767296
-0.0645779882891583 0.0381559040267818 -0.260773589267745 -0.195481977287151
-0.0418436903960153 0.0886071036999635 -0.226190552534835 -0.0188807103163291
-0.0469810081389147 0.113250519839778 -0.15137437005076 0.0766946815204373
-0.0522187765070482 0.125218055131718 -0.0815582429708964 0.145055486352155
-0.0947879850363036 0.0855031111070915 -0.0349908912963905 0.258723480307337
-0.117691676074608 -0.00498554614039183 -0.111856116929777 0.352284035324418
-0.0398616254372033 -0.101607512061875 -0.350944574783824 0.286514413140825
0.0701308053385873 -0.0502217868596722 -0.457331522413268 0.0482867496886299
0.0403655657892507 0.0642651491096187 -0.253670126288127 -0.279770137233207
-0.0480271221028817 0.0912896160213454 0.0908187960265621 -0.207610081449497
-0.0262681335482381 -0.0642305450229604 -0.0861394559376407 0.221295774912688
-0.0581716414281095 -0.0524486707220716 0.237897533381037 0.238355560631255
-0.0437295933386165 0.0222746390941898 0.391584709630778 -0.125005726102092
0.0329294097528156 0.0332885592487684 0.239806007960689 -0.349996956742549
0.0505545679047797 -0.0365642129113668 0.0479708651399983 -0.372996149774752
0.0268481740357734 -0.080336682991001 -0.0198692132317563 -0.270796663533913
-0.00761251029578979 -0.10096462635527 0.0432693332311971 -0.168919174517616
-0.00907579609045725 -0.102907658931034 0.106513592147131 -0.0919994797989059
0.00897700226872505 -0.09201883341728 0.202798708229691 0.021493232815954
0.0442214531233138 -0.0547669761843205 0.218455213887401 0.230055773357359
0.0404351589754918 0.00662173151405584 0.0731190864254637 0.443670171201351
-0.00810548349983738 0.0245571811994537 -0.302774753437896 0.433636108931206
-0.0456558300063658 -0.0294354865704253 -0.528573636619008 0.137900747111568
-0.0106423881539538 -0.0666392225023328 -0.437492373534169 -0.207176649081811
0.0153583109595464 -0.0597328446461654 -0.214066577236842 -0.251379624814229
-0.0777669909691288 -0.0308187035943367 -0.0555478668867621 0.214725715846516
-0.0569718799457471 -0.0196543020500138 0.235343926731194 0.152836017581881
-0.0398820534597074 0.00286368353281779 0.276432364150746 -0.201131837009416
-0.0103768782712027 0.00123415082744073 0.113855017641167 -0.353083174545669
-0.0179454207954574 -0.01788429874133 -0.0307639442265416 -0.342677356555487
-0.0308023312026238 -0.0293011346427775 -0.0575658463287094 -0.254937115863673
-0.0550591437208833 -0.039995211040146 0.0122315658453026 -0.18232079969809
-0.0584164751577727 -0.0587843920645731 0.0851436803411721 -0.114896447360615
-0.0416593630241111 -0.0749149526214553 0.198380077315622 0.012623345046769
0.00339342098074519 -0.078827857705969 0.195812187735106 0.258146711152772
0.0398344347051948 -0.0478064956774375 -0.0261453160867274 0.473492945481637
0.0526426534029679 -0.00726107054730774 -0.461067845417881 0.357736160489768
-0.00225349564055348 0.00910434928277655 -0.622143719664467 -0.0396055138755608
-0.0316517402468719 -0.028351380279877 -0.404035663039603 -0.370253210665689
-0.0386613177751018 -0.061583341100284 -0.174024892014855 -0.291193289889668
-0.111340461824431 0.0164874213497221 -0.0133446630245128 0.196040635296989
-0.0355109558692817 0.0138317767607294 0.223324244865689 0.0692800451873002
-0.0247214228230345 -0.0183754879485835 0.165741368046728 -0.243543073157536
-0.0419136791192363 -0.0257844231194977 0.000981271682355856 -0.320759260926788
-0.0677767600694318 0.0055406199082585 -0.0984433270159759 -0.280195240846554
-0.0679498178015 0.0240967584472305 -0.0985163660941237 -0.207975742326695
-0.0859452165008993 0.0225243537926904 -0.0320182670551881 -0.165793453713001
-0.0984033105383207 -0.00722816544306902 0.0468585412538422 -0.118483924385728
-0.0883390873693771 -0.0451760933998936 0.172848597149372 0.0025488599008112
-0.0447796724405601 -0.0980464964404215 0.160589426369995 0.252294636129479
0.0341338863782618 -0.10006555900622 -0.103592249633647 0.443983798022876
0.10883296436087 -0.0317308436415866 -0.541184657057239 0.246746657958924
0.031959815276333 0.0506615513476334 -0.629140836895581 -0.19171545585601
-0.0566160054285802 0.0029166076375697 -0.336275511709787 -0.476699538267518
-0.0856282824873869 -0.0640391318211619 -0.121903423027183 -0.30277565350347
-0.126212407627069 0.0603622140514284 0.0345212228555444 0.168526115374753
-0.00875331992373287 0.0468502375554933 0.217348532641906 -0.000438874329261886
0.00403206007910943 -0.0333765003049849 0.0891925534358108 -0.270190360335508
-0.0494251440084822 -0.056292055632348 -0.0776007919740142 -0.289886938492344
-0.0961746425665399 0.00928922551333486 -0.150716531034946 -0.220419277640877
-0.0888210221812648 0.0558734838050831 -0.134476632327253 -0.150581189719735
-0.102236440823029 0.0691983394224687 -0.0765237517072866 -0.129742878893927
-0.123605706234098 0.0416240269390498 -0.00116363558733811 -0.101855240312667
-0.13092870934352 -0.00660119214683874 0.123208634234281 -0.00234312353600765
-0.096502454018042 -0.0957418976662289 0.115680557412669 0.222502335040372
0.00760616721006989 -0.136303566124442 -0.147122848485153 0.377941371254422
0.132604093277253 -0.0624051645834942 -0.546014811878807 0.145464332769553
0.0572604386932285 0.0684886958749715 -0.582954841457212 -0.273263840193632
-0.0717929988128538 0.0281811748876117 -0.261708119957075 -0.509896859679399
-0.120797834081804 -0.0572945229819386 -0.0649432789496242 -0.283065282778167
-0.126056661915589 0.0892731379485797 0.0828466948144358 0.141656692676575
0.0132036574151576 0.0748706564857831 0.226697070136133 -0.044894110603927
0.0399188656315696 -0.0366843487077023 0.0640378449611621 -0.29253799984306
-0.0339815566479271 -0.0879623129144942 -0.114293984626947 -0.288795304067627
-0.107945445030432 -0.0096375474040268 -0.189400850839912 -0.19433248148972
-0.0991007139641195 0.0638774940440033 -0.171156825713878 -0.110796985546115
-0.104112840051479 0.0969132981214215 -0.121100225763838 -0.0882005084937442
-0.130964007129558 0.0842918760343005 -0.0536980002284631 -0.067898098965338
-0.149589314604027 0.0459988726021836 0.0580231575842922 0.00659494164211698
-0.143528050381865 -0.0611571526760884 0.0658152572024766 0.19446300739005
-0.0487337406771471 -0.146501320471307 -0.158967833738833 0.322041537869304
0.111304695008924 -0.109991327873054 -0.516452182740172 0.10985072455118
0.0801526657553046 0.0492390841464345 -0.545839721815942 -0.26505980014823
-0.0640528856936239 0.0505916747330016 -0.232279297274992 -0.485861049788752
-0.139661116182993 -0.0289535734007038 -0.0143622764929328 -0.249919493890663
-0.109222479185263 0.101402333113042 0.127240408564392 0.131845143515533
0.0250179452049988 0.0945033048976725 0.260243210586782 -0.0553978936692363
0.0729374662416006 -0.0277011755513411 0.103473372971603 -0.315848411393452
-0.00639930914069788 -0.110454649294355 -0.101240725040503 -0.332329169307702
-0.105715914071855 -0.0373021305233045 -0.216420536712892 -0.22110830445869
-0.0993538751826075 0.0555887295133536 -0.212190393708646 -0.102454898326619
-0.0947530775943364 0.107146415527369 -0.164149642645456 -0.0509204977018603
-0.118845475272161 0.115442237066928 -0.101318897600824 -0.0209900304362612
-0.139724353472955 0.0990685300162964 -0.00864693606570702 0.0395918787760665
-0.166356940061562 0.000208343211893205 0.0166247795716474 0.19087468172605
-0.11240904517667 -0.116979929307859 -0.156576322227393 0.303433415722038
0.0507113666366171 -0.146652291769719 -0.478450616596625 0.140563822804856
0.0919054343416945 0.00498948156279719 -0.53104245668805 -0.18578481624069
-0.0340477613399117 0.0679132235145393 -0.237207005945109 -0.430103784070367
-0.135378211615829 0.0184846137373319 0.0299922080319163 -0.22173232173483
-0.0810584291019582 0.0942188483847989 0.159828280151367 0.146277481143423
0.0260026003798403 0.0983643418736427 0.313368697476285 -0.00754193018152534
0.0899155463673983 -0.00873753901207627 0.219970759047563 -0.309195465350413
0.0227037383129258 -0.109518600963661 -0.0125752231173058 -0.402548022386083
-0.089069236605377 -0.0561487677948131 -0.209623094925524 -0.300736973428845
-0.0879397125398752 0.0428702312605568 -0.246272098280358 -0.134037083808118
-0.0736541523792048 0.101871961474847 -0.2002543711306 -0.0266921599820929
-0.0879918038879226 0.125432411910134 -0.134422151416632 0.0310637912228584
-0.102388433673635 0.129653207641316 -0.05805916846905 0.0923245573166106
-0.146719490293636 0.0603904538406433 -0.0206926957054757 0.219790309998524
-0.141647429518098 -0.0569712839789004 -0.142589069601064 0.322328827988076
-0.0145633154636739 -0.141268079304379 -0.425368275725549 0.215820969602994
0.0848406074681007 -0.0360876159771072 -0.509783382010597 -0.0647599999454162
0.00653725965701329 0.0728375582398878 -0.253680669780401 -0.356569010503135
-0.102159882128992 0.0650650277207403 0.0663062175537752 -0.20918106345616
-0.0379517131084278 0.0802386809807684 0.173085781594285 0.188011516396744
0.0301062995260985 0.0803704116469371 0.363467616374723 0.103266960029905
0.0825305943131863 0.00331214602729363 0.388417602837968 -0.243641446745842
0.0286906635373321 -0.083387920308299 0.145290670827487 -0.457139269828059
-0.0681312753958241 -0.0471056478633263 -0.158296222265878 -0.405660974605635
-0.0631779177493642 0.0398206502153403 -0.264694910225206 -0.190695933654497
-0.0392880351848029 0.0896205610152701 -0.225977102033859 -0.0138394118008205
-0.0437602579219135 0.113960067263592 -0.149007828375501 0.0795885829637162
-0.049369904665615 0.125910915773266 -0.0767997740490992 0.146953125705453
-0.0920298476071542 0.0876207637421336 -0.0274755697668152 0.25903051840907
-0.117457591168437 -0.00152813139026237 -0.102612004962872 0.354701363558224
-0.0419631495633114 -0.10029329203053 -0.342399742407272 0.294665709520051
0.0682884227580028 -0.0514246480083534 -0.453622321402535 0.0593666588681216
0.0419931413712296 0.0634050435099363 -0.259868020934369 -0.274227686275164
-0.0452265680605621 0.0919807624882789 0.0856756156751961 -0.20966488708112
-0.0277100232340639 -0.0634228776536749 -0.0819956168715251 0.222915906762178
-0.0591670212830927 -0.0508823010108327 0.243337658528611 0.232867730264451
-0.0435361940191227 0.0237982788023533 0.387402774100015 -0.132873193298904
0.0339252051127234 0.0323741210461846 0.231348211185043 -0.354862181346309
0.0498048309554089 -0.0375605073888634 0.0379110169967636 -0.37408622937811
0.0255727013513207 -0.0809371684424966 -0.0269484747644662 -0.270228302974647
-0.010268639526559 -0.100788875226104 0.0383359113889972 -0.170177180441485
-0.0117548507666187 -0.102517224397079 0.103837352040206 -0.094109292110888
0.00699167107232668 -0.0922419710513611 0.203019051662055 0.0175834783331042
0.0432406497202927 -0.0556247871577034 0.222268962358411 0.225466420944106
0.0407620016770836 0.00568764821681126 0.0821454486825624 0.442339838215157
-0.00747799020197908 0.0248292657337124 -0.293431912349525 0.440292213406978
-0.0465176980450071 -0.0281286273226985 -0.5248114722712 0.147773882752887
-0.0116042735540988 -0.0661209744329372 -0.440584913682419 -0.198855677957014
0.0140460465107569 -0.060079117964767 -0.219125666320877 -0.247103244169962
-0.0786646437230392 -0.0294577154403992 -0.0515791396416312 0.215598284691568
-0.0572150022782396 -0.0185701169822994 0.237995317805868 0.147270629338406
-0.0396416954198595 0.00403838535675261 0.271789023766406 -0.206863613593371
-0.0103637197484865 0.0010983367312497 0.105301018580758 -0.354442982714566
-0.0174612763147718 -0.0175764030827969 -0.0390367929292466 -0.341446839518917
-0.0307291585807138 -0.0286440651702635 -0.0637274263235146 -0.252693268077068
-0.0559676168950429 -0.0390637828548648 0.00756234338525582 -0.182179640599271
-0.0597410287018534 -0.0575902865822014 0.0820497052019507 -0.116806397875118
-0.0434445703407431 -0.0743892306094792 0.198155049264433 0.00928478468097326
0.00240968280948069 -0.0792482306963369 0.201384190266171 0.253514726686949
0.0393293754355366 -0.0481062720685156 -0.0172236923241411 0.473171386201586
0.0530306303161886 -0.00803536592856932 -0.452797726477075 0.367660311207638
-0.00234050199779877 0.0100970229747756 -0.621796582150756 -0.0284973347329698
-0.0322080077872013 -0.0274942505444869 -0.412355645910612 -0.363350443038825
-0.039775133143819 -0.0608882339711352 -0.18059930116465 -0.288184402508217
-0.111088967338756 0.0184841676786565 -0.0086716178913891 0.196125646177242
-0.0355838832556012 0.0148063169788289 0.225846681824676 0.0645495376330504
-0.0252402131287585 -0.0169939167380186 0.159890719312459 -0.24695484592009
-0.0431240385443291 -0.0251908112023243 -0.00622367264601556 -0.320114429166147
-0.0677828145512464 0.0068027496461246 -0.105325766477098 -0.278425839278863
-0.0674078763269873 0.0245256027675383 -0.103701839521378 -0.204954673961124
-0.0854622163016544 0.0238290831938348 -0.0363942673620356 -0.165026371148726
-0.0986141922233922 -0.00517467693264081 0.0442291963374128 -0.119002831141228
-0.0924743575285619 -0.0453699646546387 0.172395222379567 -0.0004099345559515
-0.0466025726597594 -0.097319473707998 0.165678968205287 0.248674612763259
0.0328695739944554 -0.0997396912797375 -0.094920462772895 0.444698471312624
0.107971771863107 -0.0327428465843169 -0.535377387735509 0.255676851246072
0.0326568845691412 0.0505170653256539 -0.63231381995088 -0.179389732117823
-0.0572588780428878 0.00490040540989345 -0.345489872345686 -0.47217645989301
-0.0866991545099545 -0.062679281894724 -0.128734248809589 -0.301232514232694
-0.124598196233667 0.0629933128051782 0.038486408821774 0.16736579195301
-0.0074354060302306 0.0477943599941442 0.217012305972833 -0.00393397610575876
0.00353197032796426 -0.0330327557076797 0.0823110135378285 -0.270928281916326
-0.0503266008297402 -0.0550526980222445 -0.0836161457651246 -0.288011312850708
-0.0956507827764801 0.0114883875069096 -0.155661525168049 -0.217302780921757
-0.0873352853413665 0.0572750073327516 -0.137840309153224 -0.148003180694785
-0.100416293664213 0.0710101618785592 -0.0794019198189291 -0.127947879594558
-0.122360173510992 0.0440409475052707 -0.00311581245465185 -0.101225028189844
-0.130751394046556 -0.00448245298069759 0.123011882216552 -0.00441802492811696
-0.097659366598661 -0.0938833065389484 0.119670470374715 0.219767502674404
0.00469582035644709 -0.135439772399034 -0.138733114543432 0.379672804061684
0.131144027609168 -0.0640700151976671 -0.542822962712607 0.155796262547478
0.0577624783117576 0.067865277367888 -0.588057343071061 -0.262970333672472
-0.0715343802843393 0.0300851268348656 -0.270966954569876 -0.503657266922473
-0.121451653423073 -0.0549221244921469 -0.0702324850121377 -0.283258027233951
-0.124072582844735 0.0917983070374348 0.0856835859688584 0.139857283591893
0.0150914995940439 0.0748939375383488 0.225735703610044 -0.0490844684759607
0.039291736645279 -0.0372747744499679 0.0571380125228443 -0.293950158841055
-0.0359809178823189 -0.087307354508046 -0.120766430432725 -0.286754868974678
-0.107523501685648 -0.00693588414784022 -0.19442134185859 -0.191043556176239
-0.0970142164425524 0.0656161131572166 -0.173795043980079 -0.10774573818775
-0.102148291931532 0.0989882786075923 -0.122817054148712 -0.0858773536407156
-0.128858386824067 0.0871337241882427 -0.0547739063668818 -0.0666798974025765
-0.147512622550465 0.0489261320142717 0.057937393197474 0.0061749661276045
-0.143831479803786 -0.0583858273591428 0.0699075320792589 0.192318558852332
-0.0518709602598056 -0.144445257830051 -0.152291485948196 0.325124288803447
0.108736180144307 -0.110964334247989 -0.514576850530401 0.119820708127416
0.0804813289333191 0.0482415707009963 -0.549960483503036 -0.256466045158478
-0.0632225807353404 0.0519146882966406 -0.24174967479365 -0.482014528484557
-0.139584479798228 -0.0262811920877057 -0.0193251468034338 -0.250712397022106
-0.107053367772692 0.103199452223275 0.122089191970132 0.125914078239879
0.0271937183138616 0.0946743793222624 0.259790984647621 -0.0609482597398389
0.0722260910905058 -0.0286803734061164 0.0968420814790134 -0.31825204151595
-0.00863525435248019 -0.110377712517865 -0.108404940931648 -0.330548223076566
-0.105646867858345 -0.0349256244747409 -0.221091550321581 -0.217438356812126
-0.0976307953664254 0.0577168296104855 -0.214355426732852 -0.098668874169325
-0.0925214025350453 0.108635207285116 -0.164455406768099 -0.0482733695834667
-0.115641506628411 0.117644239314239 -0.101179776040981 -0.0190133733336987
-0.136971799742136 0.101194966599583 -0.00738456926243162 0.0401847952632202
-0.165132917086487 0.00404769383276799 0.0215552578858492 0.190373621315494
-0.114380183056393 -0.113806856996398 -0.150123155910385 0.306159131697219
0.0470259382010543 -0.146497877238207 -0.474825067059457 0.151597448148139
0.091006101404156 0.00355743789516598 -0.533099810129298 -0.174230609072595
-0.0329503126686092 0.0694916956522 -0.245253625801101 -0.426277529628584
-0.134321863610537 0.0208700318293129 0.0254588893813155 -0.223248482883142
-0.0784289795918402 0.0956257506360983 0.163217078356091 0.143534428885627
0.0285943719971622 0.0980101385613784 0.31382062407158 -0.0128889734873585
0.0897340849144307 -0.00965643308095235 0.213105036660809 -0.315221025019815
0.0200803239706996 -0.110102333246844 -0.0216139602893296 -0.402504085022572
-0.090270246770752 -0.0535460078223924 -0.216112056537811 -0.297298810032781
-0.0865739967852541 0.0444771116827679 -0.249298234188534 -0.129258179283647
-0.0709694675430378 0.103274324114014 -0.200589808567124 -0.0227516386120364
-0.0851021799493327 0.127279504363655 -0.133124103309159 0.034011282329303
-0.0989058014358669 0.131338238220311 -0.0554959798953726 0.0941704330999513
-0.14464041813201 0.0637266428020779 -0.0146100845025177 0.220048890799782
-0.142288465164096 -0.0525819684202639 -0.134568460027163 0.324950250329611
-0.0172767447305436 -0.140701176418001 -0.419305035676717 0.226028322567114
0.0833583550933135 -0.0370107636840068 -0.509715557577071 -0.0542911938355357
0.00825093914895755 0.0733666316973891 -0.260152690209398 -0.352501827763295
-0.100074998526555 0.0664690820676589 0.0621320772449699 -0.210724738199402
-0.0363925732688685 0.0803836681693482 0.177540902658863 0.184719236495417
0.032148122219963 0.0794164846229145 0.365627291344481 0.0962955409744329
0.0822180999467507 0.00160723531396134 0.38365767850283 -0.252304899034249
0.0272664600207602 -0.0840300608121842 0.135374451027242 -0.459916411984319
-0.0691175898329641 -0.044907306291483 -0.166459915334974 -0.403554263386275
-0.0622062404941459 0.0418233010752537 -0.268792194202438 -0.185937927146437
-0.0374771602784457 0.089807252749204 -0.226085557733486 -0.00953777604232274
-0.0404888576329586 0.114482305185333 -0.146270221801992 0.0826571027629779
-0.0456262055725827 0.126785437456405 -0.073281107199604 0.148888211037092
-0.0895614968263127 0.0892948005431799 -0.0205220186929325 0.259329974463229
-0.117121056190778 0.001151087757486 -0.094094671054945 0.356152105571528
-0.0442031393913063 -0.0990558399152957 -0.336055937305211 0.302403279640768
0.0668708073672788 -0.052823275700449 -0.451365107042529 0.0685908450301982
0.0435333977800339 0.0625828172594284 -0.266027564404964 -0.269467552336057
-0.0427991798885478 0.0920196273706265 0.0812083914026449 -0.2118560790549
-0.0287905834496266 -0.0625842376584815 -0.077938984973154 0.224045188986488
-0.0602322265656768 -0.0494731020316823 0.247311563803863 0.228581841438491
-0.0430289459798064 0.024920235990219 0.385027638378532 -0.140575643083564
0.0345761024231117 0.0313621772969334 0.223972088344579 -0.35930494837075
0.0495078390444762 -0.0379796449540951 0.0294922107874873 -0.374594273560435
0.0237573342298922 -0.081149773654659 -0.0328032751090324 -0.269303652039142
-0.0122282544201603 -0.100044874031866 0.0345852742578209 -0.17077967992008
-0.0141957956301585 -0.102464351309475 0.101967921654329 -0.095684254379402
0.004342508279906 -0.0927547827783067 0.203331724324292 0.0148877212936393
0.0418992322970986 -0.0571275718891392 0.227213846889932 0.222504741666564
0.0408341444385999 0.00517092876426392 0.0900524750658057 0.440652998901364
-0.00666160976767001 0.0246643025189595 -0.285787740096664 0.44612683166049
-0.047320346585571 -0.0268530489507393 -0.521318241672782 0.157313028826816
-0.0125053599464673 -0.0654074271468174 -0.444803497940989 -0.191928317801524
0.0130329954328592 -0.0597139623053232 -0.224718993194828 -0.243904121950034
-0.0792868066883737 -0.027537712535856 -0.0471474046539785 0.217091773917353
-0.0573145812992951 -0.0171687629892025 0.240964277285463 0.142699361013587
-0.0400188883410894 0.00506946242299475 0.26735771886008 -0.211993438248904
-0.0100471634523997 0.00130111827298467 0.0976723384511181 -0.357068178230993
-0.0177588684350615 -0.0171576507787048 -0.0473300134030143 -0.340972603709937
-0.0311032371623804 -0.0285332580575229 -0.0703182069668883 -0.251484160560772
-0.0571263348075475 -0.038158755593445 0.00355582695521451 -0.182727390475212
-0.0610724590727324 -0.0562657715132348 0.07968482881118 -0.117646333739725
-0.0451260055511567 -0.0738668367658196 0.198223270772015 0.00607668769186855
0.000717513558501852 -0.0796518413062572 0.205656449286598 0.249027332613676
0.0384473357787563 -0.0490717319732717 -0.00860588975116868 0.474256628433876
0.0531965818056553 -0.00866821476635135 -0.447058364109933 0.374837048189971
-0.00199551535946898 0.0106632542103561 -0.623187357426737 -0.0174924527854722
-0.0327053324754572 -0.0261617982930005 -0.418577035406879 -0.356515947551324
-0.0405011017420392 -0.0600031881245086 -0.185978559358006 -0.285540925223588
-0.111297755424191 0.0206309249869347 -0.00496440000347017 0.196405518449491
-0.0348333986177293 0.0158327257513297 0.227202417223679 0.0606328466258735
-0.024955730881002 -0.0160201763787871 0.153866889512993 -0.249869536274488
-0.0427983786222909 -0.0244331731254971 -0.0132080671779318 -0.319730074715
-0.0671872476278688 0.00834057200659174 -0.113054889923914 -0.276189490721015
-0.0661881756444283 0.0260351904091046 -0.107954691110876 -0.202435172020621
-0.0849789161671488 0.0253494616665779 -0.0399963097633294 -0.164477281291526
-0.098966038083746 -0.00363213376502785 0.0414950600288164 -0.120106439494493
-0.0939177151773178 -0.0442007941923544 0.171928371205828 -0.00312856876775839
-0.0474627305435626 -0.0964428062792656 0.169931270822816 0.244518808281302
0.0314714630872611 -0.100194649529498 -0.0860578286792465 0.446630879512841
0.107242851522828 -0.0343721429482726 -0.531121941015103 0.265600216654998
0.0329718601449588 0.0510646292201722 -0.636557507627892 -0.168179742183928
-0.0571831759170851 0.00630736686059328 -0.353592505831383 -0.465211535345107
-0.0876847330308772 -0.0611430332190193 -0.134220543131313 -0.299711583302777
-0.123580327442737 0.0654483821987892 0.0413082012190737 0.166547078086522
-0.00664113854049188 0.048301983839624 0.217968311853461 -0.00850039925640696
0.00311349748459595 -0.0323878705816637 0.077387444319787 -0.273157229624761
-0.0512080409259115 -0.0542205869112208 -0.0904085830522286 -0.286520082224695
-0.0945480520493742 0.0130746419647949 -0.160751365107258 -0.214840954757929
-0.0858357223185584 0.0590034051047341 -0.141415635616808 -0.145798427515564
-0.0990754065194293 0.0727427335653908 -0.0814579276891612 -0.126628628910699
-0.121702853163295 0.0458849310428464 -0.00539652566152434 -0.101157658348484
-0.129607506063263 -0.00239316376650426 0.122432422619025 -0.00674097279532167
-0.098192216572935 -0.0918168792945489 0.1238027623583 0.217373023299192
0.00309895157928831 -0.134833156570467 -0.132259374265348 0.382337168392033
0.130150881108928 -0.0658610454623148 -0.539867212194035 0.166328750865164
0.0581606224573132 0.067615822517321 -0.590573232083458 -0.253801634931287
-0.0711735360072054 0.0314368365557348 -0.281124629511788 -0.500947873941189
-0.12244340429497 -0.0528207387258883 -0.0756635903170627 -0.282868942078826
-0.122419199485259 0.0943683996005795 0.0884809083797704 0.137850643793909
0.0166754103899081 0.0750754975691257 0.225675277344533 -0.0532727085404702
0.0388184361551598 -0.0371674794592976 0.0519935277741477 -0.294943858069466
-0.0371784223668303 -0.0872389776843407 -0.127225571495517 -0.284599081207076
-0.107617711823357 -0.0047786506077292 -0.199264310615902 -0.187864538416884
-0.095682688222761 0.0677907293668855 -0.176941641420398 -0.104517716140711
-0.100285995802697 0.0999121208098158 -0.124219043780993 -0.0834649017104501
-0.126540917318253 0.0891770995706613 -0.0560117582571732 -0.0652828736498978
-0.146092521429738 0.0510163897883599 0.0586488435705127 0.00566035476161333
-0.143457959800305 -0.0555203306300529 0.0736047142127445 0.190613527288668
-0.0538340231310924 -0.142370710341184 -0.145499735001215 0.327431641195015
0.106594762605677 -0.111949745968612 -0.511290494665926 0.129257960977404
0.0804418355019463 0.0472881221790481 -0.553334859913373 -0.24493339274642
-0.0626560212949295 0.053590831963046 -0.250737671346526 -0.477844783106459
-0.13999586217174 -0.023802832839986 -0.0246045311234636 -0.251778432241879
-0.10477383413654 0.105770139553077 0.132905614236448 0.126539155923927
0.0295775358616553 0.0945663155207411 0.259630219850789 -0.0655943653951377
0.0715360604107253 -0.0295449294243307 0.0907700072083267 -0.319929734790693
-0.0102237504445165 -0.110183685416296 -0.115611206749846 -0.328637492876124
-0.106347563992896 -0.0328051959184464 -0.225947137954529 -0.21451873445363
-0.0959019420340989 0.0594325054901917 -0.216792154812355 -0.0956145152214865
-0.0900082530096712 0.109687769752785 -0.164972924060295 -0.0452623531842262
-0.112692626820149 0.119757524754092 -0.1013870324673 -0.0169056002891652
-0.133461302857339 0.103527327840823 -0.00617379205467948 0.0410592965773532
-0.164480424302472 0.00748286233920883 0.025465746072088 0.189476894850928
-0.116081611609165 -0.11048332641851 -0.143647607164906 0.309097180630914
0.0439775050420612 -0.146456510112135 -0.471549636427797 0.160806290134744
0.0902354719122892 0.00235947564425629 -0.535627123804915 -0.163920383480571
-0.0313439833447435 0.0702940698985301 -0.254322990942719 -0.422494138503027
-0.133723284418701 0.0229600971740717 0.0208883185388385 -0.224378582424984
-0.0767794296194803 0.0964538671951846 0.165844870747071 0.140318493262107
0.0304959452830284 0.0977933666429194 0.313668211697937 -0.0190732575106119
0.0893720561132592 -0.011084805174945 0.208013427803612 -0.319051028763204
0.0178496690165621 -0.110510949820327 -0.0290495585675852 -0.40226256803048
-0.0911167439725409 -0.0516061758471119 -0.221503208551659 -0.294246221833209
-0.0852988378393406 0.0464270875411705 -0.251245207276959 -0.12542526889014
-0.0687327149067773 0.103876814377782 -0.199727224336669 -0.019980911710328
-0.0826924805795825 0.128293703221089 -0.13266070793658 0.036178046975959
-0.0956631510281704 0.132930437263125 -0.0523618887179421 0.0955941978629597
-0.142794868595071 0.0665100861501428 -0.0095363939296186 0.219588643741306
-0.143083773257944 -0.0493655104168117 -0.127457598468515 0.32772675243313
-0.020415483643051 -0.139704589775732 -0.415258766089152 0.234095721830106
0.0820922503068427 -0.0389955210059437 -0.509875826492229 -0.0443148483204368
0.00945123508724566 0.0734555348629084 -0.267387052602217 -0.348408709692803
-0.0986416990124167 0.0679958898958174 0.0577552086307478 -0.212995420516818
-0.0343741194634043 0.0809299179566633 0.18134675161783 0.181907453453362
0.0338888052432872 0.0793877308655539 0.368083265213864 0.0894310797309812
0.0823047175487416 2.82328072890477E-05 0.379241019039054 -0.258872045001598
0.0248538270420769 -0.0847013142038537 0.12738018852181 -0.463970970082487
-0.0698720660936625 -0.0429328028591793 -0.174808214329335 -0.400599568897706
-0.0607708201526605 0.042715284186144 -0.27259999350385 -0.181722665836671
-0.0356018137635307 0.0900200094748658 -0.225295912420584 -0.00630819972693235
-0.0383153894162059 0.115078292916394 -0.144867560696069 0.0853580964549588
-0.0434196438071448 0.127078117797516 -0.0692650363595595 0.150339970717682
-0.0874761834833113 0.0911826366643229 -0.0149130360260699 0.259768145582354
-0.116893341326247 0.00392195945495403 -0.0860603587395768 0.357606343301555
-0.0461310649205906 -0.0982176123816418 -0.329293256929204 0.309259098021536
0.0652831379697375 -0.0537468022627279 -0.448624867546634 0.0762225210954095
0.0443250845999875 0.0620094118805086 -0.27064563446146 -0.264770499355466
-0.0408453563276535 0.0928555653650053 0.0768103822572676 -0.213904499813522
-0.0298425627896112 -0.0620713577901746 -0.0738827303138053 0.225312424095141
-0.0609216715284121 -0.048575022739173 0.251481068947541 0.225092313328962
-0.0422859462890283 0.0256185876069197 0.382235568704962 -0.147021321813697
0.0351820380690948 0.0309283090626176 0.216424229793006 -0.363617516330664
0.0487935772376635 -0.0389978517512358 0.0223661112107327 -0.374948806266981
0.0221712628831366 -0.0814879021368504 -0.0391838060657407 -0.268286970070684
-0.0147860824887866 -0.100113989451967 0.0300583724146675 -0.170616039225487
-0.0166181879401963 -0.101872751096686 0.0994799751243474 -0.0971517350955259
0.00236208888454491 -0.0933757183384786 0.203301012623684 0.0117797053007819
0.040713137669144 -0.0581507116680114 0.231210514744371 0.218457274302576
0.0411656315450397 0.00420656554211721 0.0974676190458566 0.440513687581158
-0.00571313898488453 0.0248730952858009 -0.278702163098632 0.451675083744859
-0.0474717177791926 -0.0263626485502648 -0.521139424818022 0.166748534927906
-0.0134664257296918 -0.0651589188419581 -0.449597504752394 -0.184855760772718
0.0122946683913193 -0.0600822171971707 -0.229043321846746 -0.240705194003304
-0.0798735714834831 -0.0256085990177564 -0.0435076969054355 0.216613347724713
-0.0579889408492281 -0.0160899389445885 0.244211823403131 0.139356527587673
-0.03938116872132 0.00632765332374377 0.263707757288467 -0.216914499322784
-0.00937045847169585 0.0017519308674516 0.0911795301227786 -0.359032086568896
-0.0177721870072365 -0.0168694551488704 -0.0549298148855822 -0.34033257159169
-0.0313243486728574 -0.0275321830669098 -0.075980495265734 -0.250296191731789
-0.0579802396309524 -0.0374498858294376 -0.00139512852616852 -0.182593450949301
-0.0620446467858068 -0.0553549931986416 0.0769525385461122 -0.119339277402783
-0.0467082581819976 -0.0739611902204747 0.197883435367772 0.00344419273923041
-0.000327266646531731 -0.0804630312434488 0.209962392234772 0.24645405264353
0.0382066806843563 -0.0496683007365544 -0.00105684234430753 0.474073718920726
0.0535519843883427 -0.00901665267516356 -0.442540865264492 0.382380574713767
-0.00208386053973636 0.0108816623127224 -0.624977331290257 -0.00609333010091793
-0.0332269980293751 -0.0250319920381801 -0.425055262806555 -0.351456607634922
-0.0419962643918563 -0.0595272497126749 -0.191560983178822 -0.284173364667502
-0.11094441770897 0.0226165656061244 -0.00181031296963145 0.19625086145322
-0.0343900516368523 0.0167314350151585 0.228401412700206 0.0568969347996266
-0.0258212494144261 -0.0155802199792169 0.150242759859705 -0.252729761981692
-0.0434117462727729 -0.0237202132057957 -0.0202063463409621 -0.319466946492751
-0.0660324659234799 0.00925100631604766 -0.118960466072985 -0.274339860733886
-0.0652542176813982 0.0274140662921055 -0.113383626362209 -0.201062482375559
-0.0850567670840149 0.0261108827111637 -0.0436567859482449 -0.163584631520373
-0.0990944533029207 -0.00158575286223238 0.0389884939059319 -0.119798057594596
-0.0944180307497872 -0.0424445409640594 0.171293161784357 -0.00568483093119335
-0.0489364210436959 -0.096310014777775 0.174842806143711 0.241799313748741
0.0301635500019197 -0.100590031416232 -0.0787246440761281 0.448898200974065
0.108282277533701 -0.0356943723065332 -0.52704418425293 0.275137384430529
0.0336198978532786 0.0507756288224244 -0.639382015354946 -0.15845625050572
-0.0574824709713319 0.00847149127836686 -0.362624662194627 -0.461815052836366
-0.0892058896559124 -0.0601893926973977 -0.139693716925817 -0.298679681802025
-0.122591679467959 0.0678175042699209 0.0446039303882089 0.165226452989379
-0.00496562601727599 0.0483718948895221 0.219079266937692 -0.0122989538731537
0.00256914944054278 -0.0317547362927183 0.0717066367221313 -0.274131467222708
-0.0517443253514437 -0.0534888010583352 -0.0956403355462531 -0.284550695200404
-0.0941895184222466 0.0146553137581991 -0.165813346434253 -0.212700744403249
-0.0844929391180839 0.0605584551344504 -0.145067802278696 -0.143938865672278
-0.0973553233382735 0.0736938184181605 -0.0842030536027071 -0.125402809260991
-0.120871025955171 0.0483700627417731 -0.00730611029062562 -0.100925941286529
-0.129875384657875 -0.000609791154356536 0.122355829640342 -0.00844730449845321
-0.0987135122949342 -0.0902062084578159 0.127493412139151 0.214692426482139
0.00106088014702707 -0.134190755603088 -0.126399880291617 0.384866718131759
0.12947916966492 -0.0675053871942969 -0.537293122275175 0.175378349462566
0.058986189895257 0.0675550284534562 -0.594292479504462 -0.245036567066777
-0.0707031589663848 0.0329688723406083 -0.290529553645643 -0.498618279919261
-0.123337562034664 -0.0509555779185109 -0.0802352656359665 -0.283269093220528
-0.120814742346725 0.0962005840396979 0.0916104380519038 0.136432849759642
0.0183522925501927 0.0755882031243998 0.225643780464711 -0.0570691318014422
0.0383288970254376 -0.0374618627075101 0.0462183893822885 -0.29656538147574
-0.0380929222156496 -0.0867628854021275 -0.132301966085094 -0.282378782362711
-0.107329558122344 -0.00275029737789716 -0.203255300176419 -0.185465257394217
-0.093477283113256 0.0688755952691333 -0.179223561686388 -0.102313313309224
-0.098730123303307 0.101975704287491 -0.125865440866167 -0.0817256350035989
-0.124982710353652 0.0913535535425976 -0.0573965387777014 -0.0639964864855649
-0.144831925090259 0.0532636058453678 0.058985330058783 0.00493265068667278
-0.144026028155976 -0.0528003931853929 0.0773775706374616 0.189299148346204
-0.0559819180832767 -0.140644949004823 -0.140273459609594 0.330129134005452
0.104391588074984 -0.113063350308821 -0.509608561049388 0.138910454481892
0.0805786328863223 0.0466275830373993 -0.557689576149033 -0.236506751823513
-0.0621003749348012 0.0550378598880248 -0.258517767046295 -0.476164534511595
-0.140499351345124 -0.0217878088964024 -0.0288103633897495 -0.252494173076436
-0.103186515995887 0.107512192856132 0.135182729034927 0.124513014829995
0.0311718043614729 0.0942238245843534 0.258729947287835 -0.0694232180077606
0.071353547773148 -0.030071264858889 0.0872487319921077 -0.312112417451573
-0.0121080657737476 -0.110203671160912 -0.121801732145494 -0.326744022543404
-0.106754347486937 -0.0299546225046683 -0.231923141218624 -0.209763103752503
-0.0945894549911196 0.060698416885735 -0.218952003979065 -0.0924716558200311
-0.0883079001983498 0.110720437669002 -0.170174069714995 -0.0428773526472819
-0.110310138245745 0.121189843347339 -0.101669277192486 -0.0152577912802583
-0.131442416849126 0.105685216735766 -0.00467564653428825 0.041550421467175
-0.162982001880526 0.00995275605608224 0.0290127300957683 0.189072457812242
-0.117495802667557 -0.107612585490038 -0.132891159284523 0.310412787846748
0.0415525078189277 -0.146857496013692 -0.468858313921465 0.168938711847424
0.0898465068466172 0.000975143365005204 -0.539998499608774 -0.155725216130927
-0.0307625208486646 0.070882573791687 -0.261719528395671 -0.419699444210377
-0.132932076953263 0.0246997979190147 0.0167013052132131 -0.226045565068298
-0.0753005497635552 0.0977876502804448 0.169229683171962 0.137829007263198
0.0324507688644233 0.0980517459366887 0.31504695987772 -0.0236451596169651
0.0890982197504217 -0.0122357202371866 0.202976062494295 -0.322550007780474
0.0162822164439364 -0.110577397723183 -0.0362733998686355 -0.402738613471416
-0.0913388068517361 -0.0497750763121532 -0.228369678661969 -0.291959858518585
-0.0837525882235026 0.0476444381775913 -0.254212765523055 -0.122208512813311
-0.0669629895216159 0.104707046213235 -0.200549429289496 -0.0168409882502297
-0.0794827485659483 0.129754698510047 -0.131208364030321 0.0386731025873488
-0.0928614514930849 0.134548881270628 -0.0501500299650548 0.0969191142003192
-0.140720096655439 0.068972156786739 -0.00385535948854368 0.219797248733996
-0.143547189352936 -0.0462026621674476 -0.120201959476319 0.33035959887885
-0.0228205369888861 -0.138912785920885 -0.410728022469849 0.24230083615764
0.0810853222879867 -0.0398500283349322 -0.509996165881498 -0.0367462466388137
0.0108260746294897 0.0738197608724594 -0.273353398943975 -0.344278503887642
-0.096813931317349 0.0693728656305789 0.0541906455394979 -0.21459526887058
-0.0326673381053447 0.0814806301343385 0.184903230301507 0.179320670185558
0.0353454864307281 0.0784607963482632 0.370188854396813 0.0843619944379396
0.081648644952791 -0.000847109173103384 0.375076679369948 -0.266419495316047
0.023452636150536 -0.0851486741815369 0.118620365829965 -0.466592359513381
-0.0704006654831088 -0.041117337735938 -0.180860335769033 -0.399117405164954
-0.0594662317690003 0.0441595056116683 -0.275290163729457 -0.178613672258779
-0.0339960334629865 0.0907087365120638 -0.224940101199598 -0.00359992461853109
-0.0361941666381281 0.116017297164949 -0.1421589257264 0.0874167663634101
-0.0401227198319408 0.127763359728323 -0.066170464293075 0.152025348258705
-0.0853029359919956 0.0928878234475689 -0.00922235720073696 0.259676242729844
-0.116840333524263 0.00640528725718946 -0.0790621823404006 0.359915141275929
-0.047923349877752 -0.0967410529341519 -0.323632914941685 0.315692172564632
0.0641333433578008 -0.0551819863256215 -0.446211499859227 0.0843728733920009
0.0463789642981851 0.0619495340254969 -0.275429268348872 -0.260996141341995
-0.0379013089639671 0.0934934912329566 0.072589821797139 -0.215941334978481
-0.03095013812428 -0.0616383201944205 -0.0711008707561248 0.226831292603414
-0.0621160743486713 -0.0473985133975198 0.255392156987582 0.221551424470039
-0.0418243293461157 0.0269380668071869 0.379852271994783 -0.153797836319282
0.0359616919111663 0.0301933186525658 0.210371741734175 -0.368208971529064
0.0481023203702328 -0.0394836131266132 0.0143030711255902 -0.376395898547758
0.0209344362224789 -0.0822170250857673 -0.0451844113335824 -0.267640210680516
-0.0166764808321478 -0.0997422981087342 0.0268526338796082 -0.172086576225872
-0.0185843690618792 -0.101835595036653 0.0976817786725144 -0.0983166001832225
0.000290153905716207 -0.0942014832138529 0.203772309865292 0.00979411156847327
0.0404264215718593 -0.0592180113628092 0.234770759713048 0.21612988910948
0.0418717010150928 0.00305364629817233 0.104139681900731 0.441104651648509
-0.005206423880862 0.0247886789119639 -0.271791528069927 0.457914464595901
-0.0478154436681859 -0.0248364824463784 -0.519625520837807 0.173998883568424
-0.0144035542544837 -0.0649846314934063 -0.453546192301317 -0.178444446509793
0.0111481497927385 -0.0604438816661995 -0.233479547230325 -0.238821514415586
-0.080560529508401 -0.0244012163986908 -0.0407889884024845 0.218365048747451
-0.0577599140488138 -0.0149163320172388 0.247171446984752 0.134652286955757
-0.0394685581269589 0.00758572175431042 0.259974028205883 -0.221523563898248
-0.00974164348624425 0.00152779961644769 0.0837171922694163 -0.361498900085353
-0.0175255152381136 -0.0166413536235298 -0.0614276199115655 -0.339782313547936
-0.0319326598529902 -0.0276220444377105 -0.0814216763972015 -0.248686183283182
-0.0588198623372171 -0.0367661963316022 -0.00455430228386958 -0.182347900948155
-0.0634050492623108 -0.0543721863217984 0.0748200622868602 -0.120170499586572
-0.0480017941370486 -0.0733370035553232 0.198047188807583 0.000946280583532821
-0.00107945528080728 -0.0807125672081364 0.213733468159617 0.244462053982489
0.0379545711866666 -0.0506594668289438 0.00615925705819324 0.475764464390858
0.0536260615983099 -0.00957203579143506 -0.436208870834711 0.392024590267182
-0.00195994985103268 0.0122056562020889 -0.626210931016717 0.00322044981027504
-0.0334930740965394 -0.0243811541090767 -0.433638653047376 -0.346572137463365
-0.0434643436287737 -0.0584152520606429 -0.19654279047906 -0.282560735481552
-0.110461504439599 0.0246686997777956 0.00158147072307185 0.196977330645962
-0.0340961320824413 0.0170868702843958 0.230116390954454 0.0534969409718104
-0.0257891989831261 -0.0146725420852344 0.14574138870055 -0.256064096786567
-0.0435088267584256 -0.0230020897761711 -0.0260783343634656 -0.319977986635274
-0.0657097277099753 0.0107554578992546 -0.125496876484389 -0.273086124459088
-0.0647113127691053 0.0282304950973131 -0.118198478818839 -0.199582221953686
-0.0847797738356933 0.0275121211541209 -0.0464500334752892 -0.162920313574105
-0.0993483681201668 -0.000732996006697501 0.0366319070933578 -0.120841390967229
-0.0953201700084023 -0.0422811326566142 0.171422197597581 -0.00824228529866406
-0.0496477473548747 -0.095812760180143 0.17858544463051 0.239765809307172
0.0293316524227598 -0.100968692710521 -0.0728582974300703 0.450840405720493
0.108152591419393 -0.0364850501104567 -0.524779842593121 0.282977570845556
0.0343891266364303 0.0516720190763086 -0.64240677782396 -0.149936627917997
-0.0581001264547045 0.00965974703184055 -0.370702616655649 -0.458416704101106
-0.0901941775261864 -0.0581282803568424 -0.144955084073913 -0.298762278709428
-0.121844862817255 0.0697764442365088 0.0471766534570734 0.16531388846477
-0.00428677232130318 0.0489718205646406 0.219690447803478 -0.0163242880834166
0.0023829913126889 -0.0313883102089352 0.0667654127462205 -0.275933910280266
-0.0529551494547052 -0.0531609458376171 -0.101691801170308 -0.284294498486612
-0.0939497736693839 0.0164680657843596 -0.171217129521729 -0.210600754358451
-0.0831206914156951 0.0615174791772306 -0.148550634637543 -0.141620014498768
-0.096670643750685 0.0752623747730561 -0.0872446595664444 -0.12459013142691
-0.120266361610989 0.0499784132398812 -0.00923036445495844 -0.100467549732011
-0.129825619823165 0.000662340737640095 0.121983856402598 -0.00964781135277163
-0.0998046238353342 -0.088862254125649 0.130853255300534 0.213257738377351
-0.000800419695580442 -0.134043141940394 -0.120171863682877 0.387544843328052
0.128726059423498 -0.0685501802350197 -0.535270533650377 0.183346525724404
0.0602921882554351 0.0675040230224186 -0.600708711960622 -0.237223191181424
-0.0710188820107197 0.0349091120673206 -0.300035136318711 -0.49606113211425
-0.124058577405473 -0.0493685956276658 -0.0852373365161562 -0.283569000605743
-0.119724270839853 0.0987521261718656 0.093954176460936 0.13531472526309
0.0201231091698503 0.07553107924354 0.225588256888098 -0.0608971541459559
0.0381978768025295 -0.0376920062339987 0.0415826754761533 -0.297765802516886
-0.0398900400729796 -0.0863924471398635 -0.137866174724575 -0.281522685750611
-0.10714660671721 -0.000852355518614005 -0.207844552354071 -0.183430101808613
-0.0923966337667008 0.0709138628870014 -0.181429123098679 -0.10054002373675
-0.096922261814489 0.102926097089796 -0.127420887835242 -0.0801506371505786
-0.123476635447127 0.0933262812123143 -0.0583935953124664 -0.0631843776232119
-0.143964534185765 0.0543745248470595 0.0593205222964907 0.00445297575598789
-0.144193459038337 -0.0503904606177873 0.0807856066936178 0.188039457228474
-0.057769103247065 -0.139244529179272 -0.135460321373299 0.333201375293786
0.102958843328466 -0.114238912455597 -0.508320967816899 0.146817585146542
0.0811234161241079 0.0461519769210536 -0.561430807464757 -0.229496555970546
-0.0611736245715967 0.0564389087040549 -0.267425522446147 -0.474896011696976
-0.140319705517651 -0.0203482121411606 -0.033002694280205 -0.253941829486825
-0.101556897337569 0.109107225729083 0.137848694877521 0.12286848642547
0.0332186615890328 0.0945799273804948 0.259192980974365 -0.0732609466254702
0.0708545047188539 -0.0309542317174822 0.0797524851873685 -0.324559558862413
-0.0139557937992879 -0.11041160461644 -0.127493308067883 -0.325663539344729
-0.107141400273594 -0.0284985520384317 -0.236300586131081 -0.208720972805551
-0.0928682882747606 0.0623429120879393 -0.221163559635314 -0.0899610103478933
-0.0864725346754439 0.111957041624686 -0.167845417016448 -0.0413621225275164
-0.108096577238849 0.12344885937477 -0.101684579434899 -0.013519265285251
-0.129387067752834 0.106755386998205 -0.00390841512761084 0.0421493812930223
-0.162763640077001 0.0130276982130504 0.0334689672068701 0.188673895535545
-0.119045650919472 -0.10510187611415 -0.132242657928253 0.315051662669747
0.0391706811638045 -0.146799094313969 -0.467214624427814 0.178559422373189
0.0895188663859653 0.000512887642104193 -0.538099204812976 -0.149319089913014
-0.0296880648191977 0.071749520909139 -0.268235096755729 -0.417587740388525
-0.132131290934805 0.0265912559231925 0.0130134697131468 -0.227554935633307
-0.0736589414575405 0.0993529155200182 0.172090484001327 0.135332526069611
0.0345372351162845 0.0976730177276854 0.315190761707544 -0.0284235598404429
0.0891486668714521 -0.0130811133566009 0.19777601266277 -0.326948932769676
0.0143270386305494 -0.110687704338321 -0.0437611517461793 -0.403931499755977
-0.0921841189133887 -0.0476738704128092 -0.233362800900761 -0.289405580876411
-0.0828328810221204 0.0487249114327802 -0.258017168041449 -0.119249597314733
-0.065566701178265 0.105804869933322 -0.200881544179828 -0.0138589827583113
-0.0771024774653006 0.13124367929459 -0.130456636740735 0.0404178638833533
-0.0898459745741691 0.135847038999053 -0.048112976844091 0.0981676812582759
-0.138532883332265 0.0713380942296527 -6.44193051601032E-05 0.219970397465883
-0.144506365558543 -0.042928780826712 -0.114669955736705 0.333177963483981
-0.0252781732228017 -0.138094086122674 -0.407701891212072 0.25000638292188
0.0798995285081495 -0.0410097388969245 -0.509992365968105 -0.0285065154223945
0.0124309279100861 0.0742442116240386 -0.280155483280561 -0.342191843573235
-0.0955929802623359 0.0700505383248881 0.0504654091228091 -0.216209827878214
-0.0313964053975837 0.0817003881413559 0.188032952424019 0.177106254150899
0.0365768470967202 0.0782362612499942 0.373828641243176 0.0797763712730717
0.0816481007044065 -0.00199289573746476 0.372452240059098 -0.272221584141438
0.0219314020756216 -0.0856039235341905 0.112910839512528 -0.469436403682343
-0.0711035644175987 -0.0397672912058771 -0.18735190612275 -0.397904675821165
-0.0585021358896892 0.0455664142230283 -0.279672070756367 -0.175627031986233
-0.0322713281935375 0.0912447388854832 -0.225342283131331 -0.000169059605387373
-0.0338161101713373 0.117086630202902 -0.141038609862199 0.0899234372295344
-0.0376643829115831 0.128454033418325 -0.0624132997161908 0.153769461520059
-0.0835293427645427 0.0942164054240148 -0.00342750645442778 0.2599668934148
-0.11704315006219 0.00842561055563647 -0.0722537703655071 0.362079007958455
-0.0494427492999859 -0.0964745163904227 -0.318665504673541 0.323145934162757
0.0627827540483053 -0.055882462516323 -0.445337184423332 0.0915929895735113
0.0477318721354983 0.0616157363157217 -0.280533391806714 -0.258241819076446
-0.0367440538937792 0.0937003856663757 0.0692617885024214 -0.218435248095541
-0.0321194231382068 -0.0607741019236949 -0.0681478468892697 0.228380844584004
-0.0631083702589082 -0.0466749086722301 0.259751774790951 0.218339931119301
-0.0420858214948941 0.0277899366443426 0.378629656695481 -0.160678801936111
0.0364512741279156 0.0295995275101087 0.204194129212365 -0.373097015745694
0.0477800466479667 -0.0402155504785319 0.0069034436107571 -0.378390123441757
0.0192754893036282 -0.0825526877764465 -0.0504741814184829 -0.26770313634031
-0.0188262910481989 -0.100385760296609 0.023327892622696 -0.172483217955846
-0.0208241493679694 -0.101595720599097 0.0969197151750697 -0.100356777776439
-0.0012602054449568 -0.0946064653647585 0.204455848591812 0.0075666481708233
0.0392009868227276 -0.0605836529440884 0.238989397285508 0.214474379735077
0.0418496523015164 0.0022836656133332 0.111506298536783 0.440834979111131
-0.00471889152696217 0.0248615257458142 -0.266689722401149 0.463625081808273
-0.048083191972839 -0.0239172794820911 -0.519234087836455 0.181439889860333
-0.0150868547200566 -0.0642693504326102 -0.457823124420934 -0.173205763138017
0.0101249544272963 -0.0605459240296044 -0.23852694484936 -0.236714950980193
-0.08163161912239 -0.0233973871968757 -0.0379025428713731 0.219404534178116
-0.0583550076638543 -0.0142623405105519 0.250623707564744 0.13141183547371
-0.0391367222070333 0.00863915784378931 0.256698457406963 -0.225802039524973
-0.00911189928998458 0.00234997500733454 0.0778998329801644 -0.363718561462694
-0.0173879106735527 -0.0159049347986675 -0.0683175693387229 -0.339864231685157
-0.031984123454472 -0.0272978261085251 -0.0867797595105937 -0.24837574963717
-0.0597667410383358 -0.0358792885884522 -0.00736832454546279 -0.182795505510552
-0.0654723182661031 -0.0532308229075728 0.0728242155315375 -0.120698771860961
-0.0497809383356528 -0.0737066968523662 0.198825563632724 -0.00183636980162539
-0.00210806334675563 -0.0817970715384116 0.217989662346904 0.241717408241832
0.0376121701829681 -0.0510475326604481 0.0132951366128114 0.478850458965038
0.0543098273509868 -0.0106806730938198 -0.4321851931162 0.398775054002127
-0.00117996658902614 0.0130897558108761 -0.628738357614789 0.0112823152850483
-0.0341889885525467 -0.0235331942120135 -0.439618127488812 -0.342967798781406
-0.0441788197674194 -0.0577322364279687 -0.201434225620844 -0.281893364282717
-0.110697936716331 0.0267706221710704 0.00428054373411748 0.197278811512802
-0.033795632092897 0.0185518206434294 0.232856969322156 0.0497509004769661
-0.0259907759602715 -0.0139485621014575 0.142039467087585 -0.258850053216314
-0.0434952038704396 -0.0222191831942782 -0.0319272445071729 -0.320578828217035
-0.065514554461287 0.0118959906626344 -0.131181774352781 -0.272494018177694
-0.064071883159973 0.0294180456722488 -0.123341886047283 -0.19818422729116
-0.0851834915272884 0.0288408210596188 -0.049257018046773 -0.162634068921109
-0.0997039615302883 0.000980079316321917 0.0346274728897648 -0.121420900607851
-0.0972536027217803 -0.0422111935981431 0.171625017665846 -0.0101321598948979
-0.0505742908068422 -0.0958998674564336 0.182253068795321 0.238607332865732
0.0276957616853491 -0.100695555615701 -0.0564380349218456 0.458623686963027
0.108260358408444 -0.0369301743245341 -0.520381390478965 0.292025326277554
0.0353453211008615 0.0518556370489108 -0.647821857596648 -0.141608871577336
-0.0581025409820036 0.0110567562963068 -0.379674028179721 -0.456282254290184
-0.0912373289672976 -0.0567310760035462 -0.149458469662851 -0.299169493855428
-0.121419928527272 0.0722566697225645 0.0502830471503587 0.165666549715116
-0.00291206248085874 0.0492978998919983 0.220976509192816 -0.0190576857397211
0.0019022155028842 -0.0309393244628883 0.0633880698391547 -0.278214292493248
-0.0537340198049519 -0.0527510640999178 -0.107342704001988 -0.283499057665672
-0.0934496715017717 0.0186867108286207 -0.177360952123801 -0.208804178491281
-0.0821921129814782 0.0630498152233608 -0.152323071111294 -0.140328525332988
-0.0961416187766636 0.0769569072730685 -0.0894914666160027 -0.123097059874907
-0.119740609710129 0.0519870264252218 -0.0107383879322023 -0.100276154774808
-0.130159648126532 0.00224676656121646 0.122362661985093 -0.0110733479040132
-0.100623015531524 -0.0881767260166111 0.134378903912039 0.211893041170316
-0.00194645081219905 -0.133824235772946 -0.115028485320602 0.390731462906644
0.128191851105288 -0.0697237249164364 -0.535834255428876 0.191923894094312
0.0605458906921498 0.0675243622656065 -0.608717699253059 -0.227033982334237
-0.0704515780412034 0.0365440287406676 -0.308169721000943 -0.496270498903479
-0.125435762544284 -0.0480193568487762 -0.0899160253153288 -0.285337352077312
-0.118602351833128 0.101073825886804 0.0968065290673408 0.134412058002747
0.0214111482999973 0.076006138491794 0.227224012698694 -0.0646420926814971
0.0378700601212503 -0.0379981316698148 0.0369855226197122 -0.299651856592539
-0.041319783512859 -0.0863598108653816 -0.143400419295998 -0.280559294920547
-0.107332820863192 0.000662893897665768 -0.213139569328669 -0.181077749271935
-0.0917982465391137 0.0718405206420898 -0.185027547467216 -0.0984234450967909
-0.0959737386276298 0.104319488084469 -0.128967036982807 -0.0787477107620767
-0.122025359460796 0.0959403434461534 -0.059946620189463 -0.0625820384542091
-0.143248394754786 0.0566232614056797 0.0597644697343838 0.00387236283268017
-0.144627164206592 -0.0483953482801104 0.0838775812407954 0.187199647180016
-0.0596997652615475 -0.137833589692668 -0.130461334478343 0.336581299448832
0.10131257117759 -0.115220230904792 -0.507710783770691 0.155491773193666
0.0812322466376125 0.0461366860109733 -0.566493226079864 -0.222774982736622
-0.0610320996570949 0.0578551268277548 -0.275533838162994 -0.474499376160688
-0.14078290859142 -0.0183846848910905 -0.0366977097158931 -0.256138527609399
-0.100292238785358 0.111243858749363 0.141027629946153 0.120649825648086
0.035546651472836 0.0950080824722222 0.259882260612749 -0.077138100925806
0.0712027934809313 -0.0317525863588082 0.0750309898681106 -0.326754402590698
-0.0155630933992351 -0.110919513979261 -0.133653684901365 -0.325775163356554
-0.107295154840067 -0.0265938830906952 -0.24086358993411 -0.206921786277964
-0.0918600034586032 0.0638514166416404 -0.223861857437598 -0.0874337728980301
-0.08508330733218 0.113513163329682 -0.168556487403462 -0.0391371755963142
-0.106587640260103 0.125288905530922 -0.102304156391658 -0.0118729122187966
-0.127649716301296 0.109150580239539 -0.00261361424118143 0.0425613608825786
-0.1618246925316 0.0155792442656309 0.0373834973128529 0.18872219571398
-0.12051590037616 -0.102911591387459 -0.128201378944119 0.318323774362851
0.0368458817277839 -0.14742985649473 -0.466386437088822 0.185909846820632
0.0890633846805194 -0.000357000071176679 -0.545082478732075 -0.140961897965198
-0.0284911314171288 0.0729206630086231 -0.276916117512035 -0.416407557315869
-0.131790689304945 0.0282808663639398 0.00902468803291282 -0.230096654036195
-0.0720435565361807 0.100830427005159 0.174793574220783 0.134256617170642
0.0361437655761379 0.0976611072967417 0.317526138910454 -0.0333685848776979
0.0890632498868583 -0.0140542747046384 0.19304276912839 -0.331956198373609
0.0128692342192953 -0.112100400988254 -0.0499020008175513 -0.404182620349595
-0.092923276132814 -0.0465163002496996 -0.239341599591282 -0.288505338605515
-0.0815244671079112 0.0502499601466794 -0.260289338630215 -0.116742641705589
-0.0637674517867993 0.107060692524915 -0.201894348003264 -0.0117844198687446
-0.0749589502362259 0.132588632379963 -0.130256871759649 0.0423405719107169
-0.0878445829338343 0.137165133792898 -0.045557679861361 0.0996948674448343
-0.137542052771034 0.0738162065940994 0.00494987026172619 0.220560364487287
-0.144465760555886 -0.0401088197130958 -0.108931336949538 0.335863416720133
-0.0277947348560747 -0.1381761805495 -0.405021678721938 0.257507730563462
0.0789507668611505 -0.0415658806667049 -0.511739372541395 -0.0214202708086539
0.0135778293553004 0.0744853041218477 -0.286188563701518 -0.339695167305314
-0.0941742063662971 0.0723578763240272 0.0467144103151296 -0.218663068619659
-0.0303954903563048 0.0820872033562348 0.192073632708678 0.175687879083018
0.0384287607189619 0.0780079133587806 0.377441283837433 0.0742442963326492
0.0817985313060161 -0.00273377880287969 0.369916344219523 -0.279510800098683
0.0204352429230509 -0.0861362235916198 0.106160366786764 -0.472592040738198
-0.0719580504407171 -0.0380046422173258 -0.195494513985936 -0.397573297041889
-0.0578563475038714 0.0470852639840283 -0.283377450549611 -0.172513257789991
-0.0307891200567263 0.0920024745453831 -0.226427897603011 0.00279911122154443
-0.0317303403395758 0.118205151191452 -0.139817819338272 0.0917315783852947
-0.0358974392537602 0.128953339227092 -0.0592161339346264 0.155332772567313
-0.0818182823182201 0.0958569654581638 0.00230374619615161 0.261458081715656
-0.11675567937904 0.0113576852816255 -0.0654764554230322 0.364132520811566
-0.0514177465067719 -0.0958594142908472 -0.314725619564977 0.328758712778364
0.0620855758464272 -0.0573100767547237 -0.444821443218492 0.0992459858100088
0.0486094628258771 0.0610315593926354 -0.285228237568276 -0.255086362105299
-0.0348449119630745 0.0938429812352538 0.0658841460353447 -0.220285401975449
-0.0329207211449377 -0.0608513176684216 -0.0655900290551073 0.231147000729102
-0.0642360667629171 -0.0460768683386681 0.264138165704979 0.215536906000811
-0.0416171322345988 0.0284974848700603 0.378273648945123 -0.166640251019014
0.0371433494992844 0.0291192142563956 0.199652579271578 -0.379017055721323
0.0479438329651247 -0.0409412345390387 0.000868445092490138 -0.380129120769364
0.0182304562454467 -0.0836005916791961 -0.0565467301083909 -0.268448663693115
-0.0207293015379405 -0.100476467384931 0.0202673524059966 -0.173406655852115
-0.0228298675252341 -0.101896565719625 0.0950406253962504 -0.1014621476424
-0.00324176254200165 -0.0954847599219548 0.205292721249604 0.00464277483432881
0.0386399057858826 -0.0614252973085819 0.243629559439832 0.212689038251959
0.0423999282231099 0.00180495915276487 0.118920224825765 0.443270259313217
-0.00397149495651484 0.0251939201137243 -0.261978301322058 0.470943690661812
-0.0489077896277244 -0.0230450854740352 -0.519795365994614 0.190112636060472
-0.0158813273034555 -0.0645842847445226 -0.462999471147574 -0.16881997102934
0.00904481556759763 -0.0610347731643885 -0.243277583615576 -0.235439854679239
-0.0825698515371451 -0.0222200487649591 -0.0346641292922541 0.221433351178012
-0.0589846498919455 -0.0133142192714232 0.252874770631011 0.129382091310526
-0.0393747277945333 0.00944392654687342 0.254608018285567 -0.231065629750409
-0.00912983700734255 0.00210010487523498 0.071448564199146 -0.366968452927497
-0.0175450849542152 -0.0159772341655221 -0.074999767989598 -0.341282747960453
-0.0324340356129198 -0.026568458309881 -0.0920159278943908 -0.248535511016837
-0.061325827489893 -0.0350349281087407 -0.0120546098575022 -0.184083095629329
-0.0668425530286646 -0.0526895783864002 0.0713807756039626 -0.123064463239127
-0.0511729702437056 -0.0738121893902154 0.199786450442395 -0.00382862054590459
-0.00323907844970192 -0.082840889936431 0.222222726256831 0.240570894030483
0.0377398478856347 -0.0520946970538934 0.0202671193920619 0.481280746389896
0.0553306559150657 -0.0107073549763081 -0.429340897549983 0.406358475467498
-0.00148384161641768 0.0133431908186572 -0.632691152682221 0.0184604125287782
-0.0345088789117592 -0.0223055733111659 -0.447990632816637 -0.339113666155863
-0.0457150156784409 -0.0579878243900783 -0.206835979493517 -0.282182528100581
-0.111019394822993 0.0285136439963209 0.0069726502210472 0.198226556920714
-0.0341440936940943 0.0188845380681727 0.2352321000969 0.046387870182899
-0.0255932435794787 -0.013331008415789 0.138596022263167 -0.262607532445442
-0.044230021769243 -0.0219287613728081 -0.0375372819755399 -0.321821896844519
-0.0651888193385069 0.0124668616252533 -0.137283580151166 -0.272200579576709
-0.0634550161452856 0.0303177210154761 -0.127446617709356 -0.197876095996384
-0.0852677469814486 0.0303963006691971 -0.0529847858031263 -0.162832966879427
-0.100341420783675 0.00240672458706164 0.0328250147986437 -0.122415318759973
-0.0977390474913813 -0.0413082696381371 0.172652259563774 -0.0123045777581094
-0.0515231745715758 -0.0962406275072743 0.187106360848431 0.236729276706199
0.0274111280151439 -0.101943375364132 -0.0600702603785896 0.457570313707004
0.108535029848157 -0.0382160756905652 -0.520622390932252 0.301085356673713
0.0355089562277123 0.0524906384142506 -0.652683442892663 -0.133712705320142
-0.0582062655802768 0.0124855044925889 -0.388239514237107 -0.45467871309108
-0.0930264242267858 -0.0562196694742686 -0.15548858973249 -0.299605993375262
-0.120928684972238 0.0744133349770539 0.0528983850215816 0.16504820904123
-0.00259679976831295 0.0495744061302838 0.222870850019468 -0.022848458829381
0.00186644960966302 -0.0310521121216823 0.0592358434104288 -0.280996727798184
-0.0543589937197184 -0.052153999232274 -0.112348432853088 -0.283490193153678
-0.0935936918944543 0.0195635591477162 -0.182228343675808 -0.208448760022281
-0.0810051672416847 0.0641590072950785 -0.156261372893993 -0.139145062991895
-0.0955815178486768 0.0784146941149042 -0.0916370641794983 -0.122961864853997
-0.119598866344668 0.0540957057439604 -0.0125973870545534 -0.100539071746137
-0.130684698639887 0.00320236038016678 0.123177144185933 -0.0127217337754115
-0.101359826455847 -0.0872223205761831 0.138808325627336 0.211119566622743
-0.00337273352987307 -0.134105177299043 -0.110786652439167 0.394507147406103
0.128206253865701 -0.0708423440357858 -0.53605601882408 0.200678211506731
0.0615213622354396 0.0682422091948808 -0.612185922007959 -0.224357481250748
-0.0706209892818079 0.0380054886981098 -0.317417961267996 -0.495975861304793
-0.126302192384275 -0.0467060891478264 -0.0944127515839701 -0.286591812937366
-0.117746337151305 0.103297522898246 0.0988038306879303 0.133749665200059
0.0232247391344578 0.0762876899055979 0.228376974653618 -0.0679782715393374
0.0374956302577023 -0.0382256011557542 0.0326894838361227 -0.302349942462197
-0.0423042227896738 -0.0865702017438697 -0.148725551095506 -0.280349492536616
-0.107448895931428 0.00255068767009194 -0.217964174825476 -0.179130556474512
-0.0900705905142947 0.0736061920272966 -0.187888994530332 -0.0965473173658623
-0.0949689608240916 0.105980136272445 -0.131048570949218 -0.0777665772437988
-0.121296660468542 0.0974463112259569 -0.061050123345553 -0.0617822348578329
-0.142463374905871 0.0583953325073994 0.0606292799409995 0.00345547953788423
-0.145125170853854 -0.0465501334321338 0.0872571277381729 0.186721640609703
-0.0611693166376931 -0.137147989509018 -0.125797495634911 0.339715236657942
0.100109205056682 -0.116381831524679 -0.509250009325914 0.163703784468279
0.0819631423016229 0.0457835767431767 -0.573697205472018 -0.216471827721763
-0.0603408934352716 0.059689944597283 -0.283206566834031 -0.475408101063089
-0.141773014294317 -0.0172493632658586 -0.0404195755776385 -0.257398461543825
-0.0989874001894804 0.113272861641779 0.143657765394809 0.119456380403032
0.0373094669995763 0.0951439980413553 0.261231550980757 -0.0811423224442459
0.0712610559553849 -0.0324123813046961 0.0707959778846982 -0.33008948270175
-0.0171516002469256 -0.111611756806633 -0.13982080731617 -0.325750221345009
-0.107947914287324 -0.0254215298871146 -0.24627530222615 -0.205475039282199
-0.0911263117998946 0.0656090585374888 -0.227444576578503 -0.0851809914546325
-0.0839348244240641 0.114612920908103 -0.169808364470519 -0.0370790138153855
-0.104676829787949 0.127791331120238 -0.102838646014612 -0.0105947627972434
-0.126162193526688 0.111174365383127 -0.00117970129234473 0.0433105932548938
-0.161424869451479 0.0179566893202924 0.040216445870741 0.188503986446054
-0.122157834475014 -0.10089282514707 -0.12388057142917 0.321876324367753
0.0347205514930721 -0.147970040290059 -0.465530928183212 0.19411934734781
0.0892610435061114 -0.00116989631397709 -0.550768632181236 -0.133568782364033
-0.0277498813112766 0.0738950536503871 -0.285155880732066 -0.416206251310819
-0.132180626133021 0.0294180270905211 0.00564680502242329 -0.232391498069743
-0.0709772430653881 0.10182362403378 0.178535051401651 0.132300375807408
0.0383579517737293 0.0978588452714288 0.319474721533969 -0.0379393580717685
0.0894936018417351 -0.0154389897182 0.190200945649904 -0.33615391934988
0.0114865525703907 -0.11310230226342 -0.0558528928116978 -0.406534347059912
-0.0936806273209496 -0.0448397063383681 -0.24475618221334 -0.287243718525686
-0.0810851775703756 0.0515430921986521 -0.264594090511447 -0.114962884381755
-0.0624794856302552 0.107863922110904 -0.202321000238426 -0.00980076495913998
-0.0731457303268661 0.134942881224929 -0.129582832739424 0.0448024377192608
-0.0856984199443031 0.138651209281602 -0.0439001330402231 0.101075599064991
-0.136869844822004 0.0760910133896189 0.00906714064301176 0.221162018168146
-0.145954844639304 -0.0380987441281903 -0.104402691350022 0.339539289086469
-0.029859339534758 -0.13762080962932 -0.402075670583913 0.265935000920405
0.0781645857390963 -0.0426602176056878 -0.5139465362066 -0.0146059919855137
0.0145953145305494 0.0748584548577886 -0.293155803317192 -0.338853973254495
-0.0935798374273885 0.0733383226545288 0.0438191451455423 -0.221630328902334
-0.0289970711756212 0.0826470253372555 0.196095983323484 0.174503959351739
0.0401490296073811 0.0779697808670805 0.381515749678948 0.0692965042477844
0.0819233301623531 -0.00344438120784681 0.367911488743714 -0.286879715051831
0.0191218981440533 -0.0868834656826487 0.0991695907787656 -0.477840939943413
-0.0723100057854324 -0.0368261429153814 -0.202239588209987 -0.397907933222164
-0.0567590710852914 0.0481323744092009 -0.288019595396826 -0.170734173427313
-0.0293371093993953 0.0921887520249566 -0.227297325876506 0.00465777084234387
-0.0299906554688935 0.118863596946681 -0.138465201636676 0.0942562545066047
-0.0333301278299996 0.130325915363484 -0.0564779290944044 0.156900286863482
-0.0805495991195714 0.0975565037155158 0.00728197721425862 0.261317244507686
-0.117191750000857 0.0133429023380701 -0.0595784999334531 0.36741722180998
-0.0532971837843112 -0.0959104744640839 -0.311470983827005 0.336163229419149
0.0613943764701466 -0.0581124295905682 -0.44484104727893 0.104895531591752
0.0503490325224015 0.0611228159696334 -0.291120608128612 -0.254226164423364
-0.0331567704424848 0.0948549859122511 0.0625827528267121 -0.222679773662313
-0.0346455222438641 -0.0604236299676337 -0.06228704691255 0.233357299305069
-0.0654107749305514 -0.0455793025366948 0.269995700155048 0.213751366182002
-0.0413674902178196 0.0299251282848756 0.377815655991167 -0.173442194039676
0.038214241394257 0.0286455872696017 0.194732721156246 -0.384263677623249
0.0477363043917534 -0.0424902666758293 -0.00709186464431794 -0.38294589106636
0.0171699866859844 -0.084472810345751 -0.0619545819888154 -0.268661893789654
-0.0225368973639696 -0.100683601103655 0.0170322345619711 -0.174961349288771
-0.0251165702931656 -0.102188057534835 0.0940370558435112 -0.103143874208545
-0.00505617122278766 -0.0961414172111976 0.207471176943178 0.00253735952048289
0.0379214573188586 -0.0630883381464147 0.249035214475073 0.211859462735293
0.0433441080412049 0.000935584116872335 0.125554830901582 0.444633184368396
-0.00321280278083754 0.0251991788731309 -0.257035795605493 0.479190461416776
-0.0494455532234496 -0.0226327848105263 -0.521929069066558 0.19918755368333
-0.0166086452465858 -0.0646620010992627 -0.470065445416387 -0.163874962370496
0.00809182537534126 -0.061364524629904 -0.248731702676216 -0.23436915788981
-0.0834979564203094 -0.0210485776140244 -0.031895383464903 0.223577189808298
-0.0599176419451511 -0.0122824847923398 0.257372564542972 0.126417110863678
-0.0392485740199608 0.0105098795259799 0.25269981003271 -0.236168200144596
-0.00929869289330639 0.00252197149901602 0.0668080906099482 -0.370796450913447
-0.017171140996567 -0.0154606857918679 -0.0824401225314571 -0.342926976000108
-0.0329516149989513 -0.0266214879868318 -0.0978051321156796 -0.248647654329147
-0.0623590082157691 -0.0345793067748675 -0.0154848747977281 -0.184605056709065
-0.0682269535160993 -0.0520626132664016 0.0697261778018223 -0.124194081853722
-0.0533403704031509 -0.0738319437003767 0.200795500731044 -0.00575845660853966
-0.00421235700375609 -0.0833477045685777 0.226658114755443 0.239791437890268
0.0376137436511977 -0.052772639045571 0.0274416654338131 0.484356654830833
0.0557324083005676 -0.0115266330611049 -0.427702725731044 0.416940197788529
-0.00132488380059831 0.013958730727079 -0.637591202588931 0.0275289454889375
-0.0354763850741465 -0.0219453906320748 -0.457572371977385 -0.335527958994353
-0.0466463279114316 -0.0574618979304324 -0.213236079355132 -0.281833567532734
-0.111564085227234 0.0307386333487278 0.01042076584485 0.199553004707775
-0.0337376483605583 0.0199687450228599 0.23849737202504 0.0431699036117593
-0.0260186074780647 -0.0123530164387709 0.135781404654148 -0.266062335306398
-0.044766683613561 -0.0211542370929675 -0.0433983210853678 -0.323811534381478
-0.0644714694074333 0.0137565066079562 -0.143331784221107 -0.271882391300908
-0.0631666260982867 0.0312250671564255 -0.132844410478605 -0.197072427082469
-0.0854290006375016 0.0311867854550079 -0.0559922062776039 -0.162484511985443
-0.101158351705597 0.00381461131415634 0.0313160695504234 -0.12334764697291
-0.0991920460195607 -0.0404841511092507 0.173258389602536 -0.0148179843793041
-0.0525640045763198 -0.0962847710447854 0.192008808130116 0.235625890250727
0.0263865261690173 -0.102896822007368 -0.0531898294134324 0.462392323840084
0.110044743183712 -0.0395682927601256 -0.520759095077174 0.309587675500954
0.0366831690661282 0.0534544501865285 -0.661803932529316 -0.126458660258374
-0.0586809744794735 0.0136927316654408 -0.399020530864474 -0.454096608131059
-0.0943981143843899 -0.0556888093380906 -0.161388202575837 -0.300455349461467
-0.120602888609515 0.0771432719311171 0.0554191890262267 0.165041154668555
-0.00140140507213068 0.0501414125099594 0.224720703922255 -0.0266210019336684
0.00141389262470608 -0.0306201597179115 0.0551730835775948 -0.283659563397106
-0.0559817136561128 -0.0521166861256784 -0.118353344949665 -0.283516192510314
-0.0928916962381446 0.021371237250078 -0.187220788926058 -0.207193641037887
-0.0801898533751532 0.0658224071841425 -0.160102805590169 -0.138121824077361
-0.095552081899969 0.0794798294765578 -0.0944995950634578 -0.122233576425714
-0.119481364832016 0.0558212670914842 -0.0141780899126747 -0.101401238522576
-0.131370401294697 0.004583342253137 0.123442250024308 -0.014524379245537
-0.10251941283845 -0.0867022004277265 0.143202058152612 0.210231303720054
-0.0047895692462928 -0.134520582155059 -0.10546567823508 0.399615707442391
0.128406119507339 -0.072751746757941 -0.536750556302289 0.209516569984118
0.0628325372143991 0.0688563900540024 -0.619551098209188 -0.21906720139529
-0.0708463203688391 0.0399511815769029 -0.32646066094922 -0.496838456298831
-0.128237781085521 -0.045548203467752 -0.100087551765184 -0.288774262270625
-0.117061165795453 0.105746403772264 0.102242416321582 0.133182926826211
0.0247955000419613 0.0765453722290339 0.230062668609476 -0.0720138803077919
0.0375810635021145 -0.0385765208499255 0.0281436075462973 -0.304438244505991
-0.0439199734657815 -0.0869150678109682 -0.154698244271938 -0.279891157989542
-0.107427134837182 0.00427178089403433 -0.223427754558907 -0.178739064235906
-0.0892819981066278 0.0749202151911281 -0.191687876072593 -0.0949698245388263
-0.0945512515732926 0.107903692100395 -0.133309522197382 -0.0762469811277414
-0.12053145446988 0.100068925407373 -0.0619454106646855 -0.0612203035224635
-0.142253951927627 0.0607316868335175 0.0611352645532961 0.00252207598822083
-0.145668271394839 -0.0452964162479604 0.0908938112657392 0.186765772500343
-0.0633302328308851 -0.136470499347113 -0.12160981818658 0.34389326712334
0.0995375563025794 -0.117822619322474 -0.510177371629108 0.171955217524388
0.0825725393786865 0.0457426587247353 -0.579715615983922 -0.210698395430525
-0.0602818574037019 0.0611140414783525 -0.293790162233504 -0.475673969985372
-0.142883576583701 -0.0154951007449757 -0.0451778756172856 -0.259814485052105
-0.0980798233786923 0.115010240178205 0.146140672643898 0.118377832740766
0.0387305658640155 0.0954904337764246 0.262605884414465 -0.0859903373118065
0.0714858771154693 -0.0331300095357736 0.0663432804534543 -0.333570676881729
-0.0188290679560602 -0.112230687455465 -0.145668403595993 -0.325735109544424
-0.108521974102386 -0.0236220019174328 -0.251863549113166 -0.204019502896466
-0.0899641826581767 0.0668597986411742 -0.231316967601292 -0.0834325110291921
-0.0831390050283459 0.116269996840562 -0.171498790008265 -0.0350118103379157
-0.103179506984438 0.129722736156716 -0.103631844243822 -0.00908600884584248
-0.12476382860704 0.113232807965998 7.71360350282107E-05 0.0434143507528812
-0.161389213486193 0.0207060628736187 0.0442058343162543 0.189247098872728
-0.124533994066692 -0.0989057230446184 -0.118610237320793 0.326106386004018
0.0329134867615939 -0.148992854943255 -0.465980439798669 0.202006359464465
0.0898077304208791 -0.00196719636421831 -0.555914704865665 -0.129240084095521
-0.0267420590742169 0.074767199454983 -0.294200472612108 -0.416245990332877
-0.132683433059624 0.0318959619450413 0.00247363850467611 -0.23500180864067
-0.0697534732435127 0.103471937862016 0.181839570601136 0.131173735294861
0.0405555158143746 0.0983588738269843 0.322145555408128 -0.0420424445993961
0.0900354360347308 -0.0162605802577792 0.186449357831252 -0.341617698817595
0.00982460516333067 -0.113804265217856 -0.0629207066977041 -0.409364764694231
-0.0948102153829816 -0.0437433244632104 -0.251979463833322 -0.286231639203215
-0.079982507009811 0.0533945079854167 -0.268582747130028 -0.111721358076742
-0.0614138959393504 0.109275126885327 -0.203872798753296 -0.00732186439306429
-0.0711464495819271 0.13650360810532 -0.129522903146903 0.0467446379593618
-0.0833237281839176 0.140917147582082 -0.0412344918313156 0.102063575482273
-0.135743928185156 0.0788075317535692 0.0138200605081315 0.221942704053508
-0.146795345558887 -0.0355846698182195 -0.0987911062811419 0.34349764684688
-0.0324511998604252 -0.137854923271659 -0.400765422256917 0.273962905036352
0.078116666802149 -0.0437857839068878 -0.517877643804403 -0.00722368213021576
0.0163181514822019 0.0752087334388936 -0.301588618512475 -0.337154469624204
-0.0924912984702626 0.074695886024916 0.0403927733250202 -0.224195293788023
-0.0277552748848146 0.0838777649947964 0.199736072798631 0.173506726987268
0.0414020452544918 0.0778222741407622 0.384875376966155 0.0659304367513717
0.0821674616201121 -0.00478260017106233 0.367304920566595 -0.293853194114759
0.0182354866646757 -0.0878498795894397 0.0938537789059984 -0.483389346515686
-0.0731011291051626 -0.0355716200149657 -0.209851530785426 -0.399171675174075
-0.055968099087507 0.0495040348299088 -0.293276572353344 -0.168751114252025
-0.0286143250291497 0.0935379251828224 -0.228099652064964 0.00749249222939838
-0.0281627785754916 0.120184060234829 -0.137864309577373 0.0965422673297436
-0.0313573475748909 0.131176534912825 -0.0536572795323414 0.159202370882665
-0.0790697583010551 0.0994253228769044 0.0120693555075746 0.262668963189575
-0.117770038845791 0.0155814074701661 -0.0527493751377687 0.371574129066606
-0.0550391374963408 -0.0955190687256278 -0.307603652297507 0.343583611484319
0.0606784493701952 -0.059941074229877 -0.446049193339034 0.112137289255224
0.0523839407025238 0.0608041549020242 -0.298276481839881 -0.251980042878659
-0.0318230571434737 0.0954940268744048 0.0595249117148382 -0.226204699741809
-0.0355569994647119 -0.0603298645596805 -0.0598423328196535 0.236442548725399
-0.0667263909162368 -0.0441684950255867 0.275589778454611 0.211267023623258
-0.0411914996755534 0.0311586583588733 0.377894113862734 -0.180769712605883
0.0387593940229366 0.0285129842208902 0.18929892772593 -0.390555238592586
0.0477570852337465 -0.0431129746652953 -0.0139868401804596 -0.385813325874294
0.0159862153779776 -0.0853425105907181 -0.0679437720980596 -0.269634042448168
-0.0248210024943363 -0.101403164914028 0.0141381105846541 -0.176474511030674
-0.0275221143577746 -0.102200335345735 0.0927731507103787 -0.104984887183607
-0.00744550423234863 -0.0970504953607793 0.209240282608552 0.000185119125476373
0.0372044887325809 -0.0644489445494711 0.253052515034287 0.209488820046745
0.0434645541118399 0.000109110075097075 0.133935018774052 0.447300019399996
-0.00272711700607031 0.0251530232500156 -0.252788811851591 0.487039006239795
-0.0502062729199161 -0.0212260379983957 -0.523855483759207 0.207708421262112
-0.0175102998126922 -0.0648685356855491 -0.4780763010083 -0.158122417071891
0.00724468247774849 -0.0622990808831539 -0.255506070222906 -0.232832431735144
-0.0846111386486422 -0.0196668408828499 -0.028787042205086 0.22556914719427
-0.0608094024295791 -0.0113573959049169 0.262088159684215 0.123472903138959
-0.0391774757849353 0.0116833950037308 0.251102322561089 -0.242303894807976
-0.00884651388619385 0.00285127402687834 0.0596906395863367 -0.374380122302178
-0.0174260744274874 -0.0155014972746371 -0.0901466907610989 -0.34456304937791
-0.0334811357779731 -0.0263561360772522 -0.1037627314673 -0.248436392511197
-0.0635890632179844 -0.0343068936957401 -0.0183506510464737 -0.185254625371618
-0.0700438941581093 -0.0516857126227226 0.0679384178912087 -0.125744263011315
-0.054815373768483 -0.0743534690032518 0.202691411845807 -0.00870200987236656
-0.00510723917997259 -0.0851114246305155 0.233048383641008 0.238834750805324
0.037435263779473 -0.0541461056426744 0.0342677062432031 0.488692888689062
0.0565126929044101 -0.012063962694621 -0.42543961566248 0.426455672858608
-0.000287509183549115 0.0150751258552464 -0.644385758073425 0.0357358744633759
-0.0355049320233619 -0.0211139633507231 -0.466171814997314 -0.334282230237218
-0.0482891923934339 -0.0576697019946192 -0.2199166887001 -0.282175694553474
-0.112038586419774 0.0328085979393832 0.0136177458550039 0.200879846952838
-0.0337395836652144 0.0203127902901738 0.241213205069645 0.0396072485383251
-0.0260272224880923 -0.0112488880089332 0.131866741274951 -0.27033203930456
-0.045808828029882 -0.0209770607290602 -0.0489581760465296 -0.325854329442692
-0.0645320239311426 0.0152558670906642 -0.150789778003069 -0.272339948163731
-0.0628152451919437 0.0321800443432398 -0.137599235089069 -0.196089541643889
-0.0862401439313077 0.0326669115931473 -0.0596268953035399 -0.16376774172908
-0.102098061485875 0.00531429914834031 0.0291451458782535 -0.124324582220049
-0.100469042518289 -0.0396754629479374 0.174653063585746 -0.0166493851570461
-0.0538906339070507 -0.0969491210490588 0.196186953268524 0.234812365177145
0.0260938188482713 -0.103772811972059 -0.0465158521202218 0.46601402044032
0.10995665291737 -0.0413819439070839 -0.521151182780135 0.321480966310122
0.0380734676477908 0.0539280702146694 -0.668610914056038 -0.120178921514705
-0.058972030232855 0.0151727582736636 -0.409838601906823 -0.454122860184351
-0.0961865152070654 -0.0542360995395835 -0.16721393489696 -0.302405463836548
-0.120692357239167 0.0793492941288359 0.0586949496468144 0.165563561550249
-0.000128311841035214 0.0510658304087823 0.22682916823718 -0.0299013113715887
0.00107822153918428 -0.0304618507177914 0.0506268514711718 -0.286766734465792
-0.0570810503633047 -0.0517692995996135 -0.124118989070762 -0.284069719579087
-0.0927160443586686 0.0228602151348724 -0.193340997566145 -0.206393797263542
-0.0792309545440966 0.0673255244016429 -0.164626395147359 -0.136730339044959
-0.0953779453723233 0.0822024277911798 -0.0976895634438191 -0.122338167173689
-0.119400163647792 0.0581431943446239 -0.0159079577989222 -0.101407966959568
-0.131875298733744 0.00602734122389627 0.124868303363376 -0.0159197813565799
-0.104159999069084 -0.0860591846567 0.146357773959783 0.209818107746701
-0.00630789064468651 -0.135010269741173 -0.0998477585770666 0.403877100777902
0.128879188566973 -0.0744030251426031 -0.538848339026219 0.218730892628606
0.063498934272912 0.0691626562974416 -0.628172702208082 -0.211668596771219
-0.0715162842937608 0.0417256603163961 -0.336212456280781 -0.496692188754784
-0.129810131782142 -0.0439997719691473 -0.104902810604464 -0.290648453857111
-0.11612911583196 0.108604981363486 0.104636060836753 0.132565342736498
0.0263845869383369 0.077230252897261 0.231119573006891 -0.0762559927308185
0.0377756858041785 -0.0390666387060441 0.023437432279595 -0.308031637924847
-0.0458247314973603 -0.0870711315285936 -0.161069722432174 -0.279874681805714
-0.108087667815299 0.00595920765352551 -0.229474835831952 -0.177083404491965
-0.0886070161169314 0.0766683398557406 -0.195720017746556 -0.0931164865287046
-0.093555789526727 0.109912902063717 -0.135730515235952 -0.0752570262023293
-0.119823703448237 0.103029112403784 -0.0635685148901389 -0.0608983132116929
-0.142034519695682 0.0622290443167325 0.0619374463853673 0.00186401522050832
-0.146379608685697 -0.0434550999889034 0.0947992221499933 0.186661167692997
-0.0654707523503101 -0.135682210262605 -0.117328983523548 0.349382402375906
0.0985037353279888 -0.119319461693558 -0.512169046921732 0.181679284174328
0.0836222246625388 0.0456035743951831 -0.588213183263464 -0.206172750859421
-0.0596993660068417 0.0629321481620678 -0.302146918406534 -0.47787774443368
-0.144998550613799 -0.0135490208139947 -0.0491190999790584 -0.26291304299607
-0.0970067286573224 0.117773158567159 0.149931430071534 0.117451560882656
0.0410213622158674 0.0957582378404224 0.264559164501425 -0.0905417193477049
0.0714748157658932 -0.0340261625811981 0.0615770433392228 -0.33712883698705
-0.0207555429502303 -0.112954112449467 -0.152890912711675 -0.326704279706968
-0.109240463028174 -0.0221015367960223 -0.257931823072521 -0.202125773083201
-0.0893292044832664 0.0686126171031334 -0.234809467245337 -0.0810361565653627
-0.0819636502977854 0.118738834530026 -0.17338324547162 -0.0334190458492813
-0.101951037970086 0.131790982978025 -0.104357946220734 -0.00751731960225187
-0.123650929927152 0.115461893682955 0.00165393343427497 0.0442423617754095
-0.161278377583103 0.0231010507922912 0.0481084253229844 0.189542096494556
-0.126609636049547 -0.096442930556206 -0.114437509158802 0.33131966582545
0.0305928980618085 -0.150029647176171 -0.466745274079709 0.212106737471506
0.0899186305386541 -0.00255433179076892 -0.561016264563804 -0.124048221371556
-0.0257725223164182 0.0765150035854181 -0.30320110443309 -0.415990199846171
-0.132815898748025 0.0335416911468176 -0.00109449442488512 -0.238420015679224
-0.0686609773271968 0.105417004938049 0.185497328597336 0.129542814489719
0.0426732157377212 0.0987314078021016 0.324943747072906 -0.0473014271304614
0.0907474029052693 -0.0171404114401729 0.182871567223014 -0.348058430162105
0.00838390147562234 -0.115383253157753 -0.070636134933214 -0.411659257269288
-0.0957053666830457 -0.0421526198036479 -0.258648714725694 -0.286615907459535
-0.0794388257239811 0.0547599163519667 -0.272922737908474 -0.110430601539637
-0.0601995866961661 0.110828204712636 -0.205326204736559 -0.00484017578140359
-0.0694162285643972 0.138708022735859 -0.129648588237906 0.0490427569914472
-0.0815169027570366 0.142384944709308 -0.0395182154407626 0.104123048546308
-0.134567584581941 0.0813389906739828 0.0181777717801036 0.223396678097924
-0.14830667728419 -0.0328790579493458 -0.0941541775027751 0.348433719546867
-0.0344460473165609 -0.138261199118887 -0.400381742167633 0.283286954311891
0.0781848839904231 -0.0446830147093895 -0.52193013480123 -0.000497757925093698
0.0177675248731644 0.0763068950484199 -0.309399103997744 -0.337402060169662
-0.0921950154745018 0.0762296304752383 0.0371581790460164 -0.228030912444197
-0.0265204297208954 0.0846392027542283 0.204453943483855 0.172535884030176
0.0433590213526907 0.0778649843064328 0.390143509468512 0.061358914225035
0.0827420804397919 -0.00566150410727648 0.366098181252373 -0.302238068371989
0.0164258283972616 -0.0889839875460783 0.0884446245970794 -0.488557668510347
-0.0741446181738359 -0.0343899457071152 -0.217167107332238 -0.400228696615613
-0.0555408127304763 0.0507122680099337 -0.299016549130123 -0.166731709973619
-0.0271377041559153 0.0945577901352965 -0.229354403213437 0.0100661035150082
-0.0258403719380197 0.122224334540092 -0.136711126858358 0.098960510702596
-0.0295009446158404 0.132576824830325 -0.0503656834256489 0.161508726559818
-0.0779999438539381 0.101404631077492 0.0177885106146432 0.264199208607128
-0.117973283375963 0.0180633658891502 -0.047514260712002 0.374443447697697
-0.0569668655476209 -0.0953811550512827 -0.304311795970955 0.351981665488013
0.0597245244769267 -0.0609137896119032 -0.447647535571254 0.11985372438718
0.0537278709993864 0.060742864687564 -0.304500353371327 -0.250592644654898
-0.0301315213078901 0.0965090266873916 0.0565842422948572 -0.229630982039735
-0.0534734460180407 -0.0428406504426995 0.0445851030629632 0.24223205031854
-0.0807819621454628 -0.0179448922209555 0.342806655802589 0.070696795620102
-0.0303270477109017 0.0435553994928092 0.262015051800395 -0.328473341585957
0.040409261828562 0.0114710726346997 -0.00136928525923815 -0.441095355263525
0.0206078440258916 -0.054636303281387 -0.189774738350972 -0.34452252405835
-0.0236971163343968 -0.0828339078190167 -0.185001877591665 -0.214123213381742
-0.0659144116550295 -0.0808218944711593 -0.0692646816105549 -0.169320719093469
-0.070216943155899 -0.0830489361050865 0.0368420943354442 -0.13776137505285
-0.0481308836550725 -0.0861077725410825 0.192024940803685 -0.0941689158293707
0.00733837325651163 -0.0765282129653033 0.326236699403714 0.0763029726989879
0.0427297315039808 -0.0182833072358193 0.320524483025296 0.346769899390975
0.00652312269487536 0.0316341178288251 -0.0152075780025277 0.554758502303995
-0.0623533169556025 0.00293385813755792 -0.380476823784022 0.417033030545798
-0.0503597422471293 -0.0550325682703089 -0.49992890855227 0.063215382509549
-0.0249963701593611 -0.062651681177767 -0.331795954969289 -0.102081031834051
-0.0819719530509282 0.0141865679415478 0.0688274406948859 0.221276860106982
-0.0619044119337091 0.0106280943200586 0.292895177995145 -0.0036815739467426
-0.0356288573599219 0.0268411672684429 0.118797848917824 -0.327703964081164
-0.0112345084710345 0.00960697793192881 -0.114237162183534 -0.366939860464342
-0.0245559349679178 -0.00145329405790308 -0.239243306728641 -0.268802117856488
-0.042699526205735 -0.00807215615506985 -0.20759880154202 -0.177101040660185
-0.0723517915554004 -0.00362613002627097 -0.103502777494871 -0.159874884874677
-0.0876949187779665 -0.0175264661142293 0.00455082242579269 -0.145308052077378
-0.0822971844079503 -0.0446010049558419 0.180728107227879 -0.0998819633162459
-0.0399295236721444 -0.0766189683077293 0.320918546725124 0.110635413449778
0.0135314277505479 -0.0656904685536797 0.251708338074967 0.427153030894363
0.0420651247791468 -0.0289133796688175 -0.194286343743554 0.578693592331841
-0.00144712193903872 0.0134395281181224 -0.564129005103869 0.315441784338065
-0.0468466107517587 -0.00892407710706384 -0.569369410483611 -0.101872929916556
-0.0746056937321798 -0.0322830366717891 -0.319761132863431 -0.165229034896029
-0.0866719455223503 0.0730163339716229 0.0979151775653262 0.182569632412631
-0.0244147064082952 0.0294570649596785 0.238204897247982 -0.0713220302848423
-0.0324407497099279 0.00211770134380105 -0.00156199628191522 -0.301746766405228
-0.0526282307611228 0.00483412187073854 -0.194113975758395 -0.272786122851967
-0.0524850482047708 0.0456778070708156 -0.260519535988928 -0.173709632102335
-0.0437459913482401 0.0580673589863011 -0.213931839617119 -0.113118967240781
-0.0636766563537849 0.0659934965369432 -0.130008283969107 -0.119018013812248
-0.0935057422212849 0.0486394930998525 -0.030790249443072 -0.126013118858501
-0.109712413428992 0.00576559201646757 0.150676029325186 -0.0951655669361397
-0.090382863132105 -0.0662376643216047 0.285394458736424 0.1213616209624
-0.0188557487612271 -0.106057118373935 0.16878657688651 0.442235763702447
0.0761211692749678 -0.0799123294551051 -0.324049035388427 0.525942534610075
0.0519490695358357 0.031325103452389 -0.656139196391003 0.18935192902418
-0.0512540850917943 0.0337163830303198 -0.572480800602774 -0.236904657302906
-0.117830400368171 -0.00779528139049191 -0.280625146161674 -0.209330005951575
-0.0768361435930187 0.118683614953621 0.126398592016427 0.132475265161599
0.0178406975226653 0.0442172789075053 0.195098605758062 -0.128685525818883
-0.0147791636070182 -0.0251894025190537 -0.0825307360546531 -0.282085086721238
-0.0742876678904475 -0.017531819024986 -0.245365548298008 -0.202037162266336
-0.0738720424286658 0.0643197712800122 -0.270189923984201 -0.0945237642037247
-0.0429952947168693 0.0966665470787065 -0.210556691628938 -0.0464510864969033
-0.0512894612309384 0.114684440991985 -0.145618222478191 -0.0626670817491121
-0.0871159330049394 0.104823927010906 -0.0614594162910635 -0.0849802065701634
-0.119161141606438 0.0616584287641884 0.104893894833789 -0.0721711218078714
-0.131359452055246 -0.0349995216401895 0.227606593796766 0.120100990721926
-0.0630589592824608 -0.120485206790139 0.0951864346631863 0.407704808434462
0.0774619071136096 -0.118647928795577 -0.383566155624482 0.4423388617931
0.0827733014908122 0.0328144378839937 -0.661607887747414 0.0927888863893363
-0.0496756249541866 0.0633255387564177 -0.524913084850381 -0.310500211603653
-0.143338745481124 0.018073577990121 -0.218952468997319 -0.228235224353157
-0.0615016968970456 0.143135703284263 0.155081772031149 0.0824288824986108
0.0521686777859737 0.0574857059085355 0.179430107179511 -0.173429567641376
0.0146006441356177 -0.047500824854919 -0.116590216422414 -0.290963386780595
-0.0784970491608255 -0.0535548222019681 -0.277969334603169 -0.183620113167827
-0.0936973363949843 0.0551628789816042 -0.289920516780223 -0.0517617047602427
-0.0466592325077913 0.109250902810261 -0.218829396792206 0.0069205120398462
-0.0382570414470564 0.138884104557105 -0.158645109994773 -0.00243414240782319
-0.0678436546348466 0.146646500798841 -0.0865140999443992 -0.026143098132555
-0.103564504629479 0.11812160392492 0.0557328896526849 -0.0279607129865132
-0.152314493926721 0.023007948696682 0.168792817837337 0.121968220380162
-0.118227058100685 -0.0961366797450133 0.0546686922679496 0.363742982455121
0.030763569315396 -0.146580607244222 -0.373869632580072 0.392341053260441
0.0913754364660873 0.00288436962939468 -0.621561104338873 0.0791879021168699
-0.0296560692080323 0.0781202023064422 -0.487798364051279 -0.304439167818159
-0.141604597108654 0.0532357791814871 -0.15783276471247 -0.228253693140046
-0.0407907178559977 0.143808799277258 0.190313757686917 0.0482258813589019
0.0731065574200853 0.0677314181819741 0.20295820053966 -0.202318552882833
0.0468915855691345 -0.0573526002162015 -0.0949179507463232 -0.335984343482416
-0.067889326401731 -0.0864241160097346 -0.29080204139936 -0.231578306960176
-0.106622395021503 0.0320471936036098 -0.328164597524561 -0.0626835582425394
-0.0509230477918794 0.10255434876457 -0.249805260593665 0.0349590042435872
-0.0243603409990755 0.141695612132763 -0.173626211784962 0.0524581458104997
-0.0379340220437289 0.166506711614434 -0.0996622677879953 0.0404434767114114
-0.0642484069753047 0.159024778106532 0.0193350898981289 0.0382131910961708
-0.137458765499423 0.0911781367062712 0.126451243280963 0.146254363126417
-0.158469443938892 -0.0328107633637433 0.047623972759829 0.343116018114101
-0.0443016786466184 -0.144183478254546 -0.318620582655986 0.394042401815845
0.0760726394827169 -0.0436458289404893 -0.559038297356612 0.140772985855589
0.00815480909150818 0.0754308957879365 -0.461741657695298 -0.247250575015428
-0.108723711393363 0.091588169954893 -0.105394846302392 -0.225676393639789
-0.0202168924268564 0.119763687678532 0.228576406117997 0.0434292990469691
0.0742615469499676 0.0687346114833515 0.278166016911471 -0.188499888393356
0.0692763018821041 -0.050932957934952 0.0118015367354689 -0.399530294188214
-0.0447777397626523 -0.100472348238626 -0.252951257139964 -0.347228718955288
-0.103291267371313 0.00861024963789508 -0.367811475667725 -0.139285133493239
-0.0474114568864655 0.0859653812922356 -0.297583310299053 0.0253947094682532
-0.00741608478347717 0.125353190577497 -0.190162483696429 0.0921305378202105
-0.00510667278154824 0.158562790394178 -0.0966257926872496 0.103022340316827
-0.0140488715258242 0.166254800767455 0.00969228129165308 0.111807359611203
-0.0870167800378484 0.133572298657513 0.113805740773575 0.192066999307345
-0.150585390117629 0.0359420118745561 0.0712730797668504 0.349250324218154
-0.0966055873387553 -0.104440295652074 -0.229054017635957 0.426092938075579
0.0463646349271227 -0.0763293277921519 -0.465445554900677 0.233417201031315
0.0473484259615576 0.0567474390888044 -0.432290062987285 -0.170156201316187
-0.0495322031586229 0.112501802834249 -0.068845105583368 -0.230977854306853
0.00986427160830146 0.0830103066722603 0.265555962604825 0.0717293830315464
0.0665154641749455 0.0472695020866822 0.385523237609188 -0.119372001219641
0.065542322445169 -0.0397878059550218 0.198385202176393 -0.438696127030366
-0.0290980788850043 -0.0816373707215227 -0.143292103536477 -0.487312699467254
-0.0828168021381537 0.00804195005293566 -0.381529714684378 -0.261474402978193
-0.0276904041041249 0.0725240213906449 -0.345253998849858 -0.015238480052614
0.015329219545183 0.0968057193585125 -0.203788861186868 0.115062123987489
0.0285829940918339 0.124087696911023 -0.0803864641166491 0.152388009545025
0.0296915664497613 0.134891286316264 0.0263187664071645 0.169086874651155
-0.0263112621588615 0.127541540740284 0.132946775048637 0.230357173817273
-0.100478262615674 0.0697938158608072 0.123858813844661 0.353470457279382
-0.0970695541175633 -0.0550689172556088 -0.115389664219486 0.446214366021591
0.0233088860215007 -0.0824221226053107 -0.346081365073693 0.306218348475538
0.0737928656066645 0.0276587738383308 -0.389700317857028 -0.0919740003742212
0.0177379159278929 0.10204775999233 -0.0534676316724166 -0.237574227498333
-0.0548354321748007 -0.0420431383923585 0.0489238677936979 0.244562743623652
-0.0821638654356038 -0.016495762181631 0.348639809151868 0.0655976788570836
-0.0296995130385347 0.0444386992445245 0.259663221344462 -0.335894706452338
0.0411155878335402 0.0109109812430813 -0.00977787040544293 -0.446031508938663
0.0201090611780391 -0.0557399153412486 -0.199190280178181 -0.344618829038729
-0.0256379055286716 -0.0833466530850585 -0.191679791220527 -0.212201805697738
-0.0683008950588462 -0.0801513683231708 -0.0743678003446631 -0.169036493332131
-0.0728607653977753 -0.0823970653326208 0.0350558239465592 -0.139859433399548
-0.0508897171705027 -0.0862052949319066 0.19264537368971 -0.0982752108569868
0.00584953195016292 -0.0777179366007558 0.333057159152877 0.0711348422015551
0.0430884284363006 -0.0195137837254209 0.33048889046622 0.345127841524462
0.00741131560328338 0.0318490075708929 -0.00539482634301165 0.561671179555471
-0.063240912557614 0.0041766671325594 -0.37849732865027 0.428835675434159
-0.0519546703665076 -0.0547499607578928 -0.506120682611074 0.0723866517063428
-0.0267991371720859 -0.062782426049179 -0.33850513797544 -0.0976848536286651
-0.082792369603636 0.0152549476105257 0.0732937059500992 0.222694616532616
-0.0628469233511506 0.0117116579311226 0.296966612044055 -0.00901684617905158
-0.0353233102064454 0.0281684896890727 0.11435875779545 -0.333818832159851
-0.0112628646309952 0.00992142964531192 -0.121784242468197 -0.36981372862602
-0.0243335150157647 -0.00140228695080505 -0.246952409655303 -0.267606587088488
-0.0429848992960238 -0.00784950592010623 -0.214180241420448 -0.174477187276934
-0.0734997791563888 -0.0023983729891417 -0.107910704789645 -0.159678852092441
-0.0895468748897232 -0.016111411313638 0.00220689954778404 -0.146393407860242
-0.0849651200855438 -0.043920365629857 0.181446916384163 -0.103900075229114
-0.0417532817865825 -0.0775205881561617 0.325874385464977 0.106572809743903
0.0130423602679586 -0.0667690279684137 0.26261431522526 0.427439316451253
0.0422788947191441 -0.0297115849644009 -0.187156330142638 0.589210564670216
-0.000604203137723316 0.0138066572944964 -0.565508132595734 0.330919676900406
-0.0470927469159357 -0.00762966969477662 -0.577221532098785 -0.093347313256167
-0.0761398061431639 -0.0312198028930422 -0.3273916084604 -0.16271755250609
-0.0864865315230365 0.0751865967447219 0.102399543583178 0.182984981472583
-0.0247225419249619 0.0307089896026687 0.239944523454166 -0.0760894179569231
-0.0327473784585246 0.00353679199599541 -0.00788058228181373 -0.304808941904369
-0.0523056258157085 0.00614979075540062 -0.202419719270903 -0.271859785823833
-0.0515121601050917 0.0467869191584184 -0.268290643394233 -0.17054985540654
-0.0428783702224712 0.0590519926103388 -0.219457601834709 -0.110219139939145
-0.0641193211542736 0.0685584036245442 -0.133973690076903 -0.117890937649177
-0.0937648413430744 0.0515489813262922 -0.0334110731595161 -0.126823687084423
-0.111072390248018 0.00760575064527217 0.151258343314514 -0.0985319462923677
-0.0922471721908373 -0.0662032364328621 0.290545476408394 0.117486503434829
-0.0204259399521185 -0.107238103913954 0.180055159965977 0.444167803966706
0.0763284569996792 -0.0815458870212074 -0.318533059719025 0.53888134470358
0.0533385983835214 0.0314061305343817 -0.662942895201952 0.204189702681699
-0.0511833013231419 0.0355989212704757 -0.58330054098774 -0.231066389322825
-0.119156657903314 -0.00537812749495045 -0.287784822216527 -0.208000350384244
-0.0754191291085054 0.121182821073416 0.129961313459976 0.131460370913846
0.0185221886311057 0.0444308637987378 0.195549531364518 -0.134380243576876
-0.0150266054134216 -0.0254204513795678 -0.0891179738785095 -0.283870191115695
-0.0753118132110422 -0.0167865029758912 -0.252183509382286 -0.199898338965287
-0.0728189730814758 0.0663063582252826 -0.27658255575584 -0.0898641961763949
-0.0416735216589125 0.0983073547102797 -0.215268568461546 -0.0425508640295104
-0.0503493661466132 0.117045899940299 -0.149095564827772 -0.0611606893028369
-0.0863058187609109 0.107767231362543 -0.0639488750775025 -0.0844576378246766
-0.119381843066141 0.0642384196644114 0.105395540465637 -0.0749925796056905
-0.13298893095518 -0.0334235916943527 0.232691830025283 0.117248376641244
-0.0651805280448918 -0.120739945405308 0.103219570096965 0.411256523375414
0.0772812029350123 -0.12070665036602 -0.380023485508393 0.454159616349071
0.0847695530104248 0.0330678972480621 -0.669517620887448 0.102576726963671
-0.0494270687857215 0.0650299566637599 -0.539250810754798 -0.305360836413623
-0.145645961142567 0.0206110924772056 -0.226081097200765 -0.228019268181571
-0.0595475726967164 0.145944979653663 0.158665767205466 0.0801574052648016
0.0538779861816985 0.0569408550073925 0.179009920976914 -0.178746325233338
0.0144355901872328 -0.0480806218740607 -0.124136237070469 -0.292534969229846
-0.0808805026701173 -0.0531266464342332 -0.284589331806508 -0.180783704178322
-0.0932893080648091 0.0573254132639243 -0.295765813725089 -0.0473249042347721
-0.0449153968597048 0.110879312354644 -0.222586438119279 0.0112860555716257
-0.0368418850242931 0.141228391498112 -0.160543781594673 0.000492764815574805
-0.0661418209342778 0.149444644892838 -0.0878537980774435 -0.0248416611089977
-0.103066805714116 0.120405683067664 0.0567741150006143 -0.0287830811464485
-0.152777379005913 0.0257362105944437 0.1728428790722 0.119944443812583
-0.120441806402825 -0.0944566593085917 0.0619578538661468 0.366675605468777
0.0285436938360588 -0.148078325780733 -0.370665173808404 0.403649108708894
0.0925767579480789 0.0021797952107197 -0.628264144515708 0.0894547076332682
-0.0284781802176556 0.0796543254713262 -0.500051281754828 -0.300830129997048
-0.143080147038666 0.056352340031122 -0.164217402328041 -0.228342998163263
-0.0384949232995864 0.146125748368082 0.193930365319026 0.04534678521944
0.0754911161181888 0.0675773927114044 0.203249954756609 -0.208173564645212
0.0469018403640386 -0.0581171447879489 -0.101690489610361 -0.337870153608489
-0.0701321010276051 -0.086613243209407 -0.299370980855542 -0.229124613468073
-0.106605725389999 0.0338934466422394 -0.3346232960924 -0.0580207324101693
-0.0496152082842419 0.103831790905803 -0.252870921837542 0.04035527803521
-0.0219381640139464 0.14369687720162 -0.174169193916261 0.055608127087826
-0.0350125630273217 0.1689512514929 -0.0997228617747162 0.0424569155388861
-0.0616185130551619 0.161433965149633 0.0208709220367932 0.038137152258696
-0.136313502063272 0.094400096978909 0.130740900342532 0.144648363027675
-0.158936542811541 -0.0310758424248005 0.0542876508008051 0.346109471242023
-0.0467355630498904 -0.144248751595742 -0.313974138673245 0.406750865467431
0.0762679995881393 -0.0448953101284367 -0.562556936477174 0.151699785508197
0.00968091187488603 0.077083473495048 -0.471952201020309 -0.243057220549971
-0.108842686323993 0.0943855858306122 -0.111646057749867 -0.226634977781426
-0.0183391705848322 0.121759995963355 0.232427863212366 0.039878785534204
0.0770858834215742 0.0681507202709022 0.278781460936372 -0.195711927473812
0.0696940863336826 -0.0523139591963799 0.00423880796514791 -0.404430007161817
-0.0471875352941729 -0.100896915616848 -0.262339773415868 -0.347310545347078
-0.103954667623668 0.0108125471584765 -0.375173221649593 -0.134233877745937
-0.046172001927503 0.0875040017208796 -0.301120064080863 0.0303466168753252
-0.00568744582351079 0.126755247515359 -0.189985751893899 0.0958418849650671
-0.00164063250613686 0.160614215156381 -0.095806811486197 0.106185309231532
-0.0112697170189619 0.168070846006695 0.0130161088881295 0.112452019695111
-0.0849063907723097 0.136313289331319 0.11917409084718 0.190754202811544
-0.151734383576856 0.0398963222548793 0.0796628574848902 0.351599846807641
-0.099744608726918 -0.103115702816205 -0.223537500365033 0.435916226927574
0.0455424373029958 -0.0779274715548517 -0.466758374949956 0.243063030979205
0.0491162462732377 0.0567630167028088 -0.441813857682519 -0.165224402621185
-0.0479801595795879 0.114267292012763 -0.0745724294136891 -0.232999787919511
0.0116453737665463 0.0834872120955033 0.270004001366918 0.06810559565353
0.0682713252286809 0.0468022537968532 0.388250405900543 -0.126797517597724
0.0656480295740166 -0.0410489567615846 0.19248540444612 -0.44801719309494
-0.0312172998696102 -0.0817246159371669 -0.153518395419402 -0.491190595639916
-0.0831167518518392 0.00968103101487967 -0.391277419797595 -0.258517045172811
-0.0260770422346925 0.0738794502252673 -0.350459106231292 -0.00969026108427019
0.0173210419037563 0.0977166388970124 -0.204428063568264 0.11969119018596
0.0308514591463053 0.125013755810091 -0.0786266804644641 0.154981156026949
0.032952983467446 0.135570954457562 0.0307450695903487 0.170169403080543
-0.0242426068491344 0.12896165680333 0.139057110642755 0.229291195321361
-0.100063037726251 0.0716133291499445 0.132785595167761 0.354932602385912
-0.0992769002427551 -0.0540535039590249 -0.108347357711585 0.454072530936168
0.0218977146399256 -0.0837669746720147 -0.344953122870683 0.314925488845543
0.0756438653748108 0.0269488366066867 -0.396126655559693 -0.0869132474785254
0.0200326303326495 0.10224285103557 -0.0592666798030943 -0.239628552518107
-0.056412418911689 -0.0414495504163533 0.0544992477406682 0.246971404852196
-0.0835218857779645 -0.0152380430832306 0.354548165512752 0.0600426768566108
-0.0287929442707838 0.0460291890822372 0.255745511387656 -0.345296788921514
0.041963847163758 0.0102461000945933 -0.0196067888022673 -0.451704444485215
0.0199021410564226 -0.0567767776299226 -0.209207521518211 -0.344315583837686
-0.027605876721114 -0.0840124936997719 -0.19883839212401 -0.210709503419412
-0.0715175386269648 -0.0799444310005263 -0.0787862692778264 -0.169395542798097
-0.0754393228834398 -0.0815118930455895 0.0326920084860385 -0.142034793204446
-0.0539124858581303 -0.086502313066932 0.193710238323385 -0.102815221388886
0.0037514966224545 -0.0786244935555163 0.338655640182408 0.0662869990887362
0.0433357935186689 -0.020863514040787 0.341944309493891 0.344518475874226
0.00819532272562843 0.0315445914002657 0.00508254575742532 0.571219866651226
-0.0633046788530346 0.00600961773939573 -0.374529073348208 0.441390353140494
-0.0535060651857741 -0.054440593433186 -0.511161518412277 0.0823536746987469
-0.0288124699402404 -0.0629840972068913 -0.34470051858487 -0.0929633149147359
-0.083767426761153 0.0174370954139651 0.0786308841635866 0.224390491743985
-0.0635344556881736 0.0135134131136967 0.300417295544337 -0.0156247124524388
-0.0350883756576774 0.0297824009433642 0.109418552146533 -0.339811879286102
-0.0108106352550748 0.0106927299799496 -0.131324413886048 -0.371083815843994
-0.0241090887728765 -0.00106592970603833 -0.256560698771137 -0.265456442608404
-0.0442229338914832 -0.00701812287438372 -0.22082109032213 -0.171096011654549
-0.0748879869996406 -0.000594075082649717 -0.113047359727327 -0.15906658917303
-0.0911685741259858 -0.0143582640375708 -0.000769130274633822 -0.147314185026623
-0.0871894013764438 -0.0430383066967695 0.181539285250003 -0.108392255171241
-0.0440847173665547 -0.0782550152902097 0.332165292892796 0.101779850597317
0.0124972165591974 -0.0683748613126972 0.27412383568766 0.428485855120374
0.0429055531168088 -0.0310714399871019 -0.178493614890838 0.600396042832164
-0.000145121666505833 0.0144739232196376 -0.568234624563189 0.346887387423158
-0.0477740794231071 -0.00658918946776896 -0.588871956150876 -0.0848467902038357
-0.077853347303088 -0.0299689965006394 -0.335535127079348 -0.159047775360608
-0.0863935357550682 0.077987861912203 0.107092103533993 0.182828214450714
-0.0241383073970012 0.0313984430836371 0.241841105466466 -0.0823305465290497
-0.0328708268493917 0.00420486374470377 -0.0141110188010777 -0.30853733211717
-0.0529584163100692 0.00706120920413649 -0.210780313526238 -0.27108180573461
-0.0506956849744728 0.0480305212847143 -0.276630089451371 -0.166825319867333
-0.0419751081013074 0.0601723483672311 -0.224368591454953 -0.105875291137438
-0.0640393640902664 0.0701714743914798 -0.138500544823876 -0.116607480533934
-0.0944264591597196 0.0538494246461658 -0.0366027413373011 -0.127504671870186
-0.113264313829987 0.00941260491704619 0.151555698279268 -0.10258645778793
-0.0945995419634012 -0.0660730099550104 0.296553842484587 0.11403230940854
-0.0223302927881755 -0.108593289963696 0.190615047972389 0.446591151071971
0.0761430339892719 -0.0836821947178924 -0.313903660350598 0.551524206250472
0.0551065987056649 0.0315409411428347 -0.667666837050399 0.218149515129929
-0.0509896598978232 0.0375477238400783 -0.596461390243279 -0.224020644043039
-0.121293141358088 -0.00357856068965098 -0.2967515582047 -0.20574235792039
-0.0741674118004091 0.124003396181204 0.13429328937177 0.130875967849929
0.0196815859663596 0.0448641545850593 0.195636176904648 -0.14070332969005
-0.0153306033969243 -0.0246255308827273 -0.0967428842305296 -0.285468417139283
-0.0767495762351907 -0.0153883247326123 -0.259640076711633 -0.19767640177985
-0.0719645979507533 0.0682011516563735 -0.283221702646613 -0.0860126704900683
-0.0399296118198985 0.0995514387875622 -0.219458763707211 -0.0384695921941802
-0.049214655666744 0.119150039860029 -0.151859636919684 -0.0590287904746914
-0.0853060857415054 0.110940588179305 -0.0660854407273982 -0.0840451244858779
-0.12000787609105 0.0665857367795413 0.105382566665952 -0.0778075493147048
-0.134694336668655 -0.031980503810631 0.237118948790619 0.113843686201819
-0.0658604003489348 -0.120613513728181 0.112361425921776 0.414587147278687
0.0766470325925521 -0.122965046661642 -0.37679999398302 0.466735640256044
0.0869410563638921 0.0327887010249262 -0.676728654819729 0.113940032193937
-0.0485158505486582 0.0676411490212541 -0.553272628639018 -0.299903739607484
-0.147023545960127 0.0235189139578432 -0.234289192581034 -0.227772221760317
-0.0573022349740805 0.149178521172161 0.162550513591207 0.0781555509957133
0.0561972239787541 0.0568029721725117 0.178456014408371 -0.185690793771533
0.0140962733912373 -0.0487156645689763 -0.13121331628792 -0.293780106193563
-0.0824935612743044 -0.0521528984642241 -0.292239331557988 -0.177442362673455
-0.0926179321506438 0.0597102161203904 -0.301427001261151 -0.0418045546256031
-0.0431573174940025 0.112383833639797 -0.226203335161655 0.015654182625934
-0.0345931931355281 0.143735301394998 -0.162960966713216 0.00300676617589656
-0.0638492843725318 0.152447160103942 -0.0899423721711305 -0.0237253926105607
-0.102023851680284 0.123317017245043 0.0569012387895837 -0.0305260599685812
-0.153577667429627 0.028340021550996 0.177466787344133 0.11755650132901
-0.123371508973382 -0.092833161436076 0.0704112707665885 0.370093004563034
0.0266517332912897 -0.149805851575756 -0.368350595159271 0.415477363249482
0.0938099951883285 0.00118237681605494 -0.635429734257583 0.101383625311633
-0.0275883311314987 0.0815839250339987 -0.51403776009458 -0.295691478383197
-0.143689580344035 0.0593195000742579 -0.17131072796893 -0.229713819631384
-0.0361763988161089 0.14860533853135 0.19719690379899 0.0421966692337748
0.0776331155033323 0.066980144129083 0.202822354343816 -0.215189488091848
0.0468721082695301 -0.0594842125474406 -0.110309494965274 -0.340731138127624
-0.0729676245749034 -0.0864868845836799 -0.307649716203645 -0.227325535178466
-0.106924738904152 0.0354301732093475 -0.341949943841022 -0.0524191980460114
-0.047557081559661 0.10568374432862 -0.256432941145991 0.0453343377255645
-0.0199741410285659 0.145750531679027 -0.175759416143645 0.0595145290725239
-0.0325502754814415 0.171456066840604 -0.100155825389548 0.045068968969199
-0.0593090278835564 0.163696002199284 0.0229002447400984 0.0380583615819121
-0.135488634313727 0.0976740082158875 0.135937520788816 0.143736182520675
-0.160899955352481 -0.0278958858451699 0.0620520006157049 0.349484067539464
-0.0498466572018778 -0.144354880514232 -0.310497313696054 0.417417375973256
0.0761731929120826 -0.0460159876481492 -0.566448963179882 0.16420769700789
0.0112590039047166 0.0779868685341898 -0.484125961180306 -0.238956772230915
-0.107845497999595 0.0973601828807335 -0.118319673476267 -0.228654482724758
-0.015985561568345 0.123296026880383 0.236345816316821 0.0356933016507967
0.0793675968243655 0.0676212172240063 0.279561237381012 -0.204785031954484
0.0698943164568435 -0.0536879900756229 -0.00250550227390746 -0.410219520320273
-0.0499418631313837 -0.101765692327151 -0.272543811853104 -0.346660554127456
-0.104751264059492 0.0127799036400053 -0.384144916472176 -0.129823060966566
-0.0450678957813187 0.0891453230226818 -0.305448400291126 0.036209977372723
-0.00340069793664214 0.128574185151791 -0.191011546395517 0.0997556658213163
0.00201497976987035 0.161811489903599 -0.0949849492811273 0.109177156397039
-0.00738600173260549 0.169834428668513 0.0160225022285079 0.112919372332403
-0.0828119372490492 0.138993443632797 0.124813676825194 0.190092491548936
-0.151623839315954 0.043444658390074 0.0882536891912982 0.353809092425451
-0.103379113213487 -0.101973786774404 -0.216979854900576 0.446805437766588
0.0445740032832637 -0.0791380714919686 -0.468145022733917 0.254282882484138
0.0514405511809212 0.0566163756955229 -0.451879610714456 -0.159418942082043
-0.0467287763014144 0.11659002614638 -0.080324292787855 -0.234789171077256
0.0138722450186561 0.0840852588100816 0.275038953878878 0.0642609571170969
0.0703520329808461 0.0458683992933277 0.3916555850704 -0.136685782126718
0.0658522029420939 -0.0420826760701325 0.186964013084079 -0.457214703541327
-0.0334246559879385 -0.0821885046932915 -0.163957078820812 -0.495372428918156
-0.0836118863795275 0.0113829157507083 -0.401444836649978 -0.256414912469683
-0.0248394359937257 0.0751179294876459 -0.356250454534356 -0.00409960189965282
0.0189207275223122 0.0984937688535189 -0.204860832412877 0.123939020036186
0.0344560634498009 0.125955654343078 -0.0762683769621894 0.158295677016987
0.0365518350225269 0.136477267445431 0.0354459876701031 0.171363152030415
-0.0214813726880463 0.13118209260589 0.146753028573591 0.228912198766491
-0.0992674654294292 0.0749043593789688 0.141864684893574 0.357232207458252
-0.101610032753967 -0.0524421332965539 -0.0997855139418255 0.461895079190514
0.0202162050386313 -0.08505962087501 -0.342182393695642 0.326645215323324
0.0780555930260845 0.0254835796995418 -0.404349644197251 -0.0813113756855895
0.0220758777110852 0.10292791214774 -0.0651774664072298 -0.241806966678178
-0.0581653836837841 -0.0404180438206675 0.0601168328394228 0.248704932134566
-0.0851977605780813 -0.0134410095713129 0.360667136539501 0.0537141100515402
-0.0282188903966897 0.0474837839959177 0.251116554705579 -0.35560160482811
0.0428056668247775 0.00941655590625659 -0.0299699198610238 -0.456418993708791
0.0190346787653547 -0.0583693115249532 -0.221068597497183 -0.344004168521404
-0.0300622534836925 -0.0846283798805745 -0.207187266846129 -0.207809548047123
-0.0740183432787064 -0.0787584978033805 -0.0840004898118381 -0.169613972134246
-0.0789938597205355 -0.0807608101742214 0.0298387968518169 -0.143858449426771
-0.0566846523519452 -0.0863487049916934 0.194325108339001 -0.107893838508425
0.00179905750643628 -0.0804038984454417 0.345300967518849 0.0609297287163566
0.0436947330922243 -0.0224306435665389 0.354133798165673 0.342983075315432
0.00934233045537411 0.0318363229662721 0.0167876782673269 0.578537240208486
-0.064146058721982 0.00740079818708603 -0.372356064109411 0.456297416307939
-0.0550580040028967 -0.0541272302203716 -0.517462680729315 0.0936214327549027
-0.0304457781293123 -0.0631113201369508 -0.352803195874296 -0.0885621627785673
-0.0844567369851005 0.0196275948314115 0.0842746529910734 0.2263638172664
-0.0641766314811242 0.0151610920221318 0.304478754615189 -0.0216320342001682
-0.0343811820616622 0.031244722306165 0.104113641215162 -0.345790725368533
-0.0106809891580511 0.01083330172547 -0.142666898811395 -0.372774779421886
-0.0238651551523782 -0.00102680571227158 -0.267744318814914 -0.262622274954773
-0.0446339852940097 -0.0065127652122844 -0.228352015757498 -0.168532346554628
-0.0764827959861166 0.00122363397301052 -0.118550030919826 -0.158191567713073
-0.0932803721478716 -0.0123892402248959 -0.00433484885368803 -0.149231927959513
-0.0900328886018026 -0.0419771106393835 0.182649380716098 -0.113429813030904
-0.0462232231329683 -0.0788896107287071 0.339806278980129 0.0962715488960977
0.0112771854320539 -0.0702917400619112 0.287599778273721 0.429469397238534
0.04356211935459 -0.0324195495690895 -0.168102305749035 0.612772150130699
0.000680223875147138 0.0150783202846176 -0.570909948908238 0.361385172210735
-0.0480070204865296 -0.00581696959656906 -0.600701572068533 -0.0742096597374044
-0.0796796933278248 -0.0286890873192887 -0.344347705578171 -0.155282178451653
-0.085630413773017 0.0807573843181891 0.112182630224912 0.183251213951412
-0.0238900476788696 0.0324240257005143 0.243967000135579 -0.0897388244660223
-0.0325713455520068 0.00526985042780708 -0.0208375863686749 -0.311877685870255
-0.0534623899786926 0.00813952131278589 -0.219820072575257 -0.269377749163068
-0.0499143445658758 0.0491044692260626 -0.284727583300069 -0.16263644739785
-0.0410926083120329 0.0611291894310719 -0.230946542276667 -0.102416187335207
-0.0632388311969742 0.0728682405496883 -0.142935658702547 -0.114728958103403
-0.0944915088423316 0.0565618015072768 -0.0395661470471034 -0.127854494955855
-0.11458148017973 0.0115553708016858 0.15130924808082 -0.106669452609037
-0.0972122348616213 -0.0664472491907893 0.302545768823287 0.109848159500142
-0.0241293939679113 -0.109088823124193 0.202867095850324 0.448181170093356
0.0765236284484332 -0.0859999289578198 -0.306570606602557 0.564559657274162
0.0567098869273752 0.0315572480391393 -0.675638161904732 0.23441938141749
-0.0506865117342364 0.0395650532726585 -0.610831178165328 -0.216353739927441
-0.122694930424243 -0.000601334514887517 -0.305668157394175 -0.203468040707596
-0.0723976726363136 0.127532192088994 0.138649507686989 0.129235985891442
0.0215263322634388 0.0450364196829033 0.196012768836976 -0.147899766951269
-0.0155275051166337 -0.0247994468573286 -0.104319717807975 -0.287129893949636
-0.0783078141270362 -0.0137393394331642 -0.268424984203164 -0.19499037876409
-0.0712853743884061 0.0697104942766697 -0.289314080089398 -0.0802033317056425
-0.0380394590133285 0.101395889922254 -0.224369002245405 -0.0341232481442512
-0.0476565701073283 0.122128004670408 -0.15546750207529 -0.0563344497884475
-0.0837355617606679 0.114143219586671 -0.0691425887140118 -0.0835739834482077
-0.12073752450415 0.0694579170950615 0.105417966725131 -0.0809081844136208
-0.13687298984717 -0.0307451227627967 0.242440543842859 0.110499524176262
-0.0686763995385322 -0.120936888672454 0.122933824380514 0.417442950184782
0.0757050616842734 -0.125434062675043 -0.372311627451843 0.480943776375043
0.0886357321586281 0.0323326341988141 -0.68466368691133 0.130211722315262
-0.0477772192454043 0.0698358335254011 -0.570023132576481 -0.293733864682072
-0.148480554865761 0.0272107393374489 -0.242835580639907 -0.22806416413455
-0.0554513307148153 0.152265671845536 0.165733429344589 0.0756272478167845
0.058464104105698 0.0563191238467609 0.177377992424384 -0.19206809714721
0.0136028250029109 -0.0494103070422854 -0.139203584843489 -0.294994947537621
-0.0853739993865745 -0.0511351986787537 -0.301138067634541 -0.173526870083579
-0.0921289022453301 0.0619277528590064 -0.308406617169403 -0.0358287814015585
-0.0413407617886389 0.113994327123441 -0.229834147729016 0.0213419101271488
-0.0324893539714622 0.146708013879786 -0.164993061182589 0.00624437670952325
-0.0614432853195993 0.155741775764503 -0.0915394400087567 -0.0221428632778641
-0.10098197871628 0.126546593022129 0.0574865267397571 -0.0322066480264903
-0.154321632150061 0.0313520235851627 0.182799986101718 0.115474211074147
-0.125661053392486 -0.0910280236388188 0.0787781600143933 0.373619273050368
0.0244103023018466 -0.152050978874723 -0.365059477921789 0.429417984985996
0.0951415994161281 -7.27553289087204E-05 -0.641692106824193 0.115102916323588
-0.0261407662111098 0.0837763698719049 -0.527998034806853 -0.289604327130608
-0.144697305187354 0.0631188508909099 -0.179036819124774 -0.230255660783131
-0.0328539788421095 0.150975554575551 0.201134142364162 0.0380727842175099
0.0805512362146237 0.0663450750836682 0.201842743361227 -0.222778094920049
0.0468703436883402 -0.0612748477534181 -0.118391586773811 -0.342828725259194
-0.0758307734236056 -0.0865297020096585 -0.317864135270772 -0.223047508556857
-0.107092566017093 0.0379167385866263 -0.348815565278685 -0.0458413405056804
-0.0459630841526886 0.10778452859013 -0.260206218480007 0.0512299513663257
-0.0172440813834128 0.148358561865834 -0.177230064157584 0.0634232903729891
-0.0285834181561497 0.174212341760359 -0.100307334179563 0.0475888688630974
-0.0565437746255492 0.166796066841706 0.0247133984507328 0.037481971291126
-0.134348367110261 0.100905733420687 0.141508740724374 0.141663218691166
-0.163843139135932 -0.0222499009513034 0.0714087391473651 0.352048312893705
-0.0531535713767672 -0.144729570003376 -0.305797884892968 0.429886759679642
0.0759624319100615 -0.0479699730061566 -0.57042971994914 0.179304694813323
0.0134513713241266 0.0785932467622655 -0.498100960841403 -0.23259983510005
-0.107013618307894 0.100675098730489 -0.125361386765907 -0.229756089548654
-0.013296989604017 0.124897150752409 0.240516080182947 0.0310413555258897
0.0821163541620536 0.0666537902889902 0.279877519626107 -0.213502798958009
0.0700292718802643 -0.0555059717033825 -0.0121344709860269 -0.415299832003428
-0.0529842267361597 -0.10160761103202 -0.283725119933901 -0.3456240835436
-0.105351303887813 0.0147082671876824 -0.393281583818867 -0.124074133320748
-0.042756030953799 0.0910452617709554 -0.31009535378263 0.0428539937818487
-0.00121906355229863 0.13020679321418 -0.191626589052802 0.104096452626996
0.00522505846694953 0.164067576335161 -0.0935968132794745 0.112205294548926
-0.00395243950582015 0.171432427006314 0.0198402277184406 0.113908474824806
-0.0802451762199631 0.142190743323384 0.131943005021754 0.189259659848383
-0.151705751770969 0.0475967220624178 0.0974902627274188 0.35631212928852
-0.106740964318167 -0.100987985551115 -0.209368045557451 0.457398061109141
0.0432119479471423 -0.0806877526132236 -0.469567086251596 0.268061570398641
0.0532846137941204 0.0561615138029275 -0.462960660393821 -0.152317998964502
-0.0450135153844655 0.118537259479546 -0.0876445154839455 -0.236558314666791
0.015915352573246 0.0846859281451142 0.281296203307926 0.0598781524580114
0.0723488519895664 0.0444345398987031 0.395208764187915 -0.147179124770795
0.0660614989585497 -0.0437728960559299 0.179541268152508 -0.467977558318883
-0.0359028763376069 -0.0821393041498142 -0.177156644229647 -0.498896188576213
-0.0839666569175578 0.0138128514802901 -0.411946629104267 -0.252173415746488
-0.0230957622906357 0.0765610697224362 -0.362244169848055 0.00307162803790479
0.0212982007776188 0.0992102012470703 -0.205511534760663 0.129332107436624
0.0378470656718731 0.126678967455813 -0.0737320296630838 0.161448125038512
0.0397668010890854 0.137086515782239 0.0404174388450246 0.172289563677696
-0.0187728856727186 0.132739058198738 0.15436574571738 0.227537191462995
-0.0981526736407908 0.0803494783719859 0.152917888378425 0.357131058823575
-0.103914452058437 -0.0510514998249817 -0.0906652442999754 0.471225015001995
0.0184800784885451 -0.0866479856224721 -0.340281858055447 0.337620467740503
0.0795828522914322 0.023625123174476 -0.413253475998225 -0.073288482956934
0.0246936403068315 0.103139973061672 -0.0720734253734161 -0.244605145408308
-0.0597021602620911 -0.0397459740681876 0.0667041300757167 0.251457149239248
-0.0870920381332905 -0.0115220717042232 0.366775722700157 0.0457249375736739
-0.0276599554081772 0.0488463077930987 0.246723880107923 -0.366442987601898
0.0439999659398967 0.00823550579099599 -0.0411013094982208 -0.462926998961687
0.0181780858277538 -0.0598663776813476 -0.232439117647087 -0.34250222781767
-0.0323933877825472 -0.0856365487132396 -0.215285518035974 -0.20525934021352
-0.0775287310284013 -0.0780184841170761 -0.0896414065937094 -0.169114761708891
-0.0822154644094924 -0.0801276578122925 0.0266305547573599 -0.145831187347331
-0.0603938574482145 -0.0863673757097091 0.195084241321136 -0.113313020420299
-0.000257364412733395 -0.0820363789333234 0.351952447912 0.0546729102974987
0.0438942359220544 -0.0242085615760774 0.368084784178891 0.339876066471392
0.00997913120996046 0.0316826142351294 0.0312901887952343 0.586967884049264
-0.0646493725281233 0.00931891381848325 -0.368564306734385 0.471851372662806
-0.0569248098065932 -0.0538902846201684 -0.524894662149596 0.107981867716139
-0.0323891614557693 -0.0632298197197466 -0.360439873061914 -0.0810417254307305
-0.0853869496328464 0.0218250996289645 0.0903508216324393 0.227742631654803
-0.0649528834288899 0.0173338017291062 0.308380911485062 -0.0290265110144007
-0.0341008688093372 0.0330352565155807 0.0966083528214979 -0.353800191752671
-0.0103343733330238 0.0114021279326864 -0.154412414287249 -0.37457048904269
-0.0240597016350809 -0.00103809776860201 -0.278709092335871 -0.258971657498246
-0.0449482440741241 -0.00633659119397626 -0.236111992093866 -0.164705681359161
-0.0772703854817908 0.00308783061645735 -0.124542569298789 -0.157491862462604
-0.0951333103554128 -0.0101090584162149 -0.00800325815585654 -0.150876143606235
-0.0930721460698568 -0.0411408182584665 0.182738881148702 -0.118574300337198
-0.0492963745399102 -0.0798562709516153 0.34657810099746 0.0898319424841656
0.0105246334609919 -0.0713242049020278 0.300752736180368 0.428833294985022
0.0436386724950707 -0.033960607539707 -0.156292312485044 0.626232839440885
0.00138710781617558 0.0160290179817773 -0.571451197071529 0.378259614599653
-0.0492861137663337 -0.00412111256219774 -0.611707137253016 -0.0614751473880828
-0.0818578348623266 -0.0272559488301852 -0.353604639097603 -0.150093072958595
-0.0855142944657017 0.0839062021914013 0.118290079496588 0.183300312168108
-0.0233570863352292 0.0333139066234026 0.245830320069747 -0.0968179463194268
-0.0326525503896452 0.00636161414679519 -0.0284270975092024 -0.316297888894361
-0.0537859389813943 0.00979298032670878 -0.229612225428043 -0.268609218548394
-0.049335719262119 0.0508670487440202 -0.2942518242963 -0.157098710838234
-0.040143705431438 0.0625863151579093 -0.237857567979134 -0.0971096176611455
-0.0629480096702548 0.0756343594903772 -0.148420076695207 -0.112958818411454
-0.0947361763290383 0.059520856453986 -0.0429580693207152 -0.128640896657168
-0.116629647864308 0.0137188340485941 0.151412759914234 -0.111674546015326
-0.0993344256575979 -0.0657502517043437 0.309992080675707 0.104207710598688
-0.0262673064409859 -0.1104346952262 0.21610301540687 0.449961332505428
0.0763988557589012 -0.089088749968981 -0.297721178967977 0.581848526761242
0.0591058630479632 0.0317197493469031 -0.680735266771002 0.253167685176464
-0.0496207428306132 0.041706852114003 -0.625801052382669 -0.204981475733713
-0.125343841333435 0.00229455656439114 -0.315880191831064 -0.200302148767579
-0.0700587574076485 0.131289797128031 0.14375224117721 0.127748223933069
0.022899398082736 0.0448642296535618 0.195719457070188 -0.155111770293178
-0.0159199533286013 -0.0242626958436127 -0.112198553442524 -0.288988931514133
-0.0798043848186186 -0.0122093527669937 -0.277949334688522 -0.190214410351449
-0.0701932049548627 0.072173857267377 -0.297554312425983 -0.0733564386125992
-0.0364029153249557 0.103012161096337 -0.229043993742044 -0.0291685326010505
-0.0457297600938336 0.124527206050439 -0.159727873506243 -0.0535389641998742
-0.0827965820739988 0.117699995516897 -0.0720229541204205 -0.0827049158224619
-0.120997992409702 0.0725007244791275 0.105452597048886 -0.0848312028229152
-0.13906401401008 -0.0281734987136301 0.249558506128586 0.106624417693457
-0.0732386800799518 -0.121201890388073 0.13406752766759 0.420580506674432
0.0749102935438179 -0.128593983087823 -0.367569185578923 0.496801237751544
0.0907801535341774 0.0319058359581701 -0.69223938618562 0.148594417219465
-0.0466378873483037 0.0724238909318258 -0.584615204911277 -0.286705320815542
-0.150097877536729 0.0303653172101223 -0.252560638289204 -0.225859855637806
-0.0519670253759529 0.155452746021733 0.170241392965162 0.0727943216856863
0.0608665720416151 0.0557622799547479 0.176485272460727 -0.200344916571378
0.0133082327721765 -0.0501257488157391 -0.14909348486088 -0.296377922031934
-0.088071941325084 -0.0501969411419639 -0.30963753941969 -0.169046782669152
-0.0917438508885113 0.0643403179937627 -0.314722922969319 -0.0281731794692135
-0.0390147646162702 0.116230553189371 -0.233753632787711 0.026541819417691
-0.0296832482822547 0.149320256926563 -0.167894303064222 0.0100711658979044
-0.0586823613121053 0.159493263552378 -0.0932885697917864 -0.0200539945488393
-0.0996308362300394 0.129952933748556 0.0579414651080911 -0.0344182596404184
-0.155051941368701 0.0343150909583886 0.188149986017351 0.112336011853296
-0.128618225106452 -0.0891482495407153 0.0889737795704288 0.37791149877639
0.0219818588909332 -0.153553322065241 -0.360406769047104 0.443840419311392
0.0966974217544135 -0.00106889656951377 -0.648558533005803 0.131150067348738
-0.024207464336486 0.0860175072131252 -0.544903303236209 -0.283281379603096
-0.14523329016087 0.0671614005904346 -0.188104054456457 -0.230709720415596
-0.030657194097273 0.153664525798949 0.204954014287148 0.0339034648511255
0.0837964004450657 0.0650327919817366 0.199646996879725 -0.232032946364221
0.0463007245214663 -0.0625052751492775 -0.128286331995702 -0.346019837489627
-0.0791936886487134 -0.0861284338862083 -0.327776143571712 -0.21929320449416
-0.106947749262739 0.0415453776301606 -0.356584598409875 -0.0374452673868747
-0.0437750868089491 0.10953214234682 -0.263617962039227 0.0575967558336343
-0.0144038806249712 0.150662319211402 -0.178488539991337 0.0676242891422599
-0.0252485322690885 0.177473348971143 -0.100565000513507 0.0504054006658151
-0.0532910262742849 0.169667768240511 0.0262852193978195 0.0367912246381613
-0.133000033086598 0.105225207862096 0.147076431370984 0.139638370796523
-0.165538746379235 -0.0182117460356382 0.0811460716488883 0.355836114073658
-0.056898671091677 -0.145148621913422 -0.30032303495562 0.443594917864612
0.076099089664186 -0.049491492403809 -0.574777617776098 0.192578066753311
0.0156261286623274 0.0798532405064607 -0.511891703133867 -0.225200310305843
-0.106628288551997 0.10408529621986 -0.13270666645289 -0.231327873052595
-0.0105087625545287 0.126992527120047 0.245088929219121 0.0262266507578274
0.0855067414591708 0.065636569182864 0.279638764929176 -0.223970915751981
0.0703864482052448 -0.0577570139956116 -0.0218253551450102 -0.421289684896872
-0.0560594457192307 -0.101740100009259 -0.297090786322267 -0.344620282452504
-0.106241406981895 0.0172591475284925 -0.403548109567833 -0.116907898563981
-0.0414612889642976 0.0924224150387891 -0.314820572469667 0.0502066521675281
0.00224978059902548 0.131992791060927 -0.192133829139104 0.109686305737909
0.00924375906552122 0.165922502316571 -0.0920411076179454 0.115564719021527
0.000171349335700336 0.173292132785092 0.0233946721645649 0.11405634948691
-0.0775863181020117 0.145631448099561 0.138905663070009 0.187826363492241
-0.15203696182378 0.0521412163590848 0.107837144476237 0.359086802778248
-0.11039876257904 -0.099404471197043 -0.202372705935882 0.469263779683011
0.0419876389421692 -0.0824512891882861 -0.470796044075328 0.281867970441292
0.0560109221086457 0.0556289966777889 -0.473596581518399 -0.14460957269926
-0.042555467069548 0.120817035403777 -0.0943036864359625 -0.239066670266951
0.0181009177703173 0.0849551546209295 0.287560478958609 0.054018958422962
0.0745402342332696 0.0437773122723646 0.398473252797306 -0.159057443340071
0.0658095248876289 -0.0460257785874882 0.171735821907306 -0.479125341104239
-0.0385160940344477 -0.082697262627609 -0.191477205058343 -0.502576556848486
-0.0844754551038874 0.0155232624785907 -0.425582434850055 -0.24617949330734
-0.0214243286001611 0.077703017372074 -0.369638030369924 0.0104347119027615
0.0238819406399294 0.100219977835455 -0.20536950963878 0.135352224409003
0.0412113144581529 0.12783785670821 -0.070726236027443 0.165115694992515
0.0439874563001711 0.137591382172756 0.0462311472213941 0.172963796677273
-0.0155258750832064 0.135214442114866 0.162670323696676 0.22612360049099
-0.0974235479451128 0.0838290625125652 0.163922260281351 0.358548648291306
-0.107150292123642 -0.0494923678803195 -0.079851926742475 0.479786000418078
0.0172833940740076 -0.0877483561142573 -0.337849287999555 0.348515612409929
0.0817739412739491 0.0224175068403634 -0.42112359515056 -0.0654353109384964
0.0275312249850462 0.103851710209809 -0.0794537027101212 -0.246110230939897
-0.0620588125747773 -0.0382504717060758 0.0737776254248141 0.253638678346606
-0.0882783556950579 -0.00918882099188291 0.373014578086276 0.0368825455025164
-0.0260681952256309 0.050498257233922 0.240717617990571 -0.377784413216724
0.0447186251065729 0.00758205540293473 -0.0547575170537992 -0.468473027935538
0.016800224075254 -0.061251058949574 -0.246680223017091 -0.341049124198549
-0.0348909813167811 -0.0858344139398844 -0.224486786924432 -0.201500125027202
-0.0812148041218371 -0.0766529142173883 -0.0957634631891538 -0.168432058244708
-0.0855438544354873 -0.078100047399517 0.0237457624943827 -0.148512782763833
-0.0641432766165889 -0.0859760241579721 0.195327843609333 -0.119945703298305
-0.00255623137924044 -0.0833969106690977 0.358391785760634 0.0470117589882
0.0439649323200396 -0.0257130240781802 0.381907057180337 0.336031090111859
0.0116241238564234 0.0316334832772149 0.0459596655636961 0.594806790662702
-0.0654481604821284 0.0111908668669983 -0.361893788522598 0.488160211632055
-0.0588805491399264 -0.0530627772911958 -0.530292315211174 0.121935956815311
-0.0346746742245631 -0.0630833229195566 -0.36798754161883 -0.0737268484284028
-0.0860724818481905 0.024642401185842 0.0974055773612257 0.228407599579888
-0.0656799159558635 0.0189107134484193 0.312251874527433 -0.0378820393842382
-0.0332815859199197 0.0344256728834275 0.0886368839353696 -0.360819373923581
-0.00981758810035565 0.0119335408677351 -0.166745851713446 -0.37599137576671
-0.023996003773794 -0.000756686201699163 -0.289475084089904 -0.25480101716699
-0.0458169552660364 -0.00553583322352226 -0.244532182086961 -0.159253092895154
-0.0782864811170936 0.00547554881924125 -0.130502373643838 -0.15534460133491
-0.0967352843458387 -0.00764156078789137 -0.01178416844044 -0.152175401412759
-0.0962864133588734 -0.039241665083288 0.182321060063196 -0.1249035265758
-0.0521896268464235 -0.0802673962524823 0.353787946070546 0.0834616736686111
0.00980066956772667 -0.0724553439175507 0.316291329416002 0.42775958151661
0.044157589972669 -0.0358377266168654 -0.143943992058266 0.63955945712104
0.0024172762460968 0.0165652988754407 -0.570417793318231 0.398445261410977
-0.0496511237331761 -0.00289712633798967 -0.621687149522557 -0.0476964783348781
-0.0837264992527318 -0.0251214132667873 -0.362656251807943 -0.144168586625692
-0.0845749722392359 0.0873255629326003 0.124556315370403 0.182596632421159
-0.0232430935995705 0.0346654745479121 0.246624592744365 -0.105321324397912
-0.0325211293415806 0.00741558681723369 -0.0368913295260307 -0.319048693458887
-0.0544035542229097 0.0111480003717401 -0.241219167955752 -0.266005519774718
-0.0480558219786131 0.0523146202376119 -0.302963749532274 -0.150747110437189
-0.0387754754362128 0.0639092915099533 -0.243586741182714 -0.0911710421479159
-0.0618696707556931 0.078216287583032 -0.153145700411091 -0.110031607370733
-0.0941243061610209 0.0630105800259994 -0.0473555937045665 -0.128574856320529
-0.118464215662749 0.0168987356198089 0.151028701321447 -0.116837123856014
-0.10271667332257 -0.0648152836352584 0.316735671996136 0.0974745384947984
-0.0285561288223828 -0.11124260149245 0.23095739088494 0.451183109836409
0.0760508035514042 -0.0915981861335982 -0.287457987726074 0.597530167381832
0.0606764839860707 0.0314730553906324 -0.682368240750602 0.27408517462027
-0.049875512943787 0.0436246570487078 -0.6422449309576 -0.192516857424244
-0.126631207430205 0.0054743678462489 -0.326916666107294 -0.195848458688206
-0.0680720707852766 0.13452594195303 0.149609543526827 0.125958948536501
0.0239963322840038 0.0449931515595189 0.195095407068968 -0.162654148664818
-0.0163518629707633 -0.0242418228751997 -0.121204529846425 -0.29028690233645
-0.0811407948828327 -0.0105791190173146 -0.286992540429062 -0.185487215634291
-0.0684691485280073 0.0748610454556801 -0.305162454105811 -0.0652417930807873
-0.0340884187674391 0.104544909439151 -0.23391289363594 -0.0225366320695784
-0.0432133501224942 0.127502966921429 -0.163067227095672 -0.0506032211688989
-0.0808168185248856 0.121259460363654 -0.0748189085695626 -0.0818276284402414
-0.121227547698891 0.0762003875195254 0.105010964141266 -0.0882586036719307
-0.14109554229874 -0.0262198394804897 0.255702105066766 0.101054286470632
-0.0767760809766103 -0.120703176616311 0.14685656176078 0.423023773194035
0.073415125398144 -0.132075981109818 -0.361341920119119 0.514405271987766
0.0934592832575423 0.0304754973875542 -0.700670645944186 0.167222307104714
-0.0458917260764951 0.0747977473996472 -0.602259671551641 -0.276293696199819
-0.151244169746525 0.0351135597014428 -0.262751948221877 -0.223517105882
-0.0485979295570592 0.159059344876675 0.174933765782981 0.0692447449972276
0.0635296468257742 0.0552011909631371 0.173921249735563 -0.208614077063682
0.0125487459941222 -0.0511567870106271 -0.158597503257961 -0.296640921167015
-0.090817317845767 -0.048608833444455 -0.319050094274871 -0.163020734162351
-0.0910988672834238 0.0669524336720145 -0.321781477312816 -0.0201671572219704
-0.0366209978311669 0.117975007134243 -0.237039700282563 0.0338647325413912
-0.0263633933890434 0.152278150380778 -0.17010593281336 0.0142966942232137
-0.054754742308475 0.16291734176035 -0.0947824376221858 -0.0176220686377269
-0.0974059986224478 0.133638489465998 0.058313672223198 -0.0363680948756488
-0.155800470614893 0.0380498448989269 0.193815580368524 0.108858764775934
-0.131786607085558 -0.0868291731496708 0.100893087934223 0.380017559463858
0.0191188279426073 -0.155277854222684 -0.353362609700226 0.460577747921538
0.097979724009763 -0.00271847770813018 -0.65691707774607 0.148848698643318
-0.0223288641239542 0.0877924177497748 -0.560096138161764 -0.274719732462313
-0.145494628083585 0.0711698521090292 -0.197723819581667 -0.229518714015413
-0.0261572046467186 0.156379866472067 0.208888442381323 0.0294159461516319
0.0870887573272679 0.0638311209032394 0.197109676295689 -0.241178834619054
0.0457439415391545 -0.0645682213402525 -0.139697655671246 -0.347514488439082
-0.0824460118488622 -0.0855588612947795 -0.338750632345135 -0.213954019471962
-0.107251501533208 0.044139908784297 -0.363681665706621 -0.0293069850271895
-0.0413642159231667 0.111362181397749 -0.267132414476115 0.0650141085353999
-0.0110696584726469 0.153001058514941 -0.179890530456447 0.0730251781119691
-0.0206395543644856 0.180134713593394 -0.100518530047191 0.0537660471858748
-0.0500105670320078 0.172554010424077 0.0285095900788469 0.0366755072476607
-0.131369350849068 0.109007598747602 0.153036898790992 0.137286443000151
-0.16609427106427 -0.0162348786912871 0.0913127669632712 0.35873210301705
-0.0609224559142878 -0.144604730255146 -0.292500688975507 0.457478801668694
0.0757993846424767 -0.0513496955984092 -0.578917291663028 0.210100558861436
0.0185164473110145 0.0807136148763895 -0.526448457977671 -0.215753007670647
-0.10488294370179 0.108007156651101 -0.141797931482783 -0.232045350749904
-0.00721182411935388 0.128651305769196 0.249919630408989 0.0206133564101862
0.0883426681670704 0.0646155409494589 0.278325513254144 -0.233818341573514
0.0700207205854839 -0.0599668656070972 -0.0326288240564031 -0.427109203439509
-0.0595323199338697 -0.102070286669481 -0.309089484047611 -0.342433863597182
-0.106391406748952 0.0200745658359677 -0.413600634512016 -0.109347960446886
-0.0392848283716308 0.0944322412375405 -0.318978531131134 0.0588131125519212
0.00526119096249442 0.133716427713218 -0.192028918363148 0.11557382198062
0.0139868152362675 0.168117015787941 -0.0903845929166297 0.119093209606716
0.00478189662436546 0.175147786468925 0.0280633375849563 0.114443523624727
-0.0745884860037444 0.149100941077694 0.146645347211046 0.18567380681657
-0.151965586982779 0.0570103187490154 0.11927483049943 0.360196986747922
-0.114055937274029 -0.0977601362463022 -0.191975194795844 0.48100698245222
0.0404739476030336 -0.0841447709872155 -0.469337665439871 0.297286336765469
0.0585496951885993 0.0552268413642461 -0.485085034311276 -0.134777000757698
-0.0400737194442181 0.123027418916926 -0.103693765069286 -0.240043763061326
0.0209689936828154 0.0854932593812757 0.292691452704197 0.0480001752972244
0.0767013759700369 0.0422188277870473 0.40088787238675 -0.170178907085348
0.0657535331907846 -0.0477579222305287 0.162243713586346 -0.489649992470387
-0.0413703634016519 -0.0823855017398882 -0.20704817705747 -0.505306654747909
-0.0846900904592808 0.0177295430409378 -0.439592494570015 -0.239254173652124
-0.0192436289480261 0.0789672265401585 -0.374776593721223 0.0198708201209706
0.0268166969202979 0.101166295227957 -0.205400882622528 0.141782940625049
0.0455614010914248 0.12793574734354 -0.0673324100509784 0.168349706023521
0.0481357517331125 0.138175525265255 0.0523752268225931 0.173079956939575
-0.0118280404797866 0.13664069425818 0.171551240338742 0.223387499671529
-0.0984916913593692 0.0822314186958408 0.176482688883742 0.359358228712364
-0.109995046413362 -0.0469555781356874 -0.0680654367439661 0.489234962891331
0.014502040020794 -0.0892592370628328 -0.333658899270218 0.361682681619226
0.0838663044866063 0.0201737031443624 -0.43032167580904 -0.0557191801988553
0.0306202804968867 0.104162727266756 -0.0871150190277721 -0.247790520661041
-0.0638140805231333 -0.0371919699766557 0.0815810762756198 0.255347684035755
-0.0901961962333335 -0.00615817727415673 0.379861736062407 0.0264903384130258
-0.0248018663829971 0.0522707247961572 0.233685279066115 -0.38933691986695
0.045968947943195 0.00640771077541974 -0.0695784643260553 -0.472891663089005
0.0156898872755046 -0.0625277232775676 -0.260727636555612 -0.337099200442559
-0.038274902917929 -0.0862171563488576 -0.233636800222321 -0.197136702291994
-0.0844110468735943 -0.075119349290039 -0.102135694184413 -0.167913476623336
-0.0893445425322307 -0.0760539179441904 0.0195861575068837 -0.150310560881792
-0.0682725343684459 -0.0847760696728294 0.19518510866206 -0.126042871209609
-0.00528239633516421 -0.0848842359386215 0.36530846437818 0.0380929721089042
0.0436664040084065 -0.0275754995995825 0.396999092052566 0.330458519319821
0.0123732155817757 0.0316152015883791 0.0625109642156364 0.601660529413718
-0.0655637767834541 0.013262589773186 -0.354066866929673 0.504867691119947
-0.0612670686165859 -0.0523393574653491 -0.535001286103256 0.13863422464833
-0.0371375820481078 -0.0626180430319746 -0.375455617149938 -0.0642635666541663
-0.0873327706797206 0.0276668463808353 0.105334633697153 0.228924590652364
-0.0659042069198752 0.0214692497895761 0.314469678349093 -0.0476537339206195
-0.032805687533123 0.0359395529249684 0.0800710916784756 -0.368149025523006
-0.00917453015973115 0.0125244593094542 -0.179338234675154 -0.376073216353203
-0.0236490398447655 -0.00034252810821003 -0.3029772804255 -0.248395030476251
-0.0465024752133535 -0.00449782481915672 -0.253206687295577 -0.153767763786678
-0.0797797273741658 0.0076914453051056 -0.136895961482705 -0.154010720923841
-0.0986434899553751 -0.00436863547092229 -0.0163125340567146 -0.153508948200042
-0.0988787681760688 -0.0368796811005612 0.182119895287432 -0.13106994959737
-0.0553639212813241 -0.0803294051550483 0.361572721295518 0.0741368591011527
0.00783523954414696 -0.074120855749343 0.333041359286939 0.424941841156133
0.0443760113111748 -0.0380054595282441 -0.127979308003454 0.65255442235067
0.00289954320905997 0.0175153008239991 -0.567337769390279 0.424384746636534
-0.0504951981998249 -0.00150155792224519 -0.634730136290011 -0.0312266589917061
-0.0855653971491641 -0.0227580046772278 -0.372124531965543 -0.135890373495374
-0.0832802374149498 0.0908803372007763 0.131199476968706 0.181385485039158
-0.0225171689420719 0.0362816060425349 0.246754449642459 -0.11460836102091
-0.0323688709093448 0.00891509300199659 -0.0477115862001633 -0.322695030777416
-0.0541662639556756 0.0127828091496969 -0.252166148891396 -0.261823900082733
-0.0468629978457728 0.0536673168255688 -0.313314575693579 -0.143290722741897
-0.0372487262957806 0.0653017389945652 -0.251190207863674 -0.0851114206665515
-0.0600254119502723 0.0814948619803777 -0.15922979698011 -0.107332481600508
-0.0936366684393265 0.0665900664998044 -0.0508154718837024 -0.128815509850209
-0.120395941492029 0.0199479494204468 0.149560159501942 -0.122190815135052
-0.105905125060133 -0.0638756965850965 0.323325716282064 0.0904656912459095
-0.0316993171180677 -0.112177893751705 0.245547001681944 0.450210636970978
0.0754114026958752 -0.0951382080972525 -0.274591217713446 0.614004158822093
0.06253384051253 0.0307024209534235 -0.686817098455843 0.296422811142591
-0.0491952656889607 0.0460007167953601 -0.657409659952624 -0.177505093709231
-0.128519517398331 0.00960895116351823 -0.336478177575711 -0.188900863762886
-0.0652831035573545 0.138191771323571 0.15483593295654 0.123301985977813
0.0255926546168029 0.0452645220635211 0.193077322887658 -0.171036631172562
-0.0172946267253875 -0.0237514032661985 -0.131687864029658 -0.29010617129829
-0.0828942718345039 -0.00835327347748 -0.29683818093183 -0.179574028135127
-0.0669945487487135 0.0773443555827666 -0.312059648697228 -0.0570108687801737
-0.0316045190363859 0.106136927989356 -0.238913666792328 -0.0162098656963171
-0.0403589217782899 0.131034787641205 -0.167381003149496 -0.0461040256176067
-0.0784273996093489 0.125154958170746 -0.0783668226469348 -0.0808272947166558
-0.121250263980519 0.080187554890729 0.10429545548303 -0.0921657740736528
-0.143824867596418 -0.023668361107962 0.261827334585176 0.0955378255346486
-0.0786438440033328 -0.119921384692674 0.160080221800553 0.425048312801917
0.0717426604421099 -0.134655536822264 -0.351435839795083 0.531277431332215
0.0958653196415966 0.0293519260911216 -0.706331650577866 0.18952282344011
-0.044378017299983 0.0774984918325351 -0.620209539625999 -0.265090039035845
-0.152500014958734 0.0395815028256976 -0.27402449517226 -0.220636097948481
-0.0447475175192281 0.162166665626617 0.178753065767175 0.0648908133748803
0.0658967043156661 0.053911770579522 0.171040535473808 -0.217093741595984
0.0117328852467737 -0.0518074645365326 -0.16918163543552 -0.295797258027943
-0.0932017493326706 -0.0466919934629006 -0.328721550856039 -0.156203431258634
-0.0901643094436014 0.0702973174019346 -0.32727121149572 -0.0113031662998454
-0.033533440072836 0.120283865967723 -0.240387167919568 0.0407317980903676
-0.0228825394758091 0.155130454623542 -0.172460882346529 0.0192445014386995
-0.0511389052980425 0.165986610899711 -0.0965466260317055 -0.015367360924521
-0.0950943859614925 0.137155852094694 0.058610906342689 -0.0386006776237437
-0.156170692482533 0.0424388561918527 0.199721599244792 0.10449469229386
-0.134563869901158 -0.083584354109171 0.111995323998173 0.38220352964262
0.015468678233199 -0.157233351880389 -0.344975797703606 0.477997453505496
0.099295936104861 -0.0045018733144955 -0.661299463453959 0.168657242877093
-0.0199635381199965 0.0897784197226569 -0.578523662755989 -0.26338825551678
-0.145053869023131 0.0760012049221491 -0.207643929776718 -0.228227390536009
-0.0223213145606659 0.158717381966503 0.212612756571656 0.0239904328368787
0.0903065989830609 0.0623151604773533 0.19322275886758 -0.249963854527109
0.045065051714405 -0.0665975920884233 -0.152465332975137 -0.348293946388083
-0.0862478280964568 -0.084281185558729 -0.349717100313402 -0.207104062963698
-0.107014707682008 0.0465327343840425 -0.370549974422493 -0.0198086551853786
-0.0389128594679168 0.113133241845875 -0.26978857031248 0.0737987928323023
-0.00723133056160109 0.155533542899636 -0.180557278202394 0.0787916500464958
-0.015598536158097 0.182782790443276 -0.100519459650745 0.0569271920648155
-0.0453471862622618 0.175615490829691 0.0305082205752361 0.0354901148591002
-0.129337514620392 0.113349465027996 0.159187850570287 0.13392563486095
-0.167117856154518 -0.0142025388686825 0.102871913217741 0.360591318133875
-0.0654974921117968 -0.144216843634494 -0.282794316383846 0.471905180584118
0.0755803916464564 -0.0534982405413679 -0.581592011862075 0.229735192258269
0.0207026377099021 0.0812936323938882 -0.541105878688397 -0.203897038928483
-0.103423564676413 0.112279529487061 -0.150986559496476 -0.230868372413626
-0.00353701090090636 0.130147873525959 0.253624198109812 0.0131385721532243
0.0915144063375547 0.0622556835924424 0.275353396658379 -0.245785760182321
0.0694095904826527 -0.0628101435496014 -0.0455535320124917 -0.432326783745476
-0.0634784222552091 -0.101563660569966 -0.323781163417268 -0.338306364681739
-0.107089342370145 0.0229034487396177 -0.42326916326923 -0.0981637527655637
-0.0369237793555912 0.0960856199251172 -0.322900445635603 0.0685275928098747
0.00920866769378015 0.13508214395339 -0.192311806700645 0.121978534352701
0.0193387326444609 0.169686132883575 -0.0880876481057026 0.122869403716303
0.010128781366864 0.176495747439807 0.0323349629277072 0.114518676544093
-0.070649570064694 0.152357550091201 0.154193070586324 0.182873821847307
-0.151921252960444 0.0624568933415158 0.132058345799617 0.361008625839445
-0.11871645450004 -0.0951981253327847 -0.179971340034097 0.49296665289968
0.0386297397698221 -0.0861056527659174 -0.46806760140685 0.313875424182072
0.0612571185457958 0.0541611072573872 -0.497145377847935 -0.122530023746554
-0.0368970282884896 0.12574130873738 -0.111524344949087 -0.240696518429432
0.0236345808870092 0.0857484146779898 0.298544934070369 0.0406935442709507
0.0791792134948355 0.0403559210951918 0.402621576001013 -0.184380181189625
0.0654854770303526 -0.0499744224646271 0.150598184031012 -0.501404472727104
-0.0444618124754705 -0.0824011842389998 -0.223755622505126 -0.506718361971859
-0.0845246808889291 0.0203986645699539 -0.453029739622099 -0.230562251254013
-0.0167703630877786 0.0799590289100332 -0.381003287217343 0.0294525406298395
0.030301640795049 0.10184920741645 -0.204680798455087 0.148160330567492
0.0497763358969161 0.128873594312789 -0.0631037214657288 0.172553821584445
0.0526808586837698 0.13801648436917 0.059110120127069 0.173273192430655
-0.00779934843398594 0.138486687428559 0.18073719127911 0.220558968949753
-0.0955522304446236 0.0894663740097851 0.19028933792643 0.357554537719694
-0.112923516773961 -0.0442336346459079 -0.0541081352650693 0.49744610202948
0.0123635871809435 -0.0911939630148743 -0.327519748283189 0.376374666277721
0.0858812827256669 0.017993925970799 -0.438508922436097 -0.0441422677654709
0.0342080603413216 0.103810817713056 -0.0965658057052565 -0.249005893854241
-0.0659303261581016 -0.0356722638434552 0.0905567392382364 0.255809885325526
-0.0916147116530275 -0.0035040877490045 0.385469803834912 0.0162499951253721
-0.0235288533349931 0.0532083023359652 0.225196834343095 -0.400918464340485
0.0466008843546502 0.00475661377214855 -0.0857297374595205 -0.476863179020007
0.0138640328834991 -0.0642657565275025 -0.274944964736805 -0.333517600877224
-0.0416694132870511 -0.0866631212233628 -0.243362775372238 -0.190373816819762
-0.0882113925473843 -0.0731922079610489 -0.109297359871451 -0.165876416641064
-0.0929507142382271 -0.0740182989839429 0.0150733803275519 -0.152533905197773
-0.0722346280791801 -0.0836476740544354 0.194592575622867 -0.133322376541347
-0.00849702793347376 -0.0861767865239021 0.371551066968611 0.0272046397133583
0.0438006698132514 -0.0290182867327245 0.412170382697667 0.322442671546252
0.0141371124918901 0.0313749537045895 0.0818239124465917 0.607129928442253
-0.0661631460598248 0.0157559926229396 -0.343665447944184 0.522360872499368
-0.0634260349661851 -0.0511775943892087 -0.537794398195169 0.156776077626621
-0.0394654918514326 -0.0618632417443218 -0.382724910647707 -0.0543425475027852
-0.0871776298432361 0.0303430822870648 0.113382731189868 0.228126797739865
-0.0662300407947404 0.0242252110676429 0.31772240605656 -0.0584281513259234
-0.0313720000768258 0.0375319518592346 0.0693468135021762 -0.375167804439014
-0.00903310561229939 0.0128644196312788 -0.193761743986112 -0.374978807645002
-0.0236437729306313 -0.000471863360909592 -0.316224391490073 -0.24032520546997
-0.0472609466137089 -0.00360601903898403 -0.261659848038334 -0.146229345760421
-0.080243533054783 0.010250293731526 -0.143326858681618 -0.150679992151428
-0.0999250892748532 -0.00185186199972224 -0.0213161498688893 -0.154472352633058
-0.101907831219599 -0.0345563292659287 0.180535373394864 -0.137631971873801
-0.0589421275772502 -0.0806130930653645 0.368814817665069 0.0648949203402271
0.00551439123511912 -0.0761612762043292 0.350379614944403 0.420890286319258
0.0444567051937134 -0.0399784525885965 -0.10985146971169 0.664939500941142
0.00411476821335949 0.018110062802139 -0.562391387957559 0.444617062191673
-0.0511163032363336 2.97043889463666E-05 -0.642193598385422 -0.0119325772237019
-0.0874427705525457 -0.0203090324395626 -0.38167064428459 -0.127534899755154
-0.0816756877473298 0.0944931984978309 0.138339956040154 0.179792495210335
-0.021675381834449 0.0372198512145654 0.24642432964031 -0.123755190806036
-0.0322391814949045 0.00964366111319813 -0.0578066781604814 -0.324058687167179
-0.0546406641884886 0.0149644362885281 -0.264072017735281 -0.257630716451404
-0.0453250107919858 0.0555459238807236 -0.321629636676802 -0.133533695048581
-0.0360630843949165 0.0664085152785946 -0.256858812381963 -0.0774182433742268
-0.0586142493726734 0.084475625559977 -0.164636822422127 -0.103091616450677
-0.0930845329606295 0.0702568915855265 -0.0557623398784214 -0.127952128189893
-0.121559948263384 0.0234056987706733 0.14798621366929 -0.12847447904345
-0.109061378345173 -0.0621763248976806 0.330097182013212 0.0821215945677895
-0.0345615786759727 -0.112985564874343 0.262786103688697 0.449218980623928
0.074657182009287 -0.0987346587083099 -0.260793060364268 0.628619894819219
0.0650893437600509 0.0302922120078122 -0.686735603849919 0.31966094004389
-0.0481861044503464 0.0486083886893223 -0.672224814257388 -0.160571937628607
-0.129757287689392 0.0139729193250705 -0.347662044224831 -0.18249132326646
-0.0617443410809892 0.142296772687487 0.16043830008753 0.119761560036352
0.0279745625199128 0.0451695736455681 0.19032299603039 -0.180406430686695
-0.0175764100018661 -0.0235652920662851 -0.142128714098125 -0.2899097044876
-0.0837390740243485 -0.00614764927339745 -0.305796630011767 -0.173022090060852
-0.065199051261643 0.0792016881951282 -0.318528907043683 -0.0485997140139473
-0.0283989618241086 0.107938231288791 -0.242864799281742 -0.00837186428842167
-0.0371260527020784 0.133999077409706 -0.171009159405589 -0.0410513796169038
-0.0757528051135733 0.129195619932419 -0.0816336807288458 -0.0790839136984759
-0.120646277998861 0.0842640647148 0.10276833862826 -0.0965716008099356
-0.145989778549638 -0.0206641945514743 0.267646142761312 0.0889238630458406
-0.0820261731404934 -0.119301041666742 0.175631861471127 0.425240728037497
0.0689862613424879 -0.138652460643818 -0.340417531974016 0.548478003039308
0.0979244491053559 0.0278618609902863 -0.710299027852134 0.20777201787749
-0.0421444083995562 0.080151403730283 -0.637280288791022 -0.249880137589235
-0.153514668324511 0.0448733031131285 -0.284151918257208 -0.215617545145791
-0.0404612569538141 0.165663059321978 0.183435693620041 0.0607635003051302
0.06902876564496 0.0526527708653781 0.166823197812296 -0.225799255409288
0.011041188866134 -0.0528877555682083 -0.180236043307776 -0.294719167088927
-0.0960972392414934 -0.0444624626998733 -0.338901751559294 -0.147715996109494
-0.0884542322220263 0.073613895518367 -0.332969238653068 -0.000871597869132369
-0.030282730682568 0.121679837248951 -0.243021799064825 0.0490277164859097
-0.0186673558978646 0.157751957833797 -0.174039667006218 0.0243448823364473
-0.0469032408264161 0.169603855986772 -0.098186216338049 -0.012678096363036
-0.0926536356690345 0.14115117799564 0.0584148620277058 -0.0415840608098505
-0.156526807047271 0.0465190982779737 0.205569896911875 0.0994289335914498
-0.137773898134769 -0.0806252400723585 0.125883243319301 0.38314160653379
0.0116714600206137 -0.159134602385567 -0.336804729630787 0.492490497600655
0.100766881819685 -0.00676944586220159 -0.667108491834634 0.190644349792973
-0.0179312951029892 0.0916819273551165 -0.594472723720551 -0.249691865702269
-0.144948459044624 0.0817552029005558 -0.218020003520935 -0.225419786806007
-0.0175852938085532 0.161343523278389 0.216014456721346 0.0173801363715605
0.093290148384628 0.0603210102159759 0.188506611713862 -0.260138047196528
0.0440689568766056 -0.0683120296459968 -0.164083988824132 -0.34736622070355
-0.0900349330169339 -0.0826323424382841 -0.360977020908221 -0.199352501476111
-0.106409628764578 0.0503864572274517 -0.376622807069949 -0.00878302805793806
-0.0357663493082887 0.11516658626491 -0.271395446496975 0.0826202559617279
-0.00284891705299983 0.157357453458243 -0.180536967164789 0.0847638936050349
-0.00995892029257921 0.185307801998534 -0.0997149223382121 0.0606440966940184
-0.0407430076278313 0.178164963907178 0.0326835591871777 0.0343606552257602
-0.126798230137549 0.118101791062082 0.165521019038535 0.129884640088091
-0.169687627656267 -0.00527768812370947 0.116332994429704 0.361290325457563
-0.0701435224353102 -0.143338595111584 -0.271257920908231 0.487385007852034
0.0747729949819597 -0.0556159090669556 -0.581276425994437 0.249372862677812
0.0235882212973958 0.0815835947925136 -0.554784602637236 -0.190602890745158
-0.100833031271693 0.116428071218379 -0.160945952063811 -0.230101129226808
0.00066721446500894 0.131564122261437 0.257632904060441 0.00571062320980902
0.0951085104697671 0.0606873546375036 0.271963150497572 -0.257828668174071
0.0692428347350112 -0.0649514272118584 -0.0592794165385878 -0.43571376478766
-0.0674095837960359 -0.100784337207443 -0.33834271976964 -0.332911809592626
-0.107238920740785 0.026088406111396 -0.432266291867705 -0.0867426216747338
-0.0344074187169107 0.0972528335647535 -0.325812677348238 0.0785868793908219
0.0128331104251112 0.136433731726723 -0.191440640985308 0.128635144581177
0.0250566391864045 0.170516500144486 -0.0851579887150599 0.126719135414895
0.0158485801642637 0.17737419476488 0.0368779801699733 0.11432902038252
-0.0662512648973746 0.155856420482185 0.162171734036208 0.179437105218168
-0.150598245310301 0.0681844003278459 0.145910246560733 0.361514865339418
-0.122318024813324 -0.0923489221630934 -0.166124317396467 0.504890722544581
0.0362565833318525 -0.0875763137007764 -0.464034088309255 0.332180779082767
0.063995040698005 0.0531003301846626 -0.509038727216094 -0.10976544020331
-0.0335600498123119 0.128007948785381 -0.121554213508169 -0.240094735883259
0.0268223969719047 0.0856813393291286 0.303799132180317 0.0321919855834375
0.0816580616958096 0.0381353702644583 0.402143222633291 -0.200115915003562
0.0650675524501737 -0.0521135696751963 0.137504636370903 -0.511635426262533
-0.0479498126962546 -0.0815075277115903 -0.242348927052795 -0.507278449057983
-0.0847552093947322 0.0233165029503498 -0.466367136380787 -0.21987072160869
-0.0142243622489953 0.0809592357902925 -0.385534437482263 0.0414282644624316
0.0334084424778905 0.102642161243178 -0.20328967940417 0.154895238755449
0.0548060893458564 0.128752976149925 -0.0587746986938008 0.175926552765522
0.0580799794935403 0.137557327024492 0.0656874890570176 0.172889909571818
-0.00341112656708807 0.140325737337878 0.190666202486766 0.216154926738414
-0.092558094015006 0.0958562009937427 0.203967601950775 0.35597640090447
-0.116212944747171 -0.0411949052270524 -0.0385224375142782 0.506116248396527
0.00970345404841266 -0.0921996322215147 -0.320767980842919 0.389329696411744
0.0881495088142445 0.0155080471601283 -0.446616559077237 -0.0318327178352249
0.0380122961328113 0.104017956472366 -0.105015112232068 -0.249372871277179
-0.0677118390740841 -0.033470485186749 0.0996697450297671 0.256216583887307
-0.0927950656496815 -0.000192330787025498 0.390229452834538 0.00359780694122074
-0.0216981593240726 0.0553089060676492 0.214268158167566 -0.41291524769685
0.0478445455077311 0.0033962139620206 -0.102612211434499 -0.478489470072197
0.0123234213455221 -0.0656723102181392 -0.289631686727256 -0.325878744139125
-0.0447201086873656 -0.0862486820278904 -0.252366820187472 -0.183253752714233
-0.0914424888020628 -0.0708486775759999 -0.115812552221482 -0.163345829996125
-0.0966513279549656 -0.0712707248119397 0.0100281750323671 -0.154365434120816
-0.0766436938733499 -0.082115503530064 0.192519898588153 -0.140974303590946
-0.0116121749808334 -0.0869492352473757 0.37736831148054 0.0158672385246819
0.0433114495653765 -0.0311798213844477 0.427961775115755 0.312126187607371
0.0150271091732126 0.0311390598122768 0.103960778801043 0.613238033771776
-0.0662127467978009 0.0183789887594889 -0.330339473089982 0.540091887988714
-0.0660012006975982 -0.049665457233683 -0.539077926020118 0.176743979785145
-0.042109644977538 -0.0608396563806533 -0.388822203598006 -0.0424077229374624
-0.0872669644091041 0.0338209622736667 0.122320823822364 0.227089036748785
-0.0661790580227291 0.0268624141567246 0.319607829929283 -0.0695974229819536
-0.0303526045668015 0.0389696166381815 0.058195311313628 -0.381143725166357
-0.00860858659911253 0.0132179641258731 -0.209057973186493 -0.371881976999992
-0.0237548279484751 0.000100734265514877 -0.328435546655444 -0.231554561188126
-0.0479895508267767 -0.0027780854907984 -0.270055354066036 -0.138406740165453
-0.0810310366995324 0.0133323598814022 -0.150462468860775 -0.146879346758217
-0.101174582144466 0.00213320108075536 -0.0261757028202913 -0.154901047647
-0.104835270958994 -0.031453990230044 0.178773654542926 -0.144689469898529
-0.0620883139638499 -0.0803565600827618 0.374789348263297 0.0550152765000331
0.00332015235277212 -0.0778969570796632 0.366804798799428 0.41312922852578
0.0444238375760297 -0.0418020883285857 -0.0906923626557302 0.675709037454683
0.00502980380396618 0.0184329983332962 -0.555332564228421 0.467036920294213
-0.0513797350848467 0.00178758017981432 -0.652752903925574 0.00825850458495751
-0.0893203092749918 -0.0171989330264565 -0.390399633177005 -0.116649750889431
-0.0794889389995515 0.0986923848957385 0.145392792371115 0.177100370670851
-0.0209771952837432 0.0385179254498426 0.245315437976919 -0.133553916543625
-0.0317099762726995 0.0113114180750154 -0.0685389440310611 -0.326325334839733
-0.0545530751930749 0.0166722212845257 -0.275337907528878 -0.25120535670806
-0.0434124253123108 0.0567212519184718 -0.330674164687288 -0.123218727510044
-0.0341336953170659 0.0675825165141278 -0.263126573874726 -0.0685121114523292
-0.0568042635024981 0.0873889744023945 -0.169644141327808 -0.0980565063957328
-0.0917173164483799 0.0741386290349202 -0.0603324551089083 -0.127127012703739
-0.122687432207517 0.0277341774304713 0.145469470061772 -0.134020441820389
-0.112717155747927 -0.0603472463598384 0.336885009842797 0.0725463271732002
-0.0378349624617457 -0.113474879343677 0.280304280840152 0.444857456003489
0.072848090246088 -0.101806650017529 -0.243991373427065 0.645001599938246
0.0669505681798955 0.0286662662017385 -0.682868524643896 0.346743319323689
-0.0471964661950276 0.050999675455592 -0.686349989856021 -0.140438516222524
-0.13063923096229 0.0180470893418455 -0.358208943610342 -0.17432262121371
-0.0579497579490591 0.145356629920184 0.165882863165737 0.115967989926488
0.0294874835546023 0.0442797101519453 0.186868990578502 -0.189921876151075
-0.0181719633963872 -0.0228715230618819 -0.153156259717916 -0.2881840292274
-0.0847775097132289 -0.00379410140294286 -0.315297004178246 -0.164461304979557
-0.0629992457306448 0.081499766611399 -0.323943919051483 -0.0372541451888284
-0.0252754482280298 0.109218011322452 -0.246090292436604 0.000124066140782529
-0.0333994523230482 0.136389102965111 -0.174075171445057 -0.0363658125187969
-0.0721717568154651 0.13278808464912 -0.0849570827747949 -0.0771102203942481
-0.11999718144969 0.0883060904354317 0.100788754987934 -0.101126571290853
-0.14778208784246 -0.0170956526130223 0.273088120714125 0.080709061418921
-0.0867469987848686 -0.117656195704214 0.191367859601993 0.424081471400914
0.0663837665228101 -0.141751601960689 -0.327408764302091 0.564723601156459
0.100541068982217 0.0257625550976354 -0.712548118819818 0.234292212289358
-0.0402207811547645 0.0825661992788711 -0.654370099641096 -0.232138984675619
-0.153336982655401 0.0501885295079217 -0.295379244637754 -0.209862299287038
-0.0354699375939251 0.168151484635832 0.187354838427734 0.0551780478873523
0.0712483848655567 0.0508576020015182 0.161544163121968 -0.234592681993169
0.0097045946831914 -0.0536495370571842 -0.192430576611108 -0.291811035081567
-0.0987571474204838 -0.0420056731261649 -0.347693734440087 -0.137964354483971
-0.0867432922279351 0.0762264435898824 -0.338153147004032 0.0112747320250342
-0.0271023943782563 0.123485534449862 -0.244785175713226 0.0576614979242414
-0.0140226578279948 0.159821912277527 -0.175680845336117 0.0302588716941236
-0.0416413299450684 0.172728444635056 -0.0995672526875057 -0.00949487117381232
-0.0895048867541612 0.145113759304612 0.0580550631124823 -0.0439245153514146
-0.156204727771219 0.0511450249272464 0.211313471334151 0.0930484170667964
-0.140656541773859 -0.076969690528982 0.14062454324843 0.383668722462494
0.00723117553790123 -0.16042763328959 -0.323628917194869 0.51013048314305
0.101889728836818 -0.00921090632914465 -0.667002163581646 0.213209484759639
-0.0149465092639706 0.0937942938613992 -0.608730758960795 -0.232735715975687
-0.143382137234245 0.0874732785924147 -0.228046181893788 -0.221411844034508
-0.0124994503598329 0.163127294582011 0.218456581903124 0.0108379448884259
0.0962599006800755 0.057837763885974 0.182232248590263 -0.269790233902458
0.0426270502181757 -0.0703311339098517 -0.17757746708275 -0.345205602213817
-0.0939154513317302 -0.0806120562228363 -0.371441050980787 -0.188791253410034
-0.105552186479315 0.054258478096544 -0.382565747911324 0.00476502168393266
-0.0321386207306464 0.116628885184442 -0.272976803893457 0.092544396280135
0.00229420015455272 0.15905492733395 -0.179894701178633 0.0902959406470049
-0.00372491830414062 0.187475279638425 -0.0984025818101892 0.0639836188736586
-0.0352978541070717 0.18030402726374 0.0346423874346705 0.0331746999612032
-0.123735689111368 0.122413110414769 0.171643782525368 0.125282054223971
-0.170292820939267 -0.000651169949076897 0.130118823583998 0.360582191193162
-0.0748747377538163 -0.142027638964847 -0.2586324803647 0.501771607138836
0.0743644946187401 -0.0580413725074689 -0.580612607923646 0.268076466224305
0.0263475532398185 0.0812641334102103 -0.569073583133619 -0.174564800039039
-0.0978995210026519 0.120466461613156 -0.170715930468911 -0.228676969344771
0.00468644841511923 0.132273458882201 0.260602414518709 -0.00196712634321971
0.0982700935743349 0.0580862725626635 0.26755102652826 -0.269965229761464
0.0683014222344479 -0.0678468273584532 -0.0744207080918058 -0.439105243964762
-0.0712587765151969 -0.0994543193211029 -0.353381013214248 -0.325081356251093
-0.10697718627771 0.0296022463652996 -0.441873621323309 -0.0738667209576906
-0.0312678585550908 0.0987667243631382 -0.328072400139453 0.0902438468945848
0.0172332521283737 0.13781098420449 -0.189544660458189 0.135318207665247
0.0313069166883104 0.171914749545431 -0.0816300622673301 0.130228938618891
0.0216910294120797 0.178233973229931 0.0412251725520703 0.113375303542905
-0.0614324647364131 0.159087353812674 0.170182422143694 0.174732999348334
-0.149234782895935 0.0736729600098104 0.159969599074563 0.360186535753588
-0.126522727649902 -0.0887284123409164 -0.15124167068206 0.515554370579618
0.0339966845740121 -0.0896102399351839 -0.459126715057645 0.350568849213522
0.0665315135531119 0.0507779185890712 -0.518910523266865 -0.0945180560765133
-0.029552790711694 0.129894803848066 -0.130482569997329 -0.240277368504495
0.0296720341142522 0.0853966515799713 0.308234423625786 0.0220128159561849
0.0836090700750265 0.0356389648445927 0.400484859993611 -0.214822375852882
0.0645199143731993 -0.0546563894335783 0.123147403833879 -0.522346086954498
-0.0509609190824532 -0.0807521926984757 -0.260888791648617 -0.504637911423099
-0.0845242384957029 0.0261590803053373 -0.48098531964419 -0.207932938597768
-0.0113653936478443 0.0820167399109529 -0.389803283366611 0.0539953468774701
0.0369745722452851 0.102674057321716 -0.20060470905941 0.163184796423885
0.0595185631197196 0.128107996017291 -0.0536513180049481 0.178587892573358
0.063295707985929 0.136946913811426 0.0725411590323916 0.171334646664678
0.00139277173054603 0.141661868228435 0.200241015427236 0.210964433893959
-0.0914661533859137 0.0972803310283588 0.219380486523205 0.351582500988823
-0.118853371608425 -0.0375867479474166 -0.0208043259023554 0.512614267734559
0.00654837948553775 -0.0931494265011935 -0.310797562581802 0.40353337834372
0.0895411778966326 0.0125637938568129 -0.453454804254117 -0.0177587663894625
0.041790887805614 0.103706310695069 -0.115529281287537 -0.248715896580551
-0.0694988997980172 -0.0315062446624969 0.10920036392841 0.255267724312706
-0.0936154677828605 0.00312502714520386 0.393217535542007 -0.00936152087399721
-0.0197953488796819 0.0564712561324308 0.201391736830299 -0.423114182455171
0.0483781585011476 0.00201851678295898 -0.120397358734205 -0.479225400015191
0.0101765083977379 -0.0669898498711225 -0.304787641073286 -0.31831531042464
-0.048353035987278 -0.0855431171388651 -0.26184534413778 -0.174715013929243
-0.0947242898520677 -0.0679873320210492 -0.122623079437198 -0.15971741714501
-0.0998603188412739 -0.0681996296921391 0.00512325574477533 -0.155260195037125
-0.0805442787049961 -0.0798133369972714 0.19004215095379 -0.148103193268143
-0.0151284962262737 -0.0871391237580255 0.381566201246836 0.0032187519046906
0.0425045819421562 -0.0332933192832704 0.442381752849688 0.301409993245089
0.0164572680652927 0.0308763072035796 0.125834672183097 0.614370569136338
-0.0656654528329715 0.0207994129391165 -0.315747260052813 0.55615639004281
-0.0679979950430732 -0.0479811922287235 -0.538532887547943 0.197182480625545
-0.0446416091638326 -0.0597346199741966 -0.394531609512248 -0.0306575723897414
-0.0872855372540521 0.0375660761694515 0.130572180135599 0.225121436016464
-0.0665144955712055 0.0294072078029123 0.319379446697841 -0.0812138415333659
-0.0287579029931078 0.0407769115860288 0.0451484219242685 -0.38591728546192
-0.00778080974377166 0.0137137442802238 -0.22495502941671 -0.367371083602243
-0.0236911036270877 0.000392912889168298 -0.339014671822094 -0.221934994714307
-0.0485920547292641 -0.00110545371994123 -0.276998945062372 -0.129310427848549
-0.0816217879497784 0.0166454967321727 -0.157466155774213 -0.142332536721716
-0.102131765234107 0.00548435296941397 -0.0320891130058694 -0.154738184311193
-0.107821127867899 -0.0283583432572785 0.174615016444071 -0.151255086721941
-0.0658473700256 -0.0795526410037152 0.380276575454079 0.0421350395018742
0.00177867443215186 -0.0781385923914672 0.384539311191474 0.404591679801412
0.0430013012544809 -0.0440322387917337 -0.0691968500014604 0.68572932712647
0.00585088503887452 0.0183566261856743 -0.545813066868967 0.490846506690302
-0.0514066025276941 0.00339303290319021 -0.658650957388472 0.030666797640129
-0.0905867435734726 -0.0139235007478719 -0.397489204223926 -0.105451977080273
-0.0769355008657138 0.10174629762682 0.152940260761582 0.173725669201275
-0.019626980550481 0.0394812751891535 0.242839946764619 -0.143721062161661
-0.0314916128143 0.0128021547688451 -0.0804878786314264 -0.326136231785311
-0.0544684452672918 0.0186652254660881 -0.287303721090975 -0.243461097498045
-0.0418133838611216 0.0580489944892735 -0.338788325070191 -0.112513716885694
-0.0322615612990535 0.068773160961849 -0.26782630039173 -0.0592569618412145
-0.0539768416223121 0.0900999289986659 -0.175216916939711 -0.0932164154504054
-0.0901625977201408 0.0782627456530433 -0.0652639215662258 -0.125982224422386
-0.123783740021942 0.0319169532454214 0.141930309749483 -0.139759559981253
-0.115544488881585 -0.0575281876566524 0.341972248985751 0.0615950388437095
-0.0410875156013909 -0.113481162676663 0.297503934241487 0.439242863968619
0.0705098078079204 -0.104932143253751 -0.223360065061808 0.658249359156358
0.06865448239671 0.0275874751040184 -0.678458224174294 0.373069406701206
-0.0455016764085807 0.0533143768147681 -0.698669703541328 -0.117404582535964
-0.130553317431894 0.0229373225931486 -0.367643532891517 -0.16370967361582
-0.0531160932151982 0.148690858756702 0.171713143084411 0.111230480028744
0.0313145536861163 0.0437325148358661 0.181873130867052 -0.19805756787152
-0.0186687620264209 -0.022327835507942 -0.165159715089693 -0.284926763973085
-0.0857427746043238 -0.000864450693664124 -0.324701817310625 -0.154416210626357
-0.0599270704443662 0.0838046828702742 -0.329962006728407 -0.0244138701027079
-0.0220586103607504 0.110071056235057 -0.249038298577308 0.0091635170758137
-0.0288469927579875 0.139035722220124 -0.177557958528807 -0.0307706431006755
-0.0680446249364398 0.13630561266065 -0.0883302375119274 -0.0743847914628911
-0.118110775557116 0.0927030658610623 0.0980934427641484 -0.105413211695075
-0.149634227631104 -0.0133776124068609 0.278449119471316 0.0719651632751531
-0.0892861812275112 -0.115810690980717 0.206524363825058 0.42043919909126
0.0631674240516277 -0.144850242961922 -0.311135678108219 0.583194735568302
0.102711832451338 0.0231326157701218 -0.710957644593362 0.263678352079535
-0.038181431349657 0.0849456414521454 -0.667470011959044 -0.212759218747763
-0.152904134549126 0.0557278746416934 -0.305730443494031 -0.202758305922454
-0.0299372706736486 0.170726841939168 0.190788413294073 0.0495406618448198
0.0739394578752317 0.0489365297219149 0.155432784013604 -0.242593403920399
0.00818749600207914 -0.054000038864909 -0.204208233282703 -0.287493420473477
-0.10132532449016 -0.0389002388212936 -0.355951912788344 -0.127660152888923
-0.0849066311437559 0.0792923929710015 -0.342026149059355 0.0236625100755587
-0.0231361437595291 0.124210077235464 -0.24570023105116 0.0671540785716987
-0.00862644442610533 0.161584089659447 -0.176313851669632 0.035977698104353
-0.0359540707642131 0.175358812577945 -0.100537242859039 -0.00599051588420396
-0.0853627100736555 0.148578187490164 0.0569290224430755 -0.0463975578172662
-0.155282950243748 0.0561203530737861 0.216101898834806 0.0864865146323299
-0.143244051602009 -0.0728938096736557 0.154360457814606 0.381216247326965
0.00279518100609363 -0.161678368693351 -0.309416339282063 0.525709936903489
0.102474464369481 -0.011583286936314 -0.666205008473406 0.237410247510775
-0.0121277310613885 0.0950753574775003 -0.623646101738831 -0.214671901781565
-0.141841892182089 0.092136932617158 -0.238634506332472 -0.216364727675556
-0.00657856734012224 0.164489840079058 0.221153042343812 0.00330069021453448
0.0995033770437521 0.0550098063093874 0.174677148760936 -0.279320224698439
0.0413704052855529 -0.0723713232312211 -0.191159643855596 -0.342755042739936
-0.0971440715857141 -0.0780014825424025 -0.382066204069621 -0.178007289604687
-0.104691371399375 0.0571644865940053 -0.387462531157272 0.0194970311434815
-0.0289252751005407 0.117773616629464 -0.273156863014398 0.103097344714903
0.00738901517126959 0.160372661464643 -0.17894750026746 0.097522673934609
0.00306754273746982 0.188784024701169 -0.0971496170782661 0.0683460774685038
-0.0296620446880193 0.182260372557293 0.0362194187284158 0.0317222206573198
-0.120606803716278 0.126958656604879 0.177566442187869 0.119617982129585
-0.170592436839616 0.00552000019393912 0.143290008566623 0.358641830407995
-0.0797166497940595 -0.139827713734435 -0.2443213239969 0.514599378655878
0.0727840605367645 -0.0603913859858862 -0.576210084012777 0.289861497906239
0.0296222812479012 0.0815060850353818 -0.579979806838136 -0.157306903907059
-0.0949955102079245 0.124807467983172 -0.180671524190584 -0.225026515932473
0.00937555996301519 0.133039041556183 0.262612775199761 -0.0113222413008037
0.101160603283374 0.0549762989121844 0.260434986387442 -0.281427868076388
0.0669888407842312 -0.070562045494892 -0.0904914726160238 -0.440450104666037
-0.0758546262381351 -0.0978438731673365 -0.367357360898526 -0.316383639227307
-0.106410218681373 0.0331132182319553 -0.449399884521464 -0.0598046927648078
-0.0284471174184305 0.100168188521386 -0.328983689225995 0.101695548251736
0.0224535195362607 0.138372840386391 -0.187241644416499 0.142265682888772
0.0379065866327227 0.171814608440939 -0.0781141455882163 0.133961399637522
0.0274186503052521 0.178295640659941 0.0462621886903423 0.111584311342619
-0.0561528355663085 0.161567155784668 0.177616564842709 0.16892979268689
-0.147038818854014 0.0795292672332913 0.174654547751569 0.35669412506918
-0.130188972373433 -0.0846807271794721 -0.133103025300901 0.525979557996073
0.0312920863479382 -0.0909134153081159 -0.450689963388688 0.367829836671648
0.0688757938627455 0.0481476400292969 -0.527977055724689 -0.0773859968010096
-0.0253525275326611 0.131462407223068 -0.141641788888178 -0.237696979409593
0.032969232394366 0.0843816470066017 0.312136620210849 0.012647084147152
0.0854890617448432 0.0331202277185607 0.397658523859667 -0.230119486953965
0.0631625944166552 -0.0570357813718803 0.106867992413659 -0.531185669535122
-0.054650295311908 -0.0793329545632976 -0.280624885090178 -0.501054877263106
-0.084085850175656 0.0287592117698377 -0.491920519045953 -0.194573967174503
-0.00860789729454381 0.0828604802715003 -0.392564229214037 0.0675480975186372
0.0411517293210658 0.101911569178091 -0.197437698256652 0.171115143935048
0.0650483620679003 0.127513061909959 -0.0480060270577205 0.181749755069745
0.0680596742071015 0.135092062631531 0.0799002430845598 0.169450670836023
0.00638132432685538 0.142218818929536 0.209610037782984 0.205087481609453
-0.0866946378773955 0.103596407960847 0.233517470545992 0.346190461320946
-0.121491685438098 -0.0339531243785475 -0.00353661310017163 0.517753223522238
0.00323945064301208 -0.0941154037132185 -0.299029049672276 0.418350739865424
0.0908523886997204 0.0089246273737759 -0.459120976209676 -0.00224505726719471
0.0458730774671663 0.102694380142404 -0.125782551236603 -0.247009996027542
-0.0709504744299623 -0.0289421935175627 0.118977322134113 0.252792695156083
-0.0942152362018459 0.00669870738080725 0.396064560889508 -0.0234152973300055
-0.0174838059277533 0.0578999916866754 0.188601842912167 -0.433729630102515
0.0493540378362089 -0.00012323933503613 -0.139073457163153 -0.477802397048133
0.00816093048703511 -0.0679374859023613 -0.318855219632632 -0.308685721997176
-0.0519937042373522 -0.0846097256622285 -0.269502915968204 -0.165671983762703
-0.0979407317909781 -0.0648774100757166 -0.129827228287273 -0.155441584909919
-0.103061029540508 -0.0647838081190738 0.000125797297978248 -0.155788580907907
-0.0844289966377046 -0.0769079743265649 0.186440720225552 -0.155199352598319
-0.0186205894754065 -0.0875686611037684 0.384584193096988 -0.00846907016201774
0.0420672170996638 -0.0349157965725716 0.45670798296511 0.287465334522734
0.0173367795696792 0.0300515315022907 0.146578249250547 0.61475327748115
-0.0655942638805699 0.0230513300163011 -0.29971281373635 0.571581169568478
-0.0703748153020017 -0.0460221948719378 -0.536789206597696 0.215605622321581
-0.0468987494188599 -0.0584319482453222 -0.397873759265476 -0.017754982320568
-0.087008992969276 0.0405748424956734 0.139879588049587 0.222123296506366
-0.0657639381749684 0.032016870151471 0.318939609037149 -0.0924133782340088
-0.0269905114445517 0.0421084103137404 0.0313984553106862 -0.389949887449857
-0.00682976276320428 0.0138117144817672 -0.239167006390797 -0.361685186147731
-0.0237551245211785 0.000368792612800191 -0.349649650270322 -0.210337889352751
-0.0491827268426062 -0.00011854950398047 -0.284244196114505 -0.118930795707629
-0.0814799552232696 0.0197646040199313 -0.163250005166715 -0.137251037813372
-0.102243030931345 0.00941726658547915 -0.0373980294251027 -0.154241378783294
-0.110286221138507 -0.0248829538995957 0.171436193141293 -0.158068980947555
-0.0697379635065509 -0.0782869135510842 0.384242006434881 0.0289075798449577
-0.000169377044881572 -0.0792309731441257 0.400599713581133 0.394518468508277
0.0431419793036081 -0.0452586023102352 -0.0450551399076738 0.691745471787633
0.00706769156530752 0.0188095514799572 -0.531937210326425 0.515915025439926
-0.0515543056992007 0.00622313902482283 -0.664041317890271 0.0531110674415155
-0.0915382074384727 -0.0115631809054633 -0.405863430845905 -0.0921909240486856
-0.0739226517751839 0.105691641997014 0.160227205391958 0.16960683819477
-0.019123841218862 0.0413206408663169 0.239256505918103 -0.153824621237414
-0.0308639841050648 0.0140269574078031 -0.0935537107274349 -0.325432045331069
-0.0537327438737268 0.0211182264206054 -0.298103874343937 -0.235432932634345
-0.0394263805644124 0.0591816222026208 -0.345881505708853 -0.0997749736392464
-0.030082773130095 0.0698135986424988 -0.273004190644918 -0.0499638087423997
-0.0515722145349857 0.0922657986545501 -0.180087260371356 -0.086706213723759
-0.0886368576362577 0.0814434937028527 -0.0701969656321866 -0.1237060255351
-0.124330424363203 0.0362968229008646 0.138666084937392 -0.145777982701654
-0.118143115563537 -0.0554201743018876 0.345674818082491 0.050328884211328
-0.0445612093838269 -0.112784306041226 0.314765206022565 0.431634555891344
0.0691749132303515 -0.108057209739718 -0.203498363787147 0.670467124864638
0.071119202694388 0.0256664220683173 -0.671365292304198 0.399262655822452
-0.044239941086469 0.0553030325615477 -0.709149797608962 -0.0952998822559471
-0.130587602151553 0.0275962342545504 -0.376286381289056 -0.153012482359154
-0.049252242165702 0.15130839885343 0.176590640511742 0.105489988113093
0.0325665606711059 0.0433669440871702 0.176461186685472 -0.205736374867023
-0.0192678356485766 -0.0216228910110498 -0.175944615483842 -0.280931544042395
-0.0860117576710738 0.00249165159721208 -0.332746467229451 -0.14338680512962
-0.0572742581789711 0.0857943652649341 -0.333258257499629 -0.0112889658745144
-0.018606122473305 0.111168536398653 -0.250891904774712 0.0184978696729488
-0.0242731768123285 0.141359689082342 -0.180168805844798 -0.0244337655850941
-0.0634708854744178 0.139391636953279 -0.091446594253783 -0.0716913793621931
-0.11572477104161 0.0966530816389055 0.0954714791005039 -0.109627546069695
-0.150798084080068 -0.00913651121126186 0.282731715959859 0.0636403835878552
-0.0925366483290166 -0.113912171219273 0.222811083276925 0.416040363309304
0.0596830659387697 -0.147494025365681 -0.293547342629514 0.595618914358549
0.104138447534257 0.0204685538467715 -0.70818192516152 0.290536333585544
-0.0356386464571856 0.0870553014198682 -0.681744959077734 -0.190836973150915
-0.151660249058223 0.061349520011114 -0.315752512700843 -0.193597652081809
-0.0242728717004277 0.172252517674694 0.19383061039886 0.0431139227697657
0.0762180509086993 0.0466992423613728 0.148100505455998 -0.251055687205955
0.00677040151422244 -0.0546961401043059 -0.215908473671412 -0.281956451400976
-0.103189217451302 -0.0355824425162092 -0.362501870623646 -0.11513576397626
-0.0823079246964056 0.0819703653009665 -0.34437037506986 0.0371206788166266
-0.019310500591391 0.124864772195563 -0.24622441151208 0.0768466303880218
-0.00302766062662117 0.16357078647073 -0.176571836690641 0.0421762973549233
-0.0300452862142539 0.178127505815525 -0.101020409713925 -0.00243451390554941
-0.0812529005974663 0.151871926836038 0.0563552827844415 -0.0493033012596787
-0.153699117950751 0.0606638815721516 0.220559330955002 0.0791395110278992
-0.145834958342832 -0.068246469532084 0.169290663647431 0.37765581485699
-0.00194159683068681 -0.16187587681759 -0.293277490344994 0.539168980147085
0.103115734271505 -0.0147383404191492 -0.664066883828234 0.262167252315771
-0.00845446645783681 0.0962876678795999 -0.637745607672929 -0.19552218465433
-0.139075758462239 0.0980746996902724 -0.247941784437377 -0.210627424879749
-0.00141828121934029 0.165355667144226 0.222806284543429 -0.00430511761994752
0.102479477157415 0.0511559585306645 0.166547403571829 -0.287568943669186
0.0397078741246525 -0.0738970327819977 -0.204586725477593 -0.338412462571646
-0.1010147657018 -0.0752349861570524 -0.391223360543446 -0.165469255331234
-0.103096179333289 0.0606843219558213 -0.390057242748994 0.0325068387505044
-0.0254588555707301 0.119017256677311 -0.272538399645862 0.1137550203747
0.0131720987762965 0.16151748375133 -0.177059331825747 0.103946066027554
0.00906484314254468 0.189818118296893 -0.0949918725201077 0.0723246453590267
-0.0241640268167477 0.184066115265404 0.0382045775313352 0.0298679613370326
-0.116452406316829 0.131223868933413 0.183437551329559 0.113038568514918
-0.170781758053566 0.0150382097066959 0.158129273872936 0.355083016004651
-0.084656132775852 -0.137581809184642 -0.226854382975792 0.527539854540602
0.0713976893542262 -0.0626908086202247 -0.571228009816353 0.314294642127438
0.0327667667770133 0.0810760332964174 -0.590476898642643 -0.138112785514592
-0.090901937021022 0.128656614099409 -0.190433600840048 -0.220547409250307
0.0141321905077149 0.133298796550354 0.264366581903357 -0.0201202759446806
0.103912496652211 0.0513302628548685 0.253884637183688 -0.293663866538819
0.0655038390997205 -0.0727630960081177 -0.105033429101778 -0.439538839524041
-0.0795577304035636 -0.0956846035542914 -0.381963281615533 -0.306297556103404
-0.105639829309171 0.036260886633452 -0.456107310302093 -0.044356030945235
-0.0251948926582117 0.101112796389451 -0.328807279604625 0.113353419855188
0.0268196801290211 0.138631528524211 -0.184084460773117 0.149401768274763
0.0439625862140688 0.171201446976864 -0.0738919092477812 0.137187744454217
0.0340097006378668 0.177461293307028 0.0513498302282359 0.110392992757871
-0.0500337559497469 0.16344840736901 0.184891708447938 0.162940175166368
-0.144598775191654 0.0854904751822516 0.189010429160802 0.351954595414049
-0.133733359243435 -0.0804185848700781 -0.116351610805357 0.534190969832419
0.028352667224836 -0.0925131940937518 -0.441147257093594 0.386803808885836
0.0714336790078901 0.0466687046650613 -0.534981163724978 -0.0596454684986042
-0.0206006313438963 0.132808223726454 -0.151100537768354 -0.234603750701816
0.0361697249572859 0.0834249074371698 0.315207521418554 0.00201511176336633
0.0876265058756842 0.0299954959931519 0.392142972608531 -0.246675592770259
0.0620419053547514 -0.0594434729250885 0.0901625728608298 -0.537800788457406
-0.057710786264887 -0.0777185696337215 -0.299991095317739 -0.495798418795212
-0.083383975552582 0.0319927723637939 -0.503093114411394 -0.179638803440572
-0.00582343817810668 0.0830167626696134 -0.394617523093101 0.0814362779066973
0.045263891312196 0.101342698037872 -0.193747999619639 0.177601402028757
0.0699993403671213 0.125822339074708 -0.0420237941598393 0.18422507418979
0.0736279973664048 0.133014322514763 0.0866917237257059 0.166377428654245
0.0117042162946059 0.142312075264481 0.218999560478771 0.19707858407755
-0.0813141105089134 0.110116366739148 0.247839306974758 0.339279961346261
-0.123798491521304 -0.0295806350765229 0.015917784588132 0.521228037116373
-0.000603609700433633 -0.0943611085848314 -0.287127019423149 0.432269971272541
0.0924784391446233 0.00552752327696079 -0.464009508393427 0.0137141907965499
0.0501875117533375 0.101419204768411 -0.135975888927633 -0.244752466683773
-0.0724341144810045 -0.026369775649867 0.127794025305486 0.250767978937898
-0.0942594053205053 0.0102686691264447 0.396166214349348 -0.0368236649522117
-0.0153953420344527 0.058588535087273 0.173961771739839 -0.441175806396477
0.0492152019538642 -0.00152001184698785 -0.157384238978269 -0.474375325535231
0.00594016257361087 -0.0688452786347271 -0.332316069411804 -0.297608898893776
-0.0559658785219237 -0.0832097226646608 -0.277281729897003 -0.155483889691836
-0.100558607009933 -0.0611321512568227 -0.136241857516369 -0.150961198122058
-0.106336427311747 -0.0609090839808003 -0.00518195106372802 -0.155487792632577
-0.0878255459290645 -0.0740537329996714 0.182238085619821 -0.162460222247345
-0.02274735378255 -0.0876029575680629 0.385963436184305 -0.0220751533222049
0.0405093602786706 -0.0370965129162177 0.468875011361218 0.273842750631047
0.0186626359947297 0.0293755171799418 0.170620353546572 0.614453954747449
-0.0645844022531789 0.025948564626947 -0.280364433939116 0.584068981965297
-0.0723558807068799 -0.0439132878516352 -0.531466304505625 0.235665459911684
-0.0491767879052382 -0.0566258577639091 -0.401205766373171 -0.00382273716523734
-0.0856224863560751 0.0443585078602483 0.147441411654842 0.21823381600461
-0.0647644929843197 0.0351183813392436 0.316601828308962 -0.104404291680753
-0.0252953781484041 0.044009533537231 0.0183441139661431 -0.392863606575782
-0.00623506053578968 0.0143340787881547 -0.254069800937223 -0.35385707906299
-0.0235677311291683 0.000991506662045047 -0.359350583262787 -0.197292760388671
-0.049613158164431 0.000926309501884718 -0.289503446137512 -0.107992210302046
-0.0811332341564009 0.0231060344182413 -0.168763105284053 -0.131324335078162
-0.103249000344817 0.0132440234416893 -0.0433517595119148 -0.152845038831485
-0.111870221516304 -0.0206047498741044 0.166600562612678 -0.164879662681372
-0.073225067815952 -0.0763017913859611 0.387450755854478 0.0161184774438907
-0.00311063391908443 -0.0796260203079021 0.418712202852043 0.382388568316379
0.0416674459831184 -0.0477608574919162 -0.0209917373102851 0.697507418246497
0.00826333819091055 0.0190784039553641 -0.516619421380434 0.535864132241369
-0.0518614007411814 0.0080867679043259 -0.66452388630222 0.0777838720579171
-0.0919712811941017 -0.00749346592390931 -0.411211797784951 -0.0782634897100295
-0.0710513371461813 0.108519161477547 0.166044028329692 0.164365246808546
-0.0178973529725409 0.0420954629909373 0.234415529360815 -0.163275473466029
-0.0296719767901994 0.0154258748722827 -0.105226892568957 -0.322924485767881
-0.0534603532662424 0.0227408255647554 -0.308309342058697 -0.223851044546294
-0.0376700943017654 0.0600621000570373 -0.351588994098685 -0.0861688431490118
-0.0281862760862707 0.0704695596107265 -0.275682763621383 -0.0383817554975269
-0.0482572411992984 0.0950022146413037 -0.1838914579929 -0.0804984728948564
-0.0856439536867126 0.0854213000403008 -0.07427794033033 -0.12140438290562
-0.12421031803159 0.0403499492476455 0.133878402910898 -0.15109994330682
-0.121080126575655 -0.052357828193588 0.348655423558804 0.0383958334388205
-0.0476533611958282 -0.112029438018606 0.331244424054591 0.422171155529383
0.0659091467213119 -0.111224867452646 -0.180799241123246 0.68087498464946
0.072474590721332 0.0239541947647939 -0.660855808186897 0.424920372437786
-0.0423710140115524 0.0573121322550012 -0.715472823716458 -0.0695103929039396
-0.130296127801218 0.032417020933354 -0.383504845455886 -0.140969244225276
-0.0443323582220518 0.153620564494042 0.18034575240603 0.100236082820466
0.0343746021678377 0.0420211938715678 0.169456836285856 -0.213760141314898
-0.019562535006354 -0.0213819994707618 -0.187057835678348 -0.275317958947862
-0.0863565230841543 0.00581916758333125 -0.339814359092922 -0.131331289431494
-0.0547110801206677 0.0873758189856784 -0.33628961518368 0.00138373189376744
-0.0151056922558847 0.111271181838442 -0.251958732329999 0.0284392156561168
-0.0197041816325628 0.142570881115171 -0.182237731452874 -0.0181742062219225
-0.0594864583894982 0.142035690752732 -0.0940754271907015 -0.0683295076808743
-0.113561233145284 0.100775318815496 0.0921215104485885 -0.113607355941345
-0.151864814106062 -0.00468399204187253 0.286232653072602 0.0533128588698189
-0.0980893345027524 -0.110623571898498 0.238696092501806 0.410252238010833
0.0548805710992267 -0.149892113490361 -0.274133855176876 0.609036841746891
0.10587651566533 0.0181989571082311 -0.70172285231293 0.313544310558795
-0.0323932097856042 0.0893995925079166 -0.692297202523811 -0.168601897229909
-0.149951250309506 0.0670230867441426 -0.324553060299765 -0.183902938852033
-0.0187861931868563 0.17342272484571 0.19624876466598 0.0358834641350164
0.0778208127710288 0.0440079146002853 0.139812564360129 -0.257989021059472
0.00578808934970719 -0.0550506858944061 -0.228127146764263 -0.275493608097149
-0.105113686122672 -0.0318405888275024 -0.368716201247295 -0.102918628762004
-0.0795292603150768 0.0848016391281648 -0.345606115502201 0.0504327910834869
-0.0148300376923445 0.125578479663702 -0.244697830888058 0.0865781021846968
0.00239066022173983 0.164248425377545 -0.176381048186424 0.0486664035531355
-0.0233561507633782 0.179271235253002 -0.101692838543636 0.00118385036912682
-0.0766565851588714 0.154764765831368 0.0548210256754163 -0.0517412628639782
-0.152156955551654 0.0654391145867471 0.224099892090676 0.0708897606612758
-0.147471152030484 -0.0629200890326899 0.183730798750405 0.373094821168453
-0.0064174035440325 -0.162091241331827 -0.274785834252019 0.5518159134982
0.102814418113161 -0.0177206882730107 -0.657789503174611 0.286769483038479
-0.00517799333022288 0.0967777926116256 -0.650732901441703 -0.174083777381138
-0.136292676903375 0.102766553621657 -0.257752498696104 -0.202827969999638
0.00434241105678512 0.16558977716296 0.223400024856011 -0.0125667817779239
0.105113473570289 0.0479739670130548 0.157616852656011 -0.295819936988958
0.0374541758891508 -0.075866783010548 -0.216574514155965 -0.331681709603761
-0.104004730418979 -0.0718776393650139 -0.399236671991837 -0.15219018789669
-0.101016745827566 0.0635312712591659 -0.391970677796041 0.0469631730211567
-0.0215426937060554 0.119064183710393 -0.270467075759884 0.123775132218422
0.0186761067321772 0.161666476131992 -0.174552524387682 0.110265599792437
0.0161493992057556 0.189781160521715 -0.0932984905034805 0.0754483093010701
-0.0173665400875626 0.184303151390165 0.0400451226830584 0.0279045004703225
-0.111778516690679 0.134543202037888 0.188451510570694 0.106177210627704
-0.169721959288828 0.0216486212268919 0.171576344864714 0.349888259980235
-0.0897684107379777 -0.134505245882987 -0.208351523027306 0.537650100290918
0.0688968677407303 -0.0652472310574927 -0.562833043415835 0.337007993374921
0.0357022201660743 0.0798011825223821 -0.600686666061563 -0.117714881139162
-0.0861727577049844 0.131484146545137 -0.199840351922535 -0.215019001929515
0.018903232079093 0.132781321792456 0.264929543234489 -0.0296206881842692
0.10648199792986 0.0482071723284779 0.243908371050868 -0.303293427556308
0.0635142809430451 -0.0753725197649953 -0.121747424994596 -0.437317709568443
-0.0838596158656024 -0.0930176455207595 -0.394688384474495 -0.293844935800014
-0.105059724262347 0.0398467670247405 -0.46047777414641 -0.0278813392476113
-0.0220010789244961 0.10148291262578 -0.32724882696658 0.126074400395004
0.0323556655528224 0.138080315069437 -0.17990951683455 0.156244475575126
0.0503891442069861 0.170688136730355 -0.0695137906556752 0.139945827718812
0.0408164086889022 0.176470342128292 0.0558253993322433 0.107903573680039
-0.0448910004773181 0.165304128933925 0.192232893810414 0.155346030652966
-0.141214713655017 0.0900953101355438 0.202332377194354 0.346585759417084
-0.137294372734477 -0.0752623353755998 -0.0957561790942758 0.540465966177952
0.0247061492696106 -0.0930307259929908 -0.429079393749805 0.403100988897649
0.0734320551519817 0.0438932649399455 -0.540476872659857 -0.0410432103090903
-0.01598663101428 0.133855640972433 -0.160306545420238 -0.228910518564705
0.0392132934659399 0.0820463937548871 0.316701472370947 -0.00963716255429436
0.0892032607318172 0.0269863793728228 0.385113969807253 -0.261444604861973
0.0600105995177188 -0.0617946868254732 0.071181832795894 -0.543484223751516
-0.0609967459950613 -0.0757465821478014 -0.318744158109224 -0.487107086574054
-0.0820088572372863 0.0350918587304401 -0.513760575565532 -0.161487614875543
-0.00229597977856318 0.0832154970940729 -0.394463365099053 0.0958299075931645
0.0486635261157674 0.100467776816561 -0.188195842142104 0.184393510814706
0.0753373585538775 0.123901903118762 -0.0354547440546135 0.185791652795418
0.0785662330562603 0.130269362149333 0.0937155792345999 0.16317796108149
0.0172494995440659 0.141958645470381 0.226625292522464 0.188849159550328
-0.078509142376128 0.111913973901777 0.261788042304262 0.330720234098806
-0.124757688935351 -0.025151891576709 0.034991927357562 0.522785992181074
-0.00391184836756172 -0.0948640570538508 -0.273797311763797 0.440564309809777
0.0926826528988028 0.00175208210084672 -0.465737890112796 0.0308952725877857
0.0536904112762243 0.0991645665081694 -0.14560019813677 -0.240092876048634
-0.0738127428902658 -0.0233273002260359 0.137298513989225 0.246403457848955
-0.0944963304146224 0.0141547940323362 0.395905232252031 -0.0507359554366891
-0.0129667352269244 0.0593447803962342 0.158515414132836 -0.448383555315506
0.0496406278435812 -0.00386923602304954 -0.17553483207544 -0.468908482810537
0.00311312047968993 -0.0692892085743756 -0.344005383832995 -0.284276128448128
-0.058944507944416 -0.0814424329333504 -0.283071488713286 -0.144567688776983
-0.103015134200571 -0.0574509041448906 -0.142217947165313 -0.145343231329955
-0.108284496213128 -0.0567390830148176 -0.0111963996645174 -0.155090146992582
-0.091316536957947 -0.0703281448152996 0.177081823734113 -0.168496458107447
-0.0265392974859959 -0.0872525818761597 0.386649465066962 -0.0352931113375016
0.039494882271956 -0.0389467310857855 0.480460594975052 0.256955583699364
0.0201623977911746 0.0285873315901848 0.192714632390535 0.608604063888909
-0.0640044296681755 0.028576136905416 -0.259962673326665 0.596520961544522
-0.0738121048051787 -0.0412178820022723 -0.524038617021837 0.254449486019829
-0.0516252371976538 -0.0543473758606861 -0.401825472878173 0.0110187300170359
-0.0843934841008236 0.0478894818918236 0.155327879784148 0.213401850856661
-0.0638810149697576 0.0380325694780144 0.313252299313622 -0.116331237329872
-0.0234689885228249 0.0449753918423077 0.00397800555248656 -0.39331232319028
-0.0056561416856751 0.0143305734711398 -0.267700657609007 -0.345185593945875
-0.0232907408198012 0.000809563691751672 -0.367971363297534 -0.182181205683923
-0.0500016798657891 0.00236006841954319 -0.294071161841861 -0.0960146015951483
-0.0804361225018102 0.0262665574444504 -0.174765043200586 -0.124066923235656
-0.102274541416332 0.017112655306919 -0.0482039504198638 -0.150465583848945
-0.113364492403546 -0.0165170622081831 0.16124175385616 -0.170759015953445
-0.0767714109270085 -0.0747393496931379 0.389014306170929 0.00420579588512872
-0.00477530437574873 -0.0801109003834113 0.43210703582575 0.36755405628242
0.0410596887853228 -0.0493051389931013 0.0033279624534948 0.699684362987319
0.00926924222775988 0.0190160636183891 -0.499956837626394 0.553812582031362
-0.0516937978679165 0.00967980758549949 -0.663735789675067 0.1012549819401
-0.0925502642965821 -0.00412833875724501 -0.415550380194865 -0.0648535463109887
-0.0669737023051203 0.11154556746124 0.171810993249374 0.158864754650122
-0.0161785903004365 0.0432479095801931 0.228444577664337 -0.171625669167757
-0.0288206472796959 0.0164845159073868 -0.11696199944592 -0.319441868262077
-0.051529223265989 0.0243586799153985 -0.317105314680867 -0.212618792111441
-0.035335943856233 0.0609021206397511 -0.35541486041189 -0.0719052976400883
-0.0259243499222758 0.0710659889235485 -0.277560105056056 -0.0271837051396869
-0.0451012134291842 0.0968281530041807 -0.187157861246805 -0.0736810585168069
-0.0823463940886824 0.0880120394833647 -0.0791716258204693 -0.118721948324109
-0.12303501860255 0.0447869849006538 0.128753976118014 -0.155312007158943
-0.123622752726668 -0.0484768605289773 0.351107102342248 0.0262144536002337
-0.0516414940551801 -0.111154474978611 0.345352422030938 0.411523413101304
0.0626602828305337 -0.113548874292185 -0.156768588998485 0.687726488777747
0.0738689856495066 0.0218848288961731 -0.647405327731041 0.448023888776954
-0.040699698087914 0.0593446800748144 -0.719641686846799 -0.0453971517400582
-0.129367717637954 0.0370642352016165 -0.391050741117203 -0.128152536155928
-0.0389849295990555 0.15525694629367 0.183985360622865 0.0937942860531378
0.035911338679672 0.0413908536348375 0.162064709150173 -0.221444783739864
-0.0198089257826214 -0.0203785871385431 -0.197324140918977 -0.269375277374326
-0.0863291519501189 0.00880042238000103 -0.345026761639229 -0.120050055201756
-0.0515590330223743 0.0887333684907982 -0.337364776351366 0.0137720179190081
-0.0112777635480445 0.111514263896085 -0.252010813348898 0.0387133314332557
-0.0143945446098215 0.143231390304617 -0.183558011084716 -0.0117417901125226
-0.0546225033096205 0.144075308321048 -0.0967931469403066 -0.0652695046134286
-0.110803652869295 0.104764663112065 0.0884754231825694 -0.116961467619492
-0.151465955251324 -0.000749453384380492 0.28839256808324 0.0427037734467787
-0.102299580517122 -0.106751511059356 0.254249477895884 0.401724653976895
0.0507334810837514 -0.151883831363997 -0.25189236451367 0.620038650717543
0.107064289260956 0.0151210186743723 -0.693020040207312 0.336385854378656
-0.0286243808832598 0.0908616855575017 -0.700822857118751 -0.145562859863915
-0.147727352536425 0.0720618758244493 -0.332370253728514 -0.173530259778497
-0.0124277907333104 0.174487880222814 0.197260793899462 0.0290852660866066
0.0796491187274813 0.0412528742800506 0.130283672871331 -0.263682650081854
0.00395008763446099 -0.055255786112951 -0.237923951459417 -0.267414964087766
-0.106302308576105 -0.0282494021562027 -0.373593156482972 -0.0892158546763311
-0.0768698730591848 0.0870206788417454 -0.344778747876434 0.0637066458050373
-0.0109534356086645 0.125159204274745 -0.242761120528306 0.0955369968715069
0.00802505686583803 0.164441645909446 -0.174966979673916 0.0548393355829381
-0.0170446404603367 0.179899636508289 -0.10141074214078 0.00487888480050509
-0.0715984110128452 0.156949869389026 0.0531918587032829 -0.0543520509290016
-0.149428954724813 0.0697789105725339 0.226434551106271 0.0626260245002213
-0.148884923961799 -0.0581146878436748 0.196467788643207 0.367259700188377
-0.0121952941104844 -0.161439739117387 -0.25580787562261 0.562513656932489
0.102840520711873 -0.0207452922425129 -0.649422906072816 0.309821259431666
-0.00174562460802546 0.097557257417644 -0.657153426498333 -0.149305613852488
-0.132757093187015 0.107662961901164 -0.265712850101962 -0.194489265943822
0.0101007657174514 0.16510136571679 0.223803634789865 -0.0203518894537676
0.106263202999019 0.04492248271259 0.147643814571038 -0.301563962337338
0.0354192558100066 -0.0771648715745131 -0.229717408341829 -0.324486765638156
-0.106907346176427 -0.0680848838523976 -0.405327735086628 -0.138224770528977
-0.0987908233576348 0.066748814868711 -0.391773523514679 0.062885859078571
-0.0172511565478575 0.11965539613065 -0.267301606161048 0.134169227626823
0.0245509618082894 0.160842450356338 -0.171081314325077 0.116372859191716
0.024086919338506 0.188809874998994 -0.0901530025941521 0.0787373872946213
-0.0115759591661359 0.18418841416474 0.0411519554047889 0.0256586627731751
-0.106643658356681 0.137515753993369 0.19255813574114 0.0988551088842818
-0.167867921683279 0.0216420381120201 0.184845398826174 0.344602019614468
-0.093821244705809 -0.130792968870926 -0.189581841891443 0.546092771473684
0.067538914049885 -0.0670200380718591 -0.551627884508517 0.353911446886089
0.0383588882434368 0.0789790220340986 -0.605812422717324 -0.0966971405318579
-0.0813742284969703 0.134444070223929 -0.208745727005608 -0.208348660580935
0.0231886038898324 0.131873445304078 0.264709089343557 -0.0394545006883398
0.108037619563976 0.0437773134899525 0.234074573952184 -0.313312270577147
0.0609986605976198 -0.0775693151652248 -0.137022980857943 -0.433307061850529
-0.0868509997235625 -0.09035439615741 -0.405790311397233 -0.28044259161958
-0.103585514632636 0.0429608780168725 -0.463195843662559 -0.0106971704579309
-0.0182852269715907 0.102002204052816 -0.324522953640067 0.138030142767965
0.0370956352282993 0.137057803754938 -0.175205052584799 0.161936153055816
0.0573302356733139 0.168551264506058 -0.0639607530981837 0.142205553469224
0.0468307721419342 0.174763313093077 0.0601705478688998 0.104352703071441
-0.0383710749208176 0.166677239830452 0.198607983655164 0.147140282997055
-0.137075238064348 0.0956273937937332 0.216459037609237 0.337613334364345
-0.139681910981345 -0.0701544856390603 -0.0757348530080864 0.545015546680281
0.0217556023499179 -0.0932280639123878 -0.415377504708632 0.418814167651833
0.075188374752911 0.0412874761945188 -0.543925114876685 -0.0224431769542131
-0.0106712558534394 0.134171318443344 -0.169981781089775 -0.224740936394767
0.0424497870741625 0.0803859908925966 0.316824196433688 -0.0208074887234145
0.0903948887037685 0.0237517234055496 0.377465506081605 -0.274829761421387
0.0584249437697505 -0.0638182520720927 0.0526822769263801 -0.547401658384762
-0.0635620933574926 -0.072977480447894 -0.337210266944067 -0.476148198084176
-0.0808496598120792 0.0375978767444336 -0.520350941322153 -0.142878135042576
0.000174258919884744 0.0830358900425845 -0.392371757020836 0.110262831021347
0.052454276711994 0.0989214966682316 -0.182347120014821 0.191340108897347
0.0798827824551165 0.121039404539858 -0.0292806296214498 0.185896765542183
0.0829420719896002 0.127540300643527 0.100304645114141 0.158129899700631
0.0222164789781889 0.141278969460266 0.234287871616805 0.17976009582005
-0.0757460784494434 0.112886262208764 0.275141302531832 0.320784806812335
-0.126381782218794 -0.0203688345411699 0.0554272333608754 0.521971665799673
-0.00710592648457816 -0.0944770098107665 -0.258969424977513 0.450334806531765
0.0933581046682693 -0.0017926862312133 -0.465819687623402 0.0480554235871488
0.0570263941824538 0.0974610463724913 -0.154660059556682 -0.235186957171634
-0.0741458369231257 -0.0203463670604588 0.145996900759316 0.241702747063304
-0.0937048207169508 0.0175951635577468 0.394168754320753 -0.0645747761739311
-0.0105246944607847 0.0597340195853645 0.141786614511556 -0.452709269264637
0.0495210491335433 -0.00562061194929807 -0.191986765049815 -0.461965938157377
0.00023753897852658 -0.0698824931142599 -0.354228415016901 -0.270705299759404
-0.0619770583438037 -0.0790983046444578 -0.288316323887149 -0.132939839407794
-0.105221250280475 -0.0529532872032868 -0.146837000054535 -0.139287089340602
-0.109999020200962 -0.0522474043466574 -0.0162079788992124 -0.153941836559776
-0.0942805162094996 -0.0666716712280292 0.171978596948434 -0.174393868557925
-0.0294328004293709 -0.0858622584243671 0.385388830619283 -0.0486814913763117
0.0382882668978481 -0.040594825098549 0.489008199997601 0.239373588807584
0.0207233007626456 0.0279882448384796 0.213350304574806 0.601230420784463
-0.0625166254273476 0.0308467336109512 -0.238922900900844 0.605439679753775
-0.0755503116041117 -0.0386310774338718 -0.514923402827133 0.272838418956183
-0.0532328429781006 -0.0522796313430632 -0.401730750674687 0.0239875567726641
-0.0827747683688293 0.0510799807505317 0.162629382216431 0.207342091203654
-0.0624267021757641 0.0404246584966513 0.308227159510837 -0.127221319291229
-0.0214613111371563 0.0455773249523405 -0.00985824729155282 -0.393388701922473
-0.00468460363762079 0.0142080285441188 -0.279871304950423 -0.334514832983894
-0.0231119462822528 0.0014263574790888 -0.374426800895976 -0.167326963617984
-0.0502255774123793 0.00401465868406253 -0.297607729849678 -0.0847031988320816
-0.0793834273191187 0.0291125858729441 -0.178838734454918 -0.117055662966284
-0.101913650791329 0.020606691588278 -0.0533392392571687 -0.147773764318632
-0.114856859416147 -0.0120231922039295 0.155940156372827 -0.175935379957779
-0.0796328304532118 -0.0727446864283011 0.388323632225305 -0.00998868791619304
-0.00785530131136939 -0.0807154343833456 0.444756698332673 0.351719796894783
0.0395912398715294 -0.0502627709053939 0.0287951195355532 0.698855052262536
0.0105155650491138 0.0192954334645566 -0.480197235175598 0.572291453310765
-0.0517112906163251 0.0117801353252704 -0.659307350173557 0.122474349403304
-0.0925404159436387 -0.000748741741438349 -0.41702165710271 -0.0515844985736902
-0.063147850016519 0.114027876331163 0.177577918491515 0.153474350529423
-0.0144222676983109 0.0433482703267345 0.22224324414098 -0.180534159730276
-0.0282463336203361 0.0175144353765565 -0.128028056756907 -0.315228245689489
-0.0505389214827446 0.0263028144275717 -0.325108983949852 -0.200715485546682
-0.0328621886464404 0.0613279632334075 -0.357874933583718 -0.0576788114951939
-0.0239478109551677 0.0713611332969588 -0.278403099516073 -0.016229515752306
-0.0415696301643579 0.0981579591155841 -0.189601450735774 -0.0666862405986692
-0.0793403616405663 0.0912515922427863 -0.0831169433860588 -0.115068245042489
-0.122378013127083 0.0487817157400048 0.12319952829056 -0.159750274058621
-0.125370717791362 -0.0450990021468556 0.351729619659836 0.0138234672447061
-0.0546719767706342 -0.109717727530238 0.360013437109505 0.398046111602755
0.0594333164540559 -0.116086645355627 -0.134303937667549 0.692349076326651
0.0749536000622054 0.0199754093461337 -0.630658334786175 0.471387916129595
-0.0385051981537149 0.060794720314895 -0.721722163119711 -0.0195154304798802
-0.127855967363502 0.0414878028714538 -0.395376704103044 -0.114650978401185
-0.0332662380097329 0.156229193881383 0.187411629136355 0.0872769586869387
0.0374821550242189 0.0398822263162884 0.153207184003473 -0.227159867764416
-0.0204903677598472 -0.0194083252335367 -0.20702538787473 -0.261242364463431
-0.0857625507129053 0.0117520109027967 -0.34936774468621 -0.106787736035421
-0.0481740374893504 0.0897986098025611 -0.337470896236665 0.0279913351751177
-0.00758070132863552 0.110867674855394 -0.250714026279955 0.0485253793626957
-0.00941599573765225 0.143568906560673 -0.183876207992957 -0.00438478335988643
-0.0485493935623117 0.146304839074583 -0.0985770064170246 -0.0613300496901478
-0.107933559864356 0.108077904288812 0.0844107095128824 -0.119917952241363
-0.151738187306378 0.0038975141171905 0.28934884138316 0.032625909623294
-0.100760090379056 -0.105341323353225 0.267355585378066 0.392183869656844
0.0465911978624435 -0.15313957368083 -0.231724857010404 0.627647581183642
0.107681809577266 0.0121556922506874 -0.679201941776759 0.363453126517164
-0.0257990668264498 0.0919378320858993 -0.706337331838677 -0.119621106275569
-0.144892764485266 0.0767529876362839 -0.339466745574521 -0.162217332864808
-0.00612618733324969 0.174240952998327 0.198659905824655 0.0228937576368592
0.0811288028804358 0.0385187213237654 0.121319793880657 -0.269301534557692
0.00227962050075778 -0.0553986506790125 -0.247061065331042 -0.259025912358495
-0.107311409610155 -0.024531928794178 -0.377258021189419 -0.0757856700661424
-0.0733939322176703 0.0886979297154291 -0.342920895356055 0.0772943523502077
-0.00696036766452809 0.124923376905922 -0.240363371760354 0.104709229286614
0.014251784437022 0.163732764700105 -0.17347690299812 0.0608022047158057
-0.0104870046590994 0.180301323970691 -0.101455793397878 0.00862484545900026
-0.0664660763157831 0.158671080136422 0.0511713811089031 -0.0561837000081274
-0.147046594296136 0.0741620052375976 0.228668460308357 0.0539959712081126
-0.149688587340007 -0.0530989264672118 0.209165035210074 0.359518369624459
-0.0169194309755104 -0.160735201983599 -0.237239785665101 0.571655761223652
0.101902023424649 -0.0235140251660488 -0.63867631295705 0.334694308258355
0.00143653213499857 0.0974219536278701 -0.66237542197086 -0.126253159604698
-0.128295429404539 0.111967290604725 -0.273702054495782 -0.186017656960689
0.0161756148001777 0.164423220577107 0.222555150680966 -0.0280632364942277
0.10796488885899 0.0409553884459127 0.135491689386481 -0.306984890163753
0.0332381028881114 -0.0780126147820564 -0.240637757610537 -0.315816252803698
-0.109180025563946 -0.0643077293034186 -0.410134859707194 -0.123628381213748
-0.0961597362599272 0.06966628067298 -0.389752919931059 0.0773041300690746
-0.0133655958635835 0.118956351655385 -0.263387345658163 0.143560660388803
0.0296032417384187 0.159620137212943 -0.167228177215349 0.12207111569438
0.031201250170145 0.18741619227269 -0.0869804545418983 0.0814660420910671
-0.00539146353537983 0.184113291130162 0.0422403985905737 0.0237905262963923
-0.101421892719802 0.140419512654113 0.195598191838868 0.0909454728106979
-0.165874285951634 0.0283491282569999 0.19731189101719 0.336877509926604
-0.0978071725789103 -0.126758925278225 -0.168934469638759 0.552305408659332
0.065396250175987 -0.0682425684649174 -0.539682879641623 0.372358705002475
0.0417291163376898 0.0771814661824896 -0.6104639282868 -0.07426616810452
-0.076674659761705 0.136549988888759 -0.216020409674096 -0.201019256624044
0.0279742126737161 0.130385500063213 0.262373711539064 -0.0484894996160116
0.109892496759694 0.0398107396054914 0.22241182705506 -0.321717615166522
0.0590963811620947 -0.0793695839392199 -0.152268551954598 -0.428998198800443
-0.0898773281982895 -0.0874287782172024 -0.416047343118236 -0.266485849916125
-0.102116847174341 0.0457037946941313 -0.463988910252557 0.00639644704795808
-0.0150606886512089 0.101235595532288 -0.321001036019692 0.149463493702099
0.0419480505546652 0.136098970873699 -0.169665761723796 0.167244743965798
0.0632315708270214 0.16599339327386 -0.0592452046016277 0.143517611596695
0.0522025055193529 0.172181826510305 0.0646784607935486 0.101090737906162
-0.0324207777208114 0.166990662085863 0.203642640997922 0.138770052128243
-0.132840501672896 0.100577537501496 0.228475192189503 0.328891888989719
-0.141991489853378 -0.0651887842002544 -0.0561548488320447 0.547041769088627
0.0184090527816253 -0.0936849907141364 -0.400791613868707 0.431425170569265
0.076470789173145 0.0383226675201184 -0.544489832144529 -0.00109461020245541
-0.00586750396182291 0.133378522095848 -0.178227697732965 -0.21872320187718
0.0453245950335682 0.0781874976204109 0.316330326248091 -0.0310514140899934
0.0908802501059104 0.019958371463429 0.367972427462496 -0.287579527529173
0.0568435192537008 -0.0655361967988289 0.0347857344628393 -0.548896753780837
-0.066550236311147 -0.0703005256555683 -0.35370175390289 -0.465022707032159
-0.0792720113129666 0.0399514890310746 -0.525930995541073 -0.125624226400752
0.00325130720046543 0.0819200016945919 -0.390204267490364 0.123980395316192
0.0559872813538803 0.0969864741715556 -0.175882398128093 0.19642255133864
0.0846193079187744 0.118157630947717 -0.0222494051735512 0.18685171938424
0.0874790885254413 0.124048564872604 0.105938504057375 0.153544088119662
0.027492668479255 0.139491021779188 0.240726273937882 0.168572340343832
-0.0706249564754571 0.116399057205925 0.286880922343739 0.309738674021526
-0.127313436458938 -0.0157218499425619 0.0748240447299908 0.519816177947205
-0.0113156820903108 -0.0937916846912495 -0.240682980667688 0.460898669433762
0.0930926454493016 -0.00574050823915805 -0.465170355570574 0.0648404353762114
0.0613550192442262 0.0943296549377916 -0.164242961427283 -0.229386139533563
-0.0752174014221997 -0.0174523844186068 0.153478495576124 0.235355035968067
-0.0926923092622862 0.0210656845368014 0.390486327035004 -0.0777019674763589
-0.00828099748072717 0.0601908013414395 0.126519701781158 -0.456018118640282
0.0492696710900212 -0.00719715144889687 -0.208215141166595 -0.453977735746861
-0.00177706607778975 -0.0699086434873732 -0.362878765422269 -0.256706545407272
-0.0652693527783208 -0.0774353825716664 -0.292591847551876 -0.1213482709327
-0.106851544822982 -0.0489197356027593 -0.152028514641799 -0.132424537381334
-0.111714107052782 -0.0481708639091182 -0.0213850942413625 -0.152429153186656
-0.096726894499191 -0.0626705302965942 0.1650118142065 -0.179648094714412
-0.0331629894488078 -0.0849582712603313 0.38324134040015 -0.0619748509149558
0.0367485371065777 -0.0423144668716273 0.496115394165997 0.222359797098913
0.0215530163957059 0.0272909230921544 0.234087046569152 0.59249372610799
-0.0608688560983168 0.0333200631506565 -0.217629437141793 0.611576970647571
-0.0764212387743193 -0.0357904255425648 -0.503505808657149 0.288259941947299
-0.0553610206391203 -0.050173278160386 -0.400087196153816 0.0373778138179703
-0.0807779652096386 0.0541489736713647 0.169235577648349 0.201496554742757
-0.0608497587732115 0.0427452613822666 0.303466485909952 -0.136303638509476
-0.0196600887355185 0.0459056311655831 -0.0232368726152728 -0.391145861768919
-0.00388038284023893 0.0148031236900665 -0.291592967800244 -0.323377013660341
-0.0228583108803536 0.00144592711380748 -0.379762563721416 -0.152965281544101
-0.0497832613356278 0.00543325266387805 -0.299301883389642 -0.0728718928632666
-0.0784191949348109 0.0316926075331334 -0.182114083991668 -0.110610788850374
-0.101029888266595 0.024323106201372 -0.0583974562970372 -0.145634162546399
-0.115686923394127 -0.0081281896452321 0.149052600173525 -0.180150971511416
-0.0822289821612838 -0.0699649211562654 0.387117504970026 -0.0230900309154855
-0.0118390388447223 -0.0808777818656213 0.456076631841654 0.335957770435391
0.0380383111629835 -0.0524475869967546 0.0521759251523812 0.696370195366827
0.0113001192352461 0.019232503336144 -0.459218595206832 0.585558990764851
-0.0506567643406131 0.013591733977219 -0.654238260133112 0.145349954322902
-0.092084230946766 0.00218006242463442 -0.41858202018929 -0.0369633149652851
-0.0594776818646115 0.115437802343748 0.181808313659596 0.146076239592675
-0.0132813498725973 0.0442402550752758 0.214829517900866 -0.188181911300272
-0.0266729512863049 0.0189022938827448 -0.139004590547457 -0.308911494915725
-0.049723913566309 0.0279370160951873 -0.331429957119052 -0.187911467592705
-0.0306265315906703 0.0619701285730562 -0.359395601345958 -0.0443233167824458
-0.0217163672970951 0.0713308636598961 -0.278490402868437 -0.00648057400975592
-0.0379832453983383 0.098943565629129 -0.191216602809207 -0.0599604228340288
-0.0757531519603263 0.0932867182225673 -0.0863973621235193 -0.111265016458443
-0.12104164343761 0.0531491088448963 0.117726051950106 -0.163346725368154
-0.126997274583638 -0.0412065255853606 0.350410306887167 0.00156989403694233
-0.0578423213162558 -0.107571311632097 0.372238944104259 0.383604192974149
0.056100519793419 -0.117928419677422 -0.109183891757217 0.696604831497873
0.0762788808635147 0.0180273197614682 -0.61328860765746 0.490317399893928
-0.0355314319473404 0.0619962162091228 -0.72118145253631 0.00437726532626766
-0.125720973500112 0.0454954957625948 -0.397818158069289 -0.101752845453855
-0.0279517385504014 0.156857613567998 0.189799705121912 0.0801723807781436
0.0387977354892968 0.0385414720525832 0.145402542241684 -0.231736980995397
-0.0205041117808655 -0.0186669584758371 -0.215397651829375 -0.253294758507957
-0.0853971354909882 0.0150819604887083 -0.352656231167622 -0.0927680570295561
-0.045092289458172 0.0902453093103467 -0.335263404195065 0.0413694885182785
-0.00449751160994209 0.110181558406277 -0.248399725770318 0.0577013072223508
-0.00418604057907898 0.143763945363653 -0.182945374037648 0.00222827335816559
-0.0431523364032967 0.147135922797899 -0.100397218489571 -0.057520927589232
-0.104649394197073 0.110848096806412 0.0801100822940824 -0.122055769445973
-0.151389369404576 0.00824589756293947 0.289771033022278 0.0228407128650528
-0.103161909411076 -0.102063840066237 0.279961295844292 0.381542117428697
0.0420615558049318 -0.154121222063939 -0.209149471032586 0.634133592639924
0.107940860331952 0.00925336471016197 -0.664927907914422 0.386649699788723
-0.0236215950858331 0.0924801189896354 -0.710610191078153 -0.0941045371364559
-0.141257872519047 0.0816123282450659 -0.3441236552152 -0.151111124337639
-0.000447712806433097 0.173995780674743 0.198488788593708 0.0154816347242267
0.0822470068474184 0.0355363641530576 0.111391067001581 -0.272825119857189
0.00103858419745089 -0.0552474427373503 -0.254971994566631 -0.248783716299951
-0.108062664426428 -0.0208000708980113 -0.379456422809881 -0.0614978183804195
-0.0705427062722623 0.0902110008729137 -0.339856862494785 0.0899790910230125
-0.00307058006292493 0.124215865371622 -0.236584790779801 0.113469624882613
0.0193973349251601 0.162926458884917 -0.17078310679503 0.0667555721533434
-0.00396280159770752 0.180151034526024 -0.100333433312634 0.0119855936307322
-0.0615412338374471 0.159897050950525 0.0494619919614529 -0.0581322135449056
-0.144055448915624 0.0774991593995341 0.22992902940983 0.0453343801288709
-0.150020598445326 -0.0481219020729735 0.221389636305295 0.350624193884509
-0.0214428046489722 -0.15890463367077 -0.215295208636163 0.579090918413088
0.101294838356778 -0.0263627938962771 -0.624495037708293 0.353344219714215
0.00426575307625932 0.0973978766632248 -0.66606113278051 -0.102662837613377
-0.123972864611676 0.11544803106382 -0.279884744579548 -0.176313488663455
0.0220488361119514 0.162523655025971 0.220812829385406 -0.0353817658438735
0.109436876431727 0.0360235078821933 0.124343667262996 -0.311837814123092
0.0309797783498967 -0.0786317782098501 -0.250452843882406 -0.306661442857648
-0.111074802953478 -0.0603145354471275 -0.413839879845534 -0.108564484842074
-0.0935035843701808 0.0718271150403149 -0.386899190144603 0.0909753971134924
-0.00974971527706694 0.118003252917884 -0.258058104935591 0.153093963779158
0.0357805586769314 0.158118678599205 -0.162766914679944 0.126951944192996
0.0374782049352866 0.18580551199996 -0.0839507964390201 0.0840893154277464
0.000281480566102156 0.182646711771804 0.0432920284706997 0.021379780311111
-0.0966471584470079 0.142344512917046 0.198241524107156 0.0830103001213075
-0.162925883019275 0.038207398165001 0.208524529467472 0.328450893736671
-0.100975061446039 -0.12282412139297 -0.148685770299223 0.556193454334008
0.0625976828701748 -0.0699150270608528 -0.524763637506667 0.392441218008091
0.0441364877362228 0.075320790125548 -0.611757062920114 -0.0522385417731249
-0.0715142821227172 0.138365159135414 -0.223176108310715 -0.193275512329865
0.0326626143525576 0.128610893952282 0.259995014792111 -0.0575481499286331
0.111149131667034 0.0364490440870962 0.211073193154883 -0.32850891870141
0.056802413767867 -0.08127175988459 -0.166112490310614 -0.421881824764226
-0.0923956506041648 -0.0833063356844948 -0.423076694109687 -0.250334509798001
-0.0997521601757663 0.0490174250817919 -0.463555016816466 0.0223059879734512
-0.0118771601607507 0.100973045812563 -0.316006694548604 0.160588953522356
0.0467829708483817 0.133707836632369 -0.164143201046685 0.172205121680557
0.0691331666885736 0.162849744806002 -0.0533081904924732 0.14531130954955
0.057295135465559 0.168947999775562 0.0672742667694081 0.0976108832528938
-0.0266110496490927 0.166797803392403 0.207699192289337 0.130146037336515
-0.127971051881323 0.104103429113188 0.239817368994497 0.319135592286954
-0.143282026991492 -0.0592962618493299 -0.0361840390009317 0.547266097873528
0.0149434023044046 -0.0934167558112621 -0.383447126316178 0.44370757618385
0.0779816402229323 0.0355854129227186 -0.544087282241352 0.0171904679333882
-0.00126659625083044 0.132623206189785 -0.185698875351664 -0.211685453504405
0.047281026870253 0.075822750352491 0.313745200806596 -0.0423071906137684
0.0913961545271491 0.0164946401789376 0.356817295508419 -0.298418371741573
0.0544858862792779 -0.0674935003101333 0.0143719970194476 -0.547905286867253
-0.0684174617013251 -0.0675515343176053 -0.368904016410953 -0.45175869179253
-0.077637460795059 0.0423155105416148 -0.530943176867327 -0.106278032317325
0.00592130736176948 0.0810889017661076 -0.385043899974898 0.137543340081241
0.0595412005352561 0.0945866397420856 -0.169688499191436 0.201471880087433
0.0885886066553612 0.114333807902528 -0.0156408722388411 0.186424021495488
0.0911225845003234 0.119666648040545 0.111224260468696 0.148493839907241
0.0319382049495292 0.137842772485327 0.245593904373791 0.158916592434241
-0.064589009982145 0.11944771752879 0.297073653439952 0.297467081048042
-0.127226487321878 -0.0109033548025317 0.0929947430010441 0.514050169630136
-0.013719794889516 -0.0930802524167422 -0.225551433321175 0.466478102253355
0.0924631354174852 -0.00873413651615979 -0.461635389182752 0.0814197926225376
0.0643489944210726 0.0915916596931677 -0.17145381760655 -0.223058498222416
-0.0751048358161175 -0.0141947301384125 0.160290964220894 0.230126936454873
-0.091488670337852 0.0244174702260015 0.385570155886661 -0.0896696861136774
-0.00567733806923952 0.0601583463942755 0.111330403524779 -0.458134932354425
0.0492282511292436 -0.00904243054147696 -0.223068266650379 -0.443645632887954
-0.00376063289048075 -0.0698641547399211 -0.369476364241515 -0.241232302741126
-0.0679323860775044 -0.0742581836895119 -0.294708930747205 -0.109567793898973
-0.10801184881499 -0.0450516718255606 -0.155354702515553 -0.12598720469074
-0.112812399406745 -0.0437433754227537 -0.0258047108436975 -0.150408452984835
-0.0988566997710404 -0.0587455100317459 0.159132576586431 -0.184045276061983
-0.0362180121274507 -0.083287891890779 0.379764422121909 -0.0737571223437712
0.0347613677514718 -0.043194922488545 0.501712343778294 0.205463681220896
0.0227168162982792 0.0259236802977704 0.252259486561956 0.582637976434634
-0.0599453111014642 0.0351681120897142 -0.195797195998227 0.615451675104981
-0.0771044294775908 -0.0333931975514844 -0.492637040942751 0.304036691043205
-0.0565847064393927 -0.0479006897149105 -0.397252137141011 0.0501942871799516
-0.0789510929483873 0.0564474422327278 0.174796057390988 0.195152044500117
-0.0594539921598649 0.0444860184627281 0.297296249571657 -0.146538870035522
-0.0171990623202944 0.0468249266717861 -0.036151105498094 -0.387889877229818
-0.00283197422038908 0.01439061885863 -0.301159585530358 -0.311354496484729
-0.022715740973518 0.00178605202840847 -0.383215928493625 -0.138663288578756
-0.0499837468237219 0.00658359850775835 -0.299949765852956 -0.0615045683951252
-0.0770696873204591 0.0344475360256786 -0.184818427959778 -0.102964629783843
-0.0995857460257873 0.0278397844602872 -0.062141537545361 -0.142903463597117
-0.115689387303102 -0.00378324553444561 0.143069997129874 -0.183720151059475
-0.0851219956217143 -0.0672173260058609 0.383894493360494 -0.0353203795117903
-0.0135760676936282 -0.080562718892378 0.464114184634085 0.318289725938186
0.0365571231035442 -0.0536944330078327 0.0745192659263804 0.690594971975094
0.0122442396445697 0.0189661148876285 -0.436268339738299 0.598865285036558
-0.050053876671318 0.0154942714342153 -0.647490900345548 0.166768027854296
-0.0915143417491349 0.00542443057295033 -0.417884974858373 -0.0237831719619614
-0.0554969377285114 0.117419387745907 0.185550193634324 0.138848735755699
-0.0120647392756589 0.0448241821707824 0.20723164290156 -0.194414774118757
-0.0255694522638553 0.0194449031341784 -0.148506260621092 -0.302889556809029
-0.0481415537198326 0.0295015131862418 -0.336404177036214 -0.175175293737734
-0.0287329760698799 0.0617359549894047 -0.359015008127762 -0.0301025181217505
-0.0197136242446045 0.0711577279156196 -0.277341012183012 0.00457072794166435
-0.0352898489775714 0.100265629292139 -0.192648710291388 -0.0523903918051529
-0.0722896813753966 0.0953648056052638 -0.0895803741205767 -0.107458820734124
-0.119245617206577 0.0564267401705607 0.110845815057372 -0.166174195922871
-0.128005892042716 -0.0375120795492588 0.348888249689797 -0.00965717304541799
-0.0599967356995452 -0.106026333904855 0.382608650169951 0.369638553420892
0.0528988713098699 -0.118854587558221 -0.0854253939570696 0.696933611453726
0.0764188361263735 0.0161699689129498 -0.594627489568509 0.509714536227742
-0.0336529330152436 0.0636798277864926 -0.719399762072731 0.0276456072751826
-0.123122680778024 0.0492145880697281 -0.400262267959151 -0.0883871412355745
-0.0227063754619886 0.156727722204157 0.191782601058496 0.073458504429568
0.0390228682350933 0.0374617351570953 0.136875185635127 -0.235838729360063
-0.0205433474118954 -0.017850028638487 -0.222579789332509 -0.245115000049302
-0.0844456442886029 0.0171210856301584 -0.354985456869761 -0.0803138008908367
-0.042178334459224 0.090387128019306 -0.332657694728753 0.0529993105967243
-0.00100225442419173 0.109038531112575 -0.245526440387258 0.066279828028909
0.000489623676102044 0.143281755230112 -0.182401608903397 0.00824846115507908
-0.0387665673689057 0.147478358614756 -0.101262173385022 -0.0531099346124218
-0.101035387929949 0.113414482399275 0.0757322556079121 -0.124454722063128
-0.150636000930705 0.0122041539649226 0.289067181034518 0.012945640009962
-0.108845778994896 -0.0965260903215163 0.291463888880428 0.370158036943692
0.0373542944833961 -0.154603299842742 -0.187446866098502 0.638423581684461
0.108234416703525 0.00603507285970915 -0.65113337557131 0.405198500551846
-0.0195187854005988 0.0930773081155077 -0.712008853141291 -0.0717203220682243
-0.137764635083254 0.085425104097117 -0.348162228143401 -0.139330445856051
0.00489799837411047 0.172467723033496 0.197913447575152 0.00902003086327159
0.082997108728364 0.0325593762676707 0.101335597782978 -0.275432150243567
-0.000316932328637265 -0.0549362783997268 -0.262121864622459 -0.238914093930321
-0.107950747227504 -0.0169605191072726 -0.379111757487222 -0.0484306426948109
-0.0669365597456595 0.0911822650035194 -0.336370650546703 0.102086335020886
0.000571058177258459 0.122926647990066 -0.231401992711433 0.121403985080366
0.0251978750060047 0.161393075770853 -0.16810828567623 0.0722201380505937
0.00218318644220974 0.178831373425803 -0.0990465529243571 0.0154160439197312
-0.0561956990896916 0.160637106474564 0.0472548640615585 -0.0600146686188827
-0.140784850092163 0.0810688949919458 0.230192867251135 0.0377644239706047
-0.149719485992914 -0.0429398914732435 0.23161764290677 0.340812982407293
-0.0258296856489463 -0.156909005038624 -0.195670692433141 0.5820723173241
0.100313570739752 -0.0283622364316221 -0.610554305778354 0.372633137873247
0.00775635409572256 0.0969288888327217 -0.668125951804604 -0.0818067461638758
-0.118801804285394 0.118059277460377 -0.285268201119081 -0.166775180999065
0.0266493066151599 0.161194199728767 0.218696957050307 -0.0421931782630862
0.110056848768788 0.0326050663879369 0.113515119930901 -0.315282828445298
0.0287656446538241 -0.0793028829494173 -0.25945378119236 -0.295912045289071
-0.112590984259051 -0.0563499984685427 -0.415766801414578 -0.0939347154792584
-0.0909893506170444 0.073781448545417 -0.38267482426787 0.103671660012023
-0.0062363372847419 0.117622403939933 -0.252774445965585 0.161437000895159
0.040799727995343 0.156093838346556 -0.158466226885009 0.131644477098213
0.043792047277117 0.183192016709129 -0.0806566580619093 0.0861544244067824
0.00642290922958137 0.181456099342716 0.0435199162395496 0.0190756693279341
-0.0911783048936506 0.143621108418453 0.199717941429808 0.0754705264510056
-0.159895148788784 0.0423971842354146 0.218424238413902 0.318861410799563
-0.104308051582616 -0.118387427624231 -0.129391836861321 0.559733227739455
0.0597639711880621 -0.0708573030874128 -0.507647876693006 0.406312495078289
0.0459868828118976 0.0736396495933149 -0.611294710519705 -0.0328671368313693
-0.0662682846062531 0.138745052563994 -0.22904777213527 -0.185448530482277
0.0362071694022404 0.126391201542497 0.256721893149469 -0.0647379163433838
0.111711381351983 0.0325160603465037 0.199422424277635 -0.334364720118925
0.0538726777503346 -0.0827670347723399 -0.178551132729949 -0.412947023099073
-0.0948274544370672 -0.0801631184208804 -0.430570795945228 -0.235036072475901
-0.0973749348601972 0.0510792540472879 -0.461546032931441 0.0379995542734626
-0.00841836766361173 0.0999066748898493 -0.309188177188746 0.170997002515684
0.0505116351128374 0.131216062035071 -0.158191860761917 0.176358704248133
0.0743915228763924 0.159151651205148 -0.0480559860364887 0.145816310289523
0.0624015632741662 0.165503443889045 0.0710146154657115 0.093854968977708
-0.0202926926522258 0.165800276162354 0.210645911191615 0.121296461535003
-0.123016137524673 0.107618235026264 0.248702180053041 0.308562602460628
-0.143983773168463 -0.0540667038594158 -0.0168928154954825 0.545592221608869
0.0117681092582878 -0.0933892726265986 -0.368457339481119 0.455217079830894
0.0780534591035446 0.0323117107769532 -0.541945592153534 0.0369070588377016
0.00318484960187608 0.131394694399993 -0.19209863165201 -0.204020638704168
0.0492867723836036 0.0735494635941102 0.311468439879944 -0.05252790793559
0.0913844654151966 0.0135137770941694 0.345041638406989 -0.310645384343041
0.0523638584127426 -0.0687876114375276 -0.00285007931669322 -0.545186281225839
-0.0701078727476196 -0.0647493486569538 -0.382012631690858 -0.436709966448636
-0.0755893245649581 0.0446035188659332 -0.532096270462191 -0.0867204193014739
0.00873634362630248 0.0800999128963822 -0.380247144821441 0.149620363411494
0.0626247685242771 0.0919046512273126 -0.162781839236214 0.205418416851585
0.0927849359155559 0.110582398813262 -0.00990391450636196 0.185484388638372
0.0948437689460945 0.115852264747275 0.11555616037699 0.142560142167274
0.0363783225145044 0.135578208628067 0.249395994290713 0.148894915495343
-0.0597034869323885 0.120439300612324 0.306352658817699 0.285111693433882
-0.127492465976508 -0.00638133536230175 0.110613453052011 0.508162542465626
-0.0168095394713393 -0.09197295004273 -0.209956465203932 0.470461815670679
0.0921467553074144 -0.0126782309076919 -0.458230521368809 0.0962284630158316
0.067147914936159 0.0881058303626378 -0.178787330877853 -0.216203512680114
-0.0753170946307684 -0.0114567778975552 0.166916623211629 0.223483450750486
-0.090563715601874 0.0270293028570317 0.380599755405061 -0.101053476511697
-0.00368524315704676 0.0600524917563271 0.0962069469660705 -0.458784962955376
0.0487342096176991 -0.0110326769694574 -0.236319936647169 -0.433278178552357
-0.00617714726681998 -0.0696505145792093 -0.375572580225445 -0.22675633657458
-0.0697797287219442 -0.071766209815511 -0.296521175919399 -0.0981632406884186
-0.108522946086341 -0.0407498458312485 -0.158280554808296 -0.119398322722045
-0.113488740608326 -0.0396074956552355 -0.0301179949393578 -0.147529408600016
-0.0998053546786525 -0.054602112462412 0.152844907227536 -0.187236619279474
-0.0392311239232547 -0.081615946789556 0.375487406028292 -0.0851724064373111
0.0336875876612681 -0.0444104842932855 0.504396629576318 0.18764815378911
0.0232389990560775 0.0245178648504423 0.269602006407129 0.570884716458118
-0.058087349374394 0.0368139914503327 -0.176784018723406 0.618495212562984
-0.0781682266990981 -0.0301959010878565 -0.479207928219398 0.318594425970547
-0.057279135348718 -0.0458157701172685 -0.393334799285606 0.0613051378676119
-0.0761110755071772 0.0588710015980701 0.180121299814344 0.187949600957012
-0.0575203628554778 0.0466784960895762 0.290414511305048 -0.155214390701171
-0.0157630548226386 0.0472217073038442 -0.0485158249070582 -0.384273260007062
-0.00231564068513412 0.0142220536103362 -0.307997586430878 -0.298689323665432
-0.0227315295451719 0.00223650104699909 -0.384803453151985 -0.123667535105871
-0.0499635593853294 0.00789206753820089 -0.30010615574502 -0.0501637748175629
-0.075653963368124 0.0363471445080152 -0.186995035943268 -0.0951776359102798
-0.0978498683787752 0.0312981334652767 -0.0663999901128427 -0.139031912093434
-0.115689535793088 0.000330847721752734 0.136233620796294 -0.186244406574053
-0.0870920819558725 -0.064607267068849 0.381239498100806 -0.0472938554867677
-0.0139430877245262 -0.0797102765162435 0.470506509984959 0.303208768680787
0.0348368018846849 -0.0546633079143275 0.0960838441605786 0.685994750306553
0.0131272859125172 0.0193131527897888 -0.414835638871787 0.609575390036848
-0.0493936017914791 0.0171722811455241 -0.63748007314249 0.185435146715955
-0.0908221961635123 0.00821385339212274 -0.416572527288916 -0.0105802531866875
-0.051491729218952 0.118616729017606 0.188994023117007 0.132124676275532
-0.0103918230657309 0.0448033339637983 0.199434047629765 -0.199560614262316
-0.0241735192173964 0.0206173199125341 -0.157468979137617 -0.295021968996947
-0.0467237212487972 0.0307624965192942 -0.338927339437604 -0.162858910905699
-0.0262734427568598 0.0611213617908898 -0.357628654400462 -0.0175093377441566
-0.017557689639063 0.0706433567424402 -0.275081901774078 0.0141675801530136
-0.0310163388594749 0.100678140106182 -0.19326808387149 -0.0446426360801879
-0.068991073695747 0.0971022056318773 -0.092161504683424 -0.103144540473144
-0.117466108686342 0.0603915937909018 0.105905257192794 -0.168409233319917
-0.12932062965738 -0.034246310341514 0.345975420663156 -0.0200693969999851
-0.0623829343248881 -0.103606497903893 0.391276676721419 0.354501448394703
0.048996510760654 -0.119945993369849 -0.0632631498507002 0.696214606934451
0.077378523738029 0.0140453605425259 -0.574152909828666 0.525014372279809
-0.0314956133000059 0.064282163024704 -0.712734761962296 0.0511621246967902
-0.12080787608497 0.0525799940548682 -0.400802188931689 -0.0755931180025458
-0.0179485566387494 0.156183876376422 0.192565405730378 0.0673588162492589
0.0402900065922421 0.0360449387510511 0.126843339886007 -0.239106267126885
-0.0205583498894222 -0.0168635023805716 -0.229152822669129 -0.235473156266063
-0.0832053442312352 0.02030491593827 -0.354707358839608 -0.0686749425769941
-0.0386060185134773 0.0906699232940107 -0.329151047410344 0.0645003333775128
0.0019195219498103 0.107753616757615 -0.24213848033138 0.0744517338187359
0.0049922958030519 0.142228495584525 -0.181487346876956 0.0136390567080654
-0.0337464846580033 0.147389286533825 -0.102204333331106 -0.0496994915273432
-0.0972187110288747 0.115971970875225 0.0711496309282662 -0.125853591130668
-0.149484344622981 0.0158010766959735 0.286763936097598 0.00411412622126686
-0.109738360086866 -0.0926376840374822 0.300446560247496 0.358677388977276
0.0332129976318823 -0.154185573666825 -0.165158552036595 0.640045138149016
0.108343561249699 0.00335679741961244 -0.634588793659649 0.420883916142903
-0.0168085746002294 0.0938058316739589 -0.708598651279878 -0.0480802100183417
-0.134262663864564 0.0886048796686932 -0.351368843466202 -0.128400620232469
0.0102464907769818 0.171309255401138 0.196724254487078 0.00318179056900881
0.0834360932500441 0.0297058412041485 0.0917317427447419 -0.277963349146717
-0.0016480334232933 -0.0544581764657037 -0.26825401628095 -0.22871127323315
-0.107885599938328 -0.0134483429657195 -0.37875768368065 -0.0360025856616235
-0.063847254476505 0.092065413822322 -0.331051769740554 0.113588125256285
0.00368492956180768 0.121775449618014 -0.227130512111786 0.128507940557342
0.0299743956503757 0.159513993874778 -0.165165917385615 0.0772644767494496
0.007968860983798 0.177222391893145 -0.0980729996547586 0.0183802031996934
-0.0514105963947 0.160736521583595 0.0450955007260591 -0.0611657174557115
-0.13746147796607 0.0838397482973016 0.229630147415733 0.0296785165847381
-0.149035674531081 -0.0383653220525201 0.241263731234338 0.331617265546253
-0.0296425294040651 -0.155136402188919 -0.17576525180559 0.58493220260733
0.0989569819311476 -0.031084771656365 -0.595375860926579 0.389543588264548
0.0109234866209448 0.0961594153516124 -0.667346616055802 -0.0593351330673039
-0.114679781064139 0.120732241057756 -0.28949893632839 -0.156809145701501
0.0314139954023878 0.15854392608905 0.215532122243047 -0.048935468828786
0.109974477009712 0.0294922968065006 0.103792687423531 -0.315819980313802
0.0265086709317319 -0.0799269988301452 -0.267280715998834 -0.286269683386913
-0.113500648652073 -0.0522627119945629 -0.416406399757277 -0.0805232278729857
-0.0881474776085991 0.0757879263511303 -0.377387430538426 0.116990411030378
-0.00334627739925649 0.115810040011568 -0.24663685980975 0.169185804295497
0.0449181618725724 0.153494349912979 -0.15352522935945 0.135294058197228
0.0492802888196013 0.180520961406061 -0.0772291324337308 0.0882228989865763
0.0112245947658643 0.179406022534888 0.0438877098637189 0.0170680227064704
-0.0860893695589797 0.1446502905218 0.20098504112362 0.067634678170011
-0.157509290695293 0.0436407645133027 0.227480177720782 0.310282494480107
-0.10673251359084 -0.113958107410883 -0.110937072728499 0.55914760924786
0.0575654341331591 -0.0719854901815829 -0.492272907973992 0.418772907169109
0.0476605036073645 0.0721855659386791 -0.608239489968564 -0.0136514695907785
-0.0612549212488434 0.139652991374073 -0.23412308070888 -0.176773549307123
0.0399292993574666 0.123414550139751 0.253147171026188 -0.0722275794103548
0.111911414117311 0.0284944317385846 0.186902401673211 -0.338334061509544
0.0517947746910244 -0.0842058005198086 -0.191113337835427 -0.404729223457978
-0.0965842247368679 -0.0760899144683454 -0.434936573144269 -0.220255999868423
-0.0953067771403216 0.0534122036388686 -0.458732224446285 0.0526500628089136
-0.00608998289666978 0.0992131256155105 -0.302908978631086 0.179780821849341
0.0550856905148264 0.128735048406038 -0.152166123693904 0.180019761243232
0.0794244130659646 0.155798496930079 -0.043629536654573 0.145656710345393
0.0671138552143887 0.161566700367914 0.0731714033838412 0.0897827605668688
-0.0157814934406948 0.164275799586752 0.212860966738137 0.112168071899162
-0.11799132386003 0.110918830979901 0.257391546599326 0.297151065336257
-0.144400266445845 -0.048784845017983 0.00101229801208243 0.542231481804813
0.009010747457797 -0.0926682238515633 -0.351294866839838 0.463414030138423
0.0789730745080489 0.0288672765728626 -0.537404828703567 0.053930486245186
0.00735840818072312 0.129590953653449 -0.198485244286384 -0.197430312136191
0.051320942133675 0.071242296911216 0.307208803420142 -0.0617565073404704
0.0911296603164591 0.0107563842477471 0.332450914354976 -0.319557356997207
0.0499751556526368 -0.0698485395785356 -0.0194428748894736 -0.542134345274939
-0.0715744274233818 -0.061684179083652 -0.393127637818862 -0.422413951254499
-0.0736500558132344 0.0461430054214388 -0.532420324652578 -0.0710548692539854
0.0107667299583472 0.0787222834260589 -0.374155762842179 0.160985649365925
0.0650801463961193 0.089401915215059 -0.155892828977868 0.208554215918984
0.0959749180191527 0.106791776648455 -0.00406709789801141 0.183512774174842
0.0972797094153569 0.111596724226888 0.119216418147189 0.136578093348258
0.0406267533474976 0.133063885507458 0.252320725256374 0.138380888459636
-0.0564108600749249 0.121018816526743 0.314011528206714 0.272339230506256
-0.126843632494321 -0.00191038746465165 0.126574510042371 0.501799619462867
-0.0198632443475764 -0.0905024926922036 -0.192695767443744 0.473874291805878
0.0914279370371877 -0.0156643723178417 -0.452449041389778 0.110943800641286
0.0692760376662381 0.0850651825560423 -0.184949477631223 -0.208973192221621
-0.0747971042233383 -0.00931321290656971 0.172489076266029 0.217039481406319
-0.088524161114342 0.0300355200541903 0.375121603765836 -0.11117654113268
-0.00159237553574616 0.0599210341114324 0.0814741161776525 -0.45764241807612
0.0484641699791089 -0.0123210808044463 -0.246953244649715 -0.421514696628063
-0.00829184260581932 -0.069381522769134 -0.37966168945616 -0.212996775063434
-0.0719837327214733 -0.068794925016483 -0.296470181145578 -0.0874840222450193
-0.109160848163524 -0.037330134600873 -0.160823287418613 -0.1134569118247
-0.113533208542779 -0.0355927129555743 -0.0343807119206763 -0.145065045336132
-0.101471678953341 -0.0510512269565715 0.146181181696487 -0.189804630416601
-0.0419909251622911 -0.0796039764051727 0.370120253405486 -0.0942630028976177
0.0318449530441136 -0.045217991663539 0.50674118374899 0.171031128796844
0.0241634969885231 0.0237870168146183 0.285186822891487 0.560074568039478
-0.0563786624475724 0.0385324965035637 -0.157239383735057 0.620411552723535
-0.0786690424386883 -0.028287984626824 -0.467136609268589 0.330227028688183
-0.0583832637097779 -0.0437038164516029 -0.388915105093121 0.072569723930676
-0.0739905576920985 0.0609899751907857 0.184085820505739 0.18234696390517
-0.055969603049457 0.0487361459266138 0.283260589348103 -0.161686885345829
-0.0135975973905735 0.047508350062971 -0.0587744899453753 -0.379219575230785
-0.00112654152774741 0.0141397321737195 -0.315766536418034 -0.287054657644726
-0.0221204119276759 0.00191030096796619 -0.386219885477955 -0.109577492279087
-0.0496799834272998 0.00913482914131102 -0.299188590841476 -0.0397888026425429
-0.0739251996115159 0.0384939060092823 -0.188982581105282 -0.0887910125350083
-0.096187221653616 0.0339844217375445 -0.0696699288446372 -0.134779983004785
-0.115481347317574 0.00400533445010791 0.129773135268857 -0.1883350836519
-0.0889664204719204 -0.0617714260071765 0.377303275360824 -0.0571327305740008
-0.0163343446459499 -0.0790959055246521 0.475841030359334 0.286704279253182
0.0332352934259686 -0.0556618187412707 0.115734345317411 0.678157639440321
0.0135683337445818 0.0184427027942091 -0.39472774295803 0.617272185737419
-0.0482077137298657 0.0184523132662214 -0.629156778632732 0.202573472821811
-0.0899140073984142 0.0111657192191406 -0.413735565356368 0.000265990598347475
-0.0477155955712424 0.118992648361411 0.190823908741993 0.1262151614308
-0.00882675252645959 0.0450454011322358 0.191457744018749 -0.204026609452295
-0.0232251332380941 0.0213596843272726 -0.164291389396575 -0.287699986059634
-0.0450776237021695 0.0320292793909288 -0.342461234830067 -0.150885032463468
-0.0244998623494129 0.0606660396304416 -0.355729197671357 -0.00566059039750282
-0.0160962265272416 0.0704970355007075 -0.273095268820165 0.0227037631690125
-0.0285911173256039 0.100743699183754 -0.192893269507867 -0.0387683711645198
-0.0658930699576843 0.0980966433412415 -0.093861152043713 -0.0997102272665969
-0.115112552249989 0.0634106187174657 0.0997939614032498 -0.169552151738473
-0.129442883497672 -0.0310703006251243 0.342581809202603 -0.0294822129423363
-0.0642347823431143 -0.101357405022004 0.399279915190476 0.340918153240835
0.0461154375000125 -0.120462121514556 -0.0423278256304249 0.691382486622421
0.0773715503352403 0.0124310004633003 -0.554819729621736 0.537542094700363
-0.0297853944784644 0.0650080101226878 -0.707274535276789 0.0716773769521559
-0.118343346984367 0.0558208083551359 -0.40120158658316 -0.0633857209960728
-0.013011022965182 0.155783065647751 0.192965032008378 0.0611595498763579
0.0411908422380115 0.0346523657447061 0.118766914320435 -0.242213468239433
-0.0204887220560739 -0.0161334080434473 -0.234629873139322 -0.227182975730625
-0.081923757643048 0.0222724675347654 -0.355264551583031 -0.0562031465434935
-0.0363084803868766 0.0904598569817747 -0.324943866039952 0.0756978504256909
0.00435083051591769 0.106506222355225 -0.238522728919323 0.082028927367317
0.00927036247837713 0.140570986340744 -0.179957640919935 0.019353155456792
-0.029214014003077 0.147324561490727 -0.102682654127238 -0.0459629291731011
-0.0935999964630881 0.117695597601082 0.0664605745888744 -0.127031919932277
-0.148229510507698 0.0191344584925837 0.284447547612042 -0.00463026126504726
-0.108870841073638 -0.0911788310010955 0.309056147141357 0.34644464714412
0.0297169230500429 -0.154024827103668 -0.146493110595697 0.640102527471743
0.107762565747961 0.000747787832197339 -0.617767167343711 0.437893639880603
-0.0135879489407263 0.0936868279488676 -0.707329840726852 -0.0275749569486831
-0.130580526026966 0.0914748620816543 -0.3528148229378 -0.117600681892784
0.0152132816333589 0.169023377166254 0.195430854538864 -0.00248493513618771
0.0838929715256996 0.0274645972542113 0.0825492245739658 -0.278644012284439
-0.00263597067375854 -0.0544767233956616 -0.272531544029438 -0.219080193346683
-0.107723690833609 -0.0101984672167432 -0.377567456132336 -0.0237772109396906
-0.0612012720614133 0.0926103747078581 -0.325458492350021 0.123655284711106
0.00658240569114156 0.11947967205363 -0.221971891773257 0.134952391683812
0.034304471813683 0.156979314382143 -0.161985781525252 0.0810964552255129
0.0129602746826068 0.174974677428929 -0.0965596925843245 0.0214704377314507
-0.0468866454636885 0.160488861766659 0.0429074715083813 -0.0622127621462393
-0.134142477478791 0.0860925846532923 0.228781998582297 0.0222406684809096
-0.14797286464016 -0.0340853682416664 0.248748921800444 0.32162755769762
-0.0335527701956966 -0.152562698810254 -0.157711653950532 0.587106080494668
0.0969907293987253 -0.0330630465678287 -0.579951427472755 0.404555411546076
0.0132808392437912 0.0949607670973536 -0.664718921495087 -0.0399507161862601
-0.11014967471817 0.12269612383357 -0.291836825955101 -0.148272061180798
0.0355493843013879 0.156148473548106 0.212513213993872 -0.054391287085906
0.110288816521862 0.0255762619643226 0.0937413693745443 -0.317660643640214
0.0243640646466337 -0.0803071249004489 -0.273535226927504 -0.275649870433119
-0.114247489941038 -0.0484091484868329 -0.415990210419537 -0.0658682338038411
-0.0857449163269807 0.0769401815780603 -0.371822346078739 0.128579598352144
-0.000371294103078679 0.114580367345199 -0.240660649949964 0.175073130243328
0.049032395735805 0.151304264317138 -0.149428331145423 0.138613007265561
0.0540884533311318 0.177042878336746 -0.0737413264334769 0.0896383996681606
0.0161457159886602 0.177221787233297 0.0441052537254833 0.0149187933748985
-0.0812441157017347 0.145043917549281 0.201566772764016 0.0607161467813627
-0.15357719915479 0.0481630904379056 0.234601864298058 0.299850972267738
-0.108125007334854 -0.109329436649821 -0.092328544235923 0.55728795305691
0.0552276270371613 -0.0723339670227518 -0.477280601105144 0.429436809702123
0.0494835683420722 0.0698927862754389 -0.605631666141152 0.00653816101682027
-0.0566995061680327 0.139784533327796 -0.238523718106309 -0.169226667685866
0.0426064117125412 0.121301451606925 0.248927554970584 -0.078961691568305
0.11178647097891 0.0248637567286264 0.175457046646105 -0.341580635559965
0.0493041551092865 -0.0847780110660678 -0.200423414904946 -0.396422499516188
-0.0981072239190301 -0.0726139692924701 -0.438782051306043 -0.204948090938309
-0.0935651710874479 0.0552701272635037 -0.454179587602302 0.0664136708625141
-0.00337508092414934 0.0974357729016129 -0.296521973127202 0.187250548194554
0.0579701758211041 0.125900324978731 -0.146611064298986 0.18253339651854
0.083711727281313 0.151939458344008 -0.0394175213331036 0.145636480209299
0.0706728643968924 0.158243028618508 0.0749628188117138 0.0860760227654905
-0.0105571408242122 0.163026372219458 0.214866866362551 0.10437530759558
-0.113167003825243 0.11298934704097 0.264449650072656 0.286927942591823
-0.144688253308729 -0.043804404396223 0.0177728697180331 0.537576614971412
0.0062805563404955 -0.0922989619761126 -0.336225750911586 0.469675499994085
0.0792091611771343 0.0264492414076402 -0.533437731861197 0.0689195368585802
0.0113110192809078 0.127647323905504 -0.203179787978571 -0.190388719690189
0.0526400002652445 0.0689714657511723 0.303625882178997 -0.0692689702298595
0.0907019356905492 0.00735665883928852 0.321241147325456 -0.326668546950198
0.0479693336976451 -0.0705819992500632 -0.0351740408896086 -0.536702005552648
-0.0726140268479464 -0.0587129436271559 -0.401437184939385 -0.405637953414897
-0.0716574119608796 0.0477156519952819 -0.531687105505023 -0.0550159752875144
0.0130503237483669 0.0773879673976249 -0.367347654704782 0.1715242861426
0.0673679347780992 0.086448702231735 -0.149230455208326 0.211091792119213
0.0985948108642753 0.103431262781082 0.00129514526296717 0.182306670552911
0.0992431557407352 0.107827783873642 0.122574754501542 0.131307678632646
0.043931562656304 0.130524719696817 0.254743298086304 0.127713889809293
-0.0511112981774443 0.121816000928014 0.320025978139123 0.259624383092351
-0.126225531737606 0.00214026432180065 0.141492060454643 0.493844608775937
-0.0227092515504135 -0.0886301055153765 -0.176668585811389 0.476840088999696
0.089825043750527 -0.0186781947341649 -0.446749562185401 0.124125562591966
0.0711840318236521 0.0818218148990033 -0.18956736114308 -0.201780323661114
-0.0741776688670667 -0.00657273941944871 0.176551632622777 0.2110726798374
-0.0871132131660435 0.0329250089248854 0.369052997205909 -0.120104924154996
0.000218997589482363 0.0594778363618228 0.0683924252567292 -0.455758757368449
0.0477900985513539 -0.0137052307350023 -0.257881022985247 -0.41060187981317
-0.0103248083791505 -0.0683053247633564 -0.383312548838391 -0.198473345420441
-0.0737732518985967 -0.0664165553140957 -0.296776150882358 -0.0770562900630731
-0.109773551390249 -0.0339391332193672 -0.162343366757461 -0.106763241791373
-0.113685345215873 -0.0320895486397931 -0.0377465433230707 -0.142047077170331
-0.101953438052132 -0.046683067427946 0.140407737504736 -0.1915500063015
-0.0439998870808404 -0.0778605843566425 0.365103390616748 -0.103667496009513
0.0303261316587464 -0.0462175624739619 0.50716432435277 0.156543917514385
0.0245852873900766 0.0227568532022147 0.296878876891105 0.548001515330551
-0.054567357104814 0.040032026171855 -0.138237053959399 0.616788994404528
-0.0786142632005934 -0.0256516274293853 -0.454405307141539 0.339250291727049
-0.0589686338193411 -0.0413098411857442 -0.384120607706389 0.08184913590574
-0.0716432488491552 0.062679616693016 0.187534876167411 0.175220104821773
-0.0541655943556962 0.0499018104099829 0.276017098745548 -0.167847174480105
-0.0119223388080076 0.0475522871941537 -0.0690839246767649 -0.373780778606527
-0.000801070473654707 0.0135764804889233 -0.321167917857279 -0.274286416086985
-0.0224300619149637 0.00241046412328866 -0.385641899639524 -0.0970268418302284
-0.0496425792854646 0.0101987714462357 -0.29790406159466 -0.0298635494054764
-0.0720014702482153 0.0401022272810762 -0.189370746766689 -0.0820443044219678
-0.0944858209706229 0.0361532366148547 -0.0724447184769226 -0.131503915391982
-0.114628682869875 0.00782867355842757 0.124170775846124 -0.190414646061517
-0.0904229146189549 -0.0593252291795696 0.372581348611966 -0.0666694644185344
-0.0204543153221422 -0.0791323828834573 0.480757121097234 0.271364148723151
0.0319201690327915 -0.0567304422651376 0.133032471663803 0.668161482277684
0.0147039515451289 0.0183547147553924 -0.37597874302129 0.620953734283349
-0.0476632075025022 0.0199045784583421 -0.617779976528787 0.218830376574613
-0.0888828183492134 0.0128494089227247 -0.411105749968618 0.0115433666132456
-0.0436743197294032 0.119101702257462 0.192696468611375 0.119220906137531
-0.00768644724131684 0.0453052229867563 0.184437687913871 -0.207106160694754
-0.0216880490901889 0.0213844346271459 -0.17159428396593 -0.281162524298124
-0.0435326976806589 0.0325759779069057 -0.344154547645172 -0.13885493820552
-0.0225014580656674 0.0603668481041792 -0.3529792439774 0.00583573858207424
-0.0138876510915457 0.0698805836614234 -0.270210728549014 0.0317352630910819
-0.0248251482147197 0.100538069007978 -0.191958369201217 -0.03252909470167
-0.0623583065766799 0.0989904638318146 -0.0955058575466319 -0.095525073762481
-0.112813552032492 0.0660241991051786 0.094358358287116 -0.170927400877542
-0.129622957494989 -0.0275050517630461 0.339186685171093 -0.0389988641177855
-0.0661266383625466 -0.0994079798851737 0.405065366031834 0.326650759540161
0.0426656198569973 -0.121082414975708 -0.0245930821403476 0.686407423558506
0.0772099916135897 0.0105454959898847 -0.535579247237077 0.547611558835564
-0.0275915692415897 0.0657675240355514 -0.698903239335474 0.0886297618960674
-0.115660988556999 0.0580002362551657 -0.399993553401673 -0.0524586704562387
-0.00896199176307458 0.154550337969961 0.192939980177449 0.0560188325704429
0.0415606811461095 0.0335919673500678 0.110805871125641 -0.243427471041693
-0.020597387194262 -0.0157285397051281 -0.238938555136131 -0.218038455203211
-0.0802571605206847 0.0243051414436926 -0.353661163223512 -0.0452005691922523
-0.0336264207937972 0.0900078930311095 -0.319725903044764 0.0845983214148821
0.00677905934073305 0.105183762976865 -0.234521729340221 0.0887486022161012
0.0131576501284253 0.138812800606146 -0.178196632767876 0.0241053745972113
-0.0244502216853261 0.146227920666913 -0.102485223390574 -0.0427250135232136
-0.0902392780542682 0.119033754632736 0.0630560659358652 -0.127531620547653
-0.14670315107959 0.0226528323008449 0.282461181060204 -0.0124064100420071
-0.109539793750709 -0.087576370783615 0.315670871469871 0.334451134265808
0.0257639081173578 -0.153680761957839 -0.127531744320016 0.640033390103601
0.106989249004035 -0.00115664609295479 -0.597940489178539 0.452143878788625
-0.0119436284471931 0.0936237032091271 -0.701748933925834 -0.00696832227468114
-0.126991491218976 0.0938267576412122 -0.353750387363627 -0.107821139608523
0.0194307802033389 0.167113134968296 0.193525713803532 -0.00805081384600687
0.0839397308474008 0.0247100629666774 0.0741927395169175 -0.27922660632316
-0.00385704372432475 -0.0537851654496887 -0.277101610427392 -0.210217634638618
-0.106863499345381 -0.00723142057185851 -0.375555179218704 -0.0128299953432674
-0.0585178529067682 0.0924927897768264 -0.320424015048125 0.132534622635058
0.00926059121579376 0.117872049932742 -0.216936263555591 0.140440249411318
0.038280081082492 0.154606813481341 -0.158749105258958 0.0849906230590991
0.0177901274051103 0.17334737425757 -0.0949129942210596 0.0242738759678576
-0.0429460268409704 0.160073122217771 0.0403855322104028 -0.0626806743262968
-0.130578316715717 0.0881306825591404 0.227109372216012 0.0152788118477115
-0.146581827195023 -0.0300177263865746 0.2548515876944 0.31189084414983
-0.0364887452954948 -0.149872216957692 -0.139161970090033 0.585509668189186
0.0957373929667494 -0.0345385453914395 -0.563252573534618 0.4172667267312
0.0158314907979093 0.0940626567554594 -0.660943300438462 -0.0214112004151867
-0.105727876960518 0.123133640507454 -0.294862508417157 -0.139084445691999
0.0390043813503382 0.152919217413463 0.209143992634879 -0.0595581997024963
0.110074916930139 0.0214142546828997 0.0828411163139882 -0.318136580675207
0.0225241551156579 -0.0806928119497519 -0.278597871966332 -0.265543142086398
-0.114494193832893 -0.0452416610559984 -0.413711131900466 -0.0551109548792759
-0.0830818957318048 0.0778912121256641 -0.365243869492886 0.138535369379875
0.00189758775583041 0.112961245234083 -0.23467329788528 0.181056513355431
0.0530753477604212 0.148316464763502 -0.144567380638247 0.141440281634379
0.0580788801333511 0.173818348449264 -0.070237058008732 0.0906297870365
0.0202548335664346 0.174685027175006 0.044253374678407 0.012637344966649
-0.0766116682862747 0.144967350186446 0.200569797591948 0.0529469326666812
-0.149868974608554 0.0521858246687769 0.240882345551921 0.290298525616522
-0.109923502556997 -0.104913957564998 -0.0757220721870512 0.556294167431117
0.0525463384213743 -0.072793965739383 -0.461276713395138 0.440446107776099
0.0512305226829197 0.0673807591498431 -0.600053889942905 0.024654958195738
-0.0522435781072398 0.139260180080141 -0.241646525466686 -0.160962166670771
0.0454986741474812 0.118654219476146 0.244635998109156 -0.0849918100068564
0.111671772759005 0.0213120107744875 0.165721518756212 -0.343676343003777
0.0470301268659302 -0.0851725487767633 -0.209968389623399 -0.388099957565403
-0.0990741259852008 -0.0695330905954323 -0.440558463237718 -0.191712444472999
-0.0912988674254024 0.0566961016276524 -0.449097434018115 0.078829481223251
-0.00110541314402561 0.0966427696386941 -0.289486388189069 0.194669657217313
0.0608493919964436 0.123039985459847 -0.140570580590818 0.184318739016375
0.0872643703057119 0.147986950305282 -0.0343121789219898 0.145509703543246
0.0743331229406526 0.153964019006487 0.0766266835113395 0.0824241644311583
-0.00590923559827986 0.160288878445754 0.215094848528637 0.0963603569998136
-0.10836276526784 0.114838549164506 0.269460607243957 0.275812485982418
-0.144161037685099 -0.0390127575499769 0.0332553601045069 0.532222163715834
0.00372820540716275 -0.0911517848961952 -0.319431648935239 0.474678623403044
0.0795190439657172 0.0235745685819777 -0.527663589810682 0.0845953389364707
0.0144554105679858 0.125799930092815 -0.206908485354933 -0.182781109108733
0.0541753735584963 0.0664763787293553 0.298556059971443 -0.0765806650464311
0.0898511230919696 0.00442434222553032 0.310229789619188 -0.332616949482954
0.0459727211830153 -0.0715118763056842 -0.0495736571180725 -0.53159416878868
-0.0734890789890574 -0.0560469747914778 -0.409451737517593 -0.393026270643991
-0.0700799271077447 0.0494421347077584 -0.529191103675962 -0.0396999269239188
0.014172381095242 0.075999387201873 -0.36083672569765 0.180530235369488
0.0697294699802079 0.084237311564324 -0.142728723533088 0.213243463764884
0.101311724515588 0.0992482450650661 0.00632074714799022 0.179862305148619
0.101398519192318 0.103912244755909 0.124723415936165 0.125468706264043
0.0467957435872873 0.127479859514699 0.255530467065333 0.118565486071441
-0.046427855977405 0.121927185070955 0.324218771341374 0.247131326537367
-0.1253646758642 0.00635224732183538 0.155274656391509 0.484615268748317
-0.0249618947234436 -0.0873779932314235 -0.162875856656735 0.476672452186638
0.0886003018499966 -0.0212991499439615 -0.440131307486345 0.135965629104261
0.0732044100559448 0.0788129727435004 -0.194448988773945 -0.194795389893881
-0.073788690309941 -0.00404676491271282 0.180640834294678 0.204711762796009
-0.0855171886817251 0.0350692811713366 0.36300189400212 -0.12795967054253
0.00170540621870417 0.0586845478309165 0.0565090570783358 -0.453623913198549
0.0471315467976854 -0.0149230929474524 -0.26616971364471 -0.399611713156987
-0.0118760955806055 -0.0681823564218599 -0.384932322908681 -0.186547544805608
-0.0747659340471912 -0.0639826611781964 -0.295376930750581 -0.0682423636560568
-0.10905486570015 -0.0303180196142084 -0.163670949109306 -0.100606799999586
-0.113431547429664 -0.0282996924716592 -0.040593336314341 -0.13975916118088
-0.10231160258139 -0.0430913919750127 0.134259554732697 -0.19352904432213
-0.0462934937162948 -0.0759093793701315 0.360248306958115 -0.112022587995567
0.0292805458049872 -0.0469379589442673 0.507551840095967 0.14127168813843
0.0248948231888582 0.0215411676408052 0.30849709288983 0.535386662149299
-0.0530135773590843 0.0408078941811954 -0.121934349765696 0.616943610544846
-0.0787077364839115 -0.0232481639362342 -0.443144183362833 0.347840172653079
-0.0595233240411942 -0.0394407853448303 -0.37912484045816 0.0905869487553259
-0.0690684298429258 0.0642848403783857 0.190578221651014 0.16935345571677
-0.0525543490025156 0.0511341510213952 0.269777633496411 -0.172925481984184
-0.0102012009849596 0.0471755910116221 -0.078207262007952 -0.369326264704194
-0.000318663201859953 0.0131029658699986 -0.325700359797511 -0.26331098709856
-0.0224648188576506 0.00236428549805465 -0.384659123376779 -0.0853130838300723
-0.0489761378029013 0.0110860059601157 -0.295627807580208 -0.0209689439032175
-0.0704928087627082 0.0417529437922035 -0.190301834331855 -0.0754916319975677
-0.0927768237557011 0.0384877008263755 -0.0747550942132514 -0.127905855740153
-0.113498533240592 0.0106803765534723 0.118395521797227 -0.191615546998154
-0.0919828482759368 -0.0564904520828648 0.368065695812214 -0.0754325574117358
-0.0222852688054003 -0.0781923308933239 0.481383780976745 0.257288932800771
0.0308001020805535 -0.0568518809064188 0.14844283193586 0.659607260893422
0.0156698827782424 0.0181250156963936 -0.356966897405113 0.625599559607875
-0.0468867269634839 0.0212939478070557 -0.607553870540853 0.234083327355289
-0.0878119374294537 0.0155872941928746 -0.406944571647578 0.0216915469214368
-0.0406255861799132 0.119503536988023 0.194402451481719 0.113855215393012
-0.00631049003166413 0.0458991499299693 0.176280152654995 -0.209908114447272
-0.0211501559411461 0.0221361433637573 -0.17680127693304 -0.273760912105594
-0.0416893747716739 0.0332516804831222 -0.344282405566285 -0.128160217573707
-0.0212886857254035 0.059847204990613 -0.348548464727053 0.0160327101850859
-0.0130613026389956 0.0693630319596593 -0.266368872667923 0.0390032846302106
-0.0224543007715234 0.0999411640726247 -0.191781002187973 -0.0270240617027856
-0.0592134500319559 0.0998865911727107 -0.0968684075838677 -0.0916473948464378
-0.111272263918363 0.0687431606055184 0.0896587426396512 -0.171721857269697
-0.129909634945431 -0.0245669203035981 0.335216174450915 -0.0465631381746847
-0.0675548151740198 -0.0979890644791585 0.408819835074245 0.313349519580984
0.0403899589976603 -0.120554459043449 -0.00592390635096842 0.680826077271356
0.077446971314816 0.00907966700433999 -0.516561378556007 0.556421367925159
-0.0256433134626359 0.0663304861169141 -0.691326344210868 0.106889535156384
-0.113063642070104 0.0604586355147743 -0.397495626543471 -0.0433775459225562
-0.00492837958658508 0.153743448715734 0.192650536804857 0.050195603912421
0.0419838210300215 0.0327530520951636 0.104351809542506 -0.243266954197736
-0.0204227811666951 -0.0148611550795657 -0.242363897061602 -0.209730019361127
-0.0787669709787565 0.0261968923012485 -0.352049089011241 -0.0345243315406136
-0.0315541840571239 0.0892582071359089 -0.315190661929978 0.0934117386418309
0.0085861242436383 0.103468130611413 -0.229795227041502 0.0946421806758326
0.0163719789582513 0.136733053536557 -0.175806012004554 0.0286731218271387
-0.0215101521625334 0.145498426062876 -0.102520493723281 -0.0394677825018216
-0.0872577769672975 0.120245823078032 0.0590385436002193 -0.128195972015753
-0.145311492037085 0.025208821438423 0.278738616625109 -0.0198081530562537
-0.109887277986553 -0.084718894391088 0.321274850323479 0.323892323246096
0.0225748369055653 -0.152652468511948 -0.109280344812634 0.637294530922836
0.106596209632799 -0.00350824709663988 -0.58381232946017 0.463091692226212
-0.00955073410695777 0.093215625523722 -0.696744881112912 0.010038023659277
-0.123038390802797 0.0956382885700763 -0.354561473730987 -0.0980259958068028
0.0235375381235495 0.164714613489606 0.192026439570125 -0.0125453141759653
0.0836637217220801 0.0225851647322708 0.065860288831846 -0.278838670285553
-0.00505594788095771 -0.0529414458443382 -0.279371947032786 -0.200471413283409
-0.106058165086376 -0.0043866202971042 -0.372885645046702 -0.00191817542569302
-0.0559698154831132 0.0930891497391611 -0.313554194245626 0.140605004285977
0.0114339659617156 0.116246262336508 -0.212061124212383 0.145622262617324
0.0420971928818736 0.152449269613685 -0.155805009133117 0.0881679168067581
0.021886353581499 0.170733332543766 -0.0930738224476777 0.0259060896035861
-0.0389069782435641 0.15920325851019 0.0384138618894835 -0.0635154102802515
-0.12734098598765 0.0897089285315787 0.225204348669487 0.00913393785688622
-0.145219204654607 -0.0264337162303029 0.2607878813975 0.301538792407838
-0.0389067347949453 -0.147285044371285 -0.123024206909707 0.584142766116291
0.0942976099936439 -0.0361870887127365 -0.548727544232101 0.426772682377075
0.0175776628675176 0.0931933913500373 -0.655810837587358 -0.00368531159909061
-0.101521557216193 0.124582511605636 -0.296383135290913 -0.130397862649506
0.0425765862533774 0.150683457541634 0.205919380145964 -0.0642972929438348
0.109935055050672 0.0190901081056817 0.0740023922992283 -0.317322611105319
0.0206678636340874 -0.0803080411195301 -0.282551509751665 -0.255333958548088
-0.114571020964242 -0.0418329375203781 -0.411675922290113 -0.0432754224784698
-0.080798900759946 0.0786730504508123 -0.359608354391966 0.147362703616292
0.00411350013819899 0.111497685085863 -0.228092953624207 0.185716009378484
0.056607775791594 0.144907059865992 -0.140113699689467 0.143516460675229
0.0630969259305452 0.170119061516699 -0.0671836855228971 0.0913232614610896
0.0238723960660053 0.171925351385366 0.0441245340422339 0.0109460830243856
-0.0724922704847941 0.144955986500096 0.200145183548918 0.0466225326764045
-0.146012108015681 0.0558099873793382 0.24687723250997 0.280778805941265
-0.110660357335297 -0.100839200801433 -0.0617863726637155 0.55201934116949
0.0504808191957883 -0.0727220705665373 -0.446191587677675 0.447637233999692
0.0525164698289289 0.0653809363364058 -0.596018989116487 0.038408678616827
-0.0480442053675243 0.13840416500908 -0.244954769445403 -0.154429581454678
0.0483450617759981 0.115993165385805 0.240409817867065 -0.0896568053702493
0.11152338693144 0.0185778092377562 0.154668757212039 -0.344395782914981
0.0452219329350743 -0.0856613888893652 -0.217482090800877 -0.378610476816068
-0.0999484434405291 -0.0660482971620959 -0.442095011148881 -0.17778256118595
-0.0891151290573381 0.0583821135105158 -0.443002974910525 0.0913887731942056
0.000556340440176539 0.0950492903844058 -0.282577690075649 0.201386692790209
0.0636076463945624 0.1202209634561 -0.13556281432332 0.18601288828519
0.0902709569446358 0.143722835692705 -0.0302199852642169 0.144451962202994
0.0771332411806036 0.150422090973885 0.077933840700899 0.0788378956496431
-0.0023309196258656 0.158878390653974 0.215620275789083 0.0877762609280507
-0.103583466654204 0.116485589541518 0.274876680215377 0.265377409269094
-0.14386345190765 -0.0344270315861979 0.0473226704557962 0.526582417933402
0.00145117093728284 -0.0900095747926178 -0.305536295105069 0.477590651675996
0.0790514452779355 0.0216102653797622 -0.521214186627799 0.0964576378674421
0.017713798902521 0.123430836953708 -0.210442478456611 -0.175829161346583
0.0552772506966554 0.0638053795763735 0.294219538165241 -0.0837242752618346
0.0890584447676618 0.00250800664116428 0.299108895130136 -0.336597922695568
0.0442960920371636 -0.0720300508880162 -0.0638329062496748 -0.525857634173211
-0.0741761459173437 -0.0534368249993471 -0.416733328713389 -0.379269513998025
-0.0678969944035197 0.0505659768511586 -0.526205020278192 -0.0241355040251238
0.0160946792296414 0.0746302340196109 -0.353814200463546 0.188141312428561
0.0716145241080459 0.0815452583226623 -0.137026575185698 0.214520037778143
0.103241713812592 0.0956601415653983 0.0112758715593319 0.177831442413523
0.103088610469017 0.100030129568089 0.127314268127123 0.120098137948283
0.0498727441217122 0.124941909143315 0.256036821208696 0.10948630966915
-0.0428640652487558 0.121945349269974 0.327973205677595 0.235441284610166
-0.123841665884284 0.00966097940336145 0.166458153793176 0.476594477710126
-0.0268389115307486 -0.0856666755436329 -0.150054831410746 0.475703484249533
0.0871268941135833 -0.0239711385778069 -0.43342278776479 0.146266502406501
0.0743406778787471 0.0753630507143428 -0.19848642139446 -0.187891768520453
-0.0728841501460495 -0.0103291751112128 0.170549201689117 0.212909453551086
-0.0907163625014946 0.0294315008543632 0.363664471826741 -0.113287545351655
-0.00590220551323889 0.0595826819808907 0.0727142529086762 -0.442371004757123
0.0444358710295892 -0.00973737494575557 -0.25175043791118 -0.40349578056386
-0.0083841397213725 -0.0620860449736364 -0.376819724367207 -0.190705094827721
-0.0724817011925304 -0.0635617297886773 -0.290374855795483 -0.0712449306888867
-0.108847963767558 -0.0344492537909394 -0.162352614358551 -0.0998489030335028
-0.113671112071911 -0.0323378426839418 -0.0398578380103824 -0.137865722067851
-0.101576174674779 -0.0467105344634985 0.136223032558812 -0.191822514523618
-0.043530204493266 -0.0789969410301545 0.358548183318152 -0.108607020577932
0.0333339909262476 -0.0479294465924925 0.499588972939528 0.148635696575028
0.0320729251508598 0.0292569023788981 0.292312696377082 0.536533408134884
-0.0566136247626143 0.0490073479324173 -0.137817507314554 0.598749584029072
-0.0863205912139645 -0.0200689540753275 -0.445932275825622 0.326894228550934
-0.0616139783474609 -0.0361558827584598 -0.374454065738697 0.0714832819518002
-0.0722821312795744 0.059014441199742 0.184508046199385 0.178527745310507
-0.0579265262554108 0.0479973339659588 0.273270014670518 -0.16142194451414
-0.0160114330236091 0.0491377467541675 -0.0624916423792326 -0.363923883662328
-0.00147295281546256 0.0164548649560475 -0.315027174147679 -0.267151367961462
-0.0200971144026264 0.00577838783351122 -0.376223753416412 -0.0892233129396497
-0.0492992697080615 0.0112098520735539 -0.289611550106337 -0.0243540747707119
-0.0726176254526311 0.0385328277209041 -0.186563881820458 -0.0747450878865192
-0.0950527337212515 0.0350601237682917 -0.0735338192139929 -0.125894181320708
-0.11369927814874 0.00728213224211985 0.119126967914967 -0.189718126909859
-0.0896024753196146 -0.0605291163558353 0.36491199420979 -0.0733966115559124
-0.0147674790206126 -0.0793955350049207 0.473599029541573 0.258667719627377
0.0379870426707816 -0.0456703397973166 0.133765274712704 0.65277087580133
0.0086780123358906 0.027603273625793 -0.365627556462011 0.605272304359298
-0.0574053202562496 0.022181749086644 -0.606036045251355 0.208604435573899
-0.090712483097389 0.0182616132870881 -0.401133548553108 0.00228428962918969
-0.0467485134650413 0.116163799654274 0.192698201852778 0.123058694902213
-0.011703446525438 0.0452184804607499 0.181985737544858 -0.201909925219911
-0.0242305176111117 0.0239125802501632 -0.162830858857432 -0.272718311774197
-0.0420835529778653 0.0341360548344413 -0.336496782589428 -0.132929197427756
-0.0207790717301921 0.0614150108872672 -0.341236450906824 0.0122941149499291
-0.014790438374837 0.0698176021300134 -0.25971277461769 0.0350194048742463
-0.0269638619622157 0.0980655046852644 -0.187188068767623 -0.0266798547696642
-0.0634113330640508 0.0978439401797901 -0.0950533450351957 -0.0903284423009039
-0.112545717262976 0.0650618161079414 0.0892795470025355 -0.168813338054512
-0.12828461261983 -0.0292067199603146 0.330752514480442 -0.0448356260325722
-0.0623830322459969 -0.0996402795655081 0.399352091145787 0.312870604928483
0.046929010493926 -0.107274300642831 -0.0169438349920094 0.669079514165936
0.0687331288752057 0.0187689340370414 -0.521575218288031 0.533461779505588
-0.0381863605579945 0.065233255945235 -0.686313395832351 0.0844071906746847
-0.116462426611674 0.0613606590286098 -0.391486423640585 -0.0621251315405909
-0.0134412417152696 0.152271533916862 0.195289914934224 0.0593233182866783
0.0373555784285156 0.0350474500741582 0.110692665875318 -0.238933452691658
-0.0213633201364644 -0.0122958143403691 -0.230955606073434 -0.211927862687376
-0.0771004622754922 0.0262351720632224 -0.347094004469421 -0.0394542962921529
-0.0313552050652874 0.0890118232890518 -0.308631171338742 0.090200447722414
0.0059596488441071 0.103838411390829 -0.224376001379353 0.0901024542957601
0.00988716614345445 0.136973435859653 -0.171562175432859 0.0276256373060488
-0.02611315793108 0.145390784378178 -0.100877731502225 -0.0381842471054993
-0.0901914649124985 0.117757021598759 0.0580331230474171 -0.126574576336975
-0.145100896599578 0.0211156856057711 0.273854746188474 -0.0191561609441613
-0.106038771464553 -0.0863617646635094 0.310731909844902 0.319960256033854
0.0275188164163329 -0.139023158627554 -0.117921889938589 0.620090524139894
0.0972390559962301 0.00591228426895912 -0.584254963365786 0.439632461532857
-0.0222138826272263 0.0914465520139685 -0.689903010147136 -0.0110212631924306
-0.126464906128519 0.0960649339916536 -0.347542592204644 -0.114058344212411
0.014008003125558 0.165294187431775 0.197005255673789 -0.00377080754504094
0.0796097405002826 0.0279371751829181 0.0729451011174955 -0.276586245946707
-0.00341295096585978 -0.0494948505743726 -0.269616278647406 -0.205025429723166
-0.102744946233904 -0.00476668395339785 -0.370667448905895 -0.00751756150664238
-0.0551041115825472 0.0915696411298322 -0.308830849046205 0.137892961800982
0.00805865497080179 0.116306984763473 -0.207122382446773 0.13992097677067
0.0354614787007559 0.153260149799321 -0.151823432948891 0.0868849610710308
0.0164103105920932 0.173083305628316 -0.0918813773992682 0.0268902875482834
-0.0426005388213805 0.15895291934168 0.0368717850108848 -0.0627558718012835
-0.128357065955477 0.0867946440361975 0.219839037398959 0.00943774405110167
-0.142112577121027 -0.028811672326196 0.2511124784286 0.296383211076897
-0.033723117738249 -0.135152693037892 -0.130265532574558 0.564405725273917
0.086488186219496 -0.0273000247274443 -0.546642476080453 0.405148198567967
0.00548269481517462 0.0914018644794601 -0.649220704163533 -0.0221935770849159
-0.104898343230826 0.123785273307353 -0.290103374758937 -0.142513484657909
0.0331330758540956 0.152071622609634 0.213100911877741 -0.0556235953260346
0.10478021605078 0.0259555404259886 0.0826469551955063 -0.315103951605161
0.0226148705765516 -0.0750268271243986 -0.271913651575945 -0.261344833376529
-0.10977440048982 -0.0411449648158774 -0.410198470458983 -0.0500918306324515
-0.0786001911649025 0.0770859039375439 -0.354747597964866 0.143837247152038
0.00147672708192479 0.111628084382573 -0.224963860563615 0.178942995689794
0.0500948093198786 0.14711086999669 -0.137457692844986 0.141033044695948
0.058345103160813 0.173434066732531 -0.0661752916627561 0.0915109600100322
0.0201547527295772 0.172764725445732 0.04159861899011 0.0117445734926365
-0.0737770595302591 0.143385636794516 0.193579845896553 0.048022839920737
-0.144487725989381 0.0546999481117112 0.234211594789471 0.275733718892206
-0.104629851552922 -0.0913293730581007 -0.0725108765797602 0.536700037946357
0.0447839656748023 -0.0649465078216172 -0.447622069287693 0.426382560713625
0.0409632788518485 0.0653898693106943 -0.590824342254509 0.0221382008633072
-0.0517241209283137 0.136992407890676 -0.238139028895967 -0.161263482704971
0.0404694717156475 0.117291406904824 0.24718524834344 -0.0808509715792717
0.105632612469517 0.0245731138271734 0.163030951423851 -0.339676873273272
0.0453526824029604 -0.0803252712782276 -0.20384983931821 -0.380168975537065
-0.0954384697062283 -0.0636936010351406 -0.436570606561469 -0.185874776132464
-0.0861593121821427 0.0579641654013005 -0.437944594053117 0.0871742815714941
-0.00104875640646675 0.0952708810582185 -0.279797294402312 0.191612786298066
0.0578951170439087 0.12310118459286 -0.134239390998743 0.182767349084586
0.086755539319383 0.148404640206894 -0.0307218387674054 0.144227374274961
0.0742589303459702 0.153252426210639 0.0749754757836995 0.0797701391508659
-0.00328549756708624 0.158954396571134 0.209096863812272 0.0902973532888878
-0.103447661477771 0.115917300403738 0.262615289222823 0.263422960242565
-0.136996163539403 -0.028106626674942 0.0323411382740491 0.513434828605637
-0.00162557472594882 -0.0823430053339915 -0.308558135923283 0.459149392083437
0.0696071359507741 0.0226561238884071 -0.516227239063948 0.0836676595549606
0.014080806622005 0.121772604970425 -0.203295535637365 -0.179504817999671
0.0499084587883529 0.0642801767407499 0.298606486705853 -0.0730510470174858
0.083476023097749 0.00609308537358564 0.305080822282503 -0.326273343941422
0.0414460151464946 -0.0676894688229535 -0.0459824863707463 -0.51921992462376
-0.0726689335788516 -0.0498418637566101 -0.404652557376305 -0.383990702369389
-0.065502242732757 0.0527179093507502 -0.516831526206134 -0.0305247281655451
0.0151499582487404 0.0760705733063815 -0.349298726604725 0.177257045571969
0.0673205668683838 0.0847823309062767 -0.137224608769986 0.208881763537773
0.101047522372998 0.100026172976323 0.00991818949770868 0.176281990747345
0.101679638602587 0.10339188899093 0.123664511234604 0.121080882200928
0.0503378771054847 0.126271141377196 0.250241674868305 0.111712547895225
-0.0448669811034805 0.121720911596205 0.315250713287763 0.23661709585569
-0.117146263922674 0.0143139867046156 0.149888677429994 0.469491792217329
-0.0279674743527675 -0.0788942491867046 -0.157880566121639 0.459536498073202
0.0799948005779263 -0.0214862133441698 -0.430158245887044 0.134755238189008
0.0707308862880323 0.0741462010529831 -0.189278717268249 -0.189191891264651
-0.0726331172751902 -0.00856384889474924 0.173773278985272 0.207555605007252
-0.0887961954808273 0.0313791056424355 0.358596407012184 -0.120162000303032
-0.00466381822269829 0.0589065723188099 0.0627611801662218 -0.439309385443641
0.043481359788397 -0.011008523184566 -0.259583140205453 -0.393924245034211
-0.0102105766025775 -0.0617920776664039 -0.378275654315105 -0.179997761225033
-0.0734220545976954 -0.061030549020949 -0.289019026342069 -0.0633205467712142
-0.108380218019745 -0.0315422229699713 -0.163629324695856 -0.0945124453447252
-0.113469608164461 -0.0294613601574878 -0.0420696780190319 -0.135511948861921
-0.101309462091433 -0.043980968005934 0.131050138684667 -0.192491587271545
-0.0458195189749707 -0.0773809409826974 0.353861781522852 -0.115007721840315
0.0321538244145975 -0.0482905077551736 0.498479636078694 0.136783770233667
0.0328397035103818 0.0279975624963338 0.303241447000095 0.52673635659077
-0.054633327586991 0.0504132621200756 -0.122928834217346 0.596748601541577
-0.0859523932434115 -0.0179648606836531 -0.435514579722568 0.333295833435101
-0.0623933225283453 -0.0341679480781827 -0.370355859013926 0.0791001365848352
-0.0707593361691592 0.0600576666072306 0.187164414497962 0.173908800470161
-0.0564316225792268 0.0493756232815688 0.267799346482718 -0.167110564317492
-0.0147546041792446 0.0490184266969668 -0.0697977272450013 -0.358873624097203
-0.00062720875569959 0.0161864621959445 -0.317750685583928 -0.257397151368643
-0.0203988597932462 0.0055388005119778 -0.375949259662682 -0.0782817168254147
-0.0485814562444707 0.0119821725188458 -0.28752111822374 -0.0166106284738819
-0.0712093337517498 0.0395498882509442 -0.186962234480843 -0.0696238804443737
-0.0937234435444129 0.0369302996133341 -0.0750785097724201 -0.122783851867727
-0.113185802976437 0.00974850366486041 0.114365840711404 -0.190498429231492
-0.0909363078385182 -0.0581132984271135 0.360878243902666 -0.0795517653044375
-0.0167851803692428 -0.0791642588861135 0.473843556687127 0.246319764456517
0.037138911029949 -0.0462137036224035 0.148608528330627 0.645593764332115
0.00961262730883961 0.0276454735851121 -0.350042844309381 0.608432299583546
-0.055969797177796 0.0238671841401105 -0.597702786651828 0.220938702170505
-0.0892739482577818 0.0194969187589153 -0.398971362043895 0.0104201805718282
-0.0434738366396104 0.11636545030878 0.194304700440352 0.11841290926851
-0.0105647847348199 0.0455673421027338 0.17644807570758 -0.204875358220325
-0.0235241538889554 0.0243007682290282 -0.167462193944635 -0.26706923452613
-0.0410094006295835 0.0350117392725575 -0.336292714196982 -0.123312405172197
-0.019466087878426 0.0607608526571096 -0.337684344611184 0.0207507732641424
-0.0136406218327986 0.0691750108291171 -0.25667847837853 0.0411384598906648
-0.0247385704088916 0.0975164906253327 -0.186224219924655 -0.0231825489617474
-0.0609151276578388 0.0989577275717071 -0.0957228800480095 -0.0868760901060509
-0.110471861877699 0.066971276595697 0.0848800246906038 -0.169987425101504
-0.128580233821929 -0.0266792023976026 0.327248170765466 -0.0511730195086019
-0.0633969705110962 -0.098068496235819 0.403117631693988 0.300351938934681
0.0445231498876926 -0.107555391883946 -0.00128573490579012 0.662727784655515
0.0690527733854647 0.0180532407882433 -0.505156103659809 0.541132049835125
-0.036617139371933 0.066148854000932 -0.680534677421008 0.0991667066861791
-0.114459497943809 0.0631216795759728 -0.390077490399493 -0.0520856669244986
-0.00974921145926558 0.15116915438833 0.194963293650533 0.0544083798154766
0.0377589265337147 0.0341684742577788 0.103589777428552 -0.240057847226017
-0.0206736584827488 -0.0118891885105112 -0.233959943809454 -0.204930899150506
-0.075975936716673 0.027591246719463 -0.345822243077393 -0.0309828274949271
-0.0289839697999968 0.0884653031452102 -0.304698610742801 0.0972091791150555
0.00744233346728222 0.102679583720365 -0.220730756127311 0.0945347245892353
0.0132479847412613 0.135366643959711 -0.169677925458064 0.0321020087169456
-0.0224258214039602 0.144742069091276 -0.100354451819074 -0.0353980498806447
-0.0875723147382193 0.118800891114436 0.0545069478150041 -0.127101839841139
-0.143959648359625 0.0232356143421643 0.271398765274327 -0.0247565240729795
-0.106999992595122 -0.0832981943206311 0.316357420196491 0.309430524302761
0.0253467728725611 -0.137850254381965 -0.102284259525245 0.617480327865967
0.0969343421090673 0.00464004346510236 -0.570391795327395 0.448299140559825
-0.0200347241870494 0.0915754794476899 -0.686952980006552 0.00556018737368374
-0.123055450735227 0.0969786500349297 -0.348159078445365 -0.10574544229549
0.0173114847368893 0.163923179834326 0.195764126169823 -0.00790830307433602
0.0790613206232457 0.0257770656471215 0.0662266742098816 -0.276104662757278
-0.00420444927145049 -0.0492236308959607 -0.271713771847243 -0.197829674206369
-0.102310391053328 -0.00257559974461542 -0.368637913279251 0.00154010114810777
-0.0533927757223458 0.091385252049683 -0.303018345966682 0.144545067006847
0.00998416196003079 0.114652846228185 -0.203687144014868 0.144246686830679
0.0385144197034094 0.150562189365217 -0.149062206079006 0.0893438324058151
0.0197949096097561 0.170820122851905 -0.09005280955543 0.0285322547153292
-0.0395036958499483 0.158156810767008 0.0350177209274057 -0.0630800607568093
-0.125445715714602 0.0881535805055738 0.217745294470002 0.00418163683556461
-0.140540831131323 -0.026112078719553 0.255971878985908 0.287876380091628
-0.0357293468386408 -0.133104388177195 -0.116856481524335 0.563715409952566
0.0850599204360194 -0.028543469020896 -0.534016217859868 0.413389365342675
0.0070778158073267 0.0909501212199104 -0.64593956371718 -0.00777543036518809
-0.101285735756366 0.124193430822742 -0.291904753053502 -0.13507746487659
0.0365001160393181 0.149869455628022 0.210077384728489 -0.0599317335162008
0.104847501899502 0.0232815680000879 0.0752178096959588 -0.31459637531047
0.021360620565452 -0.0752259452449982 -0.275006046026623 -0.252908255133594
-0.109554199841765 -0.0386495878610644 -0.407370838617993 -0.0400484142665701
-0.0766472663606201 0.0772841374138 -0.349694595566296 0.151091122849432
0.00324309049379588 0.110124335378094 -0.219899248557789 0.183279159152821
0.0526270083492383 0.144719290646087 -0.134056730568605 0.142853985955987
0.0608997358284363 0.170178653312621 -0.0637832565225555 0.092059410266898
0.0233625494329932 0.170591459329395 0.0412199834689281 0.0104702539437811
-0.0705083342291435 0.142788191479864 0.193113357657684 0.0424409227293955
-0.142234308723826 0.0550039872492066 0.239078185887814 0.268462597502794
-0.105399726463755 -0.088196992780533 -0.059425907754669 0.533551621696751
0.0432287846050308 -0.0646544365516084 -0.435676657586299 0.431545049569874
0.0416863197947059 0.0641723908960082 -0.586398986243349 0.0355449778350085
-0.0482719237734621 0.136360114828314 -0.240027879223058 -0.154361394426936
0.0422489820671793 0.114756162227392 0.242508722420623 -0.0850247509094458
0.105644108262573 0.0216212003707364 0.154411042508185 -0.340388878534525
0.0439584837111106 -0.0805069290978195 -0.210733766756932 -0.372254113485889
-0.0961722450600275 -0.0612745489294574 -0.436362355831906 -0.174007351322036
-0.0844625379585647 0.0589984999342235 -0.433404067089025 0.0964092066432847
0.000486340404315544 0.0940048656279609 -0.273712190754494 0.196922993781529
0.0606722801597155 0.119961876356028 -0.130172729144768 0.183696290606738
0.0894760689066256 0.144469927312557 -0.0270441897095871 0.142769424898145
0.0761822929695568 0.149997557654468 0.0760729698187022 0.0764630032912832
-0.000371760551531513 0.157109282748438 0.209070306628781 0.0838642963027756
-0.0996810784284196 0.116386092031439 0.265791063140668 0.25481312642941
-0.13618312792131 -0.0242091522948808 0.0436159824462409 0.507748052636243
-0.00348054470229598 -0.0816073487331946 -0.29624780911976 0.461331387350277
0.0694852583011018 0.0209670487356805 -0.510929110838813 0.0947994755867233
0.0166162394494023 0.120015545758383 -0.20587792159193 -0.173593217498658
0.0508886490289782 0.0623203918723816 0.294097570792724 -0.0791196299485866
0.0829549411826192 0.00384490440229231 0.295109663437537 -0.331242428771176
0.0400085306582942 -0.0677602077596064 -0.056687165037459 -0.512841560354819
-0.0731172996860624 -0.0476167687612971 -0.410761417815235 -0.371208984205555
-0.0635263555662959 0.0537228337629992 -0.513463230355973 -0.0183330850282173
0.0162711685688798 0.0749559476385599 -0.343456241487796 0.184040141345003
0.0687937725414159 0.0823316464975276 -0.132087723575275 0.209798621927594
0.10299335341946 0.0969237318634871 0.0139185292802921 0.174288533562921
0.103447406487544 0.100140484743489 0.125157500519493 0.116434430284104
0.052432631390677 0.123701162983895 0.250651474778284 0.104496674221621
-0.0397601257742772 0.121826246639698 0.318114075577191 0.227090018404745
-0.115920245787068 0.0175592760267299 0.15946256730834 0.461601011294233
-0.0298376609244069 -0.0777800618132779 -0.146547472799431 0.459877880917506
0.0786360826953375 -0.0232836591033304 -0.424374122234224 0.143387386061154
0.0716058649789922 0.0713740557231238 -0.192106948106329 -0.183290015392971
-0.0719517201869097 -0.00685635809025554 0.176999729524679 0.202796068725538
-0.0875550424845526 0.0328123408276365 0.354337255733025 -0.12674251158633
-0.00287021671855758 0.0587115310184626 0.0534453222691075 -0.437619330429
0.0432412343707424 -0.0120870477604427 -0.265022159036541 -0.384818072917291
-0.0111938837412786 -0.0615179232327525 -0.379164567526617 -0.169740303547186
-0.0743998513540384 -0.0595259313748179 -0.287823901537326 -0.0554040583201454
-0.108465728024586 -0.0290984133040559 -0.164109064487311 -0.089796230370292
-0.113186930975451 -0.0269958560137401 -0.0441104288182783 -0.133032528141761
-0.102177893396359 -0.0407298192380022 0.126837174017729 -0.193239162920606
-0.0471234024637837 -0.0756167423911618 0.349596951737136 -0.121448259724616
0.0310669124880681 -0.0490600623822985 0.497528237823113 0.125825231638936
0.0333704090185133 0.0270041464710914 0.30979018686903 0.516973961582626
-0.0533338005248338 0.0511328514967517 -0.111665952729526 0.595602562337722
-0.0858745170733522 -0.0158953017469994 -0.424990543264001 0.33951371888967
-0.0625374766356095 -0.0326478963686209 -0.366555022866442 0.0848036591499527
-0.0683490728818631 0.0612440524154862 0.189359885001513 0.168323025324809
-0.0546411081352935 0.0507031612345233 0.262917559983441 -0.170327825082842
-0.0137509376023777 0.0490721278346349 -0.0765603593547042 -0.354429748213259
-0.000521059989657199 0.0156977259552269 -0.321208130157209 -0.248138948208642
-0.0200738245008133 0.00543535299888706 -0.373588590696418 -0.0700458670360347
-0.0483817990551321 0.0129193773980089 -0.285176678599436 -0.0100061815401398
-0.0698652227390103 0.0407368592349191 -0.18670630611654 -0.0643849717963581
-0.0924899246951005 0.0385997308600922 -0.0763159611918041 -0.120234836755414
-0.112368318035463 0.0124581863041307 0.110223445370179 -0.190604602073039
-0.0917160477857178 -0.0560198134744406 0.356222714565913 -0.0860186284947159
-0.0180541229301694 -0.0788128665267017 0.4769563473415 0.235526533981241
0.0362030269983014 -0.0465449602857285 0.159443967808917 0.637764418370633
0.0106910251859431 0.0278758946454898 -0.336762311463085 0.610379186033692
-0.0556307707593349 0.0250655099343098 -0.588327546060543 0.231198475654249
-0.0890162553024093 0.021433351524206 -0.395776163763675 0.0181603343962474
-0.0409310730979341 0.115996049222307 0.194907696578709 0.113447337947109
-0.0100324826746816 0.0458156485672374 0.170571675687368 -0.206613392327083
-0.0223343697489911 0.0248383230214313 -0.171760445039151 -0.261021324054553
-0.0394549894828067 0.0349396532494453 -0.336400419394412 -0.114898747629153
-0.018518064274524 0.0600040373529885 -0.334737355943879 0.0289507373203225
-0.012349903637285 0.0685727565320148 -0.254001293635699 0.0466002307027629
-0.0225113863977214 0.0975394346829531 -0.185406498342368 -0.0177550899030721
-0.0584449541477099 0.0989117304779384 -0.0963954408102518 -0.0838740044603795
-0.108775609956679 0.0693696080157507 0.0813879082374337 -0.169734402768094
-0.128592786015078 -0.0241224908594706 0.32362088492222 -0.0575017372404049
-0.0637463544237796 -0.0966311717366107 0.405188423120059 0.29014790277809
0.0424974581474941 -0.107810354522126 0.0111084059716067 0.659794559313355
0.0694023604366365 0.0173369620519556 -0.491426600459913 0.545447480826558
-0.0351615932496131 0.0668280617438565 -0.672563102125948 0.111202050438033
-0.112285420610185 0.0646636042767719 -0.388447487949223 -0.0452047381216611
-0.00706896787451273 0.149888070471539 0.194889336121517 0.0506464039416494
0.0382782447294236 0.0333420632813827 0.0974009349272251 -0.240423319761776
-0.0205390375045558 -0.0112963087895691 -0.236427123880514 -0.198694349208948
-0.0748777122167421 0.0286680795477512 -0.344245421445812 -0.0232761848798279
-0.027739850180231 0.0879379765016466 -0.299761928632317 0.103165703700282
0.00891498336266878 0.1016860778524 -0.21718724933122 0.0992104574963855
0.0155413050682521 0.134310919272224 -0.168103994584233 0.0350788325264729
-0.0192400259140222 0.143637977013109 -0.100285246901873 -0.0329269293257794
-0.0853624163215442 0.119594353346709 0.051880619544414 -0.126537526886669
-0.142514714532089 0.0251935459257624 0.268510068575878 -0.0304492521065908
-0.105550546877925 -0.0825958539575641 0.31966097065057 0.301231850126679
0.023241076192284 -0.137594237886891 -0.0882261095386003 0.615442232337062
0.0967299006609452 0.0033907962951488 -0.556115682831712 0.45816714852036
-0.0185708314880503 0.0918036440848035 -0.680278905537706 0.0180436332942186
-0.120944093797353 0.0985551954076654 -0.348524576250949 -0.0986712048063878
0.0202805976364772 0.161649948808454 0.194303516247766 -0.0117219509498318
0.0791474984138738 0.0241895645019435 0.0593833071471245 -0.275151509699533
-0.00467549069932198 -0.0487084742307557 -0.273716753573337 -0.189727304568338
-0.10132789614978 -0.000345953293058367 -0.36592259875178 0.00940271427530122
-0.0513701305010747 0.0908946709559159 -0.29840562821476 0.150350312449008
0.0112148331277636 0.113451382930571 -0.199025134238978 0.147896046389203
0.040770524799427 0.148731865667358 -0.146413626343755 0.091420828839681
0.0232671137491116 0.168657158296264 -0.0888740546002117 0.0300895061117741
-0.0366903566204492 0.157058604190528 0.0335726516777237 -0.0634434241783483
-0.123114640255194 0.0891061548373995 0.216203807407904 -0.000415795712097195
-0.139570614535071 -0.0234689089080681 0.258961698498124 0.280298062025621
-0.0370301809844795 -0.130997365036607 -0.105847163768996 0.562875745727187
0.084255360184405 -0.029263643544358 -0.522507298026036 0.420326955764069
0.00901132021063395 0.0902411941357327 -0.641901688378869 0.00494561736017434
-0.0986126482453969 0.124457973263334 -0.29277182686363 -0.128571336003528
0.0387138212528653 0.14766324490309 0.20722542429255 -0.0632103574968797
0.10432431513254 0.0206853439838122 0.0676621010095706 -0.313168182717946
0.0200490250249476 -0.0750966099278848 -0.278272876161933 -0.24479094532191
-0.109609992793843 -0.0360040510992186 -0.405485524776241 -0.0315667621913991
-0.0751410512951713 0.0776982692450399 -0.344135682936085 0.157769949467756
0.00491530273681947 0.108762243218111 -0.21486843348467 0.18666645423775
0.0555211182624838 0.142259484385896 -0.130770678173517 0.144367706034163
0.0634091725553606 0.167723364382379 -0.0612684253860909 0.0924147956741945
0.0257678378026111 0.168374789442381 0.0410713271602043 0.00887745649868332
-0.067281613874494 0.142342961710921 0.192138641823384 0.0377807029086242
-0.140005243759748 0.0555558576507272 0.242642466079106 0.260960681389603
-0.105530612798683 -0.0851974815090914 -0.0488848734617724 0.528918894448577
0.0418744111162024 -0.0645878299228502 -0.422209867216139 0.4373534840872
0.0430383565075435 0.0629721506051456 -0.579651890625021 0.0477785715122847
-0.0451391188080528 0.13548828449426 -0.24198532521023 -0.149275832157912
0.0444969149126493 0.112671453724814 0.239549953125087 -0.0887938850821941
0.105243061396996 0.0198132627206015 0.146575992868019 -0.340846676477199
0.0425391395882313 -0.0811820989613391 -0.215274652912303 -0.364998077977447
-0.0963756421653487 -0.0584336514265736 -0.437632768614139 -0.163840390096162
-0.082657510606786 0.059715014775703 -0.428643411619596 0.104244240578705
0.00184584247268143 0.0933162017572848 -0.268412702857073 0.201769546962403
0.0625611084487582 0.117686966444089 -0.126177978326285 0.184565593107216
0.092468484382337 0.141256500626461 -0.023598157837493 0.141953754002872
0.0788261390757846 0.146757140000869 0.0767675917320209 0.0735085033306654
0.00322547301141983 0.155196172022847 0.209080087125246 0.0776218347337952
-0.0952661919284628 0.117314159098479 0.269092840941599 0.246566603855808
-0.135611694364482 -0.0209069784123201 0.0536502828756092 0.503507303955533
-0.00534978073400666 -0.0804446504348844 -0.285570088287645 0.462775956886157
0.0691483755824665 0.0188847082217529 -0.506180524014462 0.104849066485876
0.0189155922731358 0.117924627824467 -0.208933630920251 -0.168425104633474
0.0518041261233909 0.0606671412626433 0.289869598249416 -0.0835789073386601
0.08237145128854 0.00216874932660816 0.285913828245847 -0.334558637692723
0.0383964942011796 -0.0682379137017071 -0.0654771232707116 -0.508278362297752
-0.0732057601228597 -0.0458357059959865 -0.41580963363881 -0.360409322053385
-0.0622649858001591 0.0544851282203851 -0.510433045738946 -0.00718570205848075
0.0176120487259229 0.0737283378152267 -0.338027089429771 0.190047153855974
0.0702000593448122 0.0799850915530385 -0.127518862331439 0.211042333647742
0.104663118593447 0.0937033736930312 0.0169038575865956 0.171989891384084
0.104391272321871 0.0969502565966766 0.126346302616099 0.112146271184245
0.0546247101590819 0.12084871305466 0.250172417071628 0.0967956738763052
-0.0369682758525337 0.121789154981251 0.320430424543893 0.217372616021755
-0.114657224625126 0.0199436419242186 0.167678491411257 0.454913253455048
-0.031323008269639 -0.0762249202507964 -0.137163082720397 0.45825411339362
0.0777839358653538 -0.0251255078943337 -0.419463791809405 0.151359783165819
0.0723223627352944 0.0686513836671777 -0.19456222889251 -0.178245227378732
-0.0714707737208504 -0.00507531305919166 0.179974943439609 0.198364008161207
-0.0864781112333259 0.0347854283050562 0.350156245304067 -0.132110735564344
-0.00184244023852019 0.0584336620464755 0.0444208407333937 -0.436580216150399
0.0430275989150866 -0.0130419376635242 -0.271373395461367 -0.377267707549672
-0.0120588615326809 -0.0611359298066407 -0.38166595611177 -0.160363347937897
-0.07525752937731 -0.0575019690115864 -0.287336760813589 -0.048825438927084
-0.108793798174079 -0.0264977683785089 -0.164569496712949 -0.0853086195067498
-0.112940857317084 -0.0246549190780762 -0.0464119933333647 -0.130829501268967
-0.102270760991437 -0.0384983066249039 0.123140255261367 -0.194376798631102
-0.0490126980714544 -0.0739332214552473 0.345928864901465 -0.127160173204454
0.0298444096726645 -0.0496862756128019 0.497429793568502 0.116395385834443
0.0333911362936897 0.0261398047395723 0.318246748771278 0.506954401425685
-0.0518408782343367 0.0520826027323022 -0.100575380361208 0.594854429419366
-0.0859050863769222 -0.0137807363560935 -0.415241379075907 0.34554904327994
-0.0626391363486787 -0.0312150025997368 -0.363623032636772 0.0907455469967929
-0.0671522138604152 0.0626533078141293 0.191138052620092 0.16395452968972
-0.0536594704411496 0.0514186204907864 0.258479464999668 -0.173901520459181
-0.0121034911833138 0.0488183384379507 -0.0819801339321511 -0.350993773266481
-0.000118883358425775 0.0155159333259967 -0.324664190768465 -0.240500042536107
-0.019813561563582 0.00519470060491497 -0.372997607771427 -0.0608668184450832
-0.0483185290807241 0.0137010498543301 -0.283308681527647 -0.00348459553842853
-0.068730865391463 0.042067402612766 -0.187134967233701 -0.0598372811240839
-0.0912261304462814 0.04031459883816 -0.0780008856001453 -0.117784808839436
-0.111701952690063 0.0149500680983683 0.106077815156144 -0.191121926179699
-0.0929520005269243 -0.0542611799452766 0.353410259163956 -0.0914484929052383
-0.0189918596775623 -0.0786396381390076 0.476037061348033 0.225395069109596
0.0355239176569148 -0.0472213994779433 0.170517406821471 0.631264472769269
0.0112610476284131 0.0278909477495692 -0.322559292534507 0.612465242739079
-0.0545961507505561 0.0259515126195455 -0.58206501802081 0.241474623740315
-0.0879979942498803 0.0227933564790832 -0.393828141874058 0.0243020231620437
-0.0384071609494376 0.116394333686935 0.195894724175153 0.10945696235484
-0.00871425118704067 0.0460462181644688 0.165216806570693 -0.208318760302239
-0.0212964869510685 0.0250978136163858 -0.175884716262767 -0.255606223078448
-0.0386417548050072 0.0351406346618619 -0.337321261113144 -0.107577961567395
-0.0176653559927171 0.0595047667659312 -0.33175235072683 0.0357150226793936
-0.0119138319471648 0.0682497438215263 -0.251527010699636 0.0524034735431269
-0.0208252172826626 0.0968215212787146 -0.184955593872077 -0.0136846012282413
-0.0563854703850364 0.0992008079388568 -0.0971979729757818 -0.0816376206502257
-0.107436006493756 0.0707830894139827 0.0774263308983307 -0.169718120150374
-0.128439988381285 -0.0219713947150636 0.320147863102991 -0.0627266196944041
-0.0648429226988806 -0.0953354596266363 0.407732665663125 0.281582579512757
0.0409630119018444 -0.107964504903546 0.023187897696451 0.656008644170906
0.0696299955774815 0.0162027448384474 -0.477116421166709 0.551769925838978
-0.0336006953182973 0.0671710362805948 -0.667187213175569 0.122577198382907
-0.110514851583978 0.0665619397039883 -0.387467850299474 -0.0386516492943904
-0.00455172422889815 0.149417351410482 0.194131636218073 0.0468949124790179
0.0387632518243149 0.0326106293801134 0.0927465186721248 -0.240606231821945
-0.0207507960100416 -0.0108445915046289 -0.238687162826533 -0.192660910005103
-0.0737335912850448 0.0298071035385496 -0.342215772849957 -0.0164766207536005
-0.0262820140644018 0.0872759226763074 -0.295965620459216 0.109934332387474
0.0101793171750077 0.100545202886023 -0.21423598516061 0.104027993323864
0.0183472641806291 0.13246863004921 -0.16700297417417 0.0383812909423553
-0.0171877212542277 0.143394157219511 -0.0999900285608602 -0.0305586143034589
-0.0827034089572832 0.120403334346089 0.049043065904093 -0.12690031393644
-0.141861806123143 0.0269490422405917 0.266779570775342 -0.0349455498849328
-0.105139823452034 -0.0814003702817158 0.322772977111887 0.293780508764835
0.0213888771913183 -0.136734299967336 -0.0763025657030265 0.614047677879383
0.0963144617311262 0.00212920774515354 -0.544414056267322 0.466362248615116
-0.0166171552914703 0.0918063269957028 -0.678182253715252 0.0308561026750785
-0.118532204846982 0.0993155779119565 -0.348691360762235 -0.0924622460884388
0.023083955596727 0.159824715593308 0.193266612398413 -0.0147948693184693
0.0793880971363498 0.022695900604404 0.0541820626189859 -0.275534162278122
-0.00543173710403088 -0.0484588565522271 -0.276347182675143 -0.183185819438365
-0.100466432440529 0.00147915484213358 -0.363318290991001 0.0167003773305932
-0.0499799938390303 0.0912633018546382 -0.294495028597124 0.156165535830903
0.0129371849667973 0.112341009080106 -0.195700480081017 0.151554569179819
0.0434226609729059 0.14653791621021 -0.144548327446745 0.0942176937147656
0.0267392875228108 0.166769219701062 -0.0873921870970583 0.0316269583383327
-0.0343861158589782 0.157473881139447 0.0321630493822214 -0.0640060921391131
-0.121263043657502 0.0899302448720495 0.214495334260907 -0.00485569730033125
-0.137951245140821 -0.0214149311835574 0.262262381287652 0.273504862047825
-0.0391046712314023 -0.129329509320123 -0.0934460036870896 0.561985541012757
0.0832036183005161 -0.0300480042056646 -0.511502948770573 0.429474331551683
0.0103124781709966 0.089834735426179 -0.639540527115617 0.0178394646180381
-0.0953574170323074 0.125245893609386 -0.29370862877554 -0.123405733605062
0.0410628043060819 0.145409326574343 0.205159874175125 -0.0655186297203778
0.104282793839842 0.0188475428537591 0.0616016509996408 -0.313092130329711
0.0190558227317744 -0.0752035972886229 -0.281372279342993 -0.238312621275173
-0.109877220362988 -0.0337179283061769 -0.404644883064899 -0.0227800224146843
-0.0736695157386301 0.0782915663644223 -0.339308994657514 0.164438298002212
0.00599718906162765 0.107634602947209 -0.210914000297094 0.190698698796112
0.0579410362054682 0.139814711521148 -0.127471375060272 0.145864819166385
0.0675051592950152 0.164644529422573 -0.0590405975604682 0.0926927394584226
0.0283799873293008 0.166787970160276 0.0409123656333342 0.00772462315611267
-0.0644161133847455 0.142123220877292 0.191198765594046 0.0333951122166393
-0.13489697051533 0.0617351526883628 0.245567691253895 0.253507562897894
-0.106236451210695 -0.0821581619181485 -0.0369842109900871 0.528435971166978
0.0401521173325873 -0.0642914476771651 -0.410144998969828 0.443452161417096
0.0437980414642603 0.061694768138972 -0.576595002733821 0.0580408593792794
-0.0424568482525969 0.134780576368425 -0.244503783769601 -0.144062899008241
0.0458155588677686 0.111347978448296 0.236523231783211 -0.0920243694450423
0.105257881685481 0.0175273739724474 0.139053987176949 -0.340831418507134
0.0411116652261402 -0.0814627274537348 -0.221199082443538 -0.359487273383248
-0.096618098968502 -0.0570455740132252 -0.438588680387101 -0.155596840496953
-0.0811507725787881 0.0603892535568242 -0.424107777599049 0.112951777180087
0.00265001960603893 0.0924104517309143 -0.263787249751357 0.206059961166133
0.0641382361820075 0.116182034274529 -0.122380485345887 0.185378488454764
0.0942245181731636 0.138365123942064 -0.0208997973682831 0.141073939162936
0.0806944107107795 0.14448446509084 0.0774809228790148 0.0711680703400178
0.00584466899694946 0.153148759899484 0.208605470080034 0.0721561085364479
-0.0923444579551048 0.118243911314409 0.272652319130737 0.239153523544364
-0.13480246803029 -0.0183344836272144 0.06353064084146 0.499343464406524
-0.00693655416977546 -0.0796727170290734 -0.276154816978483 0.466148563209523
0.069198234744056 0.0178263141031796 -0.501885682522053 0.113243560086295
0.0207864816866042 0.115968177375264 -0.210471069853214 -0.163088933683581
0.0524341747488008 0.0586940107714013 0.287224030188539 -0.0879723760296751
0.0823014068113459 0.000841864828848864 0.279245829483141 -0.336905521699845
0.037395900079731 -0.0685360024573048 -0.0744494571790323 -0.504605124185206
-0.0734001013513667 -0.0440516375097799 -0.419728313309972 -0.350938789296584
-0.0609998695238694 0.0552507226707787 -0.507969777100124 0.00232588851610768
0.0183743684400639 0.0726556072592117 -0.333604193872894 0.195673436387428
0.0713644505602102 0.0786415135840554 -0.123666425898653 0.211455171675062
0.106118552307188 0.0908061105464257 0.0197295243649882 0.170034767748747
0.105677342951227 0.0948562172943709 0.127500744831841 0.108124131856465
0.0561227974760116 0.118785830003591 0.25016513089451 0.0908693851488667
-0.0345489149671417 0.121068091965385 0.322185562266579 0.209071179671834
-0.113416925990724 0.0219392490938156 0.17594895985806 0.448752256777834
-0.032639411092104 -0.0751084121483968 -0.126978359443065 0.459058089623947
0.0769056442974176 -0.0261791911812909 -0.413353204265221 0.158623780698265
0.0730790561179241 0.066436772892308 -0.197441368755176 -0.1734843834726
-0.0708470383728027 -0.00371237977915416 0.182731451202431 0.194192991369533
-0.0850830125540081 0.0366420628390205 0.346842049929451 -0.137154590542792
-0.00048932967455014 0.0580522758040463 0.0366706367825593 -0.434929002290333
0.0424803066151873 -0.0142321726138475 -0.277104997449946 -0.369273070897158
-0.0137256233871126 -0.0609184384508168 -0.38188162746563 -0.150922768676809
-0.0764894953075389 -0.0556434296644266 -0.286462274813753 -0.0418732565353551
-0.108121772044473 -0.0243946194233122 -0.165294263371286 -0.0807485013656217
-0.112992267886307 -0.0217608530326883 -0.0477708314045392 -0.1287331664738
-0.102510555670191 -0.0356442627531573 0.118986044743367 -0.195181433704016
-0.0503523842040801 -0.0728879161669354 0.343135885095359 -0.13200959199174
0.0288417616359985 -0.0505387319615935 0.497346789927174 0.105768926040346
0.0340392323870195 0.0251690021874685 0.327186256785279 0.500287411680289
-0.0503597167510525 0.0527906866905756 -0.0885555172241532 0.593135422031808
-0.0855650087037398 -0.0120959434920812 -0.407159939448493 0.350116240587469
-0.0632486932833868 -0.0295124878600343 -0.359660797023107 0.0967737782918667
-0.065492138198289 0.0633268886004868 0.193756488151574 0.160191068905944
-0.0524968147677281 0.0524543492493961 0.253810162110992 -0.177601967845653
-0.0104783394209519 0.0490778402195285 -0.0886413146880379 -0.347371280807901
0.000715620903318309 0.0148822967204014 -0.326778654452013 -0.232503141372705
-0.0198999041542076 0.00513839551898669 -0.37266762625233 -0.0525242378949761
-0.0483803004430851 0.0139711926739394 -0.282031641374182 0.00271695701677983
-0.0680893214903174 0.0431235080968871 -0.187445448298599 -0.0553202626667521
-0.0898605055804419 0.0416777730216679 -0.0797382327698633 -0.115156810897531
-0.11096533974343 0.0170587850684913 0.102759460078474 -0.19221061993205
-0.0939280507308385 -0.0524473523809508 0.350437199911056 -0.0977976483181205
-0.020744687125103 -0.0784084863525392 0.479266702635045 0.216682173082041
0.0346240781843497 -0.0484848057453833 0.182428081243063 0.625751412717638
0.0120688602837014 0.0273408868204743 -0.309113909604218 0.617491551166269
-0.0540744636123411 0.0272683805807964 -0.573470962979801 0.250255967519693
-0.0870747311129558 0.0243390816683285 -0.391629685287105 0.0305714967460178
-0.0366417379171192 0.116447924615137 0.196640349085287 0.105737190739244
-0.00780193262611225 0.0467645890090744 0.161098791889495 -0.210145054387211
-0.0202945236671949 0.0249164810738901 -0.17939116400161 -0.251172429162188
-0.0374249643857439 0.0352139863328088 -0.337069470499711 -0.0998603547942678
-0.0164720979307677 0.058810364883722 -0.33026855542291 0.0433748118020398
-0.0106735528541785 0.0678315686007476 -0.24873701669596 0.0573077500388483
-0.0189786333160258 0.0966713222651529 -0.184305734358709 -0.00964827879069213
-0.0540886935144794 0.0994634745981842 -0.0977966614742928 -0.0791877365855764
-0.105377100506504 0.072668132813061 0.0742418728880534 -0.170251004153436
-0.128771057442789 -0.0196420634223124 0.318169812995851 -0.0678332674808897
-0.0664183716885026 -0.0946148395225377 0.411151170576517 0.272578685879344
0.039557579388914 -0.108092956449273 0.0361981910230159 0.651392044023192
0.0701058089281643 0.015181220139127 -0.465902142007225 0.5585172397384
-0.0323839768475955 0.0682209408475932 -0.662182373848422 0.134113056369313
-0.10904418115369 0.0680548288008919 -0.387068721635926 -0.0318463314515817
-0.00148429576098715 0.148552696402189 0.194427878645312 0.0429019602736243
0.0392524417791894 0.0320760926765632 0.0879245921736826 -0.240605223421131
-0.0199833733473924 -0.0103773743201572 -0.240480973590724 -0.186857055694051
-0.0727683126135393 0.0307144034560956 -0.341866258964501 -0.00855633099506756
-0.0248624988612774 0.0872114478437436 -0.292238536493886 0.116032199646387
0.0113580358068164 0.0996370419984115 -0.211895738642205 0.107889178471065
0.0207572054410506 0.131311319755922 -0.165753343775632 0.0417433681861654
-0.014377282231978 0.142681132370318 -0.0994795207078323 -0.0285075163654763
-0.080836831031677 0.121250193355205 0.0468572620413142 -0.127076804872024
-0.141644365457745 0.0287594784501958 0.264277099068583 -0.0391574819411028
-0.107795942967511 -0.0771591411544206 0.326962360524184 0.287183586221298
0.0192392746889999 -0.136597100838969 -0.0662464527864595 0.612835723921116
0.0966995430637495 0.000813008632958447 -0.534043418030858 0.472380505397447
-0.0148957812247568 0.0921918080107297 -0.67427279422689 0.0433858202670028
-0.11619975977667 0.100928193786849 -0.349872524442049 -0.0860340499741411
0.0260123170328536 0.158426586273808 0.192083920764495 -0.0174681299558573
0.0794748568240893 0.0213663221881954 0.0485594034161182 -0.274775029301608
-0.00572803905370998 -0.0485148262122947 -0.277939374683065 -0.177653757800582
-0.0998450615833512 0.00286055218675353 -0.36169018223875 0.0236006648410805
-0.0483899090820175 0.0911575300370232 -0.290073378838353 0.162249450313654
0.0141617744164758 0.111379423955762 -0.192545231959617 0.155464287300812
0.0458955159523756 0.145020238266334 -0.14264134772956 0.0966031848741546
0.0301182486013181 0.165321160080976 -0.0859805333234327 0.0329300718637752
-0.0317008703320662 0.156844154613812 0.03075297831327 -0.0645127209872358
-0.11960076723579 0.0910937381068668 0.213246937193662 -0.00910737441421425
-0.136926183809009 -0.0191866887552142 0.265670641355644 0.267106092478943
-0.0399773295870195 -0.127893850868521 -0.0823987213805964 0.560190297982225
0.082508723105971 -0.0310941632564355 -0.502143780508676 0.435858571238067
0.0116597696878125 0.0896446747221744 -0.635775620556174 0.0302743604713196
-0.0924468082036154 0.12594094069109 -0.296053447913985 -0.117467956587995
0.043298387609101 0.143855872094072 0.202860478822514 -0.0691820918383279
0.104499268656629 0.0172993126011857 0.0559706162950024 -0.312704582599048
0.017820567495757 -0.0755315802625805 -0.284558685689496 -0.231931323597206
-0.109741030671049 -0.0319480175980684 -0.402920335141543 -0.0154169961858438
-0.072163019142893 0.0787547762625637 -0.333643045780784 0.171858858345203
0.00728532830052545 0.106892194656231 -0.206993502692719 0.194254638722068
0.0601223662880928 0.138180668816914 -0.124937707464798 0.147454327009064
0.070243125457122 0.162053309290799 -0.0569235435848931 0.0930946764336413
0.0309028100068735 0.165198539747954 0.0404631884141305 0.00655681638347185
-0.0621590179216298 0.141874390213499 0.190993864062805 0.0290525183812191
-0.132144122603539 0.0632585943203572 0.249845816351808 0.24755485311104
-0.106427881524862 -0.0791124282071103 -0.0267108667337602 0.525512007307403
0.0390924217176867 -0.0642272168930974 -0.401748227606777 0.447844984155098
0.0444261994372609 0.0609152581630194 -0.573575990361883 0.0682528185479771
-0.0398485772282208 0.134377201412054 -0.246555576173288 -0.139546057284443
0.0472719028252606 0.109276835101503 0.233735852993945 -0.0956774273301027
0.104892657470957 0.0156391141829247 0.132163952075763 -0.342608117185355
0.0396806387124159 -0.0821109353280501 -0.226656496774973 -0.353162091044723
-0.0967798789809844 -0.054770127657352 -0.439820683279172 -0.145453638351155
-0.0800723630932993 0.0615510283292775 -0.42043869014905 0.120832018116933
0.00415550423965875 0.0914741491290841 -0.260095474171366 0.210853147675313
0.066483884058978 0.113494885367491 -0.119814953689047 0.186358634968916
0.0969274544034075 0.135894898944366 -0.0179659114806551 0.140421697253602
0.0826053198117072 0.141922702537278 0.0783786235565618 0.0687257761826226
0.00828315883466708 0.15247609709823 0.208440222971213 0.0671891322118188
-0.0889712081252151 0.118984927019135 0.275287935976608 0.232073379872609
-0.133823305932166 -0.0152046459064651 0.0727810088994881 0.496230449608863
-0.00809847418835756 -0.0783455009285652 -0.265085972166114 0.469493812100377
0.0691486519021153 0.016159924846268 -0.498316604253246 0.122553525220569
0.0228939906543285 0.114667007274993 -0.213493252240702 -0.158634662650491
0.0531378277389035 0.0570823828266685 0.283551527260806 -0.0922493415868426
0.0815831308001614 -0.000881776624643281 0.271538050866005 -0.340102510422657
0.0366111767109659 -0.0692855638420746 -0.0838129438738548 -0.500558933744468
-0.0734209685760032 -0.0421813420433408 -0.424301385246503 -0.342338563946858
-0.0593948671352846 0.0559192146282716 -0.506002236793555 0.012588035847831
0.019479054539448 0.0719233154300285 -0.329107064343241 0.2023194821642
0.0725908615220433 0.0761715207612598 -0.120212590079089 0.212430468276339
0.10760990046281 0.0886263079240699 0.0230072787792308 0.168074369132505
0.106390789997558 0.0918674195662534 0.128761072864722 0.104394635145045
0.0580379312475343 0.116973790797365 0.249757849003177 0.0846866099449391
-0.0299042096068652 0.121352279578707 0.32490518118779 0.20135598758539
-0.112707318902099 0.0246205693324357 0.184312382571608 0.441966471432205
-0.0340260078679395 -0.0739812608193661 -0.118793859414068 0.458159384321704
0.0757808994490059 -0.0281999822167727 -0.410061509553798 0.166648726338599
0.0743221922288096 0.0642806641616753 -0.199974719769178 -0.169071582836837
-0.0707581994757766 -0.00204299732676463 0.185445018421129 0.190944924721352
-0.0838347119156813 0.0384183770122279 0.343729927563793 -0.142621827163734
0.00053189263319829 0.0577889671907739 0.0288440757907018 -0.434610506461357
0.0422586311304383 -0.0149846557112633 -0.283588614774802 -0.362617167753255
-0.0147348792133928 -0.0607166694303398 -0.383267850268364 -0.14236811080014
-0.0771050343407727 -0.0537914718269307 -0.285966081220915 -0.0356935158747183
-0.108507630437225 -0.02192232551462 -0.165971915931434 -0.0768125089282762
-0.113380878706652 -0.0196950425890169 -0.0500320639453696 -0.126845756616267
-0.102755028770241 -0.0335407883164584 0.115925784840009 -0.196428687388455
-0.0518539439695658 -0.0715166768695603 0.340400180488203 -0.137642436599302
0.0277653774421415 -0.0512967349774564 0.497243133244704 0.0976414930376699
0.0341548050491673 0.0243444641439233 0.33530535172349 0.492436395536854
-0.0494684339525178 0.0539492392158733 -0.078633885641565 0.593405873741557
-0.0860087065937195 -0.0106292053964107 -0.400806173708394 0.357255571189611
-0.0635659959175947 -0.0281920833299269 -0.357765066155856 0.102366202466963
-0.0640582507840782 0.0645409128150305 0.196043567058152 0.156402494057857
-0.0513696970704718 0.0534545822701145 0.249968694512198 -0.180946359052919
-0.00905050941909256 0.0486118156380067 -0.0940497769328472 -0.344539742070636
0.000820569477212617 0.014482488956612 -0.330585798120884 -0.225335764419582
-0.0196307128513082 0.0048926286339385 -0.371684118583903 -0.0453700984520521
-0.0478750229880153 0.0149474813025177 -0.281068717857996 0.00886660194948815
-0.0671786650556698 0.0436192853153096 -0.187569297412278 -0.0513437871938878
-0.0890133283005772 0.0430720291723569 -0.0811530828671056 -0.112555949507086
-0.110734024040194 0.0196757832919677 0.0994264325971496 -0.193096166692144
-0.0952329407338484 -0.0513468717275586 0.347635936523137 -0.103098603387198
-0.02077602964462 -0.0786654046969153 0.481935879706895 0.206417599016283
0.0343574708023786 -0.0488232262113634 0.192204287659767 0.619986320818084
0.0130558915446608 0.0276820398953732 -0.298230666120043 0.620275065123077
-0.0533595268631911 0.0281244174939176 -0.568198073027899 0.259676211056332
-0.0866809638453078 0.0256725793603667 -0.390185547172561 0.0374795446383006
-0.0340836247719335 0.116768244179366 0.197818901144139 0.101511932889195
-0.00681681662202114 0.0468481265033031 0.156887801572731 -0.212909133713941
-0.0196524061008464 0.025620844383183 -0.184064359841499 -0.246863608297052
-0.0368538682716767 0.0355507930936645 -0.33788978761841 -0.0932396734532504
-0.0154948849189333 0.0585220692791422 -0.326738541065575 0.05006694017032
-0.00976252893733368 0.0676146410342433 -0.247036220738213 0.0625928526707018
-0.0171141806972681 0.096262820484905 -0.183934738931681 -0.00583418644719436
-0.0521997007214382 0.0998933042453427 -0.0983193057938026 -0.0765880220893806
-0.104515622782235 0.0746800166563136 0.0713503084977844 -0.170386151121873
-0.129598323583286 -0.0177016784156251 0.316007053909821 -0.0726642263253937
-0.0672885476922674 -0.0938057872268044 0.414028121307947 0.264279028834904
0.0385271200957445 -0.108395708499699 0.0476089801719542 0.648388358529495
0.0705145483514864 0.0142971150498738 -0.453813040461397 0.563190037229326
-0.0306472552505889 0.0683771454344818 -0.657506778211116 0.144833558253227
-0.107801925213394 0.0692917275408825 -0.386988758608473 -0.0252602396634297
0.00109619700685475 0.147901693175174 0.194279711746678 0.0402901912102336
0.0391853329083427 0.0321202873752799 0.0824891033513776 -0.242040578329409
-0.0199431981189647 -0.0103374202605653 -0.243120084920053 -0.181911604567375
-0.0718547605609327 0.031346781655412 -0.340091642769178 -0.00221274881654188
-0.0235814068969816 0.0865868925957253 -0.288520733284669 0.123194571163594
0.012656687337501 0.0985297279422773 -0.2092075076655 0.112203819912564
0.0226066758027043 0.129894309239862 -0.164385385739883 0.0449921023707417
-0.0109696996627119 0.141594831420564 -0.0996060861951138 -0.026566371409813
-0.0783481870936404 0.122556760135467 0.0441598383304505 -0.127355416939425
-0.140786230820863 0.0302765542902661 0.262642724444564 -0.0430980267079742
-0.107589325905858 -0.0755893923049757 0.330357502170945 0.279302921165613
0.0179759476388548 -0.136338415092624 -0.0545122089247359 0.612172616818109
0.0964546702259182 -2.04664824586323E-05 -0.523880131196004 0.479968957755428
-0.0130771583218471 0.0924065437511489 -0.672081353106151 0.0537147948741783
-0.113985913159273 0.101752484492454 -0.350746234840717 -0.0803713594044451
0.0280705160595687 0.157675900773056 0.191241141076166 -0.0206765599813428
0.0799976291270439 0.0202061531160041 0.0437689337695605 -0.274718300689623
-0.00635618887289253 -0.048126975925325 -0.280450752281351 -0.171638932731136
-0.099695047321903 0.0049032411820818 -0.360384065328711 0.030481564950772
-0.0469816031606281 0.091168054431024 -0.28514940215118 0.167237553320922
0.0156275015884474 0.110352174602 -0.188653083324728 0.158827726166257
0.0482941315346825 0.143586450685005 -0.140530784019291 0.0994542576943324
0.0325304186728652 0.163814215297913 -0.0849223697341848 0.0340964314084975
-0.02887806359021 0.156482512284875 0.0291555875686465 -0.0651697619373547
-0.117624732327381 0.0921425817639207 0.212091465764773 -0.0125949642595428
-0.135786230053931 -0.0172729473862132 0.27037473380647 0.261258270013628
-0.0413634560106526 -0.126233333093521 -0.0721955711213742 0.560460744146969
0.0817065802369582 -0.0314898115710871 -0.491679312446149 0.443626155174681
0.0130462096684052 0.0893682783300135 -0.634748826740715 0.0414825573837036
-0.0902302119554421 0.1262931725198 -0.29760169325543 -0.112199830114389
0.0456721338752966 0.142129575206727 0.201347250416335 -0.0720811854720607
0.104678191727274 0.0151625055323312 0.0497277679761715 -0.312496454703539
0.0169275442603806 -0.0756201947908279 -0.28665051869277 -0.226721093988572
-0.109802150126207 -0.0297964380891704 -0.401645153722151 -0.00808871102624783
-0.0710030395661531 0.0795294649821534 -0.329710046019338 0.178602224863351
0.0087739927062774 0.106140842176984 -0.203257161256662 0.198005546719528
0.0621771411792939 0.135802365550001 -0.122713553868619 0.149066292409209
0.0724311446975733 0.159798076640434 -0.0550039949864297 0.0931839060712128
0.0332622595381331 0.163638481812912 0.0408045508572204 0.00540859950112773
-0.059575041422926 0.141514723907115 0.190008473715333 0.024345563110437
-0.131281491507989 0.063186956301912 0.253026962350277 0.242018964144681
-0.10663544437347 -0.0770858881539269 -0.017383548552445 0.524716934413967
0.0379842666582889 -0.0644391201670885 -0.392579306090532 0.453991558657433
0.0455143843634549 0.0599764313931276 -0.570464857673471 0.0785434731876076
-0.0379556963540559 0.133799701737428 -0.249386250815433 -0.134710316019367
0.0490974633040396 0.108046814036098 0.231311902766206 -0.0986777364367878
0.10520731248951 0.0141132484001306 0.126469111513209 -0.343276094305492
0.0387346075067293 -0.0821263510453713 -0.231855009572809 -0.34799872082587
-0.0973487646330614 -0.0531894989140941 -0.439991095700857 -0.137489242828225
-0.078872407581482 0.0624158984119454 -0.416918798107079 0.128644260928083
0.00527879490559355 0.0912438045266089 -0.256213190764004 0.215263285739477
0.0678078937865072 0.111637468544123 -0.116511486647646 0.188181650200664
0.0992866029593785 0.132969312556542 -0.0158727246468776 0.139456708830135
0.0845533455103271 0.139806238101457 0.0795338533729417 0.0660476530331835
0.0105779797829369 0.150831269627129 0.208454134805377 0.0624195907861805
-0.0858354785516797 0.119634758545476 0.278488352668181 0.225266725820143
-0.1334544529597 -0.0125988954018965 0.0818200837332458 0.49206251721704
-0.00958722155283103 -0.0778104247177465 -0.256032736785849 0.471477772014999
0.0692310359923463 0.014882555254237 -0.493597806214984 0.131585603737598
0.0243186940829711 0.113252641224438 -0.215798497002416 -0.154654677647925
0.053804147636201 0.0554163597726142 0.281293995478066 -0.0960082190270933
0.0816034792240899 -0.00241993114559158 0.264191578041989 -0.343731277999162
0.0352292867532861 -0.0697921904446739 -0.0919249803606527 -0.497504590723977
-0.0737032814889997 -0.0410653609488719 -0.429318592733819 -0.332859898751322
-0.0585041551889445 0.0567476017975847 -0.504777917405934 0.0218724016548143
0.0203320689503552 0.0710885406786013 -0.324810753428962 0.207285171625692
0.0738128918242981 0.0744973585816803 -0.116782234920752 0.213695812420355
0.109337695984728 0.0857539490003265 0.0257495038606084 0.166366708565826
0.107466312059142 0.0896253239001381 0.12982852263666 0.100826440123169
0.0596347176494748 0.115123682181159 0.25009120234774 0.0787819042756856
-0.0271865433803822 0.121259836150069 0.327332941226922 0.193677118058637
-0.111721771906723 0.0267002379214037 0.192947291143678 0.437283386048739
-0.0354844099578649 -0.0728823663213644 -0.110304790675041 0.458026227818294
0.0750185690090155 -0.0293899904930815 -0.405712111280499 0.174073400282799
0.0747401978429934 0.062141376431385 -0.202559303388909 -0.164618021097865
-0.0704854398485554 -0.000616576597818361 0.189151036605241 0.187386152629215
-0.0827602899060576 0.039796899144505 0.340985200694451 -0.14780427738274
0.00197105623603037 0.0578440628663931 0.0212341109825791 -0.434445077919775
0.0416686444331372 -0.016324666815392 -0.289455568516812 -0.356843664522995
-0.0162459605315679 -0.0608133412857408 -0.386332612306371 -0.135298345199296
-0.0780128344514435 -0.052183983720671 -0.286139562743229 -0.0299040798033308
-0.108747625659936 -0.0202664652457682 -0.167260502466933 -0.0729039048585658
-0.11340943086378 -0.0175865586287796 -0.0514160849764155 -0.125309322210549
-0.103197762854445 -0.0311374315233677 0.112742711923045 -0.198427005699488
-0.0530558985708076 -0.070150253967374 0.337506459223074 -0.142759939900161
0.0261663328323965 -0.0518189282275929 0.498139053968744 0.0889391314696918
0.0347123698040372 0.0236826786612819 0.343641118423599 0.485616818994957
-0.0481213920013917 0.0550527225402136 -0.0663106954485873 0.592029088814721
-0.0855134129739308 -0.00895055039110185 -0.39396845891998 0.364001175267502
-0.0638601595803887 -0.0267834563535817 -0.355031583829507 0.10845243838952
-0.0627983528573547 0.0657846927989083 0.198528583653226 0.153136241281836
-0.0499293080429265 0.0550179170854507 0.246749933146285 -0.185165147287599
-0.00806038149007628 0.048925936225718 -0.100054977350663 -0.342111662536063
0.000925677042881655 0.0144367322292358 -0.333727913949047 -0.218528711054536
-0.019737369913476 0.00556044891541997 -0.371480125850288 -0.0371786895095056
-0.0480495014005095 0.0155098712821222 -0.279953028856502 0.0145106813433202
-0.0668166672623412 0.0449147888683936 -0.187834007096365 -0.0470332271889181
-0.0882172437181215 0.0444293867886454 -0.0819775392001041 -0.110634585932341
-0.110586808869316 0.0215916973225814 0.0960113148097187 -0.194218128203605
-0.0964945052372506 -0.0490979417039026 0.346380171360351 -0.108947754518475
-0.0215026877499611 -0.0785954067627631 0.483599711853811 0.198618662339303
0.0339764622426103 -0.049997044724138 0.201556229868518 0.616449659741386
0.0140600889754145 0.0276946598460311 -0.288189556526991 0.622613574475969
-0.052640873261447 0.0298693436573369 -0.563210810576306 0.26754228913348
-0.0865545919573045 0.0272540211459619 -0.389575410814884 0.0438661828332544
-0.0318693574894359 0.11676082592938 0.199682859112113 0.0982849968543012
-0.00584966429262816 0.0471067409345059 0.152871908951324 -0.214021931732655
-0.0188593482745992 0.0257174100020548 -0.187703931721757 -0.243306093844851
-0.0360745916111138 0.0361490400894892 -0.338825698280295 -0.0858261086372595
-0.0148641301824325 0.0580201653513343 -0.325491296171627 0.0563612904697751
-0.00941109748781363 0.067349441257596 -0.245233371243746 0.0674274226777338
-0.0154691081179232 0.0962920844013667 -0.183506571812009 -0.00193154914545981
-0.0510883136710053 0.10027642165827 -0.0997116773764496 -0.0748631530180417
-0.103217235411001 0.0764508204857771 0.0683173810809352 -0.170931695748636
-0.130074411915775 -0.0167644486630766 0.314063249154054 -0.0781076348870381
-0.0683482383376367 -0.0929736819409773 0.416855341246461 0.256928695848686
0.036897518207063 -0.109240556588153 0.0594254474649099 0.647374235030003
0.0708122161043509 0.0137333873318191 -0.443606920484412 0.570504218262592
-0.0297255915267147 0.0693893110867589 -0.653250370360048 0.155771730218395
-0.106624543301784 0.0703735815329688 -0.387389513059026 -0.0194417557713137
0.0030416791512511 0.14757204158436 0.194970130283824 0.0369397323944153
0.0400794391567733 0.0308903008904403 0.0781424904692232 -0.242854972801268
-0.0197236937544271 -0.00997587271877964 -0.246216815449736 -0.176891256312225
-0.0713742875235708 0.0329272024352911 -0.339891915109663 0.00425515715891178
-0.0223752930140718 0.0866461582324892 -0.285570209873259 0.128195649280597
0.0134457598485514 0.0982615219197879 -0.206768069614893 0.116382175610321
0.0246570157340558 0.129232301932425 -0.163787982879401 0.0483526838918295
-0.00876981835475011 0.1416836851348 -0.0996043637263271 -0.0248546539754917
-0.0768356279342905 0.123836566702686 0.0417775212852964 -0.127677632459997
-0.140626447892266 0.0320968202860535 0.26154886146839 -0.048845134863694
-0.107514406690243 -0.0755914264602788 0.334014888298255 0.273581755579891
0.0161886696046223 -0.136440209926875 -0.0435416490921314 0.612134845016475
0.096418664606975 -0.00127146362836281 -0.514029669662057 0.48827256005032
-0.0118904316696383 0.0928063464494004 -0.671019506380195 0.0664091104634265
-0.112339223732682 0.103469642351227 -0.352219557427252 -0.0741151062600467
0.0306778797264723 0.156261582549711 0.190519472294361 -0.0235485513667443
0.079976553458479 0.0188241080108084 0.0387983006586672 -0.274982243732754
-0.00690636554399566 -0.0480084554851939 -0.282525504827007 -0.166311168348303
-0.0994141400464099 0.00609845108730012 -0.35892098905139 0.0371956052246768
-0.0457023097873322 0.0915665687451825 -0.282208123415058 0.17345886750814
0.0171895556661737 0.109619654035368 -0.186329012071594 0.162638805365633
0.0505890789399505 0.141666887899059 -0.139136626372266 0.101650077605732
0.03505622058429 0.161919771959819 -0.0840214938742305 0.0355738680275068
-0.0265104511557839 0.156775788061677 0.0280919546137569 -0.0655630029075537
-0.1163614504679 0.0932758933687151 0.211143511171058 -0.0164177876725545
-0.134865896128421 -0.0159095441623593 0.273576948393226 0.255783753002254
-0.0424125646341792 -0.125244897320549 -0.0607047674037255 0.559930878979084
0.0815065689416063 -0.0320901218763736 -0.483257420593543 0.450121965435216
0.0149485841043593 0.0894623785877089 -0.631801137412982 0.050865413869072
-0.0885023324510732 0.126828905364362 -0.299707516457033 -0.107040776338355
0.0476166262323683 0.141087439306586 0.199353043630188 -0.075430236635503
0.104926509957673 0.0134675605925527 0.0444863152553011 -0.312511689394689
0.0158820277415883 -0.0760712109148075 -0.290033706583619 -0.219882051261527
-0.110103186805562 -0.0278131746565288 -0.401809748212594 -0.000189002730797577
-0.070096858779238 0.0801664755274294 -0.32905164698804 0.180798254275823
0.00993466670901375 0.1055231849321 -0.199889902306058 0.201849440526574
0.0644400248726947 0.134690365730515 -0.12052883207212 0.151284512689426
0.0754481818726793 0.15794299614819 -0.0534682587554657 0.0937827990498596
0.0355209093221073 0.1629688405483 0.0404517220378459 0.00421325399005604
-0.0569866206253067 0.141769054448143 0.189745598493423 0.0208949551252161
-0.128525928076907 0.0649248222730621 0.256968844439743 0.235647448453508
-0.107158602731899 -0.0748154656336133 -0.00726200116059763 0.524321575869736
0.0364349943386697 -0.0643612431737958 -0.383698651612253 0.458532354567555
0.0464959646094991 0.0586926988086613 -0.569044172138033 0.0891161058225249
-0.0357480370567455 0.133438275513344 -0.251275130518003 -0.130328148038
0.0508072590576081 0.106170248872849 0.229181631365166 -0.102397520138587
0.10526371430715 0.0121270574188898 0.119990048003716 -0.34440853804127
0.0375656245666719 -0.0830247611942208 -0.237483022796021 -0.342705318584481
-0.0979621693818281 -0.0514307681621386 -0.442288557651816 -0.128922807136183
-0.0778332597549568 0.0635379756251135 -0.414324898917035 0.136668403161424
0.00598556734359513 0.0907090982120446 -0.252440392241086 0.22026489076111
0.0699453994348663 0.109756742712953 -0.113753494467077 0.189855738282868
0.101529749488778 0.130125705563261 -0.0131627478463396 0.139464712107286
0.0860392678358777 0.137810360844889 0.0797111545088822 0.0639452195260465
0.0125940007133889 0.150282346577618 0.208516990696902 0.0581119980009652
-0.0831329353673315 0.119998823285521 0.281981313453533 0.219277957934459
-0.133329435964802 -0.00981887665372331 0.0909947858698287 0.488953414321924
-0.0109881771273099 -0.0772662866696011 -0.247216403789198 0.475184489460118
0.0689992468676077 0.0135000578338785 -0.491039707822281 0.140767816377323
0.0258141776239407 0.111663139928661 -0.218795629657429 -0.150258432265117
0.0546652955179006 0.0545748477454919 0.279625203988577 -0.100787791276589
0.0816387679923667 -0.00360494687154315 0.257752353274643 -0.346621478119395
0.0342298028199247 -0.0702938998334841 -0.100095144082944 -0.494307432154663
-0.0738437711019428 -0.0397492204543707 -0.433380806872131 -0.324411180193633
-0.0576545117180963 0.0575057881638489 -0.504487322967977 0.0303479365341791
0.0210585005780512 0.0707840578730282 -0.321840604607706 0.213766468435507
0.0751079334736213 0.0728882162760629 -0.113504840831714 0.21526090158359
0.11110578318276 0.0831902261400413 0.0284808893007309 0.165041335723389
0.108693386996332 0.0877464117286886 0.130889168139088 0.0977377222899974
0.0612072424517115 0.113681959866644 0.250067159491797 0.0735075674379718
-0.0269334317716611 0.121033911843521 0.330515604512929 0.186292020087304
-0.110682344446527 0.0289155668550102 0.200529102087863 0.432094946464284
-0.0367272912010181 -0.0716496347262696 -0.101826272557764 0.460235688639882
0.0745559329874428 -0.0308466436326583 -0.401886032354873 0.180971863427242
0.0756511065381612 0.0596569418337877 -0.206088092711216 -0.161059307245928
-0.0700630423330418 0.000766124745916248 0.19206930865992 0.183781409226921
-0.0819129986343955 0.0413858716472784 0.338399192368946 -0.154240987619674
0.00326770713565829 0.0574811759517194 0.0138582587071519 -0.433912284070245
0.0415658593669707 -0.0170555213816248 -0.29592639115488 -0.35050932690725
-0.0168954961521288 -0.0606515984794945 -0.387828749968304 -0.127085257334024
-0.0795072539105746 -0.0507364848782878 -0.285915059075495 -0.0234628179352429
-0.109170234681479 -0.0178214271543473 -0.167857313082496 -0.0688463274939843
-0.113387950662709 -0.0152224374245443 -0.0534300661627855 -0.1236040726306
-0.103561948581153 -0.0288550964445606 0.109371461872871 -0.199705046419574
-0.0547734176492871 -0.0689126313835429 0.335526938038023 -0.148946919319714
0.0255351816338732 -0.0529453252884346 0.498241290722937 0.0801863465180205
0.035326736439988 0.0229280714342751 0.352523143225377 0.479808925344527
-0.046892347383031 0.0559131513393947 -0.0580125234228032 0.593916240809575
-0.085858748997977 -0.00707929214232793 -0.388266583056192 0.370050025712761
-0.0642924645838577 -0.0258112413743455 -0.353722073021082 0.113355586101477
-0.0615880273819418 0.0667549190298949 0.201300356459577 0.149360475869672
-0.0486586419101196 0.0562829994555644 0.243700270793077 -0.188766579286986
-0.00724391566893656 0.0493891553427707 -0.105628189733519 -0.339949425946171
0.00150983397315323 0.0137475400203629 -0.336906350114681 -0.211461988592854
-0.0196414905455783 0.00524471895489557 -0.372096130791451 -0.0288310407220584
-0.0480435761135087 0.0169353967240084 -0.279245466626205 0.0203661845740799
-0.0658025844119701 0.0458106532615363 -0.188179397970937 -0.0433885947897897
-0.0876239679085282 0.0461723798252229 -0.0840121065341962 -0.108566400288501
-0.110596342974159 0.0239967305735433 0.0926540772975978 -0.195382795204099
-0.0976070519964903 -0.0472142910361412 0.344449502844951 -0.113897826363749
-0.0247398858584303 -0.0782044773554976 0.48769331564999 0.190081965002476
0.0330976474702604 -0.0504393489317106 0.212618951129086 0.613073896429889
0.0145289726493705 0.0279970374163114 -0.275401778977289 0.627807123195988
-0.0520590181413422 0.0307200843926538 -0.558819394287647 0.278325097393684
-0.0859737664732899 0.0283951489772461 -0.389314761006483 0.0493216995582999
-0.0300826386612287 0.117292952624901 0.201167463023128 0.0951588487146749
-0.00473458687634612 0.0471518495542352 0.14892418809278 -0.216901301661091
-0.0182358092482527 0.0258717180558551 -0.191692052133485 -0.239026994169007
-0.0353480839002385 0.0366527526908085 -0.340649711135951 -0.0792192538787186
-0.0139479149534317 0.0580121834450253 -0.324205389931089 0.0632631640065872
-0.00862204372730235 0.0674267425685747 -0.243889554416523 0.0730209394879508
-0.0140537358300178 0.0959805856739159 -0.183681247719581 0.00198354540814949
-0.0491638501952608 0.101146720788975 -0.0999765598662125 -0.072718731354382
-0.102314612889638 0.0783651968843957 0.065458115041442 -0.171772666834553
-0.130889733199988 -0.0145665164802887 0.312363419072948 -0.0835553474166018
-0.0694034645141503 -0.0930828792969125 0.42090598364006 0.249328029816425
0.0360936735217002 -0.110175020268252 0.0691163303722825 0.643885927539273
0.0714288855467235 0.0130361410662751 -0.435169583716266 0.576676622372608
-0.0283048337586506 0.0698836404002703 -0.651076739290096 0.16759288571008
-0.105399499662694 0.072190398400173 -0.388216986504891 -0.0122654343005595
0.00591692886850476 0.146853928366632 0.195744808091252 0.0340124681713223
0.0407500232056385 0.0304661899206638 0.0738609284584753 -0.244103887566518
-0.0198196668554883 -0.00964314310875206 -0.249052440572368 -0.171842869688695
-0.0704958436398287 0.0337966414971993 -0.3392879334275 0.010851246866747
-0.0212321735387696 0.0865831842450014 -0.284231803623558 0.131302371370979
0.0150727361943127 0.097344250058581 -0.20462810358034 0.120723029744069
0.0271069545039839 0.128393398902676 -0.162337526838241 0.0520615114886152
-0.0068941379940369 0.141317425023405 -0.0995663332810162 -0.0230583776258878
-0.0746898757311071 0.124797996961516 0.0396741832468176 -0.12820795925351
-0.140277885014802 0.0340243372173865 0.260126417639856 -0.0532659339908662
-0.107858094035943 -0.0744922405194152 0.338551033370135 0.267140693341146
0.014855311541514 -0.136704221603534 -0.0332201155817987 0.611883852612192
0.0965337068683153 -0.00236720844534757 -0.506933878715922 0.496146907891752
-0.0100604285175902 0.0935789897463958 -0.67048998643565 0.079114632690837
-0.110780229334259 0.104739397006876 -0.353800526202234 -0.0678906005957969
0.0335110466177574 0.155282559018258 0.19009367851367 -0.0270739782777622
0.0805125443993517 0.017526179209634 0.0332437168512337 -0.275431705981598
-0.00762484068074897 -0.0482619741288651 -0.285423275228905 -0.161208060066336
-0.0991419116689757 0.00783125559988648 -0.357995167125812 0.0440244361159621
-0.0447119702639497 0.0919074527235649 -0.278435028915173 0.178513050503125
0.0179094026647301 0.109216964662245 -0.182899145875672 0.166545509476093
0.0532320839986124 0.140941228774764 -0.137454391080736 0.104417031729551
0.0382598955489922 0.160796985502827 -0.0831036949766841 0.0366704858897543
-0.0244120656465335 0.157134667946576 0.0269475230248519 -0.065886792940868
-0.114874924875626 0.0948737135824808 0.210276814593283 -0.0206116941758928
-0.134165636281255 -0.0139827784981064 0.27826031854251 0.25064315789282
-0.044205979052085 -0.124169779627994 -0.0520136075521276 0.561425100711473
0.0809515776245181 -0.0329295085321362 -0.474774816884954 0.459470731259711
0.0164469225391987 0.0893561654241563 -0.631624565672121 0.0626064122377918
-0.0867620872162909 0.127577522400486 -0.30269969238243 -0.102307092665999
0.0500861811119698 0.139562281239619 0.198270419054564 -0.0776641734832426
0.105172331299249 0.0121377617300049 0.0381264004369117 -0.313523874519782
0.015110579857027 -0.0766139839113437 -0.293427278658192 -0.214771410946686
-0.110477378447199 -0.0260554955707144 -0.401183999736006 0.00763001563391529
-0.068856095090444 0.0810057495858952 -0.32479173292997 0.187887927025492
0.0108637882255752 0.105322706300061 -0.19653730730418 0.205697310201884
0.0668152477735822 0.133238024612096 -0.117914803383969 0.153435807849899
0.0787480710517924 0.155815759891866 -0.0516109834918864 0.0940451170847141
0.0377418499282285 0.162057384816408 0.0402885684577466 0.00289485504677967
-0.0552439351325468 0.142276188171112 0.18976733929524 0.0172479682926505
-0.127485801666953 0.0657637602141875 0.260574344623678 0.230717535992193
-0.107875234901434 -0.0726753069784107 0.0032822186966314 0.523779866994994
0.0357355899080908 -0.0641994343254343 -0.374299662326896 0.46725666376052
0.0476234607917668 0.0582291808219888 -0.568644152433836 0.0990398848937673
-0.0335798949990572 0.133205027994169 -0.254197748191162 -0.126105210237615
0.052428406032727 0.105070429146109 0.227647325548901 -0.105946438066908
0.105823759239606 0.0103005433766412 0.114167124558636 -0.346309815721552
0.0362490494018812 -0.0839106663201227 -0.242718935035806 -0.338654931250736
-0.0992082729626697 -0.049502913286182 -0.443386117480224 -0.121711356916326
-0.0774239494429367 0.0643842269942093 -0.411743800612544 0.144235331273258
0.00696646493905278 0.0901699325208459 -0.248596350581141 0.225047600017056
0.0718058087420217 0.108367975653897 -0.11076203155586 0.192093214689996
0.104208822819959 0.127930138234598 -0.0110326928156738 0.139002748119527
0.0885481362252189 0.136199219435988 0.0808410371027022 0.0617987470336406
0.0152033278005952 0.149025198453589 0.208787099062602 0.053761816569424
-0.0803233144333521 0.120998505693607 0.285309632418462 0.213328225885461
-0.132703620565637 -0.0077484576398703 0.101278270337409 0.487220334771744
-0.0119934256047756 -0.0765541981342606 -0.238435901014471 0.478158093796003
0.0689386653554912 0.0123826280211268 -0.488874852606522 0.150153078624617
0.0279472261979935 0.110535380285648 -0.222137074933881 -0.146710299146962
0.0554733627542021 0.0530683986477081 0.277396897045664 -0.104606077945911
0.0818203645663175 -0.00546273922160467 0.253438225454055 -0.350325984594596
0.0332969439652041 -0.0710963777626436 -0.109200997180795 -0.492981139418982
-0.074537936950183 -0.0382426138531435 -0.43897322038806 -0.315893207315137
-0.0566614925452103 0.0585626026376094 -0.502275930464046 0.0406571993197544
0.0223181780347368 0.0699337318271932 -0.317948017960748 0.220473008206332
0.0767039824818588 0.0709768177386463 -0.110191234465267 0.217089936742794
0.112814847174164 0.0805659619695326 0.0314338187388497 0.163787645947732
0.109853255211382 0.0858190348678161 0.132101574644543 0.0948905415763956
0.0631789786662117 0.112820168468734 0.251074217257907 0.0680172097151154
-0.0231853033181386 0.12124945722373 0.332731917520616 0.179307176792876
-0.11011142918309 0.0311918544868407 0.208483589067702 0.42831514809027
-0.0378648863662199 -0.0710853383039289 -0.0935780409336791 0.460960758027121
0.0739956115696629 -0.0324228939635765 -0.399404142780258 0.18886321110443
0.0764714920093748 0.0579807328796499 -0.209028715653374 -0.156785278222842
-0.0700899489946184 0.00238988921713569 0.196941987123953 0.180217921667103
-0.0813629131228092 0.0429605426493903 0.336467370599903 -0.15981408197134
0.00411237313823055 0.0574885567365764 0.00556414334323358 -0.434400832842935
0.0414355723716957 -0.018075052497019 -0.30294909052453 -0.344835399186449
-0.0182413232073142 -0.0607090805296568 -0.390003375139812 -0.118946716244817
-0.0803836146923723 -0.049013988416876 -0.286726178366679 -0.0166239115871111
-0.109666056677001 -0.01581518631909 -0.169146311490134 -0.0652738784330438
-0.114297539161056 -0.0131474411100654 -0.0554020778497529 -0.122409208899126
-0.104713066892031 -0.0263475172143273 0.106377608519993 -0.201344015957671
-0.0565769458345985 -0.0681099623499937 0.334038497607135 -0.154742416181966
0.0244755438751548 -0.0535921545919196 0.502024364339402 0.0721430338694044
0.0356873644423648 0.0220745139557865 0.361894336526814 0.473893773197935
-0.0457497878882259 0.0567293017732527 -0.0464694343052104 0.593580895969092
-0.0861210797695834 -0.0055726991800375 -0.382661122443714 0.37734403326395
-0.0651043373824458 -0.0241350698571995 -0.351381854609076 0.119548952272394
-0.0600754878649978 0.0681450963139407 0.204120969444176 0.145778800086411
-0.0474624271386783 0.0565297715897988 0.240331771562233 -0.193488220290318
-0.0064488294718072 0.0494015127071943 -0.111746047186151 -0.337946222081414
0.00195224343621026 0.0137203152592268 -0.341723721683265 -0.205183993710615
-0.0199338034499414 0.00486857405675218 -0.373071569963316 -0.0205185350198228
-0.0479345939795705 0.0177262777367838 -0.278923068107154 0.0272757231258039
-0.065119491802933 0.0473919709484262 -0.188931149923341 -0.0384334236998881
-0.0870198771130228 0.0480744842471416 -0.0860675576439634 -0.106772319090238
-0.109643009536574 0.0264953889247058 0.0893570655247655 -0.19659361933667
-0.0989247966828201 -0.0458129393029055 0.343009667690673 -0.120609696761441
-0.0264266597178779 -0.0784704564316578 0.491748339342918 0.182467337666962
0.0329013342314795 -0.0515395512214535 0.22417252844351 0.608997346291463
0.0153800074936395 0.0280723156278253 -0.263845481958865 0.633143321647116
-0.0519106524045488 0.0316679563410716 -0.554761822347595 0.289318108906482
-0.0860239910965546 0.0299153231819882 -0.389542777641764 0.0562300948585893
-0.028026431850062 0.117939632990491 0.203217807455443 0.0914097138195449
-0.00410711228922447 0.0477610420068248 0.145044690374296 -0.219770933906739
-0.0172067982534026 0.0263792819265096 -0.196093091831849 -0.235291490453083
-0.0348892831122084 0.0368639130001363 -0.342470942763767 -0.0726118306856699
-0.0131646501014322 0.0577413509462928 -0.323033645587374 0.0702338410789849
-0.0076533535935936 0.0677714516012838 -0.242535824538366 0.0780532346902774
-0.0123726759874037 0.0961016089913744 -0.184084902327006 0.00581109714594347
-0.0477481827017907 0.101953726536492 -0.101333516431635 -0.070751505617648
-0.100955568676188 0.0807583553735579 0.062036515973496 -0.173284084558175
-0.13182070676177 -0.0122168439888197 0.311197076678915 -0.0885981766382911
-0.070948748660789 -0.0924885600162743 0.425321879852638 0.241638192006925
0.0346143166162807 -0.111388211645101 0.0822092279345251 0.644620645842791
0.0727145485276473 0.0123270963494875 -0.425467642203728 0.585287704414535
-0.0267782668617098 0.0708799272079691 -0.649594677543431 0.179029052177673
-0.104845344591856 0.0740238833404089 -0.389037616862842 -0.00563162610771858
0.00830735326427492 0.1468662260167 0.196729266290299 0.0307477194331514
0.0415452523892546 0.0299538128418211 0.0696802531313297 -0.245107665758071
-0.0193526826679319 -0.00915177839985571 -0.252544019227989 -0.166786622041572
-0.0700890100778002 0.0352234467556412 -0.339350082663265 0.0178003978849872
-0.0201753333550353 0.0865143603408928 -0.281079399469378 0.139275615237266
0.0161546601372512 0.0968907858830868 -0.202435544476929 0.125631724737471
0.0292860992893829 0.127973314019573 -0.162418238042592 0.0556018683564886
-0.00450168793451458 0.141040135433159 -0.0999858409916118 -0.0215175588111109
-0.0729076178575353 0.126615375074165 0.037613982867396 -0.128835325747665
-0.140120546317164 0.0365406299339829 0.259664212243312 -0.0570296492568511
-0.108516452836825 -0.073304476150805 0.343366667071627 0.261524167705988
0.0134179267860255 -0.137144972069133 -0.0216627762754047 0.613573584511441
0.0973070109325879 -0.00325006282323645 -0.499086058233342 0.50516167317929
-0.00844412206932518 0.0942595597955383 -0.668915834969714 0.0918160007817463
-0.109729897967132 0.106111865756936 -0.356737513464404 -0.0620880956857569
0.0362317250291417 0.154480705813029 0.189886720627571 -0.0297301954279349
0.081434514669884 0.0162402184341911 0.0285840400193571 -0.276715756005291
-0.0079631906163747 -0.0483677051783322 -0.28857841823586 -0.155893315250054
-0.0993866208030606 0.00984157389594837 -0.358241870278101 0.051361972021687
-0.0432572792523213 0.0926042830310438 -0.274878888038298 0.185503779240149
0.0197308566588606 0.108607472163836 -0.180170552566903 0.17068477435784
0.0556883974577077 0.13944185775103 -0.135996090752718 0.107083500780231
0.0408563395421564 0.159762922816492 -0.0822828715093119 0.0381376629223041
-0.0218842102833927 0.157842756456575 0.0258356047248868 -0.0665895953201186
-0.113737662947421 0.096598229970453 0.20961233098186 -0.0249926444837139
-0.134362859084796 -0.0123803975702963 0.283281211713792 0.245439672221422
-0.0450021627912522 -0.123424546807421 -0.0416471774810705 0.562931682243444
0.080935947763984 -0.0337061277976777 -0.468379817534632 0.467357604415856
0.0178998648118149 0.0891192742146169 -0.632693108582837 0.0746260524903704
-0.0844792110625957 0.128785846764875 -0.305462947139532 -0.0970612122538634
0.0523169971571383 0.138332192483323 0.197149274043987 -0.0808220206089395
0.106049602892871 0.00987983051227139 0.0329241051322561 -0.313925888590871
0.0139876066028305 -0.0766117446954454 -0.297205992897467 -0.210262126045366
-0.111115964947056 -0.0245575418440992 -0.401580479622666 0.0144610285567151
-0.0678492197202635 0.082010564914578 -0.318304886916771 0.198861866340334
0.0120567177876984 0.10505590426476 -0.193938727628036 0.210479018151999
0.0690329068144399 0.131641863418655 -0.116102349096709 0.15576915196749
0.0813598824314149 0.153970047375201 -0.0493258016142666 0.0948094523389178
0.0407063364148239 0.161494701843711 0.0403855103281764 0.0018357727282304
-0.0528998433908558 0.143197370322977 0.190086172102321 0.0132402579972833
-0.124808368977016 0.0679516743675674 0.264200261813465 0.225689564161153
-0.108348759562551 -0.0702104834941459 0.014325513989702 0.522260758686505
0.0344544699070741 -0.0642432650013291 -0.36811890496883 0.471808586674131
0.0482388211018036 0.0575495594779916 -0.567860877310958 0.109846228295787
-0.0315109911635674 0.133284962506667 -0.257215500566651 -0.121751025805106
0.0542921380765971 0.103509891864089 0.226491790463348 -0.109277286007194
0.106425617851228 0.00817998673113833 0.108035898879084 -0.347886803707207
0.0352966228837348 -0.0847705805554236 -0.248872265465115 -0.334086469394826
-0.0995624117766859 -0.0482928500312727 -0.447197272602475 -0.113421647309139
-0.0763279847861463 0.0655524691629394 -0.40981957192068 0.153238379783957
0.0084082365598943 0.0901596614103125 -0.245433286231449 0.230384906376223
0.0732769403336713 0.107164511037512 -0.10820296076643 0.194086109160102
0.106512234966559 0.125468564641189 -0.00795791153735504 0.13859957612008
0.0909359782767068 0.13452657896995 0.0818157719057364 0.0595606918421588
0.0177161067853718 0.148639185702526 0.209969124952092 0.0495417654339894
-0.0776138217971716 0.122251735122069 0.289221991796755 0.207534247776126
-0.132410998359833 -0.00416584479397737 0.109695149333619 0.485273029062173
-0.0134901828587054 -0.0756654531048619 -0.229779337983762 0.482620186868425
0.0696558461007894 0.0108348438424522 -0.48787144355434 0.159707950353998
0.0295653820454893 0.109100082100249 -0.225249826565272 -0.142787522436103
0.0564638855660969 0.0516154336200046 0.27573597669591 -0.109451508405243
0.0817298033511177 -0.00660737821080262 0.247471104792217 -0.354839382664385
0.0322841717816482 -0.0725227037572567 -0.117887100304563 -0.490027934795589
-0.0750213680585189 -0.0371014752690648 -0.44473322641364 -0.308918430885153
-0.0555118209589161 0.0593736606017779 -0.5033606617521 0.0513175795113822
0.0234137904279665 0.0697978455279986 -0.315558532651686 0.227081054033262
0.0780299227163385 0.069449728382166 -0.108204109018701 0.219612319327585
0.11465819508309 0.078042607353634 0.0338606909656057 0.162592663916134
0.111342861746322 0.083427347880497 0.133894752004074 0.0917839308166888
0.0649401880237216 0.111076185904378 0.251558987198213 0.0623096000064933
-0.0193213299710239 0.121081590440276 0.336858501035262 0.172506402824175
-0.109454915293811 0.0333946546090936 0.217118918274748 0.42440403532833
-0.0392916326834451 -0.0704977590056423 -0.0867559163039909 0.462247984441773
0.0737323878666337 -0.0343432915760872 -0.396596818235665 0.196243709684869
0.0769596313372685 0.0563109137902265 -0.212496685225431 -0.153078483632131
-0.0700171020765295 0.00373001195577214 0.200551410144151 0.177292520985074
-0.0803843699833113 0.0448673319456861 0.334142423582281 -0.166411039931188
0.00577020690416134 0.05778538269917 -0.00190561528919416 -0.435786523981665
0.0409742404981056 -0.0190786749115077 -0.310709062941303 -0.339430417014358
-0.0198734416971836 -0.0607979610930322 -0.393096712097528 -0.109956304360719
-0.0817455428406992 -0.0475476176057915 -0.286867281031162 -0.0107043252808653
-0.109856925249384 -0.0135933163518612 -0.170681758540071 -0.0614948222619791
-0.114608405011858 -0.0110810460086993 -0.0573010189465292 -0.121199409086017
-0.104931192213009 -0.0244208542303619 0.103633917895193 -0.203829338964594
-0.0581392602079411 -0.0665475359099232 0.332551848445909 -0.161630474420595
0.0231201760183112 -0.0544195169279566 0.504295948750531 0.0631093366638425
0.0360645202784402 0.021352856057861 0.371792373161493 0.467790081784629
-0.0450565754392062 0.0582003410668038 -0.0361228455903177 0.598553578654162
-0.0861889345782418 -0.0037000015405688 -0.375873572626736 0.38490375199702
-0.0659941852369602 -0.0226229066334717 -0.350923176177187 0.126658706159804
-0.0587483426110987 0.0693981799820682 0.207591554298014 0.142663044205371
-0.0462727879775263 0.0585694761653908 0.237694685137333 -0.198463746130236
-0.00480656830463053 0.0494647241302879 -0.118536644687039 -0.336122610855025
0.00204605099437824 0.0134768101927074 -0.346628754177398 -0.197817959370954
-0.0201125585274277 0.00449539257487045 -0.373610771902743 -0.0142594679440817
-0.0481496091535227 0.0185498285759641 -0.278353524013585 0.0331791609111598
-0.064449000577222 0.0484426288017144 -0.190166205502414 -0.0345241173032498
-0.0864762587375322 0.0494938362880191 -0.0872669842770567 -0.10517592311758
-0.109993387206963 0.0287624318399402 0.086294302625096 -0.198288082770709
-0.101017283578595 -0.044017815686305 0.341612143809746 -0.127023575595396
-0.0263692586762406 -0.0792374065969001 0.493921813356562 0.173046266775869
0.0322476355786538 -0.0531369338924777 0.236849724787613 0.60613917008278
0.0168047601920486 0.0279248426322011 -0.25388513167294 0.638104895168336
-0.0513967954063675 0.0334172794914024 -0.551149373254608 0.300627296454778
-0.0855650737042358 0.0319384453712476 -0.389842610146215 0.063228614983441
-0.0258275648968518 0.118865457436659 0.205231513084262 0.0880190212388461
-0.00296086824187218 0.0478962960269834 0.141141357505377 -0.22248056659449
-0.0169072464186105 0.0265180001977943 -0.200447138647706 -0.232023446527828
-0.0339265506488556 0.037387313870377 -0.345130651723127 -0.0651515632028402
-0.0128843838221805 0.057468811848109 -0.321879022034269 0.0773330901742467
-0.00646817059357822 0.0674736113275716 -0.241151744613598 0.0838596490314081
-0.0104752648137739 0.0965595949382602 -0.183575937409405 0.01020608309828
-0.045756528647222 0.102551554612018 -0.102786064399712 -0.0685488393520525
-0.100088752861871 0.0824638463085662 0.0594368268081776 -0.174181191399074
-0.132566909195551 -0.0104316031326539 0.310137337741355 -0.0953074417498704
-0.0721742857332426 -0.0920640349084473 0.430278805743228 0.234308412059706
0.0334181619788317 -0.112280697465689 0.0929855229208496 0.645005546462439
0.0730613877239037 0.0115551414246392 -0.414973029497136 0.592892374104842
-0.0254225612708245 0.0719293936936211 -0.648967892507853 0.192552301283949
-0.103979195665025 0.0752636366071991 -0.390268362519916 0.000689359836239987
0.0112485207451341 0.146824126909778 0.197764860825777 0.0268942215366903
0.0424381452918699 0.0294849262017567 0.0643837862440296 -0.247071262283579
-0.0197109396654774 -0.00888035812154292 -0.256543739435341 -0.162497123158939
-0.0695041135993586 0.0361827507269162 -0.340300021256482 0.0248528409637646
-0.0186936462928154 0.0864650955038051 -0.276885239344906 0.148130425274103
0.0180223585110756 0.0969490242557438 -0.200244955176096 0.130538487473299
0.0316466171933613 0.127173339521418 -0.161841512105992 0.0589041602914103
-0.00159408446252551 0.141165820985511 -0.101011806793872 -0.0193928255294672
-0.0711888921553363 0.128272488488568 0.0352841813426675 -0.129606286899284
-0.140064641421664 0.0389497092461663 0.259186446763318 -0.0621015233652584
-0.109399559244942 -0.0726549033926222 0.348646419551868 0.255141070049536
0.0116040078152925 -0.137268876902125 -0.00896238638276853 0.61634684743491
0.0975601647719818 -0.00412822931537456 -0.487888929581742 0.51890074600581
-0.00667971271338351 0.0950015956984815 -0.668416105974092 0.104779053673729
-0.107728071543051 0.107833400120839 -0.359108514015372 -0.0564632741571004
0.0383535208309841 0.15375024961644 0.190040983353241 -0.0330827465208315
0.0818013652597691 0.0150322511950578 0.0232163162854373 -0.27772876168492
-0.00822930998317888 -0.0484766474550676 -0.292518682042444 -0.150293376607338
-0.0992624004923825 0.0116563657474803 -0.357991137279913 0.0583847430071683
-0.0420648810726522 0.0928721696481317 -0.271636477570568 0.191820862175746
0.0213599580623085 0.10864299222046 -0.177449407984834 0.175593733408492
0.0582906824753199 0.138372620789886 -0.135019762340681 0.110097140655616
0.04444423655168 0.159011512347784 -0.0817087303230539 0.0396275400884621
-0.0195184622246683 0.158001869924968 0.024471409795947 -0.066970341790138
-0.112771929831795 0.0982559992928156 0.210083760735767 -0.0288223697611841
-0.133972585594509 -0.0101423225003787 0.288571863897983 0.24056802704721
-0.0462846432450907 -0.122698703567381 -0.0306773279269807 0.563667122673033
0.0805043513091166 -0.0348987956731599 -0.46036143893819 0.477000996284772
0.0195932093447665 0.089073014902108 -0.632485790911949 0.0859709625918147
-0.0822773749554814 0.129808913847981 -0.30872382488606 -0.0921644913853285
0.0545126018186548 0.137292081228814 0.196492876556608 -0.0845859353655167
0.106714530863361 0.00799729503205535 0.0271253359844379 -0.314991601228431
0.0127539806786984 -0.0777611360227586 -0.301837812486721 -0.204442869018682
-0.111470827955527 -0.0224092392363312 -0.402457289819107 0.0230352368385245
-0.0668186510067983 0.0832111106203711 -0.314009678274764 0.20652911654061
0.0138605876988631 0.1049008468775 -0.190323728529966 0.215157827702967
0.0711872298322168 0.129941889904272 -0.11412390213109 0.158675521261791
0.084629750849828 0.151727463350383 -0.0477976781075358 0.0958331639970101
0.0435231681850212 0.160890357082689 0.0401074035778725 0.000784095279003939
-0.0506257754183586 0.143667819892605 0.189871221149383 0.00930383462658558
-0.12171473454774 0.0710640522314109 0.268672420380483 0.220681655724714
-0.109079184257534 -0.0678763093590241 0.0235724512160896 0.524090465191081
0.0336510832883711 -0.0648056916046223 -0.360052590328403 0.478709131800688
0.0495479713709394 0.0569529850204068 -0.565498404590424 0.120776901157191
-0.0293083934866956 0.133347975465202 -0.260528507658957 -0.117052338151866
0.0557053724406539 0.102599619853683 0.224518013861653 -0.112964471740065
0.107007887660138 0.00625302087414718 0.101783266106233 -0.350894340952606
0.0334852407642671 -0.086046928096365 -0.256224892341871 -0.33137613017323
-0.101005673717355 -0.0465814489879564 -0.450188028182231 -0.104958121646894
-0.0754910978971213 0.0670788590431014 -0.407463848464029 0.161109208352377
0.00946743404355598 0.0901799735960826 -0.242209833064977 0.236849510815467
0.0757279287330673 0.10538782214452 -0.105933605730848 0.196243776090146
0.109582089240213 0.122682654923173 -0.00570105122657694 0.138144707479161
0.0929045736478246 0.133047717287956 0.0825766999884331 0.0574316422254629
0.0202631960296625 0.148039426508969 0.210414321672905 0.0441993762260075
-0.0751115978481589 0.123419926387621 0.294187013669927 0.20147168812952
-0.132331142973485 -0.00189732299822171 0.120308696848062 0.48392105296898
-0.0151409404985126 -0.0753985944356678 -0.221352604191809 0.488196644122879
0.069994806997521 0.00947190478484485 -0.485835936612192 0.168997745077217
0.031204317978699 0.108107056940139 -0.229277758061118 -0.138348024580598
0.0574368318547191 0.0503021611338779 0.27483806627741 -0.113911579338192
0.0822019849907873 -0.00841023725313314 0.240906755744177 -0.359969812511779
0.0313037892386275 -0.0731438821761282 -0.125590944117012 -0.49069595168146
-0.0757237890455421 -0.0355698674930259 -0.452738024702358 -0.300971750701146
-0.0543755574660135 0.0605063990159616 -0.504923980758792 0.0554014560303309
0.0243958302695253 0.0693410624417833 -0.312359160680353 0.234360494755531
0.0796535711941673 0.0677264685446939 -0.104296401537154 0.221706086757119
0.117433571950281 0.075188925422463 0.0365001370499912 0.161882615538428
0.113571202386272 0.0819678010140914 0.135374018897258 0.0884296828214003
0.0668717701737492 0.110254538044511 0.252525301530083 0.0570490611768502
-0.0174817046338207 0.12154932557291 0.340966173099396 0.166001655799712
-0.108773710218762 0.0360838057324996 0.226679232389528 0.42079562171104
-0.0407211180641452 -0.069236905019184 -0.0781899047852946 0.464923411434608
0.0728594094834321 -0.0359134501853068 -0.393584991396791 0.205371614706766
0.077970219229135 0.053951901472684 -0.21620574056098 -0.149135261663883
-0.0700206158915153 0.00528898322223552 0.204810498290285 0.174122622463487
-0.0793704947873621 0.0469393394785038 0.332800034810098 -0.173223571377092
0.00713590028569529 0.0578051572298357 -0.0115379397151689 -0.436790096678003
0.0406089406197992 -0.0203060104819452 -0.318119480586588 -0.333747170673723
-0.0213042640459636 -0.0604677598522803 -0.397371166684161 -0.101787111475006
-0.0832682008948128 -0.0457584268839093 -0.287778414664049 -0.0040287040258171
-0.111075261448006 -0.0113033221002395 -0.171613669367587 -0.0573561715317726
-0.115448548474498 -0.00824731408557419 -0.0596451946703981 -0.119566314722435
-0.105751332017732 -0.0217574334048482 0.100418166137643 -0.206012610582579
-0.0598937135605492 -0.0658065585355006 0.330716795244825 -0.168735557206769
0.0220225698968508 -0.0554317609660859 0.508022544003485 0.0536434141870292
0.0366990946179678 0.0207528639644298 0.383174816669001 0.4624788983223
-0.0436369365610001 0.0594026293456006 -0.0252535044971666 0.599561065755555
-0.0869098490112879 -0.00198869507242575 -0.370216566903402 0.3932730798456
-0.0667970048557318 -0.0216287407106765 -0.350510144101873 0.133176927609699
-0.0573874868825163 0.0705713493026851 0.210791438148953 0.139083266418718
-0.0452704063622833 0.0595224411986152 0.234732600714855 -0.204015122952347
-0.00360520972577301 0.0499420392578997 -0.12564322885276 -0.334951033707752
0.00224487600575306 0.0130942029105682 -0.351565651965034 -0.191588797617125
-0.0206556527746958 0.00445209408946919 -0.375569810807711 -0.00888359332054362
-0.0483713126210825 0.0190243536622637 -0.278291213707583 0.0396163555090542
-0.0639448150206848 0.0497174091662115 -0.191604043216063 -0.0293838924547366
-0.0858835973184994 0.0511158422044991 -0.0893649089680548 -0.103080133695232
-0.109821578318853 0.0309249188245046 0.0828565600560316 -0.200259223886918
-0.102650556062913 -0.0425646301839978 0.340015253447433 -0.13375532776654
-0.0284799016138229 -0.0796694052097924 0.499126330833028 0.163963272188304
0.0317770805602725 -0.0533161940891993 0.249758592530421 0.604739688333513
0.0176156567022667 0.0281831957116663 -0.242884657018775 0.64450283748692
-0.0504561421064418 0.0344312396851003 -0.54689269354104 0.310709243345802
-0.0858857099247922 0.0337542796218223 -0.390024868125561 0.0708033083911389
-0.0234313570910052 0.119810026830725 0.208219431005679 0.0842601927126949
-0.00138776043779324 0.0485061654128227 0.137165139810278 -0.22606572723782
-0.0159388455931627 0.0269473968600637 -0.206306177867328 -0.228068530209856
-0.0334297461510281 0.0375890793408721 -0.347273984065643 -0.0583307823330164
-0.0113240196792338 0.0575881288176183 -0.321407248772906 0.0851124735756754
-0.00610312842982232 0.0679231426418132 -0.240488217371007 0.0900293868856011
-0.0094769785076476 0.0970487098774424 -0.184151449826087 0.014496723936855
-0.0443512009976959 0.103721035984812 -0.104151745892003 -0.066812006039861
-0.0991235933363821 0.0852073071097063 0.0561749035089055 -0.175892699141595
-0.134021810374697 -0.00760082073511706 0.309966138083632 -0.100228853472831
-0.0739082741435144 -0.0916465431668965 0.435691883251109 0.227409714011408
0.0321398330132079 -0.113333993535945 0.106592966644189 0.642887742069731
0.0739305477885511 0.0108633472488606 -0.404640934818729 0.604266151058894
-0.024162563671034 0.0735764813611369 -0.646110370653326 0.205052785151163
-0.102790381792303 0.0777514239520483 -0.392425078490978 0.00833858659710799
0.0137790063532038 0.147357638351801 0.199457782003246 0.0237506614064277
0.0436237772920529 0.028841958513188 0.059751528038831 -0.248924152760368
-0.0195236020641699 -0.00885135687585006 -0.260290186822075 -0.1581707241161
-0.0693450733876444 0.0374611297883079 -0.341031160447339 0.0321918237650612
-0.0175996329389598 0.0868224047314417 -0.274832546677086 0.154294000276504
0.0191047661990346 0.0966020630958431 -0.198324644176879 0.136056872116921
0.0341578147056195 0.126568358038231 -0.161210714241241 0.0626045178273138
0.00102404454190168 0.140908883172498 -0.101575125643319 -0.016911433308831
-0.0689634071097973 0.129885030970855 0.032998008653234 -0.130674735090469
-0.140381942982709 0.0411948968431759 0.258689524701484 -0.0671382547771943
-0.111465415176031 -0.0700230684345618 0.35547353104631 0.249957046569758
0.0100341419333245 -0.138075869414528 0.00367374898615267 0.619240503418589
0.0983145859679355 -0.00534415772683963 -0.478958845629747 0.528050408043152
-0.00531394128950663 0.0957958957089281 -0.671493565164457 0.119238600657889
-0.106925184520038 0.110070005730978 -0.362510120265331 -0.0495690915747527
0.0414901765082309 0.153480620745829 0.190763061936221 -0.0365867757685717
0.0827700048598168 0.0131703626640228 0.0183293847788259 -0.279302990849952
-0.00938834363538871 -0.0487490258950234 -0.296703963404604 -0.145213951646233
-0.0996229917421474 0.0128882300947884 -0.358555733793472 0.0668463146692785
-0.0411031440928689 0.093573406960172 -0.268999379177448 0.198405416960788
0.0228080822638203 0.108573874697889 -0.175245863228934 0.180657618896084
0.0608375557810867 0.137684743805798 -0.133831144534086 0.113966761906891
0.0473992106204581 0.158146768172789 -0.0813015939908091 0.0413279083444863
-0.0168522199364391 0.158874564109594 0.0232419754425706 -0.068041609537392
-0.111537043607933 0.100235462486315 0.209610251688136 -0.0329984166574988
-0.133482493430479 -0.00855296440244266 0.29346634376985 0.235147953381559
-0.0485150868914763 -0.121763368709139 -0.0183614047868144 0.56831507499979
0.0803075419306059 -0.0357877328919674 -0.453426258035992 0.487662232918537
0.0215928695430275 0.0892432976145044 -0.633377007975093 0.0988690545787777
-0.0808162847877267 0.131307629305049 -0.312291059385933 -0.0867182926341862
0.0569421592979936 0.136406498520881 0.195800640231889 -0.0876699771860833
0.107241350608728 0.00566219808608402 0.0213877348481294 -0.316593158174435
0.011535060669329 -0.078644443943468 -0.307184334598436 -0.199306341305505
-0.11267501301778 -0.0205963280520337 -0.403468408830461 0.0307780409041192
-0.0659390222958367 0.0844503178572134 -0.31530622334 0.20969635805565
0.0150211956255644 0.104794857762669 -0.186295165850637 0.220493890049225
0.0739106657639043 0.128843743263757 -0.111818001300208 0.16147233817942
0.0879637034682297 0.150250464070342 -0.04601600926904 0.0963878370194109
0.0464376431944681 0.160100627690057 0.0403802433626868 -0.000517180304275832
-0.0486302577239082 0.144543173145294 0.190559932156877 0.00489287054165888
-0.121791818220892 0.0714007314196062 0.274692243397344 0.215891734333144
-0.110151262113859 -0.0661836375651475 0.0348461813379159 0.525392450638442
0.032576138385705 -0.0646681163739777 -0.350956779677239 0.488594765429565
0.0510595998625065 0.0559339768312421 -0.566207104953672 0.132789114558269
-0.0271169667389207 0.133612277426798 -0.264218461726746 -0.112274525615625
0.0576860483821471 0.101917935653154 0.223452989347055 -0.117155227203267
0.108132847453381 0.00410556613996968 0.0950281215634812 -0.353477853280819
0.0325842087479765 -0.087689552260214 -0.262698815787426 -0.326657619975539
-0.101511271417934 -0.0448185192409535 -0.453982485299217 -0.0965724973047479
-0.0746812828101096 0.0686310146392165 -0.406272285222985 0.170680413286551
0.0107743478891522 0.0899493045413433 -0.238717623629724 0.242379854867007
0.0779596882262364 0.103962016617905 -0.102951116738651 0.199235878949299
0.11251235487337 0.120554900050188 -0.00331896841638309 0.13795800523342
0.0959153676945285 0.131395797636536 0.0835681429194461 0.0555836869997231
0.0229362966572879 0.148128142502713 0.211602537789717 0.039995706179752
-0.0723938260124657 0.124593649175078 0.299064637016895 0.195164104585583
-0.132396425401427 0.000950928183827866 0.130444572889049 0.483000959972602
-0.0166673204404142 -0.0748675498840781 -0.212644274983175 0.493976273771193
0.0700863252224655 0.00782133265360518 -0.484526533780121 0.17865077195221
0.0332243358369007 0.107517087223305 -0.233251458552779 -0.134862237073565
0.058427339625008 0.0490010035327854 0.27402116286733 -0.118909805082941
0.0824493136327249 -0.0102200631336638 0.234825160132545 -0.366378792573997
0.030286101189339 -0.0740179075490742 -0.136623922561876 -0.489032129814871
-0.0768816434611877 -0.0344540401125634 -0.460561646059419 -0.293582319331254
-0.0537310103857876 0.0616395212519384 -0.505985481112252 0.0656558120881059
0.0254934520061855 0.0690398742501936 -0.309115238728438 0.241221321434445
0.0812210948706387 0.0662527822348776 -0.10116920272775 0.224980886521877
0.11939282906222 0.0725647628404828 0.0398152833611934 0.16088331910752
0.115521997040636 0.0800284887297548 0.137741999388822 0.0854100225138999
0.068948901125557 0.109058224364174 0.253962120583501 0.0518026163240308
-0.0157791519157061 0.121932109178503 0.344704101106164 0.158263328535167
-0.108717984890059 0.0387916176404033 0.235840029036654 0.417458115907838
-0.0423752607630221 -0.0684169269175487 -0.0678281181882947 0.468159888874045
0.072844236833318 -0.037881927502805 -0.391739048677392 0.215038639671252
0.0793459532412838 0.0524550578687173 -0.220634484348315 -0.145642493679732
-0.070123647488095 0.00687069668366183 0.20976422347228 0.170489630425688
-0.0790136335967253 0.0488310721464745 0.33107930316086 -0.18177209442786
0.00832538808818553 0.0581465972302443 -0.0196543466277015 -0.438116441863912
0.0402288392443536 -0.0215176035489856 -0.327130517467654 -0.328195431082216
-0.0228558881271635 -0.0608688420347186 -0.400857799229401 -0.092752766860383
-0.0845648050665037 -0.0440183370209278 -0.288689464158161 0.00301033537762933
-0.111756590906638 -0.00850255950510681 -0.173247152206447 -0.0525874128032936
-0.115886892141773 -0.0057771379408209 -0.0615905037377655 -0.118527444581603
-0.107073754543849 -0.0194324797004556 0.0969596881667619 -0.208988588616588
-0.0619884508064404 -0.0642859606611973 0.329802541959244 -0.175982522862072
0.0208516225526739 -0.0560074899830429 0.511284358496795 0.0431046560270232
0.0375311877994887 0.0196508323565857 0.393692376709924 0.457851196509663
-0.0425968698070368 0.0615984855891814 -0.0116619221364362 0.601353658807206
-0.087063124107764 -0.00013219306612465 -0.36357791563821 0.402527448607461
-0.0672787088272021 -0.0197836894141114 -0.349309399913191 0.140528293272357
-0.0562151398392855 0.0723279031029842 0.214680776978108 0.13507285613064
-0.0440424911078531 0.0607523262930397 0.231381921664754 -0.208548829969627
-0.00228092695542685 0.049961111694946 -0.133055225801721 -0.333554641987299
0.00287799998671157 0.0125031192056038 -0.357284014654926 -0.184431523560568
-0.0207853893887764 0.00520954829953676 -0.377180536804581 0.00295119675201367
-0.048745295290176 0.020395544716074 -0.278454776590565 0.0469555019132163
-0.0634914378483115 0.0513846435393958 -0.192600627346181 -0.025222830138765
-0.0856514934305188 0.0530594259310274 -0.0913958449412607 -0.101139904059905
-0.109536398370297 0.0338372630049517 0.0799676415012316 -0.202817168474654
-0.104334243504027 -0.0400263287381604 0.340038549672666 -0.14155809500297
-0.0310341101278452 -0.07960124440479 0.505145192890151 0.155307465223465
0.0310915273605526 -0.0547560638568834 0.263324278219659 0.600454183818802
0.018321921646459 0.028340868713578 -0.229800050798804 0.653641819226373
-0.0498809040776735 0.0361301871331 -0.543741033211787 0.324549952651996
-0.0854476560240923 0.0357863448255846 -0.390815451936071 0.0793182758891799
-0.0212525362328729 0.120784535513717 0.211310093205908 0.0801748127787224
-0.000568336024788415 0.0489455684293175 0.133200984928585 -0.229241387718437
-0.0153707926433814 0.0272560455740423 -0.21114826890191 -0.224291238918723
-0.0326382306844721 0.0388933348773031 -0.349813533657572 -0.0505991732916408
-0.0109992776697281 0.0577181665183984 -0.320432237204748 0.0928266693650934
-0.00499447369839917 0.0682278858176844 -0.239445951258044 0.0957227712939382
-0.00738470285293598 0.0975888458969996 -0.185067889298803 0.0195659694575293
-0.0421088935763442 0.104748430552619 -0.105551213761964 -0.0642069003376141
-0.097511467752364 0.0875567188435902 0.0535825070455917 -0.177023940615557
-0.134905224691234 -0.00546491124874171 0.309088083673489 -0.107343174515259
-0.0760267484119403 -0.0911795299092637 0.442188601117832 0.219703743250425
0.030232773769844 -0.114888516673401 0.119612316285472 0.644039642203289
0.0751747685101932 0.0102083278836847 -0.391559664510445 0.614560262470193
-0.0227800415194717 0.0741922146394431 -0.645645704837081 0.218622670311786
-0.102192127860566 0.0800304075770204 -0.39434893323061 0.016354994423563
0.0166946313180148 0.147336503101264 0.20112395214977 0.0199870587492489
0.0439640831203628 0.028342425630629 0.0546100581069125 -0.250924768703126
-0.0197711217857912 -0.0087194428104068 -0.265165841039055 -0.152811215239763
-0.0686547072827306 0.0395266423091888 -0.341519231938038 0.0402766284579533
-0.0164449818700467 0.0871234424450435 -0.274290984452366 0.159505370199798
0.020467788036308 0.0968677639252201 -0.195913343845152 0.14169470307844
0.0362458604726811 0.12643089332785 -0.16073957326234 0.0670501850812939
0.00377424521725498 0.141244913727804 -0.101683245141461 -0.0148438667836979
-0.0668858819400648 0.131842272025728 0.0302487339389582 -0.131352715621281
-0.140548771384661 0.0437702219175618 0.258449987647132 -0.0722713627739036
-0.112496018906721 -0.0693604307202146 0.361056237119747 0.243418094955953
0.00804279867964321 -0.13917023991057 0.0154077354303378 0.620663538583607
0.098795605260168 -0.00693587531232209 -0.472302531013564 0.541079167015372
-0.00259946623816545 0.0962138481522603 -0.670876598462551 0.132348131598334
-0.105060754095815 0.112196857201011 -0.365779184306684 -0.0426081998576975
0.0450006387189457 0.15307355194017 0.191559866642095 -0.0401604438600038
0.0836337606588827 0.0116977089156211 0.0117975991200535 -0.28046406292842
-0.0100086058411256 -0.0489667021868728 -0.300473154055492 -0.139156785001007
-0.0995408716029134 0.0151345071065718 -0.358347234133588 0.0755123834906747
-0.0395622123342176 0.0949836870595052 -0.265473501346672 0.206031316824296
0.0249765124601359 0.108297629832782 -0.171840593356402 0.185859763429491
0.0641140447711432 0.135936292518181 -0.132144161092129 0.117536832945775
0.0507739687501534 0.157352526525956 -0.0801772222207973 0.0426829186421445
-0.0141540266586958 0.160273860938392 0.0216105064763855 -0.069041692104071
-0.110060743843954 0.102786397828765 0.20978017887153 -0.037595422821337
-0.133858525267433 -0.00694499757775121 0.2993228569 0.230130545811714
-0.0501973669370153 -0.121562977889707 -0.00592444626888289 0.569803518815699
0.0800906062950393 -0.0363924817541724 -0.44377227538227 0.499567675449333
0.0236667654531001 0.0894878341461357 -0.635043998817228 0.1147358528635
-0.078389702334531 0.133362077731381 -0.315831298522692 -0.0802059944114473
0.059871432209898 0.135382520238626 0.194925686275855 -0.092066056961756
0.108118978456092 0.00378210319750156 0.0148661188155269 -0.318192843040909
0.0103017353197358 -0.0792554016461818 -0.311973385886247 -0.193647579110489
-0.113154052195453 -0.0187233914500319 -0.404043977692979 0.0404324713789562
-0.065089556779319 0.0857639392782103 -0.317639501061448 0.213152300227976
0.0168039178024849 0.104431639370203 -0.182985580133876 0.225956471981572
0.0768536997974319 0.127323284496235 -0.108991437425165 0.165082537176593
0.0909942939330369 0.148540180782258 -0.0444398745702582 0.0972022184689154
0.0497131197419992 0.159841298369021 0.0399669390249467 -0.00185594352236715
-0.0461664863665359 0.145489415269572 0.190596849294869 0.000892462526450604
-0.121265656766625 0.0725317391396833 0.279959703281402 0.209682710417503
-0.111030125720735 -0.0638833657432702 0.0457171464827056 0.525715457365868
0.0314716647380299 -0.0649226144520265 -0.341171162443084 0.496892666863385
0.051953620447139 0.0552130592292147 -0.565543251797839 0.145310405922955
-0.0249702569018217 0.134300452250804 -0.268514398949903 -0.107827052107635
0.0604477613576889 0.100444763297603 0.222216184122628 -0.121529158901166
0.108761513021172 0.00178016688155326 0.0881687015452737 -0.357043789425789
0.0310391357329534 -0.0886081817398967 -0.269859522093236 -0.321259471252419
-0.103276164459111 -0.0432494983744219 -0.457814127557452 -0.0876469204182858
-0.0737036766193051 0.070164409130829 -0.404342405188667 0.180309207287225
0.0122726037112559 0.0902212944613109 -0.234702525406367 0.249773057230806
0.0805148687863484 0.102441092009274 -0.0998380898567372 0.202842918137883
0.11576074344595 0.118214626993708 -0.000334123788930451 0.138196156320265
0.0990524345642822 0.130542029932699 0.0852599087118564 0.0537138350066021
0.0255219827631613 0.147748486726582 0.212811015680252 0.0343956658082355
-0.0704746843262919 0.125938889579262 0.30446947023904 0.189245943993894
-0.132570059696881 0.00389742294140616 0.142373427010122 0.481987171222636
-0.018393619274606 -0.0743159699336668 -0.203201613475422 0.500850536635809
0.0708530587877071 0.0064770385880493 -0.481645865292192 0.192126830301627
0.0349092806077675 0.106828352051935 -0.23764615070577 -0.130035275817399
0.0594906425593038 0.0475451530542432 0.272932784812337 -0.124375200450967
0.0824742857658629 -0.0118699036670181 0.227932927618468 -0.371403397407907
0.0289221016567567 -0.0750954630495713 -0.146652668342572 -0.488099489593758
-0.077793098065458 -0.0330030892899888 -0.468895958443561 -0.286266296910681
-0.0520872264465519 0.0628292321338392 -0.503972424638224 0.0850142010265484
0.0269765393677418 0.0686952845018314 -0.30568928657561 0.249695511694636
0.0829329191386948 0.0644241112694745 -0.0980006165520063 0.227996598342596
0.121387860420578 0.0700993558835531 0.0430556784373992 0.160245428599317
0.117768243657913 0.0778715291960681 0.139328274431553 0.0823599889111553
0.0718728211840027 0.107890131648292 0.255659708888007 0.0458742988233831
-0.0124408546687471 0.122294774616735 0.350150046052725 0.151198998720734
-0.107925892324981 0.0415228603856441 0.246064408091297 0.413401189410109
-0.0440851938190214 -0.0675473897061582 -0.0594072774372263 0.471274861373859
0.0723533039348182 -0.0398771364216711 -0.389406281899805 0.223892021899187
0.0803080666850457 0.0503265591300034 -0.224421844213556 -0.140906612846059
-0.0698881557062881 0.00871467420760634 0.214193492197115 0.166806308676755
-0.0777042570791814 0.0508074436815921 0.329319240601494 -0.189506599568052
0.0103630375153793 0.0578192839160634 -0.0303918500043534 -0.439537664626504
0.0400113126687268 -0.0226898733125349 -0.336133456641764 -0.321119693223078
-0.0245430226246928 -0.0607951357719327 -0.405086191440536 -0.0833087323966429
-0.0862739951564553 -0.0423236850042021 -0.289580605954277 0.0107879308811888
-0.112515347789951 -0.00611617411746826 -0.174839252643651 -0.0481767036148279
-0.116719895293803 -0.00295611148787826 -0.0637336018696566 -0.117324150281483
-0.107976669573305 -0.0169274929634643 0.0928834511328668 -0.211513193872512
-0.0639004904321217 -0.0630989057970409 0.328499873281647 -0.185092313471338
0.0192095460631786 -0.0571881539330576 0.51370781491821 0.0313884195066509
0.0380345289149583 0.0189929947566539 0.406683818454808 0.450368287911975
-0.0412151733099779 0.0624471888624954 0.000955965609898219 0.605423120083367
-0.0877642743295559 0.00219368519992325 -0.357471646866108 0.411684108422283
-0.0686008049457545 -0.0183057289672825 -0.348326312347265 0.148771536727624
-0.05487185639474 0.0743703399423369 0.219662571765648 0.13152316065254
-0.0425305856779289 0.0624928217448393 0.228522645959511 -0.215631909251164
-0.00140535138354031 0.0502356988854419 -0.141220901972604 -0.331727923731229
0.00295886625436424 0.0125740117656971 -0.362938420592978 -0.176591190713677
-0.0206511622374268 0.00469635796667254 -0.377607983676305 0.0161053870024814
-0.0484296512435127 0.0213639865362347 -0.277884707690736 0.0539536714294636
-0.0625669860342878 0.0531643293863439 -0.193935114160312 -0.0199115280735815
-0.0848259424396994 0.0555600314880104 -0.0937606011215289 -0.0991899482763411
-0.109699592082918 0.0367449254472396 0.0759058596316734 -0.205267421976214
-0.105925605738238 -0.0376810626301796 0.339309239237106 -0.149281240495382
-0.0327615415187417 -0.0799428537398554 0.510908932987147 0.144575392621904
0.0309444438808737 -0.0563121288674619 0.279308628249362 0.596604083009303
0.0195997461923629 0.0282561797978164 -0.216175908410542 0.661976848587835
-0.0491726719345513 0.0376052495952123 -0.538596483264242 0.336507027947763
-0.0852779388060319 0.0382300857787959 -0.391377611484819 0.0877330260263716
-0.018976548900136 0.121400330719828 0.214371910818574 0.0763238847134545
0.000522272027074097 0.0494396489497091 0.129066836398453 -0.233251444863013
-0.014547076486355 0.0278188157261064 -0.217403292509157 -0.220483266070609
-0.0316805737913111 0.039391779887361 -0.351906222851574 -0.042118603557342
-0.00991548312526661 0.05809836106662 -0.319620305442858 0.101679034507409
-0.00367641398363639 0.0681629413046679 -0.237425969692843 0.103073794239607
-0.00532368731045102 0.0979187940548749 -0.185124268771932 0.0240980245657574
-0.0409175122384934 0.105943884788138 -0.107104429347197 -0.062226743280598
-0.0969912351205509 0.0902602597334795 0.0496795264638036 -0.178540064697657
-0.13625676322699 -0.00275570477102519 0.308491499395607 -0.114373405038111
-0.078147312895244 -0.0908403332955397 0.449110506137749 0.210420144294556
0.0287730198215558 -0.116390751612646 0.135531879551553 0.645022142997404
0.0763136204760128 0.00902331418558793 -0.38008523806784 0.626062487285138
-0.0210225193053353 0.0752320529954548 -0.643985906034648 0.235321975701796
-0.100989469174923 0.0829283219733741 -0.396339765858529 0.0249126944143904
0.0198125036995137 0.147370052496278 0.202425118812015 0.0158587564604946
0.0451240437226967 0.0271140581942497 0.0494389834968841 -0.253816507642409
-0.0197682060004505 -0.00847901673210164 -0.26953428548969 -0.147119619788707
-0.0677873322483055 0.0407634346495912 -0.34221339386316 0.048693469996971
-0.0147750230376265 0.0873330179160951 -0.272091399637162 0.166500499726421
0.0226578374448287 0.0962896866726811 -0.193814106523746 0.147292656467352
0.0389937734286588 0.125725788577909 -0.160291333923126 0.07192258831514
0.00634017520906092 0.141366846204082 -0.102446000646685 -0.0129873886668346
-0.0642746459072676 0.133958597552147 0.0276998630654366 -0.132748383127652
-0.140838095096905 0.0466438741438948 0.257754393395691 -0.0792995477347551
-0.113751636664867 -0.0693020740169315 0.368077902986471 0.2364583126368
0.00570609311193863 -0.140419104955216 0.0295587289018234 0.623929017895345
0.0998024848542998 -0.00813070164073384 -0.461716516333551 0.553180451939487
0.000390589595689654 0.0971524294990948 -0.672176305896049 0.149623722731362
-0.103512222989184 0.114714377745682 -0.368444727205103 -0.0345435756728376
0.0484154862212025 0.152458018151557 0.191538176546925 -0.0445906327416297
0.0845860687003997 0.00968595971025227 0.00537141346095422 -0.281998923272413
-0.0109118153329957 -0.0487574573824693 -0.304751487997374 -0.133035355312785
-0.0999287327981795 0.0174537034345171 -0.358898100176482 0.0840672965343196
-0.0378634621808262 0.0960638545015177 -0.261990374277514 0.213959834971501
0.0269280593196986 0.107923787137789 -0.168345176266206 0.191139399295502
0.0671274965942145 0.135394382367065 -0.130649815948509 0.121879759021801
0.0545435656392029 0.156057256222342 -0.0799369439888951 0.044349415024006
-0.0106884482391933 0.161181560575986 0.0203677617433801 -0.0697329160680024
-0.1087527939233 0.105029089741609 0.20989249143688 -0.042898110609942
-0.133538397152133 -0.00404189200555249 0.305614782582454 0.223876204385522
-0.0523573868424261 -0.120589893604234 0.00635766363921685 0.572544462211227
0.079964129833423 -0.0377860322139139 -0.435175081251795 0.511412040881231
0.0259182450712884 0.0897692502130313 -0.635870080500604 0.127801314098889
-0.0762434152617475 0.134640205666391 -0.320427599919526 -0.0737108024374494
0.0631063516982288 0.134333702875438 0.193914230114066 -0.0965928744017515
0.109017338575855 0.00119568752212246 0.0087788774057369 -0.319466890038025
0.00886582625819504 -0.0799870830428814 -0.318021760946594 -0.187040498754398
-0.114454261414323 -0.0161212454215688 -0.406023640960752 0.0485830125827559
-0.0639472382766009 0.0876592202801273 -0.308784672902612 0.228230549680333
0.0190416807222264 0.104704409161896 -0.17888949860411 0.232045748724958
0.0800498351637869 0.12582137147995 -0.106171839308811 0.168872609527212
0.0946798647827963 0.146662376598639 -0.0423927663097448 0.0983079710179085
0.0530855201231677 0.159608550634512 0.0400884458189533 -0.00307340281254475
-0.0435833084082042 0.146897042351529 0.191791705401477 -0.00437175872816442
-0.118090128909318 0.0762433245489617 0.285658239099253 0.203794084970874
-0.112188052668374 -0.0618923898894002 0.0594570370354457 0.527385483198446
0.0302989092188328 -0.0651758631740962 -0.333877122286969 0.50705859688332
0.0536392349051792 0.054356600011686 -0.566048659321101 0.16022970917148
-0.0224472827378166 0.134805640486229 -0.273867598527367 -0.102196605628221
0.0624298157959031 0.0991168714534044 0.221524081973003 -0.126419861036594
0.109396401003844 -0.000885802867449253 0.0814124207895952 -0.359946699475932
0.0296127415342655 -0.0896635853087999 -0.278232861525536 -0.31731850877825
-0.104673662071286 -0.0411450586061073 -0.462379967645484 -0.0763332295444625
-0.0731932318728364 0.0721458022091763 -0.402606110477498 0.191050172077067
0.0137411852299801 0.0901459639963617 -0.231237392365525 0.25697619478024
0.0830719681206933 0.100496678276193 -0.0955404748703785 0.206271695022806
0.118889146755177 0.115210687517948 0.00248673554310641 0.138674690588931
0.102606852392319 0.128496534744614 0.0863506865288202 0.0515859976446646
0.0288276626202634 0.147679512760931 0.2135690123732 0.0295860313322715
-0.0671128541091933 0.127320554174745 0.309550555338352 0.182877450515243
-0.132354067905245 0.00689002131044395 0.153863703873081 0.479968998661684
-0.0198168184801868 -0.0740386197916332 -0.191518860687077 0.508606045484739
0.0711964623680846 0.00478173667370427 -0.481139198393938 0.202601506516605
0.0371308673280776 0.105611746837774 -0.242374715917548 -0.124976130720411
0.0608822226448578 0.0463450029746443 0.270680333002996 -0.130229569636885
0.0833706304226107 -0.0138038162183674 0.221254285128074 -0.377815644088718
0.0277234481318388 -0.0765022772967934 -0.157606528170667 -0.487643124699743
-0.0787181393484593 -0.031747891019976 -0.47455842069318 -0.276559831723715
-0.0512489336535818 0.0644409342031197 -0.5042521285554 0.0985521172204531
0.028414390775081 0.0685586111383686 -0.301405389007078 0.259388104170948
0.084974879106251 0.0625034697967671 -0.0940632675936612 0.231858632021733
0.123749478074544 0.0669676928345664 0.0462776879700061 0.159594437305302
0.12024674717599 0.0755270588524008 0.141602820132128 0.0784999013453035
0.073943727699419 0.10660345353497 0.257042114439254 0.0390574954692948
-0.00894165920161452 0.122703712728746 0.354382773564351 0.14256649468252
-0.107115226180197 0.0441904159122898 0.257935362317461 0.409816098756798
-0.0460939542452219 -0.0663935639017536 -0.0494960965729293 0.474938794849497
0.0718753263277896 -0.0420985893690939 -0.386137312249701 0.234824605457113
0.0820330346250009 0.0482305767534546 -0.229856246951615 -0.136550303618853
-0.0698835420839615 0.0106796498309575 0.220438621637769 0.162659275738714
-0.0767646783181381 0.0529753409792048 0.326245635402824 -0.198172800065115
0.0114410236867833 0.0581707133788283 -0.0406572958061038 -0.441042951170897
0.039756591359081 -0.0242722560401754 -0.346852954001052 -0.313801262087445
-0.0264342132650323 -0.0607261793627621 -0.408366315089861 -0.0718021198124634
-0.088115585688978 -0.040334264804423 -0.290292494935865 0.0184178852510498
-0.113285650240313 -0.00302568864411647 -0.176246626608893 -0.0427104385487638
-0.117858006337092 0.000327080271275842 -0.0668306530940877 -0.115381293462682
-0.108675920936185 -0.0140130471388811 0.0887205278719287 -0.215324440544685
-0.0657472134004189 -0.0611847429466242 0.325972134656822 -0.194016151065975
0.0176807941512155 -0.0583266663055676 0.517600751878872 0.0194820473367669
0.0388182439069007 0.0175205254441753 0.41908019019868 0.441696672126896
-0.039488062897938 0.0639303950280285 0.0159270984340331 0.607759457955101
-0.0880475258655331 0.00412381767611906 -0.348974120779465 0.423463668338871
-0.0693002221748672 -0.0163510978850694 -0.346703487118592 0.15800855993057
-0.0530181722771485 0.0758218732093262 0.223627234181574 0.126448447127495
-0.0411079980933162 0.0637958582111781 0.224173338485262 -0.221850301287937
0.00060096581366181 0.0506999557883326 -0.150023899087531 -0.329113822848028
0.00289771462177289 0.0119620137031487 -0.369436930457966 -0.167346308638424
-0.0210849390286706 0.00484711727567319 -0.378609265656171 0.0237278122246003
-0.0482738981956077 0.0227929071629198 -0.277532497590174 0.0620488290346188
-0.0614924355593929 0.0549810202705818 -0.19469258791396 -0.014336658759666
-0.0840301945053232 0.057950853040141 -0.0960312889978629 -0.0963362378198784
-0.108887064667375 0.039920878870145 0.071783067064764 -0.207874083098904
-0.107902077503676 -0.0352401992424507 0.337171196550503 -0.158108212644255
-0.0359548036460178 -0.0800177974216541 0.516932089617738 0.132235106187905
0.0296430048248124 -0.0577838312874543 0.293563225905574 0.595056970193707
0.0210194831238975 0.0281655399530904 -0.203311222699453 0.671323240865664
-0.0491552285675489 0.0392114629147055 -0.533891334068093 0.351959767711574
-0.0850426647215661 0.0402084132787093 -0.391372761703083 0.0970410064307426
-0.0158894480617558 0.122406283989524 0.217541682487258 0.0714731563890504
0.00162332982530112 0.0494996133634491 0.123880653354009 -0.237252878097601
-0.0135298625543106 0.0276888486415119 -0.223882683685004 -0.215642436792666
-0.0310324485301906 0.04044915770174 -0.355151184896796 -0.0335155085352656
-0.00931906623671263 0.0579450908380335 -0.318012733797075 0.110913793158668
-0.00260083449243248 0.068674019536323 -0.235618141491509 0.110167695432037
-0.00348965096802421 0.0981773066609281 -0.185007353165962 0.0289575761597817
-0.039084122366653 0.107137464758077 -0.109260586171242 -0.0594820791240094
-0.0953734975021196 0.0926340384999368 0.0457415608767401 -0.180022851106835
-0.137802652859462 0.000521984900030251 0.307315334747663 -0.122243381422009
-0.0810933996272263 -0.0903119214470982 0.455443313585005 0.201264375504576
0.0268044439732635 -0.117821843164479 0.150961547195932 0.645756720841119
0.0770097784465967 0.0073432093483778 -0.368754745669922 0.637798483085315
-0.0192719077387137 0.0761695291976394 -0.640368799074404 0.251196137263542
-0.0999063200914541 0.0856389288980796 -0.398553385088083 0.0344292436956603
0.0235432054399207 0.147231901485948 0.204001101956043 0.0107209463944451
0.0465318400191931 0.0261593164422997 0.043638665851951 -0.255965554243801
-0.0199747350171562 -0.00794472897410347 -0.274604427480988 -0.140674471191786
-0.0677864699737496 0.0424837596988043 -0.342242462659867 0.0581376394666774
-0.0131560645611331 0.0881697780930704 -0.26696203595277 0.177241029269798
0.0245841808690317 0.0962733530300168 -0.190490124693497 0.153492034919179
0.0420892223342259 0.12495686596139 -0.159200448205498 0.0762451871428588
0.00952463258300266 0.14165534771144 -0.102967481468188 -0.0103606527751694
-0.0617260720525921 0.136439699955299 0.0243966261601359 -0.133756124843262
-0.140698383075645 0.0497796964154943 0.257083860638639 -0.085816604883138
-0.11555215999444 -0.0672447961690228 0.375897012915964 0.228074407120718
0.00369783472882798 -0.141179819176636 0.045500212093662 0.624499085758077
0.100438846276446 -0.00961517986807605 -0.450481563891671 0.566624362387818
0.00227158161723871 0.0976536922168723 -0.671821639925147 0.165828398368315
-0.101594942811271 0.117324127630477 -0.372440683156508 -0.0261049172763157
0.0520237640165211 0.151650020015289 0.192063713389161 -0.0492152070342616
0.0854257112090099 0.00772590535832192 -0.0011923142260512 -0.28336609342032
-0.0119644809351422 -0.0491585642099832 -0.309806206095961 -0.125310893310533
-0.100136485999603 0.0197516049066143 -0.358592794506006 0.0941057477897871
-0.0364420955646055 0.0973402661693069 -0.257731498509744 0.221847755411442
0.0289287924994927 0.107938135324095 -0.164766421998321 0.197458754801776
0.0705214450277418 0.133862927767119 -0.127385960228479 0.125766018105366
0.0586705592289178 0.155237667307506 -0.0792224045176992 0.0464215003901486
-0.00662349003261467 0.162138190268351 0.0186155409014062 -0.0704039317780279
-0.10708692863338 0.107724630339903 0.209848617280203 -0.0485556375291831
-0.133807901805144 -0.00207903477696132 0.312217207417696 0.217274458213531
-0.05449377159056 -0.119859562055694 0.0218790207392798 0.575634733639272
0.0800878050998736 -0.0390093185287863 -0.424340144386776 0.523711835056954
0.0279767766263961 0.0896830699224122 -0.63667208777406 0.145375613151629
-0.0738481404749667 0.137011355336865 -0.323759160575883 -0.0666836486980289
0.0663753550651809 0.133452921717829 0.193143980216828 -0.100798159573709
0.110040736973798 -0.00173855745770357 0.000106796118924731 -0.322097360396853
0.00699060265198826 -0.0808540842216593 -0.323801630139645 -0.180220048503234
-0.115789433989815 -0.0137522767700797 -0.40647372316676 0.0603212949548634
-0.0624715204550274 0.0895042949794176 -0.303805207114513 0.236668534143666
0.020931806913986 0.104885241467559 -0.174084102477182 0.238503842541865
0.083110111478813 0.124057503621578 -0.103251696593513 0.17238382221697
0.0995508943508189 0.143696097437321 -0.0402040422189939 0.0993116769951764
0.0568884950622387 0.158671141248103 0.0401276438552399 -0.00427518307036136
-0.0404488885248957 0.148172679468163 0.191792535989012 -0.00941956832030953
-0.116084487986125 0.0789576066760009 0.292052225176488 0.197273835318827
-0.112930465874797 -0.0591329592469455 0.0731253629952939 0.527522855502915
0.029433935425764 -0.0656504445250449 -0.323635585600222 0.517148728487403
0.0556437808526824 0.0535652124112997 -0.564244928466754 0.173792988469107
-0.0194407408823439 0.135260072861388 -0.2778242436704 -0.0959078950727785
0.0647271721090303 0.0979002502012165 0.219658375535911 -0.13232714352101
0.110442714565847 -0.00342903357501148 0.0735898100987223 -0.36352363663371
0.0279654280293937 -0.0914033573308665 -0.287883758001382 -0.312420360279325
-0.105683447798351 -0.0385913507649666 -0.466360481289837 -0.0650659062359396
-0.0715354987883698 0.0740709530811285 -0.398995070685176 0.202305030985527
0.0159864627029767 0.0903757138809603 -0.225643307913314 0.264452456367211
0.0850954872227212 0.0989047313829901 -0.0921835161502336 0.209978257590414
0.122170824952818 0.112452452670147 0.00524088539229775 0.1383134973178
0.10566493038193 0.125668499965578 0.0881237060066113 0.0487267116554383
0.0323450560645099 0.147700445441637 0.215227362403546 0.0236724598951426
-0.0643439889852013 0.129192299288982 0.315704586225869 0.174561797056316
-0.132241348876003 0.0104473395303814 0.167545113478419 0.478699776196754
-0.0218851584729549 -0.0726570918771909 -0.180786514776924 0.513687226781895
0.07179855668767 0.00233399948169417 -0.479726604617468 0.216143734055629
0.0399333705115526 0.104155239029651 -0.247221415982921 -0.120015540110903
0.0619138238890573 0.0449098876438757 0.270023186700677 -0.137181254196365
0.0838909837340428 -0.0162237147633481 0.213901796543538 -0.3843308619795
0.0255982679425781 -0.0773382678383395 -0.169551557095855 -0.485285422635467
-0.0796233300554444 -0.029786998943039 -0.485751269945394 -0.266027090075031
-0.0501663439359748 0.0657224021960383 -0.512238302967008 0.0927917546953432
0.0301887629127555 0.068155492140287 -0.296961673350241 0.268340100604617
0.086779492360731 0.0607257541783894 -0.0892541703659502 0.235260677414877
0.12630367939903 0.0632101090157055 0.0501174094334345 0.158206720986727
0.122246735555709 0.0725849017901349 0.143817739994231 0.074630838700325
0.0771148217596105 0.105059562093241 0.258937876350068 0.0328369885258869
-0.00539961352192711 0.123646202041248 0.359934500680603 0.133701868191036
-0.106109917307506 0.0477595251043243 0.270346329071967 0.404583509638808
-0.047903764346059 -0.0655779330462757 -0.0378647532973311 0.478529347655619
0.0709463606017483 -0.0442472274529691 -0.38195007942997 0.245655938443353
0.0827747839858648 0.0460043509279968 -0.234318449560584 -0.131399428551701
-0.0697250476919115 0.0125960834226022 0.225603977354301 0.157566830036405
-0.0755079016665784 0.0556005584989657 0.32303182470817 -0.207801280871524
0.0130916851750321 0.0584302481654355 -0.0526284424751145 -0.442266763752646
0.0392876205726205 -0.0254724653162803 -0.355659241152558 -0.305597383323492
-0.0283883828499431 -0.0608736045273128 -0.412131029941401 -0.0600860904965085
-0.0895946981779863 -0.0379279332339397 -0.290215882447977 0.0275272633219812
-0.114127472599897 5.93843512110455E-06 -0.178215197070342 -0.0379117678581544
-0.118269022359938 0.00351017256159629 -0.069305162896283 -0.113588593991518
-0.109601570394976 -0.0111699412444185 0.0841886232993289 -0.218147664770316
-0.0679536166572053 -0.0598483141993977 0.323024794329887 -0.203313695901253
0.016201298875819 -0.0592712249540853 0.52082240623137 0.00600348910371583
0.0395603707221274 0.0163332464725916 0.432872359227596 0.433203738172946
-0.0376383989828579 0.0657799718291265 0.0326181217161025 0.611147737322254
-0.0883171183058432 0.00666594767372165 -0.33914131824919 0.433537776939802
-0.070346902493462 -0.014421819457006 -0.344371345609932 0.167413913276646
-0.0515310490621064 0.0774474370957792 0.228482206856772 0.120784146652712
-0.0400297870455423 0.0652854369935028 0.2209601007086 -0.22883694681803
0.00156861726560163 0.0505442405378457 -0.158765326152139 -0.326220647503304
0.00370774357254597 0.0121090788994718 -0.374692149838847 -0.157567216649511
-0.0214698799434803 0.00521382533761618 -0.380863679214201 0.0325618594254164
-0.048136847690477 0.023920413180406 -0.277180846650105 0.0706592796943276
-0.0609089787583608 0.0567114475719638 -0.195581145668741 -0.00832642888538683
-0.0838980020707248 0.0600638093997635 -0.0989095130060622 -0.0942822521603765
-0.108947153776561 0.0434598610700585 0.067305020647369 -0.210125948077027
-0.109817341816797 -0.0330248157173223 0.336073801124128 -0.167448722179318
-0.0380436075742907 -0.0794990146839847 0.522158221841536 0.120241941290291
0.0288111812780541 -0.0592889949703078 0.309564561576859 0.589015384079358
0.0221827071356208 0.0280710005792962 -0.186311461909028 0.677377191659893
-0.0477246168504034 0.0406991815541079 -0.526861632004038 0.367390882288215
-0.0846389918483937 0.0428541576383262 -0.391861989736769 0.107047512658088
-0.0127881999411103 0.123728065968915 0.22029426385915 0.0663430753546571
0.00347927759922819 0.0497334860118584 0.11856015567268 -0.241734146443474
-0.0126007636610484 0.028588414520512 -0.230635792043878 -0.210935133834343
-0.0303312658937596 0.0412384367490507 -0.357229814852528 -0.0228657478175233
-0.00759337009053183 0.0578625831885592 -0.315977803764816 0.120492022055733
-0.00156103326535768 0.0686680216032651 -0.233683571445349 0.118086482210269
-0.000964529135080183 0.0987704114660195 -0.184696395805618 0.035149718399689
-0.0362334980883838 0.108765576371741 -0.110555024386857 -0.0565670307059867
-0.0931084471336514 0.0965577001593946 0.0416609555283871 -0.182237126675962
-0.138704436270005 0.00397143717251049 0.305900959749573 -0.130821725848186
-0.0831127414242854 -0.0885379547699314 0.463671583669015 0.190656867752288
0.0244778401209471 -0.119528131738834 0.168025007219198 0.644944628497679
0.0787167284634391 0.00619979293964601 -0.353769310938354 0.649632003365507
-0.0172849914571916 0.0777266572933973 -0.638883257370677 0.271062633027484
-0.0984404906975234 0.0887038955549783 -0.400208302396517 0.0445512514546759
0.0272929207553917 0.147527092125624 0.206187215462264 0.00518222776728446
0.04711089035939 0.0252707677934482 0.0375725579374453 -0.258455713628
-0.0198247660318581 -0.00766807219553495 -0.27939735999312 -0.133728750969323
-0.0668224535688101 0.0445167291624794 -0.342690955631691 0.0686587282706645
-0.0112899200381839 0.0884160056270721 -0.265333029762804 0.184941026237507
0.0270064979809381 0.0959914257587942 -0.187063232006505 0.160876040697121
0.0452711904065383 0.124431597062422 -0.157940740024879 0.0813412578995449
0.0133490865898304 0.141530130367624 -0.103719363309329 -0.00761187406911785
-0.0593146511779834 0.138721201426748 0.02101644661522 -0.134732828969297
-0.140225367299959 0.0538561254012795 0.256416348777617 -0.0929843037368323
-0.117972942876633 -0.064341377238337 0.383199844199234 0.219855931300865
0.00024484628190978 -0.142245069391169 0.0618011076585165 0.627523305375739
0.101046845781848 -0.0121116896836926 -0.437993040422478 0.581069895104387
0.00414679307309227 0.0989391033731139 -0.670881618371331 0.183890607904204
-0.099398260866989 0.120235841352562 -0.375075754210621 -0.0167193983820997
0.0557960840474864 0.150852458912561 0.192226209857778 -0.0540797487478635
0.0861891381398573 0.00503643658541516 -0.00820830039507754 -0.284812751765115
-0.0134193405618196 -0.0491886631569227 -0.314622018419585 -0.117030600970657
-0.0999735967990977 0.0223261647294481 -0.357837323520102 0.104597550576889
-0.0343501898779771 0.0984015766776041 -0.25267366630636 0.231227102141092
0.03143795971568 0.107685745487535 -0.160325685287205 0.20366063182234
0.0737942127384883 0.132325258083497 -0.1254764194815 0.130214895362219
0.0623141445415725 0.153658903383343 -0.0783670082027256 0.0484638447118712
-0.0028406877799347 0.16323545751823 0.0170291500282732 -0.071740271752667
-0.104973546201444 0.110737660422015 0.20929974397796 -0.0542834760363438
-0.134403313609063 0.000496756051030018 0.319244568353254 0.210502474841278
-0.0567371257160615 -0.119021803358873 0.0363432174987707 0.576885096122326
0.0796193311159797 -0.0405825371106636 -0.412498403166498 0.536481549807478
0.0307357856110623 0.0895803350510368 -0.635505792550207 0.162136419683204
-0.0709301308210509 0.139030122786882 -0.327961216285253 -0.0583219367167698
0.070039474545278 0.132104491721478 0.191796002169562 -0.105874232461651
0.110682223792479 -0.00490083857231865 -0.0087624621651945 -0.322718518527196
0.00538729949367901 -0.0816980386283251 -0.330568252403489 -0.172335837231405
-0.11627919388664 -0.0107226009836274 -0.407516391648437 0.072299679559475
-0.0609239149267642 0.0913731430961928 -0.299822617272194 0.245626913156345
0.0229525069830759 0.10491797077909 -0.168836600826695 0.245050925747627
0.0866003801244677 0.122537019102999 -0.0992733673445878 0.176916980335578
0.103199013327015 0.141211766735396 -0.0382119385189081 0.100631072266307
0.0615912532161983 0.157864974584465 0.0399289389976199 -0.00550674242164387
-0.0370040155695326 0.149521293802064 0.192728004364266 -0.0144235501102566
-0.115121400698102 0.0808580481435616 0.298929800950426 0.190352180376602
-0.114728906515317 -0.0562545767264166 0.0869593964758234 0.528604512815248
0.0278557555045282 -0.0657615278787014 -0.308890086628574 0.528016594361084
0.0569080652587042 0.0520401255200762 -0.564581328394181 0.190741432856023
-0.0163776268682294 0.136183451846331 -0.28182334583338 -0.0892491044491159
0.067436253349393 0.0966444856866538 0.21716131207482 -0.137354042382091
0.11122793217195 -0.00654739242559214 0.064384755935777 -0.367022734081377
0.0256104230152267 -0.0929705535919611 -0.297337504494938 -0.305400589354527
-0.107429356971389 -0.0366998725637438 -0.470596915357779 -0.0535438962865246
-0.0699575008775286 0.0759992916766928 -0.396055359391056 0.21400408880055
0.0179144947519769 0.0903079392823092 -0.22008115482492 0.272959727995094
0.0884383380707758 0.0966954461085525 -0.086999959972465 0.213359753542982
0.126389823261593 0.108863274063957 0.00872482373144448 0.138325486203871
0.109913888281438 0.12402728296838 0.0892795520129327 0.0462000921084047
0.0358238624737416 0.146955172083652 0.216192246534953 0.0183952003403898
-0.060457337959327 0.130538464635671 0.321100262841343 0.167216591143754
-0.132215634058622 0.0138214146067172 0.18145146378098 0.476093604084305
-0.0236193236134263 -0.0721024751938924 -0.168644725230694 0.521620995039384
0.072477465279966 0.000821408270525473 -0.474199844684286 0.230371277720339
0.0426798259247755 0.103410632339243 -0.252148564906484 -0.11403269053544
0.0631531897382807 0.0428807788252267 0.268307393831949 -0.143752350897255
0.0838206041842502 -0.018827909352924 0.205198696242768 -0.391355570343097
0.0241239447283867 -0.0786174167871325 -0.183671178964694 -0.481631872510812
-0.0806892461951595 -0.0278268252123152 -0.495464937983367 -0.254960098594459
-0.0486444061083588 0.0672506468461412 -0.511356516926088 0.10953450718069
0.0318616157310471 0.0681254544621039 -0.291817830992268 0.278546449028607
0.088530601446542 0.0580344466548581 -0.0843942014412668 0.23862791920034
0.128783263578519 0.059800279026423 0.0538583933736177 0.157161841487011
0.125056936867748 0.069812569560482 0.1465843581399 0.0703877235229309
0.0801565064333848 0.103586351173863 0.260953943624468 0.0255314652393969
-0.00305483827083631 0.12396225417023 0.364521618362269 0.123248879287967
-0.105530171847717 0.0507139660650501 0.282854400329067 0.398869261050242
-0.0498994497659964 -0.0640901272816657 -0.0249810748008961 0.481182095959774
0.0702297603551947 -0.0464043004245724 -0.377386308041921 0.258149013580586
0.0840271532862155 0.0433852305314023 -0.239162222309038 -0.125727316451061
-0.0691101812144488 0.0150433607851552 0.230825650866661 0.151639369686315
-0.0742819483108671 0.0577233272008377 0.319164456160657 -0.218037583300957
0.0152297276266026 0.0581250025779695 -0.0646821091170174 -0.443310933360279
0.038607224970886 -0.0266837953878423 -0.366037524286443 -0.295675668745887
-0.0305103197737903 -0.060313738884497 -0.415443543418288 -0.0480135743316621
-0.0909539125122869 -0.0355058275885431 -0.290626863712421 0.0366428667122195
-0.114599997616392 0.00353785238349544 -0.179127224357199 -0.0320312433318981
-0.119007583299459 0.00708713801505301 -0.0720987821985637 -0.111661594990917
-0.110252371834236 -0.00792973548783499 0.0785899711533253 -0.221421188178049
-0.070531195788041 -0.0576675498172697 0.319904156430663 -0.21323200657258
0.0139430991559119 -0.0598232775157549 0.524116962834844 -0.00922448475082396
0.0402908848874981 0.0154094544817987 0.449891258266879 0.423024768742
-0.0354830786425803 0.0672302420652935 0.0490006008591699 0.612892084426184
-0.0887461459489825 0.00890276256721781 -0.329521953816567 0.444874336798417
-0.0708477586801632 -0.0124288463781767 -0.341544488384931 0.17652690840014
-0.0494420522418908 0.079143808485106 0.233413983665532 0.114815794023795
-0.0377925199843329 0.0666690368066034 0.215524949034263 -0.23590903786106
0.00387776972629244 0.0507389180290985 -0.169033008099678 -0.323184634186781
0.00387763205688397 0.0116537931634877 -0.381129074126073 -0.147179618861156
-0.0220838562532104 0.00530058163198345 -0.380596539811063 0.0457817598539466
-0.0480867840218652 0.0255813853444235 -0.275380482679687 0.0799080198051854
-0.0593756718257021 0.057983380265501 -0.195601531232904 -0.00236373875141703
-0.0823955840940067 0.0628131662379301 -0.100993652094113 -0.0915594637229215
-0.108433922320338 0.0463982355409926 0.0619887492837515 -0.21278119955143
-0.111488584656383 -0.0297499189652513 0.332298762968322 -0.178252636274565
-0.0401016779544095 -0.0801267969008785 0.527802861640717 0.105987831346396
0.0274443021880748 -0.0608163824553318 0.329601832137311 0.583152022577593
0.0236473110721829 0.0282197996338245 -0.165776678144579 0.684916933809482
-0.0468856950812005 0.0426532952207007 -0.519612504003177 0.384076241775426
-0.0841818735897066 0.0455497274274198 -0.390317385626526 0.118720825029891
-0.00968663813311626 0.124444701471187 0.223175004327249 0.0601334791959579
0.00488686190094098 0.0497413026430899 0.112900861599786 -0.24548020704399
-0.0117017699114159 0.0294535240833801 -0.236810276748995 -0.204317051436748
-0.0292142398021952 0.0420080781630569 -0.359074990121197 -0.0122776261464041
-0.0065441847260605 0.0580948869214875 -0.313697111927605 0.131503762544369
0.000338135124894559 0.0691190041241944 -0.230635049583257 0.125371767716734
0.00130648856783527 0.0990893713192601 -0.184425398047211 0.0413334365751365
-0.0332219140256655 0.109904450534435 -0.112789021044911 -0.0533229906479857
-0.0910391019960333 0.0990992490317832 0.0371835772850614 -0.183938044484934
-0.139431137781138 0.00774951303008759 0.303651881333387 -0.139667927504272
-0.0861380013358218 -0.0884638760945508 0.47078496792779 0.178655109727049
0.0224731043875355 -0.120942265452023 0.187005738312789 0.643550478588625
0.0795181084076478 0.00457770672592306 -0.336900806461986 0.660883914414956
-0.014911555766446 0.079150717869526 -0.63335410314223 0.28926436530337
-0.0967881572253912 0.0912498251786216 -0.400363744476252 0.0557867086850699
0.0308518439434249 0.14695143232537 0.207439506992278 -0.0001788388784453
0.0482836188483898 0.023995632189312 0.0302333928015821 -0.259775323259538
-0.0199739912872255 -0.00729413049491534 -0.284054786410592 -0.126011442007434
-0.0658970319577107 0.0464090501402519 -0.342263483232091 0.0794025745823236
-0.00959989751318509 0.0889756677616868 -0.26155726858043 0.192967079062219
0.0294950991112746 0.0954806421557136 -0.183211284320921 0.167293695066762
0.0486712723981058 0.123634731394226 -0.155350447731375 0.086733827865026
0.0174615321019713 0.141210103602631 -0.104159847915668 -0.0045186831158288
-0.0554726105018913 0.140886927336456 0.0177415341603239 -0.136070021685432
-0.140053755947013 0.0573267186000584 0.254725981423475 -0.100076965414802
-0.119576670460987 -0.0630828611540431 0.391433416221533 0.210957168618159
-0.0023629198627213 -0.142946766563535 0.0786160684290162 0.629221625632945
0.101714098381259 -0.0138761640893277 -0.424842101747454 0.595653922736349
0.00734354255199727 0.0995433767675678 -0.668403359242579 0.205964139795726
-0.0966991905089222 0.123274032368384 -0.378378772402846 -0.00586419010726387
0.0602650293003492 0.149676961683509 0.191560497757497 -0.0591739572315162
0.0868858022005921 0.00247142862594674 -0.0167343411990278 -0.285249516281938
-0.0145730075193585 -0.049141912325775 -0.318887253322793 -0.108267485468981
-0.100093397918578 0.025556811441052 -0.357282361764275 0.11648096292217
-0.0324538934064985 0.0994769561627863 -0.246714118840114 0.240114093568679
0.0340147820542054 0.107097805413759 -0.15493189167033 0.209276067817095
0.0777947521814871 0.130362898765033 -0.122523611248908 0.134876837753171
0.0665818866256006 0.151723758743535 -0.0776482258665665 0.0505916670571783
0.00138570343284121 0.163899114167758 0.0144947318009803 -0.0721704891819109
-0.102621969432925 0.113552305580926 0.208198491204282 -0.0602414647939409
-0.13431343113828 0.00339816583423273 0.326442662424767 0.201569536847363
-0.0592141446162798 -0.118222039894133 0.0536733402092505 0.577749073503695
0.0792694157456559 -0.0420002666253548 -0.398643772113437 0.550624953158933
0.0331653361018837 0.0889450157757222 -0.635471574161235 0.181935818734129
-0.0678316064991023 0.141146179481205 -0.331510868715828 -0.0490558863371242
0.0735717070627314 0.130282851660993 0.190440759439739 -0.111567502728423
0.111181353113912 -0.00802158462075259 -0.0162524502876916 -0.323541741355178
0.00330665234598466 -0.082472422439928 -0.335928976790068 -0.162697265208652
-0.116995519951326 -0.00750838900078665 -0.407039574144321 0.0836184252242014
-0.0587280962490656 0.0934921869424859 -0.286449596348652 0.260587439251537
0.0258699575308097 0.104712823441331 -0.162720886048895 0.25164616542959
0.0899685616791574 0.120026837773692 -0.0950243179336949 0.180250276318274
0.106934447602982 0.138736268423225 -0.0356041955895999 0.102056834797655
0.0656803959740588 0.156619678662176 0.0400506541438925 -0.00709545667177189
-0.0330090530211985 0.150828986670062 0.192363128263432 -0.020853153302012
-0.11332724070345 0.0833301634448383 0.305132008159062 0.183368437914898
-0.115901711854586 -0.0534885726956878 0.101665311618499 0.527547756394443
0.0268045087550221 -0.0661010130079773 -0.295127388035872 0.538205341001987
0.0586455586740876 0.0506004314493736 -0.560985490674571 0.2079932722608
-0.0134729499627464 0.136179597274139 -0.28650461732698 -0.0808947928851375
0.0701270795629754 0.0945705803317602 0.214598420576084 -0.14448049596855
0.111551943692287 -0.0107476429838373 0.0542492882293138 -0.370307658115773
0.0238475316692095 -0.0941249658120462 -0.306783783221556 -0.29892531075295
-0.109169473109568 -0.0336140263525716 -0.473772609036689 -0.0395123086653137
-0.0683065244611488 0.07833872077019 -0.390754320815077 0.22691717181671
0.020152764420988 0.0902517907344031 -0.213177185623491 0.280781610898338
0.0913095310643168 0.0942700217019567 -0.0822526514480656 0.217042840449438
0.12944277926784 0.104989379551393 0.0119334942842671 0.137802695087468
0.113637584619027 0.121003607237475 0.0904876410571569 0.0436198306545977
0.0403798751569635 0.14660449357079 0.216963848039909 0.0115135907719179
-0.0567510705144899 0.13265979944254 0.326553980014818 0.157547956433611
-0.131886608019905 0.0177472390509631 0.195967309202778 0.472734992020084
-0.0254317671555754 -0.0715558670356231 -0.156055004148345 0.528961322385435
0.0727456732988345 -0.00136200826892346 -0.471779968995383 0.245877013963145
0.0447472685662143 0.101881946811782 -0.257166981419257 -0.107453865837872
0.0645699869900724 0.0407944150210276 0.265592332179479 -0.151122178810694
0.0837632274867658 -0.0217543858999313 0.194828243798072 -0.397939951721892
0.0221315839492309 -0.0801611696162896 -0.19814219443299 -0.479755783299594
-0.0816599190821963 -0.0258617877556224 -0.50400448194652 -0.240551020559252
-0.0468798044790513 0.0689449878680068 -0.505893515941723 0.134841958970023
0.0338467433651663 0.06695014293971 -0.285681721301477 0.288970473521684
0.0907644852936627 0.0556731812034796 -0.0783496898512741 0.242396730120483
0.131174605699405 0.0559660601521625 0.0578492216291314 0.155794722937652
0.127473390911427 0.0666306716602477 0.148519457748708 0.0660613627692409
0.0832506537009434 0.10156009760724 0.261262549690369 0.0171864322518374
0.000317073620959191 0.124560007489573 0.369040915212281 0.113182903140581
-0.104729540112019 0.054174840215839 0.295142819827754 0.392822768860849
-0.0516369126862917 -0.0625314018221546 -0.0127975654121769 0.484127773330675
0.0695024869848361 -0.0492315113294295 -0.372619044288139 0.269487734735352
0.0856308094993159 0.040760269748155 -0.244541322929808 -0.118881487954648
-0.0687188932604015 0.0168255748411152 0.236692821245914 0.145198425450945
-0.0728534658789428 0.0604747921874025 0.314676901190122 -0.228458310854347
0.01698225466099 0.0577650207107739 -0.0782674113833116 -0.442269288370671
0.0379210191959302 -0.0278016501683374 -0.376606632519027 -0.286008426859638
-0.0329236005138135 -0.0600874195992594 -0.418009577564056 -0.0347499121353703
-0.0928204228952845 -0.0330313250993937 -0.289748602162798 0.0464745505585263
-0.114802193109259 0.00712649162992503 -0.18007267834412 -0.026454049743203
-0.119130121426181 0.0110440046161789 -0.0753541382689897 -0.109664365353667
-0.110999350855734 -0.0043867056415656 0.0735383174663078 -0.224580518774882
-0.0724205793850547 -0.0559170678909674 0.314471166362091 -0.223892114853378
0.011951141368139 -0.0611606422015105 0.525869115077086 -0.0231349136375405
0.0409308884529891 0.0138977630223011 0.461850276641511 0.411344101045314
-0.0334740958274841 0.0694241171461108 0.067642597200724 0.612323064897382
-0.0890622730027194 0.0119609389540705 -0.318222947725348 0.457208576476505
-0.0716665009224536 -0.0097733310447836 -0.338593069325523 0.187512094266181
-0.0473062591084634 0.0811455534293929 0.237483908865412 0.108495213788881
-0.0356202899673581 0.0684583693308582 0.209426493891327 -0.243147667106876
0.00536256412824169 0.0508323871929205 -0.178301295529849 -0.318627933408835
0.00413984141336407 0.0111134417704745 -0.386817968427493 -0.136360443193703
-0.0219823151773373 0.00560973368385957 -0.380549523871877 0.057878467429666
-0.0478366736150845 0.026750685314811 -0.273653172843696 0.0892133374266428
-0.0583942130107937 0.0604096435461086 -0.196321804696258 0.00427478558947541
-0.0810298704272726 0.0655242212615925 -0.103839283688728 -0.0883866315209438
-0.107280882806955 0.0497528080369836 0.0561544666344971 -0.21571258214969
-0.113660130708467 -0.0268328791315992 0.328999842731599 -0.188477049580729
-0.0429580387431579 -0.0795944659338691 0.533095404946366 0.0908973081562045
0.0259192843244595 -0.0621616902972172 0.347170028553899 0.575915783138915
0.0252787747717622 0.0280469154103384 -0.14740087176944 0.692988468648628
-0.0461770206368617 0.0442876801113568 -0.509403698487942 0.401525103883154
-0.0837107526319676 0.0485636500357926 -0.388927617720353 0.130390770568577
-0.00632668111146292 0.125204119936476 0.22616403946169 0.0538497322410214
0.00655581545656958 0.0502273024370936 0.10567044389093 -0.250016972569505
-0.0105251725225832 0.0296514994880041 -0.243524931237086 -0.197862568285341
-0.0275947192212085 0.0429885330987344 -0.360597430104417 -0.00102662529601409
-0.00506132621703033 0.057875598271524 -0.310639699093633 0.14196274626645
0.00185345930557785 0.0693772389962466 -0.227658687517501 0.133393104134622
0.00357928728900312 0.099420009493325 -0.18303363137242 0.0473782805355612
-0.0310548049245275 0.111382790501308 -0.114180384022203 -0.0494944119479833
-0.0890971949800211 0.102205769183144 0.0316553702827109 -0.185366254382164
-0.140124363586834 0.0111878328917329 0.300606010027848 -0.149679720640956
-0.0892632029323082 -0.0868285816860667 0.476803511500279 0.165631820582371
0.0192940503823758 -0.123196363398624 0.20578271938376 0.639127366623607
0.08072893703584 0.00264093362968928 -0.316091763399026 0.67290637971659
-0.0131723790324034 0.0801820413065563 -0.627163063420338 0.309503879472844
-0.0946895011673318 0.0945640467348561 -0.401700216172853 0.0674903993406261
0.0352273279160445 0.147047540909257 0.208614544463729 -0.00629996287605778
0.0493540937126744 0.0228499555019683 0.023063768867077 -0.262370065635761
-0.0201554037298819 -0.0068258945017998 -0.288924295781444 -0.117884320495983
-0.0647797634468854 0.0483843501610228 -0.341315981902503 0.0905774643207997
-0.00692779122922581 0.0889570075540012 -0.251352502817537 0.204790958507306
0.031718763516766 0.0950840426645674 -0.178345837525606 0.174012261469629
0.0523106854279946 0.122133387699652 -0.153529928883438 0.0926175455071932
0.0207776845156875 0.141071893832947 -0.104294646433396 -0.00142570315323577
-0.0519547075298314 0.142813155565373 0.0138808650772046 -0.136674766825053
-0.139030198406607 0.0609316389067747 0.253216117246614 -0.108332490236048
-0.12126987035711 -0.061399249222859 0.398007269043637 0.198963937518554
-0.00534390825871321 -0.143769583570743 0.0970555515360856 0.627185970035404
0.102104529131315 -0.0161535960742399 -0.407250722712215 0.611305520370691
0.0109608022232117 0.0989639477131186 -0.665913910532152 0.22498500263348
-0.0941945110951088 0.12633165017965 -0.380666191366553 0.00437522675027617
0.0640561912728798 0.148569407764503 0.19091796430422 -0.0653827293954584
0.0877251907013385 6.93942978201387E-06 -0.0245882551601044 -0.28579029706665
-0.0159628504175171 -0.0492141536323605 -0.323338738584302 -0.0990646217124881
-0.0997472398129437 0.0281976592129823 -0.354374342068919 0.127766472260047
-0.0301391723389531 0.100414926674866 -0.241087210474535 0.248816817642903
0.0368477000963341 0.106497615161911 -0.14855398257389 0.216004709447637
0.0816631689748219 0.128833758347729 -0.118736383126778 0.139080062661857
0.0713546904161876 0.149949394679116 -0.0764743451033505 0.0530876110198493
0.0063152696830257 0.164113069626711 0.0126081324619323 -0.0732368109869241
-0.0997496761239552 0.116722304883142 0.207460948418804 -0.0666559164466835
-0.134146009004657 0.0067566372846379 0.333251884406222 0.192530688857836
-0.0616448943216222 -0.117291360306915 0.0695482513025255 0.578868305654065
0.0789657234802727 -0.0440392142873613 -0.383633059191973 0.565128592490959
0.0364142847520786 0.0885190827551071 -0.631864275970848 0.201564256029018
-0.0645457749705599 0.142644583341255 -0.335674624170308 -0.0399938283891504
0.0774389541214501 0.128404888360549 0.187780115003058 -0.117047807908725
0.111833937551174 -0.0116882628219021 -0.0247317790782704 -0.325122279919646
0.00120263294550499 -0.083401464600467 -0.342099403884908 -0.153355131722326
-0.117903989181759 -0.00439542210026637 -0.406125726232431 0.0971043314718582
-0.0563862670207801 0.0953731643402538 -0.278418416137352 0.272190882104768
0.028391713335225 0.104181820518623 -0.155628430233601 0.258547694122
0.0934990605541829 0.117971219499253 -0.0905695365131632 0.183815533141932
0.111167858024421 0.135558592724298 -0.0332494119741914 0.102481813303638
0.070222958876708 0.155195521073256 0.0392407860872634 -0.0086732139619467
-0.0291404422522332 0.151658383615079 0.19203734009695 -0.0264360362424235
-0.110535126131678 0.0863650372542994 0.311550116252013 0.173906223800732
-0.116872129812909 -0.0505676186082764 0.117810336924077 0.525903652793697
0.0247274479244008 -0.0664848104054452 -0.282253047858643 0.547657374022536
0.0603245350318118 0.0492232516223361 -0.557379512790331 0.22568268312142
-0.0102095804103708 0.136281736007502 -0.290520016061297 -0.072775669564715
0.0730054509275556 0.0926963029789179 0.211680425234361 -0.15015899803826
0.111520823651513 -0.0139541592350885 0.0446441674414341 -0.372876906824789
0.0217892856425627 -0.0957868537267287 -0.316691349090736 -0.290478857097489
-0.109974326167809 -0.0307133302914211 -0.477678470210843 -0.0258383980011664
-0.0666765731005875 0.0798946278823093 -0.3855995960865 0.239192472142211
0.0226790479101861 0.0897706081257093 -0.205637825626895 0.288980780742052
0.0942990684020385 0.0918835807001546 -0.0766767445034684 0.220913606189662
0.132765368351369 0.101169554471896 0.0157850299108049 0.137841610471062
0.117136662229522 0.11851562119322 0.0917542684605129 0.0401994287317247
0.0440715722909601 0.145268604871056 0.217497441868787 0.00428092430611308
-0.0528852592363496 0.134266598030909 0.332513393470003 0.148371378715833
-0.13114317785498 0.0219005717417835 0.211176289430971 0.467952977734355
-0.0272551853744317 -0.0704497552899131 -0.140156227105017 0.53382525983555
0.0726938367782424 -0.00376694576060139 -0.46538454163889 0.261122934611649
0.0472401644848842 0.10098949106469 -0.261279524837613 -0.0996513063174724
0.0655823744362142 0.0392267693099088 0.262229856589203 -0.159040120270706
0.0838430563976654 -0.0247887731286397 0.18484663107492 -0.405337268002127
0.0197978272720422 -0.0813509736595397 -0.212609089578946 -0.473785498831085
-0.082621624627802 -0.0238935217626996 -0.512426332685452 -0.227647339601664
-0.0449555658755784 0.0707246306375372 -0.506492782370447 0.145953394931461
0.0355830076958623 0.0665617890559016 -0.27850115392059 0.298670921784389
0.0928456210648235 0.0529474523675502 -0.071773455965974 0.245929622508562
0.133376556782728 0.0509229678023438 0.0618057322366378 0.154413578709247
0.130118508292956 0.0628477340346447 0.150686583642971 0.0614811298058207
0.0864136242185793 0.0995106148603296 0.262567180145891 0.00931906096851899
0.00454495504066737 0.124127076221556 0.374012230400416 0.101838003991333
-0.10268678916768 0.0573976734528125 0.30824810733299 0.384698677168697
-0.0534520172852625 -0.0610228487702012 0.00150867871896712 0.486491399092208
0.0680306724095521 -0.0519253192438628 -0.366726200049944 0.283042477670824
0.0865136876407827 0.0383175251206271 -0.248794215074366 -0.111673001597986
-0.0683508974386399 0.0187990983113596 0.241870215977885 0.138513366946832
-0.0710406078645912 0.0629498427695743 0.308660305552393 -0.238928015436944
0.019461567698504 0.0573338165296706 -0.0919334490740281 -0.440480258021608
0.0370064953450889 -0.029699450738187 -0.38615522669088 -0.273925442084382
-0.0346648110699697 -0.0593024182922261 -0.420071884446493 -0.0205033800030172
-0.0942111408796902 -0.0299597352615329 -0.288570174319637 0.0564822413186288
-0.115028684565156 0.0106827758003081 -0.180266633883032 -0.020121252152231
-0.119322355808715 0.0154072348614238 -0.0781030374085883 -0.106617727774196
-0.111268127719145 -0.000733507299156606 0.0666277957902399 -0.22633692320822
-0.074232984896031 -0.0534707405358576 0.309232763039812 -0.234801504613594
0.0101859192714689 -0.0617896467262307 0.526825849754696 -0.0401792735521472
0.0417747846604572 0.0126374480643795 0.476998199310866 0.397846243121817
-0.0311141678341324 0.0706366759458596 0.0858565648421192 0.612096241911951
-0.0888822118152111 0.0147501651228804 -0.304464202230096 0.468129253088326
-0.072479485274159 -0.00723267458484128 -0.333272103991393 0.198153641666439
-0.0443425298013636 0.0831248803359998 0.241529570601692 0.101135798721532
-0.0342441067046047 0.0698313390373982 0.202185728785396 -0.250690169756917
0.00717159249161218 0.0510356357393065 -0.188838271818435 -0.313696584977147
0.00509607069331179 0.0113526054500986 -0.391471021246371 -0.122867687517321
-0.022721262386158 0.0056595925552726 -0.379764747350964 0.0698757902233592
-0.0471529195379498 0.028428958415042 -0.270748197742806 0.0988154181316582
-0.0566546973638828 0.0628301302324075 -0.195937696279325 0.0109562368269697
-0.0792953852022828 0.0687293661277662 -0.106252894535493 -0.0850347817083116
-0.105908482217534 0.0537480792700382 0.0500302204845876 -0.216797464564277
-0.114669375439554 -0.0231899143746477 0.324045886021017 -0.198953364577396
-0.0464527242892972 -0.0784154868337649 0.538245846083429 0.074990073504692
0.0241361357998953 -0.0634925102374968 0.367215118918431 0.565651018136769
0.0266804261178326 0.0277063734541988 -0.127105005999019 0.698462401865717
-0.0444949277527572 0.0458674080714086 -0.498771462975129 0.416967342031462
-0.0821348350147715 0.051377575849199 -0.385926264036933 0.142034190692926
-0.00237169248059086 0.12572788885198 0.228740092110211 0.0468977358675931
0.00817374910887399 0.0501965413137454 0.0983241337478051 -0.254251890964872
-0.00912112081570446 0.0300516235553878 -0.249818367084 -0.190763660190625
-0.0267429233441088 0.043534598766027 -0.361115993553463 0.0107223520931363
-0.00398322805209543 0.0580926374863191 -0.306406984906199 0.152845576179851
0.00400968461189141 0.0695006626096199 -0.223344981980533 0.141120204943885
0.00700038128078849 0.0991859896212386 -0.181512813691369 0.0537741746057976
-0.0281694042417627 0.112323468241999 -0.11546848463157 -0.0459484817588908
-0.0860926370146333 0.105181046178593 0.0264833830256285 -0.186138157101919
-0.140943448776797 0.0152433363480704 0.2972853947368 -0.158735391766004
-0.0917892341802704 -0.0847874438477748 0.483034199164018 0.152064640833938
0.0159890360491571 -0.124622844112521 0.227527355718401 0.633326018412889
0.08159553621095 0.00127500262412081 -0.297270720287098 0.684554298780812
-0.0102673494115737 0.0805592611302473 -0.618459577457947 0.32918879377448
-0.0927264514210795 0.0973160853094316 -0.400767786920896 0.0796237125463939
0.039528155491902 0.146257563456724 0.208973971342443 -0.012485632165106
0.0503607163176517 0.0207835258652218 0.013878982277365 -0.263034221671898
-0.0203137316604445 -0.00636889598278139 -0.292878228633167 -0.108567449671286
-0.0631730700071382 0.0504953575719543 -0.338598887805916 0.102492568118025
-0.00451746399082502 0.089063510986601 -0.244773430014336 0.214812470584867
0.034137740192419 0.0938740920213185 -0.172730649874588 0.180773893549828
0.0562673480604246 0.120911512355399 -0.150453601833749 0.0979480456179358
0.0245982545957958 0.14088662495393 -0.104978388271135 0.00217914757495162
-0.0473175212331506 0.144530087342317 0.0101052125488293 -0.137097203502412
-0.137927734669478 0.0653868322228035 0.250394294850632 -0.116710981861978
-0.123128843233516 -0.0581510550300297 0.405175349542402 0.18827431598443
-0.00918371155536818 -0.144131655608863 0.117953686584211 0.626468558753604
0.10278740023166 -0.0187502329762823 -0.388132272226421 0.623675184998332
0.0137882758944256 0.099492156559426 -0.660135512911468 0.248226003541687
-0.090919545225974 0.129225062361394 -0.381601082482848 0.0170990022483472
0.0681943171756983 0.146293266354765 0.189300326341414 -0.0712380114738374
0.0881152868769409 -0.00285865242173053 -0.033504708166151 -0.28554098362344
-0.0170703276329562 -0.049127450672971 -0.326838093005893 -0.0884512806920862
-0.0989314242914142 0.0314756868320449 -0.351517038195749 0.139367675334053
-0.0276618618766122 0.101579129248185 -0.232820703325302 0.25719958806527
0.0397236555407381 0.105380620970209 -0.142001276865532 0.221522624514954
0.0858781833003376 0.12638776187533 -0.114401507705728 0.144294578868247
0.0759020150086233 0.147911207054473 -0.0747499505162588 0.0559243328085779
0.0111123962231277 0.163828612253103 0.0101778363078558 -0.0735781770472128
-0.0971353168963368 0.119380283402957 0.205409974683202 -0.0737249502577838
-0.13381794064813 0.00978199026314787 0.340635510874545 0.183048486097043
-0.0647826813881433 -0.115323491964183 0.090348033644542 0.578114846971438
0.0781006175530161 -0.0454414918748745 -0.367915420697901 0.577143657688779
0.0393976977167836 0.0874392749938692 -0.627271189343934 0.221846610004981
-0.0604445940400537 0.145095957428628 -0.337745605081832 -0.0295911754629117
0.081027277200101 0.126096499832544 0.185153935792974 -0.122777869553046
0.111719213487151 -0.0156189917582921 -0.0361026090191314 -0.324536559390518
-0.00101483727969544 -0.0834909112780825 -0.347342483517794 -0.143190653853319
-0.118236225211779 -0.000533704028978637 -0.403277721150198 0.109926135632964
-0.0542681410095844 0.0967738610817083 -0.283370848690637 0.274823720002686
0.0315015495991072 0.103443467131775 -0.148199109382293 0.264585153689
0.0969000967917915 0.115012999599557 -0.0847900988035434 0.187708912589612
0.115778673090623 0.130607271449237 -0.0300237557858077 0.103667144901014
0.0752365160156587 0.152897842457657 0.0391180628248202 -0.0102640992799772
-0.0243236427645884 0.152474461247323 0.190874050833493 -0.0328863674885851
-0.107429545406347 0.0892233322261373 0.317769841733068 0.164434035380022
-0.11779864344942 -0.0467190889501514 0.135937982058711 0.523029606455824
0.0232294946628669 -0.0669622358300498 -0.264761244512942 0.56022165624738
0.0623124566889868 0.0469865985768052 -0.553153147311006 0.243846709944836
-0.00634080977363839 0.13660067230596 -0.293969291343646 -0.0642260655169679
0.0756391956297364 0.0902243898237379 0.208216330418916 -0.156597425824404
0.111800771099629 -0.0175749855236356 0.0325696595373631 -0.374082494461994
0.0186183299306438 -0.0969850524983002 -0.326117413335359 -0.280970377254622
-0.111384632642432 -0.0275997620507569 -0.47862518492737 -0.0106449882311148
-0.0647345077173103 0.0823063080211703 -0.378521416940654 0.252982343219006
0.0252516733191517 0.089738617073133 -0.197273737970481 0.297022039363693
0.0976699210537697 0.0884136647559146 -0.0702096550459051 0.224078616986572
0.136401870023373 0.0963302938239685 0.019975545715864 0.137129786457709
0.120801885755616 0.114464338264067 0.0927047761144236 0.0372803519714436
0.0484956524442113 0.143883427900077 0.21771068308921 -0.00311100163054947
-0.0492494449814769 0.135253257694764 0.337817012657323 0.13771416860647
-0.130107703794964 0.026366014248796 0.227056611548942 0.462127959690395
-0.0293160198239985 -0.0693973881962541 -0.124302276778731 0.539404933580575
0.0727640301559198 -0.00667316519349154 -0.458837573773111 0.27672251116764
0.0501471132370927 0.0987381152876364 -0.265701504341674 -0.091192258187662
0.0667931028018903 0.0366798485522152 0.257937792549916 -0.166747059800448
0.0835208105728212 -0.0279575975085874 0.172575643852625 -0.411402672747131
0.0175840659387004 -0.0819600725409024 -0.226600916159416 -0.468352375132065
-0.08355611078621 -0.0214195526255861 -0.521018033256845 -0.212438472064966
-0.0426040531769441 0.072119515002679 -0.499220264263296 0.167006414185023
0.0380013581402835 0.0657633424515316 -0.269514281561956 0.308703894858266
0.0946113680546707 0.0498138223113984 -0.0653310257592486 0.248642889667927
0.135020178175386 0.046359248876391 0.0663287727416301 0.152449029325431
0.132672277431016 0.0582612012918564 0.152136940278171 0.0559634655298865
0.089273554045218 0.0969110917586896 0.263155596805692 4.32739763938758E-06
0.00846026937720632 0.123879620496209 0.377114486674785 0.089708930064446
-0.101014611722442 0.0605813748493306 0.322001422170668 0.374918788358431
-0.0553129693546374 -0.0588274772360538 0.0173623946775933 0.486320683299766
0.0665369933678625 -0.0543290570647902 -0.357646784522803 0.295133822933719
0.0874389703746823 0.0350458779488071 -0.253912207874601 -0.104107549274841
-0.0675353866808235 0.0214968236833947 0.246327641386988 0.130164417088989
-0.06892452512294 0.0654357290818608 0.301433208198407 -0.248494291466997
0.0211582091417191 0.0566104526977358 -0.10634523369393 -0.437654915049388
0.0358336851217763 -0.0313122617872924 -0.395195527709969 -0.260185666256424
-0.0376097874651511 -0.0583342403013901 -0.420525737075043 -0.00602201793182292
-0.0952797958801511 -0.026587318836244 -0.285437307267202 0.0669503615464938
-0.114594110576252 0.0149189810656847 -0.180373081420492 -0.0138689247588225
-0.118993289599007 0.0195006855908296 -0.0808238479031877 -0.10373417010689
-0.110986398164134 0.00305447241951062 0.0598955713644741 -0.228571397640702
-0.076294076030655 -0.0506876923145342 0.302056116220566 -0.244604952715656
0.00749983805979989 -0.0621902858326276 0.525505917813577 -0.056780663090451
0.041766235073425 0.0107027198130787 0.490466059621112 0.382408171695962
-0.0281059821655224 0.0720325776245429 0.106995836750791 0.608302620395702
-0.0881366285857716 0.0179117487641212 -0.290563744631553 0.476793070877012
-0.072796718907574 -0.00454929144342133 -0.326717432485076 0.208370297649019
-0.0421371467232648 0.0844552157800821 0.245477930867038 0.0935690130920663
-0.0317012691465661 0.0709550592523491 0.195531936103294 -0.256818455472528
0.0090123926543335 0.0505627834402565 -0.198161912931325 -0.308027540808986
0.00538389522427407 0.0107546906072157 -0.395840056212507 -0.109041911754688
-0.0226080052895704 0.00617860544410781 -0.37664616673487 0.0842207719396918
-0.0467564479873772 0.030156204180968 -0.266370418062893 0.107821511766183
-0.0550873703178652 0.0643238859637783 -0.195095662845439 0.0185375412060301
-0.077157145900931 0.0715171018788041 -0.108520357707483 -0.0807130369866795
-0.10447019861482 0.0570972689383798 0.0436180239016018 -0.2185266336624
-0.116140507482449 -0.0194258274633823 0.3179735097939 -0.209513050437364
-0.0491402078883508 -0.077792478044457 0.541442067416957 0.0575714691920171
0.0221195278537663 -0.0650179534084322 0.384070026413608 0.55463033260828
0.0285239747250002 0.0274889999054929 -0.102893135533333 0.702916067303661
-0.0430350196267126 0.0477367033810368 -0.484586418676145 0.433134376770572
-0.0811521278930004 0.0543847265089417 -0.38137664273372 0.155024036084514
0.00154133889817293 0.125451260072604 0.230371721491004 0.0392786997172232
0.00998604215702797 0.049655693816794 0.0900744290479181 -0.257710723468618
-0.00826436418809834 0.0301281831455873 -0.255752160990043 -0.181436407978934
-0.025250675380571 0.044142826933846 -0.36066803379031 0.024069669432934
-0.00270413662683563 0.0577520321340938 -0.301038823122819 0.163442948276647
0.0058932308026757 0.0689192343189726 -0.217492496386654 0.149947101004126
0.0096225903116524 0.0993886177039232 -0.179034554249743 0.0601834905775288
-0.0248076883164662 0.113013423286346 -0.116435831286606 -0.0418578617938088
-0.0828712630615794 0.108159855938962 0.0211454803190575 -0.186703657029836
-0.140675027333208 0.0199077044232398 0.292150121207068 -0.168368561411491
-0.0947863974628617 -0.0822523691937535 0.488146080615043 0.136069101224658
0.012370814245542 -0.125303749865643 0.248670597646558 0.625775248704569
0.0826756021288124 -0.00094078211444279 -0.276102898498114 0.693962464829733
-0.00738738458842058 0.080866126380735 -0.607679370499752 0.349170558123391
-0.0898071224541109 0.10093137825628 -0.398315442656041 0.0926800482083466
0.0438713381461839 0.144594026671267 0.208763210664611 -0.0191683051721853
0.0509366137258988 0.0194843405362252 0.00638120886897293 -0.263585510115406
-0.0200227004395344 -0.0057409255529321 -0.29593916835497 -0.0984049851297818
-0.0618190911618335 0.0524497106356924 -0.335090720892131 0.114099109710985
-0.00283822472800416 0.0893433154716662 -0.247065089140866 0.218226559383859
0.036543040068266 0.0927562237493962 -0.166593750200581 0.18672725903308
0.0593441331645516 0.118751498476056 -0.14704891969023 0.103128516954479
0.0286733667886202 0.139699760687145 -0.104632321952464 0.00537579042664705
-0.0433104682881516 0.146184725635465 0.00532854456236939 -0.137177794444943
-0.136297759574211 0.0694081344819752 0.246663382126009 -0.124140495672395
-0.124903321102865 -0.054550385397393 0.411205138699322 0.174638866792249
-0.0131170862050499 -0.144580444669379 0.139608264631291 0.62329790259282
0.102781154394166 -0.021385565052706 -0.369554157116393 0.637129712286666
0.0170610277929474 0.0993501707863198 -0.653485859725644 0.268330805421876
-0.0874728835143624 0.132036308370584 -0.381430557732183 0.0297362970219035
0.0728512828275505 0.144229146667218 0.188092216609779 -0.0772674659773295
0.0877065849779902 -0.00602838997030784 -0.0434014648412611 -0.284283515439331
-0.0183882984645785 -0.0489427835324615 -0.329466741859016 -0.0782393539763981
-0.0981190061932715 0.0346216079813158 -0.346745561874878 0.152084909510152
-0.0247378824470809 0.101908355673364 -0.223641112603163 0.266070733797276
0.0424172493428215 0.104509068096703 -0.134699420562257 0.226854185064214
0.089431065465115 0.123418666975002 -0.109269751684328 0.148037173816735
0.080019480365946 0.144704636888669 -0.0728727465628875 0.0582366504937715
0.0161900598505944 0.163290889759705 0.00775273987381769 -0.0738341914817934
-0.0933562571141538 0.122221900982553 0.202951555284397 -0.0805648609714195
-0.133166936159367 0.0137328626169528 0.345763533410331 0.171322304465895
-0.0678834587284984 -0.113265136466325 0.108138525121092 0.574977513652989
0.0772067824329951 -0.0473632196461527 -0.349041317273558 0.589407907768529
0.0417770604417089 0.0864447402311729 -0.621319242864393 0.244095767949257
-0.0562705322862957 0.146423250407156 -0.339057086577033 -0.01862720180647
0.0846159853077767 0.123219251687783 0.182045447761588 -0.128348819885996
0.11145194914118 -0.0195723296311134 -0.0475801432089892 -0.322249882245112
-0.00372376959043395 -0.0841120522722006 -0.35130765880342 -0.131925820082544
-0.11822944946661 0.00296285177458388 -0.39986319752393 0.124451813104931
-0.0516914924720963 0.0984417282630921 -0.271404463909992 0.285544790892075
0.0338727685613406 0.102495606771529 -0.139588836204343 0.269733458349754
0.100741801425638 0.111379356779055 -0.0789027230956133 0.191042723402608
0.119706801436914 0.126655576866606 -0.0266113357325599 0.104634615862299
0.0795950926621625 0.150181446409336 0.0383649130766014 -0.0117577838590082
-0.0201034499305964 0.152891718520096 0.190276397296734 -0.0393913787136194
-0.104281170515774 0.0919875999478675 0.322929980094709 0.15333215351111
-0.118444702857225 -0.0429977346928111 0.154041395440299 0.518812041670352
0.021591772645913 -0.0667889219647751 -0.245887791547065 0.568011736974938
0.064013562206038 0.0443297680414777 -0.545038642460252 0.261800793237396
-0.00282183413216681 0.136088873040966 -0.296639372358464 -0.0542915083065069
0.0782795032741556 0.0875879637237337 0.204045721897107 -0.162684066508151
0.111750455139414 -0.021553088993312 0.0217588767646386 -0.375115724892123
0.0153892991106932 -0.0977885956082678 -0.334983702209617 -0.269674436484263
-0.112007032985258 -0.0242892905317751 -0.479341450148632 0.00516724641881408
-0.0623758847961491 0.0844265263969694 -0.370974472624659 0.265892903448418
0.0274578586404202 0.0885955824948499 -0.187453788113714 0.304147786056154
0.0998420834382658 0.0852334923450364 -0.0628594898630315 0.226858543377666
0.139117016332275 0.0912127572615448 0.0239439526719024 0.136211477308532
0.124771929094693 0.110599160303096 0.09364280599038 0.0335684951077075
0.0528439306091562 0.142361022357912 0.216989192057117 -0.0104809226326738
-0.0444269237940799 0.136652873540232 0.343145912914553 0.125988319603031
-0.12836115501653 0.0301164936380136 0.242157234066315 0.453583675706142
-0.0311922120128742 -0.067603448565652 -0.105963197953597 0.543431620575042
0.0726200790650564 -0.00889810738775139 -0.449628929935162 0.29195886263652
0.0529790270355406 0.0969242201572691 -0.268854108999633 -0.0828252432972489
0.06796878457724 0.0343422229483563 0.253145665435792 -0.174383964916348
0.0824349567625493 -0.0306058862944056 0.159802213476945 -0.415874277753224
0.0148919045446704 -0.083376706067289 -0.241713324589916 -0.460665458522847
-0.0843325215984388 -0.0187701845435976 -0.528382312810593 -0.194269132059155
-0.0402383698089132 0.0732208028636698 -0.48845403498547 0.191295437949452
0.0399503400091128 0.0643023311235604 -0.259174372454366 0.318785128385171
0.0961934446091996 0.0465449214124412 -0.0575453798312092 0.251429455910452
0.136944886388272 0.0416683624975865 0.0704874785049314 0.149593773631032
0.134716888312185 0.0541645119412832 0.153692565313503 0.0505601284465365
0.0925756420852548 0.0939438949704406 0.26248625126477 -0.00879201630231595
0.0123834944854856 0.123487590368414 0.379978910802737 0.0760078325121078
-0.0987558631806186 0.064083076182198 0.334351630921945 0.363931615194471
-0.0571693477247385 -0.0563416134925896 0.0334593599538349 0.486191818147729
0.0645853970201117 -0.0568243093475462 -0.348913400027854 0.308099772722733
0.0883831447829928 0.0316455848155199 -0.257302624253131 -0.0955336996982657
-0.0664251946272739 0.0238548952350209 0.250645810275621 0.121956917038617
-0.0662227860892245 0.0678039399033629 0.2931924745116 -0.258060725420566
0.0235426974520698 0.0559830872180537 -0.120839747753464 -0.433272939157869
0.0348196872163433 -0.0325408539636167 -0.4034311874012 -0.245749229433265
-0.0396579066251731 -0.0568750788362604 -0.419279849820592 0.010062740788524
-0.0960395583129242 -0.0231398004767663 -0.282580993693127 0.0772771819274107
-0.113650523460997 0.0188318719323109 -0.180345436476667 -0.00696226791314843
-0.117834158595026 0.0235938153225792 -0.0838735053974951 -0.100448509605167
-0.111022848184333 0.00709735032382332 0.0526415489766306 -0.229945144857368
-0.0781138947364083 -0.0476672039321951 0.293688044728504 -0.254555380057529
0.00510261127080844 -0.0623657750059201 0.524321536467633 -0.0738504829769474
0.0419504813352561 0.00941778971648363 0.50341203605149 0.365164804124915
-0.0250099412351786 0.0727952362845268 0.12630669526309 0.602801325926527
-0.0876642815457303 0.0209315201288367 -0.274844246017662 0.485613606415276
-0.072713026142616 -0.00176329670017182 -0.319915680849936 0.21886551660005
-0.0388980556460318 0.0856896214285225 0.248266642327075 0.0853196724769654
-0.0288446154693581 0.0724347220741899 0.186482645702353 -0.262950935839629
0.0109478606281307 0.0504360114709232 -0.208291080812855 -0.300963437401882
0.00541091745475358 0.0101816548848726 -0.39826252950236 -0.0961380247830377
-0.0226384509509791 0.00692986023517497 -0.36893546739985 0.102393703383929
-0.0461769215655074 0.0317979992575152 -0.2622779841528 0.117690566408919
-0.0525992124961405 0.0664990733163036 -0.193152034250368 0.0250521355521001
-0.0754519567244937 0.0739175228540634 -0.11046211999759 -0.0773027266079626
-0.103045311767835 0.0606484869032903 0.0364620558552706 -0.219132125287822
-0.116757367308944 -0.0153092462911455 0.311255696258823 -0.220710856647753
-0.0508056512023906 -0.0771107892789547 0.541957947219165 0.0400892679115032
0.0205364662028499 -0.0660755491843776 0.403355078436913 0.540802430738201
0.0299212070894324 0.0267876289948583 -0.0793862916566049 0.703473722561017
-0.0412191299268809 0.0490722123990625 -0.470571741113269 0.448585516170895
-0.0792694089230414 0.057089962023068 -0.377159622059682 0.167001367021764
0.00565305544705867 0.125707826230491 0.231346891023454 0.0315616592146865
0.0113077923865599 0.0497244113091104 0.0822592127078707 -0.259896106942733
-0.00718503943793469 0.0300697213183786 -0.261924860937067 -0.172582754064686
-0.0242226190008951 0.045072209860355 -0.359525029068899 0.0368644551560841
-0.00112864406693447 0.0571513967415413 -0.294225417894687 0.173687496471344
0.00727582938567916 0.0688636832942952 -0.211613371005641 0.157294390399214
0.0128473971584975 0.0986311856464742 -0.176325154470042 0.0664025196650627
-0.0213264204539769 0.113962583389261 -0.117283153678586 -0.0375526486902042
-0.0794365853787614 0.110382509117448 0.0151403813334427 -0.186736459153618
-0.140932232852524 0.0244097062243161 0.286202533463565 -0.177859106551513
-0.0971550397327768 -0.0802502477850027 0.491566944004981 0.120085375164784
0.00896802810215612 -0.126379107617305 0.268306024843162 0.61708016230742
0.083192517802638 -0.00375556012435058 -0.253314546368899 0.702355715178771
-0.00512817106008243 0.082117662274885 -0.595289522315077 0.36958915336499
-0.0865460272249321 0.103472694801221 -0.395488357824824 0.105190099124915
0.0483319240298782 0.142839459017958 0.208095546500957 -0.0259606433984938
0.0514330757607351 0.0176816357877033 -0.00119339868730131 -0.263960993684349
-0.0201278160133738 -0.00504645169161757 -0.298471562219629 -0.0877408072735264
-0.0598420071105915 0.0542835868123017 -0.329926026869792 0.126334562833296
-0.00018259848334858 0.0886564638447064 -0.235953326579197 0.228245135639015
0.0393489398720014 0.0914134728293273 -0.159900706734141 0.193533256772261
0.0632150438374876 0.116568470632609 -0.14341458122165 0.108946431765001
0.0335729607376518 0.137847680390949 -0.103645599531164 0.00958667514378116
-0.0388100688609838 0.147177584153106 0.000297739232889426 -0.136912149172458
-0.133712660607506 0.0733241524362295 0.242500351024203 -0.132519941963508
-0.126446754303784 -0.0513777561907505 0.416416522622918 0.160766576176385
-0.0173772537584968 -0.1445285619914 0.159617801742605 0.617755758868519
0.102733838161334 -0.0242571273053196 -0.347230425047125 0.64717372592064
0.0205526399758758 0.0986867639278805 -0.644417199498708 0.290841446447875
-0.0830138738739287 0.134247777062506 -0.380515482873144 0.0419876619767651
0.0774024552533365 0.141277384381421 0.186045028755877 -0.0831134628305988
0.0875973839794377 -0.0092967252409594 -0.0522185229407196 -0.282867138178196
-0.0200889212442358 -0.0482887211708221 -0.331442502183239 -0.0666411969972461
-0.0969158376629463 0.0377007134487481 -0.339867635674001 0.164327878861741
-0.0217736679670746 0.102631006482037 -0.213072975544233 0.273955788301384
0.0454176715654145 0.10267602271474 -0.12640158556318 0.231597927750427
0.0929611386310272 0.120189794145241 -0.104610724163067 0.152239095794386
0.0846487293356165 0.141902279023694 -0.0707704451889198 0.0605109806474486
0.0212606921168194 0.162283631316501 0.00514670435827164 -0.0740079555208933
-0.0895363288886066 0.124754721507543 0.199740362532922 -0.0874244440957848
-0.132228344245437 0.0168530779687975 0.351471469169932 0.159240557871678
-0.0703525427168051 -0.111501327047935 0.128596183169073 0.571414548668045
0.0761309769308041 -0.0490665558413148 -0.329442107440623 0.599206051048077
0.0447475598270167 0.0849624804875447 -0.612782532398597 0.263715255133833
-0.0517022044808502 0.147759581901021 -0.339719346994633 -0.00705975895019907
0.0880373875357808 0.120272441009547 0.177778360169186 -0.133929007615645
0.110713145891388 -0.0235027907732332 -0.0571928276767625 -0.320214023376351
-0.00573407181160167 -0.0838058707368322 -0.355587933705248 -0.119118199537115
-0.118506309802747 0.00670199725965688 -0.395210197483977 0.138698186172198
-0.0487442002423256 0.100106286277109 -0.250726764446985 0.298844317241525
0.0369639726532988 0.101340466276834 -0.129781965393259 0.275049632086069
0.104101517863783 0.107610401892965 -0.0723438869397079 0.193665900954425
0.123046975939958 0.122506400597167 -0.0239659999503588 0.104343182695227
0.0841974918541389 0.147464463622429 0.0379135803102988 -0.0130318096312329
-0.015174277611463 0.153103357978887 0.188108811405669 -0.0464698839638177
-0.100653754479929 0.0946732622567687 0.327010538989124 0.142247787558796
-0.118916203123719 -0.039495950391735 0.17125562164038 0.512970779190171
0.0198002984209091 -0.0666086819187073 -0.226556825822741 0.574151862353333
0.065239694913289 0.0429123121313271 -0.534389390785983 0.280718025108611
0.00171999638766601 0.135615270532826 -0.299145343562906 -0.0438895019258897
0.0807258968473133 0.0843727339328242 0.198619835961561 -0.168396374525356
0.111195352533787 -0.0258779480509496 0.00979564711731159 -0.375287770344015
0.0128850560997178 -0.0987128202141943 -0.343220506594745 -0.257862304840623
-0.112666450317204 -0.0207619301944623 -0.47892923477927 0.0223700149569632
-0.0595735033434913 0.0863680837839502 -0.360824880699595 0.278632054415058
0.03073057961111 0.087760637249917 -0.17745628850963 0.310505084980947
0.102454082132042 0.081797874226842 -0.0557248491431199 0.228880595964528
0.141812523205724 0.0855172930101528 0.028086955014281 0.13484855925671
0.127884434272494 0.105986538506048 0.0942735444085233 0.0298867514635694
0.0576263861690858 0.139671903715862 0.215759980452971 -0.017954257954895
-0.0396233069399053 0.136872570094661 0.345685763687683 0.113196638911337
-0.127366116255855 0.0341417164633056 0.257148275652762 0.445224409119253
-0.0329584936275534 -0.0659135590851445 -0.0885858966005498 0.546204428656541
0.0721372813447298 -0.011682199892286 -0.440438589221865 0.306861563966023
0.0560199023769586 0.0943084255199428 -0.27156377560847 -0.0731280717004117
0.0688379298052416 0.0314611385404239 0.247660726750826 -0.18185608175222
0.0813747475347776 -0.0335534466459156 0.147337905519465 -0.420522293627652
0.0121291359600035 -0.0839605674166947 -0.255564993634554 -0.45273073765838
-0.0843183682087597 -0.0160154144127003 -0.534241646997301 -0.175784341528169
-0.037842901952736 0.0745637835548699 -0.481345260599399 0.206065644012991
0.0418733616985835 0.0630165576733554 -0.248392904176706 0.327907991896734
0.0979911294265872 0.0429605455753831 -0.050120244491756 0.25300651425052
0.137613319341001 0.0360207515236763 0.0750439422775319 0.146727823474478
0.136315114045736 0.0489574278721306 0.154514837975514 0.0449932972746495
0.0954871929714809 0.0905861977583934 0.261064968128107 -0.0185459302056484
0.0159696173064736 0.122944882183466 0.382108235944044 0.0626148124324298
-0.0963413575494448 0.0676242281076974 0.346549523765799 0.351818046327482
-0.0591366657807835 -0.0544933699509417 0.0495465167084829 0.484431432882452
0.062292072586228 -0.0593675951607984 -0.337855647681918 0.31967236939028
0.0886825620801673 0.0281615303012861 -0.260802726240197 -0.0860216465672975
-0.0710839611324102 -0.0133813631137937 0.168469550939696 0.227105424763891
-0.09597739186688 0.0308666362204384 0.383075342814496 -0.0963033947435531
-0.00810970615136564 0.0665472665755073 0.0949772605612395 -0.439919770401268
0.0462835913995998 -0.00681849406293118 -0.247386650183898 -0.40377981605022
-0.00633943440462203 -0.0635590925044926 -0.379535903273103 -0.180042007466674
-0.0742675433602682 -0.0623192536175988 -0.284811992076709 -0.0593095736055212
-0.11217041565848 -0.0347771687270751 -0.15507985608552 -0.0870837305019336
-0.11762401104337 -0.0337497695495461 -0.0284326098957405 -0.124459302427479
-0.102967711406643 -0.0446205818793961 0.149995498200589 -0.180292854298134
-0.0481909245871628 -0.0799532793492871 0.37186323707993 -0.0936610868963635
0.034689291725461 -0.0558577769453624 0.496432111642345 0.170597971616392
0.0423006978552833 0.0293896614811812 0.274634102937083 0.553143414650804
-0.0554107331161484 0.0593738707313042 -0.172910689178472 0.592616936457187
-0.091299962674051 -0.0143733387672384 -0.475367342489733 0.298661673665902
-0.0640154374796457 -0.0334146648775112 -0.390247067885875 0.034960029800506
-0.0760779567523635 0.0548694471142961 0.184846308052389 0.19270806990998
-0.0638308846388788 0.0527638977538202 0.288997325200918 -0.150355801498119
-0.0143689979458207 0.0549730512008706 -0.0445499011405682 -0.36234053262492
0.00283783244061265 0.0162220424995594 -0.310540389756946 -0.266306385300684
-0.0201272737227904 -0.000427991848964617 -0.374293867774193 -0.0783639802818317
-0.0547856806868242 0.00881756447280839 -0.284108602565242 -0.0157460097689913
-0.0794063280098133 0.0352066623627741 -0.180670432752085 -0.0653106699398195
-0.102963061730483 0.0311944943047908 -0.0621847482883918 -0.115079261949218
-0.119655324103403 0.00619700315498433 0.129989568985928 -0.176951815537473
-0.097100308194097 -0.0684617199083393 0.371372006032103 -0.055962594709401
-0.00852654529004485 -0.0935998757812522 0.461381362193324 0.276947239937764
0.056540577877892 -0.0434732391009516 0.106829972181222 0.660971608904263
0.0121299675419389 0.0448800030579821 -0.400816631179835 0.587326984775529
-0.0662341322013865 0.0306594160311962 -0.633496601974494 0.173805374819389
-0.096130558795356 0.0163015181340985 -0.415164287220374 -0.0400180488950374
-0.0549135499956807 0.111901395464728 0.195768967234908 0.136166893672813
-0.0162622586174211 0.0519663411039978 0.192955298179654 -0.195288076860582
-0.0192506184578698 0.0281187766589953 -0.14972101509763 -0.273164980065502
-0.0376150259436786 0.0317067320851645 -0.334484014384098 -0.129684741660019
-0.0238337571845413 0.0522145594521761 -0.337947479622303 0.021809316422595
-0.0238315714202464 0.0658146906844313 -0.258133146559199 0.0406380207725967
-0.0352929593099207 0.0942807199688066 -0.184413630854681 -0.0225093467803657
-0.0731986877016657 0.0923194241356575 -0.0853057305003154 -0.0840872074605659
-0.121469683961403 0.0609203770973902 0.0958002099871112 -0.158512682887787
-0.135633070954451 -0.0436581100666528 0.329840683250685 -0.0298120000247579
-0.0476589399678483 -0.116480037773458 0.379637566908395 0.3236882235976
0.072801744709271 -0.0996228172423748 -0.0443803970208505 0.663820500805484
0.0719414274388926 0.0431237284100113 -0.551115983830667 0.504858699773072
-0.0497712582624405 0.0746490425350038 -0.70865699051544 0.0431697854307332
-0.124485754251069 0.0533363649829303 -0.401702090972338 -0.104223145005493
-0.0252392577537054 0.147733056465603 0.202800519245056 0.0719632977819964
0.0356661415791927 0.0424817970932619 0.118809011104324 -0.237344270516687
-0.0132701107329699 -0.00986452227652104 -0.22296683203191 -0.213936260767714
-0.0729093542382381 0.0228553037283718 -0.34957677567942 -0.0357947933283263
-0.0367051228406663 0.0791290666429582 -0.303768472760365 0.103233163658045
-0.00554738430839758 0.0999700719349944 -0.227831980663102 0.0954963080484481
0.00169209107654082 0.133648654658367 -0.174512513569046 0.0299886133696774
-0.0345488584780482 0.139485483411874 -0.0940600186325755 -0.0373414171293031
-0.101583793963564 0.112518298520712 0.061026341038066 -0.12070199802039
-0.151696466624466 0.00322459672748526 0.269694959683618 -0.0100702462845432
-0.0863749257951423 -0.103915139482586 0.293561915020563 0.325027039615325
0.0572115743488275 -0.12657035181826 -0.139576527011383 0.61105914207767
0.0978525482622622 0.0336133282466625 -0.607869773404261 0.414168608864005
-0.0365418005210154 0.100205360431886 -0.714559222872601 -0.0469978709534117
-0.135665694396997 0.0821212132152153 -0.357567722615874 -0.153040896347455
0.000697402912673436 0.160341974763607 0.208438376343038 0.0100430958428194
0.0804825801152754 0.0358735339068465 0.0817800433766081 -0.277619148630895
0.00714935170606198 -0.0483600896970931 -0.263257560829829 -0.20967597489892
-0.0975623578588565 -0.00859770965631732 -0.377204786955979 -0.00527160548171092
-0.0620835660311765 0.081256646699505 -0.309697417980699 0.147339467469902
-0.00531383323874345 0.112504456410209 -0.2165360006103 0.144535129710591
0.0275380802111178 0.150679411916437 -0.160103706235264 0.0853939954194881
0.00975269212808189 0.16642847906049 -0.0880811426486736 0.0220240173742475
-0.0549841236221946 0.152660394861854 0.0366818708919942 -0.0629591774011497
-0.134407570416293 0.0691628691506266 0.211836172400392 0.0114810758754361
-0.122756715117797 -0.0453674748695736 0.234457736388925 0.295106875715006
-0.00593745816543651 -0.122117339868393 -0.14942638221459 0.556450772803744
0.0858602135667697 -0.00182330569416531 -0.570747651831092 0.37762706621743
-0.00801653856907773 0.098597004034035 -0.674188081200221 -0.057236733865107
-0.113349412724843 0.107481741239639 -0.298399688469897 -0.175642830992394
0.0200059046287787 0.146882592592956 0.224732039888277 -0.039042332562602
0.107277227069854 0.0338221001575972 0.0940347919969153 -0.312618344161776
0.0361094777695244 -0.0730802280780202 -0.260694258672767 -0.266617683830519
-0.101628163773776 -0.0450789562781157 -0.414666262598545 -0.053293049529077
-0.0837852377317463 0.0664732877276619 -0.356629977395082 0.152557728576222
-0.011981077678433 0.107336839723216 -0.23967682686817 0.181186970097156
0.0431826309442141 0.1450992672386 -0.151671122549228 0.136345165196324
0.0534551087393011 0.166985870061984 -0.0662047639545983 0.0815922162580336
0.00856836222901533 0.167912771659414 0.0381923699792974 0.00528159518551288
-0.0810378849599276 0.127933980111169 0.182926784487942 0.0430013374008659
-0.129894929995965 0.0381355083463408 0.220204979684185 0.270308448770288
-0.0805359258898986 -0.0810790501862533 -0.0860608201013913 0.524740227768329
0.045621504241402 -0.0436203592497707 -0.469272327679444 0.401135804554801
0.0305144855277489 0.0703953422923454 -0.612089872840517 -0.00472490278471743
-0.0604647090149701 0.120787874837266 -0.244323979135569 -0.188019617636224
0.0290282775306548 0.111599790090001 0.258557472553137 -0.0601988603492743
0.107655749094996 0.0321677135691499 0.178313091551459 -0.331251455331075
0.0578272757037283 -0.0759645398337291 -0.185953827057841 -0.383971966955823
-0.0855740433079596 -0.0645758337539854 -0.436667201296876 -0.19494299204903
-0.0869693409216179 0.0506492584188326 -0.442724910490655 0.0862372559393068
-0.0111369384550591 0.0927252715432924 -0.298325310579681 0.190873040472896
0.0536508851564839 0.121635676408971 -0.153892638785293 0.174479684415553
0.0872684655540957 0.142898595276957 -0.0344819664526017 0.130533064412824
0.0665743869538025 0.150876198192675 0.0689674074803518 0.0683402210216721
-0.00972543866179807 0.14862926609496 0.194866449982509 0.0805177089175896
-0.0942978201247347 0.103586913643681 0.24903313031075 0.255389003183283
-0.120137463784606 -0.0220790846954908 0.0184843671283807 0.50673335893362
-0.000187067483184981 -0.0677491223538518 -0.331507020166774 0.4413293056029
0.0623486683911379 0.0260727786422451 -0.538635746739946 0.0665222099247102
0.00638964020550846 0.109032280038928 -0.206113896063176 -0.199140275914982
0.0428828741428732 0.0587731531042001 0.306862155347378 -0.0496482446702328
0.0827938953744514 0.0110096960076047 0.321707446658562 -0.306748248515349
0.0479953315045765 -0.0618186948363596 -0.0199484129867054 -0.515748327806983
-0.0642310291369952 -0.0456279555314652 -0.393849766172508 -0.397345967025437
-0.0620575964377674 0.0529767507436727 -0.520815945323423 -0.0436782640200434
0.0106778444347863 0.0767431173836159 -0.37064337764592 0.17182057383486
0.0676385071092682 0.0848792226030112 -0.159305172521399 0.199436231259186
0.107555719408011 0.0961423667188782 0.000721489231974393 0.161424037097816
0.0998944352742405 0.104167412531041 0.115849912895861 0.108282128040386
0.0462874417216506 0.121518762442088 0.23587339609274 0.10104342217547
-0.0381586632408256 0.115699338018516 0.304443435400644 0.228532676727057
-0.107427534252832 0.0192910105257161 0.140485930804438 0.467264970117866
-0.0267201357808236 -0.0698583020464827 -0.182893036665971 0.449734167539719
0.0772834904160349 -0.0204594376982392 -0.453580058908047 0.126718258291026
0.065523948371671 0.0652675934626644 -0.189627293094817 -0.203929491986516
-0.0707994783788336 -0.0106860562792872 0.175208908001404 0.219593089816135
-0.0943753712927859 0.0340197668102061 0.378391167358121 -0.109020669325883
-0.00533547233825353 0.0665625031803918 0.0788100535686216 -0.440996578983649
0.0456776714004306 -0.00853177319524267 -0.26049214444594 -0.392579788780418
-0.00876235135851398 -0.0631129844130004 -0.383925995818246 -0.165207014534437
-0.076420104913448 -0.0595209991609009 -0.285270968506572 -0.0483231963972352
-0.11268723967041 -0.0311679464249926 -0.156515459796106 -0.0809285944135238
-0.118334992118621 -0.0290938534209123 -0.0323034158275534 -0.122238451075658
-0.103968146286979 -0.0402165705509776 0.14353480478107 -0.183814918327964
-0.0507717154522236 -0.0778649516948844 0.36702993642892 -0.105986157950167
0.032374490201282 -0.0569198210330958 0.499500212271356 0.152854154221007
0.0429783175820331 0.0271128283127775 0.290631947270117 0.540702605653366
-0.0527721055404172 0.0611693243168373 -0.152292061805406 0.595903628988749
-0.0917797075796209 -0.0111619465357998 -0.462128632657344 0.313744294423807
-0.0649815181340674 -0.0304575850672767 -0.387140175839303 0.0467194963732056
-0.0732243580915669 0.0573690126068992 0.191168330416144 0.1845637469952
-0.061671841834971 0.0550653247529864 0.282637407563047 -0.15949768187846
-0.0119606013623381 0.0552901903089822 -0.0559884075174433 -0.358504628763461
0.00343924272739518 0.0159112508830816 -0.318320308204638 -0.254071497713505
-0.0200441563397935 -0.000624200410168855 -0.376365718991957 -0.0703276082716316
-0.0541231471481637 0.0104480810334904 -0.283288169433374 -0.00489200037078689
-0.078056848700091 0.0379434942804133 -0.18153603907233 -0.0587033657100512
-0.101220639782151 0.0348889821429904 -0.0654643766983224 -0.112115412339999
-0.119263155746862 0.0104165745445701 0.124109471116823 -0.180041744991716
-0.0994356555852984 -0.0649541474409563 0.367671330777084 -0.0680838352698633
-0.0124636856476587 -0.0929365313765689 0.467504659156876 0.260468013355767
0.0553359087003323 -0.0461265048728745 0.129681080634707 0.652232734107974
0.0148634487201213 0.0446581863605614 -0.380511778614491 0.596109296361726
-0.0650255287721916 0.0330983263584452 -0.622994432776726 0.194219521903617
-0.0958950625187819 0.0192122037148373 -0.413933749288846 -0.0261631529560826
-0.0509427066423418 0.112751872673691 0.19986359168103 0.128237036720718
-0.0140185377763958 0.0521580676444618 0.186141137596188 -0.201130558615503
-0.0179864762766477 0.0283070922263841 -0.158444268030323 -0.266079291755941
-0.0362481528143533 0.0326335240448307 -0.337426380047537 -0.116977610004748
-0.0219946034108058 0.0521397236041044 -0.334875789375879 0.0338000498834939
-0.0217984951239443 0.0660607909158156 -0.254804442577046 0.0505297214969905
-0.0320099665810888 0.0946342600620043 -0.183950935063342 -0.0149444469707243
-0.0699834665863956 0.093868254671026 -0.0872449054193776 -0.0800143194480258
-0.119056435384109 0.0649464092565077 0.0908506469583274 -0.160179898788815
-0.136475714415455 -0.0390182931098609 0.327286201296724 -0.0413135625524958
-0.0512731273781033 -0.114600274795593 0.388730110528879 0.309225665854556
0.0695394075597005 -0.102114572316168 -0.0218515633558193 0.661749736026878
0.0735125209031386 0.0410960031539887 -0.531164378377922 0.520253330420185
-0.0474643695008508 0.0765345788412435 -0.703204830881945 0.0670538012640928
-0.121866972284938 0.0569503391863667 -0.403464476913723 -0.0902323810489
-0.0206373566741494 0.147654401661228 0.204090511282171 0.0651066741553613
0.0369076621485894 0.0406690302367307 0.109660157163236 -0.23984679998835
-0.0135507372479651 -0.00937052959436231 -0.228541264320375 -0.204529097478814
-0.0717708219987168 0.0253811312729499 -0.349549835981148 -0.0227648061119731
-0.0343476033101861 0.0797927899549728 -0.298009503144146 0.114179676275065
-0.00280873066826524 0.0996849577529008 -0.223617532511572 0.103234270769572
0.00584660874555043 0.13253231013413 -0.172357299670148 0.0360605372276156
-0.0308754501920709 0.139325500146828 -0.0948193316005015 -0.0338682121413185
-0.0969795783674359 0.115112307473982 0.0567881211040438 -0.122163735792155
-0.1510307031535 0.0077552476474805 0.267844258835104 -0.0191978019017102
-0.0892284495744446 -0.100748686978549 0.302762306889051 0.312914087922305
0.0529815099361868 -0.12810261701342 -0.119257563207666 0.614896802673157
0.0990214219391054 0.0308367633839201 -0.591068497577788 0.430885006605605
-0.0332677515048729 0.10123247182208 -0.712731110333057 -0.0239488086051088
-0.131927551558887 0.0856750247582702 -0.361840037388118 -0.140827023796941
0.00606755767324216 0.159142706873771 0.208164550366985 0.00312809296510329
0.0814753931128204 0.0327140516019957 0.0709495821249353 -0.278481249700766
0.00591930489263977 -0.0482539862854497 -0.268931955546339 -0.198810547251503
-0.0970605193508672 -0.00549004309631172 -0.374964349350577 0.00807179910815082
-0.0594712000303709 0.0821292759183606 -0.303157158433083 0.159094034124422
-0.00203211390486263 0.111731911288267 -0.210652177604486 0.151937580755076
0.0324394554613702 0.148534068105425 -0.156358596396127 0.090974233326058
0.0152718095879269 0.164344347354168 -0.0864459395188303 0.024817774424257
-0.0495655109912876 0.153512068443755 0.0343977107289543 -0.0643679201213253
-0.13148084592942 0.072577028005124 0.211164005856061 0.00393259720446713
-0.122901174071247 -0.0414339734885557 0.243893965464606 0.285117932286705
-0.00909647377921172 -0.121207923080667 -0.129002127934463 0.559166631959365
0.0858990463851722 -0.00354922646346553 -0.554062901878648 0.395567637536784
-0.00421891477350307 0.098372448953759 -0.672614652033483 -0.0330828971864096
-0.109395357256934 0.110100903863925 -0.303490992904053 -0.165638602852757
0.0245739997651014 0.14509205493516 0.222640316964855 -0.0462549774478941
0.107983747640544 0.0299453325651424 0.0825995518929166 -0.314019907288626
0.0335676693689113 -0.0740491682611527 -0.269103981279974 -0.256007849065809
-0.102952766362565 -0.0414541846945733 -0.414457085924791 -0.0383015122260439
-0.0816925608513291 0.0692629341192534 -0.354660463781405 0.159430174529711
-0.00860345145422322 0.107207905167883 -0.23180524939067 0.18931257381948
0.0473689260133245 0.1421734009355 -0.146299644340904 0.14113034561306
0.0593858646603545 0.163247758340915 -0.0632868573810734 0.083095014957117
0.0146314490097299 0.166616912209602 0.037759495080268 0.00362129125641798
-0.0760362633716017 0.12957098313134 0.183044562744336 0.03628400805548
-0.126882191777402 0.0422737053547024 0.227924466808264 0.260829067795254
-0.0821401278512887 -0.0783071451522557 -0.0683733152074189 0.525180398560383
0.0442556417863111 -0.0437832736378477 -0.451804587338959 0.415831286669374
0.0327053962308468 0.0691123989793321 -0.60983348125921 0.0173500092378985
-0.0563537325984223 0.121460695237197 -0.24994133848909 -0.178749459049522
0.0327210407552923 0.109651896614037 0.255017062149999 -0.0683713306204895
0.107936460714751 0.0276187570864528 0.165964282081831 -0.334411949768477
0.0551891082467734 -0.0776399560300988 -0.198554419443714 -0.375119865763459
-0.0869018880436392 -0.0618854070872404 -0.440928280126584 -0.178385197755813
-0.0848261096555902 0.0533644951679743 -0.438352945244955 0.101074710310823
-0.00811615508743242 0.0926947519113436 -0.290280268394789 0.200550412918602
0.0578364788951787 0.118825904384732 -0.147456654305844 0.179560871802623
0.0925565407803615 0.13812996389322 -0.0305357225937152 0.130060753975426
0.0707422390034415 0.147072387693028 0.0706168567054388 0.0652283390613381
-0.00472599296092082 0.147767740825049 0.196603106317211 0.0732003069016136
-0.0902514256334334 0.105820507121068 0.256154849941295 0.244493315358207
-0.119660553290778 -0.0177112715168652 0.0364365768592728 0.50310184829426
-0.00217217530172889 -0.0666841906886402 -0.315632186734227 0.449121952344288
0.0628261586266531 0.0231426301829459 -0.534256357179496 0.0852595535513747
0.00970405614276455 0.107397534876734 -0.212672599923603 -0.190792995261148
0.0444222842019565 0.0566194621956662 0.303468158172542 -0.0585557179032076
0.0825429779046623 0.00745443797771402 0.30817213189076 -0.316151347072326
0.0457005871424213 -0.0633286306479038 -0.0370061372940184 -0.510898876067092
-0.0653241598214081 -0.0433938942896843 -0.405774094942464 -0.382150325274412
-0.060039510875742 0.0549658332434133 -0.519758664844518 -0.0251016160188446
0.0138285281624109 0.0757673404837274 -0.36213798641689 0.185057501766274
0.0702505999657457 0.0825464979787233 -0.152912463460178 0.203698462060205
0.110406492948765 0.0916680388131953 0.00582079689514608 0.160090790106895
0.103003703371886 0.0998965831385916 0.118728376774642 0.102819956394679
0.0499849880606965 0.119308418010942 0.238050265232869 0.0915263051696441
-0.0336872500072209 0.115895421317153 0.31109206760925 0.215757578624726
-0.106123854845741 0.0233184915616519 0.156679108248899 0.459320733371606
-0.0291333230016254 -0.0681442371438541 -0.167060318654157 0.453532609568889
0.0759827919500157 -0.0236173397909915 -0.44616430721784 0.142803529485166
0.0669164285781102 0.0619639004341114 -0.196224319183988 -0.196354165906311
-0.0702966976291173 -0.00843917209502808 0.181989255812834 0.211893230625953
-0.0923175673467389 0.0373183995182287 0.37302784443079 -0.121418567484157
-0.00262400393662492 0.0665062525465886 0.0647902230737251 -0.439733850154879
0.0455652372639472 -0.0103633829665235 -0.271561234710126 -0.379510749845815
-0.0108156467593023 -0.0630809570759064 -0.387242633091423 -0.149383346059085
-0.0777271850055738 -0.0557449251351072 -0.28421878014599 -0.0375626564359094
-0.112439498191192 -0.0264601163328405 -0.157473836051838 -0.0742885171811726
-0.118643560875791 -0.0242738140071164 -0.0355096979786384 -0.119975638048854
-0.104325265490691 -0.0370610030371206 0.136678781840083 -0.186378496072738
-0.0538477901221924 -0.0753596344901961 0.360731293623896 -0.118211431250658
0.0300007270220647 -0.0578815582125726 0.50225098727082 0.133756471442684
0.0436976493021123 0.0256856454797414 0.310147576992623 0.527335688715848
-0.0499619960623239 0.062892632969419 -0.13046621073827 0.596650856278155
-0.0910938640364637 -0.00813446321985487 -0.447019611407948 0.326574538612589
-0.0657459342668801 -0.0285326518780621 -0.382640457598377 0.0593368483704984
-0.0701191588865838 0.0592042270907383 0.196388931779254 0.176018290562231
-0.0588359903093773 0.0565267514205458 0.275412639641156 -0.168240698502339
-0.0103382949358873 0.0558353578193593 -0.0672821958413757 -0.353942552910329
0.00454768776713092 0.015179840173021 -0.325522882024749 -0.240338051331217
-0.0198722639948927 -8.45945019008571E-05 -0.37570146746505 -0.0513274414425268
-0.054360558882689 0.0123165938585881 -0.280509566445906 0.00570605173534456
-0.0761905837403818 0.0393794139992283 -0.181470391346132 -0.0507200748994684
-0.0995694963494306 0.0389341590707143 -0.0677820109281367 -0.108712811333039
-0.118417336695824 0.0141642656971962 0.117698060640302 -0.182453756416725
-0.100466610395065 -0.0607153577491966 0.362427530461593 -0.0798280500914423
-0.0148609769744388 -0.0920424474793585 0.472496035757176 0.242881233360023
0.0532552940390076 -0.0484277570681653 0.150671345403923 0.643433783556181
0.0167204141230194 0.0438088035035875 -0.355472263922165 0.603434834203464
-0.0637961218329004 0.0343801460941222 -0.614002121217072 0.212801431947317
-0.0941282945818509 0.0223481819950901 -0.411109371750997 -0.0132134234722545
-0.0467142378392746 0.113102023621842 0.203307995891228 0.120841888291206
-0.0129300568726548 0.0518399159352368 0.177999774211226 -0.205216585055026
-0.0167490953456448 0.0295148385199233 -0.166341238021862 -0.256827648834691
-0.0345298159269638 0.034024461057417 -0.337779290130215 -0.104020241003378
-0.0199251954266114 0.0523008553745965 -0.330435084348521 0.0453024418460177
-0.0204849921925503 0.0653836671446277 -0.250833878201887 0.0590505152270432
-0.0285588071876247 0.095744124002434 -0.182780137489983 -0.00737418035458076
-0.0668496250288921 0.0950773366771578 -0.0886889262720483 -0.0768288599596779
-0.115438884539793 0.068231500750193 0.085146363901532 -0.16123102240252
-0.136656183889785 -0.0339688737826525 0.323406085086887 -0.0509503101219553
-0.0545994985544783 -0.113604129392918 0.395750176726276 0.293725604936905
0.065817056003094 -0.104189427044054 0.00163874700258945 0.65729257925962
0.0751214452036819 0.0387774253103373 -0.508797171914034 0.533015197791976
-0.045201645370399 0.0774531545306837 -0.694422766092746 0.0895252019049853
-0.120435555238809 0.0612478147323795 -0.402481759251331 -0.0764410949823925
-0.0156029901941416 0.147422181196307 0.204334983256807 0.0574493602687535
0.0374251067176382 0.0393905797450389 0.100268802670941 -0.242213929458195
-0.0129394409787783 -0.00861923627967079 -0.234096503488677 -0.195504430554989
-0.0704016813555975 0.0264060480732744 -0.34771073579 -0.00927804108829882
-0.0312506861826572 0.0798098066303471 -0.297135423957493 0.117800657019454
-0.000262402470853037 0.0981851195893502 -0.218571153778997 0.111135624262125
0.010720307203664 0.131229090944879 -0.168934847532089 0.0425639168759484
-0.026036634229484 0.138939729064216 -0.0949976816836294 -0.0294948404437092
-0.0933349695531377 0.117361799531997 0.0522972513243488 -0.12224127161079
-0.149289090133901 0.0125391106245272 0.265209016329537 -0.0278778149627624
-0.0920120289223259 -0.0972001833640412 0.3115741567694 0.300682937724234
0.0490105447605007 -0.128429671744861 -0.096610271457331 0.613246099972575
0.0996201627184027 0.0275225612684039 -0.573429802122635 0.446810973233329
-0.0297079685013995 0.101577825549513 -0.70855572342598 0.00240703190814338
-0.128794437834763 0.0892573755334144 -0.363372220930623 -0.127661254155732
0.0113906602907324 0.15736109953652 0.207388852736288 -0.00391076020282681
0.0822433234182944 0.0292559747636823 0.0612805707996191 -0.278572606361993
0.00477889974500935 -0.0485648893486695 -0.273254630724828 -0.188105575798607
-0.0968178366294983 -0.00201047912130551 -0.372106178945501 0.0219747921808485
-0.0568570363046812 0.0836284497492731 -0.295472515638926 0.168672034221079
0.00163855231528787 0.111154377804737 -0.204109604031307 0.158699244475038
0.0371768181423069 0.146296170566645 -0.152526636889715 0.095858988369596
0.0206401020181257 0.162378046598414 -0.0854244848636077 0.0275140744333182
-0.0440943042184564 0.153811346569793 0.0322219112865408 -0.064002097280083
-0.127775226601468 0.0757847766202161 0.209881718764375 -0.00360571189432353
-0.12309838685122 -0.0374281552303043 0.252073635818582 0.275387183401392
-0.0122336709177572 -0.120361131420638 -0.108753197553358 0.559750146561728
0.0857425328015279 -0.00492161516001906 -0.536864961912821 0.408955763263046
-0.000964003546481865 0.0979062286720312 -0.66809551543894 -0.00903840622937596
-0.105380474929167 0.112252988486719 -0.307847732020319 -0.154188800893152
0.0286572405181233 0.143104827052887 0.219752959569802 -0.0529541847114221
0.108724086274841 0.0259043036840092 0.0717923551806164 -0.314461836675334
0.03075991964447 -0.0749973804795465 -0.27521191003593 -0.243991300391231
-0.104087602993112 -0.0373755015921965 -0.413443729695433 -0.0232016799854913
-0.0790928838756598 0.0706977375199108 -0.345098529433707 0.172747371446886
-0.00529781768417394 0.106109438800108 -0.224273140689456 0.196877310446065
0.0521866495180985 0.139616702762282 -0.140347356956971 0.145629764886805
0.0638744844937413 0.159001063218685 -0.0598719886502151 0.0838599648534685
0.0200591816388749 0.164678808057518 0.0376999358168884 0.00200915139404126
-0.0709562044454194 0.130192940355691 0.182660266176755 0.0289340925016049
-0.124885413835655 0.0455903054331046 0.235638533375538 0.251266042743184
-0.0838309890351788 -0.0749166526769736 -0.0485318915738207 0.522549547127195
0.0427816858649012 -0.0442958580333958 -0.434171157579291 0.427604824477358
0.0346319064181852 0.0670333472001369 -0.604428514939339 0.0392434247643679
-0.0521808924436614 0.121488223283127 -0.254493840144602 -0.168461296790234
0.0354821357805485 0.107315737240842 0.251379829775414 -0.0753096158169009
0.108015019995859 0.0240466923915785 0.154240454534934 -0.338235662616493
0.0535030509131162 -0.0791228637279817 -0.210736154010968 -0.365422448339537
-0.0889363958407569 -0.0586479781297168 -0.443453463600826 -0.161733404348892
-0.0827473057482288 0.0554324927206159 -0.431125692534216 0.116324011271759
-0.00508233575665146 0.091340959954305 -0.281428729323027 0.210387475541391
0.0604545630576303 0.115474117290618 -0.139761052622962 0.182468690435283
0.0964439317206043 0.134033188389671 -0.0261060643419075 0.130104436513761
0.075036759649511 0.143499246320086 0.0722007187158832 0.0622175008137073
0.000821495350535239 0.146397398452788 0.197698403819277 0.0641408005974367
-0.0847514316638107 0.107446895755701 0.262371490109476 0.233825771091588
-0.119104051449245 -0.0126288268973283 0.0547332820982615 0.498597017292329
-0.00472473212827717 -0.0650671068662426 -0.29877296096598 0.455079433095359
0.0627663639787357 0.0202504293412641 -0.527808256884766 0.103126885961313
0.0130164080823695 0.104826033758142 -0.217753191802861 -0.181846040888953
0.0457048224133294 0.0538635269822952 0.299806521531475 -0.0672603590230684
0.0826838071335868 0.00363742772222015 0.294842122609197 -0.323046299267432
0.0435676039234678 -0.0653485588380345 -0.0538191665972945 -0.5058683318111
-0.0659617551528486 -0.0405923410250378 -0.415547445597115 -0.365385785033076
-0.0578483175255535 0.0564411317924625 -0.513652594596778 -5.67420866779378E-06
0.0162415949766893 0.0752284925084063 -0.353416068407026 0.196610114801618
0.0726715602023216 0.078746406851138 -0.144891965608982 0.207553555262251
0.112884957419769 0.0870571110899159 0.0110691118480052 0.158172527900617
0.105542262975788 0.0956948048478668 0.121169871473479 0.0980538602061957
0.053720786704344 0.116043851999394 0.238703190101742 0.0813626975935006
-0.029417544023977 0.116218203628015 0.31590007882192 0.203108754988276
-0.103826075892735 0.0264976181866023 0.171131139481579 0.450919837540216
-0.0311302686824897 -0.0666276181882371 -0.15004939143427 0.455102094645224
0.0751517871646382 -0.0265010225494955 -0.438573508706917 0.156193672712217
0.0688831126739087 0.0588557599877986 -0.202206910204093 -0.187470604035272
-0.0702190482505695 -0.0055267959201616 0.187919037507091 0.204004382504846
-0.0906308485977392 0.0399730219898558 0.366613040207616 -0.132575042419129
-0.000525520132811075 0.0654554212835341 0.0493914460145774 -0.438571753114472
0.0443695894751782 -0.0118927122330751 -0.282016503155732 -0.366824114683353
-0.0130718207981802 -0.0620204198937312 -0.388045578541265 -0.135008795082379
-0.0793644706960092 -0.0528854433601606 -0.283079820463644 -0.0260517082565768
-0.112736577424786 -0.0227004937128936 -0.158787907303537 -0.0672267022845588
-0.118337457394394 -0.0203530711149217 -0.038421944764256 -0.11698516466332
-0.105135666624569 -0.0328609576819069 0.129886832687338 -0.189666942694392
-0.0555068458322871 -0.073013580331429 0.354523487678303 -0.128682167333734
0.0276483990502 -0.0583108276733082 0.501958440196023 0.117112971690785
0.0440817677655741 0.0237234426846126 0.323137886289606 0.512632341143269
-0.0471421682983182 0.0640785987670296 -0.109110604462138 0.593862905841499
-0.0911771743215223 -0.00479317662641951 -0.433346462971287 0.337401055334176
-0.0659890504995491 -0.025197011941247 -0.377680388212716 0.0700064620714358
-0.0680185732508079 0.0611991940186674 0.200190054425295 0.168687488297269
-0.0571898633143153 0.0583267771490181 0.268196801513588 -0.174598162624508
-0.0075562336795308 0.0550480640290066 -0.0785393057440228 -0.348000745034812
0.00431372675124825 0.0149661229543578 -0.329195449610487 -0.226716538685496
-0.0202383936196662 -6.57513124759481E-05 -0.371050853545269 -0.0320730176964754
-0.0535374920312238 0.013588801951049 -0.277884560046656 0.0163618672185332
-0.0742281732425413 0.0427076148968566 -0.181398271082716 -0.0443110501050814
-0.0979224455170116 0.0413275370178384 -0.0701225163902612 -0.104764571944345
-0.116658309122776 0.0185016625071058 0.110439603706574 -0.184063815545124
-0.102681665322554 -0.0573055908001665 0.356807551331887 -0.0911459583532487
-0.017750032279809 -0.0918536674721981 0.476588312806985 0.225248171108659
0.0517497990652493 -0.0492784620561256 0.171728175462804 0.632159164425943
0.01839554577473 0.0439283508343532 -0.333285331469594 0.610129277783497
-0.0618308308165566 0.0370390377792742 -0.600665658582191 0.231912413929876
-0.0936322514183593 0.0259280656864972 -0.408401727241989 0.000252782426281667
-0.0429872357747219 0.114083260602779 0.204900418906081 0.113106944516938
-0.0106631163731138 0.0525721623564525 0.170098266784271 -0.210201125718932
-0.0153271297797223 0.0294252854726403 -0.172480895296713 -0.250156381863494
-0.0333636597902331 0.0344160696972622 -0.338932079879129 -0.0907414675042661
-0.0191706197217961 0.0516830230570439 -0.326365370183962 0.0574864567897185
-0.0180728334085857 0.0658539787481168 -0.246503161831193 0.0683115204871209
-0.0257608832420933 0.0947271080035317 -0.18099507758725 -0.00125164255570175
-0.0629579844751352 0.0970171067183325 -0.0903011890935558 -0.0725890931137676
-0.113426007854926 0.071252099979953 0.0789080007550418 -0.162236253011649
-0.137238630634766 -0.0298950367706234 0.318861558795028 -0.0617270374677703
-0.0576749187926799 -0.111028282890066 0.401636755483763 0.27827046027974
0.0626175170082007 -0.105394510809947 0.0232910221139477 0.651200515019958
0.0756239280065757 0.0365850689377688 -0.489217955670876 0.546304942004072
-0.0416632279773944 0.078336772244905 -0.687060845846008 0.112785760937118
-0.117138179548746 0.0640031633408088 -0.401937817533256 -0.0634035359964324
-0.0108454212293339 0.14590750605341 0.205151328375908 0.0500704996457302
0.0388433152302647 0.0375485938293671 0.0926756321850017 -0.242829227856408
-0.0135224706100656 -0.00843463105727832 -0.237949663053076 -0.185259556736156
-0.0685229105930855 0.0288129961875324 -0.343994096579588 0.00279413271706644
-0.0288472436646514 0.0797904597214266 -0.289965932631059 0.128642315200998
0.0029334767993567 0.097285007923221 -0.211911269022257 0.117880007691209
0.0143154890601702 0.129168640382812 -0.166325436726674 0.047976618790776
-0.0206451604605659 0.138240237431115 -0.094972064857304 -0.02631860771424
-0.0886013447813736 0.119029341123589 0.048439397791663 -0.123234441337212
-0.147784961155139 0.0165810321866841 0.262178293931672 -0.0363638912179869
-0.093569033413928 -0.0948199287561691 0.318202613618019 0.287698183145267
0.0448800416613604 -0.129488004872171 -0.075509141773381 0.610401949422327
0.100399413042932 0.0256949205829866 -0.551538053495249 0.461828961549518
-0.0254458275940461 0.101521284225716 -0.702008418968101 0.0241944854507387
-0.125345672525284 0.0924201892563164 -0.36502523186766 -0.11544146147783
0.0155468164405569 0.155970998533457 0.205306455929624 -0.0100128090498634
0.0822508971068868 0.0264119103944088 0.0520963667703242 -0.278234743525208
0.00318475317759401 -0.0482045812702536 -0.277151878216174 -0.17640433397183
-0.0959884576091649 0.00053395265266657 -0.367730561199409 0.0345323944721582
-0.0538285299244905 0.0842073026135204 -0.286825701805916 0.177707511423205
0.00466989898073841 0.10957151530069 -0.196563857537922 0.164661201501225
0.0413476064265161 0.143011723566663 -0.147775417648207 0.100157689215954
0.0251698329416865 0.159235753319023 -0.0833346800878151 0.0303957347815757
-0.0390048322753796 0.153594891784993 0.0297991517444994 -0.0650349986363059
-0.124614536804415 0.0790460660001706 0.207153064989396 -0.0108060759426848
-0.122707708514176 -0.033920061243945 0.258443348690653 0.263298025824218
-0.0149964731120005 -0.118896428643826 -0.0888613364680901 0.556965597702038
0.085047212946499 -0.00697514061092028 -0.515849590198914 0.422702077819409
0.001943345970165 0.0972968580563133 -0.662281839526458 0.0138495722415202
-0.100816110564553 0.114256665202619 -0.309880850920987 -0.143255613479413
0.0330552680933264 0.140226963515034 0.216224659724907 -0.0589192419123336
0.108411207905218 0.0218664112953381 0.0613773258263003 -0.314237915879925
0.0289738317609749 -0.0755561458244395 -0.280226010093684 -0.232408123211808
-0.103922749173821 -0.0342726150042928 -0.409580483611476 -0.00910730670258466
-0.0761050896079627 0.0725904982727863 -0.334859529514685 0.182802147241534
-0.00187371039110171 0.105529328293513 -0.21529289352514 0.202464003993003
0.0561164478125648 0.136456866837836 -0.134587760589121 0.148437748803732
0.068420989987194 0.155739388686433 -0.0570377397805783 0.0855159554231115
0.0246029607597114 0.162202964917441 0.0373459249258916 0.000383053680334782
-0.0664079893387133 0.131355547164745 0.182118587712898 0.0223374231083927
-0.121296314125159 0.048532675066969 0.241900976366716 0.240364041959911
-0.0847320245853996 -0.0714370794402727 -0.0312198912883521 0.520821936412428
0.0413082081128513 -0.0446467137833209 -0.417852164671897 0.437385663108974
0.0364911896865262 0.0655391725868404 -0.597878333646777 0.0587130090069416
-0.0480046584810666 0.122187916463159 -0.25787701028583 -0.159028493705916
0.0389291741151878 0.104869780138532 0.246483138404577 -0.0828502954233176
0.108657558528575 0.0194224578279595 0.141504100091194 -0.339250209562421
0.0496154506191886 -0.0808182905182399 -0.218371254241236 -0.354593801774605
-0.0896166125574493 -0.0552664178553034 -0.444469352326652 -0.144842113422402
-0.0806480365268951 0.0575866475088089 -0.423194453435008 0.128263571244272
-0.00225394377019198 0.0912202385965401 -0.271788206488576 0.218702218437883
0.0645056159975535 0.112415387520297 -0.133422619864808 0.18615613529616
0.0997169025222746 0.128468470607043 -0.0215558525323178 0.128847205336124
0.0795166209643852 0.139882277514346 0.0739143179354155 0.0584452804289942
0.00494275503477513 0.144785316266332 0.197573855689419 0.0572661443952031
-0.0810076226640823 0.109375041425866 0.26823100614751 0.222342675828073
-0.117721254403978 -0.009195638815734 0.0711984350264569 0.491874869154436
-0.00611957837173292 -0.0644295499165908 -0.280156269490564 0.460250579776173
0.063312650406997 0.018046307911521 -0.52007538135901 0.12050161659213
0.0162834013401547 0.10312558717247 -0.222451824248797 -0.173455793444839
0.0472143962434547 0.0518571254088348 0.295036839140727 -0.0756489823488119
0.082360687450084 0.00101279157850543 0.283782219806715 -0.328678611679887
0.0410525713116073 -0.0660083701070376 -0.0689866473762892 -0.499585570795785
-0.0669462547674924 -0.0386859189204826 -0.42297745763203 -0.347978698940004
-0.055263924499127 0.0576932212963343 -0.509132105331502 0.0167871550494604
0.0183992593570678 0.0739078279609472 -0.343647044175434 0.206642450554331
0.0748824085088529 0.0756770583213813 -0.137315733371871 0.210168942801171
0.114870708423857 0.081769464769489 0.0155938553412646 0.156098853314982
0.108003928798212 0.0911656788264615 0.122726492569782 0.0925695947480904
0.0569109656710945 0.113453034302181 0.239052667448339 0.0726202783711338
-0.0262730000998011 0.116235163383554 0.320480696773413 0.189832541739213
-0.102028718992297 0.0296496140398048 0.18439751449664 0.440633319437707
-0.0327207141865885 -0.0644704593719953 -0.133704799963782 0.455391627448372
0.0728349321790415 -0.0287123659703206 -0.430494608791697 0.170714804935444
0.0696143797514369 0.0553454819937252 -0.206612865643853 -0.179337489676371
-0.069380223155653 -0.00326135118979023 0.192094392041323 0.195214474478653
-0.0884729517047651 0.0429392135437191 0.357968068328709 -0.142626471685341
0.00164601969418192 0.0647106237561498 0.0344682076043119 -0.434507382308859
0.043211789863107 -0.0135320320144853 -0.290558965596038 -0.353893319280123
-0.015209692872514 -0.0607190658500952 -0.38799722050668 -0.119070716367282
-0.0804444986125075 -0.0496436882853383 -0.280123197003161 -0.0159486866156932
-0.112330252802047 -0.0186168306624784 -0.158920176608141 -0.0608001943650659
-0.117462990983664 -0.0161891157496233 -0.0410388876419341 -0.113845569860485
-0.105200777986148 -0.0286673920206227 0.122802396649117 -0.190757785836674
-0.0573873639076327 -0.0702469433185174 0.346536576922463 -0.138079867491533
0.025049349976524 -0.0588030981984237 0.499195051063325 0.0993544988466985
0.0440076622865406 0.021463644569755 0.337099971088222 0.496337581227766
-0.0439157632145436 0.0652451839001808 -0.0898864361459562 0.590012015005013
-0.0903511687506435 -0.0017395172331365 -0.41729331668018 0.346632397578663
-0.0662611398825169 -0.0227625681906572 -0.37066007112058 0.0811115636959388
-0.0654772179809834 0.0628176651251648 0.203556883365752 0.160560762034031
-0.0546666299869222 0.0595085759427329 0.260815123129637 -0.182364567668927
-0.00583551944358511 0.0549703462788955 -0.0882919613809566 -0.341713288394117
0.00498686971861106 0.0146504374060783 -0.332765268932537 -0.212900901200533
-0.020498653589089 0.00043322669233112 -0.367272806563605 -0.0187237896210699
-0.0524123983693426 0.015139803852155 -0.273932659512463 0.0255260862181867
-0.072333868416098 0.0439851514344105 -0.180731483506842 -0.0366966925832308
-0.0957832636151742 0.0440023577467422 -0.0727059312980478 -0.101480612648714
-0.115091168249029 0.0222164529368366 0.103931565412714 -0.185160672537256
-0.103214218275466 -0.0540093463257663 0.349766777599495 -0.101517828242503
-0.0213497246665873 -0.0903792534047683 0.479214757642907 0.209082080772082
0.0498049299415101 -0.0510499487444225 0.188547715976195 0.619818221030928
0.0201261750167425 0.0433407845816165 -0.30974325023148 0.612790746854348
-0.0599156343474025 0.0384224168971763 -0.586432369580156 0.246577732241892
-0.0914662850613424 0.0284867744194208 -0.404293653239195 0.0129123589326446
-0.0386147982712496 0.11395789867986 0.206271810215849 0.105026455092933
-0.00929252748967627 0.0527466562559814 0.162186726701017 -0.213257556906713
-0.0145564804843907 0.0297231130951719 -0.178373660845893 -0.240869184238954
-0.0317188261867631 0.034453698186731 -0.337162661560809 -0.0793158065306063
-0.0175538550356854 0.051576737972717 -0.320452410169342 0.0674094291760874
-0.0157899926626694 0.0654839090064919 -0.241122939409455 0.0754294935509472
-0.0227195247900883 0.0943957865495046 -0.178327795030334 0.00502311073606406
-0.0596955010814352 0.0972920666396026 -0.0912687974199356 -0.0684199104175887
-0.109990529120327 0.0741156994895638 0.0734027729051591 -0.162570156776111
-0.13690495084686 -0.0257895694352396 0.313286688514365 -0.0711071725819095
-0.0603938067238232 -0.108440427908003 0.406382307279983 0.262132427074076
0.0593556574906717 -0.106588141721328 0.0444293516205945 0.643485261306379
0.0772847706743351 0.0347726980061064 -0.464611615038694 0.553417652110888
-0.0389452974211896 0.079154293335917 -0.675504010631805 0.133624398619542
-0.11397903181828 0.0669044729947927 -0.399865804397927 -0.050657896737188
-0.00603274789799185 0.144978725096862 0.204994690859395 0.0431327664104304
0.0396304587964033 0.0359937252284787 0.083912080173301 -0.243258392717149
-0.0132586490374372 -0.00814219584279632 -0.240695775274611 -0.174810187632102
-0.0670061854903247 0.0306728512756752 -0.339624694767438 0.0139100865747937
-0.0267899067038513 0.0795548581936815 -0.280113028773721 0.138965153380522
0.00578888358337706 0.0956370029262148 -0.20593617694016 0.124168423933225
0.0184894380549866 0.12707402473125 -0.163136022223215 0.052935011485043
-0.0162991655637546 0.137061867038277 -0.0947563414620178 -0.0223881798271885
-0.0839437884057212 0.120424478663138 0.043658823284463 -0.122828247742559
-0.146189660307478 0.0207201568545297 0.258492135247938 -0.0451800822050442
-0.0950076630344645 -0.0916455650250069 0.323933836364149 0.274259563256102
0.0412843312580657 -0.129856220452665 -0.055319679316427 0.60641326402998
0.100103102786817 0.0230292716137738 -0.530546032680832 0.472222972038085
-0.0214907741635976 0.101392957722037 -0.693601967186675 0.0468976266327437
-0.120808251403956 0.0949071807558455 -0.365329813771669 -0.102000011448599
0.020607993778651 0.153362766005142 0.203542656352742 -0.016541111232976
0.0823390383235563 0.0230972664158549 0.0428753158236354 -0.276733468438819
0.00185611072847985 -0.0482276110411852 -0.27962631453158 -0.165458702307886
-0.094709657159915 0.00340662403361013 -0.362445492733144 0.0471791518780001
-0.0509252682793091 0.084746993008776 -0.277319863713885 0.18511555174594
0.00780496635755829 0.108067854568138 -0.188748141573114 0.16996457296482
0.0447414467940896 0.139734875704292 -0.142657369011993 0.103833241877952
0.0299220697534038 0.156393759000871 -0.0813501743666157 0.0324936801863452
-0.0337018947688738 0.15320995887626 0.0273437787961018 -0.0657914832017966
-0.121071813206733 0.0815944761665809 0.204893269391646 -0.0174464806607881
-0.121729608254632 -0.030334836630081 0.264140232044561 0.252399743222178
-0.0179113385129665 -0.117126508013699 -0.0694589719647075 0.552244807026276
0.0843096885232001 -0.00890647157185558 -0.497189304746644 0.435486778229172
0.00482474419587556 0.0959136090254513 -0.655565735153822 0.0345196553914739
-0.0961788649419162 0.115434035105115 -0.3112818047167 -0.131524723970449
0.0371412522757737 0.13772216623184 0.212368107067047 -0.0647542438804646
0.107978862895299 0.0178225067704508 0.0517937902687014 -0.31248108516608
0.0264972553642855 -0.0756139241073721 -0.284215124792336 -0.220768011338513
-0.103592259639158 -0.0304017433324942 -0.40526647156911 0.00412952995098835
-0.0735380155292692 0.0741474514857403 -0.324145948412088 0.19315384915803
0.000818068567894044 0.104223492745751 -0.206551803220222 0.207777526716804
0.0596898132657759 0.132505649563059 -0.12836229193619 0.151403429513114
0.0727668907813196 0.150861769158511 -0.0536470620219545 0.0858518516785863
0.0291639160003937 0.159534568770078 0.0369363506129147 -0.00121732694245363
-0.061520573886095 0.131485426649336 0.180673654166934 0.016230380536757
-0.117946479843651 0.0511541991697889 0.246229304031219 0.229591927366513
-0.0852422134059188 -0.0678721839485078 -0.0135214153938113 0.515460568423081
0.0397853246282539 -0.0445508262674302 -0.396075441776077 0.445037686993578
0.0383049744142794 0.0634089325936428 -0.589860249699063 0.0766748225582301
-0.043679238356816 0.121631284931684 -0.260729582703734 -0.149166665110989
0.0418585475753006 0.102356154836769 0.241369780413201 -0.0892125878274459
0.108314291551631 0.0154572936533631 0.129819845634819 -0.339128379212805
0.0471277415730703 -0.0813700366985143 -0.227476556720158 -0.343695690028904
-0.0905602201445578 -0.0519999082222587 -0.443582307855364 -0.129488531609902
-0.0781818874823627 0.0593463382921883 -0.414464901185342 0.141606256393005
0.00068072822247815 0.0902079660547284 -0.263011794432124 0.224964423728101
0.0674737521235043 0.108717857231624 -0.12589797761404 0.188389345906027
0.102465503319769 0.123468141435237 -0.0174637915904487 0.128114249196984
0.0834873307260989 0.135464975967513 0.0745311706268343 0.0548189962658318
0.00957694317359123 0.142912436632157 0.1968860923098 0.0497958781482122
-0.076379420441042 0.110191845940309 0.272314253311023 0.210674515138315
-0.116751836259724 -0.00538630473063442 0.0869127567829557 0.483601300506084
-0.00775252486215091 -0.0624583639955242 -0.260913153343511 0.464500091523199
0.0630969227731265 0.0153897621066509 -0.509754289889474 0.136610756373791
0.0188181676277435 0.101538373554253 -0.225516577624596 -0.164113444879113
0.0482962733949028 0.0496310987022309 0.289179245703002 -0.0840711541562544
0.0816825956785358 -0.00168175574107326 0.270823904877 -0.333634677421509
0.038666220374521 -0.0667809104819191 -0.0838622432478286 -0.490706720087979
-0.0673581437911303 -0.0359827055535906 -0.430372723988932 -0.330740056021673
-0.0530170388336631 0.0587717290770998 -0.504141919471967 0.0294950822976676
0.0204029731125654 0.0722322338849358 -0.333586187324321 0.216268258958399
0.0766598194292381 0.072364727956646 -0.129180546087668 0.21196546840217
0.11596970455019 0.0763530041046323 0.0203165161585142 0.153527954472431
0.110074521084921 0.0864943590185228 0.124612284102592 0.0868651870471913
0.0602779908614911 0.11038999162879 0.238403507609539 0.0635658004155794
-0.0216113997990548 0.115251935972027 0.322912503136106 0.176730709257745
-0.0998768652950073 0.0328884237025977 0.198730112662163 0.429013937129277
-0.0341906114401576 -0.0623056709720383 -0.116950396983623 0.454469569905989
0.071433197177506 -0.0313293686891769 -0.42060727655974 0.182635449625381
0.0703415160749014 0.0517724690068495 -0.210132029865475 -0.170343842611021
-0.0685118513170143 -0.000899310945967732 0.19545865278498 0.187500462609541
-0.0857903255591211 0.0455257880305565 0.349382544158227 -0.152735150726173
0.00378691953690097 0.063924457097351 0.0207918245408564 -0.429745670766448
0.0425630457423611 -0.0145503379300086 -0.297552740576686 -0.339772582496149
-0.017131944509237 -0.0601012723153965 -0.38672904398279 -0.103955475202692
-0.0813437970272991 -0.0468066871118394 -0.276635190038694 -0.00617866033151604
-0.111657756273713 -0.0145744809485497 -0.158390995836479 -0.0545023145006893
-0.116692520877663 -0.0120127734407947 -0.0432919790096742 -0.110483328645877
-0.104852720476703 -0.0247319366992839 0.11575810985783 -0.192140568002074
-0.0590652951775968 -0.067327712004494 0.338011457200484 -0.147722655940374
0.0227908932972667 -0.0591721388059597 0.496587297898377 0.0822560088794474
0.0438877366953695 0.019763531161934 0.348872996370398 0.478677172613961
-0.0411911476665404 0.0660694850353235 -0.071181634616962 0.58547517094997
-0.0895709171321587 0.00138497093684371 -0.400589915833639 0.356531446096299
-0.0663937345552801 -0.0201117554477302 -0.363971782882832 0.0906424678428504
-0.0624146276383924 0.0637366615990906 0.205819703915892 0.152110345000725
-0.0522265746854816 0.060732727071196 0.252894203516342 -0.188208260185847
-0.00359900230884697 0.0544519419661286 -0.0975382999272763 -0.334638165923634
0.0058787411801899 0.0138443066108858 -0.33589222498542 -0.199259085577197
-0.0205765647867352 0.000979498983563473 -0.366112719734262 -0.0133040361051174
-0.0519053679559759 0.0165155687036225 -0.269050439704333 0.0343113761242128
-0.0704537689101678 0.0458540265515585 -0.179138365161252 -0.0301971164956299
-0.092981741054024 0.0465717103833476 -0.074015368961201 -0.0971812539763015
-0.113142404831051 0.0251591519752366 0.0969458589884386 -0.186188663208253
-0.104210497629738 -0.0494794884694856 0.343147488861289 -0.111583239964141
-0.0238140546902427 -0.0891135449576453 0.479566194265491 0.191193703658902
0.0479002891266473 -0.052574936675776 0.206415407611406 0.60735424854777
0.0214648400472558 0.042472220075893 -0.286593428558045 0.614890320898592
-0.0577226357872439 0.0400931706540874 -0.571483017032561 0.264469262140339
-0.0899352504476042 0.0312877801444737 -0.399024904513951 0.0245569099383463
-0.0350856510310193 0.114333225010404 0.207369064508529 0.0970486140747899
-0.00775152600024857 0.0519834014764317 0.153037401041189 -0.216288112285546
-0.0130416587853575 0.0302025582254253 -0.18312271223657 -0.232378694553121
-0.0299874763459107 0.0350570979631631 -0.335943752952806 -0.066470540578197
-0.0160677865041708 0.0512547197506429 -0.313715831237354 0.0778240848312312
-0.014056158893573 0.0647825959585572 -0.235974270903026 0.0835686520341998
-0.0194729118165217 0.0936098332991648 -0.175941390631001 0.0107369129382253
-0.0559661744828067 0.098070747691365 -0.0920753777536739 -0.0648146639871353
-0.106688725085824 0.0764049019514174 0.0676965046826986 -0.162864119619883
-0.136228747933333 -0.0217301662921454 0.307200962177711 -0.0800922647777061
-0.0628361379605345 -0.105533953759825 0.409035701845813 0.246759569471953
0.0554550785214293 -0.10752664288396 0.063185764126015 0.632340448466791
0.0775668246924375 0.0319878763075023 -0.440095619928855 0.560072561665637
-0.0363269554836638 0.0790016927228989 -0.663377408057019 0.152542624448318
-0.110605380570751 0.0696517785387663 -0.397063868209342 -0.0378842367349325
-0.00150116602703501 0.142971652383982 0.203810744111855 0.0364362403856107
0.0401603783811876 0.0343737506055657 0.0749976935236397 -0.243197634582046
-0.013463566216524 -0.00762562477068227 -0.243214943286359 -0.165144905799174
-0.0651727476324067 0.0322589937507683 -0.335107882960307 0.0247607482121293
-0.0243959948280323 0.0789228537637191 -0.271578650871619 0.147091480717261
0.00814615762081234 0.0942393512768066 -0.199018577492832 0.129624173100809
0.0219178408463429 0.124561953614131 -0.158655227652062 0.0577096571548994
-0.0127941504056745 0.135617779813844 -0.0938651475500844 -0.0191481309160195
-0.0797595533640727 0.121294578022382 0.0397511117933351 -0.12228277273798
-0.143606390970311 0.0243951555274521 0.253731257783805 -0.0524670643713571
-0.0967527545691933 -0.0878433769625034 0.328327491836052 0.260630158932782
0.0375242868397466 -0.129812616476285 -0.0346223092927083 0.599990637561961
0.100266789386564 0.0201666132323986 -0.509067274085566 0.484108844650538
-0.0191967227504107 0.101140175739253 -0.683072454385215 0.0681997093534639
-0.116784757048434 0.0971807491739143 -0.364166837649202 -0.0903390955277825
0.024424310411529 0.150461956953724 0.199697307850104 -0.0221171417124948
0.0817663482926047 0.0204802665808584 0.0338434840744934 -0.274520281375886
0.000337686691003748 -0.0475161793738248 -0.280487675227447 -0.153680607108374
-0.0936035507976048 0.00637094487187903 -0.355811857255476 0.0578995440579246
-0.0480855368594683 0.084923554001635 -0.267950897946915 0.19274110618735
0.0107356672005949 0.106495886357378 -0.181299186691061 0.174797396606625
0.0487229676266534 0.136373469142247 -0.137584696545468 0.107360745487299
0.0343234078523929 0.153111501321201 -0.0793869332199921 0.034616274369719
-0.0288994487275424 0.151952633850529 0.0250344640371905 -0.0654583262065667
-0.116940161435809 0.0835583271277816 0.201754085423894 -0.0241879686247384
-0.120774181902395 -0.0265939678788998 0.268730005962883 0.241338504008733
-0.0203781902684168 -0.115136305090793 -0.0516833890746294 0.54802526275704
0.0835628608774361 -0.01075570025336 -0.477408544918623 0.443710058136848
0.00779078651698779 0.0947955970991313 -0.646033699812578 0.055242795318251
-0.0921785249921041 0.11656637229553 -0.312301638847113 -0.120521108857511
0.0405672822495441 0.134381225031079 0.208538533310654 -0.0700791058925755
0.107525124014693 0.0138456652890696 0.0400852993947107 -0.310042530899271
0.0239024520110249 -0.0757080402305027 -0.287223417792585 -0.208387848224216
-0.103404965801671 -0.0274126339782429 -0.399588871487978 0.0177472447910841
-0.0706712397470151 0.0754195421447302 -0.312247026182889 0.201474944648701
0.00359764079153874 0.102565550883921 -0.197600841221439 0.211831450874622
0.0630406445927418 0.128739511673314 -0.121747130702481 0.153748657431
0.0761373797895944 0.146623430073076 -0.0502145530730283 0.086206750814534
0.0334801889790728 0.156110466763016 0.0365880316383767 -0.00236914139790663
-0.0569628775189061 0.131187304574575 0.178329019086663 0.00989652227819643
-0.114027441046067 0.0541228860476661 0.250875304059099 0.21858026012891
-0.0854782875556052 -0.0646144541772236 0.00394663873370744 0.508394810686998
0.0381779153399344 -0.0445646974360608 -0.375973725348518 0.451520893382597
0.0396470538433867 0.0610443970088528 -0.580819080137456 0.0950247829136495
-0.0399955803011046 0.121098719080635 -0.262578928633476 -0.139418869980029
0.0446103149712373 0.0995152332023446 0.236447834908675 -0.0951034278584199
0.107931199925452 0.0118932491036567 0.117578252483795 -0.338600853546106
0.0441365450132473 -0.0822013388077435 -0.234869606386859 -0.331282637676449
-0.0904768702773913 -0.0491416195943505 -0.442453087857432 -0.114027386726136
-0.0753398856114081 0.0608706764483347 -0.405039262298222 0.153184805697184
0.0030273476630273 0.0885235497765299 -0.251977674436785 0.230944801923516
0.0699820512580214 0.104628076016494 -0.119120042469929 0.1904060344682
0.104731164014341 0.117930032655152 -0.013743021021685 0.126879831089741
0.0863489439399127 0.130817840439161 0.0751317116123029 0.0509986357490172
0.0135454312606612 0.140194613725302 0.195438246673269 0.0422643558724256
-0.0718389744702838 0.110959758390439 0.275460384667998 0.198536710700703
-0.114906251621264 -0.00186829518622611 0.101212778838258 0.474060963069506
-0.00888647751197529 -0.0616094470253283 -0.24410804610694 0.466178476232437
0.0626430556457926 0.0133539629215263 -0.500826145686859 0.150806610797376
0.0219925723013768 0.0990779564210074 -0.228333779982301 -0.155434571250557
0.0491269797976998 0.0471137682631589 0.283076855510556 -0.091023428963752
0.080582818386411 -0.00452409560433519 0.256873489556341 -0.337608805558158
0.0363417979716194 -0.067372255095804 -0.0976897578066868 -0.480816625335746
-0.0677226498791989 -0.0334260863704608 -0.43468995012941 -0.312451994127177
-0.0504517458448738 0.0596377192548435 -0.496955302649803 0.0459435615933139
0.0222134277447051 0.0704443488040196 -0.323021846191684 0.224721287442185
0.0780351658588941 0.0687004099959149 -0.120912889106133 0.21325228368629
0.117504796153161 0.0714594244721639 0.0239215000926437 0.150456628165686
0.111668509311661 0.0817428209836305 0.125507315104359 0.0808078538594564
0.0628788583254152 0.106851070866202 0.237140642087102 0.0547676815216626
-0.0170116542711609 0.114255511593671 0.323922330895911 0.163523051706932
-0.0979294451431889 0.0351335055929703 0.209497865102074 0.418107316988672
-0.0351054959651126 -0.0601239230207157 -0.101781606224542 0.45247881524285
0.0694492785567467 -0.0332122724893414 -0.408704363809519 0.193906635239623
0.0710406694811308 0.0492692187905686 -0.213087325705424 -0.161956852819203
-0.0673946018388257 0.00118293803727615 0.199133065039242 0.1790561129986
-0.0834342757661141 0.0473835215978673 0.341226238853487 -0.161395388644242
0.00603884300711701 0.0629142310683857 0.0081026354680188 -0.425513703188412
0.0414696664010524 -0.0159831152807664 -0.303908625253266 -0.324987163847764
-0.0189382553648995 -0.0587506982306878 -0.383929159192919 -0.090146157945026
-0.0817059374636284 -0.0433668886340268 -0.27296706921628 0.00294832744733458
-0.110652117494288 -0.0110782315543741 -0.157090942937017 -0.0487882078773053
-0.115681176062629 -0.00791860222666061 -0.0453245734711699 -0.107312737959956
-0.104516510394269 -0.0211575824896723 0.109015674803469 -0.19302142402819
-0.0604950574437843 -0.0644341384697662 0.329762203254205 -0.156036941352733
0.0204022650802273 -0.0591270918492585 0.493302275062472 0.0660273748739956
0.0444397622728191 0.0180451065534633 0.357720764947302 0.461248552807522
-0.0381918636893686 0.0663885173592307 -0.0515693319351299 0.579181144548044
-0.0882269427891199 0.00406128778065283 -0.385447612002229 0.362535001065808
-0.0663220936888967 -0.0176726561921385 -0.356073403367914 0.0996765069250667
-0.0597883066983196 0.0650024533002938 0.208025427691661 0.143756138685987
-0.0495717118742328 0.0618025760225563 0.243107543585969 -0.193445598096084
-0.00213737773536426 0.0540338419964066 -0.105395985701377 -0.326597593039605
0.00597152994356006 0.0131585122010951 -0.336161592186771 -0.186150357697843
-0.0208354238728885 0.000996323211860997 -0.360973852910904 -0.00193208349607226
-0.0510437781619997 0.0178740080099599 -0.264497333020393 0.0426798397199333
-0.0682078105626358 0.0474090494880937 -0.177204404113764 -0.024479350501164
-0.0908909293148057 0.0494334593302802 -0.0751769533520176 -0.092987530167805
-0.11117346208776 0.0288552941304095 0.0908165105298092 -0.185928241354476
-0.104486995892654 -0.0461970574335311 0.335944867803457 -0.121081409318303
-0.0255703934459542 -0.0876859275695789 0.477736702960026 0.173350184198129
0.0463530564205779 -0.0533523500267247 0.222085437514381 0.590658002407759
0.0233163670350971 0.041601330460563 -0.263452626689435 0.613750135729903
-0.0565376812868779 0.0418741294429393 -0.555235639554418 0.276218568072768
-0.0883331724148817 0.0337020645096725 -0.392952514196567 0.0360277503395653
-0.0311176005695868 0.113223898739428 0.207414913200797 0.0895432731836052
-0.00597919090311183 0.0519483434558683 0.144969380253344 -0.217341184155903
-0.0116043113502502 0.029810019455861 -0.187676228600586 -0.223570584567278
-0.0287983544379452 0.0350307979322051 -0.333260095584437 -0.0551115669963656
-0.0146837368223581 0.0504744910818283 -0.306212458276384 0.0873270916661303
-0.012214516842234 0.0640796997892508 -0.229361228331176 0.089174800970029
-0.0166175120812409 0.0926918132864565 -0.17289508389602 0.0161353521851024
-0.0525974138203725 0.0982620711903756 -0.0919114382002548 -0.0604210028629278
-0.103024856471185 0.0787837335581236 0.0623209523712495 -0.16196452637265
-0.135622371735901 -0.0175880629283484 0.301518918236464 -0.0881786041015553
-0.0647744543649058 -0.102638565894609 0.410891125796056 0.231954327778359
0.0523486354079997 -0.108435534954984 0.0804702617870195 0.621752844999965
0.0786532936485265 0.0303086416832024 -0.418114096522583 0.564661415014246
-0.0335006038761836 0.0795513418994795 -0.647983232649912 0.169106185316692
-0.107519223279726 0.0718085838790477 -0.39254336974533 -0.0257927696506287
0.00240681098279472 0.141022022269627 0.202329052460934 0.0302194814117141
0.0402358422164671 0.0329116172655534 0.0677106521898428 -0.24231379094304
-0.0131599488048496 -0.00741727229199933 -0.244253336543828 -0.154675049818776
-0.0636183395319495 0.033704636156385 -0.329320097603067 0.0353318582409301
-0.0220983208753277 0.0784048194569259 -0.262802565634887 0.154356474034954
0.010545459829981 0.0922309079332619 -0.192416303737963 0.13499260079135
0.0249521115681908 0.12173161701853 -0.154830413564083 0.0619776851094127
-0.00871324776026737 0.134161947734644 -0.0930630371371612 -0.0160269832236958
-0.0752864524289429 0.121560920824176 0.0356415401711577 -0.121642399815561
-0.141699323559116 0.0277217949249495 0.248607761579893 -0.059860577576456
-0.0978423297127501 -0.0835029641081913 0.331706379347936 0.247898508858031
0.0337094095287309 -0.129366341825984 -0.0164105701512566 0.592478425210048
0.100236528230235 0.0172615937427454 -0.488879996748711 0.491859843644095
-0.0160419924135438 0.100640595570217 -0.671496743895645 0.0871906822920966
-0.112724236245356 0.0990073815314849 -0.361731554277048 -0.0785195583971182
0.0286807066129432 0.147546154089742 0.197059337361109 -0.0273840687561824
0.0815188604142193 0.0175034772020734 0.0251013428953544 -0.27270657498506
-0.000896950451130154 -0.0472309727627625 -0.281311680469157 -0.143331917362646
-0.092198986688686 0.00913960992940551 -0.349302059073751 0.0688732399398102
-0.0454536296180377 0.0849120621949355 -0.258339543054068 0.198328274805229
0.0130760201813986 0.104167966375127 -0.1733397730284 0.1783955869932
0.0521992929858351 0.132609915461636 -0.132685678987897 0.110044523262695
0.0381286283448798 0.149708132687835 -0.0773981088137893 0.0365479417512455
-0.0242024618666636 0.150577912074425 0.0229549708300311 -0.0650626549514279
-0.11307864100922 0.0853621273712201 0.198535582438957 -0.0294082126734196
-0.119315574224697 -0.023004480045884 0.272144316196545 0.229101609734197
-0.0228069922552694 -0.113145087982486 -0.0343410020232924 0.54166724384591
0.0826259197168086 -0.0122290307308533 -0.456286966073585 0.451570402424109
0.0102466091117113 0.0929958019496943 -0.636255707289665 0.0754920556459926
-0.0877523947169271 0.117293558851087 -0.311968337302013 -0.109712426655109
0.0438518634947777 0.131247268458984 0.203711672695503 -0.0753994392898762
0.106434232361625 0.0103550302200461 0.0307412702995909 -0.306013867872188
0.0215607439240027 -0.0758596645394552 -0.289371196242052 -0.196969407904539
-0.103113220076373 -0.0242324916141982 -0.393691833288444 0.0305948350268643
-0.0682796321278976 0.0763996182953629 -0.306668928534057 0.206797885864425
0.00652712499894947 0.100842720739956 -0.188442248706898 0.215626316957666
0.0658700572747853 0.124883547410845 -0.115991247329637 0.155259496159855
0.0797727946431749 0.141473937645351 -0.0471757344036559 0.08627846951646
0.0382846731450262 0.152640041804291 0.0361410151586931 -0.00373459198750453
-0.0521635439430054 0.130531250872576 0.176333791767651 0.00357341882649464
-0.110986913133953 0.0557041661853865 0.253766110667857 0.207513535089907
-0.0859374767243938 -0.0614032633139595 0.0194735971453603 0.500120436891081
0.0371275326013149 -0.044469203778412 -0.358716184868014 0.456400601632188
0.0410961343760895 0.058897052388211 -0.57008258111608 0.11213155906232
-0.0360737723069009 0.12012090993337 -0.26299066181964 -0.130173316559948
0.0461635457411623 0.0966165626521064 0.230545342570451 -0.0995193522568783
0.106505005114755 0.00801334111353271 0.105871791435845 -0.337069004705457
0.0411498471946192 -0.0827391744839777 -0.240956403212838 -0.319802206533019
-0.0908777070881597 -0.0457738297110554 -0.43988264910825 -0.0984140577073226
-0.0727084106182432 0.0624558277840693 -0.394384603096236 0.163214556507085
0.00511630215929364 0.0873394090919956 -0.242805280648227 0.235808734591108
0.0722394740884391 0.101203551257319 -0.111808605913487 0.191171520653414
0.107286770635103 0.112877219555915 -0.0097008925676458 0.124469265966611
0.0892631001101552 0.126215949864051 0.0754386808014271 0.0473692510335613
0.0169264345538403 0.137861505128369 0.194063169839239 0.035397487140381
-0.0673402624886095 0.110996162110759 0.277725103083349 0.186926806071468
-0.113242011760457 0.00141587181528166 0.114842234660709 0.464049868568693
-0.0106105287325279 -0.0596736501767829 -0.226300775843009 0.466839417245481
0.0621601117626538 0.0107579352908911 -0.488374575101693 0.16407137167024
0.0237462201448843 0.0963305788063935 -0.230450386597778 -0.146169546622214
0.0499905557834656 0.0449156481716143 0.2768546791548 -0.0973036137533708
0.0794686023738096 -0.00715573124411851 0.244123080404092 -0.340145401917706
0.0338520278915801 -0.0676053345780512 -0.110836791217231 -0.470683258392769
-0.0679434135770908 -0.0313530590823095 -0.437619496806384 -0.29499325684882
-0.0480868179713351 0.0601184950612244 -0.488656302440259 0.0607864138813217
0.0244171929319645 0.0686768015471805 -0.31157959019549 0.23120060207386
0.0792499705808977 0.0650625634012471 -0.113903687444499 0.214106358470892
0.118020807276753 0.0662611815222113 0.0281374900652252 0.147076499557618
0.112342115360157 0.0768832715770685 0.125706476957679 0.0756211421431248
0.0649185207472887 0.10381717741253 0.235145390881647 0.0458056673114366
-0.0135870860986627 0.113432550464257 0.324752675791632 0.14980463667751
-0.0951740180702238 0.0380663531536982 0.219967349505914 0.405237524245581
-0.0364646897006903 -0.0584013922444238 -0.0867192865953854 0.449008161082757
0.0673134677954849 -0.0354167139471423 -0.397882123648256 0.2048130888439
0.0711438124018262 0.0454366277216971 -0.215749244368496 -0.153302550319424
-0.0665197448398496 0.00340000558968526 0.201756087824023 0.171271810788578
-0.0809142953253083 0.0494957093632112 0.332173110405456 -0.168935677435697
0.0077443988433528 0.0619350001561603 -0.0036287688205128 -0.419392035833936
0.0406369752807756 -0.017106008022365 -0.309002152833778 -0.311074233245308
-0.0209725470572109 -0.0573930262353923 -0.38110689069032 -0.0766218746162239
-0.0818907354852034 -0.0403364445018931 -0.268331409086151 0.0112846677401005
-0.109389028809713 -0.00766723513744009 -0.155656888122767 -0.0432342994892512
-0.114229904355952 -0.00416698822578244 -0.0468761626458937 -0.10416754817892
-0.103217392364402 -0.0174453768025351 0.103036922233364 -0.192817580495195
-0.0617674157813946 -0.0616272559713042 0.32148832932102 -0.163701220886587
0.0182381830205755 -0.0591827205570568 0.488174438521828 0.0518849168520038
0.0438958540287834 0.016303420718061 0.366177637356338 0.445076673218724
-0.0356179503517044 0.0665789369202829 -0.0362023834978489 0.572167505909626
-0.0871839024193876 0.00644909444701745 -0.368864587173363 0.368469682390269
-0.065854029077835 -0.0148300875719829 -0.348983008512176 0.108622400905396
-0.0572673369336646 0.0654978924457253 0.208873076216499 0.135704513152397
-0.046963836693156 0.062706319159806 0.234110686776425 -0.197782670495275
-0.000163971113658398 0.0534512616013237 -0.113351194950365 -0.318645643357492
0.00624105592962191 0.0127547104273669 -0.336667648571563 -0.1737984300498
-0.0209007866946681 0.0014039644837789 -0.353656678200486 0.0131229994515261
-0.0499904348135028 0.0191064490614772 -0.258778599471165 0.0508991412894726
-0.0662128735369541 0.0482771694049098 -0.174462767845905 -0.0184817557990864
-0.0882058164292583 0.0511158255422655 -0.076209686372878 -0.0893711733487893
-0.109291367527467 0.0316323960866987 0.0851532153552879 -0.185992430710392
-0.104976681842044 -0.042429463530418 0.327945189887444 -0.128487990846035
-0.0279664757597668 -0.0859526050023044 0.476608570614167 0.158379595823905
0.043729021949445 -0.0545171928028921 0.236267750508988 0.576379129936804
0.0244787558798567 0.0406074400331847 -0.243809961470404 0.613400003048417
-0.0550828894375927 0.043122411029723 -0.538545160083714 0.288205929671578
-0.0864215953647886 0.0361035892009108 -0.387034149791519 0.04550615975634
-0.0274150406122327 0.112358369867315 0.20759618544853 0.0825052997103551
-0.00432883022064838 0.0518237482619642 0.137024492329708 -0.218536792735148
-0.0102444617716433 0.0297482449515236 -0.190818322863507 -0.215075467895189
-0.0271817018589298 0.0352563429270226 -0.329408771137636 -0.0440300215553692
-0.0135450626949716 0.0496145085619695 -0.299172809945637 0.0959797049474052
-0.0109805893871423 0.0633850304974989 -0.222965638071645 0.0957272745562363
-0.0142248365787344 0.091506650022806 -0.169619299466073 0.0209625780274592
-0.0493723371496245 0.0983962473615572 -0.0922100906722226 -0.0565924043491888
-0.0996604396465978 0.0802988171703867 0.0569590849161933 -0.161215443269991
-0.134460703333169 -0.0137500502452118 0.294650310968714 -0.0957727815212425
-0.0670100368346821 -0.100329717388367 0.411037892849246 0.216367634828622
0.0491725175177156 -0.108760310956196 0.0973072799932433 0.610563150530291
0.0791105179234997 0.0282205482478456 -0.396184341520858 0.566967160347399
-0.0309319030167576 0.0800557859397502 -0.633495072537353 0.186156344593388
-0.104392721114406 0.0738370994852268 -0.388097940117564 -0.0155777878163343
0.00590364876635482 0.138991420917721 0.200354497286839 0.0242231414248933
0.0405949120256216 0.0311705482069626 0.0608188878184314 -0.240884316532407
-0.0132230098698402 -0.00705559388772447 -0.244024766219375 -0.14569235057171
-0.0615891436706263 0.03484556887808 -0.323840793529987 0.0454324378797391
-0.0201285358279916 0.0776277222656637 -0.256278164424479 0.159218935649317
0.0125063192048994 0.0903175711873728 -0.18555621803415 0.139336265965755
0.0281740373236676 0.118815850181206 -0.150460231608813 0.0655956602080694
-0.00476800140084787 0.131942933195199 -0.09163480278665 -0.013157197361129
-0.070920134873496 0.122038657493236 0.0317070487077981 -0.120897287501556
-0.138803440529339 0.0310332397801177 0.243459478684892 -0.0660573660070371
-0.0981319450221548 -0.080643838693692 0.334250831626616 0.234051280627629
0.0301102716684213 -0.129037773932937 0.000430182362406407 0.584667093583324
0.100052448600147 0.015298271781735 -0.467257216681795 0.497548943818799
-0.0126936069564443 0.0996710706682605 -0.659234479305128 0.106637978577803
-0.108928491088144 0.100660304152213 -0.359654109836239 -0.0670952471022911
0.0321447064289018 0.144583653805 0.194137379324036 -0.0323211245659588
0.080828929256678 0.0144173082538946 0.0175659570109663 -0.269018485699956
-0.00214166820941294 -0.0465784178419603 -0.28075403107828 -0.132298034120334
-0.0905276563255953 0.011446492058175 -0.342492531809618 0.0782904914975244
-0.0426576583053647 0.0850058041533143 -0.248350937852443 0.203760332102838
0.0157090588997005 0.102063078920659 -0.16566287841065 0.180869857386785
0.0548757157617356 0.128789990193753 -0.127111598616455 0.112398315070674
0.0418114810087382 0.146188771300929 -0.0752962223576169 0.0383172511406547
-0.0199712549320859 0.148900494807031 0.0208977341030448 -0.0647508310330596
-0.109190745864116 0.0869730027869857 0.194591898585623 -0.0350617044800264
-0.118126380880369 -0.0200743184335935 0.275147293851195 0.217811253271709
-0.0251691136968061 -0.111114167367081 -0.0171284346541411 0.534738086058231
0.0814419601775393 -0.0136679063184141 -0.436989861999951 0.457243864405851
0.0125516296160749 0.0914910078637314 -0.624663783156459 0.0922770991392487
-0.0834619584487915 0.117487766875691 -0.310947233665982 -0.0997059142866182
0.0464769319217277 0.127840535770674 0.199153907710142 -0.0794046012517856
0.105312942261495 0.0070315491251141 0.0229473976850981 -0.303527768337087
0.0192768228622945 -0.0757193518459541 -0.29027271004126 -0.185605233769754
-0.102328311554987 -0.0211822892989994 -0.3865794142352 0.0410729372073765
-0.0655154835896595 0.0769134330427042 -0.299237730417014 0.211398444751681
0.00885309456046744 0.0990093164123084 -0.179848150972995 0.218896606298741
0.0680101919201397 0.120452161430278 -0.110175719332613 0.156189517568919
0.0824173584808944 0.137111863131409 -0.0441054955323169 0.0865792451993146
0.0415059408850535 0.149014567610802 0.0352639144947357 -0.00510752133070882
-0.0482665695881379 0.129470392924423 0.173583728255365 -0.00152328058176044
-0.108015911204955 0.0573881925419063 0.256273703088266 0.197324823364814
-0.0860358951733077 -0.0581626727260539 0.0335125852308332 0.492725208035952
0.0357756346480915 -0.0442240580709963 -0.340624767675315 0.460484829396916
0.0416703423255564 0.0573392091699563 -0.55952372584777 0.127244269770257
-0.0323232918794888 0.118521082815035 -0.263624468550412 -0.120677781701034
0.0481374776779225 0.0932691405472145 0.224908071164829 -0.104342647284781
0.105019272166327 0.00463598476625552 0.0958656208662945 -0.335513013940455
0.0383536814503259 -0.0827989416287946 -0.246487751933311 -0.307625179215602
-0.0911508079155417 -0.042982997601823 -0.435334213145686 -0.0836631151748525
-0.0700376827623477 0.0632503228443195 -0.384067970442521 0.17210801566019
0.00789790974104447 0.0857335148470556 -0.232347396841728 0.240209105579565
0.0738655391289643 0.0970413096352678 -0.105198617220012 0.191707623711667
0.108713087964032 0.107474474966689 -0.00633921748502418 0.122934262501563
0.091563209420075 0.121568677839187 0.0755517967215038 0.0442414456964616
0.0206344767313676 0.134913722616464 0.192076408529895 0.0288089399338401
-0.0627273910580259 0.111107446536642 0.279226995277022 0.175390255026745
-0.111010212543554 0.00466583646424174 0.127355374312629 0.454660681287325
-0.0113518300817717 -0.0582238471889216 -0.210920922487792 0.466072921033517
0.0614562105984438 0.00859166890230568 -0.476999162354108 0.176613957345782
0.0261965080518072 0.0936184287635749 -0.231605730574439 -0.137970356141294
0.0503725068380404 0.0425316861347724 0.270491824077293 -0.103191199854805
0.0782433323326051 -0.00980707096162528 0.232281243400457 -0.340980837346807
0.0317279025911424 -0.0680640867039194 -0.12074412564588 -0.460198877538342
-0.0674344954219105 -0.0290162624421309 -0.43872941207318 -0.278471432225698
-0.0455608980547218 0.0607926665859941 -0.479696089275123 0.0737170538856904
0.0262069514691868 0.0669402659230634 -0.300498786808314 0.237897896513056
0.0802648869677907 0.0616698933116118 -0.106187498035449 0.213652806375742
0.118113661635242 0.0614504348817251 0.0311496369060911 0.143871020915476
0.113279225381933 0.0729778104094691 0.125794122637696 0.0703796511539508
0.0666991291934651 0.100255485415417 0.232585584130537 0.0376807692924253
-0.0105829771535051 0.111779505760244 0.324400800954207 0.137755281915154
-0.0928103980857308 0.0401200972551563 0.229355182309212 0.392906763352163
-0.0369383117564382 -0.0561618294082394 -0.0729680888408881 0.44507756094407
0.0653248900383559 -0.0373383926845046 -0.386288885733508 0.213682767349216
0.0711627663969789 0.042358347699859 -0.217443880614141 -0.144678202518373
-0.0650962220133888 0.00511298289134264 0.203210412075266 0.162333912806304
-0.0779123922778788 0.0509186242936731 0.322856311743261 -0.174423386004909
0.00951206358885843 0.0607460619161141 -0.0147170383150986 -0.412531588310624
0.0391374067615978 -0.0181252286187286 -0.31271312519066 -0.297886086364718
-0.0224294058150417 -0.0559398233465138 -0.377333813566592 -0.0648934838904403
-0.0816825611159689 -0.0375760194352578 -0.264059213720146 0.019708160299305
-0.108276605881708 -0.0041580357763489 -0.154427592168779 -0.037916313657013
-0.113013285509204 -0.000732137780849984 -0.048238159693386 -0.10124843573703
-0.102374840620847 -0.0141437319521442 0.096607377439234 -0.19232333327907
-0.0625437097756482 -0.0588700261460574 0.312791416761016 -0.169689217544569
0.0155578571538641 -0.0587648126577216 0.482470388897996 0.037925976816348
0.0439013693434971 0.0149848413597195 0.373337493213999 0.427593100278111
-0.0326106194961689 0.0668164788209349 -0.0204121576327787 0.564271338766716
-0.0856606254376465 0.00911582801859387 -0.353278595593279 0.371338407217238
-0.065491526964803 -0.01299056644573 -0.341403445840026 0.115012405743552
-0.0545397297029581 0.0662613998453729 0.209763955702352 0.12821788090557
-0.0446078644350889 0.0632619001973537 0.224767478637117 -0.201690603694332
0.00161282764213169 0.0526212039018952 -0.120017828971481 -0.311271797279043
0.00634804609033007 0.0118705255960985 -0.335892688616199 -0.160738182973138
-0.0206580643308357 0.00180173109572598 -0.348971211140918 0.0231328184950701
-0.0488870393576326 0.0196820749276905 -0.253902784530006 0.0575452263630299
-0.0639391950097705 0.0494202253263973 -0.171834641838651 -0.0132209993798101
-0.0858884142018298 0.0524276684932589 -0.0767382491127725 -0.085588591913005
-0.106688323002781 0.0338067255255376 0.0791271326143733 -0.184670103780104
-0.104594217048502 -0.0390358400948494 0.320297297317361 -0.134835900192781
-0.0304653153905314 -0.0843040841750167 0.473216809481141 0.142544074453199
0.0420955166125738 -0.0553242231992355 0.248326586628826 0.561385915928848
0.0260686072472356 0.0393466343105406 -0.225032940973154 0.609116887357071
-0.0529368099696029 0.04412025589104 -0.521696719912552 0.298625297373557
-0.0841418593243428 0.0380033163993908 -0.379799094353984 0.0542148892937881
-0.0239528262641196 0.111248534794035 0.20682659526882 0.0754217968011545
-0.00312826186997477 0.0509613252226935 0.129449136160346 -0.218940395989521
-0.00962109765166413 0.029804134976166 -0.193234821453232 -0.205591619822288
-0.0260832592782262 0.0354487394758323 -0.325439616064108 -0.0345697278462269
-0.0124704156354116 0.0491040302762272 -0.291838953566382 0.102797939697607
-0.00927703890436691 0.0626084771242389 -0.217143791192412 0.100666735654282
-0.0114620742895703 0.0905104818961288 -0.166344718645154 0.0252272055145433
-0.0460599628194339 0.0981705390460417 -0.0918393039736225 -0.0535439905992557
-0.0963920526330396 0.081732902251736 0.0523773284942109 -0.160172833315268
-0.133545884416457 -0.0100242741509865 0.287566221144433 -0.102217614019389
-0.0684368992757617 -0.0974829328873499 0.410755413628962 0.202500614082248
0.0460778828517376 -0.108668784037332 0.11291916551888 0.598793171481979
0.0788923385496185 0.0256852548311586 -0.373907464616168 0.568665642119507
-0.0286368911176626 0.079585309640184 -0.618437813102285 0.200214681839473
-0.101378226148267 0.0756193813249781 -0.382934975174949 -0.0046919486209518
0.00994910138562674 0.136381696566699 0.198432397187719 0.018390732768737
0.0407089235501666 0.0297060080600658 0.0518801563597346 -0.238323591603071
-0.0127537642918329 -0.00635474686184451 -0.244934005440715 -0.136312652001674
-0.0596348679512936 0.0361338616118969 -0.316661511358114 0.0534060821616733
-0.0185381739351644 0.0768591936805586 -0.249713232137589 0.163104130093375
0.0144403368450928 0.0887373916476992 -0.178704424141546 0.142592779427745
0.0303655122304444 0.116198097252068 -0.146140254777317 0.0689157795303146
-0.00168634341536979 0.13000208564178 -0.0901560528855265 -0.00999736356544179
-0.066911402735616 0.122131961039871 0.0284666614445695 -0.119472214673577
-0.136529625972589 0.0338444253611277 0.237908540231507 -0.0717777532299077
-0.0984712401525141 -0.0784706003092656 0.335231048379748 0.22200217019419
0.0269970873707593 -0.128286813354635 0.0171389537090119 0.576038685080929
0.0993708636709274 0.0128031933873881 -0.44690852845096 0.500772001857363
-0.00942315826405233 0.0985733812681795 -0.645921108413717 0.1214064344332
-0.104932708047198 0.101738562324575 -0.356443055497119 -0.0574354430592729
0.035515114787406 0.141663957427734 0.190547304713458 -0.0370560286908164
0.0799128295519599 0.0122785169721228 0.00991221758907694 -0.265561871558834
-0.00318674390189194 -0.0460861288955232 -0.279962410860914 -0.122726633339874
-0.0890952365591185 0.013308896092302 -0.33495059216055 0.086908245758264
-0.0403114971032284 0.0846246661592628 -0.238940743477643 0.207887684893697
0.0176431235337948 0.100023843107907 -0.158559557719398 0.183335094318012
0.0574487804923435 0.124916252104035 -0.122566429365273 0.114511511905578
0.0451524521032111 0.142371338319783 -0.0730523283313917 0.0393913389016755
-0.0159128162764291 0.146702382790478 0.0185373906413376 -0.064334122570423
-0.10563117829964 0.0881561503875939 0.190538990677737 -0.040288079232451
-0.116240480614567 -0.0172231249814319 0.276528589467303 0.206602210058935
-0.0267847880974584 -0.109167571117207 -0.00282507949311618 0.52628559494101
0.0809366181616996 -0.0151436890059391 -0.419484085169826 0.461356655586259
0.0149824460273808 0.0896256711224011 -0.61288985967732 0.107007532622631
-0.0794212344163492 0.117353147849658 -0.309765178674977 -0.0902315654164193
0.0490131680342916 0.12426230225929 0.194064051632424 -0.0828157979541811
0.103999293020933 0.00371401857703722 0.0147052694176757 -0.299674624194239
0.0168442262109614 -0.0750761203018801 -0.290571234220373 -0.174911379473435
-0.10115801612929 -0.0182409482336606 -0.379022666852854 0.0520905602060144
-0.0625373039148737 0.0775343433807994 -0.278173498516895 0.221064441184765
0.0106513847820816 0.0971020052757323 -0.170843392801576 0.221119925026664
0.0703635007335983 0.116432571771283 -0.104518642713887 0.157329484689287
0.0849579346234527 0.131984215708437 -0.0414159600565146 0.0857785299034303
0.0448195866396452 0.145463010403717 0.0346132458592178 -0.0059971962250891
-0.0441712198640488 0.128387992332621 0.170719057713506 -0.0066452667869405
-0.104352524405434 0.0589749973519555 0.257551741432306 0.186864575901982
-0.0858027629451446 -0.0554718583229348 0.046821730705401 0.486294367758007
0.0346221634848494 -0.0442168072268737 -0.324310620566821 0.4593842792284
0.0427793334319998 0.0547804714671466 -0.54759204793806 0.139786488543016
-0.0294647807542032 0.116811075908181 -0.263474315615872 -0.112270595406499
0.0496501669480485 0.0905116674730575 0.219651274421225 -0.108161658052409
0.104031985854376 0.00136318551186413 0.0856947483923401 -0.332209751136423
0.035676324451677 -0.0826220376737058 -0.249884334027164 -0.295194641191674
-0.0910933245943644 -0.0396372167494372 -0.431318291707481 -0.0701873758340745
-0.067658854232466 0.0642747790249334 -0.373578151183481 0.180990381634806
0.00948940321458757 0.0842270314351933 -0.222205414716489 0.24348142608748
0.0754205940925765 0.0936862915993144 -0.0989306619143381 0.19171290310228
0.109961618273072 0.102398824190366 -0.00365925360766489 0.121258643817729
0.0930429939945675 0.117124508083666 0.0755871626651854 0.0411978123798312
0.0236275105501834 0.132605758777931 0.189476427045292 0.0224317290000676
-0.0586832412416763 0.11039284344022 0.279761721676366 0.164290499103368
-0.108889053304042 0.00736274466449068 0.13809916077767 0.442990442453737
-0.0121522577773614 -0.0568960672183933 -0.194716544282842 0.46373037231147
0.0607165026656286 0.00619273362957773 -0.465099654316727 0.186198201673141
0.0278352498074991 0.0909571488822398 -0.232496103055709 -0.129517388164948
0.0507037864492127 0.0402512962212262 0.264660109706296 -0.107931185699518
0.0768027194088672 -0.0122837138891076 0.219520328547099 -0.34158171753226
0.0296963781902551 -0.068253380614725 -0.130918941888009 -0.45037990819479
-0.0675296844373809 -0.026854262074761 -0.440067952093585 -0.263484829715746
-0.0437021209384821 0.0612436682510332 -0.473043718671788 0.0818081144572955
0.0274140128289862 0.0651338269085339 -0.289456252934941 0.242867421595463
0.0806603715214251 0.0582797376249632 -0.0990101595197452 0.21407701115823
0.118042695796113 0.0569171729433519 0.0340505893398674 0.140502738110361
0.113520714201536 0.0685602915362355 0.12588229517411 0.0651091529311161
0.0681782172192704 0.0967269665752586 0.230094155310534 0.0302624414496646
-0.00674077612363876 0.110050076731447 0.323460094899214 0.126826041944095
-0.0902250047570034 0.0418425961098297 0.236565095657265 0.380559940037327
-0.0377769528600376 -0.0540485528425521 -0.0596009895882641 0.4400945946931
0.0633869465192389 -0.0391055441658018 -0.374027944505626 0.221593384171802
0.0709068986449826 0.0396023106604571 -0.218081946823215 -0.13646131424194
-0.0640985409856073 0.00664438489165279 0.204875243467976 0.15513109020213
-0.0755525933137661 0.0528235043802015 0.313214418418966 -0.180834249375085
0.011293683504449 0.0595615907474799 -0.0247513035270109 -0.406006648523092
0.0379378751997859 -0.0188872310729608 -0.315101023820447 -0.285280482941262
-0.0240040239421941 -0.0548867617106972 -0.372490178679568 -0.0533330618737037
-0.0818599887129038 -0.0342432830359831 -0.258880846219765 0.0265942827497276
-0.106983309991548 -0.00145831069555565 -0.15238173927625 -0.032602713032657
-0.111441419640455 0.00236075004842604 -0.0498417616140566 -0.0980290739619428
-0.101364427022585 -0.0114041807580635 0.0910053555392988 -0.192240030957987
-0.0633506433680319 -0.0564233630858018 0.303888266121452 -0.175530813189272
0.013928833257161 -0.0581241797046692 0.476288777062921 0.0251610576280596
0.0431595415882224 0.0126168264946443 0.378024859582907 0.411719102537433
-0.030319480832105 0.0668471203935888 -0.00493050236222001 0.554754718131606
-0.0844607800260124 0.0106051386726599 -0.338695999110986 0.374066298548298
-0.0649409018183068 -0.010547783648958 -0.333278826125631 0.121366014380318
-0.0519153327662668 0.0664352305332009 0.210066712422879 0.120761036679152
-0.0424367506982956 0.0638171842473985 0.217130085133627 -0.204197045423731
0.00287883788292527 0.0516316691353276 -0.125686337576199 -0.303008080467864
0.00632565912711346 0.0118042995757183 -0.334206028262642 -0.149234669051968
-0.0204655438404471 0.00240883252284052 -0.343044677077397 0.0299034011503434
-0.0480603555083876 0.0212356818581209 -0.24719342974407 0.0635212332914813
-0.0620067636531932 0.0507301873004905 -0.169031023335836 -0.00797039622679764
-0.0834826916024355 0.0541208296374903 -0.0771604753778834 -0.0824590500105601
-0.104203412066495 0.036424309800825 0.0732712980315031 -0.184224311817433
-0.104062344852952 -0.0359866717063611 0.311303187329459 -0.141128799402195
-0.0321034006459709 -0.0826659888815259 0.469594805377288 0.128260500313394
0.0402446983535701 -0.0561041767545612 0.257375473686227 0.547430281835493
0.0275604409781935 0.0381408498404884 -0.204486246696988 0.602479961730608
-0.0509142498839677 0.0450834490241922 -0.506246291254628 0.306860646436086
-0.0818577817510481 0.0392105401370186 -0.373352981573997 0.063133054772261
-0.0209713204562664 0.110545908676827 0.205861199893855 0.0691404796279741
-0.00150655405551129 0.0507757870569753 0.121392647597934 -0.219432851338981
-0.00844677850296555 0.0299273710321881 -0.195746028266976 -0.197619581856375
-0.0244693874629649 0.0359070169092256 -0.321052600361088 -0.0244831332979345
-0.0111493862981729 0.047930404214325 -0.283989623912023 0.108839097181339
-0.00832924774180387 0.0615015387055779 -0.210110360304115 0.106207708563817
-0.00968056274642983 0.0893337751657902 -0.16236057166188 0.0299493981649124
-0.0430767809257653 0.0977705888308541 -0.090372347191935 -0.0497008300203266
-0.0928916749807009 0.0825466874809462 0.0479718499609511 -0.15910161553398
-0.131866784837102 -0.00642302728120342 0.281001112800609 -0.108912231236308
-0.0701301932317969 -0.0949437343915973 0.409008396876863 0.187772503997718
0.0423941180888054 -0.10877348175794 0.126513971079905 0.588314373793832
0.0791202278185631 0.0234177476235288 -0.355045577518434 0.568661016192791
-0.0259701057499636 0.0794001117290127 -0.604928668416652 0.212630742620706
-0.0977834130752161 0.0766857171201256 -0.377858675232472 0.00484737099004005
0.013196399951663 0.133798373271248 0.19627084316877 0.0132036323596181
0.0409748420746985 0.0283287888667767 0.0446261386812087 -0.23571331503358
-0.0128409002329205 -0.00589433227679642 -0.243792969702879 -0.127256107063331
-0.0579051063740876 0.0364254896778974 -0.310587636094821 0.0612639221689894
-0.0158364410756239 0.0755815634072414 -0.236122746202291 0.170812630030929
0.0158173773952272 0.08722903849135 -0.172676918148511 0.1457851653147
0.033347702661674 0.113391045701109 -0.142127688071387 0.0722303381896946
0.00171519548682068 0.127670905637949 -0.0891615667641335 -0.00796576981093542
-0.062923733888125 0.121576656722992 0.0250794190053143 -0.118487703469379
-0.133810811154535 0.0363223590328758 0.232536593547091 -0.0767026254279315
-0.0987321370598869 -0.0748230973512791 0.335379433277437 0.209735755084632
0.0238627621951484 -0.127591565710393 0.032616120198657 0.565837780629264
0.0989006107787232 0.0104664933921438 -0.427579212039529 0.504819822063068
-0.00748933381950134 0.0976607411364926 -0.633603627879843 0.136467921595446
-0.101033718334908 0.102587096460788 -0.35256779488135 -0.0478262753786942
0.0383937109504034 0.138041885108859 0.187281502808372 -0.0407363965379692
0.0791160437157279 0.00956311869971187 0.00328455218489059 -0.262292499038546
-0.00419855948523869 -0.045542823417548 -0.278530042036283 -0.113422839575227
-0.0874679123827565 0.0153936652615845 -0.32785102817648 0.0944533267377187
-0.0383230878300311 0.0845693676359087 -0.229812566759861 0.211828678506101
0.0196372772056861 0.0979815774732895 -0.150452610171543 0.185030412208791
0.0596527608384803 0.121486703371598 -0.117811562512642 0.115631777438669
0.0474295673361386 0.138750522985153 -0.0703915840459165 0.0407588700220464
-0.0119432377736625 0.144756100615121 0.0170028369921759 -0.0641517505414238
-0.102141885839041 0.0893152989704255 0.186493263287497 -0.0446453549651498
-0.114613692654702 -0.0147162042773887 0.277483865382307 0.196385144468153
-0.028848727252492 -0.106885500508606 0.0123115219941258 0.519338117900017
0.079514679866974 -0.0165862072077734 -0.401057659170884 0.46532332123473
0.0169195337621754 0.0878562266301402 -0.600506845493089 0.121806630224266
-0.0756507046022635 0.117346455659666 -0.307374412436501 -0.0809912353154804
0.0515067114094867 0.121375537501405 0.189763227174603 -0.0858446358554094
0.102303296303381 0.000246354071142006 0.00648674914506901 -0.294522682404536
0.0151088440633827 -0.0747230078937394 -0.289705241342298 -0.164940268413537
-0.100128425681553 -0.015638884234567 -0.371743893741684 0.061375222073375
-0.0602924717711602 0.0777679937124144 -0.269114556386459 0.224950434366541
0.0123422294541297 0.0956155625333342 -0.162180130451297 0.222311616102591
0.0724041368200731 0.112287050838373 -0.0990354960314923 0.157462612178118
0.0865463141729478 0.126925372752546 -0.0387700971362923 0.0853682316247414
0.0473549564936572 0.141951009918774 0.0340347459082532 -0.00721158955985662
-0.0403658151895476 0.127526568101416 0.167906692819657 -0.0113009636974666
-0.100274184733934 0.0607625354244418 0.259217067504445 0.176423605696902
-0.0851577492194016 -0.0525971032680777 0.0585416961926392 0.476957810312
0.0332310174639324 -0.0440845505085612 -0.306548497065113 0.462626780443558
0.0432987380980386 0.0524705043322336 -0.535693965830939 0.153107195937059
-0.0258149902276272 0.115157852556212 -0.263169115650044 -0.103704132085338
0.0511757445818631 0.0877304106655095 0.213164000954153 -0.111799717039976
0.102670643656183 -0.00170682716106909 0.0760195888900711 -0.329390996352816
0.0335384566353379 -0.082842366316722 -0.25344625031631 -0.285075192396557
-0.0905395564315606 -0.0368995290053723 -0.426138125676673 -0.0582751951793434
-0.0651489582272026 0.0648698454924315 -0.362635366126684 0.187719224983007
0.0110331142182306 0.082526162663025 -0.21251658672455 0.245646787168514
0.0771480376214993 0.0896265019337413 -0.0927374426445065 0.191531305830345
0.11077873967951 0.0970059348258885 -0.000673332808562453 0.118658082818115
0.0947270356598785 0.113265995544581 0.0757462462157861 0.0384995386681115
0.0274255209315695 0.129318741867641 0.187370480449043 0.017040703367737
-0.0547442645984127 0.109715555749703 0.280396777189367 0.154031849900007
-0.106499501684827 0.00996514666276967 0.14807039974967 0.433049829031276
-0.0128775123865133 -0.0552927307590746 -0.18014229902576 0.461045900655308
0.0599927806969285 0.00525427181930026 -0.452768719991041 0.196485788918682
0.0297688474680888 0.0886077081302129 -0.232651337713932 -0.121197524199655
0.0509389764687903 0.0380717393324603 0.257300169128682 -0.112956960675234
0.0758110076660622 -0.0141950433848941 0.207455973562273 -0.341707891731274
0.0275337927255214 -0.0683289998616705 -0.139507670160978 -0.441910098191527
-0.0670203525168377 -0.0244594677552242 -0.43733033253699 -0.246709389090789
-0.0412907287764414 0.061263647226407 -0.46269102788621 0.0937004127205951
0.0289676980105296 0.0637213645806437 -0.279154964833322 0.246658894469372
0.0811870662412519 0.0549085324021292 -0.0927062098705429 0.212559195133223
0.118140726114642 0.052539979380803 0.0369874165181927 0.137247591337686
0.113975926136794 0.0643710996857893 0.12557814660097 0.0605825556207773
0.0700188762104349 0.0934387964585863 0.226554287470002 0.0233776707033376
-0.00389498944036384 0.108390213075371 0.321622855860802 0.114656766025375
-0.0874265633014861 0.0439501604736166 0.244219131286015 0.366533169033092
-0.038491001293299 -0.0524691184962161 -0.0476994074141945 0.43387515171946
0.0615105397519394 -0.0405018089892303 -0.362562752184992 0.228467848437389
0.0709221795451547 0.0365668458677727 -0.219072705823186 -0.129076116338607
-0.062680611900035 0.00809468650695105 0.205534147772218 0.147325783369963
-0.073050071531376 0.0537682319432585 0.305062702472506 -0.186514861960346
0.0125443672196065 0.0583188447891757 -0.0344634421691579 -0.399508034381154
0.0370279361723753 -0.019417698830559 -0.317531863251179 -0.273001094099827
-0.0249922220795741 -0.0533576641697307 -0.367756200363458 -0.0423510357701495
-0.0815761961903365 -0.0317165929995601 -0.253807170755267 0.0336590740766719
-0.105237711372461 0.00157838265874927 -0.150561384028391 -0.027668861676071
-0.109517283435472 0.0053568541970165 -0.0505870697224421 -0.0954952295077393
-0.100265132203299 -0.00842040017347942 0.0857587052706336 -0.191375640920056
-0.0638129247001396 -0.0536442919262396 0.29564567331577 -0.180445991814426
0.0115622222346857 -0.0577360490710034 0.469547865592653 0.0129634897936089
0.042744596651381 0.0114829117431846 0.383739881840257 0.395434228503284
-0.0277088065264337 0.0663878124773657 0.00752094826955153 0.545334542033838
-0.0833321586384911 0.013266654660688 -0.323400842683054 0.377042066930645
-0.0641865226964942 -0.00853001291542466 -0.325369749247667 0.1269261222041
-0.0495749349259926 0.0669012129842075 0.210045677000543 0.113779587464055
-0.0403346375196837 0.0641045301045428 0.210748230559777 -0.206311981822682
0.00446953107637598 0.0509672517495519 -0.131478580520397 -0.295812529658355
0.00694977279929882 0.0106056062823045 -0.333405339964635 -0.138895764799304
-0.0208561720438773 0.00243562429277606 -0.337301801627693 0.0381865851917269
-0.0472943752199461 0.0217087644272505 -0.241794391002925 0.0693064549658921
-0.059943041073399 0.0509380947842823 -0.166679819009222 -0.0037841434854017
-0.0809652304066638 0.0552351156002184 -0.0776842544592252 -0.0788777287233138
-0.10183454369423 0.0382694249242121 0.0688594137298406 -0.182636852658989
-0.104097272214747 -0.0331173264785493 0.30379465053872 -0.147688878191357
-0.0340822607262818 -0.0810283698665502 0.465981660705703 0.11587796837815
0.0383918385334313 -0.0560302923438169 0.268353253841267 0.531604920025006
0.0283110574071615 0.0372150723569421 -0.186585450775091 0.599608010668081
-0.0491031048190074 0.0458541119068031 -0.491906339579409 0.313046563862726
-0.0802191086381639 0.0409577214659635 -0.366566390041153 0.0707262990627599
-0.017972321381459 0.108983243280058 0.204789950402996 0.0633509775527755
-0.000329049244897065 0.0501782480917867 0.114356053660273 -0.218844059449586
-0.00745461154974724 0.0292310276438473 -0.197492246174648 -0.19005056408745
-0.0236159698511118 0.035250922454191 -0.316019864891754 -0.0167685805414484
-0.0105174957860726 0.0480242454965433 -0.276776829975959 0.115138645441175
-0.00691939257877569 0.0610072948778569 -0.204376119945532 0.110022599545834
-0.00761062491652127 0.0875384736971745 -0.159298649261234 0.0334523213103255
-0.0399331847314382 0.0974756114518784 -0.0904475617284771 -0.0467527978422973
-0.0897892289016348 0.083870088247939 0.0439542177941508 -0.157079407480685
-0.130586620997518 -0.00394467309073086 0.273791564132514 -0.113529041434109
-0.0707300131139393 -0.0919297777243904 0.407438946685427 0.175656422442262
0.0396811459399182 -0.108784748457891 0.13831895528245 0.57440714304632
0.0795021783503551 0.0223361251369889 -0.335228991347994 0.567027620247662
-0.0235788059580612 0.0785912068916368 -0.590265431239447 0.2226164133734
-0.0955402356968488 0.0781014315288175 -0.372036271537081 0.0132088363893804
0.0159326072003481 0.131692711135346 0.193806359450933 0.00920269626352969
0.040863267772666 0.0268448262149987 0.039761011341303 -0.234171461881522
-0.0126230325799246 -0.00558686383992614 -0.243254900387918 -0.120110924040201
-0.055919156370889 0.0373499256229098 -0.303738160030626 0.0685753463780564
-0.0150050494557004 0.0751193980162964 -0.226175288827761 0.174898585176409
0.017281363189817 0.0853567717967373 -0.165610561142154 0.148246795788508
0.0345761913443883 0.110787254908576 -0.138230511166962 0.0742773901047495
0.00433148095381549 0.125802523266141 -0.0876954299042293 -0.00567684041651212
-0.0592864525391752 0.12097422658323 0.0224443260854547 -0.116898524075319
-0.131010303844694 0.0385729421221104 0.227221057529889 -0.0814654042790101
-0.0986453646965037 -0.0716727780142322 0.335768389387994 0.198122434736664
0.0211592758909525 -0.126399624952193 0.0456546899394115 0.557898046111884
0.0984570437918879 0.00862699841274171 -0.408438849655638 0.506020202133865
-0.00549153329138433 0.0962396943811324 -0.620671078799755 0.149522224474248
-0.0976306892557104 0.103216219976486 -0.348505161346431 -0.0390183990611511
0.04080485826267 0.135160988755668 0.184153662928659 -0.0447618256754459
0.0783070529587652 0.00775407469041149 -0.00296769840120714 -0.258251761128933
-0.00494452118634828 -0.0444979411273656 -0.276287464569483 -0.104681003221196
-0.0858926145106377 0.0170124201133113 -0.3201130633385 0.102297970192171
-0.0357902024160748 0.0837439534166661 -0.220653666844789 0.214322569532198
0.0209450656747903 0.0959048266533584 -0.144244768412295 0.186832602142116
0.0615103045948963 0.117878594791107 -0.113164521496383 0.117046664332484
0.0503831682770293 0.135085484197584 -0.0683304459454619 0.0415273772960715
-0.00868632719638557 0.142609230406722 0.0150987947932685 -0.0635085988588763
-0.0985051688914193 0.0895697872130027 0.182522059714947 -0.0494139296700032
-0.112985863114479 -0.0122286978344682 0.27835943568245 0.186435232296427
-0.0302866810017129 -0.104791772700151 0.0251010700287182 0.510779232413103
0.0785718557299378 -0.0175473824538425 -0.382429154210296 0.467035534564307
0.018736839685356 0.086061239034977 -0.589069084134325 0.133805439233289
-0.0725521162196291 0.117293928167274 -0.30518993520129 -0.0730789422867583
0.0533083506284672 0.117949991910897 0.18548197204889 -0.0892660284016244
0.101418281673337 -0.00169461854339949 1.35409383680139E-05 -0.290385790251296
0.0135043511043691 -0.0740118374175288 -0.288763149054158 -0.155183821953205
-0.0990955509607043 -0.0128767878844894 -0.365213494404786 0.0694396311714832
-0.0578044857577248 0.0780211001572094 -0.262866553237506 0.227101078019055
0.0144722412636197 0.0937006452919626 -0.154960704725123 0.223500636623912
0.0738080113239204 0.108836272269975 -0.0938446884509675 0.157716847402012
0.0882898967112083 0.122757236169914 -0.0361246660118592 0.0846576525761029
0.050078454359769 0.13863848648992 0.0333860421025175 -0.00816756465100716
-0.0370803526287595 0.126301549060869 0.164853695679073 -0.0159469421963192
-0.097188790098655 0.0616435365128583 0.258770881722484 0.167118607267477
-0.0846265183115885 -0.049591280597487 0.069270746633104 0.466306756477676
0.0324942597442869 -0.0436293529178059 -0.291140196913916 0.460293833872445
0.0437127386709602 0.0504950717394983 -0.523263808834071 0.163682128549594
-0.0234037440032133 0.113873459705465 -0.261601850591812 -0.0960352756744332
0.0524319579826436 0.0846487972683636 0.208061519238013 -0.114482597447432
0.100808186909545 -0.00424179673804015 0.0678095092400071 -0.325387568358898
0.03113322838499 -0.0828321048942872 -0.255281594222892 -0.275081655017367
-0.0896344601004433 -0.0348179193011749 -0.420719045381059 -0.0468083877488277
-0.0627505958796859 0.0657559518202147 -0.352946663277528 0.193432722227242
0.0127291970479533 0.0811413686756287 -0.203131053313973 0.247665158330453
0.0778178686716852 0.0860516852103873 -0.0871543945977692 0.190587571764741
0.111860806455124 0.0929213554577884 0.00158184996164198 0.117112886845927
0.0961396499184571 0.108788270912681 0.0746003210614502 0.0350790987846268
0.0290775160846077 0.126855117597982 0.184174264844172 0.0113202008299863
-0.0513271911000051 0.109594674310194 0.278826305894022 0.144055894819814
-0.104763699693429 0.0122811231897068 0.156243648178828 0.422419264302083
-0.0141059163743366 -0.0538973065723701 -0.166888107952017 0.458255692356973
0.0590397085478507 0.00277786400828518 -0.442300986333255 0.204309751930387
0.0306890848712547 0.0858035911433326 -0.23229310975572 -0.115049025634816
0.0510736197612027 0.0359970829654871 0.25128857403922 -0.116250690426115
0.0739872372050892 -0.0161087523010908 0.197465811896036 -0.340541042338692
0.0255799868898078 -0.0680566133686107 -0.147547244097141 -0.429684875341498
-0.066735706146935 -0.0229077900751849 -0.438062629647924 -0.232173853503893
-0.0392663423653451 0.061373211630737 -0.455562807020677 0.10152481779568
0.0295505951961818 0.0617917203659601 -0.268770224366546 0.250131970597845
0.0809504684006677 0.0518663517732284 -0.0864273390559272 0.21225122263131
0.117445686059355 0.0482642972927215 0.0390051277586164 0.133880364675089
0.11377874397551 0.0603986830537955 0.124840705764518 0.055711230869489
0.0708946698905436 0.0901855808830636 0.223662372696216 0.0168068926402658
-0.00144454837562794 0.106955931248502 0.319309800131958 0.104691148509718
-0.0853590669516765 0.0451678215468439 0.249607552148562 0.356142555268045
-0.0385626195726503 -0.0507062023765998 -0.0372287134428877 0.428989046262835
0.0594667945371257 -0.0418492358414817 -0.351616616581447 0.233844181044575
0.0705432579092221 0.0340055890044943 -0.219145712304106 -0.12152118226374
-0.0615727375820266 0.00948236428676007 0.205697761414019 0.140380081781237
-0.0707146246249174 0.0549458049389893 0.296528738981581 -0.190611032798792
0.0134867355203323 0.0571845647576434 -0.0422151399485418 -0.392507687156454
0.0362627389744829 -0.0203853069065563 -0.317857553287901 -0.260846237780505
-0.0260682001737513 -0.0520729910167701 -0.362807010844418 -0.0319049107814681
-0.0813652719872495 -0.0292207613738655 -0.248789227713581 0.0400380837189927
-0.103805197970979 0.00392606829657433 -0.148734807588749 -0.0239335113126295
-0.107662854932676 0.00807935358843801 -0.0512175597665431 -0.0926837860028192
-0.0990384388715772 -0.0054723779948784 0.0803563576703762 -0.190080100809164
-0.063984741841618 -0.0512814789970771 0.287933103041561 -0.185153385576937
0.0102666128361817 -0.0572377910794221 0.46306781810794 0.00196115101361765
0.0426461061493733 0.0105156517374705 0.386782786024678 0.380470122690129
-0.0252322018680421 0.0664135470375398 0.0187427999278903 0.536952760435279
-0.0819379173422659 0.0147539459251381 -0.311411796189338 0.378027104629042
-0.0635821495504079 -0.00616259441262179 -0.317855697624669 0.13199971542004
-0.0472795422473348 0.0669993624000646 0.208958833165805 0.106987155627669
-0.038066509784184 0.0642672077244025 0.201610760840573 -0.208400497608485
0.00578519469825423 0.0501009780174509 -0.135073109186469 -0.288576206294355
0.00706765539297199 0.0105826656483365 -0.330734043467797 -0.12874796291534
-0.0207871287889128 0.0023784735056161 -0.330495000553789 0.0472193891415635
-0.0462766947661406 0.0226817950341172 -0.236660258409888 0.0750656133870661
-0.0581541425212769 0.0515581679785726 -0.164488388171308 0.000693994749036859
-0.0788304761634227 0.0565028592172998 -0.0775436165861646 -0.0755842660063483
-0.100007791725508 0.0403973281779673 0.0639723469250857 -0.18108044807499
-0.103285860151045 -0.0303600926256767 0.296423506500102 -0.152066137390579
-0.0350889904004603 -0.0797213289465077 0.461410897365415 0.10285597049636
0.0362773043562452 -0.0565862482634943 0.27710776065788 0.517186159191302
0.0291855109675908 0.036491645727059 -0.172064213097315 0.593099199976251
-0.0475251882229056 0.0460318646963035 -0.477399839088362 0.319388906517185
-0.0782153479224097 0.042422452517613 -0.360107892249326 0.0770383176894112
-0.0152782739732118 0.107708865261207 0.202979215716188 0.0578663889479665
0.000683378437232014 0.0495423002003291 0.107988111869458 -0.218943987686509
-0.00649084134819173 0.0291555028646754 -0.197207276884676 -0.18241412229021
-0.0220917117616947 0.0346868714751978 -0.311743448363499 -0.0084866874638407
-0.00967850902082613 0.0471497055320985 -0.269645357711807 0.120651697013047
-0.00584875891417825 0.0601457174669358 -0.198535948577411 0.113049101987641
-0.00561814711542293 0.0865807869200795 -0.15616927452936 0.0372327704385796
-0.0377089810062944 0.0968019957034084 -0.0893701259302977 -0.0433059005526543
-0.087452404331542 0.0849211956377849 0.0398464277796136 -0.15560574454519
-0.12885845551181 -0.000929228750801965 0.267174204588924 -0.11807199651322
-0.0720551491697638 -0.0897299981291345 0.405703505372086 0.164493925124696
0.037019129105778 -0.108008588744847 0.150207217460369 0.563049630347691
0.0791898539099552 0.020171509232088 -0.317534086296919 0.56568312578573
-0.0218473234109624 0.0785685227161755 -0.57486495891596 0.23355957352446
-0.0923499627919181 0.0790557858805474 -0.365999509681484 0.0202226306129645
0.0182970906185153 0.129286612911149 0.191519164464265 0.00354254445638971
0.0408744073193367 0.0254905197803785 0.0339656583773048 -0.232135541183654
-0.0123481338959829 -0.00512841082361243 -0.242020423891124 -0.111914286961928
-0.0548053950411066 0.0380373229529143 -0.297949208619294 0.0752191873372111
-0.0132177126668899 0.0741831127728782 -0.221962584174398 0.176574515216636
0.0183556924227982 0.0834502668152942 -0.159564457685476 0.150306032921174
0.0365868880152386 0.107516425432276 -0.134414113351455 0.0766089946811419
0.00738195278926519 0.122977212029793 -0.0859214563028915 -0.00328792507519847
-0.0562822056045015 0.120440099731715 0.0194433692080474 -0.115447347223377
-0.128790650829751 0.0406227240554858 0.221607030114013 -0.0855485423791028
-0.0985790229530013 -0.0695140053366169 0.335404445553679 0.188013278240014
0.0181607468514061 -0.125453012697503 0.0578565902637155 0.547301196186629
0.0978467331131739 0.00680231313462317 -0.389934129972404 0.505597523407756
-0.00301938160001022 0.0948302537914529 -0.607762098119449 0.162180451442379
-0.0941059816514742 0.103625393994388 -0.345328535957444 -0.0311447756982511
0.0431482920689134 0.132000597219661 0.180734593711644 -0.0477510535165087
0.0769998344172479 0.00574724562026909 -0.00897492452161479 -0.253765595098122
-0.00585019915316613 -0.0438504846122168 -0.274202262105842 -0.0965251009720499
-0.0840789134005017 0.0188556804623493 -0.312297108336651 0.10801035851376
-0.0338689223490908 0.0836363266424803 -0.212081870859483 0.216581945655553
0.0222423043799213 0.0940645114411594 -0.137131389524068 0.187875977551301
0.0629168891662621 0.114320955033917 -0.108737805772484 0.118162473438827
0.0526066437251358 0.131154876463686 -0.0660333206996256 0.0423688565915012
-0.00514704827965821 0.140784381664114 0.0136345847209868 -0.0630561976948032
-0.0953790764398425 0.0901473042531929 0.178317554831156 -0.0529733720435059
-0.111468663258266 -0.00984919458894676 0.278584759084265 0.177093234316424
-0.0319593770033245 -0.102799725202609 0.0370598726617285 0.5014714191262
0.0775236154496944 -0.0183896030053436 -0.365989334259387 0.468337000787004
0.0202426645852872 0.0842695871068385 -0.576802329031091 0.145510243952513
-0.0686992854805932 0.116680455185856 -0.302436725991869 -0.06490918790968
0.05522522043635 0.114573126793998 0.181040540923919 -0.0912632812469795
0.0997892241562074 -0.00439515668036412 -0.0061427489509742 -0.286206195818121
0.0113416718464397 -0.0735609734388602 -0.287449838926734 -0.145761988048009
-0.0980808732102053 -0.0110238281081132 -0.357244409223965 0.0766894375161068
-0.0554233756621792 0.0783860355757037 -0.252351881203922 0.230082222034858
0.015936099941246 0.0916583099314283 -0.146868107506704 0.224477607076548
0.0750929076475916 0.104648958020982 -0.0888856549368017 0.157397253405802
0.0896459676763623 0.118450058194897 -0.0340984753578354 0.0841342064471065
0.052577162942239 0.135283308703264 0.0321293693902951 -0.00913670779013984
-0.0339503228669245 0.124517866540413 0.161438407400064 -0.0198602598498384
-0.0945817993767025 0.0620010638149448 0.258833325943643 0.157641711201237
-0.0841372973282595 -0.0472349425932505 0.080127668625727 0.457429015187471
0.031835658617838 -0.043724309001186 -0.27725605681473 0.459550637111405
0.0440500815328859 0.0489548723149236 -0.510750202830637 0.173170637563646
-0.0208359967384038 0.111967448534515 -0.260284356828632 -0.0885084010426266
0.0533028194262229 0.0822940272083451 0.202654161379159 -0.117229865137124
0.09928586496762 -0.0070087456642648 0.0601777686304157 -0.32243795313794
0.028906112566249 -0.0824325650952839 -0.257381890964923 -0.264476897289763
-0.0894919999041408 -0.0319409136376157 -0.414868327326825 -0.036609711063663
-0.0607427692320562 0.0665431529911375 -0.343039054685732 0.199438874233036
0.0141933258715549 0.079118213321614 -0.194900730408742 0.249183648412445
0.0781328985591141 0.0828143120278481 -0.0819183426454771 0.189880781751784
0.111865375408815 0.0879432394725243 0.00401651443742275 0.114611390764762
0.0972510252938191 0.104630884279824 0.0744255183237724 0.0328336231677815
0.0313498578722194 0.123626814712409 0.181431976990797 0.00633653943070573
-0.0479977532724252 0.10842689443973 0.277790043354451 0.135136298087703
-0.102188286414223 0.0147815381305145 0.165477554959194 0.41198002503588
-0.0145444776063231 -0.0527062689308048 -0.1529847363901 0.455527954209623
0.057803550912601 0.000730387763107018 -0.431068934882916 0.211825642669407
0.031988593689477 0.0832871345672346 -0.232013764851503 -0.106958589490494
0.0510105067104879 0.0341118248061631 0.245684225575525 -0.119616788417139
0.072708180582089 -0.0181648242851212 0.187794051571343 -0.339803603081923
0.0236701217184361 -0.0677120758809579 -0.154865432889811 -0.418853913687603
-0.0667843435265076 -0.0212107667790139 -0.436480656920442 -0.217902576670462
-0.0373632691658784 0.0614160290453897 -0.445498648951549 0.112151481156108
0.030732646503524 0.0601784334887256 -0.258761516979658 0.253152514423946
0.0811751708983946 0.0487686038003805 -0.0809625490901735 0.211166682084969
0.116925516502908 0.0445020542988409 0.0409522064786956 0.130904557190686
0.113432370655577 0.0565016449078177 0.12400325807048 0.0512792496526285
0.0717903888413825 0.0874412863612939 0.220515817135705 0.0105794545974077
0.00144224280927329 0.105426789125039 0.316826771830194 0.0944279387500811
-0.0831531490947005 0.0465298023887082 0.255422643247916 0.343519551105949
-0.0390241366869548 -0.0489292130672181 -0.0265166955440161 0.422365723517981
0.0573042086406862 -0.0430074692551834 -0.340685695756696 0.239202435231468
0.0697300155244651 0.0311095459041021 -0.218621820810567 -0.114430330436453
-0.0604606734274827 0.0104890002378021 0.20522690910801 0.134183976860393
-0.0685135347179317 0.0554806787087728 0.287314526780879 -0.19487507499076
0.0148397782845238 0.056096986690827 -0.0505351456445109 -0.385542092603879
0.0350256465452663 -0.0208452416849979 -0.319834514232451 -0.248989043108242
-0.0270259974389529 -0.0508971220442327 -0.357660495558253 -0.0231320968813198
-0.0808782320081424 -0.0266446394460169 -0.243740925668337 0.0452640346025354
-0.102639539253841 0.00632964187051325 -0.146402046166255 -0.019609350987558
-0.106044725313221 0.0103187308716282 -0.0520224160279408 -0.0896986204353203
-0.0978833554023006 -0.00329027201451294 0.0752902868218638 -0.189090013131249
-0.0646322945036305 -0.0484764814503437 0.278892651665112 -0.18816365132404
0.00876608713246417 -0.0568954648691083 0.456318512962274 -0.00892020809335953
0.0418656868984299 0.00948786553039452 0.389313696089665 0.364927638192351
-0.0233884582074853 0.0660817167756665 0.0310830572086068 0.527905876470815
-0.080279973135499 0.0165598193386719 -0.297552973309845 0.380548818386901
-0.0625975447055626 -0.0049118433480005 -0.310424499759348 0.136519995736718
-0.0451860491722773 0.0669232286118672 0.208783735655124 0.100684966753591
-0.0356538432098245 0.0642290693215323 0.193174613384646 -0.210467088907481
0.00683473290697408 0.0493387116863789 -0.140184644951236 -0.281375948735281
0.00697403608705086 0.00995694500937702 -0.329027912511717 -0.119188870922231
-0.0207443053813653 0.00301440403883362 -0.322015883908683 0.055467786403717
-0.0457419395185946 0.0229997655653611 -0.230398880075035 0.0797623369590953
-0.0563299272218414 0.052287299539521 -0.161319397609563 0.00456202727793573
-0.0760956567672504 0.0573093005682783 -0.0773039490029822 -0.0727937215502566
-0.0978470736269475 0.0421810516499844 0.0594228489207444 -0.179503117371456
-0.103155297987007 -0.0274512564357375 0.287659896794471 -0.156772677262905
-0.0371081497669443 -0.0775938141291893 0.456495265271492 0.0905413028871086
0.0347814666085581 -0.0571774671623599 0.28410160972734 0.503750651324948
0.0303398287598796 0.0350490028988445 -0.155342279236099 0.587375699745329
-0.0465301046879541 0.0470627526912313 -0.462016399121881 0.324510029284879
-0.07634160240081 0.044133110715034 -0.352856204229988 0.083718842754309
-0.0129022705501216 0.106333912009574 0.201200650887045 0.0524440634456327
0.00156671254298056 0.0487901950834811 0.101451149621781 -0.218016495699287
-0.00534211027278957 0.0290447229411754 -0.198880235599893 -0.175000055850077
-0.0210591739884561 0.0346970532600565 -0.306318559126692 -0.00086284425671422
-0.00871296204504748 0.0466984399502758 -0.262021658166689 0.125664334967402
-0.00484532063370185 0.0594295519037188 -0.192122024186872 0.116449248860154
-0.00398294846737623 0.0852117601584514 -0.152636697577445 0.039884932722972
-0.0352701158677374 0.0962008342587368 -0.0889568288217435 -0.0413153904134476
-0.0844201844169887 0.0853157955962647 0.0362329388351819 -0.153950210006763
-0.127364467910926 0.00155264905153796 0.260619452075108 -0.122797743663774
-0.0731737593166492 -0.0872774720875205 0.403006410436972 0.152837374916735
0.0339014746513765 -0.108021127138569 0.161037713579576 0.550665660955616
0.0787786470100423 0.0184534067393397 -0.299725204364203 0.563098706956789
-0.0198721488318841 0.0784223216856824 -0.561153941425098 0.242494964108279
-0.0895119062767141 0.08013503744396 -0.360582303657078 0.0279362059315464
0.0209856844173558 0.126790349032838 0.188936753409003 -1.63887688827405E-05
0.0409361075993366 0.0242713419900256 0.0273333714528576 -0.229338919417721
-0.0119687982296706 -0.00472452981120494 -0.240664801768043 -0.104829568771305
-0.0529054061248918 0.0383386947644186 -0.291049955101513 0.0812376979913578
-0.0119230115205025 0.0731467883634673 -0.215279155035199 0.179456949276256
0.019762942955756 0.0815762488718047 -0.153783164750709 0.152604283387289
0.0380094879568039 0.105144391749917 -0.130531895139116 0.0788380370864681
0.00964146444992863 0.120978770379177 -0.0845978629591959 -0.00121288377586134
-0.0528498269222322 0.119798919722343 0.0166068811346865 -0.114423104906037
-0.126415409452779 0.0423994064637697 0.216529127988431 -0.0897651924693702
-0.0983459766975417 -0.0664025776201378 0.334406817955413 0.177192457656497
0.0154174503190128 -0.124370000032184 0.0687026886168355 0.538903013472686
0.0972401395210441 0.00457780161864122 -0.374209802044089 0.506741011798726
-0.000997120372201763 0.0934878190357046 -0.593926995518135 0.173336566810598
-0.0906654199200005 0.104367007916316 -0.340466314653697 -0.0229509394907912
0.0454858024715558 0.128492032511838 0.177535383631374 -0.0505926390086589
0.07618670430301 0.00401043011951802 -0.0145671537251876 -0.250099184309157
-0.00659449082272192 -0.0432763709743907 -0.27234628724674 -0.0887789397733182
-0.082486603672755 0.0200512035224903 -0.304452674214739 0.113607489612158
-0.0315496835543717 0.0829639392160854 -0.20397341651534 0.219074665577744
0.0234821820077636 0.092119887485555 -0.131003577920297 0.188908901046626
0.0646979959699223 0.110681449883779 -0.104681562258094 0.118751429475099
0.0541766738515644 0.127946196578789 -0.0644446516455339 0.0434073222483883
-0.00210596747134911 0.138170462269135 0.0121890273686827 -0.0621698255613148
-0.0919016517794761 0.0905977879122336 0.174364512962315 -0.0561784532220763
-0.109713451748966 -0.00820197245642128 0.277934761131405 0.167812461818864
-0.0333445371567934 -0.10068462957175 0.0479627680772587 0.492876171364146
0.076870374252178 -0.01979322487032 -0.35110392378059 0.469299526589415
0.0216967417123674 0.08256184080315 -0.565074984719855 0.157943338584622
-0.0657977272908299 0.115868023475174 -0.29981037275543 -0.0569650727727934
0.0567695771705382 0.11174261371421 0.176748815899378 -0.0940572035376405
0.0979926089727996 -0.00675680678516454 -0.0124540883468307 -0.281311802343604
0.00980142955182679 -0.0727479927744957 -0.286409433354866 -0.137266871601986
-0.0969096829284177 -0.00827917373186735 -0.350357568494004 0.0838523331018586
-0.0530788311667076 0.0783895664963659 -0.246388624499729 0.232322836093891
0.0172577404202948 0.0903673129748641 -0.140100313853115 0.224965490181897
0.0760058222222481 0.10164222839032 -0.084046741316703 0.157631820510812
0.0905543222624693 0.114461355762556 -0.031715785151085 0.0833399135987378
0.0547769951961247 0.131770183546734 0.0315905716853563 -0.0101911470174479
-0.0307391276378523 0.123462198215667 0.158453832609968 -0.0232842191447886
-0.0910486368779426 0.0632632977225387 0.258075716614183 0.149524240514776
-0.083473714414377 -0.0445804136426717 0.0897157056250686 0.449101211525254
0.0303223846081554 -0.0431668498651279 -0.261358271691993 0.459065754855948
0.0440029396765143 0.0467767870131033 -0.500937671519949 0.182875497076936
-0.0182803850867506 0.110101923611465 -0.2592436128089 -0.0818227687993598
0.0547029029531058 0.079502293736262 0.197489686208678 -0.118997791470855
0.0976730554914261 -0.00939966957774673 0.0519480642008221 -0.31902556326417
0.0266575001839909 -0.0820634227843685 -0.258454131414203 -0.25438444652306
-0.0887670352948698 -0.0296620861885734 -0.408899124714131 -0.026548123905467
-0.0585299340170468 0.0665985986192776 -0.333704384346599 0.20402170575191
0.0153920215650055 0.0778953934169135 -0.185786205080274 0.250090840450633
0.0786886122397108 0.0793987976563386 -0.0766417718013312 0.188865153105014
0.112157128129837 0.0839922304611574 0.00628557876519432 0.112535120243261
0.0979714140233568 0.100659280969419 0.073541642092184 0.0298595153102314
0.034023073857238 0.120810050814935 0.178029703702942 0.00144467540457391
-0.0446149744534531 0.107522714883582 0.276768858382774 0.125659831999763
-0.100561713345123 0.0165624079376151 0.172494613407103 0.401698499897671
-0.0150540009464259 -0.051506586226638 -0.140855834149672 0.451482176203334
0.0572255326158985 -0.000349806045805451 -0.419524744214219 0.220175133871096
0.0331457009834704 0.0807894806373537 -0.231713923443184 -0.100383506509764
0.0508752137105467 0.0318881379817206 0.239768451643439 -0.122254490761043
0.0712689477180747 -0.0199371677481336 0.176531371839226 -0.338361097937485
0.0216496229777779 -0.0675024773903246 -0.160552783872568 -0.409761097287274
-0.0652860060853033 -0.0193692240970851 -0.434669390581688 -0.20618348487094
-0.0353847153601596 0.0615956928338054 -0.433165726968399 0.12285881702258
0.0316563682010314 0.0581785015160587 -0.2494409879554 0.256012892752732
0.0811295383770326 0.046079337836699 -0.0751093342856825 0.209923730608048
0.116340845060127 0.0407671664173094 0.0433413772701712 0.127381532752203
0.113087372965245 0.052917007228401 0.122991823306391 0.0473692545197345
0.0728709025046503 0.0842067959380587 0.217248228555868 0.00525900068772058
0.00372354544064648 0.103669177872352 0.313614278300866 0.0852613847593505
-0.0805475743019249 0.0478698853023378 0.26014365706542 0.331814806535488
-0.0387991521263673 -0.0471483187976553 -0.0167699792255837 0.416097466210012
0.0555557507895979 -0.0439351219401106 -0.3301277146439 0.243631625630888
0.069064644838179 0.0289166708821476 -0.218814942337541 -0.108079972621943
-0.0593979057038905 0.0117219141525394 0.205699456675477 0.127551279299762
-0.0659954310275633 0.0567737313201562 0.279855871333089 -0.198476748278113
0.0159862564566219 0.0547730238429928 -0.0578518390257102 -0.379549942328458
0.0337989795660746 -0.0215416240025462 -0.320534867611113 -0.238497223171267
-0.0279477436543659 -0.0495269609460973 -0.352454374333252 -0.0136776755500127
-0.0802812677666632 -0.0240671516071521 -0.239085633857839 0.0508442160712809
-0.100977308651736 0.00869491267784152 -0.14437270874401 -0.0154968971227529
-0.104215905961593 0.0123336659114661 -0.0528410628670557 -0.0875328633202447
-0.0965004940290477 -0.00077226440053519 0.0706592640075776 -0.187774554079202
-0.0646971808261945 -0.0468324075562811 0.271252762398601 -0.191785160199753
0.00701648554560234 -0.0563331696886639 0.449729553620614 -0.0184496311543888
0.0412099157265244 0.00793514181718202 0.391480989666325 0.351817667211759
-0.0212878179753282 0.0652814910739705 0.041699057962495 0.51946869808876
-0.0790900255034716 0.018299052880094 -0.28588123107638 0.379624067013917
-0.0621162154963037 -0.00301159040404851 -0.303613011746039 0.140881500028997
-0.0430548416392769 0.0669262851260376 0.208023292239268 0.0948522193106566
-0.0337037331741202 0.0645252447062369 0.186628847522334 -0.211605744627591
0.00791348547518018 0.0484980571103817 -0.143671190416546 -0.27369518329826
0.00664121809984266 0.00941167860116356 -0.326802760392393 -0.110407647698618
-0.0206843341011433 0.00324592172453761 -0.31528619878693 0.0642027575210614
-0.0441994381906818 0.0239759210747575 -0.225413141155253 0.0843139929477833
-0.054582129311688 0.0527310026495056 -0.158827896171902 0.00834182813569621
-0.0740109394872328 0.0581360755620962 -0.0775511323726446 -0.0702438469662762
-0.096018187701576 0.0436808305188385 0.0557842597393104 -0.178026838027461
-0.102562476888114 -0.0248515833564704 0.280567990906562 -0.160863556496218
-0.0380702267352738 -0.0760414992660244 0.451601676140238 0.0795803658876766
0.0328014521142402 -0.0571232956956442 0.290168755193224 0.489816281023308
0.0309355358415216 0.0339348573817106 -0.141000966507961 0.582138945855174
-0.0443986404664014 0.0472715694388676 -0.448223629949942 0.329822053270736
-0.0743728490597123 0.0452724871471869 -0.346189174004218 0.0890864541515699
-0.0104166217785064 0.105042160326611 0.199762533059333 0.0470575896540473
0.00256687861391111 0.0485615051325209 0.094708105489748 -0.216741530668679
-0.00486648025697065 0.0289193686939346 -0.199178221441771 -0.168411256430643
-0.0201415835623363 0.0343641514293932 -0.301755871435369 0.00579614677731931
-0.00808137850315264 0.0457822686800691 -0.254977934510174 0.12985994394368
-0.00368357690517356 0.05885284352622 -0.187705438575601 0.119224494885755
-0.00251684171732249 0.0838295390339552 -0.149753057234047 0.042838321622013
-0.0327301522048851 0.0953321862417492 -0.0880605531263269 -0.0387689280664627
-0.0816429311323454 0.0859156068785632 0.0325349597090239 -0.152107501807833
-0.126210592850764 0.0041876224163978 0.254320803920876 -0.126154863579345
-0.0737830050518763 -0.0852712620105761 0.400475464804303 0.142231910659395
0.031422079444132 -0.107696670752415 0.169459072303407 0.539330977868289
0.0786126003386539 0.0167894635757215 -0.284112456136523 0.561325088207785
-0.0182879137526827 0.0773986688021154 -0.547265148895045 0.250215977693899
-0.0870557580964779 0.0810300518801245 -0.355652077293194 0.0349862464820465
0.0231586514977677 0.124396386575066 0.186887503316847 -0.00399712686785403
0.0405900572258681 0.0233593457506227 0.0217464671208283 -0.226240960557201
-0.0120312016554135 -0.00438617900569631 -0.238750076305574 -0.0976145400878287
-0.0514468103091948 0.0387630947736405 -0.284496924159097 0.0866700401451588
-0.0102237417732648 0.0721608576452969 -0.206634358579898 0.181488607840003
0.0202613811559794 0.0801863072172313 -0.147609723264538 0.153697346697062
0.0396890228475826 0.10263884383897 -0.126775184213312 0.0807000864890079
0.0117379068880746 0.118867910502616 -0.0829752488126521 0.000752922120222656
-0.0498117134896107 0.119038565858668 0.0140435045266912 -0.112646328004542
-0.123812828347948 0.0442130631288298 0.211199111225871 -0.0931416041835668
-0.0983650532178904 -0.0638215638248355 0.332912603941805 0.167203214731468
0.013446527324537 -0.123097914517281 0.0791995956392887 0.527394821981208
0.0964929849994154 0.00266087724365524 -0.357369520232986 0.507980296564328
0.000893528560532243 0.0925378413580193 -0.580393468846953 0.18293888877676
-0.0877647542463054 0.104340049365071 -0.336616099577543 -0.0155415051209658
0.0473884701512676 0.125817384334093 0.174014601796051 -0.0542798584906257
0.075174627987951 0.00230020832881022 -0.0191454640680037 -0.246747678087787
-0.0072294970069599 -0.0425305277275692 -0.269863283406655 -0.0823058812243922
-0.0810181388058985 0.0215276488027163 -0.297550997593731 0.119045627647669
-0.030109814136418 0.0823813291396836 -0.195555407181049 0.220673477038794
0.0247490566756342 0.0902114169868616 -0.124733219855002 0.18896716827276
0.0653906863528258 0.107198108401287 -0.100445064671178 0.119348069373347
0.055855149599879 0.124400847440749 -0.06218937814576 0.0440211637688071
0.000660436618481726 0.135968262874098 0.0105675171234588 -0.0618973093891958
-0.0891049920315445 0.0909272591131827 0.170665141260441 -0.0600704226944461
-0.107597492578634 -0.00573858487815402 0.277640494018552 0.158921970822736
-0.0344563836762861 -0.0987414778610526 0.0574694013533912 0.484523633600728
0.0756436878454692 -0.020523364003311 -0.336227292374898 0.468621167293309
0.022886800405033 0.0804654952058885 -0.554130581851362 0.166832680975587
-0.062683665712053 0.115220795157646 -0.297567777439643 -0.0503975375666126
0.0581122963232242 0.108743358416711 0.172473979090192 -0.0961390554752323
0.0964872489613386 -0.00906551458336739 -0.0186836310783586 -0.277279782411272
0.0082839072004158 -0.0723029407309753 -0.284603478250055 -0.128570824884947
-0.095925209333672 -0.00675237168396866 -0.342727996012037 0.0907751883656428
-0.0510052898054935 0.0786591608522505 -0.235245038330186 0.234629861884888
0.0183629984989236 0.0882629024318072 -0.133111870248451 0.224672408979958
0.0765707953843842 0.0981026680258749 -0.0799498469001099 0.156741264885988
0.091882331812292 0.109881754770159 -0.0292776145872715 0.082568181850159
0.0564780954635387 0.128253656529851 0.0306875291275526 -0.0109473965968967
-0.0274933176473381 0.121555881076973 0.155222164645625 -0.0266148100754367
-0.088108789181582 0.0635332256277473 0.257199083501192 0.141522101633452
-0.0827865576890007 -0.0424905596562299 0.0980997023112874 0.440505514873836
0.0298595501784986 -0.0430192139882745 -0.247684944507929 0.456540427621061
0.0449611100823441 0.044891126710701 -0.489147656821202 0.190143234562115
-0.0164739628710679 0.108726093172262 -0.257621010831613 -0.0751021092519482
0.0551960730930367 0.0768916703945736 0.193176849527428 -0.121440644089254
0.0963545866653101 -0.0113059194650969 0.0452885885915017 -0.314939990829732
0.0245892181648849 -0.0814999557406241 -0.259852865869489 -0.245479258176798
-0.0885517096392895 -0.0274840674262143 -0.403676705908941 -0.0174492217393999
-0.0564070363274489 0.0664025886609916 -0.324577434245005 0.208343528910941
0.017075335230098 0.0762624906635422 -0.178219044829315 0.250577104447554
0.0792661427865758 0.0763271823955846 -0.0716369087803362 0.187472921992017
0.112214875408793 0.0797678385777583 0.00810524948792473 0.11002735747353
0.0992088285290186 0.0968618157440928 0.0731616578713734 0.0273182368808295
0.035323426783848 0.118554563000544 0.175457963201491 -0.00241341436862705
-0.0414930415682723 0.10675176708544 0.274648431142185 0.117297150158611
-0.0987006889677629 0.0180401099846953 0.179254542955138 0.391637978105984
-0.0155043795573297 -0.0502100130646724 -0.129755976129982 0.447167986436961
0.0560466589477078 -0.00200507466691875 -0.408820309562865 0.224949786075576
0.0335467564331921 0.078571651772727 -0.230513696827832 -0.0934697345233794
0.0508998675109256 0.0302127626039613 0.233703174152868 -0.12512777984709
0.0697822640798511 -0.0211514138649533 0.168103847021365 -0.336721531333185
0.0200918970103217 -0.0672258587529542 -0.165375880719714 -0.400796856816113
-0.0654246101539381 -0.0177708320456695 -0.431411182038154 -0.192574000524655
-0.033572257312894 0.0613746335619889 -0.425575821190869 0.129044497499686
0.0323029678305422 0.0568997754232344 -0.240060402868468 0.25770122446808
0.0808365038975545 0.0430123659432974 -0.0698014738287799 0.207819789824837
0.115736507178361 0.0366076558427063 0.0445551812063089 0.124445339233294
0.113144579088146 0.0497448938190504 0.121350949233584 0.0433622312076399
0.0733129199522471 0.0813833606419835 0.213611725313097 -0.000549969042528768
0.00618255311317711 0.102077677581528 0.310951197850692 0.0761435669078487
-0.0786967252743846 0.0489104379816512 0.263615363168534 0.32147911965066
-0.0393229348186159 -0.0458509585786623 -0.00762025277777246 0.411132584759178
0.0534948937187413 -0.0445091706299283 -0.319828255985291 0.248126675003258
0.0683233927271246 0.0263261775483459 -0.218260268275439 -0.101325325284402
-0.0580787053134683 0.0129168143361831 0.205344900117932 0.121419532674938
-0.0635720691076854 0.0572607255046298 0.27143995836083 -0.201856245424571
0.0169656266583621 0.0538141381707844 -0.0640952717969348 -0.372739372302775
0.0327162707883347 -0.0222823395874362 -0.321052283136878 -0.227987495928759
-0.0290619674240241 -0.048245859152902 -0.346781297744686 -0.0053925239851851
-0.0798313030195505 -0.0221725483635993 -0.233815928939961 0.0555927148628253
-0.0992114276000371 0.0109703362157113 -0.142463469099817 -0.0119398105486076
-0.102619205620891 0.0149822655842817 -0.0530215403978467 -0.0849913657808623
-0.0951902655348066 0.00158326840135186 0.0663352740894274 -0.186991472743171
-0.0647416189253555 -0.0445036153682014 0.263457776841322 -0.194815088302325
0.00569322324214698 -0.0555701249859846 0.443234481725387 -0.0278968086189895
0.0404595867602544 0.00732245791300273 0.393699010562549 0.338739350664763
-0.0191581756911495 0.0648650301011513 0.0501119303874519 0.509965499993616
-0.0773689909083869 0.0193437014718099 -0.273286914960404 0.379658690204885
-0.061747234212894 -0.00131819378492601 -0.296630374675425 0.144659546733273
-0.0414113808464345 0.0670906446440608 0.20687189454274 0.0889491391645955
-0.0319116784672824 0.0640782782385136 0.180040197787471 -0.212755327340002
0.00892677872735558 0.0476350327780025 -0.146493872199456 -0.26643802227524
0.00724258077161674 0.00916301411244351 -0.323701840574792 -0.101222999171297
-0.0204786231221613 0.00336050461817942 -0.311404067492262 0.0667022260342297
-0.0434513835394724 0.0243334285922164 -0.220378038682331 0.088673277909691
-0.0529320485447558 0.0534536981133282 -0.155553644589729 0.0120347679957308
-0.0716007998407186 0.0591542614694967 -0.0771922819455738 -0.0672584967367596
-0.0937420749373583 0.0455285951808674 0.051838462196324 -0.177154179642265
-0.102016314354872 -0.0221993721238546 0.273871586070621 -0.164019417097564
-0.0391651197380145 -0.0744873542035279 0.447103991791253 0.0702571359850599
0.0312644762424823 -0.0572064141621315 0.296376196258612 0.476652843615604
0.0316950653186061 0.0331552103517063 -0.127130964675986 0.576874607377653
-0.0428456508032696 0.0479204295594722 -0.435017696964183 0.334044329207957
-0.072740812197806 0.0461456358753066 -0.339892967925433 0.0955717504040187
-0.0083156344676061 0.103614386922224 0.198584425333892 0.0423136826549661
0.00375595322805159 0.0477605726964983 0.0891408842908135 -0.21627962204257
-0.00375405494291758 0.0284067699984679 -0.19944850552266 -0.161881939453675
-0.0192820533380082 0.0341857814295035 -0.297032308817498 0.0126734580677169
-0.00751173060873324 0.0449491246942768 -0.248247357962835 0.133994164861451
-0.0029338519260174 0.0576362626954661 -0.181443948994022 0.122637341751276
-0.000768068742420858 0.0827086693238868 -0.146585869969968 0.0459417110596136
-0.0309898062829495 0.0939850093722651 -0.0871562689758239 -0.0362459956784723
-0.0786041851391212 0.0865358629284955 0.0293272989625217 -0.150920495723051
-0.124097922118287 0.00640181076591254 0.24772086158183 -0.129383106245801
-0.0742030869035007 -0.0828132911315303 0.397150037613372 0.132505976753539
0.0290180437630934 -0.106764130118473 0.177896853393477 0.526817082755993
0.0784777060169501 0.0151530509390641 -0.269292160746102 0.558138816533892
-0.0162245323057061 0.0768021012250293 -0.534927306796773 0.25839068799727
-0.0845312162595768 0.0815021936317622 -0.350434757416848 0.0415306366598054
0.0251753461155596 0.121892575383804 0.183759466388453 -0.00824246179607009
0.0404627030497342 0.0225236172370601 0.0175336676519758 -0.223807043388759
-0.011674934173423 -0.00402374520489914 -0.237630401781716 -0.0913659336724636
-0.0501772947611011 0.038963116968276 -0.27872502476783 0.0917006090276226
-0.00917142655787659 0.071328169537243 -0.199706654466947 0.184402382930751
0.0210999678848263 0.0786392528819325 -0.142282710911078 0.155255875564577
0.0407185848889075 0.0994763643241088 -0.123405012414288 0.0820230785571988
0.0136658492573467 0.116347921184887 -0.0817358218302262 0.002238334991226
-0.04685409913763 0.118362669946379 0.0118339531562579 -0.111153081013141
-0.121803109083544 0.0458920128245327 0.206111540525095 -0.0966605791742889
-0.0978776638271638 -0.061585754143046 0.331163323228933 0.157202582206505
0.0107710737907934 -0.12196027034249 0.0898769590505949 0.517755336338701
0.0958461913198904 0.00141961452385178 -0.341718636808723 0.505706709783045
0.00286304490562397 0.0915985976363185 -0.568182860758121 0.192949507164226
-0.0852143595673581 0.103952723464769 -0.332685145652675 -0.00853299873754657
0.0491077512524434 0.122748752987517 0.170979946472723 -0.0566155045644476
0.073716687919502 0.00029166138344565 -0.0244595209086003 -0.242553909201524
-0.00775269238111616 -0.0418558145731655 -0.267002510005406 -0.0749030197874024
-0.0797276719440438 0.0228357355779562 -0.290229615813133 0.124123322344804
-0.0280775954284803 0.0815226323582692 -0.188481838352256 0.221993352697437
0.025589665453482 0.0885422785139579 -0.119173122577756 0.189767483553175
0.066148626860023 0.104039540261235 -0.0962635413505959 0.120036589720521
0.0574549330823448 0.120783760903125 -0.0607631276260011 0.044716821585001
0.00318552577733346 0.133970962687528 0.00932278006520898 -0.0611724622247575
-0.0863758830038296 0.0912046142054252 0.166943533054438 -0.0626701267039605
-0.106124751075917 -0.00432942229417759 0.276877292362184 0.150697881039611
-0.0355258274992764 -0.0969366678454676 0.0674041245804537 0.47582250138128
0.0749824580873746 -0.0216172359411503 -0.321347217814161 0.467280212740957
0.0241281987343865 0.0792362959903888 -0.541010659458977 0.175666217359281
-0.0602743375974823 0.114759200655551 -0.29487653081256 -0.0437236572924922
0.059322329444351 0.10554227927791 0.169026726239874 -0.0976400735952526
0.0948056248903817 -0.0111107691595663 -0.023838983775621 -0.272482081367255
0.00678537655347436 -0.0712284772828988 -0.282414235089369 -0.12080297901983
-0.0945231828014525 -0.00466785461912278 -0.33599561917611 0.0963671581086083
-0.0490149503110548 0.0782830647758439 -0.223414308154959 0.237137250746106
0.0198123334503353 0.0864086373843846 -0.126754522653857 0.225068664032776
0.0771508350017627 0.094354956122299 -0.0757666800406173 0.15590028562367
0.092556674020666 0.105801220645672 -0.0276100448181014 0.0819557647671885
0.0584383890086793 0.12526329858989 0.0302162035733199 -0.0119883262454719
-0.0251376567673568 0.120136745894553 0.152102940060023 -0.0303019746089314
-0.0851912561322057 0.0641313195628036 0.256547599520085 0.133520432299633
-0.0820684862109398 -0.0399431733679641 0.107297612042475 0.430765637747284
0.0290329807310953 -0.0426113792980347 -0.236084777595523 0.454241564380061
0.0445612818082125 0.0430014811646939 -0.478076013743907 0.199308889749573
-0.0140015134637975 0.107024839276643 -0.256194526674678 -0.0683618976778198
0.0557976719164713 0.0744558245492859 0.18843146817883 -0.123048195282913
0.0943938584303227 -0.0135725426848404 0.0382396336287594 -0.311440136860355
0.0231561252337449 -0.081093364725096 -0.260463430449459 -0.236302790296178
-0.0879948159536321 -0.0255759589524261 -0.398669483643423 -0.00883074647051749
-0.0544117025750618 0.0670962180703408 -0.315389115679642 0.211956257664706
0.0176665286714114 0.0747429564530823 -0.17001183853355 0.251227681800927
0.079725155070341 0.0729067208291409 -0.067182330965917 0.186695048158721
0.111970870104558 0.0756449934107759 0.00968729036589767 0.108024808203413
0.0990547281706006 0.0934279279342411 0.0726172625775344 0.0252175382678776
0.0373065206579855 0.115838285949399 0.172333930540406 -0.00670829339608588
-0.0380753018169038 0.105729657432328 0.273206518228262 0.109693488397177
-0.0965514820605183 0.020199634128133 0.184887727940756 0.381077148668644
-0.0159049499235235 -0.0490357962938432 -0.118321295052183 0.444056429721797
0.0553508709947918 -0.00336297388006176 -0.397577902604224 0.231596958651602
0.0341023458278017 0.076283798631098 -0.229659657962001 -0.0877646107194837
0.0508166841305346 0.0283621477459551 0.228534467493866 -0.127850691769001
0.0690385381441322 -0.0225776047948363 0.159646044422456 -0.334727865746668
0.0184747303731301 -0.0673049871744888 -0.1708437877125 -0.391402771523971
-0.0647726213804164 -0.016243939415345 -0.430360327416876 -0.182584798019045
-0.0316265912184732 0.0614725044104046 -0.419333415406039 0.134372924700085
0.033065913376797 0.0550414503827051 -0.231467973689855 0.260038521778913
0.0805368240282308 0.0403104566240875 -0.065037758678275 0.20606955284124
0.114485470765761 0.0330748707451734 0.0459650717224547 0.120891768084232
0.112537985675876 0.0463108062308749 0.120410883734241 0.0395992669027729
0.0742233339571156 0.0789935616565477 0.209920861123697 -0.00584349690237813
0.00751026290115575 0.100411477795671 0.307826980798568 0.0678932153415468
-0.0763779909794906 0.0493877870411255 0.266992544074239 0.310359980732562
-0.0394361817173738 -0.0445787846850081 0.000559273771133454 0.404525908602244
0.0516127859891062 -0.0455054830423274 -0.310187668996557 0.250641733600297
0.0678857333726904 0.0242779572444128 -0.217519896923814 -0.0953952924864861
-0.0569500444298847 0.0138692935140863 0.205022848435948 0.115001993270555
-0.0610044604529743 0.0581898203957181 0.263872767572073 -0.204488999899796
0.0183279014629418 0.0526109488349531 -0.0713798362263787 -0.366274285777866
0.0316496089730094 -0.0225543557271568 -0.320404796028675 -0.217942718942582
-0.0295653122017756 -0.0466118563952767 -0.342387051069399 0.00244253329962878
-0.0789376233446522 -0.0199431648854877 -0.228885473094473 0.0604873357902382
-0.0978993623835374 0.0131217174641461 -0.140096680947059 -0.0088828242639602
-0.100963553084346 0.0170113721244627 -0.0534688571392254 -0.0830792936650114
-0.0939839337016826 0.00354467279374125 0.0623139871312483 -0.185595893505723
-0.0650179813528904 -0.0424015975272925 0.256611919826203 -0.197102072907051
0.00397101673441671 -0.0548018980542422 0.436714037812993 -0.0364107387253538
0.0402222993423569 0.0058093524524705 0.394591281003864 0.324865885824416
-0.0174915329075749 0.064373927471104 0.0611377782619488 0.500355168637247
-0.0761715957437275 0.0215277911508929 -0.261382594942295 0.378708659050093
-0.06053472714807 -3.4227868721131E-05 -0.289877080331827 0.148432490841989
-0.0392870830319025 0.0666583227957126 0.206227405224448 0.0829369354522756
-0.0302709719680571 0.0641969248619323 0.173357009982655 -0.213739519584495
0.010284753981783 0.0466733768174517 -0.150120903663195 -0.260344155931227
0.00710452135486582 0.00861284776330427 -0.320811181500376 -0.0924228338888227
-0.0204685803630904 0.0035954994024511 -0.306315270658575 0.0727938531833067
-0.0427223629286182 0.0251600443149263 -0.21482702552294 0.0921401407590489
-0.051130735639165 0.0533102303019333 -0.153364055760023 0.0153575524626144
-0.0703041519664548 0.0597927575570293 -0.0768762717941579 -0.0646703721999656
-0.0916639694084303 0.0467211800018366 0.0477956075452286 -0.175710577785186
-0.101306222357542 -0.0201250381850508 0.266672679905515 -0.167211798654488
-0.040294463696304 -0.0727658991279478 0.442845706334138 0.0604479326639882
0.0297121279512904 -0.0576053773841029 0.302642902351581 0.464584179675488
0.0323594224096968 0.0318911852756275 -0.115062589096972 0.569944737222763
-0.041451549349199 0.0482596979449596 -0.421804064803548 0.338120820199298
-0.0705664812009994 0.0473825325146448 -0.333505385433653 0.099429870393335
-0.00649468156068753 0.101946775840598 0.196365214866959 0.0377120222089957
0.00445523654385481 0.0473175196597233 0.084017853507337 -0.214851482407783
-0.00290489339959125 0.0282603346458695 -0.19999180495046 -0.155300755797283
-0.0180948514534136 0.0341755023603388 -0.292930757648842 0.018867456979401
-0.00702450734450015 0.0448969407719295 -0.241851401106192 0.137584883923232
-0.00220359912118398 0.0568717787513947 -0.176234190786339 0.125169054879476
0.000513476699945002 0.0812206350814741 -0.143238174523436 0.0488865665599504
-0.0288263238709406 0.0935493141266816 -0.0864548508966015 -0.0339258998257531
-0.0763512004119675 0.0868471307634779 0.0264654166620816 -0.14939911328441
-0.123229692355137 0.0086247763162861 0.242168057648888 -0.133148711992535
-0.074436641912094 -0.080559500482115 0.395059329778801 0.121260742301438
0.0268956906896016 -0.106642862672917 0.18553762072795 0.516715466109311
0.0784023992467913 0.0136535813429225 -0.254277169968119 0.554402416536004
-0.0144578822844128 0.0767174877000176 -0.522127986759338 0.264651197720707
-0.0817248362163046 0.0821129208695117 -0.344188127126984 0.047466654480342
0.0275410090487303 0.11973811977351 0.181627385730501 -0.0116294144614811
0.0406893739861863 0.0212761283251328 0.0131415122667276 -0.221080435886946
-0.0114701453746469 -0.0035385490471021 -0.235434054881686 -0.0849000994838335
-0.0482753174008115 0.0395663490945441 -0.272096608827304 0.0962708277951158
-0.0078872923469796 0.0704555850107495 -0.191001960557939 0.186511682407952
0.0223675515217965 0.0772171542516626 -0.136785002293155 0.156336539167684
0.0418203079313627 0.097146277120043 -0.119986648325086 0.0835500498179887
0.0158324609995565 0.114192078880355 -0.0802526296907602 0.00407681788441953
-0.0440126962296596 0.117876785585143 0.00954582619195799 -0.110271672616616
-0.119489103250368 0.0472527858627518 0.201012402383065 -0.0991846515911881
-0.0977143054051377 -0.0593356702251021 0.330325811738482 0.148770334499391
0.00845116527672878 -0.120634629020228 0.098420713679904 0.509292281073809
0.0951063469794191 2.73895218229694E-05 -0.326161725249626 0.505313684208323
0.00415757457975591 0.0902341403023495 -0.557203764894304 0.202010727797961
-0.08208381180001 0.104626753164764 -0.328410586478898 -0.00170375082369063
0.0508559131594111 0.119893506121651 0.167828370850484 -0.0592747459084307
0.0730800813390358 -0.00161618795144911 -0.0286123115308192 -0.238623733556837
-0.00881676563213039 -0.0407805174424837 -0.26470669289561 -0.0678862198649109
-0.0780882968133573 0.0234856742749174 -0.284111798649591 0.128953006592699
-0.0262268636987374 0.081357480932736 -0.180306359001858 0.223016334707696
0.0271490914564463 0.086968363423239 -0.113587112282888 0.190041549087366
0.0674168663971048 0.100842675212676 -0.0934795578743677 0.120497716377847
0.0591158891200137 0.117606997138652 -0.0586382024817091 0.0450257086508674
0.00575356912633089 0.131782265788542 0.00820909477895263 -0.0608805270628752
-0.0834291306729166 0.091124508360726 0.162704376059484 -0.0654895556853359
-0.104312384226103 -0.00250416736800977 0.27583761573571 0.142659047736507
-0.0364074739848065 -0.0951608169597251 0.0776584386275224 0.467537151486003
0.0741085496770651 -0.0224107159243458 -0.306958038831141 0.467248368140238
0.0252011652228402 0.0776593584115158 -0.529806496912809 0.185384353607368
-0.0572128089771987 0.113811627575465 -0.292007241810873 -0.0373149838758459
0.0605731029780138 0.102530313888007 0.164937038846327 -0.0997409915838929
0.0932905612654555 -0.0132579152056111 -0.0285496711441359 -0.268513180368977
0.00552784152377531 -0.0704548527831977 -0.280565148574474 -0.113310373794733
-0.0934080173686536 -0.00257087653521523 -0.32906461347292 0.102455628562179
-0.0468883135819524 0.0783803551101698 -0.218590515467682 0.238041496984366
0.020729818788447 0.084964716477462 -0.119985193458479 0.224833077957511
0.0778626901190107 0.0914890644939103 -0.0715282126783945 0.155606061562471
0.0933925702181666 0.102022531955586 -0.0255689500536593 0.0808422495924011
0.0599498416658919 0.12209538364075 0.0296600884368506 -0.0123209614816878
-0.0226959067101811 0.119113022032018 0.14925034086809 -0.0335591926037092
-0.082391639377765 0.0646398009607675 0.255397388177752 0.125873053810119
-0.0816189208387623 -0.038238073497855 0.114994489307131 0.421438405088523
0.0282078788531638 -0.0422188807509528 -0.223886120916651 0.453304359587042
0.0447298381534115 0.0415862580234197 -0.466418557754008 0.20684995758869
-0.0122913224073216 0.105144758928185 -0.254647068282961 -0.0620723353428292
0.0567054320944027 0.0720005203994026 0.183573633713044 -0.124999106764608
0.0932469528548803 -0.0152894737914025 0.0320665526242743 -0.30833052646192
0.0210026917169933 -0.0803415342360184 -0.261521565596626 -0.227999586498572
-0.0871552191150852 -0.0232504387327207 -0.392725312717404 -0.00012395346024839
-0.0523098061292747 0.0675476389530198 -0.30623980576777 0.216201365721167
0.0190574575021822 0.0732101461554035 -0.163177095258867 0.252048861033133
0.0796708952049191 0.0696754797357864 -0.0625516428441083 0.185052852051961
0.112111116561336 0.0717589761291792 0.0114957859583481 0.106650430216964
0.0999113357153518 0.0897493920036387 0.0720346293510555 0.0230908393563485
0.0391382057302592 0.113035015101986 0.169583413291982 -0.011266589290111
-0.0356668950229575 0.105038780788447 0.270989472540249 0.101714963456352
-0.0948692323251633 0.0216283653034655 0.189945786243935 0.37094549444647
-0.0159683354702214 -0.0482480398164623 -0.108129155887643 0.4381832189514
0.0544673924699836 -0.00488642520224492 -0.387696726283325 0.236397108250689
0.0351871836292915 0.0739537678393795 -0.228756423672727 -0.0814958879439718
0.0503657476736196 0.026785420683869 0.22328743029019 -0.129790592108871
0.0672900584171897 -0.0243263193231158 0.150339158486975 -0.333463693387114
0.0168966339564559 -0.0665306333442011 -0.176451792797146 -0.382182199159162
-0.0644174553653159 -0.0149487818194594 -0.426383956125968 -0.171171000759453
-0.029857665094826 0.0612839061363183 -0.409771692028798 0.142197771295713
0.0335044330674619 0.0536653213894363 -0.22253976485931 0.260816607629071
0.0799917288567002 0.0376864906190243 -0.0602857915181236 0.205041551366548
0.11352330572989 0.0300716233676562 0.0473962230577026 0.118036957697908
0.112186719471848 0.0430305465574158 0.119250062469784 0.0357914076605039
0.0744879811273669 0.0762863668542779 0.206544609640649 -0.0108084523987252
0.0100134435007779 0.0985060700062941 0.304261324681724 0.0598498672022093
-0.0744038194799778 0.0508710830224072 0.270638167665332 0.299335641600966
-0.0393248551942719 -0.04314845328485 0.00792470706971581 0.398656184642828
0.0501531128847037 -0.0459937716175675 -0.299465278248787 0.254400058363554
0.0671472900509585 0.0224254376556306 -0.217132946280591 -0.0891770939669281
-0.0558863133027749 0.0151258437836788 0.20511771732936 0.110165225358167
-0.0594847860396246 0.0587129659992988 0.256827721867314 -0.207600934383336
0.0188841530914561 0.0518066981546375 -0.077826102059443 -0.360484830308687
0.0306224889075763 -0.0232396316553464 -0.321510240978926 -0.208043580967803
-0.0304969672942656 -0.0455662249278026 -0.337642236440026 0.00956667666796395
-0.0784846164771037 -0.0183761154772881 -0.22465364575913 0.0654209713225777
-0.096376747828325 0.0147366768641427 -0.138840617009399 -0.00560412404022935
-0.0996477342480531 0.0192022505567073 -0.0537522206576297 -0.080596546717667
-0.0925437768869556 0.00521168349316077 0.0581656648715675 -0.184768021167169
-0.0645389206998617 -0.040383577802425 0.249689779352134 -0.200903697053262
0.00252852104048117 -0.0544306078073337 0.430946784090435 -0.0434458087243273
0.0397164592673948 0.00519121998557739 0.395599498246905 0.314034389947723
-0.0155704296741245 0.0639048657411276 0.0692116573266155 0.493223748262086
-0.0749722094967543 0.0226518843179826 -0.251509471125419 0.377891643425847
-0.0597244821279729 0.001906965948214 -0.284424939290243 0.15133700211643
-0.0374511941863262 0.0668364523259386 0.205138488626 0.0783785642379622
-0.0285731894259422 0.0640271431208377 0.166935601734117 -0.214486731289802
0.0112608327860707 0.0462713310669417 -0.152681819267509 -0.253931250257112
0.00691610482395832 0.00813099817969875 -0.319106089222595 -0.0850904189288361
-0.0207620526534646 0.00372861128157586 -0.298959191505584 0.0797221352176142
-0.0417249043020294 0.0257021840741052 -0.210250625579273 0.0965565782225452
-0.0498737415184171 0.0540397359190094 -0.150794890657865 0.0187529723478386
-0.0684294160081978 0.0603114493760746 -0.0772998871735134 -0.0627054775301873
-0.0898292200002578 0.048350664338799 0.0436418603538903 -0.174658835808889
-0.10049470841788 -0.0180392296471208 0.260936098913137 -0.170947316451294
-0.0413661198874865 -0.0715588567929432 0.438390136227675 0.0504526133127782
0.0283227252205874 -0.0580223566258983 0.308070313954502 0.450139606333414
0.0332143945261225 0.0306221777505236 -0.102042178575669 0.565628194400375
-0.0401166461693956 0.0485891269848126 -0.409743763256986 0.342532613227114
-0.0693963138479656 0.0485666598789696 -0.328370718822911 0.105182726883632
-0.00432796931264722 0.101631710108981 0.195047032616475 0.0335736149864896
0.00589135820281813 0.0465703234115755 0.0782221511375288 -0.214373483615283
-0.00199770239162407 0.0285540830683846 -0.199616074933271 -0.149191624456194
-0.0172433173903836 0.0333933313743631 -0.288322849662416 0.0255972834505328
-0.0060337545805479 0.0440286014276841 -0.235516897500566 0.140962032155646
-0.00126206410722365 0.056706163509036 -0.171492967726045 0.12785525847196
0.00111685761053917 0.0802699341079694 -0.14015878272376 0.0510957719003515
-0.0268928325960736 0.0928872560933313 -0.0857181109287038 -0.0313214880330515
-0.0736851272925119 0.087730686329474 0.023610124851505 -0.14775860438373
-0.122111654095322 0.0110186664991017 0.236364034704281 -0.136296441139363
-0.0759048361209733 -0.0786396398350848 0.391315584345415 0.114332573478079
0.0245920127152492 -0.106599466512095 0.194167664618502 0.505810819903152
0.0783669811451078 0.0122478895577175 -0.240721206411675 0.55253482121739
-0.0131253234927038 0.0759148530215842 -0.509720051998014 0.27197669698835
-0.0792603098949649 0.0836966368812401 -0.340367372443943 0.0531937301282864
0.0287965899262026 0.117547958412185 0.180000714965483 -0.0148569825485747
0.0401193212958636 0.0199968340872984 0.00769640430316589 -0.219135734732695
-0.0109788081220626 -0.00323714495609082 -0.234207484650518 -0.0788901819249218
-0.0473302565738055 0.0399903918576454 -0.266821603829698 0.101202111699949
-0.00706365868316106 0.0698983105547434 -0.186507355086699 0.188587272157629
0.0231430769798559 0.0758354670169258 -0.131476921136451 0.157642477390163
0.0433144805503772 0.0948484497076132 -0.117242754199751 0.0850667601668949
0.0173448743138926 0.111655529249307 -0.0792858874076585 0.00475869708264506
-0.0405257305366544 0.116771473467985 0.00875734095454978 -0.109291036570449
-0.116942663478962 0.0489409305494351 0.195942563054397 -0.102534564583588
-0.0972519284567521 -0.0574065783277883 0.329629614758365 0.139879169846406
0.00590412102172819 -0.120190637459973 0.107092595382925 0.500354540579375
0.0953654127740248 -0.00138219014068796 -0.315035955449549 0.503591629588764
0.00599451891835533 0.0896009402907754 -0.548295318150458 0.209338947452916
-0.0815903011911375 0.104096658538711 -0.327066516465655 0.00493473664398385
0.0521553782031129 0.117258691254235 0.16664300462156 -0.0621466920306711
0.0721672184999489 -0.00332666054544617 -0.0333180433596201 -0.235419132649471
-0.00882034724033786 -0.0410162109700844 -0.262308680002564 -0.0626749316276343
-0.0775340871208406 0.0249340877060145 -0.278037539389063 0.132782804953395
-0.0246350794380634 0.0812431288601457 -0.173188404885675 0.224868801677886
0.0278757205149522 0.0851840899061647 -0.107762456748981 0.190073540937692
0.0680320189933339 0.0979382491121776 -0.0891341951302609 0.120850299007797
0.060473438820462 0.11404432834728 -0.0575852593996747 0.0453230043714183
0.00849725029640772 0.130366925271889 0.00662261353036089 -0.0605472985188773
-0.0814154993802708 0.0917050936096095 0.159702783555559 -0.0683426707680761
-0.1016808086552 -0.000804001033722166 0.275351937649779 0.134431189226536
-0.038329021832977 -0.093819940875916 0.0843098765026118 0.460386448805699
0.0726767710019521 -0.0238488465477815 -0.297412110856573 0.466811189358314
0.025196825426859 0.0766236535515018 -0.518671694230935 0.193231934955293
-0.0542259381931579 0.114634970874729 -0.289742546300215 -0.0323762320757183
0.0616057557416177 0.10037462415693 0.16123104740143 -0.101654178760537
0.0923870777338563 -0.0151900492855644 -0.0333216492029465 -0.264087144999207
0.0042894408921668 -0.0698331994053052 -0.27925826399596 -0.1068954442276
-0.0924701056431307 -0.00115981109715643 -0.323231301869918 0.108180488543705
-0.0449511644271704 0.0784166064904127 -0.213221693168651 0.240197826392904
0.0220011032642331 0.0835637787583393 -0.115138219636193 0.224791673001026
0.0784528335186385 0.0884597607234862 -0.0681391058691971 0.154808860410926
0.0939333311069626 0.0983322546917721 -0.0242746486153162 0.0805431928076384
0.0613931819519909 0.119273697905324 0.0286164682133903 -0.0132645607430606
-0.0204482003383975 0.117684240776173 0.146293830936546 -0.0360072875151114
-0.0798566631745016 0.0649590856905733 0.254601147909408 0.119064069445279
-0.0807692018256374 -0.0362330157275004 0.122027641535613 0.414461401226473
0.0275669219808019 -0.0420608394831103 -0.212415654140798 0.45069790542648
0.0453148547615053 0.0400407650402968 -0.457596249185338 0.213106970314657
-0.0104226078024641 0.10378042005665 -0.253361331229093 -0.0567966922142557
0.0574811959773521 0.0697835947725197 0.180163610698674 -0.12653958865869
0.0918638564588482 -0.0175172404236821 0.0260380002577242 -0.304003993412731
0.0192337896772292 -0.0803068035855285 -0.26215558575612 -0.220372481521467
-0.086685718816827 -0.0214310836888869 -0.388233322420616 0.00742045877318704
-0.0506737956801431 0.0680272356834895 -0.298211761984871 0.219298594389248
0.0203796512419485 0.0718539555399757 -0.155956081694615 0.252834882766607
0.0801602320921875 0.0667502208256672 -0.0587288842562886 0.184535901816619
0.111616188706291 0.0677841513419728 0.0131288451601322 0.104833648521213
0.100630980145999 0.086756772054813 0.0714682550637598 0.0204192878370019
0.0411655900972257 0.11112807727412 0.166867513733789 -0.014646322046713
-0.0326227605824444 0.103671670604272 0.269799548851751 0.0950816818922707
-0.0932624063811947 0.0227158223789158 0.19525623743408 0.363677657978702
-0.0165083104135233 -0.0471110045936851 -0.0980452372769218 0.434997746087649
0.0535118472007701 -0.00602768284131424 -0.37828969749056 0.241671443542869
0.0357676852263391 0.0718763224281695 -0.228585573529776 -0.0751309247153031
0.0500853036036385 0.0249221885558686 0.218580688164116 -0.132545056498715
0.0661748409039909 -0.0251325531787051 0.143978201693306 -0.33168408327325
0.0158443014360233 -0.0661439258836586 -0.181188531994064 -0.373973934348389
-0.0638599077925106 -0.0137098107445097 -0.424717915538083 -0.160501712688486
-0.0282302730634014 0.0616513619227911 -0.401759763445286 0.149897711169383
0.0345951363208207 0.0519729019403942 -0.21506570651974 0.262567675001939
0.0801308794128208 0.0358811174391096 -0.0558895548358076 0.203209280708442
0.113326942264881 0.0267751278459284 0.0488728001921745 0.115377881862801
0.111750375210246 0.03995024369418 0.118901848320563 0.0329196085678581
0.0753931038108751 0.074005207854739 0.203880908192988 -0.01438279482905
0.0119013241956208 0.0969676498731561 0.301522098831663 0.0526309649373473
-0.0724843190167884 0.0511934075601051 0.274693004833365 0.289047791159348
-0.039557926697228 -0.0420323947334405 0.0148191302044888 0.393706527851865
0.0479704881975368 -0.0465816716586727 -0.293147674217062 0.25870813391225
0.0657997625941831 0.02033295634795 -0.216223457767012 -0.0836521819884562
-0.0548467224177945 0.0156640222068273 0.204503003810525 0.104110437994579
-0.057176452363156 0.0594295062014425 0.24962975887041 -0.2104594497888
0.0202481627632076 0.0506787843519999 -0.0837440796824307 -0.354447795084489
0.0303719419979773 -0.0235681054124455 -0.321795503436089 -0.198510951995822
-0.0314739360014046 -0.044582180368477 -0.332484737895819 0.0165693238832856
-0.0779505322543886 -0.0162421299169167 -0.219918669061657 0.0690760790902602
-0.0947663155210174 0.0167768585783902 -0.136590945163904 -0.00208747963236991
-0.0978915659171673 0.0209248270910449 -0.0540360638123328 -0.0781000712280001
-0.0915491472132199 0.00793625167843495 0.0542729945535429 -0.183484251670244
-0.0649878981547146 -0.0383987822178127 0.242624814756822 -0.202808882209914
0.00164967758073613 -0.0539324852777791 0.424565922518045 -0.0510849539958511
0.0389000813412953 0.00437614729036809 0.397624064891743 0.30127336050448
-0.0137366824921301 0.0633989029376337 0.0779129810986786 0.484526056927901
-0.0736325693911409 0.0238502905976249 -0.241065449805037 0.378098383898893
-0.058707589367334 0.00293159140310923 -0.277506826409203 0.155245797329515
-0.0360724743598395 0.066066203337319 0.203967141232037 0.0727593023038982
-0.0267820678830462 0.0641919441043821 0.160964865878824 -0.214704522123126
0.0120431767139827 0.0456130851155195 -0.155211644648239 -0.247812961412421
0.00740843347803322 0.00818383106265976 -0.316291886237098 -0.0770620808820456
-0.0205630392340445 0.0041721651565885 -0.291619382460293 0.0862346695208037
-0.0412514063108177 0.02644960543868 -0.20440956432955 0.0993956653473866
-0.0490858233999637 0.0542599628443324 -0.147877820898817 0.021772348891222
-0.0665486106630376 0.0609501395909262 -0.0761667775206979 -0.060254855396221
-0.0878440851954998 0.0495023071033191 0.040680376357444 -0.17290994794971
-0.0999997288864408 -0.0157730907194386 0.253543259633061 -0.173962549659742
-0.0428196011586894 -0.0701162480232619 0.433720231475929 0.0422075991761028
0.0262069390762465 -0.057899411440343 0.310921443674548 0.437119007095382
0.0337876963511505 0.0302406898569265 -0.0906330721571771 0.560003439668349
-0.0388707244406843 0.0491583859071765 -0.3964944211508 0.344298202298118
-0.0679767906972021 0.0493124042300164 -0.322392103897039 0.108697604120229
-0.00254230387103645 0.0998014515661219 0.193319238661913 0.0289911896834429
0.00662955351434225 0.046072130944826 0.07273686885715 -0.213164372533449
-0.00130744556399454 0.027883921189598 -0.200117329671413 -0.143679710031634
-0.0167511732759276 0.0337781274019303 -0.283693941804647 0.0305485627036869
-0.00516167635082637 0.0435911760410451 -0.228857247177246 0.143806826468918
-9.762313409545E-05 0.0556479949125903 -0.166125642902369 0.130241709918776
0.00303342772346634 0.079082078789348 -0.137420463923092 0.0532734145664072
-0.0249406705020504 0.0920099855213025 -0.0845536501539983 -0.0298785410222985
-0.0711677869013906 0.0877412115686183 0.0208199471719118 -0.146445630563312
-0.120289897404235 0.0130729828326724 0.23017526468784 -0.139567470044933
-0.0763511787808689 -0.0766095748857179 0.388408263293746 0.104631528462586
0.0224733762087431 -0.105841539666972 0.201953552190855 0.494838837099461
0.077936155937725 0.0107217629873377 -0.225967897454799 0.550387159624287
-0.0111341062101251 0.0753712440255581 -0.49839543174592 0.277569228018735
-0.0774009851886631 0.08350010830023 -0.335383702624463 0.0592454279101439
0.0306142945668619 0.115200223043998 0.17697130765881 -0.01827265126561
0.0405771841516427 0.0191536986311239 0.00392727325907824 -0.216433590289768
-0.0105024345410374 -0.00313003549663743 -0.232327651628931 -0.0734596973265322
-0.0461549784636929 0.0402937747142341 -0.261545016429278 0.105268099539031
-0.00575813173985036 0.0688102837392653 -0.180994860103625 0.189371758042095
0.0238358191154087 0.0741216695600077 -0.126616843113359 0.15938916860148
0.0433577420960345 0.0925327766255013 -0.114159011019967 0.08683273308319
0.019484780252468 0.110419518747974 -0.0775041622570233 0.0068624263679994
-0.0384057123094321 0.116232679972619 0.00594250284989183 -0.107667815341435
-0.115276714422375 0.0496941399422031 0.191917154446703 -0.105147678340148
-0.0968614029675266 -0.0539319177075215 0.326860019469363 0.131931004906345
0.00401449821706337 -0.119093754713015 0.117219214581484 0.490939873871737
0.0944788433951388 -0.00275677711293762 -0.2994679553626 0.504904866666273
0.00738883481837803 0.0881313641084198 -0.535605119755153 0.218131321449687
-0.0768736662567632 0.104322200774819 -0.322565222724295 0.0103593133070872
0.0542062046632664 0.114256692763983 0.161571852324832 -0.0645819089354687
0.0710563812214799 -0.00429516958984065 -0.0372890271411066 -0.231557504069807
-0.00962213809876583 -0.0398371518149091 -0.260141345684693 -0.0561286470219002
-0.0752993273040526 0.0262555243228604 -0.271142056701887 0.136941871764552
-0.0228747453679783 0.0803116247861139 -0.165831544025425 0.225142646116673
0.0283746875907709 0.0839917292557153 -0.102838867463971 0.190304287208703
0.068581088474447 0.0952557694590683 -0.086984095565972 0.12115635539813
0.0609241898009392 0.110977791677505 -0.0556191306302794 0.046944450545485
0.0107169376301624 0.128011292001959 0.0054295314294233 -0.0597329065078171
-0.078611991384628 0.0912815408268431 0.15574286616709 -0.0703747389991879
-0.100658593527719 0.000965362148589598 0.273541917959277 0.127574835172306
-0.0389055485919863 -0.0919739427508695 0.0923484853625741 0.451814039106873
0.0725043489470412 -0.0244177678555455 -0.283147208443496 0.465991089044911
0.0277856592304254 0.074241352698719 -0.507774506118441 0.19926259024712
-0.0523821843744927 0.112671401205825 -0.287143700388682 -0.0254512953081708
0.0625287037953246 0.0973783360539197 0.158136149887373 -0.10339338286672
0.0906359583477471 -0.0169786545783963 -0.0374358153033007 -0.260608273391568
0.00306911087219946 -0.0690611842911669 -0.277410962875254 -0.0998064439999552
-0.091476814711617 0.000797208366733424 -0.316290096313309 0.112929484687922
-0.0427525662125628 0.0783481577107169 -0.203532346108687 0.240714636971295
0.0232665583929927 0.0825875380545448 -0.108388518666291 0.224653007234526
0.078769997045514 0.0852806670666865 -0.0650158439290664 0.154436853330884
0.0941497113400385 0.0947772841841281 -0.0222156420590393 0.0793796853162624
0.0630226680442441 0.115950648764269 0.0280465542903617 -0.0140143974232951
-0.0176168084351879 0.116764596507099 0.143232221538638 -0.0389686824023416
-0.0771517062903179 0.064931415110576 0.253279901030208 0.112098669508365
-0.0801191378744466 -0.0346052866305139 0.128206495354908 0.406744657593497
0.0268710490955087 -0.0419719162612672 -0.201560140220149 0.448137114854625
0.0447038320669529 0.0388790180347734 -0.447711034270815 0.219730837113813
-0.00888892750966036 0.102076669707624 -0.251630878090997 -0.0512706624639858
0.0575636689781799 0.0675482341071956 0.17581123577968 -0.127886110748999
0.0902519589613478 -0.0197478184029154 0.0197092054523082 -0.300309665030354
0.0176151843487551 -0.0796287438487399 -0.26333024422297 -0.211918582616104
-0.0860632185570468 -0.0196441185945716 -0.381772327477677 0.0154498835743984
-0.0486219769648935 0.0674834926580266 -0.290377880684505 0.222351053776194
0.0210662877510332 0.070741578134945 -0.148448068911483 0.252737836353905
0.0798816862249325 0.0645197807642412 -0.0548843149614151 0.182889062690125
0.111465526124096 0.0642467179224095 0.0146629246620475 0.102805853562597
0.100832390138671 0.0831426063222495 0.0703347284118582 0.0180244585114258
0.0420484469614441 0.108622715269802 0.163921640962877 -0.0178973336883347
-0.0305424721360079 0.102943122089267 0.267932359897909 0.0873513651316316
-0.0910505855682528 0.0244816756799452 0.200381482048466 0.353925429237404
-0.0167664345535425 -0.0462392605397064 -0.0887347860079989 0.431055107105884
0.0522645559758547 -0.00717152919414617 -0.368860221537538 0.246128912300686
0.0364468211292549 0.0703050955830656 -0.227358625354012 -0.0705021173950924
0.0505055785715089 0.0234842237745681 0.214065430638758 -0.134836632130725
0.0644026756430747 -0.0270532442234767 0.135550590683824 -0.32944889241805
0.014096149902401 -0.0651879062307659 -0.184723007346893 -0.365299951612648
-0.0632950067498348 -0.0125476422874156 -0.421808555342152 -0.151470991521043
-0.0267052724036638 0.0608274383676973 -0.392015433580957 0.155211175465278
0.0349632549954554 0.0510684710468278 -0.206993526763562 0.263834286583594
0.0794652444638805 0.0330032179115297 -0.0508931269367231 0.202212250781909
0.111413874054381 0.0233088834980011 0.0500066185233323 0.112833328546271
0.111423222404283 0.0370931695949903 0.117316732929178 0.0299621335330525
0.0754834735070617 0.0715326891571865 0.200540512458944 -0.0189667598561693
0.0139058839472276 0.0959349979467539 0.298600349738673 0.0444447116190813
-0.070666181303017 0.0523871355353771 0.277113012631827 0.279348489485666
-0.0396745767043928 -0.040927882618017 0.0227412996474486 0.388025945650596
0.0463953156821619 -0.0476594470320606 -0.282961821584593 0.259864581136994
0.0653172526035208 0.0183696938851997 -0.215802757380062 -0.0773442602196182
-0.0537829889592911 0.0168613787516123 0.204039520487187 0.0985857364591386
-0.0550926151488485 0.0596542512679333 0.242311122642194 -0.212462128449621
0.0210091340964993 0.0498064207613712 -0.0889162444221237 -0.347701297796762
0.0289312298674873 -0.0237292879405063 -0.320417120776521 -0.189729257563835
-0.0320900478129549 -0.0431874742465208 -0.327527512690616 0.0233464900842191
-0.0774314638471604 -0.0143084944138201 -0.215170592769394 0.0727094444326734
-0.0933987262759311 0.0186420652556847 -0.134266493969469 0.000947049457005776
-0.096390759746465 0.0228263411998603 -0.0547386201597744 -0.0760744835777681
-0.0901827417974313 0.0095531172172237 0.050881184871805 -0.182548565393314
-0.0649791847986309 -0.0362918697955158 0.23578164334174 -0.205505081302273
0.000139120098004382 -0.053334949291904 0.417276026560493 -0.0596674849831932
0.0386246495802469 0.00310005471223489 0.398212772020607 0.288862049223016
-0.0118820713255064 0.062419090885833 0.0854629967386421 0.477017728351511
-0.0724517911662601 0.0258929036081456 -0.229921654451934 0.377502676877017
-0.0584133181737631 0.00453835713416018 -0.271590878850403 0.157733417480655
-0.0339351159705413 0.0662749698890303 0.202943335256546 0.0680744570889027
-0.0251427539463552 0.0640842543062042 0.152830348806616 -0.215204392742821
0.0134327011660791 0.0445358788469211 -0.158472645530635 -0.241355712089926
0.0072448024218477 0.00773445037051352 -0.313631578244192 -0.0696317915242593
-0.020486205818793 0.00460475322300302 -0.285719684493817 0.0913774555125106
-0.0398811048899777 0.0269580757707159 -0.19988488658752 0.103624246279512
-0.0473000581653021 0.0544031986207029 -0.145659799033132 0.0247228354460183
-0.0649372746635031 0.0618135190864241 -0.0768488905386668 -0.0569107060956878
-0.0860976709712258 0.0510587191975503 0.0369718598510604 -0.172032110702976
-0.0992580628336577 -0.0125913992769517 0.246731179332115 -0.177436683250092
-0.0436789529121933 -0.0683592138926006 0.429453980556444 0.0331811821805163
0.0252949575682523 -0.0579446791240833 0.317745593853649 0.426102282546827
0.0345625631363934 0.0291867005441782 -0.0772245930355988 0.553941601708839
-0.0377267860344148 0.0495645324744102 -0.386452370461033 0.347508787873222
-0.0659269173928052 0.0502511560566948 -0.315552952014291 0.114463622518806
-0.0004167189749608 0.0979324243635989 0.190716752229083 0.0243958733474905
0.00741553188920142 0.045088696976492 0.0678690475608965 -0.212495094758316
-0.00021574258191 0.027574277628293 -0.200727186580898 -0.136958674834233
-0.015674316824013 0.0336543954052451 -0.279101152805934 0.0357269516074936
-0.00489479651367945 0.0430018576964305 -0.222416845431021 0.14680615300189
7.85053909899257E-05 0.055265785471983 -0.160756711271513 0.132518545676133
0.00409200055176863 0.0775149181820516 -0.134396546720297 0.055641416506322
-0.0235046987513447 0.0917089186106125 -0.0832523308660357 -0.0274149515471774
-0.0679348189722797 0.0882870731520563 0.0177218691863891 -0.144879730550357
-0.118799175980879 0.0150156272370889 0.224159387309269 -0.14194715768961
-0.0767288319080494 -0.0747173637071357 0.385318697917571 0.0951743513533598
0.0203841659736035 -0.104741207840288 0.208135085501272 0.485136920630392
0.0780893742881816 0.00913614850774259 -0.21374076992555 0.545372486464378
-0.0100776655650937 0.075136514614245 -0.485630830329023 0.283253280424148
-0.0743572941422455 0.0845688151464378 -0.330521343815642 0.0633773343367975
0.0326997207098444 0.1133286529539 0.174367703962703 -0.0222569704545268
0.0402193844386402 0.0181537991558083 -0.000609773406371362 -0.213806905132863
-0.0101927322676216 -0.00200000049881899 -0.230516038293902 -0.0677370322287321
-0.0445172395049981 0.0405081584846279 -0.255228017683553 0.109032170624943
-0.00460676062467264 0.0684664245458385 -0.172940628301436 0.191616210118636
0.0251600730203515 0.0733060878662273 -0.120994875818931 0.160124331523345
0.0447685702924536 0.0903716998523145 -0.111089363848722 0.0876671614466847
0.0210662422437061 0.107751135479883 -0.0764435490035977 0.0081731168167697
-0.0359930577594123 0.115549619267834 0.00390726871261371 -0.105924434670618
-0.1132869000654 0.0519476771223378 0.187198094832748 -0.10728069576691
-0.0960374746586576 -0.0538695672100124 0.32586547803246 0.12392514585021
0.00425944260126709 -0.118942200435228 0.126703651892922 0.483004778268313
0.0930331622903409 -0.00377667703941391 -0.287815580184052 0.502792621250253
0.00862770203964826 0.0876306598891255 -0.521465549612302 0.226901971056058
-0.0745750623880961 0.104685603850431 -0.316585048449862 0.0150577382437444
0.0549124088739958 0.111471444885156 0.159241285090689 -0.0657756576577983
0.0698268725793338 -0.00577007416990777 -0.0419465342997965 -0.227905329045114
-0.00934237502733336 -0.03936412668505 -0.257376567548994 -0.0496789652227116
-0.0736842704456725 0.0271834510066335 -0.265035672694621 0.141046482604159
-0.021598410932418 0.0802403740096531 -0.159732712480175 0.225764695290568
0.0303056783315047 0.0824167138116683 -0.0972458656150876 0.191216962843589
0.0690183799173289 0.0919253616320926 -0.0832024771661623 0.122447429958368
0.062429652839729 0.108612691994013 -0.0537161098025947 0.0469415250564811
0.0125982192676821 0.126038473620562 0.00381126218191757 -0.060126681645649
-0.0761921479123448 0.0916436650840066 0.150684329950136 -0.0718580380154391
-0.0994457873067583 0.00296432059742391 0.271867587887715 0.119857177617866
-0.0382382208737265 -0.0906799108708039 0.100938981365963 0.444096540197695
0.0713329729106276 -0.0247739347859965 -0.27172043852038 0.464214970058081
0.0280061662992977 0.0730017458798725 -0.496897334204615 0.208305349069837
-0.0502484182775884 0.112006738904286 -0.284080144559743 -0.0202458930498202
0.0635932035038738 0.0947755420463027 0.15465891215583 -0.104572854513177
0.0889989915324709 -0.0182187451808845 -0.0418509707356758 -0.257008140772817
0.000334505949248823 -0.0727215641628491 -0.275824455380348 -0.0931380498807075
-0.0901352618320654 0.00245886433721948 -0.309889663345412 0.11826450586269
-0.0409286361220299 0.077957669444851 -0.195257182100099 0.242812208869825
0.0243239073523437 0.0807163750943166 -0.102758933238505 0.224576262351067
0.0794017888887897 0.0818924290622164 -0.0617210698834827 0.153801661786687
0.0947010827488069 0.0909086170347231 -0.0206891507793653 0.0786664344444145
0.0645877214968263 0.11321301124482 0.0271611243442472 -0.0152795092175263
-0.0155498511042011 0.114789873182353 0.140167247666458 -0.0416345915460279
-0.0723823173569658 0.064938558999571 0.251858900273473 0.104880305913439
-0.0793777521268625 -0.0325581786570334 0.135268522202222 0.39769662235521
0.0263036798569177 -0.041768223908745 -0.190105968570372 0.44559642224087
0.0450325265016885 0.0368563134589279 -0.438517065893719 0.225427921078399
-0.007512570214517 0.100744378146565 -0.249708084924248 -0.0448822808432035
0.0582665956239003 0.0651668176828683 0.171570212709487 -0.129172692851175
0.0885846277831686 -0.0215182577489238 0.0140613354725753 -0.296483847103684
0.0160007133331921 -0.0791172874331901 -0.262539370735233 -0.203786191932808
-0.0853932157519148 -0.0178139773571228 -0.376578938401859 0.0224339534726478
-0.0463852669457795 0.0682056892057059 -0.28170523610612 0.225442322353594
0.0222121046567634 0.0692786482994451 -0.141331298359498 0.25313409286171
0.0800171688980999 0.061748760986812 -0.0505949306501341 0.182120669486389
0.111159068445835 0.0606867017381898 0.0160738840189884 0.100631020173016
0.101441815274346 0.0795915192493236 0.0694230088902696 0.0159712466025409
0.0438938921988852 0.106262798628613 0.161067422822763 -0.0220249994012125
-0.0270899775746715 0.101671080638579 0.265451755817926 0.080407132991337
-0.0892677768594437 0.0259130182184715 0.205119748205171 0.343963000734407
-0.0171067097800906 -0.0454523136099961 -0.0804495022149699 0.427335373476746
0.0512569285960314 -0.00809590873604523 -0.358507467470364 0.250321602974018
0.0368428125592555 0.067905024761358 -0.22602071548371 -0.0647462670381164
0.0500813196697849 0.0223588149640647 0.208778461842626 -0.13607023652402
0.0632021333423586 -0.0277995551552158 0.126978861391627 -0.327645831833773
0.0129293896412795 -0.0649614864228732 -0.188761660877455 -0.356513598516456
-0.0628334403617528 -0.0105175404700254 -0.419569112354728 -0.139787006045723
-0.0250804945936067 0.0609782516395435 -0.383781650090485 0.162135152352623
0.0354237136615108 0.04921890481112 -0.198380963375437 0.264365419207468
0.0791695255012578 0.0308399858274897 -0.0473785169604517 0.200316752308055
0.11082277754603 0.0204110531977795 0.0502814945855725 0.109755405924269
0.110840406514345 0.0345198317951594 0.115913418022986 0.0257444183171504
0.076224614512315 0.0691901173790672 0.196534765318413 -0.0230992231246122
0.01559392067093 0.0933962377008564 0.295136703574083 0.037640257900514
-0.0687379494974251 0.0528483898345946 0.278338918528085 0.268819929185182
-0.0399047623272954 -0.0392777212167589 0.0307045631452121 0.381717713561491
0.044879640253246 -0.0486073524440237 -0.274419878673191 0.263143342852001
0.064158836922884 0.0166546548674769 -0.214338598973035 -0.0716911864579151
-0.0526337534511 0.0174832727070556 0.203109109375139 0.0931053132170836
-0.0531483614624399 0.059982016650075 0.234438405046514 -0.214062859980385
0.0219020259888726 0.0486778138783711 -0.0946789284234596 -0.341339082485857
0.0284076323178058 -0.0239923562377639 -0.31974563084608 -0.180964409256691
-0.0328351100789162 -0.0418022883142457 -0.321972744754217 0.0297561573981656
-0.0764898749249049 -0.0128749306460412 -0.210451166436479 0.0767708485401305
-0.0914060573807947 0.0208872526956514 -0.132192361496581 0.00412672681515177
-0.0946763289214384 0.0248766280894181 -0.0552887999878107 -0.0741003384133708
-0.0889543626457685 0.0113573107186317 0.0464301294604378 -0.181252333170091
-0.0647356588375679 -0.0348695264696259 0.22848848255925 -0.207417958635857
-0.00096348399990517 -0.052642293111305 0.41041096806618 -0.0669303334558579
0.0377753598840192 0.00278191039560183 0.398517589326521 0.275811514409246
-0.0102383460736213 0.0619960266223768 0.0932083490516776 0.467521589480736
-0.0710994564541629 0.026567757818375 -0.220981273865649 0.376527500004947
-0.0569913850313871 0.0056119350415242 -0.265302325202194 0.159802444057817
-0.0326122211409978 0.0658901730692524 0.201942552625281 0.06243662767711
-0.0235387243298944 0.0640814499769173 0.146664277194055 -0.216039477979896
0.0143087475855429 0.0435856205377524 -0.160451610232549 -0.234863123496086
0.00746600952918029 0.00724103440255634 -0.310215986070222 -0.0628419571002807
-0.0207147158621237 0.0053087499643754 -0.28080227842582 0.0947257375300552
-0.0395443691422661 0.0274197423630772 -0.19423277508848 0.107254269300999
-0.0459559896003529 0.0550797219669615 -0.14339761972015 0.027427250250691
-0.0627315619366837 0.0619693456245177 -0.0760665429129373 -0.0551305244116631
-0.0843836067879555 0.0517349080315256 0.0333825684748959 -0.169888486886439
-0.0983251878392906 -0.0110578353924227 0.240701676839689 -0.179465329871211
-0.0441611986579949 -0.0668122379368497 0.424167166190645 0.023705116019184
0.0234981792640286 -0.0576426623506631 0.320973646206271 0.413540397627285
0.0351256341925115 0.0278692768173297 -0.0665825274925467 0.545515297201691
-0.0356807917240487 0.0495237205274758 -0.374281568911276 0.3491988341954
-0.0643449832237991 0.0515658420514762 -0.309816181377412 0.117157697484048
0.000967463812849074 0.0964545394808931 0.188654483998717 0.0207827696298467
0.00791808766331982 0.045308462441011 0.0621910565069921 -0.20985597832305
0.000945505996626219 0.0270591838649784 -0.199833116752621 -0.131987949034645
-0.0152012358851586 0.0328058820637259 -0.275053142740012 0.0411892049171751
-0.00450307576709341 0.0428247313831893 -0.216412359492588 0.149680439485429
0.00114517634642265 0.0547714998681272 -0.156088576037099 0.133768322559591
0.00460498346491882 0.075971374291075 -0.131298341308264 0.0578754748594326
-0.0218943567207568 0.0904810772236555 -0.0832637954886198 -0.0252466068907662
-0.0669746087153319 0.0883471887319778 0.0155784378424126 -0.14322140268668
-0.117685102795245 0.0166052445803382 0.218609789282436 -0.144449276148981
-0.0769078407058865 -0.0725343615670597 0.381481697392363 0.0862792654674722
0.0180420954627329 -0.103593737513751 0.214959842740517 0.47131212591751
0.0774645865082024 0.00765689189083429 -0.200485939289688 0.542520730282019
-0.00876578456523788 0.0746094259634774 -0.473452809647073 0.288257947008855
-0.0726980229054003 0.0839665466729154 -0.326076389628746 0.0691113564817252
0.033487646740194 0.110658506240342 0.172624891597478 -0.0249189479270483
0.0399935436850074 0.0176113608889494 -0.00545766192439992 -0.210358253206426
-0.010512124327124 -0.00249394037636268 -0.228055895301171 -0.0621520601109293
-0.0431975889376424 0.0406054786649369 -0.250824864922895 0.113228413187524
-0.00292147026387041 0.0678447891371248 -0.166541801517691 0.192582698844107
0.0257975665899189 0.0713703882407782 -0.116183743278311 0.161429777185343
0.0456262519503594 0.0881383913432308 -0.107590617133295 0.0895725002236174
0.0216242803282812 0.105505249506485 -0.0748076793110236 0.0104747482175
-0.0331308714783177 0.114561791425627 0.00272012788936496 -0.105218741810309
-0.110396165099716 0.0530466281174441 0.180584149659564 -0.109420826702772
-0.0969968057643741 -0.0514814435666795 0.322549965944592 0.115482571872507
0.00100086840701218 -0.116143440845064 0.133604434780645 0.47336604175413
0.0919254252423266 -0.00466576694323644 -0.27319100611501 0.500968082087518
0.0109323153813225 0.0870268665698755 -0.511310696785236 0.235298297795985
-0.0713912727872885 0.106261749637783 -0.314675365811588 0.0223103928891417
0.0557271316357827 0.109177644337502 0.156226441610767 -0.0673309584561549
0.0694631571038915 -0.00739797091966326 -0.0458007653577123 -0.223842214853507
-0.0101182615268764 -0.0380786797883586 -0.25510245465529 -0.0437847275241792
-0.0729756609749642 0.027472823273908 -0.257966145553412 0.144661128060251
-0.0193923603406787 0.0793717554717694 -0.15163317053687 0.226242462599904
0.0307032901796375 0.0805160687408784 -0.0919866541708401 0.190833352945158
0.0692823472216216 0.0899428488049048 -0.0797146820164506 0.121725763524056
0.0626491392036539 0.105260863415421 -0.052306812835909 0.0457818861016375
0.0147869453151321 0.123611474772101 0.00364782688454911 -0.0586241111118005
-0.0731629606390165 0.0907024383881078 0.147418800319567 -0.0752749678575574
-0.0984512445726114 0.00353764796077658 0.271427023729849 0.114626729270517
-0.0411702465313112 -0.0885937898382975 0.107480267678543 0.434640765616403
0.0698723739283815 -0.0257625082044379 -0.257574150886846 0.461647284062603
0.0288314049586719 0.0714417196800343 -0.486629392843796 0.214479271880509
-0.0470762167211691 0.111971227852058 -0.281835760977093 -0.0131933686118994
0.0644113537108327 0.0923377550301213 0.150771745766376 -0.105717296401208
0.0874371243071707 -0.0200158550615829 -0.0462960830978509 -0.251615045661842
0.000673415472022982 -0.0679656913096842 -0.273422154577009 -0.0865180666552006
-0.0888880874154838 0.00426076685587906 -0.302593712550094 0.123144495800222
-0.0394273135721015 0.0777883388126244 -0.189376846603966 0.243226742342062
0.0252406516903496 0.0793047715306481 -0.0965807889488513 0.223949120896682
0.0791199951914566 0.0795464960786768 -0.0573405094685964 0.15295079149281
0.0946733947470991 0.0875527805496033 -0.0194516429959164 0.0774537527809598
0.065858614424809 0.109661747409365 0.0262434981921333 -0.0154226290969376
-0.0129417615159823 0.113139666916369 0.137705396623277 -0.0445309345783269
-0.0720913357464883 0.0651131782122347 0.250144244403987 0.0989946829561752
-0.0787234225100963 -0.0307956192039886 0.141431272499028 0.389572778758739
0.0255592986403873 -0.0417282631047553 -0.178814426637793 0.442837638571536
0.0446579568221079 0.0353230247559222 -0.426602952403868 0.230715790140505
-0.0054501721042985 0.0992278864992996 -0.247774647240369 -0.0397364210373113
0.0587789461258576 0.0629505948156052 0.167147419386305 -0.13078472380556
0.0868678238121295 -0.0233208576717071 0.00842336545181517 -0.292772046835724
0.0146815375325774 -0.0784344587119483 -0.263180481203954 -0.196665354965208
-0.0841650987237184 -0.0161368536386656 -0.370392481231521 0.030050977247958
-0.0444474991130259 0.0680222892011303 -0.273535101788616 0.228742810326835
0.0229724254562863 0.0678229717183627 -0.135089762800978 0.252623150584651
0.0795780947410223 0.0590895822522372 -0.0470172258853611 0.180482026642986
0.110379105842573 0.057117123401951 0.0171682798029643 0.0987200178064229
0.102007690057187 0.0765235196980239 0.0682082370857689 0.0137229505845091
0.0452687380421033 0.103919827947296 0.158036322287256 -0.024929455695188
-0.0257172140747868 0.101129222427591 0.263438619273179 0.0735451357210853
-0.0878809254037003 0.0270534449417303 0.209782668112077 0.335704119099013
-0.0174788816153136 -0.0445921763423483 -0.0714624971458709 0.421459678656025
0.0503152324292495 -0.00933280334473107 -0.349640809034598 0.253837218741805
0.0369183139941018 0.06591232347982 -0.225085718553235 -0.0589325499627705
0.0496356370063093 0.0201265398812697 0.2035736022905 -0.137742603692623
0.0618436123561192 -0.0293007370315652 0.119647712911706 -0.325067857086429
0.011779089821591 -0.064582660710475 -0.193822596875889 -0.348666619995281
-0.0622255586013856 -0.00895514212620531 -0.415894670541361 -0.129260553112305
-0.0234372553258844 0.0603683341440345 -0.376904427309276 0.165932409685919
0.0361050177149996 0.0478238205551748 -0.191013167461138 0.264901232192411
0.0788432518923791 0.0290177899049537 -0.0432817445128023 0.198308425048362
0.109151274368299 0.0178584101717134 0.0514104050189657 0.106936930387943
0.110337656648689 0.0318369902760797 0.113914280979068 0.0230568653357121
0.0766454181438593 0.0666040260586327 0.193405347815755 -0.0278504325902903
0.0177095946294745 0.0923037910843903 0.290278088964059 0.0314581181179295
-0.0672599310123869 0.0537645140755378 0.280712812512134 0.259198131814696
-0.0404079227870899 -0.038348444266931 0.0364624787660834 0.376688270897064
0.0429342148603557 -0.0488771759195849 -0.265102214476303 0.263983634603507
0.0633731139507716 0.0147089677874684 -0.213137611463479 -0.0663007421644543
-0.0565995171435798 0.00778137462404055 0.180409956225156 0.128277075206795
-0.0606561448735892 0.0522805453507785 0.265162573516515 -0.168318854778372
0.0165897901926768 0.0523715421009329 -0.0269440436186813 -0.345951782345264
0.0353713412603212 -0.0179817958517666 -0.275808068558406 -0.234700003653146
-0.0191517955261327 -0.0484948674320888 -0.316680741284366 -0.0291066008295834
-0.0692404582866369 -0.0269907926079255 -0.217500420222648 0.0337407489188418
-0.0923535282188137 0.00330138303668849 -0.130485093438225 -0.0235940529945486
-0.0972155490820431 0.00577128801065377 -0.0378848822392119 -0.0823733033944543
-0.0879872033264733 -0.00617106020676887 0.0809421947514396 -0.166725607295559
-0.0564198877274533 -0.0459422764046026 0.260769873805588 -0.153733318270316
0.00944282169852625 -0.0511951341080492 0.409571922259773 0.0142224897366757
0.0388076042359089 0.00792684797143445 0.330058210984907 0.349448624079768
-0.021282459389262 0.0600054207872878 -0.00239297939111955 0.479339994662539
-0.0731685868852915 0.0142989929785251 -0.294424374838348 0.327261277704923
-0.0568525212736498 -0.00625124552067345 -0.299526033953053 0.102727792152023
-0.046013899748264 0.0578390195905593 0.18432980002559 0.0989728825098435
-0.0325067981858132 0.0603037671458657 0.181025112247379 -0.184371642171216
0.00970577846015057 0.0448975258279106 -0.110751287528115 -0.256441107240145
0.00963079123307892 0.00598226441507851 -0.289109441143779 -0.118253822399556
-0.0174190273510377 -0.0018044087599272 -0.288699900531374 0.0403008712832289
-0.0413508016650826 0.0180754686749232 -0.209683674175114 0.0656212850203809
-0.0540204436056142 0.0447462911894655 -0.146359064778822 -0.00173716960960723
-0.0738349327374589 0.0489589395749222 -0.0615448895732741 -0.0685495071840713
-0.092029882187647 0.0333278666405066 0.0658386329945613 -0.158146307506517
-0.0929549129073307 -0.0309390959459118 0.266103905481587 -0.123518765447969
-0.0293468904628225 -0.0743055239997019 0.402076253437648 0.104481230801306
0.039064948124691 -0.0514572763314225 0.226828607594321 0.465497347527555
0.0299644267154542 0.0384982977715677 -0.173522583582618 0.522627728076201
-0.0448453579995034 0.0447218366533177 -0.442082701407683 0.271213734888986
-0.0730514489817189 0.0372117604681653 -0.335752008553545 0.0508129478622935
-0.0195559795164912 0.0940755111105615 0.179598895030937 0.0561151231061719
0.00221936450268322 0.0468410699894098 0.0976230785323451 -0.193604875066828
-0.000823975707829338 0.0252659035090572 -0.167896307126054 -0.164971700830411
-0.0177506515388482 0.025682359376277 -0.274168634783639 -0.0113477652775603
-0.010531675596593 0.0363772660691415 -0.236516796342979 0.104574262514021
-0.00802510492043607 0.0515983841095959 -0.178477150879109 0.0999757656031136
-0.00959895045922736 0.0753639426944345 -0.141508261827426 0.0307659976001716
-0.0390086033692802 0.0841577830514316 -0.0747595951961642 -0.0411987060038251
-0.0827675039216971 0.071641320815775 0.0427291755848084 -0.135374547872208
-0.117071470027578 -0.00779252979394265 0.237730158247641 -0.0941387797694652
-0.0592367555212761 -0.0865264715180227 0.349215651459189 0.155557268718782
0.044255768256091 -0.0959423705327292 0.111884840072704 0.500401616662511
0.075277670969126 0.0291882034570236 -0.301745209911266 0.489962167839137
-0.0248102470283378 0.0743243894443177 -0.527969536626681 0.191735358744442
-0.0880966912436692 0.0674476992947162 -0.339367063023153 -0.000955110761089089
0.00948350060667682 0.113764489526779 0.172643323285223 0.00987615994826228
0.0374103502308429 0.025084918813606 0.0322669140118074 -0.204752272368507
-0.0063186160495097 -0.00563536314440902 -0.20814203840456 -0.104153679950038
-0.0466418544343542 0.0271977506420062 -0.263338638273325 0.0624233277050944
-0.0152490720078368 0.0601713926326243 -0.195717591344983 0.154415374508559
0.0117927062385466 0.0723634473190803 -0.146069264206703 0.134015814481262
0.0276570372856402 0.0940627575384255 -0.124302895829148 0.0667904701395383
0.000579144148575559 0.10771533978224 -0.0735377829683077 -0.00535630221133945
-0.0558208432038637 0.103680563095634 0.0218876321800622 -0.10200236926599
-0.116973150445973 0.0285944412801993 0.195143901403808 -0.0677309862502307
-0.0823168952541007 -0.0710548778214199 0.285576740110146 0.172678912619168
0.0285559883420717 -0.110904428466877 0.0298632572268007 0.482469995922498
0.0929616037006929 0.0183316014325643 -0.364196656210402 0.435226724152876
-0.00976388618510472 0.089877926382707 -0.554407089343858 0.129177516803685
-0.0922244517075742 0.0859328539649513 -0.319187542315288 -0.0439515705499723
0.0318805105691789 0.116761715416172 0.165106885319229 -0.0357215121039481
0.0694978654857456 0.00660454411030822 -0.00326655593949026 -0.22346073707468
0.000689098176641237 -0.0403657968376474 -0.236225575457589 -0.0913524723460164
-0.0717177952307481 0.00903521373838016 -0.27773763370945 0.0907920053731699
-0.0335555245061384 0.0683669483644658 -0.188187453272894 0.189530568212195
0.014541352939807 0.081846997996084 -0.128927155836127 0.16836331738138
0.0511682921929215 0.0986619093936779 -0.103980914308253 0.104174151656453
0.0416791577292695 0.11458305401896 -0.0598190850705548 0.033703337383516
-0.0115031538222111 0.12242789082091 0.014379202305063 -0.0558798521243984
-0.0891102141174151 0.0724555731844366 0.15517330247487 -0.0399332872585161
-0.0938873332241734 -0.0178774703323092 0.235275191626319 0.162640069741768
-0.0143695347047025 -0.0920501939036607 0.0133326070727211 0.440413244327899
0.0745588932066966 -0.00539045760504681 -0.344584235519945 0.401730078241993
0.0110439032447777 0.0787815947619447 -0.526344041979156 0.116859903632889
-0.0698514501323412 0.0975543678125638 -0.279148429797215 -0.0738895997704079
0.042766876228105 0.102406521218325 0.167859077877766 -0.0737043075369348
0.0900253459653194 -0.00225184218822115 0.00168903894484511 -0.249585526809993
0.0170143933585254 -0.0670873676379085 -0.244238791406386 -0.135658880487024
-0.0821825316640743 -0.0163237467951761 -0.31670875394544 0.0606281564569249
-0.0511462349794229 0.062587483457525 -0.227778640230363 0.198931914113979
0.00944408398964429 0.0790117396992047 -0.139444928445045 0.199005539363909
0.0620404386815588 0.0914784774050869 -0.0881467588620656 0.139493910586114
0.0755864074006465 0.103209202622601 -0.0343160013229645 0.0702476443465649
0.0404964228476066 0.119174691661428 0.0280682828210753 -0.00965677281245627
-0.0357091107053549 0.105755938757118 0.139243215955281 -0.0130610838852623
-0.0829537539404025 0.0472805307293326 0.218893998189831 0.146581603818822
-0.0643398404879669 -0.0464490811950237 0.0552132934410591 0.405094337068836
0.035395217496243 -0.0313582386312884 -0.263410774776984 0.397051004496778
0.0355122175447745 0.0472445768244815 -0.468790719210465 0.145281038099445
-0.0263756946767716 0.0947159110428958 -0.239325682684525 -0.0933812472995017
0.0432247174018881 0.073745274187867 0.188180406463333 -0.0952905970132178
0.0900223695422309 -0.00409665758947061 0.06258646111577 -0.279621987225984
0.0331550001393468 -0.0733025465956715 -0.213109184922358 -0.238403314267503
-0.0726213723887644 -0.0343804765373586 -0.364116431287472 -0.0421759561569172
-0.0530775920856679 0.051844392573132 -0.305877242711343 0.168836910088811
0.0100937167161398 0.0675750746725966 -0.182244187117902 0.219528538342362
0.0668968417795885 0.0719818840516943 -0.0837732824287267 0.168060147316745
0.0967144111256932 0.0767321349993661 -0.00360922858860535 0.0978506645610532
0.0821989814347911 0.0946227379806313 0.062805302268143 0.0273223206249316
0.0222985726753401 0.108434879556592 0.155787920763999 0.00940273429382275
-0.0447129903154395 0.091273789039826 0.237405748298632 0.126028757299125
-0.0859484360616148 0.00643439169680122 0.131881220276549 0.369411090020525
-0.00512479176593329 -0.0443220460191657 -0.153296305851865 0.398333349237648
0.0506474400101441 0.00485570536263622 -0.396144356299913 0.182143112017876
0.0217573777843586 0.0715584240821394 -0.212077587435084 -0.107011387877257
0.0427392821213477 0.0320796228856966 0.226145700435218 -0.0958090845491277
0.066177114721737 -0.0122113149961915 0.177566217073325 -0.291544327284247
0.0289830290230414 -0.0585843691000979 -0.11642063439699 -0.371454265467375
-0.0507922891912691 -0.0222871876858418 -0.378053002639932 -0.203473327724194
-0.0299469556215423 0.0487918617716094 -0.39545755423514 0.0904290244268635
0.0270957790912467 0.0508138093328244 -0.238971535472532 0.221199608624857
0.0715877230958799 0.0423622227116561 -0.0835185242736058 0.186980437584592
0.103558867566824 0.0375369503837922 0.0279166223719876 0.112630222982186
0.0998357017052248 0.0527865029433363 0.105771093656503 0.0453681832316885
0.0598085657180809 0.0786171989720182 0.191112693864337 0.0134995988633796
-0.00219185571103056 0.0924128362930265 0.275420998848587 0.089474514786663
-0.072688022074778 0.0351179122894779 0.217484972495942 0.311133657603751
-0.0276733180665767 -0.0446998637137974 -0.040046912940876 0.375236240505788
0.0524559140748839 -0.0353429811694238 -0.31521186975681 0.209972463040754
0.0583719032447904 0.0275981826826918 -0.198860313846065 -0.113161289250859
-0.0555784087229037 0.0093972259173207 0.180274538199075 0.122843039016505
-0.0581283834809928 0.0527558731023764 0.258540009655664 -0.171117412404077
0.0176590890335426 0.0510329542009265 -0.0331379002560393 -0.341001493009001
0.0348892858910226 -0.0189657590054712 -0.275841687821616 -0.226087020322349
-0.0200270589883221 -0.0472433479893156 -0.312198631537086 -0.0226120784218752
-0.068881288696604 -0.0257505159368984 -0.213645524041018 0.0377314577451234
-0.0909789211977175 0.00518122531510307 -0.128969525045247 -0.0199747030850524
-0.0960367629265034 0.00791679145902243 -0.0383451415243553 -0.079752610241659
-0.0867843151488585 -0.00463027634792759 0.0766752496051482 -0.165995421535051
-0.0562982083610683 -0.0447114283120489 0.254436331449196 -0.156778203678409
0.00791132455191393 -0.0501973996594323 0.404814811726213 0.00715463166654728
0.0382725548482689 0.00719700596840207 0.33177778970722 0.338169186945676
-0.019363191463361 0.0596048667864972 0.00574523476754669 0.47208372784229
-0.0720160561541159 0.0151814332703968 -0.28331885689692 0.327546922251693
-0.056706257090767 -0.00438712915268218 -0.293996905355635 0.106273152958231
-0.0447430991617519 0.0582998872502422 0.18388188958331 0.0939638044526124
-0.0306320109724092 0.0599420572805789 0.174053626285095 -0.185729048849575
0.0109193649092384 0.0441995038308112 -0.113879792383052 -0.250759959334695
0.00922662785523237 0.00589533490843697 -0.286725097317116 -0.110987850287588
-0.0172913976450227 -0.00193777205740526 -0.282424132378038 0.0462127533742275
-0.0406815030429241 0.0185296925546645 -0.205426122000266 0.0689514987783754
-0.052352555104711 0.0457148123079816 -0.144036643177818 0.00206155563984175
-0.0718747518744936 0.0493685941378038 -0.0614459064975728 -0.0650826537913489
-0.0900160941498884 0.0345935194803884 0.0619794109404431 -0.157914804264922
-0.0930575101436126 -0.0282980443731874 0.260083580477525 -0.127746629255531
-0.0305117864619966 -0.0727513982540244 0.399353136950609 0.0939304577548796
0.0378525280897094 -0.0516890747115996 0.232861210024918 0.454357527938269
0.0307315811922515 0.037573558238913 -0.161137128574316 0.518398970011839
-0.043180146302056 0.0448110913625849 -0.429702304091705 0.275873153139944
-0.071541978708936 0.0374839748734777 -0.329712490205329 0.0562071378853367
-0.0177735184216963 0.0928035291102433 0.178702723637977 0.0517654487219353
0.00273014743676581 0.0463745741650672 0.0928794965304122 -0.192851671932484
-0.000500213979047951 0.0252174238165479 -0.168628100955383 -0.159465917447526
-0.0167734212239691 0.025575151992605 -0.270210962684132 -0.00585722896084955
-0.0105403743702559 0.0362383051890352 -0.230430875699744 0.108101470230618
-0.00745516302586667 0.0507829206564087 -0.173847086516762 0.102567879339591
-0.00792154226085145 0.0747028063642806 -0.138113073434021 0.033568279801568
-0.0376804317763603 0.0839515440815536 -0.073891072945057 -0.0390652397440433
-0.0801561053894094 0.0720605027650408 0.0395165472113174 -0.13465832571177
-0.115854355343649 -0.00549705415129496 0.232362910379137 -0.0976195897851201
-0.059931660629219 -0.0851678679418007 0.347051517890937 0.14807836165362
0.0419293804710384 -0.0955458537454277 0.120195861694219 0.490955582322721
0.0755315599757937 0.0273836542023692 -0.288729339268003 0.488924936825526
-0.023125019212463 0.0745472596686398 -0.517181037756124 0.198656512190112
-0.0857096883645131 0.0676266682021272 -0.334897371424918 0.00461156425290403
0.0116644528329112 0.11163430738993 0.170662083130113 0.00590240228951808
0.0373464167176379 0.0240697677874292 0.0280718954945901 -0.202818543692025
-0.00582394951480287 -0.00516525295063036 -0.207031258480656 -0.0982752960990035
-0.0453410407850564 0.0272331645985944 -0.258217468931931 0.0670986518240247
-0.0150215227378359 0.0625503004598541 -0.191068071474672 0.156313878844545
0.0128714563468419 0.0709083493383186 -0.140911847133197 0.135613732557417
0.0264664649411256 0.0929984691889134 -0.121386668595598 0.0685458261537613
0.00208218399196158 0.106007174967941 -0.0735140426195632 -0.00427190425239099
-0.0527101551951525 0.102770636740707 0.0196590922447559 -0.100114385166234
-0.11528156376825 0.0294028703962352 0.191278956976197 -0.0715873591860247
-0.0817422976695724 -0.0676849239197722 0.284518732579614 0.16522142862659
0.0277085612327296 -0.110330463979545 0.0392411309319037 0.474477927828311
0.0924896008533832 0.0150689981436824 -0.348590467994332 0.437780424350247
-0.00762927744728282 0.0888791725368248 -0.542972923549371 0.137735444407619
-0.0893758777564055 0.0878147805341539 -0.314395311042067 -0.0392018737382547
0.0334768380207493 0.114247475996433 0.16236286676259 -0.0393908021926818
0.068921953146048 0.00526163626915689 -0.00774421251783905 -0.221027900869821
0.000473946177451548 -0.0401539574944044 -0.234827896241519 -0.0847048067779172
-0.0704660605055012 0.0107265392466465 -0.2717198226829 0.0952702596724024
-0.0320848390078385 0.0677371949596249 -0.181952148228938 0.19057316949744
0.0154693419505361 0.0799718626454673 -0.123320276719535 0.167871176747875
0.0518260169906051 0.0971735794979129 -0.100586838216145 0.105104661967348
0.0425205688346563 0.112027619910692 -0.0577103440511165 0.0348988285480797
-0.00816542299868267 0.120209705708117 0.012695967723219 -0.0556062494600907
-0.0866335074142368 0.0728589923554773 0.15247148621551 -0.0443684274507665
-0.0929706081889548 -0.0168898144247099 0.234994792297542 0.157036406833038
-0.0162917686319512 -0.0909734126681854 0.0235532626570488 0.435007293355133
0.0741021627290526 -0.00612464467090313 -0.330432455197901 0.40209719219533
0.0133268747945027 0.0777895727316437 -0.51692260036501 0.124751674739103
-0.0673361820322449 0.097376584644329 -0.276748213499409 -0.0677987632418733
0.0439159048396541 0.0993878332970436 0.164398998671598 -0.0762525528790638
0.0887744647848446 -0.00414792592759422 -0.00300193452648236 -0.245914742188655
0.0160008180647863 -0.0664572877372131 -0.243550599007012 -0.127902679523059
-0.0812665703133885 -0.0149879730523177 -0.310451976556908 0.0663738440668976
-0.0492804925114158 0.0625050748465719 -0.220321470877099 0.201836767972007
0.010503175684276 0.0777334830990796 -0.133879690569279 0.199401029390684
0.0633038643402592 0.0886723019250962 -0.085102858685347 0.139796658081377
0.0758661026841169 0.100095513783037 -0.0322403981474375 0.0700327210608669
0.0425564102643572 0.116392954155173 0.0272899457912643 -0.00952246893875279
-0.0331612401078031 0.104691534736345 0.136712682135304 -0.0162283206691755
-0.0802384219935273 0.0479611674227257 0.218378927591174 0.140410954076788
-0.0638824243816986 -0.0443297213081888 0.0622452703404607 0.398190900098152
0.0346259249166755 -0.03103564356341 -0.25173853435894 0.39478275329752
0.0357575265162914 0.0460378546000792 -0.459632503402779 0.152026928482146
-0.0256602445509179 0.0932513967571738 -0.237820910745215 -0.0868860096066241
0.0438502537173622 0.0715057625411671 0.184262135466548 -0.0969416894375616
0.0887744909047052 -0.00573083452388213 0.0562893224510225 -0.276633399546837
0.0316210756582353 -0.0732112996122581 -0.213867000066867 -0.230666377465854
-0.0723856473983186 -0.0326819047100826 -0.358605201096804 -0.0342789928353125
-0.0515652635645107 0.0520443373902103 -0.297903137986332 0.172042548023486
0.0109869833593597 0.0658851029419055 -0.175446879382005 0.220676435204252
0.067046112184995 0.0691959949544801 -0.0797095282758001 0.167699491569065
0.0966055901149632 0.0730690658911305 -0.00205781711083158 0.0960196601983813
0.0826827978587122 0.0908167691456741 0.0624089024494473 0.0256973512548601
0.024354713272895 0.106230413313052 0.153668228701287 0.00606676835657211
-0.0425629125052177 0.09093276606379 0.237070356810717 0.119187942787202
-0.0841839876542511 0.00809055427894189 0.137331707140759 0.36038500134561
-0.00567226221952138 -0.0435398402278808 -0.143689961535704 0.395293163805623
0.0500430614254234 0.00374013691236622 -0.38708653604021 0.187843983073704
0.0227428963770692 0.0696536813624458 -0.211638448574405 -0.101353116726089
0.0429584804658559 0.0304006253930274 0.221590518002627 -0.0987662559511995
0.0651424131901732 -0.0140830004030084 0.169986362651155 -0.290617038192979
0.0273315118807887 -0.0586919982107507 -0.121909190310605 -0.363765140256695
-0.051019123041874 -0.0211895976862591 -0.377441849304483 -0.193749339866535
-0.0283626319959373 0.0491526256350931 -0.386973950488617 0.096945204358618
0.0274932023787934 0.0492398775250452 -0.231359272425794 0.222546438197439
0.0713338675951739 0.039754504715387 -0.0792429966332882 0.185370606875669
0.102336587228664 0.0348476972137348 0.028358809842613 0.110147946047795
0.0995618196777301 0.0498486551957287 0.105024694989528 0.0421013022812545
0.060685080135251 0.0763316267132949 0.188635027637364 0.00916425160457269
-0.000556239021494237 0.0909659617593182 0.272057055566805 0.0829863648217768
-0.0706223987570327 0.0357738687404343 0.220626520901132 0.301663384687895
-0.0283004065633363 -0.0436113535514861 -0.0325396837965782 0.370626930106357
0.0512634046927408 -0.0365490976144986 -0.305672030952415 0.213345170899122
0.0581516252213772 0.0259326013217302 -0.199052299051969 -0.107443909385783
-0.0544476603416783 0.0102215095735141 0.180234438763571 0.117147161923542
-0.0561689876259009 0.0531882194365892 0.251620478637326 -0.173189796007151
0.0188040265678885 0.0502005222394072 -0.0390117788259645 -0.33541623826857
0.0338743172323019 -0.0191629525028498 -0.27611559561701 -0.216887879490544
-0.0205565143992831 -0.0461411665653846 -0.307612562332182 -0.0150708287004086
-0.0685247420687931 -0.0237376462000047 -0.209295807587456 0.0423073121730465
-0.0891997514099681 0.00716476611260629 -0.126778994944686 -0.0161588119998111
-0.0948384899777274 0.00991368262229868 -0.0385245177906813 -0.078013367872672
-0.0856715421161227 -0.00290486844611574 0.0736979377298762 -0.164758322140502
-0.0565185853845247 -0.0426959792850657 0.247746443937148 -0.159328806404888
0.00696909326310426 -0.0498363462089038 0.399304801916271 -0.00109690475427956
0.0377473714934247 0.00656369692668991 0.334054230457068 0.326911964396174
-0.0176911781802991 0.0593085218674096 0.0143101016269055 0.464197333923011
-0.0706934001972151 0.0166856119141154 -0.273301948459101 0.326894626070594
-0.0555640838459106 -0.00293291747492356 -0.288376234367393 0.110251175749064
-0.0430801093102659 0.0579777522583282 0.18277326822316 0.0889749024258548
-0.0290498045146894 0.0599620787274437 0.168156747577598 -0.186514461295339
0.012394587702327 0.0435301836195569 -0.11680560900963 -0.244298634706275
0.00908142764203463 0.00550904029701534 -0.285045171131234 -0.103816845371448
-0.0173465124526336 -0.00107291282759247 -0.277621667418278 0.0513530528257092
-0.0397997927471206 0.0186873369884341 -0.199872045241409 0.0733383309130801
-0.0509367792225422 0.0456821045466308 -0.141242506923978 0.00537424797929093
-0.0702460466690738 0.0501541334811681 -0.0617038386780528 -0.0631915408796408
-0.0881676043712733 0.0361537420866852 0.0591733726267777 -0.156292112724739
-0.0919830539804972 -0.0258671723149747 0.253722697836357 -0.130367743624143
-0.0315495829419413 -0.0710821836604793 0.393951703040341 0.0868424238253857
0.0362061111862661 -0.051734220211708 0.237609784478532 0.442877424460383
0.0315836736589506 0.0363527930405608 -0.149602692596444 0.512461339142879
-0.0422671804627312 0.0453977966302702 -0.416253065068876 0.279782580191957
-0.0702856475990844 0.0389367102505935 -0.324026688022552 0.0615486627539256
-0.0161317471284441 0.0920244638177682 0.177500461032128 0.0474640601545904
0.00374184228419072 0.045507400316893 0.0875378499885873 -0.191049438141917
0.000651192686569079 0.0246560673587198 -0.168852248668202 -0.153312431557996
-0.0163847582087033 0.0251459944270257 -0.266303918125677 0.000262718439360962
-0.00946121417061449 0.0360241279264789 -0.22523751892329 0.110955759121895
-0.00675124863550011 0.0501224302310595 -0.168893036934099 0.105055763816603
-0.0066721831717673 0.0731029721859166 -0.136185180081889 0.0356846521263121
-0.0355574023623297 0.0832321209014479 -0.0729166599893113 -0.0369476787115083
-0.0780877588229534 0.072550462382927 0.0365812742337883 -0.133104796824766
-0.114673692295251 -0.0036199679186669 0.226987024521972 -0.101007555638406
-0.0606811828808659 -0.0833949583153626 0.343794815365487 0.138919357591873
0.039839953573162 -0.0952714702433685 0.126585101842023 0.480533806763998
0.0754777534955738 0.0258819412079353 -0.275796838505346 0.487124334560591
-0.0221453644500346 0.0741062713748495 -0.50491300270491 0.204956777404704
-0.0837111892359088 0.0684888597264943 -0.330502456680538 0.0107744757268496
0.0130057772882899 0.109948300227313 0.168541749042081 0.00264223064619638
0.0374325851189244 0.0224415496301046 0.0237219531306302 -0.200409643067555
-0.00505569519085786 -0.00562379366796788 -0.206231790979627 -0.0996694660477587
-0.0445719929694085 0.0275181604676167 -0.253002232493475 0.0714017330661539
-0.0127741898454045 0.0590219471825476 -0.18468919614824 0.158284556101052
0.013675909212727 0.0697471484905056 -0.136489468243541 0.137118428466426
0.0304731263295786 0.0893915241018576 -0.118359312454711 0.0702571822944083
0.00483937514491184 0.104262896553949 -0.0712779883711923 -0.00420668383081478
-0.0508944474307378 0.101673198134894 0.0175856568885158 -0.0996218916616725
-0.113927869635449 0.0313966202551036 0.186826771949103 -0.0751788662924831
-0.0810425483833677 -0.0666081866043027 0.282116534220916 0.156391643501803
0.0250609073348935 -0.109270639746338 0.046591144707056 0.466132008328565
0.0914852555964073 0.0170626383783358 -0.336353784193414 0.434794884072551
-0.00597881340488775 0.0880042086624197 -0.534188903450751 0.146646165168302
-0.0862135643127655 0.0879345970296494 -0.311271061180566 -0.0319285514672129
0.0337534840983977 0.112376771721874 0.160850854374864 -0.0415721482492711
0.0684463552416359 0.00378523385964808 -0.0120147393042817 -0.216847239694915
-0.000863922456322242 -0.0393095384026692 -0.23214166465263 -0.0788886038184173
-0.0699476285290019 0.0118330420062518 -0.26556281122708 0.100305473375521
-0.0301947597351537 0.0677431170843388 -0.175629623271605 0.19177151108093
0.0167642053419969 0.078014578258635 -0.118790305768142 0.168634775928883
0.0531479650839558 0.0947359244399162 -0.0971838110211862 0.105563228002746
0.0437604921269135 0.109425459328849 -0.056432198521246 0.034841838889989
-0.00620116659915385 0.118983517932986 0.011516551415309 -0.0557848761654547
-0.0843659371983873 0.0730959558995813 0.149060160619016 -0.0476999834004426
-0.0921483661884973 -0.0151840545880509 0.234678118476887 0.14900206585729
-0.0172169749426828 -0.0889038615427056 0.0303553371879663 0.427483720657188
0.0743342267276376 -0.00748757961999406 -0.317472228376546 0.401608244485218
0.0149408618039407 0.0768081644612291 -0.507268269043835 0.133149204762774
-0.0659486872727823 0.0969916264499824 -0.273912968995649 -0.0617469995299846
0.0454390227478272 0.0974507423877285 0.160737159668366 -0.078008223602517
0.0873106944133536 -0.00585907164091171 -0.00755275430761756 -0.242931163675252
0.0149985560189056 -0.0653768902047699 -0.241883858314073 -0.121781708821639
-0.0803934542236955 -0.0131477477779274 -0.304795584319598 0.0713361099016092
-0.0475410816237851 0.0627182994502004 -0.21243783883753 0.202658399448375
0.0118125388416386 0.0763125947932985 -0.128048102524887 0.199334247841388
0.0635105597294271 0.0854185827057396 -0.081766628626251 0.1387603426368
0.0765885558090656 0.0969265006188331 -0.030786520432754 0.0687147607568474
0.0441367860006374 0.113450965302709 0.0267701143784509 -0.010842887353853
-0.0303383194632059 0.103493545883787 0.134209983964922 -0.0188514634949218
-0.0780553756841173 0.0483847040129591 0.218223036094311 0.133593997292476
-0.0641251671688837 -0.0423123793603307 0.0696821668583113 0.390280594840138
0.0344128992760909 -0.0311399373512838 -0.239962253306307 0.393870650139831
0.03599856291746 0.0440274519195694 -0.450820820569213 0.157722283092573
-0.023715769398128 0.092248283931036 -0.236954882283154 -0.0814402438100338
0.044665059189487 0.0692902728077227 0.180230713618322 -0.098703886297055
0.0874830972143728 -0.00796971708836432 0.0509426246504531 -0.273380862453301
0.0302352730592842 -0.0728826280454573 -0.215088718798217 -0.223430089905648
-0.0718452753122766 -0.0305181761417893 -0.354276900936006 -0.0267763415649189
-0.0496169257271021 0.0524982818059191 -0.291259083458151 0.175416284188297
0.01159526935464 0.0647827613728352 -0.16854188049955 0.221204511952488
0.067237728928907 0.0666033568164307 -0.0759624825964537 0.166577940653812
0.0962739669676534 0.0698458983842547 -0.000799913822876575 0.0949311298054008
0.0833702274681473 0.0880039313638207 0.0618129344963535 0.0233579179146519
0.0256370437766689 0.104097761267189 0.150848719122364 0.00231553611043157
-0.0395566482127721 0.0901899768855704 0.235548712791219 0.11241355470516
-0.0822830716353182 0.00919515025643214 0.143346201101187 0.352044196532014
-0.00657708128477363 -0.0425656857433419 -0.134789824924872 0.391667370778199
0.0486593342250961 0.00210597683351055 -0.377004168244087 0.193618823657059
0.0231854026093353 0.0678861738071752 -0.211329708185364 -0.0961489726036971
0.0427114124922629 0.0288891557567399 0.216692556271877 -0.10070026045921
0.0641636775887512 -0.0154887986719572 0.162522622696291 -0.289021329510037
0.0254636219696637 -0.0585084875545182 -0.126899960434412 -0.357090630700332
-0.0506211093616216 -0.0202039962374808 -0.373554441121069 -0.184345555063724
-0.0269860040497344 0.0484867199335583 -0.378520692308669 0.104099744191648
0.0278248396047118 0.048298141596534 -0.223803161948469 0.224930912100811
0.0714892271783266 0.0374186698236519 -0.0752145986891931 0.18452051735452
0.101116379576964 0.0317474699761756 0.029989606164731 0.10865393743665
0.0995894913512873 0.0469944535983038 0.103656683793903 0.039393462966212
0.0612637916073055 0.0748112467253173 0.185502700304016 0.0048042343008319
0.00137054755445611 0.0897417131932157 0.269281929645861 0.0755155852562181
-0.0684469828144254 0.0373218403219906 0.223375318052654 0.292120093855077
-0.0286552950228089 -0.0422982167255326 -0.0255603007252636 0.365417267766966
0.0490309447098506 -0.037267287282211 -0.297269958240259 0.216407574297381
0.0570965820003479 0.0243684035015026 -0.19877845155163 -0.101707437260387
-0.0535735588486785 0.0106598922359395 0.179771066275076 0.111262924380732
-0.054534290770833 0.0538318927974296 0.2448006878361 -0.175690979679734
0.0196575590214702 0.0486319033520008 -0.0443068301313501 -0.330589276781363
0.0329384804835908 -0.0193498556915153 -0.27590926416464 -0.207720913375585
-0.0216214734941647 -0.0450208915988733 -0.303165997323834 -0.00869298605344673
-0.0679678681354676 -0.0222304026753238 -0.205196517420815 0.0461383691968494
-0.0883784540825722 0.00841636622112016 -0.125153165356316 -0.0130496572896558
-0.0929712598394646 0.0114611619371652 -0.0394288564921602 -0.0753795851753995
-0.0843103376781597 -0.000683601972631146 0.0693506489281553 -0.163484361764398
-0.0563786090275055 -0.0409136121288235 0.242187025240571 -0.162134038135444
0.00586043411401841 -0.0491248070274544 0.392840121868069 -0.00859859221444385
0.0376409033654799 0.00532115005765487 0.334998585693124 0.315996911244925
-0.016110028389547 0.0585319557018726 0.022769525839076 0.456766972618182
-0.069502304704227 0.0179602387850507 -0.264493060301774 0.328930508711603
-0.0548624142985254 -0.00158700082173637 -0.282269884803591 0.113886947716861
-0.0413192270016965 0.0580288399955131 0.181543869353869 0.084302665003424
-0.0275678917754943 0.0598602836544159 0.162156709918363 -0.186035365261594
0.0129841878478987 0.0421321311007097 -0.119728957893236 -0.238720082169347
0.00920571440997107 0.00536728402288025 -0.28135018784117 -0.0963484945833221
-0.0172244323970485 -0.000948772440080999 -0.272209663677575 0.0558161466168675
-0.0391218909649914 0.0194234865388552 -0.195121074140484 0.0760883846438052
-0.0501570814719794 0.0459722309425461 -0.139310161628336 0.00790036505141419
-0.0690031793751557 0.0508762894897989 -0.0613731792012681 -0.0615102729092246
-0.0869598734629973 0.0372149971651105 0.0551060522425312 -0.154934825895998
-0.0911797595101013 -0.0243999138880809 0.24726560654488 -0.133203435790116
-0.0324782272308729 -0.0702967662984334 0.391032919000276 0.0778767370351328
0.0348250193076623 -0.0517258409581745 0.242198937316034 0.43137707095848
0.0323122011938918 0.0353207456534527 -0.136797819380941 0.507217894156104
-0.0412059686976332 0.0458047809950768 -0.407405862542666 0.282492431239899
-0.0684243324099061 0.039858046234899 -0.319124923942625 0.065563002936575
-0.0146212990963393 0.0909966975596977 0.175664344159363 0.0433583762553703
0.00422847246320346 0.0450363443455289 0.0823969156487197 -0.190201839795502
0.00184384689378582 0.0243329001096372 -0.169469145938585 -0.148094511789089
-0.0153182029819255 0.0252809242958202 -0.261886954964565 0.00509997554795171
-0.0088502095315403 0.0353494769036988 -0.21976274887246 0.113492846721954
-0.00578544851051816 0.0497105871963569 -0.163893975103311 0.107154696316343
-0.00545856166737735 0.0726660593042774 -0.132880116070856 0.0385986177461721
-0.0338197099081402 0.0822152226332214 -0.0730575797204081 -0.0351745440192128
-0.0755499025181072 0.0727440284159725 0.0343699279934279 -0.131645852516166
-0.112992567037841 -0.00126569849814203 0.221593125929684 -0.103645603943573
-0.061118641116591 -0.0811900853797433 0.342196532795641 0.131126326065542
0.037287980697528 -0.0946805511626564 0.134679642553008 0.470710077386697
0.0758278795119977 0.0241846685042648 -0.262780468529636 0.483735529921164
-0.020078441973672 0.0730263846987012 -0.49366489781502 0.210634053267061
-0.0817359212621511 0.0696894343421126 -0.326024160245024 0.0162939030781667
0.0144498592510511 0.107114094364102 0.166657341207726 -0.000692053914803106
0.0372756081874946 0.0219576933026771 0.0191545007285011 -0.197585372634842
-0.00461433286243755 -0.00480797295145199 -0.204003121965627 -0.0871047793887585
-0.0428701914676254 0.0282375534191613 -0.247004555164176 0.0758815064650358
-0.0118206212455715 0.0584352866610178 -0.177492592049158 0.159265093285965
0.0146080546647139 0.0684249398094926 -0.131339870023712 0.137669444351492
0.0307805312485186 0.0877717472314016 -0.115512798112073 0.0713981879703733
0.00510854230247108 0.102502236972914 -0.0701575013185299 -0.00188194730769739
-0.0486961149906231 0.101564730098854 0.0160674903272417 -0.0975342051137548
-0.111579404123944 0.0331894530286812 0.183353888780354 -0.076211513564566
-0.0820470598814825 -0.0634884785036667 0.282509611348811 0.148623516641607
0.0246320127706408 -0.106043868119761 0.0575297689336436 0.458932985500984
0.0907673279725064 0.0139593888275019 -0.326208344288764 0.434291911494617
-0.00455155141341661 0.0874583400310466 -0.52307422893465 0.154145254896175
-0.0833507134084288 0.0871221773980977 -0.308012890478011 -0.0267874958199834
0.0361255511133101 0.109126106323196 0.156312418861313 -0.0440756560348563
0.0667029818009771 0.00275813839136453 -0.0159624882017192 -0.21435625164849
-0.000222764675305396 -0.0396751564351633 -0.230753432528514 -0.0738049673779432
-0.0687221004285159 0.0128031976297392 -0.25918830265543 0.103533416507968
-0.0284125040042536 0.0667535433910312 -0.168449546410186 0.192188625744818
0.0175001834219758 0.0772490234557838 -0.11311402424291 0.169349584734271
0.0536034997292719 0.0918381734690393 -0.0945707677394274 0.106269397142501
0.0447661378507265 0.105762020486931 -0.056004396616759 0.0351663508280311
-0.00420444064452482 0.116744642991884 0.00953528297405512 -0.0543864763072113
-0.0810978934210516 0.0729437778498281 0.144834602477592 -0.048434514866381
-0.0903353421249132 -0.0130381473185469 0.233103132053244 0.142297169162941
-0.0191307260846159 -0.087317188174443 0.0381920851295422 0.4198832623663
0.0729786989133244 -0.00762698317376247 -0.306983629638806 0.401226309282388
0.0150003973140314 0.0750886852771787 -0.495465542396252 0.141914575125225
-0.0631373913339439 0.0965678528377332 -0.272092257956995 -0.0554272700315398
0.0460217713882769 0.0947975635958926 0.157799012978704 -0.0799933988559488
0.0860189939840448 -0.00742836350771733 -0.0119546410939333 -0.239179480038465
0.0136351630546543 -0.0651507047319199 -0.240400453227422 -0.114996599000171
-0.079786248561215 -0.0118027453919082 -0.298503323227164 0.0762294792648305
-0.0457129803823904 0.0629784007562775 -0.205359605182361 0.203809147316177
0.0131690550800984 0.0748704220522622 -0.122571205022425 0.199428595404371
0.0638136781662121 0.0831070281238854 -0.077556691988136 0.138422411547582
0.0769373588468873 0.0933555288739646 -0.029729737328317 0.0688393234081744
0.0454238518720444 0.111102407510895 0.0258175308939504 -0.0117287429037127
-0.0289496094598874 0.102222681474962 0.13111735663291 -0.0210343303352407
-0.0761011868124169 0.0484015560174579 0.216659718333328 0.127225737694579
-0.0633905605649381 -0.040744936289655 0.0742442977209067 0.382852559423482
0.0332210538922721 -0.0312898596005095 -0.231124132424798 0.392442314921201
0.0355308071168567 0.0426905723824744 -0.439800417446242 0.165152136962887
-0.0218820889835617 0.0913417546901421 -0.23549787348652 -0.0758406100389243
0.0454282468534237 0.0674470073712959 0.176172612239795 -0.101044049353041
0.0858650804019958 -0.00920194756304508 0.045189245202059 -0.270800965670119
0.0290049310129558 -0.0726739586544964 -0.215857855445065 -0.215998613406889
-0.0714869979362933 -0.0292441587840719 -0.349411994062787 -0.020461803679245
-0.04805688687577 0.0521798797858531 -0.28358188485371 0.178592859822976
0.0129933462922795 0.0638317482845 -0.161573915247836 0.221375502837864
0.0677317460454938 0.0642233012257852 -0.0717358982931186 0.165604034833751
0.0960261833962271 0.0667278810340179 0.00101557641447742 0.0932479385683364
0.0842401582901584 0.0845517112062171 0.0606721773809173 0.0213198823627286
0.0275050521648999 0.102108181640417 0.148469767374947 -0.00079481030655069
-0.037669507589632 0.0891677761416801 0.233981262545722 0.10614234631813
-0.0806743797566331 0.0104997890811612 0.148403752177288 0.34277686687722
-0.007063714184558 -0.0419490371689804 -0.125010868218471 0.388909978712488
0.0482160104107924 0.000943491379310105 -0.368728803594963 0.197127189371879
0.0235988433350184 0.0661424545561384 -0.210010383322639 -0.0901054872937748
0.042695231293703 0.0275082432708139 0.212077706677428 -0.102723668723521
0.0629361043453344 -0.0167095342095911 0.155227865647506 -0.287506520931751
0.0244983040415195 -0.0583114556848684 -0.130343210224227 -0.348298780912824
-0.0502951084916035 -0.0185824808474645 -0.372106296720509 -0.174931920992596
-0.0254198594001477 0.0483828191107339 -0.37268011926476 0.108950037770625
0.0290121731363103 0.0467980007777537 -0.216586317807381 0.225876616207043
0.0704034711795323 0.0353401083311287 -0.0707819427714894 0.182924891798599
0.100829503471924 0.0288632458068404 0.030642944740174 0.10547750700578
0.0987724003080683 0.0438215469968635 0.10321666057521 0.035454816774603
0.0620317476119068 0.0722971058090037 0.182117482822618 0.000751435962409272
0.00296116976988218 0.0880190031540716 0.266025416562035 0.0691424536236115
-0.0675102508301419 0.0382333052012736 0.225665697618747 0.28312239574161
-0.0286648291583681 -0.0414930057260245 -0.0185449540773991 0.359466659034571
0.0476435617337066 -0.037702127988656 -0.288447958831847 0.218545450220588
0.0562411397383199 0.0222217504090244 -0.198118822390472 -0.0959300157272455
-0.0527121172552148 0.011869267895506 0.179038886635348 0.106959076139573
-0.0528063526752307 0.054030368955149 0.238399345110485 -0.177435265485463
0.020269063060027 0.0476475090188714 -0.0494744420875245 -0.324165612530069
0.0319283860594075 -0.0193629394032584 -0.275116567972225 -0.200245484485526
-0.0220938307606183 -0.0434897960754496 -0.298410509877072 -0.00313300910531896
-0.0670486068306377 -0.0207023147620871 -0.200795729537195 0.0493029019223936
-0.0866618906740261 0.0105900636252356 -0.123382371470208 -0.010499717219575
-0.0918094440009271 0.0137456956695178 -0.0400270106995477 -0.0738927995641629
-0.0836721046874682 0.00103252061532892 0.0655888052909263 -0.162515110693172
-0.0567861286065619 -0.0389515597921044 0.234879957503608 -0.163281057713677
0.00496689124409129 -0.0482550731279017 0.385992202705607 -0.0160494522119643
0.0366665498618837 0.00449748189117023 0.335182863683109 0.303520062311044
-0.0143866682413661 0.057979571526667 0.0313294521499623 0.449212024907441
-0.068515683229684 0.0190352927547824 -0.254345697047398 0.326605654608003
-0.0537338045307173 -0.000149941891115767 -0.276253582298051 0.116147002611043
-0.0399472702825733 0.0579205843890271 0.180384891521854 0.079600589677699
-0.025634826687806 0.0597659924782515 0.156627102587389 -0.186697739280603
0.0136573473894609 0.0416501001874405 -0.121888551249223 -0.233511350948986
0.00883445820308356 0.00509094709024133 -0.279757427923217 -0.0894820039337741
-0.0176648175760678 -0.000596320161601084 -0.267201241401581 0.0602468523924558
-0.0379182746220339 0.0195588782123239 -0.190680116911207 0.0792270233555192
-0.0485927060356575 0.0463442422671436 -0.136855942502462 0.0109007190588174
-0.0671547785298853 0.0517999997361258 -0.0612677438335947 -0.0595856766257712
-0.0842588687089059 0.0382135989307011 0.0522342798492115 -0.15367893579211
-0.0908034225016612 -0.0223498041610683 0.241352351343445 -0.136426712871198
-0.0332812929316915 -0.0689265519735989 0.386553593505406 0.0693205728518738
0.0329447797130504 -0.0519771962920898 0.246130348281402 0.419350291884801
0.033002646973522 0.03456340554636 -0.126942072904766 0.502004949318124
-0.039834405305738 0.0466403050488015 -0.394078504559108 0.283973309093219
-0.0666909742858722 0.0404288073790456 -0.31252145762692 0.0694356868250149
-0.0127817841134634 0.0896932913045973 0.17425202370598 0.0393892099558902
0.00522154211947803 0.0445563376506464 0.0778362356783857 -0.189033495792587
0.00249016767164951 0.0241348155149514 -0.168954141188206 -0.142664238863382
-0.0148323861467074 0.0253218003978124 -0.257723337048151 0.00948697706349069
-0.00835643248002903 0.0347960639759714 -0.213635556440545 0.116187628273706
-0.00484736257347904 0.0485932923020009 -0.159475609291053 0.108850849458574
-0.00456463641815679 0.0710574797872206 -0.130077830292646 0.0408533943588666
-0.0321680949412038 0.0812660248602829 -0.0718012329295771 -0.0333477366591126
-0.0737863703344067 0.0730717220043873 0.031135314407246 -0.130820917072298
-0.111907444871349 0.000270222525803441 0.216181790384932 -0.10577676497565
-0.0618037244798215 -0.0792002483574811 0.338509720585687 0.121849997839453
0.0353007394599417 -0.0943742287688203 0.140274536714131 0.460718490338675
0.0753612636704921 0.0225284428714104 -0.251155168438374 0.480114661567064
-0.0186597574953046 0.0728780609189838 -0.481476618897629 0.215640103787437
-0.0792675588303544 0.0697300864195472 -0.321304638776096 0.02156920057932
0.0158816264875428 0.105592153318391 0.16404872476808 -0.00409651729527915
0.0369033858319454 0.0211494281440346 0.0157004689418502 -0.195230198690791
-0.00457104986078152 -0.0049185600445635 -0.201965357627214 -0.0818156765583979
-0.0419061990290554 0.0283964381650077 -0.24195585299179 0.0790330670790619
-0.0109686025624272 0.0575757615053577 -0.172065654913575 0.160239822600337
0.0154630726442363 0.0672056527389459 -0.126726549976898 0.138659667585147
0.0311082108608424 0.0855552972329577 -0.112886947040352 0.0729639070196435
0.00680425764097729 0.100459992191775 -0.0698283365330716 -0.000506781412991009
-0.0458635985983727 0.100881668641684 0.0133829135653117 -0.0971570624603907
-0.109768030514861 0.0340886180897937 0.17769844844211 -0.0790261997728872
-0.0815915852576145 -0.0618215435520713 0.280902623258645 0.142007187829389
0.0206559560936437 -0.10727492014719 0.0642564518510488 0.450250300410475
0.0907233848190696 0.0130705263225232 -0.310396844069843 0.433736469947707
-0.00408661189051735 0.086045483195925 -0.511674756351162 0.15933109202167
-0.081590146029292 0.0876880384211546 -0.304463455328656 -0.0215092521142026
0.0373968406264132 0.106913841272739 0.155089031034268 -0.0465081294762885
0.0661777646515667 0.000869139499781243 -0.0189783163026998 -0.210449189444309
-0.000793485508812753 -0.0386258491345379 -0.228365966268874 -0.0678850294208296
-0.0674218661548106 0.0139130760081288 -0.253896107469267 0.106733718945639
-0.0270789854375853 0.0662739991872574 -0.16269950094701 0.192605650351311
0.018869879289689 0.0755470429415638 -0.108411160403405 0.169148981277281
0.054060301878998 0.0886869364013638 -0.091132551770492 0.106407835748231
0.0454764788555551 0.103333596062227 -0.0543557472500242 0.0354236457040659
-0.00272559832034191 0.115318902326466 0.00883174645734992 -0.0539751110676528
-0.0788035560968102 0.0740958113277404 0.142077755404741 -0.0506075844677415
-0.0887330502244894 -0.013565608650597 0.232077864298432 0.135899127362009
-0.0201291475016821 -0.0859521043119117 0.0449207844526842 0.412191096900654
0.0720176061446118 -0.0085160286033181 -0.295834928961451 0.400151765940998
0.0164780667854099 0.073592049724558 -0.486107022945965 0.147997858195717
-0.0613303751142241 0.0966367611058412 -0.268908292583728 -0.0501300289683301
0.0467627929147273 0.0925070435704547 0.154456314532372 -0.0813926833729289
0.0843711002990149 -0.00903283712604706 -0.0156644402203489 -0.235303119605624
0.0128420404984097 -0.0646599962745207 -0.238465976579036 -0.108765110626331
-0.0784831233754446 -0.0101879694629927 -0.292182701200742 0.0810626347314276
-0.0439319918179752 0.0626367759716217 -0.198731188268964 0.204355252850272
0.0138846213836945 0.0734708994087561 -0.117304208663556 0.199049425370549
0.0639759568476894 0.0805308981200034 -0.0743229451835063 0.138166445322334
0.0768903088924296 0.0901407104215922 -0.0286524252149253 0.0676861412661763
0.0469304084507016 0.10767904974496 0.0248337798075445 -0.0125168428948412
-0.0263517212094503 0.100630870308871 0.128413476351169 -0.0236004968758452
-0.0735684016713633 0.0482946206433096 0.215674161249621 0.121156241498651
-0.0625688676572885 -0.0388404174077477 0.0820134264729215 0.375019315671942
0.0323803615205486 -0.0308891263671613 -0.22072432778949 0.390441236507144
0.0354695326464395 0.0412987517726671 -0.429622852991858 0.171652410076233
-0.0206871615095213 0.0896787469434119 -0.23375067009853 -0.0701655654711131
0.0452248773733373 0.0651339693615609 0.172085894029155 -0.101982109474226
0.0843816442888673 -0.0111325412731705 0.0399808903706381 -0.267286398071163
0.0273227549699115 -0.0720292895739884 -0.216357931121124 -0.209080197714643
-0.0707973079487745 -0.027494513382808 -0.344374003255672 -0.0133323096681891
-0.0459102463690746 0.0526424750397157 -0.275998269504933 0.180449413525986
0.0138147518071699 0.0621943966285307 -0.155605276180949 0.221215094281223
0.0673116831674043 0.0618248843126835 -0.0677693188960823 0.164639149875651
0.0953286351159017 0.0630648150557247 0.00190510186193059 0.0915500442443951
0.0842719587967544 0.0816521528406291 0.0602447178360034 0.0192734090225977
0.0290369913026638 0.0998363749487231 0.145825330199823 -0.00367868090233221
-0.0351406877968651 0.0882174700041982 0.232114552962128 0.0997730301742093
-0.079864418376228 0.0115029266064002 0.15269337616764 0.334817125337946
-0.00710421224223107 -0.0411156056738276 -0.116603276089607 0.384226048355633
0.0469903390781856 -0.000351994719900901 -0.359915299004951 0.200805794863809
0.0237691058957267 0.0644444847926956 -0.209225860353236 -0.0845999877433369
0.0424559307628133 0.0260732553313593 0.20734884876202 -0.10553317101904
0.0614374445120335 -0.0172262655663288 0.147982554679895 -0.286371285294883
0.0233942349805925 -0.0578406812458017 -0.133843938062252 -0.340722092499795
-0.0499315441295107 -0.0177517812272179 -0.368393804586036 -0.166223271175982
-0.024068942790957 0.048300777936999 -0.363032158102959 0.113641996511019
0.0292639192468011 0.0451831729885388 -0.209280325181029 0.226929352618277
0.0706329250946845 0.0338227949837545 -0.0671674309587691 0.181512621201869
0.0997376719969674 0.0264613769316298 0.0316478231401882 0.103377357786979
0.0982109634463892 0.0404938402117703 0.100796201768993 0.0328248285147186
0.0625289500054554 0.0701306052029269 0.179387504641025 -0.00270420288671017
0.00470664878731491 0.0863430789283276 0.263691924204766 0.0625144699390934
-0.0655816741901648 0.0387949713263362 0.22799257706142 0.275068863160383
-0.0289421724169871 -0.0404226517955249 -0.0117615996375624 0.354529462390957
0.046132846041381 -0.0382434071073648 -0.280613901946283 0.221382892685098
0.0554132797988416 0.0209043358752043 -0.197048234147487 -0.0905831946553745
-0.0518009839801568 0.0128295222989882 0.177231455737981 0.101917374410252
-0.0505686515921018 0.0543095958913927 0.231088267901361 -0.17881206280234
0.0208967746872023 0.0465158700140849 -0.054529522435618 -0.31853183284103
0.0311611834832775 -0.019837376596424 -0.274056275304207 -0.192149816970275
-0.022313592505427 -0.0424138310579311 -0.294050718561828 0.0018306639195792
-0.0665995052767776 -0.0188827448413285 -0.196491435123422 0.0529927489887323
-0.0850714110091113 0.0118544300879665 -0.121315796064282 -0.00809708086475084
-0.090493486131079 0.014642434581047 -0.0398717788699973 -0.0722200106708507
-0.0820620841687905 0.00256449079601007 0.0618851913599669 -0.161409735435461
-0.0560229531864394 -0.0377487280546326 0.228807998609116 -0.165556355510199
0.00361904080655956 -0.0475145721349261 0.381516756739585 -0.0227577515983689
0.0362919798745385 0.00379774195065122 0.335298358366879 0.292045407950391
-0.0128375123717932 0.0571153204809283 0.0379548739997286 0.440534975331907
-0.0670495948411293 0.0205546419755933 -0.243372606328151 0.325704212417388
-0.0531013981719306 0.00119141845119047 -0.269892329877153 0.118669503864289
-0.037907392625785 0.057773626632338 0.178955124075254 0.0744024753418611
-0.0241554037354968 0.0590787962746131 0.15017816851884 -0.187196427403648
0.0144912891890754 0.0404018904922564 -0.123347828997416 -0.227165512954104
0.00938499109535174 0.00456374376818456 -0.276319050844032 -0.0835333120190592
-0.017395149386573 -8.44825311703966E-05 -0.261272961443632 0.0643540187370402
-0.0370620024278066 0.0199057234282506 -0.186103814280848 0.0817673918041449
-0.0475734868980341 0.0460584203411807 -0.133798276993811 0.0130699316365322
-0.0651956591489185 0.0521713775423593 -0.0613047344863798 -0.0572008245679625
-0.0824499618135102 0.039037315280872 0.0487835975336138 -0.151762637247882
-0.0896107175019296 -0.0204651388415001 0.235075765159945 -0.138000524050039
-0.033703674562283 -0.0673805241234909 0.381067248429409 0.0615418763133898
0.0314322940269615 -0.0518583229902994 0.250315252251864 0.4079473734445
0.0336137055252704 0.0332188692991524 -0.116686878725086 0.494559978810965
-0.0386479421650725 0.0466674015662893 -0.382794079244042 0.285961983938323
-0.0650445166135273 0.041490814657084 -0.307437796621308 0.0740153117293959
-0.0114356671201714 0.0885430755484916 0.172221223974439 0.0359969365417182
0.0064864347881292 0.0436216365497969 0.0729098014807182 -0.187682002444433
0.00345403315420553 0.0236758327453433 -0.16802506825927 -0.136800108275306
-0.0140741262180232 0.0254292253267162 -0.252762709133557 0.0142867014005737
-0.00757141758253426 0.0345378418084452 -0.207913373261799 0.118541616529582
-0.00372858419570588 0.047686888393757 -0.154312335961142 0.110783796220005
-0.00332050486741624 0.0701117911509402 -0.126895162377427 0.0428611690498156
-0.0303917465693898 0.0812530892344062 -0.0709487944300303 -0.0311175928546031
-0.0714108188723687 0.0729833300082623 0.0286400373201055 -0.12907844966346
-0.110636017483355 0.00235703638959013 0.21038694855626 -0.108433782364091
-0.0621865770694601 -0.0777490877399995 0.335450646820871 0.11548440148986
0.033260124531599 -0.0933943027335533 0.145335454060351 0.449756786042373
0.0746864915090421 0.0216021593306404 -0.239279541019771 0.476599003952487
-0.0171135837992933 0.0724877554381088 -0.470467238922057 0.221222832865256
-0.0769010533944787 0.0704312470671791 -0.315943853740088 0.0262619355462487
0.0176374445355369 0.103561885879948 0.161763348328433 -0.0073514822605059
0.0366167126487912 0.0202422779436623 0.0118106751781707 -0.192398675841967
-0.00431844206371585 -0.00491986042544564 -0.200082391917716 -0.0768295449236432
-0.0411323790955578 0.0289722010841895 -0.236578769635817 0.0819639060388969
-0.0101886565242096 0.0566891206169271 -0.166656476484289 0.161367803880636
0.0158563410517447 0.0660539942848899 -0.121505974542559 0.139953192435417
0.0322784175325969 0.0832991324912644 -0.109084529700315 0.0741275849832807
0.00807660589323612 0.0978563508940625 -0.0685027642091799 0.000246858132424726
-0.0439403804901411 0.0997304590634396 0.0124988500979045 -0.095742277647811
-0.106481370311092 0.0347517348357871 0.173206649972572 -0.0804303446942959
-0.0817849738043746 -0.0603126034690498 0.277757693930446 0.134412491488576
0.0193052155102603 -0.104894573988617 0.0699787664456878 0.440529295884473
0.0893317130077187 0.0111356081532076 -0.299316320629906 0.430943505754059
-0.00102317792083412 0.0852037501658192 -0.500092472093705 0.167392241979688
-0.0786881626907321 0.0886725527842959 -0.300323124480724 -0.0159645310996998
0.0383521020826547 0.104209888814924 0.151709360205902 -0.0480594266413508
0.0650421492224081 -8.12242985213177E-05 -0.0230023763119762 -0.20707987718723
-0.0014093509176264 -0.0376115627826873 -0.225595821585104 -0.0626707787111942
-0.0658952799749132 0.0143299525838799 -0.247168623513605 0.109745768524383
-0.0256229336416389 0.0655620848339798 -0.156056325264134 0.192456078280968
0.0198008958157103 0.0742509704041625 -0.1036727831419 0.168927461448051
0.0544419164432209 0.0870153312802686 -0.0876087065374813 0.106648086506474
0.0465901932335325 0.101116179564772 -0.0534763386383001 0.0352204553235464
-0.000561962554536045 0.112839861443694 0.00760861242633673 -0.0546352485197698
-0.0766501036311984 0.0733198704073482 0.138782867774871 -0.0523697157588442
-0.0875412686874543 -0.0107289767138506 0.232391014117848 0.130037592009075
-0.020545467245933 -0.0836339839440903 0.0518822149007272 0.403180587754955
0.0705274863873165 -0.00982637856442393 -0.283461218503552 0.399183970282525
0.0172312508110369 0.0724663348653288 -0.475323096802674 0.153180246357765
-0.058500025927175 0.0955465018631143 -0.265849170847807 -0.0456829180884595
0.0474901528875405 0.0896626531475125 0.150903110994895 -0.083025426802294
0.082754270995417 -0.0107355067778038 -0.0194650828757543 -0.231135427059304
0.0118325864319178 -0.0638958249865254 -0.236098634683397 -0.102985764794092
-0.0771991039153114 -0.00885975638826059 -0.286915531806646 0.0845997978073834
-0.0421466808923106 0.0627353548248391 -0.192251074874841 0.204943251853848
0.0146994980690096 0.0720157196907865 -0.111515331514732 0.19826054540153
0.0643716597309479 0.0782067969915799 -0.071014148638235 0.137746432644554
0.0769587526769748 0.0874161958660608 -0.0273268643893885 0.0671276727826778
0.0481754660028105 0.104701707989757 0.0238934536099469 -0.0128590274247262
-0.0236690590697116 0.0997448129246267 0.125513275069962 -0.0257853941666662
-0.0710498843195929 0.0489898136043444 0.213982562908297 0.115663642000875
-0.062851671289498 -0.0372669007582622 0.0873020502051237 0.366965073702628
0.031737092844269 -0.0307139610176998 -0.212335840029759 0.387672721227559
0.0358285386799406 0.0399978746142392 -0.420794949578611 0.175730710421326
-0.0190706372982608 0.0883741577472321 -0.23173520108956 -0.0653939533769382
0.0456126091614558 0.06364267269349 0.168842659199965 -0.103170400408974
0.0831065369282892 -0.0124965959532954 0.0356071619977734 -0.263520316375807
0.0265034664308548 -0.071439237289402 -0.216224674614771 -0.201298773575632
-0.0703699239690976 -0.0261366787492934 -0.338825749011232 -0.00656801757105697
-0.0446541352876714 0.0525325770263748 -0.267972847021495 0.183299466872954
0.0142233323761402 0.0610737718292689 -0.149728132207207 0.220843622592179
0.0677832064108234 0.059100272673509 -0.064087753179687 0.163800126280015
0.0946726214448207 0.0602749966771235 0.0023417444105193 0.0896882292384346
0.0848917174282894 0.0786055780636066 0.0589703174534122 0.0170320124510845
0.0300633194612987 0.0973493363600054 0.1435901306063 -0.00686859559738442
-0.0326712021535348 0.0870033120789801 0.229821515774188 0.0937128898494505
-0.0779901829106541 0.0134932177705427 0.155878996560882 0.325949801254599
-0.00754636021255318 -0.0404200974549021 -0.109015847961794 0.37967030736658
0.0462365773984683 -0.00104618082612516 -0.349848520892048 0.203960356706501
0.0244741809270673 0.0628373759311166 -0.206918149468964 -0.0800279239980079
0.0419438618676215 0.0246947918254327 0.202695451757715 -0.106552446200413
0.0602835028073018 -0.0184629730577599 0.141806548560833 -0.283585484770195
0.0219708103790771 -0.0575560128138241 -0.13665319489737 -0.332242038734466
-0.0493105397436279 -0.016644970239199 -0.365765695445757 -0.157100052278373
-0.0223544213357068 0.0476818875470113 -0.354864995148986 0.118677011594209
0.0296760062794637 0.0439254219438102 -0.201515619881358 0.22635028246069
0.0699980896070532 0.0319345273114159 -0.0631101280996492 0.179375290025826
0.0982704299074195 0.024658967706888 0.0327620253052487 0.100794457847078
0.0977427067987698 0.0386023305167748 0.0997225838276655 0.0297064084915337
0.0628672251062791 0.0676924264619942 0.175517077512142 -0.00601699235908484
0.00651852313261343 0.0850072968908243 0.260124071392481 0.0570725677741268
-0.0639159550870792 0.0395221021867576 0.229117554814941 0.264956495823817
-0.0291031891691203 -0.0393842282719418 -0.00626664647544819 0.348462250724124
0.044619523886899 -0.0385609889527349 -0.272349823797976 0.222471425084888
0.0546578950075188 0.018895173260848 -0.196306534145823 -0.085000729325229
-0.0506275236745629 0.0134043515927207 0.176606242821587 0.0974366704555031
-0.049160294707761 0.0542076388606989 0.224495524067003 -0.180062591722261
0.0220223648250863 0.0459497899856948 -0.058331208392341 -0.312859984438223
0.0308441983365202 -0.0199644102991598 -0.272890769096572 -0.184622554447091
-0.0230678610415088 -0.0411672886822906 -0.288630402059304 0.00759414377918847
-0.0661553174580932 -0.0176945325016548 -0.191536362572158 0.0553738051480199
-0.0831713031521388 0.0131775299992776 -0.11861168296966 -0.00475487087907235
-0.088347873346498 0.0164088434245202 -0.039689117720057 -0.0698659588669052
-0.080639382033184 0.00418836722605229 0.0581288900839015 -0.160082694308394
-0.055980245135908 -0.0362535637790083 0.223037983619248 -0.166650914568133
0.00261482195473486 -0.0475891577861385 0.373370431350032 -0.0271248024322154
0.0357897460701429 0.00306645118899202 0.333447949888769 0.281989261901564
-0.0113343045463901 0.0564456630373025 0.0430708641691925 0.432918035411428
-0.0659596853791326 0.0216427007674796 -0.233928143285928 0.322671592549285
-0.0519307440782047 0.00283621981379551 -0.264673573239275 0.120639504970457
-0.0364368489324321 0.0574978764015069 0.177521486017539 0.0702755779644056
-0.0224638027303631 0.0586058448851526 0.144282962334761 -0.186446127078474
0.015863791560298 0.0394446137666185 -0.125452064340841 -0.221693687323867
0.00830518559672459 0.00486041517182526 -0.272912280648347 -0.0772665036281893
-0.0171885229823703 0.000366062598714021 -0.25601174123102 0.068020022496852
-0.0363048952151005 0.0204669982021495 -0.181361313058889 0.0839480931821248
-0.0459747382590511 0.045994461197181 -0.131004511291359 0.0156725829528469
-0.0635679100439911 0.0529220086954758 -0.0608380393799481 -0.0554116124408724
-0.0808565770543339 0.0400775561930281 0.0457978448198029 -0.150323196581651
-0.0882870389965607 -0.0188366139994287 0.228978345544296 -0.139337713233025
-0.0343409455767486 -0.0652007310067464 0.375845323173457 0.0551921025009854
0.0303226517197924 -0.0516366284885266 0.251488435371932 0.397234562442764
0.0337314604423704 0.0326037894181309 -0.107340443226805 0.488586291392566
-0.0376247031072369 0.046448290735067 -0.371925042435234 0.287043236365698
-0.0631599178687512 0.0420119965749062 -0.301437370132348 0.0770735284883862
-0.00966389901498526 0.0874089507865023 0.169670111081042 0.0325509802597403
0.0064447650101668 0.0426868869423977 0.0686954773140252 -0.185843801759435
0.00396069967983749 0.0226574116314579 -0.168591838723416 -0.132454737169978
-0.0139295374779844 0.0243890090938441 -0.249146201806171 0.0188662131300665
-0.00703546899843922 0.0343880348052025 -0.203018029621815 0.119882050472115
-0.00341295555894598 0.047175856339298 -0.149631407611782 0.112053942625725
-0.00307708413650265 0.0690855817158993 -0.123991300690527 0.0447699209715104
-0.0288759821870284 0.0810865864137783 -0.0703521427892384 -0.0297378076916643
-0.0693567337886949 0.0726131453296677 0.0258691019514537 -0.127534249239344
-0.10791585134211 0.00395922059370128 0.205455222071437 -0.109915617440673
-0.0624135889237121 -0.075486875556375 0.332605000302667 0.108028032018983
0.032068763142219 -0.0928341473387833 0.151215621880804 0.440106732303614
0.0745382146417945 0.0207070764397694 -0.227438847777247 0.472863650612189
-0.015807683728924 0.0717229880545628 -0.458444002518512 0.224778395384368
-0.0753653503277775 0.0712560780711868 -0.310740431675296 0.0304004014544733
0.0187620057910742 0.10201750441991 0.158849296833258 -0.0100687999593841
0.0370619584059159 0.0186022338968444 0.00862082171631096 -0.189143986730673
-0.00435717201277968 -0.00506282011211723 -0.197785791609266 -0.0710198358086254
-0.0403341484248854 0.029053448238621 -0.2312220648837 0.0855965880943427
-0.00840496863166551 0.0563814437762872 -0.161280708285888 0.161058531026563
0.0165626258511201 0.0637271064849131 -0.117517731687894 0.139488028189394
0.0328956280362471 0.0818995383894614 -0.105569587063278 0.0750854950580055
0.0087293535314867 0.0964979925449043 -0.0673894596335302 0.00163938700135372
-0.0415028658133627 0.0990586059633257 0.0100599225330166 -0.094140499084278
-0.105894631125319 0.0364195433578901 0.169906165603804 -0.0819495503345887
-0.0797500515809 -0.0593120330578004 0.275169400652448 0.129975711347822
0.0191949745043779 -0.105064962004129 0.077262733347221 0.432463956751182
0.0856723152413174 0.00861033775099265 -0.286253293939636 0.431161859337641
-0.00114390715609423 0.0835461837688481 -0.488672491563186 0.172726532225384
-0.0756154576126796 0.0870934583024302 -0.297894054133169 -0.0112220223018163
0.0391436523550695 0.101745547963265 0.147595571865051 -0.0513754781205377
0.0635318466445195 -0.00174423303576162 -0.0263125594927428 -0.203156221064461
-0.00283254834720418 -0.0375941923733709 -0.222689391735343 -0.0567438011033507
-0.0655558410698538 0.0150599736031158 -0.241676562180398 0.112307287122714
-0.0236169471152569 0.0651549037980331 -0.149711036169207 0.192882525037183
0.0202371334042294 0.07301623120937 -0.0986945323429912 0.168759931867812
0.0548068905724037 0.0839153782132506 -0.085114789960687 0.106339556970657
0.04667698660503 0.0985059092432681 -0.0504694271765867 0.036216451787471
0.00152314408887921 0.110383609579481 0.00689404515435793 -0.0529822378340911
-0.0737169909308093 0.0727344040754397 0.134495292136967 -0.0552045986299222
-0.0858495322884886 -0.00922963175053354 0.22987593581032 0.124558736824463
-0.0233042406061138 -0.0826154907490954 0.056717199478764 0.395803878624144
0.0708395427517772 -0.0107254499309136 -0.271948001472086 0.395785135179151
0.0167225782282423 0.0708488147002003 -0.464527448871902 0.157360981170594
-0.0568241973493073 0.0940297704743306 -0.262721498455406 -0.0396383674149726
0.0477880986617437 0.087555254049282 0.147412994345609 -0.0840670592521774
0.0814191563576809 -0.011966320351294 -0.0222823164224307 -0.227254955780964
0.01090865348733 -0.063065881627419 -0.234275879198525 -0.0970813525677911
-0.0767360259060871 -0.00745826895051874 -0.280173224896846 0.0887056048638703
-0.0406515304317981 0.0619979129335251 -0.184992896625559 0.205324707318239
0.0155090375942169 0.0704586251035347 -0.1064352543216 0.197009660285705
0.0643039488582835 0.0750800254523236 -0.0679064053233849 0.137317247231242
0.0767573967770761 0.0842416802485115 -0.0261055489321641 0.0663055146321434
0.0489266147848224 0.102146741751946 0.0233219704360108 -0.0134190767077374
-0.0218990761923297 0.0985834637258393 0.123030423839513 -0.027884889404827
-0.0690820699774663 0.0487400741978762 0.212515104825792 0.109903453053547
-0.0616266996381132 -0.0353451898745322 0.0919689580415032 0.35878443075618
0.0311343252343152 -0.0303894686791455 -0.202023239350637 0.384294048095358
0.0356328856762743 0.0385466051175122 -0.410767483930399 0.179120947449943
-0.018195577848589 0.0869751187057451 -0.22914086783537 -0.0600424423302788
0.0457263691007577 0.0613986754763586 0.164508386834489 -0.104416904940802
0.0815474626833709 -0.0142355185949024 0.0304070038943959 -0.259339677198775
0.0250856138961667 -0.0708833828341147 -0.215228769289229 -0.194710951677105
-0.069660262190566 -0.0250587858144713 -0.333423370470497 -0.00124794260452637
-0.0430411158923403 0.0522775033877858 -0.260753698491935 0.183967673850041
0.0150161240914162 0.0596462131006836 -0.143240474277396 0.220334004472062
0.067773111580479 0.0565705037276479 -0.0610654871888736 0.162190949156825
0.0941129291018829 0.0578830499445624 0.00391127976082374 0.0883151344504332
0.0852891581694937 0.0753832362079078 0.0583552236049738 0.0155225072817244
0.0313773138317025 0.0949919459105672 0.140233080299924 -0.00917939096830156
-0.0309367318200548 0.0861847588765343 0.227876384694821 0.0880308363431347
-0.0765988435538966 0.0139745418098773 0.158910235001877 0.317518455542307
-0.00763705213365477 -0.0394382028885245 -0.10177691747543 0.37567452112235
0.0451383378689688 -0.00208234704593796 -0.341017861131677 0.207157152045079
0.0244964903842212 0.0608876095981294 -0.206167758185242 -0.0752496081022949
0.0415870311340742 0.023481468306838 0.198765669897696 -0.107925266694596
0.0593641542103023 -0.0195248093464801 0.134711543933569 -0.281031614875047
0.0214986997861804 -0.0572291449162461 -0.139308996499898 -0.325761833309119
-0.0487293934462512 -0.0153349938345564 -0.362147677515758 -0.146285101863764
-0.0209502031272177 0.047821635038659 -0.346502663857134 0.122098819287697
0.0298674321510008 0.0429337784102213 -0.195089175394105 0.225668681855546
0.0695698157212667 0.0295048310268525 -0.0595561513408175 0.178057643823127
0.096471756066723 0.021224606622296 0.0329722916217921 0.0992875090968536
0.0972492213315337 0.0358188025594686 0.0976248901070935 0.0263513321802657
0.0627365648474535 0.0663418976034513 0.173025211061619 -0.00987975631528918
0.00810335910396316 0.0837928755704133 0.256403791047932 0.0503461751044589
-0.0624367104080552 0.0403197396027434 0.229793769225516 0.256672457486783
-0.0294678111442624 -0.0382651542506561 -0.00135425182903744 0.343562903136868
0.042903108952551 -0.0394714324707075 -0.264595979018236 0.223275927123675
0.0540388459913503 0.0177115330360582 -0.194921151129333 -0.080559587325664
-0.0496301372368406 0.0139846462808722 0.175033741509248 0.0931655724114459
-0.0474558371953408 0.0542390257108009 0.218340784123945 -0.180297564870848
0.0220082665279758 0.04461864583595 -0.0618801636043277 -0.306879495690095
0.0298863049124669 -0.0200518007120261 -0.271648962940384 -0.177066253223998
-0.0233372550113679 -0.0402948696302784 -0.283527297783615 0.0122076468652543
-0.0649947286231819 -0.0163378586097286 -0.187537971539424 0.0585223986304445
-0.082203824584659 0.0143059147474376 -0.116669024947142 -0.00302456914991689
-0.0865296529278861 0.01752972609118 -0.0398883477869778 -0.0683792354960938
-0.0789757945055695 0.0054191368806405 0.055404552167906 -0.158136964423213
-0.0556013390111342 -0.0349894664544828 0.217171948380148 -0.167368829764198
0.00177029175702292 -0.0466638949329844 0.367925305662954 -0.0325007264139431
0.0350423095646528 0.00305135474358342 0.333675009442237 0.272368580846431
-0.0107768959950464 0.0560294216330729 0.0476238589503342 0.425442962836278
-0.0646574311584428 0.0223175483022646 -0.227268259644641 0.321802221036224
-0.0511088756749762 0.00305962199045442 -0.25831170522654 0.122492011431568
-0.0355976123907971 0.0575153693376551 0.175720064378426 0.066836994232748
-0.0218004410883391 0.0580452497454686 0.139944745873146 -0.18508842020971
0.0158412606284337 0.0387813815941905 -0.126509890538909 -0.216757567763935
0.00905696061421908 0.00464042819684005 -0.270233902332138 -0.072156314412723
-0.0170575244689876 -8.96733418846679E-05 -0.251398298503299 0.0709490523558642
-0.0356944955370409 0.0204053926637775 -0.176873795750701 0.085991638649202
-0.0449777156752357 0.0468207226670939 -0.128912993414938 0.0182585846512361
-0.0616878806686565 0.0529595533510798 -0.0601211300453332 -0.0535595556254029
-0.0792408331567972 0.0409243819467442 0.0433150032916502 -0.14906154796415
-0.0883604357294956 -0.0165982846859508 0.223638947265171 -0.140874677804593
-0.0348403548675974 -0.0645402883306277 0.370569373837291 0.0480850790754341
0.0292611354690485 -0.0511051656363008 0.253769313376404 0.387260431270616
0.0343842874022598 0.031261330561419 -0.0988697067896784 0.48243590087302
-0.0358866904992005 0.0466677527011417 -0.36282467269629 0.286661618746442
-0.0617565140963783 0.0427489997187715 -0.295309992912296 0.0801503830018536
-0.00864756418752539 0.0858510863998272 0.167667541910169 0.0288440556519195
0.00742629735216344 0.0421312371946306 0.0647902074428266 -0.184244348986363
0.00487895771880176 0.0222772898985959 -0.16660886303643 -0.127307852458012
-0.0130209729331331 0.0247374351909555 -0.244586539167429 0.021715372111536
-0.00679885021103158 0.033541876011279 -0.197619574489963 0.120902561918977
-0.00305295790471534 0.0465351916121317 -0.145406454589558 0.113162448458113
-0.00170996708434883 0.0684019516977978 -0.121456488743464 0.0460409517412876
-0.0274085912379702 0.0799652351335829 -0.0696539194868296 -0.0284357573284217
-0.0674310395123931 0.0730786161507192 0.0245577186895861 -0.126342622204259
-0.107018447985847 0.00504151529327608 0.200730307826254 -0.111461122868407
-0.0620580546107309 -0.0734021926487968 0.328512859378557 0.100690426966303
0.0300537137032926 -0.0916335938096417 0.155035911959061 0.430107569370449
0.0740231203657462 0.0190798049865549 -0.217910927577682 0.467626780776895
-0.0146596656338543 0.0710161759149962 -0.448677244626113 0.226737478843378
-0.0729143279556664 0.0712724114755026 -0.305671983033823 0.0344167277565682
0.0191710521903712 0.0995331426044048 0.155889420375471 -0.0122140694019861
0.0364925549493727 0.0184756988983195 0.00587496734012186 -0.186163875580956
-0.00319433120704915 -0.00504153666404589 -0.195301649345252 -0.0676360359277569
-0.038467291133155 0.0295879267928453 -0.22627249589289 0.0877752465725214
-0.00814635390394847 0.0555421409915615 -0.156132498157106 0.16156083421643
0.0176402598225491 0.063084814067987 -0.112902243382492 0.139852199278699
0.0328578341302924 0.0798160489899589 -0.103368450971075 0.0756437670186006
0.00974793751429198 0.094703925397393 -0.0659004602957041 0.00294673841606015
-0.040125229121399 0.097113643520026 0.00865228600979908 -0.0924753644378009
-0.1035142742567 0.0366618802388418 0.165106884007347 -0.0839195419206844
-0.0802553725230042 -0.057044350254279 0.274681034751679 0.122414634996587
0.0160377811832946 -0.103167163559894 0.0819810484712795 0.423799399659234
0.0889269873816103 0.00838343880291584 -0.276831860224106 0.427633687233052
-0.000727354818026198 0.0830727912985032 -0.479102258256799 0.174810475688567
-0.075702700635874 0.0877677279490379 -0.29051575009557 -0.00714740243592314
0.0397806765258689 0.0992989083035712 0.145943482931035 -0.0515529900435425
0.0631488164622076 -0.00207038246249683 -0.0284669545904104 -0.199662010137674
-0.00123857305418845 -0.037657925916882 -0.219486883529637 -0.0526297061208077
-0.063659382343936 0.0164230735805766 -0.235044693470495 0.115171217987701
-0.0229872535099624 0.064506466449224 -0.14504346582784 0.19146746210059
0.0208505950465825 0.070819225939272 -0.0948377915882996 0.168072404556094
0.0548417922318785 0.0820013077836259 -0.0815433259919196 0.106697376666484
0.0466265869557558 0.0961503320765069 -0.0502090477542544 0.0360387946443434
0.00292206490374338 0.108764767617433 0.00544764566275703 -0.0524468305530229
-0.0720220739966847 0.0725655338018429 0.132186110639135 -0.0558297648571462
-0.0838329990911859 -0.00850036444617471 0.228875054108901 0.11907840476263
-0.0222914058684187 -0.0807787646295755 0.0632414927503521 0.389943083741243
0.0696725732889381 -0.0106589481612557 -0.263407582423704 0.394583460673004
0.0181985965375029 0.0699151932198783 -0.455205981780043 0.162867094133508
-0.0539849691015807 0.0937977135798607 -0.260271267952603 -0.0360476294650362
0.0482268085401724 0.0852036343292409 0.144303154122739 -0.0849690082162462
0.0801676780475679 -0.0132014231029799 -0.0258117743637975 -0.222875572405281
0.0103584234652951 -0.0626640642991653 -0.231994867922492 -0.0917077914559015
-0.0752464800549685 -0.00611792778948859 -0.273751823759652 0.0911211463173777
-0.0389205775279668 0.0615668421014379 -0.178868716667538 0.204458508385392
0.0160934152485839 0.0696617234388795 -0.101578255363886 0.196257956663635
0.0644824185897879 0.072614136965016 -0.0650779691786608 0.135852399820399
0.076500253097194 0.0809184705246285 -0.0247821312084946 0.0651456349473252
0.049276677077564 0.0996495152109779 0.0225015524732965 -0.0142821199412447
-0.0205923723301424 0.0969330260301642 0.12042911410596 -0.0292946251452839
-0.0669481238903949 0.0485802233865941 0.210719508778985 0.104512727359105
-0.0613126642932717 -0.0346379812182614 0.0959956582571546 0.351527582296308
0.0306757657323075 -0.0303323549861558 -0.192490719208677 0.381953234508686
0.0350975011323531 0.0374596810566353 -0.401238815282355 0.182340345205913
-0.0167247835056197 0.0857988731756883 -0.227213078025387 -0.0560577177228264
0.0461219073294499 0.0593278913034707 0.161027217088789 -0.105640255107404
0.0799516278286583 -0.015255577708507 0.027166934688488 -0.256280797100338
0.0235128092091489 -0.0705533491136617 -0.214255498315131 -0.187625196020074
-0.0690278814774547 -0.0230159057237466 -0.328031636880852 0.00334925757033879
-0.0414660949047072 0.0521256279307421 -0.253937169497446 0.185222489601689
0.0159142832779882 0.058391730466211 -0.137600259426149 0.219177871026377
0.0669129722403744 0.0547732386118478 -0.0578715407285675 0.160266683872414
0.0928734049410393 0.0551307502181585 0.00455398635046738 0.0862419987505891
0.0845025643338209 0.0726339128414436 0.0570857921369625 0.0140955425903777
0.0323022511633138 0.0934460953391755 0.13773483884634 -0.0123675665522447
-0.0286279733708752 0.084807148917495 0.224850636508844 0.0833404009509085
-0.0747895329175542 0.0156688527343797 0.160953626335675 0.309711751364172
-0.00772076176729996 -0.0388595266109734 -0.0948824826164144 0.371032934945147
0.044337297123263 -0.00295624642519477 -0.33305703237608 0.208185623675663
0.0249232897656235 0.0593558275437389 -0.204503923381105 -0.070721693620597
0.0414015735986873 0.0221886317580456 0.194214313825821 -0.109367554970722
0.0580141674495082 -0.0206522720001162 0.129291875959623 -0.278990797981247
0.0207411585404199 -0.0566688275210335 -0.141660940475711 -0.31797292352079
-0.0478835429834564 -0.0144538046087013 -0.358503833077551 -0.140069542469478
-0.019881065051426 0.047230736749276 -0.341119506944586 0.124528673154242
0.0303285382666615 0.041201018087006 -0.188501305768418 0.22674143902989
0.0689214390227733 0.027693094355038 -0.0562014553751943 0.177115619468241
0.095604658460772 0.019241457171161 0.0336797026364316 0.0961881023087087
0.096769263145655 0.0332834910388958 0.0961136228269086 0.0240505170160866
0.0630510698268852 0.0639721588659507 0.16970996294463 -0.0127564530496886
0.00879195544008069 0.0819810214374361 0.253149293590874 0.0456441141144841
-0.0608980525760529 0.0405597177939048 0.230890049310789 0.248114893810834
-0.0290521710365725 -0.0372902190433777 0.00341319202331709 0.337955410862299
0.0416693742090481 -0.039662713626351 -0.256718766358498 0.224573250604862
0.0531931554366248 0.0166155625354303 -0.192641616840595 -0.0764081576886687
-0.0484513044215812 0.0146978852285881 0.173133990633971 0.0890834187824344
-0.0455417460720973 0.0537437974334802 0.211801511170184 -0.18026242385833
0.0224209639122933 0.043108919248752 -0.0652017713154385 -0.301957455565204
0.0291568521952876 -0.0199459285607537 -0.269576689284396 -0.169974777948107
-0.0235113392922021 -0.0392405526081915 -0.279326518192607 0.0158445744581345
-0.0639923831757922 -0.0151902677268206 -0.18345697999411 0.060479959760806
-0.0807019172119874 0.0157211322006639 -0.114559478219455 -0.000677949401290198
-0.0852831400004073 0.0189645945183177 -0.0398976481961255 -0.0668667439226502
-0.0780620351615243 0.00676555727195719 0.0526062834821589 -0.156533743976047
-0.0552977052991541 -0.0331829455154039 0.210782078181063 -0.167963513828147
0.00101371750620838 -0.0453828035932296 0.361327859799831 -0.0379030562044633
0.0348727581772773 0.00225137824066838 0.331885072854733 0.262380037468933
-0.00914492085983685 0.055124404305001 0.0532809722357202 0.416958065512519
-0.0633499865826627 0.0225780900182632 -0.218747825289598 0.318441556206185
-0.0504040053726806 0.00425163992978398 -0.252888405274077 0.123415391057482
-0.03436122301753 0.0567673027917318 0.173762449226417 0.0628727036146399
-0.0205159417330699 0.0573434874165267 0.135584959634266 -0.184430597228279
0.0163006291945675 0.0378720799590497 -0.12725856432444 -0.211138090952634
0.0093206907008333 0.00409857452581144 -0.266073060716914 -0.0669503009395127
-0.0167450884151815 0.000679008955837394 -0.245350885755629 0.0738041374634644
-0.0350683894534895 0.0206383123325681 -0.172133302469244 0.087834524833202
-0.0437086660643037 0.0464982457019159 -0.125909086916149 0.0199366720064962
-0.0604317033115032 0.0531786481357271 -0.0597386867935469 -0.0519869735331267
-0.0775829149461139 0.041614408790406 0.0405094445202069 -0.147062312082722
-0.0870057229403904 -0.0153768624166259 0.218000929767212 -0.141998282831902
-0.0357310934483186 -0.0631857072830755 0.365052207748206 0.0423710539022422
0.0281108552405175 -0.0510747227190159 0.254839570010995 0.377180400274347
0.0342989009498069 0.0304892716023938 -0.0910554806679233 0.475334043796916
-0.0351680541078593 0.0468698404783755 -0.354046185846077 0.28683151054813
-0.0602842418535626 0.0433782025532818 -0.289851919083305 0.0824866118089435
-0.00759619986066871 0.0851776879970519 0.165230326739405 0.0257387280227963
0.00814219235806374 0.0415042215618061 0.0612269874307628 -0.181608403831846
0.00502762393999712 0.0219724937259004 -0.165546003188634 -0.123331050296372
-0.0119677186126208 0.0248188582425539 -0.239472632279869 0.0254888308203883
-0.00621667618102469 0.0338097744617686 -0.192495901858272 0.122193041582368
-0.00220437680132241 0.0455046004464992 -0.140514859833818 0.113741820586161
-0.00149733260510741 0.0672894710545794 -0.11886897410171 0.0480428456480667
-0.0266615143348283 0.078896523740756 -0.0684575038734622 -0.0268238846220903
-0.0651535730878948 0.0730414414870921 0.0224286372821999 -0.124218064027388
-0.105705329433191 0.00668353237427704 0.195969849741775 -0.113115800373543
-0.0623815207033255 -0.0721314090511168 0.324582545214578 0.0941310814590709
0.0282762248998403 -0.0905692720086751 0.158424407969692 0.422292303910798
0.0733042682744386 0.0176817680225809 -0.207937941174361 0.463404396395847
-0.0142338692069513 0.0701101304889646 -0.437344911552995 0.229544308241488
-0.0712578994352403 0.0712611017947472 -0.300607998931465 0.037836055479804
0.0204348295243492 0.0977495490840784 0.153829370490517 -0.0147637806390014
0.0360549313402335 0.0179876297143487 0.00297667843967591 -0.184109624442227
-0.00255613293392717 -0.0045712604179802 -0.193464038187747 -0.0633826806276182
-0.0376452059712206 0.0292556041975795 -0.221595321626015 0.0899826352493419
-0.00736851754169817 0.0545411963162732 -0.150283766748803 0.160722760893688
0.0177978609713817 0.0612844034771432 -0.109002293130571 0.139521983938686
0.0332049018706093 0.0778043510969008 -0.100131193105228 0.0766068566321451
0.0104375388415834 0.0932057594646235 -0.0652790047824197 0.00415874717117308
-0.037355596487856 0.0963831907286253 0.00710437868756161 -0.0923786235469351
-0.101702899660236 0.0365980157921111 0.161586159452608 -0.0848174603007765
-0.0788319885654994 -0.0547916672331528 0.270461364545182 0.116059040400863
0.0150574423824502 -0.101942779246397 0.0859080273694159 0.414491794269439
0.087493023704431 0.00801843337286567 -0.26847795515272 0.422079512885869
0.00116999014423147 0.0793856248431397 -0.468697384599883 0.179733392081105
-0.0730073165258602 0.0879534544401864 -0.287591119318281 -0.00262105523342134
0.0403587163008287 0.0973406443642757 0.143248920953091 -0.0535106848605249
0.0618776080052941 -0.00319361589932304 -0.0304660704939584 -0.195300745311371
-0.00192843508958042 -0.0373088995313947 -0.216345588321794 -0.048388463719169
-0.0622888750887914 0.0168450093051662 -0.230323813673802 0.116707763582394
-0.0219179442262493 0.0641954284402078 -0.139408748146788 0.191198337623673
0.0216002594537122 0.0694757524367159 -0.0900870007366226 0.166368451461993
0.0551065735788112 0.0790144755277761 -0.0795973450591205 0.10655621596845
0.04705517684456 0.0936288433741738 -0.0492400575930312 0.035946829177322
0.00455013183294413 0.106315311895038 0.00503253501997875 -0.0525055252922729
-0.0691444031366331 0.0718179118888884 0.128535829554372 -0.0571240885819633
-0.0835082878077079 -0.00804801170069033 0.225465260135281 0.113571748574623
-0.0222417542548869 -0.0796471788646035 0.0679489944694298 0.380537216820515
0.0684823562734703 -0.0114270452236686 -0.254354089258833 0.390923852920627
0.0187577106618228 0.068548463898753 -0.445457720711803 0.167769564353813
-0.0528812437161072 0.0933752888142671 -0.256884310377466 -0.0315865227802429
0.0486694335160661 0.083084421318993 0.141388192288309 -0.0861048597182148
0.0784164612443982 -0.0144570563018589 -0.0280972861260529 -0.219013732394724
0.0104167089945211 -0.0621330672060589 -0.229001615371068 -0.0867950447501414
-0.0743128243940069 -0.00508829559870546 -0.267648489477014 0.0940770886090665
-0.0372792197904153 0.0614186437058129 -0.172760773244844 0.203491394488263
0.0168551027194571 0.0676352784057452 -0.0970744715629754 0.195290009813855
0.0641134406064683 0.070472093260537 -0.06223981049912 0.135220942011232
0.0760194218468533 0.0788447392406438 -0.0240587448377458 0.0645052025048604
0.0497946240343039 0.0971016924757583 0.0218182023644566 -0.0145870829468123
-0.0187071838531908 0.0953572571551613 0.117476224488479 -0.030965284763454
-0.065088095359066 0.048491865960623 0.208597115582162 0.100250998720049
-0.0601574772587707 -0.0325373514662212 0.0994424612752575 0.344219654590153
0.0299012737240979 -0.0302640077596827 -0.185182652225866 0.378930834612644
0.0345717294087105 0.0362528069005523 -0.392861506773013 0.185868938303954
-0.0158006795987837 0.0846852725240846 -0.224731271718719 -0.0516208040500986
0.0459742623154382 0.0572797122939171 0.15699445593679 -0.105890824523313
0.0785440016382194 -0.0160360525437702 0.0227284838565605 -0.252678308431471
0.0230556609687486 -0.0700140733730017 -0.21314567024745 -0.182221920692198
-0.0679963828482142 -0.0220311683297835 -0.322291091067695 0.0083538480913935
-0.0399639536601814 0.0522564499967625 -0.247802876921253 0.186356461072062
0.016063229232021 0.057010598496243 -0.132282605093081 0.218120009762985
0.0660508361928084 0.0528806520235967 -0.054914226948629 0.158946435792434
0.0921019846600782 0.0523608773952793 0.00494388460752033 0.085160580190158
0.0841940564827292 0.0701210671862302 0.0557831355498029 0.0122973547430525
0.032741258038257 0.0914038032596863 0.135037342262442 -0.0140508588588209
-0.0264641183923976 0.0837125717388398 0.221875337952459 0.0782837380176293
-0.0735276388454788 0.016185958631749 0.162980320819564 0.302004781627131
-0.00796094554883267 -0.0381678174433414 -0.0886330818095527 0.366931291463664
0.0433703878511165 -0.0039152796781359 -0.325317240314723 0.210806982005439
0.024635851649946 0.0577521258728242 -0.20228073978266 -0.0659844807160856
0.0405131941603048 0.0209351020510867 0.189789486992585 -0.110393593118613
0.0570027860914388 -0.0211482214138897 0.123785670982403 -0.275857933464081
0.0195292512324547 -0.0565367153624699 -0.143312920735896 -0.310581599667147
-0.048214335705596 -0.0134177300356788 -0.35262877354772 -0.132954780396408
-0.0185688379296286 0.0466443483624763 -0.334890482063428 0.127661787341782
0.0303236025402971 0.0400748620080598 -0.18255402704644 0.22559588337016
0.0679872047465503 0.0265063760780116 -0.0530616776727045 0.174347657621135
0.0941796505675082 0.0174923904811371 0.0335833302819462 0.0941420083854988
0.0952490292614094 0.0309193978878399 0.0950435417889553 0.0225899984892256
0.0631410067107264 0.0618765095223994 0.166108476204232 -0.0151505279797624
0.00990870583004382 0.0810054539777232 0.249299044435293 0.0406649152273969
-0.0595505484258291 0.0412489024637017 0.230344976506809 0.240278629542277
-0.0283568388037161 -0.03666040821925 0.00797368439055234 0.332451275147976
0.0406521556428288 -0.039577585916984 -0.249234758482402 0.224782371549948
0.0519348160491551 0.0156158900905288 -0.191247733807894 -0.0723182870013347
-0.0476409342580748 0.0151682093060473 0.172316061043197 0.0854821923878224
-0.0443027335015227 0.0536174105806171 0.206016492391086 -0.180699215244691
0.0226134865421372 0.0422072826996187 -0.0680217061957819 -0.296058041414914
0.0283862865655752 -0.019978117083774 -0.267480737862297 -0.164088208309475
-0.0239065641278592 -0.0383318274687395 -0.274084114056469 0.0201616222261687
-0.0634620632596923 -0.0139780804843907 -0.179026253933679 0.0625585890557588
-0.0793388887512799 0.0162710137007714 -0.112081467332143 0.00100025188860977
-0.0835090825212106 0.0200984920824318 -0.0402848535841407 -0.0650899750107376
-0.0768082825250705 0.00773604741397944 0.0499214155686741 -0.154967428703635
-0.0550863430732113 -0.0322435773473057 0.206211461959809 -0.168343769540809
0.000385427458528686 -0.0449123261778206 0.355178984047756 -0.0416619447114203
0.0338542126178775 0.00197725453436873 0.32895143070639 0.254286439741582
-0.00823433806827236 0.0545276270338355 0.0584278112719507 0.41013326177136
-0.062347013575942 0.0238569438740517 -0.211585705288587 0.316731405866545
-0.0493983406281575 0.00528469163470573 -0.247643481011251 0.124254405437221
-0.0328796977336313 0.0567197483929302 0.171331936568197 0.0593876164268166
-0.0192724044857796 0.0567472142433148 0.129784145816903 -0.183071203938629
0.0171024481644255 0.0366210015665924 -0.127896824441987 -0.206361986263645
0.00899943817319114 0.00402857775433747 -0.262748505858882 -0.062464434852144
-0.0167502601650597 0.000718200032889822 -0.240972985154792 0.0758220985600642
-0.0344128856671915 0.0206656490695339 -0.167837901130153 0.0887215935972455
-0.0424959184763662 0.0465029735030948 -0.123120882469939 0.0220783493829139
-0.0591889778427456 0.0531080818864175 -0.0593611220349187 -0.0503643148732338
-0.0757596084732543 0.042426799366546 0.0384140688864992 -0.145428497653246
-0.0854519074151568 -0.0141763896089786 0.212655994322988 -0.142531990017065
-0.0361738953959763 -0.0620594991806908 0.359772969249968 0.0371035872039233
0.0269403051682459 -0.0503659982359245 0.25502348257515 0.368169140559567
0.0350379855222849 0.0294883046573204 -0.0841804332852518 0.469161717831016
-0.0345151423307039 0.0469522446389498 -0.343959981230599 0.287188075699408
-0.0584019230787017 0.0437735402052844 -0.284787560282414 0.0841574142612447
-0.0061040979765908 0.0836412264659839 0.163314228977807 0.0233177086577052
0.00823364772365731 0.0409634471611062 0.0574291185054003 -0.179356232486594
0.00561142545433856 0.021658499549889 -0.164284518194827 -0.119085373464057
-0.0116716482567049 0.0237484347903442 -0.235519946595182 0.0281667028222207
-0.00612400768531298 0.0326500896412069 -0.187373180423447 0.123247883234743
-0.00182404446827124 0.0447753289588261 -0.136523119086099 0.114898561946513
-0.000837688237441174 0.0658671478627794 -0.115718749773736 0.0484687315641935
-0.0254228016665532 0.0782160792792592 -0.0680391256996026 -0.0258330483627922
-0.0638453781043147 0.0724684680654314 0.0203913314305969 -0.122897133004797
-0.103883390864952 0.00726213561417945 0.191587237880917 -0.113080663564305
-0.0622188535029601 -0.0705474119801544 0.320795757125392 0.0889376667612065
0.0272916143378597 -0.089964117094662 0.160926750822197 0.412016253411434
0.0732313527651934 0.0167056249724144 -0.199225320799181 0.457736101428878
-0.0130010624953808 0.0701758266733612 -0.427431272364289 0.230448268563695
-0.0696154584900181 0.0712013071007621 -0.295638415542065 0.0402187447844465
0.020778119693282 0.096113703047114 0.151249680231404 -0.0165304869086738
0.0352952060501512 0.0172123473579693 0.000686470318451075 -0.180744395781665
-0.00270539522854419 -0.00545713977600945 -0.190514018914748 -0.0594387186385294
-0.0366088943105847 0.029433501603993 -0.216102714541055 0.0911830882992375
-0.00679521289727449 0.0538098504493136 -0.146093990381255 0.160692920470257
0.0174430871646622 0.0599257020059975 -0.105197253470757 0.139984154016048
0.0338384475818974 0.0761296044452898 -0.0975374199804724 0.0771172140432809
0.0115042378010419 0.0916832980791656 -0.0632171365898464 0.00415295039657577
-0.0365250775742033 0.0952751720283113 0.0060864445649126 -0.0909174939967037
-0.0983511939399782 0.0381153707167864 0.157540395918811 -0.0848014661878819
-0.0782009724408637 -0.0530232443983901 0.268128973676783 0.109615850634253
0.0127706811400945 -0.0992607094464876 0.0897051535735817 0.406292611248088
0.0860945204958253 0.00631806555822084 -0.257331081519462 0.419158983849179
0.00106382399468891 0.080444441692211 -0.456609330747853 0.18279988296925
-0.0698841104536442 0.087061780483062 -0.282226997722413 0.000336541201251725
0.0413832121954202 0.0955664480118716 0.140400725486549 -0.0541258144938814
0.0606431360918232 -0.00412680169548843 -0.0325183258639958 -0.191983772622814
-0.00113182440099683 -0.0356500610270047 -0.213576689390045 -0.0449135052061597
-0.0609179459156589 0.0174602274566455 -0.224280374945274 0.117954160555016
-0.0204628164924162 0.0633566350475839 -0.134278266435218 0.189902270557511
0.0214254074776339 0.068060032054161 -0.086356072866789 0.16617482897455
0.0549908742341984 0.0772359618666875 -0.0767647789324793 0.106190857020279
0.0469757675611947 0.0909388252684538 -0.0478393190593146 0.0369477387256741
0.00533276641360294 0.10475261132995 0.00428594726258423 -0.0523100918800878
-0.0681105878169144 0.0710568015260642 0.124897339221525 -0.0578295089976765
-0.0821401860086887 -0.00718916847073635 0.22331090230807 0.108891824277046
-0.0217400125986308 -0.0780689692931087 0.0718371539885415 0.373878551841155
0.0685949177901658 -0.0112857768624124 -0.245742314613948 0.387499742545306
0.018259507393364 0.0666234829404551 -0.436205755834563 0.170715222079257
-0.0506875967309915 0.0926659789415564 -0.253962347824598 -0.0278640423445181
0.0488217518594321 0.0808923154589729 0.138222040797531 -0.0865658254458505
0.0774141945992083 -0.0150446255375122 -0.030682818575632 -0.215949718275291
0.00921656661533541 -0.0616260744707325 -0.225978563561803 -0.0821534905796442
-0.0733055575865458 -0.00430449878960056 -0.262546688359871 0.0968350838046812
-0.0362615135962407 0.0609899149896412 -0.167511363851175 0.202570684497391
0.0168126786149707 0.0663403581163831 -0.0930222765017844 0.193958485176448
0.0636995079030761 0.0682911624630187 -0.0596353199643413 0.133660755832643
0.0753356925780195 0.0761819177577563 -0.0231612490103947 0.0637360562535633
0.0504613565197002 0.0943046430734548 0.0211894775836179 -0.0147065672535919
-0.0165509176707925 0.0937950308243168 0.114575351978915 -0.0320996877199473
-0.0631179561549432 0.0480588875097928 0.206690996277086 0.0950364561822329
-0.0594070031887538 -0.0312794851996811 0.102296310278977 0.336464398825668
0.0299355176796136 -0.0300950267804117 -0.177935975164426 0.374413785968036
0.0347699629961282 0.0354151499368259 -0.384632786132185 0.188563087711148
-0.0148069594073075 0.0830697814421435 -0.221920786456608 -0.047855048150088
0.0458061245030728 0.0561753818630183 0.153683192952139 -0.106518353306565
0.0768330290481502 -0.0170997431757137 0.0193040431394757 -0.248590655347591
0.0219995804621168 -0.0699191518915995 -0.211686922499841 -0.176378261910763
-0.0671883952659227 -0.0205235304341 -0.316759226277802 0.0124109445470114
-0.0384233341097565 0.0516836972621712 -0.24086007596751 0.186365833989515
0.0163521049789599 0.0557514225855454 -0.127711418153764 0.2169887321467
0.0663791911651222 0.0503679118933636 -0.0523639902427815 0.157306526207636
0.0913543992187711 0.050277534822003 0.00543453739062183 0.0832239435061004
0.0835950908919353 0.0671926867780364 0.0547094752739958 0.0110644501024529
0.0338928122473214 0.0890638282616011 0.131679581461092 -0.0159838535457143
-0.0251512647859759 0.0822762459398476 0.219689284319692 0.0737607027112637
-0.0717900820865261 0.0168483999335708 0.16424343090334 0.293934328456235
-0.00803479553575009 -0.0370846862961622 -0.0824483384776981 0.361395888094817
0.0422775840171662 -0.00426528938186299 -0.316227439896341 0.211168183690133
0.0243915586584607 0.0565068324644838 -0.200303885335254 -0.0625157306513963
0.0405544826764209 0.0197204749104303 0.185571745937997 -0.110843293273517
0.0556553188116597 -0.0216950936534627 0.118735956337206 -0.272881779448054
0.0188152385575837 -0.0562913732799934 -0.144693270300741 -0.303454883595502
-0.0474497733342274 -0.0130326931213067 -0.349368633422011 -0.126486814129359
-0.0180605076773649 0.0465161713745305 -0.325983938651798 0.130196865604293
0.0304841019931888 0.0384052887398763 -0.17647431384455 0.225767572051374
0.0671113886318792 0.0246138335788661 -0.0500482095301678 0.173301006531823
0.0923488589180446 0.0155252024555907 0.0335742925802776 0.0924011517197333
0.0943917220076814 0.0287914460817857 0.0930038713407827 0.0199682340969808
0.0628659932673925 0.060194802430166 0.162803588229968 -0.0178470286919424
0.0110777824586524 0.0794580710607596 0.246007898011529 0.0367634644632527
-0.0581181380646638 0.0408212663246609 0.230029141777576 0.232608203744427
-0.0287080981725704 -0.0356863143705792 0.0117265875233552 0.326620256545808
0.0388757310395651 -0.0393357666129248 -0.24232898759478 0.224600214336698
0.0511234948887002 0.0147215004108037 -0.18898063574205 -0.0683755748929873
-0.0465276499992019 0.0159919428509064 0.169849258081528 0.0814492000618982
-0.042957916876644 0.0533240030601563 0.200704466683208 -0.180366154336882
0.0230450362875231 0.0409738404219886 -0.0700636737597231 -0.29062237256856
0.0276853100174447 -0.020219909553527 -0.26520883285903 -0.158584262421157
-0.0239621180556772 -0.0373365350689315 -0.269490713423311 0.0235269221476574
-0.0627881534176858 -0.0128927428777655 -0.175666784811359 0.0640330271212554
-0.0779115318969063 0.0172956591882253 -0.109894663353994 0.00274641526622801
-0.0823335679248225 0.0208778870752736 -0.0395077893521506 -0.0632092665003439
-0.0756614405583438 0.00878570870881673 0.0479931659957739 -0.153092226493595
-0.0544225623636103 -0.0311389564011368 0.200969802665931 -0.168165550963152
5.6615671047853E-05 -0.0442419888787351 0.349738379701535 -0.0452764516232359
0.0335831061081757 0.00176148247523608 0.327122074765051 0.246261957000653
-0.00704033641695448 0.0536897788811754 0.0611510352486332 0.401175333058203
-0.061310691088984 0.0240388739003129 -0.204520154671678 0.313045246264991
-0.0482438328573443 0.00591787170835869 -0.243088900362373 0.124771524843932
-0.032048013888677 0.0563064785373657 0.169594057574033 0.0561829100272706
-0.0179684292205376 0.0564830787534254 0.125632838440671 -0.181710072038092
0.0170838697041279 0.0359108741558169 -0.127925445116609 -0.201868285117931
0.009208461799641 0.00388116110957611 -0.259472399412177 -0.0579020727237807
-0.0164606247541496 0.000648613352179818 -0.23572393067633 0.0782322751047541
-0.033776593103293 0.0206058042521472 -0.163563114361708 0.0901248737946187
-0.0416690076959112 0.0465503510383597 -0.12071525065665 0.0231603330828451
-0.0580237056315832 0.0533044716028981 -0.0585281410467082 -0.0484169797491175
-0.0739799682714936 0.0425850943875738 0.036087804613309 -0.144004529881929
-0.0846750389217421 -0.0130216736672746 0.208173684781828 -0.143100499885987
-0.0359549233074808 -0.0607905409042144 0.354798091565229 0.0325807966318388
0.026425617660978 -0.0502189661676683 0.255428938548119 0.3576041211993
0.0352157095080598 0.0289710040178416 -0.0782373901146438 0.461729911658929
-0.0328951009910549 0.0470077960893067 -0.335733098363707 0.284536787741615
-0.0572362750354735 0.0436646918597672 -0.279808489510859 0.0856702688841852
-0.00539752935717806 0.0827063042608116 0.160549000807239 0.0206199611778463
0.00864116444445483 0.0407993812931475 0.054557359705111 -0.177593289828304
0.00609198752556175 0.0203626086381952 -0.162435046033356 -0.115124960598606
-0.0111964953463265 0.0242575281026883 -0.231680841735906 0.0306855029850676
-0.00514855704711169 0.0324034326301075 -0.182790573086588 0.123733672592695
-0.00142297127638449 0.0441427198257975 -0.132969944632508 0.114190114253936
-0.000483887081068442 0.0651236523199859 -0.113444997433768 0.0497602694930491
-0.0245099522093075 0.0776044075536195 -0.0667012799383319 -0.0242835008046531
-0.06211091615836 0.072507525570723 0.0190511455369484 -0.12146764247931
-0.102297044109806 0.00821408345882448 0.186814311396015 -0.114015447703281
-0.0621778732872213 -0.0692735690846445 0.316411685119299 0.0835462323950903
0.0258753112572608 -0.0887446143744629 0.162795035405961 0.403261661346757
0.0728963642412487 0.016262156438266 -0.190922729387713 0.451909693429287
-0.0120261806226191 0.069351692625375 -0.418028855428494 0.23023421480955
-0.0676869655977873 0.07104276092662 -0.290829381575599 0.0433812643135724
0.0220924315254926 0.0942679130855048 0.148854439045881 -0.018634792487499
0.0351464716817443 0.0161371037120395 -0.00214294680120307 -0.178153108234289
-0.00200670875617687 -0.00499572320438542 -0.187808648844319 -0.0565262101686374
-0.0356573699664853 0.0294679171586812 -0.210922643666449 0.0930578441788204
-0.00575823383875267 0.0531371576893847 -0.141674261683418 0.160008189042283
0.01817953180451 0.0589782002689787 -0.101184373763773 0.138968828487026
0.0338350075712744 0.0742373297272044 -0.0952618126831612 0.077551787384941
0.0120071952664574 0.0902289829599001 -0.0628300166547312 0.00540903514352301
-0.0345510034640944 0.0943358040394644 0.00506383713724001 -0.0897868755909443
-0.0974822641452527 0.0373099927856652 0.153758525766186 -0.0867544836124626
-0.0776028842314974 -0.0523933684555329 0.266032315183941 0.105503511107823
0.0126548713817511 -0.0987746403841785 0.0942650692840262 0.398671058951723
0.0854873051512779 0.00535068432382955 -0.24906237129902 0.416157919258194
0.00150120309083081 0.0776515329278838 -0.447859551951187 0.186053101684536
-0.0685585972695424 0.0870941717681397 -0.279134283064779 0.00414669102724132
0.0412638742970587 0.0928476451794297 0.137509043704563 -0.0563023913135367
0.0598521091342369 -0.00436159616199563 -0.0346882005136297 -0.188943262024647
-0.00167096065950979 -0.0365076845487101 -0.210172632120171 -0.0416558388010951
-0.059856237338955 0.0179838117116122 -0.219569231293617 0.118485237463375
-0.0197577583635205 0.0626317555369368 -0.130088118147787 0.188346790015938
0.0220831192457204 0.0667047358236237 -0.0828985972331144 0.165368745312829
0.0540728114700106 0.075056349977321 -0.0741968157742821 0.105926472147972
0.0471531215957408 0.0890152248372302 -0.0472185631334535 0.0361063907175802
0.00636513677659092 0.102591061162615 0.00256879525517648 -0.0519631800045266
-0.0658601130014731 0.0708242188528821 0.122224969280525 -0.0581875542615231
-0.0803532715959073 -0.0069612387691867 0.22133226806191 0.103419520386767
-0.0230800151999549 -0.0761374550550156 0.0748652408651863 0.365745726815141
0.0671541130063004 -0.0117216733896517 -0.23757315165872 0.384203864134383
0.0190003541322352 0.0654927652518195 -0.426458447607607 0.17247008707827
-0.0500945254622448 0.0913278273981988 -0.250123769199398 -0.0244542479973663
0.0489065434946998 0.0791482277017045 0.134906728863111 -0.0870019957327018
0.0757783525366651 -0.0160884850086584 -0.0324538031264627 -0.213178179997021
0.00842875107272267 -0.0611982710737391 -0.222938223777679 -0.0783069233707512
-0.0722065774169574 -0.00368178462241899 -0.257052320051071 0.0977092776116133
-0.0350919464037017 0.0603673052425623 -0.163076723025806 0.2012751935873
0.0174714370430685 0.0651758641270586 -0.0890800160011614 0.192637532157888
0.063266440445048 0.0660422794996992 -0.0573894100459211 0.132489858916165
0.0749934102705375 0.0739572640840368 -0.0223621370158827 0.0629200030256046
0.0503828712458642 0.0920473225146143 0.0199030829446856 -0.0154305271418116
-0.0154600106287904 0.0923819937274395 0.112094856617176 -0.0330709190038358
-0.0616634360742219 0.0477335834958493 0.204700464689607 0.0916025452462964
-0.0590764022905528 -0.0300589180807315 0.104834347797326 0.329714839827088
0.0290689811126023 -0.0297691294388661 -0.170846015277902 0.369560005205463
0.0341756180061088 0.034257025037953 -0.375392712506959 0.188981560656606
-0.0144036254092133 0.0818042492801046 -0.219686951550583 -0.0448026815904685
0.045825846773795 0.0540000949355096 0.150228828430742 -0.1067226667575
0.0756093961091227 -0.018041042506261 0.0169482152499753 -0.245065290574325
0.0213605301926415 -0.0692552055369611 -0.209970607990718 -0.170920962499355
-0.0664945973560781 -0.0197631355192265 -0.31173216682026 0.016065123686837
-0.0370779195833903 0.0511261207840945 -0.234753467530834 0.186104209452318
0.0167157810146694 0.0541430930028862 -0.123124328560236 0.215692820497284
0.065308176993452 0.0484823666038061 -0.050033749436032 0.155840898189151
0.0901712089763674 0.0482009303200213 0.00596301869275401 0.0818803747636131
0.0834309315946368 0.0649701092122219 0.0535596629018208 0.010215345869462
0.0342732679506681 0.0872676058916195 0.12974175400238 -0.0176483784260447
-0.0236619653769337 0.0814488759733443 0.216838370656827 0.0696324447719588
-0.0704079908182952 0.0178368068681029 0.165705157281075 0.2864446212965
-0.00808369897599751 -0.0367281251508508 -0.0777405450680106 0.356607717743823
0.0416789251225621 -0.00464980255608117 -0.309012794853737 0.212497938441773
0.0243660110893305 0.0551524064365831 -0.198470451490785 -0.0591066472334509
0.0400518255451156 0.0192133305443713 0.182167706553156 -0.111048291405864
0.0541859890619921 -0.0222054716493044 0.114346315622945 -0.270445288470578
0.0179915594289046 -0.0561717171563162 -0.145161851835214 -0.29727262867622
-0.0466583978137552 -0.012243184272138 -0.344444087252057 -0.120605666409605
-0.0168004840345321 0.0455989874048102 -0.320291988623068 0.13197643444856
0.0302552675647731 0.0377698427888874 -0.170798977707554 0.223569147338842
0.0661373802559363 0.0226198737249119 -0.0479198933602526 0.17047647242636
0.0914143820252726 0.0144678181632429 0.0336333230907671 0.0910970030694464
0.0929570094681931 0.0269714189294536 0.0913128530233 0.0183049005761103
0.0634233668093556 0.0584836526294981 0.159416110878558 -0.019948892968463
0.012160510489511 0.0778398555714588 0.241948766641612 0.0327522225715062
-0.0566419765636251 0.0415993134215587 0.229298050943199 0.225187896599042
-0.0284377054863293 -0.0352203940165124 0.0158092513915889 0.321685905450427
0.0376339258257362 -0.0394219333942661 -0.235654362591623 0.224428452769111
0.0506056687457186 0.0140285012942832 -0.187705663652522 -0.0645736667224558
